core   0: 0x00001000 (0x00000297) auipc   t0, 0x0
core   0: 3 0x00001000 (0x00000297) x5  0x00001000
core   0: 0x00001004 (0x02028593) addi    a1, t0, 32
core   0: 3 0x00001004 (0x02028593) x11 0x00001020
core   0: 0x00001008 (0xf1402573) csrr    a0, mhartid
core   0: 3 0x00001008 (0xf1402573) x10 0x00000000
core   0: 0x0000100c (0x0182a283) lw      t0, 24(t0)
core   0: 3 0x0000100c (0x0182a283) x5  0x80000000 mem 0x00001018
core   0: 0x00001010 (0x00028067) jr      t0
core   0: 3 0x00001010 (0x00028067)
core   0: 0x80000000 (0x7d5c0837) lui     a6, 0x7d5c0
core   0: 3 0x80000000 (0x7d5c0837) x16 0x7d5c0000
core   0: 0x80000004 (0xddb80813) addi    a6, a6, -549
core   0: 3 0x80000004 (0xddb80813) x16 0x7d5bfddb
core   0: 0x80000008 (0x00785893) srli    a7, a6, 7
core   0: 3 0x80000008 (0x00785893) x17 0x00fab7fb
core   0: 0x8000000c (0x01985793) srli    a5, a6, 25
core   0: 3 0x8000000c (0x01985793) x15 0x0000003e
core   0: 0x80000010 (0x00f8e8b3) or      a7, a7, a5
core   0: 3 0x80000010 (0x00f8e8b3) x17 0x00fab7ff
core   0: 0x80000014 (0x0078d913) srli    s2, a7, 7
core   0: 3 0x80000014 (0x0078d913) x18 0x0001f56f
core   0: 0x80000018 (0x0198d793) srli    a5, a7, 25
core   0: 3 0x80000018 (0x0198d793) x15 0x00000000
core   0: 0x8000001c (0x00f96933) or      s2, s2, a5
core   0: 3 0x8000001c (0x00f96933) x18 0x0001f56f
core   0: 0x80000020 (0x00795993) srli    s3, s2, 7
core   0: 3 0x80000020 (0x00795993) x19 0x000003ea
core   0: 0x80000024 (0x01995793) srli    a5, s2, 25
core   0: 3 0x80000024 (0x01995793) x15 0x00000000
core   0: 0x80000028 (0x00f9e9b3) or      s3, s3, a5
core   0: 3 0x80000028 (0x00f9e9b3) x19 0x000003ea
core   0: 0x8000002c (0x0079da13) srli    s4, s3, 7
core   0: 3 0x8000002c (0x0079da13) x20 0x00000007
core   0: 0x80000030 (0x0199d793) srli    a5, s3, 25
core   0: 3 0x80000030 (0x0199d793) x15 0x00000000
core   0: 0x80000034 (0x00fa6a33) or      s4, s4, a5
core   0: 3 0x80000034 (0x00fa6a33) x20 0x00000007
core   0: 0x80000038 (0x007a5a93) srli    s5, s4, 7
core   0: 3 0x80000038 (0x007a5a93) x21 0x00000000
core   0: 0x8000003c (0x019a5793) srli    a5, s4, 25
core   0: 3 0x8000003c (0x019a5793) x15 0x00000000
core   0: 0x80000040 (0x00faeab3) or      s5, s5, a5
core   0: 3 0x80000040 (0x00faeab3) x21 0x00000000
core   0: 0x80000044 (0x007adb13) srli    s6, s5, 7
core   0: 3 0x80000044 (0x007adb13) x22 0x00000000
core   0: 0x80000048 (0x019ad793) srli    a5, s5, 25
core   0: 3 0x80000048 (0x019ad793) x15 0x00000000
core   0: 0x8000004c (0x00fb6b33) or      s6, s6, a5
core   0: 3 0x8000004c (0x00fb6b33) x22 0x00000000
core   0: 0x80000050 (0x007b5b93) srli    s7, s6, 7
core   0: 3 0x80000050 (0x007b5b93) x23 0x00000000
core   0: 0x80000054 (0x019b5793) srli    a5, s6, 25
core   0: 3 0x80000054 (0x019b5793) x15 0x00000000
core   0: 0x80000058 (0x00fbebb3) or      s7, s7, a5
core   0: 3 0x80000058 (0x00fbebb3) x23 0x00000000
core   0: 0x8000005c (0x007bdc13) srli    s8, s7, 7
core   0: 3 0x8000005c (0x007bdc13) x24 0x00000000
core   0: 0x80000060 (0x019bd793) srli    a5, s7, 25
core   0: 3 0x80000060 (0x019bd793) x15 0x00000000
core   0: 0x80000064 (0x00fc6c33) or      s8, s8, a5
core   0: 3 0x80000064 (0x00fc6c33) x24 0x00000000
core   0: 0x80000068 (0x007c5c93) srli    s9, s8, 7
core   0: 3 0x80000068 (0x007c5c93) x25 0x00000000
core   0: 0x8000006c (0x019c5793) srli    a5, s8, 25
core   0: 3 0x8000006c (0x019c5793) x15 0x00000000
core   0: 0x80000070 (0x00fcecb3) or      s9, s9, a5
core   0: 3 0x80000070 (0x00fcecb3) x25 0x00000000
core   0: 0x80000074 (0x007cdd13) srli    s10, s9, 7
core   0: 3 0x80000074 (0x007cdd13) x26 0x00000000
core   0: 0x80000078 (0x019cd793) srli    a5, s9, 25
core   0: 3 0x80000078 (0x019cd793) x15 0x00000000
core   0: 0x8000007c (0x00fd6d33) or      s10, s10, a5
core   0: 3 0x8000007c (0x00fd6d33) x26 0x00000000
core   0: 0x80000080 (0x007d5d93) srli    s11, s10, 7
core   0: 3 0x80000080 (0x007d5d93) x27 0x00000000
core   0: 0x80000084 (0x019d5793) srli    a5, s10, 25
core   0: 3 0x80000084 (0x019d5793) x15 0x00000000
core   0: 0x80000088 (0x00fdedb3) or      s11, s11, a5
core   0: 3 0x80000088 (0x00fdedb3) x27 0x00000000
core   0: 0x8000008c (0x007dde13) srli    t3, s11, 7
core   0: 3 0x8000008c (0x007dde13) x28 0x00000000
core   0: 0x80000090 (0x019dd793) srli    a5, s11, 25
core   0: 3 0x80000090 (0x019dd793) x15 0x00000000
core   0: 0x80000094 (0x00fe6e33) or      t3, t3, a5
core   0: 3 0x80000094 (0x00fe6e33) x28 0x00000000
core   0: 0x80000098 (0x007e5e93) srli    t4, t3, 7
core   0: 3 0x80000098 (0x007e5e93) x29 0x00000000
core   0: 0x8000009c (0x019e5793) srli    a5, t3, 25
core   0: 3 0x8000009c (0x019e5793) x15 0x00000000
core   0: 0x800000a0 (0x00feeeb3) or      t4, t4, a5
core   0: 3 0x800000a0 (0x00feeeb3) x29 0x00000000
core   0: 0x800000a4 (0x007edf13) srli    t5, t4, 7
core   0: 3 0x800000a4 (0x007edf13) x30 0x00000000
core   0: 0x800000a8 (0x019ed793) srli    a5, t4, 25
core   0: 3 0x800000a8 (0x019ed793) x15 0x00000000
core   0: 0x800000ac (0x00ff6f33) or      t5, t5, a5
core   0: 3 0x800000ac (0x00ff6f33) x30 0x00000000
core   0: 0x800000b0 (0xfeedc0b7) lui     ra, 0xfeedc
core   0: 3 0x800000b0 (0xfeedc0b7) x1  0xfeedc000
core   0: 0x800000b4 (0xead08093) addi    ra, ra, -339
core   0: 3 0x800000b4 (0xead08093) x1  0xfeedbead
core   0: 0x800000b8 (0x0070d113) srli    sp, ra, 7
core   0: 3 0x800000b8 (0x0070d113) x2  0x01fddb7d
core   0: 0x800000bc (0x0190d793) srli    a5, ra, 25
core   0: 3 0x800000bc (0x0190d793) x15 0x0000007f
core   0: 0x800000c0 (0x00f16133) or      sp, sp, a5
core   0: 3 0x800000c0 (0x00f16133) x2  0x01fddb7f
core   0: 0x800000c4 (0x00715193) srli    gp, sp, 7
core   0: 3 0x800000c4 (0x00715193) x3  0x0003fbb6
core   0: 0x800000c8 (0x01915793) srli    a5, sp, 25
core   0: 3 0x800000c8 (0x01915793) x15 0x00000000
core   0: 0x800000cc (0x00f1e1b3) or      gp, gp, a5
core   0: 3 0x800000cc (0x00f1e1b3) x3  0x0003fbb6
core   0: 0x800000d0 (0x0071d213) srli    tp, gp, 7
core   0: 3 0x800000d0 (0x0071d213) x4  0x000007f7
core   0: 0x800000d4 (0x0191d793) srli    a5, gp, 25
core   0: 3 0x800000d4 (0x0191d793) x15 0x00000000
core   0: 0x800000d8 (0x00f26233) or      tp, tp, a5
core   0: 3 0x800000d8 (0x00f26233) x4  0x000007f7
core   0: 0x800000dc (0x00725293) srli    t0, tp, 7
core   0: 3 0x800000dc (0x00725293) x5  0x0000000f
core   0: 0x800000e0 (0x01925793) srli    a5, tp, 25
core   0: 3 0x800000e0 (0x01925793) x15 0x00000000
core   0: 0x800000e4 (0x00f2e2b3) or      t0, t0, a5
core   0: 3 0x800000e4 (0x00f2e2b3) x5  0x0000000f
core   0: 0x800000e8 (0x0072d313) srli    t1, t0, 7
core   0: 3 0x800000e8 (0x0072d313) x6  0x00000000
core   0: 0x800000ec (0x0192d793) srli    a5, t0, 25
core   0: 3 0x800000ec (0x0192d793) x15 0x00000000
core   0: 0x800000f0 (0x00f36333) or      t1, t1, a5
core   0: 3 0x800000f0 (0x00f36333) x6  0x00000000
core   0: 0x800000f4 (0x00735393) srli    t2, t1, 7
core   0: 3 0x800000f4 (0x00735393) x7  0x00000000
core   0: 0x800000f8 (0x01935793) srli    a5, t1, 25
core   0: 3 0x800000f8 (0x01935793) x15 0x00000000
core   0: 0x800000fc (0x00f3e3b3) or      t2, t2, a5
core   0: 3 0x800000fc (0x00f3e3b3) x7  0x00000000
core   0: 0x80000100 (0x0073d413) srli    s0, t2, 7
core   0: 3 0x80000100 (0x0073d413) x8  0x00000000
core   0: 0x80000104 (0x0193d793) srli    a5, t2, 25
core   0: 3 0x80000104 (0x0193d793) x15 0x00000000
core   0: 0x80000108 (0x00f46433) or      s0, s0, a5
core   0: 3 0x80000108 (0x00f46433) x8  0x00000000
core   0: 0x8000010c (0x00745493) srli    s1, s0, 7
core   0: 3 0x8000010c (0x00745493) x9  0x00000000
core   0: 0x80000110 (0x01945793) srli    a5, s0, 25
core   0: 3 0x80000110 (0x01945793) x15 0x00000000
core   0: 0x80000114 (0x00f4e4b3) or      s1, s1, a5
core   0: 3 0x80000114 (0x00f4e4b3) x9  0x00000000
core   0: 0x80000118 (0x0074d513) srli    a0, s1, 7
core   0: 3 0x80000118 (0x0074d513) x10 0x00000000
core   0: 0x8000011c (0x0194d793) srli    a5, s1, 25
core   0: 3 0x8000011c (0x0194d793) x15 0x00000000
core   0: 0x80000120 (0x00f56533) or      a0, a0, a5
core   0: 3 0x80000120 (0x00f56533) x10 0x00000000
core   0: 0x80000124 (0x00755593) srli    a1, a0, 7
core   0: 3 0x80000124 (0x00755593) x11 0x00000000
core   0: 0x80000128 (0x01955793) srli    a5, a0, 25
core   0: 3 0x80000128 (0x01955793) x15 0x00000000
core   0: 0x8000012c (0x00f5e5b3) or      a1, a1, a5
core   0: 3 0x8000012c (0x00f5e5b3) x11 0x00000000
core   0: 0x80000130 (0x0075d613) srli    a2, a1, 7
core   0: 3 0x80000130 (0x0075d613) x12 0x00000000
core   0: 0x80000134 (0x0195d793) srli    a5, a1, 25
core   0: 3 0x80000134 (0x0195d793) x15 0x00000000
core   0: 0x80000138 (0x00f66633) or      a2, a2, a5
core   0: 3 0x80000138 (0x00f66633) x12 0x00000000
core   0: 0x8000013c (0x00765693) srli    a3, a2, 7
core   0: 3 0x8000013c (0x00765693) x13 0x00000000
core   0: 0x80000140 (0x01965793) srli    a5, a2, 25
core   0: 3 0x80000140 (0x01965793) x15 0x00000000
core   0: 0x80000144 (0x00f6e6b3) or      a3, a3, a5
core   0: 3 0x80000144 (0x00f6e6b3) x13 0x00000000
core   0: 0x80000148 (0x00000013) nop
core   0: 3 0x80000148 (0x00000013)
core   0: 0x8000014c (0x00000013) nop
core   0: 3 0x8000014c (0x00000013)
core   0: 0x80000150 (0x00000013) nop
core   0: 3 0x80000150 (0x00000013)
core   0: 0x80000154 (0x00000013) nop
core   0: 3 0x80000154 (0x00000013)
core   0: 0x80000158 (0x00000013) nop
core   0: 3 0x80000158 (0x00000013)
core   0: 0x8000015c (0x00000013) nop
core   0: 3 0x8000015c (0x00000013)
core   0: 0x80000160 (0x00006197) auipc   gp, 0x6
core   0: 3 0x80000160 (0x00006197) x3  0x80006160
core   0: 0x80000164 (0xfa818193) addi    gp, gp, -88
core   0: 3 0x80000164 (0xfa818193) x3  0x80006108
core   0: 0x80000168 (0x00000013) nop
core   0: 3 0x80000168 (0x00000013)
core   0: 0x8000016c (0x00000013) nop
core   0: 3 0x8000016c (0x00000013)
core   0: 0x80000170 (0x00000013) nop
core   0: 3 0x80000170 (0x00000013)
core   0: 0x80000174 (0x00000013) nop
core   0: 3 0x80000174 (0x00000013)
core   0: 0x80000178 (0x00000013) nop
core   0: 3 0x80000178 (0x00000013)
core   0: 0x8000017c (0x00000013) nop
core   0: 3 0x8000017c (0x00000013)
core   0: 0x80000180 (0x80000237) lui     tp, 0x80000
core   0: 3 0x80000180 (0x80000237) x4  0x80000000
core   0: 0x80000184 (0xfff20213) addi    tp, tp, -1
core   0: 3 0x80000184 (0xfff20213) x4  0x7fffffff
core   0: 0x80000188 (0x00100c13) li      s8, 1
core   0: 3 0x80000188 (0x00100c13) x24 0x00000001
core   0: 0x8000018c (0x01820c33) add     s8, tp, s8
core   0: 3 0x8000018c (0x01820c33) x24 0x80000000
core   0: 0x80000190 (0x0181a023) sw      s8, 0(gp)
core   0: 3 0x80000190 (0x0181a023) mem 0x80006108 0x80000000
core   0: 0x80000194 (0x00020537) lui     a0, 0x20
core   0: 3 0x80000194 (0x00020537) x10 0x00020000
core   0: 0x80000198 (0x00020537) lui     a0, 0x20
core   0: 3 0x80000198 (0x00020537) x10 0x00020000
core   0: 0x8000019c (0x00a50e33) add     t3, a0, a0
core   0: 3 0x8000019c (0x00a50e33) x28 0x00040000
core   0: 0x800001a0 (0x01c1a223) sw      t3, 4(gp)
core   0: 3 0x800001a0 (0x01c1a223) mem 0x8000610c 0x00040000
core   0: 0x800001a4 (0xff000ab7) lui     s5, 0xff000
core   0: 3 0x800001a4 (0xff000ab7) x21 0xff000000
core   0: 0x800001a8 (0xfffa8a93) addi    s5, s5, -1
core   0: 3 0x800001a8 (0xfffa8a93) x21 0xfeffffff
core   0: 0x800001ac (0xff000ab7) lui     s5, 0xff000
core   0: 3 0x800001ac (0xff000ab7) x21 0xff000000
core   0: 0x800001b0 (0xfffa8a93) addi    s5, s5, -1
core   0: 3 0x800001b0 (0xfffa8a93) x21 0xfeffffff
core   0: 0x800001b4 (0x015a8ab3) add     s5, s5, s5
core   0: 3 0x800001b4 (0x015a8ab3) x21 0xfdfffffe
core   0: 0x800001b8 (0x0151a423) sw      s5, 8(gp)
core   0: 3 0x800001b8 (0x0151a423) mem 0x80006110 0xfdfffffe
core   0: 0x800001bc (0xffe00b13) li      s6, -2
core   0: 3 0x800001bc (0xffe00b13) x22 0xfffffffe
core   0: 0x800001c0 (0x00040fb7) lui     t6, 0x40
core   0: 3 0x800001c0 (0x00040fb7) x31 0x00040000
core   0: 0x800001c4 (0x01fb0b33) add     s6, s6, t6
core   0: 3 0x800001c4 (0x01fb0b33) x22 0x0003fffe
core   0: 0x800001c8 (0x0161a623) sw      s6, 12(gp)
core   0: 3 0x800001c8 (0x0161a623) mem 0x80006114 0x0003fffe
core   0: 0x800001cc (0x55555637) lui     a2, 0x55555
core   0: 3 0x800001cc (0x55555637) x12 0x55555000
core   0: 0x800001d0 (0x55660613) addi    a2, a2, 1366
core   0: 3 0x800001d0 (0x55660613) x12 0x55555556
core   0: 0x800001d4 (0x55555337) lui     t1, 0x55555
core   0: 3 0x800001d4 (0x55555337) x6  0x55555000
core   0: 0x800001d8 (0x55630313) addi    t1, t1, 1366
core   0: 3 0x800001d8 (0x55630313) x6  0x55555556
core   0: 0x800001dc (0x006605b3) add     a1, a2, t1
core   0: 3 0x800001dc (0x006605b3) x11 0xaaaaaaac
core   0: 0x800001e0 (0x00b1a823) sw      a1, 16(gp)
core   0: 3 0x800001e0 (0x00b1a823) mem 0x80006118 0xaaaaaaac
core   0: 0x800001e4 (0x00200e93) li      t4, 2
core   0: 3 0x800001e4 (0x00200e93) x29 0x00000002
core   0: 0x800001e8 (0x800006b7) lui     a3, 0x80000
core   0: 3 0x800001e8 (0x800006b7) x13 0x80000000
core   0: 0x800001ec (0x00de8533) add     a0, t4, a3
core   0: 3 0x800001ec (0x00de8533) x10 0x80000002
core   0: 0x800001f0 (0x00a1aa23) sw      a0, 20(gp)
core   0: 3 0x800001f0 (0x00a1aa23) mem 0x8000611c 0x80000002
core   0: 0x800001f4 (0xfef00f93) li      t6, -17
core   0: 3 0x800001f4 (0xfef00f93) x31 0xffffffef
core   0: 0x800001f8 (0x00000293) li      t0, 0
core   0: 3 0x800001f8 (0x00000293) x5  0x00000000
core   0: 0x800001fc (0x005f8d33) add     s10, t6, t0
core   0: 3 0x800001fc (0x005f8d33) x26 0xffffffef
core   0: 0x80000200 (0x01a1ac23) sw      s10, 24(gp)
core   0: 3 0x80000200 (0x01a1ac23) mem 0x80006120 0xffffffef
core   0: 0x80000204 (0x66666137) lui     sp, 0x66666
core   0: 3 0x80000204 (0x66666137) x2  0x66666000
core   0: 0x80000208 (0x66610113) addi    sp, sp, 1638
core   0: 3 0x80000208 (0x66610113) x2  0x66666666
core   0: 0x8000020c (0x800000b7) lui     ra, 0x80000
core   0: 3 0x8000020c (0x800000b7) x1  0x80000000
core   0: 0x80000210 (0xfff08093) addi    ra, ra, -1
core   0: 3 0x80000210 (0xfff08093) x1  0x7fffffff
core   0: 0x80000214 (0x001103b3) add     t2, sp, ra
core   0: 3 0x80000214 (0x001103b3) x7  0xe6666665
core   0: 0x80000218 (0x0071ae23) sw      t2, 28(gp)
core   0: 3 0x80000218 (0x0071ae23) mem 0x80006124 0xe6666665
core   0: 0x8000021c (0x80000437) lui     s0, 0x80000
core   0: 3 0x8000021c (0x80000437) x8  0x80000000
core   0: 0x80000220 (0xaaaabcb7) lui     s9, 0xaaaab
core   0: 3 0x80000220 (0xaaaabcb7) x25 0xaaaab000
core   0: 0x80000224 (0xaaac8c93) addi    s9, s9, -1366
core   0: 3 0x80000224 (0xaaac8c93) x25 0xaaaaaaaa
core   0: 0x80000228 (0x01940733) add     a4, s0, s9
core   0: 3 0x80000228 (0x01940733) x14 0x2aaaaaaa
core   0: 0x8000022c (0x02e1a023) sw      a4, 32(gp)
core   0: 3 0x8000022c (0x02e1a023) mem 0x80006128 0x2aaaaaaa
core   0: 0x80000230 (0x00000693) li      a3, 0
core   0: 3 0x80000230 (0x00000693) x13 0x00000000
core   0: 0x80000234 (0xfe000437) lui     s0, 0xfe000
core   0: 3 0x80000234 (0xfe000437) x8  0xfe000000
core   0: 0x80000238 (0xfff40413) addi    s0, s0, -1
core   0: 3 0x80000238 (0xfff40413) x8  0xfdffffff
core   0: 0x8000023c (0x008680b3) add     ra, a3, s0
core   0: 3 0x8000023c (0x008680b3) x1  0xfdffffff
core   0: 0x80000240 (0x0211a223) sw      ra, 36(gp)
core   0: 3 0x80000240 (0x0211a223) mem 0x8000612c 0xfdffffff
core   0: 0x80000244 (0x00100e13) li      t3, 1
core   0: 3 0x80000244 (0x00100e13) x28 0x00000001
core   0: 0x80000248 (0x008004b7) lui     s1, 0x800
core   0: 3 0x80000248 (0x008004b7) x9  0x00800000
core   0: 0x8000024c (0x009e0033) add     zero, t3, s1
core   0: 3 0x8000024c (0x009e0033)
core   0: 0x80000250 (0x0201a423) sw      zero, 40(gp)
core   0: 3 0x80000250 (0x0201a423) mem 0x80006130 0x00000000
core   0: 0x80000254 (0x00700713) li      a4, 7
core   0: 3 0x80000254 (0x00700713) x14 0x00000007
core   0: 0x80000258 (0x00200213) li      tp, 2
core   0: 3 0x80000258 (0x00200213) x4  0x00000002
core   0: 0x8000025c (0x00470a33) add     s4, a4, tp
core   0: 3 0x8000025c (0x00470a33) x20 0x00000009
core   0: 0x80000260 (0x0341a623) sw      s4, 44(gp)
core   0: 3 0x80000260 (0x0341a623) mem 0x80006134 0x00000009
core   0: 0x80000264 (0x00800393) li      t2, 8
core   0: 3 0x80000264 (0x00800393) x7  0x00000008
core   0: 0x80000268 (0x00400993) li      s3, 4
core   0: 3 0x80000268 (0x00400993) x19 0x00000004
core   0: 0x8000026c (0x01338833) add     a6, t2, s3
core   0: 3 0x8000026c (0x01338833) x16 0x0000000c
core   0: 0x80000270 (0x0301a823) sw      a6, 48(gp)
core   0: 3 0x80000270 (0x0301a823) mem 0x80006138 0x0000000c
core   0: 0x80000274 (0x00001bb7) lui     s7, 0x1
core   0: 3 0x80000274 (0x00001bb7) x23 0x00001000
core   0: 0x80000278 (0x800b8b93) addi    s7, s7, -2048
core   0: 3 0x80000278 (0x800b8b93) x23 0x00000800
core   0: 0x8000027c (0x00800e93) li      t4, 8
core   0: 3 0x8000027c (0x00800e93) x29 0x00000008
core   0: 0x80000280 (0x01db8433) add     s0, s7, t4
core   0: 3 0x80000280 (0x01db8433) x8  0x00000808
core   0: 0x80000284 (0x0281aa23) sw      s0, 52(gp)
core   0: 3 0x80000284 (0x0281aa23) mem 0x8000613c 0x00000808
core   0: 0x80000288 (0x00000293) li      t0, 0
core   0: 3 0x80000288 (0x00000293) x5  0x00000000
core   0: 0x8000028c (0x01000d93) li      s11, 16
core   0: 3 0x8000028c (0x01000d93) x27 0x00000010
core   0: 0x80000290 (0x01b286b3) add     a3, t0, s11
core   0: 3 0x80000290 (0x01b286b3) x13 0x00000010
core   0: 0x80000294 (0x02d1ac23) sw      a3, 56(gp)
core   0: 3 0x80000294 (0x02d1ac23) mem 0x80006140 0x00000010
core   0: 0x80000298 (0x55555cb7) lui     s9, 0x55555
core   0: 3 0x80000298 (0x55555cb7) x25 0x55555000
core   0: 0x8000029c (0x556c8c93) addi    s9, s9, 1366
core   0: 3 0x8000029c (0x556c8c93) x25 0x55555556
core   0: 0x800002a0 (0x02000a13) li      s4, 32
core   0: 3 0x800002a0 (0x02000a13) x20 0x00000020
core   0: 0x800002a4 (0x014c8db3) add     s11, s9, s4
core   0: 3 0x800002a4 (0x014c8db3) x27 0x55555576
core   0: 0x800002a8 (0x03b1ae23) sw      s11, 60(gp)
core   0: 3 0x800002a8 (0x03b1ae23) mem 0x80006144 0x55555576
core   0: 0x800002ac (0xfef00793) li      a5, -17
core   0: 3 0x800002ac (0xfef00793) x15 0xffffffef
core   0: 0x800002b0 (0x04000d13) li      s10, 64
core   0: 3 0x800002b0 (0x04000d13) x26 0x00000040
core   0: 0x800002b4 (0x01a788b3) add     a7, a5, s10
core   0: 3 0x800002b4 (0x01a788b3) x17 0x0000002f
core   0: 0x800002b8 (0x0511a023) sw      a7, 64(gp)
core   0: 3 0x800002b8 (0x0511a023) mem 0x80006148 0x0000002f
core   0: 0x800002bc (0x00000013) nop
core   0: 3 0x800002bc (0x00000013)
core   0: 0x800002c0 (0x00006417) auipc   s0, 0x6
core   0: 3 0x800002c0 (0x00006417) x8  0x800062c0
core   0: 0x800002c4 (0xe8c40413) addi    s0, s0, -372
core   0: 3 0x800002c4 (0xe8c40413) x8  0x8000614c
core   0: 0x800002c8 (0x00000001) c.nop
core   0: 3 0x800002c8 (0x0001)
core   0: 0x800002ca (0x00000013) nop
core   0: 3 0x800002ca (0x00000013)
core   0: 0x800002ce (0x00000013) nop
core   0: 3 0x800002ce (0x00000013)
core   0: 0x800002d2 (0x00000013) nop
core   0: 3 0x800002d2 (0x00000013)
core   0: 0x800002d6 (0x00000013) nop
core   0: 3 0x800002d6 (0x00000013)
core   0: 0x800002da (0x00000013) nop
core   0: 3 0x800002da (0x00000013)
core   0: 0x800002de (0x00000001) c.nop
core   0: 3 0x800002de (0x0001)
core   0: 0x800002e0 (0xffb00893) li      a7, -5
core   0: 3 0x800002e0 (0xffb00893) x17 0xfffffffb
core   0: 0x800002e4 (0x08000113) li      sp, 128
core   0: 3 0x800002e4 (0x08000113) x2  0x00000080
core   0: 0x800002e8 (0x00288eb3) add     t4, a7, sp
core   0: 3 0x800002e8 (0x00288eb3) x29 0x0000007b
core   0: 0x800002ec (0x01d42023) sw      t4, 0(s0)
core   0: 3 0x800002ec (0x01d42023) mem 0x8000614c 0x0000007b
core   0: 0x800002f0 (0x02000c13) li      s8, 32
core   0: 3 0x800002f0 (0x02000c13) x24 0x00000020
core   0: 0x800002f4 (0x10000893) li      a7, 256
core   0: 3 0x800002f4 (0x10000893) x17 0x00000100
core   0: 0x800002f8 (0x011c0233) add     tp, s8, a7
core   0: 3 0x800002f8 (0x011c0233) x4  0x00000120
core   0: 0x800002fc (0x00442223) sw      tp, 4(s0)
core   0: 3 0x800002fc (0x00442223) mem 0x80006150 0x00000120
core   0: 0x80000300 (0x40000837) lui     a6, 0x40000
core   0: 3 0x80000300 (0x40000837) x16 0x40000000
core   0: 0x80000304 (0x20000593) li      a1, 512
core   0: 3 0x80000304 (0x20000593) x11 0x00000200
core   0: 0x80000308 (0x00b80133) add     sp, a6, a1
core   0: 3 0x80000308 (0x00b80133) x2  0x40000200
core   0: 0x8000030c (0x00242423) sw      sp, 8(s0)
core   0: 3 0x8000030c (0x00242423) mem 0x80006154 0x40000200
core   0: 0x80000310 (0x00000013) nop
core   0: 3 0x80000310 (0x00000013)
core   0: 0x80000314 (0x40000813) li      a6, 1024
core   0: 3 0x80000314 (0x40000813) x16 0x00000400
core   0: 0x80000318 (0x01000333) add     t1, zero, a6
core   0: 3 0x80000318 (0x01000333) x6  0x00000400
core   0: 0x8000031c (0x00642623) sw      t1, 12(s0)
core   0: 3 0x8000031c (0x00642623) mem 0x80006158 0x00000400
core   0: 0x80000320 (0xaaaab5b7) lui     a1, 0xaaaab
core   0: 3 0x80000320 (0xaaaab5b7) x11 0xaaaab000
core   0: 0x80000324 (0xaab58593) addi    a1, a1, -1365
core   0: 3 0x80000324 (0xaab58593) x11 0xaaaaaaab
core   0: 0x80000328 (0x000011b7) lui     gp, 0x1
core   0: 3 0x80000328 (0x000011b7) x3  0x00001000
core   0: 0x8000032c (0x80018193) addi    gp, gp, -2048
core   0: 3 0x8000032c (0x80018193) x3  0x00000800
core   0: 0x80000330 (0x00358fb3) add     t6, a1, gp
core   0: 3 0x80000330 (0x00358fb3) x31 0xaaaab2ab
core   0: 0x80000334 (0x01f42823) sw      t6, 16(s0)
core   0: 3 0x80000334 (0x01f42823) mem 0x8000615c 0xaaaab2ab
core   0: 0x80000338 (0x00400913) li      s2, 4
core   0: 3 0x80000338 (0x00400913) x18 0x00000004
core   0: 0x8000033c (0x00000013) nop
core   0: 3 0x8000033c (0x00000013)
core   0: 0x80000340 (0x00090633) add     a2, s2, zero
core   0: 3 0x80000340 (0x00090633) x12 0x00000004
core   0: 0x80000344 (0x00c42a23) sw      a2, 20(s0)
core   0: 3 0x80000344 (0x00c42a23) mem 0x80006160 0x00000004
core   0: 0x80000348 (0xfe000f37) lui     t5, 0xfe000
core   0: 3 0x80000348 (0xfe000f37) x30 0xfe000000
core   0: 0x8000034c (0xffff0f13) addi    t5, t5, -1
core   0: 3 0x8000034c (0xffff0f13) x30 0xfdffffff
core   0: 0x80000350 (0x000023b7) lui     t2, 0x2
core   0: 3 0x80000350 (0x000023b7) x7  0x00002000
core   0: 0x80000354 (0x007f04b3) add     s1, t5, t2
core   0: 3 0x80000354 (0x007f04b3) x9  0xfe001fff
core   0: 0x80000358 (0x00942c23) sw      s1, 24(s0)
core   0: 3 0x80000358 (0x00942c23) mem 0x80006164 0xfe001fff
core   0: 0x8000035c (0x0000b1b7) lui     gp, 0xb
core   0: 3 0x8000035c (0x0000b1b7) x3  0x0000b000
core   0: 0x80000360 (0x50318193) addi    gp, gp, 1283
core   0: 3 0x80000360 (0x50318193) x3  0x0000b503
core   0: 0x80000364 (0x00004f37) lui     t5, 0x4
core   0: 3 0x80000364 (0x00004f37) x30 0x00004000
core   0: 0x80000368 (0x01e182b3) add     t0, gp, t5
core   0: 3 0x80000368 (0x01e182b3) x5  0x0000f503
core   0: 0x8000036c (0x00542e23) sw      t0, 28(s0)
core   0: 3 0x8000036c (0x00542e23) mem 0x80006168 0x0000f503
core   0: 0x80000370 (0xffff5db7) lui     s11, 0xffff5
core   0: 3 0x80000370 (0xffff5db7) x27 0xffff5000
core   0: 0x80000374 (0xafdd8d93) addi    s11, s11, -1283
core   0: 3 0x80000374 (0xafdd8d93) x27 0xffff4afd
core   0: 0x80000378 (0x00008e37) lui     t3, 0x8
core   0: 3 0x80000378 (0x00008e37) x28 0x00008000
core   0: 0x8000037c (0x01cd8933) add     s2, s11, t3
core   0: 3 0x8000037c (0x01cd8933) x18 0xffffcafd
core   0: 0x80000380 (0x03242023) sw      s2, 32(s0)
core   0: 3 0x80000380 (0x03242023) mem 0x8000616c 0xffffcafd
core   0: 0x80000384 (0xdff00493) li      s1, -513
core   0: 3 0x80000384 (0xdff00493) x9  0xfffffdff
core   0: 0x80000388 (0x00010737) lui     a4, 0x10
core   0: 3 0x80000388 (0x00010737) x14 0x00010000
core   0: 0x8000038c (0x00e487b3) add     a5, s1, a4
core   0: 3 0x8000038c (0x00e487b3) x15 0x0000fdff
core   0: 0x80000390 (0x02f42223) sw      a5, 36(s0)
core   0: 3 0x80000390 (0x02f42223) mem 0x80006170 0x0000fdff
core   0: 0x80000394 (0x04000d13) li      s10, 64
core   0: 3 0x80000394 (0x04000d13) x26 0x00000040
core   0: 0x80000398 (0x000207b7) lui     a5, 0x20
core   0: 3 0x80000398 (0x000207b7) x15 0x00020000
core   0: 0x8000039c (0x00fd01b3) add     gp, s10, a5
core   0: 3 0x8000039c (0x00fd01b3) x3  0x00020040
core   0: 0x800003a0 (0x02342423) sw      gp, 40(s0)
core   0: 3 0x800003a0 (0x02342423) mem 0x80006174 0x00020040
core   0: 0x800003a4 (0x00300093) li      ra, 3
core   0: 3 0x800003a4 (0x00300093) x1  0x00000003
core   0: 0x800003a8 (0x00080937) lui     s2, 0x80
core   0: 3 0x800003a8 (0x00080937) x18 0x00080000
core   0: 0x800003ac (0x01208bb3) add     s7, ra, s2
core   0: 3 0x800003ac (0x01208bb3) x23 0x00080003
core   0: 0x800003b0 (0x03742623) sw      s7, 44(s0)
core   0: 3 0x800003b0 (0x03742623) mem 0x80006178 0x00080003
core   0: 0x800003b4 (0xffff0337) lui     t1, 0xffff0
core   0: 3 0x800003b4 (0xffff0337) x6  0xffff0000
core   0: 0x800003b8 (0xfff30313) addi    t1, t1, -1
core   0: 3 0x800003b8 (0xfff30313) x6  0xfffeffff
core   0: 0x800003bc (0x00100637) lui     a2, 0x100
core   0: 3 0x800003bc (0x00100637) x12 0x00100000
core   0: 0x800003c0 (0x00c30f33) add     t5, t1, a2
core   0: 3 0x800003c0 (0x00c30f33) x30 0x000effff
core   0: 0x800003c4 (0x03e42823) sw      t5, 48(s0)
core   0: 3 0x800003c4 (0x03e42823) mem 0x8000617c 0x000effff
core   0: 0x800003c8 (0xffc00a37) lui     s4, 0xffc00
core   0: 3 0x800003c8 (0xffc00a37) x20 0xffc00000
core   0: 0x800003cc (0xfffa0a13) addi    s4, s4, -1
core   0: 3 0x800003cc (0xfffa0a13) x20 0xffbfffff
core   0: 0x800003d0 (0x00200b37) lui     s6, 0x200
core   0: 3 0x800003d0 (0x00200b37) x22 0x00200000
core   0: 0x800003d4 (0x016a09b3) add     s3, s4, s6
core   0: 3 0x800003d4 (0x016a09b3) x19 0xffdfffff
core   0: 0x800003d8 (0x03342a23) sw      s3, 52(s0)
core   0: 3 0x800003d8 (0x03342a23) mem 0x80006180 0xffdfffff
core   0: 0x800003dc (0x004009b7) lui     s3, 0x400
core   0: 3 0x800003dc (0x004009b7) x19 0x00400000
core   0: 0x800003e0 (0x00400bb7) lui     s7, 0x400
core   0: 3 0x800003e0 (0x00400bb7) x23 0x00400000
core   0: 0x800003e4 (0x01798cb3) add     s9, s3, s7
core   0: 3 0x800003e4 (0x01798cb3) x25 0x00800000
core   0: 0x800003e8 (0x03942c23) sw      s9, 56(s0)
core   0: 3 0x800003e8 (0x03942c23) mem 0x80006184 0x00800000
core   0: 0x800003ec (0xffff5537) lui     a0, 0xffff5
core   0: 3 0x800003ec (0xffff5537) x10 0xffff5000
core   0: 0x800003f0 (0xafd50513) addi    a0, a0, -1283
core   0: 3 0x800003f0 (0xafd50513) x10 0xffff4afd
core   0: 0x800003f4 (0x010005b7) lui     a1, 0x1000
core   0: 3 0x800003f4 (0x010005b7) x11 0x01000000
core   0: 0x800003f8 (0x00b50633) add     a2, a0, a1
core   0: 3 0x800003f8 (0x00b50633) x12 0x00ff4afd
core   0: 0x800003fc (0x02c42e23) sw      a2, 60(s0)
core   0: 3 0x800003fc (0x02c42e23) mem 0x80006188 0x00ff4afd
core   0: 0x80000400 (0x00006097) auipc   ra, 0x6
core   0: 3 0x80000400 (0x00006097) x1  0x80006400
core   0: 0x80000404 (0xd8c08093) addi    ra, ra, -628
core   0: 3 0x80000404 (0xd8c08093) x1  0x8000618c
core   0: 0x80000408 (0x00000001) c.nop
core   0: 3 0x80000408 (0x0001)
core   0: 0x8000040a (0x00000013) nop
core   0: 3 0x8000040a (0x00000013)
core   0: 0x8000040e (0x00000013) nop
core   0: 3 0x8000040e (0x00000013)
core   0: 0x80000412 (0x00000013) nop
core   0: 3 0x80000412 (0x00000013)
core   0: 0x80000416 (0x00000013) nop
core   0: 3 0x80000416 (0x00000013)
core   0: 0x8000041a (0x00000013) nop
core   0: 3 0x8000041a (0x00000013)
core   0: 0x8000041e (0x00000001) c.nop
core   0: 3 0x8000041e (0x0001)
core   0: 0x80000420 (0xfffe0537) lui     a0, 0xfffe0
core   0: 3 0x80000420 (0xfffe0537) x10 0xfffe0000
core   0: 0x80000424 (0xfff50513) addi    a0, a0, -1
core   0: 3 0x80000424 (0xfff50513) x10 0xfffdffff
core   0: 0x80000428 (0x020005b7) lui     a1, 0x2000
core   0: 3 0x80000428 (0x020005b7) x11 0x02000000
core   0: 0x8000042c (0x00b50633) add     a2, a0, a1
core   0: 3 0x8000042c (0x00b50633) x12 0x01fdffff
core   0: 0x80000430 (0x00c0a023) sw      a2, 0(ra)
core   0: 3 0x80000430 (0x00c0a023) mem 0x8000618c 0x01fdffff
core   0: 0x80000434 (0x00000513) li      a0, 0
core   0: 3 0x80000434 (0x00000513) x10 0x00000000
core   0: 0x80000438 (0x040005b7) lui     a1, 0x4000
core   0: 3 0x80000438 (0x040005b7) x11 0x04000000
core   0: 0x8000043c (0x00b50633) add     a2, a0, a1
core   0: 3 0x8000043c (0x00b50633) x12 0x04000000
core   0: 0x80000440 (0x00c0a223) sw      a2, 4(ra)
core   0: 3 0x80000440 (0x00c0a223) mem 0x80006190 0x04000000
core   0: 0x80000444 (0xffff8537) lui     a0, 0xffff8
core   0: 3 0x80000444 (0xffff8537) x10 0xffff8000
core   0: 0x80000448 (0xfff50513) addi    a0, a0, -1
core   0: 3 0x80000448 (0xfff50513) x10 0xffff7fff
core   0: 0x8000044c (0x080005b7) lui     a1, 0x8000
core   0: 3 0x8000044c (0x080005b7) x11 0x08000000
core   0: 0x80000450 (0x00b50633) add     a2, a0, a1
core   0: 3 0x80000450 (0x00b50633) x12 0x07ff7fff
core   0: 0x80000454 (0x00c0a423) sw      a2, 8(ra)
core   0: 3 0x80000454 (0x00c0a423) mem 0x80006194 0x07ff7fff
core   0: 0x80000458 (0x40000537) lui     a0, 0x40000
core   0: 3 0x80000458 (0x40000537) x10 0x40000000
core   0: 0x8000045c (0x100005b7) lui     a1, 0x10000
core   0: 3 0x8000045c (0x100005b7) x11 0x10000000
core   0: 0x80000460 (0x00b50633) add     a2, a0, a1
core   0: 3 0x80000460 (0x00b50633) x12 0x50000000
core   0: 0x80000464 (0x00c0a623) sw      a2, 12(ra)
core   0: 3 0x80000464 (0x00c0a623) mem 0x80006198 0x50000000
core   0: 0x80000468 (0xffffc537) lui     a0, 0xffffc
core   0: 3 0x80000468 (0xffffc537) x10 0xffffc000
core   0: 0x8000046c (0xfff50513) addi    a0, a0, -1
core   0: 3 0x8000046c (0xfff50513) x10 0xffffbfff
core   0: 0x80000470 (0x200005b7) lui     a1, 0x20000
core   0: 3 0x80000470 (0x200005b7) x11 0x20000000
core   0: 0x80000474 (0x00b50633) add     a2, a0, a1
core   0: 3 0x80000474 (0x00b50633) x12 0x1fffbfff
core   0: 0x80000478 (0x00c0a823) sw      a2, 16(ra)
core   0: 3 0x80000478 (0x00c0a823) mem 0x8000619c 0x1fffbfff
core   0: 0x8000047c (0x00010537) lui     a0, 0x10
core   0: 3 0x8000047c (0x00010537) x10 0x00010000
core   0: 0x80000480 (0x400005b7) lui     a1, 0x40000
core   0: 3 0x80000480 (0x400005b7) x11 0x40000000
core   0: 0x80000484 (0x00b50633) add     a2, a0, a1
core   0: 3 0x80000484 (0x00b50633) x12 0x40010000
core   0: 0x80000488 (0x00c0aa23) sw      a2, 20(ra)
core   0: 3 0x80000488 (0x00c0aa23) mem 0x800061a0 0x40010000
core   0: 0x8000048c (0x00400513) li      a0, 4
core   0: 3 0x8000048c (0x00400513) x10 0x00000004
core   0: 0x80000490 (0xffe00593) li      a1, -2
core   0: 3 0x80000490 (0xffe00593) x11 0xfffffffe
core   0: 0x80000494 (0x00b50633) add     a2, a0, a1
core   0: 3 0x80000494 (0x00b50633) x12 0x00000002
core   0: 0x80000498 (0x00c0ac23) sw      a2, 24(ra)
core   0: 3 0x80000498 (0x00c0ac23) mem 0x800061a4 0x00000002
core   0: 0x8000049c (0xfdf00513) li      a0, -33
core   0: 3 0x8000049c (0xfdf00513) x10 0xffffffdf
core   0: 0x800004a0 (0xffd00593) li      a1, -3
core   0: 3 0x800004a0 (0xffd00593) x11 0xfffffffd
core   0: 0x800004a4 (0x00b50633) add     a2, a0, a1
core   0: 3 0x800004a4 (0x00b50633) x12 0xffffffdc
core   0: 0x800004a8 (0x00c0ae23) sw      a2, 28(ra)
core   0: 3 0x800004a8 (0x00c0ae23) mem 0x800061a8 0xffffffdc
core   0: 0x800004ac (0xfdf00513) li      a0, -33
core   0: 3 0x800004ac (0xfdf00513) x10 0xffffffdf
core   0: 0x800004b0 (0xffb00593) li      a1, -5
core   0: 3 0x800004b0 (0xffb00593) x11 0xfffffffb
core   0: 0x800004b4 (0x00b50633) add     a2, a0, a1
core   0: 3 0x800004b4 (0x00b50633) x12 0xffffffda
core   0: 0x800004b8 (0x02c0a023) sw      a2, 32(ra)
core   0: 3 0x800004b8 (0x02c0a023) mem 0x800061ac 0xffffffda
core   0: 0x800004bc (0xfffe0537) lui     a0, 0xfffe0
core   0: 3 0x800004bc (0xfffe0537) x10 0xfffe0000
core   0: 0x800004c0 (0xfff50513) addi    a0, a0, -1
core   0: 3 0x800004c0 (0xfff50513) x10 0xfffdffff
core   0: 0x800004c4 (0xff700593) li      a1, -9
core   0: 3 0x800004c4 (0xff700593) x11 0xfffffff7
core   0: 0x800004c8 (0x00b50633) add     a2, a0, a1
core   0: 3 0x800004c8 (0x00b50633) x12 0xfffdfff6
core   0: 0x800004cc (0x02c0a223) sw      a2, 36(ra)
core   0: 3 0x800004cc (0x02c0a223) mem 0x800061b0 0xfffdfff6
core   0: 0x800004d0 (0x00001537) lui     a0, 0x1
core   0: 3 0x800004d0 (0x00001537) x10 0x00001000
core   0: 0x800004d4 (0x80050513) addi    a0, a0, -2048
core   0: 3 0x800004d4 (0x80050513) x10 0x00000800
core   0: 0x800004d8 (0xfef00593) li      a1, -17
core   0: 3 0x800004d8 (0xfef00593) x11 0xffffffef
core   0: 0x800004dc (0x00b50633) add     a2, a0, a1
core   0: 3 0x800004dc (0x00b50633) x12 0x000007ef
core   0: 0x800004e0 (0x02c0a423) sw      a2, 40(ra)
core   0: 3 0x800004e0 (0x02c0a423) mem 0x800061b4 0x000007ef
core   0: 0x800004e4 (0x20000537) lui     a0, 0x20000
core   0: 3 0x800004e4 (0x20000537) x10 0x20000000
core   0: 0x800004e8 (0xfdf00593) li      a1, -33
core   0: 3 0x800004e8 (0xfdf00593) x11 0xffffffdf
core   0: 0x800004ec (0x00b50633) add     a2, a0, a1
core   0: 3 0x800004ec (0x00b50633) x12 0x1fffffdf
core   0: 0x800004f0 (0x02c0a623) sw      a2, 44(ra)
core   0: 3 0x800004f0 (0x02c0a623) mem 0x800061b8 0x1fffffdf
core   0: 0x800004f4 (0x80000537) lui     a0, 0x80000
core   0: 3 0x800004f4 (0x80000537) x10 0x80000000
core   0: 0x800004f8 (0xfff50513) addi    a0, a0, -1
core   0: 3 0x800004f8 (0xfff50513) x10 0x7fffffff
core   0: 0x800004fc (0xfbf00593) li      a1, -65
core   0: 3 0x800004fc (0xfbf00593) x11 0xffffffbf
core   0: 0x80000500 (0x00b50633) add     a2, a0, a1
core   0: 3 0x80000500 (0x00b50633) x12 0x7fffffbe
core   0: 0x80000504 (0x02c0a823) sw      a2, 48(ra)
core   0: 3 0x80000504 (0x02c0a823) mem 0x800061bc 0x7fffffbe
core   0: 0x80000508 (0xff800537) lui     a0, 0xff800
core   0: 3 0x80000508 (0xff800537) x10 0xff800000
core   0: 0x8000050c (0xfff50513) addi    a0, a0, -1
core   0: 3 0x8000050c (0xfff50513) x10 0xff7fffff
core   0: 0x80000510 (0xf7f00593) li      a1, -129
core   0: 3 0x80000510 (0xf7f00593) x11 0xffffff7f
core   0: 0x80000514 (0x00b50633) add     a2, a0, a1
core   0: 3 0x80000514 (0x00b50633) x12 0xff7fff7e
core   0: 0x80000518 (0x02c0aa23) sw      a2, 52(ra)
core   0: 3 0x80000518 (0x02c0aa23) mem 0x800061c0 0xff7fff7e
core   0: 0x8000051c (0xffff5537) lui     a0, 0xffff5
core   0: 3 0x8000051c (0xffff5537) x10 0xffff5000
core   0: 0x80000520 (0xafc50513) addi    a0, a0, -1284
core   0: 3 0x80000520 (0xafc50513) x10 0xffff4afc
core   0: 0x80000524 (0xdff00593) li      a1, -513
core   0: 3 0x80000524 (0xdff00593) x11 0xfffffdff
core   0: 0x80000528 (0x00b50633) add     a2, a0, a1
core   0: 3 0x80000528 (0x00b50633) x12 0xffff48fb
core   0: 0x8000052c (0x02c0ac23) sw      a2, 56(ra)
core   0: 3 0x8000052c (0x02c0ac23) mem 0x800061c4 0xffff48fb
core   0: 0x80000530 (0xfffff537) lui     a0, 0xfffff
core   0: 3 0x80000530 (0xfffff537) x10 0xfffff000
core   0: 0x80000534 (0xfff50513) addi    a0, a0, -1
core   0: 3 0x80000534 (0xfff50513) x10 0xffffefff
core   0: 0x80000538 (0xbff00593) li      a1, -1025
core   0: 3 0x80000538 (0xbff00593) x11 0xfffffbff
core   0: 0x8000053c (0x00b50633) add     a2, a0, a1
core   0: 3 0x8000053c (0x00b50633) x12 0xffffebfe
core   0: 0x80000540 (0x02c0ae23) sw      a2, 60(ra)
core   0: 3 0x80000540 (0x02c0ae23) mem 0x800061c8 0xffffebfe
core   0: 0x80000544 (0x00400513) li      a0, 4
core   0: 3 0x80000544 (0x00400513) x10 0x00000004
core   0: 0x80000548 (0xfffff5b7) lui     a1, 0xfffff
core   0: 3 0x80000548 (0xfffff5b7) x11 0xfffff000
core   0: 0x8000054c (0x7ff58593) addi    a1, a1, 2047
core   0: 3 0x8000054c (0x7ff58593) x11 0xfffff7ff
core   0: 0x80000550 (0x00b50633) add     a2, a0, a1
core   0: 3 0x80000550 (0x00b50633) x12 0xfffff803
core   0: 0x80000554 (0x04c0a023) sw      a2, 64(ra)
core   0: 3 0x80000554 (0x04c0a023) mem 0x800061cc 0xfffff803
core   0: 0x80000558 (0xffff5537) lui     a0, 0xffff5
core   0: 3 0x80000558 (0xffff5537) x10 0xffff5000
core   0: 0x8000055c (0xafd50513) addi    a0, a0, -1283
core   0: 3 0x8000055c (0xafd50513) x10 0xffff4afd
core   0: 0x80000560 (0xfffff5b7) lui     a1, 0xfffff
core   0: 3 0x80000560 (0xfffff5b7) x11 0xfffff000
core   0: 0x80000564 (0xfff58593) addi    a1, a1, -1
core   0: 3 0x80000564 (0xfff58593) x11 0xffffefff
core   0: 0x80000568 (0x00b50633) add     a2, a0, a1
core   0: 3 0x80000568 (0x00b50633) x12 0xffff3afc
core   0: 0x8000056c (0x04c0a223) sw      a2, 68(ra)
core   0: 3 0x8000056c (0x04c0a223) mem 0x800061d0 0xffff3afc
core   0: 0x80000570 (0x0000b537) lui     a0, 0xb
core   0: 3 0x80000570 (0x0000b537) x10 0x0000b000
core   0: 0x80000574 (0x50450513) addi    a0, a0, 1284
core   0: 3 0x80000574 (0x50450513) x10 0x0000b504
core   0: 0x80000578 (0xffffe5b7) lui     a1, 0xffffe
core   0: 3 0x80000578 (0xffffe5b7) x11 0xffffe000
core   0: 0x8000057c (0xfff58593) addi    a1, a1, -1
core   0: 3 0x8000057c (0xfff58593) x11 0xffffdfff
core   0: 0x80000580 (0x00b50633) add     a2, a0, a1
core   0: 3 0x80000580 (0x00b50633) x12 0x00009503
core   0: 0x80000584 (0x04c0a423) sw      a2, 72(ra)
core   0: 3 0x80000584 (0x04c0a423) mem 0x800061d4 0x00009503
core   0: 0x80000588 (0x80000537) lui     a0, 0x80000
core   0: 3 0x80000588 (0x80000537) x10 0x80000000
core   0: 0x8000058c (0xfff50513) addi    a0, a0, -1
core   0: 3 0x8000058c (0xfff50513) x10 0x7fffffff
core   0: 0x80000590 (0xffffc5b7) lui     a1, 0xffffc
core   0: 3 0x80000590 (0xffffc5b7) x11 0xffffc000
core   0: 0x80000594 (0xfff58593) addi    a1, a1, -1
core   0: 3 0x80000594 (0xfff58593) x11 0xffffbfff
core   0: 0x80000598 (0x00b50633) add     a2, a0, a1
core   0: 3 0x80000598 (0x00b50633) x12 0x7fffbffe
core   0: 0x8000059c (0x04c0a623) sw      a2, 76(ra)
core   0: 3 0x8000059c (0x04c0a623) mem 0x800061d8 0x7fffbffe
core   0: 0x800005a0 (0xffd00513) li      a0, -3
core   0: 3 0x800005a0 (0xffd00513) x10 0xfffffffd
core   0: 0x800005a4 (0xffff85b7) lui     a1, 0xffff8
core   0: 3 0x800005a4 (0xffff85b7) x11 0xffff8000
core   0: 0x800005a8 (0xfff58593) addi    a1, a1, -1
core   0: 3 0x800005a8 (0xfff58593) x11 0xffff7fff
core   0: 0x800005ac (0x00b50633) add     a2, a0, a1
core   0: 3 0x800005ac (0x00b50633) x12 0xffff7ffc
core   0: 0x800005b0 (0x04c0a823) sw      a2, 80(ra)
core   0: 3 0x800005b0 (0x04c0a823) mem 0x800061dc 0xffff7ffc
core   0: 0x800005b4 (0x0000b537) lui     a0, 0xb
core   0: 3 0x800005b4 (0x0000b537) x10 0x0000b000
core   0: 0x800005b8 (0x50350513) addi    a0, a0, 1283
core   0: 3 0x800005b8 (0x50350513) x10 0x0000b503
core   0: 0x800005bc (0xffff05b7) lui     a1, 0xffff0
core   0: 3 0x800005bc (0xffff05b7) x11 0xffff0000
core   0: 0x800005c0 (0xfff58593) addi    a1, a1, -1
core   0: 3 0x800005c0 (0xfff58593) x11 0xfffeffff
core   0: 0x800005c4 (0x00b50633) add     a2, a0, a1
core   0: 3 0x800005c4 (0x00b50633) x12 0xffffb502
core   0: 0x800005c8 (0x04c0aa23) sw      a2, 84(ra)
core   0: 3 0x800005c8 (0x04c0aa23) mem 0x800061e0 0xffffb502
core   0: 0x800005cc (0xaaaab537) lui     a0, 0xaaaab
core   0: 3 0x800005cc (0xaaaab537) x10 0xaaaab000
core   0: 0x800005d0 (0xaaa50513) addi    a0, a0, -1366
core   0: 3 0x800005d0 (0xaaa50513) x10 0xaaaaaaaa
core   0: 0x800005d4 (0xfffe05b7) lui     a1, 0xfffe0
core   0: 3 0x800005d4 (0xfffe05b7) x11 0xfffe0000
core   0: 0x800005d8 (0xfff58593) addi    a1, a1, -1
core   0: 3 0x800005d8 (0xfff58593) x11 0xfffdffff
core   0: 0x800005dc (0x00b50633) add     a2, a0, a1
core   0: 3 0x800005dc (0x00b50633) x12 0xaaa8aaa9
core   0: 0x800005e0 (0x04c0ac23) sw      a2, 88(ra)
core   0: 3 0x800005e0 (0x04c0ac23) mem 0x800061e4 0xaaa8aaa9
core   0: 0x800005e4 (0x01000537) lui     a0, 0x1000
core   0: 3 0x800005e4 (0x01000537) x10 0x01000000
core   0: 0x800005e8 (0xfffc05b7) lui     a1, 0xfffc0
core   0: 3 0x800005e8 (0xfffc05b7) x11 0xfffc0000
core   0: 0x800005ec (0xfff58593) addi    a1, a1, -1
core   0: 3 0x800005ec (0xfff58593) x11 0xfffbffff
core   0: 0x800005f0 (0x00b50633) add     a2, a0, a1
core   0: 3 0x800005f0 (0x00b50633) x12 0x00fbffff
core   0: 0x800005f4 (0x04c0ae23) sw      a2, 92(ra)
core   0: 3 0x800005f4 (0x04c0ae23) mem 0x800061e8 0x00fbffff
core   0: 0x800005f8 (0x80000537) lui     a0, 0x80000
core   0: 3 0x800005f8 (0x80000537) x10 0x80000000
core   0: 0x800005fc (0xfff50513) addi    a0, a0, -1
core   0: 3 0x800005fc (0xfff50513) x10 0x7fffffff
core   0: 0x80000600 (0xfff805b7) lui     a1, 0xfff80
core   0: 3 0x80000600 (0xfff805b7) x11 0xfff80000
core   0: 0x80000604 (0xfff58593) addi    a1, a1, -1
core   0: 3 0x80000604 (0xfff58593) x11 0xfff7ffff
core   0: 0x80000608 (0x00b50633) add     a2, a0, a1
core   0: 3 0x80000608 (0x00b50633) x12 0x7ff7fffe
core   0: 0x8000060c (0x06c0a023) sw      a2, 96(ra)
core   0: 3 0x8000060c (0x06c0a023) mem 0x800061ec 0x7ff7fffe
core   0: 0x80000610 (0x00001537) lui     a0, 0x1
core   0: 3 0x80000610 (0x00001537) x10 0x00001000
core   0: 0x80000614 (0x80050513) addi    a0, a0, -2048
core   0: 3 0x80000614 (0x80050513) x10 0x00000800
core   0: 0x80000618 (0xfff005b7) lui     a1, 0xfff00
core   0: 3 0x80000618 (0xfff005b7) x11 0xfff00000
core   0: 0x8000061c (0xfff58593) addi    a1, a1, -1
core   0: 3 0x8000061c (0xfff58593) x11 0xffefffff
core   0: 0x80000620 (0x00b50633) add     a2, a0, a1
core   0: 3 0x80000620 (0x00b50633) x12 0xfff007ff
core   0: 0x80000624 (0x06c0a223) sw      a2, 100(ra)
core   0: 3 0x80000624 (0x06c0a223) mem 0x800061f0 0xfff007ff
core   0: 0x80000628 (0x00800513) li      a0, 8
core   0: 3 0x80000628 (0x00800513) x10 0x00000008
core   0: 0x8000062c (0xffe005b7) lui     a1, 0xffe00
core   0: 3 0x8000062c (0xffe005b7) x11 0xffe00000
core   0: 0x80000630 (0xfff58593) addi    a1, a1, -1
core   0: 3 0x80000630 (0xfff58593) x11 0xffdfffff
core   0: 0x80000634 (0x00b50633) add     a2, a0, a1
core   0: 3 0x80000634 (0x00b50633) x12 0xffe00007
core   0: 0x80000638 (0x06c0a423) sw      a2, 104(ra)
core   0: 3 0x80000638 (0x06c0a423) mem 0x800061f4 0xffe00007
core   0: 0x8000063c (0x00002537) lui     a0, 0x2
core   0: 3 0x8000063c (0x00002537) x10 0x00002000
core   0: 0x80000640 (0xffc005b7) lui     a1, 0xffc00
core   0: 3 0x80000640 (0xffc005b7) x11 0xffc00000
core   0: 0x80000644 (0xfff58593) addi    a1, a1, -1
core   0: 3 0x80000644 (0xfff58593) x11 0xffbfffff
core   0: 0x80000648 (0x00b50633) add     a2, a0, a1
core   0: 3 0x80000648 (0x00b50633) x12 0xffc01fff
core   0: 0x8000064c (0x06c0a623) sw      a2, 108(ra)
core   0: 3 0x8000064c (0x06c0a623) mem 0x800061f8 0xffc01fff
core   0: 0x80000650 (0xfdf00513) li      a0, -33
core   0: 3 0x80000650 (0xfdf00513) x10 0xffffffdf
core   0: 0x80000654 (0xff8005b7) lui     a1, 0xff800
core   0: 3 0x80000654 (0xff8005b7) x11 0xff800000
core   0: 0x80000658 (0xfff58593) addi    a1, a1, -1
core   0: 3 0x80000658 (0xfff58593) x11 0xff7fffff
core   0: 0x8000065c (0x00b50633) add     a2, a0, a1
core   0: 3 0x8000065c (0x00b50633) x12 0xff7fffde
core   0: 0x80000660 (0x06c0a823) sw      a2, 112(ra)
core   0: 3 0x80000660 (0x06c0a823) mem 0x800061fc 0xff7fffde
core   0: 0x80000664 (0xffe00537) lui     a0, 0xffe00
core   0: 3 0x80000664 (0xffe00537) x10 0xffe00000
core   0: 0x80000668 (0xfff50513) addi    a0, a0, -1
core   0: 3 0x80000668 (0xfff50513) x10 0xffdfffff
core   0: 0x8000066c (0xff0005b7) lui     a1, 0xff000
core   0: 3 0x8000066c (0xff0005b7) x11 0xff000000
core   0: 0x80000670 (0xfff58593) addi    a1, a1, -1
core   0: 3 0x80000670 (0xfff58593) x11 0xfeffffff
core   0: 0x80000674 (0x00b50633) add     a2, a0, a1
core   0: 3 0x80000674 (0x00b50633) x12 0xfedffffe
core   0: 0x80000678 (0x06c0aa23) sw      a2, 116(ra)
core   0: 3 0x80000678 (0x06c0aa23) mem 0x80006200 0xfedffffe
core   0: 0x8000067c (0x00200513) li      a0, 2
core   0: 3 0x8000067c (0x00200513) x10 0x00000002
core   0: 0x80000680 (0xfc0005b7) lui     a1, 0xfc000
core   0: 3 0x80000680 (0xfc0005b7) x11 0xfc000000
core   0: 0x80000684 (0xfff58593) addi    a1, a1, -1
core   0: 3 0x80000684 (0xfff58593) x11 0xfbffffff
core   0: 0x80000688 (0x00b50633) add     a2, a0, a1
core   0: 3 0x80000688 (0x00b50633) x12 0xfc000001
core   0: 0x8000068c (0x06c0ac23) sw      a2, 120(ra)
core   0: 3 0x8000068c (0x06c0ac23) mem 0x80006204 0xfc000001
core   0: 0x80000690 (0x55555537) lui     a0, 0x55555
core   0: 3 0x80000690 (0x55555537) x10 0x55555000
core   0: 0x80000694 (0x55550513) addi    a0, a0, 1365
core   0: 3 0x80000694 (0x55550513) x10 0x55555555
core   0: 0x80000698 (0xf80005b7) lui     a1, 0xf8000
core   0: 3 0x80000698 (0xf80005b7) x11 0xf8000000
core   0: 0x8000069c (0xfff58593) addi    a1, a1, -1
core   0: 3 0x8000069c (0xfff58593) x11 0xf7ffffff
core   0: 0x800006a0 (0x00b50633) add     a2, a0, a1
core   0: 3 0x800006a0 (0x00b50633) x12 0x4d555554
core   0: 0x800006a4 (0x06c0ae23) sw      a2, 124(ra)
core   0: 3 0x800006a4 (0x06c0ae23) mem 0x80006208 0x4d555554
core   0: 0x800006a8 (0x00020537) lui     a0, 0x20
core   0: 3 0x800006a8 (0x00020537) x10 0x00020000
core   0: 0x800006ac (0xf00005b7) lui     a1, 0xf0000
core   0: 3 0x800006ac (0xf00005b7) x11 0xf0000000
core   0: 0x800006b0 (0xfff58593) addi    a1, a1, -1
core   0: 3 0x800006b0 (0xfff58593) x11 0xefffffff
core   0: 0x800006b4 (0x00b50633) add     a2, a0, a1
core   0: 3 0x800006b4 (0x00b50633) x12 0xf001ffff
core   0: 0x800006b8 (0x08c0a023) sw      a2, 128(ra)
core   0: 3 0x800006b8 (0x08c0a023) mem 0x8000620c 0xf001ffff
core   0: 0x800006bc (0x00020537) lui     a0, 0x20
core   0: 3 0x800006bc (0x00020537) x10 0x00020000
core   0: 0x800006c0 (0xe00005b7) lui     a1, 0xe0000
core   0: 3 0x800006c0 (0xe00005b7) x11 0xe0000000
core   0: 0x800006c4 (0xfff58593) addi    a1, a1, -1
core   0: 3 0x800006c4 (0xfff58593) x11 0xdfffffff
core   0: 0x800006c8 (0x00b50633) add     a2, a0, a1
core   0: 3 0x800006c8 (0x00b50633) x12 0xe001ffff
core   0: 0x800006cc (0x08c0a223) sw      a2, 132(ra)
core   0: 3 0x800006cc (0x08c0a223) mem 0x80006210 0xe001ffff
core   0: 0x800006d0 (0x00700513) li      a0, 7
core   0: 3 0x800006d0 (0x00700513) x10 0x00000007
core   0: 0x800006d4 (0xc00005b7) lui     a1, 0xc0000
core   0: 3 0x800006d4 (0xc00005b7) x11 0xc0000000
core   0: 0x800006d8 (0xfff58593) addi    a1, a1, -1
core   0: 3 0x800006d8 (0xfff58593) x11 0xbfffffff
core   0: 0x800006dc (0x00b50633) add     a2, a0, a1
core   0: 3 0x800006dc (0x00b50633) x12 0xc0000006
core   0: 0x800006e0 (0x08c0a423) sw      a2, 136(ra)
core   0: 3 0x800006e0 (0x08c0a423) mem 0x80006214 0xc0000006
core   0: 0x800006e4 (0x00100537) lui     a0, 0x100
core   0: 3 0x800006e4 (0x00100537) x10 0x00100000
core   0: 0x800006e8 (0x555555b7) lui     a1, 0x55555
core   0: 3 0x800006e8 (0x555555b7) x11 0x55555000
core   0: 0x800006ec (0x55558593) addi    a1, a1, 1365
core   0: 3 0x800006ec (0x55558593) x11 0x55555555
core   0: 0x800006f0 (0x00b50633) add     a2, a0, a1
core   0: 3 0x800006f0 (0x00b50633) x12 0x55655555
core   0: 0x800006f4 (0x08c0a623) sw      a2, 140(ra)
core   0: 3 0x800006f4 (0x08c0a623) mem 0x80006218 0x55655555
core   0: 0x800006f8 (0x01000513) li      a0, 16
core   0: 3 0x800006f8 (0x01000513) x10 0x00000010
core   0: 0x800006fc (0x333335b7) lui     a1, 0x33333
core   0: 3 0x800006fc (0x333335b7) x11 0x33333000
core   0: 0x80000700 (0x33358593) addi    a1, a1, 819
core   0: 3 0x80000700 (0x33358593) x11 0x33333333
core   0: 0x80000704 (0x00b50633) add     a2, a0, a1
core   0: 3 0x80000704 (0x00b50633) x12 0x33333343
core   0: 0x80000708 (0x08c0a823) sw      a2, 144(ra)
core   0: 3 0x80000708 (0x08c0a823) mem 0x8000621c 0x33333343
core   0: 0x8000070c (0x08000513) li      a0, 128
core   0: 3 0x8000070c (0x08000513) x10 0x00000080
core   0: 0x80000710 (0x333335b7) lui     a1, 0x33333
core   0: 3 0x80000710 (0x333335b7) x11 0x33333000
core   0: 0x80000714 (0x33258593) addi    a1, a1, 818
core   0: 3 0x80000714 (0x33258593) x11 0x33333332
core   0: 0x80000718 (0x00b50633) add     a2, a0, a1
core   0: 3 0x80000718 (0x00b50633) x12 0x333333b2
core   0: 0x8000071c (0x08c0aa23) sw      a2, 148(ra)
core   0: 3 0x8000071c (0x08c0aa23) mem 0x80006220 0x333333b2
core   0: 0x80000720 (0x10000513) li      a0, 256
core   0: 3 0x80000720 (0x10000513) x10 0x00000100
core   0: 0x80000724 (0xff600593) li      a1, -10
core   0: 3 0x80000724 (0xff600593) x11 0xfffffff6
core   0: 0x80000728 (0x00b50633) add     a2, a0, a1
core   0: 3 0x80000728 (0x00b50633) x12 0x000000f6
core   0: 0x8000072c (0x08c0ac23) sw      a2, 152(ra)
core   0: 3 0x8000072c (0x08c0ac23) mem 0x80006224 0x000000f6
core   0: 0x80000730 (0x20000513) li      a0, 512
core   0: 3 0x80000730 (0x20000513) x10 0x00000200
core   0: 0x80000734 (0xffff55b7) lui     a1, 0xffff5
core   0: 3 0x80000734 (0xffff55b7) x11 0xffff5000
core   0: 0x80000738 (0xafd58593) addi    a1, a1, -1283
core   0: 3 0x80000738 (0xafd58593) x11 0xffff4afd
core   0: 0x8000073c (0x00b50633) add     a2, a0, a1
core   0: 3 0x8000073c (0x00b50633) x12 0xffff4cfd
core   0: 0x80000740 (0x08c0ae23) sw      a2, 156(ra)
core   0: 3 0x80000740 (0x08c0ae23) mem 0x80006228 0xffff4cfd
core   0: 0x80000744 (0x40000513) li      a0, 1024
core   0: 3 0x80000744 (0x40000513) x10 0x00000400
core   0: 0x80000748 (0x555555b7) lui     a1, 0x55555
core   0: 3 0x80000748 (0x555555b7) x11 0x55555000
core   0: 0x8000074c (0x55558593) addi    a1, a1, 1365
core   0: 3 0x8000074c (0x55558593) x11 0x55555555
core   0: 0x80000750 (0x00b50633) add     a2, a0, a1
core   0: 3 0x80000750 (0x00b50633) x12 0x55555955
core   0: 0x80000754 (0x0ac0a023) sw      a2, 160(ra)
core   0: 3 0x80000754 (0x0ac0a023) mem 0x8000622c 0x55555955
core   0: 0x80000758 (0x00001537) lui     a0, 0x1
core   0: 3 0x80000758 (0x00001537) x10 0x00001000
core   0: 0x8000075c (0x00500593) li      a1, 5
core   0: 3 0x8000075c (0x00500593) x11 0x00000005
core   0: 0x80000760 (0x00b50633) add     a2, a0, a1
core   0: 3 0x80000760 (0x00b50633) x12 0x00001005
core   0: 0x80000764 (0x0ac0a223) sw      a2, 164(ra)
core   0: 3 0x80000764 (0x0ac0a223) mem 0x80006230 0x00001005
core   0: 0x80000768 (0x00004537) lui     a0, 0x4
core   0: 3 0x80000768 (0x00004537) x10 0x00004000
core   0: 0x8000076c (0xfffff5b7) lui     a1, 0xfffff
core   0: 3 0x8000076c (0xfffff5b7) x11 0xfffff000
core   0: 0x80000770 (0x7ff58593) addi    a1, a1, 2047
core   0: 3 0x80000770 (0x7ff58593) x11 0xfffff7ff
core   0: 0x80000774 (0x00b50633) add     a2, a0, a1
core   0: 3 0x80000774 (0x00b50633) x12 0x000037ff
core   0: 0x80000778 (0x0ac0a423) sw      a2, 168(ra)
core   0: 3 0x80000778 (0x0ac0a423) mem 0x80006234 0x000037ff
core   0: 0x8000077c (0x00008537) lui     a0, 0x8
core   0: 3 0x8000077c (0x00008537) x10 0x00008000
core   0: 0x80000780 (0xff0005b7) lui     a1, 0xff000
core   0: 3 0x80000780 (0xff0005b7) x11 0xff000000
core   0: 0x80000784 (0xfff58593) addi    a1, a1, -1
core   0: 3 0x80000784 (0xfff58593) x11 0xfeffffff
core   0: 0x80000788 (0x00b50633) add     a2, a0, a1
core   0: 3 0x80000788 (0x00b50633) x12 0xff007fff
core   0: 0x8000078c (0x0ac0a623) sw      a2, 172(ra)
core   0: 3 0x8000078c (0x0ac0a623) mem 0x80006238 0xff007fff
core   0: 0x80000790 (0x00040537) lui     a0, 0x40
core   0: 3 0x80000790 (0x00040537) x10 0x00040000
core   0: 0x80000794 (0x010005b7) lui     a1, 0x1000
core   0: 3 0x80000794 (0x010005b7) x11 0x01000000
core   0: 0x80000798 (0x00b50633) add     a2, a0, a1
core   0: 3 0x80000798 (0x00b50633) x12 0x01040000
core   0: 0x8000079c (0x0ac0a823) sw      a2, 176(ra)
core   0: 3 0x8000079c (0x0ac0a823) mem 0x8000623c 0x01040000
core   0: 0x800007a0 (0x00080537) lui     a0, 0x80
core   0: 3 0x800007a0 (0x00080537) x10 0x00080000
core   0: 0x800007a4 (0x000085b7) lui     a1, 0x8
core   0: 3 0x800007a4 (0x000085b7) x11 0x00008000
core   0: 0x800007a8 (0x00b50633) add     a2, a0, a1
core   0: 3 0x800007a8 (0x00b50633) x12 0x00088000
core   0: 0x800007ac (0x0ac0aa23) sw      a2, 180(ra)
core   0: 3 0x800007ac (0x0ac0aa23) mem 0x80006240 0x00088000
core   0: 0x800007b0 (0x00200537) lui     a0, 0x200
core   0: 3 0x800007b0 (0x00200537) x10 0x00200000
core   0: 0x800007b4 (0x100005b7) lui     a1, 0x10000
core   0: 3 0x800007b4 (0x100005b7) x11 0x10000000
core   0: 0x800007b8 (0x00b50633) add     a2, a0, a1
core   0: 3 0x800007b8 (0x00b50633) x12 0x10200000
core   0: 0x800007bc (0x0ac0ac23) sw      a2, 184(ra)
core   0: 3 0x800007bc (0x0ac0ac23) mem 0x80006244 0x10200000
core   0: 0x800007c0 (0x00800537) lui     a0, 0x800
core   0: 3 0x800007c0 (0x00800537) x10 0x00800000
core   0: 0x800007c4 (0xbff00593) li      a1, -1025
core   0: 3 0x800007c4 (0xbff00593) x11 0xfffffbff
core   0: 0x800007c8 (0x00b50633) add     a2, a0, a1
core   0: 3 0x800007c8 (0x00b50633) x12 0x007ffbff
core   0: 0x800007cc (0x0ac0ae23) sw      a2, 188(ra)
core   0: 3 0x800007cc (0x0ac0ae23) mem 0x80006248 0x007ffbff
core   0: 0x800007d0 (0x02000537) lui     a0, 0x2000
core   0: 3 0x800007d0 (0x02000537) x10 0x02000000
core   0: 0x800007d4 (0x555555b7) lui     a1, 0x55555
core   0: 3 0x800007d4 (0x555555b7) x11 0x55555000
core   0: 0x800007d8 (0x55558593) addi    a1, a1, 1365
core   0: 3 0x800007d8 (0x55558593) x11 0x55555555
core   0: 0x800007dc (0x00b50633) add     a2, a0, a1
core   0: 3 0x800007dc (0x00b50633) x12 0x57555555
core   0: 0x800007e0 (0x0cc0a023) sw      a2, 192(ra)
core   0: 3 0x800007e0 (0x0cc0a023) mem 0x8000624c 0x57555555
core   0: 0x800007e4 (0x04000537) lui     a0, 0x4000
core   0: 3 0x800007e4 (0x04000537) x10 0x04000000
core   0: 0x800007e8 (0x000085b7) lui     a1, 0x8
core   0: 3 0x800007e8 (0x000085b7) x11 0x00008000
core   0: 0x800007ec (0x00b50633) add     a2, a0, a1
core   0: 3 0x800007ec (0x00b50633) x12 0x04008000
core   0: 0x800007f0 (0x0cc0a223) sw      a2, 196(ra)
core   0: 3 0x800007f0 (0x0cc0a223) mem 0x80006250 0x04008000
core   0: 0x800007f4 (0x08000537) lui     a0, 0x8000
core   0: 3 0x800007f4 (0x08000537) x10 0x08000000
core   0: 0x800007f8 (0x333335b7) lui     a1, 0x33333
core   0: 3 0x800007f8 (0x333335b7) x11 0x33333000
core   0: 0x800007fc (0x33258593) addi    a1, a1, 818
core   0: 3 0x800007fc (0x33258593) x11 0x33333332
core   0: 0x80000800 (0x00b50633) add     a2, a0, a1
core   0: 3 0x80000800 (0x00b50633) x12 0x3b333332
core   0: 0x80000804 (0x0cc0a423) sw      a2, 200(ra)
core   0: 3 0x80000804 (0x0cc0a423) mem 0x80006254 0x3b333332
core   0: 0x80000808 (0x10000537) lui     a0, 0x10000
core   0: 3 0x80000808 (0x10000537) x10 0x10000000
core   0: 0x8000080c (0xc00005b7) lui     a1, 0xc0000
core   0: 3 0x8000080c (0xc00005b7) x11 0xc0000000
core   0: 0x80000810 (0x00b50633) add     a2, a0, a1
core   0: 3 0x80000810 (0x00b50633) x12 0xd0000000
core   0: 0x80000814 (0x0cc0a623) sw      a2, 204(ra)
core   0: 3 0x80000814 (0x0cc0a623) mem 0x80006258 0xd0000000
core   0: 0x80000818 (0xff700513) li      a0, -9
core   0: 3 0x80000818 (0xff700513) x10 0xfffffff7
core   0: 0x8000081c (0xfff805b7) lui     a1, 0xfff80
core   0: 3 0x8000081c (0xfff805b7) x11 0xfff80000
core   0: 0x80000820 (0xfff58593) addi    a1, a1, -1
core   0: 3 0x80000820 (0xfff58593) x11 0xfff7ffff
core   0: 0x80000824 (0x00b50633) add     a2, a0, a1
core   0: 3 0x80000824 (0x00b50633) x12 0xfff7fff6
core   0: 0x80000828 (0x0cc0a823) sw      a2, 208(ra)
core   0: 3 0x80000828 (0x0cc0a823) mem 0x8000625c 0xfff7fff6
core   0: 0x8000082c (0xfbf00513) li      a0, -65
core   0: 3 0x8000082c (0xfbf00513) x10 0xffffffbf
core   0: 0x80000830 (0x800005b7) lui     a1, 0x80000
core   0: 3 0x80000830 (0x800005b7) x11 0x80000000
core   0: 0x80000834 (0x00b50633) add     a2, a0, a1
core   0: 3 0x80000834 (0x00b50633) x12 0x7fffffbf
core   0: 0x80000838 (0x0cc0aa23) sw      a2, 212(ra)
core   0: 3 0x80000838 (0x0cc0aa23) mem 0x80006260 0x7fffffbf
core   0: 0x8000083c (0xf7f00513) li      a0, -129
core   0: 3 0x8000083c (0xf7f00513) x10 0xffffff7f
core   0: 0x80000840 (0xaaaab5b7) lui     a1, 0xaaaab
core   0: 3 0x80000840 (0xaaaab5b7) x11 0xaaaab000
core   0: 0x80000844 (0xaaa58593) addi    a1, a1, -1366
core   0: 3 0x80000844 (0xaaa58593) x11 0xaaaaaaaa
core   0: 0x80000848 (0x00b50633) add     a2, a0, a1
core   0: 3 0x80000848 (0x00b50633) x12 0xaaaaaa29
core   0: 0x8000084c (0x0cc0ac23) sw      a2, 216(ra)
core   0: 3 0x8000084c (0x0cc0ac23) mem 0x80006264 0xaaaaaa29
core   0: 0x80000850 (0xeff00513) li      a0, -257
core   0: 3 0x80000850 (0xeff00513) x10 0xfffffeff
core   0: 0x80000854 (0x00300593) li      a1, 3
core   0: 3 0x80000854 (0x00300593) x11 0x00000003
core   0: 0x80000858 (0x00b50633) add     a2, a0, a1
core   0: 3 0x80000858 (0x00b50633) x12 0xffffff02
core   0: 0x8000085c (0x0cc0ae23) sw      a2, 220(ra)
core   0: 3 0x8000085c (0x0cc0ae23) mem 0x80006268 0xffffff02
core   0: 0x80000860 (0xbff00513) li      a0, -1025
core   0: 3 0x80000860 (0xbff00513) x10 0xfffffbff
core   0: 0x80000864 (0xff800593) li      a1, -8
core   0: 3 0x80000864 (0xff800593) x11 0xfffffff8
core   0: 0x80000868 (0x00b50633) add     a2, a0, a1
core   0: 3 0x80000868 (0x00b50633) x12 0xfffffbf7
core   0: 0x8000086c (0x0ec0a023) sw      a2, 224(ra)
core   0: 3 0x8000086c (0x0ec0a023) mem 0x8000626c 0xfffffbf7
core   0: 0x80000870 (0xfffff537) lui     a0, 0xfffff
core   0: 3 0x80000870 (0xfffff537) x10 0xfffff000
core   0: 0x80000874 (0x7ff50513) addi    a0, a0, 2047
core   0: 3 0x80000874 (0x7ff50513) x10 0xfffff7ff
core   0: 0x80000878 (0x00300593) li      a1, 3
core   0: 3 0x80000878 (0x00300593) x11 0x00000003
core   0: 0x8000087c (0x00b50633) add     a2, a0, a1
core   0: 3 0x8000087c (0x00b50633) x12 0xfffff802
core   0: 0x80000880 (0x0ec0a223) sw      a2, 228(ra)
core   0: 3 0x80000880 (0x0ec0a223) mem 0x80006270 0xfffff802
core   0: 0x80000884 (0xffffe537) lui     a0, 0xffffe
core   0: 3 0x80000884 (0xffffe537) x10 0xffffe000
core   0: 0x80000888 (0xfff50513) addi    a0, a0, -1
core   0: 3 0x80000888 (0xfff50513) x10 0xffffdfff
core   0: 0x8000088c (0x00200593) li      a1, 2
core   0: 3 0x8000088c (0x00200593) x11 0x00000002
core   0: 0x80000890 (0x00b50633) add     a2, a0, a1
core   0: 3 0x80000890 (0x00b50633) x12 0xffffe001
core   0: 0x80000894 (0x0ec0a423) sw      a2, 232(ra)
core   0: 3 0x80000894 (0x0ec0a423) mem 0x80006274 0xffffe001
core   0: 0x80000898 (0xfffc0537) lui     a0, 0xfffc0
core   0: 3 0x80000898 (0xfffc0537) x10 0xfffc0000
core   0: 0x8000089c (0xfff50513) addi    a0, a0, -1
core   0: 3 0x8000089c (0xfff50513) x10 0xfffbffff
core   0: 0x800008a0 (0xff8005b7) lui     a1, 0xff800
core   0: 3 0x800008a0 (0xff8005b7) x11 0xff800000
core   0: 0x800008a4 (0xfff58593) addi    a1, a1, -1
core   0: 3 0x800008a4 (0xfff58593) x11 0xff7fffff
core   0: 0x800008a8 (0x00b50633) add     a2, a0, a1
core   0: 3 0x800008a8 (0x00b50633) x12 0xff7bfffe
core   0: 0x800008ac (0x0ec0a623) sw      a2, 236(ra)
core   0: 3 0x800008ac (0x0ec0a623) mem 0x80006278 0xff7bfffe
core   0: 0x800008b0 (0xfff80537) lui     a0, 0xfff80
core   0: 3 0x800008b0 (0xfff80537) x10 0xfff80000
core   0: 0x800008b4 (0xfff50513) addi    a0, a0, -1
core   0: 3 0x800008b4 (0xfff50513) x10 0xfff7ffff
core   0: 0x800008b8 (0x0000b5b7) lui     a1, 0xb
core   0: 3 0x800008b8 (0x0000b5b7) x11 0x0000b000
core   0: 0x800008bc (0x50458593) addi    a1, a1, 1284
core   0: 3 0x800008bc (0x50458593) x11 0x0000b504
core   0: 0x800008c0 (0x00b50633) add     a2, a0, a1
core   0: 3 0x800008c0 (0x00b50633) x12 0xfff8b503
core   0: 0x800008c4 (0x0ec0a823) sw      a2, 240(ra)
core   0: 3 0x800008c4 (0x0ec0a823) mem 0x8000627c 0xfff8b503
core   0: 0x800008c8 (0xfff00537) lui     a0, 0xfff00
core   0: 3 0x800008c8 (0xfff00537) x10 0xfff00000
core   0: 0x800008cc (0xfff50513) addi    a0, a0, -1
core   0: 3 0x800008cc (0xfff50513) x10 0xffefffff
core   0: 0x800008d0 (0xc00005b7) lui     a1, 0xc0000
core   0: 3 0x800008d0 (0xc00005b7) x11 0xc0000000
core   0: 0x800008d4 (0x00b50633) add     a2, a0, a1
core   0: 3 0x800008d4 (0x00b50633) x12 0xbfefffff
core   0: 0x800008d8 (0x0ec0aa23) sw      a2, 244(ra)
core   0: 3 0x800008d8 (0x0ec0aa23) mem 0x80006280 0xbfefffff
core   0: 0x800008dc (0xfc000537) lui     a0, 0xfc000
core   0: 3 0x800008dc (0xfc000537) x10 0xfc000000
core   0: 0x800008e0 (0xfff50513) addi    a0, a0, -1
core   0: 3 0x800008e0 (0xfff50513) x10 0xfbffffff
core   0: 0x800008e4 (0x666665b7) lui     a1, 0x66666
core   0: 3 0x800008e4 (0x666665b7) x11 0x66666000
core   0: 0x800008e8 (0x66558593) addi    a1, a1, 1637
core   0: 3 0x800008e8 (0x66558593) x11 0x66666665
core   0: 0x800008ec (0x00b50633) add     a2, a0, a1
core   0: 3 0x800008ec (0x00b50633) x12 0x62666664
core   0: 0x800008f0 (0x0ec0ac23) sw      a2, 248(ra)
core   0: 3 0x800008f0 (0x0ec0ac23) mem 0x80006284 0x62666664
core   0: 0x800008f4 (0xf8000537) lui     a0, 0xf8000
core   0: 3 0x800008f4 (0xf8000537) x10 0xf8000000
core   0: 0x800008f8 (0xfff50513) addi    a0, a0, -1
core   0: 3 0x800008f8 (0xfff50513) x10 0xf7ffffff
core   0: 0x800008fc (0xf00005b7) lui     a1, 0xf0000
core   0: 3 0x800008fc (0xf00005b7) x11 0xf0000000
core   0: 0x80000900 (0xfff58593) addi    a1, a1, -1
core   0: 3 0x80000900 (0xfff58593) x11 0xefffffff
core   0: 0x80000904 (0x00b50633) add     a2, a0, a1
core   0: 3 0x80000904 (0x00b50633) x12 0xe7fffffe
core   0: 0x80000908 (0x0ec0ae23) sw      a2, 252(ra)
core   0: 3 0x80000908 (0x0ec0ae23) mem 0x80006288 0xe7fffffe
core   0: 0x8000090c (0xf0000537) lui     a0, 0xf0000
core   0: 3 0x8000090c (0xf0000537) x10 0xf0000000
core   0: 0x80000910 (0xfff50513) addi    a0, a0, -1
core   0: 3 0x80000910 (0xfff50513) x10 0xefffffff
core   0: 0x80000914 (0x000015b7) lui     a1, 0x1
core   0: 3 0x80000914 (0x000015b7) x11 0x00001000
core   0: 0x80000918 (0x80058593) addi    a1, a1, -2048
core   0: 3 0x80000918 (0x80058593) x11 0x00000800
core   0: 0x8000091c (0x00b50633) add     a2, a0, a1
core   0: 3 0x8000091c (0x00b50633) x12 0xf00007ff
core   0: 0x80000920 (0x10c0a023) sw      a2, 256(ra)
core   0: 3 0x80000920 (0x10c0a023) mem 0x8000628c 0xf00007ff
core   0: 0x80000924 (0xe0000537) lui     a0, 0xe0000
core   0: 3 0x80000924 (0xe0000537) x10 0xe0000000
core   0: 0x80000928 (0xfff50513) addi    a0, a0, -1
core   0: 3 0x80000928 (0xfff50513) x10 0xdfffffff
core   0: 0x8000092c (0x000205b7) lui     a1, 0x20
core   0: 3 0x8000092c (0x000205b7) x11 0x00020000
core   0: 0x80000930 (0x00b50633) add     a2, a0, a1
core   0: 3 0x80000930 (0x00b50633) x12 0xe001ffff
core   0: 0x80000934 (0x10c0a223) sw      a2, 260(ra)
core   0: 3 0x80000934 (0x10c0a223) mem 0x80006290 0xe001ffff
core   0: 0x80000938 (0xc0000537) lui     a0, 0xc0000
core   0: 3 0x80000938 (0xc0000537) x10 0xc0000000
core   0: 0x8000093c (0xfff50513) addi    a0, a0, -1
core   0: 3 0x8000093c (0xfff50513) x10 0xbfffffff
core   0: 0x80000940 (0xf7f00593) li      a1, -129
core   0: 3 0x80000940 (0xf7f00593) x11 0xffffff7f
core   0: 0x80000944 (0x00b50633) add     a2, a0, a1
core   0: 3 0x80000944 (0x00b50633) x12 0xbfffff7e
core   0: 0x80000948 (0x10c0a423) sw      a2, 264(ra)
core   0: 3 0x80000948 (0x10c0a423) mem 0x80006294 0xbfffff7e
core   0: 0x8000094c (0x00300513) li      a0, 3
core   0: 3 0x8000094c (0x00300513) x10 0x00000003
core   0: 0x80000950 (0x00300593) li      a1, 3
core   0: 3 0x80000950 (0x00300593) x11 0x00000003
core   0: 0x80000954 (0x00b50633) add     a2, a0, a1
core   0: 3 0x80000954 (0x00b50633) x12 0x00000006
core   0: 0x80000958 (0x10c0a623) sw      a2, 268(ra)
core   0: 3 0x80000958 (0x10c0a623) mem 0x80006298 0x00000006
core   0: 0x8000095c (0x00300513) li      a0, 3
core   0: 3 0x8000095c (0x00300513) x10 0x00000003
core   0: 0x80000960 (0x555555b7) lui     a1, 0x55555
core   0: 3 0x80000960 (0x555555b7) x11 0x55555000
core   0: 0x80000964 (0x55558593) addi    a1, a1, 1365
core   0: 3 0x80000964 (0x55558593) x11 0x55555555
core   0: 0x80000968 (0x00b50633) add     a2, a0, a1
core   0: 3 0x80000968 (0x00b50633) x12 0x55555558
core   0: 0x8000096c (0x10c0a823) sw      a2, 272(ra)
core   0: 3 0x8000096c (0x10c0a823) mem 0x8000629c 0x55555558
core   0: 0x80000970 (0x00300513) li      a0, 3
core   0: 3 0x80000970 (0x00300513) x10 0x00000003
core   0: 0x80000974 (0xaaaab5b7) lui     a1, 0xaaaab
core   0: 3 0x80000974 (0xaaaab5b7) x11 0xaaaab000
core   0: 0x80000978 (0xaaa58593) addi    a1, a1, -1366
core   0: 3 0x80000978 (0xaaa58593) x11 0xaaaaaaaa
core   0: 0x8000097c (0x00b50633) add     a2, a0, a1
core   0: 3 0x8000097c (0x00b50633) x12 0xaaaaaaad
core   0: 0x80000980 (0x10c0aa23) sw      a2, 276(ra)
core   0: 3 0x80000980 (0x10c0aa23) mem 0x800062a0 0xaaaaaaad
core   0: 0x80000984 (0x00300513) li      a0, 3
core   0: 3 0x80000984 (0x00300513) x10 0x00000003
core   0: 0x80000988 (0x00500593) li      a1, 5
core   0: 3 0x80000988 (0x00500593) x11 0x00000005
core   0: 0x8000098c (0x00b50633) add     a2, a0, a1
core   0: 3 0x8000098c (0x00b50633) x12 0x00000008
core   0: 0x80000990 (0x10c0ac23) sw      a2, 280(ra)
core   0: 3 0x80000990 (0x10c0ac23) mem 0x800062a4 0x00000008
core   0: 0x80000994 (0x00300513) li      a0, 3
core   0: 3 0x80000994 (0x00300513) x10 0x00000003
core   0: 0x80000998 (0x333335b7) lui     a1, 0x33333
core   0: 3 0x80000998 (0x333335b7) x11 0x33333000
core   0: 0x8000099c (0x33358593) addi    a1, a1, 819
core   0: 3 0x8000099c (0x33358593) x11 0x33333333
core   0: 0x800009a0 (0x00b50633) add     a2, a0, a1
core   0: 3 0x800009a0 (0x00b50633) x12 0x33333336
core   0: 0x800009a4 (0x10c0ae23) sw      a2, 284(ra)
core   0: 3 0x800009a4 (0x10c0ae23) mem 0x800062a8 0x33333336
core   0: 0x800009a8 (0x00300513) li      a0, 3
core   0: 3 0x800009a8 (0x00300513) x10 0x00000003
core   0: 0x800009ac (0x666665b7) lui     a1, 0x66666
core   0: 3 0x800009ac (0x666665b7) x11 0x66666000
core   0: 0x800009b0 (0x66658593) addi    a1, a1, 1638
core   0: 3 0x800009b0 (0x66658593) x11 0x66666666
core   0: 0x800009b4 (0x00b50633) add     a2, a0, a1
core   0: 3 0x800009b4 (0x00b50633) x12 0x66666669
core   0: 0x800009b8 (0x12c0a023) sw      a2, 288(ra)
core   0: 3 0x800009b8 (0x12c0a023) mem 0x800062ac 0x66666669
core   0: 0x800009bc (0x00300513) li      a0, 3
core   0: 3 0x800009bc (0x00300513) x10 0x00000003
core   0: 0x800009c0 (0xffff55b7) lui     a1, 0xffff5
core   0: 3 0x800009c0 (0xffff55b7) x11 0xffff5000
core   0: 0x800009c4 (0xafc58593) addi    a1, a1, -1284
core   0: 3 0x800009c4 (0xafc58593) x11 0xffff4afc
core   0: 0x800009c8 (0x00b50633) add     a2, a0, a1
core   0: 3 0x800009c8 (0x00b50633) x12 0xffff4aff
core   0: 0x800009cc (0x12c0a223) sw      a2, 292(ra)
core   0: 3 0x800009cc (0x12c0a223) mem 0x800062b0 0xffff4aff
core   0: 0x800009d0 (0x00300513) li      a0, 3
core   0: 3 0x800009d0 (0x00300513) x10 0x00000003
core   0: 0x800009d4 (0x0000b5b7) lui     a1, 0xb
core   0: 3 0x800009d4 (0x0000b5b7) x11 0x0000b000
core   0: 0x800009d8 (0x50458593) addi    a1, a1, 1284
core   0: 3 0x800009d8 (0x50458593) x11 0x0000b504
core   0: 0x800009dc (0x00b50633) add     a2, a0, a1
core   0: 3 0x800009dc (0x00b50633) x12 0x0000b507
core   0: 0x800009e0 (0x12c0a423) sw      a2, 296(ra)
core   0: 3 0x800009e0 (0x12c0a423) mem 0x800062b4 0x0000b507
core   0: 0x800009e4 (0x00300513) li      a0, 3
core   0: 3 0x800009e4 (0x00300513) x10 0x00000003
core   0: 0x800009e8 (0x00200593) li      a1, 2
core   0: 3 0x800009e8 (0x00200593) x11 0x00000002
core   0: 0x800009ec (0x00b50633) add     a2, a0, a1
core   0: 3 0x800009ec (0x00b50633) x12 0x00000005
core   0: 0x800009f0 (0x12c0a623) sw      a2, 300(ra)
core   0: 3 0x800009f0 (0x12c0a623) mem 0x800062b8 0x00000005
core   0: 0x800009f4 (0x00300513) li      a0, 3
core   0: 3 0x800009f4 (0x00300513) x10 0x00000003
core   0: 0x800009f8 (0x555555b7) lui     a1, 0x55555
core   0: 3 0x800009f8 (0x555555b7) x11 0x55555000
core   0: 0x800009fc (0x55458593) addi    a1, a1, 1364
core   0: 3 0x800009fc (0x55458593) x11 0x55555554
core   0: 0x80000a00 (0x00b50633) add     a2, a0, a1
core   0: 3 0x80000a00 (0x00b50633) x12 0x55555557
core   0: 0x80000a04 (0x12c0a823) sw      a2, 304(ra)
core   0: 3 0x80000a04 (0x12c0a823) mem 0x800062bc 0x55555557
core   0: 0x80000a08 (0x00300513) li      a0, 3
core   0: 3 0x80000a08 (0x00300513) x10 0x00000003
core   0: 0x80000a0c (0x00000593) li      a1, 0
core   0: 3 0x80000a0c (0x00000593) x11 0x00000000
core   0: 0x80000a10 (0x00b50633) add     a2, a0, a1
core   0: 3 0x80000a10 (0x00b50633) x12 0x00000003
core   0: 0x80000a14 (0x12c0aa23) sw      a2, 308(ra)
core   0: 3 0x80000a14 (0x12c0aa23) mem 0x800062c0 0x00000003
core   0: 0x80000a18 (0x00300513) li      a0, 3
core   0: 3 0x80000a18 (0x00300513) x10 0x00000003
core   0: 0x80000a1c (0x00400593) li      a1, 4
core   0: 3 0x80000a1c (0x00400593) x11 0x00000004
core   0: 0x80000a20 (0x00b50633) add     a2, a0, a1
core   0: 3 0x80000a20 (0x00b50633) x12 0x00000007
core   0: 0x80000a24 (0x12c0ac23) sw      a2, 312(ra)
core   0: 3 0x80000a24 (0x12c0ac23) mem 0x800062c4 0x00000007
core   0: 0x80000a28 (0x00300513) li      a0, 3
core   0: 3 0x80000a28 (0x00300513) x10 0x00000003
core   0: 0x80000a2c (0x333335b7) lui     a1, 0x33333
core   0: 3 0x80000a2c (0x333335b7) x11 0x33333000
core   0: 0x80000a30 (0x33258593) addi    a1, a1, 818
core   0: 3 0x80000a30 (0x33258593) x11 0x33333332
core   0: 0x80000a34 (0x00b50633) add     a2, a0, a1
core   0: 3 0x80000a34 (0x00b50633) x12 0x33333335
core   0: 0x80000a38 (0x12c0ae23) sw      a2, 316(ra)
core   0: 3 0x80000a38 (0x12c0ae23) mem 0x800062c8 0x33333335
core   0: 0x80000a3c (0x00300513) li      a0, 3
core   0: 3 0x80000a3c (0x00300513) x10 0x00000003
core   0: 0x80000a40 (0x666665b7) lui     a1, 0x66666
core   0: 3 0x80000a40 (0x666665b7) x11 0x66666000
core   0: 0x80000a44 (0x66558593) addi    a1, a1, 1637
core   0: 3 0x80000a44 (0x66558593) x11 0x66666665
core   0: 0x80000a48 (0x00b50633) add     a2, a0, a1
core   0: 3 0x80000a48 (0x00b50633) x12 0x66666668
core   0: 0x80000a4c (0x14c0a023) sw      a2, 320(ra)
core   0: 3 0x80000a4c (0x14c0a023) mem 0x800062cc 0x66666668
core   0: 0x80000a50 (0x00300513) li      a0, 3
core   0: 3 0x80000a50 (0x00300513) x10 0x00000003
core   0: 0x80000a54 (0x0000b5b7) lui     a1, 0xb
core   0: 3 0x80000a54 (0x0000b5b7) x11 0x0000b000
core   0: 0x80000a58 (0x50358593) addi    a1, a1, 1283
core   0: 3 0x80000a58 (0x50358593) x11 0x0000b503
core   0: 0x80000a5c (0x00b50633) add     a2, a0, a1
core   0: 3 0x80000a5c (0x00b50633) x12 0x0000b506
core   0: 0x80000a60 (0x14c0a223) sw      a2, 324(ra)
core   0: 3 0x80000a60 (0x14c0a223) mem 0x800062d0 0x0000b506
core   0: 0x80000a64 (0x00300513) li      a0, 3
core   0: 3 0x80000a64 (0x00300513) x10 0x00000003
core   0: 0x80000a68 (0x555555b7) lui     a1, 0x55555
core   0: 3 0x80000a68 (0x555555b7) x11 0x55555000
core   0: 0x80000a6c (0x55658593) addi    a1, a1, 1366
core   0: 3 0x80000a6c (0x55658593) x11 0x55555556
core   0: 0x80000a70 (0x00b50633) add     a2, a0, a1
core   0: 3 0x80000a70 (0x00b50633) x12 0x55555559
core   0: 0x80000a74 (0x14c0a423) sw      a2, 328(ra)
core   0: 3 0x80000a74 (0x14c0a423) mem 0x800062d4 0x55555559
core   0: 0x80000a78 (0x00300513) li      a0, 3
core   0: 3 0x80000a78 (0x00300513) x10 0x00000003
core   0: 0x80000a7c (0xaaaab5b7) lui     a1, 0xaaaab
core   0: 3 0x80000a7c (0xaaaab5b7) x11 0xaaaab000
core   0: 0x80000a80 (0xaab58593) addi    a1, a1, -1365
core   0: 3 0x80000a80 (0xaab58593) x11 0xaaaaaaab
core   0: 0x80000a84 (0x00b50633) add     a2, a0, a1
core   0: 3 0x80000a84 (0x00b50633) x12 0xaaaaaaae
core   0: 0x80000a88 (0x14c0a623) sw      a2, 332(ra)
core   0: 3 0x80000a88 (0x14c0a623) mem 0x800062d8 0xaaaaaaae
core   0: 0x80000a8c (0x00300513) li      a0, 3
core   0: 3 0x80000a8c (0x00300513) x10 0x00000003
core   0: 0x80000a90 (0x00600593) li      a1, 6
core   0: 3 0x80000a90 (0x00600593) x11 0x00000006
core   0: 0x80000a94 (0x00b50633) add     a2, a0, a1
core   0: 3 0x80000a94 (0x00b50633) x12 0x00000009
core   0: 0x80000a98 (0x14c0a823) sw      a2, 336(ra)
core   0: 3 0x80000a98 (0x14c0a823) mem 0x800062dc 0x00000009
core   0: 0x80000a9c (0x00300513) li      a0, 3
core   0: 3 0x80000a9c (0x00300513) x10 0x00000003
core   0: 0x80000aa0 (0x333335b7) lui     a1, 0x33333
core   0: 3 0x80000aa0 (0x333335b7) x11 0x33333000
core   0: 0x80000aa4 (0x33458593) addi    a1, a1, 820
core   0: 3 0x80000aa4 (0x33458593) x11 0x33333334
core   0: 0x80000aa8 (0x00b50633) add     a2, a0, a1
core   0: 3 0x80000aa8 (0x00b50633) x12 0x33333337
core   0: 0x80000aac (0x14c0aa23) sw      a2, 340(ra)
core   0: 3 0x80000aac (0x14c0aa23) mem 0x800062e0 0x33333337
core   0: 0x80000ab0 (0x00300513) li      a0, 3
core   0: 3 0x80000ab0 (0x00300513) x10 0x00000003
core   0: 0x80000ab4 (0x666665b7) lui     a1, 0x66666
core   0: 3 0x80000ab4 (0x666665b7) x11 0x66666000
core   0: 0x80000ab8 (0x66758593) addi    a1, a1, 1639
core   0: 3 0x80000ab8 (0x66758593) x11 0x66666667
core   0: 0x80000abc (0x00b50633) add     a2, a0, a1
core   0: 3 0x80000abc (0x00b50633) x12 0x6666666a
core   0: 0x80000ac0 (0x14c0ac23) sw      a2, 344(ra)
core   0: 3 0x80000ac0 (0x14c0ac23) mem 0x800062e4 0x6666666a
core   0: 0x80000ac4 (0x00300513) li      a0, 3
core   0: 3 0x80000ac4 (0x00300513) x10 0x00000003
core   0: 0x80000ac8 (0xffff55b7) lui     a1, 0xffff5
core   0: 3 0x80000ac8 (0xffff55b7) x11 0xffff5000
core   0: 0x80000acc (0xafd58593) addi    a1, a1, -1283
core   0: 3 0x80000acc (0xafd58593) x11 0xffff4afd
core   0: 0x80000ad0 (0x00b50633) add     a2, a0, a1
core   0: 3 0x80000ad0 (0x00b50633) x12 0xffff4b00
core   0: 0x80000ad4 (0x14c0ae23) sw      a2, 348(ra)
core   0: 3 0x80000ad4 (0x14c0ae23) mem 0x800062e8 0xffff4b00
core   0: 0x80000ad8 (0x00300513) li      a0, 3
core   0: 3 0x80000ad8 (0x00300513) x10 0x00000003
core   0: 0x80000adc (0x0000b5b7) lui     a1, 0xb
core   0: 3 0x80000adc (0x0000b5b7) x11 0x0000b000
core   0: 0x80000ae0 (0x50558593) addi    a1, a1, 1285
core   0: 3 0x80000ae0 (0x50558593) x11 0x0000b505
core   0: 0x80000ae4 (0x00b50633) add     a2, a0, a1
core   0: 3 0x80000ae4 (0x00b50633) x12 0x0000b508
core   0: 0x80000ae8 (0x16c0a023) sw      a2, 352(ra)
core   0: 3 0x80000ae8 (0x16c0a023) mem 0x800062ec 0x0000b508
core   0: 0x80000aec (0x55555537) lui     a0, 0x55555
core   0: 3 0x80000aec (0x55555537) x10 0x55555000
core   0: 0x80000af0 (0x55550513) addi    a0, a0, 1365
core   0: 3 0x80000af0 (0x55550513) x10 0x55555555
core   0: 0x80000af4 (0x00300593) li      a1, 3
core   0: 3 0x80000af4 (0x00300593) x11 0x00000003
core   0: 0x80000af8 (0x00b50633) add     a2, a0, a1
core   0: 3 0x80000af8 (0x00b50633) x12 0x55555558
core   0: 0x80000afc (0x16c0a223) sw      a2, 356(ra)
core   0: 3 0x80000afc (0x16c0a223) mem 0x800062f0 0x55555558
core   0: 0x80000b00 (0x55555537) lui     a0, 0x55555
core   0: 3 0x80000b00 (0x55555537) x10 0x55555000
core   0: 0x80000b04 (0x55550513) addi    a0, a0, 1365
core   0: 3 0x80000b04 (0x55550513) x10 0x55555555
core   0: 0x80000b08 (0x555555b7) lui     a1, 0x55555
core   0: 3 0x80000b08 (0x555555b7) x11 0x55555000
core   0: 0x80000b0c (0x55558593) addi    a1, a1, 1365
core   0: 3 0x80000b0c (0x55558593) x11 0x55555555
core   0: 0x80000b10 (0x00b50633) add     a2, a0, a1
core   0: 3 0x80000b10 (0x00b50633) x12 0xaaaaaaaa
core   0: 0x80000b14 (0x16c0a423) sw      a2, 360(ra)
core   0: 3 0x80000b14 (0x16c0a423) mem 0x800062f4 0xaaaaaaaa
core   0: 0x80000b18 (0x55555537) lui     a0, 0x55555
core   0: 3 0x80000b18 (0x55555537) x10 0x55555000
core   0: 0x80000b1c (0x55550513) addi    a0, a0, 1365
core   0: 3 0x80000b1c (0x55550513) x10 0x55555555
core   0: 0x80000b20 (0xaaaab5b7) lui     a1, 0xaaaab
core   0: 3 0x80000b20 (0xaaaab5b7) x11 0xaaaab000
core   0: 0x80000b24 (0xaaa58593) addi    a1, a1, -1366
core   0: 3 0x80000b24 (0xaaa58593) x11 0xaaaaaaaa
core   0: 0x80000b28 (0x00b50633) add     a2, a0, a1
core   0: 3 0x80000b28 (0x00b50633) x12 0xffffffff
core   0: 0x80000b2c (0x16c0a623) sw      a2, 364(ra)
core   0: 3 0x80000b2c (0x16c0a623) mem 0x800062f8 0xffffffff
core   0: 0x80000b30 (0x55555537) lui     a0, 0x55555
core   0: 3 0x80000b30 (0x55555537) x10 0x55555000
core   0: 0x80000b34 (0x55550513) addi    a0, a0, 1365
core   0: 3 0x80000b34 (0x55550513) x10 0x55555555
core   0: 0x80000b38 (0x00500593) li      a1, 5
core   0: 3 0x80000b38 (0x00500593) x11 0x00000005
core   0: 0x80000b3c (0x00b50633) add     a2, a0, a1
core   0: 3 0x80000b3c (0x00b50633) x12 0x5555555a
core   0: 0x80000b40 (0x16c0a823) sw      a2, 368(ra)
core   0: 3 0x80000b40 (0x16c0a823) mem 0x800062fc 0x5555555a
core   0: 0x80000b44 (0x55555537) lui     a0, 0x55555
core   0: 3 0x80000b44 (0x55555537) x10 0x55555000
core   0: 0x80000b48 (0x55550513) addi    a0, a0, 1365
core   0: 3 0x80000b48 (0x55550513) x10 0x55555555
core   0: 0x80000b4c (0x333335b7) lui     a1, 0x33333
core   0: 3 0x80000b4c (0x333335b7) x11 0x33333000
core   0: 0x80000b50 (0x33358593) addi    a1, a1, 819
core   0: 3 0x80000b50 (0x33358593) x11 0x33333333
core   0: 0x80000b54 (0x00b50633) add     a2, a0, a1
core   0: 3 0x80000b54 (0x00b50633) x12 0x88888888
core   0: 0x80000b58 (0x16c0aa23) sw      a2, 372(ra)
core   0: 3 0x80000b58 (0x16c0aa23) mem 0x80006300 0x88888888
core   0: 0x80000b5c (0x55555537) lui     a0, 0x55555
core   0: 3 0x80000b5c (0x55555537) x10 0x55555000
core   0: 0x80000b60 (0x55550513) addi    a0, a0, 1365
core   0: 3 0x80000b60 (0x55550513) x10 0x55555555
core   0: 0x80000b64 (0x666665b7) lui     a1, 0x66666
core   0: 3 0x80000b64 (0x666665b7) x11 0x66666000
core   0: 0x80000b68 (0x66658593) addi    a1, a1, 1638
core   0: 3 0x80000b68 (0x66658593) x11 0x66666666
core   0: 0x80000b6c (0x00b50633) add     a2, a0, a1
core   0: 3 0x80000b6c (0x00b50633) x12 0xbbbbbbbb
core   0: 0x80000b70 (0x16c0ac23) sw      a2, 376(ra)
core   0: 3 0x80000b70 (0x16c0ac23) mem 0x80006304 0xbbbbbbbb
core   0: 0x80000b74 (0x55555537) lui     a0, 0x55555
core   0: 3 0x80000b74 (0x55555537) x10 0x55555000
core   0: 0x80000b78 (0x55550513) addi    a0, a0, 1365
core   0: 3 0x80000b78 (0x55550513) x10 0x55555555
core   0: 0x80000b7c (0xffff55b7) lui     a1, 0xffff5
core   0: 3 0x80000b7c (0xffff55b7) x11 0xffff5000
core   0: 0x80000b80 (0xafc58593) addi    a1, a1, -1284
core   0: 3 0x80000b80 (0xafc58593) x11 0xffff4afc
core   0: 0x80000b84 (0x00b50633) add     a2, a0, a1
core   0: 3 0x80000b84 (0x00b50633) x12 0x5554a051
core   0: 0x80000b88 (0x16c0ae23) sw      a2, 380(ra)
core   0: 3 0x80000b88 (0x16c0ae23) mem 0x80006308 0x5554a051
core   0: 0x80000b8c (0x55555537) lui     a0, 0x55555
core   0: 3 0x80000b8c (0x55555537) x10 0x55555000
core   0: 0x80000b90 (0x55550513) addi    a0, a0, 1365
core   0: 3 0x80000b90 (0x55550513) x10 0x55555555
core   0: 0x80000b94 (0x0000b5b7) lui     a1, 0xb
core   0: 3 0x80000b94 (0x0000b5b7) x11 0x0000b000
core   0: 0x80000b98 (0x50458593) addi    a1, a1, 1284
core   0: 3 0x80000b98 (0x50458593) x11 0x0000b504
core   0: 0x80000b9c (0x00b50633) add     a2, a0, a1
core   0: 3 0x80000b9c (0x00b50633) x12 0x55560a59
core   0: 0x80000ba0 (0x18c0a023) sw      a2, 384(ra)
core   0: 3 0x80000ba0 (0x18c0a023) mem 0x8000630c 0x55560a59
core   0: 0x80000ba4 (0x55555537) lui     a0, 0x55555
core   0: 3 0x80000ba4 (0x55555537) x10 0x55555000
core   0: 0x80000ba8 (0x55550513) addi    a0, a0, 1365
core   0: 3 0x80000ba8 (0x55550513) x10 0x55555555
core   0: 0x80000bac (0x00200593) li      a1, 2
core   0: 3 0x80000bac (0x00200593) x11 0x00000002
core   0: 0x80000bb0 (0x00b50633) add     a2, a0, a1
core   0: 3 0x80000bb0 (0x00b50633) x12 0x55555557
core   0: 0x80000bb4 (0x18c0a223) sw      a2, 388(ra)
core   0: 3 0x80000bb4 (0x18c0a223) mem 0x80006310 0x55555557
core   0: 0x80000bb8 (0x55555537) lui     a0, 0x55555
core   0: 3 0x80000bb8 (0x55555537) x10 0x55555000
core   0: 0x80000bbc (0x55550513) addi    a0, a0, 1365
core   0: 3 0x80000bbc (0x55550513) x10 0x55555555
core   0: 0x80000bc0 (0x555555b7) lui     a1, 0x55555
core   0: 3 0x80000bc0 (0x555555b7) x11 0x55555000
core   0: 0x80000bc4 (0x55458593) addi    a1, a1, 1364
core   0: 3 0x80000bc4 (0x55458593) x11 0x55555554
core   0: 0x80000bc8 (0x00b50633) add     a2, a0, a1
core   0: 3 0x80000bc8 (0x00b50633) x12 0xaaaaaaa9
core   0: 0x80000bcc (0x18c0a423) sw      a2, 392(ra)
core   0: 3 0x80000bcc (0x18c0a423) mem 0x80006314 0xaaaaaaa9
core   0: 0x80000bd0 (0x55555537) lui     a0, 0x55555
core   0: 3 0x80000bd0 (0x55555537) x10 0x55555000
core   0: 0x80000bd4 (0x55550513) addi    a0, a0, 1365
core   0: 3 0x80000bd4 (0x55550513) x10 0x55555555
core   0: 0x80000bd8 (0x00000593) li      a1, 0
core   0: 3 0x80000bd8 (0x00000593) x11 0x00000000
core   0: 0x80000bdc (0x00b50633) add     a2, a0, a1
core   0: 3 0x80000bdc (0x00b50633) x12 0x55555555
core   0: 0x80000be0 (0x18c0a623) sw      a2, 396(ra)
core   0: 3 0x80000be0 (0x18c0a623) mem 0x80006318 0x55555555
core   0: 0x80000be4 (0x55555537) lui     a0, 0x55555
core   0: 3 0x80000be4 (0x55555537) x10 0x55555000
core   0: 0x80000be8 (0x55550513) addi    a0, a0, 1365
core   0: 3 0x80000be8 (0x55550513) x10 0x55555555
core   0: 0x80000bec (0x00400593) li      a1, 4
core   0: 3 0x80000bec (0x00400593) x11 0x00000004
core   0: 0x80000bf0 (0x00b50633) add     a2, a0, a1
core   0: 3 0x80000bf0 (0x00b50633) x12 0x55555559
core   0: 0x80000bf4 (0x18c0a823) sw      a2, 400(ra)
core   0: 3 0x80000bf4 (0x18c0a823) mem 0x8000631c 0x55555559
core   0: 0x80000bf8 (0x55555537) lui     a0, 0x55555
core   0: 3 0x80000bf8 (0x55555537) x10 0x55555000
core   0: 0x80000bfc (0x55550513) addi    a0, a0, 1365
core   0: 3 0x80000bfc (0x55550513) x10 0x55555555
core   0: 0x80000c00 (0x333335b7) lui     a1, 0x33333
core   0: 3 0x80000c00 (0x333335b7) x11 0x33333000
core   0: 0x80000c04 (0x33258593) addi    a1, a1, 818
core   0: 3 0x80000c04 (0x33258593) x11 0x33333332
core   0: 0x80000c08 (0x00b50633) add     a2, a0, a1
core   0: 3 0x80000c08 (0x00b50633) x12 0x88888887
core   0: 0x80000c0c (0x18c0aa23) sw      a2, 404(ra)
core   0: 3 0x80000c0c (0x18c0aa23) mem 0x80006320 0x88888887
core   0: 0x80000c10 (0x55555537) lui     a0, 0x55555
core   0: 3 0x80000c10 (0x55555537) x10 0x55555000
core   0: 0x80000c14 (0x55550513) addi    a0, a0, 1365
core   0: 3 0x80000c14 (0x55550513) x10 0x55555555
core   0: 0x80000c18 (0x666665b7) lui     a1, 0x66666
core   0: 3 0x80000c18 (0x666665b7) x11 0x66666000
core   0: 0x80000c1c (0x66558593) addi    a1, a1, 1637
core   0: 3 0x80000c1c (0x66558593) x11 0x66666665
core   0: 0x80000c20 (0x00b50633) add     a2, a0, a1
core   0: 3 0x80000c20 (0x00b50633) x12 0xbbbbbbba
core   0: 0x80000c24 (0x18c0ac23) sw      a2, 408(ra)
core   0: 3 0x80000c24 (0x18c0ac23) mem 0x80006324 0xbbbbbbba
core   0: 0x80000c28 (0x55555537) lui     a0, 0x55555
core   0: 3 0x80000c28 (0x55555537) x10 0x55555000
core   0: 0x80000c2c (0x55550513) addi    a0, a0, 1365
core   0: 3 0x80000c2c (0x55550513) x10 0x55555555
core   0: 0x80000c30 (0x0000b5b7) lui     a1, 0xb
core   0: 3 0x80000c30 (0x0000b5b7) x11 0x0000b000
core   0: 0x80000c34 (0x50358593) addi    a1, a1, 1283
core   0: 3 0x80000c34 (0x50358593) x11 0x0000b503
core   0: 0x80000c38 (0x00b50633) add     a2, a0, a1
core   0: 3 0x80000c38 (0x00b50633) x12 0x55560a58
core   0: 0x80000c3c (0x18c0ae23) sw      a2, 412(ra)
core   0: 3 0x80000c3c (0x18c0ae23) mem 0x80006328 0x55560a58
core   0: 0x80000c40 (0x55555537) lui     a0, 0x55555
core   0: 3 0x80000c40 (0x55555537) x10 0x55555000
core   0: 0x80000c44 (0x55550513) addi    a0, a0, 1365
core   0: 3 0x80000c44 (0x55550513) x10 0x55555555
core   0: 0x80000c48 (0x555555b7) lui     a1, 0x55555
core   0: 3 0x80000c48 (0x555555b7) x11 0x55555000
core   0: 0x80000c4c (0x55658593) addi    a1, a1, 1366
core   0: 3 0x80000c4c (0x55658593) x11 0x55555556
core   0: 0x80000c50 (0x00b50633) add     a2, a0, a1
core   0: 3 0x80000c50 (0x00b50633) x12 0xaaaaaaab
core   0: 0x80000c54 (0x1ac0a023) sw      a2, 416(ra)
core   0: 3 0x80000c54 (0x1ac0a023) mem 0x8000632c 0xaaaaaaab
core   0: 0x80000c58 (0x55555537) lui     a0, 0x55555
core   0: 3 0x80000c58 (0x55555537) x10 0x55555000
core   0: 0x80000c5c (0x55550513) addi    a0, a0, 1365
core   0: 3 0x80000c5c (0x55550513) x10 0x55555555
core   0: 0x80000c60 (0xaaaab5b7) lui     a1, 0xaaaab
core   0: 3 0x80000c60 (0xaaaab5b7) x11 0xaaaab000
core   0: 0x80000c64 (0xaab58593) addi    a1, a1, -1365
core   0: 3 0x80000c64 (0xaab58593) x11 0xaaaaaaab
core   0: 0x80000c68 (0x00b50633) add     a2, a0, a1
core   0: 3 0x80000c68 (0x00b50633) x12 0x00000000
core   0: 0x80000c6c (0x1ac0a223) sw      a2, 420(ra)
core   0: 3 0x80000c6c (0x1ac0a223) mem 0x80006330 0x00000000
core   0: 0x80000c70 (0x55555537) lui     a0, 0x55555
core   0: 3 0x80000c70 (0x55555537) x10 0x55555000
core   0: 0x80000c74 (0x55550513) addi    a0, a0, 1365
core   0: 3 0x80000c74 (0x55550513) x10 0x55555555
core   0: 0x80000c78 (0x00600593) li      a1, 6
core   0: 3 0x80000c78 (0x00600593) x11 0x00000006
core   0: 0x80000c7c (0x00b50633) add     a2, a0, a1
core   0: 3 0x80000c7c (0x00b50633) x12 0x5555555b
core   0: 0x80000c80 (0x1ac0a423) sw      a2, 424(ra)
core   0: 3 0x80000c80 (0x1ac0a423) mem 0x80006334 0x5555555b
core   0: 0x80000c84 (0x55555537) lui     a0, 0x55555
core   0: 3 0x80000c84 (0x55555537) x10 0x55555000
core   0: 0x80000c88 (0x55550513) addi    a0, a0, 1365
core   0: 3 0x80000c88 (0x55550513) x10 0x55555555
core   0: 0x80000c8c (0x333335b7) lui     a1, 0x33333
core   0: 3 0x80000c8c (0x333335b7) x11 0x33333000
core   0: 0x80000c90 (0x33458593) addi    a1, a1, 820
core   0: 3 0x80000c90 (0x33458593) x11 0x33333334
core   0: 0x80000c94 (0x00b50633) add     a2, a0, a1
core   0: 3 0x80000c94 (0x00b50633) x12 0x88888889
core   0: 0x80000c98 (0x1ac0a623) sw      a2, 428(ra)
core   0: 3 0x80000c98 (0x1ac0a623) mem 0x80006338 0x88888889
core   0: 0x80000c9c (0x55555537) lui     a0, 0x55555
core   0: 3 0x80000c9c (0x55555537) x10 0x55555000
core   0: 0x80000ca0 (0x55550513) addi    a0, a0, 1365
core   0: 3 0x80000ca0 (0x55550513) x10 0x55555555
core   0: 0x80000ca4 (0x666665b7) lui     a1, 0x66666
core   0: 3 0x80000ca4 (0x666665b7) x11 0x66666000
core   0: 0x80000ca8 (0x66758593) addi    a1, a1, 1639
core   0: 3 0x80000ca8 (0x66758593) x11 0x66666667
core   0: 0x80000cac (0x00b50633) add     a2, a0, a1
core   0: 3 0x80000cac (0x00b50633) x12 0xbbbbbbbc
core   0: 0x80000cb0 (0x1ac0a823) sw      a2, 432(ra)
core   0: 3 0x80000cb0 (0x1ac0a823) mem 0x8000633c 0xbbbbbbbc
core   0: 0x80000cb4 (0x55555537) lui     a0, 0x55555
core   0: 3 0x80000cb4 (0x55555537) x10 0x55555000
core   0: 0x80000cb8 (0x55550513) addi    a0, a0, 1365
core   0: 3 0x80000cb8 (0x55550513) x10 0x55555555
core   0: 0x80000cbc (0xffff55b7) lui     a1, 0xffff5
core   0: 3 0x80000cbc (0xffff55b7) x11 0xffff5000
core   0: 0x80000cc0 (0xafd58593) addi    a1, a1, -1283
core   0: 3 0x80000cc0 (0xafd58593) x11 0xffff4afd
core   0: 0x80000cc4 (0x00b50633) add     a2, a0, a1
core   0: 3 0x80000cc4 (0x00b50633) x12 0x5554a052
core   0: 0x80000cc8 (0x1ac0aa23) sw      a2, 436(ra)
core   0: 3 0x80000cc8 (0x1ac0aa23) mem 0x80006340 0x5554a052
core   0: 0x80000ccc (0x55555537) lui     a0, 0x55555
core   0: 3 0x80000ccc (0x55555537) x10 0x55555000
core   0: 0x80000cd0 (0x55550513) addi    a0, a0, 1365
core   0: 3 0x80000cd0 (0x55550513) x10 0x55555555
core   0: 0x80000cd4 (0x0000b5b7) lui     a1, 0xb
core   0: 3 0x80000cd4 (0x0000b5b7) x11 0x0000b000
core   0: 0x80000cd8 (0x50558593) addi    a1, a1, 1285
core   0: 3 0x80000cd8 (0x50558593) x11 0x0000b505
core   0: 0x80000cdc (0x00b50633) add     a2, a0, a1
core   0: 3 0x80000cdc (0x00b50633) x12 0x55560a5a
core   0: 0x80000ce0 (0x1ac0ac23) sw      a2, 440(ra)
core   0: 3 0x80000ce0 (0x1ac0ac23) mem 0x80006344 0x55560a5a
core   0: 0x80000ce4 (0xaaaab537) lui     a0, 0xaaaab
core   0: 3 0x80000ce4 (0xaaaab537) x10 0xaaaab000
core   0: 0x80000ce8 (0xaaa50513) addi    a0, a0, -1366
core   0: 3 0x80000ce8 (0xaaa50513) x10 0xaaaaaaaa
core   0: 0x80000cec (0x00300593) li      a1, 3
core   0: 3 0x80000cec (0x00300593) x11 0x00000003
core   0: 0x80000cf0 (0x00b50633) add     a2, a0, a1
core   0: 3 0x80000cf0 (0x00b50633) x12 0xaaaaaaad
core   0: 0x80000cf4 (0x1ac0ae23) sw      a2, 444(ra)
core   0: 3 0x80000cf4 (0x1ac0ae23) mem 0x80006348 0xaaaaaaad
core   0: 0x80000cf8 (0xaaaab537) lui     a0, 0xaaaab
core   0: 3 0x80000cf8 (0xaaaab537) x10 0xaaaab000
core   0: 0x80000cfc (0xaaa50513) addi    a0, a0, -1366
core   0: 3 0x80000cfc (0xaaa50513) x10 0xaaaaaaaa
core   0: 0x80000d00 (0x555555b7) lui     a1, 0x55555
core   0: 3 0x80000d00 (0x555555b7) x11 0x55555000
core   0: 0x80000d04 (0x55558593) addi    a1, a1, 1365
core   0: 3 0x80000d04 (0x55558593) x11 0x55555555
core   0: 0x80000d08 (0x00b50633) add     a2, a0, a1
core   0: 3 0x80000d08 (0x00b50633) x12 0xffffffff
core   0: 0x80000d0c (0x1cc0a023) sw      a2, 448(ra)
core   0: 3 0x80000d0c (0x1cc0a023) mem 0x8000634c 0xffffffff
core   0: 0x80000d10 (0xaaaab537) lui     a0, 0xaaaab
core   0: 3 0x80000d10 (0xaaaab537) x10 0xaaaab000
core   0: 0x80000d14 (0xaaa50513) addi    a0, a0, -1366
core   0: 3 0x80000d14 (0xaaa50513) x10 0xaaaaaaaa
core   0: 0x80000d18 (0xaaaab5b7) lui     a1, 0xaaaab
core   0: 3 0x80000d18 (0xaaaab5b7) x11 0xaaaab000
core   0: 0x80000d1c (0xaaa58593) addi    a1, a1, -1366
core   0: 3 0x80000d1c (0xaaa58593) x11 0xaaaaaaaa
core   0: 0x80000d20 (0x00b50633) add     a2, a0, a1
core   0: 3 0x80000d20 (0x00b50633) x12 0x55555554
core   0: 0x80000d24 (0x1cc0a223) sw      a2, 452(ra)
core   0: 3 0x80000d24 (0x1cc0a223) mem 0x80006350 0x55555554
core   0: 0x80000d28 (0xaaaab537) lui     a0, 0xaaaab
core   0: 3 0x80000d28 (0xaaaab537) x10 0xaaaab000
core   0: 0x80000d2c (0xaaa50513) addi    a0, a0, -1366
core   0: 3 0x80000d2c (0xaaa50513) x10 0xaaaaaaaa
core   0: 0x80000d30 (0x00500593) li      a1, 5
core   0: 3 0x80000d30 (0x00500593) x11 0x00000005
core   0: 0x80000d34 (0x00b50633) add     a2, a0, a1
core   0: 3 0x80000d34 (0x00b50633) x12 0xaaaaaaaf
core   0: 0x80000d38 (0x1cc0a423) sw      a2, 456(ra)
core   0: 3 0x80000d38 (0x1cc0a423) mem 0x80006354 0xaaaaaaaf
core   0: 0x80000d3c (0xaaaab537) lui     a0, 0xaaaab
core   0: 3 0x80000d3c (0xaaaab537) x10 0xaaaab000
core   0: 0x80000d40 (0xaaa50513) addi    a0, a0, -1366
core   0: 3 0x80000d40 (0xaaa50513) x10 0xaaaaaaaa
core   0: 0x80000d44 (0x333335b7) lui     a1, 0x33333
core   0: 3 0x80000d44 (0x333335b7) x11 0x33333000
core   0: 0x80000d48 (0x33358593) addi    a1, a1, 819
core   0: 3 0x80000d48 (0x33358593) x11 0x33333333
core   0: 0x80000d4c (0x00b50633) add     a2, a0, a1
core   0: 3 0x80000d4c (0x00b50633) x12 0xdddddddd
core   0: 0x80000d50 (0x1cc0a623) sw      a2, 460(ra)
core   0: 3 0x80000d50 (0x1cc0a623) mem 0x80006358 0xdddddddd
core   0: 0x80000d54 (0xaaaab537) lui     a0, 0xaaaab
core   0: 3 0x80000d54 (0xaaaab537) x10 0xaaaab000
core   0: 0x80000d58 (0xaaa50513) addi    a0, a0, -1366
core   0: 3 0x80000d58 (0xaaa50513) x10 0xaaaaaaaa
core   0: 0x80000d5c (0x666665b7) lui     a1, 0x66666
core   0: 3 0x80000d5c (0x666665b7) x11 0x66666000
core   0: 0x80000d60 (0x66658593) addi    a1, a1, 1638
core   0: 3 0x80000d60 (0x66658593) x11 0x66666666
core   0: 0x80000d64 (0x00b50633) add     a2, a0, a1
core   0: 3 0x80000d64 (0x00b50633) x12 0x11111110
core   0: 0x80000d68 (0x1cc0a823) sw      a2, 464(ra)
core   0: 3 0x80000d68 (0x1cc0a823) mem 0x8000635c 0x11111110
core   0: 0x80000d6c (0xaaaab537) lui     a0, 0xaaaab
core   0: 3 0x80000d6c (0xaaaab537) x10 0xaaaab000
core   0: 0x80000d70 (0xaaa50513) addi    a0, a0, -1366
core   0: 3 0x80000d70 (0xaaa50513) x10 0xaaaaaaaa
core   0: 0x80000d74 (0xffff55b7) lui     a1, 0xffff5
core   0: 3 0x80000d74 (0xffff55b7) x11 0xffff5000
core   0: 0x80000d78 (0xafc58593) addi    a1, a1, -1284
core   0: 3 0x80000d78 (0xafc58593) x11 0xffff4afc
core   0: 0x80000d7c (0x00b50633) add     a2, a0, a1
core   0: 3 0x80000d7c (0x00b50633) x12 0xaaa9f5a6
core   0: 0x80000d80 (0x1cc0aa23) sw      a2, 468(ra)
core   0: 3 0x80000d80 (0x1cc0aa23) mem 0x80006360 0xaaa9f5a6
core   0: 0x80000d84 (0xaaaab537) lui     a0, 0xaaaab
core   0: 3 0x80000d84 (0xaaaab537) x10 0xaaaab000
core   0: 0x80000d88 (0xaaa50513) addi    a0, a0, -1366
core   0: 3 0x80000d88 (0xaaa50513) x10 0xaaaaaaaa
core   0: 0x80000d8c (0x0000b5b7) lui     a1, 0xb
core   0: 3 0x80000d8c (0x0000b5b7) x11 0x0000b000
core   0: 0x80000d90 (0x50458593) addi    a1, a1, 1284
core   0: 3 0x80000d90 (0x50458593) x11 0x0000b504
core   0: 0x80000d94 (0x00b50633) add     a2, a0, a1
core   0: 3 0x80000d94 (0x00b50633) x12 0xaaab5fae
core   0: 0x80000d98 (0x1cc0ac23) sw      a2, 472(ra)
core   0: 3 0x80000d98 (0x1cc0ac23) mem 0x80006364 0xaaab5fae
core   0: 0x80000d9c (0xaaaab537) lui     a0, 0xaaaab
core   0: 3 0x80000d9c (0xaaaab537) x10 0xaaaab000
core   0: 0x80000da0 (0xaaa50513) addi    a0, a0, -1366
core   0: 3 0x80000da0 (0xaaa50513) x10 0xaaaaaaaa
core   0: 0x80000da4 (0x00200593) li      a1, 2
core   0: 3 0x80000da4 (0x00200593) x11 0x00000002
core   0: 0x80000da8 (0x00b50633) add     a2, a0, a1
core   0: 3 0x80000da8 (0x00b50633) x12 0xaaaaaaac
core   0: 0x80000dac (0x1cc0ae23) sw      a2, 476(ra)
core   0: 3 0x80000dac (0x1cc0ae23) mem 0x80006368 0xaaaaaaac
core   0: 0x80000db0 (0xaaaab537) lui     a0, 0xaaaab
core   0: 3 0x80000db0 (0xaaaab537) x10 0xaaaab000
core   0: 0x80000db4 (0xaaa50513) addi    a0, a0, -1366
core   0: 3 0x80000db4 (0xaaa50513) x10 0xaaaaaaaa
core   0: 0x80000db8 (0x555555b7) lui     a1, 0x55555
core   0: 3 0x80000db8 (0x555555b7) x11 0x55555000
core   0: 0x80000dbc (0x55458593) addi    a1, a1, 1364
core   0: 3 0x80000dbc (0x55458593) x11 0x55555554
core   0: 0x80000dc0 (0x00b50633) add     a2, a0, a1
core   0: 3 0x80000dc0 (0x00b50633) x12 0xfffffffe
core   0: 0x80000dc4 (0x1ec0a023) sw      a2, 480(ra)
core   0: 3 0x80000dc4 (0x1ec0a023) mem 0x8000636c 0xfffffffe
core   0: 0x80000dc8 (0xaaaab537) lui     a0, 0xaaaab
core   0: 3 0x80000dc8 (0xaaaab537) x10 0xaaaab000
core   0: 0x80000dcc (0xaaa50513) addi    a0, a0, -1366
core   0: 3 0x80000dcc (0xaaa50513) x10 0xaaaaaaaa
core   0: 0x80000dd0 (0x00000593) li      a1, 0
core   0: 3 0x80000dd0 (0x00000593) x11 0x00000000
core   0: 0x80000dd4 (0x00b50633) add     a2, a0, a1
core   0: 3 0x80000dd4 (0x00b50633) x12 0xaaaaaaaa
core   0: 0x80000dd8 (0x1ec0a223) sw      a2, 484(ra)
core   0: 3 0x80000dd8 (0x1ec0a223) mem 0x80006370 0xaaaaaaaa
core   0: 0x80000ddc (0xaaaab537) lui     a0, 0xaaaab
core   0: 3 0x80000ddc (0xaaaab537) x10 0xaaaab000
core   0: 0x80000de0 (0xaaa50513) addi    a0, a0, -1366
core   0: 3 0x80000de0 (0xaaa50513) x10 0xaaaaaaaa
core   0: 0x80000de4 (0x00400593) li      a1, 4
core   0: 3 0x80000de4 (0x00400593) x11 0x00000004
core   0: 0x80000de8 (0x00b50633) add     a2, a0, a1
core   0: 3 0x80000de8 (0x00b50633) x12 0xaaaaaaae
core   0: 0x80000dec (0x1ec0a423) sw      a2, 488(ra)
core   0: 3 0x80000dec (0x1ec0a423) mem 0x80006374 0xaaaaaaae
core   0: 0x80000df0 (0xaaaab537) lui     a0, 0xaaaab
core   0: 3 0x80000df0 (0xaaaab537) x10 0xaaaab000
core   0: 0x80000df4 (0xaaa50513) addi    a0, a0, -1366
core   0: 3 0x80000df4 (0xaaa50513) x10 0xaaaaaaaa
core   0: 0x80000df8 (0x333335b7) lui     a1, 0x33333
core   0: 3 0x80000df8 (0x333335b7) x11 0x33333000
core   0: 0x80000dfc (0x33258593) addi    a1, a1, 818
core   0: 3 0x80000dfc (0x33258593) x11 0x33333332
core   0: 0x80000e00 (0x00b50633) add     a2, a0, a1
core   0: 3 0x80000e00 (0x00b50633) x12 0xdddddddc
core   0: 0x80000e04 (0x1ec0a623) sw      a2, 492(ra)
core   0: 3 0x80000e04 (0x1ec0a623) mem 0x80006378 0xdddddddc
core   0: 0x80000e08 (0xaaaab537) lui     a0, 0xaaaab
core   0: 3 0x80000e08 (0xaaaab537) x10 0xaaaab000
core   0: 0x80000e0c (0xaaa50513) addi    a0, a0, -1366
core   0: 3 0x80000e0c (0xaaa50513) x10 0xaaaaaaaa
core   0: 0x80000e10 (0x666665b7) lui     a1, 0x66666
core   0: 3 0x80000e10 (0x666665b7) x11 0x66666000
core   0: 0x80000e14 (0x66558593) addi    a1, a1, 1637
core   0: 3 0x80000e14 (0x66558593) x11 0x66666665
core   0: 0x80000e18 (0x00b50633) add     a2, a0, a1
core   0: 3 0x80000e18 (0x00b50633) x12 0x1111110f
core   0: 0x80000e1c (0x1ec0a823) sw      a2, 496(ra)
core   0: 3 0x80000e1c (0x1ec0a823) mem 0x8000637c 0x1111110f
core   0: 0x80000e20 (0xaaaab537) lui     a0, 0xaaaab
core   0: 3 0x80000e20 (0xaaaab537) x10 0xaaaab000
core   0: 0x80000e24 (0xaaa50513) addi    a0, a0, -1366
core   0: 3 0x80000e24 (0xaaa50513) x10 0xaaaaaaaa
core   0: 0x80000e28 (0x0000b5b7) lui     a1, 0xb
core   0: 3 0x80000e28 (0x0000b5b7) x11 0x0000b000
core   0: 0x80000e2c (0x50358593) addi    a1, a1, 1283
core   0: 3 0x80000e2c (0x50358593) x11 0x0000b503
core   0: 0x80000e30 (0x00b50633) add     a2, a0, a1
core   0: 3 0x80000e30 (0x00b50633) x12 0xaaab5fad
core   0: 0x80000e34 (0x1ec0aa23) sw      a2, 500(ra)
core   0: 3 0x80000e34 (0x1ec0aa23) mem 0x80006380 0xaaab5fad
core   0: 0x80000e38 (0xaaaab537) lui     a0, 0xaaaab
core   0: 3 0x80000e38 (0xaaaab537) x10 0xaaaab000
core   0: 0x80000e3c (0xaaa50513) addi    a0, a0, -1366
core   0: 3 0x80000e3c (0xaaa50513) x10 0xaaaaaaaa
core   0: 0x80000e40 (0x555555b7) lui     a1, 0x55555
core   0: 3 0x80000e40 (0x555555b7) x11 0x55555000
core   0: 0x80000e44 (0x55658593) addi    a1, a1, 1366
core   0: 3 0x80000e44 (0x55658593) x11 0x55555556
core   0: 0x80000e48 (0x00b50633) add     a2, a0, a1
core   0: 3 0x80000e48 (0x00b50633) x12 0x00000000
core   0: 0x80000e4c (0x1ec0ac23) sw      a2, 504(ra)
core   0: 3 0x80000e4c (0x1ec0ac23) mem 0x80006384 0x00000000
core   0: 0x80000e50 (0xaaaab537) lui     a0, 0xaaaab
core   0: 3 0x80000e50 (0xaaaab537) x10 0xaaaab000
core   0: 0x80000e54 (0xaaa50513) addi    a0, a0, -1366
core   0: 3 0x80000e54 (0xaaa50513) x10 0xaaaaaaaa
core   0: 0x80000e58 (0xaaaab5b7) lui     a1, 0xaaaab
core   0: 3 0x80000e58 (0xaaaab5b7) x11 0xaaaab000
core   0: 0x80000e5c (0xaab58593) addi    a1, a1, -1365
core   0: 3 0x80000e5c (0xaab58593) x11 0xaaaaaaab
core   0: 0x80000e60 (0x00b50633) add     a2, a0, a1
core   0: 3 0x80000e60 (0x00b50633) x12 0x55555555
core   0: 0x80000e64 (0x1ec0ae23) sw      a2, 508(ra)
core   0: 3 0x80000e64 (0x1ec0ae23) mem 0x80006388 0x55555555
core   0: 0x80000e68 (0xaaaab537) lui     a0, 0xaaaab
core   0: 3 0x80000e68 (0xaaaab537) x10 0xaaaab000
core   0: 0x80000e6c (0xaaa50513) addi    a0, a0, -1366
core   0: 3 0x80000e6c (0xaaa50513) x10 0xaaaaaaaa
core   0: 0x80000e70 (0x00600593) li      a1, 6
core   0: 3 0x80000e70 (0x00600593) x11 0x00000006
core   0: 0x80000e74 (0x00b50633) add     a2, a0, a1
core   0: 3 0x80000e74 (0x00b50633) x12 0xaaaaaab0
core   0: 0x80000e78 (0x20c0a023) sw      a2, 512(ra)
core   0: 3 0x80000e78 (0x20c0a023) mem 0x8000638c 0xaaaaaab0
core   0: 0x80000e7c (0xaaaab537) lui     a0, 0xaaaab
core   0: 3 0x80000e7c (0xaaaab537) x10 0xaaaab000
core   0: 0x80000e80 (0xaaa50513) addi    a0, a0, -1366
core   0: 3 0x80000e80 (0xaaa50513) x10 0xaaaaaaaa
core   0: 0x80000e84 (0x333335b7) lui     a1, 0x33333
core   0: 3 0x80000e84 (0x333335b7) x11 0x33333000
core   0: 0x80000e88 (0x33458593) addi    a1, a1, 820
core   0: 3 0x80000e88 (0x33458593) x11 0x33333334
core   0: 0x80000e8c (0x00b50633) add     a2, a0, a1
core   0: 3 0x80000e8c (0x00b50633) x12 0xddddddde
core   0: 0x80000e90 (0x20c0a223) sw      a2, 516(ra)
core   0: 3 0x80000e90 (0x20c0a223) mem 0x80006390 0xddddddde
core   0: 0x80000e94 (0xaaaab537) lui     a0, 0xaaaab
core   0: 3 0x80000e94 (0xaaaab537) x10 0xaaaab000
core   0: 0x80000e98 (0xaaa50513) addi    a0, a0, -1366
core   0: 3 0x80000e98 (0xaaa50513) x10 0xaaaaaaaa
core   0: 0x80000e9c (0x666665b7) lui     a1, 0x66666
core   0: 3 0x80000e9c (0x666665b7) x11 0x66666000
core   0: 0x80000ea0 (0x66758593) addi    a1, a1, 1639
core   0: 3 0x80000ea0 (0x66758593) x11 0x66666667
core   0: 0x80000ea4 (0x00b50633) add     a2, a0, a1
core   0: 3 0x80000ea4 (0x00b50633) x12 0x11111111
core   0: 0x80000ea8 (0x20c0a423) sw      a2, 520(ra)
core   0: 3 0x80000ea8 (0x20c0a423) mem 0x80006394 0x11111111
core   0: 0x80000eac (0xaaaab537) lui     a0, 0xaaaab
core   0: 3 0x80000eac (0xaaaab537) x10 0xaaaab000
core   0: 0x80000eb0 (0xaaa50513) addi    a0, a0, -1366
core   0: 3 0x80000eb0 (0xaaa50513) x10 0xaaaaaaaa
core   0: 0x80000eb4 (0xffff55b7) lui     a1, 0xffff5
core   0: 3 0x80000eb4 (0xffff55b7) x11 0xffff5000
core   0: 0x80000eb8 (0xafd58593) addi    a1, a1, -1283
core   0: 3 0x80000eb8 (0xafd58593) x11 0xffff4afd
core   0: 0x80000ebc (0x00b50633) add     a2, a0, a1
core   0: 3 0x80000ebc (0x00b50633) x12 0xaaa9f5a7
core   0: 0x80000ec0 (0x20c0a623) sw      a2, 524(ra)
core   0: 3 0x80000ec0 (0x20c0a623) mem 0x80006398 0xaaa9f5a7
core   0: 0x80000ec4 (0xaaaab537) lui     a0, 0xaaaab
core   0: 3 0x80000ec4 (0xaaaab537) x10 0xaaaab000
core   0: 0x80000ec8 (0xaaa50513) addi    a0, a0, -1366
core   0: 3 0x80000ec8 (0xaaa50513) x10 0xaaaaaaaa
core   0: 0x80000ecc (0x0000b5b7) lui     a1, 0xb
core   0: 3 0x80000ecc (0x0000b5b7) x11 0x0000b000
core   0: 0x80000ed0 (0x50558593) addi    a1, a1, 1285
core   0: 3 0x80000ed0 (0x50558593) x11 0x0000b505
core   0: 0x80000ed4 (0x00b50633) add     a2, a0, a1
core   0: 3 0x80000ed4 (0x00b50633) x12 0xaaab5faf
core   0: 0x80000ed8 (0x20c0a823) sw      a2, 528(ra)
core   0: 3 0x80000ed8 (0x20c0a823) mem 0x8000639c 0xaaab5faf
core   0: 0x80000edc (0x00500513) li      a0, 5
core   0: 3 0x80000edc (0x00500513) x10 0x00000005
core   0: 0x80000ee0 (0x00300593) li      a1, 3
core   0: 3 0x80000ee0 (0x00300593) x11 0x00000003
core   0: 0x80000ee4 (0x00b50633) add     a2, a0, a1
core   0: 3 0x80000ee4 (0x00b50633) x12 0x00000008
core   0: 0x80000ee8 (0x20c0aa23) sw      a2, 532(ra)
core   0: 3 0x80000ee8 (0x20c0aa23) mem 0x800063a0 0x00000008
core   0: 0x80000eec (0x00500513) li      a0, 5
core   0: 3 0x80000eec (0x00500513) x10 0x00000005
core   0: 0x80000ef0 (0x555555b7) lui     a1, 0x55555
core   0: 3 0x80000ef0 (0x555555b7) x11 0x55555000
core   0: 0x80000ef4 (0x55558593) addi    a1, a1, 1365
core   0: 3 0x80000ef4 (0x55558593) x11 0x55555555
core   0: 0x80000ef8 (0x00b50633) add     a2, a0, a1
core   0: 3 0x80000ef8 (0x00b50633) x12 0x5555555a
core   0: 0x80000efc (0x20c0ac23) sw      a2, 536(ra)
core   0: 3 0x80000efc (0x20c0ac23) mem 0x800063a4 0x5555555a
core   0: 0x80000f00 (0x00500513) li      a0, 5
core   0: 3 0x80000f00 (0x00500513) x10 0x00000005
core   0: 0x80000f04 (0xaaaab5b7) lui     a1, 0xaaaab
core   0: 3 0x80000f04 (0xaaaab5b7) x11 0xaaaab000
core   0: 0x80000f08 (0xaaa58593) addi    a1, a1, -1366
core   0: 3 0x80000f08 (0xaaa58593) x11 0xaaaaaaaa
core   0: 0x80000f0c (0x00b50633) add     a2, a0, a1
core   0: 3 0x80000f0c (0x00b50633) x12 0xaaaaaaaf
core   0: 0x80000f10 (0x20c0ae23) sw      a2, 540(ra)
core   0: 3 0x80000f10 (0x20c0ae23) mem 0x800063a8 0xaaaaaaaf
core   0: 0x80000f14 (0x00500513) li      a0, 5
core   0: 3 0x80000f14 (0x00500513) x10 0x00000005
core   0: 0x80000f18 (0x00500593) li      a1, 5
core   0: 3 0x80000f18 (0x00500593) x11 0x00000005
core   0: 0x80000f1c (0x00b50633) add     a2, a0, a1
core   0: 3 0x80000f1c (0x00b50633) x12 0x0000000a
core   0: 0x80000f20 (0x22c0a023) sw      a2, 544(ra)
core   0: 3 0x80000f20 (0x22c0a023) mem 0x800063ac 0x0000000a
core   0: 0x80000f24 (0x00500513) li      a0, 5
core   0: 3 0x80000f24 (0x00500513) x10 0x00000005
core   0: 0x80000f28 (0x333335b7) lui     a1, 0x33333
core   0: 3 0x80000f28 (0x333335b7) x11 0x33333000
core   0: 0x80000f2c (0x33358593) addi    a1, a1, 819
core   0: 3 0x80000f2c (0x33358593) x11 0x33333333
core   0: 0x80000f30 (0x00b50633) add     a2, a0, a1
core   0: 3 0x80000f30 (0x00b50633) x12 0x33333338
core   0: 0x80000f34 (0x22c0a223) sw      a2, 548(ra)
core   0: 3 0x80000f34 (0x22c0a223) mem 0x800063b0 0x33333338
core   0: 0x80000f38 (0x00500513) li      a0, 5
core   0: 3 0x80000f38 (0x00500513) x10 0x00000005
core   0: 0x80000f3c (0x666665b7) lui     a1, 0x66666
core   0: 3 0x80000f3c (0x666665b7) x11 0x66666000
core   0: 0x80000f40 (0x66658593) addi    a1, a1, 1638
core   0: 3 0x80000f40 (0x66658593) x11 0x66666666
core   0: 0x80000f44 (0x00b50633) add     a2, a0, a1
core   0: 3 0x80000f44 (0x00b50633) x12 0x6666666b
core   0: 0x80000f48 (0x22c0a423) sw      a2, 552(ra)
core   0: 3 0x80000f48 (0x22c0a423) mem 0x800063b4 0x6666666b
core   0: 0x80000f4c (0x00500513) li      a0, 5
core   0: 3 0x80000f4c (0x00500513) x10 0x00000005
core   0: 0x80000f50 (0xffff55b7) lui     a1, 0xffff5
core   0: 3 0x80000f50 (0xffff55b7) x11 0xffff5000
core   0: 0x80000f54 (0xafc58593) addi    a1, a1, -1284
core   0: 3 0x80000f54 (0xafc58593) x11 0xffff4afc
core   0: 0x80000f58 (0x00b50633) add     a2, a0, a1
core   0: 3 0x80000f58 (0x00b50633) x12 0xffff4b01
core   0: 0x80000f5c (0x22c0a623) sw      a2, 556(ra)
core   0: 3 0x80000f5c (0x22c0a623) mem 0x800063b8 0xffff4b01
core   0: 0x80000f60 (0x00500513) li      a0, 5
core   0: 3 0x80000f60 (0x00500513) x10 0x00000005
core   0: 0x80000f64 (0x0000b5b7) lui     a1, 0xb
core   0: 3 0x80000f64 (0x0000b5b7) x11 0x0000b000
core   0: 0x80000f68 (0x50458593) addi    a1, a1, 1284
core   0: 3 0x80000f68 (0x50458593) x11 0x0000b504
core   0: 0x80000f6c (0x00b50633) add     a2, a0, a1
core   0: 3 0x80000f6c (0x00b50633) x12 0x0000b509
core   0: 0x80000f70 (0x22c0a823) sw      a2, 560(ra)
core   0: 3 0x80000f70 (0x22c0a823) mem 0x800063bc 0x0000b509
core   0: 0x80000f74 (0x00500513) li      a0, 5
core   0: 3 0x80000f74 (0x00500513) x10 0x00000005
core   0: 0x80000f78 (0x00200593) li      a1, 2
core   0: 3 0x80000f78 (0x00200593) x11 0x00000002
core   0: 0x80000f7c (0x00b50633) add     a2, a0, a1
core   0: 3 0x80000f7c (0x00b50633) x12 0x00000007
core   0: 0x80000f80 (0x22c0aa23) sw      a2, 564(ra)
core   0: 3 0x80000f80 (0x22c0aa23) mem 0x800063c0 0x00000007
core   0: 0x80000f84 (0x00500513) li      a0, 5
core   0: 3 0x80000f84 (0x00500513) x10 0x00000005
core   0: 0x80000f88 (0x555555b7) lui     a1, 0x55555
core   0: 3 0x80000f88 (0x555555b7) x11 0x55555000
core   0: 0x80000f8c (0x55458593) addi    a1, a1, 1364
core   0: 3 0x80000f8c (0x55458593) x11 0x55555554
core   0: 0x80000f90 (0x00b50633) add     a2, a0, a1
core   0: 3 0x80000f90 (0x00b50633) x12 0x55555559
core   0: 0x80000f94 (0x22c0ac23) sw      a2, 568(ra)
core   0: 3 0x80000f94 (0x22c0ac23) mem 0x800063c4 0x55555559
core   0: 0x80000f98 (0x00500513) li      a0, 5
core   0: 3 0x80000f98 (0x00500513) x10 0x00000005
core   0: 0x80000f9c (0x00000593) li      a1, 0
core   0: 3 0x80000f9c (0x00000593) x11 0x00000000
core   0: 0x80000fa0 (0x00b50633) add     a2, a0, a1
core   0: 3 0x80000fa0 (0x00b50633) x12 0x00000005
core   0: 0x80000fa4 (0x22c0ae23) sw      a2, 572(ra)
core   0: 3 0x80000fa4 (0x22c0ae23) mem 0x800063c8 0x00000005
core   0: 0x80000fa8 (0x00500513) li      a0, 5
core   0: 3 0x80000fa8 (0x00500513) x10 0x00000005
core   0: 0x80000fac (0x00400593) li      a1, 4
core   0: 3 0x80000fac (0x00400593) x11 0x00000004
core   0: 0x80000fb0 (0x00b50633) add     a2, a0, a1
core   0: 3 0x80000fb0 (0x00b50633) x12 0x00000009
core   0: 0x80000fb4 (0x24c0a023) sw      a2, 576(ra)
core   0: 3 0x80000fb4 (0x24c0a023) mem 0x800063cc 0x00000009
core   0: 0x80000fb8 (0x00500513) li      a0, 5
core   0: 3 0x80000fb8 (0x00500513) x10 0x00000005
core   0: 0x80000fbc (0x333335b7) lui     a1, 0x33333
core   0: 3 0x80000fbc (0x333335b7) x11 0x33333000
core   0: 0x80000fc0 (0x33258593) addi    a1, a1, 818
core   0: 3 0x80000fc0 (0x33258593) x11 0x33333332
core   0: 0x80000fc4 (0x00b50633) add     a2, a0, a1
core   0: 3 0x80000fc4 (0x00b50633) x12 0x33333337
core   0: 0x80000fc8 (0x24c0a223) sw      a2, 580(ra)
core   0: 3 0x80000fc8 (0x24c0a223) mem 0x800063d0 0x33333337
core   0: 0x80000fcc (0x00500513) li      a0, 5
core   0: 3 0x80000fcc (0x00500513) x10 0x00000005
core   0: 0x80000fd0 (0x666665b7) lui     a1, 0x66666
core   0: 3 0x80000fd0 (0x666665b7) x11 0x66666000
core   0: 0x80000fd4 (0x66558593) addi    a1, a1, 1637
core   0: 3 0x80000fd4 (0x66558593) x11 0x66666665
core   0: 0x80000fd8 (0x00b50633) add     a2, a0, a1
core   0: 3 0x80000fd8 (0x00b50633) x12 0x6666666a
core   0: 0x80000fdc (0x24c0a423) sw      a2, 584(ra)
core   0: 3 0x80000fdc (0x24c0a423) mem 0x800063d4 0x6666666a
core   0: 0x80000fe0 (0x00500513) li      a0, 5
core   0: 3 0x80000fe0 (0x00500513) x10 0x00000005
core   0: 0x80000fe4 (0x0000b5b7) lui     a1, 0xb
core   0: 3 0x80000fe4 (0x0000b5b7) x11 0x0000b000
core   0: 0x80000fe8 (0x50358593) addi    a1, a1, 1283
core   0: 3 0x80000fe8 (0x50358593) x11 0x0000b503
core   0: 0x80000fec (0x00b50633) add     a2, a0, a1
core   0: 3 0x80000fec (0x00b50633) x12 0x0000b508
core   0: 0x80000ff0 (0x24c0a623) sw      a2, 588(ra)
core   0: 3 0x80000ff0 (0x24c0a623) mem 0x800063d8 0x0000b508
core   0: 0x80000ff4 (0x00500513) li      a0, 5
core   0: 3 0x80000ff4 (0x00500513) x10 0x00000005
core   0: 0x80000ff8 (0x555555b7) lui     a1, 0x55555
core   0: 3 0x80000ff8 (0x555555b7) x11 0x55555000
core   0: 0x80000ffc (0x55658593) addi    a1, a1, 1366
core   0: 3 0x80000ffc (0x55658593) x11 0x55555556
core   0: 0x80001000 (0x00b50633) add     a2, a0, a1
core   0: 3 0x80001000 (0x00b50633) x12 0x5555555b
core   0: 0x80001004 (0x24c0a823) sw      a2, 592(ra)
core   0: 3 0x80001004 (0x24c0a823) mem 0x800063dc 0x5555555b
core   0: 0x80001008 (0x00500513) li      a0, 5
core   0: 3 0x80001008 (0x00500513) x10 0x00000005
core   0: 0x8000100c (0xaaaab5b7) lui     a1, 0xaaaab
core   0: 3 0x8000100c (0xaaaab5b7) x11 0xaaaab000
core   0: 0x80001010 (0xaab58593) addi    a1, a1, -1365
core   0: 3 0x80001010 (0xaab58593) x11 0xaaaaaaab
core   0: 0x80001014 (0x00b50633) add     a2, a0, a1
core   0: 3 0x80001014 (0x00b50633) x12 0xaaaaaab0
core   0: 0x80001018 (0x24c0aa23) sw      a2, 596(ra)
core   0: 3 0x80001018 (0x24c0aa23) mem 0x800063e0 0xaaaaaab0
core   0: 0x8000101c (0x00500513) li      a0, 5
core   0: 3 0x8000101c (0x00500513) x10 0x00000005
core   0: 0x80001020 (0x00600593) li      a1, 6
core   0: 3 0x80001020 (0x00600593) x11 0x00000006
core   0: 0x80001024 (0x00b50633) add     a2, a0, a1
core   0: 3 0x80001024 (0x00b50633) x12 0x0000000b
core   0: 0x80001028 (0x24c0ac23) sw      a2, 600(ra)
core   0: 3 0x80001028 (0x24c0ac23) mem 0x800063e4 0x0000000b
core   0: 0x8000102c (0x00500513) li      a0, 5
core   0: 3 0x8000102c (0x00500513) x10 0x00000005
core   0: 0x80001030 (0x333335b7) lui     a1, 0x33333
core   0: 3 0x80001030 (0x333335b7) x11 0x33333000
core   0: 0x80001034 (0x33458593) addi    a1, a1, 820
core   0: 3 0x80001034 (0x33458593) x11 0x33333334
core   0: 0x80001038 (0x00b50633) add     a2, a0, a1
core   0: 3 0x80001038 (0x00b50633) x12 0x33333339
core   0: 0x8000103c (0x24c0ae23) sw      a2, 604(ra)
core   0: 3 0x8000103c (0x24c0ae23) mem 0x800063e8 0x33333339
core   0: 0x80001040 (0x00500513) li      a0, 5
core   0: 3 0x80001040 (0x00500513) x10 0x00000005
core   0: 0x80001044 (0x666665b7) lui     a1, 0x66666
core   0: 3 0x80001044 (0x666665b7) x11 0x66666000
core   0: 0x80001048 (0x66758593) addi    a1, a1, 1639
core   0: 3 0x80001048 (0x66758593) x11 0x66666667
core   0: 0x8000104c (0x00b50633) add     a2, a0, a1
core   0: 3 0x8000104c (0x00b50633) x12 0x6666666c
core   0: 0x80001050 (0x26c0a023) sw      a2, 608(ra)
core   0: 3 0x80001050 (0x26c0a023) mem 0x800063ec 0x6666666c
core   0: 0x80001054 (0x00500513) li      a0, 5
core   0: 3 0x80001054 (0x00500513) x10 0x00000005
core   0: 0x80001058 (0xffff55b7) lui     a1, 0xffff5
core   0: 3 0x80001058 (0xffff55b7) x11 0xffff5000
core   0: 0x8000105c (0xafd58593) addi    a1, a1, -1283
core   0: 3 0x8000105c (0xafd58593) x11 0xffff4afd
core   0: 0x80001060 (0x00b50633) add     a2, a0, a1
core   0: 3 0x80001060 (0x00b50633) x12 0xffff4b02
core   0: 0x80001064 (0x26c0a223) sw      a2, 612(ra)
core   0: 3 0x80001064 (0x26c0a223) mem 0x800063f0 0xffff4b02
core   0: 0x80001068 (0x00500513) li      a0, 5
core   0: 3 0x80001068 (0x00500513) x10 0x00000005
core   0: 0x8000106c (0x0000b5b7) lui     a1, 0xb
core   0: 3 0x8000106c (0x0000b5b7) x11 0x0000b000
core   0: 0x80001070 (0x50558593) addi    a1, a1, 1285
core   0: 3 0x80001070 (0x50558593) x11 0x0000b505
core   0: 0x80001074 (0x00b50633) add     a2, a0, a1
core   0: 3 0x80001074 (0x00b50633) x12 0x0000b50a
core   0: 0x80001078 (0x26c0a423) sw      a2, 616(ra)
core   0: 3 0x80001078 (0x26c0a423) mem 0x800063f4 0x0000b50a
core   0: 0x8000107c (0x33333537) lui     a0, 0x33333
core   0: 3 0x8000107c (0x33333537) x10 0x33333000
core   0: 0x80001080 (0x33350513) addi    a0, a0, 819
core   0: 3 0x80001080 (0x33350513) x10 0x33333333
core   0: 0x80001084 (0x00300593) li      a1, 3
core   0: 3 0x80001084 (0x00300593) x11 0x00000003
core   0: 0x80001088 (0x00b50633) add     a2, a0, a1
core   0: 3 0x80001088 (0x00b50633) x12 0x33333336
core   0: 0x8000108c (0x26c0a623) sw      a2, 620(ra)
core   0: 3 0x8000108c (0x26c0a623) mem 0x800063f8 0x33333336
core   0: 0x80001090 (0x33333537) lui     a0, 0x33333
core   0: 3 0x80001090 (0x33333537) x10 0x33333000
core   0: 0x80001094 (0x33350513) addi    a0, a0, 819
core   0: 3 0x80001094 (0x33350513) x10 0x33333333
core   0: 0x80001098 (0x555555b7) lui     a1, 0x55555
core   0: 3 0x80001098 (0x555555b7) x11 0x55555000
core   0: 0x8000109c (0x55558593) addi    a1, a1, 1365
core   0: 3 0x8000109c (0x55558593) x11 0x55555555
core   0: 0x800010a0 (0x00b50633) add     a2, a0, a1
core   0: 3 0x800010a0 (0x00b50633) x12 0x88888888
core   0: 0x800010a4 (0x26c0a823) sw      a2, 624(ra)
core   0: 3 0x800010a4 (0x26c0a823) mem 0x800063fc 0x88888888
core   0: 0x800010a8 (0x33333537) lui     a0, 0x33333
core   0: 3 0x800010a8 (0x33333537) x10 0x33333000
core   0: 0x800010ac (0x33350513) addi    a0, a0, 819
core   0: 3 0x800010ac (0x33350513) x10 0x33333333
core   0: 0x800010b0 (0xaaaab5b7) lui     a1, 0xaaaab
core   0: 3 0x800010b0 (0xaaaab5b7) x11 0xaaaab000
core   0: 0x800010b4 (0xaaa58593) addi    a1, a1, -1366
core   0: 3 0x800010b4 (0xaaa58593) x11 0xaaaaaaaa
core   0: 0x800010b8 (0x00b50633) add     a2, a0, a1
core   0: 3 0x800010b8 (0x00b50633) x12 0xdddddddd
core   0: 0x800010bc (0x26c0aa23) sw      a2, 628(ra)
core   0: 3 0x800010bc (0x26c0aa23) mem 0x80006400 0xdddddddd
core   0: 0x800010c0 (0x33333537) lui     a0, 0x33333
core   0: 3 0x800010c0 (0x33333537) x10 0x33333000
core   0: 0x800010c4 (0x33350513) addi    a0, a0, 819
core   0: 3 0x800010c4 (0x33350513) x10 0x33333333
core   0: 0x800010c8 (0x00500593) li      a1, 5
core   0: 3 0x800010c8 (0x00500593) x11 0x00000005
core   0: 0x800010cc (0x00b50633) add     a2, a0, a1
core   0: 3 0x800010cc (0x00b50633) x12 0x33333338
core   0: 0x800010d0 (0x26c0ac23) sw      a2, 632(ra)
core   0: 3 0x800010d0 (0x26c0ac23) mem 0x80006404 0x33333338
core   0: 0x800010d4 (0x33333537) lui     a0, 0x33333
core   0: 3 0x800010d4 (0x33333537) x10 0x33333000
core   0: 0x800010d8 (0x33350513) addi    a0, a0, 819
core   0: 3 0x800010d8 (0x33350513) x10 0x33333333
core   0: 0x800010dc (0x333335b7) lui     a1, 0x33333
core   0: 3 0x800010dc (0x333335b7) x11 0x33333000
core   0: 0x800010e0 (0x33358593) addi    a1, a1, 819
core   0: 3 0x800010e0 (0x33358593) x11 0x33333333
core   0: 0x800010e4 (0x00b50633) add     a2, a0, a1
core   0: 3 0x800010e4 (0x00b50633) x12 0x66666666
core   0: 0x800010e8 (0x26c0ae23) sw      a2, 636(ra)
core   0: 3 0x800010e8 (0x26c0ae23) mem 0x80006408 0x66666666
core   0: 0x800010ec (0x33333537) lui     a0, 0x33333
core   0: 3 0x800010ec (0x33333537) x10 0x33333000
core   0: 0x800010f0 (0x33350513) addi    a0, a0, 819
core   0: 3 0x800010f0 (0x33350513) x10 0x33333333
core   0: 0x800010f4 (0x666665b7) lui     a1, 0x66666
core   0: 3 0x800010f4 (0x666665b7) x11 0x66666000
core   0: 0x800010f8 (0x66658593) addi    a1, a1, 1638
core   0: 3 0x800010f8 (0x66658593) x11 0x66666666
core   0: 0x800010fc (0x00b50633) add     a2, a0, a1
core   0: 3 0x800010fc (0x00b50633) x12 0x99999999
core   0: 0x80001100 (0x28c0a023) sw      a2, 640(ra)
core   0: 3 0x80001100 (0x28c0a023) mem 0x8000640c 0x99999999
core   0: 0x80001104 (0x33333537) lui     a0, 0x33333
core   0: 3 0x80001104 (0x33333537) x10 0x33333000
core   0: 0x80001108 (0x33350513) addi    a0, a0, 819
core   0: 3 0x80001108 (0x33350513) x10 0x33333333
core   0: 0x8000110c (0xffff55b7) lui     a1, 0xffff5
core   0: 3 0x8000110c (0xffff55b7) x11 0xffff5000
core   0: 0x80001110 (0xafc58593) addi    a1, a1, -1284
core   0: 3 0x80001110 (0xafc58593) x11 0xffff4afc
core   0: 0x80001114 (0x00b50633) add     a2, a0, a1
core   0: 3 0x80001114 (0x00b50633) x12 0x33327e2f
core   0: 0x80001118 (0x28c0a223) sw      a2, 644(ra)
core   0: 3 0x80001118 (0x28c0a223) mem 0x80006410 0x33327e2f
core   0: 0x8000111c (0x33333537) lui     a0, 0x33333
core   0: 3 0x8000111c (0x33333537) x10 0x33333000
core   0: 0x80001120 (0x33350513) addi    a0, a0, 819
core   0: 3 0x80001120 (0x33350513) x10 0x33333333
core   0: 0x80001124 (0x0000b5b7) lui     a1, 0xb
core   0: 3 0x80001124 (0x0000b5b7) x11 0x0000b000
core   0: 0x80001128 (0x50458593) addi    a1, a1, 1284
core   0: 3 0x80001128 (0x50458593) x11 0x0000b504
core   0: 0x8000112c (0x00b50633) add     a2, a0, a1
core   0: 3 0x8000112c (0x00b50633) x12 0x3333e837
core   0: 0x80001130 (0x28c0a423) sw      a2, 648(ra)
core   0: 3 0x80001130 (0x28c0a423) mem 0x80006414 0x3333e837
core   0: 0x80001134 (0x33333537) lui     a0, 0x33333
core   0: 3 0x80001134 (0x33333537) x10 0x33333000
core   0: 0x80001138 (0x33350513) addi    a0, a0, 819
core   0: 3 0x80001138 (0x33350513) x10 0x33333333
core   0: 0x8000113c (0x00200593) li      a1, 2
core   0: 3 0x8000113c (0x00200593) x11 0x00000002
core   0: 0x80001140 (0x00b50633) add     a2, a0, a1
core   0: 3 0x80001140 (0x00b50633) x12 0x33333335
core   0: 0x80001144 (0x28c0a623) sw      a2, 652(ra)
core   0: 3 0x80001144 (0x28c0a623) mem 0x80006418 0x33333335
core   0: 0x80001148 (0x33333537) lui     a0, 0x33333
core   0: 3 0x80001148 (0x33333537) x10 0x33333000
core   0: 0x8000114c (0x33350513) addi    a0, a0, 819
core   0: 3 0x8000114c (0x33350513) x10 0x33333333
core   0: 0x80001150 (0x555555b7) lui     a1, 0x55555
core   0: 3 0x80001150 (0x555555b7) x11 0x55555000
core   0: 0x80001154 (0x55458593) addi    a1, a1, 1364
core   0: 3 0x80001154 (0x55458593) x11 0x55555554
core   0: 0x80001158 (0x00b50633) add     a2, a0, a1
core   0: 3 0x80001158 (0x00b50633) x12 0x88888887
core   0: 0x8000115c (0x28c0a823) sw      a2, 656(ra)
core   0: 3 0x8000115c (0x28c0a823) mem 0x8000641c 0x88888887
core   0: 0x80001160 (0x33333537) lui     a0, 0x33333
core   0: 3 0x80001160 (0x33333537) x10 0x33333000
core   0: 0x80001164 (0x33350513) addi    a0, a0, 819
core   0: 3 0x80001164 (0x33350513) x10 0x33333333
core   0: 0x80001168 (0x00000593) li      a1, 0
core   0: 3 0x80001168 (0x00000593) x11 0x00000000
core   0: 0x8000116c (0x00b50633) add     a2, a0, a1
core   0: 3 0x8000116c (0x00b50633) x12 0x33333333
core   0: 0x80001170 (0x28c0aa23) sw      a2, 660(ra)
core   0: 3 0x80001170 (0x28c0aa23) mem 0x80006420 0x33333333
core   0: 0x80001174 (0x33333537) lui     a0, 0x33333
core   0: 3 0x80001174 (0x33333537) x10 0x33333000
core   0: 0x80001178 (0x33350513) addi    a0, a0, 819
core   0: 3 0x80001178 (0x33350513) x10 0x33333333
core   0: 0x8000117c (0x00400593) li      a1, 4
core   0: 3 0x8000117c (0x00400593) x11 0x00000004
core   0: 0x80001180 (0x00b50633) add     a2, a0, a1
core   0: 3 0x80001180 (0x00b50633) x12 0x33333337
core   0: 0x80001184 (0x28c0ac23) sw      a2, 664(ra)
core   0: 3 0x80001184 (0x28c0ac23) mem 0x80006424 0x33333337
core   0: 0x80001188 (0x33333537) lui     a0, 0x33333
core   0: 3 0x80001188 (0x33333537) x10 0x33333000
core   0: 0x8000118c (0x33350513) addi    a0, a0, 819
core   0: 3 0x8000118c (0x33350513) x10 0x33333333
core   0: 0x80001190 (0x333335b7) lui     a1, 0x33333
core   0: 3 0x80001190 (0x333335b7) x11 0x33333000
core   0: 0x80001194 (0x33258593) addi    a1, a1, 818
core   0: 3 0x80001194 (0x33258593) x11 0x33333332
core   0: 0x80001198 (0x00b50633) add     a2, a0, a1
core   0: 3 0x80001198 (0x00b50633) x12 0x66666665
core   0: 0x8000119c (0x28c0ae23) sw      a2, 668(ra)
core   0: 3 0x8000119c (0x28c0ae23) mem 0x80006428 0x66666665
core   0: 0x800011a0 (0x33333537) lui     a0, 0x33333
core   0: 3 0x800011a0 (0x33333537) x10 0x33333000
core   0: 0x800011a4 (0x33350513) addi    a0, a0, 819
core   0: 3 0x800011a4 (0x33350513) x10 0x33333333
core   0: 0x800011a8 (0x666665b7) lui     a1, 0x66666
core   0: 3 0x800011a8 (0x666665b7) x11 0x66666000
core   0: 0x800011ac (0x66558593) addi    a1, a1, 1637
core   0: 3 0x800011ac (0x66558593) x11 0x66666665
core   0: 0x800011b0 (0x00b50633) add     a2, a0, a1
core   0: 3 0x800011b0 (0x00b50633) x12 0x99999998
core   0: 0x800011b4 (0x2ac0a023) sw      a2, 672(ra)
core   0: 3 0x800011b4 (0x2ac0a023) mem 0x8000642c 0x99999998
core   0: 0x800011b8 (0x33333537) lui     a0, 0x33333
core   0: 3 0x800011b8 (0x33333537) x10 0x33333000
core   0: 0x800011bc (0x33350513) addi    a0, a0, 819
core   0: 3 0x800011bc (0x33350513) x10 0x33333333
core   0: 0x800011c0 (0x0000b5b7) lui     a1, 0xb
core   0: 3 0x800011c0 (0x0000b5b7) x11 0x0000b000
core   0: 0x800011c4 (0x50358593) addi    a1, a1, 1283
core   0: 3 0x800011c4 (0x50358593) x11 0x0000b503
core   0: 0x800011c8 (0x00b50633) add     a2, a0, a1
core   0: 3 0x800011c8 (0x00b50633) x12 0x3333e836
core   0: 0x800011cc (0x2ac0a223) sw      a2, 676(ra)
core   0: 3 0x800011cc (0x2ac0a223) mem 0x80006430 0x3333e836
core   0: 0x800011d0 (0x33333537) lui     a0, 0x33333
core   0: 3 0x800011d0 (0x33333537) x10 0x33333000
core   0: 0x800011d4 (0x33350513) addi    a0, a0, 819
core   0: 3 0x800011d4 (0x33350513) x10 0x33333333
core   0: 0x800011d8 (0x555555b7) lui     a1, 0x55555
core   0: 3 0x800011d8 (0x555555b7) x11 0x55555000
core   0: 0x800011dc (0x55658593) addi    a1, a1, 1366
core   0: 3 0x800011dc (0x55658593) x11 0x55555556
core   0: 0x800011e0 (0x00b50633) add     a2, a0, a1
core   0: 3 0x800011e0 (0x00b50633) x12 0x88888889
core   0: 0x800011e4 (0x2ac0a423) sw      a2, 680(ra)
core   0: 3 0x800011e4 (0x2ac0a423) mem 0x80006434 0x88888889
core   0: 0x800011e8 (0x33333537) lui     a0, 0x33333
core   0: 3 0x800011e8 (0x33333537) x10 0x33333000
core   0: 0x800011ec (0x33350513) addi    a0, a0, 819
core   0: 3 0x800011ec (0x33350513) x10 0x33333333
core   0: 0x800011f0 (0xaaaab5b7) lui     a1, 0xaaaab
core   0: 3 0x800011f0 (0xaaaab5b7) x11 0xaaaab000
core   0: 0x800011f4 (0xaab58593) addi    a1, a1, -1365
core   0: 3 0x800011f4 (0xaab58593) x11 0xaaaaaaab
core   0: 0x800011f8 (0x00b50633) add     a2, a0, a1
core   0: 3 0x800011f8 (0x00b50633) x12 0xddddddde
core   0: 0x800011fc (0x2ac0a623) sw      a2, 684(ra)
core   0: 3 0x800011fc (0x2ac0a623) mem 0x80006438 0xddddddde
core   0: 0x80001200 (0x33333537) lui     a0, 0x33333
core   0: 3 0x80001200 (0x33333537) x10 0x33333000
core   0: 0x80001204 (0x33350513) addi    a0, a0, 819
core   0: 3 0x80001204 (0x33350513) x10 0x33333333
core   0: 0x80001208 (0x00600593) li      a1, 6
core   0: 3 0x80001208 (0x00600593) x11 0x00000006
core   0: 0x8000120c (0x00b50633) add     a2, a0, a1
core   0: 3 0x8000120c (0x00b50633) x12 0x33333339
core   0: 0x80001210 (0x2ac0a823) sw      a2, 688(ra)
core   0: 3 0x80001210 (0x2ac0a823) mem 0x8000643c 0x33333339
core   0: 0x80001214 (0x33333537) lui     a0, 0x33333
core   0: 3 0x80001214 (0x33333537) x10 0x33333000
core   0: 0x80001218 (0x33350513) addi    a0, a0, 819
core   0: 3 0x80001218 (0x33350513) x10 0x33333333
core   0: 0x8000121c (0x333335b7) lui     a1, 0x33333
core   0: 3 0x8000121c (0x333335b7) x11 0x33333000
core   0: 0x80001220 (0x33458593) addi    a1, a1, 820
core   0: 3 0x80001220 (0x33458593) x11 0x33333334
core   0: 0x80001224 (0x00b50633) add     a2, a0, a1
core   0: 3 0x80001224 (0x00b50633) x12 0x66666667
core   0: 0x80001228 (0x2ac0aa23) sw      a2, 692(ra)
core   0: 3 0x80001228 (0x2ac0aa23) mem 0x80006440 0x66666667
core   0: 0x8000122c (0x33333537) lui     a0, 0x33333
core   0: 3 0x8000122c (0x33333537) x10 0x33333000
core   0: 0x80001230 (0x33350513) addi    a0, a0, 819
core   0: 3 0x80001230 (0x33350513) x10 0x33333333
core   0: 0x80001234 (0x666665b7) lui     a1, 0x66666
core   0: 3 0x80001234 (0x666665b7) x11 0x66666000
core   0: 0x80001238 (0x66758593) addi    a1, a1, 1639
core   0: 3 0x80001238 (0x66758593) x11 0x66666667
core   0: 0x8000123c (0x00b50633) add     a2, a0, a1
core   0: 3 0x8000123c (0x00b50633) x12 0x9999999a
core   0: 0x80001240 (0x2ac0ac23) sw      a2, 696(ra)
core   0: 3 0x80001240 (0x2ac0ac23) mem 0x80006444 0x9999999a
core   0: 0x80001244 (0x33333537) lui     a0, 0x33333
core   0: 3 0x80001244 (0x33333537) x10 0x33333000
core   0: 0x80001248 (0x33350513) addi    a0, a0, 819
core   0: 3 0x80001248 (0x33350513) x10 0x33333333
core   0: 0x8000124c (0xffff55b7) lui     a1, 0xffff5
core   0: 3 0x8000124c (0xffff55b7) x11 0xffff5000
core   0: 0x80001250 (0xafd58593) addi    a1, a1, -1283
core   0: 3 0x80001250 (0xafd58593) x11 0xffff4afd
core   0: 0x80001254 (0x00b50633) add     a2, a0, a1
core   0: 3 0x80001254 (0x00b50633) x12 0x33327e30
core   0: 0x80001258 (0x2ac0ae23) sw      a2, 700(ra)
core   0: 3 0x80001258 (0x2ac0ae23) mem 0x80006448 0x33327e30
core   0: 0x8000125c (0x33333537) lui     a0, 0x33333
core   0: 3 0x8000125c (0x33333537) x10 0x33333000
core   0: 0x80001260 (0x33350513) addi    a0, a0, 819
core   0: 3 0x80001260 (0x33350513) x10 0x33333333
core   0: 0x80001264 (0x0000b5b7) lui     a1, 0xb
core   0: 3 0x80001264 (0x0000b5b7) x11 0x0000b000
core   0: 0x80001268 (0x50558593) addi    a1, a1, 1285
core   0: 3 0x80001268 (0x50558593) x11 0x0000b505
core   0: 0x8000126c (0x00b50633) add     a2, a0, a1
core   0: 3 0x8000126c (0x00b50633) x12 0x3333e838
core   0: 0x80001270 (0x2cc0a023) sw      a2, 704(ra)
core   0: 3 0x80001270 (0x2cc0a023) mem 0x8000644c 0x3333e838
core   0: 0x80001274 (0x66666537) lui     a0, 0x66666
core   0: 3 0x80001274 (0x66666537) x10 0x66666000
core   0: 0x80001278 (0x66650513) addi    a0, a0, 1638
core   0: 3 0x80001278 (0x66650513) x10 0x66666666
core   0: 0x8000127c (0x00300593) li      a1, 3
core   0: 3 0x8000127c (0x00300593) x11 0x00000003
core   0: 0x80001280 (0x00b50633) add     a2, a0, a1
core   0: 3 0x80001280 (0x00b50633) x12 0x66666669
core   0: 0x80001284 (0x2cc0a223) sw      a2, 708(ra)
core   0: 3 0x80001284 (0x2cc0a223) mem 0x80006450 0x66666669
core   0: 0x80001288 (0x66666537) lui     a0, 0x66666
core   0: 3 0x80001288 (0x66666537) x10 0x66666000
core   0: 0x8000128c (0x66650513) addi    a0, a0, 1638
core   0: 3 0x8000128c (0x66650513) x10 0x66666666
core   0: 0x80001290 (0x555555b7) lui     a1, 0x55555
core   0: 3 0x80001290 (0x555555b7) x11 0x55555000
core   0: 0x80001294 (0x55558593) addi    a1, a1, 1365
core   0: 3 0x80001294 (0x55558593) x11 0x55555555
core   0: 0x80001298 (0x00b50633) add     a2, a0, a1
core   0: 3 0x80001298 (0x00b50633) x12 0xbbbbbbbb
core   0: 0x8000129c (0x2cc0a423) sw      a2, 712(ra)
core   0: 3 0x8000129c (0x2cc0a423) mem 0x80006454 0xbbbbbbbb
core   0: 0x800012a0 (0x66666537) lui     a0, 0x66666
core   0: 3 0x800012a0 (0x66666537) x10 0x66666000
core   0: 0x800012a4 (0x66650513) addi    a0, a0, 1638
core   0: 3 0x800012a4 (0x66650513) x10 0x66666666
core   0: 0x800012a8 (0xaaaab5b7) lui     a1, 0xaaaab
core   0: 3 0x800012a8 (0xaaaab5b7) x11 0xaaaab000
core   0: 0x800012ac (0xaaa58593) addi    a1, a1, -1366
core   0: 3 0x800012ac (0xaaa58593) x11 0xaaaaaaaa
core   0: 0x800012b0 (0x00b50633) add     a2, a0, a1
core   0: 3 0x800012b0 (0x00b50633) x12 0x11111110
core   0: 0x800012b4 (0x2cc0a623) sw      a2, 716(ra)
core   0: 3 0x800012b4 (0x2cc0a623) mem 0x80006458 0x11111110
core   0: 0x800012b8 (0x66666537) lui     a0, 0x66666
core   0: 3 0x800012b8 (0x66666537) x10 0x66666000
core   0: 0x800012bc (0x66650513) addi    a0, a0, 1638
core   0: 3 0x800012bc (0x66650513) x10 0x66666666
core   0: 0x800012c0 (0x00500593) li      a1, 5
core   0: 3 0x800012c0 (0x00500593) x11 0x00000005
core   0: 0x800012c4 (0x00b50633) add     a2, a0, a1
core   0: 3 0x800012c4 (0x00b50633) x12 0x6666666b
core   0: 0x800012c8 (0x2cc0a823) sw      a2, 720(ra)
core   0: 3 0x800012c8 (0x2cc0a823) mem 0x8000645c 0x6666666b
core   0: 0x800012cc (0x66666537) lui     a0, 0x66666
core   0: 3 0x800012cc (0x66666537) x10 0x66666000
core   0: 0x800012d0 (0x66650513) addi    a0, a0, 1638
core   0: 3 0x800012d0 (0x66650513) x10 0x66666666
core   0: 0x800012d4 (0x333335b7) lui     a1, 0x33333
core   0: 3 0x800012d4 (0x333335b7) x11 0x33333000
core   0: 0x800012d8 (0x33358593) addi    a1, a1, 819
core   0: 3 0x800012d8 (0x33358593) x11 0x33333333
core   0: 0x800012dc (0x00b50633) add     a2, a0, a1
core   0: 3 0x800012dc (0x00b50633) x12 0x99999999
core   0: 0x800012e0 (0x2cc0aa23) sw      a2, 724(ra)
core   0: 3 0x800012e0 (0x2cc0aa23) mem 0x80006460 0x99999999
core   0: 0x800012e4 (0x66666537) lui     a0, 0x66666
core   0: 3 0x800012e4 (0x66666537) x10 0x66666000
core   0: 0x800012e8 (0x66650513) addi    a0, a0, 1638
core   0: 3 0x800012e8 (0x66650513) x10 0x66666666
core   0: 0x800012ec (0x666665b7) lui     a1, 0x66666
core   0: 3 0x800012ec (0x666665b7) x11 0x66666000
core   0: 0x800012f0 (0x66658593) addi    a1, a1, 1638
core   0: 3 0x800012f0 (0x66658593) x11 0x66666666
core   0: 0x800012f4 (0x00b50633) add     a2, a0, a1
core   0: 3 0x800012f4 (0x00b50633) x12 0xcccccccc
core   0: 0x800012f8 (0x2cc0ac23) sw      a2, 728(ra)
core   0: 3 0x800012f8 (0x2cc0ac23) mem 0x80006464 0xcccccccc
core   0: 0x800012fc (0x66666537) lui     a0, 0x66666
core   0: 3 0x800012fc (0x66666537) x10 0x66666000
core   0: 0x80001300 (0x66650513) addi    a0, a0, 1638
core   0: 3 0x80001300 (0x66650513) x10 0x66666666
core   0: 0x80001304 (0xffff55b7) lui     a1, 0xffff5
core   0: 3 0x80001304 (0xffff55b7) x11 0xffff5000
core   0: 0x80001308 (0xafc58593) addi    a1, a1, -1284
core   0: 3 0x80001308 (0xafc58593) x11 0xffff4afc
core   0: 0x8000130c (0x00b50633) add     a2, a0, a1
core   0: 3 0x8000130c (0x00b50633) x12 0x6665b162
core   0: 0x80001310 (0x2cc0ae23) sw      a2, 732(ra)
core   0: 3 0x80001310 (0x2cc0ae23) mem 0x80006468 0x6665b162
core   0: 0x80001314 (0x66666537) lui     a0, 0x66666
core   0: 3 0x80001314 (0x66666537) x10 0x66666000
core   0: 0x80001318 (0x66650513) addi    a0, a0, 1638
core   0: 3 0x80001318 (0x66650513) x10 0x66666666
core   0: 0x8000131c (0x0000b5b7) lui     a1, 0xb
core   0: 3 0x8000131c (0x0000b5b7) x11 0x0000b000
core   0: 0x80001320 (0x50458593) addi    a1, a1, 1284
core   0: 3 0x80001320 (0x50458593) x11 0x0000b504
core   0: 0x80001324 (0x00b50633) add     a2, a0, a1
core   0: 3 0x80001324 (0x00b50633) x12 0x66671b6a
core   0: 0x80001328 (0x2ec0a023) sw      a2, 736(ra)
core   0: 3 0x80001328 (0x2ec0a023) mem 0x8000646c 0x66671b6a
core   0: 0x8000132c (0x66666537) lui     a0, 0x66666
core   0: 3 0x8000132c (0x66666537) x10 0x66666000
core   0: 0x80001330 (0x66650513) addi    a0, a0, 1638
core   0: 3 0x80001330 (0x66650513) x10 0x66666666
core   0: 0x80001334 (0x00200593) li      a1, 2
core   0: 3 0x80001334 (0x00200593) x11 0x00000002
core   0: 0x80001338 (0x00b50633) add     a2, a0, a1
core   0: 3 0x80001338 (0x00b50633) x12 0x66666668
core   0: 0x8000133c (0x2ec0a223) sw      a2, 740(ra)
core   0: 3 0x8000133c (0x2ec0a223) mem 0x80006470 0x66666668
core   0: 0x80001340 (0x66666537) lui     a0, 0x66666
core   0: 3 0x80001340 (0x66666537) x10 0x66666000
core   0: 0x80001344 (0x66650513) addi    a0, a0, 1638
core   0: 3 0x80001344 (0x66650513) x10 0x66666666
core   0: 0x80001348 (0x555555b7) lui     a1, 0x55555
core   0: 3 0x80001348 (0x555555b7) x11 0x55555000
core   0: 0x8000134c (0x55458593) addi    a1, a1, 1364
core   0: 3 0x8000134c (0x55458593) x11 0x55555554
core   0: 0x80001350 (0x00b50633) add     a2, a0, a1
core   0: 3 0x80001350 (0x00b50633) x12 0xbbbbbbba
core   0: 0x80001354 (0x2ec0a423) sw      a2, 744(ra)
core   0: 3 0x80001354 (0x2ec0a423) mem 0x80006474 0xbbbbbbba
core   0: 0x80001358 (0x66666537) lui     a0, 0x66666
core   0: 3 0x80001358 (0x66666537) x10 0x66666000
core   0: 0x8000135c (0x66650513) addi    a0, a0, 1638
core   0: 3 0x8000135c (0x66650513) x10 0x66666666
core   0: 0x80001360 (0x00000593) li      a1, 0
core   0: 3 0x80001360 (0x00000593) x11 0x00000000
core   0: 0x80001364 (0x00b50633) add     a2, a0, a1
core   0: 3 0x80001364 (0x00b50633) x12 0x66666666
core   0: 0x80001368 (0x2ec0a623) sw      a2, 748(ra)
core   0: 3 0x80001368 (0x2ec0a623) mem 0x80006478 0x66666666
core   0: 0x8000136c (0x66666537) lui     a0, 0x66666
core   0: 3 0x8000136c (0x66666537) x10 0x66666000
core   0: 0x80001370 (0x66650513) addi    a0, a0, 1638
core   0: 3 0x80001370 (0x66650513) x10 0x66666666
core   0: 0x80001374 (0x00400593) li      a1, 4
core   0: 3 0x80001374 (0x00400593) x11 0x00000004
core   0: 0x80001378 (0x00b50633) add     a2, a0, a1
core   0: 3 0x80001378 (0x00b50633) x12 0x6666666a
core   0: 0x8000137c (0x2ec0a823) sw      a2, 752(ra)
core   0: 3 0x8000137c (0x2ec0a823) mem 0x8000647c 0x6666666a
core   0: 0x80001380 (0x66666537) lui     a0, 0x66666
core   0: 3 0x80001380 (0x66666537) x10 0x66666000
core   0: 0x80001384 (0x66650513) addi    a0, a0, 1638
core   0: 3 0x80001384 (0x66650513) x10 0x66666666
core   0: 0x80001388 (0x333335b7) lui     a1, 0x33333
core   0: 3 0x80001388 (0x333335b7) x11 0x33333000
core   0: 0x8000138c (0x33258593) addi    a1, a1, 818
core   0: 3 0x8000138c (0x33258593) x11 0x33333332
core   0: 0x80001390 (0x00b50633) add     a2, a0, a1
core   0: 3 0x80001390 (0x00b50633) x12 0x99999998
core   0: 0x80001394 (0x2ec0aa23) sw      a2, 756(ra)
core   0: 3 0x80001394 (0x2ec0aa23) mem 0x80006480 0x99999998
core   0: 0x80001398 (0x66666537) lui     a0, 0x66666
core   0: 3 0x80001398 (0x66666537) x10 0x66666000
core   0: 0x8000139c (0x66650513) addi    a0, a0, 1638
core   0: 3 0x8000139c (0x66650513) x10 0x66666666
core   0: 0x800013a0 (0x666665b7) lui     a1, 0x66666
core   0: 3 0x800013a0 (0x666665b7) x11 0x66666000
core   0: 0x800013a4 (0x66558593) addi    a1, a1, 1637
core   0: 3 0x800013a4 (0x66558593) x11 0x66666665
core   0: 0x800013a8 (0x00b50633) add     a2, a0, a1
core   0: 3 0x800013a8 (0x00b50633) x12 0xcccccccb
core   0: 0x800013ac (0x2ec0ac23) sw      a2, 760(ra)
core   0: 3 0x800013ac (0x2ec0ac23) mem 0x80006484 0xcccccccb
core   0: 0x800013b0 (0x66666537) lui     a0, 0x66666
core   0: 3 0x800013b0 (0x66666537) x10 0x66666000
core   0: 0x800013b4 (0x66650513) addi    a0, a0, 1638
core   0: 3 0x800013b4 (0x66650513) x10 0x66666666
core   0: 0x800013b8 (0x0000b5b7) lui     a1, 0xb
core   0: 3 0x800013b8 (0x0000b5b7) x11 0x0000b000
core   0: 0x800013bc (0x50358593) addi    a1, a1, 1283
core   0: 3 0x800013bc (0x50358593) x11 0x0000b503
core   0: 0x800013c0 (0x00b50633) add     a2, a0, a1
core   0: 3 0x800013c0 (0x00b50633) x12 0x66671b69
core   0: 0x800013c4 (0x2ec0ae23) sw      a2, 764(ra)
core   0: 3 0x800013c4 (0x2ec0ae23) mem 0x80006488 0x66671b69
core   0: 0x800013c8 (0x66666537) lui     a0, 0x66666
core   0: 3 0x800013c8 (0x66666537) x10 0x66666000
core   0: 0x800013cc (0x66650513) addi    a0, a0, 1638
core   0: 3 0x800013cc (0x66650513) x10 0x66666666
core   0: 0x800013d0 (0x555555b7) lui     a1, 0x55555
core   0: 3 0x800013d0 (0x555555b7) x11 0x55555000
core   0: 0x800013d4 (0x55658593) addi    a1, a1, 1366
core   0: 3 0x800013d4 (0x55658593) x11 0x55555556
core   0: 0x800013d8 (0x00b50633) add     a2, a0, a1
core   0: 3 0x800013d8 (0x00b50633) x12 0xbbbbbbbc
core   0: 0x800013dc (0x30c0a023) sw      a2, 768(ra)
core   0: 3 0x800013dc (0x30c0a023) mem 0x8000648c 0xbbbbbbbc
core   0: 0x800013e0 (0x66666537) lui     a0, 0x66666
core   0: 3 0x800013e0 (0x66666537) x10 0x66666000
core   0: 0x800013e4 (0x66650513) addi    a0, a0, 1638
core   0: 3 0x800013e4 (0x66650513) x10 0x66666666
core   0: 0x800013e8 (0xaaaab5b7) lui     a1, 0xaaaab
core   0: 3 0x800013e8 (0xaaaab5b7) x11 0xaaaab000
core   0: 0x800013ec (0xaab58593) addi    a1, a1, -1365
core   0: 3 0x800013ec (0xaab58593) x11 0xaaaaaaab
core   0: 0x800013f0 (0x00b50633) add     a2, a0, a1
core   0: 3 0x800013f0 (0x00b50633) x12 0x11111111
core   0: 0x800013f4 (0x30c0a223) sw      a2, 772(ra)
core   0: 3 0x800013f4 (0x30c0a223) mem 0x80006490 0x11111111
core   0: 0x800013f8 (0x66666537) lui     a0, 0x66666
core   0: 3 0x800013f8 (0x66666537) x10 0x66666000
core   0: 0x800013fc (0x66650513) addi    a0, a0, 1638
core   0: 3 0x800013fc (0x66650513) x10 0x66666666
core   0: 0x80001400 (0x00600593) li      a1, 6
core   0: 3 0x80001400 (0x00600593) x11 0x00000006
core   0: 0x80001404 (0x00b50633) add     a2, a0, a1
core   0: 3 0x80001404 (0x00b50633) x12 0x6666666c
core   0: 0x80001408 (0x30c0a423) sw      a2, 776(ra)
core   0: 3 0x80001408 (0x30c0a423) mem 0x80006494 0x6666666c
core   0: 0x8000140c (0x66666537) lui     a0, 0x66666
core   0: 3 0x8000140c (0x66666537) x10 0x66666000
core   0: 0x80001410 (0x66650513) addi    a0, a0, 1638
core   0: 3 0x80001410 (0x66650513) x10 0x66666666
core   0: 0x80001414 (0x333335b7) lui     a1, 0x33333
core   0: 3 0x80001414 (0x333335b7) x11 0x33333000
core   0: 0x80001418 (0x33458593) addi    a1, a1, 820
core   0: 3 0x80001418 (0x33458593) x11 0x33333334
core   0: 0x8000141c (0x00b50633) add     a2, a0, a1
core   0: 3 0x8000141c (0x00b50633) x12 0x9999999a
core   0: 0x80001420 (0x30c0a623) sw      a2, 780(ra)
core   0: 3 0x80001420 (0x30c0a623) mem 0x80006498 0x9999999a
core   0: 0x80001424 (0x66666537) lui     a0, 0x66666
core   0: 3 0x80001424 (0x66666537) x10 0x66666000
core   0: 0x80001428 (0x66650513) addi    a0, a0, 1638
core   0: 3 0x80001428 (0x66650513) x10 0x66666666
core   0: 0x8000142c (0x666665b7) lui     a1, 0x66666
core   0: 3 0x8000142c (0x666665b7) x11 0x66666000
core   0: 0x80001430 (0x66758593) addi    a1, a1, 1639
core   0: 3 0x80001430 (0x66758593) x11 0x66666667
core   0: 0x80001434 (0x00b50633) add     a2, a0, a1
core   0: 3 0x80001434 (0x00b50633) x12 0xcccccccd
core   0: 0x80001438 (0x30c0a823) sw      a2, 784(ra)
core   0: 3 0x80001438 (0x30c0a823) mem 0x8000649c 0xcccccccd
core   0: 0x8000143c (0x66666537) lui     a0, 0x66666
core   0: 3 0x8000143c (0x66666537) x10 0x66666000
core   0: 0x80001440 (0x66650513) addi    a0, a0, 1638
core   0: 3 0x80001440 (0x66650513) x10 0x66666666
core   0: 0x80001444 (0xffff55b7) lui     a1, 0xffff5
core   0: 3 0x80001444 (0xffff55b7) x11 0xffff5000
core   0: 0x80001448 (0xafd58593) addi    a1, a1, -1283
core   0: 3 0x80001448 (0xafd58593) x11 0xffff4afd
core   0: 0x8000144c (0x00b50633) add     a2, a0, a1
core   0: 3 0x8000144c (0x00b50633) x12 0x6665b163
core   0: 0x80001450 (0x30c0aa23) sw      a2, 788(ra)
core   0: 3 0x80001450 (0x30c0aa23) mem 0x800064a0 0x6665b163
core   0: 0x80001454 (0x66666537) lui     a0, 0x66666
core   0: 3 0x80001454 (0x66666537) x10 0x66666000
core   0: 0x80001458 (0x66650513) addi    a0, a0, 1638
core   0: 3 0x80001458 (0x66650513) x10 0x66666666
core   0: 0x8000145c (0x0000b5b7) lui     a1, 0xb
core   0: 3 0x8000145c (0x0000b5b7) x11 0x0000b000
core   0: 0x80001460 (0x50558593) addi    a1, a1, 1285
core   0: 3 0x80001460 (0x50558593) x11 0x0000b505
core   0: 0x80001464 (0x00b50633) add     a2, a0, a1
core   0: 3 0x80001464 (0x00b50633) x12 0x66671b6b
core   0: 0x80001468 (0x30c0ac23) sw      a2, 792(ra)
core   0: 3 0x80001468 (0x30c0ac23) mem 0x800064a4 0x66671b6b
core   0: 0x8000146c (0xffff5537) lui     a0, 0xffff5
core   0: 3 0x8000146c (0xffff5537) x10 0xffff5000
core   0: 0x80001470 (0xafc50513) addi    a0, a0, -1284
core   0: 3 0x80001470 (0xafc50513) x10 0xffff4afc
core   0: 0x80001474 (0x00300593) li      a1, 3
core   0: 3 0x80001474 (0x00300593) x11 0x00000003
core   0: 0x80001478 (0x00b50633) add     a2, a0, a1
core   0: 3 0x80001478 (0x00b50633) x12 0xffff4aff
core   0: 0x8000147c (0x30c0ae23) sw      a2, 796(ra)
core   0: 3 0x8000147c (0x30c0ae23) mem 0x800064a8 0xffff4aff
core   0: 0x80001480 (0xffff5537) lui     a0, 0xffff5
core   0: 3 0x80001480 (0xffff5537) x10 0xffff5000
core   0: 0x80001484 (0xafc50513) addi    a0, a0, -1284
core   0: 3 0x80001484 (0xafc50513) x10 0xffff4afc
core   0: 0x80001488 (0x555555b7) lui     a1, 0x55555
core   0: 3 0x80001488 (0x555555b7) x11 0x55555000
core   0: 0x8000148c (0x55558593) addi    a1, a1, 1365
core   0: 3 0x8000148c (0x55558593) x11 0x55555555
core   0: 0x80001490 (0x00b50633) add     a2, a0, a1
core   0: 3 0x80001490 (0x00b50633) x12 0x5554a051
core   0: 0x80001494 (0x32c0a023) sw      a2, 800(ra)
core   0: 3 0x80001494 (0x32c0a023) mem 0x800064ac 0x5554a051
core   0: 0x80001498 (0xffff5537) lui     a0, 0xffff5
core   0: 3 0x80001498 (0xffff5537) x10 0xffff5000
core   0: 0x8000149c (0xafc50513) addi    a0, a0, -1284
core   0: 3 0x8000149c (0xafc50513) x10 0xffff4afc
core   0: 0x800014a0 (0xaaaab5b7) lui     a1, 0xaaaab
core   0: 3 0x800014a0 (0xaaaab5b7) x11 0xaaaab000
core   0: 0x800014a4 (0xaaa58593) addi    a1, a1, -1366
core   0: 3 0x800014a4 (0xaaa58593) x11 0xaaaaaaaa
core   0: 0x800014a8 (0x00b50633) add     a2, a0, a1
core   0: 3 0x800014a8 (0x00b50633) x12 0xaaa9f5a6
core   0: 0x800014ac (0x32c0a223) sw      a2, 804(ra)
core   0: 3 0x800014ac (0x32c0a223) mem 0x800064b0 0xaaa9f5a6
core   0: 0x800014b0 (0xffff5537) lui     a0, 0xffff5
core   0: 3 0x800014b0 (0xffff5537) x10 0xffff5000
core   0: 0x800014b4 (0xafc50513) addi    a0, a0, -1284
core   0: 3 0x800014b4 (0xafc50513) x10 0xffff4afc
core   0: 0x800014b8 (0x00500593) li      a1, 5
core   0: 3 0x800014b8 (0x00500593) x11 0x00000005
core   0: 0x800014bc (0x00b50633) add     a2, a0, a1
core   0: 3 0x800014bc (0x00b50633) x12 0xffff4b01
core   0: 0x800014c0 (0x32c0a423) sw      a2, 808(ra)
core   0: 3 0x800014c0 (0x32c0a423) mem 0x800064b4 0xffff4b01
core   0: 0x800014c4 (0xffff5537) lui     a0, 0xffff5
core   0: 3 0x800014c4 (0xffff5537) x10 0xffff5000
core   0: 0x800014c8 (0xafc50513) addi    a0, a0, -1284
core   0: 3 0x800014c8 (0xafc50513) x10 0xffff4afc
core   0: 0x800014cc (0x333335b7) lui     a1, 0x33333
core   0: 3 0x800014cc (0x333335b7) x11 0x33333000
core   0: 0x800014d0 (0x33358593) addi    a1, a1, 819
core   0: 3 0x800014d0 (0x33358593) x11 0x33333333
core   0: 0x800014d4 (0x00b50633) add     a2, a0, a1
core   0: 3 0x800014d4 (0x00b50633) x12 0x33327e2f
core   0: 0x800014d8 (0x32c0a623) sw      a2, 812(ra)
core   0: 3 0x800014d8 (0x32c0a623) mem 0x800064b8 0x33327e2f
core   0: 0x800014dc (0xffff5537) lui     a0, 0xffff5
core   0: 3 0x800014dc (0xffff5537) x10 0xffff5000
core   0: 0x800014e0 (0xafc50513) addi    a0, a0, -1284
core   0: 3 0x800014e0 (0xafc50513) x10 0xffff4afc
core   0: 0x800014e4 (0x666665b7) lui     a1, 0x66666
core   0: 3 0x800014e4 (0x666665b7) x11 0x66666000
core   0: 0x800014e8 (0x66658593) addi    a1, a1, 1638
core   0: 3 0x800014e8 (0x66658593) x11 0x66666666
core   0: 0x800014ec (0x00b50633) add     a2, a0, a1
core   0: 3 0x800014ec (0x00b50633) x12 0x6665b162
core   0: 0x800014f0 (0x32c0a823) sw      a2, 816(ra)
core   0: 3 0x800014f0 (0x32c0a823) mem 0x800064bc 0x6665b162
core   0: 0x800014f4 (0xffff5537) lui     a0, 0xffff5
core   0: 3 0x800014f4 (0xffff5537) x10 0xffff5000
core   0: 0x800014f8 (0xafc50513) addi    a0, a0, -1284
core   0: 3 0x800014f8 (0xafc50513) x10 0xffff4afc
core   0: 0x800014fc (0xffff55b7) lui     a1, 0xffff5
core   0: 3 0x800014fc (0xffff55b7) x11 0xffff5000
core   0: 0x80001500 (0xafc58593) addi    a1, a1, -1284
core   0: 3 0x80001500 (0xafc58593) x11 0xffff4afc
core   0: 0x80001504 (0x00b50633) add     a2, a0, a1
core   0: 3 0x80001504 (0x00b50633) x12 0xfffe95f8
core   0: 0x80001508 (0x32c0aa23) sw      a2, 820(ra)
core   0: 3 0x80001508 (0x32c0aa23) mem 0x800064c0 0xfffe95f8
core   0: 0x8000150c (0xffff5537) lui     a0, 0xffff5
core   0: 3 0x8000150c (0xffff5537) x10 0xffff5000
core   0: 0x80001510 (0xafc50513) addi    a0, a0, -1284
core   0: 3 0x80001510 (0xafc50513) x10 0xffff4afc
core   0: 0x80001514 (0x0000b5b7) lui     a1, 0xb
core   0: 3 0x80001514 (0x0000b5b7) x11 0x0000b000
core   0: 0x80001518 (0x50458593) addi    a1, a1, 1284
core   0: 3 0x80001518 (0x50458593) x11 0x0000b504
core   0: 0x8000151c (0x00b50633) add     a2, a0, a1
core   0: 3 0x8000151c (0x00b50633) x12 0x00000000
core   0: 0x80001520 (0x32c0ac23) sw      a2, 824(ra)
core   0: 3 0x80001520 (0x32c0ac23) mem 0x800064c4 0x00000000
core   0: 0x80001524 (0xffff5537) lui     a0, 0xffff5
core   0: 3 0x80001524 (0xffff5537) x10 0xffff5000
core   0: 0x80001528 (0xafc50513) addi    a0, a0, -1284
core   0: 3 0x80001528 (0xafc50513) x10 0xffff4afc
core   0: 0x8000152c (0x00200593) li      a1, 2
core   0: 3 0x8000152c (0x00200593) x11 0x00000002
core   0: 0x80001530 (0x00b50633) add     a2, a0, a1
core   0: 3 0x80001530 (0x00b50633) x12 0xffff4afe
core   0: 0x80001534 (0x32c0ae23) sw      a2, 828(ra)
core   0: 3 0x80001534 (0x32c0ae23) mem 0x800064c8 0xffff4afe
core   0: 0x80001538 (0xffff5537) lui     a0, 0xffff5
core   0: 3 0x80001538 (0xffff5537) x10 0xffff5000
core   0: 0x8000153c (0xafc50513) addi    a0, a0, -1284
core   0: 3 0x8000153c (0xafc50513) x10 0xffff4afc
core   0: 0x80001540 (0x555555b7) lui     a1, 0x55555
core   0: 3 0x80001540 (0x555555b7) x11 0x55555000
core   0: 0x80001544 (0x55458593) addi    a1, a1, 1364
core   0: 3 0x80001544 (0x55458593) x11 0x55555554
core   0: 0x80001548 (0x00b50633) add     a2, a0, a1
core   0: 3 0x80001548 (0x00b50633) x12 0x5554a050
core   0: 0x8000154c (0x34c0a023) sw      a2, 832(ra)
core   0: 3 0x8000154c (0x34c0a023) mem 0x800064cc 0x5554a050
core   0: 0x80001550 (0xffff5537) lui     a0, 0xffff5
core   0: 3 0x80001550 (0xffff5537) x10 0xffff5000
core   0: 0x80001554 (0xafc50513) addi    a0, a0, -1284
core   0: 3 0x80001554 (0xafc50513) x10 0xffff4afc
core   0: 0x80001558 (0x00000593) li      a1, 0
core   0: 3 0x80001558 (0x00000593) x11 0x00000000
core   0: 0x8000155c (0x00b50633) add     a2, a0, a1
core   0: 3 0x8000155c (0x00b50633) x12 0xffff4afc
core   0: 0x80001560 (0x34c0a223) sw      a2, 836(ra)
core   0: 3 0x80001560 (0x34c0a223) mem 0x800064d0 0xffff4afc
core   0: 0x80001564 (0xffff5537) lui     a0, 0xffff5
core   0: 3 0x80001564 (0xffff5537) x10 0xffff5000
core   0: 0x80001568 (0xafc50513) addi    a0, a0, -1284
core   0: 3 0x80001568 (0xafc50513) x10 0xffff4afc
core   0: 0x8000156c (0x00400593) li      a1, 4
core   0: 3 0x8000156c (0x00400593) x11 0x00000004
core   0: 0x80001570 (0x00b50633) add     a2, a0, a1
core   0: 3 0x80001570 (0x00b50633) x12 0xffff4b00
core   0: 0x80001574 (0x34c0a423) sw      a2, 840(ra)
core   0: 3 0x80001574 (0x34c0a423) mem 0x800064d4 0xffff4b00
core   0: 0x80001578 (0xffff5537) lui     a0, 0xffff5
core   0: 3 0x80001578 (0xffff5537) x10 0xffff5000
core   0: 0x8000157c (0xafc50513) addi    a0, a0, -1284
core   0: 3 0x8000157c (0xafc50513) x10 0xffff4afc
core   0: 0x80001580 (0x333335b7) lui     a1, 0x33333
core   0: 3 0x80001580 (0x333335b7) x11 0x33333000
core   0: 0x80001584 (0x33258593) addi    a1, a1, 818
core   0: 3 0x80001584 (0x33258593) x11 0x33333332
core   0: 0x80001588 (0x00b50633) add     a2, a0, a1
core   0: 3 0x80001588 (0x00b50633) x12 0x33327e2e
core   0: 0x8000158c (0x34c0a623) sw      a2, 844(ra)
core   0: 3 0x8000158c (0x34c0a623) mem 0x800064d8 0x33327e2e
core   0: 0x80001590 (0xffff5537) lui     a0, 0xffff5
core   0: 3 0x80001590 (0xffff5537) x10 0xffff5000
core   0: 0x80001594 (0xafc50513) addi    a0, a0, -1284
core   0: 3 0x80001594 (0xafc50513) x10 0xffff4afc
core   0: 0x80001598 (0x666665b7) lui     a1, 0x66666
core   0: 3 0x80001598 (0x666665b7) x11 0x66666000
core   0: 0x8000159c (0x66558593) addi    a1, a1, 1637
core   0: 3 0x8000159c (0x66558593) x11 0x66666665
core   0: 0x800015a0 (0x00b50633) add     a2, a0, a1
core   0: 3 0x800015a0 (0x00b50633) x12 0x6665b161
core   0: 0x800015a4 (0x34c0a823) sw      a2, 848(ra)
core   0: 3 0x800015a4 (0x34c0a823) mem 0x800064dc 0x6665b161
core   0: 0x800015a8 (0xffff5537) lui     a0, 0xffff5
core   0: 3 0x800015a8 (0xffff5537) x10 0xffff5000
core   0: 0x800015ac (0xafc50513) addi    a0, a0, -1284
core   0: 3 0x800015ac (0xafc50513) x10 0xffff4afc
core   0: 0x800015b0 (0x0000b5b7) lui     a1, 0xb
core   0: 3 0x800015b0 (0x0000b5b7) x11 0x0000b000
core   0: 0x800015b4 (0x50358593) addi    a1, a1, 1283
core   0: 3 0x800015b4 (0x50358593) x11 0x0000b503
core   0: 0x800015b8 (0x00b50633) add     a2, a0, a1
core   0: 3 0x800015b8 (0x00b50633) x12 0xffffffff
core   0: 0x800015bc (0x34c0aa23) sw      a2, 852(ra)
core   0: 3 0x800015bc (0x34c0aa23) mem 0x800064e0 0xffffffff
core   0: 0x800015c0 (0xffff5537) lui     a0, 0xffff5
core   0: 3 0x800015c0 (0xffff5537) x10 0xffff5000
core   0: 0x800015c4 (0xafc50513) addi    a0, a0, -1284
core   0: 3 0x800015c4 (0xafc50513) x10 0xffff4afc
core   0: 0x800015c8 (0x555555b7) lui     a1, 0x55555
core   0: 3 0x800015c8 (0x555555b7) x11 0x55555000
core   0: 0x800015cc (0x55658593) addi    a1, a1, 1366
core   0: 3 0x800015cc (0x55658593) x11 0x55555556
core   0: 0x800015d0 (0x00b50633) add     a2, a0, a1
core   0: 3 0x800015d0 (0x00b50633) x12 0x5554a052
core   0: 0x800015d4 (0x34c0ac23) sw      a2, 856(ra)
core   0: 3 0x800015d4 (0x34c0ac23) mem 0x800064e4 0x5554a052
core   0: 0x800015d8 (0xffff5537) lui     a0, 0xffff5
core   0: 3 0x800015d8 (0xffff5537) x10 0xffff5000
core   0: 0x800015dc (0xafc50513) addi    a0, a0, -1284
core   0: 3 0x800015dc (0xafc50513) x10 0xffff4afc
core   0: 0x800015e0 (0xaaaab5b7) lui     a1, 0xaaaab
core   0: 3 0x800015e0 (0xaaaab5b7) x11 0xaaaab000
core   0: 0x800015e4 (0xaab58593) addi    a1, a1, -1365
core   0: 3 0x800015e4 (0xaab58593) x11 0xaaaaaaab
core   0: 0x800015e8 (0x00b50633) add     a2, a0, a1
core   0: 3 0x800015e8 (0x00b50633) x12 0xaaa9f5a7
core   0: 0x800015ec (0x34c0ae23) sw      a2, 860(ra)
core   0: 3 0x800015ec (0x34c0ae23) mem 0x800064e8 0xaaa9f5a7
core   0: 0x800015f0 (0xffff5537) lui     a0, 0xffff5
core   0: 3 0x800015f0 (0xffff5537) x10 0xffff5000
core   0: 0x800015f4 (0xafc50513) addi    a0, a0, -1284
core   0: 3 0x800015f4 (0xafc50513) x10 0xffff4afc
core   0: 0x800015f8 (0x00600593) li      a1, 6
core   0: 3 0x800015f8 (0x00600593) x11 0x00000006
core   0: 0x800015fc (0x00b50633) add     a2, a0, a1
core   0: 3 0x800015fc (0x00b50633) x12 0xffff4b02
core   0: 0x80001600 (0x36c0a023) sw      a2, 864(ra)
core   0: 3 0x80001600 (0x36c0a023) mem 0x800064ec 0xffff4b02
core   0: 0x80001604 (0xffff5537) lui     a0, 0xffff5
core   0: 3 0x80001604 (0xffff5537) x10 0xffff5000
core   0: 0x80001608 (0xafc50513) addi    a0, a0, -1284
core   0: 3 0x80001608 (0xafc50513) x10 0xffff4afc
core   0: 0x8000160c (0x333335b7) lui     a1, 0x33333
core   0: 3 0x8000160c (0x333335b7) x11 0x33333000
core   0: 0x80001610 (0x33458593) addi    a1, a1, 820
core   0: 3 0x80001610 (0x33458593) x11 0x33333334
core   0: 0x80001614 (0x00b50633) add     a2, a0, a1
core   0: 3 0x80001614 (0x00b50633) x12 0x33327e30
core   0: 0x80001618 (0x36c0a223) sw      a2, 868(ra)
core   0: 3 0x80001618 (0x36c0a223) mem 0x800064f0 0x33327e30
core   0: 0x8000161c (0xffff5537) lui     a0, 0xffff5
core   0: 3 0x8000161c (0xffff5537) x10 0xffff5000
core   0: 0x80001620 (0xafc50513) addi    a0, a0, -1284
core   0: 3 0x80001620 (0xafc50513) x10 0xffff4afc
core   0: 0x80001624 (0x666665b7) lui     a1, 0x66666
core   0: 3 0x80001624 (0x666665b7) x11 0x66666000
core   0: 0x80001628 (0x66758593) addi    a1, a1, 1639
core   0: 3 0x80001628 (0x66758593) x11 0x66666667
core   0: 0x8000162c (0x00b50633) add     a2, a0, a1
core   0: 3 0x8000162c (0x00b50633) x12 0x6665b163
core   0: 0x80001630 (0x36c0a423) sw      a2, 872(ra)
core   0: 3 0x80001630 (0x36c0a423) mem 0x800064f4 0x6665b163
core   0: 0x80001634 (0xffff5537) lui     a0, 0xffff5
core   0: 3 0x80001634 (0xffff5537) x10 0xffff5000
core   0: 0x80001638 (0xafc50513) addi    a0, a0, -1284
core   0: 3 0x80001638 (0xafc50513) x10 0xffff4afc
core   0: 0x8000163c (0xffff55b7) lui     a1, 0xffff5
core   0: 3 0x8000163c (0xffff55b7) x11 0xffff5000
core   0: 0x80001640 (0xafd58593) addi    a1, a1, -1283
core   0: 3 0x80001640 (0xafd58593) x11 0xffff4afd
core   0: 0x80001644 (0x00b50633) add     a2, a0, a1
core   0: 3 0x80001644 (0x00b50633) x12 0xfffe95f9
core   0: 0x80001648 (0x36c0a623) sw      a2, 876(ra)
core   0: 3 0x80001648 (0x36c0a623) mem 0x800064f8 0xfffe95f9
core   0: 0x8000164c (0xffff5537) lui     a0, 0xffff5
core   0: 3 0x8000164c (0xffff5537) x10 0xffff5000
core   0: 0x80001650 (0xafc50513) addi    a0, a0, -1284
core   0: 3 0x80001650 (0xafc50513) x10 0xffff4afc
core   0: 0x80001654 (0x0000b5b7) lui     a1, 0xb
core   0: 3 0x80001654 (0x0000b5b7) x11 0x0000b000
core   0: 0x80001658 (0x50558593) addi    a1, a1, 1285
core   0: 3 0x80001658 (0x50558593) x11 0x0000b505
core   0: 0x8000165c (0x00b50633) add     a2, a0, a1
core   0: 3 0x8000165c (0x00b50633) x12 0x00000001
core   0: 0x80001660 (0x36c0a823) sw      a2, 880(ra)
core   0: 3 0x80001660 (0x36c0a823) mem 0x800064fc 0x00000001
core   0: 0x80001664 (0x0000b537) lui     a0, 0xb
core   0: 3 0x80001664 (0x0000b537) x10 0x0000b000
core   0: 0x80001668 (0x50450513) addi    a0, a0, 1284
core   0: 3 0x80001668 (0x50450513) x10 0x0000b504
core   0: 0x8000166c (0x00300593) li      a1, 3
core   0: 3 0x8000166c (0x00300593) x11 0x00000003
core   0: 0x80001670 (0x00b50633) add     a2, a0, a1
core   0: 3 0x80001670 (0x00b50633) x12 0x0000b507
core   0: 0x80001674 (0x36c0aa23) sw      a2, 884(ra)
core   0: 3 0x80001674 (0x36c0aa23) mem 0x80006500 0x0000b507
core   0: 0x80001678 (0x0000b537) lui     a0, 0xb
core   0: 3 0x80001678 (0x0000b537) x10 0x0000b000
core   0: 0x8000167c (0x50450513) addi    a0, a0, 1284
core   0: 3 0x8000167c (0x50450513) x10 0x0000b504
core   0: 0x80001680 (0x555555b7) lui     a1, 0x55555
core   0: 3 0x80001680 (0x555555b7) x11 0x55555000
core   0: 0x80001684 (0x55558593) addi    a1, a1, 1365
core   0: 3 0x80001684 (0x55558593) x11 0x55555555
core   0: 0x80001688 (0x00b50633) add     a2, a0, a1
core   0: 3 0x80001688 (0x00b50633) x12 0x55560a59
core   0: 0x8000168c (0x36c0ac23) sw      a2, 888(ra)
core   0: 3 0x8000168c (0x36c0ac23) mem 0x80006504 0x55560a59
core   0: 0x80001690 (0x0000b537) lui     a0, 0xb
core   0: 3 0x80001690 (0x0000b537) x10 0x0000b000
core   0: 0x80001694 (0x50450513) addi    a0, a0, 1284
core   0: 3 0x80001694 (0x50450513) x10 0x0000b504
core   0: 0x80001698 (0xaaaab5b7) lui     a1, 0xaaaab
core   0: 3 0x80001698 (0xaaaab5b7) x11 0xaaaab000
core   0: 0x8000169c (0xaaa58593) addi    a1, a1, -1366
core   0: 3 0x8000169c (0xaaa58593) x11 0xaaaaaaaa
core   0: 0x800016a0 (0x00b50633) add     a2, a0, a1
core   0: 3 0x800016a0 (0x00b50633) x12 0xaaab5fae
core   0: 0x800016a4 (0x36c0ae23) sw      a2, 892(ra)
core   0: 3 0x800016a4 (0x36c0ae23) mem 0x80006508 0xaaab5fae
core   0: 0x800016a8 (0x0000b537) lui     a0, 0xb
core   0: 3 0x800016a8 (0x0000b537) x10 0x0000b000
core   0: 0x800016ac (0x50450513) addi    a0, a0, 1284
core   0: 3 0x800016ac (0x50450513) x10 0x0000b504
core   0: 0x800016b0 (0x00500593) li      a1, 5
core   0: 3 0x800016b0 (0x00500593) x11 0x00000005
core   0: 0x800016b4 (0x00b50633) add     a2, a0, a1
core   0: 3 0x800016b4 (0x00b50633) x12 0x0000b509
core   0: 0x800016b8 (0x38c0a023) sw      a2, 896(ra)
core   0: 3 0x800016b8 (0x38c0a023) mem 0x8000650c 0x0000b509
core   0: 0x800016bc (0x0000b537) lui     a0, 0xb
core   0: 3 0x800016bc (0x0000b537) x10 0x0000b000
core   0: 0x800016c0 (0x50450513) addi    a0, a0, 1284
core   0: 3 0x800016c0 (0x50450513) x10 0x0000b504
core   0: 0x800016c4 (0x333335b7) lui     a1, 0x33333
core   0: 3 0x800016c4 (0x333335b7) x11 0x33333000
core   0: 0x800016c8 (0x33358593) addi    a1, a1, 819
core   0: 3 0x800016c8 (0x33358593) x11 0x33333333
core   0: 0x800016cc (0x00b50633) add     a2, a0, a1
core   0: 3 0x800016cc (0x00b50633) x12 0x3333e837
core   0: 0x800016d0 (0x38c0a223) sw      a2, 900(ra)
core   0: 3 0x800016d0 (0x38c0a223) mem 0x80006510 0x3333e837
core   0: 0x800016d4 (0x0000b537) lui     a0, 0xb
core   0: 3 0x800016d4 (0x0000b537) x10 0x0000b000
core   0: 0x800016d8 (0x50450513) addi    a0, a0, 1284
core   0: 3 0x800016d8 (0x50450513) x10 0x0000b504
core   0: 0x800016dc (0x666665b7) lui     a1, 0x66666
core   0: 3 0x800016dc (0x666665b7) x11 0x66666000
core   0: 0x800016e0 (0x66658593) addi    a1, a1, 1638
core   0: 3 0x800016e0 (0x66658593) x11 0x66666666
core   0: 0x800016e4 (0x00b50633) add     a2, a0, a1
core   0: 3 0x800016e4 (0x00b50633) x12 0x66671b6a
core   0: 0x800016e8 (0x38c0a423) sw      a2, 904(ra)
core   0: 3 0x800016e8 (0x38c0a423) mem 0x80006514 0x66671b6a
core   0: 0x800016ec (0x0000b537) lui     a0, 0xb
core   0: 3 0x800016ec (0x0000b537) x10 0x0000b000
core   0: 0x800016f0 (0x50450513) addi    a0, a0, 1284
core   0: 3 0x800016f0 (0x50450513) x10 0x0000b504
core   0: 0x800016f4 (0xffff55b7) lui     a1, 0xffff5
core   0: 3 0x800016f4 (0xffff55b7) x11 0xffff5000
core   0: 0x800016f8 (0xafc58593) addi    a1, a1, -1284
core   0: 3 0x800016f8 (0xafc58593) x11 0xffff4afc
core   0: 0x800016fc (0x00b50633) add     a2, a0, a1
core   0: 3 0x800016fc (0x00b50633) x12 0x00000000
core   0: 0x80001700 (0x38c0a623) sw      a2, 908(ra)
core   0: 3 0x80001700 (0x38c0a623) mem 0x80006518 0x00000000
core   0: 0x80001704 (0x0000b537) lui     a0, 0xb
core   0: 3 0x80001704 (0x0000b537) x10 0x0000b000
core   0: 0x80001708 (0x50450513) addi    a0, a0, 1284
core   0: 3 0x80001708 (0x50450513) x10 0x0000b504
core   0: 0x8000170c (0x0000b5b7) lui     a1, 0xb
core   0: 3 0x8000170c (0x0000b5b7) x11 0x0000b000
core   0: 0x80001710 (0x50458593) addi    a1, a1, 1284
core   0: 3 0x80001710 (0x50458593) x11 0x0000b504
core   0: 0x80001714 (0x00b50633) add     a2, a0, a1
core   0: 3 0x80001714 (0x00b50633) x12 0x00016a08
core   0: 0x80001718 (0x38c0a823) sw      a2, 912(ra)
core   0: 3 0x80001718 (0x38c0a823) mem 0x8000651c 0x00016a08
core   0: 0x8000171c (0x0000b537) lui     a0, 0xb
core   0: 3 0x8000171c (0x0000b537) x10 0x0000b000
core   0: 0x80001720 (0x50450513) addi    a0, a0, 1284
core   0: 3 0x80001720 (0x50450513) x10 0x0000b504
core   0: 0x80001724 (0x00200593) li      a1, 2
core   0: 3 0x80001724 (0x00200593) x11 0x00000002
core   0: 0x80001728 (0x00b50633) add     a2, a0, a1
core   0: 3 0x80001728 (0x00b50633) x12 0x0000b506
core   0: 0x8000172c (0x38c0aa23) sw      a2, 916(ra)
core   0: 3 0x8000172c (0x38c0aa23) mem 0x80006520 0x0000b506
core   0: 0x80001730 (0x0000b537) lui     a0, 0xb
core   0: 3 0x80001730 (0x0000b537) x10 0x0000b000
core   0: 0x80001734 (0x50450513) addi    a0, a0, 1284
core   0: 3 0x80001734 (0x50450513) x10 0x0000b504
core   0: 0x80001738 (0x555555b7) lui     a1, 0x55555
core   0: 3 0x80001738 (0x555555b7) x11 0x55555000
core   0: 0x8000173c (0x55458593) addi    a1, a1, 1364
core   0: 3 0x8000173c (0x55458593) x11 0x55555554
core   0: 0x80001740 (0x00b50633) add     a2, a0, a1
core   0: 3 0x80001740 (0x00b50633) x12 0x55560a58
core   0: 0x80001744 (0x38c0ac23) sw      a2, 920(ra)
core   0: 3 0x80001744 (0x38c0ac23) mem 0x80006524 0x55560a58
core   0: 0x80001748 (0x0000b537) lui     a0, 0xb
core   0: 3 0x80001748 (0x0000b537) x10 0x0000b000
core   0: 0x8000174c (0x50450513) addi    a0, a0, 1284
core   0: 3 0x8000174c (0x50450513) x10 0x0000b504
core   0: 0x80001750 (0x00000593) li      a1, 0
core   0: 3 0x80001750 (0x00000593) x11 0x00000000
core   0: 0x80001754 (0x00b50633) add     a2, a0, a1
core   0: 3 0x80001754 (0x00b50633) x12 0x0000b504
core   0: 0x80001758 (0x38c0ae23) sw      a2, 924(ra)
core   0: 3 0x80001758 (0x38c0ae23) mem 0x80006528 0x0000b504
core   0: 0x8000175c (0x0000b537) lui     a0, 0xb
core   0: 3 0x8000175c (0x0000b537) x10 0x0000b000
core   0: 0x80001760 (0x50450513) addi    a0, a0, 1284
core   0: 3 0x80001760 (0x50450513) x10 0x0000b504
core   0: 0x80001764 (0x00400593) li      a1, 4
core   0: 3 0x80001764 (0x00400593) x11 0x00000004
core   0: 0x80001768 (0x00b50633) add     a2, a0, a1
core   0: 3 0x80001768 (0x00b50633) x12 0x0000b508
core   0: 0x8000176c (0x3ac0a023) sw      a2, 928(ra)
core   0: 3 0x8000176c (0x3ac0a023) mem 0x8000652c 0x0000b508
core   0: 0x80001770 (0x0000b537) lui     a0, 0xb
core   0: 3 0x80001770 (0x0000b537) x10 0x0000b000
core   0: 0x80001774 (0x50450513) addi    a0, a0, 1284
core   0: 3 0x80001774 (0x50450513) x10 0x0000b504
core   0: 0x80001778 (0x333335b7) lui     a1, 0x33333
core   0: 3 0x80001778 (0x333335b7) x11 0x33333000
core   0: 0x8000177c (0x33258593) addi    a1, a1, 818
core   0: 3 0x8000177c (0x33258593) x11 0x33333332
core   0: 0x80001780 (0x00b50633) add     a2, a0, a1
core   0: 3 0x80001780 (0x00b50633) x12 0x3333e836
core   0: 0x80001784 (0x3ac0a223) sw      a2, 932(ra)
core   0: 3 0x80001784 (0x3ac0a223) mem 0x80006530 0x3333e836
core   0: 0x80001788 (0x0000b537) lui     a0, 0xb
core   0: 3 0x80001788 (0x0000b537) x10 0x0000b000
core   0: 0x8000178c (0x50450513) addi    a0, a0, 1284
core   0: 3 0x8000178c (0x50450513) x10 0x0000b504
core   0: 0x80001790 (0x666665b7) lui     a1, 0x66666
core   0: 3 0x80001790 (0x666665b7) x11 0x66666000
core   0: 0x80001794 (0x66558593) addi    a1, a1, 1637
core   0: 3 0x80001794 (0x66558593) x11 0x66666665
core   0: 0x80001798 (0x00b50633) add     a2, a0, a1
core   0: 3 0x80001798 (0x00b50633) x12 0x66671b69
core   0: 0x8000179c (0x3ac0a423) sw      a2, 936(ra)
core   0: 3 0x8000179c (0x3ac0a423) mem 0x80006534 0x66671b69
core   0: 0x800017a0 (0x0000b537) lui     a0, 0xb
core   0: 3 0x800017a0 (0x0000b537) x10 0x0000b000
core   0: 0x800017a4 (0x50450513) addi    a0, a0, 1284
core   0: 3 0x800017a4 (0x50450513) x10 0x0000b504
core   0: 0x800017a8 (0x0000b5b7) lui     a1, 0xb
core   0: 3 0x800017a8 (0x0000b5b7) x11 0x0000b000
core   0: 0x800017ac (0x50358593) addi    a1, a1, 1283
core   0: 3 0x800017ac (0x50358593) x11 0x0000b503
core   0: 0x800017b0 (0x00b50633) add     a2, a0, a1
core   0: 3 0x800017b0 (0x00b50633) x12 0x00016a07
core   0: 0x800017b4 (0x3ac0a623) sw      a2, 940(ra)
core   0: 3 0x800017b4 (0x3ac0a623) mem 0x80006538 0x00016a07
core   0: 0x800017b8 (0x0000b537) lui     a0, 0xb
core   0: 3 0x800017b8 (0x0000b537) x10 0x0000b000
core   0: 0x800017bc (0x50450513) addi    a0, a0, 1284
core   0: 3 0x800017bc (0x50450513) x10 0x0000b504
core   0: 0x800017c0 (0x555555b7) lui     a1, 0x55555
core   0: 3 0x800017c0 (0x555555b7) x11 0x55555000
core   0: 0x800017c4 (0x55658593) addi    a1, a1, 1366
core   0: 3 0x800017c4 (0x55658593) x11 0x55555556
core   0: 0x800017c8 (0x00b50633) add     a2, a0, a1
core   0: 3 0x800017c8 (0x00b50633) x12 0x55560a5a
core   0: 0x800017cc (0x3ac0a823) sw      a2, 944(ra)
core   0: 3 0x800017cc (0x3ac0a823) mem 0x8000653c 0x55560a5a
core   0: 0x800017d0 (0x0000b537) lui     a0, 0xb
core   0: 3 0x800017d0 (0x0000b537) x10 0x0000b000
core   0: 0x800017d4 (0x50450513) addi    a0, a0, 1284
core   0: 3 0x800017d4 (0x50450513) x10 0x0000b504
core   0: 0x800017d8 (0xaaaab5b7) lui     a1, 0xaaaab
core   0: 3 0x800017d8 (0xaaaab5b7) x11 0xaaaab000
core   0: 0x800017dc (0xaab58593) addi    a1, a1, -1365
core   0: 3 0x800017dc (0xaab58593) x11 0xaaaaaaab
core   0: 0x800017e0 (0x00b50633) add     a2, a0, a1
core   0: 3 0x800017e0 (0x00b50633) x12 0xaaab5faf
core   0: 0x800017e4 (0x3ac0aa23) sw      a2, 948(ra)
core   0: 3 0x800017e4 (0x3ac0aa23) mem 0x80006540 0xaaab5faf
core   0: 0x800017e8 (0x0000b537) lui     a0, 0xb
core   0: 3 0x800017e8 (0x0000b537) x10 0x0000b000
core   0: 0x800017ec (0x50450513) addi    a0, a0, 1284
core   0: 3 0x800017ec (0x50450513) x10 0x0000b504
core   0: 0x800017f0 (0x00600593) li      a1, 6
core   0: 3 0x800017f0 (0x00600593) x11 0x00000006
core   0: 0x800017f4 (0x00b50633) add     a2, a0, a1
core   0: 3 0x800017f4 (0x00b50633) x12 0x0000b50a
core   0: 0x800017f8 (0x3ac0ac23) sw      a2, 952(ra)
core   0: 3 0x800017f8 (0x3ac0ac23) mem 0x80006544 0x0000b50a
core   0: 0x800017fc (0x0000b537) lui     a0, 0xb
core   0: 3 0x800017fc (0x0000b537) x10 0x0000b000
core   0: 0x80001800 (0x50450513) addi    a0, a0, 1284
core   0: 3 0x80001800 (0x50450513) x10 0x0000b504
core   0: 0x80001804 (0x333335b7) lui     a1, 0x33333
core   0: 3 0x80001804 (0x333335b7) x11 0x33333000
core   0: 0x80001808 (0x33458593) addi    a1, a1, 820
core   0: 3 0x80001808 (0x33458593) x11 0x33333334
core   0: 0x8000180c (0x00b50633) add     a2, a0, a1
core   0: 3 0x8000180c (0x00b50633) x12 0x3333e838
core   0: 0x80001810 (0x3ac0ae23) sw      a2, 956(ra)
core   0: 3 0x80001810 (0x3ac0ae23) mem 0x80006548 0x3333e838
core   0: 0x80001814 (0x0000b537) lui     a0, 0xb
core   0: 3 0x80001814 (0x0000b537) x10 0x0000b000
core   0: 0x80001818 (0x50450513) addi    a0, a0, 1284
core   0: 3 0x80001818 (0x50450513) x10 0x0000b504
core   0: 0x8000181c (0x666665b7) lui     a1, 0x66666
core   0: 3 0x8000181c (0x666665b7) x11 0x66666000
core   0: 0x80001820 (0x66758593) addi    a1, a1, 1639
core   0: 3 0x80001820 (0x66758593) x11 0x66666667
core   0: 0x80001824 (0x00b50633) add     a2, a0, a1
core   0: 3 0x80001824 (0x00b50633) x12 0x66671b6b
core   0: 0x80001828 (0x3cc0a023) sw      a2, 960(ra)
core   0: 3 0x80001828 (0x3cc0a023) mem 0x8000654c 0x66671b6b
core   0: 0x8000182c (0x0000b537) lui     a0, 0xb
core   0: 3 0x8000182c (0x0000b537) x10 0x0000b000
core   0: 0x80001830 (0x50450513) addi    a0, a0, 1284
core   0: 3 0x80001830 (0x50450513) x10 0x0000b504
core   0: 0x80001834 (0xffff55b7) lui     a1, 0xffff5
core   0: 3 0x80001834 (0xffff55b7) x11 0xffff5000
core   0: 0x80001838 (0xafd58593) addi    a1, a1, -1283
core   0: 3 0x80001838 (0xafd58593) x11 0xffff4afd
core   0: 0x8000183c (0x00b50633) add     a2, a0, a1
core   0: 3 0x8000183c (0x00b50633) x12 0x00000001
core   0: 0x80001840 (0x3cc0a223) sw      a2, 964(ra)
core   0: 3 0x80001840 (0x3cc0a223) mem 0x80006550 0x00000001
core   0: 0x80001844 (0x0000b537) lui     a0, 0xb
core   0: 3 0x80001844 (0x0000b537) x10 0x0000b000
core   0: 0x80001848 (0x50450513) addi    a0, a0, 1284
core   0: 3 0x80001848 (0x50450513) x10 0x0000b504
core   0: 0x8000184c (0x0000b5b7) lui     a1, 0xb
core   0: 3 0x8000184c (0x0000b5b7) x11 0x0000b000
core   0: 0x80001850 (0x50558593) addi    a1, a1, 1285
core   0: 3 0x80001850 (0x50558593) x11 0x0000b505
core   0: 0x80001854 (0x00b50633) add     a2, a0, a1
core   0: 3 0x80001854 (0x00b50633) x12 0x00016a09
core   0: 0x80001858 (0x3cc0a423) sw      a2, 968(ra)
core   0: 3 0x80001858 (0x3cc0a423) mem 0x80006554 0x00016a09
core   0: 0x8000185c (0x00200513) li      a0, 2
core   0: 3 0x8000185c (0x00200513) x10 0x00000002
core   0: 0x80001860 (0x00300593) li      a1, 3
core   0: 3 0x80001860 (0x00300593) x11 0x00000003
core   0: 0x80001864 (0x00b50633) add     a2, a0, a1
core   0: 3 0x80001864 (0x00b50633) x12 0x00000005
core   0: 0x80001868 (0x3cc0a623) sw      a2, 972(ra)
core   0: 3 0x80001868 (0x3cc0a623) mem 0x80006558 0x00000005
core   0: 0x8000186c (0x00200513) li      a0, 2
core   0: 3 0x8000186c (0x00200513) x10 0x00000002
core   0: 0x80001870 (0x555555b7) lui     a1, 0x55555
core   0: 3 0x80001870 (0x555555b7) x11 0x55555000
core   0: 0x80001874 (0x55558593) addi    a1, a1, 1365
core   0: 3 0x80001874 (0x55558593) x11 0x55555555
core   0: 0x80001878 (0x00b50633) add     a2, a0, a1
core   0: 3 0x80001878 (0x00b50633) x12 0x55555557
core   0: 0x8000187c (0x3cc0a823) sw      a2, 976(ra)
core   0: 3 0x8000187c (0x3cc0a823) mem 0x8000655c 0x55555557
core   0: 0x80001880 (0x00200513) li      a0, 2
core   0: 3 0x80001880 (0x00200513) x10 0x00000002
core   0: 0x80001884 (0xaaaab5b7) lui     a1, 0xaaaab
core   0: 3 0x80001884 (0xaaaab5b7) x11 0xaaaab000
core   0: 0x80001888 (0xaaa58593) addi    a1, a1, -1366
core   0: 3 0x80001888 (0xaaa58593) x11 0xaaaaaaaa
core   0: 0x8000188c (0x00b50633) add     a2, a0, a1
core   0: 3 0x8000188c (0x00b50633) x12 0xaaaaaaac
core   0: 0x80001890 (0x3cc0aa23) sw      a2, 980(ra)
core   0: 3 0x80001890 (0x3cc0aa23) mem 0x80006560 0xaaaaaaac
core   0: 0x80001894 (0x00200513) li      a0, 2
core   0: 3 0x80001894 (0x00200513) x10 0x00000002
core   0: 0x80001898 (0x00500593) li      a1, 5
core   0: 3 0x80001898 (0x00500593) x11 0x00000005
core   0: 0x8000189c (0x00b50633) add     a2, a0, a1
core   0: 3 0x8000189c (0x00b50633) x12 0x00000007
core   0: 0x800018a0 (0x3cc0ac23) sw      a2, 984(ra)
core   0: 3 0x800018a0 (0x3cc0ac23) mem 0x80006564 0x00000007
core   0: 0x800018a4 (0x00200513) li      a0, 2
core   0: 3 0x800018a4 (0x00200513) x10 0x00000002
core   0: 0x800018a8 (0x333335b7) lui     a1, 0x33333
core   0: 3 0x800018a8 (0x333335b7) x11 0x33333000
core   0: 0x800018ac (0x33358593) addi    a1, a1, 819
core   0: 3 0x800018ac (0x33358593) x11 0x33333333
core   0: 0x800018b0 (0x00b50633) add     a2, a0, a1
core   0: 3 0x800018b0 (0x00b50633) x12 0x33333335
core   0: 0x800018b4 (0x3cc0ae23) sw      a2, 988(ra)
core   0: 3 0x800018b4 (0x3cc0ae23) mem 0x80006568 0x33333335
core   0: 0x800018b8 (0x00200513) li      a0, 2
core   0: 3 0x800018b8 (0x00200513) x10 0x00000002
core   0: 0x800018bc (0x666665b7) lui     a1, 0x66666
core   0: 3 0x800018bc (0x666665b7) x11 0x66666000
core   0: 0x800018c0 (0x66658593) addi    a1, a1, 1638
core   0: 3 0x800018c0 (0x66658593) x11 0x66666666
core   0: 0x800018c4 (0x00b50633) add     a2, a0, a1
core   0: 3 0x800018c4 (0x00b50633) x12 0x66666668
core   0: 0x800018c8 (0x3ec0a023) sw      a2, 992(ra)
core   0: 3 0x800018c8 (0x3ec0a023) mem 0x8000656c 0x66666668
core   0: 0x800018cc (0x00200513) li      a0, 2
core   0: 3 0x800018cc (0x00200513) x10 0x00000002
core   0: 0x800018d0 (0xffff55b7) lui     a1, 0xffff5
core   0: 3 0x800018d0 (0xffff55b7) x11 0xffff5000
core   0: 0x800018d4 (0xafc58593) addi    a1, a1, -1284
core   0: 3 0x800018d4 (0xafc58593) x11 0xffff4afc
core   0: 0x800018d8 (0x00b50633) add     a2, a0, a1
core   0: 3 0x800018d8 (0x00b50633) x12 0xffff4afe
core   0: 0x800018dc (0x3ec0a223) sw      a2, 996(ra)
core   0: 3 0x800018dc (0x3ec0a223) mem 0x80006570 0xffff4afe
core   0: 0x800018e0 (0x00200513) li      a0, 2
core   0: 3 0x800018e0 (0x00200513) x10 0x00000002
core   0: 0x800018e4 (0x0000b5b7) lui     a1, 0xb
core   0: 3 0x800018e4 (0x0000b5b7) x11 0x0000b000
core   0: 0x800018e8 (0x50458593) addi    a1, a1, 1284
core   0: 3 0x800018e8 (0x50458593) x11 0x0000b504
core   0: 0x800018ec (0x00b50633) add     a2, a0, a1
core   0: 3 0x800018ec (0x00b50633) x12 0x0000b506
core   0: 0x800018f0 (0x3ec0a423) sw      a2, 1000(ra)
core   0: 3 0x800018f0 (0x3ec0a423) mem 0x80006574 0x0000b506
core   0: 0x800018f4 (0x00200513) li      a0, 2
core   0: 3 0x800018f4 (0x00200513) x10 0x00000002
core   0: 0x800018f8 (0x00200593) li      a1, 2
core   0: 3 0x800018f8 (0x00200593) x11 0x00000002
core   0: 0x800018fc (0x00b50633) add     a2, a0, a1
core   0: 3 0x800018fc (0x00b50633) x12 0x00000004
core   0: 0x80001900 (0x3ec0a623) sw      a2, 1004(ra)
core   0: 3 0x80001900 (0x3ec0a623) mem 0x80006578 0x00000004
core   0: 0x80001904 (0x00200513) li      a0, 2
core   0: 3 0x80001904 (0x00200513) x10 0x00000002
core   0: 0x80001908 (0x555555b7) lui     a1, 0x55555
core   0: 3 0x80001908 (0x555555b7) x11 0x55555000
core   0: 0x8000190c (0x55458593) addi    a1, a1, 1364
core   0: 3 0x8000190c (0x55458593) x11 0x55555554
core   0: 0x80001910 (0x00b50633) add     a2, a0, a1
core   0: 3 0x80001910 (0x00b50633) x12 0x55555556
core   0: 0x80001914 (0x3ec0a823) sw      a2, 1008(ra)
core   0: 3 0x80001914 (0x3ec0a823) mem 0x8000657c 0x55555556
core   0: 0x80001918 (0x00200513) li      a0, 2
core   0: 3 0x80001918 (0x00200513) x10 0x00000002
core   0: 0x8000191c (0x00000593) li      a1, 0
core   0: 3 0x8000191c (0x00000593) x11 0x00000000
core   0: 0x80001920 (0x00b50633) add     a2, a0, a1
core   0: 3 0x80001920 (0x00b50633) x12 0x00000002
core   0: 0x80001924 (0x3ec0aa23) sw      a2, 1012(ra)
core   0: 3 0x80001924 (0x3ec0aa23) mem 0x80006580 0x00000002
core   0: 0x80001928 (0x00200513) li      a0, 2
core   0: 3 0x80001928 (0x00200513) x10 0x00000002
core   0: 0x8000192c (0x00400593) li      a1, 4
core   0: 3 0x8000192c (0x00400593) x11 0x00000004
core   0: 0x80001930 (0x00b50633) add     a2, a0, a1
core   0: 3 0x80001930 (0x00b50633) x12 0x00000006
core   0: 0x80001934 (0x3ec0ac23) sw      a2, 1016(ra)
core   0: 3 0x80001934 (0x3ec0ac23) mem 0x80006584 0x00000006
core   0: 0x80001938 (0x00200513) li      a0, 2
core   0: 3 0x80001938 (0x00200513) x10 0x00000002
core   0: 0x8000193c (0x333335b7) lui     a1, 0x33333
core   0: 3 0x8000193c (0x333335b7) x11 0x33333000
core   0: 0x80001940 (0x33258593) addi    a1, a1, 818
core   0: 3 0x80001940 (0x33258593) x11 0x33333332
core   0: 0x80001944 (0x00b50633) add     a2, a0, a1
core   0: 3 0x80001944 (0x00b50633) x12 0x33333334
core   0: 0x80001948 (0x3ec0ae23) sw      a2, 1020(ra)
core   0: 3 0x80001948 (0x3ec0ae23) mem 0x80006588 0x33333334
core   0: 0x8000194c (0x00200513) li      a0, 2
core   0: 3 0x8000194c (0x00200513) x10 0x00000002
core   0: 0x80001950 (0x666665b7) lui     a1, 0x66666
core   0: 3 0x80001950 (0x666665b7) x11 0x66666000
core   0: 0x80001954 (0x66558593) addi    a1, a1, 1637
core   0: 3 0x80001954 (0x66558593) x11 0x66666665
core   0: 0x80001958 (0x00b50633) add     a2, a0, a1
core   0: 3 0x80001958 (0x00b50633) x12 0x66666667
core   0: 0x8000195c (0x40c0a023) sw      a2, 1024(ra)
core   0: 3 0x8000195c (0x40c0a023) mem 0x8000658c 0x66666667
core   0: 0x80001960 (0x00200513) li      a0, 2
core   0: 3 0x80001960 (0x00200513) x10 0x00000002
core   0: 0x80001964 (0x0000b5b7) lui     a1, 0xb
core   0: 3 0x80001964 (0x0000b5b7) x11 0x0000b000
core   0: 0x80001968 (0x50358593) addi    a1, a1, 1283
core   0: 3 0x80001968 (0x50358593) x11 0x0000b503
core   0: 0x8000196c (0x00b50633) add     a2, a0, a1
core   0: 3 0x8000196c (0x00b50633) x12 0x0000b505
core   0: 0x80001970 (0x40c0a223) sw      a2, 1028(ra)
core   0: 3 0x80001970 (0x40c0a223) mem 0x80006590 0x0000b505
core   0: 0x80001974 (0x00200513) li      a0, 2
core   0: 3 0x80001974 (0x00200513) x10 0x00000002
core   0: 0x80001978 (0x555555b7) lui     a1, 0x55555
core   0: 3 0x80001978 (0x555555b7) x11 0x55555000
core   0: 0x8000197c (0x55658593) addi    a1, a1, 1366
core   0: 3 0x8000197c (0x55658593) x11 0x55555556
core   0: 0x80001980 (0x00b50633) add     a2, a0, a1
core   0: 3 0x80001980 (0x00b50633) x12 0x55555558
core   0: 0x80001984 (0x40c0a423) sw      a2, 1032(ra)
core   0: 3 0x80001984 (0x40c0a423) mem 0x80006594 0x55555558
core   0: 0x80001988 (0x00200513) li      a0, 2
core   0: 3 0x80001988 (0x00200513) x10 0x00000002
core   0: 0x8000198c (0xaaaab5b7) lui     a1, 0xaaaab
core   0: 3 0x8000198c (0xaaaab5b7) x11 0xaaaab000
core   0: 0x80001990 (0xaab58593) addi    a1, a1, -1365
core   0: 3 0x80001990 (0xaab58593) x11 0xaaaaaaab
core   0: 0x80001994 (0x00b50633) add     a2, a0, a1
core   0: 3 0x80001994 (0x00b50633) x12 0xaaaaaaad
core   0: 0x80001998 (0x40c0a623) sw      a2, 1036(ra)
core   0: 3 0x80001998 (0x40c0a623) mem 0x80006598 0xaaaaaaad
core   0: 0x8000199c (0x00200513) li      a0, 2
core   0: 3 0x8000199c (0x00200513) x10 0x00000002
core   0: 0x800019a0 (0x00600593) li      a1, 6
core   0: 3 0x800019a0 (0x00600593) x11 0x00000006
core   0: 0x800019a4 (0x00b50633) add     a2, a0, a1
core   0: 3 0x800019a4 (0x00b50633) x12 0x00000008
core   0: 0x800019a8 (0x40c0a823) sw      a2, 1040(ra)
core   0: 3 0x800019a8 (0x40c0a823) mem 0x8000659c 0x00000008
core   0: 0x800019ac (0x00200513) li      a0, 2
core   0: 3 0x800019ac (0x00200513) x10 0x00000002
core   0: 0x800019b0 (0x333335b7) lui     a1, 0x33333
core   0: 3 0x800019b0 (0x333335b7) x11 0x33333000
core   0: 0x800019b4 (0x33458593) addi    a1, a1, 820
core   0: 3 0x800019b4 (0x33458593) x11 0x33333334
core   0: 0x800019b8 (0x00b50633) add     a2, a0, a1
core   0: 3 0x800019b8 (0x00b50633) x12 0x33333336
core   0: 0x800019bc (0x40c0aa23) sw      a2, 1044(ra)
core   0: 3 0x800019bc (0x40c0aa23) mem 0x800065a0 0x33333336
core   0: 0x800019c0 (0x00200513) li      a0, 2
core   0: 3 0x800019c0 (0x00200513) x10 0x00000002
core   0: 0x800019c4 (0x666665b7) lui     a1, 0x66666
core   0: 3 0x800019c4 (0x666665b7) x11 0x66666000
core   0: 0x800019c8 (0x66758593) addi    a1, a1, 1639
core   0: 3 0x800019c8 (0x66758593) x11 0x66666667
core   0: 0x800019cc (0x00b50633) add     a2, a0, a1
core   0: 3 0x800019cc (0x00b50633) x12 0x66666669
core   0: 0x800019d0 (0x40c0ac23) sw      a2, 1048(ra)
core   0: 3 0x800019d0 (0x40c0ac23) mem 0x800065a4 0x66666669
core   0: 0x800019d4 (0x00200513) li      a0, 2
core   0: 3 0x800019d4 (0x00200513) x10 0x00000002
core   0: 0x800019d8 (0xffff55b7) lui     a1, 0xffff5
core   0: 3 0x800019d8 (0xffff55b7) x11 0xffff5000
core   0: 0x800019dc (0xafd58593) addi    a1, a1, -1283
core   0: 3 0x800019dc (0xafd58593) x11 0xffff4afd
core   0: 0x800019e0 (0x00b50633) add     a2, a0, a1
core   0: 3 0x800019e0 (0x00b50633) x12 0xffff4aff
core   0: 0x800019e4 (0x40c0ae23) sw      a2, 1052(ra)
core   0: 3 0x800019e4 (0x40c0ae23) mem 0x800065a8 0xffff4aff
core   0: 0x800019e8 (0x00200513) li      a0, 2
core   0: 3 0x800019e8 (0x00200513) x10 0x00000002
core   0: 0x800019ec (0x0000b5b7) lui     a1, 0xb
core   0: 3 0x800019ec (0x0000b5b7) x11 0x0000b000
core   0: 0x800019f0 (0x50558593) addi    a1, a1, 1285
core   0: 3 0x800019f0 (0x50558593) x11 0x0000b505
core   0: 0x800019f4 (0x00b50633) add     a2, a0, a1
core   0: 3 0x800019f4 (0x00b50633) x12 0x0000b507
core   0: 0x800019f8 (0x42c0a023) sw      a2, 1056(ra)
core   0: 3 0x800019f8 (0x42c0a023) mem 0x800065ac 0x0000b507
core   0: 0x800019fc (0x55555537) lui     a0, 0x55555
core   0: 3 0x800019fc (0x55555537) x10 0x55555000
core   0: 0x80001a00 (0x55450513) addi    a0, a0, 1364
core   0: 3 0x80001a00 (0x55450513) x10 0x55555554
core   0: 0x80001a04 (0x00300593) li      a1, 3
core   0: 3 0x80001a04 (0x00300593) x11 0x00000003
core   0: 0x80001a08 (0x00b50633) add     a2, a0, a1
core   0: 3 0x80001a08 (0x00b50633) x12 0x55555557
core   0: 0x80001a0c (0x42c0a223) sw      a2, 1060(ra)
core   0: 3 0x80001a0c (0x42c0a223) mem 0x800065b0 0x55555557
core   0: 0x80001a10 (0x55555537) lui     a0, 0x55555
core   0: 3 0x80001a10 (0x55555537) x10 0x55555000
core   0: 0x80001a14 (0x55450513) addi    a0, a0, 1364
core   0: 3 0x80001a14 (0x55450513) x10 0x55555554
core   0: 0x80001a18 (0x555555b7) lui     a1, 0x55555
core   0: 3 0x80001a18 (0x555555b7) x11 0x55555000
core   0: 0x80001a1c (0x55558593) addi    a1, a1, 1365
core   0: 3 0x80001a1c (0x55558593) x11 0x55555555
core   0: 0x80001a20 (0x00b50633) add     a2, a0, a1
core   0: 3 0x80001a20 (0x00b50633) x12 0xaaaaaaa9
core   0: 0x80001a24 (0x42c0a423) sw      a2, 1064(ra)
core   0: 3 0x80001a24 (0x42c0a423) mem 0x800065b4 0xaaaaaaa9
core   0: 0x80001a28 (0x55555537) lui     a0, 0x55555
core   0: 3 0x80001a28 (0x55555537) x10 0x55555000
core   0: 0x80001a2c (0x55450513) addi    a0, a0, 1364
core   0: 3 0x80001a2c (0x55450513) x10 0x55555554
core   0: 0x80001a30 (0xaaaab5b7) lui     a1, 0xaaaab
core   0: 3 0x80001a30 (0xaaaab5b7) x11 0xaaaab000
core   0: 0x80001a34 (0xaaa58593) addi    a1, a1, -1366
core   0: 3 0x80001a34 (0xaaa58593) x11 0xaaaaaaaa
core   0: 0x80001a38 (0x00b50633) add     a2, a0, a1
core   0: 3 0x80001a38 (0x00b50633) x12 0xfffffffe
core   0: 0x80001a3c (0x42c0a623) sw      a2, 1068(ra)
core   0: 3 0x80001a3c (0x42c0a623) mem 0x800065b8 0xfffffffe
core   0: 0x80001a40 (0x55555537) lui     a0, 0x55555
core   0: 3 0x80001a40 (0x55555537) x10 0x55555000
core   0: 0x80001a44 (0x55450513) addi    a0, a0, 1364
core   0: 3 0x80001a44 (0x55450513) x10 0x55555554
core   0: 0x80001a48 (0x00500593) li      a1, 5
core   0: 3 0x80001a48 (0x00500593) x11 0x00000005
core   0: 0x80001a4c (0x00b50633) add     a2, a0, a1
core   0: 3 0x80001a4c (0x00b50633) x12 0x55555559
core   0: 0x80001a50 (0x42c0a823) sw      a2, 1072(ra)
core   0: 3 0x80001a50 (0x42c0a823) mem 0x800065bc 0x55555559
core   0: 0x80001a54 (0x55555537) lui     a0, 0x55555
core   0: 3 0x80001a54 (0x55555537) x10 0x55555000
core   0: 0x80001a58 (0x55450513) addi    a0, a0, 1364
core   0: 3 0x80001a58 (0x55450513) x10 0x55555554
core   0: 0x80001a5c (0x333335b7) lui     a1, 0x33333
core   0: 3 0x80001a5c (0x333335b7) x11 0x33333000
core   0: 0x80001a60 (0x33358593) addi    a1, a1, 819
core   0: 3 0x80001a60 (0x33358593) x11 0x33333333
core   0: 0x80001a64 (0x00b50633) add     a2, a0, a1
core   0: 3 0x80001a64 (0x00b50633) x12 0x88888887
core   0: 0x80001a68 (0x42c0aa23) sw      a2, 1076(ra)
core   0: 3 0x80001a68 (0x42c0aa23) mem 0x800065c0 0x88888887
core   0: 0x80001a6c (0x55555537) lui     a0, 0x55555
core   0: 3 0x80001a6c (0x55555537) x10 0x55555000
core   0: 0x80001a70 (0x55450513) addi    a0, a0, 1364
core   0: 3 0x80001a70 (0x55450513) x10 0x55555554
core   0: 0x80001a74 (0x666665b7) lui     a1, 0x66666
core   0: 3 0x80001a74 (0x666665b7) x11 0x66666000
core   0: 0x80001a78 (0x66658593) addi    a1, a1, 1638
core   0: 3 0x80001a78 (0x66658593) x11 0x66666666
core   0: 0x80001a7c (0x00b50633) add     a2, a0, a1
core   0: 3 0x80001a7c (0x00b50633) x12 0xbbbbbbba
core   0: 0x80001a80 (0x42c0ac23) sw      a2, 1080(ra)
core   0: 3 0x80001a80 (0x42c0ac23) mem 0x800065c4 0xbbbbbbba
core   0: 0x80001a84 (0x55555537) lui     a0, 0x55555
core   0: 3 0x80001a84 (0x55555537) x10 0x55555000
core   0: 0x80001a88 (0x55450513) addi    a0, a0, 1364
core   0: 3 0x80001a88 (0x55450513) x10 0x55555554
core   0: 0x80001a8c (0xffff55b7) lui     a1, 0xffff5
core   0: 3 0x80001a8c (0xffff55b7) x11 0xffff5000
core   0: 0x80001a90 (0xafc58593) addi    a1, a1, -1284
core   0: 3 0x80001a90 (0xafc58593) x11 0xffff4afc
core   0: 0x80001a94 (0x00b50633) add     a2, a0, a1
core   0: 3 0x80001a94 (0x00b50633) x12 0x5554a050
core   0: 0x80001a98 (0x42c0ae23) sw      a2, 1084(ra)
core   0: 3 0x80001a98 (0x42c0ae23) mem 0x800065c8 0x5554a050
core   0: 0x80001a9c (0x55555537) lui     a0, 0x55555
core   0: 3 0x80001a9c (0x55555537) x10 0x55555000
core   0: 0x80001aa0 (0x55450513) addi    a0, a0, 1364
core   0: 3 0x80001aa0 (0x55450513) x10 0x55555554
core   0: 0x80001aa4 (0x0000b5b7) lui     a1, 0xb
core   0: 3 0x80001aa4 (0x0000b5b7) x11 0x0000b000
core   0: 0x80001aa8 (0x50458593) addi    a1, a1, 1284
core   0: 3 0x80001aa8 (0x50458593) x11 0x0000b504
core   0: 0x80001aac (0x00b50633) add     a2, a0, a1
core   0: 3 0x80001aac (0x00b50633) x12 0x55560a58
core   0: 0x80001ab0 (0x44c0a023) sw      a2, 1088(ra)
core   0: 3 0x80001ab0 (0x44c0a023) mem 0x800065cc 0x55560a58
core   0: 0x80001ab4 (0x55555537) lui     a0, 0x55555
core   0: 3 0x80001ab4 (0x55555537) x10 0x55555000
core   0: 0x80001ab8 (0x55450513) addi    a0, a0, 1364
core   0: 3 0x80001ab8 (0x55450513) x10 0x55555554
core   0: 0x80001abc (0x00200593) li      a1, 2
core   0: 3 0x80001abc (0x00200593) x11 0x00000002
core   0: 0x80001ac0 (0x00b50633) add     a2, a0, a1
core   0: 3 0x80001ac0 (0x00b50633) x12 0x55555556
core   0: 0x80001ac4 (0x44c0a223) sw      a2, 1092(ra)
core   0: 3 0x80001ac4 (0x44c0a223) mem 0x800065d0 0x55555556
core   0: 0x80001ac8 (0x55555537) lui     a0, 0x55555
core   0: 3 0x80001ac8 (0x55555537) x10 0x55555000
core   0: 0x80001acc (0x55450513) addi    a0, a0, 1364
core   0: 3 0x80001acc (0x55450513) x10 0x55555554
core   0: 0x80001ad0 (0x555555b7) lui     a1, 0x55555
core   0: 3 0x80001ad0 (0x555555b7) x11 0x55555000
core   0: 0x80001ad4 (0x55458593) addi    a1, a1, 1364
core   0: 3 0x80001ad4 (0x55458593) x11 0x55555554
core   0: 0x80001ad8 (0x00b50633) add     a2, a0, a1
core   0: 3 0x80001ad8 (0x00b50633) x12 0xaaaaaaa8
core   0: 0x80001adc (0x44c0a423) sw      a2, 1096(ra)
core   0: 3 0x80001adc (0x44c0a423) mem 0x800065d4 0xaaaaaaa8
core   0: 0x80001ae0 (0x55555537) lui     a0, 0x55555
core   0: 3 0x80001ae0 (0x55555537) x10 0x55555000
core   0: 0x80001ae4 (0x55450513) addi    a0, a0, 1364
core   0: 3 0x80001ae4 (0x55450513) x10 0x55555554
core   0: 0x80001ae8 (0x00000593) li      a1, 0
core   0: 3 0x80001ae8 (0x00000593) x11 0x00000000
core   0: 0x80001aec (0x00b50633) add     a2, a0, a1
core   0: 3 0x80001aec (0x00b50633) x12 0x55555554
core   0: 0x80001af0 (0x44c0a623) sw      a2, 1100(ra)
core   0: 3 0x80001af0 (0x44c0a623) mem 0x800065d8 0x55555554
core   0: 0x80001af4 (0x55555537) lui     a0, 0x55555
core   0: 3 0x80001af4 (0x55555537) x10 0x55555000
core   0: 0x80001af8 (0x55450513) addi    a0, a0, 1364
core   0: 3 0x80001af8 (0x55450513) x10 0x55555554
core   0: 0x80001afc (0x00400593) li      a1, 4
core   0: 3 0x80001afc (0x00400593) x11 0x00000004
core   0: 0x80001b00 (0x00b50633) add     a2, a0, a1
core   0: 3 0x80001b00 (0x00b50633) x12 0x55555558
core   0: 0x80001b04 (0x44c0a823) sw      a2, 1104(ra)
core   0: 3 0x80001b04 (0x44c0a823) mem 0x800065dc 0x55555558
core   0: 0x80001b08 (0x55555537) lui     a0, 0x55555
core   0: 3 0x80001b08 (0x55555537) x10 0x55555000
core   0: 0x80001b0c (0x55450513) addi    a0, a0, 1364
core   0: 3 0x80001b0c (0x55450513) x10 0x55555554
core   0: 0x80001b10 (0x333335b7) lui     a1, 0x33333
core   0: 3 0x80001b10 (0x333335b7) x11 0x33333000
core   0: 0x80001b14 (0x33258593) addi    a1, a1, 818
core   0: 3 0x80001b14 (0x33258593) x11 0x33333332
core   0: 0x80001b18 (0x00b50633) add     a2, a0, a1
core   0: 3 0x80001b18 (0x00b50633) x12 0x88888886
core   0: 0x80001b1c (0x44c0aa23) sw      a2, 1108(ra)
core   0: 3 0x80001b1c (0x44c0aa23) mem 0x800065e0 0x88888886
core   0: 0x80001b20 (0x55555537) lui     a0, 0x55555
core   0: 3 0x80001b20 (0x55555537) x10 0x55555000
core   0: 0x80001b24 (0x55450513) addi    a0, a0, 1364
core   0: 3 0x80001b24 (0x55450513) x10 0x55555554
core   0: 0x80001b28 (0x666665b7) lui     a1, 0x66666
core   0: 3 0x80001b28 (0x666665b7) x11 0x66666000
core   0: 0x80001b2c (0x66558593) addi    a1, a1, 1637
core   0: 3 0x80001b2c (0x66558593) x11 0x66666665
core   0: 0x80001b30 (0x00b50633) add     a2, a0, a1
core   0: 3 0x80001b30 (0x00b50633) x12 0xbbbbbbb9
core   0: 0x80001b34 (0x44c0ac23) sw      a2, 1112(ra)
core   0: 3 0x80001b34 (0x44c0ac23) mem 0x800065e4 0xbbbbbbb9
core   0: 0x80001b38 (0x55555537) lui     a0, 0x55555
core   0: 3 0x80001b38 (0x55555537) x10 0x55555000
core   0: 0x80001b3c (0x55450513) addi    a0, a0, 1364
core   0: 3 0x80001b3c (0x55450513) x10 0x55555554
core   0: 0x80001b40 (0x0000b5b7) lui     a1, 0xb
core   0: 3 0x80001b40 (0x0000b5b7) x11 0x0000b000
core   0: 0x80001b44 (0x50358593) addi    a1, a1, 1283
core   0: 3 0x80001b44 (0x50358593) x11 0x0000b503
core   0: 0x80001b48 (0x00b50633) add     a2, a0, a1
core   0: 3 0x80001b48 (0x00b50633) x12 0x55560a57
core   0: 0x80001b4c (0x44c0ae23) sw      a2, 1116(ra)
core   0: 3 0x80001b4c (0x44c0ae23) mem 0x800065e8 0x55560a57
core   0: 0x80001b50 (0x55555537) lui     a0, 0x55555
core   0: 3 0x80001b50 (0x55555537) x10 0x55555000
core   0: 0x80001b54 (0x55450513) addi    a0, a0, 1364
core   0: 3 0x80001b54 (0x55450513) x10 0x55555554
core   0: 0x80001b58 (0x555555b7) lui     a1, 0x55555
core   0: 3 0x80001b58 (0x555555b7) x11 0x55555000
core   0: 0x80001b5c (0x55658593) addi    a1, a1, 1366
core   0: 3 0x80001b5c (0x55658593) x11 0x55555556
core   0: 0x80001b60 (0x00b50633) add     a2, a0, a1
core   0: 3 0x80001b60 (0x00b50633) x12 0xaaaaaaaa
core   0: 0x80001b64 (0x46c0a023) sw      a2, 1120(ra)
core   0: 3 0x80001b64 (0x46c0a023) mem 0x800065ec 0xaaaaaaaa
core   0: 0x80001b68 (0x55555537) lui     a0, 0x55555
core   0: 3 0x80001b68 (0x55555537) x10 0x55555000
core   0: 0x80001b6c (0x55450513) addi    a0, a0, 1364
core   0: 3 0x80001b6c (0x55450513) x10 0x55555554
core   0: 0x80001b70 (0xaaaab5b7) lui     a1, 0xaaaab
core   0: 3 0x80001b70 (0xaaaab5b7) x11 0xaaaab000
core   0: 0x80001b74 (0xaab58593) addi    a1, a1, -1365
core   0: 3 0x80001b74 (0xaab58593) x11 0xaaaaaaab
core   0: 0x80001b78 (0x00b50633) add     a2, a0, a1
core   0: 3 0x80001b78 (0x00b50633) x12 0xffffffff
core   0: 0x80001b7c (0x46c0a223) sw      a2, 1124(ra)
core   0: 3 0x80001b7c (0x46c0a223) mem 0x800065f0 0xffffffff
core   0: 0x80001b80 (0x55555537) lui     a0, 0x55555
core   0: 3 0x80001b80 (0x55555537) x10 0x55555000
core   0: 0x80001b84 (0x55450513) addi    a0, a0, 1364
core   0: 3 0x80001b84 (0x55450513) x10 0x55555554
core   0: 0x80001b88 (0x00600593) li      a1, 6
core   0: 3 0x80001b88 (0x00600593) x11 0x00000006
core   0: 0x80001b8c (0x00b50633) add     a2, a0, a1
core   0: 3 0x80001b8c (0x00b50633) x12 0x5555555a
core   0: 0x80001b90 (0x46c0a423) sw      a2, 1128(ra)
core   0: 3 0x80001b90 (0x46c0a423) mem 0x800065f4 0x5555555a
core   0: 0x80001b94 (0x55555537) lui     a0, 0x55555
core   0: 3 0x80001b94 (0x55555537) x10 0x55555000
core   0: 0x80001b98 (0x55450513) addi    a0, a0, 1364
core   0: 3 0x80001b98 (0x55450513) x10 0x55555554
core   0: 0x80001b9c (0x333335b7) lui     a1, 0x33333
core   0: 3 0x80001b9c (0x333335b7) x11 0x33333000
core   0: 0x80001ba0 (0x33458593) addi    a1, a1, 820
core   0: 3 0x80001ba0 (0x33458593) x11 0x33333334
core   0: 0x80001ba4 (0x00b50633) add     a2, a0, a1
core   0: 3 0x80001ba4 (0x00b50633) x12 0x88888888
core   0: 0x80001ba8 (0x46c0a623) sw      a2, 1132(ra)
core   0: 3 0x80001ba8 (0x46c0a623) mem 0x800065f8 0x88888888
core   0: 0x80001bac (0x55555537) lui     a0, 0x55555
core   0: 3 0x80001bac (0x55555537) x10 0x55555000
core   0: 0x80001bb0 (0x55450513) addi    a0, a0, 1364
core   0: 3 0x80001bb0 (0x55450513) x10 0x55555554
core   0: 0x80001bb4 (0x666665b7) lui     a1, 0x66666
core   0: 3 0x80001bb4 (0x666665b7) x11 0x66666000
core   0: 0x80001bb8 (0x66758593) addi    a1, a1, 1639
core   0: 3 0x80001bb8 (0x66758593) x11 0x66666667
core   0: 0x80001bbc (0x00b50633) add     a2, a0, a1
core   0: 3 0x80001bbc (0x00b50633) x12 0xbbbbbbbb
core   0: 0x80001bc0 (0x46c0a823) sw      a2, 1136(ra)
core   0: 3 0x80001bc0 (0x46c0a823) mem 0x800065fc 0xbbbbbbbb
core   0: 0x80001bc4 (0x55555537) lui     a0, 0x55555
core   0: 3 0x80001bc4 (0x55555537) x10 0x55555000
core   0: 0x80001bc8 (0x55450513) addi    a0, a0, 1364
core   0: 3 0x80001bc8 (0x55450513) x10 0x55555554
core   0: 0x80001bcc (0xffff55b7) lui     a1, 0xffff5
core   0: 3 0x80001bcc (0xffff55b7) x11 0xffff5000
core   0: 0x80001bd0 (0xafd58593) addi    a1, a1, -1283
core   0: 3 0x80001bd0 (0xafd58593) x11 0xffff4afd
core   0: 0x80001bd4 (0x00b50633) add     a2, a0, a1
core   0: 3 0x80001bd4 (0x00b50633) x12 0x5554a051
core   0: 0x80001bd8 (0x46c0aa23) sw      a2, 1140(ra)
core   0: 3 0x80001bd8 (0x46c0aa23) mem 0x80006600 0x5554a051
core   0: 0x80001bdc (0x55555537) lui     a0, 0x55555
core   0: 3 0x80001bdc (0x55555537) x10 0x55555000
core   0: 0x80001be0 (0x55450513) addi    a0, a0, 1364
core   0: 3 0x80001be0 (0x55450513) x10 0x55555554
core   0: 0x80001be4 (0x0000b5b7) lui     a1, 0xb
core   0: 3 0x80001be4 (0x0000b5b7) x11 0x0000b000
core   0: 0x80001be8 (0x50558593) addi    a1, a1, 1285
core   0: 3 0x80001be8 (0x50558593) x11 0x0000b505
core   0: 0x80001bec (0x00b50633) add     a2, a0, a1
core   0: 3 0x80001bec (0x00b50633) x12 0x55560a59
core   0: 0x80001bf0 (0x46c0ac23) sw      a2, 1144(ra)
core   0: 3 0x80001bf0 (0x46c0ac23) mem 0x80006604 0x55560a59
core   0: 0x80001bf4 (0x00000513) li      a0, 0
core   0: 3 0x80001bf4 (0x00000513) x10 0x00000000
core   0: 0x80001bf8 (0x00300593) li      a1, 3
core   0: 3 0x80001bf8 (0x00300593) x11 0x00000003
core   0: 0x80001bfc (0x00b50633) add     a2, a0, a1
core   0: 3 0x80001bfc (0x00b50633) x12 0x00000003
core   0: 0x80001c00 (0x46c0ae23) sw      a2, 1148(ra)
core   0: 3 0x80001c00 (0x46c0ae23) mem 0x80006608 0x00000003
core   0: 0x80001c04 (0x00000513) li      a0, 0
core   0: 3 0x80001c04 (0x00000513) x10 0x00000000
core   0: 0x80001c08 (0x555555b7) lui     a1, 0x55555
core   0: 3 0x80001c08 (0x555555b7) x11 0x55555000
core   0: 0x80001c0c (0x55558593) addi    a1, a1, 1365
core   0: 3 0x80001c0c (0x55558593) x11 0x55555555
core   0: 0x80001c10 (0x00b50633) add     a2, a0, a1
core   0: 3 0x80001c10 (0x00b50633) x12 0x55555555
core   0: 0x80001c14 (0x48c0a023) sw      a2, 1152(ra)
core   0: 3 0x80001c14 (0x48c0a023) mem 0x8000660c 0x55555555
core   0: 0x80001c18 (0x00000513) li      a0, 0
core   0: 3 0x80001c18 (0x00000513) x10 0x00000000
core   0: 0x80001c1c (0xaaaab5b7) lui     a1, 0xaaaab
core   0: 3 0x80001c1c (0xaaaab5b7) x11 0xaaaab000
core   0: 0x80001c20 (0xaaa58593) addi    a1, a1, -1366
core   0: 3 0x80001c20 (0xaaa58593) x11 0xaaaaaaaa
core   0: 0x80001c24 (0x00b50633) add     a2, a0, a1
core   0: 3 0x80001c24 (0x00b50633) x12 0xaaaaaaaa
core   0: 0x80001c28 (0x48c0a223) sw      a2, 1156(ra)
core   0: 3 0x80001c28 (0x48c0a223) mem 0x80006610 0xaaaaaaaa
core   0: 0x80001c2c (0x00000513) li      a0, 0
core   0: 3 0x80001c2c (0x00000513) x10 0x00000000
core   0: 0x80001c30 (0x00500593) li      a1, 5
core   0: 3 0x80001c30 (0x00500593) x11 0x00000005
core   0: 0x80001c34 (0x00b50633) add     a2, a0, a1
core   0: 3 0x80001c34 (0x00b50633) x12 0x00000005
core   0: 0x80001c38 (0x48c0a423) sw      a2, 1160(ra)
core   0: 3 0x80001c38 (0x48c0a423) mem 0x80006614 0x00000005
core   0: 0x80001c3c (0x00000513) li      a0, 0
core   0: 3 0x80001c3c (0x00000513) x10 0x00000000
core   0: 0x80001c40 (0x333335b7) lui     a1, 0x33333
core   0: 3 0x80001c40 (0x333335b7) x11 0x33333000
core   0: 0x80001c44 (0x33358593) addi    a1, a1, 819
core   0: 3 0x80001c44 (0x33358593) x11 0x33333333
core   0: 0x80001c48 (0x00b50633) add     a2, a0, a1
core   0: 3 0x80001c48 (0x00b50633) x12 0x33333333
core   0: 0x80001c4c (0x48c0a623) sw      a2, 1164(ra)
core   0: 3 0x80001c4c (0x48c0a623) mem 0x80006618 0x33333333
core   0: 0x80001c50 (0x00000513) li      a0, 0
core   0: 3 0x80001c50 (0x00000513) x10 0x00000000
core   0: 0x80001c54 (0x666665b7) lui     a1, 0x66666
core   0: 3 0x80001c54 (0x666665b7) x11 0x66666000
core   0: 0x80001c58 (0x66658593) addi    a1, a1, 1638
core   0: 3 0x80001c58 (0x66658593) x11 0x66666666
core   0: 0x80001c5c (0x00b50633) add     a2, a0, a1
core   0: 3 0x80001c5c (0x00b50633) x12 0x66666666
core   0: 0x80001c60 (0x48c0a823) sw      a2, 1168(ra)
core   0: 3 0x80001c60 (0x48c0a823) mem 0x8000661c 0x66666666
core   0: 0x80001c64 (0x00000513) li      a0, 0
core   0: 3 0x80001c64 (0x00000513) x10 0x00000000
core   0: 0x80001c68 (0xffff55b7) lui     a1, 0xffff5
core   0: 3 0x80001c68 (0xffff55b7) x11 0xffff5000
core   0: 0x80001c6c (0xafc58593) addi    a1, a1, -1284
core   0: 3 0x80001c6c (0xafc58593) x11 0xffff4afc
core   0: 0x80001c70 (0x00b50633) add     a2, a0, a1
core   0: 3 0x80001c70 (0x00b50633) x12 0xffff4afc
core   0: 0x80001c74 (0x48c0aa23) sw      a2, 1172(ra)
core   0: 3 0x80001c74 (0x48c0aa23) mem 0x80006620 0xffff4afc
core   0: 0x80001c78 (0x00000513) li      a0, 0
core   0: 3 0x80001c78 (0x00000513) x10 0x00000000
core   0: 0x80001c7c (0x0000b5b7) lui     a1, 0xb
core   0: 3 0x80001c7c (0x0000b5b7) x11 0x0000b000
core   0: 0x80001c80 (0x50458593) addi    a1, a1, 1284
core   0: 3 0x80001c80 (0x50458593) x11 0x0000b504
core   0: 0x80001c84 (0x00b50633) add     a2, a0, a1
core   0: 3 0x80001c84 (0x00b50633) x12 0x0000b504
core   0: 0x80001c88 (0x48c0ac23) sw      a2, 1176(ra)
core   0: 3 0x80001c88 (0x48c0ac23) mem 0x80006624 0x0000b504
core   0: 0x80001c8c (0xaaaab537) lui     a0, 0xaaaab
core   0: 3 0x80001c8c (0xaaaab537) x10 0xaaaab000
core   0: 0x80001c90 (0xaab50513) addi    a0, a0, -1365
core   0: 3 0x80001c90 (0xaab50513) x10 0xaaaaaaab
core   0: 0x80001c94 (0xaaaab5b7) lui     a1, 0xaaaab
core   0: 3 0x80001c94 (0xaaaab5b7) x11 0xaaaab000
core   0: 0x80001c98 (0xaab58593) addi    a1, a1, -1365
core   0: 3 0x80001c98 (0xaab58593) x11 0xaaaaaaab
core   0: 0x80001c9c (0x00b50633) add     a2, a0, a1
core   0: 3 0x80001c9c (0x00b50633) x12 0x55555556
core   0: 0x80001ca0 (0x48c0ae23) sw      a2, 1180(ra)
core   0: 3 0x80001ca0 (0x48c0ae23) mem 0x80006628 0x55555556
core   0: 0x80001ca4 (0xaaaab537) lui     a0, 0xaaaab
core   0: 3 0x80001ca4 (0xaaaab537) x10 0xaaaab000
core   0: 0x80001ca8 (0xaab50513) addi    a0, a0, -1365
core   0: 3 0x80001ca8 (0xaab50513) x10 0xaaaaaaab
core   0: 0x80001cac (0x00600593) li      a1, 6
core   0: 3 0x80001cac (0x00600593) x11 0x00000006
core   0: 0x80001cb0 (0x00b50633) add     a2, a0, a1
core   0: 3 0x80001cb0 (0x00b50633) x12 0xaaaaaab1
core   0: 0x80001cb4 (0x4ac0a023) sw      a2, 1184(ra)
core   0: 3 0x80001cb4 (0x4ac0a023) mem 0x8000662c 0xaaaaaab1
core   0: 0x80001cb8 (0xaaaab537) lui     a0, 0xaaaab
core   0: 3 0x80001cb8 (0xaaaab537) x10 0xaaaab000
core   0: 0x80001cbc (0xaab50513) addi    a0, a0, -1365
core   0: 3 0x80001cbc (0xaab50513) x10 0xaaaaaaab
core   0: 0x80001cc0 (0x333335b7) lui     a1, 0x33333
core   0: 3 0x80001cc0 (0x333335b7) x11 0x33333000
core   0: 0x80001cc4 (0x33458593) addi    a1, a1, 820
core   0: 3 0x80001cc4 (0x33458593) x11 0x33333334
core   0: 0x80001cc8 (0x00b50633) add     a2, a0, a1
core   0: 3 0x80001cc8 (0x00b50633) x12 0xdddddddf
core   0: 0x80001ccc (0x4ac0a223) sw      a2, 1188(ra)
core   0: 3 0x80001ccc (0x4ac0a223) mem 0x80006630 0xdddddddf
core   0: 0x80001cd0 (0xaaaab537) lui     a0, 0xaaaab
core   0: 3 0x80001cd0 (0xaaaab537) x10 0xaaaab000
core   0: 0x80001cd4 (0xaab50513) addi    a0, a0, -1365
core   0: 3 0x80001cd4 (0xaab50513) x10 0xaaaaaaab
core   0: 0x80001cd8 (0x666665b7) lui     a1, 0x66666
core   0: 3 0x80001cd8 (0x666665b7) x11 0x66666000
core   0: 0x80001cdc (0x66758593) addi    a1, a1, 1639
core   0: 3 0x80001cdc (0x66758593) x11 0x66666667
core   0: 0x80001ce0 (0x00b50633) add     a2, a0, a1
core   0: 3 0x80001ce0 (0x00b50633) x12 0x11111112
core   0: 0x80001ce4 (0x4ac0a423) sw      a2, 1192(ra)
core   0: 3 0x80001ce4 (0x4ac0a423) mem 0x80006634 0x11111112
core   0: 0x80001ce8 (0xaaaab537) lui     a0, 0xaaaab
core   0: 3 0x80001ce8 (0xaaaab537) x10 0xaaaab000
core   0: 0x80001cec (0xaab50513) addi    a0, a0, -1365
core   0: 3 0x80001cec (0xaab50513) x10 0xaaaaaaab
core   0: 0x80001cf0 (0xffff55b7) lui     a1, 0xffff5
core   0: 3 0x80001cf0 (0xffff55b7) x11 0xffff5000
core   0: 0x80001cf4 (0xafd58593) addi    a1, a1, -1283
core   0: 3 0x80001cf4 (0xafd58593) x11 0xffff4afd
core   0: 0x80001cf8 (0x00b50633) add     a2, a0, a1
core   0: 3 0x80001cf8 (0x00b50633) x12 0xaaa9f5a8
core   0: 0x80001cfc (0x4ac0a623) sw      a2, 1196(ra)
core   0: 3 0x80001cfc (0x4ac0a623) mem 0x80006638 0xaaa9f5a8
core   0: 0x80001d00 (0xaaaab537) lui     a0, 0xaaaab
core   0: 3 0x80001d00 (0xaaaab537) x10 0xaaaab000
core   0: 0x80001d04 (0xaab50513) addi    a0, a0, -1365
core   0: 3 0x80001d04 (0xaab50513) x10 0xaaaaaaab
core   0: 0x80001d08 (0x0000b5b7) lui     a1, 0xb
core   0: 3 0x80001d08 (0x0000b5b7) x11 0x0000b000
core   0: 0x80001d0c (0x50558593) addi    a1, a1, 1285
core   0: 3 0x80001d0c (0x50558593) x11 0x0000b505
core   0: 0x80001d10 (0x00b50633) add     a2, a0, a1
core   0: 3 0x80001d10 (0x00b50633) x12 0xaaab5fb0
core   0: 0x80001d14 (0x4ac0a823) sw      a2, 1200(ra)
core   0: 3 0x80001d14 (0x4ac0a823) mem 0x8000663c 0xaaab5fb0
core   0: 0x80001d18 (0x00600513) li      a0, 6
core   0: 3 0x80001d18 (0x00600513) x10 0x00000006
core   0: 0x80001d1c (0x00300593) li      a1, 3
core   0: 3 0x80001d1c (0x00300593) x11 0x00000003
core   0: 0x80001d20 (0x00b50633) add     a2, a0, a1
core   0: 3 0x80001d20 (0x00b50633) x12 0x00000009
core   0: 0x80001d24 (0x4ac0aa23) sw      a2, 1204(ra)
core   0: 3 0x80001d24 (0x4ac0aa23) mem 0x80006640 0x00000009
core   0: 0x80001d28 (0x00600513) li      a0, 6
core   0: 3 0x80001d28 (0x00600513) x10 0x00000006
core   0: 0x80001d2c (0x555555b7) lui     a1, 0x55555
core   0: 3 0x80001d2c (0x555555b7) x11 0x55555000
core   0: 0x80001d30 (0x55558593) addi    a1, a1, 1365
core   0: 3 0x80001d30 (0x55558593) x11 0x55555555
core   0: 0x80001d34 (0x00b50633) add     a2, a0, a1
core   0: 3 0x80001d34 (0x00b50633) x12 0x5555555b
core   0: 0x80001d38 (0x4ac0ac23) sw      a2, 1208(ra)
core   0: 3 0x80001d38 (0x4ac0ac23) mem 0x80006644 0x5555555b
core   0: 0x80001d3c (0x00600513) li      a0, 6
core   0: 3 0x80001d3c (0x00600513) x10 0x00000006
core   0: 0x80001d40 (0xaaaab5b7) lui     a1, 0xaaaab
core   0: 3 0x80001d40 (0xaaaab5b7) x11 0xaaaab000
core   0: 0x80001d44 (0xaaa58593) addi    a1, a1, -1366
core   0: 3 0x80001d44 (0xaaa58593) x11 0xaaaaaaaa
core   0: 0x80001d48 (0x00b50633) add     a2, a0, a1
core   0: 3 0x80001d48 (0x00b50633) x12 0xaaaaaab0
core   0: 0x80001d4c (0x4ac0ae23) sw      a2, 1212(ra)
core   0: 3 0x80001d4c (0x4ac0ae23) mem 0x80006648 0xaaaaaab0
core   0: 0x80001d50 (0x00600513) li      a0, 6
core   0: 3 0x80001d50 (0x00600513) x10 0x00000006
core   0: 0x80001d54 (0x00500593) li      a1, 5
core   0: 3 0x80001d54 (0x00500593) x11 0x00000005
core   0: 0x80001d58 (0x00b50633) add     a2, a0, a1
core   0: 3 0x80001d58 (0x00b50633) x12 0x0000000b
core   0: 0x80001d5c (0x4cc0a023) sw      a2, 1216(ra)
core   0: 3 0x80001d5c (0x4cc0a023) mem 0x8000664c 0x0000000b
core   0: 0x80001d60 (0x00600513) li      a0, 6
core   0: 3 0x80001d60 (0x00600513) x10 0x00000006
core   0: 0x80001d64 (0x333335b7) lui     a1, 0x33333
core   0: 3 0x80001d64 (0x333335b7) x11 0x33333000
core   0: 0x80001d68 (0x33358593) addi    a1, a1, 819
core   0: 3 0x80001d68 (0x33358593) x11 0x33333333
core   0: 0x80001d6c (0x00b50633) add     a2, a0, a1
core   0: 3 0x80001d6c (0x00b50633) x12 0x33333339
core   0: 0x80001d70 (0x4cc0a223) sw      a2, 1220(ra)
core   0: 3 0x80001d70 (0x4cc0a223) mem 0x80006650 0x33333339
core   0: 0x80001d74 (0x00600513) li      a0, 6
core   0: 3 0x80001d74 (0x00600513) x10 0x00000006
core   0: 0x80001d78 (0x666665b7) lui     a1, 0x66666
core   0: 3 0x80001d78 (0x666665b7) x11 0x66666000
core   0: 0x80001d7c (0x66658593) addi    a1, a1, 1638
core   0: 3 0x80001d7c (0x66658593) x11 0x66666666
core   0: 0x80001d80 (0x00b50633) add     a2, a0, a1
core   0: 3 0x80001d80 (0x00b50633) x12 0x6666666c
core   0: 0x80001d84 (0x4cc0a423) sw      a2, 1224(ra)
core   0: 3 0x80001d84 (0x4cc0a423) mem 0x80006654 0x6666666c
core   0: 0x80001d88 (0x00600513) li      a0, 6
core   0: 3 0x80001d88 (0x00600513) x10 0x00000006
core   0: 0x80001d8c (0xffff55b7) lui     a1, 0xffff5
core   0: 3 0x80001d8c (0xffff55b7) x11 0xffff5000
core   0: 0x80001d90 (0xafc58593) addi    a1, a1, -1284
core   0: 3 0x80001d90 (0xafc58593) x11 0xffff4afc
core   0: 0x80001d94 (0x00b50633) add     a2, a0, a1
core   0: 3 0x80001d94 (0x00b50633) x12 0xffff4b02
core   0: 0x80001d98 (0x4cc0a623) sw      a2, 1228(ra)
core   0: 3 0x80001d98 (0x4cc0a623) mem 0x80006658 0xffff4b02
core   0: 0x80001d9c (0x00600513) li      a0, 6
core   0: 3 0x80001d9c (0x00600513) x10 0x00000006
core   0: 0x80001da0 (0x0000b5b7) lui     a1, 0xb
core   0: 3 0x80001da0 (0x0000b5b7) x11 0x0000b000
core   0: 0x80001da4 (0x50458593) addi    a1, a1, 1284
core   0: 3 0x80001da4 (0x50458593) x11 0x0000b504
core   0: 0x80001da8 (0x00b50633) add     a2, a0, a1
core   0: 3 0x80001da8 (0x00b50633) x12 0x0000b50a
core   0: 0x80001dac (0x4cc0a823) sw      a2, 1232(ra)
core   0: 3 0x80001dac (0x4cc0a823) mem 0x8000665c 0x0000b50a
core   0: 0x80001db0 (0x00600513) li      a0, 6
core   0: 3 0x80001db0 (0x00600513) x10 0x00000006
core   0: 0x80001db4 (0x00200593) li      a1, 2
core   0: 3 0x80001db4 (0x00200593) x11 0x00000002
core   0: 0x80001db8 (0x00b50633) add     a2, a0, a1
core   0: 3 0x80001db8 (0x00b50633) x12 0x00000008
core   0: 0x80001dbc (0x4cc0aa23) sw      a2, 1236(ra)
core   0: 3 0x80001dbc (0x4cc0aa23) mem 0x80006660 0x00000008
core   0: 0x80001dc0 (0x00600513) li      a0, 6
core   0: 3 0x80001dc0 (0x00600513) x10 0x00000006
core   0: 0x80001dc4 (0x555555b7) lui     a1, 0x55555
core   0: 3 0x80001dc4 (0x555555b7) x11 0x55555000
core   0: 0x80001dc8 (0x55458593) addi    a1, a1, 1364
core   0: 3 0x80001dc8 (0x55458593) x11 0x55555554
core   0: 0x80001dcc (0x00b50633) add     a2, a0, a1
core   0: 3 0x80001dcc (0x00b50633) x12 0x5555555a
core   0: 0x80001dd0 (0x4cc0ac23) sw      a2, 1240(ra)
core   0: 3 0x80001dd0 (0x4cc0ac23) mem 0x80006664 0x5555555a
core   0: 0x80001dd4 (0x00600513) li      a0, 6
core   0: 3 0x80001dd4 (0x00600513) x10 0x00000006
core   0: 0x80001dd8 (0x00000593) li      a1, 0
core   0: 3 0x80001dd8 (0x00000593) x11 0x00000000
core   0: 0x80001ddc (0x00b50633) add     a2, a0, a1
core   0: 3 0x80001ddc (0x00b50633) x12 0x00000006
core   0: 0x80001de0 (0x4cc0ae23) sw      a2, 1244(ra)
core   0: 3 0x80001de0 (0x4cc0ae23) mem 0x80006668 0x00000006
core   0: 0x80001de4 (0x00600513) li      a0, 6
core   0: 3 0x80001de4 (0x00600513) x10 0x00000006
core   0: 0x80001de8 (0x00400593) li      a1, 4
core   0: 3 0x80001de8 (0x00400593) x11 0x00000004
core   0: 0x80001dec (0x00b50633) add     a2, a0, a1
core   0: 3 0x80001dec (0x00b50633) x12 0x0000000a
core   0: 0x80001df0 (0x4ec0a023) sw      a2, 1248(ra)
core   0: 3 0x80001df0 (0x4ec0a023) mem 0x8000666c 0x0000000a
core   0: 0x80001df4 (0x00600513) li      a0, 6
core   0: 3 0x80001df4 (0x00600513) x10 0x00000006
core   0: 0x80001df8 (0x333335b7) lui     a1, 0x33333
core   0: 3 0x80001df8 (0x333335b7) x11 0x33333000
core   0: 0x80001dfc (0x33258593) addi    a1, a1, 818
core   0: 3 0x80001dfc (0x33258593) x11 0x33333332
core   0: 0x80001e00 (0x00b50633) add     a2, a0, a1
core   0: 3 0x80001e00 (0x00b50633) x12 0x33333338
core   0: 0x80001e04 (0x4ec0a223) sw      a2, 1252(ra)
core   0: 3 0x80001e04 (0x4ec0a223) mem 0x80006670 0x33333338
core   0: 0x80001e08 (0x00600513) li      a0, 6
core   0: 3 0x80001e08 (0x00600513) x10 0x00000006
core   0: 0x80001e0c (0x666665b7) lui     a1, 0x66666
core   0: 3 0x80001e0c (0x666665b7) x11 0x66666000
core   0: 0x80001e10 (0x66558593) addi    a1, a1, 1637
core   0: 3 0x80001e10 (0x66558593) x11 0x66666665
core   0: 0x80001e14 (0x00b50633) add     a2, a0, a1
core   0: 3 0x80001e14 (0x00b50633) x12 0x6666666b
core   0: 0x80001e18 (0x4ec0a423) sw      a2, 1256(ra)
core   0: 3 0x80001e18 (0x4ec0a423) mem 0x80006674 0x6666666b
core   0: 0x80001e1c (0x00600513) li      a0, 6
core   0: 3 0x80001e1c (0x00600513) x10 0x00000006
core   0: 0x80001e20 (0x0000b5b7) lui     a1, 0xb
core   0: 3 0x80001e20 (0x0000b5b7) x11 0x0000b000
core   0: 0x80001e24 (0x50358593) addi    a1, a1, 1283
core   0: 3 0x80001e24 (0x50358593) x11 0x0000b503
core   0: 0x80001e28 (0x00b50633) add     a2, a0, a1
core   0: 3 0x80001e28 (0x00b50633) x12 0x0000b509
core   0: 0x80001e2c (0x4ec0a623) sw      a2, 1260(ra)
core   0: 3 0x80001e2c (0x4ec0a623) mem 0x80006678 0x0000b509
core   0: 0x80001e30 (0x00600513) li      a0, 6
core   0: 3 0x80001e30 (0x00600513) x10 0x00000006
core   0: 0x80001e34 (0x555555b7) lui     a1, 0x55555
core   0: 3 0x80001e34 (0x555555b7) x11 0x55555000
core   0: 0x80001e38 (0x55658593) addi    a1, a1, 1366
core   0: 3 0x80001e38 (0x55658593) x11 0x55555556
core   0: 0x80001e3c (0x00b50633) add     a2, a0, a1
core   0: 3 0x80001e3c (0x00b50633) x12 0x5555555c
core   0: 0x80001e40 (0x4ec0a823) sw      a2, 1264(ra)
core   0: 3 0x80001e40 (0x4ec0a823) mem 0x8000667c 0x5555555c
core   0: 0x80001e44 (0x00600513) li      a0, 6
core   0: 3 0x80001e44 (0x00600513) x10 0x00000006
core   0: 0x80001e48 (0xaaaab5b7) lui     a1, 0xaaaab
core   0: 3 0x80001e48 (0xaaaab5b7) x11 0xaaaab000
core   0: 0x80001e4c (0xaab58593) addi    a1, a1, -1365
core   0: 3 0x80001e4c (0xaab58593) x11 0xaaaaaaab
core   0: 0x80001e50 (0x00b50633) add     a2, a0, a1
core   0: 3 0x80001e50 (0x00b50633) x12 0xaaaaaab1
core   0: 0x80001e54 (0x4ec0aa23) sw      a2, 1268(ra)
core   0: 3 0x80001e54 (0x4ec0aa23) mem 0x80006680 0xaaaaaab1
core   0: 0x80001e58 (0x00600513) li      a0, 6
core   0: 3 0x80001e58 (0x00600513) x10 0x00000006
core   0: 0x80001e5c (0x00600593) li      a1, 6
core   0: 3 0x80001e5c (0x00600593) x11 0x00000006
core   0: 0x80001e60 (0x00b50633) add     a2, a0, a1
core   0: 3 0x80001e60 (0x00b50633) x12 0x0000000c
core   0: 0x80001e64 (0x4ec0ac23) sw      a2, 1272(ra)
core   0: 3 0x80001e64 (0x4ec0ac23) mem 0x80006684 0x0000000c
core   0: 0x80001e68 (0x00600513) li      a0, 6
core   0: 3 0x80001e68 (0x00600513) x10 0x00000006
core   0: 0x80001e6c (0x333335b7) lui     a1, 0x33333
core   0: 3 0x80001e6c (0x333335b7) x11 0x33333000
core   0: 0x80001e70 (0x33458593) addi    a1, a1, 820
core   0: 3 0x80001e70 (0x33458593) x11 0x33333334
core   0: 0x80001e74 (0x00b50633) add     a2, a0, a1
core   0: 3 0x80001e74 (0x00b50633) x12 0x3333333a
core   0: 0x80001e78 (0x4ec0ae23) sw      a2, 1276(ra)
core   0: 3 0x80001e78 (0x4ec0ae23) mem 0x80006688 0x3333333a
core   0: 0x80001e7c (0x00600513) li      a0, 6
core   0: 3 0x80001e7c (0x00600513) x10 0x00000006
core   0: 0x80001e80 (0x666665b7) lui     a1, 0x66666
core   0: 3 0x80001e80 (0x666665b7) x11 0x66666000
core   0: 0x80001e84 (0x66758593) addi    a1, a1, 1639
core   0: 3 0x80001e84 (0x66758593) x11 0x66666667
core   0: 0x80001e88 (0x00b50633) add     a2, a0, a1
core   0: 3 0x80001e88 (0x00b50633) x12 0x6666666d
core   0: 0x80001e8c (0x50c0a023) sw      a2, 1280(ra)
core   0: 3 0x80001e8c (0x50c0a023) mem 0x8000668c 0x6666666d
core   0: 0x80001e90 (0x00600513) li      a0, 6
core   0: 3 0x80001e90 (0x00600513) x10 0x00000006
core   0: 0x80001e94 (0xffff55b7) lui     a1, 0xffff5
core   0: 3 0x80001e94 (0xffff55b7) x11 0xffff5000
core   0: 0x80001e98 (0xafd58593) addi    a1, a1, -1283
core   0: 3 0x80001e98 (0xafd58593) x11 0xffff4afd
core   0: 0x80001e9c (0x00b50633) add     a2, a0, a1
core   0: 3 0x80001e9c (0x00b50633) x12 0xffff4b03
core   0: 0x80001ea0 (0x50c0a223) sw      a2, 1284(ra)
core   0: 3 0x80001ea0 (0x50c0a223) mem 0x80006690 0xffff4b03
core   0: 0x80001ea4 (0x00600513) li      a0, 6
core   0: 3 0x80001ea4 (0x00600513) x10 0x00000006
core   0: 0x80001ea8 (0x0000b5b7) lui     a1, 0xb
core   0: 3 0x80001ea8 (0x0000b5b7) x11 0x0000b000
core   0: 0x80001eac (0x50558593) addi    a1, a1, 1285
core   0: 3 0x80001eac (0x50558593) x11 0x0000b505
core   0: 0x80001eb0 (0x00b50633) add     a2, a0, a1
core   0: 3 0x80001eb0 (0x00b50633) x12 0x0000b50b
core   0: 0x80001eb4 (0x50c0a423) sw      a2, 1288(ra)
core   0: 3 0x80001eb4 (0x50c0a423) mem 0x80006694 0x0000b50b
core   0: 0x80001eb8 (0x33333537) lui     a0, 0x33333
core   0: 3 0x80001eb8 (0x33333537) x10 0x33333000
core   0: 0x80001ebc (0x33450513) addi    a0, a0, 820
core   0: 3 0x80001ebc (0x33450513) x10 0x33333334
core   0: 0x80001ec0 (0x00300593) li      a1, 3
core   0: 3 0x80001ec0 (0x00300593) x11 0x00000003
core   0: 0x80001ec4 (0x00b50633) add     a2, a0, a1
core   0: 3 0x80001ec4 (0x00b50633) x12 0x33333337
core   0: 0x80001ec8 (0x50c0a623) sw      a2, 1292(ra)
core   0: 3 0x80001ec8 (0x50c0a623) mem 0x80006698 0x33333337
core   0: 0x80001ecc (0x33333537) lui     a0, 0x33333
core   0: 3 0x80001ecc (0x33333537) x10 0x33333000
core   0: 0x80001ed0 (0x33450513) addi    a0, a0, 820
core   0: 3 0x80001ed0 (0x33450513) x10 0x33333334
core   0: 0x80001ed4 (0x555555b7) lui     a1, 0x55555
core   0: 3 0x80001ed4 (0x555555b7) x11 0x55555000
core   0: 0x80001ed8 (0x55558593) addi    a1, a1, 1365
core   0: 3 0x80001ed8 (0x55558593) x11 0x55555555
core   0: 0x80001edc (0x00b50633) add     a2, a0, a1
core   0: 3 0x80001edc (0x00b50633) x12 0x88888889
core   0: 0x80001ee0 (0x50c0a823) sw      a2, 1296(ra)
core   0: 3 0x80001ee0 (0x50c0a823) mem 0x8000669c 0x88888889
core   0: 0x80001ee4 (0x33333537) lui     a0, 0x33333
core   0: 3 0x80001ee4 (0x33333537) x10 0x33333000
core   0: 0x80001ee8 (0x33450513) addi    a0, a0, 820
core   0: 3 0x80001ee8 (0x33450513) x10 0x33333334
core   0: 0x80001eec (0xaaaab5b7) lui     a1, 0xaaaab
core   0: 3 0x80001eec (0xaaaab5b7) x11 0xaaaab000
core   0: 0x80001ef0 (0xaaa58593) addi    a1, a1, -1366
core   0: 3 0x80001ef0 (0xaaa58593) x11 0xaaaaaaaa
core   0: 0x80001ef4 (0x00b50633) add     a2, a0, a1
core   0: 3 0x80001ef4 (0x00b50633) x12 0xddddddde
core   0: 0x80001ef8 (0x50c0aa23) sw      a2, 1300(ra)
core   0: 3 0x80001ef8 (0x50c0aa23) mem 0x800066a0 0xddddddde
core   0: 0x80001efc (0x33333537) lui     a0, 0x33333
core   0: 3 0x80001efc (0x33333537) x10 0x33333000
core   0: 0x80001f00 (0x33450513) addi    a0, a0, 820
core   0: 3 0x80001f00 (0x33450513) x10 0x33333334
core   0: 0x80001f04 (0x00500593) li      a1, 5
core   0: 3 0x80001f04 (0x00500593) x11 0x00000005
core   0: 0x80001f08 (0x00b50633) add     a2, a0, a1
core   0: 3 0x80001f08 (0x00b50633) x12 0x33333339
core   0: 0x80001f0c (0x50c0ac23) sw      a2, 1304(ra)
core   0: 3 0x80001f0c (0x50c0ac23) mem 0x800066a4 0x33333339
core   0: 0x80001f10 (0x33333537) lui     a0, 0x33333
core   0: 3 0x80001f10 (0x33333537) x10 0x33333000
core   0: 0x80001f14 (0x33450513) addi    a0, a0, 820
core   0: 3 0x80001f14 (0x33450513) x10 0x33333334
core   0: 0x80001f18 (0x333335b7) lui     a1, 0x33333
core   0: 3 0x80001f18 (0x333335b7) x11 0x33333000
core   0: 0x80001f1c (0x33358593) addi    a1, a1, 819
core   0: 3 0x80001f1c (0x33358593) x11 0x33333333
core   0: 0x80001f20 (0x00b50633) add     a2, a0, a1
core   0: 3 0x80001f20 (0x00b50633) x12 0x66666667
core   0: 0x80001f24 (0x50c0ae23) sw      a2, 1308(ra)
core   0: 3 0x80001f24 (0x50c0ae23) mem 0x800066a8 0x66666667
core   0: 0x80001f28 (0x33333537) lui     a0, 0x33333
core   0: 3 0x80001f28 (0x33333537) x10 0x33333000
core   0: 0x80001f2c (0x33450513) addi    a0, a0, 820
core   0: 3 0x80001f2c (0x33450513) x10 0x33333334
core   0: 0x80001f30 (0x666665b7) lui     a1, 0x66666
core   0: 3 0x80001f30 (0x666665b7) x11 0x66666000
core   0: 0x80001f34 (0x66658593) addi    a1, a1, 1638
core   0: 3 0x80001f34 (0x66658593) x11 0x66666666
core   0: 0x80001f38 (0x00b50633) add     a2, a0, a1
core   0: 3 0x80001f38 (0x00b50633) x12 0x9999999a
core   0: 0x80001f3c (0x52c0a023) sw      a2, 1312(ra)
core   0: 3 0x80001f3c (0x52c0a023) mem 0x800066ac 0x9999999a
core   0: 0x80001f40 (0x33333537) lui     a0, 0x33333
core   0: 3 0x80001f40 (0x33333537) x10 0x33333000
core   0: 0x80001f44 (0x33450513) addi    a0, a0, 820
core   0: 3 0x80001f44 (0x33450513) x10 0x33333334
core   0: 0x80001f48 (0xffff55b7) lui     a1, 0xffff5
core   0: 3 0x80001f48 (0xffff55b7) x11 0xffff5000
core   0: 0x80001f4c (0xafc58593) addi    a1, a1, -1284
core   0: 3 0x80001f4c (0xafc58593) x11 0xffff4afc
core   0: 0x80001f50 (0x00b50633) add     a2, a0, a1
core   0: 3 0x80001f50 (0x00b50633) x12 0x33327e30
core   0: 0x80001f54 (0x52c0a223) sw      a2, 1316(ra)
core   0: 3 0x80001f54 (0x52c0a223) mem 0x800066b0 0x33327e30
core   0: 0x80001f58 (0x33333537) lui     a0, 0x33333
core   0: 3 0x80001f58 (0x33333537) x10 0x33333000
core   0: 0x80001f5c (0x33450513) addi    a0, a0, 820
core   0: 3 0x80001f5c (0x33450513) x10 0x33333334
core   0: 0x80001f60 (0x0000b5b7) lui     a1, 0xb
core   0: 3 0x80001f60 (0x0000b5b7) x11 0x0000b000
core   0: 0x80001f64 (0x50458593) addi    a1, a1, 1284
core   0: 3 0x80001f64 (0x50458593) x11 0x0000b504
core   0: 0x80001f68 (0x00b50633) add     a2, a0, a1
core   0: 3 0x80001f68 (0x00b50633) x12 0x3333e838
core   0: 0x80001f6c (0x52c0a423) sw      a2, 1320(ra)
core   0: 3 0x80001f6c (0x52c0a423) mem 0x800066b4 0x3333e838
core   0: 0x80001f70 (0x33333537) lui     a0, 0x33333
core   0: 3 0x80001f70 (0x33333537) x10 0x33333000
core   0: 0x80001f74 (0x33450513) addi    a0, a0, 820
core   0: 3 0x80001f74 (0x33450513) x10 0x33333334
core   0: 0x80001f78 (0x00200593) li      a1, 2
core   0: 3 0x80001f78 (0x00200593) x11 0x00000002
core   0: 0x80001f7c (0x00b50633) add     a2, a0, a1
core   0: 3 0x80001f7c (0x00b50633) x12 0x33333336
core   0: 0x80001f80 (0x52c0a623) sw      a2, 1324(ra)
core   0: 3 0x80001f80 (0x52c0a623) mem 0x800066b8 0x33333336
core   0: 0x80001f84 (0x33333537) lui     a0, 0x33333
core   0: 3 0x80001f84 (0x33333537) x10 0x33333000
core   0: 0x80001f88 (0x33450513) addi    a0, a0, 820
core   0: 3 0x80001f88 (0x33450513) x10 0x33333334
core   0: 0x80001f8c (0x555555b7) lui     a1, 0x55555
core   0: 3 0x80001f8c (0x555555b7) x11 0x55555000
core   0: 0x80001f90 (0x55458593) addi    a1, a1, 1364
core   0: 3 0x80001f90 (0x55458593) x11 0x55555554
core   0: 0x80001f94 (0x00b50633) add     a2, a0, a1
core   0: 3 0x80001f94 (0x00b50633) x12 0x88888888
core   0: 0x80001f98 (0x52c0a823) sw      a2, 1328(ra)
core   0: 3 0x80001f98 (0x52c0a823) mem 0x800066bc 0x88888888
core   0: 0x80001f9c (0x33333537) lui     a0, 0x33333
core   0: 3 0x80001f9c (0x33333537) x10 0x33333000
core   0: 0x80001fa0 (0x33450513) addi    a0, a0, 820
core   0: 3 0x80001fa0 (0x33450513) x10 0x33333334
core   0: 0x80001fa4 (0x00000593) li      a1, 0
core   0: 3 0x80001fa4 (0x00000593) x11 0x00000000
core   0: 0x80001fa8 (0x00b50633) add     a2, a0, a1
core   0: 3 0x80001fa8 (0x00b50633) x12 0x33333334
core   0: 0x80001fac (0x52c0aa23) sw      a2, 1332(ra)
core   0: 3 0x80001fac (0x52c0aa23) mem 0x800066c0 0x33333334
core   0: 0x80001fb0 (0x33333537) lui     a0, 0x33333
core   0: 3 0x80001fb0 (0x33333537) x10 0x33333000
core   0: 0x80001fb4 (0x33450513) addi    a0, a0, 820
core   0: 3 0x80001fb4 (0x33450513) x10 0x33333334
core   0: 0x80001fb8 (0x00400593) li      a1, 4
core   0: 3 0x80001fb8 (0x00400593) x11 0x00000004
core   0: 0x80001fbc (0x00b50633) add     a2, a0, a1
core   0: 3 0x80001fbc (0x00b50633) x12 0x33333338
core   0: 0x80001fc0 (0x52c0ac23) sw      a2, 1336(ra)
core   0: 3 0x80001fc0 (0x52c0ac23) mem 0x800066c4 0x33333338
core   0: 0x80001fc4 (0x33333537) lui     a0, 0x33333
core   0: 3 0x80001fc4 (0x33333537) x10 0x33333000
core   0: 0x80001fc8 (0x33450513) addi    a0, a0, 820
core   0: 3 0x80001fc8 (0x33450513) x10 0x33333334
core   0: 0x80001fcc (0x333335b7) lui     a1, 0x33333
core   0: 3 0x80001fcc (0x333335b7) x11 0x33333000
core   0: 0x80001fd0 (0x33258593) addi    a1, a1, 818
core   0: 3 0x80001fd0 (0x33258593) x11 0x33333332
core   0: 0x80001fd4 (0x00b50633) add     a2, a0, a1
core   0: 3 0x80001fd4 (0x00b50633) x12 0x66666666
core   0: 0x80001fd8 (0x52c0ae23) sw      a2, 1340(ra)
core   0: 3 0x80001fd8 (0x52c0ae23) mem 0x800066c8 0x66666666
core   0: 0x80001fdc (0x33333537) lui     a0, 0x33333
core   0: 3 0x80001fdc (0x33333537) x10 0x33333000
core   0: 0x80001fe0 (0x33450513) addi    a0, a0, 820
core   0: 3 0x80001fe0 (0x33450513) x10 0x33333334
core   0: 0x80001fe4 (0x666665b7) lui     a1, 0x66666
core   0: 3 0x80001fe4 (0x666665b7) x11 0x66666000
core   0: 0x80001fe8 (0x66558593) addi    a1, a1, 1637
core   0: 3 0x80001fe8 (0x66558593) x11 0x66666665
core   0: 0x80001fec (0x00b50633) add     a2, a0, a1
core   0: 3 0x80001fec (0x00b50633) x12 0x99999999
core   0: 0x80001ff0 (0x54c0a023) sw      a2, 1344(ra)
core   0: 3 0x80001ff0 (0x54c0a023) mem 0x800066cc 0x99999999
core   0: 0x80001ff4 (0x33333537) lui     a0, 0x33333
core   0: 3 0x80001ff4 (0x33333537) x10 0x33333000
core   0: 0x80001ff8 (0x33450513) addi    a0, a0, 820
core   0: 3 0x80001ff8 (0x33450513) x10 0x33333334
core   0: 0x80001ffc (0x0000b5b7) lui     a1, 0xb
core   0: 3 0x80001ffc (0x0000b5b7) x11 0x0000b000
core   0: 0x80002000 (0x50358593) addi    a1, a1, 1283
core   0: 3 0x80002000 (0x50358593) x11 0x0000b503
core   0: 0x80002004 (0x00b50633) add     a2, a0, a1
core   0: 3 0x80002004 (0x00b50633) x12 0x3333e837
core   0: 0x80002008 (0x54c0a223) sw      a2, 1348(ra)
core   0: 3 0x80002008 (0x54c0a223) mem 0x800066d0 0x3333e837
core   0: 0x8000200c (0x33333537) lui     a0, 0x33333
core   0: 3 0x8000200c (0x33333537) x10 0x33333000
core   0: 0x80002010 (0x33450513) addi    a0, a0, 820
core   0: 3 0x80002010 (0x33450513) x10 0x33333334
core   0: 0x80002014 (0x555555b7) lui     a1, 0x55555
core   0: 3 0x80002014 (0x555555b7) x11 0x55555000
core   0: 0x80002018 (0x55658593) addi    a1, a1, 1366
core   0: 3 0x80002018 (0x55658593) x11 0x55555556
core   0: 0x8000201c (0x00b50633) add     a2, a0, a1
core   0: 3 0x8000201c (0x00b50633) x12 0x8888888a
core   0: 0x80002020 (0x54c0a423) sw      a2, 1352(ra)
core   0: 3 0x80002020 (0x54c0a423) mem 0x800066d4 0x8888888a
core   0: 0x80002024 (0x33333537) lui     a0, 0x33333
core   0: 3 0x80002024 (0x33333537) x10 0x33333000
core   0: 0x80002028 (0x33450513) addi    a0, a0, 820
core   0: 3 0x80002028 (0x33450513) x10 0x33333334
core   0: 0x8000202c (0xaaaab5b7) lui     a1, 0xaaaab
core   0: 3 0x8000202c (0xaaaab5b7) x11 0xaaaab000
core   0: 0x80002030 (0xaab58593) addi    a1, a1, -1365
core   0: 3 0x80002030 (0xaab58593) x11 0xaaaaaaab
core   0: 0x80002034 (0x00b50633) add     a2, a0, a1
core   0: 3 0x80002034 (0x00b50633) x12 0xdddddddf
core   0: 0x80002038 (0x54c0a623) sw      a2, 1356(ra)
core   0: 3 0x80002038 (0x54c0a623) mem 0x800066d8 0xdddddddf
core   0: 0x8000203c (0x33333537) lui     a0, 0x33333
core   0: 3 0x8000203c (0x33333537) x10 0x33333000
core   0: 0x80002040 (0x33450513) addi    a0, a0, 820
core   0: 3 0x80002040 (0x33450513) x10 0x33333334
core   0: 0x80002044 (0x00600593) li      a1, 6
core   0: 3 0x80002044 (0x00600593) x11 0x00000006
core   0: 0x80002048 (0x00b50633) add     a2, a0, a1
core   0: 3 0x80002048 (0x00b50633) x12 0x3333333a
core   0: 0x8000204c (0x54c0a823) sw      a2, 1360(ra)
core   0: 3 0x8000204c (0x54c0a823) mem 0x800066dc 0x3333333a
core   0: 0x80002050 (0x33333537) lui     a0, 0x33333
core   0: 3 0x80002050 (0x33333537) x10 0x33333000
core   0: 0x80002054 (0x33450513) addi    a0, a0, 820
core   0: 3 0x80002054 (0x33450513) x10 0x33333334
core   0: 0x80002058 (0x333335b7) lui     a1, 0x33333
core   0: 3 0x80002058 (0x333335b7) x11 0x33333000
core   0: 0x8000205c (0x33458593) addi    a1, a1, 820
core   0: 3 0x8000205c (0x33458593) x11 0x33333334
core   0: 0x80002060 (0x00b50633) add     a2, a0, a1
core   0: 3 0x80002060 (0x00b50633) x12 0x66666668
core   0: 0x80002064 (0x54c0aa23) sw      a2, 1364(ra)
core   0: 3 0x80002064 (0x54c0aa23) mem 0x800066e0 0x66666668
core   0: 0x80002068 (0x33333537) lui     a0, 0x33333
core   0: 3 0x80002068 (0x33333537) x10 0x33333000
core   0: 0x8000206c (0x33450513) addi    a0, a0, 820
core   0: 3 0x8000206c (0x33450513) x10 0x33333334
core   0: 0x80002070 (0x666665b7) lui     a1, 0x66666
core   0: 3 0x80002070 (0x666665b7) x11 0x66666000
core   0: 0x80002074 (0x66758593) addi    a1, a1, 1639
core   0: 3 0x80002074 (0x66758593) x11 0x66666667
core   0: 0x80002078 (0x00b50633) add     a2, a0, a1
core   0: 3 0x80002078 (0x00b50633) x12 0x9999999b
core   0: 0x8000207c (0x54c0ac23) sw      a2, 1368(ra)
core   0: 3 0x8000207c (0x54c0ac23) mem 0x800066e4 0x9999999b
core   0: 0x80002080 (0x33333537) lui     a0, 0x33333
core   0: 3 0x80002080 (0x33333537) x10 0x33333000
core   0: 0x80002084 (0x33450513) addi    a0, a0, 820
core   0: 3 0x80002084 (0x33450513) x10 0x33333334
core   0: 0x80002088 (0xffff55b7) lui     a1, 0xffff5
core   0: 3 0x80002088 (0xffff55b7) x11 0xffff5000
core   0: 0x8000208c (0xafd58593) addi    a1, a1, -1283
core   0: 3 0x8000208c (0xafd58593) x11 0xffff4afd
core   0: 0x80002090 (0x00b50633) add     a2, a0, a1
core   0: 3 0x80002090 (0x00b50633) x12 0x33327e31
core   0: 0x80002094 (0x54c0ae23) sw      a2, 1372(ra)
core   0: 3 0x80002094 (0x54c0ae23) mem 0x800066e8 0x33327e31
core   0: 0x80002098 (0x33333537) lui     a0, 0x33333
core   0: 3 0x80002098 (0x33333537) x10 0x33333000
core   0: 0x8000209c (0x33450513) addi    a0, a0, 820
core   0: 3 0x8000209c (0x33450513) x10 0x33333334
core   0: 0x800020a0 (0x0000b5b7) lui     a1, 0xb
core   0: 3 0x800020a0 (0x0000b5b7) x11 0x0000b000
core   0: 0x800020a4 (0x50558593) addi    a1, a1, 1285
core   0: 3 0x800020a4 (0x50558593) x11 0x0000b505
core   0: 0x800020a8 (0x00b50633) add     a2, a0, a1
core   0: 3 0x800020a8 (0x00b50633) x12 0x3333e839
core   0: 0x800020ac (0x56c0a023) sw      a2, 1376(ra)
core   0: 3 0x800020ac (0x56c0a023) mem 0x800066ec 0x3333e839
core   0: 0x800020b0 (0x66666537) lui     a0, 0x66666
core   0: 3 0x800020b0 (0x66666537) x10 0x66666000
core   0: 0x800020b4 (0x66750513) addi    a0, a0, 1639
core   0: 3 0x800020b4 (0x66750513) x10 0x66666667
core   0: 0x800020b8 (0x00300593) li      a1, 3
core   0: 3 0x800020b8 (0x00300593) x11 0x00000003
core   0: 0x800020bc (0x00b50633) add     a2, a0, a1
core   0: 3 0x800020bc (0x00b50633) x12 0x6666666a
core   0: 0x800020c0 (0x56c0a223) sw      a2, 1380(ra)
core   0: 3 0x800020c0 (0x56c0a223) mem 0x800066f0 0x6666666a
core   0: 0x800020c4 (0x66666537) lui     a0, 0x66666
core   0: 3 0x800020c4 (0x66666537) x10 0x66666000
core   0: 0x800020c8 (0x66750513) addi    a0, a0, 1639
core   0: 3 0x800020c8 (0x66750513) x10 0x66666667
core   0: 0x800020cc (0x555555b7) lui     a1, 0x55555
core   0: 3 0x800020cc (0x555555b7) x11 0x55555000
core   0: 0x800020d0 (0x55558593) addi    a1, a1, 1365
core   0: 3 0x800020d0 (0x55558593) x11 0x55555555
core   0: 0x800020d4 (0x00b50633) add     a2, a0, a1
core   0: 3 0x800020d4 (0x00b50633) x12 0xbbbbbbbc
core   0: 0x800020d8 (0x56c0a423) sw      a2, 1384(ra)
core   0: 3 0x800020d8 (0x56c0a423) mem 0x800066f4 0xbbbbbbbc
core   0: 0x800020dc (0x66666537) lui     a0, 0x66666
core   0: 3 0x800020dc (0x66666537) x10 0x66666000
core   0: 0x800020e0 (0x66750513) addi    a0, a0, 1639
core   0: 3 0x800020e0 (0x66750513) x10 0x66666667
core   0: 0x800020e4 (0xaaaab5b7) lui     a1, 0xaaaab
core   0: 3 0x800020e4 (0xaaaab5b7) x11 0xaaaab000
core   0: 0x800020e8 (0xaaa58593) addi    a1, a1, -1366
core   0: 3 0x800020e8 (0xaaa58593) x11 0xaaaaaaaa
core   0: 0x800020ec (0x00b50633) add     a2, a0, a1
core   0: 3 0x800020ec (0x00b50633) x12 0x11111111
core   0: 0x800020f0 (0x56c0a623) sw      a2, 1388(ra)
core   0: 3 0x800020f0 (0x56c0a623) mem 0x800066f8 0x11111111
core   0: 0x800020f4 (0x66666537) lui     a0, 0x66666
core   0: 3 0x800020f4 (0x66666537) x10 0x66666000
core   0: 0x800020f8 (0x66750513) addi    a0, a0, 1639
core   0: 3 0x800020f8 (0x66750513) x10 0x66666667
core   0: 0x800020fc (0x00500593) li      a1, 5
core   0: 3 0x800020fc (0x00500593) x11 0x00000005
core   0: 0x80002100 (0x00b50633) add     a2, a0, a1
core   0: 3 0x80002100 (0x00b50633) x12 0x6666666c
core   0: 0x80002104 (0x56c0a823) sw      a2, 1392(ra)
core   0: 3 0x80002104 (0x56c0a823) mem 0x800066fc 0x6666666c
core   0: 0x80002108 (0x66666537) lui     a0, 0x66666
core   0: 3 0x80002108 (0x66666537) x10 0x66666000
core   0: 0x8000210c (0x66750513) addi    a0, a0, 1639
core   0: 3 0x8000210c (0x66750513) x10 0x66666667
core   0: 0x80002110 (0x333335b7) lui     a1, 0x33333
core   0: 3 0x80002110 (0x333335b7) x11 0x33333000
core   0: 0x80002114 (0x33358593) addi    a1, a1, 819
core   0: 3 0x80002114 (0x33358593) x11 0x33333333
core   0: 0x80002118 (0x00b50633) add     a2, a0, a1
core   0: 3 0x80002118 (0x00b50633) x12 0x9999999a
core   0: 0x8000211c (0x56c0aa23) sw      a2, 1396(ra)
core   0: 3 0x8000211c (0x56c0aa23) mem 0x80006700 0x9999999a
core   0: 0x80002120 (0x66666537) lui     a0, 0x66666
core   0: 3 0x80002120 (0x66666537) x10 0x66666000
core   0: 0x80002124 (0x66750513) addi    a0, a0, 1639
core   0: 3 0x80002124 (0x66750513) x10 0x66666667
core   0: 0x80002128 (0x666665b7) lui     a1, 0x66666
core   0: 3 0x80002128 (0x666665b7) x11 0x66666000
core   0: 0x8000212c (0x66658593) addi    a1, a1, 1638
core   0: 3 0x8000212c (0x66658593) x11 0x66666666
core   0: 0x80002130 (0x00b50633) add     a2, a0, a1
core   0: 3 0x80002130 (0x00b50633) x12 0xcccccccd
core   0: 0x80002134 (0x56c0ac23) sw      a2, 1400(ra)
core   0: 3 0x80002134 (0x56c0ac23) mem 0x80006704 0xcccccccd
core   0: 0x80002138 (0x66666537) lui     a0, 0x66666
core   0: 3 0x80002138 (0x66666537) x10 0x66666000
core   0: 0x8000213c (0x66750513) addi    a0, a0, 1639
core   0: 3 0x8000213c (0x66750513) x10 0x66666667
core   0: 0x80002140 (0xffff55b7) lui     a1, 0xffff5
core   0: 3 0x80002140 (0xffff55b7) x11 0xffff5000
core   0: 0x80002144 (0xafc58593) addi    a1, a1, -1284
core   0: 3 0x80002144 (0xafc58593) x11 0xffff4afc
core   0: 0x80002148 (0x00b50633) add     a2, a0, a1
core   0: 3 0x80002148 (0x00b50633) x12 0x6665b163
core   0: 0x8000214c (0x56c0ae23) sw      a2, 1404(ra)
core   0: 3 0x8000214c (0x56c0ae23) mem 0x80006708 0x6665b163
core   0: 0x80002150 (0x66666537) lui     a0, 0x66666
core   0: 3 0x80002150 (0x66666537) x10 0x66666000
core   0: 0x80002154 (0x66750513) addi    a0, a0, 1639
core   0: 3 0x80002154 (0x66750513) x10 0x66666667
core   0: 0x80002158 (0x0000b5b7) lui     a1, 0xb
core   0: 3 0x80002158 (0x0000b5b7) x11 0x0000b000
core   0: 0x8000215c (0x50458593) addi    a1, a1, 1284
core   0: 3 0x8000215c (0x50458593) x11 0x0000b504
core   0: 0x80002160 (0x00b50633) add     a2, a0, a1
core   0: 3 0x80002160 (0x00b50633) x12 0x66671b6b
core   0: 0x80002164 (0x58c0a023) sw      a2, 1408(ra)
core   0: 3 0x80002164 (0x58c0a023) mem 0x8000670c 0x66671b6b
core   0: 0x80002168 (0x66666537) lui     a0, 0x66666
core   0: 3 0x80002168 (0x66666537) x10 0x66666000
core   0: 0x8000216c (0x66750513) addi    a0, a0, 1639
core   0: 3 0x8000216c (0x66750513) x10 0x66666667
core   0: 0x80002170 (0x00200593) li      a1, 2
core   0: 3 0x80002170 (0x00200593) x11 0x00000002
core   0: 0x80002174 (0x00b50633) add     a2, a0, a1
core   0: 3 0x80002174 (0x00b50633) x12 0x66666669
core   0: 0x80002178 (0x58c0a223) sw      a2, 1412(ra)
core   0: 3 0x80002178 (0x58c0a223) mem 0x80006710 0x66666669
core   0: 0x8000217c (0x66666537) lui     a0, 0x66666
core   0: 3 0x8000217c (0x66666537) x10 0x66666000
core   0: 0x80002180 (0x66750513) addi    a0, a0, 1639
core   0: 3 0x80002180 (0x66750513) x10 0x66666667
core   0: 0x80002184 (0x555555b7) lui     a1, 0x55555
core   0: 3 0x80002184 (0x555555b7) x11 0x55555000
core   0: 0x80002188 (0x55458593) addi    a1, a1, 1364
core   0: 3 0x80002188 (0x55458593) x11 0x55555554
core   0: 0x8000218c (0x00b50633) add     a2, a0, a1
core   0: 3 0x8000218c (0x00b50633) x12 0xbbbbbbbb
core   0: 0x80002190 (0x58c0a423) sw      a2, 1416(ra)
core   0: 3 0x80002190 (0x58c0a423) mem 0x80006714 0xbbbbbbbb
core   0: 0x80002194 (0x66666537) lui     a0, 0x66666
core   0: 3 0x80002194 (0x66666537) x10 0x66666000
core   0: 0x80002198 (0x66750513) addi    a0, a0, 1639
core   0: 3 0x80002198 (0x66750513) x10 0x66666667
core   0: 0x8000219c (0x00000593) li      a1, 0
core   0: 3 0x8000219c (0x00000593) x11 0x00000000
core   0: 0x800021a0 (0x00b50633) add     a2, a0, a1
core   0: 3 0x800021a0 (0x00b50633) x12 0x66666667
core   0: 0x800021a4 (0x58c0a623) sw      a2, 1420(ra)
core   0: 3 0x800021a4 (0x58c0a623) mem 0x80006718 0x66666667
core   0: 0x800021a8 (0x66666537) lui     a0, 0x66666
core   0: 3 0x800021a8 (0x66666537) x10 0x66666000
core   0: 0x800021ac (0x66750513) addi    a0, a0, 1639
core   0: 3 0x800021ac (0x66750513) x10 0x66666667
core   0: 0x800021b0 (0x00400593) li      a1, 4
core   0: 3 0x800021b0 (0x00400593) x11 0x00000004
core   0: 0x800021b4 (0x00b50633) add     a2, a0, a1
core   0: 3 0x800021b4 (0x00b50633) x12 0x6666666b
core   0: 0x800021b8 (0x58c0a823) sw      a2, 1424(ra)
core   0: 3 0x800021b8 (0x58c0a823) mem 0x8000671c 0x6666666b
core   0: 0x800021bc (0x66666537) lui     a0, 0x66666
core   0: 3 0x800021bc (0x66666537) x10 0x66666000
core   0: 0x800021c0 (0x66750513) addi    a0, a0, 1639
core   0: 3 0x800021c0 (0x66750513) x10 0x66666667
core   0: 0x800021c4 (0x333335b7) lui     a1, 0x33333
core   0: 3 0x800021c4 (0x333335b7) x11 0x33333000
core   0: 0x800021c8 (0x33258593) addi    a1, a1, 818
core   0: 3 0x800021c8 (0x33258593) x11 0x33333332
core   0: 0x800021cc (0x00b50633) add     a2, a0, a1
core   0: 3 0x800021cc (0x00b50633) x12 0x99999999
core   0: 0x800021d0 (0x58c0aa23) sw      a2, 1428(ra)
core   0: 3 0x800021d0 (0x58c0aa23) mem 0x80006720 0x99999999
core   0: 0x800021d4 (0x66666537) lui     a0, 0x66666
core   0: 3 0x800021d4 (0x66666537) x10 0x66666000
core   0: 0x800021d8 (0x66750513) addi    a0, a0, 1639
core   0: 3 0x800021d8 (0x66750513) x10 0x66666667
core   0: 0x800021dc (0x666665b7) lui     a1, 0x66666
core   0: 3 0x800021dc (0x666665b7) x11 0x66666000
core   0: 0x800021e0 (0x66558593) addi    a1, a1, 1637
core   0: 3 0x800021e0 (0x66558593) x11 0x66666665
core   0: 0x800021e4 (0x00b50633) add     a2, a0, a1
core   0: 3 0x800021e4 (0x00b50633) x12 0xcccccccc
core   0: 0x800021e8 (0x58c0ac23) sw      a2, 1432(ra)
core   0: 3 0x800021e8 (0x58c0ac23) mem 0x80006724 0xcccccccc
core   0: 0x800021ec (0x66666537) lui     a0, 0x66666
core   0: 3 0x800021ec (0x66666537) x10 0x66666000
core   0: 0x800021f0 (0x66750513) addi    a0, a0, 1639
core   0: 3 0x800021f0 (0x66750513) x10 0x66666667
core   0: 0x800021f4 (0x0000b5b7) lui     a1, 0xb
core   0: 3 0x800021f4 (0x0000b5b7) x11 0x0000b000
core   0: 0x800021f8 (0x50358593) addi    a1, a1, 1283
core   0: 3 0x800021f8 (0x50358593) x11 0x0000b503
core   0: 0x800021fc (0x00b50633) add     a2, a0, a1
core   0: 3 0x800021fc (0x00b50633) x12 0x66671b6a
core   0: 0x80002200 (0x58c0ae23) sw      a2, 1436(ra)
core   0: 3 0x80002200 (0x58c0ae23) mem 0x80006728 0x66671b6a
core   0: 0x80002204 (0x66666537) lui     a0, 0x66666
core   0: 3 0x80002204 (0x66666537) x10 0x66666000
core   0: 0x80002208 (0x66750513) addi    a0, a0, 1639
core   0: 3 0x80002208 (0x66750513) x10 0x66666667
core   0: 0x8000220c (0x555555b7) lui     a1, 0x55555
core   0: 3 0x8000220c (0x555555b7) x11 0x55555000
core   0: 0x80002210 (0x55658593) addi    a1, a1, 1366
core   0: 3 0x80002210 (0x55658593) x11 0x55555556
core   0: 0x80002214 (0x00b50633) add     a2, a0, a1
core   0: 3 0x80002214 (0x00b50633) x12 0xbbbbbbbd
core   0: 0x80002218 (0x5ac0a023) sw      a2, 1440(ra)
core   0: 3 0x80002218 (0x5ac0a023) mem 0x8000672c 0xbbbbbbbd
core   0: 0x8000221c (0x66666537) lui     a0, 0x66666
core   0: 3 0x8000221c (0x66666537) x10 0x66666000
core   0: 0x80002220 (0x66750513) addi    a0, a0, 1639
core   0: 3 0x80002220 (0x66750513) x10 0x66666667
core   0: 0x80002224 (0xaaaab5b7) lui     a1, 0xaaaab
core   0: 3 0x80002224 (0xaaaab5b7) x11 0xaaaab000
core   0: 0x80002228 (0xaab58593) addi    a1, a1, -1365
core   0: 3 0x80002228 (0xaab58593) x11 0xaaaaaaab
core   0: 0x8000222c (0x00b50633) add     a2, a0, a1
core   0: 3 0x8000222c (0x00b50633) x12 0x11111112
core   0: 0x80002230 (0x5ac0a223) sw      a2, 1444(ra)
core   0: 3 0x80002230 (0x5ac0a223) mem 0x80006730 0x11111112
core   0: 0x80002234 (0x66666537) lui     a0, 0x66666
core   0: 3 0x80002234 (0x66666537) x10 0x66666000
core   0: 0x80002238 (0x66750513) addi    a0, a0, 1639
core   0: 3 0x80002238 (0x66750513) x10 0x66666667
core   0: 0x8000223c (0x00600593) li      a1, 6
core   0: 3 0x8000223c (0x00600593) x11 0x00000006
core   0: 0x80002240 (0x00b50633) add     a2, a0, a1
core   0: 3 0x80002240 (0x00b50633) x12 0x6666666d
core   0: 0x80002244 (0x5ac0a423) sw      a2, 1448(ra)
core   0: 3 0x80002244 (0x5ac0a423) mem 0x80006734 0x6666666d
core   0: 0x80002248 (0x66666537) lui     a0, 0x66666
core   0: 3 0x80002248 (0x66666537) x10 0x66666000
core   0: 0x8000224c (0x66750513) addi    a0, a0, 1639
core   0: 3 0x8000224c (0x66750513) x10 0x66666667
core   0: 0x80002250 (0x333335b7) lui     a1, 0x33333
core   0: 3 0x80002250 (0x333335b7) x11 0x33333000
core   0: 0x80002254 (0x33458593) addi    a1, a1, 820
core   0: 3 0x80002254 (0x33458593) x11 0x33333334
core   0: 0x80002258 (0x00b50633) add     a2, a0, a1
core   0: 3 0x80002258 (0x00b50633) x12 0x9999999b
core   0: 0x8000225c (0x5ac0a623) sw      a2, 1452(ra)
core   0: 3 0x8000225c (0x5ac0a623) mem 0x80006738 0x9999999b
core   0: 0x80002260 (0x66666537) lui     a0, 0x66666
core   0: 3 0x80002260 (0x66666537) x10 0x66666000
core   0: 0x80002264 (0x66750513) addi    a0, a0, 1639
core   0: 3 0x80002264 (0x66750513) x10 0x66666667
core   0: 0x80002268 (0x666665b7) lui     a1, 0x66666
core   0: 3 0x80002268 (0x666665b7) x11 0x66666000
core   0: 0x8000226c (0x66758593) addi    a1, a1, 1639
core   0: 3 0x8000226c (0x66758593) x11 0x66666667
core   0: 0x80002270 (0x00b50633) add     a2, a0, a1
core   0: 3 0x80002270 (0x00b50633) x12 0xccccccce
core   0: 0x80002274 (0x5ac0a823) sw      a2, 1456(ra)
core   0: 3 0x80002274 (0x5ac0a823) mem 0x8000673c 0xccccccce
core   0: 0x80002278 (0x66666537) lui     a0, 0x66666
core   0: 3 0x80002278 (0x66666537) x10 0x66666000
core   0: 0x8000227c (0x66750513) addi    a0, a0, 1639
core   0: 3 0x8000227c (0x66750513) x10 0x66666667
core   0: 0x80002280 (0xffff55b7) lui     a1, 0xffff5
core   0: 3 0x80002280 (0xffff55b7) x11 0xffff5000
core   0: 0x80002284 (0xafd58593) addi    a1, a1, -1283
core   0: 3 0x80002284 (0xafd58593) x11 0xffff4afd
core   0: 0x80002288 (0x00b50633) add     a2, a0, a1
core   0: 3 0x80002288 (0x00b50633) x12 0x6665b164
core   0: 0x8000228c (0x5ac0aa23) sw      a2, 1460(ra)
core   0: 3 0x8000228c (0x5ac0aa23) mem 0x80006740 0x6665b164
core   0: 0x80002290 (0x66666537) lui     a0, 0x66666
core   0: 3 0x80002290 (0x66666537) x10 0x66666000
core   0: 0x80002294 (0x66750513) addi    a0, a0, 1639
core   0: 3 0x80002294 (0x66750513) x10 0x66666667
core   0: 0x80002298 (0x0000b5b7) lui     a1, 0xb
core   0: 3 0x80002298 (0x0000b5b7) x11 0x0000b000
core   0: 0x8000229c (0x50558593) addi    a1, a1, 1285
core   0: 3 0x8000229c (0x50558593) x11 0x0000b505
core   0: 0x800022a0 (0x00b50633) add     a2, a0, a1
core   0: 3 0x800022a0 (0x00b50633) x12 0x66671b6c
core   0: 0x800022a4 (0x5ac0ac23) sw      a2, 1464(ra)
core   0: 3 0x800022a4 (0x5ac0ac23) mem 0x80006744 0x66671b6c
core   0: 0x800022a8 (0xffff5537) lui     a0, 0xffff5
core   0: 3 0x800022a8 (0xffff5537) x10 0xffff5000
core   0: 0x800022ac (0xafd50513) addi    a0, a0, -1283
core   0: 3 0x800022ac (0xafd50513) x10 0xffff4afd
core   0: 0x800022b0 (0x00300593) li      a1, 3
core   0: 3 0x800022b0 (0x00300593) x11 0x00000003
core   0: 0x800022b4 (0x00b50633) add     a2, a0, a1
core   0: 3 0x800022b4 (0x00b50633) x12 0xffff4b00
core   0: 0x800022b8 (0x5ac0ae23) sw      a2, 1468(ra)
core   0: 3 0x800022b8 (0x5ac0ae23) mem 0x80006748 0xffff4b00
core   0: 0x800022bc (0xffff5537) lui     a0, 0xffff5
core   0: 3 0x800022bc (0xffff5537) x10 0xffff5000
core   0: 0x800022c0 (0xafd50513) addi    a0, a0, -1283
core   0: 3 0x800022c0 (0xafd50513) x10 0xffff4afd
core   0: 0x800022c4 (0x555555b7) lui     a1, 0x55555
core   0: 3 0x800022c4 (0x555555b7) x11 0x55555000
core   0: 0x800022c8 (0x55558593) addi    a1, a1, 1365
core   0: 3 0x800022c8 (0x55558593) x11 0x55555555
core   0: 0x800022cc (0x00b50633) add     a2, a0, a1
core   0: 3 0x800022cc (0x00b50633) x12 0x5554a052
core   0: 0x800022d0 (0x5cc0a023) sw      a2, 1472(ra)
core   0: 3 0x800022d0 (0x5cc0a023) mem 0x8000674c 0x5554a052
core   0: 0x800022d4 (0xffff5537) lui     a0, 0xffff5
core   0: 3 0x800022d4 (0xffff5537) x10 0xffff5000
core   0: 0x800022d8 (0xafd50513) addi    a0, a0, -1283
core   0: 3 0x800022d8 (0xafd50513) x10 0xffff4afd
core   0: 0x800022dc (0xaaaab5b7) lui     a1, 0xaaaab
core   0: 3 0x800022dc (0xaaaab5b7) x11 0xaaaab000
core   0: 0x800022e0 (0xaaa58593) addi    a1, a1, -1366
core   0: 3 0x800022e0 (0xaaa58593) x11 0xaaaaaaaa
core   0: 0x800022e4 (0x00b50633) add     a2, a0, a1
core   0: 3 0x800022e4 (0x00b50633) x12 0xaaa9f5a7
core   0: 0x800022e8 (0x5cc0a223) sw      a2, 1476(ra)
core   0: 3 0x800022e8 (0x5cc0a223) mem 0x80006750 0xaaa9f5a7
core   0: 0x800022ec (0xffff5537) lui     a0, 0xffff5
core   0: 3 0x800022ec (0xffff5537) x10 0xffff5000
core   0: 0x800022f0 (0xafd50513) addi    a0, a0, -1283
core   0: 3 0x800022f0 (0xafd50513) x10 0xffff4afd
core   0: 0x800022f4 (0x00500593) li      a1, 5
core   0: 3 0x800022f4 (0x00500593) x11 0x00000005
core   0: 0x800022f8 (0x00b50633) add     a2, a0, a1
core   0: 3 0x800022f8 (0x00b50633) x12 0xffff4b02
core   0: 0x800022fc (0x5cc0a423) sw      a2, 1480(ra)
core   0: 3 0x800022fc (0x5cc0a423) mem 0x80006754 0xffff4b02
core   0: 0x80002300 (0xffff5537) lui     a0, 0xffff5
core   0: 3 0x80002300 (0xffff5537) x10 0xffff5000
core   0: 0x80002304 (0xafd50513) addi    a0, a0, -1283
core   0: 3 0x80002304 (0xafd50513) x10 0xffff4afd
core   0: 0x80002308 (0x333335b7) lui     a1, 0x33333
core   0: 3 0x80002308 (0x333335b7) x11 0x33333000
core   0: 0x8000230c (0x33358593) addi    a1, a1, 819
core   0: 3 0x8000230c (0x33358593) x11 0x33333333
core   0: 0x80002310 (0x00b50633) add     a2, a0, a1
core   0: 3 0x80002310 (0x00b50633) x12 0x33327e30
core   0: 0x80002314 (0x5cc0a623) sw      a2, 1484(ra)
core   0: 3 0x80002314 (0x5cc0a623) mem 0x80006758 0x33327e30
core   0: 0x80002318 (0xffff5537) lui     a0, 0xffff5
core   0: 3 0x80002318 (0xffff5537) x10 0xffff5000
core   0: 0x8000231c (0xafd50513) addi    a0, a0, -1283
core   0: 3 0x8000231c (0xafd50513) x10 0xffff4afd
core   0: 0x80002320 (0x666665b7) lui     a1, 0x66666
core   0: 3 0x80002320 (0x666665b7) x11 0x66666000
core   0: 0x80002324 (0x66658593) addi    a1, a1, 1638
core   0: 3 0x80002324 (0x66658593) x11 0x66666666
core   0: 0x80002328 (0x00b50633) add     a2, a0, a1
core   0: 3 0x80002328 (0x00b50633) x12 0x6665b163
core   0: 0x8000232c (0x5cc0a823) sw      a2, 1488(ra)
core   0: 3 0x8000232c (0x5cc0a823) mem 0x8000675c 0x6665b163
core   0: 0x80002330 (0xffff5537) lui     a0, 0xffff5
core   0: 3 0x80002330 (0xffff5537) x10 0xffff5000
core   0: 0x80002334 (0xafd50513) addi    a0, a0, -1283
core   0: 3 0x80002334 (0xafd50513) x10 0xffff4afd
core   0: 0x80002338 (0xffff55b7) lui     a1, 0xffff5
core   0: 3 0x80002338 (0xffff55b7) x11 0xffff5000
core   0: 0x8000233c (0xafc58593) addi    a1, a1, -1284
core   0: 3 0x8000233c (0xafc58593) x11 0xffff4afc
core   0: 0x80002340 (0x00b50633) add     a2, a0, a1
core   0: 3 0x80002340 (0x00b50633) x12 0xfffe95f9
core   0: 0x80002344 (0x5cc0aa23) sw      a2, 1492(ra)
core   0: 3 0x80002344 (0x5cc0aa23) mem 0x80006760 0xfffe95f9
core   0: 0x80002348 (0xffff5537) lui     a0, 0xffff5
core   0: 3 0x80002348 (0xffff5537) x10 0xffff5000
core   0: 0x8000234c (0xafd50513) addi    a0, a0, -1283
core   0: 3 0x8000234c (0xafd50513) x10 0xffff4afd
core   0: 0x80002350 (0x0000b5b7) lui     a1, 0xb
core   0: 3 0x80002350 (0x0000b5b7) x11 0x0000b000
core   0: 0x80002354 (0x50458593) addi    a1, a1, 1284
core   0: 3 0x80002354 (0x50458593) x11 0x0000b504
core   0: 0x80002358 (0x00b50633) add     a2, a0, a1
core   0: 3 0x80002358 (0x00b50633) x12 0x00000001
core   0: 0x8000235c (0x5cc0ac23) sw      a2, 1496(ra)
core   0: 3 0x8000235c (0x5cc0ac23) mem 0x80006764 0x00000001
core   0: 0x80002360 (0xffff5537) lui     a0, 0xffff5
core   0: 3 0x80002360 (0xffff5537) x10 0xffff5000
core   0: 0x80002364 (0xafd50513) addi    a0, a0, -1283
core   0: 3 0x80002364 (0xafd50513) x10 0xffff4afd
core   0: 0x80002368 (0x00200593) li      a1, 2
core   0: 3 0x80002368 (0x00200593) x11 0x00000002
core   0: 0x8000236c (0x00b50633) add     a2, a0, a1
core   0: 3 0x8000236c (0x00b50633) x12 0xffff4aff
core   0: 0x80002370 (0x5cc0ae23) sw      a2, 1500(ra)
core   0: 3 0x80002370 (0x5cc0ae23) mem 0x80006768 0xffff4aff
core   0: 0x80002374 (0xffff5537) lui     a0, 0xffff5
core   0: 3 0x80002374 (0xffff5537) x10 0xffff5000
core   0: 0x80002378 (0xafd50513) addi    a0, a0, -1283
core   0: 3 0x80002378 (0xafd50513) x10 0xffff4afd
core   0: 0x8000237c (0x555555b7) lui     a1, 0x55555
core   0: 3 0x8000237c (0x555555b7) x11 0x55555000
core   0: 0x80002380 (0x55458593) addi    a1, a1, 1364
core   0: 3 0x80002380 (0x55458593) x11 0x55555554
core   0: 0x80002384 (0x00b50633) add     a2, a0, a1
core   0: 3 0x80002384 (0x00b50633) x12 0x5554a051
core   0: 0x80002388 (0x5ec0a023) sw      a2, 1504(ra)
core   0: 3 0x80002388 (0x5ec0a023) mem 0x8000676c 0x5554a051
core   0: 0x8000238c (0xffff5537) lui     a0, 0xffff5
core   0: 3 0x8000238c (0xffff5537) x10 0xffff5000
core   0: 0x80002390 (0xafd50513) addi    a0, a0, -1283
core   0: 3 0x80002390 (0xafd50513) x10 0xffff4afd
core   0: 0x80002394 (0x00000593) li      a1, 0
core   0: 3 0x80002394 (0x00000593) x11 0x00000000
core   0: 0x80002398 (0x00b50633) add     a2, a0, a1
core   0: 3 0x80002398 (0x00b50633) x12 0xffff4afd
core   0: 0x8000239c (0x5ec0a223) sw      a2, 1508(ra)
core   0: 3 0x8000239c (0x5ec0a223) mem 0x80006770 0xffff4afd
core   0: 0x800023a0 (0xffff5537) lui     a0, 0xffff5
core   0: 3 0x800023a0 (0xffff5537) x10 0xffff5000
core   0: 0x800023a4 (0xafd50513) addi    a0, a0, -1283
core   0: 3 0x800023a4 (0xafd50513) x10 0xffff4afd
core   0: 0x800023a8 (0x00400593) li      a1, 4
core   0: 3 0x800023a8 (0x00400593) x11 0x00000004
core   0: 0x800023ac (0x00b50633) add     a2, a0, a1
core   0: 3 0x800023ac (0x00b50633) x12 0xffff4b01
core   0: 0x800023b0 (0x5ec0a423) sw      a2, 1512(ra)
core   0: 3 0x800023b0 (0x5ec0a423) mem 0x80006774 0xffff4b01
core   0: 0x800023b4 (0xffff5537) lui     a0, 0xffff5
core   0: 3 0x800023b4 (0xffff5537) x10 0xffff5000
core   0: 0x800023b8 (0xafd50513) addi    a0, a0, -1283
core   0: 3 0x800023b8 (0xafd50513) x10 0xffff4afd
core   0: 0x800023bc (0x333335b7) lui     a1, 0x33333
core   0: 3 0x800023bc (0x333335b7) x11 0x33333000
core   0: 0x800023c0 (0x33258593) addi    a1, a1, 818
core   0: 3 0x800023c0 (0x33258593) x11 0x33333332
core   0: 0x800023c4 (0x00b50633) add     a2, a0, a1
core   0: 3 0x800023c4 (0x00b50633) x12 0x33327e2f
core   0: 0x800023c8 (0x5ec0a623) sw      a2, 1516(ra)
core   0: 3 0x800023c8 (0x5ec0a623) mem 0x80006778 0x33327e2f
core   0: 0x800023cc (0xffff5537) lui     a0, 0xffff5
core   0: 3 0x800023cc (0xffff5537) x10 0xffff5000
core   0: 0x800023d0 (0xafd50513) addi    a0, a0, -1283
core   0: 3 0x800023d0 (0xafd50513) x10 0xffff4afd
core   0: 0x800023d4 (0x666665b7) lui     a1, 0x66666
core   0: 3 0x800023d4 (0x666665b7) x11 0x66666000
core   0: 0x800023d8 (0x66558593) addi    a1, a1, 1637
core   0: 3 0x800023d8 (0x66558593) x11 0x66666665
core   0: 0x800023dc (0x00b50633) add     a2, a0, a1
core   0: 3 0x800023dc (0x00b50633) x12 0x6665b162
core   0: 0x800023e0 (0x5ec0a823) sw      a2, 1520(ra)
core   0: 3 0x800023e0 (0x5ec0a823) mem 0x8000677c 0x6665b162
core   0: 0x800023e4 (0xffff5537) lui     a0, 0xffff5
core   0: 3 0x800023e4 (0xffff5537) x10 0xffff5000
core   0: 0x800023e8 (0xafd50513) addi    a0, a0, -1283
core   0: 3 0x800023e8 (0xafd50513) x10 0xffff4afd
core   0: 0x800023ec (0x0000b5b7) lui     a1, 0xb
core   0: 3 0x800023ec (0x0000b5b7) x11 0x0000b000
core   0: 0x800023f0 (0x50358593) addi    a1, a1, 1283
core   0: 3 0x800023f0 (0x50358593) x11 0x0000b503
core   0: 0x800023f4 (0x00b50633) add     a2, a0, a1
core   0: 3 0x800023f4 (0x00b50633) x12 0x00000000
core   0: 0x800023f8 (0x5ec0aa23) sw      a2, 1524(ra)
core   0: 3 0x800023f8 (0x5ec0aa23) mem 0x80006780 0x00000000
core   0: 0x800023fc (0xffff5537) lui     a0, 0xffff5
core   0: 3 0x800023fc (0xffff5537) x10 0xffff5000
core   0: 0x80002400 (0xafd50513) addi    a0, a0, -1283
core   0: 3 0x80002400 (0xafd50513) x10 0xffff4afd
core   0: 0x80002404 (0x555555b7) lui     a1, 0x55555
core   0: 3 0x80002404 (0x555555b7) x11 0x55555000
core   0: 0x80002408 (0x55658593) addi    a1, a1, 1366
core   0: 3 0x80002408 (0x55658593) x11 0x55555556
core   0: 0x8000240c (0x00b50633) add     a2, a0, a1
core   0: 3 0x8000240c (0x00b50633) x12 0x5554a053
core   0: 0x80002410 (0x5ec0ac23) sw      a2, 1528(ra)
core   0: 3 0x80002410 (0x5ec0ac23) mem 0x80006784 0x5554a053
core   0: 0x80002414 (0xffff5537) lui     a0, 0xffff5
core   0: 3 0x80002414 (0xffff5537) x10 0xffff5000
core   0: 0x80002418 (0xafd50513) addi    a0, a0, -1283
core   0: 3 0x80002418 (0xafd50513) x10 0xffff4afd
core   0: 0x8000241c (0xaaaab5b7) lui     a1, 0xaaaab
core   0: 3 0x8000241c (0xaaaab5b7) x11 0xaaaab000
core   0: 0x80002420 (0xaab58593) addi    a1, a1, -1365
core   0: 3 0x80002420 (0xaab58593) x11 0xaaaaaaab
core   0: 0x80002424 (0x00b50633) add     a2, a0, a1
core   0: 3 0x80002424 (0x00b50633) x12 0xaaa9f5a8
core   0: 0x80002428 (0x5ec0ae23) sw      a2, 1532(ra)
core   0: 3 0x80002428 (0x5ec0ae23) mem 0x80006788 0xaaa9f5a8
core   0: 0x8000242c (0xffff5537) lui     a0, 0xffff5
core   0: 3 0x8000242c (0xffff5537) x10 0xffff5000
core   0: 0x80002430 (0xafd50513) addi    a0, a0, -1283
core   0: 3 0x80002430 (0xafd50513) x10 0xffff4afd
core   0: 0x80002434 (0x00600593) li      a1, 6
core   0: 3 0x80002434 (0x00600593) x11 0x00000006
core   0: 0x80002438 (0x00b50633) add     a2, a0, a1
core   0: 3 0x80002438 (0x00b50633) x12 0xffff4b03
core   0: 0x8000243c (0x60c0a023) sw      a2, 1536(ra)
core   0: 3 0x8000243c (0x60c0a023) mem 0x8000678c 0xffff4b03
core   0: 0x80002440 (0xffff5537) lui     a0, 0xffff5
core   0: 3 0x80002440 (0xffff5537) x10 0xffff5000
core   0: 0x80002444 (0xafd50513) addi    a0, a0, -1283
core   0: 3 0x80002444 (0xafd50513) x10 0xffff4afd
core   0: 0x80002448 (0x333335b7) lui     a1, 0x33333
core   0: 3 0x80002448 (0x333335b7) x11 0x33333000
core   0: 0x8000244c (0x33458593) addi    a1, a1, 820
core   0: 3 0x8000244c (0x33458593) x11 0x33333334
core   0: 0x80002450 (0x00b50633) add     a2, a0, a1
core   0: 3 0x80002450 (0x00b50633) x12 0x33327e31
core   0: 0x80002454 (0x60c0a223) sw      a2, 1540(ra)
core   0: 3 0x80002454 (0x60c0a223) mem 0x80006790 0x33327e31
core   0: 0x80002458 (0xffff5537) lui     a0, 0xffff5
core   0: 3 0x80002458 (0xffff5537) x10 0xffff5000
core   0: 0x8000245c (0xafd50513) addi    a0, a0, -1283
core   0: 3 0x8000245c (0xafd50513) x10 0xffff4afd
core   0: 0x80002460 (0x666665b7) lui     a1, 0x66666
core   0: 3 0x80002460 (0x666665b7) x11 0x66666000
core   0: 0x80002464 (0x66758593) addi    a1, a1, 1639
core   0: 3 0x80002464 (0x66758593) x11 0x66666667
core   0: 0x80002468 (0x00b50633) add     a2, a0, a1
core   0: 3 0x80002468 (0x00b50633) x12 0x6665b164
core   0: 0x8000246c (0x60c0a423) sw      a2, 1544(ra)
core   0: 3 0x8000246c (0x60c0a423) mem 0x80006794 0x6665b164
core   0: 0x80002470 (0xffff5537) lui     a0, 0xffff5
core   0: 3 0x80002470 (0xffff5537) x10 0xffff5000
core   0: 0x80002474 (0xafd50513) addi    a0, a0, -1283
core   0: 3 0x80002474 (0xafd50513) x10 0xffff4afd
core   0: 0x80002478 (0xffff55b7) lui     a1, 0xffff5
core   0: 3 0x80002478 (0xffff55b7) x11 0xffff5000
core   0: 0x8000247c (0xafd58593) addi    a1, a1, -1283
core   0: 3 0x8000247c (0xafd58593) x11 0xffff4afd
core   0: 0x80002480 (0x00b50633) add     a2, a0, a1
core   0: 3 0x80002480 (0x00b50633) x12 0xfffe95fa
core   0: 0x80002484 (0x60c0a623) sw      a2, 1548(ra)
core   0: 3 0x80002484 (0x60c0a623) mem 0x80006798 0xfffe95fa
core   0: 0x80002488 (0xffff5537) lui     a0, 0xffff5
core   0: 3 0x80002488 (0xffff5537) x10 0xffff5000
core   0: 0x8000248c (0xafd50513) addi    a0, a0, -1283
core   0: 3 0x8000248c (0xafd50513) x10 0xffff4afd
core   0: 0x80002490 (0x0000b5b7) lui     a1, 0xb
core   0: 3 0x80002490 (0x0000b5b7) x11 0x0000b000
core   0: 0x80002494 (0x50558593) addi    a1, a1, 1285
core   0: 3 0x80002494 (0x50558593) x11 0x0000b505
core   0: 0x80002498 (0x00b50633) add     a2, a0, a1
core   0: 3 0x80002498 (0x00b50633) x12 0x00000002
core   0: 0x8000249c (0x60c0a823) sw      a2, 1552(ra)
core   0: 3 0x8000249c (0x60c0a823) mem 0x8000679c 0x00000002
core   0: 0x800024a0 (0x0000b537) lui     a0, 0xb
core   0: 3 0x800024a0 (0x0000b537) x10 0x0000b000
core   0: 0x800024a4 (0x50550513) addi    a0, a0, 1285
core   0: 3 0x800024a4 (0x50550513) x10 0x0000b505
core   0: 0x800024a8 (0x00300593) li      a1, 3
core   0: 3 0x800024a8 (0x00300593) x11 0x00000003
core   0: 0x800024ac (0x00b50633) add     a2, a0, a1
core   0: 3 0x800024ac (0x00b50633) x12 0x0000b508
core   0: 0x800024b0 (0x60c0aa23) sw      a2, 1556(ra)
core   0: 3 0x800024b0 (0x60c0aa23) mem 0x800067a0 0x0000b508
core   0: 0x800024b4 (0x0000b537) lui     a0, 0xb
core   0: 3 0x800024b4 (0x0000b537) x10 0x0000b000
core   0: 0x800024b8 (0x50550513) addi    a0, a0, 1285
core   0: 3 0x800024b8 (0x50550513) x10 0x0000b505
core   0: 0x800024bc (0x555555b7) lui     a1, 0x55555
core   0: 3 0x800024bc (0x555555b7) x11 0x55555000
core   0: 0x800024c0 (0x55558593) addi    a1, a1, 1365
core   0: 3 0x800024c0 (0x55558593) x11 0x55555555
core   0: 0x800024c4 (0x00b50633) add     a2, a0, a1
core   0: 3 0x800024c4 (0x00b50633) x12 0x55560a5a
core   0: 0x800024c8 (0x60c0ac23) sw      a2, 1560(ra)
core   0: 3 0x800024c8 (0x60c0ac23) mem 0x800067a4 0x55560a5a
core   0: 0x800024cc (0x0000b537) lui     a0, 0xb
core   0: 3 0x800024cc (0x0000b537) x10 0x0000b000
core   0: 0x800024d0 (0x50550513) addi    a0, a0, 1285
core   0: 3 0x800024d0 (0x50550513) x10 0x0000b505
core   0: 0x800024d4 (0xaaaab5b7) lui     a1, 0xaaaab
core   0: 3 0x800024d4 (0xaaaab5b7) x11 0xaaaab000
core   0: 0x800024d8 (0xaaa58593) addi    a1, a1, -1366
core   0: 3 0x800024d8 (0xaaa58593) x11 0xaaaaaaaa
core   0: 0x800024dc (0x00b50633) add     a2, a0, a1
core   0: 3 0x800024dc (0x00b50633) x12 0xaaab5faf
core   0: 0x800024e0 (0x60c0ae23) sw      a2, 1564(ra)
core   0: 3 0x800024e0 (0x60c0ae23) mem 0x800067a8 0xaaab5faf
core   0: 0x800024e4 (0x0000b537) lui     a0, 0xb
core   0: 3 0x800024e4 (0x0000b537) x10 0x0000b000
core   0: 0x800024e8 (0x50550513) addi    a0, a0, 1285
core   0: 3 0x800024e8 (0x50550513) x10 0x0000b505
core   0: 0x800024ec (0x00500593) li      a1, 5
core   0: 3 0x800024ec (0x00500593) x11 0x00000005
core   0: 0x800024f0 (0x00b50633) add     a2, a0, a1
core   0: 3 0x800024f0 (0x00b50633) x12 0x0000b50a
core   0: 0x800024f4 (0x62c0a023) sw      a2, 1568(ra)
core   0: 3 0x800024f4 (0x62c0a023) mem 0x800067ac 0x0000b50a
core   0: 0x800024f8 (0x0000b537) lui     a0, 0xb
core   0: 3 0x800024f8 (0x0000b537) x10 0x0000b000
core   0: 0x800024fc (0x50550513) addi    a0, a0, 1285
core   0: 3 0x800024fc (0x50550513) x10 0x0000b505
core   0: 0x80002500 (0x333335b7) lui     a1, 0x33333
core   0: 3 0x80002500 (0x333335b7) x11 0x33333000
core   0: 0x80002504 (0x33358593) addi    a1, a1, 819
core   0: 3 0x80002504 (0x33358593) x11 0x33333333
core   0: 0x80002508 (0x00b50633) add     a2, a0, a1
core   0: 3 0x80002508 (0x00b50633) x12 0x3333e838
core   0: 0x8000250c (0x62c0a223) sw      a2, 1572(ra)
core   0: 3 0x8000250c (0x62c0a223) mem 0x800067b0 0x3333e838
core   0: 0x80002510 (0x0000b537) lui     a0, 0xb
core   0: 3 0x80002510 (0x0000b537) x10 0x0000b000
core   0: 0x80002514 (0x50550513) addi    a0, a0, 1285
core   0: 3 0x80002514 (0x50550513) x10 0x0000b505
core   0: 0x80002518 (0x666665b7) lui     a1, 0x66666
core   0: 3 0x80002518 (0x666665b7) x11 0x66666000
core   0: 0x8000251c (0x66658593) addi    a1, a1, 1638
core   0: 3 0x8000251c (0x66658593) x11 0x66666666
core   0: 0x80002520 (0x00b50633) add     a2, a0, a1
core   0: 3 0x80002520 (0x00b50633) x12 0x66671b6b
core   0: 0x80002524 (0x62c0a423) sw      a2, 1576(ra)
core   0: 3 0x80002524 (0x62c0a423) mem 0x800067b4 0x66671b6b
core   0: 0x80002528 (0x0000b537) lui     a0, 0xb
core   0: 3 0x80002528 (0x0000b537) x10 0x0000b000
core   0: 0x8000252c (0x50550513) addi    a0, a0, 1285
core   0: 3 0x8000252c (0x50550513) x10 0x0000b505
core   0: 0x80002530 (0xffff55b7) lui     a1, 0xffff5
core   0: 3 0x80002530 (0xffff55b7) x11 0xffff5000
core   0: 0x80002534 (0xafc58593) addi    a1, a1, -1284
core   0: 3 0x80002534 (0xafc58593) x11 0xffff4afc
core   0: 0x80002538 (0x00b50633) add     a2, a0, a1
core   0: 3 0x80002538 (0x00b50633) x12 0x00000001
core   0: 0x8000253c (0x62c0a623) sw      a2, 1580(ra)
core   0: 3 0x8000253c (0x62c0a623) mem 0x800067b8 0x00000001
core   0: 0x80002540 (0x0000b537) lui     a0, 0xb
core   0: 3 0x80002540 (0x0000b537) x10 0x0000b000
core   0: 0x80002544 (0x50550513) addi    a0, a0, 1285
core   0: 3 0x80002544 (0x50550513) x10 0x0000b505
core   0: 0x80002548 (0x0000b5b7) lui     a1, 0xb
core   0: 3 0x80002548 (0x0000b5b7) x11 0x0000b000
core   0: 0x8000254c (0x50458593) addi    a1, a1, 1284
core   0: 3 0x8000254c (0x50458593) x11 0x0000b504
core   0: 0x80002550 (0x00b50633) add     a2, a0, a1
core   0: 3 0x80002550 (0x00b50633) x12 0x00016a09
core   0: 0x80002554 (0x62c0a823) sw      a2, 1584(ra)
core   0: 3 0x80002554 (0x62c0a823) mem 0x800067bc 0x00016a09
core   0: 0x80002558 (0x0000b537) lui     a0, 0xb
core   0: 3 0x80002558 (0x0000b537) x10 0x0000b000
core   0: 0x8000255c (0x50550513) addi    a0, a0, 1285
core   0: 3 0x8000255c (0x50550513) x10 0x0000b505
core   0: 0x80002560 (0x00200593) li      a1, 2
core   0: 3 0x80002560 (0x00200593) x11 0x00000002
core   0: 0x80002564 (0x00b50633) add     a2, a0, a1
core   0: 3 0x80002564 (0x00b50633) x12 0x0000b507
core   0: 0x80002568 (0x62c0aa23) sw      a2, 1588(ra)
core   0: 3 0x80002568 (0x62c0aa23) mem 0x800067c0 0x0000b507
core   0: 0x8000256c (0x0000b537) lui     a0, 0xb
core   0: 3 0x8000256c (0x0000b537) x10 0x0000b000
core   0: 0x80002570 (0x50550513) addi    a0, a0, 1285
core   0: 3 0x80002570 (0x50550513) x10 0x0000b505
core   0: 0x80002574 (0x555555b7) lui     a1, 0x55555
core   0: 3 0x80002574 (0x555555b7) x11 0x55555000
core   0: 0x80002578 (0x55458593) addi    a1, a1, 1364
core   0: 3 0x80002578 (0x55458593) x11 0x55555554
core   0: 0x8000257c (0x00b50633) add     a2, a0, a1
core   0: 3 0x8000257c (0x00b50633) x12 0x55560a59
core   0: 0x80002580 (0x62c0ac23) sw      a2, 1592(ra)
core   0: 3 0x80002580 (0x62c0ac23) mem 0x800067c4 0x55560a59
core   0: 0x80002584 (0x0000b537) lui     a0, 0xb
core   0: 3 0x80002584 (0x0000b537) x10 0x0000b000
core   0: 0x80002588 (0x50550513) addi    a0, a0, 1285
core   0: 3 0x80002588 (0x50550513) x10 0x0000b505
core   0: 0x8000258c (0x00000593) li      a1, 0
core   0: 3 0x8000258c (0x00000593) x11 0x00000000
core   0: 0x80002590 (0x00b50633) add     a2, a0, a1
core   0: 3 0x80002590 (0x00b50633) x12 0x0000b505
core   0: 0x80002594 (0x62c0ae23) sw      a2, 1596(ra)
core   0: 3 0x80002594 (0x62c0ae23) mem 0x800067c8 0x0000b505
core   0: 0x80002598 (0x0000b537) lui     a0, 0xb
core   0: 3 0x80002598 (0x0000b537) x10 0x0000b000
core   0: 0x8000259c (0x50550513) addi    a0, a0, 1285
core   0: 3 0x8000259c (0x50550513) x10 0x0000b505
core   0: 0x800025a0 (0x00400593) li      a1, 4
core   0: 3 0x800025a0 (0x00400593) x11 0x00000004
core   0: 0x800025a4 (0x00b50633) add     a2, a0, a1
core   0: 3 0x800025a4 (0x00b50633) x12 0x0000b509
core   0: 0x800025a8 (0x64c0a023) sw      a2, 1600(ra)
core   0: 3 0x800025a8 (0x64c0a023) mem 0x800067cc 0x0000b509
core   0: 0x800025ac (0x0000b537) lui     a0, 0xb
core   0: 3 0x800025ac (0x0000b537) x10 0x0000b000
core   0: 0x800025b0 (0x50550513) addi    a0, a0, 1285
core   0: 3 0x800025b0 (0x50550513) x10 0x0000b505
core   0: 0x800025b4 (0x333335b7) lui     a1, 0x33333
core   0: 3 0x800025b4 (0x333335b7) x11 0x33333000
core   0: 0x800025b8 (0x33258593) addi    a1, a1, 818
core   0: 3 0x800025b8 (0x33258593) x11 0x33333332
core   0: 0x800025bc (0x00b50633) add     a2, a0, a1
core   0: 3 0x800025bc (0x00b50633) x12 0x3333e837
core   0: 0x800025c0 (0x64c0a223) sw      a2, 1604(ra)
core   0: 3 0x800025c0 (0x64c0a223) mem 0x800067d0 0x3333e837
core   0: 0x800025c4 (0x0000b537) lui     a0, 0xb
core   0: 3 0x800025c4 (0x0000b537) x10 0x0000b000
core   0: 0x800025c8 (0x50550513) addi    a0, a0, 1285
core   0: 3 0x800025c8 (0x50550513) x10 0x0000b505
core   0: 0x800025cc (0x666665b7) lui     a1, 0x66666
core   0: 3 0x800025cc (0x666665b7) x11 0x66666000
core   0: 0x800025d0 (0x66558593) addi    a1, a1, 1637
core   0: 3 0x800025d0 (0x66558593) x11 0x66666665
core   0: 0x800025d4 (0x00b50633) add     a2, a0, a1
core   0: 3 0x800025d4 (0x00b50633) x12 0x66671b6a
core   0: 0x800025d8 (0x64c0a423) sw      a2, 1608(ra)
core   0: 3 0x800025d8 (0x64c0a423) mem 0x800067d4 0x66671b6a
core   0: 0x800025dc (0x0000b537) lui     a0, 0xb
core   0: 3 0x800025dc (0x0000b537) x10 0x0000b000
core   0: 0x800025e0 (0x50550513) addi    a0, a0, 1285
core   0: 3 0x800025e0 (0x50550513) x10 0x0000b505
core   0: 0x800025e4 (0x0000b5b7) lui     a1, 0xb
core   0: 3 0x800025e4 (0x0000b5b7) x11 0x0000b000
core   0: 0x800025e8 (0x50358593) addi    a1, a1, 1283
core   0: 3 0x800025e8 (0x50358593) x11 0x0000b503
core   0: 0x800025ec (0x00b50633) add     a2, a0, a1
core   0: 3 0x800025ec (0x00b50633) x12 0x00016a08
core   0: 0x800025f0 (0x64c0a623) sw      a2, 1612(ra)
core   0: 3 0x800025f0 (0x64c0a623) mem 0x800067d8 0x00016a08
core   0: 0x800025f4 (0x0000b537) lui     a0, 0xb
core   0: 3 0x800025f4 (0x0000b537) x10 0x0000b000
core   0: 0x800025f8 (0x50550513) addi    a0, a0, 1285
core   0: 3 0x800025f8 (0x50550513) x10 0x0000b505
core   0: 0x800025fc (0x555555b7) lui     a1, 0x55555
core   0: 3 0x800025fc (0x555555b7) x11 0x55555000
core   0: 0x80002600 (0x55658593) addi    a1, a1, 1366
core   0: 3 0x80002600 (0x55658593) x11 0x55555556
core   0: 0x80002604 (0x00b50633) add     a2, a0, a1
core   0: 3 0x80002604 (0x00b50633) x12 0x55560a5b
core   0: 0x80002608 (0x64c0a823) sw      a2, 1616(ra)
core   0: 3 0x80002608 (0x64c0a823) mem 0x800067dc 0x55560a5b
core   0: 0x8000260c (0x0000b537) lui     a0, 0xb
core   0: 3 0x8000260c (0x0000b537) x10 0x0000b000
core   0: 0x80002610 (0x50550513) addi    a0, a0, 1285
core   0: 3 0x80002610 (0x50550513) x10 0x0000b505
core   0: 0x80002614 (0xaaaab5b7) lui     a1, 0xaaaab
core   0: 3 0x80002614 (0xaaaab5b7) x11 0xaaaab000
core   0: 0x80002618 (0xaab58593) addi    a1, a1, -1365
core   0: 3 0x80002618 (0xaab58593) x11 0xaaaaaaab
core   0: 0x8000261c (0x00b50633) add     a2, a0, a1
core   0: 3 0x8000261c (0x00b50633) x12 0xaaab5fb0
core   0: 0x80002620 (0x64c0aa23) sw      a2, 1620(ra)
core   0: 3 0x80002620 (0x64c0aa23) mem 0x800067e0 0xaaab5fb0
core   0: 0x80002624 (0x0000b537) lui     a0, 0xb
core   0: 3 0x80002624 (0x0000b537) x10 0x0000b000
core   0: 0x80002628 (0x50550513) addi    a0, a0, 1285
core   0: 3 0x80002628 (0x50550513) x10 0x0000b505
core   0: 0x8000262c (0x00600593) li      a1, 6
core   0: 3 0x8000262c (0x00600593) x11 0x00000006
core   0: 0x80002630 (0x00b50633) add     a2, a0, a1
core   0: 3 0x80002630 (0x00b50633) x12 0x0000b50b
core   0: 0x80002634 (0x64c0ac23) sw      a2, 1624(ra)
core   0: 3 0x80002634 (0x64c0ac23) mem 0x800067e4 0x0000b50b
core   0: 0x80002638 (0x0000b537) lui     a0, 0xb
core   0: 3 0x80002638 (0x0000b537) x10 0x0000b000
core   0: 0x8000263c (0x50550513) addi    a0, a0, 1285
core   0: 3 0x8000263c (0x50550513) x10 0x0000b505
core   0: 0x80002640 (0x333335b7) lui     a1, 0x33333
core   0: 3 0x80002640 (0x333335b7) x11 0x33333000
core   0: 0x80002644 (0x33458593) addi    a1, a1, 820
core   0: 3 0x80002644 (0x33458593) x11 0x33333334
core   0: 0x80002648 (0x00b50633) add     a2, a0, a1
core   0: 3 0x80002648 (0x00b50633) x12 0x3333e839
core   0: 0x8000264c (0x64c0ae23) sw      a2, 1628(ra)
core   0: 3 0x8000264c (0x64c0ae23) mem 0x800067e8 0x3333e839
core   0: 0x80002650 (0x0000b537) lui     a0, 0xb
core   0: 3 0x80002650 (0x0000b537) x10 0x0000b000
core   0: 0x80002654 (0x50550513) addi    a0, a0, 1285
core   0: 3 0x80002654 (0x50550513) x10 0x0000b505
core   0: 0x80002658 (0x666665b7) lui     a1, 0x66666
core   0: 3 0x80002658 (0x666665b7) x11 0x66666000
core   0: 0x8000265c (0x66758593) addi    a1, a1, 1639
core   0: 3 0x8000265c (0x66758593) x11 0x66666667
core   0: 0x80002660 (0x00b50633) add     a2, a0, a1
core   0: 3 0x80002660 (0x00b50633) x12 0x66671b6c
core   0: 0x80002664 (0x66c0a023) sw      a2, 1632(ra)
core   0: 3 0x80002664 (0x66c0a023) mem 0x800067ec 0x66671b6c
core   0: 0x80002668 (0x0000b537) lui     a0, 0xb
core   0: 3 0x80002668 (0x0000b537) x10 0x0000b000
core   0: 0x8000266c (0x50550513) addi    a0, a0, 1285
core   0: 3 0x8000266c (0x50550513) x10 0x0000b505
core   0: 0x80002670 (0xffff55b7) lui     a1, 0xffff5
core   0: 3 0x80002670 (0xffff55b7) x11 0xffff5000
core   0: 0x80002674 (0xafd58593) addi    a1, a1, -1283
core   0: 3 0x80002674 (0xafd58593) x11 0xffff4afd
core   0: 0x80002678 (0x00b50633) add     a2, a0, a1
core   0: 3 0x80002678 (0x00b50633) x12 0x00000002
core   0: 0x8000267c (0x66c0a223) sw      a2, 1636(ra)
core   0: 3 0x8000267c (0x66c0a223) mem 0x800067f0 0x00000002
core   0: 0x80002680 (0x0000b537) lui     a0, 0xb
core   0: 3 0x80002680 (0x0000b537) x10 0x0000b000
core   0: 0x80002684 (0x50550513) addi    a0, a0, 1285
core   0: 3 0x80002684 (0x50550513) x10 0x0000b505
core   0: 0x80002688 (0x0000b5b7) lui     a1, 0xb
core   0: 3 0x80002688 (0x0000b5b7) x11 0x0000b000
core   0: 0x8000268c (0x50558593) addi    a1, a1, 1285
core   0: 3 0x8000268c (0x50558593) x11 0x0000b505
core   0: 0x80002690 (0x00b50633) add     a2, a0, a1
core   0: 3 0x80002690 (0x00b50633) x12 0x00016a0a
core   0: 0x80002694 (0x66c0a423) sw      a2, 1640(ra)
core   0: 3 0x80002694 (0x66c0a423) mem 0x800067f4 0x00016a0a
core   0: 0x80002698 (0x00000513) li      a0, 0
core   0: 3 0x80002698 (0x00000513) x10 0x00000000
core   0: 0x8000269c (0x00200593) li      a1, 2
core   0: 3 0x8000269c (0x00200593) x11 0x00000002
core   0: 0x800026a0 (0x00b50633) add     a2, a0, a1
core   0: 3 0x800026a0 (0x00b50633) x12 0x00000002
core   0: 0x800026a4 (0x66c0a623) sw      a2, 1644(ra)
core   0: 3 0x800026a4 (0x66c0a623) mem 0x800067f8 0x00000002
core   0: 0x800026a8 (0x00000513) li      a0, 0
core   0: 3 0x800026a8 (0x00000513) x10 0x00000000
core   0: 0x800026ac (0x555555b7) lui     a1, 0x55555
core   0: 3 0x800026ac (0x555555b7) x11 0x55555000
core   0: 0x800026b0 (0x55458593) addi    a1, a1, 1364
core   0: 3 0x800026b0 (0x55458593) x11 0x55555554
core   0: 0x800026b4 (0x00b50633) add     a2, a0, a1
core   0: 3 0x800026b4 (0x00b50633) x12 0x55555554
core   0: 0x800026b8 (0x66c0a823) sw      a2, 1648(ra)
core   0: 3 0x800026b8 (0x66c0a823) mem 0x800067fc 0x55555554
core   0: 0x800026bc (0x00000513) li      a0, 0
core   0: 3 0x800026bc (0x00000513) x10 0x00000000
core   0: 0x800026c0 (0x00000593) li      a1, 0
core   0: 3 0x800026c0 (0x00000593) x11 0x00000000
core   0: 0x800026c4 (0x00b50633) add     a2, a0, a1
core   0: 3 0x800026c4 (0x00b50633) x12 0x00000000
core   0: 0x800026c8 (0x66c0aa23) sw      a2, 1652(ra)
core   0: 3 0x800026c8 (0x66c0aa23) mem 0x80006800 0x00000000
core   0: 0x800026cc (0x00000513) li      a0, 0
core   0: 3 0x800026cc (0x00000513) x10 0x00000000
core   0: 0x800026d0 (0x00400593) li      a1, 4
core   0: 3 0x800026d0 (0x00400593) x11 0x00000004
core   0: 0x800026d4 (0x00b50633) add     a2, a0, a1
core   0: 3 0x800026d4 (0x00b50633) x12 0x00000004
core   0: 0x800026d8 (0x66c0ac23) sw      a2, 1656(ra)
core   0: 3 0x800026d8 (0x66c0ac23) mem 0x80006804 0x00000004
core   0: 0x800026dc (0x00000513) li      a0, 0
core   0: 3 0x800026dc (0x00000513) x10 0x00000000
core   0: 0x800026e0 (0x333335b7) lui     a1, 0x33333
core   0: 3 0x800026e0 (0x333335b7) x11 0x33333000
core   0: 0x800026e4 (0x33258593) addi    a1, a1, 818
core   0: 3 0x800026e4 (0x33258593) x11 0x33333332
core   0: 0x800026e8 (0x00b50633) add     a2, a0, a1
core   0: 3 0x800026e8 (0x00b50633) x12 0x33333332
core   0: 0x800026ec (0x66c0ae23) sw      a2, 1660(ra)
core   0: 3 0x800026ec (0x66c0ae23) mem 0x80006808 0x33333332
core   0: 0x800026f0 (0x00000513) li      a0, 0
core   0: 3 0x800026f0 (0x00000513) x10 0x00000000
core   0: 0x800026f4 (0x666665b7) lui     a1, 0x66666
core   0: 3 0x800026f4 (0x666665b7) x11 0x66666000
core   0: 0x800026f8 (0x66558593) addi    a1, a1, 1637
core   0: 3 0x800026f8 (0x66558593) x11 0x66666665
core   0: 0x800026fc (0x00b50633) add     a2, a0, a1
core   0: 3 0x800026fc (0x00b50633) x12 0x66666665
core   0: 0x80002700 (0x68c0a023) sw      a2, 1664(ra)
core   0: 3 0x80002700 (0x68c0a023) mem 0x8000680c 0x66666665
core   0: 0x80002704 (0x00000513) li      a0, 0
core   0: 3 0x80002704 (0x00000513) x10 0x00000000
core   0: 0x80002708 (0x0000b5b7) lui     a1, 0xb
core   0: 3 0x80002708 (0x0000b5b7) x11 0x0000b000
core   0: 0x8000270c (0x50358593) addi    a1, a1, 1283
core   0: 3 0x8000270c (0x50358593) x11 0x0000b503
core   0: 0x80002710 (0x00b50633) add     a2, a0, a1
core   0: 3 0x80002710 (0x00b50633) x12 0x0000b503
core   0: 0x80002714 (0x68c0a223) sw      a2, 1668(ra)
core   0: 3 0x80002714 (0x68c0a223) mem 0x80006810 0x0000b503
core   0: 0x80002718 (0x00000513) li      a0, 0
core   0: 3 0x80002718 (0x00000513) x10 0x00000000
core   0: 0x8000271c (0x555555b7) lui     a1, 0x55555
core   0: 3 0x8000271c (0x555555b7) x11 0x55555000
core   0: 0x80002720 (0x55658593) addi    a1, a1, 1366
core   0: 3 0x80002720 (0x55658593) x11 0x55555556
core   0: 0x80002724 (0x00b50633) add     a2, a0, a1
core   0: 3 0x80002724 (0x00b50633) x12 0x55555556
core   0: 0x80002728 (0x68c0a423) sw      a2, 1672(ra)
core   0: 3 0x80002728 (0x68c0a423) mem 0x80006814 0x55555556
core   0: 0x8000272c (0x00000513) li      a0, 0
core   0: 3 0x8000272c (0x00000513) x10 0x00000000
core   0: 0x80002730 (0xaaaab5b7) lui     a1, 0xaaaab
core   0: 3 0x80002730 (0xaaaab5b7) x11 0xaaaab000
core   0: 0x80002734 (0xaab58593) addi    a1, a1, -1365
core   0: 3 0x80002734 (0xaab58593) x11 0xaaaaaaab
core   0: 0x80002738 (0x00b50633) add     a2, a0, a1
core   0: 3 0x80002738 (0x00b50633) x12 0xaaaaaaab
core   0: 0x8000273c (0x68c0a623) sw      a2, 1676(ra)
core   0: 3 0x8000273c (0x68c0a623) mem 0x80006818 0xaaaaaaab
core   0: 0x80002740 (0x00000513) li      a0, 0
core   0: 3 0x80002740 (0x00000513) x10 0x00000000
core   0: 0x80002744 (0x00600593) li      a1, 6
core   0: 3 0x80002744 (0x00600593) x11 0x00000006
core   0: 0x80002748 (0x00b50633) add     a2, a0, a1
core   0: 3 0x80002748 (0x00b50633) x12 0x00000006
core   0: 0x8000274c (0x68c0a823) sw      a2, 1680(ra)
core   0: 3 0x8000274c (0x68c0a823) mem 0x8000681c 0x00000006
core   0: 0x80002750 (0x00000513) li      a0, 0
core   0: 3 0x80002750 (0x00000513) x10 0x00000000
core   0: 0x80002754 (0x333335b7) lui     a1, 0x33333
core   0: 3 0x80002754 (0x333335b7) x11 0x33333000
core   0: 0x80002758 (0x33458593) addi    a1, a1, 820
core   0: 3 0x80002758 (0x33458593) x11 0x33333334
core   0: 0x8000275c (0x00b50633) add     a2, a0, a1
core   0: 3 0x8000275c (0x00b50633) x12 0x33333334
core   0: 0x80002760 (0x68c0aa23) sw      a2, 1684(ra)
core   0: 3 0x80002760 (0x68c0aa23) mem 0x80006820 0x33333334
core   0: 0x80002764 (0x00000513) li      a0, 0
core   0: 3 0x80002764 (0x00000513) x10 0x00000000
core   0: 0x80002768 (0x666665b7) lui     a1, 0x66666
core   0: 3 0x80002768 (0x666665b7) x11 0x66666000
core   0: 0x8000276c (0x66758593) addi    a1, a1, 1639
core   0: 3 0x8000276c (0x66758593) x11 0x66666667
core   0: 0x80002770 (0x00b50633) add     a2, a0, a1
core   0: 3 0x80002770 (0x00b50633) x12 0x66666667
core   0: 0x80002774 (0x68c0ac23) sw      a2, 1688(ra)
core   0: 3 0x80002774 (0x68c0ac23) mem 0x80006824 0x66666667
core   0: 0x80002778 (0x00000513) li      a0, 0
core   0: 3 0x80002778 (0x00000513) x10 0x00000000
core   0: 0x8000277c (0xffff55b7) lui     a1, 0xffff5
core   0: 3 0x8000277c (0xffff55b7) x11 0xffff5000
core   0: 0x80002780 (0xafd58593) addi    a1, a1, -1283
core   0: 3 0x80002780 (0xafd58593) x11 0xffff4afd
core   0: 0x80002784 (0x00b50633) add     a2, a0, a1
core   0: 3 0x80002784 (0x00b50633) x12 0xffff4afd
core   0: 0x80002788 (0x68c0ae23) sw      a2, 1692(ra)
core   0: 3 0x80002788 (0x68c0ae23) mem 0x80006828 0xffff4afd
core   0: 0x8000278c (0x00000513) li      a0, 0
core   0: 3 0x8000278c (0x00000513) x10 0x00000000
core   0: 0x80002790 (0x0000b5b7) lui     a1, 0xb
core   0: 3 0x80002790 (0x0000b5b7) x11 0x0000b000
core   0: 0x80002794 (0x50558593) addi    a1, a1, 1285
core   0: 3 0x80002794 (0x50558593) x11 0x0000b505
core   0: 0x80002798 (0x00b50633) add     a2, a0, a1
core   0: 3 0x80002798 (0x00b50633) x12 0x0000b505
core   0: 0x8000279c (0x6ac0a023) sw      a2, 1696(ra)
core   0: 3 0x8000279c (0x6ac0a023) mem 0x8000682c 0x0000b505
core   0: 0x800027a0 (0x00400513) li      a0, 4
core   0: 3 0x800027a0 (0x00400513) x10 0x00000004
core   0: 0x800027a4 (0x00300593) li      a1, 3
core   0: 3 0x800027a4 (0x00300593) x11 0x00000003
core   0: 0x800027a8 (0x00b50633) add     a2, a0, a1
core   0: 3 0x800027a8 (0x00b50633) x12 0x00000007
core   0: 0x800027ac (0x6ac0a223) sw      a2, 1700(ra)
core   0: 3 0x800027ac (0x6ac0a223) mem 0x80006830 0x00000007
core   0: 0x800027b0 (0x00400513) li      a0, 4
core   0: 3 0x800027b0 (0x00400513) x10 0x00000004
core   0: 0x800027b4 (0x555555b7) lui     a1, 0x55555
core   0: 3 0x800027b4 (0x555555b7) x11 0x55555000
core   0: 0x800027b8 (0x55558593) addi    a1, a1, 1365
core   0: 3 0x800027b8 (0x55558593) x11 0x55555555
core   0: 0x800027bc (0x00b50633) add     a2, a0, a1
core   0: 3 0x800027bc (0x00b50633) x12 0x55555559
core   0: 0x800027c0 (0x6ac0a423) sw      a2, 1704(ra)
core   0: 3 0x800027c0 (0x6ac0a423) mem 0x80006834 0x55555559
core   0: 0x800027c4 (0x00400513) li      a0, 4
core   0: 3 0x800027c4 (0x00400513) x10 0x00000004
core   0: 0x800027c8 (0xaaaab5b7) lui     a1, 0xaaaab
core   0: 3 0x800027c8 (0xaaaab5b7) x11 0xaaaab000
core   0: 0x800027cc (0xaaa58593) addi    a1, a1, -1366
core   0: 3 0x800027cc (0xaaa58593) x11 0xaaaaaaaa
core   0: 0x800027d0 (0x00b50633) add     a2, a0, a1
core   0: 3 0x800027d0 (0x00b50633) x12 0xaaaaaaae
core   0: 0x800027d4 (0x6ac0a623) sw      a2, 1708(ra)
core   0: 3 0x800027d4 (0x6ac0a623) mem 0x80006838 0xaaaaaaae
core   0: 0x800027d8 (0x00400513) li      a0, 4
core   0: 3 0x800027d8 (0x00400513) x10 0x00000004
core   0: 0x800027dc (0x00500593) li      a1, 5
core   0: 3 0x800027dc (0x00500593) x11 0x00000005
core   0: 0x800027e0 (0x00b50633) add     a2, a0, a1
core   0: 3 0x800027e0 (0x00b50633) x12 0x00000009
core   0: 0x800027e4 (0x6ac0a823) sw      a2, 1712(ra)
core   0: 3 0x800027e4 (0x6ac0a823) mem 0x8000683c 0x00000009
core   0: 0x800027e8 (0x00400513) li      a0, 4
core   0: 3 0x800027e8 (0x00400513) x10 0x00000004
core   0: 0x800027ec (0x333335b7) lui     a1, 0x33333
core   0: 3 0x800027ec (0x333335b7) x11 0x33333000
core   0: 0x800027f0 (0x33358593) addi    a1, a1, 819
core   0: 3 0x800027f0 (0x33358593) x11 0x33333333
core   0: 0x800027f4 (0x00b50633) add     a2, a0, a1
core   0: 3 0x800027f4 (0x00b50633) x12 0x33333337
core   0: 0x800027f8 (0x6ac0aa23) sw      a2, 1716(ra)
core   0: 3 0x800027f8 (0x6ac0aa23) mem 0x80006840 0x33333337
core   0: 0x800027fc (0x00400513) li      a0, 4
core   0: 3 0x800027fc (0x00400513) x10 0x00000004
core   0: 0x80002800 (0x666665b7) lui     a1, 0x66666
core   0: 3 0x80002800 (0x666665b7) x11 0x66666000
core   0: 0x80002804 (0x66658593) addi    a1, a1, 1638
core   0: 3 0x80002804 (0x66658593) x11 0x66666666
core   0: 0x80002808 (0x00b50633) add     a2, a0, a1
core   0: 3 0x80002808 (0x00b50633) x12 0x6666666a
core   0: 0x8000280c (0x6ac0ac23) sw      a2, 1720(ra)
core   0: 3 0x8000280c (0x6ac0ac23) mem 0x80006844 0x6666666a
core   0: 0x80002810 (0x00400513) li      a0, 4
core   0: 3 0x80002810 (0x00400513) x10 0x00000004
core   0: 0x80002814 (0xffff55b7) lui     a1, 0xffff5
core   0: 3 0x80002814 (0xffff55b7) x11 0xffff5000
core   0: 0x80002818 (0xafc58593) addi    a1, a1, -1284
core   0: 3 0x80002818 (0xafc58593) x11 0xffff4afc
core   0: 0x8000281c (0x00b50633) add     a2, a0, a1
core   0: 3 0x8000281c (0x00b50633) x12 0xffff4b00
core   0: 0x80002820 (0x6ac0ae23) sw      a2, 1724(ra)
core   0: 3 0x80002820 (0x6ac0ae23) mem 0x80006848 0xffff4b00
core   0: 0x80002824 (0x00400513) li      a0, 4
core   0: 3 0x80002824 (0x00400513) x10 0x00000004
core   0: 0x80002828 (0x0000b5b7) lui     a1, 0xb
core   0: 3 0x80002828 (0x0000b5b7) x11 0x0000b000
core   0: 0x8000282c (0x50458593) addi    a1, a1, 1284
core   0: 3 0x8000282c (0x50458593) x11 0x0000b504
core   0: 0x80002830 (0x00b50633) add     a2, a0, a1
core   0: 3 0x80002830 (0x00b50633) x12 0x0000b508
core   0: 0x80002834 (0x6cc0a023) sw      a2, 1728(ra)
core   0: 3 0x80002834 (0x6cc0a023) mem 0x8000684c 0x0000b508
core   0: 0x80002838 (0x00400513) li      a0, 4
core   0: 3 0x80002838 (0x00400513) x10 0x00000004
core   0: 0x8000283c (0x00200593) li      a1, 2
core   0: 3 0x8000283c (0x00200593) x11 0x00000002
core   0: 0x80002840 (0x00b50633) add     a2, a0, a1
core   0: 3 0x80002840 (0x00b50633) x12 0x00000006
core   0: 0x80002844 (0x6cc0a223) sw      a2, 1732(ra)
core   0: 3 0x80002844 (0x6cc0a223) mem 0x80006850 0x00000006
core   0: 0x80002848 (0x00400513) li      a0, 4
core   0: 3 0x80002848 (0x00400513) x10 0x00000004
core   0: 0x8000284c (0x555555b7) lui     a1, 0x55555
core   0: 3 0x8000284c (0x555555b7) x11 0x55555000
core   0: 0x80002850 (0x55458593) addi    a1, a1, 1364
core   0: 3 0x80002850 (0x55458593) x11 0x55555554
core   0: 0x80002854 (0x00b50633) add     a2, a0, a1
core   0: 3 0x80002854 (0x00b50633) x12 0x55555558
core   0: 0x80002858 (0x6cc0a423) sw      a2, 1736(ra)
core   0: 3 0x80002858 (0x6cc0a423) mem 0x80006854 0x55555558
core   0: 0x8000285c (0x00400513) li      a0, 4
core   0: 3 0x8000285c (0x00400513) x10 0x00000004
core   0: 0x80002860 (0x00000593) li      a1, 0
core   0: 3 0x80002860 (0x00000593) x11 0x00000000
core   0: 0x80002864 (0x00b50633) add     a2, a0, a1
core   0: 3 0x80002864 (0x00b50633) x12 0x00000004
core   0: 0x80002868 (0x6cc0a623) sw      a2, 1740(ra)
core   0: 3 0x80002868 (0x6cc0a623) mem 0x80006858 0x00000004
core   0: 0x8000286c (0x00400513) li      a0, 4
core   0: 3 0x8000286c (0x00400513) x10 0x00000004
core   0: 0x80002870 (0x00400593) li      a1, 4
core   0: 3 0x80002870 (0x00400593) x11 0x00000004
core   0: 0x80002874 (0x00b50633) add     a2, a0, a1
core   0: 3 0x80002874 (0x00b50633) x12 0x00000008
core   0: 0x80002878 (0x6cc0a823) sw      a2, 1744(ra)
core   0: 3 0x80002878 (0x6cc0a823) mem 0x8000685c 0x00000008
core   0: 0x8000287c (0x00400513) li      a0, 4
core   0: 3 0x8000287c (0x00400513) x10 0x00000004
core   0: 0x80002880 (0x333335b7) lui     a1, 0x33333
core   0: 3 0x80002880 (0x333335b7) x11 0x33333000
core   0: 0x80002884 (0x33258593) addi    a1, a1, 818
core   0: 3 0x80002884 (0x33258593) x11 0x33333332
core   0: 0x80002888 (0x00b50633) add     a2, a0, a1
core   0: 3 0x80002888 (0x00b50633) x12 0x33333336
core   0: 0x8000288c (0x6cc0aa23) sw      a2, 1748(ra)
core   0: 3 0x8000288c (0x6cc0aa23) mem 0x80006860 0x33333336
core   0: 0x80002890 (0x00400513) li      a0, 4
core   0: 3 0x80002890 (0x00400513) x10 0x00000004
core   0: 0x80002894 (0x666665b7) lui     a1, 0x66666
core   0: 3 0x80002894 (0x666665b7) x11 0x66666000
core   0: 0x80002898 (0x66558593) addi    a1, a1, 1637
core   0: 3 0x80002898 (0x66558593) x11 0x66666665
core   0: 0x8000289c (0x00b50633) add     a2, a0, a1
core   0: 3 0x8000289c (0x00b50633) x12 0x66666669
core   0: 0x800028a0 (0x6cc0ac23) sw      a2, 1752(ra)
core   0: 3 0x800028a0 (0x6cc0ac23) mem 0x80006864 0x66666669
core   0: 0x800028a4 (0x00400513) li      a0, 4
core   0: 3 0x800028a4 (0x00400513) x10 0x00000004
core   0: 0x800028a8 (0x0000b5b7) lui     a1, 0xb
core   0: 3 0x800028a8 (0x0000b5b7) x11 0x0000b000
core   0: 0x800028ac (0x50358593) addi    a1, a1, 1283
core   0: 3 0x800028ac (0x50358593) x11 0x0000b503
core   0: 0x800028b0 (0x00b50633) add     a2, a0, a1
core   0: 3 0x800028b0 (0x00b50633) x12 0x0000b507
core   0: 0x800028b4 (0x6cc0ae23) sw      a2, 1756(ra)
core   0: 3 0x800028b4 (0x6cc0ae23) mem 0x80006868 0x0000b507
core   0: 0x800028b8 (0x00400513) li      a0, 4
core   0: 3 0x800028b8 (0x00400513) x10 0x00000004
core   0: 0x800028bc (0x555555b7) lui     a1, 0x55555
core   0: 3 0x800028bc (0x555555b7) x11 0x55555000
core   0: 0x800028c0 (0x55658593) addi    a1, a1, 1366
core   0: 3 0x800028c0 (0x55658593) x11 0x55555556
core   0: 0x800028c4 (0x00b50633) add     a2, a0, a1
core   0: 3 0x800028c4 (0x00b50633) x12 0x5555555a
core   0: 0x800028c8 (0x6ec0a023) sw      a2, 1760(ra)
core   0: 3 0x800028c8 (0x6ec0a023) mem 0x8000686c 0x5555555a
core   0: 0x800028cc (0x00400513) li      a0, 4
core   0: 3 0x800028cc (0x00400513) x10 0x00000004
core   0: 0x800028d0 (0xaaaab5b7) lui     a1, 0xaaaab
core   0: 3 0x800028d0 (0xaaaab5b7) x11 0xaaaab000
core   0: 0x800028d4 (0xaab58593) addi    a1, a1, -1365
core   0: 3 0x800028d4 (0xaab58593) x11 0xaaaaaaab
core   0: 0x800028d8 (0x00b50633) add     a2, a0, a1
core   0: 3 0x800028d8 (0x00b50633) x12 0xaaaaaaaf
core   0: 0x800028dc (0x6ec0a223) sw      a2, 1764(ra)
core   0: 3 0x800028dc (0x6ec0a223) mem 0x80006870 0xaaaaaaaf
core   0: 0x800028e0 (0x00400513) li      a0, 4
core   0: 3 0x800028e0 (0x00400513) x10 0x00000004
core   0: 0x800028e4 (0x00600593) li      a1, 6
core   0: 3 0x800028e4 (0x00600593) x11 0x00000006
core   0: 0x800028e8 (0x00b50633) add     a2, a0, a1
core   0: 3 0x800028e8 (0x00b50633) x12 0x0000000a
core   0: 0x800028ec (0x6ec0a423) sw      a2, 1768(ra)
core   0: 3 0x800028ec (0x6ec0a423) mem 0x80006874 0x0000000a
core   0: 0x800028f0 (0x00400513) li      a0, 4
core   0: 3 0x800028f0 (0x00400513) x10 0x00000004
core   0: 0x800028f4 (0x333335b7) lui     a1, 0x33333
core   0: 3 0x800028f4 (0x333335b7) x11 0x33333000
core   0: 0x800028f8 (0x33458593) addi    a1, a1, 820
core   0: 3 0x800028f8 (0x33458593) x11 0x33333334
core   0: 0x800028fc (0x00b50633) add     a2, a0, a1
core   0: 3 0x800028fc (0x00b50633) x12 0x33333338
core   0: 0x80002900 (0x6ec0a623) sw      a2, 1772(ra)
core   0: 3 0x80002900 (0x6ec0a623) mem 0x80006878 0x33333338
core   0: 0x80002904 (0x00400513) li      a0, 4
core   0: 3 0x80002904 (0x00400513) x10 0x00000004
core   0: 0x80002908 (0x666665b7) lui     a1, 0x66666
core   0: 3 0x80002908 (0x666665b7) x11 0x66666000
core   0: 0x8000290c (0x66758593) addi    a1, a1, 1639
core   0: 3 0x8000290c (0x66758593) x11 0x66666667
core   0: 0x80002910 (0x00b50633) add     a2, a0, a1
core   0: 3 0x80002910 (0x00b50633) x12 0x6666666b
core   0: 0x80002914 (0x6ec0a823) sw      a2, 1776(ra)
core   0: 3 0x80002914 (0x6ec0a823) mem 0x8000687c 0x6666666b
core   0: 0x80002918 (0x00400513) li      a0, 4
core   0: 3 0x80002918 (0x00400513) x10 0x00000004
core   0: 0x8000291c (0xffff55b7) lui     a1, 0xffff5
core   0: 3 0x8000291c (0xffff55b7) x11 0xffff5000
core   0: 0x80002920 (0xafd58593) addi    a1, a1, -1283
core   0: 3 0x80002920 (0xafd58593) x11 0xffff4afd
core   0: 0x80002924 (0x00b50633) add     a2, a0, a1
core   0: 3 0x80002924 (0x00b50633) x12 0xffff4b01
core   0: 0x80002928 (0x6ec0aa23) sw      a2, 1780(ra)
core   0: 3 0x80002928 (0x6ec0aa23) mem 0x80006880 0xffff4b01
core   0: 0x8000292c (0x00400513) li      a0, 4
core   0: 3 0x8000292c (0x00400513) x10 0x00000004
core   0: 0x80002930 (0x0000b5b7) lui     a1, 0xb
core   0: 3 0x80002930 (0x0000b5b7) x11 0x0000b000
core   0: 0x80002934 (0x50558593) addi    a1, a1, 1285
core   0: 3 0x80002934 (0x50558593) x11 0x0000b505
core   0: 0x80002938 (0x00b50633) add     a2, a0, a1
core   0: 3 0x80002938 (0x00b50633) x12 0x0000b509
core   0: 0x8000293c (0x6ec0ac23) sw      a2, 1784(ra)
core   0: 3 0x8000293c (0x6ec0ac23) mem 0x80006884 0x0000b509
core   0: 0x80002940 (0x33333537) lui     a0, 0x33333
core   0: 3 0x80002940 (0x33333537) x10 0x33333000
core   0: 0x80002944 (0x33250513) addi    a0, a0, 818
core   0: 3 0x80002944 (0x33250513) x10 0x33333332
core   0: 0x80002948 (0x00300593) li      a1, 3
core   0: 3 0x80002948 (0x00300593) x11 0x00000003
core   0: 0x8000294c (0x00b50633) add     a2, a0, a1
core   0: 3 0x8000294c (0x00b50633) x12 0x33333335
core   0: 0x80002950 (0x6ec0ae23) sw      a2, 1788(ra)
core   0: 3 0x80002950 (0x6ec0ae23) mem 0x80006888 0x33333335
core   0: 0x80002954 (0x33333537) lui     a0, 0x33333
core   0: 3 0x80002954 (0x33333537) x10 0x33333000
core   0: 0x80002958 (0x33250513) addi    a0, a0, 818
core   0: 3 0x80002958 (0x33250513) x10 0x33333332
core   0: 0x8000295c (0x555555b7) lui     a1, 0x55555
core   0: 3 0x8000295c (0x555555b7) x11 0x55555000
core   0: 0x80002960 (0x55558593) addi    a1, a1, 1365
core   0: 3 0x80002960 (0x55558593) x11 0x55555555
core   0: 0x80002964 (0x00b50633) add     a2, a0, a1
core   0: 3 0x80002964 (0x00b50633) x12 0x88888887
core   0: 0x80002968 (0x70c0a023) sw      a2, 1792(ra)
core   0: 3 0x80002968 (0x70c0a023) mem 0x8000688c 0x88888887
core   0: 0x8000296c (0x33333537) lui     a0, 0x33333
core   0: 3 0x8000296c (0x33333537) x10 0x33333000
core   0: 0x80002970 (0x33250513) addi    a0, a0, 818
core   0: 3 0x80002970 (0x33250513) x10 0x33333332
core   0: 0x80002974 (0xaaaab5b7) lui     a1, 0xaaaab
core   0: 3 0x80002974 (0xaaaab5b7) x11 0xaaaab000
core   0: 0x80002978 (0xaaa58593) addi    a1, a1, -1366
core   0: 3 0x80002978 (0xaaa58593) x11 0xaaaaaaaa
core   0: 0x8000297c (0x00b50633) add     a2, a0, a1
core   0: 3 0x8000297c (0x00b50633) x12 0xdddddddc
core   0: 0x80002980 (0x70c0a223) sw      a2, 1796(ra)
core   0: 3 0x80002980 (0x70c0a223) mem 0x80006890 0xdddddddc
core   0: 0x80002984 (0x33333537) lui     a0, 0x33333
core   0: 3 0x80002984 (0x33333537) x10 0x33333000
core   0: 0x80002988 (0x33250513) addi    a0, a0, 818
core   0: 3 0x80002988 (0x33250513) x10 0x33333332
core   0: 0x8000298c (0x00500593) li      a1, 5
core   0: 3 0x8000298c (0x00500593) x11 0x00000005
core   0: 0x80002990 (0x00b50633) add     a2, a0, a1
core   0: 3 0x80002990 (0x00b50633) x12 0x33333337
core   0: 0x80002994 (0x70c0a423) sw      a2, 1800(ra)
core   0: 3 0x80002994 (0x70c0a423) mem 0x80006894 0x33333337
core   0: 0x80002998 (0x33333537) lui     a0, 0x33333
core   0: 3 0x80002998 (0x33333537) x10 0x33333000
core   0: 0x8000299c (0x33250513) addi    a0, a0, 818
core   0: 3 0x8000299c (0x33250513) x10 0x33333332
core   0: 0x800029a0 (0x333335b7) lui     a1, 0x33333
core   0: 3 0x800029a0 (0x333335b7) x11 0x33333000
core   0: 0x800029a4 (0x33358593) addi    a1, a1, 819
core   0: 3 0x800029a4 (0x33358593) x11 0x33333333
core   0: 0x800029a8 (0x00b50633) add     a2, a0, a1
core   0: 3 0x800029a8 (0x00b50633) x12 0x66666665
core   0: 0x800029ac (0x70c0a623) sw      a2, 1804(ra)
core   0: 3 0x800029ac (0x70c0a623) mem 0x80006898 0x66666665
core   0: 0x800029b0 (0x33333537) lui     a0, 0x33333
core   0: 3 0x800029b0 (0x33333537) x10 0x33333000
core   0: 0x800029b4 (0x33250513) addi    a0, a0, 818
core   0: 3 0x800029b4 (0x33250513) x10 0x33333332
core   0: 0x800029b8 (0x666665b7) lui     a1, 0x66666
core   0: 3 0x800029b8 (0x666665b7) x11 0x66666000
core   0: 0x800029bc (0x66658593) addi    a1, a1, 1638
core   0: 3 0x800029bc (0x66658593) x11 0x66666666
core   0: 0x800029c0 (0x00b50633) add     a2, a0, a1
core   0: 3 0x800029c0 (0x00b50633) x12 0x99999998
core   0: 0x800029c4 (0x70c0a823) sw      a2, 1808(ra)
core   0: 3 0x800029c4 (0x70c0a823) mem 0x8000689c 0x99999998
core   0: 0x800029c8 (0x33333537) lui     a0, 0x33333
core   0: 3 0x800029c8 (0x33333537) x10 0x33333000
core   0: 0x800029cc (0x33250513) addi    a0, a0, 818
core   0: 3 0x800029cc (0x33250513) x10 0x33333332
core   0: 0x800029d0 (0xffff55b7) lui     a1, 0xffff5
core   0: 3 0x800029d0 (0xffff55b7) x11 0xffff5000
core   0: 0x800029d4 (0xafc58593) addi    a1, a1, -1284
core   0: 3 0x800029d4 (0xafc58593) x11 0xffff4afc
core   0: 0x800029d8 (0x00b50633) add     a2, a0, a1
core   0: 3 0x800029d8 (0x00b50633) x12 0x33327e2e
core   0: 0x800029dc (0x70c0aa23) sw      a2, 1812(ra)
core   0: 3 0x800029dc (0x70c0aa23) mem 0x800068a0 0x33327e2e
core   0: 0x800029e0 (0x33333537) lui     a0, 0x33333
core   0: 3 0x800029e0 (0x33333537) x10 0x33333000
core   0: 0x800029e4 (0x33250513) addi    a0, a0, 818
core   0: 3 0x800029e4 (0x33250513) x10 0x33333332
core   0: 0x800029e8 (0x0000b5b7) lui     a1, 0xb
core   0: 3 0x800029e8 (0x0000b5b7) x11 0x0000b000
core   0: 0x800029ec (0x50458593) addi    a1, a1, 1284
core   0: 3 0x800029ec (0x50458593) x11 0x0000b504
core   0: 0x800029f0 (0x00b50633) add     a2, a0, a1
core   0: 3 0x800029f0 (0x00b50633) x12 0x3333e836
core   0: 0x800029f4 (0x70c0ac23) sw      a2, 1816(ra)
core   0: 3 0x800029f4 (0x70c0ac23) mem 0x800068a4 0x3333e836
core   0: 0x800029f8 (0x33333537) lui     a0, 0x33333
core   0: 3 0x800029f8 (0x33333537) x10 0x33333000
core   0: 0x800029fc (0x33250513) addi    a0, a0, 818
core   0: 3 0x800029fc (0x33250513) x10 0x33333332
core   0: 0x80002a00 (0x00200593) li      a1, 2
core   0: 3 0x80002a00 (0x00200593) x11 0x00000002
core   0: 0x80002a04 (0x00b50633) add     a2, a0, a1
core   0: 3 0x80002a04 (0x00b50633) x12 0x33333334
core   0: 0x80002a08 (0x70c0ae23) sw      a2, 1820(ra)
core   0: 3 0x80002a08 (0x70c0ae23) mem 0x800068a8 0x33333334
core   0: 0x80002a0c (0x33333537) lui     a0, 0x33333
core   0: 3 0x80002a0c (0x33333537) x10 0x33333000
core   0: 0x80002a10 (0x33250513) addi    a0, a0, 818
core   0: 3 0x80002a10 (0x33250513) x10 0x33333332
core   0: 0x80002a14 (0x555555b7) lui     a1, 0x55555
core   0: 3 0x80002a14 (0x555555b7) x11 0x55555000
core   0: 0x80002a18 (0x55458593) addi    a1, a1, 1364
core   0: 3 0x80002a18 (0x55458593) x11 0x55555554
core   0: 0x80002a1c (0x00b50633) add     a2, a0, a1
core   0: 3 0x80002a1c (0x00b50633) x12 0x88888886
core   0: 0x80002a20 (0x72c0a023) sw      a2, 1824(ra)
core   0: 3 0x80002a20 (0x72c0a023) mem 0x800068ac 0x88888886
core   0: 0x80002a24 (0x33333537) lui     a0, 0x33333
core   0: 3 0x80002a24 (0x33333537) x10 0x33333000
core   0: 0x80002a28 (0x33250513) addi    a0, a0, 818
core   0: 3 0x80002a28 (0x33250513) x10 0x33333332
core   0: 0x80002a2c (0x00000593) li      a1, 0
core   0: 3 0x80002a2c (0x00000593) x11 0x00000000
core   0: 0x80002a30 (0x00b50633) add     a2, a0, a1
core   0: 3 0x80002a30 (0x00b50633) x12 0x33333332
core   0: 0x80002a34 (0x72c0a223) sw      a2, 1828(ra)
core   0: 3 0x80002a34 (0x72c0a223) mem 0x800068b0 0x33333332
core   0: 0x80002a38 (0x33333537) lui     a0, 0x33333
core   0: 3 0x80002a38 (0x33333537) x10 0x33333000
core   0: 0x80002a3c (0x33250513) addi    a0, a0, 818
core   0: 3 0x80002a3c (0x33250513) x10 0x33333332
core   0: 0x80002a40 (0x00400593) li      a1, 4
core   0: 3 0x80002a40 (0x00400593) x11 0x00000004
core   0: 0x80002a44 (0x00b50633) add     a2, a0, a1
core   0: 3 0x80002a44 (0x00b50633) x12 0x33333336
core   0: 0x80002a48 (0x72c0a423) sw      a2, 1832(ra)
core   0: 3 0x80002a48 (0x72c0a423) mem 0x800068b4 0x33333336
core   0: 0x80002a4c (0x33333537) lui     a0, 0x33333
core   0: 3 0x80002a4c (0x33333537) x10 0x33333000
core   0: 0x80002a50 (0x33250513) addi    a0, a0, 818
core   0: 3 0x80002a50 (0x33250513) x10 0x33333332
core   0: 0x80002a54 (0x333335b7) lui     a1, 0x33333
core   0: 3 0x80002a54 (0x333335b7) x11 0x33333000
core   0: 0x80002a58 (0x33258593) addi    a1, a1, 818
core   0: 3 0x80002a58 (0x33258593) x11 0x33333332
core   0: 0x80002a5c (0x00b50633) add     a2, a0, a1
core   0: 3 0x80002a5c (0x00b50633) x12 0x66666664
core   0: 0x80002a60 (0x72c0a623) sw      a2, 1836(ra)
core   0: 3 0x80002a60 (0x72c0a623) mem 0x800068b8 0x66666664
core   0: 0x80002a64 (0x33333537) lui     a0, 0x33333
core   0: 3 0x80002a64 (0x33333537) x10 0x33333000
core   0: 0x80002a68 (0x33250513) addi    a0, a0, 818
core   0: 3 0x80002a68 (0x33250513) x10 0x33333332
core   0: 0x80002a6c (0x666665b7) lui     a1, 0x66666
core   0: 3 0x80002a6c (0x666665b7) x11 0x66666000
core   0: 0x80002a70 (0x66558593) addi    a1, a1, 1637
core   0: 3 0x80002a70 (0x66558593) x11 0x66666665
core   0: 0x80002a74 (0x00b50633) add     a2, a0, a1
core   0: 3 0x80002a74 (0x00b50633) x12 0x99999997
core   0: 0x80002a78 (0x72c0a823) sw      a2, 1840(ra)
core   0: 3 0x80002a78 (0x72c0a823) mem 0x800068bc 0x99999997
core   0: 0x80002a7c (0x33333537) lui     a0, 0x33333
core   0: 3 0x80002a7c (0x33333537) x10 0x33333000
core   0: 0x80002a80 (0x33250513) addi    a0, a0, 818
core   0: 3 0x80002a80 (0x33250513) x10 0x33333332
core   0: 0x80002a84 (0x0000b5b7) lui     a1, 0xb
core   0: 3 0x80002a84 (0x0000b5b7) x11 0x0000b000
core   0: 0x80002a88 (0x50358593) addi    a1, a1, 1283
core   0: 3 0x80002a88 (0x50358593) x11 0x0000b503
core   0: 0x80002a8c (0x00b50633) add     a2, a0, a1
core   0: 3 0x80002a8c (0x00b50633) x12 0x3333e835
core   0: 0x80002a90 (0x72c0aa23) sw      a2, 1844(ra)
core   0: 3 0x80002a90 (0x72c0aa23) mem 0x800068c0 0x3333e835
core   0: 0x80002a94 (0x33333537) lui     a0, 0x33333
core   0: 3 0x80002a94 (0x33333537) x10 0x33333000
core   0: 0x80002a98 (0x33250513) addi    a0, a0, 818
core   0: 3 0x80002a98 (0x33250513) x10 0x33333332
core   0: 0x80002a9c (0x555555b7) lui     a1, 0x55555
core   0: 3 0x80002a9c (0x555555b7) x11 0x55555000
core   0: 0x80002aa0 (0x55658593) addi    a1, a1, 1366
core   0: 3 0x80002aa0 (0x55658593) x11 0x55555556
core   0: 0x80002aa4 (0x00b50633) add     a2, a0, a1
core   0: 3 0x80002aa4 (0x00b50633) x12 0x88888888
core   0: 0x80002aa8 (0x72c0ac23) sw      a2, 1848(ra)
core   0: 3 0x80002aa8 (0x72c0ac23) mem 0x800068c4 0x88888888
core   0: 0x80002aac (0x33333537) lui     a0, 0x33333
core   0: 3 0x80002aac (0x33333537) x10 0x33333000
core   0: 0x80002ab0 (0x33250513) addi    a0, a0, 818
core   0: 3 0x80002ab0 (0x33250513) x10 0x33333332
core   0: 0x80002ab4 (0xaaaab5b7) lui     a1, 0xaaaab
core   0: 3 0x80002ab4 (0xaaaab5b7) x11 0xaaaab000
core   0: 0x80002ab8 (0xaab58593) addi    a1, a1, -1365
core   0: 3 0x80002ab8 (0xaab58593) x11 0xaaaaaaab
core   0: 0x80002abc (0x00b50633) add     a2, a0, a1
core   0: 3 0x80002abc (0x00b50633) x12 0xdddddddd
core   0: 0x80002ac0 (0x72c0ae23) sw      a2, 1852(ra)
core   0: 3 0x80002ac0 (0x72c0ae23) mem 0x800068c8 0xdddddddd
core   0: 0x80002ac4 (0x33333537) lui     a0, 0x33333
core   0: 3 0x80002ac4 (0x33333537) x10 0x33333000
core   0: 0x80002ac8 (0x33250513) addi    a0, a0, 818
core   0: 3 0x80002ac8 (0x33250513) x10 0x33333332
core   0: 0x80002acc (0x00600593) li      a1, 6
core   0: 3 0x80002acc (0x00600593) x11 0x00000006
core   0: 0x80002ad0 (0x00b50633) add     a2, a0, a1
core   0: 3 0x80002ad0 (0x00b50633) x12 0x33333338
core   0: 0x80002ad4 (0x74c0a023) sw      a2, 1856(ra)
core   0: 3 0x80002ad4 (0x74c0a023) mem 0x800068cc 0x33333338
core   0: 0x80002ad8 (0x33333537) lui     a0, 0x33333
core   0: 3 0x80002ad8 (0x33333537) x10 0x33333000
core   0: 0x80002adc (0x33250513) addi    a0, a0, 818
core   0: 3 0x80002adc (0x33250513) x10 0x33333332
core   0: 0x80002ae0 (0x333335b7) lui     a1, 0x33333
core   0: 3 0x80002ae0 (0x333335b7) x11 0x33333000
core   0: 0x80002ae4 (0x33458593) addi    a1, a1, 820
core   0: 3 0x80002ae4 (0x33458593) x11 0x33333334
core   0: 0x80002ae8 (0x00b50633) add     a2, a0, a1
core   0: 3 0x80002ae8 (0x00b50633) x12 0x66666666
core   0: 0x80002aec (0x74c0a223) sw      a2, 1860(ra)
core   0: 3 0x80002aec (0x74c0a223) mem 0x800068d0 0x66666666
core   0: 0x80002af0 (0x33333537) lui     a0, 0x33333
core   0: 3 0x80002af0 (0x33333537) x10 0x33333000
core   0: 0x80002af4 (0x33250513) addi    a0, a0, 818
core   0: 3 0x80002af4 (0x33250513) x10 0x33333332
core   0: 0x80002af8 (0x666665b7) lui     a1, 0x66666
core   0: 3 0x80002af8 (0x666665b7) x11 0x66666000
core   0: 0x80002afc (0x66758593) addi    a1, a1, 1639
core   0: 3 0x80002afc (0x66758593) x11 0x66666667
core   0: 0x80002b00 (0x00b50633) add     a2, a0, a1
core   0: 3 0x80002b00 (0x00b50633) x12 0x99999999
core   0: 0x80002b04 (0x74c0a423) sw      a2, 1864(ra)
core   0: 3 0x80002b04 (0x74c0a423) mem 0x800068d4 0x99999999
core   0: 0x80002b08 (0x33333537) lui     a0, 0x33333
core   0: 3 0x80002b08 (0x33333537) x10 0x33333000
core   0: 0x80002b0c (0x33250513) addi    a0, a0, 818
core   0: 3 0x80002b0c (0x33250513) x10 0x33333332
core   0: 0x80002b10 (0xffff55b7) lui     a1, 0xffff5
core   0: 3 0x80002b10 (0xffff55b7) x11 0xffff5000
core   0: 0x80002b14 (0xafd58593) addi    a1, a1, -1283
core   0: 3 0x80002b14 (0xafd58593) x11 0xffff4afd
core   0: 0x80002b18 (0x00b50633) add     a2, a0, a1
core   0: 3 0x80002b18 (0x00b50633) x12 0x33327e2f
core   0: 0x80002b1c (0x74c0a623) sw      a2, 1868(ra)
core   0: 3 0x80002b1c (0x74c0a623) mem 0x800068d8 0x33327e2f
core   0: 0x80002b20 (0x33333537) lui     a0, 0x33333
core   0: 3 0x80002b20 (0x33333537) x10 0x33333000
core   0: 0x80002b24 (0x33250513) addi    a0, a0, 818
core   0: 3 0x80002b24 (0x33250513) x10 0x33333332
core   0: 0x80002b28 (0x0000b5b7) lui     a1, 0xb
core   0: 3 0x80002b28 (0x0000b5b7) x11 0x0000b000
core   0: 0x80002b2c (0x50558593) addi    a1, a1, 1285
core   0: 3 0x80002b2c (0x50558593) x11 0x0000b505
core   0: 0x80002b30 (0x00b50633) add     a2, a0, a1
core   0: 3 0x80002b30 (0x00b50633) x12 0x3333e837
core   0: 0x80002b34 (0x74c0a823) sw      a2, 1872(ra)
core   0: 3 0x80002b34 (0x74c0a823) mem 0x800068dc 0x3333e837
core   0: 0x80002b38 (0x66666537) lui     a0, 0x66666
core   0: 3 0x80002b38 (0x66666537) x10 0x66666000
core   0: 0x80002b3c (0x66550513) addi    a0, a0, 1637
core   0: 3 0x80002b3c (0x66550513) x10 0x66666665
core   0: 0x80002b40 (0x00300593) li      a1, 3
core   0: 3 0x80002b40 (0x00300593) x11 0x00000003
core   0: 0x80002b44 (0x00b50633) add     a2, a0, a1
core   0: 3 0x80002b44 (0x00b50633) x12 0x66666668
core   0: 0x80002b48 (0x74c0aa23) sw      a2, 1876(ra)
core   0: 3 0x80002b48 (0x74c0aa23) mem 0x800068e0 0x66666668
core   0: 0x80002b4c (0x66666537) lui     a0, 0x66666
core   0: 3 0x80002b4c (0x66666537) x10 0x66666000
core   0: 0x80002b50 (0x66550513) addi    a0, a0, 1637
core   0: 3 0x80002b50 (0x66550513) x10 0x66666665
core   0: 0x80002b54 (0x555555b7) lui     a1, 0x55555
core   0: 3 0x80002b54 (0x555555b7) x11 0x55555000
core   0: 0x80002b58 (0x55558593) addi    a1, a1, 1365
core   0: 3 0x80002b58 (0x55558593) x11 0x55555555
core   0: 0x80002b5c (0x00b50633) add     a2, a0, a1
core   0: 3 0x80002b5c (0x00b50633) x12 0xbbbbbbba
core   0: 0x80002b60 (0x74c0ac23) sw      a2, 1880(ra)
core   0: 3 0x80002b60 (0x74c0ac23) mem 0x800068e4 0xbbbbbbba
core   0: 0x80002b64 (0x66666537) lui     a0, 0x66666
core   0: 3 0x80002b64 (0x66666537) x10 0x66666000
core   0: 0x80002b68 (0x66550513) addi    a0, a0, 1637
core   0: 3 0x80002b68 (0x66550513) x10 0x66666665
core   0: 0x80002b6c (0xaaaab5b7) lui     a1, 0xaaaab
core   0: 3 0x80002b6c (0xaaaab5b7) x11 0xaaaab000
core   0: 0x80002b70 (0xaaa58593) addi    a1, a1, -1366
core   0: 3 0x80002b70 (0xaaa58593) x11 0xaaaaaaaa
core   0: 0x80002b74 (0x00b50633) add     a2, a0, a1
core   0: 3 0x80002b74 (0x00b50633) x12 0x1111110f
core   0: 0x80002b78 (0x74c0ae23) sw      a2, 1884(ra)
core   0: 3 0x80002b78 (0x74c0ae23) mem 0x800068e8 0x1111110f
core   0: 0x80002b7c (0x66666537) lui     a0, 0x66666
core   0: 3 0x80002b7c (0x66666537) x10 0x66666000
core   0: 0x80002b80 (0x66550513) addi    a0, a0, 1637
core   0: 3 0x80002b80 (0x66550513) x10 0x66666665
core   0: 0x80002b84 (0x00500593) li      a1, 5
core   0: 3 0x80002b84 (0x00500593) x11 0x00000005
core   0: 0x80002b88 (0x00b50633) add     a2, a0, a1
core   0: 3 0x80002b88 (0x00b50633) x12 0x6666666a
core   0: 0x80002b8c (0x76c0a023) sw      a2, 1888(ra)
core   0: 3 0x80002b8c (0x76c0a023) mem 0x800068ec 0x6666666a
core   0: 0x80002b90 (0x66666537) lui     a0, 0x66666
core   0: 3 0x80002b90 (0x66666537) x10 0x66666000
core   0: 0x80002b94 (0x66550513) addi    a0, a0, 1637
core   0: 3 0x80002b94 (0x66550513) x10 0x66666665
core   0: 0x80002b98 (0x333335b7) lui     a1, 0x33333
core   0: 3 0x80002b98 (0x333335b7) x11 0x33333000
core   0: 0x80002b9c (0x33358593) addi    a1, a1, 819
core   0: 3 0x80002b9c (0x33358593) x11 0x33333333
core   0: 0x80002ba0 (0x00b50633) add     a2, a0, a1
core   0: 3 0x80002ba0 (0x00b50633) x12 0x99999998
core   0: 0x80002ba4 (0x76c0a223) sw      a2, 1892(ra)
core   0: 3 0x80002ba4 (0x76c0a223) mem 0x800068f0 0x99999998
core   0: 0x80002ba8 (0x66666537) lui     a0, 0x66666
core   0: 3 0x80002ba8 (0x66666537) x10 0x66666000
core   0: 0x80002bac (0x66550513) addi    a0, a0, 1637
core   0: 3 0x80002bac (0x66550513) x10 0x66666665
core   0: 0x80002bb0 (0x666665b7) lui     a1, 0x66666
core   0: 3 0x80002bb0 (0x666665b7) x11 0x66666000
core   0: 0x80002bb4 (0x66658593) addi    a1, a1, 1638
core   0: 3 0x80002bb4 (0x66658593) x11 0x66666666
core   0: 0x80002bb8 (0x00b50633) add     a2, a0, a1
core   0: 3 0x80002bb8 (0x00b50633) x12 0xcccccccb
core   0: 0x80002bbc (0x76c0a423) sw      a2, 1896(ra)
core   0: 3 0x80002bbc (0x76c0a423) mem 0x800068f4 0xcccccccb
core   0: 0x80002bc0 (0x66666537) lui     a0, 0x66666
core   0: 3 0x80002bc0 (0x66666537) x10 0x66666000
core   0: 0x80002bc4 (0x66550513) addi    a0, a0, 1637
core   0: 3 0x80002bc4 (0x66550513) x10 0x66666665
core   0: 0x80002bc8 (0xffff55b7) lui     a1, 0xffff5
core   0: 3 0x80002bc8 (0xffff55b7) x11 0xffff5000
core   0: 0x80002bcc (0xafc58593) addi    a1, a1, -1284
core   0: 3 0x80002bcc (0xafc58593) x11 0xffff4afc
core   0: 0x80002bd0 (0x00b50633) add     a2, a0, a1
core   0: 3 0x80002bd0 (0x00b50633) x12 0x6665b161
core   0: 0x80002bd4 (0x76c0a623) sw      a2, 1900(ra)
core   0: 3 0x80002bd4 (0x76c0a623) mem 0x800068f8 0x6665b161
core   0: 0x80002bd8 (0x66666537) lui     a0, 0x66666
core   0: 3 0x80002bd8 (0x66666537) x10 0x66666000
core   0: 0x80002bdc (0x66550513) addi    a0, a0, 1637
core   0: 3 0x80002bdc (0x66550513) x10 0x66666665
core   0: 0x80002be0 (0x0000b5b7) lui     a1, 0xb
core   0: 3 0x80002be0 (0x0000b5b7) x11 0x0000b000
core   0: 0x80002be4 (0x50458593) addi    a1, a1, 1284
core   0: 3 0x80002be4 (0x50458593) x11 0x0000b504
core   0: 0x80002be8 (0x00b50633) add     a2, a0, a1
core   0: 3 0x80002be8 (0x00b50633) x12 0x66671b69
core   0: 0x80002bec (0x76c0a823) sw      a2, 1904(ra)
core   0: 3 0x80002bec (0x76c0a823) mem 0x800068fc 0x66671b69
core   0: 0x80002bf0 (0x66666537) lui     a0, 0x66666
core   0: 3 0x80002bf0 (0x66666537) x10 0x66666000
core   0: 0x80002bf4 (0x66550513) addi    a0, a0, 1637
core   0: 3 0x80002bf4 (0x66550513) x10 0x66666665
core   0: 0x80002bf8 (0x00200593) li      a1, 2
core   0: 3 0x80002bf8 (0x00200593) x11 0x00000002
core   0: 0x80002bfc (0x00b50633) add     a2, a0, a1
core   0: 3 0x80002bfc (0x00b50633) x12 0x66666667
core   0: 0x80002c00 (0x76c0aa23) sw      a2, 1908(ra)
core   0: 3 0x80002c00 (0x76c0aa23) mem 0x80006900 0x66666667
core   0: 0x80002c04 (0x66666537) lui     a0, 0x66666
core   0: 3 0x80002c04 (0x66666537) x10 0x66666000
core   0: 0x80002c08 (0x66550513) addi    a0, a0, 1637
core   0: 3 0x80002c08 (0x66550513) x10 0x66666665
core   0: 0x80002c0c (0x555555b7) lui     a1, 0x55555
core   0: 3 0x80002c0c (0x555555b7) x11 0x55555000
core   0: 0x80002c10 (0x55458593) addi    a1, a1, 1364
core   0: 3 0x80002c10 (0x55458593) x11 0x55555554
core   0: 0x80002c14 (0x00b50633) add     a2, a0, a1
core   0: 3 0x80002c14 (0x00b50633) x12 0xbbbbbbb9
core   0: 0x80002c18 (0x76c0ac23) sw      a2, 1912(ra)
core   0: 3 0x80002c18 (0x76c0ac23) mem 0x80006904 0xbbbbbbb9
core   0: 0x80002c1c (0x66666537) lui     a0, 0x66666
core   0: 3 0x80002c1c (0x66666537) x10 0x66666000
core   0: 0x80002c20 (0x66550513) addi    a0, a0, 1637
core   0: 3 0x80002c20 (0x66550513) x10 0x66666665
core   0: 0x80002c24 (0x00000593) li      a1, 0
core   0: 3 0x80002c24 (0x00000593) x11 0x00000000
core   0: 0x80002c28 (0x00b50633) add     a2, a0, a1
core   0: 3 0x80002c28 (0x00b50633) x12 0x66666665
core   0: 0x80002c2c (0x76c0ae23) sw      a2, 1916(ra)
core   0: 3 0x80002c2c (0x76c0ae23) mem 0x80006908 0x66666665
core   0: 0x80002c30 (0x66666537) lui     a0, 0x66666
core   0: 3 0x80002c30 (0x66666537) x10 0x66666000
core   0: 0x80002c34 (0x66550513) addi    a0, a0, 1637
core   0: 3 0x80002c34 (0x66550513) x10 0x66666665
core   0: 0x80002c38 (0x00400593) li      a1, 4
core   0: 3 0x80002c38 (0x00400593) x11 0x00000004
core   0: 0x80002c3c (0x00b50633) add     a2, a0, a1
core   0: 3 0x80002c3c (0x00b50633) x12 0x66666669
core   0: 0x80002c40 (0x78c0a023) sw      a2, 1920(ra)
core   0: 3 0x80002c40 (0x78c0a023) mem 0x8000690c 0x66666669
core   0: 0x80002c44 (0x66666537) lui     a0, 0x66666
core   0: 3 0x80002c44 (0x66666537) x10 0x66666000
core   0: 0x80002c48 (0x66550513) addi    a0, a0, 1637
core   0: 3 0x80002c48 (0x66550513) x10 0x66666665
core   0: 0x80002c4c (0x333335b7) lui     a1, 0x33333
core   0: 3 0x80002c4c (0x333335b7) x11 0x33333000
core   0: 0x80002c50 (0x33258593) addi    a1, a1, 818
core   0: 3 0x80002c50 (0x33258593) x11 0x33333332
core   0: 0x80002c54 (0x00b50633) add     a2, a0, a1
core   0: 3 0x80002c54 (0x00b50633) x12 0x99999997
core   0: 0x80002c58 (0x78c0a223) sw      a2, 1924(ra)
core   0: 3 0x80002c58 (0x78c0a223) mem 0x80006910 0x99999997
core   0: 0x80002c5c (0x66666537) lui     a0, 0x66666
core   0: 3 0x80002c5c (0x66666537) x10 0x66666000
core   0: 0x80002c60 (0x66550513) addi    a0, a0, 1637
core   0: 3 0x80002c60 (0x66550513) x10 0x66666665
core   0: 0x80002c64 (0x666665b7) lui     a1, 0x66666
core   0: 3 0x80002c64 (0x666665b7) x11 0x66666000
core   0: 0x80002c68 (0x66558593) addi    a1, a1, 1637
core   0: 3 0x80002c68 (0x66558593) x11 0x66666665
core   0: 0x80002c6c (0x00b50633) add     a2, a0, a1
core   0: 3 0x80002c6c (0x00b50633) x12 0xccccccca
core   0: 0x80002c70 (0x78c0a423) sw      a2, 1928(ra)
core   0: 3 0x80002c70 (0x78c0a423) mem 0x80006914 0xccccccca
core   0: 0x80002c74 (0x66666537) lui     a0, 0x66666
core   0: 3 0x80002c74 (0x66666537) x10 0x66666000
core   0: 0x80002c78 (0x66550513) addi    a0, a0, 1637
core   0: 3 0x80002c78 (0x66550513) x10 0x66666665
core   0: 0x80002c7c (0x0000b5b7) lui     a1, 0xb
core   0: 3 0x80002c7c (0x0000b5b7) x11 0x0000b000
core   0: 0x80002c80 (0x50358593) addi    a1, a1, 1283
core   0: 3 0x80002c80 (0x50358593) x11 0x0000b503
core   0: 0x80002c84 (0x00b50633) add     a2, a0, a1
core   0: 3 0x80002c84 (0x00b50633) x12 0x66671b68
core   0: 0x80002c88 (0x78c0a623) sw      a2, 1932(ra)
core   0: 3 0x80002c88 (0x78c0a623) mem 0x80006918 0x66671b68
core   0: 0x80002c8c (0x66666537) lui     a0, 0x66666
core   0: 3 0x80002c8c (0x66666537) x10 0x66666000
core   0: 0x80002c90 (0x66550513) addi    a0, a0, 1637
core   0: 3 0x80002c90 (0x66550513) x10 0x66666665
core   0: 0x80002c94 (0x555555b7) lui     a1, 0x55555
core   0: 3 0x80002c94 (0x555555b7) x11 0x55555000
core   0: 0x80002c98 (0x55658593) addi    a1, a1, 1366
core   0: 3 0x80002c98 (0x55658593) x11 0x55555556
core   0: 0x80002c9c (0x00b50633) add     a2, a0, a1
core   0: 3 0x80002c9c (0x00b50633) x12 0xbbbbbbbb
core   0: 0x80002ca0 (0x78c0a823) sw      a2, 1936(ra)
core   0: 3 0x80002ca0 (0x78c0a823) mem 0x8000691c 0xbbbbbbbb
core   0: 0x80002ca4 (0x66666537) lui     a0, 0x66666
core   0: 3 0x80002ca4 (0x66666537) x10 0x66666000
core   0: 0x80002ca8 (0x66550513) addi    a0, a0, 1637
core   0: 3 0x80002ca8 (0x66550513) x10 0x66666665
core   0: 0x80002cac (0xaaaab5b7) lui     a1, 0xaaaab
core   0: 3 0x80002cac (0xaaaab5b7) x11 0xaaaab000
core   0: 0x80002cb0 (0xaab58593) addi    a1, a1, -1365
core   0: 3 0x80002cb0 (0xaab58593) x11 0xaaaaaaab
core   0: 0x80002cb4 (0x00b50633) add     a2, a0, a1
core   0: 3 0x80002cb4 (0x00b50633) x12 0x11111110
core   0: 0x80002cb8 (0x78c0aa23) sw      a2, 1940(ra)
core   0: 3 0x80002cb8 (0x78c0aa23) mem 0x80006920 0x11111110
core   0: 0x80002cbc (0x66666537) lui     a0, 0x66666
core   0: 3 0x80002cbc (0x66666537) x10 0x66666000
core   0: 0x80002cc0 (0x66550513) addi    a0, a0, 1637
core   0: 3 0x80002cc0 (0x66550513) x10 0x66666665
core   0: 0x80002cc4 (0x00600593) li      a1, 6
core   0: 3 0x80002cc4 (0x00600593) x11 0x00000006
core   0: 0x80002cc8 (0x00b50633) add     a2, a0, a1
core   0: 3 0x80002cc8 (0x00b50633) x12 0x6666666b
core   0: 0x80002ccc (0x78c0ac23) sw      a2, 1944(ra)
core   0: 3 0x80002ccc (0x78c0ac23) mem 0x80006924 0x6666666b
core   0: 0x80002cd0 (0x66666537) lui     a0, 0x66666
core   0: 3 0x80002cd0 (0x66666537) x10 0x66666000
core   0: 0x80002cd4 (0x66550513) addi    a0, a0, 1637
core   0: 3 0x80002cd4 (0x66550513) x10 0x66666665
core   0: 0x80002cd8 (0x333335b7) lui     a1, 0x33333
core   0: 3 0x80002cd8 (0x333335b7) x11 0x33333000
core   0: 0x80002cdc (0x33458593) addi    a1, a1, 820
core   0: 3 0x80002cdc (0x33458593) x11 0x33333334
core   0: 0x80002ce0 (0x00b50633) add     a2, a0, a1
core   0: 3 0x80002ce0 (0x00b50633) x12 0x99999999
core   0: 0x80002ce4 (0x78c0ae23) sw      a2, 1948(ra)
core   0: 3 0x80002ce4 (0x78c0ae23) mem 0x80006928 0x99999999
core   0: 0x80002ce8 (0x66666537) lui     a0, 0x66666
core   0: 3 0x80002ce8 (0x66666537) x10 0x66666000
core   0: 0x80002cec (0x66550513) addi    a0, a0, 1637
core   0: 3 0x80002cec (0x66550513) x10 0x66666665
core   0: 0x80002cf0 (0x666665b7) lui     a1, 0x66666
core   0: 3 0x80002cf0 (0x666665b7) x11 0x66666000
core   0: 0x80002cf4 (0x66758593) addi    a1, a1, 1639
core   0: 3 0x80002cf4 (0x66758593) x11 0x66666667
core   0: 0x80002cf8 (0x00b50633) add     a2, a0, a1
core   0: 3 0x80002cf8 (0x00b50633) x12 0xcccccccc
core   0: 0x80002cfc (0x7ac0a023) sw      a2, 1952(ra)
core   0: 3 0x80002cfc (0x7ac0a023) mem 0x8000692c 0xcccccccc
core   0: 0x80002d00 (0x66666537) lui     a0, 0x66666
core   0: 3 0x80002d00 (0x66666537) x10 0x66666000
core   0: 0x80002d04 (0x66550513) addi    a0, a0, 1637
core   0: 3 0x80002d04 (0x66550513) x10 0x66666665
core   0: 0x80002d08 (0xffff55b7) lui     a1, 0xffff5
core   0: 3 0x80002d08 (0xffff55b7) x11 0xffff5000
core   0: 0x80002d0c (0xafd58593) addi    a1, a1, -1283
core   0: 3 0x80002d0c (0xafd58593) x11 0xffff4afd
core   0: 0x80002d10 (0x00b50633) add     a2, a0, a1
core   0: 3 0x80002d10 (0x00b50633) x12 0x6665b162
core   0: 0x80002d14 (0x7ac0a223) sw      a2, 1956(ra)
core   0: 3 0x80002d14 (0x7ac0a223) mem 0x80006930 0x6665b162
core   0: 0x80002d18 (0x66666537) lui     a0, 0x66666
core   0: 3 0x80002d18 (0x66666537) x10 0x66666000
core   0: 0x80002d1c (0x66550513) addi    a0, a0, 1637
core   0: 3 0x80002d1c (0x66550513) x10 0x66666665
core   0: 0x80002d20 (0x0000b5b7) lui     a1, 0xb
core   0: 3 0x80002d20 (0x0000b5b7) x11 0x0000b000
core   0: 0x80002d24 (0x50558593) addi    a1, a1, 1285
core   0: 3 0x80002d24 (0x50558593) x11 0x0000b505
core   0: 0x80002d28 (0x00b50633) add     a2, a0, a1
core   0: 3 0x80002d28 (0x00b50633) x12 0x66671b6a
core   0: 0x80002d2c (0x7ac0a423) sw      a2, 1960(ra)
core   0: 3 0x80002d2c (0x7ac0a423) mem 0x80006934 0x66671b6a
core   0: 0x80002d30 (0x0000b537) lui     a0, 0xb
core   0: 3 0x80002d30 (0x0000b537) x10 0x0000b000
core   0: 0x80002d34 (0x50350513) addi    a0, a0, 1283
core   0: 3 0x80002d34 (0x50350513) x10 0x0000b503
core   0: 0x80002d38 (0x00300593) li      a1, 3
core   0: 3 0x80002d38 (0x00300593) x11 0x00000003
core   0: 0x80002d3c (0x00b50633) add     a2, a0, a1
core   0: 3 0x80002d3c (0x00b50633) x12 0x0000b506
core   0: 0x80002d40 (0x7ac0a623) sw      a2, 1964(ra)
core   0: 3 0x80002d40 (0x7ac0a623) mem 0x80006938 0x0000b506
core   0: 0x80002d44 (0x0000b537) lui     a0, 0xb
core   0: 3 0x80002d44 (0x0000b537) x10 0x0000b000
core   0: 0x80002d48 (0x50350513) addi    a0, a0, 1283
core   0: 3 0x80002d48 (0x50350513) x10 0x0000b503
core   0: 0x80002d4c (0x555555b7) lui     a1, 0x55555
core   0: 3 0x80002d4c (0x555555b7) x11 0x55555000
core   0: 0x80002d50 (0x55558593) addi    a1, a1, 1365
core   0: 3 0x80002d50 (0x55558593) x11 0x55555555
core   0: 0x80002d54 (0x00b50633) add     a2, a0, a1
core   0: 3 0x80002d54 (0x00b50633) x12 0x55560a58
core   0: 0x80002d58 (0x7ac0a823) sw      a2, 1968(ra)
core   0: 3 0x80002d58 (0x7ac0a823) mem 0x8000693c 0x55560a58
core   0: 0x80002d5c (0x0000b537) lui     a0, 0xb
core   0: 3 0x80002d5c (0x0000b537) x10 0x0000b000
core   0: 0x80002d60 (0x50350513) addi    a0, a0, 1283
core   0: 3 0x80002d60 (0x50350513) x10 0x0000b503
core   0: 0x80002d64 (0xaaaab5b7) lui     a1, 0xaaaab
core   0: 3 0x80002d64 (0xaaaab5b7) x11 0xaaaab000
core   0: 0x80002d68 (0xaaa58593) addi    a1, a1, -1366
core   0: 3 0x80002d68 (0xaaa58593) x11 0xaaaaaaaa
core   0: 0x80002d6c (0x00b50633) add     a2, a0, a1
core   0: 3 0x80002d6c (0x00b50633) x12 0xaaab5fad
core   0: 0x80002d70 (0x7ac0aa23) sw      a2, 1972(ra)
core   0: 3 0x80002d70 (0x7ac0aa23) mem 0x80006940 0xaaab5fad
core   0: 0x80002d74 (0x0000b537) lui     a0, 0xb
core   0: 3 0x80002d74 (0x0000b537) x10 0x0000b000
core   0: 0x80002d78 (0x50350513) addi    a0, a0, 1283
core   0: 3 0x80002d78 (0x50350513) x10 0x0000b503
core   0: 0x80002d7c (0x00500593) li      a1, 5
core   0: 3 0x80002d7c (0x00500593) x11 0x00000005
core   0: 0x80002d80 (0x00b50633) add     a2, a0, a1
core   0: 3 0x80002d80 (0x00b50633) x12 0x0000b508
core   0: 0x80002d84 (0x7ac0ac23) sw      a2, 1976(ra)
core   0: 3 0x80002d84 (0x7ac0ac23) mem 0x80006944 0x0000b508
core   0: 0x80002d88 (0x0000b537) lui     a0, 0xb
core   0: 3 0x80002d88 (0x0000b537) x10 0x0000b000
core   0: 0x80002d8c (0x50350513) addi    a0, a0, 1283
core   0: 3 0x80002d8c (0x50350513) x10 0x0000b503
core   0: 0x80002d90 (0x333335b7) lui     a1, 0x33333
core   0: 3 0x80002d90 (0x333335b7) x11 0x33333000
core   0: 0x80002d94 (0x33358593) addi    a1, a1, 819
core   0: 3 0x80002d94 (0x33358593) x11 0x33333333
core   0: 0x80002d98 (0x00b50633) add     a2, a0, a1
core   0: 3 0x80002d98 (0x00b50633) x12 0x3333e836
core   0: 0x80002d9c (0x7ac0ae23) sw      a2, 1980(ra)
core   0: 3 0x80002d9c (0x7ac0ae23) mem 0x80006948 0x3333e836
core   0: 0x80002da0 (0x0000b537) lui     a0, 0xb
core   0: 3 0x80002da0 (0x0000b537) x10 0x0000b000
core   0: 0x80002da4 (0x50350513) addi    a0, a0, 1283
core   0: 3 0x80002da4 (0x50350513) x10 0x0000b503
core   0: 0x80002da8 (0x666665b7) lui     a1, 0x66666
core   0: 3 0x80002da8 (0x666665b7) x11 0x66666000
core   0: 0x80002dac (0x66658593) addi    a1, a1, 1638
core   0: 3 0x80002dac (0x66658593) x11 0x66666666
core   0: 0x80002db0 (0x00b50633) add     a2, a0, a1
core   0: 3 0x80002db0 (0x00b50633) x12 0x66671b69
core   0: 0x80002db4 (0x7cc0a023) sw      a2, 1984(ra)
core   0: 3 0x80002db4 (0x7cc0a023) mem 0x8000694c 0x66671b69
core   0: 0x80002db8 (0x0000b537) lui     a0, 0xb
core   0: 3 0x80002db8 (0x0000b537) x10 0x0000b000
core   0: 0x80002dbc (0x50350513) addi    a0, a0, 1283
core   0: 3 0x80002dbc (0x50350513) x10 0x0000b503
core   0: 0x80002dc0 (0xffff55b7) lui     a1, 0xffff5
core   0: 3 0x80002dc0 (0xffff55b7) x11 0xffff5000
core   0: 0x80002dc4 (0xafc58593) addi    a1, a1, -1284
core   0: 3 0x80002dc4 (0xafc58593) x11 0xffff4afc
core   0: 0x80002dc8 (0x00b50633) add     a2, a0, a1
core   0: 3 0x80002dc8 (0x00b50633) x12 0xffffffff
core   0: 0x80002dcc (0x7cc0a223) sw      a2, 1988(ra)
core   0: 3 0x80002dcc (0x7cc0a223) mem 0x80006950 0xffffffff
core   0: 0x80002dd0 (0x0000b537) lui     a0, 0xb
core   0: 3 0x80002dd0 (0x0000b537) x10 0x0000b000
core   0: 0x80002dd4 (0x50350513) addi    a0, a0, 1283
core   0: 3 0x80002dd4 (0x50350513) x10 0x0000b503
core   0: 0x80002dd8 (0x0000b5b7) lui     a1, 0xb
core   0: 3 0x80002dd8 (0x0000b5b7) x11 0x0000b000
core   0: 0x80002ddc (0x50458593) addi    a1, a1, 1284
core   0: 3 0x80002ddc (0x50458593) x11 0x0000b504
core   0: 0x80002de0 (0x00b50633) add     a2, a0, a1
core   0: 3 0x80002de0 (0x00b50633) x12 0x00016a07
core   0: 0x80002de4 (0x7cc0a423) sw      a2, 1992(ra)
core   0: 3 0x80002de4 (0x7cc0a423) mem 0x80006954 0x00016a07
core   0: 0x80002de8 (0x0000b537) lui     a0, 0xb
core   0: 3 0x80002de8 (0x0000b537) x10 0x0000b000
core   0: 0x80002dec (0x50350513) addi    a0, a0, 1283
core   0: 3 0x80002dec (0x50350513) x10 0x0000b503
core   0: 0x80002df0 (0x00200593) li      a1, 2
core   0: 3 0x80002df0 (0x00200593) x11 0x00000002
core   0: 0x80002df4 (0x00b50633) add     a2, a0, a1
core   0: 3 0x80002df4 (0x00b50633) x12 0x0000b505
core   0: 0x80002df8 (0x7cc0a623) sw      a2, 1996(ra)
core   0: 3 0x80002df8 (0x7cc0a623) mem 0x80006958 0x0000b505
core   0: 0x80002dfc (0x0000b537) lui     a0, 0xb
core   0: 3 0x80002dfc (0x0000b537) x10 0x0000b000
core   0: 0x80002e00 (0x50350513) addi    a0, a0, 1283
core   0: 3 0x80002e00 (0x50350513) x10 0x0000b503
core   0: 0x80002e04 (0x555555b7) lui     a1, 0x55555
core   0: 3 0x80002e04 (0x555555b7) x11 0x55555000
core   0: 0x80002e08 (0x55458593) addi    a1, a1, 1364
core   0: 3 0x80002e08 (0x55458593) x11 0x55555554
core   0: 0x80002e0c (0x00b50633) add     a2, a0, a1
core   0: 3 0x80002e0c (0x00b50633) x12 0x55560a57
core   0: 0x80002e10 (0x7cc0a823) sw      a2, 2000(ra)
core   0: 3 0x80002e10 (0x7cc0a823) mem 0x8000695c 0x55560a57
core   0: 0x80002e14 (0x0000b537) lui     a0, 0xb
core   0: 3 0x80002e14 (0x0000b537) x10 0x0000b000
core   0: 0x80002e18 (0x50350513) addi    a0, a0, 1283
core   0: 3 0x80002e18 (0x50350513) x10 0x0000b503
core   0: 0x80002e1c (0x00000593) li      a1, 0
core   0: 3 0x80002e1c (0x00000593) x11 0x00000000
core   0: 0x80002e20 (0x00b50633) add     a2, a0, a1
core   0: 3 0x80002e20 (0x00b50633) x12 0x0000b503
core   0: 0x80002e24 (0x7cc0aa23) sw      a2, 2004(ra)
core   0: 3 0x80002e24 (0x7cc0aa23) mem 0x80006960 0x0000b503
core   0: 0x80002e28 (0x0000b537) lui     a0, 0xb
core   0: 3 0x80002e28 (0x0000b537) x10 0x0000b000
core   0: 0x80002e2c (0x50350513) addi    a0, a0, 1283
core   0: 3 0x80002e2c (0x50350513) x10 0x0000b503
core   0: 0x80002e30 (0x00400593) li      a1, 4
core   0: 3 0x80002e30 (0x00400593) x11 0x00000004
core   0: 0x80002e34 (0x00b50633) add     a2, a0, a1
core   0: 3 0x80002e34 (0x00b50633) x12 0x0000b507
core   0: 0x80002e38 (0x7cc0ac23) sw      a2, 2008(ra)
core   0: 3 0x80002e38 (0x7cc0ac23) mem 0x80006964 0x0000b507
core   0: 0x80002e3c (0x0000b537) lui     a0, 0xb
core   0: 3 0x80002e3c (0x0000b537) x10 0x0000b000
core   0: 0x80002e40 (0x50350513) addi    a0, a0, 1283
core   0: 3 0x80002e40 (0x50350513) x10 0x0000b503
core   0: 0x80002e44 (0x333335b7) lui     a1, 0x33333
core   0: 3 0x80002e44 (0x333335b7) x11 0x33333000
core   0: 0x80002e48 (0x33258593) addi    a1, a1, 818
core   0: 3 0x80002e48 (0x33258593) x11 0x33333332
core   0: 0x80002e4c (0x00b50633) add     a2, a0, a1
core   0: 3 0x80002e4c (0x00b50633) x12 0x3333e835
core   0: 0x80002e50 (0x7cc0ae23) sw      a2, 2012(ra)
core   0: 3 0x80002e50 (0x7cc0ae23) mem 0x80006968 0x3333e835
core   0: 0x80002e54 (0x0000b537) lui     a0, 0xb
core   0: 3 0x80002e54 (0x0000b537) x10 0x0000b000
core   0: 0x80002e58 (0x50350513) addi    a0, a0, 1283
core   0: 3 0x80002e58 (0x50350513) x10 0x0000b503
core   0: 0x80002e5c (0x666665b7) lui     a1, 0x66666
core   0: 3 0x80002e5c (0x666665b7) x11 0x66666000
core   0: 0x80002e60 (0x66558593) addi    a1, a1, 1637
core   0: 3 0x80002e60 (0x66558593) x11 0x66666665
core   0: 0x80002e64 (0x00b50633) add     a2, a0, a1
core   0: 3 0x80002e64 (0x00b50633) x12 0x66671b68
core   0: 0x80002e68 (0x7ec0a023) sw      a2, 2016(ra)
core   0: 3 0x80002e68 (0x7ec0a023) mem 0x8000696c 0x66671b68
core   0: 0x80002e6c (0x0000b537) lui     a0, 0xb
core   0: 3 0x80002e6c (0x0000b537) x10 0x0000b000
core   0: 0x80002e70 (0x50350513) addi    a0, a0, 1283
core   0: 3 0x80002e70 (0x50350513) x10 0x0000b503
core   0: 0x80002e74 (0x0000b5b7) lui     a1, 0xb
core   0: 3 0x80002e74 (0x0000b5b7) x11 0x0000b000
core   0: 0x80002e78 (0x50358593) addi    a1, a1, 1283
core   0: 3 0x80002e78 (0x50358593) x11 0x0000b503
core   0: 0x80002e7c (0x00b50633) add     a2, a0, a1
core   0: 3 0x80002e7c (0x00b50633) x12 0x00016a06
core   0: 0x80002e80 (0x7ec0a223) sw      a2, 2020(ra)
core   0: 3 0x80002e80 (0x7ec0a223) mem 0x80006970 0x00016a06
core   0: 0x80002e84 (0x0000b537) lui     a0, 0xb
core   0: 3 0x80002e84 (0x0000b537) x10 0x0000b000
core   0: 0x80002e88 (0x50350513) addi    a0, a0, 1283
core   0: 3 0x80002e88 (0x50350513) x10 0x0000b503
core   0: 0x80002e8c (0x555555b7) lui     a1, 0x55555
core   0: 3 0x80002e8c (0x555555b7) x11 0x55555000
core   0: 0x80002e90 (0x55658593) addi    a1, a1, 1366
core   0: 3 0x80002e90 (0x55658593) x11 0x55555556
core   0: 0x80002e94 (0x00b50633) add     a2, a0, a1
core   0: 3 0x80002e94 (0x00b50633) x12 0x55560a59
core   0: 0x80002e98 (0x7ec0a423) sw      a2, 2024(ra)
core   0: 3 0x80002e98 (0x7ec0a423) mem 0x80006974 0x55560a59
core   0: 0x80002e9c (0x0000b537) lui     a0, 0xb
core   0: 3 0x80002e9c (0x0000b537) x10 0x0000b000
core   0: 0x80002ea0 (0x50350513) addi    a0, a0, 1283
core   0: 3 0x80002ea0 (0x50350513) x10 0x0000b503
core   0: 0x80002ea4 (0xaaaab5b7) lui     a1, 0xaaaab
core   0: 3 0x80002ea4 (0xaaaab5b7) x11 0xaaaab000
core   0: 0x80002ea8 (0xaab58593) addi    a1, a1, -1365
core   0: 3 0x80002ea8 (0xaab58593) x11 0xaaaaaaab
core   0: 0x80002eac (0x00b50633) add     a2, a0, a1
core   0: 3 0x80002eac (0x00b50633) x12 0xaaab5fae
core   0: 0x80002eb0 (0x7ec0a623) sw      a2, 2028(ra)
core   0: 3 0x80002eb0 (0x7ec0a623) mem 0x80006978 0xaaab5fae
core   0: 0x80002eb4 (0x0000b537) lui     a0, 0xb
core   0: 3 0x80002eb4 (0x0000b537) x10 0x0000b000
core   0: 0x80002eb8 (0x50350513) addi    a0, a0, 1283
core   0: 3 0x80002eb8 (0x50350513) x10 0x0000b503
core   0: 0x80002ebc (0x00600593) li      a1, 6
core   0: 3 0x80002ebc (0x00600593) x11 0x00000006
core   0: 0x80002ec0 (0x00b50633) add     a2, a0, a1
core   0: 3 0x80002ec0 (0x00b50633) x12 0x0000b509
core   0: 0x80002ec4 (0x7ec0a823) sw      a2, 2032(ra)
core   0: 3 0x80002ec4 (0x7ec0a823) mem 0x8000697c 0x0000b509
core   0: 0x80002ec8 (0x0000b537) lui     a0, 0xb
core   0: 3 0x80002ec8 (0x0000b537) x10 0x0000b000
core   0: 0x80002ecc (0x50350513) addi    a0, a0, 1283
core   0: 3 0x80002ecc (0x50350513) x10 0x0000b503
core   0: 0x80002ed0 (0x333335b7) lui     a1, 0x33333
core   0: 3 0x80002ed0 (0x333335b7) x11 0x33333000
core   0: 0x80002ed4 (0x33458593) addi    a1, a1, 820
core   0: 3 0x80002ed4 (0x33458593) x11 0x33333334
core   0: 0x80002ed8 (0x00b50633) add     a2, a0, a1
core   0: 3 0x80002ed8 (0x00b50633) x12 0x3333e837
core   0: 0x80002edc (0x7ec0aa23) sw      a2, 2036(ra)
core   0: 3 0x80002edc (0x7ec0aa23) mem 0x80006980 0x3333e837
core   0: 0x80002ee0 (0x0000b537) lui     a0, 0xb
core   0: 3 0x80002ee0 (0x0000b537) x10 0x0000b000
core   0: 0x80002ee4 (0x50350513) addi    a0, a0, 1283
core   0: 3 0x80002ee4 (0x50350513) x10 0x0000b503
core   0: 0x80002ee8 (0x666665b7) lui     a1, 0x66666
core   0: 3 0x80002ee8 (0x666665b7) x11 0x66666000
core   0: 0x80002eec (0x66758593) addi    a1, a1, 1639
core   0: 3 0x80002eec (0x66758593) x11 0x66666667
core   0: 0x80002ef0 (0x00b50633) add     a2, a0, a1
core   0: 3 0x80002ef0 (0x00b50633) x12 0x66671b6a
core   0: 0x80002ef4 (0x7ec0ac23) sw      a2, 2040(ra)
core   0: 3 0x80002ef4 (0x7ec0ac23) mem 0x80006984 0x66671b6a
core   0: 0x80002ef8 (0x0000b537) lui     a0, 0xb
core   0: 3 0x80002ef8 (0x0000b537) x10 0x0000b000
core   0: 0x80002efc (0x50350513) addi    a0, a0, 1283
core   0: 3 0x80002efc (0x50350513) x10 0x0000b503
core   0: 0x80002f00 (0xffff55b7) lui     a1, 0xffff5
core   0: 3 0x80002f00 (0xffff55b7) x11 0xffff5000
core   0: 0x80002f04 (0xafd58593) addi    a1, a1, -1283
core   0: 3 0x80002f04 (0xafd58593) x11 0xffff4afd
core   0: 0x80002f08 (0x00b50633) add     a2, a0, a1
core   0: 3 0x80002f08 (0x00b50633) x12 0x00000000
core   0: 0x80002f0c (0x7ec0ae23) sw      a2, 2044(ra)
core   0: 3 0x80002f0c (0x7ec0ae23) mem 0x80006988 0x00000000
core   0: 0x80002f10 (0x00000013) nop
core   0: 3 0x80002f10 (0x00000013)
core   0: 0x80002f14 (0x00000013) nop
core   0: 3 0x80002f14 (0x00000013)
core   0: 0x80002f18 (0x00000013) nop
core   0: 3 0x80002f18 (0x00000013)
core   0: 0x80002f1c (0x00000013) nop
core   0: 3 0x80002f1c (0x00000013)
core   0: 0x80002f20 (0x00004097) auipc   ra, 0x4
core   0: 3 0x80002f20 (0x00004097) x1  0x80006f20
core   0: 0x80002f24 (0xa6c08093) addi    ra, ra, -1428
core   0: 3 0x80002f24 (0xa6c08093) x1  0x8000698c
core   0: 0x80002f28 (0x00000001) c.nop
core   0: 3 0x80002f28 (0x0001)
core   0: 0x80002f2a (0x00000013) nop
core   0: 3 0x80002f2a (0x00000013)
core   0: 0x80002f2e (0x00000013) nop
core   0: 3 0x80002f2e (0x00000013)
core   0: 0x80002f32 (0x00000013) nop
core   0: 3 0x80002f32 (0x00000013)
core   0: 0x80002f36 (0x00000013) nop
core   0: 3 0x80002f36 (0x00000013)
core   0: 0x80002f3a (0x00000013) nop
core   0: 3 0x80002f3a (0x00000013)
core   0: 0x80002f3e (0x00000001) c.nop
core   0: 3 0x80002f3e (0x0001)
core   0: 0x80002f40 (0x0000b537) lui     a0, 0xb
core   0: 3 0x80002f40 (0x0000b537) x10 0x0000b000
core   0: 0x80002f44 (0x50350513) addi    a0, a0, 1283
core   0: 3 0x80002f44 (0x50350513) x10 0x0000b503
core   0: 0x80002f48 (0x0000b5b7) lui     a1, 0xb
core   0: 3 0x80002f48 (0x0000b5b7) x11 0x0000b000
core   0: 0x80002f4c (0x50558593) addi    a1, a1, 1285
core   0: 3 0x80002f4c (0x50558593) x11 0x0000b505
core   0: 0x80002f50 (0x00b50633) add     a2, a0, a1
core   0: 3 0x80002f50 (0x00b50633) x12 0x00016a08
core   0: 0x80002f54 (0x00c0a023) sw      a2, 0(ra)
core   0: 3 0x80002f54 (0x00c0a023) mem 0x8000698c 0x00016a08
core   0: 0x80002f58 (0x55555537) lui     a0, 0x55555
core   0: 3 0x80002f58 (0x55555537) x10 0x55555000
core   0: 0x80002f5c (0x55650513) addi    a0, a0, 1366
core   0: 3 0x80002f5c (0x55650513) x10 0x55555556
core   0: 0x80002f60 (0x00300593) li      a1, 3
core   0: 3 0x80002f60 (0x00300593) x11 0x00000003
core   0: 0x80002f64 (0x00b50633) add     a2, a0, a1
core   0: 3 0x80002f64 (0x00b50633) x12 0x55555559
core   0: 0x80002f68 (0x00c0a223) sw      a2, 4(ra)
core   0: 3 0x80002f68 (0x00c0a223) mem 0x80006990 0x55555559
core   0: 0x80002f6c (0x55555537) lui     a0, 0x55555
core   0: 3 0x80002f6c (0x55555537) x10 0x55555000
core   0: 0x80002f70 (0x55650513) addi    a0, a0, 1366
core   0: 3 0x80002f70 (0x55650513) x10 0x55555556
core   0: 0x80002f74 (0x555555b7) lui     a1, 0x55555
core   0: 3 0x80002f74 (0x555555b7) x11 0x55555000
core   0: 0x80002f78 (0x55558593) addi    a1, a1, 1365
core   0: 3 0x80002f78 (0x55558593) x11 0x55555555
core   0: 0x80002f7c (0x00b50633) add     a2, a0, a1
core   0: 3 0x80002f7c (0x00b50633) x12 0xaaaaaaab
core   0: 0x80002f80 (0x00c0a423) sw      a2, 8(ra)
core   0: 3 0x80002f80 (0x00c0a423) mem 0x80006994 0xaaaaaaab
core   0: 0x80002f84 (0x55555537) lui     a0, 0x55555
core   0: 3 0x80002f84 (0x55555537) x10 0x55555000
core   0: 0x80002f88 (0x55650513) addi    a0, a0, 1366
core   0: 3 0x80002f88 (0x55650513) x10 0x55555556
core   0: 0x80002f8c (0xaaaab5b7) lui     a1, 0xaaaab
core   0: 3 0x80002f8c (0xaaaab5b7) x11 0xaaaab000
core   0: 0x80002f90 (0xaaa58593) addi    a1, a1, -1366
core   0: 3 0x80002f90 (0xaaa58593) x11 0xaaaaaaaa
core   0: 0x80002f94 (0x00b50633) add     a2, a0, a1
core   0: 3 0x80002f94 (0x00b50633) x12 0x00000000
core   0: 0x80002f98 (0x00c0a623) sw      a2, 12(ra)
core   0: 3 0x80002f98 (0x00c0a623) mem 0x80006998 0x00000000
core   0: 0x80002f9c (0x55555537) lui     a0, 0x55555
core   0: 3 0x80002f9c (0x55555537) x10 0x55555000
core   0: 0x80002fa0 (0x55650513) addi    a0, a0, 1366
core   0: 3 0x80002fa0 (0x55650513) x10 0x55555556
core   0: 0x80002fa4 (0x00500593) li      a1, 5
core   0: 3 0x80002fa4 (0x00500593) x11 0x00000005
core   0: 0x80002fa8 (0x00b50633) add     a2, a0, a1
core   0: 3 0x80002fa8 (0x00b50633) x12 0x5555555b
core   0: 0x80002fac (0x00c0a823) sw      a2, 16(ra)
core   0: 3 0x80002fac (0x00c0a823) mem 0x8000699c 0x5555555b
core   0: 0x80002fb0 (0x55555537) lui     a0, 0x55555
core   0: 3 0x80002fb0 (0x55555537) x10 0x55555000
core   0: 0x80002fb4 (0x55650513) addi    a0, a0, 1366
core   0: 3 0x80002fb4 (0x55650513) x10 0x55555556
core   0: 0x80002fb8 (0x333335b7) lui     a1, 0x33333
core   0: 3 0x80002fb8 (0x333335b7) x11 0x33333000
core   0: 0x80002fbc (0x33358593) addi    a1, a1, 819
core   0: 3 0x80002fbc (0x33358593) x11 0x33333333
core   0: 0x80002fc0 (0x00b50633) add     a2, a0, a1
core   0: 3 0x80002fc0 (0x00b50633) x12 0x88888889
core   0: 0x80002fc4 (0x00c0aa23) sw      a2, 20(ra)
core   0: 3 0x80002fc4 (0x00c0aa23) mem 0x800069a0 0x88888889
core   0: 0x80002fc8 (0x55555537) lui     a0, 0x55555
core   0: 3 0x80002fc8 (0x55555537) x10 0x55555000
core   0: 0x80002fcc (0x55650513) addi    a0, a0, 1366
core   0: 3 0x80002fcc (0x55650513) x10 0x55555556
core   0: 0x80002fd0 (0x666665b7) lui     a1, 0x66666
core   0: 3 0x80002fd0 (0x666665b7) x11 0x66666000
core   0: 0x80002fd4 (0x66658593) addi    a1, a1, 1638
core   0: 3 0x80002fd4 (0x66658593) x11 0x66666666
core   0: 0x80002fd8 (0x00b50633) add     a2, a0, a1
core   0: 3 0x80002fd8 (0x00b50633) x12 0xbbbbbbbc
core   0: 0x80002fdc (0x00c0ac23) sw      a2, 24(ra)
core   0: 3 0x80002fdc (0x00c0ac23) mem 0x800069a4 0xbbbbbbbc
core   0: 0x80002fe0 (0x55555537) lui     a0, 0x55555
core   0: 3 0x80002fe0 (0x55555537) x10 0x55555000
core   0: 0x80002fe4 (0x55650513) addi    a0, a0, 1366
core   0: 3 0x80002fe4 (0x55650513) x10 0x55555556
core   0: 0x80002fe8 (0xffff55b7) lui     a1, 0xffff5
core   0: 3 0x80002fe8 (0xffff55b7) x11 0xffff5000
core   0: 0x80002fec (0xafc58593) addi    a1, a1, -1284
core   0: 3 0x80002fec (0xafc58593) x11 0xffff4afc
core   0: 0x80002ff0 (0x00b50633) add     a2, a0, a1
core   0: 3 0x80002ff0 (0x00b50633) x12 0x5554a052
core   0: 0x80002ff4 (0x00c0ae23) sw      a2, 28(ra)
core   0: 3 0x80002ff4 (0x00c0ae23) mem 0x800069a8 0x5554a052
core   0: 0x80002ff8 (0x55555537) lui     a0, 0x55555
core   0: 3 0x80002ff8 (0x55555537) x10 0x55555000
core   0: 0x80002ffc (0x55650513) addi    a0, a0, 1366
core   0: 3 0x80002ffc (0x55650513) x10 0x55555556
core   0: 0x80003000 (0x0000b5b7) lui     a1, 0xb
core   0: 3 0x80003000 (0x0000b5b7) x11 0x0000b000
core   0: 0x80003004 (0x50458593) addi    a1, a1, 1284
core   0: 3 0x80003004 (0x50458593) x11 0x0000b504
core   0: 0x80003008 (0x00b50633) add     a2, a0, a1
core   0: 3 0x80003008 (0x00b50633) x12 0x55560a5a
core   0: 0x8000300c (0x02c0a023) sw      a2, 32(ra)
core   0: 3 0x8000300c (0x02c0a023) mem 0x800069ac 0x55560a5a
core   0: 0x80003010 (0x55555537) lui     a0, 0x55555
core   0: 3 0x80003010 (0x55555537) x10 0x55555000
core   0: 0x80003014 (0x55650513) addi    a0, a0, 1366
core   0: 3 0x80003014 (0x55650513) x10 0x55555556
core   0: 0x80003018 (0x00200593) li      a1, 2
core   0: 3 0x80003018 (0x00200593) x11 0x00000002
core   0: 0x8000301c (0x00b50633) add     a2, a0, a1
core   0: 3 0x8000301c (0x00b50633) x12 0x55555558
core   0: 0x80003020 (0x02c0a223) sw      a2, 36(ra)
core   0: 3 0x80003020 (0x02c0a223) mem 0x800069b0 0x55555558
core   0: 0x80003024 (0x55555537) lui     a0, 0x55555
core   0: 3 0x80003024 (0x55555537) x10 0x55555000
core   0: 0x80003028 (0x55650513) addi    a0, a0, 1366
core   0: 3 0x80003028 (0x55650513) x10 0x55555556
core   0: 0x8000302c (0x555555b7) lui     a1, 0x55555
core   0: 3 0x8000302c (0x555555b7) x11 0x55555000
core   0: 0x80003030 (0x55458593) addi    a1, a1, 1364
core   0: 3 0x80003030 (0x55458593) x11 0x55555554
core   0: 0x80003034 (0x00b50633) add     a2, a0, a1
core   0: 3 0x80003034 (0x00b50633) x12 0xaaaaaaaa
core   0: 0x80003038 (0x02c0a423) sw      a2, 40(ra)
core   0: 3 0x80003038 (0x02c0a423) mem 0x800069b4 0xaaaaaaaa
core   0: 0x8000303c (0x55555537) lui     a0, 0x55555
core   0: 3 0x8000303c (0x55555537) x10 0x55555000
core   0: 0x80003040 (0x55650513) addi    a0, a0, 1366
core   0: 3 0x80003040 (0x55650513) x10 0x55555556
core   0: 0x80003044 (0x00000593) li      a1, 0
core   0: 3 0x80003044 (0x00000593) x11 0x00000000
core   0: 0x80003048 (0x00b50633) add     a2, a0, a1
core   0: 3 0x80003048 (0x00b50633) x12 0x55555556
core   0: 0x8000304c (0x02c0a623) sw      a2, 44(ra)
core   0: 3 0x8000304c (0x02c0a623) mem 0x800069b8 0x55555556
core   0: 0x80003050 (0x55555537) lui     a0, 0x55555
core   0: 3 0x80003050 (0x55555537) x10 0x55555000
core   0: 0x80003054 (0x55650513) addi    a0, a0, 1366
core   0: 3 0x80003054 (0x55650513) x10 0x55555556
core   0: 0x80003058 (0x00400593) li      a1, 4
core   0: 3 0x80003058 (0x00400593) x11 0x00000004
core   0: 0x8000305c (0x00b50633) add     a2, a0, a1
core   0: 3 0x8000305c (0x00b50633) x12 0x5555555a
core   0: 0x80003060 (0x02c0a823) sw      a2, 48(ra)
core   0: 3 0x80003060 (0x02c0a823) mem 0x800069bc 0x5555555a
core   0: 0x80003064 (0x55555537) lui     a0, 0x55555
core   0: 3 0x80003064 (0x55555537) x10 0x55555000
core   0: 0x80003068 (0x55650513) addi    a0, a0, 1366
core   0: 3 0x80003068 (0x55650513) x10 0x55555556
core   0: 0x8000306c (0x333335b7) lui     a1, 0x33333
core   0: 3 0x8000306c (0x333335b7) x11 0x33333000
core   0: 0x80003070 (0x33258593) addi    a1, a1, 818
core   0: 3 0x80003070 (0x33258593) x11 0x33333332
core   0: 0x80003074 (0x00b50633) add     a2, a0, a1
core   0: 3 0x80003074 (0x00b50633) x12 0x88888888
core   0: 0x80003078 (0x02c0aa23) sw      a2, 52(ra)
core   0: 3 0x80003078 (0x02c0aa23) mem 0x800069c0 0x88888888
core   0: 0x8000307c (0x55555537) lui     a0, 0x55555
core   0: 3 0x8000307c (0x55555537) x10 0x55555000
core   0: 0x80003080 (0x55650513) addi    a0, a0, 1366
core   0: 3 0x80003080 (0x55650513) x10 0x55555556
core   0: 0x80003084 (0x666665b7) lui     a1, 0x66666
core   0: 3 0x80003084 (0x666665b7) x11 0x66666000
core   0: 0x80003088 (0x66558593) addi    a1, a1, 1637
core   0: 3 0x80003088 (0x66558593) x11 0x66666665
core   0: 0x8000308c (0x00b50633) add     a2, a0, a1
core   0: 3 0x8000308c (0x00b50633) x12 0xbbbbbbbb
core   0: 0x80003090 (0x02c0ac23) sw      a2, 56(ra)
core   0: 3 0x80003090 (0x02c0ac23) mem 0x800069c4 0xbbbbbbbb
core   0: 0x80003094 (0x55555537) lui     a0, 0x55555
core   0: 3 0x80003094 (0x55555537) x10 0x55555000
core   0: 0x80003098 (0x55650513) addi    a0, a0, 1366
core   0: 3 0x80003098 (0x55650513) x10 0x55555556
core   0: 0x8000309c (0x0000b5b7) lui     a1, 0xb
core   0: 3 0x8000309c (0x0000b5b7) x11 0x0000b000
core   0: 0x800030a0 (0x50358593) addi    a1, a1, 1283
core   0: 3 0x800030a0 (0x50358593) x11 0x0000b503
core   0: 0x800030a4 (0x00b50633) add     a2, a0, a1
core   0: 3 0x800030a4 (0x00b50633) x12 0x55560a59
core   0: 0x800030a8 (0x02c0ae23) sw      a2, 60(ra)
core   0: 3 0x800030a8 (0x02c0ae23) mem 0x800069c8 0x55560a59
core   0: 0x800030ac (0x55555537) lui     a0, 0x55555
core   0: 3 0x800030ac (0x55555537) x10 0x55555000
core   0: 0x800030b0 (0x55650513) addi    a0, a0, 1366
core   0: 3 0x800030b0 (0x55650513) x10 0x55555556
core   0: 0x800030b4 (0xaaaab5b7) lui     a1, 0xaaaab
core   0: 3 0x800030b4 (0xaaaab5b7) x11 0xaaaab000
core   0: 0x800030b8 (0xaab58593) addi    a1, a1, -1365
core   0: 3 0x800030b8 (0xaab58593) x11 0xaaaaaaab
core   0: 0x800030bc (0x00b50633) add     a2, a0, a1
core   0: 3 0x800030bc (0x00b50633) x12 0x00000001
core   0: 0x800030c0 (0x04c0a023) sw      a2, 64(ra)
core   0: 3 0x800030c0 (0x04c0a023) mem 0x800069cc 0x00000001
core   0: 0x800030c4 (0x55555537) lui     a0, 0x55555
core   0: 3 0x800030c4 (0x55555537) x10 0x55555000
core   0: 0x800030c8 (0x55650513) addi    a0, a0, 1366
core   0: 3 0x800030c8 (0x55650513) x10 0x55555556
core   0: 0x800030cc (0x00600593) li      a1, 6
core   0: 3 0x800030cc (0x00600593) x11 0x00000006
core   0: 0x800030d0 (0x00b50633) add     a2, a0, a1
core   0: 3 0x800030d0 (0x00b50633) x12 0x5555555c
core   0: 0x800030d4 (0x04c0a223) sw      a2, 68(ra)
core   0: 3 0x800030d4 (0x04c0a223) mem 0x800069d0 0x5555555c
core   0: 0x800030d8 (0x55555537) lui     a0, 0x55555
core   0: 3 0x800030d8 (0x55555537) x10 0x55555000
core   0: 0x800030dc (0x55650513) addi    a0, a0, 1366
core   0: 3 0x800030dc (0x55650513) x10 0x55555556
core   0: 0x800030e0 (0x333335b7) lui     a1, 0x33333
core   0: 3 0x800030e0 (0x333335b7) x11 0x33333000
core   0: 0x800030e4 (0x33458593) addi    a1, a1, 820
core   0: 3 0x800030e4 (0x33458593) x11 0x33333334
core   0: 0x800030e8 (0x00b50633) add     a2, a0, a1
core   0: 3 0x800030e8 (0x00b50633) x12 0x8888888a
core   0: 0x800030ec (0x04c0a423) sw      a2, 72(ra)
core   0: 3 0x800030ec (0x04c0a423) mem 0x800069d4 0x8888888a
core   0: 0x800030f0 (0x55555537) lui     a0, 0x55555
core   0: 3 0x800030f0 (0x55555537) x10 0x55555000
core   0: 0x800030f4 (0x55650513) addi    a0, a0, 1366
core   0: 3 0x800030f4 (0x55650513) x10 0x55555556
core   0: 0x800030f8 (0x666665b7) lui     a1, 0x66666
core   0: 3 0x800030f8 (0x666665b7) x11 0x66666000
core   0: 0x800030fc (0x66758593) addi    a1, a1, 1639
core   0: 3 0x800030fc (0x66758593) x11 0x66666667
core   0: 0x80003100 (0x00b50633) add     a2, a0, a1
core   0: 3 0x80003100 (0x00b50633) x12 0xbbbbbbbd
core   0: 0x80003104 (0x04c0a623) sw      a2, 76(ra)
core   0: 3 0x80003104 (0x04c0a623) mem 0x800069d8 0xbbbbbbbd
core   0: 0x80003108 (0x55555537) lui     a0, 0x55555
core   0: 3 0x80003108 (0x55555537) x10 0x55555000
core   0: 0x8000310c (0x55650513) addi    a0, a0, 1366
core   0: 3 0x8000310c (0x55650513) x10 0x55555556
core   0: 0x80003110 (0xffff55b7) lui     a1, 0xffff5
core   0: 3 0x80003110 (0xffff55b7) x11 0xffff5000
core   0: 0x80003114 (0xafd58593) addi    a1, a1, -1283
core   0: 3 0x80003114 (0xafd58593) x11 0xffff4afd
core   0: 0x80003118 (0x00b50633) add     a2, a0, a1
core   0: 3 0x80003118 (0x00b50633) x12 0x5554a053
core   0: 0x8000311c (0x04c0a823) sw      a2, 80(ra)
core   0: 3 0x8000311c (0x04c0a823) mem 0x800069dc 0x5554a053
core   0: 0x80003120 (0x55555537) lui     a0, 0x55555
core   0: 3 0x80003120 (0x55555537) x10 0x55555000
core   0: 0x80003124 (0x55650513) addi    a0, a0, 1366
core   0: 3 0x80003124 (0x55650513) x10 0x55555556
core   0: 0x80003128 (0x0000b5b7) lui     a1, 0xb
core   0: 3 0x80003128 (0x0000b5b7) x11 0x0000b000
core   0: 0x8000312c (0x50558593) addi    a1, a1, 1285
core   0: 3 0x8000312c (0x50558593) x11 0x0000b505
core   0: 0x80003130 (0x00b50633) add     a2, a0, a1
core   0: 3 0x80003130 (0x00b50633) x12 0x55560a5b
core   0: 0x80003134 (0x04c0aa23) sw      a2, 84(ra)
core   0: 3 0x80003134 (0x04c0aa23) mem 0x800069e0 0x55560a5b
core   0: 0x80003138 (0xaaaab537) lui     a0, 0xaaaab
core   0: 3 0x80003138 (0xaaaab537) x10 0xaaaab000
core   0: 0x8000313c (0xaab50513) addi    a0, a0, -1365
core   0: 3 0x8000313c (0xaab50513) x10 0xaaaaaaab
core   0: 0x80003140 (0x00300593) li      a1, 3
core   0: 3 0x80003140 (0x00300593) x11 0x00000003
core   0: 0x80003144 (0x00b50633) add     a2, a0, a1
core   0: 3 0x80003144 (0x00b50633) x12 0xaaaaaaae
core   0: 0x80003148 (0x04c0ac23) sw      a2, 88(ra)
core   0: 3 0x80003148 (0x04c0ac23) mem 0x800069e4 0xaaaaaaae
core   0: 0x8000314c (0xaaaab537) lui     a0, 0xaaaab
core   0: 3 0x8000314c (0xaaaab537) x10 0xaaaab000
core   0: 0x80003150 (0xaab50513) addi    a0, a0, -1365
core   0: 3 0x80003150 (0xaab50513) x10 0xaaaaaaab
core   0: 0x80003154 (0x555555b7) lui     a1, 0x55555
core   0: 3 0x80003154 (0x555555b7) x11 0x55555000
core   0: 0x80003158 (0x55558593) addi    a1, a1, 1365
core   0: 3 0x80003158 (0x55558593) x11 0x55555555
core   0: 0x8000315c (0x00b50633) add     a2, a0, a1
core   0: 3 0x8000315c (0x00b50633) x12 0x00000000
core   0: 0x80003160 (0x04c0ae23) sw      a2, 92(ra)
core   0: 3 0x80003160 (0x04c0ae23) mem 0x800069e8 0x00000000
core   0: 0x80003164 (0xaaaab537) lui     a0, 0xaaaab
core   0: 3 0x80003164 (0xaaaab537) x10 0xaaaab000
core   0: 0x80003168 (0xaab50513) addi    a0, a0, -1365
core   0: 3 0x80003168 (0xaab50513) x10 0xaaaaaaab
core   0: 0x8000316c (0xaaaab5b7) lui     a1, 0xaaaab
core   0: 3 0x8000316c (0xaaaab5b7) x11 0xaaaab000
core   0: 0x80003170 (0xaaa58593) addi    a1, a1, -1366
core   0: 3 0x80003170 (0xaaa58593) x11 0xaaaaaaaa
core   0: 0x80003174 (0x00b50633) add     a2, a0, a1
core   0: 3 0x80003174 (0x00b50633) x12 0x55555555
core   0: 0x80003178 (0x06c0a023) sw      a2, 96(ra)
core   0: 3 0x80003178 (0x06c0a023) mem 0x800069ec 0x55555555
core   0: 0x8000317c (0xaaaab537) lui     a0, 0xaaaab
core   0: 3 0x8000317c (0xaaaab537) x10 0xaaaab000
core   0: 0x80003180 (0xaab50513) addi    a0, a0, -1365
core   0: 3 0x80003180 (0xaab50513) x10 0xaaaaaaab
core   0: 0x80003184 (0x00500593) li      a1, 5
core   0: 3 0x80003184 (0x00500593) x11 0x00000005
core   0: 0x80003188 (0x00b50633) add     a2, a0, a1
core   0: 3 0x80003188 (0x00b50633) x12 0xaaaaaab0
core   0: 0x8000318c (0x06c0a223) sw      a2, 100(ra)
core   0: 3 0x8000318c (0x06c0a223) mem 0x800069f0 0xaaaaaab0
core   0: 0x80003190 (0xaaaab537) lui     a0, 0xaaaab
core   0: 3 0x80003190 (0xaaaab537) x10 0xaaaab000
core   0: 0x80003194 (0xaab50513) addi    a0, a0, -1365
core   0: 3 0x80003194 (0xaab50513) x10 0xaaaaaaab
core   0: 0x80003198 (0x333335b7) lui     a1, 0x33333
core   0: 3 0x80003198 (0x333335b7) x11 0x33333000
core   0: 0x8000319c (0x33358593) addi    a1, a1, 819
core   0: 3 0x8000319c (0x33358593) x11 0x33333333
core   0: 0x800031a0 (0x00b50633) add     a2, a0, a1
core   0: 3 0x800031a0 (0x00b50633) x12 0xddddddde
core   0: 0x800031a4 (0x06c0a423) sw      a2, 104(ra)
core   0: 3 0x800031a4 (0x06c0a423) mem 0x800069f4 0xddddddde
core   0: 0x800031a8 (0xaaaab537) lui     a0, 0xaaaab
core   0: 3 0x800031a8 (0xaaaab537) x10 0xaaaab000
core   0: 0x800031ac (0xaab50513) addi    a0, a0, -1365
core   0: 3 0x800031ac (0xaab50513) x10 0xaaaaaaab
core   0: 0x800031b0 (0x666665b7) lui     a1, 0x66666
core   0: 3 0x800031b0 (0x666665b7) x11 0x66666000
core   0: 0x800031b4 (0x66658593) addi    a1, a1, 1638
core   0: 3 0x800031b4 (0x66658593) x11 0x66666666
core   0: 0x800031b8 (0x00b50633) add     a2, a0, a1
core   0: 3 0x800031b8 (0x00b50633) x12 0x11111111
core   0: 0x800031bc (0x06c0a623) sw      a2, 108(ra)
core   0: 3 0x800031bc (0x06c0a623) mem 0x800069f8 0x11111111
core   0: 0x800031c0 (0xaaaab537) lui     a0, 0xaaaab
core   0: 3 0x800031c0 (0xaaaab537) x10 0xaaaab000
core   0: 0x800031c4 (0xaab50513) addi    a0, a0, -1365
core   0: 3 0x800031c4 (0xaab50513) x10 0xaaaaaaab
core   0: 0x800031c8 (0xffff55b7) lui     a1, 0xffff5
core   0: 3 0x800031c8 (0xffff55b7) x11 0xffff5000
core   0: 0x800031cc (0xafc58593) addi    a1, a1, -1284
core   0: 3 0x800031cc (0xafc58593) x11 0xffff4afc
core   0: 0x800031d0 (0x00b50633) add     a2, a0, a1
core   0: 3 0x800031d0 (0x00b50633) x12 0xaaa9f5a7
core   0: 0x800031d4 (0x06c0a823) sw      a2, 112(ra)
core   0: 3 0x800031d4 (0x06c0a823) mem 0x800069fc 0xaaa9f5a7
core   0: 0x800031d8 (0xaaaab537) lui     a0, 0xaaaab
core   0: 3 0x800031d8 (0xaaaab537) x10 0xaaaab000
core   0: 0x800031dc (0xaab50513) addi    a0, a0, -1365
core   0: 3 0x800031dc (0xaab50513) x10 0xaaaaaaab
core   0: 0x800031e0 (0x0000b5b7) lui     a1, 0xb
core   0: 3 0x800031e0 (0x0000b5b7) x11 0x0000b000
core   0: 0x800031e4 (0x50458593) addi    a1, a1, 1284
core   0: 3 0x800031e4 (0x50458593) x11 0x0000b504
core   0: 0x800031e8 (0x00b50633) add     a2, a0, a1
core   0: 3 0x800031e8 (0x00b50633) x12 0xaaab5faf
core   0: 0x800031ec (0x06c0aa23) sw      a2, 116(ra)
core   0: 3 0x800031ec (0x06c0aa23) mem 0x80006a00 0xaaab5faf
core   0: 0x800031f0 (0xaaaab537) lui     a0, 0xaaaab
core   0: 3 0x800031f0 (0xaaaab537) x10 0xaaaab000
core   0: 0x800031f4 (0xaab50513) addi    a0, a0, -1365
core   0: 3 0x800031f4 (0xaab50513) x10 0xaaaaaaab
core   0: 0x800031f8 (0x00200593) li      a1, 2
core   0: 3 0x800031f8 (0x00200593) x11 0x00000002
core   0: 0x800031fc (0x00b50633) add     a2, a0, a1
core   0: 3 0x800031fc (0x00b50633) x12 0xaaaaaaad
core   0: 0x80003200 (0x06c0ac23) sw      a2, 120(ra)
core   0: 3 0x80003200 (0x06c0ac23) mem 0x80006a04 0xaaaaaaad
core   0: 0x80003204 (0xaaaab537) lui     a0, 0xaaaab
core   0: 3 0x80003204 (0xaaaab537) x10 0xaaaab000
core   0: 0x80003208 (0xaab50513) addi    a0, a0, -1365
core   0: 3 0x80003208 (0xaab50513) x10 0xaaaaaaab
core   0: 0x8000320c (0x555555b7) lui     a1, 0x55555
core   0: 3 0x8000320c (0x555555b7) x11 0x55555000
core   0: 0x80003210 (0x55458593) addi    a1, a1, 1364
core   0: 3 0x80003210 (0x55458593) x11 0x55555554
core   0: 0x80003214 (0x00b50633) add     a2, a0, a1
core   0: 3 0x80003214 (0x00b50633) x12 0xffffffff
core   0: 0x80003218 (0x06c0ae23) sw      a2, 124(ra)
core   0: 3 0x80003218 (0x06c0ae23) mem 0x80006a08 0xffffffff
core   0: 0x8000321c (0xaaaab537) lui     a0, 0xaaaab
core   0: 3 0x8000321c (0xaaaab537) x10 0xaaaab000
core   0: 0x80003220 (0xaab50513) addi    a0, a0, -1365
core   0: 3 0x80003220 (0xaab50513) x10 0xaaaaaaab
core   0: 0x80003224 (0x00000593) li      a1, 0
core   0: 3 0x80003224 (0x00000593) x11 0x00000000
core   0: 0x80003228 (0x00b50633) add     a2, a0, a1
core   0: 3 0x80003228 (0x00b50633) x12 0xaaaaaaab
core   0: 0x8000322c (0x08c0a023) sw      a2, 128(ra)
core   0: 3 0x8000322c (0x08c0a023) mem 0x80006a0c 0xaaaaaaab
core   0: 0x80003230 (0xaaaab537) lui     a0, 0xaaaab
core   0: 3 0x80003230 (0xaaaab537) x10 0xaaaab000
core   0: 0x80003234 (0xaab50513) addi    a0, a0, -1365
core   0: 3 0x80003234 (0xaab50513) x10 0xaaaaaaab
core   0: 0x80003238 (0x00400593) li      a1, 4
core   0: 3 0x80003238 (0x00400593) x11 0x00000004
core   0: 0x8000323c (0x00b50633) add     a2, a0, a1
core   0: 3 0x8000323c (0x00b50633) x12 0xaaaaaaaf
core   0: 0x80003240 (0x08c0a223) sw      a2, 132(ra)
core   0: 3 0x80003240 (0x08c0a223) mem 0x80006a10 0xaaaaaaaf
core   0: 0x80003244 (0xaaaab537) lui     a0, 0xaaaab
core   0: 3 0x80003244 (0xaaaab537) x10 0xaaaab000
core   0: 0x80003248 (0xaab50513) addi    a0, a0, -1365
core   0: 3 0x80003248 (0xaab50513) x10 0xaaaaaaab
core   0: 0x8000324c (0x333335b7) lui     a1, 0x33333
core   0: 3 0x8000324c (0x333335b7) x11 0x33333000
core   0: 0x80003250 (0x33258593) addi    a1, a1, 818
core   0: 3 0x80003250 (0x33258593) x11 0x33333332
core   0: 0x80003254 (0x00b50633) add     a2, a0, a1
core   0: 3 0x80003254 (0x00b50633) x12 0xdddddddd
core   0: 0x80003258 (0x08c0a423) sw      a2, 136(ra)
core   0: 3 0x80003258 (0x08c0a423) mem 0x80006a14 0xdddddddd
core   0: 0x8000325c (0xaaaab537) lui     a0, 0xaaaab
core   0: 3 0x8000325c (0xaaaab537) x10 0xaaaab000
core   0: 0x80003260 (0xaab50513) addi    a0, a0, -1365
core   0: 3 0x80003260 (0xaab50513) x10 0xaaaaaaab
core   0: 0x80003264 (0x666665b7) lui     a1, 0x66666
core   0: 3 0x80003264 (0x666665b7) x11 0x66666000
core   0: 0x80003268 (0x66558593) addi    a1, a1, 1637
core   0: 3 0x80003268 (0x66558593) x11 0x66666665
core   0: 0x8000326c (0x00b50633) add     a2, a0, a1
core   0: 3 0x8000326c (0x00b50633) x12 0x11111110
core   0: 0x80003270 (0x08c0a623) sw      a2, 140(ra)
core   0: 3 0x80003270 (0x08c0a623) mem 0x80006a18 0x11111110
core   0: 0x80003274 (0xaaaab537) lui     a0, 0xaaaab
core   0: 3 0x80003274 (0xaaaab537) x10 0xaaaab000
core   0: 0x80003278 (0xaab50513) addi    a0, a0, -1365
core   0: 3 0x80003278 (0xaab50513) x10 0xaaaaaaab
core   0: 0x8000327c (0x0000b5b7) lui     a1, 0xb
core   0: 3 0x8000327c (0x0000b5b7) x11 0x0000b000
core   0: 0x80003280 (0x50358593) addi    a1, a1, 1283
core   0: 3 0x80003280 (0x50358593) x11 0x0000b503
core   0: 0x80003284 (0x00b50633) add     a2, a0, a1
core   0: 3 0x80003284 (0x00b50633) x12 0xaaab5fae
core   0: 0x80003288 (0x08c0a823) sw      a2, 144(ra)
core   0: 3 0x80003288 (0x08c0a823) mem 0x80006a1c 0xaaab5fae
core   0: 0x8000328c (0xaaaab537) lui     a0, 0xaaaab
core   0: 3 0x8000328c (0xaaaab537) x10 0xaaaab000
core   0: 0x80003290 (0xaab50513) addi    a0, a0, -1365
core   0: 3 0x80003290 (0xaab50513) x10 0xaaaaaaab
core   0: 0x80003294 (0x555555b7) lui     a1, 0x55555
core   0: 3 0x80003294 (0x555555b7) x11 0x55555000
core   0: 0x80003298 (0x55658593) addi    a1, a1, 1366
core   0: 3 0x80003298 (0x55658593) x11 0x55555556
core   0: 0x8000329c (0x00b50633) add     a2, a0, a1
core   0: 3 0x8000329c (0x00b50633) x12 0x00000001
core   0: 0x800032a0 (0x08c0aa23) sw      a2, 148(ra)
core   0: 3 0x800032a0 (0x08c0aa23) mem 0x80006a20 0x00000001
core   0: 0x800032a4 (0x00020537) lui     a0, 0x20
core   0: 3 0x800032a4 (0x00020537) x10 0x00020000
core   0: 0x800032a8 (0xeff00593) li      a1, -257
core   0: 3 0x800032a8 (0xeff00593) x11 0xfffffeff
core   0: 0x800032ac (0x00b50633) add     a2, a0, a1
core   0: 3 0x800032ac (0x00b50633) x12 0x0001feff
core   0: 0x800032b0 (0x08c0ac23) sw      a2, 152(ra)
core   0: 3 0x800032b0 (0x08c0ac23) mem 0x80006a24 0x0001feff
core   0: 0x800032b4 (0xff000537) lui     a0, 0xff000
core   0: 3 0x800032b4 (0xff000537) x10 0xff000000
core   0: 0x800032b8 (0xfff50513) addi    a0, a0, -1
core   0: 3 0x800032b8 (0xfff50513) x10 0xfeffffff
core   0: 0x800032bc (0xff900593) li      a1, -7
core   0: 3 0x800032bc (0xff900593) x11 0xfffffff9
core   0: 0x800032c0 (0x00b50633) add     a2, a0, a1
core   0: 3 0x800032c0 (0x00b50633) x12 0xfefffff8
core   0: 0x800032c4 (0x08c0ae23) sw      a2, 156(ra)
core   0: 3 0x800032c4 (0x08c0ae23) mem 0x80006a28 0xfefffff8
core   0: 0x800032c8 (0x00100513) li      a0, 1
core   0: 3 0x800032c8 (0x00100513) x10 0x00000001
core   0: 0x800032cc (0x008005b7) lui     a1, 0x800
core   0: 3 0x800032cc (0x008005b7) x11 0x00800000
core   0: 0x800032d0 (0x00b50633) add     a2, a0, a1
core   0: 3 0x800032d0 (0x00b50633) x12 0x00800001
core   0: 0x800032d4 (0x0ac0a023) sw      a2, 160(ra)
core   0: 3 0x800032d4 (0x0ac0a023) mem 0x80006a2c 0x00800001
core   0: 0x800032d8 (0xffff5537) lui     a0, 0xffff5
core   0: 3 0x800032d8 (0xffff5537) x10 0xffff5000
core   0: 0x800032dc (0xafc50513) addi    a0, a0, -1284
core   0: 3 0x800032dc (0xafc50513) x10 0xffff4afc
core   0: 0x800032e0 (0x40000593) li      a1, 1024
core   0: 3 0x800032e0 (0x40000593) x11 0x00000400
core   0: 0x800032e4 (0x00b50633) add     a2, a0, a1
core   0: 3 0x800032e4 (0x00b50633) x12 0xffff4efc
core   0: 0x800032e8 (0x0ac0a223) sw      a2, 164(ra)
core   0: 3 0x800032e8 (0x0ac0a223) mem 0x80006a30 0xffff4efc
core   0: 0x800032ec (0x00400513) li      a0, 4
core   0: 3 0x800032ec (0x00400513) x10 0x00000004
core   0: 0x800032f0 (0x000015b7) lui     a1, 0x1
core   0: 3 0x800032f0 (0x000015b7) x11 0x00001000
core   0: 0x800032f4 (0x00b50633) add     a2, a0, a1
core   0: 3 0x800032f4 (0x00b50633) x12 0x00001004
core   0: 0x800032f8 (0x0ac0a423) sw      a2, 168(ra)
core   0: 3 0x800032f8 (0x0ac0a423) mem 0x80006a34 0x00001004
core   0: 0x800032fc (0x0200006f) j       pc + 0x20
core   0: 3 0x800032fc (0x0200006f)
core   0: 0x8000331c (0x00100093) li      ra, 1
core   0: 3 0x8000331c (0x00100093) x1  0x00000001
core   0: 0x80003320 (0x00001397) auipc   t2, 0x1
core   0: 3 0x80003320 (0x00001397) x7  0x80004320
core   0: 0x80003324 (0xce13a023) sw      ra, -800(t2)
core   0: 3 0x80003324 (0xce13a023) mem 0x80004000 0x00000001
core   0: 0x80003328 (0xff9ff06f) j       pc - 0x8
core   0: 3 0x80003328 (0xff9ff06f)
core   0: 0x80003320 (0x00001397) auipc   t2, 0x1
core   0: 3 0x80003320 (0x00001397) x7  0x80004320
core   0: 0x80003324 (0xce13a023) sw      ra, -800(t2)
core   0: 3 0x80003324 (0xce13a023) mem 0x80004000 0x00000001
core   0: 0x80003328 (0xff9ff06f) j       pc - 0x8
core   0: 3 0x80003328 (0xff9ff06f)
core   0: 0x80003320 (0x00001397) auipc   t2, 0x1
core   0: 3 0x80003320 (0x00001397) x7  0x80004320
core   0: 0x80003324 (0xce13a023) sw      ra, -800(t2)
core   0: 3 0x80003324 (0xce13a023) mem 0x80004000 0x00000001
core   0: 0x80003328 (0xff9ff06f) j       pc - 0x8
core   0: 3 0x80003328 (0xff9ff06f)
core   0: 0x80003320 (0x00001397) auipc   t2, 0x1
core   0: 3 0x80003320 (0x00001397) x7  0x80004320
core   0: 0x80003324 (0xce13a023) sw      ra, -800(t2)
core   0: 3 0x80003324 (0xce13a023) mem 0x80004000 0x00000001
core   0: 0x80003328 (0xff9ff06f) j       pc - 0x8
core   0: 3 0x80003328 (0xff9ff06f)
core   0: 0x80003320 (0x00001397) auipc   t2, 0x1
core   0: 3 0x80003320 (0x00001397) x7  0x80004320
core   0: 0x80003324 (0xce13a023) sw      ra, -800(t2)
core   0: 3 0x80003324 (0xce13a023) mem 0x80004000 0x00000001
core   0: 0x80003328 (0xff9ff06f) j       pc - 0x8
core   0: 3 0x80003328 (0xff9ff06f)
core   0: 0x80003320 (0x00001397) auipc   t2, 0x1
core   0: 3 0x80003320 (0x00001397) x7  0x80004320
core   0: 0x80003324 (0xce13a023) sw      ra, -800(t2)
core   0: 3 0x80003324 (0xce13a023) mem 0x80004000 0x00000001
core   0: 0x80003328 (0xff9ff06f) j       pc - 0x8
core   0: 3 0x80003328 (0xff9ff06f)
core   0: 0x80003320 (0x00001397) auipc   t2, 0x1
core   0: 3 0x80003320 (0x00001397) x7  0x80004320
core   0: 0x80003324 (0xce13a023) sw      ra, -800(t2)
core   0: 3 0x80003324 (0xce13a023) mem 0x80004000 0x00000001
core   0: 0x80003328 (0xff9ff06f) j       pc - 0x8
core   0: 3 0x80003328 (0xff9ff06f)
core   0: 0x80003320 (0x00001397) auipc   t2, 0x1
core   0: 3 0x80003320 (0x00001397) x7  0x80004320
core   0: 0x80003324 (0xce13a023) sw      ra, -800(t2)
core   0: 3 0x80003324 (0xce13a023) mem 0x80004000 0x00000001
core   0: 0x80003328 (0xff9ff06f) j       pc - 0x8
core   0: 3 0x80003328 (0xff9ff06f)
core   0: 0x80003320 (0x00001397) auipc   t2, 0x1
core   0: 3 0x80003320 (0x00001397) x7  0x80004320
core   0: 0x80003324 (0xce13a023) sw      ra, -800(t2)
core   0: 3 0x80003324 (0xce13a023) mem 0x80004000 0x00000001
core   0: 0x80003328 (0xff9ff06f) j       pc - 0x8
core   0: 3 0x80003328 (0xff9ff06f)
core   0: 0x80003320 (0x00001397) auipc   t2, 0x1
core   0: 3 0x80003320 (0x00001397) x7  0x80004320
core   0: 0x80003324 (0xce13a023) sw      ra, -800(t2)
core   0: 3 0x80003324 (0xce13a023) mem 0x80004000 0x00000001
core   0: 0x80003328 (0xff9ff06f) j       pc - 0x8
core   0: 3 0x80003328 (0xff9ff06f)
core   0: 0x80003320 (0x00001397) auipc   t2, 0x1
core   0: 3 0x80003320 (0x00001397) x7  0x80004320
core   0: 0x80003324 (0xce13a023) sw      ra, -800(t2)
core   0: 3 0x80003324 (0xce13a023) mem 0x80004000 0x00000001
core   0: 0x80003328 (0xff9ff06f) j       pc - 0x8
core   0: 3 0x80003328 (0xff9ff06f)
core   0: 0x80003320 (0x00001397) auipc   t2, 0x1
core   0: 3 0x80003320 (0x00001397) x7  0x80004320
core   0: 0x80003324 (0xce13a023) sw      ra, -800(t2)
core   0: 3 0x80003324 (0xce13a023) mem 0x80004000 0x00000001
core   0: 0x80003328 (0xff9ff06f) j       pc - 0x8
core   0: 3 0x80003328 (0xff9ff06f)
core   0: 0x80003320 (0x00001397) auipc   t2, 0x1
core   0: 3 0x80003320 (0x00001397) x7  0x80004320
core   0: 0x80003324 (0xce13a023) sw      ra, -800(t2)
core   0: 3 0x80003324 (0xce13a023) mem 0x80004000 0x00000001
core   0: 0x80003328 (0xff9ff06f) j       pc - 0x8
core   0: 3 0x80003328 (0xff9ff06f)
core   0: 0x80003320 (0x00001397) auipc   t2, 0x1
core   0: 3 0x80003320 (0x00001397) x7  0x80004320
core   0: 0x80003324 (0xce13a023) sw      ra, -800(t2)
core   0: 3 0x80003324 (0xce13a023) mem 0x80004000 0x00000001
core   0: 0x80003328 (0xff9ff06f) j       pc - 0x8
core   0: 3 0x80003328 (0xff9ff06f)
core   0: 0x80003320 (0x00001397) auipc   t2, 0x1
core   0: 3 0x80003320 (0x00001397) x7  0x80004320
core   0: 0x80003324 (0xce13a023) sw      ra, -800(t2)
core   0: 3 0x80003324 (0xce13a023) mem 0x80004000 0x00000001
core   0: 0x80003328 (0xff9ff06f) j       pc - 0x8
core   0: 3 0x80003328 (0xff9ff06f)
core   0: 0x80003320 (0x00001397) auipc   t2, 0x1
core   0: 3 0x80003320 (0x00001397) x7  0x80004320
core   0: 0x80003324 (0xce13a023) sw      ra, -800(t2)
core   0: 3 0x80003324 (0xce13a023) mem 0x80004000 0x00000001
core   0: 0x80003328 (0xff9ff06f) j       pc - 0x8
core   0: 3 0x80003328 (0xff9ff06f)
core   0: 0x80003320 (0x00001397) auipc   t2, 0x1
core   0: 3 0x80003320 (0x00001397) x7  0x80004320
core   0: 0x80003324 (0xce13a023) sw      ra, -800(t2)
core   0: 3 0x80003324 (0xce13a023) mem 0x80004000 0x00000001
core   0: 0x80003328 (0xff9ff06f) j       pc - 0x8
core   0: 3 0x80003328 (0xff9ff06f)
core   0: 0x80003320 (0x00001397) auipc   t2, 0x1
core   0: 3 0x80003320 (0x00001397) x7  0x80004320
core   0: 0x80003324 (0xce13a023) sw      ra, -800(t2)
core   0: 3 0x80003324 (0xce13a023) mem 0x80004000 0x00000001
core   0: 0x80003328 (0xff9ff06f) j       pc - 0x8
core   0: 3 0x80003328 (0xff9ff06f)
core   0: 0x80003320 (0x00001397) auipc   t2, 0x1
core   0: 3 0x80003320 (0x00001397) x7  0x80004320
core   0: 0x80003324 (0xce13a023) sw      ra, -800(t2)
core   0: 3 0x80003324 (0xce13a023) mem 0x80004000 0x00000001
core   0: 0x80003328 (0xff9ff06f) j       pc - 0x8
core   0: 3 0x80003328 (0xff9ff06f)
core   0: 0x80003320 (0x00001397) auipc   t2, 0x1
core   0: 3 0x80003320 (0x00001397) x7  0x80004320
core   0: 0x80003324 (0xce13a023) sw      ra, -800(t2)
core   0: 3 0x80003324 (0xce13a023) mem 0x80004000 0x00000001
core   0: 0x80003328 (0xff9ff06f) j       pc - 0x8
core   0: 3 0x80003328 (0xff9ff06f)
core   0: 0x80003320 (0x00001397) auipc   t2, 0x1
core   0: 3 0x80003320 (0x00001397) x7  0x80004320
core   0: 0x80003324 (0xce13a023) sw      ra, -800(t2)
core   0: 3 0x80003324 (0xce13a023) mem 0x80004000 0x00000001
core   0: 0x80003328 (0xff9ff06f) j       pc - 0x8
core   0: 3 0x80003328 (0xff9ff06f)
core   0: 0x80003320 (0x00001397) auipc   t2, 0x1
core   0: 3 0x80003320 (0x00001397) x7  0x80004320
core   0: 0x80003324 (0xce13a023) sw      ra, -800(t2)
core   0: 3 0x80003324 (0xce13a023) mem 0x80004000 0x00000001
core   0: 0x80003328 (0xff9ff06f) j       pc - 0x8
core   0: 3 0x80003328 (0xff9ff06f)
core   0: 0x80003320 (0x00001397) auipc   t2, 0x1
core   0: 3 0x80003320 (0x00001397) x7  0x80004320
core   0: 0x80003324 (0xce13a023) sw      ra, -800(t2)
core   0: 3 0x80003324 (0xce13a023) mem 0x80004000 0x00000001
core   0: 0x80003328 (0xff9ff06f) j       pc - 0x8
core   0: 3 0x80003328 (0xff9ff06f)
core   0: 0x80003320 (0x00001397) auipc   t2, 0x1
core   0: 3 0x80003320 (0x00001397) x7  0x80004320
core   0: 0x80003324 (0xce13a023) sw      ra, -800(t2)
core   0: 3 0x80003324 (0xce13a023) mem 0x80004000 0x00000001
core   0: 0x80003328 (0xff9ff06f) j       pc - 0x8
core   0: 3 0x80003328 (0xff9ff06f)
core   0: 0x80003320 (0x00001397) auipc   t2, 0x1
core   0: 3 0x80003320 (0x00001397) x7  0x80004320
core   0: 0x80003324 (0xce13a023) sw      ra, -800(t2)
core   0: 3 0x80003324 (0xce13a023) mem 0x80004000 0x00000001
core   0: 0x80003328 (0xff9ff06f) j       pc - 0x8
core   0: 3 0x80003328 (0xff9ff06f)
core   0: 0x80003320 (0x00001397) auipc   t2, 0x1
core   0: 3 0x80003320 (0x00001397) x7  0x80004320
core   0: 0x80003324 (0xce13a023) sw      ra, -800(t2)
core   0: 3 0x80003324 (0xce13a023) mem 0x80004000 0x00000001
core   0: 0x80003328 (0xff9ff06f) j       pc - 0x8
core   0: 3 0x80003328 (0xff9ff06f)
core   0: 0x80003320 (0x00001397) auipc   t2, 0x1
core   0: 3 0x80003320 (0x00001397) x7  0x80004320
core   0: 0x80003324 (0xce13a023) sw      ra, -800(t2)
core   0: 3 0x80003324 (0xce13a023) mem 0x80004000 0x00000001
core   0: 0x80003328 (0xff9ff06f) j       pc - 0x8
core   0: 3 0x80003328 (0xff9ff06f)
core   0: 0x80003320 (0x00001397) auipc   t2, 0x1
core   0: 3 0x80003320 (0x00001397) x7  0x80004320
core   0: 0x80003324 (0xce13a023) sw      ra, -800(t2)
core   0: 3 0x80003324 (0xce13a023) mem 0x80004000 0x00000001
core   0: 0x80003328 (0xff9ff06f) j       pc - 0x8
core   0: 3 0x80003328 (0xff9ff06f)
core   0: 0x80003320 (0x00001397) auipc   t2, 0x1
core   0: 3 0x80003320 (0x00001397) x7  0x80004320
core   0: 0x80003324 (0xce13a023) sw      ra, -800(t2)
core   0: 3 0x80003324 (0xce13a023) mem 0x80004000 0x00000001
core   0: 0x80003328 (0xff9ff06f) j       pc - 0x8
core   0: 3 0x80003328 (0xff9ff06f)
core   0: 0x80003320 (0x00001397) auipc   t2, 0x1
core   0: 3 0x80003320 (0x00001397) x7  0x80004320
core   0: 0x80003324 (0xce13a023) sw      ra, -800(t2)
core   0: 3 0x80003324 (0xce13a023) mem 0x80004000 0x00000001
core   0: 0x80003328 (0xff9ff06f) j       pc - 0x8
core   0: 3 0x80003328 (0xff9ff06f)
core   0: 0x80003320 (0x00001397) auipc   t2, 0x1
core   0: 3 0x80003320 (0x00001397) x7  0x80004320
core   0: 0x80003324 (0xce13a023) sw      ra, -800(t2)
core   0: 3 0x80003324 (0xce13a023) mem 0x80004000 0x00000001
core   0: 0x80003328 (0xff9ff06f) j       pc - 0x8
core   0: 3 0x80003328 (0xff9ff06f)
core   0: 0x80003320 (0x00001397) auipc   t2, 0x1
core   0: 3 0x80003320 (0x00001397) x7  0x80004320
core   0: 0x80003324 (0xce13a023) sw      ra, -800(t2)
core   0: 3 0x80003324 (0xce13a023) mem 0x80004000 0x00000001
core   0: 0x80003328 (0xff9ff06f) j       pc - 0x8
core   0: 3 0x80003328 (0xff9ff06f)
core   0: 0x80003320 (0x00001397) auipc   t2, 0x1
core   0: 3 0x80003320 (0x00001397) x7  0x80004320
core   0: 0x80003324 (0xce13a023) sw      ra, -800(t2)
core   0: 3 0x80003324 (0xce13a023) mem 0x80004000 0x00000001
core   0: 0x80003328 (0xff9ff06f) j       pc - 0x8
core   0: 3 0x80003328 (0xff9ff06f)
core   0: 0x80003320 (0x00001397) auipc   t2, 0x1
core   0: 3 0x80003320 (0x00001397) x7  0x80004320
core   0: 0x80003324 (0xce13a023) sw      ra, -800(t2)
core   0: 3 0x80003324 (0xce13a023) mem 0x80004000 0x00000001
core   0: 0x80003328 (0xff9ff06f) j       pc - 0x8
core   0: 3 0x80003328 (0xff9ff06f)
core   0: 0x80003320 (0x00001397) auipc   t2, 0x1
core   0: 3 0x80003320 (0x00001397) x7  0x80004320
core   0: 0x80003324 (0xce13a023) sw      ra, -800(t2)
core   0: 3 0x80003324 (0xce13a023) mem 0x80004000 0x00000001
core   0: 0x80003328 (0xff9ff06f) j       pc - 0x8
core   0: 3 0x80003328 (0xff9ff06f)
core   0: 0x80003320 (0x00001397) auipc   t2, 0x1
core   0: 3 0x80003320 (0x00001397) x7  0x80004320
core   0: 0x80003324 (0xce13a023) sw      ra, -800(t2)
core   0: 3 0x80003324 (0xce13a023) mem 0x80004000 0x00000001
core   0: 0x80003328 (0xff9ff06f) j       pc - 0x8
core   0: 3 0x80003328 (0xff9ff06f)
core   0: 0x80003320 (0x00001397) auipc   t2, 0x1
core   0: 3 0x80003320 (0x00001397) x7  0x80004320
core   0: 0x80003324 (0xce13a023) sw      ra, -800(t2)
core   0: 3 0x80003324 (0xce13a023) mem 0x80004000 0x00000001
core   0: 0x80003328 (0xff9ff06f) j       pc - 0x8
core   0: 3 0x80003328 (0xff9ff06f)
core   0: 0x80003320 (0x00001397) auipc   t2, 0x1
core   0: 3 0x80003320 (0x00001397) x7  0x80004320
core   0: 0x80003324 (0xce13a023) sw      ra, -800(t2)
core   0: 3 0x80003324 (0xce13a023) mem 0x80004000 0x00000001
core   0: 0x80003328 (0xff9ff06f) j       pc - 0x8
core   0: 3 0x80003328 (0xff9ff06f)
core   0: 0x80003320 (0x00001397) auipc   t2, 0x1
core   0: 3 0x80003320 (0x00001397) x7  0x80004320
core   0: 0x80003324 (0xce13a023) sw      ra, -800(t2)
core   0: 3 0x80003324 (0xce13a023) mem 0x80004000 0x00000001
core   0: 0x80003328 (0xff9ff06f) j       pc - 0x8
core   0: 3 0x80003328 (0xff9ff06f)
core   0: 0x80003320 (0x00001397) auipc   t2, 0x1
core   0: 3 0x80003320 (0x00001397) x7  0x80004320
core   0: 0x80003324 (0xce13a023) sw      ra, -800(t2)
core   0: 3 0x80003324 (0xce13a023) mem 0x80004000 0x00000001
core   0: 0x80003328 (0xff9ff06f) j       pc - 0x8
core   0: 3 0x80003328 (0xff9ff06f)
core   0: 0x80003320 (0x00001397) auipc   t2, 0x1
core   0: 3 0x80003320 (0x00001397) x7  0x80004320
core   0: 0x80003324 (0xce13a023) sw      ra, -800(t2)
core   0: 3 0x80003324 (0xce13a023) mem 0x80004000 0x00000001
core   0: 0x80003328 (0xff9ff06f) j       pc - 0x8
core   0: 3 0x80003328 (0xff9ff06f)
core   0: 0x80003320 (0x00001397) auipc   t2, 0x1
core   0: 3 0x80003320 (0x00001397) x7  0x80004320
core   0: 0x80003324 (0xce13a023) sw      ra, -800(t2)
core   0: 3 0x80003324 (0xce13a023) mem 0x80004000 0x00000001
core   0: 0x80003328 (0xff9ff06f) j       pc - 0x8
core   0: 3 0x80003328 (0xff9ff06f)
core   0: 0x80003320 (0x00001397) auipc   t2, 0x1
core   0: 3 0x80003320 (0x00001397) x7  0x80004320
core   0: 0x80003324 (0xce13a023) sw      ra, -800(t2)
core   0: 3 0x80003324 (0xce13a023) mem 0x80004000 0x00000001
core   0: 0x80003328 (0xff9ff06f) j       pc - 0x8
core   0: 3 0x80003328 (0xff9ff06f)
core   0: 0x80003320 (0x00001397) auipc   t2, 0x1
core   0: 3 0x80003320 (0x00001397) x7  0x80004320
core   0: 0x80003324 (0xce13a023) sw      ra, -800(t2)
core   0: 3 0x80003324 (0xce13a023) mem 0x80004000 0x00000001
core   0: 0x80003328 (0xff9ff06f) j       pc - 0x8
core   0: 3 0x80003328 (0xff9ff06f)
core   0: 0x80003320 (0x00001397) auipc   t2, 0x1
core   0: 3 0x80003320 (0x00001397) x7  0x80004320
core   0: 0x80003324 (0xce13a023) sw      ra, -800(t2)
core   0: 3 0x80003324 (0xce13a023) mem 0x80004000 0x00000001
core   0: 0x80003328 (0xff9ff06f) j       pc - 0x8
core   0: 3 0x80003328 (0xff9ff06f)
core   0: 0x80003320 (0x00001397) auipc   t2, 0x1
core   0: 3 0x80003320 (0x00001397) x7  0x80004320
core   0: 0x80003324 (0xce13a023) sw      ra, -800(t2)
core   0: 3 0x80003324 (0xce13a023) mem 0x80004000 0x00000001
core   0: 0x80003328 (0xff9ff06f) j       pc - 0x8
core   0: 3 0x80003328 (0xff9ff06f)
core   0: 0x80003320 (0x00001397) auipc   t2, 0x1
core   0: 3 0x80003320 (0x00001397) x7  0x80004320
core   0: 0x80003324 (0xce13a023) sw      ra, -800(t2)
core   0: 3 0x80003324 (0xce13a023) mem 0x80004000 0x00000001
core   0: 0x80003328 (0xff9ff06f) j       pc - 0x8
core   0: 3 0x80003328 (0xff9ff06f)
core   0: 0x80003320 (0x00001397) auipc   t2, 0x1
core   0: 3 0x80003320 (0x00001397) x7  0x80004320
core   0: 0x80003324 (0xce13a023) sw      ra, -800(t2)
core   0: 3 0x80003324 (0xce13a023) mem 0x80004000 0x00000001
core   0: 0x80003328 (0xff9ff06f) j       pc - 0x8
core   0: 3 0x80003328 (0xff9ff06f)
core   0: 0x80003320 (0x00001397) auipc   t2, 0x1
core   0: 3 0x80003320 (0x00001397) x7  0x80004320
core   0: 0x80003324 (0xce13a023) sw      ra, -800(t2)
core   0: 3 0x80003324 (0xce13a023) mem 0x80004000 0x00000001
core   0: 0x80003328 (0xff9ff06f) j       pc - 0x8
core   0: 3 0x80003328 (0xff9ff06f)
core   0: 0x80003320 (0x00001397) auipc   t2, 0x1
core   0: 3 0x80003320 (0x00001397) x7  0x80004320
core   0: 0x80003324 (0xce13a023) sw      ra, -800(t2)
core   0: 3 0x80003324 (0xce13a023) mem 0x80004000 0x00000001
core   0: 0x80003328 (0xff9ff06f) j       pc - 0x8
core   0: 3 0x80003328 (0xff9ff06f)
core   0: 0x80003320 (0x00001397) auipc   t2, 0x1
core   0: 3 0x80003320 (0x00001397) x7  0x80004320
core   0: 0x80003324 (0xce13a023) sw      ra, -800(t2)
core   0: 3 0x80003324 (0xce13a023) mem 0x80004000 0x00000001
core   0: 0x80003328 (0xff9ff06f) j       pc - 0x8
core   0: 3 0x80003328 (0xff9ff06f)
core   0: 0x80003320 (0x00001397) auipc   t2, 0x1
core   0: 3 0x80003320 (0x00001397) x7  0x80004320
core   0: 0x80003324 (0xce13a023) sw      ra, -800(t2)
core   0: 3 0x80003324 (0xce13a023) mem 0x80004000 0x00000001
core   0: 0x80003328 (0xff9ff06f) j       pc - 0x8
core   0: 3 0x80003328 (0xff9ff06f)
core   0: 0x80003320 (0x00001397) auipc   t2, 0x1
core   0: 3 0x80003320 (0x00001397) x7  0x80004320
core   0: 0x80003324 (0xce13a023) sw      ra, -800(t2)
core   0: 3 0x80003324 (0xce13a023) mem 0x80004000 0x00000001
core   0: 0x80003328 (0xff9ff06f) j       pc - 0x8
core   0: 3 0x80003328 (0xff9ff06f)
core   0: 0x80003320 (0x00001397) auipc   t2, 0x1
core   0: 3 0x80003320 (0x00001397) x7  0x80004320
core   0: 0x80003324 (0xce13a023) sw      ra, -800(t2)
core   0: 3 0x80003324 (0xce13a023) mem 0x80004000 0x00000001
core   0: 0x80003328 (0xff9ff06f) j       pc - 0x8
core   0: 3 0x80003328 (0xff9ff06f)
core   0: 0x80003320 (0x00001397) auipc   t2, 0x1
core   0: 3 0x80003320 (0x00001397) x7  0x80004320
core   0: 0x80003324 (0xce13a023) sw      ra, -800(t2)
core   0: 3 0x80003324 (0xce13a023) mem 0x80004000 0x00000001
core   0: 0x80003328 (0xff9ff06f) j       pc - 0x8
core   0: 3 0x80003328 (0xff9ff06f)
core   0: 0x80003320 (0x00001397) auipc   t2, 0x1
core   0: 3 0x80003320 (0x00001397) x7  0x80004320
core   0: 0x80003324 (0xce13a023) sw      ra, -800(t2)
core   0: 3 0x80003324 (0xce13a023) mem 0x80004000 0x00000001
core   0: 0x80003328 (0xff9ff06f) j       pc - 0x8
core   0: 3 0x80003328 (0xff9ff06f)
core   0: 0x80003320 (0x00001397) auipc   t2, 0x1
core   0: 3 0x80003320 (0x00001397) x7  0x80004320
core   0: 0x80003324 (0xce13a023) sw      ra, -800(t2)
core   0: 3 0x80003324 (0xce13a023) mem 0x80004000 0x00000001
core   0: 0x80003328 (0xff9ff06f) j       pc - 0x8
core   0: 3 0x80003328 (0xff9ff06f)
core   0: 0x80003320 (0x00001397) auipc   t2, 0x1
core   0: 3 0x80003320 (0x00001397) x7  0x80004320
core   0: 0x80003324 (0xce13a023) sw      ra, -800(t2)
core   0: 3 0x80003324 (0xce13a023) mem 0x80004000 0x00000001
core   0: 0x80003328 (0xff9ff06f) j       pc - 0x8
core   0: 3 0x80003328 (0xff9ff06f)
core   0: 0x80003320 (0x00001397) auipc   t2, 0x1
core   0: 3 0x80003320 (0x00001397) x7  0x80004320
core   0: 0x80003324 (0xce13a023) sw      ra, -800(t2)
core   0: 3 0x80003324 (0xce13a023) mem 0x80004000 0x00000001
core   0: 0x80003328 (0xff9ff06f) j       pc - 0x8
core   0: 3 0x80003328 (0xff9ff06f)
core   0: 0x80003320 (0x00001397) auipc   t2, 0x1
core   0: 3 0x80003320 (0x00001397) x7  0x80004320
core   0: 0x80003324 (0xce13a023) sw      ra, -800(t2)
core   0: 3 0x80003324 (0xce13a023) mem 0x80004000 0x00000001
core   0: 0x80003328 (0xff9ff06f) j       pc - 0x8
core   0: 3 0x80003328 (0xff9ff06f)
core   0: 0x80003320 (0x00001397) auipc   t2, 0x1
core   0: 3 0x80003320 (0x00001397) x7  0x80004320
core   0: 0x80003324 (0xce13a023) sw      ra, -800(t2)
core   0: 3 0x80003324 (0xce13a023) mem 0x80004000 0x00000001
core   0: 0x80003328 (0xff9ff06f) j       pc - 0x8
core   0: 3 0x80003328 (0xff9ff06f)
core   0: 0x80003320 (0x00001397) auipc   t2, 0x1
core   0: 3 0x80003320 (0x00001397) x7  0x80004320
core   0: 0x80003324 (0xce13a023) sw      ra, -800(t2)
core   0: 3 0x80003324 (0xce13a023) mem 0x80004000 0x00000001
core   0: 0x80003328 (0xff9ff06f) j       pc - 0x8
core   0: 3 0x80003328 (0xff9ff06f)
core   0: 0x80003320 (0x00001397) auipc   t2, 0x1
core   0: 3 0x80003320 (0x00001397) x7  0x80004320
core   0: 0x80003324 (0xce13a023) sw      ra, -800(t2)
core   0: 3 0x80003324 (0xce13a023) mem 0x80004000 0x00000001
core   0: 0x80003328 (0xff9ff06f) j       pc - 0x8
core   0: 3 0x80003328 (0xff9ff06f)
core   0: 0x80003320 (0x00001397) auipc   t2, 0x1
core   0: 3 0x80003320 (0x00001397) x7  0x80004320
core   0: 0x80003324 (0xce13a023) sw      ra, -800(t2)
core   0: 3 0x80003324 (0xce13a023) mem 0x80004000 0x00000001
core   0: 0x80003328 (0xff9ff06f) j       pc - 0x8
core   0: 3 0x80003328 (0xff9ff06f)
core   0: 0x80003320 (0x00001397) auipc   t2, 0x1
core   0: 3 0x80003320 (0x00001397) x7  0x80004320
core   0: 0x80003324 (0xce13a023) sw      ra, -800(t2)
core   0: 3 0x80003324 (0xce13a023) mem 0x80004000 0x00000001
core   0: 0x80003328 (0xff9ff06f) j       pc - 0x8
core   0: 3 0x80003328 (0xff9ff06f)
core   0: 0x80003320 (0x00001397) auipc   t2, 0x1
core   0: 3 0x80003320 (0x00001397) x7  0x80004320
core   0: 0x80003324 (0xce13a023) sw      ra, -800(t2)
core   0: 3 0x80003324 (0xce13a023) mem 0x80004000 0x00000001
core   0: 0x80003328 (0xff9ff06f) j       pc - 0x8
core   0: 3 0x80003328 (0xff9ff06f)
core   0: 0x80003320 (0x00001397) auipc   t2, 0x1
core   0: 3 0x80003320 (0x00001397) x7  0x80004320
core   0: 0x80003324 (0xce13a023) sw      ra, -800(t2)
core   0: 3 0x80003324 (0xce13a023) mem 0x80004000 0x00000001
core   0: 0x80003328 (0xff9ff06f) j       pc - 0x8
core   0: 3 0x80003328 (0xff9ff06f)
core   0: 0x80003320 (0x00001397) auipc   t2, 0x1
core   0: 3 0x80003320 (0x00001397) x7  0x80004320
core   0: 0x80003324 (0xce13a023) sw      ra, -800(t2)
core   0: 3 0x80003324 (0xce13a023) mem 0x80004000 0x00000001
core   0: 0x80003328 (0xff9ff06f) j       pc - 0x8
core   0: 3 0x80003328 (0xff9ff06f)
core   0: 0x80003320 (0x00001397) auipc   t2, 0x1
core   0: 3 0x80003320 (0x00001397) x7  0x80004320
core   0: 0x80003324 (0xce13a023) sw      ra, -800(t2)
core   0: 3 0x80003324 (0xce13a023) mem 0x80004000 0x00000001
core   0: 0x80003328 (0xff9ff06f) j       pc - 0x8
core   0: 3 0x80003328 (0xff9ff06f)
core   0: 0x80003320 (0x00001397) auipc   t2, 0x1
core   0: 3 0x80003320 (0x00001397) x7  0x80004320
core   0: 0x80003324 (0xce13a023) sw      ra, -800(t2)
core   0: 3 0x80003324 (0xce13a023) mem 0x80004000 0x00000001
core   0: 0x80003328 (0xff9ff06f) j       pc - 0x8
core   0: 3 0x80003328 (0xff9ff06f)
core   0: 0x80003320 (0x00001397) auipc   t2, 0x1
core   0: 3 0x80003320 (0x00001397) x7  0x80004320
core   0: 0x80003324 (0xce13a023) sw      ra, -800(t2)
core   0: 3 0x80003324 (0xce13a023) mem 0x80004000 0x00000001
core   0: 0x80003328 (0xff9ff06f) j       pc - 0x8
core   0: 3 0x80003328 (0xff9ff06f)
core   0: 0x80003320 (0x00001397) auipc   t2, 0x1
core   0: 3 0x80003320 (0x00001397) x7  0x80004320
core   0: 0x80003324 (0xce13a023) sw      ra, -800(t2)
core   0: 3 0x80003324 (0xce13a023) mem 0x80004000 0x00000001
core   0: 0x80003328 (0xff9ff06f) j       pc - 0x8
core   0: 3 0x80003328 (0xff9ff06f)
core   0: 0x80003320 (0x00001397) auipc   t2, 0x1
core   0: 3 0x80003320 (0x00001397) x7  0x80004320
core   0: 0x80003324 (0xce13a023) sw      ra, -800(t2)
core   0: 3 0x80003324 (0xce13a023) mem 0x80004000 0x00000001
core   0: 0x80003328 (0xff9ff06f) j       pc - 0x8
core   0: 3 0x80003328 (0xff9ff06f)
core   0: 0x80003320 (0x00001397) auipc   t2, 0x1
core   0: 3 0x80003320 (0x00001397) x7  0x80004320
core   0: 0x80003324 (0xce13a023) sw      ra, -800(t2)
core   0: 3 0x80003324 (0xce13a023) mem 0x80004000 0x00000001
core   0: 0x80003328 (0xff9ff06f) j       pc - 0x8
core   0: 3 0x80003328 (0xff9ff06f)
core   0: 0x80003320 (0x00001397) auipc   t2, 0x1
core   0: 3 0x80003320 (0x00001397) x7  0x80004320
core   0: 0x80003324 (0xce13a023) sw      ra, -800(t2)
core   0: 3 0x80003324 (0xce13a023) mem 0x80004000 0x00000001
core   0: 0x80003328 (0xff9ff06f) j       pc - 0x8
core   0: 3 0x80003328 (0xff9ff06f)
core   0: 0x80003320 (0x00001397) auipc   t2, 0x1
core   0: 3 0x80003320 (0x00001397) x7  0x80004320
core   0: 0x80003324 (0xce13a023) sw      ra, -800(t2)
core   0: 3 0x80003324 (0xce13a023) mem 0x80004000 0x00000001
core   0: 0x80003328 (0xff9ff06f) j       pc - 0x8
core   0: 3 0x80003328 (0xff9ff06f)
core   0: 0x80003320 (0x00001397) auipc   t2, 0x1
core   0: 3 0x80003320 (0x00001397) x7  0x80004320
core   0: 0x80003324 (0xce13a023) sw      ra, -800(t2)
core   0: 3 0x80003324 (0xce13a023) mem 0x80004000 0x00000001
core   0: 0x80003328 (0xff9ff06f) j       pc - 0x8
core   0: 3 0x80003328 (0xff9ff06f)
core   0: 0x80003320 (0x00001397) auipc   t2, 0x1
core   0: 3 0x80003320 (0x00001397) x7  0x80004320
core   0: 0x80003324 (0xce13a023) sw      ra, -800(t2)
core   0: 3 0x80003324 (0xce13a023) mem 0x80004000 0x00000001
core   0: 0x80003328 (0xff9ff06f) j       pc - 0x8
core   0: 3 0x80003328 (0xff9ff06f)
core   0: 0x80003320 (0x00001397) auipc   t2, 0x1
core   0: 3 0x80003320 (0x00001397) x7  0x80004320
core   0: 0x80003324 (0xce13a023) sw      ra, -800(t2)
core   0: 3 0x80003324 (0xce13a023) mem 0x80004000 0x00000001
core   0: 0x80003328 (0xff9ff06f) j       pc - 0x8
core   0: 3 0x80003328 (0xff9ff06f)
core   0: 0x80003320 (0x00001397) auipc   t2, 0x1
core   0: 3 0x80003320 (0x00001397) x7  0x80004320
core   0: 0x80003324 (0xce13a023) sw      ra, -800(t2)
core   0: 3 0x80003324 (0xce13a023) mem 0x80004000 0x00000001
core   0: 0x80003328 (0xff9ff06f) j       pc - 0x8
core   0: 3 0x80003328 (0xff9ff06f)
core   0: 0x80003320 (0x00001397) auipc   t2, 0x1
core   0: 3 0x80003320 (0x00001397) x7  0x80004320
core   0: 0x80003324 (0xce13a023) sw      ra, -800(t2)
core   0: 3 0x80003324 (0xce13a023) mem 0x80004000 0x00000001
core   0: 0x80003328 (0xff9ff06f) j       pc - 0x8
core   0: 3 0x80003328 (0xff9ff06f)
core   0: 0x80003320 (0x00001397) auipc   t2, 0x1
core   0: 3 0x80003320 (0x00001397) x7  0x80004320
core   0: 0x80003324 (0xce13a023) sw      ra, -800(t2)
core   0: 3 0x80003324 (0xce13a023) mem 0x80004000 0x00000001
core   0: 0x80003328 (0xff9ff06f) j       pc - 0x8
core   0: 3 0x80003328 (0xff9ff06f)
core   0: 0x80003320 (0x00001397) auipc   t2, 0x1
core   0: 3 0x80003320 (0x00001397) x7  0x80004320
core   0: 0x80003324 (0xce13a023) sw      ra, -800(t2)
core   0: 3 0x80003324 (0xce13a023) mem 0x80004000 0x00000001
core   0: 0x80003328 (0xff9ff06f) j       pc - 0x8
core   0: 3 0x80003328 (0xff9ff06f)
core   0: 0x80003320 (0x00001397) auipc   t2, 0x1
core   0: 3 0x80003320 (0x00001397) x7  0x80004320
core   0: 0x80003324 (0xce13a023) sw      ra, -800(t2)
core   0: 3 0x80003324 (0xce13a023) mem 0x80004000 0x00000001
core   0: 0x80003328 (0xff9ff06f) j       pc - 0x8
core   0: 3 0x80003328 (0xff9ff06f)
core   0: 0x80003320 (0x00001397) auipc   t2, 0x1
core   0: 3 0x80003320 (0x00001397) x7  0x80004320
core   0: 0x80003324 (0xce13a023) sw      ra, -800(t2)
core   0: 3 0x80003324 (0xce13a023) mem 0x80004000 0x00000001
core   0: 0x80003328 (0xff9ff06f) j       pc - 0x8
core   0: 3 0x80003328 (0xff9ff06f)
core   0: 0x80003320 (0x00001397) auipc   t2, 0x1
core   0: 3 0x80003320 (0x00001397) x7  0x80004320
core   0: 0x80003324 (0xce13a023) sw      ra, -800(t2)
core   0: 3 0x80003324 (0xce13a023) mem 0x80004000 0x00000001
core   0: 0x80003328 (0xff9ff06f) j       pc - 0x8
core   0: 3 0x80003328 (0xff9ff06f)
core   0: 0x80003320 (0x00001397) auipc   t2, 0x1
core   0: 3 0x80003320 (0x00001397) x7  0x80004320
core   0: 0x80003324 (0xce13a023) sw      ra, -800(t2)
core   0: 3 0x80003324 (0xce13a023) mem 0x80004000 0x00000001
core   0: 0x80003328 (0xff9ff06f) j       pc - 0x8
core   0: 3 0x80003328 (0xff9ff06f)
core   0: 0x80003320 (0x00001397) auipc   t2, 0x1
core   0: 3 0x80003320 (0x00001397) x7  0x80004320
core   0: 0x80003324 (0xce13a023) sw      ra, -800(t2)
core   0: 3 0x80003324 (0xce13a023) mem 0x80004000 0x00000001
core   0: 0x80003328 (0xff9ff06f) j       pc - 0x8
core   0: 3 0x80003328 (0xff9ff06f)
core   0: 0x80003320 (0x00001397) auipc   t2, 0x1
core   0: 3 0x80003320 (0x00001397) x7  0x80004320
core   0: 0x80003324 (0xce13a023) sw      ra, -800(t2)
core   0: 3 0x80003324 (0xce13a023) mem 0x80004000 0x00000001
core   0: 0x80003328 (0xff9ff06f) j       pc - 0x8
core   0: 3 0x80003328 (0xff9ff06f)
core   0: 0x80003320 (0x00001397) auipc   t2, 0x1
core   0: 3 0x80003320 (0x00001397) x7  0x80004320
core   0: 0x80003324 (0xce13a023) sw      ra, -800(t2)
core   0: 3 0x80003324 (0xce13a023) mem 0x80004000 0x00000001
core   0: 0x80003328 (0xff9ff06f) j       pc - 0x8
core   0: 3 0x80003328 (0xff9ff06f)
core   0: 0x80003320 (0x00001397) auipc   t2, 0x1
core   0: 3 0x80003320 (0x00001397) x7  0x80004320
core   0: 0x80003324 (0xce13a023) sw      ra, -800(t2)
core   0: 3 0x80003324 (0xce13a023) mem 0x80004000 0x00000001
core   0: 0x80003328 (0xff9ff06f) j       pc - 0x8
core   0: 3 0x80003328 (0xff9ff06f)
core   0: 0x80003320 (0x00001397) auipc   t2, 0x1
core   0: 3 0x80003320 (0x00001397) x7  0x80004320
core   0: 0x80003324 (0xce13a023) sw      ra, -800(t2)
core   0: 3 0x80003324 (0xce13a023) mem 0x80004000 0x00000001
core   0: 0x80003328 (0xff9ff06f) j       pc - 0x8
core   0: 3 0x80003328 (0xff9ff06f)
core   0: 0x80003320 (0x00001397) auipc   t2, 0x1
core   0: 3 0x80003320 (0x00001397) x7  0x80004320
core   0: 0x80003324 (0xce13a023) sw      ra, -800(t2)
core   0: 3 0x80003324 (0xce13a023) mem 0x80004000 0x00000001
core   0: 0x80003328 (0xff9ff06f) j       pc - 0x8
core   0: 3 0x80003328 (0xff9ff06f)
core   0: 0x80003320 (0x00001397) auipc   t2, 0x1
core   0: 3 0x80003320 (0x00001397) x7  0x80004320
core   0: 0x80003324 (0xce13a023) sw      ra, -800(t2)
core   0: 3 0x80003324 (0xce13a023) mem 0x80004000 0x00000001
core   0: 0x80003328 (0xff9ff06f) j       pc - 0x8
core   0: 3 0x80003328 (0xff9ff06f)
core   0: 0x80003320 (0x00001397) auipc   t2, 0x1
core   0: 3 0x80003320 (0x00001397) x7  0x80004320
core   0: 0x80003324 (0xce13a023) sw      ra, -800(t2)
core   0: 3 0x80003324 (0xce13a023) mem 0x80004000 0x00000001
core   0: 0x80003328 (0xff9ff06f) j       pc - 0x8
core   0: 3 0x80003328 (0xff9ff06f)
core   0: 0x80003320 (0x00001397) auipc   t2, 0x1
core   0: 3 0x80003320 (0x00001397) x7  0x80004320
core   0: 0x80003324 (0xce13a023) sw      ra, -800(t2)
core   0: 3 0x80003324 (0xce13a023) mem 0x80004000 0x00000001
core   0: 0x80003328 (0xff9ff06f) j       pc - 0x8
core   0: 3 0x80003328 (0xff9ff06f)
core   0: 0x80003320 (0x00001397) auipc   t2, 0x1
core   0: 3 0x80003320 (0x00001397) x7  0x80004320
core   0: 0x80003324 (0xce13a023) sw      ra, -800(t2)
core   0: 3 0x80003324 (0xce13a023) mem 0x80004000 0x00000001
core   0: 0x80003328 (0xff9ff06f) j       pc - 0x8
core   0: 3 0x80003328 (0xff9ff06f)
core   0: 0x80003320 (0x00001397) auipc   t2, 0x1
core   0: 3 0x80003320 (0x00001397) x7  0x80004320
core   0: 0x80003324 (0xce13a023) sw      ra, -800(t2)
core   0: 3 0x80003324 (0xce13a023) mem 0x80004000 0x00000001
core   0: 0x80003328 (0xff9ff06f) j       pc - 0x8
core   0: 3 0x80003328 (0xff9ff06f)
core   0: 0x80003320 (0x00001397) auipc   t2, 0x1
core   0: 3 0x80003320 (0x00001397) x7  0x80004320
core   0: 0x80003324 (0xce13a023) sw      ra, -800(t2)
core   0: 3 0x80003324 (0xce13a023) mem 0x80004000 0x00000001
core   0: 0x80003328 (0xff9ff06f) j       pc - 0x8
core   0: 3 0x80003328 (0xff9ff06f)
core   0: 0x80003320 (0x00001397) auipc   t2, 0x1
core   0: 3 0x80003320 (0x00001397) x7  0x80004320
core   0: 0x80003324 (0xce13a023) sw      ra, -800(t2)
core   0: 3 0x80003324 (0xce13a023) mem 0x80004000 0x00000001
core   0: 0x80003328 (0xff9ff06f) j       pc - 0x8
core   0: 3 0x80003328 (0xff9ff06f)
core   0: 0x80003320 (0x00001397) auipc   t2, 0x1
core   0: 3 0x80003320 (0x00001397) x7  0x80004320
core   0: 0x80003324 (0xce13a023) sw      ra, -800(t2)
core   0: 3 0x80003324 (0xce13a023) mem 0x80004000 0x00000001
core   0: 0x80003328 (0xff9ff06f) j       pc - 0x8
core   0: 3 0x80003328 (0xff9ff06f)
core   0: 0x80003320 (0x00001397) auipc   t2, 0x1
core   0: 3 0x80003320 (0x00001397) x7  0x80004320
core   0: 0x80003324 (0xce13a023) sw      ra, -800(t2)
core   0: 3 0x80003324 (0xce13a023) mem 0x80004000 0x00000001
core   0: 0x80003328 (0xff9ff06f) j       pc - 0x8
core   0: 3 0x80003328 (0xff9ff06f)
core   0: 0x80003320 (0x00001397) auipc   t2, 0x1
core   0: 3 0x80003320 (0x00001397) x7  0x80004320
core   0: 0x80003324 (0xce13a023) sw      ra, -800(t2)
core   0: 3 0x80003324 (0xce13a023) mem 0x80004000 0x00000001
core   0: 0x80003328 (0xff9ff06f) j       pc - 0x8
core   0: 3 0x80003328 (0xff9ff06f)
core   0: 0x80003320 (0x00001397) auipc   t2, 0x1
core   0: 3 0x80003320 (0x00001397) x7  0x80004320
core   0: 0x80003324 (0xce13a023) sw      ra, -800(t2)
core   0: 3 0x80003324 (0xce13a023) mem 0x80004000 0x00000001
core   0: 0x80003328 (0xff9ff06f) j       pc - 0x8
core   0: 3 0x80003328 (0xff9ff06f)
core   0: 0x80003320 (0x00001397) auipc   t2, 0x1
core   0: 3 0x80003320 (0x00001397) x7  0x80004320
core   0: 0x80003324 (0xce13a023) sw      ra, -800(t2)
core   0: 3 0x80003324 (0xce13a023) mem 0x80004000 0x00000001
core   0: 0x80003328 (0xff9ff06f) j       pc - 0x8
core   0: 3 0x80003328 (0xff9ff06f)
core   0: 0x80003320 (0x00001397) auipc   t2, 0x1
core   0: 3 0x80003320 (0x00001397) x7  0x80004320
core   0: 0x80003324 (0xce13a023) sw      ra, -800(t2)
core   0: 3 0x80003324 (0xce13a023) mem 0x80004000 0x00000001
core   0: 0x80003328 (0xff9ff06f) j       pc - 0x8
core   0: 3 0x80003328 (0xff9ff06f)
core   0: 0x80003320 (0x00001397) auipc   t2, 0x1
core   0: 3 0x80003320 (0x00001397) x7  0x80004320
core   0: 0x80003324 (0xce13a023) sw      ra, -800(t2)
core   0: 3 0x80003324 (0xce13a023) mem 0x80004000 0x00000001
core   0: 0x80003328 (0xff9ff06f) j       pc - 0x8
core   0: 3 0x80003328 (0xff9ff06f)
core   0: 0x80003320 (0x00001397) auipc   t2, 0x1
core   0: 3 0x80003320 (0x00001397) x7  0x80004320
core   0: 0x80003324 (0xce13a023) sw      ra, -800(t2)
core   0: 3 0x80003324 (0xce13a023) mem 0x80004000 0x00000001
core   0: 0x80003328 (0xff9ff06f) j       pc - 0x8
core   0: 3 0x80003328 (0xff9ff06f)
core   0: 0x80003320 (0x00001397) auipc   t2, 0x1
core   0: 3 0x80003320 (0x00001397) x7  0x80004320
core   0: 0x80003324 (0xce13a023) sw      ra, -800(t2)
core   0: 3 0x80003324 (0xce13a023) mem 0x80004000 0x00000001
core   0: 0x80003328 (0xff9ff06f) j       pc - 0x8
core   0: 3 0x80003328 (0xff9ff06f)
core   0: 0x80003320 (0x00001397) auipc   t2, 0x1
core   0: 3 0x80003320 (0x00001397) x7  0x80004320
core   0: 0x80003324 (0xce13a023) sw      ra, -800(t2)
core   0: 3 0x80003324 (0xce13a023) mem 0x80004000 0x00000001
core   0: 0x80003328 (0xff9ff06f) j       pc - 0x8
core   0: 3 0x80003328 (0xff9ff06f)
core   0: 0x80003320 (0x00001397) auipc   t2, 0x1
core   0: 3 0x80003320 (0x00001397) x7  0x80004320
core   0: 0x80003324 (0xce13a023) sw      ra, -800(t2)
core   0: 3 0x80003324 (0xce13a023) mem 0x80004000 0x00000001
core   0: 0x80003328 (0xff9ff06f) j       pc - 0x8
core   0: 3 0x80003328 (0xff9ff06f)
core   0: 0x80003320 (0x00001397) auipc   t2, 0x1
core   0: 3 0x80003320 (0x00001397) x7  0x80004320
core   0: 0x80003324 (0xce13a023) sw      ra, -800(t2)
core   0: 3 0x80003324 (0xce13a023) mem 0x80004000 0x00000001
core   0: 0x80003328 (0xff9ff06f) j       pc - 0x8
core   0: 3 0x80003328 (0xff9ff06f)
core   0: 0x80003320 (0x00001397) auipc   t2, 0x1
core   0: 3 0x80003320 (0x00001397) x7  0x80004320
core   0: 0x80003324 (0xce13a023) sw      ra, -800(t2)
core   0: 3 0x80003324 (0xce13a023) mem 0x80004000 0x00000001
core   0: 0x80003328 (0xff9ff06f) j       pc - 0x8
core   0: 3 0x80003328 (0xff9ff06f)
core   0: 0x80003320 (0x00001397) auipc   t2, 0x1
core   0: 3 0x80003320 (0x00001397) x7  0x80004320
core   0: 0x80003324 (0xce13a023) sw      ra, -800(t2)
core   0: 3 0x80003324 (0xce13a023) mem 0x80004000 0x00000001
core   0: 0x80003328 (0xff9ff06f) j       pc - 0x8
core   0: 3 0x80003328 (0xff9ff06f)
core   0: 0x80003320 (0x00001397) auipc   t2, 0x1
core   0: 3 0x80003320 (0x00001397) x7  0x80004320
core   0: 0x80003324 (0xce13a023) sw      ra, -800(t2)
core   0: 3 0x80003324 (0xce13a023) mem 0x80004000 0x00000001
core   0: 0x80003328 (0xff9ff06f) j       pc - 0x8
core   0: 3 0x80003328 (0xff9ff06f)
core   0: 0x80003320 (0x00001397) auipc   t2, 0x1
core   0: 3 0x80003320 (0x00001397) x7  0x80004320
core   0: 0x80003324 (0xce13a023) sw      ra, -800(t2)
core   0: 3 0x80003324 (0xce13a023) mem 0x80004000 0x00000001
core   0: 0x80003328 (0xff9ff06f) j       pc - 0x8
core   0: 3 0x80003328 (0xff9ff06f)
core   0: 0x80003320 (0x00001397) auipc   t2, 0x1
core   0: 3 0x80003320 (0x00001397) x7  0x80004320
core   0: 0x80003324 (0xce13a023) sw      ra, -800(t2)
core   0: 3 0x80003324 (0xce13a023) mem 0x80004000 0x00000001
core   0: 0x80003328 (0xff9ff06f) j       pc - 0x8
core   0: 3 0x80003328 (0xff9ff06f)
core   0: 0x80003320 (0x00001397) auipc   t2, 0x1
core   0: 3 0x80003320 (0x00001397) x7  0x80004320
core   0: 0x80003324 (0xce13a023) sw      ra, -800(t2)
core   0: 3 0x80003324 (0xce13a023) mem 0x80004000 0x00000001
core   0: 0x80003328 (0xff9ff06f) j       pc - 0x8
core   0: 3 0x80003328 (0xff9ff06f)
core   0: 0x80003320 (0x00001397) auipc   t2, 0x1
core   0: 3 0x80003320 (0x00001397) x7  0x80004320
core   0: 0x80003324 (0xce13a023) sw      ra, -800(t2)
core   0: 3 0x80003324 (0xce13a023) mem 0x80004000 0x00000001
core   0: 0x80003328 (0xff9ff06f) j       pc - 0x8
core   0: 3 0x80003328 (0xff9ff06f)
core   0: 0x80003320 (0x00001397) auipc   t2, 0x1
core   0: 3 0x80003320 (0x00001397) x7  0x80004320
core   0: 0x80003324 (0xce13a023) sw      ra, -800(t2)
core   0: 3 0x80003324 (0xce13a023) mem 0x80004000 0x00000001
core   0: 0x80003328 (0xff9ff06f) j       pc - 0x8
core   0: 3 0x80003328 (0xff9ff06f)
core   0: 0x80003320 (0x00001397) auipc   t2, 0x1
core   0: 3 0x80003320 (0x00001397) x7  0x80004320
core   0: 0x80003324 (0xce13a023) sw      ra, -800(t2)
core   0: 3 0x80003324 (0xce13a023) mem 0x80004000 0x00000001
core   0: 0x80003328 (0xff9ff06f) j       pc - 0x8
core   0: 3 0x80003328 (0xff9ff06f)
core   0: 0x80003320 (0x00001397) auipc   t2, 0x1
core   0: 3 0x80003320 (0x00001397) x7  0x80004320
core   0: 0x80003324 (0xce13a023) sw      ra, -800(t2)
core   0: 3 0x80003324 (0xce13a023) mem 0x80004000 0x00000001
core   0: 0x80003328 (0xff9ff06f) j       pc - 0x8
core   0: 3 0x80003328 (0xff9ff06f)
core   0: 0x80003320 (0x00001397) auipc   t2, 0x1
core   0: 3 0x80003320 (0x00001397) x7  0x80004320
core   0: 0x80003324 (0xce13a023) sw      ra, -800(t2)
core   0: 3 0x80003324 (0xce13a023) mem 0x80004000 0x00000001
core   0: 0x80003328 (0xff9ff06f) j       pc - 0x8
core   0: 3 0x80003328 (0xff9ff06f)
core   0: 0x80003320 (0x00001397) auipc   t2, 0x1
core   0: 3 0x80003320 (0x00001397) x7  0x80004320
core   0: 0x80003324 (0xce13a023) sw      ra, -800(t2)
core   0: 3 0x80003324 (0xce13a023) mem 0x80004000 0x00000001
core   0: 0x80003328 (0xff9ff06f) j       pc - 0x8
core   0: 3 0x80003328 (0xff9ff06f)
core   0: 0x80003320 (0x00001397) auipc   t2, 0x1
core   0: 3 0x80003320 (0x00001397) x7  0x80004320
core   0: 0x80003324 (0xce13a023) sw      ra, -800(t2)
core   0: 3 0x80003324 (0xce13a023) mem 0x80004000 0x00000001
core   0: 0x80003328 (0xff9ff06f) j       pc - 0x8
core   0: 3 0x80003328 (0xff9ff06f)
core   0: 0x80003320 (0x00001397) auipc   t2, 0x1
core   0: 3 0x80003320 (0x00001397) x7  0x80004320
core   0: 0x80003324 (0xce13a023) sw      ra, -800(t2)
core   0: 3 0x80003324 (0xce13a023) mem 0x80004000 0x00000001
core   0: 0x80003328 (0xff9ff06f) j       pc - 0x8
core   0: 3 0x80003328 (0xff9ff06f)
core   0: 0x80003320 (0x00001397) auipc   t2, 0x1
core   0: 3 0x80003320 (0x00001397) x7  0x80004320
core   0: 0x80003324 (0xce13a023) sw      ra, -800(t2)
core   0: 3 0x80003324 (0xce13a023) mem 0x80004000 0x00000001
core   0: 0x80003328 (0xff9ff06f) j       pc - 0x8
core   0: 3 0x80003328 (0xff9ff06f)
core   0: 0x80003320 (0x00001397) auipc   t2, 0x1
core   0: 3 0x80003320 (0x00001397) x7  0x80004320
core   0: 0x80003324 (0xce13a023) sw      ra, -800(t2)
core   0: 3 0x80003324 (0xce13a023) mem 0x80004000 0x00000001
core   0: 0x80003328 (0xff9ff06f) j       pc - 0x8
core   0: 3 0x80003328 (0xff9ff06f)
core   0: 0x80003320 (0x00001397) auipc   t2, 0x1
core   0: 3 0x80003320 (0x00001397) x7  0x80004320
core   0: 0x80003324 (0xce13a023) sw      ra, -800(t2)
core   0: 3 0x80003324 (0xce13a023) mem 0x80004000 0x00000001
core   0: 0x80003328 (0xff9ff06f) j       pc - 0x8
core   0: 3 0x80003328 (0xff9ff06f)
core   0: 0x80003320 (0x00001397) auipc   t2, 0x1
core   0: 3 0x80003320 (0x00001397) x7  0x80004320
core   0: 0x80003324 (0xce13a023) sw      ra, -800(t2)
core   0: 3 0x80003324 (0xce13a023) mem 0x80004000 0x00000001
core   0: 0x80003328 (0xff9ff06f) j       pc - 0x8
core   0: 3 0x80003328 (0xff9ff06f)
core   0: 0x80003320 (0x00001397) auipc   t2, 0x1
core   0: 3 0x80003320 (0x00001397) x7  0x80004320
core   0: 0x80003324 (0xce13a023) sw      ra, -800(t2)
core   0: 3 0x80003324 (0xce13a023) mem 0x80004000 0x00000001
core   0: 0x80003328 (0xff9ff06f) j       pc - 0x8
core   0: 3 0x80003328 (0xff9ff06f)
core   0: 0x80003320 (0x00001397) auipc   t2, 0x1
core   0: 3 0x80003320 (0x00001397) x7  0x80004320
core   0: 0x80003324 (0xce13a023) sw      ra, -800(t2)
core   0: 3 0x80003324 (0xce13a023) mem 0x80004000 0x00000001
core   0: 0x80003328 (0xff9ff06f) j       pc - 0x8
core   0: 3 0x80003328 (0xff9ff06f)
core   0: 0x80003320 (0x00001397) auipc   t2, 0x1
core   0: 3 0x80003320 (0x00001397) x7  0x80004320
core   0: 0x80003324 (0xce13a023) sw      ra, -800(t2)
core   0: 3 0x80003324 (0xce13a023) mem 0x80004000 0x00000001
core   0: 0x80003328 (0xff9ff06f) j       pc - 0x8
core   0: 3 0x80003328 (0xff9ff06f)
core   0: 0x80003320 (0x00001397) auipc   t2, 0x1
core   0: 3 0x80003320 (0x00001397) x7  0x80004320
core   0: 0x80003324 (0xce13a023) sw      ra, -800(t2)
core   0: 3 0x80003324 (0xce13a023) mem 0x80004000 0x00000001
core   0: 0x80003328 (0xff9ff06f) j       pc - 0x8
core   0: 3 0x80003328 (0xff9ff06f)
core   0: 0x80003320 (0x00001397) auipc   t2, 0x1
core   0: 3 0x80003320 (0x00001397) x7  0x80004320
core   0: 0x80003324 (0xce13a023) sw      ra, -800(t2)
core   0: 3 0x80003324 (0xce13a023) mem 0x80004000 0x00000001
core   0: 0x80003328 (0xff9ff06f) j       pc - 0x8
core   0: 3 0x80003328 (0xff9ff06f)
core   0: 0x80003320 (0x00001397) auipc   t2, 0x1
core   0: 3 0x80003320 (0x00001397) x7  0x80004320
core   0: 0x80003324 (0xce13a023) sw      ra, -800(t2)
core   0: 3 0x80003324 (0xce13a023) mem 0x80004000 0x00000001
core   0: 0x80003328 (0xff9ff06f) j       pc - 0x8
core   0: 3 0x80003328 (0xff9ff06f)
core   0: 0x80003320 (0x00001397) auipc   t2, 0x1
core   0: 3 0x80003320 (0x00001397) x7  0x80004320
core   0: 0x80003324 (0xce13a023) sw      ra, -800(t2)
core   0: 3 0x80003324 (0xce13a023) mem 0x80004000 0x00000001
core   0: 0x80003328 (0xff9ff06f) j       pc - 0x8
core   0: 3 0x80003328 (0xff9ff06f)
core   0: 0x80003320 (0x00001397) auipc   t2, 0x1
core   0: 3 0x80003320 (0x00001397) x7  0x80004320
core   0: 0x80003324 (0xce13a023) sw      ra, -800(t2)
core   0: 3 0x80003324 (0xce13a023) mem 0x80004000 0x00000001
core   0: 0x80003328 (0xff9ff06f) j       pc - 0x8
core   0: 3 0x80003328 (0xff9ff06f)
core   0: 0x80003320 (0x00001397) auipc   t2, 0x1
core   0: 3 0x80003320 (0x00001397) x7  0x80004320
core   0: 0x80003324 (0xce13a023) sw      ra, -800(t2)
core   0: 3 0x80003324 (0xce13a023) mem 0x80004000 0x00000001
core   0: 0x80003328 (0xff9ff06f) j       pc - 0x8
core   0: 3 0x80003328 (0xff9ff06f)
core   0: 0x80003320 (0x00001397) auipc   t2, 0x1
core   0: 3 0x80003320 (0x00001397) x7  0x80004320
core   0: 0x80003324 (0xce13a023) sw      ra, -800(t2)
core   0: 3 0x80003324 (0xce13a023) mem 0x80004000 0x00000001
core   0: 0x80003328 (0xff9ff06f) j       pc - 0x8
core   0: 3 0x80003328 (0xff9ff06f)
core   0: 0x80003320 (0x00001397) auipc   t2, 0x1
core   0: 3 0x80003320 (0x00001397) x7  0x80004320
core   0: 0x80003324 (0xce13a023) sw      ra, -800(t2)
core   0: 3 0x80003324 (0xce13a023) mem 0x80004000 0x00000001
core   0: 0x80003328 (0xff9ff06f) j       pc - 0x8
core   0: 3 0x80003328 (0xff9ff06f)
core   0: 0x80003320 (0x00001397) auipc   t2, 0x1
core   0: 3 0x80003320 (0x00001397) x7  0x80004320
core   0: 0x80003324 (0xce13a023) sw      ra, -800(t2)
core   0: 3 0x80003324 (0xce13a023) mem 0x80004000 0x00000001
core   0: 0x80003328 (0xff9ff06f) j       pc - 0x8
core   0: 3 0x80003328 (0xff9ff06f)
core   0: 0x80003320 (0x00001397) auipc   t2, 0x1
core   0: 3 0x80003320 (0x00001397) x7  0x80004320
core   0: 0x80003324 (0xce13a023) sw      ra, -800(t2)
core   0: 3 0x80003324 (0xce13a023) mem 0x80004000 0x00000001
core   0: 0x80003328 (0xff9ff06f) j       pc - 0x8
core   0: 3 0x80003328 (0xff9ff06f)
core   0: 0x80003320 (0x00001397) auipc   t2, 0x1
core   0: 3 0x80003320 (0x00001397) x7  0x80004320
core   0: 0x80003324 (0xce13a023) sw      ra, -800(t2)
core   0: 3 0x80003324 (0xce13a023) mem 0x80004000 0x00000001
core   0: 0x80003328 (0xff9ff06f) j       pc - 0x8
core   0: 3 0x80003328 (0xff9ff06f)
core   0: 0x80003320 (0x00001397) auipc   t2, 0x1
core   0: 3 0x80003320 (0x00001397) x7  0x80004320
core   0: 0x80003324 (0xce13a023) sw      ra, -800(t2)
core   0: 3 0x80003324 (0xce13a023) mem 0x80004000 0x00000001
core   0: 0x80003328 (0xff9ff06f) j       pc - 0x8
core   0: 3 0x80003328 (0xff9ff06f)
core   0: 0x80003320 (0x00001397) auipc   t2, 0x1
core   0: 3 0x80003320 (0x00001397) x7  0x80004320
core   0: 0x80003324 (0xce13a023) sw      ra, -800(t2)
core   0: 3 0x80003324 (0xce13a023) mem 0x80004000 0x00000001
core   0: 0x80003328 (0xff9ff06f) j       pc - 0x8
core   0: 3 0x80003328 (0xff9ff06f)
core   0: 0x80003320 (0x00001397) auipc   t2, 0x1
core   0: 3 0x80003320 (0x00001397) x7  0x80004320
core   0: 0x80003324 (0xce13a023) sw      ra, -800(t2)
core   0: 3 0x80003324 (0xce13a023) mem 0x80004000 0x00000001
core   0: 0x80003328 (0xff9ff06f) j       pc - 0x8
core   0: 3 0x80003328 (0xff9ff06f)
core   0: 0x80003320 (0x00001397) auipc   t2, 0x1
core   0: 3 0x80003320 (0x00001397) x7  0x80004320
core   0: 0x80003324 (0xce13a023) sw      ra, -800(t2)
core   0: 3 0x80003324 (0xce13a023) mem 0x80004000 0x00000001
core   0: 0x80003328 (0xff9ff06f) j       pc - 0x8
core   0: 3 0x80003328 (0xff9ff06f)
core   0: 0x80003320 (0x00001397) auipc   t2, 0x1
core   0: 3 0x80003320 (0x00001397) x7  0x80004320
core   0: 0x80003324 (0xce13a023) sw      ra, -800(t2)
core   0: 3 0x80003324 (0xce13a023) mem 0x80004000 0x00000001
core   0: 0x80003328 (0xff9ff06f) j       pc - 0x8
core   0: 3 0x80003328 (0xff9ff06f)
core   0: 0x80003320 (0x00001397) auipc   t2, 0x1
core   0: 3 0x80003320 (0x00001397) x7  0x80004320
core   0: 0x80003324 (0xce13a023) sw      ra, -800(t2)
core   0: 3 0x80003324 (0xce13a023) mem 0x80004000 0x00000001
core   0: 0x80003328 (0xff9ff06f) j       pc - 0x8
core   0: 3 0x80003328 (0xff9ff06f)
core   0: 0x80003320 (0x00001397) auipc   t2, 0x1
core   0: 3 0x80003320 (0x00001397) x7  0x80004320
core   0: 0x80003324 (0xce13a023) sw      ra, -800(t2)
core   0: 3 0x80003324 (0xce13a023) mem 0x80004000 0x00000001
core   0: 0x80003328 (0xff9ff06f) j       pc - 0x8
core   0: 3 0x80003328 (0xff9ff06f)
core   0: 0x80003320 (0x00001397) auipc   t2, 0x1
core   0: 3 0x80003320 (0x00001397) x7  0x80004320
core   0: 0x80003324 (0xce13a023) sw      ra, -800(t2)
core   0: 3 0x80003324 (0xce13a023) mem 0x80004000 0x00000001
core   0: 0x80003328 (0xff9ff06f) j       pc - 0x8
core   0: 3 0x80003328 (0xff9ff06f)
core   0: 0x80003320 (0x00001397) auipc   t2, 0x1
core   0: 3 0x80003320 (0x00001397) x7  0x80004320
core   0: 0x80003324 (0xce13a023) sw      ra, -800(t2)
core   0: 3 0x80003324 (0xce13a023) mem 0x80004000 0x00000001
core   0: 0x80003328 (0xff9ff06f) j       pc - 0x8
core   0: 3 0x80003328 (0xff9ff06f)
core   0: 0x80003320 (0x00001397) auipc   t2, 0x1
core   0: 3 0x80003320 (0x00001397) x7  0x80004320
core   0: 0x80003324 (0xce13a023) sw      ra, -800(t2)
core   0: 3 0x80003324 (0xce13a023) mem 0x80004000 0x00000001
core   0: 0x80003328 (0xff9ff06f) j       pc - 0x8
core   0: 3 0x80003328 (0xff9ff06f)
core   0: 0x80003320 (0x00001397) auipc   t2, 0x1
core   0: 3 0x80003320 (0x00001397) x7  0x80004320
core   0: 0x80003324 (0xce13a023) sw      ra, -800(t2)
core   0: 3 0x80003324 (0xce13a023) mem 0x80004000 0x00000001
core   0: 0x80003328 (0xff9ff06f) j       pc - 0x8
core   0: 3 0x80003328 (0xff9ff06f)
core   0: 0x80003320 (0x00001397) auipc   t2, 0x1
core   0: 3 0x80003320 (0x00001397) x7  0x80004320
core   0: 0x80003324 (0xce13a023) sw      ra, -800(t2)
core   0: 3 0x80003324 (0xce13a023) mem 0x80004000 0x00000001
core   0: 0x80003328 (0xff9ff06f) j       pc - 0x8
core   0: 3 0x80003328 (0xff9ff06f)
core   0: 0x80003320 (0x00001397) auipc   t2, 0x1
core   0: 3 0x80003320 (0x00001397) x7  0x80004320
core   0: 0x80003324 (0xce13a023) sw      ra, -800(t2)
core   0: 3 0x80003324 (0xce13a023) mem 0x80004000 0x00000001
core   0: 0x80003328 (0xff9ff06f) j       pc - 0x8
core   0: 3 0x80003328 (0xff9ff06f)
core   0: 0x80003320 (0x00001397) auipc   t2, 0x1
core   0: 3 0x80003320 (0x00001397) x7  0x80004320
core   0: 0x80003324 (0xce13a023) sw      ra, -800(t2)
core   0: 3 0x80003324 (0xce13a023) mem 0x80004000 0x00000001
core   0: 0x80003328 (0xff9ff06f) j       pc - 0x8
core   0: 3 0x80003328 (0xff9ff06f)
core   0: 0x80003320 (0x00001397) auipc   t2, 0x1
core   0: 3 0x80003320 (0x00001397) x7  0x80004320
core   0: 0x80003324 (0xce13a023) sw      ra, -800(t2)
core   0: 3 0x80003324 (0xce13a023) mem 0x80004000 0x00000001
core   0: 0x80003328 (0xff9ff06f) j       pc - 0x8
core   0: 3 0x80003328 (0xff9ff06f)
core   0: 0x80003320 (0x00001397) auipc   t2, 0x1
core   0: 3 0x80003320 (0x00001397) x7  0x80004320
core   0: 0x80003324 (0xce13a023) sw      ra, -800(t2)
core   0: 3 0x80003324 (0xce13a023) mem 0x80004000 0x00000001
core   0: 0x80003328 (0xff9ff06f) j       pc - 0x8
core   0: 3 0x80003328 (0xff9ff06f)
core   0: 0x80003320 (0x00001397) auipc   t2, 0x1
core   0: 3 0x80003320 (0x00001397) x7  0x80004320
core   0: 0x80003324 (0xce13a023) sw      ra, -800(t2)
core   0: 3 0x80003324 (0xce13a023) mem 0x80004000 0x00000001
core   0: 0x80003328 (0xff9ff06f) j       pc - 0x8
core   0: 3 0x80003328 (0xff9ff06f)
core   0: 0x80003320 (0x00001397) auipc   t2, 0x1
core   0: 3 0x80003320 (0x00001397) x7  0x80004320
core   0: 0x80003324 (0xce13a023) sw      ra, -800(t2)
core   0: 3 0x80003324 (0xce13a023) mem 0x80004000 0x00000001
core   0: 0x80003328 (0xff9ff06f) j       pc - 0x8
core   0: 3 0x80003328 (0xff9ff06f)
core   0: 0x80003320 (0x00001397) auipc   t2, 0x1
core   0: 3 0x80003320 (0x00001397) x7  0x80004320
core   0: 0x80003324 (0xce13a023) sw      ra, -800(t2)
core   0: 3 0x80003324 (0xce13a023) mem 0x80004000 0x00000001
core   0: 0x80003328 (0xff9ff06f) j       pc - 0x8
core   0: 3 0x80003328 (0xff9ff06f)
core   0: 0x80003320 (0x00001397) auipc   t2, 0x1
core   0: 3 0x80003320 (0x00001397) x7  0x80004320
core   0: 0x80003324 (0xce13a023) sw      ra, -800(t2)
core   0: 3 0x80003324 (0xce13a023) mem 0x80004000 0x00000001
core   0: 0x80003328 (0xff9ff06f) j       pc - 0x8
core   0: 3 0x80003328 (0xff9ff06f)
core   0: 0x80003320 (0x00001397) auipc   t2, 0x1
core   0: 3 0x80003320 (0x00001397) x7  0x80004320
core   0: 0x80003324 (0xce13a023) sw      ra, -800(t2)
core   0: 3 0x80003324 (0xce13a023) mem 0x80004000 0x00000001
core   0: 0x80003328 (0xff9ff06f) j       pc - 0x8
core   0: 3 0x80003328 (0xff9ff06f)
core   0: 0x80003320 (0x00001397) auipc   t2, 0x1
core   0: 3 0x80003320 (0x00001397) x7  0x80004320
core   0: 0x80003324 (0xce13a023) sw      ra, -800(t2)
core   0: 3 0x80003324 (0xce13a023) mem 0x80004000 0x00000001
core   0: 0x80003328 (0xff9ff06f) j       pc - 0x8
core   0: 3 0x80003328 (0xff9ff06f)
core   0: 0x80003320 (0x00001397) auipc   t2, 0x1
core   0: 3 0x80003320 (0x00001397) x7  0x80004320
core   0: 0x80003324 (0xce13a023) sw      ra, -800(t2)
core   0: 3 0x80003324 (0xce13a023) mem 0x80004000 0x00000001
core   0: 0x80003328 (0xff9ff06f) j       pc - 0x8
core   0: 3 0x80003328 (0xff9ff06f)
core   0: 0x80003320 (0x00001397) auipc   t2, 0x1
core   0: 3 0x80003320 (0x00001397) x7  0x80004320
core   0: 0x80003324 (0xce13a023) sw      ra, -800(t2)
core   0: 3 0x80003324 (0xce13a023) mem 0x80004000 0x00000001
core   0: 0x80003328 (0xff9ff06f) j       pc - 0x8
core   0: 3 0x80003328 (0xff9ff06f)
core   0: 0x80003320 (0x00001397) auipc   t2, 0x1
core   0: 3 0x80003320 (0x00001397) x7  0x80004320
core   0: 0x80003324 (0xce13a023) sw      ra, -800(t2)
core   0: 3 0x80003324 (0xce13a023) mem 0x80004000 0x00000001
core   0: 0x80003328 (0xff9ff06f) j       pc - 0x8
core   0: 3 0x80003328 (0xff9ff06f)
core   0: 0x80003320 (0x00001397) auipc   t2, 0x1
core   0: 3 0x80003320 (0x00001397) x7  0x80004320
core   0: 0x80003324 (0xce13a023) sw      ra, -800(t2)
core   0: 3 0x80003324 (0xce13a023) mem 0x80004000 0x00000001
core   0: 0x80003328 (0xff9ff06f) j       pc - 0x8
core   0: 3 0x80003328 (0xff9ff06f)
core   0: 0x80003320 (0x00001397) auipc   t2, 0x1
core   0: 3 0x80003320 (0x00001397) x7  0x80004320
core   0: 0x80003324 (0xce13a023) sw      ra, -800(t2)
core   0: 3 0x80003324 (0xce13a023) mem 0x80004000 0x00000001
core   0: 0x80003328 (0xff9ff06f) j       pc - 0x8
core   0: 3 0x80003328 (0xff9ff06f)
core   0: 0x80003320 (0x00001397) auipc   t2, 0x1
core   0: 3 0x80003320 (0x00001397) x7  0x80004320
core   0: 0x80003324 (0xce13a023) sw      ra, -800(t2)
core   0: 3 0x80003324 (0xce13a023) mem 0x80004000 0x00000001
core   0: 0x80003328 (0xff9ff06f) j       pc - 0x8
core   0: 3 0x80003328 (0xff9ff06f)
core   0: 0x80003320 (0x00001397) auipc   t2, 0x1
core   0: 3 0x80003320 (0x00001397) x7  0x80004320
core   0: 0x80003324 (0xce13a023) sw      ra, -800(t2)
core   0: 3 0x80003324 (0xce13a023) mem 0x80004000 0x00000001
core   0: 0x80003328 (0xff9ff06f) j       pc - 0x8
core   0: 3 0x80003328 (0xff9ff06f)
core   0: 0x80003320 (0x00001397) auipc   t2, 0x1
core   0: 3 0x80003320 (0x00001397) x7  0x80004320
core   0: 0x80003324 (0xce13a023) sw      ra, -800(t2)
core   0: 3 0x80003324 (0xce13a023) mem 0x80004000 0x00000001
core   0: 0x80003328 (0xff9ff06f) j       pc - 0x8
core   0: 3 0x80003328 (0xff9ff06f)
core   0: 0x80003320 (0x00001397) auipc   t2, 0x1
core   0: 3 0x80003320 (0x00001397) x7  0x80004320
core   0: 0x80003324 (0xce13a023) sw      ra, -800(t2)
core   0: 3 0x80003324 (0xce13a023) mem 0x80004000 0x00000001
core   0: 0x80003328 (0xff9ff06f) j       pc - 0x8
core   0: 3 0x80003328 (0xff9ff06f)
core   0: 0x80003320 (0x00001397) auipc   t2, 0x1
core   0: 3 0x80003320 (0x00001397) x7  0x80004320
core   0: 0x80003324 (0xce13a023) sw      ra, -800(t2)
core   0: 3 0x80003324 (0xce13a023) mem 0x80004000 0x00000001
core   0: 0x80003328 (0xff9ff06f) j       pc - 0x8
core   0: 3 0x80003328 (0xff9ff06f)
core   0: 0x80003320 (0x00001397) auipc   t2, 0x1
core   0: 3 0x80003320 (0x00001397) x7  0x80004320
core   0: 0x80003324 (0xce13a023) sw      ra, -800(t2)
core   0: 3 0x80003324 (0xce13a023) mem 0x80004000 0x00000001
core   0: 0x80003328 (0xff9ff06f) j       pc - 0x8
core   0: 3 0x80003328 (0xff9ff06f)
core   0: 0x80003320 (0x00001397) auipc   t2, 0x1
core   0: 3 0x80003320 (0x00001397) x7  0x80004320
core   0: 0x80003324 (0xce13a023) sw      ra, -800(t2)
core   0: 3 0x80003324 (0xce13a023) mem 0x80004000 0x00000001
core   0: 0x80003328 (0xff9ff06f) j       pc - 0x8
core   0: 3 0x80003328 (0xff9ff06f)
core   0: 0x80003320 (0x00001397) auipc   t2, 0x1
core   0: 3 0x80003320 (0x00001397) x7  0x80004320
core   0: 0x80003324 (0xce13a023) sw      ra, -800(t2)
core   0: 3 0x80003324 (0xce13a023) mem 0x80004000 0x00000001
core   0: 0x80003328 (0xff9ff06f) j       pc - 0x8
core   0: 3 0x80003328 (0xff9ff06f)
core   0: 0x80003320 (0x00001397) auipc   t2, 0x1
core   0: 3 0x80003320 (0x00001397) x7  0x80004320
core   0: 0x80003324 (0xce13a023) sw      ra, -800(t2)
core   0: 3 0x80003324 (0xce13a023) mem 0x80004000 0x00000001
core   0: 0x80003328 (0xff9ff06f) j       pc - 0x8
core   0: 3 0x80003328 (0xff9ff06f)
core   0: 0x80003320 (0x00001397) auipc   t2, 0x1
core   0: 3 0x80003320 (0x00001397) x7  0x80004320
core   0: 0x80003324 (0xce13a023) sw      ra, -800(t2)
core   0: 3 0x80003324 (0xce13a023) mem 0x80004000 0x00000001
core   0: 0x80003328 (0xff9ff06f) j       pc - 0x8
core   0: 3 0x80003328 (0xff9ff06f)
core   0: 0x80003320 (0x00001397) auipc   t2, 0x1
core   0: 3 0x80003320 (0x00001397) x7  0x80004320
core   0: 0x80003324 (0xce13a023) sw      ra, -800(t2)
core   0: 3 0x80003324 (0xce13a023) mem 0x80004000 0x00000001
core   0: 0x80003328 (0xff9ff06f) j       pc - 0x8
core   0: 3 0x80003328 (0xff9ff06f)
core   0: 0x80003320 (0x00001397) auipc   t2, 0x1
core   0: 3 0x80003320 (0x00001397) x7  0x80004320
core   0: 0x80003324 (0xce13a023) sw      ra, -800(t2)
core   0: 3 0x80003324 (0xce13a023) mem 0x80004000 0x00000001
core   0: 0x80003328 (0xff9ff06f) j       pc - 0x8
core   0: 3 0x80003328 (0xff9ff06f)
core   0: 0x80003320 (0x00001397) auipc   t2, 0x1
core   0: 3 0x80003320 (0x00001397) x7  0x80004320
core   0: 0x80003324 (0xce13a023) sw      ra, -800(t2)
core   0: 3 0x80003324 (0xce13a023) mem 0x80004000 0x00000001
core   0: 0x80003328 (0xff9ff06f) j       pc - 0x8
core   0: 3 0x80003328 (0xff9ff06f)
core   0: 0x80003320 (0x00001397) auipc   t2, 0x1
core   0: 3 0x80003320 (0x00001397) x7  0x80004320
core   0: 0x80003324 (0xce13a023) sw      ra, -800(t2)
core   0: 3 0x80003324 (0xce13a023) mem 0x80004000 0x00000001
core   0: 0x80003328 (0xff9ff06f) j       pc - 0x8
core   0: 3 0x80003328 (0xff9ff06f)
core   0: 0x80003320 (0x00001397) auipc   t2, 0x1
core   0: 3 0x80003320 (0x00001397) x7  0x80004320
core   0: 0x80003324 (0xce13a023) sw      ra, -800(t2)
core   0: 3 0x80003324 (0xce13a023) mem 0x80004000 0x00000001
core   0: 0x80003328 (0xff9ff06f) j       pc - 0x8
core   0: 3 0x80003328 (0xff9ff06f)
core   0: 0x80003320 (0x00001397) auipc   t2, 0x1
core   0: 3 0x80003320 (0x00001397) x7  0x80004320
core   0: 0x80003324 (0xce13a023) sw      ra, -800(t2)
core   0: 3 0x80003324 (0xce13a023) mem 0x80004000 0x00000001
core   0: 0x80003328 (0xff9ff06f) j       pc - 0x8
core   0: 3 0x80003328 (0xff9ff06f)
core   0: 0x80003320 (0x00001397) auipc   t2, 0x1
core   0: 3 0x80003320 (0x00001397) x7  0x80004320
core   0: 0x80003324 (0xce13a023) sw      ra, -800(t2)
core   0: 3 0x80003324 (0xce13a023) mem 0x80004000 0x00000001
core   0: 0x80003328 (0xff9ff06f) j       pc - 0x8
core   0: 3 0x80003328 (0xff9ff06f)
core   0: 0x80003320 (0x00001397) auipc   t2, 0x1
core   0: 3 0x80003320 (0x00001397) x7  0x80004320
core   0: 0x80003324 (0xce13a023) sw      ra, -800(t2)
core   0: 3 0x80003324 (0xce13a023) mem 0x80004000 0x00000001
core   0: 0x80003328 (0xff9ff06f) j       pc - 0x8
core   0: 3 0x80003328 (0xff9ff06f)
core   0: 0x80003320 (0x00001397) auipc   t2, 0x1
core   0: 3 0x80003320 (0x00001397) x7  0x80004320
core   0: 0x80003324 (0xce13a023) sw      ra, -800(t2)
core   0: 3 0x80003324 (0xce13a023) mem 0x80004000 0x00000001
core   0: 0x80003328 (0xff9ff06f) j       pc - 0x8
core   0: 3 0x80003328 (0xff9ff06f)
core   0: 0x80003320 (0x00001397) auipc   t2, 0x1
core   0: 3 0x80003320 (0x00001397) x7  0x80004320
core   0: 0x80003324 (0xce13a023) sw      ra, -800(t2)
core   0: 3 0x80003324 (0xce13a023) mem 0x80004000 0x00000001
core   0: 0x80003328 (0xff9ff06f) j       pc - 0x8
core   0: 3 0x80003328 (0xff9ff06f)
core   0: 0x80003320 (0x00001397) auipc   t2, 0x1
core   0: 3 0x80003320 (0x00001397) x7  0x80004320
core   0: 0x80003324 (0xce13a023) sw      ra, -800(t2)
core   0: 3 0x80003324 (0xce13a023) mem 0x80004000 0x00000001
core   0: 0x80003328 (0xff9ff06f) j       pc - 0x8
core   0: 3 0x80003328 (0xff9ff06f)
core   0: 0x80003320 (0x00001397) auipc   t2, 0x1
core   0: 3 0x80003320 (0x00001397) x7  0x80004320
core   0: 0x80003324 (0xce13a023) sw      ra, -800(t2)
core   0: 3 0x80003324 (0xce13a023) mem 0x80004000 0x00000001
core   0: 0x80003328 (0xff9ff06f) j       pc - 0x8
core   0: 3 0x80003328 (0xff9ff06f)
core   0: 0x80003320 (0x00001397) auipc   t2, 0x1
core   0: 3 0x80003320 (0x00001397) x7  0x80004320
core   0: 0x80003324 (0xce13a023) sw      ra, -800(t2)
core   0: 3 0x80003324 (0xce13a023) mem 0x80004000 0x00000001
core   0: 0x80003328 (0xff9ff06f) j       pc - 0x8
core   0: 3 0x80003328 (0xff9ff06f)
core   0: 0x80003320 (0x00001397) auipc   t2, 0x1
core   0: 3 0x80003320 (0x00001397) x7  0x80004320
core   0: 0x80003324 (0xce13a023) sw      ra, -800(t2)
core   0: 3 0x80003324 (0xce13a023) mem 0x80004000 0x00000001
core   0: 0x80003328 (0xff9ff06f) j       pc - 0x8
core   0: 3 0x80003328 (0xff9ff06f)
core   0: 0x80003320 (0x00001397) auipc   t2, 0x1
core   0: 3 0x80003320 (0x00001397) x7  0x80004320
core   0: 0x80003324 (0xce13a023) sw      ra, -800(t2)
core   0: 3 0x80003324 (0xce13a023) mem 0x80004000 0x00000001
core   0: 0x80003328 (0xff9ff06f) j       pc - 0x8
core   0: 3 0x80003328 (0xff9ff06f)
core   0: 0x80003320 (0x00001397) auipc   t2, 0x1
core   0: 3 0x80003320 (0x00001397) x7  0x80004320
core   0: 0x80003324 (0xce13a023) sw      ra, -800(t2)
core   0: 3 0x80003324 (0xce13a023) mem 0x80004000 0x00000001
core   0: 0x80003328 (0xff9ff06f) j       pc - 0x8
core   0: 3 0x80003328 (0xff9ff06f)
core   0: 0x80003320 (0x00001397) auipc   t2, 0x1
core   0: 3 0x80003320 (0x00001397) x7  0x80004320
core   0: 0x80003324 (0xce13a023) sw      ra, -800(t2)
core   0: 3 0x80003324 (0xce13a023) mem 0x80004000 0x00000001
core   0: 0x80003328 (0xff9ff06f) j       pc - 0x8
core   0: 3 0x80003328 (0xff9ff06f)
core   0: 0x80003320 (0x00001397) auipc   t2, 0x1
core   0: 3 0x80003320 (0x00001397) x7  0x80004320
core   0: 0x80003324 (0xce13a023) sw      ra, -800(t2)
core   0: 3 0x80003324 (0xce13a023) mem 0x80004000 0x00000001
core   0: 0x80003328 (0xff9ff06f) j       pc - 0x8
core   0: 3 0x80003328 (0xff9ff06f)
core   0: 0x80003320 (0x00001397) auipc   t2, 0x1
core   0: 3 0x80003320 (0x00001397) x7  0x80004320
core   0: 0x80003324 (0xce13a023) sw      ra, -800(t2)
core   0: 3 0x80003324 (0xce13a023) mem 0x80004000 0x00000001
core   0: 0x80003328 (0xff9ff06f) j       pc - 0x8
core   0: 3 0x80003328 (0xff9ff06f)
core   0: 0x80003320 (0x00001397) auipc   t2, 0x1
core   0: 3 0x80003320 (0x00001397) x7  0x80004320
core   0: 0x80003324 (0xce13a023) sw      ra, -800(t2)
core   0: 3 0x80003324 (0xce13a023) mem 0x80004000 0x00000001
core   0: 0x80003328 (0xff9ff06f) j       pc - 0x8
core   0: 3 0x80003328 (0xff9ff06f)
core   0: 0x80003320 (0x00001397) auipc   t2, 0x1
core   0: 3 0x80003320 (0x00001397) x7  0x80004320
core   0: 0x80003324 (0xce13a023) sw      ra, -800(t2)
core   0: 3 0x80003324 (0xce13a023) mem 0x80004000 0x00000001
core   0: 0x80003328 (0xff9ff06f) j       pc - 0x8
core   0: 3 0x80003328 (0xff9ff06f)
core   0: 0x80003320 (0x00001397) auipc   t2, 0x1
core   0: 3 0x80003320 (0x00001397) x7  0x80004320
core   0: 0x80003324 (0xce13a023) sw      ra, -800(t2)
core   0: 3 0x80003324 (0xce13a023) mem 0x80004000 0x00000001
core   0: 0x80003328 (0xff9ff06f) j       pc - 0x8
core   0: 3 0x80003328 (0xff9ff06f)
core   0: 0x80003320 (0x00001397) auipc   t2, 0x1
core   0: 3 0x80003320 (0x00001397) x7  0x80004320
core   0: 0x80003324 (0xce13a023) sw      ra, -800(t2)
core   0: 3 0x80003324 (0xce13a023) mem 0x80004000 0x00000001
core   0: 0x80003328 (0xff9ff06f) j       pc - 0x8
core   0: 3 0x80003328 (0xff9ff06f)
core   0: 0x80003320 (0x00001397) auipc   t2, 0x1
core   0: 3 0x80003320 (0x00001397) x7  0x80004320
core   0: 0x80003324 (0xce13a023) sw      ra, -800(t2)
core   0: 3 0x80003324 (0xce13a023) mem 0x80004000 0x00000001
core   0: 0x80003328 (0xff9ff06f) j       pc - 0x8
core   0: 3 0x80003328 (0xff9ff06f)
core   0: 0x80003320 (0x00001397) auipc   t2, 0x1
core   0: 3 0x80003320 (0x00001397) x7  0x80004320
core   0: 0x80003324 (0xce13a023) sw      ra, -800(t2)
core   0: 3 0x80003324 (0xce13a023) mem 0x80004000 0x00000001
core   0: 0x80003328 (0xff9ff06f) j       pc - 0x8
core   0: 3 0x80003328 (0xff9ff06f)
core   0: 0x80003320 (0x00001397) auipc   t2, 0x1
core   0: 3 0x80003320 (0x00001397) x7  0x80004320
core   0: 0x80003324 (0xce13a023) sw      ra, -800(t2)
core   0: 3 0x80003324 (0xce13a023) mem 0x80004000 0x00000001
core   0: 0x80003328 (0xff9ff06f) j       pc - 0x8
core   0: 3 0x80003328 (0xff9ff06f)
core   0: 0x80003320 (0x00001397) auipc   t2, 0x1
core   0: 3 0x80003320 (0x00001397) x7  0x80004320
core   0: 0x80003324 (0xce13a023) sw      ra, -800(t2)
core   0: 3 0x80003324 (0xce13a023) mem 0x80004000 0x00000001
core   0: 0x80003328 (0xff9ff06f) j       pc - 0x8
core   0: 3 0x80003328 (0xff9ff06f)
core   0: 0x80003320 (0x00001397) auipc   t2, 0x1
core   0: 3 0x80003320 (0x00001397) x7  0x80004320
core   0: 0x80003324 (0xce13a023) sw      ra, -800(t2)
core   0: 3 0x80003324 (0xce13a023) mem 0x80004000 0x00000001
core   0: 0x80003328 (0xff9ff06f) j       pc - 0x8
core   0: 3 0x80003328 (0xff9ff06f)
core   0: 0x80003320 (0x00001397) auipc   t2, 0x1
core   0: 3 0x80003320 (0x00001397) x7  0x80004320
core   0: 0x80003324 (0xce13a023) sw      ra, -800(t2)
core   0: 3 0x80003324 (0xce13a023) mem 0x80004000 0x00000001
core   0: 0x80003328 (0xff9ff06f) j       pc - 0x8
core   0: 3 0x80003328 (0xff9ff06f)
core   0: 0x80003320 (0x00001397) auipc   t2, 0x1
core   0: 3 0x80003320 (0x00001397) x7  0x80004320
core   0: 0x80003324 (0xce13a023) sw      ra, -800(t2)
core   0: 3 0x80003324 (0xce13a023) mem 0x80004000 0x00000001
core   0: 0x80003328 (0xff9ff06f) j       pc - 0x8
core   0: 3 0x80003328 (0xff9ff06f)
core   0: 0x80003320 (0x00001397) auipc   t2, 0x1
core   0: 3 0x80003320 (0x00001397) x7  0x80004320
core   0: 0x80003324 (0xce13a023) sw      ra, -800(t2)
core   0: 3 0x80003324 (0xce13a023) mem 0x80004000 0x00000001
core   0: 0x80003328 (0xff9ff06f) j       pc - 0x8
core   0: 3 0x80003328 (0xff9ff06f)
core   0: 0x80003320 (0x00001397) auipc   t2, 0x1
core   0: 3 0x80003320 (0x00001397) x7  0x80004320
core   0: 0x80003324 (0xce13a023) sw      ra, -800(t2)
core   0: 3 0x80003324 (0xce13a023) mem 0x80004000 0x00000001
core   0: 0x80003328 (0xff9ff06f) j       pc - 0x8
core   0: 3 0x80003328 (0xff9ff06f)
core   0: 0x80003320 (0x00001397) auipc   t2, 0x1
core   0: 3 0x80003320 (0x00001397) x7  0x80004320
core   0: 0x80003324 (0xce13a023) sw      ra, -800(t2)
core   0: 3 0x80003324 (0xce13a023) mem 0x80004000 0x00000001
core   0: 0x80003328 (0xff9ff06f) j       pc - 0x8
core   0: 3 0x80003328 (0xff9ff06f)
core   0: 0x80003320 (0x00001397) auipc   t2, 0x1
core   0: 3 0x80003320 (0x00001397) x7  0x80004320
core   0: 0x80003324 (0xce13a023) sw      ra, -800(t2)
core   0: 3 0x80003324 (0xce13a023) mem 0x80004000 0x00000001
core   0: 0x80003328 (0xff9ff06f) j       pc - 0x8
core   0: 3 0x80003328 (0xff9ff06f)
core   0: 0x80003320 (0x00001397) auipc   t2, 0x1
core   0: 3 0x80003320 (0x00001397) x7  0x80004320
core   0: 0x80003324 (0xce13a023) sw      ra, -800(t2)
core   0: 3 0x80003324 (0xce13a023) mem 0x80004000 0x00000001
core   0: 0x80003328 (0xff9ff06f) j       pc - 0x8
core   0: 3 0x80003328 (0xff9ff06f)
core   0: 0x80003320 (0x00001397) auipc   t2, 0x1
core   0: 3 0x80003320 (0x00001397) x7  0x80004320
core   0: 0x80003324 (0xce13a023) sw      ra, -800(t2)
core   0: 3 0x80003324 (0xce13a023) mem 0x80004000 0x00000001
core   0: 0x80003328 (0xff9ff06f) j       pc - 0x8
core   0: 3 0x80003328 (0xff9ff06f)
core   0: 0x80003320 (0x00001397) auipc   t2, 0x1
core   0: 3 0x80003320 (0x00001397) x7  0x80004320
core   0: 0x80003324 (0xce13a023) sw      ra, -800(t2)
core   0: 3 0x80003324 (0xce13a023) mem 0x80004000 0x00000001
core   0: 0x80003328 (0xff9ff06f) j       pc - 0x8
core   0: 3 0x80003328 (0xff9ff06f)
core   0: 0x80003320 (0x00001397) auipc   t2, 0x1
core   0: 3 0x80003320 (0x00001397) x7  0x80004320
core   0: 0x80003324 (0xce13a023) sw      ra, -800(t2)
core   0: 3 0x80003324 (0xce13a023) mem 0x80004000 0x00000001
core   0: 0x80003328 (0xff9ff06f) j       pc - 0x8
core   0: 3 0x80003328 (0xff9ff06f)
core   0: 0x80003320 (0x00001397) auipc   t2, 0x1
core   0: 3 0x80003320 (0x00001397) x7  0x80004320
core   0: 0x80003324 (0xce13a023) sw      ra, -800(t2)
core   0: 3 0x80003324 (0xce13a023) mem 0x80004000 0x00000001
core   0: 0x80003328 (0xff9ff06f) j       pc - 0x8
core   0: 3 0x80003328 (0xff9ff06f)
core   0: 0x80003320 (0x00001397) auipc   t2, 0x1
core   0: 3 0x80003320 (0x00001397) x7  0x80004320
core   0: 0x80003324 (0xce13a023) sw      ra, -800(t2)
core   0: 3 0x80003324 (0xce13a023) mem 0x80004000 0x00000001
core   0: 0x80003328 (0xff9ff06f) j       pc - 0x8
core   0: 3 0x80003328 (0xff9ff06f)
core   0: 0x80003320 (0x00001397) auipc   t2, 0x1
core   0: 3 0x80003320 (0x00001397) x7  0x80004320
core   0: 0x80003324 (0xce13a023) sw      ra, -800(t2)
core   0: 3 0x80003324 (0xce13a023) mem 0x80004000 0x00000001
core   0: 0x80003328 (0xff9ff06f) j       pc - 0x8
core   0: 3 0x80003328 (0xff9ff06f)
core   0: 0x80003320 (0x00001397) auipc   t2, 0x1
core   0: 3 0x80003320 (0x00001397) x7  0x80004320
core   0: 0x80003324 (0xce13a023) sw      ra, -800(t2)
core   0: 3 0x80003324 (0xce13a023) mem 0x80004000 0x00000001
core   0: 0x80003328 (0xff9ff06f) j       pc - 0x8
core   0: 3 0x80003328 (0xff9ff06f)
core   0: 0x80003320 (0x00001397) auipc   t2, 0x1
core   0: 3 0x80003320 (0x00001397) x7  0x80004320
core   0: 0x80003324 (0xce13a023) sw      ra, -800(t2)
core   0: 3 0x80003324 (0xce13a023) mem 0x80004000 0x00000001
core   0: 0x80003328 (0xff9ff06f) j       pc - 0x8
core   0: 3 0x80003328 (0xff9ff06f)
core   0: 0x80003320 (0x00001397) auipc   t2, 0x1
core   0: 3 0x80003320 (0x00001397) x7  0x80004320
core   0: 0x80003324 (0xce13a023) sw      ra, -800(t2)
core   0: 3 0x80003324 (0xce13a023) mem 0x80004000 0x00000001
core   0: 0x80003328 (0xff9ff06f) j       pc - 0x8
core   0: 3 0x80003328 (0xff9ff06f)
core   0: 0x80003320 (0x00001397) auipc   t2, 0x1
core   0: 3 0x80003320 (0x00001397) x7  0x80004320
core   0: 0x80003324 (0xce13a023) sw      ra, -800(t2)
core   0: 3 0x80003324 (0xce13a023) mem 0x80004000 0x00000001
core   0: 0x80003328 (0xff9ff06f) j       pc - 0x8
core   0: 3 0x80003328 (0xff9ff06f)
core   0: 0x80003320 (0x00001397) auipc   t2, 0x1
core   0: 3 0x80003320 (0x00001397) x7  0x80004320
core   0: 0x80003324 (0xce13a023) sw      ra, -800(t2)
core   0: 3 0x80003324 (0xce13a023) mem 0x80004000 0x00000001
core   0: 0x80003328 (0xff9ff06f) j       pc - 0x8
core   0: 3 0x80003328 (0xff9ff06f)
core   0: 0x80003320 (0x00001397) auipc   t2, 0x1
core   0: 3 0x80003320 (0x00001397) x7  0x80004320
core   0: 0x80003324 (0xce13a023) sw      ra, -800(t2)
core   0: 3 0x80003324 (0xce13a023) mem 0x80004000 0x00000001
core   0: 0x80003328 (0xff9ff06f) j       pc - 0x8
core   0: 3 0x80003328 (0xff9ff06f)
core   0: 0x80003320 (0x00001397) auipc   t2, 0x1
core   0: 3 0x80003320 (0x00001397) x7  0x80004320
core   0: 0x80003324 (0xce13a023) sw      ra, -800(t2)
core   0: 3 0x80003324 (0xce13a023) mem 0x80004000 0x00000001
core   0: 0x80003328 (0xff9ff06f) j       pc - 0x8
core   0: 3 0x80003328 (0xff9ff06f)
core   0: 0x80003320 (0x00001397) auipc   t2, 0x1
core   0: 3 0x80003320 (0x00001397) x7  0x80004320
core   0: 0x80003324 (0xce13a023) sw      ra, -800(t2)
core   0: 3 0x80003324 (0xce13a023) mem 0x80004000 0x00000001
core   0: 0x80003328 (0xff9ff06f) j       pc - 0x8
core   0: 3 0x80003328 (0xff9ff06f)
core   0: 0x80003320 (0x00001397) auipc   t2, 0x1
core   0: 3 0x80003320 (0x00001397) x7  0x80004320
core   0: 0x80003324 (0xce13a023) sw      ra, -800(t2)
core   0: 3 0x80003324 (0xce13a023) mem 0x80004000 0x00000001
core   0: 0x80003328 (0xff9ff06f) j       pc - 0x8
core   0: 3 0x80003328 (0xff9ff06f)
core   0: 0x80003320 (0x00001397) auipc   t2, 0x1
core   0: 3 0x80003320 (0x00001397) x7  0x80004320
core   0: 0x80003324 (0xce13a023) sw      ra, -800(t2)
core   0: 3 0x80003324 (0xce13a023) mem 0x80004000 0x00000001
core   0: 0x80003328 (0xff9ff06f) j       pc - 0x8
core   0: 3 0x80003328 (0xff9ff06f)
core   0: 0x80003320 (0x00001397) auipc   t2, 0x1
core   0: 3 0x80003320 (0x00001397) x7  0x80004320
core   0: 0x80003324 (0xce13a023) sw      ra, -800(t2)
core   0: 3 0x80003324 (0xce13a023) mem 0x80004000 0x00000001
core   0: 0x80003328 (0xff9ff06f) j       pc - 0x8
core   0: 3 0x80003328 (0xff9ff06f)
core   0: 0x80003320 (0x00001397) auipc   t2, 0x1
core   0: 3 0x80003320 (0x00001397) x7  0x80004320
core   0: 0x80003324 (0xce13a023) sw      ra, -800(t2)
core   0: 3 0x80003324 (0xce13a023) mem 0x80004000 0x00000001
core   0: 0x80003328 (0xff9ff06f) j       pc - 0x8
core   0: 3 0x80003328 (0xff9ff06f)
core   0: 0x80003320 (0x00001397) auipc   t2, 0x1
core   0: 3 0x80003320 (0x00001397) x7  0x80004320
core   0: 0x80003324 (0xce13a023) sw      ra, -800(t2)
core   0: 3 0x80003324 (0xce13a023) mem 0x80004000 0x00000001
core   0: 0x80003328 (0xff9ff06f) j       pc - 0x8
core   0: 3 0x80003328 (0xff9ff06f)
core   0: 0x80003320 (0x00001397) auipc   t2, 0x1
core   0: 3 0x80003320 (0x00001397) x7  0x80004320
core   0: 0x80003324 (0xce13a023) sw      ra, -800(t2)
core   0: 3 0x80003324 (0xce13a023) mem 0x80004000 0x00000001
core   0: 0x80003328 (0xff9ff06f) j       pc - 0x8
core   0: 3 0x80003328 (0xff9ff06f)
core   0: 0x80003320 (0x00001397) auipc   t2, 0x1
core   0: 3 0x80003320 (0x00001397) x7  0x80004320
core   0: 0x80003324 (0xce13a023) sw      ra, -800(t2)
core   0: 3 0x80003324 (0xce13a023) mem 0x80004000 0x00000001
core   0: 0x80003328 (0xff9ff06f) j       pc - 0x8
core   0: 3 0x80003328 (0xff9ff06f)
core   0: 0x80003320 (0x00001397) auipc   t2, 0x1
core   0: 3 0x80003320 (0x00001397) x7  0x80004320
core   0: 0x80003324 (0xce13a023) sw      ra, -800(t2)
core   0: 3 0x80003324 (0xce13a023) mem 0x80004000 0x00000001
core   0: 0x80003328 (0xff9ff06f) j       pc - 0x8
core   0: 3 0x80003328 (0xff9ff06f)
core   0: 0x80003320 (0x00001397) auipc   t2, 0x1
core   0: 3 0x80003320 (0x00001397) x7  0x80004320
core   0: 0x80003324 (0xce13a023) sw      ra, -800(t2)
core   0: 3 0x80003324 (0xce13a023) mem 0x80004000 0x00000001
core   0: 0x80003328 (0xff9ff06f) j       pc - 0x8
core   0: 3 0x80003328 (0xff9ff06f)
core   0: 0x80003320 (0x00001397) auipc   t2, 0x1
core   0: 3 0x80003320 (0x00001397) x7  0x80004320
core   0: 0x80003324 (0xce13a023) sw      ra, -800(t2)
core   0: 3 0x80003324 (0xce13a023) mem 0x80004000 0x00000001
core   0: 0x80003328 (0xff9ff06f) j       pc - 0x8
core   0: 3 0x80003328 (0xff9ff06f)
core   0: 0x80003320 (0x00001397) auipc   t2, 0x1
core   0: 3 0x80003320 (0x00001397) x7  0x80004320
core   0: 0x80003324 (0xce13a023) sw      ra, -800(t2)
core   0: 3 0x80003324 (0xce13a023) mem 0x80004000 0x00000001
core   0: 0x80003328 (0xff9ff06f) j       pc - 0x8
core   0: 3 0x80003328 (0xff9ff06f)
core   0: 0x80003320 (0x00001397) auipc   t2, 0x1
core   0: 3 0x80003320 (0x00001397) x7  0x80004320
core   0: 0x80003324 (0xce13a023) sw      ra, -800(t2)
core   0: 3 0x80003324 (0xce13a023) mem 0x80004000 0x00000001
core   0: 0x80003328 (0xff9ff06f) j       pc - 0x8
core   0: 3 0x80003328 (0xff9ff06f)
core   0: 0x80003320 (0x00001397) auipc   t2, 0x1
core   0: 3 0x80003320 (0x00001397) x7  0x80004320
core   0: 0x80003324 (0xce13a023) sw      ra, -800(t2)
core   0: 3 0x80003324 (0xce13a023) mem 0x80004000 0x00000001
core   0: 0x80003328 (0xff9ff06f) j       pc - 0x8
core   0: 3 0x80003328 (0xff9ff06f)
core   0: 0x80003320 (0x00001397) auipc   t2, 0x1
core   0: 3 0x80003320 (0x00001397) x7  0x80004320
core   0: 0x80003324 (0xce13a023) sw      ra, -800(t2)
core   0: 3 0x80003324 (0xce13a023) mem 0x80004000 0x00000001
core   0: 0x80003328 (0xff9ff06f) j       pc - 0x8
core   0: 3 0x80003328 (0xff9ff06f)
core   0: 0x80003320 (0x00001397) auipc   t2, 0x1
core   0: 3 0x80003320 (0x00001397) x7  0x80004320
core   0: 0x80003324 (0xce13a023) sw      ra, -800(t2)
core   0: 3 0x80003324 (0xce13a023) mem 0x80004000 0x00000001
core   0: 0x80003328 (0xff9ff06f) j       pc - 0x8
core   0: 3 0x80003328 (0xff9ff06f)
core   0: 0x80003320 (0x00001397) auipc   t2, 0x1
core   0: 3 0x80003320 (0x00001397) x7  0x80004320
core   0: 0x80003324 (0xce13a023) sw      ra, -800(t2)
core   0: 3 0x80003324 (0xce13a023) mem 0x80004000 0x00000001
core   0: 0x80003328 (0xff9ff06f) j       pc - 0x8
core   0: 3 0x80003328 (0xff9ff06f)
core   0: 0x80003320 (0x00001397) auipc   t2, 0x1
core   0: 3 0x80003320 (0x00001397) x7  0x80004320
core   0: 0x80003324 (0xce13a023) sw      ra, -800(t2)
core   0: 3 0x80003324 (0xce13a023) mem 0x80004000 0x00000001
core   0: 0x80003328 (0xff9ff06f) j       pc - 0x8
core   0: 3 0x80003328 (0xff9ff06f)
core   0: 0x80003320 (0x00001397) auipc   t2, 0x1
core   0: 3 0x80003320 (0x00001397) x7  0x80004320
core   0: 0x80003324 (0xce13a023) sw      ra, -800(t2)
core   0: 3 0x80003324 (0xce13a023) mem 0x80004000 0x00000001
core   0: 0x80003328 (0xff9ff06f) j       pc - 0x8
core   0: 3 0x80003328 (0xff9ff06f)
core   0: 0x80003320 (0x00001397) auipc   t2, 0x1
core   0: 3 0x80003320 (0x00001397) x7  0x80004320
core   0: 0x80003324 (0xce13a023) sw      ra, -800(t2)
core   0: 3 0x80003324 (0xce13a023) mem 0x80004000 0x00000001
core   0: 0x80003328 (0xff9ff06f) j       pc - 0x8
core   0: 3 0x80003328 (0xff9ff06f)
core   0: 0x80003320 (0x00001397) auipc   t2, 0x1
core   0: 3 0x80003320 (0x00001397) x7  0x80004320
core   0: 0x80003324 (0xce13a023) sw      ra, -800(t2)
core   0: 3 0x80003324 (0xce13a023) mem 0x80004000 0x00000001
core   0: 0x80003328 (0xff9ff06f) j       pc - 0x8
core   0: 3 0x80003328 (0xff9ff06f)
core   0: 0x80003320 (0x00001397) auipc   t2, 0x1
core   0: 3 0x80003320 (0x00001397) x7  0x80004320
core   0: 0x80003324 (0xce13a023) sw      ra, -800(t2)
core   0: 3 0x80003324 (0xce13a023) mem 0x80004000 0x00000001
core   0: 0x80003328 (0xff9ff06f) j       pc - 0x8
core   0: 3 0x80003328 (0xff9ff06f)
core   0: 0x80003320 (0x00001397) auipc   t2, 0x1
core   0: 3 0x80003320 (0x00001397) x7  0x80004320
core   0: 0x80003324 (0xce13a023) sw      ra, -800(t2)
core   0: 3 0x80003324 (0xce13a023) mem 0x80004000 0x00000001
core   0: 0x80003328 (0xff9ff06f) j       pc - 0x8
core   0: 3 0x80003328 (0xff9ff06f)
core   0: 0x80003320 (0x00001397) auipc   t2, 0x1
core   0: 3 0x80003320 (0x00001397) x7  0x80004320
core   0: 0x80003324 (0xce13a023) sw      ra, -800(t2)
core   0: 3 0x80003324 (0xce13a023) mem 0x80004000 0x00000001
core   0: 0x80003328 (0xff9ff06f) j       pc - 0x8
core   0: 3 0x80003328 (0xff9ff06f)
core   0: 0x80003320 (0x00001397) auipc   t2, 0x1
core   0: 3 0x80003320 (0x00001397) x7  0x80004320
core   0: 0x80003324 (0xce13a023) sw      ra, -800(t2)
core   0: 3 0x80003324 (0xce13a023) mem 0x80004000 0x00000001
core   0: 0x80003328 (0xff9ff06f) j       pc - 0x8
core   0: 3 0x80003328 (0xff9ff06f)
core   0: 0x80003320 (0x00001397) auipc   t2, 0x1
core   0: 3 0x80003320 (0x00001397) x7  0x80004320
core   0: 0x80003324 (0xce13a023) sw      ra, -800(t2)
core   0: 3 0x80003324 (0xce13a023) mem 0x80004000 0x00000001
core   0: 0x80003328 (0xff9ff06f) j       pc - 0x8
core   0: 3 0x80003328 (0xff9ff06f)
core   0: 0x80003320 (0x00001397) auipc   t2, 0x1
core   0: 3 0x80003320 (0x00001397) x7  0x80004320
core   0: 0x80003324 (0xce13a023) sw      ra, -800(t2)
core   0: 3 0x80003324 (0xce13a023) mem 0x80004000 0x00000001
core   0: 0x80003328 (0xff9ff06f) j       pc - 0x8
core   0: 3 0x80003328 (0xff9ff06f)
core   0: 0x80003320 (0x00001397) auipc   t2, 0x1
core   0: 3 0x80003320 (0x00001397) x7  0x80004320
core   0: 0x80003324 (0xce13a023) sw      ra, -800(t2)
core   0: 3 0x80003324 (0xce13a023) mem 0x80004000 0x00000001
core   0: 0x80003328 (0xff9ff06f) j       pc - 0x8
core   0: 3 0x80003328 (0xff9ff06f)
core   0: 0x80003320 (0x00001397) auipc   t2, 0x1
core   0: 3 0x80003320 (0x00001397) x7  0x80004320
core   0: 0x80003324 (0xce13a023) sw      ra, -800(t2)
core   0: 3 0x80003324 (0xce13a023) mem 0x80004000 0x00000001
core   0: 0x80003328 (0xff9ff06f) j       pc - 0x8
core   0: 3 0x80003328 (0xff9ff06f)
core   0: 0x80003320 (0x00001397) auipc   t2, 0x1
core   0: 3 0x80003320 (0x00001397) x7  0x80004320
core   0: 0x80003324 (0xce13a023) sw      ra, -800(t2)
core   0: 3 0x80003324 (0xce13a023) mem 0x80004000 0x00000001
core   0: 0x80003328 (0xff9ff06f) j       pc - 0x8
core   0: 3 0x80003328 (0xff9ff06f)
core   0: 0x80003320 (0x00001397) auipc   t2, 0x1
core   0: 3 0x80003320 (0x00001397) x7  0x80004320
core   0: 0x80003324 (0xce13a023) sw      ra, -800(t2)
core   0: 3 0x80003324 (0xce13a023) mem 0x80004000 0x00000001
core   0: 0x80003328 (0xff9ff06f) j       pc - 0x8
core   0: 3 0x80003328 (0xff9ff06f)
core   0: 0x80003320 (0x00001397) auipc   t2, 0x1
core   0: 3 0x80003320 (0x00001397) x7  0x80004320
core   0: 0x80003324 (0xce13a023) sw      ra, -800(t2)
core   0: 3 0x80003324 (0xce13a023) mem 0x80004000 0x00000001
core   0: 0x80003328 (0xff9ff06f) j       pc - 0x8
core   0: 3 0x80003328 (0xff9ff06f)
core   0: 0x80003320 (0x00001397) auipc   t2, 0x1
core   0: 3 0x80003320 (0x00001397) x7  0x80004320
core   0: 0x80003324 (0xce13a023) sw      ra, -800(t2)
core   0: 3 0x80003324 (0xce13a023) mem 0x80004000 0x00000001
core   0: 0x80003328 (0xff9ff06f) j       pc - 0x8
core   0: 3 0x80003328 (0xff9ff06f)
core   0: 0x80003320 (0x00001397) auipc   t2, 0x1
core   0: 3 0x80003320 (0x00001397) x7  0x80004320
core   0: 0x80003324 (0xce13a023) sw      ra, -800(t2)
core   0: 3 0x80003324 (0xce13a023) mem 0x80004000 0x00000001
core   0: 0x80003328 (0xff9ff06f) j       pc - 0x8
core   0: 3 0x80003328 (0xff9ff06f)
core   0: 0x80003320 (0x00001397) auipc   t2, 0x1
core   0: 3 0x80003320 (0x00001397) x7  0x80004320
core   0: 0x80003324 (0xce13a023) sw      ra, -800(t2)
core   0: 3 0x80003324 (0xce13a023) mem 0x80004000 0x00000001
core   0: 0x80003328 (0xff9ff06f) j       pc - 0x8
core   0: 3 0x80003328 (0xff9ff06f)
core   0: 0x80003320 (0x00001397) auipc   t2, 0x1
core   0: 3 0x80003320 (0x00001397) x7  0x80004320
core   0: 0x80003324 (0xce13a023) sw      ra, -800(t2)
core   0: 3 0x80003324 (0xce13a023) mem 0x80004000 0x00000001
core   0: 0x80003328 (0xff9ff06f) j       pc - 0x8
core   0: 3 0x80003328 (0xff9ff06f)
core   0: 0x80003320 (0x00001397) auipc   t2, 0x1
core   0: 3 0x80003320 (0x00001397) x7  0x80004320
core   0: 0x80003324 (0xce13a023) sw      ra, -800(t2)
core   0: 3 0x80003324 (0xce13a023) mem 0x80004000 0x00000001
core   0: 0x80003328 (0xff9ff06f) j       pc - 0x8
core   0: 3 0x80003328 (0xff9ff06f)
core   0: 0x80003320 (0x00001397) auipc   t2, 0x1
core   0: 3 0x80003320 (0x00001397) x7  0x80004320
core   0: 0x80003324 (0xce13a023) sw      ra, -800(t2)
core   0: 3 0x80003324 (0xce13a023) mem 0x80004000 0x00000001
core   0: 0x80003328 (0xff9ff06f) j       pc - 0x8
core   0: 3 0x80003328 (0xff9ff06f)
core   0: 0x80003320 (0x00001397) auipc   t2, 0x1
core   0: 3 0x80003320 (0x00001397) x7  0x80004320
core   0: 0x80003324 (0xce13a023) sw      ra, -800(t2)
core   0: 3 0x80003324 (0xce13a023) mem 0x80004000 0x00000001
core   0: 0x80003328 (0xff9ff06f) j       pc - 0x8
core   0: 3 0x80003328 (0xff9ff06f)
core   0: 0x80003320 (0x00001397) auipc   t2, 0x1
core   0: 3 0x80003320 (0x00001397) x7  0x80004320
core   0: 0x80003324 (0xce13a023) sw      ra, -800(t2)
core   0: 3 0x80003324 (0xce13a023) mem 0x80004000 0x00000001
core   0: 0x80003328 (0xff9ff06f) j       pc - 0x8
core   0: 3 0x80003328 (0xff9ff06f)
core   0: 0x80003320 (0x00001397) auipc   t2, 0x1
core   0: 3 0x80003320 (0x00001397) x7  0x80004320
core   0: 0x80003324 (0xce13a023) sw      ra, -800(t2)
core   0: 3 0x80003324 (0xce13a023) mem 0x80004000 0x00000001
core   0: 0x80003328 (0xff9ff06f) j       pc - 0x8
core   0: 3 0x80003328 (0xff9ff06f)
core   0: 0x80003320 (0x00001397) auipc   t2, 0x1
core   0: 3 0x80003320 (0x00001397) x7  0x80004320
core   0: 0x80003324 (0xce13a023) sw      ra, -800(t2)
core   0: 3 0x80003324 (0xce13a023) mem 0x80004000 0x00000001
core   0: 0x80003328 (0xff9ff06f) j       pc - 0x8
core   0: 3 0x80003328 (0xff9ff06f)
core   0: 0x80003320 (0x00001397) auipc   t2, 0x1
core   0: 3 0x80003320 (0x00001397) x7  0x80004320
core   0: 0x80003324 (0xce13a023) sw      ra, -800(t2)
core   0: 3 0x80003324 (0xce13a023) mem 0x80004000 0x00000001
core   0: 0x80003328 (0xff9ff06f) j       pc - 0x8
core   0: 3 0x80003328 (0xff9ff06f)
core   0: 0x80003320 (0x00001397) auipc   t2, 0x1
core   0: 3 0x80003320 (0x00001397) x7  0x80004320
core   0: 0x80003324 (0xce13a023) sw      ra, -800(t2)
core   0: 3 0x80003324 (0xce13a023) mem 0x80004000 0x00000001
core   0: 0x80003328 (0xff9ff06f) j       pc - 0x8
core   0: 3 0x80003328 (0xff9ff06f)
core   0: 0x80003320 (0x00001397) auipc   t2, 0x1
core   0: 3 0x80003320 (0x00001397) x7  0x80004320
core   0: 0x80003324 (0xce13a023) sw      ra, -800(t2)
core   0: 3 0x80003324 (0xce13a023) mem 0x80004000 0x00000001
core   0: 0x80003328 (0xff9ff06f) j       pc - 0x8
core   0: 3 0x80003328 (0xff9ff06f)
core   0: 0x80003320 (0x00001397) auipc   t2, 0x1
core   0: 3 0x80003320 (0x00001397) x7  0x80004320
core   0: 0x80003324 (0xce13a023) sw      ra, -800(t2)
core   0: 3 0x80003324 (0xce13a023) mem 0x80004000 0x00000001
core   0: 0x80003328 (0xff9ff06f) j       pc - 0x8
core   0: 3 0x80003328 (0xff9ff06f)
core   0: 0x80003320 (0x00001397) auipc   t2, 0x1
core   0: 3 0x80003320 (0x00001397) x7  0x80004320
core   0: 0x80003324 (0xce13a023) sw      ra, -800(t2)
core   0: 3 0x80003324 (0xce13a023) mem 0x80004000 0x00000001
core   0: 0x80003328 (0xff9ff06f) j       pc - 0x8
core   0: 3 0x80003328 (0xff9ff06f)
core   0: 0x80003320 (0x00001397) auipc   t2, 0x1
core   0: 3 0x80003320 (0x00001397) x7  0x80004320
core   0: 0x80003324 (0xce13a023) sw      ra, -800(t2)
core   0: 3 0x80003324 (0xce13a023) mem 0x80004000 0x00000001
core   0: 0x80003328 (0xff9ff06f) j       pc - 0x8
core   0: 3 0x80003328 (0xff9ff06f)
core   0: 0x80003320 (0x00001397) auipc   t2, 0x1
core   0: 3 0x80003320 (0x00001397) x7  0x80004320
core   0: 0x80003324 (0xce13a023) sw      ra, -800(t2)
core   0: 3 0x80003324 (0xce13a023) mem 0x80004000 0x00000001
core   0: 0x80003328 (0xff9ff06f) j       pc - 0x8
core   0: 3 0x80003328 (0xff9ff06f)
core   0: 0x80003320 (0x00001397) auipc   t2, 0x1
core   0: 3 0x80003320 (0x00001397) x7  0x80004320
core   0: 0x80003324 (0xce13a023) sw      ra, -800(t2)
core   0: 3 0x80003324 (0xce13a023) mem 0x80004000 0x00000001
core   0: 0x80003328 (0xff9ff06f) j       pc - 0x8
core   0: 3 0x80003328 (0xff9ff06f)
core   0: 0x80003320 (0x00001397) auipc   t2, 0x1
core   0: 3 0x80003320 (0x00001397) x7  0x80004320
core   0: 0x80003324 (0xce13a023) sw      ra, -800(t2)
core   0: 3 0x80003324 (0xce13a023) mem 0x80004000 0x00000001
core   0: 0x80003328 (0xff9ff06f) j       pc - 0x8
core   0: 3 0x80003328 (0xff9ff06f)
core   0: 0x80003320 (0x00001397) auipc   t2, 0x1
core   0: 3 0x80003320 (0x00001397) x7  0x80004320
core   0: 0x80003324 (0xce13a023) sw      ra, -800(t2)
core   0: 3 0x80003324 (0xce13a023) mem 0x80004000 0x00000001
core   0: 0x80003328 (0xff9ff06f) j       pc - 0x8
core   0: 3 0x80003328 (0xff9ff06f)
core   0: 0x80003320 (0x00001397) auipc   t2, 0x1
core   0: 3 0x80003320 (0x00001397) x7  0x80004320
core   0: 0x80003324 (0xce13a023) sw      ra, -800(t2)
core   0: 3 0x80003324 (0xce13a023) mem 0x80004000 0x00000001
core   0: 0x80003328 (0xff9ff06f) j       pc - 0x8
core   0: 3 0x80003328 (0xff9ff06f)
core   0: 0x80003320 (0x00001397) auipc   t2, 0x1
core   0: 3 0x80003320 (0x00001397) x7  0x80004320
core   0: 0x80003324 (0xce13a023) sw      ra, -800(t2)
core   0: 3 0x80003324 (0xce13a023) mem 0x80004000 0x00000001
core   0: 0x80003328 (0xff9ff06f) j       pc - 0x8
core   0: 3 0x80003328 (0xff9ff06f)
core   0: 0x80003320 (0x00001397) auipc   t2, 0x1
core   0: 3 0x80003320 (0x00001397) x7  0x80004320
core   0: 0x80003324 (0xce13a023) sw      ra, -800(t2)
core   0: 3 0x80003324 (0xce13a023) mem 0x80004000 0x00000001
core   0: 0x80003328 (0xff9ff06f) j       pc - 0x8
core   0: 3 0x80003328 (0xff9ff06f)
core   0: 0x80003320 (0x00001397) auipc   t2, 0x1
core   0: 3 0x80003320 (0x00001397) x7  0x80004320
core   0: 0x80003324 (0xce13a023) sw      ra, -800(t2)
core   0: 3 0x80003324 (0xce13a023) mem 0x80004000 0x00000001
core   0: 0x80003328 (0xff9ff06f) j       pc - 0x8
core   0: 3 0x80003328 (0xff9ff06f)
core   0: 0x80003320 (0x00001397) auipc   t2, 0x1
core   0: 3 0x80003320 (0x00001397) x7  0x80004320
core   0: 0x80003324 (0xce13a023) sw      ra, -800(t2)
core   0: 3 0x80003324 (0xce13a023) mem 0x80004000 0x00000001
core   0: 0x80003328 (0xff9ff06f) j       pc - 0x8
core   0: 3 0x80003328 (0xff9ff06f)
core   0: 0x80003320 (0x00001397) auipc   t2, 0x1
core   0: 3 0x80003320 (0x00001397) x7  0x80004320
core   0: 0x80003324 (0xce13a023) sw      ra, -800(t2)
core   0: 3 0x80003324 (0xce13a023) mem 0x80004000 0x00000001
core   0: 0x80003328 (0xff9ff06f) j       pc - 0x8
core   0: 3 0x80003328 (0xff9ff06f)
core   0: 0x80003320 (0x00001397) auipc   t2, 0x1
core   0: 3 0x80003320 (0x00001397) x7  0x80004320
core   0: 0x80003324 (0xce13a023) sw      ra, -800(t2)
core   0: 3 0x80003324 (0xce13a023) mem 0x80004000 0x00000001
core   0: 0x80003328 (0xff9ff06f) j       pc - 0x8
core   0: 3 0x80003328 (0xff9ff06f)
core   0: 0x80003320 (0x00001397) auipc   t2, 0x1
core   0: 3 0x80003320 (0x00001397) x7  0x80004320
core   0: 0x80003324 (0xce13a023) sw      ra, -800(t2)
core   0: 3 0x80003324 (0xce13a023) mem 0x80004000 0x00000001
core   0: 0x80003328 (0xff9ff06f) j       pc - 0x8
core   0: 3 0x80003328 (0xff9ff06f)
core   0: 0x80003320 (0x00001397) auipc   t2, 0x1
core   0: 3 0x80003320 (0x00001397) x7  0x80004320
core   0: 0x80003324 (0xce13a023) sw      ra, -800(t2)
core   0: 3 0x80003324 (0xce13a023) mem 0x80004000 0x00000001
core   0: 0x80003328 (0xff9ff06f) j       pc - 0x8
core   0: 3 0x80003328 (0xff9ff06f)
core   0: 0x80003320 (0x00001397) auipc   t2, 0x1
core   0: 3 0x80003320 (0x00001397) x7  0x80004320
core   0: 0x80003324 (0xce13a023) sw      ra, -800(t2)
core   0: 3 0x80003324 (0xce13a023) mem 0x80004000 0x00000001
core   0: 0x80003328 (0xff9ff06f) j       pc - 0x8
core   0: 3 0x80003328 (0xff9ff06f)
core   0: 0x80003320 (0x00001397) auipc   t2, 0x1
core   0: 3 0x80003320 (0x00001397) x7  0x80004320
core   0: 0x80003324 (0xce13a023) sw      ra, -800(t2)
core   0: 3 0x80003324 (0xce13a023) mem 0x80004000 0x00000001
core   0: 0x80003328 (0xff9ff06f) j       pc - 0x8
core   0: 3 0x80003328 (0xff9ff06f)
core   0: 0x80003320 (0x00001397) auipc   t2, 0x1
core   0: 3 0x80003320 (0x00001397) x7  0x80004320
core   0: 0x80003324 (0xce13a023) sw      ra, -800(t2)
core   0: 3 0x80003324 (0xce13a023) mem 0x80004000 0x00000001
core   0: 0x80003328 (0xff9ff06f) j       pc - 0x8
core   0: 3 0x80003328 (0xff9ff06f)
core   0: 0x80003320 (0x00001397) auipc   t2, 0x1
core   0: 3 0x80003320 (0x00001397) x7  0x80004320
core   0: 0x80003324 (0xce13a023) sw      ra, -800(t2)
core   0: 3 0x80003324 (0xce13a023) mem 0x80004000 0x00000001
core   0: 0x80003328 (0xff9ff06f) j       pc - 0x8
core   0: 3 0x80003328 (0xff9ff06f)
core   0: 0x80003320 (0x00001397) auipc   t2, 0x1
core   0: 3 0x80003320 (0x00001397) x7  0x80004320
core   0: 0x80003324 (0xce13a023) sw      ra, -800(t2)
core   0: 3 0x80003324 (0xce13a023) mem 0x80004000 0x00000001
core   0: 0x80003328 (0xff9ff06f) j       pc - 0x8
core   0: 3 0x80003328 (0xff9ff06f)
core   0: 0x80003320 (0x00001397) auipc   t2, 0x1
core   0: 3 0x80003320 (0x00001397) x7  0x80004320
core   0: 0x80003324 (0xce13a023) sw      ra, -800(t2)
core   0: 3 0x80003324 (0xce13a023) mem 0x80004000 0x00000001
core   0: 0x80003328 (0xff9ff06f) j       pc - 0x8
core   0: 3 0x80003328 (0xff9ff06f)
core   0: 0x80003320 (0x00001397) auipc   t2, 0x1
core   0: 3 0x80003320 (0x00001397) x7  0x80004320
core   0: 0x80003324 (0xce13a023) sw      ra, -800(t2)
core   0: 3 0x80003324 (0xce13a023) mem 0x80004000 0x00000001
core   0: 0x80003328 (0xff9ff06f) j       pc - 0x8
core   0: 3 0x80003328 (0xff9ff06f)
core   0: 0x80003320 (0x00001397) auipc   t2, 0x1
core   0: 3 0x80003320 (0x00001397) x7  0x80004320
core   0: 0x80003324 (0xce13a023) sw      ra, -800(t2)
core   0: 3 0x80003324 (0xce13a023) mem 0x80004000 0x00000001
core   0: 0x80003328 (0xff9ff06f) j       pc - 0x8
core   0: 3 0x80003328 (0xff9ff06f)
core   0: 0x80003320 (0x00001397) auipc   t2, 0x1
core   0: 3 0x80003320 (0x00001397) x7  0x80004320
core   0: 0x80003324 (0xce13a023) sw      ra, -800(t2)
core   0: 3 0x80003324 (0xce13a023) mem 0x80004000 0x00000001
core   0: 0x80003328 (0xff9ff06f) j       pc - 0x8
core   0: 3 0x80003328 (0xff9ff06f)
core   0: 0x80003320 (0x00001397) auipc   t2, 0x1
core   0: 3 0x80003320 (0x00001397) x7  0x80004320
core   0: 0x80003324 (0xce13a023) sw      ra, -800(t2)
core   0: 3 0x80003324 (0xce13a023) mem 0x80004000 0x00000001
core   0: 0x80003328 (0xff9ff06f) j       pc - 0x8
core   0: 3 0x80003328 (0xff9ff06f)
core   0: 0x80003320 (0x00001397) auipc   t2, 0x1
core   0: 3 0x80003320 (0x00001397) x7  0x80004320
core   0: 0x80003324 (0xce13a023) sw      ra, -800(t2)
core   0: 3 0x80003324 (0xce13a023) mem 0x80004000 0x00000001
core   0: 0x80003328 (0xff9ff06f) j       pc - 0x8
core   0: 3 0x80003328 (0xff9ff06f)
core   0: 0x80003320 (0x00001397) auipc   t2, 0x1
core   0: 3 0x80003320 (0x00001397) x7  0x80004320
core   0: 0x80003324 (0xce13a023) sw      ra, -800(t2)
core   0: 3 0x80003324 (0xce13a023) mem 0x80004000 0x00000001
core   0: 0x80003328 (0xff9ff06f) j       pc - 0x8
core   0: 3 0x80003328 (0xff9ff06f)
core   0: 0x80003320 (0x00001397) auipc   t2, 0x1
core   0: 3 0x80003320 (0x00001397) x7  0x80004320
core   0: 0x80003324 (0xce13a023) sw      ra, -800(t2)
core   0: 3 0x80003324 (0xce13a023) mem 0x80004000 0x00000001
core   0: 0x80003328 (0xff9ff06f) j       pc - 0x8
core   0: 3 0x80003328 (0xff9ff06f)
core   0: 0x80003320 (0x00001397) auipc   t2, 0x1
core   0: 3 0x80003320 (0x00001397) x7  0x80004320
core   0: 0x80003324 (0xce13a023) sw      ra, -800(t2)
core   0: 3 0x80003324 (0xce13a023) mem 0x80004000 0x00000001
core   0: 0x80003328 (0xff9ff06f) j       pc - 0x8
core   0: 3 0x80003328 (0xff9ff06f)
core   0: 0x80003320 (0x00001397) auipc   t2, 0x1
core   0: 3 0x80003320 (0x00001397) x7  0x80004320
core   0: 0x80003324 (0xce13a023) sw      ra, -800(t2)
core   0: 3 0x80003324 (0xce13a023) mem 0x80004000 0x00000001
core   0: 0x80003328 (0xff9ff06f) j       pc - 0x8
core   0: 3 0x80003328 (0xff9ff06f)
core   0: 0x80003320 (0x00001397) auipc   t2, 0x1
core   0: 3 0x80003320 (0x00001397) x7  0x80004320
core   0: 0x80003324 (0xce13a023) sw      ra, -800(t2)
core   0: 3 0x80003324 (0xce13a023) mem 0x80004000 0x00000001
core   0: 0x80003328 (0xff9ff06f) j       pc - 0x8
core   0: 3 0x80003328 (0xff9ff06f)
core   0: 0x80003320 (0x00001397) auipc   t2, 0x1
core   0: 3 0x80003320 (0x00001397) x7  0x80004320
core   0: 0x80003324 (0xce13a023) sw      ra, -800(t2)
core   0: 3 0x80003324 (0xce13a023) mem 0x80004000 0x00000001
core   0: 0x80003328 (0xff9ff06f) j       pc - 0x8
core   0: 3 0x80003328 (0xff9ff06f)
core   0: 0x80003320 (0x00001397) auipc   t2, 0x1
core   0: 3 0x80003320 (0x00001397) x7  0x80004320
core   0: 0x80003324 (0xce13a023) sw      ra, -800(t2)
core   0: 3 0x80003324 (0xce13a023) mem 0x80004000 0x00000001
core   0: 0x80003328 (0xff9ff06f) j       pc - 0x8
core   0: 3 0x80003328 (0xff9ff06f)
core   0: 0x80003320 (0x00001397) auipc   t2, 0x1
core   0: 3 0x80003320 (0x00001397) x7  0x80004320
core   0: 0x80003324 (0xce13a023) sw      ra, -800(t2)
core   0: 3 0x80003324 (0xce13a023) mem 0x80004000 0x00000001
core   0: 0x80003328 (0xff9ff06f) j       pc - 0x8
core   0: 3 0x80003328 (0xff9ff06f)
core   0: 0x80003320 (0x00001397) auipc   t2, 0x1
core   0: 3 0x80003320 (0x00001397) x7  0x80004320
core   0: 0x80003324 (0xce13a023) sw      ra, -800(t2)
core   0: 3 0x80003324 (0xce13a023) mem 0x80004000 0x00000001
core   0: 0x80003328 (0xff9ff06f) j       pc - 0x8
core   0: 3 0x80003328 (0xff9ff06f)
core   0: 0x80003320 (0x00001397) auipc   t2, 0x1
core   0: 3 0x80003320 (0x00001397) x7  0x80004320
core   0: 0x80003324 (0xce13a023) sw      ra, -800(t2)
core   0: 3 0x80003324 (0xce13a023) mem 0x80004000 0x00000001
core   0: 0x80003328 (0xff9ff06f) j       pc - 0x8
core   0: 3 0x80003328 (0xff9ff06f)
core   0: 0x80003320 (0x00001397) auipc   t2, 0x1
core   0: 3 0x80003320 (0x00001397) x7  0x80004320
core   0: 0x80003324 (0xce13a023) sw      ra, -800(t2)
core   0: 3 0x80003324 (0xce13a023) mem 0x80004000 0x00000001
core   0: 0x80003328 (0xff9ff06f) j       pc - 0x8
core   0: 3 0x80003328 (0xff9ff06f)
core   0: 0x80003320 (0x00001397) auipc   t2, 0x1
core   0: 3 0x80003320 (0x00001397) x7  0x80004320
core   0: 0x80003324 (0xce13a023) sw      ra, -800(t2)
core   0: 3 0x80003324 (0xce13a023) mem 0x80004000 0x00000001
core   0: 0x80003328 (0xff9ff06f) j       pc - 0x8
core   0: 3 0x80003328 (0xff9ff06f)
core   0: 0x80003320 (0x00001397) auipc   t2, 0x1
core   0: 3 0x80003320 (0x00001397) x7  0x80004320
core   0: 0x80003324 (0xce13a023) sw      ra, -800(t2)
core   0: 3 0x80003324 (0xce13a023) mem 0x80004000 0x00000001
core   0: 0x80003328 (0xff9ff06f) j       pc - 0x8
core   0: 3 0x80003328 (0xff9ff06f)
core   0: 0x80003320 (0x00001397) auipc   t2, 0x1
core   0: 3 0x80003320 (0x00001397) x7  0x80004320
core   0: 0x80003324 (0xce13a023) sw      ra, -800(t2)
core   0: 3 0x80003324 (0xce13a023) mem 0x80004000 0x00000001
core   0: 0x80003328 (0xff9ff06f) j       pc - 0x8
core   0: 3 0x80003328 (0xff9ff06f)
core   0: 0x80003320 (0x00001397) auipc   t2, 0x1
core   0: 3 0x80003320 (0x00001397) x7  0x80004320
core   0: 0x80003324 (0xce13a023) sw      ra, -800(t2)
core   0: 3 0x80003324 (0xce13a023) mem 0x80004000 0x00000001
core   0: 0x80003328 (0xff9ff06f) j       pc - 0x8
core   0: 3 0x80003328 (0xff9ff06f)
core   0: 0x80003320 (0x00001397) auipc   t2, 0x1
core   0: 3 0x80003320 (0x00001397) x7  0x80004320
core   0: 0x80003324 (0xce13a023) sw      ra, -800(t2)
core   0: 3 0x80003324 (0xce13a023) mem 0x80004000 0x00000001
core   0: 0x80003328 (0xff9ff06f) j       pc - 0x8
core   0: 3 0x80003328 (0xff9ff06f)
core   0: 0x80003320 (0x00001397) auipc   t2, 0x1
core   0: 3 0x80003320 (0x00001397) x7  0x80004320
core   0: 0x80003324 (0xce13a023) sw      ra, -800(t2)
core   0: 3 0x80003324 (0xce13a023) mem 0x80004000 0x00000001
core   0: 0x80003328 (0xff9ff06f) j       pc - 0x8
core   0: 3 0x80003328 (0xff9ff06f)
core   0: 0x80003320 (0x00001397) auipc   t2, 0x1
core   0: 3 0x80003320 (0x00001397) x7  0x80004320
core   0: 0x80003324 (0xce13a023) sw      ra, -800(t2)
core   0: 3 0x80003324 (0xce13a023) mem 0x80004000 0x00000001
core   0: 0x80003328 (0xff9ff06f) j       pc - 0x8
core   0: 3 0x80003328 (0xff9ff06f)
core   0: 0x80003320 (0x00001397) auipc   t2, 0x1
core   0: 3 0x80003320 (0x00001397) x7  0x80004320
core   0: 0x80003324 (0xce13a023) sw      ra, -800(t2)
core   0: 3 0x80003324 (0xce13a023) mem 0x80004000 0x00000001
core   0: 0x80003328 (0xff9ff06f) j       pc - 0x8
core   0: 3 0x80003328 (0xff9ff06f)
core   0: 0x80003320 (0x00001397) auipc   t2, 0x1
core   0: 3 0x80003320 (0x00001397) x7  0x80004320
core   0: 0x80003324 (0xce13a023) sw      ra, -800(t2)
core   0: 3 0x80003324 (0xce13a023) mem 0x80004000 0x00000001
core   0: 0x80003328 (0xff9ff06f) j       pc - 0x8
core   0: 3 0x80003328 (0xff9ff06f)
core   0: 0x80003320 (0x00001397) auipc   t2, 0x1
core   0: 3 0x80003320 (0x00001397) x7  0x80004320
core   0: 0x80003324 (0xce13a023) sw      ra, -800(t2)
core   0: 3 0x80003324 (0xce13a023) mem 0x80004000 0x00000001
core   0: 0x80003328 (0xff9ff06f) j       pc - 0x8
core   0: 3 0x80003328 (0xff9ff06f)
core   0: 0x80003320 (0x00001397) auipc   t2, 0x1
core   0: 3 0x80003320 (0x00001397) x7  0x80004320
core   0: 0x80003324 (0xce13a023) sw      ra, -800(t2)
core   0: 3 0x80003324 (0xce13a023) mem 0x80004000 0x00000001
core   0: 0x80003328 (0xff9ff06f) j       pc - 0x8
core   0: 3 0x80003328 (0xff9ff06f)
core   0: 0x80003320 (0x00001397) auipc   t2, 0x1
core   0: 3 0x80003320 (0x00001397) x7  0x80004320
core   0: 0x80003324 (0xce13a023) sw      ra, -800(t2)
core   0: 3 0x80003324 (0xce13a023) mem 0x80004000 0x00000001
core   0: 0x80003328 (0xff9ff06f) j       pc - 0x8
core   0: 3 0x80003328 (0xff9ff06f)
core   0: 0x80003320 (0x00001397) auipc   t2, 0x1
core   0: 3 0x80003320 (0x00001397) x7  0x80004320
core   0: 0x80003324 (0xce13a023) sw      ra, -800(t2)
core   0: 3 0x80003324 (0xce13a023) mem 0x80004000 0x00000001
core   0: 0x80003328 (0xff9ff06f) j       pc - 0x8
core   0: 3 0x80003328 (0xff9ff06f)
core   0: 0x80003320 (0x00001397) auipc   t2, 0x1
core   0: 3 0x80003320 (0x00001397) x7  0x80004320
core   0: 0x80003324 (0xce13a023) sw      ra, -800(t2)
core   0: 3 0x80003324 (0xce13a023) mem 0x80004000 0x00000001
core   0: 0x80003328 (0xff9ff06f) j       pc - 0x8
core   0: 3 0x80003328 (0xff9ff06f)
core   0: 0x80003320 (0x00001397) auipc   t2, 0x1
core   0: 3 0x80003320 (0x00001397) x7  0x80004320
core   0: 0x80003324 (0xce13a023) sw      ra, -800(t2)
core   0: 3 0x80003324 (0xce13a023) mem 0x80004000 0x00000001
core   0: 0x80003328 (0xff9ff06f) j       pc - 0x8
core   0: 3 0x80003328 (0xff9ff06f)
core   0: 0x80003320 (0x00001397) auipc   t2, 0x1
core   0: 3 0x80003320 (0x00001397) x7  0x80004320
core   0: 0x80003324 (0xce13a023) sw      ra, -800(t2)
core   0: 3 0x80003324 (0xce13a023) mem 0x80004000 0x00000001
core   0: 0x80003328 (0xff9ff06f) j       pc - 0x8
core   0: 3 0x80003328 (0xff9ff06f)
core   0: 0x80003320 (0x00001397) auipc   t2, 0x1
core   0: 3 0x80003320 (0x00001397) x7  0x80004320
core   0: 0x80003324 (0xce13a023) sw      ra, -800(t2)
core   0: 3 0x80003324 (0xce13a023) mem 0x80004000 0x00000001
core   0: 0x80003328 (0xff9ff06f) j       pc - 0x8
core   0: 3 0x80003328 (0xff9ff06f)
core   0: 0x80003320 (0x00001397) auipc   t2, 0x1
core   0: 3 0x80003320 (0x00001397) x7  0x80004320
core   0: 0x80003324 (0xce13a023) sw      ra, -800(t2)
core   0: 3 0x80003324 (0xce13a023) mem 0x80004000 0x00000001
core   0: 0x80003328 (0xff9ff06f) j       pc - 0x8
core   0: 3 0x80003328 (0xff9ff06f)
core   0: 0x80003320 (0x00001397) auipc   t2, 0x1
core   0: 3 0x80003320 (0x00001397) x7  0x80004320
core   0: 0x80003324 (0xce13a023) sw      ra, -800(t2)
core   0: 3 0x80003324 (0xce13a023) mem 0x80004000 0x00000001
core   0: 0x80003328 (0xff9ff06f) j       pc - 0x8
core   0: 3 0x80003328 (0xff9ff06f)
core   0: 0x80003320 (0x00001397) auipc   t2, 0x1
core   0: 3 0x80003320 (0x00001397) x7  0x80004320
core   0: 0x80003324 (0xce13a023) sw      ra, -800(t2)
core   0: 3 0x80003324 (0xce13a023) mem 0x80004000 0x00000001
core   0: 0x80003328 (0xff9ff06f) j       pc - 0x8
core   0: 3 0x80003328 (0xff9ff06f)
core   0: 0x80003320 (0x00001397) auipc   t2, 0x1
core   0: 3 0x80003320 (0x00001397) x7  0x80004320
core   0: 0x80003324 (0xce13a023) sw      ra, -800(t2)
core   0: 3 0x80003324 (0xce13a023) mem 0x80004000 0x00000001
core   0: 0x80003328 (0xff9ff06f) j       pc - 0x8
core   0: 3 0x80003328 (0xff9ff06f)
core   0: 0x80003320 (0x00001397) auipc   t2, 0x1
core   0: 3 0x80003320 (0x00001397) x7  0x80004320
core   0: 0x80003324 (0xce13a023) sw      ra, -800(t2)
core   0: 3 0x80003324 (0xce13a023) mem 0x80004000 0x00000001
core   0: 0x80003328 (0xff9ff06f) j       pc - 0x8
core   0: 3 0x80003328 (0xff9ff06f)
core   0: 0x80003320 (0x00001397) auipc   t2, 0x1
core   0: 3 0x80003320 (0x00001397) x7  0x80004320
core   0: 0x80003324 (0xce13a023) sw      ra, -800(t2)
core   0: 3 0x80003324 (0xce13a023) mem 0x80004000 0x00000001
core   0: 0x80003328 (0xff9ff06f) j       pc - 0x8
core   0: 3 0x80003328 (0xff9ff06f)
core   0: 0x80003320 (0x00001397) auipc   t2, 0x1
core   0: 3 0x80003320 (0x00001397) x7  0x80004320
core   0: 0x80003324 (0xce13a023) sw      ra, -800(t2)
core   0: 3 0x80003324 (0xce13a023) mem 0x80004000 0x00000001
core   0: 0x80003328 (0xff9ff06f) j       pc - 0x8
core   0: 3 0x80003328 (0xff9ff06f)
core   0: 0x80003320 (0x00001397) auipc   t2, 0x1
core   0: 3 0x80003320 (0x00001397) x7  0x80004320
core   0: 0x80003324 (0xce13a023) sw      ra, -800(t2)
core   0: 3 0x80003324 (0xce13a023) mem 0x80004000 0x00000001
core   0: 0x80003328 (0xff9ff06f) j       pc - 0x8
core   0: 3 0x80003328 (0xff9ff06f)
core   0: 0x80003320 (0x00001397) auipc   t2, 0x1
core   0: 3 0x80003320 (0x00001397) x7  0x80004320
core   0: 0x80003324 (0xce13a023) sw      ra, -800(t2)
core   0: 3 0x80003324 (0xce13a023) mem 0x80004000 0x00000001
core   0: 0x80003328 (0xff9ff06f) j       pc - 0x8
core   0: 3 0x80003328 (0xff9ff06f)
core   0: 0x80003320 (0x00001397) auipc   t2, 0x1
core   0: 3 0x80003320 (0x00001397) x7  0x80004320
core   0: 0x80003324 (0xce13a023) sw      ra, -800(t2)
core   0: 3 0x80003324 (0xce13a023) mem 0x80004000 0x00000001
core   0: 0x80003328 (0xff9ff06f) j       pc - 0x8
core   0: 3 0x80003328 (0xff9ff06f)
core   0: 0x80003320 (0x00001397) auipc   t2, 0x1
core   0: 3 0x80003320 (0x00001397) x7  0x80004320
core   0: 0x80003324 (0xce13a023) sw      ra, -800(t2)
core   0: 3 0x80003324 (0xce13a023) mem 0x80004000 0x00000001
core   0: 0x80003328 (0xff9ff06f) j       pc - 0x8
core   0: 3 0x80003328 (0xff9ff06f)
core   0: 0x80003320 (0x00001397) auipc   t2, 0x1
core   0: 3 0x80003320 (0x00001397) x7  0x80004320
core   0: 0x80003324 (0xce13a023) sw      ra, -800(t2)
core   0: 3 0x80003324 (0xce13a023) mem 0x80004000 0x00000001
core   0: 0x80003328 (0xff9ff06f) j       pc - 0x8
core   0: 3 0x80003328 (0xff9ff06f)
core   0: 0x80003320 (0x00001397) auipc   t2, 0x1
core   0: 3 0x80003320 (0x00001397) x7  0x80004320
core   0: 0x80003324 (0xce13a023) sw      ra, -800(t2)
core   0: 3 0x80003324 (0xce13a023) mem 0x80004000 0x00000001
core   0: 0x80003328 (0xff9ff06f) j       pc - 0x8
core   0: 3 0x80003328 (0xff9ff06f)
core   0: 0x80003320 (0x00001397) auipc   t2, 0x1
core   0: 3 0x80003320 (0x00001397) x7  0x80004320
core   0: 0x80003324 (0xce13a023) sw      ra, -800(t2)
core   0: 3 0x80003324 (0xce13a023) mem 0x80004000 0x00000001
core   0: 0x80003328 (0xff9ff06f) j       pc - 0x8
core   0: 3 0x80003328 (0xff9ff06f)
core   0: 0x80003320 (0x00001397) auipc   t2, 0x1
core   0: 3 0x80003320 (0x00001397) x7  0x80004320
core   0: 0x80003324 (0xce13a023) sw      ra, -800(t2)
core   0: 3 0x80003324 (0xce13a023) mem 0x80004000 0x00000001
core   0: 0x80003328 (0xff9ff06f) j       pc - 0x8
core   0: 3 0x80003328 (0xff9ff06f)
core   0: 0x80003320 (0x00001397) auipc   t2, 0x1
core   0: 3 0x80003320 (0x00001397) x7  0x80004320
core   0: 0x80003324 (0xce13a023) sw      ra, -800(t2)
core   0: 3 0x80003324 (0xce13a023) mem 0x80004000 0x00000001
core   0: 0x80003328 (0xff9ff06f) j       pc - 0x8
core   0: 3 0x80003328 (0xff9ff06f)
core   0: 0x80003320 (0x00001397) auipc   t2, 0x1
core   0: 3 0x80003320 (0x00001397) x7  0x80004320
core   0: 0x80003324 (0xce13a023) sw      ra, -800(t2)
core   0: 3 0x80003324 (0xce13a023) mem 0x80004000 0x00000001
core   0: 0x80003328 (0xff9ff06f) j       pc - 0x8
core   0: 3 0x80003328 (0xff9ff06f)
core   0: 0x80003320 (0x00001397) auipc   t2, 0x1
core   0: 3 0x80003320 (0x00001397) x7  0x80004320
core   0: 0x80003324 (0xce13a023) sw      ra, -800(t2)
core   0: 3 0x80003324 (0xce13a023) mem 0x80004000 0x00000001
core   0: 0x80003328 (0xff9ff06f) j       pc - 0x8
core   0: 3 0x80003328 (0xff9ff06f)
core   0: 0x80003320 (0x00001397) auipc   t2, 0x1
core   0: 3 0x80003320 (0x00001397) x7  0x80004320
core   0: 0x80003324 (0xce13a023) sw      ra, -800(t2)
core   0: 3 0x80003324 (0xce13a023) mem 0x80004000 0x00000001
core   0: 0x80003328 (0xff9ff06f) j       pc - 0x8
core   0: 3 0x80003328 (0xff9ff06f)
core   0: 0x80003320 (0x00001397) auipc   t2, 0x1
core   0: 3 0x80003320 (0x00001397) x7  0x80004320
core   0: 0x80003324 (0xce13a023) sw      ra, -800(t2)
core   0: 3 0x80003324 (0xce13a023) mem 0x80004000 0x00000001
core   0: 0x80003328 (0xff9ff06f) j       pc - 0x8
core   0: 3 0x80003328 (0xff9ff06f)
core   0: 0x80003320 (0x00001397) auipc   t2, 0x1
core   0: 3 0x80003320 (0x00001397) x7  0x80004320
core   0: 0x80003324 (0xce13a023) sw      ra, -800(t2)
core   0: 3 0x80003324 (0xce13a023) mem 0x80004000 0x00000001
core   0: 0x80003328 (0xff9ff06f) j       pc - 0x8
core   0: 3 0x80003328 (0xff9ff06f)
core   0: 0x80003320 (0x00001397) auipc   t2, 0x1
core   0: 3 0x80003320 (0x00001397) x7  0x80004320
core   0: 0x80003324 (0xce13a023) sw      ra, -800(t2)
core   0: 3 0x80003324 (0xce13a023) mem 0x80004000 0x00000001
core   0: 0x80003328 (0xff9ff06f) j       pc - 0x8
core   0: 3 0x80003328 (0xff9ff06f)
core   0: 0x80003320 (0x00001397) auipc   t2, 0x1
core   0: 3 0x80003320 (0x00001397) x7  0x80004320
core   0: 0x80003324 (0xce13a023) sw      ra, -800(t2)
core   0: 3 0x80003324 (0xce13a023) mem 0x80004000 0x00000001
core   0: 0x80003328 (0xff9ff06f) j       pc - 0x8
core   0: 3 0x80003328 (0xff9ff06f)
core   0: 0x80003320 (0x00001397) auipc   t2, 0x1
core   0: 3 0x80003320 (0x00001397) x7  0x80004320
core   0: 0x80003324 (0xce13a023) sw      ra, -800(t2)
core   0: 3 0x80003324 (0xce13a023) mem 0x80004000 0x00000001
core   0: 0x80003328 (0xff9ff06f) j       pc - 0x8
core   0: 3 0x80003328 (0xff9ff06f)
core   0: 0x80003320 (0x00001397) auipc   t2, 0x1
core   0: 3 0x80003320 (0x00001397) x7  0x80004320
core   0: 0x80003324 (0xce13a023) sw      ra, -800(t2)
core   0: 3 0x80003324 (0xce13a023) mem 0x80004000 0x00000001
core   0: 0x80003328 (0xff9ff06f) j       pc - 0x8
core   0: 3 0x80003328 (0xff9ff06f)
core   0: 0x80003320 (0x00001397) auipc   t2, 0x1
core   0: 3 0x80003320 (0x00001397) x7  0x80004320
core   0: 0x80003324 (0xce13a023) sw      ra, -800(t2)
core   0: 3 0x80003324 (0xce13a023) mem 0x80004000 0x00000001
core   0: 0x80003328 (0xff9ff06f) j       pc - 0x8
core   0: 3 0x80003328 (0xff9ff06f)
core   0: 0x80003320 (0x00001397) auipc   t2, 0x1
core   0: 3 0x80003320 (0x00001397) x7  0x80004320
core   0: 0x80003324 (0xce13a023) sw      ra, -800(t2)
core   0: 3 0x80003324 (0xce13a023) mem 0x80004000 0x00000001
core   0: 0x80003328 (0xff9ff06f) j       pc - 0x8
core   0: 3 0x80003328 (0xff9ff06f)
core   0: 0x80003320 (0x00001397) auipc   t2, 0x1
core   0: 3 0x80003320 (0x00001397) x7  0x80004320
core   0: 0x80003324 (0xce13a023) sw      ra, -800(t2)
core   0: 3 0x80003324 (0xce13a023) mem 0x80004000 0x00000001
core   0: 0x80003328 (0xff9ff06f) j       pc - 0x8
core   0: 3 0x80003328 (0xff9ff06f)
core   0: 0x80003320 (0x00001397) auipc   t2, 0x1
core   0: 3 0x80003320 (0x00001397) x7  0x80004320
core   0: 0x80003324 (0xce13a023) sw      ra, -800(t2)
core   0: 3 0x80003324 (0xce13a023) mem 0x80004000 0x00000001
core   0: 0x80003328 (0xff9ff06f) j       pc - 0x8
core   0: 3 0x80003328 (0xff9ff06f)
core   0: 0x80003320 (0x00001397) auipc   t2, 0x1
core   0: 3 0x80003320 (0x00001397) x7  0x80004320
core   0: 0x80003324 (0xce13a023) sw      ra, -800(t2)
core   0: 3 0x80003324 (0xce13a023) mem 0x80004000 0x00000001
core   0: 0x80003328 (0xff9ff06f) j       pc - 0x8
core   0: 3 0x80003328 (0xff9ff06f)
core   0: 0x80003320 (0x00001397) auipc   t2, 0x1
core   0: 3 0x80003320 (0x00001397) x7  0x80004320
core   0: 0x80003324 (0xce13a023) sw      ra, -800(t2)
core   0: 3 0x80003324 (0xce13a023) mem 0x80004000 0x00000001
core   0: 0x80003328 (0xff9ff06f) j       pc - 0x8
core   0: 3 0x80003328 (0xff9ff06f)
core   0: 0x80003320 (0x00001397) auipc   t2, 0x1
core   0: 3 0x80003320 (0x00001397) x7  0x80004320
core   0: 0x80003324 (0xce13a023) sw      ra, -800(t2)
core   0: 3 0x80003324 (0xce13a023) mem 0x80004000 0x00000001
core   0: 0x80003328 (0xff9ff06f) j       pc - 0x8
core   0: 3 0x80003328 (0xff9ff06f)
core   0: 0x80003320 (0x00001397) auipc   t2, 0x1
core   0: 3 0x80003320 (0x00001397) x7  0x80004320
core   0: 0x80003324 (0xce13a023) sw      ra, -800(t2)
core   0: 3 0x80003324 (0xce13a023) mem 0x80004000 0x00000001
core   0: 0x80003328 (0xff9ff06f) j       pc - 0x8
core   0: 3 0x80003328 (0xff9ff06f)
core   0: 0x80003320 (0x00001397) auipc   t2, 0x1
core   0: 3 0x80003320 (0x00001397) x7  0x80004320
core   0: 0x80003324 (0xce13a023) sw      ra, -800(t2)
core   0: 3 0x80003324 (0xce13a023) mem 0x80004000 0x00000001
core   0: 0x80003328 (0xff9ff06f) j       pc - 0x8
core   0: 3 0x80003328 (0xff9ff06f)
core   0: 0x80003320 (0x00001397) auipc   t2, 0x1
core   0: 3 0x80003320 (0x00001397) x7  0x80004320
core   0: 0x80003324 (0xce13a023) sw      ra, -800(t2)
core   0: 3 0x80003324 (0xce13a023) mem 0x80004000 0x00000001
core   0: 0x80003328 (0xff9ff06f) j       pc - 0x8
core   0: 3 0x80003328 (0xff9ff06f)
core   0: 0x80003320 (0x00001397) auipc   t2, 0x1
core   0: 3 0x80003320 (0x00001397) x7  0x80004320
core   0: 0x80003324 (0xce13a023) sw      ra, -800(t2)
core   0: 3 0x80003324 (0xce13a023) mem 0x80004000 0x00000001
core   0: 0x80003328 (0xff9ff06f) j       pc - 0x8
core   0: 3 0x80003328 (0xff9ff06f)
core   0: 0x80003320 (0x00001397) auipc   t2, 0x1
core   0: 3 0x80003320 (0x00001397) x7  0x80004320
core   0: 0x80003324 (0xce13a023) sw      ra, -800(t2)
core   0: 3 0x80003324 (0xce13a023) mem 0x80004000 0x00000001
core   0: 0x80003328 (0xff9ff06f) j       pc - 0x8
core   0: 3 0x80003328 (0xff9ff06f)
core   0: 0x80003320 (0x00001397) auipc   t2, 0x1
core   0: 3 0x80003320 (0x00001397) x7  0x80004320
core   0: 0x80003324 (0xce13a023) sw      ra, -800(t2)
core   0: 3 0x80003324 (0xce13a023) mem 0x80004000 0x00000001
core   0: 0x80003328 (0xff9ff06f) j       pc - 0x8
core   0: 3 0x80003328 (0xff9ff06f)
core   0: 0x80003320 (0x00001397) auipc   t2, 0x1
core   0: 3 0x80003320 (0x00001397) x7  0x80004320
core   0: 0x80003324 (0xce13a023) sw      ra, -800(t2)
core   0: 3 0x80003324 (0xce13a023) mem 0x80004000 0x00000001
core   0: 0x80003328 (0xff9ff06f) j       pc - 0x8
core   0: 3 0x80003328 (0xff9ff06f)
core   0: 0x80003320 (0x00001397) auipc   t2, 0x1
core   0: 3 0x80003320 (0x00001397) x7  0x80004320
core   0: 0x80003324 (0xce13a023) sw      ra, -800(t2)
core   0: 3 0x80003324 (0xce13a023) mem 0x80004000 0x00000001
core   0: 0x80003328 (0xff9ff06f) j       pc - 0x8
core   0: 3 0x80003328 (0xff9ff06f)
core   0: 0x80003320 (0x00001397) auipc   t2, 0x1
core   0: 3 0x80003320 (0x00001397) x7  0x80004320
core   0: 0x80003324 (0xce13a023) sw      ra, -800(t2)
core   0: 3 0x80003324 (0xce13a023) mem 0x80004000 0x00000001
core   0: 0x80003328 (0xff9ff06f) j       pc - 0x8
core   0: 3 0x80003328 (0xff9ff06f)
core   0: 0x80003320 (0x00001397) auipc   t2, 0x1
core   0: 3 0x80003320 (0x00001397) x7  0x80004320
core   0: 0x80003324 (0xce13a023) sw      ra, -800(t2)
core   0: 3 0x80003324 (0xce13a023) mem 0x80004000 0x00000001
core   0: 0x80003328 (0xff9ff06f) j       pc - 0x8
core   0: 3 0x80003328 (0xff9ff06f)
core   0: 0x80003320 (0x00001397) auipc   t2, 0x1
core   0: 3 0x80003320 (0x00001397) x7  0x80004320
core   0: 0x80003324 (0xce13a023) sw      ra, -800(t2)
core   0: 3 0x80003324 (0xce13a023) mem 0x80004000 0x00000001
core   0: 0x80003328 (0xff9ff06f) j       pc - 0x8
core   0: 3 0x80003328 (0xff9ff06f)
core   0: 0x80003320 (0x00001397) auipc   t2, 0x1
core   0: 3 0x80003320 (0x00001397) x7  0x80004320
core   0: 0x80003324 (0xce13a023) sw      ra, -800(t2)
core   0: 3 0x80003324 (0xce13a023) mem 0x80004000 0x00000001
core   0: 0x80003328 (0xff9ff06f) j       pc - 0x8
core   0: 3 0x80003328 (0xff9ff06f)
core   0: 0x80003320 (0x00001397) auipc   t2, 0x1
core   0: 3 0x80003320 (0x00001397) x7  0x80004320
core   0: 0x80003324 (0xce13a023) sw      ra, -800(t2)
core   0: 3 0x80003324 (0xce13a023) mem 0x80004000 0x00000001
core   0: 0x80003328 (0xff9ff06f) j       pc - 0x8
core   0: 3 0x80003328 (0xff9ff06f)
core   0: 0x80003320 (0x00001397) auipc   t2, 0x1
core   0: 3 0x80003320 (0x00001397) x7  0x80004320
core   0: 0x80003324 (0xce13a023) sw      ra, -800(t2)
core   0: 3 0x80003324 (0xce13a023) mem 0x80004000 0x00000001
core   0: 0x80003328 (0xff9ff06f) j       pc - 0x8
core   0: 3 0x80003328 (0xff9ff06f)
core   0: 0x80003320 (0x00001397) auipc   t2, 0x1
core   0: 3 0x80003320 (0x00001397) x7  0x80004320
core   0: 0x80003324 (0xce13a023) sw      ra, -800(t2)
core   0: 3 0x80003324 (0xce13a023) mem 0x80004000 0x00000001
core   0: 0x80003328 (0xff9ff06f) j       pc - 0x8
core   0: 3 0x80003328 (0xff9ff06f)
core   0: 0x80003320 (0x00001397) auipc   t2, 0x1
core   0: 3 0x80003320 (0x00001397) x7  0x80004320
core   0: 0x80003324 (0xce13a023) sw      ra, -800(t2)
core   0: 3 0x80003324 (0xce13a023) mem 0x80004000 0x00000001
core   0: 0x80003328 (0xff9ff06f) j       pc - 0x8
core   0: 3 0x80003328 (0xff9ff06f)
core   0: 0x80003320 (0x00001397) auipc   t2, 0x1
core   0: 3 0x80003320 (0x00001397) x7  0x80004320
core   0: 0x80003324 (0xce13a023) sw      ra, -800(t2)
core   0: 3 0x80003324 (0xce13a023) mem 0x80004000 0x00000001
core   0: 0x80003328 (0xff9ff06f) j       pc - 0x8
core   0: 3 0x80003328 (0xff9ff06f)
core   0: 0x80003320 (0x00001397) auipc   t2, 0x1
core   0: 3 0x80003320 (0x00001397) x7  0x80004320
core   0: 0x80003324 (0xce13a023) sw      ra, -800(t2)
core   0: 3 0x80003324 (0xce13a023) mem 0x80004000 0x00000001
core   0: 0x80003328 (0xff9ff06f) j       pc - 0x8
core   0: 3 0x80003328 (0xff9ff06f)
core   0: 0x80003320 (0x00001397) auipc   t2, 0x1
core   0: 3 0x80003320 (0x00001397) x7  0x80004320
core   0: 0x80003324 (0xce13a023) sw      ra, -800(t2)
core   0: 3 0x80003324 (0xce13a023) mem 0x80004000 0x00000001
core   0: 0x80003328 (0xff9ff06f) j       pc - 0x8
core   0: 3 0x80003328 (0xff9ff06f)
core   0: 0x80003320 (0x00001397) auipc   t2, 0x1
core   0: 3 0x80003320 (0x00001397) x7  0x80004320
core   0: 0x80003324 (0xce13a023) sw      ra, -800(t2)
core   0: 3 0x80003324 (0xce13a023) mem 0x80004000 0x00000001
core   0: 0x80003328 (0xff9ff06f) j       pc - 0x8
core   0: 3 0x80003328 (0xff9ff06f)
core   0: 0x80003320 (0x00001397) auipc   t2, 0x1
core   0: 3 0x80003320 (0x00001397) x7  0x80004320
core   0: 0x80003324 (0xce13a023) sw      ra, -800(t2)
core   0: 3 0x80003324 (0xce13a023) mem 0x80004000 0x00000001
core   0: 0x80003328 (0xff9ff06f) j       pc - 0x8
core   0: 3 0x80003328 (0xff9ff06f)
core   0: 0x80003320 (0x00001397) auipc   t2, 0x1
core   0: 3 0x80003320 (0x00001397) x7  0x80004320
core   0: 0x80003324 (0xce13a023) sw      ra, -800(t2)
core   0: 3 0x80003324 (0xce13a023) mem 0x80004000 0x00000001
core   0: 0x80003328 (0xff9ff06f) j       pc - 0x8
core   0: 3 0x80003328 (0xff9ff06f)
core   0: 0x80003320 (0x00001397) auipc   t2, 0x1
core   0: 3 0x80003320 (0x00001397) x7  0x80004320
core   0: 0x80003324 (0xce13a023) sw      ra, -800(t2)
core   0: 3 0x80003324 (0xce13a023) mem 0x80004000 0x00000001
core   0: 0x80003328 (0xff9ff06f) j       pc - 0x8
core   0: 3 0x80003328 (0xff9ff06f)
core   0: 0x80003320 (0x00001397) auipc   t2, 0x1
core   0: 3 0x80003320 (0x00001397) x7  0x80004320
core   0: 0x80003324 (0xce13a023) sw      ra, -800(t2)
core   0: 3 0x80003324 (0xce13a023) mem 0x80004000 0x00000001
core   0: 0x80003328 (0xff9ff06f) j       pc - 0x8
core   0: 3 0x80003328 (0xff9ff06f)
core   0: 0x80003320 (0x00001397) auipc   t2, 0x1
core   0: 3 0x80003320 (0x00001397) x7  0x80004320
core   0: 0x80003324 (0xce13a023) sw      ra, -800(t2)
core   0: 3 0x80003324 (0xce13a023) mem 0x80004000 0x00000001
core   0: 0x80003328 (0xff9ff06f) j       pc - 0x8
core   0: 3 0x80003328 (0xff9ff06f)
core   0: 0x80003320 (0x00001397) auipc   t2, 0x1
core   0: 3 0x80003320 (0x00001397) x7  0x80004320
core   0: 0x80003324 (0xce13a023) sw      ra, -800(t2)
core   0: 3 0x80003324 (0xce13a023) mem 0x80004000 0x00000001
core   0: 0x80003328 (0xff9ff06f) j       pc - 0x8
core   0: 3 0x80003328 (0xff9ff06f)
core   0: 0x80003320 (0x00001397) auipc   t2, 0x1
core   0: 3 0x80003320 (0x00001397) x7  0x80004320
core   0: 0x80003324 (0xce13a023) sw      ra, -800(t2)
core   0: 3 0x80003324 (0xce13a023) mem 0x80004000 0x00000001
core   0: 0x80003328 (0xff9ff06f) j       pc - 0x8
core   0: 3 0x80003328 (0xff9ff06f)
core   0: 0x80003320 (0x00001397) auipc   t2, 0x1
core   0: 3 0x80003320 (0x00001397) x7  0x80004320
core   0: 0x80003324 (0xce13a023) sw      ra, -800(t2)
core   0: 3 0x80003324 (0xce13a023) mem 0x80004000 0x00000001
core   0: 0x80003328 (0xff9ff06f) j       pc - 0x8
core   0: 3 0x80003328 (0xff9ff06f)
core   0: 0x80003320 (0x00001397) auipc   t2, 0x1
core   0: 3 0x80003320 (0x00001397) x7  0x80004320
core   0: 0x80003324 (0xce13a023) sw      ra, -800(t2)
core   0: 3 0x80003324 (0xce13a023) mem 0x80004000 0x00000001
core   0: 0x80003328 (0xff9ff06f) j       pc - 0x8
core   0: 3 0x80003328 (0xff9ff06f)
core   0: 0x80003320 (0x00001397) auipc   t2, 0x1
core   0: 3 0x80003320 (0x00001397) x7  0x80004320
core   0: 0x80003324 (0xce13a023) sw      ra, -800(t2)
core   0: 3 0x80003324 (0xce13a023) mem 0x80004000 0x00000001
core   0: 0x80003328 (0xff9ff06f) j       pc - 0x8
core   0: 3 0x80003328 (0xff9ff06f)
core   0: 0x80003320 (0x00001397) auipc   t2, 0x1
core   0: 3 0x80003320 (0x00001397) x7  0x80004320
core   0: 0x80003324 (0xce13a023) sw      ra, -800(t2)
core   0: 3 0x80003324 (0xce13a023) mem 0x80004000 0x00000001
core   0: 0x80003328 (0xff9ff06f) j       pc - 0x8
core   0: 3 0x80003328 (0xff9ff06f)
core   0: 0x80003320 (0x00001397) auipc   t2, 0x1
core   0: 3 0x80003320 (0x00001397) x7  0x80004320
core   0: 0x80003324 (0xce13a023) sw      ra, -800(t2)
core   0: 3 0x80003324 (0xce13a023) mem 0x80004000 0x00000001
core   0: 0x80003328 (0xff9ff06f) j       pc - 0x8
core   0: 3 0x80003328 (0xff9ff06f)
core   0: 0x80003320 (0x00001397) auipc   t2, 0x1
core   0: 3 0x80003320 (0x00001397) x7  0x80004320
core   0: 0x80003324 (0xce13a023) sw      ra, -800(t2)
core   0: 3 0x80003324 (0xce13a023) mem 0x80004000 0x00000001
core   0: 0x80003328 (0xff9ff06f) j       pc - 0x8
core   0: 3 0x80003328 (0xff9ff06f)
core   0: 0x80003320 (0x00001397) auipc   t2, 0x1
core   0: 3 0x80003320 (0x00001397) x7  0x80004320
core   0: 0x80003324 (0xce13a023) sw      ra, -800(t2)
core   0: 3 0x80003324 (0xce13a023) mem 0x80004000 0x00000001
core   0: 0x80003328 (0xff9ff06f) j       pc - 0x8
core   0: 3 0x80003328 (0xff9ff06f)
core   0: 0x80003320 (0x00001397) auipc   t2, 0x1
core   0: 3 0x80003320 (0x00001397) x7  0x80004320
core   0: 0x80003324 (0xce13a023) sw      ra, -800(t2)
core   0: 3 0x80003324 (0xce13a023) mem 0x80004000 0x00000001
core   0: 0x80003328 (0xff9ff06f) j       pc - 0x8
core   0: 3 0x80003328 (0xff9ff06f)
core   0: 0x80003320 (0x00001397) auipc   t2, 0x1
core   0: 3 0x80003320 (0x00001397) x7  0x80004320
core   0: 0x80003324 (0xce13a023) sw      ra, -800(t2)
core   0: 3 0x80003324 (0xce13a023) mem 0x80004000 0x00000001
core   0: 0x80003328 (0xff9ff06f) j       pc - 0x8
core   0: 3 0x80003328 (0xff9ff06f)
core   0: 0x80003320 (0x00001397) auipc   t2, 0x1
core   0: 3 0x80003320 (0x00001397) x7  0x80004320
core   0: 0x80003324 (0xce13a023) sw      ra, -800(t2)
core   0: 3 0x80003324 (0xce13a023) mem 0x80004000 0x00000001
core   0: 0x80003328 (0xff9ff06f) j       pc - 0x8
core   0: 3 0x80003328 (0xff9ff06f)
core   0: 0x80003320 (0x00001397) auipc   t2, 0x1
core   0: 3 0x80003320 (0x00001397) x7  0x80004320
core   0: 0x80003324 (0xce13a023) sw      ra, -800(t2)
core   0: 3 0x80003324 (0xce13a023) mem 0x80004000 0x00000001
core   0: 0x80003328 (0xff9ff06f) j       pc - 0x8
core   0: 3 0x80003328 (0xff9ff06f)
core   0: 0x80003320 (0x00001397) auipc   t2, 0x1
core   0: 3 0x80003320 (0x00001397) x7  0x80004320
core   0: 0x80003324 (0xce13a023) sw      ra, -800(t2)
core   0: 3 0x80003324 (0xce13a023) mem 0x80004000 0x00000001
core   0: 0x80003328 (0xff9ff06f) j       pc - 0x8
core   0: 3 0x80003328 (0xff9ff06f)
core   0: 0x80003320 (0x00001397) auipc   t2, 0x1
core   0: 3 0x80003320 (0x00001397) x7  0x80004320
core   0: 0x80003324 (0xce13a023) sw      ra, -800(t2)
core   0: 3 0x80003324 (0xce13a023) mem 0x80004000 0x00000001
core   0: 0x80003328 (0xff9ff06f) j       pc - 0x8
core   0: 3 0x80003328 (0xff9ff06f)
core   0: 0x80003320 (0x00001397) auipc   t2, 0x1
core   0: 3 0x80003320 (0x00001397) x7  0x80004320
core   0: 0x80003324 (0xce13a023) sw      ra, -800(t2)
core   0: 3 0x80003324 (0xce13a023) mem 0x80004000 0x00000001
core   0: 0x80003328 (0xff9ff06f) j       pc - 0x8
core   0: 3 0x80003328 (0xff9ff06f)
core   0: 0x80003320 (0x00001397) auipc   t2, 0x1
core   0: 3 0x80003320 (0x00001397) x7  0x80004320
core   0: 0x80003324 (0xce13a023) sw      ra, -800(t2)
core   0: 3 0x80003324 (0xce13a023) mem 0x80004000 0x00000001
core   0: 0x80003328 (0xff9ff06f) j       pc - 0x8
core   0: 3 0x80003328 (0xff9ff06f)
core   0: 0x80003320 (0x00001397) auipc   t2, 0x1
core   0: 3 0x80003320 (0x00001397) x7  0x80004320
core   0: 0x80003324 (0xce13a023) sw      ra, -800(t2)
core   0: 3 0x80003324 (0xce13a023) mem 0x80004000 0x00000001
core   0: 0x80003328 (0xff9ff06f) j       pc - 0x8
core   0: 3 0x80003328 (0xff9ff06f)
core   0: 0x80003320 (0x00001397) auipc   t2, 0x1
core   0: 3 0x80003320 (0x00001397) x7  0x80004320
core   0: 0x80003324 (0xce13a023) sw      ra, -800(t2)
core   0: 3 0x80003324 (0xce13a023) mem 0x80004000 0x00000001
core   0: 0x80003328 (0xff9ff06f) j       pc - 0x8
core   0: 3 0x80003328 (0xff9ff06f)
core   0: 0x80003320 (0x00001397) auipc   t2, 0x1
core   0: 3 0x80003320 (0x00001397) x7  0x80004320
core   0: 0x80003324 (0xce13a023) sw      ra, -800(t2)
core   0: 3 0x80003324 (0xce13a023) mem 0x80004000 0x00000001
core   0: 0x80003328 (0xff9ff06f) j       pc - 0x8
core   0: 3 0x80003328 (0xff9ff06f)
core   0: 0x80003320 (0x00001397) auipc   t2, 0x1
core   0: 3 0x80003320 (0x00001397) x7  0x80004320
core   0: 0x80003324 (0xce13a023) sw      ra, -800(t2)
core   0: 3 0x80003324 (0xce13a023) mem 0x80004000 0x00000001
core   0: 0x80003328 (0xff9ff06f) j       pc - 0x8
core   0: 3 0x80003328 (0xff9ff06f)
core   0: 0x80003320 (0x00001397) auipc   t2, 0x1
core   0: 3 0x80003320 (0x00001397) x7  0x80004320
core   0: 0x80003324 (0xce13a023) sw      ra, -800(t2)
core   0: 3 0x80003324 (0xce13a023) mem 0x80004000 0x00000001
core   0: 0x80003328 (0xff9ff06f) j       pc - 0x8
core   0: 3 0x80003328 (0xff9ff06f)
core   0: 0x80003320 (0x00001397) auipc   t2, 0x1
core   0: 3 0x80003320 (0x00001397) x7  0x80004320
core   0: 0x80003324 (0xce13a023) sw      ra, -800(t2)
core   0: 3 0x80003324 (0xce13a023) mem 0x80004000 0x00000001
core   0: 0x80003328 (0xff9ff06f) j       pc - 0x8
core   0: 3 0x80003328 (0xff9ff06f)
core   0: 0x80003320 (0x00001397) auipc   t2, 0x1
core   0: 3 0x80003320 (0x00001397) x7  0x80004320
core   0: 0x80003324 (0xce13a023) sw      ra, -800(t2)
core   0: 3 0x80003324 (0xce13a023) mem 0x80004000 0x00000001
core   0: 0x80003328 (0xff9ff06f) j       pc - 0x8
core   0: 3 0x80003328 (0xff9ff06f)
core   0: 0x80003320 (0x00001397) auipc   t2, 0x1
core   0: 3 0x80003320 (0x00001397) x7  0x80004320
core   0: 0x80003324 (0xce13a023) sw      ra, -800(t2)
core   0: 3 0x80003324 (0xce13a023) mem 0x80004000 0x00000001
core   0: 0x80003328 (0xff9ff06f) j       pc - 0x8
core   0: 3 0x80003328 (0xff9ff06f)
core   0: 0x80003320 (0x00001397) auipc   t2, 0x1
core   0: 3 0x80003320 (0x00001397) x7  0x80004320
core   0: 0x80003324 (0xce13a023) sw      ra, -800(t2)
core   0: 3 0x80003324 (0xce13a023) mem 0x80004000 0x00000001
core   0: 0x80003328 (0xff9ff06f) j       pc - 0x8
core   0: 3 0x80003328 (0xff9ff06f)
core   0: 0x80003320 (0x00001397) auipc   t2, 0x1
core   0: 3 0x80003320 (0x00001397) x7  0x80004320
core   0: 0x80003324 (0xce13a023) sw      ra, -800(t2)
core   0: 3 0x80003324 (0xce13a023) mem 0x80004000 0x00000001
core   0: 0x80003328 (0xff9ff06f) j       pc - 0x8
core   0: 3 0x80003328 (0xff9ff06f)
core   0: 0x80003320 (0x00001397) auipc   t2, 0x1
core   0: 3 0x80003320 (0x00001397) x7  0x80004320
core   0: 0x80003324 (0xce13a023) sw      ra, -800(t2)
core   0: 3 0x80003324 (0xce13a023) mem 0x80004000 0x00000001
core   0: 0x80003328 (0xff9ff06f) j       pc - 0x8
core   0: 3 0x80003328 (0xff9ff06f)
core   0: 0x80003320 (0x00001397) auipc   t2, 0x1
core   0: 3 0x80003320 (0x00001397) x7  0x80004320
core   0: 0x80003324 (0xce13a023) sw      ra, -800(t2)
core   0: 3 0x80003324 (0xce13a023) mem 0x80004000 0x00000001
core   0: 0x80003328 (0xff9ff06f) j       pc - 0x8
core   0: 3 0x80003328 (0xff9ff06f)
core   0: 0x80003320 (0x00001397) auipc   t2, 0x1
core   0: 3 0x80003320 (0x00001397) x7  0x80004320
core   0: 0x80003324 (0xce13a023) sw      ra, -800(t2)
core   0: 3 0x80003324 (0xce13a023) mem 0x80004000 0x00000001
core   0: 0x80003328 (0xff9ff06f) j       pc - 0x8
core   0: 3 0x80003328 (0xff9ff06f)
core   0: 0x80003320 (0x00001397) auipc   t2, 0x1
core   0: 3 0x80003320 (0x00001397) x7  0x80004320
core   0: 0x80003324 (0xce13a023) sw      ra, -800(t2)
core   0: 3 0x80003324 (0xce13a023) mem 0x80004000 0x00000001
core   0: 0x80003328 (0xff9ff06f) j       pc - 0x8
core   0: 3 0x80003328 (0xff9ff06f)
core   0: 0x80003320 (0x00001397) auipc   t2, 0x1
core   0: 3 0x80003320 (0x00001397) x7  0x80004320
core   0: 0x80003324 (0xce13a023) sw      ra, -800(t2)
core   0: 3 0x80003324 (0xce13a023) mem 0x80004000 0x00000001
core   0: 0x80003328 (0xff9ff06f) j       pc - 0x8
core   0: 3 0x80003328 (0xff9ff06f)
core   0: 0x80003320 (0x00001397) auipc   t2, 0x1
core   0: 3 0x80003320 (0x00001397) x7  0x80004320
core   0: 0x80003324 (0xce13a023) sw      ra, -800(t2)
core   0: 3 0x80003324 (0xce13a023) mem 0x80004000 0x00000001
core   0: 0x80003328 (0xff9ff06f) j       pc - 0x8
core   0: 3 0x80003328 (0xff9ff06f)
core   0: 0x80003320 (0x00001397) auipc   t2, 0x1
core   0: 3 0x80003320 (0x00001397) x7  0x80004320
core   0: 0x80003324 (0xce13a023) sw      ra, -800(t2)
core   0: 3 0x80003324 (0xce13a023) mem 0x80004000 0x00000001
core   0: 0x80003328 (0xff9ff06f) j       pc - 0x8
core   0: 3 0x80003328 (0xff9ff06f)
core   0: 0x80003320 (0x00001397) auipc   t2, 0x1
core   0: 3 0x80003320 (0x00001397) x7  0x80004320
core   0: 0x80003324 (0xce13a023) sw      ra, -800(t2)
core   0: 3 0x80003324 (0xce13a023) mem 0x80004000 0x00000001
core   0: 0x80003328 (0xff9ff06f) j       pc - 0x8
core   0: 3 0x80003328 (0xff9ff06f)
core   0: 0x80003320 (0x00001397) auipc   t2, 0x1
core   0: 3 0x80003320 (0x00001397) x7  0x80004320
core   0: 0x80003324 (0xce13a023) sw      ra, -800(t2)
core   0: 3 0x80003324 (0xce13a023) mem 0x80004000 0x00000001
core   0: 0x80003328 (0xff9ff06f) j       pc - 0x8
core   0: 3 0x80003328 (0xff9ff06f)
core   0: 0x80003320 (0x00001397) auipc   t2, 0x1
core   0: 3 0x80003320 (0x00001397) x7  0x80004320
core   0: 0x80003324 (0xce13a023) sw      ra, -800(t2)
core   0: 3 0x80003324 (0xce13a023) mem 0x80004000 0x00000001
core   0: 0x80003328 (0xff9ff06f) j       pc - 0x8
core   0: 3 0x80003328 (0xff9ff06f)
core   0: 0x80003320 (0x00001397) auipc   t2, 0x1
core   0: 3 0x80003320 (0x00001397) x7  0x80004320
core   0: 0x80003324 (0xce13a023) sw      ra, -800(t2)
core   0: 3 0x80003324 (0xce13a023) mem 0x80004000 0x00000001
core   0: 0x80003328 (0xff9ff06f) j       pc - 0x8
core   0: 3 0x80003328 (0xff9ff06f)
core   0: 0x80003320 (0x00001397) auipc   t2, 0x1
core   0: 3 0x80003320 (0x00001397) x7  0x80004320
core   0: 0x80003324 (0xce13a023) sw      ra, -800(t2)
core   0: 3 0x80003324 (0xce13a023) mem 0x80004000 0x00000001
core   0: 0x80003328 (0xff9ff06f) j       pc - 0x8
core   0: 3 0x80003328 (0xff9ff06f)
core   0: 0x80003320 (0x00001397) auipc   t2, 0x1
core   0: 3 0x80003320 (0x00001397) x7  0x80004320
core   0: 0x80003324 (0xce13a023) sw      ra, -800(t2)
core   0: 3 0x80003324 (0xce13a023) mem 0x80004000 0x00000001
core   0: 0x80003328 (0xff9ff06f) j       pc - 0x8
core   0: 3 0x80003328 (0xff9ff06f)
core   0: 0x80003320 (0x00001397) auipc   t2, 0x1
core   0: 3 0x80003320 (0x00001397) x7  0x80004320
core   0: 0x80003324 (0xce13a023) sw      ra, -800(t2)
core   0: 3 0x80003324 (0xce13a023) mem 0x80004000 0x00000001
core   0: 0x80003328 (0xff9ff06f) j       pc - 0x8
core   0: 3 0x80003328 (0xff9ff06f)
core   0: 0x80003320 (0x00001397) auipc   t2, 0x1
core   0: 3 0x80003320 (0x00001397) x7  0x80004320
core   0: 0x80003324 (0xce13a023) sw      ra, -800(t2)
core   0: 3 0x80003324 (0xce13a023) mem 0x80004000 0x00000001
core   0: 0x80003328 (0xff9ff06f) j       pc - 0x8
core   0: 3 0x80003328 (0xff9ff06f)
core   0: 0x80003320 (0x00001397) auipc   t2, 0x1
core   0: 3 0x80003320 (0x00001397) x7  0x80004320
core   0: 0x80003324 (0xce13a023) sw      ra, -800(t2)
core   0: 3 0x80003324 (0xce13a023) mem 0x80004000 0x00000001
core   0: 0x80003328 (0xff9ff06f) j       pc - 0x8
core   0: 3 0x80003328 (0xff9ff06f)
core   0: 0x80003320 (0x00001397) auipc   t2, 0x1
core   0: 3 0x80003320 (0x00001397) x7  0x80004320
core   0: 0x80003324 (0xce13a023) sw      ra, -800(t2)
core   0: 3 0x80003324 (0xce13a023) mem 0x80004000 0x00000001
core   0: 0x80003328 (0xff9ff06f) j       pc - 0x8
core   0: 3 0x80003328 (0xff9ff06f)
core   0: 0x80003320 (0x00001397) auipc   t2, 0x1
core   0: 3 0x80003320 (0x00001397) x7  0x80004320
core   0: 0x80003324 (0xce13a023) sw      ra, -800(t2)
core   0: 3 0x80003324 (0xce13a023) mem 0x80004000 0x00000001
core   0: 0x80003328 (0xff9ff06f) j       pc - 0x8
core   0: 3 0x80003328 (0xff9ff06f)
core   0: 0x80003320 (0x00001397) auipc   t2, 0x1
core   0: 3 0x80003320 (0x00001397) x7  0x80004320
core   0: 0x80003324 (0xce13a023) sw      ra, -800(t2)
core   0: 3 0x80003324 (0xce13a023) mem 0x80004000 0x00000001
core   0: 0x80003328 (0xff9ff06f) j       pc - 0x8
core   0: 3 0x80003328 (0xff9ff06f)
core   0: 0x80003320 (0x00001397) auipc   t2, 0x1
core   0: 3 0x80003320 (0x00001397) x7  0x80004320
core   0: 0x80003324 (0xce13a023) sw      ra, -800(t2)
core   0: 3 0x80003324 (0xce13a023) mem 0x80004000 0x00000001
core   0: 0x80003328 (0xff9ff06f) j       pc - 0x8
core   0: 3 0x80003328 (0xff9ff06f)
core   0: 0x80003320 (0x00001397) auipc   t2, 0x1
core   0: 3 0x80003320 (0x00001397) x7  0x80004320
core   0: 0x80003324 (0xce13a023) sw      ra, -800(t2)
core   0: 3 0x80003324 (0xce13a023) mem 0x80004000 0x00000001
core   0: 0x80003328 (0xff9ff06f) j       pc - 0x8
core   0: 3 0x80003328 (0xff9ff06f)
core   0: 0x80003320 (0x00001397) auipc   t2, 0x1
core   0: 3 0x80003320 (0x00001397) x7  0x80004320
core   0: 0x80003324 (0xce13a023) sw      ra, -800(t2)
core   0: 3 0x80003324 (0xce13a023) mem 0x80004000 0x00000001
core   0: 0x80003328 (0xff9ff06f) j       pc - 0x8
core   0: 3 0x80003328 (0xff9ff06f)
core   0: 0x80003320 (0x00001397) auipc   t2, 0x1
core   0: 3 0x80003320 (0x00001397) x7  0x80004320
core   0: 0x80003324 (0xce13a023) sw      ra, -800(t2)
core   0: 3 0x80003324 (0xce13a023) mem 0x80004000 0x00000001
core   0: 0x80003328 (0xff9ff06f) j       pc - 0x8
core   0: 3 0x80003328 (0xff9ff06f)
core   0: 0x80003320 (0x00001397) auipc   t2, 0x1
core   0: 3 0x80003320 (0x00001397) x7  0x80004320
core   0: 0x80003324 (0xce13a023) sw      ra, -800(t2)
core   0: 3 0x80003324 (0xce13a023) mem 0x80004000 0x00000001
core   0: 0x80003328 (0xff9ff06f) j       pc - 0x8
core   0: 3 0x80003328 (0xff9ff06f)
core   0: 0x80003320 (0x00001397) auipc   t2, 0x1
core   0: 3 0x80003320 (0x00001397) x7  0x80004320
core   0: 0x80003324 (0xce13a023) sw      ra, -800(t2)
core   0: 3 0x80003324 (0xce13a023) mem 0x80004000 0x00000001
core   0: 0x80003328 (0xff9ff06f) j       pc - 0x8
core   0: 3 0x80003328 (0xff9ff06f)
core   0: 0x80003320 (0x00001397) auipc   t2, 0x1
core   0: 3 0x80003320 (0x00001397) x7  0x80004320
core   0: 0x80003324 (0xce13a023) sw      ra, -800(t2)
core   0: 3 0x80003324 (0xce13a023) mem 0x80004000 0x00000001
core   0: 0x80003328 (0xff9ff06f) j       pc - 0x8
core   0: 3 0x80003328 (0xff9ff06f)
core   0: 0x80003320 (0x00001397) auipc   t2, 0x1
core   0: 3 0x80003320 (0x00001397) x7  0x80004320
core   0: 0x80003324 (0xce13a023) sw      ra, -800(t2)
core   0: 3 0x80003324 (0xce13a023) mem 0x80004000 0x00000001
core   0: 0x80003328 (0xff9ff06f) j       pc - 0x8
core   0: 3 0x80003328 (0xff9ff06f)
core   0: 0x80003320 (0x00001397) auipc   t2, 0x1
core   0: 3 0x80003320 (0x00001397) x7  0x80004320
core   0: 0x80003324 (0xce13a023) sw      ra, -800(t2)
core   0: 3 0x80003324 (0xce13a023) mem 0x80004000 0x00000001
core   0: 0x80003328 (0xff9ff06f) j       pc - 0x8
core   0: 3 0x80003328 (0xff9ff06f)
core   0: 0x80003320 (0x00001397) auipc   t2, 0x1
core   0: 3 0x80003320 (0x00001397) x7  0x80004320
core   0: 0x80003324 (0xce13a023) sw      ra, -800(t2)
core   0: 3 0x80003324 (0xce13a023) mem 0x80004000 0x00000001
core   0: 0x80003328 (0xff9ff06f) j       pc - 0x8
core   0: 3 0x80003328 (0xff9ff06f)
core   0: 0x80003320 (0x00001397) auipc   t2, 0x1
core   0: 3 0x80003320 (0x00001397) x7  0x80004320
core   0: 0x80003324 (0xce13a023) sw      ra, -800(t2)
core   0: 3 0x80003324 (0xce13a023) mem 0x80004000 0x00000001
core   0: 0x80003328 (0xff9ff06f) j       pc - 0x8
core   0: 3 0x80003328 (0xff9ff06f)
core   0: 0x80003320 (0x00001397) auipc   t2, 0x1
core   0: 3 0x80003320 (0x00001397) x7  0x80004320
core   0: 0x80003324 (0xce13a023) sw      ra, -800(t2)
core   0: 3 0x80003324 (0xce13a023) mem 0x80004000 0x00000001
core   0: 0x80003328 (0xff9ff06f) j       pc - 0x8
core   0: 3 0x80003328 (0xff9ff06f)
core   0: 0x80003320 (0x00001397) auipc   t2, 0x1
core   0: 3 0x80003320 (0x00001397) x7  0x80004320
core   0: 0x80003324 (0xce13a023) sw      ra, -800(t2)
core   0: 3 0x80003324 (0xce13a023) mem 0x80004000 0x00000001
core   0: 0x80003328 (0xff9ff06f) j       pc - 0x8
core   0: 3 0x80003328 (0xff9ff06f)
core   0: 0x80003320 (0x00001397) auipc   t2, 0x1
core   0: 3 0x80003320 (0x00001397) x7  0x80004320
core   0: 0x80003324 (0xce13a023) sw      ra, -800(t2)
core   0: 3 0x80003324 (0xce13a023) mem 0x80004000 0x00000001
core   0: 0x80003328 (0xff9ff06f) j       pc - 0x8
core   0: 3 0x80003328 (0xff9ff06f)
core   0: 0x80003320 (0x00001397) auipc   t2, 0x1
core   0: 3 0x80003320 (0x00001397) x7  0x80004320
core   0: 0x80003324 (0xce13a023) sw      ra, -800(t2)
core   0: 3 0x80003324 (0xce13a023) mem 0x80004000 0x00000001
core   0: 0x80003328 (0xff9ff06f) j       pc - 0x8
core   0: 3 0x80003328 (0xff9ff06f)
core   0: 0x80003320 (0x00001397) auipc   t2, 0x1
core   0: 3 0x80003320 (0x00001397) x7  0x80004320
core   0: 0x80003324 (0xce13a023) sw      ra, -800(t2)
core   0: 3 0x80003324 (0xce13a023) mem 0x80004000 0x00000001
core   0: 0x80003328 (0xff9ff06f) j       pc - 0x8
core   0: 3 0x80003328 (0xff9ff06f)
core   0: 0x80003320 (0x00001397) auipc   t2, 0x1
core   0: 3 0x80003320 (0x00001397) x7  0x80004320
core   0: 0x80003324 (0xce13a023) sw      ra, -800(t2)
core   0: 3 0x80003324 (0xce13a023) mem 0x80004000 0x00000001
core   0: 0x80003328 (0xff9ff06f) j       pc - 0x8
core   0: 3 0x80003328 (0xff9ff06f)
core   0: 0x80003320 (0x00001397) auipc   t2, 0x1
core   0: 3 0x80003320 (0x00001397) x7  0x80004320
core   0: 0x80003324 (0xce13a023) sw      ra, -800(t2)
core   0: 3 0x80003324 (0xce13a023) mem 0x80004000 0x00000001
core   0: 0x80003328 (0xff9ff06f) j       pc - 0x8
core   0: 3 0x80003328 (0xff9ff06f)
core   0: 0x80003320 (0x00001397) auipc   t2, 0x1
core   0: 3 0x80003320 (0x00001397) x7  0x80004320
core   0: 0x80003324 (0xce13a023) sw      ra, -800(t2)
core   0: 3 0x80003324 (0xce13a023) mem 0x80004000 0x00000001
core   0: 0x80003328 (0xff9ff06f) j       pc - 0x8
core   0: 3 0x80003328 (0xff9ff06f)
core   0: 0x80003320 (0x00001397) auipc   t2, 0x1
core   0: 3 0x80003320 (0x00001397) x7  0x80004320
core   0: 0x80003324 (0xce13a023) sw      ra, -800(t2)
core   0: 3 0x80003324 (0xce13a023) mem 0x80004000 0x00000001
core   0: 0x80003328 (0xff9ff06f) j       pc - 0x8
core   0: 3 0x80003328 (0xff9ff06f)
core   0: 0x80003320 (0x00001397) auipc   t2, 0x1
core   0: 3 0x80003320 (0x00001397) x7  0x80004320
core   0: 0x80003324 (0xce13a023) sw      ra, -800(t2)
core   0: 3 0x80003324 (0xce13a023) mem 0x80004000 0x00000001
core   0: 0x80003328 (0xff9ff06f) j       pc - 0x8
core   0: 3 0x80003328 (0xff9ff06f)
core   0: 0x80003320 (0x00001397) auipc   t2, 0x1
core   0: 3 0x80003320 (0x00001397) x7  0x80004320
core   0: 0x80003324 (0xce13a023) sw      ra, -800(t2)
core   0: 3 0x80003324 (0xce13a023) mem 0x80004000 0x00000001
core   0: 0x80003328 (0xff9ff06f) j       pc - 0x8
core   0: 3 0x80003328 (0xff9ff06f)
core   0: 0x80003320 (0x00001397) auipc   t2, 0x1
core   0: 3 0x80003320 (0x00001397) x7  0x80004320
core   0: 0x80003324 (0xce13a023) sw      ra, -800(t2)
core   0: 3 0x80003324 (0xce13a023) mem 0x80004000 0x00000001
core   0: 0x80003328 (0xff9ff06f) j       pc - 0x8
core   0: 3 0x80003328 (0xff9ff06f)
core   0: 0x80003320 (0x00001397) auipc   t2, 0x1
core   0: 3 0x80003320 (0x00001397) x7  0x80004320
core   0: 0x80003324 (0xce13a023) sw      ra, -800(t2)
core   0: 3 0x80003324 (0xce13a023) mem 0x80004000 0x00000001
core   0: 0x80003328 (0xff9ff06f) j       pc - 0x8
core   0: 3 0x80003328 (0xff9ff06f)
core   0: 0x80003320 (0x00001397) auipc   t2, 0x1
core   0: 3 0x80003320 (0x00001397) x7  0x80004320
core   0: 0x80003324 (0xce13a023) sw      ra, -800(t2)
core   0: 3 0x80003324 (0xce13a023) mem 0x80004000 0x00000001
core   0: 0x80003328 (0xff9ff06f) j       pc - 0x8
core   0: 3 0x80003328 (0xff9ff06f)
core   0: 0x80003320 (0x00001397) auipc   t2, 0x1
core   0: 3 0x80003320 (0x00001397) x7  0x80004320
core   0: 0x80003324 (0xce13a023) sw      ra, -800(t2)
core   0: 3 0x80003324 (0xce13a023) mem 0x80004000 0x00000001
core   0: 0x80003328 (0xff9ff06f) j       pc - 0x8
core   0: 3 0x80003328 (0xff9ff06f)
core   0: 0x80003320 (0x00001397) auipc   t2, 0x1
core   0: 3 0x80003320 (0x00001397) x7  0x80004320
core   0: 0x80003324 (0xce13a023) sw      ra, -800(t2)
core   0: 3 0x80003324 (0xce13a023) mem 0x80004000 0x00000001
core   0: 0x80003328 (0xff9ff06f) j       pc - 0x8
core   0: 3 0x80003328 (0xff9ff06f)
core   0: 0x80003320 (0x00001397) auipc   t2, 0x1
core   0: 3 0x80003320 (0x00001397) x7  0x80004320
core   0: 0x80003324 (0xce13a023) sw      ra, -800(t2)
core   0: 3 0x80003324 (0xce13a023) mem 0x80004000 0x00000001
core   0: 0x80003328 (0xff9ff06f) j       pc - 0x8
core   0: 3 0x80003328 (0xff9ff06f)
core   0: 0x80003320 (0x00001397) auipc   t2, 0x1
core   0: 3 0x80003320 (0x00001397) x7  0x80004320
core   0: 0x80003324 (0xce13a023) sw      ra, -800(t2)
core   0: 3 0x80003324 (0xce13a023) mem 0x80004000 0x00000001
core   0: 0x80003328 (0xff9ff06f) j       pc - 0x8
core   0: 3 0x80003328 (0xff9ff06f)
core   0: 0x80003320 (0x00001397) auipc   t2, 0x1
core   0: 3 0x80003320 (0x00001397) x7  0x80004320
core   0: 0x80003324 (0xce13a023) sw      ra, -800(t2)
core   0: 3 0x80003324 (0xce13a023) mem 0x80004000 0x00000001
core   0: 0x80003328 (0xff9ff06f) j       pc - 0x8
core   0: 3 0x80003328 (0xff9ff06f)
core   0: 0x80003320 (0x00001397) auipc   t2, 0x1
core   0: 3 0x80003320 (0x00001397) x7  0x80004320
core   0: 0x80003324 (0xce13a023) sw      ra, -800(t2)
core   0: 3 0x80003324 (0xce13a023) mem 0x80004000 0x00000001
core   0: 0x80003328 (0xff9ff06f) j       pc - 0x8
core   0: 3 0x80003328 (0xff9ff06f)
core   0: 0x80003320 (0x00001397) auipc   t2, 0x1
core   0: 3 0x80003320 (0x00001397) x7  0x80004320
core   0: 0x80003324 (0xce13a023) sw      ra, -800(t2)
core   0: 3 0x80003324 (0xce13a023) mem 0x80004000 0x00000001
core   0: 0x80003328 (0xff9ff06f) j       pc - 0x8
core   0: 3 0x80003328 (0xff9ff06f)
core   0: 0x80003320 (0x00001397) auipc   t2, 0x1
core   0: 3 0x80003320 (0x00001397) x7  0x80004320
core   0: 0x80003324 (0xce13a023) sw      ra, -800(t2)
core   0: 3 0x80003324 (0xce13a023) mem 0x80004000 0x00000001
core   0: 0x80003328 (0xff9ff06f) j       pc - 0x8
core   0: 3 0x80003328 (0xff9ff06f)
core   0: 0x80003320 (0x00001397) auipc   t2, 0x1
core   0: 3 0x80003320 (0x00001397) x7  0x80004320
core   0: 0x80003324 (0xce13a023) sw      ra, -800(t2)
core   0: 3 0x80003324 (0xce13a023) mem 0x80004000 0x00000001
core   0: 0x80003328 (0xff9ff06f) j       pc - 0x8
core   0: 3 0x80003328 (0xff9ff06f)
core   0: 0x80003320 (0x00001397) auipc   t2, 0x1
core   0: 3 0x80003320 (0x00001397) x7  0x80004320
core   0: 0x80003324 (0xce13a023) sw      ra, -800(t2)
core   0: 3 0x80003324 (0xce13a023) mem 0x80004000 0x00000001
core   0: 0x80003328 (0xff9ff06f) j       pc - 0x8
core   0: 3 0x80003328 (0xff9ff06f)
core   0: 0x80003320 (0x00001397) auipc   t2, 0x1
core   0: 3 0x80003320 (0x00001397) x7  0x80004320
core   0: 0x80003324 (0xce13a023) sw      ra, -800(t2)
core   0: 3 0x80003324 (0xce13a023) mem 0x80004000 0x00000001
core   0: 0x80003328 (0xff9ff06f) j       pc - 0x8
core   0: 3 0x80003328 (0xff9ff06f)
core   0: 0x80003320 (0x00001397) auipc   t2, 0x1
core   0: 3 0x80003320 (0x00001397) x7  0x80004320
core   0: 0x80003324 (0xce13a023) sw      ra, -800(t2)
core   0: 3 0x80003324 (0xce13a023) mem 0x80004000 0x00000001
core   0: 0x80003328 (0xff9ff06f) j       pc - 0x8
core   0: 3 0x80003328 (0xff9ff06f)
core   0: 0x80003320 (0x00001397) auipc   t2, 0x1
core   0: 3 0x80003320 (0x00001397) x7  0x80004320
core   0: 0x80003324 (0xce13a023) sw      ra, -800(t2)
core   0: 3 0x80003324 (0xce13a023) mem 0x80004000 0x00000001
core   0: 0x80003328 (0xff9ff06f) j       pc - 0x8
core   0: 3 0x80003328 (0xff9ff06f)
core   0: 0x80003320 (0x00001397) auipc   t2, 0x1
core   0: 3 0x80003320 (0x00001397) x7  0x80004320
core   0: 0x80003324 (0xce13a023) sw      ra, -800(t2)
core   0: 3 0x80003324 (0xce13a023) mem 0x80004000 0x00000001
core   0: 0x80003328 (0xff9ff06f) j       pc - 0x8
core   0: 3 0x80003328 (0xff9ff06f)
core   0: 0x80003320 (0x00001397) auipc   t2, 0x1
core   0: 3 0x80003320 (0x00001397) x7  0x80004320
core   0: 0x80003324 (0xce13a023) sw      ra, -800(t2)
core   0: 3 0x80003324 (0xce13a023) mem 0x80004000 0x00000001
core   0: 0x80003328 (0xff9ff06f) j       pc - 0x8
core   0: 3 0x80003328 (0xff9ff06f)
core   0: 0x80003320 (0x00001397) auipc   t2, 0x1
core   0: 3 0x80003320 (0x00001397) x7  0x80004320
core   0: 0x80003324 (0xce13a023) sw      ra, -800(t2)
core   0: 3 0x80003324 (0xce13a023) mem 0x80004000 0x00000001
core   0: 0x80003328 (0xff9ff06f) j       pc - 0x8
core   0: 3 0x80003328 (0xff9ff06f)
core   0: 0x80003320 (0x00001397) auipc   t2, 0x1
core   0: 3 0x80003320 (0x00001397) x7  0x80004320
core   0: 0x80003324 (0xce13a023) sw      ra, -800(t2)
core   0: 3 0x80003324 (0xce13a023) mem 0x80004000 0x00000001
core   0: 0x80003328 (0xff9ff06f) j       pc - 0x8
core   0: 3 0x80003328 (0xff9ff06f)
core   0: 0x80003320 (0x00001397) auipc   t2, 0x1
core   0: 3 0x80003320 (0x00001397) x7  0x80004320
core   0: 0x80003324 (0xce13a023) sw      ra, -800(t2)
core   0: 3 0x80003324 (0xce13a023) mem 0x80004000 0x00000001
core   0: 0x80003328 (0xff9ff06f) j       pc - 0x8
core   0: 3 0x80003328 (0xff9ff06f)
core   0: 0x80003320 (0x00001397) auipc   t2, 0x1
core   0: 3 0x80003320 (0x00001397) x7  0x80004320
core   0: 0x80003324 (0xce13a023) sw      ra, -800(t2)
core   0: 3 0x80003324 (0xce13a023) mem 0x80004000 0x00000001
core   0: 0x80003328 (0xff9ff06f) j       pc - 0x8
core   0: 3 0x80003328 (0xff9ff06f)
core   0: 0x80003320 (0x00001397) auipc   t2, 0x1
core   0: 3 0x80003320 (0x00001397) x7  0x80004320
core   0: 0x80003324 (0xce13a023) sw      ra, -800(t2)
core   0: 3 0x80003324 (0xce13a023) mem 0x80004000 0x00000001
core   0: 0x80003328 (0xff9ff06f) j       pc - 0x8
core   0: 3 0x80003328 (0xff9ff06f)
core   0: 0x80003320 (0x00001397) auipc   t2, 0x1
core   0: 3 0x80003320 (0x00001397) x7  0x80004320
core   0: 0x80003324 (0xce13a023) sw      ra, -800(t2)
core   0: 3 0x80003324 (0xce13a023) mem 0x80004000 0x00000001
core   0: 0x80003328 (0xff9ff06f) j       pc - 0x8
core   0: 3 0x80003328 (0xff9ff06f)
core   0: 0x80003320 (0x00001397) auipc   t2, 0x1
core   0: 3 0x80003320 (0x00001397) x7  0x80004320
core   0: 0x80003324 (0xce13a023) sw      ra, -800(t2)
core   0: 3 0x80003324 (0xce13a023) mem 0x80004000 0x00000001
core   0: 0x80003328 (0xff9ff06f) j       pc - 0x8
core   0: 3 0x80003328 (0xff9ff06f)
core   0: 0x80003320 (0x00001397) auipc   t2, 0x1
core   0: 3 0x80003320 (0x00001397) x7  0x80004320
core   0: 0x80003324 (0xce13a023) sw      ra, -800(t2)
core   0: 3 0x80003324 (0xce13a023) mem 0x80004000 0x00000001
core   0: 0x80003328 (0xff9ff06f) j       pc - 0x8
core   0: 3 0x80003328 (0xff9ff06f)
core   0: 0x80003320 (0x00001397) auipc   t2, 0x1
core   0: 3 0x80003320 (0x00001397) x7  0x80004320
core   0: 0x80003324 (0xce13a023) sw      ra, -800(t2)
core   0: 3 0x80003324 (0xce13a023) mem 0x80004000 0x00000001
core   0: 0x80003328 (0xff9ff06f) j       pc - 0x8
core   0: 3 0x80003328 (0xff9ff06f)
core   0: 0x80003320 (0x00001397) auipc   t2, 0x1
core   0: 3 0x80003320 (0x00001397) x7  0x80004320
core   0: 0x80003324 (0xce13a023) sw      ra, -800(t2)
core   0: 3 0x80003324 (0xce13a023) mem 0x80004000 0x00000001
core   0: 0x80003328 (0xff9ff06f) j       pc - 0x8
core   0: 3 0x80003328 (0xff9ff06f)
core   0: 0x80003320 (0x00001397) auipc   t2, 0x1
core   0: 3 0x80003320 (0x00001397) x7  0x80004320
core   0: 0x80003324 (0xce13a023) sw      ra, -800(t2)
core   0: 3 0x80003324 (0xce13a023) mem 0x80004000 0x00000001
core   0: 0x80003328 (0xff9ff06f) j       pc - 0x8
core   0: 3 0x80003328 (0xff9ff06f)
core   0: 0x80003320 (0x00001397) auipc   t2, 0x1
core   0: 3 0x80003320 (0x00001397) x7  0x80004320
core   0: 0x80003324 (0xce13a023) sw      ra, -800(t2)
core   0: 3 0x80003324 (0xce13a023) mem 0x80004000 0x00000001
core   0: 0x80003328 (0xff9ff06f) j       pc - 0x8
core   0: 3 0x80003328 (0xff9ff06f)
core   0: 0x80003320 (0x00001397) auipc   t2, 0x1
core   0: 3 0x80003320 (0x00001397) x7  0x80004320
core   0: 0x80003324 (0xce13a023) sw      ra, -800(t2)
core   0: 3 0x80003324 (0xce13a023) mem 0x80004000 0x00000001
core   0: 0x80003328 (0xff9ff06f) j       pc - 0x8
core   0: 3 0x80003328 (0xff9ff06f)
core   0: 0x80003320 (0x00001397) auipc   t2, 0x1
core   0: 3 0x80003320 (0x00001397) x7  0x80004320
core   0: 0x80003324 (0xce13a023) sw      ra, -800(t2)
core   0: 3 0x80003324 (0xce13a023) mem 0x80004000 0x00000001
core   0: 0x80003328 (0xff9ff06f) j       pc - 0x8
core   0: 3 0x80003328 (0xff9ff06f)
core   0: 0x80003320 (0x00001397) auipc   t2, 0x1
core   0: 3 0x80003320 (0x00001397) x7  0x80004320
core   0: 0x80003324 (0xce13a023) sw      ra, -800(t2)
core   0: 3 0x80003324 (0xce13a023) mem 0x80004000 0x00000001
core   0: 0x80003328 (0xff9ff06f) j       pc - 0x8
core   0: 3 0x80003328 (0xff9ff06f)
core   0: 0x80003320 (0x00001397) auipc   t2, 0x1
core   0: 3 0x80003320 (0x00001397) x7  0x80004320
core   0: 0x80003324 (0xce13a023) sw      ra, -800(t2)
core   0: 3 0x80003324 (0xce13a023) mem 0x80004000 0x00000001
core   0: 0x80003328 (0xff9ff06f) j       pc - 0x8
core   0: 3 0x80003328 (0xff9ff06f)
core   0: 0x80003320 (0x00001397) auipc   t2, 0x1
core   0: 3 0x80003320 (0x00001397) x7  0x80004320
core   0: 0x80003324 (0xce13a023) sw      ra, -800(t2)
core   0: 3 0x80003324 (0xce13a023) mem 0x80004000 0x00000001
core   0: 0x80003328 (0xff9ff06f) j       pc - 0x8
core   0: 3 0x80003328 (0xff9ff06f)
core   0: 0x80003320 (0x00001397) auipc   t2, 0x1
core   0: 3 0x80003320 (0x00001397) x7  0x80004320
core   0: 0x80003324 (0xce13a023) sw      ra, -800(t2)
core   0: 3 0x80003324 (0xce13a023) mem 0x80004000 0x00000001
core   0: 0x80003328 (0xff9ff06f) j       pc - 0x8
core   0: 3 0x80003328 (0xff9ff06f)
core   0: 0x80003320 (0x00001397) auipc   t2, 0x1
core   0: 3 0x80003320 (0x00001397) x7  0x80004320
core   0: 0x80003324 (0xce13a023) sw      ra, -800(t2)
core   0: 3 0x80003324 (0xce13a023) mem 0x80004000 0x00000001
core   0: 0x80003328 (0xff9ff06f) j       pc - 0x8
core   0: 3 0x80003328 (0xff9ff06f)
core   0: 0x80003320 (0x00001397) auipc   t2, 0x1
core   0: 3 0x80003320 (0x00001397) x7  0x80004320
core   0: 0x80003324 (0xce13a023) sw      ra, -800(t2)
core   0: 3 0x80003324 (0xce13a023) mem 0x80004000 0x00000001
core   0: 0x80003328 (0xff9ff06f) j       pc - 0x8
core   0: 3 0x80003328 (0xff9ff06f)
core   0: 0x80003320 (0x00001397) auipc   t2, 0x1
core   0: 3 0x80003320 (0x00001397) x7  0x80004320
core   0: 0x80003324 (0xce13a023) sw      ra, -800(t2)
core   0: 3 0x80003324 (0xce13a023) mem 0x80004000 0x00000001
core   0: 0x80003328 (0xff9ff06f) j       pc - 0x8
core   0: 3 0x80003328 (0xff9ff06f)
core   0: 0x80003320 (0x00001397) auipc   t2, 0x1
core   0: 3 0x80003320 (0x00001397) x7  0x80004320
core   0: 0x80003324 (0xce13a023) sw      ra, -800(t2)
core   0: 3 0x80003324 (0xce13a023) mem 0x80004000 0x00000001
core   0: 0x80003328 (0xff9ff06f) j       pc - 0x8
core   0: 3 0x80003328 (0xff9ff06f)
core   0: 0x80003320 (0x00001397) auipc   t2, 0x1
core   0: 3 0x80003320 (0x00001397) x7  0x80004320
core   0: 0x80003324 (0xce13a023) sw      ra, -800(t2)
core   0: 3 0x80003324 (0xce13a023) mem 0x80004000 0x00000001
core   0: 0x80003328 (0xff9ff06f) j       pc - 0x8
core   0: 3 0x80003328 (0xff9ff06f)
core   0: 0x80003320 (0x00001397) auipc   t2, 0x1
core   0: 3 0x80003320 (0x00001397) x7  0x80004320
core   0: 0x80003324 (0xce13a023) sw      ra, -800(t2)
core   0: 3 0x80003324 (0xce13a023) mem 0x80004000 0x00000001
core   0: 0x80003328 (0xff9ff06f) j       pc - 0x8
core   0: 3 0x80003328 (0xff9ff06f)
core   0: 0x80003320 (0x00001397) auipc   t2, 0x1
core   0: 3 0x80003320 (0x00001397) x7  0x80004320
core   0: 0x80003324 (0xce13a023) sw      ra, -800(t2)
core   0: 3 0x80003324 (0xce13a023) mem 0x80004000 0x00000001
core   0: 0x80003328 (0xff9ff06f) j       pc - 0x8
core   0: 3 0x80003328 (0xff9ff06f)
core   0: 0x80003320 (0x00001397) auipc   t2, 0x1
core   0: 3 0x80003320 (0x00001397) x7  0x80004320
core   0: 0x80003324 (0xce13a023) sw      ra, -800(t2)
core   0: 3 0x80003324 (0xce13a023) mem 0x80004000 0x00000001
core   0: 0x80003328 (0xff9ff06f) j       pc - 0x8
core   0: 3 0x80003328 (0xff9ff06f)
core   0: 0x80003320 (0x00001397) auipc   t2, 0x1
core   0: 3 0x80003320 (0x00001397) x7  0x80004320
core   0: 0x80003324 (0xce13a023) sw      ra, -800(t2)
core   0: 3 0x80003324 (0xce13a023) mem 0x80004000 0x00000001
core   0: 0x80003328 (0xff9ff06f) j       pc - 0x8
core   0: 3 0x80003328 (0xff9ff06f)
core   0: 0x80003320 (0x00001397) auipc   t2, 0x1
core   0: 3 0x80003320 (0x00001397) x7  0x80004320
core   0: 0x80003324 (0xce13a023) sw      ra, -800(t2)
core   0: 3 0x80003324 (0xce13a023) mem 0x80004000 0x00000001
core   0: 0x80003328 (0xff9ff06f) j       pc - 0x8
core   0: 3 0x80003328 (0xff9ff06f)
core   0: 0x80003320 (0x00001397) auipc   t2, 0x1
core   0: 3 0x80003320 (0x00001397) x7  0x80004320
core   0: 0x80003324 (0xce13a023) sw      ra, -800(t2)
core   0: 3 0x80003324 (0xce13a023) mem 0x80004000 0x00000001
core   0: 0x80003328 (0xff9ff06f) j       pc - 0x8
core   0: 3 0x80003328 (0xff9ff06f)
core   0: 0x80003320 (0x00001397) auipc   t2, 0x1
core   0: 3 0x80003320 (0x00001397) x7  0x80004320
core   0: 0x80003324 (0xce13a023) sw      ra, -800(t2)
core   0: 3 0x80003324 (0xce13a023) mem 0x80004000 0x00000001
core   0: 0x80003328 (0xff9ff06f) j       pc - 0x8
core   0: 3 0x80003328 (0xff9ff06f)
core   0: 0x80003320 (0x00001397) auipc   t2, 0x1
core   0: 3 0x80003320 (0x00001397) x7  0x80004320
core   0: 0x80003324 (0xce13a023) sw      ra, -800(t2)
core   0: 3 0x80003324 (0xce13a023) mem 0x80004000 0x00000001
core   0: 0x80003328 (0xff9ff06f) j       pc - 0x8
core   0: 3 0x80003328 (0xff9ff06f)
core   0: 0x80003320 (0x00001397) auipc   t2, 0x1
core   0: 3 0x80003320 (0x00001397) x7  0x80004320
core   0: 0x80003324 (0xce13a023) sw      ra, -800(t2)
core   0: 3 0x80003324 (0xce13a023) mem 0x80004000 0x00000001
core   0: 0x80003328 (0xff9ff06f) j       pc - 0x8
core   0: 3 0x80003328 (0xff9ff06f)
core   0: 0x80003320 (0x00001397) auipc   t2, 0x1
core   0: 3 0x80003320 (0x00001397) x7  0x80004320
core   0: 0x80003324 (0xce13a023) sw      ra, -800(t2)
core   0: 3 0x80003324 (0xce13a023) mem 0x80004000 0x00000001
core   0: 0x80003328 (0xff9ff06f) j       pc - 0x8
core   0: 3 0x80003328 (0xff9ff06f)
core   0: 0x80003320 (0x00001397) auipc   t2, 0x1
core   0: 3 0x80003320 (0x00001397) x7  0x80004320
core   0: 0x80003324 (0xce13a023) sw      ra, -800(t2)
core   0: 3 0x80003324 (0xce13a023) mem 0x80004000 0x00000001
core   0: 0x80003328 (0xff9ff06f) j       pc - 0x8
core   0: 3 0x80003328 (0xff9ff06f)
core   0: 0x80003320 (0x00001397) auipc   t2, 0x1
core   0: 3 0x80003320 (0x00001397) x7  0x80004320
core   0: 0x80003324 (0xce13a023) sw      ra, -800(t2)
core   0: 3 0x80003324 (0xce13a023) mem 0x80004000 0x00000001
core   0: 0x80003328 (0xff9ff06f) j       pc - 0x8
core   0: 3 0x80003328 (0xff9ff06f)
core   0: 0x80003320 (0x00001397) auipc   t2, 0x1
core   0: 3 0x80003320 (0x00001397) x7  0x80004320
core   0: 0x80003324 (0xce13a023) sw      ra, -800(t2)
core   0: 3 0x80003324 (0xce13a023) mem 0x80004000 0x00000001
core   0: 0x80003328 (0xff9ff06f) j       pc - 0x8
core   0: 3 0x80003328 (0xff9ff06f)
core   0: 0x80003320 (0x00001397) auipc   t2, 0x1
core   0: 3 0x80003320 (0x00001397) x7  0x80004320
core   0: 0x80003324 (0xce13a023) sw      ra, -800(t2)
core   0: 3 0x80003324 (0xce13a023) mem 0x80004000 0x00000001
core   0: 0x80003328 (0xff9ff06f) j       pc - 0x8
core   0: 3 0x80003328 (0xff9ff06f)
core   0: 0x80003320 (0x00001397) auipc   t2, 0x1
core   0: 3 0x80003320 (0x00001397) x7  0x80004320
core   0: 0x80003324 (0xce13a023) sw      ra, -800(t2)
core   0: 3 0x80003324 (0xce13a023) mem 0x80004000 0x00000001
core   0: 0x80003328 (0xff9ff06f) j       pc - 0x8
core   0: 3 0x80003328 (0xff9ff06f)
core   0: 0x80003320 (0x00001397) auipc   t2, 0x1
core   0: 3 0x80003320 (0x00001397) x7  0x80004320
core   0: 0x80003324 (0xce13a023) sw      ra, -800(t2)
core   0: 3 0x80003324 (0xce13a023) mem 0x80004000 0x00000001
core   0: 0x80003328 (0xff9ff06f) j       pc - 0x8
core   0: 3 0x80003328 (0xff9ff06f)
core   0: 0x80003320 (0x00001397) auipc   t2, 0x1
core   0: 3 0x80003320 (0x00001397) x7  0x80004320
core   0: 0x80003324 (0xce13a023) sw      ra, -800(t2)
core   0: 3 0x80003324 (0xce13a023) mem 0x80004000 0x00000001
core   0: 0x80003328 (0xff9ff06f) j       pc - 0x8
core   0: 3 0x80003328 (0xff9ff06f)
core   0: 0x80003320 (0x00001397) auipc   t2, 0x1
core   0: 3 0x80003320 (0x00001397) x7  0x80004320
core   0: 0x80003324 (0xce13a023) sw      ra, -800(t2)
core   0: 3 0x80003324 (0xce13a023) mem 0x80004000 0x00000001
core   0: 0x80003328 (0xff9ff06f) j       pc - 0x8
core   0: 3 0x80003328 (0xff9ff06f)
core   0: 0x80003320 (0x00001397) auipc   t2, 0x1
core   0: 3 0x80003320 (0x00001397) x7  0x80004320
core   0: 0x80003324 (0xce13a023) sw      ra, -800(t2)
core   0: 3 0x80003324 (0xce13a023) mem 0x80004000 0x00000001
core   0: 0x80003328 (0xff9ff06f) j       pc - 0x8
core   0: 3 0x80003328 (0xff9ff06f)
core   0: 0x80003320 (0x00001397) auipc   t2, 0x1
core   0: 3 0x80003320 (0x00001397) x7  0x80004320
core   0: 0x80003324 (0xce13a023) sw      ra, -800(t2)
core   0: 3 0x80003324 (0xce13a023) mem 0x80004000 0x00000001
core   0: 0x80003328 (0xff9ff06f) j       pc - 0x8
core   0: 3 0x80003328 (0xff9ff06f)
core   0: 0x80003320 (0x00001397) auipc   t2, 0x1
core   0: 3 0x80003320 (0x00001397) x7  0x80004320
core   0: 0x80003324 (0xce13a023) sw      ra, -800(t2)
core   0: 3 0x80003324 (0xce13a023) mem 0x80004000 0x00000001
core   0: 0x80003328 (0xff9ff06f) j       pc - 0x8
core   0: 3 0x80003328 (0xff9ff06f)
core   0: 0x80003320 (0x00001397) auipc   t2, 0x1
core   0: 3 0x80003320 (0x00001397) x7  0x80004320
core   0: 0x80003324 (0xce13a023) sw      ra, -800(t2)
core   0: 3 0x80003324 (0xce13a023) mem 0x80004000 0x00000001
core   0: 0x80003328 (0xff9ff06f) j       pc - 0x8
core   0: 3 0x80003328 (0xff9ff06f)
core   0: 0x80003320 (0x00001397) auipc   t2, 0x1
core   0: 3 0x80003320 (0x00001397) x7  0x80004320
core   0: 0x80003324 (0xce13a023) sw      ra, -800(t2)
core   0: 3 0x80003324 (0xce13a023) mem 0x80004000 0x00000001
core   0: 0x80003328 (0xff9ff06f) j       pc - 0x8
core   0: 3 0x80003328 (0xff9ff06f)
core   0: 0x80003320 (0x00001397) auipc   t2, 0x1
core   0: 3 0x80003320 (0x00001397) x7  0x80004320
core   0: 0x80003324 (0xce13a023) sw      ra, -800(t2)
core   0: 3 0x80003324 (0xce13a023) mem 0x80004000 0x00000001
core   0: 0x80003328 (0xff9ff06f) j       pc - 0x8
core   0: 3 0x80003328 (0xff9ff06f)
core   0: 0x80003320 (0x00001397) auipc   t2, 0x1
core   0: 3 0x80003320 (0x00001397) x7  0x80004320
core   0: 0x80003324 (0xce13a023) sw      ra, -800(t2)
core   0: 3 0x80003324 (0xce13a023) mem 0x80004000 0x00000001
core   0: 0x80003328 (0xff9ff06f) j       pc - 0x8
core   0: 3 0x80003328 (0xff9ff06f)
core   0: 0x80003320 (0x00001397) auipc   t2, 0x1
core   0: 3 0x80003320 (0x00001397) x7  0x80004320
core   0: 0x80003324 (0xce13a023) sw      ra, -800(t2)
core   0: 3 0x80003324 (0xce13a023) mem 0x80004000 0x00000001
core   0: 0x80003328 (0xff9ff06f) j       pc - 0x8
core   0: 3 0x80003328 (0xff9ff06f)
core   0: 0x80003320 (0x00001397) auipc   t2, 0x1
core   0: 3 0x80003320 (0x00001397) x7  0x80004320
core   0: 0x80003324 (0xce13a023) sw      ra, -800(t2)
core   0: 3 0x80003324 (0xce13a023) mem 0x80004000 0x00000001
core   0: 0x80003328 (0xff9ff06f) j       pc - 0x8
core   0: 3 0x80003328 (0xff9ff06f)
core   0: 0x80003320 (0x00001397) auipc   t2, 0x1
core   0: 3 0x80003320 (0x00001397) x7  0x80004320
core   0: 0x80003324 (0xce13a023) sw      ra, -800(t2)
core   0: 3 0x80003324 (0xce13a023) mem 0x80004000 0x00000001
core   0: 0x80003328 (0xff9ff06f) j       pc - 0x8
core   0: 3 0x80003328 (0xff9ff06f)
core   0: 0x80003320 (0x00001397) auipc   t2, 0x1
core   0: 3 0x80003320 (0x00001397) x7  0x80004320
core   0: 0x80003324 (0xce13a023) sw      ra, -800(t2)
core   0: 3 0x80003324 (0xce13a023) mem 0x80004000 0x00000001
core   0: 0x80003328 (0xff9ff06f) j       pc - 0x8
core   0: 3 0x80003328 (0xff9ff06f)
core   0: 0x80003320 (0x00001397) auipc   t2, 0x1
core   0: 3 0x80003320 (0x00001397) x7  0x80004320
core   0: 0x80003324 (0xce13a023) sw      ra, -800(t2)
core   0: 3 0x80003324 (0xce13a023) mem 0x80004000 0x00000001
core   0: 0x80003328 (0xff9ff06f) j       pc - 0x8
core   0: 3 0x80003328 (0xff9ff06f)
core   0: 0x80003320 (0x00001397) auipc   t2, 0x1
core   0: 3 0x80003320 (0x00001397) x7  0x80004320
core   0: 0x80003324 (0xce13a023) sw      ra, -800(t2)
core   0: 3 0x80003324 (0xce13a023) mem 0x80004000 0x00000001
core   0: 0x80003328 (0xff9ff06f) j       pc - 0x8
core   0: 3 0x80003328 (0xff9ff06f)
core   0: 0x80003320 (0x00001397) auipc   t2, 0x1
core   0: 3 0x80003320 (0x00001397) x7  0x80004320
core   0: 0x80003324 (0xce13a023) sw      ra, -800(t2)
core   0: 3 0x80003324 (0xce13a023) mem 0x80004000 0x00000001
core   0: 0x80003328 (0xff9ff06f) j       pc - 0x8
core   0: 3 0x80003328 (0xff9ff06f)
core   0: 0x80003320 (0x00001397) auipc   t2, 0x1
core   0: 3 0x80003320 (0x00001397) x7  0x80004320
core   0: 0x80003324 (0xce13a023) sw      ra, -800(t2)
core   0: 3 0x80003324 (0xce13a023) mem 0x80004000 0x00000001
core   0: 0x80003328 (0xff9ff06f) j       pc - 0x8
core   0: 3 0x80003328 (0xff9ff06f)
core   0: 0x80003320 (0x00001397) auipc   t2, 0x1
core   0: 3 0x80003320 (0x00001397) x7  0x80004320
core   0: 0x80003324 (0xce13a023) sw      ra, -800(t2)
core   0: 3 0x80003324 (0xce13a023) mem 0x80004000 0x00000001
core   0: 0x80003328 (0xff9ff06f) j       pc - 0x8
core   0: 3 0x80003328 (0xff9ff06f)
core   0: 0x80003320 (0x00001397) auipc   t2, 0x1
core   0: 3 0x80003320 (0x00001397) x7  0x80004320
core   0: 0x80003324 (0xce13a023) sw      ra, -800(t2)
core   0: 3 0x80003324 (0xce13a023) mem 0x80004000 0x00000001
core   0: 0x80003328 (0xff9ff06f) j       pc - 0x8
core   0: 3 0x80003328 (0xff9ff06f)
core   0: 0x80003320 (0x00001397) auipc   t2, 0x1
core   0: 3 0x80003320 (0x00001397) x7  0x80004320
core   0: 0x80003324 (0xce13a023) sw      ra, -800(t2)
core   0: 3 0x80003324 (0xce13a023) mem 0x80004000 0x00000001
core   0: 0x80003328 (0xff9ff06f) j       pc - 0x8
core   0: 3 0x80003328 (0xff9ff06f)
core   0: 0x80003320 (0x00001397) auipc   t2, 0x1
core   0: 3 0x80003320 (0x00001397) x7  0x80004320
core   0: 0x80003324 (0xce13a023) sw      ra, -800(t2)
core   0: 3 0x80003324 (0xce13a023) mem 0x80004000 0x00000001
core   0: 0x80003328 (0xff9ff06f) j       pc - 0x8
core   0: 3 0x80003328 (0xff9ff06f)
core   0: 0x80003320 (0x00001397) auipc   t2, 0x1
core   0: 3 0x80003320 (0x00001397) x7  0x80004320
core   0: 0x80003324 (0xce13a023) sw      ra, -800(t2)
core   0: 3 0x80003324 (0xce13a023) mem 0x80004000 0x00000001
core   0: 0x80003328 (0xff9ff06f) j       pc - 0x8
core   0: 3 0x80003328 (0xff9ff06f)
core   0: 0x80003320 (0x00001397) auipc   t2, 0x1
core   0: 3 0x80003320 (0x00001397) x7  0x80004320
core   0: 0x80003324 (0xce13a023) sw      ra, -800(t2)
core   0: 3 0x80003324 (0xce13a023) mem 0x80004000 0x00000001
core   0: 0x80003328 (0xff9ff06f) j       pc - 0x8
core   0: 3 0x80003328 (0xff9ff06f)
core   0: 0x80003320 (0x00001397) auipc   t2, 0x1
core   0: 3 0x80003320 (0x00001397) x7  0x80004320
core   0: 0x80003324 (0xce13a023) sw      ra, -800(t2)
core   0: 3 0x80003324 (0xce13a023) mem 0x80004000 0x00000001
core   0: 0x80003328 (0xff9ff06f) j       pc - 0x8
core   0: 3 0x80003328 (0xff9ff06f)
core   0: 0x80003320 (0x00001397) auipc   t2, 0x1
core   0: 3 0x80003320 (0x00001397) x7  0x80004320
core   0: 0x80003324 (0xce13a023) sw      ra, -800(t2)
core   0: 3 0x80003324 (0xce13a023) mem 0x80004000 0x00000001
core   0: 0x80003328 (0xff9ff06f) j       pc - 0x8
core   0: 3 0x80003328 (0xff9ff06f)
core   0: 0x80003320 (0x00001397) auipc   t2, 0x1
core   0: 3 0x80003320 (0x00001397) x7  0x80004320
core   0: 0x80003324 (0xce13a023) sw      ra, -800(t2)
core   0: 3 0x80003324 (0xce13a023) mem 0x80004000 0x00000001
core   0: 0x80003328 (0xff9ff06f) j       pc - 0x8
core   0: 3 0x80003328 (0xff9ff06f)
core   0: 0x80003320 (0x00001397) auipc   t2, 0x1
core   0: 3 0x80003320 (0x00001397) x7  0x80004320
core   0: 0x80003324 (0xce13a023) sw      ra, -800(t2)
core   0: 3 0x80003324 (0xce13a023) mem 0x80004000 0x00000001
core   0: 0x80003328 (0xff9ff06f) j       pc - 0x8
core   0: 3 0x80003328 (0xff9ff06f)
core   0: 0x80003320 (0x00001397) auipc   t2, 0x1
core   0: 3 0x80003320 (0x00001397) x7  0x80004320
core   0: 0x80003324 (0xce13a023) sw      ra, -800(t2)
core   0: 3 0x80003324 (0xce13a023) mem 0x80004000 0x00000001
core   0: 0x80003328 (0xff9ff06f) j       pc - 0x8
core   0: 3 0x80003328 (0xff9ff06f)
core   0: 0x80003320 (0x00001397) auipc   t2, 0x1
core   0: 3 0x80003320 (0x00001397) x7  0x80004320
core   0: 0x80003324 (0xce13a023) sw      ra, -800(t2)
core   0: 3 0x80003324 (0xce13a023) mem 0x80004000 0x00000001
core   0: 0x80003328 (0xff9ff06f) j       pc - 0x8
core   0: 3 0x80003328 (0xff9ff06f)
core   0: 0x80003320 (0x00001397) auipc   t2, 0x1
core   0: 3 0x80003320 (0x00001397) x7  0x80004320
core   0: 0x80003324 (0xce13a023) sw      ra, -800(t2)
core   0: 3 0x80003324 (0xce13a023) mem 0x80004000 0x00000001
core   0: 0x80003328 (0xff9ff06f) j       pc - 0x8
core   0: 3 0x80003328 (0xff9ff06f)
core   0: 0x80003320 (0x00001397) auipc   t2, 0x1
core   0: 3 0x80003320 (0x00001397) x7  0x80004320
core   0: 0x80003324 (0xce13a023) sw      ra, -800(t2)
core   0: 3 0x80003324 (0xce13a023) mem 0x80004000 0x00000001
core   0: 0x80003328 (0xff9ff06f) j       pc - 0x8
core   0: 3 0x80003328 (0xff9ff06f)
core   0: 0x80003320 (0x00001397) auipc   t2, 0x1
core   0: 3 0x80003320 (0x00001397) x7  0x80004320
core   0: 0x80003324 (0xce13a023) sw      ra, -800(t2)
core   0: 3 0x80003324 (0xce13a023) mem 0x80004000 0x00000001
core   0: 0x80003328 (0xff9ff06f) j       pc - 0x8
core   0: 3 0x80003328 (0xff9ff06f)
core   0: 0x80003320 (0x00001397) auipc   t2, 0x1
core   0: 3 0x80003320 (0x00001397) x7  0x80004320
core   0: 0x80003324 (0xce13a023) sw      ra, -800(t2)
core   0: 3 0x80003324 (0xce13a023) mem 0x80004000 0x00000001
core   0: 0x80003328 (0xff9ff06f) j       pc - 0x8
core   0: 3 0x80003328 (0xff9ff06f)
core   0: 0x80003320 (0x00001397) auipc   t2, 0x1
core   0: 3 0x80003320 (0x00001397) x7  0x80004320
core   0: 0x80003324 (0xce13a023) sw      ra, -800(t2)
core   0: 3 0x80003324 (0xce13a023) mem 0x80004000 0x00000001
core   0: 0x80003328 (0xff9ff06f) j       pc - 0x8
core   0: 3 0x80003328 (0xff9ff06f)
core   0: 0x80003320 (0x00001397) auipc   t2, 0x1
core   0: 3 0x80003320 (0x00001397) x7  0x80004320
core   0: 0x80003324 (0xce13a023) sw      ra, -800(t2)
core   0: 3 0x80003324 (0xce13a023) mem 0x80004000 0x00000001
core   0: 0x80003328 (0xff9ff06f) j       pc - 0x8
core   0: 3 0x80003328 (0xff9ff06f)
core   0: 0x80003320 (0x00001397) auipc   t2, 0x1
core   0: 3 0x80003320 (0x00001397) x7  0x80004320
core   0: 0x80003324 (0xce13a023) sw      ra, -800(t2)
core   0: 3 0x80003324 (0xce13a023) mem 0x80004000 0x00000001
core   0: 0x80003328 (0xff9ff06f) j       pc - 0x8
core   0: 3 0x80003328 (0xff9ff06f)
core   0: 0x80003320 (0x00001397) auipc   t2, 0x1
core   0: 3 0x80003320 (0x00001397) x7  0x80004320
core   0: 0x80003324 (0xce13a023) sw      ra, -800(t2)
core   0: 3 0x80003324 (0xce13a023) mem 0x80004000 0x00000001
core   0: 0x80003328 (0xff9ff06f) j       pc - 0x8
core   0: 3 0x80003328 (0xff9ff06f)
core   0: 0x80003320 (0x00001397) auipc   t2, 0x1
core   0: 3 0x80003320 (0x00001397) x7  0x80004320
core   0: 0x80003324 (0xce13a023) sw      ra, -800(t2)
core   0: 3 0x80003324 (0xce13a023) mem 0x80004000 0x00000001
core   0: 0x80003328 (0xff9ff06f) j       pc - 0x8
core   0: 3 0x80003328 (0xff9ff06f)
core   0: 0x80003320 (0x00001397) auipc   t2, 0x1
core   0: 3 0x80003320 (0x00001397) x7  0x80004320
core   0: 0x80003324 (0xce13a023) sw      ra, -800(t2)
core   0: 3 0x80003324 (0xce13a023) mem 0x80004000 0x00000001
core   0: 0x80003328 (0xff9ff06f) j       pc - 0x8
core   0: 3 0x80003328 (0xff9ff06f)
core   0: 0x80003320 (0x00001397) auipc   t2, 0x1
core   0: 3 0x80003320 (0x00001397) x7  0x80004320
core   0: 0x80003324 (0xce13a023) sw      ra, -800(t2)
core   0: 3 0x80003324 (0xce13a023) mem 0x80004000 0x00000001
core   0: 0x80003328 (0xff9ff06f) j       pc - 0x8
core   0: 3 0x80003328 (0xff9ff06f)
core   0: 0x80003320 (0x00001397) auipc   t2, 0x1
core   0: 3 0x80003320 (0x00001397) x7  0x80004320
core   0: 0x80003324 (0xce13a023) sw      ra, -800(t2)
core   0: 3 0x80003324 (0xce13a023) mem 0x80004000 0x00000001
core   0: 0x80003328 (0xff9ff06f) j       pc - 0x8
core   0: 3 0x80003328 (0xff9ff06f)
core   0: 0x80003320 (0x00001397) auipc   t2, 0x1
core   0: 3 0x80003320 (0x00001397) x7  0x80004320
core   0: 0x80003324 (0xce13a023) sw      ra, -800(t2)
core   0: 3 0x80003324 (0xce13a023) mem 0x80004000 0x00000001
core   0: 0x80003328 (0xff9ff06f) j       pc - 0x8
core   0: 3 0x80003328 (0xff9ff06f)
core   0: 0x80003320 (0x00001397) auipc   t2, 0x1
core   0: 3 0x80003320 (0x00001397) x7  0x80004320
core   0: 0x80003324 (0xce13a023) sw      ra, -800(t2)
core   0: 3 0x80003324 (0xce13a023) mem 0x80004000 0x00000001
core   0: 0x80003328 (0xff9ff06f) j       pc - 0x8
core   0: 3 0x80003328 (0xff9ff06f)
core   0: 0x80003320 (0x00001397) auipc   t2, 0x1
core   0: 3 0x80003320 (0x00001397) x7  0x80004320
core   0: 0x80003324 (0xce13a023) sw      ra, -800(t2)
core   0: 3 0x80003324 (0xce13a023) mem 0x80004000 0x00000001
core   0: 0x80003328 (0xff9ff06f) j       pc - 0x8
core   0: 3 0x80003328 (0xff9ff06f)
core   0: 0x80003320 (0x00001397) auipc   t2, 0x1
core   0: 3 0x80003320 (0x00001397) x7  0x80004320
core   0: 0x80003324 (0xce13a023) sw      ra, -800(t2)
core   0: 3 0x80003324 (0xce13a023) mem 0x80004000 0x00000001
core   0: 0x80003328 (0xff9ff06f) j       pc - 0x8
core   0: 3 0x80003328 (0xff9ff06f)
core   0: 0x80003320 (0x00001397) auipc   t2, 0x1
core   0: 3 0x80003320 (0x00001397) x7  0x80004320
core   0: 0x80003324 (0xce13a023) sw      ra, -800(t2)
core   0: 3 0x80003324 (0xce13a023) mem 0x80004000 0x00000001
core   0: 0x80003328 (0xff9ff06f) j       pc - 0x8
core   0: 3 0x80003328 (0xff9ff06f)
core   0: 0x80003320 (0x00001397) auipc   t2, 0x1
core   0: 3 0x80003320 (0x00001397) x7  0x80004320
core   0: 0x80003324 (0xce13a023) sw      ra, -800(t2)
core   0: 3 0x80003324 (0xce13a023) mem 0x80004000 0x00000001
core   0: 0x80003328 (0xff9ff06f) j       pc - 0x8
core   0: 3 0x80003328 (0xff9ff06f)
core   0: 0x80003320 (0x00001397) auipc   t2, 0x1
core   0: 3 0x80003320 (0x00001397) x7  0x80004320
core   0: 0x80003324 (0xce13a023) sw      ra, -800(t2)
core   0: 3 0x80003324 (0xce13a023) mem 0x80004000 0x00000001
core   0: 0x80003328 (0xff9ff06f) j       pc - 0x8
core   0: 3 0x80003328 (0xff9ff06f)
core   0: 0x80003320 (0x00001397) auipc   t2, 0x1
core   0: 3 0x80003320 (0x00001397) x7  0x80004320
core   0: 0x80003324 (0xce13a023) sw      ra, -800(t2)
core   0: 3 0x80003324 (0xce13a023) mem 0x80004000 0x00000001
core   0: 0x80003328 (0xff9ff06f) j       pc - 0x8
core   0: 3 0x80003328 (0xff9ff06f)
core   0: 0x80003320 (0x00001397) auipc   t2, 0x1
core   0: 3 0x80003320 (0x00001397) x7  0x80004320
core   0: 0x80003324 (0xce13a023) sw      ra, -800(t2)
core   0: 3 0x80003324 (0xce13a023) mem 0x80004000 0x00000001
core   0: 0x80003328 (0xff9ff06f) j       pc - 0x8
core   0: 3 0x80003328 (0xff9ff06f)
core   0: 0x80003320 (0x00001397) auipc   t2, 0x1
core   0: 3 0x80003320 (0x00001397) x7  0x80004320
core   0: 0x80003324 (0xce13a023) sw      ra, -800(t2)
core   0: 3 0x80003324 (0xce13a023) mem 0x80004000 0x00000001
core   0: 0x80003328 (0xff9ff06f) j       pc - 0x8
core   0: 3 0x80003328 (0xff9ff06f)
core   0: 0x80003320 (0x00001397) auipc   t2, 0x1
core   0: 3 0x80003320 (0x00001397) x7  0x80004320
core   0: 0x80003324 (0xce13a023) sw      ra, -800(t2)
core   0: 3 0x80003324 (0xce13a023) mem 0x80004000 0x00000001
core   0: 0x80003328 (0xff9ff06f) j       pc - 0x8
core   0: 3 0x80003328 (0xff9ff06f)
core   0: 0x80003320 (0x00001397) auipc   t2, 0x1
core   0: 3 0x80003320 (0x00001397) x7  0x80004320
core   0: 0x80003324 (0xce13a023) sw      ra, -800(t2)
core   0: 3 0x80003324 (0xce13a023) mem 0x80004000 0x00000001
core   0: 0x80003328 (0xff9ff06f) j       pc - 0x8
core   0: 3 0x80003328 (0xff9ff06f)
core   0: 0x80003320 (0x00001397) auipc   t2, 0x1
core   0: 3 0x80003320 (0x00001397) x7  0x80004320
core   0: 0x80003324 (0xce13a023) sw      ra, -800(t2)
core   0: 3 0x80003324 (0xce13a023) mem 0x80004000 0x00000001
core   0: 0x80003328 (0xff9ff06f) j       pc - 0x8
core   0: 3 0x80003328 (0xff9ff06f)
core   0: 0x80003320 (0x00001397) auipc   t2, 0x1
core   0: 3 0x80003320 (0x00001397) x7  0x80004320
core   0: 0x80003324 (0xce13a023) sw      ra, -800(t2)
core   0: 3 0x80003324 (0xce13a023) mem 0x80004000 0x00000001
core   0: 0x80003328 (0xff9ff06f) j       pc - 0x8
core   0: 3 0x80003328 (0xff9ff06f)
core   0: 0x80003320 (0x00001397) auipc   t2, 0x1
core   0: 3 0x80003320 (0x00001397) x7  0x80004320
core   0: 0x80003324 (0xce13a023) sw      ra, -800(t2)
core   0: 3 0x80003324 (0xce13a023) mem 0x80004000 0x00000001
core   0: 0x80003328 (0xff9ff06f) j       pc - 0x8
core   0: 3 0x80003328 (0xff9ff06f)
core   0: 0x80003320 (0x00001397) auipc   t2, 0x1
core   0: 3 0x80003320 (0x00001397) x7  0x80004320
core   0: 0x80003324 (0xce13a023) sw      ra, -800(t2)
core   0: 3 0x80003324 (0xce13a023) mem 0x80004000 0x00000001
core   0: 0x80003328 (0xff9ff06f) j       pc - 0x8
core   0: 3 0x80003328 (0xff9ff06f)
core   0: 0x80003320 (0x00001397) auipc   t2, 0x1
core   0: 3 0x80003320 (0x00001397) x7  0x80004320
core   0: 0x80003324 (0xce13a023) sw      ra, -800(t2)
core   0: 3 0x80003324 (0xce13a023) mem 0x80004000 0x00000001
core   0: 0x80003328 (0xff9ff06f) j       pc - 0x8
core   0: 3 0x80003328 (0xff9ff06f)
core   0: 0x80003320 (0x00001397) auipc   t2, 0x1
core   0: 3 0x80003320 (0x00001397) x7  0x80004320
core   0: 0x80003324 (0xce13a023) sw      ra, -800(t2)
core   0: 3 0x80003324 (0xce13a023) mem 0x80004000 0x00000001
core   0: 0x80003328 (0xff9ff06f) j       pc - 0x8
core   0: 3 0x80003328 (0xff9ff06f)
core   0: 0x80003320 (0x00001397) auipc   t2, 0x1
core   0: 3 0x80003320 (0x00001397) x7  0x80004320
core   0: 0x80003324 (0xce13a023) sw      ra, -800(t2)
core   0: 3 0x80003324 (0xce13a023) mem 0x80004000 0x00000001
core   0: 0x80003328 (0xff9ff06f) j       pc - 0x8
core   0: 3 0x80003328 (0xff9ff06f)
core   0: 0x80003320 (0x00001397) auipc   t2, 0x1
core   0: 3 0x80003320 (0x00001397) x7  0x80004320
core   0: 0x80003324 (0xce13a023) sw      ra, -800(t2)
core   0: 3 0x80003324 (0xce13a023) mem 0x80004000 0x00000001
core   0: 0x80003328 (0xff9ff06f) j       pc - 0x8
core   0: 3 0x80003328 (0xff9ff06f)
core   0: 0x80003320 (0x00001397) auipc   t2, 0x1
core   0: 3 0x80003320 (0x00001397) x7  0x80004320
core   0: 0x80003324 (0xce13a023) sw      ra, -800(t2)
core   0: 3 0x80003324 (0xce13a023) mem 0x80004000 0x00000001
core   0: 0x80003328 (0xff9ff06f) j       pc - 0x8
core   0: 3 0x80003328 (0xff9ff06f)
core   0: 0x80003320 (0x00001397) auipc   t2, 0x1
core   0: 3 0x80003320 (0x00001397) x7  0x80004320
core   0: 0x80003324 (0xce13a023) sw      ra, -800(t2)
core   0: 3 0x80003324 (0xce13a023) mem 0x80004000 0x00000001
core   0: 0x80003328 (0xff9ff06f) j       pc - 0x8
core   0: 3 0x80003328 (0xff9ff06f)
core   0: 0x80003320 (0x00001397) auipc   t2, 0x1
core   0: 3 0x80003320 (0x00001397) x7  0x80004320
core   0: 0x80003324 (0xce13a023) sw      ra, -800(t2)
core   0: 3 0x80003324 (0xce13a023) mem 0x80004000 0x00000001
core   0: 0x80003328 (0xff9ff06f) j       pc - 0x8
core   0: 3 0x80003328 (0xff9ff06f)
core   0: 0x80003320 (0x00001397) auipc   t2, 0x1
core   0: 3 0x80003320 (0x00001397) x7  0x80004320
core   0: 0x80003324 (0xce13a023) sw      ra, -800(t2)
core   0: 3 0x80003324 (0xce13a023) mem 0x80004000 0x00000001
