core   0: 0x0000000000001000 (0x00000297) auipc   t0, 0x0
core   0: 3 0x0000000000001000 (0x00000297) x5  0x0000000000001000
core   0: 0x0000000000001004 (0x02028593) addi    a1, t0, 32
core   0: 3 0x0000000000001004 (0x02028593) x11 0x0000000000001020
core   0: 0x0000000000001008 (0xf1402573) csrr    a0, mhartid
core   0: 3 0x0000000000001008 (0xf1402573) x10 0x0000000000000000
core   0: 0x000000000000100c (0x0182b283) ld      t0, 24(t0)
core   0: 3 0x000000000000100c (0x0182b283) x5  0x0000000080000000 mem 0x0000000000001018
core   0: 0x0000000000001010 (0x00028067) jr      t0
core   0: 3 0x0000000000001010 (0x00028067)
core   0: >>>>  $xrv64i2p1_f2p2_c2p0_zicsr2p0_zfh1p0_zfhmin1p0
core   0: 0x0000000080000000 (0x7d5c0837) lui     a6, 0x7d5c0
core   0: 3 0x0000000080000000 (0x7d5c0837) x16 0x000000007d5c0000
core   0: 0x0000000080000004 (0xddb80813) addi    a6, a6, -549
core   0: 3 0x0000000080000004 (0xddb80813) x16 0x000000007d5bfddb
core   0: 0x0000000080000008 (0x00b81813) slli    a6, a6, 11
core   0: 3 0x0000000080000008 (0x00b81813) x16 0x000003eadfeed800
core   0: 0x000000008000000c (0x3ea80813) addi    a6, a6, 1002
core   0: 3 0x000000008000000c (0x3ea80813) x16 0x000003eadfeedbea
core   0: 0x0000000080000010 (0x00b81813) slli    a6, a6, 11
core   0: 3 0x0000000080000010 (0x00b81813) x16 0x001f56ff76df5000
core   0: 0x0000000080000014 (0x6ff80813) addi    a6, a6, 1791
core   0: 3 0x0000000080000014 (0x6ff80813) x16 0x001f56ff76df56ff
core   0: 0x0000000080000018 (0x00a81813) slli    a6, a6, 10
core   0: 3 0x0000000080000018 (0x00a81813) x16 0x7d5bfddb7d5bfc00
core   0: 0x000000008000001c (0x1db80813) addi    a6, a6, 475
core   0: 3 0x000000008000001c (0x1db80813) x16 0x7d5bfddb7d5bfddb
core   0: 0x0000000080000020 (0x00785893) srli    a7, a6, 7
core   0: 3 0x0000000080000020 (0x00785893) x17 0x00fab7fbb6fab7fb
core   0: 0x0000000080000024 (0x03985793) srli    a5, a6, 57
core   0: 3 0x0000000080000024 (0x03985793) x15 0x000000000000003e
core   0: 0x0000000080000028 (0x00f8e8b3) or      a7, a7, a5
core   0: 3 0x0000000080000028 (0x00f8e8b3) x17 0x00fab7fbb6fab7ff
core   0: 0x000000008000002c (0x0078d913) srli    s2, a7, 7
core   0: 3 0x000000008000002c (0x0078d913) x18 0x0001f56ff76df56f
core   0: 0x0000000080000030 (0x0398d793) srli    a5, a7, 57
core   0: 3 0x0000000080000030 (0x0398d793) x15 0x0000000000000000
core   0: 0x0000000080000034 (0x00f96933) or      s2, s2, a5
core   0: 3 0x0000000080000034 (0x00f96933) x18 0x0001f56ff76df56f
core   0: 0x0000000080000038 (0x00795993) srli    s3, s2, 7
core   0: 3 0x0000000080000038 (0x00795993) x19 0x000003eadfeedbea
core   0: 0x000000008000003c (0x03995793) srli    a5, s2, 57
core   0: 3 0x000000008000003c (0x03995793) x15 0x0000000000000000
core   0: 0x0000000080000040 (0x00f9e9b3) or      s3, s3, a5
core   0: 3 0x0000000080000040 (0x00f9e9b3) x19 0x000003eadfeedbea
core   0: 0x0000000080000044 (0x0079da13) srli    s4, s3, 7
core   0: 3 0x0000000080000044 (0x0079da13) x20 0x00000007d5bfddb7
core   0: 0x0000000080000048 (0x0399d793) srli    a5, s3, 57
core   0: 3 0x0000000080000048 (0x0399d793) x15 0x0000000000000000
core   0: 0x000000008000004c (0x00fa6a33) or      s4, s4, a5
core   0: 3 0x000000008000004c (0x00fa6a33) x20 0x00000007d5bfddb7
core   0: 0x0000000080000050 (0x007a5a93) srli    s5, s4, 7
core   0: 3 0x0000000080000050 (0x007a5a93) x21 0x000000000fab7fbb
core   0: 0x0000000080000054 (0x039a5793) srli    a5, s4, 57
core   0: 3 0x0000000080000054 (0x039a5793) x15 0x0000000000000000
core   0: 0x0000000080000058 (0x00faeab3) or      s5, s5, a5
core   0: 3 0x0000000080000058 (0x00faeab3) x21 0x000000000fab7fbb
core   0: 0x000000008000005c (0x007adb13) srli    s6, s5, 7
core   0: 3 0x000000008000005c (0x007adb13) x22 0x00000000001f56ff
core   0: 0x0000000080000060 (0x039ad793) srli    a5, s5, 57
core   0: 3 0x0000000080000060 (0x039ad793) x15 0x0000000000000000
core   0: 0x0000000080000064 (0x00fb6b33) or      s6, s6, a5
core   0: 3 0x0000000080000064 (0x00fb6b33) x22 0x00000000001f56ff
core   0: 0x0000000080000068 (0x007b5b93) srli    s7, s6, 7
core   0: 3 0x0000000080000068 (0x007b5b93) x23 0x0000000000003ead
core   0: 0x000000008000006c (0x039b5793) srli    a5, s6, 57
core   0: 3 0x000000008000006c (0x039b5793) x15 0x0000000000000000
core   0: 0x0000000080000070 (0x00fbebb3) or      s7, s7, a5
core   0: 3 0x0000000080000070 (0x00fbebb3) x23 0x0000000000003ead
core   0: 0x0000000080000074 (0x007bdc13) srli    s8, s7, 7
core   0: 3 0x0000000080000074 (0x007bdc13) x24 0x000000000000007d
core   0: 0x0000000080000078 (0x039bd793) srli    a5, s7, 57
core   0: 3 0x0000000080000078 (0x039bd793) x15 0x0000000000000000
core   0: 0x000000008000007c (0x00fc6c33) or      s8, s8, a5
core   0: 3 0x000000008000007c (0x00fc6c33) x24 0x000000000000007d
core   0: 0x0000000080000080 (0x007c5c93) srli    s9, s8, 7
core   0: 3 0x0000000080000080 (0x007c5c93) x25 0x0000000000000000
core   0: 0x0000000080000084 (0x039c5793) srli    a5, s8, 57
core   0: 3 0x0000000080000084 (0x039c5793) x15 0x0000000000000000
core   0: 0x0000000080000088 (0x00fcecb3) or      s9, s9, a5
core   0: 3 0x0000000080000088 (0x00fcecb3) x25 0x0000000000000000
core   0: 0x000000008000008c (0x007cdd13) srli    s10, s9, 7
core   0: 3 0x000000008000008c (0x007cdd13) x26 0x0000000000000000
core   0: 0x0000000080000090 (0x039cd793) srli    a5, s9, 57
core   0: 3 0x0000000080000090 (0x039cd793) x15 0x0000000000000000
core   0: 0x0000000080000094 (0x00fd6d33) or      s10, s10, a5
core   0: 3 0x0000000080000094 (0x00fd6d33) x26 0x0000000000000000
core   0: 0x0000000080000098 (0x007d5d93) srli    s11, s10, 7
core   0: 3 0x0000000080000098 (0x007d5d93) x27 0x0000000000000000
core   0: 0x000000008000009c (0x039d5793) srli    a5, s10, 57
core   0: 3 0x000000008000009c (0x039d5793) x15 0x0000000000000000
core   0: 0x00000000800000a0 (0x00fdedb3) or      s11, s11, a5
core   0: 3 0x00000000800000a0 (0x00fdedb3) x27 0x0000000000000000
core   0: 0x00000000800000a4 (0x007dde13) srli    t3, s11, 7
core   0: 3 0x00000000800000a4 (0x007dde13) x28 0x0000000000000000
core   0: 0x00000000800000a8 (0x039dd793) srli    a5, s11, 57
core   0: 3 0x00000000800000a8 (0x039dd793) x15 0x0000000000000000
core   0: 0x00000000800000ac (0x00fe6e33) or      t3, t3, a5
core   0: 3 0x00000000800000ac (0x00fe6e33) x28 0x0000000000000000
core   0: 0x00000000800000b0 (0x007e5e93) srli    t4, t3, 7
core   0: 3 0x00000000800000b0 (0x007e5e93) x29 0x0000000000000000
core   0: 0x00000000800000b4 (0x039e5793) srli    a5, t3, 57
core   0: 3 0x00000000800000b4 (0x039e5793) x15 0x0000000000000000
core   0: 0x00000000800000b8 (0x00feeeb3) or      t4, t4, a5
core   0: 3 0x00000000800000b8 (0x00feeeb3) x29 0x0000000000000000
core   0: 0x00000000800000bc (0x007edf13) srli    t5, t4, 7
core   0: 3 0x00000000800000bc (0x007edf13) x30 0x0000000000000000
core   0: 0x00000000800000c0 (0x039ed793) srli    a5, t4, 57
core   0: 3 0x00000000800000c0 (0x039ed793) x15 0x0000000000000000
core   0: 0x00000000800000c4 (0x00ff6f33) or      t5, t5, a5
core   0: 3 0x00000000800000c4 (0x00ff6f33) x30 0x0000000000000000
core   0: 0x00000000800000c8 (0xfeedc0b7) lui     ra, 0xfeedc
core   0: 3 0x00000000800000c8 (0xfeedc0b7) x1  0xfffffffffeedc000
core   0: 0x00000000800000cc (0xead08093) addi    ra, ra, -339
core   0: 3 0x00000000800000cc (0xead08093) x1  0xfffffffffeedbead
core   0: 0x00000000800000d0 (0x00b09093) slli    ra, ra, 11
core   0: 3 0x00000000800000d0 (0x00b09093) x1  0xfffffff76df56800
core   0: 0x00000000800000d4 (0x7f708093) addi    ra, ra, 2039
core   0: 3 0x00000000800000d4 (0x7f708093) x1  0xfffffff76df56ff7
core   0: 0x00000000800000d8 (0x00b09093) slli    ra, ra, 11
core   0: 3 0x00000000800000d8 (0x00b09093) x1  0xffffbb6fab7fb800
core   0: 0x00000000800000dc (0x36f08093) addi    ra, ra, 879
core   0: 3 0x00000000800000dc (0x36f08093) x1  0xffffbb6fab7fbb6f
core   0: 0x00000000800000e0 (0x00a09093) slli    ra, ra, 10
core   0: 3 0x00000000800000e0 (0x00a09093) x1  0xfeedbeadfeedbc00
core   0: 0x00000000800000e4 (0x2ad08093) addi    ra, ra, 685
core   0: 3 0x00000000800000e4 (0x2ad08093) x1  0xfeedbeadfeedbead
core   0: 0x00000000800000e8 (0x0070d113) srli    sp, ra, 7
core   0: 3 0x00000000800000e8 (0x0070d113) x2  0x01fddb7d5bfddb7d
core   0: 0x00000000800000ec (0x0390d793) srli    a5, ra, 57
core   0: 3 0x00000000800000ec (0x0390d793) x15 0x000000000000007f
core   0: 0x00000000800000f0 (0x00f16133) or      sp, sp, a5
core   0: 3 0x00000000800000f0 (0x00f16133) x2  0x01fddb7d5bfddb7f
core   0: 0x00000000800000f4 (0x00715193) srli    gp, sp, 7
core   0: 3 0x00000000800000f4 (0x00715193) x3  0x0003fbb6fab7fbb6
core   0: 0x00000000800000f8 (0x03915793) srli    a5, sp, 57
core   0: 3 0x00000000800000f8 (0x03915793) x15 0x0000000000000000
core   0: 0x00000000800000fc (0x00f1e1b3) or      gp, gp, a5
core   0: 3 0x00000000800000fc (0x00f1e1b3) x3  0x0003fbb6fab7fbb6
core   0: 0x0000000080000100 (0x0071d213) srli    tp, gp, 7
core   0: 3 0x0000000080000100 (0x0071d213) x4  0x000007f76df56ff7
core   0: 0x0000000080000104 (0x0391d793) srli    a5, gp, 57
core   0: 3 0x0000000080000104 (0x0391d793) x15 0x0000000000000000
core   0: 0x0000000080000108 (0x00f26233) or      tp, tp, a5
core   0: 3 0x0000000080000108 (0x00f26233) x4  0x000007f76df56ff7
core   0: 0x000000008000010c (0x00725293) srli    t0, tp, 7
core   0: 3 0x000000008000010c (0x00725293) x5  0x0000000feedbeadf
core   0: 0x0000000080000110 (0x03925793) srli    a5, tp, 57
core   0: 3 0x0000000080000110 (0x03925793) x15 0x0000000000000000
core   0: 0x0000000080000114 (0x00f2e2b3) or      t0, t0, a5
core   0: 3 0x0000000080000114 (0x00f2e2b3) x5  0x0000000feedbeadf
core   0: 0x0000000080000118 (0x0072d313) srli    t1, t0, 7
core   0: 3 0x0000000080000118 (0x0072d313) x6  0x000000001fddb7d5
core   0: 0x000000008000011c (0x0392d793) srli    a5, t0, 57
core   0: 3 0x000000008000011c (0x0392d793) x15 0x0000000000000000
core   0: 0x0000000080000120 (0x00f36333) or      t1, t1, a5
core   0: 3 0x0000000080000120 (0x00f36333) x6  0x000000001fddb7d5
core   0: 0x0000000080000124 (0x00735393) srli    t2, t1, 7
core   0: 3 0x0000000080000124 (0x00735393) x7  0x00000000003fbb6f
core   0: 0x0000000080000128 (0x03935793) srli    a5, t1, 57
core   0: 3 0x0000000080000128 (0x03935793) x15 0x0000000000000000
core   0: 0x000000008000012c (0x00f3e3b3) or      t2, t2, a5
core   0: 3 0x000000008000012c (0x00f3e3b3) x7  0x00000000003fbb6f
core   0: 0x0000000080000130 (0x0073d413) srli    s0, t2, 7
core   0: 3 0x0000000080000130 (0x0073d413) x8  0x0000000000007f76
core   0: 0x0000000080000134 (0x0393d793) srli    a5, t2, 57
core   0: 3 0x0000000080000134 (0x0393d793) x15 0x0000000000000000
core   0: 0x0000000080000138 (0x00f46433) or      s0, s0, a5
core   0: 3 0x0000000080000138 (0x00f46433) x8  0x0000000000007f76
core   0: 0x000000008000013c (0x00745493) srli    s1, s0, 7
core   0: 3 0x000000008000013c (0x00745493) x9  0x00000000000000fe
core   0: 0x0000000080000140 (0x03945793) srli    a5, s0, 57
core   0: 3 0x0000000080000140 (0x03945793) x15 0x0000000000000000
core   0: 0x0000000080000144 (0x00f4e4b3) or      s1, s1, a5
core   0: 3 0x0000000080000144 (0x00f4e4b3) x9  0x00000000000000fe
core   0: 0x0000000080000148 (0x0074d513) srli    a0, s1, 7
core   0: 3 0x0000000080000148 (0x0074d513) x10 0x0000000000000001
core   0: 0x000000008000014c (0x0394d793) srli    a5, s1, 57
core   0: 3 0x000000008000014c (0x0394d793) x15 0x0000000000000000
core   0: 0x0000000080000150 (0x00f56533) or      a0, a0, a5
core   0: 3 0x0000000080000150 (0x00f56533) x10 0x0000000000000001
core   0: 0x0000000080000154 (0x00755593) srli    a1, a0, 7
core   0: 3 0x0000000080000154 (0x00755593) x11 0x0000000000000000
core   0: 0x0000000080000158 (0x03955793) srli    a5, a0, 57
core   0: 3 0x0000000080000158 (0x03955793) x15 0x0000000000000000
core   0: 0x000000008000015c (0x00f5e5b3) or      a1, a1, a5
core   0: 3 0x000000008000015c (0x00f5e5b3) x11 0x0000000000000000
core   0: 0x0000000080000160 (0x0075d613) srli    a2, a1, 7
core   0: 3 0x0000000080000160 (0x0075d613) x12 0x0000000000000000
core   0: 0x0000000080000164 (0x0395d793) srli    a5, a1, 57
core   0: 3 0x0000000080000164 (0x0395d793) x15 0x0000000000000000
core   0: 0x0000000080000168 (0x00f66633) or      a2, a2, a5
core   0: 3 0x0000000080000168 (0x00f66633) x12 0x0000000000000000
core   0: 0x000000008000016c (0x00765693) srli    a3, a2, 7
core   0: 3 0x000000008000016c (0x00765693) x13 0x0000000000000000
core   0: 0x0000000080000170 (0x03965793) srli    a5, a2, 57
core   0: 3 0x0000000080000170 (0x03965793) x15 0x0000000000000000
core   0: 0x0000000080000174 (0x00f6e6b3) or      a3, a3, a5
core   0: 3 0x0000000080000174 (0x00f6e6b3) x13 0x0000000000000000
core   0: >>>>  rvtest_code_begin
core   0: 0x0000000080000178 (0x00100513) li      a0, 1
core   0: 3 0x0000000080000178 (0x00100513) x10 0x0000000000000001
core   0: 0x000000008000017c (0x00d51513) slli    a0, a0, 13
core   0: 3 0x000000008000017c (0x00d51513) x10 0x0000000000002000
core   0: 0x0000000080000180 (0x30052073) csrs    mstatus, a0
core   0: 3 0x0000000080000180 (0x30052073) c768_mstatus 0x0000000a00002000
core   0: 0x0000000080000184 (0x00305073) csrwi   fcsr, 0
core   0: 3 0x0000000080000184 (0x00305073) c1_fflags 0x0000000000000000 c2_frm 0x0000000000000000 c768_mstatus 0x8000000a00006000
core   0: 0x0000000080000188 (0x00000013) nop
core   0: 3 0x0000000080000188 (0x00000013)
core   0: 0x000000008000018c (0x00000013) nop
core   0: 3 0x000000008000018c (0x00000013)
core   0: 0x0000000080000190 (0x00000013) nop
core   0: 3 0x0000000080000190 (0x00000013)
core   0: 0x0000000080000194 (0x00000013) nop
core   0: 3 0x0000000080000194 (0x00000013)
core   0: 0x0000000080000198 (0x00000013) nop
core   0: 3 0x0000000080000198 (0x00000013)
core   0: 0x000000008000019c (0x00000013) nop
core   0: 3 0x000000008000019c (0x00000013)
core   0: 0x00000000800001a0 (0x00006197) auipc   gp, 0x6
core   0: 3 0x00000000800001a0 (0x00006197) x3  0x00000000800061a0
core   0: 0x00000000800001a4 (0xe7018193) addi    gp, gp, -400
core   0: 3 0x00000000800001a4 (0xe7018193) x3  0x0000000080006010
core   0: 0x00000000800001a8 (0x00000013) nop
core   0: 3 0x00000000800001a8 (0x00000013)
core   0: 0x00000000800001ac (0x00000013) nop
core   0: 3 0x00000000800001ac (0x00000013)
core   0: 0x00000000800001b0 (0x00000013) nop
core   0: 3 0x00000000800001b0 (0x00000013)
core   0: 0x00000000800001b4 (0x00000013) nop
core   0: 3 0x00000000800001b4 (0x00000013)
core   0: 0x00000000800001b8 (0x00000013) nop
core   0: 3 0x00000000800001b8 (0x00000013)
core   0: 0x00000000800001bc (0x00000013) nop
core   0: 3 0x00000000800001bc (0x00000013)
core   0: 0x00000000800001c0 (0x00009097) auipc   ra, 0x9
core   0: 3 0x00000000800001c0 (0x00009097) x1  0x00000000800091c0
core   0: 0x00000000800001c4 (0xf5808093) addi    ra, ra, -168
core   0: 3 0x00000000800001c4 (0xf5808093) x1  0x0000000080009118
core   0: 0x00000000800001c8 (0x00000013) nop
core   0: 3 0x00000000800001c8 (0x00000013)
core   0: 0x00000000800001cc (0x00000013) nop
core   0: 3 0x00000000800001cc (0x00000013)
core   0: 0x00000000800001d0 (0x00000013) nop
core   0: 3 0x00000000800001d0 (0x00000013)
core   0: 0x00000000800001d4 (0x00000013) nop
core   0: 3 0x00000000800001d4 (0x00000013)
core   0: 0x00000000800001d8 (0x00000013) nop
core   0: 3 0x00000000800001d8 (0x00000013)
core   0: 0x00000000800001dc (0x00000013) nop
core   0: 3 0x00000000800001dc (0x00000013)
core   0: >>>>  inst_0
core   0: 0x00000000800001e0 (0x0001af87) flw     ft11, 0(gp)
core   0: 3 0x00000000800001e0 (0x0001af87) f31 0xffffffff704c704c mem 0x0000000080006010
core   0: 0x00000000800001e4 (0x0041af87) flw     ft11, 4(gp)
core   0: 3 0x00000000800001e4 (0x0041af87) f31 0xffffffff00000000 mem 0x0000000080006014
core   0: 0x00000000800001e8 (0x0081af87) flw     ft11, 8(gp)
core   0: 3 0x00000000800001e8 (0x0081af87) f31 0xffffffffffff0000 mem 0x0000000080006018
core   0: 0x00000000800001ec (0x00000113) li      sp, 0
core   0: 3 0x00000000800001ec (0x00000113) x2  0x0000000000000000
core   0: 0x00000000800001f0 (0x00311073) csrw    fcsr, sp
core   0: 3 0x00000000800001f0 (0x00311073) c1_fflags 0x0000000000000000 c2_frm 0x0000000000000000
core   0: 0x00000000800001f4 (0xfdffffcf) fnmadd.h ft11, ft11, ft11, ft11
core   0: 3 0x00000000800001f4 (0xfdffffcf) f31 0xffffffffffff8000
core   0: 0x00000000800001f8 (0x00302273) csrr    tp, fcsr
core   0: 3 0x00000000800001f8 (0x00302273) x4  0x0000000000000000
core   0: 0x00000000800001fc (0x01f0a027) fsw     ft11, 0(ra)
core   0: 3 0x00000000800001fc (0x01f0a027) mem 0x0000000080009118 0xffff8000
core   0: 0x0000000080000200 (0x0040b423) sd      tp, 8(ra)
core   0: 3 0x0000000080000200 (0x0040b423) mem 0x0000000080009120 0x0000000000000000
core   0: >>>>  inst_1
core   0: 0x0000000080000204 (0x00c1ae87) flw     ft9, 12(gp)
core   0: 3 0x0000000080000204 (0x00c1ae87) f29 0xffffffff704c704c mem 0x000000008000601c
core   0: 0x0000000080000208 (0x0101af07) flw     ft10, 16(gp)
core   0: 3 0x0000000080000208 (0x0101af07) f30 0xffffffff00000000 mem 0x0000000080006020
core   0: 0x000000008000020c (0x0141af07) flw     ft10, 20(gp)
core   0: 3 0x000000008000020c (0x0141af07) f30 0xffffffffffff0000 mem 0x0000000080006024
core   0: 0x0000000080000210 (0x00000113) li      sp, 0
core   0: 3 0x0000000080000210 (0x00000113) x2  0x0000000000000000
core   0: 0x0000000080000214 (0x00311073) csrw    fcsr, sp
core   0: 3 0x0000000080000214 (0x00311073) c1_fflags 0x0000000000000000 c2_frm 0x0000000000000000
core   0: 0x0000000080000218 (0xf5eeff4f) fnmadd.h ft10, ft9, ft10, ft10
core   0: 3 0x0000000080000218 (0xf5eeff4f) f30 0xffffffffffff7e00
core   0: 0x000000008000021c (0x00302273) csrr    tp, fcsr
core   0: 3 0x000000008000021c (0x00302273) x4  0x0000000000000000
core   0: 0x0000000080000220 (0x01e0a827) fsw     ft10, 16(ra)
core   0: 3 0x0000000080000220 (0x01e0a827) mem 0x0000000080009128 0xffff7e00
core   0: 0x0000000080000224 (0x0040bc23) sd      tp, 24(ra)
core   0: 3 0x0000000080000224 (0x0040bc23) mem 0x0000000080009130 0x0000000000000000
core   0: >>>>  inst_2
core   0: 0x0000000080000228 (0x0181ae07) flw     ft8, 24(gp)
core   0: 3 0x0000000080000228 (0x0181ae07) f28 0xffffffff704c704c mem 0x0000000080006028
core   0: 0x000000008000022c (0x01c1ae07) flw     ft8, 28(gp)
core   0: 3 0x000000008000022c (0x01c1ae07) f28 0xffffffff00000000 mem 0x000000008000602c
core   0: 0x0000000080000230 (0x0201ad87) flw     fs11, 32(gp)
core   0: 3 0x0000000080000230 (0x0201ad87) f27 0xffffffffffff0000 mem 0x0000000080006030
core   0: 0x0000000080000234 (0x00000113) li      sp, 0
core   0: 3 0x0000000080000234 (0x00000113) x2  0x0000000000000000
core   0: 0x0000000080000238 (0x00311073) csrw    fcsr, sp
core   0: 3 0x0000000080000238 (0x00311073) c1_fflags 0x0000000000000000 c2_frm 0x0000000000000000
core   0: 0x000000008000023c (0xddce7ecf) fnmadd.h ft9, ft8, ft8, fs11
core   0: 3 0x000000008000023c (0xddce7ecf) f29 0xffffffffffff7e00
core   0: 0x0000000080000240 (0x00302273) csrr    tp, fcsr
core   0: 3 0x0000000080000240 (0x00302273) x4  0x0000000000000000
core   0: 0x0000000080000244 (0x03d0a027) fsw     ft9, 32(ra)
core   0: 3 0x0000000080000244 (0x03d0a027) mem 0x0000000080009138 0xffff7e00
core   0: 0x0000000080000248 (0x0240b423) sd      tp, 40(ra)
core   0: 3 0x0000000080000248 (0x0240b423) mem 0x0000000080009140 0x0000000000000000
core   0: >>>>  inst_3
core   0: 0x000000008000024c (0x0241ad87) flw     fs11, 36(gp)
core   0: 3 0x000000008000024c (0x0241ad87) f27 0xffffffff7ac67ac6 mem 0x0000000080006034
core   0: 0x0000000080000250 (0x0281ae87) flw     ft9, 40(gp)
core   0: 3 0x0000000080000250 (0x0281ae87) f29 0xffffffff00000000 mem 0x0000000080006038
core   0: 0x0000000080000254 (0x02c1ae07) flw     ft8, 44(gp)
core   0: 3 0x0000000080000254 (0x02c1ae07) f28 0xffffffffffff0000 mem 0x000000008000603c
core   0: 0x0000000080000258 (0x00000113) li      sp, 0
core   0: 3 0x0000000080000258 (0x00000113) x2  0x0000000000000000
core   0: 0x000000008000025c (0x00311073) csrw    fcsr, sp
core   0: 3 0x000000008000025c (0x00311073) c1_fflags 0x0000000000000000 c2_frm 0x0000000000000000
core   0: 0x0000000080000260 (0xe5ddfdcf) fnmadd.h fs11, fs11, ft9, ft8
core   0: 3 0x0000000080000260 (0xe5ddfdcf) f27 0xffffffffffff7e00
core   0: 0x0000000080000264 (0x00302273) csrr    tp, fcsr
core   0: 3 0x0000000080000264 (0x00302273) x4  0x0000000000000000
core   0: 0x0000000080000268 (0x03b0a827) fsw     fs11, 48(ra)
core   0: 3 0x0000000080000268 (0x03b0a827) mem 0x0000000080009148 0xffff7e00
core   0: 0x000000008000026c (0x0240bc23) sd      tp, 56(ra)
core   0: 3 0x000000008000026c (0x0240bc23) mem 0x0000000080009150 0x0000000000000000
core   0: >>>>  inst_4
core   0: 0x0000000080000270 (0x0301ad07) flw     fs10, 48(gp)
core   0: 3 0x0000000080000270 (0x0301ad07) f26 0xffffffff80008000 mem 0x0000000080006040
core   0: 0x0000000080000274 (0x0341ad87) flw     fs11, 52(gp)
core   0: 3 0x0000000080000274 (0x0341ad87) f27 0xffffffff00000000 mem 0x0000000080006044
core   0: 0x0000000080000278 (0x0381ad07) flw     fs10, 56(gp)
core   0: 3 0x0000000080000278 (0x0381ad07) f26 0xffffffffffff0000 mem 0x0000000080006048
core   0: 0x000000008000027c (0x00000113) li      sp, 0
core   0: 3 0x000000008000027c (0x00000113) x2  0x0000000000000000
core   0: 0x0000000080000280 (0x00311073) csrw    fcsr, sp
core   0: 3 0x0000000080000280 (0x00311073) c1_fflags 0x0000000000000000 c2_frm 0x0000000000000000
core   0: 0x0000000080000284 (0xd5bd7d4f) fnmadd.h fs10, fs10, fs11, fs10
core   0: 3 0x0000000080000284 (0xd5bd7d4f) f26 0xffffffffffff7e00
core   0: 0x0000000080000288 (0x00302273) csrr    tp, fcsr
core   0: 3 0x0000000080000288 (0x00302273) x4  0x0000000000000000
core   0: 0x000000008000028c (0x05a0a027) fsw     fs10, 64(ra)
core   0: 3 0x000000008000028c (0x05a0a027) mem 0x0000000080009158 0xffff7e00
core   0: 0x0000000080000290 (0x0440b423) sd      tp, 72(ra)
core   0: 3 0x0000000080000290 (0x0440b423) mem 0x0000000080009160 0x0000000000000000
core   0: >>>>  inst_5
core   0: 0x0000000080000294 (0x03c1af07) flw     ft10, 60(gp)
core   0: 3 0x0000000080000294 (0x03c1af07) f30 0xffffffff80008000 mem 0x000000008000604c
core   0: 0x0000000080000298 (0x0401ad07) flw     fs10, 64(gp)
core   0: 3 0x0000000080000298 (0x0401ad07) f26 0xffffffff00000000 mem 0x0000000080006050
core   0: 0x000000008000029c (0x0441ac87) flw     fs9, 68(gp)
core   0: 3 0x000000008000029c (0x0441ac87) f25 0xffffffffffff0000 mem 0x0000000080006054
core   0: 0x00000000800002a0 (0x00000113) li      sp, 0
core   0: 3 0x00000000800002a0 (0x00000113) x2  0x0000000000000000
core   0: 0x00000000800002a4 (0x00311073) csrw    fcsr, sp
core   0: 3 0x00000000800002a4 (0x00311073) c1_fflags 0x0000000000000000 c2_frm 0x0000000000000000
core   0: 0x00000000800002a8 (0xcdaf7ccf) fnmadd.h fs9, ft10, fs10, fs9
core   0: 3 0x00000000800002a8 (0xcdaf7ccf) f25 0xffffffffffff7e00
core   0: 0x00000000800002ac (0x00302273) csrr    tp, fcsr
core   0: 3 0x00000000800002ac (0x00302273) x4  0x0000000000000000
core   0: 0x00000000800002b0 (0x0590a827) fsw     fs9, 80(ra)
core   0: 3 0x00000000800002b0 (0x0590a827) mem 0x0000000080009168 0xffff7e00
core   0: 0x00000000800002b4 (0x0440bc23) sd      tp, 88(ra)
core   0: 3 0x00000000800002b4 (0x0440bc23) mem 0x0000000080009170 0x0000000000000000
core   0: >>>>  inst_6
core   0: 0x00000000800002b8 (0x0481ac07) flw     fs8, 72(gp)
core   0: 3 0x00000000800002b8 (0x0481ac07) f24 0xffffffff7a1b7a1b mem 0x0000000080006058
core   0: 0x00000000800002bc (0x04c1ac07) flw     fs8, 76(gp)
core   0: 3 0x00000000800002bc (0x04c1ac07) f24 0xffffffff00000000 mem 0x000000008000605c
core   0: 0x00000000800002c0 (0x0501ac07) flw     fs8, 80(gp)
core   0: 3 0x00000000800002c0 (0x0501ac07) f24 0xffffffffffff0000 mem 0x0000000080006060
core   0: 0x00000000800002c4 (0x00000113) li      sp, 0
core   0: 3 0x00000000800002c4 (0x00000113) x2  0x0000000000000000
core   0: 0x00000000800002c8 (0x00311073) csrw    fcsr, sp
core   0: 3 0x00000000800002c8 (0x00311073) c1_fflags 0x0000000000000000 c2_frm 0x0000000000000000
core   0: 0x00000000800002cc (0xc58c7e4f) fnmadd.h ft8, fs8, fs8, fs8
core   0: 3 0x00000000800002cc (0xc58c7e4f) f28 0xffffffffffff8000
core   0: 0x00000000800002d0 (0x00302273) csrr    tp, fcsr
core   0: 3 0x00000000800002d0 (0x00302273) x4  0x0000000000000000
core   0: 0x00000000800002d4 (0x07c0a027) fsw     ft8, 96(ra)
core   0: 3 0x00000000800002d4 (0x07c0a027) mem 0x0000000080009178 0xffff8000
core   0: 0x00000000800002d8 (0x0640b423) sd      tp, 104(ra)
core   0: 3 0x00000000800002d8 (0x0640b423) mem 0x0000000080009180 0x0000000000000000
core   0: >>>>  inst_7
core   0: 0x00000000800002dc (0x0541ac87) flw     fs9, 84(gp)
core   0: 3 0x00000000800002dc (0x0541ac87) f25 0xffffffff7a1b7a1b mem 0x0000000080006064
core   0: 0x00000000800002e0 (0x0581ab87) flw     fs7, 88(gp)
core   0: 3 0x00000000800002e0 (0x0581ab87) f23 0xffffffff00000000 mem 0x0000000080006068
core   0: 0x00000000800002e4 (0x05c1ab87) flw     fs7, 92(gp)
core   0: 3 0x00000000800002e4 (0x05c1ab87) f23 0xffffffffffff0000 mem 0x000000008000606c
core   0: 0x00000000800002e8 (0x00000113) li      sp, 0
core   0: 3 0x00000000800002e8 (0x00000113) x2  0x0000000000000000
core   0: 0x00000000800002ec (0x00311073) csrw    fcsr, sp
core   0: 3 0x00000000800002ec (0x00311073) c1_fflags 0x0000000000000000 c2_frm 0x0000000000000000
core   0: 0x00000000800002f0 (0xbd7cfc4f) fnmadd.h fs8, fs9, fs7, fs7
core   0: 3 0x00000000800002f0 (0xbd7cfc4f) f24 0xffffffffffff7e00
core   0: 0x00000000800002f4 (0x00302273) csrr    tp, fcsr
core   0: 3 0x00000000800002f4 (0x00302273) x4  0x0000000000000000
core   0: 0x00000000800002f8 (0x0780a827) fsw     fs8, 112(ra)
core   0: 3 0x00000000800002f8 (0x0780a827) mem 0x0000000080009188 0xffff7e00
core   0: 0x00000000800002fc (0x0640bc23) sd      tp, 120(ra)
core   0: 3 0x00000000800002fc (0x0640bc23) mem 0x0000000080009190 0x0000000000000000
core   0: >>>>  inst_8
core   0: 0x0000000080000300 (0x0601ab07) flw     fs6, 96(gp)
core   0: 3 0x0000000080000300 (0x0601ab07) f22 0xfffffffffbfffbff mem 0x0000000080006070
core   0: 0x0000000080000304 (0x0641ac87) flw     fs9, 100(gp)
core   0: 3 0x0000000080000304 (0x0641ac87) f25 0xffffffff00000000 mem 0x0000000080006074
core   0: 0x0000000080000308 (0x0681ab07) flw     fs6, 104(gp)
core   0: 3 0x0000000080000308 (0x0681ab07) f22 0xffffffffffff0000 mem 0x0000000080006078
core   0: 0x000000008000030c (0x00000113) li      sp, 0
core   0: 3 0x000000008000030c (0x00000113) x2  0x0000000000000000
core   0: 0x0000000080000310 (0x00311073) csrw    fcsr, sp
core   0: 3 0x0000000080000310 (0x00311073) c1_fflags 0x0000000000000000 c2_frm 0x0000000000000000
core   0: 0x0000000080000314 (0xb59b7bcf) fnmadd.h fs7, fs6, fs9, fs6
core   0: 3 0x0000000080000314 (0xb59b7bcf) f23 0xffffffffffff7e00
core   0: 0x0000000080000318 (0x00302273) csrr    tp, fcsr
core   0: 3 0x0000000080000318 (0x00302273) x4  0x0000000000000000
core   0: 0x000000008000031c (0x0970a027) fsw     fs7, 128(ra)
core   0: 3 0x000000008000031c (0x0970a027) mem 0x0000000080009198 0xffff7e00
core   0: 0x0000000080000320 (0x0840b423) sd      tp, 136(ra)
core   0: 3 0x0000000080000320 (0x0840b423) mem 0x00000000800091a0 0x0000000000000000
core   0: >>>>  inst_9
core   0: 0x0000000080000324 (0x06c1aa87) flw     fs5, 108(gp)
core   0: 3 0x0000000080000324 (0x06c1aa87) f21 0xffffffff74147414 mem 0x000000008000607c
core   0: 0x0000000080000328 (0x0701aa87) flw     fs5, 112(gp)
core   0: 3 0x0000000080000328 (0x0701aa87) f21 0xffffffff00000000 mem 0x0000000080006080
core   0: 0x000000008000032c (0x0741ae87) flw     ft9, 116(gp)
core   0: 3 0x000000008000032c (0x0741ae87) f29 0xffffffffffff0000 mem 0x0000000080006084
core   0: 0x0000000080000330 (0x00000113) li      sp, 0
core   0: 3 0x0000000080000330 (0x00000113) x2  0x0000000000000000
core   0: 0x0000000080000334 (0x00311073) csrw    fcsr, sp
core   0: 3 0x0000000080000334 (0x00311073) c1_fflags 0x0000000000000000 c2_frm 0x0000000000000000
core   0: 0x0000000080000338 (0xed5afacf) fnmadd.h fs5, fs5, fs5, ft9
core   0: 3 0x0000000080000338 (0xed5afacf) f21 0xffffffffffff7e00
core   0: 0x000000008000033c (0x00302273) csrr    tp, fcsr
core   0: 3 0x000000008000033c (0x00302273) x4  0x0000000000000000
core   0: 0x0000000080000340 (0x0950a827) fsw     fs5, 144(ra)
core   0: 3 0x0000000080000340 (0x0950a827) mem 0x00000000800091a8 0xffff7e00
core   0: 0x0000000080000344 (0x0840bc23) sd      tp, 152(ra)
core   0: 3 0x0000000080000344 (0x0840bc23) mem 0x00000000800091b0 0x0000000000000000
core   0: >>>>  inst_10
core   0: 0x0000000080000348 (0x0781ab87) flw     fs7, 120(gp)
core   0: 3 0x0000000080000348 (0x0781ab87) f23 0xffffffff80008000 mem 0x0000000080006088
core   0: 0x000000008000034c (0x07c1aa07) flw     fs4, 124(gp)
core   0: 3 0x000000008000034c (0x07c1aa07) f20 0xffffffff00000000 mem 0x000000008000608c
core   0: 0x0000000080000350 (0x0801aa87) flw     fs5, 128(gp)
core   0: 3 0x0000000080000350 (0x0801aa87) f21 0xffffffffffff0000 mem 0x0000000080006090
core   0: 0x0000000080000354 (0x00000113) li      sp, 0
core   0: 3 0x0000000080000354 (0x00000113) x2  0x0000000000000000
core   0: 0x0000000080000358 (0x00311073) csrw    fcsr, sp
core   0: 3 0x0000000080000358 (0x00311073) c1_fflags 0x0000000000000000 c2_frm 0x0000000000000000
core   0: 0x000000008000035c (0xad4bfb4f) fnmadd.h fs6, fs7, fs4, fs5
core   0: 3 0x000000008000035c (0xad4bfb4f) f22 0xffffffffffff7e00
core   0: 0x0000000080000360 (0x00302273) csrr    tp, fcsr
core   0: 3 0x0000000080000360 (0x00302273) x4  0x0000000000000000
core   0: 0x0000000080000364 (0x0b60a027) fsw     fs6, 160(ra)
core   0: 3 0x0000000080000364 (0x0b60a027) mem 0x00000000800091b8 0xffff7e00
core   0: 0x0000000080000368 (0x0a40b423) sd      tp, 168(ra)
core   0: 3 0x0000000080000368 (0x0a40b423) mem 0x00000000800091c0 0x0000000000000000
core   0: >>>>  inst_11
core   0: 0x000000008000036c (0x0841aa07) flw     fs4, 132(gp)
core   0: 3 0x000000008000036c (0x0841aa07) f20 0xfffffffffbfffbff mem 0x0000000080006094
core   0: 0x0000000080000370 (0x0881a987) flw     fs3, 136(gp)
core   0: 3 0x0000000080000370 (0x0881a987) f19 0xffffffff00000000 mem 0x0000000080006098
core   0: 0x0000000080000374 (0x08c1a907) flw     fs2, 140(gp)
core   0: 3 0x0000000080000374 (0x08c1a907) f18 0xffffffffffff0000 mem 0x000000008000609c
core   0: 0x0000000080000378 (0x00000113) li      sp, 0
core   0: 3 0x0000000080000378 (0x00000113) x2  0x0000000000000000
core   0: 0x000000008000037c (0x00311073) csrw    fcsr, sp
core   0: 3 0x000000008000037c (0x00311073) c1_fflags 0x0000000000000000 c2_frm 0x0000000000000000
core   0: 0x0000000080000380 (0x953a79cf) fnmadd.h fs3, fs4, fs3, fs2
core   0: 3 0x0000000080000380 (0x953a79cf) f19 0xffffffffffff7e00
core   0: 0x0000000080000384 (0x00302273) csrr    tp, fcsr
core   0: 3 0x0000000080000384 (0x00302273) x4  0x0000000000000000
core   0: 0x0000000080000388 (0x0b30a827) fsw     fs3, 176(ra)
core   0: 3 0x0000000080000388 (0x0b30a827) mem 0x00000000800091c8 0xffff7e00
core   0: 0x000000008000038c (0x0a40bc23) sd      tp, 184(ra)
core   0: 3 0x000000008000038c (0x0a40bc23) mem 0x00000000800091d0 0x0000000000000000
core   0: >>>>  inst_12
core   0: 0x0000000080000390 (0x0901a907) flw     fs2, 144(gp)
core   0: 3 0x0000000080000390 (0x0901a907) f18 0xffffffff77ec77ec mem 0x00000000800060a0
core   0: 0x0000000080000394 (0x0941ab07) flw     fs6, 148(gp)
core   0: 3 0x0000000080000394 (0x0941ab07) f22 0xffffffff00000000 mem 0x00000000800060a4
core   0: 0x0000000080000398 (0x0981a987) flw     fs3, 152(gp)
core   0: 3 0x0000000080000398 (0x0981a987) f19 0xffffffffffff0000 mem 0x00000000800060a8
core   0: 0x000000008000039c (0x00000113) li      sp, 0
core   0: 3 0x000000008000039c (0x00000113) x2  0x0000000000000000
core   0: 0x00000000800003a0 (0x00311073) csrw    fcsr, sp
core   0: 3 0x00000000800003a0 (0x00311073) c1_fflags 0x0000000000000000 c2_frm 0x0000000000000000
core   0: 0x00000000800003a4 (0x9d697a4f) fnmadd.h fs4, fs2, fs6, fs3
core   0: 3 0x00000000800003a4 (0x9d697a4f) f20 0xffffffffffff7e00
core   0: 0x00000000800003a8 (0x00302273) csrr    tp, fcsr
core   0: 3 0x00000000800003a8 (0x00302273) x4  0x0000000000000000
core   0: 0x00000000800003ac (0x0d40a027) fsw     fs4, 192(ra)
core   0: 3 0x00000000800003ac (0x0d40a027) mem 0x00000000800091d8 0xffff7e00
core   0: 0x00000000800003b0 (0x0c40b423) sd      tp, 200(ra)
core   0: 3 0x00000000800003b0 (0x0c40b423) mem 0x00000000800091e0 0x0000000000000000
core   0: >>>>  inst_13
core   0: 0x00000000800003b4 (0x09c1a987) flw     fs3, 156(gp)
core   0: 3 0x00000000800003b4 (0x09c1a987) f19 0xffffffff80008000 mem 0x00000000800060ac
core   0: 0x00000000800003b8 (0x0a01a887) flw     fa7, 160(gp)
core   0: 3 0x00000000800003b8 (0x0a01a887) f17 0xffffffff00000000 mem 0x00000000800060b0
core   0: 0x00000000800003bc (0x0a41aa07) flw     fs4, 164(gp)
core   0: 3 0x00000000800003bc (0x0a41aa07) f20 0xffffffffffff0000 mem 0x00000000800060b4
core   0: 0x00000000800003c0 (0x00000113) li      sp, 0
core   0: 3 0x00000000800003c0 (0x00000113) x2  0x0000000000000000
core   0: 0x00000000800003c4 (0x00311073) csrw    fcsr, sp
core   0: 3 0x00000000800003c4 (0x00311073) c1_fflags 0x0000000000000000 c2_frm 0x0000000000000000
core   0: 0x00000000800003c8 (0xa519f94f) fnmadd.h fs2, fs3, fa7, fs4
core   0: 3 0x00000000800003c8 (0xa519f94f) f18 0xffffffffffff7e00
core   0: 0x00000000800003cc (0x00302273) csrr    tp, fcsr
core   0: 3 0x00000000800003cc (0x00302273) x4  0x0000000000000000
core   0: 0x00000000800003d0 (0x0d20a827) fsw     fs2, 208(ra)
core   0: 3 0x00000000800003d0 (0x0d20a827) mem 0x00000000800091e8 0xffff7e00
core   0: 0x00000000800003d4 (0x0c40bc23) sd      tp, 216(ra)
core   0: 3 0x00000000800003d4 (0x0c40bc23) mem 0x00000000800091f0 0x0000000000000000
core   0: >>>>  inst_14
core   0: 0x00000000800003d8 (0x0a81a807) flw     fa6, 168(gp)
core   0: 3 0x00000000800003d8 (0x0a81a807) f16 0xffffffff77ec77ec mem 0x00000000800060b8
core   0: 0x00000000800003dc (0x0ac1a907) flw     fs2, 172(gp)
core   0: 3 0x00000000800003dc (0x0ac1a907) f18 0xffffffff00000000 mem 0x00000000800060bc
core   0: 0x00000000800003e0 (0x0b01a787) flw     fa5, 176(gp)
core   0: 3 0x00000000800003e0 (0x0b01a787) f15 0xffffffffffff0000 mem 0x00000000800060c0
core   0: 0x00000000800003e4 (0x00000113) li      sp, 0
core   0: 3 0x00000000800003e4 (0x00000113) x2  0x0000000000000000
core   0: 0x00000000800003e8 (0x00311073) csrw    fcsr, sp
core   0: 3 0x00000000800003e8 (0x00311073) c1_fflags 0x0000000000000000 c2_frm 0x0000000000000000
core   0: 0x00000000800003ec (0x7d2878cf) fnmadd.h fa7, fa6, fs2, fa5
core   0: 3 0x00000000800003ec (0x7d2878cf) f17 0xffffffffffff7e00
core   0: 0x00000000800003f0 (0x00302273) csrr    tp, fcsr
core   0: 3 0x00000000800003f0 (0x00302273) x4  0x0000000000000000
core   0: 0x00000000800003f4 (0x0f10a027) fsw     fa7, 224(ra)
core   0: 3 0x00000000800003f4 (0x0f10a027) mem 0x00000000800091f8 0xffff7e00
core   0: 0x00000000800003f8 (0x0e40b423) sd      tp, 232(ra)
core   0: 3 0x00000000800003f8 (0x0e40b423) mem 0x0000000080009200 0x0000000000000000
core   0: >>>>  inst_15
core   0: 0x00000000800003fc (0x0b41a887) flw     fa7, 180(gp)
core   0: 3 0x00000000800003fc (0x0b41a887) f17 0xffffffff77307730 mem 0x00000000800060c4
core   0: 0x0000000080000400 (0x0b81a787) flw     fa5, 184(gp)
core   0: 3 0x0000000080000400 (0x0b81a787) f15 0xffffffff00000000 mem 0x00000000800060c8
core   0: 0x0000000080000404 (0x0bc1a707) flw     fa4, 188(gp)
core   0: 3 0x0000000080000404 (0x0bc1a707) f14 0xffffffffffff0000 mem 0x00000000800060cc
core   0: 0x0000000080000408 (0x00000113) li      sp, 0
core   0: 3 0x0000000080000408 (0x00000113) x2  0x0000000000000000
core   0: 0x000000008000040c (0x00311073) csrw    fcsr, sp
core   0: 3 0x000000008000040c (0x00311073) c1_fflags 0x0000000000000000 c2_frm 0x0000000000000000
core   0: 0x0000000080000410 (0x74f8f84f) fnmadd.h fa6, fa7, fa5, fa4
core   0: 3 0x0000000080000410 (0x74f8f84f) f16 0xffffffffffff7e00
core   0: 0x0000000080000414 (0x00302273) csrr    tp, fcsr
core   0: 3 0x0000000080000414 (0x00302273) x4  0x0000000000000000
core   0: 0x0000000080000418 (0x0f00a827) fsw     fa6, 240(ra)
core   0: 3 0x0000000080000418 (0x0f00a827) mem 0x0000000080009208 0xffff7e00
core   0: 0x000000008000041c (0x0e40bc23) sd      tp, 248(ra)
core   0: 3 0x000000008000041c (0x0e40bc23) mem 0x0000000080009210 0x0000000000000000
core   0: >>>>  inst_16
core   0: 0x0000000080000420 (0x0c01a707) flw     fa4, 192(gp)
core   0: 3 0x0000000080000420 (0x0c01a707) f14 0xffffffff80008000 mem 0x00000000800060d0
core   0: 0x0000000080000424 (0x0c41a807) flw     fa6, 196(gp)
core   0: 3 0x0000000080000424 (0x0c41a807) f16 0xffffffff00000000 mem 0x00000000800060d4
core   0: 0x0000000080000428 (0x0c81a887) flw     fa7, 200(gp)
core   0: 3 0x0000000080000428 (0x0c81a887) f17 0xffffffffffff0000 mem 0x00000000800060d8
core   0: 0x000000008000042c (0x00000113) li      sp, 0
core   0: 3 0x000000008000042c (0x00000113) x2  0x0000000000000000
core   0: 0x0000000080000430 (0x00311073) csrw    fcsr, sp
core   0: 3 0x0000000080000430 (0x00311073) c1_fflags 0x0000000000000000 c2_frm 0x0000000000000000
core   0: 0x0000000080000434 (0x8d0777cf) fnmadd.h fa5, fa4, fa6, fa7
core   0: 3 0x0000000080000434 (0x8d0777cf) f15 0xffffffffffff7e00
core   0: 0x0000000080000438 (0x00302273) csrr    tp, fcsr
core   0: 3 0x0000000080000438 (0x00302273) x4  0x0000000000000000
core   0: 0x000000008000043c (0x10f0a027) fsw     fa5, 256(ra)
core   0: 3 0x000000008000043c (0x10f0a027) mem 0x0000000080009218 0xffff7e00
core   0: 0x0000000080000440 (0x1040b423) sd      tp, 264(ra)
core   0: 3 0x0000000080000440 (0x1040b423) mem 0x0000000080009220 0x0000000000000000
core   0: >>>>  inst_17
core   0: 0x0000000080000444 (0x0cc1a787) flw     fa5, 204(gp)
core   0: 3 0x0000000080000444 (0x0cc1a787) f15 0xfffffffffbfffbff mem 0x00000000800060dc
core   0: 0x0000000080000448 (0x0d01a687) flw     fa3, 208(gp)
core   0: 3 0x0000000080000448 (0x0d01a687) f13 0xffffffff00000000 mem 0x00000000800060e0
core   0: 0x000000008000044c (0x0d41a807) flw     fa6, 212(gp)
core   0: 3 0x000000008000044c (0x0d41a807) f16 0xffffffffffff0000 mem 0x00000000800060e4
core   0: 0x0000000080000450 (0x00000113) li      sp, 0
core   0: 3 0x0000000080000450 (0x00000113) x2  0x0000000000000000
core   0: 0x0000000080000454 (0x00311073) csrw    fcsr, sp
core   0: 3 0x0000000080000454 (0x00311073) c1_fflags 0x0000000000000000 c2_frm 0x0000000000000000
core   0: 0x0000000080000458 (0x84d7f74f) fnmadd.h fa4, fa5, fa3, fa6
core   0: 3 0x0000000080000458 (0x84d7f74f) f14 0xffffffffffff7e00
core   0: 0x000000008000045c (0x00302273) csrr    tp, fcsr
core   0: 3 0x000000008000045c (0x00302273) x4  0x0000000000000000
core   0: 0x0000000080000460 (0x10e0a827) fsw     fa4, 272(ra)
core   0: 3 0x0000000080000460 (0x10e0a827) mem 0x0000000080009228 0xffff7e00
core   0: 0x0000000080000464 (0x1040bc23) sd      tp, 280(ra)
core   0: 3 0x0000000080000464 (0x1040bc23) mem 0x0000000080009230 0x0000000000000000
core   0: >>>>  inst_18
core   0: 0x0000000080000468 (0x0d81a607) flw     fa2, 216(gp)
core   0: 3 0x0000000080000468 (0x0d81a607) f12 0xffffffff79357935 mem 0x00000000800060e8
core   0: 0x000000008000046c (0x0dc1a707) flw     fa4, 220(gp)
core   0: 3 0x000000008000046c (0x0dc1a707) f14 0xffffffff00000000 mem 0x00000000800060ec
core   0: 0x0000000080000470 (0x0e01a587) flw     fa1, 224(gp)
core   0: 3 0x0000000080000470 (0x0e01a587) f11 0xffffffffffff0000 mem 0x00000000800060f0
core   0: 0x0000000080000474 (0x00000113) li      sp, 0
core   0: 3 0x0000000080000474 (0x00000113) x2  0x0000000000000000
core   0: 0x0000000080000478 (0x00311073) csrw    fcsr, sp
core   0: 3 0x0000000080000478 (0x00311073) c1_fflags 0x0000000000000000 c2_frm 0x0000000000000000
core   0: 0x000000008000047c (0x5ce676cf) fnmadd.h fa3, fa2, fa4, fa1
core   0: 3 0x000000008000047c (0x5ce676cf) f13 0xffffffffffff7e00
core   0: 0x0000000080000480 (0x00302273) csrr    tp, fcsr
core   0: 3 0x0000000080000480 (0x00302273) x4  0x0000000000000000
core   0: 0x0000000080000484 (0x12d0a027) fsw     fa3, 288(ra)
core   0: 3 0x0000000080000484 (0x12d0a027) mem 0x0000000080009238 0xffff7e00
core   0: 0x0000000080000488 (0x1240b423) sd      tp, 296(ra)
core   0: 3 0x0000000080000488 (0x1240b423) mem 0x0000000080009240 0x0000000000000000
core   0: >>>>  inst_19
core   0: 0x000000008000048c (0x0e41a687) flw     fa3, 228(gp)
core   0: 3 0x000000008000048c (0x0e41a687) f13 0xffffffff79357935 mem 0x00000000800060f4
core   0: 0x0000000080000490 (0x0e81a587) flw     fa1, 232(gp)
core   0: 3 0x0000000080000490 (0x0e81a587) f11 0xffffffff00000000 mem 0x00000000800060f8
core   0: 0x0000000080000494 (0x0ec1a507) flw     fa0, 236(gp)
core   0: 3 0x0000000080000494 (0x0ec1a507) f10 0xffffffffffff0000 mem 0x00000000800060fc
core   0: 0x0000000080000498 (0x00000113) li      sp, 0
core   0: 3 0x0000000080000498 (0x00000113) x2  0x0000000000000000
core   0: 0x000000008000049c (0x00311073) csrw    fcsr, sp
core   0: 3 0x000000008000049c (0x00311073) c1_fflags 0x0000000000000000 c2_frm 0x0000000000000000
core   0: 0x00000000800004a0 (0x54b6f64f) fnmadd.h fa2, fa3, fa1, fa0
core   0: 3 0x00000000800004a0 (0x54b6f64f) f12 0xffffffffffff7e00
core   0: 0x00000000800004a4 (0x00302273) csrr    tp, fcsr
core   0: 3 0x00000000800004a4 (0x00302273) x4  0x0000000000000000
core   0: 0x00000000800004a8 (0x12c0a827) fsw     fa2, 304(ra)
core   0: 3 0x00000000800004a8 (0x12c0a827) mem 0x0000000080009248 0xffff7e00
core   0: 0x00000000800004ac (0x1240bc23) sd      tp, 312(ra)
core   0: 3 0x00000000800004ac (0x1240bc23) mem 0x0000000080009250 0x0000000000000000
core   0: >>>>  inst_20
core   0: 0x00000000800004b0 (0x0f01a507) flw     fa0, 240(gp)
core   0: 3 0x00000000800004b0 (0x0f01a507) f10 0xffffffff79357935 mem 0x0000000080006100
core   0: 0x00000000800004b4 (0x0f41a607) flw     fa2, 244(gp)
core   0: 3 0x00000000800004b4 (0x0f41a607) f12 0xffffffff00000000 mem 0x0000000080006104
core   0: 0x00000000800004b8 (0x0f81a687) flw     fa3, 248(gp)
core   0: 3 0x00000000800004b8 (0x0f81a687) f13 0xffffffffffff0000 mem 0x0000000080006108
core   0: 0x00000000800004bc (0x00000113) li      sp, 0
core   0: 3 0x00000000800004bc (0x00000113) x2  0x0000000000000000
core   0: 0x00000000800004c0 (0x00311073) csrw    fcsr, sp
core   0: 3 0x00000000800004c0 (0x00311073) c1_fflags 0x0000000000000000 c2_frm 0x0000000000000000
core   0: 0x00000000800004c4 (0x6cc575cf) fnmadd.h fa1, fa0, fa2, fa3
core   0: 3 0x00000000800004c4 (0x6cc575cf) f11 0xffffffffffff7e00
core   0: 0x00000000800004c8 (0x00302273) csrr    tp, fcsr
core   0: 3 0x00000000800004c8 (0x00302273) x4  0x0000000000000000
core   0: 0x00000000800004cc (0x14b0a027) fsw     fa1, 320(ra)
core   0: 3 0x00000000800004cc (0x14b0a027) mem 0x0000000080009258 0xffff7e00
core   0: 0x00000000800004d0 (0x1440b423) sd      tp, 328(ra)
core   0: 3 0x00000000800004d0 (0x1440b423) mem 0x0000000080009260 0x0000000000000000
core   0: >>>>  inst_21
core   0: 0x00000000800004d4 (0x0fc1a587) flw     fa1, 252(gp)
core   0: 3 0x00000000800004d4 (0x0fc1a587) f11 0xffffffff7a4e7a4e mem 0x000000008000610c
core   0: 0x00000000800004d8 (0x1001a487) flw     fs1, 256(gp)
core   0: 3 0x00000000800004d8 (0x1001a487) f9  0xffffffff00000000 mem 0x0000000080006110
core   0: 0x00000000800004dc (0x1041a607) flw     fa2, 260(gp)
core   0: 3 0x00000000800004dc (0x1041a607) f12 0xffffffffffff0000 mem 0x0000000080006114
core   0: 0x00000000800004e0 (0x00000113) li      sp, 0
core   0: 3 0x00000000800004e0 (0x00000113) x2  0x0000000000000000
core   0: 0x00000000800004e4 (0x00311073) csrw    fcsr, sp
core   0: 3 0x00000000800004e4 (0x00311073) c1_fflags 0x0000000000000000 c2_frm 0x0000000000000000
core   0: 0x00000000800004e8 (0x6495f54f) fnmadd.h fa0, fa1, fs1, fa2
core   0: 3 0x00000000800004e8 (0x6495f54f) f10 0xffffffffffff7e00
core   0: 0x00000000800004ec (0x00302273) csrr    tp, fcsr
core   0: 3 0x00000000800004ec (0x00302273) x4  0x0000000000000000
core   0: 0x00000000800004f0 (0x14a0a827) fsw     fa0, 336(ra)
core   0: 3 0x00000000800004f0 (0x14a0a827) mem 0x0000000080009268 0xffff7e00
core   0: 0x00000000800004f4 (0x1440bc23) sd      tp, 344(ra)
core   0: 3 0x00000000800004f4 (0x1440bc23) mem 0x0000000080009270 0x0000000000000000
core   0: >>>>  inst_22
core   0: 0x00000000800004f8 (0x1081a407) flw     fs0, 264(gp)
core   0: 3 0x00000000800004f8 (0x1081a407) f8  0xffffffff00000000 mem 0x0000000080006118
core   0: 0x00000000800004fc (0x10c1a507) flw     fa0, 268(gp)
core   0: 3 0x00000000800004fc (0x10c1a507) f10 0xffffffff00000000 mem 0x000000008000611c
core   0: 0x0000000080000500 (0x1101a387) flw     ft7, 272(gp)
core   0: 3 0x0000000080000500 (0x1101a387) f7  0xffffffffffff0000 mem 0x0000000080006120
core   0: 0x0000000080000504 (0x00000113) li      sp, 0
core   0: 3 0x0000000080000504 (0x00000113) x2  0x0000000000000000
core   0: 0x0000000080000508 (0x00311073) csrw    fcsr, sp
core   0: 3 0x0000000080000508 (0x00311073) c1_fflags 0x0000000000000000 c2_frm 0x0000000000000000
core   0: 0x000000008000050c (0x3ca474cf) fnmadd.h fs1, fs0, fa0, ft7
core   0: 3 0x000000008000050c (0x3ca474cf) f9  0xffffffffffff7e00
core   0: 0x0000000080000510 (0x00302273) csrr    tp, fcsr
core   0: 3 0x0000000080000510 (0x00302273) x4  0x0000000000000000
core   0: 0x0000000080000514 (0x1690a027) fsw     fs1, 352(ra)
core   0: 3 0x0000000080000514 (0x1690a027) mem 0x0000000080009278 0xffff7e00
core   0: 0x0000000080000518 (0x1640b423) sd      tp, 360(ra)
core   0: 3 0x0000000080000518 (0x1640b423) mem 0x0000000080009280 0x0000000000000000
core   0: >>>>  inst_23
core   0: 0x000000008000051c (0x1141a487) flw     fs1, 276(gp)
core   0: 3 0x000000008000051c (0x1141a487) f9  0xffffffff00000000 mem 0x0000000080006124
core   0: 0x0000000080000520 (0x1181a387) flw     ft7, 280(gp)
core   0: 3 0x0000000080000520 (0x1181a387) f7  0xffffffff00000000 mem 0x0000000080006128
core   0: 0x0000000080000524 (0x11c1a307) flw     ft6, 284(gp)
core   0: 3 0x0000000080000524 (0x11c1a307) f6  0xffffffffffff0000 mem 0x000000008000612c
core   0: 0x0000000080000528 (0x00000113) li      sp, 0
core   0: 3 0x0000000080000528 (0x00000113) x2  0x0000000000000000
core   0: 0x000000008000052c (0x00311073) csrw    fcsr, sp
core   0: 3 0x000000008000052c (0x00311073) c1_fflags 0x0000000000000000 c2_frm 0x0000000000000000
core   0: 0x0000000080000530 (0x3474f44f) fnmadd.h fs0, fs1, ft7, ft6
core   0: 3 0x0000000080000530 (0x3474f44f) f8  0xffffffffffff7e00
core   0: 0x0000000080000534 (0x00302273) csrr    tp, fcsr
core   0: 3 0x0000000080000534 (0x00302273) x4  0x0000000000000000
core   0: 0x0000000080000538 (0x1680a827) fsw     fs0, 368(ra)
core   0: 3 0x0000000080000538 (0x1680a827) mem 0x0000000080009288 0xffff7e00
core   0: 0x000000008000053c (0x1640bc23) sd      tp, 376(ra)
core   0: 3 0x000000008000053c (0x1640bc23) mem 0x0000000080009290 0x0000000000000000
core   0: >>>>  inst_24
core   0: 0x0000000080000540 (0x1201a307) flw     ft6, 288(gp)
core   0: 3 0x0000000080000540 (0x1201a307) f6  0xffffffff6e016e01 mem 0x0000000080006130
core   0: 0x0000000080000544 (0x1241a407) flw     fs0, 292(gp)
core   0: 3 0x0000000080000544 (0x1241a407) f8  0xffffffff00000000 mem 0x0000000080006134
core   0: 0x0000000080000548 (0x1281a487) flw     fs1, 296(gp)
core   0: 3 0x0000000080000548 (0x1281a487) f9  0xffffffffffff0000 mem 0x0000000080006138
core   0: 0x000000008000054c (0x00000113) li      sp, 0
core   0: 3 0x000000008000054c (0x00000113) x2  0x0000000000000000
core   0: 0x0000000080000550 (0x00311073) csrw    fcsr, sp
core   0: 3 0x0000000080000550 (0x00311073) c1_fflags 0x0000000000000000 c2_frm 0x0000000000000000
core   0: 0x0000000080000554 (0x4c8373cf) fnmadd.h ft7, ft6, fs0, fs1
core   0: 3 0x0000000080000554 (0x4c8373cf) f7  0xffffffffffff7e00
core   0: 0x0000000080000558 (0x00302273) csrr    tp, fcsr
core   0: 3 0x0000000080000558 (0x00302273) x4  0x0000000000000000
core   0: 0x000000008000055c (0x1870a027) fsw     ft7, 384(ra)
core   0: 3 0x000000008000055c (0x1870a027) mem 0x0000000080009298 0xffff7e00
core   0: 0x0000000080000560 (0x1840b423) sd      tp, 392(ra)
core   0: 3 0x0000000080000560 (0x1840b423) mem 0x00000000800092a0 0x0000000000000000
core   0: >>>>  inst_25
core   0: 0x0000000080000564 (0x12c1a387) flw     ft7, 300(gp)
core   0: 3 0x0000000080000564 (0x12c1a387) f7  0xffffffff00000000 mem 0x000000008000613c
core   0: 0x0000000080000568 (0x1301a287) flw     ft5, 304(gp)
core   0: 3 0x0000000080000568 (0x1301a287) f5  0xffffffff00000000 mem 0x0000000080006140
core   0: 0x000000008000056c (0x1341a407) flw     fs0, 308(gp)
core   0: 3 0x000000008000056c (0x1341a407) f8  0xffffffffffff0000 mem 0x0000000080006144
core   0: 0x0000000080000570 (0x00000113) li      sp, 0
core   0: 3 0x0000000080000570 (0x00000113) x2  0x0000000000000000
core   0: 0x0000000080000574 (0x00311073) csrw    fcsr, sp
core   0: 3 0x0000000080000574 (0x00311073) c1_fflags 0x0000000000000000 c2_frm 0x0000000000000000
core   0: 0x0000000080000578 (0x4453f34f) fnmadd.h ft6, ft7, ft5, fs0
core   0: 3 0x0000000080000578 (0x4453f34f) f6  0xffffffffffff7e00
core   0: 0x000000008000057c (0x00302273) csrr    tp, fcsr
core   0: 3 0x000000008000057c (0x00302273) x4  0x0000000000000000
core   0: 0x0000000080000580 (0x1860a827) fsw     ft6, 400(ra)
core   0: 3 0x0000000080000580 (0x1860a827) mem 0x00000000800092a8 0xffff7e00
core   0: 0x0000000080000584 (0x1840bc23) sd      tp, 408(ra)
core   0: 3 0x0000000080000584 (0x1840bc23) mem 0x00000000800092b0 0x0000000000000000
core   0: >>>>  inst_26
core   0: 0x0000000080000588 (0x1381a207) flw     ft4, 312(gp)
core   0: 3 0x0000000080000588 (0x1381a207) f4  0xffffffff6e016e01 mem 0x0000000080006148
core   0: 0x000000008000058c (0x13c1a307) flw     ft6, 316(gp)
core   0: 3 0x000000008000058c (0x13c1a307) f6  0xffffffff00000000 mem 0x000000008000614c
core   0: 0x0000000080000590 (0x1401a187) flw     ft3, 320(gp)
core   0: 3 0x0000000080000590 (0x1401a187) f3  0xffffffffffff0000 mem 0x0000000080006150
core   0: 0x0000000080000594 (0x00000113) li      sp, 0
core   0: 3 0x0000000080000594 (0x00000113) x2  0x0000000000000000
core   0: 0x0000000080000598 (0x00311073) csrw    fcsr, sp
core   0: 3 0x0000000080000598 (0x00311073) c1_fflags 0x0000000000000000 c2_frm 0x0000000000000000
core   0: 0x000000008000059c (0x1c6272cf) fnmadd.h ft5, ft4, ft6, ft3
core   0: 3 0x000000008000059c (0x1c6272cf) f5  0xffffffffffff7e00
core   0: 0x00000000800005a0 (0x00302273) csrr    tp, fcsr
core   0: 3 0x00000000800005a0 (0x00302273) x4  0x0000000000000000
core   0: 0x00000000800005a4 (0x1a50a027) fsw     ft5, 416(ra)
core   0: 3 0x00000000800005a4 (0x1a50a027) mem 0x00000000800092b8 0xffff7e00
core   0: 0x00000000800005a8 (0x1a40b423) sd      tp, 424(ra)
core   0: 3 0x00000000800005a8 (0x1a40b423) mem 0x00000000800092c0 0x0000000000000000
core   0: >>>>  inst_27
core   0: 0x00000000800005ac (0x1441a287) flw     ft5, 324(gp)
core   0: 3 0x00000000800005ac (0x1441a287) f5  0xffffffff67416741 mem 0x0000000080006154
core   0: 0x00000000800005b0 (0x1481a187) flw     ft3, 328(gp)
core   0: 3 0x00000000800005b0 (0x1481a187) f3  0xffffffff00000000 mem 0x0000000080006158
core   0: 0x00000000800005b4 (0x14c1a107) flw     ft2, 332(gp)
core   0: 3 0x00000000800005b4 (0x14c1a107) f2  0xffffffffffff0000 mem 0x000000008000615c
core   0: 0x00000000800005b8 (0x00000113) li      sp, 0
core   0: 3 0x00000000800005b8 (0x00000113) x2  0x0000000000000000
core   0: 0x00000000800005bc (0x00311073) csrw    fcsr, sp
core   0: 3 0x00000000800005bc (0x00311073) c1_fflags 0x0000000000000000 c2_frm 0x0000000000000000
core   0: 0x00000000800005c0 (0x1432f24f) fnmadd.h ft4, ft5, ft3, ft2
core   0: 3 0x00000000800005c0 (0x1432f24f) f4  0xffffffffffff7e00
core   0: 0x00000000800005c4 (0x00302273) csrr    tp, fcsr
core   0: 3 0x00000000800005c4 (0x00302273) x4  0x0000000000000000
core   0: 0x00000000800005c8 (0x1a40a827) fsw     ft4, 432(ra)
core   0: 3 0x00000000800005c8 (0x1a40a827) mem 0x00000000800092c8 0xffff7e00
core   0: 0x00000000800005cc (0x1a40bc23) sd      tp, 440(ra)
core   0: 3 0x00000000800005cc (0x1a40bc23) mem 0x00000000800092d0 0x0000000000000000
core   0: >>>>  inst_28
core   0: 0x00000000800005d0 (0x1501a107) flw     ft2, 336(gp)
core   0: 3 0x00000000800005d0 (0x1501a107) f2  0xffffffff67416741 mem 0x0000000080006160
core   0: 0x00000000800005d4 (0x1541a207) flw     ft4, 340(gp)
core   0: 3 0x00000000800005d4 (0x1541a207) f4  0xffffffff00000000 mem 0x0000000080006164
core   0: 0x00000000800005d8 (0x1581a287) flw     ft5, 344(gp)
core   0: 3 0x00000000800005d8 (0x1581a287) f5  0xffffffffffff0000 mem 0x0000000080006168
core   0: 0x00000000800005dc (0x00000113) li      sp, 0
core   0: 3 0x00000000800005dc (0x00000113) x2  0x0000000000000000
core   0: 0x00000000800005e0 (0x00311073) csrw    fcsr, sp
core   0: 3 0x00000000800005e0 (0x00311073) c1_fflags 0x0000000000000000 c2_frm 0x0000000000000000
core   0: 0x00000000800005e4 (0x2c4171cf) fnmadd.h ft3, ft2, ft4, ft5
core   0: 3 0x00000000800005e4 (0x2c4171cf) f3  0xffffffffffff7e00
core   0: 0x00000000800005e8 (0x00302273) csrr    tp, fcsr
core   0: 3 0x00000000800005e8 (0x00302273) x4  0x0000000000000000
core   0: 0x00000000800005ec (0x1c30a027) fsw     ft3, 448(ra)
core   0: 3 0x00000000800005ec (0x1c30a027) mem 0x00000000800092d8 0xffff7e00
core   0: 0x00000000800005f0 (0x1c40b423) sd      tp, 456(ra)
core   0: 3 0x00000000800005f0 (0x1c40b423) mem 0x00000000800092e0 0x0000000000000000
core   0: >>>>  inst_29
core   0: 0x00000000800005f4 (0x15c1a187) flw     ft3, 348(gp)
core   0: 3 0x00000000800005f4 (0x15c1a187) f3  0xfffffffffbfffbff mem 0x000000008000616c
core   0: 0x00000000800005f8 (0x1601a087) flw     ft1, 352(gp)
core   0: 3 0x00000000800005f8 (0x1601a087) f1  0xffffffff00000000 mem 0x0000000080006170
core   0: 0x00000000800005fc (0x1641a207) flw     ft4, 356(gp)
core   0: 3 0x00000000800005fc (0x1641a207) f4  0xffffffffffff0000 mem 0x0000000080006174
core   0: 0x0000000080000600 (0x00000113) li      sp, 0
core   0: 3 0x0000000080000600 (0x00000113) x2  0x0000000000000000
core   0: 0x0000000080000604 (0x00311073) csrw    fcsr, sp
core   0: 3 0x0000000080000604 (0x00311073) c1_fflags 0x0000000000000000 c2_frm 0x0000000000000000
core   0: 0x0000000080000608 (0x2411f14f) fnmadd.h ft2, ft3, ft1, ft4
core   0: 3 0x0000000080000608 (0x2411f14f) f2  0xffffffffffff7e00
core   0: 0x000000008000060c (0x00302273) csrr    tp, fcsr
core   0: 3 0x000000008000060c (0x00302273) x4  0x0000000000000000
core   0: 0x0000000080000610 (0x1c20a827) fsw     ft2, 464(ra)
core   0: 3 0x0000000080000610 (0x1c20a827) mem 0x00000000800092e8 0xffff7e00
core   0: 0x0000000080000614 (0x1c40bc23) sd      tp, 472(ra)
core   0: 3 0x0000000080000614 (0x1c40bc23) mem 0x00000000800092f0 0x0000000000000000
core   0: >>>>  inst_30
core   0: 0x0000000080000618 (0x1681a087) flw     ft1, 360(gp)
core   0: 3 0x0000000080000618 (0x1681a087) f1  0xffffffff7aae7aae mem 0x0000000080006178
core   0: 0x000000008000061c (0x16c1af07) flw     ft10, 364(gp)
core   0: 3 0x000000008000061c (0x16c1af07) f30 0xffffffff00000000 mem 0x000000008000617c
core   0: 0x0000000080000620 (0x1701ae87) flw     ft9, 368(gp)
core   0: 3 0x0000000080000620 (0x1701ae87) f29 0xffffffffffff0000 mem 0x0000000080006180
core   0: 0x0000000080000624 (0x00000113) li      sp, 0
core   0: 3 0x0000000080000624 (0x00000113) x2  0x0000000000000000
core   0: 0x0000000080000628 (0x00311073) csrw    fcsr, sp
core   0: 3 0x0000000080000628 (0x00311073) c1_fflags 0x0000000000000000 c2_frm 0x0000000000000000
core   0: 0x000000008000062c (0xede0ffcf) fnmadd.h ft11, ft1, ft10, ft9
core   0: 3 0x000000008000062c (0xede0ffcf) f31 0xffffffffffff7e00
core   0: 0x0000000080000630 (0x00302273) csrr    tp, fcsr
core   0: 3 0x0000000080000630 (0x00302273) x4  0x0000000000000000
core   0: 0x0000000080000634 (0x1ff0a027) fsw     ft11, 480(ra)
core   0: 3 0x0000000080000634 (0x1ff0a027) mem 0x00000000800092f8 0xffff7e00
core   0: 0x0000000080000638 (0x1e40b423) sd      tp, 488(ra)
core   0: 3 0x0000000080000638 (0x1e40b423) mem 0x0000000080009300 0x0000000000000000
core   0: >>>>  inst_31
core   0: 0x000000008000063c (0x1741a007) flw     ft0, 372(gp)
core   0: 3 0x000000008000063c (0x1741a007) f0  0xffffffff00000000 mem 0x0000000080006184
core   0: 0x0000000080000640 (0x1781af07) flw     ft10, 376(gp)
core   0: 3 0x0000000080000640 (0x1781af07) f30 0xffffffff00000000 mem 0x0000000080006188
core   0: 0x0000000080000644 (0x17c1ae87) flw     ft9, 380(gp)
core   0: 3 0x0000000080000644 (0x17c1ae87) f29 0xffffffffffff0000 mem 0x000000008000618c
core   0: 0x0000000080000648 (0x00000113) li      sp, 0
core   0: 3 0x0000000080000648 (0x00000113) x2  0x0000000000000000
core   0: 0x000000008000064c (0x00311073) csrw    fcsr, sp
core   0: 3 0x000000008000064c (0x00311073) c1_fflags 0x0000000000000000 c2_frm 0x0000000000000000
core   0: 0x0000000080000650 (0xede07fcf) fnmadd.h ft11, ft0, ft10, ft9
core   0: 3 0x0000000080000650 (0xede07fcf) f31 0xffffffffffff7e00
core   0: 0x0000000080000654 (0x00302273) csrr    tp, fcsr
core   0: 3 0x0000000080000654 (0x00302273) x4  0x0000000000000000
core   0: 0x0000000080000658 (0x1ff0a827) fsw     ft11, 496(ra)
core   0: 3 0x0000000080000658 (0x1ff0a827) mem 0x0000000080009308 0xffff7e00
core   0: 0x000000008000065c (0x1e40bc23) sd      tp, 504(ra)
core   0: 3 0x000000008000065c (0x1e40bc23) mem 0x0000000080009310 0x0000000000000000
core   0: >>>>  inst_32
core   0: 0x0000000080000660 (0x1801af07) flw     ft10, 384(gp)
core   0: 3 0x0000000080000660 (0x1801af07) f30 0xfffffffffbfffbff mem 0x0000000080006190
core   0: 0x0000000080000664 (0x1841a107) flw     ft2, 388(gp)
core   0: 3 0x0000000080000664 (0x1841a107) f2  0xffffffff00000000 mem 0x0000000080006194
core   0: 0x0000000080000668 (0x1881ae87) flw     ft9, 392(gp)
core   0: 3 0x0000000080000668 (0x1881ae87) f29 0xffffffffffff0000 mem 0x0000000080006198
core   0: 0x000000008000066c (0x00000113) li      sp, 0
core   0: 3 0x000000008000066c (0x00000113) x2  0x0000000000000000
core   0: 0x0000000080000670 (0x00311073) csrw    fcsr, sp
core   0: 3 0x0000000080000670 (0x00311073) c1_fflags 0x0000000000000000 c2_frm 0x0000000000000000
core   0: 0x0000000080000674 (0xec2f7fcf) fnmadd.h ft11, ft10, ft2, ft9
core   0: 3 0x0000000080000674 (0xec2f7fcf) f31 0xffffffffffff7e00
core   0: 0x0000000080000678 (0x00302273) csrr    tp, fcsr
core   0: 3 0x0000000080000678 (0x00302273) x4  0x0000000000000000
core   0: 0x000000008000067c (0x21f0a027) fsw     ft11, 512(ra)
core   0: 3 0x000000008000067c (0x21f0a027) mem 0x0000000080009318 0xffff7e00
core   0: 0x0000000080000680 (0x2040b423) sd      tp, 520(ra)
core   0: 3 0x0000000080000680 (0x2040b423) mem 0x0000000080009320 0x0000000000000000
core   0: >>>>  inst_33
core   0: 0x0000000080000684 (0x18c1af07) flw     ft10, 396(gp)
core   0: 3 0x0000000080000684 (0x18c1af07) f30 0xffffffff76eb76eb mem 0x000000008000619c
core   0: 0x0000000080000688 (0x1901a007) flw     ft0, 400(gp)
core   0: 3 0x0000000080000688 (0x1901a007) f0  0xffffffff00000000 mem 0x00000000800061a0
core   0: 0x000000008000068c (0x1941ae87) flw     ft9, 404(gp)
core   0: 3 0x000000008000068c (0x1941ae87) f29 0xffffffffffff0000 mem 0x00000000800061a4
core   0: 0x0000000080000690 (0x00000113) li      sp, 0
core   0: 3 0x0000000080000690 (0x00000113) x2  0x0000000000000000
core   0: 0x0000000080000694 (0x00311073) csrw    fcsr, sp
core   0: 3 0x0000000080000694 (0x00311073) c1_fflags 0x0000000000000000 c2_frm 0x0000000000000000
core   0: 0x0000000080000698 (0xec0f7fcf) fnmadd.h ft11, ft10, ft0, ft9
core   0: 3 0x0000000080000698 (0xec0f7fcf) f31 0xffffffffffff7e00
core   0: 0x000000008000069c (0x00302273) csrr    tp, fcsr
core   0: 3 0x000000008000069c (0x00302273) x4  0x0000000000000000
core   0: 0x00000000800006a0 (0x21f0a827) fsw     ft11, 528(ra)
core   0: 3 0x00000000800006a0 (0x21f0a827) mem 0x0000000080009328 0xffff7e00
core   0: 0x00000000800006a4 (0x2040bc23) sd      tp, 536(ra)
core   0: 3 0x00000000800006a4 (0x2040bc23) mem 0x0000000080009330 0x0000000000000000
core   0: >>>>  inst_34
core   0: 0x00000000800006a8 (0x1981af07) flw     ft10, 408(gp)
core   0: 3 0x00000000800006a8 (0x1981af07) f30 0xffffffff00000000 mem 0x00000000800061a8
core   0: 0x00000000800006ac (0x19c1ae87) flw     ft9, 412(gp)
core   0: 3 0x00000000800006ac (0x19c1ae87) f29 0xffffffff00000000 mem 0x00000000800061ac
core   0: 0x00000000800006b0 (0x1a01a087) flw     ft1, 416(gp)
core   0: 3 0x00000000800006b0 (0x1a01a087) f1  0xffffffffffff0000 mem 0x00000000800061b0
core   0: 0x00000000800006b4 (0x00000113) li      sp, 0
core   0: 3 0x00000000800006b4 (0x00000113) x2  0x0000000000000000
core   0: 0x00000000800006b8 (0x00311073) csrw    fcsr, sp
core   0: 3 0x00000000800006b8 (0x00311073) c1_fflags 0x0000000000000000 c2_frm 0x0000000000000000
core   0: 0x00000000800006bc (0x0ddf7fcf) fnmadd.h ft11, ft10, ft9, ft1
core   0: 3 0x00000000800006bc (0x0ddf7fcf) f31 0xffffffffffff7e00
core   0: 0x00000000800006c0 (0x00302273) csrr    tp, fcsr
core   0: 3 0x00000000800006c0 (0x00302273) x4  0x0000000000000000
core   0: 0x00000000800006c4 (0x23f0a027) fsw     ft11, 544(ra)
core   0: 3 0x00000000800006c4 (0x23f0a027) mem 0x0000000080009338 0xffff7e00
core   0: 0x00000000800006c8 (0x2240b423) sd      tp, 552(ra)
core   0: 3 0x00000000800006c8 (0x2240b423) mem 0x0000000080009340 0x0000000000000000
core   0: >>>>  inst_35
core   0: 0x00000000800006cc (0x1a41af07) flw     ft10, 420(gp)
core   0: 3 0x00000000800006cc (0x1a41af07) f30 0xfffffffffbfffbff mem 0x00000000800061b4
core   0: 0x00000000800006d0 (0x1a81ae87) flw     ft9, 424(gp)
core   0: 3 0x00000000800006d0 (0x1a81ae87) f29 0xffffffff00000000 mem 0x00000000800061b8
core   0: 0x00000000800006d4 (0x1ac1a007) flw     ft0, 428(gp)
core   0: 3 0x00000000800006d4 (0x1ac1a007) f0  0xffffffffffff0000 mem 0x00000000800061bc
core   0: 0x00000000800006d8 (0x00000113) li      sp, 0
core   0: 3 0x00000000800006d8 (0x00000113) x2  0x0000000000000000
core   0: 0x00000000800006dc (0x00311073) csrw    fcsr, sp
core   0: 3 0x00000000800006dc (0x00311073) c1_fflags 0x0000000000000000 c2_frm 0x0000000000000000
core   0: 0x00000000800006e0 (0x05df7fcf) fnmadd.h ft11, ft10, ft9, ft0
core   0: 3 0x00000000800006e0 (0x05df7fcf) f31 0xffffffffffff7e00
core   0: 0x00000000800006e4 (0x00302273) csrr    tp, fcsr
core   0: 3 0x00000000800006e4 (0x00302273) x4  0x0000000000000000
core   0: 0x00000000800006e8 (0x23f0a827) fsw     ft11, 560(ra)
core   0: 3 0x00000000800006e8 (0x23f0a827) mem 0x0000000080009348 0xffff7e00
core   0: 0x00000000800006ec (0x2240bc23) sd      tp, 568(ra)
core   0: 3 0x00000000800006ec (0x2240bc23) mem 0x0000000080009350 0x0000000000000000
core   0: >>>>  inst_36
core   0: 0x00000000800006f0 (0x1b01af87) flw     ft11, 432(gp)
core   0: 3 0x00000000800006f0 (0x1b01af87) f31 0xffffffff7a187a18 mem 0x00000000800061c0
core   0: 0x00000000800006f4 (0x1b41af07) flw     ft10, 436(gp)
core   0: 3 0x00000000800006f4 (0x1b41af07) f30 0xffffffff00000000 mem 0x00000000800061c4
core   0: 0x00000000800006f8 (0x1b81ae87) flw     ft9, 440(gp)
core   0: 3 0x00000000800006f8 (0x1b81ae87) f29 0xffffffffffff0000 mem 0x00000000800061c8
core   0: 0x00000000800006fc (0x00000113) li      sp, 0
core   0: 3 0x00000000800006fc (0x00000113) x2  0x0000000000000000
core   0: 0x0000000080000700 (0x00311073) csrw    fcsr, sp
core   0: 3 0x0000000080000700 (0x00311073) c1_fflags 0x0000000000000000 c2_frm 0x0000000000000000
core   0: 0x0000000080000704 (0xedeff0cf) fnmadd.h ft1, ft11, ft10, ft9
core   0: 3 0x0000000080000704 (0xedeff0cf) f1  0xffffffffffff7e00
core   0: 0x0000000080000708 (0x00302273) csrr    tp, fcsr
core   0: 3 0x0000000080000708 (0x00302273) x4  0x0000000000000000
core   0: 0x000000008000070c (0x2410a027) fsw     ft1, 576(ra)
core   0: 3 0x000000008000070c (0x2410a027) mem 0x0000000080009358 0xffff7e00
core   0: 0x0000000080000710 (0x2440b423) sd      tp, 584(ra)
core   0: 3 0x0000000080000710 (0x2440b423) mem 0x0000000080009360 0x0000000000000000
core   0: >>>>  inst_37
core   0: 0x0000000080000714 (0x1bc1af87) flw     ft11, 444(gp)
core   0: 3 0x0000000080000714 (0x1bc1af87) f31 0xffffffff00000000 mem 0x00000000800061cc
core   0: 0x0000000080000718 (0x1c01af07) flw     ft10, 448(gp)
core   0: 3 0x0000000080000718 (0x1c01af07) f30 0xffffffff00000000 mem 0x00000000800061d0
core   0: 0x000000008000071c (0x1c41ae87) flw     ft9, 452(gp)
core   0: 3 0x000000008000071c (0x1c41ae87) f29 0xffffffffffff0000 mem 0x00000000800061d4
core   0: 0x0000000080000720 (0x00000113) li      sp, 0
core   0: 3 0x0000000080000720 (0x00000113) x2  0x0000000000000000
core   0: 0x0000000080000724 (0x00311073) csrw    fcsr, sp
core   0: 3 0x0000000080000724 (0x00311073) c1_fflags 0x0000000000000000 c2_frm 0x0000000000000000
core   0: 0x0000000080000728 (0xedeff04f) fnmadd.h ft0, ft11, ft10, ft9
core   0: 3 0x0000000080000728 (0xedeff04f) f0  0xffffffffffff7e00
core   0: 0x000000008000072c (0x00302273) csrr    tp, fcsr
core   0: 3 0x000000008000072c (0x00302273) x4  0x0000000000000000
core   0: 0x0000000080000730 (0x2400a827) fsw     ft0, 592(ra)
core   0: 3 0x0000000080000730 (0x2400a827) mem 0x0000000080009368 0xffff7e00
core   0: 0x0000000080000734 (0x2440bc23) sd      tp, 600(ra)
core   0: 3 0x0000000080000734 (0x2440bc23) mem 0x0000000080009370 0x0000000000000000
core   0: >>>>  inst_38
core   0: 0x0000000080000738 (0x1c81af07) flw     ft10, 456(gp)
core   0: 3 0x0000000080000738 (0x1c81af07) f30 0xfffffffffbfffbff mem 0x00000000800061d8
core   0: 0x000000008000073c (0x1cc1ae87) flw     ft9, 460(gp)
core   0: 3 0x000000008000073c (0x1cc1ae87) f29 0xffffffff00000000 mem 0x00000000800061dc
core   0: 0x0000000080000740 (0x1d01ae07) flw     ft8, 464(gp)
core   0: 3 0x0000000080000740 (0x1d01ae07) f28 0xffffffffffff0000 mem 0x00000000800061e0
core   0: 0x0000000080000744 (0x00000113) li      sp, 0
core   0: 3 0x0000000080000744 (0x00000113) x2  0x0000000000000000
core   0: 0x0000000080000748 (0x00311073) csrw    fcsr, sp
core   0: 3 0x0000000080000748 (0x00311073) c1_fflags 0x0000000000000000 c2_frm 0x0000000000000000
core   0: 0x000000008000074c (0xe5df7fcf) fnmadd.h ft11, ft10, ft9, ft8
core   0: 3 0x000000008000074c (0xe5df7fcf) f31 0xffffffffffff7e00
core   0: 0x0000000080000750 (0x00302273) csrr    tp, fcsr
core   0: 3 0x0000000080000750 (0x00302273) x4  0x0000000000000000
core   0: 0x0000000080000754 (0x27f0a027) fsw     ft11, 608(ra)
core   0: 3 0x0000000080000754 (0x27f0a027) mem 0x0000000080009378 0xffff7e00
core   0: 0x0000000080000758 (0x2640b423) sd      tp, 616(ra)
core   0: 3 0x0000000080000758 (0x2640b423) mem 0x0000000080009380 0x0000000000000000
core   0: >>>>  inst_39
core   0: 0x000000008000075c (0x1d41af07) flw     ft10, 468(gp)
core   0: 3 0x000000008000075c (0x1d41af07) f30 0xffffffff58575857 mem 0x00000000800061e4
core   0: 0x0000000080000760 (0x1d81ae87) flw     ft9, 472(gp)
core   0: 3 0x0000000080000760 (0x1d81ae87) f29 0xffffffff00000000 mem 0x00000000800061e8
core   0: 0x0000000080000764 (0x1dc1ae07) flw     ft8, 476(gp)
core   0: 3 0x0000000080000764 (0x1dc1ae07) f28 0xffffffffffff0000 mem 0x00000000800061ec
core   0: 0x0000000080000768 (0x00000113) li      sp, 0
core   0: 3 0x0000000080000768 (0x00000113) x2  0x0000000000000000
core   0: 0x000000008000076c (0x00311073) csrw    fcsr, sp
core   0: 3 0x000000008000076c (0x00311073) c1_fflags 0x0000000000000000 c2_frm 0x0000000000000000
core   0: 0x0000000080000770 (0xe5df7fcf) fnmadd.h ft11, ft10, ft9, ft8
core   0: 3 0x0000000080000770 (0xe5df7fcf) f31 0xffffffffffff7e00
core   0: 0x0000000080000774 (0x00302273) csrr    tp, fcsr
core   0: 3 0x0000000080000774 (0x00302273) x4  0x0000000000000000
core   0: 0x0000000080000778 (0x27f0a827) fsw     ft11, 624(ra)
core   0: 3 0x0000000080000778 (0x27f0a827) mem 0x0000000080009388 0xffff7e00
core   0: 0x000000008000077c (0x2640bc23) sd      tp, 632(ra)
core   0: 3 0x000000008000077c (0x2640bc23) mem 0x0000000080009390 0x0000000000000000
core   0: >>>>  inst_40
core   0: 0x0000000080000780 (0x1e01af07) flw     ft10, 480(gp)
core   0: 3 0x0000000080000780 (0x1e01af07) f30 0xffffffff00000000 mem 0x00000000800061f0
core   0: 0x0000000080000784 (0x1e41ae87) flw     ft9, 484(gp)
core   0: 3 0x0000000080000784 (0x1e41ae87) f29 0xffffffff00000000 mem 0x00000000800061f4
core   0: 0x0000000080000788 (0x1e81ae07) flw     ft8, 488(gp)
core   0: 3 0x0000000080000788 (0x1e81ae07) f28 0xffffffffffff0000 mem 0x00000000800061f8
core   0: 0x000000008000078c (0x00000113) li      sp, 0
core   0: 3 0x000000008000078c (0x00000113) x2  0x0000000000000000
core   0: 0x0000000080000790 (0x00311073) csrw    fcsr, sp
core   0: 3 0x0000000080000790 (0x00311073) c1_fflags 0x0000000000000000 c2_frm 0x0000000000000000
core   0: 0x0000000080000794 (0xe5df7fcf) fnmadd.h ft11, ft10, ft9, ft8
core   0: 3 0x0000000080000794 (0xe5df7fcf) f31 0xffffffffffff7e00
core   0: 0x0000000080000798 (0x00302273) csrr    tp, fcsr
core   0: 3 0x0000000080000798 (0x00302273) x4  0x0000000000000000
core   0: 0x000000008000079c (0x29f0a027) fsw     ft11, 640(ra)
core   0: 3 0x000000008000079c (0x29f0a027) mem 0x0000000080009398 0xffff7e00
core   0: 0x00000000800007a0 (0x2840b423) sd      tp, 648(ra)
core   0: 3 0x00000000800007a0 (0x2840b423) mem 0x00000000800093a0 0x0000000000000000
core   0: >>>>  inst_41
core   0: 0x00000000800007a4 (0x1ec1af07) flw     ft10, 492(gp)
core   0: 3 0x00000000800007a4 (0x1ec1af07) f30 0xfffffffffbfffbff mem 0x00000000800061fc
core   0: 0x00000000800007a8 (0x1f01ae87) flw     ft9, 496(gp)
core   0: 3 0x00000000800007a8 (0x1f01ae87) f29 0xffffffff00000000 mem 0x0000000080006200
core   0: 0x00000000800007ac (0x1f41ae07) flw     ft8, 500(gp)
core   0: 3 0x00000000800007ac (0x1f41ae07) f28 0xffffffffffff0000 mem 0x0000000080006204
core   0: 0x00000000800007b0 (0x00000113) li      sp, 0
core   0: 3 0x00000000800007b0 (0x00000113) x2  0x0000000000000000
core   0: 0x00000000800007b4 (0x00311073) csrw    fcsr, sp
core   0: 3 0x00000000800007b4 (0x00311073) c1_fflags 0x0000000000000000 c2_frm 0x0000000000000000
core   0: 0x00000000800007b8 (0xe5df7fcf) fnmadd.h ft11, ft10, ft9, ft8
core   0: 3 0x00000000800007b8 (0xe5df7fcf) f31 0xffffffffffff7e00
core   0: 0x00000000800007bc (0x00302273) csrr    tp, fcsr
core   0: 3 0x00000000800007bc (0x00302273) x4  0x0000000000000000
core   0: 0x00000000800007c0 (0x29f0a827) fsw     ft11, 656(ra)
core   0: 3 0x00000000800007c0 (0x29f0a827) mem 0x00000000800093a8 0xffff7e00
core   0: 0x00000000800007c4 (0x2840bc23) sd      tp, 664(ra)
core   0: 3 0x00000000800007c4 (0x2840bc23) mem 0x00000000800093b0 0x0000000000000000
core   0: >>>>  inst_42
core   0: 0x00000000800007c8 (0x1f81af07) flw     ft10, 504(gp)
core   0: 3 0x00000000800007c8 (0x1f81af07) f30 0xffffffff771f771f mem 0x0000000080006208
core   0: 0x00000000800007cc (0x1fc1ae87) flw     ft9, 508(gp)
core   0: 3 0x00000000800007cc (0x1fc1ae87) f29 0xffffffff00000000 mem 0x000000008000620c
core   0: 0x00000000800007d0 (0x2001ae07) flw     ft8, 512(gp)
core   0: 3 0x00000000800007d0 (0x2001ae07) f28 0xffffffffffff0000 mem 0x0000000080006210
core   0: 0x00000000800007d4 (0x00000113) li      sp, 0
core   0: 3 0x00000000800007d4 (0x00000113) x2  0x0000000000000000
core   0: 0x00000000800007d8 (0x00311073) csrw    fcsr, sp
core   0: 3 0x00000000800007d8 (0x00311073) c1_fflags 0x0000000000000000 c2_frm 0x0000000000000000
core   0: 0x00000000800007dc (0xe5df7fcf) fnmadd.h ft11, ft10, ft9, ft8
core   0: 3 0x00000000800007dc (0xe5df7fcf) f31 0xffffffffffff7e00
core   0: 0x00000000800007e0 (0x00302273) csrr    tp, fcsr
core   0: 3 0x00000000800007e0 (0x00302273) x4  0x0000000000000000
core   0: 0x00000000800007e4 (0x2bf0a027) fsw     ft11, 672(ra)
core   0: 3 0x00000000800007e4 (0x2bf0a027) mem 0x00000000800093b8 0xffff7e00
core   0: 0x00000000800007e8 (0x2a40b423) sd      tp, 680(ra)
core   0: 3 0x00000000800007e8 (0x2a40b423) mem 0x00000000800093c0 0x0000000000000000
core   0: >>>>  inst_43
core   0: 0x00000000800007ec (0x2041af07) flw     ft10, 516(gp)
core   0: 3 0x00000000800007ec (0x2041af07) f30 0xffffffff00000000 mem 0x0000000080006214
core   0: 0x00000000800007f0 (0x2081ae87) flw     ft9, 520(gp)
core   0: 3 0x00000000800007f0 (0x2081ae87) f29 0xffffffff00000000 mem 0x0000000080006218
core   0: 0x00000000800007f4 (0x20c1ae07) flw     ft8, 524(gp)
core   0: 3 0x00000000800007f4 (0x20c1ae07) f28 0xffffffffffff0000 mem 0x000000008000621c
core   0: 0x00000000800007f8 (0x00000113) li      sp, 0
core   0: 3 0x00000000800007f8 (0x00000113) x2  0x0000000000000000
core   0: 0x00000000800007fc (0x00311073) csrw    fcsr, sp
core   0: 3 0x00000000800007fc (0x00311073) c1_fflags 0x0000000000000000 c2_frm 0x0000000000000000
core   0: 0x0000000080000800 (0xe5df7fcf) fnmadd.h ft11, ft10, ft9, ft8
core   0: 3 0x0000000080000800 (0xe5df7fcf) f31 0xffffffffffff7e00
core   0: 0x0000000080000804 (0x00302273) csrr    tp, fcsr
core   0: 3 0x0000000080000804 (0x00302273) x4  0x0000000000000000
core   0: 0x0000000080000808 (0x2bf0a827) fsw     ft11, 688(ra)
core   0: 3 0x0000000080000808 (0x2bf0a827) mem 0x00000000800093c8 0xffff7e00
core   0: 0x000000008000080c (0x2a40bc23) sd      tp, 696(ra)
core   0: 3 0x000000008000080c (0x2a40bc23) mem 0x00000000800093d0 0x0000000000000000
core   0: >>>>  inst_44
core   0: 0x0000000080000810 (0x2101af07) flw     ft10, 528(gp)
core   0: 3 0x0000000080000810 (0x2101af07) f30 0xfffffffffbfffbff mem 0x0000000080006220
core   0: 0x0000000080000814 (0x2141ae87) flw     ft9, 532(gp)
core   0: 3 0x0000000080000814 (0x2141ae87) f29 0xffffffff00000000 mem 0x0000000080006224
core   0: 0x0000000080000818 (0x2181ae07) flw     ft8, 536(gp)
core   0: 3 0x0000000080000818 (0x2181ae07) f28 0xffffffffffff0000 mem 0x0000000080006228
core   0: 0x000000008000081c (0x00000113) li      sp, 0
core   0: 3 0x000000008000081c (0x00000113) x2  0x0000000000000000
core   0: 0x0000000080000820 (0x00311073) csrw    fcsr, sp
core   0: 3 0x0000000080000820 (0x00311073) c1_fflags 0x0000000000000000 c2_frm 0x0000000000000000
core   0: 0x0000000080000824 (0xe5df7fcf) fnmadd.h ft11, ft10, ft9, ft8
core   0: 3 0x0000000080000824 (0xe5df7fcf) f31 0xffffffffffff7e00
core   0: 0x0000000080000828 (0x00302273) csrr    tp, fcsr
core   0: 3 0x0000000080000828 (0x00302273) x4  0x0000000000000000
core   0: 0x000000008000082c (0x2df0a027) fsw     ft11, 704(ra)
core   0: 3 0x000000008000082c (0x2df0a027) mem 0x00000000800093d8 0xffff7e00
core   0: 0x0000000080000830 (0x2c40b423) sd      tp, 712(ra)
core   0: 3 0x0000000080000830 (0x2c40b423) mem 0x00000000800093e0 0x0000000000000000
core   0: >>>>  inst_45
core   0: 0x0000000080000834 (0x21c1af07) flw     ft10, 540(gp)
core   0: 3 0x0000000080000834 (0x21c1af07) f30 0xffffffff79c579c5 mem 0x000000008000622c
core   0: 0x0000000080000838 (0x2201ae87) flw     ft9, 544(gp)
core   0: 3 0x0000000080000838 (0x2201ae87) f29 0xffffffff00000000 mem 0x0000000080006230
core   0: 0x000000008000083c (0x2241ae07) flw     ft8, 548(gp)
core   0: 3 0x000000008000083c (0x2241ae07) f28 0xffffffffffff0000 mem 0x0000000080006234
core   0: 0x0000000080000840 (0x00000113) li      sp, 0
core   0: 3 0x0000000080000840 (0x00000113) x2  0x0000000000000000
core   0: 0x0000000080000844 (0x00311073) csrw    fcsr, sp
core   0: 3 0x0000000080000844 (0x00311073) c1_fflags 0x0000000000000000 c2_frm 0x0000000000000000
core   0: 0x0000000080000848 (0xe5df7fcf) fnmadd.h ft11, ft10, ft9, ft8
core   0: 3 0x0000000080000848 (0xe5df7fcf) f31 0xffffffffffff7e00
core   0: 0x000000008000084c (0x00302273) csrr    tp, fcsr
core   0: 3 0x000000008000084c (0x00302273) x4  0x0000000000000000
core   0: 0x0000000080000850 (0x2df0a827) fsw     ft11, 720(ra)
core   0: 3 0x0000000080000850 (0x2df0a827) mem 0x00000000800093e8 0xffff7e00
core   0: 0x0000000080000854 (0x2c40bc23) sd      tp, 728(ra)
core   0: 3 0x0000000080000854 (0x2c40bc23) mem 0x00000000800093f0 0x0000000000000000
core   0: >>>>  inst_46
core   0: 0x0000000080000858 (0x2281af07) flw     ft10, 552(gp)
core   0: 3 0x0000000080000858 (0x2281af07) f30 0xffffffff00000000 mem 0x0000000080006238
core   0: 0x000000008000085c (0x22c1ae87) flw     ft9, 556(gp)
core   0: 3 0x000000008000085c (0x22c1ae87) f29 0xffffffff00000000 mem 0x000000008000623c
core   0: 0x0000000080000860 (0x2301ae07) flw     ft8, 560(gp)
core   0: 3 0x0000000080000860 (0x2301ae07) f28 0xffffffffffff0000 mem 0x0000000080006240
core   0: 0x0000000080000864 (0x00000113) li      sp, 0
core   0: 3 0x0000000080000864 (0x00000113) x2  0x0000000000000000
core   0: 0x0000000080000868 (0x00311073) csrw    fcsr, sp
core   0: 3 0x0000000080000868 (0x00311073) c1_fflags 0x0000000000000000 c2_frm 0x0000000000000000
core   0: 0x000000008000086c (0xe5df7fcf) fnmadd.h ft11, ft10, ft9, ft8
core   0: 3 0x000000008000086c (0xe5df7fcf) f31 0xffffffffffff7e00
core   0: 0x0000000080000870 (0x00302273) csrr    tp, fcsr
core   0: 3 0x0000000080000870 (0x00302273) x4  0x0000000000000000
core   0: 0x0000000080000874 (0x2ff0a027) fsw     ft11, 736(ra)
core   0: 3 0x0000000080000874 (0x2ff0a027) mem 0x00000000800093f8 0xffff7e00
core   0: 0x0000000080000878 (0x2e40b423) sd      tp, 744(ra)
core   0: 3 0x0000000080000878 (0x2e40b423) mem 0x0000000080009400 0x0000000000000000
core   0: >>>>  inst_47
core   0: 0x000000008000087c (0x2341af07) flw     ft10, 564(gp)
core   0: 3 0x000000008000087c (0x2341af07) f30 0xfffffffffbfffbff mem 0x0000000080006244
core   0: 0x0000000080000880 (0x2381ae87) flw     ft9, 568(gp)
core   0: 3 0x0000000080000880 (0x2381ae87) f29 0xffffffff00000000 mem 0x0000000080006248
core   0: 0x0000000080000884 (0x23c1ae07) flw     ft8, 572(gp)
core   0: 3 0x0000000080000884 (0x23c1ae07) f28 0xffffffffffff0000 mem 0x000000008000624c
core   0: 0x0000000080000888 (0x00000113) li      sp, 0
core   0: 3 0x0000000080000888 (0x00000113) x2  0x0000000000000000
core   0: 0x000000008000088c (0x00311073) csrw    fcsr, sp
core   0: 3 0x000000008000088c (0x00311073) c1_fflags 0x0000000000000000 c2_frm 0x0000000000000000
core   0: 0x0000000080000890 (0xe5df7fcf) fnmadd.h ft11, ft10, ft9, ft8
core   0: 3 0x0000000080000890 (0xe5df7fcf) f31 0xffffffffffff7e00
core   0: 0x0000000080000894 (0x00302273) csrr    tp, fcsr
core   0: 3 0x0000000080000894 (0x00302273) x4  0x0000000000000000
core   0: 0x0000000080000898 (0x2ff0a827) fsw     ft11, 752(ra)
core   0: 3 0x0000000080000898 (0x2ff0a827) mem 0x0000000080009408 0xffff7e00
core   0: 0x000000008000089c (0x2e40bc23) sd      tp, 760(ra)
core   0: 3 0x000000008000089c (0x2e40bc23) mem 0x0000000080009410 0x0000000000000000
core   0: >>>>  inst_48
core   0: 0x00000000800008a0 (0x2401af07) flw     ft10, 576(gp)
core   0: 3 0x00000000800008a0 (0x2401af07) f30 0xffffffff73517351 mem 0x0000000080006250
core   0: 0x00000000800008a4 (0x2441ae87) flw     ft9, 580(gp)
core   0: 3 0x00000000800008a4 (0x2441ae87) f29 0xffffffff00000000 mem 0x0000000080006254
core   0: 0x00000000800008a8 (0x2481ae07) flw     ft8, 584(gp)
core   0: 3 0x00000000800008a8 (0x2481ae07) f28 0xffffffffffff0000 mem 0x0000000080006258
core   0: 0x00000000800008ac (0x00000113) li      sp, 0
core   0: 3 0x00000000800008ac (0x00000113) x2  0x0000000000000000
core   0: 0x00000000800008b0 (0x00311073) csrw    fcsr, sp
core   0: 3 0x00000000800008b0 (0x00311073) c1_fflags 0x0000000000000000 c2_frm 0x0000000000000000
core   0: 0x00000000800008b4 (0xe5df7fcf) fnmadd.h ft11, ft10, ft9, ft8
core   0: 3 0x00000000800008b4 (0xe5df7fcf) f31 0xffffffffffff7e00
core   0: 0x00000000800008b8 (0x00302273) csrr    tp, fcsr
core   0: 3 0x00000000800008b8 (0x00302273) x4  0x0000000000000000
core   0: 0x00000000800008bc (0x31f0a027) fsw     ft11, 768(ra)
core   0: 3 0x00000000800008bc (0x31f0a027) mem 0x0000000080009418 0xffff7e00
core   0: 0x00000000800008c0 (0x3040b423) sd      tp, 776(ra)
core   0: 3 0x00000000800008c0 (0x3040b423) mem 0x0000000080009420 0x0000000000000000
core   0: >>>>  inst_49
core   0: 0x00000000800008c4 (0x24c1af07) flw     ft10, 588(gp)
core   0: 3 0x00000000800008c4 (0x24c1af07) f30 0xffffffff00000000 mem 0x000000008000625c
core   0: 0x00000000800008c8 (0x2501ae87) flw     ft9, 592(gp)
core   0: 3 0x00000000800008c8 (0x2501ae87) f29 0xffffffff00000000 mem 0x0000000080006260
core   0: 0x00000000800008cc (0x2541ae07) flw     ft8, 596(gp)
core   0: 3 0x00000000800008cc (0x2541ae07) f28 0xffffffffffff0000 mem 0x0000000080006264
core   0: 0x00000000800008d0 (0x00000113) li      sp, 0
core   0: 3 0x00000000800008d0 (0x00000113) x2  0x0000000000000000
core   0: 0x00000000800008d4 (0x00311073) csrw    fcsr, sp
core   0: 3 0x00000000800008d4 (0x00311073) c1_fflags 0x0000000000000000 c2_frm 0x0000000000000000
core   0: 0x00000000800008d8 (0xe5df7fcf) fnmadd.h ft11, ft10, ft9, ft8
core   0: 3 0x00000000800008d8 (0xe5df7fcf) f31 0xffffffffffff7e00
core   0: 0x00000000800008dc (0x00302273) csrr    tp, fcsr
core   0: 3 0x00000000800008dc (0x00302273) x4  0x0000000000000000
core   0: 0x00000000800008e0 (0x31f0a827) fsw     ft11, 784(ra)
core   0: 3 0x00000000800008e0 (0x31f0a827) mem 0x0000000080009428 0xffff7e00
core   0: 0x00000000800008e4 (0x3040bc23) sd      tp, 792(ra)
core   0: 3 0x00000000800008e4 (0x3040bc23) mem 0x0000000080009430 0x0000000000000000
core   0: >>>>  inst_50
core   0: 0x00000000800008e8 (0x2581af07) flw     ft10, 600(gp)
core   0: 3 0x00000000800008e8 (0x2581af07) f30 0xfffffffffbfffbff mem 0x0000000080006268
core   0: 0x00000000800008ec (0x25c1ae87) flw     ft9, 604(gp)
core   0: 3 0x00000000800008ec (0x25c1ae87) f29 0xffffffff00000000 mem 0x000000008000626c
core   0: 0x00000000800008f0 (0x2601ae07) flw     ft8, 608(gp)
core   0: 3 0x00000000800008f0 (0x2601ae07) f28 0xffffffffffff0000 mem 0x0000000080006270
core   0: 0x00000000800008f4 (0x00000113) li      sp, 0
core   0: 3 0x00000000800008f4 (0x00000113) x2  0x0000000000000000
core   0: 0x00000000800008f8 (0x00311073) csrw    fcsr, sp
core   0: 3 0x00000000800008f8 (0x00311073) c1_fflags 0x0000000000000000 c2_frm 0x0000000000000000
core   0: 0x00000000800008fc (0xe5df7fcf) fnmadd.h ft11, ft10, ft9, ft8
core   0: 3 0x00000000800008fc (0xe5df7fcf) f31 0xffffffffffff7e00
core   0: 0x0000000080000900 (0x00302273) csrr    tp, fcsr
core   0: 3 0x0000000080000900 (0x00302273) x4  0x0000000000000000
core   0: 0x0000000080000904 (0x33f0a027) fsw     ft11, 800(ra)
core   0: 3 0x0000000080000904 (0x33f0a027) mem 0x0000000080009438 0xffff7e00
core   0: 0x0000000080000908 (0x3240b423) sd      tp, 808(ra)
core   0: 3 0x0000000080000908 (0x3240b423) mem 0x0000000080009440 0x0000000000000000
core   0: >>>>  inst_51
core   0: 0x000000008000090c (0x2641af07) flw     ft10, 612(gp)
core   0: 3 0x000000008000090c (0x2641af07) f30 0xffffffff7b8e7b8e mem 0x0000000080006274
core   0: 0x0000000080000910 (0x2681ae87) flw     ft9, 616(gp)
core   0: 3 0x0000000080000910 (0x2681ae87) f29 0xffffffff00000000 mem 0x0000000080006278
core   0: 0x0000000080000914 (0x26c1ae07) flw     ft8, 620(gp)
core   0: 3 0x0000000080000914 (0x26c1ae07) f28 0xffffffffffff0000 mem 0x000000008000627c
core   0: 0x0000000080000918 (0x00000113) li      sp, 0
core   0: 3 0x0000000080000918 (0x00000113) x2  0x0000000000000000
core   0: 0x000000008000091c (0x00311073) csrw    fcsr, sp
core   0: 3 0x000000008000091c (0x00311073) c1_fflags 0x0000000000000000 c2_frm 0x0000000000000000
core   0: 0x0000000080000920 (0xe5df7fcf) fnmadd.h ft11, ft10, ft9, ft8
core   0: 3 0x0000000080000920 (0xe5df7fcf) f31 0xffffffffffff7e00
core   0: 0x0000000080000924 (0x00302273) csrr    tp, fcsr
core   0: 3 0x0000000080000924 (0x00302273) x4  0x0000000000000000
core   0: 0x0000000080000928 (0x33f0a827) fsw     ft11, 816(ra)
core   0: 3 0x0000000080000928 (0x33f0a827) mem 0x0000000080009448 0xffff7e00
core   0: 0x000000008000092c (0x3240bc23) sd      tp, 824(ra)
core   0: 3 0x000000008000092c (0x3240bc23) mem 0x0000000080009450 0x0000000000000000
core   0: >>>>  inst_52
core   0: 0x0000000080000930 (0x2701af07) flw     ft10, 624(gp)
core   0: 3 0x0000000080000930 (0x2701af07) f30 0xffffffff00000000 mem 0x0000000080006280
core   0: 0x0000000080000934 (0x2741ae87) flw     ft9, 628(gp)
core   0: 3 0x0000000080000934 (0x2741ae87) f29 0xffffffff00000000 mem 0x0000000080006284
core   0: 0x0000000080000938 (0x2781ae07) flw     ft8, 632(gp)
core   0: 3 0x0000000080000938 (0x2781ae07) f28 0xffffffffffff0000 mem 0x0000000080006288
core   0: 0x000000008000093c (0x00000113) li      sp, 0
core   0: 3 0x000000008000093c (0x00000113) x2  0x0000000000000000
core   0: 0x0000000080000940 (0x00311073) csrw    fcsr, sp
core   0: 3 0x0000000080000940 (0x00311073) c1_fflags 0x0000000000000000 c2_frm 0x0000000000000000
core   0: 0x0000000080000944 (0xe5df7fcf) fnmadd.h ft11, ft10, ft9, ft8
core   0: 3 0x0000000080000944 (0xe5df7fcf) f31 0xffffffffffff7e00
core   0: 0x0000000080000948 (0x00302273) csrr    tp, fcsr
core   0: 3 0x0000000080000948 (0x00302273) x4  0x0000000000000000
core   0: 0x000000008000094c (0x35f0a027) fsw     ft11, 832(ra)
core   0: 3 0x000000008000094c (0x35f0a027) mem 0x0000000080009458 0xffff7e00
core   0: 0x0000000080000950 (0x3440b423) sd      tp, 840(ra)
core   0: 3 0x0000000080000950 (0x3440b423) mem 0x0000000080009460 0x0000000000000000
core   0: >>>>  inst_53
core   0: 0x0000000080000954 (0x27c1af07) flw     ft10, 636(gp)
core   0: 3 0x0000000080000954 (0x27c1af07) f30 0xfffffffffbfffbff mem 0x000000008000628c
core   0: 0x0000000080000958 (0x2801ae87) flw     ft9, 640(gp)
core   0: 3 0x0000000080000958 (0x2801ae87) f29 0xffffffff00000000 mem 0x0000000080006290
core   0: 0x000000008000095c (0x2841ae07) flw     ft8, 644(gp)
core   0: 3 0x000000008000095c (0x2841ae07) f28 0xffffffffffff0000 mem 0x0000000080006294
core   0: 0x0000000080000960 (0x00000113) li      sp, 0
core   0: 3 0x0000000080000960 (0x00000113) x2  0x0000000000000000
core   0: 0x0000000080000964 (0x00311073) csrw    fcsr, sp
core   0: 3 0x0000000080000964 (0x00311073) c1_fflags 0x0000000000000000 c2_frm 0x0000000000000000
core   0: 0x0000000080000968 (0xe5df7fcf) fnmadd.h ft11, ft10, ft9, ft8
core   0: 3 0x0000000080000968 (0xe5df7fcf) f31 0xffffffffffff7e00
core   0: 0x000000008000096c (0x00302273) csrr    tp, fcsr
core   0: 3 0x000000008000096c (0x00302273) x4  0x0000000000000000
core   0: 0x0000000080000970 (0x35f0a827) fsw     ft11, 848(ra)
core   0: 3 0x0000000080000970 (0x35f0a827) mem 0x0000000080009468 0xffff7e00
core   0: 0x0000000080000974 (0x3440bc23) sd      tp, 856(ra)
core   0: 3 0x0000000080000974 (0x3440bc23) mem 0x0000000080009470 0x0000000000000000
core   0: >>>>  inst_54
core   0: 0x0000000080000978 (0x2881af07) flw     ft10, 648(gp)
core   0: 3 0x0000000080000978 (0x2881af07) f30 0xffffffff7b357b35 mem 0x0000000080006298
core   0: 0x000000008000097c (0x28c1ae87) flw     ft9, 652(gp)
core   0: 3 0x000000008000097c (0x28c1ae87) f29 0xffffffff00000000 mem 0x000000008000629c
core   0: 0x0000000080000980 (0x2901ae07) flw     ft8, 656(gp)
core   0: 3 0x0000000080000980 (0x2901ae07) f28 0xffffffffffff0000 mem 0x00000000800062a0
core   0: 0x0000000080000984 (0x00000113) li      sp, 0
core   0: 3 0x0000000080000984 (0x00000113) x2  0x0000000000000000
core   0: 0x0000000080000988 (0x00311073) csrw    fcsr, sp
core   0: 3 0x0000000080000988 (0x00311073) c1_fflags 0x0000000000000000 c2_frm 0x0000000000000000
core   0: 0x000000008000098c (0xe5df7fcf) fnmadd.h ft11, ft10, ft9, ft8
core   0: 3 0x000000008000098c (0xe5df7fcf) f31 0xffffffffffff7e00
core   0: 0x0000000080000990 (0x00302273) csrr    tp, fcsr
core   0: 3 0x0000000080000990 (0x00302273) x4  0x0000000000000000
core   0: 0x0000000080000994 (0x37f0a027) fsw     ft11, 864(ra)
core   0: 3 0x0000000080000994 (0x37f0a027) mem 0x0000000080009478 0xffff7e00
core   0: 0x0000000080000998 (0x3640b423) sd      tp, 872(ra)
core   0: 3 0x0000000080000998 (0x3640b423) mem 0x0000000080009480 0x0000000000000000
core   0: >>>>  inst_55
core   0: 0x000000008000099c (0x2941af07) flw     ft10, 660(gp)
core   0: 3 0x000000008000099c (0x2941af07) f30 0xffffffff00000000 mem 0x00000000800062a4
core   0: 0x00000000800009a0 (0x2981ae87) flw     ft9, 664(gp)
core   0: 3 0x00000000800009a0 (0x2981ae87) f29 0xffffffff00000000 mem 0x00000000800062a8
core   0: 0x00000000800009a4 (0x29c1ae07) flw     ft8, 668(gp)
core   0: 3 0x00000000800009a4 (0x29c1ae07) f28 0xffffffffffff0000 mem 0x00000000800062ac
core   0: 0x00000000800009a8 (0x00000113) li      sp, 0
core   0: 3 0x00000000800009a8 (0x00000113) x2  0x0000000000000000
core   0: 0x00000000800009ac (0x00311073) csrw    fcsr, sp
core   0: 3 0x00000000800009ac (0x00311073) c1_fflags 0x0000000000000000 c2_frm 0x0000000000000000
core   0: 0x00000000800009b0 (0xe5df7fcf) fnmadd.h ft11, ft10, ft9, ft8
core   0: 3 0x00000000800009b0 (0xe5df7fcf) f31 0xffffffffffff7e00
core   0: 0x00000000800009b4 (0x00302273) csrr    tp, fcsr
core   0: 3 0x00000000800009b4 (0x00302273) x4  0x0000000000000000
core   0: 0x00000000800009b8 (0x37f0a827) fsw     ft11, 880(ra)
core   0: 3 0x00000000800009b8 (0x37f0a827) mem 0x0000000080009488 0xffff7e00
core   0: 0x00000000800009bc (0x3640bc23) sd      tp, 888(ra)
core   0: 3 0x00000000800009bc (0x3640bc23) mem 0x0000000080009490 0x0000000000000000
core   0: >>>>  inst_56
core   0: 0x00000000800009c0 (0x2a01af07) flw     ft10, 672(gp)
core   0: 3 0x00000000800009c0 (0x2a01af07) f30 0xfffffffffbfffbff mem 0x00000000800062b0
core   0: 0x00000000800009c4 (0x2a41ae87) flw     ft9, 676(gp)
core   0: 3 0x00000000800009c4 (0x2a41ae87) f29 0xffffffff00000000 mem 0x00000000800062b4
core   0: 0x00000000800009c8 (0x2a81ae07) flw     ft8, 680(gp)
core   0: 3 0x00000000800009c8 (0x2a81ae07) f28 0xffffffffffff0000 mem 0x00000000800062b8
core   0: 0x00000000800009cc (0x00000113) li      sp, 0
core   0: 3 0x00000000800009cc (0x00000113) x2  0x0000000000000000
core   0: 0x00000000800009d0 (0x00311073) csrw    fcsr, sp
core   0: 3 0x00000000800009d0 (0x00311073) c1_fflags 0x0000000000000000 c2_frm 0x0000000000000000
core   0: 0x00000000800009d4 (0xe5df7fcf) fnmadd.h ft11, ft10, ft9, ft8
core   0: 3 0x00000000800009d4 (0xe5df7fcf) f31 0xffffffffffff7e00
core   0: 0x00000000800009d8 (0x00302273) csrr    tp, fcsr
core   0: 3 0x00000000800009d8 (0x00302273) x4  0x0000000000000000
core   0: 0x00000000800009dc (0x39f0a027) fsw     ft11, 896(ra)
core   0: 3 0x00000000800009dc (0x39f0a027) mem 0x0000000080009498 0xffff7e00
core   0: 0x00000000800009e0 (0x3840b423) sd      tp, 904(ra)
core   0: 3 0x00000000800009e0 (0x3840b423) mem 0x00000000800094a0 0x0000000000000000
core   0: >>>>  inst_57
core   0: 0x00000000800009e4 (0x2ac1af07) flw     ft10, 684(gp)
core   0: 3 0x00000000800009e4 (0x2ac1af07) f30 0xffffffff67d467d4 mem 0x00000000800062bc
core   0: 0x00000000800009e8 (0x2b01ae87) flw     ft9, 688(gp)
core   0: 3 0x00000000800009e8 (0x2b01ae87) f29 0xffffffff00000000 mem 0x00000000800062c0
core   0: 0x00000000800009ec (0x2b41ae07) flw     ft8, 692(gp)
core   0: 3 0x00000000800009ec (0x2b41ae07) f28 0xffffffffffff0000 mem 0x00000000800062c4
core   0: 0x00000000800009f0 (0x00000113) li      sp, 0
core   0: 3 0x00000000800009f0 (0x00000113) x2  0x0000000000000000
core   0: 0x00000000800009f4 (0x00311073) csrw    fcsr, sp
core   0: 3 0x00000000800009f4 (0x00311073) c1_fflags 0x0000000000000000 c2_frm 0x0000000000000000
core   0: 0x00000000800009f8 (0xe5df7fcf) fnmadd.h ft11, ft10, ft9, ft8
core   0: 3 0x00000000800009f8 (0xe5df7fcf) f31 0xffffffffffff7e00
core   0: 0x00000000800009fc (0x00302273) csrr    tp, fcsr
core   0: 3 0x00000000800009fc (0x00302273) x4  0x0000000000000000
core   0: 0x0000000080000a00 (0x39f0a827) fsw     ft11, 912(ra)
core   0: 3 0x0000000080000a00 (0x39f0a827) mem 0x00000000800094a8 0xffff7e00
core   0: 0x0000000080000a04 (0x3840bc23) sd      tp, 920(ra)
core   0: 3 0x0000000080000a04 (0x3840bc23) mem 0x00000000800094b0 0x0000000000000000
core   0: >>>>  inst_58
core   0: 0x0000000080000a08 (0x2b81af07) flw     ft10, 696(gp)
core   0: 3 0x0000000080000a08 (0x2b81af07) f30 0xffffffff00000000 mem 0x00000000800062c8
core   0: 0x0000000080000a0c (0x2bc1ae87) flw     ft9, 700(gp)
core   0: 3 0x0000000080000a0c (0x2bc1ae87) f29 0xffffffff00000000 mem 0x00000000800062cc
core   0: 0x0000000080000a10 (0x2c01ae07) flw     ft8, 704(gp)
core   0: 3 0x0000000080000a10 (0x2c01ae07) f28 0xffffffffffff0000 mem 0x00000000800062d0
core   0: 0x0000000080000a14 (0x00000113) li      sp, 0
core   0: 3 0x0000000080000a14 (0x00000113) x2  0x0000000000000000
core   0: 0x0000000080000a18 (0x00311073) csrw    fcsr, sp
core   0: 3 0x0000000080000a18 (0x00311073) c1_fflags 0x0000000000000000 c2_frm 0x0000000000000000
core   0: 0x0000000080000a1c (0xe5df7fcf) fnmadd.h ft11, ft10, ft9, ft8
core   0: 3 0x0000000080000a1c (0xe5df7fcf) f31 0xffffffffffff7e00
core   0: 0x0000000080000a20 (0x00302273) csrr    tp, fcsr
core   0: 3 0x0000000080000a20 (0x00302273) x4  0x0000000000000000
core   0: 0x0000000080000a24 (0x3bf0a027) fsw     ft11, 928(ra)
core   0: 3 0x0000000080000a24 (0x3bf0a027) mem 0x00000000800094b8 0xffff7e00
core   0: 0x0000000080000a28 (0x3a40b423) sd      tp, 936(ra)
core   0: 3 0x0000000080000a28 (0x3a40b423) mem 0x00000000800094c0 0x0000000000000000
core   0: >>>>  inst_59
core   0: 0x0000000080000a2c (0x2c41af07) flw     ft10, 708(gp)
core   0: 3 0x0000000080000a2c (0x2c41af07) f30 0xfffffffffbfffbff mem 0x00000000800062d4
core   0: 0x0000000080000a30 (0x2c81ae87) flw     ft9, 712(gp)
core   0: 3 0x0000000080000a30 (0x2c81ae87) f29 0xffffffff00000000 mem 0x00000000800062d8
core   0: 0x0000000080000a34 (0x2cc1ae07) flw     ft8, 716(gp)
core   0: 3 0x0000000080000a34 (0x2cc1ae07) f28 0xffffffffffff0000 mem 0x00000000800062dc
core   0: 0x0000000080000a38 (0x00000113) li      sp, 0
core   0: 3 0x0000000080000a38 (0x00000113) x2  0x0000000000000000
core   0: 0x0000000080000a3c (0x00311073) csrw    fcsr, sp
core   0: 3 0x0000000080000a3c (0x00311073) c1_fflags 0x0000000000000000 c2_frm 0x0000000000000000
core   0: 0x0000000080000a40 (0xe5df7fcf) fnmadd.h ft11, ft10, ft9, ft8
core   0: 3 0x0000000080000a40 (0xe5df7fcf) f31 0xffffffffffff7e00
core   0: 0x0000000080000a44 (0x00302273) csrr    tp, fcsr
core   0: 3 0x0000000080000a44 (0x00302273) x4  0x0000000000000000
core   0: 0x0000000080000a48 (0x3bf0a827) fsw     ft11, 944(ra)
core   0: 3 0x0000000080000a48 (0x3bf0a827) mem 0x00000000800094c8 0xffff7e00
core   0: 0x0000000080000a4c (0x3a40bc23) sd      tp, 952(ra)
core   0: 3 0x0000000080000a4c (0x3a40bc23) mem 0x00000000800094d0 0x0000000000000000
core   0: >>>>  inst_60
core   0: 0x0000000080000a50 (0x2d01af07) flw     ft10, 720(gp)
core   0: 3 0x0000000080000a50 (0x2d01af07) f30 0xffffffff66836683 mem 0x00000000800062e0
core   0: 0x0000000080000a54 (0x2d41ae87) flw     ft9, 724(gp)
core   0: 3 0x0000000080000a54 (0x2d41ae87) f29 0xffffffff00000000 mem 0x00000000800062e4
core   0: 0x0000000080000a58 (0x2d81ae07) flw     ft8, 728(gp)
core   0: 3 0x0000000080000a58 (0x2d81ae07) f28 0xffffffffffff0000 mem 0x00000000800062e8
core   0: 0x0000000080000a5c (0x00000113) li      sp, 0
core   0: 3 0x0000000080000a5c (0x00000113) x2  0x0000000000000000
core   0: 0x0000000080000a60 (0x00311073) csrw    fcsr, sp
core   0: 3 0x0000000080000a60 (0x00311073) c1_fflags 0x0000000000000000 c2_frm 0x0000000000000000
core   0: 0x0000000080000a64 (0xe5df7fcf) fnmadd.h ft11, ft10, ft9, ft8
core   0: 3 0x0000000080000a64 (0xe5df7fcf) f31 0xffffffffffff7e00
core   0: 0x0000000080000a68 (0x00302273) csrr    tp, fcsr
core   0: 3 0x0000000080000a68 (0x00302273) x4  0x0000000000000000
core   0: 0x0000000080000a6c (0x3df0a027) fsw     ft11, 960(ra)
core   0: 3 0x0000000080000a6c (0x3df0a027) mem 0x00000000800094d8 0xffff7e00
core   0: 0x0000000080000a70 (0x3c40b423) sd      tp, 968(ra)
core   0: 3 0x0000000080000a70 (0x3c40b423) mem 0x00000000800094e0 0x0000000000000000
core   0: >>>>  inst_61
core   0: 0x0000000080000a74 (0x2dc1af07) flw     ft10, 732(gp)
core   0: 3 0x0000000080000a74 (0x2dc1af07) f30 0xffffffff00000000 mem 0x00000000800062ec
core   0: 0x0000000080000a78 (0x2e01ae87) flw     ft9, 736(gp)
core   0: 3 0x0000000080000a78 (0x2e01ae87) f29 0xffffffff00000000 mem 0x00000000800062f0
core   0: 0x0000000080000a7c (0x2e41ae07) flw     ft8, 740(gp)
core   0: 3 0x0000000080000a7c (0x2e41ae07) f28 0xffffffffffff0000 mem 0x00000000800062f4
core   0: 0x0000000080000a80 (0x00000113) li      sp, 0
core   0: 3 0x0000000080000a80 (0x00000113) x2  0x0000000000000000
core   0: 0x0000000080000a84 (0x00311073) csrw    fcsr, sp
core   0: 3 0x0000000080000a84 (0x00311073) c1_fflags 0x0000000000000000 c2_frm 0x0000000000000000
core   0: 0x0000000080000a88 (0xe5df7fcf) fnmadd.h ft11, ft10, ft9, ft8
core   0: 3 0x0000000080000a88 (0xe5df7fcf) f31 0xffffffffffff7e00
core   0: 0x0000000080000a8c (0x00302273) csrr    tp, fcsr
core   0: 3 0x0000000080000a8c (0x00302273) x4  0x0000000000000000
core   0: 0x0000000080000a90 (0x3df0a827) fsw     ft11, 976(ra)
core   0: 3 0x0000000080000a90 (0x3df0a827) mem 0x00000000800094e8 0xffff7e00
core   0: 0x0000000080000a94 (0x3c40bc23) sd      tp, 984(ra)
core   0: 3 0x0000000080000a94 (0x3c40bc23) mem 0x00000000800094f0 0x0000000000000000
core   0: >>>>  inst_62
core   0: 0x0000000080000a98 (0x2e81af07) flw     ft10, 744(gp)
core   0: 3 0x0000000080000a98 (0x2e81af07) f30 0xfffffffffbfffbff mem 0x00000000800062f8
core   0: 0x0000000080000a9c (0x2ec1ae87) flw     ft9, 748(gp)
core   0: 3 0x0000000080000a9c (0x2ec1ae87) f29 0xffffffff00000000 mem 0x00000000800062fc
core   0: 0x0000000080000aa0 (0x2f01ae07) flw     ft8, 752(gp)
core   0: 3 0x0000000080000aa0 (0x2f01ae07) f28 0xffffffffffff0000 mem 0x0000000080006300
core   0: 0x0000000080000aa4 (0x00000113) li      sp, 0
core   0: 3 0x0000000080000aa4 (0x00000113) x2  0x0000000000000000
core   0: 0x0000000080000aa8 (0x00311073) csrw    fcsr, sp
core   0: 3 0x0000000080000aa8 (0x00311073) c1_fflags 0x0000000000000000 c2_frm 0x0000000000000000
core   0: 0x0000000080000aac (0xe5df7fcf) fnmadd.h ft11, ft10, ft9, ft8
core   0: 3 0x0000000080000aac (0xe5df7fcf) f31 0xffffffffffff7e00
core   0: 0x0000000080000ab0 (0x00302273) csrr    tp, fcsr
core   0: 3 0x0000000080000ab0 (0x00302273) x4  0x0000000000000000
core   0: 0x0000000080000ab4 (0x3ff0a027) fsw     ft11, 992(ra)
core   0: 3 0x0000000080000ab4 (0x3ff0a027) mem 0x00000000800094f8 0xffff7e00
core   0: 0x0000000080000ab8 (0x3e40b423) sd      tp, 1000(ra)
core   0: 3 0x0000000080000ab8 (0x3e40b423) mem 0x0000000080009500 0x0000000000000000
core   0: >>>>  inst_63
core   0: 0x0000000080000abc (0x2f41af07) flw     ft10, 756(gp)
core   0: 3 0x0000000080000abc (0x2f41af07) f30 0xffffffff78547854 mem 0x0000000080006304
core   0: 0x0000000080000ac0 (0x2f81ae87) flw     ft9, 760(gp)
core   0: 3 0x0000000080000ac0 (0x2f81ae87) f29 0xffffffff00000000 mem 0x0000000080006308
core   0: 0x0000000080000ac4 (0x2fc1ae07) flw     ft8, 764(gp)
core   0: 3 0x0000000080000ac4 (0x2fc1ae07) f28 0xffffffffffff0000 mem 0x000000008000630c
core   0: 0x0000000080000ac8 (0x00000113) li      sp, 0
core   0: 3 0x0000000080000ac8 (0x00000113) x2  0x0000000000000000
core   0: 0x0000000080000acc (0x00311073) csrw    fcsr, sp
core   0: 3 0x0000000080000acc (0x00311073) c1_fflags 0x0000000000000000 c2_frm 0x0000000000000000
core   0: 0x0000000080000ad0 (0xe5df7fcf) fnmadd.h ft11, ft10, ft9, ft8
core   0: 3 0x0000000080000ad0 (0xe5df7fcf) f31 0xffffffffffff7e00
core   0: 0x0000000080000ad4 (0x00302273) csrr    tp, fcsr
core   0: 3 0x0000000080000ad4 (0x00302273) x4  0x0000000000000000
core   0: 0x0000000080000ad8 (0x3ff0a827) fsw     ft11, 1008(ra)
core   0: 3 0x0000000080000ad8 (0x3ff0a827) mem 0x0000000080009508 0xffff7e00
core   0: 0x0000000080000adc (0x3e40bc23) sd      tp, 1016(ra)
core   0: 3 0x0000000080000adc (0x3e40bc23) mem 0x0000000080009510 0x0000000000000000
core   0: >>>>  inst_64
core   0: 0x0000000080000ae0 (0x3001af07) flw     ft10, 768(gp)
core   0: 3 0x0000000080000ae0 (0x3001af07) f30 0xffffffff80008000 mem 0x0000000080006310
core   0: 0x0000000080000ae4 (0x3041ae87) flw     ft9, 772(gp)
core   0: 3 0x0000000080000ae4 (0x3041ae87) f29 0xffffffff00000000 mem 0x0000000080006314
core   0: 0x0000000080000ae8 (0x3081ae07) flw     ft8, 776(gp)
core   0: 3 0x0000000080000ae8 (0x3081ae07) f28 0xffffffffffff0000 mem 0x0000000080006318
core   0: 0x0000000080000aec (0x00000113) li      sp, 0
core   0: 3 0x0000000080000aec (0x00000113) x2  0x0000000000000000
core   0: 0x0000000080000af0 (0x00311073) csrw    fcsr, sp
core   0: 3 0x0000000080000af0 (0x00311073) c1_fflags 0x0000000000000000 c2_frm 0x0000000000000000
core   0: 0x0000000080000af4 (0xe5df7fcf) fnmadd.h ft11, ft10, ft9, ft8
core   0: 3 0x0000000080000af4 (0xe5df7fcf) f31 0xffffffffffff7e00
core   0: 0x0000000080000af8 (0x00302273) csrr    tp, fcsr
core   0: 3 0x0000000080000af8 (0x00302273) x4  0x0000000000000000
core   0: 0x0000000080000afc (0x41f0a027) fsw     ft11, 1024(ra)
core   0: 3 0x0000000080000afc (0x41f0a027) mem 0x0000000080009518 0xffff7e00
core   0: 0x0000000080000b00 (0x4040b423) sd      tp, 1032(ra)
core   0: 3 0x0000000080000b00 (0x4040b423) mem 0x0000000080009520 0x0000000000000000
core   0: >>>>  inst_65
core   0: 0x0000000080000b04 (0x30c1af07) flw     ft10, 780(gp)
core   0: 3 0x0000000080000b04 (0x30c1af07) f30 0xfffffffffbfffbff mem 0x000000008000631c
core   0: 0x0000000080000b08 (0x3101ae87) flw     ft9, 784(gp)
core   0: 3 0x0000000080000b08 (0x3101ae87) f29 0xffffffff00000000 mem 0x0000000080006320
core   0: 0x0000000080000b0c (0x3141ae07) flw     ft8, 788(gp)
core   0: 3 0x0000000080000b0c (0x3141ae07) f28 0xffffffffffff0000 mem 0x0000000080006324
core   0: 0x0000000080000b10 (0x00000113) li      sp, 0
core   0: 3 0x0000000080000b10 (0x00000113) x2  0x0000000000000000
core   0: 0x0000000080000b14 (0x00311073) csrw    fcsr, sp
core   0: 3 0x0000000080000b14 (0x00311073) c1_fflags 0x0000000000000000 c2_frm 0x0000000000000000
core   0: 0x0000000080000b18 (0xe5df7fcf) fnmadd.h ft11, ft10, ft9, ft8
core   0: 3 0x0000000080000b18 (0xe5df7fcf) f31 0xffffffffffff7e00
core   0: 0x0000000080000b1c (0x00302273) csrr    tp, fcsr
core   0: 3 0x0000000080000b1c (0x00302273) x4  0x0000000000000000
core   0: 0x0000000080000b20 (0x41f0a827) fsw     ft11, 1040(ra)
core   0: 3 0x0000000080000b20 (0x41f0a827) mem 0x0000000080009528 0xffff7e00
core   0: 0x0000000080000b24 (0x4040bc23) sd      tp, 1048(ra)
core   0: 3 0x0000000080000b24 (0x4040bc23) mem 0x0000000080009530 0x0000000000000000
core   0: >>>>  inst_66
core   0: 0x0000000080000b28 (0x3181af07) flw     ft10, 792(gp)
core   0: 3 0x0000000080000b28 (0x3181af07) f30 0xffffffff7b827b82 mem 0x0000000080006328
core   0: 0x0000000080000b2c (0x31c1ae87) flw     ft9, 796(gp)
core   0: 3 0x0000000080000b2c (0x31c1ae87) f29 0xffffffff00000000 mem 0x000000008000632c
core   0: 0x0000000080000b30 (0x3201ae07) flw     ft8, 800(gp)
core   0: 3 0x0000000080000b30 (0x3201ae07) f28 0xffffffffffff0000 mem 0x0000000080006330
core   0: 0x0000000080000b34 (0x00000113) li      sp, 0
core   0: 3 0x0000000080000b34 (0x00000113) x2  0x0000000000000000
core   0: 0x0000000080000b38 (0x00311073) csrw    fcsr, sp
core   0: 3 0x0000000080000b38 (0x00311073) c1_fflags 0x0000000000000000 c2_frm 0x0000000000000000
core   0: 0x0000000080000b3c (0xe5df7fcf) fnmadd.h ft11, ft10, ft9, ft8
core   0: 3 0x0000000080000b3c (0xe5df7fcf) f31 0xffffffffffff7e00
core   0: 0x0000000080000b40 (0x00302273) csrr    tp, fcsr
core   0: 3 0x0000000080000b40 (0x00302273) x4  0x0000000000000000
core   0: 0x0000000080000b44 (0x43f0a027) fsw     ft11, 1056(ra)
core   0: 3 0x0000000080000b44 (0x43f0a027) mem 0x0000000080009538 0xffff7e00
core   0: 0x0000000080000b48 (0x4240b423) sd      tp, 1064(ra)
core   0: 3 0x0000000080000b48 (0x4240b423) mem 0x0000000080009540 0x0000000000000000
core   0: >>>>  inst_67
core   0: 0x0000000080000b4c (0x3241af07) flw     ft10, 804(gp)
core   0: 3 0x0000000080000b4c (0x3241af07) f30 0xffffffff80008000 mem 0x0000000080006334
core   0: 0x0000000080000b50 (0x3281ae87) flw     ft9, 808(gp)
core   0: 3 0x0000000080000b50 (0x3281ae87) f29 0xffffffff00000000 mem 0x0000000080006338
core   0: 0x0000000080000b54 (0x32c1ae07) flw     ft8, 812(gp)
core   0: 3 0x0000000080000b54 (0x32c1ae07) f28 0xffffffffffff0000 mem 0x000000008000633c
core   0: 0x0000000080000b58 (0x00000113) li      sp, 0
core   0: 3 0x0000000080000b58 (0x00000113) x2  0x0000000000000000
core   0: 0x0000000080000b5c (0x00311073) csrw    fcsr, sp
core   0: 3 0x0000000080000b5c (0x00311073) c1_fflags 0x0000000000000000 c2_frm 0x0000000000000000
core   0: 0x0000000080000b60 (0xe5df7fcf) fnmadd.h ft11, ft10, ft9, ft8
core   0: 3 0x0000000080000b60 (0xe5df7fcf) f31 0xffffffffffff7e00
core   0: 0x0000000080000b64 (0x00302273) csrr    tp, fcsr
core   0: 3 0x0000000080000b64 (0x00302273) x4  0x0000000000000000
core   0: 0x0000000080000b68 (0x43f0a827) fsw     ft11, 1072(ra)
core   0: 3 0x0000000080000b68 (0x43f0a827) mem 0x0000000080009548 0xffff7e00
core   0: 0x0000000080000b6c (0x4240bc23) sd      tp, 1080(ra)
core   0: 3 0x0000000080000b6c (0x4240bc23) mem 0x0000000080009550 0x0000000000000000
core   0: >>>>  inst_68
core   0: 0x0000000080000b70 (0x3301af07) flw     ft10, 816(gp)
core   0: 3 0x0000000080000b70 (0x3301af07) f30 0xfffffffffbfffbff mem 0x0000000080006340
core   0: 0x0000000080000b74 (0x3341ae87) flw     ft9, 820(gp)
core   0: 3 0x0000000080000b74 (0x3341ae87) f29 0xffffffff00000000 mem 0x0000000080006344
core   0: 0x0000000080000b78 (0x3381ae07) flw     ft8, 824(gp)
core   0: 3 0x0000000080000b78 (0x3381ae07) f28 0xffffffffffff0000 mem 0x0000000080006348
core   0: 0x0000000080000b7c (0x00000113) li      sp, 0
core   0: 3 0x0000000080000b7c (0x00000113) x2  0x0000000000000000
core   0: 0x0000000080000b80 (0x00311073) csrw    fcsr, sp
core   0: 3 0x0000000080000b80 (0x00311073) c1_fflags 0x0000000000000000 c2_frm 0x0000000000000000
core   0: 0x0000000080000b84 (0xe5df7fcf) fnmadd.h ft11, ft10, ft9, ft8
core   0: 3 0x0000000080000b84 (0xe5df7fcf) f31 0xffffffffffff7e00
core   0: 0x0000000080000b88 (0x00302273) csrr    tp, fcsr
core   0: 3 0x0000000080000b88 (0x00302273) x4  0x0000000000000000
core   0: 0x0000000080000b8c (0x45f0a027) fsw     ft11, 1088(ra)
core   0: 3 0x0000000080000b8c (0x45f0a027) mem 0x0000000080009558 0xffff7e00
core   0: 0x0000000080000b90 (0x4440b423) sd      tp, 1096(ra)
core   0: 3 0x0000000080000b90 (0x4440b423) mem 0x0000000080009560 0x0000000000000000
core   0: >>>>  inst_69
core   0: 0x0000000080000b94 (0x33c1af07) flw     ft10, 828(gp)
core   0: 3 0x0000000080000b94 (0x33c1af07) f30 0xffffffff76187618 mem 0x000000008000634c
core   0: 0x0000000080000b98 (0x3401ae87) flw     ft9, 832(gp)
core   0: 3 0x0000000080000b98 (0x3401ae87) f29 0xffffffff00000000 mem 0x0000000080006350
core   0: 0x0000000080000b9c (0x3441ae07) flw     ft8, 836(gp)
core   0: 3 0x0000000080000b9c (0x3441ae07) f28 0xffffffffffff0000 mem 0x0000000080006354
core   0: 0x0000000080000ba0 (0x00000113) li      sp, 0
core   0: 3 0x0000000080000ba0 (0x00000113) x2  0x0000000000000000
core   0: 0x0000000080000ba4 (0x00311073) csrw    fcsr, sp
core   0: 3 0x0000000080000ba4 (0x00311073) c1_fflags 0x0000000000000000 c2_frm 0x0000000000000000
core   0: 0x0000000080000ba8 (0xe5df7fcf) fnmadd.h ft11, ft10, ft9, ft8
core   0: 3 0x0000000080000ba8 (0xe5df7fcf) f31 0xffffffffffff7e00
core   0: 0x0000000080000bac (0x00302273) csrr    tp, fcsr
core   0: 3 0x0000000080000bac (0x00302273) x4  0x0000000000000000
core   0: 0x0000000080000bb0 (0x45f0a827) fsw     ft11, 1104(ra)
core   0: 3 0x0000000080000bb0 (0x45f0a827) mem 0x0000000080009568 0xffff7e00
core   0: 0x0000000080000bb4 (0x4440bc23) sd      tp, 1112(ra)
core   0: 3 0x0000000080000bb4 (0x4440bc23) mem 0x0000000080009570 0x0000000000000000
core   0: >>>>  inst_70
core   0: 0x0000000080000bb8 (0x3481af07) flw     ft10, 840(gp)
core   0: 3 0x0000000080000bb8 (0x3481af07) f30 0xffffffff80008000 mem 0x0000000080006358
core   0: 0x0000000080000bbc (0x34c1ae87) flw     ft9, 844(gp)
core   0: 3 0x0000000080000bbc (0x34c1ae87) f29 0xffffffff00000000 mem 0x000000008000635c
core   0: 0x0000000080000bc0 (0x3501ae07) flw     ft8, 848(gp)
core   0: 3 0x0000000080000bc0 (0x3501ae07) f28 0xffffffffffff0000 mem 0x0000000080006360
core   0: 0x0000000080000bc4 (0x00000113) li      sp, 0
core   0: 3 0x0000000080000bc4 (0x00000113) x2  0x0000000000000000
core   0: 0x0000000080000bc8 (0x00311073) csrw    fcsr, sp
core   0: 3 0x0000000080000bc8 (0x00311073) c1_fflags 0x0000000000000000 c2_frm 0x0000000000000000
core   0: 0x0000000080000bcc (0xe5df7fcf) fnmadd.h ft11, ft10, ft9, ft8
core   0: 3 0x0000000080000bcc (0xe5df7fcf) f31 0xffffffffffff7e00
core   0: 0x0000000080000bd0 (0x00302273) csrr    tp, fcsr
core   0: 3 0x0000000080000bd0 (0x00302273) x4  0x0000000000000000
core   0: 0x0000000080000bd4 (0x47f0a027) fsw     ft11, 1120(ra)
core   0: 3 0x0000000080000bd4 (0x47f0a027) mem 0x0000000080009578 0xffff7e00
core   0: 0x0000000080000bd8 (0x4640b423) sd      tp, 1128(ra)
core   0: 3 0x0000000080000bd8 (0x4640b423) mem 0x0000000080009580 0x0000000000000000
core   0: >>>>  inst_71
core   0: 0x0000000080000bdc (0x3541af07) flw     ft10, 852(gp)
core   0: 3 0x0000000080000bdc (0x3541af07) f30 0xfffffffffbfffbff mem 0x0000000080006364
core   0: 0x0000000080000be0 (0x3581ae87) flw     ft9, 856(gp)
core   0: 3 0x0000000080000be0 (0x3581ae87) f29 0xffffffff00000000 mem 0x0000000080006368
core   0: 0x0000000080000be4 (0x35c1ae07) flw     ft8, 860(gp)
core   0: 3 0x0000000080000be4 (0x35c1ae07) f28 0xffffffffffff0000 mem 0x000000008000636c
core   0: 0x0000000080000be8 (0x00000113) li      sp, 0
core   0: 3 0x0000000080000be8 (0x00000113) x2  0x0000000000000000
core   0: 0x0000000080000bec (0x00311073) csrw    fcsr, sp
core   0: 3 0x0000000080000bec (0x00311073) c1_fflags 0x0000000000000000 c2_frm 0x0000000000000000
core   0: 0x0000000080000bf0 (0xe5df7fcf) fnmadd.h ft11, ft10, ft9, ft8
core   0: 3 0x0000000080000bf0 (0xe5df7fcf) f31 0xffffffffffff7e00
core   0: 0x0000000080000bf4 (0x00302273) csrr    tp, fcsr
core   0: 3 0x0000000080000bf4 (0x00302273) x4  0x0000000000000000
core   0: 0x0000000080000bf8 (0x47f0a827) fsw     ft11, 1136(ra)
core   0: 3 0x0000000080000bf8 (0x47f0a827) mem 0x0000000080009588 0xffff7e00
core   0: 0x0000000080000bfc (0x4640bc23) sd      tp, 1144(ra)
core   0: 3 0x0000000080000bfc (0x4640bc23) mem 0x0000000080009590 0x0000000000000000
core   0: >>>>  inst_72
core   0: 0x0000000080000c00 (0x3601af07) flw     ft10, 864(gp)
core   0: 3 0x0000000080000c00 (0x3601af07) f30 0xffffffff72ed72ed mem 0x0000000080006370
core   0: 0x0000000080000c04 (0x3641ae87) flw     ft9, 868(gp)
core   0: 3 0x0000000080000c04 (0x3641ae87) f29 0xffffffff00000000 mem 0x0000000080006374
core   0: 0x0000000080000c08 (0x3681ae07) flw     ft8, 872(gp)
core   0: 3 0x0000000080000c08 (0x3681ae07) f28 0xffffffffffff0000 mem 0x0000000080006378
core   0: 0x0000000080000c0c (0x00000113) li      sp, 0
core   0: 3 0x0000000080000c0c (0x00000113) x2  0x0000000000000000
core   0: 0x0000000080000c10 (0x00311073) csrw    fcsr, sp
core   0: 3 0x0000000080000c10 (0x00311073) c1_fflags 0x0000000000000000 c2_frm 0x0000000000000000
core   0: 0x0000000080000c14 (0xe5df7fcf) fnmadd.h ft11, ft10, ft9, ft8
core   0: 3 0x0000000080000c14 (0xe5df7fcf) f31 0xffffffffffff7e00
core   0: 0x0000000080000c18 (0x00302273) csrr    tp, fcsr
core   0: 3 0x0000000080000c18 (0x00302273) x4  0x0000000000000000
core   0: 0x0000000080000c1c (0x49f0a027) fsw     ft11, 1152(ra)
core   0: 3 0x0000000080000c1c (0x49f0a027) mem 0x0000000080009598 0xffff7e00
core   0: 0x0000000080000c20 (0x4840b423) sd      tp, 1160(ra)
core   0: 3 0x0000000080000c20 (0x4840b423) mem 0x00000000800095a0 0x0000000000000000
core   0: >>>>  inst_73
core   0: 0x0000000080000c24 (0x36c1af07) flw     ft10, 876(gp)
core   0: 3 0x0000000080000c24 (0x36c1af07) f30 0xffffffff80008000 mem 0x000000008000637c
core   0: 0x0000000080000c28 (0x3701ae87) flw     ft9, 880(gp)
core   0: 3 0x0000000080000c28 (0x3701ae87) f29 0xffffffff00000000 mem 0x0000000080006380
core   0: 0x0000000080000c2c (0x3741ae07) flw     ft8, 884(gp)
core   0: 3 0x0000000080000c2c (0x3741ae07) f28 0xffffffffffff0000 mem 0x0000000080006384
core   0: 0x0000000080000c30 (0x00000113) li      sp, 0
core   0: 3 0x0000000080000c30 (0x00000113) x2  0x0000000000000000
core   0: 0x0000000080000c34 (0x00311073) csrw    fcsr, sp
core   0: 3 0x0000000080000c34 (0x00311073) c1_fflags 0x0000000000000000 c2_frm 0x0000000000000000
core   0: 0x0000000080000c38 (0xe5df7fcf) fnmadd.h ft11, ft10, ft9, ft8
core   0: 3 0x0000000080000c38 (0xe5df7fcf) f31 0xffffffffffff7e00
core   0: 0x0000000080000c3c (0x00302273) csrr    tp, fcsr
core   0: 3 0x0000000080000c3c (0x00302273) x4  0x0000000000000000
core   0: 0x0000000080000c40 (0x49f0a827) fsw     ft11, 1168(ra)
core   0: 3 0x0000000080000c40 (0x49f0a827) mem 0x00000000800095a8 0xffff7e00
core   0: 0x0000000080000c44 (0x4840bc23) sd      tp, 1176(ra)
core   0: 3 0x0000000080000c44 (0x4840bc23) mem 0x00000000800095b0 0x0000000000000000
core   0: >>>>  inst_74
core   0: 0x0000000080000c48 (0x3781af07) flw     ft10, 888(gp)
core   0: 3 0x0000000080000c48 (0x3781af07) f30 0xfffffffffbfffbff mem 0x0000000080006388
core   0: 0x0000000080000c4c (0x37c1ae87) flw     ft9, 892(gp)
core   0: 3 0x0000000080000c4c (0x37c1ae87) f29 0xffffffff00000000 mem 0x000000008000638c
core   0: 0x0000000080000c50 (0x3801ae07) flw     ft8, 896(gp)
core   0: 3 0x0000000080000c50 (0x3801ae07) f28 0xffffffffffff0000 mem 0x0000000080006390
core   0: 0x0000000080000c54 (0x00000113) li      sp, 0
core   0: 3 0x0000000080000c54 (0x00000113) x2  0x0000000000000000
core   0: 0x0000000080000c58 (0x00311073) csrw    fcsr, sp
core   0: 3 0x0000000080000c58 (0x00311073) c1_fflags 0x0000000000000000 c2_frm 0x0000000000000000
core   0: 0x0000000080000c5c (0xe5df7fcf) fnmadd.h ft11, ft10, ft9, ft8
core   0: 3 0x0000000080000c5c (0xe5df7fcf) f31 0xffffffffffff7e00
core   0: 0x0000000080000c60 (0x00302273) csrr    tp, fcsr
core   0: 3 0x0000000080000c60 (0x00302273) x4  0x0000000000000000
core   0: 0x0000000080000c64 (0x4bf0a027) fsw     ft11, 1184(ra)
core   0: 3 0x0000000080000c64 (0x4bf0a027) mem 0x00000000800095b8 0xffff7e00
core   0: 0x0000000080000c68 (0x4a40b423) sd      tp, 1192(ra)
core   0: 3 0x0000000080000c68 (0x4a40b423) mem 0x00000000800095c0 0x0000000000000000
core   0: >>>>  inst_75
core   0: 0x0000000080000c6c (0x3841af07) flw     ft10, 900(gp)
core   0: 3 0x0000000080000c6c (0x3841af07) f30 0xffffffff76c076c0 mem 0x0000000080006394
core   0: 0x0000000080000c70 (0x3881ae87) flw     ft9, 904(gp)
core   0: 3 0x0000000080000c70 (0x3881ae87) f29 0xffffffff00000000 mem 0x0000000080006398
core   0: 0x0000000080000c74 (0x38c1ae07) flw     ft8, 908(gp)
core   0: 3 0x0000000080000c74 (0x38c1ae07) f28 0xffffffffffff0000 mem 0x000000008000639c
core   0: 0x0000000080000c78 (0x00000113) li      sp, 0
core   0: 3 0x0000000080000c78 (0x00000113) x2  0x0000000000000000
core   0: 0x0000000080000c7c (0x00311073) csrw    fcsr, sp
core   0: 3 0x0000000080000c7c (0x00311073) c1_fflags 0x0000000000000000 c2_frm 0x0000000000000000
core   0: 0x0000000080000c80 (0xe5df7fcf) fnmadd.h ft11, ft10, ft9, ft8
core   0: 3 0x0000000080000c80 (0xe5df7fcf) f31 0xffffffffffff7e00
core   0: 0x0000000080000c84 (0x00302273) csrr    tp, fcsr
core   0: 3 0x0000000080000c84 (0x00302273) x4  0x0000000000000000
core   0: 0x0000000080000c88 (0x4bf0a827) fsw     ft11, 1200(ra)
core   0: 3 0x0000000080000c88 (0x4bf0a827) mem 0x00000000800095c8 0xffff7e00
core   0: 0x0000000080000c8c (0x4a40bc23) sd      tp, 1208(ra)
core   0: 3 0x0000000080000c8c (0x4a40bc23) mem 0x00000000800095d0 0x0000000000000000
core   0: >>>>  inst_76
core   0: 0x0000000080000c90 (0x3901af07) flw     ft10, 912(gp)
core   0: 3 0x0000000080000c90 (0x3901af07) f30 0xffffffff80008000 mem 0x00000000800063a0
core   0: 0x0000000080000c94 (0x3941ae87) flw     ft9, 916(gp)
core   0: 3 0x0000000080000c94 (0x3941ae87) f29 0xffffffff00000000 mem 0x00000000800063a4
core   0: 0x0000000080000c98 (0x3981ae07) flw     ft8, 920(gp)
core   0: 3 0x0000000080000c98 (0x3981ae07) f28 0xffffffffffff0000 mem 0x00000000800063a8
core   0: 0x0000000080000c9c (0x00000113) li      sp, 0
core   0: 3 0x0000000080000c9c (0x00000113) x2  0x0000000000000000
core   0: 0x0000000080000ca0 (0x00311073) csrw    fcsr, sp
core   0: 3 0x0000000080000ca0 (0x00311073) c1_fflags 0x0000000000000000 c2_frm 0x0000000000000000
core   0: 0x0000000080000ca4 (0xe5df7fcf) fnmadd.h ft11, ft10, ft9, ft8
core   0: 3 0x0000000080000ca4 (0xe5df7fcf) f31 0xffffffffffff7e00
core   0: 0x0000000080000ca8 (0x00302273) csrr    tp, fcsr
core   0: 3 0x0000000080000ca8 (0x00302273) x4  0x0000000000000000
core   0: 0x0000000080000cac (0x4df0a027) fsw     ft11, 1216(ra)
core   0: 3 0x0000000080000cac (0x4df0a027) mem 0x00000000800095d8 0xffff7e00
core   0: 0x0000000080000cb0 (0x4c40b423) sd      tp, 1224(ra)
core   0: 3 0x0000000080000cb0 (0x4c40b423) mem 0x00000000800095e0 0x0000000000000000
core   0: >>>>  inst_77
core   0: 0x0000000080000cb4 (0x39c1af07) flw     ft10, 924(gp)
core   0: 3 0x0000000080000cb4 (0x39c1af07) f30 0xfffffffffbfffbff mem 0x00000000800063ac
core   0: 0x0000000080000cb8 (0x3a01ae87) flw     ft9, 928(gp)
core   0: 3 0x0000000080000cb8 (0x3a01ae87) f29 0xffffffff00000000 mem 0x00000000800063b0
core   0: 0x0000000080000cbc (0x3a41ae07) flw     ft8, 932(gp)
core   0: 3 0x0000000080000cbc (0x3a41ae07) f28 0xffffffffffff0000 mem 0x00000000800063b4
core   0: 0x0000000080000cc0 (0x00000113) li      sp, 0
core   0: 3 0x0000000080000cc0 (0x00000113) x2  0x0000000000000000
core   0: 0x0000000080000cc4 (0x00311073) csrw    fcsr, sp
core   0: 3 0x0000000080000cc4 (0x00311073) c1_fflags 0x0000000000000000 c2_frm 0x0000000000000000
core   0: 0x0000000080000cc8 (0xe5df7fcf) fnmadd.h ft11, ft10, ft9, ft8
core   0: 3 0x0000000080000cc8 (0xe5df7fcf) f31 0xffffffffffff7e00
core   0: 0x0000000080000ccc (0x00302273) csrr    tp, fcsr
core   0: 3 0x0000000080000ccc (0x00302273) x4  0x0000000000000000
core   0: 0x0000000080000cd0 (0x4df0a827) fsw     ft11, 1232(ra)
core   0: 3 0x0000000080000cd0 (0x4df0a827) mem 0x00000000800095e8 0xffff7e00
core   0: 0x0000000080000cd4 (0x4c40bc23) sd      tp, 1240(ra)
core   0: 3 0x0000000080000cd4 (0x4c40bc23) mem 0x00000000800095f0 0x0000000000000000
core   0: >>>>  inst_78
core   0: 0x0000000080000cd8 (0x3a81af07) flw     ft10, 936(gp)
core   0: 3 0x0000000080000cd8 (0x3a81af07) f30 0xffffffff676f676f mem 0x00000000800063b8
core   0: 0x0000000080000cdc (0x3ac1ae87) flw     ft9, 940(gp)
core   0: 3 0x0000000080000cdc (0x3ac1ae87) f29 0xffffffff00000000 mem 0x00000000800063bc
core   0: 0x0000000080000ce0 (0x3b01ae07) flw     ft8, 944(gp)
core   0: 3 0x0000000080000ce0 (0x3b01ae07) f28 0xffffffffffff0000 mem 0x00000000800063c0
core   0: 0x0000000080000ce4 (0x00000113) li      sp, 0
core   0: 3 0x0000000080000ce4 (0x00000113) x2  0x0000000000000000
core   0: 0x0000000080000ce8 (0x00311073) csrw    fcsr, sp
core   0: 3 0x0000000080000ce8 (0x00311073) c1_fflags 0x0000000000000000 c2_frm 0x0000000000000000
core   0: 0x0000000080000cec (0xe5df7fcf) fnmadd.h ft11, ft10, ft9, ft8
core   0: 3 0x0000000080000cec (0xe5df7fcf) f31 0xffffffffffff7e00
core   0: 0x0000000080000cf0 (0x00302273) csrr    tp, fcsr
core   0: 3 0x0000000080000cf0 (0x00302273) x4  0x0000000000000000
core   0: 0x0000000080000cf4 (0x4ff0a027) fsw     ft11, 1248(ra)
core   0: 3 0x0000000080000cf4 (0x4ff0a027) mem 0x00000000800095f8 0xffff7e00
core   0: 0x0000000080000cf8 (0x4e40b423) sd      tp, 1256(ra)
core   0: 3 0x0000000080000cf8 (0x4e40b423) mem 0x0000000080009600 0x0000000000000000
core   0: >>>>  inst_79
core   0: 0x0000000080000cfc (0x3b41af07) flw     ft10, 948(gp)
core   0: 3 0x0000000080000cfc (0x3b41af07) f30 0xffffffff80008000 mem 0x00000000800063c4
core   0: 0x0000000080000d00 (0x3b81ae87) flw     ft9, 952(gp)
core   0: 3 0x0000000080000d00 (0x3b81ae87) f29 0xffffffff00000000 mem 0x00000000800063c8
core   0: 0x0000000080000d04 (0x3bc1ae07) flw     ft8, 956(gp)
core   0: 3 0x0000000080000d04 (0x3bc1ae07) f28 0xffffffffffff0000 mem 0x00000000800063cc
core   0: 0x0000000080000d08 (0x00000113) li      sp, 0
core   0: 3 0x0000000080000d08 (0x00000113) x2  0x0000000000000000
core   0: 0x0000000080000d0c (0x00311073) csrw    fcsr, sp
core   0: 3 0x0000000080000d0c (0x00311073) c1_fflags 0x0000000000000000 c2_frm 0x0000000000000000
core   0: 0x0000000080000d10 (0xe5df7fcf) fnmadd.h ft11, ft10, ft9, ft8
core   0: 3 0x0000000080000d10 (0xe5df7fcf) f31 0xffffffffffff7e00
core   0: 0x0000000080000d14 (0x00302273) csrr    tp, fcsr
core   0: 3 0x0000000080000d14 (0x00302273) x4  0x0000000000000000
core   0: 0x0000000080000d18 (0x4ff0a827) fsw     ft11, 1264(ra)
core   0: 3 0x0000000080000d18 (0x4ff0a827) mem 0x0000000080009608 0xffff7e00
core   0: 0x0000000080000d1c (0x4e40bc23) sd      tp, 1272(ra)
core   0: 3 0x0000000080000d1c (0x4e40bc23) mem 0x0000000080009610 0x0000000000000000
core   0: >>>>  inst_80
core   0: 0x0000000080000d20 (0x3c01af07) flw     ft10, 960(gp)
core   0: 3 0x0000000080000d20 (0x3c01af07) f30 0xfffffffffbfffbff mem 0x00000000800063d0
core   0: 0x0000000080000d24 (0x3c41ae87) flw     ft9, 964(gp)
core   0: 3 0x0000000080000d24 (0x3c41ae87) f29 0xffffffff00000000 mem 0x00000000800063d4
core   0: 0x0000000080000d28 (0x3c81ae07) flw     ft8, 968(gp)
core   0: 3 0x0000000080000d28 (0x3c81ae07) f28 0xffffffffffff0000 mem 0x00000000800063d8
core   0: 0x0000000080000d2c (0x00000113) li      sp, 0
core   0: 3 0x0000000080000d2c (0x00000113) x2  0x0000000000000000
core   0: 0x0000000080000d30 (0x00311073) csrw    fcsr, sp
core   0: 3 0x0000000080000d30 (0x00311073) c1_fflags 0x0000000000000000 c2_frm 0x0000000000000000
core   0: 0x0000000080000d34 (0xe5df7fcf) fnmadd.h ft11, ft10, ft9, ft8
core   0: 3 0x0000000080000d34 (0xe5df7fcf) f31 0xffffffffffff7e00
core   0: 0x0000000080000d38 (0x00302273) csrr    tp, fcsr
core   0: 3 0x0000000080000d38 (0x00302273) x4  0x0000000000000000
core   0: 0x0000000080000d3c (0x51f0a027) fsw     ft11, 1280(ra)
core   0: 3 0x0000000080000d3c (0x51f0a027) mem 0x0000000080009618 0xffff7e00
core   0: 0x0000000080000d40 (0x5040b423) sd      tp, 1288(ra)
core   0: 3 0x0000000080000d40 (0x5040b423) mem 0x0000000080009620 0x0000000000000000
core   0: >>>>  inst_81
core   0: 0x0000000080000d44 (0x3cc1af07) flw     ft10, 972(gp)
core   0: 3 0x0000000080000d44 (0x3cc1af07) f30 0xffffffff73177317 mem 0x00000000800063dc
core   0: 0x0000000080000d48 (0x3d01ae87) flw     ft9, 976(gp)
core   0: 3 0x0000000080000d48 (0x3d01ae87) f29 0xffffffff00000000 mem 0x00000000800063e0
core   0: 0x0000000080000d4c (0x3d41ae07) flw     ft8, 980(gp)
core   0: 3 0x0000000080000d4c (0x3d41ae07) f28 0xffffffffffff0000 mem 0x00000000800063e4
core   0: 0x0000000080000d50 (0x00000113) li      sp, 0
core   0: 3 0x0000000080000d50 (0x00000113) x2  0x0000000000000000
core   0: 0x0000000080000d54 (0x00311073) csrw    fcsr, sp
core   0: 3 0x0000000080000d54 (0x00311073) c1_fflags 0x0000000000000000 c2_frm 0x0000000000000000
core   0: 0x0000000080000d58 (0xe5df7fcf) fnmadd.h ft11, ft10, ft9, ft8
core   0: 3 0x0000000080000d58 (0xe5df7fcf) f31 0xffffffffffff7e00
core   0: 0x0000000080000d5c (0x00302273) csrr    tp, fcsr
core   0: 3 0x0000000080000d5c (0x00302273) x4  0x0000000000000000
core   0: 0x0000000080000d60 (0x51f0a827) fsw     ft11, 1296(ra)
core   0: 3 0x0000000080000d60 (0x51f0a827) mem 0x0000000080009628 0xffff7e00
core   0: 0x0000000080000d64 (0x5040bc23) sd      tp, 1304(ra)
core   0: 3 0x0000000080000d64 (0x5040bc23) mem 0x0000000080009630 0x0000000000000000
core   0: >>>>  inst_82
core   0: 0x0000000080000d68 (0x3d81af07) flw     ft10, 984(gp)
core   0: 3 0x0000000080000d68 (0x3d81af07) f30 0xffffffff80008000 mem 0x00000000800063e8
core   0: 0x0000000080000d6c (0x3dc1ae87) flw     ft9, 988(gp)
core   0: 3 0x0000000080000d6c (0x3dc1ae87) f29 0xffffffff00000000 mem 0x00000000800063ec
core   0: 0x0000000080000d70 (0x3e01ae07) flw     ft8, 992(gp)
core   0: 3 0x0000000080000d70 (0x3e01ae07) f28 0xffffffffffff0000 mem 0x00000000800063f0
core   0: 0x0000000080000d74 (0x00000113) li      sp, 0
core   0: 3 0x0000000080000d74 (0x00000113) x2  0x0000000000000000
core   0: 0x0000000080000d78 (0x00311073) csrw    fcsr, sp
core   0: 3 0x0000000080000d78 (0x00311073) c1_fflags 0x0000000000000000 c2_frm 0x0000000000000000
core   0: 0x0000000080000d7c (0xe5df7fcf) fnmadd.h ft11, ft10, ft9, ft8
core   0: 3 0x0000000080000d7c (0xe5df7fcf) f31 0xffffffffffff7e00
core   0: 0x0000000080000d80 (0x00302273) csrr    tp, fcsr
core   0: 3 0x0000000080000d80 (0x00302273) x4  0x0000000000000000
core   0: 0x0000000080000d84 (0x53f0a027) fsw     ft11, 1312(ra)
core   0: 3 0x0000000080000d84 (0x53f0a027) mem 0x0000000080009638 0xffff7e00
core   0: 0x0000000080000d88 (0x5240b423) sd      tp, 1320(ra)
core   0: 3 0x0000000080000d88 (0x5240b423) mem 0x0000000080009640 0x0000000000000000
core   0: >>>>  inst_83
core   0: 0x0000000080000d8c (0x3e41af07) flw     ft10, 996(gp)
core   0: 3 0x0000000080000d8c (0x3e41af07) f30 0xfffffffffbfffbff mem 0x00000000800063f4
core   0: 0x0000000080000d90 (0x3e81ae87) flw     ft9, 1000(gp)
core   0: 3 0x0000000080000d90 (0x3e81ae87) f29 0xffffffff00000000 mem 0x00000000800063f8
core   0: 0x0000000080000d94 (0x3ec1ae07) flw     ft8, 1004(gp)
core   0: 3 0x0000000080000d94 (0x3ec1ae07) f28 0xffffffffffff0000 mem 0x00000000800063fc
core   0: 0x0000000080000d98 (0x00000113) li      sp, 0
core   0: 3 0x0000000080000d98 (0x00000113) x2  0x0000000000000000
core   0: 0x0000000080000d9c (0x00311073) csrw    fcsr, sp
core   0: 3 0x0000000080000d9c (0x00311073) c1_fflags 0x0000000000000000 c2_frm 0x0000000000000000
core   0: 0x0000000080000da0 (0xe5df7fcf) fnmadd.h ft11, ft10, ft9, ft8
core   0: 3 0x0000000080000da0 (0xe5df7fcf) f31 0xffffffffffff7e00
core   0: 0x0000000080000da4 (0x00302273) csrr    tp, fcsr
core   0: 3 0x0000000080000da4 (0x00302273) x4  0x0000000000000000
core   0: 0x0000000080000da8 (0x53f0a827) fsw     ft11, 1328(ra)
core   0: 3 0x0000000080000da8 (0x53f0a827) mem 0x0000000080009648 0xffff7e00
core   0: 0x0000000080000dac (0x5240bc23) sd      tp, 1336(ra)
core   0: 3 0x0000000080000dac (0x5240bc23) mem 0x0000000080009650 0x0000000000000000
core   0: >>>>  inst_84
core   0: 0x0000000080000db0 (0x3f01af07) flw     ft10, 1008(gp)
core   0: 3 0x0000000080000db0 (0x3f01af07) f30 0xffffffff77007700 mem 0x0000000080006400
core   0: 0x0000000080000db4 (0x3f41ae87) flw     ft9, 1012(gp)
core   0: 3 0x0000000080000db4 (0x3f41ae87) f29 0xffffffff00000000 mem 0x0000000080006404
core   0: 0x0000000080000db8 (0x3f81ae07) flw     ft8, 1016(gp)
core   0: 3 0x0000000080000db8 (0x3f81ae07) f28 0xffffffffffff0000 mem 0x0000000080006408
core   0: 0x0000000080000dbc (0x00000113) li      sp, 0
core   0: 3 0x0000000080000dbc (0x00000113) x2  0x0000000000000000
core   0: 0x0000000080000dc0 (0x00311073) csrw    fcsr, sp
core   0: 3 0x0000000080000dc0 (0x00311073) c1_fflags 0x0000000000000000 c2_frm 0x0000000000000000
core   0: 0x0000000080000dc4 (0xe5df7fcf) fnmadd.h ft11, ft10, ft9, ft8
core   0: 3 0x0000000080000dc4 (0xe5df7fcf) f31 0xffffffffffff7e00
core   0: 0x0000000080000dc8 (0x00302273) csrr    tp, fcsr
core   0: 3 0x0000000080000dc8 (0x00302273) x4  0x0000000000000000
core   0: 0x0000000080000dcc (0x55f0a027) fsw     ft11, 1344(ra)
core   0: 3 0x0000000080000dcc (0x55f0a027) mem 0x0000000080009658 0xffff7e00
core   0: 0x0000000080000dd0 (0x5440b423) sd      tp, 1352(ra)
core   0: 3 0x0000000080000dd0 (0x5440b423) mem 0x0000000080009660 0x0000000000000000
core   0: >>>>  inst_85
core   0: 0x0000000080000dd4 (0x3fc1af07) flw     ft10, 1020(gp)
core   0: 3 0x0000000080000dd4 (0x3fc1af07) f30 0xffffffff80008000 mem 0x000000008000640c
core   0: 0x0000000080000dd8 (0x4001ae87) flw     ft9, 1024(gp)
core   0: 3 0x0000000080000dd8 (0x4001ae87) f29 0xffffffff00000000 mem 0x0000000080006410
core   0: 0x0000000080000ddc (0x4041ae07) flw     ft8, 1028(gp)
core   0: 3 0x0000000080000ddc (0x4041ae07) f28 0xffffffffffff0000 mem 0x0000000080006414
core   0: 0x0000000080000de0 (0x00000113) li      sp, 0
core   0: 3 0x0000000080000de0 (0x00000113) x2  0x0000000000000000
core   0: 0x0000000080000de4 (0x00311073) csrw    fcsr, sp
core   0: 3 0x0000000080000de4 (0x00311073) c1_fflags 0x0000000000000000 c2_frm 0x0000000000000000
core   0: 0x0000000080000de8 (0xe5df7fcf) fnmadd.h ft11, ft10, ft9, ft8
core   0: 3 0x0000000080000de8 (0xe5df7fcf) f31 0xffffffffffff7e00
core   0: 0x0000000080000dec (0x00302273) csrr    tp, fcsr
core   0: 3 0x0000000080000dec (0x00302273) x4  0x0000000000000000
core   0: 0x0000000080000df0 (0x55f0a827) fsw     ft11, 1360(ra)
core   0: 3 0x0000000080000df0 (0x55f0a827) mem 0x0000000080009668 0xffff7e00
core   0: 0x0000000080000df4 (0x5440bc23) sd      tp, 1368(ra)
core   0: 3 0x0000000080000df4 (0x5440bc23) mem 0x0000000080009670 0x0000000000000000
core   0: >>>>  inst_86
core   0: 0x0000000080000df8 (0x4081af07) flw     ft10, 1032(gp)
core   0: 3 0x0000000080000df8 (0x4081af07) f30 0xfffffffffbfffbff mem 0x0000000080006418
core   0: 0x0000000080000dfc (0x40c1ae87) flw     ft9, 1036(gp)
core   0: 3 0x0000000080000dfc (0x40c1ae87) f29 0xffffffff00000000 mem 0x000000008000641c
core   0: 0x0000000080000e00 (0x4101ae07) flw     ft8, 1040(gp)
core   0: 3 0x0000000080000e00 (0x4101ae07) f28 0xffffffffffff0000 mem 0x0000000080006420
core   0: 0x0000000080000e04 (0x00000113) li      sp, 0
core   0: 3 0x0000000080000e04 (0x00000113) x2  0x0000000000000000
core   0: 0x0000000080000e08 (0x00311073) csrw    fcsr, sp
core   0: 3 0x0000000080000e08 (0x00311073) c1_fflags 0x0000000000000000 c2_frm 0x0000000000000000
core   0: 0x0000000080000e0c (0xe5df7fcf) fnmadd.h ft11, ft10, ft9, ft8
core   0: 3 0x0000000080000e0c (0xe5df7fcf) f31 0xffffffffffff7e00
core   0: 0x0000000080000e10 (0x00302273) csrr    tp, fcsr
core   0: 3 0x0000000080000e10 (0x00302273) x4  0x0000000000000000
core   0: 0x0000000080000e14 (0x57f0a027) fsw     ft11, 1376(ra)
core   0: 3 0x0000000080000e14 (0x57f0a027) mem 0x0000000080009678 0xffff7e00
core   0: 0x0000000080000e18 (0x5640b423) sd      tp, 1384(ra)
core   0: 3 0x0000000080000e18 (0x5640b423) mem 0x0000000080009680 0x0000000000000000
core   0: >>>>  inst_87
core   0: 0x0000000080000e1c (0x4141af07) flw     ft10, 1044(gp)
core   0: 3 0x0000000080000e1c (0x4141af07) f30 0xffffffff77ed77ed mem 0x0000000080006424
core   0: 0x0000000080000e20 (0x4181ae87) flw     ft9, 1048(gp)
core   0: 3 0x0000000080000e20 (0x4181ae87) f29 0xffffffff00000000 mem 0x0000000080006428
core   0: 0x0000000080000e24 (0x41c1ae07) flw     ft8, 1052(gp)
core   0: 3 0x0000000080000e24 (0x41c1ae07) f28 0xffffffffffff0000 mem 0x000000008000642c
core   0: 0x0000000080000e28 (0x00000113) li      sp, 0
core   0: 3 0x0000000080000e28 (0x00000113) x2  0x0000000000000000
core   0: 0x0000000080000e2c (0x00311073) csrw    fcsr, sp
core   0: 3 0x0000000080000e2c (0x00311073) c1_fflags 0x0000000000000000 c2_frm 0x0000000000000000
core   0: 0x0000000080000e30 (0xe5df7fcf) fnmadd.h ft11, ft10, ft9, ft8
core   0: 3 0x0000000080000e30 (0xe5df7fcf) f31 0xffffffffffff7e00
core   0: 0x0000000080000e34 (0x00302273) csrr    tp, fcsr
core   0: 3 0x0000000080000e34 (0x00302273) x4  0x0000000000000000
core   0: 0x0000000080000e38 (0x57f0a827) fsw     ft11, 1392(ra)
core   0: 3 0x0000000080000e38 (0x57f0a827) mem 0x0000000080009688 0xffff7e00
core   0: 0x0000000080000e3c (0x5640bc23) sd      tp, 1400(ra)
core   0: 3 0x0000000080000e3c (0x5640bc23) mem 0x0000000080009690 0x0000000000000000
core   0: >>>>  inst_88
core   0: 0x0000000080000e40 (0x4201af07) flw     ft10, 1056(gp)
core   0: 3 0x0000000080000e40 (0x4201af07) f30 0xffffffff80008000 mem 0x0000000080006430
core   0: 0x0000000080000e44 (0x4241ae87) flw     ft9, 1060(gp)
core   0: 3 0x0000000080000e44 (0x4241ae87) f29 0xffffffff00000000 mem 0x0000000080006434
core   0: 0x0000000080000e48 (0x4281ae07) flw     ft8, 1064(gp)
core   0: 3 0x0000000080000e48 (0x4281ae07) f28 0xffffffffffff0000 mem 0x0000000080006438
core   0: 0x0000000080000e4c (0x00000113) li      sp, 0
core   0: 3 0x0000000080000e4c (0x00000113) x2  0x0000000000000000
core   0: 0x0000000080000e50 (0x00311073) csrw    fcsr, sp
core   0: 3 0x0000000080000e50 (0x00311073) c1_fflags 0x0000000000000000 c2_frm 0x0000000000000000
core   0: 0x0000000080000e54 (0xe5df7fcf) fnmadd.h ft11, ft10, ft9, ft8
core   0: 3 0x0000000080000e54 (0xe5df7fcf) f31 0xffffffffffff7e00
core   0: 0x0000000080000e58 (0x00302273) csrr    tp, fcsr
core   0: 3 0x0000000080000e58 (0x00302273) x4  0x0000000000000000
core   0: 0x0000000080000e5c (0x59f0a027) fsw     ft11, 1408(ra)
core   0: 3 0x0000000080000e5c (0x59f0a027) mem 0x0000000080009698 0xffff7e00
core   0: 0x0000000080000e60 (0x5840b423) sd      tp, 1416(ra)
core   0: 3 0x0000000080000e60 (0x5840b423) mem 0x00000000800096a0 0x0000000000000000
core   0: >>>>  inst_89
core   0: 0x0000000080000e64 (0x42c1af07) flw     ft10, 1068(gp)
core   0: 3 0x0000000080000e64 (0x42c1af07) f30 0xfffffffffbfffbff mem 0x000000008000643c
core   0: 0x0000000080000e68 (0x4301ae87) flw     ft9, 1072(gp)
core   0: 3 0x0000000080000e68 (0x4301ae87) f29 0xffffffff00000000 mem 0x0000000080006440
core   0: 0x0000000080000e6c (0x4341ae07) flw     ft8, 1076(gp)
core   0: 3 0x0000000080000e6c (0x4341ae07) f28 0xffffffffffff0000 mem 0x0000000080006444
core   0: 0x0000000080000e70 (0x00000113) li      sp, 0
core   0: 3 0x0000000080000e70 (0x00000113) x2  0x0000000000000000
core   0: 0x0000000080000e74 (0x00311073) csrw    fcsr, sp
core   0: 3 0x0000000080000e74 (0x00311073) c1_fflags 0x0000000000000000 c2_frm 0x0000000000000000
core   0: 0x0000000080000e78 (0xe5df7fcf) fnmadd.h ft11, ft10, ft9, ft8
core   0: 3 0x0000000080000e78 (0xe5df7fcf) f31 0xffffffffffff7e00
core   0: 0x0000000080000e7c (0x00302273) csrr    tp, fcsr
core   0: 3 0x0000000080000e7c (0x00302273) x4  0x0000000000000000
core   0: 0x0000000080000e80 (0x59f0a827) fsw     ft11, 1424(ra)
core   0: 3 0x0000000080000e80 (0x59f0a827) mem 0x00000000800096a8 0xffff7e00
core   0: 0x0000000080000e84 (0x5840bc23) sd      tp, 1432(ra)
core   0: 3 0x0000000080000e84 (0x5840bc23) mem 0x00000000800096b0 0x0000000000000000
core   0: >>>>  inst_90
core   0: 0x0000000080000e88 (0x4381af07) flw     ft10, 1080(gp)
core   0: 3 0x0000000080000e88 (0x4381af07) f30 0xffffffff73747374 mem 0x0000000080006448
core   0: 0x0000000080000e8c (0x43c1ae87) flw     ft9, 1084(gp)
core   0: 3 0x0000000080000e8c (0x43c1ae87) f29 0xffffffff00000000 mem 0x000000008000644c
core   0: 0x0000000080000e90 (0x4401ae07) flw     ft8, 1088(gp)
core   0: 3 0x0000000080000e90 (0x4401ae07) f28 0xffffffffffff0000 mem 0x0000000080006450
core   0: 0x0000000080000e94 (0x00000113) li      sp, 0
core   0: 3 0x0000000080000e94 (0x00000113) x2  0x0000000000000000
core   0: 0x0000000080000e98 (0x00311073) csrw    fcsr, sp
core   0: 3 0x0000000080000e98 (0x00311073) c1_fflags 0x0000000000000000 c2_frm 0x0000000000000000
core   0: 0x0000000080000e9c (0xe5df7fcf) fnmadd.h ft11, ft10, ft9, ft8
core   0: 3 0x0000000080000e9c (0xe5df7fcf) f31 0xffffffffffff7e00
core   0: 0x0000000080000ea0 (0x00302273) csrr    tp, fcsr
core   0: 3 0x0000000080000ea0 (0x00302273) x4  0x0000000000000000
core   0: 0x0000000080000ea4 (0x5bf0a027) fsw     ft11, 1440(ra)
core   0: 3 0x0000000080000ea4 (0x5bf0a027) mem 0x00000000800096b8 0xffff7e00
core   0: 0x0000000080000ea8 (0x5a40b423) sd      tp, 1448(ra)
core   0: 3 0x0000000080000ea8 (0x5a40b423) mem 0x00000000800096c0 0x0000000000000000
core   0: >>>>  inst_91
core   0: 0x0000000080000eac (0x4441af07) flw     ft10, 1092(gp)
core   0: 3 0x0000000080000eac (0x4441af07) f30 0xffffffff80008000 mem 0x0000000080006454
core   0: 0x0000000080000eb0 (0x4481ae87) flw     ft9, 1096(gp)
core   0: 3 0x0000000080000eb0 (0x4481ae87) f29 0xffffffff00000000 mem 0x0000000080006458
core   0: 0x0000000080000eb4 (0x44c1ae07) flw     ft8, 1100(gp)
core   0: 3 0x0000000080000eb4 (0x44c1ae07) f28 0xffffffffffff0000 mem 0x000000008000645c
core   0: 0x0000000080000eb8 (0x00000113) li      sp, 0
core   0: 3 0x0000000080000eb8 (0x00000113) x2  0x0000000000000000
core   0: 0x0000000080000ebc (0x00311073) csrw    fcsr, sp
core   0: 3 0x0000000080000ebc (0x00311073) c1_fflags 0x0000000000000000 c2_frm 0x0000000000000000
core   0: 0x0000000080000ec0 (0xe5df7fcf) fnmadd.h ft11, ft10, ft9, ft8
core   0: 3 0x0000000080000ec0 (0xe5df7fcf) f31 0xffffffffffff7e00
core   0: 0x0000000080000ec4 (0x00302273) csrr    tp, fcsr
core   0: 3 0x0000000080000ec4 (0x00302273) x4  0x0000000000000000
core   0: 0x0000000080000ec8 (0x5bf0a827) fsw     ft11, 1456(ra)
core   0: 3 0x0000000080000ec8 (0x5bf0a827) mem 0x00000000800096c8 0xffff7e00
core   0: 0x0000000080000ecc (0x5a40bc23) sd      tp, 1464(ra)
core   0: 3 0x0000000080000ecc (0x5a40bc23) mem 0x00000000800096d0 0x0000000000000000
core   0: >>>>  inst_92
core   0: 0x0000000080000ed0 (0x4501af07) flw     ft10, 1104(gp)
core   0: 3 0x0000000080000ed0 (0x4501af07) f30 0xfffffffffbfffbff mem 0x0000000080006460
core   0: 0x0000000080000ed4 (0x4541ae87) flw     ft9, 1108(gp)
core   0: 3 0x0000000080000ed4 (0x4541ae87) f29 0xffffffff00000000 mem 0x0000000080006464
core   0: 0x0000000080000ed8 (0x4581ae07) flw     ft8, 1112(gp)
core   0: 3 0x0000000080000ed8 (0x4581ae07) f28 0xffffffffffff0000 mem 0x0000000080006468
core   0: 0x0000000080000edc (0x00000113) li      sp, 0
core   0: 3 0x0000000080000edc (0x00000113) x2  0x0000000000000000
core   0: 0x0000000080000ee0 (0x00311073) csrw    fcsr, sp
core   0: 3 0x0000000080000ee0 (0x00311073) c1_fflags 0x0000000000000000 c2_frm 0x0000000000000000
core   0: 0x0000000080000ee4 (0xe5df7fcf) fnmadd.h ft11, ft10, ft9, ft8
core   0: 3 0x0000000080000ee4 (0xe5df7fcf) f31 0xffffffffffff7e00
core   0: 0x0000000080000ee8 (0x00302273) csrr    tp, fcsr
core   0: 3 0x0000000080000ee8 (0x00302273) x4  0x0000000000000000
core   0: 0x0000000080000eec (0x5df0a027) fsw     ft11, 1472(ra)
core   0: 3 0x0000000080000eec (0x5df0a027) mem 0x00000000800096d8 0xffff7e00
core   0: 0x0000000080000ef0 (0x5c40b423) sd      tp, 1480(ra)
core   0: 3 0x0000000080000ef0 (0x5c40b423) mem 0x00000000800096e0 0x0000000000000000
core   0: >>>>  inst_93
core   0: 0x0000000080000ef4 (0x45c1af07) flw     ft10, 1116(gp)
core   0: 3 0x0000000080000ef4 (0x45c1af07) f30 0xffffffff73627362 mem 0x000000008000646c
core   0: 0x0000000080000ef8 (0x4601ae87) flw     ft9, 1120(gp)
core   0: 3 0x0000000080000ef8 (0x4601ae87) f29 0xffffffff00000000 mem 0x0000000080006470
core   0: 0x0000000080000efc (0x4641ae07) flw     ft8, 1124(gp)
core   0: 3 0x0000000080000efc (0x4641ae07) f28 0xffffffffffff0000 mem 0x0000000080006474
core   0: 0x0000000080000f00 (0x00000113) li      sp, 0
core   0: 3 0x0000000080000f00 (0x00000113) x2  0x0000000000000000
core   0: 0x0000000080000f04 (0x00311073) csrw    fcsr, sp
core   0: 3 0x0000000080000f04 (0x00311073) c1_fflags 0x0000000000000000 c2_frm 0x0000000000000000
core   0: 0x0000000080000f08 (0xe5df7fcf) fnmadd.h ft11, ft10, ft9, ft8
core   0: 3 0x0000000080000f08 (0xe5df7fcf) f31 0xffffffffffff7e00
core   0: 0x0000000080000f0c (0x00302273) csrr    tp, fcsr
core   0: 3 0x0000000080000f0c (0x00302273) x4  0x0000000000000000
core   0: 0x0000000080000f10 (0x5df0a827) fsw     ft11, 1488(ra)
core   0: 3 0x0000000080000f10 (0x5df0a827) mem 0x00000000800096e8 0xffff7e00
core   0: 0x0000000080000f14 (0x5c40bc23) sd      tp, 1496(ra)
core   0: 3 0x0000000080000f14 (0x5c40bc23) mem 0x00000000800096f0 0x0000000000000000
core   0: >>>>  inst_94
core   0: 0x0000000080000f18 (0x4681af07) flw     ft10, 1128(gp)
core   0: 3 0x0000000080000f18 (0x4681af07) f30 0xffffffff80008000 mem 0x0000000080006478
core   0: 0x0000000080000f1c (0x46c1ae87) flw     ft9, 1132(gp)
core   0: 3 0x0000000080000f1c (0x46c1ae87) f29 0xffffffff00000000 mem 0x000000008000647c
core   0: 0x0000000080000f20 (0x4701ae07) flw     ft8, 1136(gp)
core   0: 3 0x0000000080000f20 (0x4701ae07) f28 0xffffffffffff0000 mem 0x0000000080006480
core   0: 0x0000000080000f24 (0x00000113) li      sp, 0
core   0: 3 0x0000000080000f24 (0x00000113) x2  0x0000000000000000
core   0: 0x0000000080000f28 (0x00311073) csrw    fcsr, sp
core   0: 3 0x0000000080000f28 (0x00311073) c1_fflags 0x0000000000000000 c2_frm 0x0000000000000000
core   0: 0x0000000080000f2c (0xe5df7fcf) fnmadd.h ft11, ft10, ft9, ft8
core   0: 3 0x0000000080000f2c (0xe5df7fcf) f31 0xffffffffffff7e00
core   0: 0x0000000080000f30 (0x00302273) csrr    tp, fcsr
core   0: 3 0x0000000080000f30 (0x00302273) x4  0x0000000000000000
core   0: 0x0000000080000f34 (0x5ff0a027) fsw     ft11, 1504(ra)
core   0: 3 0x0000000080000f34 (0x5ff0a027) mem 0x00000000800096f8 0xffff7e00
core   0: 0x0000000080000f38 (0x5e40b423) sd      tp, 1512(ra)
core   0: 3 0x0000000080000f38 (0x5e40b423) mem 0x0000000080009700 0x0000000000000000
core   0: >>>>  inst_95
core   0: 0x0000000080000f3c (0x4741af07) flw     ft10, 1140(gp)
core   0: 3 0x0000000080000f3c (0x4741af07) f30 0xfffffffffbfffbff mem 0x0000000080006484
core   0: 0x0000000080000f40 (0x4781ae87) flw     ft9, 1144(gp)
core   0: 3 0x0000000080000f40 (0x4781ae87) f29 0xffffffff00000000 mem 0x0000000080006488
core   0: 0x0000000080000f44 (0x47c1ae07) flw     ft8, 1148(gp)
core   0: 3 0x0000000080000f44 (0x47c1ae07) f28 0xffffffffffff0000 mem 0x000000008000648c
core   0: 0x0000000080000f48 (0x00000113) li      sp, 0
core   0: 3 0x0000000080000f48 (0x00000113) x2  0x0000000000000000
core   0: 0x0000000080000f4c (0x00311073) csrw    fcsr, sp
core   0: 3 0x0000000080000f4c (0x00311073) c1_fflags 0x0000000000000000 c2_frm 0x0000000000000000
core   0: 0x0000000080000f50 (0xe5df7fcf) fnmadd.h ft11, ft10, ft9, ft8
core   0: 3 0x0000000080000f50 (0xe5df7fcf) f31 0xffffffffffff7e00
core   0: 0x0000000080000f54 (0x00302273) csrr    tp, fcsr
core   0: 3 0x0000000080000f54 (0x00302273) x4  0x0000000000000000
core   0: 0x0000000080000f58 (0x5ff0a827) fsw     ft11, 1520(ra)
core   0: 3 0x0000000080000f58 (0x5ff0a827) mem 0x0000000080009708 0xffff7e00
core   0: 0x0000000080000f5c (0x5e40bc23) sd      tp, 1528(ra)
core   0: 3 0x0000000080000f5c (0x5e40bc23) mem 0x0000000080009710 0x0000000000000000
core   0: >>>>  inst_96
core   0: 0x0000000080000f60 (0x4801af07) flw     ft10, 1152(gp)
core   0: 3 0x0000000080000f60 (0x4801af07) f30 0xffffffff72ff72ff mem 0x0000000080006490
core   0: 0x0000000080000f64 (0x4841ae87) flw     ft9, 1156(gp)
core   0: 3 0x0000000080000f64 (0x4841ae87) f29 0xffffffff00000000 mem 0x0000000080006494
core   0: 0x0000000080000f68 (0x4881ae07) flw     ft8, 1160(gp)
core   0: 3 0x0000000080000f68 (0x4881ae07) f28 0xffffffffffff0000 mem 0x0000000080006498
core   0: 0x0000000080000f6c (0x00000113) li      sp, 0
core   0: 3 0x0000000080000f6c (0x00000113) x2  0x0000000000000000
core   0: 0x0000000080000f70 (0x00311073) csrw    fcsr, sp
core   0: 3 0x0000000080000f70 (0x00311073) c1_fflags 0x0000000000000000 c2_frm 0x0000000000000000
core   0: 0x0000000080000f74 (0xe5df7fcf) fnmadd.h ft11, ft10, ft9, ft8
core   0: 3 0x0000000080000f74 (0xe5df7fcf) f31 0xffffffffffff7e00
core   0: 0x0000000080000f78 (0x00302273) csrr    tp, fcsr
core   0: 3 0x0000000080000f78 (0x00302273) x4  0x0000000000000000
core   0: 0x0000000080000f7c (0x61f0a027) fsw     ft11, 1536(ra)
core   0: 3 0x0000000080000f7c (0x61f0a027) mem 0x0000000080009718 0xffff7e00
core   0: 0x0000000080000f80 (0x6040b423) sd      tp, 1544(ra)
core   0: 3 0x0000000080000f80 (0x6040b423) mem 0x0000000080009720 0x0000000000000000
core   0: >>>>  inst_97
core   0: 0x0000000080000f84 (0x48c1af07) flw     ft10, 1164(gp)
core   0: 3 0x0000000080000f84 (0x48c1af07) f30 0xffffffff80008000 mem 0x000000008000649c
core   0: 0x0000000080000f88 (0x4901ae87) flw     ft9, 1168(gp)
core   0: 3 0x0000000080000f88 (0x4901ae87) f29 0xffffffff00000000 mem 0x00000000800064a0
core   0: 0x0000000080000f8c (0x4941ae07) flw     ft8, 1172(gp)
core   0: 3 0x0000000080000f8c (0x4941ae07) f28 0xffffffffffff0000 mem 0x00000000800064a4
core   0: 0x0000000080000f90 (0x00000113) li      sp, 0
core   0: 3 0x0000000080000f90 (0x00000113) x2  0x0000000000000000
core   0: 0x0000000080000f94 (0x00311073) csrw    fcsr, sp
core   0: 3 0x0000000080000f94 (0x00311073) c1_fflags 0x0000000000000000 c2_frm 0x0000000000000000
core   0: 0x0000000080000f98 (0xe5df7fcf) fnmadd.h ft11, ft10, ft9, ft8
core   0: 3 0x0000000080000f98 (0xe5df7fcf) f31 0xffffffffffff7e00
core   0: 0x0000000080000f9c (0x00302273) csrr    tp, fcsr
core   0: 3 0x0000000080000f9c (0x00302273) x4  0x0000000000000000
core   0: 0x0000000080000fa0 (0x61f0a827) fsw     ft11, 1552(ra)
core   0: 3 0x0000000080000fa0 (0x61f0a827) mem 0x0000000080009728 0xffff7e00
core   0: 0x0000000080000fa4 (0x6040bc23) sd      tp, 1560(ra)
core   0: 3 0x0000000080000fa4 (0x6040bc23) mem 0x0000000080009730 0x0000000000000000
core   0: >>>>  inst_98
core   0: 0x0000000080000fa8 (0x4981af07) flw     ft10, 1176(gp)
core   0: 3 0x0000000080000fa8 (0x4981af07) f30 0xfffffffffbfffbff mem 0x00000000800064a8
core   0: 0x0000000080000fac (0x49c1ae87) flw     ft9, 1180(gp)
core   0: 3 0x0000000080000fac (0x49c1ae87) f29 0xffffffff00000000 mem 0x00000000800064ac
core   0: 0x0000000080000fb0 (0x4a01ae07) flw     ft8, 1184(gp)
core   0: 3 0x0000000080000fb0 (0x4a01ae07) f28 0xffffffffffff0000 mem 0x00000000800064b0
core   0: 0x0000000080000fb4 (0x00000113) li      sp, 0
core   0: 3 0x0000000080000fb4 (0x00000113) x2  0x0000000000000000
core   0: 0x0000000080000fb8 (0x00311073) csrw    fcsr, sp
core   0: 3 0x0000000080000fb8 (0x00311073) c1_fflags 0x0000000000000000 c2_frm 0x0000000000000000
core   0: 0x0000000080000fbc (0xe5df7fcf) fnmadd.h ft11, ft10, ft9, ft8
core   0: 3 0x0000000080000fbc (0xe5df7fcf) f31 0xffffffffffff7e00
core   0: 0x0000000080000fc0 (0x00302273) csrr    tp, fcsr
core   0: 3 0x0000000080000fc0 (0x00302273) x4  0x0000000000000000
core   0: 0x0000000080000fc4 (0x63f0a027) fsw     ft11, 1568(ra)
core   0: 3 0x0000000080000fc4 (0x63f0a027) mem 0x0000000080009738 0xffff7e00
core   0: 0x0000000080000fc8 (0x6240b423) sd      tp, 1576(ra)
core   0: 3 0x0000000080000fc8 (0x6240b423) mem 0x0000000080009740 0x0000000000000000
core   0: >>>>  inst_99
core   0: 0x0000000080000fcc (0x4a41af07) flw     ft10, 1188(gp)
core   0: 3 0x0000000080000fcc (0x4a41af07) f30 0xffffffff77597759 mem 0x00000000800064b4
core   0: 0x0000000080000fd0 (0x4a81ae87) flw     ft9, 1192(gp)
core   0: 3 0x0000000080000fd0 (0x4a81ae87) f29 0xffffffff00000000 mem 0x00000000800064b8
core   0: 0x0000000080000fd4 (0x4ac1ae07) flw     ft8, 1196(gp)
core   0: 3 0x0000000080000fd4 (0x4ac1ae07) f28 0xffffffffffff0000 mem 0x00000000800064bc
core   0: 0x0000000080000fd8 (0x00000113) li      sp, 0
core   0: 3 0x0000000080000fd8 (0x00000113) x2  0x0000000000000000
core   0: 0x0000000080000fdc (0x00311073) csrw    fcsr, sp
core   0: 3 0x0000000080000fdc (0x00311073) c1_fflags 0x0000000000000000 c2_frm 0x0000000000000000
core   0: 0x0000000080000fe0 (0xe5df7fcf) fnmadd.h ft11, ft10, ft9, ft8
core   0: 3 0x0000000080000fe0 (0xe5df7fcf) f31 0xffffffffffff7e00
core   0: 0x0000000080000fe4 (0x00302273) csrr    tp, fcsr
core   0: 3 0x0000000080000fe4 (0x00302273) x4  0x0000000000000000
core   0: 0x0000000080000fe8 (0x63f0a827) fsw     ft11, 1584(ra)
core   0: 3 0x0000000080000fe8 (0x63f0a827) mem 0x0000000080009748 0xffff7e00
core   0: 0x0000000080000fec (0x6240bc23) sd      tp, 1592(ra)
core   0: 3 0x0000000080000fec (0x6240bc23) mem 0x0000000080009750 0x0000000000000000
core   0: >>>>  inst_100
core   0: 0x0000000080000ff0 (0x4b01af07) flw     ft10, 1200(gp)
core   0: 3 0x0000000080000ff0 (0x4b01af07) f30 0xffffffff80008000 mem 0x00000000800064c0
core   0: 0x0000000080000ff4 (0x4b41ae87) flw     ft9, 1204(gp)
core   0: 3 0x0000000080000ff4 (0x4b41ae87) f29 0xffffffff00000000 mem 0x00000000800064c4
core   0: 0x0000000080000ff8 (0x4b81ae07) flw     ft8, 1208(gp)
core   0: 3 0x0000000080000ff8 (0x4b81ae07) f28 0xffffffffffff0000 mem 0x00000000800064c8
core   0: 0x0000000080000ffc (0x00000113) li      sp, 0
core   0: 3 0x0000000080000ffc (0x00000113) x2  0x0000000000000000
core   0: 0x0000000080001000 (0x00311073) csrw    fcsr, sp
core   0: 3 0x0000000080001000 (0x00311073) c1_fflags 0x0000000000000000 c2_frm 0x0000000000000000
core   0: 0x0000000080001004 (0xe5df7fcf) fnmadd.h ft11, ft10, ft9, ft8
core   0: 3 0x0000000080001004 (0xe5df7fcf) f31 0xffffffffffff7e00
core   0: 0x0000000080001008 (0x00302273) csrr    tp, fcsr
core   0: 3 0x0000000080001008 (0x00302273) x4  0x0000000000000000
core   0: 0x000000008000100c (0x65f0a027) fsw     ft11, 1600(ra)
core   0: 3 0x000000008000100c (0x65f0a027) mem 0x0000000080009758 0xffff7e00
core   0: 0x0000000080001010 (0x6440b423) sd      tp, 1608(ra)
core   0: 3 0x0000000080001010 (0x6440b423) mem 0x0000000080009760 0x0000000000000000
core   0: >>>>  inst_101
core   0: 0x0000000080001014 (0x4bc1af07) flw     ft10, 1212(gp)
core   0: 3 0x0000000080001014 (0x4bc1af07) f30 0xfffffffffbfffbff mem 0x00000000800064cc
core   0: 0x0000000080001018 (0x4c01ae87) flw     ft9, 1216(gp)
core   0: 3 0x0000000080001018 (0x4c01ae87) f29 0xffffffff00000000 mem 0x00000000800064d0
core   0: 0x000000008000101c (0x4c41ae07) flw     ft8, 1220(gp)
core   0: 3 0x000000008000101c (0x4c41ae07) f28 0xffffffffffff0000 mem 0x00000000800064d4
core   0: 0x0000000080001020 (0x00000113) li      sp, 0
core   0: 3 0x0000000080001020 (0x00000113) x2  0x0000000000000000
core   0: 0x0000000080001024 (0x00311073) csrw    fcsr, sp
core   0: 3 0x0000000080001024 (0x00311073) c1_fflags 0x0000000000000000 c2_frm 0x0000000000000000
core   0: 0x0000000080001028 (0xe5df7fcf) fnmadd.h ft11, ft10, ft9, ft8
core   0: 3 0x0000000080001028 (0xe5df7fcf) f31 0xffffffffffff7e00
core   0: 0x000000008000102c (0x00302273) csrr    tp, fcsr
core   0: 3 0x000000008000102c (0x00302273) x4  0x0000000000000000
core   0: 0x0000000080001030 (0x65f0a827) fsw     ft11, 1616(ra)
core   0: 3 0x0000000080001030 (0x65f0a827) mem 0x0000000080009768 0xffff7e00
core   0: 0x0000000080001034 (0x6440bc23) sd      tp, 1624(ra)
core   0: 3 0x0000000080001034 (0x6440bc23) mem 0x0000000080009770 0x0000000000000000
core   0: >>>>  inst_102
core   0: 0x0000000080001038 (0x4c81af07) flw     ft10, 1224(gp)
core   0: 3 0x0000000080001038 (0x4c81af07) f30 0xffffffff74a274a2 mem 0x00000000800064d8
core   0: 0x000000008000103c (0x4cc1ae87) flw     ft9, 1228(gp)
core   0: 3 0x000000008000103c (0x4cc1ae87) f29 0xffffffff00000000 mem 0x00000000800064dc
core   0: 0x0000000080001040 (0x4d01ae07) flw     ft8, 1232(gp)
core   0: 3 0x0000000080001040 (0x4d01ae07) f28 0xffffffffffff0000 mem 0x00000000800064e0
core   0: 0x0000000080001044 (0x00000113) li      sp, 0
core   0: 3 0x0000000080001044 (0x00000113) x2  0x0000000000000000
core   0: 0x0000000080001048 (0x00311073) csrw    fcsr, sp
core   0: 3 0x0000000080001048 (0x00311073) c1_fflags 0x0000000000000000 c2_frm 0x0000000000000000
core   0: 0x000000008000104c (0xe5df7fcf) fnmadd.h ft11, ft10, ft9, ft8
core   0: 3 0x000000008000104c (0xe5df7fcf) f31 0xffffffffffff7e00
core   0: 0x0000000080001050 (0x00302273) csrr    tp, fcsr
core   0: 3 0x0000000080001050 (0x00302273) x4  0x0000000000000000
core   0: 0x0000000080001054 (0x67f0a027) fsw     ft11, 1632(ra)
core   0: 3 0x0000000080001054 (0x67f0a027) mem 0x0000000080009778 0xffff7e00
core   0: 0x0000000080001058 (0x6640b423) sd      tp, 1640(ra)
core   0: 3 0x0000000080001058 (0x6640b423) mem 0x0000000080009780 0x0000000000000000
core   0: >>>>  inst_103
core   0: 0x000000008000105c (0x4d41af07) flw     ft10, 1236(gp)
core   0: 3 0x000000008000105c (0x4d41af07) f30 0xffffffff80008000 mem 0x00000000800064e4
core   0: 0x0000000080001060 (0x4d81ae87) flw     ft9, 1240(gp)
core   0: 3 0x0000000080001060 (0x4d81ae87) f29 0xffffffff00000000 mem 0x00000000800064e8
core   0: 0x0000000080001064 (0x4dc1ae07) flw     ft8, 1244(gp)
core   0: 3 0x0000000080001064 (0x4dc1ae07) f28 0xffffffffffff0000 mem 0x00000000800064ec
core   0: 0x0000000080001068 (0x00000113) li      sp, 0
core   0: 3 0x0000000080001068 (0x00000113) x2  0x0000000000000000
core   0: 0x000000008000106c (0x00311073) csrw    fcsr, sp
core   0: 3 0x000000008000106c (0x00311073) c1_fflags 0x0000000000000000 c2_frm 0x0000000000000000
core   0: 0x0000000080001070 (0xe5df7fcf) fnmadd.h ft11, ft10, ft9, ft8
core   0: 3 0x0000000080001070 (0xe5df7fcf) f31 0xffffffffffff7e00
core   0: 0x0000000080001074 (0x00302273) csrr    tp, fcsr
core   0: 3 0x0000000080001074 (0x00302273) x4  0x0000000000000000
core   0: 0x0000000080001078 (0x67f0a827) fsw     ft11, 1648(ra)
core   0: 3 0x0000000080001078 (0x67f0a827) mem 0x0000000080009788 0xffff7e00
core   0: 0x000000008000107c (0x6640bc23) sd      tp, 1656(ra)
core   0: 3 0x000000008000107c (0x6640bc23) mem 0x0000000080009790 0x0000000000000000
core   0: >>>>  inst_104
core   0: 0x0000000080001080 (0x4e01af07) flw     ft10, 1248(gp)
core   0: 3 0x0000000080001080 (0x4e01af07) f30 0xfffffffffbfffbff mem 0x00000000800064f0
core   0: 0x0000000080001084 (0x4e41ae87) flw     ft9, 1252(gp)
core   0: 3 0x0000000080001084 (0x4e41ae87) f29 0xffffffff00000000 mem 0x00000000800064f4
core   0: 0x0000000080001088 (0x4e81ae07) flw     ft8, 1256(gp)
core   0: 3 0x0000000080001088 (0x4e81ae07) f28 0xffffffffffff0000 mem 0x00000000800064f8
core   0: 0x000000008000108c (0x00000113) li      sp, 0
core   0: 3 0x000000008000108c (0x00000113) x2  0x0000000000000000
core   0: 0x0000000080001090 (0x00311073) csrw    fcsr, sp
core   0: 3 0x0000000080001090 (0x00311073) c1_fflags 0x0000000000000000 c2_frm 0x0000000000000000
core   0: 0x0000000080001094 (0xe5df7fcf) fnmadd.h ft11, ft10, ft9, ft8
core   0: 3 0x0000000080001094 (0xe5df7fcf) f31 0xffffffffffff7e00
core   0: 0x0000000080001098 (0x00302273) csrr    tp, fcsr
core   0: 3 0x0000000080001098 (0x00302273) x4  0x0000000000000000
core   0: 0x000000008000109c (0x69f0a027) fsw     ft11, 1664(ra)
core   0: 3 0x000000008000109c (0x69f0a027) mem 0x0000000080009798 0xffff7e00
core   0: 0x00000000800010a0 (0x6840b423) sd      tp, 1672(ra)
core   0: 3 0x00000000800010a0 (0x6840b423) mem 0x00000000800097a0 0x0000000000000000
core   0: >>>>  inst_105
core   0: 0x00000000800010a4 (0x4ec1af07) flw     ft10, 1260(gp)
core   0: 3 0x00000000800010a4 (0x4ec1af07) f30 0xffffffff65806580 mem 0x00000000800064fc
core   0: 0x00000000800010a8 (0x4f01ae87) flw     ft9, 1264(gp)
core   0: 3 0x00000000800010a8 (0x4f01ae87) f29 0xffffffff00000000 mem 0x0000000080006500
core   0: 0x00000000800010ac (0x4f41ae07) flw     ft8, 1268(gp)
core   0: 3 0x00000000800010ac (0x4f41ae07) f28 0xffffffffffff0000 mem 0x0000000080006504
core   0: 0x00000000800010b0 (0x00000113) li      sp, 0
core   0: 3 0x00000000800010b0 (0x00000113) x2  0x0000000000000000
core   0: 0x00000000800010b4 (0x00311073) csrw    fcsr, sp
core   0: 3 0x00000000800010b4 (0x00311073) c1_fflags 0x0000000000000000 c2_frm 0x0000000000000000
core   0: 0x00000000800010b8 (0xe5df7fcf) fnmadd.h ft11, ft10, ft9, ft8
core   0: 3 0x00000000800010b8 (0xe5df7fcf) f31 0xffffffffffff7e00
core   0: 0x00000000800010bc (0x00302273) csrr    tp, fcsr
core   0: 3 0x00000000800010bc (0x00302273) x4  0x0000000000000000
core   0: 0x00000000800010c0 (0x69f0a827) fsw     ft11, 1680(ra)
core   0: 3 0x00000000800010c0 (0x69f0a827) mem 0x00000000800097a8 0xffff7e00
core   0: 0x00000000800010c4 (0x6840bc23) sd      tp, 1688(ra)
core   0: 3 0x00000000800010c4 (0x6840bc23) mem 0x00000000800097b0 0x0000000000000000
core   0: >>>>  inst_106
core   0: 0x00000000800010c8 (0x4f81af07) flw     ft10, 1272(gp)
core   0: 3 0x00000000800010c8 (0x4f81af07) f30 0xffffffff00000000 mem 0x0000000080006508
core   0: 0x00000000800010cc (0x4fc1ae87) flw     ft9, 1276(gp)
core   0: 3 0x00000000800010cc (0x4fc1ae87) f29 0xffffffff00000000 mem 0x000000008000650c
core   0: 0x00000000800010d0 (0x5001ae07) flw     ft8, 1280(gp)
core   0: 3 0x00000000800010d0 (0x5001ae07) f28 0xffffffffffff0000 mem 0x0000000080006510
core   0: 0x00000000800010d4 (0x00000113) li      sp, 0
core   0: 3 0x00000000800010d4 (0x00000113) x2  0x0000000000000000
core   0: 0x00000000800010d8 (0x00311073) csrw    fcsr, sp
core   0: 3 0x00000000800010d8 (0x00311073) c1_fflags 0x0000000000000000 c2_frm 0x0000000000000000
core   0: 0x00000000800010dc (0xe5df7fcf) fnmadd.h ft11, ft10, ft9, ft8
core   0: 3 0x00000000800010dc (0xe5df7fcf) f31 0xffffffffffff7e00
core   0: 0x00000000800010e0 (0x00302273) csrr    tp, fcsr
core   0: 3 0x00000000800010e0 (0x00302273) x4  0x0000000000000000
core   0: 0x00000000800010e4 (0x6bf0a027) fsw     ft11, 1696(ra)
core   0: 3 0x00000000800010e4 (0x6bf0a027) mem 0x00000000800097b8 0xffff7e00
core   0: 0x00000000800010e8 (0x6a40b423) sd      tp, 1704(ra)
core   0: 3 0x00000000800010e8 (0x6a40b423) mem 0x00000000800097c0 0x0000000000000000
core   0: >>>>  inst_107
core   0: 0x00000000800010ec (0x5041af07) flw     ft10, 1284(gp)
core   0: 3 0x00000000800010ec (0x5041af07) f30 0xfffffffffbfffbff mem 0x0000000080006514
core   0: 0x00000000800010f0 (0x5081ae87) flw     ft9, 1288(gp)
core   0: 3 0x00000000800010f0 (0x5081ae87) f29 0xffffffff00000000 mem 0x0000000080006518
core   0: 0x00000000800010f4 (0x50c1ae07) flw     ft8, 1292(gp)
core   0: 3 0x00000000800010f4 (0x50c1ae07) f28 0xffffffffffff0000 mem 0x000000008000651c
core   0: 0x00000000800010f8 (0x00000113) li      sp, 0
core   0: 3 0x00000000800010f8 (0x00000113) x2  0x0000000000000000
core   0: 0x00000000800010fc (0x00311073) csrw    fcsr, sp
core   0: 3 0x00000000800010fc (0x00311073) c1_fflags 0x0000000000000000 c2_frm 0x0000000000000000
core   0: 0x0000000080001100 (0xe5df7fcf) fnmadd.h ft11, ft10, ft9, ft8
core   0: 3 0x0000000080001100 (0xe5df7fcf) f31 0xffffffffffff7e00
core   0: 0x0000000080001104 (0x00302273) csrr    tp, fcsr
core   0: 3 0x0000000080001104 (0x00302273) x4  0x0000000000000000
core   0: 0x0000000080001108 (0x6bf0a827) fsw     ft11, 1712(ra)
core   0: 3 0x0000000080001108 (0x6bf0a827) mem 0x00000000800097c8 0xffff7e00
core   0: 0x000000008000110c (0x6a40bc23) sd      tp, 1720(ra)
core   0: 3 0x000000008000110c (0x6a40bc23) mem 0x00000000800097d0 0x0000000000000000
core   0: >>>>  inst_108
core   0: 0x0000000080001110 (0x5101af07) flw     ft10, 1296(gp)
core   0: 3 0x0000000080001110 (0x5101af07) f30 0xffffffff7ab27ab2 mem 0x0000000080006520
core   0: 0x0000000080001114 (0x5141ae87) flw     ft9, 1300(gp)
core   0: 3 0x0000000080001114 (0x5141ae87) f29 0xffffffff00000000 mem 0x0000000080006524
core   0: 0x0000000080001118 (0x5181ae07) flw     ft8, 1304(gp)
core   0: 3 0x0000000080001118 (0x5181ae07) f28 0xffffffffffff0000 mem 0x0000000080006528
core   0: 0x000000008000111c (0x00000113) li      sp, 0
core   0: 3 0x000000008000111c (0x00000113) x2  0x0000000000000000
core   0: 0x0000000080001120 (0x00311073) csrw    fcsr, sp
core   0: 3 0x0000000080001120 (0x00311073) c1_fflags 0x0000000000000000 c2_frm 0x0000000000000000
core   0: 0x0000000080001124 (0xe5df7fcf) fnmadd.h ft11, ft10, ft9, ft8
core   0: 3 0x0000000080001124 (0xe5df7fcf) f31 0xffffffffffff7e00
core   0: 0x0000000080001128 (0x00302273) csrr    tp, fcsr
core   0: 3 0x0000000080001128 (0x00302273) x4  0x0000000000000000
core   0: 0x000000008000112c (0x6df0a027) fsw     ft11, 1728(ra)
core   0: 3 0x000000008000112c (0x6df0a027) mem 0x00000000800097d8 0xffff7e00
core   0: 0x0000000080001130 (0x6c40b423) sd      tp, 1736(ra)
core   0: 3 0x0000000080001130 (0x6c40b423) mem 0x00000000800097e0 0x0000000000000000
core   0: >>>>  inst_109
core   0: 0x0000000080001134 (0x51c1af07) flw     ft10, 1308(gp)
core   0: 3 0x0000000080001134 (0x51c1af07) f30 0xffffffff00000000 mem 0x000000008000652c
core   0: 0x0000000080001138 (0x5201ae87) flw     ft9, 1312(gp)
core   0: 3 0x0000000080001138 (0x5201ae87) f29 0xffffffff00000000 mem 0x0000000080006530
core   0: 0x000000008000113c (0x5241ae07) flw     ft8, 1316(gp)
core   0: 3 0x000000008000113c (0x5241ae07) f28 0xffffffffffff0000 mem 0x0000000080006534
core   0: 0x0000000080001140 (0x00000113) li      sp, 0
core   0: 3 0x0000000080001140 (0x00000113) x2  0x0000000000000000
core   0: 0x0000000080001144 (0x00311073) csrw    fcsr, sp
core   0: 3 0x0000000080001144 (0x00311073) c1_fflags 0x0000000000000000 c2_frm 0x0000000000000000
core   0: 0x0000000080001148 (0xe5df7fcf) fnmadd.h ft11, ft10, ft9, ft8
core   0: 3 0x0000000080001148 (0xe5df7fcf) f31 0xffffffffffff7e00
core   0: 0x000000008000114c (0x00302273) csrr    tp, fcsr
core   0: 3 0x000000008000114c (0x00302273) x4  0x0000000000000000
core   0: 0x0000000080001150 (0x6df0a827) fsw     ft11, 1744(ra)
core   0: 3 0x0000000080001150 (0x6df0a827) mem 0x00000000800097e8 0xffff7e00
core   0: 0x0000000080001154 (0x6c40bc23) sd      tp, 1752(ra)
core   0: 3 0x0000000080001154 (0x6c40bc23) mem 0x00000000800097f0 0x0000000000000000
core   0: >>>>  inst_110
core   0: 0x0000000080001158 (0x5281af07) flw     ft10, 1320(gp)
core   0: 3 0x0000000080001158 (0x5281af07) f30 0xfffffffffbfffbff mem 0x0000000080006538
core   0: 0x000000008000115c (0x52c1ae87) flw     ft9, 1324(gp)
core   0: 3 0x000000008000115c (0x52c1ae87) f29 0xffffffff00000000 mem 0x000000008000653c
core   0: 0x0000000080001160 (0x5301ae07) flw     ft8, 1328(gp)
core   0: 3 0x0000000080001160 (0x5301ae07) f28 0xffffffffffff0000 mem 0x0000000080006540
core   0: 0x0000000080001164 (0x00000113) li      sp, 0
core   0: 3 0x0000000080001164 (0x00000113) x2  0x0000000000000000
core   0: 0x0000000080001168 (0x00311073) csrw    fcsr, sp
core   0: 3 0x0000000080001168 (0x00311073) c1_fflags 0x0000000000000000 c2_frm 0x0000000000000000
core   0: 0x000000008000116c (0xe5df7fcf) fnmadd.h ft11, ft10, ft9, ft8
core   0: 3 0x000000008000116c (0xe5df7fcf) f31 0xffffffffffff7e00
core   0: 0x0000000080001170 (0x00302273) csrr    tp, fcsr
core   0: 3 0x0000000080001170 (0x00302273) x4  0x0000000000000000
core   0: 0x0000000080001174 (0x6ff0a027) fsw     ft11, 1760(ra)
core   0: 3 0x0000000080001174 (0x6ff0a027) mem 0x00000000800097f8 0xffff7e00
core   0: 0x0000000080001178 (0x6e40b423) sd      tp, 1768(ra)
core   0: 3 0x0000000080001178 (0x6e40b423) mem 0x0000000080009800 0x0000000000000000
core   0: >>>>  inst_111
core   0: 0x000000008000117c (0x5341af07) flw     ft10, 1332(gp)
core   0: 3 0x000000008000117c (0x5341af07) f30 0xffffffff78737873 mem 0x0000000080006544
core   0: 0x0000000080001180 (0x5381ae87) flw     ft9, 1336(gp)
core   0: 3 0x0000000080001180 (0x5381ae87) f29 0xffffffff00000000 mem 0x0000000080006548
core   0: 0x0000000080001184 (0x53c1ae07) flw     ft8, 1340(gp)
core   0: 3 0x0000000080001184 (0x53c1ae07) f28 0xffffffffffff0000 mem 0x000000008000654c
core   0: 0x0000000080001188 (0x00000113) li      sp, 0
core   0: 3 0x0000000080001188 (0x00000113) x2  0x0000000000000000
core   0: 0x000000008000118c (0x00311073) csrw    fcsr, sp
core   0: 3 0x000000008000118c (0x00311073) c1_fflags 0x0000000000000000 c2_frm 0x0000000000000000
core   0: 0x0000000080001190 (0xe5df7fcf) fnmadd.h ft11, ft10, ft9, ft8
core   0: 3 0x0000000080001190 (0xe5df7fcf) f31 0xffffffffffff7e00
core   0: 0x0000000080001194 (0x00302273) csrr    tp, fcsr
core   0: 3 0x0000000080001194 (0x00302273) x4  0x0000000000000000
core   0: 0x0000000080001198 (0x6ff0a827) fsw     ft11, 1776(ra)
core   0: 3 0x0000000080001198 (0x6ff0a827) mem 0x0000000080009808 0xffff7e00
core   0: 0x000000008000119c (0x6e40bc23) sd      tp, 1784(ra)
core   0: 3 0x000000008000119c (0x6e40bc23) mem 0x0000000080009810 0x0000000000000000
core   0: >>>>  inst_112
core   0: 0x00000000800011a0 (0x5401af07) flw     ft10, 1344(gp)
core   0: 3 0x00000000800011a0 (0x5401af07) f30 0xffffffff00000000 mem 0x0000000080006550
core   0: 0x00000000800011a4 (0x5441ae87) flw     ft9, 1348(gp)
core   0: 3 0x00000000800011a4 (0x5441ae87) f29 0xffffffff00000000 mem 0x0000000080006554
core   0: 0x00000000800011a8 (0x5481ae07) flw     ft8, 1352(gp)
core   0: 3 0x00000000800011a8 (0x5481ae07) f28 0xffffffffffff0000 mem 0x0000000080006558
core   0: 0x00000000800011ac (0x00000113) li      sp, 0
core   0: 3 0x00000000800011ac (0x00000113) x2  0x0000000000000000
core   0: 0x00000000800011b0 (0x00311073) csrw    fcsr, sp
core   0: 3 0x00000000800011b0 (0x00311073) c1_fflags 0x0000000000000000 c2_frm 0x0000000000000000
core   0: 0x00000000800011b4 (0xe5df7fcf) fnmadd.h ft11, ft10, ft9, ft8
core   0: 3 0x00000000800011b4 (0xe5df7fcf) f31 0xffffffffffff7e00
core   0: 0x00000000800011b8 (0x00302273) csrr    tp, fcsr
core   0: 3 0x00000000800011b8 (0x00302273) x4  0x0000000000000000
core   0: 0x00000000800011bc (0x71f0a027) fsw     ft11, 1792(ra)
core   0: 3 0x00000000800011bc (0x71f0a027) mem 0x0000000080009818 0xffff7e00
core   0: 0x00000000800011c0 (0x7040b423) sd      tp, 1800(ra)
core   0: 3 0x00000000800011c0 (0x7040b423) mem 0x0000000080009820 0x0000000000000000
core   0: >>>>  inst_113
core   0: 0x00000000800011c4 (0x54c1af07) flw     ft10, 1356(gp)
core   0: 3 0x00000000800011c4 (0x54c1af07) f30 0xfffffffffbfffbff mem 0x000000008000655c
core   0: 0x00000000800011c8 (0x5501ae87) flw     ft9, 1360(gp)
core   0: 3 0x00000000800011c8 (0x5501ae87) f29 0xffffffff00000000 mem 0x0000000080006560
core   0: 0x00000000800011cc (0x5541ae07) flw     ft8, 1364(gp)
core   0: 3 0x00000000800011cc (0x5541ae07) f28 0xffffffffffff0000 mem 0x0000000080006564
core   0: 0x00000000800011d0 (0x00000113) li      sp, 0
core   0: 3 0x00000000800011d0 (0x00000113) x2  0x0000000000000000
core   0: 0x00000000800011d4 (0x00311073) csrw    fcsr, sp
core   0: 3 0x00000000800011d4 (0x00311073) c1_fflags 0x0000000000000000 c2_frm 0x0000000000000000
core   0: 0x00000000800011d8 (0xe5df7fcf) fnmadd.h ft11, ft10, ft9, ft8
core   0: 3 0x00000000800011d8 (0xe5df7fcf) f31 0xffffffffffff7e00
core   0: 0x00000000800011dc (0x00302273) csrr    tp, fcsr
core   0: 3 0x00000000800011dc (0x00302273) x4  0x0000000000000000
core   0: 0x00000000800011e0 (0x71f0a827) fsw     ft11, 1808(ra)
core   0: 3 0x00000000800011e0 (0x71f0a827) mem 0x0000000080009828 0xffff7e00
core   0: 0x00000000800011e4 (0x7040bc23) sd      tp, 1816(ra)
core   0: 3 0x00000000800011e4 (0x7040bc23) mem 0x0000000080009830 0x0000000000000000
core   0: >>>>  inst_114
core   0: 0x00000000800011e8 (0x5581af07) flw     ft10, 1368(gp)
core   0: 3 0x00000000800011e8 (0x5581af07) f30 0xffffffff79227922 mem 0x0000000080006568
core   0: 0x00000000800011ec (0x55c1ae87) flw     ft9, 1372(gp)
core   0: 3 0x00000000800011ec (0x55c1ae87) f29 0xffffffff00000000 mem 0x000000008000656c
core   0: 0x00000000800011f0 (0x5601ae07) flw     ft8, 1376(gp)
core   0: 3 0x00000000800011f0 (0x5601ae07) f28 0xffffffffffff0000 mem 0x0000000080006570
core   0: 0x00000000800011f4 (0x00000113) li      sp, 0
core   0: 3 0x00000000800011f4 (0x00000113) x2  0x0000000000000000
core   0: 0x00000000800011f8 (0x00311073) csrw    fcsr, sp
core   0: 3 0x00000000800011f8 (0x00311073) c1_fflags 0x0000000000000000 c2_frm 0x0000000000000000
core   0: 0x00000000800011fc (0xe5df7fcf) fnmadd.h ft11, ft10, ft9, ft8
core   0: 3 0x00000000800011fc (0xe5df7fcf) f31 0xffffffffffff7e00
core   0: 0x0000000080001200 (0x00302273) csrr    tp, fcsr
core   0: 3 0x0000000080001200 (0x00302273) x4  0x0000000000000000
core   0: 0x0000000080001204 (0x73f0a027) fsw     ft11, 1824(ra)
core   0: 3 0x0000000080001204 (0x73f0a027) mem 0x0000000080009838 0xffff7e00
core   0: 0x0000000080001208 (0x7240b423) sd      tp, 1832(ra)
core   0: 3 0x0000000080001208 (0x7240b423) mem 0x0000000080009840 0x0000000000000000
core   0: >>>>  inst_115
core   0: 0x000000008000120c (0x5641af07) flw     ft10, 1380(gp)
core   0: 3 0x000000008000120c (0x5641af07) f30 0xffffffff00000000 mem 0x0000000080006574
core   0: 0x0000000080001210 (0x5681ae87) flw     ft9, 1384(gp)
core   0: 3 0x0000000080001210 (0x5681ae87) f29 0xffffffff00000000 mem 0x0000000080006578
core   0: 0x0000000080001214 (0x56c1ae07) flw     ft8, 1388(gp)
core   0: 3 0x0000000080001214 (0x56c1ae07) f28 0xffffffffffff0000 mem 0x000000008000657c
core   0: 0x0000000080001218 (0x00000113) li      sp, 0
core   0: 3 0x0000000080001218 (0x00000113) x2  0x0000000000000000
core   0: 0x000000008000121c (0x00311073) csrw    fcsr, sp
core   0: 3 0x000000008000121c (0x00311073) c1_fflags 0x0000000000000000 c2_frm 0x0000000000000000
core   0: 0x0000000080001220 (0xe5df7fcf) fnmadd.h ft11, ft10, ft9, ft8
core   0: 3 0x0000000080001220 (0xe5df7fcf) f31 0xffffffffffff7e00
core   0: 0x0000000080001224 (0x00302273) csrr    tp, fcsr
core   0: 3 0x0000000080001224 (0x00302273) x4  0x0000000000000000
core   0: 0x0000000080001228 (0x73f0a827) fsw     ft11, 1840(ra)
core   0: 3 0x0000000080001228 (0x73f0a827) mem 0x0000000080009848 0xffff7e00
core   0: 0x000000008000122c (0x7240bc23) sd      tp, 1848(ra)
core   0: 3 0x000000008000122c (0x7240bc23) mem 0x0000000080009850 0x0000000000000000
core   0: >>>>  inst_116
core   0: 0x0000000080001230 (0x5701af07) flw     ft10, 1392(gp)
core   0: 3 0x0000000080001230 (0x5701af07) f30 0xfffffffffbfffbff mem 0x0000000080006580
core   0: 0x0000000080001234 (0x5741ae87) flw     ft9, 1396(gp)
core   0: 3 0x0000000080001234 (0x5741ae87) f29 0xffffffff00000000 mem 0x0000000080006584
core   0: 0x0000000080001238 (0x5781ae07) flw     ft8, 1400(gp)
core   0: 3 0x0000000080001238 (0x5781ae07) f28 0xffffffffffff0000 mem 0x0000000080006588
core   0: 0x000000008000123c (0x00000113) li      sp, 0
core   0: 3 0x000000008000123c (0x00000113) x2  0x0000000000000000
core   0: 0x0000000080001240 (0x00311073) csrw    fcsr, sp
core   0: 3 0x0000000080001240 (0x00311073) c1_fflags 0x0000000000000000 c2_frm 0x0000000000000000
core   0: 0x0000000080001244 (0xe5df7fcf) fnmadd.h ft11, ft10, ft9, ft8
core   0: 3 0x0000000080001244 (0xe5df7fcf) f31 0xffffffffffff7e00
core   0: 0x0000000080001248 (0x00302273) csrr    tp, fcsr
core   0: 3 0x0000000080001248 (0x00302273) x4  0x0000000000000000
core   0: 0x000000008000124c (0x75f0a027) fsw     ft11, 1856(ra)
core   0: 3 0x000000008000124c (0x75f0a027) mem 0x0000000080009858 0xffff7e00
core   0: 0x0000000080001250 (0x7440b423) sd      tp, 1864(ra)
core   0: 3 0x0000000080001250 (0x7440b423) mem 0x0000000080009860 0x0000000000000000
core   0: >>>>  inst_117
core   0: 0x0000000080001254 (0x57c1af07) flw     ft10, 1404(gp)
core   0: 3 0x0000000080001254 (0x57c1af07) f30 0xffffffff71f271f2 mem 0x000000008000658c
core   0: 0x0000000080001258 (0x5801ae87) flw     ft9, 1408(gp)
core   0: 3 0x0000000080001258 (0x5801ae87) f29 0xffffffff00000000 mem 0x0000000080006590
core   0: 0x000000008000125c (0x5841ae07) flw     ft8, 1412(gp)
core   0: 3 0x000000008000125c (0x5841ae07) f28 0xffffffffffff0000 mem 0x0000000080006594
core   0: 0x0000000080001260 (0x00000113) li      sp, 0
core   0: 3 0x0000000080001260 (0x00000113) x2  0x0000000000000000
core   0: 0x0000000080001264 (0x00311073) csrw    fcsr, sp
core   0: 3 0x0000000080001264 (0x00311073) c1_fflags 0x0000000000000000 c2_frm 0x0000000000000000
core   0: 0x0000000080001268 (0xe5df7fcf) fnmadd.h ft11, ft10, ft9, ft8
core   0: 3 0x0000000080001268 (0xe5df7fcf) f31 0xffffffffffff7e00
core   0: 0x000000008000126c (0x00302273) csrr    tp, fcsr
core   0: 3 0x000000008000126c (0x00302273) x4  0x0000000000000000
core   0: 0x0000000080001270 (0x75f0a827) fsw     ft11, 1872(ra)
core   0: 3 0x0000000080001270 (0x75f0a827) mem 0x0000000080009868 0xffff7e00
core   0: 0x0000000080001274 (0x7440bc23) sd      tp, 1880(ra)
core   0: 3 0x0000000080001274 (0x7440bc23) mem 0x0000000080009870 0x0000000000000000
core   0: >>>>  inst_118
core   0: 0x0000000080001278 (0x5881af07) flw     ft10, 1416(gp)
core   0: 3 0x0000000080001278 (0x5881af07) f30 0xffffffff00000000 mem 0x0000000080006598
core   0: 0x000000008000127c (0x58c1ae87) flw     ft9, 1420(gp)
core   0: 3 0x000000008000127c (0x58c1ae87) f29 0xffffffff00000000 mem 0x000000008000659c
core   0: 0x0000000080001280 (0x5901ae07) flw     ft8, 1424(gp)
core   0: 3 0x0000000080001280 (0x5901ae07) f28 0xffffffffffff0000 mem 0x00000000800065a0
core   0: 0x0000000080001284 (0x00000113) li      sp, 0
core   0: 3 0x0000000080001284 (0x00000113) x2  0x0000000000000000
core   0: 0x0000000080001288 (0x00311073) csrw    fcsr, sp
core   0: 3 0x0000000080001288 (0x00311073) c1_fflags 0x0000000000000000 c2_frm 0x0000000000000000
core   0: 0x000000008000128c (0xe5df7fcf) fnmadd.h ft11, ft10, ft9, ft8
core   0: 3 0x000000008000128c (0xe5df7fcf) f31 0xffffffffffff7e00
core   0: 0x0000000080001290 (0x00302273) csrr    tp, fcsr
core   0: 3 0x0000000080001290 (0x00302273) x4  0x0000000000000000
core   0: 0x0000000080001294 (0x77f0a027) fsw     ft11, 1888(ra)
core   0: 3 0x0000000080001294 (0x77f0a027) mem 0x0000000080009878 0xffff7e00
core   0: 0x0000000080001298 (0x7640b423) sd      tp, 1896(ra)
core   0: 3 0x0000000080001298 (0x7640b423) mem 0x0000000080009880 0x0000000000000000
core   0: >>>>  inst_119
core   0: 0x000000008000129c (0x5941af07) flw     ft10, 1428(gp)
core   0: 3 0x000000008000129c (0x5941af07) f30 0xfffffffffbfffbff mem 0x00000000800065a4
core   0: 0x00000000800012a0 (0x5981ae87) flw     ft9, 1432(gp)
core   0: 3 0x00000000800012a0 (0x5981ae87) f29 0xffffffff00000000 mem 0x00000000800065a8
core   0: 0x00000000800012a4 (0x59c1ae07) flw     ft8, 1436(gp)
core   0: 3 0x00000000800012a4 (0x59c1ae07) f28 0xffffffffffff0000 mem 0x00000000800065ac
core   0: 0x00000000800012a8 (0x00000113) li      sp, 0
core   0: 3 0x00000000800012a8 (0x00000113) x2  0x0000000000000000
core   0: 0x00000000800012ac (0x00311073) csrw    fcsr, sp
core   0: 3 0x00000000800012ac (0x00311073) c1_fflags 0x0000000000000000 c2_frm 0x0000000000000000
core   0: 0x00000000800012b0 (0xe5df7fcf) fnmadd.h ft11, ft10, ft9, ft8
core   0: 3 0x00000000800012b0 (0xe5df7fcf) f31 0xffffffffffff7e00
core   0: 0x00000000800012b4 (0x00302273) csrr    tp, fcsr
core   0: 3 0x00000000800012b4 (0x00302273) x4  0x0000000000000000
core   0: 0x00000000800012b8 (0x77f0a827) fsw     ft11, 1904(ra)
core   0: 3 0x00000000800012b8 (0x77f0a827) mem 0x0000000080009888 0xffff7e00
core   0: 0x00000000800012bc (0x7640bc23) sd      tp, 1912(ra)
core   0: 3 0x00000000800012bc (0x7640bc23) mem 0x0000000080009890 0x0000000000000000
core   0: >>>>  inst_120
core   0: 0x00000000800012c0 (0x5a01af07) flw     ft10, 1440(gp)
core   0: 3 0x00000000800012c0 (0x5a01af07) f30 0xffffffff7bef7bef mem 0x00000000800065b0
core   0: 0x00000000800012c4 (0x5a41ae87) flw     ft9, 1444(gp)
core   0: 3 0x00000000800012c4 (0x5a41ae87) f29 0xffffffff00000000 mem 0x00000000800065b4
core   0: 0x00000000800012c8 (0x5a81ae07) flw     ft8, 1448(gp)
core   0: 3 0x00000000800012c8 (0x5a81ae07) f28 0xffffffffffff0000 mem 0x00000000800065b8
core   0: 0x00000000800012cc (0x00000113) li      sp, 0
core   0: 3 0x00000000800012cc (0x00000113) x2  0x0000000000000000
core   0: 0x00000000800012d0 (0x00311073) csrw    fcsr, sp
core   0: 3 0x00000000800012d0 (0x00311073) c1_fflags 0x0000000000000000 c2_frm 0x0000000000000000
core   0: 0x00000000800012d4 (0xe5df7fcf) fnmadd.h ft11, ft10, ft9, ft8
core   0: 3 0x00000000800012d4 (0xe5df7fcf) f31 0xffffffffffff7e00
core   0: 0x00000000800012d8 (0x00302273) csrr    tp, fcsr
core   0: 3 0x00000000800012d8 (0x00302273) x4  0x0000000000000000
core   0: 0x00000000800012dc (0x79f0a027) fsw     ft11, 1920(ra)
core   0: 3 0x00000000800012dc (0x79f0a027) mem 0x0000000080009898 0xffff7e00
core   0: 0x00000000800012e0 (0x7840b423) sd      tp, 1928(ra)
core   0: 3 0x00000000800012e0 (0x7840b423) mem 0x00000000800098a0 0x0000000000000000
core   0: >>>>  inst_121
core   0: 0x00000000800012e4 (0x5ac1af07) flw     ft10, 1452(gp)
core   0: 3 0x00000000800012e4 (0x5ac1af07) f30 0xffffffff00000000 mem 0x00000000800065bc
core   0: 0x00000000800012e8 (0x5b01ae87) flw     ft9, 1456(gp)
core   0: 3 0x00000000800012e8 (0x5b01ae87) f29 0xffffffff00000000 mem 0x00000000800065c0
core   0: 0x00000000800012ec (0x5b41ae07) flw     ft8, 1460(gp)
core   0: 3 0x00000000800012ec (0x5b41ae07) f28 0xffffffffffff0000 mem 0x00000000800065c4
core   0: 0x00000000800012f0 (0x00000113) li      sp, 0
core   0: 3 0x00000000800012f0 (0x00000113) x2  0x0000000000000000
core   0: 0x00000000800012f4 (0x00311073) csrw    fcsr, sp
core   0: 3 0x00000000800012f4 (0x00311073) c1_fflags 0x0000000000000000 c2_frm 0x0000000000000000
core   0: 0x00000000800012f8 (0xe5df7fcf) fnmadd.h ft11, ft10, ft9, ft8
core   0: 3 0x00000000800012f8 (0xe5df7fcf) f31 0xffffffffffff7e00
core   0: 0x00000000800012fc (0x00302273) csrr    tp, fcsr
core   0: 3 0x00000000800012fc (0x00302273) x4  0x0000000000000000
core   0: 0x0000000080001300 (0x79f0a827) fsw     ft11, 1936(ra)
core   0: 3 0x0000000080001300 (0x79f0a827) mem 0x00000000800098a8 0xffff7e00
core   0: 0x0000000080001304 (0x7840bc23) sd      tp, 1944(ra)
core   0: 3 0x0000000080001304 (0x7840bc23) mem 0x00000000800098b0 0x0000000000000000
core   0: >>>>  inst_122
core   0: 0x0000000080001308 (0x5b81af07) flw     ft10, 1464(gp)
core   0: 3 0x0000000080001308 (0x5b81af07) f30 0xfffffffffbfffbff mem 0x00000000800065c8
core   0: 0x000000008000130c (0x5bc1ae87) flw     ft9, 1468(gp)
core   0: 3 0x000000008000130c (0x5bc1ae87) f29 0xffffffff00000000 mem 0x00000000800065cc
core   0: 0x0000000080001310 (0x5c01ae07) flw     ft8, 1472(gp)
core   0: 3 0x0000000080001310 (0x5c01ae07) f28 0xffffffffffff0000 mem 0x00000000800065d0
core   0: 0x0000000080001314 (0x00000113) li      sp, 0
core   0: 3 0x0000000080001314 (0x00000113) x2  0x0000000000000000
core   0: 0x0000000080001318 (0x00311073) csrw    fcsr, sp
core   0: 3 0x0000000080001318 (0x00311073) c1_fflags 0x0000000000000000 c2_frm 0x0000000000000000
core   0: 0x000000008000131c (0xe5df7fcf) fnmadd.h ft11, ft10, ft9, ft8
core   0: 3 0x000000008000131c (0xe5df7fcf) f31 0xffffffffffff7e00
core   0: 0x0000000080001320 (0x00302273) csrr    tp, fcsr
core   0: 3 0x0000000080001320 (0x00302273) x4  0x0000000000000000
core   0: 0x0000000080001324 (0x7bf0a027) fsw     ft11, 1952(ra)
core   0: 3 0x0000000080001324 (0x7bf0a027) mem 0x00000000800098b8 0xffff7e00
core   0: 0x0000000080001328 (0x7a40b423) sd      tp, 1960(ra)
core   0: 3 0x0000000080001328 (0x7a40b423) mem 0x00000000800098c0 0x0000000000000000
core   0: >>>>  inst_123
core   0: 0x000000008000132c (0x5c41af07) flw     ft10, 1476(gp)
core   0: 3 0x000000008000132c (0x5c41af07) f30 0xffffffff7ae07ae0 mem 0x00000000800065d4
core   0: 0x0000000080001330 (0x5c81ae87) flw     ft9, 1480(gp)
core   0: 3 0x0000000080001330 (0x5c81ae87) f29 0xffffffff00000000 mem 0x00000000800065d8
core   0: 0x0000000080001334 (0x5cc1ae07) flw     ft8, 1484(gp)
core   0: 3 0x0000000080001334 (0x5cc1ae07) f28 0xffffffffffff0000 mem 0x00000000800065dc
core   0: 0x0000000080001338 (0x00000113) li      sp, 0
core   0: 3 0x0000000080001338 (0x00000113) x2  0x0000000000000000
core   0: 0x000000008000133c (0x00311073) csrw    fcsr, sp
core   0: 3 0x000000008000133c (0x00311073) c1_fflags 0x0000000000000000 c2_frm 0x0000000000000000
core   0: 0x0000000080001340 (0xe5df7fcf) fnmadd.h ft11, ft10, ft9, ft8
core   0: 3 0x0000000080001340 (0xe5df7fcf) f31 0xffffffffffff7e00
core   0: 0x0000000080001344 (0x00302273) csrr    tp, fcsr
core   0: 3 0x0000000080001344 (0x00302273) x4  0x0000000000000000
core   0: 0x0000000080001348 (0x7bf0a827) fsw     ft11, 1968(ra)
core   0: 3 0x0000000080001348 (0x7bf0a827) mem 0x00000000800098c8 0xffff7e00
core   0: 0x000000008000134c (0x7a40bc23) sd      tp, 1976(ra)
core   0: 3 0x000000008000134c (0x7a40bc23) mem 0x00000000800098d0 0x0000000000000000
core   0: >>>>  inst_124
core   0: 0x0000000080001350 (0x5d01af07) flw     ft10, 1488(gp)
core   0: 3 0x0000000080001350 (0x5d01af07) f30 0xffffffff00000000 mem 0x00000000800065e0
core   0: 0x0000000080001354 (0x5d41ae87) flw     ft9, 1492(gp)
core   0: 3 0x0000000080001354 (0x5d41ae87) f29 0xffffffff00000000 mem 0x00000000800065e4
core   0: 0x0000000080001358 (0x5d81ae07) flw     ft8, 1496(gp)
core   0: 3 0x0000000080001358 (0x5d81ae07) f28 0xffffffffffff0000 mem 0x00000000800065e8
core   0: 0x000000008000135c (0x00000113) li      sp, 0
core   0: 3 0x000000008000135c (0x00000113) x2  0x0000000000000000
core   0: 0x0000000080001360 (0x00311073) csrw    fcsr, sp
core   0: 3 0x0000000080001360 (0x00311073) c1_fflags 0x0000000000000000 c2_frm 0x0000000000000000
core   0: 0x0000000080001364 (0xe5df7fcf) fnmadd.h ft11, ft10, ft9, ft8
core   0: 3 0x0000000080001364 (0xe5df7fcf) f31 0xffffffffffff7e00
core   0: 0x0000000080001368 (0x00302273) csrr    tp, fcsr
core   0: 3 0x0000000080001368 (0x00302273) x4  0x0000000000000000
core   0: 0x000000008000136c (0x7df0a027) fsw     ft11, 1984(ra)
core   0: 3 0x000000008000136c (0x7df0a027) mem 0x00000000800098d8 0xffff7e00
core   0: 0x0000000080001370 (0x7c40b423) sd      tp, 1992(ra)
core   0: 3 0x0000000080001370 (0x7c40b423) mem 0x00000000800098e0 0x0000000000000000
core   0: >>>>  inst_125
core   0: 0x0000000080001374 (0x5dc1af07) flw     ft10, 1500(gp)
core   0: 3 0x0000000080001374 (0x5dc1af07) f30 0xfffffffffbfffbff mem 0x00000000800065ec
core   0: 0x0000000080001378 (0x5e01ae87) flw     ft9, 1504(gp)
core   0: 3 0x0000000080001378 (0x5e01ae87) f29 0xffffffff00000000 mem 0x00000000800065f0
core   0: 0x000000008000137c (0x5e41ae07) flw     ft8, 1508(gp)
core   0: 3 0x000000008000137c (0x5e41ae07) f28 0xffffffffffff0000 mem 0x00000000800065f4
core   0: 0x0000000080001380 (0x00000113) li      sp, 0
core   0: 3 0x0000000080001380 (0x00000113) x2  0x0000000000000000
core   0: 0x0000000080001384 (0x00311073) csrw    fcsr, sp
core   0: 3 0x0000000080001384 (0x00311073) c1_fflags 0x0000000000000000 c2_frm 0x0000000000000000
core   0: 0x0000000080001388 (0xe5df7fcf) fnmadd.h ft11, ft10, ft9, ft8
core   0: 3 0x0000000080001388 (0xe5df7fcf) f31 0xffffffffffff7e00
core   0: 0x000000008000138c (0x00302273) csrr    tp, fcsr
core   0: 3 0x000000008000138c (0x00302273) x4  0x0000000000000000
core   0: 0x0000000080001390 (0x7df0a827) fsw     ft11, 2000(ra)
core   0: 3 0x0000000080001390 (0x7df0a827) mem 0x00000000800098e8 0xffff7e00
core   0: 0x0000000080001394 (0x7c40bc23) sd      tp, 2008(ra)
core   0: 3 0x0000000080001394 (0x7c40bc23) mem 0x00000000800098f0 0x0000000000000000
core   0: >>>>  inst_126
core   0: 0x0000000080001398 (0x5e81af07) flw     ft10, 1512(gp)
core   0: 3 0x0000000080001398 (0x5e81af07) f30 0xffffffff6fbb6fbb mem 0x00000000800065f8
core   0: 0x000000008000139c (0x5ec1ae87) flw     ft9, 1516(gp)
core   0: 3 0x000000008000139c (0x5ec1ae87) f29 0xffffffff00000000 mem 0x00000000800065fc
core   0: 0x00000000800013a0 (0x5f01ae07) flw     ft8, 1520(gp)
core   0: 3 0x00000000800013a0 (0x5f01ae07) f28 0xffffffffffff0000 mem 0x0000000080006600
core   0: 0x00000000800013a4 (0x00000113) li      sp, 0
core   0: 3 0x00000000800013a4 (0x00000113) x2  0x0000000000000000
core   0: 0x00000000800013a8 (0x00311073) csrw    fcsr, sp
core   0: 3 0x00000000800013a8 (0x00311073) c1_fflags 0x0000000000000000 c2_frm 0x0000000000000000
core   0: 0x00000000800013ac (0xe5df7fcf) fnmadd.h ft11, ft10, ft9, ft8
core   0: 3 0x00000000800013ac (0xe5df7fcf) f31 0xffffffffffff7e00
core   0: 0x00000000800013b0 (0x00302273) csrr    tp, fcsr
core   0: 3 0x00000000800013b0 (0x00302273) x4  0x0000000000000000
core   0: 0x00000000800013b4 (0x7ff0a027) fsw     ft11, 2016(ra)
core   0: 3 0x00000000800013b4 (0x7ff0a027) mem 0x00000000800098f8 0xffff7e00
core   0: 0x00000000800013b8 (0x7e40b423) sd      tp, 2024(ra)
core   0: 3 0x00000000800013b8 (0x7e40b423) mem 0x0000000080009900 0x0000000000000000
core   0: >>>>  inst_127
core   0: 0x00000000800013bc (0x5f41af07) flw     ft10, 1524(gp)
core   0: 3 0x00000000800013bc (0x5f41af07) f30 0xffffffff00000000 mem 0x0000000080006604
core   0: 0x00000000800013c0 (0x5f81ae87) flw     ft9, 1528(gp)
core   0: 3 0x00000000800013c0 (0x5f81ae87) f29 0xffffffff00000000 mem 0x0000000080006608
core   0: 0x00000000800013c4 (0x5fc1ae07) flw     ft8, 1532(gp)
core   0: 3 0x00000000800013c4 (0x5fc1ae07) f28 0xffffffffffff0000 mem 0x000000008000660c
core   0: 0x00000000800013c8 (0x00000113) li      sp, 0
core   0: 3 0x00000000800013c8 (0x00000113) x2  0x0000000000000000
core   0: 0x00000000800013cc (0x00311073) csrw    fcsr, sp
core   0: 3 0x00000000800013cc (0x00311073) c1_fflags 0x0000000000000000 c2_frm 0x0000000000000000
core   0: 0x00000000800013d0 (0xe5df7fcf) fnmadd.h ft11, ft10, ft9, ft8
core   0: 3 0x00000000800013d0 (0xe5df7fcf) f31 0xffffffffffff7e00
core   0: 0x00000000800013d4 (0x00302273) csrr    tp, fcsr
core   0: 3 0x00000000800013d4 (0x00302273) x4  0x0000000000000000
core   0: 0x00000000800013d8 (0x7ff0a827) fsw     ft11, 2032(ra)
core   0: 3 0x00000000800013d8 (0x7ff0a827) mem 0x0000000080009908 0xffff7e00
core   0: 0x00000000800013dc (0x7e40bc23) sd      tp, 2040(ra)
core   0: 3 0x00000000800013dc (0x7e40bc23) mem 0x0000000080009910 0x0000000000000000
core   0: 0x00000000800013e0 (0x00008097) auipc   ra, 0x8
core   0: 3 0x00000000800013e0 (0x00008097) x1  0x00000000800093e0
core   0: 0x00000000800013e4 (0x53808093) addi    ra, ra, 1336
core   0: 3 0x00000000800013e4 (0x53808093) x1  0x0000000080009918
core   0: 0x00000000800013e8 (0x00000013) nop
core   0: 3 0x00000000800013e8 (0x00000013)
core   0: 0x00000000800013ec (0x00000013) nop
core   0: 3 0x00000000800013ec (0x00000013)
core   0: 0x00000000800013f0 (0x00000013) nop
core   0: 3 0x00000000800013f0 (0x00000013)
core   0: 0x00000000800013f4 (0x00000013) nop
core   0: 3 0x00000000800013f4 (0x00000013)
core   0: 0x00000000800013f8 (0x00000013) nop
core   0: 3 0x00000000800013f8 (0x00000013)
core   0: 0x00000000800013fc (0x00000013) nop
core   0: 3 0x00000000800013fc (0x00000013)
core   0: >>>>  inst_128
core   0: 0x0000000080001400 (0x6001af07) flw     ft10, 1536(gp)
core   0: 3 0x0000000080001400 (0x6001af07) f30 0xfffffffffbfffbff mem 0x0000000080006610
core   0: 0x0000000080001404 (0x6041ae87) flw     ft9, 1540(gp)
core   0: 3 0x0000000080001404 (0x6041ae87) f29 0xffffffff00000000 mem 0x0000000080006614
core   0: 0x0000000080001408 (0x6081ae07) flw     ft8, 1544(gp)
core   0: 3 0x0000000080001408 (0x6081ae07) f28 0xffffffffffff0000 mem 0x0000000080006618
core   0: 0x000000008000140c (0x00000113) li      sp, 0
core   0: 3 0x000000008000140c (0x00000113) x2  0x0000000000000000
core   0: 0x0000000080001410 (0x00311073) csrw    fcsr, sp
core   0: 3 0x0000000080001410 (0x00311073) c1_fflags 0x0000000000000000 c2_frm 0x0000000000000000
core   0: 0x0000000080001414 (0xe5df7fcf) fnmadd.h ft11, ft10, ft9, ft8
core   0: 3 0x0000000080001414 (0xe5df7fcf) f31 0xffffffffffff7e00
core   0: 0x0000000080001418 (0x00302273) csrr    tp, fcsr
core   0: 3 0x0000000080001418 (0x00302273) x4  0x0000000000000000
core   0: 0x000000008000141c (0x01f0a027) fsw     ft11, 0(ra)
core   0: 3 0x000000008000141c (0x01f0a027) mem 0x0000000080009918 0xffff7e00
core   0: 0x0000000080001420 (0x0040b423) sd      tp, 8(ra)
core   0: 3 0x0000000080001420 (0x0040b423) mem 0x0000000080009920 0x0000000000000000
core   0: >>>>  inst_129
core   0: 0x0000000080001424 (0x60c1af07) flw     ft10, 1548(gp)
core   0: 3 0x0000000080001424 (0x60c1af07) f30 0xffffffff75527552 mem 0x000000008000661c
core   0: 0x0000000080001428 (0x6101ae87) flw     ft9, 1552(gp)
core   0: 3 0x0000000080001428 (0x6101ae87) f29 0xffffffff00000000 mem 0x0000000080006620
core   0: 0x000000008000142c (0x6141ae07) flw     ft8, 1556(gp)
core   0: 3 0x000000008000142c (0x6141ae07) f28 0xffffffffffff0000 mem 0x0000000080006624
core   0: 0x0000000080001430 (0x00000113) li      sp, 0
core   0: 3 0x0000000080001430 (0x00000113) x2  0x0000000000000000
core   0: 0x0000000080001434 (0x00311073) csrw    fcsr, sp
core   0: 3 0x0000000080001434 (0x00311073) c1_fflags 0x0000000000000000 c2_frm 0x0000000000000000
core   0: 0x0000000080001438 (0xe5df7fcf) fnmadd.h ft11, ft10, ft9, ft8
core   0: 3 0x0000000080001438 (0xe5df7fcf) f31 0xffffffffffff7e00
core   0: 0x000000008000143c (0x00302273) csrr    tp, fcsr
core   0: 3 0x000000008000143c (0x00302273) x4  0x0000000000000000
core   0: 0x0000000080001440 (0x01f0a827) fsw     ft11, 16(ra)
core   0: 3 0x0000000080001440 (0x01f0a827) mem 0x0000000080009928 0xffff7e00
core   0: 0x0000000080001444 (0x0040bc23) sd      tp, 24(ra)
core   0: 3 0x0000000080001444 (0x0040bc23) mem 0x0000000080009930 0x0000000000000000
core   0: >>>>  inst_130
core   0: 0x0000000080001448 (0x6181af07) flw     ft10, 1560(gp)
core   0: 3 0x0000000080001448 (0x6181af07) f30 0xffffffff00000000 mem 0x0000000080006628
core   0: 0x000000008000144c (0x61c1ae87) flw     ft9, 1564(gp)
core   0: 3 0x000000008000144c (0x61c1ae87) f29 0xffffffff00000000 mem 0x000000008000662c
core   0: 0x0000000080001450 (0x6201ae07) flw     ft8, 1568(gp)
core   0: 3 0x0000000080001450 (0x6201ae07) f28 0xffffffffffff0000 mem 0x0000000080006630
core   0: 0x0000000080001454 (0x00000113) li      sp, 0
core   0: 3 0x0000000080001454 (0x00000113) x2  0x0000000000000000
core   0: 0x0000000080001458 (0x00311073) csrw    fcsr, sp
core   0: 3 0x0000000080001458 (0x00311073) c1_fflags 0x0000000000000000 c2_frm 0x0000000000000000
core   0: 0x000000008000145c (0xe5df7fcf) fnmadd.h ft11, ft10, ft9, ft8
core   0: 3 0x000000008000145c (0xe5df7fcf) f31 0xffffffffffff7e00
core   0: 0x0000000080001460 (0x00302273) csrr    tp, fcsr
core   0: 3 0x0000000080001460 (0x00302273) x4  0x0000000000000000
core   0: 0x0000000080001464 (0x03f0a027) fsw     ft11, 32(ra)
core   0: 3 0x0000000080001464 (0x03f0a027) mem 0x0000000080009938 0xffff7e00
core   0: 0x0000000080001468 (0x0240b423) sd      tp, 40(ra)
core   0: 3 0x0000000080001468 (0x0240b423) mem 0x0000000080009940 0x0000000000000000
core   0: >>>>  inst_131
core   0: 0x000000008000146c (0x6241af07) flw     ft10, 1572(gp)
core   0: 3 0x000000008000146c (0x6241af07) f30 0xfffffffffbfffbff mem 0x0000000080006634
core   0: 0x0000000080001470 (0x6281ae87) flw     ft9, 1576(gp)
core   0: 3 0x0000000080001470 (0x6281ae87) f29 0xffffffff00000000 mem 0x0000000080006638
core   0: 0x0000000080001474 (0x62c1ae07) flw     ft8, 1580(gp)
core   0: 3 0x0000000080001474 (0x62c1ae07) f28 0xffffffffffff0000 mem 0x000000008000663c
core   0: 0x0000000080001478 (0x00000113) li      sp, 0
core   0: 3 0x0000000080001478 (0x00000113) x2  0x0000000000000000
core   0: 0x000000008000147c (0x00311073) csrw    fcsr, sp
core   0: 3 0x000000008000147c (0x00311073) c1_fflags 0x0000000000000000 c2_frm 0x0000000000000000
core   0: 0x0000000080001480 (0xe5df7fcf) fnmadd.h ft11, ft10, ft9, ft8
core   0: 3 0x0000000080001480 (0xe5df7fcf) f31 0xffffffffffff7e00
core   0: 0x0000000080001484 (0x00302273) csrr    tp, fcsr
core   0: 3 0x0000000080001484 (0x00302273) x4  0x0000000000000000
core   0: 0x0000000080001488 (0x03f0a827) fsw     ft11, 48(ra)
core   0: 3 0x0000000080001488 (0x03f0a827) mem 0x0000000080009948 0xffff7e00
core   0: 0x000000008000148c (0x0240bc23) sd      tp, 56(ra)
core   0: 3 0x000000008000148c (0x0240bc23) mem 0x0000000080009950 0x0000000000000000
core   0: >>>>  inst_132
core   0: 0x0000000080001490 (0x6301af07) flw     ft10, 1584(gp)
core   0: 3 0x0000000080001490 (0x6301af07) f30 0xffffffff79c479c4 mem 0x0000000080006640
core   0: 0x0000000080001494 (0x6341ae87) flw     ft9, 1588(gp)
core   0: 3 0x0000000080001494 (0x6341ae87) f29 0xffffffff00000000 mem 0x0000000080006644
core   0: 0x0000000080001498 (0x6381ae07) flw     ft8, 1592(gp)
core   0: 3 0x0000000080001498 (0x6381ae07) f28 0xffffffffffff0000 mem 0x0000000080006648
core   0: 0x000000008000149c (0x00000113) li      sp, 0
core   0: 3 0x000000008000149c (0x00000113) x2  0x0000000000000000
core   0: 0x00000000800014a0 (0x00311073) csrw    fcsr, sp
core   0: 3 0x00000000800014a0 (0x00311073) c1_fflags 0x0000000000000000 c2_frm 0x0000000000000000
core   0: 0x00000000800014a4 (0xe5df7fcf) fnmadd.h ft11, ft10, ft9, ft8
core   0: 3 0x00000000800014a4 (0xe5df7fcf) f31 0xffffffffffff7e00
core   0: 0x00000000800014a8 (0x00302273) csrr    tp, fcsr
core   0: 3 0x00000000800014a8 (0x00302273) x4  0x0000000000000000
core   0: 0x00000000800014ac (0x05f0a027) fsw     ft11, 64(ra)
core   0: 3 0x00000000800014ac (0x05f0a027) mem 0x0000000080009958 0xffff7e00
core   0: 0x00000000800014b0 (0x0440b423) sd      tp, 72(ra)
core   0: 3 0x00000000800014b0 (0x0440b423) mem 0x0000000080009960 0x0000000000000000
core   0: >>>>  inst_133
core   0: 0x00000000800014b4 (0x63c1af07) flw     ft10, 1596(gp)
core   0: 3 0x00000000800014b4 (0x63c1af07) f30 0xffffffff00000000 mem 0x000000008000664c
core   0: 0x00000000800014b8 (0x6401ae87) flw     ft9, 1600(gp)
core   0: 3 0x00000000800014b8 (0x6401ae87) f29 0xffffffff00000000 mem 0x0000000080006650
core   0: 0x00000000800014bc (0x6441ae07) flw     ft8, 1604(gp)
core   0: 3 0x00000000800014bc (0x6441ae07) f28 0xffffffffffff0000 mem 0x0000000080006654
core   0: 0x00000000800014c0 (0x00000113) li      sp, 0
core   0: 3 0x00000000800014c0 (0x00000113) x2  0x0000000000000000
core   0: 0x00000000800014c4 (0x00311073) csrw    fcsr, sp
core   0: 3 0x00000000800014c4 (0x00311073) c1_fflags 0x0000000000000000 c2_frm 0x0000000000000000
core   0: 0x00000000800014c8 (0xe5df7fcf) fnmadd.h ft11, ft10, ft9, ft8
core   0: 3 0x00000000800014c8 (0xe5df7fcf) f31 0xffffffffffff7e00
core   0: 0x00000000800014cc (0x00302273) csrr    tp, fcsr
core   0: 3 0x00000000800014cc (0x00302273) x4  0x0000000000000000
core   0: 0x00000000800014d0 (0x05f0a827) fsw     ft11, 80(ra)
core   0: 3 0x00000000800014d0 (0x05f0a827) mem 0x0000000080009968 0xffff7e00
core   0: 0x00000000800014d4 (0x0440bc23) sd      tp, 88(ra)
core   0: 3 0x00000000800014d4 (0x0440bc23) mem 0x0000000080009970 0x0000000000000000
core   0: >>>>  inst_134
core   0: 0x00000000800014d8 (0x6481af07) flw     ft10, 1608(gp)
core   0: 3 0x00000000800014d8 (0x6481af07) f30 0xfffffffffbfffbff mem 0x0000000080006658
core   0: 0x00000000800014dc (0x64c1ae87) flw     ft9, 1612(gp)
core   0: 3 0x00000000800014dc (0x64c1ae87) f29 0xffffffff00000000 mem 0x000000008000665c
core   0: 0x00000000800014e0 (0x6501ae07) flw     ft8, 1616(gp)
core   0: 3 0x00000000800014e0 (0x6501ae07) f28 0xffffffffffff0000 mem 0x0000000080006660
core   0: 0x00000000800014e4 (0x00000113) li      sp, 0
core   0: 3 0x00000000800014e4 (0x00000113) x2  0x0000000000000000
core   0: 0x00000000800014e8 (0x00311073) csrw    fcsr, sp
core   0: 3 0x00000000800014e8 (0x00311073) c1_fflags 0x0000000000000000 c2_frm 0x0000000000000000
core   0: 0x00000000800014ec (0xe5df7fcf) fnmadd.h ft11, ft10, ft9, ft8
core   0: 3 0x00000000800014ec (0xe5df7fcf) f31 0xffffffffffff7e00
core   0: 0x00000000800014f0 (0x00302273) csrr    tp, fcsr
core   0: 3 0x00000000800014f0 (0x00302273) x4  0x0000000000000000
core   0: 0x00000000800014f4 (0x07f0a027) fsw     ft11, 96(ra)
core   0: 3 0x00000000800014f4 (0x07f0a027) mem 0x0000000080009978 0xffff7e00
core   0: 0x00000000800014f8 (0x0640b423) sd      tp, 104(ra)
core   0: 3 0x00000000800014f8 (0x0640b423) mem 0x0000000080009980 0x0000000000000000
core   0: >>>>  inst_135
core   0: 0x00000000800014fc (0x6541af07) flw     ft10, 1620(gp)
core   0: 3 0x00000000800014fc (0x6541af07) f30 0xffffffff79af79af mem 0x0000000080006664
core   0: 0x0000000080001500 (0x6581ae87) flw     ft9, 1624(gp)
core   0: 3 0x0000000080001500 (0x6581ae87) f29 0xffffffff00000000 mem 0x0000000080006668
core   0: 0x0000000080001504 (0x65c1ae07) flw     ft8, 1628(gp)
core   0: 3 0x0000000080001504 (0x65c1ae07) f28 0xffffffffffff0000 mem 0x000000008000666c
core   0: 0x0000000080001508 (0x00000113) li      sp, 0
core   0: 3 0x0000000080001508 (0x00000113) x2  0x0000000000000000
core   0: 0x000000008000150c (0x00311073) csrw    fcsr, sp
core   0: 3 0x000000008000150c (0x00311073) c1_fflags 0x0000000000000000 c2_frm 0x0000000000000000
core   0: 0x0000000080001510 (0xe5df7fcf) fnmadd.h ft11, ft10, ft9, ft8
core   0: 3 0x0000000080001510 (0xe5df7fcf) f31 0xffffffffffff7e00
core   0: 0x0000000080001514 (0x00302273) csrr    tp, fcsr
core   0: 3 0x0000000080001514 (0x00302273) x4  0x0000000000000000
core   0: 0x0000000080001518 (0x07f0a827) fsw     ft11, 112(ra)
core   0: 3 0x0000000080001518 (0x07f0a827) mem 0x0000000080009988 0xffff7e00
core   0: 0x000000008000151c (0x0640bc23) sd      tp, 120(ra)
core   0: 3 0x000000008000151c (0x0640bc23) mem 0x0000000080009990 0x0000000000000000
core   0: >>>>  inst_136
core   0: 0x0000000080001520 (0x6601af07) flw     ft10, 1632(gp)
core   0: 3 0x0000000080001520 (0x6601af07) f30 0xffffffff00000000 mem 0x0000000080006670
core   0: 0x0000000080001524 (0x6641ae87) flw     ft9, 1636(gp)
core   0: 3 0x0000000080001524 (0x6641ae87) f29 0xffffffff00000000 mem 0x0000000080006674
core   0: 0x0000000080001528 (0x6681ae07) flw     ft8, 1640(gp)
core   0: 3 0x0000000080001528 (0x6681ae07) f28 0xffffffffffff0000 mem 0x0000000080006678
core   0: 0x000000008000152c (0x00000113) li      sp, 0
core   0: 3 0x000000008000152c (0x00000113) x2  0x0000000000000000
core   0: 0x0000000080001530 (0x00311073) csrw    fcsr, sp
core   0: 3 0x0000000080001530 (0x00311073) c1_fflags 0x0000000000000000 c2_frm 0x0000000000000000
core   0: 0x0000000080001534 (0xe5df7fcf) fnmadd.h ft11, ft10, ft9, ft8
core   0: 3 0x0000000080001534 (0xe5df7fcf) f31 0xffffffffffff7e00
core   0: 0x0000000080001538 (0x00302273) csrr    tp, fcsr
core   0: 3 0x0000000080001538 (0x00302273) x4  0x0000000000000000
core   0: 0x000000008000153c (0x09f0a027) fsw     ft11, 128(ra)
core   0: 3 0x000000008000153c (0x09f0a027) mem 0x0000000080009998 0xffff7e00
core   0: 0x0000000080001540 (0x0840b423) sd      tp, 136(ra)
core   0: 3 0x0000000080001540 (0x0840b423) mem 0x00000000800099a0 0x0000000000000000
core   0: >>>>  inst_137
core   0: 0x0000000080001544 (0x66c1af07) flw     ft10, 1644(gp)
core   0: 3 0x0000000080001544 (0x66c1af07) f30 0xfffffffffbfffbff mem 0x000000008000667c
core   0: 0x0000000080001548 (0x6701ae87) flw     ft9, 1648(gp)
core   0: 3 0x0000000080001548 (0x6701ae87) f29 0xffffffff00000000 mem 0x0000000080006680
core   0: 0x000000008000154c (0x6741ae07) flw     ft8, 1652(gp)
core   0: 3 0x000000008000154c (0x6741ae07) f28 0xffffffffffff0000 mem 0x0000000080006684
core   0: 0x0000000080001550 (0x00000113) li      sp, 0
core   0: 3 0x0000000080001550 (0x00000113) x2  0x0000000000000000
core   0: 0x0000000080001554 (0x00311073) csrw    fcsr, sp
core   0: 3 0x0000000080001554 (0x00311073) c1_fflags 0x0000000000000000 c2_frm 0x0000000000000000
core   0: 0x0000000080001558 (0xe5df7fcf) fnmadd.h ft11, ft10, ft9, ft8
core   0: 3 0x0000000080001558 (0xe5df7fcf) f31 0xffffffffffff7e00
core   0: 0x000000008000155c (0x00302273) csrr    tp, fcsr
core   0: 3 0x000000008000155c (0x00302273) x4  0x0000000000000000
core   0: 0x0000000080001560 (0x09f0a827) fsw     ft11, 144(ra)
core   0: 3 0x0000000080001560 (0x09f0a827) mem 0x00000000800099a8 0xffff7e00
core   0: 0x0000000080001564 (0x0840bc23) sd      tp, 152(ra)
core   0: 3 0x0000000080001564 (0x0840bc23) mem 0x00000000800099b0 0x0000000000000000
core   0: >>>>  inst_138
core   0: 0x0000000080001568 (0x6781af07) flw     ft10, 1656(gp)
core   0: 3 0x0000000080001568 (0x6781af07) f30 0xffffffff7b7c7b7c mem 0x0000000080006688
core   0: 0x000000008000156c (0x67c1ae87) flw     ft9, 1660(gp)
core   0: 3 0x000000008000156c (0x67c1ae87) f29 0xffffffff00000000 mem 0x000000008000668c
core   0: 0x0000000080001570 (0x6801ae07) flw     ft8, 1664(gp)
core   0: 3 0x0000000080001570 (0x6801ae07) f28 0xffffffffffff0000 mem 0x0000000080006690
core   0: 0x0000000080001574 (0x00000113) li      sp, 0
core   0: 3 0x0000000080001574 (0x00000113) x2  0x0000000000000000
core   0: 0x0000000080001578 (0x00311073) csrw    fcsr, sp
core   0: 3 0x0000000080001578 (0x00311073) c1_fflags 0x0000000000000000 c2_frm 0x0000000000000000
core   0: 0x000000008000157c (0xe5df7fcf) fnmadd.h ft11, ft10, ft9, ft8
core   0: 3 0x000000008000157c (0xe5df7fcf) f31 0xffffffffffff7e00
core   0: 0x0000000080001580 (0x00302273) csrr    tp, fcsr
core   0: 3 0x0000000080001580 (0x00302273) x4  0x0000000000000000
core   0: 0x0000000080001584 (0x0bf0a027) fsw     ft11, 160(ra)
core   0: 3 0x0000000080001584 (0x0bf0a027) mem 0x00000000800099b8 0xffff7e00
core   0: 0x0000000080001588 (0x0a40b423) sd      tp, 168(ra)
core   0: 3 0x0000000080001588 (0x0a40b423) mem 0x00000000800099c0 0x0000000000000000
core   0: >>>>  inst_139
core   0: 0x000000008000158c (0x6841af07) flw     ft10, 1668(gp)
core   0: 3 0x000000008000158c (0x6841af07) f30 0xffffffff00000000 mem 0x0000000080006694
core   0: 0x0000000080001590 (0x6881ae87) flw     ft9, 1672(gp)
core   0: 3 0x0000000080001590 (0x6881ae87) f29 0xffffffff00000000 mem 0x0000000080006698
core   0: 0x0000000080001594 (0x68c1ae07) flw     ft8, 1676(gp)
core   0: 3 0x0000000080001594 (0x68c1ae07) f28 0xffffffffffff0000 mem 0x000000008000669c
core   0: 0x0000000080001598 (0x00000113) li      sp, 0
core   0: 3 0x0000000080001598 (0x00000113) x2  0x0000000000000000
core   0: 0x000000008000159c (0x00311073) csrw    fcsr, sp
core   0: 3 0x000000008000159c (0x00311073) c1_fflags 0x0000000000000000 c2_frm 0x0000000000000000
core   0: 0x00000000800015a0 (0xe5df7fcf) fnmadd.h ft11, ft10, ft9, ft8
core   0: 3 0x00000000800015a0 (0xe5df7fcf) f31 0xffffffffffff7e00
core   0: 0x00000000800015a4 (0x00302273) csrr    tp, fcsr
core   0: 3 0x00000000800015a4 (0x00302273) x4  0x0000000000000000
core   0: 0x00000000800015a8 (0x0bf0a827) fsw     ft11, 176(ra)
core   0: 3 0x00000000800015a8 (0x0bf0a827) mem 0x00000000800099c8 0xffff7e00
core   0: 0x00000000800015ac (0x0a40bc23) sd      tp, 184(ra)
core   0: 3 0x00000000800015ac (0x0a40bc23) mem 0x00000000800099d0 0x0000000000000000
core   0: >>>>  inst_140
core   0: 0x00000000800015b0 (0x6901af07) flw     ft10, 1680(gp)
core   0: 3 0x00000000800015b0 (0x6901af07) f30 0xfffffffffbfffbff mem 0x00000000800066a0
core   0: 0x00000000800015b4 (0x6941ae87) flw     ft9, 1684(gp)
core   0: 3 0x00000000800015b4 (0x6941ae87) f29 0xffffffff00000000 mem 0x00000000800066a4
core   0: 0x00000000800015b8 (0x6981ae07) flw     ft8, 1688(gp)
core   0: 3 0x00000000800015b8 (0x6981ae07) f28 0xffffffffffff0000 mem 0x00000000800066a8
core   0: 0x00000000800015bc (0x00000113) li      sp, 0
core   0: 3 0x00000000800015bc (0x00000113) x2  0x0000000000000000
core   0: 0x00000000800015c0 (0x00311073) csrw    fcsr, sp
core   0: 3 0x00000000800015c0 (0x00311073) c1_fflags 0x0000000000000000 c2_frm 0x0000000000000000
core   0: 0x00000000800015c4 (0xe5df7fcf) fnmadd.h ft11, ft10, ft9, ft8
core   0: 3 0x00000000800015c4 (0xe5df7fcf) f31 0xffffffffffff7e00
core   0: 0x00000000800015c8 (0x00302273) csrr    tp, fcsr
core   0: 3 0x00000000800015c8 (0x00302273) x4  0x0000000000000000
core   0: 0x00000000800015cc (0x0df0a027) fsw     ft11, 192(ra)
core   0: 3 0x00000000800015cc (0x0df0a027) mem 0x00000000800099d8 0xffff7e00
core   0: 0x00000000800015d0 (0x0c40b423) sd      tp, 200(ra)
core   0: 3 0x00000000800015d0 (0x0c40b423) mem 0x00000000800099e0 0x0000000000000000
core   0: >>>>  inst_141
core   0: 0x00000000800015d4 (0x69c1af07) flw     ft10, 1692(gp)
core   0: 3 0x00000000800015d4 (0x69c1af07) f30 0xffffffff76c076c0 mem 0x00000000800066ac
core   0: 0x00000000800015d8 (0x6a01ae87) flw     ft9, 1696(gp)
core   0: 3 0x00000000800015d8 (0x6a01ae87) f29 0xffffffff00000000 mem 0x00000000800066b0
core   0: 0x00000000800015dc (0x6a41ae07) flw     ft8, 1700(gp)
core   0: 3 0x00000000800015dc (0x6a41ae07) f28 0xffffffffffff0000 mem 0x00000000800066b4
core   0: 0x00000000800015e0 (0x00000113) li      sp, 0
core   0: 3 0x00000000800015e0 (0x00000113) x2  0x0000000000000000
core   0: 0x00000000800015e4 (0x00311073) csrw    fcsr, sp
core   0: 3 0x00000000800015e4 (0x00311073) c1_fflags 0x0000000000000000 c2_frm 0x0000000000000000
core   0: 0x00000000800015e8 (0xe5df7fcf) fnmadd.h ft11, ft10, ft9, ft8
core   0: 3 0x00000000800015e8 (0xe5df7fcf) f31 0xffffffffffff7e00
core   0: 0x00000000800015ec (0x00302273) csrr    tp, fcsr
core   0: 3 0x00000000800015ec (0x00302273) x4  0x0000000000000000
core   0: 0x00000000800015f0 (0x0df0a827) fsw     ft11, 208(ra)
core   0: 3 0x00000000800015f0 (0x0df0a827) mem 0x00000000800099e8 0xffff7e00
core   0: 0x00000000800015f4 (0x0c40bc23) sd      tp, 216(ra)
core   0: 3 0x00000000800015f4 (0x0c40bc23) mem 0x00000000800099f0 0x0000000000000000
core   0: >>>>  inst_142
core   0: 0x00000000800015f8 (0x6a81af07) flw     ft10, 1704(gp)
core   0: 3 0x00000000800015f8 (0x6a81af07) f30 0xffffffff00000000 mem 0x00000000800066b8
core   0: 0x00000000800015fc (0x6ac1ae87) flw     ft9, 1708(gp)
core   0: 3 0x00000000800015fc (0x6ac1ae87) f29 0xffffffff00000000 mem 0x00000000800066bc
core   0: 0x0000000080001600 (0x6b01ae07) flw     ft8, 1712(gp)
core   0: 3 0x0000000080001600 (0x6b01ae07) f28 0xffffffffffff0000 mem 0x00000000800066c0
core   0: 0x0000000080001604 (0x00000113) li      sp, 0
core   0: 3 0x0000000080001604 (0x00000113) x2  0x0000000000000000
core   0: 0x0000000080001608 (0x00311073) csrw    fcsr, sp
core   0: 3 0x0000000080001608 (0x00311073) c1_fflags 0x0000000000000000 c2_frm 0x0000000000000000
core   0: 0x000000008000160c (0xe5df7fcf) fnmadd.h ft11, ft10, ft9, ft8
core   0: 3 0x000000008000160c (0xe5df7fcf) f31 0xffffffffffff7e00
core   0: 0x0000000080001610 (0x00302273) csrr    tp, fcsr
core   0: 3 0x0000000080001610 (0x00302273) x4  0x0000000000000000
core   0: 0x0000000080001614 (0x0ff0a027) fsw     ft11, 224(ra)
core   0: 3 0x0000000080001614 (0x0ff0a027) mem 0x00000000800099f8 0xffff7e00
core   0: 0x0000000080001618 (0x0e40b423) sd      tp, 232(ra)
core   0: 3 0x0000000080001618 (0x0e40b423) mem 0x0000000080009a00 0x0000000000000000
core   0: >>>>  inst_143
core   0: 0x000000008000161c (0x6b41af07) flw     ft10, 1716(gp)
core   0: 3 0x000000008000161c (0x6b41af07) f30 0xfffffffffbfffbff mem 0x00000000800066c4
core   0: 0x0000000080001620 (0x6b81ae87) flw     ft9, 1720(gp)
core   0: 3 0x0000000080001620 (0x6b81ae87) f29 0xffffffff00000000 mem 0x00000000800066c8
core   0: 0x0000000080001624 (0x6bc1ae07) flw     ft8, 1724(gp)
core   0: 3 0x0000000080001624 (0x6bc1ae07) f28 0xffffffffffff0000 mem 0x00000000800066cc
core   0: 0x0000000080001628 (0x00000113) li      sp, 0
core   0: 3 0x0000000080001628 (0x00000113) x2  0x0000000000000000
core   0: 0x000000008000162c (0x00311073) csrw    fcsr, sp
core   0: 3 0x000000008000162c (0x00311073) c1_fflags 0x0000000000000000 c2_frm 0x0000000000000000
core   0: 0x0000000080001630 (0xe5df7fcf) fnmadd.h ft11, ft10, ft9, ft8
core   0: 3 0x0000000080001630 (0xe5df7fcf) f31 0xffffffffffff7e00
core   0: 0x0000000080001634 (0x00302273) csrr    tp, fcsr
core   0: 3 0x0000000080001634 (0x00302273) x4  0x0000000000000000
core   0: 0x0000000080001638 (0x0ff0a827) fsw     ft11, 240(ra)
core   0: 3 0x0000000080001638 (0x0ff0a827) mem 0x0000000080009a08 0xffff7e00
core   0: 0x000000008000163c (0x0e40bc23) sd      tp, 248(ra)
core   0: 3 0x000000008000163c (0x0e40bc23) mem 0x0000000080009a10 0x0000000000000000
core   0: >>>>  inst_144
core   0: 0x0000000080001640 (0x6c01af07) flw     ft10, 1728(gp)
core   0: 3 0x0000000080001640 (0x6c01af07) f30 0xffffffff7aa37aa3 mem 0x00000000800066d0
core   0: 0x0000000080001644 (0x6c41ae87) flw     ft9, 1732(gp)
core   0: 3 0x0000000080001644 (0x6c41ae87) f29 0xffffffff00000000 mem 0x00000000800066d4
core   0: 0x0000000080001648 (0x6c81ae07) flw     ft8, 1736(gp)
core   0: 3 0x0000000080001648 (0x6c81ae07) f28 0xffffffffffff0000 mem 0x00000000800066d8
core   0: 0x000000008000164c (0x00000113) li      sp, 0
core   0: 3 0x000000008000164c (0x00000113) x2  0x0000000000000000
core   0: 0x0000000080001650 (0x00311073) csrw    fcsr, sp
core   0: 3 0x0000000080001650 (0x00311073) c1_fflags 0x0000000000000000 c2_frm 0x0000000000000000
core   0: 0x0000000080001654 (0xe5df7fcf) fnmadd.h ft11, ft10, ft9, ft8
core   0: 3 0x0000000080001654 (0xe5df7fcf) f31 0xffffffffffff7e00
core   0: 0x0000000080001658 (0x00302273) csrr    tp, fcsr
core   0: 3 0x0000000080001658 (0x00302273) x4  0x0000000000000000
core   0: 0x000000008000165c (0x11f0a027) fsw     ft11, 256(ra)
core   0: 3 0x000000008000165c (0x11f0a027) mem 0x0000000080009a18 0xffff7e00
core   0: 0x0000000080001660 (0x1040b423) sd      tp, 264(ra)
core   0: 3 0x0000000080001660 (0x1040b423) mem 0x0000000080009a20 0x0000000000000000
core   0: >>>>  inst_145
core   0: 0x0000000080001664 (0x6cc1af07) flw     ft10, 1740(gp)
core   0: 3 0x0000000080001664 (0x6cc1af07) f30 0xffffffff00000000 mem 0x00000000800066dc
core   0: 0x0000000080001668 (0x6d01ae87) flw     ft9, 1744(gp)
core   0: 3 0x0000000080001668 (0x6d01ae87) f29 0xffffffff00000000 mem 0x00000000800066e0
core   0: 0x000000008000166c (0x6d41ae07) flw     ft8, 1748(gp)
core   0: 3 0x000000008000166c (0x6d41ae07) f28 0xffffffffffff0000 mem 0x00000000800066e4
core   0: 0x0000000080001670 (0x00000113) li      sp, 0
core   0: 3 0x0000000080001670 (0x00000113) x2  0x0000000000000000
core   0: 0x0000000080001674 (0x00311073) csrw    fcsr, sp
core   0: 3 0x0000000080001674 (0x00311073) c1_fflags 0x0000000000000000 c2_frm 0x0000000000000000
core   0: 0x0000000080001678 (0xe5df7fcf) fnmadd.h ft11, ft10, ft9, ft8
core   0: 3 0x0000000080001678 (0xe5df7fcf) f31 0xffffffffffff7e00
core   0: 0x000000008000167c (0x00302273) csrr    tp, fcsr
core   0: 3 0x000000008000167c (0x00302273) x4  0x0000000000000000
core   0: 0x0000000080001680 (0x11f0a827) fsw     ft11, 272(ra)
core   0: 3 0x0000000080001680 (0x11f0a827) mem 0x0000000080009a28 0xffff7e00
core   0: 0x0000000080001684 (0x1040bc23) sd      tp, 280(ra)
core   0: 3 0x0000000080001684 (0x1040bc23) mem 0x0000000080009a30 0x0000000000000000
core   0: >>>>  inst_146
core   0: 0x0000000080001688 (0x6d81af07) flw     ft10, 1752(gp)
core   0: 3 0x0000000080001688 (0x6d81af07) f30 0xfffffffffbfffbff mem 0x00000000800066e8
core   0: 0x000000008000168c (0x6dc1ae87) flw     ft9, 1756(gp)
core   0: 3 0x000000008000168c (0x6dc1ae87) f29 0xffffffff00000000 mem 0x00000000800066ec
core   0: 0x0000000080001690 (0x6e01ae07) flw     ft8, 1760(gp)
core   0: 3 0x0000000080001690 (0x6e01ae07) f28 0xffffffffffff0000 mem 0x00000000800066f0
core   0: 0x0000000080001694 (0x00000113) li      sp, 0
core   0: 3 0x0000000080001694 (0x00000113) x2  0x0000000000000000
core   0: 0x0000000080001698 (0x00311073) csrw    fcsr, sp
core   0: 3 0x0000000080001698 (0x00311073) c1_fflags 0x0000000000000000 c2_frm 0x0000000000000000
core   0: 0x000000008000169c (0xe5df7fcf) fnmadd.h ft11, ft10, ft9, ft8
core   0: 3 0x000000008000169c (0xe5df7fcf) f31 0xffffffffffff7e00
core   0: 0x00000000800016a0 (0x00302273) csrr    tp, fcsr
core   0: 3 0x00000000800016a0 (0x00302273) x4  0x0000000000000000
core   0: 0x00000000800016a4 (0x13f0a027) fsw     ft11, 288(ra)
core   0: 3 0x00000000800016a4 (0x13f0a027) mem 0x0000000080009a38 0xffff7e00
core   0: 0x00000000800016a8 (0x1240b423) sd      tp, 296(ra)
core   0: 3 0x00000000800016a8 (0x1240b423) mem 0x0000000080009a40 0x0000000000000000
core   0: >>>>  inst_147
core   0: 0x00000000800016ac (0x6e41af07) flw     ft10, 1764(gp)
core   0: 3 0x00000000800016ac (0x6e41af07) f30 0xffffffff795c795c mem 0x00000000800066f4
core   0: 0x00000000800016b0 (0x6e81ae87) flw     ft9, 1768(gp)
core   0: 3 0x00000000800016b0 (0x6e81ae87) f29 0xffffffff00000000 mem 0x00000000800066f8
core   0: 0x00000000800016b4 (0x6ec1ae07) flw     ft8, 1772(gp)
core   0: 3 0x00000000800016b4 (0x6ec1ae07) f28 0xffffffffffff0000 mem 0x00000000800066fc
core   0: 0x00000000800016b8 (0x00000113) li      sp, 0
core   0: 3 0x00000000800016b8 (0x00000113) x2  0x0000000000000000
core   0: 0x00000000800016bc (0x00311073) csrw    fcsr, sp
core   0: 3 0x00000000800016bc (0x00311073) c1_fflags 0x0000000000000000 c2_frm 0x0000000000000000
core   0: 0x00000000800016c0 (0xe5df7fcf) fnmadd.h ft11, ft10, ft9, ft8
core   0: 3 0x00000000800016c0 (0xe5df7fcf) f31 0xffffffffffff7e00
core   0: 0x00000000800016c4 (0x00302273) csrr    tp, fcsr
core   0: 3 0x00000000800016c4 (0x00302273) x4  0x0000000000000000
core   0: 0x00000000800016c8 (0x13f0a827) fsw     ft11, 304(ra)
core   0: 3 0x00000000800016c8 (0x13f0a827) mem 0x0000000080009a48 0xffff7e00
core   0: 0x00000000800016cc (0x1240bc23) sd      tp, 312(ra)
core   0: 3 0x00000000800016cc (0x1240bc23) mem 0x0000000080009a50 0x0000000000000000
core   0: >>>>  inst_148
core   0: 0x00000000800016d0 (0x6f01af07) flw     ft10, 1776(gp)
core   0: 3 0x00000000800016d0 (0x6f01af07) f30 0xffffffff80008000 mem 0x0000000080006700
core   0: 0x00000000800016d4 (0x6f41ae87) flw     ft9, 1780(gp)
core   0: 3 0x00000000800016d4 (0x6f41ae87) f29 0xffffffff00000000 mem 0x0000000080006704
core   0: 0x00000000800016d8 (0x6f81ae07) flw     ft8, 1784(gp)
core   0: 3 0x00000000800016d8 (0x6f81ae07) f28 0xffffffffffff0000 mem 0x0000000080006708
core   0: 0x00000000800016dc (0x00000113) li      sp, 0
core   0: 3 0x00000000800016dc (0x00000113) x2  0x0000000000000000
core   0: 0x00000000800016e0 (0x00311073) csrw    fcsr, sp
core   0: 3 0x00000000800016e0 (0x00311073) c1_fflags 0x0000000000000000 c2_frm 0x0000000000000000
core   0: 0x00000000800016e4 (0xe5df7fcf) fnmadd.h ft11, ft10, ft9, ft8
core   0: 3 0x00000000800016e4 (0xe5df7fcf) f31 0xffffffffffff7e00
core   0: 0x00000000800016e8 (0x00302273) csrr    tp, fcsr
core   0: 3 0x00000000800016e8 (0x00302273) x4  0x0000000000000000
core   0: 0x00000000800016ec (0x15f0a027) fsw     ft11, 320(ra)
core   0: 3 0x00000000800016ec (0x15f0a027) mem 0x0000000080009a58 0xffff7e00
core   0: 0x00000000800016f0 (0x1440b423) sd      tp, 328(ra)
core   0: 3 0x00000000800016f0 (0x1440b423) mem 0x0000000080009a60 0x0000000000000000
core   0: >>>>  inst_149
core   0: 0x00000000800016f4 (0x6fc1af07) flw     ft10, 1788(gp)
core   0: 3 0x00000000800016f4 (0x6fc1af07) f30 0xfffffffffbfffbff mem 0x000000008000670c
core   0: 0x00000000800016f8 (0x7001ae87) flw     ft9, 1792(gp)
core   0: 3 0x00000000800016f8 (0x7001ae87) f29 0xffffffff00000000 mem 0x0000000080006710
core   0: 0x00000000800016fc (0x7041ae07) flw     ft8, 1796(gp)
core   0: 3 0x00000000800016fc (0x7041ae07) f28 0xffffffffffff0000 mem 0x0000000080006714
core   0: 0x0000000080001700 (0x00000113) li      sp, 0
core   0: 3 0x0000000080001700 (0x00000113) x2  0x0000000000000000
core   0: 0x0000000080001704 (0x00311073) csrw    fcsr, sp
core   0: 3 0x0000000080001704 (0x00311073) c1_fflags 0x0000000000000000 c2_frm 0x0000000000000000
core   0: 0x0000000080001708 (0xe5df7fcf) fnmadd.h ft11, ft10, ft9, ft8
core   0: 3 0x0000000080001708 (0xe5df7fcf) f31 0xffffffffffff7e00
core   0: 0x000000008000170c (0x00302273) csrr    tp, fcsr
core   0: 3 0x000000008000170c (0x00302273) x4  0x0000000000000000
core   0: 0x0000000080001710 (0x15f0a827) fsw     ft11, 336(ra)
core   0: 3 0x0000000080001710 (0x15f0a827) mem 0x0000000080009a68 0xffff7e00
core   0: 0x0000000080001714 (0x1440bc23) sd      tp, 344(ra)
core   0: 3 0x0000000080001714 (0x1440bc23) mem 0x0000000080009a70 0x0000000000000000
core   0: >>>>  inst_150
core   0: 0x0000000080001718 (0x7081af07) flw     ft10, 1800(gp)
core   0: 3 0x0000000080001718 (0x7081af07) f30 0xffffffff74da74da mem 0x0000000080006718
core   0: 0x000000008000171c (0x70c1ae87) flw     ft9, 1804(gp)
core   0: 3 0x000000008000171c (0x70c1ae87) f29 0xffffffff00000000 mem 0x000000008000671c
core   0: 0x0000000080001720 (0x7101ae07) flw     ft8, 1808(gp)
core   0: 3 0x0000000080001720 (0x7101ae07) f28 0xffffffffffff0000 mem 0x0000000080006720
core   0: 0x0000000080001724 (0x00000113) li      sp, 0
core   0: 3 0x0000000080001724 (0x00000113) x2  0x0000000000000000
core   0: 0x0000000080001728 (0x00311073) csrw    fcsr, sp
core   0: 3 0x0000000080001728 (0x00311073) c1_fflags 0x0000000000000000 c2_frm 0x0000000000000000
core   0: 0x000000008000172c (0xe5df7fcf) fnmadd.h ft11, ft10, ft9, ft8
core   0: 3 0x000000008000172c (0xe5df7fcf) f31 0xffffffffffff7e00
core   0: 0x0000000080001730 (0x00302273) csrr    tp, fcsr
core   0: 3 0x0000000080001730 (0x00302273) x4  0x0000000000000000
core   0: 0x0000000080001734 (0x17f0a027) fsw     ft11, 352(ra)
core   0: 3 0x0000000080001734 (0x17f0a027) mem 0x0000000080009a78 0xffff7e00
core   0: 0x0000000080001738 (0x1640b423) sd      tp, 360(ra)
core   0: 3 0x0000000080001738 (0x1640b423) mem 0x0000000080009a80 0x0000000000000000
core   0: >>>>  inst_151
core   0: 0x000000008000173c (0x7141af07) flw     ft10, 1812(gp)
core   0: 3 0x000000008000173c (0x7141af07) f30 0xffffffff80008000 mem 0x0000000080006724
core   0: 0x0000000080001740 (0x7181ae87) flw     ft9, 1816(gp)
core   0: 3 0x0000000080001740 (0x7181ae87) f29 0xffffffff00000000 mem 0x0000000080006728
core   0: 0x0000000080001744 (0x71c1ae07) flw     ft8, 1820(gp)
core   0: 3 0x0000000080001744 (0x71c1ae07) f28 0xffffffffffff0000 mem 0x000000008000672c
core   0: 0x0000000080001748 (0x00000113) li      sp, 0
core   0: 3 0x0000000080001748 (0x00000113) x2  0x0000000000000000
core   0: 0x000000008000174c (0x00311073) csrw    fcsr, sp
core   0: 3 0x000000008000174c (0x00311073) c1_fflags 0x0000000000000000 c2_frm 0x0000000000000000
core   0: 0x0000000080001750 (0xe5df7fcf) fnmadd.h ft11, ft10, ft9, ft8
core   0: 3 0x0000000080001750 (0xe5df7fcf) f31 0xffffffffffff7e00
core   0: 0x0000000080001754 (0x00302273) csrr    tp, fcsr
core   0: 3 0x0000000080001754 (0x00302273) x4  0x0000000000000000
core   0: 0x0000000080001758 (0x17f0a827) fsw     ft11, 368(ra)
core   0: 3 0x0000000080001758 (0x17f0a827) mem 0x0000000080009a88 0xffff7e00
core   0: 0x000000008000175c (0x1640bc23) sd      tp, 376(ra)
core   0: 3 0x000000008000175c (0x1640bc23) mem 0x0000000080009a90 0x0000000000000000
core   0: >>>>  inst_152
core   0: 0x0000000080001760 (0x7201af07) flw     ft10, 1824(gp)
core   0: 3 0x0000000080001760 (0x7201af07) f30 0xfffffffffbfffbff mem 0x0000000080006730
core   0: 0x0000000080001764 (0x7241ae87) flw     ft9, 1828(gp)
core   0: 3 0x0000000080001764 (0x7241ae87) f29 0xffffffff00000000 mem 0x0000000080006734
core   0: 0x0000000080001768 (0x7281ae07) flw     ft8, 1832(gp)
core   0: 3 0x0000000080001768 (0x7281ae07) f28 0xffffffffffff0000 mem 0x0000000080006738
core   0: 0x000000008000176c (0x00000113) li      sp, 0
core   0: 3 0x000000008000176c (0x00000113) x2  0x0000000000000000
core   0: 0x0000000080001770 (0x00311073) csrw    fcsr, sp
core   0: 3 0x0000000080001770 (0x00311073) c1_fflags 0x0000000000000000 c2_frm 0x0000000000000000
core   0: 0x0000000080001774 (0xe5df7fcf) fnmadd.h ft11, ft10, ft9, ft8
core   0: 3 0x0000000080001774 (0xe5df7fcf) f31 0xffffffffffff7e00
core   0: 0x0000000080001778 (0x00302273) csrr    tp, fcsr
core   0: 3 0x0000000080001778 (0x00302273) x4  0x0000000000000000
core   0: 0x000000008000177c (0x19f0a027) fsw     ft11, 384(ra)
core   0: 3 0x000000008000177c (0x19f0a027) mem 0x0000000080009a98 0xffff7e00
core   0: 0x0000000080001780 (0x1840b423) sd      tp, 392(ra)
core   0: 3 0x0000000080001780 (0x1840b423) mem 0x0000000080009aa0 0x0000000000000000
core   0: >>>>  inst_153
core   0: 0x0000000080001784 (0x72c1af07) flw     ft10, 1836(gp)
core   0: 3 0x0000000080001784 (0x72c1af07) f30 0xffffffff78b278b2 mem 0x000000008000673c
core   0: 0x0000000080001788 (0x7301ae87) flw     ft9, 1840(gp)
core   0: 3 0x0000000080001788 (0x7301ae87) f29 0xffffffff00000000 mem 0x0000000080006740
core   0: 0x000000008000178c (0x7341ae07) flw     ft8, 1844(gp)
core   0: 3 0x000000008000178c (0x7341ae07) f28 0xffffffffffff0000 mem 0x0000000080006744
core   0: 0x0000000080001790 (0x00000113) li      sp, 0
core   0: 3 0x0000000080001790 (0x00000113) x2  0x0000000000000000
core   0: 0x0000000080001794 (0x00311073) csrw    fcsr, sp
core   0: 3 0x0000000080001794 (0x00311073) c1_fflags 0x0000000000000000 c2_frm 0x0000000000000000
core   0: 0x0000000080001798 (0xe5df7fcf) fnmadd.h ft11, ft10, ft9, ft8
core   0: 3 0x0000000080001798 (0xe5df7fcf) f31 0xffffffffffff7e00
core   0: 0x000000008000179c (0x00302273) csrr    tp, fcsr
core   0: 3 0x000000008000179c (0x00302273) x4  0x0000000000000000
core   0: 0x00000000800017a0 (0x19f0a827) fsw     ft11, 400(ra)
core   0: 3 0x00000000800017a0 (0x19f0a827) mem 0x0000000080009aa8 0xffff7e00
core   0: 0x00000000800017a4 (0x1840bc23) sd      tp, 408(ra)
core   0: 3 0x00000000800017a4 (0x1840bc23) mem 0x0000000080009ab0 0x0000000000000000
core   0: >>>>  inst_154
core   0: 0x00000000800017a8 (0x7381af07) flw     ft10, 1848(gp)
core   0: 3 0x00000000800017a8 (0x7381af07) f30 0xffffffff80008000 mem 0x0000000080006748
core   0: 0x00000000800017ac (0x73c1ae87) flw     ft9, 1852(gp)
core   0: 3 0x00000000800017ac (0x73c1ae87) f29 0xffffffff00000000 mem 0x000000008000674c
core   0: 0x00000000800017b0 (0x7401ae07) flw     ft8, 1856(gp)
core   0: 3 0x00000000800017b0 (0x7401ae07) f28 0xffffffffffff0000 mem 0x0000000080006750
core   0: 0x00000000800017b4 (0x00000113) li      sp, 0
core   0: 3 0x00000000800017b4 (0x00000113) x2  0x0000000000000000
core   0: 0x00000000800017b8 (0x00311073) csrw    fcsr, sp
core   0: 3 0x00000000800017b8 (0x00311073) c1_fflags 0x0000000000000000 c2_frm 0x0000000000000000
core   0: 0x00000000800017bc (0xe5df7fcf) fnmadd.h ft11, ft10, ft9, ft8
core   0: 3 0x00000000800017bc (0xe5df7fcf) f31 0xffffffffffff7e00
core   0: 0x00000000800017c0 (0x00302273) csrr    tp, fcsr
core   0: 3 0x00000000800017c0 (0x00302273) x4  0x0000000000000000
core   0: 0x00000000800017c4 (0x1bf0a027) fsw     ft11, 416(ra)
core   0: 3 0x00000000800017c4 (0x1bf0a027) mem 0x0000000080009ab8 0xffff7e00
core   0: 0x00000000800017c8 (0x1a40b423) sd      tp, 424(ra)
core   0: 3 0x00000000800017c8 (0x1a40b423) mem 0x0000000080009ac0 0x0000000000000000
core   0: >>>>  inst_155
core   0: 0x00000000800017cc (0x7441af07) flw     ft10, 1860(gp)
core   0: 3 0x00000000800017cc (0x7441af07) f30 0xfffffffffbfffbff mem 0x0000000080006754
core   0: 0x00000000800017d0 (0x7481ae87) flw     ft9, 1864(gp)
core   0: 3 0x00000000800017d0 (0x7481ae87) f29 0xffffffff00000000 mem 0x0000000080006758
core   0: 0x00000000800017d4 (0x74c1ae07) flw     ft8, 1868(gp)
core   0: 3 0x00000000800017d4 (0x74c1ae07) f28 0xffffffffffff0000 mem 0x000000008000675c
core   0: 0x00000000800017d8 (0x00000113) li      sp, 0
core   0: 3 0x00000000800017d8 (0x00000113) x2  0x0000000000000000
core   0: 0x00000000800017dc (0x00311073) csrw    fcsr, sp
core   0: 3 0x00000000800017dc (0x00311073) c1_fflags 0x0000000000000000 c2_frm 0x0000000000000000
core   0: 0x00000000800017e0 (0xe5df7fcf) fnmadd.h ft11, ft10, ft9, ft8
core   0: 3 0x00000000800017e0 (0xe5df7fcf) f31 0xffffffffffff7e00
core   0: 0x00000000800017e4 (0x00302273) csrr    tp, fcsr
core   0: 3 0x00000000800017e4 (0x00302273) x4  0x0000000000000000
core   0: 0x00000000800017e8 (0x1bf0a827) fsw     ft11, 432(ra)
core   0: 3 0x00000000800017e8 (0x1bf0a827) mem 0x0000000080009ac8 0xffff7e00
core   0: 0x00000000800017ec (0x1a40bc23) sd      tp, 440(ra)
core   0: 3 0x00000000800017ec (0x1a40bc23) mem 0x0000000080009ad0 0x0000000000000000
core   0: >>>>  inst_156
core   0: 0x00000000800017f0 (0x7501af07) flw     ft10, 1872(gp)
core   0: 3 0x00000000800017f0 (0x7501af07) f30 0xffffffff7b0e7b0e mem 0x0000000080006760
core   0: 0x00000000800017f4 (0x7541ae87) flw     ft9, 1876(gp)
core   0: 3 0x00000000800017f4 (0x7541ae87) f29 0xffffffff00000000 mem 0x0000000080006764
core   0: 0x00000000800017f8 (0x7581ae07) flw     ft8, 1880(gp)
core   0: 3 0x00000000800017f8 (0x7581ae07) f28 0xffffffffffff0000 mem 0x0000000080006768
core   0: 0x00000000800017fc (0x00000113) li      sp, 0
core   0: 3 0x00000000800017fc (0x00000113) x2  0x0000000000000000
core   0: 0x0000000080001800 (0x00311073) csrw    fcsr, sp
core   0: 3 0x0000000080001800 (0x00311073) c1_fflags 0x0000000000000000 c2_frm 0x0000000000000000
core   0: 0x0000000080001804 (0xe5df7fcf) fnmadd.h ft11, ft10, ft9, ft8
core   0: 3 0x0000000080001804 (0xe5df7fcf) f31 0xffffffffffff7e00
core   0: 0x0000000080001808 (0x00302273) csrr    tp, fcsr
core   0: 3 0x0000000080001808 (0x00302273) x4  0x0000000000000000
core   0: 0x000000008000180c (0x1df0a027) fsw     ft11, 448(ra)
core   0: 3 0x000000008000180c (0x1df0a027) mem 0x0000000080009ad8 0xffff7e00
core   0: 0x0000000080001810 (0x1c40b423) sd      tp, 456(ra)
core   0: 3 0x0000000080001810 (0x1c40b423) mem 0x0000000080009ae0 0x0000000000000000
core   0: >>>>  inst_157
core   0: 0x0000000080001814 (0x75c1af07) flw     ft10, 1884(gp)
core   0: 3 0x0000000080001814 (0x75c1af07) f30 0xffffffff80008000 mem 0x000000008000676c
core   0: 0x0000000080001818 (0x7601ae87) flw     ft9, 1888(gp)
core   0: 3 0x0000000080001818 (0x7601ae87) f29 0xffffffff00000000 mem 0x0000000080006770
core   0: 0x000000008000181c (0x7641ae07) flw     ft8, 1892(gp)
core   0: 3 0x000000008000181c (0x7641ae07) f28 0xffffffffffff0000 mem 0x0000000080006774
core   0: 0x0000000080001820 (0x00000113) li      sp, 0
core   0: 3 0x0000000080001820 (0x00000113) x2  0x0000000000000000
core   0: 0x0000000080001824 (0x00311073) csrw    fcsr, sp
core   0: 3 0x0000000080001824 (0x00311073) c1_fflags 0x0000000000000000 c2_frm 0x0000000000000000
core   0: 0x0000000080001828 (0xe5df7fcf) fnmadd.h ft11, ft10, ft9, ft8
core   0: 3 0x0000000080001828 (0xe5df7fcf) f31 0xffffffffffff7e00
core   0: 0x000000008000182c (0x00302273) csrr    tp, fcsr
core   0: 3 0x000000008000182c (0x00302273) x4  0x0000000000000000
core   0: 0x0000000080001830 (0x1df0a827) fsw     ft11, 464(ra)
core   0: 3 0x0000000080001830 (0x1df0a827) mem 0x0000000080009ae8 0xffff7e00
core   0: 0x0000000080001834 (0x1c40bc23) sd      tp, 472(ra)
core   0: 3 0x0000000080001834 (0x1c40bc23) mem 0x0000000080009af0 0x0000000000000000
core   0: >>>>  inst_158
core   0: 0x0000000080001838 (0x7681af07) flw     ft10, 1896(gp)
core   0: 3 0x0000000080001838 (0x7681af07) f30 0xfffffffffbfffbff mem 0x0000000080006778
core   0: 0x000000008000183c (0x76c1ae87) flw     ft9, 1900(gp)
core   0: 3 0x000000008000183c (0x76c1ae87) f29 0xffffffff00000000 mem 0x000000008000677c
core   0: 0x0000000080001840 (0x7701ae07) flw     ft8, 1904(gp)
core   0: 3 0x0000000080001840 (0x7701ae07) f28 0xffffffffffff0000 mem 0x0000000080006780
core   0: 0x0000000080001844 (0x00000113) li      sp, 0
core   0: 3 0x0000000080001844 (0x00000113) x2  0x0000000000000000
core   0: 0x0000000080001848 (0x00311073) csrw    fcsr, sp
core   0: 3 0x0000000080001848 (0x00311073) c1_fflags 0x0000000000000000 c2_frm 0x0000000000000000
core   0: 0x000000008000184c (0xe5df7fcf) fnmadd.h ft11, ft10, ft9, ft8
core   0: 3 0x000000008000184c (0xe5df7fcf) f31 0xffffffffffff7e00
core   0: 0x0000000080001850 (0x00302273) csrr    tp, fcsr
core   0: 3 0x0000000080001850 (0x00302273) x4  0x0000000000000000
core   0: 0x0000000080001854 (0x1ff0a027) fsw     ft11, 480(ra)
core   0: 3 0x0000000080001854 (0x1ff0a027) mem 0x0000000080009af8 0xffff7e00
core   0: 0x0000000080001858 (0x1e40b423) sd      tp, 488(ra)
core   0: 3 0x0000000080001858 (0x1e40b423) mem 0x0000000080009b00 0x0000000000000000
core   0: >>>>  inst_159
core   0: 0x000000008000185c (0x7741af07) flw     ft10, 1908(gp)
core   0: 3 0x000000008000185c (0x7741af07) f30 0xffffffff7ac47ac4 mem 0x0000000080006784
core   0: 0x0000000080001860 (0x7781ae87) flw     ft9, 1912(gp)
core   0: 3 0x0000000080001860 (0x7781ae87) f29 0xffffffff00000000 mem 0x0000000080006788
core   0: 0x0000000080001864 (0x77c1ae07) flw     ft8, 1916(gp)
core   0: 3 0x0000000080001864 (0x77c1ae07) f28 0xffffffffffff0000 mem 0x000000008000678c
core   0: 0x0000000080001868 (0x00000113) li      sp, 0
core   0: 3 0x0000000080001868 (0x00000113) x2  0x0000000000000000
core   0: 0x000000008000186c (0x00311073) csrw    fcsr, sp
core   0: 3 0x000000008000186c (0x00311073) c1_fflags 0x0000000000000000 c2_frm 0x0000000000000000
core   0: 0x0000000080001870 (0xe5df7fcf) fnmadd.h ft11, ft10, ft9, ft8
core   0: 3 0x0000000080001870 (0xe5df7fcf) f31 0xffffffffffff7e00
core   0: 0x0000000080001874 (0x00302273) csrr    tp, fcsr
core   0: 3 0x0000000080001874 (0x00302273) x4  0x0000000000000000
core   0: 0x0000000080001878 (0x1ff0a827) fsw     ft11, 496(ra)
core   0: 3 0x0000000080001878 (0x1ff0a827) mem 0x0000000080009b08 0xffff7e00
core   0: 0x000000008000187c (0x1e40bc23) sd      tp, 504(ra)
core   0: 3 0x000000008000187c (0x1e40bc23) mem 0x0000000080009b10 0x0000000000000000
core   0: >>>>  inst_160
core   0: 0x0000000080001880 (0x7801af07) flw     ft10, 1920(gp)
core   0: 3 0x0000000080001880 (0x7801af07) f30 0xffffffff80008000 mem 0x0000000080006790
core   0: 0x0000000080001884 (0x7841ae87) flw     ft9, 1924(gp)
core   0: 3 0x0000000080001884 (0x7841ae87) f29 0xffffffff00000000 mem 0x0000000080006794
core   0: 0x0000000080001888 (0x7881ae07) flw     ft8, 1928(gp)
core   0: 3 0x0000000080001888 (0x7881ae07) f28 0xffffffffffff0000 mem 0x0000000080006798
core   0: 0x000000008000188c (0x00000113) li      sp, 0
core   0: 3 0x000000008000188c (0x00000113) x2  0x0000000000000000
core   0: 0x0000000080001890 (0x00311073) csrw    fcsr, sp
core   0: 3 0x0000000080001890 (0x00311073) c1_fflags 0x0000000000000000 c2_frm 0x0000000000000000
core   0: 0x0000000080001894 (0xe5df7fcf) fnmadd.h ft11, ft10, ft9, ft8
core   0: 3 0x0000000080001894 (0xe5df7fcf) f31 0xffffffffffff7e00
core   0: 0x0000000080001898 (0x00302273) csrr    tp, fcsr
core   0: 3 0x0000000080001898 (0x00302273) x4  0x0000000000000000
core   0: 0x000000008000189c (0x21f0a027) fsw     ft11, 512(ra)
core   0: 3 0x000000008000189c (0x21f0a027) mem 0x0000000080009b18 0xffff7e00
core   0: 0x00000000800018a0 (0x2040b423) sd      tp, 520(ra)
core   0: 3 0x00000000800018a0 (0x2040b423) mem 0x0000000080009b20 0x0000000000000000
core   0: >>>>  inst_161
core   0: 0x00000000800018a4 (0x78c1af07) flw     ft10, 1932(gp)
core   0: 3 0x00000000800018a4 (0x78c1af07) f30 0xfffffffffbfffbff mem 0x000000008000679c
core   0: 0x00000000800018a8 (0x7901ae87) flw     ft9, 1936(gp)
core   0: 3 0x00000000800018a8 (0x7901ae87) f29 0xffffffff00000000 mem 0x00000000800067a0
core   0: 0x00000000800018ac (0x7941ae07) flw     ft8, 1940(gp)
core   0: 3 0x00000000800018ac (0x7941ae07) f28 0xffffffffffff0000 mem 0x00000000800067a4
core   0: 0x00000000800018b0 (0x00000113) li      sp, 0
core   0: 3 0x00000000800018b0 (0x00000113) x2  0x0000000000000000
core   0: 0x00000000800018b4 (0x00311073) csrw    fcsr, sp
core   0: 3 0x00000000800018b4 (0x00311073) c1_fflags 0x0000000000000000 c2_frm 0x0000000000000000
core   0: 0x00000000800018b8 (0xe5df7fcf) fnmadd.h ft11, ft10, ft9, ft8
core   0: 3 0x00000000800018b8 (0xe5df7fcf) f31 0xffffffffffff7e00
core   0: 0x00000000800018bc (0x00302273) csrr    tp, fcsr
core   0: 3 0x00000000800018bc (0x00302273) x4  0x0000000000000000
core   0: 0x00000000800018c0 (0x21f0a827) fsw     ft11, 528(ra)
core   0: 3 0x00000000800018c0 (0x21f0a827) mem 0x0000000080009b28 0xffff7e00
core   0: 0x00000000800018c4 (0x2040bc23) sd      tp, 536(ra)
core   0: 3 0x00000000800018c4 (0x2040bc23) mem 0x0000000080009b30 0x0000000000000000
core   0: >>>>  inst_162
core   0: 0x00000000800018c8 (0x7981af07) flw     ft10, 1944(gp)
core   0: 3 0x00000000800018c8 (0x7981af07) f30 0xffffffff780a780a mem 0x00000000800067a8
core   0: 0x00000000800018cc (0x79c1ae87) flw     ft9, 1948(gp)
core   0: 3 0x00000000800018cc (0x79c1ae87) f29 0xffffffff00000000 mem 0x00000000800067ac
core   0: 0x00000000800018d0 (0x7a01ae07) flw     ft8, 1952(gp)
core   0: 3 0x00000000800018d0 (0x7a01ae07) f28 0xffffffffffff0000 mem 0x00000000800067b0
core   0: 0x00000000800018d4 (0x00000113) li      sp, 0
core   0: 3 0x00000000800018d4 (0x00000113) x2  0x0000000000000000
core   0: 0x00000000800018d8 (0x00311073) csrw    fcsr, sp
core   0: 3 0x00000000800018d8 (0x00311073) c1_fflags 0x0000000000000000 c2_frm 0x0000000000000000
core   0: 0x00000000800018dc (0xe5df7fcf) fnmadd.h ft11, ft10, ft9, ft8
core   0: 3 0x00000000800018dc (0xe5df7fcf) f31 0xffffffffffff7e00
core   0: 0x00000000800018e0 (0x00302273) csrr    tp, fcsr
core   0: 3 0x00000000800018e0 (0x00302273) x4  0x0000000000000000
core   0: 0x00000000800018e4 (0x23f0a027) fsw     ft11, 544(ra)
core   0: 3 0x00000000800018e4 (0x23f0a027) mem 0x0000000080009b38 0xffff7e00
core   0: 0x00000000800018e8 (0x2240b423) sd      tp, 552(ra)
core   0: 3 0x00000000800018e8 (0x2240b423) mem 0x0000000080009b40 0x0000000000000000
core   0: >>>>  inst_163
core   0: 0x00000000800018ec (0x7a41af07) flw     ft10, 1956(gp)
core   0: 3 0x00000000800018ec (0x7a41af07) f30 0xffffffff80008000 mem 0x00000000800067b4
core   0: 0x00000000800018f0 (0x7a81ae87) flw     ft9, 1960(gp)
core   0: 3 0x00000000800018f0 (0x7a81ae87) f29 0xffffffff00000000 mem 0x00000000800067b8
core   0: 0x00000000800018f4 (0x7ac1ae07) flw     ft8, 1964(gp)
core   0: 3 0x00000000800018f4 (0x7ac1ae07) f28 0xffffffffffff0000 mem 0x00000000800067bc
core   0: 0x00000000800018f8 (0x00000113) li      sp, 0
core   0: 3 0x00000000800018f8 (0x00000113) x2  0x0000000000000000
core   0: 0x00000000800018fc (0x00311073) csrw    fcsr, sp
core   0: 3 0x00000000800018fc (0x00311073) c1_fflags 0x0000000000000000 c2_frm 0x0000000000000000
core   0: 0x0000000080001900 (0xe5df7fcf) fnmadd.h ft11, ft10, ft9, ft8
core   0: 3 0x0000000080001900 (0xe5df7fcf) f31 0xffffffffffff7e00
core   0: 0x0000000080001904 (0x00302273) csrr    tp, fcsr
core   0: 3 0x0000000080001904 (0x00302273) x4  0x0000000000000000
core   0: 0x0000000080001908 (0x23f0a827) fsw     ft11, 560(ra)
core   0: 3 0x0000000080001908 (0x23f0a827) mem 0x0000000080009b48 0xffff7e00
core   0: 0x000000008000190c (0x2240bc23) sd      tp, 568(ra)
core   0: 3 0x000000008000190c (0x2240bc23) mem 0x0000000080009b50 0x0000000000000000
core   0: >>>>  inst_164
core   0: 0x0000000080001910 (0x7b01af07) flw     ft10, 1968(gp)
core   0: 3 0x0000000080001910 (0x7b01af07) f30 0xfffffffffbfffbff mem 0x00000000800067c0
core   0: 0x0000000080001914 (0x7b41ae87) flw     ft9, 1972(gp)
core   0: 3 0x0000000080001914 (0x7b41ae87) f29 0xffffffff00000000 mem 0x00000000800067c4
core   0: 0x0000000080001918 (0x7b81ae07) flw     ft8, 1976(gp)
core   0: 3 0x0000000080001918 (0x7b81ae07) f28 0xffffffffffff0000 mem 0x00000000800067c8
core   0: 0x000000008000191c (0x00000113) li      sp, 0
core   0: 3 0x000000008000191c (0x00000113) x2  0x0000000000000000
core   0: 0x0000000080001920 (0x00311073) csrw    fcsr, sp
core   0: 3 0x0000000080001920 (0x00311073) c1_fflags 0x0000000000000000 c2_frm 0x0000000000000000
core   0: 0x0000000080001924 (0xe5df7fcf) fnmadd.h ft11, ft10, ft9, ft8
core   0: 3 0x0000000080001924 (0xe5df7fcf) f31 0xffffffffffff7e00
core   0: 0x0000000080001928 (0x00302273) csrr    tp, fcsr
core   0: 3 0x0000000080001928 (0x00302273) x4  0x0000000000000000
core   0: 0x000000008000192c (0x25f0a027) fsw     ft11, 576(ra)
core   0: 3 0x000000008000192c (0x25f0a027) mem 0x0000000080009b58 0xffff7e00
core   0: 0x0000000080001930 (0x2440b423) sd      tp, 584(ra)
core   0: 3 0x0000000080001930 (0x2440b423) mem 0x0000000080009b60 0x0000000000000000
core   0: >>>>  inst_165
core   0: 0x0000000080001934 (0x7bc1af07) flw     ft10, 1980(gp)
core   0: 3 0x0000000080001934 (0x7bc1af07) f30 0xffffffff78b578b5 mem 0x00000000800067cc
core   0: 0x0000000080001938 (0x7c01ae87) flw     ft9, 1984(gp)
core   0: 3 0x0000000080001938 (0x7c01ae87) f29 0xffffffff00000000 mem 0x00000000800067d0
core   0: 0x000000008000193c (0x7c41ae07) flw     ft8, 1988(gp)
core   0: 3 0x000000008000193c (0x7c41ae07) f28 0xffffffffffff0000 mem 0x00000000800067d4
core   0: 0x0000000080001940 (0x00000113) li      sp, 0
core   0: 3 0x0000000080001940 (0x00000113) x2  0x0000000000000000
core   0: 0x0000000080001944 (0x00311073) csrw    fcsr, sp
core   0: 3 0x0000000080001944 (0x00311073) c1_fflags 0x0000000000000000 c2_frm 0x0000000000000000
core   0: 0x0000000080001948 (0xe5df7fcf) fnmadd.h ft11, ft10, ft9, ft8
core   0: 3 0x0000000080001948 (0xe5df7fcf) f31 0xffffffffffff7e00
core   0: 0x000000008000194c (0x00302273) csrr    tp, fcsr
core   0: 3 0x000000008000194c (0x00302273) x4  0x0000000000000000
core   0: 0x0000000080001950 (0x25f0a827) fsw     ft11, 592(ra)
core   0: 3 0x0000000080001950 (0x25f0a827) mem 0x0000000080009b68 0xffff7e00
core   0: 0x0000000080001954 (0x2440bc23) sd      tp, 600(ra)
core   0: 3 0x0000000080001954 (0x2440bc23) mem 0x0000000080009b70 0x0000000000000000
core   0: >>>>  inst_166
core   0: 0x0000000080001958 (0x7c81af07) flw     ft10, 1992(gp)
core   0: 3 0x0000000080001958 (0x7c81af07) f30 0xffffffff80008000 mem 0x00000000800067d8
core   0: 0x000000008000195c (0x7cc1ae87) flw     ft9, 1996(gp)
core   0: 3 0x000000008000195c (0x7cc1ae87) f29 0xffffffff00000000 mem 0x00000000800067dc
core   0: 0x0000000080001960 (0x7d01ae07) flw     ft8, 2000(gp)
core   0: 3 0x0000000080001960 (0x7d01ae07) f28 0xffffffffffff0000 mem 0x00000000800067e0
core   0: 0x0000000080001964 (0x00000113) li      sp, 0
core   0: 3 0x0000000080001964 (0x00000113) x2  0x0000000000000000
core   0: 0x0000000080001968 (0x00311073) csrw    fcsr, sp
core   0: 3 0x0000000080001968 (0x00311073) c1_fflags 0x0000000000000000 c2_frm 0x0000000000000000
core   0: 0x000000008000196c (0xe5df7fcf) fnmadd.h ft11, ft10, ft9, ft8
core   0: 3 0x000000008000196c (0xe5df7fcf) f31 0xffffffffffff7e00
core   0: 0x0000000080001970 (0x00302273) csrr    tp, fcsr
core   0: 3 0x0000000080001970 (0x00302273) x4  0x0000000000000000
core   0: 0x0000000080001974 (0x27f0a027) fsw     ft11, 608(ra)
core   0: 3 0x0000000080001974 (0x27f0a027) mem 0x0000000080009b78 0xffff7e00
core   0: 0x0000000080001978 (0x2640b423) sd      tp, 616(ra)
core   0: 3 0x0000000080001978 (0x2640b423) mem 0x0000000080009b80 0x0000000000000000
core   0: >>>>  inst_167
core   0: 0x000000008000197c (0x7d41af07) flw     ft10, 2004(gp)
core   0: 3 0x000000008000197c (0x7d41af07) f30 0xfffffffffbfffbff mem 0x00000000800067e4
core   0: 0x0000000080001980 (0x7d81ae87) flw     ft9, 2008(gp)
core   0: 3 0x0000000080001980 (0x7d81ae87) f29 0xffffffff00000000 mem 0x00000000800067e8
core   0: 0x0000000080001984 (0x7dc1ae07) flw     ft8, 2012(gp)
core   0: 3 0x0000000080001984 (0x7dc1ae07) f28 0xffffffffffff0000 mem 0x00000000800067ec
core   0: 0x0000000080001988 (0x00000113) li      sp, 0
core   0: 3 0x0000000080001988 (0x00000113) x2  0x0000000000000000
core   0: 0x000000008000198c (0x00311073) csrw    fcsr, sp
core   0: 3 0x000000008000198c (0x00311073) c1_fflags 0x0000000000000000 c2_frm 0x0000000000000000
core   0: 0x0000000080001990 (0xe5df7fcf) fnmadd.h ft11, ft10, ft9, ft8
core   0: 3 0x0000000080001990 (0xe5df7fcf) f31 0xffffffffffff7e00
core   0: 0x0000000080001994 (0x00302273) csrr    tp, fcsr
core   0: 3 0x0000000080001994 (0x00302273) x4  0x0000000000000000
core   0: 0x0000000080001998 (0x27f0a827) fsw     ft11, 624(ra)
core   0: 3 0x0000000080001998 (0x27f0a827) mem 0x0000000080009b88 0xffff7e00
core   0: 0x000000008000199c (0x2640bc23) sd      tp, 632(ra)
core   0: 3 0x000000008000199c (0x2640bc23) mem 0x0000000080009b90 0x0000000000000000
core   0: >>>>  inst_168
core   0: 0x00000000800019a0 (0x7e01af07) flw     ft10, 2016(gp)
core   0: 3 0x00000000800019a0 (0x7e01af07) f30 0xffffffff686b686b mem 0x00000000800067f0
core   0: 0x00000000800019a4 (0x7e41ae87) flw     ft9, 2020(gp)
core   0: 3 0x00000000800019a4 (0x7e41ae87) f29 0xffffffff00000000 mem 0x00000000800067f4
core   0: 0x00000000800019a8 (0x7e81ae07) flw     ft8, 2024(gp)
core   0: 3 0x00000000800019a8 (0x7e81ae07) f28 0xffffffffffff0000 mem 0x00000000800067f8
core   0: 0x00000000800019ac (0x00000113) li      sp, 0
core   0: 3 0x00000000800019ac (0x00000113) x2  0x0000000000000000
core   0: 0x00000000800019b0 (0x00311073) csrw    fcsr, sp
core   0: 3 0x00000000800019b0 (0x00311073) c1_fflags 0x0000000000000000 c2_frm 0x0000000000000000
core   0: 0x00000000800019b4 (0xe5df7fcf) fnmadd.h ft11, ft10, ft9, ft8
core   0: 3 0x00000000800019b4 (0xe5df7fcf) f31 0xffffffffffff7e00
core   0: 0x00000000800019b8 (0x00302273) csrr    tp, fcsr
core   0: 3 0x00000000800019b8 (0x00302273) x4  0x0000000000000000
core   0: 0x00000000800019bc (0x29f0a027) fsw     ft11, 640(ra)
core   0: 3 0x00000000800019bc (0x29f0a027) mem 0x0000000080009b98 0xffff7e00
core   0: 0x00000000800019c0 (0x2840b423) sd      tp, 648(ra)
core   0: 3 0x00000000800019c0 (0x2840b423) mem 0x0000000080009ba0 0x0000000000000000
core   0: >>>>  inst_169
core   0: 0x00000000800019c4 (0x7ec1af07) flw     ft10, 2028(gp)
core   0: 3 0x00000000800019c4 (0x7ec1af07) f30 0xffffffff80008000 mem 0x00000000800067fc
core   0: 0x00000000800019c8 (0x7f01ae87) flw     ft9, 2032(gp)
core   0: 3 0x00000000800019c8 (0x7f01ae87) f29 0xffffffff00000000 mem 0x0000000080006800
core   0: 0x00000000800019cc (0x7f41ae07) flw     ft8, 2036(gp)
core   0: 3 0x00000000800019cc (0x7f41ae07) f28 0xffffffffffff0000 mem 0x0000000080006804
core   0: 0x00000000800019d0 (0x00000113) li      sp, 0
core   0: 3 0x00000000800019d0 (0x00000113) x2  0x0000000000000000
core   0: 0x00000000800019d4 (0x00311073) csrw    fcsr, sp
core   0: 3 0x00000000800019d4 (0x00311073) c1_fflags 0x0000000000000000 c2_frm 0x0000000000000000
core   0: 0x00000000800019d8 (0xe5df7fcf) fnmadd.h ft11, ft10, ft9, ft8
core   0: 3 0x00000000800019d8 (0xe5df7fcf) f31 0xffffffffffff7e00
core   0: 0x00000000800019dc (0x00302273) csrr    tp, fcsr
core   0: 3 0x00000000800019dc (0x00302273) x4  0x0000000000000000
core   0: 0x00000000800019e0 (0x29f0a827) fsw     ft11, 656(ra)
core   0: 3 0x00000000800019e0 (0x29f0a827) mem 0x0000000080009ba8 0xffff7e00
core   0: 0x00000000800019e4 (0x2840bc23) sd      tp, 664(ra)
core   0: 3 0x00000000800019e4 (0x2840bc23) mem 0x0000000080009bb0 0x0000000000000000
core   0: >>>>  inst_170
core   0: 0x00000000800019e8 (0x7f81af07) flw     ft10, 2040(gp)
core   0: 3 0x00000000800019e8 (0x7f81af07) f30 0xfffffffffbfffbff mem 0x0000000080006808
core   0: 0x00000000800019ec (0x7fc1ae87) flw     ft9, 2044(gp)
core   0: 3 0x00000000800019ec (0x7fc1ae87) f29 0xffffffff00000000 mem 0x000000008000680c
core   0: 0x00000000800019f0 (0x00100113) li      sp, 1
core   0: 3 0x00000000800019f0 (0x00100113) x2  0x0000000000000001
core   0: 0x00000000800019f4 (0x00c11113) slli    sp, sp, 12
core   0: 3 0x00000000800019f4 (0x00c11113) x2  0x0000000000001000
core   0: 0x00000000800019f8 (0x002181b3) add     gp, gp, sp
core   0: 3 0x00000000800019f8 (0x002181b3) x3  0x0000000080007010
core   0: 0x00000000800019fc (0x8001ae07) flw     ft8, -2048(gp)
core   0: 3 0x00000000800019fc (0x8001ae07) f28 0xffffffffffff0000 mem 0x0000000080006810
core   0: 0x0000000080001a00 (0x402181b3) sub     gp, gp, sp
core   0: 3 0x0000000080001a00 (0x402181b3) x3  0x0000000080006010
core   0: 0x0000000080001a04 (0x00000113) li      sp, 0
core   0: 3 0x0000000080001a04 (0x00000113) x2  0x0000000000000000
core   0: 0x0000000080001a08 (0x00311073) csrw    fcsr, sp
core   0: 3 0x0000000080001a08 (0x00311073) c1_fflags 0x0000000000000000 c2_frm 0x0000000000000000
core   0: 0x0000000080001a0c (0xe5df7fcf) fnmadd.h ft11, ft10, ft9, ft8
core   0: 3 0x0000000080001a0c (0xe5df7fcf) f31 0xffffffffffff7e00
core   0: 0x0000000080001a10 (0x00302273) csrr    tp, fcsr
core   0: 3 0x0000000080001a10 (0x00302273) x4  0x0000000000000000
core   0: 0x0000000080001a14 (0x2bf0a027) fsw     ft11, 672(ra)
core   0: 3 0x0000000080001a14 (0x2bf0a027) mem 0x0000000080009bb8 0xffff7e00
core   0: 0x0000000080001a18 (0x2a40b423) sd      tp, 680(ra)
core   0: 3 0x0000000080001a18 (0x2a40b423) mem 0x0000000080009bc0 0x0000000000000000
core   0: >>>>  inst_171
core   0: 0x0000000080001a1c (0x00100113) li      sp, 1
core   0: 3 0x0000000080001a1c (0x00100113) x2  0x0000000000000001
core   0: 0x0000000080001a20 (0x00c11113) slli    sp, sp, 12
core   0: 3 0x0000000080001a20 (0x00c11113) x2  0x0000000000001000
core   0: 0x0000000080001a24 (0x002181b3) add     gp, gp, sp
core   0: 3 0x0000000080001a24 (0x002181b3) x3  0x0000000080007010
core   0: 0x0000000080001a28 (0x8041af07) flw     ft10, -2044(gp)
core   0: 3 0x0000000080001a28 (0x8041af07) f30 0xffffffff73c373c3 mem 0x0000000080006814
core   0: 0x0000000080001a2c (0x402181b3) sub     gp, gp, sp
core   0: 3 0x0000000080001a2c (0x402181b3) x3  0x0000000080006010
core   0: 0x0000000080001a30 (0x00100113) li      sp, 1
core   0: 3 0x0000000080001a30 (0x00100113) x2  0x0000000000000001
core   0: 0x0000000080001a34 (0x00c11113) slli    sp, sp, 12
core   0: 3 0x0000000080001a34 (0x00c11113) x2  0x0000000000001000
core   0: 0x0000000080001a38 (0x002181b3) add     gp, gp, sp
core   0: 3 0x0000000080001a38 (0x002181b3) x3  0x0000000080007010
core   0: 0x0000000080001a3c (0x8081ae87) flw     ft9, -2040(gp)
core   0: 3 0x0000000080001a3c (0x8081ae87) f29 0xffffffff00000000 mem 0x0000000080006818
core   0: 0x0000000080001a40 (0x402181b3) sub     gp, gp, sp
core   0: 3 0x0000000080001a40 (0x402181b3) x3  0x0000000080006010
core   0: 0x0000000080001a44 (0x00100113) li      sp, 1
core   0: 3 0x0000000080001a44 (0x00100113) x2  0x0000000000000001
core   0: 0x0000000080001a48 (0x00c11113) slli    sp, sp, 12
core   0: 3 0x0000000080001a48 (0x00c11113) x2  0x0000000000001000
core   0: 0x0000000080001a4c (0x002181b3) add     gp, gp, sp
core   0: 3 0x0000000080001a4c (0x002181b3) x3  0x0000000080007010
core   0: 0x0000000080001a50 (0x80c1ae07) flw     ft8, -2036(gp)
core   0: 3 0x0000000080001a50 (0x80c1ae07) f28 0xffffffffffff0000 mem 0x000000008000681c
core   0: 0x0000000080001a54 (0x402181b3) sub     gp, gp, sp
core   0: 3 0x0000000080001a54 (0x402181b3) x3  0x0000000080006010
core   0: 0x0000000080001a58 (0x00000113) li      sp, 0
core   0: 3 0x0000000080001a58 (0x00000113) x2  0x0000000000000000
core   0: 0x0000000080001a5c (0x00311073) csrw    fcsr, sp
core   0: 3 0x0000000080001a5c (0x00311073) c1_fflags 0x0000000000000000 c2_frm 0x0000000000000000
core   0: 0x0000000080001a60 (0xe5df7fcf) fnmadd.h ft11, ft10, ft9, ft8
core   0: 3 0x0000000080001a60 (0xe5df7fcf) f31 0xffffffffffff7e00
core   0: 0x0000000080001a64 (0x00302273) csrr    tp, fcsr
core   0: 3 0x0000000080001a64 (0x00302273) x4  0x0000000000000000
core   0: 0x0000000080001a68 (0x2bf0a827) fsw     ft11, 688(ra)
core   0: 3 0x0000000080001a68 (0x2bf0a827) mem 0x0000000080009bc8 0xffff7e00
core   0: 0x0000000080001a6c (0x2a40bc23) sd      tp, 696(ra)
core   0: 3 0x0000000080001a6c (0x2a40bc23) mem 0x0000000080009bd0 0x0000000000000000
core   0: >>>>  inst_172
core   0: 0x0000000080001a70 (0x00100113) li      sp, 1
core   0: 3 0x0000000080001a70 (0x00100113) x2  0x0000000000000001
core   0: 0x0000000080001a74 (0x00c11113) slli    sp, sp, 12
core   0: 3 0x0000000080001a74 (0x00c11113) x2  0x0000000000001000
core   0: 0x0000000080001a78 (0x002181b3) add     gp, gp, sp
core   0: 3 0x0000000080001a78 (0x002181b3) x3  0x0000000080007010
core   0: 0x0000000080001a7c (0x8101af07) flw     ft10, -2032(gp)
core   0: 3 0x0000000080001a7c (0x8101af07) f30 0xffffffff80008000 mem 0x0000000080006820
core   0: 0x0000000080001a80 (0x402181b3) sub     gp, gp, sp
core   0: 3 0x0000000080001a80 (0x402181b3) x3  0x0000000080006010
core   0: 0x0000000080001a84 (0x00100113) li      sp, 1
core   0: 3 0x0000000080001a84 (0x00100113) x2  0x0000000000000001
core   0: 0x0000000080001a88 (0x00c11113) slli    sp, sp, 12
core   0: 3 0x0000000080001a88 (0x00c11113) x2  0x0000000000001000
core   0: 0x0000000080001a8c (0x002181b3) add     gp, gp, sp
core   0: 3 0x0000000080001a8c (0x002181b3) x3  0x0000000080007010
core   0: 0x0000000080001a90 (0x8141ae87) flw     ft9, -2028(gp)
core   0: 3 0x0000000080001a90 (0x8141ae87) f29 0xffffffff00000000 mem 0x0000000080006824
core   0: 0x0000000080001a94 (0x402181b3) sub     gp, gp, sp
core   0: 3 0x0000000080001a94 (0x402181b3) x3  0x0000000080006010
core   0: 0x0000000080001a98 (0x00100113) li      sp, 1
core   0: 3 0x0000000080001a98 (0x00100113) x2  0x0000000000000001
core   0: 0x0000000080001a9c (0x00c11113) slli    sp, sp, 12
core   0: 3 0x0000000080001a9c (0x00c11113) x2  0x0000000000001000
core   0: 0x0000000080001aa0 (0x002181b3) add     gp, gp, sp
core   0: 3 0x0000000080001aa0 (0x002181b3) x3  0x0000000080007010
core   0: 0x0000000080001aa4 (0x8181ae07) flw     ft8, -2024(gp)
core   0: 3 0x0000000080001aa4 (0x8181ae07) f28 0xffffffffffff0000 mem 0x0000000080006828
core   0: 0x0000000080001aa8 (0x402181b3) sub     gp, gp, sp
core   0: 3 0x0000000080001aa8 (0x402181b3) x3  0x0000000080006010
core   0: 0x0000000080001aac (0x00000113) li      sp, 0
core   0: 3 0x0000000080001aac (0x00000113) x2  0x0000000000000000
core   0: 0x0000000080001ab0 (0x00311073) csrw    fcsr, sp
core   0: 3 0x0000000080001ab0 (0x00311073) c1_fflags 0x0000000000000000 c2_frm 0x0000000000000000
core   0: 0x0000000080001ab4 (0xe5df7fcf) fnmadd.h ft11, ft10, ft9, ft8
core   0: 3 0x0000000080001ab4 (0xe5df7fcf) f31 0xffffffffffff7e00
core   0: 0x0000000080001ab8 (0x00302273) csrr    tp, fcsr
core   0: 3 0x0000000080001ab8 (0x00302273) x4  0x0000000000000000
core   0: 0x0000000080001abc (0x2df0a027) fsw     ft11, 704(ra)
core   0: 3 0x0000000080001abc (0x2df0a027) mem 0x0000000080009bd8 0xffff7e00
core   0: 0x0000000080001ac0 (0x2c40b423) sd      tp, 712(ra)
core   0: 3 0x0000000080001ac0 (0x2c40b423) mem 0x0000000080009be0 0x0000000000000000
core   0: >>>>  inst_173
core   0: 0x0000000080001ac4 (0x00100113) li      sp, 1
core   0: 3 0x0000000080001ac4 (0x00100113) x2  0x0000000000000001
core   0: 0x0000000080001ac8 (0x00c11113) slli    sp, sp, 12
core   0: 3 0x0000000080001ac8 (0x00c11113) x2  0x0000000000001000
core   0: 0x0000000080001acc (0x002181b3) add     gp, gp, sp
core   0: 3 0x0000000080001acc (0x002181b3) x3  0x0000000080007010
core   0: 0x0000000080001ad0 (0x81c1af07) flw     ft10, -2020(gp)
core   0: 3 0x0000000080001ad0 (0x81c1af07) f30 0xfffffffffbfffbff mem 0x000000008000682c
core   0: 0x0000000080001ad4 (0x402181b3) sub     gp, gp, sp
core   0: 3 0x0000000080001ad4 (0x402181b3) x3  0x0000000080006010
core   0: 0x0000000080001ad8 (0x00100113) li      sp, 1
core   0: 3 0x0000000080001ad8 (0x00100113) x2  0x0000000000000001
core   0: 0x0000000080001adc (0x00c11113) slli    sp, sp, 12
core   0: 3 0x0000000080001adc (0x00c11113) x2  0x0000000000001000
core   0: 0x0000000080001ae0 (0x002181b3) add     gp, gp, sp
core   0: 3 0x0000000080001ae0 (0x002181b3) x3  0x0000000080007010
core   0: 0x0000000080001ae4 (0x8201ae87) flw     ft9, -2016(gp)
core   0: 3 0x0000000080001ae4 (0x8201ae87) f29 0xffffffff00000000 mem 0x0000000080006830
core   0: 0x0000000080001ae8 (0x402181b3) sub     gp, gp, sp
core   0: 3 0x0000000080001ae8 (0x402181b3) x3  0x0000000080006010
core   0: 0x0000000080001aec (0x00100113) li      sp, 1
core   0: 3 0x0000000080001aec (0x00100113) x2  0x0000000000000001
core   0: 0x0000000080001af0 (0x00c11113) slli    sp, sp, 12
core   0: 3 0x0000000080001af0 (0x00c11113) x2  0x0000000000001000
core   0: 0x0000000080001af4 (0x002181b3) add     gp, gp, sp
core   0: 3 0x0000000080001af4 (0x002181b3) x3  0x0000000080007010
core   0: 0x0000000080001af8 (0x8241ae07) flw     ft8, -2012(gp)
core   0: 3 0x0000000080001af8 (0x8241ae07) f28 0xffffffffffff0000 mem 0x0000000080006834
core   0: 0x0000000080001afc (0x402181b3) sub     gp, gp, sp
core   0: 3 0x0000000080001afc (0x402181b3) x3  0x0000000080006010
core   0: 0x0000000080001b00 (0x00000113) li      sp, 0
core   0: 3 0x0000000080001b00 (0x00000113) x2  0x0000000000000000
core   0: 0x0000000080001b04 (0x00311073) csrw    fcsr, sp
core   0: 3 0x0000000080001b04 (0x00311073) c1_fflags 0x0000000000000000 c2_frm 0x0000000000000000
core   0: 0x0000000080001b08 (0xe5df7fcf) fnmadd.h ft11, ft10, ft9, ft8
core   0: 3 0x0000000080001b08 (0xe5df7fcf) f31 0xffffffffffff7e00
core   0: 0x0000000080001b0c (0x00302273) csrr    tp, fcsr
core   0: 3 0x0000000080001b0c (0x00302273) x4  0x0000000000000000
core   0: 0x0000000080001b10 (0x2df0a827) fsw     ft11, 720(ra)
core   0: 3 0x0000000080001b10 (0x2df0a827) mem 0x0000000080009be8 0xffff7e00
core   0: 0x0000000080001b14 (0x2c40bc23) sd      tp, 728(ra)
core   0: 3 0x0000000080001b14 (0x2c40bc23) mem 0x0000000080009bf0 0x0000000000000000
core   0: >>>>  inst_174
core   0: 0x0000000080001b18 (0x00100113) li      sp, 1
core   0: 3 0x0000000080001b18 (0x00100113) x2  0x0000000000000001
core   0: 0x0000000080001b1c (0x00c11113) slli    sp, sp, 12
core   0: 3 0x0000000080001b1c (0x00c11113) x2  0x0000000000001000
core   0: 0x0000000080001b20 (0x002181b3) add     gp, gp, sp
core   0: 3 0x0000000080001b20 (0x002181b3) x3  0x0000000080007010
core   0: 0x0000000080001b24 (0x8281af07) flw     ft10, -2008(gp)
core   0: 3 0x0000000080001b24 (0x8281af07) f30 0xffffffff7a607a60 mem 0x0000000080006838
core   0: 0x0000000080001b28 (0x402181b3) sub     gp, gp, sp
core   0: 3 0x0000000080001b28 (0x402181b3) x3  0x0000000080006010
core   0: 0x0000000080001b2c (0x00100113) li      sp, 1
core   0: 3 0x0000000080001b2c (0x00100113) x2  0x0000000000000001
core   0: 0x0000000080001b30 (0x00c11113) slli    sp, sp, 12
core   0: 3 0x0000000080001b30 (0x00c11113) x2  0x0000000000001000
core   0: 0x0000000080001b34 (0x002181b3) add     gp, gp, sp
core   0: 3 0x0000000080001b34 (0x002181b3) x3  0x0000000080007010
core   0: 0x0000000080001b38 (0x82c1ae87) flw     ft9, -2004(gp)
core   0: 3 0x0000000080001b38 (0x82c1ae87) f29 0xffffffff00000000 mem 0x000000008000683c
core   0: 0x0000000080001b3c (0x402181b3) sub     gp, gp, sp
core   0: 3 0x0000000080001b3c (0x402181b3) x3  0x0000000080006010
core   0: 0x0000000080001b40 (0x00100113) li      sp, 1
core   0: 3 0x0000000080001b40 (0x00100113) x2  0x0000000000000001
core   0: 0x0000000080001b44 (0x00c11113) slli    sp, sp, 12
core   0: 3 0x0000000080001b44 (0x00c11113) x2  0x0000000000001000
core   0: 0x0000000080001b48 (0x002181b3) add     gp, gp, sp
core   0: 3 0x0000000080001b48 (0x002181b3) x3  0x0000000080007010
core   0: 0x0000000080001b4c (0x8301ae07) flw     ft8, -2000(gp)
core   0: 3 0x0000000080001b4c (0x8301ae07) f28 0xffffffffffff0000 mem 0x0000000080006840
core   0: 0x0000000080001b50 (0x402181b3) sub     gp, gp, sp
core   0: 3 0x0000000080001b50 (0x402181b3) x3  0x0000000080006010
core   0: 0x0000000080001b54 (0x00000113) li      sp, 0
core   0: 3 0x0000000080001b54 (0x00000113) x2  0x0000000000000000
core   0: 0x0000000080001b58 (0x00311073) csrw    fcsr, sp
core   0: 3 0x0000000080001b58 (0x00311073) c1_fflags 0x0000000000000000 c2_frm 0x0000000000000000
core   0: 0x0000000080001b5c (0xe5df7fcf) fnmadd.h ft11, ft10, ft9, ft8
core   0: 3 0x0000000080001b5c (0xe5df7fcf) f31 0xffffffffffff7e00
core   0: 0x0000000080001b60 (0x00302273) csrr    tp, fcsr
core   0: 3 0x0000000080001b60 (0x00302273) x4  0x0000000000000000
core   0: 0x0000000080001b64 (0x2ff0a027) fsw     ft11, 736(ra)
core   0: 3 0x0000000080001b64 (0x2ff0a027) mem 0x0000000080009bf8 0xffff7e00
core   0: 0x0000000080001b68 (0x2e40b423) sd      tp, 744(ra)
core   0: 3 0x0000000080001b68 (0x2e40b423) mem 0x0000000080009c00 0x0000000000000000
core   0: >>>>  inst_175
core   0: 0x0000000080001b6c (0x00100113) li      sp, 1
core   0: 3 0x0000000080001b6c (0x00100113) x2  0x0000000000000001
core   0: 0x0000000080001b70 (0x00c11113) slli    sp, sp, 12
core   0: 3 0x0000000080001b70 (0x00c11113) x2  0x0000000000001000
core   0: 0x0000000080001b74 (0x002181b3) add     gp, gp, sp
core   0: 3 0x0000000080001b74 (0x002181b3) x3  0x0000000080007010
core   0: 0x0000000080001b78 (0x8341af07) flw     ft10, -1996(gp)
core   0: 3 0x0000000080001b78 (0x8341af07) f30 0xffffffff80008000 mem 0x0000000080006844
core   0: 0x0000000080001b7c (0x402181b3) sub     gp, gp, sp
core   0: 3 0x0000000080001b7c (0x402181b3) x3  0x0000000080006010
core   0: 0x0000000080001b80 (0x00100113) li      sp, 1
core   0: 3 0x0000000080001b80 (0x00100113) x2  0x0000000000000001
core   0: 0x0000000080001b84 (0x00c11113) slli    sp, sp, 12
core   0: 3 0x0000000080001b84 (0x00c11113) x2  0x0000000000001000
core   0: 0x0000000080001b88 (0x002181b3) add     gp, gp, sp
core   0: 3 0x0000000080001b88 (0x002181b3) x3  0x0000000080007010
core   0: 0x0000000080001b8c (0x8381ae87) flw     ft9, -1992(gp)
core   0: 3 0x0000000080001b8c (0x8381ae87) f29 0xffffffff00000000 mem 0x0000000080006848
core   0: 0x0000000080001b90 (0x402181b3) sub     gp, gp, sp
core   0: 3 0x0000000080001b90 (0x402181b3) x3  0x0000000080006010
core   0: 0x0000000080001b94 (0x00100113) li      sp, 1
core   0: 3 0x0000000080001b94 (0x00100113) x2  0x0000000000000001
core   0: 0x0000000080001b98 (0x00c11113) slli    sp, sp, 12
core   0: 3 0x0000000080001b98 (0x00c11113) x2  0x0000000000001000
core   0: 0x0000000080001b9c (0x002181b3) add     gp, gp, sp
core   0: 3 0x0000000080001b9c (0x002181b3) x3  0x0000000080007010
core   0: 0x0000000080001ba0 (0x83c1ae07) flw     ft8, -1988(gp)
core   0: 3 0x0000000080001ba0 (0x83c1ae07) f28 0xffffffffffff0000 mem 0x000000008000684c
core   0: 0x0000000080001ba4 (0x402181b3) sub     gp, gp, sp
core   0: 3 0x0000000080001ba4 (0x402181b3) x3  0x0000000080006010
core   0: 0x0000000080001ba8 (0x00000113) li      sp, 0
core   0: 3 0x0000000080001ba8 (0x00000113) x2  0x0000000000000000
core   0: 0x0000000080001bac (0x00311073) csrw    fcsr, sp
core   0: 3 0x0000000080001bac (0x00311073) c1_fflags 0x0000000000000000 c2_frm 0x0000000000000000
core   0: 0x0000000080001bb0 (0xe5df7fcf) fnmadd.h ft11, ft10, ft9, ft8
core   0: 3 0x0000000080001bb0 (0xe5df7fcf) f31 0xffffffffffff7e00
core   0: 0x0000000080001bb4 (0x00302273) csrr    tp, fcsr
core   0: 3 0x0000000080001bb4 (0x00302273) x4  0x0000000000000000
core   0: 0x0000000080001bb8 (0x2ff0a827) fsw     ft11, 752(ra)
core   0: 3 0x0000000080001bb8 (0x2ff0a827) mem 0x0000000080009c08 0xffff7e00
core   0: 0x0000000080001bbc (0x2e40bc23) sd      tp, 760(ra)
core   0: 3 0x0000000080001bbc (0x2e40bc23) mem 0x0000000080009c10 0x0000000000000000
core   0: >>>>  inst_176
core   0: 0x0000000080001bc0 (0x00100113) li      sp, 1
core   0: 3 0x0000000080001bc0 (0x00100113) x2  0x0000000000000001
core   0: 0x0000000080001bc4 (0x00c11113) slli    sp, sp, 12
core   0: 3 0x0000000080001bc4 (0x00c11113) x2  0x0000000000001000
core   0: 0x0000000080001bc8 (0x002181b3) add     gp, gp, sp
core   0: 3 0x0000000080001bc8 (0x002181b3) x3  0x0000000080007010
core   0: 0x0000000080001bcc (0x8401af07) flw     ft10, -1984(gp)
core   0: 3 0x0000000080001bcc (0x8401af07) f30 0xfffffffffbfffbff mem 0x0000000080006850
core   0: 0x0000000080001bd0 (0x402181b3) sub     gp, gp, sp
core   0: 3 0x0000000080001bd0 (0x402181b3) x3  0x0000000080006010
core   0: 0x0000000080001bd4 (0x00100113) li      sp, 1
core   0: 3 0x0000000080001bd4 (0x00100113) x2  0x0000000000000001
core   0: 0x0000000080001bd8 (0x00c11113) slli    sp, sp, 12
core   0: 3 0x0000000080001bd8 (0x00c11113) x2  0x0000000000001000
core   0: 0x0000000080001bdc (0x002181b3) add     gp, gp, sp
core   0: 3 0x0000000080001bdc (0x002181b3) x3  0x0000000080007010
core   0: 0x0000000080001be0 (0x8441ae87) flw     ft9, -1980(gp)
core   0: 3 0x0000000080001be0 (0x8441ae87) f29 0xffffffff00000000 mem 0x0000000080006854
core   0: 0x0000000080001be4 (0x402181b3) sub     gp, gp, sp
core   0: 3 0x0000000080001be4 (0x402181b3) x3  0x0000000080006010
core   0: 0x0000000080001be8 (0x00100113) li      sp, 1
core   0: 3 0x0000000080001be8 (0x00100113) x2  0x0000000000000001
core   0: 0x0000000080001bec (0x00c11113) slli    sp, sp, 12
core   0: 3 0x0000000080001bec (0x00c11113) x2  0x0000000000001000
core   0: 0x0000000080001bf0 (0x002181b3) add     gp, gp, sp
core   0: 3 0x0000000080001bf0 (0x002181b3) x3  0x0000000080007010
core   0: 0x0000000080001bf4 (0x8481ae07) flw     ft8, -1976(gp)
core   0: 3 0x0000000080001bf4 (0x8481ae07) f28 0xffffffffffff0000 mem 0x0000000080006858
core   0: 0x0000000080001bf8 (0x402181b3) sub     gp, gp, sp
core   0: 3 0x0000000080001bf8 (0x402181b3) x3  0x0000000080006010
core   0: 0x0000000080001bfc (0x00000113) li      sp, 0
core   0: 3 0x0000000080001bfc (0x00000113) x2  0x0000000000000000
core   0: 0x0000000080001c00 (0x00311073) csrw    fcsr, sp
core   0: 3 0x0000000080001c00 (0x00311073) c1_fflags 0x0000000000000000 c2_frm 0x0000000000000000
core   0: 0x0000000080001c04 (0xe5df7fcf) fnmadd.h ft11, ft10, ft9, ft8
core   0: 3 0x0000000080001c04 (0xe5df7fcf) f31 0xffffffffffff7e00
core   0: 0x0000000080001c08 (0x00302273) csrr    tp, fcsr
core   0: 3 0x0000000080001c08 (0x00302273) x4  0x0000000000000000
core   0: 0x0000000080001c0c (0x31f0a027) fsw     ft11, 768(ra)
core   0: 3 0x0000000080001c0c (0x31f0a027) mem 0x0000000080009c18 0xffff7e00
core   0: 0x0000000080001c10 (0x3040b423) sd      tp, 776(ra)
core   0: 3 0x0000000080001c10 (0x3040b423) mem 0x0000000080009c20 0x0000000000000000
core   0: >>>>  inst_177
core   0: 0x0000000080001c14 (0x00100113) li      sp, 1
core   0: 3 0x0000000080001c14 (0x00100113) x2  0x0000000000000001
core   0: 0x0000000080001c18 (0x00c11113) slli    sp, sp, 12
core   0: 3 0x0000000080001c18 (0x00c11113) x2  0x0000000000001000
core   0: 0x0000000080001c1c (0x002181b3) add     gp, gp, sp
core   0: 3 0x0000000080001c1c (0x002181b3) x3  0x0000000080007010
core   0: 0x0000000080001c20 (0x84c1af07) flw     ft10, -1972(gp)
core   0: 3 0x0000000080001c20 (0x84c1af07) f30 0xffffffff76a076a0 mem 0x000000008000685c
core   0: 0x0000000080001c24 (0x402181b3) sub     gp, gp, sp
core   0: 3 0x0000000080001c24 (0x402181b3) x3  0x0000000080006010
core   0: 0x0000000080001c28 (0x00100113) li      sp, 1
core   0: 3 0x0000000080001c28 (0x00100113) x2  0x0000000000000001
core   0: 0x0000000080001c2c (0x00c11113) slli    sp, sp, 12
core   0: 3 0x0000000080001c2c (0x00c11113) x2  0x0000000000001000
core   0: 0x0000000080001c30 (0x002181b3) add     gp, gp, sp
core   0: 3 0x0000000080001c30 (0x002181b3) x3  0x0000000080007010
core   0: 0x0000000080001c34 (0x8501ae87) flw     ft9, -1968(gp)
core   0: 3 0x0000000080001c34 (0x8501ae87) f29 0xffffffff00000000 mem 0x0000000080006860
core   0: 0x0000000080001c38 (0x402181b3) sub     gp, gp, sp
core   0: 3 0x0000000080001c38 (0x402181b3) x3  0x0000000080006010
core   0: 0x0000000080001c3c (0x00100113) li      sp, 1
core   0: 3 0x0000000080001c3c (0x00100113) x2  0x0000000000000001
core   0: 0x0000000080001c40 (0x00c11113) slli    sp, sp, 12
core   0: 3 0x0000000080001c40 (0x00c11113) x2  0x0000000000001000
core   0: 0x0000000080001c44 (0x002181b3) add     gp, gp, sp
core   0: 3 0x0000000080001c44 (0x002181b3) x3  0x0000000080007010
core   0: 0x0000000080001c48 (0x8541ae07) flw     ft8, -1964(gp)
core   0: 3 0x0000000080001c48 (0x8541ae07) f28 0xffffffffffff0000 mem 0x0000000080006864
core   0: 0x0000000080001c4c (0x402181b3) sub     gp, gp, sp
core   0: 3 0x0000000080001c4c (0x402181b3) x3  0x0000000080006010
core   0: 0x0000000080001c50 (0x00000113) li      sp, 0
core   0: 3 0x0000000080001c50 (0x00000113) x2  0x0000000000000000
core   0: 0x0000000080001c54 (0x00311073) csrw    fcsr, sp
core   0: 3 0x0000000080001c54 (0x00311073) c1_fflags 0x0000000000000000 c2_frm 0x0000000000000000
core   0: 0x0000000080001c58 (0xe5df7fcf) fnmadd.h ft11, ft10, ft9, ft8
core   0: 3 0x0000000080001c58 (0xe5df7fcf) f31 0xffffffffffff7e00
core   0: 0x0000000080001c5c (0x00302273) csrr    tp, fcsr
core   0: 3 0x0000000080001c5c (0x00302273) x4  0x0000000000000000
core   0: 0x0000000080001c60 (0x31f0a827) fsw     ft11, 784(ra)
core   0: 3 0x0000000080001c60 (0x31f0a827) mem 0x0000000080009c28 0xffff7e00
core   0: 0x0000000080001c64 (0x3040bc23) sd      tp, 792(ra)
core   0: 3 0x0000000080001c64 (0x3040bc23) mem 0x0000000080009c30 0x0000000000000000
core   0: >>>>  inst_178
core   0: 0x0000000080001c68 (0x00100113) li      sp, 1
core   0: 3 0x0000000080001c68 (0x00100113) x2  0x0000000000000001
core   0: 0x0000000080001c6c (0x00c11113) slli    sp, sp, 12
core   0: 3 0x0000000080001c6c (0x00c11113) x2  0x0000000000001000
core   0: 0x0000000080001c70 (0x002181b3) add     gp, gp, sp
core   0: 3 0x0000000080001c70 (0x002181b3) x3  0x0000000080007010
core   0: 0x0000000080001c74 (0x8581af07) flw     ft10, -1960(gp)
core   0: 3 0x0000000080001c74 (0x8581af07) f30 0xffffffff80008000 mem 0x0000000080006868
core   0: 0x0000000080001c78 (0x402181b3) sub     gp, gp, sp
core   0: 3 0x0000000080001c78 (0x402181b3) x3  0x0000000080006010
core   0: 0x0000000080001c7c (0x00100113) li      sp, 1
core   0: 3 0x0000000080001c7c (0x00100113) x2  0x0000000000000001
core   0: 0x0000000080001c80 (0x00c11113) slli    sp, sp, 12
core   0: 3 0x0000000080001c80 (0x00c11113) x2  0x0000000000001000
core   0: 0x0000000080001c84 (0x002181b3) add     gp, gp, sp
core   0: 3 0x0000000080001c84 (0x002181b3) x3  0x0000000080007010
core   0: 0x0000000080001c88 (0x85c1ae87) flw     ft9, -1956(gp)
core   0: 3 0x0000000080001c88 (0x85c1ae87) f29 0xffffffff00000000 mem 0x000000008000686c
core   0: 0x0000000080001c8c (0x402181b3) sub     gp, gp, sp
core   0: 3 0x0000000080001c8c (0x402181b3) x3  0x0000000080006010
core   0: 0x0000000080001c90 (0x00100113) li      sp, 1
core   0: 3 0x0000000080001c90 (0x00100113) x2  0x0000000000000001
core   0: 0x0000000080001c94 (0x00c11113) slli    sp, sp, 12
core   0: 3 0x0000000080001c94 (0x00c11113) x2  0x0000000000001000
core   0: 0x0000000080001c98 (0x002181b3) add     gp, gp, sp
core   0: 3 0x0000000080001c98 (0x002181b3) x3  0x0000000080007010
core   0: 0x0000000080001c9c (0x8601ae07) flw     ft8, -1952(gp)
core   0: 3 0x0000000080001c9c (0x8601ae07) f28 0xffffffffffff0000 mem 0x0000000080006870
core   0: 0x0000000080001ca0 (0x402181b3) sub     gp, gp, sp
core   0: 3 0x0000000080001ca0 (0x402181b3) x3  0x0000000080006010
core   0: 0x0000000080001ca4 (0x00000113) li      sp, 0
core   0: 3 0x0000000080001ca4 (0x00000113) x2  0x0000000000000000
core   0: 0x0000000080001ca8 (0x00311073) csrw    fcsr, sp
core   0: 3 0x0000000080001ca8 (0x00311073) c1_fflags 0x0000000000000000 c2_frm 0x0000000000000000
core   0: 0x0000000080001cac (0xe5df7fcf) fnmadd.h ft11, ft10, ft9, ft8
core   0: 3 0x0000000080001cac (0xe5df7fcf) f31 0xffffffffffff7e00
core   0: 0x0000000080001cb0 (0x00302273) csrr    tp, fcsr
core   0: 3 0x0000000080001cb0 (0x00302273) x4  0x0000000000000000
core   0: 0x0000000080001cb4 (0x33f0a027) fsw     ft11, 800(ra)
core   0: 3 0x0000000080001cb4 (0x33f0a027) mem 0x0000000080009c38 0xffff7e00
core   0: 0x0000000080001cb8 (0x3240b423) sd      tp, 808(ra)
core   0: 3 0x0000000080001cb8 (0x3240b423) mem 0x0000000080009c40 0x0000000000000000
core   0: >>>>  inst_179
core   0: 0x0000000080001cbc (0x00100113) li      sp, 1
core   0: 3 0x0000000080001cbc (0x00100113) x2  0x0000000000000001
core   0: 0x0000000080001cc0 (0x00c11113) slli    sp, sp, 12
core   0: 3 0x0000000080001cc0 (0x00c11113) x2  0x0000000000001000
core   0: 0x0000000080001cc4 (0x002181b3) add     gp, gp, sp
core   0: 3 0x0000000080001cc4 (0x002181b3) x3  0x0000000080007010
core   0: 0x0000000080001cc8 (0x8641af07) flw     ft10, -1948(gp)
core   0: 3 0x0000000080001cc8 (0x8641af07) f30 0xfffffffffbfffbff mem 0x0000000080006874
core   0: 0x0000000080001ccc (0x402181b3) sub     gp, gp, sp
core   0: 3 0x0000000080001ccc (0x402181b3) x3  0x0000000080006010
core   0: 0x0000000080001cd0 (0x00100113) li      sp, 1
core   0: 3 0x0000000080001cd0 (0x00100113) x2  0x0000000000000001
core   0: 0x0000000080001cd4 (0x00c11113) slli    sp, sp, 12
core   0: 3 0x0000000080001cd4 (0x00c11113) x2  0x0000000000001000
core   0: 0x0000000080001cd8 (0x002181b3) add     gp, gp, sp
core   0: 3 0x0000000080001cd8 (0x002181b3) x3  0x0000000080007010
core   0: 0x0000000080001cdc (0x8681ae87) flw     ft9, -1944(gp)
core   0: 3 0x0000000080001cdc (0x8681ae87) f29 0xffffffff00000000 mem 0x0000000080006878
core   0: 0x0000000080001ce0 (0x402181b3) sub     gp, gp, sp
core   0: 3 0x0000000080001ce0 (0x402181b3) x3  0x0000000080006010
core   0: 0x0000000080001ce4 (0x00100113) li      sp, 1
core   0: 3 0x0000000080001ce4 (0x00100113) x2  0x0000000000000001
core   0: 0x0000000080001ce8 (0x00c11113) slli    sp, sp, 12
core   0: 3 0x0000000080001ce8 (0x00c11113) x2  0x0000000000001000
core   0: 0x0000000080001cec (0x002181b3) add     gp, gp, sp
core   0: 3 0x0000000080001cec (0x002181b3) x3  0x0000000080007010
core   0: 0x0000000080001cf0 (0x86c1ae07) flw     ft8, -1940(gp)
core   0: 3 0x0000000080001cf0 (0x86c1ae07) f28 0xffffffffffff0000 mem 0x000000008000687c
core   0: 0x0000000080001cf4 (0x402181b3) sub     gp, gp, sp
core   0: 3 0x0000000080001cf4 (0x402181b3) x3  0x0000000080006010
core   0: 0x0000000080001cf8 (0x00000113) li      sp, 0
core   0: 3 0x0000000080001cf8 (0x00000113) x2  0x0000000000000000
core   0: 0x0000000080001cfc (0x00311073) csrw    fcsr, sp
core   0: 3 0x0000000080001cfc (0x00311073) c1_fflags 0x0000000000000000 c2_frm 0x0000000000000000
core   0: 0x0000000080001d00 (0xe5df7fcf) fnmadd.h ft11, ft10, ft9, ft8
core   0: 3 0x0000000080001d00 (0xe5df7fcf) f31 0xffffffffffff7e00
core   0: 0x0000000080001d04 (0x00302273) csrr    tp, fcsr
core   0: 3 0x0000000080001d04 (0x00302273) x4  0x0000000000000000
core   0: 0x0000000080001d08 (0x33f0a827) fsw     ft11, 816(ra)
core   0: 3 0x0000000080001d08 (0x33f0a827) mem 0x0000000080009c48 0xffff7e00
core   0: 0x0000000080001d0c (0x3240bc23) sd      tp, 824(ra)
core   0: 3 0x0000000080001d0c (0x3240bc23) mem 0x0000000080009c50 0x0000000000000000
core   0: >>>>  inst_180
core   0: 0x0000000080001d10 (0x00100113) li      sp, 1
core   0: 3 0x0000000080001d10 (0x00100113) x2  0x0000000000000001
core   0: 0x0000000080001d14 (0x00c11113) slli    sp, sp, 12
core   0: 3 0x0000000080001d14 (0x00c11113) x2  0x0000000000001000
core   0: 0x0000000080001d18 (0x002181b3) add     gp, gp, sp
core   0: 3 0x0000000080001d18 (0x002181b3) x3  0x0000000080007010
core   0: 0x0000000080001d1c (0x8701af07) flw     ft10, -1936(gp)
core   0: 3 0x0000000080001d1c (0x8701af07) f30 0xffffffff71887188 mem 0x0000000080006880
core   0: 0x0000000080001d20 (0x402181b3) sub     gp, gp, sp
core   0: 3 0x0000000080001d20 (0x402181b3) x3  0x0000000080006010
core   0: 0x0000000080001d24 (0x00100113) li      sp, 1
core   0: 3 0x0000000080001d24 (0x00100113) x2  0x0000000000000001
core   0: 0x0000000080001d28 (0x00c11113) slli    sp, sp, 12
core   0: 3 0x0000000080001d28 (0x00c11113) x2  0x0000000000001000
core   0: 0x0000000080001d2c (0x002181b3) add     gp, gp, sp
core   0: 3 0x0000000080001d2c (0x002181b3) x3  0x0000000080007010
core   0: 0x0000000080001d30 (0x8741ae87) flw     ft9, -1932(gp)
core   0: 3 0x0000000080001d30 (0x8741ae87) f29 0xffffffff00000000 mem 0x0000000080006884
core   0: 0x0000000080001d34 (0x402181b3) sub     gp, gp, sp
core   0: 3 0x0000000080001d34 (0x402181b3) x3  0x0000000080006010
core   0: 0x0000000080001d38 (0x00100113) li      sp, 1
core   0: 3 0x0000000080001d38 (0x00100113) x2  0x0000000000000001
core   0: 0x0000000080001d3c (0x00c11113) slli    sp, sp, 12
core   0: 3 0x0000000080001d3c (0x00c11113) x2  0x0000000000001000
core   0: 0x0000000080001d40 (0x002181b3) add     gp, gp, sp
core   0: 3 0x0000000080001d40 (0x002181b3) x3  0x0000000080007010
core   0: 0x0000000080001d44 (0x8781ae07) flw     ft8, -1928(gp)
core   0: 3 0x0000000080001d44 (0x8781ae07) f28 0xffffffffffff0000 mem 0x0000000080006888
core   0: 0x0000000080001d48 (0x402181b3) sub     gp, gp, sp
core   0: 3 0x0000000080001d48 (0x402181b3) x3  0x0000000080006010
core   0: 0x0000000080001d4c (0x00000113) li      sp, 0
core   0: 3 0x0000000080001d4c (0x00000113) x2  0x0000000000000000
core   0: 0x0000000080001d50 (0x00311073) csrw    fcsr, sp
core   0: 3 0x0000000080001d50 (0x00311073) c1_fflags 0x0000000000000000 c2_frm 0x0000000000000000
core   0: 0x0000000080001d54 (0xe5df7fcf) fnmadd.h ft11, ft10, ft9, ft8
core   0: 3 0x0000000080001d54 (0xe5df7fcf) f31 0xffffffffffff7e00
core   0: 0x0000000080001d58 (0x00302273) csrr    tp, fcsr
core   0: 3 0x0000000080001d58 (0x00302273) x4  0x0000000000000000
core   0: 0x0000000080001d5c (0x35f0a027) fsw     ft11, 832(ra)
core   0: 3 0x0000000080001d5c (0x35f0a027) mem 0x0000000080009c58 0xffff7e00
core   0: 0x0000000080001d60 (0x3440b423) sd      tp, 840(ra)
core   0: 3 0x0000000080001d60 (0x3440b423) mem 0x0000000080009c60 0x0000000000000000
core   0: >>>>  inst_181
core   0: 0x0000000080001d64 (0x00100113) li      sp, 1
core   0: 3 0x0000000080001d64 (0x00100113) x2  0x0000000000000001
core   0: 0x0000000080001d68 (0x00c11113) slli    sp, sp, 12
core   0: 3 0x0000000080001d68 (0x00c11113) x2  0x0000000000001000
core   0: 0x0000000080001d6c (0x002181b3) add     gp, gp, sp
core   0: 3 0x0000000080001d6c (0x002181b3) x3  0x0000000080007010
core   0: 0x0000000080001d70 (0x87c1af07) flw     ft10, -1924(gp)
core   0: 3 0x0000000080001d70 (0x87c1af07) f30 0xffffffff80008000 mem 0x000000008000688c
core   0: 0x0000000080001d74 (0x402181b3) sub     gp, gp, sp
core   0: 3 0x0000000080001d74 (0x402181b3) x3  0x0000000080006010
core   0: 0x0000000080001d78 (0x00100113) li      sp, 1
core   0: 3 0x0000000080001d78 (0x00100113) x2  0x0000000000000001
core   0: 0x0000000080001d7c (0x00c11113) slli    sp, sp, 12
core   0: 3 0x0000000080001d7c (0x00c11113) x2  0x0000000000001000
core   0: 0x0000000080001d80 (0x002181b3) add     gp, gp, sp
core   0: 3 0x0000000080001d80 (0x002181b3) x3  0x0000000080007010
core   0: 0x0000000080001d84 (0x8801ae87) flw     ft9, -1920(gp)
core   0: 3 0x0000000080001d84 (0x8801ae87) f29 0xffffffff00000000 mem 0x0000000080006890
core   0: 0x0000000080001d88 (0x402181b3) sub     gp, gp, sp
core   0: 3 0x0000000080001d88 (0x402181b3) x3  0x0000000080006010
core   0: 0x0000000080001d8c (0x00100113) li      sp, 1
core   0: 3 0x0000000080001d8c (0x00100113) x2  0x0000000000000001
core   0: 0x0000000080001d90 (0x00c11113) slli    sp, sp, 12
core   0: 3 0x0000000080001d90 (0x00c11113) x2  0x0000000000001000
core   0: 0x0000000080001d94 (0x002181b3) add     gp, gp, sp
core   0: 3 0x0000000080001d94 (0x002181b3) x3  0x0000000080007010
core   0: 0x0000000080001d98 (0x8841ae07) flw     ft8, -1916(gp)
core   0: 3 0x0000000080001d98 (0x8841ae07) f28 0xffffffffffff0000 mem 0x0000000080006894
core   0: 0x0000000080001d9c (0x402181b3) sub     gp, gp, sp
core   0: 3 0x0000000080001d9c (0x402181b3) x3  0x0000000080006010
core   0: 0x0000000080001da0 (0x00000113) li      sp, 0
core   0: 3 0x0000000080001da0 (0x00000113) x2  0x0000000000000000
core   0: 0x0000000080001da4 (0x00311073) csrw    fcsr, sp
core   0: 3 0x0000000080001da4 (0x00311073) c1_fflags 0x0000000000000000 c2_frm 0x0000000000000000
core   0: 0x0000000080001da8 (0xe5df7fcf) fnmadd.h ft11, ft10, ft9, ft8
core   0: 3 0x0000000080001da8 (0xe5df7fcf) f31 0xffffffffffff7e00
core   0: 0x0000000080001dac (0x00302273) csrr    tp, fcsr
core   0: 3 0x0000000080001dac (0x00302273) x4  0x0000000000000000
core   0: 0x0000000080001db0 (0x35f0a827) fsw     ft11, 848(ra)
core   0: 3 0x0000000080001db0 (0x35f0a827) mem 0x0000000080009c68 0xffff7e00
core   0: 0x0000000080001db4 (0x3440bc23) sd      tp, 856(ra)
core   0: 3 0x0000000080001db4 (0x3440bc23) mem 0x0000000080009c70 0x0000000000000000
core   0: >>>>  inst_182
core   0: 0x0000000080001db8 (0x00100113) li      sp, 1
core   0: 3 0x0000000080001db8 (0x00100113) x2  0x0000000000000001
core   0: 0x0000000080001dbc (0x00c11113) slli    sp, sp, 12
core   0: 3 0x0000000080001dbc (0x00c11113) x2  0x0000000000001000
core   0: 0x0000000080001dc0 (0x002181b3) add     gp, gp, sp
core   0: 3 0x0000000080001dc0 (0x002181b3) x3  0x0000000080007010
core   0: 0x0000000080001dc4 (0x8881af07) flw     ft10, -1912(gp)
core   0: 3 0x0000000080001dc4 (0x8881af07) f30 0xfffffffffbfffbff mem 0x0000000080006898
core   0: 0x0000000080001dc8 (0x402181b3) sub     gp, gp, sp
core   0: 3 0x0000000080001dc8 (0x402181b3) x3  0x0000000080006010
core   0: 0x0000000080001dcc (0x00100113) li      sp, 1
core   0: 3 0x0000000080001dcc (0x00100113) x2  0x0000000000000001
core   0: 0x0000000080001dd0 (0x00c11113) slli    sp, sp, 12
core   0: 3 0x0000000080001dd0 (0x00c11113) x2  0x0000000000001000
core   0: 0x0000000080001dd4 (0x002181b3) add     gp, gp, sp
core   0: 3 0x0000000080001dd4 (0x002181b3) x3  0x0000000080007010
core   0: 0x0000000080001dd8 (0x88c1ae87) flw     ft9, -1908(gp)
core   0: 3 0x0000000080001dd8 (0x88c1ae87) f29 0xffffffff00000000 mem 0x000000008000689c
core   0: 0x0000000080001ddc (0x402181b3) sub     gp, gp, sp
core   0: 3 0x0000000080001ddc (0x402181b3) x3  0x0000000080006010
core   0: 0x0000000080001de0 (0x00100113) li      sp, 1
core   0: 3 0x0000000080001de0 (0x00100113) x2  0x0000000000000001
core   0: 0x0000000080001de4 (0x00c11113) slli    sp, sp, 12
core   0: 3 0x0000000080001de4 (0x00c11113) x2  0x0000000000001000
core   0: 0x0000000080001de8 (0x002181b3) add     gp, gp, sp
core   0: 3 0x0000000080001de8 (0x002181b3) x3  0x0000000080007010
core   0: 0x0000000080001dec (0x8901ae07) flw     ft8, -1904(gp)
core   0: 3 0x0000000080001dec (0x8901ae07) f28 0xffffffffffff0000 mem 0x00000000800068a0
core   0: 0x0000000080001df0 (0x402181b3) sub     gp, gp, sp
core   0: 3 0x0000000080001df0 (0x402181b3) x3  0x0000000080006010
core   0: 0x0000000080001df4 (0x00000113) li      sp, 0
core   0: 3 0x0000000080001df4 (0x00000113) x2  0x0000000000000000
core   0: 0x0000000080001df8 (0x00311073) csrw    fcsr, sp
core   0: 3 0x0000000080001df8 (0x00311073) c1_fflags 0x0000000000000000 c2_frm 0x0000000000000000
core   0: 0x0000000080001dfc (0xe5df7fcf) fnmadd.h ft11, ft10, ft9, ft8
core   0: 3 0x0000000080001dfc (0xe5df7fcf) f31 0xffffffffffff7e00
core   0: 0x0000000080001e00 (0x00302273) csrr    tp, fcsr
core   0: 3 0x0000000080001e00 (0x00302273) x4  0x0000000000000000
core   0: 0x0000000080001e04 (0x37f0a027) fsw     ft11, 864(ra)
core   0: 3 0x0000000080001e04 (0x37f0a027) mem 0x0000000080009c78 0xffff7e00
core   0: 0x0000000080001e08 (0x3640b423) sd      tp, 872(ra)
core   0: 3 0x0000000080001e08 (0x3640b423) mem 0x0000000080009c80 0x0000000000000000
core   0: >>>>  inst_183
core   0: 0x0000000080001e0c (0x00100113) li      sp, 1
core   0: 3 0x0000000080001e0c (0x00100113) x2  0x0000000000000001
core   0: 0x0000000080001e10 (0x00c11113) slli    sp, sp, 12
core   0: 3 0x0000000080001e10 (0x00c11113) x2  0x0000000000001000
core   0: 0x0000000080001e14 (0x002181b3) add     gp, gp, sp
core   0: 3 0x0000000080001e14 (0x002181b3) x3  0x0000000080007010
core   0: 0x0000000080001e18 (0x8941af07) flw     ft10, -1900(gp)
core   0: 3 0x0000000080001e18 (0x8941af07) f30 0xffffffff78637863 mem 0x00000000800068a4
core   0: 0x0000000080001e1c (0x402181b3) sub     gp, gp, sp
core   0: 3 0x0000000080001e1c (0x402181b3) x3  0x0000000080006010
core   0: 0x0000000080001e20 (0x00100113) li      sp, 1
core   0: 3 0x0000000080001e20 (0x00100113) x2  0x0000000000000001
core   0: 0x0000000080001e24 (0x00c11113) slli    sp, sp, 12
core   0: 3 0x0000000080001e24 (0x00c11113) x2  0x0000000000001000
core   0: 0x0000000080001e28 (0x002181b3) add     gp, gp, sp
core   0: 3 0x0000000080001e28 (0x002181b3) x3  0x0000000080007010
core   0: 0x0000000080001e2c (0x8981ae87) flw     ft9, -1896(gp)
core   0: 3 0x0000000080001e2c (0x8981ae87) f29 0xffffffff00000000 mem 0x00000000800068a8
core   0: 0x0000000080001e30 (0x402181b3) sub     gp, gp, sp
core   0: 3 0x0000000080001e30 (0x402181b3) x3  0x0000000080006010
core   0: 0x0000000080001e34 (0x00100113) li      sp, 1
core   0: 3 0x0000000080001e34 (0x00100113) x2  0x0000000000000001
core   0: 0x0000000080001e38 (0x00c11113) slli    sp, sp, 12
core   0: 3 0x0000000080001e38 (0x00c11113) x2  0x0000000000001000
core   0: 0x0000000080001e3c (0x002181b3) add     gp, gp, sp
core   0: 3 0x0000000080001e3c (0x002181b3) x3  0x0000000080007010
core   0: 0x0000000080001e40 (0x89c1ae07) flw     ft8, -1892(gp)
core   0: 3 0x0000000080001e40 (0x89c1ae07) f28 0xffffffffffff0000 mem 0x00000000800068ac
core   0: 0x0000000080001e44 (0x402181b3) sub     gp, gp, sp
core   0: 3 0x0000000080001e44 (0x402181b3) x3  0x0000000080006010
core   0: 0x0000000080001e48 (0x00000113) li      sp, 0
core   0: 3 0x0000000080001e48 (0x00000113) x2  0x0000000000000000
core   0: 0x0000000080001e4c (0x00311073) csrw    fcsr, sp
core   0: 3 0x0000000080001e4c (0x00311073) c1_fflags 0x0000000000000000 c2_frm 0x0000000000000000
core   0: 0x0000000080001e50 (0xe5df7fcf) fnmadd.h ft11, ft10, ft9, ft8
core   0: 3 0x0000000080001e50 (0xe5df7fcf) f31 0xffffffffffff7e00
core   0: 0x0000000080001e54 (0x00302273) csrr    tp, fcsr
core   0: 3 0x0000000080001e54 (0x00302273) x4  0x0000000000000000
core   0: 0x0000000080001e58 (0x37f0a827) fsw     ft11, 880(ra)
core   0: 3 0x0000000080001e58 (0x37f0a827) mem 0x0000000080009c88 0xffff7e00
core   0: 0x0000000080001e5c (0x3640bc23) sd      tp, 888(ra)
core   0: 3 0x0000000080001e5c (0x3640bc23) mem 0x0000000080009c90 0x0000000000000000
core   0: >>>>  inst_184
core   0: 0x0000000080001e60 (0x00100113) li      sp, 1
core   0: 3 0x0000000080001e60 (0x00100113) x2  0x0000000000000001
core   0: 0x0000000080001e64 (0x00c11113) slli    sp, sp, 12
core   0: 3 0x0000000080001e64 (0x00c11113) x2  0x0000000000001000
core   0: 0x0000000080001e68 (0x002181b3) add     gp, gp, sp
core   0: 3 0x0000000080001e68 (0x002181b3) x3  0x0000000080007010
core   0: 0x0000000080001e6c (0x8a01af07) flw     ft10, -1888(gp)
core   0: 3 0x0000000080001e6c (0x8a01af07) f30 0xffffffff80008000 mem 0x00000000800068b0
core   0: 0x0000000080001e70 (0x402181b3) sub     gp, gp, sp
core   0: 3 0x0000000080001e70 (0x402181b3) x3  0x0000000080006010
core   0: 0x0000000080001e74 (0x00100113) li      sp, 1
core   0: 3 0x0000000080001e74 (0x00100113) x2  0x0000000000000001
core   0: 0x0000000080001e78 (0x00c11113) slli    sp, sp, 12
core   0: 3 0x0000000080001e78 (0x00c11113) x2  0x0000000000001000
core   0: 0x0000000080001e7c (0x002181b3) add     gp, gp, sp
core   0: 3 0x0000000080001e7c (0x002181b3) x3  0x0000000080007010
core   0: 0x0000000080001e80 (0x8a41ae87) flw     ft9, -1884(gp)
core   0: 3 0x0000000080001e80 (0x8a41ae87) f29 0xffffffff00000000 mem 0x00000000800068b4
core   0: 0x0000000080001e84 (0x402181b3) sub     gp, gp, sp
core   0: 3 0x0000000080001e84 (0x402181b3) x3  0x0000000080006010
core   0: 0x0000000080001e88 (0x00100113) li      sp, 1
core   0: 3 0x0000000080001e88 (0x00100113) x2  0x0000000000000001
core   0: 0x0000000080001e8c (0x00c11113) slli    sp, sp, 12
core   0: 3 0x0000000080001e8c (0x00c11113) x2  0x0000000000001000
core   0: 0x0000000080001e90 (0x002181b3) add     gp, gp, sp
core   0: 3 0x0000000080001e90 (0x002181b3) x3  0x0000000080007010
core   0: 0x0000000080001e94 (0x8a81ae07) flw     ft8, -1880(gp)
core   0: 3 0x0000000080001e94 (0x8a81ae07) f28 0xffffffffffff0000 mem 0x00000000800068b8
core   0: 0x0000000080001e98 (0x402181b3) sub     gp, gp, sp
core   0: 3 0x0000000080001e98 (0x402181b3) x3  0x0000000080006010
core   0: 0x0000000080001e9c (0x00000113) li      sp, 0
core   0: 3 0x0000000080001e9c (0x00000113) x2  0x0000000000000000
core   0: 0x0000000080001ea0 (0x00311073) csrw    fcsr, sp
core   0: 3 0x0000000080001ea0 (0x00311073) c1_fflags 0x0000000000000000 c2_frm 0x0000000000000000
core   0: 0x0000000080001ea4 (0xe5df7fcf) fnmadd.h ft11, ft10, ft9, ft8
core   0: 3 0x0000000080001ea4 (0xe5df7fcf) f31 0xffffffffffff7e00
core   0: 0x0000000080001ea8 (0x00302273) csrr    tp, fcsr
core   0: 3 0x0000000080001ea8 (0x00302273) x4  0x0000000000000000
core   0: 0x0000000080001eac (0x39f0a027) fsw     ft11, 896(ra)
core   0: 3 0x0000000080001eac (0x39f0a027) mem 0x0000000080009c98 0xffff7e00
core   0: 0x0000000080001eb0 (0x3840b423) sd      tp, 904(ra)
core   0: 3 0x0000000080001eb0 (0x3840b423) mem 0x0000000080009ca0 0x0000000000000000
core   0: >>>>  inst_185
core   0: 0x0000000080001eb4 (0x00100113) li      sp, 1
core   0: 3 0x0000000080001eb4 (0x00100113) x2  0x0000000000000001
core   0: 0x0000000080001eb8 (0x00c11113) slli    sp, sp, 12
core   0: 3 0x0000000080001eb8 (0x00c11113) x2  0x0000000000001000
core   0: 0x0000000080001ebc (0x002181b3) add     gp, gp, sp
core   0: 3 0x0000000080001ebc (0x002181b3) x3  0x0000000080007010
core   0: 0x0000000080001ec0 (0x8ac1af07) flw     ft10, -1876(gp)
core   0: 3 0x0000000080001ec0 (0x8ac1af07) f30 0xfffffffffbfffbff mem 0x00000000800068bc
core   0: 0x0000000080001ec4 (0x402181b3) sub     gp, gp, sp
core   0: 3 0x0000000080001ec4 (0x402181b3) x3  0x0000000080006010
core   0: 0x0000000080001ec8 (0x00100113) li      sp, 1
core   0: 3 0x0000000080001ec8 (0x00100113) x2  0x0000000000000001
core   0: 0x0000000080001ecc (0x00c11113) slli    sp, sp, 12
core   0: 3 0x0000000080001ecc (0x00c11113) x2  0x0000000000001000
core   0: 0x0000000080001ed0 (0x002181b3) add     gp, gp, sp
core   0: 3 0x0000000080001ed0 (0x002181b3) x3  0x0000000080007010
core   0: 0x0000000080001ed4 (0x8b01ae87) flw     ft9, -1872(gp)
core   0: 3 0x0000000080001ed4 (0x8b01ae87) f29 0xffffffff00000000 mem 0x00000000800068c0
core   0: 0x0000000080001ed8 (0x402181b3) sub     gp, gp, sp
core   0: 3 0x0000000080001ed8 (0x402181b3) x3  0x0000000080006010
core   0: 0x0000000080001edc (0x00100113) li      sp, 1
core   0: 3 0x0000000080001edc (0x00100113) x2  0x0000000000000001
core   0: 0x0000000080001ee0 (0x00c11113) slli    sp, sp, 12
core   0: 3 0x0000000080001ee0 (0x00c11113) x2  0x0000000000001000
core   0: 0x0000000080001ee4 (0x002181b3) add     gp, gp, sp
core   0: 3 0x0000000080001ee4 (0x002181b3) x3  0x0000000080007010
core   0: 0x0000000080001ee8 (0x8b41ae07) flw     ft8, -1868(gp)
core   0: 3 0x0000000080001ee8 (0x8b41ae07) f28 0xffffffffffff0000 mem 0x00000000800068c4
core   0: 0x0000000080001eec (0x402181b3) sub     gp, gp, sp
core   0: 3 0x0000000080001eec (0x402181b3) x3  0x0000000080006010
core   0: 0x0000000080001ef0 (0x00000113) li      sp, 0
core   0: 3 0x0000000080001ef0 (0x00000113) x2  0x0000000000000000
core   0: 0x0000000080001ef4 (0x00311073) csrw    fcsr, sp
core   0: 3 0x0000000080001ef4 (0x00311073) c1_fflags 0x0000000000000000 c2_frm 0x0000000000000000
core   0: 0x0000000080001ef8 (0xe5df7fcf) fnmadd.h ft11, ft10, ft9, ft8
core   0: 3 0x0000000080001ef8 (0xe5df7fcf) f31 0xffffffffffff7e00
core   0: 0x0000000080001efc (0x00302273) csrr    tp, fcsr
core   0: 3 0x0000000080001efc (0x00302273) x4  0x0000000000000000
core   0: 0x0000000080001f00 (0x39f0a827) fsw     ft11, 912(ra)
core   0: 3 0x0000000080001f00 (0x39f0a827) mem 0x0000000080009ca8 0xffff7e00
core   0: 0x0000000080001f04 (0x3840bc23) sd      tp, 920(ra)
core   0: 3 0x0000000080001f04 (0x3840bc23) mem 0x0000000080009cb0 0x0000000000000000
core   0: >>>>  inst_186
core   0: 0x0000000080001f08 (0x00100113) li      sp, 1
core   0: 3 0x0000000080001f08 (0x00100113) x2  0x0000000000000001
core   0: 0x0000000080001f0c (0x00c11113) slli    sp, sp, 12
core   0: 3 0x0000000080001f0c (0x00c11113) x2  0x0000000000001000
core   0: 0x0000000080001f10 (0x002181b3) add     gp, gp, sp
core   0: 3 0x0000000080001f10 (0x002181b3) x3  0x0000000080007010
core   0: 0x0000000080001f14 (0x8b81af07) flw     ft10, -1864(gp)
core   0: 3 0x0000000080001f14 (0x8b81af07) f30 0xffffffff799f799f mem 0x00000000800068c8
core   0: 0x0000000080001f18 (0x402181b3) sub     gp, gp, sp
core   0: 3 0x0000000080001f18 (0x402181b3) x3  0x0000000080006010
core   0: 0x0000000080001f1c (0x00100113) li      sp, 1
core   0: 3 0x0000000080001f1c (0x00100113) x2  0x0000000000000001
core   0: 0x0000000080001f20 (0x00c11113) slli    sp, sp, 12
core   0: 3 0x0000000080001f20 (0x00c11113) x2  0x0000000000001000
core   0: 0x0000000080001f24 (0x002181b3) add     gp, gp, sp
core   0: 3 0x0000000080001f24 (0x002181b3) x3  0x0000000080007010
core   0: 0x0000000080001f28 (0x8bc1ae87) flw     ft9, -1860(gp)
core   0: 3 0x0000000080001f28 (0x8bc1ae87) f29 0xffffffff00000000 mem 0x00000000800068cc
core   0: 0x0000000080001f2c (0x402181b3) sub     gp, gp, sp
core   0: 3 0x0000000080001f2c (0x402181b3) x3  0x0000000080006010
core   0: 0x0000000080001f30 (0x00100113) li      sp, 1
core   0: 3 0x0000000080001f30 (0x00100113) x2  0x0000000000000001
core   0: 0x0000000080001f34 (0x00c11113) slli    sp, sp, 12
core   0: 3 0x0000000080001f34 (0x00c11113) x2  0x0000000000001000
core   0: 0x0000000080001f38 (0x002181b3) add     gp, gp, sp
core   0: 3 0x0000000080001f38 (0x002181b3) x3  0x0000000080007010
core   0: 0x0000000080001f3c (0x8c01ae07) flw     ft8, -1856(gp)
core   0: 3 0x0000000080001f3c (0x8c01ae07) f28 0xffffffffffff0000 mem 0x00000000800068d0
core   0: 0x0000000080001f40 (0x402181b3) sub     gp, gp, sp
core   0: 3 0x0000000080001f40 (0x402181b3) x3  0x0000000080006010
core   0: 0x0000000080001f44 (0x00000113) li      sp, 0
core   0: 3 0x0000000080001f44 (0x00000113) x2  0x0000000000000000
core   0: 0x0000000080001f48 (0x00311073) csrw    fcsr, sp
core   0: 3 0x0000000080001f48 (0x00311073) c1_fflags 0x0000000000000000 c2_frm 0x0000000000000000
core   0: 0x0000000080001f4c (0xe5df7fcf) fnmadd.h ft11, ft10, ft9, ft8
core   0: 3 0x0000000080001f4c (0xe5df7fcf) f31 0xffffffffffff7e00
core   0: 0x0000000080001f50 (0x00302273) csrr    tp, fcsr
core   0: 3 0x0000000080001f50 (0x00302273) x4  0x0000000000000000
core   0: 0x0000000080001f54 (0x3bf0a027) fsw     ft11, 928(ra)
core   0: 3 0x0000000080001f54 (0x3bf0a027) mem 0x0000000080009cb8 0xffff7e00
core   0: 0x0000000080001f58 (0x3a40b423) sd      tp, 936(ra)
core   0: 3 0x0000000080001f58 (0x3a40b423) mem 0x0000000080009cc0 0x0000000000000000
core   0: >>>>  inst_187
core   0: 0x0000000080001f5c (0x00100113) li      sp, 1
core   0: 3 0x0000000080001f5c (0x00100113) x2  0x0000000000000001
core   0: 0x0000000080001f60 (0x00c11113) slli    sp, sp, 12
core   0: 3 0x0000000080001f60 (0x00c11113) x2  0x0000000000001000
core   0: 0x0000000080001f64 (0x002181b3) add     gp, gp, sp
core   0: 3 0x0000000080001f64 (0x002181b3) x3  0x0000000080007010
core   0: 0x0000000080001f68 (0x8c41af07) flw     ft10, -1852(gp)
core   0: 3 0x0000000080001f68 (0x8c41af07) f30 0xffffffff80008000 mem 0x00000000800068d4
core   0: 0x0000000080001f6c (0x402181b3) sub     gp, gp, sp
core   0: 3 0x0000000080001f6c (0x402181b3) x3  0x0000000080006010
core   0: 0x0000000080001f70 (0x00100113) li      sp, 1
core   0: 3 0x0000000080001f70 (0x00100113) x2  0x0000000000000001
core   0: 0x0000000080001f74 (0x00c11113) slli    sp, sp, 12
core   0: 3 0x0000000080001f74 (0x00c11113) x2  0x0000000000001000
core   0: 0x0000000080001f78 (0x002181b3) add     gp, gp, sp
core   0: 3 0x0000000080001f78 (0x002181b3) x3  0x0000000080007010
core   0: 0x0000000080001f7c (0x8c81ae87) flw     ft9, -1848(gp)
core   0: 3 0x0000000080001f7c (0x8c81ae87) f29 0xffffffff00000000 mem 0x00000000800068d8
core   0: 0x0000000080001f80 (0x402181b3) sub     gp, gp, sp
core   0: 3 0x0000000080001f80 (0x402181b3) x3  0x0000000080006010
core   0: 0x0000000080001f84 (0x00100113) li      sp, 1
core   0: 3 0x0000000080001f84 (0x00100113) x2  0x0000000000000001
core   0: 0x0000000080001f88 (0x00c11113) slli    sp, sp, 12
core   0: 3 0x0000000080001f88 (0x00c11113) x2  0x0000000000001000
core   0: 0x0000000080001f8c (0x002181b3) add     gp, gp, sp
core   0: 3 0x0000000080001f8c (0x002181b3) x3  0x0000000080007010
core   0: 0x0000000080001f90 (0x8cc1ae07) flw     ft8, -1844(gp)
core   0: 3 0x0000000080001f90 (0x8cc1ae07) f28 0xffffffffffff0000 mem 0x00000000800068dc
core   0: 0x0000000080001f94 (0x402181b3) sub     gp, gp, sp
core   0: 3 0x0000000080001f94 (0x402181b3) x3  0x0000000080006010
core   0: 0x0000000080001f98 (0x00000113) li      sp, 0
core   0: 3 0x0000000080001f98 (0x00000113) x2  0x0000000000000000
core   0: 0x0000000080001f9c (0x00311073) csrw    fcsr, sp
core   0: 3 0x0000000080001f9c (0x00311073) c1_fflags 0x0000000000000000 c2_frm 0x0000000000000000
core   0: 0x0000000080001fa0 (0xe5df7fcf) fnmadd.h ft11, ft10, ft9, ft8
core   0: 3 0x0000000080001fa0 (0xe5df7fcf) f31 0xffffffffffff7e00
core   0: 0x0000000080001fa4 (0x00302273) csrr    tp, fcsr
core   0: 3 0x0000000080001fa4 (0x00302273) x4  0x0000000000000000
core   0: 0x0000000080001fa8 (0x3bf0a827) fsw     ft11, 944(ra)
core   0: 3 0x0000000080001fa8 (0x3bf0a827) mem 0x0000000080009cc8 0xffff7e00
core   0: 0x0000000080001fac (0x3a40bc23) sd      tp, 952(ra)
core   0: 3 0x0000000080001fac (0x3a40bc23) mem 0x0000000080009cd0 0x0000000000000000
core   0: >>>>  inst_188
core   0: 0x0000000080001fb0 (0x00100113) li      sp, 1
core   0: 3 0x0000000080001fb0 (0x00100113) x2  0x0000000000000001
core   0: 0x0000000080001fb4 (0x00c11113) slli    sp, sp, 12
core   0: 3 0x0000000080001fb4 (0x00c11113) x2  0x0000000000001000
core   0: 0x0000000080001fb8 (0x002181b3) add     gp, gp, sp
core   0: 3 0x0000000080001fb8 (0x002181b3) x3  0x0000000080007010
core   0: 0x0000000080001fbc (0x8d01af07) flw     ft10, -1840(gp)
core   0: 3 0x0000000080001fbc (0x8d01af07) f30 0xfffffffffbfffbff mem 0x00000000800068e0
core   0: 0x0000000080001fc0 (0x402181b3) sub     gp, gp, sp
core   0: 3 0x0000000080001fc0 (0x402181b3) x3  0x0000000080006010
core   0: 0x0000000080001fc4 (0x00100113) li      sp, 1
core   0: 3 0x0000000080001fc4 (0x00100113) x2  0x0000000000000001
core   0: 0x0000000080001fc8 (0x00c11113) slli    sp, sp, 12
core   0: 3 0x0000000080001fc8 (0x00c11113) x2  0x0000000000001000
core   0: 0x0000000080001fcc (0x002181b3) add     gp, gp, sp
core   0: 3 0x0000000080001fcc (0x002181b3) x3  0x0000000080007010
core   0: 0x0000000080001fd0 (0x8d41ae87) flw     ft9, -1836(gp)
core   0: 3 0x0000000080001fd0 (0x8d41ae87) f29 0xffffffff00000000 mem 0x00000000800068e4
core   0: 0x0000000080001fd4 (0x402181b3) sub     gp, gp, sp
core   0: 3 0x0000000080001fd4 (0x402181b3) x3  0x0000000080006010
core   0: 0x0000000080001fd8 (0x00100113) li      sp, 1
core   0: 3 0x0000000080001fd8 (0x00100113) x2  0x0000000000000001
core   0: 0x0000000080001fdc (0x00c11113) slli    sp, sp, 12
core   0: 3 0x0000000080001fdc (0x00c11113) x2  0x0000000000001000
core   0: 0x0000000080001fe0 (0x002181b3) add     gp, gp, sp
core   0: 3 0x0000000080001fe0 (0x002181b3) x3  0x0000000080007010
core   0: 0x0000000080001fe4 (0x8d81ae07) flw     ft8, -1832(gp)
core   0: 3 0x0000000080001fe4 (0x8d81ae07) f28 0xffffffffffff0000 mem 0x00000000800068e8
core   0: 0x0000000080001fe8 (0x402181b3) sub     gp, gp, sp
core   0: 3 0x0000000080001fe8 (0x402181b3) x3  0x0000000080006010
core   0: 0x0000000080001fec (0x00000113) li      sp, 0
core   0: 3 0x0000000080001fec (0x00000113) x2  0x0000000000000000
core   0: 0x0000000080001ff0 (0x00311073) csrw    fcsr, sp
core   0: 3 0x0000000080001ff0 (0x00311073) c1_fflags 0x0000000000000000 c2_frm 0x0000000000000000
core   0: 0x0000000080001ff4 (0xe5df7fcf) fnmadd.h ft11, ft10, ft9, ft8
core   0: 3 0x0000000080001ff4 (0xe5df7fcf) f31 0xffffffffffff7e00
core   0: 0x0000000080001ff8 (0x00302273) csrr    tp, fcsr
core   0: 3 0x0000000080001ff8 (0x00302273) x4  0x0000000000000000
core   0: 0x0000000080001ffc (0x3df0a027) fsw     ft11, 960(ra)
core   0: 3 0x0000000080001ffc (0x3df0a027) mem 0x0000000080009cd8 0xffff7e00
core   0: 0x0000000080002000 (0x3c40b423) sd      tp, 968(ra)
core   0: 3 0x0000000080002000 (0x3c40b423) mem 0x0000000080009ce0 0x0000000000000000
core   0: >>>>  inst_189
core   0: 0x0000000080002004 (0x00100113) li      sp, 1
core   0: 3 0x0000000080002004 (0x00100113) x2  0x0000000000000001
core   0: 0x0000000080002008 (0x00c11113) slli    sp, sp, 12
core   0: 3 0x0000000080002008 (0x00c11113) x2  0x0000000000001000
core   0: 0x000000008000200c (0x002181b3) add     gp, gp, sp
core   0: 3 0x000000008000200c (0x002181b3) x3  0x0000000080007010
core   0: 0x0000000080002010 (0x8dc1af07) flw     ft10, -1828(gp)
core   0: 3 0x0000000080002010 (0x8dc1af07) f30 0xffffffff79647964 mem 0x00000000800068ec
core   0: 0x0000000080002014 (0x402181b3) sub     gp, gp, sp
core   0: 3 0x0000000080002014 (0x402181b3) x3  0x0000000080006010
core   0: 0x0000000080002018 (0x00100113) li      sp, 1
core   0: 3 0x0000000080002018 (0x00100113) x2  0x0000000000000001
core   0: 0x000000008000201c (0x00c11113) slli    sp, sp, 12
core   0: 3 0x000000008000201c (0x00c11113) x2  0x0000000000001000
core   0: 0x0000000080002020 (0x002181b3) add     gp, gp, sp
core   0: 3 0x0000000080002020 (0x002181b3) x3  0x0000000080007010
core   0: 0x0000000080002024 (0x8e01ae87) flw     ft9, -1824(gp)
core   0: 3 0x0000000080002024 (0x8e01ae87) f29 0xffffffff00000000 mem 0x00000000800068f0
core   0: 0x0000000080002028 (0x402181b3) sub     gp, gp, sp
core   0: 3 0x0000000080002028 (0x402181b3) x3  0x0000000080006010
core   0: 0x000000008000202c (0x00100113) li      sp, 1
core   0: 3 0x000000008000202c (0x00100113) x2  0x0000000000000001
core   0: 0x0000000080002030 (0x00c11113) slli    sp, sp, 12
core   0: 3 0x0000000080002030 (0x00c11113) x2  0x0000000000001000
core   0: 0x0000000080002034 (0x002181b3) add     gp, gp, sp
core   0: 3 0x0000000080002034 (0x002181b3) x3  0x0000000080007010
core   0: 0x0000000080002038 (0x8e41ae07) flw     ft8, -1820(gp)
core   0: 3 0x0000000080002038 (0x8e41ae07) f28 0xffffffffffff0000 mem 0x00000000800068f4
core   0: 0x000000008000203c (0x402181b3) sub     gp, gp, sp
core   0: 3 0x000000008000203c (0x402181b3) x3  0x0000000080006010
core   0: 0x0000000080002040 (0x00000113) li      sp, 0
core   0: 3 0x0000000080002040 (0x00000113) x2  0x0000000000000000
core   0: 0x0000000080002044 (0x00311073) csrw    fcsr, sp
core   0: 3 0x0000000080002044 (0x00311073) c1_fflags 0x0000000000000000 c2_frm 0x0000000000000000
core   0: 0x0000000080002048 (0xe5df7fcf) fnmadd.h ft11, ft10, ft9, ft8
core   0: 3 0x0000000080002048 (0xe5df7fcf) f31 0xffffffffffff7e00
core   0: 0x000000008000204c (0x00302273) csrr    tp, fcsr
core   0: 3 0x000000008000204c (0x00302273) x4  0x0000000000000000
core   0: 0x0000000080002050 (0x3df0a827) fsw     ft11, 976(ra)
core   0: 3 0x0000000080002050 (0x3df0a827) mem 0x0000000080009ce8 0xffff7e00
core   0: 0x0000000080002054 (0x3c40bc23) sd      tp, 984(ra)
core   0: 3 0x0000000080002054 (0x3c40bc23) mem 0x0000000080009cf0 0x0000000000000000
core   0: >>>>  inst_190
core   0: 0x0000000080002058 (0x00100113) li      sp, 1
core   0: 3 0x0000000080002058 (0x00100113) x2  0x0000000000000001
core   0: 0x000000008000205c (0x00c11113) slli    sp, sp, 12
core   0: 3 0x000000008000205c (0x00c11113) x2  0x0000000000001000
core   0: 0x0000000080002060 (0x002181b3) add     gp, gp, sp
core   0: 3 0x0000000080002060 (0x002181b3) x3  0x0000000080007010
core   0: 0x0000000080002064 (0x8e81af07) flw     ft10, -1816(gp)
core   0: 3 0x0000000080002064 (0x8e81af07) f30 0xffffffff00000000 mem 0x00000000800068f8
core   0: 0x0000000080002068 (0x402181b3) sub     gp, gp, sp
core   0: 3 0x0000000080002068 (0x402181b3) x3  0x0000000080006010
core   0: 0x000000008000206c (0x00100113) li      sp, 1
core   0: 3 0x000000008000206c (0x00100113) x2  0x0000000000000001
core   0: 0x0000000080002070 (0x00c11113) slli    sp, sp, 12
core   0: 3 0x0000000080002070 (0x00c11113) x2  0x0000000000001000
core   0: 0x0000000080002074 (0x002181b3) add     gp, gp, sp
core   0: 3 0x0000000080002074 (0x002181b3) x3  0x0000000080007010
core   0: 0x0000000080002078 (0x8ec1ae87) flw     ft9, -1812(gp)
core   0: 3 0x0000000080002078 (0x8ec1ae87) f29 0xffffffff00000000 mem 0x00000000800068fc
core   0: 0x000000008000207c (0x402181b3) sub     gp, gp, sp
core   0: 3 0x000000008000207c (0x402181b3) x3  0x0000000080006010
core   0: 0x0000000080002080 (0x00100113) li      sp, 1
core   0: 3 0x0000000080002080 (0x00100113) x2  0x0000000000000001
core   0: 0x0000000080002084 (0x00c11113) slli    sp, sp, 12
core   0: 3 0x0000000080002084 (0x00c11113) x2  0x0000000000001000
core   0: 0x0000000080002088 (0x002181b3) add     gp, gp, sp
core   0: 3 0x0000000080002088 (0x002181b3) x3  0x0000000080007010
core   0: 0x000000008000208c (0x8f01ae07) flw     ft8, -1808(gp)
core   0: 3 0x000000008000208c (0x8f01ae07) f28 0xffffffffffff0000 mem 0x0000000080006900
core   0: 0x0000000080002090 (0x402181b3) sub     gp, gp, sp
core   0: 3 0x0000000080002090 (0x402181b3) x3  0x0000000080006010
core   0: 0x0000000080002094 (0x00000113) li      sp, 0
core   0: 3 0x0000000080002094 (0x00000113) x2  0x0000000000000000
core   0: 0x0000000080002098 (0x00311073) csrw    fcsr, sp
core   0: 3 0x0000000080002098 (0x00311073) c1_fflags 0x0000000000000000 c2_frm 0x0000000000000000
core   0: 0x000000008000209c (0xe5df7fcf) fnmadd.h ft11, ft10, ft9, ft8
core   0: 3 0x000000008000209c (0xe5df7fcf) f31 0xffffffffffff7e00
core   0: 0x00000000800020a0 (0x00302273) csrr    tp, fcsr
core   0: 3 0x00000000800020a0 (0x00302273) x4  0x0000000000000000
core   0: 0x00000000800020a4 (0x3ff0a027) fsw     ft11, 992(ra)
core   0: 3 0x00000000800020a4 (0x3ff0a027) mem 0x0000000080009cf8 0xffff7e00
core   0: 0x00000000800020a8 (0x3e40b423) sd      tp, 1000(ra)
core   0: 3 0x00000000800020a8 (0x3e40b423) mem 0x0000000080009d00 0x0000000000000000
core   0: >>>>  inst_191
core   0: 0x00000000800020ac (0x00100113) li      sp, 1
core   0: 3 0x00000000800020ac (0x00100113) x2  0x0000000000000001
core   0: 0x00000000800020b0 (0x00c11113) slli    sp, sp, 12
core   0: 3 0x00000000800020b0 (0x00c11113) x2  0x0000000000001000
core   0: 0x00000000800020b4 (0x002181b3) add     gp, gp, sp
core   0: 3 0x00000000800020b4 (0x002181b3) x3  0x0000000080007010
core   0: 0x00000000800020b8 (0x8f41af07) flw     ft10, -1804(gp)
core   0: 3 0x00000000800020b8 (0x8f41af07) f30 0xfffffffffbfffbff mem 0x0000000080006904
core   0: 0x00000000800020bc (0x402181b3) sub     gp, gp, sp
core   0: 3 0x00000000800020bc (0x402181b3) x3  0x0000000080006010
core   0: 0x00000000800020c0 (0x00100113) li      sp, 1
core   0: 3 0x00000000800020c0 (0x00100113) x2  0x0000000000000001
core   0: 0x00000000800020c4 (0x00c11113) slli    sp, sp, 12
core   0: 3 0x00000000800020c4 (0x00c11113) x2  0x0000000000001000
core   0: 0x00000000800020c8 (0x002181b3) add     gp, gp, sp
core   0: 3 0x00000000800020c8 (0x002181b3) x3  0x0000000080007010
core   0: 0x00000000800020cc (0x8f81ae87) flw     ft9, -1800(gp)
core   0: 3 0x00000000800020cc (0x8f81ae87) f29 0xffffffff00000000 mem 0x0000000080006908
core   0: 0x00000000800020d0 (0x402181b3) sub     gp, gp, sp
core   0: 3 0x00000000800020d0 (0x402181b3) x3  0x0000000080006010
core   0: 0x00000000800020d4 (0x00100113) li      sp, 1
core   0: 3 0x00000000800020d4 (0x00100113) x2  0x0000000000000001
core   0: 0x00000000800020d8 (0x00c11113) slli    sp, sp, 12
core   0: 3 0x00000000800020d8 (0x00c11113) x2  0x0000000000001000
core   0: 0x00000000800020dc (0x002181b3) add     gp, gp, sp
core   0: 3 0x00000000800020dc (0x002181b3) x3  0x0000000080007010
core   0: 0x00000000800020e0 (0x8fc1ae07) flw     ft8, -1796(gp)
core   0: 3 0x00000000800020e0 (0x8fc1ae07) f28 0xffffffffffff0000 mem 0x000000008000690c
core   0: 0x00000000800020e4 (0x402181b3) sub     gp, gp, sp
core   0: 3 0x00000000800020e4 (0x402181b3) x3  0x0000000080006010
core   0: 0x00000000800020e8 (0x00000113) li      sp, 0
core   0: 3 0x00000000800020e8 (0x00000113) x2  0x0000000000000000
core   0: 0x00000000800020ec (0x00311073) csrw    fcsr, sp
core   0: 3 0x00000000800020ec (0x00311073) c1_fflags 0x0000000000000000 c2_frm 0x0000000000000000
core   0: 0x00000000800020f0 (0xe5df7fcf) fnmadd.h ft11, ft10, ft9, ft8
core   0: 3 0x00000000800020f0 (0xe5df7fcf) f31 0xffffffffffff7e00
core   0: 0x00000000800020f4 (0x00302273) csrr    tp, fcsr
core   0: 3 0x00000000800020f4 (0x00302273) x4  0x0000000000000000
core   0: 0x00000000800020f8 (0x3ff0a827) fsw     ft11, 1008(ra)
core   0: 3 0x00000000800020f8 (0x3ff0a827) mem 0x0000000080009d08 0xffff7e00
core   0: 0x00000000800020fc (0x3e40bc23) sd      tp, 1016(ra)
core   0: 3 0x00000000800020fc (0x3e40bc23) mem 0x0000000080009d10 0x0000000000000000
core   0: >>>>  inst_192
core   0: 0x0000000080002100 (0x00100113) li      sp, 1
core   0: 3 0x0000000080002100 (0x00100113) x2  0x0000000000000001
core   0: 0x0000000080002104 (0x00c11113) slli    sp, sp, 12
core   0: 3 0x0000000080002104 (0x00c11113) x2  0x0000000000001000
core   0: 0x0000000080002108 (0x002181b3) add     gp, gp, sp
core   0: 3 0x0000000080002108 (0x002181b3) x3  0x0000000080007010
core   0: 0x000000008000210c (0x9001af07) flw     ft10, -1792(gp)
core   0: 3 0x000000008000210c (0x9001af07) f30 0xffffffff75fe75fe mem 0x0000000080006910
core   0: 0x0000000080002110 (0x402181b3) sub     gp, gp, sp
core   0: 3 0x0000000080002110 (0x402181b3) x3  0x0000000080006010
core   0: 0x0000000080002114 (0x00100113) li      sp, 1
core   0: 3 0x0000000080002114 (0x00100113) x2  0x0000000000000001
core   0: 0x0000000080002118 (0x00c11113) slli    sp, sp, 12
core   0: 3 0x0000000080002118 (0x00c11113) x2  0x0000000000001000
core   0: 0x000000008000211c (0x002181b3) add     gp, gp, sp
core   0: 3 0x000000008000211c (0x002181b3) x3  0x0000000080007010
core   0: 0x0000000080002120 (0x9041ae87) flw     ft9, -1788(gp)
core   0: 3 0x0000000080002120 (0x9041ae87) f29 0xffffffff00000000 mem 0x0000000080006914
core   0: 0x0000000080002124 (0x402181b3) sub     gp, gp, sp
core   0: 3 0x0000000080002124 (0x402181b3) x3  0x0000000080006010
core   0: 0x0000000080002128 (0x00100113) li      sp, 1
core   0: 3 0x0000000080002128 (0x00100113) x2  0x0000000000000001
core   0: 0x000000008000212c (0x00c11113) slli    sp, sp, 12
core   0: 3 0x000000008000212c (0x00c11113) x2  0x0000000000001000
core   0: 0x0000000080002130 (0x002181b3) add     gp, gp, sp
core   0: 3 0x0000000080002130 (0x002181b3) x3  0x0000000080007010
core   0: 0x0000000080002134 (0x9081ae07) flw     ft8, -1784(gp)
core   0: 3 0x0000000080002134 (0x9081ae07) f28 0xffffffffffff0000 mem 0x0000000080006918
core   0: 0x0000000080002138 (0x402181b3) sub     gp, gp, sp
core   0: 3 0x0000000080002138 (0x402181b3) x3  0x0000000080006010
core   0: 0x000000008000213c (0x00000113) li      sp, 0
core   0: 3 0x000000008000213c (0x00000113) x2  0x0000000000000000
core   0: 0x0000000080002140 (0x00311073) csrw    fcsr, sp
core   0: 3 0x0000000080002140 (0x00311073) c1_fflags 0x0000000000000000 c2_frm 0x0000000000000000
core   0: 0x0000000080002144 (0xe5df7fcf) fnmadd.h ft11, ft10, ft9, ft8
core   0: 3 0x0000000080002144 (0xe5df7fcf) f31 0xffffffffffff7e00
core   0: 0x0000000080002148 (0x00302273) csrr    tp, fcsr
core   0: 3 0x0000000080002148 (0x00302273) x4  0x0000000000000000
core   0: 0x000000008000214c (0x41f0a027) fsw     ft11, 1024(ra)
core   0: 3 0x000000008000214c (0x41f0a027) mem 0x0000000080009d18 0xffff7e00
core   0: 0x0000000080002150 (0x4040b423) sd      tp, 1032(ra)
core   0: 3 0x0000000080002150 (0x4040b423) mem 0x0000000080009d20 0x0000000000000000
core   0: >>>>  inst_193
core   0: 0x0000000080002154 (0x00100113) li      sp, 1
core   0: 3 0x0000000080002154 (0x00100113) x2  0x0000000000000001
core   0: 0x0000000080002158 (0x00c11113) slli    sp, sp, 12
core   0: 3 0x0000000080002158 (0x00c11113) x2  0x0000000000001000
core   0: 0x000000008000215c (0x002181b3) add     gp, gp, sp
core   0: 3 0x000000008000215c (0x002181b3) x3  0x0000000080007010
core   0: 0x0000000080002160 (0x90c1af07) flw     ft10, -1780(gp)
core   0: 3 0x0000000080002160 (0x90c1af07) f30 0xffffffff00000000 mem 0x000000008000691c
core   0: 0x0000000080002164 (0x402181b3) sub     gp, gp, sp
core   0: 3 0x0000000080002164 (0x402181b3) x3  0x0000000080006010
core   0: 0x0000000080002168 (0x00100113) li      sp, 1
core   0: 3 0x0000000080002168 (0x00100113) x2  0x0000000000000001
core   0: 0x000000008000216c (0x00c11113) slli    sp, sp, 12
core   0: 3 0x000000008000216c (0x00c11113) x2  0x0000000000001000
core   0: 0x0000000080002170 (0x002181b3) add     gp, gp, sp
core   0: 3 0x0000000080002170 (0x002181b3) x3  0x0000000080007010
core   0: 0x0000000080002174 (0x9101ae87) flw     ft9, -1776(gp)
core   0: 3 0x0000000080002174 (0x9101ae87) f29 0xffffffff00000000 mem 0x0000000080006920
core   0: 0x0000000080002178 (0x402181b3) sub     gp, gp, sp
core   0: 3 0x0000000080002178 (0x402181b3) x3  0x0000000080006010
core   0: 0x000000008000217c (0x00100113) li      sp, 1
core   0: 3 0x000000008000217c (0x00100113) x2  0x0000000000000001
core   0: 0x0000000080002180 (0x00c11113) slli    sp, sp, 12
core   0: 3 0x0000000080002180 (0x00c11113) x2  0x0000000000001000
core   0: 0x0000000080002184 (0x002181b3) add     gp, gp, sp
core   0: 3 0x0000000080002184 (0x002181b3) x3  0x0000000080007010
core   0: 0x0000000080002188 (0x9141ae07) flw     ft8, -1772(gp)
core   0: 3 0x0000000080002188 (0x9141ae07) f28 0xffffffffffff0000 mem 0x0000000080006924
core   0: 0x000000008000218c (0x402181b3) sub     gp, gp, sp
core   0: 3 0x000000008000218c (0x402181b3) x3  0x0000000080006010
core   0: 0x0000000080002190 (0x00000113) li      sp, 0
core   0: 3 0x0000000080002190 (0x00000113) x2  0x0000000000000000
core   0: 0x0000000080002194 (0x00311073) csrw    fcsr, sp
core   0: 3 0x0000000080002194 (0x00311073) c1_fflags 0x0000000000000000 c2_frm 0x0000000000000000
core   0: 0x0000000080002198 (0xe5df7fcf) fnmadd.h ft11, ft10, ft9, ft8
core   0: 3 0x0000000080002198 (0xe5df7fcf) f31 0xffffffffffff7e00
core   0: 0x000000008000219c (0x00302273) csrr    tp, fcsr
core   0: 3 0x000000008000219c (0x00302273) x4  0x0000000000000000
core   0: 0x00000000800021a0 (0x41f0a827) fsw     ft11, 1040(ra)
core   0: 3 0x00000000800021a0 (0x41f0a827) mem 0x0000000080009d28 0xffff7e00
core   0: 0x00000000800021a4 (0x4040bc23) sd      tp, 1048(ra)
core   0: 3 0x00000000800021a4 (0x4040bc23) mem 0x0000000080009d30 0x0000000000000000
core   0: >>>>  inst_194
core   0: 0x00000000800021a8 (0x00100113) li      sp, 1
core   0: 3 0x00000000800021a8 (0x00100113) x2  0x0000000000000001
core   0: 0x00000000800021ac (0x00c11113) slli    sp, sp, 12
core   0: 3 0x00000000800021ac (0x00c11113) x2  0x0000000000001000
core   0: 0x00000000800021b0 (0x002181b3) add     gp, gp, sp
core   0: 3 0x00000000800021b0 (0x002181b3) x3  0x0000000080007010
core   0: 0x00000000800021b4 (0x9181af07) flw     ft10, -1768(gp)
core   0: 3 0x00000000800021b4 (0x9181af07) f30 0xfffffffffbfffbff mem 0x0000000080006928
core   0: 0x00000000800021b8 (0x402181b3) sub     gp, gp, sp
core   0: 3 0x00000000800021b8 (0x402181b3) x3  0x0000000080006010
core   0: 0x00000000800021bc (0x00100113) li      sp, 1
core   0: 3 0x00000000800021bc (0x00100113) x2  0x0000000000000001
core   0: 0x00000000800021c0 (0x00c11113) slli    sp, sp, 12
core   0: 3 0x00000000800021c0 (0x00c11113) x2  0x0000000000001000
core   0: 0x00000000800021c4 (0x002181b3) add     gp, gp, sp
core   0: 3 0x00000000800021c4 (0x002181b3) x3  0x0000000080007010
core   0: 0x00000000800021c8 (0x91c1ae87) flw     ft9, -1764(gp)
core   0: 3 0x00000000800021c8 (0x91c1ae87) f29 0xffffffff00000000 mem 0x000000008000692c
core   0: 0x00000000800021cc (0x402181b3) sub     gp, gp, sp
core   0: 3 0x00000000800021cc (0x402181b3) x3  0x0000000080006010
core   0: 0x00000000800021d0 (0x00100113) li      sp, 1
core   0: 3 0x00000000800021d0 (0x00100113) x2  0x0000000000000001
core   0: 0x00000000800021d4 (0x00c11113) slli    sp, sp, 12
core   0: 3 0x00000000800021d4 (0x00c11113) x2  0x0000000000001000
core   0: 0x00000000800021d8 (0x002181b3) add     gp, gp, sp
core   0: 3 0x00000000800021d8 (0x002181b3) x3  0x0000000080007010
core   0: 0x00000000800021dc (0x9201ae07) flw     ft8, -1760(gp)
core   0: 3 0x00000000800021dc (0x9201ae07) f28 0xffffffffffff0000 mem 0x0000000080006930
core   0: 0x00000000800021e0 (0x402181b3) sub     gp, gp, sp
core   0: 3 0x00000000800021e0 (0x402181b3) x3  0x0000000080006010
core   0: 0x00000000800021e4 (0x00000113) li      sp, 0
core   0: 3 0x00000000800021e4 (0x00000113) x2  0x0000000000000000
core   0: 0x00000000800021e8 (0x00311073) csrw    fcsr, sp
core   0: 3 0x00000000800021e8 (0x00311073) c1_fflags 0x0000000000000000 c2_frm 0x0000000000000000
core   0: 0x00000000800021ec (0xe5df7fcf) fnmadd.h ft11, ft10, ft9, ft8
core   0: 3 0x00000000800021ec (0xe5df7fcf) f31 0xffffffffffff7e00
core   0: 0x00000000800021f0 (0x00302273) csrr    tp, fcsr
core   0: 3 0x00000000800021f0 (0x00302273) x4  0x0000000000000000
core   0: 0x00000000800021f4 (0x43f0a027) fsw     ft11, 1056(ra)
core   0: 3 0x00000000800021f4 (0x43f0a027) mem 0x0000000080009d38 0xffff7e00
core   0: 0x00000000800021f8 (0x4240b423) sd      tp, 1064(ra)
core   0: 3 0x00000000800021f8 (0x4240b423) mem 0x0000000080009d40 0x0000000000000000
core   0: >>>>  inst_195
core   0: 0x00000000800021fc (0x00100113) li      sp, 1
core   0: 3 0x00000000800021fc (0x00100113) x2  0x0000000000000001
core   0: 0x0000000080002200 (0x00c11113) slli    sp, sp, 12
core   0: 3 0x0000000080002200 (0x00c11113) x2  0x0000000000001000
core   0: 0x0000000080002204 (0x002181b3) add     gp, gp, sp
core   0: 3 0x0000000080002204 (0x002181b3) x3  0x0000000080007010
core   0: 0x0000000080002208 (0x9241af07) flw     ft10, -1756(gp)
core   0: 3 0x0000000080002208 (0x9241af07) f30 0xffffffff77057705 mem 0x0000000080006934
core   0: 0x000000008000220c (0x402181b3) sub     gp, gp, sp
core   0: 3 0x000000008000220c (0x402181b3) x3  0x0000000080006010
core   0: 0x0000000080002210 (0x00100113) li      sp, 1
core   0: 3 0x0000000080002210 (0x00100113) x2  0x0000000000000001
core   0: 0x0000000080002214 (0x00c11113) slli    sp, sp, 12
core   0: 3 0x0000000080002214 (0x00c11113) x2  0x0000000000001000
core   0: 0x0000000080002218 (0x002181b3) add     gp, gp, sp
core   0: 3 0x0000000080002218 (0x002181b3) x3  0x0000000080007010
core   0: 0x000000008000221c (0x9281ae87) flw     ft9, -1752(gp)
core   0: 3 0x000000008000221c (0x9281ae87) f29 0xffffffff00000000 mem 0x0000000080006938
core   0: 0x0000000080002220 (0x402181b3) sub     gp, gp, sp
core   0: 3 0x0000000080002220 (0x402181b3) x3  0x0000000080006010
core   0: 0x0000000080002224 (0x00100113) li      sp, 1
core   0: 3 0x0000000080002224 (0x00100113) x2  0x0000000000000001
core   0: 0x0000000080002228 (0x00c11113) slli    sp, sp, 12
core   0: 3 0x0000000080002228 (0x00c11113) x2  0x0000000000001000
core   0: 0x000000008000222c (0x002181b3) add     gp, gp, sp
core   0: 3 0x000000008000222c (0x002181b3) x3  0x0000000080007010
core   0: 0x0000000080002230 (0x92c1ae07) flw     ft8, -1748(gp)
core   0: 3 0x0000000080002230 (0x92c1ae07) f28 0xffffffffffff0000 mem 0x000000008000693c
core   0: 0x0000000080002234 (0x402181b3) sub     gp, gp, sp
core   0: 3 0x0000000080002234 (0x402181b3) x3  0x0000000080006010
core   0: 0x0000000080002238 (0x00000113) li      sp, 0
core   0: 3 0x0000000080002238 (0x00000113) x2  0x0000000000000000
core   0: 0x000000008000223c (0x00311073) csrw    fcsr, sp
core   0: 3 0x000000008000223c (0x00311073) c1_fflags 0x0000000000000000 c2_frm 0x0000000000000000
core   0: 0x0000000080002240 (0xe5df7fcf) fnmadd.h ft11, ft10, ft9, ft8
core   0: 3 0x0000000080002240 (0xe5df7fcf) f31 0xffffffffffff7e00
core   0: 0x0000000080002244 (0x00302273) csrr    tp, fcsr
core   0: 3 0x0000000080002244 (0x00302273) x4  0x0000000000000000
core   0: 0x0000000080002248 (0x43f0a827) fsw     ft11, 1072(ra)
core   0: 3 0x0000000080002248 (0x43f0a827) mem 0x0000000080009d48 0xffff7e00
core   0: 0x000000008000224c (0x4240bc23) sd      tp, 1080(ra)
core   0: 3 0x000000008000224c (0x4240bc23) mem 0x0000000080009d50 0x0000000000000000
core   0: >>>>  inst_196
core   0: 0x0000000080002250 (0x00100113) li      sp, 1
core   0: 3 0x0000000080002250 (0x00100113) x2  0x0000000000000001
core   0: 0x0000000080002254 (0x00c11113) slli    sp, sp, 12
core   0: 3 0x0000000080002254 (0x00c11113) x2  0x0000000000001000
core   0: 0x0000000080002258 (0x002181b3) add     gp, gp, sp
core   0: 3 0x0000000080002258 (0x002181b3) x3  0x0000000080007010
core   0: 0x000000008000225c (0x9301af07) flw     ft10, -1744(gp)
core   0: 3 0x000000008000225c (0x9301af07) f30 0xffffffff00000000 mem 0x0000000080006940
core   0: 0x0000000080002260 (0x402181b3) sub     gp, gp, sp
core   0: 3 0x0000000080002260 (0x402181b3) x3  0x0000000080006010
core   0: 0x0000000080002264 (0x00100113) li      sp, 1
core   0: 3 0x0000000080002264 (0x00100113) x2  0x0000000000000001
core   0: 0x0000000080002268 (0x00c11113) slli    sp, sp, 12
core   0: 3 0x0000000080002268 (0x00c11113) x2  0x0000000000001000
core   0: 0x000000008000226c (0x002181b3) add     gp, gp, sp
core   0: 3 0x000000008000226c (0x002181b3) x3  0x0000000080007010
core   0: 0x0000000080002270 (0x9341ae87) flw     ft9, -1740(gp)
core   0: 3 0x0000000080002270 (0x9341ae87) f29 0xffffffff00000000 mem 0x0000000080006944
core   0: 0x0000000080002274 (0x402181b3) sub     gp, gp, sp
core   0: 3 0x0000000080002274 (0x402181b3) x3  0x0000000080006010
core   0: 0x0000000080002278 (0x00100113) li      sp, 1
core   0: 3 0x0000000080002278 (0x00100113) x2  0x0000000000000001
core   0: 0x000000008000227c (0x00c11113) slli    sp, sp, 12
core   0: 3 0x000000008000227c (0x00c11113) x2  0x0000000000001000
core   0: 0x0000000080002280 (0x002181b3) add     gp, gp, sp
core   0: 3 0x0000000080002280 (0x002181b3) x3  0x0000000080007010
core   0: 0x0000000080002284 (0x9381ae07) flw     ft8, -1736(gp)
core   0: 3 0x0000000080002284 (0x9381ae07) f28 0xffffffffffff0000 mem 0x0000000080006948
core   0: 0x0000000080002288 (0x402181b3) sub     gp, gp, sp
core   0: 3 0x0000000080002288 (0x402181b3) x3  0x0000000080006010
core   0: 0x000000008000228c (0x00000113) li      sp, 0
core   0: 3 0x000000008000228c (0x00000113) x2  0x0000000000000000
core   0: 0x0000000080002290 (0x00311073) csrw    fcsr, sp
core   0: 3 0x0000000080002290 (0x00311073) c1_fflags 0x0000000000000000 c2_frm 0x0000000000000000
core   0: 0x0000000080002294 (0xe5df7fcf) fnmadd.h ft11, ft10, ft9, ft8
core   0: 3 0x0000000080002294 (0xe5df7fcf) f31 0xffffffffffff7e00
core   0: 0x0000000080002298 (0x00302273) csrr    tp, fcsr
core   0: 3 0x0000000080002298 (0x00302273) x4  0x0000000000000000
core   0: 0x000000008000229c (0x45f0a027) fsw     ft11, 1088(ra)
core   0: 3 0x000000008000229c (0x45f0a027) mem 0x0000000080009d58 0xffff7e00
core   0: 0x00000000800022a0 (0x4440b423) sd      tp, 1096(ra)
core   0: 3 0x00000000800022a0 (0x4440b423) mem 0x0000000080009d60 0x0000000000000000
core   0: >>>>  inst_197
core   0: 0x00000000800022a4 (0x00100113) li      sp, 1
core   0: 3 0x00000000800022a4 (0x00100113) x2  0x0000000000000001
core   0: 0x00000000800022a8 (0x00c11113) slli    sp, sp, 12
core   0: 3 0x00000000800022a8 (0x00c11113) x2  0x0000000000001000
core   0: 0x00000000800022ac (0x002181b3) add     gp, gp, sp
core   0: 3 0x00000000800022ac (0x002181b3) x3  0x0000000080007010
core   0: 0x00000000800022b0 (0x93c1af07) flw     ft10, -1732(gp)
core   0: 3 0x00000000800022b0 (0x93c1af07) f30 0xfffffffffbfffbff mem 0x000000008000694c
core   0: 0x00000000800022b4 (0x402181b3) sub     gp, gp, sp
core   0: 3 0x00000000800022b4 (0x402181b3) x3  0x0000000080006010
core   0: 0x00000000800022b8 (0x00100113) li      sp, 1
core   0: 3 0x00000000800022b8 (0x00100113) x2  0x0000000000000001
core   0: 0x00000000800022bc (0x00c11113) slli    sp, sp, 12
core   0: 3 0x00000000800022bc (0x00c11113) x2  0x0000000000001000
core   0: 0x00000000800022c0 (0x002181b3) add     gp, gp, sp
core   0: 3 0x00000000800022c0 (0x002181b3) x3  0x0000000080007010
core   0: 0x00000000800022c4 (0x9401ae87) flw     ft9, -1728(gp)
core   0: 3 0x00000000800022c4 (0x9401ae87) f29 0xffffffff00000000 mem 0x0000000080006950
core   0: 0x00000000800022c8 (0x402181b3) sub     gp, gp, sp
core   0: 3 0x00000000800022c8 (0x402181b3) x3  0x0000000080006010
core   0: 0x00000000800022cc (0x00100113) li      sp, 1
core   0: 3 0x00000000800022cc (0x00100113) x2  0x0000000000000001
core   0: 0x00000000800022d0 (0x00c11113) slli    sp, sp, 12
core   0: 3 0x00000000800022d0 (0x00c11113) x2  0x0000000000001000
core   0: 0x00000000800022d4 (0x002181b3) add     gp, gp, sp
core   0: 3 0x00000000800022d4 (0x002181b3) x3  0x0000000080007010
core   0: 0x00000000800022d8 (0x9441ae07) flw     ft8, -1724(gp)
core   0: 3 0x00000000800022d8 (0x9441ae07) f28 0xffffffffffff0000 mem 0x0000000080006954
core   0: 0x00000000800022dc (0x402181b3) sub     gp, gp, sp
core   0: 3 0x00000000800022dc (0x402181b3) x3  0x0000000080006010
core   0: 0x00000000800022e0 (0x00000113) li      sp, 0
core   0: 3 0x00000000800022e0 (0x00000113) x2  0x0000000000000000
core   0: 0x00000000800022e4 (0x00311073) csrw    fcsr, sp
core   0: 3 0x00000000800022e4 (0x00311073) c1_fflags 0x0000000000000000 c2_frm 0x0000000000000000
core   0: 0x00000000800022e8 (0xe5df7fcf) fnmadd.h ft11, ft10, ft9, ft8
core   0: 3 0x00000000800022e8 (0xe5df7fcf) f31 0xffffffffffff7e00
core   0: 0x00000000800022ec (0x00302273) csrr    tp, fcsr
core   0: 3 0x00000000800022ec (0x00302273) x4  0x0000000000000000
core   0: 0x00000000800022f0 (0x45f0a827) fsw     ft11, 1104(ra)
core   0: 3 0x00000000800022f0 (0x45f0a827) mem 0x0000000080009d68 0xffff7e00
core   0: 0x00000000800022f4 (0x4440bc23) sd      tp, 1112(ra)
core   0: 3 0x00000000800022f4 (0x4440bc23) mem 0x0000000080009d70 0x0000000000000000
core   0: >>>>  inst_198
core   0: 0x00000000800022f8 (0x00100113) li      sp, 1
core   0: 3 0x00000000800022f8 (0x00100113) x2  0x0000000000000001
core   0: 0x00000000800022fc (0x00c11113) slli    sp, sp, 12
core   0: 3 0x00000000800022fc (0x00c11113) x2  0x0000000000001000
core   0: 0x0000000080002300 (0x002181b3) add     gp, gp, sp
core   0: 3 0x0000000080002300 (0x002181b3) x3  0x0000000080007010
core   0: 0x0000000080002304 (0x9481af07) flw     ft10, -1720(gp)
core   0: 3 0x0000000080002304 (0x9481af07) f30 0xffffffff78107810 mem 0x0000000080006958
core   0: 0x0000000080002308 (0x402181b3) sub     gp, gp, sp
core   0: 3 0x0000000080002308 (0x402181b3) x3  0x0000000080006010
core   0: 0x000000008000230c (0x00100113) li      sp, 1
core   0: 3 0x000000008000230c (0x00100113) x2  0x0000000000000001
core   0: 0x0000000080002310 (0x00c11113) slli    sp, sp, 12
core   0: 3 0x0000000080002310 (0x00c11113) x2  0x0000000000001000
core   0: 0x0000000080002314 (0x002181b3) add     gp, gp, sp
core   0: 3 0x0000000080002314 (0x002181b3) x3  0x0000000080007010
core   0: 0x0000000080002318 (0x94c1ae87) flw     ft9, -1716(gp)
core   0: 3 0x0000000080002318 (0x94c1ae87) f29 0xffffffff00000000 mem 0x000000008000695c
core   0: 0x000000008000231c (0x402181b3) sub     gp, gp, sp
core   0: 3 0x000000008000231c (0x402181b3) x3  0x0000000080006010
core   0: 0x0000000080002320 (0x00100113) li      sp, 1
core   0: 3 0x0000000080002320 (0x00100113) x2  0x0000000000000001
core   0: 0x0000000080002324 (0x00c11113) slli    sp, sp, 12
core   0: 3 0x0000000080002324 (0x00c11113) x2  0x0000000000001000
core   0: 0x0000000080002328 (0x002181b3) add     gp, gp, sp
core   0: 3 0x0000000080002328 (0x002181b3) x3  0x0000000080007010
core   0: 0x000000008000232c (0x9501ae07) flw     ft8, -1712(gp)
core   0: 3 0x000000008000232c (0x9501ae07) f28 0xffffffffffff0000 mem 0x0000000080006960
core   0: 0x0000000080002330 (0x402181b3) sub     gp, gp, sp
core   0: 3 0x0000000080002330 (0x402181b3) x3  0x0000000080006010
core   0: 0x0000000080002334 (0x00000113) li      sp, 0
core   0: 3 0x0000000080002334 (0x00000113) x2  0x0000000000000000
core   0: 0x0000000080002338 (0x00311073) csrw    fcsr, sp
core   0: 3 0x0000000080002338 (0x00311073) c1_fflags 0x0000000000000000 c2_frm 0x0000000000000000
core   0: 0x000000008000233c (0xe5df7fcf) fnmadd.h ft11, ft10, ft9, ft8
core   0: 3 0x000000008000233c (0xe5df7fcf) f31 0xffffffffffff7e00
core   0: 0x0000000080002340 (0x00302273) csrr    tp, fcsr
core   0: 3 0x0000000080002340 (0x00302273) x4  0x0000000000000000
core   0: 0x0000000080002344 (0x47f0a027) fsw     ft11, 1120(ra)
core   0: 3 0x0000000080002344 (0x47f0a027) mem 0x0000000080009d78 0xffff7e00
core   0: 0x0000000080002348 (0x4640b423) sd      tp, 1128(ra)
core   0: 3 0x0000000080002348 (0x4640b423) mem 0x0000000080009d80 0x0000000000000000
core   0: >>>>  inst_199
core   0: 0x000000008000234c (0x00100113) li      sp, 1
core   0: 3 0x000000008000234c (0x00100113) x2  0x0000000000000001
core   0: 0x0000000080002350 (0x00c11113) slli    sp, sp, 12
core   0: 3 0x0000000080002350 (0x00c11113) x2  0x0000000000001000
core   0: 0x0000000080002354 (0x002181b3) add     gp, gp, sp
core   0: 3 0x0000000080002354 (0x002181b3) x3  0x0000000080007010
core   0: 0x0000000080002358 (0x9541af07) flw     ft10, -1708(gp)
core   0: 3 0x0000000080002358 (0x9541af07) f30 0xffffffff00000000 mem 0x0000000080006964
core   0: 0x000000008000235c (0x402181b3) sub     gp, gp, sp
core   0: 3 0x000000008000235c (0x402181b3) x3  0x0000000080006010
core   0: 0x0000000080002360 (0x00100113) li      sp, 1
core   0: 3 0x0000000080002360 (0x00100113) x2  0x0000000000000001
core   0: 0x0000000080002364 (0x00c11113) slli    sp, sp, 12
core   0: 3 0x0000000080002364 (0x00c11113) x2  0x0000000000001000
core   0: 0x0000000080002368 (0x002181b3) add     gp, gp, sp
core   0: 3 0x0000000080002368 (0x002181b3) x3  0x0000000080007010
core   0: 0x000000008000236c (0x9581ae87) flw     ft9, -1704(gp)
core   0: 3 0x000000008000236c (0x9581ae87) f29 0xffffffff00000000 mem 0x0000000080006968
core   0: 0x0000000080002370 (0x402181b3) sub     gp, gp, sp
core   0: 3 0x0000000080002370 (0x402181b3) x3  0x0000000080006010
core   0: 0x0000000080002374 (0x00100113) li      sp, 1
core   0: 3 0x0000000080002374 (0x00100113) x2  0x0000000000000001
core   0: 0x0000000080002378 (0x00c11113) slli    sp, sp, 12
core   0: 3 0x0000000080002378 (0x00c11113) x2  0x0000000000001000
core   0: 0x000000008000237c (0x002181b3) add     gp, gp, sp
core   0: 3 0x000000008000237c (0x002181b3) x3  0x0000000080007010
core   0: 0x0000000080002380 (0x95c1ae07) flw     ft8, -1700(gp)
core   0: 3 0x0000000080002380 (0x95c1ae07) f28 0xffffffffffff0000 mem 0x000000008000696c
core   0: 0x0000000080002384 (0x402181b3) sub     gp, gp, sp
core   0: 3 0x0000000080002384 (0x402181b3) x3  0x0000000080006010
core   0: 0x0000000080002388 (0x00000113) li      sp, 0
core   0: 3 0x0000000080002388 (0x00000113) x2  0x0000000000000000
core   0: 0x000000008000238c (0x00311073) csrw    fcsr, sp
core   0: 3 0x000000008000238c (0x00311073) c1_fflags 0x0000000000000000 c2_frm 0x0000000000000000
core   0: 0x0000000080002390 (0xe5df7fcf) fnmadd.h ft11, ft10, ft9, ft8
core   0: 3 0x0000000080002390 (0xe5df7fcf) f31 0xffffffffffff7e00
core   0: 0x0000000080002394 (0x00302273) csrr    tp, fcsr
core   0: 3 0x0000000080002394 (0x00302273) x4  0x0000000000000000
core   0: 0x0000000080002398 (0x47f0a827) fsw     ft11, 1136(ra)
core   0: 3 0x0000000080002398 (0x47f0a827) mem 0x0000000080009d88 0xffff7e00
core   0: 0x000000008000239c (0x4640bc23) sd      tp, 1144(ra)
core   0: 3 0x000000008000239c (0x4640bc23) mem 0x0000000080009d90 0x0000000000000000
core   0: >>>>  inst_200
core   0: 0x00000000800023a0 (0x00100113) li      sp, 1
core   0: 3 0x00000000800023a0 (0x00100113) x2  0x0000000000000001
core   0: 0x00000000800023a4 (0x00c11113) slli    sp, sp, 12
core   0: 3 0x00000000800023a4 (0x00c11113) x2  0x0000000000001000
core   0: 0x00000000800023a8 (0x002181b3) add     gp, gp, sp
core   0: 3 0x00000000800023a8 (0x002181b3) x3  0x0000000080007010
core   0: 0x00000000800023ac (0x9601af07) flw     ft10, -1696(gp)
core   0: 3 0x00000000800023ac (0x9601af07) f30 0xfffffffffbfffbff mem 0x0000000080006970
core   0: 0x00000000800023b0 (0x402181b3) sub     gp, gp, sp
core   0: 3 0x00000000800023b0 (0x402181b3) x3  0x0000000080006010
core   0: 0x00000000800023b4 (0x00100113) li      sp, 1
core   0: 3 0x00000000800023b4 (0x00100113) x2  0x0000000000000001
core   0: 0x00000000800023b8 (0x00c11113) slli    sp, sp, 12
core   0: 3 0x00000000800023b8 (0x00c11113) x2  0x0000000000001000
core   0: 0x00000000800023bc (0x002181b3) add     gp, gp, sp
core   0: 3 0x00000000800023bc (0x002181b3) x3  0x0000000080007010
core   0: 0x00000000800023c0 (0x9641ae87) flw     ft9, -1692(gp)
core   0: 3 0x00000000800023c0 (0x9641ae87) f29 0xffffffff00000000 mem 0x0000000080006974
core   0: 0x00000000800023c4 (0x402181b3) sub     gp, gp, sp
core   0: 3 0x00000000800023c4 (0x402181b3) x3  0x0000000080006010
core   0: 0x00000000800023c8 (0x00100113) li      sp, 1
core   0: 3 0x00000000800023c8 (0x00100113) x2  0x0000000000000001
core   0: 0x00000000800023cc (0x00c11113) slli    sp, sp, 12
core   0: 3 0x00000000800023cc (0x00c11113) x2  0x0000000000001000
core   0: 0x00000000800023d0 (0x002181b3) add     gp, gp, sp
core   0: 3 0x00000000800023d0 (0x002181b3) x3  0x0000000080007010
core   0: 0x00000000800023d4 (0x9681ae07) flw     ft8, -1688(gp)
core   0: 3 0x00000000800023d4 (0x9681ae07) f28 0xffffffffffff0000 mem 0x0000000080006978
core   0: 0x00000000800023d8 (0x402181b3) sub     gp, gp, sp
core   0: 3 0x00000000800023d8 (0x402181b3) x3  0x0000000080006010
core   0: 0x00000000800023dc (0x00000113) li      sp, 0
core   0: 3 0x00000000800023dc (0x00000113) x2  0x0000000000000000
core   0: 0x00000000800023e0 (0x00311073) csrw    fcsr, sp
core   0: 3 0x00000000800023e0 (0x00311073) c1_fflags 0x0000000000000000 c2_frm 0x0000000000000000
core   0: 0x00000000800023e4 (0xe5df7fcf) fnmadd.h ft11, ft10, ft9, ft8
core   0: 3 0x00000000800023e4 (0xe5df7fcf) f31 0xffffffffffff7e00
core   0: 0x00000000800023e8 (0x00302273) csrr    tp, fcsr
core   0: 3 0x00000000800023e8 (0x00302273) x4  0x0000000000000000
core   0: 0x00000000800023ec (0x49f0a027) fsw     ft11, 1152(ra)
core   0: 3 0x00000000800023ec (0x49f0a027) mem 0x0000000080009d98 0xffff7e00
core   0: 0x00000000800023f0 (0x4840b423) sd      tp, 1160(ra)
core   0: 3 0x00000000800023f0 (0x4840b423) mem 0x0000000080009da0 0x0000000000000000
core   0: >>>>  inst_201
core   0: 0x00000000800023f4 (0x00100113) li      sp, 1
core   0: 3 0x00000000800023f4 (0x00100113) x2  0x0000000000000001
core   0: 0x00000000800023f8 (0x00c11113) slli    sp, sp, 12
core   0: 3 0x00000000800023f8 (0x00c11113) x2  0x0000000000001000
core   0: 0x00000000800023fc (0x002181b3) add     gp, gp, sp
core   0: 3 0x00000000800023fc (0x002181b3) x3  0x0000000080007010
core   0: 0x0000000080002400 (0x96c1af07) flw     ft10, -1684(gp)
core   0: 3 0x0000000080002400 (0x96c1af07) f30 0xffffffff7a397a39 mem 0x000000008000697c
core   0: 0x0000000080002404 (0x402181b3) sub     gp, gp, sp
core   0: 3 0x0000000080002404 (0x402181b3) x3  0x0000000080006010
core   0: 0x0000000080002408 (0x00100113) li      sp, 1
core   0: 3 0x0000000080002408 (0x00100113) x2  0x0000000000000001
core   0: 0x000000008000240c (0x00c11113) slli    sp, sp, 12
core   0: 3 0x000000008000240c (0x00c11113) x2  0x0000000000001000
core   0: 0x0000000080002410 (0x002181b3) add     gp, gp, sp
core   0: 3 0x0000000080002410 (0x002181b3) x3  0x0000000080007010
core   0: 0x0000000080002414 (0x9701ae87) flw     ft9, -1680(gp)
core   0: 3 0x0000000080002414 (0x9701ae87) f29 0xffffffff00000000 mem 0x0000000080006980
core   0: 0x0000000080002418 (0x402181b3) sub     gp, gp, sp
core   0: 3 0x0000000080002418 (0x402181b3) x3  0x0000000080006010
core   0: 0x000000008000241c (0x00100113) li      sp, 1
core   0: 3 0x000000008000241c (0x00100113) x2  0x0000000000000001
core   0: 0x0000000080002420 (0x00c11113) slli    sp, sp, 12
core   0: 3 0x0000000080002420 (0x00c11113) x2  0x0000000000001000
core   0: 0x0000000080002424 (0x002181b3) add     gp, gp, sp
core   0: 3 0x0000000080002424 (0x002181b3) x3  0x0000000080007010
core   0: 0x0000000080002428 (0x9741ae07) flw     ft8, -1676(gp)
core   0: 3 0x0000000080002428 (0x9741ae07) f28 0xffffffffffff0000 mem 0x0000000080006984
core   0: 0x000000008000242c (0x402181b3) sub     gp, gp, sp
core   0: 3 0x000000008000242c (0x402181b3) x3  0x0000000080006010
core   0: 0x0000000080002430 (0x00000113) li      sp, 0
core   0: 3 0x0000000080002430 (0x00000113) x2  0x0000000000000000
core   0: 0x0000000080002434 (0x00311073) csrw    fcsr, sp
core   0: 3 0x0000000080002434 (0x00311073) c1_fflags 0x0000000000000000 c2_frm 0x0000000000000000
core   0: 0x0000000080002438 (0xe5df7fcf) fnmadd.h ft11, ft10, ft9, ft8
core   0: 3 0x0000000080002438 (0xe5df7fcf) f31 0xffffffffffff7e00
core   0: 0x000000008000243c (0x00302273) csrr    tp, fcsr
core   0: 3 0x000000008000243c (0x00302273) x4  0x0000000000000000
core   0: 0x0000000080002440 (0x49f0a827) fsw     ft11, 1168(ra)
core   0: 3 0x0000000080002440 (0x49f0a827) mem 0x0000000080009da8 0xffff7e00
core   0: 0x0000000080002444 (0x4840bc23) sd      tp, 1176(ra)
core   0: 3 0x0000000080002444 (0x4840bc23) mem 0x0000000080009db0 0x0000000000000000
core   0: >>>>  inst_202
core   0: 0x0000000080002448 (0x00100113) li      sp, 1
core   0: 3 0x0000000080002448 (0x00100113) x2  0x0000000000000001
core   0: 0x000000008000244c (0x00c11113) slli    sp, sp, 12
core   0: 3 0x000000008000244c (0x00c11113) x2  0x0000000000001000
core   0: 0x0000000080002450 (0x002181b3) add     gp, gp, sp
core   0: 3 0x0000000080002450 (0x002181b3) x3  0x0000000080007010
core   0: 0x0000000080002454 (0x9781af07) flw     ft10, -1672(gp)
core   0: 3 0x0000000080002454 (0x9781af07) f30 0xffffffff00000000 mem 0x0000000080006988
core   0: 0x0000000080002458 (0x402181b3) sub     gp, gp, sp
core   0: 3 0x0000000080002458 (0x402181b3) x3  0x0000000080006010
core   0: 0x000000008000245c (0x00100113) li      sp, 1
core   0: 3 0x000000008000245c (0x00100113) x2  0x0000000000000001
core   0: 0x0000000080002460 (0x00c11113) slli    sp, sp, 12
core   0: 3 0x0000000080002460 (0x00c11113) x2  0x0000000000001000
core   0: 0x0000000080002464 (0x002181b3) add     gp, gp, sp
core   0: 3 0x0000000080002464 (0x002181b3) x3  0x0000000080007010
core   0: 0x0000000080002468 (0x97c1ae87) flw     ft9, -1668(gp)
core   0: 3 0x0000000080002468 (0x97c1ae87) f29 0xffffffff00000000 mem 0x000000008000698c
core   0: 0x000000008000246c (0x402181b3) sub     gp, gp, sp
core   0: 3 0x000000008000246c (0x402181b3) x3  0x0000000080006010
core   0: 0x0000000080002470 (0x00100113) li      sp, 1
core   0: 3 0x0000000080002470 (0x00100113) x2  0x0000000000000001
core   0: 0x0000000080002474 (0x00c11113) slli    sp, sp, 12
core   0: 3 0x0000000080002474 (0x00c11113) x2  0x0000000000001000
core   0: 0x0000000080002478 (0x002181b3) add     gp, gp, sp
core   0: 3 0x0000000080002478 (0x002181b3) x3  0x0000000080007010
core   0: 0x000000008000247c (0x9801ae07) flw     ft8, -1664(gp)
core   0: 3 0x000000008000247c (0x9801ae07) f28 0xffffffffffff0000 mem 0x0000000080006990
core   0: 0x0000000080002480 (0x402181b3) sub     gp, gp, sp
core   0: 3 0x0000000080002480 (0x402181b3) x3  0x0000000080006010
core   0: 0x0000000080002484 (0x00000113) li      sp, 0
core   0: 3 0x0000000080002484 (0x00000113) x2  0x0000000000000000
core   0: 0x0000000080002488 (0x00311073) csrw    fcsr, sp
core   0: 3 0x0000000080002488 (0x00311073) c1_fflags 0x0000000000000000 c2_frm 0x0000000000000000
core   0: 0x000000008000248c (0xe5df7fcf) fnmadd.h ft11, ft10, ft9, ft8
core   0: 3 0x000000008000248c (0xe5df7fcf) f31 0xffffffffffff7e00
core   0: 0x0000000080002490 (0x00302273) csrr    tp, fcsr
core   0: 3 0x0000000080002490 (0x00302273) x4  0x0000000000000000
core   0: 0x0000000080002494 (0x4bf0a027) fsw     ft11, 1184(ra)
core   0: 3 0x0000000080002494 (0x4bf0a027) mem 0x0000000080009db8 0xffff7e00
core   0: 0x0000000080002498 (0x4a40b423) sd      tp, 1192(ra)
core   0: 3 0x0000000080002498 (0x4a40b423) mem 0x0000000080009dc0 0x0000000000000000
core   0: >>>>  inst_203
core   0: 0x000000008000249c (0x00100113) li      sp, 1
core   0: 3 0x000000008000249c (0x00100113) x2  0x0000000000000001
core   0: 0x00000000800024a0 (0x00c11113) slli    sp, sp, 12
core   0: 3 0x00000000800024a0 (0x00c11113) x2  0x0000000000001000
core   0: 0x00000000800024a4 (0x002181b3) add     gp, gp, sp
core   0: 3 0x00000000800024a4 (0x002181b3) x3  0x0000000080007010
core   0: 0x00000000800024a8 (0x9841af07) flw     ft10, -1660(gp)
core   0: 3 0x00000000800024a8 (0x9841af07) f30 0xfffffffffbfffbff mem 0x0000000080006994
core   0: 0x00000000800024ac (0x402181b3) sub     gp, gp, sp
core   0: 3 0x00000000800024ac (0x402181b3) x3  0x0000000080006010
core   0: 0x00000000800024b0 (0x00100113) li      sp, 1
core   0: 3 0x00000000800024b0 (0x00100113) x2  0x0000000000000001
core   0: 0x00000000800024b4 (0x00c11113) slli    sp, sp, 12
core   0: 3 0x00000000800024b4 (0x00c11113) x2  0x0000000000001000
core   0: 0x00000000800024b8 (0x002181b3) add     gp, gp, sp
core   0: 3 0x00000000800024b8 (0x002181b3) x3  0x0000000080007010
core   0: 0x00000000800024bc (0x9881ae87) flw     ft9, -1656(gp)
core   0: 3 0x00000000800024bc (0x9881ae87) f29 0xffffffff00000000 mem 0x0000000080006998
core   0: 0x00000000800024c0 (0x402181b3) sub     gp, gp, sp
core   0: 3 0x00000000800024c0 (0x402181b3) x3  0x0000000080006010
core   0: 0x00000000800024c4 (0x00100113) li      sp, 1
core   0: 3 0x00000000800024c4 (0x00100113) x2  0x0000000000000001
core   0: 0x00000000800024c8 (0x00c11113) slli    sp, sp, 12
core   0: 3 0x00000000800024c8 (0x00c11113) x2  0x0000000000001000
core   0: 0x00000000800024cc (0x002181b3) add     gp, gp, sp
core   0: 3 0x00000000800024cc (0x002181b3) x3  0x0000000080007010
core   0: 0x00000000800024d0 (0x98c1ae07) flw     ft8, -1652(gp)
core   0: 3 0x00000000800024d0 (0x98c1ae07) f28 0xffffffffffff0000 mem 0x000000008000699c
core   0: 0x00000000800024d4 (0x402181b3) sub     gp, gp, sp
core   0: 3 0x00000000800024d4 (0x402181b3) x3  0x0000000080006010
core   0: 0x00000000800024d8 (0x00000113) li      sp, 0
core   0: 3 0x00000000800024d8 (0x00000113) x2  0x0000000000000000
core   0: 0x00000000800024dc (0x00311073) csrw    fcsr, sp
core   0: 3 0x00000000800024dc (0x00311073) c1_fflags 0x0000000000000000 c2_frm 0x0000000000000000
core   0: 0x00000000800024e0 (0xe5df7fcf) fnmadd.h ft11, ft10, ft9, ft8
core   0: 3 0x00000000800024e0 (0xe5df7fcf) f31 0xffffffffffff7e00
core   0: 0x00000000800024e4 (0x00302273) csrr    tp, fcsr
core   0: 3 0x00000000800024e4 (0x00302273) x4  0x0000000000000000
core   0: 0x00000000800024e8 (0x4bf0a827) fsw     ft11, 1200(ra)
core   0: 3 0x00000000800024e8 (0x4bf0a827) mem 0x0000000080009dc8 0xffff7e00
core   0: 0x00000000800024ec (0x4a40bc23) sd      tp, 1208(ra)
core   0: 3 0x00000000800024ec (0x4a40bc23) mem 0x0000000080009dd0 0x0000000000000000
core   0: >>>>  inst_204
core   0: 0x00000000800024f0 (0x00100113) li      sp, 1
core   0: 3 0x00000000800024f0 (0x00100113) x2  0x0000000000000001
core   0: 0x00000000800024f4 (0x00c11113) slli    sp, sp, 12
core   0: 3 0x00000000800024f4 (0x00c11113) x2  0x0000000000001000
core   0: 0x00000000800024f8 (0x002181b3) add     gp, gp, sp
core   0: 3 0x00000000800024f8 (0x002181b3) x3  0x0000000080007010
core   0: 0x00000000800024fc (0x9901af07) flw     ft10, -1648(gp)
core   0: 3 0x00000000800024fc (0x9901af07) f30 0xffffffff782a782a mem 0x00000000800069a0
core   0: 0x0000000080002500 (0x402181b3) sub     gp, gp, sp
core   0: 3 0x0000000080002500 (0x402181b3) x3  0x0000000080006010
core   0: 0x0000000080002504 (0x00100113) li      sp, 1
core   0: 3 0x0000000080002504 (0x00100113) x2  0x0000000000000001
core   0: 0x0000000080002508 (0x00c11113) slli    sp, sp, 12
core   0: 3 0x0000000080002508 (0x00c11113) x2  0x0000000000001000
core   0: 0x000000008000250c (0x002181b3) add     gp, gp, sp
core   0: 3 0x000000008000250c (0x002181b3) x3  0x0000000080007010
core   0: 0x0000000080002510 (0x9941ae87) flw     ft9, -1644(gp)
core   0: 3 0x0000000080002510 (0x9941ae87) f29 0xffffffff00000000 mem 0x00000000800069a4
core   0: 0x0000000080002514 (0x402181b3) sub     gp, gp, sp
core   0: 3 0x0000000080002514 (0x402181b3) x3  0x0000000080006010
core   0: 0x0000000080002518 (0x00100113) li      sp, 1
core   0: 3 0x0000000080002518 (0x00100113) x2  0x0000000000000001
core   0: 0x000000008000251c (0x00c11113) slli    sp, sp, 12
core   0: 3 0x000000008000251c (0x00c11113) x2  0x0000000000001000
core   0: 0x0000000080002520 (0x002181b3) add     gp, gp, sp
core   0: 3 0x0000000080002520 (0x002181b3) x3  0x0000000080007010
core   0: 0x0000000080002524 (0x9981ae07) flw     ft8, -1640(gp)
core   0: 3 0x0000000080002524 (0x9981ae07) f28 0xffffffffffff0000 mem 0x00000000800069a8
core   0: 0x0000000080002528 (0x402181b3) sub     gp, gp, sp
core   0: 3 0x0000000080002528 (0x402181b3) x3  0x0000000080006010
core   0: 0x000000008000252c (0x00000113) li      sp, 0
core   0: 3 0x000000008000252c (0x00000113) x2  0x0000000000000000
core   0: 0x0000000080002530 (0x00311073) csrw    fcsr, sp
core   0: 3 0x0000000080002530 (0x00311073) c1_fflags 0x0000000000000000 c2_frm 0x0000000000000000
core   0: 0x0000000080002534 (0xe5df7fcf) fnmadd.h ft11, ft10, ft9, ft8
core   0: 3 0x0000000080002534 (0xe5df7fcf) f31 0xffffffffffff7e00
core   0: 0x0000000080002538 (0x00302273) csrr    tp, fcsr
core   0: 3 0x0000000080002538 (0x00302273) x4  0x0000000000000000
core   0: 0x000000008000253c (0x4df0a027) fsw     ft11, 1216(ra)
core   0: 3 0x000000008000253c (0x4df0a027) mem 0x0000000080009dd8 0xffff7e00
core   0: 0x0000000080002540 (0x4c40b423) sd      tp, 1224(ra)
core   0: 3 0x0000000080002540 (0x4c40b423) mem 0x0000000080009de0 0x0000000000000000
core   0: >>>>  inst_205
core   0: 0x0000000080002544 (0x00100113) li      sp, 1
core   0: 3 0x0000000080002544 (0x00100113) x2  0x0000000000000001
core   0: 0x0000000080002548 (0x00c11113) slli    sp, sp, 12
core   0: 3 0x0000000080002548 (0x00c11113) x2  0x0000000000001000
core   0: 0x000000008000254c (0x002181b3) add     gp, gp, sp
core   0: 3 0x000000008000254c (0x002181b3) x3  0x0000000080007010
core   0: 0x0000000080002550 (0x99c1af07) flw     ft10, -1636(gp)
core   0: 3 0x0000000080002550 (0x99c1af07) f30 0xffffffff00000000 mem 0x00000000800069ac
core   0: 0x0000000080002554 (0x402181b3) sub     gp, gp, sp
core   0: 3 0x0000000080002554 (0x402181b3) x3  0x0000000080006010
core   0: 0x0000000080002558 (0x00100113) li      sp, 1
core   0: 3 0x0000000080002558 (0x00100113) x2  0x0000000000000001
core   0: 0x000000008000255c (0x00c11113) slli    sp, sp, 12
core   0: 3 0x000000008000255c (0x00c11113) x2  0x0000000000001000
core   0: 0x0000000080002560 (0x002181b3) add     gp, gp, sp
core   0: 3 0x0000000080002560 (0x002181b3) x3  0x0000000080007010
core   0: 0x0000000080002564 (0x9a01ae87) flw     ft9, -1632(gp)
core   0: 3 0x0000000080002564 (0x9a01ae87) f29 0xffffffff00000000 mem 0x00000000800069b0
core   0: 0x0000000080002568 (0x402181b3) sub     gp, gp, sp
core   0: 3 0x0000000080002568 (0x402181b3) x3  0x0000000080006010
core   0: 0x000000008000256c (0x00100113) li      sp, 1
core   0: 3 0x000000008000256c (0x00100113) x2  0x0000000000000001
core   0: 0x0000000080002570 (0x00c11113) slli    sp, sp, 12
core   0: 3 0x0000000080002570 (0x00c11113) x2  0x0000000000001000
core   0: 0x0000000080002574 (0x002181b3) add     gp, gp, sp
core   0: 3 0x0000000080002574 (0x002181b3) x3  0x0000000080007010
core   0: 0x0000000080002578 (0x9a41ae07) flw     ft8, -1628(gp)
core   0: 3 0x0000000080002578 (0x9a41ae07) f28 0xffffffffffff0000 mem 0x00000000800069b4
core   0: 0x000000008000257c (0x402181b3) sub     gp, gp, sp
core   0: 3 0x000000008000257c (0x402181b3) x3  0x0000000080006010
core   0: 0x0000000080002580 (0x00000113) li      sp, 0
core   0: 3 0x0000000080002580 (0x00000113) x2  0x0000000000000000
core   0: 0x0000000080002584 (0x00311073) csrw    fcsr, sp
core   0: 3 0x0000000080002584 (0x00311073) c1_fflags 0x0000000000000000 c2_frm 0x0000000000000000
core   0: 0x0000000080002588 (0xe5df7fcf) fnmadd.h ft11, ft10, ft9, ft8
core   0: 3 0x0000000080002588 (0xe5df7fcf) f31 0xffffffffffff7e00
core   0: 0x000000008000258c (0x00302273) csrr    tp, fcsr
core   0: 3 0x000000008000258c (0x00302273) x4  0x0000000000000000
core   0: 0x0000000080002590 (0x4df0a827) fsw     ft11, 1232(ra)
core   0: 3 0x0000000080002590 (0x4df0a827) mem 0x0000000080009de8 0xffff7e00
core   0: 0x0000000080002594 (0x4c40bc23) sd      tp, 1240(ra)
core   0: 3 0x0000000080002594 (0x4c40bc23) mem 0x0000000080009df0 0x0000000000000000
core   0: >>>>  inst_206
core   0: 0x0000000080002598 (0x00100113) li      sp, 1
core   0: 3 0x0000000080002598 (0x00100113) x2  0x0000000000000001
core   0: 0x000000008000259c (0x00c11113) slli    sp, sp, 12
core   0: 3 0x000000008000259c (0x00c11113) x2  0x0000000000001000
core   0: 0x00000000800025a0 (0x002181b3) add     gp, gp, sp
core   0: 3 0x00000000800025a0 (0x002181b3) x3  0x0000000080007010
core   0: 0x00000000800025a4 (0x9a81af07) flw     ft10, -1624(gp)
core   0: 3 0x00000000800025a4 (0x9a81af07) f30 0xfffffffffbfffbff mem 0x00000000800069b8
core   0: 0x00000000800025a8 (0x402181b3) sub     gp, gp, sp
core   0: 3 0x00000000800025a8 (0x402181b3) x3  0x0000000080006010
core   0: 0x00000000800025ac (0x00100113) li      sp, 1
core   0: 3 0x00000000800025ac (0x00100113) x2  0x0000000000000001
core   0: 0x00000000800025b0 (0x00c11113) slli    sp, sp, 12
core   0: 3 0x00000000800025b0 (0x00c11113) x2  0x0000000000001000
core   0: 0x00000000800025b4 (0x002181b3) add     gp, gp, sp
core   0: 3 0x00000000800025b4 (0x002181b3) x3  0x0000000080007010
core   0: 0x00000000800025b8 (0x9ac1ae87) flw     ft9, -1620(gp)
core   0: 3 0x00000000800025b8 (0x9ac1ae87) f29 0xffffffff00000000 mem 0x00000000800069bc
core   0: 0x00000000800025bc (0x402181b3) sub     gp, gp, sp
core   0: 3 0x00000000800025bc (0x402181b3) x3  0x0000000080006010
core   0: 0x00000000800025c0 (0x00100113) li      sp, 1
core   0: 3 0x00000000800025c0 (0x00100113) x2  0x0000000000000001
core   0: 0x00000000800025c4 (0x00c11113) slli    sp, sp, 12
core   0: 3 0x00000000800025c4 (0x00c11113) x2  0x0000000000001000
core   0: 0x00000000800025c8 (0x002181b3) add     gp, gp, sp
core   0: 3 0x00000000800025c8 (0x002181b3) x3  0x0000000080007010
core   0: 0x00000000800025cc (0x9b01ae07) flw     ft8, -1616(gp)
core   0: 3 0x00000000800025cc (0x9b01ae07) f28 0xffffffffffff0000 mem 0x00000000800069c0
core   0: 0x00000000800025d0 (0x402181b3) sub     gp, gp, sp
core   0: 3 0x00000000800025d0 (0x402181b3) x3  0x0000000080006010
core   0: 0x00000000800025d4 (0x00000113) li      sp, 0
core   0: 3 0x00000000800025d4 (0x00000113) x2  0x0000000000000000
core   0: 0x00000000800025d8 (0x00311073) csrw    fcsr, sp
core   0: 3 0x00000000800025d8 (0x00311073) c1_fflags 0x0000000000000000 c2_frm 0x0000000000000000
core   0: 0x00000000800025dc (0xe5df7fcf) fnmadd.h ft11, ft10, ft9, ft8
core   0: 3 0x00000000800025dc (0xe5df7fcf) f31 0xffffffffffff7e00
core   0: 0x00000000800025e0 (0x00302273) csrr    tp, fcsr
core   0: 3 0x00000000800025e0 (0x00302273) x4  0x0000000000000000
core   0: 0x00000000800025e4 (0x4ff0a027) fsw     ft11, 1248(ra)
core   0: 3 0x00000000800025e4 (0x4ff0a027) mem 0x0000000080009df8 0xffff7e00
core   0: 0x00000000800025e8 (0x4e40b423) sd      tp, 1256(ra)
core   0: 3 0x00000000800025e8 (0x4e40b423) mem 0x0000000080009e00 0x0000000000000000
core   0: >>>>  inst_207
core   0: 0x00000000800025ec (0x00100113) li      sp, 1
core   0: 3 0x00000000800025ec (0x00100113) x2  0x0000000000000001
core   0: 0x00000000800025f0 (0x00c11113) slli    sp, sp, 12
core   0: 3 0x00000000800025f0 (0x00c11113) x2  0x0000000000001000
core   0: 0x00000000800025f4 (0x002181b3) add     gp, gp, sp
core   0: 3 0x00000000800025f4 (0x002181b3) x3  0x0000000080007010
core   0: 0x00000000800025f8 (0x9b41af07) flw     ft10, -1612(gp)
core   0: 3 0x00000000800025f8 (0x9b41af07) f30 0xffffffff764a764a mem 0x00000000800069c4
core   0: 0x00000000800025fc (0x402181b3) sub     gp, gp, sp
core   0: 3 0x00000000800025fc (0x402181b3) x3  0x0000000080006010
core   0: 0x0000000080002600 (0x00100113) li      sp, 1
core   0: 3 0x0000000080002600 (0x00100113) x2  0x0000000000000001
core   0: 0x0000000080002604 (0x00c11113) slli    sp, sp, 12
core   0: 3 0x0000000080002604 (0x00c11113) x2  0x0000000000001000
core   0: 0x0000000080002608 (0x002181b3) add     gp, gp, sp
core   0: 3 0x0000000080002608 (0x002181b3) x3  0x0000000080007010
core   0: 0x000000008000260c (0x9b81ae87) flw     ft9, -1608(gp)
core   0: 3 0x000000008000260c (0x9b81ae87) f29 0xffffffff00000000 mem 0x00000000800069c8
core   0: 0x0000000080002610 (0x402181b3) sub     gp, gp, sp
core   0: 3 0x0000000080002610 (0x402181b3) x3  0x0000000080006010
core   0: 0x0000000080002614 (0x00100113) li      sp, 1
core   0: 3 0x0000000080002614 (0x00100113) x2  0x0000000000000001
core   0: 0x0000000080002618 (0x00c11113) slli    sp, sp, 12
core   0: 3 0x0000000080002618 (0x00c11113) x2  0x0000000000001000
core   0: 0x000000008000261c (0x002181b3) add     gp, gp, sp
core   0: 3 0x000000008000261c (0x002181b3) x3  0x0000000080007010
core   0: 0x0000000080002620 (0x9bc1ae07) flw     ft8, -1604(gp)
core   0: 3 0x0000000080002620 (0x9bc1ae07) f28 0xffffffffffff0000 mem 0x00000000800069cc
core   0: 0x0000000080002624 (0x402181b3) sub     gp, gp, sp
core   0: 3 0x0000000080002624 (0x402181b3) x3  0x0000000080006010
core   0: 0x0000000080002628 (0x00000113) li      sp, 0
core   0: 3 0x0000000080002628 (0x00000113) x2  0x0000000000000000
core   0: 0x000000008000262c (0x00311073) csrw    fcsr, sp
core   0: 3 0x000000008000262c (0x00311073) c1_fflags 0x0000000000000000 c2_frm 0x0000000000000000
core   0: 0x0000000080002630 (0xe5df7fcf) fnmadd.h ft11, ft10, ft9, ft8
core   0: 3 0x0000000080002630 (0xe5df7fcf) f31 0xffffffffffff7e00
core   0: 0x0000000080002634 (0x00302273) csrr    tp, fcsr
core   0: 3 0x0000000080002634 (0x00302273) x4  0x0000000000000000
core   0: 0x0000000080002638 (0x4ff0a827) fsw     ft11, 1264(ra)
core   0: 3 0x0000000080002638 (0x4ff0a827) mem 0x0000000080009e08 0xffff7e00
core   0: 0x000000008000263c (0x4e40bc23) sd      tp, 1272(ra)
core   0: 3 0x000000008000263c (0x4e40bc23) mem 0x0000000080009e10 0x0000000000000000
core   0: >>>>  inst_208
core   0: 0x0000000080002640 (0x00100113) li      sp, 1
core   0: 3 0x0000000080002640 (0x00100113) x2  0x0000000000000001
core   0: 0x0000000080002644 (0x00c11113) slli    sp, sp, 12
core   0: 3 0x0000000080002644 (0x00c11113) x2  0x0000000000001000
core   0: 0x0000000080002648 (0x002181b3) add     gp, gp, sp
core   0: 3 0x0000000080002648 (0x002181b3) x3  0x0000000080007010
core   0: 0x000000008000264c (0x9c01af07) flw     ft10, -1600(gp)
core   0: 3 0x000000008000264c (0x9c01af07) f30 0xffffffff00000000 mem 0x00000000800069d0
core   0: 0x0000000080002650 (0x402181b3) sub     gp, gp, sp
core   0: 3 0x0000000080002650 (0x402181b3) x3  0x0000000080006010
core   0: 0x0000000080002654 (0x00100113) li      sp, 1
core   0: 3 0x0000000080002654 (0x00100113) x2  0x0000000000000001
core   0: 0x0000000080002658 (0x00c11113) slli    sp, sp, 12
core   0: 3 0x0000000080002658 (0x00c11113) x2  0x0000000000001000
core   0: 0x000000008000265c (0x002181b3) add     gp, gp, sp
core   0: 3 0x000000008000265c (0x002181b3) x3  0x0000000080007010
core   0: 0x0000000080002660 (0x9c41ae87) flw     ft9, -1596(gp)
core   0: 3 0x0000000080002660 (0x9c41ae87) f29 0xffffffff00000000 mem 0x00000000800069d4
core   0: 0x0000000080002664 (0x402181b3) sub     gp, gp, sp
core   0: 3 0x0000000080002664 (0x402181b3) x3  0x0000000080006010
core   0: 0x0000000080002668 (0x00100113) li      sp, 1
core   0: 3 0x0000000080002668 (0x00100113) x2  0x0000000000000001
core   0: 0x000000008000266c (0x00c11113) slli    sp, sp, 12
core   0: 3 0x000000008000266c (0x00c11113) x2  0x0000000000001000
core   0: 0x0000000080002670 (0x002181b3) add     gp, gp, sp
core   0: 3 0x0000000080002670 (0x002181b3) x3  0x0000000080007010
core   0: 0x0000000080002674 (0x9c81ae07) flw     ft8, -1592(gp)
core   0: 3 0x0000000080002674 (0x9c81ae07) f28 0xffffffffffff0000 mem 0x00000000800069d8
core   0: 0x0000000080002678 (0x402181b3) sub     gp, gp, sp
core   0: 3 0x0000000080002678 (0x402181b3) x3  0x0000000080006010
core   0: 0x000000008000267c (0x00000113) li      sp, 0
core   0: 3 0x000000008000267c (0x00000113) x2  0x0000000000000000
core   0: 0x0000000080002680 (0x00311073) csrw    fcsr, sp
core   0: 3 0x0000000080002680 (0x00311073) c1_fflags 0x0000000000000000 c2_frm 0x0000000000000000
core   0: 0x0000000080002684 (0xe5df7fcf) fnmadd.h ft11, ft10, ft9, ft8
core   0: 3 0x0000000080002684 (0xe5df7fcf) f31 0xffffffffffff7e00
core   0: 0x0000000080002688 (0x00302273) csrr    tp, fcsr
core   0: 3 0x0000000080002688 (0x00302273) x4  0x0000000000000000
core   0: 0x000000008000268c (0x51f0a027) fsw     ft11, 1280(ra)
core   0: 3 0x000000008000268c (0x51f0a027) mem 0x0000000080009e18 0xffff7e00
core   0: 0x0000000080002690 (0x5040b423) sd      tp, 1288(ra)
core   0: 3 0x0000000080002690 (0x5040b423) mem 0x0000000080009e20 0x0000000000000000
core   0: >>>>  inst_209
core   0: 0x0000000080002694 (0x00100113) li      sp, 1
core   0: 3 0x0000000080002694 (0x00100113) x2  0x0000000000000001
core   0: 0x0000000080002698 (0x00c11113) slli    sp, sp, 12
core   0: 3 0x0000000080002698 (0x00c11113) x2  0x0000000000001000
core   0: 0x000000008000269c (0x002181b3) add     gp, gp, sp
core   0: 3 0x000000008000269c (0x002181b3) x3  0x0000000080007010
core   0: 0x00000000800026a0 (0x9cc1af07) flw     ft10, -1588(gp)
core   0: 3 0x00000000800026a0 (0x9cc1af07) f30 0xfffffffffbfffbff mem 0x00000000800069dc
core   0: 0x00000000800026a4 (0x402181b3) sub     gp, gp, sp
core   0: 3 0x00000000800026a4 (0x402181b3) x3  0x0000000080006010
core   0: 0x00000000800026a8 (0x00100113) li      sp, 1
core   0: 3 0x00000000800026a8 (0x00100113) x2  0x0000000000000001
core   0: 0x00000000800026ac (0x00c11113) slli    sp, sp, 12
core   0: 3 0x00000000800026ac (0x00c11113) x2  0x0000000000001000
core   0: 0x00000000800026b0 (0x002181b3) add     gp, gp, sp
core   0: 3 0x00000000800026b0 (0x002181b3) x3  0x0000000080007010
core   0: 0x00000000800026b4 (0x9d01ae87) flw     ft9, -1584(gp)
core   0: 3 0x00000000800026b4 (0x9d01ae87) f29 0xffffffff00000000 mem 0x00000000800069e0
core   0: 0x00000000800026b8 (0x402181b3) sub     gp, gp, sp
core   0: 3 0x00000000800026b8 (0x402181b3) x3  0x0000000080006010
core   0: 0x00000000800026bc (0x00100113) li      sp, 1
core   0: 3 0x00000000800026bc (0x00100113) x2  0x0000000000000001
core   0: 0x00000000800026c0 (0x00c11113) slli    sp, sp, 12
core   0: 3 0x00000000800026c0 (0x00c11113) x2  0x0000000000001000
core   0: 0x00000000800026c4 (0x002181b3) add     gp, gp, sp
core   0: 3 0x00000000800026c4 (0x002181b3) x3  0x0000000080007010
core   0: 0x00000000800026c8 (0x9d41ae07) flw     ft8, -1580(gp)
core   0: 3 0x00000000800026c8 (0x9d41ae07) f28 0xffffffffffff0000 mem 0x00000000800069e4
core   0: 0x00000000800026cc (0x402181b3) sub     gp, gp, sp
core   0: 3 0x00000000800026cc (0x402181b3) x3  0x0000000080006010
core   0: 0x00000000800026d0 (0x00000113) li      sp, 0
core   0: 3 0x00000000800026d0 (0x00000113) x2  0x0000000000000000
core   0: 0x00000000800026d4 (0x00311073) csrw    fcsr, sp
core   0: 3 0x00000000800026d4 (0x00311073) c1_fflags 0x0000000000000000 c2_frm 0x0000000000000000
core   0: 0x00000000800026d8 (0xe5df7fcf) fnmadd.h ft11, ft10, ft9, ft8
core   0: 3 0x00000000800026d8 (0xe5df7fcf) f31 0xffffffffffff7e00
core   0: 0x00000000800026dc (0x00302273) csrr    tp, fcsr
core   0: 3 0x00000000800026dc (0x00302273) x4  0x0000000000000000
core   0: 0x00000000800026e0 (0x51f0a827) fsw     ft11, 1296(ra)
core   0: 3 0x00000000800026e0 (0x51f0a827) mem 0x0000000080009e28 0xffff7e00
core   0: 0x00000000800026e4 (0x5040bc23) sd      tp, 1304(ra)
core   0: 3 0x00000000800026e4 (0x5040bc23) mem 0x0000000080009e30 0x0000000000000000
core   0: >>>>  inst_210
core   0: 0x00000000800026e8 (0x00100113) li      sp, 1
core   0: 3 0x00000000800026e8 (0x00100113) x2  0x0000000000000001
core   0: 0x00000000800026ec (0x00c11113) slli    sp, sp, 12
core   0: 3 0x00000000800026ec (0x00c11113) x2  0x0000000000001000
core   0: 0x00000000800026f0 (0x002181b3) add     gp, gp, sp
core   0: 3 0x00000000800026f0 (0x002181b3) x3  0x0000000080007010
core   0: 0x00000000800026f4 (0x9d81af07) flw     ft10, -1576(gp)
core   0: 3 0x00000000800026f4 (0x9d81af07) f30 0xffffffff77d477d4 mem 0x00000000800069e8
core   0: 0x00000000800026f8 (0x402181b3) sub     gp, gp, sp
core   0: 3 0x00000000800026f8 (0x402181b3) x3  0x0000000080006010
core   0: 0x00000000800026fc (0x00100113) li      sp, 1
core   0: 3 0x00000000800026fc (0x00100113) x2  0x0000000000000001
core   0: 0x0000000080002700 (0x00c11113) slli    sp, sp, 12
core   0: 3 0x0000000080002700 (0x00c11113) x2  0x0000000000001000
core   0: 0x0000000080002704 (0x002181b3) add     gp, gp, sp
core   0: 3 0x0000000080002704 (0x002181b3) x3  0x0000000080007010
core   0: 0x0000000080002708 (0x9dc1ae87) flw     ft9, -1572(gp)
core   0: 3 0x0000000080002708 (0x9dc1ae87) f29 0xffffffff00000000 mem 0x00000000800069ec
core   0: 0x000000008000270c (0x402181b3) sub     gp, gp, sp
core   0: 3 0x000000008000270c (0x402181b3) x3  0x0000000080006010
core   0: 0x0000000080002710 (0x00100113) li      sp, 1
core   0: 3 0x0000000080002710 (0x00100113) x2  0x0000000000000001
core   0: 0x0000000080002714 (0x00c11113) slli    sp, sp, 12
core   0: 3 0x0000000080002714 (0x00c11113) x2  0x0000000000001000
core   0: 0x0000000080002718 (0x002181b3) add     gp, gp, sp
core   0: 3 0x0000000080002718 (0x002181b3) x3  0x0000000080007010
core   0: 0x000000008000271c (0x9e01ae07) flw     ft8, -1568(gp)
core   0: 3 0x000000008000271c (0x9e01ae07) f28 0xffffffffffff0000 mem 0x00000000800069f0
core   0: 0x0000000080002720 (0x402181b3) sub     gp, gp, sp
core   0: 3 0x0000000080002720 (0x402181b3) x3  0x0000000080006010
core   0: 0x0000000080002724 (0x00000113) li      sp, 0
core   0: 3 0x0000000080002724 (0x00000113) x2  0x0000000000000000
core   0: 0x0000000080002728 (0x00311073) csrw    fcsr, sp
core   0: 3 0x0000000080002728 (0x00311073) c1_fflags 0x0000000000000000 c2_frm 0x0000000000000000
core   0: 0x000000008000272c (0xe5df7fcf) fnmadd.h ft11, ft10, ft9, ft8
core   0: 3 0x000000008000272c (0xe5df7fcf) f31 0xffffffffffff7e00
core   0: 0x0000000080002730 (0x00302273) csrr    tp, fcsr
core   0: 3 0x0000000080002730 (0x00302273) x4  0x0000000000000000
core   0: 0x0000000080002734 (0x53f0a027) fsw     ft11, 1312(ra)
core   0: 3 0x0000000080002734 (0x53f0a027) mem 0x0000000080009e38 0xffff7e00
core   0: 0x0000000080002738 (0x5240b423) sd      tp, 1320(ra)
core   0: 3 0x0000000080002738 (0x5240b423) mem 0x0000000080009e40 0x0000000000000000
core   0: >>>>  inst_211
core   0: 0x000000008000273c (0x00100113) li      sp, 1
core   0: 3 0x000000008000273c (0x00100113) x2  0x0000000000000001
core   0: 0x0000000080002740 (0x00c11113) slli    sp, sp, 12
core   0: 3 0x0000000080002740 (0x00c11113) x2  0x0000000000001000
core   0: 0x0000000080002744 (0x002181b3) add     gp, gp, sp
core   0: 3 0x0000000080002744 (0x002181b3) x3  0x0000000080007010
core   0: 0x0000000080002748 (0x9e41af07) flw     ft10, -1564(gp)
core   0: 3 0x0000000080002748 (0x9e41af07) f30 0xffffffff00000000 mem 0x00000000800069f4
core   0: 0x000000008000274c (0x402181b3) sub     gp, gp, sp
core   0: 3 0x000000008000274c (0x402181b3) x3  0x0000000080006010
core   0: 0x0000000080002750 (0x00100113) li      sp, 1
core   0: 3 0x0000000080002750 (0x00100113) x2  0x0000000000000001
core   0: 0x0000000080002754 (0x00c11113) slli    sp, sp, 12
core   0: 3 0x0000000080002754 (0x00c11113) x2  0x0000000000001000
core   0: 0x0000000080002758 (0x002181b3) add     gp, gp, sp
core   0: 3 0x0000000080002758 (0x002181b3) x3  0x0000000080007010
core   0: 0x000000008000275c (0x9e81ae87) flw     ft9, -1560(gp)
core   0: 3 0x000000008000275c (0x9e81ae87) f29 0xffffffff00000000 mem 0x00000000800069f8
core   0: 0x0000000080002760 (0x402181b3) sub     gp, gp, sp
core   0: 3 0x0000000080002760 (0x402181b3) x3  0x0000000080006010
core   0: 0x0000000080002764 (0x00100113) li      sp, 1
core   0: 3 0x0000000080002764 (0x00100113) x2  0x0000000000000001
core   0: 0x0000000080002768 (0x00c11113) slli    sp, sp, 12
core   0: 3 0x0000000080002768 (0x00c11113) x2  0x0000000000001000
core   0: 0x000000008000276c (0x002181b3) add     gp, gp, sp
core   0: 3 0x000000008000276c (0x002181b3) x3  0x0000000080007010
core   0: 0x0000000080002770 (0x9ec1ae07) flw     ft8, -1556(gp)
core   0: 3 0x0000000080002770 (0x9ec1ae07) f28 0xffffffffffff0000 mem 0x00000000800069fc
core   0: 0x0000000080002774 (0x402181b3) sub     gp, gp, sp
core   0: 3 0x0000000080002774 (0x402181b3) x3  0x0000000080006010
core   0: 0x0000000080002778 (0x00000113) li      sp, 0
core   0: 3 0x0000000080002778 (0x00000113) x2  0x0000000000000000
core   0: 0x000000008000277c (0x00311073) csrw    fcsr, sp
core   0: 3 0x000000008000277c (0x00311073) c1_fflags 0x0000000000000000 c2_frm 0x0000000000000000
core   0: 0x0000000080002780 (0xe5df7fcf) fnmadd.h ft11, ft10, ft9, ft8
core   0: 3 0x0000000080002780 (0xe5df7fcf) f31 0xffffffffffff7e00
core   0: 0x0000000080002784 (0x00302273) csrr    tp, fcsr
core   0: 3 0x0000000080002784 (0x00302273) x4  0x0000000000000000
core   0: 0x0000000080002788 (0x53f0a827) fsw     ft11, 1328(ra)
core   0: 3 0x0000000080002788 (0x53f0a827) mem 0x0000000080009e48 0xffff7e00
core   0: 0x000000008000278c (0x5240bc23) sd      tp, 1336(ra)
core   0: 3 0x000000008000278c (0x5240bc23) mem 0x0000000080009e50 0x0000000000000000
core   0: >>>>  inst_212
core   0: 0x0000000080002790 (0x00100113) li      sp, 1
core   0: 3 0x0000000080002790 (0x00100113) x2  0x0000000000000001
core   0: 0x0000000080002794 (0x00c11113) slli    sp, sp, 12
core   0: 3 0x0000000080002794 (0x00c11113) x2  0x0000000000001000
core   0: 0x0000000080002798 (0x002181b3) add     gp, gp, sp
core   0: 3 0x0000000080002798 (0x002181b3) x3  0x0000000080007010
core   0: 0x000000008000279c (0x9f01af07) flw     ft10, -1552(gp)
core   0: 3 0x000000008000279c (0x9f01af07) f30 0xfffffffffbfffbff mem 0x0000000080006a00
core   0: 0x00000000800027a0 (0x402181b3) sub     gp, gp, sp
core   0: 3 0x00000000800027a0 (0x402181b3) x3  0x0000000080006010
core   0: 0x00000000800027a4 (0x00100113) li      sp, 1
core   0: 3 0x00000000800027a4 (0x00100113) x2  0x0000000000000001
core   0: 0x00000000800027a8 (0x00c11113) slli    sp, sp, 12
core   0: 3 0x00000000800027a8 (0x00c11113) x2  0x0000000000001000
core   0: 0x00000000800027ac (0x002181b3) add     gp, gp, sp
core   0: 3 0x00000000800027ac (0x002181b3) x3  0x0000000080007010
core   0: 0x00000000800027b0 (0x9f41ae87) flw     ft9, -1548(gp)
core   0: 3 0x00000000800027b0 (0x9f41ae87) f29 0xffffffff00000000 mem 0x0000000080006a04
core   0: 0x00000000800027b4 (0x402181b3) sub     gp, gp, sp
core   0: 3 0x00000000800027b4 (0x402181b3) x3  0x0000000080006010
core   0: 0x00000000800027b8 (0x00100113) li      sp, 1
core   0: 3 0x00000000800027b8 (0x00100113) x2  0x0000000000000001
core   0: 0x00000000800027bc (0x00c11113) slli    sp, sp, 12
core   0: 3 0x00000000800027bc (0x00c11113) x2  0x0000000000001000
core   0: 0x00000000800027c0 (0x002181b3) add     gp, gp, sp
core   0: 3 0x00000000800027c0 (0x002181b3) x3  0x0000000080007010
core   0: 0x00000000800027c4 (0x9f81ae07) flw     ft8, -1544(gp)
core   0: 3 0x00000000800027c4 (0x9f81ae07) f28 0xffffffffffff0000 mem 0x0000000080006a08
core   0: 0x00000000800027c8 (0x402181b3) sub     gp, gp, sp
core   0: 3 0x00000000800027c8 (0x402181b3) x3  0x0000000080006010
core   0: 0x00000000800027cc (0x00000113) li      sp, 0
core   0: 3 0x00000000800027cc (0x00000113) x2  0x0000000000000000
core   0: 0x00000000800027d0 (0x00311073) csrw    fcsr, sp
core   0: 3 0x00000000800027d0 (0x00311073) c1_fflags 0x0000000000000000 c2_frm 0x0000000000000000
core   0: 0x00000000800027d4 (0xe5df7fcf) fnmadd.h ft11, ft10, ft9, ft8
core   0: 3 0x00000000800027d4 (0xe5df7fcf) f31 0xffffffffffff7e00
core   0: 0x00000000800027d8 (0x00302273) csrr    tp, fcsr
core   0: 3 0x00000000800027d8 (0x00302273) x4  0x0000000000000000
core   0: 0x00000000800027dc (0x55f0a027) fsw     ft11, 1344(ra)
core   0: 3 0x00000000800027dc (0x55f0a027) mem 0x0000000080009e58 0xffff7e00
core   0: 0x00000000800027e0 (0x5440b423) sd      tp, 1352(ra)
core   0: 3 0x00000000800027e0 (0x5440b423) mem 0x0000000080009e60 0x0000000000000000
core   0: >>>>  inst_213
core   0: 0x00000000800027e4 (0x00100113) li      sp, 1
core   0: 3 0x00000000800027e4 (0x00100113) x2  0x0000000000000001
core   0: 0x00000000800027e8 (0x00c11113) slli    sp, sp, 12
core   0: 3 0x00000000800027e8 (0x00c11113) x2  0x0000000000001000
core   0: 0x00000000800027ec (0x002181b3) add     gp, gp, sp
core   0: 3 0x00000000800027ec (0x002181b3) x3  0x0000000080007010
core   0: 0x00000000800027f0 (0x9fc1af07) flw     ft10, -1540(gp)
core   0: 3 0x00000000800027f0 (0x9fc1af07) f30 0xffffffff67926792 mem 0x0000000080006a0c
core   0: 0x00000000800027f4 (0x402181b3) sub     gp, gp, sp
core   0: 3 0x00000000800027f4 (0x402181b3) x3  0x0000000080006010
core   0: 0x00000000800027f8 (0x00100113) li      sp, 1
core   0: 3 0x00000000800027f8 (0x00100113) x2  0x0000000000000001
core   0: 0x00000000800027fc (0x00c11113) slli    sp, sp, 12
core   0: 3 0x00000000800027fc (0x00c11113) x2  0x0000000000001000
core   0: 0x0000000080002800 (0x002181b3) add     gp, gp, sp
core   0: 3 0x0000000080002800 (0x002181b3) x3  0x0000000080007010
core   0: 0x0000000080002804 (0xa001ae87) flw     ft9, -1536(gp)
core   0: 3 0x0000000080002804 (0xa001ae87) f29 0xffffffff00000000 mem 0x0000000080006a10
core   0: 0x0000000080002808 (0x402181b3) sub     gp, gp, sp
core   0: 3 0x0000000080002808 (0x402181b3) x3  0x0000000080006010
core   0: 0x000000008000280c (0x00100113) li      sp, 1
core   0: 3 0x000000008000280c (0x00100113) x2  0x0000000000000001
core   0: 0x0000000080002810 (0x00c11113) slli    sp, sp, 12
core   0: 3 0x0000000080002810 (0x00c11113) x2  0x0000000000001000
core   0: 0x0000000080002814 (0x002181b3) add     gp, gp, sp
core   0: 3 0x0000000080002814 (0x002181b3) x3  0x0000000080007010
core   0: 0x0000000080002818 (0xa041ae07) flw     ft8, -1532(gp)
core   0: 3 0x0000000080002818 (0xa041ae07) f28 0xffffffffffff0000 mem 0x0000000080006a14
core   0: 0x000000008000281c (0x402181b3) sub     gp, gp, sp
core   0: 3 0x000000008000281c (0x402181b3) x3  0x0000000080006010
core   0: 0x0000000080002820 (0x00000113) li      sp, 0
core   0: 3 0x0000000080002820 (0x00000113) x2  0x0000000000000000
core   0: 0x0000000080002824 (0x00311073) csrw    fcsr, sp
core   0: 3 0x0000000080002824 (0x00311073) c1_fflags 0x0000000000000000 c2_frm 0x0000000000000000
core   0: 0x0000000080002828 (0xe5df7fcf) fnmadd.h ft11, ft10, ft9, ft8
core   0: 3 0x0000000080002828 (0xe5df7fcf) f31 0xffffffffffff7e00
core   0: 0x000000008000282c (0x00302273) csrr    tp, fcsr
core   0: 3 0x000000008000282c (0x00302273) x4  0x0000000000000000
core   0: 0x0000000080002830 (0x55f0a827) fsw     ft11, 1360(ra)
core   0: 3 0x0000000080002830 (0x55f0a827) mem 0x0000000080009e68 0xffff7e00
core   0: 0x0000000080002834 (0x5440bc23) sd      tp, 1368(ra)
core   0: 3 0x0000000080002834 (0x5440bc23) mem 0x0000000080009e70 0x0000000000000000
core   0: >>>>  inst_214
core   0: 0x0000000080002838 (0x00100113) li      sp, 1
core   0: 3 0x0000000080002838 (0x00100113) x2  0x0000000000000001
core   0: 0x000000008000283c (0x00c11113) slli    sp, sp, 12
core   0: 3 0x000000008000283c (0x00c11113) x2  0x0000000000001000
core   0: 0x0000000080002840 (0x002181b3) add     gp, gp, sp
core   0: 3 0x0000000080002840 (0x002181b3) x3  0x0000000080007010
core   0: 0x0000000080002844 (0xa081af07) flw     ft10, -1528(gp)
core   0: 3 0x0000000080002844 (0xa081af07) f30 0xffffffff00000000 mem 0x0000000080006a18
core   0: 0x0000000080002848 (0x402181b3) sub     gp, gp, sp
core   0: 3 0x0000000080002848 (0x402181b3) x3  0x0000000080006010
core   0: 0x000000008000284c (0x00100113) li      sp, 1
core   0: 3 0x000000008000284c (0x00100113) x2  0x0000000000000001
core   0: 0x0000000080002850 (0x00c11113) slli    sp, sp, 12
core   0: 3 0x0000000080002850 (0x00c11113) x2  0x0000000000001000
core   0: 0x0000000080002854 (0x002181b3) add     gp, gp, sp
core   0: 3 0x0000000080002854 (0x002181b3) x3  0x0000000080007010
core   0: 0x0000000080002858 (0xa0c1ae87) flw     ft9, -1524(gp)
core   0: 3 0x0000000080002858 (0xa0c1ae87) f29 0xffffffff00000000 mem 0x0000000080006a1c
core   0: 0x000000008000285c (0x402181b3) sub     gp, gp, sp
core   0: 3 0x000000008000285c (0x402181b3) x3  0x0000000080006010
core   0: 0x0000000080002860 (0x00100113) li      sp, 1
core   0: 3 0x0000000080002860 (0x00100113) x2  0x0000000000000001
core   0: 0x0000000080002864 (0x00c11113) slli    sp, sp, 12
core   0: 3 0x0000000080002864 (0x00c11113) x2  0x0000000000001000
core   0: 0x0000000080002868 (0x002181b3) add     gp, gp, sp
core   0: 3 0x0000000080002868 (0x002181b3) x3  0x0000000080007010
core   0: 0x000000008000286c (0xa101ae07) flw     ft8, -1520(gp)
core   0: 3 0x000000008000286c (0xa101ae07) f28 0xffffffffffff0000 mem 0x0000000080006a20
core   0: 0x0000000080002870 (0x402181b3) sub     gp, gp, sp
core   0: 3 0x0000000080002870 (0x402181b3) x3  0x0000000080006010
core   0: 0x0000000080002874 (0x00000113) li      sp, 0
core   0: 3 0x0000000080002874 (0x00000113) x2  0x0000000000000000
core   0: 0x0000000080002878 (0x00311073) csrw    fcsr, sp
core   0: 3 0x0000000080002878 (0x00311073) c1_fflags 0x0000000000000000 c2_frm 0x0000000000000000
core   0: 0x000000008000287c (0xe5df7fcf) fnmadd.h ft11, ft10, ft9, ft8
core   0: 3 0x000000008000287c (0xe5df7fcf) f31 0xffffffffffff7e00
core   0: 0x0000000080002880 (0x00302273) csrr    tp, fcsr
core   0: 3 0x0000000080002880 (0x00302273) x4  0x0000000000000000
core   0: 0x0000000080002884 (0x57f0a027) fsw     ft11, 1376(ra)
core   0: 3 0x0000000080002884 (0x57f0a027) mem 0x0000000080009e78 0xffff7e00
core   0: 0x0000000080002888 (0x5640b423) sd      tp, 1384(ra)
core   0: 3 0x0000000080002888 (0x5640b423) mem 0x0000000080009e80 0x0000000000000000
core   0: >>>>  inst_215
core   0: 0x000000008000288c (0x00100113) li      sp, 1
core   0: 3 0x000000008000288c (0x00100113) x2  0x0000000000000001
core   0: 0x0000000080002890 (0x00c11113) slli    sp, sp, 12
core   0: 3 0x0000000080002890 (0x00c11113) x2  0x0000000000001000
core   0: 0x0000000080002894 (0x002181b3) add     gp, gp, sp
core   0: 3 0x0000000080002894 (0x002181b3) x3  0x0000000080007010
core   0: 0x0000000080002898 (0xa141af07) flw     ft10, -1516(gp)
core   0: 3 0x0000000080002898 (0xa141af07) f30 0xfffffffffbfffbff mem 0x0000000080006a24
core   0: 0x000000008000289c (0x402181b3) sub     gp, gp, sp
core   0: 3 0x000000008000289c (0x402181b3) x3  0x0000000080006010
core   0: 0x00000000800028a0 (0x00100113) li      sp, 1
core   0: 3 0x00000000800028a0 (0x00100113) x2  0x0000000000000001
core   0: 0x00000000800028a4 (0x00c11113) slli    sp, sp, 12
core   0: 3 0x00000000800028a4 (0x00c11113) x2  0x0000000000001000
core   0: 0x00000000800028a8 (0x002181b3) add     gp, gp, sp
core   0: 3 0x00000000800028a8 (0x002181b3) x3  0x0000000080007010
core   0: 0x00000000800028ac (0xa181ae87) flw     ft9, -1512(gp)
core   0: 3 0x00000000800028ac (0xa181ae87) f29 0xffffffff00000000 mem 0x0000000080006a28
core   0: 0x00000000800028b0 (0x402181b3) sub     gp, gp, sp
core   0: 3 0x00000000800028b0 (0x402181b3) x3  0x0000000080006010
core   0: 0x00000000800028b4 (0x00100113) li      sp, 1
core   0: 3 0x00000000800028b4 (0x00100113) x2  0x0000000000000001
core   0: 0x00000000800028b8 (0x00c11113) slli    sp, sp, 12
core   0: 3 0x00000000800028b8 (0x00c11113) x2  0x0000000000001000
core   0: 0x00000000800028bc (0x002181b3) add     gp, gp, sp
core   0: 3 0x00000000800028bc (0x002181b3) x3  0x0000000080007010
core   0: 0x00000000800028c0 (0xa1c1ae07) flw     ft8, -1508(gp)
core   0: 3 0x00000000800028c0 (0xa1c1ae07) f28 0xffffffffffff0000 mem 0x0000000080006a2c
core   0: 0x00000000800028c4 (0x402181b3) sub     gp, gp, sp
core   0: 3 0x00000000800028c4 (0x402181b3) x3  0x0000000080006010
core   0: 0x00000000800028c8 (0x00000113) li      sp, 0
core   0: 3 0x00000000800028c8 (0x00000113) x2  0x0000000000000000
core   0: 0x00000000800028cc (0x00311073) csrw    fcsr, sp
core   0: 3 0x00000000800028cc (0x00311073) c1_fflags 0x0000000000000000 c2_frm 0x0000000000000000
core   0: 0x00000000800028d0 (0xe5df7fcf) fnmadd.h ft11, ft10, ft9, ft8
core   0: 3 0x00000000800028d0 (0xe5df7fcf) f31 0xffffffffffff7e00
core   0: 0x00000000800028d4 (0x00302273) csrr    tp, fcsr
core   0: 3 0x00000000800028d4 (0x00302273) x4  0x0000000000000000
core   0: 0x00000000800028d8 (0x57f0a827) fsw     ft11, 1392(ra)
core   0: 3 0x00000000800028d8 (0x57f0a827) mem 0x0000000080009e88 0xffff7e00
core   0: 0x00000000800028dc (0x5640bc23) sd      tp, 1400(ra)
core   0: 3 0x00000000800028dc (0x5640bc23) mem 0x0000000080009e90 0x0000000000000000
core   0: >>>>  inst_216
core   0: 0x00000000800028e0 (0x00100113) li      sp, 1
core   0: 3 0x00000000800028e0 (0x00100113) x2  0x0000000000000001
core   0: 0x00000000800028e4 (0x00c11113) slli    sp, sp, 12
core   0: 3 0x00000000800028e4 (0x00c11113) x2  0x0000000000001000
core   0: 0x00000000800028e8 (0x002181b3) add     gp, gp, sp
core   0: 3 0x00000000800028e8 (0x002181b3) x3  0x0000000080007010
core   0: 0x00000000800028ec (0xa201af07) flw     ft10, -1504(gp)
core   0: 3 0x00000000800028ec (0xa201af07) f30 0xffffffff69906990 mem 0x0000000080006a30
core   0: 0x00000000800028f0 (0x402181b3) sub     gp, gp, sp
core   0: 3 0x00000000800028f0 (0x402181b3) x3  0x0000000080006010
core   0: 0x00000000800028f4 (0x00100113) li      sp, 1
core   0: 3 0x00000000800028f4 (0x00100113) x2  0x0000000000000001
core   0: 0x00000000800028f8 (0x00c11113) slli    sp, sp, 12
core   0: 3 0x00000000800028f8 (0x00c11113) x2  0x0000000000001000
core   0: 0x00000000800028fc (0x002181b3) add     gp, gp, sp
core   0: 3 0x00000000800028fc (0x002181b3) x3  0x0000000080007010
core   0: 0x0000000080002900 (0xa241ae87) flw     ft9, -1500(gp)
core   0: 3 0x0000000080002900 (0xa241ae87) f29 0xffffffff00000000 mem 0x0000000080006a34
core   0: 0x0000000080002904 (0x402181b3) sub     gp, gp, sp
core   0: 3 0x0000000080002904 (0x402181b3) x3  0x0000000080006010
core   0: 0x0000000080002908 (0x00100113) li      sp, 1
core   0: 3 0x0000000080002908 (0x00100113) x2  0x0000000000000001
core   0: 0x000000008000290c (0x00c11113) slli    sp, sp, 12
core   0: 3 0x000000008000290c (0x00c11113) x2  0x0000000000001000
core   0: 0x0000000080002910 (0x002181b3) add     gp, gp, sp
core   0: 3 0x0000000080002910 (0x002181b3) x3  0x0000000080007010
core   0: 0x0000000080002914 (0xa281ae07) flw     ft8, -1496(gp)
core   0: 3 0x0000000080002914 (0xa281ae07) f28 0xffffffffffff0000 mem 0x0000000080006a38
core   0: 0x0000000080002918 (0x402181b3) sub     gp, gp, sp
core   0: 3 0x0000000080002918 (0x402181b3) x3  0x0000000080006010
core   0: 0x000000008000291c (0x00000113) li      sp, 0
core   0: 3 0x000000008000291c (0x00000113) x2  0x0000000000000000
core   0: 0x0000000080002920 (0x00311073) csrw    fcsr, sp
core   0: 3 0x0000000080002920 (0x00311073) c1_fflags 0x0000000000000000 c2_frm 0x0000000000000000
core   0: 0x0000000080002924 (0xe5df7fcf) fnmadd.h ft11, ft10, ft9, ft8
core   0: 3 0x0000000080002924 (0xe5df7fcf) f31 0xffffffffffff7e00
core   0: 0x0000000080002928 (0x00302273) csrr    tp, fcsr
core   0: 3 0x0000000080002928 (0x00302273) x4  0x0000000000000000
core   0: 0x000000008000292c (0x59f0a027) fsw     ft11, 1408(ra)
core   0: 3 0x000000008000292c (0x59f0a027) mem 0x0000000080009e98 0xffff7e00
core   0: 0x0000000080002930 (0x5840b423) sd      tp, 1416(ra)
core   0: 3 0x0000000080002930 (0x5840b423) mem 0x0000000080009ea0 0x0000000000000000
core   0: >>>>  inst_217
core   0: 0x0000000080002934 (0x00100113) li      sp, 1
core   0: 3 0x0000000080002934 (0x00100113) x2  0x0000000000000001
core   0: 0x0000000080002938 (0x00c11113) slli    sp, sp, 12
core   0: 3 0x0000000080002938 (0x00c11113) x2  0x0000000000001000
core   0: 0x000000008000293c (0x002181b3) add     gp, gp, sp
core   0: 3 0x000000008000293c (0x002181b3) x3  0x0000000080007010
core   0: 0x0000000080002940 (0xa2c1af07) flw     ft10, -1492(gp)
core   0: 3 0x0000000080002940 (0xa2c1af07) f30 0xffffffff00000000 mem 0x0000000080006a3c
core   0: 0x0000000080002944 (0x402181b3) sub     gp, gp, sp
core   0: 3 0x0000000080002944 (0x402181b3) x3  0x0000000080006010
core   0: 0x0000000080002948 (0x00100113) li      sp, 1
core   0: 3 0x0000000080002948 (0x00100113) x2  0x0000000000000001
core   0: 0x000000008000294c (0x00c11113) slli    sp, sp, 12
core   0: 3 0x000000008000294c (0x00c11113) x2  0x0000000000001000
core   0: 0x0000000080002950 (0x002181b3) add     gp, gp, sp
core   0: 3 0x0000000080002950 (0x002181b3) x3  0x0000000080007010
core   0: 0x0000000080002954 (0xa301ae87) flw     ft9, -1488(gp)
core   0: 3 0x0000000080002954 (0xa301ae87) f29 0xffffffff00000000 mem 0x0000000080006a40
core   0: 0x0000000080002958 (0x402181b3) sub     gp, gp, sp
core   0: 3 0x0000000080002958 (0x402181b3) x3  0x0000000080006010
core   0: 0x000000008000295c (0x00100113) li      sp, 1
core   0: 3 0x000000008000295c (0x00100113) x2  0x0000000000000001
core   0: 0x0000000080002960 (0x00c11113) slli    sp, sp, 12
core   0: 3 0x0000000080002960 (0x00c11113) x2  0x0000000000001000
core   0: 0x0000000080002964 (0x002181b3) add     gp, gp, sp
core   0: 3 0x0000000080002964 (0x002181b3) x3  0x0000000080007010
core   0: 0x0000000080002968 (0xa341ae07) flw     ft8, -1484(gp)
core   0: 3 0x0000000080002968 (0xa341ae07) f28 0xffffffffffff0000 mem 0x0000000080006a44
core   0: 0x000000008000296c (0x402181b3) sub     gp, gp, sp
core   0: 3 0x000000008000296c (0x402181b3) x3  0x0000000080006010
core   0: 0x0000000080002970 (0x00000113) li      sp, 0
core   0: 3 0x0000000080002970 (0x00000113) x2  0x0000000000000000
core   0: 0x0000000080002974 (0x00311073) csrw    fcsr, sp
core   0: 3 0x0000000080002974 (0x00311073) c1_fflags 0x0000000000000000 c2_frm 0x0000000000000000
core   0: 0x0000000080002978 (0xe5df7fcf) fnmadd.h ft11, ft10, ft9, ft8
core   0: 3 0x0000000080002978 (0xe5df7fcf) f31 0xffffffffffff7e00
core   0: 0x000000008000297c (0x00302273) csrr    tp, fcsr
core   0: 3 0x000000008000297c (0x00302273) x4  0x0000000000000000
core   0: 0x0000000080002980 (0x59f0a827) fsw     ft11, 1424(ra)
core   0: 3 0x0000000080002980 (0x59f0a827) mem 0x0000000080009ea8 0xffff7e00
core   0: 0x0000000080002984 (0x5840bc23) sd      tp, 1432(ra)
core   0: 3 0x0000000080002984 (0x5840bc23) mem 0x0000000080009eb0 0x0000000000000000
core   0: >>>>  inst_218
core   0: 0x0000000080002988 (0x00100113) li      sp, 1
core   0: 3 0x0000000080002988 (0x00100113) x2  0x0000000000000001
core   0: 0x000000008000298c (0x00c11113) slli    sp, sp, 12
core   0: 3 0x000000008000298c (0x00c11113) x2  0x0000000000001000
core   0: 0x0000000080002990 (0x002181b3) add     gp, gp, sp
core   0: 3 0x0000000080002990 (0x002181b3) x3  0x0000000080007010
core   0: 0x0000000080002994 (0xa381af07) flw     ft10, -1480(gp)
core   0: 3 0x0000000080002994 (0xa381af07) f30 0xfffffffffbfffbff mem 0x0000000080006a48
core   0: 0x0000000080002998 (0x402181b3) sub     gp, gp, sp
core   0: 3 0x0000000080002998 (0x402181b3) x3  0x0000000080006010
core   0: 0x000000008000299c (0x00100113) li      sp, 1
core   0: 3 0x000000008000299c (0x00100113) x2  0x0000000000000001
core   0: 0x00000000800029a0 (0x00c11113) slli    sp, sp, 12
core   0: 3 0x00000000800029a0 (0x00c11113) x2  0x0000000000001000
core   0: 0x00000000800029a4 (0x002181b3) add     gp, gp, sp
core   0: 3 0x00000000800029a4 (0x002181b3) x3  0x0000000080007010
core   0: 0x00000000800029a8 (0xa3c1ae87) flw     ft9, -1476(gp)
core   0: 3 0x00000000800029a8 (0xa3c1ae87) f29 0xffffffff00000000 mem 0x0000000080006a4c
core   0: 0x00000000800029ac (0x402181b3) sub     gp, gp, sp
core   0: 3 0x00000000800029ac (0x402181b3) x3  0x0000000080006010
core   0: 0x00000000800029b0 (0x00100113) li      sp, 1
core   0: 3 0x00000000800029b0 (0x00100113) x2  0x0000000000000001
core   0: 0x00000000800029b4 (0x00c11113) slli    sp, sp, 12
core   0: 3 0x00000000800029b4 (0x00c11113) x2  0x0000000000001000
core   0: 0x00000000800029b8 (0x002181b3) add     gp, gp, sp
core   0: 3 0x00000000800029b8 (0x002181b3) x3  0x0000000080007010
core   0: 0x00000000800029bc (0xa401ae07) flw     ft8, -1472(gp)
core   0: 3 0x00000000800029bc (0xa401ae07) f28 0xffffffffffff0000 mem 0x0000000080006a50
core   0: 0x00000000800029c0 (0x402181b3) sub     gp, gp, sp
core   0: 3 0x00000000800029c0 (0x402181b3) x3  0x0000000080006010
core   0: 0x00000000800029c4 (0x00000113) li      sp, 0
core   0: 3 0x00000000800029c4 (0x00000113) x2  0x0000000000000000
core   0: 0x00000000800029c8 (0x00311073) csrw    fcsr, sp
core   0: 3 0x00000000800029c8 (0x00311073) c1_fflags 0x0000000000000000 c2_frm 0x0000000000000000
core   0: 0x00000000800029cc (0xe5df7fcf) fnmadd.h ft11, ft10, ft9, ft8
core   0: 3 0x00000000800029cc (0xe5df7fcf) f31 0xffffffffffff7e00
core   0: 0x00000000800029d0 (0x00302273) csrr    tp, fcsr
core   0: 3 0x00000000800029d0 (0x00302273) x4  0x0000000000000000
core   0: 0x00000000800029d4 (0x5bf0a027) fsw     ft11, 1440(ra)
core   0: 3 0x00000000800029d4 (0x5bf0a027) mem 0x0000000080009eb8 0xffff7e00
core   0: 0x00000000800029d8 (0x5a40b423) sd      tp, 1448(ra)
core   0: 3 0x00000000800029d8 (0x5a40b423) mem 0x0000000080009ec0 0x0000000000000000
core   0: >>>>  inst_219
core   0: 0x00000000800029dc (0x00100113) li      sp, 1
core   0: 3 0x00000000800029dc (0x00100113) x2  0x0000000000000001
core   0: 0x00000000800029e0 (0x00c11113) slli    sp, sp, 12
core   0: 3 0x00000000800029e0 (0x00c11113) x2  0x0000000000001000
core   0: 0x00000000800029e4 (0x002181b3) add     gp, gp, sp
core   0: 3 0x00000000800029e4 (0x002181b3) x3  0x0000000080007010
core   0: 0x00000000800029e8 (0xa441af07) flw     ft10, -1468(gp)
core   0: 3 0x00000000800029e8 (0xa441af07) f30 0xffffffff799f799f mem 0x0000000080006a54
core   0: 0x00000000800029ec (0x402181b3) sub     gp, gp, sp
core   0: 3 0x00000000800029ec (0x402181b3) x3  0x0000000080006010
core   0: 0x00000000800029f0 (0x00100113) li      sp, 1
core   0: 3 0x00000000800029f0 (0x00100113) x2  0x0000000000000001
core   0: 0x00000000800029f4 (0x00c11113) slli    sp, sp, 12
core   0: 3 0x00000000800029f4 (0x00c11113) x2  0x0000000000001000
core   0: 0x00000000800029f8 (0x002181b3) add     gp, gp, sp
core   0: 3 0x00000000800029f8 (0x002181b3) x3  0x0000000080007010
core   0: 0x00000000800029fc (0xa481ae87) flw     ft9, -1464(gp)
core   0: 3 0x00000000800029fc (0xa481ae87) f29 0xffffffff00000000 mem 0x0000000080006a58
core   0: 0x0000000080002a00 (0x402181b3) sub     gp, gp, sp
core   0: 3 0x0000000080002a00 (0x402181b3) x3  0x0000000080006010
core   0: 0x0000000080002a04 (0x00100113) li      sp, 1
core   0: 3 0x0000000080002a04 (0x00100113) x2  0x0000000000000001
core   0: 0x0000000080002a08 (0x00c11113) slli    sp, sp, 12
core   0: 3 0x0000000080002a08 (0x00c11113) x2  0x0000000000001000
core   0: 0x0000000080002a0c (0x002181b3) add     gp, gp, sp
core   0: 3 0x0000000080002a0c (0x002181b3) x3  0x0000000080007010
core   0: 0x0000000080002a10 (0xa4c1ae07) flw     ft8, -1460(gp)
core   0: 3 0x0000000080002a10 (0xa4c1ae07) f28 0xffffffffffff0000 mem 0x0000000080006a5c
core   0: 0x0000000080002a14 (0x402181b3) sub     gp, gp, sp
core   0: 3 0x0000000080002a14 (0x402181b3) x3  0x0000000080006010
core   0: 0x0000000080002a18 (0x00000113) li      sp, 0
core   0: 3 0x0000000080002a18 (0x00000113) x2  0x0000000000000000
core   0: 0x0000000080002a1c (0x00311073) csrw    fcsr, sp
core   0: 3 0x0000000080002a1c (0x00311073) c1_fflags 0x0000000000000000 c2_frm 0x0000000000000000
core   0: 0x0000000080002a20 (0xe5df7fcf) fnmadd.h ft11, ft10, ft9, ft8
core   0: 3 0x0000000080002a20 (0xe5df7fcf) f31 0xffffffffffff7e00
core   0: 0x0000000080002a24 (0x00302273) csrr    tp, fcsr
core   0: 3 0x0000000080002a24 (0x00302273) x4  0x0000000000000000
core   0: 0x0000000080002a28 (0x5bf0a827) fsw     ft11, 1456(ra)
core   0: 3 0x0000000080002a28 (0x5bf0a827) mem 0x0000000080009ec8 0xffff7e00
core   0: 0x0000000080002a2c (0x5a40bc23) sd      tp, 1464(ra)
core   0: 3 0x0000000080002a2c (0x5a40bc23) mem 0x0000000080009ed0 0x0000000000000000
core   0: >>>>  inst_220
core   0: 0x0000000080002a30 (0x00100113) li      sp, 1
core   0: 3 0x0000000080002a30 (0x00100113) x2  0x0000000000000001
core   0: 0x0000000080002a34 (0x00c11113) slli    sp, sp, 12
core   0: 3 0x0000000080002a34 (0x00c11113) x2  0x0000000000001000
core   0: 0x0000000080002a38 (0x002181b3) add     gp, gp, sp
core   0: 3 0x0000000080002a38 (0x002181b3) x3  0x0000000080007010
core   0: 0x0000000080002a3c (0xa501af07) flw     ft10, -1456(gp)
core   0: 3 0x0000000080002a3c (0xa501af07) f30 0xffffffff00000000 mem 0x0000000080006a60
core   0: 0x0000000080002a40 (0x402181b3) sub     gp, gp, sp
core   0: 3 0x0000000080002a40 (0x402181b3) x3  0x0000000080006010
core   0: 0x0000000080002a44 (0x00100113) li      sp, 1
core   0: 3 0x0000000080002a44 (0x00100113) x2  0x0000000000000001
core   0: 0x0000000080002a48 (0x00c11113) slli    sp, sp, 12
core   0: 3 0x0000000080002a48 (0x00c11113) x2  0x0000000000001000
core   0: 0x0000000080002a4c (0x002181b3) add     gp, gp, sp
core   0: 3 0x0000000080002a4c (0x002181b3) x3  0x0000000080007010
core   0: 0x0000000080002a50 (0xa541ae87) flw     ft9, -1452(gp)
core   0: 3 0x0000000080002a50 (0xa541ae87) f29 0xffffffff00000000 mem 0x0000000080006a64
core   0: 0x0000000080002a54 (0x402181b3) sub     gp, gp, sp
core   0: 3 0x0000000080002a54 (0x402181b3) x3  0x0000000080006010
core   0: 0x0000000080002a58 (0x00100113) li      sp, 1
core   0: 3 0x0000000080002a58 (0x00100113) x2  0x0000000000000001
core   0: 0x0000000080002a5c (0x00c11113) slli    sp, sp, 12
core   0: 3 0x0000000080002a5c (0x00c11113) x2  0x0000000000001000
core   0: 0x0000000080002a60 (0x002181b3) add     gp, gp, sp
core   0: 3 0x0000000080002a60 (0x002181b3) x3  0x0000000080007010
core   0: 0x0000000080002a64 (0xa581ae07) flw     ft8, -1448(gp)
core   0: 3 0x0000000080002a64 (0xa581ae07) f28 0xffffffffffff0000 mem 0x0000000080006a68
core   0: 0x0000000080002a68 (0x402181b3) sub     gp, gp, sp
core   0: 3 0x0000000080002a68 (0x402181b3) x3  0x0000000080006010
core   0: 0x0000000080002a6c (0x00000113) li      sp, 0
core   0: 3 0x0000000080002a6c (0x00000113) x2  0x0000000000000000
core   0: 0x0000000080002a70 (0x00311073) csrw    fcsr, sp
core   0: 3 0x0000000080002a70 (0x00311073) c1_fflags 0x0000000000000000 c2_frm 0x0000000000000000
core   0: 0x0000000080002a74 (0xe5df7fcf) fnmadd.h ft11, ft10, ft9, ft8
core   0: 3 0x0000000080002a74 (0xe5df7fcf) f31 0xffffffffffff7e00
core   0: 0x0000000080002a78 (0x00302273) csrr    tp, fcsr
core   0: 3 0x0000000080002a78 (0x00302273) x4  0x0000000000000000
core   0: 0x0000000080002a7c (0x5df0a027) fsw     ft11, 1472(ra)
core   0: 3 0x0000000080002a7c (0x5df0a027) mem 0x0000000080009ed8 0xffff7e00
core   0: 0x0000000080002a80 (0x5c40b423) sd      tp, 1480(ra)
core   0: 3 0x0000000080002a80 (0x5c40b423) mem 0x0000000080009ee0 0x0000000000000000
core   0: >>>>  inst_221
core   0: 0x0000000080002a84 (0x00100113) li      sp, 1
core   0: 3 0x0000000080002a84 (0x00100113) x2  0x0000000000000001
core   0: 0x0000000080002a88 (0x00c11113) slli    sp, sp, 12
core   0: 3 0x0000000080002a88 (0x00c11113) x2  0x0000000000001000
core   0: 0x0000000080002a8c (0x002181b3) add     gp, gp, sp
core   0: 3 0x0000000080002a8c (0x002181b3) x3  0x0000000080007010
core   0: 0x0000000080002a90 (0xa5c1af07) flw     ft10, -1444(gp)
core   0: 3 0x0000000080002a90 (0xa5c1af07) f30 0xfffffffffbfffbff mem 0x0000000080006a6c
core   0: 0x0000000080002a94 (0x402181b3) sub     gp, gp, sp
core   0: 3 0x0000000080002a94 (0x402181b3) x3  0x0000000080006010
core   0: 0x0000000080002a98 (0x00100113) li      sp, 1
core   0: 3 0x0000000080002a98 (0x00100113) x2  0x0000000000000001
core   0: 0x0000000080002a9c (0x00c11113) slli    sp, sp, 12
core   0: 3 0x0000000080002a9c (0x00c11113) x2  0x0000000000001000
core   0: 0x0000000080002aa0 (0x002181b3) add     gp, gp, sp
core   0: 3 0x0000000080002aa0 (0x002181b3) x3  0x0000000080007010
core   0: 0x0000000080002aa4 (0xa601ae87) flw     ft9, -1440(gp)
core   0: 3 0x0000000080002aa4 (0xa601ae87) f29 0xffffffff00000000 mem 0x0000000080006a70
core   0: 0x0000000080002aa8 (0x402181b3) sub     gp, gp, sp
core   0: 3 0x0000000080002aa8 (0x402181b3) x3  0x0000000080006010
core   0: 0x0000000080002aac (0x00100113) li      sp, 1
core   0: 3 0x0000000080002aac (0x00100113) x2  0x0000000000000001
core   0: 0x0000000080002ab0 (0x00c11113) slli    sp, sp, 12
core   0: 3 0x0000000080002ab0 (0x00c11113) x2  0x0000000000001000
core   0: 0x0000000080002ab4 (0x002181b3) add     gp, gp, sp
core   0: 3 0x0000000080002ab4 (0x002181b3) x3  0x0000000080007010
core   0: 0x0000000080002ab8 (0xa641ae07) flw     ft8, -1436(gp)
core   0: 3 0x0000000080002ab8 (0xa641ae07) f28 0xffffffffffff0000 mem 0x0000000080006a74
core   0: 0x0000000080002abc (0x402181b3) sub     gp, gp, sp
core   0: 3 0x0000000080002abc (0x402181b3) x3  0x0000000080006010
core   0: 0x0000000080002ac0 (0x00000113) li      sp, 0
core   0: 3 0x0000000080002ac0 (0x00000113) x2  0x0000000000000000
core   0: 0x0000000080002ac4 (0x00311073) csrw    fcsr, sp
core   0: 3 0x0000000080002ac4 (0x00311073) c1_fflags 0x0000000000000000 c2_frm 0x0000000000000000
core   0: 0x0000000080002ac8 (0xe5df7fcf) fnmadd.h ft11, ft10, ft9, ft8
core   0: 3 0x0000000080002ac8 (0xe5df7fcf) f31 0xffffffffffff7e00
core   0: 0x0000000080002acc (0x00302273) csrr    tp, fcsr
core   0: 3 0x0000000080002acc (0x00302273) x4  0x0000000000000000
core   0: 0x0000000080002ad0 (0x5df0a827) fsw     ft11, 1488(ra)
core   0: 3 0x0000000080002ad0 (0x5df0a827) mem 0x0000000080009ee8 0xffff7e00
core   0: 0x0000000080002ad4 (0x5c40bc23) sd      tp, 1496(ra)
core   0: 3 0x0000000080002ad4 (0x5c40bc23) mem 0x0000000080009ef0 0x0000000000000000
core   0: >>>>  inst_222
core   0: 0x0000000080002ad8 (0x00100113) li      sp, 1
core   0: 3 0x0000000080002ad8 (0x00100113) x2  0x0000000000000001
core   0: 0x0000000080002adc (0x00c11113) slli    sp, sp, 12
core   0: 3 0x0000000080002adc (0x00c11113) x2  0x0000000000001000
core   0: 0x0000000080002ae0 (0x002181b3) add     gp, gp, sp
core   0: 3 0x0000000080002ae0 (0x002181b3) x3  0x0000000080007010
core   0: 0x0000000080002ae4 (0xa681af07) flw     ft10, -1432(gp)
core   0: 3 0x0000000080002ae4 (0xa681af07) f30 0xffffffff7bdc7bdc mem 0x0000000080006a78
core   0: 0x0000000080002ae8 (0x402181b3) sub     gp, gp, sp
core   0: 3 0x0000000080002ae8 (0x402181b3) x3  0x0000000080006010
core   0: 0x0000000080002aec (0x00100113) li      sp, 1
core   0: 3 0x0000000080002aec (0x00100113) x2  0x0000000000000001
core   0: 0x0000000080002af0 (0x00c11113) slli    sp, sp, 12
core   0: 3 0x0000000080002af0 (0x00c11113) x2  0x0000000000001000
core   0: 0x0000000080002af4 (0x002181b3) add     gp, gp, sp
core   0: 3 0x0000000080002af4 (0x002181b3) x3  0x0000000080007010
core   0: 0x0000000080002af8 (0xa6c1ae87) flw     ft9, -1428(gp)
core   0: 3 0x0000000080002af8 (0xa6c1ae87) f29 0xffffffff00000000 mem 0x0000000080006a7c
core   0: 0x0000000080002afc (0x402181b3) sub     gp, gp, sp
core   0: 3 0x0000000080002afc (0x402181b3) x3  0x0000000080006010
core   0: 0x0000000080002b00 (0x00100113) li      sp, 1
core   0: 3 0x0000000080002b00 (0x00100113) x2  0x0000000000000001
core   0: 0x0000000080002b04 (0x00c11113) slli    sp, sp, 12
core   0: 3 0x0000000080002b04 (0x00c11113) x2  0x0000000000001000
core   0: 0x0000000080002b08 (0x002181b3) add     gp, gp, sp
core   0: 3 0x0000000080002b08 (0x002181b3) x3  0x0000000080007010
core   0: 0x0000000080002b0c (0xa701ae07) flw     ft8, -1424(gp)
core   0: 3 0x0000000080002b0c (0xa701ae07) f28 0xffffffffffff0000 mem 0x0000000080006a80
core   0: 0x0000000080002b10 (0x402181b3) sub     gp, gp, sp
core   0: 3 0x0000000080002b10 (0x402181b3) x3  0x0000000080006010
core   0: 0x0000000080002b14 (0x00000113) li      sp, 0
core   0: 3 0x0000000080002b14 (0x00000113) x2  0x0000000000000000
core   0: 0x0000000080002b18 (0x00311073) csrw    fcsr, sp
core   0: 3 0x0000000080002b18 (0x00311073) c1_fflags 0x0000000000000000 c2_frm 0x0000000000000000
core   0: 0x0000000080002b1c (0xe5df7fcf) fnmadd.h ft11, ft10, ft9, ft8
core   0: 3 0x0000000080002b1c (0xe5df7fcf) f31 0xffffffffffff7e00
core   0: 0x0000000080002b20 (0x00302273) csrr    tp, fcsr
core   0: 3 0x0000000080002b20 (0x00302273) x4  0x0000000000000000
core   0: 0x0000000080002b24 (0x5ff0a027) fsw     ft11, 1504(ra)
core   0: 3 0x0000000080002b24 (0x5ff0a027) mem 0x0000000080009ef8 0xffff7e00
core   0: 0x0000000080002b28 (0x5e40b423) sd      tp, 1512(ra)
core   0: 3 0x0000000080002b28 (0x5e40b423) mem 0x0000000080009f00 0x0000000000000000
core   0: >>>>  inst_223
core   0: 0x0000000080002b2c (0x00100113) li      sp, 1
core   0: 3 0x0000000080002b2c (0x00100113) x2  0x0000000000000001
core   0: 0x0000000080002b30 (0x00c11113) slli    sp, sp, 12
core   0: 3 0x0000000080002b30 (0x00c11113) x2  0x0000000000001000
core   0: 0x0000000080002b34 (0x002181b3) add     gp, gp, sp
core   0: 3 0x0000000080002b34 (0x002181b3) x3  0x0000000080007010
core   0: 0x0000000080002b38 (0xa741af07) flw     ft10, -1420(gp)
core   0: 3 0x0000000080002b38 (0xa741af07) f30 0xffffffff00000000 mem 0x0000000080006a84
core   0: 0x0000000080002b3c (0x402181b3) sub     gp, gp, sp
core   0: 3 0x0000000080002b3c (0x402181b3) x3  0x0000000080006010
core   0: 0x0000000080002b40 (0x00100113) li      sp, 1
core   0: 3 0x0000000080002b40 (0x00100113) x2  0x0000000000000001
core   0: 0x0000000080002b44 (0x00c11113) slli    sp, sp, 12
core   0: 3 0x0000000080002b44 (0x00c11113) x2  0x0000000000001000
core   0: 0x0000000080002b48 (0x002181b3) add     gp, gp, sp
core   0: 3 0x0000000080002b48 (0x002181b3) x3  0x0000000080007010
core   0: 0x0000000080002b4c (0xa781ae87) flw     ft9, -1416(gp)
core   0: 3 0x0000000080002b4c (0xa781ae87) f29 0xffffffff00000000 mem 0x0000000080006a88
core   0: 0x0000000080002b50 (0x402181b3) sub     gp, gp, sp
core   0: 3 0x0000000080002b50 (0x402181b3) x3  0x0000000080006010
core   0: 0x0000000080002b54 (0x00100113) li      sp, 1
core   0: 3 0x0000000080002b54 (0x00100113) x2  0x0000000000000001
core   0: 0x0000000080002b58 (0x00c11113) slli    sp, sp, 12
core   0: 3 0x0000000080002b58 (0x00c11113) x2  0x0000000000001000
core   0: 0x0000000080002b5c (0x002181b3) add     gp, gp, sp
core   0: 3 0x0000000080002b5c (0x002181b3) x3  0x0000000080007010
core   0: 0x0000000080002b60 (0xa7c1ae07) flw     ft8, -1412(gp)
core   0: 3 0x0000000080002b60 (0xa7c1ae07) f28 0xffffffffffff0000 mem 0x0000000080006a8c
core   0: 0x0000000080002b64 (0x402181b3) sub     gp, gp, sp
core   0: 3 0x0000000080002b64 (0x402181b3) x3  0x0000000080006010
core   0: 0x0000000080002b68 (0x00000113) li      sp, 0
core   0: 3 0x0000000080002b68 (0x00000113) x2  0x0000000000000000
core   0: 0x0000000080002b6c (0x00311073) csrw    fcsr, sp
core   0: 3 0x0000000080002b6c (0x00311073) c1_fflags 0x0000000000000000 c2_frm 0x0000000000000000
core   0: 0x0000000080002b70 (0xe5df7fcf) fnmadd.h ft11, ft10, ft9, ft8
core   0: 3 0x0000000080002b70 (0xe5df7fcf) f31 0xffffffffffff7e00
core   0: 0x0000000080002b74 (0x00302273) csrr    tp, fcsr
core   0: 3 0x0000000080002b74 (0x00302273) x4  0x0000000000000000
core   0: 0x0000000080002b78 (0x5ff0a827) fsw     ft11, 1520(ra)
core   0: 3 0x0000000080002b78 (0x5ff0a827) mem 0x0000000080009f08 0xffff7e00
core   0: 0x0000000080002b7c (0x5e40bc23) sd      tp, 1528(ra)
core   0: 3 0x0000000080002b7c (0x5e40bc23) mem 0x0000000080009f10 0x0000000000000000
core   0: >>>>  inst_224
core   0: 0x0000000080002b80 (0x00100113) li      sp, 1
core   0: 3 0x0000000080002b80 (0x00100113) x2  0x0000000000000001
core   0: 0x0000000080002b84 (0x00c11113) slli    sp, sp, 12
core   0: 3 0x0000000080002b84 (0x00c11113) x2  0x0000000000001000
core   0: 0x0000000080002b88 (0x002181b3) add     gp, gp, sp
core   0: 3 0x0000000080002b88 (0x002181b3) x3  0x0000000080007010
core   0: 0x0000000080002b8c (0xa801af07) flw     ft10, -1408(gp)
core   0: 3 0x0000000080002b8c (0xa801af07) f30 0xfffffffffbfffbff mem 0x0000000080006a90
core   0: 0x0000000080002b90 (0x402181b3) sub     gp, gp, sp
core   0: 3 0x0000000080002b90 (0x402181b3) x3  0x0000000080006010
core   0: 0x0000000080002b94 (0x00100113) li      sp, 1
core   0: 3 0x0000000080002b94 (0x00100113) x2  0x0000000000000001
core   0: 0x0000000080002b98 (0x00c11113) slli    sp, sp, 12
core   0: 3 0x0000000080002b98 (0x00c11113) x2  0x0000000000001000
core   0: 0x0000000080002b9c (0x002181b3) add     gp, gp, sp
core   0: 3 0x0000000080002b9c (0x002181b3) x3  0x0000000080007010
core   0: 0x0000000080002ba0 (0xa841ae87) flw     ft9, -1404(gp)
core   0: 3 0x0000000080002ba0 (0xa841ae87) f29 0xffffffff00000000 mem 0x0000000080006a94
core   0: 0x0000000080002ba4 (0x402181b3) sub     gp, gp, sp
core   0: 3 0x0000000080002ba4 (0x402181b3) x3  0x0000000080006010
core   0: 0x0000000080002ba8 (0x00100113) li      sp, 1
core   0: 3 0x0000000080002ba8 (0x00100113) x2  0x0000000000000001
core   0: 0x0000000080002bac (0x00c11113) slli    sp, sp, 12
core   0: 3 0x0000000080002bac (0x00c11113) x2  0x0000000000001000
core   0: 0x0000000080002bb0 (0x002181b3) add     gp, gp, sp
core   0: 3 0x0000000080002bb0 (0x002181b3) x3  0x0000000080007010
core   0: 0x0000000080002bb4 (0xa881ae07) flw     ft8, -1400(gp)
core   0: 3 0x0000000080002bb4 (0xa881ae07) f28 0xffffffffffff0000 mem 0x0000000080006a98
core   0: 0x0000000080002bb8 (0x402181b3) sub     gp, gp, sp
core   0: 3 0x0000000080002bb8 (0x402181b3) x3  0x0000000080006010
core   0: 0x0000000080002bbc (0x00000113) li      sp, 0
core   0: 3 0x0000000080002bbc (0x00000113) x2  0x0000000000000000
core   0: 0x0000000080002bc0 (0x00311073) csrw    fcsr, sp
core   0: 3 0x0000000080002bc0 (0x00311073) c1_fflags 0x0000000000000000 c2_frm 0x0000000000000000
core   0: 0x0000000080002bc4 (0xe5df7fcf) fnmadd.h ft11, ft10, ft9, ft8
core   0: 3 0x0000000080002bc4 (0xe5df7fcf) f31 0xffffffffffff7e00
core   0: 0x0000000080002bc8 (0x00302273) csrr    tp, fcsr
core   0: 3 0x0000000080002bc8 (0x00302273) x4  0x0000000000000000
core   0: 0x0000000080002bcc (0x61f0a027) fsw     ft11, 1536(ra)
core   0: 3 0x0000000080002bcc (0x61f0a027) mem 0x0000000080009f18 0xffff7e00
core   0: 0x0000000080002bd0 (0x6040b423) sd      tp, 1544(ra)
core   0: 3 0x0000000080002bd0 (0x6040b423) mem 0x0000000080009f20 0x0000000000000000
core   0: >>>>  inst_225
core   0: 0x0000000080002bd4 (0x00100113) li      sp, 1
core   0: 3 0x0000000080002bd4 (0x00100113) x2  0x0000000000000001
core   0: 0x0000000080002bd8 (0x00c11113) slli    sp, sp, 12
core   0: 3 0x0000000080002bd8 (0x00c11113) x2  0x0000000000001000
core   0: 0x0000000080002bdc (0x002181b3) add     gp, gp, sp
core   0: 3 0x0000000080002bdc (0x002181b3) x3  0x0000000080007010
core   0: 0x0000000080002be0 (0xa8c1af07) flw     ft10, -1396(gp)
core   0: 3 0x0000000080002be0 (0xa8c1af07) f30 0xffffffff78be78be mem 0x0000000080006a9c
core   0: 0x0000000080002be4 (0x402181b3) sub     gp, gp, sp
core   0: 3 0x0000000080002be4 (0x402181b3) x3  0x0000000080006010
core   0: 0x0000000080002be8 (0x00100113) li      sp, 1
core   0: 3 0x0000000080002be8 (0x00100113) x2  0x0000000000000001
core   0: 0x0000000080002bec (0x00c11113) slli    sp, sp, 12
core   0: 3 0x0000000080002bec (0x00c11113) x2  0x0000000000001000
core   0: 0x0000000080002bf0 (0x002181b3) add     gp, gp, sp
core   0: 3 0x0000000080002bf0 (0x002181b3) x3  0x0000000080007010
core   0: 0x0000000080002bf4 (0xa901ae87) flw     ft9, -1392(gp)
core   0: 3 0x0000000080002bf4 (0xa901ae87) f29 0xffffffff00000000 mem 0x0000000080006aa0
core   0: 0x0000000080002bf8 (0x402181b3) sub     gp, gp, sp
core   0: 3 0x0000000080002bf8 (0x402181b3) x3  0x0000000080006010
core   0: 0x0000000080002bfc (0x00100113) li      sp, 1
core   0: 3 0x0000000080002bfc (0x00100113) x2  0x0000000000000001
core   0: 0x0000000080002c00 (0x00c11113) slli    sp, sp, 12
core   0: 3 0x0000000080002c00 (0x00c11113) x2  0x0000000000001000
core   0: 0x0000000080002c04 (0x002181b3) add     gp, gp, sp
core   0: 3 0x0000000080002c04 (0x002181b3) x3  0x0000000080007010
core   0: 0x0000000080002c08 (0xa941ae07) flw     ft8, -1388(gp)
core   0: 3 0x0000000080002c08 (0xa941ae07) f28 0xffffffffffff0000 mem 0x0000000080006aa4
core   0: 0x0000000080002c0c (0x402181b3) sub     gp, gp, sp
core   0: 3 0x0000000080002c0c (0x402181b3) x3  0x0000000080006010
core   0: 0x0000000080002c10 (0x00000113) li      sp, 0
core   0: 3 0x0000000080002c10 (0x00000113) x2  0x0000000000000000
core   0: 0x0000000080002c14 (0x00311073) csrw    fcsr, sp
core   0: 3 0x0000000080002c14 (0x00311073) c1_fflags 0x0000000000000000 c2_frm 0x0000000000000000
core   0: 0x0000000080002c18 (0xe5df7fcf) fnmadd.h ft11, ft10, ft9, ft8
core   0: 3 0x0000000080002c18 (0xe5df7fcf) f31 0xffffffffffff7e00
core   0: 0x0000000080002c1c (0x00302273) csrr    tp, fcsr
core   0: 3 0x0000000080002c1c (0x00302273) x4  0x0000000000000000
core   0: 0x0000000080002c20 (0x61f0a827) fsw     ft11, 1552(ra)
core   0: 3 0x0000000080002c20 (0x61f0a827) mem 0x0000000080009f28 0xffff7e00
core   0: 0x0000000080002c24 (0x6040bc23) sd      tp, 1560(ra)
core   0: 3 0x0000000080002c24 (0x6040bc23) mem 0x0000000080009f30 0x0000000000000000
core   0: >>>>  inst_226
core   0: 0x0000000080002c28 (0x00100113) li      sp, 1
core   0: 3 0x0000000080002c28 (0x00100113) x2  0x0000000000000001
core   0: 0x0000000080002c2c (0x00c11113) slli    sp, sp, 12
core   0: 3 0x0000000080002c2c (0x00c11113) x2  0x0000000000001000
core   0: 0x0000000080002c30 (0x002181b3) add     gp, gp, sp
core   0: 3 0x0000000080002c30 (0x002181b3) x3  0x0000000080007010
core   0: 0x0000000080002c34 (0xa981af07) flw     ft10, -1384(gp)
core   0: 3 0x0000000080002c34 (0xa981af07) f30 0xffffffff00000000 mem 0x0000000080006aa8
core   0: 0x0000000080002c38 (0x402181b3) sub     gp, gp, sp
core   0: 3 0x0000000080002c38 (0x402181b3) x3  0x0000000080006010
core   0: 0x0000000080002c3c (0x00100113) li      sp, 1
core   0: 3 0x0000000080002c3c (0x00100113) x2  0x0000000000000001
core   0: 0x0000000080002c40 (0x00c11113) slli    sp, sp, 12
core   0: 3 0x0000000080002c40 (0x00c11113) x2  0x0000000000001000
core   0: 0x0000000080002c44 (0x002181b3) add     gp, gp, sp
core   0: 3 0x0000000080002c44 (0x002181b3) x3  0x0000000080007010
core   0: 0x0000000080002c48 (0xa9c1ae87) flw     ft9, -1380(gp)
core   0: 3 0x0000000080002c48 (0xa9c1ae87) f29 0xffffffff00000000 mem 0x0000000080006aac
core   0: 0x0000000080002c4c (0x402181b3) sub     gp, gp, sp
core   0: 3 0x0000000080002c4c (0x402181b3) x3  0x0000000080006010
core   0: 0x0000000080002c50 (0x00100113) li      sp, 1
core   0: 3 0x0000000080002c50 (0x00100113) x2  0x0000000000000001
core   0: 0x0000000080002c54 (0x00c11113) slli    sp, sp, 12
core   0: 3 0x0000000080002c54 (0x00c11113) x2  0x0000000000001000
core   0: 0x0000000080002c58 (0x002181b3) add     gp, gp, sp
core   0: 3 0x0000000080002c58 (0x002181b3) x3  0x0000000080007010
core   0: 0x0000000080002c5c (0xaa01ae07) flw     ft8, -1376(gp)
core   0: 3 0x0000000080002c5c (0xaa01ae07) f28 0xffffffffffff0000 mem 0x0000000080006ab0
core   0: 0x0000000080002c60 (0x402181b3) sub     gp, gp, sp
core   0: 3 0x0000000080002c60 (0x402181b3) x3  0x0000000080006010
core   0: 0x0000000080002c64 (0x00000113) li      sp, 0
core   0: 3 0x0000000080002c64 (0x00000113) x2  0x0000000000000000
core   0: 0x0000000080002c68 (0x00311073) csrw    fcsr, sp
core   0: 3 0x0000000080002c68 (0x00311073) c1_fflags 0x0000000000000000 c2_frm 0x0000000000000000
core   0: 0x0000000080002c6c (0xe5df7fcf) fnmadd.h ft11, ft10, ft9, ft8
core   0: 3 0x0000000080002c6c (0xe5df7fcf) f31 0xffffffffffff7e00
core   0: 0x0000000080002c70 (0x00302273) csrr    tp, fcsr
core   0: 3 0x0000000080002c70 (0x00302273) x4  0x0000000000000000
core   0: 0x0000000080002c74 (0x63f0a027) fsw     ft11, 1568(ra)
core   0: 3 0x0000000080002c74 (0x63f0a027) mem 0x0000000080009f38 0xffff7e00
core   0: 0x0000000080002c78 (0x6240b423) sd      tp, 1576(ra)
core   0: 3 0x0000000080002c78 (0x6240b423) mem 0x0000000080009f40 0x0000000000000000
core   0: >>>>  inst_227
core   0: 0x0000000080002c7c (0x00100113) li      sp, 1
core   0: 3 0x0000000080002c7c (0x00100113) x2  0x0000000000000001
core   0: 0x0000000080002c80 (0x00c11113) slli    sp, sp, 12
core   0: 3 0x0000000080002c80 (0x00c11113) x2  0x0000000000001000
core   0: 0x0000000080002c84 (0x002181b3) add     gp, gp, sp
core   0: 3 0x0000000080002c84 (0x002181b3) x3  0x0000000080007010
core   0: 0x0000000080002c88 (0xaa41af07) flw     ft10, -1372(gp)
core   0: 3 0x0000000080002c88 (0xaa41af07) f30 0xfffffffffbfffbff mem 0x0000000080006ab4
core   0: 0x0000000080002c8c (0x402181b3) sub     gp, gp, sp
core   0: 3 0x0000000080002c8c (0x402181b3) x3  0x0000000080006010
core   0: 0x0000000080002c90 (0x00100113) li      sp, 1
core   0: 3 0x0000000080002c90 (0x00100113) x2  0x0000000000000001
core   0: 0x0000000080002c94 (0x00c11113) slli    sp, sp, 12
core   0: 3 0x0000000080002c94 (0x00c11113) x2  0x0000000000001000
core   0: 0x0000000080002c98 (0x002181b3) add     gp, gp, sp
core   0: 3 0x0000000080002c98 (0x002181b3) x3  0x0000000080007010
core   0: 0x0000000080002c9c (0xaa81ae87) flw     ft9, -1368(gp)
core   0: 3 0x0000000080002c9c (0xaa81ae87) f29 0xffffffff00000000 mem 0x0000000080006ab8
core   0: 0x0000000080002ca0 (0x402181b3) sub     gp, gp, sp
core   0: 3 0x0000000080002ca0 (0x402181b3) x3  0x0000000080006010
core   0: 0x0000000080002ca4 (0x00100113) li      sp, 1
core   0: 3 0x0000000080002ca4 (0x00100113) x2  0x0000000000000001
core   0: 0x0000000080002ca8 (0x00c11113) slli    sp, sp, 12
core   0: 3 0x0000000080002ca8 (0x00c11113) x2  0x0000000000001000
core   0: 0x0000000080002cac (0x002181b3) add     gp, gp, sp
core   0: 3 0x0000000080002cac (0x002181b3) x3  0x0000000080007010
core   0: 0x0000000080002cb0 (0xaac1ae07) flw     ft8, -1364(gp)
core   0: 3 0x0000000080002cb0 (0xaac1ae07) f28 0xffffffffffff0000 mem 0x0000000080006abc
core   0: 0x0000000080002cb4 (0x402181b3) sub     gp, gp, sp
core   0: 3 0x0000000080002cb4 (0x402181b3) x3  0x0000000080006010
core   0: 0x0000000080002cb8 (0x00000113) li      sp, 0
core   0: 3 0x0000000080002cb8 (0x00000113) x2  0x0000000000000000
core   0: 0x0000000080002cbc (0x00311073) csrw    fcsr, sp
core   0: 3 0x0000000080002cbc (0x00311073) c1_fflags 0x0000000000000000 c2_frm 0x0000000000000000
core   0: 0x0000000080002cc0 (0xe5df7fcf) fnmadd.h ft11, ft10, ft9, ft8
core   0: 3 0x0000000080002cc0 (0xe5df7fcf) f31 0xffffffffffff7e00
core   0: 0x0000000080002cc4 (0x00302273) csrr    tp, fcsr
core   0: 3 0x0000000080002cc4 (0x00302273) x4  0x0000000000000000
core   0: 0x0000000080002cc8 (0x63f0a827) fsw     ft11, 1584(ra)
core   0: 3 0x0000000080002cc8 (0x63f0a827) mem 0x0000000080009f48 0xffff7e00
core   0: 0x0000000080002ccc (0x6240bc23) sd      tp, 1592(ra)
core   0: 3 0x0000000080002ccc (0x6240bc23) mem 0x0000000080009f50 0x0000000000000000
core   0: >>>>  inst_228
core   0: 0x0000000080002cd0 (0x00100113) li      sp, 1
core   0: 3 0x0000000080002cd0 (0x00100113) x2  0x0000000000000001
core   0: 0x0000000080002cd4 (0x00c11113) slli    sp, sp, 12
core   0: 3 0x0000000080002cd4 (0x00c11113) x2  0x0000000000001000
core   0: 0x0000000080002cd8 (0x002181b3) add     gp, gp, sp
core   0: 3 0x0000000080002cd8 (0x002181b3) x3  0x0000000080007010
core   0: 0x0000000080002cdc (0xab01af07) flw     ft10, -1360(gp)
core   0: 3 0x0000000080002cdc (0xab01af07) f30 0xffffffff764b764b mem 0x0000000080006ac0
core   0: 0x0000000080002ce0 (0x402181b3) sub     gp, gp, sp
core   0: 3 0x0000000080002ce0 (0x402181b3) x3  0x0000000080006010
core   0: 0x0000000080002ce4 (0x00100113) li      sp, 1
core   0: 3 0x0000000080002ce4 (0x00100113) x2  0x0000000000000001
core   0: 0x0000000080002ce8 (0x00c11113) slli    sp, sp, 12
core   0: 3 0x0000000080002ce8 (0x00c11113) x2  0x0000000000001000
core   0: 0x0000000080002cec (0x002181b3) add     gp, gp, sp
core   0: 3 0x0000000080002cec (0x002181b3) x3  0x0000000080007010
core   0: 0x0000000080002cf0 (0xab41ae87) flw     ft9, -1356(gp)
core   0: 3 0x0000000080002cf0 (0xab41ae87) f29 0xffffffff00000000 mem 0x0000000080006ac4
core   0: 0x0000000080002cf4 (0x402181b3) sub     gp, gp, sp
core   0: 3 0x0000000080002cf4 (0x402181b3) x3  0x0000000080006010
core   0: 0x0000000080002cf8 (0x00100113) li      sp, 1
core   0: 3 0x0000000080002cf8 (0x00100113) x2  0x0000000000000001
core   0: 0x0000000080002cfc (0x00c11113) slli    sp, sp, 12
core   0: 3 0x0000000080002cfc (0x00c11113) x2  0x0000000000001000
core   0: 0x0000000080002d00 (0x002181b3) add     gp, gp, sp
core   0: 3 0x0000000080002d00 (0x002181b3) x3  0x0000000080007010
core   0: 0x0000000080002d04 (0xab81ae07) flw     ft8, -1352(gp)
core   0: 3 0x0000000080002d04 (0xab81ae07) f28 0xffffffffffff0000 mem 0x0000000080006ac8
core   0: 0x0000000080002d08 (0x402181b3) sub     gp, gp, sp
core   0: 3 0x0000000080002d08 (0x402181b3) x3  0x0000000080006010
core   0: 0x0000000080002d0c (0x00000113) li      sp, 0
core   0: 3 0x0000000080002d0c (0x00000113) x2  0x0000000000000000
core   0: 0x0000000080002d10 (0x00311073) csrw    fcsr, sp
core   0: 3 0x0000000080002d10 (0x00311073) c1_fflags 0x0000000000000000 c2_frm 0x0000000000000000
core   0: 0x0000000080002d14 (0xe5df7fcf) fnmadd.h ft11, ft10, ft9, ft8
core   0: 3 0x0000000080002d14 (0xe5df7fcf) f31 0xffffffffffff7e00
core   0: 0x0000000080002d18 (0x00302273) csrr    tp, fcsr
core   0: 3 0x0000000080002d18 (0x00302273) x4  0x0000000000000000
core   0: 0x0000000080002d1c (0x65f0a027) fsw     ft11, 1600(ra)
core   0: 3 0x0000000080002d1c (0x65f0a027) mem 0x0000000080009f58 0xffff7e00
core   0: 0x0000000080002d20 (0x6440b423) sd      tp, 1608(ra)
core   0: 3 0x0000000080002d20 (0x6440b423) mem 0x0000000080009f60 0x0000000000000000
core   0: >>>>  inst_229
core   0: 0x0000000080002d24 (0x00100113) li      sp, 1
core   0: 3 0x0000000080002d24 (0x00100113) x2  0x0000000000000001
core   0: 0x0000000080002d28 (0x00c11113) slli    sp, sp, 12
core   0: 3 0x0000000080002d28 (0x00c11113) x2  0x0000000000001000
core   0: 0x0000000080002d2c (0x002181b3) add     gp, gp, sp
core   0: 3 0x0000000080002d2c (0x002181b3) x3  0x0000000080007010
core   0: 0x0000000080002d30 (0xabc1af07) flw     ft10, -1348(gp)
core   0: 3 0x0000000080002d30 (0xabc1af07) f30 0xffffffff00000000 mem 0x0000000080006acc
core   0: 0x0000000080002d34 (0x402181b3) sub     gp, gp, sp
core   0: 3 0x0000000080002d34 (0x402181b3) x3  0x0000000080006010
core   0: 0x0000000080002d38 (0x00100113) li      sp, 1
core   0: 3 0x0000000080002d38 (0x00100113) x2  0x0000000000000001
core   0: 0x0000000080002d3c (0x00c11113) slli    sp, sp, 12
core   0: 3 0x0000000080002d3c (0x00c11113) x2  0x0000000000001000
core   0: 0x0000000080002d40 (0x002181b3) add     gp, gp, sp
core   0: 3 0x0000000080002d40 (0x002181b3) x3  0x0000000080007010
core   0: 0x0000000080002d44 (0xac01ae87) flw     ft9, -1344(gp)
core   0: 3 0x0000000080002d44 (0xac01ae87) f29 0xffffffff00000000 mem 0x0000000080006ad0
core   0: 0x0000000080002d48 (0x402181b3) sub     gp, gp, sp
core   0: 3 0x0000000080002d48 (0x402181b3) x3  0x0000000080006010
core   0: 0x0000000080002d4c (0x00100113) li      sp, 1
core   0: 3 0x0000000080002d4c (0x00100113) x2  0x0000000000000001
core   0: 0x0000000080002d50 (0x00c11113) slli    sp, sp, 12
core   0: 3 0x0000000080002d50 (0x00c11113) x2  0x0000000000001000
core   0: 0x0000000080002d54 (0x002181b3) add     gp, gp, sp
core   0: 3 0x0000000080002d54 (0x002181b3) x3  0x0000000080007010
core   0: 0x0000000080002d58 (0xac41ae07) flw     ft8, -1340(gp)
core   0: 3 0x0000000080002d58 (0xac41ae07) f28 0xffffffffffff0000 mem 0x0000000080006ad4
core   0: 0x0000000080002d5c (0x402181b3) sub     gp, gp, sp
core   0: 3 0x0000000080002d5c (0x402181b3) x3  0x0000000080006010
core   0: 0x0000000080002d60 (0x00000113) li      sp, 0
core   0: 3 0x0000000080002d60 (0x00000113) x2  0x0000000000000000
core   0: 0x0000000080002d64 (0x00311073) csrw    fcsr, sp
core   0: 3 0x0000000080002d64 (0x00311073) c1_fflags 0x0000000000000000 c2_frm 0x0000000000000000
core   0: 0x0000000080002d68 (0xe5df7fcf) fnmadd.h ft11, ft10, ft9, ft8
core   0: 3 0x0000000080002d68 (0xe5df7fcf) f31 0xffffffffffff7e00
core   0: 0x0000000080002d6c (0x00302273) csrr    tp, fcsr
core   0: 3 0x0000000080002d6c (0x00302273) x4  0x0000000000000000
core   0: 0x0000000080002d70 (0x65f0a827) fsw     ft11, 1616(ra)
core   0: 3 0x0000000080002d70 (0x65f0a827) mem 0x0000000080009f68 0xffff7e00
core   0: 0x0000000080002d74 (0x6440bc23) sd      tp, 1624(ra)
core   0: 3 0x0000000080002d74 (0x6440bc23) mem 0x0000000080009f70 0x0000000000000000
core   0: >>>>  inst_230
core   0: 0x0000000080002d78 (0x00100113) li      sp, 1
core   0: 3 0x0000000080002d78 (0x00100113) x2  0x0000000000000001
core   0: 0x0000000080002d7c (0x00c11113) slli    sp, sp, 12
core   0: 3 0x0000000080002d7c (0x00c11113) x2  0x0000000000001000
core   0: 0x0000000080002d80 (0x002181b3) add     gp, gp, sp
core   0: 3 0x0000000080002d80 (0x002181b3) x3  0x0000000080007010
core   0: 0x0000000080002d84 (0xac81af07) flw     ft10, -1336(gp)
core   0: 3 0x0000000080002d84 (0xac81af07) f30 0xfffffffffbfffbff mem 0x0000000080006ad8
core   0: 0x0000000080002d88 (0x402181b3) sub     gp, gp, sp
core   0: 3 0x0000000080002d88 (0x402181b3) x3  0x0000000080006010
core   0: 0x0000000080002d8c (0x00100113) li      sp, 1
core   0: 3 0x0000000080002d8c (0x00100113) x2  0x0000000000000001
core   0: 0x0000000080002d90 (0x00c11113) slli    sp, sp, 12
core   0: 3 0x0000000080002d90 (0x00c11113) x2  0x0000000000001000
core   0: 0x0000000080002d94 (0x002181b3) add     gp, gp, sp
core   0: 3 0x0000000080002d94 (0x002181b3) x3  0x0000000080007010
core   0: 0x0000000080002d98 (0xacc1ae87) flw     ft9, -1332(gp)
core   0: 3 0x0000000080002d98 (0xacc1ae87) f29 0xffffffff00000000 mem 0x0000000080006adc
core   0: 0x0000000080002d9c (0x402181b3) sub     gp, gp, sp
core   0: 3 0x0000000080002d9c (0x402181b3) x3  0x0000000080006010
core   0: 0x0000000080002da0 (0x00100113) li      sp, 1
core   0: 3 0x0000000080002da0 (0x00100113) x2  0x0000000000000001
core   0: 0x0000000080002da4 (0x00c11113) slli    sp, sp, 12
core   0: 3 0x0000000080002da4 (0x00c11113) x2  0x0000000000001000
core   0: 0x0000000080002da8 (0x002181b3) add     gp, gp, sp
core   0: 3 0x0000000080002da8 (0x002181b3) x3  0x0000000080007010
core   0: 0x0000000080002dac (0xad01ae07) flw     ft8, -1328(gp)
core   0: 3 0x0000000080002dac (0xad01ae07) f28 0xffffffffffff0000 mem 0x0000000080006ae0
core   0: 0x0000000080002db0 (0x402181b3) sub     gp, gp, sp
core   0: 3 0x0000000080002db0 (0x402181b3) x3  0x0000000080006010
core   0: 0x0000000080002db4 (0x00000113) li      sp, 0
core   0: 3 0x0000000080002db4 (0x00000113) x2  0x0000000000000000
core   0: 0x0000000080002db8 (0x00311073) csrw    fcsr, sp
core   0: 3 0x0000000080002db8 (0x00311073) c1_fflags 0x0000000000000000 c2_frm 0x0000000000000000
core   0: 0x0000000080002dbc (0xe5df7fcf) fnmadd.h ft11, ft10, ft9, ft8
core   0: 3 0x0000000080002dbc (0xe5df7fcf) f31 0xffffffffffff7e00
core   0: 0x0000000080002dc0 (0x00302273) csrr    tp, fcsr
core   0: 3 0x0000000080002dc0 (0x00302273) x4  0x0000000000000000
core   0: 0x0000000080002dc4 (0x67f0a027) fsw     ft11, 1632(ra)
core   0: 3 0x0000000080002dc4 (0x67f0a027) mem 0x0000000080009f78 0xffff7e00
core   0: 0x0000000080002dc8 (0x6640b423) sd      tp, 1640(ra)
core   0: 3 0x0000000080002dc8 (0x6640b423) mem 0x0000000080009f80 0x0000000000000000
core   0: >>>>  inst_231
core   0: 0x0000000080002dcc (0x00100113) li      sp, 1
core   0: 3 0x0000000080002dcc (0x00100113) x2  0x0000000000000001
core   0: 0x0000000080002dd0 (0x00c11113) slli    sp, sp, 12
core   0: 3 0x0000000080002dd0 (0x00c11113) x2  0x0000000000001000
core   0: 0x0000000080002dd4 (0x002181b3) add     gp, gp, sp
core   0: 3 0x0000000080002dd4 (0x002181b3) x3  0x0000000080007010
core   0: 0x0000000080002dd8 (0xad41af07) flw     ft10, -1324(gp)
core   0: 3 0x0000000080002dd8 (0xad41af07) f30 0xffffffff71727172 mem 0x0000000080006ae4
core   0: 0x0000000080002ddc (0x402181b3) sub     gp, gp, sp
core   0: 3 0x0000000080002ddc (0x402181b3) x3  0x0000000080006010
core   0: 0x0000000080002de0 (0x00100113) li      sp, 1
core   0: 3 0x0000000080002de0 (0x00100113) x2  0x0000000000000001
core   0: 0x0000000080002de4 (0x00c11113) slli    sp, sp, 12
core   0: 3 0x0000000080002de4 (0x00c11113) x2  0x0000000000001000
core   0: 0x0000000080002de8 (0x002181b3) add     gp, gp, sp
core   0: 3 0x0000000080002de8 (0x002181b3) x3  0x0000000080007010
core   0: 0x0000000080002dec (0xad81ae87) flw     ft9, -1320(gp)
core   0: 3 0x0000000080002dec (0xad81ae87) f29 0xffffffff00000000 mem 0x0000000080006ae8
core   0: 0x0000000080002df0 (0x402181b3) sub     gp, gp, sp
core   0: 3 0x0000000080002df0 (0x402181b3) x3  0x0000000080006010
core   0: 0x0000000080002df4 (0x00100113) li      sp, 1
core   0: 3 0x0000000080002df4 (0x00100113) x2  0x0000000000000001
core   0: 0x0000000080002df8 (0x00c11113) slli    sp, sp, 12
core   0: 3 0x0000000080002df8 (0x00c11113) x2  0x0000000000001000
core   0: 0x0000000080002dfc (0x002181b3) add     gp, gp, sp
core   0: 3 0x0000000080002dfc (0x002181b3) x3  0x0000000080007010
core   0: 0x0000000080002e00 (0xadc1ae07) flw     ft8, -1316(gp)
core   0: 3 0x0000000080002e00 (0xadc1ae07) f28 0xffffffffffff0000 mem 0x0000000080006aec
core   0: 0x0000000080002e04 (0x402181b3) sub     gp, gp, sp
core   0: 3 0x0000000080002e04 (0x402181b3) x3  0x0000000080006010
core   0: 0x0000000080002e08 (0x00000113) li      sp, 0
core   0: 3 0x0000000080002e08 (0x00000113) x2  0x0000000000000000
core   0: 0x0000000080002e0c (0x00311073) csrw    fcsr, sp
core   0: 3 0x0000000080002e0c (0x00311073) c1_fflags 0x0000000000000000 c2_frm 0x0000000000000000
core   0: 0x0000000080002e10 (0xe5df7fcf) fnmadd.h ft11, ft10, ft9, ft8
core   0: 3 0x0000000080002e10 (0xe5df7fcf) f31 0xffffffffffff7e00
core   0: 0x0000000080002e14 (0x00302273) csrr    tp, fcsr
core   0: 3 0x0000000080002e14 (0x00302273) x4  0x0000000000000000
core   0: 0x0000000080002e18 (0x67f0a827) fsw     ft11, 1648(ra)
core   0: 3 0x0000000080002e18 (0x67f0a827) mem 0x0000000080009f88 0xffff7e00
core   0: 0x0000000080002e1c (0x6640bc23) sd      tp, 1656(ra)
core   0: 3 0x0000000080002e1c (0x6640bc23) mem 0x0000000080009f90 0x0000000000000000
core   0: >>>>  inst_232
core   0: 0x0000000080002e20 (0x00100113) li      sp, 1
core   0: 3 0x0000000080002e20 (0x00100113) x2  0x0000000000000001
core   0: 0x0000000080002e24 (0x00c11113) slli    sp, sp, 12
core   0: 3 0x0000000080002e24 (0x00c11113) x2  0x0000000000001000
core   0: 0x0000000080002e28 (0x002181b3) add     gp, gp, sp
core   0: 3 0x0000000080002e28 (0x002181b3) x3  0x0000000080007010
core   0: 0x0000000080002e2c (0xae01af07) flw     ft10, -1312(gp)
core   0: 3 0x0000000080002e2c (0xae01af07) f30 0xffffffff80008000 mem 0x0000000080006af0
core   0: 0x0000000080002e30 (0x402181b3) sub     gp, gp, sp
core   0: 3 0x0000000080002e30 (0x402181b3) x3  0x0000000080006010
core   0: 0x0000000080002e34 (0x00100113) li      sp, 1
core   0: 3 0x0000000080002e34 (0x00100113) x2  0x0000000000000001
core   0: 0x0000000080002e38 (0x00c11113) slli    sp, sp, 12
core   0: 3 0x0000000080002e38 (0x00c11113) x2  0x0000000000001000
core   0: 0x0000000080002e3c (0x002181b3) add     gp, gp, sp
core   0: 3 0x0000000080002e3c (0x002181b3) x3  0x0000000080007010
core   0: 0x0000000080002e40 (0xae41ae87) flw     ft9, -1308(gp)
core   0: 3 0x0000000080002e40 (0xae41ae87) f29 0xffffffff00000000 mem 0x0000000080006af4
core   0: 0x0000000080002e44 (0x402181b3) sub     gp, gp, sp
core   0: 3 0x0000000080002e44 (0x402181b3) x3  0x0000000080006010
core   0: 0x0000000080002e48 (0x00100113) li      sp, 1
core   0: 3 0x0000000080002e48 (0x00100113) x2  0x0000000000000001
core   0: 0x0000000080002e4c (0x00c11113) slli    sp, sp, 12
core   0: 3 0x0000000080002e4c (0x00c11113) x2  0x0000000000001000
core   0: 0x0000000080002e50 (0x002181b3) add     gp, gp, sp
core   0: 3 0x0000000080002e50 (0x002181b3) x3  0x0000000080007010
core   0: 0x0000000080002e54 (0xae81ae07) flw     ft8, -1304(gp)
core   0: 3 0x0000000080002e54 (0xae81ae07) f28 0xffffffffffff0000 mem 0x0000000080006af8
core   0: 0x0000000080002e58 (0x402181b3) sub     gp, gp, sp
core   0: 3 0x0000000080002e58 (0x402181b3) x3  0x0000000080006010
core   0: 0x0000000080002e5c (0x00000113) li      sp, 0
core   0: 3 0x0000000080002e5c (0x00000113) x2  0x0000000000000000
core   0: 0x0000000080002e60 (0x00311073) csrw    fcsr, sp
core   0: 3 0x0000000080002e60 (0x00311073) c1_fflags 0x0000000000000000 c2_frm 0x0000000000000000
core   0: 0x0000000080002e64 (0xe5df7fcf) fnmadd.h ft11, ft10, ft9, ft8
core   0: 3 0x0000000080002e64 (0xe5df7fcf) f31 0xffffffffffff7e00
core   0: 0x0000000080002e68 (0x00302273) csrr    tp, fcsr
core   0: 3 0x0000000080002e68 (0x00302273) x4  0x0000000000000000
core   0: 0x0000000080002e6c (0x69f0a027) fsw     ft11, 1664(ra)
core   0: 3 0x0000000080002e6c (0x69f0a027) mem 0x0000000080009f98 0xffff7e00
core   0: 0x0000000080002e70 (0x6840b423) sd      tp, 1672(ra)
core   0: 3 0x0000000080002e70 (0x6840b423) mem 0x0000000080009fa0 0x0000000000000000
core   0: >>>>  inst_233
core   0: 0x0000000080002e74 (0x00100113) li      sp, 1
core   0: 3 0x0000000080002e74 (0x00100113) x2  0x0000000000000001
core   0: 0x0000000080002e78 (0x00c11113) slli    sp, sp, 12
core   0: 3 0x0000000080002e78 (0x00c11113) x2  0x0000000000001000
core   0: 0x0000000080002e7c (0x002181b3) add     gp, gp, sp
core   0: 3 0x0000000080002e7c (0x002181b3) x3  0x0000000080007010
core   0: 0x0000000080002e80 (0xaec1af07) flw     ft10, -1300(gp)
core   0: 3 0x0000000080002e80 (0xaec1af07) f30 0xfffffffffbfffbff mem 0x0000000080006afc
core   0: 0x0000000080002e84 (0x402181b3) sub     gp, gp, sp
core   0: 3 0x0000000080002e84 (0x402181b3) x3  0x0000000080006010
core   0: 0x0000000080002e88 (0x00100113) li      sp, 1
core   0: 3 0x0000000080002e88 (0x00100113) x2  0x0000000000000001
core   0: 0x0000000080002e8c (0x00c11113) slli    sp, sp, 12
core   0: 3 0x0000000080002e8c (0x00c11113) x2  0x0000000000001000
core   0: 0x0000000080002e90 (0x002181b3) add     gp, gp, sp
core   0: 3 0x0000000080002e90 (0x002181b3) x3  0x0000000080007010
core   0: 0x0000000080002e94 (0xaf01ae87) flw     ft9, -1296(gp)
core   0: 3 0x0000000080002e94 (0xaf01ae87) f29 0xffffffff00000000 mem 0x0000000080006b00
core   0: 0x0000000080002e98 (0x402181b3) sub     gp, gp, sp
core   0: 3 0x0000000080002e98 (0x402181b3) x3  0x0000000080006010
core   0: 0x0000000080002e9c (0x00100113) li      sp, 1
core   0: 3 0x0000000080002e9c (0x00100113) x2  0x0000000000000001
core   0: 0x0000000080002ea0 (0x00c11113) slli    sp, sp, 12
core   0: 3 0x0000000080002ea0 (0x00c11113) x2  0x0000000000001000
core   0: 0x0000000080002ea4 (0x002181b3) add     gp, gp, sp
core   0: 3 0x0000000080002ea4 (0x002181b3) x3  0x0000000080007010
core   0: 0x0000000080002ea8 (0xaf41ae07) flw     ft8, -1292(gp)
core   0: 3 0x0000000080002ea8 (0xaf41ae07) f28 0xffffffffffff0000 mem 0x0000000080006b04
core   0: 0x0000000080002eac (0x402181b3) sub     gp, gp, sp
core   0: 3 0x0000000080002eac (0x402181b3) x3  0x0000000080006010
core   0: 0x0000000080002eb0 (0x00000113) li      sp, 0
core   0: 3 0x0000000080002eb0 (0x00000113) x2  0x0000000000000000
core   0: 0x0000000080002eb4 (0x00311073) csrw    fcsr, sp
core   0: 3 0x0000000080002eb4 (0x00311073) c1_fflags 0x0000000000000000 c2_frm 0x0000000000000000
core   0: 0x0000000080002eb8 (0xe5df7fcf) fnmadd.h ft11, ft10, ft9, ft8
core   0: 3 0x0000000080002eb8 (0xe5df7fcf) f31 0xffffffffffff7e00
core   0: 0x0000000080002ebc (0x00302273) csrr    tp, fcsr
core   0: 3 0x0000000080002ebc (0x00302273) x4  0x0000000000000000
core   0: 0x0000000080002ec0 (0x69f0a827) fsw     ft11, 1680(ra)
core   0: 3 0x0000000080002ec0 (0x69f0a827) mem 0x0000000080009fa8 0xffff7e00
core   0: 0x0000000080002ec4 (0x6840bc23) sd      tp, 1688(ra)
core   0: 3 0x0000000080002ec4 (0x6840bc23) mem 0x0000000080009fb0 0x0000000000000000
core   0: >>>>  inst_234
core   0: 0x0000000080002ec8 (0x00100113) li      sp, 1
core   0: 3 0x0000000080002ec8 (0x00100113) x2  0x0000000000000001
core   0: 0x0000000080002ecc (0x00c11113) slli    sp, sp, 12
core   0: 3 0x0000000080002ecc (0x00c11113) x2  0x0000000000001000
core   0: 0x0000000080002ed0 (0x002181b3) add     gp, gp, sp
core   0: 3 0x0000000080002ed0 (0x002181b3) x3  0x0000000080007010
core   0: 0x0000000080002ed4 (0xaf81af07) flw     ft10, -1288(gp)
core   0: 3 0x0000000080002ed4 (0xaf81af07) f30 0xffffffff78047804 mem 0x0000000080006b08
core   0: 0x0000000080002ed8 (0x402181b3) sub     gp, gp, sp
core   0: 3 0x0000000080002ed8 (0x402181b3) x3  0x0000000080006010
core   0: 0x0000000080002edc (0x00100113) li      sp, 1
core   0: 3 0x0000000080002edc (0x00100113) x2  0x0000000000000001
core   0: 0x0000000080002ee0 (0x00c11113) slli    sp, sp, 12
core   0: 3 0x0000000080002ee0 (0x00c11113) x2  0x0000000000001000
core   0: 0x0000000080002ee4 (0x002181b3) add     gp, gp, sp
core   0: 3 0x0000000080002ee4 (0x002181b3) x3  0x0000000080007010
core   0: 0x0000000080002ee8 (0xafc1ae87) flw     ft9, -1284(gp)
core   0: 3 0x0000000080002ee8 (0xafc1ae87) f29 0xffffffff00000000 mem 0x0000000080006b0c
core   0: 0x0000000080002eec (0x402181b3) sub     gp, gp, sp
core   0: 3 0x0000000080002eec (0x402181b3) x3  0x0000000080006010
core   0: 0x0000000080002ef0 (0x00100113) li      sp, 1
core   0: 3 0x0000000080002ef0 (0x00100113) x2  0x0000000000000001
core   0: 0x0000000080002ef4 (0x00c11113) slli    sp, sp, 12
core   0: 3 0x0000000080002ef4 (0x00c11113) x2  0x0000000000001000
core   0: 0x0000000080002ef8 (0x002181b3) add     gp, gp, sp
core   0: 3 0x0000000080002ef8 (0x002181b3) x3  0x0000000080007010
core   0: 0x0000000080002efc (0xb001ae07) flw     ft8, -1280(gp)
core   0: 3 0x0000000080002efc (0xb001ae07) f28 0xffffffffffff0000 mem 0x0000000080006b10
core   0: 0x0000000080002f00 (0x402181b3) sub     gp, gp, sp
core   0: 3 0x0000000080002f00 (0x402181b3) x3  0x0000000080006010
core   0: 0x0000000080002f04 (0x00000113) li      sp, 0
core   0: 3 0x0000000080002f04 (0x00000113) x2  0x0000000000000000
core   0: 0x0000000080002f08 (0x00311073) csrw    fcsr, sp
core   0: 3 0x0000000080002f08 (0x00311073) c1_fflags 0x0000000000000000 c2_frm 0x0000000000000000
core   0: 0x0000000080002f0c (0xe5df7fcf) fnmadd.h ft11, ft10, ft9, ft8
core   0: 3 0x0000000080002f0c (0xe5df7fcf) f31 0xffffffffffff7e00
core   0: 0x0000000080002f10 (0x00302273) csrr    tp, fcsr
core   0: 3 0x0000000080002f10 (0x00302273) x4  0x0000000000000000
core   0: 0x0000000080002f14 (0x6bf0a027) fsw     ft11, 1696(ra)
core   0: 3 0x0000000080002f14 (0x6bf0a027) mem 0x0000000080009fb8 0xffff7e00
core   0: 0x0000000080002f18 (0x6a40b423) sd      tp, 1704(ra)
core   0: 3 0x0000000080002f18 (0x6a40b423) mem 0x0000000080009fc0 0x0000000000000000
core   0: >>>>  inst_235
core   0: 0x0000000080002f1c (0x00100113) li      sp, 1
core   0: 3 0x0000000080002f1c (0x00100113) x2  0x0000000000000001
core   0: 0x0000000080002f20 (0x00c11113) slli    sp, sp, 12
core   0: 3 0x0000000080002f20 (0x00c11113) x2  0x0000000000001000
core   0: 0x0000000080002f24 (0x002181b3) add     gp, gp, sp
core   0: 3 0x0000000080002f24 (0x002181b3) x3  0x0000000080007010
core   0: 0x0000000080002f28 (0xb041af07) flw     ft10, -1276(gp)
core   0: 3 0x0000000080002f28 (0xb041af07) f30 0xffffffff80008000 mem 0x0000000080006b14
core   0: 0x0000000080002f2c (0x402181b3) sub     gp, gp, sp
core   0: 3 0x0000000080002f2c (0x402181b3) x3  0x0000000080006010
core   0: 0x0000000080002f30 (0x00100113) li      sp, 1
core   0: 3 0x0000000080002f30 (0x00100113) x2  0x0000000000000001
core   0: 0x0000000080002f34 (0x00c11113) slli    sp, sp, 12
core   0: 3 0x0000000080002f34 (0x00c11113) x2  0x0000000000001000
core   0: 0x0000000080002f38 (0x002181b3) add     gp, gp, sp
core   0: 3 0x0000000080002f38 (0x002181b3) x3  0x0000000080007010
core   0: 0x0000000080002f3c (0xb081ae87) flw     ft9, -1272(gp)
core   0: 3 0x0000000080002f3c (0xb081ae87) f29 0xffffffff00000000 mem 0x0000000080006b18
core   0: 0x0000000080002f40 (0x402181b3) sub     gp, gp, sp
core   0: 3 0x0000000080002f40 (0x402181b3) x3  0x0000000080006010
core   0: 0x0000000080002f44 (0x00100113) li      sp, 1
core   0: 3 0x0000000080002f44 (0x00100113) x2  0x0000000000000001
core   0: 0x0000000080002f48 (0x00c11113) slli    sp, sp, 12
core   0: 3 0x0000000080002f48 (0x00c11113) x2  0x0000000000001000
core   0: 0x0000000080002f4c (0x002181b3) add     gp, gp, sp
core   0: 3 0x0000000080002f4c (0x002181b3) x3  0x0000000080007010
core   0: 0x0000000080002f50 (0xb0c1ae07) flw     ft8, -1268(gp)
core   0: 3 0x0000000080002f50 (0xb0c1ae07) f28 0xffffffffffff0000 mem 0x0000000080006b1c
core   0: 0x0000000080002f54 (0x402181b3) sub     gp, gp, sp
core   0: 3 0x0000000080002f54 (0x402181b3) x3  0x0000000080006010
core   0: 0x0000000080002f58 (0x00000113) li      sp, 0
core   0: 3 0x0000000080002f58 (0x00000113) x2  0x0000000000000000
core   0: 0x0000000080002f5c (0x00311073) csrw    fcsr, sp
core   0: 3 0x0000000080002f5c (0x00311073) c1_fflags 0x0000000000000000 c2_frm 0x0000000000000000
core   0: 0x0000000080002f60 (0xe5df7fcf) fnmadd.h ft11, ft10, ft9, ft8
core   0: 3 0x0000000080002f60 (0xe5df7fcf) f31 0xffffffffffff7e00
core   0: 0x0000000080002f64 (0x00302273) csrr    tp, fcsr
core   0: 3 0x0000000080002f64 (0x00302273) x4  0x0000000000000000
core   0: 0x0000000080002f68 (0x6bf0a827) fsw     ft11, 1712(ra)
core   0: 3 0x0000000080002f68 (0x6bf0a827) mem 0x0000000080009fc8 0xffff7e00
core   0: 0x0000000080002f6c (0x6a40bc23) sd      tp, 1720(ra)
core   0: 3 0x0000000080002f6c (0x6a40bc23) mem 0x0000000080009fd0 0x0000000000000000
core   0: >>>>  inst_236
core   0: 0x0000000080002f70 (0x00100113) li      sp, 1
core   0: 3 0x0000000080002f70 (0x00100113) x2  0x0000000000000001
core   0: 0x0000000080002f74 (0x00c11113) slli    sp, sp, 12
core   0: 3 0x0000000080002f74 (0x00c11113) x2  0x0000000000001000
core   0: 0x0000000080002f78 (0x002181b3) add     gp, gp, sp
core   0: 3 0x0000000080002f78 (0x002181b3) x3  0x0000000080007010
core   0: 0x0000000080002f7c (0xb101af07) flw     ft10, -1264(gp)
core   0: 3 0x0000000080002f7c (0xb101af07) f30 0xfffffffffbfffbff mem 0x0000000080006b20
core   0: 0x0000000080002f80 (0x402181b3) sub     gp, gp, sp
core   0: 3 0x0000000080002f80 (0x402181b3) x3  0x0000000080006010
core   0: 0x0000000080002f84 (0x00100113) li      sp, 1
core   0: 3 0x0000000080002f84 (0x00100113) x2  0x0000000000000001
core   0: 0x0000000080002f88 (0x00c11113) slli    sp, sp, 12
core   0: 3 0x0000000080002f88 (0x00c11113) x2  0x0000000000001000
core   0: 0x0000000080002f8c (0x002181b3) add     gp, gp, sp
core   0: 3 0x0000000080002f8c (0x002181b3) x3  0x0000000080007010
core   0: 0x0000000080002f90 (0xb141ae87) flw     ft9, -1260(gp)
core   0: 3 0x0000000080002f90 (0xb141ae87) f29 0xffffffff00000000 mem 0x0000000080006b24
core   0: 0x0000000080002f94 (0x402181b3) sub     gp, gp, sp
core   0: 3 0x0000000080002f94 (0x402181b3) x3  0x0000000080006010
core   0: 0x0000000080002f98 (0x00100113) li      sp, 1
core   0: 3 0x0000000080002f98 (0x00100113) x2  0x0000000000000001
core   0: 0x0000000080002f9c (0x00c11113) slli    sp, sp, 12
core   0: 3 0x0000000080002f9c (0x00c11113) x2  0x0000000000001000
core   0: 0x0000000080002fa0 (0x002181b3) add     gp, gp, sp
core   0: 3 0x0000000080002fa0 (0x002181b3) x3  0x0000000080007010
core   0: 0x0000000080002fa4 (0xb181ae07) flw     ft8, -1256(gp)
core   0: 3 0x0000000080002fa4 (0xb181ae07) f28 0xffffffffffff0000 mem 0x0000000080006b28
core   0: 0x0000000080002fa8 (0x402181b3) sub     gp, gp, sp
core   0: 3 0x0000000080002fa8 (0x402181b3) x3  0x0000000080006010
core   0: 0x0000000080002fac (0x00000113) li      sp, 0
core   0: 3 0x0000000080002fac (0x00000113) x2  0x0000000000000000
core   0: 0x0000000080002fb0 (0x00311073) csrw    fcsr, sp
core   0: 3 0x0000000080002fb0 (0x00311073) c1_fflags 0x0000000000000000 c2_frm 0x0000000000000000
core   0: 0x0000000080002fb4 (0xe5df7fcf) fnmadd.h ft11, ft10, ft9, ft8
core   0: 3 0x0000000080002fb4 (0xe5df7fcf) f31 0xffffffffffff7e00
core   0: 0x0000000080002fb8 (0x00302273) csrr    tp, fcsr
core   0: 3 0x0000000080002fb8 (0x00302273) x4  0x0000000000000000
core   0: 0x0000000080002fbc (0x6df0a027) fsw     ft11, 1728(ra)
core   0: 3 0x0000000080002fbc (0x6df0a027) mem 0x0000000080009fd8 0xffff7e00
core   0: 0x0000000080002fc0 (0x6c40b423) sd      tp, 1736(ra)
core   0: 3 0x0000000080002fc0 (0x6c40b423) mem 0x0000000080009fe0 0x0000000000000000
core   0: >>>>  inst_237
core   0: 0x0000000080002fc4 (0x00100113) li      sp, 1
core   0: 3 0x0000000080002fc4 (0x00100113) x2  0x0000000000000001
core   0: 0x0000000080002fc8 (0x00c11113) slli    sp, sp, 12
core   0: 3 0x0000000080002fc8 (0x00c11113) x2  0x0000000000001000
core   0: 0x0000000080002fcc (0x002181b3) add     gp, gp, sp
core   0: 3 0x0000000080002fcc (0x002181b3) x3  0x0000000080007010
core   0: 0x0000000080002fd0 (0xb1c1af07) flw     ft10, -1252(gp)
core   0: 3 0x0000000080002fd0 (0xb1c1af07) f30 0xffffffff7bda7bda mem 0x0000000080006b2c
core   0: 0x0000000080002fd4 (0x402181b3) sub     gp, gp, sp
core   0: 3 0x0000000080002fd4 (0x402181b3) x3  0x0000000080006010
core   0: 0x0000000080002fd8 (0x00100113) li      sp, 1
core   0: 3 0x0000000080002fd8 (0x00100113) x2  0x0000000000000001
core   0: 0x0000000080002fdc (0x00c11113) slli    sp, sp, 12
core   0: 3 0x0000000080002fdc (0x00c11113) x2  0x0000000000001000
core   0: 0x0000000080002fe0 (0x002181b3) add     gp, gp, sp
core   0: 3 0x0000000080002fe0 (0x002181b3) x3  0x0000000080007010
core   0: 0x0000000080002fe4 (0xb201ae87) flw     ft9, -1248(gp)
core   0: 3 0x0000000080002fe4 (0xb201ae87) f29 0xffffffff00000000 mem 0x0000000080006b30
core   0: 0x0000000080002fe8 (0x402181b3) sub     gp, gp, sp
core   0: 3 0x0000000080002fe8 (0x402181b3) x3  0x0000000080006010
core   0: 0x0000000080002fec (0x00100113) li      sp, 1
core   0: 3 0x0000000080002fec (0x00100113) x2  0x0000000000000001
core   0: 0x0000000080002ff0 (0x00c11113) slli    sp, sp, 12
core   0: 3 0x0000000080002ff0 (0x00c11113) x2  0x0000000000001000
core   0: 0x0000000080002ff4 (0x002181b3) add     gp, gp, sp
core   0: 3 0x0000000080002ff4 (0x002181b3) x3  0x0000000080007010
core   0: 0x0000000080002ff8 (0xb241ae07) flw     ft8, -1244(gp)
core   0: 3 0x0000000080002ff8 (0xb241ae07) f28 0xffffffffffff0000 mem 0x0000000080006b34
core   0: 0x0000000080002ffc (0x402181b3) sub     gp, gp, sp
core   0: 3 0x0000000080002ffc (0x402181b3) x3  0x0000000080006010
core   0: 0x0000000080003000 (0x00000113) li      sp, 0
core   0: 3 0x0000000080003000 (0x00000113) x2  0x0000000000000000
core   0: 0x0000000080003004 (0x00311073) csrw    fcsr, sp
core   0: 3 0x0000000080003004 (0x00311073) c1_fflags 0x0000000000000000 c2_frm 0x0000000000000000
core   0: 0x0000000080003008 (0xe5df7fcf) fnmadd.h ft11, ft10, ft9, ft8
core   0: 3 0x0000000080003008 (0xe5df7fcf) f31 0xffffffffffff7e00
core   0: 0x000000008000300c (0x00302273) csrr    tp, fcsr
core   0: 3 0x000000008000300c (0x00302273) x4  0x0000000000000000
core   0: 0x0000000080003010 (0x6df0a827) fsw     ft11, 1744(ra)
core   0: 3 0x0000000080003010 (0x6df0a827) mem 0x0000000080009fe8 0xffff7e00
core   0: 0x0000000080003014 (0x6c40bc23) sd      tp, 1752(ra)
core   0: 3 0x0000000080003014 (0x6c40bc23) mem 0x0000000080009ff0 0x0000000000000000
core   0: >>>>  inst_238
core   0: 0x0000000080003018 (0x00100113) li      sp, 1
core   0: 3 0x0000000080003018 (0x00100113) x2  0x0000000000000001
core   0: 0x000000008000301c (0x00c11113) slli    sp, sp, 12
core   0: 3 0x000000008000301c (0x00c11113) x2  0x0000000000001000
core   0: 0x0000000080003020 (0x002181b3) add     gp, gp, sp
core   0: 3 0x0000000080003020 (0x002181b3) x3  0x0000000080007010
core   0: 0x0000000080003024 (0xb281af07) flw     ft10, -1240(gp)
core   0: 3 0x0000000080003024 (0xb281af07) f30 0xffffffff80008000 mem 0x0000000080006b38
core   0: 0x0000000080003028 (0x402181b3) sub     gp, gp, sp
core   0: 3 0x0000000080003028 (0x402181b3) x3  0x0000000080006010
core   0: 0x000000008000302c (0x00100113) li      sp, 1
core   0: 3 0x000000008000302c (0x00100113) x2  0x0000000000000001
core   0: 0x0000000080003030 (0x00c11113) slli    sp, sp, 12
core   0: 3 0x0000000080003030 (0x00c11113) x2  0x0000000000001000
core   0: 0x0000000080003034 (0x002181b3) add     gp, gp, sp
core   0: 3 0x0000000080003034 (0x002181b3) x3  0x0000000080007010
core   0: 0x0000000080003038 (0xb2c1ae87) flw     ft9, -1236(gp)
core   0: 3 0x0000000080003038 (0xb2c1ae87) f29 0xffffffff00000000 mem 0x0000000080006b3c
core   0: 0x000000008000303c (0x402181b3) sub     gp, gp, sp
core   0: 3 0x000000008000303c (0x402181b3) x3  0x0000000080006010
core   0: 0x0000000080003040 (0x00100113) li      sp, 1
core   0: 3 0x0000000080003040 (0x00100113) x2  0x0000000000000001
core   0: 0x0000000080003044 (0x00c11113) slli    sp, sp, 12
core   0: 3 0x0000000080003044 (0x00c11113) x2  0x0000000000001000
core   0: 0x0000000080003048 (0x002181b3) add     gp, gp, sp
core   0: 3 0x0000000080003048 (0x002181b3) x3  0x0000000080007010
core   0: 0x000000008000304c (0xb301ae07) flw     ft8, -1232(gp)
core   0: 3 0x000000008000304c (0xb301ae07) f28 0xffffffffffff0000 mem 0x0000000080006b40
core   0: 0x0000000080003050 (0x402181b3) sub     gp, gp, sp
core   0: 3 0x0000000080003050 (0x402181b3) x3  0x0000000080006010
core   0: 0x0000000080003054 (0x00000113) li      sp, 0
core   0: 3 0x0000000080003054 (0x00000113) x2  0x0000000000000000
core   0: 0x0000000080003058 (0x00311073) csrw    fcsr, sp
core   0: 3 0x0000000080003058 (0x00311073) c1_fflags 0x0000000000000000 c2_frm 0x0000000000000000
core   0: 0x000000008000305c (0xe5df7fcf) fnmadd.h ft11, ft10, ft9, ft8
core   0: 3 0x000000008000305c (0xe5df7fcf) f31 0xffffffffffff7e00
core   0: 0x0000000080003060 (0x00302273) csrr    tp, fcsr
core   0: 3 0x0000000080003060 (0x00302273) x4  0x0000000000000000
core   0: 0x0000000080003064 (0x6ff0a027) fsw     ft11, 1760(ra)
core   0: 3 0x0000000080003064 (0x6ff0a027) mem 0x0000000080009ff8 0xffff7e00
core   0: 0x0000000080003068 (0x6e40b423) sd      tp, 1768(ra)
core   0: 3 0x0000000080003068 (0x6e40b423) mem 0x000000008000a000 0x0000000000000000
core   0: >>>>  inst_239
core   0: 0x000000008000306c (0x00100113) li      sp, 1
core   0: 3 0x000000008000306c (0x00100113) x2  0x0000000000000001
core   0: 0x0000000080003070 (0x00c11113) slli    sp, sp, 12
core   0: 3 0x0000000080003070 (0x00c11113) x2  0x0000000000001000
core   0: 0x0000000080003074 (0x002181b3) add     gp, gp, sp
core   0: 3 0x0000000080003074 (0x002181b3) x3  0x0000000080007010
core   0: 0x0000000080003078 (0xb341af07) flw     ft10, -1228(gp)
core   0: 3 0x0000000080003078 (0xb341af07) f30 0xfffffffffbfffbff mem 0x0000000080006b44
core   0: 0x000000008000307c (0x402181b3) sub     gp, gp, sp
core   0: 3 0x000000008000307c (0x402181b3) x3  0x0000000080006010
core   0: 0x0000000080003080 (0x00100113) li      sp, 1
core   0: 3 0x0000000080003080 (0x00100113) x2  0x0000000000000001
core   0: 0x0000000080003084 (0x00c11113) slli    sp, sp, 12
core   0: 3 0x0000000080003084 (0x00c11113) x2  0x0000000000001000
core   0: 0x0000000080003088 (0x002181b3) add     gp, gp, sp
core   0: 3 0x0000000080003088 (0x002181b3) x3  0x0000000080007010
core   0: 0x000000008000308c (0xb381ae87) flw     ft9, -1224(gp)
core   0: 3 0x000000008000308c (0xb381ae87) f29 0xffffffff00000000 mem 0x0000000080006b48
core   0: 0x0000000080003090 (0x402181b3) sub     gp, gp, sp
core   0: 3 0x0000000080003090 (0x402181b3) x3  0x0000000080006010
core   0: 0x0000000080003094 (0x00100113) li      sp, 1
core   0: 3 0x0000000080003094 (0x00100113) x2  0x0000000000000001
core   0: 0x0000000080003098 (0x00c11113) slli    sp, sp, 12
core   0: 3 0x0000000080003098 (0x00c11113) x2  0x0000000000001000
core   0: 0x000000008000309c (0x002181b3) add     gp, gp, sp
core   0: 3 0x000000008000309c (0x002181b3) x3  0x0000000080007010
core   0: 0x00000000800030a0 (0xb3c1ae07) flw     ft8, -1220(gp)
core   0: 3 0x00000000800030a0 (0xb3c1ae07) f28 0xffffffffffff0000 mem 0x0000000080006b4c
core   0: 0x00000000800030a4 (0x402181b3) sub     gp, gp, sp
core   0: 3 0x00000000800030a4 (0x402181b3) x3  0x0000000080006010
core   0: 0x00000000800030a8 (0x00000113) li      sp, 0
core   0: 3 0x00000000800030a8 (0x00000113) x2  0x0000000000000000
core   0: 0x00000000800030ac (0x00311073) csrw    fcsr, sp
core   0: 3 0x00000000800030ac (0x00311073) c1_fflags 0x0000000000000000 c2_frm 0x0000000000000000
core   0: 0x00000000800030b0 (0xe5df7fcf) fnmadd.h ft11, ft10, ft9, ft8
core   0: 3 0x00000000800030b0 (0xe5df7fcf) f31 0xffffffffffff7e00
core   0: 0x00000000800030b4 (0x00302273) csrr    tp, fcsr
core   0: 3 0x00000000800030b4 (0x00302273) x4  0x0000000000000000
core   0: 0x00000000800030b8 (0x6ff0a827) fsw     ft11, 1776(ra)
core   0: 3 0x00000000800030b8 (0x6ff0a827) mem 0x000000008000a008 0xffff7e00
core   0: 0x00000000800030bc (0x6e40bc23) sd      tp, 1784(ra)
core   0: 3 0x00000000800030bc (0x6e40bc23) mem 0x000000008000a010 0x0000000000000000
core   0: >>>>  inst_240
core   0: 0x00000000800030c0 (0x00100113) li      sp, 1
core   0: 3 0x00000000800030c0 (0x00100113) x2  0x0000000000000001
core   0: 0x00000000800030c4 (0x00c11113) slli    sp, sp, 12
core   0: 3 0x00000000800030c4 (0x00c11113) x2  0x0000000000001000
core   0: 0x00000000800030c8 (0x002181b3) add     gp, gp, sp
core   0: 3 0x00000000800030c8 (0x002181b3) x3  0x0000000080007010
core   0: 0x00000000800030cc (0xb401af07) flw     ft10, -1216(gp)
core   0: 3 0x00000000800030cc (0xb401af07) f30 0xffffffff7a297a29 mem 0x0000000080006b50
core   0: 0x00000000800030d0 (0x402181b3) sub     gp, gp, sp
core   0: 3 0x00000000800030d0 (0x402181b3) x3  0x0000000080006010
core   0: 0x00000000800030d4 (0x00100113) li      sp, 1
core   0: 3 0x00000000800030d4 (0x00100113) x2  0x0000000000000001
core   0: 0x00000000800030d8 (0x00c11113) slli    sp, sp, 12
core   0: 3 0x00000000800030d8 (0x00c11113) x2  0x0000000000001000
core   0: 0x00000000800030dc (0x002181b3) add     gp, gp, sp
core   0: 3 0x00000000800030dc (0x002181b3) x3  0x0000000080007010
core   0: 0x00000000800030e0 (0xb441ae87) flw     ft9, -1212(gp)
core   0: 3 0x00000000800030e0 (0xb441ae87) f29 0xffffffff00000000 mem 0x0000000080006b54
core   0: 0x00000000800030e4 (0x402181b3) sub     gp, gp, sp
core   0: 3 0x00000000800030e4 (0x402181b3) x3  0x0000000080006010
core   0: 0x00000000800030e8 (0x00100113) li      sp, 1
core   0: 3 0x00000000800030e8 (0x00100113) x2  0x0000000000000001
core   0: 0x00000000800030ec (0x00c11113) slli    sp, sp, 12
core   0: 3 0x00000000800030ec (0x00c11113) x2  0x0000000000001000
core   0: 0x00000000800030f0 (0x002181b3) add     gp, gp, sp
core   0: 3 0x00000000800030f0 (0x002181b3) x3  0x0000000080007010
core   0: 0x00000000800030f4 (0xb481ae07) flw     ft8, -1208(gp)
core   0: 3 0x00000000800030f4 (0xb481ae07) f28 0xffffffffffff0000 mem 0x0000000080006b58
core   0: 0x00000000800030f8 (0x402181b3) sub     gp, gp, sp
core   0: 3 0x00000000800030f8 (0x402181b3) x3  0x0000000080006010
core   0: 0x00000000800030fc (0x00000113) li      sp, 0
core   0: 3 0x00000000800030fc (0x00000113) x2  0x0000000000000000
core   0: 0x0000000080003100 (0x00311073) csrw    fcsr, sp
core   0: 3 0x0000000080003100 (0x00311073) c1_fflags 0x0000000000000000 c2_frm 0x0000000000000000
core   0: 0x0000000080003104 (0xe5df7fcf) fnmadd.h ft11, ft10, ft9, ft8
core   0: 3 0x0000000080003104 (0xe5df7fcf) f31 0xffffffffffff7e00
core   0: 0x0000000080003108 (0x00302273) csrr    tp, fcsr
core   0: 3 0x0000000080003108 (0x00302273) x4  0x0000000000000000
core   0: 0x000000008000310c (0x71f0a027) fsw     ft11, 1792(ra)
core   0: 3 0x000000008000310c (0x71f0a027) mem 0x000000008000a018 0xffff7e00
core   0: 0x0000000080003110 (0x7040b423) sd      tp, 1800(ra)
core   0: 3 0x0000000080003110 (0x7040b423) mem 0x000000008000a020 0x0000000000000000
core   0: >>>>  inst_241
core   0: 0x0000000080003114 (0x00100113) li      sp, 1
core   0: 3 0x0000000080003114 (0x00100113) x2  0x0000000000000001
core   0: 0x0000000080003118 (0x00c11113) slli    sp, sp, 12
core   0: 3 0x0000000080003118 (0x00c11113) x2  0x0000000000001000
core   0: 0x000000008000311c (0x002181b3) add     gp, gp, sp
core   0: 3 0x000000008000311c (0x002181b3) x3  0x0000000080007010
core   0: 0x0000000080003120 (0xb4c1af07) flw     ft10, -1204(gp)
core   0: 3 0x0000000080003120 (0xb4c1af07) f30 0xffffffff80008000 mem 0x0000000080006b5c
core   0: 0x0000000080003124 (0x402181b3) sub     gp, gp, sp
core   0: 3 0x0000000080003124 (0x402181b3) x3  0x0000000080006010
core   0: 0x0000000080003128 (0x00100113) li      sp, 1
core   0: 3 0x0000000080003128 (0x00100113) x2  0x0000000000000001
core   0: 0x000000008000312c (0x00c11113) slli    sp, sp, 12
core   0: 3 0x000000008000312c (0x00c11113) x2  0x0000000000001000
core   0: 0x0000000080003130 (0x002181b3) add     gp, gp, sp
core   0: 3 0x0000000080003130 (0x002181b3) x3  0x0000000080007010
core   0: 0x0000000080003134 (0xb501ae87) flw     ft9, -1200(gp)
core   0: 3 0x0000000080003134 (0xb501ae87) f29 0xffffffff00000000 mem 0x0000000080006b60
core   0: 0x0000000080003138 (0x402181b3) sub     gp, gp, sp
core   0: 3 0x0000000080003138 (0x402181b3) x3  0x0000000080006010
core   0: 0x000000008000313c (0x00100113) li      sp, 1
core   0: 3 0x000000008000313c (0x00100113) x2  0x0000000000000001
core   0: 0x0000000080003140 (0x00c11113) slli    sp, sp, 12
core   0: 3 0x0000000080003140 (0x00c11113) x2  0x0000000000001000
core   0: 0x0000000080003144 (0x002181b3) add     gp, gp, sp
core   0: 3 0x0000000080003144 (0x002181b3) x3  0x0000000080007010
core   0: 0x0000000080003148 (0xb541ae07) flw     ft8, -1196(gp)
core   0: 3 0x0000000080003148 (0xb541ae07) f28 0xffffffffffff0000 mem 0x0000000080006b64
core   0: 0x000000008000314c (0x402181b3) sub     gp, gp, sp
core   0: 3 0x000000008000314c (0x402181b3) x3  0x0000000080006010
core   0: 0x0000000080003150 (0x00000113) li      sp, 0
core   0: 3 0x0000000080003150 (0x00000113) x2  0x0000000000000000
core   0: 0x0000000080003154 (0x00311073) csrw    fcsr, sp
core   0: 3 0x0000000080003154 (0x00311073) c1_fflags 0x0000000000000000 c2_frm 0x0000000000000000
core   0: 0x0000000080003158 (0xe5df7fcf) fnmadd.h ft11, ft10, ft9, ft8
core   0: 3 0x0000000080003158 (0xe5df7fcf) f31 0xffffffffffff7e00
core   0: 0x000000008000315c (0x00302273) csrr    tp, fcsr
core   0: 3 0x000000008000315c (0x00302273) x4  0x0000000000000000
core   0: 0x0000000080003160 (0x71f0a827) fsw     ft11, 1808(ra)
core   0: 3 0x0000000080003160 (0x71f0a827) mem 0x000000008000a028 0xffff7e00
core   0: 0x0000000080003164 (0x7040bc23) sd      tp, 1816(ra)
core   0: 3 0x0000000080003164 (0x7040bc23) mem 0x000000008000a030 0x0000000000000000
core   0: >>>>  inst_242
core   0: 0x0000000080003168 (0x00100113) li      sp, 1
core   0: 3 0x0000000080003168 (0x00100113) x2  0x0000000000000001
core   0: 0x000000008000316c (0x00c11113) slli    sp, sp, 12
core   0: 3 0x000000008000316c (0x00c11113) x2  0x0000000000001000
core   0: 0x0000000080003170 (0x002181b3) add     gp, gp, sp
core   0: 3 0x0000000080003170 (0x002181b3) x3  0x0000000080007010
core   0: 0x0000000080003174 (0xb581af07) flw     ft10, -1192(gp)
core   0: 3 0x0000000080003174 (0xb581af07) f30 0xfffffffffbfffbff mem 0x0000000080006b68
core   0: 0x0000000080003178 (0x402181b3) sub     gp, gp, sp
core   0: 3 0x0000000080003178 (0x402181b3) x3  0x0000000080006010
core   0: 0x000000008000317c (0x00100113) li      sp, 1
core   0: 3 0x000000008000317c (0x00100113) x2  0x0000000000000001
core   0: 0x0000000080003180 (0x00c11113) slli    sp, sp, 12
core   0: 3 0x0000000080003180 (0x00c11113) x2  0x0000000000001000
core   0: 0x0000000080003184 (0x002181b3) add     gp, gp, sp
core   0: 3 0x0000000080003184 (0x002181b3) x3  0x0000000080007010
core   0: 0x0000000080003188 (0xb5c1ae87) flw     ft9, -1188(gp)
core   0: 3 0x0000000080003188 (0xb5c1ae87) f29 0xffffffff00000000 mem 0x0000000080006b6c
core   0: 0x000000008000318c (0x402181b3) sub     gp, gp, sp
core   0: 3 0x000000008000318c (0x402181b3) x3  0x0000000080006010
core   0: 0x0000000080003190 (0x00100113) li      sp, 1
core   0: 3 0x0000000080003190 (0x00100113) x2  0x0000000000000001
core   0: 0x0000000080003194 (0x00c11113) slli    sp, sp, 12
core   0: 3 0x0000000080003194 (0x00c11113) x2  0x0000000000001000
core   0: 0x0000000080003198 (0x002181b3) add     gp, gp, sp
core   0: 3 0x0000000080003198 (0x002181b3) x3  0x0000000080007010
core   0: 0x000000008000319c (0xb601ae07) flw     ft8, -1184(gp)
core   0: 3 0x000000008000319c (0xb601ae07) f28 0xffffffffffff0000 mem 0x0000000080006b70
core   0: 0x00000000800031a0 (0x402181b3) sub     gp, gp, sp
core   0: 3 0x00000000800031a0 (0x402181b3) x3  0x0000000080006010
core   0: 0x00000000800031a4 (0x00000113) li      sp, 0
core   0: 3 0x00000000800031a4 (0x00000113) x2  0x0000000000000000
core   0: 0x00000000800031a8 (0x00311073) csrw    fcsr, sp
core   0: 3 0x00000000800031a8 (0x00311073) c1_fflags 0x0000000000000000 c2_frm 0x0000000000000000
core   0: 0x00000000800031ac (0xe5df7fcf) fnmadd.h ft11, ft10, ft9, ft8
core   0: 3 0x00000000800031ac (0xe5df7fcf) f31 0xffffffffffff7e00
core   0: 0x00000000800031b0 (0x00302273) csrr    tp, fcsr
core   0: 3 0x00000000800031b0 (0x00302273) x4  0x0000000000000000
core   0: 0x00000000800031b4 (0x73f0a027) fsw     ft11, 1824(ra)
core   0: 3 0x00000000800031b4 (0x73f0a027) mem 0x000000008000a038 0xffff7e00
core   0: 0x00000000800031b8 (0x7240b423) sd      tp, 1832(ra)
core   0: 3 0x00000000800031b8 (0x7240b423) mem 0x000000008000a040 0x0000000000000000
core   0: >>>>  inst_243
core   0: 0x00000000800031bc (0x00100113) li      sp, 1
core   0: 3 0x00000000800031bc (0x00100113) x2  0x0000000000000001
core   0: 0x00000000800031c0 (0x00c11113) slli    sp, sp, 12
core   0: 3 0x00000000800031c0 (0x00c11113) x2  0x0000000000001000
core   0: 0x00000000800031c4 (0x002181b3) add     gp, gp, sp
core   0: 3 0x00000000800031c4 (0x002181b3) x3  0x0000000080007010
core   0: 0x00000000800031c8 (0xb641af07) flw     ft10, -1180(gp)
core   0: 3 0x00000000800031c8 (0xb641af07) f30 0xffffffff78507850 mem 0x0000000080006b74
core   0: 0x00000000800031cc (0x402181b3) sub     gp, gp, sp
core   0: 3 0x00000000800031cc (0x402181b3) x3  0x0000000080006010
core   0: 0x00000000800031d0 (0x00100113) li      sp, 1
core   0: 3 0x00000000800031d0 (0x00100113) x2  0x0000000000000001
core   0: 0x00000000800031d4 (0x00c11113) slli    sp, sp, 12
core   0: 3 0x00000000800031d4 (0x00c11113) x2  0x0000000000001000
core   0: 0x00000000800031d8 (0x002181b3) add     gp, gp, sp
core   0: 3 0x00000000800031d8 (0x002181b3) x3  0x0000000080007010
core   0: 0x00000000800031dc (0xb681ae87) flw     ft9, -1176(gp)
core   0: 3 0x00000000800031dc (0xb681ae87) f29 0xffffffff00000000 mem 0x0000000080006b78
core   0: 0x00000000800031e0 (0x402181b3) sub     gp, gp, sp
core   0: 3 0x00000000800031e0 (0x402181b3) x3  0x0000000080006010
core   0: 0x00000000800031e4 (0x00100113) li      sp, 1
core   0: 3 0x00000000800031e4 (0x00100113) x2  0x0000000000000001
core   0: 0x00000000800031e8 (0x00c11113) slli    sp, sp, 12
core   0: 3 0x00000000800031e8 (0x00c11113) x2  0x0000000000001000
core   0: 0x00000000800031ec (0x002181b3) add     gp, gp, sp
core   0: 3 0x00000000800031ec (0x002181b3) x3  0x0000000080007010
core   0: 0x00000000800031f0 (0xb6c1ae07) flw     ft8, -1172(gp)
core   0: 3 0x00000000800031f0 (0xb6c1ae07) f28 0xffffffffffff0000 mem 0x0000000080006b7c
core   0: 0x00000000800031f4 (0x402181b3) sub     gp, gp, sp
core   0: 3 0x00000000800031f4 (0x402181b3) x3  0x0000000080006010
core   0: 0x00000000800031f8 (0x00000113) li      sp, 0
core   0: 3 0x00000000800031f8 (0x00000113) x2  0x0000000000000000
core   0: 0x00000000800031fc (0x00311073) csrw    fcsr, sp
core   0: 3 0x00000000800031fc (0x00311073) c1_fflags 0x0000000000000000 c2_frm 0x0000000000000000
core   0: 0x0000000080003200 (0xe5df7fcf) fnmadd.h ft11, ft10, ft9, ft8
core   0: 3 0x0000000080003200 (0xe5df7fcf) f31 0xffffffffffff7e00
core   0: 0x0000000080003204 (0x00302273) csrr    tp, fcsr
core   0: 3 0x0000000080003204 (0x00302273) x4  0x0000000000000000
core   0: 0x0000000080003208 (0x73f0a827) fsw     ft11, 1840(ra)
core   0: 3 0x0000000080003208 (0x73f0a827) mem 0x000000008000a048 0xffff7e00
core   0: 0x000000008000320c (0x7240bc23) sd      tp, 1848(ra)
core   0: 3 0x000000008000320c (0x7240bc23) mem 0x000000008000a050 0x0000000000000000
core   0: >>>>  inst_244
core   0: 0x0000000080003210 (0x00100113) li      sp, 1
core   0: 3 0x0000000080003210 (0x00100113) x2  0x0000000000000001
core   0: 0x0000000080003214 (0x00c11113) slli    sp, sp, 12
core   0: 3 0x0000000080003214 (0x00c11113) x2  0x0000000000001000
core   0: 0x0000000080003218 (0x002181b3) add     gp, gp, sp
core   0: 3 0x0000000080003218 (0x002181b3) x3  0x0000000080007010
core   0: 0x000000008000321c (0xb701af07) flw     ft10, -1168(gp)
core   0: 3 0x000000008000321c (0xb701af07) f30 0xffffffff80008000 mem 0x0000000080006b80
core   0: 0x0000000080003220 (0x402181b3) sub     gp, gp, sp
core   0: 3 0x0000000080003220 (0x402181b3) x3  0x0000000080006010
core   0: 0x0000000080003224 (0x00100113) li      sp, 1
core   0: 3 0x0000000080003224 (0x00100113) x2  0x0000000000000001
core   0: 0x0000000080003228 (0x00c11113) slli    sp, sp, 12
core   0: 3 0x0000000080003228 (0x00c11113) x2  0x0000000000001000
core   0: 0x000000008000322c (0x002181b3) add     gp, gp, sp
core   0: 3 0x000000008000322c (0x002181b3) x3  0x0000000080007010
core   0: 0x0000000080003230 (0xb741ae87) flw     ft9, -1164(gp)
core   0: 3 0x0000000080003230 (0xb741ae87) f29 0xffffffff00000000 mem 0x0000000080006b84
core   0: 0x0000000080003234 (0x402181b3) sub     gp, gp, sp
core   0: 3 0x0000000080003234 (0x402181b3) x3  0x0000000080006010
core   0: 0x0000000080003238 (0x00100113) li      sp, 1
core   0: 3 0x0000000080003238 (0x00100113) x2  0x0000000000000001
core   0: 0x000000008000323c (0x00c11113) slli    sp, sp, 12
core   0: 3 0x000000008000323c (0x00c11113) x2  0x0000000000001000
core   0: 0x0000000080003240 (0x002181b3) add     gp, gp, sp
core   0: 3 0x0000000080003240 (0x002181b3) x3  0x0000000080007010
core   0: 0x0000000080003244 (0xb781ae07) flw     ft8, -1160(gp)
core   0: 3 0x0000000080003244 (0xb781ae07) f28 0xffffffffffff0000 mem 0x0000000080006b88
core   0: 0x0000000080003248 (0x402181b3) sub     gp, gp, sp
core   0: 3 0x0000000080003248 (0x402181b3) x3  0x0000000080006010
core   0: 0x000000008000324c (0x00000113) li      sp, 0
core   0: 3 0x000000008000324c (0x00000113) x2  0x0000000000000000
core   0: 0x0000000080003250 (0x00311073) csrw    fcsr, sp
core   0: 3 0x0000000080003250 (0x00311073) c1_fflags 0x0000000000000000 c2_frm 0x0000000000000000
core   0: 0x0000000080003254 (0xe5df7fcf) fnmadd.h ft11, ft10, ft9, ft8
core   0: 3 0x0000000080003254 (0xe5df7fcf) f31 0xffffffffffff7e00
core   0: 0x0000000080003258 (0x00302273) csrr    tp, fcsr
core   0: 3 0x0000000080003258 (0x00302273) x4  0x0000000000000000
core   0: 0x000000008000325c (0x75f0a027) fsw     ft11, 1856(ra)
core   0: 3 0x000000008000325c (0x75f0a027) mem 0x000000008000a058 0xffff7e00
core   0: 0x0000000080003260 (0x7440b423) sd      tp, 1864(ra)
core   0: 3 0x0000000080003260 (0x7440b423) mem 0x000000008000a060 0x0000000000000000
core   0: >>>>  inst_245
core   0: 0x0000000080003264 (0x00100113) li      sp, 1
core   0: 3 0x0000000080003264 (0x00100113) x2  0x0000000000000001
core   0: 0x0000000080003268 (0x00c11113) slli    sp, sp, 12
core   0: 3 0x0000000080003268 (0x00c11113) x2  0x0000000000001000
core   0: 0x000000008000326c (0x002181b3) add     gp, gp, sp
core   0: 3 0x000000008000326c (0x002181b3) x3  0x0000000080007010
core   0: 0x0000000080003270 (0xb7c1af07) flw     ft10, -1156(gp)
core   0: 3 0x0000000080003270 (0xb7c1af07) f30 0xfffffffffbfffbff mem 0x0000000080006b8c
core   0: 0x0000000080003274 (0x402181b3) sub     gp, gp, sp
core   0: 3 0x0000000080003274 (0x402181b3) x3  0x0000000080006010
core   0: 0x0000000080003278 (0x00100113) li      sp, 1
core   0: 3 0x0000000080003278 (0x00100113) x2  0x0000000000000001
core   0: 0x000000008000327c (0x00c11113) slli    sp, sp, 12
core   0: 3 0x000000008000327c (0x00c11113) x2  0x0000000000001000
core   0: 0x0000000080003280 (0x002181b3) add     gp, gp, sp
core   0: 3 0x0000000080003280 (0x002181b3) x3  0x0000000080007010
core   0: 0x0000000080003284 (0xb801ae87) flw     ft9, -1152(gp)
core   0: 3 0x0000000080003284 (0xb801ae87) f29 0xffffffff00000000 mem 0x0000000080006b90
core   0: 0x0000000080003288 (0x402181b3) sub     gp, gp, sp
core   0: 3 0x0000000080003288 (0x402181b3) x3  0x0000000080006010
core   0: 0x000000008000328c (0x00100113) li      sp, 1
core   0: 3 0x000000008000328c (0x00100113) x2  0x0000000000000001
core   0: 0x0000000080003290 (0x00c11113) slli    sp, sp, 12
core   0: 3 0x0000000080003290 (0x00c11113) x2  0x0000000000001000
core   0: 0x0000000080003294 (0x002181b3) add     gp, gp, sp
core   0: 3 0x0000000080003294 (0x002181b3) x3  0x0000000080007010
core   0: 0x0000000080003298 (0xb841ae07) flw     ft8, -1148(gp)
core   0: 3 0x0000000080003298 (0xb841ae07) f28 0xffffffffffff0000 mem 0x0000000080006b94
core   0: 0x000000008000329c (0x402181b3) sub     gp, gp, sp
core   0: 3 0x000000008000329c (0x402181b3) x3  0x0000000080006010
core   0: 0x00000000800032a0 (0x00000113) li      sp, 0
core   0: 3 0x00000000800032a0 (0x00000113) x2  0x0000000000000000
core   0: 0x00000000800032a4 (0x00311073) csrw    fcsr, sp
core   0: 3 0x00000000800032a4 (0x00311073) c1_fflags 0x0000000000000000 c2_frm 0x0000000000000000
core   0: 0x00000000800032a8 (0xe5df7fcf) fnmadd.h ft11, ft10, ft9, ft8
core   0: 3 0x00000000800032a8 (0xe5df7fcf) f31 0xffffffffffff7e00
core   0: 0x00000000800032ac (0x00302273) csrr    tp, fcsr
core   0: 3 0x00000000800032ac (0x00302273) x4  0x0000000000000000
core   0: 0x00000000800032b0 (0x75f0a827) fsw     ft11, 1872(ra)
core   0: 3 0x00000000800032b0 (0x75f0a827) mem 0x000000008000a068 0xffff7e00
core   0: 0x00000000800032b4 (0x7440bc23) sd      tp, 1880(ra)
core   0: 3 0x00000000800032b4 (0x7440bc23) mem 0x000000008000a070 0x0000000000000000
core   0: >>>>  inst_246
core   0: 0x00000000800032b8 (0x00100113) li      sp, 1
core   0: 3 0x00000000800032b8 (0x00100113) x2  0x0000000000000001
core   0: 0x00000000800032bc (0x00c11113) slli    sp, sp, 12
core   0: 3 0x00000000800032bc (0x00c11113) x2  0x0000000000001000
core   0: 0x00000000800032c0 (0x002181b3) add     gp, gp, sp
core   0: 3 0x00000000800032c0 (0x002181b3) x3  0x0000000080007010
core   0: 0x00000000800032c4 (0xb881af07) flw     ft10, -1144(gp)
core   0: 3 0x00000000800032c4 (0xb881af07) f30 0xffffffff7ae17ae1 mem 0x0000000080006b98
core   0: 0x00000000800032c8 (0x402181b3) sub     gp, gp, sp
core   0: 3 0x00000000800032c8 (0x402181b3) x3  0x0000000080006010
core   0: 0x00000000800032cc (0x00100113) li      sp, 1
core   0: 3 0x00000000800032cc (0x00100113) x2  0x0000000000000001
core   0: 0x00000000800032d0 (0x00c11113) slli    sp, sp, 12
core   0: 3 0x00000000800032d0 (0x00c11113) x2  0x0000000000001000
core   0: 0x00000000800032d4 (0x002181b3) add     gp, gp, sp
core   0: 3 0x00000000800032d4 (0x002181b3) x3  0x0000000080007010
core   0: 0x00000000800032d8 (0xb8c1ae87) flw     ft9, -1140(gp)
core   0: 3 0x00000000800032d8 (0xb8c1ae87) f29 0xffffffff00000000 mem 0x0000000080006b9c
core   0: 0x00000000800032dc (0x402181b3) sub     gp, gp, sp
core   0: 3 0x00000000800032dc (0x402181b3) x3  0x0000000080006010
core   0: 0x00000000800032e0 (0x00100113) li      sp, 1
core   0: 3 0x00000000800032e0 (0x00100113) x2  0x0000000000000001
core   0: 0x00000000800032e4 (0x00c11113) slli    sp, sp, 12
core   0: 3 0x00000000800032e4 (0x00c11113) x2  0x0000000000001000
core   0: 0x00000000800032e8 (0x002181b3) add     gp, gp, sp
core   0: 3 0x00000000800032e8 (0x002181b3) x3  0x0000000080007010
core   0: 0x00000000800032ec (0xb901ae07) flw     ft8, -1136(gp)
core   0: 3 0x00000000800032ec (0xb901ae07) f28 0xffffffffffff0000 mem 0x0000000080006ba0
core   0: 0x00000000800032f0 (0x402181b3) sub     gp, gp, sp
core   0: 3 0x00000000800032f0 (0x402181b3) x3  0x0000000080006010
core   0: 0x00000000800032f4 (0x00000113) li      sp, 0
core   0: 3 0x00000000800032f4 (0x00000113) x2  0x0000000000000000
core   0: 0x00000000800032f8 (0x00311073) csrw    fcsr, sp
core   0: 3 0x00000000800032f8 (0x00311073) c1_fflags 0x0000000000000000 c2_frm 0x0000000000000000
core   0: 0x00000000800032fc (0xe5df7fcf) fnmadd.h ft11, ft10, ft9, ft8
core   0: 3 0x00000000800032fc (0xe5df7fcf) f31 0xffffffffffff7e00
core   0: 0x0000000080003300 (0x00302273) csrr    tp, fcsr
core   0: 3 0x0000000080003300 (0x00302273) x4  0x0000000000000000
core   0: 0x0000000080003304 (0x77f0a027) fsw     ft11, 1888(ra)
core   0: 3 0x0000000080003304 (0x77f0a027) mem 0x000000008000a078 0xffff7e00
core   0: 0x0000000080003308 (0x7640b423) sd      tp, 1896(ra)
core   0: 3 0x0000000080003308 (0x7640b423) mem 0x000000008000a080 0x0000000000000000
core   0: >>>>  inst_247
core   0: 0x000000008000330c (0x00100113) li      sp, 1
core   0: 3 0x000000008000330c (0x00100113) x2  0x0000000000000001
core   0: 0x0000000080003310 (0x00c11113) slli    sp, sp, 12
core   0: 3 0x0000000080003310 (0x00c11113) x2  0x0000000000001000
core   0: 0x0000000080003314 (0x002181b3) add     gp, gp, sp
core   0: 3 0x0000000080003314 (0x002181b3) x3  0x0000000080007010
core   0: 0x0000000080003318 (0xb941af07) flw     ft10, -1132(gp)
core   0: 3 0x0000000080003318 (0xb941af07) f30 0xffffffff80008000 mem 0x0000000080006ba4
core   0: 0x000000008000331c (0x402181b3) sub     gp, gp, sp
core   0: 3 0x000000008000331c (0x402181b3) x3  0x0000000080006010
core   0: 0x0000000080003320 (0x00100113) li      sp, 1
core   0: 3 0x0000000080003320 (0x00100113) x2  0x0000000000000001
core   0: 0x0000000080003324 (0x00c11113) slli    sp, sp, 12
core   0: 3 0x0000000080003324 (0x00c11113) x2  0x0000000000001000
core   0: 0x0000000080003328 (0x002181b3) add     gp, gp, sp
core   0: 3 0x0000000080003328 (0x002181b3) x3  0x0000000080007010
core   0: 0x000000008000332c (0xb981ae87) flw     ft9, -1128(gp)
core   0: 3 0x000000008000332c (0xb981ae87) f29 0xffffffff00000000 mem 0x0000000080006ba8
core   0: 0x0000000080003330 (0x402181b3) sub     gp, gp, sp
core   0: 3 0x0000000080003330 (0x402181b3) x3  0x0000000080006010
core   0: 0x0000000080003334 (0x00100113) li      sp, 1
core   0: 3 0x0000000080003334 (0x00100113) x2  0x0000000000000001
core   0: 0x0000000080003338 (0x00c11113) slli    sp, sp, 12
core   0: 3 0x0000000080003338 (0x00c11113) x2  0x0000000000001000
core   0: 0x000000008000333c (0x002181b3) add     gp, gp, sp
core   0: 3 0x000000008000333c (0x002181b3) x3  0x0000000080007010
core   0: 0x0000000080003340 (0xb9c1ae07) flw     ft8, -1124(gp)
core   0: 3 0x0000000080003340 (0xb9c1ae07) f28 0xffffffffffff0000 mem 0x0000000080006bac
core   0: 0x0000000080003344 (0x402181b3) sub     gp, gp, sp
core   0: 3 0x0000000080003344 (0x402181b3) x3  0x0000000080006010
core   0: 0x0000000080003348 (0x00000113) li      sp, 0
core   0: 3 0x0000000080003348 (0x00000113) x2  0x0000000000000000
core   0: 0x000000008000334c (0x00311073) csrw    fcsr, sp
core   0: 3 0x000000008000334c (0x00311073) c1_fflags 0x0000000000000000 c2_frm 0x0000000000000000
core   0: 0x0000000080003350 (0xe5df7fcf) fnmadd.h ft11, ft10, ft9, ft8
core   0: 3 0x0000000080003350 (0xe5df7fcf) f31 0xffffffffffff7e00
core   0: 0x0000000080003354 (0x00302273) csrr    tp, fcsr
core   0: 3 0x0000000080003354 (0x00302273) x4  0x0000000000000000
core   0: 0x0000000080003358 (0x77f0a827) fsw     ft11, 1904(ra)
core   0: 3 0x0000000080003358 (0x77f0a827) mem 0x000000008000a088 0xffff7e00
core   0: 0x000000008000335c (0x7640bc23) sd      tp, 1912(ra)
core   0: 3 0x000000008000335c (0x7640bc23) mem 0x000000008000a090 0x0000000000000000
core   0: >>>>  inst_248
core   0: 0x0000000080003360 (0x00100113) li      sp, 1
core   0: 3 0x0000000080003360 (0x00100113) x2  0x0000000000000001
core   0: 0x0000000080003364 (0x00c11113) slli    sp, sp, 12
core   0: 3 0x0000000080003364 (0x00c11113) x2  0x0000000000001000
core   0: 0x0000000080003368 (0x002181b3) add     gp, gp, sp
core   0: 3 0x0000000080003368 (0x002181b3) x3  0x0000000080007010
core   0: 0x000000008000336c (0xba01af07) flw     ft10, -1120(gp)
core   0: 3 0x000000008000336c (0xba01af07) f30 0xfffffffffbfffbff mem 0x0000000080006bb0
core   0: 0x0000000080003370 (0x402181b3) sub     gp, gp, sp
core   0: 3 0x0000000080003370 (0x402181b3) x3  0x0000000080006010
core   0: 0x0000000080003374 (0x00100113) li      sp, 1
core   0: 3 0x0000000080003374 (0x00100113) x2  0x0000000000000001
core   0: 0x0000000080003378 (0x00c11113) slli    sp, sp, 12
core   0: 3 0x0000000080003378 (0x00c11113) x2  0x0000000000001000
core   0: 0x000000008000337c (0x002181b3) add     gp, gp, sp
core   0: 3 0x000000008000337c (0x002181b3) x3  0x0000000080007010
core   0: 0x0000000080003380 (0xba41ae87) flw     ft9, -1116(gp)
core   0: 3 0x0000000080003380 (0xba41ae87) f29 0xffffffff00000000 mem 0x0000000080006bb4
core   0: 0x0000000080003384 (0x402181b3) sub     gp, gp, sp
core   0: 3 0x0000000080003384 (0x402181b3) x3  0x0000000080006010
core   0: 0x0000000080003388 (0x00100113) li      sp, 1
core   0: 3 0x0000000080003388 (0x00100113) x2  0x0000000000000001
core   0: 0x000000008000338c (0x00c11113) slli    sp, sp, 12
core   0: 3 0x000000008000338c (0x00c11113) x2  0x0000000000001000
core   0: 0x0000000080003390 (0x002181b3) add     gp, gp, sp
core   0: 3 0x0000000080003390 (0x002181b3) x3  0x0000000080007010
core   0: 0x0000000080003394 (0xba81ae07) flw     ft8, -1112(gp)
core   0: 3 0x0000000080003394 (0xba81ae07) f28 0xffffffffffff0000 mem 0x0000000080006bb8
core   0: 0x0000000080003398 (0x402181b3) sub     gp, gp, sp
core   0: 3 0x0000000080003398 (0x402181b3) x3  0x0000000080006010
core   0: 0x000000008000339c (0x00000113) li      sp, 0
core   0: 3 0x000000008000339c (0x00000113) x2  0x0000000000000000
core   0: 0x00000000800033a0 (0x00311073) csrw    fcsr, sp
core   0: 3 0x00000000800033a0 (0x00311073) c1_fflags 0x0000000000000000 c2_frm 0x0000000000000000
core   0: 0x00000000800033a4 (0xe5df7fcf) fnmadd.h ft11, ft10, ft9, ft8
core   0: 3 0x00000000800033a4 (0xe5df7fcf) f31 0xffffffffffff7e00
core   0: 0x00000000800033a8 (0x00302273) csrr    tp, fcsr
core   0: 3 0x00000000800033a8 (0x00302273) x4  0x0000000000000000
core   0: 0x00000000800033ac (0x79f0a027) fsw     ft11, 1920(ra)
core   0: 3 0x00000000800033ac (0x79f0a027) mem 0x000000008000a098 0xffff7e00
core   0: 0x00000000800033b0 (0x7840b423) sd      tp, 1928(ra)
core   0: 3 0x00000000800033b0 (0x7840b423) mem 0x000000008000a0a0 0x0000000000000000
core   0: >>>>  inst_249
core   0: 0x00000000800033b4 (0x00100113) li      sp, 1
core   0: 3 0x00000000800033b4 (0x00100113) x2  0x0000000000000001
core   0: 0x00000000800033b8 (0x00c11113) slli    sp, sp, 12
core   0: 3 0x00000000800033b8 (0x00c11113) x2  0x0000000000001000
core   0: 0x00000000800033bc (0x002181b3) add     gp, gp, sp
core   0: 3 0x00000000800033bc (0x002181b3) x3  0x0000000080007010
core   0: 0x00000000800033c0 (0xbac1af07) flw     ft10, -1108(gp)
core   0: 3 0x00000000800033c0 (0xbac1af07) f30 0xffffffff736d736d mem 0x0000000080006bbc
core   0: 0x00000000800033c4 (0x402181b3) sub     gp, gp, sp
core   0: 3 0x00000000800033c4 (0x402181b3) x3  0x0000000080006010
core   0: 0x00000000800033c8 (0x00100113) li      sp, 1
core   0: 3 0x00000000800033c8 (0x00100113) x2  0x0000000000000001
core   0: 0x00000000800033cc (0x00c11113) slli    sp, sp, 12
core   0: 3 0x00000000800033cc (0x00c11113) x2  0x0000000000001000
core   0: 0x00000000800033d0 (0x002181b3) add     gp, gp, sp
core   0: 3 0x00000000800033d0 (0x002181b3) x3  0x0000000080007010
core   0: 0x00000000800033d4 (0xbb01ae87) flw     ft9, -1104(gp)
core   0: 3 0x00000000800033d4 (0xbb01ae87) f29 0xffffffff00000000 mem 0x0000000080006bc0
core   0: 0x00000000800033d8 (0x402181b3) sub     gp, gp, sp
core   0: 3 0x00000000800033d8 (0x402181b3) x3  0x0000000080006010
core   0: 0x00000000800033dc (0x00100113) li      sp, 1
core   0: 3 0x00000000800033dc (0x00100113) x2  0x0000000000000001
core   0: 0x00000000800033e0 (0x00c11113) slli    sp, sp, 12
core   0: 3 0x00000000800033e0 (0x00c11113) x2  0x0000000000001000
core   0: 0x00000000800033e4 (0x002181b3) add     gp, gp, sp
core   0: 3 0x00000000800033e4 (0x002181b3) x3  0x0000000080007010
core   0: 0x00000000800033e8 (0xbb41ae07) flw     ft8, -1100(gp)
core   0: 3 0x00000000800033e8 (0xbb41ae07) f28 0xffffffffffff0000 mem 0x0000000080006bc4
core   0: 0x00000000800033ec (0x402181b3) sub     gp, gp, sp
core   0: 3 0x00000000800033ec (0x402181b3) x3  0x0000000080006010
core   0: 0x00000000800033f0 (0x00000113) li      sp, 0
core   0: 3 0x00000000800033f0 (0x00000113) x2  0x0000000000000000
core   0: 0x00000000800033f4 (0x00311073) csrw    fcsr, sp
core   0: 3 0x00000000800033f4 (0x00311073) c1_fflags 0x0000000000000000 c2_frm 0x0000000000000000
core   0: 0x00000000800033f8 (0xe5df7fcf) fnmadd.h ft11, ft10, ft9, ft8
core   0: 3 0x00000000800033f8 (0xe5df7fcf) f31 0xffffffffffff7e00
core   0: 0x00000000800033fc (0x00302273) csrr    tp, fcsr
core   0: 3 0x00000000800033fc (0x00302273) x4  0x0000000000000000
core   0: 0x0000000080003400 (0x79f0a827) fsw     ft11, 1936(ra)
core   0: 3 0x0000000080003400 (0x79f0a827) mem 0x000000008000a0a8 0xffff7e00
core   0: 0x0000000080003404 (0x7840bc23) sd      tp, 1944(ra)
core   0: 3 0x0000000080003404 (0x7840bc23) mem 0x000000008000a0b0 0x0000000000000000
core   0: >>>>  inst_250
core   0: 0x0000000080003408 (0x00100113) li      sp, 1
core   0: 3 0x0000000080003408 (0x00100113) x2  0x0000000000000001
core   0: 0x000000008000340c (0x00c11113) slli    sp, sp, 12
core   0: 3 0x000000008000340c (0x00c11113) x2  0x0000000000001000
core   0: 0x0000000080003410 (0x002181b3) add     gp, gp, sp
core   0: 3 0x0000000080003410 (0x002181b3) x3  0x0000000080007010
core   0: 0x0000000080003414 (0xbb81af07) flw     ft10, -1096(gp)
core   0: 3 0x0000000080003414 (0xbb81af07) f30 0xffffffff80008000 mem 0x0000000080006bc8
core   0: 0x0000000080003418 (0x402181b3) sub     gp, gp, sp
core   0: 3 0x0000000080003418 (0x402181b3) x3  0x0000000080006010
core   0: 0x000000008000341c (0x00100113) li      sp, 1
core   0: 3 0x000000008000341c (0x00100113) x2  0x0000000000000001
core   0: 0x0000000080003420 (0x00c11113) slli    sp, sp, 12
core   0: 3 0x0000000080003420 (0x00c11113) x2  0x0000000000001000
core   0: 0x0000000080003424 (0x002181b3) add     gp, gp, sp
core   0: 3 0x0000000080003424 (0x002181b3) x3  0x0000000080007010
core   0: 0x0000000080003428 (0xbbc1ae87) flw     ft9, -1092(gp)
core   0: 3 0x0000000080003428 (0xbbc1ae87) f29 0xffffffff00000000 mem 0x0000000080006bcc
core   0: 0x000000008000342c (0x402181b3) sub     gp, gp, sp
core   0: 3 0x000000008000342c (0x402181b3) x3  0x0000000080006010
core   0: 0x0000000080003430 (0x00100113) li      sp, 1
core   0: 3 0x0000000080003430 (0x00100113) x2  0x0000000000000001
core   0: 0x0000000080003434 (0x00c11113) slli    sp, sp, 12
core   0: 3 0x0000000080003434 (0x00c11113) x2  0x0000000000001000
core   0: 0x0000000080003438 (0x002181b3) add     gp, gp, sp
core   0: 3 0x0000000080003438 (0x002181b3) x3  0x0000000080007010
core   0: 0x000000008000343c (0xbc01ae07) flw     ft8, -1088(gp)
core   0: 3 0x000000008000343c (0xbc01ae07) f28 0xffffffffffff0000 mem 0x0000000080006bd0
core   0: 0x0000000080003440 (0x402181b3) sub     gp, gp, sp
core   0: 3 0x0000000080003440 (0x402181b3) x3  0x0000000080006010
core   0: 0x0000000080003444 (0x00000113) li      sp, 0
core   0: 3 0x0000000080003444 (0x00000113) x2  0x0000000000000000
core   0: 0x0000000080003448 (0x00311073) csrw    fcsr, sp
core   0: 3 0x0000000080003448 (0x00311073) c1_fflags 0x0000000000000000 c2_frm 0x0000000000000000
core   0: 0x000000008000344c (0xe5df7fcf) fnmadd.h ft11, ft10, ft9, ft8
core   0: 3 0x000000008000344c (0xe5df7fcf) f31 0xffffffffffff7e00
core   0: 0x0000000080003450 (0x00302273) csrr    tp, fcsr
core   0: 3 0x0000000080003450 (0x00302273) x4  0x0000000000000000
core   0: 0x0000000080003454 (0x7bf0a027) fsw     ft11, 1952(ra)
core   0: 3 0x0000000080003454 (0x7bf0a027) mem 0x000000008000a0b8 0xffff7e00
core   0: 0x0000000080003458 (0x7a40b423) sd      tp, 1960(ra)
core   0: 3 0x0000000080003458 (0x7a40b423) mem 0x000000008000a0c0 0x0000000000000000
core   0: >>>>  inst_251
core   0: 0x000000008000345c (0x00100113) li      sp, 1
core   0: 3 0x000000008000345c (0x00100113) x2  0x0000000000000001
core   0: 0x0000000080003460 (0x00c11113) slli    sp, sp, 12
core   0: 3 0x0000000080003460 (0x00c11113) x2  0x0000000000001000
core   0: 0x0000000080003464 (0x002181b3) add     gp, gp, sp
core   0: 3 0x0000000080003464 (0x002181b3) x3  0x0000000080007010
core   0: 0x0000000080003468 (0xbc41af07) flw     ft10, -1084(gp)
core   0: 3 0x0000000080003468 (0xbc41af07) f30 0xfffffffffbfffbff mem 0x0000000080006bd4
core   0: 0x000000008000346c (0x402181b3) sub     gp, gp, sp
core   0: 3 0x000000008000346c (0x402181b3) x3  0x0000000080006010
core   0: 0x0000000080003470 (0x00100113) li      sp, 1
core   0: 3 0x0000000080003470 (0x00100113) x2  0x0000000000000001
core   0: 0x0000000080003474 (0x00c11113) slli    sp, sp, 12
core   0: 3 0x0000000080003474 (0x00c11113) x2  0x0000000000001000
core   0: 0x0000000080003478 (0x002181b3) add     gp, gp, sp
core   0: 3 0x0000000080003478 (0x002181b3) x3  0x0000000080007010
core   0: 0x000000008000347c (0xbc81ae87) flw     ft9, -1080(gp)
core   0: 3 0x000000008000347c (0xbc81ae87) f29 0xffffffff00000000 mem 0x0000000080006bd8
core   0: 0x0000000080003480 (0x402181b3) sub     gp, gp, sp
core   0: 3 0x0000000080003480 (0x402181b3) x3  0x0000000080006010
core   0: 0x0000000080003484 (0x00100113) li      sp, 1
core   0: 3 0x0000000080003484 (0x00100113) x2  0x0000000000000001
core   0: 0x0000000080003488 (0x00c11113) slli    sp, sp, 12
core   0: 3 0x0000000080003488 (0x00c11113) x2  0x0000000000001000
core   0: 0x000000008000348c (0x002181b3) add     gp, gp, sp
core   0: 3 0x000000008000348c (0x002181b3) x3  0x0000000080007010
core   0: 0x0000000080003490 (0xbcc1ae07) flw     ft8, -1076(gp)
core   0: 3 0x0000000080003490 (0xbcc1ae07) f28 0xffffffffffff0000 mem 0x0000000080006bdc
core   0: 0x0000000080003494 (0x402181b3) sub     gp, gp, sp
core   0: 3 0x0000000080003494 (0x402181b3) x3  0x0000000080006010
core   0: 0x0000000080003498 (0x00000113) li      sp, 0
core   0: 3 0x0000000080003498 (0x00000113) x2  0x0000000000000000
core   0: 0x000000008000349c (0x00311073) csrw    fcsr, sp
core   0: 3 0x000000008000349c (0x00311073) c1_fflags 0x0000000000000000 c2_frm 0x0000000000000000
core   0: 0x00000000800034a0 (0xe5df7fcf) fnmadd.h ft11, ft10, ft9, ft8
core   0: 3 0x00000000800034a0 (0xe5df7fcf) f31 0xffffffffffff7e00
core   0: 0x00000000800034a4 (0x00302273) csrr    tp, fcsr
core   0: 3 0x00000000800034a4 (0x00302273) x4  0x0000000000000000
core   0: 0x00000000800034a8 (0x7bf0a827) fsw     ft11, 1968(ra)
core   0: 3 0x00000000800034a8 (0x7bf0a827) mem 0x000000008000a0c8 0xffff7e00
core   0: 0x00000000800034ac (0x7a40bc23) sd      tp, 1976(ra)
core   0: 3 0x00000000800034ac (0x7a40bc23) mem 0x000000008000a0d0 0x0000000000000000
core   0: >>>>  inst_252
core   0: 0x00000000800034b0 (0x00100113) li      sp, 1
core   0: 3 0x00000000800034b0 (0x00100113) x2  0x0000000000000001
core   0: 0x00000000800034b4 (0x00c11113) slli    sp, sp, 12
core   0: 3 0x00000000800034b4 (0x00c11113) x2  0x0000000000001000
core   0: 0x00000000800034b8 (0x002181b3) add     gp, gp, sp
core   0: 3 0x00000000800034b8 (0x002181b3) x3  0x0000000080007010
core   0: 0x00000000800034bc (0xbd01af07) flw     ft10, -1072(gp)
core   0: 3 0x00000000800034bc (0xbd01af07) f30 0xffffffff781b781b mem 0x0000000080006be0
core   0: 0x00000000800034c0 (0x402181b3) sub     gp, gp, sp
core   0: 3 0x00000000800034c0 (0x402181b3) x3  0x0000000080006010
core   0: 0x00000000800034c4 (0x00100113) li      sp, 1
core   0: 3 0x00000000800034c4 (0x00100113) x2  0x0000000000000001
core   0: 0x00000000800034c8 (0x00c11113) slli    sp, sp, 12
core   0: 3 0x00000000800034c8 (0x00c11113) x2  0x0000000000001000
core   0: 0x00000000800034cc (0x002181b3) add     gp, gp, sp
core   0: 3 0x00000000800034cc (0x002181b3) x3  0x0000000080007010
core   0: 0x00000000800034d0 (0xbd41ae87) flw     ft9, -1068(gp)
core   0: 3 0x00000000800034d0 (0xbd41ae87) f29 0xffffffff00000000 mem 0x0000000080006be4
core   0: 0x00000000800034d4 (0x402181b3) sub     gp, gp, sp
core   0: 3 0x00000000800034d4 (0x402181b3) x3  0x0000000080006010
core   0: 0x00000000800034d8 (0x00100113) li      sp, 1
core   0: 3 0x00000000800034d8 (0x00100113) x2  0x0000000000000001
core   0: 0x00000000800034dc (0x00c11113) slli    sp, sp, 12
core   0: 3 0x00000000800034dc (0x00c11113) x2  0x0000000000001000
core   0: 0x00000000800034e0 (0x002181b3) add     gp, gp, sp
core   0: 3 0x00000000800034e0 (0x002181b3) x3  0x0000000080007010
core   0: 0x00000000800034e4 (0xbd81ae07) flw     ft8, -1064(gp)
core   0: 3 0x00000000800034e4 (0xbd81ae07) f28 0xffffffffffff0000 mem 0x0000000080006be8
core   0: 0x00000000800034e8 (0x402181b3) sub     gp, gp, sp
core   0: 3 0x00000000800034e8 (0x402181b3) x3  0x0000000080006010
core   0: 0x00000000800034ec (0x00000113) li      sp, 0
core   0: 3 0x00000000800034ec (0x00000113) x2  0x0000000000000000
core   0: 0x00000000800034f0 (0x00311073) csrw    fcsr, sp
core   0: 3 0x00000000800034f0 (0x00311073) c1_fflags 0x0000000000000000 c2_frm 0x0000000000000000
core   0: 0x00000000800034f4 (0xe5df7fcf) fnmadd.h ft11, ft10, ft9, ft8
core   0: 3 0x00000000800034f4 (0xe5df7fcf) f31 0xffffffffffff7e00
core   0: 0x00000000800034f8 (0x00302273) csrr    tp, fcsr
core   0: 3 0x00000000800034f8 (0x00302273) x4  0x0000000000000000
core   0: 0x00000000800034fc (0x7df0a027) fsw     ft11, 1984(ra)
core   0: 3 0x00000000800034fc (0x7df0a027) mem 0x000000008000a0d8 0xffff7e00
core   0: 0x0000000080003500 (0x7c40b423) sd      tp, 1992(ra)
core   0: 3 0x0000000080003500 (0x7c40b423) mem 0x000000008000a0e0 0x0000000000000000
core   0: >>>>  inst_253
core   0: 0x0000000080003504 (0x00100113) li      sp, 1
core   0: 3 0x0000000080003504 (0x00100113) x2  0x0000000000000001
core   0: 0x0000000080003508 (0x00c11113) slli    sp, sp, 12
core   0: 3 0x0000000080003508 (0x00c11113) x2  0x0000000000001000
core   0: 0x000000008000350c (0x002181b3) add     gp, gp, sp
core   0: 3 0x000000008000350c (0x002181b3) x3  0x0000000080007010
core   0: 0x0000000080003510 (0xbdc1af07) flw     ft10, -1060(gp)
core   0: 3 0x0000000080003510 (0xbdc1af07) f30 0xffffffff80008000 mem 0x0000000080006bec
core   0: 0x0000000080003514 (0x402181b3) sub     gp, gp, sp
core   0: 3 0x0000000080003514 (0x402181b3) x3  0x0000000080006010
core   0: 0x0000000080003518 (0x00100113) li      sp, 1
core   0: 3 0x0000000080003518 (0x00100113) x2  0x0000000000000001
core   0: 0x000000008000351c (0x00c11113) slli    sp, sp, 12
core   0: 3 0x000000008000351c (0x00c11113) x2  0x0000000000001000
core   0: 0x0000000080003520 (0x002181b3) add     gp, gp, sp
core   0: 3 0x0000000080003520 (0x002181b3) x3  0x0000000080007010
core   0: 0x0000000080003524 (0xbe01ae87) flw     ft9, -1056(gp)
core   0: 3 0x0000000080003524 (0xbe01ae87) f29 0xffffffff00000000 mem 0x0000000080006bf0
core   0: 0x0000000080003528 (0x402181b3) sub     gp, gp, sp
core   0: 3 0x0000000080003528 (0x402181b3) x3  0x0000000080006010
core   0: 0x000000008000352c (0x00100113) li      sp, 1
core   0: 3 0x000000008000352c (0x00100113) x2  0x0000000000000001
core   0: 0x0000000080003530 (0x00c11113) slli    sp, sp, 12
core   0: 3 0x0000000080003530 (0x00c11113) x2  0x0000000000001000
core   0: 0x0000000080003534 (0x002181b3) add     gp, gp, sp
core   0: 3 0x0000000080003534 (0x002181b3) x3  0x0000000080007010
core   0: 0x0000000080003538 (0xbe41ae07) flw     ft8, -1052(gp)
core   0: 3 0x0000000080003538 (0xbe41ae07) f28 0xffffffffffff0000 mem 0x0000000080006bf4
core   0: 0x000000008000353c (0x402181b3) sub     gp, gp, sp
core   0: 3 0x000000008000353c (0x402181b3) x3  0x0000000080006010
core   0: 0x0000000080003540 (0x00000113) li      sp, 0
core   0: 3 0x0000000080003540 (0x00000113) x2  0x0000000000000000
core   0: 0x0000000080003544 (0x00311073) csrw    fcsr, sp
core   0: 3 0x0000000080003544 (0x00311073) c1_fflags 0x0000000000000000 c2_frm 0x0000000000000000
core   0: 0x0000000080003548 (0xe5df7fcf) fnmadd.h ft11, ft10, ft9, ft8
core   0: 3 0x0000000080003548 (0xe5df7fcf) f31 0xffffffffffff7e00
core   0: 0x000000008000354c (0x00302273) csrr    tp, fcsr
core   0: 3 0x000000008000354c (0x00302273) x4  0x0000000000000000
core   0: 0x0000000080003550 (0x7df0a827) fsw     ft11, 2000(ra)
core   0: 3 0x0000000080003550 (0x7df0a827) mem 0x000000008000a0e8 0xffff7e00
core   0: 0x0000000080003554 (0x7c40bc23) sd      tp, 2008(ra)
core   0: 3 0x0000000080003554 (0x7c40bc23) mem 0x000000008000a0f0 0x0000000000000000
core   0: >>>>  inst_254
core   0: 0x0000000080003558 (0x00100113) li      sp, 1
core   0: 3 0x0000000080003558 (0x00100113) x2  0x0000000000000001
core   0: 0x000000008000355c (0x00c11113) slli    sp, sp, 12
core   0: 3 0x000000008000355c (0x00c11113) x2  0x0000000000001000
core   0: 0x0000000080003560 (0x002181b3) add     gp, gp, sp
core   0: 3 0x0000000080003560 (0x002181b3) x3  0x0000000080007010
core   0: 0x0000000080003564 (0xbe81af07) flw     ft10, -1048(gp)
core   0: 3 0x0000000080003564 (0xbe81af07) f30 0xfffffffffbfffbff mem 0x0000000080006bf8
core   0: 0x0000000080003568 (0x402181b3) sub     gp, gp, sp
core   0: 3 0x0000000080003568 (0x402181b3) x3  0x0000000080006010
core   0: 0x000000008000356c (0x00100113) li      sp, 1
core   0: 3 0x000000008000356c (0x00100113) x2  0x0000000000000001
core   0: 0x0000000080003570 (0x00c11113) slli    sp, sp, 12
core   0: 3 0x0000000080003570 (0x00c11113) x2  0x0000000000001000
core   0: 0x0000000080003574 (0x002181b3) add     gp, gp, sp
core   0: 3 0x0000000080003574 (0x002181b3) x3  0x0000000080007010
core   0: 0x0000000080003578 (0xbec1ae87) flw     ft9, -1044(gp)
core   0: 3 0x0000000080003578 (0xbec1ae87) f29 0xffffffff00000000 mem 0x0000000080006bfc
core   0: 0x000000008000357c (0x402181b3) sub     gp, gp, sp
core   0: 3 0x000000008000357c (0x402181b3) x3  0x0000000080006010
core   0: 0x0000000080003580 (0x00100113) li      sp, 1
core   0: 3 0x0000000080003580 (0x00100113) x2  0x0000000000000001
core   0: 0x0000000080003584 (0x00c11113) slli    sp, sp, 12
core   0: 3 0x0000000080003584 (0x00c11113) x2  0x0000000000001000
core   0: 0x0000000080003588 (0x002181b3) add     gp, gp, sp
core   0: 3 0x0000000080003588 (0x002181b3) x3  0x0000000080007010
core   0: 0x000000008000358c (0xbf01ae07) flw     ft8, -1040(gp)
core   0: 3 0x000000008000358c (0xbf01ae07) f28 0xffffffffffff0000 mem 0x0000000080006c00
core   0: 0x0000000080003590 (0x402181b3) sub     gp, gp, sp
core   0: 3 0x0000000080003590 (0x402181b3) x3  0x0000000080006010
core   0: 0x0000000080003594 (0x00000113) li      sp, 0
core   0: 3 0x0000000080003594 (0x00000113) x2  0x0000000000000000
core   0: 0x0000000080003598 (0x00311073) csrw    fcsr, sp
core   0: 3 0x0000000080003598 (0x00311073) c1_fflags 0x0000000000000000 c2_frm 0x0000000000000000
core   0: 0x000000008000359c (0xe5df7fcf) fnmadd.h ft11, ft10, ft9, ft8
core   0: 3 0x000000008000359c (0xe5df7fcf) f31 0xffffffffffff7e00
core   0: 0x00000000800035a0 (0x00302273) csrr    tp, fcsr
core   0: 3 0x00000000800035a0 (0x00302273) x4  0x0000000000000000
core   0: 0x00000000800035a4 (0x7ff0a027) fsw     ft11, 2016(ra)
core   0: 3 0x00000000800035a4 (0x7ff0a027) mem 0x000000008000a0f8 0xffff7e00
core   0: 0x00000000800035a8 (0x7e40b423) sd      tp, 2024(ra)
core   0: 3 0x00000000800035a8 (0x7e40b423) mem 0x000000008000a100 0x0000000000000000
core   0: >>>>  inst_255
core   0: 0x00000000800035ac (0x00100113) li      sp, 1
core   0: 3 0x00000000800035ac (0x00100113) x2  0x0000000000000001
core   0: 0x00000000800035b0 (0x00c11113) slli    sp, sp, 12
core   0: 3 0x00000000800035b0 (0x00c11113) x2  0x0000000000001000
core   0: 0x00000000800035b4 (0x002181b3) add     gp, gp, sp
core   0: 3 0x00000000800035b4 (0x002181b3) x3  0x0000000080007010
core   0: 0x00000000800035b8 (0xbf41af07) flw     ft10, -1036(gp)
core   0: 3 0x00000000800035b8 (0xbf41af07) f30 0xffffffff7b9d7b9d mem 0x0000000080006c04
core   0: 0x00000000800035bc (0x402181b3) sub     gp, gp, sp
core   0: 3 0x00000000800035bc (0x402181b3) x3  0x0000000080006010
core   0: 0x00000000800035c0 (0x00100113) li      sp, 1
core   0: 3 0x00000000800035c0 (0x00100113) x2  0x0000000000000001
core   0: 0x00000000800035c4 (0x00c11113) slli    sp, sp, 12
core   0: 3 0x00000000800035c4 (0x00c11113) x2  0x0000000000001000
core   0: 0x00000000800035c8 (0x002181b3) add     gp, gp, sp
core   0: 3 0x00000000800035c8 (0x002181b3) x3  0x0000000080007010
core   0: 0x00000000800035cc (0xbf81ae87) flw     ft9, -1032(gp)
core   0: 3 0x00000000800035cc (0xbf81ae87) f29 0xffffffff00000000 mem 0x0000000080006c08
core   0: 0x00000000800035d0 (0x402181b3) sub     gp, gp, sp
core   0: 3 0x00000000800035d0 (0x402181b3) x3  0x0000000080006010
core   0: 0x00000000800035d4 (0x00100113) li      sp, 1
core   0: 3 0x00000000800035d4 (0x00100113) x2  0x0000000000000001
core   0: 0x00000000800035d8 (0x00c11113) slli    sp, sp, 12
core   0: 3 0x00000000800035d8 (0x00c11113) x2  0x0000000000001000
core   0: 0x00000000800035dc (0x002181b3) add     gp, gp, sp
core   0: 3 0x00000000800035dc (0x002181b3) x3  0x0000000080007010
core   0: 0x00000000800035e0 (0xbfc1ae07) flw     ft8, -1028(gp)
core   0: 3 0x00000000800035e0 (0xbfc1ae07) f28 0xffffffffffff0000 mem 0x0000000080006c0c
core   0: 0x00000000800035e4 (0x402181b3) sub     gp, gp, sp
core   0: 3 0x00000000800035e4 (0x402181b3) x3  0x0000000080006010
core   0: 0x00000000800035e8 (0x00000113) li      sp, 0
core   0: 3 0x00000000800035e8 (0x00000113) x2  0x0000000000000000
core   0: 0x00000000800035ec (0x00311073) csrw    fcsr, sp
core   0: 3 0x00000000800035ec (0x00311073) c1_fflags 0x0000000000000000 c2_frm 0x0000000000000000
core   0: 0x00000000800035f0 (0xe5df7fcf) fnmadd.h ft11, ft10, ft9, ft8
core   0: 3 0x00000000800035f0 (0xe5df7fcf) f31 0xffffffffffff7e00
core   0: 0x00000000800035f4 (0x00302273) csrr    tp, fcsr
core   0: 3 0x00000000800035f4 (0x00302273) x4  0x0000000000000000
core   0: 0x00000000800035f8 (0x7ff0a827) fsw     ft11, 2032(ra)
core   0: 3 0x00000000800035f8 (0x7ff0a827) mem 0x000000008000a108 0xffff7e00
core   0: 0x00000000800035fc (0x7e40bc23) sd      tp, 2040(ra)
core   0: 3 0x00000000800035fc (0x7e40bc23) mem 0x000000008000a110 0x0000000000000000
core   0: 0x0000000080003600 (0x00007097) auipc   ra, 0x7
core   0: 3 0x0000000080003600 (0x00007097) x1  0x000000008000a600
core   0: 0x0000000080003604 (0xb1808093) addi    ra, ra, -1256
core   0: 3 0x0000000080003604 (0xb1808093) x1  0x000000008000a118
core   0: 0x0000000080003608 (0x00000013) nop
core   0: 3 0x0000000080003608 (0x00000013)
core   0: 0x000000008000360c (0x00000013) nop
core   0: 3 0x000000008000360c (0x00000013)
core   0: 0x0000000080003610 (0x00000013) nop
core   0: 3 0x0000000080003610 (0x00000013)
core   0: 0x0000000080003614 (0x00000013) nop
core   0: 3 0x0000000080003614 (0x00000013)
core   0: 0x0000000080003618 (0x00000013) nop
core   0: 3 0x0000000080003618 (0x00000013)
core   0: 0x000000008000361c (0x00000013) nop
core   0: 3 0x000000008000361c (0x00000013)
core   0: >>>>  inst_256
core   0: 0x0000000080003620 (0x00100113) li      sp, 1
core   0: 3 0x0000000080003620 (0x00100113) x2  0x0000000000000001
core   0: 0x0000000080003624 (0x00c11113) slli    sp, sp, 12
core   0: 3 0x0000000080003624 (0x00c11113) x2  0x0000000000001000
core   0: 0x0000000080003628 (0x002181b3) add     gp, gp, sp
core   0: 3 0x0000000080003628 (0x002181b3) x3  0x0000000080007010
core   0: 0x000000008000362c (0xc001af07) flw     ft10, -1024(gp)
core   0: 3 0x000000008000362c (0xc001af07) f30 0xffffffff80008000 mem 0x0000000080006c10
core   0: 0x0000000080003630 (0x402181b3) sub     gp, gp, sp
core   0: 3 0x0000000080003630 (0x402181b3) x3  0x0000000080006010
core   0: 0x0000000080003634 (0x00100113) li      sp, 1
core   0: 3 0x0000000080003634 (0x00100113) x2  0x0000000000000001
core   0: 0x0000000080003638 (0x00c11113) slli    sp, sp, 12
core   0: 3 0x0000000080003638 (0x00c11113) x2  0x0000000000001000
core   0: 0x000000008000363c (0x002181b3) add     gp, gp, sp
core   0: 3 0x000000008000363c (0x002181b3) x3  0x0000000080007010
core   0: 0x0000000080003640 (0xc041ae87) flw     ft9, -1020(gp)
core   0: 3 0x0000000080003640 (0xc041ae87) f29 0xffffffff00000000 mem 0x0000000080006c14
core   0: 0x0000000080003644 (0x402181b3) sub     gp, gp, sp
core   0: 3 0x0000000080003644 (0x402181b3) x3  0x0000000080006010
core   0: 0x0000000080003648 (0x00100113) li      sp, 1
core   0: 3 0x0000000080003648 (0x00100113) x2  0x0000000000000001
core   0: 0x000000008000364c (0x00c11113) slli    sp, sp, 12
core   0: 3 0x000000008000364c (0x00c11113) x2  0x0000000000001000
core   0: 0x0000000080003650 (0x002181b3) add     gp, gp, sp
core   0: 3 0x0000000080003650 (0x002181b3) x3  0x0000000080007010
core   0: 0x0000000080003654 (0xc081ae07) flw     ft8, -1016(gp)
core   0: 3 0x0000000080003654 (0xc081ae07) f28 0xffffffffffff0000 mem 0x0000000080006c18
core   0: 0x0000000080003658 (0x402181b3) sub     gp, gp, sp
core   0: 3 0x0000000080003658 (0x402181b3) x3  0x0000000080006010
core   0: 0x000000008000365c (0x00000113) li      sp, 0
core   0: 3 0x000000008000365c (0x00000113) x2  0x0000000000000000
core   0: 0x0000000080003660 (0x00311073) csrw    fcsr, sp
core   0: 3 0x0000000080003660 (0x00311073) c1_fflags 0x0000000000000000 c2_frm 0x0000000000000000
core   0: 0x0000000080003664 (0xe5df7fcf) fnmadd.h ft11, ft10, ft9, ft8
core   0: 3 0x0000000080003664 (0xe5df7fcf) f31 0xffffffffffff7e00
core   0: 0x0000000080003668 (0x00302273) csrr    tp, fcsr
core   0: 3 0x0000000080003668 (0x00302273) x4  0x0000000000000000
core   0: 0x000000008000366c (0x01f0a027) fsw     ft11, 0(ra)
core   0: 3 0x000000008000366c (0x01f0a027) mem 0x000000008000a118 0xffff7e00
core   0: 0x0000000080003670 (0x0040b423) sd      tp, 8(ra)
core   0: 3 0x0000000080003670 (0x0040b423) mem 0x000000008000a120 0x0000000000000000
core   0: >>>>  inst_257
core   0: 0x0000000080003674 (0x00100113) li      sp, 1
core   0: 3 0x0000000080003674 (0x00100113) x2  0x0000000000000001
core   0: 0x0000000080003678 (0x00c11113) slli    sp, sp, 12
core   0: 3 0x0000000080003678 (0x00c11113) x2  0x0000000000001000
core   0: 0x000000008000367c (0x002181b3) add     gp, gp, sp
core   0: 3 0x000000008000367c (0x002181b3) x3  0x0000000080007010
core   0: 0x0000000080003680 (0xc0c1af07) flw     ft10, -1012(gp)
core   0: 3 0x0000000080003680 (0xc0c1af07) f30 0xfffffffffbfffbff mem 0x0000000080006c1c
core   0: 0x0000000080003684 (0x402181b3) sub     gp, gp, sp
core   0: 3 0x0000000080003684 (0x402181b3) x3  0x0000000080006010
core   0: 0x0000000080003688 (0x00100113) li      sp, 1
core   0: 3 0x0000000080003688 (0x00100113) x2  0x0000000000000001
core   0: 0x000000008000368c (0x00c11113) slli    sp, sp, 12
core   0: 3 0x000000008000368c (0x00c11113) x2  0x0000000000001000
core   0: 0x0000000080003690 (0x002181b3) add     gp, gp, sp
core   0: 3 0x0000000080003690 (0x002181b3) x3  0x0000000080007010
core   0: 0x0000000080003694 (0xc101ae87) flw     ft9, -1008(gp)
core   0: 3 0x0000000080003694 (0xc101ae87) f29 0xffffffff00000000 mem 0x0000000080006c20
core   0: 0x0000000080003698 (0x402181b3) sub     gp, gp, sp
core   0: 3 0x0000000080003698 (0x402181b3) x3  0x0000000080006010
core   0: 0x000000008000369c (0x00100113) li      sp, 1
core   0: 3 0x000000008000369c (0x00100113) x2  0x0000000000000001
core   0: 0x00000000800036a0 (0x00c11113) slli    sp, sp, 12
core   0: 3 0x00000000800036a0 (0x00c11113) x2  0x0000000000001000
core   0: 0x00000000800036a4 (0x002181b3) add     gp, gp, sp
core   0: 3 0x00000000800036a4 (0x002181b3) x3  0x0000000080007010
core   0: 0x00000000800036a8 (0xc141ae07) flw     ft8, -1004(gp)
core   0: 3 0x00000000800036a8 (0xc141ae07) f28 0xffffffffffff0000 mem 0x0000000080006c24
core   0: 0x00000000800036ac (0x402181b3) sub     gp, gp, sp
core   0: 3 0x00000000800036ac (0x402181b3) x3  0x0000000080006010
core   0: 0x00000000800036b0 (0x00000113) li      sp, 0
core   0: 3 0x00000000800036b0 (0x00000113) x2  0x0000000000000000
core   0: 0x00000000800036b4 (0x00311073) csrw    fcsr, sp
core   0: 3 0x00000000800036b4 (0x00311073) c1_fflags 0x0000000000000000 c2_frm 0x0000000000000000
core   0: 0x00000000800036b8 (0xe5df7fcf) fnmadd.h ft11, ft10, ft9, ft8
core   0: 3 0x00000000800036b8 (0xe5df7fcf) f31 0xffffffffffff7e00
core   0: 0x00000000800036bc (0x00302273) csrr    tp, fcsr
core   0: 3 0x00000000800036bc (0x00302273) x4  0x0000000000000000
core   0: 0x00000000800036c0 (0x01f0a827) fsw     ft11, 16(ra)
core   0: 3 0x00000000800036c0 (0x01f0a827) mem 0x000000008000a128 0xffff7e00
core   0: 0x00000000800036c4 (0x0040bc23) sd      tp, 24(ra)
core   0: 3 0x00000000800036c4 (0x0040bc23) mem 0x000000008000a130 0x0000000000000000
core   0: >>>>  inst_258
core   0: 0x00000000800036c8 (0x00100113) li      sp, 1
core   0: 3 0x00000000800036c8 (0x00100113) x2  0x0000000000000001
core   0: 0x00000000800036cc (0x00c11113) slli    sp, sp, 12
core   0: 3 0x00000000800036cc (0x00c11113) x2  0x0000000000001000
core   0: 0x00000000800036d0 (0x002181b3) add     gp, gp, sp
core   0: 3 0x00000000800036d0 (0x002181b3) x3  0x0000000080007010
core   0: 0x00000000800036d4 (0xc181af07) flw     ft10, -1000(gp)
core   0: 3 0x00000000800036d4 (0xc181af07) f30 0xffffffff789e789e mem 0x0000000080006c28
core   0: 0x00000000800036d8 (0x402181b3) sub     gp, gp, sp
core   0: 3 0x00000000800036d8 (0x402181b3) x3  0x0000000080006010
core   0: 0x00000000800036dc (0x00100113) li      sp, 1
core   0: 3 0x00000000800036dc (0x00100113) x2  0x0000000000000001
core   0: 0x00000000800036e0 (0x00c11113) slli    sp, sp, 12
core   0: 3 0x00000000800036e0 (0x00c11113) x2  0x0000000000001000
core   0: 0x00000000800036e4 (0x002181b3) add     gp, gp, sp
core   0: 3 0x00000000800036e4 (0x002181b3) x3  0x0000000080007010
core   0: 0x00000000800036e8 (0xc1c1ae87) flw     ft9, -996(gp)
core   0: 3 0x00000000800036e8 (0xc1c1ae87) f29 0xffffffff00000000 mem 0x0000000080006c2c
core   0: 0x00000000800036ec (0x402181b3) sub     gp, gp, sp
core   0: 3 0x00000000800036ec (0x402181b3) x3  0x0000000080006010
core   0: 0x00000000800036f0 (0x00100113) li      sp, 1
core   0: 3 0x00000000800036f0 (0x00100113) x2  0x0000000000000001
core   0: 0x00000000800036f4 (0x00c11113) slli    sp, sp, 12
core   0: 3 0x00000000800036f4 (0x00c11113) x2  0x0000000000001000
core   0: 0x00000000800036f8 (0x002181b3) add     gp, gp, sp
core   0: 3 0x00000000800036f8 (0x002181b3) x3  0x0000000080007010
core   0: 0x00000000800036fc (0xc201ae07) flw     ft8, -992(gp)
core   0: 3 0x00000000800036fc (0xc201ae07) f28 0xffffffffffff0000 mem 0x0000000080006c30
core   0: 0x0000000080003700 (0x402181b3) sub     gp, gp, sp
core   0: 3 0x0000000080003700 (0x402181b3) x3  0x0000000080006010
core   0: 0x0000000080003704 (0x00000113) li      sp, 0
core   0: 3 0x0000000080003704 (0x00000113) x2  0x0000000000000000
core   0: 0x0000000080003708 (0x00311073) csrw    fcsr, sp
core   0: 3 0x0000000080003708 (0x00311073) c1_fflags 0x0000000000000000 c2_frm 0x0000000000000000
core   0: 0x000000008000370c (0xe5df7fcf) fnmadd.h ft11, ft10, ft9, ft8
core   0: 3 0x000000008000370c (0xe5df7fcf) f31 0xffffffffffff7e00
core   0: 0x0000000080003710 (0x00302273) csrr    tp, fcsr
core   0: 3 0x0000000080003710 (0x00302273) x4  0x0000000000000000
core   0: 0x0000000080003714 (0x03f0a027) fsw     ft11, 32(ra)
core   0: 3 0x0000000080003714 (0x03f0a027) mem 0x000000008000a138 0xffff7e00
core   0: 0x0000000080003718 (0x0240b423) sd      tp, 40(ra)
core   0: 3 0x0000000080003718 (0x0240b423) mem 0x000000008000a140 0x0000000000000000
core   0: >>>>  inst_259
core   0: 0x000000008000371c (0x00100113) li      sp, 1
core   0: 3 0x000000008000371c (0x00100113) x2  0x0000000000000001
core   0: 0x0000000080003720 (0x00c11113) slli    sp, sp, 12
core   0: 3 0x0000000080003720 (0x00c11113) x2  0x0000000000001000
core   0: 0x0000000080003724 (0x002181b3) add     gp, gp, sp
core   0: 3 0x0000000080003724 (0x002181b3) x3  0x0000000080007010
core   0: 0x0000000080003728 (0xc241af07) flw     ft10, -988(gp)
core   0: 3 0x0000000080003728 (0xc241af07) f30 0xffffffff80008000 mem 0x0000000080006c34
core   0: 0x000000008000372c (0x402181b3) sub     gp, gp, sp
core   0: 3 0x000000008000372c (0x402181b3) x3  0x0000000080006010
core   0: 0x0000000080003730 (0x00100113) li      sp, 1
core   0: 3 0x0000000080003730 (0x00100113) x2  0x0000000000000001
core   0: 0x0000000080003734 (0x00c11113) slli    sp, sp, 12
core   0: 3 0x0000000080003734 (0x00c11113) x2  0x0000000000001000
core   0: 0x0000000080003738 (0x002181b3) add     gp, gp, sp
core   0: 3 0x0000000080003738 (0x002181b3) x3  0x0000000080007010
core   0: 0x000000008000373c (0xc281ae87) flw     ft9, -984(gp)
core   0: 3 0x000000008000373c (0xc281ae87) f29 0xffffffff00000000 mem 0x0000000080006c38
core   0: 0x0000000080003740 (0x402181b3) sub     gp, gp, sp
core   0: 3 0x0000000080003740 (0x402181b3) x3  0x0000000080006010
core   0: 0x0000000080003744 (0x00100113) li      sp, 1
core   0: 3 0x0000000080003744 (0x00100113) x2  0x0000000000000001
core   0: 0x0000000080003748 (0x00c11113) slli    sp, sp, 12
core   0: 3 0x0000000080003748 (0x00c11113) x2  0x0000000000001000
core   0: 0x000000008000374c (0x002181b3) add     gp, gp, sp
core   0: 3 0x000000008000374c (0x002181b3) x3  0x0000000080007010
core   0: 0x0000000080003750 (0xc2c1ae07) flw     ft8, -980(gp)
core   0: 3 0x0000000080003750 (0xc2c1ae07) f28 0xffffffffffff0000 mem 0x0000000080006c3c
core   0: 0x0000000080003754 (0x402181b3) sub     gp, gp, sp
core   0: 3 0x0000000080003754 (0x402181b3) x3  0x0000000080006010
core   0: 0x0000000080003758 (0x00000113) li      sp, 0
core   0: 3 0x0000000080003758 (0x00000113) x2  0x0000000000000000
core   0: 0x000000008000375c (0x00311073) csrw    fcsr, sp
core   0: 3 0x000000008000375c (0x00311073) c1_fflags 0x0000000000000000 c2_frm 0x0000000000000000
core   0: 0x0000000080003760 (0xe5df7fcf) fnmadd.h ft11, ft10, ft9, ft8
core   0: 3 0x0000000080003760 (0xe5df7fcf) f31 0xffffffffffff7e00
core   0: 0x0000000080003764 (0x00302273) csrr    tp, fcsr
core   0: 3 0x0000000080003764 (0x00302273) x4  0x0000000000000000
core   0: 0x0000000080003768 (0x03f0a827) fsw     ft11, 48(ra)
core   0: 3 0x0000000080003768 (0x03f0a827) mem 0x000000008000a148 0xffff7e00
core   0: 0x000000008000376c (0x0240bc23) sd      tp, 56(ra)
core   0: 3 0x000000008000376c (0x0240bc23) mem 0x000000008000a150 0x0000000000000000
core   0: >>>>  inst_260
core   0: 0x0000000080003770 (0x00100113) li      sp, 1
core   0: 3 0x0000000080003770 (0x00100113) x2  0x0000000000000001
core   0: 0x0000000080003774 (0x00c11113) slli    sp, sp, 12
core   0: 3 0x0000000080003774 (0x00c11113) x2  0x0000000000001000
core   0: 0x0000000080003778 (0x002181b3) add     gp, gp, sp
core   0: 3 0x0000000080003778 (0x002181b3) x3  0x0000000080007010
core   0: 0x000000008000377c (0xc301af07) flw     ft10, -976(gp)
core   0: 3 0x000000008000377c (0xc301af07) f30 0xfffffffffbfffbff mem 0x0000000080006c40
core   0: 0x0000000080003780 (0x402181b3) sub     gp, gp, sp
core   0: 3 0x0000000080003780 (0x402181b3) x3  0x0000000080006010
core   0: 0x0000000080003784 (0x00100113) li      sp, 1
core   0: 3 0x0000000080003784 (0x00100113) x2  0x0000000000000001
core   0: 0x0000000080003788 (0x00c11113) slli    sp, sp, 12
core   0: 3 0x0000000080003788 (0x00c11113) x2  0x0000000000001000
core   0: 0x000000008000378c (0x002181b3) add     gp, gp, sp
core   0: 3 0x000000008000378c (0x002181b3) x3  0x0000000080007010
core   0: 0x0000000080003790 (0xc341ae87) flw     ft9, -972(gp)
core   0: 3 0x0000000080003790 (0xc341ae87) f29 0xffffffff00000000 mem 0x0000000080006c44
core   0: 0x0000000080003794 (0x402181b3) sub     gp, gp, sp
core   0: 3 0x0000000080003794 (0x402181b3) x3  0x0000000080006010
core   0: 0x0000000080003798 (0x00100113) li      sp, 1
core   0: 3 0x0000000080003798 (0x00100113) x2  0x0000000000000001
core   0: 0x000000008000379c (0x00c11113) slli    sp, sp, 12
core   0: 3 0x000000008000379c (0x00c11113) x2  0x0000000000001000
core   0: 0x00000000800037a0 (0x002181b3) add     gp, gp, sp
core   0: 3 0x00000000800037a0 (0x002181b3) x3  0x0000000080007010
core   0: 0x00000000800037a4 (0xc381ae07) flw     ft8, -968(gp)
core   0: 3 0x00000000800037a4 (0xc381ae07) f28 0xffffffffffff0000 mem 0x0000000080006c48
core   0: 0x00000000800037a8 (0x402181b3) sub     gp, gp, sp
core   0: 3 0x00000000800037a8 (0x402181b3) x3  0x0000000080006010
core   0: 0x00000000800037ac (0x00000113) li      sp, 0
core   0: 3 0x00000000800037ac (0x00000113) x2  0x0000000000000000
core   0: 0x00000000800037b0 (0x00311073) csrw    fcsr, sp
core   0: 3 0x00000000800037b0 (0x00311073) c1_fflags 0x0000000000000000 c2_frm 0x0000000000000000
core   0: 0x00000000800037b4 (0xe5df7fcf) fnmadd.h ft11, ft10, ft9, ft8
core   0: 3 0x00000000800037b4 (0xe5df7fcf) f31 0xffffffffffff7e00
core   0: 0x00000000800037b8 (0x00302273) csrr    tp, fcsr
core   0: 3 0x00000000800037b8 (0x00302273) x4  0x0000000000000000
core   0: 0x00000000800037bc (0x05f0a027) fsw     ft11, 64(ra)
core   0: 3 0x00000000800037bc (0x05f0a027) mem 0x000000008000a158 0xffff7e00
core   0: 0x00000000800037c0 (0x0440b423) sd      tp, 72(ra)
core   0: 3 0x00000000800037c0 (0x0440b423) mem 0x000000008000a160 0x0000000000000000
core   0: >>>>  inst_261
core   0: 0x00000000800037c4 (0x00100113) li      sp, 1
core   0: 3 0x00000000800037c4 (0x00100113) x2  0x0000000000000001
core   0: 0x00000000800037c8 (0x00c11113) slli    sp, sp, 12
core   0: 3 0x00000000800037c8 (0x00c11113) x2  0x0000000000001000
core   0: 0x00000000800037cc (0x002181b3) add     gp, gp, sp
core   0: 3 0x00000000800037cc (0x002181b3) x3  0x0000000080007010
core   0: 0x00000000800037d0 (0xc3c1af07) flw     ft10, -964(gp)
core   0: 3 0x00000000800037d0 (0xc3c1af07) f30 0xffffffff77577757 mem 0x0000000080006c4c
core   0: 0x00000000800037d4 (0x402181b3) sub     gp, gp, sp
core   0: 3 0x00000000800037d4 (0x402181b3) x3  0x0000000080006010
core   0: 0x00000000800037d8 (0x00100113) li      sp, 1
core   0: 3 0x00000000800037d8 (0x00100113) x2  0x0000000000000001
core   0: 0x00000000800037dc (0x00c11113) slli    sp, sp, 12
core   0: 3 0x00000000800037dc (0x00c11113) x2  0x0000000000001000
core   0: 0x00000000800037e0 (0x002181b3) add     gp, gp, sp
core   0: 3 0x00000000800037e0 (0x002181b3) x3  0x0000000080007010
core   0: 0x00000000800037e4 (0xc401ae87) flw     ft9, -960(gp)
core   0: 3 0x00000000800037e4 (0xc401ae87) f29 0xffffffff00000000 mem 0x0000000080006c50
core   0: 0x00000000800037e8 (0x402181b3) sub     gp, gp, sp
core   0: 3 0x00000000800037e8 (0x402181b3) x3  0x0000000080006010
core   0: 0x00000000800037ec (0x00100113) li      sp, 1
core   0: 3 0x00000000800037ec (0x00100113) x2  0x0000000000000001
core   0: 0x00000000800037f0 (0x00c11113) slli    sp, sp, 12
core   0: 3 0x00000000800037f0 (0x00c11113) x2  0x0000000000001000
core   0: 0x00000000800037f4 (0x002181b3) add     gp, gp, sp
core   0: 3 0x00000000800037f4 (0x002181b3) x3  0x0000000080007010
core   0: 0x00000000800037f8 (0xc441ae07) flw     ft8, -956(gp)
core   0: 3 0x00000000800037f8 (0xc441ae07) f28 0xffffffffffff0000 mem 0x0000000080006c54
core   0: 0x00000000800037fc (0x402181b3) sub     gp, gp, sp
core   0: 3 0x00000000800037fc (0x402181b3) x3  0x0000000080006010
core   0: 0x0000000080003800 (0x00000113) li      sp, 0
core   0: 3 0x0000000080003800 (0x00000113) x2  0x0000000000000000
core   0: 0x0000000080003804 (0x00311073) csrw    fcsr, sp
core   0: 3 0x0000000080003804 (0x00311073) c1_fflags 0x0000000000000000 c2_frm 0x0000000000000000
core   0: 0x0000000080003808 (0xe5df7fcf) fnmadd.h ft11, ft10, ft9, ft8
core   0: 3 0x0000000080003808 (0xe5df7fcf) f31 0xffffffffffff7e00
core   0: 0x000000008000380c (0x00302273) csrr    tp, fcsr
core   0: 3 0x000000008000380c (0x00302273) x4  0x0000000000000000
core   0: 0x0000000080003810 (0x05f0a827) fsw     ft11, 80(ra)
core   0: 3 0x0000000080003810 (0x05f0a827) mem 0x000000008000a168 0xffff7e00
core   0: 0x0000000080003814 (0x0440bc23) sd      tp, 88(ra)
core   0: 3 0x0000000080003814 (0x0440bc23) mem 0x000000008000a170 0x0000000000000000
core   0: >>>>  inst_262
core   0: 0x0000000080003818 (0x00100113) li      sp, 1
core   0: 3 0x0000000080003818 (0x00100113) x2  0x0000000000000001
core   0: 0x000000008000381c (0x00c11113) slli    sp, sp, 12
core   0: 3 0x000000008000381c (0x00c11113) x2  0x0000000000001000
core   0: 0x0000000080003820 (0x002181b3) add     gp, gp, sp
core   0: 3 0x0000000080003820 (0x002181b3) x3  0x0000000080007010
core   0: 0x0000000080003824 (0xc481af07) flw     ft10, -952(gp)
core   0: 3 0x0000000080003824 (0xc481af07) f30 0xffffffff80008000 mem 0x0000000080006c58
core   0: 0x0000000080003828 (0x402181b3) sub     gp, gp, sp
core   0: 3 0x0000000080003828 (0x402181b3) x3  0x0000000080006010
core   0: 0x000000008000382c (0x00100113) li      sp, 1
core   0: 3 0x000000008000382c (0x00100113) x2  0x0000000000000001
core   0: 0x0000000080003830 (0x00c11113) slli    sp, sp, 12
core   0: 3 0x0000000080003830 (0x00c11113) x2  0x0000000000001000
core   0: 0x0000000080003834 (0x002181b3) add     gp, gp, sp
core   0: 3 0x0000000080003834 (0x002181b3) x3  0x0000000080007010
core   0: 0x0000000080003838 (0xc4c1ae87) flw     ft9, -948(gp)
core   0: 3 0x0000000080003838 (0xc4c1ae87) f29 0xffffffff00000000 mem 0x0000000080006c5c
core   0: 0x000000008000383c (0x402181b3) sub     gp, gp, sp
core   0: 3 0x000000008000383c (0x402181b3) x3  0x0000000080006010
core   0: 0x0000000080003840 (0x00100113) li      sp, 1
core   0: 3 0x0000000080003840 (0x00100113) x2  0x0000000000000001
core   0: 0x0000000080003844 (0x00c11113) slli    sp, sp, 12
core   0: 3 0x0000000080003844 (0x00c11113) x2  0x0000000000001000
core   0: 0x0000000080003848 (0x002181b3) add     gp, gp, sp
core   0: 3 0x0000000080003848 (0x002181b3) x3  0x0000000080007010
core   0: 0x000000008000384c (0xc501ae07) flw     ft8, -944(gp)
core   0: 3 0x000000008000384c (0xc501ae07) f28 0xffffffffffff0000 mem 0x0000000080006c60
core   0: 0x0000000080003850 (0x402181b3) sub     gp, gp, sp
core   0: 3 0x0000000080003850 (0x402181b3) x3  0x0000000080006010
core   0: 0x0000000080003854 (0x00000113) li      sp, 0
core   0: 3 0x0000000080003854 (0x00000113) x2  0x0000000000000000
core   0: 0x0000000080003858 (0x00311073) csrw    fcsr, sp
core   0: 3 0x0000000080003858 (0x00311073) c1_fflags 0x0000000000000000 c2_frm 0x0000000000000000
core   0: 0x000000008000385c (0xe5df7fcf) fnmadd.h ft11, ft10, ft9, ft8
core   0: 3 0x000000008000385c (0xe5df7fcf) f31 0xffffffffffff7e00
core   0: 0x0000000080003860 (0x00302273) csrr    tp, fcsr
core   0: 3 0x0000000080003860 (0x00302273) x4  0x0000000000000000
core   0: 0x0000000080003864 (0x07f0a027) fsw     ft11, 96(ra)
core   0: 3 0x0000000080003864 (0x07f0a027) mem 0x000000008000a178 0xffff7e00
core   0: 0x0000000080003868 (0x0640b423) sd      tp, 104(ra)
core   0: 3 0x0000000080003868 (0x0640b423) mem 0x000000008000a180 0x0000000000000000
core   0: >>>>  inst_263
core   0: 0x000000008000386c (0x00100113) li      sp, 1
core   0: 3 0x000000008000386c (0x00100113) x2  0x0000000000000001
core   0: 0x0000000080003870 (0x00c11113) slli    sp, sp, 12
core   0: 3 0x0000000080003870 (0x00c11113) x2  0x0000000000001000
core   0: 0x0000000080003874 (0x002181b3) add     gp, gp, sp
core   0: 3 0x0000000080003874 (0x002181b3) x3  0x0000000080007010
core   0: 0x0000000080003878 (0xc541af07) flw     ft10, -940(gp)
core   0: 3 0x0000000080003878 (0xc541af07) f30 0xfffffffffbfffbff mem 0x0000000080006c64
core   0: 0x000000008000387c (0x402181b3) sub     gp, gp, sp
core   0: 3 0x000000008000387c (0x402181b3) x3  0x0000000080006010
core   0: 0x0000000080003880 (0x00100113) li      sp, 1
core   0: 3 0x0000000080003880 (0x00100113) x2  0x0000000000000001
core   0: 0x0000000080003884 (0x00c11113) slli    sp, sp, 12
core   0: 3 0x0000000080003884 (0x00c11113) x2  0x0000000000001000
core   0: 0x0000000080003888 (0x002181b3) add     gp, gp, sp
core   0: 3 0x0000000080003888 (0x002181b3) x3  0x0000000080007010
core   0: 0x000000008000388c (0xc581ae87) flw     ft9, -936(gp)
core   0: 3 0x000000008000388c (0xc581ae87) f29 0xffffffff00000000 mem 0x0000000080006c68
core   0: 0x0000000080003890 (0x402181b3) sub     gp, gp, sp
core   0: 3 0x0000000080003890 (0x402181b3) x3  0x0000000080006010
core   0: 0x0000000080003894 (0x00100113) li      sp, 1
core   0: 3 0x0000000080003894 (0x00100113) x2  0x0000000000000001
core   0: 0x0000000080003898 (0x00c11113) slli    sp, sp, 12
core   0: 3 0x0000000080003898 (0x00c11113) x2  0x0000000000001000
core   0: 0x000000008000389c (0x002181b3) add     gp, gp, sp
core   0: 3 0x000000008000389c (0x002181b3) x3  0x0000000080007010
core   0: 0x00000000800038a0 (0xc5c1ae07) flw     ft8, -932(gp)
core   0: 3 0x00000000800038a0 (0xc5c1ae07) f28 0xffffffffffff0000 mem 0x0000000080006c6c
core   0: 0x00000000800038a4 (0x402181b3) sub     gp, gp, sp
core   0: 3 0x00000000800038a4 (0x402181b3) x3  0x0000000080006010
core   0: 0x00000000800038a8 (0x00000113) li      sp, 0
core   0: 3 0x00000000800038a8 (0x00000113) x2  0x0000000000000000
core   0: 0x00000000800038ac (0x00311073) csrw    fcsr, sp
core   0: 3 0x00000000800038ac (0x00311073) c1_fflags 0x0000000000000000 c2_frm 0x0000000000000000
core   0: 0x00000000800038b0 (0xe5df7fcf) fnmadd.h ft11, ft10, ft9, ft8
core   0: 3 0x00000000800038b0 (0xe5df7fcf) f31 0xffffffffffff7e00
core   0: 0x00000000800038b4 (0x00302273) csrr    tp, fcsr
core   0: 3 0x00000000800038b4 (0x00302273) x4  0x0000000000000000
core   0: 0x00000000800038b8 (0x07f0a827) fsw     ft11, 112(ra)
core   0: 3 0x00000000800038b8 (0x07f0a827) mem 0x000000008000a188 0xffff7e00
core   0: 0x00000000800038bc (0x0640bc23) sd      tp, 120(ra)
core   0: 3 0x00000000800038bc (0x0640bc23) mem 0x000000008000a190 0x0000000000000000
core   0: >>>>  inst_264
core   0: 0x00000000800038c0 (0x00100113) li      sp, 1
core   0: 3 0x00000000800038c0 (0x00100113) x2  0x0000000000000001
core   0: 0x00000000800038c4 (0x00c11113) slli    sp, sp, 12
core   0: 3 0x00000000800038c4 (0x00c11113) x2  0x0000000000001000
core   0: 0x00000000800038c8 (0x002181b3) add     gp, gp, sp
core   0: 3 0x00000000800038c8 (0x002181b3) x3  0x0000000080007010
core   0: 0x00000000800038cc (0xc601af07) flw     ft10, -928(gp)
core   0: 3 0x00000000800038cc (0xc601af07) f30 0xffffffff744e744e mem 0x0000000080006c70
core   0: 0x00000000800038d0 (0x402181b3) sub     gp, gp, sp
core   0: 3 0x00000000800038d0 (0x402181b3) x3  0x0000000080006010
core   0: 0x00000000800038d4 (0x00100113) li      sp, 1
core   0: 3 0x00000000800038d4 (0x00100113) x2  0x0000000000000001
core   0: 0x00000000800038d8 (0x00c11113) slli    sp, sp, 12
core   0: 3 0x00000000800038d8 (0x00c11113) x2  0x0000000000001000
core   0: 0x00000000800038dc (0x002181b3) add     gp, gp, sp
core   0: 3 0x00000000800038dc (0x002181b3) x3  0x0000000080007010
core   0: 0x00000000800038e0 (0xc641ae87) flw     ft9, -924(gp)
core   0: 3 0x00000000800038e0 (0xc641ae87) f29 0xffffffff00000000 mem 0x0000000080006c74
core   0: 0x00000000800038e4 (0x402181b3) sub     gp, gp, sp
core   0: 3 0x00000000800038e4 (0x402181b3) x3  0x0000000080006010
core   0: 0x00000000800038e8 (0x00100113) li      sp, 1
core   0: 3 0x00000000800038e8 (0x00100113) x2  0x0000000000000001
core   0: 0x00000000800038ec (0x00c11113) slli    sp, sp, 12
core   0: 3 0x00000000800038ec (0x00c11113) x2  0x0000000000001000
core   0: 0x00000000800038f0 (0x002181b3) add     gp, gp, sp
core   0: 3 0x00000000800038f0 (0x002181b3) x3  0x0000000080007010
core   0: 0x00000000800038f4 (0xc681ae07) flw     ft8, -920(gp)
core   0: 3 0x00000000800038f4 (0xc681ae07) f28 0xffffffffffff0000 mem 0x0000000080006c78
core   0: 0x00000000800038f8 (0x402181b3) sub     gp, gp, sp
core   0: 3 0x00000000800038f8 (0x402181b3) x3  0x0000000080006010
core   0: 0x00000000800038fc (0x00000113) li      sp, 0
core   0: 3 0x00000000800038fc (0x00000113) x2  0x0000000000000000
core   0: 0x0000000080003900 (0x00311073) csrw    fcsr, sp
core   0: 3 0x0000000080003900 (0x00311073) c1_fflags 0x0000000000000000 c2_frm 0x0000000000000000
core   0: 0x0000000080003904 (0xe5df7fcf) fnmadd.h ft11, ft10, ft9, ft8
core   0: 3 0x0000000080003904 (0xe5df7fcf) f31 0xffffffffffff7e00
core   0: 0x0000000080003908 (0x00302273) csrr    tp, fcsr
core   0: 3 0x0000000080003908 (0x00302273) x4  0x0000000000000000
core   0: 0x000000008000390c (0x09f0a027) fsw     ft11, 128(ra)
core   0: 3 0x000000008000390c (0x09f0a027) mem 0x000000008000a198 0xffff7e00
core   0: 0x0000000080003910 (0x0840b423) sd      tp, 136(ra)
core   0: 3 0x0000000080003910 (0x0840b423) mem 0x000000008000a1a0 0x0000000000000000
core   0: >>>>  inst_265
core   0: 0x0000000080003914 (0x00100113) li      sp, 1
core   0: 3 0x0000000080003914 (0x00100113) x2  0x0000000000000001
core   0: 0x0000000080003918 (0x00c11113) slli    sp, sp, 12
core   0: 3 0x0000000080003918 (0x00c11113) x2  0x0000000000001000
core   0: 0x000000008000391c (0x002181b3) add     gp, gp, sp
core   0: 3 0x000000008000391c (0x002181b3) x3  0x0000000080007010
core   0: 0x0000000080003920 (0xc6c1af07) flw     ft10, -916(gp)
core   0: 3 0x0000000080003920 (0xc6c1af07) f30 0xffffffff80008000 mem 0x0000000080006c7c
core   0: 0x0000000080003924 (0x402181b3) sub     gp, gp, sp
core   0: 3 0x0000000080003924 (0x402181b3) x3  0x0000000080006010
core   0: 0x0000000080003928 (0x00100113) li      sp, 1
core   0: 3 0x0000000080003928 (0x00100113) x2  0x0000000000000001
core   0: 0x000000008000392c (0x00c11113) slli    sp, sp, 12
core   0: 3 0x000000008000392c (0x00c11113) x2  0x0000000000001000
core   0: 0x0000000080003930 (0x002181b3) add     gp, gp, sp
core   0: 3 0x0000000080003930 (0x002181b3) x3  0x0000000080007010
core   0: 0x0000000080003934 (0xc701ae87) flw     ft9, -912(gp)
core   0: 3 0x0000000080003934 (0xc701ae87) f29 0xffffffff00000000 mem 0x0000000080006c80
core   0: 0x0000000080003938 (0x402181b3) sub     gp, gp, sp
core   0: 3 0x0000000080003938 (0x402181b3) x3  0x0000000080006010
core   0: 0x000000008000393c (0x00100113) li      sp, 1
core   0: 3 0x000000008000393c (0x00100113) x2  0x0000000000000001
core   0: 0x0000000080003940 (0x00c11113) slli    sp, sp, 12
core   0: 3 0x0000000080003940 (0x00c11113) x2  0x0000000000001000
core   0: 0x0000000080003944 (0x002181b3) add     gp, gp, sp
core   0: 3 0x0000000080003944 (0x002181b3) x3  0x0000000080007010
core   0: 0x0000000080003948 (0xc741ae07) flw     ft8, -908(gp)
core   0: 3 0x0000000080003948 (0xc741ae07) f28 0xffffffffffff0000 mem 0x0000000080006c84
core   0: 0x000000008000394c (0x402181b3) sub     gp, gp, sp
core   0: 3 0x000000008000394c (0x402181b3) x3  0x0000000080006010
core   0: 0x0000000080003950 (0x00000113) li      sp, 0
core   0: 3 0x0000000080003950 (0x00000113) x2  0x0000000000000000
core   0: 0x0000000080003954 (0x00311073) csrw    fcsr, sp
core   0: 3 0x0000000080003954 (0x00311073) c1_fflags 0x0000000000000000 c2_frm 0x0000000000000000
core   0: 0x0000000080003958 (0xe5df7fcf) fnmadd.h ft11, ft10, ft9, ft8
core   0: 3 0x0000000080003958 (0xe5df7fcf) f31 0xffffffffffff7e00
core   0: 0x000000008000395c (0x00302273) csrr    tp, fcsr
core   0: 3 0x000000008000395c (0x00302273) x4  0x0000000000000000
core   0: 0x0000000080003960 (0x09f0a827) fsw     ft11, 144(ra)
core   0: 3 0x0000000080003960 (0x09f0a827) mem 0x000000008000a1a8 0xffff7e00
core   0: 0x0000000080003964 (0x0840bc23) sd      tp, 152(ra)
core   0: 3 0x0000000080003964 (0x0840bc23) mem 0x000000008000a1b0 0x0000000000000000
core   0: >>>>  inst_266
core   0: 0x0000000080003968 (0x00100113) li      sp, 1
core   0: 3 0x0000000080003968 (0x00100113) x2  0x0000000000000001
core   0: 0x000000008000396c (0x00c11113) slli    sp, sp, 12
core   0: 3 0x000000008000396c (0x00c11113) x2  0x0000000000001000
core   0: 0x0000000080003970 (0x002181b3) add     gp, gp, sp
core   0: 3 0x0000000080003970 (0x002181b3) x3  0x0000000080007010
core   0: 0x0000000080003974 (0xc781af07) flw     ft10, -904(gp)
core   0: 3 0x0000000080003974 (0xc781af07) f30 0xfffffffffbfffbff mem 0x0000000080006c88
core   0: 0x0000000080003978 (0x402181b3) sub     gp, gp, sp
core   0: 3 0x0000000080003978 (0x402181b3) x3  0x0000000080006010
core   0: 0x000000008000397c (0x00100113) li      sp, 1
core   0: 3 0x000000008000397c (0x00100113) x2  0x0000000000000001
core   0: 0x0000000080003980 (0x00c11113) slli    sp, sp, 12
core   0: 3 0x0000000080003980 (0x00c11113) x2  0x0000000000001000
core   0: 0x0000000080003984 (0x002181b3) add     gp, gp, sp
core   0: 3 0x0000000080003984 (0x002181b3) x3  0x0000000080007010
core   0: 0x0000000080003988 (0xc7c1ae87) flw     ft9, -900(gp)
core   0: 3 0x0000000080003988 (0xc7c1ae87) f29 0xffffffff00000000 mem 0x0000000080006c8c
core   0: 0x000000008000398c (0x402181b3) sub     gp, gp, sp
core   0: 3 0x000000008000398c (0x402181b3) x3  0x0000000080006010
core   0: 0x0000000080003990 (0x00100113) li      sp, 1
core   0: 3 0x0000000080003990 (0x00100113) x2  0x0000000000000001
core   0: 0x0000000080003994 (0x00c11113) slli    sp, sp, 12
core   0: 3 0x0000000080003994 (0x00c11113) x2  0x0000000000001000
core   0: 0x0000000080003998 (0x002181b3) add     gp, gp, sp
core   0: 3 0x0000000080003998 (0x002181b3) x3  0x0000000080007010
core   0: 0x000000008000399c (0xc801ae07) flw     ft8, -896(gp)
core   0: 3 0x000000008000399c (0xc801ae07) f28 0xffffffffffff0000 mem 0x0000000080006c90
core   0: 0x00000000800039a0 (0x402181b3) sub     gp, gp, sp
core   0: 3 0x00000000800039a0 (0x402181b3) x3  0x0000000080006010
core   0: 0x00000000800039a4 (0x00000113) li      sp, 0
core   0: 3 0x00000000800039a4 (0x00000113) x2  0x0000000000000000
core   0: 0x00000000800039a8 (0x00311073) csrw    fcsr, sp
core   0: 3 0x00000000800039a8 (0x00311073) c1_fflags 0x0000000000000000 c2_frm 0x0000000000000000
core   0: 0x00000000800039ac (0xe5df7fcf) fnmadd.h ft11, ft10, ft9, ft8
core   0: 3 0x00000000800039ac (0xe5df7fcf) f31 0xffffffffffff7e00
core   0: 0x00000000800039b0 (0x00302273) csrr    tp, fcsr
core   0: 3 0x00000000800039b0 (0x00302273) x4  0x0000000000000000
core   0: 0x00000000800039b4 (0x0bf0a027) fsw     ft11, 160(ra)
core   0: 3 0x00000000800039b4 (0x0bf0a027) mem 0x000000008000a1b8 0xffff7e00
core   0: 0x00000000800039b8 (0x0a40b423) sd      tp, 168(ra)
core   0: 3 0x00000000800039b8 (0x0a40b423) mem 0x000000008000a1c0 0x0000000000000000
core   0: >>>>  inst_267
core   0: 0x00000000800039bc (0x00100113) li      sp, 1
core   0: 3 0x00000000800039bc (0x00100113) x2  0x0000000000000001
core   0: 0x00000000800039c0 (0x00c11113) slli    sp, sp, 12
core   0: 3 0x00000000800039c0 (0x00c11113) x2  0x0000000000001000
core   0: 0x00000000800039c4 (0x002181b3) add     gp, gp, sp
core   0: 3 0x00000000800039c4 (0x002181b3) x3  0x0000000080007010
core   0: 0x00000000800039c8 (0xc841af07) flw     ft10, -892(gp)
core   0: 3 0x00000000800039c8 (0xc841af07) f30 0xffffffff78617861 mem 0x0000000080006c94
core   0: 0x00000000800039cc (0x402181b3) sub     gp, gp, sp
core   0: 3 0x00000000800039cc (0x402181b3) x3  0x0000000080006010
core   0: 0x00000000800039d0 (0x00100113) li      sp, 1
core   0: 3 0x00000000800039d0 (0x00100113) x2  0x0000000000000001
core   0: 0x00000000800039d4 (0x00c11113) slli    sp, sp, 12
core   0: 3 0x00000000800039d4 (0x00c11113) x2  0x0000000000001000
core   0: 0x00000000800039d8 (0x002181b3) add     gp, gp, sp
core   0: 3 0x00000000800039d8 (0x002181b3) x3  0x0000000080007010
core   0: 0x00000000800039dc (0xc881ae87) flw     ft9, -888(gp)
core   0: 3 0x00000000800039dc (0xc881ae87) f29 0xffffffff00000000 mem 0x0000000080006c98
core   0: 0x00000000800039e0 (0x402181b3) sub     gp, gp, sp
core   0: 3 0x00000000800039e0 (0x402181b3) x3  0x0000000080006010
core   0: 0x00000000800039e4 (0x00100113) li      sp, 1
core   0: 3 0x00000000800039e4 (0x00100113) x2  0x0000000000000001
core   0: 0x00000000800039e8 (0x00c11113) slli    sp, sp, 12
core   0: 3 0x00000000800039e8 (0x00c11113) x2  0x0000000000001000
core   0: 0x00000000800039ec (0x002181b3) add     gp, gp, sp
core   0: 3 0x00000000800039ec (0x002181b3) x3  0x0000000080007010
core   0: 0x00000000800039f0 (0xc8c1ae07) flw     ft8, -884(gp)
core   0: 3 0x00000000800039f0 (0xc8c1ae07) f28 0xffffffffffff0000 mem 0x0000000080006c9c
core   0: 0x00000000800039f4 (0x402181b3) sub     gp, gp, sp
core   0: 3 0x00000000800039f4 (0x402181b3) x3  0x0000000080006010
core   0: 0x00000000800039f8 (0x00000113) li      sp, 0
core   0: 3 0x00000000800039f8 (0x00000113) x2  0x0000000000000000
core   0: 0x00000000800039fc (0x00311073) csrw    fcsr, sp
core   0: 3 0x00000000800039fc (0x00311073) c1_fflags 0x0000000000000000 c2_frm 0x0000000000000000
core   0: 0x0000000080003a00 (0xe5df7fcf) fnmadd.h ft11, ft10, ft9, ft8
core   0: 3 0x0000000080003a00 (0xe5df7fcf) f31 0xffffffffffff7e00
core   0: 0x0000000080003a04 (0x00302273) csrr    tp, fcsr
core   0: 3 0x0000000080003a04 (0x00302273) x4  0x0000000000000000
core   0: 0x0000000080003a08 (0x0bf0a827) fsw     ft11, 176(ra)
core   0: 3 0x0000000080003a08 (0x0bf0a827) mem 0x000000008000a1c8 0xffff7e00
core   0: 0x0000000080003a0c (0x0a40bc23) sd      tp, 184(ra)
core   0: 3 0x0000000080003a0c (0x0a40bc23) mem 0x000000008000a1d0 0x0000000000000000
core   0: >>>>  inst_268
core   0: 0x0000000080003a10 (0x00100113) li      sp, 1
core   0: 3 0x0000000080003a10 (0x00100113) x2  0x0000000000000001
core   0: 0x0000000080003a14 (0x00c11113) slli    sp, sp, 12
core   0: 3 0x0000000080003a14 (0x00c11113) x2  0x0000000000001000
core   0: 0x0000000080003a18 (0x002181b3) add     gp, gp, sp
core   0: 3 0x0000000080003a18 (0x002181b3) x3  0x0000000080007010
core   0: 0x0000000080003a1c (0xc901af07) flw     ft10, -880(gp)
core   0: 3 0x0000000080003a1c (0xc901af07) f30 0xffffffff80008000 mem 0x0000000080006ca0
core   0: 0x0000000080003a20 (0x402181b3) sub     gp, gp, sp
core   0: 3 0x0000000080003a20 (0x402181b3) x3  0x0000000080006010
core   0: 0x0000000080003a24 (0x00100113) li      sp, 1
core   0: 3 0x0000000080003a24 (0x00100113) x2  0x0000000000000001
core   0: 0x0000000080003a28 (0x00c11113) slli    sp, sp, 12
core   0: 3 0x0000000080003a28 (0x00c11113) x2  0x0000000000001000
core   0: 0x0000000080003a2c (0x002181b3) add     gp, gp, sp
core   0: 3 0x0000000080003a2c (0x002181b3) x3  0x0000000080007010
core   0: 0x0000000080003a30 (0xc941ae87) flw     ft9, -876(gp)
core   0: 3 0x0000000080003a30 (0xc941ae87) f29 0xffffffff00000000 mem 0x0000000080006ca4
core   0: 0x0000000080003a34 (0x402181b3) sub     gp, gp, sp
core   0: 3 0x0000000080003a34 (0x402181b3) x3  0x0000000080006010
core   0: 0x0000000080003a38 (0x00100113) li      sp, 1
core   0: 3 0x0000000080003a38 (0x00100113) x2  0x0000000000000001
core   0: 0x0000000080003a3c (0x00c11113) slli    sp, sp, 12
core   0: 3 0x0000000080003a3c (0x00c11113) x2  0x0000000000001000
core   0: 0x0000000080003a40 (0x002181b3) add     gp, gp, sp
core   0: 3 0x0000000080003a40 (0x002181b3) x3  0x0000000080007010
core   0: 0x0000000080003a44 (0xc981ae07) flw     ft8, -872(gp)
core   0: 3 0x0000000080003a44 (0xc981ae07) f28 0xffffffffffff0000 mem 0x0000000080006ca8
core   0: 0x0000000080003a48 (0x402181b3) sub     gp, gp, sp
core   0: 3 0x0000000080003a48 (0x402181b3) x3  0x0000000080006010
core   0: 0x0000000080003a4c (0x00000113) li      sp, 0
core   0: 3 0x0000000080003a4c (0x00000113) x2  0x0000000000000000
core   0: 0x0000000080003a50 (0x00311073) csrw    fcsr, sp
core   0: 3 0x0000000080003a50 (0x00311073) c1_fflags 0x0000000000000000 c2_frm 0x0000000000000000
core   0: 0x0000000080003a54 (0xe5df7fcf) fnmadd.h ft11, ft10, ft9, ft8
core   0: 3 0x0000000080003a54 (0xe5df7fcf) f31 0xffffffffffff7e00
core   0: 0x0000000080003a58 (0x00302273) csrr    tp, fcsr
core   0: 3 0x0000000080003a58 (0x00302273) x4  0x0000000000000000
core   0: 0x0000000080003a5c (0x0df0a027) fsw     ft11, 192(ra)
core   0: 3 0x0000000080003a5c (0x0df0a027) mem 0x000000008000a1d8 0xffff7e00
core   0: 0x0000000080003a60 (0x0c40b423) sd      tp, 200(ra)
core   0: 3 0x0000000080003a60 (0x0c40b423) mem 0x000000008000a1e0 0x0000000000000000
core   0: >>>>  inst_269
core   0: 0x0000000080003a64 (0x00100113) li      sp, 1
core   0: 3 0x0000000080003a64 (0x00100113) x2  0x0000000000000001
core   0: 0x0000000080003a68 (0x00c11113) slli    sp, sp, 12
core   0: 3 0x0000000080003a68 (0x00c11113) x2  0x0000000000001000
core   0: 0x0000000080003a6c (0x002181b3) add     gp, gp, sp
core   0: 3 0x0000000080003a6c (0x002181b3) x3  0x0000000080007010
core   0: 0x0000000080003a70 (0xc9c1af07) flw     ft10, -868(gp)
core   0: 3 0x0000000080003a70 (0xc9c1af07) f30 0xfffffffffbfffbff mem 0x0000000080006cac
core   0: 0x0000000080003a74 (0x402181b3) sub     gp, gp, sp
core   0: 3 0x0000000080003a74 (0x402181b3) x3  0x0000000080006010
core   0: 0x0000000080003a78 (0x00100113) li      sp, 1
core   0: 3 0x0000000080003a78 (0x00100113) x2  0x0000000000000001
core   0: 0x0000000080003a7c (0x00c11113) slli    sp, sp, 12
core   0: 3 0x0000000080003a7c (0x00c11113) x2  0x0000000000001000
core   0: 0x0000000080003a80 (0x002181b3) add     gp, gp, sp
core   0: 3 0x0000000080003a80 (0x002181b3) x3  0x0000000080007010
core   0: 0x0000000080003a84 (0xca01ae87) flw     ft9, -864(gp)
core   0: 3 0x0000000080003a84 (0xca01ae87) f29 0xffffffff00000000 mem 0x0000000080006cb0
core   0: 0x0000000080003a88 (0x402181b3) sub     gp, gp, sp
core   0: 3 0x0000000080003a88 (0x402181b3) x3  0x0000000080006010
core   0: 0x0000000080003a8c (0x00100113) li      sp, 1
core   0: 3 0x0000000080003a8c (0x00100113) x2  0x0000000000000001
core   0: 0x0000000080003a90 (0x00c11113) slli    sp, sp, 12
core   0: 3 0x0000000080003a90 (0x00c11113) x2  0x0000000000001000
core   0: 0x0000000080003a94 (0x002181b3) add     gp, gp, sp
core   0: 3 0x0000000080003a94 (0x002181b3) x3  0x0000000080007010
core   0: 0x0000000080003a98 (0xca41ae07) flw     ft8, -860(gp)
core   0: 3 0x0000000080003a98 (0xca41ae07) f28 0xffffffffffff0000 mem 0x0000000080006cb4
core   0: 0x0000000080003a9c (0x402181b3) sub     gp, gp, sp
core   0: 3 0x0000000080003a9c (0x402181b3) x3  0x0000000080006010
core   0: 0x0000000080003aa0 (0x00000113) li      sp, 0
core   0: 3 0x0000000080003aa0 (0x00000113) x2  0x0000000000000000
core   0: 0x0000000080003aa4 (0x00311073) csrw    fcsr, sp
core   0: 3 0x0000000080003aa4 (0x00311073) c1_fflags 0x0000000000000000 c2_frm 0x0000000000000000
core   0: 0x0000000080003aa8 (0xe5df7fcf) fnmadd.h ft11, ft10, ft9, ft8
core   0: 3 0x0000000080003aa8 (0xe5df7fcf) f31 0xffffffffffff7e00
core   0: 0x0000000080003aac (0x00302273) csrr    tp, fcsr
core   0: 3 0x0000000080003aac (0x00302273) x4  0x0000000000000000
core   0: 0x0000000080003ab0 (0x0df0a827) fsw     ft11, 208(ra)
core   0: 3 0x0000000080003ab0 (0x0df0a827) mem 0x000000008000a1e8 0xffff7e00
core   0: 0x0000000080003ab4 (0x0c40bc23) sd      tp, 216(ra)
core   0: 3 0x0000000080003ab4 (0x0c40bc23) mem 0x000000008000a1f0 0x0000000000000000
core   0: >>>>  inst_270
core   0: 0x0000000080003ab8 (0x00100113) li      sp, 1
core   0: 3 0x0000000080003ab8 (0x00100113) x2  0x0000000000000001
core   0: 0x0000000080003abc (0x00c11113) slli    sp, sp, 12
core   0: 3 0x0000000080003abc (0x00c11113) x2  0x0000000000001000
core   0: 0x0000000080003ac0 (0x002181b3) add     gp, gp, sp
core   0: 3 0x0000000080003ac0 (0x002181b3) x3  0x0000000080007010
core   0: 0x0000000080003ac4 (0xca81af07) flw     ft10, -856(gp)
core   0: 3 0x0000000080003ac4 (0xca81af07) f30 0xffffffff7ba77ba7 mem 0x0000000080006cb8
core   0: 0x0000000080003ac8 (0x402181b3) sub     gp, gp, sp
core   0: 3 0x0000000080003ac8 (0x402181b3) x3  0x0000000080006010
core   0: 0x0000000080003acc (0x00100113) li      sp, 1
core   0: 3 0x0000000080003acc (0x00100113) x2  0x0000000000000001
core   0: 0x0000000080003ad0 (0x00c11113) slli    sp, sp, 12
core   0: 3 0x0000000080003ad0 (0x00c11113) x2  0x0000000000001000
core   0: 0x0000000080003ad4 (0x002181b3) add     gp, gp, sp
core   0: 3 0x0000000080003ad4 (0x002181b3) x3  0x0000000080007010
core   0: 0x0000000080003ad8 (0xcac1ae87) flw     ft9, -852(gp)
core   0: 3 0x0000000080003ad8 (0xcac1ae87) f29 0xffffffff00000000 mem 0x0000000080006cbc
core   0: 0x0000000080003adc (0x402181b3) sub     gp, gp, sp
core   0: 3 0x0000000080003adc (0x402181b3) x3  0x0000000080006010
core   0: 0x0000000080003ae0 (0x00100113) li      sp, 1
core   0: 3 0x0000000080003ae0 (0x00100113) x2  0x0000000000000001
core   0: 0x0000000080003ae4 (0x00c11113) slli    sp, sp, 12
core   0: 3 0x0000000080003ae4 (0x00c11113) x2  0x0000000000001000
core   0: 0x0000000080003ae8 (0x002181b3) add     gp, gp, sp
core   0: 3 0x0000000080003ae8 (0x002181b3) x3  0x0000000080007010
core   0: 0x0000000080003aec (0xcb01ae07) flw     ft8, -848(gp)
core   0: 3 0x0000000080003aec (0xcb01ae07) f28 0xffffffffffff0000 mem 0x0000000080006cc0
core   0: 0x0000000080003af0 (0x402181b3) sub     gp, gp, sp
core   0: 3 0x0000000080003af0 (0x402181b3) x3  0x0000000080006010
core   0: 0x0000000080003af4 (0x00000113) li      sp, 0
core   0: 3 0x0000000080003af4 (0x00000113) x2  0x0000000000000000
core   0: 0x0000000080003af8 (0x00311073) csrw    fcsr, sp
core   0: 3 0x0000000080003af8 (0x00311073) c1_fflags 0x0000000000000000 c2_frm 0x0000000000000000
core   0: 0x0000000080003afc (0xe5df7fcf) fnmadd.h ft11, ft10, ft9, ft8
core   0: 3 0x0000000080003afc (0xe5df7fcf) f31 0xffffffffffff7e00
core   0: 0x0000000080003b00 (0x00302273) csrr    tp, fcsr
core   0: 3 0x0000000080003b00 (0x00302273) x4  0x0000000000000000
core   0: 0x0000000080003b04 (0x0ff0a027) fsw     ft11, 224(ra)
core   0: 3 0x0000000080003b04 (0x0ff0a027) mem 0x000000008000a1f8 0xffff7e00
core   0: 0x0000000080003b08 (0x0e40b423) sd      tp, 232(ra)
core   0: 3 0x0000000080003b08 (0x0e40b423) mem 0x000000008000a200 0x0000000000000000
core   0: >>>>  inst_271
core   0: 0x0000000080003b0c (0x00100113) li      sp, 1
core   0: 3 0x0000000080003b0c (0x00100113) x2  0x0000000000000001
core   0: 0x0000000080003b10 (0x00c11113) slli    sp, sp, 12
core   0: 3 0x0000000080003b10 (0x00c11113) x2  0x0000000000001000
core   0: 0x0000000080003b14 (0x002181b3) add     gp, gp, sp
core   0: 3 0x0000000080003b14 (0x002181b3) x3  0x0000000080007010
core   0: 0x0000000080003b18 (0xcb41af07) flw     ft10, -844(gp)
core   0: 3 0x0000000080003b18 (0xcb41af07) f30 0xffffffff80008000 mem 0x0000000080006cc4
core   0: 0x0000000080003b1c (0x402181b3) sub     gp, gp, sp
core   0: 3 0x0000000080003b1c (0x402181b3) x3  0x0000000080006010
core   0: 0x0000000080003b20 (0x00100113) li      sp, 1
core   0: 3 0x0000000080003b20 (0x00100113) x2  0x0000000000000001
core   0: 0x0000000080003b24 (0x00c11113) slli    sp, sp, 12
core   0: 3 0x0000000080003b24 (0x00c11113) x2  0x0000000000001000
core   0: 0x0000000080003b28 (0x002181b3) add     gp, gp, sp
core   0: 3 0x0000000080003b28 (0x002181b3) x3  0x0000000080007010
core   0: 0x0000000080003b2c (0xcb81ae87) flw     ft9, -840(gp)
core   0: 3 0x0000000080003b2c (0xcb81ae87) f29 0xffffffff00000000 mem 0x0000000080006cc8
core   0: 0x0000000080003b30 (0x402181b3) sub     gp, gp, sp
core   0: 3 0x0000000080003b30 (0x402181b3) x3  0x0000000080006010
core   0: 0x0000000080003b34 (0x00100113) li      sp, 1
core   0: 3 0x0000000080003b34 (0x00100113) x2  0x0000000000000001
core   0: 0x0000000080003b38 (0x00c11113) slli    sp, sp, 12
core   0: 3 0x0000000080003b38 (0x00c11113) x2  0x0000000000001000
core   0: 0x0000000080003b3c (0x002181b3) add     gp, gp, sp
core   0: 3 0x0000000080003b3c (0x002181b3) x3  0x0000000080007010
core   0: 0x0000000080003b40 (0xcbc1ae07) flw     ft8, -836(gp)
core   0: 3 0x0000000080003b40 (0xcbc1ae07) f28 0xffffffffffff0000 mem 0x0000000080006ccc
core   0: 0x0000000080003b44 (0x402181b3) sub     gp, gp, sp
core   0: 3 0x0000000080003b44 (0x402181b3) x3  0x0000000080006010
core   0: 0x0000000080003b48 (0x00000113) li      sp, 0
core   0: 3 0x0000000080003b48 (0x00000113) x2  0x0000000000000000
core   0: 0x0000000080003b4c (0x00311073) csrw    fcsr, sp
core   0: 3 0x0000000080003b4c (0x00311073) c1_fflags 0x0000000000000000 c2_frm 0x0000000000000000
core   0: 0x0000000080003b50 (0xe5df7fcf) fnmadd.h ft11, ft10, ft9, ft8
core   0: 3 0x0000000080003b50 (0xe5df7fcf) f31 0xffffffffffff7e00
core   0: 0x0000000080003b54 (0x00302273) csrr    tp, fcsr
core   0: 3 0x0000000080003b54 (0x00302273) x4  0x0000000000000000
core   0: 0x0000000080003b58 (0x0ff0a827) fsw     ft11, 240(ra)
core   0: 3 0x0000000080003b58 (0x0ff0a827) mem 0x000000008000a208 0xffff7e00
core   0: 0x0000000080003b5c (0x0e40bc23) sd      tp, 248(ra)
core   0: 3 0x0000000080003b5c (0x0e40bc23) mem 0x000000008000a210 0x0000000000000000
core   0: >>>>  inst_272
core   0: 0x0000000080003b60 (0x00100113) li      sp, 1
core   0: 3 0x0000000080003b60 (0x00100113) x2  0x0000000000000001
core   0: 0x0000000080003b64 (0x00c11113) slli    sp, sp, 12
core   0: 3 0x0000000080003b64 (0x00c11113) x2  0x0000000000001000
core   0: 0x0000000080003b68 (0x002181b3) add     gp, gp, sp
core   0: 3 0x0000000080003b68 (0x002181b3) x3  0x0000000080007010
core   0: 0x0000000080003b6c (0xcc01af07) flw     ft10, -832(gp)
core   0: 3 0x0000000080003b6c (0xcc01af07) f30 0xfffffffffbfffbff mem 0x0000000080006cd0
core   0: 0x0000000080003b70 (0x402181b3) sub     gp, gp, sp
core   0: 3 0x0000000080003b70 (0x402181b3) x3  0x0000000080006010
core   0: 0x0000000080003b74 (0x00100113) li      sp, 1
core   0: 3 0x0000000080003b74 (0x00100113) x2  0x0000000000000001
core   0: 0x0000000080003b78 (0x00c11113) slli    sp, sp, 12
core   0: 3 0x0000000080003b78 (0x00c11113) x2  0x0000000000001000
core   0: 0x0000000080003b7c (0x002181b3) add     gp, gp, sp
core   0: 3 0x0000000080003b7c (0x002181b3) x3  0x0000000080007010
core   0: 0x0000000080003b80 (0xcc41ae87) flw     ft9, -828(gp)
core   0: 3 0x0000000080003b80 (0xcc41ae87) f29 0xffffffff00000000 mem 0x0000000080006cd4
core   0: 0x0000000080003b84 (0x402181b3) sub     gp, gp, sp
core   0: 3 0x0000000080003b84 (0x402181b3) x3  0x0000000080006010
core   0: 0x0000000080003b88 (0x00100113) li      sp, 1
core   0: 3 0x0000000080003b88 (0x00100113) x2  0x0000000000000001
core   0: 0x0000000080003b8c (0x00c11113) slli    sp, sp, 12
core   0: 3 0x0000000080003b8c (0x00c11113) x2  0x0000000000001000
core   0: 0x0000000080003b90 (0x002181b3) add     gp, gp, sp
core   0: 3 0x0000000080003b90 (0x002181b3) x3  0x0000000080007010
core   0: 0x0000000080003b94 (0xcc81ae07) flw     ft8, -824(gp)
core   0: 3 0x0000000080003b94 (0xcc81ae07) f28 0xffffffffffff0000 mem 0x0000000080006cd8
core   0: 0x0000000080003b98 (0x402181b3) sub     gp, gp, sp
core   0: 3 0x0000000080003b98 (0x402181b3) x3  0x0000000080006010
core   0: 0x0000000080003b9c (0x00000113) li      sp, 0
core   0: 3 0x0000000080003b9c (0x00000113) x2  0x0000000000000000
core   0: 0x0000000080003ba0 (0x00311073) csrw    fcsr, sp
core   0: 3 0x0000000080003ba0 (0x00311073) c1_fflags 0x0000000000000000 c2_frm 0x0000000000000000
core   0: 0x0000000080003ba4 (0xe5df7fcf) fnmadd.h ft11, ft10, ft9, ft8
core   0: 3 0x0000000080003ba4 (0xe5df7fcf) f31 0xffffffffffff7e00
core   0: 0x0000000080003ba8 (0x00302273) csrr    tp, fcsr
core   0: 3 0x0000000080003ba8 (0x00302273) x4  0x0000000000000000
core   0: 0x0000000080003bac (0x11f0a027) fsw     ft11, 256(ra)
core   0: 3 0x0000000080003bac (0x11f0a027) mem 0x000000008000a218 0xffff7e00
core   0: 0x0000000080003bb0 (0x1040b423) sd      tp, 264(ra)
core   0: 3 0x0000000080003bb0 (0x1040b423) mem 0x000000008000a220 0x0000000000000000
core   0: >>>>  inst_273
core   0: 0x0000000080003bb4 (0x00100113) li      sp, 1
core   0: 3 0x0000000080003bb4 (0x00100113) x2  0x0000000000000001
core   0: 0x0000000080003bb8 (0x00c11113) slli    sp, sp, 12
core   0: 3 0x0000000080003bb8 (0x00c11113) x2  0x0000000000001000
core   0: 0x0000000080003bbc (0x002181b3) add     gp, gp, sp
core   0: 3 0x0000000080003bbc (0x002181b3) x3  0x0000000080007010
core   0: 0x0000000080003bc0 (0xccc1af07) flw     ft10, -820(gp)
core   0: 3 0x0000000080003bc0 (0xccc1af07) f30 0xffffffff5ddb5ddb mem 0x0000000080006cdc
core   0: 0x0000000080003bc4 (0x402181b3) sub     gp, gp, sp
core   0: 3 0x0000000080003bc4 (0x402181b3) x3  0x0000000080006010
core   0: 0x0000000080003bc8 (0x00100113) li      sp, 1
core   0: 3 0x0000000080003bc8 (0x00100113) x2  0x0000000000000001
core   0: 0x0000000080003bcc (0x00c11113) slli    sp, sp, 12
core   0: 3 0x0000000080003bcc (0x00c11113) x2  0x0000000000001000
core   0: 0x0000000080003bd0 (0x002181b3) add     gp, gp, sp
core   0: 3 0x0000000080003bd0 (0x002181b3) x3  0x0000000080007010
core   0: 0x0000000080003bd4 (0xcd01ae87) flw     ft9, -816(gp)
core   0: 3 0x0000000080003bd4 (0xcd01ae87) f29 0xffffffff00000000 mem 0x0000000080006ce0
core   0: 0x0000000080003bd8 (0x402181b3) sub     gp, gp, sp
core   0: 3 0x0000000080003bd8 (0x402181b3) x3  0x0000000080006010
core   0: 0x0000000080003bdc (0x00100113) li      sp, 1
core   0: 3 0x0000000080003bdc (0x00100113) x2  0x0000000000000001
core   0: 0x0000000080003be0 (0x00c11113) slli    sp, sp, 12
core   0: 3 0x0000000080003be0 (0x00c11113) x2  0x0000000000001000
core   0: 0x0000000080003be4 (0x002181b3) add     gp, gp, sp
core   0: 3 0x0000000080003be4 (0x002181b3) x3  0x0000000080007010
core   0: 0x0000000080003be8 (0xcd41ae07) flw     ft8, -812(gp)
core   0: 3 0x0000000080003be8 (0xcd41ae07) f28 0xffffffffffff0000 mem 0x0000000080006ce4
core   0: 0x0000000080003bec (0x402181b3) sub     gp, gp, sp
core   0: 3 0x0000000080003bec (0x402181b3) x3  0x0000000080006010
core   0: 0x0000000080003bf0 (0x00000113) li      sp, 0
core   0: 3 0x0000000080003bf0 (0x00000113) x2  0x0000000000000000
core   0: 0x0000000080003bf4 (0x00311073) csrw    fcsr, sp
core   0: 3 0x0000000080003bf4 (0x00311073) c1_fflags 0x0000000000000000 c2_frm 0x0000000000000000
core   0: 0x0000000080003bf8 (0xe5df7fcf) fnmadd.h ft11, ft10, ft9, ft8
core   0: 3 0x0000000080003bf8 (0xe5df7fcf) f31 0xffffffffffff7e00
core   0: 0x0000000080003bfc (0x00302273) csrr    tp, fcsr
core   0: 3 0x0000000080003bfc (0x00302273) x4  0x0000000000000000
core   0: 0x0000000080003c00 (0x11f0a827) fsw     ft11, 272(ra)
core   0: 3 0x0000000080003c00 (0x11f0a827) mem 0x000000008000a228 0xffff7e00
core   0: 0x0000000080003c04 (0x1040bc23) sd      tp, 280(ra)
core   0: 3 0x0000000080003c04 (0x1040bc23) mem 0x000000008000a230 0x0000000000000000
core   0: >>>>  inst_274
core   0: 0x0000000080003c08 (0x00100113) li      sp, 1
core   0: 3 0x0000000080003c08 (0x00100113) x2  0x0000000000000001
core   0: 0x0000000080003c0c (0x00c11113) slli    sp, sp, 12
core   0: 3 0x0000000080003c0c (0x00c11113) x2  0x0000000000001000
core   0: 0x0000000080003c10 (0x002181b3) add     gp, gp, sp
core   0: 3 0x0000000080003c10 (0x002181b3) x3  0x0000000080007010
core   0: 0x0000000080003c14 (0xcd81af07) flw     ft10, -808(gp)
core   0: 3 0x0000000080003c14 (0xcd81af07) f30 0xffffffff00000000 mem 0x0000000080006ce8
core   0: 0x0000000080003c18 (0x402181b3) sub     gp, gp, sp
core   0: 3 0x0000000080003c18 (0x402181b3) x3  0x0000000080006010
core   0: 0x0000000080003c1c (0x00100113) li      sp, 1
core   0: 3 0x0000000080003c1c (0x00100113) x2  0x0000000000000001
core   0: 0x0000000080003c20 (0x00c11113) slli    sp, sp, 12
core   0: 3 0x0000000080003c20 (0x00c11113) x2  0x0000000000001000
core   0: 0x0000000080003c24 (0x002181b3) add     gp, gp, sp
core   0: 3 0x0000000080003c24 (0x002181b3) x3  0x0000000080007010
core   0: 0x0000000080003c28 (0xcdc1ae87) flw     ft9, -804(gp)
core   0: 3 0x0000000080003c28 (0xcdc1ae87) f29 0xffffffff00000000 mem 0x0000000080006cec
core   0: 0x0000000080003c2c (0x402181b3) sub     gp, gp, sp
core   0: 3 0x0000000080003c2c (0x402181b3) x3  0x0000000080006010
core   0: 0x0000000080003c30 (0x00100113) li      sp, 1
core   0: 3 0x0000000080003c30 (0x00100113) x2  0x0000000000000001
core   0: 0x0000000080003c34 (0x00c11113) slli    sp, sp, 12
core   0: 3 0x0000000080003c34 (0x00c11113) x2  0x0000000000001000
core   0: 0x0000000080003c38 (0x002181b3) add     gp, gp, sp
core   0: 3 0x0000000080003c38 (0x002181b3) x3  0x0000000080007010
core   0: 0x0000000080003c3c (0xce01ae07) flw     ft8, -800(gp)
core   0: 3 0x0000000080003c3c (0xce01ae07) f28 0xffffffffffff0000 mem 0x0000000080006cf0
core   0: 0x0000000080003c40 (0x402181b3) sub     gp, gp, sp
core   0: 3 0x0000000080003c40 (0x402181b3) x3  0x0000000080006010
core   0: 0x0000000080003c44 (0x00000113) li      sp, 0
core   0: 3 0x0000000080003c44 (0x00000113) x2  0x0000000000000000
core   0: 0x0000000080003c48 (0x00311073) csrw    fcsr, sp
core   0: 3 0x0000000080003c48 (0x00311073) c1_fflags 0x0000000000000000 c2_frm 0x0000000000000000
core   0: 0x0000000080003c4c (0xe5df7fcf) fnmadd.h ft11, ft10, ft9, ft8
core   0: 3 0x0000000080003c4c (0xe5df7fcf) f31 0xffffffffffff7e00
core   0: 0x0000000080003c50 (0x00302273) csrr    tp, fcsr
core   0: 3 0x0000000080003c50 (0x00302273) x4  0x0000000000000000
core   0: 0x0000000080003c54 (0x13f0a027) fsw     ft11, 288(ra)
core   0: 3 0x0000000080003c54 (0x13f0a027) mem 0x000000008000a238 0xffff7e00
core   0: 0x0000000080003c58 (0x1240b423) sd      tp, 296(ra)
core   0: 3 0x0000000080003c58 (0x1240b423) mem 0x000000008000a240 0x0000000000000000
core   0: >>>>  inst_275
core   0: 0x0000000080003c5c (0x00100113) li      sp, 1
core   0: 3 0x0000000080003c5c (0x00100113) x2  0x0000000000000001
core   0: 0x0000000080003c60 (0x00c11113) slli    sp, sp, 12
core   0: 3 0x0000000080003c60 (0x00c11113) x2  0x0000000000001000
core   0: 0x0000000080003c64 (0x002181b3) add     gp, gp, sp
core   0: 3 0x0000000080003c64 (0x002181b3) x3  0x0000000080007010
core   0: 0x0000000080003c68 (0xce41af07) flw     ft10, -796(gp)
core   0: 3 0x0000000080003c68 (0xce41af07) f30 0xfffffffffbfffbff mem 0x0000000080006cf4
core   0: 0x0000000080003c6c (0x402181b3) sub     gp, gp, sp
core   0: 3 0x0000000080003c6c (0x402181b3) x3  0x0000000080006010
core   0: 0x0000000080003c70 (0x00100113) li      sp, 1
core   0: 3 0x0000000080003c70 (0x00100113) x2  0x0000000000000001
core   0: 0x0000000080003c74 (0x00c11113) slli    sp, sp, 12
core   0: 3 0x0000000080003c74 (0x00c11113) x2  0x0000000000001000
core   0: 0x0000000080003c78 (0x002181b3) add     gp, gp, sp
core   0: 3 0x0000000080003c78 (0x002181b3) x3  0x0000000080007010
core   0: 0x0000000080003c7c (0xce81ae87) flw     ft9, -792(gp)
core   0: 3 0x0000000080003c7c (0xce81ae87) f29 0xffffffff00000000 mem 0x0000000080006cf8
core   0: 0x0000000080003c80 (0x402181b3) sub     gp, gp, sp
core   0: 3 0x0000000080003c80 (0x402181b3) x3  0x0000000080006010
core   0: 0x0000000080003c84 (0x00100113) li      sp, 1
core   0: 3 0x0000000080003c84 (0x00100113) x2  0x0000000000000001
core   0: 0x0000000080003c88 (0x00c11113) slli    sp, sp, 12
core   0: 3 0x0000000080003c88 (0x00c11113) x2  0x0000000000001000
core   0: 0x0000000080003c8c (0x002181b3) add     gp, gp, sp
core   0: 3 0x0000000080003c8c (0x002181b3) x3  0x0000000080007010
core   0: 0x0000000080003c90 (0xcec1ae07) flw     ft8, -788(gp)
core   0: 3 0x0000000080003c90 (0xcec1ae07) f28 0xffffffffffff0000 mem 0x0000000080006cfc
core   0: 0x0000000080003c94 (0x402181b3) sub     gp, gp, sp
core   0: 3 0x0000000080003c94 (0x402181b3) x3  0x0000000080006010
core   0: 0x0000000080003c98 (0x00000113) li      sp, 0
core   0: 3 0x0000000080003c98 (0x00000113) x2  0x0000000000000000
core   0: 0x0000000080003c9c (0x00311073) csrw    fcsr, sp
core   0: 3 0x0000000080003c9c (0x00311073) c1_fflags 0x0000000000000000 c2_frm 0x0000000000000000
core   0: 0x0000000080003ca0 (0xe5df7fcf) fnmadd.h ft11, ft10, ft9, ft8
core   0: 3 0x0000000080003ca0 (0xe5df7fcf) f31 0xffffffffffff7e00
core   0: 0x0000000080003ca4 (0x00302273) csrr    tp, fcsr
core   0: 3 0x0000000080003ca4 (0x00302273) x4  0x0000000000000000
core   0: 0x0000000080003ca8 (0x13f0a827) fsw     ft11, 304(ra)
core   0: 3 0x0000000080003ca8 (0x13f0a827) mem 0x000000008000a248 0xffff7e00
core   0: 0x0000000080003cac (0x1240bc23) sd      tp, 312(ra)
core   0: 3 0x0000000080003cac (0x1240bc23) mem 0x000000008000a250 0x0000000000000000
core   0: >>>>  inst_276
core   0: 0x0000000080003cb0 (0x00100113) li      sp, 1
core   0: 3 0x0000000080003cb0 (0x00100113) x2  0x0000000000000001
core   0: 0x0000000080003cb4 (0x00c11113) slli    sp, sp, 12
core   0: 3 0x0000000080003cb4 (0x00c11113) x2  0x0000000000001000
core   0: 0x0000000080003cb8 (0x002181b3) add     gp, gp, sp
core   0: 3 0x0000000080003cb8 (0x002181b3) x3  0x0000000080007010
core   0: 0x0000000080003cbc (0xcf01af07) flw     ft10, -784(gp)
core   0: 3 0x0000000080003cbc (0xcf01af07) f30 0xffffffff7a447a44 mem 0x0000000080006d00
core   0: 0x0000000080003cc0 (0x402181b3) sub     gp, gp, sp
core   0: 3 0x0000000080003cc0 (0x402181b3) x3  0x0000000080006010
core   0: 0x0000000080003cc4 (0x00100113) li      sp, 1
core   0: 3 0x0000000080003cc4 (0x00100113) x2  0x0000000000000001
core   0: 0x0000000080003cc8 (0x00c11113) slli    sp, sp, 12
core   0: 3 0x0000000080003cc8 (0x00c11113) x2  0x0000000000001000
core   0: 0x0000000080003ccc (0x002181b3) add     gp, gp, sp
core   0: 3 0x0000000080003ccc (0x002181b3) x3  0x0000000080007010
core   0: 0x0000000080003cd0 (0xcf41ae87) flw     ft9, -780(gp)
core   0: 3 0x0000000080003cd0 (0xcf41ae87) f29 0xffffffff00000000 mem 0x0000000080006d04
core   0: 0x0000000080003cd4 (0x402181b3) sub     gp, gp, sp
core   0: 3 0x0000000080003cd4 (0x402181b3) x3  0x0000000080006010
core   0: 0x0000000080003cd8 (0x00100113) li      sp, 1
core   0: 3 0x0000000080003cd8 (0x00100113) x2  0x0000000000000001
core   0: 0x0000000080003cdc (0x00c11113) slli    sp, sp, 12
core   0: 3 0x0000000080003cdc (0x00c11113) x2  0x0000000000001000
core   0: 0x0000000080003ce0 (0x002181b3) add     gp, gp, sp
core   0: 3 0x0000000080003ce0 (0x002181b3) x3  0x0000000080007010
core   0: 0x0000000080003ce4 (0xcf81ae07) flw     ft8, -776(gp)
core   0: 3 0x0000000080003ce4 (0xcf81ae07) f28 0xffffffffffff0000 mem 0x0000000080006d08
core   0: 0x0000000080003ce8 (0x402181b3) sub     gp, gp, sp
core   0: 3 0x0000000080003ce8 (0x402181b3) x3  0x0000000080006010
core   0: 0x0000000080003cec (0x00000113) li      sp, 0
core   0: 3 0x0000000080003cec (0x00000113) x2  0x0000000000000000
core   0: 0x0000000080003cf0 (0x00311073) csrw    fcsr, sp
core   0: 3 0x0000000080003cf0 (0x00311073) c1_fflags 0x0000000000000000 c2_frm 0x0000000000000000
core   0: 0x0000000080003cf4 (0xe5df7fcf) fnmadd.h ft11, ft10, ft9, ft8
core   0: 3 0x0000000080003cf4 (0xe5df7fcf) f31 0xffffffffffff7e00
core   0: 0x0000000080003cf8 (0x00302273) csrr    tp, fcsr
core   0: 3 0x0000000080003cf8 (0x00302273) x4  0x0000000000000000
core   0: 0x0000000080003cfc (0x15f0a027) fsw     ft11, 320(ra)
core   0: 3 0x0000000080003cfc (0x15f0a027) mem 0x000000008000a258 0xffff7e00
core   0: 0x0000000080003d00 (0x1440b423) sd      tp, 328(ra)
core   0: 3 0x0000000080003d00 (0x1440b423) mem 0x000000008000a260 0x0000000000000000
core   0: >>>>  inst_277
core   0: 0x0000000080003d04 (0x00100113) li      sp, 1
core   0: 3 0x0000000080003d04 (0x00100113) x2  0x0000000000000001
core   0: 0x0000000080003d08 (0x00c11113) slli    sp, sp, 12
core   0: 3 0x0000000080003d08 (0x00c11113) x2  0x0000000000001000
core   0: 0x0000000080003d0c (0x002181b3) add     gp, gp, sp
core   0: 3 0x0000000080003d0c (0x002181b3) x3  0x0000000080007010
core   0: 0x0000000080003d10 (0xcfc1af07) flw     ft10, -772(gp)
core   0: 3 0x0000000080003d10 (0xcfc1af07) f30 0xffffffff00000000 mem 0x0000000080006d0c
core   0: 0x0000000080003d14 (0x402181b3) sub     gp, gp, sp
core   0: 3 0x0000000080003d14 (0x402181b3) x3  0x0000000080006010
core   0: 0x0000000080003d18 (0x00100113) li      sp, 1
core   0: 3 0x0000000080003d18 (0x00100113) x2  0x0000000000000001
core   0: 0x0000000080003d1c (0x00c11113) slli    sp, sp, 12
core   0: 3 0x0000000080003d1c (0x00c11113) x2  0x0000000000001000
core   0: 0x0000000080003d20 (0x002181b3) add     gp, gp, sp
core   0: 3 0x0000000080003d20 (0x002181b3) x3  0x0000000080007010
core   0: 0x0000000080003d24 (0xd001ae87) flw     ft9, -768(gp)
core   0: 3 0x0000000080003d24 (0xd001ae87) f29 0xffffffff00000000 mem 0x0000000080006d10
core   0: 0x0000000080003d28 (0x402181b3) sub     gp, gp, sp
core   0: 3 0x0000000080003d28 (0x402181b3) x3  0x0000000080006010
core   0: 0x0000000080003d2c (0x00100113) li      sp, 1
core   0: 3 0x0000000080003d2c (0x00100113) x2  0x0000000000000001
core   0: 0x0000000080003d30 (0x00c11113) slli    sp, sp, 12
core   0: 3 0x0000000080003d30 (0x00c11113) x2  0x0000000000001000
core   0: 0x0000000080003d34 (0x002181b3) add     gp, gp, sp
core   0: 3 0x0000000080003d34 (0x002181b3) x3  0x0000000080007010
core   0: 0x0000000080003d38 (0xd041ae07) flw     ft8, -764(gp)
core   0: 3 0x0000000080003d38 (0xd041ae07) f28 0xffffffffffff0000 mem 0x0000000080006d14
core   0: 0x0000000080003d3c (0x402181b3) sub     gp, gp, sp
core   0: 3 0x0000000080003d3c (0x402181b3) x3  0x0000000080006010
core   0: 0x0000000080003d40 (0x00000113) li      sp, 0
core   0: 3 0x0000000080003d40 (0x00000113) x2  0x0000000000000000
core   0: 0x0000000080003d44 (0x00311073) csrw    fcsr, sp
core   0: 3 0x0000000080003d44 (0x00311073) c1_fflags 0x0000000000000000 c2_frm 0x0000000000000000
core   0: 0x0000000080003d48 (0xe5df7fcf) fnmadd.h ft11, ft10, ft9, ft8
core   0: 3 0x0000000080003d48 (0xe5df7fcf) f31 0xffffffffffff7e00
core   0: 0x0000000080003d4c (0x00302273) csrr    tp, fcsr
core   0: 3 0x0000000080003d4c (0x00302273) x4  0x0000000000000000
core   0: 0x0000000080003d50 (0x15f0a827) fsw     ft11, 336(ra)
core   0: 3 0x0000000080003d50 (0x15f0a827) mem 0x000000008000a268 0xffff7e00
core   0: 0x0000000080003d54 (0x1440bc23) sd      tp, 344(ra)
core   0: 3 0x0000000080003d54 (0x1440bc23) mem 0x000000008000a270 0x0000000000000000
core   0: >>>>  inst_278
core   0: 0x0000000080003d58 (0x00100113) li      sp, 1
core   0: 3 0x0000000080003d58 (0x00100113) x2  0x0000000000000001
core   0: 0x0000000080003d5c (0x00c11113) slli    sp, sp, 12
core   0: 3 0x0000000080003d5c (0x00c11113) x2  0x0000000000001000
core   0: 0x0000000080003d60 (0x002181b3) add     gp, gp, sp
core   0: 3 0x0000000080003d60 (0x002181b3) x3  0x0000000080007010
core   0: 0x0000000080003d64 (0xd081af07) flw     ft10, -760(gp)
core   0: 3 0x0000000080003d64 (0xd081af07) f30 0xfffffffffbfffbff mem 0x0000000080006d18
core   0: 0x0000000080003d68 (0x402181b3) sub     gp, gp, sp
core   0: 3 0x0000000080003d68 (0x402181b3) x3  0x0000000080006010
core   0: 0x0000000080003d6c (0x00100113) li      sp, 1
core   0: 3 0x0000000080003d6c (0x00100113) x2  0x0000000000000001
core   0: 0x0000000080003d70 (0x00c11113) slli    sp, sp, 12
core   0: 3 0x0000000080003d70 (0x00c11113) x2  0x0000000000001000
core   0: 0x0000000080003d74 (0x002181b3) add     gp, gp, sp
core   0: 3 0x0000000080003d74 (0x002181b3) x3  0x0000000080007010
core   0: 0x0000000080003d78 (0xd0c1ae87) flw     ft9, -756(gp)
core   0: 3 0x0000000080003d78 (0xd0c1ae87) f29 0xffffffff00000000 mem 0x0000000080006d1c
core   0: 0x0000000080003d7c (0x402181b3) sub     gp, gp, sp
core   0: 3 0x0000000080003d7c (0x402181b3) x3  0x0000000080006010
core   0: 0x0000000080003d80 (0x00100113) li      sp, 1
core   0: 3 0x0000000080003d80 (0x00100113) x2  0x0000000000000001
core   0: 0x0000000080003d84 (0x00c11113) slli    sp, sp, 12
core   0: 3 0x0000000080003d84 (0x00c11113) x2  0x0000000000001000
core   0: 0x0000000080003d88 (0x002181b3) add     gp, gp, sp
core   0: 3 0x0000000080003d88 (0x002181b3) x3  0x0000000080007010
core   0: 0x0000000080003d8c (0xd101ae07) flw     ft8, -752(gp)
core   0: 3 0x0000000080003d8c (0xd101ae07) f28 0xffffffffffff0000 mem 0x0000000080006d20
core   0: 0x0000000080003d90 (0x402181b3) sub     gp, gp, sp
core   0: 3 0x0000000080003d90 (0x402181b3) x3  0x0000000080006010
core   0: 0x0000000080003d94 (0x00000113) li      sp, 0
core   0: 3 0x0000000080003d94 (0x00000113) x2  0x0000000000000000
core   0: 0x0000000080003d98 (0x00311073) csrw    fcsr, sp
core   0: 3 0x0000000080003d98 (0x00311073) c1_fflags 0x0000000000000000 c2_frm 0x0000000000000000
core   0: 0x0000000080003d9c (0xe5df7fcf) fnmadd.h ft11, ft10, ft9, ft8
core   0: 3 0x0000000080003d9c (0xe5df7fcf) f31 0xffffffffffff7e00
core   0: 0x0000000080003da0 (0x00302273) csrr    tp, fcsr
core   0: 3 0x0000000080003da0 (0x00302273) x4  0x0000000000000000
core   0: 0x0000000080003da4 (0x17f0a027) fsw     ft11, 352(ra)
core   0: 3 0x0000000080003da4 (0x17f0a027) mem 0x000000008000a278 0xffff7e00
core   0: 0x0000000080003da8 (0x1640b423) sd      tp, 360(ra)
core   0: 3 0x0000000080003da8 (0x1640b423) mem 0x000000008000a280 0x0000000000000000
core   0: >>>>  inst_279
core   0: 0x0000000080003dac (0x00100113) li      sp, 1
core   0: 3 0x0000000080003dac (0x00100113) x2  0x0000000000000001
core   0: 0x0000000080003db0 (0x00c11113) slli    sp, sp, 12
core   0: 3 0x0000000080003db0 (0x00c11113) x2  0x0000000000001000
core   0: 0x0000000080003db4 (0x002181b3) add     gp, gp, sp
core   0: 3 0x0000000080003db4 (0x002181b3) x3  0x0000000080007010
core   0: 0x0000000080003db8 (0xd141af07) flw     ft10, -748(gp)
core   0: 3 0x0000000080003db8 (0xd141af07) f30 0xffffffff7a8f7a8f mem 0x0000000080006d24
core   0: 0x0000000080003dbc (0x402181b3) sub     gp, gp, sp
core   0: 3 0x0000000080003dbc (0x402181b3) x3  0x0000000080006010
core   0: 0x0000000080003dc0 (0x00100113) li      sp, 1
core   0: 3 0x0000000080003dc0 (0x00100113) x2  0x0000000000000001
core   0: 0x0000000080003dc4 (0x00c11113) slli    sp, sp, 12
core   0: 3 0x0000000080003dc4 (0x00c11113) x2  0x0000000000001000
core   0: 0x0000000080003dc8 (0x002181b3) add     gp, gp, sp
core   0: 3 0x0000000080003dc8 (0x002181b3) x3  0x0000000080007010
core   0: 0x0000000080003dcc (0xd181ae87) flw     ft9, -744(gp)
core   0: 3 0x0000000080003dcc (0xd181ae87) f29 0xffffffff00000000 mem 0x0000000080006d28
core   0: 0x0000000080003dd0 (0x402181b3) sub     gp, gp, sp
core   0: 3 0x0000000080003dd0 (0x402181b3) x3  0x0000000080006010
core   0: 0x0000000080003dd4 (0x00100113) li      sp, 1
core   0: 3 0x0000000080003dd4 (0x00100113) x2  0x0000000000000001
core   0: 0x0000000080003dd8 (0x00c11113) slli    sp, sp, 12
core   0: 3 0x0000000080003dd8 (0x00c11113) x2  0x0000000000001000
core   0: 0x0000000080003ddc (0x002181b3) add     gp, gp, sp
core   0: 3 0x0000000080003ddc (0x002181b3) x3  0x0000000080007010
core   0: 0x0000000080003de0 (0xd1c1ae07) flw     ft8, -740(gp)
core   0: 3 0x0000000080003de0 (0xd1c1ae07) f28 0xffffffffffff0000 mem 0x0000000080006d2c
core   0: 0x0000000080003de4 (0x402181b3) sub     gp, gp, sp
core   0: 3 0x0000000080003de4 (0x402181b3) x3  0x0000000080006010
core   0: 0x0000000080003de8 (0x00000113) li      sp, 0
core   0: 3 0x0000000080003de8 (0x00000113) x2  0x0000000000000000
core   0: 0x0000000080003dec (0x00311073) csrw    fcsr, sp
core   0: 3 0x0000000080003dec (0x00311073) c1_fflags 0x0000000000000000 c2_frm 0x0000000000000000
core   0: 0x0000000080003df0 (0xe5df7fcf) fnmadd.h ft11, ft10, ft9, ft8
core   0: 3 0x0000000080003df0 (0xe5df7fcf) f31 0xffffffffffff7e00
core   0: 0x0000000080003df4 (0x00302273) csrr    tp, fcsr
core   0: 3 0x0000000080003df4 (0x00302273) x4  0x0000000000000000
core   0: 0x0000000080003df8 (0x17f0a827) fsw     ft11, 368(ra)
core   0: 3 0x0000000080003df8 (0x17f0a827) mem 0x000000008000a288 0xffff7e00
core   0: 0x0000000080003dfc (0x1640bc23) sd      tp, 376(ra)
core   0: 3 0x0000000080003dfc (0x1640bc23) mem 0x000000008000a290 0x0000000000000000
core   0: >>>>  inst_280
core   0: 0x0000000080003e00 (0x00100113) li      sp, 1
core   0: 3 0x0000000080003e00 (0x00100113) x2  0x0000000000000001
core   0: 0x0000000080003e04 (0x00c11113) slli    sp, sp, 12
core   0: 3 0x0000000080003e04 (0x00c11113) x2  0x0000000000001000
core   0: 0x0000000080003e08 (0x002181b3) add     gp, gp, sp
core   0: 3 0x0000000080003e08 (0x002181b3) x3  0x0000000080007010
core   0: 0x0000000080003e0c (0xd201af07) flw     ft10, -736(gp)
core   0: 3 0x0000000080003e0c (0xd201af07) f30 0xffffffff00000000 mem 0x0000000080006d30
core   0: 0x0000000080003e10 (0x402181b3) sub     gp, gp, sp
core   0: 3 0x0000000080003e10 (0x402181b3) x3  0x0000000080006010
core   0: 0x0000000080003e14 (0x00100113) li      sp, 1
core   0: 3 0x0000000080003e14 (0x00100113) x2  0x0000000000000001
core   0: 0x0000000080003e18 (0x00c11113) slli    sp, sp, 12
core   0: 3 0x0000000080003e18 (0x00c11113) x2  0x0000000000001000
core   0: 0x0000000080003e1c (0x002181b3) add     gp, gp, sp
core   0: 3 0x0000000080003e1c (0x002181b3) x3  0x0000000080007010
core   0: 0x0000000080003e20 (0xd241ae87) flw     ft9, -732(gp)
core   0: 3 0x0000000080003e20 (0xd241ae87) f29 0xffffffff00000000 mem 0x0000000080006d34
core   0: 0x0000000080003e24 (0x402181b3) sub     gp, gp, sp
core   0: 3 0x0000000080003e24 (0x402181b3) x3  0x0000000080006010
core   0: 0x0000000080003e28 (0x00100113) li      sp, 1
core   0: 3 0x0000000080003e28 (0x00100113) x2  0x0000000000000001
core   0: 0x0000000080003e2c (0x00c11113) slli    sp, sp, 12
core   0: 3 0x0000000080003e2c (0x00c11113) x2  0x0000000000001000
core   0: 0x0000000080003e30 (0x002181b3) add     gp, gp, sp
core   0: 3 0x0000000080003e30 (0x002181b3) x3  0x0000000080007010
core   0: 0x0000000080003e34 (0xd281ae07) flw     ft8, -728(gp)
core   0: 3 0x0000000080003e34 (0xd281ae07) f28 0xffffffffffff0000 mem 0x0000000080006d38
core   0: 0x0000000080003e38 (0x402181b3) sub     gp, gp, sp
core   0: 3 0x0000000080003e38 (0x402181b3) x3  0x0000000080006010
core   0: 0x0000000080003e3c (0x00000113) li      sp, 0
core   0: 3 0x0000000080003e3c (0x00000113) x2  0x0000000000000000
core   0: 0x0000000080003e40 (0x00311073) csrw    fcsr, sp
core   0: 3 0x0000000080003e40 (0x00311073) c1_fflags 0x0000000000000000 c2_frm 0x0000000000000000
core   0: 0x0000000080003e44 (0xe5df7fcf) fnmadd.h ft11, ft10, ft9, ft8
core   0: 3 0x0000000080003e44 (0xe5df7fcf) f31 0xffffffffffff7e00
core   0: 0x0000000080003e48 (0x00302273) csrr    tp, fcsr
core   0: 3 0x0000000080003e48 (0x00302273) x4  0x0000000000000000
core   0: 0x0000000080003e4c (0x19f0a027) fsw     ft11, 384(ra)
core   0: 3 0x0000000080003e4c (0x19f0a027) mem 0x000000008000a298 0xffff7e00
core   0: 0x0000000080003e50 (0x1840b423) sd      tp, 392(ra)
core   0: 3 0x0000000080003e50 (0x1840b423) mem 0x000000008000a2a0 0x0000000000000000
core   0: >>>>  inst_281
core   0: 0x0000000080003e54 (0x00100113) li      sp, 1
core   0: 3 0x0000000080003e54 (0x00100113) x2  0x0000000000000001
core   0: 0x0000000080003e58 (0x00c11113) slli    sp, sp, 12
core   0: 3 0x0000000080003e58 (0x00c11113) x2  0x0000000000001000
core   0: 0x0000000080003e5c (0x002181b3) add     gp, gp, sp
core   0: 3 0x0000000080003e5c (0x002181b3) x3  0x0000000080007010
core   0: 0x0000000080003e60 (0xd2c1af07) flw     ft10, -724(gp)
core   0: 3 0x0000000080003e60 (0xd2c1af07) f30 0xfffffffffbfffbff mem 0x0000000080006d3c
core   0: 0x0000000080003e64 (0x402181b3) sub     gp, gp, sp
core   0: 3 0x0000000080003e64 (0x402181b3) x3  0x0000000080006010
core   0: 0x0000000080003e68 (0x00100113) li      sp, 1
core   0: 3 0x0000000080003e68 (0x00100113) x2  0x0000000000000001
core   0: 0x0000000080003e6c (0x00c11113) slli    sp, sp, 12
core   0: 3 0x0000000080003e6c (0x00c11113) x2  0x0000000000001000
core   0: 0x0000000080003e70 (0x002181b3) add     gp, gp, sp
core   0: 3 0x0000000080003e70 (0x002181b3) x3  0x0000000080007010
core   0: 0x0000000080003e74 (0xd301ae87) flw     ft9, -720(gp)
core   0: 3 0x0000000080003e74 (0xd301ae87) f29 0xffffffff00000000 mem 0x0000000080006d40
core   0: 0x0000000080003e78 (0x402181b3) sub     gp, gp, sp
core   0: 3 0x0000000080003e78 (0x402181b3) x3  0x0000000080006010
core   0: 0x0000000080003e7c (0x00100113) li      sp, 1
core   0: 3 0x0000000080003e7c (0x00100113) x2  0x0000000000000001
core   0: 0x0000000080003e80 (0x00c11113) slli    sp, sp, 12
core   0: 3 0x0000000080003e80 (0x00c11113) x2  0x0000000000001000
core   0: 0x0000000080003e84 (0x002181b3) add     gp, gp, sp
core   0: 3 0x0000000080003e84 (0x002181b3) x3  0x0000000080007010
core   0: 0x0000000080003e88 (0xd341ae07) flw     ft8, -716(gp)
core   0: 3 0x0000000080003e88 (0xd341ae07) f28 0xffffffffffff0000 mem 0x0000000080006d44
core   0: 0x0000000080003e8c (0x402181b3) sub     gp, gp, sp
core   0: 3 0x0000000080003e8c (0x402181b3) x3  0x0000000080006010
core   0: 0x0000000080003e90 (0x00000113) li      sp, 0
core   0: 3 0x0000000080003e90 (0x00000113) x2  0x0000000000000000
core   0: 0x0000000080003e94 (0x00311073) csrw    fcsr, sp
core   0: 3 0x0000000080003e94 (0x00311073) c1_fflags 0x0000000000000000 c2_frm 0x0000000000000000
core   0: 0x0000000080003e98 (0xe5df7fcf) fnmadd.h ft11, ft10, ft9, ft8
core   0: 3 0x0000000080003e98 (0xe5df7fcf) f31 0xffffffffffff7e00
core   0: 0x0000000080003e9c (0x00302273) csrr    tp, fcsr
core   0: 3 0x0000000080003e9c (0x00302273) x4  0x0000000000000000
core   0: 0x0000000080003ea0 (0x19f0a827) fsw     ft11, 400(ra)
core   0: 3 0x0000000080003ea0 (0x19f0a827) mem 0x000000008000a2a8 0xffff7e00
core   0: 0x0000000080003ea4 (0x1840bc23) sd      tp, 408(ra)
core   0: 3 0x0000000080003ea4 (0x1840bc23) mem 0x000000008000a2b0 0x0000000000000000
core   0: >>>>  inst_282
core   0: 0x0000000080003ea8 (0x00100113) li      sp, 1
core   0: 3 0x0000000080003ea8 (0x00100113) x2  0x0000000000000001
core   0: 0x0000000080003eac (0x00c11113) slli    sp, sp, 12
core   0: 3 0x0000000080003eac (0x00c11113) x2  0x0000000000001000
core   0: 0x0000000080003eb0 (0x002181b3) add     gp, gp, sp
core   0: 3 0x0000000080003eb0 (0x002181b3) x3  0x0000000080007010
core   0: 0x0000000080003eb4 (0xd381af07) flw     ft10, -712(gp)
core   0: 3 0x0000000080003eb4 (0xd381af07) f30 0xffffffff7b167b16 mem 0x0000000080006d48
core   0: 0x0000000080003eb8 (0x402181b3) sub     gp, gp, sp
core   0: 3 0x0000000080003eb8 (0x402181b3) x3  0x0000000080006010
core   0: 0x0000000080003ebc (0x00100113) li      sp, 1
core   0: 3 0x0000000080003ebc (0x00100113) x2  0x0000000000000001
core   0: 0x0000000080003ec0 (0x00c11113) slli    sp, sp, 12
core   0: 3 0x0000000080003ec0 (0x00c11113) x2  0x0000000000001000
core   0: 0x0000000080003ec4 (0x002181b3) add     gp, gp, sp
core   0: 3 0x0000000080003ec4 (0x002181b3) x3  0x0000000080007010
core   0: 0x0000000080003ec8 (0xd3c1ae87) flw     ft9, -708(gp)
core   0: 3 0x0000000080003ec8 (0xd3c1ae87) f29 0xffffffff00000000 mem 0x0000000080006d4c
core   0: 0x0000000080003ecc (0x402181b3) sub     gp, gp, sp
core   0: 3 0x0000000080003ecc (0x402181b3) x3  0x0000000080006010
core   0: 0x0000000080003ed0 (0x00100113) li      sp, 1
core   0: 3 0x0000000080003ed0 (0x00100113) x2  0x0000000000000001
core   0: 0x0000000080003ed4 (0x00c11113) slli    sp, sp, 12
core   0: 3 0x0000000080003ed4 (0x00c11113) x2  0x0000000000001000
core   0: 0x0000000080003ed8 (0x002181b3) add     gp, gp, sp
core   0: 3 0x0000000080003ed8 (0x002181b3) x3  0x0000000080007010
core   0: 0x0000000080003edc (0xd401ae07) flw     ft8, -704(gp)
core   0: 3 0x0000000080003edc (0xd401ae07) f28 0xffffffffffff0000 mem 0x0000000080006d50
core   0: 0x0000000080003ee0 (0x402181b3) sub     gp, gp, sp
core   0: 3 0x0000000080003ee0 (0x402181b3) x3  0x0000000080006010
core   0: 0x0000000080003ee4 (0x00000113) li      sp, 0
core   0: 3 0x0000000080003ee4 (0x00000113) x2  0x0000000000000000
core   0: 0x0000000080003ee8 (0x00311073) csrw    fcsr, sp
core   0: 3 0x0000000080003ee8 (0x00311073) c1_fflags 0x0000000000000000 c2_frm 0x0000000000000000
core   0: 0x0000000080003eec (0xe5df7fcf) fnmadd.h ft11, ft10, ft9, ft8
core   0: 3 0x0000000080003eec (0xe5df7fcf) f31 0xffffffffffff7e00
core   0: 0x0000000080003ef0 (0x00302273) csrr    tp, fcsr
core   0: 3 0x0000000080003ef0 (0x00302273) x4  0x0000000000000000
core   0: 0x0000000080003ef4 (0x1bf0a027) fsw     ft11, 416(ra)
core   0: 3 0x0000000080003ef4 (0x1bf0a027) mem 0x000000008000a2b8 0xffff7e00
core   0: 0x0000000080003ef8 (0x1a40b423) sd      tp, 424(ra)
core   0: 3 0x0000000080003ef8 (0x1a40b423) mem 0x000000008000a2c0 0x0000000000000000
core   0: >>>>  inst_283
core   0: 0x0000000080003efc (0x00100113) li      sp, 1
core   0: 3 0x0000000080003efc (0x00100113) x2  0x0000000000000001
core   0: 0x0000000080003f00 (0x00c11113) slli    sp, sp, 12
core   0: 3 0x0000000080003f00 (0x00c11113) x2  0x0000000000001000
core   0: 0x0000000080003f04 (0x002181b3) add     gp, gp, sp
core   0: 3 0x0000000080003f04 (0x002181b3) x3  0x0000000080007010
core   0: 0x0000000080003f08 (0xd441af07) flw     ft10, -700(gp)
core   0: 3 0x0000000080003f08 (0xd441af07) f30 0xffffffff00000000 mem 0x0000000080006d54
core   0: 0x0000000080003f0c (0x402181b3) sub     gp, gp, sp
core   0: 3 0x0000000080003f0c (0x402181b3) x3  0x0000000080006010
core   0: 0x0000000080003f10 (0x00100113) li      sp, 1
core   0: 3 0x0000000080003f10 (0x00100113) x2  0x0000000000000001
core   0: 0x0000000080003f14 (0x00c11113) slli    sp, sp, 12
core   0: 3 0x0000000080003f14 (0x00c11113) x2  0x0000000000001000
core   0: 0x0000000080003f18 (0x002181b3) add     gp, gp, sp
core   0: 3 0x0000000080003f18 (0x002181b3) x3  0x0000000080007010
core   0: 0x0000000080003f1c (0xd481ae87) flw     ft9, -696(gp)
core   0: 3 0x0000000080003f1c (0xd481ae87) f29 0xffffffff00000000 mem 0x0000000080006d58
core   0: 0x0000000080003f20 (0x402181b3) sub     gp, gp, sp
core   0: 3 0x0000000080003f20 (0x402181b3) x3  0x0000000080006010
core   0: 0x0000000080003f24 (0x00100113) li      sp, 1
core   0: 3 0x0000000080003f24 (0x00100113) x2  0x0000000000000001
core   0: 0x0000000080003f28 (0x00c11113) slli    sp, sp, 12
core   0: 3 0x0000000080003f28 (0x00c11113) x2  0x0000000000001000
core   0: 0x0000000080003f2c (0x002181b3) add     gp, gp, sp
core   0: 3 0x0000000080003f2c (0x002181b3) x3  0x0000000080007010
core   0: 0x0000000080003f30 (0xd4c1ae07) flw     ft8, -692(gp)
core   0: 3 0x0000000080003f30 (0xd4c1ae07) f28 0xffffffffffff0000 mem 0x0000000080006d5c
core   0: 0x0000000080003f34 (0x402181b3) sub     gp, gp, sp
core   0: 3 0x0000000080003f34 (0x402181b3) x3  0x0000000080006010
core   0: 0x0000000080003f38 (0x00000113) li      sp, 0
core   0: 3 0x0000000080003f38 (0x00000113) x2  0x0000000000000000
core   0: 0x0000000080003f3c (0x00311073) csrw    fcsr, sp
core   0: 3 0x0000000080003f3c (0x00311073) c1_fflags 0x0000000000000000 c2_frm 0x0000000000000000
core   0: 0x0000000080003f40 (0xe5df7fcf) fnmadd.h ft11, ft10, ft9, ft8
core   0: 3 0x0000000080003f40 (0xe5df7fcf) f31 0xffffffffffff7e00
core   0: 0x0000000080003f44 (0x00302273) csrr    tp, fcsr
core   0: 3 0x0000000080003f44 (0x00302273) x4  0x0000000000000000
core   0: 0x0000000080003f48 (0x1bf0a827) fsw     ft11, 432(ra)
core   0: 3 0x0000000080003f48 (0x1bf0a827) mem 0x000000008000a2c8 0xffff7e00
core   0: 0x0000000080003f4c (0x1a40bc23) sd      tp, 440(ra)
core   0: 3 0x0000000080003f4c (0x1a40bc23) mem 0x000000008000a2d0 0x0000000000000000
core   0: >>>>  inst_284
core   0: 0x0000000080003f50 (0x00100113) li      sp, 1
core   0: 3 0x0000000080003f50 (0x00100113) x2  0x0000000000000001
core   0: 0x0000000080003f54 (0x00c11113) slli    sp, sp, 12
core   0: 3 0x0000000080003f54 (0x00c11113) x2  0x0000000000001000
core   0: 0x0000000080003f58 (0x002181b3) add     gp, gp, sp
core   0: 3 0x0000000080003f58 (0x002181b3) x3  0x0000000080007010
core   0: 0x0000000080003f5c (0xd501af07) flw     ft10, -688(gp)
core   0: 3 0x0000000080003f5c (0xd501af07) f30 0xfffffffffbfffbff mem 0x0000000080006d60
core   0: 0x0000000080003f60 (0x402181b3) sub     gp, gp, sp
core   0: 3 0x0000000080003f60 (0x402181b3) x3  0x0000000080006010
core   0: 0x0000000080003f64 (0x00100113) li      sp, 1
core   0: 3 0x0000000080003f64 (0x00100113) x2  0x0000000000000001
core   0: 0x0000000080003f68 (0x00c11113) slli    sp, sp, 12
core   0: 3 0x0000000080003f68 (0x00c11113) x2  0x0000000000001000
core   0: 0x0000000080003f6c (0x002181b3) add     gp, gp, sp
core   0: 3 0x0000000080003f6c (0x002181b3) x3  0x0000000080007010
core   0: 0x0000000080003f70 (0xd541ae87) flw     ft9, -684(gp)
core   0: 3 0x0000000080003f70 (0xd541ae87) f29 0xffffffff00000000 mem 0x0000000080006d64
core   0: 0x0000000080003f74 (0x402181b3) sub     gp, gp, sp
core   0: 3 0x0000000080003f74 (0x402181b3) x3  0x0000000080006010
core   0: 0x0000000080003f78 (0x00100113) li      sp, 1
core   0: 3 0x0000000080003f78 (0x00100113) x2  0x0000000000000001
core   0: 0x0000000080003f7c (0x00c11113) slli    sp, sp, 12
core   0: 3 0x0000000080003f7c (0x00c11113) x2  0x0000000000001000
core   0: 0x0000000080003f80 (0x002181b3) add     gp, gp, sp
core   0: 3 0x0000000080003f80 (0x002181b3) x3  0x0000000080007010
core   0: 0x0000000080003f84 (0xd581ae07) flw     ft8, -680(gp)
core   0: 3 0x0000000080003f84 (0xd581ae07) f28 0xffffffffffff0000 mem 0x0000000080006d68
core   0: 0x0000000080003f88 (0x402181b3) sub     gp, gp, sp
core   0: 3 0x0000000080003f88 (0x402181b3) x3  0x0000000080006010
core   0: 0x0000000080003f8c (0x00000113) li      sp, 0
core   0: 3 0x0000000080003f8c (0x00000113) x2  0x0000000000000000
core   0: 0x0000000080003f90 (0x00311073) csrw    fcsr, sp
core   0: 3 0x0000000080003f90 (0x00311073) c1_fflags 0x0000000000000000 c2_frm 0x0000000000000000
core   0: 0x0000000080003f94 (0xe5df7fcf) fnmadd.h ft11, ft10, ft9, ft8
core   0: 3 0x0000000080003f94 (0xe5df7fcf) f31 0xffffffffffff7e00
core   0: 0x0000000080003f98 (0x00302273) csrr    tp, fcsr
core   0: 3 0x0000000080003f98 (0x00302273) x4  0x0000000000000000
core   0: 0x0000000080003f9c (0x1df0a027) fsw     ft11, 448(ra)
core   0: 3 0x0000000080003f9c (0x1df0a027) mem 0x000000008000a2d8 0xffff7e00
core   0: 0x0000000080003fa0 (0x1c40b423) sd      tp, 456(ra)
core   0: 3 0x0000000080003fa0 (0x1c40b423) mem 0x000000008000a2e0 0x0000000000000000
core   0: >>>>  inst_285
core   0: 0x0000000080003fa4 (0x00100113) li      sp, 1
core   0: 3 0x0000000080003fa4 (0x00100113) x2  0x0000000000000001
core   0: 0x0000000080003fa8 (0x00c11113) slli    sp, sp, 12
core   0: 3 0x0000000080003fa8 (0x00c11113) x2  0x0000000000001000
core   0: 0x0000000080003fac (0x002181b3) add     gp, gp, sp
core   0: 3 0x0000000080003fac (0x002181b3) x3  0x0000000080007010
core   0: 0x0000000080003fb0 (0xd5c1af07) flw     ft10, -676(gp)
core   0: 3 0x0000000080003fb0 (0xd5c1af07) f30 0xffffffff79eb79eb mem 0x0000000080006d6c
core   0: 0x0000000080003fb4 (0x402181b3) sub     gp, gp, sp
core   0: 3 0x0000000080003fb4 (0x402181b3) x3  0x0000000080006010
core   0: 0x0000000080003fb8 (0x00100113) li      sp, 1
core   0: 3 0x0000000080003fb8 (0x00100113) x2  0x0000000000000001
core   0: 0x0000000080003fbc (0x00c11113) slli    sp, sp, 12
core   0: 3 0x0000000080003fbc (0x00c11113) x2  0x0000000000001000
core   0: 0x0000000080003fc0 (0x002181b3) add     gp, gp, sp
core   0: 3 0x0000000080003fc0 (0x002181b3) x3  0x0000000080007010
core   0: 0x0000000080003fc4 (0xd601ae87) flw     ft9, -672(gp)
core   0: 3 0x0000000080003fc4 (0xd601ae87) f29 0xffffffff00000000 mem 0x0000000080006d70
core   0: 0x0000000080003fc8 (0x402181b3) sub     gp, gp, sp
core   0: 3 0x0000000080003fc8 (0x402181b3) x3  0x0000000080006010
core   0: 0x0000000080003fcc (0x00100113) li      sp, 1
core   0: 3 0x0000000080003fcc (0x00100113) x2  0x0000000000000001
core   0: 0x0000000080003fd0 (0x00c11113) slli    sp, sp, 12
core   0: 3 0x0000000080003fd0 (0x00c11113) x2  0x0000000000001000
core   0: 0x0000000080003fd4 (0x002181b3) add     gp, gp, sp
core   0: 3 0x0000000080003fd4 (0x002181b3) x3  0x0000000080007010
core   0: 0x0000000080003fd8 (0xd641ae07) flw     ft8, -668(gp)
core   0: 3 0x0000000080003fd8 (0xd641ae07) f28 0xffffffffffff0000 mem 0x0000000080006d74
core   0: 0x0000000080003fdc (0x402181b3) sub     gp, gp, sp
core   0: 3 0x0000000080003fdc (0x402181b3) x3  0x0000000080006010
core   0: 0x0000000080003fe0 (0x00000113) li      sp, 0
core   0: 3 0x0000000080003fe0 (0x00000113) x2  0x0000000000000000
core   0: 0x0000000080003fe4 (0x00311073) csrw    fcsr, sp
core   0: 3 0x0000000080003fe4 (0x00311073) c1_fflags 0x0000000000000000 c2_frm 0x0000000000000000
core   0: 0x0000000080003fe8 (0xe5df7fcf) fnmadd.h ft11, ft10, ft9, ft8
core   0: 3 0x0000000080003fe8 (0xe5df7fcf) f31 0xffffffffffff7e00
core   0: 0x0000000080003fec (0x00302273) csrr    tp, fcsr
core   0: 3 0x0000000080003fec (0x00302273) x4  0x0000000000000000
core   0: 0x0000000080003ff0 (0x1df0a827) fsw     ft11, 464(ra)
core   0: 3 0x0000000080003ff0 (0x1df0a827) mem 0x000000008000a2e8 0xffff7e00
core   0: 0x0000000080003ff4 (0x1c40bc23) sd      tp, 472(ra)
core   0: 3 0x0000000080003ff4 (0x1c40bc23) mem 0x000000008000a2f0 0x0000000000000000
core   0: >>>>  inst_286
core   0: 0x0000000080003ff8 (0x00100113) li      sp, 1
core   0: 3 0x0000000080003ff8 (0x00100113) x2  0x0000000000000001
core   0: 0x0000000080003ffc (0x00c11113) slli    sp, sp, 12
core   0: 3 0x0000000080003ffc (0x00c11113) x2  0x0000000000001000
core   0: 0x0000000080004000 (0x002181b3) add     gp, gp, sp
core   0: 3 0x0000000080004000 (0x002181b3) x3  0x0000000080007010
core   0: 0x0000000080004004 (0xd681af07) flw     ft10, -664(gp)
core   0: 3 0x0000000080004004 (0xd681af07) f30 0xffffffff00000000 mem 0x0000000080006d78
core   0: 0x0000000080004008 (0x402181b3) sub     gp, gp, sp
core   0: 3 0x0000000080004008 (0x402181b3) x3  0x0000000080006010
core   0: 0x000000008000400c (0x00100113) li      sp, 1
core   0: 3 0x000000008000400c (0x00100113) x2  0x0000000000000001
core   0: 0x0000000080004010 (0x00c11113) slli    sp, sp, 12
core   0: 3 0x0000000080004010 (0x00c11113) x2  0x0000000000001000
core   0: 0x0000000080004014 (0x002181b3) add     gp, gp, sp
core   0: 3 0x0000000080004014 (0x002181b3) x3  0x0000000080007010
core   0: 0x0000000080004018 (0xd6c1ae87) flw     ft9, -660(gp)
core   0: 3 0x0000000080004018 (0xd6c1ae87) f29 0xffffffff00000000 mem 0x0000000080006d7c
core   0: 0x000000008000401c (0x402181b3) sub     gp, gp, sp
core   0: 3 0x000000008000401c (0x402181b3) x3  0x0000000080006010
core   0: 0x0000000080004020 (0x00100113) li      sp, 1
core   0: 3 0x0000000080004020 (0x00100113) x2  0x0000000000000001
core   0: 0x0000000080004024 (0x00c11113) slli    sp, sp, 12
core   0: 3 0x0000000080004024 (0x00c11113) x2  0x0000000000001000
core   0: 0x0000000080004028 (0x002181b3) add     gp, gp, sp
core   0: 3 0x0000000080004028 (0x002181b3) x3  0x0000000080007010
core   0: 0x000000008000402c (0xd701ae07) flw     ft8, -656(gp)
core   0: 3 0x000000008000402c (0xd701ae07) f28 0xffffffffffff0000 mem 0x0000000080006d80
core   0: 0x0000000080004030 (0x402181b3) sub     gp, gp, sp
core   0: 3 0x0000000080004030 (0x402181b3) x3  0x0000000080006010
core   0: 0x0000000080004034 (0x00000113) li      sp, 0
core   0: 3 0x0000000080004034 (0x00000113) x2  0x0000000000000000
core   0: 0x0000000080004038 (0x00311073) csrw    fcsr, sp
core   0: 3 0x0000000080004038 (0x00311073) c1_fflags 0x0000000000000000 c2_frm 0x0000000000000000
core   0: 0x000000008000403c (0xe5df7fcf) fnmadd.h ft11, ft10, ft9, ft8
core   0: 3 0x000000008000403c (0xe5df7fcf) f31 0xffffffffffff7e00
core   0: 0x0000000080004040 (0x00302273) csrr    tp, fcsr
core   0: 3 0x0000000080004040 (0x00302273) x4  0x0000000000000000
core   0: 0x0000000080004044 (0x1ff0a027) fsw     ft11, 480(ra)
core   0: 3 0x0000000080004044 (0x1ff0a027) mem 0x000000008000a2f8 0xffff7e00
core   0: 0x0000000080004048 (0x1e40b423) sd      tp, 488(ra)
core   0: 3 0x0000000080004048 (0x1e40b423) mem 0x000000008000a300 0x0000000000000000
core   0: >>>>  inst_287
core   0: 0x000000008000404c (0x00100113) li      sp, 1
core   0: 3 0x000000008000404c (0x00100113) x2  0x0000000000000001
core   0: 0x0000000080004050 (0x00c11113) slli    sp, sp, 12
core   0: 3 0x0000000080004050 (0x00c11113) x2  0x0000000000001000
core   0: 0x0000000080004054 (0x002181b3) add     gp, gp, sp
core   0: 3 0x0000000080004054 (0x002181b3) x3  0x0000000080007010
core   0: 0x0000000080004058 (0xd741af07) flw     ft10, -652(gp)
core   0: 3 0x0000000080004058 (0xd741af07) f30 0xfffffffffbfffbff mem 0x0000000080006d84
core   0: 0x000000008000405c (0x402181b3) sub     gp, gp, sp
core   0: 3 0x000000008000405c (0x402181b3) x3  0x0000000080006010
core   0: 0x0000000080004060 (0x00100113) li      sp, 1
core   0: 3 0x0000000080004060 (0x00100113) x2  0x0000000000000001
core   0: 0x0000000080004064 (0x00c11113) slli    sp, sp, 12
core   0: 3 0x0000000080004064 (0x00c11113) x2  0x0000000000001000
core   0: 0x0000000080004068 (0x002181b3) add     gp, gp, sp
core   0: 3 0x0000000080004068 (0x002181b3) x3  0x0000000080007010
core   0: 0x000000008000406c (0xd781ae87) flw     ft9, -648(gp)
core   0: 3 0x000000008000406c (0xd781ae87) f29 0xffffffff00000000 mem 0x0000000080006d88
core   0: 0x0000000080004070 (0x402181b3) sub     gp, gp, sp
core   0: 3 0x0000000080004070 (0x402181b3) x3  0x0000000080006010
core   0: 0x0000000080004074 (0x00100113) li      sp, 1
core   0: 3 0x0000000080004074 (0x00100113) x2  0x0000000000000001
core   0: 0x0000000080004078 (0x00c11113) slli    sp, sp, 12
core   0: 3 0x0000000080004078 (0x00c11113) x2  0x0000000000001000
core   0: 0x000000008000407c (0x002181b3) add     gp, gp, sp
core   0: 3 0x000000008000407c (0x002181b3) x3  0x0000000080007010
core   0: 0x0000000080004080 (0xd7c1ae07) flw     ft8, -644(gp)
core   0: 3 0x0000000080004080 (0xd7c1ae07) f28 0xffffffffffff0000 mem 0x0000000080006d8c
core   0: 0x0000000080004084 (0x402181b3) sub     gp, gp, sp
core   0: 3 0x0000000080004084 (0x402181b3) x3  0x0000000080006010
core   0: 0x0000000080004088 (0x00000113) li      sp, 0
core   0: 3 0x0000000080004088 (0x00000113) x2  0x0000000000000000
core   0: 0x000000008000408c (0x00311073) csrw    fcsr, sp
core   0: 3 0x000000008000408c (0x00311073) c1_fflags 0x0000000000000000 c2_frm 0x0000000000000000
core   0: 0x0000000080004090 (0xe5df7fcf) fnmadd.h ft11, ft10, ft9, ft8
core   0: 3 0x0000000080004090 (0xe5df7fcf) f31 0xffffffffffff7e00
core   0: 0x0000000080004094 (0x00302273) csrr    tp, fcsr
core   0: 3 0x0000000080004094 (0x00302273) x4  0x0000000000000000
core   0: 0x0000000080004098 (0x1ff0a827) fsw     ft11, 496(ra)
core   0: 3 0x0000000080004098 (0x1ff0a827) mem 0x000000008000a308 0xffff7e00
core   0: 0x000000008000409c (0x1e40bc23) sd      tp, 504(ra)
core   0: 3 0x000000008000409c (0x1e40bc23) mem 0x000000008000a310 0x0000000000000000
core   0: >>>>  inst_288
core   0: 0x00000000800040a0 (0x00100113) li      sp, 1
core   0: 3 0x00000000800040a0 (0x00100113) x2  0x0000000000000001
core   0: 0x00000000800040a4 (0x00c11113) slli    sp, sp, 12
core   0: 3 0x00000000800040a4 (0x00c11113) x2  0x0000000000001000
core   0: 0x00000000800040a8 (0x002181b3) add     gp, gp, sp
core   0: 3 0x00000000800040a8 (0x002181b3) x3  0x0000000080007010
core   0: 0x00000000800040ac (0xd801af07) flw     ft10, -640(gp)
core   0: 3 0x00000000800040ac (0xd801af07) f30 0xffffffff7a787a78 mem 0x0000000080006d90
core   0: 0x00000000800040b0 (0x402181b3) sub     gp, gp, sp
core   0: 3 0x00000000800040b0 (0x402181b3) x3  0x0000000080006010
core   0: 0x00000000800040b4 (0x00100113) li      sp, 1
core   0: 3 0x00000000800040b4 (0x00100113) x2  0x0000000000000001
core   0: 0x00000000800040b8 (0x00c11113) slli    sp, sp, 12
core   0: 3 0x00000000800040b8 (0x00c11113) x2  0x0000000000001000
core   0: 0x00000000800040bc (0x002181b3) add     gp, gp, sp
core   0: 3 0x00000000800040bc (0x002181b3) x3  0x0000000080007010
core   0: 0x00000000800040c0 (0xd841ae87) flw     ft9, -636(gp)
core   0: 3 0x00000000800040c0 (0xd841ae87) f29 0xffffffff00000000 mem 0x0000000080006d94
core   0: 0x00000000800040c4 (0x402181b3) sub     gp, gp, sp
core   0: 3 0x00000000800040c4 (0x402181b3) x3  0x0000000080006010
core   0: 0x00000000800040c8 (0x00100113) li      sp, 1
core   0: 3 0x00000000800040c8 (0x00100113) x2  0x0000000000000001
core   0: 0x00000000800040cc (0x00c11113) slli    sp, sp, 12
core   0: 3 0x00000000800040cc (0x00c11113) x2  0x0000000000001000
core   0: 0x00000000800040d0 (0x002181b3) add     gp, gp, sp
core   0: 3 0x00000000800040d0 (0x002181b3) x3  0x0000000080007010
core   0: 0x00000000800040d4 (0xd881ae07) flw     ft8, -632(gp)
core   0: 3 0x00000000800040d4 (0xd881ae07) f28 0xffffffffffff0000 mem 0x0000000080006d98
core   0: 0x00000000800040d8 (0x402181b3) sub     gp, gp, sp
core   0: 3 0x00000000800040d8 (0x402181b3) x3  0x0000000080006010
core   0: 0x00000000800040dc (0x00000113) li      sp, 0
core   0: 3 0x00000000800040dc (0x00000113) x2  0x0000000000000000
core   0: 0x00000000800040e0 (0x00311073) csrw    fcsr, sp
core   0: 3 0x00000000800040e0 (0x00311073) c1_fflags 0x0000000000000000 c2_frm 0x0000000000000000
core   0: 0x00000000800040e4 (0xe5df7fcf) fnmadd.h ft11, ft10, ft9, ft8
core   0: 3 0x00000000800040e4 (0xe5df7fcf) f31 0xffffffffffff7e00
core   0: 0x00000000800040e8 (0x00302273) csrr    tp, fcsr
core   0: 3 0x00000000800040e8 (0x00302273) x4  0x0000000000000000
core   0: 0x00000000800040ec (0x21f0a027) fsw     ft11, 512(ra)
core   0: 3 0x00000000800040ec (0x21f0a027) mem 0x000000008000a318 0xffff7e00
core   0: 0x00000000800040f0 (0x2040b423) sd      tp, 520(ra)
core   0: 3 0x00000000800040f0 (0x2040b423) mem 0x000000008000a320 0x0000000000000000
core   0: >>>>  inst_289
core   0: 0x00000000800040f4 (0x00100113) li      sp, 1
core   0: 3 0x00000000800040f4 (0x00100113) x2  0x0000000000000001
core   0: 0x00000000800040f8 (0x00c11113) slli    sp, sp, 12
core   0: 3 0x00000000800040f8 (0x00c11113) x2  0x0000000000001000
core   0: 0x00000000800040fc (0x002181b3) add     gp, gp, sp
core   0: 3 0x00000000800040fc (0x002181b3) x3  0x0000000080007010
core   0: 0x0000000080004100 (0xd8c1af07) flw     ft10, -628(gp)
core   0: 3 0x0000000080004100 (0xd8c1af07) f30 0xffffffff00000000 mem 0x0000000080006d9c
core   0: 0x0000000080004104 (0x402181b3) sub     gp, gp, sp
core   0: 3 0x0000000080004104 (0x402181b3) x3  0x0000000080006010
core   0: 0x0000000080004108 (0x00100113) li      sp, 1
core   0: 3 0x0000000080004108 (0x00100113) x2  0x0000000000000001
core   0: 0x000000008000410c (0x00c11113) slli    sp, sp, 12
core   0: 3 0x000000008000410c (0x00c11113) x2  0x0000000000001000
core   0: 0x0000000080004110 (0x002181b3) add     gp, gp, sp
core   0: 3 0x0000000080004110 (0x002181b3) x3  0x0000000080007010
core   0: 0x0000000080004114 (0xd901ae87) flw     ft9, -624(gp)
core   0: 3 0x0000000080004114 (0xd901ae87) f29 0xffffffff00000000 mem 0x0000000080006da0
core   0: 0x0000000080004118 (0x402181b3) sub     gp, gp, sp
core   0: 3 0x0000000080004118 (0x402181b3) x3  0x0000000080006010
core   0: 0x000000008000411c (0x00100113) li      sp, 1
core   0: 3 0x000000008000411c (0x00100113) x2  0x0000000000000001
core   0: 0x0000000080004120 (0x00c11113) slli    sp, sp, 12
core   0: 3 0x0000000080004120 (0x00c11113) x2  0x0000000000001000
core   0: 0x0000000080004124 (0x002181b3) add     gp, gp, sp
core   0: 3 0x0000000080004124 (0x002181b3) x3  0x0000000080007010
core   0: 0x0000000080004128 (0xd941ae07) flw     ft8, -620(gp)
core   0: 3 0x0000000080004128 (0xd941ae07) f28 0xffffffffffff0000 mem 0x0000000080006da4
core   0: 0x000000008000412c (0x402181b3) sub     gp, gp, sp
core   0: 3 0x000000008000412c (0x402181b3) x3  0x0000000080006010
core   0: 0x0000000080004130 (0x00000113) li      sp, 0
core   0: 3 0x0000000080004130 (0x00000113) x2  0x0000000000000000
core   0: 0x0000000080004134 (0x00311073) csrw    fcsr, sp
core   0: 3 0x0000000080004134 (0x00311073) c1_fflags 0x0000000000000000 c2_frm 0x0000000000000000
core   0: 0x0000000080004138 (0xe5df7fcf) fnmadd.h ft11, ft10, ft9, ft8
core   0: 3 0x0000000080004138 (0xe5df7fcf) f31 0xffffffffffff7e00
core   0: 0x000000008000413c (0x00302273) csrr    tp, fcsr
core   0: 3 0x000000008000413c (0x00302273) x4  0x0000000000000000
core   0: 0x0000000080004140 (0x21f0a827) fsw     ft11, 528(ra)
core   0: 3 0x0000000080004140 (0x21f0a827) mem 0x000000008000a328 0xffff7e00
core   0: 0x0000000080004144 (0x2040bc23) sd      tp, 536(ra)
core   0: 3 0x0000000080004144 (0x2040bc23) mem 0x000000008000a330 0x0000000000000000
core   0: >>>>  cleanup_epilogs
core   0: 0x0000000080004148 (0x0380006f) j       pc + 0x38
core   0: 3 0x0000000080004148 (0x0380006f)
core   0: >>>>  exit_cleanup
core   0: 0x0000000080004180 (0x00100093) li      ra, 1
core   0: 3 0x0000000080004180 (0x00100093) x1  0x0000000000000001
core   0: 0x0000000080004184 (0x00001397) auipc   t2, 0x1
core   0: 3 0x0000000080004184 (0x00001397) x7  0x0000000080005184
core   0: 0x0000000080004188 (0xe613ae23) sw      ra, -388(t2)
core   0: 3 0x0000000080004188 (0xe613ae23) mem 0x0000000080005000 0x00000001
core   0: 0x000000008000418c (0xff9ff06f) j       pc - 0x8
core   0: 3 0x000000008000418c (0xff9ff06f)
core   0: 0x0000000080004184 (0x00001397) auipc   t2, 0x1
core   0: 3 0x0000000080004184 (0x00001397) x7  0x0000000080005184
core   0: 0x0000000080004188 (0xe613ae23) sw      ra, -388(t2)
core   0: 3 0x0000000080004188 (0xe613ae23) mem 0x0000000080005000 0x00000001
core   0: 0x000000008000418c (0xff9ff06f) j       pc - 0x8
core   0: 3 0x000000008000418c (0xff9ff06f)
core   0: 0x0000000080004184 (0x00001397) auipc   t2, 0x1
core   0: 3 0x0000000080004184 (0x00001397) x7  0x0000000080005184
core   0: 0x0000000080004188 (0xe613ae23) sw      ra, -388(t2)
core   0: 3 0x0000000080004188 (0xe613ae23) mem 0x0000000080005000 0x00000001
core   0: 0x000000008000418c (0xff9ff06f) j       pc - 0x8
core   0: 3 0x000000008000418c (0xff9ff06f)
core   0: 0x0000000080004184 (0x00001397) auipc   t2, 0x1
core   0: 3 0x0000000080004184 (0x00001397) x7  0x0000000080005184
core   0: 0x0000000080004188 (0xe613ae23) sw      ra, -388(t2)
core   0: 3 0x0000000080004188 (0xe613ae23) mem 0x0000000080005000 0x00000001
core   0: 0x000000008000418c (0xff9ff06f) j       pc - 0x8
core   0: 3 0x000000008000418c (0xff9ff06f)
core   0: 0x0000000080004184 (0x00001397) auipc   t2, 0x1
core   0: 3 0x0000000080004184 (0x00001397) x7  0x0000000080005184
core   0: 0x0000000080004188 (0xe613ae23) sw      ra, -388(t2)
core   0: 3 0x0000000080004188 (0xe613ae23) mem 0x0000000080005000 0x00000001
core   0: 0x000000008000418c (0xff9ff06f) j       pc - 0x8
core   0: 3 0x000000008000418c (0xff9ff06f)
core   0: 0x0000000080004184 (0x00001397) auipc   t2, 0x1
core   0: 3 0x0000000080004184 (0x00001397) x7  0x0000000080005184
core   0: 0x0000000080004188 (0xe613ae23) sw      ra, -388(t2)
core   0: 3 0x0000000080004188 (0xe613ae23) mem 0x0000000080005000 0x00000001
core   0: 0x000000008000418c (0xff9ff06f) j       pc - 0x8
core   0: 3 0x000000008000418c (0xff9ff06f)
core   0: 0x0000000080004184 (0x00001397) auipc   t2, 0x1
core   0: 3 0x0000000080004184 (0x00001397) x7  0x0000000080005184
core   0: 0x0000000080004188 (0xe613ae23) sw      ra, -388(t2)
core   0: 3 0x0000000080004188 (0xe613ae23) mem 0x0000000080005000 0x00000001
core   0: 0x000000008000418c (0xff9ff06f) j       pc - 0x8
core   0: 3 0x000000008000418c (0xff9ff06f)
core   0: 0x0000000080004184 (0x00001397) auipc   t2, 0x1
core   0: 3 0x0000000080004184 (0x00001397) x7  0x0000000080005184
core   0: 0x0000000080004188 (0xe613ae23) sw      ra, -388(t2)
core   0: 3 0x0000000080004188 (0xe613ae23) mem 0x0000000080005000 0x00000001
core   0: 0x000000008000418c (0xff9ff06f) j       pc - 0x8
core   0: 3 0x000000008000418c (0xff9ff06f)
core   0: 0x0000000080004184 (0x00001397) auipc   t2, 0x1
core   0: 3 0x0000000080004184 (0x00001397) x7  0x0000000080005184
core   0: 0x0000000080004188 (0xe613ae23) sw      ra, -388(t2)
core   0: 3 0x0000000080004188 (0xe613ae23) mem 0x0000000080005000 0x00000001
core   0: 0x000000008000418c (0xff9ff06f) j       pc - 0x8
core   0: 3 0x000000008000418c (0xff9ff06f)
core   0: 0x0000000080004184 (0x00001397) auipc   t2, 0x1
core   0: 3 0x0000000080004184 (0x00001397) x7  0x0000000080005184
core   0: 0x0000000080004188 (0xe613ae23) sw      ra, -388(t2)
core   0: 3 0x0000000080004188 (0xe613ae23) mem 0x0000000080005000 0x00000001
core   0: 0x000000008000418c (0xff9ff06f) j       pc - 0x8
core   0: 3 0x000000008000418c (0xff9ff06f)
core   0: 0x0000000080004184 (0x00001397) auipc   t2, 0x1
core   0: 3 0x0000000080004184 (0x00001397) x7  0x0000000080005184
core   0: 0x0000000080004188 (0xe613ae23) sw      ra, -388(t2)
core   0: 3 0x0000000080004188 (0xe613ae23) mem 0x0000000080005000 0x00000001
core   0: 0x000000008000418c (0xff9ff06f) j       pc - 0x8
core   0: 3 0x000000008000418c (0xff9ff06f)
core   0: 0x0000000080004184 (0x00001397) auipc   t2, 0x1
core   0: 3 0x0000000080004184 (0x00001397) x7  0x0000000080005184
core   0: 0x0000000080004188 (0xe613ae23) sw      ra, -388(t2)
core   0: 3 0x0000000080004188 (0xe613ae23) mem 0x0000000080005000 0x00000001
core   0: 0x000000008000418c (0xff9ff06f) j       pc - 0x8
core   0: 3 0x000000008000418c (0xff9ff06f)
core   0: 0x0000000080004184 (0x00001397) auipc   t2, 0x1
core   0: 3 0x0000000080004184 (0x00001397) x7  0x0000000080005184
core   0: 0x0000000080004188 (0xe613ae23) sw      ra, -388(t2)
core   0: 3 0x0000000080004188 (0xe613ae23) mem 0x0000000080005000 0x00000001
core   0: 0x000000008000418c (0xff9ff06f) j       pc - 0x8
core   0: 3 0x000000008000418c (0xff9ff06f)
core   0: 0x0000000080004184 (0x00001397) auipc   t2, 0x1
core   0: 3 0x0000000080004184 (0x00001397) x7  0x0000000080005184
core   0: 0x0000000080004188 (0xe613ae23) sw      ra, -388(t2)
core   0: 3 0x0000000080004188 (0xe613ae23) mem 0x0000000080005000 0x00000001
core   0: 0x000000008000418c (0xff9ff06f) j       pc - 0x8
core   0: 3 0x000000008000418c (0xff9ff06f)
core   0: 0x0000000080004184 (0x00001397) auipc   t2, 0x1
core   0: 3 0x0000000080004184 (0x00001397) x7  0x0000000080005184
core   0: 0x0000000080004188 (0xe613ae23) sw      ra, -388(t2)
core   0: 3 0x0000000080004188 (0xe613ae23) mem 0x0000000080005000 0x00000001
core   0: 0x000000008000418c (0xff9ff06f) j       pc - 0x8
core   0: 3 0x000000008000418c (0xff9ff06f)
core   0: 0x0000000080004184 (0x00001397) auipc   t2, 0x1
core   0: 3 0x0000000080004184 (0x00001397) x7  0x0000000080005184
core   0: 0x0000000080004188 (0xe613ae23) sw      ra, -388(t2)
core   0: 3 0x0000000080004188 (0xe613ae23) mem 0x0000000080005000 0x00000001
core   0: 0x000000008000418c (0xff9ff06f) j       pc - 0x8
core   0: 3 0x000000008000418c (0xff9ff06f)
core   0: 0x0000000080004184 (0x00001397) auipc   t2, 0x1
core   0: 3 0x0000000080004184 (0x00001397) x7  0x0000000080005184
core   0: 0x0000000080004188 (0xe613ae23) sw      ra, -388(t2)
core   0: 3 0x0000000080004188 (0xe613ae23) mem 0x0000000080005000 0x00000001
core   0: 0x000000008000418c (0xff9ff06f) j       pc - 0x8
core   0: 3 0x000000008000418c (0xff9ff06f)
core   0: 0x0000000080004184 (0x00001397) auipc   t2, 0x1
core   0: 3 0x0000000080004184 (0x00001397) x7  0x0000000080005184
core   0: 0x0000000080004188 (0xe613ae23) sw      ra, -388(t2)
core   0: 3 0x0000000080004188 (0xe613ae23) mem 0x0000000080005000 0x00000001
core   0: 0x000000008000418c (0xff9ff06f) j       pc - 0x8
core   0: 3 0x000000008000418c (0xff9ff06f)
core   0: 0x0000000080004184 (0x00001397) auipc   t2, 0x1
core   0: 3 0x0000000080004184 (0x00001397) x7  0x0000000080005184
core   0: 0x0000000080004188 (0xe613ae23) sw      ra, -388(t2)
core   0: 3 0x0000000080004188 (0xe613ae23) mem 0x0000000080005000 0x00000001
core   0: 0x000000008000418c (0xff9ff06f) j       pc - 0x8
core   0: 3 0x000000008000418c (0xff9ff06f)
core   0: 0x0000000080004184 (0x00001397) auipc   t2, 0x1
core   0: 3 0x0000000080004184 (0x00001397) x7  0x0000000080005184
core   0: 0x0000000080004188 (0xe613ae23) sw      ra, -388(t2)
core   0: 3 0x0000000080004188 (0xe613ae23) mem 0x0000000080005000 0x00000001
core   0: 0x000000008000418c (0xff9ff06f) j       pc - 0x8
core   0: 3 0x000000008000418c (0xff9ff06f)
core   0: 0x0000000080004184 (0x00001397) auipc   t2, 0x1
core   0: 3 0x0000000080004184 (0x00001397) x7  0x0000000080005184
core   0: 0x0000000080004188 (0xe613ae23) sw      ra, -388(t2)
core   0: 3 0x0000000080004188 (0xe613ae23) mem 0x0000000080005000 0x00000001
core   0: 0x000000008000418c (0xff9ff06f) j       pc - 0x8
core   0: 3 0x000000008000418c (0xff9ff06f)
core   0: 0x0000000080004184 (0x00001397) auipc   t2, 0x1
core   0: 3 0x0000000080004184 (0x00001397) x7  0x0000000080005184
core   0: 0x0000000080004188 (0xe613ae23) sw      ra, -388(t2)
core   0: 3 0x0000000080004188 (0xe613ae23) mem 0x0000000080005000 0x00000001
core   0: 0x000000008000418c (0xff9ff06f) j       pc - 0x8
core   0: 3 0x000000008000418c (0xff9ff06f)
core   0: 0x0000000080004184 (0x00001397) auipc   t2, 0x1
core   0: 3 0x0000000080004184 (0x00001397) x7  0x0000000080005184
core   0: 0x0000000080004188 (0xe613ae23) sw      ra, -388(t2)
core   0: 3 0x0000000080004188 (0xe613ae23) mem 0x0000000080005000 0x00000001
core   0: 0x000000008000418c (0xff9ff06f) j       pc - 0x8
core   0: 3 0x000000008000418c (0xff9ff06f)
core   0: 0x0000000080004184 (0x00001397) auipc   t2, 0x1
core   0: 3 0x0000000080004184 (0x00001397) x7  0x0000000080005184
core   0: 0x0000000080004188 (0xe613ae23) sw      ra, -388(t2)
core   0: 3 0x0000000080004188 (0xe613ae23) mem 0x0000000080005000 0x00000001
core   0: 0x000000008000418c (0xff9ff06f) j       pc - 0x8
core   0: 3 0x000000008000418c (0xff9ff06f)
core   0: 0x0000000080004184 (0x00001397) auipc   t2, 0x1
core   0: 3 0x0000000080004184 (0x00001397) x7  0x0000000080005184
core   0: 0x0000000080004188 (0xe613ae23) sw      ra, -388(t2)
core   0: 3 0x0000000080004188 (0xe613ae23) mem 0x0000000080005000 0x00000001
core   0: 0x000000008000418c (0xff9ff06f) j       pc - 0x8
core   0: 3 0x000000008000418c (0xff9ff06f)
core   0: 0x0000000080004184 (0x00001397) auipc   t2, 0x1
core   0: 3 0x0000000080004184 (0x00001397) x7  0x0000000080005184
core   0: 0x0000000080004188 (0xe613ae23) sw      ra, -388(t2)
core   0: 3 0x0000000080004188 (0xe613ae23) mem 0x0000000080005000 0x00000001
core   0: 0x000000008000418c (0xff9ff06f) j       pc - 0x8
core   0: 3 0x000000008000418c (0xff9ff06f)
core   0: 0x0000000080004184 (0x00001397) auipc   t2, 0x1
core   0: 3 0x0000000080004184 (0x00001397) x7  0x0000000080005184
core   0: 0x0000000080004188 (0xe613ae23) sw      ra, -388(t2)
core   0: 3 0x0000000080004188 (0xe613ae23) mem 0x0000000080005000 0x00000001
core   0: 0x000000008000418c (0xff9ff06f) j       pc - 0x8
core   0: 3 0x000000008000418c (0xff9ff06f)
core   0: 0x0000000080004184 (0x00001397) auipc   t2, 0x1
core   0: 3 0x0000000080004184 (0x00001397) x7  0x0000000080005184
core   0: 0x0000000080004188 (0xe613ae23) sw      ra, -388(t2)
core   0: 3 0x0000000080004188 (0xe613ae23) mem 0x0000000080005000 0x00000001
core   0: 0x000000008000418c (0xff9ff06f) j       pc - 0x8
core   0: 3 0x000000008000418c (0xff9ff06f)
core   0: 0x0000000080004184 (0x00001397) auipc   t2, 0x1
core   0: 3 0x0000000080004184 (0x00001397) x7  0x0000000080005184
core   0: 0x0000000080004188 (0xe613ae23) sw      ra, -388(t2)
core   0: 3 0x0000000080004188 (0xe613ae23) mem 0x0000000080005000 0x00000001
core   0: 0x000000008000418c (0xff9ff06f) j       pc - 0x8
core   0: 3 0x000000008000418c (0xff9ff06f)
core   0: 0x0000000080004184 (0x00001397) auipc   t2, 0x1
core   0: 3 0x0000000080004184 (0x00001397) x7  0x0000000080005184
core   0: 0x0000000080004188 (0xe613ae23) sw      ra, -388(t2)
core   0: 3 0x0000000080004188 (0xe613ae23) mem 0x0000000080005000 0x00000001
core   0: 0x000000008000418c (0xff9ff06f) j       pc - 0x8
core   0: 3 0x000000008000418c (0xff9ff06f)
core   0: 0x0000000080004184 (0x00001397) auipc   t2, 0x1
core   0: 3 0x0000000080004184 (0x00001397) x7  0x0000000080005184
core   0: 0x0000000080004188 (0xe613ae23) sw      ra, -388(t2)
core   0: 3 0x0000000080004188 (0xe613ae23) mem 0x0000000080005000 0x00000001
core   0: 0x000000008000418c (0xff9ff06f) j       pc - 0x8
core   0: 3 0x000000008000418c (0xff9ff06f)
core   0: 0x0000000080004184 (0x00001397) auipc   t2, 0x1
core   0: 3 0x0000000080004184 (0x00001397) x7  0x0000000080005184
core   0: 0x0000000080004188 (0xe613ae23) sw      ra, -388(t2)
core   0: 3 0x0000000080004188 (0xe613ae23) mem 0x0000000080005000 0x00000001
core   0: 0x000000008000418c (0xff9ff06f) j       pc - 0x8
core   0: 3 0x000000008000418c (0xff9ff06f)
core   0: 0x0000000080004184 (0x00001397) auipc   t2, 0x1
core   0: 3 0x0000000080004184 (0x00001397) x7  0x0000000080005184
core   0: 0x0000000080004188 (0xe613ae23) sw      ra, -388(t2)
core   0: 3 0x0000000080004188 (0xe613ae23) mem 0x0000000080005000 0x00000001
core   0: 0x000000008000418c (0xff9ff06f) j       pc - 0x8
core   0: 3 0x000000008000418c (0xff9ff06f)
core   0: 0x0000000080004184 (0x00001397) auipc   t2, 0x1
core   0: 3 0x0000000080004184 (0x00001397) x7  0x0000000080005184
core   0: 0x0000000080004188 (0xe613ae23) sw      ra, -388(t2)
core   0: 3 0x0000000080004188 (0xe613ae23) mem 0x0000000080005000 0x00000001
core   0: 0x000000008000418c (0xff9ff06f) j       pc - 0x8
core   0: 3 0x000000008000418c (0xff9ff06f)
core   0: 0x0000000080004184 (0x00001397) auipc   t2, 0x1
core   0: 3 0x0000000080004184 (0x00001397) x7  0x0000000080005184
core   0: 0x0000000080004188 (0xe613ae23) sw      ra, -388(t2)
core   0: 3 0x0000000080004188 (0xe613ae23) mem 0x0000000080005000 0x00000001
core   0: 0x000000008000418c (0xff9ff06f) j       pc - 0x8
core   0: 3 0x000000008000418c (0xff9ff06f)
core   0: 0x0000000080004184 (0x00001397) auipc   t2, 0x1
core   0: 3 0x0000000080004184 (0x00001397) x7  0x0000000080005184
core   0: 0x0000000080004188 (0xe613ae23) sw      ra, -388(t2)
core   0: 3 0x0000000080004188 (0xe613ae23) mem 0x0000000080005000 0x00000001
core   0: 0x000000008000418c (0xff9ff06f) j       pc - 0x8
core   0: 3 0x000000008000418c (0xff9ff06f)
core   0: 0x0000000080004184 (0x00001397) auipc   t2, 0x1
core   0: 3 0x0000000080004184 (0x00001397) x7  0x0000000080005184
core   0: 0x0000000080004188 (0xe613ae23) sw      ra, -388(t2)
core   0: 3 0x0000000080004188 (0xe613ae23) mem 0x0000000080005000 0x00000001
core   0: 0x000000008000418c (0xff9ff06f) j       pc - 0x8
core   0: 3 0x000000008000418c (0xff9ff06f)
core   0: 0x0000000080004184 (0x00001397) auipc   t2, 0x1
core   0: 3 0x0000000080004184 (0x00001397) x7  0x0000000080005184
core   0: 0x0000000080004188 (0xe613ae23) sw      ra, -388(t2)
core   0: 3 0x0000000080004188 (0xe613ae23) mem 0x0000000080005000 0x00000001
core   0: 0x000000008000418c (0xff9ff06f) j       pc - 0x8
core   0: 3 0x000000008000418c (0xff9ff06f)
core   0: 0x0000000080004184 (0x00001397) auipc   t2, 0x1
core   0: 3 0x0000000080004184 (0x00001397) x7  0x0000000080005184
core   0: 0x0000000080004188 (0xe613ae23) sw      ra, -388(t2)
core   0: 3 0x0000000080004188 (0xe613ae23) mem 0x0000000080005000 0x00000001
core   0: 0x000000008000418c (0xff9ff06f) j       pc - 0x8
core   0: 3 0x000000008000418c (0xff9ff06f)
core   0: 0x0000000080004184 (0x00001397) auipc   t2, 0x1
core   0: 3 0x0000000080004184 (0x00001397) x7  0x0000000080005184
core   0: 0x0000000080004188 (0xe613ae23) sw      ra, -388(t2)
core   0: 3 0x0000000080004188 (0xe613ae23) mem 0x0000000080005000 0x00000001
core   0: 0x000000008000418c (0xff9ff06f) j       pc - 0x8
core   0: 3 0x000000008000418c (0xff9ff06f)
core   0: 0x0000000080004184 (0x00001397) auipc   t2, 0x1
core   0: 3 0x0000000080004184 (0x00001397) x7  0x0000000080005184
core   0: 0x0000000080004188 (0xe613ae23) sw      ra, -388(t2)
core   0: 3 0x0000000080004188 (0xe613ae23) mem 0x0000000080005000 0x00000001
core   0: 0x000000008000418c (0xff9ff06f) j       pc - 0x8
core   0: 3 0x000000008000418c (0xff9ff06f)
core   0: 0x0000000080004184 (0x00001397) auipc   t2, 0x1
core   0: 3 0x0000000080004184 (0x00001397) x7  0x0000000080005184
core   0: 0x0000000080004188 (0xe613ae23) sw      ra, -388(t2)
core   0: 3 0x0000000080004188 (0xe613ae23) mem 0x0000000080005000 0x00000001
core   0: 0x000000008000418c (0xff9ff06f) j       pc - 0x8
core   0: 3 0x000000008000418c (0xff9ff06f)
core   0: 0x0000000080004184 (0x00001397) auipc   t2, 0x1
core   0: 3 0x0000000080004184 (0x00001397) x7  0x0000000080005184
core   0: 0x0000000080004188 (0xe613ae23) sw      ra, -388(t2)
core   0: 3 0x0000000080004188 (0xe613ae23) mem 0x0000000080005000 0x00000001
core   0: 0x000000008000418c (0xff9ff06f) j       pc - 0x8
core   0: 3 0x000000008000418c (0xff9ff06f)
core   0: 0x0000000080004184 (0x00001397) auipc   t2, 0x1
core   0: 3 0x0000000080004184 (0x00001397) x7  0x0000000080005184
core   0: 0x0000000080004188 (0xe613ae23) sw      ra, -388(t2)
core   0: 3 0x0000000080004188 (0xe613ae23) mem 0x0000000080005000 0x00000001
core   0: 0x000000008000418c (0xff9ff06f) j       pc - 0x8
core   0: 3 0x000000008000418c (0xff9ff06f)
core   0: 0x0000000080004184 (0x00001397) auipc   t2, 0x1
core   0: 3 0x0000000080004184 (0x00001397) x7  0x0000000080005184
core   0: 0x0000000080004188 (0xe613ae23) sw      ra, -388(t2)
core   0: 3 0x0000000080004188 (0xe613ae23) mem 0x0000000080005000 0x00000001
core   0: 0x000000008000418c (0xff9ff06f) j       pc - 0x8
core   0: 3 0x000000008000418c (0xff9ff06f)
core   0: 0x0000000080004184 (0x00001397) auipc   t2, 0x1
core   0: 3 0x0000000080004184 (0x00001397) x7  0x0000000080005184
core   0: 0x0000000080004188 (0xe613ae23) sw      ra, -388(t2)
core   0: 3 0x0000000080004188 (0xe613ae23) mem 0x0000000080005000 0x00000001
core   0: 0x000000008000418c (0xff9ff06f) j       pc - 0x8
core   0: 3 0x000000008000418c (0xff9ff06f)
core   0: 0x0000000080004184 (0x00001397) auipc   t2, 0x1
core   0: 3 0x0000000080004184 (0x00001397) x7  0x0000000080005184
core   0: 0x0000000080004188 (0xe613ae23) sw      ra, -388(t2)
core   0: 3 0x0000000080004188 (0xe613ae23) mem 0x0000000080005000 0x00000001
core   0: 0x000000008000418c (0xff9ff06f) j       pc - 0x8
core   0: 3 0x000000008000418c (0xff9ff06f)
core   0: 0x0000000080004184 (0x00001397) auipc   t2, 0x1
core   0: 3 0x0000000080004184 (0x00001397) x7  0x0000000080005184
core   0: 0x0000000080004188 (0xe613ae23) sw      ra, -388(t2)
core   0: 3 0x0000000080004188 (0xe613ae23) mem 0x0000000080005000 0x00000001
core   0: 0x000000008000418c (0xff9ff06f) j       pc - 0x8
core   0: 3 0x000000008000418c (0xff9ff06f)
core   0: 0x0000000080004184 (0x00001397) auipc   t2, 0x1
core   0: 3 0x0000000080004184 (0x00001397) x7  0x0000000080005184
core   0: 0x0000000080004188 (0xe613ae23) sw      ra, -388(t2)
core   0: 3 0x0000000080004188 (0xe613ae23) mem 0x0000000080005000 0x00000001
core   0: 0x000000008000418c (0xff9ff06f) j       pc - 0x8
core   0: 3 0x000000008000418c (0xff9ff06f)
core   0: 0x0000000080004184 (0x00001397) auipc   t2, 0x1
core   0: 3 0x0000000080004184 (0x00001397) x7  0x0000000080005184
core   0: 0x0000000080004188 (0xe613ae23) sw      ra, -388(t2)
core   0: 3 0x0000000080004188 (0xe613ae23) mem 0x0000000080005000 0x00000001
core   0: 0x000000008000418c (0xff9ff06f) j       pc - 0x8
core   0: 3 0x000000008000418c (0xff9ff06f)
core   0: 0x0000000080004184 (0x00001397) auipc   t2, 0x1
core   0: 3 0x0000000080004184 (0x00001397) x7  0x0000000080005184
core   0: 0x0000000080004188 (0xe613ae23) sw      ra, -388(t2)
core   0: 3 0x0000000080004188 (0xe613ae23) mem 0x0000000080005000 0x00000001
core   0: 0x000000008000418c (0xff9ff06f) j       pc - 0x8
core   0: 3 0x000000008000418c (0xff9ff06f)
core   0: 0x0000000080004184 (0x00001397) auipc   t2, 0x1
core   0: 3 0x0000000080004184 (0x00001397) x7  0x0000000080005184
core   0: 0x0000000080004188 (0xe613ae23) sw      ra, -388(t2)
core   0: 3 0x0000000080004188 (0xe613ae23) mem 0x0000000080005000 0x00000001
core   0: 0x000000008000418c (0xff9ff06f) j       pc - 0x8
core   0: 3 0x000000008000418c (0xff9ff06f)
core   0: 0x0000000080004184 (0x00001397) auipc   t2, 0x1
core   0: 3 0x0000000080004184 (0x00001397) x7  0x0000000080005184
core   0: 0x0000000080004188 (0xe613ae23) sw      ra, -388(t2)
core   0: 3 0x0000000080004188 (0xe613ae23) mem 0x0000000080005000 0x00000001
core   0: 0x000000008000418c (0xff9ff06f) j       pc - 0x8
core   0: 3 0x000000008000418c (0xff9ff06f)
core   0: 0x0000000080004184 (0x00001397) auipc   t2, 0x1
core   0: 3 0x0000000080004184 (0x00001397) x7  0x0000000080005184
core   0: 0x0000000080004188 (0xe613ae23) sw      ra, -388(t2)
core   0: 3 0x0000000080004188 (0xe613ae23) mem 0x0000000080005000 0x00000001
core   0: 0x000000008000418c (0xff9ff06f) j       pc - 0x8
core   0: 3 0x000000008000418c (0xff9ff06f)
core   0: 0x0000000080004184 (0x00001397) auipc   t2, 0x1
core   0: 3 0x0000000080004184 (0x00001397) x7  0x0000000080005184
core   0: 0x0000000080004188 (0xe613ae23) sw      ra, -388(t2)
core   0: 3 0x0000000080004188 (0xe613ae23) mem 0x0000000080005000 0x00000001
core   0: 0x000000008000418c (0xff9ff06f) j       pc - 0x8
core   0: 3 0x000000008000418c (0xff9ff06f)
core   0: 0x0000000080004184 (0x00001397) auipc   t2, 0x1
core   0: 3 0x0000000080004184 (0x00001397) x7  0x0000000080005184
core   0: 0x0000000080004188 (0xe613ae23) sw      ra, -388(t2)
core   0: 3 0x0000000080004188 (0xe613ae23) mem 0x0000000080005000 0x00000001
core   0: 0x000000008000418c (0xff9ff06f) j       pc - 0x8
core   0: 3 0x000000008000418c (0xff9ff06f)
core   0: 0x0000000080004184 (0x00001397) auipc   t2, 0x1
core   0: 3 0x0000000080004184 (0x00001397) x7  0x0000000080005184
core   0: 0x0000000080004188 (0xe613ae23) sw      ra, -388(t2)
core   0: 3 0x0000000080004188 (0xe613ae23) mem 0x0000000080005000 0x00000001
core   0: 0x000000008000418c (0xff9ff06f) j       pc - 0x8
core   0: 3 0x000000008000418c (0xff9ff06f)
core   0: 0x0000000080004184 (0x00001397) auipc   t2, 0x1
core   0: 3 0x0000000080004184 (0x00001397) x7  0x0000000080005184
core   0: 0x0000000080004188 (0xe613ae23) sw      ra, -388(t2)
core   0: 3 0x0000000080004188 (0xe613ae23) mem 0x0000000080005000 0x00000001
core   0: 0x000000008000418c (0xff9ff06f) j       pc - 0x8
core   0: 3 0x000000008000418c (0xff9ff06f)
core   0: 0x0000000080004184 (0x00001397) auipc   t2, 0x1
core   0: 3 0x0000000080004184 (0x00001397) x7  0x0000000080005184
core   0: 0x0000000080004188 (0xe613ae23) sw      ra, -388(t2)
core   0: 3 0x0000000080004188 (0xe613ae23) mem 0x0000000080005000 0x00000001
core   0: 0x000000008000418c (0xff9ff06f) j       pc - 0x8
core   0: 3 0x000000008000418c (0xff9ff06f)
core   0: 0x0000000080004184 (0x00001397) auipc   t2, 0x1
core   0: 3 0x0000000080004184 (0x00001397) x7  0x0000000080005184
core   0: 0x0000000080004188 (0xe613ae23) sw      ra, -388(t2)
core   0: 3 0x0000000080004188 (0xe613ae23) mem 0x0000000080005000 0x00000001
core   0: 0x000000008000418c (0xff9ff06f) j       pc - 0x8
core   0: 3 0x000000008000418c (0xff9ff06f)
core   0: 0x0000000080004184 (0x00001397) auipc   t2, 0x1
core   0: 3 0x0000000080004184 (0x00001397) x7  0x0000000080005184
core   0: 0x0000000080004188 (0xe613ae23) sw      ra, -388(t2)
core   0: 3 0x0000000080004188 (0xe613ae23) mem 0x0000000080005000 0x00000001
core   0: 0x000000008000418c (0xff9ff06f) j       pc - 0x8
core   0: 3 0x000000008000418c (0xff9ff06f)
core   0: 0x0000000080004184 (0x00001397) auipc   t2, 0x1
core   0: 3 0x0000000080004184 (0x00001397) x7  0x0000000080005184
core   0: 0x0000000080004188 (0xe613ae23) sw      ra, -388(t2)
core   0: 3 0x0000000080004188 (0xe613ae23) mem 0x0000000080005000 0x00000001
core   0: 0x000000008000418c (0xff9ff06f) j       pc - 0x8
core   0: 3 0x000000008000418c (0xff9ff06f)
core   0: 0x0000000080004184 (0x00001397) auipc   t2, 0x1
core   0: 3 0x0000000080004184 (0x00001397) x7  0x0000000080005184
core   0: 0x0000000080004188 (0xe613ae23) sw      ra, -388(t2)
core   0: 3 0x0000000080004188 (0xe613ae23) mem 0x0000000080005000 0x00000001
core   0: 0x000000008000418c (0xff9ff06f) j       pc - 0x8
core   0: 3 0x000000008000418c (0xff9ff06f)
core   0: 0x0000000080004184 (0x00001397) auipc   t2, 0x1
core   0: 3 0x0000000080004184 (0x00001397) x7  0x0000000080005184
core   0: 0x0000000080004188 (0xe613ae23) sw      ra, -388(t2)
core   0: 3 0x0000000080004188 (0xe613ae23) mem 0x0000000080005000 0x00000001
core   0: 0x000000008000418c (0xff9ff06f) j       pc - 0x8
core   0: 3 0x000000008000418c (0xff9ff06f)
core   0: 0x0000000080004184 (0x00001397) auipc   t2, 0x1
core   0: 3 0x0000000080004184 (0x00001397) x7  0x0000000080005184
core   0: 0x0000000080004188 (0xe613ae23) sw      ra, -388(t2)
core   0: 3 0x0000000080004188 (0xe613ae23) mem 0x0000000080005000 0x00000001
core   0: 0x000000008000418c (0xff9ff06f) j       pc - 0x8
core   0: 3 0x000000008000418c (0xff9ff06f)
core   0: 0x0000000080004184 (0x00001397) auipc   t2, 0x1
core   0: 3 0x0000000080004184 (0x00001397) x7  0x0000000080005184
core   0: 0x0000000080004188 (0xe613ae23) sw      ra, -388(t2)
core   0: 3 0x0000000080004188 (0xe613ae23) mem 0x0000000080005000 0x00000001
core   0: 0x000000008000418c (0xff9ff06f) j       pc - 0x8
core   0: 3 0x000000008000418c (0xff9ff06f)
core   0: 0x0000000080004184 (0x00001397) auipc   t2, 0x1
core   0: 3 0x0000000080004184 (0x00001397) x7  0x0000000080005184
core   0: 0x0000000080004188 (0xe613ae23) sw      ra, -388(t2)
core   0: 3 0x0000000080004188 (0xe613ae23) mem 0x0000000080005000 0x00000001
core   0: 0x000000008000418c (0xff9ff06f) j       pc - 0x8
core   0: 3 0x000000008000418c (0xff9ff06f)
core   0: 0x0000000080004184 (0x00001397) auipc   t2, 0x1
core   0: 3 0x0000000080004184 (0x00001397) x7  0x0000000080005184
core   0: 0x0000000080004188 (0xe613ae23) sw      ra, -388(t2)
core   0: 3 0x0000000080004188 (0xe613ae23) mem 0x0000000080005000 0x00000001
core   0: 0x000000008000418c (0xff9ff06f) j       pc - 0x8
core   0: 3 0x000000008000418c (0xff9ff06f)
core   0: 0x0000000080004184 (0x00001397) auipc   t2, 0x1
core   0: 3 0x0000000080004184 (0x00001397) x7  0x0000000080005184
core   0: 0x0000000080004188 (0xe613ae23) sw      ra, -388(t2)
core   0: 3 0x0000000080004188 (0xe613ae23) mem 0x0000000080005000 0x00000001
core   0: 0x000000008000418c (0xff9ff06f) j       pc - 0x8
core   0: 3 0x000000008000418c (0xff9ff06f)
core   0: 0x0000000080004184 (0x00001397) auipc   t2, 0x1
core   0: 3 0x0000000080004184 (0x00001397) x7  0x0000000080005184
core   0: 0x0000000080004188 (0xe613ae23) sw      ra, -388(t2)
core   0: 3 0x0000000080004188 (0xe613ae23) mem 0x0000000080005000 0x00000001
core   0: 0x000000008000418c (0xff9ff06f) j       pc - 0x8
core   0: 3 0x000000008000418c (0xff9ff06f)
core   0: 0x0000000080004184 (0x00001397) auipc   t2, 0x1
core   0: 3 0x0000000080004184 (0x00001397) x7  0x0000000080005184
core   0: 0x0000000080004188 (0xe613ae23) sw      ra, -388(t2)
core   0: 3 0x0000000080004188 (0xe613ae23) mem 0x0000000080005000 0x00000001
core   0: 0x000000008000418c (0xff9ff06f) j       pc - 0x8
core   0: 3 0x000000008000418c (0xff9ff06f)
core   0: 0x0000000080004184 (0x00001397) auipc   t2, 0x1
core   0: 3 0x0000000080004184 (0x00001397) x7  0x0000000080005184
core   0: 0x0000000080004188 (0xe613ae23) sw      ra, -388(t2)
core   0: 3 0x0000000080004188 (0xe613ae23) mem 0x0000000080005000 0x00000001
core   0: 0x000000008000418c (0xff9ff06f) j       pc - 0x8
core   0: 3 0x000000008000418c (0xff9ff06f)
core   0: 0x0000000080004184 (0x00001397) auipc   t2, 0x1
core   0: 3 0x0000000080004184 (0x00001397) x7  0x0000000080005184
core   0: 0x0000000080004188 (0xe613ae23) sw      ra, -388(t2)
core   0: 3 0x0000000080004188 (0xe613ae23) mem 0x0000000080005000 0x00000001
core   0: 0x000000008000418c (0xff9ff06f) j       pc - 0x8
core   0: 3 0x000000008000418c (0xff9ff06f)
core   0: 0x0000000080004184 (0x00001397) auipc   t2, 0x1
core   0: 3 0x0000000080004184 (0x00001397) x7  0x0000000080005184
core   0: 0x0000000080004188 (0xe613ae23) sw      ra, -388(t2)
core   0: 3 0x0000000080004188 (0xe613ae23) mem 0x0000000080005000 0x00000001
core   0: 0x000000008000418c (0xff9ff06f) j       pc - 0x8
core   0: 3 0x000000008000418c (0xff9ff06f)
core   0: 0x0000000080004184 (0x00001397) auipc   t2, 0x1
core   0: 3 0x0000000080004184 (0x00001397) x7  0x0000000080005184
core   0: 0x0000000080004188 (0xe613ae23) sw      ra, -388(t2)
core   0: 3 0x0000000080004188 (0xe613ae23) mem 0x0000000080005000 0x00000001
core   0: 0x000000008000418c (0xff9ff06f) j       pc - 0x8
core   0: 3 0x000000008000418c (0xff9ff06f)
core   0: 0x0000000080004184 (0x00001397) auipc   t2, 0x1
core   0: 3 0x0000000080004184 (0x00001397) x7  0x0000000080005184
core   0: 0x0000000080004188 (0xe613ae23) sw      ra, -388(t2)
core   0: 3 0x0000000080004188 (0xe613ae23) mem 0x0000000080005000 0x00000001
core   0: 0x000000008000418c (0xff9ff06f) j       pc - 0x8
core   0: 3 0x000000008000418c (0xff9ff06f)
core   0: 0x0000000080004184 (0x00001397) auipc   t2, 0x1
core   0: 3 0x0000000080004184 (0x00001397) x7  0x0000000080005184
core   0: 0x0000000080004188 (0xe613ae23) sw      ra, -388(t2)
core   0: 3 0x0000000080004188 (0xe613ae23) mem 0x0000000080005000 0x00000001
core   0: 0x000000008000418c (0xff9ff06f) j       pc - 0x8
core   0: 3 0x000000008000418c (0xff9ff06f)
core   0: 0x0000000080004184 (0x00001397) auipc   t2, 0x1
core   0: 3 0x0000000080004184 (0x00001397) x7  0x0000000080005184
core   0: 0x0000000080004188 (0xe613ae23) sw      ra, -388(t2)
core   0: 3 0x0000000080004188 (0xe613ae23) mem 0x0000000080005000 0x00000001
core   0: 0x000000008000418c (0xff9ff06f) j       pc - 0x8
core   0: 3 0x000000008000418c (0xff9ff06f)
core   0: 0x0000000080004184 (0x00001397) auipc   t2, 0x1
core   0: 3 0x0000000080004184 (0x00001397) x7  0x0000000080005184
core   0: 0x0000000080004188 (0xe613ae23) sw      ra, -388(t2)
core   0: 3 0x0000000080004188 (0xe613ae23) mem 0x0000000080005000 0x00000001
core   0: 0x000000008000418c (0xff9ff06f) j       pc - 0x8
core   0: 3 0x000000008000418c (0xff9ff06f)
core   0: 0x0000000080004184 (0x00001397) auipc   t2, 0x1
core   0: 3 0x0000000080004184 (0x00001397) x7  0x0000000080005184
core   0: 0x0000000080004188 (0xe613ae23) sw      ra, -388(t2)
core   0: 3 0x0000000080004188 (0xe613ae23) mem 0x0000000080005000 0x00000001
core   0: 0x000000008000418c (0xff9ff06f) j       pc - 0x8
core   0: 3 0x000000008000418c (0xff9ff06f)
core   0: 0x0000000080004184 (0x00001397) auipc   t2, 0x1
core   0: 3 0x0000000080004184 (0x00001397) x7  0x0000000080005184
core   0: 0x0000000080004188 (0xe613ae23) sw      ra, -388(t2)
core   0: 3 0x0000000080004188 (0xe613ae23) mem 0x0000000080005000 0x00000001
core   0: 0x000000008000418c (0xff9ff06f) j       pc - 0x8
core   0: 3 0x000000008000418c (0xff9ff06f)
core   0: 0x0000000080004184 (0x00001397) auipc   t2, 0x1
core   0: 3 0x0000000080004184 (0x00001397) x7  0x0000000080005184
core   0: 0x0000000080004188 (0xe613ae23) sw      ra, -388(t2)
core   0: 3 0x0000000080004188 (0xe613ae23) mem 0x0000000080005000 0x00000001
core   0: 0x000000008000418c (0xff9ff06f) j       pc - 0x8
core   0: 3 0x000000008000418c (0xff9ff06f)
core   0: 0x0000000080004184 (0x00001397) auipc   t2, 0x1
core   0: 3 0x0000000080004184 (0x00001397) x7  0x0000000080005184
core   0: 0x0000000080004188 (0xe613ae23) sw      ra, -388(t2)
core   0: 3 0x0000000080004188 (0xe613ae23) mem 0x0000000080005000 0x00000001
core   0: 0x000000008000418c (0xff9ff06f) j       pc - 0x8
core   0: 3 0x000000008000418c (0xff9ff06f)
core   0: 0x0000000080004184 (0x00001397) auipc   t2, 0x1
core   0: 3 0x0000000080004184 (0x00001397) x7  0x0000000080005184
core   0: 0x0000000080004188 (0xe613ae23) sw      ra, -388(t2)
core   0: 3 0x0000000080004188 (0xe613ae23) mem 0x0000000080005000 0x00000001
core   0: 0x000000008000418c (0xff9ff06f) j       pc - 0x8
core   0: 3 0x000000008000418c (0xff9ff06f)
core   0: 0x0000000080004184 (0x00001397) auipc   t2, 0x1
core   0: 3 0x0000000080004184 (0x00001397) x7  0x0000000080005184
core   0: 0x0000000080004188 (0xe613ae23) sw      ra, -388(t2)
core   0: 3 0x0000000080004188 (0xe613ae23) mem 0x0000000080005000 0x00000001
core   0: 0x000000008000418c (0xff9ff06f) j       pc - 0x8
core   0: 3 0x000000008000418c (0xff9ff06f)
core   0: 0x0000000080004184 (0x00001397) auipc   t2, 0x1
core   0: 3 0x0000000080004184 (0x00001397) x7  0x0000000080005184
core   0: 0x0000000080004188 (0xe613ae23) sw      ra, -388(t2)
core   0: 3 0x0000000080004188 (0xe613ae23) mem 0x0000000080005000 0x00000001
core   0: 0x000000008000418c (0xff9ff06f) j       pc - 0x8
core   0: 3 0x000000008000418c (0xff9ff06f)
core   0: 0x0000000080004184 (0x00001397) auipc   t2, 0x1
core   0: 3 0x0000000080004184 (0x00001397) x7  0x0000000080005184
core   0: 0x0000000080004188 (0xe613ae23) sw      ra, -388(t2)
core   0: 3 0x0000000080004188 (0xe613ae23) mem 0x0000000080005000 0x00000001
core   0: 0x000000008000418c (0xff9ff06f) j       pc - 0x8
core   0: 3 0x000000008000418c (0xff9ff06f)
core   0: 0x0000000080004184 (0x00001397) auipc   t2, 0x1
core   0: 3 0x0000000080004184 (0x00001397) x7  0x0000000080005184
core   0: 0x0000000080004188 (0xe613ae23) sw      ra, -388(t2)
core   0: 3 0x0000000080004188 (0xe613ae23) mem 0x0000000080005000 0x00000001
core   0: 0x000000008000418c (0xff9ff06f) j       pc - 0x8
core   0: 3 0x000000008000418c (0xff9ff06f)
core   0: 0x0000000080004184 (0x00001397) auipc   t2, 0x1
core   0: 3 0x0000000080004184 (0x00001397) x7  0x0000000080005184
core   0: 0x0000000080004188 (0xe613ae23) sw      ra, -388(t2)
core   0: 3 0x0000000080004188 (0xe613ae23) mem 0x0000000080005000 0x00000001
core   0: 0x000000008000418c (0xff9ff06f) j       pc - 0x8
core   0: 3 0x000000008000418c (0xff9ff06f)
core   0: 0x0000000080004184 (0x00001397) auipc   t2, 0x1
core   0: 3 0x0000000080004184 (0x00001397) x7  0x0000000080005184
core   0: 0x0000000080004188 (0xe613ae23) sw      ra, -388(t2)
core   0: 3 0x0000000080004188 (0xe613ae23) mem 0x0000000080005000 0x00000001
core   0: 0x000000008000418c (0xff9ff06f) j       pc - 0x8
core   0: 3 0x000000008000418c (0xff9ff06f)
core   0: 0x0000000080004184 (0x00001397) auipc   t2, 0x1
core   0: 3 0x0000000080004184 (0x00001397) x7  0x0000000080005184
core   0: 0x0000000080004188 (0xe613ae23) sw      ra, -388(t2)
core   0: 3 0x0000000080004188 (0xe613ae23) mem 0x0000000080005000 0x00000001
core   0: 0x000000008000418c (0xff9ff06f) j       pc - 0x8
core   0: 3 0x000000008000418c (0xff9ff06f)
core   0: 0x0000000080004184 (0x00001397) auipc   t2, 0x1
core   0: 3 0x0000000080004184 (0x00001397) x7  0x0000000080005184
core   0: 0x0000000080004188 (0xe613ae23) sw      ra, -388(t2)
core   0: 3 0x0000000080004188 (0xe613ae23) mem 0x0000000080005000 0x00000001
core   0: 0x000000008000418c (0xff9ff06f) j       pc - 0x8
core   0: 3 0x000000008000418c (0xff9ff06f)
core   0: 0x0000000080004184 (0x00001397) auipc   t2, 0x1
core   0: 3 0x0000000080004184 (0x00001397) x7  0x0000000080005184
core   0: 0x0000000080004188 (0xe613ae23) sw      ra, -388(t2)
core   0: 3 0x0000000080004188 (0xe613ae23) mem 0x0000000080005000 0x00000001
core   0: 0x000000008000418c (0xff9ff06f) j       pc - 0x8
core   0: 3 0x000000008000418c (0xff9ff06f)
core   0: 0x0000000080004184 (0x00001397) auipc   t2, 0x1
core   0: 3 0x0000000080004184 (0x00001397) x7  0x0000000080005184
core   0: 0x0000000080004188 (0xe613ae23) sw      ra, -388(t2)
core   0: 3 0x0000000080004188 (0xe613ae23) mem 0x0000000080005000 0x00000001
core   0: 0x000000008000418c (0xff9ff06f) j       pc - 0x8
core   0: 3 0x000000008000418c (0xff9ff06f)
core   0: 0x0000000080004184 (0x00001397) auipc   t2, 0x1
core   0: 3 0x0000000080004184 (0x00001397) x7  0x0000000080005184
core   0: 0x0000000080004188 (0xe613ae23) sw      ra, -388(t2)
core   0: 3 0x0000000080004188 (0xe613ae23) mem 0x0000000080005000 0x00000001
core   0: 0x000000008000418c (0xff9ff06f) j       pc - 0x8
core   0: 3 0x000000008000418c (0xff9ff06f)
core   0: 0x0000000080004184 (0x00001397) auipc   t2, 0x1
core   0: 3 0x0000000080004184 (0x00001397) x7  0x0000000080005184
core   0: 0x0000000080004188 (0xe613ae23) sw      ra, -388(t2)
core   0: 3 0x0000000080004188 (0xe613ae23) mem 0x0000000080005000 0x00000001
core   0: 0x000000008000418c (0xff9ff06f) j       pc - 0x8
core   0: 3 0x000000008000418c (0xff9ff06f)
core   0: 0x0000000080004184 (0x00001397) auipc   t2, 0x1
core   0: 3 0x0000000080004184 (0x00001397) x7  0x0000000080005184
core   0: 0x0000000080004188 (0xe613ae23) sw      ra, -388(t2)
core   0: 3 0x0000000080004188 (0xe613ae23) mem 0x0000000080005000 0x00000001
core   0: 0x000000008000418c (0xff9ff06f) j       pc - 0x8
core   0: 3 0x000000008000418c (0xff9ff06f)
core   0: 0x0000000080004184 (0x00001397) auipc   t2, 0x1
core   0: 3 0x0000000080004184 (0x00001397) x7  0x0000000080005184
core   0: 0x0000000080004188 (0xe613ae23) sw      ra, -388(t2)
core   0: 3 0x0000000080004188 (0xe613ae23) mem 0x0000000080005000 0x00000001
core   0: 0x000000008000418c (0xff9ff06f) j       pc - 0x8
core   0: 3 0x000000008000418c (0xff9ff06f)
core   0: 0x0000000080004184 (0x00001397) auipc   t2, 0x1
core   0: 3 0x0000000080004184 (0x00001397) x7  0x0000000080005184
core   0: 0x0000000080004188 (0xe613ae23) sw      ra, -388(t2)
core   0: 3 0x0000000080004188 (0xe613ae23) mem 0x0000000080005000 0x00000001
core   0: 0x000000008000418c (0xff9ff06f) j       pc - 0x8
core   0: 3 0x000000008000418c (0xff9ff06f)
core   0: 0x0000000080004184 (0x00001397) auipc   t2, 0x1
core   0: 3 0x0000000080004184 (0x00001397) x7  0x0000000080005184
core   0: 0x0000000080004188 (0xe613ae23) sw      ra, -388(t2)
core   0: 3 0x0000000080004188 (0xe613ae23) mem 0x0000000080005000 0x00000001
core   0: 0x000000008000418c (0xff9ff06f) j       pc - 0x8
core   0: 3 0x000000008000418c (0xff9ff06f)
core   0: 0x0000000080004184 (0x00001397) auipc   t2, 0x1
core   0: 3 0x0000000080004184 (0x00001397) x7  0x0000000080005184
core   0: 0x0000000080004188 (0xe613ae23) sw      ra, -388(t2)
core   0: 3 0x0000000080004188 (0xe613ae23) mem 0x0000000080005000 0x00000001
core   0: 0x000000008000418c (0xff9ff06f) j       pc - 0x8
core   0: 3 0x000000008000418c (0xff9ff06f)
core   0: 0x0000000080004184 (0x00001397) auipc   t2, 0x1
core   0: 3 0x0000000080004184 (0x00001397) x7  0x0000000080005184
core   0: 0x0000000080004188 (0xe613ae23) sw      ra, -388(t2)
core   0: 3 0x0000000080004188 (0xe613ae23) mem 0x0000000080005000 0x00000001
core   0: 0x000000008000418c (0xff9ff06f) j       pc - 0x8
core   0: 3 0x000000008000418c (0xff9ff06f)
core   0: 0x0000000080004184 (0x00001397) auipc   t2, 0x1
core   0: 3 0x0000000080004184 (0x00001397) x7  0x0000000080005184
core   0: 0x0000000080004188 (0xe613ae23) sw      ra, -388(t2)
core   0: 3 0x0000000080004188 (0xe613ae23) mem 0x0000000080005000 0x00000001
core   0: 0x000000008000418c (0xff9ff06f) j       pc - 0x8
core   0: 3 0x000000008000418c (0xff9ff06f)
core   0: 0x0000000080004184 (0x00001397) auipc   t2, 0x1
core   0: 3 0x0000000080004184 (0x00001397) x7  0x0000000080005184
core   0: 0x0000000080004188 (0xe613ae23) sw      ra, -388(t2)
core   0: 3 0x0000000080004188 (0xe613ae23) mem 0x0000000080005000 0x00000001
core   0: 0x000000008000418c (0xff9ff06f) j       pc - 0x8
core   0: 3 0x000000008000418c (0xff9ff06f)
core   0: 0x0000000080004184 (0x00001397) auipc   t2, 0x1
core   0: 3 0x0000000080004184 (0x00001397) x7  0x0000000080005184
core   0: 0x0000000080004188 (0xe613ae23) sw      ra, -388(t2)
core   0: 3 0x0000000080004188 (0xe613ae23) mem 0x0000000080005000 0x00000001
core   0: 0x000000008000418c (0xff9ff06f) j       pc - 0x8
core   0: 3 0x000000008000418c (0xff9ff06f)
core   0: 0x0000000080004184 (0x00001397) auipc   t2, 0x1
core   0: 3 0x0000000080004184 (0x00001397) x7  0x0000000080005184
core   0: 0x0000000080004188 (0xe613ae23) sw      ra, -388(t2)
core   0: 3 0x0000000080004188 (0xe613ae23) mem 0x0000000080005000 0x00000001
core   0: 0x000000008000418c (0xff9ff06f) j       pc - 0x8
core   0: 3 0x000000008000418c (0xff9ff06f)
core   0: 0x0000000080004184 (0x00001397) auipc   t2, 0x1
core   0: 3 0x0000000080004184 (0x00001397) x7  0x0000000080005184
core   0: 0x0000000080004188 (0xe613ae23) sw      ra, -388(t2)
core   0: 3 0x0000000080004188 (0xe613ae23) mem 0x0000000080005000 0x00000001
core   0: 0x000000008000418c (0xff9ff06f) j       pc - 0x8
core   0: 3 0x000000008000418c (0xff9ff06f)
core   0: 0x0000000080004184 (0x00001397) auipc   t2, 0x1
core   0: 3 0x0000000080004184 (0x00001397) x7  0x0000000080005184
core   0: 0x0000000080004188 (0xe613ae23) sw      ra, -388(t2)
core   0: 3 0x0000000080004188 (0xe613ae23) mem 0x0000000080005000 0x00000001
core   0: 0x000000008000418c (0xff9ff06f) j       pc - 0x8
core   0: 3 0x000000008000418c (0xff9ff06f)
core   0: 0x0000000080004184 (0x00001397) auipc   t2, 0x1
core   0: 3 0x0000000080004184 (0x00001397) x7  0x0000000080005184
core   0: 0x0000000080004188 (0xe613ae23) sw      ra, -388(t2)
core   0: 3 0x0000000080004188 (0xe613ae23) mem 0x0000000080005000 0x00000001
core   0: 0x000000008000418c (0xff9ff06f) j       pc - 0x8
core   0: 3 0x000000008000418c (0xff9ff06f)
core   0: 0x0000000080004184 (0x00001397) auipc   t2, 0x1
core   0: 3 0x0000000080004184 (0x00001397) x7  0x0000000080005184
core   0: 0x0000000080004188 (0xe613ae23) sw      ra, -388(t2)
core   0: 3 0x0000000080004188 (0xe613ae23) mem 0x0000000080005000 0x00000001
core   0: 0x000000008000418c (0xff9ff06f) j       pc - 0x8
core   0: 3 0x000000008000418c (0xff9ff06f)
core   0: 0x0000000080004184 (0x00001397) auipc   t2, 0x1
core   0: 3 0x0000000080004184 (0x00001397) x7  0x0000000080005184
core   0: 0x0000000080004188 (0xe613ae23) sw      ra, -388(t2)
core   0: 3 0x0000000080004188 (0xe613ae23) mem 0x0000000080005000 0x00000001
core   0: 0x000000008000418c (0xff9ff06f) j       pc - 0x8
core   0: 3 0x000000008000418c (0xff9ff06f)
core   0: 0x0000000080004184 (0x00001397) auipc   t2, 0x1
core   0: 3 0x0000000080004184 (0x00001397) x7  0x0000000080005184
core   0: 0x0000000080004188 (0xe613ae23) sw      ra, -388(t2)
core   0: 3 0x0000000080004188 (0xe613ae23) mem 0x0000000080005000 0x00000001
core   0: 0x000000008000418c (0xff9ff06f) j       pc - 0x8
core   0: 3 0x000000008000418c (0xff9ff06f)
core   0: 0x0000000080004184 (0x00001397) auipc   t2, 0x1
core   0: 3 0x0000000080004184 (0x00001397) x7  0x0000000080005184
core   0: 0x0000000080004188 (0xe613ae23) sw      ra, -388(t2)
core   0: 3 0x0000000080004188 (0xe613ae23) mem 0x0000000080005000 0x00000001
core   0: 0x000000008000418c (0xff9ff06f) j       pc - 0x8
core   0: 3 0x000000008000418c (0xff9ff06f)
core   0: 0x0000000080004184 (0x00001397) auipc   t2, 0x1
core   0: 3 0x0000000080004184 (0x00001397) x7  0x0000000080005184
core   0: 0x0000000080004188 (0xe613ae23) sw      ra, -388(t2)
core   0: 3 0x0000000080004188 (0xe613ae23) mem 0x0000000080005000 0x00000001
core   0: 0x000000008000418c (0xff9ff06f) j       pc - 0x8
core   0: 3 0x000000008000418c (0xff9ff06f)
core   0: 0x0000000080004184 (0x00001397) auipc   t2, 0x1
core   0: 3 0x0000000080004184 (0x00001397) x7  0x0000000080005184
core   0: 0x0000000080004188 (0xe613ae23) sw      ra, -388(t2)
core   0: 3 0x0000000080004188 (0xe613ae23) mem 0x0000000080005000 0x00000001
core   0: 0x000000008000418c (0xff9ff06f) j       pc - 0x8
core   0: 3 0x000000008000418c (0xff9ff06f)
core   0: 0x0000000080004184 (0x00001397) auipc   t2, 0x1
core   0: 3 0x0000000080004184 (0x00001397) x7  0x0000000080005184
core   0: 0x0000000080004188 (0xe613ae23) sw      ra, -388(t2)
core   0: 3 0x0000000080004188 (0xe613ae23) mem 0x0000000080005000 0x00000001
core   0: 0x000000008000418c (0xff9ff06f) j       pc - 0x8
core   0: 3 0x000000008000418c (0xff9ff06f)
core   0: 0x0000000080004184 (0x00001397) auipc   t2, 0x1
core   0: 3 0x0000000080004184 (0x00001397) x7  0x0000000080005184
core   0: 0x0000000080004188 (0xe613ae23) sw      ra, -388(t2)
core   0: 3 0x0000000080004188 (0xe613ae23) mem 0x0000000080005000 0x00000001
core   0: 0x000000008000418c (0xff9ff06f) j       pc - 0x8
core   0: 3 0x000000008000418c (0xff9ff06f)
core   0: 0x0000000080004184 (0x00001397) auipc   t2, 0x1
core   0: 3 0x0000000080004184 (0x00001397) x7  0x0000000080005184
core   0: 0x0000000080004188 (0xe613ae23) sw      ra, -388(t2)
core   0: 3 0x0000000080004188 (0xe613ae23) mem 0x0000000080005000 0x00000001
core   0: 0x000000008000418c (0xff9ff06f) j       pc - 0x8
core   0: 3 0x000000008000418c (0xff9ff06f)
core   0: 0x0000000080004184 (0x00001397) auipc   t2, 0x1
core   0: 3 0x0000000080004184 (0x00001397) x7  0x0000000080005184
core   0: 0x0000000080004188 (0xe613ae23) sw      ra, -388(t2)
core   0: 3 0x0000000080004188 (0xe613ae23) mem 0x0000000080005000 0x00000001
core   0: 0x000000008000418c (0xff9ff06f) j       pc - 0x8
core   0: 3 0x000000008000418c (0xff9ff06f)
core   0: 0x0000000080004184 (0x00001397) auipc   t2, 0x1
core   0: 3 0x0000000080004184 (0x00001397) x7  0x0000000080005184
core   0: 0x0000000080004188 (0xe613ae23) sw      ra, -388(t2)
core   0: 3 0x0000000080004188 (0xe613ae23) mem 0x0000000080005000 0x00000001
core   0: 0x000000008000418c (0xff9ff06f) j       pc - 0x8
core   0: 3 0x000000008000418c (0xff9ff06f)
core   0: 0x0000000080004184 (0x00001397) auipc   t2, 0x1
core   0: 3 0x0000000080004184 (0x00001397) x7  0x0000000080005184
core   0: 0x0000000080004188 (0xe613ae23) sw      ra, -388(t2)
core   0: 3 0x0000000080004188 (0xe613ae23) mem 0x0000000080005000 0x00000001
core   0: 0x000000008000418c (0xff9ff06f) j       pc - 0x8
core   0: 3 0x000000008000418c (0xff9ff06f)
core   0: 0x0000000080004184 (0x00001397) auipc   t2, 0x1
core   0: 3 0x0000000080004184 (0x00001397) x7  0x0000000080005184
core   0: 0x0000000080004188 (0xe613ae23) sw      ra, -388(t2)
core   0: 3 0x0000000080004188 (0xe613ae23) mem 0x0000000080005000 0x00000001
core   0: 0x000000008000418c (0xff9ff06f) j       pc - 0x8
core   0: 3 0x000000008000418c (0xff9ff06f)
core   0: 0x0000000080004184 (0x00001397) auipc   t2, 0x1
core   0: 3 0x0000000080004184 (0x00001397) x7  0x0000000080005184
core   0: 0x0000000080004188 (0xe613ae23) sw      ra, -388(t2)
core   0: 3 0x0000000080004188 (0xe613ae23) mem 0x0000000080005000 0x00000001
core   0: 0x000000008000418c (0xff9ff06f) j       pc - 0x8
core   0: 3 0x000000008000418c (0xff9ff06f)
core   0: 0x0000000080004184 (0x00001397) auipc   t2, 0x1
core   0: 3 0x0000000080004184 (0x00001397) x7  0x0000000080005184
core   0: 0x0000000080004188 (0xe613ae23) sw      ra, -388(t2)
core   0: 3 0x0000000080004188 (0xe613ae23) mem 0x0000000080005000 0x00000001
core   0: 0x000000008000418c (0xff9ff06f) j       pc - 0x8
core   0: 3 0x000000008000418c (0xff9ff06f)
core   0: 0x0000000080004184 (0x00001397) auipc   t2, 0x1
core   0: 3 0x0000000080004184 (0x00001397) x7  0x0000000080005184
core   0: 0x0000000080004188 (0xe613ae23) sw      ra, -388(t2)
core   0: 3 0x0000000080004188 (0xe613ae23) mem 0x0000000080005000 0x00000001
core   0: 0x000000008000418c (0xff9ff06f) j       pc - 0x8
core   0: 3 0x000000008000418c (0xff9ff06f)
core   0: 0x0000000080004184 (0x00001397) auipc   t2, 0x1
core   0: 3 0x0000000080004184 (0x00001397) x7  0x0000000080005184
core   0: 0x0000000080004188 (0xe613ae23) sw      ra, -388(t2)
core   0: 3 0x0000000080004188 (0xe613ae23) mem 0x0000000080005000 0x00000001
core   0: 0x000000008000418c (0xff9ff06f) j       pc - 0x8
core   0: 3 0x000000008000418c (0xff9ff06f)
core   0: 0x0000000080004184 (0x00001397) auipc   t2, 0x1
core   0: 3 0x0000000080004184 (0x00001397) x7  0x0000000080005184
core   0: 0x0000000080004188 (0xe613ae23) sw      ra, -388(t2)
core   0: 3 0x0000000080004188 (0xe613ae23) mem 0x0000000080005000 0x00000001
core   0: 0x000000008000418c (0xff9ff06f) j       pc - 0x8
core   0: 3 0x000000008000418c (0xff9ff06f)
core   0: 0x0000000080004184 (0x00001397) auipc   t2, 0x1
core   0: 3 0x0000000080004184 (0x00001397) x7  0x0000000080005184
core   0: 0x0000000080004188 (0xe613ae23) sw      ra, -388(t2)
core   0: 3 0x0000000080004188 (0xe613ae23) mem 0x0000000080005000 0x00000001
core   0: 0x000000008000418c (0xff9ff06f) j       pc - 0x8
core   0: 3 0x000000008000418c (0xff9ff06f)
core   0: 0x0000000080004184 (0x00001397) auipc   t2, 0x1
core   0: 3 0x0000000080004184 (0x00001397) x7  0x0000000080005184
core   0: 0x0000000080004188 (0xe613ae23) sw      ra, -388(t2)
core   0: 3 0x0000000080004188 (0xe613ae23) mem 0x0000000080005000 0x00000001
core   0: 0x000000008000418c (0xff9ff06f) j       pc - 0x8
core   0: 3 0x000000008000418c (0xff9ff06f)
core   0: 0x0000000080004184 (0x00001397) auipc   t2, 0x1
core   0: 3 0x0000000080004184 (0x00001397) x7  0x0000000080005184
core   0: 0x0000000080004188 (0xe613ae23) sw      ra, -388(t2)
core   0: 3 0x0000000080004188 (0xe613ae23) mem 0x0000000080005000 0x00000001
core   0: 0x000000008000418c (0xff9ff06f) j       pc - 0x8
core   0: 3 0x000000008000418c (0xff9ff06f)
core   0: 0x0000000080004184 (0x00001397) auipc   t2, 0x1
core   0: 3 0x0000000080004184 (0x00001397) x7  0x0000000080005184
core   0: 0x0000000080004188 (0xe613ae23) sw      ra, -388(t2)
core   0: 3 0x0000000080004188 (0xe613ae23) mem 0x0000000080005000 0x00000001
core   0: 0x000000008000418c (0xff9ff06f) j       pc - 0x8
core   0: 3 0x000000008000418c (0xff9ff06f)
core   0: 0x0000000080004184 (0x00001397) auipc   t2, 0x1
core   0: 3 0x0000000080004184 (0x00001397) x7  0x0000000080005184
core   0: 0x0000000080004188 (0xe613ae23) sw      ra, -388(t2)
core   0: 3 0x0000000080004188 (0xe613ae23) mem 0x0000000080005000 0x00000001
core   0: 0x000000008000418c (0xff9ff06f) j       pc - 0x8
core   0: 3 0x000000008000418c (0xff9ff06f)
core   0: 0x0000000080004184 (0x00001397) auipc   t2, 0x1
core   0: 3 0x0000000080004184 (0x00001397) x7  0x0000000080005184
core   0: 0x0000000080004188 (0xe613ae23) sw      ra, -388(t2)
core   0: 3 0x0000000080004188 (0xe613ae23) mem 0x0000000080005000 0x00000001
core   0: 0x000000008000418c (0xff9ff06f) j       pc - 0x8
core   0: 3 0x000000008000418c (0xff9ff06f)
core   0: 0x0000000080004184 (0x00001397) auipc   t2, 0x1
core   0: 3 0x0000000080004184 (0x00001397) x7  0x0000000080005184
core   0: 0x0000000080004188 (0xe613ae23) sw      ra, -388(t2)
core   0: 3 0x0000000080004188 (0xe613ae23) mem 0x0000000080005000 0x00000001
core   0: 0x000000008000418c (0xff9ff06f) j       pc - 0x8
core   0: 3 0x000000008000418c (0xff9ff06f)
core   0: 0x0000000080004184 (0x00001397) auipc   t2, 0x1
core   0: 3 0x0000000080004184 (0x00001397) x7  0x0000000080005184
core   0: 0x0000000080004188 (0xe613ae23) sw      ra, -388(t2)
core   0: 3 0x0000000080004188 (0xe613ae23) mem 0x0000000080005000 0x00000001
core   0: 0x000000008000418c (0xff9ff06f) j       pc - 0x8
core   0: 3 0x000000008000418c (0xff9ff06f)
core   0: 0x0000000080004184 (0x00001397) auipc   t2, 0x1
core   0: 3 0x0000000080004184 (0x00001397) x7  0x0000000080005184
core   0: 0x0000000080004188 (0xe613ae23) sw      ra, -388(t2)
core   0: 3 0x0000000080004188 (0xe613ae23) mem 0x0000000080005000 0x00000001
core   0: 0x000000008000418c (0xff9ff06f) j       pc - 0x8
core   0: 3 0x000000008000418c (0xff9ff06f)
core   0: 0x0000000080004184 (0x00001397) auipc   t2, 0x1
core   0: 3 0x0000000080004184 (0x00001397) x7  0x0000000080005184
core   0: 0x0000000080004188 (0xe613ae23) sw      ra, -388(t2)
core   0: 3 0x0000000080004188 (0xe613ae23) mem 0x0000000080005000 0x00000001
core   0: 0x000000008000418c (0xff9ff06f) j       pc - 0x8
core   0: 3 0x000000008000418c (0xff9ff06f)
core   0: 0x0000000080004184 (0x00001397) auipc   t2, 0x1
core   0: 3 0x0000000080004184 (0x00001397) x7  0x0000000080005184
core   0: 0x0000000080004188 (0xe613ae23) sw      ra, -388(t2)
core   0: 3 0x0000000080004188 (0xe613ae23) mem 0x0000000080005000 0x00000001
core   0: 0x000000008000418c (0xff9ff06f) j       pc - 0x8
core   0: 3 0x000000008000418c (0xff9ff06f)
core   0: 0x0000000080004184 (0x00001397) auipc   t2, 0x1
core   0: 3 0x0000000080004184 (0x00001397) x7  0x0000000080005184
core   0: 0x0000000080004188 (0xe613ae23) sw      ra, -388(t2)
core   0: 3 0x0000000080004188 (0xe613ae23) mem 0x0000000080005000 0x00000001
core   0: 0x000000008000418c (0xff9ff06f) j       pc - 0x8
core   0: 3 0x000000008000418c (0xff9ff06f)
core   0: 0x0000000080004184 (0x00001397) auipc   t2, 0x1
core   0: 3 0x0000000080004184 (0x00001397) x7  0x0000000080005184
core   0: 0x0000000080004188 (0xe613ae23) sw      ra, -388(t2)
core   0: 3 0x0000000080004188 (0xe613ae23) mem 0x0000000080005000 0x00000001
core   0: 0x000000008000418c (0xff9ff06f) j       pc - 0x8
core   0: 3 0x000000008000418c (0xff9ff06f)
core   0: 0x0000000080004184 (0x00001397) auipc   t2, 0x1
core   0: 3 0x0000000080004184 (0x00001397) x7  0x0000000080005184
core   0: 0x0000000080004188 (0xe613ae23) sw      ra, -388(t2)
core   0: 3 0x0000000080004188 (0xe613ae23) mem 0x0000000080005000 0x00000001
core   0: 0x000000008000418c (0xff9ff06f) j       pc - 0x8
core   0: 3 0x000000008000418c (0xff9ff06f)
core   0: 0x0000000080004184 (0x00001397) auipc   t2, 0x1
core   0: 3 0x0000000080004184 (0x00001397) x7  0x0000000080005184
core   0: 0x0000000080004188 (0xe613ae23) sw      ra, -388(t2)
core   0: 3 0x0000000080004188 (0xe613ae23) mem 0x0000000080005000 0x00000001
core   0: 0x000000008000418c (0xff9ff06f) j       pc - 0x8
core   0: 3 0x000000008000418c (0xff9ff06f)
core   0: 0x0000000080004184 (0x00001397) auipc   t2, 0x1
core   0: 3 0x0000000080004184 (0x00001397) x7  0x0000000080005184
core   0: 0x0000000080004188 (0xe613ae23) sw      ra, -388(t2)
core   0: 3 0x0000000080004188 (0xe613ae23) mem 0x0000000080005000 0x00000001
core   0: 0x000000008000418c (0xff9ff06f) j       pc - 0x8
core   0: 3 0x000000008000418c (0xff9ff06f)
core   0: 0x0000000080004184 (0x00001397) auipc   t2, 0x1
core   0: 3 0x0000000080004184 (0x00001397) x7  0x0000000080005184
core   0: 0x0000000080004188 (0xe613ae23) sw      ra, -388(t2)
core   0: 3 0x0000000080004188 (0xe613ae23) mem 0x0000000080005000 0x00000001
core   0: 0x000000008000418c (0xff9ff06f) j       pc - 0x8
core   0: 3 0x000000008000418c (0xff9ff06f)
core   0: 0x0000000080004184 (0x00001397) auipc   t2, 0x1
core   0: 3 0x0000000080004184 (0x00001397) x7  0x0000000080005184
core   0: 0x0000000080004188 (0xe613ae23) sw      ra, -388(t2)
core   0: 3 0x0000000080004188 (0xe613ae23) mem 0x0000000080005000 0x00000001
core   0: 0x000000008000418c (0xff9ff06f) j       pc - 0x8
core   0: 3 0x000000008000418c (0xff9ff06f)
core   0: 0x0000000080004184 (0x00001397) auipc   t2, 0x1
core   0: 3 0x0000000080004184 (0x00001397) x7  0x0000000080005184
core   0: 0x0000000080004188 (0xe613ae23) sw      ra, -388(t2)
core   0: 3 0x0000000080004188 (0xe613ae23) mem 0x0000000080005000 0x00000001
core   0: 0x000000008000418c (0xff9ff06f) j       pc - 0x8
core   0: 3 0x000000008000418c (0xff9ff06f)
core   0: 0x0000000080004184 (0x00001397) auipc   t2, 0x1
core   0: 3 0x0000000080004184 (0x00001397) x7  0x0000000080005184
core   0: 0x0000000080004188 (0xe613ae23) sw      ra, -388(t2)
core   0: 3 0x0000000080004188 (0xe613ae23) mem 0x0000000080005000 0x00000001
core   0: 0x000000008000418c (0xff9ff06f) j       pc - 0x8
core   0: 3 0x000000008000418c (0xff9ff06f)
core   0: 0x0000000080004184 (0x00001397) auipc   t2, 0x1
core   0: 3 0x0000000080004184 (0x00001397) x7  0x0000000080005184
core   0: 0x0000000080004188 (0xe613ae23) sw      ra, -388(t2)
core   0: 3 0x0000000080004188 (0xe613ae23) mem 0x0000000080005000 0x00000001
core   0: 0x000000008000418c (0xff9ff06f) j       pc - 0x8
core   0: 3 0x000000008000418c (0xff9ff06f)
core   0: 0x0000000080004184 (0x00001397) auipc   t2, 0x1
core   0: 3 0x0000000080004184 (0x00001397) x7  0x0000000080005184
core   0: 0x0000000080004188 (0xe613ae23) sw      ra, -388(t2)
core   0: 3 0x0000000080004188 (0xe613ae23) mem 0x0000000080005000 0x00000001
core   0: 0x000000008000418c (0xff9ff06f) j       pc - 0x8
core   0: 3 0x000000008000418c (0xff9ff06f)
core   0: 0x0000000080004184 (0x00001397) auipc   t2, 0x1
core   0: 3 0x0000000080004184 (0x00001397) x7  0x0000000080005184
core   0: 0x0000000080004188 (0xe613ae23) sw      ra, -388(t2)
core   0: 3 0x0000000080004188 (0xe613ae23) mem 0x0000000080005000 0x00000001
core   0: 0x000000008000418c (0xff9ff06f) j       pc - 0x8
core   0: 3 0x000000008000418c (0xff9ff06f)
core   0: 0x0000000080004184 (0x00001397) auipc   t2, 0x1
core   0: 3 0x0000000080004184 (0x00001397) x7  0x0000000080005184
core   0: 0x0000000080004188 (0xe613ae23) sw      ra, -388(t2)
core   0: 3 0x0000000080004188 (0xe613ae23) mem 0x0000000080005000 0x00000001
core   0: 0x000000008000418c (0xff9ff06f) j       pc - 0x8
core   0: 3 0x000000008000418c (0xff9ff06f)
core   0: 0x0000000080004184 (0x00001397) auipc   t2, 0x1
core   0: 3 0x0000000080004184 (0x00001397) x7  0x0000000080005184
core   0: 0x0000000080004188 (0xe613ae23) sw      ra, -388(t2)
core   0: 3 0x0000000080004188 (0xe613ae23) mem 0x0000000080005000 0x00000001
core   0: 0x000000008000418c (0xff9ff06f) j       pc - 0x8
core   0: 3 0x000000008000418c (0xff9ff06f)
core   0: 0x0000000080004184 (0x00001397) auipc   t2, 0x1
core   0: 3 0x0000000080004184 (0x00001397) x7  0x0000000080005184
core   0: 0x0000000080004188 (0xe613ae23) sw      ra, -388(t2)
core   0: 3 0x0000000080004188 (0xe613ae23) mem 0x0000000080005000 0x00000001
core   0: 0x000000008000418c (0xff9ff06f) j       pc - 0x8
core   0: 3 0x000000008000418c (0xff9ff06f)
core   0: 0x0000000080004184 (0x00001397) auipc   t2, 0x1
core   0: 3 0x0000000080004184 (0x00001397) x7  0x0000000080005184
core   0: 0x0000000080004188 (0xe613ae23) sw      ra, -388(t2)
core   0: 3 0x0000000080004188 (0xe613ae23) mem 0x0000000080005000 0x00000001
core   0: 0x000000008000418c (0xff9ff06f) j       pc - 0x8
core   0: 3 0x000000008000418c (0xff9ff06f)
core   0: 0x0000000080004184 (0x00001397) auipc   t2, 0x1
core   0: 3 0x0000000080004184 (0x00001397) x7  0x0000000080005184
core   0: 0x0000000080004188 (0xe613ae23) sw      ra, -388(t2)
core   0: 3 0x0000000080004188 (0xe613ae23) mem 0x0000000080005000 0x00000001
core   0: 0x000000008000418c (0xff9ff06f) j       pc - 0x8
core   0: 3 0x000000008000418c (0xff9ff06f)
core   0: 0x0000000080004184 (0x00001397) auipc   t2, 0x1
core   0: 3 0x0000000080004184 (0x00001397) x7  0x0000000080005184
core   0: 0x0000000080004188 (0xe613ae23) sw      ra, -388(t2)
core   0: 3 0x0000000080004188 (0xe613ae23) mem 0x0000000080005000 0x00000001
core   0: 0x000000008000418c (0xff9ff06f) j       pc - 0x8
core   0: 3 0x000000008000418c (0xff9ff06f)
core   0: 0x0000000080004184 (0x00001397) auipc   t2, 0x1
core   0: 3 0x0000000080004184 (0x00001397) x7  0x0000000080005184
core   0: 0x0000000080004188 (0xe613ae23) sw      ra, -388(t2)
core   0: 3 0x0000000080004188 (0xe613ae23) mem 0x0000000080005000 0x00000001
core   0: 0x000000008000418c (0xff9ff06f) j       pc - 0x8
core   0: 3 0x000000008000418c (0xff9ff06f)
core   0: 0x0000000080004184 (0x00001397) auipc   t2, 0x1
core   0: 3 0x0000000080004184 (0x00001397) x7  0x0000000080005184
core   0: 0x0000000080004188 (0xe613ae23) sw      ra, -388(t2)
core   0: 3 0x0000000080004188 (0xe613ae23) mem 0x0000000080005000 0x00000001
core   0: 0x000000008000418c (0xff9ff06f) j       pc - 0x8
core   0: 3 0x000000008000418c (0xff9ff06f)
core   0: 0x0000000080004184 (0x00001397) auipc   t2, 0x1
core   0: 3 0x0000000080004184 (0x00001397) x7  0x0000000080005184
core   0: 0x0000000080004188 (0xe613ae23) sw      ra, -388(t2)
core   0: 3 0x0000000080004188 (0xe613ae23) mem 0x0000000080005000 0x00000001
core   0: 0x000000008000418c (0xff9ff06f) j       pc - 0x8
core   0: 3 0x000000008000418c (0xff9ff06f)
core   0: 0x0000000080004184 (0x00001397) auipc   t2, 0x1
core   0: 3 0x0000000080004184 (0x00001397) x7  0x0000000080005184
core   0: 0x0000000080004188 (0xe613ae23) sw      ra, -388(t2)
core   0: 3 0x0000000080004188 (0xe613ae23) mem 0x0000000080005000 0x00000001
core   0: 0x000000008000418c (0xff9ff06f) j       pc - 0x8
core   0: 3 0x000000008000418c (0xff9ff06f)
core   0: 0x0000000080004184 (0x00001397) auipc   t2, 0x1
core   0: 3 0x0000000080004184 (0x00001397) x7  0x0000000080005184
core   0: 0x0000000080004188 (0xe613ae23) sw      ra, -388(t2)
core   0: 3 0x0000000080004188 (0xe613ae23) mem 0x0000000080005000 0x00000001
core   0: 0x000000008000418c (0xff9ff06f) j       pc - 0x8
core   0: 3 0x000000008000418c (0xff9ff06f)
core   0: 0x0000000080004184 (0x00001397) auipc   t2, 0x1
core   0: 3 0x0000000080004184 (0x00001397) x7  0x0000000080005184
core   0: 0x0000000080004188 (0xe613ae23) sw      ra, -388(t2)
core   0: 3 0x0000000080004188 (0xe613ae23) mem 0x0000000080005000 0x00000001
core   0: 0x000000008000418c (0xff9ff06f) j       pc - 0x8
core   0: 3 0x000000008000418c (0xff9ff06f)
core   0: 0x0000000080004184 (0x00001397) auipc   t2, 0x1
core   0: 3 0x0000000080004184 (0x00001397) x7  0x0000000080005184
core   0: 0x0000000080004188 (0xe613ae23) sw      ra, -388(t2)
core   0: 3 0x0000000080004188 (0xe613ae23) mem 0x0000000080005000 0x00000001
core   0: 0x000000008000418c (0xff9ff06f) j       pc - 0x8
core   0: 3 0x000000008000418c (0xff9ff06f)
core   0: 0x0000000080004184 (0x00001397) auipc   t2, 0x1
core   0: 3 0x0000000080004184 (0x00001397) x7  0x0000000080005184
core   0: 0x0000000080004188 (0xe613ae23) sw      ra, -388(t2)
core   0: 3 0x0000000080004188 (0xe613ae23) mem 0x0000000080005000 0x00000001
core   0: 0x000000008000418c (0xff9ff06f) j       pc - 0x8
core   0: 3 0x000000008000418c (0xff9ff06f)
core   0: 0x0000000080004184 (0x00001397) auipc   t2, 0x1
core   0: 3 0x0000000080004184 (0x00001397) x7  0x0000000080005184
core   0: 0x0000000080004188 (0xe613ae23) sw      ra, -388(t2)
core   0: 3 0x0000000080004188 (0xe613ae23) mem 0x0000000080005000 0x00000001
core   0: 0x000000008000418c (0xff9ff06f) j       pc - 0x8
core   0: 3 0x000000008000418c (0xff9ff06f)
core   0: 0x0000000080004184 (0x00001397) auipc   t2, 0x1
core   0: 3 0x0000000080004184 (0x00001397) x7  0x0000000080005184
core   0: 0x0000000080004188 (0xe613ae23) sw      ra, -388(t2)
core   0: 3 0x0000000080004188 (0xe613ae23) mem 0x0000000080005000 0x00000001
core   0: 0x000000008000418c (0xff9ff06f) j       pc - 0x8
core   0: 3 0x000000008000418c (0xff9ff06f)
core   0: 0x0000000080004184 (0x00001397) auipc   t2, 0x1
core   0: 3 0x0000000080004184 (0x00001397) x7  0x0000000080005184
core   0: 0x0000000080004188 (0xe613ae23) sw      ra, -388(t2)
core   0: 3 0x0000000080004188 (0xe613ae23) mem 0x0000000080005000 0x00000001
core   0: 0x000000008000418c (0xff9ff06f) j       pc - 0x8
core   0: 3 0x000000008000418c (0xff9ff06f)
core   0: 0x0000000080004184 (0x00001397) auipc   t2, 0x1
core   0: 3 0x0000000080004184 (0x00001397) x7  0x0000000080005184
core   0: 0x0000000080004188 (0xe613ae23) sw      ra, -388(t2)
core   0: 3 0x0000000080004188 (0xe613ae23) mem 0x0000000080005000 0x00000001
core   0: 0x000000008000418c (0xff9ff06f) j       pc - 0x8
core   0: 3 0x000000008000418c (0xff9ff06f)
core   0: 0x0000000080004184 (0x00001397) auipc   t2, 0x1
core   0: 3 0x0000000080004184 (0x00001397) x7  0x0000000080005184
core   0: 0x0000000080004188 (0xe613ae23) sw      ra, -388(t2)
core   0: 3 0x0000000080004188 (0xe613ae23) mem 0x0000000080005000 0x00000001
core   0: 0x000000008000418c (0xff9ff06f) j       pc - 0x8
core   0: 3 0x000000008000418c (0xff9ff06f)
core   0: 0x0000000080004184 (0x00001397) auipc   t2, 0x1
core   0: 3 0x0000000080004184 (0x00001397) x7  0x0000000080005184
core   0: 0x0000000080004188 (0xe613ae23) sw      ra, -388(t2)
core   0: 3 0x0000000080004188 (0xe613ae23) mem 0x0000000080005000 0x00000001
core   0: 0x000000008000418c (0xff9ff06f) j       pc - 0x8
core   0: 3 0x000000008000418c (0xff9ff06f)
core   0: 0x0000000080004184 (0x00001397) auipc   t2, 0x1
core   0: 3 0x0000000080004184 (0x00001397) x7  0x0000000080005184
core   0: 0x0000000080004188 (0xe613ae23) sw      ra, -388(t2)
core   0: 3 0x0000000080004188 (0xe613ae23) mem 0x0000000080005000 0x00000001
core   0: 0x000000008000418c (0xff9ff06f) j       pc - 0x8
core   0: 3 0x000000008000418c (0xff9ff06f)
core   0: 0x0000000080004184 (0x00001397) auipc   t2, 0x1
core   0: 3 0x0000000080004184 (0x00001397) x7  0x0000000080005184
core   0: 0x0000000080004188 (0xe613ae23) sw      ra, -388(t2)
core   0: 3 0x0000000080004188 (0xe613ae23) mem 0x0000000080005000 0x00000001
core   0: 0x000000008000418c (0xff9ff06f) j       pc - 0x8
core   0: 3 0x000000008000418c (0xff9ff06f)
core   0: 0x0000000080004184 (0x00001397) auipc   t2, 0x1
core   0: 3 0x0000000080004184 (0x00001397) x7  0x0000000080005184
core   0: 0x0000000080004188 (0xe613ae23) sw      ra, -388(t2)
core   0: 3 0x0000000080004188 (0xe613ae23) mem 0x0000000080005000 0x00000001
core   0: 0x000000008000418c (0xff9ff06f) j       pc - 0x8
core   0: 3 0x000000008000418c (0xff9ff06f)
core   0: 0x0000000080004184 (0x00001397) auipc   t2, 0x1
core   0: 3 0x0000000080004184 (0x00001397) x7  0x0000000080005184
core   0: 0x0000000080004188 (0xe613ae23) sw      ra, -388(t2)
core   0: 3 0x0000000080004188 (0xe613ae23) mem 0x0000000080005000 0x00000001
core   0: 0x000000008000418c (0xff9ff06f) j       pc - 0x8
core   0: 3 0x000000008000418c (0xff9ff06f)
core   0: 0x0000000080004184 (0x00001397) auipc   t2, 0x1
core   0: 3 0x0000000080004184 (0x00001397) x7  0x0000000080005184
core   0: 0x0000000080004188 (0xe613ae23) sw      ra, -388(t2)
core   0: 3 0x0000000080004188 (0xe613ae23) mem 0x0000000080005000 0x00000001
core   0: 0x000000008000418c (0xff9ff06f) j       pc - 0x8
core   0: 3 0x000000008000418c (0xff9ff06f)
core   0: 0x0000000080004184 (0x00001397) auipc   t2, 0x1
core   0: 3 0x0000000080004184 (0x00001397) x7  0x0000000080005184
core   0: 0x0000000080004188 (0xe613ae23) sw      ra, -388(t2)
core   0: 3 0x0000000080004188 (0xe613ae23) mem 0x0000000080005000 0x00000001
core   0: 0x000000008000418c (0xff9ff06f) j       pc - 0x8
core   0: 3 0x000000008000418c (0xff9ff06f)
core   0: 0x0000000080004184 (0x00001397) auipc   t2, 0x1
core   0: 3 0x0000000080004184 (0x00001397) x7  0x0000000080005184
core   0: 0x0000000080004188 (0xe613ae23) sw      ra, -388(t2)
core   0: 3 0x0000000080004188 (0xe613ae23) mem 0x0000000080005000 0x00000001
core   0: 0x000000008000418c (0xff9ff06f) j       pc - 0x8
core   0: 3 0x000000008000418c (0xff9ff06f)
core   0: 0x0000000080004184 (0x00001397) auipc   t2, 0x1
core   0: 3 0x0000000080004184 (0x00001397) x7  0x0000000080005184
core   0: 0x0000000080004188 (0xe613ae23) sw      ra, -388(t2)
core   0: 3 0x0000000080004188 (0xe613ae23) mem 0x0000000080005000 0x00000001
core   0: 0x000000008000418c (0xff9ff06f) j       pc - 0x8
core   0: 3 0x000000008000418c (0xff9ff06f)
core   0: 0x0000000080004184 (0x00001397) auipc   t2, 0x1
core   0: 3 0x0000000080004184 (0x00001397) x7  0x0000000080005184
core   0: 0x0000000080004188 (0xe613ae23) sw      ra, -388(t2)
core   0: 3 0x0000000080004188 (0xe613ae23) mem 0x0000000080005000 0x00000001
core   0: 0x000000008000418c (0xff9ff06f) j       pc - 0x8
core   0: 3 0x000000008000418c (0xff9ff06f)
core   0: 0x0000000080004184 (0x00001397) auipc   t2, 0x1
core   0: 3 0x0000000080004184 (0x00001397) x7  0x0000000080005184
core   0: 0x0000000080004188 (0xe613ae23) sw      ra, -388(t2)
core   0: 3 0x0000000080004188 (0xe613ae23) mem 0x0000000080005000 0x00000001
core   0: 0x000000008000418c (0xff9ff06f) j       pc - 0x8
core   0: 3 0x000000008000418c (0xff9ff06f)
core   0: 0x0000000080004184 (0x00001397) auipc   t2, 0x1
core   0: 3 0x0000000080004184 (0x00001397) x7  0x0000000080005184
core   0: 0x0000000080004188 (0xe613ae23) sw      ra, -388(t2)
core   0: 3 0x0000000080004188 (0xe613ae23) mem 0x0000000080005000 0x00000001
core   0: 0x000000008000418c (0xff9ff06f) j       pc - 0x8
core   0: 3 0x000000008000418c (0xff9ff06f)
core   0: 0x0000000080004184 (0x00001397) auipc   t2, 0x1
core   0: 3 0x0000000080004184 (0x00001397) x7  0x0000000080005184
core   0: 0x0000000080004188 (0xe613ae23) sw      ra, -388(t2)
core   0: 3 0x0000000080004188 (0xe613ae23) mem 0x0000000080005000 0x00000001
core   0: 0x000000008000418c (0xff9ff06f) j       pc - 0x8
core   0: 3 0x000000008000418c (0xff9ff06f)
core   0: 0x0000000080004184 (0x00001397) auipc   t2, 0x1
core   0: 3 0x0000000080004184 (0x00001397) x7  0x0000000080005184
core   0: 0x0000000080004188 (0xe613ae23) sw      ra, -388(t2)
core   0: 3 0x0000000080004188 (0xe613ae23) mem 0x0000000080005000 0x00000001
core   0: 0x000000008000418c (0xff9ff06f) j       pc - 0x8
core   0: 3 0x000000008000418c (0xff9ff06f)
core   0: 0x0000000080004184 (0x00001397) auipc   t2, 0x1
core   0: 3 0x0000000080004184 (0x00001397) x7  0x0000000080005184
core   0: 0x0000000080004188 (0xe613ae23) sw      ra, -388(t2)
core   0: 3 0x0000000080004188 (0xe613ae23) mem 0x0000000080005000 0x00000001
core   0: 0x000000008000418c (0xff9ff06f) j       pc - 0x8
core   0: 3 0x000000008000418c (0xff9ff06f)
core   0: 0x0000000080004184 (0x00001397) auipc   t2, 0x1
core   0: 3 0x0000000080004184 (0x00001397) x7  0x0000000080005184
core   0: 0x0000000080004188 (0xe613ae23) sw      ra, -388(t2)
core   0: 3 0x0000000080004188 (0xe613ae23) mem 0x0000000080005000 0x00000001
core   0: 0x000000008000418c (0xff9ff06f) j       pc - 0x8
core   0: 3 0x000000008000418c (0xff9ff06f)
core   0: 0x0000000080004184 (0x00001397) auipc   t2, 0x1
core   0: 3 0x0000000080004184 (0x00001397) x7  0x0000000080005184
core   0: 0x0000000080004188 (0xe613ae23) sw      ra, -388(t2)
core   0: 3 0x0000000080004188 (0xe613ae23) mem 0x0000000080005000 0x00000001
core   0: 0x000000008000418c (0xff9ff06f) j       pc - 0x8
core   0: 3 0x000000008000418c (0xff9ff06f)
core   0: 0x0000000080004184 (0x00001397) auipc   t2, 0x1
core   0: 3 0x0000000080004184 (0x00001397) x7  0x0000000080005184
core   0: 0x0000000080004188 (0xe613ae23) sw      ra, -388(t2)
core   0: 3 0x0000000080004188 (0xe613ae23) mem 0x0000000080005000 0x00000001
core   0: 0x000000008000418c (0xff9ff06f) j       pc - 0x8
core   0: 3 0x000000008000418c (0xff9ff06f)
core   0: 0x0000000080004184 (0x00001397) auipc   t2, 0x1
core   0: 3 0x0000000080004184 (0x00001397) x7  0x0000000080005184
core   0: 0x0000000080004188 (0xe613ae23) sw      ra, -388(t2)
core   0: 3 0x0000000080004188 (0xe613ae23) mem 0x0000000080005000 0x00000001
core   0: 0x000000008000418c (0xff9ff06f) j       pc - 0x8
core   0: 3 0x000000008000418c (0xff9ff06f)
core   0: 0x0000000080004184 (0x00001397) auipc   t2, 0x1
core   0: 3 0x0000000080004184 (0x00001397) x7  0x0000000080005184
core   0: 0x0000000080004188 (0xe613ae23) sw      ra, -388(t2)
core   0: 3 0x0000000080004188 (0xe613ae23) mem 0x0000000080005000 0x00000001
core   0: 0x000000008000418c (0xff9ff06f) j       pc - 0x8
core   0: 3 0x000000008000418c (0xff9ff06f)
core   0: 0x0000000080004184 (0x00001397) auipc   t2, 0x1
core   0: 3 0x0000000080004184 (0x00001397) x7  0x0000000080005184
core   0: 0x0000000080004188 (0xe613ae23) sw      ra, -388(t2)
core   0: 3 0x0000000080004188 (0xe613ae23) mem 0x0000000080005000 0x00000001
core   0: 0x000000008000418c (0xff9ff06f) j       pc - 0x8
core   0: 3 0x000000008000418c (0xff9ff06f)
core   0: 0x0000000080004184 (0x00001397) auipc   t2, 0x1
core   0: 3 0x0000000080004184 (0x00001397) x7  0x0000000080005184
core   0: 0x0000000080004188 (0xe613ae23) sw      ra, -388(t2)
core   0: 3 0x0000000080004188 (0xe613ae23) mem 0x0000000080005000 0x00000001
core   0: 0x000000008000418c (0xff9ff06f) j       pc - 0x8
core   0: 3 0x000000008000418c (0xff9ff06f)
core   0: 0x0000000080004184 (0x00001397) auipc   t2, 0x1
core   0: 3 0x0000000080004184 (0x00001397) x7  0x0000000080005184
core   0: 0x0000000080004188 (0xe613ae23) sw      ra, -388(t2)
core   0: 3 0x0000000080004188 (0xe613ae23) mem 0x0000000080005000 0x00000001
core   0: 0x000000008000418c (0xff9ff06f) j       pc - 0x8
core   0: 3 0x000000008000418c (0xff9ff06f)
core   0: 0x0000000080004184 (0x00001397) auipc   t2, 0x1
core   0: 3 0x0000000080004184 (0x00001397) x7  0x0000000080005184
core   0: 0x0000000080004188 (0xe613ae23) sw      ra, -388(t2)
core   0: 3 0x0000000080004188 (0xe613ae23) mem 0x0000000080005000 0x00000001
core   0: 0x000000008000418c (0xff9ff06f) j       pc - 0x8
core   0: 3 0x000000008000418c (0xff9ff06f)
core   0: 0x0000000080004184 (0x00001397) auipc   t2, 0x1
core   0: 3 0x0000000080004184 (0x00001397) x7  0x0000000080005184
core   0: 0x0000000080004188 (0xe613ae23) sw      ra, -388(t2)
core   0: 3 0x0000000080004188 (0xe613ae23) mem 0x0000000080005000 0x00000001
core   0: 0x000000008000418c (0xff9ff06f) j       pc - 0x8
core   0: 3 0x000000008000418c (0xff9ff06f)
core   0: 0x0000000080004184 (0x00001397) auipc   t2, 0x1
core   0: 3 0x0000000080004184 (0x00001397) x7  0x0000000080005184
core   0: 0x0000000080004188 (0xe613ae23) sw      ra, -388(t2)
core   0: 3 0x0000000080004188 (0xe613ae23) mem 0x0000000080005000 0x00000001
core   0: 0x000000008000418c (0xff9ff06f) j       pc - 0x8
core   0: 3 0x000000008000418c (0xff9ff06f)
core   0: 0x0000000080004184 (0x00001397) auipc   t2, 0x1
core   0: 3 0x0000000080004184 (0x00001397) x7  0x0000000080005184
core   0: 0x0000000080004188 (0xe613ae23) sw      ra, -388(t2)
core   0: 3 0x0000000080004188 (0xe613ae23) mem 0x0000000080005000 0x00000001
core   0: 0x000000008000418c (0xff9ff06f) j       pc - 0x8
core   0: 3 0x000000008000418c (0xff9ff06f)
core   0: 0x0000000080004184 (0x00001397) auipc   t2, 0x1
core   0: 3 0x0000000080004184 (0x00001397) x7  0x0000000080005184
core   0: 0x0000000080004188 (0xe613ae23) sw      ra, -388(t2)
core   0: 3 0x0000000080004188 (0xe613ae23) mem 0x0000000080005000 0x00000001
core   0: 0x000000008000418c (0xff9ff06f) j       pc - 0x8
core   0: 3 0x000000008000418c (0xff9ff06f)
core   0: 0x0000000080004184 (0x00001397) auipc   t2, 0x1
core   0: 3 0x0000000080004184 (0x00001397) x7  0x0000000080005184
core   0: 0x0000000080004188 (0xe613ae23) sw      ra, -388(t2)
core   0: 3 0x0000000080004188 (0xe613ae23) mem 0x0000000080005000 0x00000001
core   0: 0x000000008000418c (0xff9ff06f) j       pc - 0x8
core   0: 3 0x000000008000418c (0xff9ff06f)
core   0: 0x0000000080004184 (0x00001397) auipc   t2, 0x1
core   0: 3 0x0000000080004184 (0x00001397) x7  0x0000000080005184
core   0: 0x0000000080004188 (0xe613ae23) sw      ra, -388(t2)
core   0: 3 0x0000000080004188 (0xe613ae23) mem 0x0000000080005000 0x00000001
core   0: 0x000000008000418c (0xff9ff06f) j       pc - 0x8
core   0: 3 0x000000008000418c (0xff9ff06f)
core   0: 0x0000000080004184 (0x00001397) auipc   t2, 0x1
core   0: 3 0x0000000080004184 (0x00001397) x7  0x0000000080005184
core   0: 0x0000000080004188 (0xe613ae23) sw      ra, -388(t2)
core   0: 3 0x0000000080004188 (0xe613ae23) mem 0x0000000080005000 0x00000001
core   0: 0x000000008000418c (0xff9ff06f) j       pc - 0x8
core   0: 3 0x000000008000418c (0xff9ff06f)
core   0: 0x0000000080004184 (0x00001397) auipc   t2, 0x1
core   0: 3 0x0000000080004184 (0x00001397) x7  0x0000000080005184
core   0: 0x0000000080004188 (0xe613ae23) sw      ra, -388(t2)
core   0: 3 0x0000000080004188 (0xe613ae23) mem 0x0000000080005000 0x00000001
core   0: 0x000000008000418c (0xff9ff06f) j       pc - 0x8
core   0: 3 0x000000008000418c (0xff9ff06f)
core   0: 0x0000000080004184 (0x00001397) auipc   t2, 0x1
core   0: 3 0x0000000080004184 (0x00001397) x7  0x0000000080005184
core   0: 0x0000000080004188 (0xe613ae23) sw      ra, -388(t2)
core   0: 3 0x0000000080004188 (0xe613ae23) mem 0x0000000080005000 0x00000001
core   0: 0x000000008000418c (0xff9ff06f) j       pc - 0x8
core   0: 3 0x000000008000418c (0xff9ff06f)
core   0: 0x0000000080004184 (0x00001397) auipc   t2, 0x1
core   0: 3 0x0000000080004184 (0x00001397) x7  0x0000000080005184
core   0: 0x0000000080004188 (0xe613ae23) sw      ra, -388(t2)
core   0: 3 0x0000000080004188 (0xe613ae23) mem 0x0000000080005000 0x00000001
core   0: 0x000000008000418c (0xff9ff06f) j       pc - 0x8
core   0: 3 0x000000008000418c (0xff9ff06f)
core   0: 0x0000000080004184 (0x00001397) auipc   t2, 0x1
core   0: 3 0x0000000080004184 (0x00001397) x7  0x0000000080005184
core   0: 0x0000000080004188 (0xe613ae23) sw      ra, -388(t2)
core   0: 3 0x0000000080004188 (0xe613ae23) mem 0x0000000080005000 0x00000001
core   0: 0x000000008000418c (0xff9ff06f) j       pc - 0x8
core   0: 3 0x000000008000418c (0xff9ff06f)
core   0: 0x0000000080004184 (0x00001397) auipc   t2, 0x1
core   0: 3 0x0000000080004184 (0x00001397) x7  0x0000000080005184
core   0: 0x0000000080004188 (0xe613ae23) sw      ra, -388(t2)
core   0: 3 0x0000000080004188 (0xe613ae23) mem 0x0000000080005000 0x00000001
core   0: 0x000000008000418c (0xff9ff06f) j       pc - 0x8
core   0: 3 0x000000008000418c (0xff9ff06f)
core   0: 0x0000000080004184 (0x00001397) auipc   t2, 0x1
core   0: 3 0x0000000080004184 (0x00001397) x7  0x0000000080005184
core   0: 0x0000000080004188 (0xe613ae23) sw      ra, -388(t2)
core   0: 3 0x0000000080004188 (0xe613ae23) mem 0x0000000080005000 0x00000001
core   0: 0x000000008000418c (0xff9ff06f) j       pc - 0x8
core   0: 3 0x000000008000418c (0xff9ff06f)
core   0: 0x0000000080004184 (0x00001397) auipc   t2, 0x1
core   0: 3 0x0000000080004184 (0x00001397) x7  0x0000000080005184
core   0: 0x0000000080004188 (0xe613ae23) sw      ra, -388(t2)
core   0: 3 0x0000000080004188 (0xe613ae23) mem 0x0000000080005000 0x00000001
core   0: 0x000000008000418c (0xff9ff06f) j       pc - 0x8
core   0: 3 0x000000008000418c (0xff9ff06f)
core   0: 0x0000000080004184 (0x00001397) auipc   t2, 0x1
core   0: 3 0x0000000080004184 (0x00001397) x7  0x0000000080005184
core   0: 0x0000000080004188 (0xe613ae23) sw      ra, -388(t2)
core   0: 3 0x0000000080004188 (0xe613ae23) mem 0x0000000080005000 0x00000001
core   0: 0x000000008000418c (0xff9ff06f) j       pc - 0x8
core   0: 3 0x000000008000418c (0xff9ff06f)
core   0: 0x0000000080004184 (0x00001397) auipc   t2, 0x1
core   0: 3 0x0000000080004184 (0x00001397) x7  0x0000000080005184
core   0: 0x0000000080004188 (0xe613ae23) sw      ra, -388(t2)
core   0: 3 0x0000000080004188 (0xe613ae23) mem 0x0000000080005000 0x00000001
core   0: 0x000000008000418c (0xff9ff06f) j       pc - 0x8
core   0: 3 0x000000008000418c (0xff9ff06f)
core   0: 0x0000000080004184 (0x00001397) auipc   t2, 0x1
core   0: 3 0x0000000080004184 (0x00001397) x7  0x0000000080005184
core   0: 0x0000000080004188 (0xe613ae23) sw      ra, -388(t2)
core   0: 3 0x0000000080004188 (0xe613ae23) mem 0x0000000080005000 0x00000001
core   0: 0x000000008000418c (0xff9ff06f) j       pc - 0x8
core   0: 3 0x000000008000418c (0xff9ff06f)
core   0: 0x0000000080004184 (0x00001397) auipc   t2, 0x1
core   0: 3 0x0000000080004184 (0x00001397) x7  0x0000000080005184
core   0: 0x0000000080004188 (0xe613ae23) sw      ra, -388(t2)
core   0: 3 0x0000000080004188 (0xe613ae23) mem 0x0000000080005000 0x00000001
core   0: 0x000000008000418c (0xff9ff06f) j       pc - 0x8
core   0: 3 0x000000008000418c (0xff9ff06f)
core   0: 0x0000000080004184 (0x00001397) auipc   t2, 0x1
core   0: 3 0x0000000080004184 (0x00001397) x7  0x0000000080005184
core   0: 0x0000000080004188 (0xe613ae23) sw      ra, -388(t2)
core   0: 3 0x0000000080004188 (0xe613ae23) mem 0x0000000080005000 0x00000001
core   0: 0x000000008000418c (0xff9ff06f) j       pc - 0x8
core   0: 3 0x000000008000418c (0xff9ff06f)
core   0: 0x0000000080004184 (0x00001397) auipc   t2, 0x1
core   0: 3 0x0000000080004184 (0x00001397) x7  0x0000000080005184
core   0: 0x0000000080004188 (0xe613ae23) sw      ra, -388(t2)
core   0: 3 0x0000000080004188 (0xe613ae23) mem 0x0000000080005000 0x00000001
core   0: 0x000000008000418c (0xff9ff06f) j       pc - 0x8
core   0: 3 0x000000008000418c (0xff9ff06f)
core   0: 0x0000000080004184 (0x00001397) auipc   t2, 0x1
core   0: 3 0x0000000080004184 (0x00001397) x7  0x0000000080005184
core   0: 0x0000000080004188 (0xe613ae23) sw      ra, -388(t2)
core   0: 3 0x0000000080004188 (0xe613ae23) mem 0x0000000080005000 0x00000001
core   0: 0x000000008000418c (0xff9ff06f) j       pc - 0x8
core   0: 3 0x000000008000418c (0xff9ff06f)
core   0: 0x0000000080004184 (0x00001397) auipc   t2, 0x1
core   0: 3 0x0000000080004184 (0x00001397) x7  0x0000000080005184
core   0: 0x0000000080004188 (0xe613ae23) sw      ra, -388(t2)
core   0: 3 0x0000000080004188 (0xe613ae23) mem 0x0000000080005000 0x00000001
core   0: 0x000000008000418c (0xff9ff06f) j       pc - 0x8
core   0: 3 0x000000008000418c (0xff9ff06f)
core   0: 0x0000000080004184 (0x00001397) auipc   t2, 0x1
core   0: 3 0x0000000080004184 (0x00001397) x7  0x0000000080005184
core   0: 0x0000000080004188 (0xe613ae23) sw      ra, -388(t2)
core   0: 3 0x0000000080004188 (0xe613ae23) mem 0x0000000080005000 0x00000001
core   0: 0x000000008000418c (0xff9ff06f) j       pc - 0x8
core   0: 3 0x000000008000418c (0xff9ff06f)
core   0: 0x0000000080004184 (0x00001397) auipc   t2, 0x1
core   0: 3 0x0000000080004184 (0x00001397) x7  0x0000000080005184
core   0: 0x0000000080004188 (0xe613ae23) sw      ra, -388(t2)
core   0: 3 0x0000000080004188 (0xe613ae23) mem 0x0000000080005000 0x00000001
core   0: 0x000000008000418c (0xff9ff06f) j       pc - 0x8
core   0: 3 0x000000008000418c (0xff9ff06f)
core   0: 0x0000000080004184 (0x00001397) auipc   t2, 0x1
core   0: 3 0x0000000080004184 (0x00001397) x7  0x0000000080005184
core   0: 0x0000000080004188 (0xe613ae23) sw      ra, -388(t2)
core   0: 3 0x0000000080004188 (0xe613ae23) mem 0x0000000080005000 0x00000001
core   0: 0x000000008000418c (0xff9ff06f) j       pc - 0x8
core   0: 3 0x000000008000418c (0xff9ff06f)
core   0: 0x0000000080004184 (0x00001397) auipc   t2, 0x1
core   0: 3 0x0000000080004184 (0x00001397) x7  0x0000000080005184
core   0: 0x0000000080004188 (0xe613ae23) sw      ra, -388(t2)
core   0: 3 0x0000000080004188 (0xe613ae23) mem 0x0000000080005000 0x00000001
core   0: 0x000000008000418c (0xff9ff06f) j       pc - 0x8
core   0: 3 0x000000008000418c (0xff9ff06f)
core   0: 0x0000000080004184 (0x00001397) auipc   t2, 0x1
core   0: 3 0x0000000080004184 (0x00001397) x7  0x0000000080005184
core   0: 0x0000000080004188 (0xe613ae23) sw      ra, -388(t2)
core   0: 3 0x0000000080004188 (0xe613ae23) mem 0x0000000080005000 0x00000001
core   0: 0x000000008000418c (0xff9ff06f) j       pc - 0x8
core   0: 3 0x000000008000418c (0xff9ff06f)
core   0: 0x0000000080004184 (0x00001397) auipc   t2, 0x1
core   0: 3 0x0000000080004184 (0x00001397) x7  0x0000000080005184
core   0: 0x0000000080004188 (0xe613ae23) sw      ra, -388(t2)
core   0: 3 0x0000000080004188 (0xe613ae23) mem 0x0000000080005000 0x00000001
core   0: 0x000000008000418c (0xff9ff06f) j       pc - 0x8
core   0: 3 0x000000008000418c (0xff9ff06f)
core   0: 0x0000000080004184 (0x00001397) auipc   t2, 0x1
core   0: 3 0x0000000080004184 (0x00001397) x7  0x0000000080005184
core   0: 0x0000000080004188 (0xe613ae23) sw      ra, -388(t2)
core   0: 3 0x0000000080004188 (0xe613ae23) mem 0x0000000080005000 0x00000001
core   0: 0x000000008000418c (0xff9ff06f) j       pc - 0x8
core   0: 3 0x000000008000418c (0xff9ff06f)
core   0: 0x0000000080004184 (0x00001397) auipc   t2, 0x1
core   0: 3 0x0000000080004184 (0x00001397) x7  0x0000000080005184
core   0: 0x0000000080004188 (0xe613ae23) sw      ra, -388(t2)
core   0: 3 0x0000000080004188 (0xe613ae23) mem 0x0000000080005000 0x00000001
core   0: 0x000000008000418c (0xff9ff06f) j       pc - 0x8
core   0: 3 0x000000008000418c (0xff9ff06f)
core   0: 0x0000000080004184 (0x00001397) auipc   t2, 0x1
core   0: 3 0x0000000080004184 (0x00001397) x7  0x0000000080005184
core   0: 0x0000000080004188 (0xe613ae23) sw      ra, -388(t2)
core   0: 3 0x0000000080004188 (0xe613ae23) mem 0x0000000080005000 0x00000001
core   0: 0x000000008000418c (0xff9ff06f) j       pc - 0x8
core   0: 3 0x000000008000418c (0xff9ff06f)
core   0: 0x0000000080004184 (0x00001397) auipc   t2, 0x1
core   0: 3 0x0000000080004184 (0x00001397) x7  0x0000000080005184
core   0: 0x0000000080004188 (0xe613ae23) sw      ra, -388(t2)
core   0: 3 0x0000000080004188 (0xe613ae23) mem 0x0000000080005000 0x00000001
core   0: 0x000000008000418c (0xff9ff06f) j       pc - 0x8
core   0: 3 0x000000008000418c (0xff9ff06f)
core   0: 0x0000000080004184 (0x00001397) auipc   t2, 0x1
core   0: 3 0x0000000080004184 (0x00001397) x7  0x0000000080005184
core   0: 0x0000000080004188 (0xe613ae23) sw      ra, -388(t2)
core   0: 3 0x0000000080004188 (0xe613ae23) mem 0x0000000080005000 0x00000001
core   0: 0x000000008000418c (0xff9ff06f) j       pc - 0x8
core   0: 3 0x000000008000418c (0xff9ff06f)
core   0: 0x0000000080004184 (0x00001397) auipc   t2, 0x1
core   0: 3 0x0000000080004184 (0x00001397) x7  0x0000000080005184
core   0: 0x0000000080004188 (0xe613ae23) sw      ra, -388(t2)
core   0: 3 0x0000000080004188 (0xe613ae23) mem 0x0000000080005000 0x00000001
core   0: 0x000000008000418c (0xff9ff06f) j       pc - 0x8
core   0: 3 0x000000008000418c (0xff9ff06f)
core   0: 0x0000000080004184 (0x00001397) auipc   t2, 0x1
core   0: 3 0x0000000080004184 (0x00001397) x7  0x0000000080005184
core   0: 0x0000000080004188 (0xe613ae23) sw      ra, -388(t2)
core   0: 3 0x0000000080004188 (0xe613ae23) mem 0x0000000080005000 0x00000001
core   0: 0x000000008000418c (0xff9ff06f) j       pc - 0x8
core   0: 3 0x000000008000418c (0xff9ff06f)
core   0: 0x0000000080004184 (0x00001397) auipc   t2, 0x1
core   0: 3 0x0000000080004184 (0x00001397) x7  0x0000000080005184
core   0: 0x0000000080004188 (0xe613ae23) sw      ra, -388(t2)
core   0: 3 0x0000000080004188 (0xe613ae23) mem 0x0000000080005000 0x00000001
core   0: 0x000000008000418c (0xff9ff06f) j       pc - 0x8
core   0: 3 0x000000008000418c (0xff9ff06f)
core   0: 0x0000000080004184 (0x00001397) auipc   t2, 0x1
core   0: 3 0x0000000080004184 (0x00001397) x7  0x0000000080005184
core   0: 0x0000000080004188 (0xe613ae23) sw      ra, -388(t2)
core   0: 3 0x0000000080004188 (0xe613ae23) mem 0x0000000080005000 0x00000001
core   0: 0x000000008000418c (0xff9ff06f) j       pc - 0x8
core   0: 3 0x000000008000418c (0xff9ff06f)
core   0: 0x0000000080004184 (0x00001397) auipc   t2, 0x1
core   0: 3 0x0000000080004184 (0x00001397) x7  0x0000000080005184
core   0: 0x0000000080004188 (0xe613ae23) sw      ra, -388(t2)
core   0: 3 0x0000000080004188 (0xe613ae23) mem 0x0000000080005000 0x00000001
core   0: 0x000000008000418c (0xff9ff06f) j       pc - 0x8
core   0: 3 0x000000008000418c (0xff9ff06f)
core   0: 0x0000000080004184 (0x00001397) auipc   t2, 0x1
core   0: 3 0x0000000080004184 (0x00001397) x7  0x0000000080005184
core   0: 0x0000000080004188 (0xe613ae23) sw      ra, -388(t2)
core   0: 3 0x0000000080004188 (0xe613ae23) mem 0x0000000080005000 0x00000001
core   0: 0x000000008000418c (0xff9ff06f) j       pc - 0x8
core   0: 3 0x000000008000418c (0xff9ff06f)
core   0: 0x0000000080004184 (0x00001397) auipc   t2, 0x1
core   0: 3 0x0000000080004184 (0x00001397) x7  0x0000000080005184
core   0: 0x0000000080004188 (0xe613ae23) sw      ra, -388(t2)
core   0: 3 0x0000000080004188 (0xe613ae23) mem 0x0000000080005000 0x00000001
core   0: 0x000000008000418c (0xff9ff06f) j       pc - 0x8
core   0: 3 0x000000008000418c (0xff9ff06f)
core   0: 0x0000000080004184 (0x00001397) auipc   t2, 0x1
core   0: 3 0x0000000080004184 (0x00001397) x7  0x0000000080005184
core   0: 0x0000000080004188 (0xe613ae23) sw      ra, -388(t2)
core   0: 3 0x0000000080004188 (0xe613ae23) mem 0x0000000080005000 0x00000001
core   0: 0x000000008000418c (0xff9ff06f) j       pc - 0x8
core   0: 3 0x000000008000418c (0xff9ff06f)
core   0: 0x0000000080004184 (0x00001397) auipc   t2, 0x1
core   0: 3 0x0000000080004184 (0x00001397) x7  0x0000000080005184
core   0: 0x0000000080004188 (0xe613ae23) sw      ra, -388(t2)
core   0: 3 0x0000000080004188 (0xe613ae23) mem 0x0000000080005000 0x00000001
core   0: 0x000000008000418c (0xff9ff06f) j       pc - 0x8
core   0: 3 0x000000008000418c (0xff9ff06f)
core   0: 0x0000000080004184 (0x00001397) auipc   t2, 0x1
core   0: 3 0x0000000080004184 (0x00001397) x7  0x0000000080005184
core   0: 0x0000000080004188 (0xe613ae23) sw      ra, -388(t2)
core   0: 3 0x0000000080004188 (0xe613ae23) mem 0x0000000080005000 0x00000001
core   0: 0x000000008000418c (0xff9ff06f) j       pc - 0x8
core   0: 3 0x000000008000418c (0xff9ff06f)
core   0: 0x0000000080004184 (0x00001397) auipc   t2, 0x1
core   0: 3 0x0000000080004184 (0x00001397) x7  0x0000000080005184
core   0: 0x0000000080004188 (0xe613ae23) sw      ra, -388(t2)
core   0: 3 0x0000000080004188 (0xe613ae23) mem 0x0000000080005000 0x00000001
core   0: 0x000000008000418c (0xff9ff06f) j       pc - 0x8
core   0: 3 0x000000008000418c (0xff9ff06f)
core   0: 0x0000000080004184 (0x00001397) auipc   t2, 0x1
core   0: 3 0x0000000080004184 (0x00001397) x7  0x0000000080005184
core   0: 0x0000000080004188 (0xe613ae23) sw      ra, -388(t2)
core   0: 3 0x0000000080004188 (0xe613ae23) mem 0x0000000080005000 0x00000001
core   0: 0x000000008000418c (0xff9ff06f) j       pc - 0x8
core   0: 3 0x000000008000418c (0xff9ff06f)
core   0: 0x0000000080004184 (0x00001397) auipc   t2, 0x1
core   0: 3 0x0000000080004184 (0x00001397) x7  0x0000000080005184
core   0: 0x0000000080004188 (0xe613ae23) sw      ra, -388(t2)
core   0: 3 0x0000000080004188 (0xe613ae23) mem 0x0000000080005000 0x00000001
core   0: 0x000000008000418c (0xff9ff06f) j       pc - 0x8
core   0: 3 0x000000008000418c (0xff9ff06f)
core   0: 0x0000000080004184 (0x00001397) auipc   t2, 0x1
core   0: 3 0x0000000080004184 (0x00001397) x7  0x0000000080005184
core   0: 0x0000000080004188 (0xe613ae23) sw      ra, -388(t2)
core   0: 3 0x0000000080004188 (0xe613ae23) mem 0x0000000080005000 0x00000001
core   0: 0x000000008000418c (0xff9ff06f) j       pc - 0x8
core   0: 3 0x000000008000418c (0xff9ff06f)
core   0: 0x0000000080004184 (0x00001397) auipc   t2, 0x1
core   0: 3 0x0000000080004184 (0x00001397) x7  0x0000000080005184
core   0: 0x0000000080004188 (0xe613ae23) sw      ra, -388(t2)
core   0: 3 0x0000000080004188 (0xe613ae23) mem 0x0000000080005000 0x00000001
core   0: 0x000000008000418c (0xff9ff06f) j       pc - 0x8
core   0: 3 0x000000008000418c (0xff9ff06f)
core   0: 0x0000000080004184 (0x00001397) auipc   t2, 0x1
core   0: 3 0x0000000080004184 (0x00001397) x7  0x0000000080005184
core   0: 0x0000000080004188 (0xe613ae23) sw      ra, -388(t2)
core   0: 3 0x0000000080004188 (0xe613ae23) mem 0x0000000080005000 0x00000001
core   0: 0x000000008000418c (0xff9ff06f) j       pc - 0x8
core   0: 3 0x000000008000418c (0xff9ff06f)
core   0: 0x0000000080004184 (0x00001397) auipc   t2, 0x1
core   0: 3 0x0000000080004184 (0x00001397) x7  0x0000000080005184
core   0: 0x0000000080004188 (0xe613ae23) sw      ra, -388(t2)
core   0: 3 0x0000000080004188 (0xe613ae23) mem 0x0000000080005000 0x00000001
core   0: 0x000000008000418c (0xff9ff06f) j       pc - 0x8
core   0: 3 0x000000008000418c (0xff9ff06f)
core   0: 0x0000000080004184 (0x00001397) auipc   t2, 0x1
core   0: 3 0x0000000080004184 (0x00001397) x7  0x0000000080005184
core   0: 0x0000000080004188 (0xe613ae23) sw      ra, -388(t2)
core   0: 3 0x0000000080004188 (0xe613ae23) mem 0x0000000080005000 0x00000001
core   0: 0x000000008000418c (0xff9ff06f) j       pc - 0x8
core   0: 3 0x000000008000418c (0xff9ff06f)
core   0: 0x0000000080004184 (0x00001397) auipc   t2, 0x1
core   0: 3 0x0000000080004184 (0x00001397) x7  0x0000000080005184
core   0: 0x0000000080004188 (0xe613ae23) sw      ra, -388(t2)
core   0: 3 0x0000000080004188 (0xe613ae23) mem 0x0000000080005000 0x00000001
core   0: 0x000000008000418c (0xff9ff06f) j       pc - 0x8
core   0: 3 0x000000008000418c (0xff9ff06f)
core   0: 0x0000000080004184 (0x00001397) auipc   t2, 0x1
core   0: 3 0x0000000080004184 (0x00001397) x7  0x0000000080005184
core   0: 0x0000000080004188 (0xe613ae23) sw      ra, -388(t2)
core   0: 3 0x0000000080004188 (0xe613ae23) mem 0x0000000080005000 0x00000001
core   0: 0x000000008000418c (0xff9ff06f) j       pc - 0x8
core   0: 3 0x000000008000418c (0xff9ff06f)
core   0: 0x0000000080004184 (0x00001397) auipc   t2, 0x1
core   0: 3 0x0000000080004184 (0x00001397) x7  0x0000000080005184
core   0: 0x0000000080004188 (0xe613ae23) sw      ra, -388(t2)
core   0: 3 0x0000000080004188 (0xe613ae23) mem 0x0000000080005000 0x00000001
core   0: 0x000000008000418c (0xff9ff06f) j       pc - 0x8
core   0: 3 0x000000008000418c (0xff9ff06f)
core   0: 0x0000000080004184 (0x00001397) auipc   t2, 0x1
core   0: 3 0x0000000080004184 (0x00001397) x7  0x0000000080005184
core   0: 0x0000000080004188 (0xe613ae23) sw      ra, -388(t2)
core   0: 3 0x0000000080004188 (0xe613ae23) mem 0x0000000080005000 0x00000001
core   0: 0x000000008000418c (0xff9ff06f) j       pc - 0x8
core   0: 3 0x000000008000418c (0xff9ff06f)
core   0: 0x0000000080004184 (0x00001397) auipc   t2, 0x1
core   0: 3 0x0000000080004184 (0x00001397) x7  0x0000000080005184
core   0: 0x0000000080004188 (0xe613ae23) sw      ra, -388(t2)
core   0: 3 0x0000000080004188 (0xe613ae23) mem 0x0000000080005000 0x00000001
core   0: 0x000000008000418c (0xff9ff06f) j       pc - 0x8
core   0: 3 0x000000008000418c (0xff9ff06f)
core   0: 0x0000000080004184 (0x00001397) auipc   t2, 0x1
core   0: 3 0x0000000080004184 (0x00001397) x7  0x0000000080005184
core   0: 0x0000000080004188 (0xe613ae23) sw      ra, -388(t2)
core   0: 3 0x0000000080004188 (0xe613ae23) mem 0x0000000080005000 0x00000001
core   0: 0x000000008000418c (0xff9ff06f) j       pc - 0x8
core   0: 3 0x000000008000418c (0xff9ff06f)
core   0: 0x0000000080004184 (0x00001397) auipc   t2, 0x1
core   0: 3 0x0000000080004184 (0x00001397) x7  0x0000000080005184
core   0: 0x0000000080004188 (0xe613ae23) sw      ra, -388(t2)
core   0: 3 0x0000000080004188 (0xe613ae23) mem 0x0000000080005000 0x00000001
core   0: 0x000000008000418c (0xff9ff06f) j       pc - 0x8
core   0: 3 0x000000008000418c (0xff9ff06f)
core   0: 0x0000000080004184 (0x00001397) auipc   t2, 0x1
core   0: 3 0x0000000080004184 (0x00001397) x7  0x0000000080005184
core   0: 0x0000000080004188 (0xe613ae23) sw      ra, -388(t2)
core   0: 3 0x0000000080004188 (0xe613ae23) mem 0x0000000080005000 0x00000001
core   0: 0x000000008000418c (0xff9ff06f) j       pc - 0x8
core   0: 3 0x000000008000418c (0xff9ff06f)
core   0: 0x0000000080004184 (0x00001397) auipc   t2, 0x1
core   0: 3 0x0000000080004184 (0x00001397) x7  0x0000000080005184
core   0: 0x0000000080004188 (0xe613ae23) sw      ra, -388(t2)
core   0: 3 0x0000000080004188 (0xe613ae23) mem 0x0000000080005000 0x00000001
core   0: 0x000000008000418c (0xff9ff06f) j       pc - 0x8
core   0: 3 0x000000008000418c (0xff9ff06f)
core   0: 0x0000000080004184 (0x00001397) auipc   t2, 0x1
core   0: 3 0x0000000080004184 (0x00001397) x7  0x0000000080005184
core   0: 0x0000000080004188 (0xe613ae23) sw      ra, -388(t2)
core   0: 3 0x0000000080004188 (0xe613ae23) mem 0x0000000080005000 0x00000001
core   0: 0x000000008000418c (0xff9ff06f) j       pc - 0x8
core   0: 3 0x000000008000418c (0xff9ff06f)
core   0: 0x0000000080004184 (0x00001397) auipc   t2, 0x1
core   0: 3 0x0000000080004184 (0x00001397) x7  0x0000000080005184
core   0: 0x0000000080004188 (0xe613ae23) sw      ra, -388(t2)
core   0: 3 0x0000000080004188 (0xe613ae23) mem 0x0000000080005000 0x00000001
core   0: 0x000000008000418c (0xff9ff06f) j       pc - 0x8
core   0: 3 0x000000008000418c (0xff9ff06f)
core   0: 0x0000000080004184 (0x00001397) auipc   t2, 0x1
core   0: 3 0x0000000080004184 (0x00001397) x7  0x0000000080005184
core   0: 0x0000000080004188 (0xe613ae23) sw      ra, -388(t2)
core   0: 3 0x0000000080004188 (0xe613ae23) mem 0x0000000080005000 0x00000001
core   0: 0x000000008000418c (0xff9ff06f) j       pc - 0x8
core   0: 3 0x000000008000418c (0xff9ff06f)
core   0: 0x0000000080004184 (0x00001397) auipc   t2, 0x1
core   0: 3 0x0000000080004184 (0x00001397) x7  0x0000000080005184
core   0: 0x0000000080004188 (0xe613ae23) sw      ra, -388(t2)
core   0: 3 0x0000000080004188 (0xe613ae23) mem 0x0000000080005000 0x00000001
core   0: 0x000000008000418c (0xff9ff06f) j       pc - 0x8
core   0: 3 0x000000008000418c (0xff9ff06f)
core   0: 0x0000000080004184 (0x00001397) auipc   t2, 0x1
core   0: 3 0x0000000080004184 (0x00001397) x7  0x0000000080005184
core   0: 0x0000000080004188 (0xe613ae23) sw      ra, -388(t2)
core   0: 3 0x0000000080004188 (0xe613ae23) mem 0x0000000080005000 0x00000001
core   0: 0x000000008000418c (0xff9ff06f) j       pc - 0x8
core   0: 3 0x000000008000418c (0xff9ff06f)
core   0: 0x0000000080004184 (0x00001397) auipc   t2, 0x1
core   0: 3 0x0000000080004184 (0x00001397) x7  0x0000000080005184
core   0: 0x0000000080004188 (0xe613ae23) sw      ra, -388(t2)
core   0: 3 0x0000000080004188 (0xe613ae23) mem 0x0000000080005000 0x00000001
core   0: 0x000000008000418c (0xff9ff06f) j       pc - 0x8
core   0: 3 0x000000008000418c (0xff9ff06f)
core   0: 0x0000000080004184 (0x00001397) auipc   t2, 0x1
core   0: 3 0x0000000080004184 (0x00001397) x7  0x0000000080005184
core   0: 0x0000000080004188 (0xe613ae23) sw      ra, -388(t2)
core   0: 3 0x0000000080004188 (0xe613ae23) mem 0x0000000080005000 0x00000001
core   0: 0x000000008000418c (0xff9ff06f) j       pc - 0x8
core   0: 3 0x000000008000418c (0xff9ff06f)
core   0: 0x0000000080004184 (0x00001397) auipc   t2, 0x1
core   0: 3 0x0000000080004184 (0x00001397) x7  0x0000000080005184
core   0: 0x0000000080004188 (0xe613ae23) sw      ra, -388(t2)
core   0: 3 0x0000000080004188 (0xe613ae23) mem 0x0000000080005000 0x00000001
core   0: 0x000000008000418c (0xff9ff06f) j       pc - 0x8
core   0: 3 0x000000008000418c (0xff9ff06f)
core   0: 0x0000000080004184 (0x00001397) auipc   t2, 0x1
core   0: 3 0x0000000080004184 (0x00001397) x7  0x0000000080005184
core   0: 0x0000000080004188 (0xe613ae23) sw      ra, -388(t2)
core   0: 3 0x0000000080004188 (0xe613ae23) mem 0x0000000080005000 0x00000001
core   0: 0x000000008000418c (0xff9ff06f) j       pc - 0x8
core   0: 3 0x000000008000418c (0xff9ff06f)
core   0: 0x0000000080004184 (0x00001397) auipc   t2, 0x1
core   0: 3 0x0000000080004184 (0x00001397) x7  0x0000000080005184
core   0: 0x0000000080004188 (0xe613ae23) sw      ra, -388(t2)
core   0: 3 0x0000000080004188 (0xe613ae23) mem 0x0000000080005000 0x00000001
core   0: 0x000000008000418c (0xff9ff06f) j       pc - 0x8
core   0: 3 0x000000008000418c (0xff9ff06f)
core   0: 0x0000000080004184 (0x00001397) auipc   t2, 0x1
core   0: 3 0x0000000080004184 (0x00001397) x7  0x0000000080005184
core   0: 0x0000000080004188 (0xe613ae23) sw      ra, -388(t2)
core   0: 3 0x0000000080004188 (0xe613ae23) mem 0x0000000080005000 0x00000001
core   0: 0x000000008000418c (0xff9ff06f) j       pc - 0x8
core   0: 3 0x000000008000418c (0xff9ff06f)
core   0: 0x0000000080004184 (0x00001397) auipc   t2, 0x1
core   0: 3 0x0000000080004184 (0x00001397) x7  0x0000000080005184
core   0: 0x0000000080004188 (0xe613ae23) sw      ra, -388(t2)
core   0: 3 0x0000000080004188 (0xe613ae23) mem 0x0000000080005000 0x00000001
core   0: 0x000000008000418c (0xff9ff06f) j       pc - 0x8
core   0: 3 0x000000008000418c (0xff9ff06f)
core   0: 0x0000000080004184 (0x00001397) auipc   t2, 0x1
core   0: 3 0x0000000080004184 (0x00001397) x7  0x0000000080005184
core   0: 0x0000000080004188 (0xe613ae23) sw      ra, -388(t2)
core   0: 3 0x0000000080004188 (0xe613ae23) mem 0x0000000080005000 0x00000001
core   0: 0x000000008000418c (0xff9ff06f) j       pc - 0x8
core   0: 3 0x000000008000418c (0xff9ff06f)
core   0: 0x0000000080004184 (0x00001397) auipc   t2, 0x1
core   0: 3 0x0000000080004184 (0x00001397) x7  0x0000000080005184
core   0: 0x0000000080004188 (0xe613ae23) sw      ra, -388(t2)
core   0: 3 0x0000000080004188 (0xe613ae23) mem 0x0000000080005000 0x00000001
core   0: 0x000000008000418c (0xff9ff06f) j       pc - 0x8
core   0: 3 0x000000008000418c (0xff9ff06f)
core   0: 0x0000000080004184 (0x00001397) auipc   t2, 0x1
core   0: 3 0x0000000080004184 (0x00001397) x7  0x0000000080005184
core   0: 0x0000000080004188 (0xe613ae23) sw      ra, -388(t2)
core   0: 3 0x0000000080004188 (0xe613ae23) mem 0x0000000080005000 0x00000001
core   0: 0x000000008000418c (0xff9ff06f) j       pc - 0x8
core   0: 3 0x000000008000418c (0xff9ff06f)
core   0: 0x0000000080004184 (0x00001397) auipc   t2, 0x1
core   0: 3 0x0000000080004184 (0x00001397) x7  0x0000000080005184
core   0: 0x0000000080004188 (0xe613ae23) sw      ra, -388(t2)
core   0: 3 0x0000000080004188 (0xe613ae23) mem 0x0000000080005000 0x00000001
core   0: 0x000000008000418c (0xff9ff06f) j       pc - 0x8
core   0: 3 0x000000008000418c (0xff9ff06f)
core   0: 0x0000000080004184 (0x00001397) auipc   t2, 0x1
core   0: 3 0x0000000080004184 (0x00001397) x7  0x0000000080005184
core   0: 0x0000000080004188 (0xe613ae23) sw      ra, -388(t2)
core   0: 3 0x0000000080004188 (0xe613ae23) mem 0x0000000080005000 0x00000001
core   0: 0x000000008000418c (0xff9ff06f) j       pc - 0x8
core   0: 3 0x000000008000418c (0xff9ff06f)
core   0: 0x0000000080004184 (0x00001397) auipc   t2, 0x1
core   0: 3 0x0000000080004184 (0x00001397) x7  0x0000000080005184
core   0: 0x0000000080004188 (0xe613ae23) sw      ra, -388(t2)
core   0: 3 0x0000000080004188 (0xe613ae23) mem 0x0000000080005000 0x00000001
core   0: 0x000000008000418c (0xff9ff06f) j       pc - 0x8
core   0: 3 0x000000008000418c (0xff9ff06f)
core   0: 0x0000000080004184 (0x00001397) auipc   t2, 0x1
core   0: 3 0x0000000080004184 (0x00001397) x7  0x0000000080005184
core   0: 0x0000000080004188 (0xe613ae23) sw      ra, -388(t2)
core   0: 3 0x0000000080004188 (0xe613ae23) mem 0x0000000080005000 0x00000001
