core   0: 0x0000000000001000 (0x00000297) auipc   t0, 0x0
core   0: 3 0x0000000000001000 (0x00000297) x5  0x0000000000001000
core   0: 0x0000000000001004 (0x02028593) addi    a1, t0, 32
core   0: 3 0x0000000000001004 (0x02028593) x11 0x0000000000001020
core   0: 0x0000000000001008 (0xf1402573) csrr    a0, mhartid
core   0: 3 0x0000000000001008 (0xf1402573) x10 0x0000000000000000
core   0: 0x000000000000100c (0x0182b283) ld      t0, 24(t0)
core   0: 3 0x000000000000100c (0x0182b283) x5  0x0000000080000000 mem 0x0000000000001018
core   0: 0x0000000000001010 (0x00028067) jr      t0
core   0: 3 0x0000000000001010 (0x00028067)
core   0: >>>>  $xrv64i2p1_f2p2_d2p2_c2p0_zicsr2p0
core   0: 0x0000000080000000 (0x7d5c0837) lui     a6, 0x7d5c0
core   0: 3 0x0000000080000000 (0x7d5c0837) x16 0x000000007d5c0000
core   0: 0x0000000080000004 (0xddb80813) addi    a6, a6, -549
core   0: 3 0x0000000080000004 (0xddb80813) x16 0x000000007d5bfddb
core   0: 0x0000000080000008 (0x00b81813) slli    a6, a6, 11
core   0: 3 0x0000000080000008 (0x00b81813) x16 0x000003eadfeed800
core   0: 0x000000008000000c (0x3ea80813) addi    a6, a6, 1002
core   0: 3 0x000000008000000c (0x3ea80813) x16 0x000003eadfeedbea
core   0: 0x0000000080000010 (0x00b81813) slli    a6, a6, 11
core   0: 3 0x0000000080000010 (0x00b81813) x16 0x001f56ff76df5000
core   0: 0x0000000080000014 (0x6ff80813) addi    a6, a6, 1791
core   0: 3 0x0000000080000014 (0x6ff80813) x16 0x001f56ff76df56ff
core   0: 0x0000000080000018 (0x00a81813) slli    a6, a6, 10
core   0: 3 0x0000000080000018 (0x00a81813) x16 0x7d5bfddb7d5bfc00
core   0: 0x000000008000001c (0x1db80813) addi    a6, a6, 475
core   0: 3 0x000000008000001c (0x1db80813) x16 0x7d5bfddb7d5bfddb
core   0: 0x0000000080000020 (0x00785893) srli    a7, a6, 7
core   0: 3 0x0000000080000020 (0x00785893) x17 0x00fab7fbb6fab7fb
core   0: 0x0000000080000024 (0x03985793) srli    a5, a6, 57
core   0: 3 0x0000000080000024 (0x03985793) x15 0x000000000000003e
core   0: 0x0000000080000028 (0x00f8e8b3) or      a7, a7, a5
core   0: 3 0x0000000080000028 (0x00f8e8b3) x17 0x00fab7fbb6fab7ff
core   0: 0x000000008000002c (0x0078d913) srli    s2, a7, 7
core   0: 3 0x000000008000002c (0x0078d913) x18 0x0001f56ff76df56f
core   0: 0x0000000080000030 (0x0398d793) srli    a5, a7, 57
core   0: 3 0x0000000080000030 (0x0398d793) x15 0x0000000000000000
core   0: 0x0000000080000034 (0x00f96933) or      s2, s2, a5
core   0: 3 0x0000000080000034 (0x00f96933) x18 0x0001f56ff76df56f
core   0: 0x0000000080000038 (0x00795993) srli    s3, s2, 7
core   0: 3 0x0000000080000038 (0x00795993) x19 0x000003eadfeedbea
core   0: 0x000000008000003c (0x03995793) srli    a5, s2, 57
core   0: 3 0x000000008000003c (0x03995793) x15 0x0000000000000000
core   0: 0x0000000080000040 (0x00f9e9b3) or      s3, s3, a5
core   0: 3 0x0000000080000040 (0x00f9e9b3) x19 0x000003eadfeedbea
core   0: 0x0000000080000044 (0x0079da13) srli    s4, s3, 7
core   0: 3 0x0000000080000044 (0x0079da13) x20 0x00000007d5bfddb7
core   0: 0x0000000080000048 (0x0399d793) srli    a5, s3, 57
core   0: 3 0x0000000080000048 (0x0399d793) x15 0x0000000000000000
core   0: 0x000000008000004c (0x00fa6a33) or      s4, s4, a5
core   0: 3 0x000000008000004c (0x00fa6a33) x20 0x00000007d5bfddb7
core   0: 0x0000000080000050 (0x007a5a93) srli    s5, s4, 7
core   0: 3 0x0000000080000050 (0x007a5a93) x21 0x000000000fab7fbb
core   0: 0x0000000080000054 (0x039a5793) srli    a5, s4, 57
core   0: 3 0x0000000080000054 (0x039a5793) x15 0x0000000000000000
core   0: 0x0000000080000058 (0x00faeab3) or      s5, s5, a5
core   0: 3 0x0000000080000058 (0x00faeab3) x21 0x000000000fab7fbb
core   0: 0x000000008000005c (0x007adb13) srli    s6, s5, 7
core   0: 3 0x000000008000005c (0x007adb13) x22 0x00000000001f56ff
core   0: 0x0000000080000060 (0x039ad793) srli    a5, s5, 57
core   0: 3 0x0000000080000060 (0x039ad793) x15 0x0000000000000000
core   0: 0x0000000080000064 (0x00fb6b33) or      s6, s6, a5
core   0: 3 0x0000000080000064 (0x00fb6b33) x22 0x00000000001f56ff
core   0: 0x0000000080000068 (0x007b5b93) srli    s7, s6, 7
core   0: 3 0x0000000080000068 (0x007b5b93) x23 0x0000000000003ead
core   0: 0x000000008000006c (0x039b5793) srli    a5, s6, 57
core   0: 3 0x000000008000006c (0x039b5793) x15 0x0000000000000000
core   0: 0x0000000080000070 (0x00fbebb3) or      s7, s7, a5
core   0: 3 0x0000000080000070 (0x00fbebb3) x23 0x0000000000003ead
core   0: 0x0000000080000074 (0x007bdc13) srli    s8, s7, 7
core   0: 3 0x0000000080000074 (0x007bdc13) x24 0x000000000000007d
core   0: 0x0000000080000078 (0x039bd793) srli    a5, s7, 57
core   0: 3 0x0000000080000078 (0x039bd793) x15 0x0000000000000000
core   0: 0x000000008000007c (0x00fc6c33) or      s8, s8, a5
core   0: 3 0x000000008000007c (0x00fc6c33) x24 0x000000000000007d
core   0: 0x0000000080000080 (0x007c5c93) srli    s9, s8, 7
core   0: 3 0x0000000080000080 (0x007c5c93) x25 0x0000000000000000
core   0: 0x0000000080000084 (0x039c5793) srli    a5, s8, 57
core   0: 3 0x0000000080000084 (0x039c5793) x15 0x0000000000000000
core   0: 0x0000000080000088 (0x00fcecb3) or      s9, s9, a5
core   0: 3 0x0000000080000088 (0x00fcecb3) x25 0x0000000000000000
core   0: 0x000000008000008c (0x007cdd13) srli    s10, s9, 7
core   0: 3 0x000000008000008c (0x007cdd13) x26 0x0000000000000000
core   0: 0x0000000080000090 (0x039cd793) srli    a5, s9, 57
core   0: 3 0x0000000080000090 (0x039cd793) x15 0x0000000000000000
core   0: 0x0000000080000094 (0x00fd6d33) or      s10, s10, a5
core   0: 3 0x0000000080000094 (0x00fd6d33) x26 0x0000000000000000
core   0: 0x0000000080000098 (0x007d5d93) srli    s11, s10, 7
core   0: 3 0x0000000080000098 (0x007d5d93) x27 0x0000000000000000
core   0: 0x000000008000009c (0x039d5793) srli    a5, s10, 57
core   0: 3 0x000000008000009c (0x039d5793) x15 0x0000000000000000
core   0: 0x00000000800000a0 (0x00fdedb3) or      s11, s11, a5
core   0: 3 0x00000000800000a0 (0x00fdedb3) x27 0x0000000000000000
core   0: 0x00000000800000a4 (0x007dde13) srli    t3, s11, 7
core   0: 3 0x00000000800000a4 (0x007dde13) x28 0x0000000000000000
core   0: 0x00000000800000a8 (0x039dd793) srli    a5, s11, 57
core   0: 3 0x00000000800000a8 (0x039dd793) x15 0x0000000000000000
core   0: 0x00000000800000ac (0x00fe6e33) or      t3, t3, a5
core   0: 3 0x00000000800000ac (0x00fe6e33) x28 0x0000000000000000
core   0: 0x00000000800000b0 (0x007e5e93) srli    t4, t3, 7
core   0: 3 0x00000000800000b0 (0x007e5e93) x29 0x0000000000000000
core   0: 0x00000000800000b4 (0x039e5793) srli    a5, t3, 57
core   0: 3 0x00000000800000b4 (0x039e5793) x15 0x0000000000000000
core   0: 0x00000000800000b8 (0x00feeeb3) or      t4, t4, a5
core   0: 3 0x00000000800000b8 (0x00feeeb3) x29 0x0000000000000000
core   0: 0x00000000800000bc (0x007edf13) srli    t5, t4, 7
core   0: 3 0x00000000800000bc (0x007edf13) x30 0x0000000000000000
core   0: 0x00000000800000c0 (0x039ed793) srli    a5, t4, 57
core   0: 3 0x00000000800000c0 (0x039ed793) x15 0x0000000000000000
core   0: 0x00000000800000c4 (0x00ff6f33) or      t5, t5, a5
core   0: 3 0x00000000800000c4 (0x00ff6f33) x30 0x0000000000000000
core   0: 0x00000000800000c8 (0xfeedc0b7) lui     ra, 0xfeedc
core   0: 3 0x00000000800000c8 (0xfeedc0b7) x1  0xfffffffffeedc000
core   0: 0x00000000800000cc (0xead08093) addi    ra, ra, -339
core   0: 3 0x00000000800000cc (0xead08093) x1  0xfffffffffeedbead
core   0: 0x00000000800000d0 (0x00b09093) slli    ra, ra, 11
core   0: 3 0x00000000800000d0 (0x00b09093) x1  0xfffffff76df56800
core   0: 0x00000000800000d4 (0x7f708093) addi    ra, ra, 2039
core   0: 3 0x00000000800000d4 (0x7f708093) x1  0xfffffff76df56ff7
core   0: 0x00000000800000d8 (0x00b09093) slli    ra, ra, 11
core   0: 3 0x00000000800000d8 (0x00b09093) x1  0xffffbb6fab7fb800
core   0: 0x00000000800000dc (0x36f08093) addi    ra, ra, 879
core   0: 3 0x00000000800000dc (0x36f08093) x1  0xffffbb6fab7fbb6f
core   0: 0x00000000800000e0 (0x00a09093) slli    ra, ra, 10
core   0: 3 0x00000000800000e0 (0x00a09093) x1  0xfeedbeadfeedbc00
core   0: 0x00000000800000e4 (0x2ad08093) addi    ra, ra, 685
core   0: 3 0x00000000800000e4 (0x2ad08093) x1  0xfeedbeadfeedbead
core   0: 0x00000000800000e8 (0x0070d113) srli    sp, ra, 7
core   0: 3 0x00000000800000e8 (0x0070d113) x2  0x01fddb7d5bfddb7d
core   0: 0x00000000800000ec (0x0390d793) srli    a5, ra, 57
core   0: 3 0x00000000800000ec (0x0390d793) x15 0x000000000000007f
core   0: 0x00000000800000f0 (0x00f16133) or      sp, sp, a5
core   0: 3 0x00000000800000f0 (0x00f16133) x2  0x01fddb7d5bfddb7f
core   0: 0x00000000800000f4 (0x00715193) srli    gp, sp, 7
core   0: 3 0x00000000800000f4 (0x00715193) x3  0x0003fbb6fab7fbb6
core   0: 0x00000000800000f8 (0x03915793) srli    a5, sp, 57
core   0: 3 0x00000000800000f8 (0x03915793) x15 0x0000000000000000
core   0: 0x00000000800000fc (0x00f1e1b3) or      gp, gp, a5
core   0: 3 0x00000000800000fc (0x00f1e1b3) x3  0x0003fbb6fab7fbb6
core   0: 0x0000000080000100 (0x0071d213) srli    tp, gp, 7
core   0: 3 0x0000000080000100 (0x0071d213) x4  0x000007f76df56ff7
core   0: 0x0000000080000104 (0x0391d793) srli    a5, gp, 57
core   0: 3 0x0000000080000104 (0x0391d793) x15 0x0000000000000000
core   0: 0x0000000080000108 (0x00f26233) or      tp, tp, a5
core   0: 3 0x0000000080000108 (0x00f26233) x4  0x000007f76df56ff7
core   0: 0x000000008000010c (0x00725293) srli    t0, tp, 7
core   0: 3 0x000000008000010c (0x00725293) x5  0x0000000feedbeadf
core   0: 0x0000000080000110 (0x03925793) srli    a5, tp, 57
core   0: 3 0x0000000080000110 (0x03925793) x15 0x0000000000000000
core   0: 0x0000000080000114 (0x00f2e2b3) or      t0, t0, a5
core   0: 3 0x0000000080000114 (0x00f2e2b3) x5  0x0000000feedbeadf
core   0: 0x0000000080000118 (0x0072d313) srli    t1, t0, 7
core   0: 3 0x0000000080000118 (0x0072d313) x6  0x000000001fddb7d5
core   0: 0x000000008000011c (0x0392d793) srli    a5, t0, 57
core   0: 3 0x000000008000011c (0x0392d793) x15 0x0000000000000000
core   0: 0x0000000080000120 (0x00f36333) or      t1, t1, a5
core   0: 3 0x0000000080000120 (0x00f36333) x6  0x000000001fddb7d5
core   0: 0x0000000080000124 (0x00735393) srli    t2, t1, 7
core   0: 3 0x0000000080000124 (0x00735393) x7  0x00000000003fbb6f
core   0: 0x0000000080000128 (0x03935793) srli    a5, t1, 57
core   0: 3 0x0000000080000128 (0x03935793) x15 0x0000000000000000
core   0: 0x000000008000012c (0x00f3e3b3) or      t2, t2, a5
core   0: 3 0x000000008000012c (0x00f3e3b3) x7  0x00000000003fbb6f
core   0: 0x0000000080000130 (0x0073d413) srli    s0, t2, 7
core   0: 3 0x0000000080000130 (0x0073d413) x8  0x0000000000007f76
core   0: 0x0000000080000134 (0x0393d793) srli    a5, t2, 57
core   0: 3 0x0000000080000134 (0x0393d793) x15 0x0000000000000000
core   0: 0x0000000080000138 (0x00f46433) or      s0, s0, a5
core   0: 3 0x0000000080000138 (0x00f46433) x8  0x0000000000007f76
core   0: 0x000000008000013c (0x00745493) srli    s1, s0, 7
core   0: 3 0x000000008000013c (0x00745493) x9  0x00000000000000fe
core   0: 0x0000000080000140 (0x03945793) srli    a5, s0, 57
core   0: 3 0x0000000080000140 (0x03945793) x15 0x0000000000000000
core   0: 0x0000000080000144 (0x00f4e4b3) or      s1, s1, a5
core   0: 3 0x0000000080000144 (0x00f4e4b3) x9  0x00000000000000fe
core   0: 0x0000000080000148 (0x0074d513) srli    a0, s1, 7
core   0: 3 0x0000000080000148 (0x0074d513) x10 0x0000000000000001
core   0: 0x000000008000014c (0x0394d793) srli    a5, s1, 57
core   0: 3 0x000000008000014c (0x0394d793) x15 0x0000000000000000
core   0: 0x0000000080000150 (0x00f56533) or      a0, a0, a5
core   0: 3 0x0000000080000150 (0x00f56533) x10 0x0000000000000001
core   0: 0x0000000080000154 (0x00755593) srli    a1, a0, 7
core   0: 3 0x0000000080000154 (0x00755593) x11 0x0000000000000000
core   0: 0x0000000080000158 (0x03955793) srli    a5, a0, 57
core   0: 3 0x0000000080000158 (0x03955793) x15 0x0000000000000000
core   0: 0x000000008000015c (0x00f5e5b3) or      a1, a1, a5
core   0: 3 0x000000008000015c (0x00f5e5b3) x11 0x0000000000000000
core   0: 0x0000000080000160 (0x0075d613) srli    a2, a1, 7
core   0: 3 0x0000000080000160 (0x0075d613) x12 0x0000000000000000
core   0: 0x0000000080000164 (0x0395d793) srli    a5, a1, 57
core   0: 3 0x0000000080000164 (0x0395d793) x15 0x0000000000000000
core   0: 0x0000000080000168 (0x00f66633) or      a2, a2, a5
core   0: 3 0x0000000080000168 (0x00f66633) x12 0x0000000000000000
core   0: 0x000000008000016c (0x00765693) srli    a3, a2, 7
core   0: 3 0x000000008000016c (0x00765693) x13 0x0000000000000000
core   0: 0x0000000080000170 (0x03965793) srli    a5, a2, 57
core   0: 3 0x0000000080000170 (0x03965793) x15 0x0000000000000000
core   0: 0x0000000080000174 (0x00f6e6b3) or      a3, a3, a5
core   0: 3 0x0000000080000174 (0x00f6e6b3) x13 0x0000000000000000
core   0: >>>>  rvtest_code_begin
core   0: 0x0000000080000178 (0x00100513) li      a0, 1
core   0: 3 0x0000000080000178 (0x00100513) x10 0x0000000000000001
core   0: 0x000000008000017c (0x00d51513) slli    a0, a0, 13
core   0: 3 0x000000008000017c (0x00d51513) x10 0x0000000000002000
core   0: 0x0000000080000180 (0x30052073) csrs    mstatus, a0
core   0: 3 0x0000000080000180 (0x30052073) c768_mstatus 0x0000000a00002000
core   0: 0x0000000080000184 (0x00305073) csrwi   fcsr, 0
core   0: 3 0x0000000080000184 (0x00305073) c1_fflags 0x0000000000000000 c2_frm 0x0000000000000000 c768_mstatus 0x8000000a00006000
core   0: 0x0000000080000188 (0x00000013) nop
core   0: 3 0x0000000080000188 (0x00000013)
core   0: 0x000000008000018c (0x00000013) nop
core   0: 3 0x000000008000018c (0x00000013)
core   0: 0x0000000080000190 (0x00000013) nop
core   0: 3 0x0000000080000190 (0x00000013)
core   0: 0x0000000080000194 (0x00000013) nop
core   0: 3 0x0000000080000194 (0x00000013)
core   0: 0x0000000080000198 (0x00000013) nop
core   0: 3 0x0000000080000198 (0x00000013)
core   0: 0x000000008000019c (0x00000013) nop
core   0: 3 0x000000008000019c (0x00000013)
core   0: 0x00000000800001a0 (0x0000a317) auipc   t1, 0xa
core   0: 3 0x00000000800001a0 (0x0000a317) x6  0x000000008000a1a0
core   0: 0x00000000800001a4 (0xe7030313) addi    t1, t1, -400
core   0: 3 0x00000000800001a4 (0xe7030313) x6  0x000000008000a010
core   0: 0x00000000800001a8 (0x00000013) nop
core   0: 3 0x00000000800001a8 (0x00000013)
core   0: 0x00000000800001ac (0x00000013) nop
core   0: 3 0x00000000800001ac (0x00000013)
core   0: 0x00000000800001b0 (0x00000013) nop
core   0: 3 0x00000000800001b0 (0x00000013)
core   0: 0x00000000800001b4 (0x00000013) nop
core   0: 3 0x00000000800001b4 (0x00000013)
core   0: 0x00000000800001b8 (0x00000013) nop
core   0: 3 0x00000000800001b8 (0x00000013)
core   0: 0x00000000800001bc (0x00000013) nop
core   0: 3 0x00000000800001bc (0x00000013)
core   0: 0x00000000800001c0 (0x0000f197) auipc   gp, 0xf
core   0: 3 0x00000000800001c0 (0x0000f197) x3  0x000000008000f1c0
core   0: 0x00000000800001c4 (0xf5818193) addi    gp, gp, -168
core   0: 3 0x00000000800001c4 (0xf5818193) x3  0x000000008000f118
core   0: 0x00000000800001c8 (0x00000013) nop
core   0: 3 0x00000000800001c8 (0x00000013)
core   0: 0x00000000800001cc (0x00000013) nop
core   0: 3 0x00000000800001cc (0x00000013)
core   0: 0x00000000800001d0 (0x00000013) nop
core   0: 3 0x00000000800001d0 (0x00000013)
core   0: 0x00000000800001d4 (0x00000013) nop
core   0: 3 0x00000000800001d4 (0x00000013)
core   0: 0x00000000800001d8 (0x00000013) nop
core   0: 3 0x00000000800001d8 (0x00000013)
core   0: 0x00000000800001dc (0x00000013) nop
core   0: 3 0x00000000800001dc (0x00000013)
core   0: >>>>  inst_0
core   0: 0x00000000800001e0 (0x00033007) fld     ft0, 0(t1)
core   0: 3 0x00000000800001e0 (0x00033007) f0  0x0000000000000000 mem 0x000000008000a010
core   0: 0x00000000800001e4 (0x00833507) fld     fa0, 8(t1)
core   0: 3 0x00000000800001e4 (0x00833507) f10 0x0000000000000000 mem 0x000000008000a018
core   0: 0x00000000800001e8 (0x00000693) li      a3, 0
core   0: 3 0x00000000800001e8 (0x00000693) x13 0x0000000000000000
core   0: 0x00000000800001ec (0x00369073) csrw    fcsr, a3
core   0: 3 0x00000000800001ec (0x00369073) c1_fflags 0x0000000000000000 c2_frm 0x0000000000000000
core   0: 0x00000000800001f0 (0xa2a01b53) flt.d   s6, ft0, fa0
core   0: 3 0x00000000800001f0 (0xa2a01b53) x22 0x0000000000000000
core   0: 0x00000000800001f4 (0x00302873) csrr    a6, fcsr
core   0: 3 0x00000000800001f4 (0x00302873) x16 0x0000000000000000
core   0: 0x00000000800001f8 (0x0161b023) sd      s6, 0(gp)
core   0: 3 0x00000000800001f8 (0x0161b023) mem 0x000000008000f118 0x0000000000000000
core   0: 0x00000000800001fc (0x0101b423) sd      a6, 8(gp)
core   0: 3 0x00000000800001fc (0x0101b423) mem 0x000000008000f120 0x0000000000000000
core   0: >>>>  inst_1
core   0: 0x0000000080000200 (0x01033887) fld     fa7, 16(t1)
core   0: 3 0x0000000080000200 (0x01033887) f17 0x0000000000000000 mem 0x000000008000a020
core   0: 0x0000000080000204 (0x01833887) fld     fa7, 24(t1)
core   0: 3 0x0000000080000204 (0x01833887) f17 0x0000000000000000 mem 0x000000008000a028
core   0: 0x0000000080000208 (0x00000693) li      a3, 0
core   0: 3 0x0000000080000208 (0x00000693) x13 0x0000000000000000
core   0: 0x000000008000020c (0x00369073) csrw    fcsr, a3
core   0: 3 0x000000008000020c (0x00369073) c1_fflags 0x0000000000000000 c2_frm 0x0000000000000000
core   0: 0x0000000080000210 (0xa3189653) flt.d   a2, fa7, fa7
core   0: 3 0x0000000080000210 (0xa3189653) x12 0x0000000000000000
core   0: 0x0000000080000214 (0x00302873) csrr    a6, fcsr
core   0: 3 0x0000000080000214 (0x00302873) x16 0x0000000000000000
core   0: 0x0000000080000218 (0x00c1b823) sd      a2, 16(gp)
core   0: 3 0x0000000080000218 (0x00c1b823) mem 0x000000008000f128 0x0000000000000000
core   0: 0x000000008000021c (0x0101bc23) sd      a6, 24(gp)
core   0: 3 0x000000008000021c (0x0101bc23) mem 0x000000008000f130 0x0000000000000000
core   0: >>>>  inst_2
core   0: 0x0000000080000220 (0x02033207) fld     ft4, 32(t1)
core   0: 3 0x0000000080000220 (0x02033207) f4  0x0000000000000000 mem 0x000000008000a030
core   0: 0x0000000080000224 (0x02833187) fld     ft3, 40(t1)
core   0: 3 0x0000000080000224 (0x02833187) f3  0x0000000000000002 mem 0x000000008000a038
core   0: 0x0000000080000228 (0x00000693) li      a3, 0
core   0: 3 0x0000000080000228 (0x00000693) x13 0x0000000000000000
core   0: 0x000000008000022c (0x00369073) csrw    fcsr, a3
core   0: 3 0x000000008000022c (0x00369073) c1_fflags 0x0000000000000000 c2_frm 0x0000000000000000
core   0: 0x0000000080000230 (0xa23212d3) flt.d   t0, ft4, ft3
core   0: 3 0x0000000080000230 (0xa23212d3) x5  0x0000000000000001
core   0: 0x0000000080000234 (0x00302873) csrr    a6, fcsr
core   0: 3 0x0000000080000234 (0x00302873) x16 0x0000000000000000
core   0: 0x0000000080000238 (0x0251b023) sd      t0, 32(gp)
core   0: 3 0x0000000080000238 (0x0251b023) mem 0x000000008000f138 0x0000000000000001
core   0: 0x000000008000023c (0x0301b423) sd      a6, 40(gp)
core   0: 3 0x000000008000023c (0x0301b423) mem 0x000000008000f140 0x0000000000000000
core   0: >>>>  inst_3
core   0: 0x0000000080000240 (0x03033407) fld     fs0, 48(t1)
core   0: 3 0x0000000080000240 (0x03033407) f8  0x0000000000000000 mem 0x000000008000a040
core   0: 0x0000000080000244 (0x03833b07) fld     fs6, 56(t1)
core   0: 3 0x0000000080000244 (0x03833b07) f22 0x000fffffffffffff mem 0x000000008000a048
core   0: 0x0000000080000248 (0x00000693) li      a3, 0
core   0: 3 0x0000000080000248 (0x00000693) x13 0x0000000000000000
core   0: 0x000000008000024c (0x00369073) csrw    fcsr, a3
core   0: 3 0x000000008000024c (0x00369073) c1_fflags 0x0000000000000000 c2_frm 0x0000000000000000
core   0: 0x0000000080000250 (0xa3641dd3) flt.d   s11, fs0, fs6
core   0: 3 0x0000000080000250 (0xa3641dd3) x27 0x0000000000000001
core   0: 0x0000000080000254 (0x00302873) csrr    a6, fcsr
core   0: 3 0x0000000080000254 (0x00302873) x16 0x0000000000000000
core   0: 0x0000000080000258 (0x03b1b823) sd      s11, 48(gp)
core   0: 3 0x0000000080000258 (0x03b1b823) mem 0x000000008000f148 0x0000000000000001
core   0: 0x000000008000025c (0x0301bc23) sd      a6, 56(gp)
core   0: 3 0x000000008000025c (0x0301bc23) mem 0x000000008000f150 0x0000000000000000
core   0: >>>>  inst_4
core   0: 0x0000000080000260 (0x04033e07) fld     ft8, 64(t1)
core   0: 3 0x0000000080000260 (0x04033e07) f28 0x0000000000000000 mem 0x000000008000a050
core   0: 0x0000000080000264 (0x04833b87) fld     fs7, 72(t1)
core   0: 3 0x0000000080000264 (0x04833b87) f23 0x0010000000000000 mem 0x000000008000a058
core   0: 0x0000000080000268 (0x00000693) li      a3, 0
core   0: 3 0x0000000080000268 (0x00000693) x13 0x0000000000000000
core   0: 0x000000008000026c (0x00369073) csrw    fcsr, a3
core   0: 3 0x000000008000026c (0x00369073) c1_fflags 0x0000000000000000 c2_frm 0x0000000000000000
core   0: 0x0000000080000270 (0xa37e1753) flt.d   a4, ft8, fs7
core   0: 3 0x0000000080000270 (0xa37e1753) x14 0x0000000000000001
core   0: 0x0000000080000274 (0x00302873) csrr    a6, fcsr
core   0: 3 0x0000000080000274 (0x00302873) x16 0x0000000000000000
core   0: 0x0000000080000278 (0x04e1b023) sd      a4, 64(gp)
core   0: 3 0x0000000080000278 (0x04e1b023) mem 0x000000008000f158 0x0000000000000001
core   0: 0x000000008000027c (0x0501b423) sd      a6, 72(gp)
core   0: 3 0x000000008000027c (0x0501b423) mem 0x000000008000f160 0x0000000000000000
core   0: >>>>  inst_5
core   0: 0x0000000080000280 (0x05033807) fld     fa6, 80(t1)
core   0: 3 0x0000000080000280 (0x05033807) f16 0x0000000000000000 mem 0x000000008000a060
core   0: 0x0000000080000284 (0x05833607) fld     fa2, 88(t1)
core   0: 3 0x0000000080000284 (0x05833607) f12 0x0010000000000002 mem 0x000000008000a068
core   0: 0x0000000080000288 (0x00000693) li      a3, 0
core   0: 3 0x0000000080000288 (0x00000693) x13 0x0000000000000000
core   0: 0x000000008000028c (0x00369073) csrw    fcsr, a3
core   0: 3 0x000000008000028c (0x00369073) c1_fflags 0x0000000000000000 c2_frm 0x0000000000000000
core   0: 0x0000000080000290 (0xa2c81153) flt.d   sp, fa6, fa2
core   0: 3 0x0000000080000290 (0xa2c81153) x2  0x0000000000000001
core   0: 0x0000000080000294 (0x00302873) csrr    a6, fcsr
core   0: 3 0x0000000080000294 (0x00302873) x16 0x0000000000000000
core   0: 0x0000000080000298 (0x0421b823) sd      sp, 80(gp)
core   0: 3 0x0000000080000298 (0x0421b823) mem 0x000000008000f168 0x0000000000000001
core   0: 0x000000008000029c (0x0501bc23) sd      a6, 88(gp)
core   0: 3 0x000000008000029c (0x0501bc23) mem 0x000000008000f170 0x0000000000000000
core   0: >>>>  inst_6
core   0: 0x00000000800002a0 (0x06033987) fld     fs3, 96(t1)
core   0: 3 0x00000000800002a0 (0x06033987) f19 0x0000000000000000 mem 0x000000008000a070
core   0: 0x00000000800002a4 (0x06833807) fld     fa6, 104(t1)
core   0: 3 0x00000000800002a4 (0x06833807) f16 0x3ff0000000000000 mem 0x000000008000a078
core   0: 0x00000000800002a8 (0x00000693) li      a3, 0
core   0: 3 0x00000000800002a8 (0x00000693) x13 0x0000000000000000
core   0: 0x00000000800002ac (0x00369073) csrw    fcsr, a3
core   0: 3 0x00000000800002ac (0x00369073) c1_fflags 0x0000000000000000 c2_frm 0x0000000000000000
core   0: 0x00000000800002b0 (0xa30995d3) flt.d   a1, fs3, fa6
core   0: 3 0x00000000800002b0 (0xa30995d3) x11 0x0000000000000001
core   0: 0x00000000800002b4 (0x00302873) csrr    a6, fcsr
core   0: 3 0x00000000800002b4 (0x00302873) x16 0x0000000000000000
core   0: 0x00000000800002b8 (0x06b1b023) sd      a1, 96(gp)
core   0: 3 0x00000000800002b8 (0x06b1b023) mem 0x000000008000f178 0x0000000000000001
core   0: 0x00000000800002bc (0x0701b423) sd      a6, 104(gp)
core   0: 3 0x00000000800002bc (0x0701b423) mem 0x000000008000f180 0x0000000000000000
core   0: >>>>  inst_7
core   0: 0x00000000800002c0 (0x07033b07) fld     fs6, 112(t1)
core   0: 3 0x00000000800002c0 (0x07033b07) f22 0x0000000000000000 mem 0x000000008000a080
core   0: 0x00000000800002c4 (0x07833987) fld     fs3, 120(t1)
core   0: 3 0x00000000800002c4 (0x07833987) f19 0x7fefffffffffffff mem 0x000000008000a088
core   0: 0x00000000800002c8 (0x00000693) li      a3, 0
core   0: 3 0x00000000800002c8 (0x00000693) x13 0x0000000000000000
core   0: 0x00000000800002cc (0x00369073) csrw    fcsr, a3
core   0: 3 0x00000000800002cc (0x00369073) c1_fflags 0x0000000000000000 c2_frm 0x0000000000000000
core   0: 0x00000000800002d0 (0xa33b1f53) flt.d   t5, fs6, fs3
core   0: 3 0x00000000800002d0 (0xa33b1f53) x30 0x0000000000000001
core   0: 0x00000000800002d4 (0x00302873) csrr    a6, fcsr
core   0: 3 0x00000000800002d4 (0x00302873) x16 0x0000000000000000
core   0: 0x00000000800002d8 (0x07e1b823) sd      t5, 112(gp)
core   0: 3 0x00000000800002d8 (0x07e1b823) mem 0x000000008000f188 0x0000000000000001
core   0: 0x00000000800002dc (0x0701bc23) sd      a6, 120(gp)
core   0: 3 0x00000000800002dc (0x0701bc23) mem 0x000000008000f190 0x0000000000000000
core   0: >>>>  inst_8
core   0: 0x00000000800002e0 (0x08033907) fld     fs2, 128(t1)
core   0: 3 0x00000000800002e0 (0x08033907) f18 0x0000000000000000 mem 0x000000008000a090
core   0: 0x00000000800002e4 (0x08833287) fld     ft5, 136(t1)
core   0: 3 0x00000000800002e4 (0x08833287) f5  0x7ff0000000000000 mem 0x000000008000a098
core   0: 0x00000000800002e8 (0x00000693) li      a3, 0
core   0: 3 0x00000000800002e8 (0x00000693) x13 0x0000000000000000
core   0: 0x00000000800002ec (0x00369073) csrw    fcsr, a3
core   0: 3 0x00000000800002ec (0x00369073) c1_fflags 0x0000000000000000 c2_frm 0x0000000000000000
core   0: 0x00000000800002f0 (0xa2591fd3) flt.d   t6, fs2, ft5
core   0: 3 0x00000000800002f0 (0xa2591fd3) x31 0x0000000000000001
core   0: 0x00000000800002f4 (0x00302873) csrr    a6, fcsr
core   0: 3 0x00000000800002f4 (0x00302873) x16 0x0000000000000000
core   0: 0x00000000800002f8 (0x09f1b023) sd      t6, 128(gp)
core   0: 3 0x00000000800002f8 (0x09f1b023) mem 0x000000008000f198 0x0000000000000001
core   0: 0x00000000800002fc (0x0901b423) sd      a6, 136(gp)
core   0: 3 0x00000000800002fc (0x0901b423) mem 0x000000008000f1a0 0x0000000000000000
core   0: >>>>  inst_9
core   0: 0x0000000080000300 (0x09033707) fld     fa4, 144(t1)
core   0: 3 0x0000000080000300 (0x09033707) f14 0x0000000000000000 mem 0x000000008000a0a0
core   0: 0x0000000080000304 (0x09833e87) fld     ft9, 152(t1)
core   0: 3 0x0000000080000304 (0x09833e87) f29 0x7ff0000000000001 mem 0x000000008000a0a8
core   0: 0x0000000080000308 (0x00000693) li      a3, 0
core   0: 3 0x0000000080000308 (0x00000693) x13 0x0000000000000000
core   0: 0x000000008000030c (0x00369073) csrw    fcsr, a3
core   0: 3 0x000000008000030c (0x00369073) c1_fflags 0x0000000000000000 c2_frm 0x0000000000000000
core   0: 0x0000000080000310 (0xa3d71c53) flt.d   s8, fa4, ft9
core   0: 3 0x0000000080000310 (0xa3d71c53) c1_fflags 0x0000000000000010 x24 0x0000000000000000
core   0: 0x0000000080000314 (0x00302873) csrr    a6, fcsr
core   0: 3 0x0000000080000314 (0x00302873) x16 0x0000000000000010
core   0: 0x0000000080000318 (0x0981b823) sd      s8, 144(gp)
core   0: 3 0x0000000080000318 (0x0981b823) mem 0x000000008000f1a8 0x0000000000000000
core   0: 0x000000008000031c (0x0901bc23) sd      a6, 152(gp)
core   0: 3 0x000000008000031c (0x0901bc23) mem 0x000000008000f1b0 0x0000000000000010
core   0: >>>>  inst_10
core   0: 0x0000000080000320 (0x0a033c07) fld     fs8, 160(t1)
core   0: 3 0x0000000080000320 (0x0a033c07) f24 0x0000000000000000 mem 0x000000008000a0b0
core   0: 0x0000000080000324 (0x0a833107) fld     ft2, 168(t1)
core   0: 3 0x0000000080000324 (0x0a833107) f2  0x7ff8000000000000 mem 0x000000008000a0b8
core   0: 0x0000000080000328 (0x00000693) li      a3, 0
core   0: 3 0x0000000080000328 (0x00000693) x13 0x0000000000000000
core   0: 0x000000008000032c (0x00369073) csrw    fcsr, a3
core   0: 3 0x000000008000032c (0x00369073) c1_fflags 0x0000000000000000 c2_frm 0x0000000000000000
core   0: 0x0000000080000330 (0xa22c17d3) flt.d   a5, fs8, ft2
core   0: 3 0x0000000080000330 (0xa22c17d3) c1_fflags 0x0000000000000010 x15 0x0000000000000000
core   0: 0x0000000080000334 (0x00302873) csrr    a6, fcsr
core   0: 3 0x0000000080000334 (0x00302873) x16 0x0000000000000010
core   0: 0x0000000080000338 (0x0af1b023) sd      a5, 160(gp)
core   0: 3 0x0000000080000338 (0x0af1b023) mem 0x000000008000f1b8 0x0000000000000000
core   0: 0x000000008000033c (0x0b01b423) sd      a6, 168(gp)
core   0: 3 0x000000008000033c (0x0b01b423) mem 0x000000008000f1c0 0x0000000000000010
core   0: >>>>  inst_11
core   0: 0x0000000080000340 (0x0b033a87) fld     fs5, 176(t1)
core   0: 3 0x0000000080000340 (0x0b033a87) f21 0x0000000000000000 mem 0x000000008000a0c0
core   0: 0x0000000080000344 (0x0b833687) fld     fa3, 184(t1)
core   0: 3 0x0000000080000344 (0x0b833687) f13 0x7ff8000000000001 mem 0x000000008000a0c8
core   0: 0x0000000080000348 (0x00000693) li      a3, 0
core   0: 3 0x0000000080000348 (0x00000693) x13 0x0000000000000000
core   0: 0x000000008000034c (0x00369073) csrw    fcsr, a3
core   0: 3 0x000000008000034c (0x00369073) c1_fflags 0x0000000000000000 c2_frm 0x0000000000000000
core   0: 0x0000000080000350 (0xa2da9a53) flt.d   s4, fs5, fa3
core   0: 3 0x0000000080000350 (0xa2da9a53) c1_fflags 0x0000000000000010 x20 0x0000000000000000
core   0: 0x0000000080000354 (0x00302873) csrr    a6, fcsr
core   0: 3 0x0000000080000354 (0x00302873) x16 0x0000000000000010
core   0: 0x0000000080000358 (0x0b41b823) sd      s4, 176(gp)
core   0: 3 0x0000000080000358 (0x0b41b823) mem 0x000000008000f1c8 0x0000000000000000
core   0: 0x000000008000035c (0x0b01bc23) sd      a6, 184(gp)
core   0: 3 0x000000008000035c (0x0b01bc23) mem 0x000000008000f1d0 0x0000000000000010
core   0: >>>>  inst_12
core   0: 0x0000000080000360 (0x0c033387) fld     ft7, 192(t1)
core   0: 3 0x0000000080000360 (0x0c033387) f7  0x0000000000000000 mem 0x000000008000a0d0
core   0: 0x0000000080000364 (0x0c833487) fld     fs1, 200(t1)
core   0: 3 0x0000000080000364 (0x0c833487) f9  0x8000000000000000 mem 0x000000008000a0d8
core   0: 0x0000000080000368 (0x00000693) li      a3, 0
core   0: 3 0x0000000080000368 (0x00000693) x13 0x0000000000000000
core   0: 0x000000008000036c (0x00369073) csrw    fcsr, a3
core   0: 3 0x000000008000036c (0x00369073) c1_fflags 0x0000000000000000 c2_frm 0x0000000000000000
core   0: 0x0000000080000370 (0xa29390d3) flt.d   ra, ft7, fs1
core   0: 3 0x0000000080000370 (0xa29390d3) x1  0x0000000000000000
core   0: 0x0000000080000374 (0x00302873) csrr    a6, fcsr
core   0: 3 0x0000000080000374 (0x00302873) x16 0x0000000000000000
core   0: 0x0000000080000378 (0x0c11b023) sd      ra, 192(gp)
core   0: 3 0x0000000080000378 (0x0c11b023) mem 0x000000008000f1d8 0x0000000000000000
core   0: 0x000000008000037c (0x0d01b423) sd      a6, 200(gp)
core   0: 3 0x000000008000037c (0x0d01b423) mem 0x000000008000f1e0 0x0000000000000000
core   0: >>>>  inst_13
core   0: 0x0000000080000380 (0x0d033d87) fld     fs11, 208(t1)
core   0: 3 0x0000000080000380 (0x0d033d87) f27 0x0000000000000000 mem 0x000000008000a0e0
core   0: 0x0000000080000384 (0x0d833407) fld     fs0, 216(t1)
core   0: 3 0x0000000080000384 (0x0d833407) f8  0x8000000000000001 mem 0x000000008000a0e8
core   0: 0x0000000080000388 (0x00000693) li      a3, 0
core   0: 3 0x0000000080000388 (0x00000693) x13 0x0000000000000000
core   0: 0x000000008000038c (0x00369073) csrw    fcsr, a3
core   0: 3 0x000000008000038c (0x00369073) c1_fflags 0x0000000000000000 c2_frm 0x0000000000000000
core   0: 0x0000000080000390 (0xa28d9953) flt.d   s2, fs11, fs0
core   0: 3 0x0000000080000390 (0xa28d9953) x18 0x0000000000000000
core   0: 0x0000000080000394 (0x00302873) csrr    a6, fcsr
core   0: 3 0x0000000080000394 (0x00302873) x16 0x0000000000000000
core   0: 0x0000000080000398 (0x0d21b823) sd      s2, 208(gp)
core   0: 3 0x0000000080000398 (0x0d21b823) mem 0x000000008000f1e8 0x0000000000000000
core   0: 0x000000008000039c (0x0d01bc23) sd      a6, 216(gp)
core   0: 3 0x000000008000039c (0x0d01bc23) mem 0x000000008000f1f0 0x0000000000000000
core   0: >>>>  inst_14
core   0: 0x00000000800003a0 (0x0e033e87) fld     ft9, 224(t1)
core   0: 3 0x00000000800003a0 (0x0e033e87) f29 0x0000000000000000 mem 0x000000008000a0f0
core   0: 0x00000000800003a4 (0x0e833c07) fld     fs8, 232(t1)
core   0: 3 0x00000000800003a4 (0x0e833c07) f24 0x8000000000000002 mem 0x000000008000a0f8
core   0: 0x00000000800003a8 (0x00000693) li      a3, 0
core   0: 3 0x00000000800003a8 (0x00000693) x13 0x0000000000000000
core   0: 0x00000000800003ac (0x00369073) csrw    fcsr, a3
core   0: 3 0x00000000800003ac (0x00369073) c1_fflags 0x0000000000000000 c2_frm 0x0000000000000000
core   0: 0x00000000800003b0 (0xa38e9ed3) flt.d   t4, ft9, fs8
core   0: 3 0x00000000800003b0 (0xa38e9ed3) x29 0x0000000000000000
core   0: 0x00000000800003b4 (0x00302873) csrr    a6, fcsr
core   0: 3 0x00000000800003b4 (0x00302873) x16 0x0000000000000000
core   0: 0x00000000800003b8 (0x0fd1b023) sd      t4, 224(gp)
core   0: 3 0x00000000800003b8 (0x0fd1b023) mem 0x000000008000f1f8 0x0000000000000000
core   0: 0x00000000800003bc (0x0f01b423) sd      a6, 232(gp)
core   0: 3 0x00000000800003bc (0x0f01b423) mem 0x000000008000f200 0x0000000000000000
core   0: >>>>  inst_15
core   0: 0x00000000800003c0 (0x0f033107) fld     ft2, 240(t1)
core   0: 3 0x00000000800003c0 (0x0f033107) f2  0x0000000000000000 mem 0x000000008000a100
core   0: 0x00000000800003c4 (0x0f833e07) fld     ft8, 248(t1)
core   0: 3 0x00000000800003c4 (0x0f833e07) f28 0x800fffffffffffff mem 0x000000008000a108
core   0: 0x00000000800003c8 (0x00000693) li      a3, 0
core   0: 3 0x00000000800003c8 (0x00000693) x13 0x0000000000000000
core   0: 0x00000000800003cc (0x00369073) csrw    fcsr, a3
core   0: 3 0x00000000800003cc (0x00369073) c1_fflags 0x0000000000000000 c2_frm 0x0000000000000000
core   0: 0x00000000800003d0 (0xa3c11053) flt.d   zero, ft2, ft8
core   0: 3 0x00000000800003d0 (0xa3c11053)
core   0: 0x00000000800003d4 (0x00302873) csrr    a6, fcsr
core   0: 3 0x00000000800003d4 (0x00302873) x16 0x0000000000000000
core   0: 0x00000000800003d8 (0x0e01b823) sd      zero, 240(gp)
core   0: 3 0x00000000800003d8 (0x0e01b823) mem 0x000000008000f208 0x0000000000000000
core   0: 0x00000000800003dc (0x0f01bc23) sd      a6, 248(gp)
core   0: 3 0x00000000800003dc (0x0f01bc23) mem 0x000000008000f210 0x0000000000000000
core   0: >>>>  inst_16
core   0: 0x00000000800003e0 (0x10033c87) fld     fs9, 256(t1)
core   0: 3 0x00000000800003e0 (0x10033c87) f25 0x0000000000000000 mem 0x000000008000a110
core   0: 0x00000000800003e4 (0x10833707) fld     fa4, 264(t1)
core   0: 3 0x00000000800003e4 (0x10833707) f14 0x8010000000000000 mem 0x000000008000a118
core   0: 0x00000000800003e8 (0x00000693) li      a3, 0
core   0: 3 0x00000000800003e8 (0x00000693) x13 0x0000000000000000
core   0: 0x00000000800003ec (0x00369073) csrw    fcsr, a3
core   0: 3 0x00000000800003ec (0x00369073) c1_fflags 0x0000000000000000 c2_frm 0x0000000000000000
core   0: 0x00000000800003f0 (0xa2ec9453) flt.d   s0, fs9, fa4
core   0: 3 0x00000000800003f0 (0xa2ec9453) x8  0x0000000000000000
core   0: 0x00000000800003f4 (0x00302873) csrr    a6, fcsr
core   0: 3 0x00000000800003f4 (0x00302873) x16 0x0000000000000000
core   0: 0x00000000800003f8 (0x1081b023) sd      s0, 256(gp)
core   0: 3 0x00000000800003f8 (0x1081b023) mem 0x000000008000f218 0x0000000000000000
core   0: 0x00000000800003fc (0x1101b423) sd      a6, 264(gp)
core   0: 3 0x00000000800003fc (0x1101b423) mem 0x000000008000f220 0x0000000000000000
core   0: >>>>  inst_17
core   0: 0x0000000080000400 (0x11033787) fld     fa5, 272(t1)
core   0: 3 0x0000000080000400 (0x11033787) f15 0x0000000000000000 mem 0x000000008000a120
core   0: 0x0000000080000404 (0x11833c87) fld     fs9, 280(t1)
core   0: 3 0x0000000080000404 (0x11833c87) f25 0x8010000000000002 mem 0x000000008000a128
core   0: 0x0000000080000408 (0x00000693) li      a3, 0
core   0: 3 0x0000000080000408 (0x00000693) x13 0x0000000000000000
core   0: 0x000000008000040c (0x00369073) csrw    fcsr, a3
core   0: 3 0x000000008000040c (0x00369073) c1_fflags 0x0000000000000000 c2_frm 0x0000000000000000
core   0: 0x0000000080000410 (0xa3979553) flt.d   a0, fa5, fs9
core   0: 3 0x0000000080000410 (0xa3979553) x10 0x0000000000000000
core   0: 0x0000000080000414 (0x00302873) csrr    a6, fcsr
core   0: 3 0x0000000080000414 (0x00302873) x16 0x0000000000000000
core   0: 0x0000000080000418 (0x10a1b823) sd      a0, 272(gp)
core   0: 3 0x0000000080000418 (0x10a1b823) mem 0x000000008000f228 0x0000000000000000
core   0: 0x000000008000041c (0x1101bc23) sd      a6, 280(gp)
core   0: 3 0x000000008000041c (0x1101bc23) mem 0x000000008000f230 0x0000000000000000
core   0: >>>>  inst_18
core   0: 0x0000000080000420 (0x12033607) fld     fa2, 288(t1)
core   0: 3 0x0000000080000420 (0x12033607) f12 0x0000000000000000 mem 0x000000008000a130
core   0: 0x0000000080000424 (0x12833f87) fld     ft11, 296(t1)
core   0: 3 0x0000000080000424 (0x12833f87) f31 0xbf80000000000000 mem 0x000000008000a138
core   0: 0x0000000080000428 (0x00000693) li      a3, 0
core   0: 3 0x0000000080000428 (0x00000693) x13 0x0000000000000000
core   0: 0x000000008000042c (0x00369073) csrw    fcsr, a3
core   0: 3 0x000000008000042c (0x00369073) c1_fflags 0x0000000000000000 c2_frm 0x0000000000000000
core   0: 0x0000000080000430 (0xa3f614d3) flt.d   s1, fa2, ft11
core   0: 3 0x0000000080000430 (0xa3f614d3) x9  0x0000000000000000
core   0: 0x0000000080000434 (0x00302873) csrr    a6, fcsr
core   0: 3 0x0000000080000434 (0x00302873) x16 0x0000000000000000
core   0: 0x0000000080000438 (0x1291b023) sd      s1, 288(gp)
core   0: 3 0x0000000080000438 (0x1291b023) mem 0x000000008000f238 0x0000000000000000
core   0: 0x000000008000043c (0x1301b423) sd      a6, 296(gp)
core   0: 3 0x000000008000043c (0x1301b423) mem 0x000000008000f240 0x0000000000000000
core   0: >>>>  inst_19
core   0: 0x0000000080000440 (0x13033087) fld     ft1, 304(t1)
core   0: 3 0x0000000080000440 (0x13033087) f1  0x0000000000000000 mem 0x000000008000a140
core   0: 0x0000000080000444 (0x13833d07) fld     fs10, 312(t1)
core   0: 3 0x0000000080000444 (0x13833d07) f26 0xffefffffffffffff mem 0x000000008000a148
core   0: 0x0000000080000448 (0x00000693) li      a3, 0
core   0: 3 0x0000000080000448 (0x00000693) x13 0x0000000000000000
core   0: 0x000000008000044c (0x00369073) csrw    fcsr, a3
core   0: 3 0x000000008000044c (0x00369073) c1_fflags 0x0000000000000000 c2_frm 0x0000000000000000
core   0: 0x0000000080000450 (0xa3a093d3) flt.d   t2, ft1, fs10
core   0: 3 0x0000000080000450 (0xa3a093d3) x7  0x0000000000000000
core   0: 0x0000000080000454 (0x00302873) csrr    a6, fcsr
core   0: 3 0x0000000080000454 (0x00302873) x16 0x0000000000000000
core   0: 0x0000000080000458 (0x1271b823) sd      t2, 304(gp)
core   0: 3 0x0000000080000458 (0x1271b823) mem 0x000000008000f248 0x0000000000000000
core   0: 0x000000008000045c (0x1301bc23) sd      a6, 312(gp)
core   0: 3 0x000000008000045c (0x1301bc23) mem 0x000000008000f250 0x0000000000000000
core   0: >>>>  inst_20
core   0: 0x0000000080000460 (0x14033687) fld     fa3, 320(t1)
core   0: 3 0x0000000080000460 (0x14033687) f13 0x0000000000000000 mem 0x000000008000a150
core   0: 0x0000000080000464 (0x14833787) fld     fa5, 328(t1)
core   0: 3 0x0000000080000464 (0x14833787) f15 0xfff0000000000000 mem 0x000000008000a158
core   0: 0x0000000080000468 (0x00000693) li      a3, 0
core   0: 3 0x0000000080000468 (0x00000693) x13 0x0000000000000000
core   0: 0x000000008000046c (0x00369073) csrw    fcsr, a3
core   0: 3 0x000000008000046c (0x00369073) c1_fflags 0x0000000000000000 c2_frm 0x0000000000000000
core   0: 0x0000000080000470 (0xa2f69d53) flt.d   s10, fa3, fa5
core   0: 3 0x0000000080000470 (0xa2f69d53) x26 0x0000000000000000
core   0: 0x0000000080000474 (0x00302873) csrr    a6, fcsr
core   0: 3 0x0000000080000474 (0x00302873) x16 0x0000000000000000
core   0: 0x0000000080000478 (0x15a1b023) sd      s10, 320(gp)
core   0: 3 0x0000000080000478 (0x15a1b023) mem 0x000000008000f258 0x0000000000000000
core   0: 0x000000008000047c (0x1501b423) sd      a6, 328(gp)
core   0: 3 0x000000008000047c (0x1501b423) mem 0x000000008000f260 0x0000000000000000
core   0: >>>>  inst_21
core   0: 0x0000000080000480 (0x15033507) fld     fa0, 336(t1)
core   0: 3 0x0000000080000480 (0x15033507) f10 0x0000000000000000 mem 0x000000008000a160
core   0: 0x0000000080000484 (0x15833f07) fld     ft10, 344(t1)
core   0: 3 0x0000000080000484 (0x15833f07) f30 0xfff0000000000001 mem 0x000000008000a168
core   0: 0x0000000080000488 (0x00000693) li      a3, 0
core   0: 3 0x0000000080000488 (0x00000693) x13 0x0000000000000000
core   0: 0x000000008000048c (0x00369073) csrw    fcsr, a3
core   0: 3 0x000000008000048c (0x00369073) c1_fflags 0x0000000000000000 c2_frm 0x0000000000000000
core   0: 0x0000000080000490 (0xa3e51253) flt.d   tp, fa0, ft10
core   0: 3 0x0000000080000490 (0xa3e51253) c1_fflags 0x0000000000000010 x4  0x0000000000000000
core   0: 0x0000000080000494 (0x00302873) csrr    a6, fcsr
core   0: 3 0x0000000080000494 (0x00302873) x16 0x0000000000000010
core   0: 0x0000000080000498 (0x1441b823) sd      tp, 336(gp)
core   0: 3 0x0000000080000498 (0x1441b823) mem 0x000000008000f268 0x0000000000000000
core   0: 0x000000008000049c (0x1501bc23) sd      a6, 344(gp)
core   0: 3 0x000000008000049c (0x1501bc23) mem 0x000000008000f270 0x0000000000000010
core   0: >>>>  inst_22
core   0: 0x00000000800004a0 (0x16033287) fld     ft5, 352(t1)
core   0: 3 0x00000000800004a0 (0x16033287) f5  0x0000000000000000 mem 0x000000008000a170
core   0: 0x00000000800004a4 (0x16833007) fld     ft0, 360(t1)
core   0: 3 0x00000000800004a4 (0x16833007) f0  0xfff8000000000000 mem 0x000000008000a178
core   0: 0x00000000800004a8 (0x00000693) li      a3, 0
core   0: 3 0x00000000800004a8 (0x00000693) x13 0x0000000000000000
core   0: 0x00000000800004ac (0x00369073) csrw    fcsr, a3
core   0: 3 0x00000000800004ac (0x00369073) c1_fflags 0x0000000000000000 c2_frm 0x0000000000000000
core   0: 0x00000000800004b0 (0xa2029bd3) flt.d   s7, ft5, ft0
core   0: 3 0x00000000800004b0 (0xa2029bd3) c1_fflags 0x0000000000000010 x23 0x0000000000000000
core   0: 0x00000000800004b4 (0x00302873) csrr    a6, fcsr
core   0: 3 0x00000000800004b4 (0x00302873) x16 0x0000000000000010
core   0: 0x00000000800004b8 (0x1771b023) sd      s7, 352(gp)
core   0: 3 0x00000000800004b8 (0x1771b023) mem 0x000000008000f278 0x0000000000000000
core   0: 0x00000000800004bc (0x1701b423) sd      a6, 360(gp)
core   0: 3 0x00000000800004bc (0x1701b423) mem 0x000000008000f280 0x0000000000000010
core   0: >>>>  inst_23
core   0: 0x00000000800004c0 (0x17033a07) fld     fs4, 368(t1)
core   0: 3 0x00000000800004c0 (0x17033a07) f20 0x0000000000000000 mem 0x000000008000a180
core   0: 0x00000000800004c4 (0x17833587) fld     fa1, 376(t1)
core   0: 3 0x00000000800004c4 (0x17833587) f11 0xfff8000000000001 mem 0x000000008000a188
core   0: 0x00000000800004c8 (0x00000693) li      a3, 0
core   0: 3 0x00000000800004c8 (0x00000693) x13 0x0000000000000000
core   0: 0x00000000800004cc (0x00369073) csrw    fcsr, a3
core   0: 3 0x00000000800004cc (0x00369073) c1_fflags 0x0000000000000000 c2_frm 0x0000000000000000
core   0: 0x00000000800004d0 (0xa2ba1cd3) flt.d   s9, fs4, fa1
core   0: 3 0x00000000800004d0 (0xa2ba1cd3) c1_fflags 0x0000000000000010 x25 0x0000000000000000
core   0: 0x00000000800004d4 (0x00302873) csrr    a6, fcsr
core   0: 3 0x00000000800004d4 (0x00302873) x16 0x0000000000000010
core   0: 0x00000000800004d8 (0x1791b823) sd      s9, 368(gp)
core   0: 3 0x00000000800004d8 (0x1791b823) mem 0x000000008000f288 0x0000000000000000
core   0: 0x00000000800004dc (0x1701bc23) sd      a6, 376(gp)
core   0: 3 0x00000000800004dc (0x1701bc23) mem 0x000000008000f290 0x0000000000000010
core   0: 0x00000000800004e0 (0x0000a217) auipc   tp, 0xa
core   0: 3 0x00000000800004e0 (0x0000a217) x4  0x000000008000a4e0
core   0: 0x00000000800004e4 (0xcb020213) addi    tp, tp, -848
core   0: 3 0x00000000800004e4 (0xcb020213) x4  0x000000008000a190
core   0: 0x00000000800004e8 (0x00000013) nop
core   0: 3 0x00000000800004e8 (0x00000013)
core   0: 0x00000000800004ec (0x00000013) nop
core   0: 3 0x00000000800004ec (0x00000013)
core   0: 0x00000000800004f0 (0x00000013) nop
core   0: 3 0x00000000800004f0 (0x00000013)
core   0: 0x00000000800004f4 (0x00000013) nop
core   0: 3 0x00000000800004f4 (0x00000013)
core   0: 0x00000000800004f8 (0x00000013) nop
core   0: 3 0x00000000800004f8 (0x00000013)
core   0: 0x00000000800004fc (0x00000013) nop
core   0: 3 0x00000000800004fc (0x00000013)
core   0: >>>>  inst_24
core   0: 0x0000000080000500 (0x00023f07) fld     ft10, 0(tp)
core   0: 3 0x0000000080000500 (0x00023f07) f30 0x0000000000000001 mem 0x000000008000a190
core   0: 0x0000000080000504 (0x00823307) fld     ft6, 8(tp)
core   0: 3 0x0000000080000504 (0x00823307) f6  0x0000000000000000 mem 0x000000008000a198
core   0: 0x0000000080000508 (0x00000693) li      a3, 0
core   0: 3 0x0000000080000508 (0x00000693) x13 0x0000000000000000
core   0: 0x000000008000050c (0x00369073) csrw    fcsr, a3
core   0: 3 0x000000008000050c (0x00369073) c1_fflags 0x0000000000000000 c2_frm 0x0000000000000000
core   0: 0x0000000080000510 (0xa26f19d3) flt.d   s3, ft10, ft6
core   0: 3 0x0000000080000510 (0xa26f19d3) x19 0x0000000000000000
core   0: 0x0000000080000514 (0x003022f3) csrr    t0, fcsr
core   0: 3 0x0000000080000514 (0x003022f3) x5  0x0000000000000000
core   0: 0x0000000080000518 (0x1931b023) sd      s3, 384(gp)
core   0: 3 0x0000000080000518 (0x1931b023) mem 0x000000008000f298 0x0000000000000000
core   0: 0x000000008000051c (0x1851b423) sd      t0, 392(gp)
core   0: 3 0x000000008000051c (0x1851b423) mem 0x000000008000f2a0 0x0000000000000000
core   0: >>>>  inst_25
core   0: 0x0000000080000520 (0x01023d07) fld     fs10, 16(tp)
core   0: 3 0x0000000080000520 (0x01023d07) f26 0x0000000000000001 mem 0x000000008000a1a0
core   0: 0x0000000080000524 (0x01823a87) fld     fs5, 24(tp)
core   0: 3 0x0000000080000524 (0x01823a87) f21 0x0000000000000001 mem 0x000000008000a1a8
core   0: 0x0000000080000528 (0x00000693) li      a3, 0
core   0: 3 0x0000000080000528 (0x00000693) x13 0x0000000000000000
core   0: 0x000000008000052c (0x00369073) csrw    fcsr, a3
core   0: 3 0x000000008000052c (0x00369073) c1_fflags 0x0000000000000000 c2_frm 0x0000000000000000
core   0: 0x0000000080000530 (0xa35d1353) flt.d   t1, fs10, fs5
core   0: 3 0x0000000080000530 (0xa35d1353) x6  0x0000000000000000
core   0: 0x0000000080000534 (0x003022f3) csrr    t0, fcsr
core   0: 3 0x0000000080000534 (0x003022f3) x5  0x0000000000000000
core   0: 0x0000000080000538 (0x1861b823) sd      t1, 400(gp)
core   0: 3 0x0000000080000538 (0x1861b823) mem 0x000000008000f2a8 0x0000000000000000
core   0: 0x000000008000053c (0x1851bc23) sd      t0, 408(gp)
core   0: 3 0x000000008000053c (0x1851bc23) mem 0x000000008000f2b0 0x0000000000000000
core   0: >>>>  inst_26
core   0: 0x0000000080000540 (0x02023587) fld     fa1, 32(tp)
core   0: 3 0x0000000080000540 (0x02023587) f11 0x0000000000000001 mem 0x000000008000a1b0
core   0: 0x0000000080000544 (0x02823a07) fld     fs4, 40(tp)
core   0: 3 0x0000000080000544 (0x02823a07) f20 0x0000000000000002 mem 0x000000008000a1b8
core   0: 0x0000000080000548 (0x00000113) li      sp, 0
core   0: 3 0x0000000080000548 (0x00000113) x2  0x0000000000000000
core   0: 0x000000008000054c (0x00311073) csrw    fcsr, sp
core   0: 3 0x000000008000054c (0x00311073) c1_fflags 0x0000000000000000 c2_frm 0x0000000000000000
core   0: 0x0000000080000550 (0xa3459e53) flt.d   t3, fa1, fs4
core   0: 3 0x0000000080000550 (0xa3459e53) x28 0x0000000000000001
core   0: 0x0000000080000554 (0x003022f3) csrr    t0, fcsr
core   0: 3 0x0000000080000554 (0x003022f3) x5  0x0000000000000000
core   0: 0x0000000080000558 (0x1bc1b023) sd      t3, 416(gp)
core   0: 3 0x0000000080000558 (0x1bc1b023) mem 0x000000008000f2b8 0x0000000000000001
core   0: 0x000000008000055c (0x1a51b423) sd      t0, 424(gp)
core   0: 3 0x000000008000055c (0x1a51b423) mem 0x000000008000f2c0 0x0000000000000000
core   0: 0x0000000080000560 (0x0000f097) auipc   ra, 0xf
core   0: 3 0x0000000080000560 (0x0000f097) x1  0x000000008000f560
core   0: 0x0000000080000564 (0xd6808093) addi    ra, ra, -664
core   0: 3 0x0000000080000564 (0xd6808093) x1  0x000000008000f2c8
core   0: 0x0000000080000568 (0x00000013) nop
core   0: 3 0x0000000080000568 (0x00000013)
core   0: 0x000000008000056c (0x00000013) nop
core   0: 3 0x000000008000056c (0x00000013)
core   0: 0x0000000080000570 (0x00000013) nop
core   0: 3 0x0000000080000570 (0x00000013)
core   0: 0x0000000080000574 (0x00000013) nop
core   0: 3 0x0000000080000574 (0x00000013)
core   0: 0x0000000080000578 (0x00000013) nop
core   0: 3 0x0000000080000578 (0x00000013)
core   0: 0x000000008000057c (0x00000013) nop
core   0: 3 0x000000008000057c (0x00000013)
core   0: >>>>  inst_27
core   0: 0x0000000080000580 (0x03023187) fld     ft3, 48(tp)
core   0: 3 0x0000000080000580 (0x03023187) f3  0x0000000000000001 mem 0x000000008000a1c0
core   0: 0x0000000080000584 (0x03823207) fld     ft4, 56(tp)
core   0: 3 0x0000000080000584 (0x03823207) f4  0x000fffffffffffff mem 0x000000008000a1c8
core   0: 0x0000000080000588 (0x00000113) li      sp, 0
core   0: 3 0x0000000080000588 (0x00000113) x2  0x0000000000000000
core   0: 0x000000008000058c (0x00311073) csrw    fcsr, sp
core   0: 3 0x000000008000058c (0x00311073) c1_fflags 0x0000000000000000 c2_frm 0x0000000000000000
core   0: 0x0000000080000590 (0xa2419ad3) flt.d   s5, ft3, ft4
core   0: 3 0x0000000080000590 (0xa2419ad3) x21 0x0000000000000001
core   0: 0x0000000080000594 (0x003022f3) csrr    t0, fcsr
core   0: 3 0x0000000080000594 (0x003022f3) x5  0x0000000000000000
core   0: 0x0000000080000598 (0x0150b023) sd      s5, 0(ra)
core   0: 3 0x0000000080000598 (0x0150b023) mem 0x000000008000f2c8 0x0000000000000001
core   0: 0x000000008000059c (0x0050b423) sd      t0, 8(ra)
core   0: 3 0x000000008000059c (0x0050b423) mem 0x000000008000f2d0 0x0000000000000000
core   0: >>>>  inst_28
core   0: 0x00000000800005a0 (0x04023307) fld     ft6, 64(tp)
core   0: 3 0x00000000800005a0 (0x04023307) f6  0x0000000000000001 mem 0x000000008000a1d0
core   0: 0x00000000800005a4 (0x04823d87) fld     fs11, 72(tp)
core   0: 3 0x00000000800005a4 (0x04823d87) f27 0x0010000000000000 mem 0x000000008000a1d8
core   0: 0x00000000800005a8 (0x00000113) li      sp, 0
core   0: 3 0x00000000800005a8 (0x00000113) x2  0x0000000000000000
core   0: 0x00000000800005ac (0x00311073) csrw    fcsr, sp
core   0: 3 0x00000000800005ac (0x00311073) c1_fflags 0x0000000000000000 c2_frm 0x0000000000000000
core   0: 0x00000000800005b0 (0xa3b311d3) flt.d   gp, ft6, fs11
core   0: 3 0x00000000800005b0 (0xa3b311d3) x3  0x0000000000000001
core   0: 0x00000000800005b4 (0x003022f3) csrr    t0, fcsr
core   0: 3 0x00000000800005b4 (0x003022f3) x5  0x0000000000000000
core   0: 0x00000000800005b8 (0x0030b823) sd      gp, 16(ra)
core   0: 3 0x00000000800005b8 (0x0030b823) mem 0x000000008000f2d8 0x0000000000000001
core   0: 0x00000000800005bc (0x0050bc23) sd      t0, 24(ra)
core   0: 3 0x00000000800005bc (0x0050bc23) mem 0x000000008000f2e0 0x0000000000000000
core   0: >>>>  inst_29
core   0: 0x00000000800005c0 (0x05023f87) fld     ft11, 80(tp)
core   0: 3 0x00000000800005c0 (0x05023f87) f31 0x0000000000000001 mem 0x000000008000a1e0
core   0: 0x00000000800005c4 (0x05823387) fld     ft7, 88(tp)
core   0: 3 0x00000000800005c4 (0x05823387) f7  0x0010000000000002 mem 0x000000008000a1e8
core   0: 0x00000000800005c8 (0x00000113) li      sp, 0
core   0: 3 0x00000000800005c8 (0x00000113) x2  0x0000000000000000
core   0: 0x00000000800005cc (0x00311073) csrw    fcsr, sp
core   0: 3 0x00000000800005cc (0x00311073) c1_fflags 0x0000000000000000 c2_frm 0x0000000000000000
core   0: 0x00000000800005d0 (0xa27f96d3) flt.d   a3, ft11, ft7
core   0: 3 0x00000000800005d0 (0xa27f96d3) x13 0x0000000000000001
core   0: 0x00000000800005d4 (0x003022f3) csrr    t0, fcsr
core   0: 3 0x00000000800005d4 (0x003022f3) x5  0x0000000000000000
core   0: 0x00000000800005d8 (0x02d0b023) sd      a3, 32(ra)
core   0: 3 0x00000000800005d8 (0x02d0b023) mem 0x000000008000f2e8 0x0000000000000001
core   0: 0x00000000800005dc (0x0250b423) sd      t0, 40(ra)
core   0: 3 0x00000000800005dc (0x0250b423) mem 0x000000008000f2f0 0x0000000000000000
core   0: >>>>  inst_30
core   0: 0x00000000800005e0 (0x06023487) fld     fs1, 96(tp)
core   0: 3 0x00000000800005e0 (0x06023487) f9  0x0000000000000001 mem 0x000000008000a1f0
core   0: 0x00000000800005e4 (0x06823907) fld     fs2, 104(tp)
core   0: 3 0x00000000800005e4 (0x06823907) f18 0x3ff0000000000000 mem 0x000000008000a1f8
core   0: 0x00000000800005e8 (0x00000113) li      sp, 0
core   0: 3 0x00000000800005e8 (0x00000113) x2  0x0000000000000000
core   0: 0x00000000800005ec (0x00311073) csrw    fcsr, sp
core   0: 3 0x00000000800005ec (0x00311073) c1_fflags 0x0000000000000000 c2_frm 0x0000000000000000
core   0: 0x00000000800005f0 (0xa3249853) flt.d   a6, fs1, fs2
core   0: 3 0x00000000800005f0 (0xa3249853) x16 0x0000000000000001
core   0: 0x00000000800005f4 (0x003022f3) csrr    t0, fcsr
core   0: 3 0x00000000800005f4 (0x003022f3) x5  0x0000000000000000
core   0: 0x00000000800005f8 (0x0300b823) sd      a6, 48(ra)
core   0: 3 0x00000000800005f8 (0x0300b823) mem 0x000000008000f2f8 0x0000000000000001
core   0: 0x00000000800005fc (0x0250bc23) sd      t0, 56(ra)
core   0: 3 0x00000000800005fc (0x0250bc23) mem 0x000000008000f300 0x0000000000000000
core   0: >>>>  inst_31
core   0: 0x0000000080000600 (0x07023b87) fld     fs7, 112(tp)
core   0: 3 0x0000000080000600 (0x07023b87) f23 0x0000000000000001 mem 0x000000008000a200
core   0: 0x0000000080000604 (0x07823087) fld     ft1, 120(tp)
core   0: 3 0x0000000080000604 (0x07823087) f1  0x7fefffffffffffff mem 0x000000008000a208
core   0: 0x0000000080000608 (0x00000113) li      sp, 0
core   0: 3 0x0000000080000608 (0x00000113) x2  0x0000000000000000
core   0: 0x000000008000060c (0x00311073) csrw    fcsr, sp
core   0: 3 0x000000008000060c (0x00311073) c1_fflags 0x0000000000000000 c2_frm 0x0000000000000000
core   0: 0x0000000080000610 (0xa21b98d3) flt.d   a7, fs7, ft1
core   0: 3 0x0000000080000610 (0xa21b98d3) x17 0x0000000000000001
core   0: 0x0000000080000614 (0x003022f3) csrr    t0, fcsr
core   0: 3 0x0000000080000614 (0x003022f3) x5  0x0000000000000000
core   0: 0x0000000080000618 (0x0510b023) sd      a7, 64(ra)
core   0: 3 0x0000000080000618 (0x0510b023) mem 0x000000008000f308 0x0000000000000001
core   0: 0x000000008000061c (0x0450b423) sd      t0, 72(ra)
core   0: 3 0x000000008000061c (0x0450b423) mem 0x000000008000f310 0x0000000000000000
core   0: >>>>  inst_32
core   0: 0x0000000080000620 (0x08023f87) fld     ft11, 128(tp)
core   0: 3 0x0000000080000620 (0x08023f87) f31 0x0000000000000001 mem 0x000000008000a210
core   0: 0x0000000080000624 (0x08823f07) fld     ft10, 136(tp)
core   0: 3 0x0000000080000624 (0x08823f07) f30 0x7ff0000000000000 mem 0x000000008000a218
core   0: 0x0000000080000628 (0x00000113) li      sp, 0
core   0: 3 0x0000000080000628 (0x00000113) x2  0x0000000000000000
core   0: 0x000000008000062c (0x00311073) csrw    fcsr, sp
core   0: 3 0x000000008000062c (0x00311073) c1_fflags 0x0000000000000000 c2_frm 0x0000000000000000
core   0: 0x0000000080000630 (0xa3ef9fd3) flt.d   t6, ft11, ft10
core   0: 3 0x0000000080000630 (0xa3ef9fd3) x31 0x0000000000000001
core   0: 0x0000000080000634 (0x003022f3) csrr    t0, fcsr
core   0: 3 0x0000000080000634 (0x003022f3) x5  0x0000000000000000
core   0: 0x0000000080000638 (0x05f0b823) sd      t6, 80(ra)
core   0: 3 0x0000000080000638 (0x05f0b823) mem 0x000000008000f318 0x0000000000000001
core   0: 0x000000008000063c (0x0450bc23) sd      t0, 88(ra)
core   0: 3 0x000000008000063c (0x0450bc23) mem 0x000000008000f320 0x0000000000000000
core   0: >>>>  inst_33
core   0: 0x0000000080000640 (0x09023f87) fld     ft11, 144(tp)
core   0: 3 0x0000000080000640 (0x09023f87) f31 0x0000000000000001 mem 0x000000008000a220
core   0: 0x0000000080000644 (0x09823f07) fld     ft10, 152(tp)
core   0: 3 0x0000000080000644 (0x09823f07) f30 0x7ff0000000000001 mem 0x000000008000a228
core   0: 0x0000000080000648 (0x00000113) li      sp, 0
core   0: 3 0x0000000080000648 (0x00000113) x2  0x0000000000000000
core   0: 0x000000008000064c (0x00311073) csrw    fcsr, sp
core   0: 3 0x000000008000064c (0x00311073) c1_fflags 0x0000000000000000 c2_frm 0x0000000000000000
core   0: 0x0000000080000650 (0xa3ef9fd3) flt.d   t6, ft11, ft10
core   0: 3 0x0000000080000650 (0xa3ef9fd3) c1_fflags 0x0000000000000010 x31 0x0000000000000000
core   0: 0x0000000080000654 (0x003022f3) csrr    t0, fcsr
core   0: 3 0x0000000080000654 (0x003022f3) x5  0x0000000000000010
core   0: 0x0000000080000658 (0x07f0b023) sd      t6, 96(ra)
core   0: 3 0x0000000080000658 (0x07f0b023) mem 0x000000008000f328 0x0000000000000000
core   0: 0x000000008000065c (0x0650b423) sd      t0, 104(ra)
core   0: 3 0x000000008000065c (0x0650b423) mem 0x000000008000f330 0x0000000000000010
core   0: >>>>  inst_34
core   0: 0x0000000080000660 (0x0a023f87) fld     ft11, 160(tp)
core   0: 3 0x0000000080000660 (0x0a023f87) f31 0x0000000000000001 mem 0x000000008000a230
core   0: 0x0000000080000664 (0x0a823f07) fld     ft10, 168(tp)
core   0: 3 0x0000000080000664 (0x0a823f07) f30 0x7ff8000000000000 mem 0x000000008000a238
core   0: 0x0000000080000668 (0x00000113) li      sp, 0
core   0: 3 0x0000000080000668 (0x00000113) x2  0x0000000000000000
core   0: 0x000000008000066c (0x00311073) csrw    fcsr, sp
core   0: 3 0x000000008000066c (0x00311073) c1_fflags 0x0000000000000000 c2_frm 0x0000000000000000
core   0: 0x0000000080000670 (0xa3ef9fd3) flt.d   t6, ft11, ft10
core   0: 3 0x0000000080000670 (0xa3ef9fd3) c1_fflags 0x0000000000000010 x31 0x0000000000000000
core   0: 0x0000000080000674 (0x003022f3) csrr    t0, fcsr
core   0: 3 0x0000000080000674 (0x003022f3) x5  0x0000000000000010
core   0: 0x0000000080000678 (0x07f0b823) sd      t6, 112(ra)
core   0: 3 0x0000000080000678 (0x07f0b823) mem 0x000000008000f338 0x0000000000000000
core   0: 0x000000008000067c (0x0650bc23) sd      t0, 120(ra)
core   0: 3 0x000000008000067c (0x0650bc23) mem 0x000000008000f340 0x0000000000000010
core   0: >>>>  inst_35
core   0: 0x0000000080000680 (0x0b023f87) fld     ft11, 176(tp)
core   0: 3 0x0000000080000680 (0x0b023f87) f31 0x0000000000000001 mem 0x000000008000a240
core   0: 0x0000000080000684 (0x0b823f07) fld     ft10, 184(tp)
core   0: 3 0x0000000080000684 (0x0b823f07) f30 0x7ff8000000000001 mem 0x000000008000a248
core   0: 0x0000000080000688 (0x00000113) li      sp, 0
core   0: 3 0x0000000080000688 (0x00000113) x2  0x0000000000000000
core   0: 0x000000008000068c (0x00311073) csrw    fcsr, sp
core   0: 3 0x000000008000068c (0x00311073) c1_fflags 0x0000000000000000 c2_frm 0x0000000000000000
core   0: 0x0000000080000690 (0xa3ef9fd3) flt.d   t6, ft11, ft10
core   0: 3 0x0000000080000690 (0xa3ef9fd3) c1_fflags 0x0000000000000010 x31 0x0000000000000000
core   0: 0x0000000080000694 (0x003022f3) csrr    t0, fcsr
core   0: 3 0x0000000080000694 (0x003022f3) x5  0x0000000000000010
core   0: 0x0000000080000698 (0x09f0b023) sd      t6, 128(ra)
core   0: 3 0x0000000080000698 (0x09f0b023) mem 0x000000008000f348 0x0000000000000000
core   0: 0x000000008000069c (0x0850b423) sd      t0, 136(ra)
core   0: 3 0x000000008000069c (0x0850b423) mem 0x000000008000f350 0x0000000000000010
core   0: >>>>  inst_36
core   0: 0x00000000800006a0 (0x0c023f87) fld     ft11, 192(tp)
core   0: 3 0x00000000800006a0 (0x0c023f87) f31 0x0000000000000001 mem 0x000000008000a250
core   0: 0x00000000800006a4 (0x0c823f07) fld     ft10, 200(tp)
core   0: 3 0x00000000800006a4 (0x0c823f07) f30 0x8000000000000000 mem 0x000000008000a258
core   0: 0x00000000800006a8 (0x00000113) li      sp, 0
core   0: 3 0x00000000800006a8 (0x00000113) x2  0x0000000000000000
core   0: 0x00000000800006ac (0x00311073) csrw    fcsr, sp
core   0: 3 0x00000000800006ac (0x00311073) c1_fflags 0x0000000000000000 c2_frm 0x0000000000000000
core   0: 0x00000000800006b0 (0xa3ef9fd3) flt.d   t6, ft11, ft10
core   0: 3 0x00000000800006b0 (0xa3ef9fd3) x31 0x0000000000000000
core   0: 0x00000000800006b4 (0x003022f3) csrr    t0, fcsr
core   0: 3 0x00000000800006b4 (0x003022f3) x5  0x0000000000000000
core   0: 0x00000000800006b8 (0x09f0b823) sd      t6, 144(ra)
core   0: 3 0x00000000800006b8 (0x09f0b823) mem 0x000000008000f358 0x0000000000000000
core   0: 0x00000000800006bc (0x0850bc23) sd      t0, 152(ra)
core   0: 3 0x00000000800006bc (0x0850bc23) mem 0x000000008000f360 0x0000000000000000
core   0: >>>>  inst_37
core   0: 0x00000000800006c0 (0x0d023f87) fld     ft11, 208(tp)
core   0: 3 0x00000000800006c0 (0x0d023f87) f31 0x0000000000000001 mem 0x000000008000a260
core   0: 0x00000000800006c4 (0x0d823f07) fld     ft10, 216(tp)
core   0: 3 0x00000000800006c4 (0x0d823f07) f30 0x8000000000000001 mem 0x000000008000a268
core   0: 0x00000000800006c8 (0x00000113) li      sp, 0
core   0: 3 0x00000000800006c8 (0x00000113) x2  0x0000000000000000
core   0: 0x00000000800006cc (0x00311073) csrw    fcsr, sp
core   0: 3 0x00000000800006cc (0x00311073) c1_fflags 0x0000000000000000 c2_frm 0x0000000000000000
core   0: 0x00000000800006d0 (0xa3ef9fd3) flt.d   t6, ft11, ft10
core   0: 3 0x00000000800006d0 (0xa3ef9fd3) x31 0x0000000000000000
core   0: 0x00000000800006d4 (0x003022f3) csrr    t0, fcsr
core   0: 3 0x00000000800006d4 (0x003022f3) x5  0x0000000000000000
core   0: 0x00000000800006d8 (0x0bf0b023) sd      t6, 160(ra)
core   0: 3 0x00000000800006d8 (0x0bf0b023) mem 0x000000008000f368 0x0000000000000000
core   0: 0x00000000800006dc (0x0a50b423) sd      t0, 168(ra)
core   0: 3 0x00000000800006dc (0x0a50b423) mem 0x000000008000f370 0x0000000000000000
core   0: >>>>  inst_38
core   0: 0x00000000800006e0 (0x0e023f87) fld     ft11, 224(tp)
core   0: 3 0x00000000800006e0 (0x0e023f87) f31 0x0000000000000001 mem 0x000000008000a270
core   0: 0x00000000800006e4 (0x0e823f07) fld     ft10, 232(tp)
core   0: 3 0x00000000800006e4 (0x0e823f07) f30 0x8000000000000002 mem 0x000000008000a278
core   0: 0x00000000800006e8 (0x00000113) li      sp, 0
core   0: 3 0x00000000800006e8 (0x00000113) x2  0x0000000000000000
core   0: 0x00000000800006ec (0x00311073) csrw    fcsr, sp
core   0: 3 0x00000000800006ec (0x00311073) c1_fflags 0x0000000000000000 c2_frm 0x0000000000000000
core   0: 0x00000000800006f0 (0xa3ef9fd3) flt.d   t6, ft11, ft10
core   0: 3 0x00000000800006f0 (0xa3ef9fd3) x31 0x0000000000000000
core   0: 0x00000000800006f4 (0x003022f3) csrr    t0, fcsr
core   0: 3 0x00000000800006f4 (0x003022f3) x5  0x0000000000000000
core   0: 0x00000000800006f8 (0x0bf0b823) sd      t6, 176(ra)
core   0: 3 0x00000000800006f8 (0x0bf0b823) mem 0x000000008000f378 0x0000000000000000
core   0: 0x00000000800006fc (0x0a50bc23) sd      t0, 184(ra)
core   0: 3 0x00000000800006fc (0x0a50bc23) mem 0x000000008000f380 0x0000000000000000
core   0: >>>>  inst_39
core   0: 0x0000000080000700 (0x0f023f87) fld     ft11, 240(tp)
core   0: 3 0x0000000080000700 (0x0f023f87) f31 0x0000000000000001 mem 0x000000008000a280
core   0: 0x0000000080000704 (0x0f823f07) fld     ft10, 248(tp)
core   0: 3 0x0000000080000704 (0x0f823f07) f30 0x800fffffffffffff mem 0x000000008000a288
core   0: 0x0000000080000708 (0x00000113) li      sp, 0
core   0: 3 0x0000000080000708 (0x00000113) x2  0x0000000000000000
core   0: 0x000000008000070c (0x00311073) csrw    fcsr, sp
core   0: 3 0x000000008000070c (0x00311073) c1_fflags 0x0000000000000000 c2_frm 0x0000000000000000
core   0: 0x0000000080000710 (0xa3ef9fd3) flt.d   t6, ft11, ft10
core   0: 3 0x0000000080000710 (0xa3ef9fd3) x31 0x0000000000000000
core   0: 0x0000000080000714 (0x003022f3) csrr    t0, fcsr
core   0: 3 0x0000000080000714 (0x003022f3) x5  0x0000000000000000
core   0: 0x0000000080000718 (0x0df0b023) sd      t6, 192(ra)
core   0: 3 0x0000000080000718 (0x0df0b023) mem 0x000000008000f388 0x0000000000000000
core   0: 0x000000008000071c (0x0c50b423) sd      t0, 200(ra)
core   0: 3 0x000000008000071c (0x0c50b423) mem 0x000000008000f390 0x0000000000000000
core   0: >>>>  inst_40
core   0: 0x0000000080000720 (0x10023f87) fld     ft11, 256(tp)
core   0: 3 0x0000000080000720 (0x10023f87) f31 0x0000000000000001 mem 0x000000008000a290
core   0: 0x0000000080000724 (0x10823f07) fld     ft10, 264(tp)
core   0: 3 0x0000000080000724 (0x10823f07) f30 0x8010000000000000 mem 0x000000008000a298
core   0: 0x0000000080000728 (0x00000113) li      sp, 0
core   0: 3 0x0000000080000728 (0x00000113) x2  0x0000000000000000
core   0: 0x000000008000072c (0x00311073) csrw    fcsr, sp
core   0: 3 0x000000008000072c (0x00311073) c1_fflags 0x0000000000000000 c2_frm 0x0000000000000000
core   0: 0x0000000080000730 (0xa3ef9fd3) flt.d   t6, ft11, ft10
core   0: 3 0x0000000080000730 (0xa3ef9fd3) x31 0x0000000000000000
core   0: 0x0000000080000734 (0x003022f3) csrr    t0, fcsr
core   0: 3 0x0000000080000734 (0x003022f3) x5  0x0000000000000000
core   0: 0x0000000080000738 (0x0df0b823) sd      t6, 208(ra)
core   0: 3 0x0000000080000738 (0x0df0b823) mem 0x000000008000f398 0x0000000000000000
core   0: 0x000000008000073c (0x0c50bc23) sd      t0, 216(ra)
core   0: 3 0x000000008000073c (0x0c50bc23) mem 0x000000008000f3a0 0x0000000000000000
core   0: >>>>  inst_41
core   0: 0x0000000080000740 (0x11023f87) fld     ft11, 272(tp)
core   0: 3 0x0000000080000740 (0x11023f87) f31 0x0000000000000001 mem 0x000000008000a2a0
core   0: 0x0000000080000744 (0x11823f07) fld     ft10, 280(tp)
core   0: 3 0x0000000080000744 (0x11823f07) f30 0x8010000000000002 mem 0x000000008000a2a8
core   0: 0x0000000080000748 (0x00000113) li      sp, 0
core   0: 3 0x0000000080000748 (0x00000113) x2  0x0000000000000000
core   0: 0x000000008000074c (0x00311073) csrw    fcsr, sp
core   0: 3 0x000000008000074c (0x00311073) c1_fflags 0x0000000000000000 c2_frm 0x0000000000000000
core   0: 0x0000000080000750 (0xa3ef9fd3) flt.d   t6, ft11, ft10
core   0: 3 0x0000000080000750 (0xa3ef9fd3) x31 0x0000000000000000
core   0: 0x0000000080000754 (0x003022f3) csrr    t0, fcsr
core   0: 3 0x0000000080000754 (0x003022f3) x5  0x0000000000000000
core   0: 0x0000000080000758 (0x0ff0b023) sd      t6, 224(ra)
core   0: 3 0x0000000080000758 (0x0ff0b023) mem 0x000000008000f3a8 0x0000000000000000
core   0: 0x000000008000075c (0x0e50b423) sd      t0, 232(ra)
core   0: 3 0x000000008000075c (0x0e50b423) mem 0x000000008000f3b0 0x0000000000000000
core   0: >>>>  inst_42
core   0: 0x0000000080000760 (0x12023f87) fld     ft11, 288(tp)
core   0: 3 0x0000000080000760 (0x12023f87) f31 0x0000000000000001 mem 0x000000008000a2b0
core   0: 0x0000000080000764 (0x12823f07) fld     ft10, 296(tp)
core   0: 3 0x0000000080000764 (0x12823f07) f30 0xbf80000000000000 mem 0x000000008000a2b8
core   0: 0x0000000080000768 (0x00000113) li      sp, 0
core   0: 3 0x0000000080000768 (0x00000113) x2  0x0000000000000000
core   0: 0x000000008000076c (0x00311073) csrw    fcsr, sp
core   0: 3 0x000000008000076c (0x00311073) c1_fflags 0x0000000000000000 c2_frm 0x0000000000000000
core   0: 0x0000000080000770 (0xa3ef9fd3) flt.d   t6, ft11, ft10
core   0: 3 0x0000000080000770 (0xa3ef9fd3) x31 0x0000000000000000
core   0: 0x0000000080000774 (0x003022f3) csrr    t0, fcsr
core   0: 3 0x0000000080000774 (0x003022f3) x5  0x0000000000000000
core   0: 0x0000000080000778 (0x0ff0b823) sd      t6, 240(ra)
core   0: 3 0x0000000080000778 (0x0ff0b823) mem 0x000000008000f3b8 0x0000000000000000
core   0: 0x000000008000077c (0x0e50bc23) sd      t0, 248(ra)
core   0: 3 0x000000008000077c (0x0e50bc23) mem 0x000000008000f3c0 0x0000000000000000
core   0: >>>>  inst_43
core   0: 0x0000000080000780 (0x13023f87) fld     ft11, 304(tp)
core   0: 3 0x0000000080000780 (0x13023f87) f31 0x0000000000000001 mem 0x000000008000a2c0
core   0: 0x0000000080000784 (0x13823f07) fld     ft10, 312(tp)
core   0: 3 0x0000000080000784 (0x13823f07) f30 0xffefffffffffffff mem 0x000000008000a2c8
core   0: 0x0000000080000788 (0x00000113) li      sp, 0
core   0: 3 0x0000000080000788 (0x00000113) x2  0x0000000000000000
core   0: 0x000000008000078c (0x00311073) csrw    fcsr, sp
core   0: 3 0x000000008000078c (0x00311073) c1_fflags 0x0000000000000000 c2_frm 0x0000000000000000
core   0: 0x0000000080000790 (0xa3ef9fd3) flt.d   t6, ft11, ft10
core   0: 3 0x0000000080000790 (0xa3ef9fd3) x31 0x0000000000000000
core   0: 0x0000000080000794 (0x003022f3) csrr    t0, fcsr
core   0: 3 0x0000000080000794 (0x003022f3) x5  0x0000000000000000
core   0: 0x0000000080000798 (0x11f0b023) sd      t6, 256(ra)
core   0: 3 0x0000000080000798 (0x11f0b023) mem 0x000000008000f3c8 0x0000000000000000
core   0: 0x000000008000079c (0x1050b423) sd      t0, 264(ra)
core   0: 3 0x000000008000079c (0x1050b423) mem 0x000000008000f3d0 0x0000000000000000
core   0: >>>>  inst_44
core   0: 0x00000000800007a0 (0x14023f87) fld     ft11, 320(tp)
core   0: 3 0x00000000800007a0 (0x14023f87) f31 0x0000000000000001 mem 0x000000008000a2d0
core   0: 0x00000000800007a4 (0x14823f07) fld     ft10, 328(tp)
core   0: 3 0x00000000800007a4 (0x14823f07) f30 0xfff0000000000000 mem 0x000000008000a2d8
core   0: 0x00000000800007a8 (0x00000113) li      sp, 0
core   0: 3 0x00000000800007a8 (0x00000113) x2  0x0000000000000000
core   0: 0x00000000800007ac (0x00311073) csrw    fcsr, sp
core   0: 3 0x00000000800007ac (0x00311073) c1_fflags 0x0000000000000000 c2_frm 0x0000000000000000
core   0: 0x00000000800007b0 (0xa3ef9fd3) flt.d   t6, ft11, ft10
core   0: 3 0x00000000800007b0 (0xa3ef9fd3) x31 0x0000000000000000
core   0: 0x00000000800007b4 (0x003022f3) csrr    t0, fcsr
core   0: 3 0x00000000800007b4 (0x003022f3) x5  0x0000000000000000
core   0: 0x00000000800007b8 (0x11f0b823) sd      t6, 272(ra)
core   0: 3 0x00000000800007b8 (0x11f0b823) mem 0x000000008000f3d8 0x0000000000000000
core   0: 0x00000000800007bc (0x1050bc23) sd      t0, 280(ra)
core   0: 3 0x00000000800007bc (0x1050bc23) mem 0x000000008000f3e0 0x0000000000000000
core   0: >>>>  inst_45
core   0: 0x00000000800007c0 (0x15023f87) fld     ft11, 336(tp)
core   0: 3 0x00000000800007c0 (0x15023f87) f31 0x0000000000000001 mem 0x000000008000a2e0
core   0: 0x00000000800007c4 (0x15823f07) fld     ft10, 344(tp)
core   0: 3 0x00000000800007c4 (0x15823f07) f30 0xfff0000000000001 mem 0x000000008000a2e8
core   0: 0x00000000800007c8 (0x00000113) li      sp, 0
core   0: 3 0x00000000800007c8 (0x00000113) x2  0x0000000000000000
core   0: 0x00000000800007cc (0x00311073) csrw    fcsr, sp
core   0: 3 0x00000000800007cc (0x00311073) c1_fflags 0x0000000000000000 c2_frm 0x0000000000000000
core   0: 0x00000000800007d0 (0xa3ef9fd3) flt.d   t6, ft11, ft10
core   0: 3 0x00000000800007d0 (0xa3ef9fd3) c1_fflags 0x0000000000000010 x31 0x0000000000000000
core   0: 0x00000000800007d4 (0x003022f3) csrr    t0, fcsr
core   0: 3 0x00000000800007d4 (0x003022f3) x5  0x0000000000000010
core   0: 0x00000000800007d8 (0x13f0b023) sd      t6, 288(ra)
core   0: 3 0x00000000800007d8 (0x13f0b023) mem 0x000000008000f3e8 0x0000000000000000
core   0: 0x00000000800007dc (0x1250b423) sd      t0, 296(ra)
core   0: 3 0x00000000800007dc (0x1250b423) mem 0x000000008000f3f0 0x0000000000000010
core   0: >>>>  inst_46
core   0: 0x00000000800007e0 (0x16023f87) fld     ft11, 352(tp)
core   0: 3 0x00000000800007e0 (0x16023f87) f31 0x0000000000000001 mem 0x000000008000a2f0
core   0: 0x00000000800007e4 (0x16823f07) fld     ft10, 360(tp)
core   0: 3 0x00000000800007e4 (0x16823f07) f30 0xfff8000000000000 mem 0x000000008000a2f8
core   0: 0x00000000800007e8 (0x00000113) li      sp, 0
core   0: 3 0x00000000800007e8 (0x00000113) x2  0x0000000000000000
core   0: 0x00000000800007ec (0x00311073) csrw    fcsr, sp
core   0: 3 0x00000000800007ec (0x00311073) c1_fflags 0x0000000000000000 c2_frm 0x0000000000000000
core   0: 0x00000000800007f0 (0xa3ef9fd3) flt.d   t6, ft11, ft10
core   0: 3 0x00000000800007f0 (0xa3ef9fd3) c1_fflags 0x0000000000000010 x31 0x0000000000000000
core   0: 0x00000000800007f4 (0x003022f3) csrr    t0, fcsr
core   0: 3 0x00000000800007f4 (0x003022f3) x5  0x0000000000000010
core   0: 0x00000000800007f8 (0x13f0b823) sd      t6, 304(ra)
core   0: 3 0x00000000800007f8 (0x13f0b823) mem 0x000000008000f3f8 0x0000000000000000
core   0: 0x00000000800007fc (0x1250bc23) sd      t0, 312(ra)
core   0: 3 0x00000000800007fc (0x1250bc23) mem 0x000000008000f400 0x0000000000000010
core   0: >>>>  inst_47
core   0: 0x0000000080000800 (0x17023f87) fld     ft11, 368(tp)
core   0: 3 0x0000000080000800 (0x17023f87) f31 0x0000000000000001 mem 0x000000008000a300
core   0: 0x0000000080000804 (0x17823f07) fld     ft10, 376(tp)
core   0: 3 0x0000000080000804 (0x17823f07) f30 0xfff8000000000001 mem 0x000000008000a308
core   0: 0x0000000080000808 (0x00000113) li      sp, 0
core   0: 3 0x0000000080000808 (0x00000113) x2  0x0000000000000000
core   0: 0x000000008000080c (0x00311073) csrw    fcsr, sp
core   0: 3 0x000000008000080c (0x00311073) c1_fflags 0x0000000000000000 c2_frm 0x0000000000000000
core   0: 0x0000000080000810 (0xa3ef9fd3) flt.d   t6, ft11, ft10
core   0: 3 0x0000000080000810 (0xa3ef9fd3) c1_fflags 0x0000000000000010 x31 0x0000000000000000
core   0: 0x0000000080000814 (0x003022f3) csrr    t0, fcsr
core   0: 3 0x0000000080000814 (0x003022f3) x5  0x0000000000000010
core   0: 0x0000000080000818 (0x15f0b023) sd      t6, 320(ra)
core   0: 3 0x0000000080000818 (0x15f0b023) mem 0x000000008000f408 0x0000000000000000
core   0: 0x000000008000081c (0x1450b423) sd      t0, 328(ra)
core   0: 3 0x000000008000081c (0x1450b423) mem 0x000000008000f410 0x0000000000000010
core   0: >>>>  inst_48
core   0: 0x0000000080000820 (0x18023f87) fld     ft11, 384(tp)
core   0: 3 0x0000000080000820 (0x18023f87) f31 0x0000000000000002 mem 0x000000008000a310
core   0: 0x0000000080000824 (0x18823f07) fld     ft10, 392(tp)
core   0: 3 0x0000000080000824 (0x18823f07) f30 0x0000000000000000 mem 0x000000008000a318
core   0: 0x0000000080000828 (0x00000113) li      sp, 0
core   0: 3 0x0000000080000828 (0x00000113) x2  0x0000000000000000
core   0: 0x000000008000082c (0x00311073) csrw    fcsr, sp
core   0: 3 0x000000008000082c (0x00311073) c1_fflags 0x0000000000000000 c2_frm 0x0000000000000000
core   0: 0x0000000080000830 (0xa3ef9fd3) flt.d   t6, ft11, ft10
core   0: 3 0x0000000080000830 (0xa3ef9fd3) x31 0x0000000000000000
core   0: 0x0000000080000834 (0x003022f3) csrr    t0, fcsr
core   0: 3 0x0000000080000834 (0x003022f3) x5  0x0000000000000000
core   0: 0x0000000080000838 (0x15f0b823) sd      t6, 336(ra)
core   0: 3 0x0000000080000838 (0x15f0b823) mem 0x000000008000f418 0x0000000000000000
core   0: 0x000000008000083c (0x1450bc23) sd      t0, 344(ra)
core   0: 3 0x000000008000083c (0x1450bc23) mem 0x000000008000f420 0x0000000000000000
core   0: >>>>  inst_49
core   0: 0x0000000080000840 (0x19023f87) fld     ft11, 400(tp)
core   0: 3 0x0000000080000840 (0x19023f87) f31 0x0000000000000002 mem 0x000000008000a320
core   0: 0x0000000080000844 (0x19823f07) fld     ft10, 408(tp)
core   0: 3 0x0000000080000844 (0x19823f07) f30 0x0000000000000001 mem 0x000000008000a328
core   0: 0x0000000080000848 (0x00000113) li      sp, 0
core   0: 3 0x0000000080000848 (0x00000113) x2  0x0000000000000000
core   0: 0x000000008000084c (0x00311073) csrw    fcsr, sp
core   0: 3 0x000000008000084c (0x00311073) c1_fflags 0x0000000000000000 c2_frm 0x0000000000000000
core   0: 0x0000000080000850 (0xa3ef9fd3) flt.d   t6, ft11, ft10
core   0: 3 0x0000000080000850 (0xa3ef9fd3) x31 0x0000000000000000
core   0: 0x0000000080000854 (0x003022f3) csrr    t0, fcsr
core   0: 3 0x0000000080000854 (0x003022f3) x5  0x0000000000000000
core   0: 0x0000000080000858 (0x17f0b023) sd      t6, 352(ra)
core   0: 3 0x0000000080000858 (0x17f0b023) mem 0x000000008000f428 0x0000000000000000
core   0: 0x000000008000085c (0x1650b423) sd      t0, 360(ra)
core   0: 3 0x000000008000085c (0x1650b423) mem 0x000000008000f430 0x0000000000000000
core   0: >>>>  inst_50
core   0: 0x0000000080000860 (0x1a023f87) fld     ft11, 416(tp)
core   0: 3 0x0000000080000860 (0x1a023f87) f31 0x0000000000000002 mem 0x000000008000a330
core   0: 0x0000000080000864 (0x1a823f07) fld     ft10, 424(tp)
core   0: 3 0x0000000080000864 (0x1a823f07) f30 0x0000000000000002 mem 0x000000008000a338
core   0: 0x0000000080000868 (0x00000113) li      sp, 0
core   0: 3 0x0000000080000868 (0x00000113) x2  0x0000000000000000
core   0: 0x000000008000086c (0x00311073) csrw    fcsr, sp
core   0: 3 0x000000008000086c (0x00311073) c1_fflags 0x0000000000000000 c2_frm 0x0000000000000000
core   0: 0x0000000080000870 (0xa3ef9fd3) flt.d   t6, ft11, ft10
core   0: 3 0x0000000080000870 (0xa3ef9fd3) x31 0x0000000000000000
core   0: 0x0000000080000874 (0x003022f3) csrr    t0, fcsr
core   0: 3 0x0000000080000874 (0x003022f3) x5  0x0000000000000000
core   0: 0x0000000080000878 (0x17f0b823) sd      t6, 368(ra)
core   0: 3 0x0000000080000878 (0x17f0b823) mem 0x000000008000f438 0x0000000000000000
core   0: 0x000000008000087c (0x1650bc23) sd      t0, 376(ra)
core   0: 3 0x000000008000087c (0x1650bc23) mem 0x000000008000f440 0x0000000000000000
core   0: >>>>  inst_51
core   0: 0x0000000080000880 (0x1b023f87) fld     ft11, 432(tp)
core   0: 3 0x0000000080000880 (0x1b023f87) f31 0x0000000000000002 mem 0x000000008000a340
core   0: 0x0000000080000884 (0x1b823f07) fld     ft10, 440(tp)
core   0: 3 0x0000000080000884 (0x1b823f07) f30 0x000fffffffffffff mem 0x000000008000a348
core   0: 0x0000000080000888 (0x00000113) li      sp, 0
core   0: 3 0x0000000080000888 (0x00000113) x2  0x0000000000000000
core   0: 0x000000008000088c (0x00311073) csrw    fcsr, sp
core   0: 3 0x000000008000088c (0x00311073) c1_fflags 0x0000000000000000 c2_frm 0x0000000000000000
core   0: 0x0000000080000890 (0xa3ef9fd3) flt.d   t6, ft11, ft10
core   0: 3 0x0000000080000890 (0xa3ef9fd3) x31 0x0000000000000001
core   0: 0x0000000080000894 (0x003022f3) csrr    t0, fcsr
core   0: 3 0x0000000080000894 (0x003022f3) x5  0x0000000000000000
core   0: 0x0000000080000898 (0x19f0b023) sd      t6, 384(ra)
core   0: 3 0x0000000080000898 (0x19f0b023) mem 0x000000008000f448 0x0000000000000001
core   0: 0x000000008000089c (0x1850b423) sd      t0, 392(ra)
core   0: 3 0x000000008000089c (0x1850b423) mem 0x000000008000f450 0x0000000000000000
core   0: >>>>  inst_52
core   0: 0x00000000800008a0 (0x1c023f87) fld     ft11, 448(tp)
core   0: 3 0x00000000800008a0 (0x1c023f87) f31 0x0000000000000002 mem 0x000000008000a350
core   0: 0x00000000800008a4 (0x1c823f07) fld     ft10, 456(tp)
core   0: 3 0x00000000800008a4 (0x1c823f07) f30 0x0010000000000000 mem 0x000000008000a358
core   0: 0x00000000800008a8 (0x00000113) li      sp, 0
core   0: 3 0x00000000800008a8 (0x00000113) x2  0x0000000000000000
core   0: 0x00000000800008ac (0x00311073) csrw    fcsr, sp
core   0: 3 0x00000000800008ac (0x00311073) c1_fflags 0x0000000000000000 c2_frm 0x0000000000000000
core   0: 0x00000000800008b0 (0xa3ef9fd3) flt.d   t6, ft11, ft10
core   0: 3 0x00000000800008b0 (0xa3ef9fd3) x31 0x0000000000000001
core   0: 0x00000000800008b4 (0x003022f3) csrr    t0, fcsr
core   0: 3 0x00000000800008b4 (0x003022f3) x5  0x0000000000000000
core   0: 0x00000000800008b8 (0x19f0b823) sd      t6, 400(ra)
core   0: 3 0x00000000800008b8 (0x19f0b823) mem 0x000000008000f458 0x0000000000000001
core   0: 0x00000000800008bc (0x1850bc23) sd      t0, 408(ra)
core   0: 3 0x00000000800008bc (0x1850bc23) mem 0x000000008000f460 0x0000000000000000
core   0: >>>>  inst_53
core   0: 0x00000000800008c0 (0x1d023f87) fld     ft11, 464(tp)
core   0: 3 0x00000000800008c0 (0x1d023f87) f31 0x0000000000000002 mem 0x000000008000a360
core   0: 0x00000000800008c4 (0x1d823f07) fld     ft10, 472(tp)
core   0: 3 0x00000000800008c4 (0x1d823f07) f30 0x0010000000000002 mem 0x000000008000a368
core   0: 0x00000000800008c8 (0x00000113) li      sp, 0
core   0: 3 0x00000000800008c8 (0x00000113) x2  0x0000000000000000
core   0: 0x00000000800008cc (0x00311073) csrw    fcsr, sp
core   0: 3 0x00000000800008cc (0x00311073) c1_fflags 0x0000000000000000 c2_frm 0x0000000000000000
core   0: 0x00000000800008d0 (0xa3ef9fd3) flt.d   t6, ft11, ft10
core   0: 3 0x00000000800008d0 (0xa3ef9fd3) x31 0x0000000000000001
core   0: 0x00000000800008d4 (0x003022f3) csrr    t0, fcsr
core   0: 3 0x00000000800008d4 (0x003022f3) x5  0x0000000000000000
core   0: 0x00000000800008d8 (0x1bf0b023) sd      t6, 416(ra)
core   0: 3 0x00000000800008d8 (0x1bf0b023) mem 0x000000008000f468 0x0000000000000001
core   0: 0x00000000800008dc (0x1a50b423) sd      t0, 424(ra)
core   0: 3 0x00000000800008dc (0x1a50b423) mem 0x000000008000f470 0x0000000000000000
core   0: >>>>  inst_54
core   0: 0x00000000800008e0 (0x1e023f87) fld     ft11, 480(tp)
core   0: 3 0x00000000800008e0 (0x1e023f87) f31 0x0000000000000002 mem 0x000000008000a370
core   0: 0x00000000800008e4 (0x1e823f07) fld     ft10, 488(tp)
core   0: 3 0x00000000800008e4 (0x1e823f07) f30 0x3ff0000000000000 mem 0x000000008000a378
core   0: 0x00000000800008e8 (0x00000113) li      sp, 0
core   0: 3 0x00000000800008e8 (0x00000113) x2  0x0000000000000000
core   0: 0x00000000800008ec (0x00311073) csrw    fcsr, sp
core   0: 3 0x00000000800008ec (0x00311073) c1_fflags 0x0000000000000000 c2_frm 0x0000000000000000
core   0: 0x00000000800008f0 (0xa3ef9fd3) flt.d   t6, ft11, ft10
core   0: 3 0x00000000800008f0 (0xa3ef9fd3) x31 0x0000000000000001
core   0: 0x00000000800008f4 (0x003022f3) csrr    t0, fcsr
core   0: 3 0x00000000800008f4 (0x003022f3) x5  0x0000000000000000
core   0: 0x00000000800008f8 (0x1bf0b823) sd      t6, 432(ra)
core   0: 3 0x00000000800008f8 (0x1bf0b823) mem 0x000000008000f478 0x0000000000000001
core   0: 0x00000000800008fc (0x1a50bc23) sd      t0, 440(ra)
core   0: 3 0x00000000800008fc (0x1a50bc23) mem 0x000000008000f480 0x0000000000000000
core   0: >>>>  inst_55
core   0: 0x0000000080000900 (0x1f023f87) fld     ft11, 496(tp)
core   0: 3 0x0000000080000900 (0x1f023f87) f31 0x0000000000000002 mem 0x000000008000a380
core   0: 0x0000000080000904 (0x1f823f07) fld     ft10, 504(tp)
core   0: 3 0x0000000080000904 (0x1f823f07) f30 0x7fefffffffffffff mem 0x000000008000a388
core   0: 0x0000000080000908 (0x00000113) li      sp, 0
core   0: 3 0x0000000080000908 (0x00000113) x2  0x0000000000000000
core   0: 0x000000008000090c (0x00311073) csrw    fcsr, sp
core   0: 3 0x000000008000090c (0x00311073) c1_fflags 0x0000000000000000 c2_frm 0x0000000000000000
core   0: 0x0000000080000910 (0xa3ef9fd3) flt.d   t6, ft11, ft10
core   0: 3 0x0000000080000910 (0xa3ef9fd3) x31 0x0000000000000001
core   0: 0x0000000080000914 (0x003022f3) csrr    t0, fcsr
core   0: 3 0x0000000080000914 (0x003022f3) x5  0x0000000000000000
core   0: 0x0000000080000918 (0x1df0b023) sd      t6, 448(ra)
core   0: 3 0x0000000080000918 (0x1df0b023) mem 0x000000008000f488 0x0000000000000001
core   0: 0x000000008000091c (0x1c50b423) sd      t0, 456(ra)
core   0: 3 0x000000008000091c (0x1c50b423) mem 0x000000008000f490 0x0000000000000000
core   0: >>>>  inst_56
core   0: 0x0000000080000920 (0x20023f87) fld     ft11, 512(tp)
core   0: 3 0x0000000080000920 (0x20023f87) f31 0x0000000000000002 mem 0x000000008000a390
core   0: 0x0000000080000924 (0x20823f07) fld     ft10, 520(tp)
core   0: 3 0x0000000080000924 (0x20823f07) f30 0x7ff0000000000000 mem 0x000000008000a398
core   0: 0x0000000080000928 (0x00000113) li      sp, 0
core   0: 3 0x0000000080000928 (0x00000113) x2  0x0000000000000000
core   0: 0x000000008000092c (0x00311073) csrw    fcsr, sp
core   0: 3 0x000000008000092c (0x00311073) c1_fflags 0x0000000000000000 c2_frm 0x0000000000000000
core   0: 0x0000000080000930 (0xa3ef9fd3) flt.d   t6, ft11, ft10
core   0: 3 0x0000000080000930 (0xa3ef9fd3) x31 0x0000000000000001
core   0: 0x0000000080000934 (0x003022f3) csrr    t0, fcsr
core   0: 3 0x0000000080000934 (0x003022f3) x5  0x0000000000000000
core   0: 0x0000000080000938 (0x1df0b823) sd      t6, 464(ra)
core   0: 3 0x0000000080000938 (0x1df0b823) mem 0x000000008000f498 0x0000000000000001
core   0: 0x000000008000093c (0x1c50bc23) sd      t0, 472(ra)
core   0: 3 0x000000008000093c (0x1c50bc23) mem 0x000000008000f4a0 0x0000000000000000
core   0: >>>>  inst_57
core   0: 0x0000000080000940 (0x21023f87) fld     ft11, 528(tp)
core   0: 3 0x0000000080000940 (0x21023f87) f31 0x0000000000000002 mem 0x000000008000a3a0
core   0: 0x0000000080000944 (0x21823f07) fld     ft10, 536(tp)
core   0: 3 0x0000000080000944 (0x21823f07) f30 0x7ff0000000000001 mem 0x000000008000a3a8
core   0: 0x0000000080000948 (0x00000113) li      sp, 0
core   0: 3 0x0000000080000948 (0x00000113) x2  0x0000000000000000
core   0: 0x000000008000094c (0x00311073) csrw    fcsr, sp
core   0: 3 0x000000008000094c (0x00311073) c1_fflags 0x0000000000000000 c2_frm 0x0000000000000000
core   0: 0x0000000080000950 (0xa3ef9fd3) flt.d   t6, ft11, ft10
core   0: 3 0x0000000080000950 (0xa3ef9fd3) c1_fflags 0x0000000000000010 x31 0x0000000000000000
core   0: 0x0000000080000954 (0x003022f3) csrr    t0, fcsr
core   0: 3 0x0000000080000954 (0x003022f3) x5  0x0000000000000010
core   0: 0x0000000080000958 (0x1ff0b023) sd      t6, 480(ra)
core   0: 3 0x0000000080000958 (0x1ff0b023) mem 0x000000008000f4a8 0x0000000000000000
core   0: 0x000000008000095c (0x1e50b423) sd      t0, 488(ra)
core   0: 3 0x000000008000095c (0x1e50b423) mem 0x000000008000f4b0 0x0000000000000010
core   0: >>>>  inst_58
core   0: 0x0000000080000960 (0x22023f87) fld     ft11, 544(tp)
core   0: 3 0x0000000080000960 (0x22023f87) f31 0x0000000000000002 mem 0x000000008000a3b0
core   0: 0x0000000080000964 (0x22823f07) fld     ft10, 552(tp)
core   0: 3 0x0000000080000964 (0x22823f07) f30 0x7ff8000000000000 mem 0x000000008000a3b8
core   0: 0x0000000080000968 (0x00000113) li      sp, 0
core   0: 3 0x0000000080000968 (0x00000113) x2  0x0000000000000000
core   0: 0x000000008000096c (0x00311073) csrw    fcsr, sp
core   0: 3 0x000000008000096c (0x00311073) c1_fflags 0x0000000000000000 c2_frm 0x0000000000000000
core   0: 0x0000000080000970 (0xa3ef9fd3) flt.d   t6, ft11, ft10
core   0: 3 0x0000000080000970 (0xa3ef9fd3) c1_fflags 0x0000000000000010 x31 0x0000000000000000
core   0: 0x0000000080000974 (0x003022f3) csrr    t0, fcsr
core   0: 3 0x0000000080000974 (0x003022f3) x5  0x0000000000000010
core   0: 0x0000000080000978 (0x1ff0b823) sd      t6, 496(ra)
core   0: 3 0x0000000080000978 (0x1ff0b823) mem 0x000000008000f4b8 0x0000000000000000
core   0: 0x000000008000097c (0x1e50bc23) sd      t0, 504(ra)
core   0: 3 0x000000008000097c (0x1e50bc23) mem 0x000000008000f4c0 0x0000000000000010
core   0: >>>>  inst_59
core   0: 0x0000000080000980 (0x23023f87) fld     ft11, 560(tp)
core   0: 3 0x0000000080000980 (0x23023f87) f31 0x0000000000000002 mem 0x000000008000a3c0
core   0: 0x0000000080000984 (0x23823f07) fld     ft10, 568(tp)
core   0: 3 0x0000000080000984 (0x23823f07) f30 0x7ff8000000000001 mem 0x000000008000a3c8
core   0: 0x0000000080000988 (0x00000113) li      sp, 0
core   0: 3 0x0000000080000988 (0x00000113) x2  0x0000000000000000
core   0: 0x000000008000098c (0x00311073) csrw    fcsr, sp
core   0: 3 0x000000008000098c (0x00311073) c1_fflags 0x0000000000000000 c2_frm 0x0000000000000000
core   0: 0x0000000080000990 (0xa3ef9fd3) flt.d   t6, ft11, ft10
core   0: 3 0x0000000080000990 (0xa3ef9fd3) c1_fflags 0x0000000000000010 x31 0x0000000000000000
core   0: 0x0000000080000994 (0x003022f3) csrr    t0, fcsr
core   0: 3 0x0000000080000994 (0x003022f3) x5  0x0000000000000010
core   0: 0x0000000080000998 (0x21f0b023) sd      t6, 512(ra)
core   0: 3 0x0000000080000998 (0x21f0b023) mem 0x000000008000f4c8 0x0000000000000000
core   0: 0x000000008000099c (0x2050b423) sd      t0, 520(ra)
core   0: 3 0x000000008000099c (0x2050b423) mem 0x000000008000f4d0 0x0000000000000010
core   0: >>>>  inst_60
core   0: 0x00000000800009a0 (0x24023f87) fld     ft11, 576(tp)
core   0: 3 0x00000000800009a0 (0x24023f87) f31 0x0000000000000002 mem 0x000000008000a3d0
core   0: 0x00000000800009a4 (0x24823f07) fld     ft10, 584(tp)
core   0: 3 0x00000000800009a4 (0x24823f07) f30 0x8000000000000000 mem 0x000000008000a3d8
core   0: 0x00000000800009a8 (0x00000113) li      sp, 0
core   0: 3 0x00000000800009a8 (0x00000113) x2  0x0000000000000000
core   0: 0x00000000800009ac (0x00311073) csrw    fcsr, sp
core   0: 3 0x00000000800009ac (0x00311073) c1_fflags 0x0000000000000000 c2_frm 0x0000000000000000
core   0: 0x00000000800009b0 (0xa3ef9fd3) flt.d   t6, ft11, ft10
core   0: 3 0x00000000800009b0 (0xa3ef9fd3) x31 0x0000000000000000
core   0: 0x00000000800009b4 (0x003022f3) csrr    t0, fcsr
core   0: 3 0x00000000800009b4 (0x003022f3) x5  0x0000000000000000
core   0: 0x00000000800009b8 (0x21f0b823) sd      t6, 528(ra)
core   0: 3 0x00000000800009b8 (0x21f0b823) mem 0x000000008000f4d8 0x0000000000000000
core   0: 0x00000000800009bc (0x2050bc23) sd      t0, 536(ra)
core   0: 3 0x00000000800009bc (0x2050bc23) mem 0x000000008000f4e0 0x0000000000000000
core   0: >>>>  inst_61
core   0: 0x00000000800009c0 (0x25023f87) fld     ft11, 592(tp)
core   0: 3 0x00000000800009c0 (0x25023f87) f31 0x0000000000000002 mem 0x000000008000a3e0
core   0: 0x00000000800009c4 (0x25823f07) fld     ft10, 600(tp)
core   0: 3 0x00000000800009c4 (0x25823f07) f30 0x8000000000000001 mem 0x000000008000a3e8
core   0: 0x00000000800009c8 (0x00000113) li      sp, 0
core   0: 3 0x00000000800009c8 (0x00000113) x2  0x0000000000000000
core   0: 0x00000000800009cc (0x00311073) csrw    fcsr, sp
core   0: 3 0x00000000800009cc (0x00311073) c1_fflags 0x0000000000000000 c2_frm 0x0000000000000000
core   0: 0x00000000800009d0 (0xa3ef9fd3) flt.d   t6, ft11, ft10
core   0: 3 0x00000000800009d0 (0xa3ef9fd3) x31 0x0000000000000000
core   0: 0x00000000800009d4 (0x003022f3) csrr    t0, fcsr
core   0: 3 0x00000000800009d4 (0x003022f3) x5  0x0000000000000000
core   0: 0x00000000800009d8 (0x23f0b023) sd      t6, 544(ra)
core   0: 3 0x00000000800009d8 (0x23f0b023) mem 0x000000008000f4e8 0x0000000000000000
core   0: 0x00000000800009dc (0x2250b423) sd      t0, 552(ra)
core   0: 3 0x00000000800009dc (0x2250b423) mem 0x000000008000f4f0 0x0000000000000000
core   0: >>>>  inst_62
core   0: 0x00000000800009e0 (0x26023f87) fld     ft11, 608(tp)
core   0: 3 0x00000000800009e0 (0x26023f87) f31 0x0000000000000002 mem 0x000000008000a3f0
core   0: 0x00000000800009e4 (0x26823f07) fld     ft10, 616(tp)
core   0: 3 0x00000000800009e4 (0x26823f07) f30 0x8000000000000002 mem 0x000000008000a3f8
core   0: 0x00000000800009e8 (0x00000113) li      sp, 0
core   0: 3 0x00000000800009e8 (0x00000113) x2  0x0000000000000000
core   0: 0x00000000800009ec (0x00311073) csrw    fcsr, sp
core   0: 3 0x00000000800009ec (0x00311073) c1_fflags 0x0000000000000000 c2_frm 0x0000000000000000
core   0: 0x00000000800009f0 (0xa3ef9fd3) flt.d   t6, ft11, ft10
core   0: 3 0x00000000800009f0 (0xa3ef9fd3) x31 0x0000000000000000
core   0: 0x00000000800009f4 (0x003022f3) csrr    t0, fcsr
core   0: 3 0x00000000800009f4 (0x003022f3) x5  0x0000000000000000
core   0: 0x00000000800009f8 (0x23f0b823) sd      t6, 560(ra)
core   0: 3 0x00000000800009f8 (0x23f0b823) mem 0x000000008000f4f8 0x0000000000000000
core   0: 0x00000000800009fc (0x2250bc23) sd      t0, 568(ra)
core   0: 3 0x00000000800009fc (0x2250bc23) mem 0x000000008000f500 0x0000000000000000
core   0: >>>>  inst_63
core   0: 0x0000000080000a00 (0x27023f87) fld     ft11, 624(tp)
core   0: 3 0x0000000080000a00 (0x27023f87) f31 0x0000000000000002 mem 0x000000008000a400
core   0: 0x0000000080000a04 (0x27823f07) fld     ft10, 632(tp)
core   0: 3 0x0000000080000a04 (0x27823f07) f30 0x800fffffffffffff mem 0x000000008000a408
core   0: 0x0000000080000a08 (0x00000113) li      sp, 0
core   0: 3 0x0000000080000a08 (0x00000113) x2  0x0000000000000000
core   0: 0x0000000080000a0c (0x00311073) csrw    fcsr, sp
core   0: 3 0x0000000080000a0c (0x00311073) c1_fflags 0x0000000000000000 c2_frm 0x0000000000000000
core   0: 0x0000000080000a10 (0xa3ef9fd3) flt.d   t6, ft11, ft10
core   0: 3 0x0000000080000a10 (0xa3ef9fd3) x31 0x0000000000000000
core   0: 0x0000000080000a14 (0x003022f3) csrr    t0, fcsr
core   0: 3 0x0000000080000a14 (0x003022f3) x5  0x0000000000000000
core   0: 0x0000000080000a18 (0x25f0b023) sd      t6, 576(ra)
core   0: 3 0x0000000080000a18 (0x25f0b023) mem 0x000000008000f508 0x0000000000000000
core   0: 0x0000000080000a1c (0x2450b423) sd      t0, 584(ra)
core   0: 3 0x0000000080000a1c (0x2450b423) mem 0x000000008000f510 0x0000000000000000
core   0: >>>>  inst_64
core   0: 0x0000000080000a20 (0x28023f87) fld     ft11, 640(tp)
core   0: 3 0x0000000080000a20 (0x28023f87) f31 0x0000000000000002 mem 0x000000008000a410
core   0: 0x0000000080000a24 (0x28823f07) fld     ft10, 648(tp)
core   0: 3 0x0000000080000a24 (0x28823f07) f30 0x8010000000000000 mem 0x000000008000a418
core   0: 0x0000000080000a28 (0x00000113) li      sp, 0
core   0: 3 0x0000000080000a28 (0x00000113) x2  0x0000000000000000
core   0: 0x0000000080000a2c (0x00311073) csrw    fcsr, sp
core   0: 3 0x0000000080000a2c (0x00311073) c1_fflags 0x0000000000000000 c2_frm 0x0000000000000000
core   0: 0x0000000080000a30 (0xa3ef9fd3) flt.d   t6, ft11, ft10
core   0: 3 0x0000000080000a30 (0xa3ef9fd3) x31 0x0000000000000000
core   0: 0x0000000080000a34 (0x003022f3) csrr    t0, fcsr
core   0: 3 0x0000000080000a34 (0x003022f3) x5  0x0000000000000000
core   0: 0x0000000080000a38 (0x25f0b823) sd      t6, 592(ra)
core   0: 3 0x0000000080000a38 (0x25f0b823) mem 0x000000008000f518 0x0000000000000000
core   0: 0x0000000080000a3c (0x2450bc23) sd      t0, 600(ra)
core   0: 3 0x0000000080000a3c (0x2450bc23) mem 0x000000008000f520 0x0000000000000000
core   0: >>>>  inst_65
core   0: 0x0000000080000a40 (0x29023f87) fld     ft11, 656(tp)
core   0: 3 0x0000000080000a40 (0x29023f87) f31 0x0000000000000002 mem 0x000000008000a420
core   0: 0x0000000080000a44 (0x29823f07) fld     ft10, 664(tp)
core   0: 3 0x0000000080000a44 (0x29823f07) f30 0x8010000000000002 mem 0x000000008000a428
core   0: 0x0000000080000a48 (0x00000113) li      sp, 0
core   0: 3 0x0000000080000a48 (0x00000113) x2  0x0000000000000000
core   0: 0x0000000080000a4c (0x00311073) csrw    fcsr, sp
core   0: 3 0x0000000080000a4c (0x00311073) c1_fflags 0x0000000000000000 c2_frm 0x0000000000000000
core   0: 0x0000000080000a50 (0xa3ef9fd3) flt.d   t6, ft11, ft10
core   0: 3 0x0000000080000a50 (0xa3ef9fd3) x31 0x0000000000000000
core   0: 0x0000000080000a54 (0x003022f3) csrr    t0, fcsr
core   0: 3 0x0000000080000a54 (0x003022f3) x5  0x0000000000000000
core   0: 0x0000000080000a58 (0x27f0b023) sd      t6, 608(ra)
core   0: 3 0x0000000080000a58 (0x27f0b023) mem 0x000000008000f528 0x0000000000000000
core   0: 0x0000000080000a5c (0x2650b423) sd      t0, 616(ra)
core   0: 3 0x0000000080000a5c (0x2650b423) mem 0x000000008000f530 0x0000000000000000
core   0: >>>>  inst_66
core   0: 0x0000000080000a60 (0x2a023f87) fld     ft11, 672(tp)
core   0: 3 0x0000000080000a60 (0x2a023f87) f31 0x0000000000000002 mem 0x000000008000a430
core   0: 0x0000000080000a64 (0x2a823f07) fld     ft10, 680(tp)
core   0: 3 0x0000000080000a64 (0x2a823f07) f30 0xbf80000000000000 mem 0x000000008000a438
core   0: 0x0000000080000a68 (0x00000113) li      sp, 0
core   0: 3 0x0000000080000a68 (0x00000113) x2  0x0000000000000000
core   0: 0x0000000080000a6c (0x00311073) csrw    fcsr, sp
core   0: 3 0x0000000080000a6c (0x00311073) c1_fflags 0x0000000000000000 c2_frm 0x0000000000000000
core   0: 0x0000000080000a70 (0xa3ef9fd3) flt.d   t6, ft11, ft10
core   0: 3 0x0000000080000a70 (0xa3ef9fd3) x31 0x0000000000000000
core   0: 0x0000000080000a74 (0x003022f3) csrr    t0, fcsr
core   0: 3 0x0000000080000a74 (0x003022f3) x5  0x0000000000000000
core   0: 0x0000000080000a78 (0x27f0b823) sd      t6, 624(ra)
core   0: 3 0x0000000080000a78 (0x27f0b823) mem 0x000000008000f538 0x0000000000000000
core   0: 0x0000000080000a7c (0x2650bc23) sd      t0, 632(ra)
core   0: 3 0x0000000080000a7c (0x2650bc23) mem 0x000000008000f540 0x0000000000000000
core   0: >>>>  inst_67
core   0: 0x0000000080000a80 (0x2b023f87) fld     ft11, 688(tp)
core   0: 3 0x0000000080000a80 (0x2b023f87) f31 0x0000000000000002 mem 0x000000008000a440
core   0: 0x0000000080000a84 (0x2b823f07) fld     ft10, 696(tp)
core   0: 3 0x0000000080000a84 (0x2b823f07) f30 0xffefffffffffffff mem 0x000000008000a448
core   0: 0x0000000080000a88 (0x00000113) li      sp, 0
core   0: 3 0x0000000080000a88 (0x00000113) x2  0x0000000000000000
core   0: 0x0000000080000a8c (0x00311073) csrw    fcsr, sp
core   0: 3 0x0000000080000a8c (0x00311073) c1_fflags 0x0000000000000000 c2_frm 0x0000000000000000
core   0: 0x0000000080000a90 (0xa3ef9fd3) flt.d   t6, ft11, ft10
core   0: 3 0x0000000080000a90 (0xa3ef9fd3) x31 0x0000000000000000
core   0: 0x0000000080000a94 (0x003022f3) csrr    t0, fcsr
core   0: 3 0x0000000080000a94 (0x003022f3) x5  0x0000000000000000
core   0: 0x0000000080000a98 (0x29f0b023) sd      t6, 640(ra)
core   0: 3 0x0000000080000a98 (0x29f0b023) mem 0x000000008000f548 0x0000000000000000
core   0: 0x0000000080000a9c (0x2850b423) sd      t0, 648(ra)
core   0: 3 0x0000000080000a9c (0x2850b423) mem 0x000000008000f550 0x0000000000000000
core   0: >>>>  inst_68
core   0: 0x0000000080000aa0 (0x2c023f87) fld     ft11, 704(tp)
core   0: 3 0x0000000080000aa0 (0x2c023f87) f31 0x0000000000000002 mem 0x000000008000a450
core   0: 0x0000000080000aa4 (0x2c823f07) fld     ft10, 712(tp)
core   0: 3 0x0000000080000aa4 (0x2c823f07) f30 0xfff0000000000000 mem 0x000000008000a458
core   0: 0x0000000080000aa8 (0x00000113) li      sp, 0
core   0: 3 0x0000000080000aa8 (0x00000113) x2  0x0000000000000000
core   0: 0x0000000080000aac (0x00311073) csrw    fcsr, sp
core   0: 3 0x0000000080000aac (0x00311073) c1_fflags 0x0000000000000000 c2_frm 0x0000000000000000
core   0: 0x0000000080000ab0 (0xa3ef9fd3) flt.d   t6, ft11, ft10
core   0: 3 0x0000000080000ab0 (0xa3ef9fd3) x31 0x0000000000000000
core   0: 0x0000000080000ab4 (0x003022f3) csrr    t0, fcsr
core   0: 3 0x0000000080000ab4 (0x003022f3) x5  0x0000000000000000
core   0: 0x0000000080000ab8 (0x29f0b823) sd      t6, 656(ra)
core   0: 3 0x0000000080000ab8 (0x29f0b823) mem 0x000000008000f558 0x0000000000000000
core   0: 0x0000000080000abc (0x2850bc23) sd      t0, 664(ra)
core   0: 3 0x0000000080000abc (0x2850bc23) mem 0x000000008000f560 0x0000000000000000
core   0: >>>>  inst_69
core   0: 0x0000000080000ac0 (0x2d023f87) fld     ft11, 720(tp)
core   0: 3 0x0000000080000ac0 (0x2d023f87) f31 0x0000000000000002 mem 0x000000008000a460
core   0: 0x0000000080000ac4 (0x2d823f07) fld     ft10, 728(tp)
core   0: 3 0x0000000080000ac4 (0x2d823f07) f30 0xfff0000000000001 mem 0x000000008000a468
core   0: 0x0000000080000ac8 (0x00000113) li      sp, 0
core   0: 3 0x0000000080000ac8 (0x00000113) x2  0x0000000000000000
core   0: 0x0000000080000acc (0x00311073) csrw    fcsr, sp
core   0: 3 0x0000000080000acc (0x00311073) c1_fflags 0x0000000000000000 c2_frm 0x0000000000000000
core   0: 0x0000000080000ad0 (0xa3ef9fd3) flt.d   t6, ft11, ft10
core   0: 3 0x0000000080000ad0 (0xa3ef9fd3) c1_fflags 0x0000000000000010 x31 0x0000000000000000
core   0: 0x0000000080000ad4 (0x003022f3) csrr    t0, fcsr
core   0: 3 0x0000000080000ad4 (0x003022f3) x5  0x0000000000000010
core   0: 0x0000000080000ad8 (0x2bf0b023) sd      t6, 672(ra)
core   0: 3 0x0000000080000ad8 (0x2bf0b023) mem 0x000000008000f568 0x0000000000000000
core   0: 0x0000000080000adc (0x2a50b423) sd      t0, 680(ra)
core   0: 3 0x0000000080000adc (0x2a50b423) mem 0x000000008000f570 0x0000000000000010
core   0: >>>>  inst_70
core   0: 0x0000000080000ae0 (0x2e023f87) fld     ft11, 736(tp)
core   0: 3 0x0000000080000ae0 (0x2e023f87) f31 0x0000000000000002 mem 0x000000008000a470
core   0: 0x0000000080000ae4 (0x2e823f07) fld     ft10, 744(tp)
core   0: 3 0x0000000080000ae4 (0x2e823f07) f30 0xfff8000000000000 mem 0x000000008000a478
core   0: 0x0000000080000ae8 (0x00000113) li      sp, 0
core   0: 3 0x0000000080000ae8 (0x00000113) x2  0x0000000000000000
core   0: 0x0000000080000aec (0x00311073) csrw    fcsr, sp
core   0: 3 0x0000000080000aec (0x00311073) c1_fflags 0x0000000000000000 c2_frm 0x0000000000000000
core   0: 0x0000000080000af0 (0xa3ef9fd3) flt.d   t6, ft11, ft10
core   0: 3 0x0000000080000af0 (0xa3ef9fd3) c1_fflags 0x0000000000000010 x31 0x0000000000000000
core   0: 0x0000000080000af4 (0x003022f3) csrr    t0, fcsr
core   0: 3 0x0000000080000af4 (0x003022f3) x5  0x0000000000000010
core   0: 0x0000000080000af8 (0x2bf0b823) sd      t6, 688(ra)
core   0: 3 0x0000000080000af8 (0x2bf0b823) mem 0x000000008000f578 0x0000000000000000
core   0: 0x0000000080000afc (0x2a50bc23) sd      t0, 696(ra)
core   0: 3 0x0000000080000afc (0x2a50bc23) mem 0x000000008000f580 0x0000000000000010
core   0: >>>>  inst_71
core   0: 0x0000000080000b00 (0x2f023f87) fld     ft11, 752(tp)
core   0: 3 0x0000000080000b00 (0x2f023f87) f31 0x0000000000000002 mem 0x000000008000a480
core   0: 0x0000000080000b04 (0x2f823f07) fld     ft10, 760(tp)
core   0: 3 0x0000000080000b04 (0x2f823f07) f30 0xfff8000000000001 mem 0x000000008000a488
core   0: 0x0000000080000b08 (0x00000113) li      sp, 0
core   0: 3 0x0000000080000b08 (0x00000113) x2  0x0000000000000000
core   0: 0x0000000080000b0c (0x00311073) csrw    fcsr, sp
core   0: 3 0x0000000080000b0c (0x00311073) c1_fflags 0x0000000000000000 c2_frm 0x0000000000000000
core   0: 0x0000000080000b10 (0xa3ef9fd3) flt.d   t6, ft11, ft10
core   0: 3 0x0000000080000b10 (0xa3ef9fd3) c1_fflags 0x0000000000000010 x31 0x0000000000000000
core   0: 0x0000000080000b14 (0x003022f3) csrr    t0, fcsr
core   0: 3 0x0000000080000b14 (0x003022f3) x5  0x0000000000000010
core   0: 0x0000000080000b18 (0x2df0b023) sd      t6, 704(ra)
core   0: 3 0x0000000080000b18 (0x2df0b023) mem 0x000000008000f588 0x0000000000000000
core   0: 0x0000000080000b1c (0x2c50b423) sd      t0, 712(ra)
core   0: 3 0x0000000080000b1c (0x2c50b423) mem 0x000000008000f590 0x0000000000000010
core   0: >>>>  inst_72
core   0: 0x0000000080000b20 (0x30023f87) fld     ft11, 768(tp)
core   0: 3 0x0000000080000b20 (0x30023f87) f31 0x000fffffffffffff mem 0x000000008000a490
core   0: 0x0000000080000b24 (0x30823f07) fld     ft10, 776(tp)
core   0: 3 0x0000000080000b24 (0x30823f07) f30 0x0000000000000000 mem 0x000000008000a498
core   0: 0x0000000080000b28 (0x00000113) li      sp, 0
core   0: 3 0x0000000080000b28 (0x00000113) x2  0x0000000000000000
core   0: 0x0000000080000b2c (0x00311073) csrw    fcsr, sp
core   0: 3 0x0000000080000b2c (0x00311073) c1_fflags 0x0000000000000000 c2_frm 0x0000000000000000
core   0: 0x0000000080000b30 (0xa3ef9fd3) flt.d   t6, ft11, ft10
core   0: 3 0x0000000080000b30 (0xa3ef9fd3) x31 0x0000000000000000
core   0: 0x0000000080000b34 (0x003022f3) csrr    t0, fcsr
core   0: 3 0x0000000080000b34 (0x003022f3) x5  0x0000000000000000
core   0: 0x0000000080000b38 (0x2df0b823) sd      t6, 720(ra)
core   0: 3 0x0000000080000b38 (0x2df0b823) mem 0x000000008000f598 0x0000000000000000
core   0: 0x0000000080000b3c (0x2c50bc23) sd      t0, 728(ra)
core   0: 3 0x0000000080000b3c (0x2c50bc23) mem 0x000000008000f5a0 0x0000000000000000
core   0: >>>>  inst_73
core   0: 0x0000000080000b40 (0x31023f87) fld     ft11, 784(tp)
core   0: 3 0x0000000080000b40 (0x31023f87) f31 0x000fffffffffffff mem 0x000000008000a4a0
core   0: 0x0000000080000b44 (0x31823f07) fld     ft10, 792(tp)
core   0: 3 0x0000000080000b44 (0x31823f07) f30 0x0000000000000001 mem 0x000000008000a4a8
core   0: 0x0000000080000b48 (0x00000113) li      sp, 0
core   0: 3 0x0000000080000b48 (0x00000113) x2  0x0000000000000000
core   0: 0x0000000080000b4c (0x00311073) csrw    fcsr, sp
core   0: 3 0x0000000080000b4c (0x00311073) c1_fflags 0x0000000000000000 c2_frm 0x0000000000000000
core   0: 0x0000000080000b50 (0xa3ef9fd3) flt.d   t6, ft11, ft10
core   0: 3 0x0000000080000b50 (0xa3ef9fd3) x31 0x0000000000000000
core   0: 0x0000000080000b54 (0x003022f3) csrr    t0, fcsr
core   0: 3 0x0000000080000b54 (0x003022f3) x5  0x0000000000000000
core   0: 0x0000000080000b58 (0x2ff0b023) sd      t6, 736(ra)
core   0: 3 0x0000000080000b58 (0x2ff0b023) mem 0x000000008000f5a8 0x0000000000000000
core   0: 0x0000000080000b5c (0x2e50b423) sd      t0, 744(ra)
core   0: 3 0x0000000080000b5c (0x2e50b423) mem 0x000000008000f5b0 0x0000000000000000
core   0: >>>>  inst_74
core   0: 0x0000000080000b60 (0x32023f87) fld     ft11, 800(tp)
core   0: 3 0x0000000080000b60 (0x32023f87) f31 0x000fffffffffffff mem 0x000000008000a4b0
core   0: 0x0000000080000b64 (0x32823f07) fld     ft10, 808(tp)
core   0: 3 0x0000000080000b64 (0x32823f07) f30 0x0000000000000002 mem 0x000000008000a4b8
core   0: 0x0000000080000b68 (0x00000113) li      sp, 0
core   0: 3 0x0000000080000b68 (0x00000113) x2  0x0000000000000000
core   0: 0x0000000080000b6c (0x00311073) csrw    fcsr, sp
core   0: 3 0x0000000080000b6c (0x00311073) c1_fflags 0x0000000000000000 c2_frm 0x0000000000000000
core   0: 0x0000000080000b70 (0xa3ef9fd3) flt.d   t6, ft11, ft10
core   0: 3 0x0000000080000b70 (0xa3ef9fd3) x31 0x0000000000000000
core   0: 0x0000000080000b74 (0x003022f3) csrr    t0, fcsr
core   0: 3 0x0000000080000b74 (0x003022f3) x5  0x0000000000000000
core   0: 0x0000000080000b78 (0x2ff0b823) sd      t6, 752(ra)
core   0: 3 0x0000000080000b78 (0x2ff0b823) mem 0x000000008000f5b8 0x0000000000000000
core   0: 0x0000000080000b7c (0x2e50bc23) sd      t0, 760(ra)
core   0: 3 0x0000000080000b7c (0x2e50bc23) mem 0x000000008000f5c0 0x0000000000000000
core   0: >>>>  inst_75
core   0: 0x0000000080000b80 (0x33023f87) fld     ft11, 816(tp)
core   0: 3 0x0000000080000b80 (0x33023f87) f31 0x000fffffffffffff mem 0x000000008000a4c0
core   0: 0x0000000080000b84 (0x33823f07) fld     ft10, 824(tp)
core   0: 3 0x0000000080000b84 (0x33823f07) f30 0x000fffffffffffff mem 0x000000008000a4c8
core   0: 0x0000000080000b88 (0x00000113) li      sp, 0
core   0: 3 0x0000000080000b88 (0x00000113) x2  0x0000000000000000
core   0: 0x0000000080000b8c (0x00311073) csrw    fcsr, sp
core   0: 3 0x0000000080000b8c (0x00311073) c1_fflags 0x0000000000000000 c2_frm 0x0000000000000000
core   0: 0x0000000080000b90 (0xa3ef9fd3) flt.d   t6, ft11, ft10
core   0: 3 0x0000000080000b90 (0xa3ef9fd3) x31 0x0000000000000000
core   0: 0x0000000080000b94 (0x003022f3) csrr    t0, fcsr
core   0: 3 0x0000000080000b94 (0x003022f3) x5  0x0000000000000000
core   0: 0x0000000080000b98 (0x31f0b023) sd      t6, 768(ra)
core   0: 3 0x0000000080000b98 (0x31f0b023) mem 0x000000008000f5c8 0x0000000000000000
core   0: 0x0000000080000b9c (0x3050b423) sd      t0, 776(ra)
core   0: 3 0x0000000080000b9c (0x3050b423) mem 0x000000008000f5d0 0x0000000000000000
core   0: >>>>  inst_76
core   0: 0x0000000080000ba0 (0x34023f87) fld     ft11, 832(tp)
core   0: 3 0x0000000080000ba0 (0x34023f87) f31 0x000fffffffffffff mem 0x000000008000a4d0
core   0: 0x0000000080000ba4 (0x34823f07) fld     ft10, 840(tp)
core   0: 3 0x0000000080000ba4 (0x34823f07) f30 0x0010000000000000 mem 0x000000008000a4d8
core   0: 0x0000000080000ba8 (0x00000113) li      sp, 0
core   0: 3 0x0000000080000ba8 (0x00000113) x2  0x0000000000000000
core   0: 0x0000000080000bac (0x00311073) csrw    fcsr, sp
core   0: 3 0x0000000080000bac (0x00311073) c1_fflags 0x0000000000000000 c2_frm 0x0000000000000000
core   0: 0x0000000080000bb0 (0xa3ef9fd3) flt.d   t6, ft11, ft10
core   0: 3 0x0000000080000bb0 (0xa3ef9fd3) x31 0x0000000000000001
core   0: 0x0000000080000bb4 (0x003022f3) csrr    t0, fcsr
core   0: 3 0x0000000080000bb4 (0x003022f3) x5  0x0000000000000000
core   0: 0x0000000080000bb8 (0x31f0b823) sd      t6, 784(ra)
core   0: 3 0x0000000080000bb8 (0x31f0b823) mem 0x000000008000f5d8 0x0000000000000001
core   0: 0x0000000080000bbc (0x3050bc23) sd      t0, 792(ra)
core   0: 3 0x0000000080000bbc (0x3050bc23) mem 0x000000008000f5e0 0x0000000000000000
core   0: >>>>  inst_77
core   0: 0x0000000080000bc0 (0x35023f87) fld     ft11, 848(tp)
core   0: 3 0x0000000080000bc0 (0x35023f87) f31 0x000fffffffffffff mem 0x000000008000a4e0
core   0: 0x0000000080000bc4 (0x35823f07) fld     ft10, 856(tp)
core   0: 3 0x0000000080000bc4 (0x35823f07) f30 0x0010000000000002 mem 0x000000008000a4e8
core   0: 0x0000000080000bc8 (0x00000113) li      sp, 0
core   0: 3 0x0000000080000bc8 (0x00000113) x2  0x0000000000000000
core   0: 0x0000000080000bcc (0x00311073) csrw    fcsr, sp
core   0: 3 0x0000000080000bcc (0x00311073) c1_fflags 0x0000000000000000 c2_frm 0x0000000000000000
core   0: 0x0000000080000bd0 (0xa3ef9fd3) flt.d   t6, ft11, ft10
core   0: 3 0x0000000080000bd0 (0xa3ef9fd3) x31 0x0000000000000001
core   0: 0x0000000080000bd4 (0x003022f3) csrr    t0, fcsr
core   0: 3 0x0000000080000bd4 (0x003022f3) x5  0x0000000000000000
core   0: 0x0000000080000bd8 (0x33f0b023) sd      t6, 800(ra)
core   0: 3 0x0000000080000bd8 (0x33f0b023) mem 0x000000008000f5e8 0x0000000000000001
core   0: 0x0000000080000bdc (0x3250b423) sd      t0, 808(ra)
core   0: 3 0x0000000080000bdc (0x3250b423) mem 0x000000008000f5f0 0x0000000000000000
core   0: >>>>  inst_78
core   0: 0x0000000080000be0 (0x36023f87) fld     ft11, 864(tp)
core   0: 3 0x0000000080000be0 (0x36023f87) f31 0x000fffffffffffff mem 0x000000008000a4f0
core   0: 0x0000000080000be4 (0x36823f07) fld     ft10, 872(tp)
core   0: 3 0x0000000080000be4 (0x36823f07) f30 0x3ff0000000000000 mem 0x000000008000a4f8
core   0: 0x0000000080000be8 (0x00000113) li      sp, 0
core   0: 3 0x0000000080000be8 (0x00000113) x2  0x0000000000000000
core   0: 0x0000000080000bec (0x00311073) csrw    fcsr, sp
core   0: 3 0x0000000080000bec (0x00311073) c1_fflags 0x0000000000000000 c2_frm 0x0000000000000000
core   0: 0x0000000080000bf0 (0xa3ef9fd3) flt.d   t6, ft11, ft10
core   0: 3 0x0000000080000bf0 (0xa3ef9fd3) x31 0x0000000000000001
core   0: 0x0000000080000bf4 (0x003022f3) csrr    t0, fcsr
core   0: 3 0x0000000080000bf4 (0x003022f3) x5  0x0000000000000000
core   0: 0x0000000080000bf8 (0x33f0b823) sd      t6, 816(ra)
core   0: 3 0x0000000080000bf8 (0x33f0b823) mem 0x000000008000f5f8 0x0000000000000001
core   0: 0x0000000080000bfc (0x3250bc23) sd      t0, 824(ra)
core   0: 3 0x0000000080000bfc (0x3250bc23) mem 0x000000008000f600 0x0000000000000000
core   0: >>>>  inst_79
core   0: 0x0000000080000c00 (0x37023f87) fld     ft11, 880(tp)
core   0: 3 0x0000000080000c00 (0x37023f87) f31 0x000fffffffffffff mem 0x000000008000a500
core   0: 0x0000000080000c04 (0x37823f07) fld     ft10, 888(tp)
core   0: 3 0x0000000080000c04 (0x37823f07) f30 0x7fefffffffffffff mem 0x000000008000a508
core   0: 0x0000000080000c08 (0x00000113) li      sp, 0
core   0: 3 0x0000000080000c08 (0x00000113) x2  0x0000000000000000
core   0: 0x0000000080000c0c (0x00311073) csrw    fcsr, sp
core   0: 3 0x0000000080000c0c (0x00311073) c1_fflags 0x0000000000000000 c2_frm 0x0000000000000000
core   0: 0x0000000080000c10 (0xa3ef9fd3) flt.d   t6, ft11, ft10
core   0: 3 0x0000000080000c10 (0xa3ef9fd3) x31 0x0000000000000001
core   0: 0x0000000080000c14 (0x003022f3) csrr    t0, fcsr
core   0: 3 0x0000000080000c14 (0x003022f3) x5  0x0000000000000000
core   0: 0x0000000080000c18 (0x35f0b023) sd      t6, 832(ra)
core   0: 3 0x0000000080000c18 (0x35f0b023) mem 0x000000008000f608 0x0000000000000001
core   0: 0x0000000080000c1c (0x3450b423) sd      t0, 840(ra)
core   0: 3 0x0000000080000c1c (0x3450b423) mem 0x000000008000f610 0x0000000000000000
core   0: >>>>  inst_80
core   0: 0x0000000080000c20 (0x38023f87) fld     ft11, 896(tp)
core   0: 3 0x0000000080000c20 (0x38023f87) f31 0x000fffffffffffff mem 0x000000008000a510
core   0: 0x0000000080000c24 (0x38823f07) fld     ft10, 904(tp)
core   0: 3 0x0000000080000c24 (0x38823f07) f30 0x7ff0000000000000 mem 0x000000008000a518
core   0: 0x0000000080000c28 (0x00000113) li      sp, 0
core   0: 3 0x0000000080000c28 (0x00000113) x2  0x0000000000000000
core   0: 0x0000000080000c2c (0x00311073) csrw    fcsr, sp
core   0: 3 0x0000000080000c2c (0x00311073) c1_fflags 0x0000000000000000 c2_frm 0x0000000000000000
core   0: 0x0000000080000c30 (0xa3ef9fd3) flt.d   t6, ft11, ft10
core   0: 3 0x0000000080000c30 (0xa3ef9fd3) x31 0x0000000000000001
core   0: 0x0000000080000c34 (0x003022f3) csrr    t0, fcsr
core   0: 3 0x0000000080000c34 (0x003022f3) x5  0x0000000000000000
core   0: 0x0000000080000c38 (0x35f0b823) sd      t6, 848(ra)
core   0: 3 0x0000000080000c38 (0x35f0b823) mem 0x000000008000f618 0x0000000000000001
core   0: 0x0000000080000c3c (0x3450bc23) sd      t0, 856(ra)
core   0: 3 0x0000000080000c3c (0x3450bc23) mem 0x000000008000f620 0x0000000000000000
core   0: >>>>  inst_81
core   0: 0x0000000080000c40 (0x39023f87) fld     ft11, 912(tp)
core   0: 3 0x0000000080000c40 (0x39023f87) f31 0x000fffffffffffff mem 0x000000008000a520
core   0: 0x0000000080000c44 (0x39823f07) fld     ft10, 920(tp)
core   0: 3 0x0000000080000c44 (0x39823f07) f30 0x7ff0000000000001 mem 0x000000008000a528
core   0: 0x0000000080000c48 (0x00000113) li      sp, 0
core   0: 3 0x0000000080000c48 (0x00000113) x2  0x0000000000000000
core   0: 0x0000000080000c4c (0x00311073) csrw    fcsr, sp
core   0: 3 0x0000000080000c4c (0x00311073) c1_fflags 0x0000000000000000 c2_frm 0x0000000000000000
core   0: 0x0000000080000c50 (0xa3ef9fd3) flt.d   t6, ft11, ft10
core   0: 3 0x0000000080000c50 (0xa3ef9fd3) c1_fflags 0x0000000000000010 x31 0x0000000000000000
core   0: 0x0000000080000c54 (0x003022f3) csrr    t0, fcsr
core   0: 3 0x0000000080000c54 (0x003022f3) x5  0x0000000000000010
core   0: 0x0000000080000c58 (0x37f0b023) sd      t6, 864(ra)
core   0: 3 0x0000000080000c58 (0x37f0b023) mem 0x000000008000f628 0x0000000000000000
core   0: 0x0000000080000c5c (0x3650b423) sd      t0, 872(ra)
core   0: 3 0x0000000080000c5c (0x3650b423) mem 0x000000008000f630 0x0000000000000010
core   0: >>>>  inst_82
core   0: 0x0000000080000c60 (0x3a023f87) fld     ft11, 928(tp)
core   0: 3 0x0000000080000c60 (0x3a023f87) f31 0x000fffffffffffff mem 0x000000008000a530
core   0: 0x0000000080000c64 (0x3a823f07) fld     ft10, 936(tp)
core   0: 3 0x0000000080000c64 (0x3a823f07) f30 0x7ff8000000000000 mem 0x000000008000a538
core   0: 0x0000000080000c68 (0x00000113) li      sp, 0
core   0: 3 0x0000000080000c68 (0x00000113) x2  0x0000000000000000
core   0: 0x0000000080000c6c (0x00311073) csrw    fcsr, sp
core   0: 3 0x0000000080000c6c (0x00311073) c1_fflags 0x0000000000000000 c2_frm 0x0000000000000000
core   0: 0x0000000080000c70 (0xa3ef9fd3) flt.d   t6, ft11, ft10
core   0: 3 0x0000000080000c70 (0xa3ef9fd3) c1_fflags 0x0000000000000010 x31 0x0000000000000000
core   0: 0x0000000080000c74 (0x003022f3) csrr    t0, fcsr
core   0: 3 0x0000000080000c74 (0x003022f3) x5  0x0000000000000010
core   0: 0x0000000080000c78 (0x37f0b823) sd      t6, 880(ra)
core   0: 3 0x0000000080000c78 (0x37f0b823) mem 0x000000008000f638 0x0000000000000000
core   0: 0x0000000080000c7c (0x3650bc23) sd      t0, 888(ra)
core   0: 3 0x0000000080000c7c (0x3650bc23) mem 0x000000008000f640 0x0000000000000010
core   0: >>>>  inst_83
core   0: 0x0000000080000c80 (0x3b023f87) fld     ft11, 944(tp)
core   0: 3 0x0000000080000c80 (0x3b023f87) f31 0x000fffffffffffff mem 0x000000008000a540
core   0: 0x0000000080000c84 (0x3b823f07) fld     ft10, 952(tp)
core   0: 3 0x0000000080000c84 (0x3b823f07) f30 0x7ff8000000000001 mem 0x000000008000a548
core   0: 0x0000000080000c88 (0x00000113) li      sp, 0
core   0: 3 0x0000000080000c88 (0x00000113) x2  0x0000000000000000
core   0: 0x0000000080000c8c (0x00311073) csrw    fcsr, sp
core   0: 3 0x0000000080000c8c (0x00311073) c1_fflags 0x0000000000000000 c2_frm 0x0000000000000000
core   0: 0x0000000080000c90 (0xa3ef9fd3) flt.d   t6, ft11, ft10
core   0: 3 0x0000000080000c90 (0xa3ef9fd3) c1_fflags 0x0000000000000010 x31 0x0000000000000000
core   0: 0x0000000080000c94 (0x003022f3) csrr    t0, fcsr
core   0: 3 0x0000000080000c94 (0x003022f3) x5  0x0000000000000010
core   0: 0x0000000080000c98 (0x39f0b023) sd      t6, 896(ra)
core   0: 3 0x0000000080000c98 (0x39f0b023) mem 0x000000008000f648 0x0000000000000000
core   0: 0x0000000080000c9c (0x3850b423) sd      t0, 904(ra)
core   0: 3 0x0000000080000c9c (0x3850b423) mem 0x000000008000f650 0x0000000000000010
core   0: >>>>  inst_84
core   0: 0x0000000080000ca0 (0x3c023f87) fld     ft11, 960(tp)
core   0: 3 0x0000000080000ca0 (0x3c023f87) f31 0x000fffffffffffff mem 0x000000008000a550
core   0: 0x0000000080000ca4 (0x3c823f07) fld     ft10, 968(tp)
core   0: 3 0x0000000080000ca4 (0x3c823f07) f30 0x8000000000000000 mem 0x000000008000a558
core   0: 0x0000000080000ca8 (0x00000113) li      sp, 0
core   0: 3 0x0000000080000ca8 (0x00000113) x2  0x0000000000000000
core   0: 0x0000000080000cac (0x00311073) csrw    fcsr, sp
core   0: 3 0x0000000080000cac (0x00311073) c1_fflags 0x0000000000000000 c2_frm 0x0000000000000000
core   0: 0x0000000080000cb0 (0xa3ef9fd3) flt.d   t6, ft11, ft10
core   0: 3 0x0000000080000cb0 (0xa3ef9fd3) x31 0x0000000000000000
core   0: 0x0000000080000cb4 (0x003022f3) csrr    t0, fcsr
core   0: 3 0x0000000080000cb4 (0x003022f3) x5  0x0000000000000000
core   0: 0x0000000080000cb8 (0x39f0b823) sd      t6, 912(ra)
core   0: 3 0x0000000080000cb8 (0x39f0b823) mem 0x000000008000f658 0x0000000000000000
core   0: 0x0000000080000cbc (0x3850bc23) sd      t0, 920(ra)
core   0: 3 0x0000000080000cbc (0x3850bc23) mem 0x000000008000f660 0x0000000000000000
core   0: >>>>  inst_85
core   0: 0x0000000080000cc0 (0x3d023f87) fld     ft11, 976(tp)
core   0: 3 0x0000000080000cc0 (0x3d023f87) f31 0x000fffffffffffff mem 0x000000008000a560
core   0: 0x0000000080000cc4 (0x3d823f07) fld     ft10, 984(tp)
core   0: 3 0x0000000080000cc4 (0x3d823f07) f30 0x8000000000000001 mem 0x000000008000a568
core   0: 0x0000000080000cc8 (0x00000113) li      sp, 0
core   0: 3 0x0000000080000cc8 (0x00000113) x2  0x0000000000000000
core   0: 0x0000000080000ccc (0x00311073) csrw    fcsr, sp
core   0: 3 0x0000000080000ccc (0x00311073) c1_fflags 0x0000000000000000 c2_frm 0x0000000000000000
core   0: 0x0000000080000cd0 (0xa3ef9fd3) flt.d   t6, ft11, ft10
core   0: 3 0x0000000080000cd0 (0xa3ef9fd3) x31 0x0000000000000000
core   0: 0x0000000080000cd4 (0x003022f3) csrr    t0, fcsr
core   0: 3 0x0000000080000cd4 (0x003022f3) x5  0x0000000000000000
core   0: 0x0000000080000cd8 (0x3bf0b023) sd      t6, 928(ra)
core   0: 3 0x0000000080000cd8 (0x3bf0b023) mem 0x000000008000f668 0x0000000000000000
core   0: 0x0000000080000cdc (0x3a50b423) sd      t0, 936(ra)
core   0: 3 0x0000000080000cdc (0x3a50b423) mem 0x000000008000f670 0x0000000000000000
core   0: >>>>  inst_86
core   0: 0x0000000080000ce0 (0x3e023f87) fld     ft11, 992(tp)
core   0: 3 0x0000000080000ce0 (0x3e023f87) f31 0x000fffffffffffff mem 0x000000008000a570
core   0: 0x0000000080000ce4 (0x3e823f07) fld     ft10, 1000(tp)
core   0: 3 0x0000000080000ce4 (0x3e823f07) f30 0x8000000000000002 mem 0x000000008000a578
core   0: 0x0000000080000ce8 (0x00000113) li      sp, 0
core   0: 3 0x0000000080000ce8 (0x00000113) x2  0x0000000000000000
core   0: 0x0000000080000cec (0x00311073) csrw    fcsr, sp
core   0: 3 0x0000000080000cec (0x00311073) c1_fflags 0x0000000000000000 c2_frm 0x0000000000000000
core   0: 0x0000000080000cf0 (0xa3ef9fd3) flt.d   t6, ft11, ft10
core   0: 3 0x0000000080000cf0 (0xa3ef9fd3) x31 0x0000000000000000
core   0: 0x0000000080000cf4 (0x003022f3) csrr    t0, fcsr
core   0: 3 0x0000000080000cf4 (0x003022f3) x5  0x0000000000000000
core   0: 0x0000000080000cf8 (0x3bf0b823) sd      t6, 944(ra)
core   0: 3 0x0000000080000cf8 (0x3bf0b823) mem 0x000000008000f678 0x0000000000000000
core   0: 0x0000000080000cfc (0x3a50bc23) sd      t0, 952(ra)
core   0: 3 0x0000000080000cfc (0x3a50bc23) mem 0x000000008000f680 0x0000000000000000
core   0: >>>>  inst_87
core   0: 0x0000000080000d00 (0x3f023f87) fld     ft11, 1008(tp)
core   0: 3 0x0000000080000d00 (0x3f023f87) f31 0x000fffffffffffff mem 0x000000008000a580
core   0: 0x0000000080000d04 (0x3f823f07) fld     ft10, 1016(tp)
core   0: 3 0x0000000080000d04 (0x3f823f07) f30 0x800fffffffffffff mem 0x000000008000a588
core   0: 0x0000000080000d08 (0x00000113) li      sp, 0
core   0: 3 0x0000000080000d08 (0x00000113) x2  0x0000000000000000
core   0: 0x0000000080000d0c (0x00311073) csrw    fcsr, sp
core   0: 3 0x0000000080000d0c (0x00311073) c1_fflags 0x0000000000000000 c2_frm 0x0000000000000000
core   0: 0x0000000080000d10 (0xa3ef9fd3) flt.d   t6, ft11, ft10
core   0: 3 0x0000000080000d10 (0xa3ef9fd3) x31 0x0000000000000000
core   0: 0x0000000080000d14 (0x003022f3) csrr    t0, fcsr
core   0: 3 0x0000000080000d14 (0x003022f3) x5  0x0000000000000000
core   0: 0x0000000080000d18 (0x3df0b023) sd      t6, 960(ra)
core   0: 3 0x0000000080000d18 (0x3df0b023) mem 0x000000008000f688 0x0000000000000000
core   0: 0x0000000080000d1c (0x3c50b423) sd      t0, 968(ra)
core   0: 3 0x0000000080000d1c (0x3c50b423) mem 0x000000008000f690 0x0000000000000000
core   0: >>>>  inst_88
core   0: 0x0000000080000d20 (0x40023f87) fld     ft11, 1024(tp)
core   0: 3 0x0000000080000d20 (0x40023f87) f31 0x000fffffffffffff mem 0x000000008000a590
core   0: 0x0000000080000d24 (0x40823f07) fld     ft10, 1032(tp)
core   0: 3 0x0000000080000d24 (0x40823f07) f30 0x8010000000000000 mem 0x000000008000a598
core   0: 0x0000000080000d28 (0x00000113) li      sp, 0
core   0: 3 0x0000000080000d28 (0x00000113) x2  0x0000000000000000
core   0: 0x0000000080000d2c (0x00311073) csrw    fcsr, sp
core   0: 3 0x0000000080000d2c (0x00311073) c1_fflags 0x0000000000000000 c2_frm 0x0000000000000000
core   0: 0x0000000080000d30 (0xa3ef9fd3) flt.d   t6, ft11, ft10
core   0: 3 0x0000000080000d30 (0xa3ef9fd3) x31 0x0000000000000000
core   0: 0x0000000080000d34 (0x003022f3) csrr    t0, fcsr
core   0: 3 0x0000000080000d34 (0x003022f3) x5  0x0000000000000000
core   0: 0x0000000080000d38 (0x3df0b823) sd      t6, 976(ra)
core   0: 3 0x0000000080000d38 (0x3df0b823) mem 0x000000008000f698 0x0000000000000000
core   0: 0x0000000080000d3c (0x3c50bc23) sd      t0, 984(ra)
core   0: 3 0x0000000080000d3c (0x3c50bc23) mem 0x000000008000f6a0 0x0000000000000000
core   0: >>>>  inst_89
core   0: 0x0000000080000d40 (0x41023f87) fld     ft11, 1040(tp)
core   0: 3 0x0000000080000d40 (0x41023f87) f31 0x000fffffffffffff mem 0x000000008000a5a0
core   0: 0x0000000080000d44 (0x41823f07) fld     ft10, 1048(tp)
core   0: 3 0x0000000080000d44 (0x41823f07) f30 0x8010000000000002 mem 0x000000008000a5a8
core   0: 0x0000000080000d48 (0x00000113) li      sp, 0
core   0: 3 0x0000000080000d48 (0x00000113) x2  0x0000000000000000
core   0: 0x0000000080000d4c (0x00311073) csrw    fcsr, sp
core   0: 3 0x0000000080000d4c (0x00311073) c1_fflags 0x0000000000000000 c2_frm 0x0000000000000000
core   0: 0x0000000080000d50 (0xa3ef9fd3) flt.d   t6, ft11, ft10
core   0: 3 0x0000000080000d50 (0xa3ef9fd3) x31 0x0000000000000000
core   0: 0x0000000080000d54 (0x003022f3) csrr    t0, fcsr
core   0: 3 0x0000000080000d54 (0x003022f3) x5  0x0000000000000000
core   0: 0x0000000080000d58 (0x3ff0b023) sd      t6, 992(ra)
core   0: 3 0x0000000080000d58 (0x3ff0b023) mem 0x000000008000f6a8 0x0000000000000000
core   0: 0x0000000080000d5c (0x3e50b423) sd      t0, 1000(ra)
core   0: 3 0x0000000080000d5c (0x3e50b423) mem 0x000000008000f6b0 0x0000000000000000
core   0: >>>>  inst_90
core   0: 0x0000000080000d60 (0x42023f87) fld     ft11, 1056(tp)
core   0: 3 0x0000000080000d60 (0x42023f87) f31 0x000fffffffffffff mem 0x000000008000a5b0
core   0: 0x0000000080000d64 (0x42823f07) fld     ft10, 1064(tp)
core   0: 3 0x0000000080000d64 (0x42823f07) f30 0xbf80000000000000 mem 0x000000008000a5b8
core   0: 0x0000000080000d68 (0x00000113) li      sp, 0
core   0: 3 0x0000000080000d68 (0x00000113) x2  0x0000000000000000
core   0: 0x0000000080000d6c (0x00311073) csrw    fcsr, sp
core   0: 3 0x0000000080000d6c (0x00311073) c1_fflags 0x0000000000000000 c2_frm 0x0000000000000000
core   0: 0x0000000080000d70 (0xa3ef9fd3) flt.d   t6, ft11, ft10
core   0: 3 0x0000000080000d70 (0xa3ef9fd3) x31 0x0000000000000000
core   0: 0x0000000080000d74 (0x003022f3) csrr    t0, fcsr
core   0: 3 0x0000000080000d74 (0x003022f3) x5  0x0000000000000000
core   0: 0x0000000080000d78 (0x3ff0b823) sd      t6, 1008(ra)
core   0: 3 0x0000000080000d78 (0x3ff0b823) mem 0x000000008000f6b8 0x0000000000000000
core   0: 0x0000000080000d7c (0x3e50bc23) sd      t0, 1016(ra)
core   0: 3 0x0000000080000d7c (0x3e50bc23) mem 0x000000008000f6c0 0x0000000000000000
core   0: >>>>  inst_91
core   0: 0x0000000080000d80 (0x43023f87) fld     ft11, 1072(tp)
core   0: 3 0x0000000080000d80 (0x43023f87) f31 0x000fffffffffffff mem 0x000000008000a5c0
core   0: 0x0000000080000d84 (0x43823f07) fld     ft10, 1080(tp)
core   0: 3 0x0000000080000d84 (0x43823f07) f30 0xffefffffffffffff mem 0x000000008000a5c8
core   0: 0x0000000080000d88 (0x00000113) li      sp, 0
core   0: 3 0x0000000080000d88 (0x00000113) x2  0x0000000000000000
core   0: 0x0000000080000d8c (0x00311073) csrw    fcsr, sp
core   0: 3 0x0000000080000d8c (0x00311073) c1_fflags 0x0000000000000000 c2_frm 0x0000000000000000
core   0: 0x0000000080000d90 (0xa3ef9fd3) flt.d   t6, ft11, ft10
core   0: 3 0x0000000080000d90 (0xa3ef9fd3) x31 0x0000000000000000
core   0: 0x0000000080000d94 (0x003022f3) csrr    t0, fcsr
core   0: 3 0x0000000080000d94 (0x003022f3) x5  0x0000000000000000
core   0: 0x0000000080000d98 (0x41f0b023) sd      t6, 1024(ra)
core   0: 3 0x0000000080000d98 (0x41f0b023) mem 0x000000008000f6c8 0x0000000000000000
core   0: 0x0000000080000d9c (0x4050b423) sd      t0, 1032(ra)
core   0: 3 0x0000000080000d9c (0x4050b423) mem 0x000000008000f6d0 0x0000000000000000
core   0: >>>>  inst_92
core   0: 0x0000000080000da0 (0x44023f87) fld     ft11, 1088(tp)
core   0: 3 0x0000000080000da0 (0x44023f87) f31 0x000fffffffffffff mem 0x000000008000a5d0
core   0: 0x0000000080000da4 (0x44823f07) fld     ft10, 1096(tp)
core   0: 3 0x0000000080000da4 (0x44823f07) f30 0xfff0000000000000 mem 0x000000008000a5d8
core   0: 0x0000000080000da8 (0x00000113) li      sp, 0
core   0: 3 0x0000000080000da8 (0x00000113) x2  0x0000000000000000
core   0: 0x0000000080000dac (0x00311073) csrw    fcsr, sp
core   0: 3 0x0000000080000dac (0x00311073) c1_fflags 0x0000000000000000 c2_frm 0x0000000000000000
core   0: 0x0000000080000db0 (0xa3ef9fd3) flt.d   t6, ft11, ft10
core   0: 3 0x0000000080000db0 (0xa3ef9fd3) x31 0x0000000000000000
core   0: 0x0000000080000db4 (0x003022f3) csrr    t0, fcsr
core   0: 3 0x0000000080000db4 (0x003022f3) x5  0x0000000000000000
core   0: 0x0000000080000db8 (0x41f0b823) sd      t6, 1040(ra)
core   0: 3 0x0000000080000db8 (0x41f0b823) mem 0x000000008000f6d8 0x0000000000000000
core   0: 0x0000000080000dbc (0x4050bc23) sd      t0, 1048(ra)
core   0: 3 0x0000000080000dbc (0x4050bc23) mem 0x000000008000f6e0 0x0000000000000000
core   0: >>>>  inst_93
core   0: 0x0000000080000dc0 (0x45023f87) fld     ft11, 1104(tp)
core   0: 3 0x0000000080000dc0 (0x45023f87) f31 0x000fffffffffffff mem 0x000000008000a5e0
core   0: 0x0000000080000dc4 (0x45823f07) fld     ft10, 1112(tp)
core   0: 3 0x0000000080000dc4 (0x45823f07) f30 0xfff0000000000001 mem 0x000000008000a5e8
core   0: 0x0000000080000dc8 (0x00000113) li      sp, 0
core   0: 3 0x0000000080000dc8 (0x00000113) x2  0x0000000000000000
core   0: 0x0000000080000dcc (0x00311073) csrw    fcsr, sp
core   0: 3 0x0000000080000dcc (0x00311073) c1_fflags 0x0000000000000000 c2_frm 0x0000000000000000
core   0: 0x0000000080000dd0 (0xa3ef9fd3) flt.d   t6, ft11, ft10
core   0: 3 0x0000000080000dd0 (0xa3ef9fd3) c1_fflags 0x0000000000000010 x31 0x0000000000000000
core   0: 0x0000000080000dd4 (0x003022f3) csrr    t0, fcsr
core   0: 3 0x0000000080000dd4 (0x003022f3) x5  0x0000000000000010
core   0: 0x0000000080000dd8 (0x43f0b023) sd      t6, 1056(ra)
core   0: 3 0x0000000080000dd8 (0x43f0b023) mem 0x000000008000f6e8 0x0000000000000000
core   0: 0x0000000080000ddc (0x4250b423) sd      t0, 1064(ra)
core   0: 3 0x0000000080000ddc (0x4250b423) mem 0x000000008000f6f0 0x0000000000000010
core   0: >>>>  inst_94
core   0: 0x0000000080000de0 (0x46023f87) fld     ft11, 1120(tp)
core   0: 3 0x0000000080000de0 (0x46023f87) f31 0x000fffffffffffff mem 0x000000008000a5f0
core   0: 0x0000000080000de4 (0x46823f07) fld     ft10, 1128(tp)
core   0: 3 0x0000000080000de4 (0x46823f07) f30 0xfff8000000000000 mem 0x000000008000a5f8
core   0: 0x0000000080000de8 (0x00000113) li      sp, 0
core   0: 3 0x0000000080000de8 (0x00000113) x2  0x0000000000000000
core   0: 0x0000000080000dec (0x00311073) csrw    fcsr, sp
core   0: 3 0x0000000080000dec (0x00311073) c1_fflags 0x0000000000000000 c2_frm 0x0000000000000000
core   0: 0x0000000080000df0 (0xa3ef9fd3) flt.d   t6, ft11, ft10
core   0: 3 0x0000000080000df0 (0xa3ef9fd3) c1_fflags 0x0000000000000010 x31 0x0000000000000000
core   0: 0x0000000080000df4 (0x003022f3) csrr    t0, fcsr
core   0: 3 0x0000000080000df4 (0x003022f3) x5  0x0000000000000010
core   0: 0x0000000080000df8 (0x43f0b823) sd      t6, 1072(ra)
core   0: 3 0x0000000080000df8 (0x43f0b823) mem 0x000000008000f6f8 0x0000000000000000
core   0: 0x0000000080000dfc (0x4250bc23) sd      t0, 1080(ra)
core   0: 3 0x0000000080000dfc (0x4250bc23) mem 0x000000008000f700 0x0000000000000010
core   0: >>>>  inst_95
core   0: 0x0000000080000e00 (0x47023f87) fld     ft11, 1136(tp)
core   0: 3 0x0000000080000e00 (0x47023f87) f31 0x000fffffffffffff mem 0x000000008000a600
core   0: 0x0000000080000e04 (0x47823f07) fld     ft10, 1144(tp)
core   0: 3 0x0000000080000e04 (0x47823f07) f30 0xfff8000000000001 mem 0x000000008000a608
core   0: 0x0000000080000e08 (0x00000113) li      sp, 0
core   0: 3 0x0000000080000e08 (0x00000113) x2  0x0000000000000000
core   0: 0x0000000080000e0c (0x00311073) csrw    fcsr, sp
core   0: 3 0x0000000080000e0c (0x00311073) c1_fflags 0x0000000000000000 c2_frm 0x0000000000000000
core   0: 0x0000000080000e10 (0xa3ef9fd3) flt.d   t6, ft11, ft10
core   0: 3 0x0000000080000e10 (0xa3ef9fd3) c1_fflags 0x0000000000000010 x31 0x0000000000000000
core   0: 0x0000000080000e14 (0x003022f3) csrr    t0, fcsr
core   0: 3 0x0000000080000e14 (0x003022f3) x5  0x0000000000000010
core   0: 0x0000000080000e18 (0x45f0b023) sd      t6, 1088(ra)
core   0: 3 0x0000000080000e18 (0x45f0b023) mem 0x000000008000f708 0x0000000000000000
core   0: 0x0000000080000e1c (0x4450b423) sd      t0, 1096(ra)
core   0: 3 0x0000000080000e1c (0x4450b423) mem 0x000000008000f710 0x0000000000000010
core   0: >>>>  inst_96
core   0: 0x0000000080000e20 (0x48023f87) fld     ft11, 1152(tp)
core   0: 3 0x0000000080000e20 (0x48023f87) f31 0x0010000000000000 mem 0x000000008000a610
core   0: 0x0000000080000e24 (0x48823f07) fld     ft10, 1160(tp)
core   0: 3 0x0000000080000e24 (0x48823f07) f30 0x0000000000000000 mem 0x000000008000a618
core   0: 0x0000000080000e28 (0x00000113) li      sp, 0
core   0: 3 0x0000000080000e28 (0x00000113) x2  0x0000000000000000
core   0: 0x0000000080000e2c (0x00311073) csrw    fcsr, sp
core   0: 3 0x0000000080000e2c (0x00311073) c1_fflags 0x0000000000000000 c2_frm 0x0000000000000000
core   0: 0x0000000080000e30 (0xa3ef9fd3) flt.d   t6, ft11, ft10
core   0: 3 0x0000000080000e30 (0xa3ef9fd3) x31 0x0000000000000000
core   0: 0x0000000080000e34 (0x003022f3) csrr    t0, fcsr
core   0: 3 0x0000000080000e34 (0x003022f3) x5  0x0000000000000000
core   0: 0x0000000080000e38 (0x45f0b823) sd      t6, 1104(ra)
core   0: 3 0x0000000080000e38 (0x45f0b823) mem 0x000000008000f718 0x0000000000000000
core   0: 0x0000000080000e3c (0x4450bc23) sd      t0, 1112(ra)
core   0: 3 0x0000000080000e3c (0x4450bc23) mem 0x000000008000f720 0x0000000000000000
core   0: >>>>  inst_97
core   0: 0x0000000080000e40 (0x49023f87) fld     ft11, 1168(tp)
core   0: 3 0x0000000080000e40 (0x49023f87) f31 0x0010000000000000 mem 0x000000008000a620
core   0: 0x0000000080000e44 (0x49823f07) fld     ft10, 1176(tp)
core   0: 3 0x0000000080000e44 (0x49823f07) f30 0x0000000000000001 mem 0x000000008000a628
core   0: 0x0000000080000e48 (0x00000113) li      sp, 0
core   0: 3 0x0000000080000e48 (0x00000113) x2  0x0000000000000000
core   0: 0x0000000080000e4c (0x00311073) csrw    fcsr, sp
core   0: 3 0x0000000080000e4c (0x00311073) c1_fflags 0x0000000000000000 c2_frm 0x0000000000000000
core   0: 0x0000000080000e50 (0xa3ef9fd3) flt.d   t6, ft11, ft10
core   0: 3 0x0000000080000e50 (0xa3ef9fd3) x31 0x0000000000000000
core   0: 0x0000000080000e54 (0x003022f3) csrr    t0, fcsr
core   0: 3 0x0000000080000e54 (0x003022f3) x5  0x0000000000000000
core   0: 0x0000000080000e58 (0x47f0b023) sd      t6, 1120(ra)
core   0: 3 0x0000000080000e58 (0x47f0b023) mem 0x000000008000f728 0x0000000000000000
core   0: 0x0000000080000e5c (0x4650b423) sd      t0, 1128(ra)
core   0: 3 0x0000000080000e5c (0x4650b423) mem 0x000000008000f730 0x0000000000000000
core   0: >>>>  inst_98
core   0: 0x0000000080000e60 (0x4a023f87) fld     ft11, 1184(tp)
core   0: 3 0x0000000080000e60 (0x4a023f87) f31 0x0010000000000000 mem 0x000000008000a630
core   0: 0x0000000080000e64 (0x4a823f07) fld     ft10, 1192(tp)
core   0: 3 0x0000000080000e64 (0x4a823f07) f30 0x0000000000000002 mem 0x000000008000a638
core   0: 0x0000000080000e68 (0x00000113) li      sp, 0
core   0: 3 0x0000000080000e68 (0x00000113) x2  0x0000000000000000
core   0: 0x0000000080000e6c (0x00311073) csrw    fcsr, sp
core   0: 3 0x0000000080000e6c (0x00311073) c1_fflags 0x0000000000000000 c2_frm 0x0000000000000000
core   0: 0x0000000080000e70 (0xa3ef9fd3) flt.d   t6, ft11, ft10
core   0: 3 0x0000000080000e70 (0xa3ef9fd3) x31 0x0000000000000000
core   0: 0x0000000080000e74 (0x003022f3) csrr    t0, fcsr
core   0: 3 0x0000000080000e74 (0x003022f3) x5  0x0000000000000000
core   0: 0x0000000080000e78 (0x47f0b823) sd      t6, 1136(ra)
core   0: 3 0x0000000080000e78 (0x47f0b823) mem 0x000000008000f738 0x0000000000000000
core   0: 0x0000000080000e7c (0x4650bc23) sd      t0, 1144(ra)
core   0: 3 0x0000000080000e7c (0x4650bc23) mem 0x000000008000f740 0x0000000000000000
core   0: >>>>  inst_99
core   0: 0x0000000080000e80 (0x4b023f87) fld     ft11, 1200(tp)
core   0: 3 0x0000000080000e80 (0x4b023f87) f31 0x0010000000000000 mem 0x000000008000a640
core   0: 0x0000000080000e84 (0x4b823f07) fld     ft10, 1208(tp)
core   0: 3 0x0000000080000e84 (0x4b823f07) f30 0x000fffffffffffff mem 0x000000008000a648
core   0: 0x0000000080000e88 (0x00000113) li      sp, 0
core   0: 3 0x0000000080000e88 (0x00000113) x2  0x0000000000000000
core   0: 0x0000000080000e8c (0x00311073) csrw    fcsr, sp
core   0: 3 0x0000000080000e8c (0x00311073) c1_fflags 0x0000000000000000 c2_frm 0x0000000000000000
core   0: 0x0000000080000e90 (0xa3ef9fd3) flt.d   t6, ft11, ft10
core   0: 3 0x0000000080000e90 (0xa3ef9fd3) x31 0x0000000000000000
core   0: 0x0000000080000e94 (0x003022f3) csrr    t0, fcsr
core   0: 3 0x0000000080000e94 (0x003022f3) x5  0x0000000000000000
core   0: 0x0000000080000e98 (0x49f0b023) sd      t6, 1152(ra)
core   0: 3 0x0000000080000e98 (0x49f0b023) mem 0x000000008000f748 0x0000000000000000
core   0: 0x0000000080000e9c (0x4850b423) sd      t0, 1160(ra)
core   0: 3 0x0000000080000e9c (0x4850b423) mem 0x000000008000f750 0x0000000000000000
core   0: >>>>  inst_100
core   0: 0x0000000080000ea0 (0x4c023f87) fld     ft11, 1216(tp)
core   0: 3 0x0000000080000ea0 (0x4c023f87) f31 0x0010000000000000 mem 0x000000008000a650
core   0: 0x0000000080000ea4 (0x4c823f07) fld     ft10, 1224(tp)
core   0: 3 0x0000000080000ea4 (0x4c823f07) f30 0x0010000000000000 mem 0x000000008000a658
core   0: 0x0000000080000ea8 (0x00000113) li      sp, 0
core   0: 3 0x0000000080000ea8 (0x00000113) x2  0x0000000000000000
core   0: 0x0000000080000eac (0x00311073) csrw    fcsr, sp
core   0: 3 0x0000000080000eac (0x00311073) c1_fflags 0x0000000000000000 c2_frm 0x0000000000000000
core   0: 0x0000000080000eb0 (0xa3ef9fd3) flt.d   t6, ft11, ft10
core   0: 3 0x0000000080000eb0 (0xa3ef9fd3) x31 0x0000000000000000
core   0: 0x0000000080000eb4 (0x003022f3) csrr    t0, fcsr
core   0: 3 0x0000000080000eb4 (0x003022f3) x5  0x0000000000000000
core   0: 0x0000000080000eb8 (0x49f0b823) sd      t6, 1168(ra)
core   0: 3 0x0000000080000eb8 (0x49f0b823) mem 0x000000008000f758 0x0000000000000000
core   0: 0x0000000080000ebc (0x4850bc23) sd      t0, 1176(ra)
core   0: 3 0x0000000080000ebc (0x4850bc23) mem 0x000000008000f760 0x0000000000000000
core   0: >>>>  inst_101
core   0: 0x0000000080000ec0 (0x4d023f87) fld     ft11, 1232(tp)
core   0: 3 0x0000000080000ec0 (0x4d023f87) f31 0x0010000000000000 mem 0x000000008000a660
core   0: 0x0000000080000ec4 (0x4d823f07) fld     ft10, 1240(tp)
core   0: 3 0x0000000080000ec4 (0x4d823f07) f30 0x0010000000000002 mem 0x000000008000a668
core   0: 0x0000000080000ec8 (0x00000113) li      sp, 0
core   0: 3 0x0000000080000ec8 (0x00000113) x2  0x0000000000000000
core   0: 0x0000000080000ecc (0x00311073) csrw    fcsr, sp
core   0: 3 0x0000000080000ecc (0x00311073) c1_fflags 0x0000000000000000 c2_frm 0x0000000000000000
core   0: 0x0000000080000ed0 (0xa3ef9fd3) flt.d   t6, ft11, ft10
core   0: 3 0x0000000080000ed0 (0xa3ef9fd3) x31 0x0000000000000001
core   0: 0x0000000080000ed4 (0x003022f3) csrr    t0, fcsr
core   0: 3 0x0000000080000ed4 (0x003022f3) x5  0x0000000000000000
core   0: 0x0000000080000ed8 (0x4bf0b023) sd      t6, 1184(ra)
core   0: 3 0x0000000080000ed8 (0x4bf0b023) mem 0x000000008000f768 0x0000000000000001
core   0: 0x0000000080000edc (0x4a50b423) sd      t0, 1192(ra)
core   0: 3 0x0000000080000edc (0x4a50b423) mem 0x000000008000f770 0x0000000000000000
core   0: >>>>  inst_102
core   0: 0x0000000080000ee0 (0x4e023f87) fld     ft11, 1248(tp)
core   0: 3 0x0000000080000ee0 (0x4e023f87) f31 0x0010000000000000 mem 0x000000008000a670
core   0: 0x0000000080000ee4 (0x4e823f07) fld     ft10, 1256(tp)
core   0: 3 0x0000000080000ee4 (0x4e823f07) f30 0x3ff0000000000000 mem 0x000000008000a678
core   0: 0x0000000080000ee8 (0x00000113) li      sp, 0
core   0: 3 0x0000000080000ee8 (0x00000113) x2  0x0000000000000000
core   0: 0x0000000080000eec (0x00311073) csrw    fcsr, sp
core   0: 3 0x0000000080000eec (0x00311073) c1_fflags 0x0000000000000000 c2_frm 0x0000000000000000
core   0: 0x0000000080000ef0 (0xa3ef9fd3) flt.d   t6, ft11, ft10
core   0: 3 0x0000000080000ef0 (0xa3ef9fd3) x31 0x0000000000000001
core   0: 0x0000000080000ef4 (0x003022f3) csrr    t0, fcsr
core   0: 3 0x0000000080000ef4 (0x003022f3) x5  0x0000000000000000
core   0: 0x0000000080000ef8 (0x4bf0b823) sd      t6, 1200(ra)
core   0: 3 0x0000000080000ef8 (0x4bf0b823) mem 0x000000008000f778 0x0000000000000001
core   0: 0x0000000080000efc (0x4a50bc23) sd      t0, 1208(ra)
core   0: 3 0x0000000080000efc (0x4a50bc23) mem 0x000000008000f780 0x0000000000000000
core   0: >>>>  inst_103
core   0: 0x0000000080000f00 (0x4f023f87) fld     ft11, 1264(tp)
core   0: 3 0x0000000080000f00 (0x4f023f87) f31 0x0010000000000000 mem 0x000000008000a680
core   0: 0x0000000080000f04 (0x4f823f07) fld     ft10, 1272(tp)
core   0: 3 0x0000000080000f04 (0x4f823f07) f30 0x7fefffffffffffff mem 0x000000008000a688
core   0: 0x0000000080000f08 (0x00000113) li      sp, 0
core   0: 3 0x0000000080000f08 (0x00000113) x2  0x0000000000000000
core   0: 0x0000000080000f0c (0x00311073) csrw    fcsr, sp
core   0: 3 0x0000000080000f0c (0x00311073) c1_fflags 0x0000000000000000 c2_frm 0x0000000000000000
core   0: 0x0000000080000f10 (0xa3ef9fd3) flt.d   t6, ft11, ft10
core   0: 3 0x0000000080000f10 (0xa3ef9fd3) x31 0x0000000000000001
core   0: 0x0000000080000f14 (0x003022f3) csrr    t0, fcsr
core   0: 3 0x0000000080000f14 (0x003022f3) x5  0x0000000000000000
core   0: 0x0000000080000f18 (0x4df0b023) sd      t6, 1216(ra)
core   0: 3 0x0000000080000f18 (0x4df0b023) mem 0x000000008000f788 0x0000000000000001
core   0: 0x0000000080000f1c (0x4c50b423) sd      t0, 1224(ra)
core   0: 3 0x0000000080000f1c (0x4c50b423) mem 0x000000008000f790 0x0000000000000000
core   0: >>>>  inst_104
core   0: 0x0000000080000f20 (0x50023f87) fld     ft11, 1280(tp)
core   0: 3 0x0000000080000f20 (0x50023f87) f31 0x0010000000000000 mem 0x000000008000a690
core   0: 0x0000000080000f24 (0x50823f07) fld     ft10, 1288(tp)
core   0: 3 0x0000000080000f24 (0x50823f07) f30 0x7ff0000000000000 mem 0x000000008000a698
core   0: 0x0000000080000f28 (0x00000113) li      sp, 0
core   0: 3 0x0000000080000f28 (0x00000113) x2  0x0000000000000000
core   0: 0x0000000080000f2c (0x00311073) csrw    fcsr, sp
core   0: 3 0x0000000080000f2c (0x00311073) c1_fflags 0x0000000000000000 c2_frm 0x0000000000000000
core   0: 0x0000000080000f30 (0xa3ef9fd3) flt.d   t6, ft11, ft10
core   0: 3 0x0000000080000f30 (0xa3ef9fd3) x31 0x0000000000000001
core   0: 0x0000000080000f34 (0x003022f3) csrr    t0, fcsr
core   0: 3 0x0000000080000f34 (0x003022f3) x5  0x0000000000000000
core   0: 0x0000000080000f38 (0x4df0b823) sd      t6, 1232(ra)
core   0: 3 0x0000000080000f38 (0x4df0b823) mem 0x000000008000f798 0x0000000000000001
core   0: 0x0000000080000f3c (0x4c50bc23) sd      t0, 1240(ra)
core   0: 3 0x0000000080000f3c (0x4c50bc23) mem 0x000000008000f7a0 0x0000000000000000
core   0: >>>>  inst_105
core   0: 0x0000000080000f40 (0x51023f87) fld     ft11, 1296(tp)
core   0: 3 0x0000000080000f40 (0x51023f87) f31 0x0010000000000000 mem 0x000000008000a6a0
core   0: 0x0000000080000f44 (0x51823f07) fld     ft10, 1304(tp)
core   0: 3 0x0000000080000f44 (0x51823f07) f30 0x7ff0000000000001 mem 0x000000008000a6a8
core   0: 0x0000000080000f48 (0x00000113) li      sp, 0
core   0: 3 0x0000000080000f48 (0x00000113) x2  0x0000000000000000
core   0: 0x0000000080000f4c (0x00311073) csrw    fcsr, sp
core   0: 3 0x0000000080000f4c (0x00311073) c1_fflags 0x0000000000000000 c2_frm 0x0000000000000000
core   0: 0x0000000080000f50 (0xa3ef9fd3) flt.d   t6, ft11, ft10
core   0: 3 0x0000000080000f50 (0xa3ef9fd3) c1_fflags 0x0000000000000010 x31 0x0000000000000000
core   0: 0x0000000080000f54 (0x003022f3) csrr    t0, fcsr
core   0: 3 0x0000000080000f54 (0x003022f3) x5  0x0000000000000010
core   0: 0x0000000080000f58 (0x4ff0b023) sd      t6, 1248(ra)
core   0: 3 0x0000000080000f58 (0x4ff0b023) mem 0x000000008000f7a8 0x0000000000000000
core   0: 0x0000000080000f5c (0x4e50b423) sd      t0, 1256(ra)
core   0: 3 0x0000000080000f5c (0x4e50b423) mem 0x000000008000f7b0 0x0000000000000010
core   0: >>>>  inst_106
core   0: 0x0000000080000f60 (0x52023f87) fld     ft11, 1312(tp)
core   0: 3 0x0000000080000f60 (0x52023f87) f31 0x0010000000000000 mem 0x000000008000a6b0
core   0: 0x0000000080000f64 (0x52823f07) fld     ft10, 1320(tp)
core   0: 3 0x0000000080000f64 (0x52823f07) f30 0x7ff8000000000000 mem 0x000000008000a6b8
core   0: 0x0000000080000f68 (0x00000113) li      sp, 0
core   0: 3 0x0000000080000f68 (0x00000113) x2  0x0000000000000000
core   0: 0x0000000080000f6c (0x00311073) csrw    fcsr, sp
core   0: 3 0x0000000080000f6c (0x00311073) c1_fflags 0x0000000000000000 c2_frm 0x0000000000000000
core   0: 0x0000000080000f70 (0xa3ef9fd3) flt.d   t6, ft11, ft10
core   0: 3 0x0000000080000f70 (0xa3ef9fd3) c1_fflags 0x0000000000000010 x31 0x0000000000000000
core   0: 0x0000000080000f74 (0x003022f3) csrr    t0, fcsr
core   0: 3 0x0000000080000f74 (0x003022f3) x5  0x0000000000000010
core   0: 0x0000000080000f78 (0x4ff0b823) sd      t6, 1264(ra)
core   0: 3 0x0000000080000f78 (0x4ff0b823) mem 0x000000008000f7b8 0x0000000000000000
core   0: 0x0000000080000f7c (0x4e50bc23) sd      t0, 1272(ra)
core   0: 3 0x0000000080000f7c (0x4e50bc23) mem 0x000000008000f7c0 0x0000000000000010
core   0: >>>>  inst_107
core   0: 0x0000000080000f80 (0x53023f87) fld     ft11, 1328(tp)
core   0: 3 0x0000000080000f80 (0x53023f87) f31 0x0010000000000000 mem 0x000000008000a6c0
core   0: 0x0000000080000f84 (0x53823f07) fld     ft10, 1336(tp)
core   0: 3 0x0000000080000f84 (0x53823f07) f30 0x7ff8000000000001 mem 0x000000008000a6c8
core   0: 0x0000000080000f88 (0x00000113) li      sp, 0
core   0: 3 0x0000000080000f88 (0x00000113) x2  0x0000000000000000
core   0: 0x0000000080000f8c (0x00311073) csrw    fcsr, sp
core   0: 3 0x0000000080000f8c (0x00311073) c1_fflags 0x0000000000000000 c2_frm 0x0000000000000000
core   0: 0x0000000080000f90 (0xa3ef9fd3) flt.d   t6, ft11, ft10
core   0: 3 0x0000000080000f90 (0xa3ef9fd3) c1_fflags 0x0000000000000010 x31 0x0000000000000000
core   0: 0x0000000080000f94 (0x003022f3) csrr    t0, fcsr
core   0: 3 0x0000000080000f94 (0x003022f3) x5  0x0000000000000010
core   0: 0x0000000080000f98 (0x51f0b023) sd      t6, 1280(ra)
core   0: 3 0x0000000080000f98 (0x51f0b023) mem 0x000000008000f7c8 0x0000000000000000
core   0: 0x0000000080000f9c (0x5050b423) sd      t0, 1288(ra)
core   0: 3 0x0000000080000f9c (0x5050b423) mem 0x000000008000f7d0 0x0000000000000010
core   0: >>>>  inst_108
core   0: 0x0000000080000fa0 (0x54023f87) fld     ft11, 1344(tp)
core   0: 3 0x0000000080000fa0 (0x54023f87) f31 0x0010000000000000 mem 0x000000008000a6d0
core   0: 0x0000000080000fa4 (0x54823f07) fld     ft10, 1352(tp)
core   0: 3 0x0000000080000fa4 (0x54823f07) f30 0x8000000000000000 mem 0x000000008000a6d8
core   0: 0x0000000080000fa8 (0x00000113) li      sp, 0
core   0: 3 0x0000000080000fa8 (0x00000113) x2  0x0000000000000000
core   0: 0x0000000080000fac (0x00311073) csrw    fcsr, sp
core   0: 3 0x0000000080000fac (0x00311073) c1_fflags 0x0000000000000000 c2_frm 0x0000000000000000
core   0: 0x0000000080000fb0 (0xa3ef9fd3) flt.d   t6, ft11, ft10
core   0: 3 0x0000000080000fb0 (0xa3ef9fd3) x31 0x0000000000000000
core   0: 0x0000000080000fb4 (0x003022f3) csrr    t0, fcsr
core   0: 3 0x0000000080000fb4 (0x003022f3) x5  0x0000000000000000
core   0: 0x0000000080000fb8 (0x51f0b823) sd      t6, 1296(ra)
core   0: 3 0x0000000080000fb8 (0x51f0b823) mem 0x000000008000f7d8 0x0000000000000000
core   0: 0x0000000080000fbc (0x5050bc23) sd      t0, 1304(ra)
core   0: 3 0x0000000080000fbc (0x5050bc23) mem 0x000000008000f7e0 0x0000000000000000
core   0: >>>>  inst_109
core   0: 0x0000000080000fc0 (0x55023f87) fld     ft11, 1360(tp)
core   0: 3 0x0000000080000fc0 (0x55023f87) f31 0x0010000000000000 mem 0x000000008000a6e0
core   0: 0x0000000080000fc4 (0x55823f07) fld     ft10, 1368(tp)
core   0: 3 0x0000000080000fc4 (0x55823f07) f30 0x8000000000000001 mem 0x000000008000a6e8
core   0: 0x0000000080000fc8 (0x00000113) li      sp, 0
core   0: 3 0x0000000080000fc8 (0x00000113) x2  0x0000000000000000
core   0: 0x0000000080000fcc (0x00311073) csrw    fcsr, sp
core   0: 3 0x0000000080000fcc (0x00311073) c1_fflags 0x0000000000000000 c2_frm 0x0000000000000000
core   0: 0x0000000080000fd0 (0xa3ef9fd3) flt.d   t6, ft11, ft10
core   0: 3 0x0000000080000fd0 (0xa3ef9fd3) x31 0x0000000000000000
core   0: 0x0000000080000fd4 (0x003022f3) csrr    t0, fcsr
core   0: 3 0x0000000080000fd4 (0x003022f3) x5  0x0000000000000000
core   0: 0x0000000080000fd8 (0x53f0b023) sd      t6, 1312(ra)
core   0: 3 0x0000000080000fd8 (0x53f0b023) mem 0x000000008000f7e8 0x0000000000000000
core   0: 0x0000000080000fdc (0x5250b423) sd      t0, 1320(ra)
core   0: 3 0x0000000080000fdc (0x5250b423) mem 0x000000008000f7f0 0x0000000000000000
core   0: >>>>  inst_110
core   0: 0x0000000080000fe0 (0x56023f87) fld     ft11, 1376(tp)
core   0: 3 0x0000000080000fe0 (0x56023f87) f31 0x0010000000000000 mem 0x000000008000a6f0
core   0: 0x0000000080000fe4 (0x56823f07) fld     ft10, 1384(tp)
core   0: 3 0x0000000080000fe4 (0x56823f07) f30 0x8000000000000002 mem 0x000000008000a6f8
core   0: 0x0000000080000fe8 (0x00000113) li      sp, 0
core   0: 3 0x0000000080000fe8 (0x00000113) x2  0x0000000000000000
core   0: 0x0000000080000fec (0x00311073) csrw    fcsr, sp
core   0: 3 0x0000000080000fec (0x00311073) c1_fflags 0x0000000000000000 c2_frm 0x0000000000000000
core   0: 0x0000000080000ff0 (0xa3ef9fd3) flt.d   t6, ft11, ft10
core   0: 3 0x0000000080000ff0 (0xa3ef9fd3) x31 0x0000000000000000
core   0: 0x0000000080000ff4 (0x003022f3) csrr    t0, fcsr
core   0: 3 0x0000000080000ff4 (0x003022f3) x5  0x0000000000000000
core   0: 0x0000000080000ff8 (0x53f0b823) sd      t6, 1328(ra)
core   0: 3 0x0000000080000ff8 (0x53f0b823) mem 0x000000008000f7f8 0x0000000000000000
core   0: 0x0000000080000ffc (0x5250bc23) sd      t0, 1336(ra)
core   0: 3 0x0000000080000ffc (0x5250bc23) mem 0x000000008000f800 0x0000000000000000
core   0: >>>>  inst_111
core   0: 0x0000000080001000 (0x57023f87) fld     ft11, 1392(tp)
core   0: 3 0x0000000080001000 (0x57023f87) f31 0x0010000000000000 mem 0x000000008000a700
core   0: 0x0000000080001004 (0x57823f07) fld     ft10, 1400(tp)
core   0: 3 0x0000000080001004 (0x57823f07) f30 0x800fffffffffffff mem 0x000000008000a708
core   0: 0x0000000080001008 (0x00000113) li      sp, 0
core   0: 3 0x0000000080001008 (0x00000113) x2  0x0000000000000000
core   0: 0x000000008000100c (0x00311073) csrw    fcsr, sp
core   0: 3 0x000000008000100c (0x00311073) c1_fflags 0x0000000000000000 c2_frm 0x0000000000000000
core   0: 0x0000000080001010 (0xa3ef9fd3) flt.d   t6, ft11, ft10
core   0: 3 0x0000000080001010 (0xa3ef9fd3) x31 0x0000000000000000
core   0: 0x0000000080001014 (0x003022f3) csrr    t0, fcsr
core   0: 3 0x0000000080001014 (0x003022f3) x5  0x0000000000000000
core   0: 0x0000000080001018 (0x55f0b023) sd      t6, 1344(ra)
core   0: 3 0x0000000080001018 (0x55f0b023) mem 0x000000008000f808 0x0000000000000000
core   0: 0x000000008000101c (0x5450b423) sd      t0, 1352(ra)
core   0: 3 0x000000008000101c (0x5450b423) mem 0x000000008000f810 0x0000000000000000
core   0: >>>>  inst_112
core   0: 0x0000000080001020 (0x58023f87) fld     ft11, 1408(tp)
core   0: 3 0x0000000080001020 (0x58023f87) f31 0x0010000000000000 mem 0x000000008000a710
core   0: 0x0000000080001024 (0x58823f07) fld     ft10, 1416(tp)
core   0: 3 0x0000000080001024 (0x58823f07) f30 0x8010000000000000 mem 0x000000008000a718
core   0: 0x0000000080001028 (0x00000113) li      sp, 0
core   0: 3 0x0000000080001028 (0x00000113) x2  0x0000000000000000
core   0: 0x000000008000102c (0x00311073) csrw    fcsr, sp
core   0: 3 0x000000008000102c (0x00311073) c1_fflags 0x0000000000000000 c2_frm 0x0000000000000000
core   0: 0x0000000080001030 (0xa3ef9fd3) flt.d   t6, ft11, ft10
core   0: 3 0x0000000080001030 (0xa3ef9fd3) x31 0x0000000000000000
core   0: 0x0000000080001034 (0x003022f3) csrr    t0, fcsr
core   0: 3 0x0000000080001034 (0x003022f3) x5  0x0000000000000000
core   0: 0x0000000080001038 (0x55f0b823) sd      t6, 1360(ra)
core   0: 3 0x0000000080001038 (0x55f0b823) mem 0x000000008000f818 0x0000000000000000
core   0: 0x000000008000103c (0x5450bc23) sd      t0, 1368(ra)
core   0: 3 0x000000008000103c (0x5450bc23) mem 0x000000008000f820 0x0000000000000000
core   0: >>>>  inst_113
core   0: 0x0000000080001040 (0x59023f87) fld     ft11, 1424(tp)
core   0: 3 0x0000000080001040 (0x59023f87) f31 0x0010000000000000 mem 0x000000008000a720
core   0: 0x0000000080001044 (0x59823f07) fld     ft10, 1432(tp)
core   0: 3 0x0000000080001044 (0x59823f07) f30 0x8010000000000002 mem 0x000000008000a728
core   0: 0x0000000080001048 (0x00000113) li      sp, 0
core   0: 3 0x0000000080001048 (0x00000113) x2  0x0000000000000000
core   0: 0x000000008000104c (0x00311073) csrw    fcsr, sp
core   0: 3 0x000000008000104c (0x00311073) c1_fflags 0x0000000000000000 c2_frm 0x0000000000000000
core   0: 0x0000000080001050 (0xa3ef9fd3) flt.d   t6, ft11, ft10
core   0: 3 0x0000000080001050 (0xa3ef9fd3) x31 0x0000000000000000
core   0: 0x0000000080001054 (0x003022f3) csrr    t0, fcsr
core   0: 3 0x0000000080001054 (0x003022f3) x5  0x0000000000000000
core   0: 0x0000000080001058 (0x57f0b023) sd      t6, 1376(ra)
core   0: 3 0x0000000080001058 (0x57f0b023) mem 0x000000008000f828 0x0000000000000000
core   0: 0x000000008000105c (0x5650b423) sd      t0, 1384(ra)
core   0: 3 0x000000008000105c (0x5650b423) mem 0x000000008000f830 0x0000000000000000
core   0: >>>>  inst_114
core   0: 0x0000000080001060 (0x5a023f87) fld     ft11, 1440(tp)
core   0: 3 0x0000000080001060 (0x5a023f87) f31 0x0010000000000000 mem 0x000000008000a730
core   0: 0x0000000080001064 (0x5a823f07) fld     ft10, 1448(tp)
core   0: 3 0x0000000080001064 (0x5a823f07) f30 0xbf80000000000000 mem 0x000000008000a738
core   0: 0x0000000080001068 (0x00000113) li      sp, 0
core   0: 3 0x0000000080001068 (0x00000113) x2  0x0000000000000000
core   0: 0x000000008000106c (0x00311073) csrw    fcsr, sp
core   0: 3 0x000000008000106c (0x00311073) c1_fflags 0x0000000000000000 c2_frm 0x0000000000000000
core   0: 0x0000000080001070 (0xa3ef9fd3) flt.d   t6, ft11, ft10
core   0: 3 0x0000000080001070 (0xa3ef9fd3) x31 0x0000000000000000
core   0: 0x0000000080001074 (0x003022f3) csrr    t0, fcsr
core   0: 3 0x0000000080001074 (0x003022f3) x5  0x0000000000000000
core   0: 0x0000000080001078 (0x57f0b823) sd      t6, 1392(ra)
core   0: 3 0x0000000080001078 (0x57f0b823) mem 0x000000008000f838 0x0000000000000000
core   0: 0x000000008000107c (0x5650bc23) sd      t0, 1400(ra)
core   0: 3 0x000000008000107c (0x5650bc23) mem 0x000000008000f840 0x0000000000000000
core   0: >>>>  inst_115
core   0: 0x0000000080001080 (0x5b023f87) fld     ft11, 1456(tp)
core   0: 3 0x0000000080001080 (0x5b023f87) f31 0x0010000000000000 mem 0x000000008000a740
core   0: 0x0000000080001084 (0x5b823f07) fld     ft10, 1464(tp)
core   0: 3 0x0000000080001084 (0x5b823f07) f30 0xffefffffffffffff mem 0x000000008000a748
core   0: 0x0000000080001088 (0x00000113) li      sp, 0
core   0: 3 0x0000000080001088 (0x00000113) x2  0x0000000000000000
core   0: 0x000000008000108c (0x00311073) csrw    fcsr, sp
core   0: 3 0x000000008000108c (0x00311073) c1_fflags 0x0000000000000000 c2_frm 0x0000000000000000
core   0: 0x0000000080001090 (0xa3ef9fd3) flt.d   t6, ft11, ft10
core   0: 3 0x0000000080001090 (0xa3ef9fd3) x31 0x0000000000000000
core   0: 0x0000000080001094 (0x003022f3) csrr    t0, fcsr
core   0: 3 0x0000000080001094 (0x003022f3) x5  0x0000000000000000
core   0: 0x0000000080001098 (0x59f0b023) sd      t6, 1408(ra)
core   0: 3 0x0000000080001098 (0x59f0b023) mem 0x000000008000f848 0x0000000000000000
core   0: 0x000000008000109c (0x5850b423) sd      t0, 1416(ra)
core   0: 3 0x000000008000109c (0x5850b423) mem 0x000000008000f850 0x0000000000000000
core   0: >>>>  inst_116
core   0: 0x00000000800010a0 (0x5c023f87) fld     ft11, 1472(tp)
core   0: 3 0x00000000800010a0 (0x5c023f87) f31 0x0010000000000000 mem 0x000000008000a750
core   0: 0x00000000800010a4 (0x5c823f07) fld     ft10, 1480(tp)
core   0: 3 0x00000000800010a4 (0x5c823f07) f30 0xfff0000000000000 mem 0x000000008000a758
core   0: 0x00000000800010a8 (0x00000113) li      sp, 0
core   0: 3 0x00000000800010a8 (0x00000113) x2  0x0000000000000000
core   0: 0x00000000800010ac (0x00311073) csrw    fcsr, sp
core   0: 3 0x00000000800010ac (0x00311073) c1_fflags 0x0000000000000000 c2_frm 0x0000000000000000
core   0: 0x00000000800010b0 (0xa3ef9fd3) flt.d   t6, ft11, ft10
core   0: 3 0x00000000800010b0 (0xa3ef9fd3) x31 0x0000000000000000
core   0: 0x00000000800010b4 (0x003022f3) csrr    t0, fcsr
core   0: 3 0x00000000800010b4 (0x003022f3) x5  0x0000000000000000
core   0: 0x00000000800010b8 (0x59f0b823) sd      t6, 1424(ra)
core   0: 3 0x00000000800010b8 (0x59f0b823) mem 0x000000008000f858 0x0000000000000000
core   0: 0x00000000800010bc (0x5850bc23) sd      t0, 1432(ra)
core   0: 3 0x00000000800010bc (0x5850bc23) mem 0x000000008000f860 0x0000000000000000
core   0: >>>>  inst_117
core   0: 0x00000000800010c0 (0x5d023f87) fld     ft11, 1488(tp)
core   0: 3 0x00000000800010c0 (0x5d023f87) f31 0x0010000000000000 mem 0x000000008000a760
core   0: 0x00000000800010c4 (0x5d823f07) fld     ft10, 1496(tp)
core   0: 3 0x00000000800010c4 (0x5d823f07) f30 0xfff0000000000001 mem 0x000000008000a768
core   0: 0x00000000800010c8 (0x00000113) li      sp, 0
core   0: 3 0x00000000800010c8 (0x00000113) x2  0x0000000000000000
core   0: 0x00000000800010cc (0x00311073) csrw    fcsr, sp
core   0: 3 0x00000000800010cc (0x00311073) c1_fflags 0x0000000000000000 c2_frm 0x0000000000000000
core   0: 0x00000000800010d0 (0xa3ef9fd3) flt.d   t6, ft11, ft10
core   0: 3 0x00000000800010d0 (0xa3ef9fd3) c1_fflags 0x0000000000000010 x31 0x0000000000000000
core   0: 0x00000000800010d4 (0x003022f3) csrr    t0, fcsr
core   0: 3 0x00000000800010d4 (0x003022f3) x5  0x0000000000000010
core   0: 0x00000000800010d8 (0x5bf0b023) sd      t6, 1440(ra)
core   0: 3 0x00000000800010d8 (0x5bf0b023) mem 0x000000008000f868 0x0000000000000000
core   0: 0x00000000800010dc (0x5a50b423) sd      t0, 1448(ra)
core   0: 3 0x00000000800010dc (0x5a50b423) mem 0x000000008000f870 0x0000000000000010
core   0: >>>>  inst_118
core   0: 0x00000000800010e0 (0x5e023f87) fld     ft11, 1504(tp)
core   0: 3 0x00000000800010e0 (0x5e023f87) f31 0x0010000000000000 mem 0x000000008000a770
core   0: 0x00000000800010e4 (0x5e823f07) fld     ft10, 1512(tp)
core   0: 3 0x00000000800010e4 (0x5e823f07) f30 0xfff8000000000000 mem 0x000000008000a778
core   0: 0x00000000800010e8 (0x00000113) li      sp, 0
core   0: 3 0x00000000800010e8 (0x00000113) x2  0x0000000000000000
core   0: 0x00000000800010ec (0x00311073) csrw    fcsr, sp
core   0: 3 0x00000000800010ec (0x00311073) c1_fflags 0x0000000000000000 c2_frm 0x0000000000000000
core   0: 0x00000000800010f0 (0xa3ef9fd3) flt.d   t6, ft11, ft10
core   0: 3 0x00000000800010f0 (0xa3ef9fd3) c1_fflags 0x0000000000000010 x31 0x0000000000000000
core   0: 0x00000000800010f4 (0x003022f3) csrr    t0, fcsr
core   0: 3 0x00000000800010f4 (0x003022f3) x5  0x0000000000000010
core   0: 0x00000000800010f8 (0x5bf0b823) sd      t6, 1456(ra)
core   0: 3 0x00000000800010f8 (0x5bf0b823) mem 0x000000008000f878 0x0000000000000000
core   0: 0x00000000800010fc (0x5a50bc23) sd      t0, 1464(ra)
core   0: 3 0x00000000800010fc (0x5a50bc23) mem 0x000000008000f880 0x0000000000000010
core   0: >>>>  inst_119
core   0: 0x0000000080001100 (0x5f023f87) fld     ft11, 1520(tp)
core   0: 3 0x0000000080001100 (0x5f023f87) f31 0x0010000000000000 mem 0x000000008000a780
core   0: 0x0000000080001104 (0x5f823f07) fld     ft10, 1528(tp)
core   0: 3 0x0000000080001104 (0x5f823f07) f30 0xfff8000000000001 mem 0x000000008000a788
core   0: 0x0000000080001108 (0x00000113) li      sp, 0
core   0: 3 0x0000000080001108 (0x00000113) x2  0x0000000000000000
core   0: 0x000000008000110c (0x00311073) csrw    fcsr, sp
core   0: 3 0x000000008000110c (0x00311073) c1_fflags 0x0000000000000000 c2_frm 0x0000000000000000
core   0: 0x0000000080001110 (0xa3ef9fd3) flt.d   t6, ft11, ft10
core   0: 3 0x0000000080001110 (0xa3ef9fd3) c1_fflags 0x0000000000000010 x31 0x0000000000000000
core   0: 0x0000000080001114 (0x003022f3) csrr    t0, fcsr
core   0: 3 0x0000000080001114 (0x003022f3) x5  0x0000000000000010
core   0: 0x0000000080001118 (0x5df0b023) sd      t6, 1472(ra)
core   0: 3 0x0000000080001118 (0x5df0b023) mem 0x000000008000f888 0x0000000000000000
core   0: 0x000000008000111c (0x5c50b423) sd      t0, 1480(ra)
core   0: 3 0x000000008000111c (0x5c50b423) mem 0x000000008000f890 0x0000000000000010
core   0: >>>>  inst_120
core   0: 0x0000000080001120 (0x60023f87) fld     ft11, 1536(tp)
core   0: 3 0x0000000080001120 (0x60023f87) f31 0x0010000000000002 mem 0x000000008000a790
core   0: 0x0000000080001124 (0x60823f07) fld     ft10, 1544(tp)
core   0: 3 0x0000000080001124 (0x60823f07) f30 0x0000000000000000 mem 0x000000008000a798
core   0: 0x0000000080001128 (0x00000113) li      sp, 0
core   0: 3 0x0000000080001128 (0x00000113) x2  0x0000000000000000
core   0: 0x000000008000112c (0x00311073) csrw    fcsr, sp
core   0: 3 0x000000008000112c (0x00311073) c1_fflags 0x0000000000000000 c2_frm 0x0000000000000000
core   0: 0x0000000080001130 (0xa3ef9fd3) flt.d   t6, ft11, ft10
core   0: 3 0x0000000080001130 (0xa3ef9fd3) x31 0x0000000000000000
core   0: 0x0000000080001134 (0x003022f3) csrr    t0, fcsr
core   0: 3 0x0000000080001134 (0x003022f3) x5  0x0000000000000000
core   0: 0x0000000080001138 (0x5df0b823) sd      t6, 1488(ra)
core   0: 3 0x0000000080001138 (0x5df0b823) mem 0x000000008000f898 0x0000000000000000
core   0: 0x000000008000113c (0x5c50bc23) sd      t0, 1496(ra)
core   0: 3 0x000000008000113c (0x5c50bc23) mem 0x000000008000f8a0 0x0000000000000000
core   0: >>>>  inst_121
core   0: 0x0000000080001140 (0x61023f87) fld     ft11, 1552(tp)
core   0: 3 0x0000000080001140 (0x61023f87) f31 0x0010000000000002 mem 0x000000008000a7a0
core   0: 0x0000000080001144 (0x61823f07) fld     ft10, 1560(tp)
core   0: 3 0x0000000080001144 (0x61823f07) f30 0x0000000000000001 mem 0x000000008000a7a8
core   0: 0x0000000080001148 (0x00000113) li      sp, 0
core   0: 3 0x0000000080001148 (0x00000113) x2  0x0000000000000000
core   0: 0x000000008000114c (0x00311073) csrw    fcsr, sp
core   0: 3 0x000000008000114c (0x00311073) c1_fflags 0x0000000000000000 c2_frm 0x0000000000000000
core   0: 0x0000000080001150 (0xa3ef9fd3) flt.d   t6, ft11, ft10
core   0: 3 0x0000000080001150 (0xa3ef9fd3) x31 0x0000000000000000
core   0: 0x0000000080001154 (0x003022f3) csrr    t0, fcsr
core   0: 3 0x0000000080001154 (0x003022f3) x5  0x0000000000000000
core   0: 0x0000000080001158 (0x5ff0b023) sd      t6, 1504(ra)
core   0: 3 0x0000000080001158 (0x5ff0b023) mem 0x000000008000f8a8 0x0000000000000000
core   0: 0x000000008000115c (0x5e50b423) sd      t0, 1512(ra)
core   0: 3 0x000000008000115c (0x5e50b423) mem 0x000000008000f8b0 0x0000000000000000
core   0: >>>>  inst_122
core   0: 0x0000000080001160 (0x62023f87) fld     ft11, 1568(tp)
core   0: 3 0x0000000080001160 (0x62023f87) f31 0x0010000000000002 mem 0x000000008000a7b0
core   0: 0x0000000080001164 (0x62823f07) fld     ft10, 1576(tp)
core   0: 3 0x0000000080001164 (0x62823f07) f30 0x0000000000000002 mem 0x000000008000a7b8
core   0: 0x0000000080001168 (0x00000113) li      sp, 0
core   0: 3 0x0000000080001168 (0x00000113) x2  0x0000000000000000
core   0: 0x000000008000116c (0x00311073) csrw    fcsr, sp
core   0: 3 0x000000008000116c (0x00311073) c1_fflags 0x0000000000000000 c2_frm 0x0000000000000000
core   0: 0x0000000080001170 (0xa3ef9fd3) flt.d   t6, ft11, ft10
core   0: 3 0x0000000080001170 (0xa3ef9fd3) x31 0x0000000000000000
core   0: 0x0000000080001174 (0x003022f3) csrr    t0, fcsr
core   0: 3 0x0000000080001174 (0x003022f3) x5  0x0000000000000000
core   0: 0x0000000080001178 (0x5ff0b823) sd      t6, 1520(ra)
core   0: 3 0x0000000080001178 (0x5ff0b823) mem 0x000000008000f8b8 0x0000000000000000
core   0: 0x000000008000117c (0x5e50bc23) sd      t0, 1528(ra)
core   0: 3 0x000000008000117c (0x5e50bc23) mem 0x000000008000f8c0 0x0000000000000000
core   0: >>>>  inst_123
core   0: 0x0000000080001180 (0x63023f87) fld     ft11, 1584(tp)
core   0: 3 0x0000000080001180 (0x63023f87) f31 0x0010000000000002 mem 0x000000008000a7c0
core   0: 0x0000000080001184 (0x63823f07) fld     ft10, 1592(tp)
core   0: 3 0x0000000080001184 (0x63823f07) f30 0x000fffffffffffff mem 0x000000008000a7c8
core   0: 0x0000000080001188 (0x00000113) li      sp, 0
core   0: 3 0x0000000080001188 (0x00000113) x2  0x0000000000000000
core   0: 0x000000008000118c (0x00311073) csrw    fcsr, sp
core   0: 3 0x000000008000118c (0x00311073) c1_fflags 0x0000000000000000 c2_frm 0x0000000000000000
core   0: 0x0000000080001190 (0xa3ef9fd3) flt.d   t6, ft11, ft10
core   0: 3 0x0000000080001190 (0xa3ef9fd3) x31 0x0000000000000000
core   0: 0x0000000080001194 (0x003022f3) csrr    t0, fcsr
core   0: 3 0x0000000080001194 (0x003022f3) x5  0x0000000000000000
core   0: 0x0000000080001198 (0x61f0b023) sd      t6, 1536(ra)
core   0: 3 0x0000000080001198 (0x61f0b023) mem 0x000000008000f8c8 0x0000000000000000
core   0: 0x000000008000119c (0x6050b423) sd      t0, 1544(ra)
core   0: 3 0x000000008000119c (0x6050b423) mem 0x000000008000f8d0 0x0000000000000000
core   0: >>>>  inst_124
core   0: 0x00000000800011a0 (0x64023f87) fld     ft11, 1600(tp)
core   0: 3 0x00000000800011a0 (0x64023f87) f31 0x0010000000000002 mem 0x000000008000a7d0
core   0: 0x00000000800011a4 (0x64823f07) fld     ft10, 1608(tp)
core   0: 3 0x00000000800011a4 (0x64823f07) f30 0x0010000000000000 mem 0x000000008000a7d8
core   0: 0x00000000800011a8 (0x00000113) li      sp, 0
core   0: 3 0x00000000800011a8 (0x00000113) x2  0x0000000000000000
core   0: 0x00000000800011ac (0x00311073) csrw    fcsr, sp
core   0: 3 0x00000000800011ac (0x00311073) c1_fflags 0x0000000000000000 c2_frm 0x0000000000000000
core   0: 0x00000000800011b0 (0xa3ef9fd3) flt.d   t6, ft11, ft10
core   0: 3 0x00000000800011b0 (0xa3ef9fd3) x31 0x0000000000000000
core   0: 0x00000000800011b4 (0x003022f3) csrr    t0, fcsr
core   0: 3 0x00000000800011b4 (0x003022f3) x5  0x0000000000000000
core   0: 0x00000000800011b8 (0x61f0b823) sd      t6, 1552(ra)
core   0: 3 0x00000000800011b8 (0x61f0b823) mem 0x000000008000f8d8 0x0000000000000000
core   0: 0x00000000800011bc (0x6050bc23) sd      t0, 1560(ra)
core   0: 3 0x00000000800011bc (0x6050bc23) mem 0x000000008000f8e0 0x0000000000000000
core   0: >>>>  inst_125
core   0: 0x00000000800011c0 (0x65023f87) fld     ft11, 1616(tp)
core   0: 3 0x00000000800011c0 (0x65023f87) f31 0x0010000000000002 mem 0x000000008000a7e0
core   0: 0x00000000800011c4 (0x65823f07) fld     ft10, 1624(tp)
core   0: 3 0x00000000800011c4 (0x65823f07) f30 0x0010000000000002 mem 0x000000008000a7e8
core   0: 0x00000000800011c8 (0x00000113) li      sp, 0
core   0: 3 0x00000000800011c8 (0x00000113) x2  0x0000000000000000
core   0: 0x00000000800011cc (0x00311073) csrw    fcsr, sp
core   0: 3 0x00000000800011cc (0x00311073) c1_fflags 0x0000000000000000 c2_frm 0x0000000000000000
core   0: 0x00000000800011d0 (0xa3ef9fd3) flt.d   t6, ft11, ft10
core   0: 3 0x00000000800011d0 (0xa3ef9fd3) x31 0x0000000000000000
core   0: 0x00000000800011d4 (0x003022f3) csrr    t0, fcsr
core   0: 3 0x00000000800011d4 (0x003022f3) x5  0x0000000000000000
core   0: 0x00000000800011d8 (0x63f0b023) sd      t6, 1568(ra)
core   0: 3 0x00000000800011d8 (0x63f0b023) mem 0x000000008000f8e8 0x0000000000000000
core   0: 0x00000000800011dc (0x6250b423) sd      t0, 1576(ra)
core   0: 3 0x00000000800011dc (0x6250b423) mem 0x000000008000f8f0 0x0000000000000000
core   0: >>>>  inst_126
core   0: 0x00000000800011e0 (0x66023f87) fld     ft11, 1632(tp)
core   0: 3 0x00000000800011e0 (0x66023f87) f31 0x0010000000000002 mem 0x000000008000a7f0
core   0: 0x00000000800011e4 (0x66823f07) fld     ft10, 1640(tp)
core   0: 3 0x00000000800011e4 (0x66823f07) f30 0x3ff0000000000000 mem 0x000000008000a7f8
core   0: 0x00000000800011e8 (0x00000113) li      sp, 0
core   0: 3 0x00000000800011e8 (0x00000113) x2  0x0000000000000000
core   0: 0x00000000800011ec (0x00311073) csrw    fcsr, sp
core   0: 3 0x00000000800011ec (0x00311073) c1_fflags 0x0000000000000000 c2_frm 0x0000000000000000
core   0: 0x00000000800011f0 (0xa3ef9fd3) flt.d   t6, ft11, ft10
core   0: 3 0x00000000800011f0 (0xa3ef9fd3) x31 0x0000000000000001
core   0: 0x00000000800011f4 (0x003022f3) csrr    t0, fcsr
core   0: 3 0x00000000800011f4 (0x003022f3) x5  0x0000000000000000
core   0: 0x00000000800011f8 (0x63f0b823) sd      t6, 1584(ra)
core   0: 3 0x00000000800011f8 (0x63f0b823) mem 0x000000008000f8f8 0x0000000000000001
core   0: 0x00000000800011fc (0x6250bc23) sd      t0, 1592(ra)
core   0: 3 0x00000000800011fc (0x6250bc23) mem 0x000000008000f900 0x0000000000000000
core   0: >>>>  inst_127
core   0: 0x0000000080001200 (0x67023f87) fld     ft11, 1648(tp)
core   0: 3 0x0000000080001200 (0x67023f87) f31 0x0010000000000002 mem 0x000000008000a800
core   0: 0x0000000080001204 (0x67823f07) fld     ft10, 1656(tp)
core   0: 3 0x0000000080001204 (0x67823f07) f30 0x7fefffffffffffff mem 0x000000008000a808
core   0: 0x0000000080001208 (0x00000113) li      sp, 0
core   0: 3 0x0000000080001208 (0x00000113) x2  0x0000000000000000
core   0: 0x000000008000120c (0x00311073) csrw    fcsr, sp
core   0: 3 0x000000008000120c (0x00311073) c1_fflags 0x0000000000000000 c2_frm 0x0000000000000000
core   0: 0x0000000080001210 (0xa3ef9fd3) flt.d   t6, ft11, ft10
core   0: 3 0x0000000080001210 (0xa3ef9fd3) x31 0x0000000000000001
core   0: 0x0000000080001214 (0x003022f3) csrr    t0, fcsr
core   0: 3 0x0000000080001214 (0x003022f3) x5  0x0000000000000000
core   0: 0x0000000080001218 (0x65f0b023) sd      t6, 1600(ra)
core   0: 3 0x0000000080001218 (0x65f0b023) mem 0x000000008000f908 0x0000000000000001
core   0: 0x000000008000121c (0x6450b423) sd      t0, 1608(ra)
core   0: 3 0x000000008000121c (0x6450b423) mem 0x000000008000f910 0x0000000000000000
core   0: >>>>  inst_128
core   0: 0x0000000080001220 (0x68023f87) fld     ft11, 1664(tp)
core   0: 3 0x0000000080001220 (0x68023f87) f31 0x0010000000000002 mem 0x000000008000a810
core   0: 0x0000000080001224 (0x68823f07) fld     ft10, 1672(tp)
core   0: 3 0x0000000080001224 (0x68823f07) f30 0x7ff0000000000000 mem 0x000000008000a818
core   0: 0x0000000080001228 (0x00000113) li      sp, 0
core   0: 3 0x0000000080001228 (0x00000113) x2  0x0000000000000000
core   0: 0x000000008000122c (0x00311073) csrw    fcsr, sp
core   0: 3 0x000000008000122c (0x00311073) c1_fflags 0x0000000000000000 c2_frm 0x0000000000000000
core   0: 0x0000000080001230 (0xa3ef9fd3) flt.d   t6, ft11, ft10
core   0: 3 0x0000000080001230 (0xa3ef9fd3) x31 0x0000000000000001
core   0: 0x0000000080001234 (0x003022f3) csrr    t0, fcsr
core   0: 3 0x0000000080001234 (0x003022f3) x5  0x0000000000000000
core   0: 0x0000000080001238 (0x65f0b823) sd      t6, 1616(ra)
core   0: 3 0x0000000080001238 (0x65f0b823) mem 0x000000008000f918 0x0000000000000001
core   0: 0x000000008000123c (0x6450bc23) sd      t0, 1624(ra)
core   0: 3 0x000000008000123c (0x6450bc23) mem 0x000000008000f920 0x0000000000000000
core   0: >>>>  inst_129
core   0: 0x0000000080001240 (0x69023f87) fld     ft11, 1680(tp)
core   0: 3 0x0000000080001240 (0x69023f87) f31 0x0010000000000002 mem 0x000000008000a820
core   0: 0x0000000080001244 (0x69823f07) fld     ft10, 1688(tp)
core   0: 3 0x0000000080001244 (0x69823f07) f30 0x7ff0000000000001 mem 0x000000008000a828
core   0: 0x0000000080001248 (0x00000113) li      sp, 0
core   0: 3 0x0000000080001248 (0x00000113) x2  0x0000000000000000
core   0: 0x000000008000124c (0x00311073) csrw    fcsr, sp
core   0: 3 0x000000008000124c (0x00311073) c1_fflags 0x0000000000000000 c2_frm 0x0000000000000000
core   0: 0x0000000080001250 (0xa3ef9fd3) flt.d   t6, ft11, ft10
core   0: 3 0x0000000080001250 (0xa3ef9fd3) c1_fflags 0x0000000000000010 x31 0x0000000000000000
core   0: 0x0000000080001254 (0x003022f3) csrr    t0, fcsr
core   0: 3 0x0000000080001254 (0x003022f3) x5  0x0000000000000010
core   0: 0x0000000080001258 (0x67f0b023) sd      t6, 1632(ra)
core   0: 3 0x0000000080001258 (0x67f0b023) mem 0x000000008000f928 0x0000000000000000
core   0: 0x000000008000125c (0x6650b423) sd      t0, 1640(ra)
core   0: 3 0x000000008000125c (0x6650b423) mem 0x000000008000f930 0x0000000000000010
core   0: >>>>  inst_130
core   0: 0x0000000080001260 (0x6a023f87) fld     ft11, 1696(tp)
core   0: 3 0x0000000080001260 (0x6a023f87) f31 0x0010000000000002 mem 0x000000008000a830
core   0: 0x0000000080001264 (0x6a823f07) fld     ft10, 1704(tp)
core   0: 3 0x0000000080001264 (0x6a823f07) f30 0x7ff8000000000000 mem 0x000000008000a838
core   0: 0x0000000080001268 (0x00000113) li      sp, 0
core   0: 3 0x0000000080001268 (0x00000113) x2  0x0000000000000000
core   0: 0x000000008000126c (0x00311073) csrw    fcsr, sp
core   0: 3 0x000000008000126c (0x00311073) c1_fflags 0x0000000000000000 c2_frm 0x0000000000000000
core   0: 0x0000000080001270 (0xa3ef9fd3) flt.d   t6, ft11, ft10
core   0: 3 0x0000000080001270 (0xa3ef9fd3) c1_fflags 0x0000000000000010 x31 0x0000000000000000
core   0: 0x0000000080001274 (0x003022f3) csrr    t0, fcsr
core   0: 3 0x0000000080001274 (0x003022f3) x5  0x0000000000000010
core   0: 0x0000000080001278 (0x67f0b823) sd      t6, 1648(ra)
core   0: 3 0x0000000080001278 (0x67f0b823) mem 0x000000008000f938 0x0000000000000000
core   0: 0x000000008000127c (0x6650bc23) sd      t0, 1656(ra)
core   0: 3 0x000000008000127c (0x6650bc23) mem 0x000000008000f940 0x0000000000000010
core   0: >>>>  inst_131
core   0: 0x0000000080001280 (0x6b023f87) fld     ft11, 1712(tp)
core   0: 3 0x0000000080001280 (0x6b023f87) f31 0x0010000000000002 mem 0x000000008000a840
core   0: 0x0000000080001284 (0x6b823f07) fld     ft10, 1720(tp)
core   0: 3 0x0000000080001284 (0x6b823f07) f30 0x7ff8000000000001 mem 0x000000008000a848
core   0: 0x0000000080001288 (0x00000113) li      sp, 0
core   0: 3 0x0000000080001288 (0x00000113) x2  0x0000000000000000
core   0: 0x000000008000128c (0x00311073) csrw    fcsr, sp
core   0: 3 0x000000008000128c (0x00311073) c1_fflags 0x0000000000000000 c2_frm 0x0000000000000000
core   0: 0x0000000080001290 (0xa3ef9fd3) flt.d   t6, ft11, ft10
core   0: 3 0x0000000080001290 (0xa3ef9fd3) c1_fflags 0x0000000000000010 x31 0x0000000000000000
core   0: 0x0000000080001294 (0x003022f3) csrr    t0, fcsr
core   0: 3 0x0000000080001294 (0x003022f3) x5  0x0000000000000010
core   0: 0x0000000080001298 (0x69f0b023) sd      t6, 1664(ra)
core   0: 3 0x0000000080001298 (0x69f0b023) mem 0x000000008000f948 0x0000000000000000
core   0: 0x000000008000129c (0x6850b423) sd      t0, 1672(ra)
core   0: 3 0x000000008000129c (0x6850b423) mem 0x000000008000f950 0x0000000000000010
core   0: >>>>  inst_132
core   0: 0x00000000800012a0 (0x6c023f87) fld     ft11, 1728(tp)
core   0: 3 0x00000000800012a0 (0x6c023f87) f31 0x0010000000000002 mem 0x000000008000a850
core   0: 0x00000000800012a4 (0x6c823f07) fld     ft10, 1736(tp)
core   0: 3 0x00000000800012a4 (0x6c823f07) f30 0x8000000000000000 mem 0x000000008000a858
core   0: 0x00000000800012a8 (0x00000113) li      sp, 0
core   0: 3 0x00000000800012a8 (0x00000113) x2  0x0000000000000000
core   0: 0x00000000800012ac (0x00311073) csrw    fcsr, sp
core   0: 3 0x00000000800012ac (0x00311073) c1_fflags 0x0000000000000000 c2_frm 0x0000000000000000
core   0: 0x00000000800012b0 (0xa3ef9fd3) flt.d   t6, ft11, ft10
core   0: 3 0x00000000800012b0 (0xa3ef9fd3) x31 0x0000000000000000
core   0: 0x00000000800012b4 (0x003022f3) csrr    t0, fcsr
core   0: 3 0x00000000800012b4 (0x003022f3) x5  0x0000000000000000
core   0: 0x00000000800012b8 (0x69f0b823) sd      t6, 1680(ra)
core   0: 3 0x00000000800012b8 (0x69f0b823) mem 0x000000008000f958 0x0000000000000000
core   0: 0x00000000800012bc (0x6850bc23) sd      t0, 1688(ra)
core   0: 3 0x00000000800012bc (0x6850bc23) mem 0x000000008000f960 0x0000000000000000
core   0: >>>>  inst_133
core   0: 0x00000000800012c0 (0x6d023f87) fld     ft11, 1744(tp)
core   0: 3 0x00000000800012c0 (0x6d023f87) f31 0x0010000000000002 mem 0x000000008000a860
core   0: 0x00000000800012c4 (0x6d823f07) fld     ft10, 1752(tp)
core   0: 3 0x00000000800012c4 (0x6d823f07) f30 0x8000000000000001 mem 0x000000008000a868
core   0: 0x00000000800012c8 (0x00000113) li      sp, 0
core   0: 3 0x00000000800012c8 (0x00000113) x2  0x0000000000000000
core   0: 0x00000000800012cc (0x00311073) csrw    fcsr, sp
core   0: 3 0x00000000800012cc (0x00311073) c1_fflags 0x0000000000000000 c2_frm 0x0000000000000000
core   0: 0x00000000800012d0 (0xa3ef9fd3) flt.d   t6, ft11, ft10
core   0: 3 0x00000000800012d0 (0xa3ef9fd3) x31 0x0000000000000000
core   0: 0x00000000800012d4 (0x003022f3) csrr    t0, fcsr
core   0: 3 0x00000000800012d4 (0x003022f3) x5  0x0000000000000000
core   0: 0x00000000800012d8 (0x6bf0b023) sd      t6, 1696(ra)
core   0: 3 0x00000000800012d8 (0x6bf0b023) mem 0x000000008000f968 0x0000000000000000
core   0: 0x00000000800012dc (0x6a50b423) sd      t0, 1704(ra)
core   0: 3 0x00000000800012dc (0x6a50b423) mem 0x000000008000f970 0x0000000000000000
core   0: >>>>  inst_134
core   0: 0x00000000800012e0 (0x6e023f87) fld     ft11, 1760(tp)
core   0: 3 0x00000000800012e0 (0x6e023f87) f31 0x0010000000000002 mem 0x000000008000a870
core   0: 0x00000000800012e4 (0x6e823f07) fld     ft10, 1768(tp)
core   0: 3 0x00000000800012e4 (0x6e823f07) f30 0x8000000000000002 mem 0x000000008000a878
core   0: 0x00000000800012e8 (0x00000113) li      sp, 0
core   0: 3 0x00000000800012e8 (0x00000113) x2  0x0000000000000000
core   0: 0x00000000800012ec (0x00311073) csrw    fcsr, sp
core   0: 3 0x00000000800012ec (0x00311073) c1_fflags 0x0000000000000000 c2_frm 0x0000000000000000
core   0: 0x00000000800012f0 (0xa3ef9fd3) flt.d   t6, ft11, ft10
core   0: 3 0x00000000800012f0 (0xa3ef9fd3) x31 0x0000000000000000
core   0: 0x00000000800012f4 (0x003022f3) csrr    t0, fcsr
core   0: 3 0x00000000800012f4 (0x003022f3) x5  0x0000000000000000
core   0: 0x00000000800012f8 (0x6bf0b823) sd      t6, 1712(ra)
core   0: 3 0x00000000800012f8 (0x6bf0b823) mem 0x000000008000f978 0x0000000000000000
core   0: 0x00000000800012fc (0x6a50bc23) sd      t0, 1720(ra)
core   0: 3 0x00000000800012fc (0x6a50bc23) mem 0x000000008000f980 0x0000000000000000
core   0: >>>>  inst_135
core   0: 0x0000000080001300 (0x6f023f87) fld     ft11, 1776(tp)
core   0: 3 0x0000000080001300 (0x6f023f87) f31 0x0010000000000002 mem 0x000000008000a880
core   0: 0x0000000080001304 (0x6f823f07) fld     ft10, 1784(tp)
core   0: 3 0x0000000080001304 (0x6f823f07) f30 0x800fffffffffffff mem 0x000000008000a888
core   0: 0x0000000080001308 (0x00000113) li      sp, 0
core   0: 3 0x0000000080001308 (0x00000113) x2  0x0000000000000000
core   0: 0x000000008000130c (0x00311073) csrw    fcsr, sp
core   0: 3 0x000000008000130c (0x00311073) c1_fflags 0x0000000000000000 c2_frm 0x0000000000000000
core   0: 0x0000000080001310 (0xa3ef9fd3) flt.d   t6, ft11, ft10
core   0: 3 0x0000000080001310 (0xa3ef9fd3) x31 0x0000000000000000
core   0: 0x0000000080001314 (0x003022f3) csrr    t0, fcsr
core   0: 3 0x0000000080001314 (0x003022f3) x5  0x0000000000000000
core   0: 0x0000000080001318 (0x6df0b023) sd      t6, 1728(ra)
core   0: 3 0x0000000080001318 (0x6df0b023) mem 0x000000008000f988 0x0000000000000000
core   0: 0x000000008000131c (0x6c50b423) sd      t0, 1736(ra)
core   0: 3 0x000000008000131c (0x6c50b423) mem 0x000000008000f990 0x0000000000000000
core   0: >>>>  inst_136
core   0: 0x0000000080001320 (0x70023f87) fld     ft11, 1792(tp)
core   0: 3 0x0000000080001320 (0x70023f87) f31 0x0010000000000002 mem 0x000000008000a890
core   0: 0x0000000080001324 (0x70823f07) fld     ft10, 1800(tp)
core   0: 3 0x0000000080001324 (0x70823f07) f30 0x8010000000000000 mem 0x000000008000a898
core   0: 0x0000000080001328 (0x00000113) li      sp, 0
core   0: 3 0x0000000080001328 (0x00000113) x2  0x0000000000000000
core   0: 0x000000008000132c (0x00311073) csrw    fcsr, sp
core   0: 3 0x000000008000132c (0x00311073) c1_fflags 0x0000000000000000 c2_frm 0x0000000000000000
core   0: 0x0000000080001330 (0xa3ef9fd3) flt.d   t6, ft11, ft10
core   0: 3 0x0000000080001330 (0xa3ef9fd3) x31 0x0000000000000000
core   0: 0x0000000080001334 (0x003022f3) csrr    t0, fcsr
core   0: 3 0x0000000080001334 (0x003022f3) x5  0x0000000000000000
core   0: 0x0000000080001338 (0x6df0b823) sd      t6, 1744(ra)
core   0: 3 0x0000000080001338 (0x6df0b823) mem 0x000000008000f998 0x0000000000000000
core   0: 0x000000008000133c (0x6c50bc23) sd      t0, 1752(ra)
core   0: 3 0x000000008000133c (0x6c50bc23) mem 0x000000008000f9a0 0x0000000000000000
core   0: >>>>  inst_137
core   0: 0x0000000080001340 (0x71023f87) fld     ft11, 1808(tp)
core   0: 3 0x0000000080001340 (0x71023f87) f31 0x0010000000000002 mem 0x000000008000a8a0
core   0: 0x0000000080001344 (0x71823f07) fld     ft10, 1816(tp)
core   0: 3 0x0000000080001344 (0x71823f07) f30 0x8010000000000002 mem 0x000000008000a8a8
core   0: 0x0000000080001348 (0x00000113) li      sp, 0
core   0: 3 0x0000000080001348 (0x00000113) x2  0x0000000000000000
core   0: 0x000000008000134c (0x00311073) csrw    fcsr, sp
core   0: 3 0x000000008000134c (0x00311073) c1_fflags 0x0000000000000000 c2_frm 0x0000000000000000
core   0: 0x0000000080001350 (0xa3ef9fd3) flt.d   t6, ft11, ft10
core   0: 3 0x0000000080001350 (0xa3ef9fd3) x31 0x0000000000000000
core   0: 0x0000000080001354 (0x003022f3) csrr    t0, fcsr
core   0: 3 0x0000000080001354 (0x003022f3) x5  0x0000000000000000
core   0: 0x0000000080001358 (0x6ff0b023) sd      t6, 1760(ra)
core   0: 3 0x0000000080001358 (0x6ff0b023) mem 0x000000008000f9a8 0x0000000000000000
core   0: 0x000000008000135c (0x6e50b423) sd      t0, 1768(ra)
core   0: 3 0x000000008000135c (0x6e50b423) mem 0x000000008000f9b0 0x0000000000000000
core   0: >>>>  inst_138
core   0: 0x0000000080001360 (0x72023f87) fld     ft11, 1824(tp)
core   0: 3 0x0000000080001360 (0x72023f87) f31 0x0010000000000002 mem 0x000000008000a8b0
core   0: 0x0000000080001364 (0x72823f07) fld     ft10, 1832(tp)
core   0: 3 0x0000000080001364 (0x72823f07) f30 0xbf80000000000000 mem 0x000000008000a8b8
core   0: 0x0000000080001368 (0x00000113) li      sp, 0
core   0: 3 0x0000000080001368 (0x00000113) x2  0x0000000000000000
core   0: 0x000000008000136c (0x00311073) csrw    fcsr, sp
core   0: 3 0x000000008000136c (0x00311073) c1_fflags 0x0000000000000000 c2_frm 0x0000000000000000
core   0: 0x0000000080001370 (0xa3ef9fd3) flt.d   t6, ft11, ft10
core   0: 3 0x0000000080001370 (0xa3ef9fd3) x31 0x0000000000000000
core   0: 0x0000000080001374 (0x003022f3) csrr    t0, fcsr
core   0: 3 0x0000000080001374 (0x003022f3) x5  0x0000000000000000
core   0: 0x0000000080001378 (0x6ff0b823) sd      t6, 1776(ra)
core   0: 3 0x0000000080001378 (0x6ff0b823) mem 0x000000008000f9b8 0x0000000000000000
core   0: 0x000000008000137c (0x6e50bc23) sd      t0, 1784(ra)
core   0: 3 0x000000008000137c (0x6e50bc23) mem 0x000000008000f9c0 0x0000000000000000
core   0: >>>>  inst_139
core   0: 0x0000000080001380 (0x73023f87) fld     ft11, 1840(tp)
core   0: 3 0x0000000080001380 (0x73023f87) f31 0x0010000000000002 mem 0x000000008000a8c0
core   0: 0x0000000080001384 (0x73823f07) fld     ft10, 1848(tp)
core   0: 3 0x0000000080001384 (0x73823f07) f30 0xffefffffffffffff mem 0x000000008000a8c8
core   0: 0x0000000080001388 (0x00000113) li      sp, 0
core   0: 3 0x0000000080001388 (0x00000113) x2  0x0000000000000000
core   0: 0x000000008000138c (0x00311073) csrw    fcsr, sp
core   0: 3 0x000000008000138c (0x00311073) c1_fflags 0x0000000000000000 c2_frm 0x0000000000000000
core   0: 0x0000000080001390 (0xa3ef9fd3) flt.d   t6, ft11, ft10
core   0: 3 0x0000000080001390 (0xa3ef9fd3) x31 0x0000000000000000
core   0: 0x0000000080001394 (0x003022f3) csrr    t0, fcsr
core   0: 3 0x0000000080001394 (0x003022f3) x5  0x0000000000000000
core   0: 0x0000000080001398 (0x71f0b023) sd      t6, 1792(ra)
core   0: 3 0x0000000080001398 (0x71f0b023) mem 0x000000008000f9c8 0x0000000000000000
core   0: 0x000000008000139c (0x7050b423) sd      t0, 1800(ra)
core   0: 3 0x000000008000139c (0x7050b423) mem 0x000000008000f9d0 0x0000000000000000
core   0: >>>>  inst_140
core   0: 0x00000000800013a0 (0x74023f87) fld     ft11, 1856(tp)
core   0: 3 0x00000000800013a0 (0x74023f87) f31 0x0010000000000002 mem 0x000000008000a8d0
core   0: 0x00000000800013a4 (0x74823f07) fld     ft10, 1864(tp)
core   0: 3 0x00000000800013a4 (0x74823f07) f30 0xfff0000000000000 mem 0x000000008000a8d8
core   0: 0x00000000800013a8 (0x00000113) li      sp, 0
core   0: 3 0x00000000800013a8 (0x00000113) x2  0x0000000000000000
core   0: 0x00000000800013ac (0x00311073) csrw    fcsr, sp
core   0: 3 0x00000000800013ac (0x00311073) c1_fflags 0x0000000000000000 c2_frm 0x0000000000000000
core   0: 0x00000000800013b0 (0xa3ef9fd3) flt.d   t6, ft11, ft10
core   0: 3 0x00000000800013b0 (0xa3ef9fd3) x31 0x0000000000000000
core   0: 0x00000000800013b4 (0x003022f3) csrr    t0, fcsr
core   0: 3 0x00000000800013b4 (0x003022f3) x5  0x0000000000000000
core   0: 0x00000000800013b8 (0x71f0b823) sd      t6, 1808(ra)
core   0: 3 0x00000000800013b8 (0x71f0b823) mem 0x000000008000f9d8 0x0000000000000000
core   0: 0x00000000800013bc (0x7050bc23) sd      t0, 1816(ra)
core   0: 3 0x00000000800013bc (0x7050bc23) mem 0x000000008000f9e0 0x0000000000000000
core   0: >>>>  inst_141
core   0: 0x00000000800013c0 (0x75023f87) fld     ft11, 1872(tp)
core   0: 3 0x00000000800013c0 (0x75023f87) f31 0x0010000000000002 mem 0x000000008000a8e0
core   0: 0x00000000800013c4 (0x75823f07) fld     ft10, 1880(tp)
core   0: 3 0x00000000800013c4 (0x75823f07) f30 0xfff0000000000001 mem 0x000000008000a8e8
core   0: 0x00000000800013c8 (0x00000113) li      sp, 0
core   0: 3 0x00000000800013c8 (0x00000113) x2  0x0000000000000000
core   0: 0x00000000800013cc (0x00311073) csrw    fcsr, sp
core   0: 3 0x00000000800013cc (0x00311073) c1_fflags 0x0000000000000000 c2_frm 0x0000000000000000
core   0: 0x00000000800013d0 (0xa3ef9fd3) flt.d   t6, ft11, ft10
core   0: 3 0x00000000800013d0 (0xa3ef9fd3) c1_fflags 0x0000000000000010 x31 0x0000000000000000
core   0: 0x00000000800013d4 (0x003022f3) csrr    t0, fcsr
core   0: 3 0x00000000800013d4 (0x003022f3) x5  0x0000000000000010
core   0: 0x00000000800013d8 (0x73f0b023) sd      t6, 1824(ra)
core   0: 3 0x00000000800013d8 (0x73f0b023) mem 0x000000008000f9e8 0x0000000000000000
core   0: 0x00000000800013dc (0x7250b423) sd      t0, 1832(ra)
core   0: 3 0x00000000800013dc (0x7250b423) mem 0x000000008000f9f0 0x0000000000000010
core   0: >>>>  inst_142
core   0: 0x00000000800013e0 (0x76023f87) fld     ft11, 1888(tp)
core   0: 3 0x00000000800013e0 (0x76023f87) f31 0x0010000000000002 mem 0x000000008000a8f0
core   0: 0x00000000800013e4 (0x76823f07) fld     ft10, 1896(tp)
core   0: 3 0x00000000800013e4 (0x76823f07) f30 0xfff8000000000000 mem 0x000000008000a8f8
core   0: 0x00000000800013e8 (0x00000113) li      sp, 0
core   0: 3 0x00000000800013e8 (0x00000113) x2  0x0000000000000000
core   0: 0x00000000800013ec (0x00311073) csrw    fcsr, sp
core   0: 3 0x00000000800013ec (0x00311073) c1_fflags 0x0000000000000000 c2_frm 0x0000000000000000
core   0: 0x00000000800013f0 (0xa3ef9fd3) flt.d   t6, ft11, ft10
core   0: 3 0x00000000800013f0 (0xa3ef9fd3) c1_fflags 0x0000000000000010 x31 0x0000000000000000
core   0: 0x00000000800013f4 (0x003022f3) csrr    t0, fcsr
core   0: 3 0x00000000800013f4 (0x003022f3) x5  0x0000000000000010
core   0: 0x00000000800013f8 (0x73f0b823) sd      t6, 1840(ra)
core   0: 3 0x00000000800013f8 (0x73f0b823) mem 0x000000008000f9f8 0x0000000000000000
core   0: 0x00000000800013fc (0x7250bc23) sd      t0, 1848(ra)
core   0: 3 0x00000000800013fc (0x7250bc23) mem 0x000000008000fa00 0x0000000000000010
core   0: >>>>  inst_143
core   0: 0x0000000080001400 (0x77023f87) fld     ft11, 1904(tp)
core   0: 3 0x0000000080001400 (0x77023f87) f31 0x0010000000000002 mem 0x000000008000a900
core   0: 0x0000000080001404 (0x77823f07) fld     ft10, 1912(tp)
core   0: 3 0x0000000080001404 (0x77823f07) f30 0xfff8000000000001 mem 0x000000008000a908
core   0: 0x0000000080001408 (0x00000113) li      sp, 0
core   0: 3 0x0000000080001408 (0x00000113) x2  0x0000000000000000
core   0: 0x000000008000140c (0x00311073) csrw    fcsr, sp
core   0: 3 0x000000008000140c (0x00311073) c1_fflags 0x0000000000000000 c2_frm 0x0000000000000000
core   0: 0x0000000080001410 (0xa3ef9fd3) flt.d   t6, ft11, ft10
core   0: 3 0x0000000080001410 (0xa3ef9fd3) c1_fflags 0x0000000000000010 x31 0x0000000000000000
core   0: 0x0000000080001414 (0x003022f3) csrr    t0, fcsr
core   0: 3 0x0000000080001414 (0x003022f3) x5  0x0000000000000010
core   0: 0x0000000080001418 (0x75f0b023) sd      t6, 1856(ra)
core   0: 3 0x0000000080001418 (0x75f0b023) mem 0x000000008000fa08 0x0000000000000000
core   0: 0x000000008000141c (0x7450b423) sd      t0, 1864(ra)
core   0: 3 0x000000008000141c (0x7450b423) mem 0x000000008000fa10 0x0000000000000010
core   0: >>>>  inst_144
core   0: 0x0000000080001420 (0x78023f87) fld     ft11, 1920(tp)
core   0: 3 0x0000000080001420 (0x78023f87) f31 0x3ff0000000000000 mem 0x000000008000a910
core   0: 0x0000000080001424 (0x78823f07) fld     ft10, 1928(tp)
core   0: 3 0x0000000080001424 (0x78823f07) f30 0x0000000000000000 mem 0x000000008000a918
core   0: 0x0000000080001428 (0x00000113) li      sp, 0
core   0: 3 0x0000000080001428 (0x00000113) x2  0x0000000000000000
core   0: 0x000000008000142c (0x00311073) csrw    fcsr, sp
core   0: 3 0x000000008000142c (0x00311073) c1_fflags 0x0000000000000000 c2_frm 0x0000000000000000
core   0: 0x0000000080001430 (0xa3ef9fd3) flt.d   t6, ft11, ft10
core   0: 3 0x0000000080001430 (0xa3ef9fd3) x31 0x0000000000000000
core   0: 0x0000000080001434 (0x003022f3) csrr    t0, fcsr
core   0: 3 0x0000000080001434 (0x003022f3) x5  0x0000000000000000
core   0: 0x0000000080001438 (0x75f0b823) sd      t6, 1872(ra)
core   0: 3 0x0000000080001438 (0x75f0b823) mem 0x000000008000fa18 0x0000000000000000
core   0: 0x000000008000143c (0x7450bc23) sd      t0, 1880(ra)
core   0: 3 0x000000008000143c (0x7450bc23) mem 0x000000008000fa20 0x0000000000000000
core   0: >>>>  inst_145
core   0: 0x0000000080001440 (0x79023f87) fld     ft11, 1936(tp)
core   0: 3 0x0000000080001440 (0x79023f87) f31 0x3ff0000000000000 mem 0x000000008000a920
core   0: 0x0000000080001444 (0x79823f07) fld     ft10, 1944(tp)
core   0: 3 0x0000000080001444 (0x79823f07) f30 0x0000000000000001 mem 0x000000008000a928
core   0: 0x0000000080001448 (0x00000113) li      sp, 0
core   0: 3 0x0000000080001448 (0x00000113) x2  0x0000000000000000
core   0: 0x000000008000144c (0x00311073) csrw    fcsr, sp
core   0: 3 0x000000008000144c (0x00311073) c1_fflags 0x0000000000000000 c2_frm 0x0000000000000000
core   0: 0x0000000080001450 (0xa3ef9fd3) flt.d   t6, ft11, ft10
core   0: 3 0x0000000080001450 (0xa3ef9fd3) x31 0x0000000000000000
core   0: 0x0000000080001454 (0x003022f3) csrr    t0, fcsr
core   0: 3 0x0000000080001454 (0x003022f3) x5  0x0000000000000000
core   0: 0x0000000080001458 (0x77f0b023) sd      t6, 1888(ra)
core   0: 3 0x0000000080001458 (0x77f0b023) mem 0x000000008000fa28 0x0000000000000000
core   0: 0x000000008000145c (0x7650b423) sd      t0, 1896(ra)
core   0: 3 0x000000008000145c (0x7650b423) mem 0x000000008000fa30 0x0000000000000000
core   0: >>>>  inst_146
core   0: 0x0000000080001460 (0x7a023f87) fld     ft11, 1952(tp)
core   0: 3 0x0000000080001460 (0x7a023f87) f31 0x3ff0000000000000 mem 0x000000008000a930
core   0: 0x0000000080001464 (0x7a823f07) fld     ft10, 1960(tp)
core   0: 3 0x0000000080001464 (0x7a823f07) f30 0x0000000000000002 mem 0x000000008000a938
core   0: 0x0000000080001468 (0x00000113) li      sp, 0
core   0: 3 0x0000000080001468 (0x00000113) x2  0x0000000000000000
core   0: 0x000000008000146c (0x00311073) csrw    fcsr, sp
core   0: 3 0x000000008000146c (0x00311073) c1_fflags 0x0000000000000000 c2_frm 0x0000000000000000
core   0: 0x0000000080001470 (0xa3ef9fd3) flt.d   t6, ft11, ft10
core   0: 3 0x0000000080001470 (0xa3ef9fd3) x31 0x0000000000000000
core   0: 0x0000000080001474 (0x003022f3) csrr    t0, fcsr
core   0: 3 0x0000000080001474 (0x003022f3) x5  0x0000000000000000
core   0: 0x0000000080001478 (0x77f0b823) sd      t6, 1904(ra)
core   0: 3 0x0000000080001478 (0x77f0b823) mem 0x000000008000fa38 0x0000000000000000
core   0: 0x000000008000147c (0x7650bc23) sd      t0, 1912(ra)
core   0: 3 0x000000008000147c (0x7650bc23) mem 0x000000008000fa40 0x0000000000000000
core   0: >>>>  inst_147
core   0: 0x0000000080001480 (0x7b023f87) fld     ft11, 1968(tp)
core   0: 3 0x0000000080001480 (0x7b023f87) f31 0x3ff0000000000000 mem 0x000000008000a940
core   0: 0x0000000080001484 (0x7b823f07) fld     ft10, 1976(tp)
core   0: 3 0x0000000080001484 (0x7b823f07) f30 0x000fffffffffffff mem 0x000000008000a948
core   0: 0x0000000080001488 (0x00000113) li      sp, 0
core   0: 3 0x0000000080001488 (0x00000113) x2  0x0000000000000000
core   0: 0x000000008000148c (0x00311073) csrw    fcsr, sp
core   0: 3 0x000000008000148c (0x00311073) c1_fflags 0x0000000000000000 c2_frm 0x0000000000000000
core   0: 0x0000000080001490 (0xa3ef9fd3) flt.d   t6, ft11, ft10
core   0: 3 0x0000000080001490 (0xa3ef9fd3) x31 0x0000000000000000
core   0: 0x0000000080001494 (0x003022f3) csrr    t0, fcsr
core   0: 3 0x0000000080001494 (0x003022f3) x5  0x0000000000000000
core   0: 0x0000000080001498 (0x79f0b023) sd      t6, 1920(ra)
core   0: 3 0x0000000080001498 (0x79f0b023) mem 0x000000008000fa48 0x0000000000000000
core   0: 0x000000008000149c (0x7850b423) sd      t0, 1928(ra)
core   0: 3 0x000000008000149c (0x7850b423) mem 0x000000008000fa50 0x0000000000000000
core   0: >>>>  inst_148
core   0: 0x00000000800014a0 (0x7c023f87) fld     ft11, 1984(tp)
core   0: 3 0x00000000800014a0 (0x7c023f87) f31 0x3ff0000000000000 mem 0x000000008000a950
core   0: 0x00000000800014a4 (0x7c823f07) fld     ft10, 1992(tp)
core   0: 3 0x00000000800014a4 (0x7c823f07) f30 0x0010000000000000 mem 0x000000008000a958
core   0: 0x00000000800014a8 (0x00000113) li      sp, 0
core   0: 3 0x00000000800014a8 (0x00000113) x2  0x0000000000000000
core   0: 0x00000000800014ac (0x00311073) csrw    fcsr, sp
core   0: 3 0x00000000800014ac (0x00311073) c1_fflags 0x0000000000000000 c2_frm 0x0000000000000000
core   0: 0x00000000800014b0 (0xa3ef9fd3) flt.d   t6, ft11, ft10
core   0: 3 0x00000000800014b0 (0xa3ef9fd3) x31 0x0000000000000000
core   0: 0x00000000800014b4 (0x003022f3) csrr    t0, fcsr
core   0: 3 0x00000000800014b4 (0x003022f3) x5  0x0000000000000000
core   0: 0x00000000800014b8 (0x79f0b823) sd      t6, 1936(ra)
core   0: 3 0x00000000800014b8 (0x79f0b823) mem 0x000000008000fa58 0x0000000000000000
core   0: 0x00000000800014bc (0x7850bc23) sd      t0, 1944(ra)
core   0: 3 0x00000000800014bc (0x7850bc23) mem 0x000000008000fa60 0x0000000000000000
core   0: >>>>  inst_149
core   0: 0x00000000800014c0 (0x7d023f87) fld     ft11, 2000(tp)
core   0: 3 0x00000000800014c0 (0x7d023f87) f31 0x3ff0000000000000 mem 0x000000008000a960
core   0: 0x00000000800014c4 (0x7d823f07) fld     ft10, 2008(tp)
core   0: 3 0x00000000800014c4 (0x7d823f07) f30 0x0010000000000002 mem 0x000000008000a968
core   0: 0x00000000800014c8 (0x00000113) li      sp, 0
core   0: 3 0x00000000800014c8 (0x00000113) x2  0x0000000000000000
core   0: 0x00000000800014cc (0x00311073) csrw    fcsr, sp
core   0: 3 0x00000000800014cc (0x00311073) c1_fflags 0x0000000000000000 c2_frm 0x0000000000000000
core   0: 0x00000000800014d0 (0xa3ef9fd3) flt.d   t6, ft11, ft10
core   0: 3 0x00000000800014d0 (0xa3ef9fd3) x31 0x0000000000000000
core   0: 0x00000000800014d4 (0x003022f3) csrr    t0, fcsr
core   0: 3 0x00000000800014d4 (0x003022f3) x5  0x0000000000000000
core   0: 0x00000000800014d8 (0x7bf0b023) sd      t6, 1952(ra)
core   0: 3 0x00000000800014d8 (0x7bf0b023) mem 0x000000008000fa68 0x0000000000000000
core   0: 0x00000000800014dc (0x7a50b423) sd      t0, 1960(ra)
core   0: 3 0x00000000800014dc (0x7a50b423) mem 0x000000008000fa70 0x0000000000000000
core   0: >>>>  inst_150
core   0: 0x00000000800014e0 (0x7e023f87) fld     ft11, 2016(tp)
core   0: 3 0x00000000800014e0 (0x7e023f87) f31 0x3ff0000000000000 mem 0x000000008000a970
core   0: 0x00000000800014e4 (0x7e823f07) fld     ft10, 2024(tp)
core   0: 3 0x00000000800014e4 (0x7e823f07) f30 0x3ff0000000000000 mem 0x000000008000a978
core   0: 0x00000000800014e8 (0x00000113) li      sp, 0
core   0: 3 0x00000000800014e8 (0x00000113) x2  0x0000000000000000
core   0: 0x00000000800014ec (0x00311073) csrw    fcsr, sp
core   0: 3 0x00000000800014ec (0x00311073) c1_fflags 0x0000000000000000 c2_frm 0x0000000000000000
core   0: 0x00000000800014f0 (0xa3ef9fd3) flt.d   t6, ft11, ft10
core   0: 3 0x00000000800014f0 (0xa3ef9fd3) x31 0x0000000000000000
core   0: 0x00000000800014f4 (0x003022f3) csrr    t0, fcsr
core   0: 3 0x00000000800014f4 (0x003022f3) x5  0x0000000000000000
core   0: 0x00000000800014f8 (0x7bf0b823) sd      t6, 1968(ra)
core   0: 3 0x00000000800014f8 (0x7bf0b823) mem 0x000000008000fa78 0x0000000000000000
core   0: 0x00000000800014fc (0x7a50bc23) sd      t0, 1976(ra)
core   0: 3 0x00000000800014fc (0x7a50bc23) mem 0x000000008000fa80 0x0000000000000000
core   0: >>>>  inst_151
core   0: 0x0000000080001500 (0x7f023f87) fld     ft11, 2032(tp)
core   0: 3 0x0000000080001500 (0x7f023f87) f31 0x3ff0000000000000 mem 0x000000008000a980
core   0: 0x0000000080001504 (0x7f823f07) fld     ft10, 2040(tp)
core   0: 3 0x0000000080001504 (0x7f823f07) f30 0x7fefffffffffffff mem 0x000000008000a988
core   0: 0x0000000080001508 (0x00000113) li      sp, 0
core   0: 3 0x0000000080001508 (0x00000113) x2  0x0000000000000000
core   0: 0x000000008000150c (0x00311073) csrw    fcsr, sp
core   0: 3 0x000000008000150c (0x00311073) c1_fflags 0x0000000000000000 c2_frm 0x0000000000000000
core   0: 0x0000000080001510 (0xa3ef9fd3) flt.d   t6, ft11, ft10
core   0: 3 0x0000000080001510 (0xa3ef9fd3) x31 0x0000000000000001
core   0: 0x0000000080001514 (0x003022f3) csrr    t0, fcsr
core   0: 3 0x0000000080001514 (0x003022f3) x5  0x0000000000000000
core   0: 0x0000000080001518 (0x7df0b023) sd      t6, 1984(ra)
core   0: 3 0x0000000080001518 (0x7df0b023) mem 0x000000008000fa88 0x0000000000000001
core   0: 0x000000008000151c (0x7c50b423) sd      t0, 1992(ra)
core   0: 3 0x000000008000151c (0x7c50b423) mem 0x000000008000fa90 0x0000000000000000
core   0: >>>>  inst_152
core   0: 0x0000000080001520 (0x00100113) li      sp, 1
core   0: 3 0x0000000080001520 (0x00100113) x2  0x0000000000000001
core   0: 0x0000000080001524 (0x00c11113) slli    sp, sp, 12
core   0: 3 0x0000000080001524 (0x00c11113) x2  0x0000000000001000
core   0: 0x0000000080001528 (0x00220233) add     tp, tp, sp
core   0: 3 0x0000000080001528 (0x00220233) x4  0x000000008000b190
core   0: 0x000000008000152c (0x80023f87) fld     ft11, -2048(tp)
core   0: 3 0x000000008000152c (0x80023f87) f31 0x3ff0000000000000 mem 0x000000008000a990
core   0: 0x0000000080001530 (0x40220233) sub     tp, tp, sp
core   0: 3 0x0000000080001530 (0x40220233) x4  0x000000008000a190
core   0: 0x0000000080001534 (0x00100113) li      sp, 1
core   0: 3 0x0000000080001534 (0x00100113) x2  0x0000000000000001
core   0: 0x0000000080001538 (0x00c11113) slli    sp, sp, 12
core   0: 3 0x0000000080001538 (0x00c11113) x2  0x0000000000001000
core   0: 0x000000008000153c (0x00220233) add     tp, tp, sp
core   0: 3 0x000000008000153c (0x00220233) x4  0x000000008000b190
core   0: 0x0000000080001540 (0x80823f07) fld     ft10, -2040(tp)
core   0: 3 0x0000000080001540 (0x80823f07) f30 0x7ff0000000000000 mem 0x000000008000a998
core   0: 0x0000000080001544 (0x40220233) sub     tp, tp, sp
core   0: 3 0x0000000080001544 (0x40220233) x4  0x000000008000a190
core   0: 0x0000000080001548 (0x00000113) li      sp, 0
core   0: 3 0x0000000080001548 (0x00000113) x2  0x0000000000000000
core   0: 0x000000008000154c (0x00311073) csrw    fcsr, sp
core   0: 3 0x000000008000154c (0x00311073) c1_fflags 0x0000000000000000 c2_frm 0x0000000000000000
core   0: 0x0000000080001550 (0xa3ef9fd3) flt.d   t6, ft11, ft10
core   0: 3 0x0000000080001550 (0xa3ef9fd3) x31 0x0000000000000001
core   0: 0x0000000080001554 (0x003022f3) csrr    t0, fcsr
core   0: 3 0x0000000080001554 (0x003022f3) x5  0x0000000000000000
core   0: 0x0000000080001558 (0x7df0b823) sd      t6, 2000(ra)
core   0: 3 0x0000000080001558 (0x7df0b823) mem 0x000000008000fa98 0x0000000000000001
core   0: 0x000000008000155c (0x7c50bc23) sd      t0, 2008(ra)
core   0: 3 0x000000008000155c (0x7c50bc23) mem 0x000000008000faa0 0x0000000000000000
core   0: >>>>  inst_153
core   0: 0x0000000080001560 (0x00100113) li      sp, 1
core   0: 3 0x0000000080001560 (0x00100113) x2  0x0000000000000001
core   0: 0x0000000080001564 (0x00c11113) slli    sp, sp, 12
core   0: 3 0x0000000080001564 (0x00c11113) x2  0x0000000000001000
core   0: 0x0000000080001568 (0x00220233) add     tp, tp, sp
core   0: 3 0x0000000080001568 (0x00220233) x4  0x000000008000b190
core   0: 0x000000008000156c (0x81023f87) fld     ft11, -2032(tp)
core   0: 3 0x000000008000156c (0x81023f87) f31 0x3ff0000000000000 mem 0x000000008000a9a0
core   0: 0x0000000080001570 (0x40220233) sub     tp, tp, sp
core   0: 3 0x0000000080001570 (0x40220233) x4  0x000000008000a190
core   0: 0x0000000080001574 (0x00100113) li      sp, 1
core   0: 3 0x0000000080001574 (0x00100113) x2  0x0000000000000001
core   0: 0x0000000080001578 (0x00c11113) slli    sp, sp, 12
core   0: 3 0x0000000080001578 (0x00c11113) x2  0x0000000000001000
core   0: 0x000000008000157c (0x00220233) add     tp, tp, sp
core   0: 3 0x000000008000157c (0x00220233) x4  0x000000008000b190
core   0: 0x0000000080001580 (0x81823f07) fld     ft10, -2024(tp)
core   0: 3 0x0000000080001580 (0x81823f07) f30 0x7ff0000000000001 mem 0x000000008000a9a8
core   0: 0x0000000080001584 (0x40220233) sub     tp, tp, sp
core   0: 3 0x0000000080001584 (0x40220233) x4  0x000000008000a190
core   0: 0x0000000080001588 (0x00000113) li      sp, 0
core   0: 3 0x0000000080001588 (0x00000113) x2  0x0000000000000000
core   0: 0x000000008000158c (0x00311073) csrw    fcsr, sp
core   0: 3 0x000000008000158c (0x00311073) c1_fflags 0x0000000000000000 c2_frm 0x0000000000000000
core   0: 0x0000000080001590 (0xa3ef9fd3) flt.d   t6, ft11, ft10
core   0: 3 0x0000000080001590 (0xa3ef9fd3) c1_fflags 0x0000000000000010 x31 0x0000000000000000
core   0: 0x0000000080001594 (0x003022f3) csrr    t0, fcsr
core   0: 3 0x0000000080001594 (0x003022f3) x5  0x0000000000000010
core   0: 0x0000000080001598 (0x7ff0b023) sd      t6, 2016(ra)
core   0: 3 0x0000000080001598 (0x7ff0b023) mem 0x000000008000faa8 0x0000000000000000
core   0: 0x000000008000159c (0x7e50b423) sd      t0, 2024(ra)
core   0: 3 0x000000008000159c (0x7e50b423) mem 0x000000008000fab0 0x0000000000000010
core   0: >>>>  inst_154
core   0: 0x00000000800015a0 (0x00100113) li      sp, 1
core   0: 3 0x00000000800015a0 (0x00100113) x2  0x0000000000000001
core   0: 0x00000000800015a4 (0x00c11113) slli    sp, sp, 12
core   0: 3 0x00000000800015a4 (0x00c11113) x2  0x0000000000001000
core   0: 0x00000000800015a8 (0x00220233) add     tp, tp, sp
core   0: 3 0x00000000800015a8 (0x00220233) x4  0x000000008000b190
core   0: 0x00000000800015ac (0x82023f87) fld     ft11, -2016(tp)
core   0: 3 0x00000000800015ac (0x82023f87) f31 0x3ff0000000000000 mem 0x000000008000a9b0
core   0: 0x00000000800015b0 (0x40220233) sub     tp, tp, sp
core   0: 3 0x00000000800015b0 (0x40220233) x4  0x000000008000a190
core   0: 0x00000000800015b4 (0x00100113) li      sp, 1
core   0: 3 0x00000000800015b4 (0x00100113) x2  0x0000000000000001
core   0: 0x00000000800015b8 (0x00c11113) slli    sp, sp, 12
core   0: 3 0x00000000800015b8 (0x00c11113) x2  0x0000000000001000
core   0: 0x00000000800015bc (0x00220233) add     tp, tp, sp
core   0: 3 0x00000000800015bc (0x00220233) x4  0x000000008000b190
core   0: 0x00000000800015c0 (0x82823f07) fld     ft10, -2008(tp)
core   0: 3 0x00000000800015c0 (0x82823f07) f30 0x7ff8000000000000 mem 0x000000008000a9b8
core   0: 0x00000000800015c4 (0x40220233) sub     tp, tp, sp
core   0: 3 0x00000000800015c4 (0x40220233) x4  0x000000008000a190
core   0: 0x00000000800015c8 (0x00000113) li      sp, 0
core   0: 3 0x00000000800015c8 (0x00000113) x2  0x0000000000000000
core   0: 0x00000000800015cc (0x00311073) csrw    fcsr, sp
core   0: 3 0x00000000800015cc (0x00311073) c1_fflags 0x0000000000000000 c2_frm 0x0000000000000000
core   0: 0x00000000800015d0 (0xa3ef9fd3) flt.d   t6, ft11, ft10
core   0: 3 0x00000000800015d0 (0xa3ef9fd3) c1_fflags 0x0000000000000010 x31 0x0000000000000000
core   0: 0x00000000800015d4 (0x003022f3) csrr    t0, fcsr
core   0: 3 0x00000000800015d4 (0x003022f3) x5  0x0000000000000010
core   0: 0x00000000800015d8 (0x7ff0b823) sd      t6, 2032(ra)
core   0: 3 0x00000000800015d8 (0x7ff0b823) mem 0x000000008000fab8 0x0000000000000000
core   0: 0x00000000800015dc (0x7e50bc23) sd      t0, 2040(ra)
core   0: 3 0x00000000800015dc (0x7e50bc23) mem 0x000000008000fac0 0x0000000000000010
core   0: 0x00000000800015e0 (0x0000e097) auipc   ra, 0xe
core   0: 3 0x00000000800015e0 (0x0000e097) x1  0x000000008000f5e0
core   0: 0x00000000800015e4 (0x4e808093) addi    ra, ra, 1256
core   0: 3 0x00000000800015e4 (0x4e808093) x1  0x000000008000fac8
core   0: 0x00000000800015e8 (0x00000013) nop
core   0: 3 0x00000000800015e8 (0x00000013)
core   0: 0x00000000800015ec (0x00000013) nop
core   0: 3 0x00000000800015ec (0x00000013)
core   0: 0x00000000800015f0 (0x00000013) nop
core   0: 3 0x00000000800015f0 (0x00000013)
core   0: 0x00000000800015f4 (0x00000013) nop
core   0: 3 0x00000000800015f4 (0x00000013)
core   0: 0x00000000800015f8 (0x00000013) nop
core   0: 3 0x00000000800015f8 (0x00000013)
core   0: 0x00000000800015fc (0x00000013) nop
core   0: 3 0x00000000800015fc (0x00000013)
core   0: >>>>  inst_155
core   0: 0x0000000080001600 (0x00100113) li      sp, 1
core   0: 3 0x0000000080001600 (0x00100113) x2  0x0000000000000001
core   0: 0x0000000080001604 (0x00c11113) slli    sp, sp, 12
core   0: 3 0x0000000080001604 (0x00c11113) x2  0x0000000000001000
core   0: 0x0000000080001608 (0x00220233) add     tp, tp, sp
core   0: 3 0x0000000080001608 (0x00220233) x4  0x000000008000b190
core   0: 0x000000008000160c (0x83023f87) fld     ft11, -2000(tp)
core   0: 3 0x000000008000160c (0x83023f87) f31 0x3ff0000000000000 mem 0x000000008000a9c0
core   0: 0x0000000080001610 (0x40220233) sub     tp, tp, sp
core   0: 3 0x0000000080001610 (0x40220233) x4  0x000000008000a190
core   0: 0x0000000080001614 (0x00100113) li      sp, 1
core   0: 3 0x0000000080001614 (0x00100113) x2  0x0000000000000001
core   0: 0x0000000080001618 (0x00c11113) slli    sp, sp, 12
core   0: 3 0x0000000080001618 (0x00c11113) x2  0x0000000000001000
core   0: 0x000000008000161c (0x00220233) add     tp, tp, sp
core   0: 3 0x000000008000161c (0x00220233) x4  0x000000008000b190
core   0: 0x0000000080001620 (0x83823f07) fld     ft10, -1992(tp)
core   0: 3 0x0000000080001620 (0x83823f07) f30 0x7ff8000000000001 mem 0x000000008000a9c8
core   0: 0x0000000080001624 (0x40220233) sub     tp, tp, sp
core   0: 3 0x0000000080001624 (0x40220233) x4  0x000000008000a190
core   0: 0x0000000080001628 (0x00000113) li      sp, 0
core   0: 3 0x0000000080001628 (0x00000113) x2  0x0000000000000000
core   0: 0x000000008000162c (0x00311073) csrw    fcsr, sp
core   0: 3 0x000000008000162c (0x00311073) c1_fflags 0x0000000000000000 c2_frm 0x0000000000000000
core   0: 0x0000000080001630 (0xa3ef9fd3) flt.d   t6, ft11, ft10
core   0: 3 0x0000000080001630 (0xa3ef9fd3) c1_fflags 0x0000000000000010 x31 0x0000000000000000
core   0: 0x0000000080001634 (0x003022f3) csrr    t0, fcsr
core   0: 3 0x0000000080001634 (0x003022f3) x5  0x0000000000000010
core   0: 0x0000000080001638 (0x01f0b023) sd      t6, 0(ra)
core   0: 3 0x0000000080001638 (0x01f0b023) mem 0x000000008000fac8 0x0000000000000000
core   0: 0x000000008000163c (0x0050b423) sd      t0, 8(ra)
core   0: 3 0x000000008000163c (0x0050b423) mem 0x000000008000fad0 0x0000000000000010
core   0: >>>>  inst_156
core   0: 0x0000000080001640 (0x00100113) li      sp, 1
core   0: 3 0x0000000080001640 (0x00100113) x2  0x0000000000000001
core   0: 0x0000000080001644 (0x00c11113) slli    sp, sp, 12
core   0: 3 0x0000000080001644 (0x00c11113) x2  0x0000000000001000
core   0: 0x0000000080001648 (0x00220233) add     tp, tp, sp
core   0: 3 0x0000000080001648 (0x00220233) x4  0x000000008000b190
core   0: 0x000000008000164c (0x84023f87) fld     ft11, -1984(tp)
core   0: 3 0x000000008000164c (0x84023f87) f31 0x3ff0000000000000 mem 0x000000008000a9d0
core   0: 0x0000000080001650 (0x40220233) sub     tp, tp, sp
core   0: 3 0x0000000080001650 (0x40220233) x4  0x000000008000a190
core   0: 0x0000000080001654 (0x00100113) li      sp, 1
core   0: 3 0x0000000080001654 (0x00100113) x2  0x0000000000000001
core   0: 0x0000000080001658 (0x00c11113) slli    sp, sp, 12
core   0: 3 0x0000000080001658 (0x00c11113) x2  0x0000000000001000
core   0: 0x000000008000165c (0x00220233) add     tp, tp, sp
core   0: 3 0x000000008000165c (0x00220233) x4  0x000000008000b190
core   0: 0x0000000080001660 (0x84823f07) fld     ft10, -1976(tp)
core   0: 3 0x0000000080001660 (0x84823f07) f30 0x8000000000000000 mem 0x000000008000a9d8
core   0: 0x0000000080001664 (0x40220233) sub     tp, tp, sp
core   0: 3 0x0000000080001664 (0x40220233) x4  0x000000008000a190
core   0: 0x0000000080001668 (0x00000113) li      sp, 0
core   0: 3 0x0000000080001668 (0x00000113) x2  0x0000000000000000
core   0: 0x000000008000166c (0x00311073) csrw    fcsr, sp
core   0: 3 0x000000008000166c (0x00311073) c1_fflags 0x0000000000000000 c2_frm 0x0000000000000000
core   0: 0x0000000080001670 (0xa3ef9fd3) flt.d   t6, ft11, ft10
core   0: 3 0x0000000080001670 (0xa3ef9fd3) x31 0x0000000000000000
core   0: 0x0000000080001674 (0x003022f3) csrr    t0, fcsr
core   0: 3 0x0000000080001674 (0x003022f3) x5  0x0000000000000000
core   0: 0x0000000080001678 (0x01f0b823) sd      t6, 16(ra)
core   0: 3 0x0000000080001678 (0x01f0b823) mem 0x000000008000fad8 0x0000000000000000
core   0: 0x000000008000167c (0x0050bc23) sd      t0, 24(ra)
core   0: 3 0x000000008000167c (0x0050bc23) mem 0x000000008000fae0 0x0000000000000000
core   0: >>>>  inst_157
core   0: 0x0000000080001680 (0x00100113) li      sp, 1
core   0: 3 0x0000000080001680 (0x00100113) x2  0x0000000000000001
core   0: 0x0000000080001684 (0x00c11113) slli    sp, sp, 12
core   0: 3 0x0000000080001684 (0x00c11113) x2  0x0000000000001000
core   0: 0x0000000080001688 (0x00220233) add     tp, tp, sp
core   0: 3 0x0000000080001688 (0x00220233) x4  0x000000008000b190
core   0: 0x000000008000168c (0x85023f87) fld     ft11, -1968(tp)
core   0: 3 0x000000008000168c (0x85023f87) f31 0x3ff0000000000000 mem 0x000000008000a9e0
core   0: 0x0000000080001690 (0x40220233) sub     tp, tp, sp
core   0: 3 0x0000000080001690 (0x40220233) x4  0x000000008000a190
core   0: 0x0000000080001694 (0x00100113) li      sp, 1
core   0: 3 0x0000000080001694 (0x00100113) x2  0x0000000000000001
core   0: 0x0000000080001698 (0x00c11113) slli    sp, sp, 12
core   0: 3 0x0000000080001698 (0x00c11113) x2  0x0000000000001000
core   0: 0x000000008000169c (0x00220233) add     tp, tp, sp
core   0: 3 0x000000008000169c (0x00220233) x4  0x000000008000b190
core   0: 0x00000000800016a0 (0x85823f07) fld     ft10, -1960(tp)
core   0: 3 0x00000000800016a0 (0x85823f07) f30 0x8000000000000001 mem 0x000000008000a9e8
core   0: 0x00000000800016a4 (0x40220233) sub     tp, tp, sp
core   0: 3 0x00000000800016a4 (0x40220233) x4  0x000000008000a190
core   0: 0x00000000800016a8 (0x00000113) li      sp, 0
core   0: 3 0x00000000800016a8 (0x00000113) x2  0x0000000000000000
core   0: 0x00000000800016ac (0x00311073) csrw    fcsr, sp
core   0: 3 0x00000000800016ac (0x00311073) c1_fflags 0x0000000000000000 c2_frm 0x0000000000000000
core   0: 0x00000000800016b0 (0xa3ef9fd3) flt.d   t6, ft11, ft10
core   0: 3 0x00000000800016b0 (0xa3ef9fd3) x31 0x0000000000000000
core   0: 0x00000000800016b4 (0x003022f3) csrr    t0, fcsr
core   0: 3 0x00000000800016b4 (0x003022f3) x5  0x0000000000000000
core   0: 0x00000000800016b8 (0x03f0b023) sd      t6, 32(ra)
core   0: 3 0x00000000800016b8 (0x03f0b023) mem 0x000000008000fae8 0x0000000000000000
core   0: 0x00000000800016bc (0x0250b423) sd      t0, 40(ra)
core   0: 3 0x00000000800016bc (0x0250b423) mem 0x000000008000faf0 0x0000000000000000
core   0: >>>>  inst_158
core   0: 0x00000000800016c0 (0x00100113) li      sp, 1
core   0: 3 0x00000000800016c0 (0x00100113) x2  0x0000000000000001
core   0: 0x00000000800016c4 (0x00c11113) slli    sp, sp, 12
core   0: 3 0x00000000800016c4 (0x00c11113) x2  0x0000000000001000
core   0: 0x00000000800016c8 (0x00220233) add     tp, tp, sp
core   0: 3 0x00000000800016c8 (0x00220233) x4  0x000000008000b190
core   0: 0x00000000800016cc (0x86023f87) fld     ft11, -1952(tp)
core   0: 3 0x00000000800016cc (0x86023f87) f31 0x3ff0000000000000 mem 0x000000008000a9f0
core   0: 0x00000000800016d0 (0x40220233) sub     tp, tp, sp
core   0: 3 0x00000000800016d0 (0x40220233) x4  0x000000008000a190
core   0: 0x00000000800016d4 (0x00100113) li      sp, 1
core   0: 3 0x00000000800016d4 (0x00100113) x2  0x0000000000000001
core   0: 0x00000000800016d8 (0x00c11113) slli    sp, sp, 12
core   0: 3 0x00000000800016d8 (0x00c11113) x2  0x0000000000001000
core   0: 0x00000000800016dc (0x00220233) add     tp, tp, sp
core   0: 3 0x00000000800016dc (0x00220233) x4  0x000000008000b190
core   0: 0x00000000800016e0 (0x86823f07) fld     ft10, -1944(tp)
core   0: 3 0x00000000800016e0 (0x86823f07) f30 0x8000000000000002 mem 0x000000008000a9f8
core   0: 0x00000000800016e4 (0x40220233) sub     tp, tp, sp
core   0: 3 0x00000000800016e4 (0x40220233) x4  0x000000008000a190
core   0: 0x00000000800016e8 (0x00000113) li      sp, 0
core   0: 3 0x00000000800016e8 (0x00000113) x2  0x0000000000000000
core   0: 0x00000000800016ec (0x00311073) csrw    fcsr, sp
core   0: 3 0x00000000800016ec (0x00311073) c1_fflags 0x0000000000000000 c2_frm 0x0000000000000000
core   0: 0x00000000800016f0 (0xa3ef9fd3) flt.d   t6, ft11, ft10
core   0: 3 0x00000000800016f0 (0xa3ef9fd3) x31 0x0000000000000000
core   0: 0x00000000800016f4 (0x003022f3) csrr    t0, fcsr
core   0: 3 0x00000000800016f4 (0x003022f3) x5  0x0000000000000000
core   0: 0x00000000800016f8 (0x03f0b823) sd      t6, 48(ra)
core   0: 3 0x00000000800016f8 (0x03f0b823) mem 0x000000008000faf8 0x0000000000000000
core   0: 0x00000000800016fc (0x0250bc23) sd      t0, 56(ra)
core   0: 3 0x00000000800016fc (0x0250bc23) mem 0x000000008000fb00 0x0000000000000000
core   0: >>>>  inst_159
core   0: 0x0000000080001700 (0x00100113) li      sp, 1
core   0: 3 0x0000000080001700 (0x00100113) x2  0x0000000000000001
core   0: 0x0000000080001704 (0x00c11113) slli    sp, sp, 12
core   0: 3 0x0000000080001704 (0x00c11113) x2  0x0000000000001000
core   0: 0x0000000080001708 (0x00220233) add     tp, tp, sp
core   0: 3 0x0000000080001708 (0x00220233) x4  0x000000008000b190
core   0: 0x000000008000170c (0x87023f87) fld     ft11, -1936(tp)
core   0: 3 0x000000008000170c (0x87023f87) f31 0x3ff0000000000000 mem 0x000000008000aa00
core   0: 0x0000000080001710 (0x40220233) sub     tp, tp, sp
core   0: 3 0x0000000080001710 (0x40220233) x4  0x000000008000a190
core   0: 0x0000000080001714 (0x00100113) li      sp, 1
core   0: 3 0x0000000080001714 (0x00100113) x2  0x0000000000000001
core   0: 0x0000000080001718 (0x00c11113) slli    sp, sp, 12
core   0: 3 0x0000000080001718 (0x00c11113) x2  0x0000000000001000
core   0: 0x000000008000171c (0x00220233) add     tp, tp, sp
core   0: 3 0x000000008000171c (0x00220233) x4  0x000000008000b190
core   0: 0x0000000080001720 (0x87823f07) fld     ft10, -1928(tp)
core   0: 3 0x0000000080001720 (0x87823f07) f30 0x800fffffffffffff mem 0x000000008000aa08
core   0: 0x0000000080001724 (0x40220233) sub     tp, tp, sp
core   0: 3 0x0000000080001724 (0x40220233) x4  0x000000008000a190
core   0: 0x0000000080001728 (0x00000113) li      sp, 0
core   0: 3 0x0000000080001728 (0x00000113) x2  0x0000000000000000
core   0: 0x000000008000172c (0x00311073) csrw    fcsr, sp
core   0: 3 0x000000008000172c (0x00311073) c1_fflags 0x0000000000000000 c2_frm 0x0000000000000000
core   0: 0x0000000080001730 (0xa3ef9fd3) flt.d   t6, ft11, ft10
core   0: 3 0x0000000080001730 (0xa3ef9fd3) x31 0x0000000000000000
core   0: 0x0000000080001734 (0x003022f3) csrr    t0, fcsr
core   0: 3 0x0000000080001734 (0x003022f3) x5  0x0000000000000000
core   0: 0x0000000080001738 (0x05f0b023) sd      t6, 64(ra)
core   0: 3 0x0000000080001738 (0x05f0b023) mem 0x000000008000fb08 0x0000000000000000
core   0: 0x000000008000173c (0x0450b423) sd      t0, 72(ra)
core   0: 3 0x000000008000173c (0x0450b423) mem 0x000000008000fb10 0x0000000000000000
core   0: >>>>  inst_160
core   0: 0x0000000080001740 (0x00100113) li      sp, 1
core   0: 3 0x0000000080001740 (0x00100113) x2  0x0000000000000001
core   0: 0x0000000080001744 (0x00c11113) slli    sp, sp, 12
core   0: 3 0x0000000080001744 (0x00c11113) x2  0x0000000000001000
core   0: 0x0000000080001748 (0x00220233) add     tp, tp, sp
core   0: 3 0x0000000080001748 (0x00220233) x4  0x000000008000b190
core   0: 0x000000008000174c (0x88023f87) fld     ft11, -1920(tp)
core   0: 3 0x000000008000174c (0x88023f87) f31 0x3ff0000000000000 mem 0x000000008000aa10
core   0: 0x0000000080001750 (0x40220233) sub     tp, tp, sp
core   0: 3 0x0000000080001750 (0x40220233) x4  0x000000008000a190
core   0: 0x0000000080001754 (0x00100113) li      sp, 1
core   0: 3 0x0000000080001754 (0x00100113) x2  0x0000000000000001
core   0: 0x0000000080001758 (0x00c11113) slli    sp, sp, 12
core   0: 3 0x0000000080001758 (0x00c11113) x2  0x0000000000001000
core   0: 0x000000008000175c (0x00220233) add     tp, tp, sp
core   0: 3 0x000000008000175c (0x00220233) x4  0x000000008000b190
core   0: 0x0000000080001760 (0x88823f07) fld     ft10, -1912(tp)
core   0: 3 0x0000000080001760 (0x88823f07) f30 0x8010000000000000 mem 0x000000008000aa18
core   0: 0x0000000080001764 (0x40220233) sub     tp, tp, sp
core   0: 3 0x0000000080001764 (0x40220233) x4  0x000000008000a190
core   0: 0x0000000080001768 (0x00000113) li      sp, 0
core   0: 3 0x0000000080001768 (0x00000113) x2  0x0000000000000000
core   0: 0x000000008000176c (0x00311073) csrw    fcsr, sp
core   0: 3 0x000000008000176c (0x00311073) c1_fflags 0x0000000000000000 c2_frm 0x0000000000000000
core   0: 0x0000000080001770 (0xa3ef9fd3) flt.d   t6, ft11, ft10
core   0: 3 0x0000000080001770 (0xa3ef9fd3) x31 0x0000000000000000
core   0: 0x0000000080001774 (0x003022f3) csrr    t0, fcsr
core   0: 3 0x0000000080001774 (0x003022f3) x5  0x0000000000000000
core   0: 0x0000000080001778 (0x05f0b823) sd      t6, 80(ra)
core   0: 3 0x0000000080001778 (0x05f0b823) mem 0x000000008000fb18 0x0000000000000000
core   0: 0x000000008000177c (0x0450bc23) sd      t0, 88(ra)
core   0: 3 0x000000008000177c (0x0450bc23) mem 0x000000008000fb20 0x0000000000000000
core   0: >>>>  inst_161
core   0: 0x0000000080001780 (0x00100113) li      sp, 1
core   0: 3 0x0000000080001780 (0x00100113) x2  0x0000000000000001
core   0: 0x0000000080001784 (0x00c11113) slli    sp, sp, 12
core   0: 3 0x0000000080001784 (0x00c11113) x2  0x0000000000001000
core   0: 0x0000000080001788 (0x00220233) add     tp, tp, sp
core   0: 3 0x0000000080001788 (0x00220233) x4  0x000000008000b190
core   0: 0x000000008000178c (0x89023f87) fld     ft11, -1904(tp)
core   0: 3 0x000000008000178c (0x89023f87) f31 0x3ff0000000000000 mem 0x000000008000aa20
core   0: 0x0000000080001790 (0x40220233) sub     tp, tp, sp
core   0: 3 0x0000000080001790 (0x40220233) x4  0x000000008000a190
core   0: 0x0000000080001794 (0x00100113) li      sp, 1
core   0: 3 0x0000000080001794 (0x00100113) x2  0x0000000000000001
core   0: 0x0000000080001798 (0x00c11113) slli    sp, sp, 12
core   0: 3 0x0000000080001798 (0x00c11113) x2  0x0000000000001000
core   0: 0x000000008000179c (0x00220233) add     tp, tp, sp
core   0: 3 0x000000008000179c (0x00220233) x4  0x000000008000b190
core   0: 0x00000000800017a0 (0x89823f07) fld     ft10, -1896(tp)
core   0: 3 0x00000000800017a0 (0x89823f07) f30 0x8010000000000002 mem 0x000000008000aa28
core   0: 0x00000000800017a4 (0x40220233) sub     tp, tp, sp
core   0: 3 0x00000000800017a4 (0x40220233) x4  0x000000008000a190
core   0: 0x00000000800017a8 (0x00000113) li      sp, 0
core   0: 3 0x00000000800017a8 (0x00000113) x2  0x0000000000000000
core   0: 0x00000000800017ac (0x00311073) csrw    fcsr, sp
core   0: 3 0x00000000800017ac (0x00311073) c1_fflags 0x0000000000000000 c2_frm 0x0000000000000000
core   0: 0x00000000800017b0 (0xa3ef9fd3) flt.d   t6, ft11, ft10
core   0: 3 0x00000000800017b0 (0xa3ef9fd3) x31 0x0000000000000000
core   0: 0x00000000800017b4 (0x003022f3) csrr    t0, fcsr
core   0: 3 0x00000000800017b4 (0x003022f3) x5  0x0000000000000000
core   0: 0x00000000800017b8 (0x07f0b023) sd      t6, 96(ra)
core   0: 3 0x00000000800017b8 (0x07f0b023) mem 0x000000008000fb28 0x0000000000000000
core   0: 0x00000000800017bc (0x0650b423) sd      t0, 104(ra)
core   0: 3 0x00000000800017bc (0x0650b423) mem 0x000000008000fb30 0x0000000000000000
core   0: >>>>  inst_162
core   0: 0x00000000800017c0 (0x00100113) li      sp, 1
core   0: 3 0x00000000800017c0 (0x00100113) x2  0x0000000000000001
core   0: 0x00000000800017c4 (0x00c11113) slli    sp, sp, 12
core   0: 3 0x00000000800017c4 (0x00c11113) x2  0x0000000000001000
core   0: 0x00000000800017c8 (0x00220233) add     tp, tp, sp
core   0: 3 0x00000000800017c8 (0x00220233) x4  0x000000008000b190
core   0: 0x00000000800017cc (0x8a023f87) fld     ft11, -1888(tp)
core   0: 3 0x00000000800017cc (0x8a023f87) f31 0x3ff0000000000000 mem 0x000000008000aa30
core   0: 0x00000000800017d0 (0x40220233) sub     tp, tp, sp
core   0: 3 0x00000000800017d0 (0x40220233) x4  0x000000008000a190
core   0: 0x00000000800017d4 (0x00100113) li      sp, 1
core   0: 3 0x00000000800017d4 (0x00100113) x2  0x0000000000000001
core   0: 0x00000000800017d8 (0x00c11113) slli    sp, sp, 12
core   0: 3 0x00000000800017d8 (0x00c11113) x2  0x0000000000001000
core   0: 0x00000000800017dc (0x00220233) add     tp, tp, sp
core   0: 3 0x00000000800017dc (0x00220233) x4  0x000000008000b190
core   0: 0x00000000800017e0 (0x8a823f07) fld     ft10, -1880(tp)
core   0: 3 0x00000000800017e0 (0x8a823f07) f30 0xbf80000000000000 mem 0x000000008000aa38
core   0: 0x00000000800017e4 (0x40220233) sub     tp, tp, sp
core   0: 3 0x00000000800017e4 (0x40220233) x4  0x000000008000a190
core   0: 0x00000000800017e8 (0x00000113) li      sp, 0
core   0: 3 0x00000000800017e8 (0x00000113) x2  0x0000000000000000
core   0: 0x00000000800017ec (0x00311073) csrw    fcsr, sp
core   0: 3 0x00000000800017ec (0x00311073) c1_fflags 0x0000000000000000 c2_frm 0x0000000000000000
core   0: 0x00000000800017f0 (0xa3ef9fd3) flt.d   t6, ft11, ft10
core   0: 3 0x00000000800017f0 (0xa3ef9fd3) x31 0x0000000000000000
core   0: 0x00000000800017f4 (0x003022f3) csrr    t0, fcsr
core   0: 3 0x00000000800017f4 (0x003022f3) x5  0x0000000000000000
core   0: 0x00000000800017f8 (0x07f0b823) sd      t6, 112(ra)
core   0: 3 0x00000000800017f8 (0x07f0b823) mem 0x000000008000fb38 0x0000000000000000
core   0: 0x00000000800017fc (0x0650bc23) sd      t0, 120(ra)
core   0: 3 0x00000000800017fc (0x0650bc23) mem 0x000000008000fb40 0x0000000000000000
core   0: >>>>  inst_163
core   0: 0x0000000080001800 (0x00100113) li      sp, 1
core   0: 3 0x0000000080001800 (0x00100113) x2  0x0000000000000001
core   0: 0x0000000080001804 (0x00c11113) slli    sp, sp, 12
core   0: 3 0x0000000080001804 (0x00c11113) x2  0x0000000000001000
core   0: 0x0000000080001808 (0x00220233) add     tp, tp, sp
core   0: 3 0x0000000080001808 (0x00220233) x4  0x000000008000b190
core   0: 0x000000008000180c (0x8b023f87) fld     ft11, -1872(tp)
core   0: 3 0x000000008000180c (0x8b023f87) f31 0x3ff0000000000000 mem 0x000000008000aa40
core   0: 0x0000000080001810 (0x40220233) sub     tp, tp, sp
core   0: 3 0x0000000080001810 (0x40220233) x4  0x000000008000a190
core   0: 0x0000000080001814 (0x00100113) li      sp, 1
core   0: 3 0x0000000080001814 (0x00100113) x2  0x0000000000000001
core   0: 0x0000000080001818 (0x00c11113) slli    sp, sp, 12
core   0: 3 0x0000000080001818 (0x00c11113) x2  0x0000000000001000
core   0: 0x000000008000181c (0x00220233) add     tp, tp, sp
core   0: 3 0x000000008000181c (0x00220233) x4  0x000000008000b190
core   0: 0x0000000080001820 (0x8b823f07) fld     ft10, -1864(tp)
core   0: 3 0x0000000080001820 (0x8b823f07) f30 0xffefffffffffffff mem 0x000000008000aa48
core   0: 0x0000000080001824 (0x40220233) sub     tp, tp, sp
core   0: 3 0x0000000080001824 (0x40220233) x4  0x000000008000a190
core   0: 0x0000000080001828 (0x00000113) li      sp, 0
core   0: 3 0x0000000080001828 (0x00000113) x2  0x0000000000000000
core   0: 0x000000008000182c (0x00311073) csrw    fcsr, sp
core   0: 3 0x000000008000182c (0x00311073) c1_fflags 0x0000000000000000 c2_frm 0x0000000000000000
core   0: 0x0000000080001830 (0xa3ef9fd3) flt.d   t6, ft11, ft10
core   0: 3 0x0000000080001830 (0xa3ef9fd3) x31 0x0000000000000000
core   0: 0x0000000080001834 (0x003022f3) csrr    t0, fcsr
core   0: 3 0x0000000080001834 (0x003022f3) x5  0x0000000000000000
core   0: 0x0000000080001838 (0x09f0b023) sd      t6, 128(ra)
core   0: 3 0x0000000080001838 (0x09f0b023) mem 0x000000008000fb48 0x0000000000000000
core   0: 0x000000008000183c (0x0850b423) sd      t0, 136(ra)
core   0: 3 0x000000008000183c (0x0850b423) mem 0x000000008000fb50 0x0000000000000000
core   0: >>>>  inst_164
core   0: 0x0000000080001840 (0x00100113) li      sp, 1
core   0: 3 0x0000000080001840 (0x00100113) x2  0x0000000000000001
core   0: 0x0000000080001844 (0x00c11113) slli    sp, sp, 12
core   0: 3 0x0000000080001844 (0x00c11113) x2  0x0000000000001000
core   0: 0x0000000080001848 (0x00220233) add     tp, tp, sp
core   0: 3 0x0000000080001848 (0x00220233) x4  0x000000008000b190
core   0: 0x000000008000184c (0x8c023f87) fld     ft11, -1856(tp)
core   0: 3 0x000000008000184c (0x8c023f87) f31 0x3ff0000000000000 mem 0x000000008000aa50
core   0: 0x0000000080001850 (0x40220233) sub     tp, tp, sp
core   0: 3 0x0000000080001850 (0x40220233) x4  0x000000008000a190
core   0: 0x0000000080001854 (0x00100113) li      sp, 1
core   0: 3 0x0000000080001854 (0x00100113) x2  0x0000000000000001
core   0: 0x0000000080001858 (0x00c11113) slli    sp, sp, 12
core   0: 3 0x0000000080001858 (0x00c11113) x2  0x0000000000001000
core   0: 0x000000008000185c (0x00220233) add     tp, tp, sp
core   0: 3 0x000000008000185c (0x00220233) x4  0x000000008000b190
core   0: 0x0000000080001860 (0x8c823f07) fld     ft10, -1848(tp)
core   0: 3 0x0000000080001860 (0x8c823f07) f30 0xfff0000000000000 mem 0x000000008000aa58
core   0: 0x0000000080001864 (0x40220233) sub     tp, tp, sp
core   0: 3 0x0000000080001864 (0x40220233) x4  0x000000008000a190
core   0: 0x0000000080001868 (0x00000113) li      sp, 0
core   0: 3 0x0000000080001868 (0x00000113) x2  0x0000000000000000
core   0: 0x000000008000186c (0x00311073) csrw    fcsr, sp
core   0: 3 0x000000008000186c (0x00311073) c1_fflags 0x0000000000000000 c2_frm 0x0000000000000000
core   0: 0x0000000080001870 (0xa3ef9fd3) flt.d   t6, ft11, ft10
core   0: 3 0x0000000080001870 (0xa3ef9fd3) x31 0x0000000000000000
core   0: 0x0000000080001874 (0x003022f3) csrr    t0, fcsr
core   0: 3 0x0000000080001874 (0x003022f3) x5  0x0000000000000000
core   0: 0x0000000080001878 (0x09f0b823) sd      t6, 144(ra)
core   0: 3 0x0000000080001878 (0x09f0b823) mem 0x000000008000fb58 0x0000000000000000
core   0: 0x000000008000187c (0x0850bc23) sd      t0, 152(ra)
core   0: 3 0x000000008000187c (0x0850bc23) mem 0x000000008000fb60 0x0000000000000000
core   0: >>>>  inst_165
core   0: 0x0000000080001880 (0x00100113) li      sp, 1
core   0: 3 0x0000000080001880 (0x00100113) x2  0x0000000000000001
core   0: 0x0000000080001884 (0x00c11113) slli    sp, sp, 12
core   0: 3 0x0000000080001884 (0x00c11113) x2  0x0000000000001000
core   0: 0x0000000080001888 (0x00220233) add     tp, tp, sp
core   0: 3 0x0000000080001888 (0x00220233) x4  0x000000008000b190
core   0: 0x000000008000188c (0x8d023f87) fld     ft11, -1840(tp)
core   0: 3 0x000000008000188c (0x8d023f87) f31 0x3ff0000000000000 mem 0x000000008000aa60
core   0: 0x0000000080001890 (0x40220233) sub     tp, tp, sp
core   0: 3 0x0000000080001890 (0x40220233) x4  0x000000008000a190
core   0: 0x0000000080001894 (0x00100113) li      sp, 1
core   0: 3 0x0000000080001894 (0x00100113) x2  0x0000000000000001
core   0: 0x0000000080001898 (0x00c11113) slli    sp, sp, 12
core   0: 3 0x0000000080001898 (0x00c11113) x2  0x0000000000001000
core   0: 0x000000008000189c (0x00220233) add     tp, tp, sp
core   0: 3 0x000000008000189c (0x00220233) x4  0x000000008000b190
core   0: 0x00000000800018a0 (0x8d823f07) fld     ft10, -1832(tp)
core   0: 3 0x00000000800018a0 (0x8d823f07) f30 0xfff0000000000001 mem 0x000000008000aa68
core   0: 0x00000000800018a4 (0x40220233) sub     tp, tp, sp
core   0: 3 0x00000000800018a4 (0x40220233) x4  0x000000008000a190
core   0: 0x00000000800018a8 (0x00000113) li      sp, 0
core   0: 3 0x00000000800018a8 (0x00000113) x2  0x0000000000000000
core   0: 0x00000000800018ac (0x00311073) csrw    fcsr, sp
core   0: 3 0x00000000800018ac (0x00311073) c1_fflags 0x0000000000000000 c2_frm 0x0000000000000000
core   0: 0x00000000800018b0 (0xa3ef9fd3) flt.d   t6, ft11, ft10
core   0: 3 0x00000000800018b0 (0xa3ef9fd3) c1_fflags 0x0000000000000010 x31 0x0000000000000000
core   0: 0x00000000800018b4 (0x003022f3) csrr    t0, fcsr
core   0: 3 0x00000000800018b4 (0x003022f3) x5  0x0000000000000010
core   0: 0x00000000800018b8 (0x0bf0b023) sd      t6, 160(ra)
core   0: 3 0x00000000800018b8 (0x0bf0b023) mem 0x000000008000fb68 0x0000000000000000
core   0: 0x00000000800018bc (0x0a50b423) sd      t0, 168(ra)
core   0: 3 0x00000000800018bc (0x0a50b423) mem 0x000000008000fb70 0x0000000000000010
core   0: >>>>  inst_166
core   0: 0x00000000800018c0 (0x00100113) li      sp, 1
core   0: 3 0x00000000800018c0 (0x00100113) x2  0x0000000000000001
core   0: 0x00000000800018c4 (0x00c11113) slli    sp, sp, 12
core   0: 3 0x00000000800018c4 (0x00c11113) x2  0x0000000000001000
core   0: 0x00000000800018c8 (0x00220233) add     tp, tp, sp
core   0: 3 0x00000000800018c8 (0x00220233) x4  0x000000008000b190
core   0: 0x00000000800018cc (0x8e023f87) fld     ft11, -1824(tp)
core   0: 3 0x00000000800018cc (0x8e023f87) f31 0x3ff0000000000000 mem 0x000000008000aa70
core   0: 0x00000000800018d0 (0x40220233) sub     tp, tp, sp
core   0: 3 0x00000000800018d0 (0x40220233) x4  0x000000008000a190
core   0: 0x00000000800018d4 (0x00100113) li      sp, 1
core   0: 3 0x00000000800018d4 (0x00100113) x2  0x0000000000000001
core   0: 0x00000000800018d8 (0x00c11113) slli    sp, sp, 12
core   0: 3 0x00000000800018d8 (0x00c11113) x2  0x0000000000001000
core   0: 0x00000000800018dc (0x00220233) add     tp, tp, sp
core   0: 3 0x00000000800018dc (0x00220233) x4  0x000000008000b190
core   0: 0x00000000800018e0 (0x8e823f07) fld     ft10, -1816(tp)
core   0: 3 0x00000000800018e0 (0x8e823f07) f30 0xfff8000000000000 mem 0x000000008000aa78
core   0: 0x00000000800018e4 (0x40220233) sub     tp, tp, sp
core   0: 3 0x00000000800018e4 (0x40220233) x4  0x000000008000a190
core   0: 0x00000000800018e8 (0x00000113) li      sp, 0
core   0: 3 0x00000000800018e8 (0x00000113) x2  0x0000000000000000
core   0: 0x00000000800018ec (0x00311073) csrw    fcsr, sp
core   0: 3 0x00000000800018ec (0x00311073) c1_fflags 0x0000000000000000 c2_frm 0x0000000000000000
core   0: 0x00000000800018f0 (0xa3ef9fd3) flt.d   t6, ft11, ft10
core   0: 3 0x00000000800018f0 (0xa3ef9fd3) c1_fflags 0x0000000000000010 x31 0x0000000000000000
core   0: 0x00000000800018f4 (0x003022f3) csrr    t0, fcsr
core   0: 3 0x00000000800018f4 (0x003022f3) x5  0x0000000000000010
core   0: 0x00000000800018f8 (0x0bf0b823) sd      t6, 176(ra)
core   0: 3 0x00000000800018f8 (0x0bf0b823) mem 0x000000008000fb78 0x0000000000000000
core   0: 0x00000000800018fc (0x0a50bc23) sd      t0, 184(ra)
core   0: 3 0x00000000800018fc (0x0a50bc23) mem 0x000000008000fb80 0x0000000000000010
core   0: >>>>  inst_167
core   0: 0x0000000080001900 (0x00100113) li      sp, 1
core   0: 3 0x0000000080001900 (0x00100113) x2  0x0000000000000001
core   0: 0x0000000080001904 (0x00c11113) slli    sp, sp, 12
core   0: 3 0x0000000080001904 (0x00c11113) x2  0x0000000000001000
core   0: 0x0000000080001908 (0x00220233) add     tp, tp, sp
core   0: 3 0x0000000080001908 (0x00220233) x4  0x000000008000b190
core   0: 0x000000008000190c (0x8f023f87) fld     ft11, -1808(tp)
core   0: 3 0x000000008000190c (0x8f023f87) f31 0x3ff0000000000000 mem 0x000000008000aa80
core   0: 0x0000000080001910 (0x40220233) sub     tp, tp, sp
core   0: 3 0x0000000080001910 (0x40220233) x4  0x000000008000a190
core   0: 0x0000000080001914 (0x00100113) li      sp, 1
core   0: 3 0x0000000080001914 (0x00100113) x2  0x0000000000000001
core   0: 0x0000000080001918 (0x00c11113) slli    sp, sp, 12
core   0: 3 0x0000000080001918 (0x00c11113) x2  0x0000000000001000
core   0: 0x000000008000191c (0x00220233) add     tp, tp, sp
core   0: 3 0x000000008000191c (0x00220233) x4  0x000000008000b190
core   0: 0x0000000080001920 (0x8f823f07) fld     ft10, -1800(tp)
core   0: 3 0x0000000080001920 (0x8f823f07) f30 0xfff8000000000001 mem 0x000000008000aa88
core   0: 0x0000000080001924 (0x40220233) sub     tp, tp, sp
core   0: 3 0x0000000080001924 (0x40220233) x4  0x000000008000a190
core   0: 0x0000000080001928 (0x00000113) li      sp, 0
core   0: 3 0x0000000080001928 (0x00000113) x2  0x0000000000000000
core   0: 0x000000008000192c (0x00311073) csrw    fcsr, sp
core   0: 3 0x000000008000192c (0x00311073) c1_fflags 0x0000000000000000 c2_frm 0x0000000000000000
core   0: 0x0000000080001930 (0xa3ef9fd3) flt.d   t6, ft11, ft10
core   0: 3 0x0000000080001930 (0xa3ef9fd3) c1_fflags 0x0000000000000010 x31 0x0000000000000000
core   0: 0x0000000080001934 (0x003022f3) csrr    t0, fcsr
core   0: 3 0x0000000080001934 (0x003022f3) x5  0x0000000000000010
core   0: 0x0000000080001938 (0x0df0b023) sd      t6, 192(ra)
core   0: 3 0x0000000080001938 (0x0df0b023) mem 0x000000008000fb88 0x0000000000000000
core   0: 0x000000008000193c (0x0c50b423) sd      t0, 200(ra)
core   0: 3 0x000000008000193c (0x0c50b423) mem 0x000000008000fb90 0x0000000000000010
core   0: >>>>  inst_168
core   0: 0x0000000080001940 (0x00100113) li      sp, 1
core   0: 3 0x0000000080001940 (0x00100113) x2  0x0000000000000001
core   0: 0x0000000080001944 (0x00c11113) slli    sp, sp, 12
core   0: 3 0x0000000080001944 (0x00c11113) x2  0x0000000000001000
core   0: 0x0000000080001948 (0x00220233) add     tp, tp, sp
core   0: 3 0x0000000080001948 (0x00220233) x4  0x000000008000b190
core   0: 0x000000008000194c (0x90023f87) fld     ft11, -1792(tp)
core   0: 3 0x000000008000194c (0x90023f87) f31 0x7fefffffffffffff mem 0x000000008000aa90
core   0: 0x0000000080001950 (0x40220233) sub     tp, tp, sp
core   0: 3 0x0000000080001950 (0x40220233) x4  0x000000008000a190
core   0: 0x0000000080001954 (0x00100113) li      sp, 1
core   0: 3 0x0000000080001954 (0x00100113) x2  0x0000000000000001
core   0: 0x0000000080001958 (0x00c11113) slli    sp, sp, 12
core   0: 3 0x0000000080001958 (0x00c11113) x2  0x0000000000001000
core   0: 0x000000008000195c (0x00220233) add     tp, tp, sp
core   0: 3 0x000000008000195c (0x00220233) x4  0x000000008000b190
core   0: 0x0000000080001960 (0x90823f07) fld     ft10, -1784(tp)
core   0: 3 0x0000000080001960 (0x90823f07) f30 0x0000000000000000 mem 0x000000008000aa98
core   0: 0x0000000080001964 (0x40220233) sub     tp, tp, sp
core   0: 3 0x0000000080001964 (0x40220233) x4  0x000000008000a190
core   0: 0x0000000080001968 (0x00000113) li      sp, 0
core   0: 3 0x0000000080001968 (0x00000113) x2  0x0000000000000000
core   0: 0x000000008000196c (0x00311073) csrw    fcsr, sp
core   0: 3 0x000000008000196c (0x00311073) c1_fflags 0x0000000000000000 c2_frm 0x0000000000000000
core   0: 0x0000000080001970 (0xa3ef9fd3) flt.d   t6, ft11, ft10
core   0: 3 0x0000000080001970 (0xa3ef9fd3) x31 0x0000000000000000
core   0: 0x0000000080001974 (0x003022f3) csrr    t0, fcsr
core   0: 3 0x0000000080001974 (0x003022f3) x5  0x0000000000000000
core   0: 0x0000000080001978 (0x0df0b823) sd      t6, 208(ra)
core   0: 3 0x0000000080001978 (0x0df0b823) mem 0x000000008000fb98 0x0000000000000000
core   0: 0x000000008000197c (0x0c50bc23) sd      t0, 216(ra)
core   0: 3 0x000000008000197c (0x0c50bc23) mem 0x000000008000fba0 0x0000000000000000
core   0: >>>>  inst_169
core   0: 0x0000000080001980 (0x00100113) li      sp, 1
core   0: 3 0x0000000080001980 (0x00100113) x2  0x0000000000000001
core   0: 0x0000000080001984 (0x00c11113) slli    sp, sp, 12
core   0: 3 0x0000000080001984 (0x00c11113) x2  0x0000000000001000
core   0: 0x0000000080001988 (0x00220233) add     tp, tp, sp
core   0: 3 0x0000000080001988 (0x00220233) x4  0x000000008000b190
core   0: 0x000000008000198c (0x91023f87) fld     ft11, -1776(tp)
core   0: 3 0x000000008000198c (0x91023f87) f31 0x7fefffffffffffff mem 0x000000008000aaa0
core   0: 0x0000000080001990 (0x40220233) sub     tp, tp, sp
core   0: 3 0x0000000080001990 (0x40220233) x4  0x000000008000a190
core   0: 0x0000000080001994 (0x00100113) li      sp, 1
core   0: 3 0x0000000080001994 (0x00100113) x2  0x0000000000000001
core   0: 0x0000000080001998 (0x00c11113) slli    sp, sp, 12
core   0: 3 0x0000000080001998 (0x00c11113) x2  0x0000000000001000
core   0: 0x000000008000199c (0x00220233) add     tp, tp, sp
core   0: 3 0x000000008000199c (0x00220233) x4  0x000000008000b190
core   0: 0x00000000800019a0 (0x91823f07) fld     ft10, -1768(tp)
core   0: 3 0x00000000800019a0 (0x91823f07) f30 0x0000000000000001 mem 0x000000008000aaa8
core   0: 0x00000000800019a4 (0x40220233) sub     tp, tp, sp
core   0: 3 0x00000000800019a4 (0x40220233) x4  0x000000008000a190
core   0: 0x00000000800019a8 (0x00000113) li      sp, 0
core   0: 3 0x00000000800019a8 (0x00000113) x2  0x0000000000000000
core   0: 0x00000000800019ac (0x00311073) csrw    fcsr, sp
core   0: 3 0x00000000800019ac (0x00311073) c1_fflags 0x0000000000000000 c2_frm 0x0000000000000000
core   0: 0x00000000800019b0 (0xa3ef9fd3) flt.d   t6, ft11, ft10
core   0: 3 0x00000000800019b0 (0xa3ef9fd3) x31 0x0000000000000000
core   0: 0x00000000800019b4 (0x003022f3) csrr    t0, fcsr
core   0: 3 0x00000000800019b4 (0x003022f3) x5  0x0000000000000000
core   0: 0x00000000800019b8 (0x0ff0b023) sd      t6, 224(ra)
core   0: 3 0x00000000800019b8 (0x0ff0b023) mem 0x000000008000fba8 0x0000000000000000
core   0: 0x00000000800019bc (0x0e50b423) sd      t0, 232(ra)
core   0: 3 0x00000000800019bc (0x0e50b423) mem 0x000000008000fbb0 0x0000000000000000
core   0: >>>>  inst_170
core   0: 0x00000000800019c0 (0x00100113) li      sp, 1
core   0: 3 0x00000000800019c0 (0x00100113) x2  0x0000000000000001
core   0: 0x00000000800019c4 (0x00c11113) slli    sp, sp, 12
core   0: 3 0x00000000800019c4 (0x00c11113) x2  0x0000000000001000
core   0: 0x00000000800019c8 (0x00220233) add     tp, tp, sp
core   0: 3 0x00000000800019c8 (0x00220233) x4  0x000000008000b190
core   0: 0x00000000800019cc (0x92023f87) fld     ft11, -1760(tp)
core   0: 3 0x00000000800019cc (0x92023f87) f31 0x7fefffffffffffff mem 0x000000008000aab0
core   0: 0x00000000800019d0 (0x40220233) sub     tp, tp, sp
core   0: 3 0x00000000800019d0 (0x40220233) x4  0x000000008000a190
core   0: 0x00000000800019d4 (0x00100113) li      sp, 1
core   0: 3 0x00000000800019d4 (0x00100113) x2  0x0000000000000001
core   0: 0x00000000800019d8 (0x00c11113) slli    sp, sp, 12
core   0: 3 0x00000000800019d8 (0x00c11113) x2  0x0000000000001000
core   0: 0x00000000800019dc (0x00220233) add     tp, tp, sp
core   0: 3 0x00000000800019dc (0x00220233) x4  0x000000008000b190
core   0: 0x00000000800019e0 (0x92823f07) fld     ft10, -1752(tp)
core   0: 3 0x00000000800019e0 (0x92823f07) f30 0x0000000000000002 mem 0x000000008000aab8
core   0: 0x00000000800019e4 (0x40220233) sub     tp, tp, sp
core   0: 3 0x00000000800019e4 (0x40220233) x4  0x000000008000a190
core   0: 0x00000000800019e8 (0x00000113) li      sp, 0
core   0: 3 0x00000000800019e8 (0x00000113) x2  0x0000000000000000
core   0: 0x00000000800019ec (0x00311073) csrw    fcsr, sp
core   0: 3 0x00000000800019ec (0x00311073) c1_fflags 0x0000000000000000 c2_frm 0x0000000000000000
core   0: 0x00000000800019f0 (0xa3ef9fd3) flt.d   t6, ft11, ft10
core   0: 3 0x00000000800019f0 (0xa3ef9fd3) x31 0x0000000000000000
core   0: 0x00000000800019f4 (0x003022f3) csrr    t0, fcsr
core   0: 3 0x00000000800019f4 (0x003022f3) x5  0x0000000000000000
core   0: 0x00000000800019f8 (0x0ff0b823) sd      t6, 240(ra)
core   0: 3 0x00000000800019f8 (0x0ff0b823) mem 0x000000008000fbb8 0x0000000000000000
core   0: 0x00000000800019fc (0x0e50bc23) sd      t0, 248(ra)
core   0: 3 0x00000000800019fc (0x0e50bc23) mem 0x000000008000fbc0 0x0000000000000000
core   0: >>>>  inst_171
core   0: 0x0000000080001a00 (0x00100113) li      sp, 1
core   0: 3 0x0000000080001a00 (0x00100113) x2  0x0000000000000001
core   0: 0x0000000080001a04 (0x00c11113) slli    sp, sp, 12
core   0: 3 0x0000000080001a04 (0x00c11113) x2  0x0000000000001000
core   0: 0x0000000080001a08 (0x00220233) add     tp, tp, sp
core   0: 3 0x0000000080001a08 (0x00220233) x4  0x000000008000b190
core   0: 0x0000000080001a0c (0x93023f87) fld     ft11, -1744(tp)
core   0: 3 0x0000000080001a0c (0x93023f87) f31 0x7fefffffffffffff mem 0x000000008000aac0
core   0: 0x0000000080001a10 (0x40220233) sub     tp, tp, sp
core   0: 3 0x0000000080001a10 (0x40220233) x4  0x000000008000a190
core   0: 0x0000000080001a14 (0x00100113) li      sp, 1
core   0: 3 0x0000000080001a14 (0x00100113) x2  0x0000000000000001
core   0: 0x0000000080001a18 (0x00c11113) slli    sp, sp, 12
core   0: 3 0x0000000080001a18 (0x00c11113) x2  0x0000000000001000
core   0: 0x0000000080001a1c (0x00220233) add     tp, tp, sp
core   0: 3 0x0000000080001a1c (0x00220233) x4  0x000000008000b190
core   0: 0x0000000080001a20 (0x93823f07) fld     ft10, -1736(tp)
core   0: 3 0x0000000080001a20 (0x93823f07) f30 0x000fffffffffffff mem 0x000000008000aac8
core   0: 0x0000000080001a24 (0x40220233) sub     tp, tp, sp
core   0: 3 0x0000000080001a24 (0x40220233) x4  0x000000008000a190
core   0: 0x0000000080001a28 (0x00000113) li      sp, 0
core   0: 3 0x0000000080001a28 (0x00000113) x2  0x0000000000000000
core   0: 0x0000000080001a2c (0x00311073) csrw    fcsr, sp
core   0: 3 0x0000000080001a2c (0x00311073) c1_fflags 0x0000000000000000 c2_frm 0x0000000000000000
core   0: 0x0000000080001a30 (0xa3ef9fd3) flt.d   t6, ft11, ft10
core   0: 3 0x0000000080001a30 (0xa3ef9fd3) x31 0x0000000000000000
core   0: 0x0000000080001a34 (0x003022f3) csrr    t0, fcsr
core   0: 3 0x0000000080001a34 (0x003022f3) x5  0x0000000000000000
core   0: 0x0000000080001a38 (0x11f0b023) sd      t6, 256(ra)
core   0: 3 0x0000000080001a38 (0x11f0b023) mem 0x000000008000fbc8 0x0000000000000000
core   0: 0x0000000080001a3c (0x1050b423) sd      t0, 264(ra)
core   0: 3 0x0000000080001a3c (0x1050b423) mem 0x000000008000fbd0 0x0000000000000000
core   0: >>>>  inst_172
core   0: 0x0000000080001a40 (0x00100113) li      sp, 1
core   0: 3 0x0000000080001a40 (0x00100113) x2  0x0000000000000001
core   0: 0x0000000080001a44 (0x00c11113) slli    sp, sp, 12
core   0: 3 0x0000000080001a44 (0x00c11113) x2  0x0000000000001000
core   0: 0x0000000080001a48 (0x00220233) add     tp, tp, sp
core   0: 3 0x0000000080001a48 (0x00220233) x4  0x000000008000b190
core   0: 0x0000000080001a4c (0x94023f87) fld     ft11, -1728(tp)
core   0: 3 0x0000000080001a4c (0x94023f87) f31 0x7fefffffffffffff mem 0x000000008000aad0
core   0: 0x0000000080001a50 (0x40220233) sub     tp, tp, sp
core   0: 3 0x0000000080001a50 (0x40220233) x4  0x000000008000a190
core   0: 0x0000000080001a54 (0x00100113) li      sp, 1
core   0: 3 0x0000000080001a54 (0x00100113) x2  0x0000000000000001
core   0: 0x0000000080001a58 (0x00c11113) slli    sp, sp, 12
core   0: 3 0x0000000080001a58 (0x00c11113) x2  0x0000000000001000
core   0: 0x0000000080001a5c (0x00220233) add     tp, tp, sp
core   0: 3 0x0000000080001a5c (0x00220233) x4  0x000000008000b190
core   0: 0x0000000080001a60 (0x94823f07) fld     ft10, -1720(tp)
core   0: 3 0x0000000080001a60 (0x94823f07) f30 0x0010000000000000 mem 0x000000008000aad8
core   0: 0x0000000080001a64 (0x40220233) sub     tp, tp, sp
core   0: 3 0x0000000080001a64 (0x40220233) x4  0x000000008000a190
core   0: 0x0000000080001a68 (0x00000113) li      sp, 0
core   0: 3 0x0000000080001a68 (0x00000113) x2  0x0000000000000000
core   0: 0x0000000080001a6c (0x00311073) csrw    fcsr, sp
core   0: 3 0x0000000080001a6c (0x00311073) c1_fflags 0x0000000000000000 c2_frm 0x0000000000000000
core   0: 0x0000000080001a70 (0xa3ef9fd3) flt.d   t6, ft11, ft10
core   0: 3 0x0000000080001a70 (0xa3ef9fd3) x31 0x0000000000000000
core   0: 0x0000000080001a74 (0x003022f3) csrr    t0, fcsr
core   0: 3 0x0000000080001a74 (0x003022f3) x5  0x0000000000000000
core   0: 0x0000000080001a78 (0x11f0b823) sd      t6, 272(ra)
core   0: 3 0x0000000080001a78 (0x11f0b823) mem 0x000000008000fbd8 0x0000000000000000
core   0: 0x0000000080001a7c (0x1050bc23) sd      t0, 280(ra)
core   0: 3 0x0000000080001a7c (0x1050bc23) mem 0x000000008000fbe0 0x0000000000000000
core   0: >>>>  inst_173
core   0: 0x0000000080001a80 (0x00100113) li      sp, 1
core   0: 3 0x0000000080001a80 (0x00100113) x2  0x0000000000000001
core   0: 0x0000000080001a84 (0x00c11113) slli    sp, sp, 12
core   0: 3 0x0000000080001a84 (0x00c11113) x2  0x0000000000001000
core   0: 0x0000000080001a88 (0x00220233) add     tp, tp, sp
core   0: 3 0x0000000080001a88 (0x00220233) x4  0x000000008000b190
core   0: 0x0000000080001a8c (0x95023f87) fld     ft11, -1712(tp)
core   0: 3 0x0000000080001a8c (0x95023f87) f31 0x7fefffffffffffff mem 0x000000008000aae0
core   0: 0x0000000080001a90 (0x40220233) sub     tp, tp, sp
core   0: 3 0x0000000080001a90 (0x40220233) x4  0x000000008000a190
core   0: 0x0000000080001a94 (0x00100113) li      sp, 1
core   0: 3 0x0000000080001a94 (0x00100113) x2  0x0000000000000001
core   0: 0x0000000080001a98 (0x00c11113) slli    sp, sp, 12
core   0: 3 0x0000000080001a98 (0x00c11113) x2  0x0000000000001000
core   0: 0x0000000080001a9c (0x00220233) add     tp, tp, sp
core   0: 3 0x0000000080001a9c (0x00220233) x4  0x000000008000b190
core   0: 0x0000000080001aa0 (0x95823f07) fld     ft10, -1704(tp)
core   0: 3 0x0000000080001aa0 (0x95823f07) f30 0x0010000000000002 mem 0x000000008000aae8
core   0: 0x0000000080001aa4 (0x40220233) sub     tp, tp, sp
core   0: 3 0x0000000080001aa4 (0x40220233) x4  0x000000008000a190
core   0: 0x0000000080001aa8 (0x00000113) li      sp, 0
core   0: 3 0x0000000080001aa8 (0x00000113) x2  0x0000000000000000
core   0: 0x0000000080001aac (0x00311073) csrw    fcsr, sp
core   0: 3 0x0000000080001aac (0x00311073) c1_fflags 0x0000000000000000 c2_frm 0x0000000000000000
core   0: 0x0000000080001ab0 (0xa3ef9fd3) flt.d   t6, ft11, ft10
core   0: 3 0x0000000080001ab0 (0xa3ef9fd3) x31 0x0000000000000000
core   0: 0x0000000080001ab4 (0x003022f3) csrr    t0, fcsr
core   0: 3 0x0000000080001ab4 (0x003022f3) x5  0x0000000000000000
core   0: 0x0000000080001ab8 (0x13f0b023) sd      t6, 288(ra)
core   0: 3 0x0000000080001ab8 (0x13f0b023) mem 0x000000008000fbe8 0x0000000000000000
core   0: 0x0000000080001abc (0x1250b423) sd      t0, 296(ra)
core   0: 3 0x0000000080001abc (0x1250b423) mem 0x000000008000fbf0 0x0000000000000000
core   0: >>>>  inst_174
core   0: 0x0000000080001ac0 (0x00100113) li      sp, 1
core   0: 3 0x0000000080001ac0 (0x00100113) x2  0x0000000000000001
core   0: 0x0000000080001ac4 (0x00c11113) slli    sp, sp, 12
core   0: 3 0x0000000080001ac4 (0x00c11113) x2  0x0000000000001000
core   0: 0x0000000080001ac8 (0x00220233) add     tp, tp, sp
core   0: 3 0x0000000080001ac8 (0x00220233) x4  0x000000008000b190
core   0: 0x0000000080001acc (0x96023f87) fld     ft11, -1696(tp)
core   0: 3 0x0000000080001acc (0x96023f87) f31 0x7fefffffffffffff mem 0x000000008000aaf0
core   0: 0x0000000080001ad0 (0x40220233) sub     tp, tp, sp
core   0: 3 0x0000000080001ad0 (0x40220233) x4  0x000000008000a190
core   0: 0x0000000080001ad4 (0x00100113) li      sp, 1
core   0: 3 0x0000000080001ad4 (0x00100113) x2  0x0000000000000001
core   0: 0x0000000080001ad8 (0x00c11113) slli    sp, sp, 12
core   0: 3 0x0000000080001ad8 (0x00c11113) x2  0x0000000000001000
core   0: 0x0000000080001adc (0x00220233) add     tp, tp, sp
core   0: 3 0x0000000080001adc (0x00220233) x4  0x000000008000b190
core   0: 0x0000000080001ae0 (0x96823f07) fld     ft10, -1688(tp)
core   0: 3 0x0000000080001ae0 (0x96823f07) f30 0x3ff0000000000000 mem 0x000000008000aaf8
core   0: 0x0000000080001ae4 (0x40220233) sub     tp, tp, sp
core   0: 3 0x0000000080001ae4 (0x40220233) x4  0x000000008000a190
core   0: 0x0000000080001ae8 (0x00000113) li      sp, 0
core   0: 3 0x0000000080001ae8 (0x00000113) x2  0x0000000000000000
core   0: 0x0000000080001aec (0x00311073) csrw    fcsr, sp
core   0: 3 0x0000000080001aec (0x00311073) c1_fflags 0x0000000000000000 c2_frm 0x0000000000000000
core   0: 0x0000000080001af0 (0xa3ef9fd3) flt.d   t6, ft11, ft10
core   0: 3 0x0000000080001af0 (0xa3ef9fd3) x31 0x0000000000000000
core   0: 0x0000000080001af4 (0x003022f3) csrr    t0, fcsr
core   0: 3 0x0000000080001af4 (0x003022f3) x5  0x0000000000000000
core   0: 0x0000000080001af8 (0x13f0b823) sd      t6, 304(ra)
core   0: 3 0x0000000080001af8 (0x13f0b823) mem 0x000000008000fbf8 0x0000000000000000
core   0: 0x0000000080001afc (0x1250bc23) sd      t0, 312(ra)
core   0: 3 0x0000000080001afc (0x1250bc23) mem 0x000000008000fc00 0x0000000000000000
core   0: >>>>  inst_175
core   0: 0x0000000080001b00 (0x00100113) li      sp, 1
core   0: 3 0x0000000080001b00 (0x00100113) x2  0x0000000000000001
core   0: 0x0000000080001b04 (0x00c11113) slli    sp, sp, 12
core   0: 3 0x0000000080001b04 (0x00c11113) x2  0x0000000000001000
core   0: 0x0000000080001b08 (0x00220233) add     tp, tp, sp
core   0: 3 0x0000000080001b08 (0x00220233) x4  0x000000008000b190
core   0: 0x0000000080001b0c (0x97023f87) fld     ft11, -1680(tp)
core   0: 3 0x0000000080001b0c (0x97023f87) f31 0x7fefffffffffffff mem 0x000000008000ab00
core   0: 0x0000000080001b10 (0x40220233) sub     tp, tp, sp
core   0: 3 0x0000000080001b10 (0x40220233) x4  0x000000008000a190
core   0: 0x0000000080001b14 (0x00100113) li      sp, 1
core   0: 3 0x0000000080001b14 (0x00100113) x2  0x0000000000000001
core   0: 0x0000000080001b18 (0x00c11113) slli    sp, sp, 12
core   0: 3 0x0000000080001b18 (0x00c11113) x2  0x0000000000001000
core   0: 0x0000000080001b1c (0x00220233) add     tp, tp, sp
core   0: 3 0x0000000080001b1c (0x00220233) x4  0x000000008000b190
core   0: 0x0000000080001b20 (0x97823f07) fld     ft10, -1672(tp)
core   0: 3 0x0000000080001b20 (0x97823f07) f30 0x7fefffffffffffff mem 0x000000008000ab08
core   0: 0x0000000080001b24 (0x40220233) sub     tp, tp, sp
core   0: 3 0x0000000080001b24 (0x40220233) x4  0x000000008000a190
core   0: 0x0000000080001b28 (0x00000113) li      sp, 0
core   0: 3 0x0000000080001b28 (0x00000113) x2  0x0000000000000000
core   0: 0x0000000080001b2c (0x00311073) csrw    fcsr, sp
core   0: 3 0x0000000080001b2c (0x00311073) c1_fflags 0x0000000000000000 c2_frm 0x0000000000000000
core   0: 0x0000000080001b30 (0xa3ef9fd3) flt.d   t6, ft11, ft10
core   0: 3 0x0000000080001b30 (0xa3ef9fd3) x31 0x0000000000000000
core   0: 0x0000000080001b34 (0x003022f3) csrr    t0, fcsr
core   0: 3 0x0000000080001b34 (0x003022f3) x5  0x0000000000000000
core   0: 0x0000000080001b38 (0x15f0b023) sd      t6, 320(ra)
core   0: 3 0x0000000080001b38 (0x15f0b023) mem 0x000000008000fc08 0x0000000000000000
core   0: 0x0000000080001b3c (0x1450b423) sd      t0, 328(ra)
core   0: 3 0x0000000080001b3c (0x1450b423) mem 0x000000008000fc10 0x0000000000000000
core   0: >>>>  inst_176
core   0: 0x0000000080001b40 (0x00100113) li      sp, 1
core   0: 3 0x0000000080001b40 (0x00100113) x2  0x0000000000000001
core   0: 0x0000000080001b44 (0x00c11113) slli    sp, sp, 12
core   0: 3 0x0000000080001b44 (0x00c11113) x2  0x0000000000001000
core   0: 0x0000000080001b48 (0x00220233) add     tp, tp, sp
core   0: 3 0x0000000080001b48 (0x00220233) x4  0x000000008000b190
core   0: 0x0000000080001b4c (0x98023f87) fld     ft11, -1664(tp)
core   0: 3 0x0000000080001b4c (0x98023f87) f31 0x7fefffffffffffff mem 0x000000008000ab10
core   0: 0x0000000080001b50 (0x40220233) sub     tp, tp, sp
core   0: 3 0x0000000080001b50 (0x40220233) x4  0x000000008000a190
core   0: 0x0000000080001b54 (0x00100113) li      sp, 1
core   0: 3 0x0000000080001b54 (0x00100113) x2  0x0000000000000001
core   0: 0x0000000080001b58 (0x00c11113) slli    sp, sp, 12
core   0: 3 0x0000000080001b58 (0x00c11113) x2  0x0000000000001000
core   0: 0x0000000080001b5c (0x00220233) add     tp, tp, sp
core   0: 3 0x0000000080001b5c (0x00220233) x4  0x000000008000b190
core   0: 0x0000000080001b60 (0x98823f07) fld     ft10, -1656(tp)
core   0: 3 0x0000000080001b60 (0x98823f07) f30 0x7ff0000000000000 mem 0x000000008000ab18
core   0: 0x0000000080001b64 (0x40220233) sub     tp, tp, sp
core   0: 3 0x0000000080001b64 (0x40220233) x4  0x000000008000a190
core   0: 0x0000000080001b68 (0x00000113) li      sp, 0
core   0: 3 0x0000000080001b68 (0x00000113) x2  0x0000000000000000
core   0: 0x0000000080001b6c (0x00311073) csrw    fcsr, sp
core   0: 3 0x0000000080001b6c (0x00311073) c1_fflags 0x0000000000000000 c2_frm 0x0000000000000000
core   0: 0x0000000080001b70 (0xa3ef9fd3) flt.d   t6, ft11, ft10
core   0: 3 0x0000000080001b70 (0xa3ef9fd3) x31 0x0000000000000001
core   0: 0x0000000080001b74 (0x003022f3) csrr    t0, fcsr
core   0: 3 0x0000000080001b74 (0x003022f3) x5  0x0000000000000000
core   0: 0x0000000080001b78 (0x15f0b823) sd      t6, 336(ra)
core   0: 3 0x0000000080001b78 (0x15f0b823) mem 0x000000008000fc18 0x0000000000000001
core   0: 0x0000000080001b7c (0x1450bc23) sd      t0, 344(ra)
core   0: 3 0x0000000080001b7c (0x1450bc23) mem 0x000000008000fc20 0x0000000000000000
core   0: >>>>  inst_177
core   0: 0x0000000080001b80 (0x00100113) li      sp, 1
core   0: 3 0x0000000080001b80 (0x00100113) x2  0x0000000000000001
core   0: 0x0000000080001b84 (0x00c11113) slli    sp, sp, 12
core   0: 3 0x0000000080001b84 (0x00c11113) x2  0x0000000000001000
core   0: 0x0000000080001b88 (0x00220233) add     tp, tp, sp
core   0: 3 0x0000000080001b88 (0x00220233) x4  0x000000008000b190
core   0: 0x0000000080001b8c (0x99023f87) fld     ft11, -1648(tp)
core   0: 3 0x0000000080001b8c (0x99023f87) f31 0x7fefffffffffffff mem 0x000000008000ab20
core   0: 0x0000000080001b90 (0x40220233) sub     tp, tp, sp
core   0: 3 0x0000000080001b90 (0x40220233) x4  0x000000008000a190
core   0: 0x0000000080001b94 (0x00100113) li      sp, 1
core   0: 3 0x0000000080001b94 (0x00100113) x2  0x0000000000000001
core   0: 0x0000000080001b98 (0x00c11113) slli    sp, sp, 12
core   0: 3 0x0000000080001b98 (0x00c11113) x2  0x0000000000001000
core   0: 0x0000000080001b9c (0x00220233) add     tp, tp, sp
core   0: 3 0x0000000080001b9c (0x00220233) x4  0x000000008000b190
core   0: 0x0000000080001ba0 (0x99823f07) fld     ft10, -1640(tp)
core   0: 3 0x0000000080001ba0 (0x99823f07) f30 0x7ff0000000000001 mem 0x000000008000ab28
core   0: 0x0000000080001ba4 (0x40220233) sub     tp, tp, sp
core   0: 3 0x0000000080001ba4 (0x40220233) x4  0x000000008000a190
core   0: 0x0000000080001ba8 (0x00000113) li      sp, 0
core   0: 3 0x0000000080001ba8 (0x00000113) x2  0x0000000000000000
core   0: 0x0000000080001bac (0x00311073) csrw    fcsr, sp
core   0: 3 0x0000000080001bac (0x00311073) c1_fflags 0x0000000000000000 c2_frm 0x0000000000000000
core   0: 0x0000000080001bb0 (0xa3ef9fd3) flt.d   t6, ft11, ft10
core   0: 3 0x0000000080001bb0 (0xa3ef9fd3) c1_fflags 0x0000000000000010 x31 0x0000000000000000
core   0: 0x0000000080001bb4 (0x003022f3) csrr    t0, fcsr
core   0: 3 0x0000000080001bb4 (0x003022f3) x5  0x0000000000000010
core   0: 0x0000000080001bb8 (0x17f0b023) sd      t6, 352(ra)
core   0: 3 0x0000000080001bb8 (0x17f0b023) mem 0x000000008000fc28 0x0000000000000000
core   0: 0x0000000080001bbc (0x1650b423) sd      t0, 360(ra)
core   0: 3 0x0000000080001bbc (0x1650b423) mem 0x000000008000fc30 0x0000000000000010
core   0: >>>>  inst_178
core   0: 0x0000000080001bc0 (0x00100113) li      sp, 1
core   0: 3 0x0000000080001bc0 (0x00100113) x2  0x0000000000000001
core   0: 0x0000000080001bc4 (0x00c11113) slli    sp, sp, 12
core   0: 3 0x0000000080001bc4 (0x00c11113) x2  0x0000000000001000
core   0: 0x0000000080001bc8 (0x00220233) add     tp, tp, sp
core   0: 3 0x0000000080001bc8 (0x00220233) x4  0x000000008000b190
core   0: 0x0000000080001bcc (0x9a023f87) fld     ft11, -1632(tp)
core   0: 3 0x0000000080001bcc (0x9a023f87) f31 0x7fefffffffffffff mem 0x000000008000ab30
core   0: 0x0000000080001bd0 (0x40220233) sub     tp, tp, sp
core   0: 3 0x0000000080001bd0 (0x40220233) x4  0x000000008000a190
core   0: 0x0000000080001bd4 (0x00100113) li      sp, 1
core   0: 3 0x0000000080001bd4 (0x00100113) x2  0x0000000000000001
core   0: 0x0000000080001bd8 (0x00c11113) slli    sp, sp, 12
core   0: 3 0x0000000080001bd8 (0x00c11113) x2  0x0000000000001000
core   0: 0x0000000080001bdc (0x00220233) add     tp, tp, sp
core   0: 3 0x0000000080001bdc (0x00220233) x4  0x000000008000b190
core   0: 0x0000000080001be0 (0x9a823f07) fld     ft10, -1624(tp)
core   0: 3 0x0000000080001be0 (0x9a823f07) f30 0x7ff8000000000000 mem 0x000000008000ab38
core   0: 0x0000000080001be4 (0x40220233) sub     tp, tp, sp
core   0: 3 0x0000000080001be4 (0x40220233) x4  0x000000008000a190
core   0: 0x0000000080001be8 (0x00000113) li      sp, 0
core   0: 3 0x0000000080001be8 (0x00000113) x2  0x0000000000000000
core   0: 0x0000000080001bec (0x00311073) csrw    fcsr, sp
core   0: 3 0x0000000080001bec (0x00311073) c1_fflags 0x0000000000000000 c2_frm 0x0000000000000000
core   0: 0x0000000080001bf0 (0xa3ef9fd3) flt.d   t6, ft11, ft10
core   0: 3 0x0000000080001bf0 (0xa3ef9fd3) c1_fflags 0x0000000000000010 x31 0x0000000000000000
core   0: 0x0000000080001bf4 (0x003022f3) csrr    t0, fcsr
core   0: 3 0x0000000080001bf4 (0x003022f3) x5  0x0000000000000010
core   0: 0x0000000080001bf8 (0x17f0b823) sd      t6, 368(ra)
core   0: 3 0x0000000080001bf8 (0x17f0b823) mem 0x000000008000fc38 0x0000000000000000
core   0: 0x0000000080001bfc (0x1650bc23) sd      t0, 376(ra)
core   0: 3 0x0000000080001bfc (0x1650bc23) mem 0x000000008000fc40 0x0000000000000010
core   0: >>>>  inst_179
core   0: 0x0000000080001c00 (0x00100113) li      sp, 1
core   0: 3 0x0000000080001c00 (0x00100113) x2  0x0000000000000001
core   0: 0x0000000080001c04 (0x00c11113) slli    sp, sp, 12
core   0: 3 0x0000000080001c04 (0x00c11113) x2  0x0000000000001000
core   0: 0x0000000080001c08 (0x00220233) add     tp, tp, sp
core   0: 3 0x0000000080001c08 (0x00220233) x4  0x000000008000b190
core   0: 0x0000000080001c0c (0x9b023f87) fld     ft11, -1616(tp)
core   0: 3 0x0000000080001c0c (0x9b023f87) f31 0x7fefffffffffffff mem 0x000000008000ab40
core   0: 0x0000000080001c10 (0x40220233) sub     tp, tp, sp
core   0: 3 0x0000000080001c10 (0x40220233) x4  0x000000008000a190
core   0: 0x0000000080001c14 (0x00100113) li      sp, 1
core   0: 3 0x0000000080001c14 (0x00100113) x2  0x0000000000000001
core   0: 0x0000000080001c18 (0x00c11113) slli    sp, sp, 12
core   0: 3 0x0000000080001c18 (0x00c11113) x2  0x0000000000001000
core   0: 0x0000000080001c1c (0x00220233) add     tp, tp, sp
core   0: 3 0x0000000080001c1c (0x00220233) x4  0x000000008000b190
core   0: 0x0000000080001c20 (0x9b823f07) fld     ft10, -1608(tp)
core   0: 3 0x0000000080001c20 (0x9b823f07) f30 0x7ff8000000000001 mem 0x000000008000ab48
core   0: 0x0000000080001c24 (0x40220233) sub     tp, tp, sp
core   0: 3 0x0000000080001c24 (0x40220233) x4  0x000000008000a190
core   0: 0x0000000080001c28 (0x00000113) li      sp, 0
core   0: 3 0x0000000080001c28 (0x00000113) x2  0x0000000000000000
core   0: 0x0000000080001c2c (0x00311073) csrw    fcsr, sp
core   0: 3 0x0000000080001c2c (0x00311073) c1_fflags 0x0000000000000000 c2_frm 0x0000000000000000
core   0: 0x0000000080001c30 (0xa3ef9fd3) flt.d   t6, ft11, ft10
core   0: 3 0x0000000080001c30 (0xa3ef9fd3) c1_fflags 0x0000000000000010 x31 0x0000000000000000
core   0: 0x0000000080001c34 (0x003022f3) csrr    t0, fcsr
core   0: 3 0x0000000080001c34 (0x003022f3) x5  0x0000000000000010
core   0: 0x0000000080001c38 (0x19f0b023) sd      t6, 384(ra)
core   0: 3 0x0000000080001c38 (0x19f0b023) mem 0x000000008000fc48 0x0000000000000000
core   0: 0x0000000080001c3c (0x1850b423) sd      t0, 392(ra)
core   0: 3 0x0000000080001c3c (0x1850b423) mem 0x000000008000fc50 0x0000000000000010
core   0: >>>>  inst_180
core   0: 0x0000000080001c40 (0x00100113) li      sp, 1
core   0: 3 0x0000000080001c40 (0x00100113) x2  0x0000000000000001
core   0: 0x0000000080001c44 (0x00c11113) slli    sp, sp, 12
core   0: 3 0x0000000080001c44 (0x00c11113) x2  0x0000000000001000
core   0: 0x0000000080001c48 (0x00220233) add     tp, tp, sp
core   0: 3 0x0000000080001c48 (0x00220233) x4  0x000000008000b190
core   0: 0x0000000080001c4c (0x9c023f87) fld     ft11, -1600(tp)
core   0: 3 0x0000000080001c4c (0x9c023f87) f31 0x7fefffffffffffff mem 0x000000008000ab50
core   0: 0x0000000080001c50 (0x40220233) sub     tp, tp, sp
core   0: 3 0x0000000080001c50 (0x40220233) x4  0x000000008000a190
core   0: 0x0000000080001c54 (0x00100113) li      sp, 1
core   0: 3 0x0000000080001c54 (0x00100113) x2  0x0000000000000001
core   0: 0x0000000080001c58 (0x00c11113) slli    sp, sp, 12
core   0: 3 0x0000000080001c58 (0x00c11113) x2  0x0000000000001000
core   0: 0x0000000080001c5c (0x00220233) add     tp, tp, sp
core   0: 3 0x0000000080001c5c (0x00220233) x4  0x000000008000b190
core   0: 0x0000000080001c60 (0x9c823f07) fld     ft10, -1592(tp)
core   0: 3 0x0000000080001c60 (0x9c823f07) f30 0x8000000000000000 mem 0x000000008000ab58
core   0: 0x0000000080001c64 (0x40220233) sub     tp, tp, sp
core   0: 3 0x0000000080001c64 (0x40220233) x4  0x000000008000a190
core   0: 0x0000000080001c68 (0x00000113) li      sp, 0
core   0: 3 0x0000000080001c68 (0x00000113) x2  0x0000000000000000
core   0: 0x0000000080001c6c (0x00311073) csrw    fcsr, sp
core   0: 3 0x0000000080001c6c (0x00311073) c1_fflags 0x0000000000000000 c2_frm 0x0000000000000000
core   0: 0x0000000080001c70 (0xa3ef9fd3) flt.d   t6, ft11, ft10
core   0: 3 0x0000000080001c70 (0xa3ef9fd3) x31 0x0000000000000000
core   0: 0x0000000080001c74 (0x003022f3) csrr    t0, fcsr
core   0: 3 0x0000000080001c74 (0x003022f3) x5  0x0000000000000000
core   0: 0x0000000080001c78 (0x19f0b823) sd      t6, 400(ra)
core   0: 3 0x0000000080001c78 (0x19f0b823) mem 0x000000008000fc58 0x0000000000000000
core   0: 0x0000000080001c7c (0x1850bc23) sd      t0, 408(ra)
core   0: 3 0x0000000080001c7c (0x1850bc23) mem 0x000000008000fc60 0x0000000000000000
core   0: >>>>  inst_181
core   0: 0x0000000080001c80 (0x00100113) li      sp, 1
core   0: 3 0x0000000080001c80 (0x00100113) x2  0x0000000000000001
core   0: 0x0000000080001c84 (0x00c11113) slli    sp, sp, 12
core   0: 3 0x0000000080001c84 (0x00c11113) x2  0x0000000000001000
core   0: 0x0000000080001c88 (0x00220233) add     tp, tp, sp
core   0: 3 0x0000000080001c88 (0x00220233) x4  0x000000008000b190
core   0: 0x0000000080001c8c (0x9d023f87) fld     ft11, -1584(tp)
core   0: 3 0x0000000080001c8c (0x9d023f87) f31 0x7fefffffffffffff mem 0x000000008000ab60
core   0: 0x0000000080001c90 (0x40220233) sub     tp, tp, sp
core   0: 3 0x0000000080001c90 (0x40220233) x4  0x000000008000a190
core   0: 0x0000000080001c94 (0x00100113) li      sp, 1
core   0: 3 0x0000000080001c94 (0x00100113) x2  0x0000000000000001
core   0: 0x0000000080001c98 (0x00c11113) slli    sp, sp, 12
core   0: 3 0x0000000080001c98 (0x00c11113) x2  0x0000000000001000
core   0: 0x0000000080001c9c (0x00220233) add     tp, tp, sp
core   0: 3 0x0000000080001c9c (0x00220233) x4  0x000000008000b190
core   0: 0x0000000080001ca0 (0x9d823f07) fld     ft10, -1576(tp)
core   0: 3 0x0000000080001ca0 (0x9d823f07) f30 0x8000000000000001 mem 0x000000008000ab68
core   0: 0x0000000080001ca4 (0x40220233) sub     tp, tp, sp
core   0: 3 0x0000000080001ca4 (0x40220233) x4  0x000000008000a190
core   0: 0x0000000080001ca8 (0x00000113) li      sp, 0
core   0: 3 0x0000000080001ca8 (0x00000113) x2  0x0000000000000000
core   0: 0x0000000080001cac (0x00311073) csrw    fcsr, sp
core   0: 3 0x0000000080001cac (0x00311073) c1_fflags 0x0000000000000000 c2_frm 0x0000000000000000
core   0: 0x0000000080001cb0 (0xa3ef9fd3) flt.d   t6, ft11, ft10
core   0: 3 0x0000000080001cb0 (0xa3ef9fd3) x31 0x0000000000000000
core   0: 0x0000000080001cb4 (0x003022f3) csrr    t0, fcsr
core   0: 3 0x0000000080001cb4 (0x003022f3) x5  0x0000000000000000
core   0: 0x0000000080001cb8 (0x1bf0b023) sd      t6, 416(ra)
core   0: 3 0x0000000080001cb8 (0x1bf0b023) mem 0x000000008000fc68 0x0000000000000000
core   0: 0x0000000080001cbc (0x1a50b423) sd      t0, 424(ra)
core   0: 3 0x0000000080001cbc (0x1a50b423) mem 0x000000008000fc70 0x0000000000000000
core   0: >>>>  inst_182
core   0: 0x0000000080001cc0 (0x00100113) li      sp, 1
core   0: 3 0x0000000080001cc0 (0x00100113) x2  0x0000000000000001
core   0: 0x0000000080001cc4 (0x00c11113) slli    sp, sp, 12
core   0: 3 0x0000000080001cc4 (0x00c11113) x2  0x0000000000001000
core   0: 0x0000000080001cc8 (0x00220233) add     tp, tp, sp
core   0: 3 0x0000000080001cc8 (0x00220233) x4  0x000000008000b190
core   0: 0x0000000080001ccc (0x9e023f87) fld     ft11, -1568(tp)
core   0: 3 0x0000000080001ccc (0x9e023f87) f31 0x7fefffffffffffff mem 0x000000008000ab70
core   0: 0x0000000080001cd0 (0x40220233) sub     tp, tp, sp
core   0: 3 0x0000000080001cd0 (0x40220233) x4  0x000000008000a190
core   0: 0x0000000080001cd4 (0x00100113) li      sp, 1
core   0: 3 0x0000000080001cd4 (0x00100113) x2  0x0000000000000001
core   0: 0x0000000080001cd8 (0x00c11113) slli    sp, sp, 12
core   0: 3 0x0000000080001cd8 (0x00c11113) x2  0x0000000000001000
core   0: 0x0000000080001cdc (0x00220233) add     tp, tp, sp
core   0: 3 0x0000000080001cdc (0x00220233) x4  0x000000008000b190
core   0: 0x0000000080001ce0 (0x9e823f07) fld     ft10, -1560(tp)
core   0: 3 0x0000000080001ce0 (0x9e823f07) f30 0x8000000000000002 mem 0x000000008000ab78
core   0: 0x0000000080001ce4 (0x40220233) sub     tp, tp, sp
core   0: 3 0x0000000080001ce4 (0x40220233) x4  0x000000008000a190
core   0: 0x0000000080001ce8 (0x00000113) li      sp, 0
core   0: 3 0x0000000080001ce8 (0x00000113) x2  0x0000000000000000
core   0: 0x0000000080001cec (0x00311073) csrw    fcsr, sp
core   0: 3 0x0000000080001cec (0x00311073) c1_fflags 0x0000000000000000 c2_frm 0x0000000000000000
core   0: 0x0000000080001cf0 (0xa3ef9fd3) flt.d   t6, ft11, ft10
core   0: 3 0x0000000080001cf0 (0xa3ef9fd3) x31 0x0000000000000000
core   0: 0x0000000080001cf4 (0x003022f3) csrr    t0, fcsr
core   0: 3 0x0000000080001cf4 (0x003022f3) x5  0x0000000000000000
core   0: 0x0000000080001cf8 (0x1bf0b823) sd      t6, 432(ra)
core   0: 3 0x0000000080001cf8 (0x1bf0b823) mem 0x000000008000fc78 0x0000000000000000
core   0: 0x0000000080001cfc (0x1a50bc23) sd      t0, 440(ra)
core   0: 3 0x0000000080001cfc (0x1a50bc23) mem 0x000000008000fc80 0x0000000000000000
core   0: >>>>  inst_183
core   0: 0x0000000080001d00 (0x00100113) li      sp, 1
core   0: 3 0x0000000080001d00 (0x00100113) x2  0x0000000000000001
core   0: 0x0000000080001d04 (0x00c11113) slli    sp, sp, 12
core   0: 3 0x0000000080001d04 (0x00c11113) x2  0x0000000000001000
core   0: 0x0000000080001d08 (0x00220233) add     tp, tp, sp
core   0: 3 0x0000000080001d08 (0x00220233) x4  0x000000008000b190
core   0: 0x0000000080001d0c (0x9f023f87) fld     ft11, -1552(tp)
core   0: 3 0x0000000080001d0c (0x9f023f87) f31 0x7fefffffffffffff mem 0x000000008000ab80
core   0: 0x0000000080001d10 (0x40220233) sub     tp, tp, sp
core   0: 3 0x0000000080001d10 (0x40220233) x4  0x000000008000a190
core   0: 0x0000000080001d14 (0x00100113) li      sp, 1
core   0: 3 0x0000000080001d14 (0x00100113) x2  0x0000000000000001
core   0: 0x0000000080001d18 (0x00c11113) slli    sp, sp, 12
core   0: 3 0x0000000080001d18 (0x00c11113) x2  0x0000000000001000
core   0: 0x0000000080001d1c (0x00220233) add     tp, tp, sp
core   0: 3 0x0000000080001d1c (0x00220233) x4  0x000000008000b190
core   0: 0x0000000080001d20 (0x9f823f07) fld     ft10, -1544(tp)
core   0: 3 0x0000000080001d20 (0x9f823f07) f30 0x800fffffffffffff mem 0x000000008000ab88
core   0: 0x0000000080001d24 (0x40220233) sub     tp, tp, sp
core   0: 3 0x0000000080001d24 (0x40220233) x4  0x000000008000a190
core   0: 0x0000000080001d28 (0x00000113) li      sp, 0
core   0: 3 0x0000000080001d28 (0x00000113) x2  0x0000000000000000
core   0: 0x0000000080001d2c (0x00311073) csrw    fcsr, sp
core   0: 3 0x0000000080001d2c (0x00311073) c1_fflags 0x0000000000000000 c2_frm 0x0000000000000000
core   0: 0x0000000080001d30 (0xa3ef9fd3) flt.d   t6, ft11, ft10
core   0: 3 0x0000000080001d30 (0xa3ef9fd3) x31 0x0000000000000000
core   0: 0x0000000080001d34 (0x003022f3) csrr    t0, fcsr
core   0: 3 0x0000000080001d34 (0x003022f3) x5  0x0000000000000000
core   0: 0x0000000080001d38 (0x1df0b023) sd      t6, 448(ra)
core   0: 3 0x0000000080001d38 (0x1df0b023) mem 0x000000008000fc88 0x0000000000000000
core   0: 0x0000000080001d3c (0x1c50b423) sd      t0, 456(ra)
core   0: 3 0x0000000080001d3c (0x1c50b423) mem 0x000000008000fc90 0x0000000000000000
core   0: >>>>  inst_184
core   0: 0x0000000080001d40 (0x00100113) li      sp, 1
core   0: 3 0x0000000080001d40 (0x00100113) x2  0x0000000000000001
core   0: 0x0000000080001d44 (0x00c11113) slli    sp, sp, 12
core   0: 3 0x0000000080001d44 (0x00c11113) x2  0x0000000000001000
core   0: 0x0000000080001d48 (0x00220233) add     tp, tp, sp
core   0: 3 0x0000000080001d48 (0x00220233) x4  0x000000008000b190
core   0: 0x0000000080001d4c (0xa0023f87) fld     ft11, -1536(tp)
core   0: 3 0x0000000080001d4c (0xa0023f87) f31 0x7fefffffffffffff mem 0x000000008000ab90
core   0: 0x0000000080001d50 (0x40220233) sub     tp, tp, sp
core   0: 3 0x0000000080001d50 (0x40220233) x4  0x000000008000a190
core   0: 0x0000000080001d54 (0x00100113) li      sp, 1
core   0: 3 0x0000000080001d54 (0x00100113) x2  0x0000000000000001
core   0: 0x0000000080001d58 (0x00c11113) slli    sp, sp, 12
core   0: 3 0x0000000080001d58 (0x00c11113) x2  0x0000000000001000
core   0: 0x0000000080001d5c (0x00220233) add     tp, tp, sp
core   0: 3 0x0000000080001d5c (0x00220233) x4  0x000000008000b190
core   0: 0x0000000080001d60 (0xa0823f07) fld     ft10, -1528(tp)
core   0: 3 0x0000000080001d60 (0xa0823f07) f30 0x8010000000000000 mem 0x000000008000ab98
core   0: 0x0000000080001d64 (0x40220233) sub     tp, tp, sp
core   0: 3 0x0000000080001d64 (0x40220233) x4  0x000000008000a190
core   0: 0x0000000080001d68 (0x00000113) li      sp, 0
core   0: 3 0x0000000080001d68 (0x00000113) x2  0x0000000000000000
core   0: 0x0000000080001d6c (0x00311073) csrw    fcsr, sp
core   0: 3 0x0000000080001d6c (0x00311073) c1_fflags 0x0000000000000000 c2_frm 0x0000000000000000
core   0: 0x0000000080001d70 (0xa3ef9fd3) flt.d   t6, ft11, ft10
core   0: 3 0x0000000080001d70 (0xa3ef9fd3) x31 0x0000000000000000
core   0: 0x0000000080001d74 (0x003022f3) csrr    t0, fcsr
core   0: 3 0x0000000080001d74 (0x003022f3) x5  0x0000000000000000
core   0: 0x0000000080001d78 (0x1df0b823) sd      t6, 464(ra)
core   0: 3 0x0000000080001d78 (0x1df0b823) mem 0x000000008000fc98 0x0000000000000000
core   0: 0x0000000080001d7c (0x1c50bc23) sd      t0, 472(ra)
core   0: 3 0x0000000080001d7c (0x1c50bc23) mem 0x000000008000fca0 0x0000000000000000
core   0: >>>>  inst_185
core   0: 0x0000000080001d80 (0x00100113) li      sp, 1
core   0: 3 0x0000000080001d80 (0x00100113) x2  0x0000000000000001
core   0: 0x0000000080001d84 (0x00c11113) slli    sp, sp, 12
core   0: 3 0x0000000080001d84 (0x00c11113) x2  0x0000000000001000
core   0: 0x0000000080001d88 (0x00220233) add     tp, tp, sp
core   0: 3 0x0000000080001d88 (0x00220233) x4  0x000000008000b190
core   0: 0x0000000080001d8c (0xa1023f87) fld     ft11, -1520(tp)
core   0: 3 0x0000000080001d8c (0xa1023f87) f31 0x7fefffffffffffff mem 0x000000008000aba0
core   0: 0x0000000080001d90 (0x40220233) sub     tp, tp, sp
core   0: 3 0x0000000080001d90 (0x40220233) x4  0x000000008000a190
core   0: 0x0000000080001d94 (0x00100113) li      sp, 1
core   0: 3 0x0000000080001d94 (0x00100113) x2  0x0000000000000001
core   0: 0x0000000080001d98 (0x00c11113) slli    sp, sp, 12
core   0: 3 0x0000000080001d98 (0x00c11113) x2  0x0000000000001000
core   0: 0x0000000080001d9c (0x00220233) add     tp, tp, sp
core   0: 3 0x0000000080001d9c (0x00220233) x4  0x000000008000b190
core   0: 0x0000000080001da0 (0xa1823f07) fld     ft10, -1512(tp)
core   0: 3 0x0000000080001da0 (0xa1823f07) f30 0x8010000000000002 mem 0x000000008000aba8
core   0: 0x0000000080001da4 (0x40220233) sub     tp, tp, sp
core   0: 3 0x0000000080001da4 (0x40220233) x4  0x000000008000a190
core   0: 0x0000000080001da8 (0x00000113) li      sp, 0
core   0: 3 0x0000000080001da8 (0x00000113) x2  0x0000000000000000
core   0: 0x0000000080001dac (0x00311073) csrw    fcsr, sp
core   0: 3 0x0000000080001dac (0x00311073) c1_fflags 0x0000000000000000 c2_frm 0x0000000000000000
core   0: 0x0000000080001db0 (0xa3ef9fd3) flt.d   t6, ft11, ft10
core   0: 3 0x0000000080001db0 (0xa3ef9fd3) x31 0x0000000000000000
core   0: 0x0000000080001db4 (0x003022f3) csrr    t0, fcsr
core   0: 3 0x0000000080001db4 (0x003022f3) x5  0x0000000000000000
core   0: 0x0000000080001db8 (0x1ff0b023) sd      t6, 480(ra)
core   0: 3 0x0000000080001db8 (0x1ff0b023) mem 0x000000008000fca8 0x0000000000000000
core   0: 0x0000000080001dbc (0x1e50b423) sd      t0, 488(ra)
core   0: 3 0x0000000080001dbc (0x1e50b423) mem 0x000000008000fcb0 0x0000000000000000
core   0: >>>>  inst_186
core   0: 0x0000000080001dc0 (0x00100113) li      sp, 1
core   0: 3 0x0000000080001dc0 (0x00100113) x2  0x0000000000000001
core   0: 0x0000000080001dc4 (0x00c11113) slli    sp, sp, 12
core   0: 3 0x0000000080001dc4 (0x00c11113) x2  0x0000000000001000
core   0: 0x0000000080001dc8 (0x00220233) add     tp, tp, sp
core   0: 3 0x0000000080001dc8 (0x00220233) x4  0x000000008000b190
core   0: 0x0000000080001dcc (0xa2023f87) fld     ft11, -1504(tp)
core   0: 3 0x0000000080001dcc (0xa2023f87) f31 0x7fefffffffffffff mem 0x000000008000abb0
core   0: 0x0000000080001dd0 (0x40220233) sub     tp, tp, sp
core   0: 3 0x0000000080001dd0 (0x40220233) x4  0x000000008000a190
core   0: 0x0000000080001dd4 (0x00100113) li      sp, 1
core   0: 3 0x0000000080001dd4 (0x00100113) x2  0x0000000000000001
core   0: 0x0000000080001dd8 (0x00c11113) slli    sp, sp, 12
core   0: 3 0x0000000080001dd8 (0x00c11113) x2  0x0000000000001000
core   0: 0x0000000080001ddc (0x00220233) add     tp, tp, sp
core   0: 3 0x0000000080001ddc (0x00220233) x4  0x000000008000b190
core   0: 0x0000000080001de0 (0xa2823f07) fld     ft10, -1496(tp)
core   0: 3 0x0000000080001de0 (0xa2823f07) f30 0xbf80000000000000 mem 0x000000008000abb8
core   0: 0x0000000080001de4 (0x40220233) sub     tp, tp, sp
core   0: 3 0x0000000080001de4 (0x40220233) x4  0x000000008000a190
core   0: 0x0000000080001de8 (0x00000113) li      sp, 0
core   0: 3 0x0000000080001de8 (0x00000113) x2  0x0000000000000000
core   0: 0x0000000080001dec (0x00311073) csrw    fcsr, sp
core   0: 3 0x0000000080001dec (0x00311073) c1_fflags 0x0000000000000000 c2_frm 0x0000000000000000
core   0: 0x0000000080001df0 (0xa3ef9fd3) flt.d   t6, ft11, ft10
core   0: 3 0x0000000080001df0 (0xa3ef9fd3) x31 0x0000000000000000
core   0: 0x0000000080001df4 (0x003022f3) csrr    t0, fcsr
core   0: 3 0x0000000080001df4 (0x003022f3) x5  0x0000000000000000
core   0: 0x0000000080001df8 (0x1ff0b823) sd      t6, 496(ra)
core   0: 3 0x0000000080001df8 (0x1ff0b823) mem 0x000000008000fcb8 0x0000000000000000
core   0: 0x0000000080001dfc (0x1e50bc23) sd      t0, 504(ra)
core   0: 3 0x0000000080001dfc (0x1e50bc23) mem 0x000000008000fcc0 0x0000000000000000
core   0: >>>>  inst_187
core   0: 0x0000000080001e00 (0x00100113) li      sp, 1
core   0: 3 0x0000000080001e00 (0x00100113) x2  0x0000000000000001
core   0: 0x0000000080001e04 (0x00c11113) slli    sp, sp, 12
core   0: 3 0x0000000080001e04 (0x00c11113) x2  0x0000000000001000
core   0: 0x0000000080001e08 (0x00220233) add     tp, tp, sp
core   0: 3 0x0000000080001e08 (0x00220233) x4  0x000000008000b190
core   0: 0x0000000080001e0c (0xa3023f87) fld     ft11, -1488(tp)
core   0: 3 0x0000000080001e0c (0xa3023f87) f31 0x7fefffffffffffff mem 0x000000008000abc0
core   0: 0x0000000080001e10 (0x40220233) sub     tp, tp, sp
core   0: 3 0x0000000080001e10 (0x40220233) x4  0x000000008000a190
core   0: 0x0000000080001e14 (0x00100113) li      sp, 1
core   0: 3 0x0000000080001e14 (0x00100113) x2  0x0000000000000001
core   0: 0x0000000080001e18 (0x00c11113) slli    sp, sp, 12
core   0: 3 0x0000000080001e18 (0x00c11113) x2  0x0000000000001000
core   0: 0x0000000080001e1c (0x00220233) add     tp, tp, sp
core   0: 3 0x0000000080001e1c (0x00220233) x4  0x000000008000b190
core   0: 0x0000000080001e20 (0xa3823f07) fld     ft10, -1480(tp)
core   0: 3 0x0000000080001e20 (0xa3823f07) f30 0xffefffffffffffff mem 0x000000008000abc8
core   0: 0x0000000080001e24 (0x40220233) sub     tp, tp, sp
core   0: 3 0x0000000080001e24 (0x40220233) x4  0x000000008000a190
core   0: 0x0000000080001e28 (0x00000113) li      sp, 0
core   0: 3 0x0000000080001e28 (0x00000113) x2  0x0000000000000000
core   0: 0x0000000080001e2c (0x00311073) csrw    fcsr, sp
core   0: 3 0x0000000080001e2c (0x00311073) c1_fflags 0x0000000000000000 c2_frm 0x0000000000000000
core   0: 0x0000000080001e30 (0xa3ef9fd3) flt.d   t6, ft11, ft10
core   0: 3 0x0000000080001e30 (0xa3ef9fd3) x31 0x0000000000000000
core   0: 0x0000000080001e34 (0x003022f3) csrr    t0, fcsr
core   0: 3 0x0000000080001e34 (0x003022f3) x5  0x0000000000000000
core   0: 0x0000000080001e38 (0x21f0b023) sd      t6, 512(ra)
core   0: 3 0x0000000080001e38 (0x21f0b023) mem 0x000000008000fcc8 0x0000000000000000
core   0: 0x0000000080001e3c (0x2050b423) sd      t0, 520(ra)
core   0: 3 0x0000000080001e3c (0x2050b423) mem 0x000000008000fcd0 0x0000000000000000
core   0: >>>>  inst_188
core   0: 0x0000000080001e40 (0x00100113) li      sp, 1
core   0: 3 0x0000000080001e40 (0x00100113) x2  0x0000000000000001
core   0: 0x0000000080001e44 (0x00c11113) slli    sp, sp, 12
core   0: 3 0x0000000080001e44 (0x00c11113) x2  0x0000000000001000
core   0: 0x0000000080001e48 (0x00220233) add     tp, tp, sp
core   0: 3 0x0000000080001e48 (0x00220233) x4  0x000000008000b190
core   0: 0x0000000080001e4c (0xa4023f87) fld     ft11, -1472(tp)
core   0: 3 0x0000000080001e4c (0xa4023f87) f31 0x7fefffffffffffff mem 0x000000008000abd0
core   0: 0x0000000080001e50 (0x40220233) sub     tp, tp, sp
core   0: 3 0x0000000080001e50 (0x40220233) x4  0x000000008000a190
core   0: 0x0000000080001e54 (0x00100113) li      sp, 1
core   0: 3 0x0000000080001e54 (0x00100113) x2  0x0000000000000001
core   0: 0x0000000080001e58 (0x00c11113) slli    sp, sp, 12
core   0: 3 0x0000000080001e58 (0x00c11113) x2  0x0000000000001000
core   0: 0x0000000080001e5c (0x00220233) add     tp, tp, sp
core   0: 3 0x0000000080001e5c (0x00220233) x4  0x000000008000b190
core   0: 0x0000000080001e60 (0xa4823f07) fld     ft10, -1464(tp)
core   0: 3 0x0000000080001e60 (0xa4823f07) f30 0xfff0000000000000 mem 0x000000008000abd8
core   0: 0x0000000080001e64 (0x40220233) sub     tp, tp, sp
core   0: 3 0x0000000080001e64 (0x40220233) x4  0x000000008000a190
core   0: 0x0000000080001e68 (0x00000113) li      sp, 0
core   0: 3 0x0000000080001e68 (0x00000113) x2  0x0000000000000000
core   0: 0x0000000080001e6c (0x00311073) csrw    fcsr, sp
core   0: 3 0x0000000080001e6c (0x00311073) c1_fflags 0x0000000000000000 c2_frm 0x0000000000000000
core   0: 0x0000000080001e70 (0xa3ef9fd3) flt.d   t6, ft11, ft10
core   0: 3 0x0000000080001e70 (0xa3ef9fd3) x31 0x0000000000000000
core   0: 0x0000000080001e74 (0x003022f3) csrr    t0, fcsr
core   0: 3 0x0000000080001e74 (0x003022f3) x5  0x0000000000000000
core   0: 0x0000000080001e78 (0x21f0b823) sd      t6, 528(ra)
core   0: 3 0x0000000080001e78 (0x21f0b823) mem 0x000000008000fcd8 0x0000000000000000
core   0: 0x0000000080001e7c (0x2050bc23) sd      t0, 536(ra)
core   0: 3 0x0000000080001e7c (0x2050bc23) mem 0x000000008000fce0 0x0000000000000000
core   0: >>>>  inst_189
core   0: 0x0000000080001e80 (0x00100113) li      sp, 1
core   0: 3 0x0000000080001e80 (0x00100113) x2  0x0000000000000001
core   0: 0x0000000080001e84 (0x00c11113) slli    sp, sp, 12
core   0: 3 0x0000000080001e84 (0x00c11113) x2  0x0000000000001000
core   0: 0x0000000080001e88 (0x00220233) add     tp, tp, sp
core   0: 3 0x0000000080001e88 (0x00220233) x4  0x000000008000b190
core   0: 0x0000000080001e8c (0xa5023f87) fld     ft11, -1456(tp)
core   0: 3 0x0000000080001e8c (0xa5023f87) f31 0x7fefffffffffffff mem 0x000000008000abe0
core   0: 0x0000000080001e90 (0x40220233) sub     tp, tp, sp
core   0: 3 0x0000000080001e90 (0x40220233) x4  0x000000008000a190
core   0: 0x0000000080001e94 (0x00100113) li      sp, 1
core   0: 3 0x0000000080001e94 (0x00100113) x2  0x0000000000000001
core   0: 0x0000000080001e98 (0x00c11113) slli    sp, sp, 12
core   0: 3 0x0000000080001e98 (0x00c11113) x2  0x0000000000001000
core   0: 0x0000000080001e9c (0x00220233) add     tp, tp, sp
core   0: 3 0x0000000080001e9c (0x00220233) x4  0x000000008000b190
core   0: 0x0000000080001ea0 (0xa5823f07) fld     ft10, -1448(tp)
core   0: 3 0x0000000080001ea0 (0xa5823f07) f30 0xfff0000000000001 mem 0x000000008000abe8
core   0: 0x0000000080001ea4 (0x40220233) sub     tp, tp, sp
core   0: 3 0x0000000080001ea4 (0x40220233) x4  0x000000008000a190
core   0: 0x0000000080001ea8 (0x00000113) li      sp, 0
core   0: 3 0x0000000080001ea8 (0x00000113) x2  0x0000000000000000
core   0: 0x0000000080001eac (0x00311073) csrw    fcsr, sp
core   0: 3 0x0000000080001eac (0x00311073) c1_fflags 0x0000000000000000 c2_frm 0x0000000000000000
core   0: 0x0000000080001eb0 (0xa3ef9fd3) flt.d   t6, ft11, ft10
core   0: 3 0x0000000080001eb0 (0xa3ef9fd3) c1_fflags 0x0000000000000010 x31 0x0000000000000000
core   0: 0x0000000080001eb4 (0x003022f3) csrr    t0, fcsr
core   0: 3 0x0000000080001eb4 (0x003022f3) x5  0x0000000000000010
core   0: 0x0000000080001eb8 (0x23f0b023) sd      t6, 544(ra)
core   0: 3 0x0000000080001eb8 (0x23f0b023) mem 0x000000008000fce8 0x0000000000000000
core   0: 0x0000000080001ebc (0x2250b423) sd      t0, 552(ra)
core   0: 3 0x0000000080001ebc (0x2250b423) mem 0x000000008000fcf0 0x0000000000000010
core   0: >>>>  inst_190
core   0: 0x0000000080001ec0 (0x00100113) li      sp, 1
core   0: 3 0x0000000080001ec0 (0x00100113) x2  0x0000000000000001
core   0: 0x0000000080001ec4 (0x00c11113) slli    sp, sp, 12
core   0: 3 0x0000000080001ec4 (0x00c11113) x2  0x0000000000001000
core   0: 0x0000000080001ec8 (0x00220233) add     tp, tp, sp
core   0: 3 0x0000000080001ec8 (0x00220233) x4  0x000000008000b190
core   0: 0x0000000080001ecc (0xa6023f87) fld     ft11, -1440(tp)
core   0: 3 0x0000000080001ecc (0xa6023f87) f31 0x7fefffffffffffff mem 0x000000008000abf0
core   0: 0x0000000080001ed0 (0x40220233) sub     tp, tp, sp
core   0: 3 0x0000000080001ed0 (0x40220233) x4  0x000000008000a190
core   0: 0x0000000080001ed4 (0x00100113) li      sp, 1
core   0: 3 0x0000000080001ed4 (0x00100113) x2  0x0000000000000001
core   0: 0x0000000080001ed8 (0x00c11113) slli    sp, sp, 12
core   0: 3 0x0000000080001ed8 (0x00c11113) x2  0x0000000000001000
core   0: 0x0000000080001edc (0x00220233) add     tp, tp, sp
core   0: 3 0x0000000080001edc (0x00220233) x4  0x000000008000b190
core   0: 0x0000000080001ee0 (0xa6823f07) fld     ft10, -1432(tp)
core   0: 3 0x0000000080001ee0 (0xa6823f07) f30 0xfff8000000000000 mem 0x000000008000abf8
core   0: 0x0000000080001ee4 (0x40220233) sub     tp, tp, sp
core   0: 3 0x0000000080001ee4 (0x40220233) x4  0x000000008000a190
core   0: 0x0000000080001ee8 (0x00000113) li      sp, 0
core   0: 3 0x0000000080001ee8 (0x00000113) x2  0x0000000000000000
core   0: 0x0000000080001eec (0x00311073) csrw    fcsr, sp
core   0: 3 0x0000000080001eec (0x00311073) c1_fflags 0x0000000000000000 c2_frm 0x0000000000000000
core   0: 0x0000000080001ef0 (0xa3ef9fd3) flt.d   t6, ft11, ft10
core   0: 3 0x0000000080001ef0 (0xa3ef9fd3) c1_fflags 0x0000000000000010 x31 0x0000000000000000
core   0: 0x0000000080001ef4 (0x003022f3) csrr    t0, fcsr
core   0: 3 0x0000000080001ef4 (0x003022f3) x5  0x0000000000000010
core   0: 0x0000000080001ef8 (0x23f0b823) sd      t6, 560(ra)
core   0: 3 0x0000000080001ef8 (0x23f0b823) mem 0x000000008000fcf8 0x0000000000000000
core   0: 0x0000000080001efc (0x2250bc23) sd      t0, 568(ra)
core   0: 3 0x0000000080001efc (0x2250bc23) mem 0x000000008000fd00 0x0000000000000010
core   0: >>>>  inst_191
core   0: 0x0000000080001f00 (0x00100113) li      sp, 1
core   0: 3 0x0000000080001f00 (0x00100113) x2  0x0000000000000001
core   0: 0x0000000080001f04 (0x00c11113) slli    sp, sp, 12
core   0: 3 0x0000000080001f04 (0x00c11113) x2  0x0000000000001000
core   0: 0x0000000080001f08 (0x00220233) add     tp, tp, sp
core   0: 3 0x0000000080001f08 (0x00220233) x4  0x000000008000b190
core   0: 0x0000000080001f0c (0xa7023f87) fld     ft11, -1424(tp)
core   0: 3 0x0000000080001f0c (0xa7023f87) f31 0x7fefffffffffffff mem 0x000000008000ac00
core   0: 0x0000000080001f10 (0x40220233) sub     tp, tp, sp
core   0: 3 0x0000000080001f10 (0x40220233) x4  0x000000008000a190
core   0: 0x0000000080001f14 (0x00100113) li      sp, 1
core   0: 3 0x0000000080001f14 (0x00100113) x2  0x0000000000000001
core   0: 0x0000000080001f18 (0x00c11113) slli    sp, sp, 12
core   0: 3 0x0000000080001f18 (0x00c11113) x2  0x0000000000001000
core   0: 0x0000000080001f1c (0x00220233) add     tp, tp, sp
core   0: 3 0x0000000080001f1c (0x00220233) x4  0x000000008000b190
core   0: 0x0000000080001f20 (0xa7823f07) fld     ft10, -1416(tp)
core   0: 3 0x0000000080001f20 (0xa7823f07) f30 0xfff8000000000001 mem 0x000000008000ac08
core   0: 0x0000000080001f24 (0x40220233) sub     tp, tp, sp
core   0: 3 0x0000000080001f24 (0x40220233) x4  0x000000008000a190
core   0: 0x0000000080001f28 (0x00000113) li      sp, 0
core   0: 3 0x0000000080001f28 (0x00000113) x2  0x0000000000000000
core   0: 0x0000000080001f2c (0x00311073) csrw    fcsr, sp
core   0: 3 0x0000000080001f2c (0x00311073) c1_fflags 0x0000000000000000 c2_frm 0x0000000000000000
core   0: 0x0000000080001f30 (0xa3ef9fd3) flt.d   t6, ft11, ft10
core   0: 3 0x0000000080001f30 (0xa3ef9fd3) c1_fflags 0x0000000000000010 x31 0x0000000000000000
core   0: 0x0000000080001f34 (0x003022f3) csrr    t0, fcsr
core   0: 3 0x0000000080001f34 (0x003022f3) x5  0x0000000000000010
core   0: 0x0000000080001f38 (0x25f0b023) sd      t6, 576(ra)
core   0: 3 0x0000000080001f38 (0x25f0b023) mem 0x000000008000fd08 0x0000000000000000
core   0: 0x0000000080001f3c (0x2450b423) sd      t0, 584(ra)
core   0: 3 0x0000000080001f3c (0x2450b423) mem 0x000000008000fd10 0x0000000000000010
core   0: >>>>  inst_192
core   0: 0x0000000080001f40 (0x00100113) li      sp, 1
core   0: 3 0x0000000080001f40 (0x00100113) x2  0x0000000000000001
core   0: 0x0000000080001f44 (0x00c11113) slli    sp, sp, 12
core   0: 3 0x0000000080001f44 (0x00c11113) x2  0x0000000000001000
core   0: 0x0000000080001f48 (0x00220233) add     tp, tp, sp
core   0: 3 0x0000000080001f48 (0x00220233) x4  0x000000008000b190
core   0: 0x0000000080001f4c (0xa8023f87) fld     ft11, -1408(tp)
core   0: 3 0x0000000080001f4c (0xa8023f87) f31 0x7ff0000000000000 mem 0x000000008000ac10
core   0: 0x0000000080001f50 (0x40220233) sub     tp, tp, sp
core   0: 3 0x0000000080001f50 (0x40220233) x4  0x000000008000a190
core   0: 0x0000000080001f54 (0x00100113) li      sp, 1
core   0: 3 0x0000000080001f54 (0x00100113) x2  0x0000000000000001
core   0: 0x0000000080001f58 (0x00c11113) slli    sp, sp, 12
core   0: 3 0x0000000080001f58 (0x00c11113) x2  0x0000000000001000
core   0: 0x0000000080001f5c (0x00220233) add     tp, tp, sp
core   0: 3 0x0000000080001f5c (0x00220233) x4  0x000000008000b190
core   0: 0x0000000080001f60 (0xa8823f07) fld     ft10, -1400(tp)
core   0: 3 0x0000000080001f60 (0xa8823f07) f30 0x0000000000000000 mem 0x000000008000ac18
core   0: 0x0000000080001f64 (0x40220233) sub     tp, tp, sp
core   0: 3 0x0000000080001f64 (0x40220233) x4  0x000000008000a190
core   0: 0x0000000080001f68 (0x00000113) li      sp, 0
core   0: 3 0x0000000080001f68 (0x00000113) x2  0x0000000000000000
core   0: 0x0000000080001f6c (0x00311073) csrw    fcsr, sp
core   0: 3 0x0000000080001f6c (0x00311073) c1_fflags 0x0000000000000000 c2_frm 0x0000000000000000
core   0: 0x0000000080001f70 (0xa3ef9fd3) flt.d   t6, ft11, ft10
core   0: 3 0x0000000080001f70 (0xa3ef9fd3) x31 0x0000000000000000
core   0: 0x0000000080001f74 (0x003022f3) csrr    t0, fcsr
core   0: 3 0x0000000080001f74 (0x003022f3) x5  0x0000000000000000
core   0: 0x0000000080001f78 (0x25f0b823) sd      t6, 592(ra)
core   0: 3 0x0000000080001f78 (0x25f0b823) mem 0x000000008000fd18 0x0000000000000000
core   0: 0x0000000080001f7c (0x2450bc23) sd      t0, 600(ra)
core   0: 3 0x0000000080001f7c (0x2450bc23) mem 0x000000008000fd20 0x0000000000000000
core   0: >>>>  inst_193
core   0: 0x0000000080001f80 (0x00100113) li      sp, 1
core   0: 3 0x0000000080001f80 (0x00100113) x2  0x0000000000000001
core   0: 0x0000000080001f84 (0x00c11113) slli    sp, sp, 12
core   0: 3 0x0000000080001f84 (0x00c11113) x2  0x0000000000001000
core   0: 0x0000000080001f88 (0x00220233) add     tp, tp, sp
core   0: 3 0x0000000080001f88 (0x00220233) x4  0x000000008000b190
core   0: 0x0000000080001f8c (0xa9023f87) fld     ft11, -1392(tp)
core   0: 3 0x0000000080001f8c (0xa9023f87) f31 0x7ff0000000000000 mem 0x000000008000ac20
core   0: 0x0000000080001f90 (0x40220233) sub     tp, tp, sp
core   0: 3 0x0000000080001f90 (0x40220233) x4  0x000000008000a190
core   0: 0x0000000080001f94 (0x00100113) li      sp, 1
core   0: 3 0x0000000080001f94 (0x00100113) x2  0x0000000000000001
core   0: 0x0000000080001f98 (0x00c11113) slli    sp, sp, 12
core   0: 3 0x0000000080001f98 (0x00c11113) x2  0x0000000000001000
core   0: 0x0000000080001f9c (0x00220233) add     tp, tp, sp
core   0: 3 0x0000000080001f9c (0x00220233) x4  0x000000008000b190
core   0: 0x0000000080001fa0 (0xa9823f07) fld     ft10, -1384(tp)
core   0: 3 0x0000000080001fa0 (0xa9823f07) f30 0x0000000000000001 mem 0x000000008000ac28
core   0: 0x0000000080001fa4 (0x40220233) sub     tp, tp, sp
core   0: 3 0x0000000080001fa4 (0x40220233) x4  0x000000008000a190
core   0: 0x0000000080001fa8 (0x00000113) li      sp, 0
core   0: 3 0x0000000080001fa8 (0x00000113) x2  0x0000000000000000
core   0: 0x0000000080001fac (0x00311073) csrw    fcsr, sp
core   0: 3 0x0000000080001fac (0x00311073) c1_fflags 0x0000000000000000 c2_frm 0x0000000000000000
core   0: 0x0000000080001fb0 (0xa3ef9fd3) flt.d   t6, ft11, ft10
core   0: 3 0x0000000080001fb0 (0xa3ef9fd3) x31 0x0000000000000000
core   0: 0x0000000080001fb4 (0x003022f3) csrr    t0, fcsr
core   0: 3 0x0000000080001fb4 (0x003022f3) x5  0x0000000000000000
core   0: 0x0000000080001fb8 (0x27f0b023) sd      t6, 608(ra)
core   0: 3 0x0000000080001fb8 (0x27f0b023) mem 0x000000008000fd28 0x0000000000000000
core   0: 0x0000000080001fbc (0x2650b423) sd      t0, 616(ra)
core   0: 3 0x0000000080001fbc (0x2650b423) mem 0x000000008000fd30 0x0000000000000000
core   0: >>>>  inst_194
core   0: 0x0000000080001fc0 (0x00100113) li      sp, 1
core   0: 3 0x0000000080001fc0 (0x00100113) x2  0x0000000000000001
core   0: 0x0000000080001fc4 (0x00c11113) slli    sp, sp, 12
core   0: 3 0x0000000080001fc4 (0x00c11113) x2  0x0000000000001000
core   0: 0x0000000080001fc8 (0x00220233) add     tp, tp, sp
core   0: 3 0x0000000080001fc8 (0x00220233) x4  0x000000008000b190
core   0: 0x0000000080001fcc (0xaa023f87) fld     ft11, -1376(tp)
core   0: 3 0x0000000080001fcc (0xaa023f87) f31 0x7ff0000000000000 mem 0x000000008000ac30
core   0: 0x0000000080001fd0 (0x40220233) sub     tp, tp, sp
core   0: 3 0x0000000080001fd0 (0x40220233) x4  0x000000008000a190
core   0: 0x0000000080001fd4 (0x00100113) li      sp, 1
core   0: 3 0x0000000080001fd4 (0x00100113) x2  0x0000000000000001
core   0: 0x0000000080001fd8 (0x00c11113) slli    sp, sp, 12
core   0: 3 0x0000000080001fd8 (0x00c11113) x2  0x0000000000001000
core   0: 0x0000000080001fdc (0x00220233) add     tp, tp, sp
core   0: 3 0x0000000080001fdc (0x00220233) x4  0x000000008000b190
core   0: 0x0000000080001fe0 (0xaa823f07) fld     ft10, -1368(tp)
core   0: 3 0x0000000080001fe0 (0xaa823f07) f30 0x0000000000000002 mem 0x000000008000ac38
core   0: 0x0000000080001fe4 (0x40220233) sub     tp, tp, sp
core   0: 3 0x0000000080001fe4 (0x40220233) x4  0x000000008000a190
core   0: 0x0000000080001fe8 (0x00000113) li      sp, 0
core   0: 3 0x0000000080001fe8 (0x00000113) x2  0x0000000000000000
core   0: 0x0000000080001fec (0x00311073) csrw    fcsr, sp
core   0: 3 0x0000000080001fec (0x00311073) c1_fflags 0x0000000000000000 c2_frm 0x0000000000000000
core   0: 0x0000000080001ff0 (0xa3ef9fd3) flt.d   t6, ft11, ft10
core   0: 3 0x0000000080001ff0 (0xa3ef9fd3) x31 0x0000000000000000
core   0: 0x0000000080001ff4 (0x003022f3) csrr    t0, fcsr
core   0: 3 0x0000000080001ff4 (0x003022f3) x5  0x0000000000000000
core   0: 0x0000000080001ff8 (0x27f0b823) sd      t6, 624(ra)
core   0: 3 0x0000000080001ff8 (0x27f0b823) mem 0x000000008000fd38 0x0000000000000000
core   0: 0x0000000080001ffc (0x2650bc23) sd      t0, 632(ra)
core   0: 3 0x0000000080001ffc (0x2650bc23) mem 0x000000008000fd40 0x0000000000000000
core   0: >>>>  inst_195
core   0: 0x0000000080002000 (0x00100113) li      sp, 1
core   0: 3 0x0000000080002000 (0x00100113) x2  0x0000000000000001
core   0: 0x0000000080002004 (0x00c11113) slli    sp, sp, 12
core   0: 3 0x0000000080002004 (0x00c11113) x2  0x0000000000001000
core   0: 0x0000000080002008 (0x00220233) add     tp, tp, sp
core   0: 3 0x0000000080002008 (0x00220233) x4  0x000000008000b190
core   0: 0x000000008000200c (0xab023f87) fld     ft11, -1360(tp)
core   0: 3 0x000000008000200c (0xab023f87) f31 0x7ff0000000000000 mem 0x000000008000ac40
core   0: 0x0000000080002010 (0x40220233) sub     tp, tp, sp
core   0: 3 0x0000000080002010 (0x40220233) x4  0x000000008000a190
core   0: 0x0000000080002014 (0x00100113) li      sp, 1
core   0: 3 0x0000000080002014 (0x00100113) x2  0x0000000000000001
core   0: 0x0000000080002018 (0x00c11113) slli    sp, sp, 12
core   0: 3 0x0000000080002018 (0x00c11113) x2  0x0000000000001000
core   0: 0x000000008000201c (0x00220233) add     tp, tp, sp
core   0: 3 0x000000008000201c (0x00220233) x4  0x000000008000b190
core   0: 0x0000000080002020 (0xab823f07) fld     ft10, -1352(tp)
core   0: 3 0x0000000080002020 (0xab823f07) f30 0x000fffffffffffff mem 0x000000008000ac48
core   0: 0x0000000080002024 (0x40220233) sub     tp, tp, sp
core   0: 3 0x0000000080002024 (0x40220233) x4  0x000000008000a190
core   0: 0x0000000080002028 (0x00000113) li      sp, 0
core   0: 3 0x0000000080002028 (0x00000113) x2  0x0000000000000000
core   0: 0x000000008000202c (0x00311073) csrw    fcsr, sp
core   0: 3 0x000000008000202c (0x00311073) c1_fflags 0x0000000000000000 c2_frm 0x0000000000000000
core   0: 0x0000000080002030 (0xa3ef9fd3) flt.d   t6, ft11, ft10
core   0: 3 0x0000000080002030 (0xa3ef9fd3) x31 0x0000000000000000
core   0: 0x0000000080002034 (0x003022f3) csrr    t0, fcsr
core   0: 3 0x0000000080002034 (0x003022f3) x5  0x0000000000000000
core   0: 0x0000000080002038 (0x29f0b023) sd      t6, 640(ra)
core   0: 3 0x0000000080002038 (0x29f0b023) mem 0x000000008000fd48 0x0000000000000000
core   0: 0x000000008000203c (0x2850b423) sd      t0, 648(ra)
core   0: 3 0x000000008000203c (0x2850b423) mem 0x000000008000fd50 0x0000000000000000
core   0: >>>>  inst_196
core   0: 0x0000000080002040 (0x00100113) li      sp, 1
core   0: 3 0x0000000080002040 (0x00100113) x2  0x0000000000000001
core   0: 0x0000000080002044 (0x00c11113) slli    sp, sp, 12
core   0: 3 0x0000000080002044 (0x00c11113) x2  0x0000000000001000
core   0: 0x0000000080002048 (0x00220233) add     tp, tp, sp
core   0: 3 0x0000000080002048 (0x00220233) x4  0x000000008000b190
core   0: 0x000000008000204c (0xac023f87) fld     ft11, -1344(tp)
core   0: 3 0x000000008000204c (0xac023f87) f31 0x7ff0000000000000 mem 0x000000008000ac50
core   0: 0x0000000080002050 (0x40220233) sub     tp, tp, sp
core   0: 3 0x0000000080002050 (0x40220233) x4  0x000000008000a190
core   0: 0x0000000080002054 (0x00100113) li      sp, 1
core   0: 3 0x0000000080002054 (0x00100113) x2  0x0000000000000001
core   0: 0x0000000080002058 (0x00c11113) slli    sp, sp, 12
core   0: 3 0x0000000080002058 (0x00c11113) x2  0x0000000000001000
core   0: 0x000000008000205c (0x00220233) add     tp, tp, sp
core   0: 3 0x000000008000205c (0x00220233) x4  0x000000008000b190
core   0: 0x0000000080002060 (0xac823f07) fld     ft10, -1336(tp)
core   0: 3 0x0000000080002060 (0xac823f07) f30 0x0010000000000000 mem 0x000000008000ac58
core   0: 0x0000000080002064 (0x40220233) sub     tp, tp, sp
core   0: 3 0x0000000080002064 (0x40220233) x4  0x000000008000a190
core   0: 0x0000000080002068 (0x00000113) li      sp, 0
core   0: 3 0x0000000080002068 (0x00000113) x2  0x0000000000000000
core   0: 0x000000008000206c (0x00311073) csrw    fcsr, sp
core   0: 3 0x000000008000206c (0x00311073) c1_fflags 0x0000000000000000 c2_frm 0x0000000000000000
core   0: 0x0000000080002070 (0xa3ef9fd3) flt.d   t6, ft11, ft10
core   0: 3 0x0000000080002070 (0xa3ef9fd3) x31 0x0000000000000000
core   0: 0x0000000080002074 (0x003022f3) csrr    t0, fcsr
core   0: 3 0x0000000080002074 (0x003022f3) x5  0x0000000000000000
core   0: 0x0000000080002078 (0x29f0b823) sd      t6, 656(ra)
core   0: 3 0x0000000080002078 (0x29f0b823) mem 0x000000008000fd58 0x0000000000000000
core   0: 0x000000008000207c (0x2850bc23) sd      t0, 664(ra)
core   0: 3 0x000000008000207c (0x2850bc23) mem 0x000000008000fd60 0x0000000000000000
core   0: >>>>  inst_197
core   0: 0x0000000080002080 (0x00100113) li      sp, 1
core   0: 3 0x0000000080002080 (0x00100113) x2  0x0000000000000001
core   0: 0x0000000080002084 (0x00c11113) slli    sp, sp, 12
core   0: 3 0x0000000080002084 (0x00c11113) x2  0x0000000000001000
core   0: 0x0000000080002088 (0x00220233) add     tp, tp, sp
core   0: 3 0x0000000080002088 (0x00220233) x4  0x000000008000b190
core   0: 0x000000008000208c (0xad023f87) fld     ft11, -1328(tp)
core   0: 3 0x000000008000208c (0xad023f87) f31 0x7ff0000000000000 mem 0x000000008000ac60
core   0: 0x0000000080002090 (0x40220233) sub     tp, tp, sp
core   0: 3 0x0000000080002090 (0x40220233) x4  0x000000008000a190
core   0: 0x0000000080002094 (0x00100113) li      sp, 1
core   0: 3 0x0000000080002094 (0x00100113) x2  0x0000000000000001
core   0: 0x0000000080002098 (0x00c11113) slli    sp, sp, 12
core   0: 3 0x0000000080002098 (0x00c11113) x2  0x0000000000001000
core   0: 0x000000008000209c (0x00220233) add     tp, tp, sp
core   0: 3 0x000000008000209c (0x00220233) x4  0x000000008000b190
core   0: 0x00000000800020a0 (0xad823f07) fld     ft10, -1320(tp)
core   0: 3 0x00000000800020a0 (0xad823f07) f30 0x0010000000000002 mem 0x000000008000ac68
core   0: 0x00000000800020a4 (0x40220233) sub     tp, tp, sp
core   0: 3 0x00000000800020a4 (0x40220233) x4  0x000000008000a190
core   0: 0x00000000800020a8 (0x00000113) li      sp, 0
core   0: 3 0x00000000800020a8 (0x00000113) x2  0x0000000000000000
core   0: 0x00000000800020ac (0x00311073) csrw    fcsr, sp
core   0: 3 0x00000000800020ac (0x00311073) c1_fflags 0x0000000000000000 c2_frm 0x0000000000000000
core   0: 0x00000000800020b0 (0xa3ef9fd3) flt.d   t6, ft11, ft10
core   0: 3 0x00000000800020b0 (0xa3ef9fd3) x31 0x0000000000000000
core   0: 0x00000000800020b4 (0x003022f3) csrr    t0, fcsr
core   0: 3 0x00000000800020b4 (0x003022f3) x5  0x0000000000000000
core   0: 0x00000000800020b8 (0x2bf0b023) sd      t6, 672(ra)
core   0: 3 0x00000000800020b8 (0x2bf0b023) mem 0x000000008000fd68 0x0000000000000000
core   0: 0x00000000800020bc (0x2a50b423) sd      t0, 680(ra)
core   0: 3 0x00000000800020bc (0x2a50b423) mem 0x000000008000fd70 0x0000000000000000
core   0: >>>>  inst_198
core   0: 0x00000000800020c0 (0x00100113) li      sp, 1
core   0: 3 0x00000000800020c0 (0x00100113) x2  0x0000000000000001
core   0: 0x00000000800020c4 (0x00c11113) slli    sp, sp, 12
core   0: 3 0x00000000800020c4 (0x00c11113) x2  0x0000000000001000
core   0: 0x00000000800020c8 (0x00220233) add     tp, tp, sp
core   0: 3 0x00000000800020c8 (0x00220233) x4  0x000000008000b190
core   0: 0x00000000800020cc (0xae023f87) fld     ft11, -1312(tp)
core   0: 3 0x00000000800020cc (0xae023f87) f31 0x7ff0000000000000 mem 0x000000008000ac70
core   0: 0x00000000800020d0 (0x40220233) sub     tp, tp, sp
core   0: 3 0x00000000800020d0 (0x40220233) x4  0x000000008000a190
core   0: 0x00000000800020d4 (0x00100113) li      sp, 1
core   0: 3 0x00000000800020d4 (0x00100113) x2  0x0000000000000001
core   0: 0x00000000800020d8 (0x00c11113) slli    sp, sp, 12
core   0: 3 0x00000000800020d8 (0x00c11113) x2  0x0000000000001000
core   0: 0x00000000800020dc (0x00220233) add     tp, tp, sp
core   0: 3 0x00000000800020dc (0x00220233) x4  0x000000008000b190
core   0: 0x00000000800020e0 (0xae823f07) fld     ft10, -1304(tp)
core   0: 3 0x00000000800020e0 (0xae823f07) f30 0x3ff0000000000000 mem 0x000000008000ac78
core   0: 0x00000000800020e4 (0x40220233) sub     tp, tp, sp
core   0: 3 0x00000000800020e4 (0x40220233) x4  0x000000008000a190
core   0: 0x00000000800020e8 (0x00000113) li      sp, 0
core   0: 3 0x00000000800020e8 (0x00000113) x2  0x0000000000000000
core   0: 0x00000000800020ec (0x00311073) csrw    fcsr, sp
core   0: 3 0x00000000800020ec (0x00311073) c1_fflags 0x0000000000000000 c2_frm 0x0000000000000000
core   0: 0x00000000800020f0 (0xa3ef9fd3) flt.d   t6, ft11, ft10
core   0: 3 0x00000000800020f0 (0xa3ef9fd3) x31 0x0000000000000000
core   0: 0x00000000800020f4 (0x003022f3) csrr    t0, fcsr
core   0: 3 0x00000000800020f4 (0x003022f3) x5  0x0000000000000000
core   0: 0x00000000800020f8 (0x2bf0b823) sd      t6, 688(ra)
core   0: 3 0x00000000800020f8 (0x2bf0b823) mem 0x000000008000fd78 0x0000000000000000
core   0: 0x00000000800020fc (0x2a50bc23) sd      t0, 696(ra)
core   0: 3 0x00000000800020fc (0x2a50bc23) mem 0x000000008000fd80 0x0000000000000000
core   0: >>>>  inst_199
core   0: 0x0000000080002100 (0x00100113) li      sp, 1
core   0: 3 0x0000000080002100 (0x00100113) x2  0x0000000000000001
core   0: 0x0000000080002104 (0x00c11113) slli    sp, sp, 12
core   0: 3 0x0000000080002104 (0x00c11113) x2  0x0000000000001000
core   0: 0x0000000080002108 (0x00220233) add     tp, tp, sp
core   0: 3 0x0000000080002108 (0x00220233) x4  0x000000008000b190
core   0: 0x000000008000210c (0xaf023f87) fld     ft11, -1296(tp)
core   0: 3 0x000000008000210c (0xaf023f87) f31 0x7ff0000000000000 mem 0x000000008000ac80
core   0: 0x0000000080002110 (0x40220233) sub     tp, tp, sp
core   0: 3 0x0000000080002110 (0x40220233) x4  0x000000008000a190
core   0: 0x0000000080002114 (0x00100113) li      sp, 1
core   0: 3 0x0000000080002114 (0x00100113) x2  0x0000000000000001
core   0: 0x0000000080002118 (0x00c11113) slli    sp, sp, 12
core   0: 3 0x0000000080002118 (0x00c11113) x2  0x0000000000001000
core   0: 0x000000008000211c (0x00220233) add     tp, tp, sp
core   0: 3 0x000000008000211c (0x00220233) x4  0x000000008000b190
core   0: 0x0000000080002120 (0xaf823f07) fld     ft10, -1288(tp)
core   0: 3 0x0000000080002120 (0xaf823f07) f30 0x7fefffffffffffff mem 0x000000008000ac88
core   0: 0x0000000080002124 (0x40220233) sub     tp, tp, sp
core   0: 3 0x0000000080002124 (0x40220233) x4  0x000000008000a190
core   0: 0x0000000080002128 (0x00000113) li      sp, 0
core   0: 3 0x0000000080002128 (0x00000113) x2  0x0000000000000000
core   0: 0x000000008000212c (0x00311073) csrw    fcsr, sp
core   0: 3 0x000000008000212c (0x00311073) c1_fflags 0x0000000000000000 c2_frm 0x0000000000000000
core   0: 0x0000000080002130 (0xa3ef9fd3) flt.d   t6, ft11, ft10
core   0: 3 0x0000000080002130 (0xa3ef9fd3) x31 0x0000000000000000
core   0: 0x0000000080002134 (0x003022f3) csrr    t0, fcsr
core   0: 3 0x0000000080002134 (0x003022f3) x5  0x0000000000000000
core   0: 0x0000000080002138 (0x2df0b023) sd      t6, 704(ra)
core   0: 3 0x0000000080002138 (0x2df0b023) mem 0x000000008000fd88 0x0000000000000000
core   0: 0x000000008000213c (0x2c50b423) sd      t0, 712(ra)
core   0: 3 0x000000008000213c (0x2c50b423) mem 0x000000008000fd90 0x0000000000000000
core   0: >>>>  inst_200
core   0: 0x0000000080002140 (0x00100113) li      sp, 1
core   0: 3 0x0000000080002140 (0x00100113) x2  0x0000000000000001
core   0: 0x0000000080002144 (0x00c11113) slli    sp, sp, 12
core   0: 3 0x0000000080002144 (0x00c11113) x2  0x0000000000001000
core   0: 0x0000000080002148 (0x00220233) add     tp, tp, sp
core   0: 3 0x0000000080002148 (0x00220233) x4  0x000000008000b190
core   0: 0x000000008000214c (0xb0023f87) fld     ft11, -1280(tp)
core   0: 3 0x000000008000214c (0xb0023f87) f31 0x7ff0000000000000 mem 0x000000008000ac90
core   0: 0x0000000080002150 (0x40220233) sub     tp, tp, sp
core   0: 3 0x0000000080002150 (0x40220233) x4  0x000000008000a190
core   0: 0x0000000080002154 (0x00100113) li      sp, 1
core   0: 3 0x0000000080002154 (0x00100113) x2  0x0000000000000001
core   0: 0x0000000080002158 (0x00c11113) slli    sp, sp, 12
core   0: 3 0x0000000080002158 (0x00c11113) x2  0x0000000000001000
core   0: 0x000000008000215c (0x00220233) add     tp, tp, sp
core   0: 3 0x000000008000215c (0x00220233) x4  0x000000008000b190
core   0: 0x0000000080002160 (0xb0823f07) fld     ft10, -1272(tp)
core   0: 3 0x0000000080002160 (0xb0823f07) f30 0x7ff0000000000000 mem 0x000000008000ac98
core   0: 0x0000000080002164 (0x40220233) sub     tp, tp, sp
core   0: 3 0x0000000080002164 (0x40220233) x4  0x000000008000a190
core   0: 0x0000000080002168 (0x00000113) li      sp, 0
core   0: 3 0x0000000080002168 (0x00000113) x2  0x0000000000000000
core   0: 0x000000008000216c (0x00311073) csrw    fcsr, sp
core   0: 3 0x000000008000216c (0x00311073) c1_fflags 0x0000000000000000 c2_frm 0x0000000000000000
core   0: 0x0000000080002170 (0xa3ef9fd3) flt.d   t6, ft11, ft10
core   0: 3 0x0000000080002170 (0xa3ef9fd3) x31 0x0000000000000000
core   0: 0x0000000080002174 (0x003022f3) csrr    t0, fcsr
core   0: 3 0x0000000080002174 (0x003022f3) x5  0x0000000000000000
core   0: 0x0000000080002178 (0x2df0b823) sd      t6, 720(ra)
core   0: 3 0x0000000080002178 (0x2df0b823) mem 0x000000008000fd98 0x0000000000000000
core   0: 0x000000008000217c (0x2c50bc23) sd      t0, 728(ra)
core   0: 3 0x000000008000217c (0x2c50bc23) mem 0x000000008000fda0 0x0000000000000000
core   0: >>>>  inst_201
core   0: 0x0000000080002180 (0x00100113) li      sp, 1
core   0: 3 0x0000000080002180 (0x00100113) x2  0x0000000000000001
core   0: 0x0000000080002184 (0x00c11113) slli    sp, sp, 12
core   0: 3 0x0000000080002184 (0x00c11113) x2  0x0000000000001000
core   0: 0x0000000080002188 (0x00220233) add     tp, tp, sp
core   0: 3 0x0000000080002188 (0x00220233) x4  0x000000008000b190
core   0: 0x000000008000218c (0xb1023f87) fld     ft11, -1264(tp)
core   0: 3 0x000000008000218c (0xb1023f87) f31 0x7ff0000000000000 mem 0x000000008000aca0
core   0: 0x0000000080002190 (0x40220233) sub     tp, tp, sp
core   0: 3 0x0000000080002190 (0x40220233) x4  0x000000008000a190
core   0: 0x0000000080002194 (0x00100113) li      sp, 1
core   0: 3 0x0000000080002194 (0x00100113) x2  0x0000000000000001
core   0: 0x0000000080002198 (0x00c11113) slli    sp, sp, 12
core   0: 3 0x0000000080002198 (0x00c11113) x2  0x0000000000001000
core   0: 0x000000008000219c (0x00220233) add     tp, tp, sp
core   0: 3 0x000000008000219c (0x00220233) x4  0x000000008000b190
core   0: 0x00000000800021a0 (0xb1823f07) fld     ft10, -1256(tp)
core   0: 3 0x00000000800021a0 (0xb1823f07) f30 0x7ff0000000000001 mem 0x000000008000aca8
core   0: 0x00000000800021a4 (0x40220233) sub     tp, tp, sp
core   0: 3 0x00000000800021a4 (0x40220233) x4  0x000000008000a190
core   0: 0x00000000800021a8 (0x00000113) li      sp, 0
core   0: 3 0x00000000800021a8 (0x00000113) x2  0x0000000000000000
core   0: 0x00000000800021ac (0x00311073) csrw    fcsr, sp
core   0: 3 0x00000000800021ac (0x00311073) c1_fflags 0x0000000000000000 c2_frm 0x0000000000000000
core   0: 0x00000000800021b0 (0xa3ef9fd3) flt.d   t6, ft11, ft10
core   0: 3 0x00000000800021b0 (0xa3ef9fd3) c1_fflags 0x0000000000000010 x31 0x0000000000000000
core   0: 0x00000000800021b4 (0x003022f3) csrr    t0, fcsr
core   0: 3 0x00000000800021b4 (0x003022f3) x5  0x0000000000000010
core   0: 0x00000000800021b8 (0x2ff0b023) sd      t6, 736(ra)
core   0: 3 0x00000000800021b8 (0x2ff0b023) mem 0x000000008000fda8 0x0000000000000000
core   0: 0x00000000800021bc (0x2e50b423) sd      t0, 744(ra)
core   0: 3 0x00000000800021bc (0x2e50b423) mem 0x000000008000fdb0 0x0000000000000010
core   0: >>>>  inst_202
core   0: 0x00000000800021c0 (0x00100113) li      sp, 1
core   0: 3 0x00000000800021c0 (0x00100113) x2  0x0000000000000001
core   0: 0x00000000800021c4 (0x00c11113) slli    sp, sp, 12
core   0: 3 0x00000000800021c4 (0x00c11113) x2  0x0000000000001000
core   0: 0x00000000800021c8 (0x00220233) add     tp, tp, sp
core   0: 3 0x00000000800021c8 (0x00220233) x4  0x000000008000b190
core   0: 0x00000000800021cc (0xb2023f87) fld     ft11, -1248(tp)
core   0: 3 0x00000000800021cc (0xb2023f87) f31 0x7ff0000000000000 mem 0x000000008000acb0
core   0: 0x00000000800021d0 (0x40220233) sub     tp, tp, sp
core   0: 3 0x00000000800021d0 (0x40220233) x4  0x000000008000a190
core   0: 0x00000000800021d4 (0x00100113) li      sp, 1
core   0: 3 0x00000000800021d4 (0x00100113) x2  0x0000000000000001
core   0: 0x00000000800021d8 (0x00c11113) slli    sp, sp, 12
core   0: 3 0x00000000800021d8 (0x00c11113) x2  0x0000000000001000
core   0: 0x00000000800021dc (0x00220233) add     tp, tp, sp
core   0: 3 0x00000000800021dc (0x00220233) x4  0x000000008000b190
core   0: 0x00000000800021e0 (0xb2823f07) fld     ft10, -1240(tp)
core   0: 3 0x00000000800021e0 (0xb2823f07) f30 0x7ff8000000000000 mem 0x000000008000acb8
core   0: 0x00000000800021e4 (0x40220233) sub     tp, tp, sp
core   0: 3 0x00000000800021e4 (0x40220233) x4  0x000000008000a190
core   0: 0x00000000800021e8 (0x00000113) li      sp, 0
core   0: 3 0x00000000800021e8 (0x00000113) x2  0x0000000000000000
core   0: 0x00000000800021ec (0x00311073) csrw    fcsr, sp
core   0: 3 0x00000000800021ec (0x00311073) c1_fflags 0x0000000000000000 c2_frm 0x0000000000000000
core   0: 0x00000000800021f0 (0xa3ef9fd3) flt.d   t6, ft11, ft10
core   0: 3 0x00000000800021f0 (0xa3ef9fd3) c1_fflags 0x0000000000000010 x31 0x0000000000000000
core   0: 0x00000000800021f4 (0x003022f3) csrr    t0, fcsr
core   0: 3 0x00000000800021f4 (0x003022f3) x5  0x0000000000000010
core   0: 0x00000000800021f8 (0x2ff0b823) sd      t6, 752(ra)
core   0: 3 0x00000000800021f8 (0x2ff0b823) mem 0x000000008000fdb8 0x0000000000000000
core   0: 0x00000000800021fc (0x2e50bc23) sd      t0, 760(ra)
core   0: 3 0x00000000800021fc (0x2e50bc23) mem 0x000000008000fdc0 0x0000000000000010
core   0: >>>>  inst_203
core   0: 0x0000000080002200 (0x00100113) li      sp, 1
core   0: 3 0x0000000080002200 (0x00100113) x2  0x0000000000000001
core   0: 0x0000000080002204 (0x00c11113) slli    sp, sp, 12
core   0: 3 0x0000000080002204 (0x00c11113) x2  0x0000000000001000
core   0: 0x0000000080002208 (0x00220233) add     tp, tp, sp
core   0: 3 0x0000000080002208 (0x00220233) x4  0x000000008000b190
core   0: 0x000000008000220c (0xb3023f87) fld     ft11, -1232(tp)
core   0: 3 0x000000008000220c (0xb3023f87) f31 0x7ff0000000000000 mem 0x000000008000acc0
core   0: 0x0000000080002210 (0x40220233) sub     tp, tp, sp
core   0: 3 0x0000000080002210 (0x40220233) x4  0x000000008000a190
core   0: 0x0000000080002214 (0x00100113) li      sp, 1
core   0: 3 0x0000000080002214 (0x00100113) x2  0x0000000000000001
core   0: 0x0000000080002218 (0x00c11113) slli    sp, sp, 12
core   0: 3 0x0000000080002218 (0x00c11113) x2  0x0000000000001000
core   0: 0x000000008000221c (0x00220233) add     tp, tp, sp
core   0: 3 0x000000008000221c (0x00220233) x4  0x000000008000b190
core   0: 0x0000000080002220 (0xb3823f07) fld     ft10, -1224(tp)
core   0: 3 0x0000000080002220 (0xb3823f07) f30 0x7ff8000000000001 mem 0x000000008000acc8
core   0: 0x0000000080002224 (0x40220233) sub     tp, tp, sp
core   0: 3 0x0000000080002224 (0x40220233) x4  0x000000008000a190
core   0: 0x0000000080002228 (0x00000113) li      sp, 0
core   0: 3 0x0000000080002228 (0x00000113) x2  0x0000000000000000
core   0: 0x000000008000222c (0x00311073) csrw    fcsr, sp
core   0: 3 0x000000008000222c (0x00311073) c1_fflags 0x0000000000000000 c2_frm 0x0000000000000000
core   0: 0x0000000080002230 (0xa3ef9fd3) flt.d   t6, ft11, ft10
core   0: 3 0x0000000080002230 (0xa3ef9fd3) c1_fflags 0x0000000000000010 x31 0x0000000000000000
core   0: 0x0000000080002234 (0x003022f3) csrr    t0, fcsr
core   0: 3 0x0000000080002234 (0x003022f3) x5  0x0000000000000010
core   0: 0x0000000080002238 (0x31f0b023) sd      t6, 768(ra)
core   0: 3 0x0000000080002238 (0x31f0b023) mem 0x000000008000fdc8 0x0000000000000000
core   0: 0x000000008000223c (0x3050b423) sd      t0, 776(ra)
core   0: 3 0x000000008000223c (0x3050b423) mem 0x000000008000fdd0 0x0000000000000010
core   0: >>>>  inst_204
core   0: 0x0000000080002240 (0x00100113) li      sp, 1
core   0: 3 0x0000000080002240 (0x00100113) x2  0x0000000000000001
core   0: 0x0000000080002244 (0x00c11113) slli    sp, sp, 12
core   0: 3 0x0000000080002244 (0x00c11113) x2  0x0000000000001000
core   0: 0x0000000080002248 (0x00220233) add     tp, tp, sp
core   0: 3 0x0000000080002248 (0x00220233) x4  0x000000008000b190
core   0: 0x000000008000224c (0xb4023f87) fld     ft11, -1216(tp)
core   0: 3 0x000000008000224c (0xb4023f87) f31 0x7ff0000000000000 mem 0x000000008000acd0
core   0: 0x0000000080002250 (0x40220233) sub     tp, tp, sp
core   0: 3 0x0000000080002250 (0x40220233) x4  0x000000008000a190
core   0: 0x0000000080002254 (0x00100113) li      sp, 1
core   0: 3 0x0000000080002254 (0x00100113) x2  0x0000000000000001
core   0: 0x0000000080002258 (0x00c11113) slli    sp, sp, 12
core   0: 3 0x0000000080002258 (0x00c11113) x2  0x0000000000001000
core   0: 0x000000008000225c (0x00220233) add     tp, tp, sp
core   0: 3 0x000000008000225c (0x00220233) x4  0x000000008000b190
core   0: 0x0000000080002260 (0xb4823f07) fld     ft10, -1208(tp)
core   0: 3 0x0000000080002260 (0xb4823f07) f30 0x8000000000000000 mem 0x000000008000acd8
core   0: 0x0000000080002264 (0x40220233) sub     tp, tp, sp
core   0: 3 0x0000000080002264 (0x40220233) x4  0x000000008000a190
core   0: 0x0000000080002268 (0x00000113) li      sp, 0
core   0: 3 0x0000000080002268 (0x00000113) x2  0x0000000000000000
core   0: 0x000000008000226c (0x00311073) csrw    fcsr, sp
core   0: 3 0x000000008000226c (0x00311073) c1_fflags 0x0000000000000000 c2_frm 0x0000000000000000
core   0: 0x0000000080002270 (0xa3ef9fd3) flt.d   t6, ft11, ft10
core   0: 3 0x0000000080002270 (0xa3ef9fd3) x31 0x0000000000000000
core   0: 0x0000000080002274 (0x003022f3) csrr    t0, fcsr
core   0: 3 0x0000000080002274 (0x003022f3) x5  0x0000000000000000
core   0: 0x0000000080002278 (0x31f0b823) sd      t6, 784(ra)
core   0: 3 0x0000000080002278 (0x31f0b823) mem 0x000000008000fdd8 0x0000000000000000
core   0: 0x000000008000227c (0x3050bc23) sd      t0, 792(ra)
core   0: 3 0x000000008000227c (0x3050bc23) mem 0x000000008000fde0 0x0000000000000000
core   0: >>>>  inst_205
core   0: 0x0000000080002280 (0x00100113) li      sp, 1
core   0: 3 0x0000000080002280 (0x00100113) x2  0x0000000000000001
core   0: 0x0000000080002284 (0x00c11113) slli    sp, sp, 12
core   0: 3 0x0000000080002284 (0x00c11113) x2  0x0000000000001000
core   0: 0x0000000080002288 (0x00220233) add     tp, tp, sp
core   0: 3 0x0000000080002288 (0x00220233) x4  0x000000008000b190
core   0: 0x000000008000228c (0xb5023f87) fld     ft11, -1200(tp)
core   0: 3 0x000000008000228c (0xb5023f87) f31 0x7ff0000000000000 mem 0x000000008000ace0
core   0: 0x0000000080002290 (0x40220233) sub     tp, tp, sp
core   0: 3 0x0000000080002290 (0x40220233) x4  0x000000008000a190
core   0: 0x0000000080002294 (0x00100113) li      sp, 1
core   0: 3 0x0000000080002294 (0x00100113) x2  0x0000000000000001
core   0: 0x0000000080002298 (0x00c11113) slli    sp, sp, 12
core   0: 3 0x0000000080002298 (0x00c11113) x2  0x0000000000001000
core   0: 0x000000008000229c (0x00220233) add     tp, tp, sp
core   0: 3 0x000000008000229c (0x00220233) x4  0x000000008000b190
core   0: 0x00000000800022a0 (0xb5823f07) fld     ft10, -1192(tp)
core   0: 3 0x00000000800022a0 (0xb5823f07) f30 0x8000000000000001 mem 0x000000008000ace8
core   0: 0x00000000800022a4 (0x40220233) sub     tp, tp, sp
core   0: 3 0x00000000800022a4 (0x40220233) x4  0x000000008000a190
core   0: 0x00000000800022a8 (0x00000113) li      sp, 0
core   0: 3 0x00000000800022a8 (0x00000113) x2  0x0000000000000000
core   0: 0x00000000800022ac (0x00311073) csrw    fcsr, sp
core   0: 3 0x00000000800022ac (0x00311073) c1_fflags 0x0000000000000000 c2_frm 0x0000000000000000
core   0: 0x00000000800022b0 (0xa3ef9fd3) flt.d   t6, ft11, ft10
core   0: 3 0x00000000800022b0 (0xa3ef9fd3) x31 0x0000000000000000
core   0: 0x00000000800022b4 (0x003022f3) csrr    t0, fcsr
core   0: 3 0x00000000800022b4 (0x003022f3) x5  0x0000000000000000
core   0: 0x00000000800022b8 (0x33f0b023) sd      t6, 800(ra)
core   0: 3 0x00000000800022b8 (0x33f0b023) mem 0x000000008000fde8 0x0000000000000000
core   0: 0x00000000800022bc (0x3250b423) sd      t0, 808(ra)
core   0: 3 0x00000000800022bc (0x3250b423) mem 0x000000008000fdf0 0x0000000000000000
core   0: >>>>  inst_206
core   0: 0x00000000800022c0 (0x00100113) li      sp, 1
core   0: 3 0x00000000800022c0 (0x00100113) x2  0x0000000000000001
core   0: 0x00000000800022c4 (0x00c11113) slli    sp, sp, 12
core   0: 3 0x00000000800022c4 (0x00c11113) x2  0x0000000000001000
core   0: 0x00000000800022c8 (0x00220233) add     tp, tp, sp
core   0: 3 0x00000000800022c8 (0x00220233) x4  0x000000008000b190
core   0: 0x00000000800022cc (0xb6023f87) fld     ft11, -1184(tp)
core   0: 3 0x00000000800022cc (0xb6023f87) f31 0x7ff0000000000000 mem 0x000000008000acf0
core   0: 0x00000000800022d0 (0x40220233) sub     tp, tp, sp
core   0: 3 0x00000000800022d0 (0x40220233) x4  0x000000008000a190
core   0: 0x00000000800022d4 (0x00100113) li      sp, 1
core   0: 3 0x00000000800022d4 (0x00100113) x2  0x0000000000000001
core   0: 0x00000000800022d8 (0x00c11113) slli    sp, sp, 12
core   0: 3 0x00000000800022d8 (0x00c11113) x2  0x0000000000001000
core   0: 0x00000000800022dc (0x00220233) add     tp, tp, sp
core   0: 3 0x00000000800022dc (0x00220233) x4  0x000000008000b190
core   0: 0x00000000800022e0 (0xb6823f07) fld     ft10, -1176(tp)
core   0: 3 0x00000000800022e0 (0xb6823f07) f30 0x8000000000000002 mem 0x000000008000acf8
core   0: 0x00000000800022e4 (0x40220233) sub     tp, tp, sp
core   0: 3 0x00000000800022e4 (0x40220233) x4  0x000000008000a190
core   0: 0x00000000800022e8 (0x00000113) li      sp, 0
core   0: 3 0x00000000800022e8 (0x00000113) x2  0x0000000000000000
core   0: 0x00000000800022ec (0x00311073) csrw    fcsr, sp
core   0: 3 0x00000000800022ec (0x00311073) c1_fflags 0x0000000000000000 c2_frm 0x0000000000000000
core   0: 0x00000000800022f0 (0xa3ef9fd3) flt.d   t6, ft11, ft10
core   0: 3 0x00000000800022f0 (0xa3ef9fd3) x31 0x0000000000000000
core   0: 0x00000000800022f4 (0x003022f3) csrr    t0, fcsr
core   0: 3 0x00000000800022f4 (0x003022f3) x5  0x0000000000000000
core   0: 0x00000000800022f8 (0x33f0b823) sd      t6, 816(ra)
core   0: 3 0x00000000800022f8 (0x33f0b823) mem 0x000000008000fdf8 0x0000000000000000
core   0: 0x00000000800022fc (0x3250bc23) sd      t0, 824(ra)
core   0: 3 0x00000000800022fc (0x3250bc23) mem 0x000000008000fe00 0x0000000000000000
core   0: >>>>  inst_207
core   0: 0x0000000080002300 (0x00100113) li      sp, 1
core   0: 3 0x0000000080002300 (0x00100113) x2  0x0000000000000001
core   0: 0x0000000080002304 (0x00c11113) slli    sp, sp, 12
core   0: 3 0x0000000080002304 (0x00c11113) x2  0x0000000000001000
core   0: 0x0000000080002308 (0x00220233) add     tp, tp, sp
core   0: 3 0x0000000080002308 (0x00220233) x4  0x000000008000b190
core   0: 0x000000008000230c (0xb7023f87) fld     ft11, -1168(tp)
core   0: 3 0x000000008000230c (0xb7023f87) f31 0x7ff0000000000000 mem 0x000000008000ad00
core   0: 0x0000000080002310 (0x40220233) sub     tp, tp, sp
core   0: 3 0x0000000080002310 (0x40220233) x4  0x000000008000a190
core   0: 0x0000000080002314 (0x00100113) li      sp, 1
core   0: 3 0x0000000080002314 (0x00100113) x2  0x0000000000000001
core   0: 0x0000000080002318 (0x00c11113) slli    sp, sp, 12
core   0: 3 0x0000000080002318 (0x00c11113) x2  0x0000000000001000
core   0: 0x000000008000231c (0x00220233) add     tp, tp, sp
core   0: 3 0x000000008000231c (0x00220233) x4  0x000000008000b190
core   0: 0x0000000080002320 (0xb7823f07) fld     ft10, -1160(tp)
core   0: 3 0x0000000080002320 (0xb7823f07) f30 0x800fffffffffffff mem 0x000000008000ad08
core   0: 0x0000000080002324 (0x40220233) sub     tp, tp, sp
core   0: 3 0x0000000080002324 (0x40220233) x4  0x000000008000a190
core   0: 0x0000000080002328 (0x00000113) li      sp, 0
core   0: 3 0x0000000080002328 (0x00000113) x2  0x0000000000000000
core   0: 0x000000008000232c (0x00311073) csrw    fcsr, sp
core   0: 3 0x000000008000232c (0x00311073) c1_fflags 0x0000000000000000 c2_frm 0x0000000000000000
core   0: 0x0000000080002330 (0xa3ef9fd3) flt.d   t6, ft11, ft10
core   0: 3 0x0000000080002330 (0xa3ef9fd3) x31 0x0000000000000000
core   0: 0x0000000080002334 (0x003022f3) csrr    t0, fcsr
core   0: 3 0x0000000080002334 (0x003022f3) x5  0x0000000000000000
core   0: 0x0000000080002338 (0x35f0b023) sd      t6, 832(ra)
core   0: 3 0x0000000080002338 (0x35f0b023) mem 0x000000008000fe08 0x0000000000000000
core   0: 0x000000008000233c (0x3450b423) sd      t0, 840(ra)
core   0: 3 0x000000008000233c (0x3450b423) mem 0x000000008000fe10 0x0000000000000000
core   0: >>>>  inst_208
core   0: 0x0000000080002340 (0x00100113) li      sp, 1
core   0: 3 0x0000000080002340 (0x00100113) x2  0x0000000000000001
core   0: 0x0000000080002344 (0x00c11113) slli    sp, sp, 12
core   0: 3 0x0000000080002344 (0x00c11113) x2  0x0000000000001000
core   0: 0x0000000080002348 (0x00220233) add     tp, tp, sp
core   0: 3 0x0000000080002348 (0x00220233) x4  0x000000008000b190
core   0: 0x000000008000234c (0xb8023f87) fld     ft11, -1152(tp)
core   0: 3 0x000000008000234c (0xb8023f87) f31 0x7ff0000000000000 mem 0x000000008000ad10
core   0: 0x0000000080002350 (0x40220233) sub     tp, tp, sp
core   0: 3 0x0000000080002350 (0x40220233) x4  0x000000008000a190
core   0: 0x0000000080002354 (0x00100113) li      sp, 1
core   0: 3 0x0000000080002354 (0x00100113) x2  0x0000000000000001
core   0: 0x0000000080002358 (0x00c11113) slli    sp, sp, 12
core   0: 3 0x0000000080002358 (0x00c11113) x2  0x0000000000001000
core   0: 0x000000008000235c (0x00220233) add     tp, tp, sp
core   0: 3 0x000000008000235c (0x00220233) x4  0x000000008000b190
core   0: 0x0000000080002360 (0xb8823f07) fld     ft10, -1144(tp)
core   0: 3 0x0000000080002360 (0xb8823f07) f30 0x8010000000000000 mem 0x000000008000ad18
core   0: 0x0000000080002364 (0x40220233) sub     tp, tp, sp
core   0: 3 0x0000000080002364 (0x40220233) x4  0x000000008000a190
core   0: 0x0000000080002368 (0x00000113) li      sp, 0
core   0: 3 0x0000000080002368 (0x00000113) x2  0x0000000000000000
core   0: 0x000000008000236c (0x00311073) csrw    fcsr, sp
core   0: 3 0x000000008000236c (0x00311073) c1_fflags 0x0000000000000000 c2_frm 0x0000000000000000
core   0: 0x0000000080002370 (0xa3ef9fd3) flt.d   t6, ft11, ft10
core   0: 3 0x0000000080002370 (0xa3ef9fd3) x31 0x0000000000000000
core   0: 0x0000000080002374 (0x003022f3) csrr    t0, fcsr
core   0: 3 0x0000000080002374 (0x003022f3) x5  0x0000000000000000
core   0: 0x0000000080002378 (0x35f0b823) sd      t6, 848(ra)
core   0: 3 0x0000000080002378 (0x35f0b823) mem 0x000000008000fe18 0x0000000000000000
core   0: 0x000000008000237c (0x3450bc23) sd      t0, 856(ra)
core   0: 3 0x000000008000237c (0x3450bc23) mem 0x000000008000fe20 0x0000000000000000
core   0: >>>>  inst_209
core   0: 0x0000000080002380 (0x00100113) li      sp, 1
core   0: 3 0x0000000080002380 (0x00100113) x2  0x0000000000000001
core   0: 0x0000000080002384 (0x00c11113) slli    sp, sp, 12
core   0: 3 0x0000000080002384 (0x00c11113) x2  0x0000000000001000
core   0: 0x0000000080002388 (0x00220233) add     tp, tp, sp
core   0: 3 0x0000000080002388 (0x00220233) x4  0x000000008000b190
core   0: 0x000000008000238c (0xb9023f87) fld     ft11, -1136(tp)
core   0: 3 0x000000008000238c (0xb9023f87) f31 0x7ff0000000000000 mem 0x000000008000ad20
core   0: 0x0000000080002390 (0x40220233) sub     tp, tp, sp
core   0: 3 0x0000000080002390 (0x40220233) x4  0x000000008000a190
core   0: 0x0000000080002394 (0x00100113) li      sp, 1
core   0: 3 0x0000000080002394 (0x00100113) x2  0x0000000000000001
core   0: 0x0000000080002398 (0x00c11113) slli    sp, sp, 12
core   0: 3 0x0000000080002398 (0x00c11113) x2  0x0000000000001000
core   0: 0x000000008000239c (0x00220233) add     tp, tp, sp
core   0: 3 0x000000008000239c (0x00220233) x4  0x000000008000b190
core   0: 0x00000000800023a0 (0xb9823f07) fld     ft10, -1128(tp)
core   0: 3 0x00000000800023a0 (0xb9823f07) f30 0x8010000000000002 mem 0x000000008000ad28
core   0: 0x00000000800023a4 (0x40220233) sub     tp, tp, sp
core   0: 3 0x00000000800023a4 (0x40220233) x4  0x000000008000a190
core   0: 0x00000000800023a8 (0x00000113) li      sp, 0
core   0: 3 0x00000000800023a8 (0x00000113) x2  0x0000000000000000
core   0: 0x00000000800023ac (0x00311073) csrw    fcsr, sp
core   0: 3 0x00000000800023ac (0x00311073) c1_fflags 0x0000000000000000 c2_frm 0x0000000000000000
core   0: 0x00000000800023b0 (0xa3ef9fd3) flt.d   t6, ft11, ft10
core   0: 3 0x00000000800023b0 (0xa3ef9fd3) x31 0x0000000000000000
core   0: 0x00000000800023b4 (0x003022f3) csrr    t0, fcsr
core   0: 3 0x00000000800023b4 (0x003022f3) x5  0x0000000000000000
core   0: 0x00000000800023b8 (0x37f0b023) sd      t6, 864(ra)
core   0: 3 0x00000000800023b8 (0x37f0b023) mem 0x000000008000fe28 0x0000000000000000
core   0: 0x00000000800023bc (0x3650b423) sd      t0, 872(ra)
core   0: 3 0x00000000800023bc (0x3650b423) mem 0x000000008000fe30 0x0000000000000000
core   0: >>>>  inst_210
core   0: 0x00000000800023c0 (0x00100113) li      sp, 1
core   0: 3 0x00000000800023c0 (0x00100113) x2  0x0000000000000001
core   0: 0x00000000800023c4 (0x00c11113) slli    sp, sp, 12
core   0: 3 0x00000000800023c4 (0x00c11113) x2  0x0000000000001000
core   0: 0x00000000800023c8 (0x00220233) add     tp, tp, sp
core   0: 3 0x00000000800023c8 (0x00220233) x4  0x000000008000b190
core   0: 0x00000000800023cc (0xba023f87) fld     ft11, -1120(tp)
core   0: 3 0x00000000800023cc (0xba023f87) f31 0x7ff0000000000000 mem 0x000000008000ad30
core   0: 0x00000000800023d0 (0x40220233) sub     tp, tp, sp
core   0: 3 0x00000000800023d0 (0x40220233) x4  0x000000008000a190
core   0: 0x00000000800023d4 (0x00100113) li      sp, 1
core   0: 3 0x00000000800023d4 (0x00100113) x2  0x0000000000000001
core   0: 0x00000000800023d8 (0x00c11113) slli    sp, sp, 12
core   0: 3 0x00000000800023d8 (0x00c11113) x2  0x0000000000001000
core   0: 0x00000000800023dc (0x00220233) add     tp, tp, sp
core   0: 3 0x00000000800023dc (0x00220233) x4  0x000000008000b190
core   0: 0x00000000800023e0 (0xba823f07) fld     ft10, -1112(tp)
core   0: 3 0x00000000800023e0 (0xba823f07) f30 0xbf80000000000000 mem 0x000000008000ad38
core   0: 0x00000000800023e4 (0x40220233) sub     tp, tp, sp
core   0: 3 0x00000000800023e4 (0x40220233) x4  0x000000008000a190
core   0: 0x00000000800023e8 (0x00000113) li      sp, 0
core   0: 3 0x00000000800023e8 (0x00000113) x2  0x0000000000000000
core   0: 0x00000000800023ec (0x00311073) csrw    fcsr, sp
core   0: 3 0x00000000800023ec (0x00311073) c1_fflags 0x0000000000000000 c2_frm 0x0000000000000000
core   0: 0x00000000800023f0 (0xa3ef9fd3) flt.d   t6, ft11, ft10
core   0: 3 0x00000000800023f0 (0xa3ef9fd3) x31 0x0000000000000000
core   0: 0x00000000800023f4 (0x003022f3) csrr    t0, fcsr
core   0: 3 0x00000000800023f4 (0x003022f3) x5  0x0000000000000000
core   0: 0x00000000800023f8 (0x37f0b823) sd      t6, 880(ra)
core   0: 3 0x00000000800023f8 (0x37f0b823) mem 0x000000008000fe38 0x0000000000000000
core   0: 0x00000000800023fc (0x3650bc23) sd      t0, 888(ra)
core   0: 3 0x00000000800023fc (0x3650bc23) mem 0x000000008000fe40 0x0000000000000000
core   0: >>>>  inst_211
core   0: 0x0000000080002400 (0x00100113) li      sp, 1
core   0: 3 0x0000000080002400 (0x00100113) x2  0x0000000000000001
core   0: 0x0000000080002404 (0x00c11113) slli    sp, sp, 12
core   0: 3 0x0000000080002404 (0x00c11113) x2  0x0000000000001000
core   0: 0x0000000080002408 (0x00220233) add     tp, tp, sp
core   0: 3 0x0000000080002408 (0x00220233) x4  0x000000008000b190
core   0: 0x000000008000240c (0xbb023f87) fld     ft11, -1104(tp)
core   0: 3 0x000000008000240c (0xbb023f87) f31 0x7ff0000000000000 mem 0x000000008000ad40
core   0: 0x0000000080002410 (0x40220233) sub     tp, tp, sp
core   0: 3 0x0000000080002410 (0x40220233) x4  0x000000008000a190
core   0: 0x0000000080002414 (0x00100113) li      sp, 1
core   0: 3 0x0000000080002414 (0x00100113) x2  0x0000000000000001
core   0: 0x0000000080002418 (0x00c11113) slli    sp, sp, 12
core   0: 3 0x0000000080002418 (0x00c11113) x2  0x0000000000001000
core   0: 0x000000008000241c (0x00220233) add     tp, tp, sp
core   0: 3 0x000000008000241c (0x00220233) x4  0x000000008000b190
core   0: 0x0000000080002420 (0xbb823f07) fld     ft10, -1096(tp)
core   0: 3 0x0000000080002420 (0xbb823f07) f30 0xffefffffffffffff mem 0x000000008000ad48
core   0: 0x0000000080002424 (0x40220233) sub     tp, tp, sp
core   0: 3 0x0000000080002424 (0x40220233) x4  0x000000008000a190
core   0: 0x0000000080002428 (0x00000113) li      sp, 0
core   0: 3 0x0000000080002428 (0x00000113) x2  0x0000000000000000
core   0: 0x000000008000242c (0x00311073) csrw    fcsr, sp
core   0: 3 0x000000008000242c (0x00311073) c1_fflags 0x0000000000000000 c2_frm 0x0000000000000000
core   0: 0x0000000080002430 (0xa3ef9fd3) flt.d   t6, ft11, ft10
core   0: 3 0x0000000080002430 (0xa3ef9fd3) x31 0x0000000000000000
core   0: 0x0000000080002434 (0x003022f3) csrr    t0, fcsr
core   0: 3 0x0000000080002434 (0x003022f3) x5  0x0000000000000000
core   0: 0x0000000080002438 (0x39f0b023) sd      t6, 896(ra)
core   0: 3 0x0000000080002438 (0x39f0b023) mem 0x000000008000fe48 0x0000000000000000
core   0: 0x000000008000243c (0x3850b423) sd      t0, 904(ra)
core   0: 3 0x000000008000243c (0x3850b423) mem 0x000000008000fe50 0x0000000000000000
core   0: >>>>  inst_212
core   0: 0x0000000080002440 (0x00100113) li      sp, 1
core   0: 3 0x0000000080002440 (0x00100113) x2  0x0000000000000001
core   0: 0x0000000080002444 (0x00c11113) slli    sp, sp, 12
core   0: 3 0x0000000080002444 (0x00c11113) x2  0x0000000000001000
core   0: 0x0000000080002448 (0x00220233) add     tp, tp, sp
core   0: 3 0x0000000080002448 (0x00220233) x4  0x000000008000b190
core   0: 0x000000008000244c (0xbc023f87) fld     ft11, -1088(tp)
core   0: 3 0x000000008000244c (0xbc023f87) f31 0x7ff0000000000000 mem 0x000000008000ad50
core   0: 0x0000000080002450 (0x40220233) sub     tp, tp, sp
core   0: 3 0x0000000080002450 (0x40220233) x4  0x000000008000a190
core   0: 0x0000000080002454 (0x00100113) li      sp, 1
core   0: 3 0x0000000080002454 (0x00100113) x2  0x0000000000000001
core   0: 0x0000000080002458 (0x00c11113) slli    sp, sp, 12
core   0: 3 0x0000000080002458 (0x00c11113) x2  0x0000000000001000
core   0: 0x000000008000245c (0x00220233) add     tp, tp, sp
core   0: 3 0x000000008000245c (0x00220233) x4  0x000000008000b190
core   0: 0x0000000080002460 (0xbc823f07) fld     ft10, -1080(tp)
core   0: 3 0x0000000080002460 (0xbc823f07) f30 0xfff0000000000000 mem 0x000000008000ad58
core   0: 0x0000000080002464 (0x40220233) sub     tp, tp, sp
core   0: 3 0x0000000080002464 (0x40220233) x4  0x000000008000a190
core   0: 0x0000000080002468 (0x00000113) li      sp, 0
core   0: 3 0x0000000080002468 (0x00000113) x2  0x0000000000000000
core   0: 0x000000008000246c (0x00311073) csrw    fcsr, sp
core   0: 3 0x000000008000246c (0x00311073) c1_fflags 0x0000000000000000 c2_frm 0x0000000000000000
core   0: 0x0000000080002470 (0xa3ef9fd3) flt.d   t6, ft11, ft10
core   0: 3 0x0000000080002470 (0xa3ef9fd3) x31 0x0000000000000000
core   0: 0x0000000080002474 (0x003022f3) csrr    t0, fcsr
core   0: 3 0x0000000080002474 (0x003022f3) x5  0x0000000000000000
core   0: 0x0000000080002478 (0x39f0b823) sd      t6, 912(ra)
core   0: 3 0x0000000080002478 (0x39f0b823) mem 0x000000008000fe58 0x0000000000000000
core   0: 0x000000008000247c (0x3850bc23) sd      t0, 920(ra)
core   0: 3 0x000000008000247c (0x3850bc23) mem 0x000000008000fe60 0x0000000000000000
core   0: >>>>  inst_213
core   0: 0x0000000080002480 (0x00100113) li      sp, 1
core   0: 3 0x0000000080002480 (0x00100113) x2  0x0000000000000001
core   0: 0x0000000080002484 (0x00c11113) slli    sp, sp, 12
core   0: 3 0x0000000080002484 (0x00c11113) x2  0x0000000000001000
core   0: 0x0000000080002488 (0x00220233) add     tp, tp, sp
core   0: 3 0x0000000080002488 (0x00220233) x4  0x000000008000b190
core   0: 0x000000008000248c (0xbd023f87) fld     ft11, -1072(tp)
core   0: 3 0x000000008000248c (0xbd023f87) f31 0x7ff0000000000000 mem 0x000000008000ad60
core   0: 0x0000000080002490 (0x40220233) sub     tp, tp, sp
core   0: 3 0x0000000080002490 (0x40220233) x4  0x000000008000a190
core   0: 0x0000000080002494 (0x00100113) li      sp, 1
core   0: 3 0x0000000080002494 (0x00100113) x2  0x0000000000000001
core   0: 0x0000000080002498 (0x00c11113) slli    sp, sp, 12
core   0: 3 0x0000000080002498 (0x00c11113) x2  0x0000000000001000
core   0: 0x000000008000249c (0x00220233) add     tp, tp, sp
core   0: 3 0x000000008000249c (0x00220233) x4  0x000000008000b190
core   0: 0x00000000800024a0 (0xbd823f07) fld     ft10, -1064(tp)
core   0: 3 0x00000000800024a0 (0xbd823f07) f30 0xfff0000000000001 mem 0x000000008000ad68
core   0: 0x00000000800024a4 (0x40220233) sub     tp, tp, sp
core   0: 3 0x00000000800024a4 (0x40220233) x4  0x000000008000a190
core   0: 0x00000000800024a8 (0x00000113) li      sp, 0
core   0: 3 0x00000000800024a8 (0x00000113) x2  0x0000000000000000
core   0: 0x00000000800024ac (0x00311073) csrw    fcsr, sp
core   0: 3 0x00000000800024ac (0x00311073) c1_fflags 0x0000000000000000 c2_frm 0x0000000000000000
core   0: 0x00000000800024b0 (0xa3ef9fd3) flt.d   t6, ft11, ft10
core   0: 3 0x00000000800024b0 (0xa3ef9fd3) c1_fflags 0x0000000000000010 x31 0x0000000000000000
core   0: 0x00000000800024b4 (0x003022f3) csrr    t0, fcsr
core   0: 3 0x00000000800024b4 (0x003022f3) x5  0x0000000000000010
core   0: 0x00000000800024b8 (0x3bf0b023) sd      t6, 928(ra)
core   0: 3 0x00000000800024b8 (0x3bf0b023) mem 0x000000008000fe68 0x0000000000000000
core   0: 0x00000000800024bc (0x3a50b423) sd      t0, 936(ra)
core   0: 3 0x00000000800024bc (0x3a50b423) mem 0x000000008000fe70 0x0000000000000010
core   0: >>>>  inst_214
core   0: 0x00000000800024c0 (0x00100113) li      sp, 1
core   0: 3 0x00000000800024c0 (0x00100113) x2  0x0000000000000001
core   0: 0x00000000800024c4 (0x00c11113) slli    sp, sp, 12
core   0: 3 0x00000000800024c4 (0x00c11113) x2  0x0000000000001000
core   0: 0x00000000800024c8 (0x00220233) add     tp, tp, sp
core   0: 3 0x00000000800024c8 (0x00220233) x4  0x000000008000b190
core   0: 0x00000000800024cc (0xbe023f87) fld     ft11, -1056(tp)
core   0: 3 0x00000000800024cc (0xbe023f87) f31 0x7ff0000000000000 mem 0x000000008000ad70
core   0: 0x00000000800024d0 (0x40220233) sub     tp, tp, sp
core   0: 3 0x00000000800024d0 (0x40220233) x4  0x000000008000a190
core   0: 0x00000000800024d4 (0x00100113) li      sp, 1
core   0: 3 0x00000000800024d4 (0x00100113) x2  0x0000000000000001
core   0: 0x00000000800024d8 (0x00c11113) slli    sp, sp, 12
core   0: 3 0x00000000800024d8 (0x00c11113) x2  0x0000000000001000
core   0: 0x00000000800024dc (0x00220233) add     tp, tp, sp
core   0: 3 0x00000000800024dc (0x00220233) x4  0x000000008000b190
core   0: 0x00000000800024e0 (0xbe823f07) fld     ft10, -1048(tp)
core   0: 3 0x00000000800024e0 (0xbe823f07) f30 0xfff8000000000000 mem 0x000000008000ad78
core   0: 0x00000000800024e4 (0x40220233) sub     tp, tp, sp
core   0: 3 0x00000000800024e4 (0x40220233) x4  0x000000008000a190
core   0: 0x00000000800024e8 (0x00000113) li      sp, 0
core   0: 3 0x00000000800024e8 (0x00000113) x2  0x0000000000000000
core   0: 0x00000000800024ec (0x00311073) csrw    fcsr, sp
core   0: 3 0x00000000800024ec (0x00311073) c1_fflags 0x0000000000000000 c2_frm 0x0000000000000000
core   0: 0x00000000800024f0 (0xa3ef9fd3) flt.d   t6, ft11, ft10
core   0: 3 0x00000000800024f0 (0xa3ef9fd3) c1_fflags 0x0000000000000010 x31 0x0000000000000000
core   0: 0x00000000800024f4 (0x003022f3) csrr    t0, fcsr
core   0: 3 0x00000000800024f4 (0x003022f3) x5  0x0000000000000010
core   0: 0x00000000800024f8 (0x3bf0b823) sd      t6, 944(ra)
core   0: 3 0x00000000800024f8 (0x3bf0b823) mem 0x000000008000fe78 0x0000000000000000
core   0: 0x00000000800024fc (0x3a50bc23) sd      t0, 952(ra)
core   0: 3 0x00000000800024fc (0x3a50bc23) mem 0x000000008000fe80 0x0000000000000010
core   0: >>>>  inst_215
core   0: 0x0000000080002500 (0x00100113) li      sp, 1
core   0: 3 0x0000000080002500 (0x00100113) x2  0x0000000000000001
core   0: 0x0000000080002504 (0x00c11113) slli    sp, sp, 12
core   0: 3 0x0000000080002504 (0x00c11113) x2  0x0000000000001000
core   0: 0x0000000080002508 (0x00220233) add     tp, tp, sp
core   0: 3 0x0000000080002508 (0x00220233) x4  0x000000008000b190
core   0: 0x000000008000250c (0xbf023f87) fld     ft11, -1040(tp)
core   0: 3 0x000000008000250c (0xbf023f87) f31 0x7ff0000000000000 mem 0x000000008000ad80
core   0: 0x0000000080002510 (0x40220233) sub     tp, tp, sp
core   0: 3 0x0000000080002510 (0x40220233) x4  0x000000008000a190
core   0: 0x0000000080002514 (0x00100113) li      sp, 1
core   0: 3 0x0000000080002514 (0x00100113) x2  0x0000000000000001
core   0: 0x0000000080002518 (0x00c11113) slli    sp, sp, 12
core   0: 3 0x0000000080002518 (0x00c11113) x2  0x0000000000001000
core   0: 0x000000008000251c (0x00220233) add     tp, tp, sp
core   0: 3 0x000000008000251c (0x00220233) x4  0x000000008000b190
core   0: 0x0000000080002520 (0xbf823f07) fld     ft10, -1032(tp)
core   0: 3 0x0000000080002520 (0xbf823f07) f30 0xfff8000000000001 mem 0x000000008000ad88
core   0: 0x0000000080002524 (0x40220233) sub     tp, tp, sp
core   0: 3 0x0000000080002524 (0x40220233) x4  0x000000008000a190
core   0: 0x0000000080002528 (0x00000113) li      sp, 0
core   0: 3 0x0000000080002528 (0x00000113) x2  0x0000000000000000
core   0: 0x000000008000252c (0x00311073) csrw    fcsr, sp
core   0: 3 0x000000008000252c (0x00311073) c1_fflags 0x0000000000000000 c2_frm 0x0000000000000000
core   0: 0x0000000080002530 (0xa3ef9fd3) flt.d   t6, ft11, ft10
core   0: 3 0x0000000080002530 (0xa3ef9fd3) c1_fflags 0x0000000000000010 x31 0x0000000000000000
core   0: 0x0000000080002534 (0x003022f3) csrr    t0, fcsr
core   0: 3 0x0000000080002534 (0x003022f3) x5  0x0000000000000010
core   0: 0x0000000080002538 (0x3df0b023) sd      t6, 960(ra)
core   0: 3 0x0000000080002538 (0x3df0b023) mem 0x000000008000fe88 0x0000000000000000
core   0: 0x000000008000253c (0x3c50b423) sd      t0, 968(ra)
core   0: 3 0x000000008000253c (0x3c50b423) mem 0x000000008000fe90 0x0000000000000010
core   0: >>>>  inst_216
core   0: 0x0000000080002540 (0x00100113) li      sp, 1
core   0: 3 0x0000000080002540 (0x00100113) x2  0x0000000000000001
core   0: 0x0000000080002544 (0x00c11113) slli    sp, sp, 12
core   0: 3 0x0000000080002544 (0x00c11113) x2  0x0000000000001000
core   0: 0x0000000080002548 (0x00220233) add     tp, tp, sp
core   0: 3 0x0000000080002548 (0x00220233) x4  0x000000008000b190
core   0: 0x000000008000254c (0xc0023f87) fld     ft11, -1024(tp)
core   0: 3 0x000000008000254c (0xc0023f87) f31 0x7ff0000000000001 mem 0x000000008000ad90
core   0: 0x0000000080002550 (0x40220233) sub     tp, tp, sp
core   0: 3 0x0000000080002550 (0x40220233) x4  0x000000008000a190
core   0: 0x0000000080002554 (0x00100113) li      sp, 1
core   0: 3 0x0000000080002554 (0x00100113) x2  0x0000000000000001
core   0: 0x0000000080002558 (0x00c11113) slli    sp, sp, 12
core   0: 3 0x0000000080002558 (0x00c11113) x2  0x0000000000001000
core   0: 0x000000008000255c (0x00220233) add     tp, tp, sp
core   0: 3 0x000000008000255c (0x00220233) x4  0x000000008000b190
core   0: 0x0000000080002560 (0xc0823f07) fld     ft10, -1016(tp)
core   0: 3 0x0000000080002560 (0xc0823f07) f30 0x0000000000000000 mem 0x000000008000ad98
core   0: 0x0000000080002564 (0x40220233) sub     tp, tp, sp
core   0: 3 0x0000000080002564 (0x40220233) x4  0x000000008000a190
core   0: 0x0000000080002568 (0x00000113) li      sp, 0
core   0: 3 0x0000000080002568 (0x00000113) x2  0x0000000000000000
core   0: 0x000000008000256c (0x00311073) csrw    fcsr, sp
core   0: 3 0x000000008000256c (0x00311073) c1_fflags 0x0000000000000000 c2_frm 0x0000000000000000
core   0: 0x0000000080002570 (0xa3ef9fd3) flt.d   t6, ft11, ft10
core   0: 3 0x0000000080002570 (0xa3ef9fd3) c1_fflags 0x0000000000000010 x31 0x0000000000000000
core   0: 0x0000000080002574 (0x003022f3) csrr    t0, fcsr
core   0: 3 0x0000000080002574 (0x003022f3) x5  0x0000000000000010
core   0: 0x0000000080002578 (0x3df0b823) sd      t6, 976(ra)
core   0: 3 0x0000000080002578 (0x3df0b823) mem 0x000000008000fe98 0x0000000000000000
core   0: 0x000000008000257c (0x3c50bc23) sd      t0, 984(ra)
core   0: 3 0x000000008000257c (0x3c50bc23) mem 0x000000008000fea0 0x0000000000000010
core   0: >>>>  inst_217
core   0: 0x0000000080002580 (0x00100113) li      sp, 1
core   0: 3 0x0000000080002580 (0x00100113) x2  0x0000000000000001
core   0: 0x0000000080002584 (0x00c11113) slli    sp, sp, 12
core   0: 3 0x0000000080002584 (0x00c11113) x2  0x0000000000001000
core   0: 0x0000000080002588 (0x00220233) add     tp, tp, sp
core   0: 3 0x0000000080002588 (0x00220233) x4  0x000000008000b190
core   0: 0x000000008000258c (0xc1023f87) fld     ft11, -1008(tp)
core   0: 3 0x000000008000258c (0xc1023f87) f31 0x7ff0000000000001 mem 0x000000008000ada0
core   0: 0x0000000080002590 (0x40220233) sub     tp, tp, sp
core   0: 3 0x0000000080002590 (0x40220233) x4  0x000000008000a190
core   0: 0x0000000080002594 (0x00100113) li      sp, 1
core   0: 3 0x0000000080002594 (0x00100113) x2  0x0000000000000001
core   0: 0x0000000080002598 (0x00c11113) slli    sp, sp, 12
core   0: 3 0x0000000080002598 (0x00c11113) x2  0x0000000000001000
core   0: 0x000000008000259c (0x00220233) add     tp, tp, sp
core   0: 3 0x000000008000259c (0x00220233) x4  0x000000008000b190
core   0: 0x00000000800025a0 (0xc1823f07) fld     ft10, -1000(tp)
core   0: 3 0x00000000800025a0 (0xc1823f07) f30 0x0000000000000001 mem 0x000000008000ada8
core   0: 0x00000000800025a4 (0x40220233) sub     tp, tp, sp
core   0: 3 0x00000000800025a4 (0x40220233) x4  0x000000008000a190
core   0: 0x00000000800025a8 (0x00000113) li      sp, 0
core   0: 3 0x00000000800025a8 (0x00000113) x2  0x0000000000000000
core   0: 0x00000000800025ac (0x00311073) csrw    fcsr, sp
core   0: 3 0x00000000800025ac (0x00311073) c1_fflags 0x0000000000000000 c2_frm 0x0000000000000000
core   0: 0x00000000800025b0 (0xa3ef9fd3) flt.d   t6, ft11, ft10
core   0: 3 0x00000000800025b0 (0xa3ef9fd3) c1_fflags 0x0000000000000010 x31 0x0000000000000000
core   0: 0x00000000800025b4 (0x003022f3) csrr    t0, fcsr
core   0: 3 0x00000000800025b4 (0x003022f3) x5  0x0000000000000010
core   0: 0x00000000800025b8 (0x3ff0b023) sd      t6, 992(ra)
core   0: 3 0x00000000800025b8 (0x3ff0b023) mem 0x000000008000fea8 0x0000000000000000
core   0: 0x00000000800025bc (0x3e50b423) sd      t0, 1000(ra)
core   0: 3 0x00000000800025bc (0x3e50b423) mem 0x000000008000feb0 0x0000000000000010
core   0: >>>>  inst_218
core   0: 0x00000000800025c0 (0x00100113) li      sp, 1
core   0: 3 0x00000000800025c0 (0x00100113) x2  0x0000000000000001
core   0: 0x00000000800025c4 (0x00c11113) slli    sp, sp, 12
core   0: 3 0x00000000800025c4 (0x00c11113) x2  0x0000000000001000
core   0: 0x00000000800025c8 (0x00220233) add     tp, tp, sp
core   0: 3 0x00000000800025c8 (0x00220233) x4  0x000000008000b190
core   0: 0x00000000800025cc (0xc2023f87) fld     ft11, -992(tp)
core   0: 3 0x00000000800025cc (0xc2023f87) f31 0x7ff0000000000001 mem 0x000000008000adb0
core   0: 0x00000000800025d0 (0x40220233) sub     tp, tp, sp
core   0: 3 0x00000000800025d0 (0x40220233) x4  0x000000008000a190
core   0: 0x00000000800025d4 (0x00100113) li      sp, 1
core   0: 3 0x00000000800025d4 (0x00100113) x2  0x0000000000000001
core   0: 0x00000000800025d8 (0x00c11113) slli    sp, sp, 12
core   0: 3 0x00000000800025d8 (0x00c11113) x2  0x0000000000001000
core   0: 0x00000000800025dc (0x00220233) add     tp, tp, sp
core   0: 3 0x00000000800025dc (0x00220233) x4  0x000000008000b190
core   0: 0x00000000800025e0 (0xc2823f07) fld     ft10, -984(tp)
core   0: 3 0x00000000800025e0 (0xc2823f07) f30 0x0000000000000002 mem 0x000000008000adb8
core   0: 0x00000000800025e4 (0x40220233) sub     tp, tp, sp
core   0: 3 0x00000000800025e4 (0x40220233) x4  0x000000008000a190
core   0: 0x00000000800025e8 (0x00000113) li      sp, 0
core   0: 3 0x00000000800025e8 (0x00000113) x2  0x0000000000000000
core   0: 0x00000000800025ec (0x00311073) csrw    fcsr, sp
core   0: 3 0x00000000800025ec (0x00311073) c1_fflags 0x0000000000000000 c2_frm 0x0000000000000000
core   0: 0x00000000800025f0 (0xa3ef9fd3) flt.d   t6, ft11, ft10
core   0: 3 0x00000000800025f0 (0xa3ef9fd3) c1_fflags 0x0000000000000010 x31 0x0000000000000000
core   0: 0x00000000800025f4 (0x003022f3) csrr    t0, fcsr
core   0: 3 0x00000000800025f4 (0x003022f3) x5  0x0000000000000010
core   0: 0x00000000800025f8 (0x3ff0b823) sd      t6, 1008(ra)
core   0: 3 0x00000000800025f8 (0x3ff0b823) mem 0x000000008000feb8 0x0000000000000000
core   0: 0x00000000800025fc (0x3e50bc23) sd      t0, 1016(ra)
core   0: 3 0x00000000800025fc (0x3e50bc23) mem 0x000000008000fec0 0x0000000000000010
core   0: >>>>  inst_219
core   0: 0x0000000080002600 (0x00100113) li      sp, 1
core   0: 3 0x0000000080002600 (0x00100113) x2  0x0000000000000001
core   0: 0x0000000080002604 (0x00c11113) slli    sp, sp, 12
core   0: 3 0x0000000080002604 (0x00c11113) x2  0x0000000000001000
core   0: 0x0000000080002608 (0x00220233) add     tp, tp, sp
core   0: 3 0x0000000080002608 (0x00220233) x4  0x000000008000b190
core   0: 0x000000008000260c (0xc3023f87) fld     ft11, -976(tp)
core   0: 3 0x000000008000260c (0xc3023f87) f31 0x7ff0000000000001 mem 0x000000008000adc0
core   0: 0x0000000080002610 (0x40220233) sub     tp, tp, sp
core   0: 3 0x0000000080002610 (0x40220233) x4  0x000000008000a190
core   0: 0x0000000080002614 (0x00100113) li      sp, 1
core   0: 3 0x0000000080002614 (0x00100113) x2  0x0000000000000001
core   0: 0x0000000080002618 (0x00c11113) slli    sp, sp, 12
core   0: 3 0x0000000080002618 (0x00c11113) x2  0x0000000000001000
core   0: 0x000000008000261c (0x00220233) add     tp, tp, sp
core   0: 3 0x000000008000261c (0x00220233) x4  0x000000008000b190
core   0: 0x0000000080002620 (0xc3823f07) fld     ft10, -968(tp)
core   0: 3 0x0000000080002620 (0xc3823f07) f30 0x000fffffffffffff mem 0x000000008000adc8
core   0: 0x0000000080002624 (0x40220233) sub     tp, tp, sp
core   0: 3 0x0000000080002624 (0x40220233) x4  0x000000008000a190
core   0: 0x0000000080002628 (0x00000113) li      sp, 0
core   0: 3 0x0000000080002628 (0x00000113) x2  0x0000000000000000
core   0: 0x000000008000262c (0x00311073) csrw    fcsr, sp
core   0: 3 0x000000008000262c (0x00311073) c1_fflags 0x0000000000000000 c2_frm 0x0000000000000000
core   0: 0x0000000080002630 (0xa3ef9fd3) flt.d   t6, ft11, ft10
core   0: 3 0x0000000080002630 (0xa3ef9fd3) c1_fflags 0x0000000000000010 x31 0x0000000000000000
core   0: 0x0000000080002634 (0x003022f3) csrr    t0, fcsr
core   0: 3 0x0000000080002634 (0x003022f3) x5  0x0000000000000010
core   0: 0x0000000080002638 (0x41f0b023) sd      t6, 1024(ra)
core   0: 3 0x0000000080002638 (0x41f0b023) mem 0x000000008000fec8 0x0000000000000000
core   0: 0x000000008000263c (0x4050b423) sd      t0, 1032(ra)
core   0: 3 0x000000008000263c (0x4050b423) mem 0x000000008000fed0 0x0000000000000010
core   0: >>>>  inst_220
core   0: 0x0000000080002640 (0x00100113) li      sp, 1
core   0: 3 0x0000000080002640 (0x00100113) x2  0x0000000000000001
core   0: 0x0000000080002644 (0x00c11113) slli    sp, sp, 12
core   0: 3 0x0000000080002644 (0x00c11113) x2  0x0000000000001000
core   0: 0x0000000080002648 (0x00220233) add     tp, tp, sp
core   0: 3 0x0000000080002648 (0x00220233) x4  0x000000008000b190
core   0: 0x000000008000264c (0xc4023f87) fld     ft11, -960(tp)
core   0: 3 0x000000008000264c (0xc4023f87) f31 0x7ff0000000000001 mem 0x000000008000add0
core   0: 0x0000000080002650 (0x40220233) sub     tp, tp, sp
core   0: 3 0x0000000080002650 (0x40220233) x4  0x000000008000a190
core   0: 0x0000000080002654 (0x00100113) li      sp, 1
core   0: 3 0x0000000080002654 (0x00100113) x2  0x0000000000000001
core   0: 0x0000000080002658 (0x00c11113) slli    sp, sp, 12
core   0: 3 0x0000000080002658 (0x00c11113) x2  0x0000000000001000
core   0: 0x000000008000265c (0x00220233) add     tp, tp, sp
core   0: 3 0x000000008000265c (0x00220233) x4  0x000000008000b190
core   0: 0x0000000080002660 (0xc4823f07) fld     ft10, -952(tp)
core   0: 3 0x0000000080002660 (0xc4823f07) f30 0x0010000000000000 mem 0x000000008000add8
core   0: 0x0000000080002664 (0x40220233) sub     tp, tp, sp
core   0: 3 0x0000000080002664 (0x40220233) x4  0x000000008000a190
core   0: 0x0000000080002668 (0x00000113) li      sp, 0
core   0: 3 0x0000000080002668 (0x00000113) x2  0x0000000000000000
core   0: 0x000000008000266c (0x00311073) csrw    fcsr, sp
core   0: 3 0x000000008000266c (0x00311073) c1_fflags 0x0000000000000000 c2_frm 0x0000000000000000
core   0: 0x0000000080002670 (0xa3ef9fd3) flt.d   t6, ft11, ft10
core   0: 3 0x0000000080002670 (0xa3ef9fd3) c1_fflags 0x0000000000000010 x31 0x0000000000000000
core   0: 0x0000000080002674 (0x003022f3) csrr    t0, fcsr
core   0: 3 0x0000000080002674 (0x003022f3) x5  0x0000000000000010
core   0: 0x0000000080002678 (0x41f0b823) sd      t6, 1040(ra)
core   0: 3 0x0000000080002678 (0x41f0b823) mem 0x000000008000fed8 0x0000000000000000
core   0: 0x000000008000267c (0x4050bc23) sd      t0, 1048(ra)
core   0: 3 0x000000008000267c (0x4050bc23) mem 0x000000008000fee0 0x0000000000000010
core   0: >>>>  inst_221
core   0: 0x0000000080002680 (0x00100113) li      sp, 1
core   0: 3 0x0000000080002680 (0x00100113) x2  0x0000000000000001
core   0: 0x0000000080002684 (0x00c11113) slli    sp, sp, 12
core   0: 3 0x0000000080002684 (0x00c11113) x2  0x0000000000001000
core   0: 0x0000000080002688 (0x00220233) add     tp, tp, sp
core   0: 3 0x0000000080002688 (0x00220233) x4  0x000000008000b190
core   0: 0x000000008000268c (0xc5023f87) fld     ft11, -944(tp)
core   0: 3 0x000000008000268c (0xc5023f87) f31 0x7ff0000000000001 mem 0x000000008000ade0
core   0: 0x0000000080002690 (0x40220233) sub     tp, tp, sp
core   0: 3 0x0000000080002690 (0x40220233) x4  0x000000008000a190
core   0: 0x0000000080002694 (0x00100113) li      sp, 1
core   0: 3 0x0000000080002694 (0x00100113) x2  0x0000000000000001
core   0: 0x0000000080002698 (0x00c11113) slli    sp, sp, 12
core   0: 3 0x0000000080002698 (0x00c11113) x2  0x0000000000001000
core   0: 0x000000008000269c (0x00220233) add     tp, tp, sp
core   0: 3 0x000000008000269c (0x00220233) x4  0x000000008000b190
core   0: 0x00000000800026a0 (0xc5823f07) fld     ft10, -936(tp)
core   0: 3 0x00000000800026a0 (0xc5823f07) f30 0x0010000000000002 mem 0x000000008000ade8
core   0: 0x00000000800026a4 (0x40220233) sub     tp, tp, sp
core   0: 3 0x00000000800026a4 (0x40220233) x4  0x000000008000a190
core   0: 0x00000000800026a8 (0x00000113) li      sp, 0
core   0: 3 0x00000000800026a8 (0x00000113) x2  0x0000000000000000
core   0: 0x00000000800026ac (0x00311073) csrw    fcsr, sp
core   0: 3 0x00000000800026ac (0x00311073) c1_fflags 0x0000000000000000 c2_frm 0x0000000000000000
core   0: 0x00000000800026b0 (0xa3ef9fd3) flt.d   t6, ft11, ft10
core   0: 3 0x00000000800026b0 (0xa3ef9fd3) c1_fflags 0x0000000000000010 x31 0x0000000000000000
core   0: 0x00000000800026b4 (0x003022f3) csrr    t0, fcsr
core   0: 3 0x00000000800026b4 (0x003022f3) x5  0x0000000000000010
core   0: 0x00000000800026b8 (0x43f0b023) sd      t6, 1056(ra)
core   0: 3 0x00000000800026b8 (0x43f0b023) mem 0x000000008000fee8 0x0000000000000000
core   0: 0x00000000800026bc (0x4250b423) sd      t0, 1064(ra)
core   0: 3 0x00000000800026bc (0x4250b423) mem 0x000000008000fef0 0x0000000000000010
core   0: >>>>  inst_222
core   0: 0x00000000800026c0 (0x00100113) li      sp, 1
core   0: 3 0x00000000800026c0 (0x00100113) x2  0x0000000000000001
core   0: 0x00000000800026c4 (0x00c11113) slli    sp, sp, 12
core   0: 3 0x00000000800026c4 (0x00c11113) x2  0x0000000000001000
core   0: 0x00000000800026c8 (0x00220233) add     tp, tp, sp
core   0: 3 0x00000000800026c8 (0x00220233) x4  0x000000008000b190
core   0: 0x00000000800026cc (0xc6023f87) fld     ft11, -928(tp)
core   0: 3 0x00000000800026cc (0xc6023f87) f31 0x7ff0000000000001 mem 0x000000008000adf0
core   0: 0x00000000800026d0 (0x40220233) sub     tp, tp, sp
core   0: 3 0x00000000800026d0 (0x40220233) x4  0x000000008000a190
core   0: 0x00000000800026d4 (0x00100113) li      sp, 1
core   0: 3 0x00000000800026d4 (0x00100113) x2  0x0000000000000001
core   0: 0x00000000800026d8 (0x00c11113) slli    sp, sp, 12
core   0: 3 0x00000000800026d8 (0x00c11113) x2  0x0000000000001000
core   0: 0x00000000800026dc (0x00220233) add     tp, tp, sp
core   0: 3 0x00000000800026dc (0x00220233) x4  0x000000008000b190
core   0: 0x00000000800026e0 (0xc6823f07) fld     ft10, -920(tp)
core   0: 3 0x00000000800026e0 (0xc6823f07) f30 0x3ff0000000000000 mem 0x000000008000adf8
core   0: 0x00000000800026e4 (0x40220233) sub     tp, tp, sp
core   0: 3 0x00000000800026e4 (0x40220233) x4  0x000000008000a190
core   0: 0x00000000800026e8 (0x00000113) li      sp, 0
core   0: 3 0x00000000800026e8 (0x00000113) x2  0x0000000000000000
core   0: 0x00000000800026ec (0x00311073) csrw    fcsr, sp
core   0: 3 0x00000000800026ec (0x00311073) c1_fflags 0x0000000000000000 c2_frm 0x0000000000000000
core   0: 0x00000000800026f0 (0xa3ef9fd3) flt.d   t6, ft11, ft10
core   0: 3 0x00000000800026f0 (0xa3ef9fd3) c1_fflags 0x0000000000000010 x31 0x0000000000000000
core   0: 0x00000000800026f4 (0x003022f3) csrr    t0, fcsr
core   0: 3 0x00000000800026f4 (0x003022f3) x5  0x0000000000000010
core   0: 0x00000000800026f8 (0x43f0b823) sd      t6, 1072(ra)
core   0: 3 0x00000000800026f8 (0x43f0b823) mem 0x000000008000fef8 0x0000000000000000
core   0: 0x00000000800026fc (0x4250bc23) sd      t0, 1080(ra)
core   0: 3 0x00000000800026fc (0x4250bc23) mem 0x000000008000ff00 0x0000000000000010
core   0: >>>>  inst_223
core   0: 0x0000000080002700 (0x00100113) li      sp, 1
core   0: 3 0x0000000080002700 (0x00100113) x2  0x0000000000000001
core   0: 0x0000000080002704 (0x00c11113) slli    sp, sp, 12
core   0: 3 0x0000000080002704 (0x00c11113) x2  0x0000000000001000
core   0: 0x0000000080002708 (0x00220233) add     tp, tp, sp
core   0: 3 0x0000000080002708 (0x00220233) x4  0x000000008000b190
core   0: 0x000000008000270c (0xc7023f87) fld     ft11, -912(tp)
core   0: 3 0x000000008000270c (0xc7023f87) f31 0x7ff0000000000001 mem 0x000000008000ae00
core   0: 0x0000000080002710 (0x40220233) sub     tp, tp, sp
core   0: 3 0x0000000080002710 (0x40220233) x4  0x000000008000a190
core   0: 0x0000000080002714 (0x00100113) li      sp, 1
core   0: 3 0x0000000080002714 (0x00100113) x2  0x0000000000000001
core   0: 0x0000000080002718 (0x00c11113) slli    sp, sp, 12
core   0: 3 0x0000000080002718 (0x00c11113) x2  0x0000000000001000
core   0: 0x000000008000271c (0x00220233) add     tp, tp, sp
core   0: 3 0x000000008000271c (0x00220233) x4  0x000000008000b190
core   0: 0x0000000080002720 (0xc7823f07) fld     ft10, -904(tp)
core   0: 3 0x0000000080002720 (0xc7823f07) f30 0x7fefffffffffffff mem 0x000000008000ae08
core   0: 0x0000000080002724 (0x40220233) sub     tp, tp, sp
core   0: 3 0x0000000080002724 (0x40220233) x4  0x000000008000a190
core   0: 0x0000000080002728 (0x00000113) li      sp, 0
core   0: 3 0x0000000080002728 (0x00000113) x2  0x0000000000000000
core   0: 0x000000008000272c (0x00311073) csrw    fcsr, sp
core   0: 3 0x000000008000272c (0x00311073) c1_fflags 0x0000000000000000 c2_frm 0x0000000000000000
core   0: 0x0000000080002730 (0xa3ef9fd3) flt.d   t6, ft11, ft10
core   0: 3 0x0000000080002730 (0xa3ef9fd3) c1_fflags 0x0000000000000010 x31 0x0000000000000000
core   0: 0x0000000080002734 (0x003022f3) csrr    t0, fcsr
core   0: 3 0x0000000080002734 (0x003022f3) x5  0x0000000000000010
core   0: 0x0000000080002738 (0x45f0b023) sd      t6, 1088(ra)
core   0: 3 0x0000000080002738 (0x45f0b023) mem 0x000000008000ff08 0x0000000000000000
core   0: 0x000000008000273c (0x4450b423) sd      t0, 1096(ra)
core   0: 3 0x000000008000273c (0x4450b423) mem 0x000000008000ff10 0x0000000000000010
core   0: >>>>  inst_224
core   0: 0x0000000080002740 (0x00100113) li      sp, 1
core   0: 3 0x0000000080002740 (0x00100113) x2  0x0000000000000001
core   0: 0x0000000080002744 (0x00c11113) slli    sp, sp, 12
core   0: 3 0x0000000080002744 (0x00c11113) x2  0x0000000000001000
core   0: 0x0000000080002748 (0x00220233) add     tp, tp, sp
core   0: 3 0x0000000080002748 (0x00220233) x4  0x000000008000b190
core   0: 0x000000008000274c (0xc8023f87) fld     ft11, -896(tp)
core   0: 3 0x000000008000274c (0xc8023f87) f31 0x7ff0000000000001 mem 0x000000008000ae10
core   0: 0x0000000080002750 (0x40220233) sub     tp, tp, sp
core   0: 3 0x0000000080002750 (0x40220233) x4  0x000000008000a190
core   0: 0x0000000080002754 (0x00100113) li      sp, 1
core   0: 3 0x0000000080002754 (0x00100113) x2  0x0000000000000001
core   0: 0x0000000080002758 (0x00c11113) slli    sp, sp, 12
core   0: 3 0x0000000080002758 (0x00c11113) x2  0x0000000000001000
core   0: 0x000000008000275c (0x00220233) add     tp, tp, sp
core   0: 3 0x000000008000275c (0x00220233) x4  0x000000008000b190
core   0: 0x0000000080002760 (0xc8823f07) fld     ft10, -888(tp)
core   0: 3 0x0000000080002760 (0xc8823f07) f30 0x7ff0000000000000 mem 0x000000008000ae18
core   0: 0x0000000080002764 (0x40220233) sub     tp, tp, sp
core   0: 3 0x0000000080002764 (0x40220233) x4  0x000000008000a190
core   0: 0x0000000080002768 (0x00000113) li      sp, 0
core   0: 3 0x0000000080002768 (0x00000113) x2  0x0000000000000000
core   0: 0x000000008000276c (0x00311073) csrw    fcsr, sp
core   0: 3 0x000000008000276c (0x00311073) c1_fflags 0x0000000000000000 c2_frm 0x0000000000000000
core   0: 0x0000000080002770 (0xa3ef9fd3) flt.d   t6, ft11, ft10
core   0: 3 0x0000000080002770 (0xa3ef9fd3) c1_fflags 0x0000000000000010 x31 0x0000000000000000
core   0: 0x0000000080002774 (0x003022f3) csrr    t0, fcsr
core   0: 3 0x0000000080002774 (0x003022f3) x5  0x0000000000000010
core   0: 0x0000000080002778 (0x45f0b823) sd      t6, 1104(ra)
core   0: 3 0x0000000080002778 (0x45f0b823) mem 0x000000008000ff18 0x0000000000000000
core   0: 0x000000008000277c (0x4450bc23) sd      t0, 1112(ra)
core   0: 3 0x000000008000277c (0x4450bc23) mem 0x000000008000ff20 0x0000000000000010
core   0: >>>>  inst_225
core   0: 0x0000000080002780 (0x00100113) li      sp, 1
core   0: 3 0x0000000080002780 (0x00100113) x2  0x0000000000000001
core   0: 0x0000000080002784 (0x00c11113) slli    sp, sp, 12
core   0: 3 0x0000000080002784 (0x00c11113) x2  0x0000000000001000
core   0: 0x0000000080002788 (0x00220233) add     tp, tp, sp
core   0: 3 0x0000000080002788 (0x00220233) x4  0x000000008000b190
core   0: 0x000000008000278c (0xc9023f87) fld     ft11, -880(tp)
core   0: 3 0x000000008000278c (0xc9023f87) f31 0x7ff0000000000001 mem 0x000000008000ae20
core   0: 0x0000000080002790 (0x40220233) sub     tp, tp, sp
core   0: 3 0x0000000080002790 (0x40220233) x4  0x000000008000a190
core   0: 0x0000000080002794 (0x00100113) li      sp, 1
core   0: 3 0x0000000080002794 (0x00100113) x2  0x0000000000000001
core   0: 0x0000000080002798 (0x00c11113) slli    sp, sp, 12
core   0: 3 0x0000000080002798 (0x00c11113) x2  0x0000000000001000
core   0: 0x000000008000279c (0x00220233) add     tp, tp, sp
core   0: 3 0x000000008000279c (0x00220233) x4  0x000000008000b190
core   0: 0x00000000800027a0 (0xc9823f07) fld     ft10, -872(tp)
core   0: 3 0x00000000800027a0 (0xc9823f07) f30 0x7ff0000000000001 mem 0x000000008000ae28
core   0: 0x00000000800027a4 (0x40220233) sub     tp, tp, sp
core   0: 3 0x00000000800027a4 (0x40220233) x4  0x000000008000a190
core   0: 0x00000000800027a8 (0x00000113) li      sp, 0
core   0: 3 0x00000000800027a8 (0x00000113) x2  0x0000000000000000
core   0: 0x00000000800027ac (0x00311073) csrw    fcsr, sp
core   0: 3 0x00000000800027ac (0x00311073) c1_fflags 0x0000000000000000 c2_frm 0x0000000000000000
core   0: 0x00000000800027b0 (0xa3ef9fd3) flt.d   t6, ft11, ft10
core   0: 3 0x00000000800027b0 (0xa3ef9fd3) c1_fflags 0x0000000000000010 x31 0x0000000000000000
core   0: 0x00000000800027b4 (0x003022f3) csrr    t0, fcsr
core   0: 3 0x00000000800027b4 (0x003022f3) x5  0x0000000000000010
core   0: 0x00000000800027b8 (0x47f0b023) sd      t6, 1120(ra)
core   0: 3 0x00000000800027b8 (0x47f0b023) mem 0x000000008000ff28 0x0000000000000000
core   0: 0x00000000800027bc (0x4650b423) sd      t0, 1128(ra)
core   0: 3 0x00000000800027bc (0x4650b423) mem 0x000000008000ff30 0x0000000000000010
core   0: >>>>  inst_226
core   0: 0x00000000800027c0 (0x00100113) li      sp, 1
core   0: 3 0x00000000800027c0 (0x00100113) x2  0x0000000000000001
core   0: 0x00000000800027c4 (0x00c11113) slli    sp, sp, 12
core   0: 3 0x00000000800027c4 (0x00c11113) x2  0x0000000000001000
core   0: 0x00000000800027c8 (0x00220233) add     tp, tp, sp
core   0: 3 0x00000000800027c8 (0x00220233) x4  0x000000008000b190
core   0: 0x00000000800027cc (0xca023f87) fld     ft11, -864(tp)
core   0: 3 0x00000000800027cc (0xca023f87) f31 0x7ff0000000000001 mem 0x000000008000ae30
core   0: 0x00000000800027d0 (0x40220233) sub     tp, tp, sp
core   0: 3 0x00000000800027d0 (0x40220233) x4  0x000000008000a190
core   0: 0x00000000800027d4 (0x00100113) li      sp, 1
core   0: 3 0x00000000800027d4 (0x00100113) x2  0x0000000000000001
core   0: 0x00000000800027d8 (0x00c11113) slli    sp, sp, 12
core   0: 3 0x00000000800027d8 (0x00c11113) x2  0x0000000000001000
core   0: 0x00000000800027dc (0x00220233) add     tp, tp, sp
core   0: 3 0x00000000800027dc (0x00220233) x4  0x000000008000b190
core   0: 0x00000000800027e0 (0xca823f07) fld     ft10, -856(tp)
core   0: 3 0x00000000800027e0 (0xca823f07) f30 0x7ff8000000000000 mem 0x000000008000ae38
core   0: 0x00000000800027e4 (0x40220233) sub     tp, tp, sp
core   0: 3 0x00000000800027e4 (0x40220233) x4  0x000000008000a190
core   0: 0x00000000800027e8 (0x00000113) li      sp, 0
core   0: 3 0x00000000800027e8 (0x00000113) x2  0x0000000000000000
core   0: 0x00000000800027ec (0x00311073) csrw    fcsr, sp
core   0: 3 0x00000000800027ec (0x00311073) c1_fflags 0x0000000000000000 c2_frm 0x0000000000000000
core   0: 0x00000000800027f0 (0xa3ef9fd3) flt.d   t6, ft11, ft10
core   0: 3 0x00000000800027f0 (0xa3ef9fd3) c1_fflags 0x0000000000000010 x31 0x0000000000000000
core   0: 0x00000000800027f4 (0x003022f3) csrr    t0, fcsr
core   0: 3 0x00000000800027f4 (0x003022f3) x5  0x0000000000000010
core   0: 0x00000000800027f8 (0x47f0b823) sd      t6, 1136(ra)
core   0: 3 0x00000000800027f8 (0x47f0b823) mem 0x000000008000ff38 0x0000000000000000
core   0: 0x00000000800027fc (0x4650bc23) sd      t0, 1144(ra)
core   0: 3 0x00000000800027fc (0x4650bc23) mem 0x000000008000ff40 0x0000000000000010
core   0: >>>>  inst_227
core   0: 0x0000000080002800 (0x00100113) li      sp, 1
core   0: 3 0x0000000080002800 (0x00100113) x2  0x0000000000000001
core   0: 0x0000000080002804 (0x00c11113) slli    sp, sp, 12
core   0: 3 0x0000000080002804 (0x00c11113) x2  0x0000000000001000
core   0: 0x0000000080002808 (0x00220233) add     tp, tp, sp
core   0: 3 0x0000000080002808 (0x00220233) x4  0x000000008000b190
core   0: 0x000000008000280c (0xcb023f87) fld     ft11, -848(tp)
core   0: 3 0x000000008000280c (0xcb023f87) f31 0x7ff0000000000001 mem 0x000000008000ae40
core   0: 0x0000000080002810 (0x40220233) sub     tp, tp, sp
core   0: 3 0x0000000080002810 (0x40220233) x4  0x000000008000a190
core   0: 0x0000000080002814 (0x00100113) li      sp, 1
core   0: 3 0x0000000080002814 (0x00100113) x2  0x0000000000000001
core   0: 0x0000000080002818 (0x00c11113) slli    sp, sp, 12
core   0: 3 0x0000000080002818 (0x00c11113) x2  0x0000000000001000
core   0: 0x000000008000281c (0x00220233) add     tp, tp, sp
core   0: 3 0x000000008000281c (0x00220233) x4  0x000000008000b190
core   0: 0x0000000080002820 (0xcb823f07) fld     ft10, -840(tp)
core   0: 3 0x0000000080002820 (0xcb823f07) f30 0x7ff8000000000001 mem 0x000000008000ae48
core   0: 0x0000000080002824 (0x40220233) sub     tp, tp, sp
core   0: 3 0x0000000080002824 (0x40220233) x4  0x000000008000a190
core   0: 0x0000000080002828 (0x00000113) li      sp, 0
core   0: 3 0x0000000080002828 (0x00000113) x2  0x0000000000000000
core   0: 0x000000008000282c (0x00311073) csrw    fcsr, sp
core   0: 3 0x000000008000282c (0x00311073) c1_fflags 0x0000000000000000 c2_frm 0x0000000000000000
core   0: 0x0000000080002830 (0xa3ef9fd3) flt.d   t6, ft11, ft10
core   0: 3 0x0000000080002830 (0xa3ef9fd3) c1_fflags 0x0000000000000010 x31 0x0000000000000000
core   0: 0x0000000080002834 (0x003022f3) csrr    t0, fcsr
core   0: 3 0x0000000080002834 (0x003022f3) x5  0x0000000000000010
core   0: 0x0000000080002838 (0x49f0b023) sd      t6, 1152(ra)
core   0: 3 0x0000000080002838 (0x49f0b023) mem 0x000000008000ff48 0x0000000000000000
core   0: 0x000000008000283c (0x4850b423) sd      t0, 1160(ra)
core   0: 3 0x000000008000283c (0x4850b423) mem 0x000000008000ff50 0x0000000000000010
core   0: >>>>  inst_228
core   0: 0x0000000080002840 (0x00100113) li      sp, 1
core   0: 3 0x0000000080002840 (0x00100113) x2  0x0000000000000001
core   0: 0x0000000080002844 (0x00c11113) slli    sp, sp, 12
core   0: 3 0x0000000080002844 (0x00c11113) x2  0x0000000000001000
core   0: 0x0000000080002848 (0x00220233) add     tp, tp, sp
core   0: 3 0x0000000080002848 (0x00220233) x4  0x000000008000b190
core   0: 0x000000008000284c (0xcc023f87) fld     ft11, -832(tp)
core   0: 3 0x000000008000284c (0xcc023f87) f31 0x7ff0000000000001 mem 0x000000008000ae50
core   0: 0x0000000080002850 (0x40220233) sub     tp, tp, sp
core   0: 3 0x0000000080002850 (0x40220233) x4  0x000000008000a190
core   0: 0x0000000080002854 (0x00100113) li      sp, 1
core   0: 3 0x0000000080002854 (0x00100113) x2  0x0000000000000001
core   0: 0x0000000080002858 (0x00c11113) slli    sp, sp, 12
core   0: 3 0x0000000080002858 (0x00c11113) x2  0x0000000000001000
core   0: 0x000000008000285c (0x00220233) add     tp, tp, sp
core   0: 3 0x000000008000285c (0x00220233) x4  0x000000008000b190
core   0: 0x0000000080002860 (0xcc823f07) fld     ft10, -824(tp)
core   0: 3 0x0000000080002860 (0xcc823f07) f30 0x8000000000000000 mem 0x000000008000ae58
core   0: 0x0000000080002864 (0x40220233) sub     tp, tp, sp
core   0: 3 0x0000000080002864 (0x40220233) x4  0x000000008000a190
core   0: 0x0000000080002868 (0x00000113) li      sp, 0
core   0: 3 0x0000000080002868 (0x00000113) x2  0x0000000000000000
core   0: 0x000000008000286c (0x00311073) csrw    fcsr, sp
core   0: 3 0x000000008000286c (0x00311073) c1_fflags 0x0000000000000000 c2_frm 0x0000000000000000
core   0: 0x0000000080002870 (0xa3ef9fd3) flt.d   t6, ft11, ft10
core   0: 3 0x0000000080002870 (0xa3ef9fd3) c1_fflags 0x0000000000000010 x31 0x0000000000000000
core   0: 0x0000000080002874 (0x003022f3) csrr    t0, fcsr
core   0: 3 0x0000000080002874 (0x003022f3) x5  0x0000000000000010
core   0: 0x0000000080002878 (0x49f0b823) sd      t6, 1168(ra)
core   0: 3 0x0000000080002878 (0x49f0b823) mem 0x000000008000ff58 0x0000000000000000
core   0: 0x000000008000287c (0x4850bc23) sd      t0, 1176(ra)
core   0: 3 0x000000008000287c (0x4850bc23) mem 0x000000008000ff60 0x0000000000000010
core   0: >>>>  inst_229
core   0: 0x0000000080002880 (0x00100113) li      sp, 1
core   0: 3 0x0000000080002880 (0x00100113) x2  0x0000000000000001
core   0: 0x0000000080002884 (0x00c11113) slli    sp, sp, 12
core   0: 3 0x0000000080002884 (0x00c11113) x2  0x0000000000001000
core   0: 0x0000000080002888 (0x00220233) add     tp, tp, sp
core   0: 3 0x0000000080002888 (0x00220233) x4  0x000000008000b190
core   0: 0x000000008000288c (0xcd023f87) fld     ft11, -816(tp)
core   0: 3 0x000000008000288c (0xcd023f87) f31 0x7ff0000000000001 mem 0x000000008000ae60
core   0: 0x0000000080002890 (0x40220233) sub     tp, tp, sp
core   0: 3 0x0000000080002890 (0x40220233) x4  0x000000008000a190
core   0: 0x0000000080002894 (0x00100113) li      sp, 1
core   0: 3 0x0000000080002894 (0x00100113) x2  0x0000000000000001
core   0: 0x0000000080002898 (0x00c11113) slli    sp, sp, 12
core   0: 3 0x0000000080002898 (0x00c11113) x2  0x0000000000001000
core   0: 0x000000008000289c (0x00220233) add     tp, tp, sp
core   0: 3 0x000000008000289c (0x00220233) x4  0x000000008000b190
core   0: 0x00000000800028a0 (0xcd823f07) fld     ft10, -808(tp)
core   0: 3 0x00000000800028a0 (0xcd823f07) f30 0x8000000000000001 mem 0x000000008000ae68
core   0: 0x00000000800028a4 (0x40220233) sub     tp, tp, sp
core   0: 3 0x00000000800028a4 (0x40220233) x4  0x000000008000a190
core   0: 0x00000000800028a8 (0x00000113) li      sp, 0
core   0: 3 0x00000000800028a8 (0x00000113) x2  0x0000000000000000
core   0: 0x00000000800028ac (0x00311073) csrw    fcsr, sp
core   0: 3 0x00000000800028ac (0x00311073) c1_fflags 0x0000000000000000 c2_frm 0x0000000000000000
core   0: 0x00000000800028b0 (0xa3ef9fd3) flt.d   t6, ft11, ft10
core   0: 3 0x00000000800028b0 (0xa3ef9fd3) c1_fflags 0x0000000000000010 x31 0x0000000000000000
core   0: 0x00000000800028b4 (0x003022f3) csrr    t0, fcsr
core   0: 3 0x00000000800028b4 (0x003022f3) x5  0x0000000000000010
core   0: 0x00000000800028b8 (0x4bf0b023) sd      t6, 1184(ra)
core   0: 3 0x00000000800028b8 (0x4bf0b023) mem 0x000000008000ff68 0x0000000000000000
core   0: 0x00000000800028bc (0x4a50b423) sd      t0, 1192(ra)
core   0: 3 0x00000000800028bc (0x4a50b423) mem 0x000000008000ff70 0x0000000000000010
core   0: >>>>  inst_230
core   0: 0x00000000800028c0 (0x00100113) li      sp, 1
core   0: 3 0x00000000800028c0 (0x00100113) x2  0x0000000000000001
core   0: 0x00000000800028c4 (0x00c11113) slli    sp, sp, 12
core   0: 3 0x00000000800028c4 (0x00c11113) x2  0x0000000000001000
core   0: 0x00000000800028c8 (0x00220233) add     tp, tp, sp
core   0: 3 0x00000000800028c8 (0x00220233) x4  0x000000008000b190
core   0: 0x00000000800028cc (0xce023f87) fld     ft11, -800(tp)
core   0: 3 0x00000000800028cc (0xce023f87) f31 0x7ff0000000000001 mem 0x000000008000ae70
core   0: 0x00000000800028d0 (0x40220233) sub     tp, tp, sp
core   0: 3 0x00000000800028d0 (0x40220233) x4  0x000000008000a190
core   0: 0x00000000800028d4 (0x00100113) li      sp, 1
core   0: 3 0x00000000800028d4 (0x00100113) x2  0x0000000000000001
core   0: 0x00000000800028d8 (0x00c11113) slli    sp, sp, 12
core   0: 3 0x00000000800028d8 (0x00c11113) x2  0x0000000000001000
core   0: 0x00000000800028dc (0x00220233) add     tp, tp, sp
core   0: 3 0x00000000800028dc (0x00220233) x4  0x000000008000b190
core   0: 0x00000000800028e0 (0xce823f07) fld     ft10, -792(tp)
core   0: 3 0x00000000800028e0 (0xce823f07) f30 0x8000000000000002 mem 0x000000008000ae78
core   0: 0x00000000800028e4 (0x40220233) sub     tp, tp, sp
core   0: 3 0x00000000800028e4 (0x40220233) x4  0x000000008000a190
core   0: 0x00000000800028e8 (0x00000113) li      sp, 0
core   0: 3 0x00000000800028e8 (0x00000113) x2  0x0000000000000000
core   0: 0x00000000800028ec (0x00311073) csrw    fcsr, sp
core   0: 3 0x00000000800028ec (0x00311073) c1_fflags 0x0000000000000000 c2_frm 0x0000000000000000
core   0: 0x00000000800028f0 (0xa3ef9fd3) flt.d   t6, ft11, ft10
core   0: 3 0x00000000800028f0 (0xa3ef9fd3) c1_fflags 0x0000000000000010 x31 0x0000000000000000
core   0: 0x00000000800028f4 (0x003022f3) csrr    t0, fcsr
core   0: 3 0x00000000800028f4 (0x003022f3) x5  0x0000000000000010
core   0: 0x00000000800028f8 (0x4bf0b823) sd      t6, 1200(ra)
core   0: 3 0x00000000800028f8 (0x4bf0b823) mem 0x000000008000ff78 0x0000000000000000
core   0: 0x00000000800028fc (0x4a50bc23) sd      t0, 1208(ra)
core   0: 3 0x00000000800028fc (0x4a50bc23) mem 0x000000008000ff80 0x0000000000000010
core   0: >>>>  inst_231
core   0: 0x0000000080002900 (0x00100113) li      sp, 1
core   0: 3 0x0000000080002900 (0x00100113) x2  0x0000000000000001
core   0: 0x0000000080002904 (0x00c11113) slli    sp, sp, 12
core   0: 3 0x0000000080002904 (0x00c11113) x2  0x0000000000001000
core   0: 0x0000000080002908 (0x00220233) add     tp, tp, sp
core   0: 3 0x0000000080002908 (0x00220233) x4  0x000000008000b190
core   0: 0x000000008000290c (0xcf023f87) fld     ft11, -784(tp)
core   0: 3 0x000000008000290c (0xcf023f87) f31 0x7ff0000000000001 mem 0x000000008000ae80
core   0: 0x0000000080002910 (0x40220233) sub     tp, tp, sp
core   0: 3 0x0000000080002910 (0x40220233) x4  0x000000008000a190
core   0: 0x0000000080002914 (0x00100113) li      sp, 1
core   0: 3 0x0000000080002914 (0x00100113) x2  0x0000000000000001
core   0: 0x0000000080002918 (0x00c11113) slli    sp, sp, 12
core   0: 3 0x0000000080002918 (0x00c11113) x2  0x0000000000001000
core   0: 0x000000008000291c (0x00220233) add     tp, tp, sp
core   0: 3 0x000000008000291c (0x00220233) x4  0x000000008000b190
core   0: 0x0000000080002920 (0xcf823f07) fld     ft10, -776(tp)
core   0: 3 0x0000000080002920 (0xcf823f07) f30 0x800fffffffffffff mem 0x000000008000ae88
core   0: 0x0000000080002924 (0x40220233) sub     tp, tp, sp
core   0: 3 0x0000000080002924 (0x40220233) x4  0x000000008000a190
core   0: 0x0000000080002928 (0x00000113) li      sp, 0
core   0: 3 0x0000000080002928 (0x00000113) x2  0x0000000000000000
core   0: 0x000000008000292c (0x00311073) csrw    fcsr, sp
core   0: 3 0x000000008000292c (0x00311073) c1_fflags 0x0000000000000000 c2_frm 0x0000000000000000
core   0: 0x0000000080002930 (0xa3ef9fd3) flt.d   t6, ft11, ft10
core   0: 3 0x0000000080002930 (0xa3ef9fd3) c1_fflags 0x0000000000000010 x31 0x0000000000000000
core   0: 0x0000000080002934 (0x003022f3) csrr    t0, fcsr
core   0: 3 0x0000000080002934 (0x003022f3) x5  0x0000000000000010
core   0: 0x0000000080002938 (0x4df0b023) sd      t6, 1216(ra)
core   0: 3 0x0000000080002938 (0x4df0b023) mem 0x000000008000ff88 0x0000000000000000
core   0: 0x000000008000293c (0x4c50b423) sd      t0, 1224(ra)
core   0: 3 0x000000008000293c (0x4c50b423) mem 0x000000008000ff90 0x0000000000000010
core   0: >>>>  inst_232
core   0: 0x0000000080002940 (0x00100113) li      sp, 1
core   0: 3 0x0000000080002940 (0x00100113) x2  0x0000000000000001
core   0: 0x0000000080002944 (0x00c11113) slli    sp, sp, 12
core   0: 3 0x0000000080002944 (0x00c11113) x2  0x0000000000001000
core   0: 0x0000000080002948 (0x00220233) add     tp, tp, sp
core   0: 3 0x0000000080002948 (0x00220233) x4  0x000000008000b190
core   0: 0x000000008000294c (0xd0023f87) fld     ft11, -768(tp)
core   0: 3 0x000000008000294c (0xd0023f87) f31 0x7ff0000000000001 mem 0x000000008000ae90
core   0: 0x0000000080002950 (0x40220233) sub     tp, tp, sp
core   0: 3 0x0000000080002950 (0x40220233) x4  0x000000008000a190
core   0: 0x0000000080002954 (0x00100113) li      sp, 1
core   0: 3 0x0000000080002954 (0x00100113) x2  0x0000000000000001
core   0: 0x0000000080002958 (0x00c11113) slli    sp, sp, 12
core   0: 3 0x0000000080002958 (0x00c11113) x2  0x0000000000001000
core   0: 0x000000008000295c (0x00220233) add     tp, tp, sp
core   0: 3 0x000000008000295c (0x00220233) x4  0x000000008000b190
core   0: 0x0000000080002960 (0xd0823f07) fld     ft10, -760(tp)
core   0: 3 0x0000000080002960 (0xd0823f07) f30 0x8010000000000000 mem 0x000000008000ae98
core   0: 0x0000000080002964 (0x40220233) sub     tp, tp, sp
core   0: 3 0x0000000080002964 (0x40220233) x4  0x000000008000a190
core   0: 0x0000000080002968 (0x00000113) li      sp, 0
core   0: 3 0x0000000080002968 (0x00000113) x2  0x0000000000000000
core   0: 0x000000008000296c (0x00311073) csrw    fcsr, sp
core   0: 3 0x000000008000296c (0x00311073) c1_fflags 0x0000000000000000 c2_frm 0x0000000000000000
core   0: 0x0000000080002970 (0xa3ef9fd3) flt.d   t6, ft11, ft10
core   0: 3 0x0000000080002970 (0xa3ef9fd3) c1_fflags 0x0000000000000010 x31 0x0000000000000000
core   0: 0x0000000080002974 (0x003022f3) csrr    t0, fcsr
core   0: 3 0x0000000080002974 (0x003022f3) x5  0x0000000000000010
core   0: 0x0000000080002978 (0x4df0b823) sd      t6, 1232(ra)
core   0: 3 0x0000000080002978 (0x4df0b823) mem 0x000000008000ff98 0x0000000000000000
core   0: 0x000000008000297c (0x4c50bc23) sd      t0, 1240(ra)
core   0: 3 0x000000008000297c (0x4c50bc23) mem 0x000000008000ffa0 0x0000000000000010
core   0: >>>>  inst_233
core   0: 0x0000000080002980 (0x00100113) li      sp, 1
core   0: 3 0x0000000080002980 (0x00100113) x2  0x0000000000000001
core   0: 0x0000000080002984 (0x00c11113) slli    sp, sp, 12
core   0: 3 0x0000000080002984 (0x00c11113) x2  0x0000000000001000
core   0: 0x0000000080002988 (0x00220233) add     tp, tp, sp
core   0: 3 0x0000000080002988 (0x00220233) x4  0x000000008000b190
core   0: 0x000000008000298c (0xd1023f87) fld     ft11, -752(tp)
core   0: 3 0x000000008000298c (0xd1023f87) f31 0x7ff0000000000001 mem 0x000000008000aea0
core   0: 0x0000000080002990 (0x40220233) sub     tp, tp, sp
core   0: 3 0x0000000080002990 (0x40220233) x4  0x000000008000a190
core   0: 0x0000000080002994 (0x00100113) li      sp, 1
core   0: 3 0x0000000080002994 (0x00100113) x2  0x0000000000000001
core   0: 0x0000000080002998 (0x00c11113) slli    sp, sp, 12
core   0: 3 0x0000000080002998 (0x00c11113) x2  0x0000000000001000
core   0: 0x000000008000299c (0x00220233) add     tp, tp, sp
core   0: 3 0x000000008000299c (0x00220233) x4  0x000000008000b190
core   0: 0x00000000800029a0 (0xd1823f07) fld     ft10, -744(tp)
core   0: 3 0x00000000800029a0 (0xd1823f07) f30 0x8010000000000002 mem 0x000000008000aea8
core   0: 0x00000000800029a4 (0x40220233) sub     tp, tp, sp
core   0: 3 0x00000000800029a4 (0x40220233) x4  0x000000008000a190
core   0: 0x00000000800029a8 (0x00000113) li      sp, 0
core   0: 3 0x00000000800029a8 (0x00000113) x2  0x0000000000000000
core   0: 0x00000000800029ac (0x00311073) csrw    fcsr, sp
core   0: 3 0x00000000800029ac (0x00311073) c1_fflags 0x0000000000000000 c2_frm 0x0000000000000000
core   0: 0x00000000800029b0 (0xa3ef9fd3) flt.d   t6, ft11, ft10
core   0: 3 0x00000000800029b0 (0xa3ef9fd3) c1_fflags 0x0000000000000010 x31 0x0000000000000000
core   0: 0x00000000800029b4 (0x003022f3) csrr    t0, fcsr
core   0: 3 0x00000000800029b4 (0x003022f3) x5  0x0000000000000010
core   0: 0x00000000800029b8 (0x4ff0b023) sd      t6, 1248(ra)
core   0: 3 0x00000000800029b8 (0x4ff0b023) mem 0x000000008000ffa8 0x0000000000000000
core   0: 0x00000000800029bc (0x4e50b423) sd      t0, 1256(ra)
core   0: 3 0x00000000800029bc (0x4e50b423) mem 0x000000008000ffb0 0x0000000000000010
core   0: >>>>  inst_234
core   0: 0x00000000800029c0 (0x00100113) li      sp, 1
core   0: 3 0x00000000800029c0 (0x00100113) x2  0x0000000000000001
core   0: 0x00000000800029c4 (0x00c11113) slli    sp, sp, 12
core   0: 3 0x00000000800029c4 (0x00c11113) x2  0x0000000000001000
core   0: 0x00000000800029c8 (0x00220233) add     tp, tp, sp
core   0: 3 0x00000000800029c8 (0x00220233) x4  0x000000008000b190
core   0: 0x00000000800029cc (0xd2023f87) fld     ft11, -736(tp)
core   0: 3 0x00000000800029cc (0xd2023f87) f31 0x7ff0000000000001 mem 0x000000008000aeb0
core   0: 0x00000000800029d0 (0x40220233) sub     tp, tp, sp
core   0: 3 0x00000000800029d0 (0x40220233) x4  0x000000008000a190
core   0: 0x00000000800029d4 (0x00100113) li      sp, 1
core   0: 3 0x00000000800029d4 (0x00100113) x2  0x0000000000000001
core   0: 0x00000000800029d8 (0x00c11113) slli    sp, sp, 12
core   0: 3 0x00000000800029d8 (0x00c11113) x2  0x0000000000001000
core   0: 0x00000000800029dc (0x00220233) add     tp, tp, sp
core   0: 3 0x00000000800029dc (0x00220233) x4  0x000000008000b190
core   0: 0x00000000800029e0 (0xd2823f07) fld     ft10, -728(tp)
core   0: 3 0x00000000800029e0 (0xd2823f07) f30 0xbf80000000000000 mem 0x000000008000aeb8
core   0: 0x00000000800029e4 (0x40220233) sub     tp, tp, sp
core   0: 3 0x00000000800029e4 (0x40220233) x4  0x000000008000a190
core   0: 0x00000000800029e8 (0x00000113) li      sp, 0
core   0: 3 0x00000000800029e8 (0x00000113) x2  0x0000000000000000
core   0: 0x00000000800029ec (0x00311073) csrw    fcsr, sp
core   0: 3 0x00000000800029ec (0x00311073) c1_fflags 0x0000000000000000 c2_frm 0x0000000000000000
core   0: 0x00000000800029f0 (0xa3ef9fd3) flt.d   t6, ft11, ft10
core   0: 3 0x00000000800029f0 (0xa3ef9fd3) c1_fflags 0x0000000000000010 x31 0x0000000000000000
core   0: 0x00000000800029f4 (0x003022f3) csrr    t0, fcsr
core   0: 3 0x00000000800029f4 (0x003022f3) x5  0x0000000000000010
core   0: 0x00000000800029f8 (0x4ff0b823) sd      t6, 1264(ra)
core   0: 3 0x00000000800029f8 (0x4ff0b823) mem 0x000000008000ffb8 0x0000000000000000
core   0: 0x00000000800029fc (0x4e50bc23) sd      t0, 1272(ra)
core   0: 3 0x00000000800029fc (0x4e50bc23) mem 0x000000008000ffc0 0x0000000000000010
core   0: >>>>  inst_235
core   0: 0x0000000080002a00 (0x00100113) li      sp, 1
core   0: 3 0x0000000080002a00 (0x00100113) x2  0x0000000000000001
core   0: 0x0000000080002a04 (0x00c11113) slli    sp, sp, 12
core   0: 3 0x0000000080002a04 (0x00c11113) x2  0x0000000000001000
core   0: 0x0000000080002a08 (0x00220233) add     tp, tp, sp
core   0: 3 0x0000000080002a08 (0x00220233) x4  0x000000008000b190
core   0: 0x0000000080002a0c (0xd3023f87) fld     ft11, -720(tp)
core   0: 3 0x0000000080002a0c (0xd3023f87) f31 0x7ff0000000000001 mem 0x000000008000aec0
core   0: 0x0000000080002a10 (0x40220233) sub     tp, tp, sp
core   0: 3 0x0000000080002a10 (0x40220233) x4  0x000000008000a190
core   0: 0x0000000080002a14 (0x00100113) li      sp, 1
core   0: 3 0x0000000080002a14 (0x00100113) x2  0x0000000000000001
core   0: 0x0000000080002a18 (0x00c11113) slli    sp, sp, 12
core   0: 3 0x0000000080002a18 (0x00c11113) x2  0x0000000000001000
core   0: 0x0000000080002a1c (0x00220233) add     tp, tp, sp
core   0: 3 0x0000000080002a1c (0x00220233) x4  0x000000008000b190
core   0: 0x0000000080002a20 (0xd3823f07) fld     ft10, -712(tp)
core   0: 3 0x0000000080002a20 (0xd3823f07) f30 0xffefffffffffffff mem 0x000000008000aec8
core   0: 0x0000000080002a24 (0x40220233) sub     tp, tp, sp
core   0: 3 0x0000000080002a24 (0x40220233) x4  0x000000008000a190
core   0: 0x0000000080002a28 (0x00000113) li      sp, 0
core   0: 3 0x0000000080002a28 (0x00000113) x2  0x0000000000000000
core   0: 0x0000000080002a2c (0x00311073) csrw    fcsr, sp
core   0: 3 0x0000000080002a2c (0x00311073) c1_fflags 0x0000000000000000 c2_frm 0x0000000000000000
core   0: 0x0000000080002a30 (0xa3ef9fd3) flt.d   t6, ft11, ft10
core   0: 3 0x0000000080002a30 (0xa3ef9fd3) c1_fflags 0x0000000000000010 x31 0x0000000000000000
core   0: 0x0000000080002a34 (0x003022f3) csrr    t0, fcsr
core   0: 3 0x0000000080002a34 (0x003022f3) x5  0x0000000000000010
core   0: 0x0000000080002a38 (0x51f0b023) sd      t6, 1280(ra)
core   0: 3 0x0000000080002a38 (0x51f0b023) mem 0x000000008000ffc8 0x0000000000000000
core   0: 0x0000000080002a3c (0x5050b423) sd      t0, 1288(ra)
core   0: 3 0x0000000080002a3c (0x5050b423) mem 0x000000008000ffd0 0x0000000000000010
core   0: >>>>  inst_236
core   0: 0x0000000080002a40 (0x00100113) li      sp, 1
core   0: 3 0x0000000080002a40 (0x00100113) x2  0x0000000000000001
core   0: 0x0000000080002a44 (0x00c11113) slli    sp, sp, 12
core   0: 3 0x0000000080002a44 (0x00c11113) x2  0x0000000000001000
core   0: 0x0000000080002a48 (0x00220233) add     tp, tp, sp
core   0: 3 0x0000000080002a48 (0x00220233) x4  0x000000008000b190
core   0: 0x0000000080002a4c (0xd4023f87) fld     ft11, -704(tp)
core   0: 3 0x0000000080002a4c (0xd4023f87) f31 0x7ff0000000000001 mem 0x000000008000aed0
core   0: 0x0000000080002a50 (0x40220233) sub     tp, tp, sp
core   0: 3 0x0000000080002a50 (0x40220233) x4  0x000000008000a190
core   0: 0x0000000080002a54 (0x00100113) li      sp, 1
core   0: 3 0x0000000080002a54 (0x00100113) x2  0x0000000000000001
core   0: 0x0000000080002a58 (0x00c11113) slli    sp, sp, 12
core   0: 3 0x0000000080002a58 (0x00c11113) x2  0x0000000000001000
core   0: 0x0000000080002a5c (0x00220233) add     tp, tp, sp
core   0: 3 0x0000000080002a5c (0x00220233) x4  0x000000008000b190
core   0: 0x0000000080002a60 (0xd4823f07) fld     ft10, -696(tp)
core   0: 3 0x0000000080002a60 (0xd4823f07) f30 0xfff0000000000000 mem 0x000000008000aed8
core   0: 0x0000000080002a64 (0x40220233) sub     tp, tp, sp
core   0: 3 0x0000000080002a64 (0x40220233) x4  0x000000008000a190
core   0: 0x0000000080002a68 (0x00000113) li      sp, 0
core   0: 3 0x0000000080002a68 (0x00000113) x2  0x0000000000000000
core   0: 0x0000000080002a6c (0x00311073) csrw    fcsr, sp
core   0: 3 0x0000000080002a6c (0x00311073) c1_fflags 0x0000000000000000 c2_frm 0x0000000000000000
core   0: 0x0000000080002a70 (0xa3ef9fd3) flt.d   t6, ft11, ft10
core   0: 3 0x0000000080002a70 (0xa3ef9fd3) c1_fflags 0x0000000000000010 x31 0x0000000000000000
core   0: 0x0000000080002a74 (0x003022f3) csrr    t0, fcsr
core   0: 3 0x0000000080002a74 (0x003022f3) x5  0x0000000000000010
core   0: 0x0000000080002a78 (0x51f0b823) sd      t6, 1296(ra)
core   0: 3 0x0000000080002a78 (0x51f0b823) mem 0x000000008000ffd8 0x0000000000000000
core   0: 0x0000000080002a7c (0x5050bc23) sd      t0, 1304(ra)
core   0: 3 0x0000000080002a7c (0x5050bc23) mem 0x000000008000ffe0 0x0000000000000010
core   0: >>>>  inst_237
core   0: 0x0000000080002a80 (0x00100113) li      sp, 1
core   0: 3 0x0000000080002a80 (0x00100113) x2  0x0000000000000001
core   0: 0x0000000080002a84 (0x00c11113) slli    sp, sp, 12
core   0: 3 0x0000000080002a84 (0x00c11113) x2  0x0000000000001000
core   0: 0x0000000080002a88 (0x00220233) add     tp, tp, sp
core   0: 3 0x0000000080002a88 (0x00220233) x4  0x000000008000b190
core   0: 0x0000000080002a8c (0xd5023f87) fld     ft11, -688(tp)
core   0: 3 0x0000000080002a8c (0xd5023f87) f31 0x7ff0000000000001 mem 0x000000008000aee0
core   0: 0x0000000080002a90 (0x40220233) sub     tp, tp, sp
core   0: 3 0x0000000080002a90 (0x40220233) x4  0x000000008000a190
core   0: 0x0000000080002a94 (0x00100113) li      sp, 1
core   0: 3 0x0000000080002a94 (0x00100113) x2  0x0000000000000001
core   0: 0x0000000080002a98 (0x00c11113) slli    sp, sp, 12
core   0: 3 0x0000000080002a98 (0x00c11113) x2  0x0000000000001000
core   0: 0x0000000080002a9c (0x00220233) add     tp, tp, sp
core   0: 3 0x0000000080002a9c (0x00220233) x4  0x000000008000b190
core   0: 0x0000000080002aa0 (0xd5823f07) fld     ft10, -680(tp)
core   0: 3 0x0000000080002aa0 (0xd5823f07) f30 0xfff0000000000001 mem 0x000000008000aee8
core   0: 0x0000000080002aa4 (0x40220233) sub     tp, tp, sp
core   0: 3 0x0000000080002aa4 (0x40220233) x4  0x000000008000a190
core   0: 0x0000000080002aa8 (0x00000113) li      sp, 0
core   0: 3 0x0000000080002aa8 (0x00000113) x2  0x0000000000000000
core   0: 0x0000000080002aac (0x00311073) csrw    fcsr, sp
core   0: 3 0x0000000080002aac (0x00311073) c1_fflags 0x0000000000000000 c2_frm 0x0000000000000000
core   0: 0x0000000080002ab0 (0xa3ef9fd3) flt.d   t6, ft11, ft10
core   0: 3 0x0000000080002ab0 (0xa3ef9fd3) c1_fflags 0x0000000000000010 x31 0x0000000000000000
core   0: 0x0000000080002ab4 (0x003022f3) csrr    t0, fcsr
core   0: 3 0x0000000080002ab4 (0x003022f3) x5  0x0000000000000010
core   0: 0x0000000080002ab8 (0x53f0b023) sd      t6, 1312(ra)
core   0: 3 0x0000000080002ab8 (0x53f0b023) mem 0x000000008000ffe8 0x0000000000000000
core   0: 0x0000000080002abc (0x5250b423) sd      t0, 1320(ra)
core   0: 3 0x0000000080002abc (0x5250b423) mem 0x000000008000fff0 0x0000000000000010
core   0: >>>>  inst_238
core   0: 0x0000000080002ac0 (0x00100113) li      sp, 1
core   0: 3 0x0000000080002ac0 (0x00100113) x2  0x0000000000000001
core   0: 0x0000000080002ac4 (0x00c11113) slli    sp, sp, 12
core   0: 3 0x0000000080002ac4 (0x00c11113) x2  0x0000000000001000
core   0: 0x0000000080002ac8 (0x00220233) add     tp, tp, sp
core   0: 3 0x0000000080002ac8 (0x00220233) x4  0x000000008000b190
core   0: 0x0000000080002acc (0xd6023f87) fld     ft11, -672(tp)
core   0: 3 0x0000000080002acc (0xd6023f87) f31 0x7ff0000000000001 mem 0x000000008000aef0
core   0: 0x0000000080002ad0 (0x40220233) sub     tp, tp, sp
core   0: 3 0x0000000080002ad0 (0x40220233) x4  0x000000008000a190
core   0: 0x0000000080002ad4 (0x00100113) li      sp, 1
core   0: 3 0x0000000080002ad4 (0x00100113) x2  0x0000000000000001
core   0: 0x0000000080002ad8 (0x00c11113) slli    sp, sp, 12
core   0: 3 0x0000000080002ad8 (0x00c11113) x2  0x0000000000001000
core   0: 0x0000000080002adc (0x00220233) add     tp, tp, sp
core   0: 3 0x0000000080002adc (0x00220233) x4  0x000000008000b190
core   0: 0x0000000080002ae0 (0xd6823f07) fld     ft10, -664(tp)
core   0: 3 0x0000000080002ae0 (0xd6823f07) f30 0xfff8000000000000 mem 0x000000008000aef8
core   0: 0x0000000080002ae4 (0x40220233) sub     tp, tp, sp
core   0: 3 0x0000000080002ae4 (0x40220233) x4  0x000000008000a190
core   0: 0x0000000080002ae8 (0x00000113) li      sp, 0
core   0: 3 0x0000000080002ae8 (0x00000113) x2  0x0000000000000000
core   0: 0x0000000080002aec (0x00311073) csrw    fcsr, sp
core   0: 3 0x0000000080002aec (0x00311073) c1_fflags 0x0000000000000000 c2_frm 0x0000000000000000
core   0: 0x0000000080002af0 (0xa3ef9fd3) flt.d   t6, ft11, ft10
core   0: 3 0x0000000080002af0 (0xa3ef9fd3) c1_fflags 0x0000000000000010 x31 0x0000000000000000
core   0: 0x0000000080002af4 (0x003022f3) csrr    t0, fcsr
core   0: 3 0x0000000080002af4 (0x003022f3) x5  0x0000000000000010
core   0: 0x0000000080002af8 (0x53f0b823) sd      t6, 1328(ra)
core   0: 3 0x0000000080002af8 (0x53f0b823) mem 0x000000008000fff8 0x0000000000000000
core   0: 0x0000000080002afc (0x5250bc23) sd      t0, 1336(ra)
core   0: 3 0x0000000080002afc (0x5250bc23) mem 0x0000000080010000 0x0000000000000010
core   0: >>>>  inst_239
core   0: 0x0000000080002b00 (0x00100113) li      sp, 1
core   0: 3 0x0000000080002b00 (0x00100113) x2  0x0000000000000001
core   0: 0x0000000080002b04 (0x00c11113) slli    sp, sp, 12
core   0: 3 0x0000000080002b04 (0x00c11113) x2  0x0000000000001000
core   0: 0x0000000080002b08 (0x00220233) add     tp, tp, sp
core   0: 3 0x0000000080002b08 (0x00220233) x4  0x000000008000b190
core   0: 0x0000000080002b0c (0xd7023f87) fld     ft11, -656(tp)
core   0: 3 0x0000000080002b0c (0xd7023f87) f31 0x7ff0000000000001 mem 0x000000008000af00
core   0: 0x0000000080002b10 (0x40220233) sub     tp, tp, sp
core   0: 3 0x0000000080002b10 (0x40220233) x4  0x000000008000a190
core   0: 0x0000000080002b14 (0x00100113) li      sp, 1
core   0: 3 0x0000000080002b14 (0x00100113) x2  0x0000000000000001
core   0: 0x0000000080002b18 (0x00c11113) slli    sp, sp, 12
core   0: 3 0x0000000080002b18 (0x00c11113) x2  0x0000000000001000
core   0: 0x0000000080002b1c (0x00220233) add     tp, tp, sp
core   0: 3 0x0000000080002b1c (0x00220233) x4  0x000000008000b190
core   0: 0x0000000080002b20 (0xd7823f07) fld     ft10, -648(tp)
core   0: 3 0x0000000080002b20 (0xd7823f07) f30 0xfff8000000000001 mem 0x000000008000af08
core   0: 0x0000000080002b24 (0x40220233) sub     tp, tp, sp
core   0: 3 0x0000000080002b24 (0x40220233) x4  0x000000008000a190
core   0: 0x0000000080002b28 (0x00000113) li      sp, 0
core   0: 3 0x0000000080002b28 (0x00000113) x2  0x0000000000000000
core   0: 0x0000000080002b2c (0x00311073) csrw    fcsr, sp
core   0: 3 0x0000000080002b2c (0x00311073) c1_fflags 0x0000000000000000 c2_frm 0x0000000000000000
core   0: 0x0000000080002b30 (0xa3ef9fd3) flt.d   t6, ft11, ft10
core   0: 3 0x0000000080002b30 (0xa3ef9fd3) c1_fflags 0x0000000000000010 x31 0x0000000000000000
core   0: 0x0000000080002b34 (0x003022f3) csrr    t0, fcsr
core   0: 3 0x0000000080002b34 (0x003022f3) x5  0x0000000000000010
core   0: 0x0000000080002b38 (0x55f0b023) sd      t6, 1344(ra)
core   0: 3 0x0000000080002b38 (0x55f0b023) mem 0x0000000080010008 0x0000000000000000
core   0: 0x0000000080002b3c (0x5450b423) sd      t0, 1352(ra)
core   0: 3 0x0000000080002b3c (0x5450b423) mem 0x0000000080010010 0x0000000000000010
core   0: >>>>  inst_240
core   0: 0x0000000080002b40 (0x00100113) li      sp, 1
core   0: 3 0x0000000080002b40 (0x00100113) x2  0x0000000000000001
core   0: 0x0000000080002b44 (0x00c11113) slli    sp, sp, 12
core   0: 3 0x0000000080002b44 (0x00c11113) x2  0x0000000000001000
core   0: 0x0000000080002b48 (0x00220233) add     tp, tp, sp
core   0: 3 0x0000000080002b48 (0x00220233) x4  0x000000008000b190
core   0: 0x0000000080002b4c (0xd8023f87) fld     ft11, -640(tp)
core   0: 3 0x0000000080002b4c (0xd8023f87) f31 0x7ff8000000000000 mem 0x000000008000af10
core   0: 0x0000000080002b50 (0x40220233) sub     tp, tp, sp
core   0: 3 0x0000000080002b50 (0x40220233) x4  0x000000008000a190
core   0: 0x0000000080002b54 (0x00100113) li      sp, 1
core   0: 3 0x0000000080002b54 (0x00100113) x2  0x0000000000000001
core   0: 0x0000000080002b58 (0x00c11113) slli    sp, sp, 12
core   0: 3 0x0000000080002b58 (0x00c11113) x2  0x0000000000001000
core   0: 0x0000000080002b5c (0x00220233) add     tp, tp, sp
core   0: 3 0x0000000080002b5c (0x00220233) x4  0x000000008000b190
core   0: 0x0000000080002b60 (0xd8823f07) fld     ft10, -632(tp)
core   0: 3 0x0000000080002b60 (0xd8823f07) f30 0x0000000000000000 mem 0x000000008000af18
core   0: 0x0000000080002b64 (0x40220233) sub     tp, tp, sp
core   0: 3 0x0000000080002b64 (0x40220233) x4  0x000000008000a190
core   0: 0x0000000080002b68 (0x00000113) li      sp, 0
core   0: 3 0x0000000080002b68 (0x00000113) x2  0x0000000000000000
core   0: 0x0000000080002b6c (0x00311073) csrw    fcsr, sp
core   0: 3 0x0000000080002b6c (0x00311073) c1_fflags 0x0000000000000000 c2_frm 0x0000000000000000
core   0: 0x0000000080002b70 (0xa3ef9fd3) flt.d   t6, ft11, ft10
core   0: 3 0x0000000080002b70 (0xa3ef9fd3) c1_fflags 0x0000000000000010 x31 0x0000000000000000
core   0: 0x0000000080002b74 (0x003022f3) csrr    t0, fcsr
core   0: 3 0x0000000080002b74 (0x003022f3) x5  0x0000000000000010
core   0: 0x0000000080002b78 (0x55f0b823) sd      t6, 1360(ra)
core   0: 3 0x0000000080002b78 (0x55f0b823) mem 0x0000000080010018 0x0000000000000000
core   0: 0x0000000080002b7c (0x5450bc23) sd      t0, 1368(ra)
core   0: 3 0x0000000080002b7c (0x5450bc23) mem 0x0000000080010020 0x0000000000000010
core   0: >>>>  inst_241
core   0: 0x0000000080002b80 (0x00100113) li      sp, 1
core   0: 3 0x0000000080002b80 (0x00100113) x2  0x0000000000000001
core   0: 0x0000000080002b84 (0x00c11113) slli    sp, sp, 12
core   0: 3 0x0000000080002b84 (0x00c11113) x2  0x0000000000001000
core   0: 0x0000000080002b88 (0x00220233) add     tp, tp, sp
core   0: 3 0x0000000080002b88 (0x00220233) x4  0x000000008000b190
core   0: 0x0000000080002b8c (0xd9023f87) fld     ft11, -624(tp)
core   0: 3 0x0000000080002b8c (0xd9023f87) f31 0x7ff8000000000000 mem 0x000000008000af20
core   0: 0x0000000080002b90 (0x40220233) sub     tp, tp, sp
core   0: 3 0x0000000080002b90 (0x40220233) x4  0x000000008000a190
core   0: 0x0000000080002b94 (0x00100113) li      sp, 1
core   0: 3 0x0000000080002b94 (0x00100113) x2  0x0000000000000001
core   0: 0x0000000080002b98 (0x00c11113) slli    sp, sp, 12
core   0: 3 0x0000000080002b98 (0x00c11113) x2  0x0000000000001000
core   0: 0x0000000080002b9c (0x00220233) add     tp, tp, sp
core   0: 3 0x0000000080002b9c (0x00220233) x4  0x000000008000b190
core   0: 0x0000000080002ba0 (0xd9823f07) fld     ft10, -616(tp)
core   0: 3 0x0000000080002ba0 (0xd9823f07) f30 0x0000000000000001 mem 0x000000008000af28
core   0: 0x0000000080002ba4 (0x40220233) sub     tp, tp, sp
core   0: 3 0x0000000080002ba4 (0x40220233) x4  0x000000008000a190
core   0: 0x0000000080002ba8 (0x00000113) li      sp, 0
core   0: 3 0x0000000080002ba8 (0x00000113) x2  0x0000000000000000
core   0: 0x0000000080002bac (0x00311073) csrw    fcsr, sp
core   0: 3 0x0000000080002bac (0x00311073) c1_fflags 0x0000000000000000 c2_frm 0x0000000000000000
core   0: 0x0000000080002bb0 (0xa3ef9fd3) flt.d   t6, ft11, ft10
core   0: 3 0x0000000080002bb0 (0xa3ef9fd3) c1_fflags 0x0000000000000010 x31 0x0000000000000000
core   0: 0x0000000080002bb4 (0x003022f3) csrr    t0, fcsr
core   0: 3 0x0000000080002bb4 (0x003022f3) x5  0x0000000000000010
core   0: 0x0000000080002bb8 (0x57f0b023) sd      t6, 1376(ra)
core   0: 3 0x0000000080002bb8 (0x57f0b023) mem 0x0000000080010028 0x0000000000000000
core   0: 0x0000000080002bbc (0x5650b423) sd      t0, 1384(ra)
core   0: 3 0x0000000080002bbc (0x5650b423) mem 0x0000000080010030 0x0000000000000010
core   0: >>>>  inst_242
core   0: 0x0000000080002bc0 (0x00100113) li      sp, 1
core   0: 3 0x0000000080002bc0 (0x00100113) x2  0x0000000000000001
core   0: 0x0000000080002bc4 (0x00c11113) slli    sp, sp, 12
core   0: 3 0x0000000080002bc4 (0x00c11113) x2  0x0000000000001000
core   0: 0x0000000080002bc8 (0x00220233) add     tp, tp, sp
core   0: 3 0x0000000080002bc8 (0x00220233) x4  0x000000008000b190
core   0: 0x0000000080002bcc (0xda023f87) fld     ft11, -608(tp)
core   0: 3 0x0000000080002bcc (0xda023f87) f31 0x7ff8000000000000 mem 0x000000008000af30
core   0: 0x0000000080002bd0 (0x40220233) sub     tp, tp, sp
core   0: 3 0x0000000080002bd0 (0x40220233) x4  0x000000008000a190
core   0: 0x0000000080002bd4 (0x00100113) li      sp, 1
core   0: 3 0x0000000080002bd4 (0x00100113) x2  0x0000000000000001
core   0: 0x0000000080002bd8 (0x00c11113) slli    sp, sp, 12
core   0: 3 0x0000000080002bd8 (0x00c11113) x2  0x0000000000001000
core   0: 0x0000000080002bdc (0x00220233) add     tp, tp, sp
core   0: 3 0x0000000080002bdc (0x00220233) x4  0x000000008000b190
core   0: 0x0000000080002be0 (0xda823f07) fld     ft10, -600(tp)
core   0: 3 0x0000000080002be0 (0xda823f07) f30 0x0000000000000002 mem 0x000000008000af38
core   0: 0x0000000080002be4 (0x40220233) sub     tp, tp, sp
core   0: 3 0x0000000080002be4 (0x40220233) x4  0x000000008000a190
core   0: 0x0000000080002be8 (0x00000113) li      sp, 0
core   0: 3 0x0000000080002be8 (0x00000113) x2  0x0000000000000000
core   0: 0x0000000080002bec (0x00311073) csrw    fcsr, sp
core   0: 3 0x0000000080002bec (0x00311073) c1_fflags 0x0000000000000000 c2_frm 0x0000000000000000
core   0: 0x0000000080002bf0 (0xa3ef9fd3) flt.d   t6, ft11, ft10
core   0: 3 0x0000000080002bf0 (0xa3ef9fd3) c1_fflags 0x0000000000000010 x31 0x0000000000000000
core   0: 0x0000000080002bf4 (0x003022f3) csrr    t0, fcsr
core   0: 3 0x0000000080002bf4 (0x003022f3) x5  0x0000000000000010
core   0: 0x0000000080002bf8 (0x57f0b823) sd      t6, 1392(ra)
core   0: 3 0x0000000080002bf8 (0x57f0b823) mem 0x0000000080010038 0x0000000000000000
core   0: 0x0000000080002bfc (0x5650bc23) sd      t0, 1400(ra)
core   0: 3 0x0000000080002bfc (0x5650bc23) mem 0x0000000080010040 0x0000000000000010
core   0: >>>>  inst_243
core   0: 0x0000000080002c00 (0x00100113) li      sp, 1
core   0: 3 0x0000000080002c00 (0x00100113) x2  0x0000000000000001
core   0: 0x0000000080002c04 (0x00c11113) slli    sp, sp, 12
core   0: 3 0x0000000080002c04 (0x00c11113) x2  0x0000000000001000
core   0: 0x0000000080002c08 (0x00220233) add     tp, tp, sp
core   0: 3 0x0000000080002c08 (0x00220233) x4  0x000000008000b190
core   0: 0x0000000080002c0c (0xdb023f87) fld     ft11, -592(tp)
core   0: 3 0x0000000080002c0c (0xdb023f87) f31 0x7ff8000000000000 mem 0x000000008000af40
core   0: 0x0000000080002c10 (0x40220233) sub     tp, tp, sp
core   0: 3 0x0000000080002c10 (0x40220233) x4  0x000000008000a190
core   0: 0x0000000080002c14 (0x00100113) li      sp, 1
core   0: 3 0x0000000080002c14 (0x00100113) x2  0x0000000000000001
core   0: 0x0000000080002c18 (0x00c11113) slli    sp, sp, 12
core   0: 3 0x0000000080002c18 (0x00c11113) x2  0x0000000000001000
core   0: 0x0000000080002c1c (0x00220233) add     tp, tp, sp
core   0: 3 0x0000000080002c1c (0x00220233) x4  0x000000008000b190
core   0: 0x0000000080002c20 (0xdb823f07) fld     ft10, -584(tp)
core   0: 3 0x0000000080002c20 (0xdb823f07) f30 0x000fffffffffffff mem 0x000000008000af48
core   0: 0x0000000080002c24 (0x40220233) sub     tp, tp, sp
core   0: 3 0x0000000080002c24 (0x40220233) x4  0x000000008000a190
core   0: 0x0000000080002c28 (0x00000113) li      sp, 0
core   0: 3 0x0000000080002c28 (0x00000113) x2  0x0000000000000000
core   0: 0x0000000080002c2c (0x00311073) csrw    fcsr, sp
core   0: 3 0x0000000080002c2c (0x00311073) c1_fflags 0x0000000000000000 c2_frm 0x0000000000000000
core   0: 0x0000000080002c30 (0xa3ef9fd3) flt.d   t6, ft11, ft10
core   0: 3 0x0000000080002c30 (0xa3ef9fd3) c1_fflags 0x0000000000000010 x31 0x0000000000000000
core   0: 0x0000000080002c34 (0x003022f3) csrr    t0, fcsr
core   0: 3 0x0000000080002c34 (0x003022f3) x5  0x0000000000000010
core   0: 0x0000000080002c38 (0x59f0b023) sd      t6, 1408(ra)
core   0: 3 0x0000000080002c38 (0x59f0b023) mem 0x0000000080010048 0x0000000000000000
core   0: 0x0000000080002c3c (0x5850b423) sd      t0, 1416(ra)
core   0: 3 0x0000000080002c3c (0x5850b423) mem 0x0000000080010050 0x0000000000000010
core   0: >>>>  inst_244
core   0: 0x0000000080002c40 (0x00100113) li      sp, 1
core   0: 3 0x0000000080002c40 (0x00100113) x2  0x0000000000000001
core   0: 0x0000000080002c44 (0x00c11113) slli    sp, sp, 12
core   0: 3 0x0000000080002c44 (0x00c11113) x2  0x0000000000001000
core   0: 0x0000000080002c48 (0x00220233) add     tp, tp, sp
core   0: 3 0x0000000080002c48 (0x00220233) x4  0x000000008000b190
core   0: 0x0000000080002c4c (0xdc023f87) fld     ft11, -576(tp)
core   0: 3 0x0000000080002c4c (0xdc023f87) f31 0x7ff8000000000000 mem 0x000000008000af50
core   0: 0x0000000080002c50 (0x40220233) sub     tp, tp, sp
core   0: 3 0x0000000080002c50 (0x40220233) x4  0x000000008000a190
core   0: 0x0000000080002c54 (0x00100113) li      sp, 1
core   0: 3 0x0000000080002c54 (0x00100113) x2  0x0000000000000001
core   0: 0x0000000080002c58 (0x00c11113) slli    sp, sp, 12
core   0: 3 0x0000000080002c58 (0x00c11113) x2  0x0000000000001000
core   0: 0x0000000080002c5c (0x00220233) add     tp, tp, sp
core   0: 3 0x0000000080002c5c (0x00220233) x4  0x000000008000b190
core   0: 0x0000000080002c60 (0xdc823f07) fld     ft10, -568(tp)
core   0: 3 0x0000000080002c60 (0xdc823f07) f30 0x0010000000000000 mem 0x000000008000af58
core   0: 0x0000000080002c64 (0x40220233) sub     tp, tp, sp
core   0: 3 0x0000000080002c64 (0x40220233) x4  0x000000008000a190
core   0: 0x0000000080002c68 (0x00000113) li      sp, 0
core   0: 3 0x0000000080002c68 (0x00000113) x2  0x0000000000000000
core   0: 0x0000000080002c6c (0x00311073) csrw    fcsr, sp
core   0: 3 0x0000000080002c6c (0x00311073) c1_fflags 0x0000000000000000 c2_frm 0x0000000000000000
core   0: 0x0000000080002c70 (0xa3ef9fd3) flt.d   t6, ft11, ft10
core   0: 3 0x0000000080002c70 (0xa3ef9fd3) c1_fflags 0x0000000000000010 x31 0x0000000000000000
core   0: 0x0000000080002c74 (0x003022f3) csrr    t0, fcsr
core   0: 3 0x0000000080002c74 (0x003022f3) x5  0x0000000000000010
core   0: 0x0000000080002c78 (0x59f0b823) sd      t6, 1424(ra)
core   0: 3 0x0000000080002c78 (0x59f0b823) mem 0x0000000080010058 0x0000000000000000
core   0: 0x0000000080002c7c (0x5850bc23) sd      t0, 1432(ra)
core   0: 3 0x0000000080002c7c (0x5850bc23) mem 0x0000000080010060 0x0000000000000010
core   0: >>>>  inst_245
core   0: 0x0000000080002c80 (0x00100113) li      sp, 1
core   0: 3 0x0000000080002c80 (0x00100113) x2  0x0000000000000001
core   0: 0x0000000080002c84 (0x00c11113) slli    sp, sp, 12
core   0: 3 0x0000000080002c84 (0x00c11113) x2  0x0000000000001000
core   0: 0x0000000080002c88 (0x00220233) add     tp, tp, sp
core   0: 3 0x0000000080002c88 (0x00220233) x4  0x000000008000b190
core   0: 0x0000000080002c8c (0xdd023f87) fld     ft11, -560(tp)
core   0: 3 0x0000000080002c8c (0xdd023f87) f31 0x7ff8000000000000 mem 0x000000008000af60
core   0: 0x0000000080002c90 (0x40220233) sub     tp, tp, sp
core   0: 3 0x0000000080002c90 (0x40220233) x4  0x000000008000a190
core   0: 0x0000000080002c94 (0x00100113) li      sp, 1
core   0: 3 0x0000000080002c94 (0x00100113) x2  0x0000000000000001
core   0: 0x0000000080002c98 (0x00c11113) slli    sp, sp, 12
core   0: 3 0x0000000080002c98 (0x00c11113) x2  0x0000000000001000
core   0: 0x0000000080002c9c (0x00220233) add     tp, tp, sp
core   0: 3 0x0000000080002c9c (0x00220233) x4  0x000000008000b190
core   0: 0x0000000080002ca0 (0xdd823f07) fld     ft10, -552(tp)
core   0: 3 0x0000000080002ca0 (0xdd823f07) f30 0x0010000000000002 mem 0x000000008000af68
core   0: 0x0000000080002ca4 (0x40220233) sub     tp, tp, sp
core   0: 3 0x0000000080002ca4 (0x40220233) x4  0x000000008000a190
core   0: 0x0000000080002ca8 (0x00000113) li      sp, 0
core   0: 3 0x0000000080002ca8 (0x00000113) x2  0x0000000000000000
core   0: 0x0000000080002cac (0x00311073) csrw    fcsr, sp
core   0: 3 0x0000000080002cac (0x00311073) c1_fflags 0x0000000000000000 c2_frm 0x0000000000000000
core   0: 0x0000000080002cb0 (0xa3ef9fd3) flt.d   t6, ft11, ft10
core   0: 3 0x0000000080002cb0 (0xa3ef9fd3) c1_fflags 0x0000000000000010 x31 0x0000000000000000
core   0: 0x0000000080002cb4 (0x003022f3) csrr    t0, fcsr
core   0: 3 0x0000000080002cb4 (0x003022f3) x5  0x0000000000000010
core   0: 0x0000000080002cb8 (0x5bf0b023) sd      t6, 1440(ra)
core   0: 3 0x0000000080002cb8 (0x5bf0b023) mem 0x0000000080010068 0x0000000000000000
core   0: 0x0000000080002cbc (0x5a50b423) sd      t0, 1448(ra)
core   0: 3 0x0000000080002cbc (0x5a50b423) mem 0x0000000080010070 0x0000000000000010
core   0: >>>>  inst_246
core   0: 0x0000000080002cc0 (0x00100113) li      sp, 1
core   0: 3 0x0000000080002cc0 (0x00100113) x2  0x0000000000000001
core   0: 0x0000000080002cc4 (0x00c11113) slli    sp, sp, 12
core   0: 3 0x0000000080002cc4 (0x00c11113) x2  0x0000000000001000
core   0: 0x0000000080002cc8 (0x00220233) add     tp, tp, sp
core   0: 3 0x0000000080002cc8 (0x00220233) x4  0x000000008000b190
core   0: 0x0000000080002ccc (0xde023f87) fld     ft11, -544(tp)
core   0: 3 0x0000000080002ccc (0xde023f87) f31 0x7ff8000000000000 mem 0x000000008000af70
core   0: 0x0000000080002cd0 (0x40220233) sub     tp, tp, sp
core   0: 3 0x0000000080002cd0 (0x40220233) x4  0x000000008000a190
core   0: 0x0000000080002cd4 (0x00100113) li      sp, 1
core   0: 3 0x0000000080002cd4 (0x00100113) x2  0x0000000000000001
core   0: 0x0000000080002cd8 (0x00c11113) slli    sp, sp, 12
core   0: 3 0x0000000080002cd8 (0x00c11113) x2  0x0000000000001000
core   0: 0x0000000080002cdc (0x00220233) add     tp, tp, sp
core   0: 3 0x0000000080002cdc (0x00220233) x4  0x000000008000b190
core   0: 0x0000000080002ce0 (0xde823f07) fld     ft10, -536(tp)
core   0: 3 0x0000000080002ce0 (0xde823f07) f30 0x3ff0000000000000 mem 0x000000008000af78
core   0: 0x0000000080002ce4 (0x40220233) sub     tp, tp, sp
core   0: 3 0x0000000080002ce4 (0x40220233) x4  0x000000008000a190
core   0: 0x0000000080002ce8 (0x00000113) li      sp, 0
core   0: 3 0x0000000080002ce8 (0x00000113) x2  0x0000000000000000
core   0: 0x0000000080002cec (0x00311073) csrw    fcsr, sp
core   0: 3 0x0000000080002cec (0x00311073) c1_fflags 0x0000000000000000 c2_frm 0x0000000000000000
core   0: 0x0000000080002cf0 (0xa3ef9fd3) flt.d   t6, ft11, ft10
core   0: 3 0x0000000080002cf0 (0xa3ef9fd3) c1_fflags 0x0000000000000010 x31 0x0000000000000000
core   0: 0x0000000080002cf4 (0x003022f3) csrr    t0, fcsr
core   0: 3 0x0000000080002cf4 (0x003022f3) x5  0x0000000000000010
core   0: 0x0000000080002cf8 (0x5bf0b823) sd      t6, 1456(ra)
core   0: 3 0x0000000080002cf8 (0x5bf0b823) mem 0x0000000080010078 0x0000000000000000
core   0: 0x0000000080002cfc (0x5a50bc23) sd      t0, 1464(ra)
core   0: 3 0x0000000080002cfc (0x5a50bc23) mem 0x0000000080010080 0x0000000000000010
core   0: >>>>  inst_247
core   0: 0x0000000080002d00 (0x00100113) li      sp, 1
core   0: 3 0x0000000080002d00 (0x00100113) x2  0x0000000000000001
core   0: 0x0000000080002d04 (0x00c11113) slli    sp, sp, 12
core   0: 3 0x0000000080002d04 (0x00c11113) x2  0x0000000000001000
core   0: 0x0000000080002d08 (0x00220233) add     tp, tp, sp
core   0: 3 0x0000000080002d08 (0x00220233) x4  0x000000008000b190
core   0: 0x0000000080002d0c (0xdf023f87) fld     ft11, -528(tp)
core   0: 3 0x0000000080002d0c (0xdf023f87) f31 0x7ff8000000000000 mem 0x000000008000af80
core   0: 0x0000000080002d10 (0x40220233) sub     tp, tp, sp
core   0: 3 0x0000000080002d10 (0x40220233) x4  0x000000008000a190
core   0: 0x0000000080002d14 (0x00100113) li      sp, 1
core   0: 3 0x0000000080002d14 (0x00100113) x2  0x0000000000000001
core   0: 0x0000000080002d18 (0x00c11113) slli    sp, sp, 12
core   0: 3 0x0000000080002d18 (0x00c11113) x2  0x0000000000001000
core   0: 0x0000000080002d1c (0x00220233) add     tp, tp, sp
core   0: 3 0x0000000080002d1c (0x00220233) x4  0x000000008000b190
core   0: 0x0000000080002d20 (0xdf823f07) fld     ft10, -520(tp)
core   0: 3 0x0000000080002d20 (0xdf823f07) f30 0x7fefffffffffffff mem 0x000000008000af88
core   0: 0x0000000080002d24 (0x40220233) sub     tp, tp, sp
core   0: 3 0x0000000080002d24 (0x40220233) x4  0x000000008000a190
core   0: 0x0000000080002d28 (0x00000113) li      sp, 0
core   0: 3 0x0000000080002d28 (0x00000113) x2  0x0000000000000000
core   0: 0x0000000080002d2c (0x00311073) csrw    fcsr, sp
core   0: 3 0x0000000080002d2c (0x00311073) c1_fflags 0x0000000000000000 c2_frm 0x0000000000000000
core   0: 0x0000000080002d30 (0xa3ef9fd3) flt.d   t6, ft11, ft10
core   0: 3 0x0000000080002d30 (0xa3ef9fd3) c1_fflags 0x0000000000000010 x31 0x0000000000000000
core   0: 0x0000000080002d34 (0x003022f3) csrr    t0, fcsr
core   0: 3 0x0000000080002d34 (0x003022f3) x5  0x0000000000000010
core   0: 0x0000000080002d38 (0x5df0b023) sd      t6, 1472(ra)
core   0: 3 0x0000000080002d38 (0x5df0b023) mem 0x0000000080010088 0x0000000000000000
core   0: 0x0000000080002d3c (0x5c50b423) sd      t0, 1480(ra)
core   0: 3 0x0000000080002d3c (0x5c50b423) mem 0x0000000080010090 0x0000000000000010
core   0: >>>>  inst_248
core   0: 0x0000000080002d40 (0x00100113) li      sp, 1
core   0: 3 0x0000000080002d40 (0x00100113) x2  0x0000000000000001
core   0: 0x0000000080002d44 (0x00c11113) slli    sp, sp, 12
core   0: 3 0x0000000080002d44 (0x00c11113) x2  0x0000000000001000
core   0: 0x0000000080002d48 (0x00220233) add     tp, tp, sp
core   0: 3 0x0000000080002d48 (0x00220233) x4  0x000000008000b190
core   0: 0x0000000080002d4c (0xe0023f87) fld     ft11, -512(tp)
core   0: 3 0x0000000080002d4c (0xe0023f87) f31 0x7ff8000000000000 mem 0x000000008000af90
core   0: 0x0000000080002d50 (0x40220233) sub     tp, tp, sp
core   0: 3 0x0000000080002d50 (0x40220233) x4  0x000000008000a190
core   0: 0x0000000080002d54 (0x00100113) li      sp, 1
core   0: 3 0x0000000080002d54 (0x00100113) x2  0x0000000000000001
core   0: 0x0000000080002d58 (0x00c11113) slli    sp, sp, 12
core   0: 3 0x0000000080002d58 (0x00c11113) x2  0x0000000000001000
core   0: 0x0000000080002d5c (0x00220233) add     tp, tp, sp
core   0: 3 0x0000000080002d5c (0x00220233) x4  0x000000008000b190
core   0: 0x0000000080002d60 (0xe0823f07) fld     ft10, -504(tp)
core   0: 3 0x0000000080002d60 (0xe0823f07) f30 0x7ff0000000000000 mem 0x000000008000af98
core   0: 0x0000000080002d64 (0x40220233) sub     tp, tp, sp
core   0: 3 0x0000000080002d64 (0x40220233) x4  0x000000008000a190
core   0: 0x0000000080002d68 (0x00000113) li      sp, 0
core   0: 3 0x0000000080002d68 (0x00000113) x2  0x0000000000000000
core   0: 0x0000000080002d6c (0x00311073) csrw    fcsr, sp
core   0: 3 0x0000000080002d6c (0x00311073) c1_fflags 0x0000000000000000 c2_frm 0x0000000000000000
core   0: 0x0000000080002d70 (0xa3ef9fd3) flt.d   t6, ft11, ft10
core   0: 3 0x0000000080002d70 (0xa3ef9fd3) c1_fflags 0x0000000000000010 x31 0x0000000000000000
core   0: 0x0000000080002d74 (0x003022f3) csrr    t0, fcsr
core   0: 3 0x0000000080002d74 (0x003022f3) x5  0x0000000000000010
core   0: 0x0000000080002d78 (0x5df0b823) sd      t6, 1488(ra)
core   0: 3 0x0000000080002d78 (0x5df0b823) mem 0x0000000080010098 0x0000000000000000
core   0: 0x0000000080002d7c (0x5c50bc23) sd      t0, 1496(ra)
core   0: 3 0x0000000080002d7c (0x5c50bc23) mem 0x00000000800100a0 0x0000000000000010
core   0: >>>>  inst_249
core   0: 0x0000000080002d80 (0x00100113) li      sp, 1
core   0: 3 0x0000000080002d80 (0x00100113) x2  0x0000000000000001
core   0: 0x0000000080002d84 (0x00c11113) slli    sp, sp, 12
core   0: 3 0x0000000080002d84 (0x00c11113) x2  0x0000000000001000
core   0: 0x0000000080002d88 (0x00220233) add     tp, tp, sp
core   0: 3 0x0000000080002d88 (0x00220233) x4  0x000000008000b190
core   0: 0x0000000080002d8c (0xe1023f87) fld     ft11, -496(tp)
core   0: 3 0x0000000080002d8c (0xe1023f87) f31 0x7ff8000000000000 mem 0x000000008000afa0
core   0: 0x0000000080002d90 (0x40220233) sub     tp, tp, sp
core   0: 3 0x0000000080002d90 (0x40220233) x4  0x000000008000a190
core   0: 0x0000000080002d94 (0x00100113) li      sp, 1
core   0: 3 0x0000000080002d94 (0x00100113) x2  0x0000000000000001
core   0: 0x0000000080002d98 (0x00c11113) slli    sp, sp, 12
core   0: 3 0x0000000080002d98 (0x00c11113) x2  0x0000000000001000
core   0: 0x0000000080002d9c (0x00220233) add     tp, tp, sp
core   0: 3 0x0000000080002d9c (0x00220233) x4  0x000000008000b190
core   0: 0x0000000080002da0 (0xe1823f07) fld     ft10, -488(tp)
core   0: 3 0x0000000080002da0 (0xe1823f07) f30 0x7ff0000000000001 mem 0x000000008000afa8
core   0: 0x0000000080002da4 (0x40220233) sub     tp, tp, sp
core   0: 3 0x0000000080002da4 (0x40220233) x4  0x000000008000a190
core   0: 0x0000000080002da8 (0x00000113) li      sp, 0
core   0: 3 0x0000000080002da8 (0x00000113) x2  0x0000000000000000
core   0: 0x0000000080002dac (0x00311073) csrw    fcsr, sp
core   0: 3 0x0000000080002dac (0x00311073) c1_fflags 0x0000000000000000 c2_frm 0x0000000000000000
core   0: 0x0000000080002db0 (0xa3ef9fd3) flt.d   t6, ft11, ft10
core   0: 3 0x0000000080002db0 (0xa3ef9fd3) c1_fflags 0x0000000000000010 x31 0x0000000000000000
core   0: 0x0000000080002db4 (0x003022f3) csrr    t0, fcsr
core   0: 3 0x0000000080002db4 (0x003022f3) x5  0x0000000000000010
core   0: 0x0000000080002db8 (0x5ff0b023) sd      t6, 1504(ra)
core   0: 3 0x0000000080002db8 (0x5ff0b023) mem 0x00000000800100a8 0x0000000000000000
core   0: 0x0000000080002dbc (0x5e50b423) sd      t0, 1512(ra)
core   0: 3 0x0000000080002dbc (0x5e50b423) mem 0x00000000800100b0 0x0000000000000010
core   0: >>>>  inst_250
core   0: 0x0000000080002dc0 (0x00100113) li      sp, 1
core   0: 3 0x0000000080002dc0 (0x00100113) x2  0x0000000000000001
core   0: 0x0000000080002dc4 (0x00c11113) slli    sp, sp, 12
core   0: 3 0x0000000080002dc4 (0x00c11113) x2  0x0000000000001000
core   0: 0x0000000080002dc8 (0x00220233) add     tp, tp, sp
core   0: 3 0x0000000080002dc8 (0x00220233) x4  0x000000008000b190
core   0: 0x0000000080002dcc (0xe2023f87) fld     ft11, -480(tp)
core   0: 3 0x0000000080002dcc (0xe2023f87) f31 0x7ff8000000000000 mem 0x000000008000afb0
core   0: 0x0000000080002dd0 (0x40220233) sub     tp, tp, sp
core   0: 3 0x0000000080002dd0 (0x40220233) x4  0x000000008000a190
core   0: 0x0000000080002dd4 (0x00100113) li      sp, 1
core   0: 3 0x0000000080002dd4 (0x00100113) x2  0x0000000000000001
core   0: 0x0000000080002dd8 (0x00c11113) slli    sp, sp, 12
core   0: 3 0x0000000080002dd8 (0x00c11113) x2  0x0000000000001000
core   0: 0x0000000080002ddc (0x00220233) add     tp, tp, sp
core   0: 3 0x0000000080002ddc (0x00220233) x4  0x000000008000b190
core   0: 0x0000000080002de0 (0xe2823f07) fld     ft10, -472(tp)
core   0: 3 0x0000000080002de0 (0xe2823f07) f30 0x7ff8000000000000 mem 0x000000008000afb8
core   0: 0x0000000080002de4 (0x40220233) sub     tp, tp, sp
core   0: 3 0x0000000080002de4 (0x40220233) x4  0x000000008000a190
core   0: 0x0000000080002de8 (0x00000113) li      sp, 0
core   0: 3 0x0000000080002de8 (0x00000113) x2  0x0000000000000000
core   0: 0x0000000080002dec (0x00311073) csrw    fcsr, sp
core   0: 3 0x0000000080002dec (0x00311073) c1_fflags 0x0000000000000000 c2_frm 0x0000000000000000
core   0: 0x0000000080002df0 (0xa3ef9fd3) flt.d   t6, ft11, ft10
core   0: 3 0x0000000080002df0 (0xa3ef9fd3) c1_fflags 0x0000000000000010 x31 0x0000000000000000
core   0: 0x0000000080002df4 (0x003022f3) csrr    t0, fcsr
core   0: 3 0x0000000080002df4 (0x003022f3) x5  0x0000000000000010
core   0: 0x0000000080002df8 (0x5ff0b823) sd      t6, 1520(ra)
core   0: 3 0x0000000080002df8 (0x5ff0b823) mem 0x00000000800100b8 0x0000000000000000
core   0: 0x0000000080002dfc (0x5e50bc23) sd      t0, 1528(ra)
core   0: 3 0x0000000080002dfc (0x5e50bc23) mem 0x00000000800100c0 0x0000000000000010
core   0: >>>>  inst_251
core   0: 0x0000000080002e00 (0x00100113) li      sp, 1
core   0: 3 0x0000000080002e00 (0x00100113) x2  0x0000000000000001
core   0: 0x0000000080002e04 (0x00c11113) slli    sp, sp, 12
core   0: 3 0x0000000080002e04 (0x00c11113) x2  0x0000000000001000
core   0: 0x0000000080002e08 (0x00220233) add     tp, tp, sp
core   0: 3 0x0000000080002e08 (0x00220233) x4  0x000000008000b190
core   0: 0x0000000080002e0c (0xe3023f87) fld     ft11, -464(tp)
core   0: 3 0x0000000080002e0c (0xe3023f87) f31 0x7ff8000000000000 mem 0x000000008000afc0
core   0: 0x0000000080002e10 (0x40220233) sub     tp, tp, sp
core   0: 3 0x0000000080002e10 (0x40220233) x4  0x000000008000a190
core   0: 0x0000000080002e14 (0x00100113) li      sp, 1
core   0: 3 0x0000000080002e14 (0x00100113) x2  0x0000000000000001
core   0: 0x0000000080002e18 (0x00c11113) slli    sp, sp, 12
core   0: 3 0x0000000080002e18 (0x00c11113) x2  0x0000000000001000
core   0: 0x0000000080002e1c (0x00220233) add     tp, tp, sp
core   0: 3 0x0000000080002e1c (0x00220233) x4  0x000000008000b190
core   0: 0x0000000080002e20 (0xe3823f07) fld     ft10, -456(tp)
core   0: 3 0x0000000080002e20 (0xe3823f07) f30 0x7ff8000000000001 mem 0x000000008000afc8
core   0: 0x0000000080002e24 (0x40220233) sub     tp, tp, sp
core   0: 3 0x0000000080002e24 (0x40220233) x4  0x000000008000a190
core   0: 0x0000000080002e28 (0x00000113) li      sp, 0
core   0: 3 0x0000000080002e28 (0x00000113) x2  0x0000000000000000
core   0: 0x0000000080002e2c (0x00311073) csrw    fcsr, sp
core   0: 3 0x0000000080002e2c (0x00311073) c1_fflags 0x0000000000000000 c2_frm 0x0000000000000000
core   0: 0x0000000080002e30 (0xa3ef9fd3) flt.d   t6, ft11, ft10
core   0: 3 0x0000000080002e30 (0xa3ef9fd3) c1_fflags 0x0000000000000010 x31 0x0000000000000000
core   0: 0x0000000080002e34 (0x003022f3) csrr    t0, fcsr
core   0: 3 0x0000000080002e34 (0x003022f3) x5  0x0000000000000010
core   0: 0x0000000080002e38 (0x61f0b023) sd      t6, 1536(ra)
core   0: 3 0x0000000080002e38 (0x61f0b023) mem 0x00000000800100c8 0x0000000000000000
core   0: 0x0000000080002e3c (0x6050b423) sd      t0, 1544(ra)
core   0: 3 0x0000000080002e3c (0x6050b423) mem 0x00000000800100d0 0x0000000000000010
core   0: >>>>  inst_252
core   0: 0x0000000080002e40 (0x00100113) li      sp, 1
core   0: 3 0x0000000080002e40 (0x00100113) x2  0x0000000000000001
core   0: 0x0000000080002e44 (0x00c11113) slli    sp, sp, 12
core   0: 3 0x0000000080002e44 (0x00c11113) x2  0x0000000000001000
core   0: 0x0000000080002e48 (0x00220233) add     tp, tp, sp
core   0: 3 0x0000000080002e48 (0x00220233) x4  0x000000008000b190
core   0: 0x0000000080002e4c (0xe4023f87) fld     ft11, -448(tp)
core   0: 3 0x0000000080002e4c (0xe4023f87) f31 0x7ff8000000000000 mem 0x000000008000afd0
core   0: 0x0000000080002e50 (0x40220233) sub     tp, tp, sp
core   0: 3 0x0000000080002e50 (0x40220233) x4  0x000000008000a190
core   0: 0x0000000080002e54 (0x00100113) li      sp, 1
core   0: 3 0x0000000080002e54 (0x00100113) x2  0x0000000000000001
core   0: 0x0000000080002e58 (0x00c11113) slli    sp, sp, 12
core   0: 3 0x0000000080002e58 (0x00c11113) x2  0x0000000000001000
core   0: 0x0000000080002e5c (0x00220233) add     tp, tp, sp
core   0: 3 0x0000000080002e5c (0x00220233) x4  0x000000008000b190
core   0: 0x0000000080002e60 (0xe4823f07) fld     ft10, -440(tp)
core   0: 3 0x0000000080002e60 (0xe4823f07) f30 0x8000000000000000 mem 0x000000008000afd8
core   0: 0x0000000080002e64 (0x40220233) sub     tp, tp, sp
core   0: 3 0x0000000080002e64 (0x40220233) x4  0x000000008000a190
core   0: 0x0000000080002e68 (0x00000113) li      sp, 0
core   0: 3 0x0000000080002e68 (0x00000113) x2  0x0000000000000000
core   0: 0x0000000080002e6c (0x00311073) csrw    fcsr, sp
core   0: 3 0x0000000080002e6c (0x00311073) c1_fflags 0x0000000000000000 c2_frm 0x0000000000000000
core   0: 0x0000000080002e70 (0xa3ef9fd3) flt.d   t6, ft11, ft10
core   0: 3 0x0000000080002e70 (0xa3ef9fd3) c1_fflags 0x0000000000000010 x31 0x0000000000000000
core   0: 0x0000000080002e74 (0x003022f3) csrr    t0, fcsr
core   0: 3 0x0000000080002e74 (0x003022f3) x5  0x0000000000000010
core   0: 0x0000000080002e78 (0x61f0b823) sd      t6, 1552(ra)
core   0: 3 0x0000000080002e78 (0x61f0b823) mem 0x00000000800100d8 0x0000000000000000
core   0: 0x0000000080002e7c (0x6050bc23) sd      t0, 1560(ra)
core   0: 3 0x0000000080002e7c (0x6050bc23) mem 0x00000000800100e0 0x0000000000000010
core   0: >>>>  inst_253
core   0: 0x0000000080002e80 (0x00100113) li      sp, 1
core   0: 3 0x0000000080002e80 (0x00100113) x2  0x0000000000000001
core   0: 0x0000000080002e84 (0x00c11113) slli    sp, sp, 12
core   0: 3 0x0000000080002e84 (0x00c11113) x2  0x0000000000001000
core   0: 0x0000000080002e88 (0x00220233) add     tp, tp, sp
core   0: 3 0x0000000080002e88 (0x00220233) x4  0x000000008000b190
core   0: 0x0000000080002e8c (0xe5023f87) fld     ft11, -432(tp)
core   0: 3 0x0000000080002e8c (0xe5023f87) f31 0x7ff8000000000000 mem 0x000000008000afe0
core   0: 0x0000000080002e90 (0x40220233) sub     tp, tp, sp
core   0: 3 0x0000000080002e90 (0x40220233) x4  0x000000008000a190
core   0: 0x0000000080002e94 (0x00100113) li      sp, 1
core   0: 3 0x0000000080002e94 (0x00100113) x2  0x0000000000000001
core   0: 0x0000000080002e98 (0x00c11113) slli    sp, sp, 12
core   0: 3 0x0000000080002e98 (0x00c11113) x2  0x0000000000001000
core   0: 0x0000000080002e9c (0x00220233) add     tp, tp, sp
core   0: 3 0x0000000080002e9c (0x00220233) x4  0x000000008000b190
core   0: 0x0000000080002ea0 (0xe5823f07) fld     ft10, -424(tp)
core   0: 3 0x0000000080002ea0 (0xe5823f07) f30 0x8000000000000001 mem 0x000000008000afe8
core   0: 0x0000000080002ea4 (0x40220233) sub     tp, tp, sp
core   0: 3 0x0000000080002ea4 (0x40220233) x4  0x000000008000a190
core   0: 0x0000000080002ea8 (0x00000113) li      sp, 0
core   0: 3 0x0000000080002ea8 (0x00000113) x2  0x0000000000000000
core   0: 0x0000000080002eac (0x00311073) csrw    fcsr, sp
core   0: 3 0x0000000080002eac (0x00311073) c1_fflags 0x0000000000000000 c2_frm 0x0000000000000000
core   0: 0x0000000080002eb0 (0xa3ef9fd3) flt.d   t6, ft11, ft10
core   0: 3 0x0000000080002eb0 (0xa3ef9fd3) c1_fflags 0x0000000000000010 x31 0x0000000000000000
core   0: 0x0000000080002eb4 (0x003022f3) csrr    t0, fcsr
core   0: 3 0x0000000080002eb4 (0x003022f3) x5  0x0000000000000010
core   0: 0x0000000080002eb8 (0x63f0b023) sd      t6, 1568(ra)
core   0: 3 0x0000000080002eb8 (0x63f0b023) mem 0x00000000800100e8 0x0000000000000000
core   0: 0x0000000080002ebc (0x6250b423) sd      t0, 1576(ra)
core   0: 3 0x0000000080002ebc (0x6250b423) mem 0x00000000800100f0 0x0000000000000010
core   0: >>>>  inst_254
core   0: 0x0000000080002ec0 (0x00100113) li      sp, 1
core   0: 3 0x0000000080002ec0 (0x00100113) x2  0x0000000000000001
core   0: 0x0000000080002ec4 (0x00c11113) slli    sp, sp, 12
core   0: 3 0x0000000080002ec4 (0x00c11113) x2  0x0000000000001000
core   0: 0x0000000080002ec8 (0x00220233) add     tp, tp, sp
core   0: 3 0x0000000080002ec8 (0x00220233) x4  0x000000008000b190
core   0: 0x0000000080002ecc (0xe6023f87) fld     ft11, -416(tp)
core   0: 3 0x0000000080002ecc (0xe6023f87) f31 0x7ff8000000000000 mem 0x000000008000aff0
core   0: 0x0000000080002ed0 (0x40220233) sub     tp, tp, sp
core   0: 3 0x0000000080002ed0 (0x40220233) x4  0x000000008000a190
core   0: 0x0000000080002ed4 (0x00100113) li      sp, 1
core   0: 3 0x0000000080002ed4 (0x00100113) x2  0x0000000000000001
core   0: 0x0000000080002ed8 (0x00c11113) slli    sp, sp, 12
core   0: 3 0x0000000080002ed8 (0x00c11113) x2  0x0000000000001000
core   0: 0x0000000080002edc (0x00220233) add     tp, tp, sp
core   0: 3 0x0000000080002edc (0x00220233) x4  0x000000008000b190
core   0: 0x0000000080002ee0 (0xe6823f07) fld     ft10, -408(tp)
core   0: 3 0x0000000080002ee0 (0xe6823f07) f30 0x8000000000000002 mem 0x000000008000aff8
core   0: 0x0000000080002ee4 (0x40220233) sub     tp, tp, sp
core   0: 3 0x0000000080002ee4 (0x40220233) x4  0x000000008000a190
core   0: 0x0000000080002ee8 (0x00000113) li      sp, 0
core   0: 3 0x0000000080002ee8 (0x00000113) x2  0x0000000000000000
core   0: 0x0000000080002eec (0x00311073) csrw    fcsr, sp
core   0: 3 0x0000000080002eec (0x00311073) c1_fflags 0x0000000000000000 c2_frm 0x0000000000000000
core   0: 0x0000000080002ef0 (0xa3ef9fd3) flt.d   t6, ft11, ft10
core   0: 3 0x0000000080002ef0 (0xa3ef9fd3) c1_fflags 0x0000000000000010 x31 0x0000000000000000
core   0: 0x0000000080002ef4 (0x003022f3) csrr    t0, fcsr
core   0: 3 0x0000000080002ef4 (0x003022f3) x5  0x0000000000000010
core   0: 0x0000000080002ef8 (0x63f0b823) sd      t6, 1584(ra)
core   0: 3 0x0000000080002ef8 (0x63f0b823) mem 0x00000000800100f8 0x0000000000000000
core   0: 0x0000000080002efc (0x6250bc23) sd      t0, 1592(ra)
core   0: 3 0x0000000080002efc (0x6250bc23) mem 0x0000000080010100 0x0000000000000010
core   0: >>>>  inst_255
core   0: 0x0000000080002f00 (0x00100113) li      sp, 1
core   0: 3 0x0000000080002f00 (0x00100113) x2  0x0000000000000001
core   0: 0x0000000080002f04 (0x00c11113) slli    sp, sp, 12
core   0: 3 0x0000000080002f04 (0x00c11113) x2  0x0000000000001000
core   0: 0x0000000080002f08 (0x00220233) add     tp, tp, sp
core   0: 3 0x0000000080002f08 (0x00220233) x4  0x000000008000b190
core   0: 0x0000000080002f0c (0xe7023f87) fld     ft11, -400(tp)
core   0: 3 0x0000000080002f0c (0xe7023f87) f31 0x7ff8000000000000 mem 0x000000008000b000
core   0: 0x0000000080002f10 (0x40220233) sub     tp, tp, sp
core   0: 3 0x0000000080002f10 (0x40220233) x4  0x000000008000a190
core   0: 0x0000000080002f14 (0x00100113) li      sp, 1
core   0: 3 0x0000000080002f14 (0x00100113) x2  0x0000000000000001
core   0: 0x0000000080002f18 (0x00c11113) slli    sp, sp, 12
core   0: 3 0x0000000080002f18 (0x00c11113) x2  0x0000000000001000
core   0: 0x0000000080002f1c (0x00220233) add     tp, tp, sp
core   0: 3 0x0000000080002f1c (0x00220233) x4  0x000000008000b190
core   0: 0x0000000080002f20 (0xe7823f07) fld     ft10, -392(tp)
core   0: 3 0x0000000080002f20 (0xe7823f07) f30 0x800fffffffffffff mem 0x000000008000b008
core   0: 0x0000000080002f24 (0x40220233) sub     tp, tp, sp
core   0: 3 0x0000000080002f24 (0x40220233) x4  0x000000008000a190
core   0: 0x0000000080002f28 (0x00000113) li      sp, 0
core   0: 3 0x0000000080002f28 (0x00000113) x2  0x0000000000000000
core   0: 0x0000000080002f2c (0x00311073) csrw    fcsr, sp
core   0: 3 0x0000000080002f2c (0x00311073) c1_fflags 0x0000000000000000 c2_frm 0x0000000000000000
core   0: 0x0000000080002f30 (0xa3ef9fd3) flt.d   t6, ft11, ft10
core   0: 3 0x0000000080002f30 (0xa3ef9fd3) c1_fflags 0x0000000000000010 x31 0x0000000000000000
core   0: 0x0000000080002f34 (0x003022f3) csrr    t0, fcsr
core   0: 3 0x0000000080002f34 (0x003022f3) x5  0x0000000000000010
core   0: 0x0000000080002f38 (0x65f0b023) sd      t6, 1600(ra)
core   0: 3 0x0000000080002f38 (0x65f0b023) mem 0x0000000080010108 0x0000000000000000
core   0: 0x0000000080002f3c (0x6450b423) sd      t0, 1608(ra)
core   0: 3 0x0000000080002f3c (0x6450b423) mem 0x0000000080010110 0x0000000000000010
core   0: >>>>  inst_256
core   0: 0x0000000080002f40 (0x00100113) li      sp, 1
core   0: 3 0x0000000080002f40 (0x00100113) x2  0x0000000000000001
core   0: 0x0000000080002f44 (0x00c11113) slli    sp, sp, 12
core   0: 3 0x0000000080002f44 (0x00c11113) x2  0x0000000000001000
core   0: 0x0000000080002f48 (0x00220233) add     tp, tp, sp
core   0: 3 0x0000000080002f48 (0x00220233) x4  0x000000008000b190
core   0: 0x0000000080002f4c (0xe8023f87) fld     ft11, -384(tp)
core   0: 3 0x0000000080002f4c (0xe8023f87) f31 0x7ff8000000000000 mem 0x000000008000b010
core   0: 0x0000000080002f50 (0x40220233) sub     tp, tp, sp
core   0: 3 0x0000000080002f50 (0x40220233) x4  0x000000008000a190
core   0: 0x0000000080002f54 (0x00100113) li      sp, 1
core   0: 3 0x0000000080002f54 (0x00100113) x2  0x0000000000000001
core   0: 0x0000000080002f58 (0x00c11113) slli    sp, sp, 12
core   0: 3 0x0000000080002f58 (0x00c11113) x2  0x0000000000001000
core   0: 0x0000000080002f5c (0x00220233) add     tp, tp, sp
core   0: 3 0x0000000080002f5c (0x00220233) x4  0x000000008000b190
core   0: 0x0000000080002f60 (0xe8823f07) fld     ft10, -376(tp)
core   0: 3 0x0000000080002f60 (0xe8823f07) f30 0x8010000000000000 mem 0x000000008000b018
core   0: 0x0000000080002f64 (0x40220233) sub     tp, tp, sp
core   0: 3 0x0000000080002f64 (0x40220233) x4  0x000000008000a190
core   0: 0x0000000080002f68 (0x00000113) li      sp, 0
core   0: 3 0x0000000080002f68 (0x00000113) x2  0x0000000000000000
core   0: 0x0000000080002f6c (0x00311073) csrw    fcsr, sp
core   0: 3 0x0000000080002f6c (0x00311073) c1_fflags 0x0000000000000000 c2_frm 0x0000000000000000
core   0: 0x0000000080002f70 (0xa3ef9fd3) flt.d   t6, ft11, ft10
core   0: 3 0x0000000080002f70 (0xa3ef9fd3) c1_fflags 0x0000000000000010 x31 0x0000000000000000
core   0: 0x0000000080002f74 (0x003022f3) csrr    t0, fcsr
core   0: 3 0x0000000080002f74 (0x003022f3) x5  0x0000000000000010
core   0: 0x0000000080002f78 (0x65f0b823) sd      t6, 1616(ra)
core   0: 3 0x0000000080002f78 (0x65f0b823) mem 0x0000000080010118 0x0000000000000000
core   0: 0x0000000080002f7c (0x6450bc23) sd      t0, 1624(ra)
core   0: 3 0x0000000080002f7c (0x6450bc23) mem 0x0000000080010120 0x0000000000000010
core   0: >>>>  inst_257
core   0: 0x0000000080002f80 (0x00100113) li      sp, 1
core   0: 3 0x0000000080002f80 (0x00100113) x2  0x0000000000000001
core   0: 0x0000000080002f84 (0x00c11113) slli    sp, sp, 12
core   0: 3 0x0000000080002f84 (0x00c11113) x2  0x0000000000001000
core   0: 0x0000000080002f88 (0x00220233) add     tp, tp, sp
core   0: 3 0x0000000080002f88 (0x00220233) x4  0x000000008000b190
core   0: 0x0000000080002f8c (0xe9023f87) fld     ft11, -368(tp)
core   0: 3 0x0000000080002f8c (0xe9023f87) f31 0x7ff8000000000000 mem 0x000000008000b020
core   0: 0x0000000080002f90 (0x40220233) sub     tp, tp, sp
core   0: 3 0x0000000080002f90 (0x40220233) x4  0x000000008000a190
core   0: 0x0000000080002f94 (0x00100113) li      sp, 1
core   0: 3 0x0000000080002f94 (0x00100113) x2  0x0000000000000001
core   0: 0x0000000080002f98 (0x00c11113) slli    sp, sp, 12
core   0: 3 0x0000000080002f98 (0x00c11113) x2  0x0000000000001000
core   0: 0x0000000080002f9c (0x00220233) add     tp, tp, sp
core   0: 3 0x0000000080002f9c (0x00220233) x4  0x000000008000b190
core   0: 0x0000000080002fa0 (0xe9823f07) fld     ft10, -360(tp)
core   0: 3 0x0000000080002fa0 (0xe9823f07) f30 0x8010000000000002 mem 0x000000008000b028
core   0: 0x0000000080002fa4 (0x40220233) sub     tp, tp, sp
core   0: 3 0x0000000080002fa4 (0x40220233) x4  0x000000008000a190
core   0: 0x0000000080002fa8 (0x00000113) li      sp, 0
core   0: 3 0x0000000080002fa8 (0x00000113) x2  0x0000000000000000
core   0: 0x0000000080002fac (0x00311073) csrw    fcsr, sp
core   0: 3 0x0000000080002fac (0x00311073) c1_fflags 0x0000000000000000 c2_frm 0x0000000000000000
core   0: 0x0000000080002fb0 (0xa3ef9fd3) flt.d   t6, ft11, ft10
core   0: 3 0x0000000080002fb0 (0xa3ef9fd3) c1_fflags 0x0000000000000010 x31 0x0000000000000000
core   0: 0x0000000080002fb4 (0x003022f3) csrr    t0, fcsr
core   0: 3 0x0000000080002fb4 (0x003022f3) x5  0x0000000000000010
core   0: 0x0000000080002fb8 (0x67f0b023) sd      t6, 1632(ra)
core   0: 3 0x0000000080002fb8 (0x67f0b023) mem 0x0000000080010128 0x0000000000000000
core   0: 0x0000000080002fbc (0x6650b423) sd      t0, 1640(ra)
core   0: 3 0x0000000080002fbc (0x6650b423) mem 0x0000000080010130 0x0000000000000010
core   0: >>>>  inst_258
core   0: 0x0000000080002fc0 (0x00100113) li      sp, 1
core   0: 3 0x0000000080002fc0 (0x00100113) x2  0x0000000000000001
core   0: 0x0000000080002fc4 (0x00c11113) slli    sp, sp, 12
core   0: 3 0x0000000080002fc4 (0x00c11113) x2  0x0000000000001000
core   0: 0x0000000080002fc8 (0x00220233) add     tp, tp, sp
core   0: 3 0x0000000080002fc8 (0x00220233) x4  0x000000008000b190
core   0: 0x0000000080002fcc (0xea023f87) fld     ft11, -352(tp)
core   0: 3 0x0000000080002fcc (0xea023f87) f31 0x7ff8000000000000 mem 0x000000008000b030
core   0: 0x0000000080002fd0 (0x40220233) sub     tp, tp, sp
core   0: 3 0x0000000080002fd0 (0x40220233) x4  0x000000008000a190
core   0: 0x0000000080002fd4 (0x00100113) li      sp, 1
core   0: 3 0x0000000080002fd4 (0x00100113) x2  0x0000000000000001
core   0: 0x0000000080002fd8 (0x00c11113) slli    sp, sp, 12
core   0: 3 0x0000000080002fd8 (0x00c11113) x2  0x0000000000001000
core   0: 0x0000000080002fdc (0x00220233) add     tp, tp, sp
core   0: 3 0x0000000080002fdc (0x00220233) x4  0x000000008000b190
core   0: 0x0000000080002fe0 (0xea823f07) fld     ft10, -344(tp)
core   0: 3 0x0000000080002fe0 (0xea823f07) f30 0xbf80000000000000 mem 0x000000008000b038
core   0: 0x0000000080002fe4 (0x40220233) sub     tp, tp, sp
core   0: 3 0x0000000080002fe4 (0x40220233) x4  0x000000008000a190
core   0: 0x0000000080002fe8 (0x00000113) li      sp, 0
core   0: 3 0x0000000080002fe8 (0x00000113) x2  0x0000000000000000
core   0: 0x0000000080002fec (0x00311073) csrw    fcsr, sp
core   0: 3 0x0000000080002fec (0x00311073) c1_fflags 0x0000000000000000 c2_frm 0x0000000000000000
core   0: 0x0000000080002ff0 (0xa3ef9fd3) flt.d   t6, ft11, ft10
core   0: 3 0x0000000080002ff0 (0xa3ef9fd3) c1_fflags 0x0000000000000010 x31 0x0000000000000000
core   0: 0x0000000080002ff4 (0x003022f3) csrr    t0, fcsr
core   0: 3 0x0000000080002ff4 (0x003022f3) x5  0x0000000000000010
core   0: 0x0000000080002ff8 (0x67f0b823) sd      t6, 1648(ra)
core   0: 3 0x0000000080002ff8 (0x67f0b823) mem 0x0000000080010138 0x0000000000000000
core   0: 0x0000000080002ffc (0x6650bc23) sd      t0, 1656(ra)
core   0: 3 0x0000000080002ffc (0x6650bc23) mem 0x0000000080010140 0x0000000000000010
core   0: >>>>  inst_259
core   0: 0x0000000080003000 (0x00100113) li      sp, 1
core   0: 3 0x0000000080003000 (0x00100113) x2  0x0000000000000001
core   0: 0x0000000080003004 (0x00c11113) slli    sp, sp, 12
core   0: 3 0x0000000080003004 (0x00c11113) x2  0x0000000000001000
core   0: 0x0000000080003008 (0x00220233) add     tp, tp, sp
core   0: 3 0x0000000080003008 (0x00220233) x4  0x000000008000b190
core   0: 0x000000008000300c (0xeb023f87) fld     ft11, -336(tp)
core   0: 3 0x000000008000300c (0xeb023f87) f31 0x7ff8000000000000 mem 0x000000008000b040
core   0: 0x0000000080003010 (0x40220233) sub     tp, tp, sp
core   0: 3 0x0000000080003010 (0x40220233) x4  0x000000008000a190
core   0: 0x0000000080003014 (0x00100113) li      sp, 1
core   0: 3 0x0000000080003014 (0x00100113) x2  0x0000000000000001
core   0: 0x0000000080003018 (0x00c11113) slli    sp, sp, 12
core   0: 3 0x0000000080003018 (0x00c11113) x2  0x0000000000001000
core   0: 0x000000008000301c (0x00220233) add     tp, tp, sp
core   0: 3 0x000000008000301c (0x00220233) x4  0x000000008000b190
core   0: 0x0000000080003020 (0xeb823f07) fld     ft10, -328(tp)
core   0: 3 0x0000000080003020 (0xeb823f07) f30 0xffefffffffffffff mem 0x000000008000b048
core   0: 0x0000000080003024 (0x40220233) sub     tp, tp, sp
core   0: 3 0x0000000080003024 (0x40220233) x4  0x000000008000a190
core   0: 0x0000000080003028 (0x00000113) li      sp, 0
core   0: 3 0x0000000080003028 (0x00000113) x2  0x0000000000000000
core   0: 0x000000008000302c (0x00311073) csrw    fcsr, sp
core   0: 3 0x000000008000302c (0x00311073) c1_fflags 0x0000000000000000 c2_frm 0x0000000000000000
core   0: 0x0000000080003030 (0xa3ef9fd3) flt.d   t6, ft11, ft10
core   0: 3 0x0000000080003030 (0xa3ef9fd3) c1_fflags 0x0000000000000010 x31 0x0000000000000000
core   0: 0x0000000080003034 (0x003022f3) csrr    t0, fcsr
core   0: 3 0x0000000080003034 (0x003022f3) x5  0x0000000000000010
core   0: 0x0000000080003038 (0x69f0b023) sd      t6, 1664(ra)
core   0: 3 0x0000000080003038 (0x69f0b023) mem 0x0000000080010148 0x0000000000000000
core   0: 0x000000008000303c (0x6850b423) sd      t0, 1672(ra)
core   0: 3 0x000000008000303c (0x6850b423) mem 0x0000000080010150 0x0000000000000010
core   0: >>>>  inst_260
core   0: 0x0000000080003040 (0x00100113) li      sp, 1
core   0: 3 0x0000000080003040 (0x00100113) x2  0x0000000000000001
core   0: 0x0000000080003044 (0x00c11113) slli    sp, sp, 12
core   0: 3 0x0000000080003044 (0x00c11113) x2  0x0000000000001000
core   0: 0x0000000080003048 (0x00220233) add     tp, tp, sp
core   0: 3 0x0000000080003048 (0x00220233) x4  0x000000008000b190
core   0: 0x000000008000304c (0xec023f87) fld     ft11, -320(tp)
core   0: 3 0x000000008000304c (0xec023f87) f31 0x7ff8000000000000 mem 0x000000008000b050
core   0: 0x0000000080003050 (0x40220233) sub     tp, tp, sp
core   0: 3 0x0000000080003050 (0x40220233) x4  0x000000008000a190
core   0: 0x0000000080003054 (0x00100113) li      sp, 1
core   0: 3 0x0000000080003054 (0x00100113) x2  0x0000000000000001
core   0: 0x0000000080003058 (0x00c11113) slli    sp, sp, 12
core   0: 3 0x0000000080003058 (0x00c11113) x2  0x0000000000001000
core   0: 0x000000008000305c (0x00220233) add     tp, tp, sp
core   0: 3 0x000000008000305c (0x00220233) x4  0x000000008000b190
core   0: 0x0000000080003060 (0xec823f07) fld     ft10, -312(tp)
core   0: 3 0x0000000080003060 (0xec823f07) f30 0xfff0000000000000 mem 0x000000008000b058
core   0: 0x0000000080003064 (0x40220233) sub     tp, tp, sp
core   0: 3 0x0000000080003064 (0x40220233) x4  0x000000008000a190
core   0: 0x0000000080003068 (0x00000113) li      sp, 0
core   0: 3 0x0000000080003068 (0x00000113) x2  0x0000000000000000
core   0: 0x000000008000306c (0x00311073) csrw    fcsr, sp
core   0: 3 0x000000008000306c (0x00311073) c1_fflags 0x0000000000000000 c2_frm 0x0000000000000000
core   0: 0x0000000080003070 (0xa3ef9fd3) flt.d   t6, ft11, ft10
core   0: 3 0x0000000080003070 (0xa3ef9fd3) c1_fflags 0x0000000000000010 x31 0x0000000000000000
core   0: 0x0000000080003074 (0x003022f3) csrr    t0, fcsr
core   0: 3 0x0000000080003074 (0x003022f3) x5  0x0000000000000010
core   0: 0x0000000080003078 (0x69f0b823) sd      t6, 1680(ra)
core   0: 3 0x0000000080003078 (0x69f0b823) mem 0x0000000080010158 0x0000000000000000
core   0: 0x000000008000307c (0x6850bc23) sd      t0, 1688(ra)
core   0: 3 0x000000008000307c (0x6850bc23) mem 0x0000000080010160 0x0000000000000010
core   0: >>>>  inst_261
core   0: 0x0000000080003080 (0x00100113) li      sp, 1
core   0: 3 0x0000000080003080 (0x00100113) x2  0x0000000000000001
core   0: 0x0000000080003084 (0x00c11113) slli    sp, sp, 12
core   0: 3 0x0000000080003084 (0x00c11113) x2  0x0000000000001000
core   0: 0x0000000080003088 (0x00220233) add     tp, tp, sp
core   0: 3 0x0000000080003088 (0x00220233) x4  0x000000008000b190
core   0: 0x000000008000308c (0xed023f87) fld     ft11, -304(tp)
core   0: 3 0x000000008000308c (0xed023f87) f31 0x7ff8000000000000 mem 0x000000008000b060
core   0: 0x0000000080003090 (0x40220233) sub     tp, tp, sp
core   0: 3 0x0000000080003090 (0x40220233) x4  0x000000008000a190
core   0: 0x0000000080003094 (0x00100113) li      sp, 1
core   0: 3 0x0000000080003094 (0x00100113) x2  0x0000000000000001
core   0: 0x0000000080003098 (0x00c11113) slli    sp, sp, 12
core   0: 3 0x0000000080003098 (0x00c11113) x2  0x0000000000001000
core   0: 0x000000008000309c (0x00220233) add     tp, tp, sp
core   0: 3 0x000000008000309c (0x00220233) x4  0x000000008000b190
core   0: 0x00000000800030a0 (0xed823f07) fld     ft10, -296(tp)
core   0: 3 0x00000000800030a0 (0xed823f07) f30 0xfff0000000000001 mem 0x000000008000b068
core   0: 0x00000000800030a4 (0x40220233) sub     tp, tp, sp
core   0: 3 0x00000000800030a4 (0x40220233) x4  0x000000008000a190
core   0: 0x00000000800030a8 (0x00000113) li      sp, 0
core   0: 3 0x00000000800030a8 (0x00000113) x2  0x0000000000000000
core   0: 0x00000000800030ac (0x00311073) csrw    fcsr, sp
core   0: 3 0x00000000800030ac (0x00311073) c1_fflags 0x0000000000000000 c2_frm 0x0000000000000000
core   0: 0x00000000800030b0 (0xa3ef9fd3) flt.d   t6, ft11, ft10
core   0: 3 0x00000000800030b0 (0xa3ef9fd3) c1_fflags 0x0000000000000010 x31 0x0000000000000000
core   0: 0x00000000800030b4 (0x003022f3) csrr    t0, fcsr
core   0: 3 0x00000000800030b4 (0x003022f3) x5  0x0000000000000010
core   0: 0x00000000800030b8 (0x6bf0b023) sd      t6, 1696(ra)
core   0: 3 0x00000000800030b8 (0x6bf0b023) mem 0x0000000080010168 0x0000000000000000
core   0: 0x00000000800030bc (0x6a50b423) sd      t0, 1704(ra)
core   0: 3 0x00000000800030bc (0x6a50b423) mem 0x0000000080010170 0x0000000000000010
core   0: >>>>  inst_262
core   0: 0x00000000800030c0 (0x00100113) li      sp, 1
core   0: 3 0x00000000800030c0 (0x00100113) x2  0x0000000000000001
core   0: 0x00000000800030c4 (0x00c11113) slli    sp, sp, 12
core   0: 3 0x00000000800030c4 (0x00c11113) x2  0x0000000000001000
core   0: 0x00000000800030c8 (0x00220233) add     tp, tp, sp
core   0: 3 0x00000000800030c8 (0x00220233) x4  0x000000008000b190
core   0: 0x00000000800030cc (0xee023f87) fld     ft11, -288(tp)
core   0: 3 0x00000000800030cc (0xee023f87) f31 0x7ff8000000000000 mem 0x000000008000b070
core   0: 0x00000000800030d0 (0x40220233) sub     tp, tp, sp
core   0: 3 0x00000000800030d0 (0x40220233) x4  0x000000008000a190
core   0: 0x00000000800030d4 (0x00100113) li      sp, 1
core   0: 3 0x00000000800030d4 (0x00100113) x2  0x0000000000000001
core   0: 0x00000000800030d8 (0x00c11113) slli    sp, sp, 12
core   0: 3 0x00000000800030d8 (0x00c11113) x2  0x0000000000001000
core   0: 0x00000000800030dc (0x00220233) add     tp, tp, sp
core   0: 3 0x00000000800030dc (0x00220233) x4  0x000000008000b190
core   0: 0x00000000800030e0 (0xee823f07) fld     ft10, -280(tp)
core   0: 3 0x00000000800030e0 (0xee823f07) f30 0xfff8000000000000 mem 0x000000008000b078
core   0: 0x00000000800030e4 (0x40220233) sub     tp, tp, sp
core   0: 3 0x00000000800030e4 (0x40220233) x4  0x000000008000a190
core   0: 0x00000000800030e8 (0x00000113) li      sp, 0
core   0: 3 0x00000000800030e8 (0x00000113) x2  0x0000000000000000
core   0: 0x00000000800030ec (0x00311073) csrw    fcsr, sp
core   0: 3 0x00000000800030ec (0x00311073) c1_fflags 0x0000000000000000 c2_frm 0x0000000000000000
core   0: 0x00000000800030f0 (0xa3ef9fd3) flt.d   t6, ft11, ft10
core   0: 3 0x00000000800030f0 (0xa3ef9fd3) c1_fflags 0x0000000000000010 x31 0x0000000000000000
core   0: 0x00000000800030f4 (0x003022f3) csrr    t0, fcsr
core   0: 3 0x00000000800030f4 (0x003022f3) x5  0x0000000000000010
core   0: 0x00000000800030f8 (0x6bf0b823) sd      t6, 1712(ra)
core   0: 3 0x00000000800030f8 (0x6bf0b823) mem 0x0000000080010178 0x0000000000000000
core   0: 0x00000000800030fc (0x6a50bc23) sd      t0, 1720(ra)
core   0: 3 0x00000000800030fc (0x6a50bc23) mem 0x0000000080010180 0x0000000000000010
core   0: >>>>  inst_263
core   0: 0x0000000080003100 (0x00100113) li      sp, 1
core   0: 3 0x0000000080003100 (0x00100113) x2  0x0000000000000001
core   0: 0x0000000080003104 (0x00c11113) slli    sp, sp, 12
core   0: 3 0x0000000080003104 (0x00c11113) x2  0x0000000000001000
core   0: 0x0000000080003108 (0x00220233) add     tp, tp, sp
core   0: 3 0x0000000080003108 (0x00220233) x4  0x000000008000b190
core   0: 0x000000008000310c (0xef023f87) fld     ft11, -272(tp)
core   0: 3 0x000000008000310c (0xef023f87) f31 0x7ff8000000000000 mem 0x000000008000b080
core   0: 0x0000000080003110 (0x40220233) sub     tp, tp, sp
core   0: 3 0x0000000080003110 (0x40220233) x4  0x000000008000a190
core   0: 0x0000000080003114 (0x00100113) li      sp, 1
core   0: 3 0x0000000080003114 (0x00100113) x2  0x0000000000000001
core   0: 0x0000000080003118 (0x00c11113) slli    sp, sp, 12
core   0: 3 0x0000000080003118 (0x00c11113) x2  0x0000000000001000
core   0: 0x000000008000311c (0x00220233) add     tp, tp, sp
core   0: 3 0x000000008000311c (0x00220233) x4  0x000000008000b190
core   0: 0x0000000080003120 (0xef823f07) fld     ft10, -264(tp)
core   0: 3 0x0000000080003120 (0xef823f07) f30 0xfff8000000000001 mem 0x000000008000b088
core   0: 0x0000000080003124 (0x40220233) sub     tp, tp, sp
core   0: 3 0x0000000080003124 (0x40220233) x4  0x000000008000a190
core   0: 0x0000000080003128 (0x00000113) li      sp, 0
core   0: 3 0x0000000080003128 (0x00000113) x2  0x0000000000000000
core   0: 0x000000008000312c (0x00311073) csrw    fcsr, sp
core   0: 3 0x000000008000312c (0x00311073) c1_fflags 0x0000000000000000 c2_frm 0x0000000000000000
core   0: 0x0000000080003130 (0xa3ef9fd3) flt.d   t6, ft11, ft10
core   0: 3 0x0000000080003130 (0xa3ef9fd3) c1_fflags 0x0000000000000010 x31 0x0000000000000000
core   0: 0x0000000080003134 (0x003022f3) csrr    t0, fcsr
core   0: 3 0x0000000080003134 (0x003022f3) x5  0x0000000000000010
core   0: 0x0000000080003138 (0x6df0b023) sd      t6, 1728(ra)
core   0: 3 0x0000000080003138 (0x6df0b023) mem 0x0000000080010188 0x0000000000000000
core   0: 0x000000008000313c (0x6c50b423) sd      t0, 1736(ra)
core   0: 3 0x000000008000313c (0x6c50b423) mem 0x0000000080010190 0x0000000000000010
core   0: >>>>  inst_264
core   0: 0x0000000080003140 (0x00100113) li      sp, 1
core   0: 3 0x0000000080003140 (0x00100113) x2  0x0000000000000001
core   0: 0x0000000080003144 (0x00c11113) slli    sp, sp, 12
core   0: 3 0x0000000080003144 (0x00c11113) x2  0x0000000000001000
core   0: 0x0000000080003148 (0x00220233) add     tp, tp, sp
core   0: 3 0x0000000080003148 (0x00220233) x4  0x000000008000b190
core   0: 0x000000008000314c (0xf0023f87) fld     ft11, -256(tp)
core   0: 3 0x000000008000314c (0xf0023f87) f31 0x7ff8000000000001 mem 0x000000008000b090
core   0: 0x0000000080003150 (0x40220233) sub     tp, tp, sp
core   0: 3 0x0000000080003150 (0x40220233) x4  0x000000008000a190
core   0: 0x0000000080003154 (0x00100113) li      sp, 1
core   0: 3 0x0000000080003154 (0x00100113) x2  0x0000000000000001
core   0: 0x0000000080003158 (0x00c11113) slli    sp, sp, 12
core   0: 3 0x0000000080003158 (0x00c11113) x2  0x0000000000001000
core   0: 0x000000008000315c (0x00220233) add     tp, tp, sp
core   0: 3 0x000000008000315c (0x00220233) x4  0x000000008000b190
core   0: 0x0000000080003160 (0xf0823f07) fld     ft10, -248(tp)
core   0: 3 0x0000000080003160 (0xf0823f07) f30 0x0000000000000000 mem 0x000000008000b098
core   0: 0x0000000080003164 (0x40220233) sub     tp, tp, sp
core   0: 3 0x0000000080003164 (0x40220233) x4  0x000000008000a190
core   0: 0x0000000080003168 (0x00000113) li      sp, 0
core   0: 3 0x0000000080003168 (0x00000113) x2  0x0000000000000000
core   0: 0x000000008000316c (0x00311073) csrw    fcsr, sp
core   0: 3 0x000000008000316c (0x00311073) c1_fflags 0x0000000000000000 c2_frm 0x0000000000000000
core   0: 0x0000000080003170 (0xa3ef9fd3) flt.d   t6, ft11, ft10
core   0: 3 0x0000000080003170 (0xa3ef9fd3) c1_fflags 0x0000000000000010 x31 0x0000000000000000
core   0: 0x0000000080003174 (0x003022f3) csrr    t0, fcsr
core   0: 3 0x0000000080003174 (0x003022f3) x5  0x0000000000000010
core   0: 0x0000000080003178 (0x6df0b823) sd      t6, 1744(ra)
core   0: 3 0x0000000080003178 (0x6df0b823) mem 0x0000000080010198 0x0000000000000000
core   0: 0x000000008000317c (0x6c50bc23) sd      t0, 1752(ra)
core   0: 3 0x000000008000317c (0x6c50bc23) mem 0x00000000800101a0 0x0000000000000010
core   0: >>>>  inst_265
core   0: 0x0000000080003180 (0x00100113) li      sp, 1
core   0: 3 0x0000000080003180 (0x00100113) x2  0x0000000000000001
core   0: 0x0000000080003184 (0x00c11113) slli    sp, sp, 12
core   0: 3 0x0000000080003184 (0x00c11113) x2  0x0000000000001000
core   0: 0x0000000080003188 (0x00220233) add     tp, tp, sp
core   0: 3 0x0000000080003188 (0x00220233) x4  0x000000008000b190
core   0: 0x000000008000318c (0xf1023f87) fld     ft11, -240(tp)
core   0: 3 0x000000008000318c (0xf1023f87) f31 0x7ff8000000000001 mem 0x000000008000b0a0
core   0: 0x0000000080003190 (0x40220233) sub     tp, tp, sp
core   0: 3 0x0000000080003190 (0x40220233) x4  0x000000008000a190
core   0: 0x0000000080003194 (0x00100113) li      sp, 1
core   0: 3 0x0000000080003194 (0x00100113) x2  0x0000000000000001
core   0: 0x0000000080003198 (0x00c11113) slli    sp, sp, 12
core   0: 3 0x0000000080003198 (0x00c11113) x2  0x0000000000001000
core   0: 0x000000008000319c (0x00220233) add     tp, tp, sp
core   0: 3 0x000000008000319c (0x00220233) x4  0x000000008000b190
core   0: 0x00000000800031a0 (0xf1823f07) fld     ft10, -232(tp)
core   0: 3 0x00000000800031a0 (0xf1823f07) f30 0x0000000000000001 mem 0x000000008000b0a8
core   0: 0x00000000800031a4 (0x40220233) sub     tp, tp, sp
core   0: 3 0x00000000800031a4 (0x40220233) x4  0x000000008000a190
core   0: 0x00000000800031a8 (0x00000113) li      sp, 0
core   0: 3 0x00000000800031a8 (0x00000113) x2  0x0000000000000000
core   0: 0x00000000800031ac (0x00311073) csrw    fcsr, sp
core   0: 3 0x00000000800031ac (0x00311073) c1_fflags 0x0000000000000000 c2_frm 0x0000000000000000
core   0: 0x00000000800031b0 (0xa3ef9fd3) flt.d   t6, ft11, ft10
core   0: 3 0x00000000800031b0 (0xa3ef9fd3) c1_fflags 0x0000000000000010 x31 0x0000000000000000
core   0: 0x00000000800031b4 (0x003022f3) csrr    t0, fcsr
core   0: 3 0x00000000800031b4 (0x003022f3) x5  0x0000000000000010
core   0: 0x00000000800031b8 (0x6ff0b023) sd      t6, 1760(ra)
core   0: 3 0x00000000800031b8 (0x6ff0b023) mem 0x00000000800101a8 0x0000000000000000
core   0: 0x00000000800031bc (0x6e50b423) sd      t0, 1768(ra)
core   0: 3 0x00000000800031bc (0x6e50b423) mem 0x00000000800101b0 0x0000000000000010
core   0: >>>>  inst_266
core   0: 0x00000000800031c0 (0x00100113) li      sp, 1
core   0: 3 0x00000000800031c0 (0x00100113) x2  0x0000000000000001
core   0: 0x00000000800031c4 (0x00c11113) slli    sp, sp, 12
core   0: 3 0x00000000800031c4 (0x00c11113) x2  0x0000000000001000
core   0: 0x00000000800031c8 (0x00220233) add     tp, tp, sp
core   0: 3 0x00000000800031c8 (0x00220233) x4  0x000000008000b190
core   0: 0x00000000800031cc (0xf2023f87) fld     ft11, -224(tp)
core   0: 3 0x00000000800031cc (0xf2023f87) f31 0x7ff8000000000001 mem 0x000000008000b0b0
core   0: 0x00000000800031d0 (0x40220233) sub     tp, tp, sp
core   0: 3 0x00000000800031d0 (0x40220233) x4  0x000000008000a190
core   0: 0x00000000800031d4 (0x00100113) li      sp, 1
core   0: 3 0x00000000800031d4 (0x00100113) x2  0x0000000000000001
core   0: 0x00000000800031d8 (0x00c11113) slli    sp, sp, 12
core   0: 3 0x00000000800031d8 (0x00c11113) x2  0x0000000000001000
core   0: 0x00000000800031dc (0x00220233) add     tp, tp, sp
core   0: 3 0x00000000800031dc (0x00220233) x4  0x000000008000b190
core   0: 0x00000000800031e0 (0xf2823f07) fld     ft10, -216(tp)
core   0: 3 0x00000000800031e0 (0xf2823f07) f30 0x0000000000000002 mem 0x000000008000b0b8
core   0: 0x00000000800031e4 (0x40220233) sub     tp, tp, sp
core   0: 3 0x00000000800031e4 (0x40220233) x4  0x000000008000a190
core   0: 0x00000000800031e8 (0x00000113) li      sp, 0
core   0: 3 0x00000000800031e8 (0x00000113) x2  0x0000000000000000
core   0: 0x00000000800031ec (0x00311073) csrw    fcsr, sp
core   0: 3 0x00000000800031ec (0x00311073) c1_fflags 0x0000000000000000 c2_frm 0x0000000000000000
core   0: 0x00000000800031f0 (0xa3ef9fd3) flt.d   t6, ft11, ft10
core   0: 3 0x00000000800031f0 (0xa3ef9fd3) c1_fflags 0x0000000000000010 x31 0x0000000000000000
core   0: 0x00000000800031f4 (0x003022f3) csrr    t0, fcsr
core   0: 3 0x00000000800031f4 (0x003022f3) x5  0x0000000000000010
core   0: 0x00000000800031f8 (0x6ff0b823) sd      t6, 1776(ra)
core   0: 3 0x00000000800031f8 (0x6ff0b823) mem 0x00000000800101b8 0x0000000000000000
core   0: 0x00000000800031fc (0x6e50bc23) sd      t0, 1784(ra)
core   0: 3 0x00000000800031fc (0x6e50bc23) mem 0x00000000800101c0 0x0000000000000010
core   0: >>>>  inst_267
core   0: 0x0000000080003200 (0x00100113) li      sp, 1
core   0: 3 0x0000000080003200 (0x00100113) x2  0x0000000000000001
core   0: 0x0000000080003204 (0x00c11113) slli    sp, sp, 12
core   0: 3 0x0000000080003204 (0x00c11113) x2  0x0000000000001000
core   0: 0x0000000080003208 (0x00220233) add     tp, tp, sp
core   0: 3 0x0000000080003208 (0x00220233) x4  0x000000008000b190
core   0: 0x000000008000320c (0xf3023f87) fld     ft11, -208(tp)
core   0: 3 0x000000008000320c (0xf3023f87) f31 0x7ff8000000000001 mem 0x000000008000b0c0
core   0: 0x0000000080003210 (0x40220233) sub     tp, tp, sp
core   0: 3 0x0000000080003210 (0x40220233) x4  0x000000008000a190
core   0: 0x0000000080003214 (0x00100113) li      sp, 1
core   0: 3 0x0000000080003214 (0x00100113) x2  0x0000000000000001
core   0: 0x0000000080003218 (0x00c11113) slli    sp, sp, 12
core   0: 3 0x0000000080003218 (0x00c11113) x2  0x0000000000001000
core   0: 0x000000008000321c (0x00220233) add     tp, tp, sp
core   0: 3 0x000000008000321c (0x00220233) x4  0x000000008000b190
core   0: 0x0000000080003220 (0xf3823f07) fld     ft10, -200(tp)
core   0: 3 0x0000000080003220 (0xf3823f07) f30 0x000fffffffffffff mem 0x000000008000b0c8
core   0: 0x0000000080003224 (0x40220233) sub     tp, tp, sp
core   0: 3 0x0000000080003224 (0x40220233) x4  0x000000008000a190
core   0: 0x0000000080003228 (0x00000113) li      sp, 0
core   0: 3 0x0000000080003228 (0x00000113) x2  0x0000000000000000
core   0: 0x000000008000322c (0x00311073) csrw    fcsr, sp
core   0: 3 0x000000008000322c (0x00311073) c1_fflags 0x0000000000000000 c2_frm 0x0000000000000000
core   0: 0x0000000080003230 (0xa3ef9fd3) flt.d   t6, ft11, ft10
core   0: 3 0x0000000080003230 (0xa3ef9fd3) c1_fflags 0x0000000000000010 x31 0x0000000000000000
core   0: 0x0000000080003234 (0x003022f3) csrr    t0, fcsr
core   0: 3 0x0000000080003234 (0x003022f3) x5  0x0000000000000010
core   0: 0x0000000080003238 (0x71f0b023) sd      t6, 1792(ra)
core   0: 3 0x0000000080003238 (0x71f0b023) mem 0x00000000800101c8 0x0000000000000000
core   0: 0x000000008000323c (0x7050b423) sd      t0, 1800(ra)
core   0: 3 0x000000008000323c (0x7050b423) mem 0x00000000800101d0 0x0000000000000010
core   0: >>>>  inst_268
core   0: 0x0000000080003240 (0x00100113) li      sp, 1
core   0: 3 0x0000000080003240 (0x00100113) x2  0x0000000000000001
core   0: 0x0000000080003244 (0x00c11113) slli    sp, sp, 12
core   0: 3 0x0000000080003244 (0x00c11113) x2  0x0000000000001000
core   0: 0x0000000080003248 (0x00220233) add     tp, tp, sp
core   0: 3 0x0000000080003248 (0x00220233) x4  0x000000008000b190
core   0: 0x000000008000324c (0xf4023f87) fld     ft11, -192(tp)
core   0: 3 0x000000008000324c (0xf4023f87) f31 0x7ff8000000000001 mem 0x000000008000b0d0
core   0: 0x0000000080003250 (0x40220233) sub     tp, tp, sp
core   0: 3 0x0000000080003250 (0x40220233) x4  0x000000008000a190
core   0: 0x0000000080003254 (0x00100113) li      sp, 1
core   0: 3 0x0000000080003254 (0x00100113) x2  0x0000000000000001
core   0: 0x0000000080003258 (0x00c11113) slli    sp, sp, 12
core   0: 3 0x0000000080003258 (0x00c11113) x2  0x0000000000001000
core   0: 0x000000008000325c (0x00220233) add     tp, tp, sp
core   0: 3 0x000000008000325c (0x00220233) x4  0x000000008000b190
core   0: 0x0000000080003260 (0xf4823f07) fld     ft10, -184(tp)
core   0: 3 0x0000000080003260 (0xf4823f07) f30 0x0010000000000000 mem 0x000000008000b0d8
core   0: 0x0000000080003264 (0x40220233) sub     tp, tp, sp
core   0: 3 0x0000000080003264 (0x40220233) x4  0x000000008000a190
core   0: 0x0000000080003268 (0x00000113) li      sp, 0
core   0: 3 0x0000000080003268 (0x00000113) x2  0x0000000000000000
core   0: 0x000000008000326c (0x00311073) csrw    fcsr, sp
core   0: 3 0x000000008000326c (0x00311073) c1_fflags 0x0000000000000000 c2_frm 0x0000000000000000
core   0: 0x0000000080003270 (0xa3ef9fd3) flt.d   t6, ft11, ft10
core   0: 3 0x0000000080003270 (0xa3ef9fd3) c1_fflags 0x0000000000000010 x31 0x0000000000000000
core   0: 0x0000000080003274 (0x003022f3) csrr    t0, fcsr
core   0: 3 0x0000000080003274 (0x003022f3) x5  0x0000000000000010
core   0: 0x0000000080003278 (0x71f0b823) sd      t6, 1808(ra)
core   0: 3 0x0000000080003278 (0x71f0b823) mem 0x00000000800101d8 0x0000000000000000
core   0: 0x000000008000327c (0x7050bc23) sd      t0, 1816(ra)
core   0: 3 0x000000008000327c (0x7050bc23) mem 0x00000000800101e0 0x0000000000000010
core   0: >>>>  inst_269
core   0: 0x0000000080003280 (0x00100113) li      sp, 1
core   0: 3 0x0000000080003280 (0x00100113) x2  0x0000000000000001
core   0: 0x0000000080003284 (0x00c11113) slli    sp, sp, 12
core   0: 3 0x0000000080003284 (0x00c11113) x2  0x0000000000001000
core   0: 0x0000000080003288 (0x00220233) add     tp, tp, sp
core   0: 3 0x0000000080003288 (0x00220233) x4  0x000000008000b190
core   0: 0x000000008000328c (0xf5023f87) fld     ft11, -176(tp)
core   0: 3 0x000000008000328c (0xf5023f87) f31 0x7ff8000000000001 mem 0x000000008000b0e0
core   0: 0x0000000080003290 (0x40220233) sub     tp, tp, sp
core   0: 3 0x0000000080003290 (0x40220233) x4  0x000000008000a190
core   0: 0x0000000080003294 (0x00100113) li      sp, 1
core   0: 3 0x0000000080003294 (0x00100113) x2  0x0000000000000001
core   0: 0x0000000080003298 (0x00c11113) slli    sp, sp, 12
core   0: 3 0x0000000080003298 (0x00c11113) x2  0x0000000000001000
core   0: 0x000000008000329c (0x00220233) add     tp, tp, sp
core   0: 3 0x000000008000329c (0x00220233) x4  0x000000008000b190
core   0: 0x00000000800032a0 (0xf5823f07) fld     ft10, -168(tp)
core   0: 3 0x00000000800032a0 (0xf5823f07) f30 0x0010000000000002 mem 0x000000008000b0e8
core   0: 0x00000000800032a4 (0x40220233) sub     tp, tp, sp
core   0: 3 0x00000000800032a4 (0x40220233) x4  0x000000008000a190
core   0: 0x00000000800032a8 (0x00000113) li      sp, 0
core   0: 3 0x00000000800032a8 (0x00000113) x2  0x0000000000000000
core   0: 0x00000000800032ac (0x00311073) csrw    fcsr, sp
core   0: 3 0x00000000800032ac (0x00311073) c1_fflags 0x0000000000000000 c2_frm 0x0000000000000000
core   0: 0x00000000800032b0 (0xa3ef9fd3) flt.d   t6, ft11, ft10
core   0: 3 0x00000000800032b0 (0xa3ef9fd3) c1_fflags 0x0000000000000010 x31 0x0000000000000000
core   0: 0x00000000800032b4 (0x003022f3) csrr    t0, fcsr
core   0: 3 0x00000000800032b4 (0x003022f3) x5  0x0000000000000010
core   0: 0x00000000800032b8 (0x73f0b023) sd      t6, 1824(ra)
core   0: 3 0x00000000800032b8 (0x73f0b023) mem 0x00000000800101e8 0x0000000000000000
core   0: 0x00000000800032bc (0x7250b423) sd      t0, 1832(ra)
core   0: 3 0x00000000800032bc (0x7250b423) mem 0x00000000800101f0 0x0000000000000010
core   0: >>>>  inst_270
core   0: 0x00000000800032c0 (0x00100113) li      sp, 1
core   0: 3 0x00000000800032c0 (0x00100113) x2  0x0000000000000001
core   0: 0x00000000800032c4 (0x00c11113) slli    sp, sp, 12
core   0: 3 0x00000000800032c4 (0x00c11113) x2  0x0000000000001000
core   0: 0x00000000800032c8 (0x00220233) add     tp, tp, sp
core   0: 3 0x00000000800032c8 (0x00220233) x4  0x000000008000b190
core   0: 0x00000000800032cc (0xf6023f87) fld     ft11, -160(tp)
core   0: 3 0x00000000800032cc (0xf6023f87) f31 0x7ff8000000000001 mem 0x000000008000b0f0
core   0: 0x00000000800032d0 (0x40220233) sub     tp, tp, sp
core   0: 3 0x00000000800032d0 (0x40220233) x4  0x000000008000a190
core   0: 0x00000000800032d4 (0x00100113) li      sp, 1
core   0: 3 0x00000000800032d4 (0x00100113) x2  0x0000000000000001
core   0: 0x00000000800032d8 (0x00c11113) slli    sp, sp, 12
core   0: 3 0x00000000800032d8 (0x00c11113) x2  0x0000000000001000
core   0: 0x00000000800032dc (0x00220233) add     tp, tp, sp
core   0: 3 0x00000000800032dc (0x00220233) x4  0x000000008000b190
core   0: 0x00000000800032e0 (0xf6823f07) fld     ft10, -152(tp)
core   0: 3 0x00000000800032e0 (0xf6823f07) f30 0x3ff0000000000000 mem 0x000000008000b0f8
core   0: 0x00000000800032e4 (0x40220233) sub     tp, tp, sp
core   0: 3 0x00000000800032e4 (0x40220233) x4  0x000000008000a190
core   0: 0x00000000800032e8 (0x00000113) li      sp, 0
core   0: 3 0x00000000800032e8 (0x00000113) x2  0x0000000000000000
core   0: 0x00000000800032ec (0x00311073) csrw    fcsr, sp
core   0: 3 0x00000000800032ec (0x00311073) c1_fflags 0x0000000000000000 c2_frm 0x0000000000000000
core   0: 0x00000000800032f0 (0xa3ef9fd3) flt.d   t6, ft11, ft10
core   0: 3 0x00000000800032f0 (0xa3ef9fd3) c1_fflags 0x0000000000000010 x31 0x0000000000000000
core   0: 0x00000000800032f4 (0x003022f3) csrr    t0, fcsr
core   0: 3 0x00000000800032f4 (0x003022f3) x5  0x0000000000000010
core   0: 0x00000000800032f8 (0x73f0b823) sd      t6, 1840(ra)
core   0: 3 0x00000000800032f8 (0x73f0b823) mem 0x00000000800101f8 0x0000000000000000
core   0: 0x00000000800032fc (0x7250bc23) sd      t0, 1848(ra)
core   0: 3 0x00000000800032fc (0x7250bc23) mem 0x0000000080010200 0x0000000000000010
core   0: >>>>  inst_271
core   0: 0x0000000080003300 (0x00100113) li      sp, 1
core   0: 3 0x0000000080003300 (0x00100113) x2  0x0000000000000001
core   0: 0x0000000080003304 (0x00c11113) slli    sp, sp, 12
core   0: 3 0x0000000080003304 (0x00c11113) x2  0x0000000000001000
core   0: 0x0000000080003308 (0x00220233) add     tp, tp, sp
core   0: 3 0x0000000080003308 (0x00220233) x4  0x000000008000b190
core   0: 0x000000008000330c (0xf7023f87) fld     ft11, -144(tp)
core   0: 3 0x000000008000330c (0xf7023f87) f31 0x7ff8000000000001 mem 0x000000008000b100
core   0: 0x0000000080003310 (0x40220233) sub     tp, tp, sp
core   0: 3 0x0000000080003310 (0x40220233) x4  0x000000008000a190
core   0: 0x0000000080003314 (0x00100113) li      sp, 1
core   0: 3 0x0000000080003314 (0x00100113) x2  0x0000000000000001
core   0: 0x0000000080003318 (0x00c11113) slli    sp, sp, 12
core   0: 3 0x0000000080003318 (0x00c11113) x2  0x0000000000001000
core   0: 0x000000008000331c (0x00220233) add     tp, tp, sp
core   0: 3 0x000000008000331c (0x00220233) x4  0x000000008000b190
core   0: 0x0000000080003320 (0xf7823f07) fld     ft10, -136(tp)
core   0: 3 0x0000000080003320 (0xf7823f07) f30 0x7fefffffffffffff mem 0x000000008000b108
core   0: 0x0000000080003324 (0x40220233) sub     tp, tp, sp
core   0: 3 0x0000000080003324 (0x40220233) x4  0x000000008000a190
core   0: 0x0000000080003328 (0x00000113) li      sp, 0
core   0: 3 0x0000000080003328 (0x00000113) x2  0x0000000000000000
core   0: 0x000000008000332c (0x00311073) csrw    fcsr, sp
core   0: 3 0x000000008000332c (0x00311073) c1_fflags 0x0000000000000000 c2_frm 0x0000000000000000
core   0: 0x0000000080003330 (0xa3ef9fd3) flt.d   t6, ft11, ft10
core   0: 3 0x0000000080003330 (0xa3ef9fd3) c1_fflags 0x0000000000000010 x31 0x0000000000000000
core   0: 0x0000000080003334 (0x003022f3) csrr    t0, fcsr
core   0: 3 0x0000000080003334 (0x003022f3) x5  0x0000000000000010
core   0: 0x0000000080003338 (0x75f0b023) sd      t6, 1856(ra)
core   0: 3 0x0000000080003338 (0x75f0b023) mem 0x0000000080010208 0x0000000000000000
core   0: 0x000000008000333c (0x7450b423) sd      t0, 1864(ra)
core   0: 3 0x000000008000333c (0x7450b423) mem 0x0000000080010210 0x0000000000000010
core   0: >>>>  inst_272
core   0: 0x0000000080003340 (0x00100113) li      sp, 1
core   0: 3 0x0000000080003340 (0x00100113) x2  0x0000000000000001
core   0: 0x0000000080003344 (0x00c11113) slli    sp, sp, 12
core   0: 3 0x0000000080003344 (0x00c11113) x2  0x0000000000001000
core   0: 0x0000000080003348 (0x00220233) add     tp, tp, sp
core   0: 3 0x0000000080003348 (0x00220233) x4  0x000000008000b190
core   0: 0x000000008000334c (0xf8023f87) fld     ft11, -128(tp)
core   0: 3 0x000000008000334c (0xf8023f87) f31 0x7ff8000000000001 mem 0x000000008000b110
core   0: 0x0000000080003350 (0x40220233) sub     tp, tp, sp
core   0: 3 0x0000000080003350 (0x40220233) x4  0x000000008000a190
core   0: 0x0000000080003354 (0x00100113) li      sp, 1
core   0: 3 0x0000000080003354 (0x00100113) x2  0x0000000000000001
core   0: 0x0000000080003358 (0x00c11113) slli    sp, sp, 12
core   0: 3 0x0000000080003358 (0x00c11113) x2  0x0000000000001000
core   0: 0x000000008000335c (0x00220233) add     tp, tp, sp
core   0: 3 0x000000008000335c (0x00220233) x4  0x000000008000b190
core   0: 0x0000000080003360 (0xf8823f07) fld     ft10, -120(tp)
core   0: 3 0x0000000080003360 (0xf8823f07) f30 0x7ff0000000000000 mem 0x000000008000b118
core   0: 0x0000000080003364 (0x40220233) sub     tp, tp, sp
core   0: 3 0x0000000080003364 (0x40220233) x4  0x000000008000a190
core   0: 0x0000000080003368 (0x00000113) li      sp, 0
core   0: 3 0x0000000080003368 (0x00000113) x2  0x0000000000000000
core   0: 0x000000008000336c (0x00311073) csrw    fcsr, sp
core   0: 3 0x000000008000336c (0x00311073) c1_fflags 0x0000000000000000 c2_frm 0x0000000000000000
core   0: 0x0000000080003370 (0xa3ef9fd3) flt.d   t6, ft11, ft10
core   0: 3 0x0000000080003370 (0xa3ef9fd3) c1_fflags 0x0000000000000010 x31 0x0000000000000000
core   0: 0x0000000080003374 (0x003022f3) csrr    t0, fcsr
core   0: 3 0x0000000080003374 (0x003022f3) x5  0x0000000000000010
core   0: 0x0000000080003378 (0x75f0b823) sd      t6, 1872(ra)
core   0: 3 0x0000000080003378 (0x75f0b823) mem 0x0000000080010218 0x0000000000000000
core   0: 0x000000008000337c (0x7450bc23) sd      t0, 1880(ra)
core   0: 3 0x000000008000337c (0x7450bc23) mem 0x0000000080010220 0x0000000000000010
core   0: >>>>  inst_273
core   0: 0x0000000080003380 (0x00100113) li      sp, 1
core   0: 3 0x0000000080003380 (0x00100113) x2  0x0000000000000001
core   0: 0x0000000080003384 (0x00c11113) slli    sp, sp, 12
core   0: 3 0x0000000080003384 (0x00c11113) x2  0x0000000000001000
core   0: 0x0000000080003388 (0x00220233) add     tp, tp, sp
core   0: 3 0x0000000080003388 (0x00220233) x4  0x000000008000b190
core   0: 0x000000008000338c (0xf9023f87) fld     ft11, -112(tp)
core   0: 3 0x000000008000338c (0xf9023f87) f31 0x7ff8000000000001 mem 0x000000008000b120
core   0: 0x0000000080003390 (0x40220233) sub     tp, tp, sp
core   0: 3 0x0000000080003390 (0x40220233) x4  0x000000008000a190
core   0: 0x0000000080003394 (0x00100113) li      sp, 1
core   0: 3 0x0000000080003394 (0x00100113) x2  0x0000000000000001
core   0: 0x0000000080003398 (0x00c11113) slli    sp, sp, 12
core   0: 3 0x0000000080003398 (0x00c11113) x2  0x0000000000001000
core   0: 0x000000008000339c (0x00220233) add     tp, tp, sp
core   0: 3 0x000000008000339c (0x00220233) x4  0x000000008000b190
core   0: 0x00000000800033a0 (0xf9823f07) fld     ft10, -104(tp)
core   0: 3 0x00000000800033a0 (0xf9823f07) f30 0x7ff0000000000001 mem 0x000000008000b128
core   0: 0x00000000800033a4 (0x40220233) sub     tp, tp, sp
core   0: 3 0x00000000800033a4 (0x40220233) x4  0x000000008000a190
core   0: 0x00000000800033a8 (0x00000113) li      sp, 0
core   0: 3 0x00000000800033a8 (0x00000113) x2  0x0000000000000000
core   0: 0x00000000800033ac (0x00311073) csrw    fcsr, sp
core   0: 3 0x00000000800033ac (0x00311073) c1_fflags 0x0000000000000000 c2_frm 0x0000000000000000
core   0: 0x00000000800033b0 (0xa3ef9fd3) flt.d   t6, ft11, ft10
core   0: 3 0x00000000800033b0 (0xa3ef9fd3) c1_fflags 0x0000000000000010 x31 0x0000000000000000
core   0: 0x00000000800033b4 (0x003022f3) csrr    t0, fcsr
core   0: 3 0x00000000800033b4 (0x003022f3) x5  0x0000000000000010
core   0: 0x00000000800033b8 (0x77f0b023) sd      t6, 1888(ra)
core   0: 3 0x00000000800033b8 (0x77f0b023) mem 0x0000000080010228 0x0000000000000000
core   0: 0x00000000800033bc (0x7650b423) sd      t0, 1896(ra)
core   0: 3 0x00000000800033bc (0x7650b423) mem 0x0000000080010230 0x0000000000000010
core   0: >>>>  inst_274
core   0: 0x00000000800033c0 (0x00100113) li      sp, 1
core   0: 3 0x00000000800033c0 (0x00100113) x2  0x0000000000000001
core   0: 0x00000000800033c4 (0x00c11113) slli    sp, sp, 12
core   0: 3 0x00000000800033c4 (0x00c11113) x2  0x0000000000001000
core   0: 0x00000000800033c8 (0x00220233) add     tp, tp, sp
core   0: 3 0x00000000800033c8 (0x00220233) x4  0x000000008000b190
core   0: 0x00000000800033cc (0xfa023f87) fld     ft11, -96(tp)
core   0: 3 0x00000000800033cc (0xfa023f87) f31 0x7ff8000000000001 mem 0x000000008000b130
core   0: 0x00000000800033d0 (0x40220233) sub     tp, tp, sp
core   0: 3 0x00000000800033d0 (0x40220233) x4  0x000000008000a190
core   0: 0x00000000800033d4 (0x00100113) li      sp, 1
core   0: 3 0x00000000800033d4 (0x00100113) x2  0x0000000000000001
core   0: 0x00000000800033d8 (0x00c11113) slli    sp, sp, 12
core   0: 3 0x00000000800033d8 (0x00c11113) x2  0x0000000000001000
core   0: 0x00000000800033dc (0x00220233) add     tp, tp, sp
core   0: 3 0x00000000800033dc (0x00220233) x4  0x000000008000b190
core   0: 0x00000000800033e0 (0xfa823f07) fld     ft10, -88(tp)
core   0: 3 0x00000000800033e0 (0xfa823f07) f30 0x7ff8000000000000 mem 0x000000008000b138
core   0: 0x00000000800033e4 (0x40220233) sub     tp, tp, sp
core   0: 3 0x00000000800033e4 (0x40220233) x4  0x000000008000a190
core   0: 0x00000000800033e8 (0x00000113) li      sp, 0
core   0: 3 0x00000000800033e8 (0x00000113) x2  0x0000000000000000
core   0: 0x00000000800033ec (0x00311073) csrw    fcsr, sp
core   0: 3 0x00000000800033ec (0x00311073) c1_fflags 0x0000000000000000 c2_frm 0x0000000000000000
core   0: 0x00000000800033f0 (0xa3ef9fd3) flt.d   t6, ft11, ft10
core   0: 3 0x00000000800033f0 (0xa3ef9fd3) c1_fflags 0x0000000000000010 x31 0x0000000000000000
core   0: 0x00000000800033f4 (0x003022f3) csrr    t0, fcsr
core   0: 3 0x00000000800033f4 (0x003022f3) x5  0x0000000000000010
core   0: 0x00000000800033f8 (0x77f0b823) sd      t6, 1904(ra)
core   0: 3 0x00000000800033f8 (0x77f0b823) mem 0x0000000080010238 0x0000000000000000
core   0: 0x00000000800033fc (0x7650bc23) sd      t0, 1912(ra)
core   0: 3 0x00000000800033fc (0x7650bc23) mem 0x0000000080010240 0x0000000000000010
core   0: >>>>  inst_275
core   0: 0x0000000080003400 (0x00100113) li      sp, 1
core   0: 3 0x0000000080003400 (0x00100113) x2  0x0000000000000001
core   0: 0x0000000080003404 (0x00c11113) slli    sp, sp, 12
core   0: 3 0x0000000080003404 (0x00c11113) x2  0x0000000000001000
core   0: 0x0000000080003408 (0x00220233) add     tp, tp, sp
core   0: 3 0x0000000080003408 (0x00220233) x4  0x000000008000b190
core   0: 0x000000008000340c (0xfb023f87) fld     ft11, -80(tp)
core   0: 3 0x000000008000340c (0xfb023f87) f31 0x7ff8000000000001 mem 0x000000008000b140
core   0: 0x0000000080003410 (0x40220233) sub     tp, tp, sp
core   0: 3 0x0000000080003410 (0x40220233) x4  0x000000008000a190
core   0: 0x0000000080003414 (0x00100113) li      sp, 1
core   0: 3 0x0000000080003414 (0x00100113) x2  0x0000000000000001
core   0: 0x0000000080003418 (0x00c11113) slli    sp, sp, 12
core   0: 3 0x0000000080003418 (0x00c11113) x2  0x0000000000001000
core   0: 0x000000008000341c (0x00220233) add     tp, tp, sp
core   0: 3 0x000000008000341c (0x00220233) x4  0x000000008000b190
core   0: 0x0000000080003420 (0xfb823f07) fld     ft10, -72(tp)
core   0: 3 0x0000000080003420 (0xfb823f07) f30 0x7ff8000000000001 mem 0x000000008000b148
core   0: 0x0000000080003424 (0x40220233) sub     tp, tp, sp
core   0: 3 0x0000000080003424 (0x40220233) x4  0x000000008000a190
core   0: 0x0000000080003428 (0x00000113) li      sp, 0
core   0: 3 0x0000000080003428 (0x00000113) x2  0x0000000000000000
core   0: 0x000000008000342c (0x00311073) csrw    fcsr, sp
core   0: 3 0x000000008000342c (0x00311073) c1_fflags 0x0000000000000000 c2_frm 0x0000000000000000
core   0: 0x0000000080003430 (0xa3ef9fd3) flt.d   t6, ft11, ft10
core   0: 3 0x0000000080003430 (0xa3ef9fd3) c1_fflags 0x0000000000000010 x31 0x0000000000000000
core   0: 0x0000000080003434 (0x003022f3) csrr    t0, fcsr
core   0: 3 0x0000000080003434 (0x003022f3) x5  0x0000000000000010
core   0: 0x0000000080003438 (0x79f0b023) sd      t6, 1920(ra)
core   0: 3 0x0000000080003438 (0x79f0b023) mem 0x0000000080010248 0x0000000000000000
core   0: 0x000000008000343c (0x7850b423) sd      t0, 1928(ra)
core   0: 3 0x000000008000343c (0x7850b423) mem 0x0000000080010250 0x0000000000000010
core   0: >>>>  inst_276
core   0: 0x0000000080003440 (0x00100113) li      sp, 1
core   0: 3 0x0000000080003440 (0x00100113) x2  0x0000000000000001
core   0: 0x0000000080003444 (0x00c11113) slli    sp, sp, 12
core   0: 3 0x0000000080003444 (0x00c11113) x2  0x0000000000001000
core   0: 0x0000000080003448 (0x00220233) add     tp, tp, sp
core   0: 3 0x0000000080003448 (0x00220233) x4  0x000000008000b190
core   0: 0x000000008000344c (0xfc023f87) fld     ft11, -64(tp)
core   0: 3 0x000000008000344c (0xfc023f87) f31 0x7ff8000000000001 mem 0x000000008000b150
core   0: 0x0000000080003450 (0x40220233) sub     tp, tp, sp
core   0: 3 0x0000000080003450 (0x40220233) x4  0x000000008000a190
core   0: 0x0000000080003454 (0x00100113) li      sp, 1
core   0: 3 0x0000000080003454 (0x00100113) x2  0x0000000000000001
core   0: 0x0000000080003458 (0x00c11113) slli    sp, sp, 12
core   0: 3 0x0000000080003458 (0x00c11113) x2  0x0000000000001000
core   0: 0x000000008000345c (0x00220233) add     tp, tp, sp
core   0: 3 0x000000008000345c (0x00220233) x4  0x000000008000b190
core   0: 0x0000000080003460 (0xfc823f07) fld     ft10, -56(tp)
core   0: 3 0x0000000080003460 (0xfc823f07) f30 0x8000000000000000 mem 0x000000008000b158
core   0: 0x0000000080003464 (0x40220233) sub     tp, tp, sp
core   0: 3 0x0000000080003464 (0x40220233) x4  0x000000008000a190
core   0: 0x0000000080003468 (0x00000113) li      sp, 0
core   0: 3 0x0000000080003468 (0x00000113) x2  0x0000000000000000
core   0: 0x000000008000346c (0x00311073) csrw    fcsr, sp
core   0: 3 0x000000008000346c (0x00311073) c1_fflags 0x0000000000000000 c2_frm 0x0000000000000000
core   0: 0x0000000080003470 (0xa3ef9fd3) flt.d   t6, ft11, ft10
core   0: 3 0x0000000080003470 (0xa3ef9fd3) c1_fflags 0x0000000000000010 x31 0x0000000000000000
core   0: 0x0000000080003474 (0x003022f3) csrr    t0, fcsr
core   0: 3 0x0000000080003474 (0x003022f3) x5  0x0000000000000010
core   0: 0x0000000080003478 (0x79f0b823) sd      t6, 1936(ra)
core   0: 3 0x0000000080003478 (0x79f0b823) mem 0x0000000080010258 0x0000000000000000
core   0: 0x000000008000347c (0x7850bc23) sd      t0, 1944(ra)
core   0: 3 0x000000008000347c (0x7850bc23) mem 0x0000000080010260 0x0000000000000010
core   0: >>>>  inst_277
core   0: 0x0000000080003480 (0x00100113) li      sp, 1
core   0: 3 0x0000000080003480 (0x00100113) x2  0x0000000000000001
core   0: 0x0000000080003484 (0x00c11113) slli    sp, sp, 12
core   0: 3 0x0000000080003484 (0x00c11113) x2  0x0000000000001000
core   0: 0x0000000080003488 (0x00220233) add     tp, tp, sp
core   0: 3 0x0000000080003488 (0x00220233) x4  0x000000008000b190
core   0: 0x000000008000348c (0xfd023f87) fld     ft11, -48(tp)
core   0: 3 0x000000008000348c (0xfd023f87) f31 0x7ff8000000000001 mem 0x000000008000b160
core   0: 0x0000000080003490 (0x40220233) sub     tp, tp, sp
core   0: 3 0x0000000080003490 (0x40220233) x4  0x000000008000a190
core   0: 0x0000000080003494 (0x00100113) li      sp, 1
core   0: 3 0x0000000080003494 (0x00100113) x2  0x0000000000000001
core   0: 0x0000000080003498 (0x00c11113) slli    sp, sp, 12
core   0: 3 0x0000000080003498 (0x00c11113) x2  0x0000000000001000
core   0: 0x000000008000349c (0x00220233) add     tp, tp, sp
core   0: 3 0x000000008000349c (0x00220233) x4  0x000000008000b190
core   0: 0x00000000800034a0 (0xfd823f07) fld     ft10, -40(tp)
core   0: 3 0x00000000800034a0 (0xfd823f07) f30 0x8000000000000001 mem 0x000000008000b168
core   0: 0x00000000800034a4 (0x40220233) sub     tp, tp, sp
core   0: 3 0x00000000800034a4 (0x40220233) x4  0x000000008000a190
core   0: 0x00000000800034a8 (0x00000113) li      sp, 0
core   0: 3 0x00000000800034a8 (0x00000113) x2  0x0000000000000000
core   0: 0x00000000800034ac (0x00311073) csrw    fcsr, sp
core   0: 3 0x00000000800034ac (0x00311073) c1_fflags 0x0000000000000000 c2_frm 0x0000000000000000
core   0: 0x00000000800034b0 (0xa3ef9fd3) flt.d   t6, ft11, ft10
core   0: 3 0x00000000800034b0 (0xa3ef9fd3) c1_fflags 0x0000000000000010 x31 0x0000000000000000
core   0: 0x00000000800034b4 (0x003022f3) csrr    t0, fcsr
core   0: 3 0x00000000800034b4 (0x003022f3) x5  0x0000000000000010
core   0: 0x00000000800034b8 (0x7bf0b023) sd      t6, 1952(ra)
core   0: 3 0x00000000800034b8 (0x7bf0b023) mem 0x0000000080010268 0x0000000000000000
core   0: 0x00000000800034bc (0x7a50b423) sd      t0, 1960(ra)
core   0: 3 0x00000000800034bc (0x7a50b423) mem 0x0000000080010270 0x0000000000000010
core   0: >>>>  inst_278
core   0: 0x00000000800034c0 (0x00100113) li      sp, 1
core   0: 3 0x00000000800034c0 (0x00100113) x2  0x0000000000000001
core   0: 0x00000000800034c4 (0x00c11113) slli    sp, sp, 12
core   0: 3 0x00000000800034c4 (0x00c11113) x2  0x0000000000001000
core   0: 0x00000000800034c8 (0x00220233) add     tp, tp, sp
core   0: 3 0x00000000800034c8 (0x00220233) x4  0x000000008000b190
core   0: 0x00000000800034cc (0xfe023f87) fld     ft11, -32(tp)
core   0: 3 0x00000000800034cc (0xfe023f87) f31 0x7ff8000000000001 mem 0x000000008000b170
core   0: 0x00000000800034d0 (0x40220233) sub     tp, tp, sp
core   0: 3 0x00000000800034d0 (0x40220233) x4  0x000000008000a190
core   0: 0x00000000800034d4 (0x00100113) li      sp, 1
core   0: 3 0x00000000800034d4 (0x00100113) x2  0x0000000000000001
core   0: 0x00000000800034d8 (0x00c11113) slli    sp, sp, 12
core   0: 3 0x00000000800034d8 (0x00c11113) x2  0x0000000000001000
core   0: 0x00000000800034dc (0x00220233) add     tp, tp, sp
core   0: 3 0x00000000800034dc (0x00220233) x4  0x000000008000b190
core   0: 0x00000000800034e0 (0xfe823f07) fld     ft10, -24(tp)
core   0: 3 0x00000000800034e0 (0xfe823f07) f30 0x8000000000000002 mem 0x000000008000b178
core   0: 0x00000000800034e4 (0x40220233) sub     tp, tp, sp
core   0: 3 0x00000000800034e4 (0x40220233) x4  0x000000008000a190
core   0: 0x00000000800034e8 (0x00000113) li      sp, 0
core   0: 3 0x00000000800034e8 (0x00000113) x2  0x0000000000000000
core   0: 0x00000000800034ec (0x00311073) csrw    fcsr, sp
core   0: 3 0x00000000800034ec (0x00311073) c1_fflags 0x0000000000000000 c2_frm 0x0000000000000000
core   0: 0x00000000800034f0 (0xa3ef9fd3) flt.d   t6, ft11, ft10
core   0: 3 0x00000000800034f0 (0xa3ef9fd3) c1_fflags 0x0000000000000010 x31 0x0000000000000000
core   0: 0x00000000800034f4 (0x003022f3) csrr    t0, fcsr
core   0: 3 0x00000000800034f4 (0x003022f3) x5  0x0000000000000010
core   0: 0x00000000800034f8 (0x7bf0b823) sd      t6, 1968(ra)
core   0: 3 0x00000000800034f8 (0x7bf0b823) mem 0x0000000080010278 0x0000000000000000
core   0: 0x00000000800034fc (0x7a50bc23) sd      t0, 1976(ra)
core   0: 3 0x00000000800034fc (0x7a50bc23) mem 0x0000000080010280 0x0000000000000010
core   0: >>>>  inst_279
core   0: 0x0000000080003500 (0x00100113) li      sp, 1
core   0: 3 0x0000000080003500 (0x00100113) x2  0x0000000000000001
core   0: 0x0000000080003504 (0x00c11113) slli    sp, sp, 12
core   0: 3 0x0000000080003504 (0x00c11113) x2  0x0000000000001000
core   0: 0x0000000080003508 (0x00220233) add     tp, tp, sp
core   0: 3 0x0000000080003508 (0x00220233) x4  0x000000008000b190
core   0: 0x000000008000350c (0xff023f87) fld     ft11, -16(tp)
core   0: 3 0x000000008000350c (0xff023f87) f31 0x7ff8000000000001 mem 0x000000008000b180
core   0: 0x0000000080003510 (0x40220233) sub     tp, tp, sp
core   0: 3 0x0000000080003510 (0x40220233) x4  0x000000008000a190
core   0: 0x0000000080003514 (0x00100113) li      sp, 1
core   0: 3 0x0000000080003514 (0x00100113) x2  0x0000000000000001
core   0: 0x0000000080003518 (0x00c11113) slli    sp, sp, 12
core   0: 3 0x0000000080003518 (0x00c11113) x2  0x0000000000001000
core   0: 0x000000008000351c (0x00220233) add     tp, tp, sp
core   0: 3 0x000000008000351c (0x00220233) x4  0x000000008000b190
core   0: 0x0000000080003520 (0xff823f07) fld     ft10, -8(tp)
core   0: 3 0x0000000080003520 (0xff823f07) f30 0x800fffffffffffff mem 0x000000008000b188
core   0: 0x0000000080003524 (0x40220233) sub     tp, tp, sp
core   0: 3 0x0000000080003524 (0x40220233) x4  0x000000008000a190
core   0: 0x0000000080003528 (0x00000113) li      sp, 0
core   0: 3 0x0000000080003528 (0x00000113) x2  0x0000000000000000
core   0: 0x000000008000352c (0x00311073) csrw    fcsr, sp
core   0: 3 0x000000008000352c (0x00311073) c1_fflags 0x0000000000000000 c2_frm 0x0000000000000000
core   0: 0x0000000080003530 (0xa3ef9fd3) flt.d   t6, ft11, ft10
core   0: 3 0x0000000080003530 (0xa3ef9fd3) c1_fflags 0x0000000000000010 x31 0x0000000000000000
core   0: 0x0000000080003534 (0x003022f3) csrr    t0, fcsr
core   0: 3 0x0000000080003534 (0x003022f3) x5  0x0000000000000010
core   0: 0x0000000080003538 (0x7df0b023) sd      t6, 1984(ra)
core   0: 3 0x0000000080003538 (0x7df0b023) mem 0x0000000080010288 0x0000000000000000
core   0: 0x000000008000353c (0x7c50b423) sd      t0, 1992(ra)
core   0: 3 0x000000008000353c (0x7c50b423) mem 0x0000000080010290 0x0000000000000010
core   0: >>>>  inst_280
core   0: 0x0000000080003540 (0x00100113) li      sp, 1
core   0: 3 0x0000000080003540 (0x00100113) x2  0x0000000000000001
core   0: 0x0000000080003544 (0x00c11113) slli    sp, sp, 12
core   0: 3 0x0000000080003544 (0x00c11113) x2  0x0000000000001000
core   0: 0x0000000080003548 (0x00220233) add     tp, tp, sp
core   0: 3 0x0000000080003548 (0x00220233) x4  0x000000008000b190
core   0: 0x000000008000354c (0x00023f87) fld     ft11, 0(tp)
core   0: 3 0x000000008000354c (0x00023f87) f31 0x7ff8000000000001 mem 0x000000008000b190
core   0: 0x0000000080003550 (0x40220233) sub     tp, tp, sp
core   0: 3 0x0000000080003550 (0x40220233) x4  0x000000008000a190
core   0: 0x0000000080003554 (0x00100113) li      sp, 1
core   0: 3 0x0000000080003554 (0x00100113) x2  0x0000000000000001
core   0: 0x0000000080003558 (0x00c11113) slli    sp, sp, 12
core   0: 3 0x0000000080003558 (0x00c11113) x2  0x0000000000001000
core   0: 0x000000008000355c (0x00220233) add     tp, tp, sp
core   0: 3 0x000000008000355c (0x00220233) x4  0x000000008000b190
core   0: 0x0000000080003560 (0x00823f07) fld     ft10, 8(tp)
core   0: 3 0x0000000080003560 (0x00823f07) f30 0x8010000000000000 mem 0x000000008000b198
core   0: 0x0000000080003564 (0x40220233) sub     tp, tp, sp
core   0: 3 0x0000000080003564 (0x40220233) x4  0x000000008000a190
core   0: 0x0000000080003568 (0x00000113) li      sp, 0
core   0: 3 0x0000000080003568 (0x00000113) x2  0x0000000000000000
core   0: 0x000000008000356c (0x00311073) csrw    fcsr, sp
core   0: 3 0x000000008000356c (0x00311073) c1_fflags 0x0000000000000000 c2_frm 0x0000000000000000
core   0: 0x0000000080003570 (0xa3ef9fd3) flt.d   t6, ft11, ft10
core   0: 3 0x0000000080003570 (0xa3ef9fd3) c1_fflags 0x0000000000000010 x31 0x0000000000000000
core   0: 0x0000000080003574 (0x003022f3) csrr    t0, fcsr
core   0: 3 0x0000000080003574 (0x003022f3) x5  0x0000000000000010
core   0: 0x0000000080003578 (0x7df0b823) sd      t6, 2000(ra)
core   0: 3 0x0000000080003578 (0x7df0b823) mem 0x0000000080010298 0x0000000000000000
core   0: 0x000000008000357c (0x7c50bc23) sd      t0, 2008(ra)
core   0: 3 0x000000008000357c (0x7c50bc23) mem 0x00000000800102a0 0x0000000000000010
core   0: >>>>  inst_281
core   0: 0x0000000080003580 (0x00100113) li      sp, 1
core   0: 3 0x0000000080003580 (0x00100113) x2  0x0000000000000001
core   0: 0x0000000080003584 (0x00c11113) slli    sp, sp, 12
core   0: 3 0x0000000080003584 (0x00c11113) x2  0x0000000000001000
core   0: 0x0000000080003588 (0x00220233) add     tp, tp, sp
core   0: 3 0x0000000080003588 (0x00220233) x4  0x000000008000b190
core   0: 0x000000008000358c (0x01023f87) fld     ft11, 16(tp)
core   0: 3 0x000000008000358c (0x01023f87) f31 0x7ff8000000000001 mem 0x000000008000b1a0
core   0: 0x0000000080003590 (0x40220233) sub     tp, tp, sp
core   0: 3 0x0000000080003590 (0x40220233) x4  0x000000008000a190
core   0: 0x0000000080003594 (0x00100113) li      sp, 1
core   0: 3 0x0000000080003594 (0x00100113) x2  0x0000000000000001
core   0: 0x0000000080003598 (0x00c11113) slli    sp, sp, 12
core   0: 3 0x0000000080003598 (0x00c11113) x2  0x0000000000001000
core   0: 0x000000008000359c (0x00220233) add     tp, tp, sp
core   0: 3 0x000000008000359c (0x00220233) x4  0x000000008000b190
core   0: 0x00000000800035a0 (0x01823f07) fld     ft10, 24(tp)
core   0: 3 0x00000000800035a0 (0x01823f07) f30 0x8010000000000002 mem 0x000000008000b1a8
core   0: 0x00000000800035a4 (0x40220233) sub     tp, tp, sp
core   0: 3 0x00000000800035a4 (0x40220233) x4  0x000000008000a190
core   0: 0x00000000800035a8 (0x00000113) li      sp, 0
core   0: 3 0x00000000800035a8 (0x00000113) x2  0x0000000000000000
core   0: 0x00000000800035ac (0x00311073) csrw    fcsr, sp
core   0: 3 0x00000000800035ac (0x00311073) c1_fflags 0x0000000000000000 c2_frm 0x0000000000000000
core   0: 0x00000000800035b0 (0xa3ef9fd3) flt.d   t6, ft11, ft10
core   0: 3 0x00000000800035b0 (0xa3ef9fd3) c1_fflags 0x0000000000000010 x31 0x0000000000000000
core   0: 0x00000000800035b4 (0x003022f3) csrr    t0, fcsr
core   0: 3 0x00000000800035b4 (0x003022f3) x5  0x0000000000000010
core   0: 0x00000000800035b8 (0x7ff0b023) sd      t6, 2016(ra)
core   0: 3 0x00000000800035b8 (0x7ff0b023) mem 0x00000000800102a8 0x0000000000000000
core   0: 0x00000000800035bc (0x7e50b423) sd      t0, 2024(ra)
core   0: 3 0x00000000800035bc (0x7e50b423) mem 0x00000000800102b0 0x0000000000000010
core   0: >>>>  inst_282
core   0: 0x00000000800035c0 (0x00100113) li      sp, 1
core   0: 3 0x00000000800035c0 (0x00100113) x2  0x0000000000000001
core   0: 0x00000000800035c4 (0x00c11113) slli    sp, sp, 12
core   0: 3 0x00000000800035c4 (0x00c11113) x2  0x0000000000001000
core   0: 0x00000000800035c8 (0x00220233) add     tp, tp, sp
core   0: 3 0x00000000800035c8 (0x00220233) x4  0x000000008000b190
core   0: 0x00000000800035cc (0x02023f87) fld     ft11, 32(tp)
core   0: 3 0x00000000800035cc (0x02023f87) f31 0x7ff8000000000001 mem 0x000000008000b1b0
core   0: 0x00000000800035d0 (0x40220233) sub     tp, tp, sp
core   0: 3 0x00000000800035d0 (0x40220233) x4  0x000000008000a190
core   0: 0x00000000800035d4 (0x00100113) li      sp, 1
core   0: 3 0x00000000800035d4 (0x00100113) x2  0x0000000000000001
core   0: 0x00000000800035d8 (0x00c11113) slli    sp, sp, 12
core   0: 3 0x00000000800035d8 (0x00c11113) x2  0x0000000000001000
core   0: 0x00000000800035dc (0x00220233) add     tp, tp, sp
core   0: 3 0x00000000800035dc (0x00220233) x4  0x000000008000b190
core   0: 0x00000000800035e0 (0x02823f07) fld     ft10, 40(tp)
core   0: 3 0x00000000800035e0 (0x02823f07) f30 0xbf80000000000000 mem 0x000000008000b1b8
core   0: 0x00000000800035e4 (0x40220233) sub     tp, tp, sp
core   0: 3 0x00000000800035e4 (0x40220233) x4  0x000000008000a190
core   0: 0x00000000800035e8 (0x00000113) li      sp, 0
core   0: 3 0x00000000800035e8 (0x00000113) x2  0x0000000000000000
core   0: 0x00000000800035ec (0x00311073) csrw    fcsr, sp
core   0: 3 0x00000000800035ec (0x00311073) c1_fflags 0x0000000000000000 c2_frm 0x0000000000000000
core   0: 0x00000000800035f0 (0xa3ef9fd3) flt.d   t6, ft11, ft10
core   0: 3 0x00000000800035f0 (0xa3ef9fd3) c1_fflags 0x0000000000000010 x31 0x0000000000000000
core   0: 0x00000000800035f4 (0x003022f3) csrr    t0, fcsr
core   0: 3 0x00000000800035f4 (0x003022f3) x5  0x0000000000000010
core   0: 0x00000000800035f8 (0x7ff0b823) sd      t6, 2032(ra)
core   0: 3 0x00000000800035f8 (0x7ff0b823) mem 0x00000000800102b8 0x0000000000000000
core   0: 0x00000000800035fc (0x7e50bc23) sd      t0, 2040(ra)
core   0: 3 0x00000000800035fc (0x7e50bc23) mem 0x00000000800102c0 0x0000000000000010
core   0: 0x0000000080003600 (0x0000d097) auipc   ra, 0xd
core   0: 3 0x0000000080003600 (0x0000d097) x1  0x0000000080010600
core   0: 0x0000000080003604 (0xcc808093) addi    ra, ra, -824
core   0: 3 0x0000000080003604 (0xcc808093) x1  0x00000000800102c8
core   0: 0x0000000080003608 (0x00000013) nop
core   0: 3 0x0000000080003608 (0x00000013)
core   0: 0x000000008000360c (0x00000013) nop
core   0: 3 0x000000008000360c (0x00000013)
core   0: 0x0000000080003610 (0x00000013) nop
core   0: 3 0x0000000080003610 (0x00000013)
core   0: 0x0000000080003614 (0x00000013) nop
core   0: 3 0x0000000080003614 (0x00000013)
core   0: 0x0000000080003618 (0x00000013) nop
core   0: 3 0x0000000080003618 (0x00000013)
core   0: 0x000000008000361c (0x00000013) nop
core   0: 3 0x000000008000361c (0x00000013)
core   0: >>>>  inst_283
core   0: 0x0000000080003620 (0x00100113) li      sp, 1
core   0: 3 0x0000000080003620 (0x00100113) x2  0x0000000000000001
core   0: 0x0000000080003624 (0x00c11113) slli    sp, sp, 12
core   0: 3 0x0000000080003624 (0x00c11113) x2  0x0000000000001000
core   0: 0x0000000080003628 (0x00220233) add     tp, tp, sp
core   0: 3 0x0000000080003628 (0x00220233) x4  0x000000008000b190
core   0: 0x000000008000362c (0x03023f87) fld     ft11, 48(tp)
core   0: 3 0x000000008000362c (0x03023f87) f31 0x7ff8000000000001 mem 0x000000008000b1c0
core   0: 0x0000000080003630 (0x40220233) sub     tp, tp, sp
core   0: 3 0x0000000080003630 (0x40220233) x4  0x000000008000a190
core   0: 0x0000000080003634 (0x00100113) li      sp, 1
core   0: 3 0x0000000080003634 (0x00100113) x2  0x0000000000000001
core   0: 0x0000000080003638 (0x00c11113) slli    sp, sp, 12
core   0: 3 0x0000000080003638 (0x00c11113) x2  0x0000000000001000
core   0: 0x000000008000363c (0x00220233) add     tp, tp, sp
core   0: 3 0x000000008000363c (0x00220233) x4  0x000000008000b190
core   0: 0x0000000080003640 (0x03823f07) fld     ft10, 56(tp)
core   0: 3 0x0000000080003640 (0x03823f07) f30 0xffefffffffffffff mem 0x000000008000b1c8
core   0: 0x0000000080003644 (0x40220233) sub     tp, tp, sp
core   0: 3 0x0000000080003644 (0x40220233) x4  0x000000008000a190
core   0: 0x0000000080003648 (0x00000113) li      sp, 0
core   0: 3 0x0000000080003648 (0x00000113) x2  0x0000000000000000
core   0: 0x000000008000364c (0x00311073) csrw    fcsr, sp
core   0: 3 0x000000008000364c (0x00311073) c1_fflags 0x0000000000000000 c2_frm 0x0000000000000000
core   0: 0x0000000080003650 (0xa3ef9fd3) flt.d   t6, ft11, ft10
core   0: 3 0x0000000080003650 (0xa3ef9fd3) c1_fflags 0x0000000000000010 x31 0x0000000000000000
core   0: 0x0000000080003654 (0x003022f3) csrr    t0, fcsr
core   0: 3 0x0000000080003654 (0x003022f3) x5  0x0000000000000010
core   0: 0x0000000080003658 (0x01f0b023) sd      t6, 0(ra)
core   0: 3 0x0000000080003658 (0x01f0b023) mem 0x00000000800102c8 0x0000000000000000
core   0: 0x000000008000365c (0x0050b423) sd      t0, 8(ra)
core   0: 3 0x000000008000365c (0x0050b423) mem 0x00000000800102d0 0x0000000000000010
core   0: >>>>  inst_284
core   0: 0x0000000080003660 (0x00100113) li      sp, 1
core   0: 3 0x0000000080003660 (0x00100113) x2  0x0000000000000001
core   0: 0x0000000080003664 (0x00c11113) slli    sp, sp, 12
core   0: 3 0x0000000080003664 (0x00c11113) x2  0x0000000000001000
core   0: 0x0000000080003668 (0x00220233) add     tp, tp, sp
core   0: 3 0x0000000080003668 (0x00220233) x4  0x000000008000b190
core   0: 0x000000008000366c (0x04023f87) fld     ft11, 64(tp)
core   0: 3 0x000000008000366c (0x04023f87) f31 0x7ff8000000000001 mem 0x000000008000b1d0
core   0: 0x0000000080003670 (0x40220233) sub     tp, tp, sp
core   0: 3 0x0000000080003670 (0x40220233) x4  0x000000008000a190
core   0: 0x0000000080003674 (0x00100113) li      sp, 1
core   0: 3 0x0000000080003674 (0x00100113) x2  0x0000000000000001
core   0: 0x0000000080003678 (0x00c11113) slli    sp, sp, 12
core   0: 3 0x0000000080003678 (0x00c11113) x2  0x0000000000001000
core   0: 0x000000008000367c (0x00220233) add     tp, tp, sp
core   0: 3 0x000000008000367c (0x00220233) x4  0x000000008000b190
core   0: 0x0000000080003680 (0x04823f07) fld     ft10, 72(tp)
core   0: 3 0x0000000080003680 (0x04823f07) f30 0xfff0000000000000 mem 0x000000008000b1d8
core   0: 0x0000000080003684 (0x40220233) sub     tp, tp, sp
core   0: 3 0x0000000080003684 (0x40220233) x4  0x000000008000a190
core   0: 0x0000000080003688 (0x00000113) li      sp, 0
core   0: 3 0x0000000080003688 (0x00000113) x2  0x0000000000000000
core   0: 0x000000008000368c (0x00311073) csrw    fcsr, sp
core   0: 3 0x000000008000368c (0x00311073) c1_fflags 0x0000000000000000 c2_frm 0x0000000000000000
core   0: 0x0000000080003690 (0xa3ef9fd3) flt.d   t6, ft11, ft10
core   0: 3 0x0000000080003690 (0xa3ef9fd3) c1_fflags 0x0000000000000010 x31 0x0000000000000000
core   0: 0x0000000080003694 (0x003022f3) csrr    t0, fcsr
core   0: 3 0x0000000080003694 (0x003022f3) x5  0x0000000000000010
core   0: 0x0000000080003698 (0x01f0b823) sd      t6, 16(ra)
core   0: 3 0x0000000080003698 (0x01f0b823) mem 0x00000000800102d8 0x0000000000000000
core   0: 0x000000008000369c (0x0050bc23) sd      t0, 24(ra)
core   0: 3 0x000000008000369c (0x0050bc23) mem 0x00000000800102e0 0x0000000000000010
core   0: >>>>  inst_285
core   0: 0x00000000800036a0 (0x00100113) li      sp, 1
core   0: 3 0x00000000800036a0 (0x00100113) x2  0x0000000000000001
core   0: 0x00000000800036a4 (0x00c11113) slli    sp, sp, 12
core   0: 3 0x00000000800036a4 (0x00c11113) x2  0x0000000000001000
core   0: 0x00000000800036a8 (0x00220233) add     tp, tp, sp
core   0: 3 0x00000000800036a8 (0x00220233) x4  0x000000008000b190
core   0: 0x00000000800036ac (0x05023f87) fld     ft11, 80(tp)
core   0: 3 0x00000000800036ac (0x05023f87) f31 0x7ff8000000000001 mem 0x000000008000b1e0
core   0: 0x00000000800036b0 (0x40220233) sub     tp, tp, sp
core   0: 3 0x00000000800036b0 (0x40220233) x4  0x000000008000a190
core   0: 0x00000000800036b4 (0x00100113) li      sp, 1
core   0: 3 0x00000000800036b4 (0x00100113) x2  0x0000000000000001
core   0: 0x00000000800036b8 (0x00c11113) slli    sp, sp, 12
core   0: 3 0x00000000800036b8 (0x00c11113) x2  0x0000000000001000
core   0: 0x00000000800036bc (0x00220233) add     tp, tp, sp
core   0: 3 0x00000000800036bc (0x00220233) x4  0x000000008000b190
core   0: 0x00000000800036c0 (0x05823f07) fld     ft10, 88(tp)
core   0: 3 0x00000000800036c0 (0x05823f07) f30 0xfff0000000000001 mem 0x000000008000b1e8
core   0: 0x00000000800036c4 (0x40220233) sub     tp, tp, sp
core   0: 3 0x00000000800036c4 (0x40220233) x4  0x000000008000a190
core   0: 0x00000000800036c8 (0x00000113) li      sp, 0
core   0: 3 0x00000000800036c8 (0x00000113) x2  0x0000000000000000
core   0: 0x00000000800036cc (0x00311073) csrw    fcsr, sp
core   0: 3 0x00000000800036cc (0x00311073) c1_fflags 0x0000000000000000 c2_frm 0x0000000000000000
core   0: 0x00000000800036d0 (0xa3ef9fd3) flt.d   t6, ft11, ft10
core   0: 3 0x00000000800036d0 (0xa3ef9fd3) c1_fflags 0x0000000000000010 x31 0x0000000000000000
core   0: 0x00000000800036d4 (0x003022f3) csrr    t0, fcsr
core   0: 3 0x00000000800036d4 (0x003022f3) x5  0x0000000000000010
core   0: 0x00000000800036d8 (0x03f0b023) sd      t6, 32(ra)
core   0: 3 0x00000000800036d8 (0x03f0b023) mem 0x00000000800102e8 0x0000000000000000
core   0: 0x00000000800036dc (0x0250b423) sd      t0, 40(ra)
core   0: 3 0x00000000800036dc (0x0250b423) mem 0x00000000800102f0 0x0000000000000010
core   0: >>>>  inst_286
core   0: 0x00000000800036e0 (0x00100113) li      sp, 1
core   0: 3 0x00000000800036e0 (0x00100113) x2  0x0000000000000001
core   0: 0x00000000800036e4 (0x00c11113) slli    sp, sp, 12
core   0: 3 0x00000000800036e4 (0x00c11113) x2  0x0000000000001000
core   0: 0x00000000800036e8 (0x00220233) add     tp, tp, sp
core   0: 3 0x00000000800036e8 (0x00220233) x4  0x000000008000b190
core   0: 0x00000000800036ec (0x06023f87) fld     ft11, 96(tp)
core   0: 3 0x00000000800036ec (0x06023f87) f31 0x7ff8000000000001 mem 0x000000008000b1f0
core   0: 0x00000000800036f0 (0x40220233) sub     tp, tp, sp
core   0: 3 0x00000000800036f0 (0x40220233) x4  0x000000008000a190
core   0: 0x00000000800036f4 (0x00100113) li      sp, 1
core   0: 3 0x00000000800036f4 (0x00100113) x2  0x0000000000000001
core   0: 0x00000000800036f8 (0x00c11113) slli    sp, sp, 12
core   0: 3 0x00000000800036f8 (0x00c11113) x2  0x0000000000001000
core   0: 0x00000000800036fc (0x00220233) add     tp, tp, sp
core   0: 3 0x00000000800036fc (0x00220233) x4  0x000000008000b190
core   0: 0x0000000080003700 (0x06823f07) fld     ft10, 104(tp)
core   0: 3 0x0000000080003700 (0x06823f07) f30 0xfff8000000000000 mem 0x000000008000b1f8
core   0: 0x0000000080003704 (0x40220233) sub     tp, tp, sp
core   0: 3 0x0000000080003704 (0x40220233) x4  0x000000008000a190
core   0: 0x0000000080003708 (0x00000113) li      sp, 0
core   0: 3 0x0000000080003708 (0x00000113) x2  0x0000000000000000
core   0: 0x000000008000370c (0x00311073) csrw    fcsr, sp
core   0: 3 0x000000008000370c (0x00311073) c1_fflags 0x0000000000000000 c2_frm 0x0000000000000000
core   0: 0x0000000080003710 (0xa3ef9fd3) flt.d   t6, ft11, ft10
core   0: 3 0x0000000080003710 (0xa3ef9fd3) c1_fflags 0x0000000000000010 x31 0x0000000000000000
core   0: 0x0000000080003714 (0x003022f3) csrr    t0, fcsr
core   0: 3 0x0000000080003714 (0x003022f3) x5  0x0000000000000010
core   0: 0x0000000080003718 (0x03f0b823) sd      t6, 48(ra)
core   0: 3 0x0000000080003718 (0x03f0b823) mem 0x00000000800102f8 0x0000000000000000
core   0: 0x000000008000371c (0x0250bc23) sd      t0, 56(ra)
core   0: 3 0x000000008000371c (0x0250bc23) mem 0x0000000080010300 0x0000000000000010
core   0: >>>>  inst_287
core   0: 0x0000000080003720 (0x00100113) li      sp, 1
core   0: 3 0x0000000080003720 (0x00100113) x2  0x0000000000000001
core   0: 0x0000000080003724 (0x00c11113) slli    sp, sp, 12
core   0: 3 0x0000000080003724 (0x00c11113) x2  0x0000000000001000
core   0: 0x0000000080003728 (0x00220233) add     tp, tp, sp
core   0: 3 0x0000000080003728 (0x00220233) x4  0x000000008000b190
core   0: 0x000000008000372c (0x07023f87) fld     ft11, 112(tp)
core   0: 3 0x000000008000372c (0x07023f87) f31 0x7ff8000000000001 mem 0x000000008000b200
core   0: 0x0000000080003730 (0x40220233) sub     tp, tp, sp
core   0: 3 0x0000000080003730 (0x40220233) x4  0x000000008000a190
core   0: 0x0000000080003734 (0x00100113) li      sp, 1
core   0: 3 0x0000000080003734 (0x00100113) x2  0x0000000000000001
core   0: 0x0000000080003738 (0x00c11113) slli    sp, sp, 12
core   0: 3 0x0000000080003738 (0x00c11113) x2  0x0000000000001000
core   0: 0x000000008000373c (0x00220233) add     tp, tp, sp
core   0: 3 0x000000008000373c (0x00220233) x4  0x000000008000b190
core   0: 0x0000000080003740 (0x07823f07) fld     ft10, 120(tp)
core   0: 3 0x0000000080003740 (0x07823f07) f30 0xfff8000000000001 mem 0x000000008000b208
core   0: 0x0000000080003744 (0x40220233) sub     tp, tp, sp
core   0: 3 0x0000000080003744 (0x40220233) x4  0x000000008000a190
core   0: 0x0000000080003748 (0x00000113) li      sp, 0
core   0: 3 0x0000000080003748 (0x00000113) x2  0x0000000000000000
core   0: 0x000000008000374c (0x00311073) csrw    fcsr, sp
core   0: 3 0x000000008000374c (0x00311073) c1_fflags 0x0000000000000000 c2_frm 0x0000000000000000
core   0: 0x0000000080003750 (0xa3ef9fd3) flt.d   t6, ft11, ft10
core   0: 3 0x0000000080003750 (0xa3ef9fd3) c1_fflags 0x0000000000000010 x31 0x0000000000000000
core   0: 0x0000000080003754 (0x003022f3) csrr    t0, fcsr
core   0: 3 0x0000000080003754 (0x003022f3) x5  0x0000000000000010
core   0: 0x0000000080003758 (0x05f0b023) sd      t6, 64(ra)
core   0: 3 0x0000000080003758 (0x05f0b023) mem 0x0000000080010308 0x0000000000000000
core   0: 0x000000008000375c (0x0450b423) sd      t0, 72(ra)
core   0: 3 0x000000008000375c (0x0450b423) mem 0x0000000080010310 0x0000000000000010
core   0: >>>>  inst_288
core   0: 0x0000000080003760 (0x00100113) li      sp, 1
core   0: 3 0x0000000080003760 (0x00100113) x2  0x0000000000000001
core   0: 0x0000000080003764 (0x00c11113) slli    sp, sp, 12
core   0: 3 0x0000000080003764 (0x00c11113) x2  0x0000000000001000
core   0: 0x0000000080003768 (0x00220233) add     tp, tp, sp
core   0: 3 0x0000000080003768 (0x00220233) x4  0x000000008000b190
core   0: 0x000000008000376c (0x08023f87) fld     ft11, 128(tp)
core   0: 3 0x000000008000376c (0x08023f87) f31 0x8000000000000000 mem 0x000000008000b210
core   0: 0x0000000080003770 (0x40220233) sub     tp, tp, sp
core   0: 3 0x0000000080003770 (0x40220233) x4  0x000000008000a190
core   0: 0x0000000080003774 (0x00100113) li      sp, 1
core   0: 3 0x0000000080003774 (0x00100113) x2  0x0000000000000001
core   0: 0x0000000080003778 (0x00c11113) slli    sp, sp, 12
core   0: 3 0x0000000080003778 (0x00c11113) x2  0x0000000000001000
core   0: 0x000000008000377c (0x00220233) add     tp, tp, sp
core   0: 3 0x000000008000377c (0x00220233) x4  0x000000008000b190
core   0: 0x0000000080003780 (0x08823f07) fld     ft10, 136(tp)
core   0: 3 0x0000000080003780 (0x08823f07) f30 0x0000000000000000 mem 0x000000008000b218
core   0: 0x0000000080003784 (0x40220233) sub     tp, tp, sp
core   0: 3 0x0000000080003784 (0x40220233) x4  0x000000008000a190
core   0: 0x0000000080003788 (0x00000113) li      sp, 0
core   0: 3 0x0000000080003788 (0x00000113) x2  0x0000000000000000
core   0: 0x000000008000378c (0x00311073) csrw    fcsr, sp
core   0: 3 0x000000008000378c (0x00311073) c1_fflags 0x0000000000000000 c2_frm 0x0000000000000000
core   0: 0x0000000080003790 (0xa3ef9fd3) flt.d   t6, ft11, ft10
core   0: 3 0x0000000080003790 (0xa3ef9fd3) x31 0x0000000000000000
core   0: 0x0000000080003794 (0x003022f3) csrr    t0, fcsr
core   0: 3 0x0000000080003794 (0x003022f3) x5  0x0000000000000000
core   0: 0x0000000080003798 (0x05f0b823) sd      t6, 80(ra)
core   0: 3 0x0000000080003798 (0x05f0b823) mem 0x0000000080010318 0x0000000000000000
core   0: 0x000000008000379c (0x0450bc23) sd      t0, 88(ra)
core   0: 3 0x000000008000379c (0x0450bc23) mem 0x0000000080010320 0x0000000000000000
core   0: >>>>  inst_289
core   0: 0x00000000800037a0 (0x00100113) li      sp, 1
core   0: 3 0x00000000800037a0 (0x00100113) x2  0x0000000000000001
core   0: 0x00000000800037a4 (0x00c11113) slli    sp, sp, 12
core   0: 3 0x00000000800037a4 (0x00c11113) x2  0x0000000000001000
core   0: 0x00000000800037a8 (0x00220233) add     tp, tp, sp
core   0: 3 0x00000000800037a8 (0x00220233) x4  0x000000008000b190
core   0: 0x00000000800037ac (0x09023f87) fld     ft11, 144(tp)
core   0: 3 0x00000000800037ac (0x09023f87) f31 0x8000000000000000 mem 0x000000008000b220
core   0: 0x00000000800037b0 (0x40220233) sub     tp, tp, sp
core   0: 3 0x00000000800037b0 (0x40220233) x4  0x000000008000a190
core   0: 0x00000000800037b4 (0x00100113) li      sp, 1
core   0: 3 0x00000000800037b4 (0x00100113) x2  0x0000000000000001
core   0: 0x00000000800037b8 (0x00c11113) slli    sp, sp, 12
core   0: 3 0x00000000800037b8 (0x00c11113) x2  0x0000000000001000
core   0: 0x00000000800037bc (0x00220233) add     tp, tp, sp
core   0: 3 0x00000000800037bc (0x00220233) x4  0x000000008000b190
core   0: 0x00000000800037c0 (0x09823f07) fld     ft10, 152(tp)
core   0: 3 0x00000000800037c0 (0x09823f07) f30 0x0000000000000001 mem 0x000000008000b228
core   0: 0x00000000800037c4 (0x40220233) sub     tp, tp, sp
core   0: 3 0x00000000800037c4 (0x40220233) x4  0x000000008000a190
core   0: 0x00000000800037c8 (0x00000113) li      sp, 0
core   0: 3 0x00000000800037c8 (0x00000113) x2  0x0000000000000000
core   0: 0x00000000800037cc (0x00311073) csrw    fcsr, sp
core   0: 3 0x00000000800037cc (0x00311073) c1_fflags 0x0000000000000000 c2_frm 0x0000000000000000
core   0: 0x00000000800037d0 (0xa3ef9fd3) flt.d   t6, ft11, ft10
core   0: 3 0x00000000800037d0 (0xa3ef9fd3) x31 0x0000000000000001
core   0: 0x00000000800037d4 (0x003022f3) csrr    t0, fcsr
core   0: 3 0x00000000800037d4 (0x003022f3) x5  0x0000000000000000
core   0: 0x00000000800037d8 (0x07f0b023) sd      t6, 96(ra)
core   0: 3 0x00000000800037d8 (0x07f0b023) mem 0x0000000080010328 0x0000000000000001
core   0: 0x00000000800037dc (0x0650b423) sd      t0, 104(ra)
core   0: 3 0x00000000800037dc (0x0650b423) mem 0x0000000080010330 0x0000000000000000
core   0: >>>>  inst_290
core   0: 0x00000000800037e0 (0x00100113) li      sp, 1
core   0: 3 0x00000000800037e0 (0x00100113) x2  0x0000000000000001
core   0: 0x00000000800037e4 (0x00c11113) slli    sp, sp, 12
core   0: 3 0x00000000800037e4 (0x00c11113) x2  0x0000000000001000
core   0: 0x00000000800037e8 (0x00220233) add     tp, tp, sp
core   0: 3 0x00000000800037e8 (0x00220233) x4  0x000000008000b190
core   0: 0x00000000800037ec (0x0a023f87) fld     ft11, 160(tp)
core   0: 3 0x00000000800037ec (0x0a023f87) f31 0x8000000000000000 mem 0x000000008000b230
core   0: 0x00000000800037f0 (0x40220233) sub     tp, tp, sp
core   0: 3 0x00000000800037f0 (0x40220233) x4  0x000000008000a190
core   0: 0x00000000800037f4 (0x00100113) li      sp, 1
core   0: 3 0x00000000800037f4 (0x00100113) x2  0x0000000000000001
core   0: 0x00000000800037f8 (0x00c11113) slli    sp, sp, 12
core   0: 3 0x00000000800037f8 (0x00c11113) x2  0x0000000000001000
core   0: 0x00000000800037fc (0x00220233) add     tp, tp, sp
core   0: 3 0x00000000800037fc (0x00220233) x4  0x000000008000b190
core   0: 0x0000000080003800 (0x0a823f07) fld     ft10, 168(tp)
core   0: 3 0x0000000080003800 (0x0a823f07) f30 0x0000000000000002 mem 0x000000008000b238
core   0: 0x0000000080003804 (0x40220233) sub     tp, tp, sp
core   0: 3 0x0000000080003804 (0x40220233) x4  0x000000008000a190
core   0: 0x0000000080003808 (0x00000113) li      sp, 0
core   0: 3 0x0000000080003808 (0x00000113) x2  0x0000000000000000
core   0: 0x000000008000380c (0x00311073) csrw    fcsr, sp
core   0: 3 0x000000008000380c (0x00311073) c1_fflags 0x0000000000000000 c2_frm 0x0000000000000000
core   0: 0x0000000080003810 (0xa3ef9fd3) flt.d   t6, ft11, ft10
core   0: 3 0x0000000080003810 (0xa3ef9fd3) x31 0x0000000000000001
core   0: 0x0000000080003814 (0x003022f3) csrr    t0, fcsr
core   0: 3 0x0000000080003814 (0x003022f3) x5  0x0000000000000000
core   0: 0x0000000080003818 (0x07f0b823) sd      t6, 112(ra)
core   0: 3 0x0000000080003818 (0x07f0b823) mem 0x0000000080010338 0x0000000000000001
core   0: 0x000000008000381c (0x0650bc23) sd      t0, 120(ra)
core   0: 3 0x000000008000381c (0x0650bc23) mem 0x0000000080010340 0x0000000000000000
core   0: >>>>  inst_291
core   0: 0x0000000080003820 (0x00100113) li      sp, 1
core   0: 3 0x0000000080003820 (0x00100113) x2  0x0000000000000001
core   0: 0x0000000080003824 (0x00c11113) slli    sp, sp, 12
core   0: 3 0x0000000080003824 (0x00c11113) x2  0x0000000000001000
core   0: 0x0000000080003828 (0x00220233) add     tp, tp, sp
core   0: 3 0x0000000080003828 (0x00220233) x4  0x000000008000b190
core   0: 0x000000008000382c (0x0b023f87) fld     ft11, 176(tp)
core   0: 3 0x000000008000382c (0x0b023f87) f31 0x8000000000000000 mem 0x000000008000b240
core   0: 0x0000000080003830 (0x40220233) sub     tp, tp, sp
core   0: 3 0x0000000080003830 (0x40220233) x4  0x000000008000a190
core   0: 0x0000000080003834 (0x00100113) li      sp, 1
core   0: 3 0x0000000080003834 (0x00100113) x2  0x0000000000000001
core   0: 0x0000000080003838 (0x00c11113) slli    sp, sp, 12
core   0: 3 0x0000000080003838 (0x00c11113) x2  0x0000000000001000
core   0: 0x000000008000383c (0x00220233) add     tp, tp, sp
core   0: 3 0x000000008000383c (0x00220233) x4  0x000000008000b190
core   0: 0x0000000080003840 (0x0b823f07) fld     ft10, 184(tp)
core   0: 3 0x0000000080003840 (0x0b823f07) f30 0x000fffffffffffff mem 0x000000008000b248
core   0: 0x0000000080003844 (0x40220233) sub     tp, tp, sp
core   0: 3 0x0000000080003844 (0x40220233) x4  0x000000008000a190
core   0: 0x0000000080003848 (0x00000113) li      sp, 0
core   0: 3 0x0000000080003848 (0x00000113) x2  0x0000000000000000
core   0: 0x000000008000384c (0x00311073) csrw    fcsr, sp
core   0: 3 0x000000008000384c (0x00311073) c1_fflags 0x0000000000000000 c2_frm 0x0000000000000000
core   0: 0x0000000080003850 (0xa3ef9fd3) flt.d   t6, ft11, ft10
core   0: 3 0x0000000080003850 (0xa3ef9fd3) x31 0x0000000000000001
core   0: 0x0000000080003854 (0x003022f3) csrr    t0, fcsr
core   0: 3 0x0000000080003854 (0x003022f3) x5  0x0000000000000000
core   0: 0x0000000080003858 (0x09f0b023) sd      t6, 128(ra)
core   0: 3 0x0000000080003858 (0x09f0b023) mem 0x0000000080010348 0x0000000000000001
core   0: 0x000000008000385c (0x0850b423) sd      t0, 136(ra)
core   0: 3 0x000000008000385c (0x0850b423) mem 0x0000000080010350 0x0000000000000000
core   0: >>>>  inst_292
core   0: 0x0000000080003860 (0x00100113) li      sp, 1
core   0: 3 0x0000000080003860 (0x00100113) x2  0x0000000000000001
core   0: 0x0000000080003864 (0x00c11113) slli    sp, sp, 12
core   0: 3 0x0000000080003864 (0x00c11113) x2  0x0000000000001000
core   0: 0x0000000080003868 (0x00220233) add     tp, tp, sp
core   0: 3 0x0000000080003868 (0x00220233) x4  0x000000008000b190
core   0: 0x000000008000386c (0x0c023f87) fld     ft11, 192(tp)
core   0: 3 0x000000008000386c (0x0c023f87) f31 0x8000000000000000 mem 0x000000008000b250
core   0: 0x0000000080003870 (0x40220233) sub     tp, tp, sp
core   0: 3 0x0000000080003870 (0x40220233) x4  0x000000008000a190
core   0: 0x0000000080003874 (0x00100113) li      sp, 1
core   0: 3 0x0000000080003874 (0x00100113) x2  0x0000000000000001
core   0: 0x0000000080003878 (0x00c11113) slli    sp, sp, 12
core   0: 3 0x0000000080003878 (0x00c11113) x2  0x0000000000001000
core   0: 0x000000008000387c (0x00220233) add     tp, tp, sp
core   0: 3 0x000000008000387c (0x00220233) x4  0x000000008000b190
core   0: 0x0000000080003880 (0x0c823f07) fld     ft10, 200(tp)
core   0: 3 0x0000000080003880 (0x0c823f07) f30 0x0010000000000000 mem 0x000000008000b258
core   0: 0x0000000080003884 (0x40220233) sub     tp, tp, sp
core   0: 3 0x0000000080003884 (0x40220233) x4  0x000000008000a190
core   0: 0x0000000080003888 (0x00000113) li      sp, 0
core   0: 3 0x0000000080003888 (0x00000113) x2  0x0000000000000000
core   0: 0x000000008000388c (0x00311073) csrw    fcsr, sp
core   0: 3 0x000000008000388c (0x00311073) c1_fflags 0x0000000000000000 c2_frm 0x0000000000000000
core   0: 0x0000000080003890 (0xa3ef9fd3) flt.d   t6, ft11, ft10
core   0: 3 0x0000000080003890 (0xa3ef9fd3) x31 0x0000000000000001
core   0: 0x0000000080003894 (0x003022f3) csrr    t0, fcsr
core   0: 3 0x0000000080003894 (0x003022f3) x5  0x0000000000000000
core   0: 0x0000000080003898 (0x09f0b823) sd      t6, 144(ra)
core   0: 3 0x0000000080003898 (0x09f0b823) mem 0x0000000080010358 0x0000000000000001
core   0: 0x000000008000389c (0x0850bc23) sd      t0, 152(ra)
core   0: 3 0x000000008000389c (0x0850bc23) mem 0x0000000080010360 0x0000000000000000
core   0: >>>>  inst_293
core   0: 0x00000000800038a0 (0x00100113) li      sp, 1
core   0: 3 0x00000000800038a0 (0x00100113) x2  0x0000000000000001
core   0: 0x00000000800038a4 (0x00c11113) slli    sp, sp, 12
core   0: 3 0x00000000800038a4 (0x00c11113) x2  0x0000000000001000
core   0: 0x00000000800038a8 (0x00220233) add     tp, tp, sp
core   0: 3 0x00000000800038a8 (0x00220233) x4  0x000000008000b190
core   0: 0x00000000800038ac (0x0d023f87) fld     ft11, 208(tp)
core   0: 3 0x00000000800038ac (0x0d023f87) f31 0x8000000000000000 mem 0x000000008000b260
core   0: 0x00000000800038b0 (0x40220233) sub     tp, tp, sp
core   0: 3 0x00000000800038b0 (0x40220233) x4  0x000000008000a190
core   0: 0x00000000800038b4 (0x00100113) li      sp, 1
core   0: 3 0x00000000800038b4 (0x00100113) x2  0x0000000000000001
core   0: 0x00000000800038b8 (0x00c11113) slli    sp, sp, 12
core   0: 3 0x00000000800038b8 (0x00c11113) x2  0x0000000000001000
core   0: 0x00000000800038bc (0x00220233) add     tp, tp, sp
core   0: 3 0x00000000800038bc (0x00220233) x4  0x000000008000b190
core   0: 0x00000000800038c0 (0x0d823f07) fld     ft10, 216(tp)
core   0: 3 0x00000000800038c0 (0x0d823f07) f30 0x0010000000000002 mem 0x000000008000b268
core   0: 0x00000000800038c4 (0x40220233) sub     tp, tp, sp
core   0: 3 0x00000000800038c4 (0x40220233) x4  0x000000008000a190
core   0: 0x00000000800038c8 (0x00000113) li      sp, 0
core   0: 3 0x00000000800038c8 (0x00000113) x2  0x0000000000000000
core   0: 0x00000000800038cc (0x00311073) csrw    fcsr, sp
core   0: 3 0x00000000800038cc (0x00311073) c1_fflags 0x0000000000000000 c2_frm 0x0000000000000000
core   0: 0x00000000800038d0 (0xa3ef9fd3) flt.d   t6, ft11, ft10
core   0: 3 0x00000000800038d0 (0xa3ef9fd3) x31 0x0000000000000001
core   0: 0x00000000800038d4 (0x003022f3) csrr    t0, fcsr
core   0: 3 0x00000000800038d4 (0x003022f3) x5  0x0000000000000000
core   0: 0x00000000800038d8 (0x0bf0b023) sd      t6, 160(ra)
core   0: 3 0x00000000800038d8 (0x0bf0b023) mem 0x0000000080010368 0x0000000000000001
core   0: 0x00000000800038dc (0x0a50b423) sd      t0, 168(ra)
core   0: 3 0x00000000800038dc (0x0a50b423) mem 0x0000000080010370 0x0000000000000000
core   0: >>>>  inst_294
core   0: 0x00000000800038e0 (0x00100113) li      sp, 1
core   0: 3 0x00000000800038e0 (0x00100113) x2  0x0000000000000001
core   0: 0x00000000800038e4 (0x00c11113) slli    sp, sp, 12
core   0: 3 0x00000000800038e4 (0x00c11113) x2  0x0000000000001000
core   0: 0x00000000800038e8 (0x00220233) add     tp, tp, sp
core   0: 3 0x00000000800038e8 (0x00220233) x4  0x000000008000b190
core   0: 0x00000000800038ec (0x0e023f87) fld     ft11, 224(tp)
core   0: 3 0x00000000800038ec (0x0e023f87) f31 0x8000000000000000 mem 0x000000008000b270
core   0: 0x00000000800038f0 (0x40220233) sub     tp, tp, sp
core   0: 3 0x00000000800038f0 (0x40220233) x4  0x000000008000a190
core   0: 0x00000000800038f4 (0x00100113) li      sp, 1
core   0: 3 0x00000000800038f4 (0x00100113) x2  0x0000000000000001
core   0: 0x00000000800038f8 (0x00c11113) slli    sp, sp, 12
core   0: 3 0x00000000800038f8 (0x00c11113) x2  0x0000000000001000
core   0: 0x00000000800038fc (0x00220233) add     tp, tp, sp
core   0: 3 0x00000000800038fc (0x00220233) x4  0x000000008000b190
core   0: 0x0000000080003900 (0x0e823f07) fld     ft10, 232(tp)
core   0: 3 0x0000000080003900 (0x0e823f07) f30 0x3ff0000000000000 mem 0x000000008000b278
core   0: 0x0000000080003904 (0x40220233) sub     tp, tp, sp
core   0: 3 0x0000000080003904 (0x40220233) x4  0x000000008000a190
core   0: 0x0000000080003908 (0x00000113) li      sp, 0
core   0: 3 0x0000000080003908 (0x00000113) x2  0x0000000000000000
core   0: 0x000000008000390c (0x00311073) csrw    fcsr, sp
core   0: 3 0x000000008000390c (0x00311073) c1_fflags 0x0000000000000000 c2_frm 0x0000000000000000
core   0: 0x0000000080003910 (0xa3ef9fd3) flt.d   t6, ft11, ft10
core   0: 3 0x0000000080003910 (0xa3ef9fd3) x31 0x0000000000000001
core   0: 0x0000000080003914 (0x003022f3) csrr    t0, fcsr
core   0: 3 0x0000000080003914 (0x003022f3) x5  0x0000000000000000
core   0: 0x0000000080003918 (0x0bf0b823) sd      t6, 176(ra)
core   0: 3 0x0000000080003918 (0x0bf0b823) mem 0x0000000080010378 0x0000000000000001
core   0: 0x000000008000391c (0x0a50bc23) sd      t0, 184(ra)
core   0: 3 0x000000008000391c (0x0a50bc23) mem 0x0000000080010380 0x0000000000000000
core   0: >>>>  inst_295
core   0: 0x0000000080003920 (0x00100113) li      sp, 1
core   0: 3 0x0000000080003920 (0x00100113) x2  0x0000000000000001
core   0: 0x0000000080003924 (0x00c11113) slli    sp, sp, 12
core   0: 3 0x0000000080003924 (0x00c11113) x2  0x0000000000001000
core   0: 0x0000000080003928 (0x00220233) add     tp, tp, sp
core   0: 3 0x0000000080003928 (0x00220233) x4  0x000000008000b190
core   0: 0x000000008000392c (0x0f023f87) fld     ft11, 240(tp)
core   0: 3 0x000000008000392c (0x0f023f87) f31 0x8000000000000000 mem 0x000000008000b280
core   0: 0x0000000080003930 (0x40220233) sub     tp, tp, sp
core   0: 3 0x0000000080003930 (0x40220233) x4  0x000000008000a190
core   0: 0x0000000080003934 (0x00100113) li      sp, 1
core   0: 3 0x0000000080003934 (0x00100113) x2  0x0000000000000001
core   0: 0x0000000080003938 (0x00c11113) slli    sp, sp, 12
core   0: 3 0x0000000080003938 (0x00c11113) x2  0x0000000000001000
core   0: 0x000000008000393c (0x00220233) add     tp, tp, sp
core   0: 3 0x000000008000393c (0x00220233) x4  0x000000008000b190
core   0: 0x0000000080003940 (0x0f823f07) fld     ft10, 248(tp)
core   0: 3 0x0000000080003940 (0x0f823f07) f30 0x7fefffffffffffff mem 0x000000008000b288
core   0: 0x0000000080003944 (0x40220233) sub     tp, tp, sp
core   0: 3 0x0000000080003944 (0x40220233) x4  0x000000008000a190
core   0: 0x0000000080003948 (0x00000113) li      sp, 0
core   0: 3 0x0000000080003948 (0x00000113) x2  0x0000000000000000
core   0: 0x000000008000394c (0x00311073) csrw    fcsr, sp
core   0: 3 0x000000008000394c (0x00311073) c1_fflags 0x0000000000000000 c2_frm 0x0000000000000000
core   0: 0x0000000080003950 (0xa3ef9fd3) flt.d   t6, ft11, ft10
core   0: 3 0x0000000080003950 (0xa3ef9fd3) x31 0x0000000000000001
core   0: 0x0000000080003954 (0x003022f3) csrr    t0, fcsr
core   0: 3 0x0000000080003954 (0x003022f3) x5  0x0000000000000000
core   0: 0x0000000080003958 (0x0df0b023) sd      t6, 192(ra)
core   0: 3 0x0000000080003958 (0x0df0b023) mem 0x0000000080010388 0x0000000000000001
core   0: 0x000000008000395c (0x0c50b423) sd      t0, 200(ra)
core   0: 3 0x000000008000395c (0x0c50b423) mem 0x0000000080010390 0x0000000000000000
core   0: >>>>  inst_296
core   0: 0x0000000080003960 (0x00100113) li      sp, 1
core   0: 3 0x0000000080003960 (0x00100113) x2  0x0000000000000001
core   0: 0x0000000080003964 (0x00c11113) slli    sp, sp, 12
core   0: 3 0x0000000080003964 (0x00c11113) x2  0x0000000000001000
core   0: 0x0000000080003968 (0x00220233) add     tp, tp, sp
core   0: 3 0x0000000080003968 (0x00220233) x4  0x000000008000b190
core   0: 0x000000008000396c (0x10023f87) fld     ft11, 256(tp)
core   0: 3 0x000000008000396c (0x10023f87) f31 0x8000000000000000 mem 0x000000008000b290
core   0: 0x0000000080003970 (0x40220233) sub     tp, tp, sp
core   0: 3 0x0000000080003970 (0x40220233) x4  0x000000008000a190
core   0: 0x0000000080003974 (0x00100113) li      sp, 1
core   0: 3 0x0000000080003974 (0x00100113) x2  0x0000000000000001
core   0: 0x0000000080003978 (0x00c11113) slli    sp, sp, 12
core   0: 3 0x0000000080003978 (0x00c11113) x2  0x0000000000001000
core   0: 0x000000008000397c (0x00220233) add     tp, tp, sp
core   0: 3 0x000000008000397c (0x00220233) x4  0x000000008000b190
core   0: 0x0000000080003980 (0x10823f07) fld     ft10, 264(tp)
core   0: 3 0x0000000080003980 (0x10823f07) f30 0x7ff0000000000000 mem 0x000000008000b298
core   0: 0x0000000080003984 (0x40220233) sub     tp, tp, sp
core   0: 3 0x0000000080003984 (0x40220233) x4  0x000000008000a190
core   0: 0x0000000080003988 (0x00000113) li      sp, 0
core   0: 3 0x0000000080003988 (0x00000113) x2  0x0000000000000000
core   0: 0x000000008000398c (0x00311073) csrw    fcsr, sp
core   0: 3 0x000000008000398c (0x00311073) c1_fflags 0x0000000000000000 c2_frm 0x0000000000000000
core   0: 0x0000000080003990 (0xa3ef9fd3) flt.d   t6, ft11, ft10
core   0: 3 0x0000000080003990 (0xa3ef9fd3) x31 0x0000000000000001
core   0: 0x0000000080003994 (0x003022f3) csrr    t0, fcsr
core   0: 3 0x0000000080003994 (0x003022f3) x5  0x0000000000000000
core   0: 0x0000000080003998 (0x0df0b823) sd      t6, 208(ra)
core   0: 3 0x0000000080003998 (0x0df0b823) mem 0x0000000080010398 0x0000000000000001
core   0: 0x000000008000399c (0x0c50bc23) sd      t0, 216(ra)
core   0: 3 0x000000008000399c (0x0c50bc23) mem 0x00000000800103a0 0x0000000000000000
core   0: >>>>  inst_297
core   0: 0x00000000800039a0 (0x00100113) li      sp, 1
core   0: 3 0x00000000800039a0 (0x00100113) x2  0x0000000000000001
core   0: 0x00000000800039a4 (0x00c11113) slli    sp, sp, 12
core   0: 3 0x00000000800039a4 (0x00c11113) x2  0x0000000000001000
core   0: 0x00000000800039a8 (0x00220233) add     tp, tp, sp
core   0: 3 0x00000000800039a8 (0x00220233) x4  0x000000008000b190
core   0: 0x00000000800039ac (0x11023f87) fld     ft11, 272(tp)
core   0: 3 0x00000000800039ac (0x11023f87) f31 0x8000000000000000 mem 0x000000008000b2a0
core   0: 0x00000000800039b0 (0x40220233) sub     tp, tp, sp
core   0: 3 0x00000000800039b0 (0x40220233) x4  0x000000008000a190
core   0: 0x00000000800039b4 (0x00100113) li      sp, 1
core   0: 3 0x00000000800039b4 (0x00100113) x2  0x0000000000000001
core   0: 0x00000000800039b8 (0x00c11113) slli    sp, sp, 12
core   0: 3 0x00000000800039b8 (0x00c11113) x2  0x0000000000001000
core   0: 0x00000000800039bc (0x00220233) add     tp, tp, sp
core   0: 3 0x00000000800039bc (0x00220233) x4  0x000000008000b190
core   0: 0x00000000800039c0 (0x11823f07) fld     ft10, 280(tp)
core   0: 3 0x00000000800039c0 (0x11823f07) f30 0x7ff0000000000001 mem 0x000000008000b2a8
core   0: 0x00000000800039c4 (0x40220233) sub     tp, tp, sp
core   0: 3 0x00000000800039c4 (0x40220233) x4  0x000000008000a190
core   0: 0x00000000800039c8 (0x00000113) li      sp, 0
core   0: 3 0x00000000800039c8 (0x00000113) x2  0x0000000000000000
core   0: 0x00000000800039cc (0x00311073) csrw    fcsr, sp
core   0: 3 0x00000000800039cc (0x00311073) c1_fflags 0x0000000000000000 c2_frm 0x0000000000000000
core   0: 0x00000000800039d0 (0xa3ef9fd3) flt.d   t6, ft11, ft10
core   0: 3 0x00000000800039d0 (0xa3ef9fd3) c1_fflags 0x0000000000000010 x31 0x0000000000000000
core   0: 0x00000000800039d4 (0x003022f3) csrr    t0, fcsr
core   0: 3 0x00000000800039d4 (0x003022f3) x5  0x0000000000000010
core   0: 0x00000000800039d8 (0x0ff0b023) sd      t6, 224(ra)
core   0: 3 0x00000000800039d8 (0x0ff0b023) mem 0x00000000800103a8 0x0000000000000000
core   0: 0x00000000800039dc (0x0e50b423) sd      t0, 232(ra)
core   0: 3 0x00000000800039dc (0x0e50b423) mem 0x00000000800103b0 0x0000000000000010
core   0: >>>>  inst_298
core   0: 0x00000000800039e0 (0x00100113) li      sp, 1
core   0: 3 0x00000000800039e0 (0x00100113) x2  0x0000000000000001
core   0: 0x00000000800039e4 (0x00c11113) slli    sp, sp, 12
core   0: 3 0x00000000800039e4 (0x00c11113) x2  0x0000000000001000
core   0: 0x00000000800039e8 (0x00220233) add     tp, tp, sp
core   0: 3 0x00000000800039e8 (0x00220233) x4  0x000000008000b190
core   0: 0x00000000800039ec (0x12023f87) fld     ft11, 288(tp)
core   0: 3 0x00000000800039ec (0x12023f87) f31 0x8000000000000000 mem 0x000000008000b2b0
core   0: 0x00000000800039f0 (0x40220233) sub     tp, tp, sp
core   0: 3 0x00000000800039f0 (0x40220233) x4  0x000000008000a190
core   0: 0x00000000800039f4 (0x00100113) li      sp, 1
core   0: 3 0x00000000800039f4 (0x00100113) x2  0x0000000000000001
core   0: 0x00000000800039f8 (0x00c11113) slli    sp, sp, 12
core   0: 3 0x00000000800039f8 (0x00c11113) x2  0x0000000000001000
core   0: 0x00000000800039fc (0x00220233) add     tp, tp, sp
core   0: 3 0x00000000800039fc (0x00220233) x4  0x000000008000b190
core   0: 0x0000000080003a00 (0x12823f07) fld     ft10, 296(tp)
core   0: 3 0x0000000080003a00 (0x12823f07) f30 0x7ff8000000000000 mem 0x000000008000b2b8
core   0: 0x0000000080003a04 (0x40220233) sub     tp, tp, sp
core   0: 3 0x0000000080003a04 (0x40220233) x4  0x000000008000a190
core   0: 0x0000000080003a08 (0x00000113) li      sp, 0
core   0: 3 0x0000000080003a08 (0x00000113) x2  0x0000000000000000
core   0: 0x0000000080003a0c (0x00311073) csrw    fcsr, sp
core   0: 3 0x0000000080003a0c (0x00311073) c1_fflags 0x0000000000000000 c2_frm 0x0000000000000000
core   0: 0x0000000080003a10 (0xa3ef9fd3) flt.d   t6, ft11, ft10
core   0: 3 0x0000000080003a10 (0xa3ef9fd3) c1_fflags 0x0000000000000010 x31 0x0000000000000000
core   0: 0x0000000080003a14 (0x003022f3) csrr    t0, fcsr
core   0: 3 0x0000000080003a14 (0x003022f3) x5  0x0000000000000010
core   0: 0x0000000080003a18 (0x0ff0b823) sd      t6, 240(ra)
core   0: 3 0x0000000080003a18 (0x0ff0b823) mem 0x00000000800103b8 0x0000000000000000
core   0: 0x0000000080003a1c (0x0e50bc23) sd      t0, 248(ra)
core   0: 3 0x0000000080003a1c (0x0e50bc23) mem 0x00000000800103c0 0x0000000000000010
core   0: >>>>  inst_299
core   0: 0x0000000080003a20 (0x00100113) li      sp, 1
core   0: 3 0x0000000080003a20 (0x00100113) x2  0x0000000000000001
core   0: 0x0000000080003a24 (0x00c11113) slli    sp, sp, 12
core   0: 3 0x0000000080003a24 (0x00c11113) x2  0x0000000000001000
core   0: 0x0000000080003a28 (0x00220233) add     tp, tp, sp
core   0: 3 0x0000000080003a28 (0x00220233) x4  0x000000008000b190
core   0: 0x0000000080003a2c (0x13023f87) fld     ft11, 304(tp)
core   0: 3 0x0000000080003a2c (0x13023f87) f31 0x8000000000000000 mem 0x000000008000b2c0
core   0: 0x0000000080003a30 (0x40220233) sub     tp, tp, sp
core   0: 3 0x0000000080003a30 (0x40220233) x4  0x000000008000a190
core   0: 0x0000000080003a34 (0x00100113) li      sp, 1
core   0: 3 0x0000000080003a34 (0x00100113) x2  0x0000000000000001
core   0: 0x0000000080003a38 (0x00c11113) slli    sp, sp, 12
core   0: 3 0x0000000080003a38 (0x00c11113) x2  0x0000000000001000
core   0: 0x0000000080003a3c (0x00220233) add     tp, tp, sp
core   0: 3 0x0000000080003a3c (0x00220233) x4  0x000000008000b190
core   0: 0x0000000080003a40 (0x13823f07) fld     ft10, 312(tp)
core   0: 3 0x0000000080003a40 (0x13823f07) f30 0x7ff8000000000001 mem 0x000000008000b2c8
core   0: 0x0000000080003a44 (0x40220233) sub     tp, tp, sp
core   0: 3 0x0000000080003a44 (0x40220233) x4  0x000000008000a190
core   0: 0x0000000080003a48 (0x00000113) li      sp, 0
core   0: 3 0x0000000080003a48 (0x00000113) x2  0x0000000000000000
core   0: 0x0000000080003a4c (0x00311073) csrw    fcsr, sp
core   0: 3 0x0000000080003a4c (0x00311073) c1_fflags 0x0000000000000000 c2_frm 0x0000000000000000
core   0: 0x0000000080003a50 (0xa3ef9fd3) flt.d   t6, ft11, ft10
core   0: 3 0x0000000080003a50 (0xa3ef9fd3) c1_fflags 0x0000000000000010 x31 0x0000000000000000
core   0: 0x0000000080003a54 (0x003022f3) csrr    t0, fcsr
core   0: 3 0x0000000080003a54 (0x003022f3) x5  0x0000000000000010
core   0: 0x0000000080003a58 (0x11f0b023) sd      t6, 256(ra)
core   0: 3 0x0000000080003a58 (0x11f0b023) mem 0x00000000800103c8 0x0000000000000000
core   0: 0x0000000080003a5c (0x1050b423) sd      t0, 264(ra)
core   0: 3 0x0000000080003a5c (0x1050b423) mem 0x00000000800103d0 0x0000000000000010
core   0: >>>>  inst_300
core   0: 0x0000000080003a60 (0x00100113) li      sp, 1
core   0: 3 0x0000000080003a60 (0x00100113) x2  0x0000000000000001
core   0: 0x0000000080003a64 (0x00c11113) slli    sp, sp, 12
core   0: 3 0x0000000080003a64 (0x00c11113) x2  0x0000000000001000
core   0: 0x0000000080003a68 (0x00220233) add     tp, tp, sp
core   0: 3 0x0000000080003a68 (0x00220233) x4  0x000000008000b190
core   0: 0x0000000080003a6c (0x14023f87) fld     ft11, 320(tp)
core   0: 3 0x0000000080003a6c (0x14023f87) f31 0x8000000000000000 mem 0x000000008000b2d0
core   0: 0x0000000080003a70 (0x40220233) sub     tp, tp, sp
core   0: 3 0x0000000080003a70 (0x40220233) x4  0x000000008000a190
core   0: 0x0000000080003a74 (0x00100113) li      sp, 1
core   0: 3 0x0000000080003a74 (0x00100113) x2  0x0000000000000001
core   0: 0x0000000080003a78 (0x00c11113) slli    sp, sp, 12
core   0: 3 0x0000000080003a78 (0x00c11113) x2  0x0000000000001000
core   0: 0x0000000080003a7c (0x00220233) add     tp, tp, sp
core   0: 3 0x0000000080003a7c (0x00220233) x4  0x000000008000b190
core   0: 0x0000000080003a80 (0x14823f07) fld     ft10, 328(tp)
core   0: 3 0x0000000080003a80 (0x14823f07) f30 0x8000000000000000 mem 0x000000008000b2d8
core   0: 0x0000000080003a84 (0x40220233) sub     tp, tp, sp
core   0: 3 0x0000000080003a84 (0x40220233) x4  0x000000008000a190
core   0: 0x0000000080003a88 (0x00000113) li      sp, 0
core   0: 3 0x0000000080003a88 (0x00000113) x2  0x0000000000000000
core   0: 0x0000000080003a8c (0x00311073) csrw    fcsr, sp
core   0: 3 0x0000000080003a8c (0x00311073) c1_fflags 0x0000000000000000 c2_frm 0x0000000000000000
core   0: 0x0000000080003a90 (0xa3ef9fd3) flt.d   t6, ft11, ft10
core   0: 3 0x0000000080003a90 (0xa3ef9fd3) x31 0x0000000000000000
core   0: 0x0000000080003a94 (0x003022f3) csrr    t0, fcsr
core   0: 3 0x0000000080003a94 (0x003022f3) x5  0x0000000000000000
core   0: 0x0000000080003a98 (0x11f0b823) sd      t6, 272(ra)
core   0: 3 0x0000000080003a98 (0x11f0b823) mem 0x00000000800103d8 0x0000000000000000
core   0: 0x0000000080003a9c (0x1050bc23) sd      t0, 280(ra)
core   0: 3 0x0000000080003a9c (0x1050bc23) mem 0x00000000800103e0 0x0000000000000000
core   0: >>>>  inst_301
core   0: 0x0000000080003aa0 (0x00100113) li      sp, 1
core   0: 3 0x0000000080003aa0 (0x00100113) x2  0x0000000000000001
core   0: 0x0000000080003aa4 (0x00c11113) slli    sp, sp, 12
core   0: 3 0x0000000080003aa4 (0x00c11113) x2  0x0000000000001000
core   0: 0x0000000080003aa8 (0x00220233) add     tp, tp, sp
core   0: 3 0x0000000080003aa8 (0x00220233) x4  0x000000008000b190
core   0: 0x0000000080003aac (0x15023f87) fld     ft11, 336(tp)
core   0: 3 0x0000000080003aac (0x15023f87) f31 0x8000000000000000 mem 0x000000008000b2e0
core   0: 0x0000000080003ab0 (0x40220233) sub     tp, tp, sp
core   0: 3 0x0000000080003ab0 (0x40220233) x4  0x000000008000a190
core   0: 0x0000000080003ab4 (0x00100113) li      sp, 1
core   0: 3 0x0000000080003ab4 (0x00100113) x2  0x0000000000000001
core   0: 0x0000000080003ab8 (0x00c11113) slli    sp, sp, 12
core   0: 3 0x0000000080003ab8 (0x00c11113) x2  0x0000000000001000
core   0: 0x0000000080003abc (0x00220233) add     tp, tp, sp
core   0: 3 0x0000000080003abc (0x00220233) x4  0x000000008000b190
core   0: 0x0000000080003ac0 (0x15823f07) fld     ft10, 344(tp)
core   0: 3 0x0000000080003ac0 (0x15823f07) f30 0x8000000000000001 mem 0x000000008000b2e8
core   0: 0x0000000080003ac4 (0x40220233) sub     tp, tp, sp
core   0: 3 0x0000000080003ac4 (0x40220233) x4  0x000000008000a190
core   0: 0x0000000080003ac8 (0x00000113) li      sp, 0
core   0: 3 0x0000000080003ac8 (0x00000113) x2  0x0000000000000000
core   0: 0x0000000080003acc (0x00311073) csrw    fcsr, sp
core   0: 3 0x0000000080003acc (0x00311073) c1_fflags 0x0000000000000000 c2_frm 0x0000000000000000
core   0: 0x0000000080003ad0 (0xa3ef9fd3) flt.d   t6, ft11, ft10
core   0: 3 0x0000000080003ad0 (0xa3ef9fd3) x31 0x0000000000000000
core   0: 0x0000000080003ad4 (0x003022f3) csrr    t0, fcsr
core   0: 3 0x0000000080003ad4 (0x003022f3) x5  0x0000000000000000
core   0: 0x0000000080003ad8 (0x13f0b023) sd      t6, 288(ra)
core   0: 3 0x0000000080003ad8 (0x13f0b023) mem 0x00000000800103e8 0x0000000000000000
core   0: 0x0000000080003adc (0x1250b423) sd      t0, 296(ra)
core   0: 3 0x0000000080003adc (0x1250b423) mem 0x00000000800103f0 0x0000000000000000
core   0: >>>>  inst_302
core   0: 0x0000000080003ae0 (0x00100113) li      sp, 1
core   0: 3 0x0000000080003ae0 (0x00100113) x2  0x0000000000000001
core   0: 0x0000000080003ae4 (0x00c11113) slli    sp, sp, 12
core   0: 3 0x0000000080003ae4 (0x00c11113) x2  0x0000000000001000
core   0: 0x0000000080003ae8 (0x00220233) add     tp, tp, sp
core   0: 3 0x0000000080003ae8 (0x00220233) x4  0x000000008000b190
core   0: 0x0000000080003aec (0x16023f87) fld     ft11, 352(tp)
core   0: 3 0x0000000080003aec (0x16023f87) f31 0x8000000000000000 mem 0x000000008000b2f0
core   0: 0x0000000080003af0 (0x40220233) sub     tp, tp, sp
core   0: 3 0x0000000080003af0 (0x40220233) x4  0x000000008000a190
core   0: 0x0000000080003af4 (0x00100113) li      sp, 1
core   0: 3 0x0000000080003af4 (0x00100113) x2  0x0000000000000001
core   0: 0x0000000080003af8 (0x00c11113) slli    sp, sp, 12
core   0: 3 0x0000000080003af8 (0x00c11113) x2  0x0000000000001000
core   0: 0x0000000080003afc (0x00220233) add     tp, tp, sp
core   0: 3 0x0000000080003afc (0x00220233) x4  0x000000008000b190
core   0: 0x0000000080003b00 (0x16823f07) fld     ft10, 360(tp)
core   0: 3 0x0000000080003b00 (0x16823f07) f30 0x8000000000000002 mem 0x000000008000b2f8
core   0: 0x0000000080003b04 (0x40220233) sub     tp, tp, sp
core   0: 3 0x0000000080003b04 (0x40220233) x4  0x000000008000a190
core   0: 0x0000000080003b08 (0x00000113) li      sp, 0
core   0: 3 0x0000000080003b08 (0x00000113) x2  0x0000000000000000
core   0: 0x0000000080003b0c (0x00311073) csrw    fcsr, sp
core   0: 3 0x0000000080003b0c (0x00311073) c1_fflags 0x0000000000000000 c2_frm 0x0000000000000000
core   0: 0x0000000080003b10 (0xa3ef9fd3) flt.d   t6, ft11, ft10
core   0: 3 0x0000000080003b10 (0xa3ef9fd3) x31 0x0000000000000000
core   0: 0x0000000080003b14 (0x003022f3) csrr    t0, fcsr
core   0: 3 0x0000000080003b14 (0x003022f3) x5  0x0000000000000000
core   0: 0x0000000080003b18 (0x13f0b823) sd      t6, 304(ra)
core   0: 3 0x0000000080003b18 (0x13f0b823) mem 0x00000000800103f8 0x0000000000000000
core   0: 0x0000000080003b1c (0x1250bc23) sd      t0, 312(ra)
core   0: 3 0x0000000080003b1c (0x1250bc23) mem 0x0000000080010400 0x0000000000000000
core   0: >>>>  inst_303
core   0: 0x0000000080003b20 (0x00100113) li      sp, 1
core   0: 3 0x0000000080003b20 (0x00100113) x2  0x0000000000000001
core   0: 0x0000000080003b24 (0x00c11113) slli    sp, sp, 12
core   0: 3 0x0000000080003b24 (0x00c11113) x2  0x0000000000001000
core   0: 0x0000000080003b28 (0x00220233) add     tp, tp, sp
core   0: 3 0x0000000080003b28 (0x00220233) x4  0x000000008000b190
core   0: 0x0000000080003b2c (0x17023f87) fld     ft11, 368(tp)
core   0: 3 0x0000000080003b2c (0x17023f87) f31 0x8000000000000000 mem 0x000000008000b300
core   0: 0x0000000080003b30 (0x40220233) sub     tp, tp, sp
core   0: 3 0x0000000080003b30 (0x40220233) x4  0x000000008000a190
core   0: 0x0000000080003b34 (0x00100113) li      sp, 1
core   0: 3 0x0000000080003b34 (0x00100113) x2  0x0000000000000001
core   0: 0x0000000080003b38 (0x00c11113) slli    sp, sp, 12
core   0: 3 0x0000000080003b38 (0x00c11113) x2  0x0000000000001000
core   0: 0x0000000080003b3c (0x00220233) add     tp, tp, sp
core   0: 3 0x0000000080003b3c (0x00220233) x4  0x000000008000b190
core   0: 0x0000000080003b40 (0x17823f07) fld     ft10, 376(tp)
core   0: 3 0x0000000080003b40 (0x17823f07) f30 0x800fffffffffffff mem 0x000000008000b308
core   0: 0x0000000080003b44 (0x40220233) sub     tp, tp, sp
core   0: 3 0x0000000080003b44 (0x40220233) x4  0x000000008000a190
core   0: 0x0000000080003b48 (0x00000113) li      sp, 0
core   0: 3 0x0000000080003b48 (0x00000113) x2  0x0000000000000000
core   0: 0x0000000080003b4c (0x00311073) csrw    fcsr, sp
core   0: 3 0x0000000080003b4c (0x00311073) c1_fflags 0x0000000000000000 c2_frm 0x0000000000000000
core   0: 0x0000000080003b50 (0xa3ef9fd3) flt.d   t6, ft11, ft10
core   0: 3 0x0000000080003b50 (0xa3ef9fd3) x31 0x0000000000000000
core   0: 0x0000000080003b54 (0x003022f3) csrr    t0, fcsr
core   0: 3 0x0000000080003b54 (0x003022f3) x5  0x0000000000000000
core   0: 0x0000000080003b58 (0x15f0b023) sd      t6, 320(ra)
core   0: 3 0x0000000080003b58 (0x15f0b023) mem 0x0000000080010408 0x0000000000000000
core   0: 0x0000000080003b5c (0x1450b423) sd      t0, 328(ra)
core   0: 3 0x0000000080003b5c (0x1450b423) mem 0x0000000080010410 0x0000000000000000
core   0: >>>>  inst_304
core   0: 0x0000000080003b60 (0x00100113) li      sp, 1
core   0: 3 0x0000000080003b60 (0x00100113) x2  0x0000000000000001
core   0: 0x0000000080003b64 (0x00c11113) slli    sp, sp, 12
core   0: 3 0x0000000080003b64 (0x00c11113) x2  0x0000000000001000
core   0: 0x0000000080003b68 (0x00220233) add     tp, tp, sp
core   0: 3 0x0000000080003b68 (0x00220233) x4  0x000000008000b190
core   0: 0x0000000080003b6c (0x18023f87) fld     ft11, 384(tp)
core   0: 3 0x0000000080003b6c (0x18023f87) f31 0x8000000000000000 mem 0x000000008000b310
core   0: 0x0000000080003b70 (0x40220233) sub     tp, tp, sp
core   0: 3 0x0000000080003b70 (0x40220233) x4  0x000000008000a190
core   0: 0x0000000080003b74 (0x00100113) li      sp, 1
core   0: 3 0x0000000080003b74 (0x00100113) x2  0x0000000000000001
core   0: 0x0000000080003b78 (0x00c11113) slli    sp, sp, 12
core   0: 3 0x0000000080003b78 (0x00c11113) x2  0x0000000000001000
core   0: 0x0000000080003b7c (0x00220233) add     tp, tp, sp
core   0: 3 0x0000000080003b7c (0x00220233) x4  0x000000008000b190
core   0: 0x0000000080003b80 (0x18823f07) fld     ft10, 392(tp)
core   0: 3 0x0000000080003b80 (0x18823f07) f30 0x8010000000000000 mem 0x000000008000b318
core   0: 0x0000000080003b84 (0x40220233) sub     tp, tp, sp
core   0: 3 0x0000000080003b84 (0x40220233) x4  0x000000008000a190
core   0: 0x0000000080003b88 (0x00000113) li      sp, 0
core   0: 3 0x0000000080003b88 (0x00000113) x2  0x0000000000000000
core   0: 0x0000000080003b8c (0x00311073) csrw    fcsr, sp
core   0: 3 0x0000000080003b8c (0x00311073) c1_fflags 0x0000000000000000 c2_frm 0x0000000000000000
core   0: 0x0000000080003b90 (0xa3ef9fd3) flt.d   t6, ft11, ft10
core   0: 3 0x0000000080003b90 (0xa3ef9fd3) x31 0x0000000000000000
core   0: 0x0000000080003b94 (0x003022f3) csrr    t0, fcsr
core   0: 3 0x0000000080003b94 (0x003022f3) x5  0x0000000000000000
core   0: 0x0000000080003b98 (0x15f0b823) sd      t6, 336(ra)
core   0: 3 0x0000000080003b98 (0x15f0b823) mem 0x0000000080010418 0x0000000000000000
core   0: 0x0000000080003b9c (0x1450bc23) sd      t0, 344(ra)
core   0: 3 0x0000000080003b9c (0x1450bc23) mem 0x0000000080010420 0x0000000000000000
core   0: >>>>  inst_305
core   0: 0x0000000080003ba0 (0x00100113) li      sp, 1
core   0: 3 0x0000000080003ba0 (0x00100113) x2  0x0000000000000001
core   0: 0x0000000080003ba4 (0x00c11113) slli    sp, sp, 12
core   0: 3 0x0000000080003ba4 (0x00c11113) x2  0x0000000000001000
core   0: 0x0000000080003ba8 (0x00220233) add     tp, tp, sp
core   0: 3 0x0000000080003ba8 (0x00220233) x4  0x000000008000b190
core   0: 0x0000000080003bac (0x19023f87) fld     ft11, 400(tp)
core   0: 3 0x0000000080003bac (0x19023f87) f31 0x8000000000000000 mem 0x000000008000b320
core   0: 0x0000000080003bb0 (0x40220233) sub     tp, tp, sp
core   0: 3 0x0000000080003bb0 (0x40220233) x4  0x000000008000a190
core   0: 0x0000000080003bb4 (0x00100113) li      sp, 1
core   0: 3 0x0000000080003bb4 (0x00100113) x2  0x0000000000000001
core   0: 0x0000000080003bb8 (0x00c11113) slli    sp, sp, 12
core   0: 3 0x0000000080003bb8 (0x00c11113) x2  0x0000000000001000
core   0: 0x0000000080003bbc (0x00220233) add     tp, tp, sp
core   0: 3 0x0000000080003bbc (0x00220233) x4  0x000000008000b190
core   0: 0x0000000080003bc0 (0x19823f07) fld     ft10, 408(tp)
core   0: 3 0x0000000080003bc0 (0x19823f07) f30 0x8010000000000002 mem 0x000000008000b328
core   0: 0x0000000080003bc4 (0x40220233) sub     tp, tp, sp
core   0: 3 0x0000000080003bc4 (0x40220233) x4  0x000000008000a190
core   0: 0x0000000080003bc8 (0x00000113) li      sp, 0
core   0: 3 0x0000000080003bc8 (0x00000113) x2  0x0000000000000000
core   0: 0x0000000080003bcc (0x00311073) csrw    fcsr, sp
core   0: 3 0x0000000080003bcc (0x00311073) c1_fflags 0x0000000000000000 c2_frm 0x0000000000000000
core   0: 0x0000000080003bd0 (0xa3ef9fd3) flt.d   t6, ft11, ft10
core   0: 3 0x0000000080003bd0 (0xa3ef9fd3) x31 0x0000000000000000
core   0: 0x0000000080003bd4 (0x003022f3) csrr    t0, fcsr
core   0: 3 0x0000000080003bd4 (0x003022f3) x5  0x0000000000000000
core   0: 0x0000000080003bd8 (0x17f0b023) sd      t6, 352(ra)
core   0: 3 0x0000000080003bd8 (0x17f0b023) mem 0x0000000080010428 0x0000000000000000
core   0: 0x0000000080003bdc (0x1650b423) sd      t0, 360(ra)
core   0: 3 0x0000000080003bdc (0x1650b423) mem 0x0000000080010430 0x0000000000000000
core   0: >>>>  inst_306
core   0: 0x0000000080003be0 (0x00100113) li      sp, 1
core   0: 3 0x0000000080003be0 (0x00100113) x2  0x0000000000000001
core   0: 0x0000000080003be4 (0x00c11113) slli    sp, sp, 12
core   0: 3 0x0000000080003be4 (0x00c11113) x2  0x0000000000001000
core   0: 0x0000000080003be8 (0x00220233) add     tp, tp, sp
core   0: 3 0x0000000080003be8 (0x00220233) x4  0x000000008000b190
core   0: 0x0000000080003bec (0x1a023f87) fld     ft11, 416(tp)
core   0: 3 0x0000000080003bec (0x1a023f87) f31 0x8000000000000000 mem 0x000000008000b330
core   0: 0x0000000080003bf0 (0x40220233) sub     tp, tp, sp
core   0: 3 0x0000000080003bf0 (0x40220233) x4  0x000000008000a190
core   0: 0x0000000080003bf4 (0x00100113) li      sp, 1
core   0: 3 0x0000000080003bf4 (0x00100113) x2  0x0000000000000001
core   0: 0x0000000080003bf8 (0x00c11113) slli    sp, sp, 12
core   0: 3 0x0000000080003bf8 (0x00c11113) x2  0x0000000000001000
core   0: 0x0000000080003bfc (0x00220233) add     tp, tp, sp
core   0: 3 0x0000000080003bfc (0x00220233) x4  0x000000008000b190
core   0: 0x0000000080003c00 (0x1a823f07) fld     ft10, 424(tp)
core   0: 3 0x0000000080003c00 (0x1a823f07) f30 0xbf80000000000000 mem 0x000000008000b338
core   0: 0x0000000080003c04 (0x40220233) sub     tp, tp, sp
core   0: 3 0x0000000080003c04 (0x40220233) x4  0x000000008000a190
core   0: 0x0000000080003c08 (0x00000113) li      sp, 0
core   0: 3 0x0000000080003c08 (0x00000113) x2  0x0000000000000000
core   0: 0x0000000080003c0c (0x00311073) csrw    fcsr, sp
core   0: 3 0x0000000080003c0c (0x00311073) c1_fflags 0x0000000000000000 c2_frm 0x0000000000000000
core   0: 0x0000000080003c10 (0xa3ef9fd3) flt.d   t6, ft11, ft10
core   0: 3 0x0000000080003c10 (0xa3ef9fd3) x31 0x0000000000000000
core   0: 0x0000000080003c14 (0x003022f3) csrr    t0, fcsr
core   0: 3 0x0000000080003c14 (0x003022f3) x5  0x0000000000000000
core   0: 0x0000000080003c18 (0x17f0b823) sd      t6, 368(ra)
core   0: 3 0x0000000080003c18 (0x17f0b823) mem 0x0000000080010438 0x0000000000000000
core   0: 0x0000000080003c1c (0x1650bc23) sd      t0, 376(ra)
core   0: 3 0x0000000080003c1c (0x1650bc23) mem 0x0000000080010440 0x0000000000000000
core   0: >>>>  inst_307
core   0: 0x0000000080003c20 (0x00100113) li      sp, 1
core   0: 3 0x0000000080003c20 (0x00100113) x2  0x0000000000000001
core   0: 0x0000000080003c24 (0x00c11113) slli    sp, sp, 12
core   0: 3 0x0000000080003c24 (0x00c11113) x2  0x0000000000001000
core   0: 0x0000000080003c28 (0x00220233) add     tp, tp, sp
core   0: 3 0x0000000080003c28 (0x00220233) x4  0x000000008000b190
core   0: 0x0000000080003c2c (0x1b023f87) fld     ft11, 432(tp)
core   0: 3 0x0000000080003c2c (0x1b023f87) f31 0x8000000000000000 mem 0x000000008000b340
core   0: 0x0000000080003c30 (0x40220233) sub     tp, tp, sp
core   0: 3 0x0000000080003c30 (0x40220233) x4  0x000000008000a190
core   0: 0x0000000080003c34 (0x00100113) li      sp, 1
core   0: 3 0x0000000080003c34 (0x00100113) x2  0x0000000000000001
core   0: 0x0000000080003c38 (0x00c11113) slli    sp, sp, 12
core   0: 3 0x0000000080003c38 (0x00c11113) x2  0x0000000000001000
core   0: 0x0000000080003c3c (0x00220233) add     tp, tp, sp
core   0: 3 0x0000000080003c3c (0x00220233) x4  0x000000008000b190
core   0: 0x0000000080003c40 (0x1b823f07) fld     ft10, 440(tp)
core   0: 3 0x0000000080003c40 (0x1b823f07) f30 0xffefffffffffffff mem 0x000000008000b348
core   0: 0x0000000080003c44 (0x40220233) sub     tp, tp, sp
core   0: 3 0x0000000080003c44 (0x40220233) x4  0x000000008000a190
core   0: 0x0000000080003c48 (0x00000113) li      sp, 0
core   0: 3 0x0000000080003c48 (0x00000113) x2  0x0000000000000000
core   0: 0x0000000080003c4c (0x00311073) csrw    fcsr, sp
core   0: 3 0x0000000080003c4c (0x00311073) c1_fflags 0x0000000000000000 c2_frm 0x0000000000000000
core   0: 0x0000000080003c50 (0xa3ef9fd3) flt.d   t6, ft11, ft10
core   0: 3 0x0000000080003c50 (0xa3ef9fd3) x31 0x0000000000000000
core   0: 0x0000000080003c54 (0x003022f3) csrr    t0, fcsr
core   0: 3 0x0000000080003c54 (0x003022f3) x5  0x0000000000000000
core   0: 0x0000000080003c58 (0x19f0b023) sd      t6, 384(ra)
core   0: 3 0x0000000080003c58 (0x19f0b023) mem 0x0000000080010448 0x0000000000000000
core   0: 0x0000000080003c5c (0x1850b423) sd      t0, 392(ra)
core   0: 3 0x0000000080003c5c (0x1850b423) mem 0x0000000080010450 0x0000000000000000
core   0: >>>>  inst_308
core   0: 0x0000000080003c60 (0x00100113) li      sp, 1
core   0: 3 0x0000000080003c60 (0x00100113) x2  0x0000000000000001
core   0: 0x0000000080003c64 (0x00c11113) slli    sp, sp, 12
core   0: 3 0x0000000080003c64 (0x00c11113) x2  0x0000000000001000
core   0: 0x0000000080003c68 (0x00220233) add     tp, tp, sp
core   0: 3 0x0000000080003c68 (0x00220233) x4  0x000000008000b190
core   0: 0x0000000080003c6c (0x1c023f87) fld     ft11, 448(tp)
core   0: 3 0x0000000080003c6c (0x1c023f87) f31 0x8000000000000000 mem 0x000000008000b350
core   0: 0x0000000080003c70 (0x40220233) sub     tp, tp, sp
core   0: 3 0x0000000080003c70 (0x40220233) x4  0x000000008000a190
core   0: 0x0000000080003c74 (0x00100113) li      sp, 1
core   0: 3 0x0000000080003c74 (0x00100113) x2  0x0000000000000001
core   0: 0x0000000080003c78 (0x00c11113) slli    sp, sp, 12
core   0: 3 0x0000000080003c78 (0x00c11113) x2  0x0000000000001000
core   0: 0x0000000080003c7c (0x00220233) add     tp, tp, sp
core   0: 3 0x0000000080003c7c (0x00220233) x4  0x000000008000b190
core   0: 0x0000000080003c80 (0x1c823f07) fld     ft10, 456(tp)
core   0: 3 0x0000000080003c80 (0x1c823f07) f30 0xfff0000000000000 mem 0x000000008000b358
core   0: 0x0000000080003c84 (0x40220233) sub     tp, tp, sp
core   0: 3 0x0000000080003c84 (0x40220233) x4  0x000000008000a190
core   0: 0x0000000080003c88 (0x00000113) li      sp, 0
core   0: 3 0x0000000080003c88 (0x00000113) x2  0x0000000000000000
core   0: 0x0000000080003c8c (0x00311073) csrw    fcsr, sp
core   0: 3 0x0000000080003c8c (0x00311073) c1_fflags 0x0000000000000000 c2_frm 0x0000000000000000
core   0: 0x0000000080003c90 (0xa3ef9fd3) flt.d   t6, ft11, ft10
core   0: 3 0x0000000080003c90 (0xa3ef9fd3) x31 0x0000000000000000
core   0: 0x0000000080003c94 (0x003022f3) csrr    t0, fcsr
core   0: 3 0x0000000080003c94 (0x003022f3) x5  0x0000000000000000
core   0: 0x0000000080003c98 (0x19f0b823) sd      t6, 400(ra)
core   0: 3 0x0000000080003c98 (0x19f0b823) mem 0x0000000080010458 0x0000000000000000
core   0: 0x0000000080003c9c (0x1850bc23) sd      t0, 408(ra)
core   0: 3 0x0000000080003c9c (0x1850bc23) mem 0x0000000080010460 0x0000000000000000
core   0: >>>>  inst_309
core   0: 0x0000000080003ca0 (0x00100113) li      sp, 1
core   0: 3 0x0000000080003ca0 (0x00100113) x2  0x0000000000000001
core   0: 0x0000000080003ca4 (0x00c11113) slli    sp, sp, 12
core   0: 3 0x0000000080003ca4 (0x00c11113) x2  0x0000000000001000
core   0: 0x0000000080003ca8 (0x00220233) add     tp, tp, sp
core   0: 3 0x0000000080003ca8 (0x00220233) x4  0x000000008000b190
core   0: 0x0000000080003cac (0x1d023f87) fld     ft11, 464(tp)
core   0: 3 0x0000000080003cac (0x1d023f87) f31 0x8000000000000000 mem 0x000000008000b360
core   0: 0x0000000080003cb0 (0x40220233) sub     tp, tp, sp
core   0: 3 0x0000000080003cb0 (0x40220233) x4  0x000000008000a190
core   0: 0x0000000080003cb4 (0x00100113) li      sp, 1
core   0: 3 0x0000000080003cb4 (0x00100113) x2  0x0000000000000001
core   0: 0x0000000080003cb8 (0x00c11113) slli    sp, sp, 12
core   0: 3 0x0000000080003cb8 (0x00c11113) x2  0x0000000000001000
core   0: 0x0000000080003cbc (0x00220233) add     tp, tp, sp
core   0: 3 0x0000000080003cbc (0x00220233) x4  0x000000008000b190
core   0: 0x0000000080003cc0 (0x1d823f07) fld     ft10, 472(tp)
core   0: 3 0x0000000080003cc0 (0x1d823f07) f30 0xfff0000000000001 mem 0x000000008000b368
core   0: 0x0000000080003cc4 (0x40220233) sub     tp, tp, sp
core   0: 3 0x0000000080003cc4 (0x40220233) x4  0x000000008000a190
core   0: 0x0000000080003cc8 (0x00000113) li      sp, 0
core   0: 3 0x0000000080003cc8 (0x00000113) x2  0x0000000000000000
core   0: 0x0000000080003ccc (0x00311073) csrw    fcsr, sp
core   0: 3 0x0000000080003ccc (0x00311073) c1_fflags 0x0000000000000000 c2_frm 0x0000000000000000
core   0: 0x0000000080003cd0 (0xa3ef9fd3) flt.d   t6, ft11, ft10
core   0: 3 0x0000000080003cd0 (0xa3ef9fd3) c1_fflags 0x0000000000000010 x31 0x0000000000000000
core   0: 0x0000000080003cd4 (0x003022f3) csrr    t0, fcsr
core   0: 3 0x0000000080003cd4 (0x003022f3) x5  0x0000000000000010
core   0: 0x0000000080003cd8 (0x1bf0b023) sd      t6, 416(ra)
core   0: 3 0x0000000080003cd8 (0x1bf0b023) mem 0x0000000080010468 0x0000000000000000
core   0: 0x0000000080003cdc (0x1a50b423) sd      t0, 424(ra)
core   0: 3 0x0000000080003cdc (0x1a50b423) mem 0x0000000080010470 0x0000000000000010
core   0: >>>>  inst_310
core   0: 0x0000000080003ce0 (0x00100113) li      sp, 1
core   0: 3 0x0000000080003ce0 (0x00100113) x2  0x0000000000000001
core   0: 0x0000000080003ce4 (0x00c11113) slli    sp, sp, 12
core   0: 3 0x0000000080003ce4 (0x00c11113) x2  0x0000000000001000
core   0: 0x0000000080003ce8 (0x00220233) add     tp, tp, sp
core   0: 3 0x0000000080003ce8 (0x00220233) x4  0x000000008000b190
core   0: 0x0000000080003cec (0x1e023f87) fld     ft11, 480(tp)
core   0: 3 0x0000000080003cec (0x1e023f87) f31 0x8000000000000000 mem 0x000000008000b370
core   0: 0x0000000080003cf0 (0x40220233) sub     tp, tp, sp
core   0: 3 0x0000000080003cf0 (0x40220233) x4  0x000000008000a190
core   0: 0x0000000080003cf4 (0x00100113) li      sp, 1
core   0: 3 0x0000000080003cf4 (0x00100113) x2  0x0000000000000001
core   0: 0x0000000080003cf8 (0x00c11113) slli    sp, sp, 12
core   0: 3 0x0000000080003cf8 (0x00c11113) x2  0x0000000000001000
core   0: 0x0000000080003cfc (0x00220233) add     tp, tp, sp
core   0: 3 0x0000000080003cfc (0x00220233) x4  0x000000008000b190
core   0: 0x0000000080003d00 (0x1e823f07) fld     ft10, 488(tp)
core   0: 3 0x0000000080003d00 (0x1e823f07) f30 0xfff8000000000000 mem 0x000000008000b378
core   0: 0x0000000080003d04 (0x40220233) sub     tp, tp, sp
core   0: 3 0x0000000080003d04 (0x40220233) x4  0x000000008000a190
core   0: 0x0000000080003d08 (0x00000113) li      sp, 0
core   0: 3 0x0000000080003d08 (0x00000113) x2  0x0000000000000000
core   0: 0x0000000080003d0c (0x00311073) csrw    fcsr, sp
core   0: 3 0x0000000080003d0c (0x00311073) c1_fflags 0x0000000000000000 c2_frm 0x0000000000000000
core   0: 0x0000000080003d10 (0xa3ef9fd3) flt.d   t6, ft11, ft10
core   0: 3 0x0000000080003d10 (0xa3ef9fd3) c1_fflags 0x0000000000000010 x31 0x0000000000000000
core   0: 0x0000000080003d14 (0x003022f3) csrr    t0, fcsr
core   0: 3 0x0000000080003d14 (0x003022f3) x5  0x0000000000000010
core   0: 0x0000000080003d18 (0x1bf0b823) sd      t6, 432(ra)
core   0: 3 0x0000000080003d18 (0x1bf0b823) mem 0x0000000080010478 0x0000000000000000
core   0: 0x0000000080003d1c (0x1a50bc23) sd      t0, 440(ra)
core   0: 3 0x0000000080003d1c (0x1a50bc23) mem 0x0000000080010480 0x0000000000000010
core   0: >>>>  inst_311
core   0: 0x0000000080003d20 (0x00100113) li      sp, 1
core   0: 3 0x0000000080003d20 (0x00100113) x2  0x0000000000000001
core   0: 0x0000000080003d24 (0x00c11113) slli    sp, sp, 12
core   0: 3 0x0000000080003d24 (0x00c11113) x2  0x0000000000001000
core   0: 0x0000000080003d28 (0x00220233) add     tp, tp, sp
core   0: 3 0x0000000080003d28 (0x00220233) x4  0x000000008000b190
core   0: 0x0000000080003d2c (0x1f023f87) fld     ft11, 496(tp)
core   0: 3 0x0000000080003d2c (0x1f023f87) f31 0x8000000000000000 mem 0x000000008000b380
core   0: 0x0000000080003d30 (0x40220233) sub     tp, tp, sp
core   0: 3 0x0000000080003d30 (0x40220233) x4  0x000000008000a190
core   0: 0x0000000080003d34 (0x00100113) li      sp, 1
core   0: 3 0x0000000080003d34 (0x00100113) x2  0x0000000000000001
core   0: 0x0000000080003d38 (0x00c11113) slli    sp, sp, 12
core   0: 3 0x0000000080003d38 (0x00c11113) x2  0x0000000000001000
core   0: 0x0000000080003d3c (0x00220233) add     tp, tp, sp
core   0: 3 0x0000000080003d3c (0x00220233) x4  0x000000008000b190
core   0: 0x0000000080003d40 (0x1f823f07) fld     ft10, 504(tp)
core   0: 3 0x0000000080003d40 (0x1f823f07) f30 0xfff8000000000001 mem 0x000000008000b388
core   0: 0x0000000080003d44 (0x40220233) sub     tp, tp, sp
core   0: 3 0x0000000080003d44 (0x40220233) x4  0x000000008000a190
core   0: 0x0000000080003d48 (0x00000113) li      sp, 0
core   0: 3 0x0000000080003d48 (0x00000113) x2  0x0000000000000000
core   0: 0x0000000080003d4c (0x00311073) csrw    fcsr, sp
core   0: 3 0x0000000080003d4c (0x00311073) c1_fflags 0x0000000000000000 c2_frm 0x0000000000000000
core   0: 0x0000000080003d50 (0xa3ef9fd3) flt.d   t6, ft11, ft10
core   0: 3 0x0000000080003d50 (0xa3ef9fd3) c1_fflags 0x0000000000000010 x31 0x0000000000000000
core   0: 0x0000000080003d54 (0x003022f3) csrr    t0, fcsr
core   0: 3 0x0000000080003d54 (0x003022f3) x5  0x0000000000000010
core   0: 0x0000000080003d58 (0x1df0b023) sd      t6, 448(ra)
core   0: 3 0x0000000080003d58 (0x1df0b023) mem 0x0000000080010488 0x0000000000000000
core   0: 0x0000000080003d5c (0x1c50b423) sd      t0, 456(ra)
core   0: 3 0x0000000080003d5c (0x1c50b423) mem 0x0000000080010490 0x0000000000000010
core   0: >>>>  inst_312
core   0: 0x0000000080003d60 (0x00100113) li      sp, 1
core   0: 3 0x0000000080003d60 (0x00100113) x2  0x0000000000000001
core   0: 0x0000000080003d64 (0x00c11113) slli    sp, sp, 12
core   0: 3 0x0000000080003d64 (0x00c11113) x2  0x0000000000001000
core   0: 0x0000000080003d68 (0x00220233) add     tp, tp, sp
core   0: 3 0x0000000080003d68 (0x00220233) x4  0x000000008000b190
core   0: 0x0000000080003d6c (0x20023f87) fld     ft11, 512(tp)
core   0: 3 0x0000000080003d6c (0x20023f87) f31 0x8000000000000001 mem 0x000000008000b390
core   0: 0x0000000080003d70 (0x40220233) sub     tp, tp, sp
core   0: 3 0x0000000080003d70 (0x40220233) x4  0x000000008000a190
core   0: 0x0000000080003d74 (0x00100113) li      sp, 1
core   0: 3 0x0000000080003d74 (0x00100113) x2  0x0000000000000001
core   0: 0x0000000080003d78 (0x00c11113) slli    sp, sp, 12
core   0: 3 0x0000000080003d78 (0x00c11113) x2  0x0000000000001000
core   0: 0x0000000080003d7c (0x00220233) add     tp, tp, sp
core   0: 3 0x0000000080003d7c (0x00220233) x4  0x000000008000b190
core   0: 0x0000000080003d80 (0x20823f07) fld     ft10, 520(tp)
core   0: 3 0x0000000080003d80 (0x20823f07) f30 0x0000000000000000 mem 0x000000008000b398
core   0: 0x0000000080003d84 (0x40220233) sub     tp, tp, sp
core   0: 3 0x0000000080003d84 (0x40220233) x4  0x000000008000a190
core   0: 0x0000000080003d88 (0x00000113) li      sp, 0
core   0: 3 0x0000000080003d88 (0x00000113) x2  0x0000000000000000
core   0: 0x0000000080003d8c (0x00311073) csrw    fcsr, sp
core   0: 3 0x0000000080003d8c (0x00311073) c1_fflags 0x0000000000000000 c2_frm 0x0000000000000000
core   0: 0x0000000080003d90 (0xa3ef9fd3) flt.d   t6, ft11, ft10
core   0: 3 0x0000000080003d90 (0xa3ef9fd3) x31 0x0000000000000001
core   0: 0x0000000080003d94 (0x003022f3) csrr    t0, fcsr
core   0: 3 0x0000000080003d94 (0x003022f3) x5  0x0000000000000000
core   0: 0x0000000080003d98 (0x1df0b823) sd      t6, 464(ra)
core   0: 3 0x0000000080003d98 (0x1df0b823) mem 0x0000000080010498 0x0000000000000001
core   0: 0x0000000080003d9c (0x1c50bc23) sd      t0, 472(ra)
core   0: 3 0x0000000080003d9c (0x1c50bc23) mem 0x00000000800104a0 0x0000000000000000
core   0: >>>>  inst_313
core   0: 0x0000000080003da0 (0x00100113) li      sp, 1
core   0: 3 0x0000000080003da0 (0x00100113) x2  0x0000000000000001
core   0: 0x0000000080003da4 (0x00c11113) slli    sp, sp, 12
core   0: 3 0x0000000080003da4 (0x00c11113) x2  0x0000000000001000
core   0: 0x0000000080003da8 (0x00220233) add     tp, tp, sp
core   0: 3 0x0000000080003da8 (0x00220233) x4  0x000000008000b190
core   0: 0x0000000080003dac (0x21023f87) fld     ft11, 528(tp)
core   0: 3 0x0000000080003dac (0x21023f87) f31 0x8000000000000001 mem 0x000000008000b3a0
core   0: 0x0000000080003db0 (0x40220233) sub     tp, tp, sp
core   0: 3 0x0000000080003db0 (0x40220233) x4  0x000000008000a190
core   0: 0x0000000080003db4 (0x00100113) li      sp, 1
core   0: 3 0x0000000080003db4 (0x00100113) x2  0x0000000000000001
core   0: 0x0000000080003db8 (0x00c11113) slli    sp, sp, 12
core   0: 3 0x0000000080003db8 (0x00c11113) x2  0x0000000000001000
core   0: 0x0000000080003dbc (0x00220233) add     tp, tp, sp
core   0: 3 0x0000000080003dbc (0x00220233) x4  0x000000008000b190
core   0: 0x0000000080003dc0 (0x21823f07) fld     ft10, 536(tp)
core   0: 3 0x0000000080003dc0 (0x21823f07) f30 0x0000000000000001 mem 0x000000008000b3a8
core   0: 0x0000000080003dc4 (0x40220233) sub     tp, tp, sp
core   0: 3 0x0000000080003dc4 (0x40220233) x4  0x000000008000a190
core   0: 0x0000000080003dc8 (0x00000113) li      sp, 0
core   0: 3 0x0000000080003dc8 (0x00000113) x2  0x0000000000000000
core   0: 0x0000000080003dcc (0x00311073) csrw    fcsr, sp
core   0: 3 0x0000000080003dcc (0x00311073) c1_fflags 0x0000000000000000 c2_frm 0x0000000000000000
core   0: 0x0000000080003dd0 (0xa3ef9fd3) flt.d   t6, ft11, ft10
core   0: 3 0x0000000080003dd0 (0xa3ef9fd3) x31 0x0000000000000001
core   0: 0x0000000080003dd4 (0x003022f3) csrr    t0, fcsr
core   0: 3 0x0000000080003dd4 (0x003022f3) x5  0x0000000000000000
core   0: 0x0000000080003dd8 (0x1ff0b023) sd      t6, 480(ra)
core   0: 3 0x0000000080003dd8 (0x1ff0b023) mem 0x00000000800104a8 0x0000000000000001
core   0: 0x0000000080003ddc (0x1e50b423) sd      t0, 488(ra)
core   0: 3 0x0000000080003ddc (0x1e50b423) mem 0x00000000800104b0 0x0000000000000000
core   0: >>>>  inst_314
core   0: 0x0000000080003de0 (0x00100113) li      sp, 1
core   0: 3 0x0000000080003de0 (0x00100113) x2  0x0000000000000001
core   0: 0x0000000080003de4 (0x00c11113) slli    sp, sp, 12
core   0: 3 0x0000000080003de4 (0x00c11113) x2  0x0000000000001000
core   0: 0x0000000080003de8 (0x00220233) add     tp, tp, sp
core   0: 3 0x0000000080003de8 (0x00220233) x4  0x000000008000b190
core   0: 0x0000000080003dec (0x22023f87) fld     ft11, 544(tp)
core   0: 3 0x0000000080003dec (0x22023f87) f31 0x8000000000000001 mem 0x000000008000b3b0
core   0: 0x0000000080003df0 (0x40220233) sub     tp, tp, sp
core   0: 3 0x0000000080003df0 (0x40220233) x4  0x000000008000a190
core   0: 0x0000000080003df4 (0x00100113) li      sp, 1
core   0: 3 0x0000000080003df4 (0x00100113) x2  0x0000000000000001
core   0: 0x0000000080003df8 (0x00c11113) slli    sp, sp, 12
core   0: 3 0x0000000080003df8 (0x00c11113) x2  0x0000000000001000
core   0: 0x0000000080003dfc (0x00220233) add     tp, tp, sp
core   0: 3 0x0000000080003dfc (0x00220233) x4  0x000000008000b190
core   0: 0x0000000080003e00 (0x22823f07) fld     ft10, 552(tp)
core   0: 3 0x0000000080003e00 (0x22823f07) f30 0x0000000000000002 mem 0x000000008000b3b8
core   0: 0x0000000080003e04 (0x40220233) sub     tp, tp, sp
core   0: 3 0x0000000080003e04 (0x40220233) x4  0x000000008000a190
core   0: 0x0000000080003e08 (0x00000113) li      sp, 0
core   0: 3 0x0000000080003e08 (0x00000113) x2  0x0000000000000000
core   0: 0x0000000080003e0c (0x00311073) csrw    fcsr, sp
core   0: 3 0x0000000080003e0c (0x00311073) c1_fflags 0x0000000000000000 c2_frm 0x0000000000000000
core   0: 0x0000000080003e10 (0xa3ef9fd3) flt.d   t6, ft11, ft10
core   0: 3 0x0000000080003e10 (0xa3ef9fd3) x31 0x0000000000000001
core   0: 0x0000000080003e14 (0x003022f3) csrr    t0, fcsr
core   0: 3 0x0000000080003e14 (0x003022f3) x5  0x0000000000000000
core   0: 0x0000000080003e18 (0x1ff0b823) sd      t6, 496(ra)
core   0: 3 0x0000000080003e18 (0x1ff0b823) mem 0x00000000800104b8 0x0000000000000001
core   0: 0x0000000080003e1c (0x1e50bc23) sd      t0, 504(ra)
core   0: 3 0x0000000080003e1c (0x1e50bc23) mem 0x00000000800104c0 0x0000000000000000
core   0: >>>>  inst_315
core   0: 0x0000000080003e20 (0x00100113) li      sp, 1
core   0: 3 0x0000000080003e20 (0x00100113) x2  0x0000000000000001
core   0: 0x0000000080003e24 (0x00c11113) slli    sp, sp, 12
core   0: 3 0x0000000080003e24 (0x00c11113) x2  0x0000000000001000
core   0: 0x0000000080003e28 (0x00220233) add     tp, tp, sp
core   0: 3 0x0000000080003e28 (0x00220233) x4  0x000000008000b190
core   0: 0x0000000080003e2c (0x23023f87) fld     ft11, 560(tp)
core   0: 3 0x0000000080003e2c (0x23023f87) f31 0x8000000000000001 mem 0x000000008000b3c0
core   0: 0x0000000080003e30 (0x40220233) sub     tp, tp, sp
core   0: 3 0x0000000080003e30 (0x40220233) x4  0x000000008000a190
core   0: 0x0000000080003e34 (0x00100113) li      sp, 1
core   0: 3 0x0000000080003e34 (0x00100113) x2  0x0000000000000001
core   0: 0x0000000080003e38 (0x00c11113) slli    sp, sp, 12
core   0: 3 0x0000000080003e38 (0x00c11113) x2  0x0000000000001000
core   0: 0x0000000080003e3c (0x00220233) add     tp, tp, sp
core   0: 3 0x0000000080003e3c (0x00220233) x4  0x000000008000b190
core   0: 0x0000000080003e40 (0x23823f07) fld     ft10, 568(tp)
core   0: 3 0x0000000080003e40 (0x23823f07) f30 0x000fffffffffffff mem 0x000000008000b3c8
core   0: 0x0000000080003e44 (0x40220233) sub     tp, tp, sp
core   0: 3 0x0000000080003e44 (0x40220233) x4  0x000000008000a190
core   0: 0x0000000080003e48 (0x00000113) li      sp, 0
core   0: 3 0x0000000080003e48 (0x00000113) x2  0x0000000000000000
core   0: 0x0000000080003e4c (0x00311073) csrw    fcsr, sp
core   0: 3 0x0000000080003e4c (0x00311073) c1_fflags 0x0000000000000000 c2_frm 0x0000000000000000
core   0: 0x0000000080003e50 (0xa3ef9fd3) flt.d   t6, ft11, ft10
core   0: 3 0x0000000080003e50 (0xa3ef9fd3) x31 0x0000000000000001
core   0: 0x0000000080003e54 (0x003022f3) csrr    t0, fcsr
core   0: 3 0x0000000080003e54 (0x003022f3) x5  0x0000000000000000
core   0: 0x0000000080003e58 (0x21f0b023) sd      t6, 512(ra)
core   0: 3 0x0000000080003e58 (0x21f0b023) mem 0x00000000800104c8 0x0000000000000001
core   0: 0x0000000080003e5c (0x2050b423) sd      t0, 520(ra)
core   0: 3 0x0000000080003e5c (0x2050b423) mem 0x00000000800104d0 0x0000000000000000
core   0: >>>>  inst_316
core   0: 0x0000000080003e60 (0x00100113) li      sp, 1
core   0: 3 0x0000000080003e60 (0x00100113) x2  0x0000000000000001
core   0: 0x0000000080003e64 (0x00c11113) slli    sp, sp, 12
core   0: 3 0x0000000080003e64 (0x00c11113) x2  0x0000000000001000
core   0: 0x0000000080003e68 (0x00220233) add     tp, tp, sp
core   0: 3 0x0000000080003e68 (0x00220233) x4  0x000000008000b190
core   0: 0x0000000080003e6c (0x24023f87) fld     ft11, 576(tp)
core   0: 3 0x0000000080003e6c (0x24023f87) f31 0x8000000000000001 mem 0x000000008000b3d0
core   0: 0x0000000080003e70 (0x40220233) sub     tp, tp, sp
core   0: 3 0x0000000080003e70 (0x40220233) x4  0x000000008000a190
core   0: 0x0000000080003e74 (0x00100113) li      sp, 1
core   0: 3 0x0000000080003e74 (0x00100113) x2  0x0000000000000001
core   0: 0x0000000080003e78 (0x00c11113) slli    sp, sp, 12
core   0: 3 0x0000000080003e78 (0x00c11113) x2  0x0000000000001000
core   0: 0x0000000080003e7c (0x00220233) add     tp, tp, sp
core   0: 3 0x0000000080003e7c (0x00220233) x4  0x000000008000b190
core   0: 0x0000000080003e80 (0x24823f07) fld     ft10, 584(tp)
core   0: 3 0x0000000080003e80 (0x24823f07) f30 0x0010000000000000 mem 0x000000008000b3d8
core   0: 0x0000000080003e84 (0x40220233) sub     tp, tp, sp
core   0: 3 0x0000000080003e84 (0x40220233) x4  0x000000008000a190
core   0: 0x0000000080003e88 (0x00000113) li      sp, 0
core   0: 3 0x0000000080003e88 (0x00000113) x2  0x0000000000000000
core   0: 0x0000000080003e8c (0x00311073) csrw    fcsr, sp
core   0: 3 0x0000000080003e8c (0x00311073) c1_fflags 0x0000000000000000 c2_frm 0x0000000000000000
core   0: 0x0000000080003e90 (0xa3ef9fd3) flt.d   t6, ft11, ft10
core   0: 3 0x0000000080003e90 (0xa3ef9fd3) x31 0x0000000000000001
core   0: 0x0000000080003e94 (0x003022f3) csrr    t0, fcsr
core   0: 3 0x0000000080003e94 (0x003022f3) x5  0x0000000000000000
core   0: 0x0000000080003e98 (0x21f0b823) sd      t6, 528(ra)
core   0: 3 0x0000000080003e98 (0x21f0b823) mem 0x00000000800104d8 0x0000000000000001
core   0: 0x0000000080003e9c (0x2050bc23) sd      t0, 536(ra)
core   0: 3 0x0000000080003e9c (0x2050bc23) mem 0x00000000800104e0 0x0000000000000000
core   0: >>>>  inst_317
core   0: 0x0000000080003ea0 (0x00100113) li      sp, 1
core   0: 3 0x0000000080003ea0 (0x00100113) x2  0x0000000000000001
core   0: 0x0000000080003ea4 (0x00c11113) slli    sp, sp, 12
core   0: 3 0x0000000080003ea4 (0x00c11113) x2  0x0000000000001000
core   0: 0x0000000080003ea8 (0x00220233) add     tp, tp, sp
core   0: 3 0x0000000080003ea8 (0x00220233) x4  0x000000008000b190
core   0: 0x0000000080003eac (0x25023f87) fld     ft11, 592(tp)
core   0: 3 0x0000000080003eac (0x25023f87) f31 0x8000000000000001 mem 0x000000008000b3e0
core   0: 0x0000000080003eb0 (0x40220233) sub     tp, tp, sp
core   0: 3 0x0000000080003eb0 (0x40220233) x4  0x000000008000a190
core   0: 0x0000000080003eb4 (0x00100113) li      sp, 1
core   0: 3 0x0000000080003eb4 (0x00100113) x2  0x0000000000000001
core   0: 0x0000000080003eb8 (0x00c11113) slli    sp, sp, 12
core   0: 3 0x0000000080003eb8 (0x00c11113) x2  0x0000000000001000
core   0: 0x0000000080003ebc (0x00220233) add     tp, tp, sp
core   0: 3 0x0000000080003ebc (0x00220233) x4  0x000000008000b190
core   0: 0x0000000080003ec0 (0x25823f07) fld     ft10, 600(tp)
core   0: 3 0x0000000080003ec0 (0x25823f07) f30 0x0010000000000002 mem 0x000000008000b3e8
core   0: 0x0000000080003ec4 (0x40220233) sub     tp, tp, sp
core   0: 3 0x0000000080003ec4 (0x40220233) x4  0x000000008000a190
core   0: 0x0000000080003ec8 (0x00000113) li      sp, 0
core   0: 3 0x0000000080003ec8 (0x00000113) x2  0x0000000000000000
core   0: 0x0000000080003ecc (0x00311073) csrw    fcsr, sp
core   0: 3 0x0000000080003ecc (0x00311073) c1_fflags 0x0000000000000000 c2_frm 0x0000000000000000
core   0: 0x0000000080003ed0 (0xa3ef9fd3) flt.d   t6, ft11, ft10
core   0: 3 0x0000000080003ed0 (0xa3ef9fd3) x31 0x0000000000000001
core   0: 0x0000000080003ed4 (0x003022f3) csrr    t0, fcsr
core   0: 3 0x0000000080003ed4 (0x003022f3) x5  0x0000000000000000
core   0: 0x0000000080003ed8 (0x23f0b023) sd      t6, 544(ra)
core   0: 3 0x0000000080003ed8 (0x23f0b023) mem 0x00000000800104e8 0x0000000000000001
core   0: 0x0000000080003edc (0x2250b423) sd      t0, 552(ra)
core   0: 3 0x0000000080003edc (0x2250b423) mem 0x00000000800104f0 0x0000000000000000
core   0: >>>>  inst_318
core   0: 0x0000000080003ee0 (0x00100113) li      sp, 1
core   0: 3 0x0000000080003ee0 (0x00100113) x2  0x0000000000000001
core   0: 0x0000000080003ee4 (0x00c11113) slli    sp, sp, 12
core   0: 3 0x0000000080003ee4 (0x00c11113) x2  0x0000000000001000
core   0: 0x0000000080003ee8 (0x00220233) add     tp, tp, sp
core   0: 3 0x0000000080003ee8 (0x00220233) x4  0x000000008000b190
core   0: 0x0000000080003eec (0x26023f87) fld     ft11, 608(tp)
core   0: 3 0x0000000080003eec (0x26023f87) f31 0x8000000000000001 mem 0x000000008000b3f0
core   0: 0x0000000080003ef0 (0x40220233) sub     tp, tp, sp
core   0: 3 0x0000000080003ef0 (0x40220233) x4  0x000000008000a190
core   0: 0x0000000080003ef4 (0x00100113) li      sp, 1
core   0: 3 0x0000000080003ef4 (0x00100113) x2  0x0000000000000001
core   0: 0x0000000080003ef8 (0x00c11113) slli    sp, sp, 12
core   0: 3 0x0000000080003ef8 (0x00c11113) x2  0x0000000000001000
core   0: 0x0000000080003efc (0x00220233) add     tp, tp, sp
core   0: 3 0x0000000080003efc (0x00220233) x4  0x000000008000b190
core   0: 0x0000000080003f00 (0x26823f07) fld     ft10, 616(tp)
core   0: 3 0x0000000080003f00 (0x26823f07) f30 0x3ff0000000000000 mem 0x000000008000b3f8
core   0: 0x0000000080003f04 (0x40220233) sub     tp, tp, sp
core   0: 3 0x0000000080003f04 (0x40220233) x4  0x000000008000a190
core   0: 0x0000000080003f08 (0x00000113) li      sp, 0
core   0: 3 0x0000000080003f08 (0x00000113) x2  0x0000000000000000
core   0: 0x0000000080003f0c (0x00311073) csrw    fcsr, sp
core   0: 3 0x0000000080003f0c (0x00311073) c1_fflags 0x0000000000000000 c2_frm 0x0000000000000000
core   0: 0x0000000080003f10 (0xa3ef9fd3) flt.d   t6, ft11, ft10
core   0: 3 0x0000000080003f10 (0xa3ef9fd3) x31 0x0000000000000001
core   0: 0x0000000080003f14 (0x003022f3) csrr    t0, fcsr
core   0: 3 0x0000000080003f14 (0x003022f3) x5  0x0000000000000000
core   0: 0x0000000080003f18 (0x23f0b823) sd      t6, 560(ra)
core   0: 3 0x0000000080003f18 (0x23f0b823) mem 0x00000000800104f8 0x0000000000000001
core   0: 0x0000000080003f1c (0x2250bc23) sd      t0, 568(ra)
core   0: 3 0x0000000080003f1c (0x2250bc23) mem 0x0000000080010500 0x0000000000000000
core   0: >>>>  inst_319
core   0: 0x0000000080003f20 (0x00100113) li      sp, 1
core   0: 3 0x0000000080003f20 (0x00100113) x2  0x0000000000000001
core   0: 0x0000000080003f24 (0x00c11113) slli    sp, sp, 12
core   0: 3 0x0000000080003f24 (0x00c11113) x2  0x0000000000001000
core   0: 0x0000000080003f28 (0x00220233) add     tp, tp, sp
core   0: 3 0x0000000080003f28 (0x00220233) x4  0x000000008000b190
core   0: 0x0000000080003f2c (0x27023f87) fld     ft11, 624(tp)
core   0: 3 0x0000000080003f2c (0x27023f87) f31 0x8000000000000001 mem 0x000000008000b400
core   0: 0x0000000080003f30 (0x40220233) sub     tp, tp, sp
core   0: 3 0x0000000080003f30 (0x40220233) x4  0x000000008000a190
core   0: 0x0000000080003f34 (0x00100113) li      sp, 1
core   0: 3 0x0000000080003f34 (0x00100113) x2  0x0000000000000001
core   0: 0x0000000080003f38 (0x00c11113) slli    sp, sp, 12
core   0: 3 0x0000000080003f38 (0x00c11113) x2  0x0000000000001000
core   0: 0x0000000080003f3c (0x00220233) add     tp, tp, sp
core   0: 3 0x0000000080003f3c (0x00220233) x4  0x000000008000b190
core   0: 0x0000000080003f40 (0x27823f07) fld     ft10, 632(tp)
core   0: 3 0x0000000080003f40 (0x27823f07) f30 0x7fefffffffffffff mem 0x000000008000b408
core   0: 0x0000000080003f44 (0x40220233) sub     tp, tp, sp
core   0: 3 0x0000000080003f44 (0x40220233) x4  0x000000008000a190
core   0: 0x0000000080003f48 (0x00000113) li      sp, 0
core   0: 3 0x0000000080003f48 (0x00000113) x2  0x0000000000000000
core   0: 0x0000000080003f4c (0x00311073) csrw    fcsr, sp
core   0: 3 0x0000000080003f4c (0x00311073) c1_fflags 0x0000000000000000 c2_frm 0x0000000000000000
core   0: 0x0000000080003f50 (0xa3ef9fd3) flt.d   t6, ft11, ft10
core   0: 3 0x0000000080003f50 (0xa3ef9fd3) x31 0x0000000000000001
core   0: 0x0000000080003f54 (0x003022f3) csrr    t0, fcsr
core   0: 3 0x0000000080003f54 (0x003022f3) x5  0x0000000000000000
core   0: 0x0000000080003f58 (0x25f0b023) sd      t6, 576(ra)
core   0: 3 0x0000000080003f58 (0x25f0b023) mem 0x0000000080010508 0x0000000000000001
core   0: 0x0000000080003f5c (0x2450b423) sd      t0, 584(ra)
core   0: 3 0x0000000080003f5c (0x2450b423) mem 0x0000000080010510 0x0000000000000000
core   0: >>>>  inst_320
core   0: 0x0000000080003f60 (0x00100113) li      sp, 1
core   0: 3 0x0000000080003f60 (0x00100113) x2  0x0000000000000001
core   0: 0x0000000080003f64 (0x00c11113) slli    sp, sp, 12
core   0: 3 0x0000000080003f64 (0x00c11113) x2  0x0000000000001000
core   0: 0x0000000080003f68 (0x00220233) add     tp, tp, sp
core   0: 3 0x0000000080003f68 (0x00220233) x4  0x000000008000b190
core   0: 0x0000000080003f6c (0x28023f87) fld     ft11, 640(tp)
core   0: 3 0x0000000080003f6c (0x28023f87) f31 0x8000000000000001 mem 0x000000008000b410
core   0: 0x0000000080003f70 (0x40220233) sub     tp, tp, sp
core   0: 3 0x0000000080003f70 (0x40220233) x4  0x000000008000a190
core   0: 0x0000000080003f74 (0x00100113) li      sp, 1
core   0: 3 0x0000000080003f74 (0x00100113) x2  0x0000000000000001
core   0: 0x0000000080003f78 (0x00c11113) slli    sp, sp, 12
core   0: 3 0x0000000080003f78 (0x00c11113) x2  0x0000000000001000
core   0: 0x0000000080003f7c (0x00220233) add     tp, tp, sp
core   0: 3 0x0000000080003f7c (0x00220233) x4  0x000000008000b190
core   0: 0x0000000080003f80 (0x28823f07) fld     ft10, 648(tp)
core   0: 3 0x0000000080003f80 (0x28823f07) f30 0x7ff0000000000000 mem 0x000000008000b418
core   0: 0x0000000080003f84 (0x40220233) sub     tp, tp, sp
core   0: 3 0x0000000080003f84 (0x40220233) x4  0x000000008000a190
core   0: 0x0000000080003f88 (0x00000113) li      sp, 0
core   0: 3 0x0000000080003f88 (0x00000113) x2  0x0000000000000000
core   0: 0x0000000080003f8c (0x00311073) csrw    fcsr, sp
core   0: 3 0x0000000080003f8c (0x00311073) c1_fflags 0x0000000000000000 c2_frm 0x0000000000000000
core   0: 0x0000000080003f90 (0xa3ef9fd3) flt.d   t6, ft11, ft10
core   0: 3 0x0000000080003f90 (0xa3ef9fd3) x31 0x0000000000000001
core   0: 0x0000000080003f94 (0x003022f3) csrr    t0, fcsr
core   0: 3 0x0000000080003f94 (0x003022f3) x5  0x0000000000000000
core   0: 0x0000000080003f98 (0x25f0b823) sd      t6, 592(ra)
core   0: 3 0x0000000080003f98 (0x25f0b823) mem 0x0000000080010518 0x0000000000000001
core   0: 0x0000000080003f9c (0x2450bc23) sd      t0, 600(ra)
core   0: 3 0x0000000080003f9c (0x2450bc23) mem 0x0000000080010520 0x0000000000000000
core   0: >>>>  inst_321
core   0: 0x0000000080003fa0 (0x00100113) li      sp, 1
core   0: 3 0x0000000080003fa0 (0x00100113) x2  0x0000000000000001
core   0: 0x0000000080003fa4 (0x00c11113) slli    sp, sp, 12
core   0: 3 0x0000000080003fa4 (0x00c11113) x2  0x0000000000001000
core   0: 0x0000000080003fa8 (0x00220233) add     tp, tp, sp
core   0: 3 0x0000000080003fa8 (0x00220233) x4  0x000000008000b190
core   0: 0x0000000080003fac (0x29023f87) fld     ft11, 656(tp)
core   0: 3 0x0000000080003fac (0x29023f87) f31 0x8000000000000001 mem 0x000000008000b420
core   0: 0x0000000080003fb0 (0x40220233) sub     tp, tp, sp
core   0: 3 0x0000000080003fb0 (0x40220233) x4  0x000000008000a190
core   0: 0x0000000080003fb4 (0x00100113) li      sp, 1
core   0: 3 0x0000000080003fb4 (0x00100113) x2  0x0000000000000001
core   0: 0x0000000080003fb8 (0x00c11113) slli    sp, sp, 12
core   0: 3 0x0000000080003fb8 (0x00c11113) x2  0x0000000000001000
core   0: 0x0000000080003fbc (0x00220233) add     tp, tp, sp
core   0: 3 0x0000000080003fbc (0x00220233) x4  0x000000008000b190
core   0: 0x0000000080003fc0 (0x29823f07) fld     ft10, 664(tp)
core   0: 3 0x0000000080003fc0 (0x29823f07) f30 0x7ff0000000000001 mem 0x000000008000b428
core   0: 0x0000000080003fc4 (0x40220233) sub     tp, tp, sp
core   0: 3 0x0000000080003fc4 (0x40220233) x4  0x000000008000a190
core   0: 0x0000000080003fc8 (0x00000113) li      sp, 0
core   0: 3 0x0000000080003fc8 (0x00000113) x2  0x0000000000000000
core   0: 0x0000000080003fcc (0x00311073) csrw    fcsr, sp
core   0: 3 0x0000000080003fcc (0x00311073) c1_fflags 0x0000000000000000 c2_frm 0x0000000000000000
core   0: 0x0000000080003fd0 (0xa3ef9fd3) flt.d   t6, ft11, ft10
core   0: 3 0x0000000080003fd0 (0xa3ef9fd3) c1_fflags 0x0000000000000010 x31 0x0000000000000000
core   0: 0x0000000080003fd4 (0x003022f3) csrr    t0, fcsr
core   0: 3 0x0000000080003fd4 (0x003022f3) x5  0x0000000000000010
core   0: 0x0000000080003fd8 (0x27f0b023) sd      t6, 608(ra)
core   0: 3 0x0000000080003fd8 (0x27f0b023) mem 0x0000000080010528 0x0000000000000000
core   0: 0x0000000080003fdc (0x2650b423) sd      t0, 616(ra)
core   0: 3 0x0000000080003fdc (0x2650b423) mem 0x0000000080010530 0x0000000000000010
core   0: >>>>  inst_322
core   0: 0x0000000080003fe0 (0x00100113) li      sp, 1
core   0: 3 0x0000000080003fe0 (0x00100113) x2  0x0000000000000001
core   0: 0x0000000080003fe4 (0x00c11113) slli    sp, sp, 12
core   0: 3 0x0000000080003fe4 (0x00c11113) x2  0x0000000000001000
core   0: 0x0000000080003fe8 (0x00220233) add     tp, tp, sp
core   0: 3 0x0000000080003fe8 (0x00220233) x4  0x000000008000b190
core   0: 0x0000000080003fec (0x2a023f87) fld     ft11, 672(tp)
core   0: 3 0x0000000080003fec (0x2a023f87) f31 0x8000000000000001 mem 0x000000008000b430
core   0: 0x0000000080003ff0 (0x40220233) sub     tp, tp, sp
core   0: 3 0x0000000080003ff0 (0x40220233) x4  0x000000008000a190
core   0: 0x0000000080003ff4 (0x00100113) li      sp, 1
core   0: 3 0x0000000080003ff4 (0x00100113) x2  0x0000000000000001
core   0: 0x0000000080003ff8 (0x00c11113) slli    sp, sp, 12
core   0: 3 0x0000000080003ff8 (0x00c11113) x2  0x0000000000001000
core   0: 0x0000000080003ffc (0x00220233) add     tp, tp, sp
core   0: 3 0x0000000080003ffc (0x00220233) x4  0x000000008000b190
core   0: 0x0000000080004000 (0x2a823f07) fld     ft10, 680(tp)
core   0: 3 0x0000000080004000 (0x2a823f07) f30 0x7ff8000000000000 mem 0x000000008000b438
core   0: 0x0000000080004004 (0x40220233) sub     tp, tp, sp
core   0: 3 0x0000000080004004 (0x40220233) x4  0x000000008000a190
core   0: 0x0000000080004008 (0x00000113) li      sp, 0
core   0: 3 0x0000000080004008 (0x00000113) x2  0x0000000000000000
core   0: 0x000000008000400c (0x00311073) csrw    fcsr, sp
core   0: 3 0x000000008000400c (0x00311073) c1_fflags 0x0000000000000000 c2_frm 0x0000000000000000
core   0: 0x0000000080004010 (0xa3ef9fd3) flt.d   t6, ft11, ft10
core   0: 3 0x0000000080004010 (0xa3ef9fd3) c1_fflags 0x0000000000000010 x31 0x0000000000000000
core   0: 0x0000000080004014 (0x003022f3) csrr    t0, fcsr
core   0: 3 0x0000000080004014 (0x003022f3) x5  0x0000000000000010
core   0: 0x0000000080004018 (0x27f0b823) sd      t6, 624(ra)
core   0: 3 0x0000000080004018 (0x27f0b823) mem 0x0000000080010538 0x0000000000000000
core   0: 0x000000008000401c (0x2650bc23) sd      t0, 632(ra)
core   0: 3 0x000000008000401c (0x2650bc23) mem 0x0000000080010540 0x0000000000000010
core   0: >>>>  inst_323
core   0: 0x0000000080004020 (0x00100113) li      sp, 1
core   0: 3 0x0000000080004020 (0x00100113) x2  0x0000000000000001
core   0: 0x0000000080004024 (0x00c11113) slli    sp, sp, 12
core   0: 3 0x0000000080004024 (0x00c11113) x2  0x0000000000001000
core   0: 0x0000000080004028 (0x00220233) add     tp, tp, sp
core   0: 3 0x0000000080004028 (0x00220233) x4  0x000000008000b190
core   0: 0x000000008000402c (0x2b023f87) fld     ft11, 688(tp)
core   0: 3 0x000000008000402c (0x2b023f87) f31 0x8000000000000001 mem 0x000000008000b440
core   0: 0x0000000080004030 (0x40220233) sub     tp, tp, sp
core   0: 3 0x0000000080004030 (0x40220233) x4  0x000000008000a190
core   0: 0x0000000080004034 (0x00100113) li      sp, 1
core   0: 3 0x0000000080004034 (0x00100113) x2  0x0000000000000001
core   0: 0x0000000080004038 (0x00c11113) slli    sp, sp, 12
core   0: 3 0x0000000080004038 (0x00c11113) x2  0x0000000000001000
core   0: 0x000000008000403c (0x00220233) add     tp, tp, sp
core   0: 3 0x000000008000403c (0x00220233) x4  0x000000008000b190
core   0: 0x0000000080004040 (0x2b823f07) fld     ft10, 696(tp)
core   0: 3 0x0000000080004040 (0x2b823f07) f30 0x7ff8000000000001 mem 0x000000008000b448
core   0: 0x0000000080004044 (0x40220233) sub     tp, tp, sp
core   0: 3 0x0000000080004044 (0x40220233) x4  0x000000008000a190
core   0: 0x0000000080004048 (0x00000113) li      sp, 0
core   0: 3 0x0000000080004048 (0x00000113) x2  0x0000000000000000
core   0: 0x000000008000404c (0x00311073) csrw    fcsr, sp
core   0: 3 0x000000008000404c (0x00311073) c1_fflags 0x0000000000000000 c2_frm 0x0000000000000000
core   0: 0x0000000080004050 (0xa3ef9fd3) flt.d   t6, ft11, ft10
core   0: 3 0x0000000080004050 (0xa3ef9fd3) c1_fflags 0x0000000000000010 x31 0x0000000000000000
core   0: 0x0000000080004054 (0x003022f3) csrr    t0, fcsr
core   0: 3 0x0000000080004054 (0x003022f3) x5  0x0000000000000010
core   0: 0x0000000080004058 (0x29f0b023) sd      t6, 640(ra)
core   0: 3 0x0000000080004058 (0x29f0b023) mem 0x0000000080010548 0x0000000000000000
core   0: 0x000000008000405c (0x2850b423) sd      t0, 648(ra)
core   0: 3 0x000000008000405c (0x2850b423) mem 0x0000000080010550 0x0000000000000010
core   0: >>>>  inst_324
core   0: 0x0000000080004060 (0x00100113) li      sp, 1
core   0: 3 0x0000000080004060 (0x00100113) x2  0x0000000000000001
core   0: 0x0000000080004064 (0x00c11113) slli    sp, sp, 12
core   0: 3 0x0000000080004064 (0x00c11113) x2  0x0000000000001000
core   0: 0x0000000080004068 (0x00220233) add     tp, tp, sp
core   0: 3 0x0000000080004068 (0x00220233) x4  0x000000008000b190
core   0: 0x000000008000406c (0x2c023f87) fld     ft11, 704(tp)
core   0: 3 0x000000008000406c (0x2c023f87) f31 0x8000000000000001 mem 0x000000008000b450
core   0: 0x0000000080004070 (0x40220233) sub     tp, tp, sp
core   0: 3 0x0000000080004070 (0x40220233) x4  0x000000008000a190
core   0: 0x0000000080004074 (0x00100113) li      sp, 1
core   0: 3 0x0000000080004074 (0x00100113) x2  0x0000000000000001
core   0: 0x0000000080004078 (0x00c11113) slli    sp, sp, 12
core   0: 3 0x0000000080004078 (0x00c11113) x2  0x0000000000001000
core   0: 0x000000008000407c (0x00220233) add     tp, tp, sp
core   0: 3 0x000000008000407c (0x00220233) x4  0x000000008000b190
core   0: 0x0000000080004080 (0x2c823f07) fld     ft10, 712(tp)
core   0: 3 0x0000000080004080 (0x2c823f07) f30 0x8000000000000000 mem 0x000000008000b458
core   0: 0x0000000080004084 (0x40220233) sub     tp, tp, sp
core   0: 3 0x0000000080004084 (0x40220233) x4  0x000000008000a190
core   0: 0x0000000080004088 (0x00000113) li      sp, 0
core   0: 3 0x0000000080004088 (0x00000113) x2  0x0000000000000000
core   0: 0x000000008000408c (0x00311073) csrw    fcsr, sp
core   0: 3 0x000000008000408c (0x00311073) c1_fflags 0x0000000000000000 c2_frm 0x0000000000000000
core   0: 0x0000000080004090 (0xa3ef9fd3) flt.d   t6, ft11, ft10
core   0: 3 0x0000000080004090 (0xa3ef9fd3) x31 0x0000000000000001
core   0: 0x0000000080004094 (0x003022f3) csrr    t0, fcsr
core   0: 3 0x0000000080004094 (0x003022f3) x5  0x0000000000000000
core   0: 0x0000000080004098 (0x29f0b823) sd      t6, 656(ra)
core   0: 3 0x0000000080004098 (0x29f0b823) mem 0x0000000080010558 0x0000000000000001
core   0: 0x000000008000409c (0x2850bc23) sd      t0, 664(ra)
core   0: 3 0x000000008000409c (0x2850bc23) mem 0x0000000080010560 0x0000000000000000
core   0: >>>>  inst_325
core   0: 0x00000000800040a0 (0x00100113) li      sp, 1
core   0: 3 0x00000000800040a0 (0x00100113) x2  0x0000000000000001
core   0: 0x00000000800040a4 (0x00c11113) slli    sp, sp, 12
core   0: 3 0x00000000800040a4 (0x00c11113) x2  0x0000000000001000
core   0: 0x00000000800040a8 (0x00220233) add     tp, tp, sp
core   0: 3 0x00000000800040a8 (0x00220233) x4  0x000000008000b190
core   0: 0x00000000800040ac (0x2d023f87) fld     ft11, 720(tp)
core   0: 3 0x00000000800040ac (0x2d023f87) f31 0x8000000000000001 mem 0x000000008000b460
core   0: 0x00000000800040b0 (0x40220233) sub     tp, tp, sp
core   0: 3 0x00000000800040b0 (0x40220233) x4  0x000000008000a190
core   0: 0x00000000800040b4 (0x00100113) li      sp, 1
core   0: 3 0x00000000800040b4 (0x00100113) x2  0x0000000000000001
core   0: 0x00000000800040b8 (0x00c11113) slli    sp, sp, 12
core   0: 3 0x00000000800040b8 (0x00c11113) x2  0x0000000000001000
core   0: 0x00000000800040bc (0x00220233) add     tp, tp, sp
core   0: 3 0x00000000800040bc (0x00220233) x4  0x000000008000b190
core   0: 0x00000000800040c0 (0x2d823f07) fld     ft10, 728(tp)
core   0: 3 0x00000000800040c0 (0x2d823f07) f30 0x8000000000000001 mem 0x000000008000b468
core   0: 0x00000000800040c4 (0x40220233) sub     tp, tp, sp
core   0: 3 0x00000000800040c4 (0x40220233) x4  0x000000008000a190
core   0: 0x00000000800040c8 (0x00000113) li      sp, 0
core   0: 3 0x00000000800040c8 (0x00000113) x2  0x0000000000000000
core   0: 0x00000000800040cc (0x00311073) csrw    fcsr, sp
core   0: 3 0x00000000800040cc (0x00311073) c1_fflags 0x0000000000000000 c2_frm 0x0000000000000000
core   0: 0x00000000800040d0 (0xa3ef9fd3) flt.d   t6, ft11, ft10
core   0: 3 0x00000000800040d0 (0xa3ef9fd3) x31 0x0000000000000000
core   0: 0x00000000800040d4 (0x003022f3) csrr    t0, fcsr
core   0: 3 0x00000000800040d4 (0x003022f3) x5  0x0000000000000000
core   0: 0x00000000800040d8 (0x2bf0b023) sd      t6, 672(ra)
core   0: 3 0x00000000800040d8 (0x2bf0b023) mem 0x0000000080010568 0x0000000000000000
core   0: 0x00000000800040dc (0x2a50b423) sd      t0, 680(ra)
core   0: 3 0x00000000800040dc (0x2a50b423) mem 0x0000000080010570 0x0000000000000000
core   0: >>>>  inst_326
core   0: 0x00000000800040e0 (0x00100113) li      sp, 1
core   0: 3 0x00000000800040e0 (0x00100113) x2  0x0000000000000001
core   0: 0x00000000800040e4 (0x00c11113) slli    sp, sp, 12
core   0: 3 0x00000000800040e4 (0x00c11113) x2  0x0000000000001000
core   0: 0x00000000800040e8 (0x00220233) add     tp, tp, sp
core   0: 3 0x00000000800040e8 (0x00220233) x4  0x000000008000b190
core   0: 0x00000000800040ec (0x2e023f87) fld     ft11, 736(tp)
core   0: 3 0x00000000800040ec (0x2e023f87) f31 0x8000000000000001 mem 0x000000008000b470
core   0: 0x00000000800040f0 (0x40220233) sub     tp, tp, sp
core   0: 3 0x00000000800040f0 (0x40220233) x4  0x000000008000a190
core   0: 0x00000000800040f4 (0x00100113) li      sp, 1
core   0: 3 0x00000000800040f4 (0x00100113) x2  0x0000000000000001
core   0: 0x00000000800040f8 (0x00c11113) slli    sp, sp, 12
core   0: 3 0x00000000800040f8 (0x00c11113) x2  0x0000000000001000
core   0: 0x00000000800040fc (0x00220233) add     tp, tp, sp
core   0: 3 0x00000000800040fc (0x00220233) x4  0x000000008000b190
core   0: 0x0000000080004100 (0x2e823f07) fld     ft10, 744(tp)
core   0: 3 0x0000000080004100 (0x2e823f07) f30 0x8000000000000002 mem 0x000000008000b478
core   0: 0x0000000080004104 (0x40220233) sub     tp, tp, sp
core   0: 3 0x0000000080004104 (0x40220233) x4  0x000000008000a190
core   0: 0x0000000080004108 (0x00000113) li      sp, 0
core   0: 3 0x0000000080004108 (0x00000113) x2  0x0000000000000000
core   0: 0x000000008000410c (0x00311073) csrw    fcsr, sp
core   0: 3 0x000000008000410c (0x00311073) c1_fflags 0x0000000000000000 c2_frm 0x0000000000000000
core   0: 0x0000000080004110 (0xa3ef9fd3) flt.d   t6, ft11, ft10
core   0: 3 0x0000000080004110 (0xa3ef9fd3) x31 0x0000000000000000
core   0: 0x0000000080004114 (0x003022f3) csrr    t0, fcsr
core   0: 3 0x0000000080004114 (0x003022f3) x5  0x0000000000000000
core   0: 0x0000000080004118 (0x2bf0b823) sd      t6, 688(ra)
core   0: 3 0x0000000080004118 (0x2bf0b823) mem 0x0000000080010578 0x0000000000000000
core   0: 0x000000008000411c (0x2a50bc23) sd      t0, 696(ra)
core   0: 3 0x000000008000411c (0x2a50bc23) mem 0x0000000080010580 0x0000000000000000
core   0: >>>>  inst_327
core   0: 0x0000000080004120 (0x00100113) li      sp, 1
core   0: 3 0x0000000080004120 (0x00100113) x2  0x0000000000000001
core   0: 0x0000000080004124 (0x00c11113) slli    sp, sp, 12
core   0: 3 0x0000000080004124 (0x00c11113) x2  0x0000000000001000
core   0: 0x0000000080004128 (0x00220233) add     tp, tp, sp
core   0: 3 0x0000000080004128 (0x00220233) x4  0x000000008000b190
core   0: 0x000000008000412c (0x2f023f87) fld     ft11, 752(tp)
core   0: 3 0x000000008000412c (0x2f023f87) f31 0x8000000000000001 mem 0x000000008000b480
core   0: 0x0000000080004130 (0x40220233) sub     tp, tp, sp
core   0: 3 0x0000000080004130 (0x40220233) x4  0x000000008000a190
core   0: 0x0000000080004134 (0x00100113) li      sp, 1
core   0: 3 0x0000000080004134 (0x00100113) x2  0x0000000000000001
core   0: 0x0000000080004138 (0x00c11113) slli    sp, sp, 12
core   0: 3 0x0000000080004138 (0x00c11113) x2  0x0000000000001000
core   0: 0x000000008000413c (0x00220233) add     tp, tp, sp
core   0: 3 0x000000008000413c (0x00220233) x4  0x000000008000b190
core   0: 0x0000000080004140 (0x2f823f07) fld     ft10, 760(tp)
core   0: 3 0x0000000080004140 (0x2f823f07) f30 0x800fffffffffffff mem 0x000000008000b488
core   0: 0x0000000080004144 (0x40220233) sub     tp, tp, sp
core   0: 3 0x0000000080004144 (0x40220233) x4  0x000000008000a190
core   0: 0x0000000080004148 (0x00000113) li      sp, 0
core   0: 3 0x0000000080004148 (0x00000113) x2  0x0000000000000000
core   0: 0x000000008000414c (0x00311073) csrw    fcsr, sp
core   0: 3 0x000000008000414c (0x00311073) c1_fflags 0x0000000000000000 c2_frm 0x0000000000000000
core   0: 0x0000000080004150 (0xa3ef9fd3) flt.d   t6, ft11, ft10
core   0: 3 0x0000000080004150 (0xa3ef9fd3) x31 0x0000000000000000
core   0: 0x0000000080004154 (0x003022f3) csrr    t0, fcsr
core   0: 3 0x0000000080004154 (0x003022f3) x5  0x0000000000000000
core   0: 0x0000000080004158 (0x2df0b023) sd      t6, 704(ra)
core   0: 3 0x0000000080004158 (0x2df0b023) mem 0x0000000080010588 0x0000000000000000
core   0: 0x000000008000415c (0x2c50b423) sd      t0, 712(ra)
core   0: 3 0x000000008000415c (0x2c50b423) mem 0x0000000080010590 0x0000000000000000
core   0: >>>>  inst_328
core   0: 0x0000000080004160 (0x00100113) li      sp, 1
core   0: 3 0x0000000080004160 (0x00100113) x2  0x0000000000000001
core   0: 0x0000000080004164 (0x00c11113) slli    sp, sp, 12
core   0: 3 0x0000000080004164 (0x00c11113) x2  0x0000000000001000
core   0: 0x0000000080004168 (0x00220233) add     tp, tp, sp
core   0: 3 0x0000000080004168 (0x00220233) x4  0x000000008000b190
core   0: 0x000000008000416c (0x30023f87) fld     ft11, 768(tp)
core   0: 3 0x000000008000416c (0x30023f87) f31 0x8000000000000001 mem 0x000000008000b490
core   0: 0x0000000080004170 (0x40220233) sub     tp, tp, sp
core   0: 3 0x0000000080004170 (0x40220233) x4  0x000000008000a190
core   0: 0x0000000080004174 (0x00100113) li      sp, 1
core   0: 3 0x0000000080004174 (0x00100113) x2  0x0000000000000001
core   0: 0x0000000080004178 (0x00c11113) slli    sp, sp, 12
core   0: 3 0x0000000080004178 (0x00c11113) x2  0x0000000000001000
core   0: 0x000000008000417c (0x00220233) add     tp, tp, sp
core   0: 3 0x000000008000417c (0x00220233) x4  0x000000008000b190
core   0: 0x0000000080004180 (0x30823f07) fld     ft10, 776(tp)
core   0: 3 0x0000000080004180 (0x30823f07) f30 0x8010000000000000 mem 0x000000008000b498
core   0: 0x0000000080004184 (0x40220233) sub     tp, tp, sp
core   0: 3 0x0000000080004184 (0x40220233) x4  0x000000008000a190
core   0: 0x0000000080004188 (0x00000113) li      sp, 0
core   0: 3 0x0000000080004188 (0x00000113) x2  0x0000000000000000
core   0: 0x000000008000418c (0x00311073) csrw    fcsr, sp
core   0: 3 0x000000008000418c (0x00311073) c1_fflags 0x0000000000000000 c2_frm 0x0000000000000000
core   0: 0x0000000080004190 (0xa3ef9fd3) flt.d   t6, ft11, ft10
core   0: 3 0x0000000080004190 (0xa3ef9fd3) x31 0x0000000000000000
core   0: 0x0000000080004194 (0x003022f3) csrr    t0, fcsr
core   0: 3 0x0000000080004194 (0x003022f3) x5  0x0000000000000000
core   0: 0x0000000080004198 (0x2df0b823) sd      t6, 720(ra)
core   0: 3 0x0000000080004198 (0x2df0b823) mem 0x0000000080010598 0x0000000000000000
core   0: 0x000000008000419c (0x2c50bc23) sd      t0, 728(ra)
core   0: 3 0x000000008000419c (0x2c50bc23) mem 0x00000000800105a0 0x0000000000000000
core   0: >>>>  inst_329
core   0: 0x00000000800041a0 (0x00100113) li      sp, 1
core   0: 3 0x00000000800041a0 (0x00100113) x2  0x0000000000000001
core   0: 0x00000000800041a4 (0x00c11113) slli    sp, sp, 12
core   0: 3 0x00000000800041a4 (0x00c11113) x2  0x0000000000001000
core   0: 0x00000000800041a8 (0x00220233) add     tp, tp, sp
core   0: 3 0x00000000800041a8 (0x00220233) x4  0x000000008000b190
core   0: 0x00000000800041ac (0x31023f87) fld     ft11, 784(tp)
core   0: 3 0x00000000800041ac (0x31023f87) f31 0x8000000000000001 mem 0x000000008000b4a0
core   0: 0x00000000800041b0 (0x40220233) sub     tp, tp, sp
core   0: 3 0x00000000800041b0 (0x40220233) x4  0x000000008000a190
core   0: 0x00000000800041b4 (0x00100113) li      sp, 1
core   0: 3 0x00000000800041b4 (0x00100113) x2  0x0000000000000001
core   0: 0x00000000800041b8 (0x00c11113) slli    sp, sp, 12
core   0: 3 0x00000000800041b8 (0x00c11113) x2  0x0000000000001000
core   0: 0x00000000800041bc (0x00220233) add     tp, tp, sp
core   0: 3 0x00000000800041bc (0x00220233) x4  0x000000008000b190
core   0: 0x00000000800041c0 (0x31823f07) fld     ft10, 792(tp)
core   0: 3 0x00000000800041c0 (0x31823f07) f30 0x8010000000000002 mem 0x000000008000b4a8
core   0: 0x00000000800041c4 (0x40220233) sub     tp, tp, sp
core   0: 3 0x00000000800041c4 (0x40220233) x4  0x000000008000a190
core   0: 0x00000000800041c8 (0x00000113) li      sp, 0
core   0: 3 0x00000000800041c8 (0x00000113) x2  0x0000000000000000
core   0: 0x00000000800041cc (0x00311073) csrw    fcsr, sp
core   0: 3 0x00000000800041cc (0x00311073) c1_fflags 0x0000000000000000 c2_frm 0x0000000000000000
core   0: 0x00000000800041d0 (0xa3ef9fd3) flt.d   t6, ft11, ft10
core   0: 3 0x00000000800041d0 (0xa3ef9fd3) x31 0x0000000000000000
core   0: 0x00000000800041d4 (0x003022f3) csrr    t0, fcsr
core   0: 3 0x00000000800041d4 (0x003022f3) x5  0x0000000000000000
core   0: 0x00000000800041d8 (0x2ff0b023) sd      t6, 736(ra)
core   0: 3 0x00000000800041d8 (0x2ff0b023) mem 0x00000000800105a8 0x0000000000000000
core   0: 0x00000000800041dc (0x2e50b423) sd      t0, 744(ra)
core   0: 3 0x00000000800041dc (0x2e50b423) mem 0x00000000800105b0 0x0000000000000000
core   0: >>>>  inst_330
core   0: 0x00000000800041e0 (0x00100113) li      sp, 1
core   0: 3 0x00000000800041e0 (0x00100113) x2  0x0000000000000001
core   0: 0x00000000800041e4 (0x00c11113) slli    sp, sp, 12
core   0: 3 0x00000000800041e4 (0x00c11113) x2  0x0000000000001000
core   0: 0x00000000800041e8 (0x00220233) add     tp, tp, sp
core   0: 3 0x00000000800041e8 (0x00220233) x4  0x000000008000b190
core   0: 0x00000000800041ec (0x32023f87) fld     ft11, 800(tp)
core   0: 3 0x00000000800041ec (0x32023f87) f31 0x8000000000000001 mem 0x000000008000b4b0
core   0: 0x00000000800041f0 (0x40220233) sub     tp, tp, sp
core   0: 3 0x00000000800041f0 (0x40220233) x4  0x000000008000a190
core   0: 0x00000000800041f4 (0x00100113) li      sp, 1
core   0: 3 0x00000000800041f4 (0x00100113) x2  0x0000000000000001
core   0: 0x00000000800041f8 (0x00c11113) slli    sp, sp, 12
core   0: 3 0x00000000800041f8 (0x00c11113) x2  0x0000000000001000
core   0: 0x00000000800041fc (0x00220233) add     tp, tp, sp
core   0: 3 0x00000000800041fc (0x00220233) x4  0x000000008000b190
core   0: 0x0000000080004200 (0x32823f07) fld     ft10, 808(tp)
core   0: 3 0x0000000080004200 (0x32823f07) f30 0xbf80000000000000 mem 0x000000008000b4b8
core   0: 0x0000000080004204 (0x40220233) sub     tp, tp, sp
core   0: 3 0x0000000080004204 (0x40220233) x4  0x000000008000a190
core   0: 0x0000000080004208 (0x00000113) li      sp, 0
core   0: 3 0x0000000080004208 (0x00000113) x2  0x0000000000000000
core   0: 0x000000008000420c (0x00311073) csrw    fcsr, sp
core   0: 3 0x000000008000420c (0x00311073) c1_fflags 0x0000000000000000 c2_frm 0x0000000000000000
core   0: 0x0000000080004210 (0xa3ef9fd3) flt.d   t6, ft11, ft10
core   0: 3 0x0000000080004210 (0xa3ef9fd3) x31 0x0000000000000000
core   0: 0x0000000080004214 (0x003022f3) csrr    t0, fcsr
core   0: 3 0x0000000080004214 (0x003022f3) x5  0x0000000000000000
core   0: 0x0000000080004218 (0x2ff0b823) sd      t6, 752(ra)
core   0: 3 0x0000000080004218 (0x2ff0b823) mem 0x00000000800105b8 0x0000000000000000
core   0: 0x000000008000421c (0x2e50bc23) sd      t0, 760(ra)
core   0: 3 0x000000008000421c (0x2e50bc23) mem 0x00000000800105c0 0x0000000000000000
core   0: >>>>  inst_331
core   0: 0x0000000080004220 (0x00100113) li      sp, 1
core   0: 3 0x0000000080004220 (0x00100113) x2  0x0000000000000001
core   0: 0x0000000080004224 (0x00c11113) slli    sp, sp, 12
core   0: 3 0x0000000080004224 (0x00c11113) x2  0x0000000000001000
core   0: 0x0000000080004228 (0x00220233) add     tp, tp, sp
core   0: 3 0x0000000080004228 (0x00220233) x4  0x000000008000b190
core   0: 0x000000008000422c (0x33023f87) fld     ft11, 816(tp)
core   0: 3 0x000000008000422c (0x33023f87) f31 0x8000000000000001 mem 0x000000008000b4c0
core   0: 0x0000000080004230 (0x40220233) sub     tp, tp, sp
core   0: 3 0x0000000080004230 (0x40220233) x4  0x000000008000a190
core   0: 0x0000000080004234 (0x00100113) li      sp, 1
core   0: 3 0x0000000080004234 (0x00100113) x2  0x0000000000000001
core   0: 0x0000000080004238 (0x00c11113) slli    sp, sp, 12
core   0: 3 0x0000000080004238 (0x00c11113) x2  0x0000000000001000
core   0: 0x000000008000423c (0x00220233) add     tp, tp, sp
core   0: 3 0x000000008000423c (0x00220233) x4  0x000000008000b190
core   0: 0x0000000080004240 (0x33823f07) fld     ft10, 824(tp)
core   0: 3 0x0000000080004240 (0x33823f07) f30 0xffefffffffffffff mem 0x000000008000b4c8
core   0: 0x0000000080004244 (0x40220233) sub     tp, tp, sp
core   0: 3 0x0000000080004244 (0x40220233) x4  0x000000008000a190
core   0: 0x0000000080004248 (0x00000113) li      sp, 0
core   0: 3 0x0000000080004248 (0x00000113) x2  0x0000000000000000
core   0: 0x000000008000424c (0x00311073) csrw    fcsr, sp
core   0: 3 0x000000008000424c (0x00311073) c1_fflags 0x0000000000000000 c2_frm 0x0000000000000000
core   0: 0x0000000080004250 (0xa3ef9fd3) flt.d   t6, ft11, ft10
core   0: 3 0x0000000080004250 (0xa3ef9fd3) x31 0x0000000000000000
core   0: 0x0000000080004254 (0x003022f3) csrr    t0, fcsr
core   0: 3 0x0000000080004254 (0x003022f3) x5  0x0000000000000000
core   0: 0x0000000080004258 (0x31f0b023) sd      t6, 768(ra)
core   0: 3 0x0000000080004258 (0x31f0b023) mem 0x00000000800105c8 0x0000000000000000
core   0: 0x000000008000425c (0x3050b423) sd      t0, 776(ra)
core   0: 3 0x000000008000425c (0x3050b423) mem 0x00000000800105d0 0x0000000000000000
core   0: >>>>  inst_332
core   0: 0x0000000080004260 (0x00100113) li      sp, 1
core   0: 3 0x0000000080004260 (0x00100113) x2  0x0000000000000001
core   0: 0x0000000080004264 (0x00c11113) slli    sp, sp, 12
core   0: 3 0x0000000080004264 (0x00c11113) x2  0x0000000000001000
core   0: 0x0000000080004268 (0x00220233) add     tp, tp, sp
core   0: 3 0x0000000080004268 (0x00220233) x4  0x000000008000b190
core   0: 0x000000008000426c (0x34023f87) fld     ft11, 832(tp)
core   0: 3 0x000000008000426c (0x34023f87) f31 0x8000000000000001 mem 0x000000008000b4d0
core   0: 0x0000000080004270 (0x40220233) sub     tp, tp, sp
core   0: 3 0x0000000080004270 (0x40220233) x4  0x000000008000a190
core   0: 0x0000000080004274 (0x00100113) li      sp, 1
core   0: 3 0x0000000080004274 (0x00100113) x2  0x0000000000000001
core   0: 0x0000000080004278 (0x00c11113) slli    sp, sp, 12
core   0: 3 0x0000000080004278 (0x00c11113) x2  0x0000000000001000
core   0: 0x000000008000427c (0x00220233) add     tp, tp, sp
core   0: 3 0x000000008000427c (0x00220233) x4  0x000000008000b190
core   0: 0x0000000080004280 (0x34823f07) fld     ft10, 840(tp)
core   0: 3 0x0000000080004280 (0x34823f07) f30 0xfff0000000000000 mem 0x000000008000b4d8
core   0: 0x0000000080004284 (0x40220233) sub     tp, tp, sp
core   0: 3 0x0000000080004284 (0x40220233) x4  0x000000008000a190
core   0: 0x0000000080004288 (0x00000113) li      sp, 0
core   0: 3 0x0000000080004288 (0x00000113) x2  0x0000000000000000
core   0: 0x000000008000428c (0x00311073) csrw    fcsr, sp
core   0: 3 0x000000008000428c (0x00311073) c1_fflags 0x0000000000000000 c2_frm 0x0000000000000000
core   0: 0x0000000080004290 (0xa3ef9fd3) flt.d   t6, ft11, ft10
core   0: 3 0x0000000080004290 (0xa3ef9fd3) x31 0x0000000000000000
core   0: 0x0000000080004294 (0x003022f3) csrr    t0, fcsr
core   0: 3 0x0000000080004294 (0x003022f3) x5  0x0000000000000000
core   0: 0x0000000080004298 (0x31f0b823) sd      t6, 784(ra)
core   0: 3 0x0000000080004298 (0x31f0b823) mem 0x00000000800105d8 0x0000000000000000
core   0: 0x000000008000429c (0x3050bc23) sd      t0, 792(ra)
core   0: 3 0x000000008000429c (0x3050bc23) mem 0x00000000800105e0 0x0000000000000000
core   0: >>>>  inst_333
core   0: 0x00000000800042a0 (0x00100113) li      sp, 1
core   0: 3 0x00000000800042a0 (0x00100113) x2  0x0000000000000001
core   0: 0x00000000800042a4 (0x00c11113) slli    sp, sp, 12
core   0: 3 0x00000000800042a4 (0x00c11113) x2  0x0000000000001000
core   0: 0x00000000800042a8 (0x00220233) add     tp, tp, sp
core   0: 3 0x00000000800042a8 (0x00220233) x4  0x000000008000b190
core   0: 0x00000000800042ac (0x35023f87) fld     ft11, 848(tp)
core   0: 3 0x00000000800042ac (0x35023f87) f31 0x8000000000000001 mem 0x000000008000b4e0
core   0: 0x00000000800042b0 (0x40220233) sub     tp, tp, sp
core   0: 3 0x00000000800042b0 (0x40220233) x4  0x000000008000a190
core   0: 0x00000000800042b4 (0x00100113) li      sp, 1
core   0: 3 0x00000000800042b4 (0x00100113) x2  0x0000000000000001
core   0: 0x00000000800042b8 (0x00c11113) slli    sp, sp, 12
core   0: 3 0x00000000800042b8 (0x00c11113) x2  0x0000000000001000
core   0: 0x00000000800042bc (0x00220233) add     tp, tp, sp
core   0: 3 0x00000000800042bc (0x00220233) x4  0x000000008000b190
core   0: 0x00000000800042c0 (0x35823f07) fld     ft10, 856(tp)
core   0: 3 0x00000000800042c0 (0x35823f07) f30 0xfff0000000000001 mem 0x000000008000b4e8
core   0: 0x00000000800042c4 (0x40220233) sub     tp, tp, sp
core   0: 3 0x00000000800042c4 (0x40220233) x4  0x000000008000a190
core   0: 0x00000000800042c8 (0x00000113) li      sp, 0
core   0: 3 0x00000000800042c8 (0x00000113) x2  0x0000000000000000
core   0: 0x00000000800042cc (0x00311073) csrw    fcsr, sp
core   0: 3 0x00000000800042cc (0x00311073) c1_fflags 0x0000000000000000 c2_frm 0x0000000000000000
core   0: 0x00000000800042d0 (0xa3ef9fd3) flt.d   t6, ft11, ft10
core   0: 3 0x00000000800042d0 (0xa3ef9fd3) c1_fflags 0x0000000000000010 x31 0x0000000000000000
core   0: 0x00000000800042d4 (0x003022f3) csrr    t0, fcsr
core   0: 3 0x00000000800042d4 (0x003022f3) x5  0x0000000000000010
core   0: 0x00000000800042d8 (0x33f0b023) sd      t6, 800(ra)
core   0: 3 0x00000000800042d8 (0x33f0b023) mem 0x00000000800105e8 0x0000000000000000
core   0: 0x00000000800042dc (0x3250b423) sd      t0, 808(ra)
core   0: 3 0x00000000800042dc (0x3250b423) mem 0x00000000800105f0 0x0000000000000010
core   0: >>>>  inst_334
core   0: 0x00000000800042e0 (0x00100113) li      sp, 1
core   0: 3 0x00000000800042e0 (0x00100113) x2  0x0000000000000001
core   0: 0x00000000800042e4 (0x00c11113) slli    sp, sp, 12
core   0: 3 0x00000000800042e4 (0x00c11113) x2  0x0000000000001000
core   0: 0x00000000800042e8 (0x00220233) add     tp, tp, sp
core   0: 3 0x00000000800042e8 (0x00220233) x4  0x000000008000b190
core   0: 0x00000000800042ec (0x36023f87) fld     ft11, 864(tp)
core   0: 3 0x00000000800042ec (0x36023f87) f31 0x8000000000000001 mem 0x000000008000b4f0
core   0: 0x00000000800042f0 (0x40220233) sub     tp, tp, sp
core   0: 3 0x00000000800042f0 (0x40220233) x4  0x000000008000a190
core   0: 0x00000000800042f4 (0x00100113) li      sp, 1
core   0: 3 0x00000000800042f4 (0x00100113) x2  0x0000000000000001
core   0: 0x00000000800042f8 (0x00c11113) slli    sp, sp, 12
core   0: 3 0x00000000800042f8 (0x00c11113) x2  0x0000000000001000
core   0: 0x00000000800042fc (0x00220233) add     tp, tp, sp
core   0: 3 0x00000000800042fc (0x00220233) x4  0x000000008000b190
core   0: 0x0000000080004300 (0x36823f07) fld     ft10, 872(tp)
core   0: 3 0x0000000080004300 (0x36823f07) f30 0xfff8000000000000 mem 0x000000008000b4f8
core   0: 0x0000000080004304 (0x40220233) sub     tp, tp, sp
core   0: 3 0x0000000080004304 (0x40220233) x4  0x000000008000a190
core   0: 0x0000000080004308 (0x00000113) li      sp, 0
core   0: 3 0x0000000080004308 (0x00000113) x2  0x0000000000000000
core   0: 0x000000008000430c (0x00311073) csrw    fcsr, sp
core   0: 3 0x000000008000430c (0x00311073) c1_fflags 0x0000000000000000 c2_frm 0x0000000000000000
core   0: 0x0000000080004310 (0xa3ef9fd3) flt.d   t6, ft11, ft10
core   0: 3 0x0000000080004310 (0xa3ef9fd3) c1_fflags 0x0000000000000010 x31 0x0000000000000000
core   0: 0x0000000080004314 (0x003022f3) csrr    t0, fcsr
core   0: 3 0x0000000080004314 (0x003022f3) x5  0x0000000000000010
core   0: 0x0000000080004318 (0x33f0b823) sd      t6, 816(ra)
core   0: 3 0x0000000080004318 (0x33f0b823) mem 0x00000000800105f8 0x0000000000000000
core   0: 0x000000008000431c (0x3250bc23) sd      t0, 824(ra)
core   0: 3 0x000000008000431c (0x3250bc23) mem 0x0000000080010600 0x0000000000000010
core   0: >>>>  inst_335
core   0: 0x0000000080004320 (0x00100113) li      sp, 1
core   0: 3 0x0000000080004320 (0x00100113) x2  0x0000000000000001
core   0: 0x0000000080004324 (0x00c11113) slli    sp, sp, 12
core   0: 3 0x0000000080004324 (0x00c11113) x2  0x0000000000001000
core   0: 0x0000000080004328 (0x00220233) add     tp, tp, sp
core   0: 3 0x0000000080004328 (0x00220233) x4  0x000000008000b190
core   0: 0x000000008000432c (0x37023f87) fld     ft11, 880(tp)
core   0: 3 0x000000008000432c (0x37023f87) f31 0x8000000000000001 mem 0x000000008000b500
core   0: 0x0000000080004330 (0x40220233) sub     tp, tp, sp
core   0: 3 0x0000000080004330 (0x40220233) x4  0x000000008000a190
core   0: 0x0000000080004334 (0x00100113) li      sp, 1
core   0: 3 0x0000000080004334 (0x00100113) x2  0x0000000000000001
core   0: 0x0000000080004338 (0x00c11113) slli    sp, sp, 12
core   0: 3 0x0000000080004338 (0x00c11113) x2  0x0000000000001000
core   0: 0x000000008000433c (0x00220233) add     tp, tp, sp
core   0: 3 0x000000008000433c (0x00220233) x4  0x000000008000b190
core   0: 0x0000000080004340 (0x37823f07) fld     ft10, 888(tp)
core   0: 3 0x0000000080004340 (0x37823f07) f30 0xfff8000000000001 mem 0x000000008000b508
core   0: 0x0000000080004344 (0x40220233) sub     tp, tp, sp
core   0: 3 0x0000000080004344 (0x40220233) x4  0x000000008000a190
core   0: 0x0000000080004348 (0x00000113) li      sp, 0
core   0: 3 0x0000000080004348 (0x00000113) x2  0x0000000000000000
core   0: 0x000000008000434c (0x00311073) csrw    fcsr, sp
core   0: 3 0x000000008000434c (0x00311073) c1_fflags 0x0000000000000000 c2_frm 0x0000000000000000
core   0: 0x0000000080004350 (0xa3ef9fd3) flt.d   t6, ft11, ft10
core   0: 3 0x0000000080004350 (0xa3ef9fd3) c1_fflags 0x0000000000000010 x31 0x0000000000000000
core   0: 0x0000000080004354 (0x003022f3) csrr    t0, fcsr
core   0: 3 0x0000000080004354 (0x003022f3) x5  0x0000000000000010
core   0: 0x0000000080004358 (0x35f0b023) sd      t6, 832(ra)
core   0: 3 0x0000000080004358 (0x35f0b023) mem 0x0000000080010608 0x0000000000000000
core   0: 0x000000008000435c (0x3450b423) sd      t0, 840(ra)
core   0: 3 0x000000008000435c (0x3450b423) mem 0x0000000080010610 0x0000000000000010
core   0: >>>>  inst_336
core   0: 0x0000000080004360 (0x00100113) li      sp, 1
core   0: 3 0x0000000080004360 (0x00100113) x2  0x0000000000000001
core   0: 0x0000000080004364 (0x00c11113) slli    sp, sp, 12
core   0: 3 0x0000000080004364 (0x00c11113) x2  0x0000000000001000
core   0: 0x0000000080004368 (0x00220233) add     tp, tp, sp
core   0: 3 0x0000000080004368 (0x00220233) x4  0x000000008000b190
core   0: 0x000000008000436c (0x38023f87) fld     ft11, 896(tp)
core   0: 3 0x000000008000436c (0x38023f87) f31 0x8000000000000002 mem 0x000000008000b510
core   0: 0x0000000080004370 (0x40220233) sub     tp, tp, sp
core   0: 3 0x0000000080004370 (0x40220233) x4  0x000000008000a190
core   0: 0x0000000080004374 (0x00100113) li      sp, 1
core   0: 3 0x0000000080004374 (0x00100113) x2  0x0000000000000001
core   0: 0x0000000080004378 (0x00c11113) slli    sp, sp, 12
core   0: 3 0x0000000080004378 (0x00c11113) x2  0x0000000000001000
core   0: 0x000000008000437c (0x00220233) add     tp, tp, sp
core   0: 3 0x000000008000437c (0x00220233) x4  0x000000008000b190
core   0: 0x0000000080004380 (0x38823f07) fld     ft10, 904(tp)
core   0: 3 0x0000000080004380 (0x38823f07) f30 0x0000000000000000 mem 0x000000008000b518
core   0: 0x0000000080004384 (0x40220233) sub     tp, tp, sp
core   0: 3 0x0000000080004384 (0x40220233) x4  0x000000008000a190
core   0: 0x0000000080004388 (0x00000113) li      sp, 0
core   0: 3 0x0000000080004388 (0x00000113) x2  0x0000000000000000
core   0: 0x000000008000438c (0x00311073) csrw    fcsr, sp
core   0: 3 0x000000008000438c (0x00311073) c1_fflags 0x0000000000000000 c2_frm 0x0000000000000000
core   0: 0x0000000080004390 (0xa3ef9fd3) flt.d   t6, ft11, ft10
core   0: 3 0x0000000080004390 (0xa3ef9fd3) x31 0x0000000000000001
core   0: 0x0000000080004394 (0x003022f3) csrr    t0, fcsr
core   0: 3 0x0000000080004394 (0x003022f3) x5  0x0000000000000000
core   0: 0x0000000080004398 (0x35f0b823) sd      t6, 848(ra)
core   0: 3 0x0000000080004398 (0x35f0b823) mem 0x0000000080010618 0x0000000000000001
core   0: 0x000000008000439c (0x3450bc23) sd      t0, 856(ra)
core   0: 3 0x000000008000439c (0x3450bc23) mem 0x0000000080010620 0x0000000000000000
core   0: >>>>  inst_337
core   0: 0x00000000800043a0 (0x00100113) li      sp, 1
core   0: 3 0x00000000800043a0 (0x00100113) x2  0x0000000000000001
core   0: 0x00000000800043a4 (0x00c11113) slli    sp, sp, 12
core   0: 3 0x00000000800043a4 (0x00c11113) x2  0x0000000000001000
core   0: 0x00000000800043a8 (0x00220233) add     tp, tp, sp
core   0: 3 0x00000000800043a8 (0x00220233) x4  0x000000008000b190
core   0: 0x00000000800043ac (0x39023f87) fld     ft11, 912(tp)
core   0: 3 0x00000000800043ac (0x39023f87) f31 0x8000000000000002 mem 0x000000008000b520
core   0: 0x00000000800043b0 (0x40220233) sub     tp, tp, sp
core   0: 3 0x00000000800043b0 (0x40220233) x4  0x000000008000a190
core   0: 0x00000000800043b4 (0x00100113) li      sp, 1
core   0: 3 0x00000000800043b4 (0x00100113) x2  0x0000000000000001
core   0: 0x00000000800043b8 (0x00c11113) slli    sp, sp, 12
core   0: 3 0x00000000800043b8 (0x00c11113) x2  0x0000000000001000
core   0: 0x00000000800043bc (0x00220233) add     tp, tp, sp
core   0: 3 0x00000000800043bc (0x00220233) x4  0x000000008000b190
core   0: 0x00000000800043c0 (0x39823f07) fld     ft10, 920(tp)
core   0: 3 0x00000000800043c0 (0x39823f07) f30 0x0000000000000001 mem 0x000000008000b528
core   0: 0x00000000800043c4 (0x40220233) sub     tp, tp, sp
core   0: 3 0x00000000800043c4 (0x40220233) x4  0x000000008000a190
core   0: 0x00000000800043c8 (0x00000113) li      sp, 0
core   0: 3 0x00000000800043c8 (0x00000113) x2  0x0000000000000000
core   0: 0x00000000800043cc (0x00311073) csrw    fcsr, sp
core   0: 3 0x00000000800043cc (0x00311073) c1_fflags 0x0000000000000000 c2_frm 0x0000000000000000
core   0: 0x00000000800043d0 (0xa3ef9fd3) flt.d   t6, ft11, ft10
core   0: 3 0x00000000800043d0 (0xa3ef9fd3) x31 0x0000000000000001
core   0: 0x00000000800043d4 (0x003022f3) csrr    t0, fcsr
core   0: 3 0x00000000800043d4 (0x003022f3) x5  0x0000000000000000
core   0: 0x00000000800043d8 (0x37f0b023) sd      t6, 864(ra)
core   0: 3 0x00000000800043d8 (0x37f0b023) mem 0x0000000080010628 0x0000000000000001
core   0: 0x00000000800043dc (0x3650b423) sd      t0, 872(ra)
core   0: 3 0x00000000800043dc (0x3650b423) mem 0x0000000080010630 0x0000000000000000
core   0: >>>>  inst_338
core   0: 0x00000000800043e0 (0x00100113) li      sp, 1
core   0: 3 0x00000000800043e0 (0x00100113) x2  0x0000000000000001
core   0: 0x00000000800043e4 (0x00c11113) slli    sp, sp, 12
core   0: 3 0x00000000800043e4 (0x00c11113) x2  0x0000000000001000
core   0: 0x00000000800043e8 (0x00220233) add     tp, tp, sp
core   0: 3 0x00000000800043e8 (0x00220233) x4  0x000000008000b190
core   0: 0x00000000800043ec (0x3a023f87) fld     ft11, 928(tp)
core   0: 3 0x00000000800043ec (0x3a023f87) f31 0x8000000000000002 mem 0x000000008000b530
core   0: 0x00000000800043f0 (0x40220233) sub     tp, tp, sp
core   0: 3 0x00000000800043f0 (0x40220233) x4  0x000000008000a190
core   0: 0x00000000800043f4 (0x00100113) li      sp, 1
core   0: 3 0x00000000800043f4 (0x00100113) x2  0x0000000000000001
core   0: 0x00000000800043f8 (0x00c11113) slli    sp, sp, 12
core   0: 3 0x00000000800043f8 (0x00c11113) x2  0x0000000000001000
core   0: 0x00000000800043fc (0x00220233) add     tp, tp, sp
core   0: 3 0x00000000800043fc (0x00220233) x4  0x000000008000b190
core   0: 0x0000000080004400 (0x3a823f07) fld     ft10, 936(tp)
core   0: 3 0x0000000080004400 (0x3a823f07) f30 0x0000000000000002 mem 0x000000008000b538
core   0: 0x0000000080004404 (0x40220233) sub     tp, tp, sp
core   0: 3 0x0000000080004404 (0x40220233) x4  0x000000008000a190
core   0: 0x0000000080004408 (0x00000113) li      sp, 0
core   0: 3 0x0000000080004408 (0x00000113) x2  0x0000000000000000
core   0: 0x000000008000440c (0x00311073) csrw    fcsr, sp
core   0: 3 0x000000008000440c (0x00311073) c1_fflags 0x0000000000000000 c2_frm 0x0000000000000000
core   0: 0x0000000080004410 (0xa3ef9fd3) flt.d   t6, ft11, ft10
core   0: 3 0x0000000080004410 (0xa3ef9fd3) x31 0x0000000000000001
core   0: 0x0000000080004414 (0x003022f3) csrr    t0, fcsr
core   0: 3 0x0000000080004414 (0x003022f3) x5  0x0000000000000000
core   0: 0x0000000080004418 (0x37f0b823) sd      t6, 880(ra)
core   0: 3 0x0000000080004418 (0x37f0b823) mem 0x0000000080010638 0x0000000000000001
core   0: 0x000000008000441c (0x3650bc23) sd      t0, 888(ra)
core   0: 3 0x000000008000441c (0x3650bc23) mem 0x0000000080010640 0x0000000000000000
core   0: >>>>  inst_339
core   0: 0x0000000080004420 (0x00100113) li      sp, 1
core   0: 3 0x0000000080004420 (0x00100113) x2  0x0000000000000001
core   0: 0x0000000080004424 (0x00c11113) slli    sp, sp, 12
core   0: 3 0x0000000080004424 (0x00c11113) x2  0x0000000000001000
core   0: 0x0000000080004428 (0x00220233) add     tp, tp, sp
core   0: 3 0x0000000080004428 (0x00220233) x4  0x000000008000b190
core   0: 0x000000008000442c (0x3b023f87) fld     ft11, 944(tp)
core   0: 3 0x000000008000442c (0x3b023f87) f31 0x8000000000000002 mem 0x000000008000b540
core   0: 0x0000000080004430 (0x40220233) sub     tp, tp, sp
core   0: 3 0x0000000080004430 (0x40220233) x4  0x000000008000a190
core   0: 0x0000000080004434 (0x00100113) li      sp, 1
core   0: 3 0x0000000080004434 (0x00100113) x2  0x0000000000000001
core   0: 0x0000000080004438 (0x00c11113) slli    sp, sp, 12
core   0: 3 0x0000000080004438 (0x00c11113) x2  0x0000000000001000
core   0: 0x000000008000443c (0x00220233) add     tp, tp, sp
core   0: 3 0x000000008000443c (0x00220233) x4  0x000000008000b190
core   0: 0x0000000080004440 (0x3b823f07) fld     ft10, 952(tp)
core   0: 3 0x0000000080004440 (0x3b823f07) f30 0x000fffffffffffff mem 0x000000008000b548
core   0: 0x0000000080004444 (0x40220233) sub     tp, tp, sp
core   0: 3 0x0000000080004444 (0x40220233) x4  0x000000008000a190
core   0: 0x0000000080004448 (0x00000113) li      sp, 0
core   0: 3 0x0000000080004448 (0x00000113) x2  0x0000000000000000
core   0: 0x000000008000444c (0x00311073) csrw    fcsr, sp
core   0: 3 0x000000008000444c (0x00311073) c1_fflags 0x0000000000000000 c2_frm 0x0000000000000000
core   0: 0x0000000080004450 (0xa3ef9fd3) flt.d   t6, ft11, ft10
core   0: 3 0x0000000080004450 (0xa3ef9fd3) x31 0x0000000000000001
core   0: 0x0000000080004454 (0x003022f3) csrr    t0, fcsr
core   0: 3 0x0000000080004454 (0x003022f3) x5  0x0000000000000000
core   0: 0x0000000080004458 (0x39f0b023) sd      t6, 896(ra)
core   0: 3 0x0000000080004458 (0x39f0b023) mem 0x0000000080010648 0x0000000000000001
core   0: 0x000000008000445c (0x3850b423) sd      t0, 904(ra)
core   0: 3 0x000000008000445c (0x3850b423) mem 0x0000000080010650 0x0000000000000000
core   0: >>>>  inst_340
core   0: 0x0000000080004460 (0x00100113) li      sp, 1
core   0: 3 0x0000000080004460 (0x00100113) x2  0x0000000000000001
core   0: 0x0000000080004464 (0x00c11113) slli    sp, sp, 12
core   0: 3 0x0000000080004464 (0x00c11113) x2  0x0000000000001000
core   0: 0x0000000080004468 (0x00220233) add     tp, tp, sp
core   0: 3 0x0000000080004468 (0x00220233) x4  0x000000008000b190
core   0: 0x000000008000446c (0x3c023f87) fld     ft11, 960(tp)
core   0: 3 0x000000008000446c (0x3c023f87) f31 0x8000000000000002 mem 0x000000008000b550
core   0: 0x0000000080004470 (0x40220233) sub     tp, tp, sp
core   0: 3 0x0000000080004470 (0x40220233) x4  0x000000008000a190
core   0: 0x0000000080004474 (0x00100113) li      sp, 1
core   0: 3 0x0000000080004474 (0x00100113) x2  0x0000000000000001
core   0: 0x0000000080004478 (0x00c11113) slli    sp, sp, 12
core   0: 3 0x0000000080004478 (0x00c11113) x2  0x0000000000001000
core   0: 0x000000008000447c (0x00220233) add     tp, tp, sp
core   0: 3 0x000000008000447c (0x00220233) x4  0x000000008000b190
core   0: 0x0000000080004480 (0x3c823f07) fld     ft10, 968(tp)
core   0: 3 0x0000000080004480 (0x3c823f07) f30 0x0010000000000000 mem 0x000000008000b558
core   0: 0x0000000080004484 (0x40220233) sub     tp, tp, sp
core   0: 3 0x0000000080004484 (0x40220233) x4  0x000000008000a190
core   0: 0x0000000080004488 (0x00000113) li      sp, 0
core   0: 3 0x0000000080004488 (0x00000113) x2  0x0000000000000000
core   0: 0x000000008000448c (0x00311073) csrw    fcsr, sp
core   0: 3 0x000000008000448c (0x00311073) c1_fflags 0x0000000000000000 c2_frm 0x0000000000000000
core   0: 0x0000000080004490 (0xa3ef9fd3) flt.d   t6, ft11, ft10
core   0: 3 0x0000000080004490 (0xa3ef9fd3) x31 0x0000000000000001
core   0: 0x0000000080004494 (0x003022f3) csrr    t0, fcsr
core   0: 3 0x0000000080004494 (0x003022f3) x5  0x0000000000000000
core   0: 0x0000000080004498 (0x39f0b823) sd      t6, 912(ra)
core   0: 3 0x0000000080004498 (0x39f0b823) mem 0x0000000080010658 0x0000000000000001
core   0: 0x000000008000449c (0x3850bc23) sd      t0, 920(ra)
core   0: 3 0x000000008000449c (0x3850bc23) mem 0x0000000080010660 0x0000000000000000
core   0: >>>>  inst_341
core   0: 0x00000000800044a0 (0x00100113) li      sp, 1
core   0: 3 0x00000000800044a0 (0x00100113) x2  0x0000000000000001
core   0: 0x00000000800044a4 (0x00c11113) slli    sp, sp, 12
core   0: 3 0x00000000800044a4 (0x00c11113) x2  0x0000000000001000
core   0: 0x00000000800044a8 (0x00220233) add     tp, tp, sp
core   0: 3 0x00000000800044a8 (0x00220233) x4  0x000000008000b190
core   0: 0x00000000800044ac (0x3d023f87) fld     ft11, 976(tp)
core   0: 3 0x00000000800044ac (0x3d023f87) f31 0x8000000000000002 mem 0x000000008000b560
core   0: 0x00000000800044b0 (0x40220233) sub     tp, tp, sp
core   0: 3 0x00000000800044b0 (0x40220233) x4  0x000000008000a190
core   0: 0x00000000800044b4 (0x00100113) li      sp, 1
core   0: 3 0x00000000800044b4 (0x00100113) x2  0x0000000000000001
core   0: 0x00000000800044b8 (0x00c11113) slli    sp, sp, 12
core   0: 3 0x00000000800044b8 (0x00c11113) x2  0x0000000000001000
core   0: 0x00000000800044bc (0x00220233) add     tp, tp, sp
core   0: 3 0x00000000800044bc (0x00220233) x4  0x000000008000b190
core   0: 0x00000000800044c0 (0x3d823f07) fld     ft10, 984(tp)
core   0: 3 0x00000000800044c0 (0x3d823f07) f30 0x0010000000000002 mem 0x000000008000b568
core   0: 0x00000000800044c4 (0x40220233) sub     tp, tp, sp
core   0: 3 0x00000000800044c4 (0x40220233) x4  0x000000008000a190
core   0: 0x00000000800044c8 (0x00000113) li      sp, 0
core   0: 3 0x00000000800044c8 (0x00000113) x2  0x0000000000000000
core   0: 0x00000000800044cc (0x00311073) csrw    fcsr, sp
core   0: 3 0x00000000800044cc (0x00311073) c1_fflags 0x0000000000000000 c2_frm 0x0000000000000000
core   0: 0x00000000800044d0 (0xa3ef9fd3) flt.d   t6, ft11, ft10
core   0: 3 0x00000000800044d0 (0xa3ef9fd3) x31 0x0000000000000001
core   0: 0x00000000800044d4 (0x003022f3) csrr    t0, fcsr
core   0: 3 0x00000000800044d4 (0x003022f3) x5  0x0000000000000000
core   0: 0x00000000800044d8 (0x3bf0b023) sd      t6, 928(ra)
core   0: 3 0x00000000800044d8 (0x3bf0b023) mem 0x0000000080010668 0x0000000000000001
core   0: 0x00000000800044dc (0x3a50b423) sd      t0, 936(ra)
core   0: 3 0x00000000800044dc (0x3a50b423) mem 0x0000000080010670 0x0000000000000000
core   0: >>>>  inst_342
core   0: 0x00000000800044e0 (0x00100113) li      sp, 1
core   0: 3 0x00000000800044e0 (0x00100113) x2  0x0000000000000001
core   0: 0x00000000800044e4 (0x00c11113) slli    sp, sp, 12
core   0: 3 0x00000000800044e4 (0x00c11113) x2  0x0000000000001000
core   0: 0x00000000800044e8 (0x00220233) add     tp, tp, sp
core   0: 3 0x00000000800044e8 (0x00220233) x4  0x000000008000b190
core   0: 0x00000000800044ec (0x3e023f87) fld     ft11, 992(tp)
core   0: 3 0x00000000800044ec (0x3e023f87) f31 0x8000000000000002 mem 0x000000008000b570
core   0: 0x00000000800044f0 (0x40220233) sub     tp, tp, sp
core   0: 3 0x00000000800044f0 (0x40220233) x4  0x000000008000a190
core   0: 0x00000000800044f4 (0x00100113) li      sp, 1
core   0: 3 0x00000000800044f4 (0x00100113) x2  0x0000000000000001
core   0: 0x00000000800044f8 (0x00c11113) slli    sp, sp, 12
core   0: 3 0x00000000800044f8 (0x00c11113) x2  0x0000000000001000
core   0: 0x00000000800044fc (0x00220233) add     tp, tp, sp
core   0: 3 0x00000000800044fc (0x00220233) x4  0x000000008000b190
core   0: 0x0000000080004500 (0x3e823f07) fld     ft10, 1000(tp)
core   0: 3 0x0000000080004500 (0x3e823f07) f30 0x3ff0000000000000 mem 0x000000008000b578
core   0: 0x0000000080004504 (0x40220233) sub     tp, tp, sp
core   0: 3 0x0000000080004504 (0x40220233) x4  0x000000008000a190
core   0: 0x0000000080004508 (0x00000113) li      sp, 0
core   0: 3 0x0000000080004508 (0x00000113) x2  0x0000000000000000
core   0: 0x000000008000450c (0x00311073) csrw    fcsr, sp
core   0: 3 0x000000008000450c (0x00311073) c1_fflags 0x0000000000000000 c2_frm 0x0000000000000000
core   0: 0x0000000080004510 (0xa3ef9fd3) flt.d   t6, ft11, ft10
core   0: 3 0x0000000080004510 (0xa3ef9fd3) x31 0x0000000000000001
core   0: 0x0000000080004514 (0x003022f3) csrr    t0, fcsr
core   0: 3 0x0000000080004514 (0x003022f3) x5  0x0000000000000000
core   0: 0x0000000080004518 (0x3bf0b823) sd      t6, 944(ra)
core   0: 3 0x0000000080004518 (0x3bf0b823) mem 0x0000000080010678 0x0000000000000001
core   0: 0x000000008000451c (0x3a50bc23) sd      t0, 952(ra)
core   0: 3 0x000000008000451c (0x3a50bc23) mem 0x0000000080010680 0x0000000000000000
core   0: >>>>  inst_343
core   0: 0x0000000080004520 (0x00100113) li      sp, 1
core   0: 3 0x0000000080004520 (0x00100113) x2  0x0000000000000001
core   0: 0x0000000080004524 (0x00c11113) slli    sp, sp, 12
core   0: 3 0x0000000080004524 (0x00c11113) x2  0x0000000000001000
core   0: 0x0000000080004528 (0x00220233) add     tp, tp, sp
core   0: 3 0x0000000080004528 (0x00220233) x4  0x000000008000b190
core   0: 0x000000008000452c (0x3f023f87) fld     ft11, 1008(tp)
core   0: 3 0x000000008000452c (0x3f023f87) f31 0x8000000000000002 mem 0x000000008000b580
core   0: 0x0000000080004530 (0x40220233) sub     tp, tp, sp
core   0: 3 0x0000000080004530 (0x40220233) x4  0x000000008000a190
core   0: 0x0000000080004534 (0x00100113) li      sp, 1
core   0: 3 0x0000000080004534 (0x00100113) x2  0x0000000000000001
core   0: 0x0000000080004538 (0x00c11113) slli    sp, sp, 12
core   0: 3 0x0000000080004538 (0x00c11113) x2  0x0000000000001000
core   0: 0x000000008000453c (0x00220233) add     tp, tp, sp
core   0: 3 0x000000008000453c (0x00220233) x4  0x000000008000b190
core   0: 0x0000000080004540 (0x3f823f07) fld     ft10, 1016(tp)
core   0: 3 0x0000000080004540 (0x3f823f07) f30 0x7fefffffffffffff mem 0x000000008000b588
core   0: 0x0000000080004544 (0x40220233) sub     tp, tp, sp
core   0: 3 0x0000000080004544 (0x40220233) x4  0x000000008000a190
core   0: 0x0000000080004548 (0x00000113) li      sp, 0
core   0: 3 0x0000000080004548 (0x00000113) x2  0x0000000000000000
core   0: 0x000000008000454c (0x00311073) csrw    fcsr, sp
core   0: 3 0x000000008000454c (0x00311073) c1_fflags 0x0000000000000000 c2_frm 0x0000000000000000
core   0: 0x0000000080004550 (0xa3ef9fd3) flt.d   t6, ft11, ft10
core   0: 3 0x0000000080004550 (0xa3ef9fd3) x31 0x0000000000000001
core   0: 0x0000000080004554 (0x003022f3) csrr    t0, fcsr
core   0: 3 0x0000000080004554 (0x003022f3) x5  0x0000000000000000
core   0: 0x0000000080004558 (0x3df0b023) sd      t6, 960(ra)
core   0: 3 0x0000000080004558 (0x3df0b023) mem 0x0000000080010688 0x0000000000000001
core   0: 0x000000008000455c (0x3c50b423) sd      t0, 968(ra)
core   0: 3 0x000000008000455c (0x3c50b423) mem 0x0000000080010690 0x0000000000000000
core   0: >>>>  inst_344
core   0: 0x0000000080004560 (0x00100113) li      sp, 1
core   0: 3 0x0000000080004560 (0x00100113) x2  0x0000000000000001
core   0: 0x0000000080004564 (0x00c11113) slli    sp, sp, 12
core   0: 3 0x0000000080004564 (0x00c11113) x2  0x0000000000001000
core   0: 0x0000000080004568 (0x00220233) add     tp, tp, sp
core   0: 3 0x0000000080004568 (0x00220233) x4  0x000000008000b190
core   0: 0x000000008000456c (0x40023f87) fld     ft11, 1024(tp)
core   0: 3 0x000000008000456c (0x40023f87) f31 0x8000000000000002 mem 0x000000008000b590
core   0: 0x0000000080004570 (0x40220233) sub     tp, tp, sp
core   0: 3 0x0000000080004570 (0x40220233) x4  0x000000008000a190
core   0: 0x0000000080004574 (0x00100113) li      sp, 1
core   0: 3 0x0000000080004574 (0x00100113) x2  0x0000000000000001
core   0: 0x0000000080004578 (0x00c11113) slli    sp, sp, 12
core   0: 3 0x0000000080004578 (0x00c11113) x2  0x0000000000001000
core   0: 0x000000008000457c (0x00220233) add     tp, tp, sp
core   0: 3 0x000000008000457c (0x00220233) x4  0x000000008000b190
core   0: 0x0000000080004580 (0x40823f07) fld     ft10, 1032(tp)
core   0: 3 0x0000000080004580 (0x40823f07) f30 0x7ff0000000000000 mem 0x000000008000b598
core   0: 0x0000000080004584 (0x40220233) sub     tp, tp, sp
core   0: 3 0x0000000080004584 (0x40220233) x4  0x000000008000a190
core   0: 0x0000000080004588 (0x00000113) li      sp, 0
core   0: 3 0x0000000080004588 (0x00000113) x2  0x0000000000000000
core   0: 0x000000008000458c (0x00311073) csrw    fcsr, sp
core   0: 3 0x000000008000458c (0x00311073) c1_fflags 0x0000000000000000 c2_frm 0x0000000000000000
core   0: 0x0000000080004590 (0xa3ef9fd3) flt.d   t6, ft11, ft10
core   0: 3 0x0000000080004590 (0xa3ef9fd3) x31 0x0000000000000001
core   0: 0x0000000080004594 (0x003022f3) csrr    t0, fcsr
core   0: 3 0x0000000080004594 (0x003022f3) x5  0x0000000000000000
core   0: 0x0000000080004598 (0x3df0b823) sd      t6, 976(ra)
core   0: 3 0x0000000080004598 (0x3df0b823) mem 0x0000000080010698 0x0000000000000001
core   0: 0x000000008000459c (0x3c50bc23) sd      t0, 984(ra)
core   0: 3 0x000000008000459c (0x3c50bc23) mem 0x00000000800106a0 0x0000000000000000
core   0: >>>>  inst_345
core   0: 0x00000000800045a0 (0x00100113) li      sp, 1
core   0: 3 0x00000000800045a0 (0x00100113) x2  0x0000000000000001
core   0: 0x00000000800045a4 (0x00c11113) slli    sp, sp, 12
core   0: 3 0x00000000800045a4 (0x00c11113) x2  0x0000000000001000
core   0: 0x00000000800045a8 (0x00220233) add     tp, tp, sp
core   0: 3 0x00000000800045a8 (0x00220233) x4  0x000000008000b190
core   0: 0x00000000800045ac (0x41023f87) fld     ft11, 1040(tp)
core   0: 3 0x00000000800045ac (0x41023f87) f31 0x8000000000000002 mem 0x000000008000b5a0
core   0: 0x00000000800045b0 (0x40220233) sub     tp, tp, sp
core   0: 3 0x00000000800045b0 (0x40220233) x4  0x000000008000a190
core   0: 0x00000000800045b4 (0x00100113) li      sp, 1
core   0: 3 0x00000000800045b4 (0x00100113) x2  0x0000000000000001
core   0: 0x00000000800045b8 (0x00c11113) slli    sp, sp, 12
core   0: 3 0x00000000800045b8 (0x00c11113) x2  0x0000000000001000
core   0: 0x00000000800045bc (0x00220233) add     tp, tp, sp
core   0: 3 0x00000000800045bc (0x00220233) x4  0x000000008000b190
core   0: 0x00000000800045c0 (0x41823f07) fld     ft10, 1048(tp)
core   0: 3 0x00000000800045c0 (0x41823f07) f30 0x7ff0000000000001 mem 0x000000008000b5a8
core   0: 0x00000000800045c4 (0x40220233) sub     tp, tp, sp
core   0: 3 0x00000000800045c4 (0x40220233) x4  0x000000008000a190
core   0: 0x00000000800045c8 (0x00000113) li      sp, 0
core   0: 3 0x00000000800045c8 (0x00000113) x2  0x0000000000000000
core   0: 0x00000000800045cc (0x00311073) csrw    fcsr, sp
core   0: 3 0x00000000800045cc (0x00311073) c1_fflags 0x0000000000000000 c2_frm 0x0000000000000000
core   0: 0x00000000800045d0 (0xa3ef9fd3) flt.d   t6, ft11, ft10
core   0: 3 0x00000000800045d0 (0xa3ef9fd3) c1_fflags 0x0000000000000010 x31 0x0000000000000000
core   0: 0x00000000800045d4 (0x003022f3) csrr    t0, fcsr
core   0: 3 0x00000000800045d4 (0x003022f3) x5  0x0000000000000010
core   0: 0x00000000800045d8 (0x3ff0b023) sd      t6, 992(ra)
core   0: 3 0x00000000800045d8 (0x3ff0b023) mem 0x00000000800106a8 0x0000000000000000
core   0: 0x00000000800045dc (0x3e50b423) sd      t0, 1000(ra)
core   0: 3 0x00000000800045dc (0x3e50b423) mem 0x00000000800106b0 0x0000000000000010
core   0: >>>>  inst_346
core   0: 0x00000000800045e0 (0x00100113) li      sp, 1
core   0: 3 0x00000000800045e0 (0x00100113) x2  0x0000000000000001
core   0: 0x00000000800045e4 (0x00c11113) slli    sp, sp, 12
core   0: 3 0x00000000800045e4 (0x00c11113) x2  0x0000000000001000
core   0: 0x00000000800045e8 (0x00220233) add     tp, tp, sp
core   0: 3 0x00000000800045e8 (0x00220233) x4  0x000000008000b190
core   0: 0x00000000800045ec (0x42023f87) fld     ft11, 1056(tp)
core   0: 3 0x00000000800045ec (0x42023f87) f31 0x8000000000000002 mem 0x000000008000b5b0
core   0: 0x00000000800045f0 (0x40220233) sub     tp, tp, sp
core   0: 3 0x00000000800045f0 (0x40220233) x4  0x000000008000a190
core   0: 0x00000000800045f4 (0x00100113) li      sp, 1
core   0: 3 0x00000000800045f4 (0x00100113) x2  0x0000000000000001
core   0: 0x00000000800045f8 (0x00c11113) slli    sp, sp, 12
core   0: 3 0x00000000800045f8 (0x00c11113) x2  0x0000000000001000
core   0: 0x00000000800045fc (0x00220233) add     tp, tp, sp
core   0: 3 0x00000000800045fc (0x00220233) x4  0x000000008000b190
core   0: 0x0000000080004600 (0x42823f07) fld     ft10, 1064(tp)
core   0: 3 0x0000000080004600 (0x42823f07) f30 0x7ff8000000000000 mem 0x000000008000b5b8
core   0: 0x0000000080004604 (0x40220233) sub     tp, tp, sp
core   0: 3 0x0000000080004604 (0x40220233) x4  0x000000008000a190
core   0: 0x0000000080004608 (0x00000113) li      sp, 0
core   0: 3 0x0000000080004608 (0x00000113) x2  0x0000000000000000
core   0: 0x000000008000460c (0x00311073) csrw    fcsr, sp
core   0: 3 0x000000008000460c (0x00311073) c1_fflags 0x0000000000000000 c2_frm 0x0000000000000000
core   0: 0x0000000080004610 (0xa3ef9fd3) flt.d   t6, ft11, ft10
core   0: 3 0x0000000080004610 (0xa3ef9fd3) c1_fflags 0x0000000000000010 x31 0x0000000000000000
core   0: 0x0000000080004614 (0x003022f3) csrr    t0, fcsr
core   0: 3 0x0000000080004614 (0x003022f3) x5  0x0000000000000010
core   0: 0x0000000080004618 (0x3ff0b823) sd      t6, 1008(ra)
core   0: 3 0x0000000080004618 (0x3ff0b823) mem 0x00000000800106b8 0x0000000000000000
core   0: 0x000000008000461c (0x3e50bc23) sd      t0, 1016(ra)
core   0: 3 0x000000008000461c (0x3e50bc23) mem 0x00000000800106c0 0x0000000000000010
core   0: >>>>  inst_347
core   0: 0x0000000080004620 (0x00100113) li      sp, 1
core   0: 3 0x0000000080004620 (0x00100113) x2  0x0000000000000001
core   0: 0x0000000080004624 (0x00c11113) slli    sp, sp, 12
core   0: 3 0x0000000080004624 (0x00c11113) x2  0x0000000000001000
core   0: 0x0000000080004628 (0x00220233) add     tp, tp, sp
core   0: 3 0x0000000080004628 (0x00220233) x4  0x000000008000b190
core   0: 0x000000008000462c (0x43023f87) fld     ft11, 1072(tp)
core   0: 3 0x000000008000462c (0x43023f87) f31 0x8000000000000002 mem 0x000000008000b5c0
core   0: 0x0000000080004630 (0x40220233) sub     tp, tp, sp
core   0: 3 0x0000000080004630 (0x40220233) x4  0x000000008000a190
core   0: 0x0000000080004634 (0x00100113) li      sp, 1
core   0: 3 0x0000000080004634 (0x00100113) x2  0x0000000000000001
core   0: 0x0000000080004638 (0x00c11113) slli    sp, sp, 12
core   0: 3 0x0000000080004638 (0x00c11113) x2  0x0000000000001000
core   0: 0x000000008000463c (0x00220233) add     tp, tp, sp
core   0: 3 0x000000008000463c (0x00220233) x4  0x000000008000b190
core   0: 0x0000000080004640 (0x43823f07) fld     ft10, 1080(tp)
core   0: 3 0x0000000080004640 (0x43823f07) f30 0x7ff8000000000001 mem 0x000000008000b5c8
core   0: 0x0000000080004644 (0x40220233) sub     tp, tp, sp
core   0: 3 0x0000000080004644 (0x40220233) x4  0x000000008000a190
core   0: 0x0000000080004648 (0x00000113) li      sp, 0
core   0: 3 0x0000000080004648 (0x00000113) x2  0x0000000000000000
core   0: 0x000000008000464c (0x00311073) csrw    fcsr, sp
core   0: 3 0x000000008000464c (0x00311073) c1_fflags 0x0000000000000000 c2_frm 0x0000000000000000
core   0: 0x0000000080004650 (0xa3ef9fd3) flt.d   t6, ft11, ft10
core   0: 3 0x0000000080004650 (0xa3ef9fd3) c1_fflags 0x0000000000000010 x31 0x0000000000000000
core   0: 0x0000000080004654 (0x003022f3) csrr    t0, fcsr
core   0: 3 0x0000000080004654 (0x003022f3) x5  0x0000000000000010
core   0: 0x0000000080004658 (0x41f0b023) sd      t6, 1024(ra)
core   0: 3 0x0000000080004658 (0x41f0b023) mem 0x00000000800106c8 0x0000000000000000
core   0: 0x000000008000465c (0x4050b423) sd      t0, 1032(ra)
core   0: 3 0x000000008000465c (0x4050b423) mem 0x00000000800106d0 0x0000000000000010
core   0: >>>>  inst_348
core   0: 0x0000000080004660 (0x00100113) li      sp, 1
core   0: 3 0x0000000080004660 (0x00100113) x2  0x0000000000000001
core   0: 0x0000000080004664 (0x00c11113) slli    sp, sp, 12
core   0: 3 0x0000000080004664 (0x00c11113) x2  0x0000000000001000
core   0: 0x0000000080004668 (0x00220233) add     tp, tp, sp
core   0: 3 0x0000000080004668 (0x00220233) x4  0x000000008000b190
core   0: 0x000000008000466c (0x44023f87) fld     ft11, 1088(tp)
core   0: 3 0x000000008000466c (0x44023f87) f31 0x8000000000000002 mem 0x000000008000b5d0
core   0: 0x0000000080004670 (0x40220233) sub     tp, tp, sp
core   0: 3 0x0000000080004670 (0x40220233) x4  0x000000008000a190
core   0: 0x0000000080004674 (0x00100113) li      sp, 1
core   0: 3 0x0000000080004674 (0x00100113) x2  0x0000000000000001
core   0: 0x0000000080004678 (0x00c11113) slli    sp, sp, 12
core   0: 3 0x0000000080004678 (0x00c11113) x2  0x0000000000001000
core   0: 0x000000008000467c (0x00220233) add     tp, tp, sp
core   0: 3 0x000000008000467c (0x00220233) x4  0x000000008000b190
core   0: 0x0000000080004680 (0x44823f07) fld     ft10, 1096(tp)
core   0: 3 0x0000000080004680 (0x44823f07) f30 0x8000000000000000 mem 0x000000008000b5d8
core   0: 0x0000000080004684 (0x40220233) sub     tp, tp, sp
core   0: 3 0x0000000080004684 (0x40220233) x4  0x000000008000a190
core   0: 0x0000000080004688 (0x00000113) li      sp, 0
core   0: 3 0x0000000080004688 (0x00000113) x2  0x0000000000000000
core   0: 0x000000008000468c (0x00311073) csrw    fcsr, sp
core   0: 3 0x000000008000468c (0x00311073) c1_fflags 0x0000000000000000 c2_frm 0x0000000000000000
core   0: 0x0000000080004690 (0xa3ef9fd3) flt.d   t6, ft11, ft10
core   0: 3 0x0000000080004690 (0xa3ef9fd3) x31 0x0000000000000001
core   0: 0x0000000080004694 (0x003022f3) csrr    t0, fcsr
core   0: 3 0x0000000080004694 (0x003022f3) x5  0x0000000000000000
core   0: 0x0000000080004698 (0x41f0b823) sd      t6, 1040(ra)
core   0: 3 0x0000000080004698 (0x41f0b823) mem 0x00000000800106d8 0x0000000000000001
core   0: 0x000000008000469c (0x4050bc23) sd      t0, 1048(ra)
core   0: 3 0x000000008000469c (0x4050bc23) mem 0x00000000800106e0 0x0000000000000000
core   0: >>>>  inst_349
core   0: 0x00000000800046a0 (0x00100113) li      sp, 1
core   0: 3 0x00000000800046a0 (0x00100113) x2  0x0000000000000001
core   0: 0x00000000800046a4 (0x00c11113) slli    sp, sp, 12
core   0: 3 0x00000000800046a4 (0x00c11113) x2  0x0000000000001000
core   0: 0x00000000800046a8 (0x00220233) add     tp, tp, sp
core   0: 3 0x00000000800046a8 (0x00220233) x4  0x000000008000b190
core   0: 0x00000000800046ac (0x45023f87) fld     ft11, 1104(tp)
core   0: 3 0x00000000800046ac (0x45023f87) f31 0x8000000000000002 mem 0x000000008000b5e0
core   0: 0x00000000800046b0 (0x40220233) sub     tp, tp, sp
core   0: 3 0x00000000800046b0 (0x40220233) x4  0x000000008000a190
core   0: 0x00000000800046b4 (0x00100113) li      sp, 1
core   0: 3 0x00000000800046b4 (0x00100113) x2  0x0000000000000001
core   0: 0x00000000800046b8 (0x00c11113) slli    sp, sp, 12
core   0: 3 0x00000000800046b8 (0x00c11113) x2  0x0000000000001000
core   0: 0x00000000800046bc (0x00220233) add     tp, tp, sp
core   0: 3 0x00000000800046bc (0x00220233) x4  0x000000008000b190
core   0: 0x00000000800046c0 (0x45823f07) fld     ft10, 1112(tp)
core   0: 3 0x00000000800046c0 (0x45823f07) f30 0x8000000000000001 mem 0x000000008000b5e8
core   0: 0x00000000800046c4 (0x40220233) sub     tp, tp, sp
core   0: 3 0x00000000800046c4 (0x40220233) x4  0x000000008000a190
core   0: 0x00000000800046c8 (0x00000113) li      sp, 0
core   0: 3 0x00000000800046c8 (0x00000113) x2  0x0000000000000000
core   0: 0x00000000800046cc (0x00311073) csrw    fcsr, sp
core   0: 3 0x00000000800046cc (0x00311073) c1_fflags 0x0000000000000000 c2_frm 0x0000000000000000
core   0: 0x00000000800046d0 (0xa3ef9fd3) flt.d   t6, ft11, ft10
core   0: 3 0x00000000800046d0 (0xa3ef9fd3) x31 0x0000000000000001
core   0: 0x00000000800046d4 (0x003022f3) csrr    t0, fcsr
core   0: 3 0x00000000800046d4 (0x003022f3) x5  0x0000000000000000
core   0: 0x00000000800046d8 (0x43f0b023) sd      t6, 1056(ra)
core   0: 3 0x00000000800046d8 (0x43f0b023) mem 0x00000000800106e8 0x0000000000000001
core   0: 0x00000000800046dc (0x4250b423) sd      t0, 1064(ra)
core   0: 3 0x00000000800046dc (0x4250b423) mem 0x00000000800106f0 0x0000000000000000
core   0: >>>>  inst_350
core   0: 0x00000000800046e0 (0x00100113) li      sp, 1
core   0: 3 0x00000000800046e0 (0x00100113) x2  0x0000000000000001
core   0: 0x00000000800046e4 (0x00c11113) slli    sp, sp, 12
core   0: 3 0x00000000800046e4 (0x00c11113) x2  0x0000000000001000
core   0: 0x00000000800046e8 (0x00220233) add     tp, tp, sp
core   0: 3 0x00000000800046e8 (0x00220233) x4  0x000000008000b190
core   0: 0x00000000800046ec (0x46023f87) fld     ft11, 1120(tp)
core   0: 3 0x00000000800046ec (0x46023f87) f31 0x8000000000000002 mem 0x000000008000b5f0
core   0: 0x00000000800046f0 (0x40220233) sub     tp, tp, sp
core   0: 3 0x00000000800046f0 (0x40220233) x4  0x000000008000a190
core   0: 0x00000000800046f4 (0x00100113) li      sp, 1
core   0: 3 0x00000000800046f4 (0x00100113) x2  0x0000000000000001
core   0: 0x00000000800046f8 (0x00c11113) slli    sp, sp, 12
core   0: 3 0x00000000800046f8 (0x00c11113) x2  0x0000000000001000
core   0: 0x00000000800046fc (0x00220233) add     tp, tp, sp
core   0: 3 0x00000000800046fc (0x00220233) x4  0x000000008000b190
core   0: 0x0000000080004700 (0x46823f07) fld     ft10, 1128(tp)
core   0: 3 0x0000000080004700 (0x46823f07) f30 0x8000000000000002 mem 0x000000008000b5f8
core   0: 0x0000000080004704 (0x40220233) sub     tp, tp, sp
core   0: 3 0x0000000080004704 (0x40220233) x4  0x000000008000a190
core   0: 0x0000000080004708 (0x00000113) li      sp, 0
core   0: 3 0x0000000080004708 (0x00000113) x2  0x0000000000000000
core   0: 0x000000008000470c (0x00311073) csrw    fcsr, sp
core   0: 3 0x000000008000470c (0x00311073) c1_fflags 0x0000000000000000 c2_frm 0x0000000000000000
core   0: 0x0000000080004710 (0xa3ef9fd3) flt.d   t6, ft11, ft10
core   0: 3 0x0000000080004710 (0xa3ef9fd3) x31 0x0000000000000000
core   0: 0x0000000080004714 (0x003022f3) csrr    t0, fcsr
core   0: 3 0x0000000080004714 (0x003022f3) x5  0x0000000000000000
core   0: 0x0000000080004718 (0x43f0b823) sd      t6, 1072(ra)
core   0: 3 0x0000000080004718 (0x43f0b823) mem 0x00000000800106f8 0x0000000000000000
core   0: 0x000000008000471c (0x4250bc23) sd      t0, 1080(ra)
core   0: 3 0x000000008000471c (0x4250bc23) mem 0x0000000080010700 0x0000000000000000
core   0: >>>>  inst_351
core   0: 0x0000000080004720 (0x00100113) li      sp, 1
core   0: 3 0x0000000080004720 (0x00100113) x2  0x0000000000000001
core   0: 0x0000000080004724 (0x00c11113) slli    sp, sp, 12
core   0: 3 0x0000000080004724 (0x00c11113) x2  0x0000000000001000
core   0: 0x0000000080004728 (0x00220233) add     tp, tp, sp
core   0: 3 0x0000000080004728 (0x00220233) x4  0x000000008000b190
core   0: 0x000000008000472c (0x47023f87) fld     ft11, 1136(tp)
core   0: 3 0x000000008000472c (0x47023f87) f31 0x8000000000000002 mem 0x000000008000b600
core   0: 0x0000000080004730 (0x40220233) sub     tp, tp, sp
core   0: 3 0x0000000080004730 (0x40220233) x4  0x000000008000a190
core   0: 0x0000000080004734 (0x00100113) li      sp, 1
core   0: 3 0x0000000080004734 (0x00100113) x2  0x0000000000000001
core   0: 0x0000000080004738 (0x00c11113) slli    sp, sp, 12
core   0: 3 0x0000000080004738 (0x00c11113) x2  0x0000000000001000
core   0: 0x000000008000473c (0x00220233) add     tp, tp, sp
core   0: 3 0x000000008000473c (0x00220233) x4  0x000000008000b190
core   0: 0x0000000080004740 (0x47823f07) fld     ft10, 1144(tp)
core   0: 3 0x0000000080004740 (0x47823f07) f30 0x800fffffffffffff mem 0x000000008000b608
core   0: 0x0000000080004744 (0x40220233) sub     tp, tp, sp
core   0: 3 0x0000000080004744 (0x40220233) x4  0x000000008000a190
core   0: 0x0000000080004748 (0x00000113) li      sp, 0
core   0: 3 0x0000000080004748 (0x00000113) x2  0x0000000000000000
core   0: 0x000000008000474c (0x00311073) csrw    fcsr, sp
core   0: 3 0x000000008000474c (0x00311073) c1_fflags 0x0000000000000000 c2_frm 0x0000000000000000
core   0: 0x0000000080004750 (0xa3ef9fd3) flt.d   t6, ft11, ft10
core   0: 3 0x0000000080004750 (0xa3ef9fd3) x31 0x0000000000000000
core   0: 0x0000000080004754 (0x003022f3) csrr    t0, fcsr
core   0: 3 0x0000000080004754 (0x003022f3) x5  0x0000000000000000
core   0: 0x0000000080004758 (0x45f0b023) sd      t6, 1088(ra)
core   0: 3 0x0000000080004758 (0x45f0b023) mem 0x0000000080010708 0x0000000000000000
core   0: 0x000000008000475c (0x4450b423) sd      t0, 1096(ra)
core   0: 3 0x000000008000475c (0x4450b423) mem 0x0000000080010710 0x0000000000000000
core   0: >>>>  inst_352
core   0: 0x0000000080004760 (0x00100113) li      sp, 1
core   0: 3 0x0000000080004760 (0x00100113) x2  0x0000000000000001
core   0: 0x0000000080004764 (0x00c11113) slli    sp, sp, 12
core   0: 3 0x0000000080004764 (0x00c11113) x2  0x0000000000001000
core   0: 0x0000000080004768 (0x00220233) add     tp, tp, sp
core   0: 3 0x0000000080004768 (0x00220233) x4  0x000000008000b190
core   0: 0x000000008000476c (0x48023f87) fld     ft11, 1152(tp)
core   0: 3 0x000000008000476c (0x48023f87) f31 0x8000000000000002 mem 0x000000008000b610
core   0: 0x0000000080004770 (0x40220233) sub     tp, tp, sp
core   0: 3 0x0000000080004770 (0x40220233) x4  0x000000008000a190
core   0: 0x0000000080004774 (0x00100113) li      sp, 1
core   0: 3 0x0000000080004774 (0x00100113) x2  0x0000000000000001
core   0: 0x0000000080004778 (0x00c11113) slli    sp, sp, 12
core   0: 3 0x0000000080004778 (0x00c11113) x2  0x0000000000001000
core   0: 0x000000008000477c (0x00220233) add     tp, tp, sp
core   0: 3 0x000000008000477c (0x00220233) x4  0x000000008000b190
core   0: 0x0000000080004780 (0x48823f07) fld     ft10, 1160(tp)
core   0: 3 0x0000000080004780 (0x48823f07) f30 0x8010000000000000 mem 0x000000008000b618
core   0: 0x0000000080004784 (0x40220233) sub     tp, tp, sp
core   0: 3 0x0000000080004784 (0x40220233) x4  0x000000008000a190
core   0: 0x0000000080004788 (0x00000113) li      sp, 0
core   0: 3 0x0000000080004788 (0x00000113) x2  0x0000000000000000
core   0: 0x000000008000478c (0x00311073) csrw    fcsr, sp
core   0: 3 0x000000008000478c (0x00311073) c1_fflags 0x0000000000000000 c2_frm 0x0000000000000000
core   0: 0x0000000080004790 (0xa3ef9fd3) flt.d   t6, ft11, ft10
core   0: 3 0x0000000080004790 (0xa3ef9fd3) x31 0x0000000000000000
core   0: 0x0000000080004794 (0x003022f3) csrr    t0, fcsr
core   0: 3 0x0000000080004794 (0x003022f3) x5  0x0000000000000000
core   0: 0x0000000080004798 (0x45f0b823) sd      t6, 1104(ra)
core   0: 3 0x0000000080004798 (0x45f0b823) mem 0x0000000080010718 0x0000000000000000
core   0: 0x000000008000479c (0x4450bc23) sd      t0, 1112(ra)
core   0: 3 0x000000008000479c (0x4450bc23) mem 0x0000000080010720 0x0000000000000000
core   0: >>>>  inst_353
core   0: 0x00000000800047a0 (0x00100113) li      sp, 1
core   0: 3 0x00000000800047a0 (0x00100113) x2  0x0000000000000001
core   0: 0x00000000800047a4 (0x00c11113) slli    sp, sp, 12
core   0: 3 0x00000000800047a4 (0x00c11113) x2  0x0000000000001000
core   0: 0x00000000800047a8 (0x00220233) add     tp, tp, sp
core   0: 3 0x00000000800047a8 (0x00220233) x4  0x000000008000b190
core   0: 0x00000000800047ac (0x49023f87) fld     ft11, 1168(tp)
core   0: 3 0x00000000800047ac (0x49023f87) f31 0x8000000000000002 mem 0x000000008000b620
core   0: 0x00000000800047b0 (0x40220233) sub     tp, tp, sp
core   0: 3 0x00000000800047b0 (0x40220233) x4  0x000000008000a190
core   0: 0x00000000800047b4 (0x00100113) li      sp, 1
core   0: 3 0x00000000800047b4 (0x00100113) x2  0x0000000000000001
core   0: 0x00000000800047b8 (0x00c11113) slli    sp, sp, 12
core   0: 3 0x00000000800047b8 (0x00c11113) x2  0x0000000000001000
core   0: 0x00000000800047bc (0x00220233) add     tp, tp, sp
core   0: 3 0x00000000800047bc (0x00220233) x4  0x000000008000b190
core   0: 0x00000000800047c0 (0x49823f07) fld     ft10, 1176(tp)
core   0: 3 0x00000000800047c0 (0x49823f07) f30 0x8010000000000002 mem 0x000000008000b628
core   0: 0x00000000800047c4 (0x40220233) sub     tp, tp, sp
core   0: 3 0x00000000800047c4 (0x40220233) x4  0x000000008000a190
core   0: 0x00000000800047c8 (0x00000113) li      sp, 0
core   0: 3 0x00000000800047c8 (0x00000113) x2  0x0000000000000000
core   0: 0x00000000800047cc (0x00311073) csrw    fcsr, sp
core   0: 3 0x00000000800047cc (0x00311073) c1_fflags 0x0000000000000000 c2_frm 0x0000000000000000
core   0: 0x00000000800047d0 (0xa3ef9fd3) flt.d   t6, ft11, ft10
core   0: 3 0x00000000800047d0 (0xa3ef9fd3) x31 0x0000000000000000
core   0: 0x00000000800047d4 (0x003022f3) csrr    t0, fcsr
core   0: 3 0x00000000800047d4 (0x003022f3) x5  0x0000000000000000
core   0: 0x00000000800047d8 (0x47f0b023) sd      t6, 1120(ra)
core   0: 3 0x00000000800047d8 (0x47f0b023) mem 0x0000000080010728 0x0000000000000000
core   0: 0x00000000800047dc (0x4650b423) sd      t0, 1128(ra)
core   0: 3 0x00000000800047dc (0x4650b423) mem 0x0000000080010730 0x0000000000000000
core   0: >>>>  inst_354
core   0: 0x00000000800047e0 (0x00100113) li      sp, 1
core   0: 3 0x00000000800047e0 (0x00100113) x2  0x0000000000000001
core   0: 0x00000000800047e4 (0x00c11113) slli    sp, sp, 12
core   0: 3 0x00000000800047e4 (0x00c11113) x2  0x0000000000001000
core   0: 0x00000000800047e8 (0x00220233) add     tp, tp, sp
core   0: 3 0x00000000800047e8 (0x00220233) x4  0x000000008000b190
core   0: 0x00000000800047ec (0x4a023f87) fld     ft11, 1184(tp)
core   0: 3 0x00000000800047ec (0x4a023f87) f31 0x8000000000000002 mem 0x000000008000b630
core   0: 0x00000000800047f0 (0x40220233) sub     tp, tp, sp
core   0: 3 0x00000000800047f0 (0x40220233) x4  0x000000008000a190
core   0: 0x00000000800047f4 (0x00100113) li      sp, 1
core   0: 3 0x00000000800047f4 (0x00100113) x2  0x0000000000000001
core   0: 0x00000000800047f8 (0x00c11113) slli    sp, sp, 12
core   0: 3 0x00000000800047f8 (0x00c11113) x2  0x0000000000001000
core   0: 0x00000000800047fc (0x00220233) add     tp, tp, sp
core   0: 3 0x00000000800047fc (0x00220233) x4  0x000000008000b190
core   0: 0x0000000080004800 (0x4a823f07) fld     ft10, 1192(tp)
core   0: 3 0x0000000080004800 (0x4a823f07) f30 0xbf80000000000000 mem 0x000000008000b638
core   0: 0x0000000080004804 (0x40220233) sub     tp, tp, sp
core   0: 3 0x0000000080004804 (0x40220233) x4  0x000000008000a190
core   0: 0x0000000080004808 (0x00000113) li      sp, 0
core   0: 3 0x0000000080004808 (0x00000113) x2  0x0000000000000000
core   0: 0x000000008000480c (0x00311073) csrw    fcsr, sp
core   0: 3 0x000000008000480c (0x00311073) c1_fflags 0x0000000000000000 c2_frm 0x0000000000000000
core   0: 0x0000000080004810 (0xa3ef9fd3) flt.d   t6, ft11, ft10
core   0: 3 0x0000000080004810 (0xa3ef9fd3) x31 0x0000000000000000
core   0: 0x0000000080004814 (0x003022f3) csrr    t0, fcsr
core   0: 3 0x0000000080004814 (0x003022f3) x5  0x0000000000000000
core   0: 0x0000000080004818 (0x47f0b823) sd      t6, 1136(ra)
core   0: 3 0x0000000080004818 (0x47f0b823) mem 0x0000000080010738 0x0000000000000000
core   0: 0x000000008000481c (0x4650bc23) sd      t0, 1144(ra)
core   0: 3 0x000000008000481c (0x4650bc23) mem 0x0000000080010740 0x0000000000000000
core   0: >>>>  inst_355
core   0: 0x0000000080004820 (0x00100113) li      sp, 1
core   0: 3 0x0000000080004820 (0x00100113) x2  0x0000000000000001
core   0: 0x0000000080004824 (0x00c11113) slli    sp, sp, 12
core   0: 3 0x0000000080004824 (0x00c11113) x2  0x0000000000001000
core   0: 0x0000000080004828 (0x00220233) add     tp, tp, sp
core   0: 3 0x0000000080004828 (0x00220233) x4  0x000000008000b190
core   0: 0x000000008000482c (0x4b023f87) fld     ft11, 1200(tp)
core   0: 3 0x000000008000482c (0x4b023f87) f31 0x8000000000000002 mem 0x000000008000b640
core   0: 0x0000000080004830 (0x40220233) sub     tp, tp, sp
core   0: 3 0x0000000080004830 (0x40220233) x4  0x000000008000a190
core   0: 0x0000000080004834 (0x00100113) li      sp, 1
core   0: 3 0x0000000080004834 (0x00100113) x2  0x0000000000000001
core   0: 0x0000000080004838 (0x00c11113) slli    sp, sp, 12
core   0: 3 0x0000000080004838 (0x00c11113) x2  0x0000000000001000
core   0: 0x000000008000483c (0x00220233) add     tp, tp, sp
core   0: 3 0x000000008000483c (0x00220233) x4  0x000000008000b190
core   0: 0x0000000080004840 (0x4b823f07) fld     ft10, 1208(tp)
core   0: 3 0x0000000080004840 (0x4b823f07) f30 0xffefffffffffffff mem 0x000000008000b648
core   0: 0x0000000080004844 (0x40220233) sub     tp, tp, sp
core   0: 3 0x0000000080004844 (0x40220233) x4  0x000000008000a190
core   0: 0x0000000080004848 (0x00000113) li      sp, 0
core   0: 3 0x0000000080004848 (0x00000113) x2  0x0000000000000000
core   0: 0x000000008000484c (0x00311073) csrw    fcsr, sp
core   0: 3 0x000000008000484c (0x00311073) c1_fflags 0x0000000000000000 c2_frm 0x0000000000000000
core   0: 0x0000000080004850 (0xa3ef9fd3) flt.d   t6, ft11, ft10
core   0: 3 0x0000000080004850 (0xa3ef9fd3) x31 0x0000000000000000
core   0: 0x0000000080004854 (0x003022f3) csrr    t0, fcsr
core   0: 3 0x0000000080004854 (0x003022f3) x5  0x0000000000000000
core   0: 0x0000000080004858 (0x49f0b023) sd      t6, 1152(ra)
core   0: 3 0x0000000080004858 (0x49f0b023) mem 0x0000000080010748 0x0000000000000000
core   0: 0x000000008000485c (0x4850b423) sd      t0, 1160(ra)
core   0: 3 0x000000008000485c (0x4850b423) mem 0x0000000080010750 0x0000000000000000
core   0: >>>>  inst_356
core   0: 0x0000000080004860 (0x00100113) li      sp, 1
core   0: 3 0x0000000080004860 (0x00100113) x2  0x0000000000000001
core   0: 0x0000000080004864 (0x00c11113) slli    sp, sp, 12
core   0: 3 0x0000000080004864 (0x00c11113) x2  0x0000000000001000
core   0: 0x0000000080004868 (0x00220233) add     tp, tp, sp
core   0: 3 0x0000000080004868 (0x00220233) x4  0x000000008000b190
core   0: 0x000000008000486c (0x4c023f87) fld     ft11, 1216(tp)
core   0: 3 0x000000008000486c (0x4c023f87) f31 0x8000000000000002 mem 0x000000008000b650
core   0: 0x0000000080004870 (0x40220233) sub     tp, tp, sp
core   0: 3 0x0000000080004870 (0x40220233) x4  0x000000008000a190
core   0: 0x0000000080004874 (0x00100113) li      sp, 1
core   0: 3 0x0000000080004874 (0x00100113) x2  0x0000000000000001
core   0: 0x0000000080004878 (0x00c11113) slli    sp, sp, 12
core   0: 3 0x0000000080004878 (0x00c11113) x2  0x0000000000001000
core   0: 0x000000008000487c (0x00220233) add     tp, tp, sp
core   0: 3 0x000000008000487c (0x00220233) x4  0x000000008000b190
core   0: 0x0000000080004880 (0x4c823f07) fld     ft10, 1224(tp)
core   0: 3 0x0000000080004880 (0x4c823f07) f30 0xfff0000000000000 mem 0x000000008000b658
core   0: 0x0000000080004884 (0x40220233) sub     tp, tp, sp
core   0: 3 0x0000000080004884 (0x40220233) x4  0x000000008000a190
core   0: 0x0000000080004888 (0x00000113) li      sp, 0
core   0: 3 0x0000000080004888 (0x00000113) x2  0x0000000000000000
core   0: 0x000000008000488c (0x00311073) csrw    fcsr, sp
core   0: 3 0x000000008000488c (0x00311073) c1_fflags 0x0000000000000000 c2_frm 0x0000000000000000
core   0: 0x0000000080004890 (0xa3ef9fd3) flt.d   t6, ft11, ft10
core   0: 3 0x0000000080004890 (0xa3ef9fd3) x31 0x0000000000000000
core   0: 0x0000000080004894 (0x003022f3) csrr    t0, fcsr
core   0: 3 0x0000000080004894 (0x003022f3) x5  0x0000000000000000
core   0: 0x0000000080004898 (0x49f0b823) sd      t6, 1168(ra)
core   0: 3 0x0000000080004898 (0x49f0b823) mem 0x0000000080010758 0x0000000000000000
core   0: 0x000000008000489c (0x4850bc23) sd      t0, 1176(ra)
core   0: 3 0x000000008000489c (0x4850bc23) mem 0x0000000080010760 0x0000000000000000
core   0: >>>>  inst_357
core   0: 0x00000000800048a0 (0x00100113) li      sp, 1
core   0: 3 0x00000000800048a0 (0x00100113) x2  0x0000000000000001
core   0: 0x00000000800048a4 (0x00c11113) slli    sp, sp, 12
core   0: 3 0x00000000800048a4 (0x00c11113) x2  0x0000000000001000
core   0: 0x00000000800048a8 (0x00220233) add     tp, tp, sp
core   0: 3 0x00000000800048a8 (0x00220233) x4  0x000000008000b190
core   0: 0x00000000800048ac (0x4d023f87) fld     ft11, 1232(tp)
core   0: 3 0x00000000800048ac (0x4d023f87) f31 0x8000000000000002 mem 0x000000008000b660
core   0: 0x00000000800048b0 (0x40220233) sub     tp, tp, sp
core   0: 3 0x00000000800048b0 (0x40220233) x4  0x000000008000a190
core   0: 0x00000000800048b4 (0x00100113) li      sp, 1
core   0: 3 0x00000000800048b4 (0x00100113) x2  0x0000000000000001
core   0: 0x00000000800048b8 (0x00c11113) slli    sp, sp, 12
core   0: 3 0x00000000800048b8 (0x00c11113) x2  0x0000000000001000
core   0: 0x00000000800048bc (0x00220233) add     tp, tp, sp
core   0: 3 0x00000000800048bc (0x00220233) x4  0x000000008000b190
core   0: 0x00000000800048c0 (0x4d823f07) fld     ft10, 1240(tp)
core   0: 3 0x00000000800048c0 (0x4d823f07) f30 0xfff0000000000001 mem 0x000000008000b668
core   0: 0x00000000800048c4 (0x40220233) sub     tp, tp, sp
core   0: 3 0x00000000800048c4 (0x40220233) x4  0x000000008000a190
core   0: 0x00000000800048c8 (0x00000113) li      sp, 0
core   0: 3 0x00000000800048c8 (0x00000113) x2  0x0000000000000000
core   0: 0x00000000800048cc (0x00311073) csrw    fcsr, sp
core   0: 3 0x00000000800048cc (0x00311073) c1_fflags 0x0000000000000000 c2_frm 0x0000000000000000
core   0: 0x00000000800048d0 (0xa3ef9fd3) flt.d   t6, ft11, ft10
core   0: 3 0x00000000800048d0 (0xa3ef9fd3) c1_fflags 0x0000000000000010 x31 0x0000000000000000
core   0: 0x00000000800048d4 (0x003022f3) csrr    t0, fcsr
core   0: 3 0x00000000800048d4 (0x003022f3) x5  0x0000000000000010
core   0: 0x00000000800048d8 (0x4bf0b023) sd      t6, 1184(ra)
core   0: 3 0x00000000800048d8 (0x4bf0b023) mem 0x0000000080010768 0x0000000000000000
core   0: 0x00000000800048dc (0x4a50b423) sd      t0, 1192(ra)
core   0: 3 0x00000000800048dc (0x4a50b423) mem 0x0000000080010770 0x0000000000000010
core   0: >>>>  inst_358
core   0: 0x00000000800048e0 (0x00100113) li      sp, 1
core   0: 3 0x00000000800048e0 (0x00100113) x2  0x0000000000000001
core   0: 0x00000000800048e4 (0x00c11113) slli    sp, sp, 12
core   0: 3 0x00000000800048e4 (0x00c11113) x2  0x0000000000001000
core   0: 0x00000000800048e8 (0x00220233) add     tp, tp, sp
core   0: 3 0x00000000800048e8 (0x00220233) x4  0x000000008000b190
core   0: 0x00000000800048ec (0x4e023f87) fld     ft11, 1248(tp)
core   0: 3 0x00000000800048ec (0x4e023f87) f31 0x8000000000000002 mem 0x000000008000b670
core   0: 0x00000000800048f0 (0x40220233) sub     tp, tp, sp
core   0: 3 0x00000000800048f0 (0x40220233) x4  0x000000008000a190
core   0: 0x00000000800048f4 (0x00100113) li      sp, 1
core   0: 3 0x00000000800048f4 (0x00100113) x2  0x0000000000000001
core   0: 0x00000000800048f8 (0x00c11113) slli    sp, sp, 12
core   0: 3 0x00000000800048f8 (0x00c11113) x2  0x0000000000001000
core   0: 0x00000000800048fc (0x00220233) add     tp, tp, sp
core   0: 3 0x00000000800048fc (0x00220233) x4  0x000000008000b190
core   0: 0x0000000080004900 (0x4e823f07) fld     ft10, 1256(tp)
core   0: 3 0x0000000080004900 (0x4e823f07) f30 0xfff8000000000000 mem 0x000000008000b678
core   0: 0x0000000080004904 (0x40220233) sub     tp, tp, sp
core   0: 3 0x0000000080004904 (0x40220233) x4  0x000000008000a190
core   0: 0x0000000080004908 (0x00000113) li      sp, 0
core   0: 3 0x0000000080004908 (0x00000113) x2  0x0000000000000000
core   0: 0x000000008000490c (0x00311073) csrw    fcsr, sp
core   0: 3 0x000000008000490c (0x00311073) c1_fflags 0x0000000000000000 c2_frm 0x0000000000000000
core   0: 0x0000000080004910 (0xa3ef9fd3) flt.d   t6, ft11, ft10
core   0: 3 0x0000000080004910 (0xa3ef9fd3) c1_fflags 0x0000000000000010 x31 0x0000000000000000
core   0: 0x0000000080004914 (0x003022f3) csrr    t0, fcsr
core   0: 3 0x0000000080004914 (0x003022f3) x5  0x0000000000000010
core   0: 0x0000000080004918 (0x4bf0b823) sd      t6, 1200(ra)
core   0: 3 0x0000000080004918 (0x4bf0b823) mem 0x0000000080010778 0x0000000000000000
core   0: 0x000000008000491c (0x4a50bc23) sd      t0, 1208(ra)
core   0: 3 0x000000008000491c (0x4a50bc23) mem 0x0000000080010780 0x0000000000000010
core   0: >>>>  inst_359
core   0: 0x0000000080004920 (0x00100113) li      sp, 1
core   0: 3 0x0000000080004920 (0x00100113) x2  0x0000000000000001
core   0: 0x0000000080004924 (0x00c11113) slli    sp, sp, 12
core   0: 3 0x0000000080004924 (0x00c11113) x2  0x0000000000001000
core   0: 0x0000000080004928 (0x00220233) add     tp, tp, sp
core   0: 3 0x0000000080004928 (0x00220233) x4  0x000000008000b190
core   0: 0x000000008000492c (0x4f023f87) fld     ft11, 1264(tp)
core   0: 3 0x000000008000492c (0x4f023f87) f31 0x8000000000000002 mem 0x000000008000b680
core   0: 0x0000000080004930 (0x40220233) sub     tp, tp, sp
core   0: 3 0x0000000080004930 (0x40220233) x4  0x000000008000a190
core   0: 0x0000000080004934 (0x00100113) li      sp, 1
core   0: 3 0x0000000080004934 (0x00100113) x2  0x0000000000000001
core   0: 0x0000000080004938 (0x00c11113) slli    sp, sp, 12
core   0: 3 0x0000000080004938 (0x00c11113) x2  0x0000000000001000
core   0: 0x000000008000493c (0x00220233) add     tp, tp, sp
core   0: 3 0x000000008000493c (0x00220233) x4  0x000000008000b190
core   0: 0x0000000080004940 (0x4f823f07) fld     ft10, 1272(tp)
core   0: 3 0x0000000080004940 (0x4f823f07) f30 0xfff8000000000001 mem 0x000000008000b688
core   0: 0x0000000080004944 (0x40220233) sub     tp, tp, sp
core   0: 3 0x0000000080004944 (0x40220233) x4  0x000000008000a190
core   0: 0x0000000080004948 (0x00000113) li      sp, 0
core   0: 3 0x0000000080004948 (0x00000113) x2  0x0000000000000000
core   0: 0x000000008000494c (0x00311073) csrw    fcsr, sp
core   0: 3 0x000000008000494c (0x00311073) c1_fflags 0x0000000000000000 c2_frm 0x0000000000000000
core   0: 0x0000000080004950 (0xa3ef9fd3) flt.d   t6, ft11, ft10
core   0: 3 0x0000000080004950 (0xa3ef9fd3) c1_fflags 0x0000000000000010 x31 0x0000000000000000
core   0: 0x0000000080004954 (0x003022f3) csrr    t0, fcsr
core   0: 3 0x0000000080004954 (0x003022f3) x5  0x0000000000000010
core   0: 0x0000000080004958 (0x4df0b023) sd      t6, 1216(ra)
core   0: 3 0x0000000080004958 (0x4df0b023) mem 0x0000000080010788 0x0000000000000000
core   0: 0x000000008000495c (0x4c50b423) sd      t0, 1224(ra)
core   0: 3 0x000000008000495c (0x4c50b423) mem 0x0000000080010790 0x0000000000000010
core   0: >>>>  inst_360
core   0: 0x0000000080004960 (0x00100113) li      sp, 1
core   0: 3 0x0000000080004960 (0x00100113) x2  0x0000000000000001
core   0: 0x0000000080004964 (0x00c11113) slli    sp, sp, 12
core   0: 3 0x0000000080004964 (0x00c11113) x2  0x0000000000001000
core   0: 0x0000000080004968 (0x00220233) add     tp, tp, sp
core   0: 3 0x0000000080004968 (0x00220233) x4  0x000000008000b190
core   0: 0x000000008000496c (0x50023f87) fld     ft11, 1280(tp)
core   0: 3 0x000000008000496c (0x50023f87) f31 0x800fffffffffffff mem 0x000000008000b690
core   0: 0x0000000080004970 (0x40220233) sub     tp, tp, sp
core   0: 3 0x0000000080004970 (0x40220233) x4  0x000000008000a190
core   0: 0x0000000080004974 (0x00100113) li      sp, 1
core   0: 3 0x0000000080004974 (0x00100113) x2  0x0000000000000001
core   0: 0x0000000080004978 (0x00c11113) slli    sp, sp, 12
core   0: 3 0x0000000080004978 (0x00c11113) x2  0x0000000000001000
core   0: 0x000000008000497c (0x00220233) add     tp, tp, sp
core   0: 3 0x000000008000497c (0x00220233) x4  0x000000008000b190
core   0: 0x0000000080004980 (0x50823f07) fld     ft10, 1288(tp)
core   0: 3 0x0000000080004980 (0x50823f07) f30 0x0000000000000000 mem 0x000000008000b698
core   0: 0x0000000080004984 (0x40220233) sub     tp, tp, sp
core   0: 3 0x0000000080004984 (0x40220233) x4  0x000000008000a190
core   0: 0x0000000080004988 (0x00000113) li      sp, 0
core   0: 3 0x0000000080004988 (0x00000113) x2  0x0000000000000000
core   0: 0x000000008000498c (0x00311073) csrw    fcsr, sp
core   0: 3 0x000000008000498c (0x00311073) c1_fflags 0x0000000000000000 c2_frm 0x0000000000000000
core   0: 0x0000000080004990 (0xa3ef9fd3) flt.d   t6, ft11, ft10
core   0: 3 0x0000000080004990 (0xa3ef9fd3) x31 0x0000000000000001
core   0: 0x0000000080004994 (0x003022f3) csrr    t0, fcsr
core   0: 3 0x0000000080004994 (0x003022f3) x5  0x0000000000000000
core   0: 0x0000000080004998 (0x4df0b823) sd      t6, 1232(ra)
core   0: 3 0x0000000080004998 (0x4df0b823) mem 0x0000000080010798 0x0000000000000001
core   0: 0x000000008000499c (0x4c50bc23) sd      t0, 1240(ra)
core   0: 3 0x000000008000499c (0x4c50bc23) mem 0x00000000800107a0 0x0000000000000000
core   0: >>>>  inst_361
core   0: 0x00000000800049a0 (0x00100113) li      sp, 1
core   0: 3 0x00000000800049a0 (0x00100113) x2  0x0000000000000001
core   0: 0x00000000800049a4 (0x00c11113) slli    sp, sp, 12
core   0: 3 0x00000000800049a4 (0x00c11113) x2  0x0000000000001000
core   0: 0x00000000800049a8 (0x00220233) add     tp, tp, sp
core   0: 3 0x00000000800049a8 (0x00220233) x4  0x000000008000b190
core   0: 0x00000000800049ac (0x51023f87) fld     ft11, 1296(tp)
core   0: 3 0x00000000800049ac (0x51023f87) f31 0x800fffffffffffff mem 0x000000008000b6a0
core   0: 0x00000000800049b0 (0x40220233) sub     tp, tp, sp
core   0: 3 0x00000000800049b0 (0x40220233) x4  0x000000008000a190
core   0: 0x00000000800049b4 (0x00100113) li      sp, 1
core   0: 3 0x00000000800049b4 (0x00100113) x2  0x0000000000000001
core   0: 0x00000000800049b8 (0x00c11113) slli    sp, sp, 12
core   0: 3 0x00000000800049b8 (0x00c11113) x2  0x0000000000001000
core   0: 0x00000000800049bc (0x00220233) add     tp, tp, sp
core   0: 3 0x00000000800049bc (0x00220233) x4  0x000000008000b190
core   0: 0x00000000800049c0 (0x51823f07) fld     ft10, 1304(tp)
core   0: 3 0x00000000800049c0 (0x51823f07) f30 0x0000000000000001 mem 0x000000008000b6a8
core   0: 0x00000000800049c4 (0x40220233) sub     tp, tp, sp
core   0: 3 0x00000000800049c4 (0x40220233) x4  0x000000008000a190
core   0: 0x00000000800049c8 (0x00000113) li      sp, 0
core   0: 3 0x00000000800049c8 (0x00000113) x2  0x0000000000000000
core   0: 0x00000000800049cc (0x00311073) csrw    fcsr, sp
core   0: 3 0x00000000800049cc (0x00311073) c1_fflags 0x0000000000000000 c2_frm 0x0000000000000000
core   0: 0x00000000800049d0 (0xa3ef9fd3) flt.d   t6, ft11, ft10
core   0: 3 0x00000000800049d0 (0xa3ef9fd3) x31 0x0000000000000001
core   0: 0x00000000800049d4 (0x003022f3) csrr    t0, fcsr
core   0: 3 0x00000000800049d4 (0x003022f3) x5  0x0000000000000000
core   0: 0x00000000800049d8 (0x4ff0b023) sd      t6, 1248(ra)
core   0: 3 0x00000000800049d8 (0x4ff0b023) mem 0x00000000800107a8 0x0000000000000001
core   0: 0x00000000800049dc (0x4e50b423) sd      t0, 1256(ra)
core   0: 3 0x00000000800049dc (0x4e50b423) mem 0x00000000800107b0 0x0000000000000000
core   0: >>>>  inst_362
core   0: 0x00000000800049e0 (0x00100113) li      sp, 1
core   0: 3 0x00000000800049e0 (0x00100113) x2  0x0000000000000001
core   0: 0x00000000800049e4 (0x00c11113) slli    sp, sp, 12
core   0: 3 0x00000000800049e4 (0x00c11113) x2  0x0000000000001000
core   0: 0x00000000800049e8 (0x00220233) add     tp, tp, sp
core   0: 3 0x00000000800049e8 (0x00220233) x4  0x000000008000b190
core   0: 0x00000000800049ec (0x52023f87) fld     ft11, 1312(tp)
core   0: 3 0x00000000800049ec (0x52023f87) f31 0x800fffffffffffff mem 0x000000008000b6b0
core   0: 0x00000000800049f0 (0x40220233) sub     tp, tp, sp
core   0: 3 0x00000000800049f0 (0x40220233) x4  0x000000008000a190
core   0: 0x00000000800049f4 (0x00100113) li      sp, 1
core   0: 3 0x00000000800049f4 (0x00100113) x2  0x0000000000000001
core   0: 0x00000000800049f8 (0x00c11113) slli    sp, sp, 12
core   0: 3 0x00000000800049f8 (0x00c11113) x2  0x0000000000001000
core   0: 0x00000000800049fc (0x00220233) add     tp, tp, sp
core   0: 3 0x00000000800049fc (0x00220233) x4  0x000000008000b190
core   0: 0x0000000080004a00 (0x52823f07) fld     ft10, 1320(tp)
core   0: 3 0x0000000080004a00 (0x52823f07) f30 0x0000000000000002 mem 0x000000008000b6b8
core   0: 0x0000000080004a04 (0x40220233) sub     tp, tp, sp
core   0: 3 0x0000000080004a04 (0x40220233) x4  0x000000008000a190
core   0: 0x0000000080004a08 (0x00000113) li      sp, 0
core   0: 3 0x0000000080004a08 (0x00000113) x2  0x0000000000000000
core   0: 0x0000000080004a0c (0x00311073) csrw    fcsr, sp
core   0: 3 0x0000000080004a0c (0x00311073) c1_fflags 0x0000000000000000 c2_frm 0x0000000000000000
core   0: 0x0000000080004a10 (0xa3ef9fd3) flt.d   t6, ft11, ft10
core   0: 3 0x0000000080004a10 (0xa3ef9fd3) x31 0x0000000000000001
core   0: 0x0000000080004a14 (0x003022f3) csrr    t0, fcsr
core   0: 3 0x0000000080004a14 (0x003022f3) x5  0x0000000000000000
core   0: 0x0000000080004a18 (0x4ff0b823) sd      t6, 1264(ra)
core   0: 3 0x0000000080004a18 (0x4ff0b823) mem 0x00000000800107b8 0x0000000000000001
core   0: 0x0000000080004a1c (0x4e50bc23) sd      t0, 1272(ra)
core   0: 3 0x0000000080004a1c (0x4e50bc23) mem 0x00000000800107c0 0x0000000000000000
core   0: >>>>  inst_363
core   0: 0x0000000080004a20 (0x00100113) li      sp, 1
core   0: 3 0x0000000080004a20 (0x00100113) x2  0x0000000000000001
core   0: 0x0000000080004a24 (0x00c11113) slli    sp, sp, 12
core   0: 3 0x0000000080004a24 (0x00c11113) x2  0x0000000000001000
core   0: 0x0000000080004a28 (0x00220233) add     tp, tp, sp
core   0: 3 0x0000000080004a28 (0x00220233) x4  0x000000008000b190
core   0: 0x0000000080004a2c (0x53023f87) fld     ft11, 1328(tp)
core   0: 3 0x0000000080004a2c (0x53023f87) f31 0x800fffffffffffff mem 0x000000008000b6c0
core   0: 0x0000000080004a30 (0x40220233) sub     tp, tp, sp
core   0: 3 0x0000000080004a30 (0x40220233) x4  0x000000008000a190
core   0: 0x0000000080004a34 (0x00100113) li      sp, 1
core   0: 3 0x0000000080004a34 (0x00100113) x2  0x0000000000000001
core   0: 0x0000000080004a38 (0x00c11113) slli    sp, sp, 12
core   0: 3 0x0000000080004a38 (0x00c11113) x2  0x0000000000001000
core   0: 0x0000000080004a3c (0x00220233) add     tp, tp, sp
core   0: 3 0x0000000080004a3c (0x00220233) x4  0x000000008000b190
core   0: 0x0000000080004a40 (0x53823f07) fld     ft10, 1336(tp)
core   0: 3 0x0000000080004a40 (0x53823f07) f30 0x000fffffffffffff mem 0x000000008000b6c8
core   0: 0x0000000080004a44 (0x40220233) sub     tp, tp, sp
core   0: 3 0x0000000080004a44 (0x40220233) x4  0x000000008000a190
core   0: 0x0000000080004a48 (0x00000113) li      sp, 0
core   0: 3 0x0000000080004a48 (0x00000113) x2  0x0000000000000000
core   0: 0x0000000080004a4c (0x00311073) csrw    fcsr, sp
core   0: 3 0x0000000080004a4c (0x00311073) c1_fflags 0x0000000000000000 c2_frm 0x0000000000000000
core   0: 0x0000000080004a50 (0xa3ef9fd3) flt.d   t6, ft11, ft10
core   0: 3 0x0000000080004a50 (0xa3ef9fd3) x31 0x0000000000000001
core   0: 0x0000000080004a54 (0x003022f3) csrr    t0, fcsr
core   0: 3 0x0000000080004a54 (0x003022f3) x5  0x0000000000000000
core   0: 0x0000000080004a58 (0x51f0b023) sd      t6, 1280(ra)
core   0: 3 0x0000000080004a58 (0x51f0b023) mem 0x00000000800107c8 0x0000000000000001
core   0: 0x0000000080004a5c (0x5050b423) sd      t0, 1288(ra)
core   0: 3 0x0000000080004a5c (0x5050b423) mem 0x00000000800107d0 0x0000000000000000
core   0: >>>>  inst_364
core   0: 0x0000000080004a60 (0x00100113) li      sp, 1
core   0: 3 0x0000000080004a60 (0x00100113) x2  0x0000000000000001
core   0: 0x0000000080004a64 (0x00c11113) slli    sp, sp, 12
core   0: 3 0x0000000080004a64 (0x00c11113) x2  0x0000000000001000
core   0: 0x0000000080004a68 (0x00220233) add     tp, tp, sp
core   0: 3 0x0000000080004a68 (0x00220233) x4  0x000000008000b190
core   0: 0x0000000080004a6c (0x54023f87) fld     ft11, 1344(tp)
core   0: 3 0x0000000080004a6c (0x54023f87) f31 0x800fffffffffffff mem 0x000000008000b6d0
core   0: 0x0000000080004a70 (0x40220233) sub     tp, tp, sp
core   0: 3 0x0000000080004a70 (0x40220233) x4  0x000000008000a190
core   0: 0x0000000080004a74 (0x00100113) li      sp, 1
core   0: 3 0x0000000080004a74 (0x00100113) x2  0x0000000000000001
core   0: 0x0000000080004a78 (0x00c11113) slli    sp, sp, 12
core   0: 3 0x0000000080004a78 (0x00c11113) x2  0x0000000000001000
core   0: 0x0000000080004a7c (0x00220233) add     tp, tp, sp
core   0: 3 0x0000000080004a7c (0x00220233) x4  0x000000008000b190
core   0: 0x0000000080004a80 (0x54823f07) fld     ft10, 1352(tp)
core   0: 3 0x0000000080004a80 (0x54823f07) f30 0x0010000000000000 mem 0x000000008000b6d8
core   0: 0x0000000080004a84 (0x40220233) sub     tp, tp, sp
core   0: 3 0x0000000080004a84 (0x40220233) x4  0x000000008000a190
core   0: 0x0000000080004a88 (0x00000113) li      sp, 0
core   0: 3 0x0000000080004a88 (0x00000113) x2  0x0000000000000000
core   0: 0x0000000080004a8c (0x00311073) csrw    fcsr, sp
core   0: 3 0x0000000080004a8c (0x00311073) c1_fflags 0x0000000000000000 c2_frm 0x0000000000000000
core   0: 0x0000000080004a90 (0xa3ef9fd3) flt.d   t6, ft11, ft10
core   0: 3 0x0000000080004a90 (0xa3ef9fd3) x31 0x0000000000000001
core   0: 0x0000000080004a94 (0x003022f3) csrr    t0, fcsr
core   0: 3 0x0000000080004a94 (0x003022f3) x5  0x0000000000000000
core   0: 0x0000000080004a98 (0x51f0b823) sd      t6, 1296(ra)
core   0: 3 0x0000000080004a98 (0x51f0b823) mem 0x00000000800107d8 0x0000000000000001
core   0: 0x0000000080004a9c (0x5050bc23) sd      t0, 1304(ra)
core   0: 3 0x0000000080004a9c (0x5050bc23) mem 0x00000000800107e0 0x0000000000000000
core   0: >>>>  inst_365
core   0: 0x0000000080004aa0 (0x00100113) li      sp, 1
core   0: 3 0x0000000080004aa0 (0x00100113) x2  0x0000000000000001
core   0: 0x0000000080004aa4 (0x00c11113) slli    sp, sp, 12
core   0: 3 0x0000000080004aa4 (0x00c11113) x2  0x0000000000001000
core   0: 0x0000000080004aa8 (0x00220233) add     tp, tp, sp
core   0: 3 0x0000000080004aa8 (0x00220233) x4  0x000000008000b190
core   0: 0x0000000080004aac (0x55023f87) fld     ft11, 1360(tp)
core   0: 3 0x0000000080004aac (0x55023f87) f31 0x800fffffffffffff mem 0x000000008000b6e0
core   0: 0x0000000080004ab0 (0x40220233) sub     tp, tp, sp
core   0: 3 0x0000000080004ab0 (0x40220233) x4  0x000000008000a190
core   0: 0x0000000080004ab4 (0x00100113) li      sp, 1
core   0: 3 0x0000000080004ab4 (0x00100113) x2  0x0000000000000001
core   0: 0x0000000080004ab8 (0x00c11113) slli    sp, sp, 12
core   0: 3 0x0000000080004ab8 (0x00c11113) x2  0x0000000000001000
core   0: 0x0000000080004abc (0x00220233) add     tp, tp, sp
core   0: 3 0x0000000080004abc (0x00220233) x4  0x000000008000b190
core   0: 0x0000000080004ac0 (0x55823f07) fld     ft10, 1368(tp)
core   0: 3 0x0000000080004ac0 (0x55823f07) f30 0x0010000000000002 mem 0x000000008000b6e8
core   0: 0x0000000080004ac4 (0x40220233) sub     tp, tp, sp
core   0: 3 0x0000000080004ac4 (0x40220233) x4  0x000000008000a190
core   0: 0x0000000080004ac8 (0x00000113) li      sp, 0
core   0: 3 0x0000000080004ac8 (0x00000113) x2  0x0000000000000000
core   0: 0x0000000080004acc (0x00311073) csrw    fcsr, sp
core   0: 3 0x0000000080004acc (0x00311073) c1_fflags 0x0000000000000000 c2_frm 0x0000000000000000
core   0: 0x0000000080004ad0 (0xa3ef9fd3) flt.d   t6, ft11, ft10
core   0: 3 0x0000000080004ad0 (0xa3ef9fd3) x31 0x0000000000000001
core   0: 0x0000000080004ad4 (0x003022f3) csrr    t0, fcsr
core   0: 3 0x0000000080004ad4 (0x003022f3) x5  0x0000000000000000
core   0: 0x0000000080004ad8 (0x53f0b023) sd      t6, 1312(ra)
core   0: 3 0x0000000080004ad8 (0x53f0b023) mem 0x00000000800107e8 0x0000000000000001
core   0: 0x0000000080004adc (0x5250b423) sd      t0, 1320(ra)
core   0: 3 0x0000000080004adc (0x5250b423) mem 0x00000000800107f0 0x0000000000000000
core   0: >>>>  inst_366
core   0: 0x0000000080004ae0 (0x00100113) li      sp, 1
core   0: 3 0x0000000080004ae0 (0x00100113) x2  0x0000000000000001
core   0: 0x0000000080004ae4 (0x00c11113) slli    sp, sp, 12
core   0: 3 0x0000000080004ae4 (0x00c11113) x2  0x0000000000001000
core   0: 0x0000000080004ae8 (0x00220233) add     tp, tp, sp
core   0: 3 0x0000000080004ae8 (0x00220233) x4  0x000000008000b190
core   0: 0x0000000080004aec (0x56023f87) fld     ft11, 1376(tp)
core   0: 3 0x0000000080004aec (0x56023f87) f31 0x800fffffffffffff mem 0x000000008000b6f0
core   0: 0x0000000080004af0 (0x40220233) sub     tp, tp, sp
core   0: 3 0x0000000080004af0 (0x40220233) x4  0x000000008000a190
core   0: 0x0000000080004af4 (0x00100113) li      sp, 1
core   0: 3 0x0000000080004af4 (0x00100113) x2  0x0000000000000001
core   0: 0x0000000080004af8 (0x00c11113) slli    sp, sp, 12
core   0: 3 0x0000000080004af8 (0x00c11113) x2  0x0000000000001000
core   0: 0x0000000080004afc (0x00220233) add     tp, tp, sp
core   0: 3 0x0000000080004afc (0x00220233) x4  0x000000008000b190
core   0: 0x0000000080004b00 (0x56823f07) fld     ft10, 1384(tp)
core   0: 3 0x0000000080004b00 (0x56823f07) f30 0x3ff0000000000000 mem 0x000000008000b6f8
core   0: 0x0000000080004b04 (0x40220233) sub     tp, tp, sp
core   0: 3 0x0000000080004b04 (0x40220233) x4  0x000000008000a190
core   0: 0x0000000080004b08 (0x00000113) li      sp, 0
core   0: 3 0x0000000080004b08 (0x00000113) x2  0x0000000000000000
core   0: 0x0000000080004b0c (0x00311073) csrw    fcsr, sp
core   0: 3 0x0000000080004b0c (0x00311073) c1_fflags 0x0000000000000000 c2_frm 0x0000000000000000
core   0: 0x0000000080004b10 (0xa3ef9fd3) flt.d   t6, ft11, ft10
core   0: 3 0x0000000080004b10 (0xa3ef9fd3) x31 0x0000000000000001
core   0: 0x0000000080004b14 (0x003022f3) csrr    t0, fcsr
core   0: 3 0x0000000080004b14 (0x003022f3) x5  0x0000000000000000
core   0: 0x0000000080004b18 (0x53f0b823) sd      t6, 1328(ra)
core   0: 3 0x0000000080004b18 (0x53f0b823) mem 0x00000000800107f8 0x0000000000000001
core   0: 0x0000000080004b1c (0x5250bc23) sd      t0, 1336(ra)
core   0: 3 0x0000000080004b1c (0x5250bc23) mem 0x0000000080010800 0x0000000000000000
core   0: >>>>  inst_367
core   0: 0x0000000080004b20 (0x00100113) li      sp, 1
core   0: 3 0x0000000080004b20 (0x00100113) x2  0x0000000000000001
core   0: 0x0000000080004b24 (0x00c11113) slli    sp, sp, 12
core   0: 3 0x0000000080004b24 (0x00c11113) x2  0x0000000000001000
core   0: 0x0000000080004b28 (0x00220233) add     tp, tp, sp
core   0: 3 0x0000000080004b28 (0x00220233) x4  0x000000008000b190
core   0: 0x0000000080004b2c (0x57023f87) fld     ft11, 1392(tp)
core   0: 3 0x0000000080004b2c (0x57023f87) f31 0x800fffffffffffff mem 0x000000008000b700
core   0: 0x0000000080004b30 (0x40220233) sub     tp, tp, sp
core   0: 3 0x0000000080004b30 (0x40220233) x4  0x000000008000a190
core   0: 0x0000000080004b34 (0x00100113) li      sp, 1
core   0: 3 0x0000000080004b34 (0x00100113) x2  0x0000000000000001
core   0: 0x0000000080004b38 (0x00c11113) slli    sp, sp, 12
core   0: 3 0x0000000080004b38 (0x00c11113) x2  0x0000000000001000
core   0: 0x0000000080004b3c (0x00220233) add     tp, tp, sp
core   0: 3 0x0000000080004b3c (0x00220233) x4  0x000000008000b190
core   0: 0x0000000080004b40 (0x57823f07) fld     ft10, 1400(tp)
core   0: 3 0x0000000080004b40 (0x57823f07) f30 0x7fefffffffffffff mem 0x000000008000b708
core   0: 0x0000000080004b44 (0x40220233) sub     tp, tp, sp
core   0: 3 0x0000000080004b44 (0x40220233) x4  0x000000008000a190
core   0: 0x0000000080004b48 (0x00000113) li      sp, 0
core   0: 3 0x0000000080004b48 (0x00000113) x2  0x0000000000000000
core   0: 0x0000000080004b4c (0x00311073) csrw    fcsr, sp
core   0: 3 0x0000000080004b4c (0x00311073) c1_fflags 0x0000000000000000 c2_frm 0x0000000000000000
core   0: 0x0000000080004b50 (0xa3ef9fd3) flt.d   t6, ft11, ft10
core   0: 3 0x0000000080004b50 (0xa3ef9fd3) x31 0x0000000000000001
core   0: 0x0000000080004b54 (0x003022f3) csrr    t0, fcsr
core   0: 3 0x0000000080004b54 (0x003022f3) x5  0x0000000000000000
core   0: 0x0000000080004b58 (0x55f0b023) sd      t6, 1344(ra)
core   0: 3 0x0000000080004b58 (0x55f0b023) mem 0x0000000080010808 0x0000000000000001
core   0: 0x0000000080004b5c (0x5450b423) sd      t0, 1352(ra)
core   0: 3 0x0000000080004b5c (0x5450b423) mem 0x0000000080010810 0x0000000000000000
core   0: >>>>  inst_368
core   0: 0x0000000080004b60 (0x00100113) li      sp, 1
core   0: 3 0x0000000080004b60 (0x00100113) x2  0x0000000000000001
core   0: 0x0000000080004b64 (0x00c11113) slli    sp, sp, 12
core   0: 3 0x0000000080004b64 (0x00c11113) x2  0x0000000000001000
core   0: 0x0000000080004b68 (0x00220233) add     tp, tp, sp
core   0: 3 0x0000000080004b68 (0x00220233) x4  0x000000008000b190
core   0: 0x0000000080004b6c (0x58023f87) fld     ft11, 1408(tp)
core   0: 3 0x0000000080004b6c (0x58023f87) f31 0x800fffffffffffff mem 0x000000008000b710
core   0: 0x0000000080004b70 (0x40220233) sub     tp, tp, sp
core   0: 3 0x0000000080004b70 (0x40220233) x4  0x000000008000a190
core   0: 0x0000000080004b74 (0x00100113) li      sp, 1
core   0: 3 0x0000000080004b74 (0x00100113) x2  0x0000000000000001
core   0: 0x0000000080004b78 (0x00c11113) slli    sp, sp, 12
core   0: 3 0x0000000080004b78 (0x00c11113) x2  0x0000000000001000
core   0: 0x0000000080004b7c (0x00220233) add     tp, tp, sp
core   0: 3 0x0000000080004b7c (0x00220233) x4  0x000000008000b190
core   0: 0x0000000080004b80 (0x58823f07) fld     ft10, 1416(tp)
core   0: 3 0x0000000080004b80 (0x58823f07) f30 0x7ff0000000000000 mem 0x000000008000b718
core   0: 0x0000000080004b84 (0x40220233) sub     tp, tp, sp
core   0: 3 0x0000000080004b84 (0x40220233) x4  0x000000008000a190
core   0: 0x0000000080004b88 (0x00000113) li      sp, 0
core   0: 3 0x0000000080004b88 (0x00000113) x2  0x0000000000000000
core   0: 0x0000000080004b8c (0x00311073) csrw    fcsr, sp
core   0: 3 0x0000000080004b8c (0x00311073) c1_fflags 0x0000000000000000 c2_frm 0x0000000000000000
core   0: 0x0000000080004b90 (0xa3ef9fd3) flt.d   t6, ft11, ft10
core   0: 3 0x0000000080004b90 (0xa3ef9fd3) x31 0x0000000000000001
core   0: 0x0000000080004b94 (0x003022f3) csrr    t0, fcsr
core   0: 3 0x0000000080004b94 (0x003022f3) x5  0x0000000000000000
core   0: 0x0000000080004b98 (0x55f0b823) sd      t6, 1360(ra)
core   0: 3 0x0000000080004b98 (0x55f0b823) mem 0x0000000080010818 0x0000000000000001
core   0: 0x0000000080004b9c (0x5450bc23) sd      t0, 1368(ra)
core   0: 3 0x0000000080004b9c (0x5450bc23) mem 0x0000000080010820 0x0000000000000000
core   0: >>>>  inst_369
core   0: 0x0000000080004ba0 (0x00100113) li      sp, 1
core   0: 3 0x0000000080004ba0 (0x00100113) x2  0x0000000000000001
core   0: 0x0000000080004ba4 (0x00c11113) slli    sp, sp, 12
core   0: 3 0x0000000080004ba4 (0x00c11113) x2  0x0000000000001000
core   0: 0x0000000080004ba8 (0x00220233) add     tp, tp, sp
core   0: 3 0x0000000080004ba8 (0x00220233) x4  0x000000008000b190
core   0: 0x0000000080004bac (0x59023f87) fld     ft11, 1424(tp)
core   0: 3 0x0000000080004bac (0x59023f87) f31 0x800fffffffffffff mem 0x000000008000b720
core   0: 0x0000000080004bb0 (0x40220233) sub     tp, tp, sp
core   0: 3 0x0000000080004bb0 (0x40220233) x4  0x000000008000a190
core   0: 0x0000000080004bb4 (0x00100113) li      sp, 1
core   0: 3 0x0000000080004bb4 (0x00100113) x2  0x0000000000000001
core   0: 0x0000000080004bb8 (0x00c11113) slli    sp, sp, 12
core   0: 3 0x0000000080004bb8 (0x00c11113) x2  0x0000000000001000
core   0: 0x0000000080004bbc (0x00220233) add     tp, tp, sp
core   0: 3 0x0000000080004bbc (0x00220233) x4  0x000000008000b190
core   0: 0x0000000080004bc0 (0x59823f07) fld     ft10, 1432(tp)
core   0: 3 0x0000000080004bc0 (0x59823f07) f30 0x7ff0000000000001 mem 0x000000008000b728
core   0: 0x0000000080004bc4 (0x40220233) sub     tp, tp, sp
core   0: 3 0x0000000080004bc4 (0x40220233) x4  0x000000008000a190
core   0: 0x0000000080004bc8 (0x00000113) li      sp, 0
core   0: 3 0x0000000080004bc8 (0x00000113) x2  0x0000000000000000
core   0: 0x0000000080004bcc (0x00311073) csrw    fcsr, sp
core   0: 3 0x0000000080004bcc (0x00311073) c1_fflags 0x0000000000000000 c2_frm 0x0000000000000000
core   0: 0x0000000080004bd0 (0xa3ef9fd3) flt.d   t6, ft11, ft10
core   0: 3 0x0000000080004bd0 (0xa3ef9fd3) c1_fflags 0x0000000000000010 x31 0x0000000000000000
core   0: 0x0000000080004bd4 (0x003022f3) csrr    t0, fcsr
core   0: 3 0x0000000080004bd4 (0x003022f3) x5  0x0000000000000010
core   0: 0x0000000080004bd8 (0x57f0b023) sd      t6, 1376(ra)
core   0: 3 0x0000000080004bd8 (0x57f0b023) mem 0x0000000080010828 0x0000000000000000
core   0: 0x0000000080004bdc (0x5650b423) sd      t0, 1384(ra)
core   0: 3 0x0000000080004bdc (0x5650b423) mem 0x0000000080010830 0x0000000000000010
core   0: >>>>  inst_370
core   0: 0x0000000080004be0 (0x00100113) li      sp, 1
core   0: 3 0x0000000080004be0 (0x00100113) x2  0x0000000000000001
core   0: 0x0000000080004be4 (0x00c11113) slli    sp, sp, 12
core   0: 3 0x0000000080004be4 (0x00c11113) x2  0x0000000000001000
core   0: 0x0000000080004be8 (0x00220233) add     tp, tp, sp
core   0: 3 0x0000000080004be8 (0x00220233) x4  0x000000008000b190
core   0: 0x0000000080004bec (0x5a023f87) fld     ft11, 1440(tp)
core   0: 3 0x0000000080004bec (0x5a023f87) f31 0x800fffffffffffff mem 0x000000008000b730
core   0: 0x0000000080004bf0 (0x40220233) sub     tp, tp, sp
core   0: 3 0x0000000080004bf0 (0x40220233) x4  0x000000008000a190
core   0: 0x0000000080004bf4 (0x00100113) li      sp, 1
core   0: 3 0x0000000080004bf4 (0x00100113) x2  0x0000000000000001
core   0: 0x0000000080004bf8 (0x00c11113) slli    sp, sp, 12
core   0: 3 0x0000000080004bf8 (0x00c11113) x2  0x0000000000001000
core   0: 0x0000000080004bfc (0x00220233) add     tp, tp, sp
core   0: 3 0x0000000080004bfc (0x00220233) x4  0x000000008000b190
core   0: 0x0000000080004c00 (0x5a823f07) fld     ft10, 1448(tp)
core   0: 3 0x0000000080004c00 (0x5a823f07) f30 0x7ff8000000000000 mem 0x000000008000b738
core   0: 0x0000000080004c04 (0x40220233) sub     tp, tp, sp
core   0: 3 0x0000000080004c04 (0x40220233) x4  0x000000008000a190
core   0: 0x0000000080004c08 (0x00000113) li      sp, 0
core   0: 3 0x0000000080004c08 (0x00000113) x2  0x0000000000000000
core   0: 0x0000000080004c0c (0x00311073) csrw    fcsr, sp
core   0: 3 0x0000000080004c0c (0x00311073) c1_fflags 0x0000000000000000 c2_frm 0x0000000000000000
core   0: 0x0000000080004c10 (0xa3ef9fd3) flt.d   t6, ft11, ft10
core   0: 3 0x0000000080004c10 (0xa3ef9fd3) c1_fflags 0x0000000000000010 x31 0x0000000000000000
core   0: 0x0000000080004c14 (0x003022f3) csrr    t0, fcsr
core   0: 3 0x0000000080004c14 (0x003022f3) x5  0x0000000000000010
core   0: 0x0000000080004c18 (0x57f0b823) sd      t6, 1392(ra)
core   0: 3 0x0000000080004c18 (0x57f0b823) mem 0x0000000080010838 0x0000000000000000
core   0: 0x0000000080004c1c (0x5650bc23) sd      t0, 1400(ra)
core   0: 3 0x0000000080004c1c (0x5650bc23) mem 0x0000000080010840 0x0000000000000010
core   0: >>>>  inst_371
core   0: 0x0000000080004c20 (0x00100113) li      sp, 1
core   0: 3 0x0000000080004c20 (0x00100113) x2  0x0000000000000001
core   0: 0x0000000080004c24 (0x00c11113) slli    sp, sp, 12
core   0: 3 0x0000000080004c24 (0x00c11113) x2  0x0000000000001000
core   0: 0x0000000080004c28 (0x00220233) add     tp, tp, sp
core   0: 3 0x0000000080004c28 (0x00220233) x4  0x000000008000b190
core   0: 0x0000000080004c2c (0x5b023f87) fld     ft11, 1456(tp)
core   0: 3 0x0000000080004c2c (0x5b023f87) f31 0x800fffffffffffff mem 0x000000008000b740
core   0: 0x0000000080004c30 (0x40220233) sub     tp, tp, sp
core   0: 3 0x0000000080004c30 (0x40220233) x4  0x000000008000a190
core   0: 0x0000000080004c34 (0x00100113) li      sp, 1
core   0: 3 0x0000000080004c34 (0x00100113) x2  0x0000000000000001
core   0: 0x0000000080004c38 (0x00c11113) slli    sp, sp, 12
core   0: 3 0x0000000080004c38 (0x00c11113) x2  0x0000000000001000
core   0: 0x0000000080004c3c (0x00220233) add     tp, tp, sp
core   0: 3 0x0000000080004c3c (0x00220233) x4  0x000000008000b190
core   0: 0x0000000080004c40 (0x5b823f07) fld     ft10, 1464(tp)
core   0: 3 0x0000000080004c40 (0x5b823f07) f30 0x7ff8000000000001 mem 0x000000008000b748
core   0: 0x0000000080004c44 (0x40220233) sub     tp, tp, sp
core   0: 3 0x0000000080004c44 (0x40220233) x4  0x000000008000a190
core   0: 0x0000000080004c48 (0x00000113) li      sp, 0
core   0: 3 0x0000000080004c48 (0x00000113) x2  0x0000000000000000
core   0: 0x0000000080004c4c (0x00311073) csrw    fcsr, sp
core   0: 3 0x0000000080004c4c (0x00311073) c1_fflags 0x0000000000000000 c2_frm 0x0000000000000000
core   0: 0x0000000080004c50 (0xa3ef9fd3) flt.d   t6, ft11, ft10
core   0: 3 0x0000000080004c50 (0xa3ef9fd3) c1_fflags 0x0000000000000010 x31 0x0000000000000000
core   0: 0x0000000080004c54 (0x003022f3) csrr    t0, fcsr
core   0: 3 0x0000000080004c54 (0x003022f3) x5  0x0000000000000010
core   0: 0x0000000080004c58 (0x59f0b023) sd      t6, 1408(ra)
core   0: 3 0x0000000080004c58 (0x59f0b023) mem 0x0000000080010848 0x0000000000000000
core   0: 0x0000000080004c5c (0x5850b423) sd      t0, 1416(ra)
core   0: 3 0x0000000080004c5c (0x5850b423) mem 0x0000000080010850 0x0000000000000010
core   0: >>>>  inst_372
core   0: 0x0000000080004c60 (0x00100113) li      sp, 1
core   0: 3 0x0000000080004c60 (0x00100113) x2  0x0000000000000001
core   0: 0x0000000080004c64 (0x00c11113) slli    sp, sp, 12
core   0: 3 0x0000000080004c64 (0x00c11113) x2  0x0000000000001000
core   0: 0x0000000080004c68 (0x00220233) add     tp, tp, sp
core   0: 3 0x0000000080004c68 (0x00220233) x4  0x000000008000b190
core   0: 0x0000000080004c6c (0x5c023f87) fld     ft11, 1472(tp)
core   0: 3 0x0000000080004c6c (0x5c023f87) f31 0x800fffffffffffff mem 0x000000008000b750
core   0: 0x0000000080004c70 (0x40220233) sub     tp, tp, sp
core   0: 3 0x0000000080004c70 (0x40220233) x4  0x000000008000a190
core   0: 0x0000000080004c74 (0x00100113) li      sp, 1
core   0: 3 0x0000000080004c74 (0x00100113) x2  0x0000000000000001
core   0: 0x0000000080004c78 (0x00c11113) slli    sp, sp, 12
core   0: 3 0x0000000080004c78 (0x00c11113) x2  0x0000000000001000
core   0: 0x0000000080004c7c (0x00220233) add     tp, tp, sp
core   0: 3 0x0000000080004c7c (0x00220233) x4  0x000000008000b190
core   0: 0x0000000080004c80 (0x5c823f07) fld     ft10, 1480(tp)
core   0: 3 0x0000000080004c80 (0x5c823f07) f30 0x8000000000000000 mem 0x000000008000b758
core   0: 0x0000000080004c84 (0x40220233) sub     tp, tp, sp
core   0: 3 0x0000000080004c84 (0x40220233) x4  0x000000008000a190
core   0: 0x0000000080004c88 (0x00000113) li      sp, 0
core   0: 3 0x0000000080004c88 (0x00000113) x2  0x0000000000000000
core   0: 0x0000000080004c8c (0x00311073) csrw    fcsr, sp
core   0: 3 0x0000000080004c8c (0x00311073) c1_fflags 0x0000000000000000 c2_frm 0x0000000000000000
core   0: 0x0000000080004c90 (0xa3ef9fd3) flt.d   t6, ft11, ft10
core   0: 3 0x0000000080004c90 (0xa3ef9fd3) x31 0x0000000000000001
core   0: 0x0000000080004c94 (0x003022f3) csrr    t0, fcsr
core   0: 3 0x0000000080004c94 (0x003022f3) x5  0x0000000000000000
core   0: 0x0000000080004c98 (0x59f0b823) sd      t6, 1424(ra)
core   0: 3 0x0000000080004c98 (0x59f0b823) mem 0x0000000080010858 0x0000000000000001
core   0: 0x0000000080004c9c (0x5850bc23) sd      t0, 1432(ra)
core   0: 3 0x0000000080004c9c (0x5850bc23) mem 0x0000000080010860 0x0000000000000000
core   0: >>>>  inst_373
core   0: 0x0000000080004ca0 (0x00100113) li      sp, 1
core   0: 3 0x0000000080004ca0 (0x00100113) x2  0x0000000000000001
core   0: 0x0000000080004ca4 (0x00c11113) slli    sp, sp, 12
core   0: 3 0x0000000080004ca4 (0x00c11113) x2  0x0000000000001000
core   0: 0x0000000080004ca8 (0x00220233) add     tp, tp, sp
core   0: 3 0x0000000080004ca8 (0x00220233) x4  0x000000008000b190
core   0: 0x0000000080004cac (0x5d023f87) fld     ft11, 1488(tp)
core   0: 3 0x0000000080004cac (0x5d023f87) f31 0x800fffffffffffff mem 0x000000008000b760
core   0: 0x0000000080004cb0 (0x40220233) sub     tp, tp, sp
core   0: 3 0x0000000080004cb0 (0x40220233) x4  0x000000008000a190
core   0: 0x0000000080004cb4 (0x00100113) li      sp, 1
core   0: 3 0x0000000080004cb4 (0x00100113) x2  0x0000000000000001
core   0: 0x0000000080004cb8 (0x00c11113) slli    sp, sp, 12
core   0: 3 0x0000000080004cb8 (0x00c11113) x2  0x0000000000001000
core   0: 0x0000000080004cbc (0x00220233) add     tp, tp, sp
core   0: 3 0x0000000080004cbc (0x00220233) x4  0x000000008000b190
core   0: 0x0000000080004cc0 (0x5d823f07) fld     ft10, 1496(tp)
core   0: 3 0x0000000080004cc0 (0x5d823f07) f30 0x8000000000000001 mem 0x000000008000b768
core   0: 0x0000000080004cc4 (0x40220233) sub     tp, tp, sp
core   0: 3 0x0000000080004cc4 (0x40220233) x4  0x000000008000a190
core   0: 0x0000000080004cc8 (0x00000113) li      sp, 0
core   0: 3 0x0000000080004cc8 (0x00000113) x2  0x0000000000000000
core   0: 0x0000000080004ccc (0x00311073) csrw    fcsr, sp
core   0: 3 0x0000000080004ccc (0x00311073) c1_fflags 0x0000000000000000 c2_frm 0x0000000000000000
core   0: 0x0000000080004cd0 (0xa3ef9fd3) flt.d   t6, ft11, ft10
core   0: 3 0x0000000080004cd0 (0xa3ef9fd3) x31 0x0000000000000001
core   0: 0x0000000080004cd4 (0x003022f3) csrr    t0, fcsr
core   0: 3 0x0000000080004cd4 (0x003022f3) x5  0x0000000000000000
core   0: 0x0000000080004cd8 (0x5bf0b023) sd      t6, 1440(ra)
core   0: 3 0x0000000080004cd8 (0x5bf0b023) mem 0x0000000080010868 0x0000000000000001
core   0: 0x0000000080004cdc (0x5a50b423) sd      t0, 1448(ra)
core   0: 3 0x0000000080004cdc (0x5a50b423) mem 0x0000000080010870 0x0000000000000000
core   0: >>>>  inst_374
core   0: 0x0000000080004ce0 (0x00100113) li      sp, 1
core   0: 3 0x0000000080004ce0 (0x00100113) x2  0x0000000000000001
core   0: 0x0000000080004ce4 (0x00c11113) slli    sp, sp, 12
core   0: 3 0x0000000080004ce4 (0x00c11113) x2  0x0000000000001000
core   0: 0x0000000080004ce8 (0x00220233) add     tp, tp, sp
core   0: 3 0x0000000080004ce8 (0x00220233) x4  0x000000008000b190
core   0: 0x0000000080004cec (0x5e023f87) fld     ft11, 1504(tp)
core   0: 3 0x0000000080004cec (0x5e023f87) f31 0x800fffffffffffff mem 0x000000008000b770
core   0: 0x0000000080004cf0 (0x40220233) sub     tp, tp, sp
core   0: 3 0x0000000080004cf0 (0x40220233) x4  0x000000008000a190
core   0: 0x0000000080004cf4 (0x00100113) li      sp, 1
core   0: 3 0x0000000080004cf4 (0x00100113) x2  0x0000000000000001
core   0: 0x0000000080004cf8 (0x00c11113) slli    sp, sp, 12
core   0: 3 0x0000000080004cf8 (0x00c11113) x2  0x0000000000001000
core   0: 0x0000000080004cfc (0x00220233) add     tp, tp, sp
core   0: 3 0x0000000080004cfc (0x00220233) x4  0x000000008000b190
core   0: 0x0000000080004d00 (0x5e823f07) fld     ft10, 1512(tp)
core   0: 3 0x0000000080004d00 (0x5e823f07) f30 0x8000000000000002 mem 0x000000008000b778
core   0: 0x0000000080004d04 (0x40220233) sub     tp, tp, sp
core   0: 3 0x0000000080004d04 (0x40220233) x4  0x000000008000a190
core   0: 0x0000000080004d08 (0x00000113) li      sp, 0
core   0: 3 0x0000000080004d08 (0x00000113) x2  0x0000000000000000
core   0: 0x0000000080004d0c (0x00311073) csrw    fcsr, sp
core   0: 3 0x0000000080004d0c (0x00311073) c1_fflags 0x0000000000000000 c2_frm 0x0000000000000000
core   0: 0x0000000080004d10 (0xa3ef9fd3) flt.d   t6, ft11, ft10
core   0: 3 0x0000000080004d10 (0xa3ef9fd3) x31 0x0000000000000001
core   0: 0x0000000080004d14 (0x003022f3) csrr    t0, fcsr
core   0: 3 0x0000000080004d14 (0x003022f3) x5  0x0000000000000000
core   0: 0x0000000080004d18 (0x5bf0b823) sd      t6, 1456(ra)
core   0: 3 0x0000000080004d18 (0x5bf0b823) mem 0x0000000080010878 0x0000000000000001
core   0: 0x0000000080004d1c (0x5a50bc23) sd      t0, 1464(ra)
core   0: 3 0x0000000080004d1c (0x5a50bc23) mem 0x0000000080010880 0x0000000000000000
core   0: >>>>  inst_375
core   0: 0x0000000080004d20 (0x00100113) li      sp, 1
core   0: 3 0x0000000080004d20 (0x00100113) x2  0x0000000000000001
core   0: 0x0000000080004d24 (0x00c11113) slli    sp, sp, 12
core   0: 3 0x0000000080004d24 (0x00c11113) x2  0x0000000000001000
core   0: 0x0000000080004d28 (0x00220233) add     tp, tp, sp
core   0: 3 0x0000000080004d28 (0x00220233) x4  0x000000008000b190
core   0: 0x0000000080004d2c (0x5f023f87) fld     ft11, 1520(tp)
core   0: 3 0x0000000080004d2c (0x5f023f87) f31 0x800fffffffffffff mem 0x000000008000b780
core   0: 0x0000000080004d30 (0x40220233) sub     tp, tp, sp
core   0: 3 0x0000000080004d30 (0x40220233) x4  0x000000008000a190
core   0: 0x0000000080004d34 (0x00100113) li      sp, 1
core   0: 3 0x0000000080004d34 (0x00100113) x2  0x0000000000000001
core   0: 0x0000000080004d38 (0x00c11113) slli    sp, sp, 12
core   0: 3 0x0000000080004d38 (0x00c11113) x2  0x0000000000001000
core   0: 0x0000000080004d3c (0x00220233) add     tp, tp, sp
core   0: 3 0x0000000080004d3c (0x00220233) x4  0x000000008000b190
core   0: 0x0000000080004d40 (0x5f823f07) fld     ft10, 1528(tp)
core   0: 3 0x0000000080004d40 (0x5f823f07) f30 0x800fffffffffffff mem 0x000000008000b788
core   0: 0x0000000080004d44 (0x40220233) sub     tp, tp, sp
core   0: 3 0x0000000080004d44 (0x40220233) x4  0x000000008000a190
core   0: 0x0000000080004d48 (0x00000113) li      sp, 0
core   0: 3 0x0000000080004d48 (0x00000113) x2  0x0000000000000000
core   0: 0x0000000080004d4c (0x00311073) csrw    fcsr, sp
core   0: 3 0x0000000080004d4c (0x00311073) c1_fflags 0x0000000000000000 c2_frm 0x0000000000000000
core   0: 0x0000000080004d50 (0xa3ef9fd3) flt.d   t6, ft11, ft10
core   0: 3 0x0000000080004d50 (0xa3ef9fd3) x31 0x0000000000000000
core   0: 0x0000000080004d54 (0x003022f3) csrr    t0, fcsr
core   0: 3 0x0000000080004d54 (0x003022f3) x5  0x0000000000000000
core   0: 0x0000000080004d58 (0x5df0b023) sd      t6, 1472(ra)
core   0: 3 0x0000000080004d58 (0x5df0b023) mem 0x0000000080010888 0x0000000000000000
core   0: 0x0000000080004d5c (0x5c50b423) sd      t0, 1480(ra)
core   0: 3 0x0000000080004d5c (0x5c50b423) mem 0x0000000080010890 0x0000000000000000
core   0: >>>>  inst_376
core   0: 0x0000000080004d60 (0x00100113) li      sp, 1
core   0: 3 0x0000000080004d60 (0x00100113) x2  0x0000000000000001
core   0: 0x0000000080004d64 (0x00c11113) slli    sp, sp, 12
core   0: 3 0x0000000080004d64 (0x00c11113) x2  0x0000000000001000
core   0: 0x0000000080004d68 (0x00220233) add     tp, tp, sp
core   0: 3 0x0000000080004d68 (0x00220233) x4  0x000000008000b190
core   0: 0x0000000080004d6c (0x60023f87) fld     ft11, 1536(tp)
core   0: 3 0x0000000080004d6c (0x60023f87) f31 0x800fffffffffffff mem 0x000000008000b790
core   0: 0x0000000080004d70 (0x40220233) sub     tp, tp, sp
core   0: 3 0x0000000080004d70 (0x40220233) x4  0x000000008000a190
core   0: 0x0000000080004d74 (0x00100113) li      sp, 1
core   0: 3 0x0000000080004d74 (0x00100113) x2  0x0000000000000001
core   0: 0x0000000080004d78 (0x00c11113) slli    sp, sp, 12
core   0: 3 0x0000000080004d78 (0x00c11113) x2  0x0000000000001000
core   0: 0x0000000080004d7c (0x00220233) add     tp, tp, sp
core   0: 3 0x0000000080004d7c (0x00220233) x4  0x000000008000b190
core   0: 0x0000000080004d80 (0x60823f07) fld     ft10, 1544(tp)
core   0: 3 0x0000000080004d80 (0x60823f07) f30 0x8010000000000000 mem 0x000000008000b798
core   0: 0x0000000080004d84 (0x40220233) sub     tp, tp, sp
core   0: 3 0x0000000080004d84 (0x40220233) x4  0x000000008000a190
core   0: 0x0000000080004d88 (0x00000113) li      sp, 0
core   0: 3 0x0000000080004d88 (0x00000113) x2  0x0000000000000000
core   0: 0x0000000080004d8c (0x00311073) csrw    fcsr, sp
core   0: 3 0x0000000080004d8c (0x00311073) c1_fflags 0x0000000000000000 c2_frm 0x0000000000000000
core   0: 0x0000000080004d90 (0xa3ef9fd3) flt.d   t6, ft11, ft10
core   0: 3 0x0000000080004d90 (0xa3ef9fd3) x31 0x0000000000000000
core   0: 0x0000000080004d94 (0x003022f3) csrr    t0, fcsr
core   0: 3 0x0000000080004d94 (0x003022f3) x5  0x0000000000000000
core   0: 0x0000000080004d98 (0x5df0b823) sd      t6, 1488(ra)
core   0: 3 0x0000000080004d98 (0x5df0b823) mem 0x0000000080010898 0x0000000000000000
core   0: 0x0000000080004d9c (0x5c50bc23) sd      t0, 1496(ra)
core   0: 3 0x0000000080004d9c (0x5c50bc23) mem 0x00000000800108a0 0x0000000000000000
core   0: >>>>  inst_377
core   0: 0x0000000080004da0 (0x00100113) li      sp, 1
core   0: 3 0x0000000080004da0 (0x00100113) x2  0x0000000000000001
core   0: 0x0000000080004da4 (0x00c11113) slli    sp, sp, 12
core   0: 3 0x0000000080004da4 (0x00c11113) x2  0x0000000000001000
core   0: 0x0000000080004da8 (0x00220233) add     tp, tp, sp
core   0: 3 0x0000000080004da8 (0x00220233) x4  0x000000008000b190
core   0: 0x0000000080004dac (0x61023f87) fld     ft11, 1552(tp)
core   0: 3 0x0000000080004dac (0x61023f87) f31 0x800fffffffffffff mem 0x000000008000b7a0
core   0: 0x0000000080004db0 (0x40220233) sub     tp, tp, sp
core   0: 3 0x0000000080004db0 (0x40220233) x4  0x000000008000a190
core   0: 0x0000000080004db4 (0x00100113) li      sp, 1
core   0: 3 0x0000000080004db4 (0x00100113) x2  0x0000000000000001
core   0: 0x0000000080004db8 (0x00c11113) slli    sp, sp, 12
core   0: 3 0x0000000080004db8 (0x00c11113) x2  0x0000000000001000
core   0: 0x0000000080004dbc (0x00220233) add     tp, tp, sp
core   0: 3 0x0000000080004dbc (0x00220233) x4  0x000000008000b190
core   0: 0x0000000080004dc0 (0x61823f07) fld     ft10, 1560(tp)
core   0: 3 0x0000000080004dc0 (0x61823f07) f30 0x8010000000000002 mem 0x000000008000b7a8
core   0: 0x0000000080004dc4 (0x40220233) sub     tp, tp, sp
core   0: 3 0x0000000080004dc4 (0x40220233) x4  0x000000008000a190
core   0: 0x0000000080004dc8 (0x00000113) li      sp, 0
core   0: 3 0x0000000080004dc8 (0x00000113) x2  0x0000000000000000
core   0: 0x0000000080004dcc (0x00311073) csrw    fcsr, sp
core   0: 3 0x0000000080004dcc (0x00311073) c1_fflags 0x0000000000000000 c2_frm 0x0000000000000000
core   0: 0x0000000080004dd0 (0xa3ef9fd3) flt.d   t6, ft11, ft10
core   0: 3 0x0000000080004dd0 (0xa3ef9fd3) x31 0x0000000000000000
core   0: 0x0000000080004dd4 (0x003022f3) csrr    t0, fcsr
core   0: 3 0x0000000080004dd4 (0x003022f3) x5  0x0000000000000000
core   0: 0x0000000080004dd8 (0x5ff0b023) sd      t6, 1504(ra)
core   0: 3 0x0000000080004dd8 (0x5ff0b023) mem 0x00000000800108a8 0x0000000000000000
core   0: 0x0000000080004ddc (0x5e50b423) sd      t0, 1512(ra)
core   0: 3 0x0000000080004ddc (0x5e50b423) mem 0x00000000800108b0 0x0000000000000000
core   0: >>>>  inst_378
core   0: 0x0000000080004de0 (0x00100113) li      sp, 1
core   0: 3 0x0000000080004de0 (0x00100113) x2  0x0000000000000001
core   0: 0x0000000080004de4 (0x00c11113) slli    sp, sp, 12
core   0: 3 0x0000000080004de4 (0x00c11113) x2  0x0000000000001000
core   0: 0x0000000080004de8 (0x00220233) add     tp, tp, sp
core   0: 3 0x0000000080004de8 (0x00220233) x4  0x000000008000b190
core   0: 0x0000000080004dec (0x62023f87) fld     ft11, 1568(tp)
core   0: 3 0x0000000080004dec (0x62023f87) f31 0x800fffffffffffff mem 0x000000008000b7b0
core   0: 0x0000000080004df0 (0x40220233) sub     tp, tp, sp
core   0: 3 0x0000000080004df0 (0x40220233) x4  0x000000008000a190
core   0: 0x0000000080004df4 (0x00100113) li      sp, 1
core   0: 3 0x0000000080004df4 (0x00100113) x2  0x0000000000000001
core   0: 0x0000000080004df8 (0x00c11113) slli    sp, sp, 12
core   0: 3 0x0000000080004df8 (0x00c11113) x2  0x0000000000001000
core   0: 0x0000000080004dfc (0x00220233) add     tp, tp, sp
core   0: 3 0x0000000080004dfc (0x00220233) x4  0x000000008000b190
core   0: 0x0000000080004e00 (0x62823f07) fld     ft10, 1576(tp)
core   0: 3 0x0000000080004e00 (0x62823f07) f30 0xbf80000000000000 mem 0x000000008000b7b8
core   0: 0x0000000080004e04 (0x40220233) sub     tp, tp, sp
core   0: 3 0x0000000080004e04 (0x40220233) x4  0x000000008000a190
core   0: 0x0000000080004e08 (0x00000113) li      sp, 0
core   0: 3 0x0000000080004e08 (0x00000113) x2  0x0000000000000000
core   0: 0x0000000080004e0c (0x00311073) csrw    fcsr, sp
core   0: 3 0x0000000080004e0c (0x00311073) c1_fflags 0x0000000000000000 c2_frm 0x0000000000000000
core   0: 0x0000000080004e10 (0xa3ef9fd3) flt.d   t6, ft11, ft10
core   0: 3 0x0000000080004e10 (0xa3ef9fd3) x31 0x0000000000000000
core   0: 0x0000000080004e14 (0x003022f3) csrr    t0, fcsr
core   0: 3 0x0000000080004e14 (0x003022f3) x5  0x0000000000000000
core   0: 0x0000000080004e18 (0x5ff0b823) sd      t6, 1520(ra)
core   0: 3 0x0000000080004e18 (0x5ff0b823) mem 0x00000000800108b8 0x0000000000000000
core   0: 0x0000000080004e1c (0x5e50bc23) sd      t0, 1528(ra)
core   0: 3 0x0000000080004e1c (0x5e50bc23) mem 0x00000000800108c0 0x0000000000000000
core   0: >>>>  inst_379
core   0: 0x0000000080004e20 (0x00100113) li      sp, 1
core   0: 3 0x0000000080004e20 (0x00100113) x2  0x0000000000000001
core   0: 0x0000000080004e24 (0x00c11113) slli    sp, sp, 12
core   0: 3 0x0000000080004e24 (0x00c11113) x2  0x0000000000001000
core   0: 0x0000000080004e28 (0x00220233) add     tp, tp, sp
core   0: 3 0x0000000080004e28 (0x00220233) x4  0x000000008000b190
core   0: 0x0000000080004e2c (0x63023f87) fld     ft11, 1584(tp)
core   0: 3 0x0000000080004e2c (0x63023f87) f31 0x800fffffffffffff mem 0x000000008000b7c0
core   0: 0x0000000080004e30 (0x40220233) sub     tp, tp, sp
core   0: 3 0x0000000080004e30 (0x40220233) x4  0x000000008000a190
core   0: 0x0000000080004e34 (0x00100113) li      sp, 1
core   0: 3 0x0000000080004e34 (0x00100113) x2  0x0000000000000001
core   0: 0x0000000080004e38 (0x00c11113) slli    sp, sp, 12
core   0: 3 0x0000000080004e38 (0x00c11113) x2  0x0000000000001000
core   0: 0x0000000080004e3c (0x00220233) add     tp, tp, sp
core   0: 3 0x0000000080004e3c (0x00220233) x4  0x000000008000b190
core   0: 0x0000000080004e40 (0x63823f07) fld     ft10, 1592(tp)
core   0: 3 0x0000000080004e40 (0x63823f07) f30 0xffefffffffffffff mem 0x000000008000b7c8
core   0: 0x0000000080004e44 (0x40220233) sub     tp, tp, sp
core   0: 3 0x0000000080004e44 (0x40220233) x4  0x000000008000a190
core   0: 0x0000000080004e48 (0x00000113) li      sp, 0
core   0: 3 0x0000000080004e48 (0x00000113) x2  0x0000000000000000
core   0: 0x0000000080004e4c (0x00311073) csrw    fcsr, sp
core   0: 3 0x0000000080004e4c (0x00311073) c1_fflags 0x0000000000000000 c2_frm 0x0000000000000000
core   0: 0x0000000080004e50 (0xa3ef9fd3) flt.d   t6, ft11, ft10
core   0: 3 0x0000000080004e50 (0xa3ef9fd3) x31 0x0000000000000000
core   0: 0x0000000080004e54 (0x003022f3) csrr    t0, fcsr
core   0: 3 0x0000000080004e54 (0x003022f3) x5  0x0000000000000000
core   0: 0x0000000080004e58 (0x61f0b023) sd      t6, 1536(ra)
core   0: 3 0x0000000080004e58 (0x61f0b023) mem 0x00000000800108c8 0x0000000000000000
core   0: 0x0000000080004e5c (0x6050b423) sd      t0, 1544(ra)
core   0: 3 0x0000000080004e5c (0x6050b423) mem 0x00000000800108d0 0x0000000000000000
core   0: >>>>  inst_380
core   0: 0x0000000080004e60 (0x00100113) li      sp, 1
core   0: 3 0x0000000080004e60 (0x00100113) x2  0x0000000000000001
core   0: 0x0000000080004e64 (0x00c11113) slli    sp, sp, 12
core   0: 3 0x0000000080004e64 (0x00c11113) x2  0x0000000000001000
core   0: 0x0000000080004e68 (0x00220233) add     tp, tp, sp
core   0: 3 0x0000000080004e68 (0x00220233) x4  0x000000008000b190
core   0: 0x0000000080004e6c (0x64023f87) fld     ft11, 1600(tp)
core   0: 3 0x0000000080004e6c (0x64023f87) f31 0x800fffffffffffff mem 0x000000008000b7d0
core   0: 0x0000000080004e70 (0x40220233) sub     tp, tp, sp
core   0: 3 0x0000000080004e70 (0x40220233) x4  0x000000008000a190
core   0: 0x0000000080004e74 (0x00100113) li      sp, 1
core   0: 3 0x0000000080004e74 (0x00100113) x2  0x0000000000000001
core   0: 0x0000000080004e78 (0x00c11113) slli    sp, sp, 12
core   0: 3 0x0000000080004e78 (0x00c11113) x2  0x0000000000001000
core   0: 0x0000000080004e7c (0x00220233) add     tp, tp, sp
core   0: 3 0x0000000080004e7c (0x00220233) x4  0x000000008000b190
core   0: 0x0000000080004e80 (0x64823f07) fld     ft10, 1608(tp)
core   0: 3 0x0000000080004e80 (0x64823f07) f30 0xfff0000000000000 mem 0x000000008000b7d8
core   0: 0x0000000080004e84 (0x40220233) sub     tp, tp, sp
core   0: 3 0x0000000080004e84 (0x40220233) x4  0x000000008000a190
core   0: 0x0000000080004e88 (0x00000113) li      sp, 0
core   0: 3 0x0000000080004e88 (0x00000113) x2  0x0000000000000000
core   0: 0x0000000080004e8c (0x00311073) csrw    fcsr, sp
core   0: 3 0x0000000080004e8c (0x00311073) c1_fflags 0x0000000000000000 c2_frm 0x0000000000000000
core   0: 0x0000000080004e90 (0xa3ef9fd3) flt.d   t6, ft11, ft10
core   0: 3 0x0000000080004e90 (0xa3ef9fd3) x31 0x0000000000000000
core   0: 0x0000000080004e94 (0x003022f3) csrr    t0, fcsr
core   0: 3 0x0000000080004e94 (0x003022f3) x5  0x0000000000000000
core   0: 0x0000000080004e98 (0x61f0b823) sd      t6, 1552(ra)
core   0: 3 0x0000000080004e98 (0x61f0b823) mem 0x00000000800108d8 0x0000000000000000
core   0: 0x0000000080004e9c (0x6050bc23) sd      t0, 1560(ra)
core   0: 3 0x0000000080004e9c (0x6050bc23) mem 0x00000000800108e0 0x0000000000000000
core   0: >>>>  inst_381
core   0: 0x0000000080004ea0 (0x00100113) li      sp, 1
core   0: 3 0x0000000080004ea0 (0x00100113) x2  0x0000000000000001
core   0: 0x0000000080004ea4 (0x00c11113) slli    sp, sp, 12
core   0: 3 0x0000000080004ea4 (0x00c11113) x2  0x0000000000001000
core   0: 0x0000000080004ea8 (0x00220233) add     tp, tp, sp
core   0: 3 0x0000000080004ea8 (0x00220233) x4  0x000000008000b190
core   0: 0x0000000080004eac (0x65023f87) fld     ft11, 1616(tp)
core   0: 3 0x0000000080004eac (0x65023f87) f31 0x800fffffffffffff mem 0x000000008000b7e0
core   0: 0x0000000080004eb0 (0x40220233) sub     tp, tp, sp
core   0: 3 0x0000000080004eb0 (0x40220233) x4  0x000000008000a190
core   0: 0x0000000080004eb4 (0x00100113) li      sp, 1
core   0: 3 0x0000000080004eb4 (0x00100113) x2  0x0000000000000001
core   0: 0x0000000080004eb8 (0x00c11113) slli    sp, sp, 12
core   0: 3 0x0000000080004eb8 (0x00c11113) x2  0x0000000000001000
core   0: 0x0000000080004ebc (0x00220233) add     tp, tp, sp
core   0: 3 0x0000000080004ebc (0x00220233) x4  0x000000008000b190
core   0: 0x0000000080004ec0 (0x65823f07) fld     ft10, 1624(tp)
core   0: 3 0x0000000080004ec0 (0x65823f07) f30 0xfff0000000000001 mem 0x000000008000b7e8
core   0: 0x0000000080004ec4 (0x40220233) sub     tp, tp, sp
core   0: 3 0x0000000080004ec4 (0x40220233) x4  0x000000008000a190
core   0: 0x0000000080004ec8 (0x00000113) li      sp, 0
core   0: 3 0x0000000080004ec8 (0x00000113) x2  0x0000000000000000
core   0: 0x0000000080004ecc (0x00311073) csrw    fcsr, sp
core   0: 3 0x0000000080004ecc (0x00311073) c1_fflags 0x0000000000000000 c2_frm 0x0000000000000000
core   0: 0x0000000080004ed0 (0xa3ef9fd3) flt.d   t6, ft11, ft10
core   0: 3 0x0000000080004ed0 (0xa3ef9fd3) c1_fflags 0x0000000000000010 x31 0x0000000000000000
core   0: 0x0000000080004ed4 (0x003022f3) csrr    t0, fcsr
core   0: 3 0x0000000080004ed4 (0x003022f3) x5  0x0000000000000010
core   0: 0x0000000080004ed8 (0x63f0b023) sd      t6, 1568(ra)
core   0: 3 0x0000000080004ed8 (0x63f0b023) mem 0x00000000800108e8 0x0000000000000000
core   0: 0x0000000080004edc (0x6250b423) sd      t0, 1576(ra)
core   0: 3 0x0000000080004edc (0x6250b423) mem 0x00000000800108f0 0x0000000000000010
core   0: >>>>  inst_382
core   0: 0x0000000080004ee0 (0x00100113) li      sp, 1
core   0: 3 0x0000000080004ee0 (0x00100113) x2  0x0000000000000001
core   0: 0x0000000080004ee4 (0x00c11113) slli    sp, sp, 12
core   0: 3 0x0000000080004ee4 (0x00c11113) x2  0x0000000000001000
core   0: 0x0000000080004ee8 (0x00220233) add     tp, tp, sp
core   0: 3 0x0000000080004ee8 (0x00220233) x4  0x000000008000b190
core   0: 0x0000000080004eec (0x66023f87) fld     ft11, 1632(tp)
core   0: 3 0x0000000080004eec (0x66023f87) f31 0x800fffffffffffff mem 0x000000008000b7f0
core   0: 0x0000000080004ef0 (0x40220233) sub     tp, tp, sp
core   0: 3 0x0000000080004ef0 (0x40220233) x4  0x000000008000a190
core   0: 0x0000000080004ef4 (0x00100113) li      sp, 1
core   0: 3 0x0000000080004ef4 (0x00100113) x2  0x0000000000000001
core   0: 0x0000000080004ef8 (0x00c11113) slli    sp, sp, 12
core   0: 3 0x0000000080004ef8 (0x00c11113) x2  0x0000000000001000
core   0: 0x0000000080004efc (0x00220233) add     tp, tp, sp
core   0: 3 0x0000000080004efc (0x00220233) x4  0x000000008000b190
core   0: 0x0000000080004f00 (0x66823f07) fld     ft10, 1640(tp)
core   0: 3 0x0000000080004f00 (0x66823f07) f30 0xfff8000000000000 mem 0x000000008000b7f8
core   0: 0x0000000080004f04 (0x40220233) sub     tp, tp, sp
core   0: 3 0x0000000080004f04 (0x40220233) x4  0x000000008000a190
core   0: 0x0000000080004f08 (0x00000113) li      sp, 0
core   0: 3 0x0000000080004f08 (0x00000113) x2  0x0000000000000000
core   0: 0x0000000080004f0c (0x00311073) csrw    fcsr, sp
core   0: 3 0x0000000080004f0c (0x00311073) c1_fflags 0x0000000000000000 c2_frm 0x0000000000000000
core   0: 0x0000000080004f10 (0xa3ef9fd3) flt.d   t6, ft11, ft10
core   0: 3 0x0000000080004f10 (0xa3ef9fd3) c1_fflags 0x0000000000000010 x31 0x0000000000000000
core   0: 0x0000000080004f14 (0x003022f3) csrr    t0, fcsr
core   0: 3 0x0000000080004f14 (0x003022f3) x5  0x0000000000000010
core   0: 0x0000000080004f18 (0x63f0b823) sd      t6, 1584(ra)
core   0: 3 0x0000000080004f18 (0x63f0b823) mem 0x00000000800108f8 0x0000000000000000
core   0: 0x0000000080004f1c (0x6250bc23) sd      t0, 1592(ra)
core   0: 3 0x0000000080004f1c (0x6250bc23) mem 0x0000000080010900 0x0000000000000010
core   0: >>>>  inst_383
core   0: 0x0000000080004f20 (0x00100113) li      sp, 1
core   0: 3 0x0000000080004f20 (0x00100113) x2  0x0000000000000001
core   0: 0x0000000080004f24 (0x00c11113) slli    sp, sp, 12
core   0: 3 0x0000000080004f24 (0x00c11113) x2  0x0000000000001000
core   0: 0x0000000080004f28 (0x00220233) add     tp, tp, sp
core   0: 3 0x0000000080004f28 (0x00220233) x4  0x000000008000b190
core   0: 0x0000000080004f2c (0x67023f87) fld     ft11, 1648(tp)
core   0: 3 0x0000000080004f2c (0x67023f87) f31 0x800fffffffffffff mem 0x000000008000b800
core   0: 0x0000000080004f30 (0x40220233) sub     tp, tp, sp
core   0: 3 0x0000000080004f30 (0x40220233) x4  0x000000008000a190
core   0: 0x0000000080004f34 (0x00100113) li      sp, 1
core   0: 3 0x0000000080004f34 (0x00100113) x2  0x0000000000000001
core   0: 0x0000000080004f38 (0x00c11113) slli    sp, sp, 12
core   0: 3 0x0000000080004f38 (0x00c11113) x2  0x0000000000001000
core   0: 0x0000000080004f3c (0x00220233) add     tp, tp, sp
core   0: 3 0x0000000080004f3c (0x00220233) x4  0x000000008000b190
core   0: 0x0000000080004f40 (0x67823f07) fld     ft10, 1656(tp)
core   0: 3 0x0000000080004f40 (0x67823f07) f30 0xfff8000000000001 mem 0x000000008000b808
core   0: 0x0000000080004f44 (0x40220233) sub     tp, tp, sp
core   0: 3 0x0000000080004f44 (0x40220233) x4  0x000000008000a190
core   0: 0x0000000080004f48 (0x00000113) li      sp, 0
core   0: 3 0x0000000080004f48 (0x00000113) x2  0x0000000000000000
core   0: 0x0000000080004f4c (0x00311073) csrw    fcsr, sp
core   0: 3 0x0000000080004f4c (0x00311073) c1_fflags 0x0000000000000000 c2_frm 0x0000000000000000
core   0: 0x0000000080004f50 (0xa3ef9fd3) flt.d   t6, ft11, ft10
core   0: 3 0x0000000080004f50 (0xa3ef9fd3) c1_fflags 0x0000000000000010 x31 0x0000000000000000
core   0: 0x0000000080004f54 (0x003022f3) csrr    t0, fcsr
core   0: 3 0x0000000080004f54 (0x003022f3) x5  0x0000000000000010
core   0: 0x0000000080004f58 (0x65f0b023) sd      t6, 1600(ra)
core   0: 3 0x0000000080004f58 (0x65f0b023) mem 0x0000000080010908 0x0000000000000000
core   0: 0x0000000080004f5c (0x6450b423) sd      t0, 1608(ra)
core   0: 3 0x0000000080004f5c (0x6450b423) mem 0x0000000080010910 0x0000000000000010
core   0: >>>>  inst_384
core   0: 0x0000000080004f60 (0x00100113) li      sp, 1
core   0: 3 0x0000000080004f60 (0x00100113) x2  0x0000000000000001
core   0: 0x0000000080004f64 (0x00c11113) slli    sp, sp, 12
core   0: 3 0x0000000080004f64 (0x00c11113) x2  0x0000000000001000
core   0: 0x0000000080004f68 (0x00220233) add     tp, tp, sp
core   0: 3 0x0000000080004f68 (0x00220233) x4  0x000000008000b190
core   0: 0x0000000080004f6c (0x68023f87) fld     ft11, 1664(tp)
core   0: 3 0x0000000080004f6c (0x68023f87) f31 0x8010000000000000 mem 0x000000008000b810
core   0: 0x0000000080004f70 (0x40220233) sub     tp, tp, sp
core   0: 3 0x0000000080004f70 (0x40220233) x4  0x000000008000a190
core   0: 0x0000000080004f74 (0x00100113) li      sp, 1
core   0: 3 0x0000000080004f74 (0x00100113) x2  0x0000000000000001
core   0: 0x0000000080004f78 (0x00c11113) slli    sp, sp, 12
core   0: 3 0x0000000080004f78 (0x00c11113) x2  0x0000000000001000
core   0: 0x0000000080004f7c (0x00220233) add     tp, tp, sp
core   0: 3 0x0000000080004f7c (0x00220233) x4  0x000000008000b190
core   0: 0x0000000080004f80 (0x68823f07) fld     ft10, 1672(tp)
core   0: 3 0x0000000080004f80 (0x68823f07) f30 0x0000000000000000 mem 0x000000008000b818
core   0: 0x0000000080004f84 (0x40220233) sub     tp, tp, sp
core   0: 3 0x0000000080004f84 (0x40220233) x4  0x000000008000a190
core   0: 0x0000000080004f88 (0x00000113) li      sp, 0
core   0: 3 0x0000000080004f88 (0x00000113) x2  0x0000000000000000
core   0: 0x0000000080004f8c (0x00311073) csrw    fcsr, sp
core   0: 3 0x0000000080004f8c (0x00311073) c1_fflags 0x0000000000000000 c2_frm 0x0000000000000000
core   0: 0x0000000080004f90 (0xa3ef9fd3) flt.d   t6, ft11, ft10
core   0: 3 0x0000000080004f90 (0xa3ef9fd3) x31 0x0000000000000001
core   0: 0x0000000080004f94 (0x003022f3) csrr    t0, fcsr
core   0: 3 0x0000000080004f94 (0x003022f3) x5  0x0000000000000000
core   0: 0x0000000080004f98 (0x65f0b823) sd      t6, 1616(ra)
core   0: 3 0x0000000080004f98 (0x65f0b823) mem 0x0000000080010918 0x0000000000000001
core   0: 0x0000000080004f9c (0x6450bc23) sd      t0, 1624(ra)
core   0: 3 0x0000000080004f9c (0x6450bc23) mem 0x0000000080010920 0x0000000000000000
core   0: >>>>  inst_385
core   0: 0x0000000080004fa0 (0x00100113) li      sp, 1
core   0: 3 0x0000000080004fa0 (0x00100113) x2  0x0000000000000001
core   0: 0x0000000080004fa4 (0x00c11113) slli    sp, sp, 12
core   0: 3 0x0000000080004fa4 (0x00c11113) x2  0x0000000000001000
core   0: 0x0000000080004fa8 (0x00220233) add     tp, tp, sp
core   0: 3 0x0000000080004fa8 (0x00220233) x4  0x000000008000b190
core   0: 0x0000000080004fac (0x69023f87) fld     ft11, 1680(tp)
core   0: 3 0x0000000080004fac (0x69023f87) f31 0x8010000000000000 mem 0x000000008000b820
core   0: 0x0000000080004fb0 (0x40220233) sub     tp, tp, sp
core   0: 3 0x0000000080004fb0 (0x40220233) x4  0x000000008000a190
core   0: 0x0000000080004fb4 (0x00100113) li      sp, 1
core   0: 3 0x0000000080004fb4 (0x00100113) x2  0x0000000000000001
core   0: 0x0000000080004fb8 (0x00c11113) slli    sp, sp, 12
core   0: 3 0x0000000080004fb8 (0x00c11113) x2  0x0000000000001000
core   0: 0x0000000080004fbc (0x00220233) add     tp, tp, sp
core   0: 3 0x0000000080004fbc (0x00220233) x4  0x000000008000b190
core   0: 0x0000000080004fc0 (0x69823f07) fld     ft10, 1688(tp)
core   0: 3 0x0000000080004fc0 (0x69823f07) f30 0x0000000000000001 mem 0x000000008000b828
core   0: 0x0000000080004fc4 (0x40220233) sub     tp, tp, sp
core   0: 3 0x0000000080004fc4 (0x40220233) x4  0x000000008000a190
core   0: 0x0000000080004fc8 (0x00000113) li      sp, 0
core   0: 3 0x0000000080004fc8 (0x00000113) x2  0x0000000000000000
core   0: 0x0000000080004fcc (0x00311073) csrw    fcsr, sp
core   0: 3 0x0000000080004fcc (0x00311073) c1_fflags 0x0000000000000000 c2_frm 0x0000000000000000
core   0: 0x0000000080004fd0 (0xa3ef9fd3) flt.d   t6, ft11, ft10
core   0: 3 0x0000000080004fd0 (0xa3ef9fd3) x31 0x0000000000000001
core   0: 0x0000000080004fd4 (0x003022f3) csrr    t0, fcsr
core   0: 3 0x0000000080004fd4 (0x003022f3) x5  0x0000000000000000
core   0: 0x0000000080004fd8 (0x67f0b023) sd      t6, 1632(ra)
core   0: 3 0x0000000080004fd8 (0x67f0b023) mem 0x0000000080010928 0x0000000000000001
core   0: 0x0000000080004fdc (0x6650b423) sd      t0, 1640(ra)
core   0: 3 0x0000000080004fdc (0x6650b423) mem 0x0000000080010930 0x0000000000000000
core   0: >>>>  inst_386
core   0: 0x0000000080004fe0 (0x00100113) li      sp, 1
core   0: 3 0x0000000080004fe0 (0x00100113) x2  0x0000000000000001
core   0: 0x0000000080004fe4 (0x00c11113) slli    sp, sp, 12
core   0: 3 0x0000000080004fe4 (0x00c11113) x2  0x0000000000001000
core   0: 0x0000000080004fe8 (0x00220233) add     tp, tp, sp
core   0: 3 0x0000000080004fe8 (0x00220233) x4  0x000000008000b190
core   0: 0x0000000080004fec (0x6a023f87) fld     ft11, 1696(tp)
core   0: 3 0x0000000080004fec (0x6a023f87) f31 0x8010000000000000 mem 0x000000008000b830
core   0: 0x0000000080004ff0 (0x40220233) sub     tp, tp, sp
core   0: 3 0x0000000080004ff0 (0x40220233) x4  0x000000008000a190
core   0: 0x0000000080004ff4 (0x00100113) li      sp, 1
core   0: 3 0x0000000080004ff4 (0x00100113) x2  0x0000000000000001
core   0: 0x0000000080004ff8 (0x00c11113) slli    sp, sp, 12
core   0: 3 0x0000000080004ff8 (0x00c11113) x2  0x0000000000001000
core   0: 0x0000000080004ffc (0x00220233) add     tp, tp, sp
core   0: 3 0x0000000080004ffc (0x00220233) x4  0x000000008000b190
core   0: 0x0000000080005000 (0x6a823f07) fld     ft10, 1704(tp)
core   0: 3 0x0000000080005000 (0x6a823f07) f30 0x0000000000000002 mem 0x000000008000b838
core   0: 0x0000000080005004 (0x40220233) sub     tp, tp, sp
core   0: 3 0x0000000080005004 (0x40220233) x4  0x000000008000a190
core   0: 0x0000000080005008 (0x00000113) li      sp, 0
core   0: 3 0x0000000080005008 (0x00000113) x2  0x0000000000000000
core   0: 0x000000008000500c (0x00311073) csrw    fcsr, sp
core   0: 3 0x000000008000500c (0x00311073) c1_fflags 0x0000000000000000 c2_frm 0x0000000000000000
core   0: 0x0000000080005010 (0xa3ef9fd3) flt.d   t6, ft11, ft10
core   0: 3 0x0000000080005010 (0xa3ef9fd3) x31 0x0000000000000001
core   0: 0x0000000080005014 (0x003022f3) csrr    t0, fcsr
core   0: 3 0x0000000080005014 (0x003022f3) x5  0x0000000000000000
core   0: 0x0000000080005018 (0x67f0b823) sd      t6, 1648(ra)
core   0: 3 0x0000000080005018 (0x67f0b823) mem 0x0000000080010938 0x0000000000000001
core   0: 0x000000008000501c (0x6650bc23) sd      t0, 1656(ra)
core   0: 3 0x000000008000501c (0x6650bc23) mem 0x0000000080010940 0x0000000000000000
core   0: >>>>  inst_387
core   0: 0x0000000080005020 (0x00100113) li      sp, 1
core   0: 3 0x0000000080005020 (0x00100113) x2  0x0000000000000001
core   0: 0x0000000080005024 (0x00c11113) slli    sp, sp, 12
core   0: 3 0x0000000080005024 (0x00c11113) x2  0x0000000000001000
core   0: 0x0000000080005028 (0x00220233) add     tp, tp, sp
core   0: 3 0x0000000080005028 (0x00220233) x4  0x000000008000b190
core   0: 0x000000008000502c (0x6b023f87) fld     ft11, 1712(tp)
core   0: 3 0x000000008000502c (0x6b023f87) f31 0x8010000000000000 mem 0x000000008000b840
core   0: 0x0000000080005030 (0x40220233) sub     tp, tp, sp
core   0: 3 0x0000000080005030 (0x40220233) x4  0x000000008000a190
core   0: 0x0000000080005034 (0x00100113) li      sp, 1
core   0: 3 0x0000000080005034 (0x00100113) x2  0x0000000000000001
core   0: 0x0000000080005038 (0x00c11113) slli    sp, sp, 12
core   0: 3 0x0000000080005038 (0x00c11113) x2  0x0000000000001000
core   0: 0x000000008000503c (0x00220233) add     tp, tp, sp
core   0: 3 0x000000008000503c (0x00220233) x4  0x000000008000b190
core   0: 0x0000000080005040 (0x6b823f07) fld     ft10, 1720(tp)
core   0: 3 0x0000000080005040 (0x6b823f07) f30 0x000fffffffffffff mem 0x000000008000b848
core   0: 0x0000000080005044 (0x40220233) sub     tp, tp, sp
core   0: 3 0x0000000080005044 (0x40220233) x4  0x000000008000a190
core   0: 0x0000000080005048 (0x00000113) li      sp, 0
core   0: 3 0x0000000080005048 (0x00000113) x2  0x0000000000000000
core   0: 0x000000008000504c (0x00311073) csrw    fcsr, sp
core   0: 3 0x000000008000504c (0x00311073) c1_fflags 0x0000000000000000 c2_frm 0x0000000000000000
core   0: 0x0000000080005050 (0xa3ef9fd3) flt.d   t6, ft11, ft10
core   0: 3 0x0000000080005050 (0xa3ef9fd3) x31 0x0000000000000001
core   0: 0x0000000080005054 (0x003022f3) csrr    t0, fcsr
core   0: 3 0x0000000080005054 (0x003022f3) x5  0x0000000000000000
core   0: 0x0000000080005058 (0x69f0b023) sd      t6, 1664(ra)
core   0: 3 0x0000000080005058 (0x69f0b023) mem 0x0000000080010948 0x0000000000000001
core   0: 0x000000008000505c (0x6850b423) sd      t0, 1672(ra)
core   0: 3 0x000000008000505c (0x6850b423) mem 0x0000000080010950 0x0000000000000000
core   0: >>>>  inst_388
core   0: 0x0000000080005060 (0x00100113) li      sp, 1
core   0: 3 0x0000000080005060 (0x00100113) x2  0x0000000000000001
core   0: 0x0000000080005064 (0x00c11113) slli    sp, sp, 12
core   0: 3 0x0000000080005064 (0x00c11113) x2  0x0000000000001000
core   0: 0x0000000080005068 (0x00220233) add     tp, tp, sp
core   0: 3 0x0000000080005068 (0x00220233) x4  0x000000008000b190
core   0: 0x000000008000506c (0x6c023f87) fld     ft11, 1728(tp)
core   0: 3 0x000000008000506c (0x6c023f87) f31 0x8010000000000000 mem 0x000000008000b850
core   0: 0x0000000080005070 (0x40220233) sub     tp, tp, sp
core   0: 3 0x0000000080005070 (0x40220233) x4  0x000000008000a190
core   0: 0x0000000080005074 (0x00100113) li      sp, 1
core   0: 3 0x0000000080005074 (0x00100113) x2  0x0000000000000001
core   0: 0x0000000080005078 (0x00c11113) slli    sp, sp, 12
core   0: 3 0x0000000080005078 (0x00c11113) x2  0x0000000000001000
core   0: 0x000000008000507c (0x00220233) add     tp, tp, sp
core   0: 3 0x000000008000507c (0x00220233) x4  0x000000008000b190
core   0: 0x0000000080005080 (0x6c823f07) fld     ft10, 1736(tp)
core   0: 3 0x0000000080005080 (0x6c823f07) f30 0x0010000000000000 mem 0x000000008000b858
core   0: 0x0000000080005084 (0x40220233) sub     tp, tp, sp
core   0: 3 0x0000000080005084 (0x40220233) x4  0x000000008000a190
core   0: 0x0000000080005088 (0x00000113) li      sp, 0
core   0: 3 0x0000000080005088 (0x00000113) x2  0x0000000000000000
core   0: 0x000000008000508c (0x00311073) csrw    fcsr, sp
core   0: 3 0x000000008000508c (0x00311073) c1_fflags 0x0000000000000000 c2_frm 0x0000000000000000
core   0: 0x0000000080005090 (0xa3ef9fd3) flt.d   t6, ft11, ft10
core   0: 3 0x0000000080005090 (0xa3ef9fd3) x31 0x0000000000000001
core   0: 0x0000000080005094 (0x003022f3) csrr    t0, fcsr
core   0: 3 0x0000000080005094 (0x003022f3) x5  0x0000000000000000
core   0: 0x0000000080005098 (0x69f0b823) sd      t6, 1680(ra)
core   0: 3 0x0000000080005098 (0x69f0b823) mem 0x0000000080010958 0x0000000000000001
core   0: 0x000000008000509c (0x6850bc23) sd      t0, 1688(ra)
core   0: 3 0x000000008000509c (0x6850bc23) mem 0x0000000080010960 0x0000000000000000
core   0: >>>>  inst_389
core   0: 0x00000000800050a0 (0x00100113) li      sp, 1
core   0: 3 0x00000000800050a0 (0x00100113) x2  0x0000000000000001
core   0: 0x00000000800050a4 (0x00c11113) slli    sp, sp, 12
core   0: 3 0x00000000800050a4 (0x00c11113) x2  0x0000000000001000
core   0: 0x00000000800050a8 (0x00220233) add     tp, tp, sp
core   0: 3 0x00000000800050a8 (0x00220233) x4  0x000000008000b190
core   0: 0x00000000800050ac (0x6d023f87) fld     ft11, 1744(tp)
core   0: 3 0x00000000800050ac (0x6d023f87) f31 0x8010000000000000 mem 0x000000008000b860
core   0: 0x00000000800050b0 (0x40220233) sub     tp, tp, sp
core   0: 3 0x00000000800050b0 (0x40220233) x4  0x000000008000a190
core   0: 0x00000000800050b4 (0x00100113) li      sp, 1
core   0: 3 0x00000000800050b4 (0x00100113) x2  0x0000000000000001
core   0: 0x00000000800050b8 (0x00c11113) slli    sp, sp, 12
core   0: 3 0x00000000800050b8 (0x00c11113) x2  0x0000000000001000
core   0: 0x00000000800050bc (0x00220233) add     tp, tp, sp
core   0: 3 0x00000000800050bc (0x00220233) x4  0x000000008000b190
core   0: 0x00000000800050c0 (0x6d823f07) fld     ft10, 1752(tp)
core   0: 3 0x00000000800050c0 (0x6d823f07) f30 0x0010000000000002 mem 0x000000008000b868
core   0: 0x00000000800050c4 (0x40220233) sub     tp, tp, sp
core   0: 3 0x00000000800050c4 (0x40220233) x4  0x000000008000a190
core   0: 0x00000000800050c8 (0x00000113) li      sp, 0
core   0: 3 0x00000000800050c8 (0x00000113) x2  0x0000000000000000
core   0: 0x00000000800050cc (0x00311073) csrw    fcsr, sp
core   0: 3 0x00000000800050cc (0x00311073) c1_fflags 0x0000000000000000 c2_frm 0x0000000000000000
core   0: 0x00000000800050d0 (0xa3ef9fd3) flt.d   t6, ft11, ft10
core   0: 3 0x00000000800050d0 (0xa3ef9fd3) x31 0x0000000000000001
core   0: 0x00000000800050d4 (0x003022f3) csrr    t0, fcsr
core   0: 3 0x00000000800050d4 (0x003022f3) x5  0x0000000000000000
core   0: 0x00000000800050d8 (0x6bf0b023) sd      t6, 1696(ra)
core   0: 3 0x00000000800050d8 (0x6bf0b023) mem 0x0000000080010968 0x0000000000000001
core   0: 0x00000000800050dc (0x6a50b423) sd      t0, 1704(ra)
core   0: 3 0x00000000800050dc (0x6a50b423) mem 0x0000000080010970 0x0000000000000000
core   0: >>>>  inst_390
core   0: 0x00000000800050e0 (0x00100113) li      sp, 1
core   0: 3 0x00000000800050e0 (0x00100113) x2  0x0000000000000001
core   0: 0x00000000800050e4 (0x00c11113) slli    sp, sp, 12
core   0: 3 0x00000000800050e4 (0x00c11113) x2  0x0000000000001000
core   0: 0x00000000800050e8 (0x00220233) add     tp, tp, sp
core   0: 3 0x00000000800050e8 (0x00220233) x4  0x000000008000b190
core   0: 0x00000000800050ec (0x6e023f87) fld     ft11, 1760(tp)
core   0: 3 0x00000000800050ec (0x6e023f87) f31 0x8010000000000000 mem 0x000000008000b870
core   0: 0x00000000800050f0 (0x40220233) sub     tp, tp, sp
core   0: 3 0x00000000800050f0 (0x40220233) x4  0x000000008000a190
core   0: 0x00000000800050f4 (0x00100113) li      sp, 1
core   0: 3 0x00000000800050f4 (0x00100113) x2  0x0000000000000001
core   0: 0x00000000800050f8 (0x00c11113) slli    sp, sp, 12
core   0: 3 0x00000000800050f8 (0x00c11113) x2  0x0000000000001000
core   0: 0x00000000800050fc (0x00220233) add     tp, tp, sp
core   0: 3 0x00000000800050fc (0x00220233) x4  0x000000008000b190
core   0: 0x0000000080005100 (0x6e823f07) fld     ft10, 1768(tp)
core   0: 3 0x0000000080005100 (0x6e823f07) f30 0x3ff0000000000000 mem 0x000000008000b878
core   0: 0x0000000080005104 (0x40220233) sub     tp, tp, sp
core   0: 3 0x0000000080005104 (0x40220233) x4  0x000000008000a190
core   0: 0x0000000080005108 (0x00000113) li      sp, 0
core   0: 3 0x0000000080005108 (0x00000113) x2  0x0000000000000000
core   0: 0x000000008000510c (0x00311073) csrw    fcsr, sp
core   0: 3 0x000000008000510c (0x00311073) c1_fflags 0x0000000000000000 c2_frm 0x0000000000000000
core   0: 0x0000000080005110 (0xa3ef9fd3) flt.d   t6, ft11, ft10
core   0: 3 0x0000000080005110 (0xa3ef9fd3) x31 0x0000000000000001
core   0: 0x0000000080005114 (0x003022f3) csrr    t0, fcsr
core   0: 3 0x0000000080005114 (0x003022f3) x5  0x0000000000000000
core   0: 0x0000000080005118 (0x6bf0b823) sd      t6, 1712(ra)
core   0: 3 0x0000000080005118 (0x6bf0b823) mem 0x0000000080010978 0x0000000000000001
core   0: 0x000000008000511c (0x6a50bc23) sd      t0, 1720(ra)
core   0: 3 0x000000008000511c (0x6a50bc23) mem 0x0000000080010980 0x0000000000000000
core   0: >>>>  inst_391
core   0: 0x0000000080005120 (0x00100113) li      sp, 1
core   0: 3 0x0000000080005120 (0x00100113) x2  0x0000000000000001
core   0: 0x0000000080005124 (0x00c11113) slli    sp, sp, 12
core   0: 3 0x0000000080005124 (0x00c11113) x2  0x0000000000001000
core   0: 0x0000000080005128 (0x00220233) add     tp, tp, sp
core   0: 3 0x0000000080005128 (0x00220233) x4  0x000000008000b190
core   0: 0x000000008000512c (0x6f023f87) fld     ft11, 1776(tp)
core   0: 3 0x000000008000512c (0x6f023f87) f31 0x8010000000000000 mem 0x000000008000b880
core   0: 0x0000000080005130 (0x40220233) sub     tp, tp, sp
core   0: 3 0x0000000080005130 (0x40220233) x4  0x000000008000a190
core   0: 0x0000000080005134 (0x00100113) li      sp, 1
core   0: 3 0x0000000080005134 (0x00100113) x2  0x0000000000000001
core   0: 0x0000000080005138 (0x00c11113) slli    sp, sp, 12
core   0: 3 0x0000000080005138 (0x00c11113) x2  0x0000000000001000
core   0: 0x000000008000513c (0x00220233) add     tp, tp, sp
core   0: 3 0x000000008000513c (0x00220233) x4  0x000000008000b190
core   0: 0x0000000080005140 (0x6f823f07) fld     ft10, 1784(tp)
core   0: 3 0x0000000080005140 (0x6f823f07) f30 0x7fefffffffffffff mem 0x000000008000b888
core   0: 0x0000000080005144 (0x40220233) sub     tp, tp, sp
core   0: 3 0x0000000080005144 (0x40220233) x4  0x000000008000a190
core   0: 0x0000000080005148 (0x00000113) li      sp, 0
core   0: 3 0x0000000080005148 (0x00000113) x2  0x0000000000000000
core   0: 0x000000008000514c (0x00311073) csrw    fcsr, sp
core   0: 3 0x000000008000514c (0x00311073) c1_fflags 0x0000000000000000 c2_frm 0x0000000000000000
core   0: 0x0000000080005150 (0xa3ef9fd3) flt.d   t6, ft11, ft10
core   0: 3 0x0000000080005150 (0xa3ef9fd3) x31 0x0000000000000001
core   0: 0x0000000080005154 (0x003022f3) csrr    t0, fcsr
core   0: 3 0x0000000080005154 (0x003022f3) x5  0x0000000000000000
core   0: 0x0000000080005158 (0x6df0b023) sd      t6, 1728(ra)
core   0: 3 0x0000000080005158 (0x6df0b023) mem 0x0000000080010988 0x0000000000000001
core   0: 0x000000008000515c (0x6c50b423) sd      t0, 1736(ra)
core   0: 3 0x000000008000515c (0x6c50b423) mem 0x0000000080010990 0x0000000000000000
core   0: >>>>  inst_392
core   0: 0x0000000080005160 (0x00100113) li      sp, 1
core   0: 3 0x0000000080005160 (0x00100113) x2  0x0000000000000001
core   0: 0x0000000080005164 (0x00c11113) slli    sp, sp, 12
core   0: 3 0x0000000080005164 (0x00c11113) x2  0x0000000000001000
core   0: 0x0000000080005168 (0x00220233) add     tp, tp, sp
core   0: 3 0x0000000080005168 (0x00220233) x4  0x000000008000b190
core   0: 0x000000008000516c (0x70023f87) fld     ft11, 1792(tp)
core   0: 3 0x000000008000516c (0x70023f87) f31 0x8010000000000000 mem 0x000000008000b890
core   0: 0x0000000080005170 (0x40220233) sub     tp, tp, sp
core   0: 3 0x0000000080005170 (0x40220233) x4  0x000000008000a190
core   0: 0x0000000080005174 (0x00100113) li      sp, 1
core   0: 3 0x0000000080005174 (0x00100113) x2  0x0000000000000001
core   0: 0x0000000080005178 (0x00c11113) slli    sp, sp, 12
core   0: 3 0x0000000080005178 (0x00c11113) x2  0x0000000000001000
core   0: 0x000000008000517c (0x00220233) add     tp, tp, sp
core   0: 3 0x000000008000517c (0x00220233) x4  0x000000008000b190
core   0: 0x0000000080005180 (0x70823f07) fld     ft10, 1800(tp)
core   0: 3 0x0000000080005180 (0x70823f07) f30 0x7ff0000000000000 mem 0x000000008000b898
core   0: 0x0000000080005184 (0x40220233) sub     tp, tp, sp
core   0: 3 0x0000000080005184 (0x40220233) x4  0x000000008000a190
core   0: 0x0000000080005188 (0x00000113) li      sp, 0
core   0: 3 0x0000000080005188 (0x00000113) x2  0x0000000000000000
core   0: 0x000000008000518c (0x00311073) csrw    fcsr, sp
core   0: 3 0x000000008000518c (0x00311073) c1_fflags 0x0000000000000000 c2_frm 0x0000000000000000
core   0: 0x0000000080005190 (0xa3ef9fd3) flt.d   t6, ft11, ft10
core   0: 3 0x0000000080005190 (0xa3ef9fd3) x31 0x0000000000000001
core   0: 0x0000000080005194 (0x003022f3) csrr    t0, fcsr
core   0: 3 0x0000000080005194 (0x003022f3) x5  0x0000000000000000
core   0: 0x0000000080005198 (0x6df0b823) sd      t6, 1744(ra)
core   0: 3 0x0000000080005198 (0x6df0b823) mem 0x0000000080010998 0x0000000000000001
core   0: 0x000000008000519c (0x6c50bc23) sd      t0, 1752(ra)
core   0: 3 0x000000008000519c (0x6c50bc23) mem 0x00000000800109a0 0x0000000000000000
core   0: >>>>  inst_393
core   0: 0x00000000800051a0 (0x00100113) li      sp, 1
core   0: 3 0x00000000800051a0 (0x00100113) x2  0x0000000000000001
core   0: 0x00000000800051a4 (0x00c11113) slli    sp, sp, 12
core   0: 3 0x00000000800051a4 (0x00c11113) x2  0x0000000000001000
core   0: 0x00000000800051a8 (0x00220233) add     tp, tp, sp
core   0: 3 0x00000000800051a8 (0x00220233) x4  0x000000008000b190
core   0: 0x00000000800051ac (0x71023f87) fld     ft11, 1808(tp)
core   0: 3 0x00000000800051ac (0x71023f87) f31 0x8010000000000000 mem 0x000000008000b8a0
core   0: 0x00000000800051b0 (0x40220233) sub     tp, tp, sp
core   0: 3 0x00000000800051b0 (0x40220233) x4  0x000000008000a190
core   0: 0x00000000800051b4 (0x00100113) li      sp, 1
core   0: 3 0x00000000800051b4 (0x00100113) x2  0x0000000000000001
core   0: 0x00000000800051b8 (0x00c11113) slli    sp, sp, 12
core   0: 3 0x00000000800051b8 (0x00c11113) x2  0x0000000000001000
core   0: 0x00000000800051bc (0x00220233) add     tp, tp, sp
core   0: 3 0x00000000800051bc (0x00220233) x4  0x000000008000b190
core   0: 0x00000000800051c0 (0x71823f07) fld     ft10, 1816(tp)
core   0: 3 0x00000000800051c0 (0x71823f07) f30 0x7ff0000000000001 mem 0x000000008000b8a8
core   0: 0x00000000800051c4 (0x40220233) sub     tp, tp, sp
core   0: 3 0x00000000800051c4 (0x40220233) x4  0x000000008000a190
core   0: 0x00000000800051c8 (0x00000113) li      sp, 0
core   0: 3 0x00000000800051c8 (0x00000113) x2  0x0000000000000000
core   0: 0x00000000800051cc (0x00311073) csrw    fcsr, sp
core   0: 3 0x00000000800051cc (0x00311073) c1_fflags 0x0000000000000000 c2_frm 0x0000000000000000
core   0: 0x00000000800051d0 (0xa3ef9fd3) flt.d   t6, ft11, ft10
core   0: 3 0x00000000800051d0 (0xa3ef9fd3) c1_fflags 0x0000000000000010 x31 0x0000000000000000
core   0: 0x00000000800051d4 (0x003022f3) csrr    t0, fcsr
core   0: 3 0x00000000800051d4 (0x003022f3) x5  0x0000000000000010
core   0: 0x00000000800051d8 (0x6ff0b023) sd      t6, 1760(ra)
core   0: 3 0x00000000800051d8 (0x6ff0b023) mem 0x00000000800109a8 0x0000000000000000
core   0: 0x00000000800051dc (0x6e50b423) sd      t0, 1768(ra)
core   0: 3 0x00000000800051dc (0x6e50b423) mem 0x00000000800109b0 0x0000000000000010
core   0: >>>>  inst_394
core   0: 0x00000000800051e0 (0x00100113) li      sp, 1
core   0: 3 0x00000000800051e0 (0x00100113) x2  0x0000000000000001
core   0: 0x00000000800051e4 (0x00c11113) slli    sp, sp, 12
core   0: 3 0x00000000800051e4 (0x00c11113) x2  0x0000000000001000
core   0: 0x00000000800051e8 (0x00220233) add     tp, tp, sp
core   0: 3 0x00000000800051e8 (0x00220233) x4  0x000000008000b190
core   0: 0x00000000800051ec (0x72023f87) fld     ft11, 1824(tp)
core   0: 3 0x00000000800051ec (0x72023f87) f31 0x8010000000000000 mem 0x000000008000b8b0
core   0: 0x00000000800051f0 (0x40220233) sub     tp, tp, sp
core   0: 3 0x00000000800051f0 (0x40220233) x4  0x000000008000a190
core   0: 0x00000000800051f4 (0x00100113) li      sp, 1
core   0: 3 0x00000000800051f4 (0x00100113) x2  0x0000000000000001
core   0: 0x00000000800051f8 (0x00c11113) slli    sp, sp, 12
core   0: 3 0x00000000800051f8 (0x00c11113) x2  0x0000000000001000
core   0: 0x00000000800051fc (0x00220233) add     tp, tp, sp
core   0: 3 0x00000000800051fc (0x00220233) x4  0x000000008000b190
core   0: 0x0000000080005200 (0x72823f07) fld     ft10, 1832(tp)
core   0: 3 0x0000000080005200 (0x72823f07) f30 0x7ff8000000000000 mem 0x000000008000b8b8
core   0: 0x0000000080005204 (0x40220233) sub     tp, tp, sp
core   0: 3 0x0000000080005204 (0x40220233) x4  0x000000008000a190
core   0: 0x0000000080005208 (0x00000113) li      sp, 0
core   0: 3 0x0000000080005208 (0x00000113) x2  0x0000000000000000
core   0: 0x000000008000520c (0x00311073) csrw    fcsr, sp
core   0: 3 0x000000008000520c (0x00311073) c1_fflags 0x0000000000000000 c2_frm 0x0000000000000000
core   0: 0x0000000080005210 (0xa3ef9fd3) flt.d   t6, ft11, ft10
core   0: 3 0x0000000080005210 (0xa3ef9fd3) c1_fflags 0x0000000000000010 x31 0x0000000000000000
core   0: 0x0000000080005214 (0x003022f3) csrr    t0, fcsr
core   0: 3 0x0000000080005214 (0x003022f3) x5  0x0000000000000010
core   0: 0x0000000080005218 (0x6ff0b823) sd      t6, 1776(ra)
core   0: 3 0x0000000080005218 (0x6ff0b823) mem 0x00000000800109b8 0x0000000000000000
core   0: 0x000000008000521c (0x6e50bc23) sd      t0, 1784(ra)
core   0: 3 0x000000008000521c (0x6e50bc23) mem 0x00000000800109c0 0x0000000000000010
core   0: >>>>  inst_395
core   0: 0x0000000080005220 (0x00100113) li      sp, 1
core   0: 3 0x0000000080005220 (0x00100113) x2  0x0000000000000001
core   0: 0x0000000080005224 (0x00c11113) slli    sp, sp, 12
core   0: 3 0x0000000080005224 (0x00c11113) x2  0x0000000000001000
core   0: 0x0000000080005228 (0x00220233) add     tp, tp, sp
core   0: 3 0x0000000080005228 (0x00220233) x4  0x000000008000b190
core   0: 0x000000008000522c (0x73023f87) fld     ft11, 1840(tp)
core   0: 3 0x000000008000522c (0x73023f87) f31 0x8010000000000000 mem 0x000000008000b8c0
core   0: 0x0000000080005230 (0x40220233) sub     tp, tp, sp
core   0: 3 0x0000000080005230 (0x40220233) x4  0x000000008000a190
core   0: 0x0000000080005234 (0x00100113) li      sp, 1
core   0: 3 0x0000000080005234 (0x00100113) x2  0x0000000000000001
core   0: 0x0000000080005238 (0x00c11113) slli    sp, sp, 12
core   0: 3 0x0000000080005238 (0x00c11113) x2  0x0000000000001000
core   0: 0x000000008000523c (0x00220233) add     tp, tp, sp
core   0: 3 0x000000008000523c (0x00220233) x4  0x000000008000b190
core   0: 0x0000000080005240 (0x73823f07) fld     ft10, 1848(tp)
core   0: 3 0x0000000080005240 (0x73823f07) f30 0x7ff8000000000001 mem 0x000000008000b8c8
core   0: 0x0000000080005244 (0x40220233) sub     tp, tp, sp
core   0: 3 0x0000000080005244 (0x40220233) x4  0x000000008000a190
core   0: 0x0000000080005248 (0x00000113) li      sp, 0
core   0: 3 0x0000000080005248 (0x00000113) x2  0x0000000000000000
core   0: 0x000000008000524c (0x00311073) csrw    fcsr, sp
core   0: 3 0x000000008000524c (0x00311073) c1_fflags 0x0000000000000000 c2_frm 0x0000000000000000
core   0: 0x0000000080005250 (0xa3ef9fd3) flt.d   t6, ft11, ft10
core   0: 3 0x0000000080005250 (0xa3ef9fd3) c1_fflags 0x0000000000000010 x31 0x0000000000000000
core   0: 0x0000000080005254 (0x003022f3) csrr    t0, fcsr
core   0: 3 0x0000000080005254 (0x003022f3) x5  0x0000000000000010
core   0: 0x0000000080005258 (0x71f0b023) sd      t6, 1792(ra)
core   0: 3 0x0000000080005258 (0x71f0b023) mem 0x00000000800109c8 0x0000000000000000
core   0: 0x000000008000525c (0x7050b423) sd      t0, 1800(ra)
core   0: 3 0x000000008000525c (0x7050b423) mem 0x00000000800109d0 0x0000000000000010
core   0: >>>>  inst_396
core   0: 0x0000000080005260 (0x00100113) li      sp, 1
core   0: 3 0x0000000080005260 (0x00100113) x2  0x0000000000000001
core   0: 0x0000000080005264 (0x00c11113) slli    sp, sp, 12
core   0: 3 0x0000000080005264 (0x00c11113) x2  0x0000000000001000
core   0: 0x0000000080005268 (0x00220233) add     tp, tp, sp
core   0: 3 0x0000000080005268 (0x00220233) x4  0x000000008000b190
core   0: 0x000000008000526c (0x74023f87) fld     ft11, 1856(tp)
core   0: 3 0x000000008000526c (0x74023f87) f31 0x8010000000000000 mem 0x000000008000b8d0
core   0: 0x0000000080005270 (0x40220233) sub     tp, tp, sp
core   0: 3 0x0000000080005270 (0x40220233) x4  0x000000008000a190
core   0: 0x0000000080005274 (0x00100113) li      sp, 1
core   0: 3 0x0000000080005274 (0x00100113) x2  0x0000000000000001
core   0: 0x0000000080005278 (0x00c11113) slli    sp, sp, 12
core   0: 3 0x0000000080005278 (0x00c11113) x2  0x0000000000001000
core   0: 0x000000008000527c (0x00220233) add     tp, tp, sp
core   0: 3 0x000000008000527c (0x00220233) x4  0x000000008000b190
core   0: 0x0000000080005280 (0x74823f07) fld     ft10, 1864(tp)
core   0: 3 0x0000000080005280 (0x74823f07) f30 0x8000000000000000 mem 0x000000008000b8d8
core   0: 0x0000000080005284 (0x40220233) sub     tp, tp, sp
core   0: 3 0x0000000080005284 (0x40220233) x4  0x000000008000a190
core   0: 0x0000000080005288 (0x00000113) li      sp, 0
core   0: 3 0x0000000080005288 (0x00000113) x2  0x0000000000000000
core   0: 0x000000008000528c (0x00311073) csrw    fcsr, sp
core   0: 3 0x000000008000528c (0x00311073) c1_fflags 0x0000000000000000 c2_frm 0x0000000000000000
core   0: 0x0000000080005290 (0xa3ef9fd3) flt.d   t6, ft11, ft10
core   0: 3 0x0000000080005290 (0xa3ef9fd3) x31 0x0000000000000001
core   0: 0x0000000080005294 (0x003022f3) csrr    t0, fcsr
core   0: 3 0x0000000080005294 (0x003022f3) x5  0x0000000000000000
core   0: 0x0000000080005298 (0x71f0b823) sd      t6, 1808(ra)
core   0: 3 0x0000000080005298 (0x71f0b823) mem 0x00000000800109d8 0x0000000000000001
core   0: 0x000000008000529c (0x7050bc23) sd      t0, 1816(ra)
core   0: 3 0x000000008000529c (0x7050bc23) mem 0x00000000800109e0 0x0000000000000000
core   0: >>>>  inst_397
core   0: 0x00000000800052a0 (0x00100113) li      sp, 1
core   0: 3 0x00000000800052a0 (0x00100113) x2  0x0000000000000001
core   0: 0x00000000800052a4 (0x00c11113) slli    sp, sp, 12
core   0: 3 0x00000000800052a4 (0x00c11113) x2  0x0000000000001000
core   0: 0x00000000800052a8 (0x00220233) add     tp, tp, sp
core   0: 3 0x00000000800052a8 (0x00220233) x4  0x000000008000b190
core   0: 0x00000000800052ac (0x75023f87) fld     ft11, 1872(tp)
core   0: 3 0x00000000800052ac (0x75023f87) f31 0x8010000000000000 mem 0x000000008000b8e0
core   0: 0x00000000800052b0 (0x40220233) sub     tp, tp, sp
core   0: 3 0x00000000800052b0 (0x40220233) x4  0x000000008000a190
core   0: 0x00000000800052b4 (0x00100113) li      sp, 1
core   0: 3 0x00000000800052b4 (0x00100113) x2  0x0000000000000001
core   0: 0x00000000800052b8 (0x00c11113) slli    sp, sp, 12
core   0: 3 0x00000000800052b8 (0x00c11113) x2  0x0000000000001000
core   0: 0x00000000800052bc (0x00220233) add     tp, tp, sp
core   0: 3 0x00000000800052bc (0x00220233) x4  0x000000008000b190
core   0: 0x00000000800052c0 (0x75823f07) fld     ft10, 1880(tp)
core   0: 3 0x00000000800052c0 (0x75823f07) f30 0x8000000000000001 mem 0x000000008000b8e8
core   0: 0x00000000800052c4 (0x40220233) sub     tp, tp, sp
core   0: 3 0x00000000800052c4 (0x40220233) x4  0x000000008000a190
core   0: 0x00000000800052c8 (0x00000113) li      sp, 0
core   0: 3 0x00000000800052c8 (0x00000113) x2  0x0000000000000000
core   0: 0x00000000800052cc (0x00311073) csrw    fcsr, sp
core   0: 3 0x00000000800052cc (0x00311073) c1_fflags 0x0000000000000000 c2_frm 0x0000000000000000
core   0: 0x00000000800052d0 (0xa3ef9fd3) flt.d   t6, ft11, ft10
core   0: 3 0x00000000800052d0 (0xa3ef9fd3) x31 0x0000000000000001
core   0: 0x00000000800052d4 (0x003022f3) csrr    t0, fcsr
core   0: 3 0x00000000800052d4 (0x003022f3) x5  0x0000000000000000
core   0: 0x00000000800052d8 (0x73f0b023) sd      t6, 1824(ra)
core   0: 3 0x00000000800052d8 (0x73f0b023) mem 0x00000000800109e8 0x0000000000000001
core   0: 0x00000000800052dc (0x7250b423) sd      t0, 1832(ra)
core   0: 3 0x00000000800052dc (0x7250b423) mem 0x00000000800109f0 0x0000000000000000
core   0: >>>>  inst_398
core   0: 0x00000000800052e0 (0x00100113) li      sp, 1
core   0: 3 0x00000000800052e0 (0x00100113) x2  0x0000000000000001
core   0: 0x00000000800052e4 (0x00c11113) slli    sp, sp, 12
core   0: 3 0x00000000800052e4 (0x00c11113) x2  0x0000000000001000
core   0: 0x00000000800052e8 (0x00220233) add     tp, tp, sp
core   0: 3 0x00000000800052e8 (0x00220233) x4  0x000000008000b190
core   0: 0x00000000800052ec (0x76023f87) fld     ft11, 1888(tp)
core   0: 3 0x00000000800052ec (0x76023f87) f31 0x8010000000000000 mem 0x000000008000b8f0
core   0: 0x00000000800052f0 (0x40220233) sub     tp, tp, sp
core   0: 3 0x00000000800052f0 (0x40220233) x4  0x000000008000a190
core   0: 0x00000000800052f4 (0x00100113) li      sp, 1
core   0: 3 0x00000000800052f4 (0x00100113) x2  0x0000000000000001
core   0: 0x00000000800052f8 (0x00c11113) slli    sp, sp, 12
core   0: 3 0x00000000800052f8 (0x00c11113) x2  0x0000000000001000
core   0: 0x00000000800052fc (0x00220233) add     tp, tp, sp
core   0: 3 0x00000000800052fc (0x00220233) x4  0x000000008000b190
core   0: 0x0000000080005300 (0x76823f07) fld     ft10, 1896(tp)
core   0: 3 0x0000000080005300 (0x76823f07) f30 0x8000000000000002 mem 0x000000008000b8f8
core   0: 0x0000000080005304 (0x40220233) sub     tp, tp, sp
core   0: 3 0x0000000080005304 (0x40220233) x4  0x000000008000a190
core   0: 0x0000000080005308 (0x00000113) li      sp, 0
core   0: 3 0x0000000080005308 (0x00000113) x2  0x0000000000000000
core   0: 0x000000008000530c (0x00311073) csrw    fcsr, sp
core   0: 3 0x000000008000530c (0x00311073) c1_fflags 0x0000000000000000 c2_frm 0x0000000000000000
core   0: 0x0000000080005310 (0xa3ef9fd3) flt.d   t6, ft11, ft10
core   0: 3 0x0000000080005310 (0xa3ef9fd3) x31 0x0000000000000001
core   0: 0x0000000080005314 (0x003022f3) csrr    t0, fcsr
core   0: 3 0x0000000080005314 (0x003022f3) x5  0x0000000000000000
core   0: 0x0000000080005318 (0x73f0b823) sd      t6, 1840(ra)
core   0: 3 0x0000000080005318 (0x73f0b823) mem 0x00000000800109f8 0x0000000000000001
core   0: 0x000000008000531c (0x7250bc23) sd      t0, 1848(ra)
core   0: 3 0x000000008000531c (0x7250bc23) mem 0x0000000080010a00 0x0000000000000000
core   0: >>>>  inst_399
core   0: 0x0000000080005320 (0x00100113) li      sp, 1
core   0: 3 0x0000000080005320 (0x00100113) x2  0x0000000000000001
core   0: 0x0000000080005324 (0x00c11113) slli    sp, sp, 12
core   0: 3 0x0000000080005324 (0x00c11113) x2  0x0000000000001000
core   0: 0x0000000080005328 (0x00220233) add     tp, tp, sp
core   0: 3 0x0000000080005328 (0x00220233) x4  0x000000008000b190
core   0: 0x000000008000532c (0x77023f87) fld     ft11, 1904(tp)
core   0: 3 0x000000008000532c (0x77023f87) f31 0x8010000000000000 mem 0x000000008000b900
core   0: 0x0000000080005330 (0x40220233) sub     tp, tp, sp
core   0: 3 0x0000000080005330 (0x40220233) x4  0x000000008000a190
core   0: 0x0000000080005334 (0x00100113) li      sp, 1
core   0: 3 0x0000000080005334 (0x00100113) x2  0x0000000000000001
core   0: 0x0000000080005338 (0x00c11113) slli    sp, sp, 12
core   0: 3 0x0000000080005338 (0x00c11113) x2  0x0000000000001000
core   0: 0x000000008000533c (0x00220233) add     tp, tp, sp
core   0: 3 0x000000008000533c (0x00220233) x4  0x000000008000b190
core   0: 0x0000000080005340 (0x77823f07) fld     ft10, 1912(tp)
core   0: 3 0x0000000080005340 (0x77823f07) f30 0x800fffffffffffff mem 0x000000008000b908
core   0: 0x0000000080005344 (0x40220233) sub     tp, tp, sp
core   0: 3 0x0000000080005344 (0x40220233) x4  0x000000008000a190
core   0: 0x0000000080005348 (0x00000113) li      sp, 0
core   0: 3 0x0000000080005348 (0x00000113) x2  0x0000000000000000
core   0: 0x000000008000534c (0x00311073) csrw    fcsr, sp
core   0: 3 0x000000008000534c (0x00311073) c1_fflags 0x0000000000000000 c2_frm 0x0000000000000000
core   0: 0x0000000080005350 (0xa3ef9fd3) flt.d   t6, ft11, ft10
core   0: 3 0x0000000080005350 (0xa3ef9fd3) x31 0x0000000000000001
core   0: 0x0000000080005354 (0x003022f3) csrr    t0, fcsr
core   0: 3 0x0000000080005354 (0x003022f3) x5  0x0000000000000000
core   0: 0x0000000080005358 (0x75f0b023) sd      t6, 1856(ra)
core   0: 3 0x0000000080005358 (0x75f0b023) mem 0x0000000080010a08 0x0000000000000001
core   0: 0x000000008000535c (0x7450b423) sd      t0, 1864(ra)
core   0: 3 0x000000008000535c (0x7450b423) mem 0x0000000080010a10 0x0000000000000000
core   0: >>>>  inst_400
core   0: 0x0000000080005360 (0x00100113) li      sp, 1
core   0: 3 0x0000000080005360 (0x00100113) x2  0x0000000000000001
core   0: 0x0000000080005364 (0x00c11113) slli    sp, sp, 12
core   0: 3 0x0000000080005364 (0x00c11113) x2  0x0000000000001000
core   0: 0x0000000080005368 (0x00220233) add     tp, tp, sp
core   0: 3 0x0000000080005368 (0x00220233) x4  0x000000008000b190
core   0: 0x000000008000536c (0x78023f87) fld     ft11, 1920(tp)
core   0: 3 0x000000008000536c (0x78023f87) f31 0x8010000000000000 mem 0x000000008000b910
core   0: 0x0000000080005370 (0x40220233) sub     tp, tp, sp
core   0: 3 0x0000000080005370 (0x40220233) x4  0x000000008000a190
core   0: 0x0000000080005374 (0x00100113) li      sp, 1
core   0: 3 0x0000000080005374 (0x00100113) x2  0x0000000000000001
core   0: 0x0000000080005378 (0x00c11113) slli    sp, sp, 12
core   0: 3 0x0000000080005378 (0x00c11113) x2  0x0000000000001000
core   0: 0x000000008000537c (0x00220233) add     tp, tp, sp
core   0: 3 0x000000008000537c (0x00220233) x4  0x000000008000b190
core   0: 0x0000000080005380 (0x78823f07) fld     ft10, 1928(tp)
core   0: 3 0x0000000080005380 (0x78823f07) f30 0x8010000000000000 mem 0x000000008000b918
core   0: 0x0000000080005384 (0x40220233) sub     tp, tp, sp
core   0: 3 0x0000000080005384 (0x40220233) x4  0x000000008000a190
core   0: 0x0000000080005388 (0x00000113) li      sp, 0
core   0: 3 0x0000000080005388 (0x00000113) x2  0x0000000000000000
core   0: 0x000000008000538c (0x00311073) csrw    fcsr, sp
core   0: 3 0x000000008000538c (0x00311073) c1_fflags 0x0000000000000000 c2_frm 0x0000000000000000
core   0: 0x0000000080005390 (0xa3ef9fd3) flt.d   t6, ft11, ft10
core   0: 3 0x0000000080005390 (0xa3ef9fd3) x31 0x0000000000000000
core   0: 0x0000000080005394 (0x003022f3) csrr    t0, fcsr
core   0: 3 0x0000000080005394 (0x003022f3) x5  0x0000000000000000
core   0: 0x0000000080005398 (0x75f0b823) sd      t6, 1872(ra)
core   0: 3 0x0000000080005398 (0x75f0b823) mem 0x0000000080010a18 0x0000000000000000
core   0: 0x000000008000539c (0x7450bc23) sd      t0, 1880(ra)
core   0: 3 0x000000008000539c (0x7450bc23) mem 0x0000000080010a20 0x0000000000000000
core   0: >>>>  inst_401
core   0: 0x00000000800053a0 (0x00100113) li      sp, 1
core   0: 3 0x00000000800053a0 (0x00100113) x2  0x0000000000000001
core   0: 0x00000000800053a4 (0x00c11113) slli    sp, sp, 12
core   0: 3 0x00000000800053a4 (0x00c11113) x2  0x0000000000001000
core   0: 0x00000000800053a8 (0x00220233) add     tp, tp, sp
core   0: 3 0x00000000800053a8 (0x00220233) x4  0x000000008000b190
core   0: 0x00000000800053ac (0x79023f87) fld     ft11, 1936(tp)
core   0: 3 0x00000000800053ac (0x79023f87) f31 0x8010000000000000 mem 0x000000008000b920
core   0: 0x00000000800053b0 (0x40220233) sub     tp, tp, sp
core   0: 3 0x00000000800053b0 (0x40220233) x4  0x000000008000a190
core   0: 0x00000000800053b4 (0x00100113) li      sp, 1
core   0: 3 0x00000000800053b4 (0x00100113) x2  0x0000000000000001
core   0: 0x00000000800053b8 (0x00c11113) slli    sp, sp, 12
core   0: 3 0x00000000800053b8 (0x00c11113) x2  0x0000000000001000
core   0: 0x00000000800053bc (0x00220233) add     tp, tp, sp
core   0: 3 0x00000000800053bc (0x00220233) x4  0x000000008000b190
core   0: 0x00000000800053c0 (0x79823f07) fld     ft10, 1944(tp)
core   0: 3 0x00000000800053c0 (0x79823f07) f30 0x8010000000000002 mem 0x000000008000b928
core   0: 0x00000000800053c4 (0x40220233) sub     tp, tp, sp
core   0: 3 0x00000000800053c4 (0x40220233) x4  0x000000008000a190
core   0: 0x00000000800053c8 (0x00000113) li      sp, 0
core   0: 3 0x00000000800053c8 (0x00000113) x2  0x0000000000000000
core   0: 0x00000000800053cc (0x00311073) csrw    fcsr, sp
core   0: 3 0x00000000800053cc (0x00311073) c1_fflags 0x0000000000000000 c2_frm 0x0000000000000000
core   0: 0x00000000800053d0 (0xa3ef9fd3) flt.d   t6, ft11, ft10
core   0: 3 0x00000000800053d0 (0xa3ef9fd3) x31 0x0000000000000000
core   0: 0x00000000800053d4 (0x003022f3) csrr    t0, fcsr
core   0: 3 0x00000000800053d4 (0x003022f3) x5  0x0000000000000000
core   0: 0x00000000800053d8 (0x77f0b023) sd      t6, 1888(ra)
core   0: 3 0x00000000800053d8 (0x77f0b023) mem 0x0000000080010a28 0x0000000000000000
core   0: 0x00000000800053dc (0x7650b423) sd      t0, 1896(ra)
core   0: 3 0x00000000800053dc (0x7650b423) mem 0x0000000080010a30 0x0000000000000000
core   0: >>>>  inst_402
core   0: 0x00000000800053e0 (0x00100113) li      sp, 1
core   0: 3 0x00000000800053e0 (0x00100113) x2  0x0000000000000001
core   0: 0x00000000800053e4 (0x00c11113) slli    sp, sp, 12
core   0: 3 0x00000000800053e4 (0x00c11113) x2  0x0000000000001000
core   0: 0x00000000800053e8 (0x00220233) add     tp, tp, sp
core   0: 3 0x00000000800053e8 (0x00220233) x4  0x000000008000b190
core   0: 0x00000000800053ec (0x7a023f87) fld     ft11, 1952(tp)
core   0: 3 0x00000000800053ec (0x7a023f87) f31 0x8010000000000000 mem 0x000000008000b930
core   0: 0x00000000800053f0 (0x40220233) sub     tp, tp, sp
core   0: 3 0x00000000800053f0 (0x40220233) x4  0x000000008000a190
core   0: 0x00000000800053f4 (0x00100113) li      sp, 1
core   0: 3 0x00000000800053f4 (0x00100113) x2  0x0000000000000001
core   0: 0x00000000800053f8 (0x00c11113) slli    sp, sp, 12
core   0: 3 0x00000000800053f8 (0x00c11113) x2  0x0000000000001000
core   0: 0x00000000800053fc (0x00220233) add     tp, tp, sp
core   0: 3 0x00000000800053fc (0x00220233) x4  0x000000008000b190
core   0: 0x0000000080005400 (0x7a823f07) fld     ft10, 1960(tp)
core   0: 3 0x0000000080005400 (0x7a823f07) f30 0xbf80000000000000 mem 0x000000008000b938
core   0: 0x0000000080005404 (0x40220233) sub     tp, tp, sp
core   0: 3 0x0000000080005404 (0x40220233) x4  0x000000008000a190
core   0: 0x0000000080005408 (0x00000113) li      sp, 0
core   0: 3 0x0000000080005408 (0x00000113) x2  0x0000000000000000
core   0: 0x000000008000540c (0x00311073) csrw    fcsr, sp
core   0: 3 0x000000008000540c (0x00311073) c1_fflags 0x0000000000000000 c2_frm 0x0000000000000000
core   0: 0x0000000080005410 (0xa3ef9fd3) flt.d   t6, ft11, ft10
core   0: 3 0x0000000080005410 (0xa3ef9fd3) x31 0x0000000000000000
core   0: 0x0000000080005414 (0x003022f3) csrr    t0, fcsr
core   0: 3 0x0000000080005414 (0x003022f3) x5  0x0000000000000000
core   0: 0x0000000080005418 (0x77f0b823) sd      t6, 1904(ra)
core   0: 3 0x0000000080005418 (0x77f0b823) mem 0x0000000080010a38 0x0000000000000000
core   0: 0x000000008000541c (0x7650bc23) sd      t0, 1912(ra)
core   0: 3 0x000000008000541c (0x7650bc23) mem 0x0000000080010a40 0x0000000000000000
core   0: >>>>  inst_403
core   0: 0x0000000080005420 (0x00100113) li      sp, 1
core   0: 3 0x0000000080005420 (0x00100113) x2  0x0000000000000001
core   0: 0x0000000080005424 (0x00c11113) slli    sp, sp, 12
core   0: 3 0x0000000080005424 (0x00c11113) x2  0x0000000000001000
core   0: 0x0000000080005428 (0x00220233) add     tp, tp, sp
core   0: 3 0x0000000080005428 (0x00220233) x4  0x000000008000b190
core   0: 0x000000008000542c (0x7b023f87) fld     ft11, 1968(tp)
core   0: 3 0x000000008000542c (0x7b023f87) f31 0x8010000000000000 mem 0x000000008000b940
core   0: 0x0000000080005430 (0x40220233) sub     tp, tp, sp
core   0: 3 0x0000000080005430 (0x40220233) x4  0x000000008000a190
core   0: 0x0000000080005434 (0x00100113) li      sp, 1
core   0: 3 0x0000000080005434 (0x00100113) x2  0x0000000000000001
core   0: 0x0000000080005438 (0x00c11113) slli    sp, sp, 12
core   0: 3 0x0000000080005438 (0x00c11113) x2  0x0000000000001000
core   0: 0x000000008000543c (0x00220233) add     tp, tp, sp
core   0: 3 0x000000008000543c (0x00220233) x4  0x000000008000b190
core   0: 0x0000000080005440 (0x7b823f07) fld     ft10, 1976(tp)
core   0: 3 0x0000000080005440 (0x7b823f07) f30 0xffefffffffffffff mem 0x000000008000b948
core   0: 0x0000000080005444 (0x40220233) sub     tp, tp, sp
core   0: 3 0x0000000080005444 (0x40220233) x4  0x000000008000a190
core   0: 0x0000000080005448 (0x00000113) li      sp, 0
core   0: 3 0x0000000080005448 (0x00000113) x2  0x0000000000000000
core   0: 0x000000008000544c (0x00311073) csrw    fcsr, sp
core   0: 3 0x000000008000544c (0x00311073) c1_fflags 0x0000000000000000 c2_frm 0x0000000000000000
core   0: 0x0000000080005450 (0xa3ef9fd3) flt.d   t6, ft11, ft10
core   0: 3 0x0000000080005450 (0xa3ef9fd3) x31 0x0000000000000000
core   0: 0x0000000080005454 (0x003022f3) csrr    t0, fcsr
core   0: 3 0x0000000080005454 (0x003022f3) x5  0x0000000000000000
core   0: 0x0000000080005458 (0x79f0b023) sd      t6, 1920(ra)
core   0: 3 0x0000000080005458 (0x79f0b023) mem 0x0000000080010a48 0x0000000000000000
core   0: 0x000000008000545c (0x7850b423) sd      t0, 1928(ra)
core   0: 3 0x000000008000545c (0x7850b423) mem 0x0000000080010a50 0x0000000000000000
core   0: >>>>  inst_404
core   0: 0x0000000080005460 (0x00100113) li      sp, 1
core   0: 3 0x0000000080005460 (0x00100113) x2  0x0000000000000001
core   0: 0x0000000080005464 (0x00c11113) slli    sp, sp, 12
core   0: 3 0x0000000080005464 (0x00c11113) x2  0x0000000000001000
core   0: 0x0000000080005468 (0x00220233) add     tp, tp, sp
core   0: 3 0x0000000080005468 (0x00220233) x4  0x000000008000b190
core   0: 0x000000008000546c (0x7c023f87) fld     ft11, 1984(tp)
core   0: 3 0x000000008000546c (0x7c023f87) f31 0x8010000000000000 mem 0x000000008000b950
core   0: 0x0000000080005470 (0x40220233) sub     tp, tp, sp
core   0: 3 0x0000000080005470 (0x40220233) x4  0x000000008000a190
core   0: 0x0000000080005474 (0x00100113) li      sp, 1
core   0: 3 0x0000000080005474 (0x00100113) x2  0x0000000000000001
core   0: 0x0000000080005478 (0x00c11113) slli    sp, sp, 12
core   0: 3 0x0000000080005478 (0x00c11113) x2  0x0000000000001000
core   0: 0x000000008000547c (0x00220233) add     tp, tp, sp
core   0: 3 0x000000008000547c (0x00220233) x4  0x000000008000b190
core   0: 0x0000000080005480 (0x7c823f07) fld     ft10, 1992(tp)
core   0: 3 0x0000000080005480 (0x7c823f07) f30 0xfff0000000000000 mem 0x000000008000b958
core   0: 0x0000000080005484 (0x40220233) sub     tp, tp, sp
core   0: 3 0x0000000080005484 (0x40220233) x4  0x000000008000a190
core   0: 0x0000000080005488 (0x00000113) li      sp, 0
core   0: 3 0x0000000080005488 (0x00000113) x2  0x0000000000000000
core   0: 0x000000008000548c (0x00311073) csrw    fcsr, sp
core   0: 3 0x000000008000548c (0x00311073) c1_fflags 0x0000000000000000 c2_frm 0x0000000000000000
core   0: 0x0000000080005490 (0xa3ef9fd3) flt.d   t6, ft11, ft10
core   0: 3 0x0000000080005490 (0xa3ef9fd3) x31 0x0000000000000000
core   0: 0x0000000080005494 (0x003022f3) csrr    t0, fcsr
core   0: 3 0x0000000080005494 (0x003022f3) x5  0x0000000000000000
core   0: 0x0000000080005498 (0x79f0b823) sd      t6, 1936(ra)
core   0: 3 0x0000000080005498 (0x79f0b823) mem 0x0000000080010a58 0x0000000000000000
core   0: 0x000000008000549c (0x7850bc23) sd      t0, 1944(ra)
core   0: 3 0x000000008000549c (0x7850bc23) mem 0x0000000080010a60 0x0000000000000000
core   0: >>>>  inst_405
core   0: 0x00000000800054a0 (0x00100113) li      sp, 1
core   0: 3 0x00000000800054a0 (0x00100113) x2  0x0000000000000001
core   0: 0x00000000800054a4 (0x00c11113) slli    sp, sp, 12
core   0: 3 0x00000000800054a4 (0x00c11113) x2  0x0000000000001000
core   0: 0x00000000800054a8 (0x00220233) add     tp, tp, sp
core   0: 3 0x00000000800054a8 (0x00220233) x4  0x000000008000b190
core   0: 0x00000000800054ac (0x7d023f87) fld     ft11, 2000(tp)
core   0: 3 0x00000000800054ac (0x7d023f87) f31 0x8010000000000000 mem 0x000000008000b960
core   0: 0x00000000800054b0 (0x40220233) sub     tp, tp, sp
core   0: 3 0x00000000800054b0 (0x40220233) x4  0x000000008000a190
core   0: 0x00000000800054b4 (0x00100113) li      sp, 1
core   0: 3 0x00000000800054b4 (0x00100113) x2  0x0000000000000001
core   0: 0x00000000800054b8 (0x00c11113) slli    sp, sp, 12
core   0: 3 0x00000000800054b8 (0x00c11113) x2  0x0000000000001000
core   0: 0x00000000800054bc (0x00220233) add     tp, tp, sp
core   0: 3 0x00000000800054bc (0x00220233) x4  0x000000008000b190
core   0: 0x00000000800054c0 (0x7d823f07) fld     ft10, 2008(tp)
core   0: 3 0x00000000800054c0 (0x7d823f07) f30 0xfff0000000000001 mem 0x000000008000b968
core   0: 0x00000000800054c4 (0x40220233) sub     tp, tp, sp
core   0: 3 0x00000000800054c4 (0x40220233) x4  0x000000008000a190
core   0: 0x00000000800054c8 (0x00000113) li      sp, 0
core   0: 3 0x00000000800054c8 (0x00000113) x2  0x0000000000000000
core   0: 0x00000000800054cc (0x00311073) csrw    fcsr, sp
core   0: 3 0x00000000800054cc (0x00311073) c1_fflags 0x0000000000000000 c2_frm 0x0000000000000000
core   0: 0x00000000800054d0 (0xa3ef9fd3) flt.d   t6, ft11, ft10
core   0: 3 0x00000000800054d0 (0xa3ef9fd3) c1_fflags 0x0000000000000010 x31 0x0000000000000000
core   0: 0x00000000800054d4 (0x003022f3) csrr    t0, fcsr
core   0: 3 0x00000000800054d4 (0x003022f3) x5  0x0000000000000010
core   0: 0x00000000800054d8 (0x7bf0b023) sd      t6, 1952(ra)
core   0: 3 0x00000000800054d8 (0x7bf0b023) mem 0x0000000080010a68 0x0000000000000000
core   0: 0x00000000800054dc (0x7a50b423) sd      t0, 1960(ra)
core   0: 3 0x00000000800054dc (0x7a50b423) mem 0x0000000080010a70 0x0000000000000010
core   0: >>>>  inst_406
core   0: 0x00000000800054e0 (0x00100113) li      sp, 1
core   0: 3 0x00000000800054e0 (0x00100113) x2  0x0000000000000001
core   0: 0x00000000800054e4 (0x00c11113) slli    sp, sp, 12
core   0: 3 0x00000000800054e4 (0x00c11113) x2  0x0000000000001000
core   0: 0x00000000800054e8 (0x00220233) add     tp, tp, sp
core   0: 3 0x00000000800054e8 (0x00220233) x4  0x000000008000b190
core   0: 0x00000000800054ec (0x7e023f87) fld     ft11, 2016(tp)
core   0: 3 0x00000000800054ec (0x7e023f87) f31 0x8010000000000000 mem 0x000000008000b970
core   0: 0x00000000800054f0 (0x40220233) sub     tp, tp, sp
core   0: 3 0x00000000800054f0 (0x40220233) x4  0x000000008000a190
core   0: 0x00000000800054f4 (0x00100113) li      sp, 1
core   0: 3 0x00000000800054f4 (0x00100113) x2  0x0000000000000001
core   0: 0x00000000800054f8 (0x00c11113) slli    sp, sp, 12
core   0: 3 0x00000000800054f8 (0x00c11113) x2  0x0000000000001000
core   0: 0x00000000800054fc (0x00220233) add     tp, tp, sp
core   0: 3 0x00000000800054fc (0x00220233) x4  0x000000008000b190
core   0: 0x0000000080005500 (0x7e823f07) fld     ft10, 2024(tp)
core   0: 3 0x0000000080005500 (0x7e823f07) f30 0xfff8000000000000 mem 0x000000008000b978
core   0: 0x0000000080005504 (0x40220233) sub     tp, tp, sp
core   0: 3 0x0000000080005504 (0x40220233) x4  0x000000008000a190
core   0: 0x0000000080005508 (0x00000113) li      sp, 0
core   0: 3 0x0000000080005508 (0x00000113) x2  0x0000000000000000
core   0: 0x000000008000550c (0x00311073) csrw    fcsr, sp
core   0: 3 0x000000008000550c (0x00311073) c1_fflags 0x0000000000000000 c2_frm 0x0000000000000000
core   0: 0x0000000080005510 (0xa3ef9fd3) flt.d   t6, ft11, ft10
core   0: 3 0x0000000080005510 (0xa3ef9fd3) c1_fflags 0x0000000000000010 x31 0x0000000000000000
core   0: 0x0000000080005514 (0x003022f3) csrr    t0, fcsr
core   0: 3 0x0000000080005514 (0x003022f3) x5  0x0000000000000010
core   0: 0x0000000080005518 (0x7bf0b823) sd      t6, 1968(ra)
core   0: 3 0x0000000080005518 (0x7bf0b823) mem 0x0000000080010a78 0x0000000000000000
core   0: 0x000000008000551c (0x7a50bc23) sd      t0, 1976(ra)
core   0: 3 0x000000008000551c (0x7a50bc23) mem 0x0000000080010a80 0x0000000000000010
core   0: >>>>  inst_407
core   0: 0x0000000080005520 (0x00100113) li      sp, 1
core   0: 3 0x0000000080005520 (0x00100113) x2  0x0000000000000001
core   0: 0x0000000080005524 (0x00c11113) slli    sp, sp, 12
core   0: 3 0x0000000080005524 (0x00c11113) x2  0x0000000000001000
core   0: 0x0000000080005528 (0x00220233) add     tp, tp, sp
core   0: 3 0x0000000080005528 (0x00220233) x4  0x000000008000b190
core   0: 0x000000008000552c (0x7f023f87) fld     ft11, 2032(tp)
core   0: 3 0x000000008000552c (0x7f023f87) f31 0x8010000000000000 mem 0x000000008000b980
core   0: 0x0000000080005530 (0x40220233) sub     tp, tp, sp
core   0: 3 0x0000000080005530 (0x40220233) x4  0x000000008000a190
core   0: 0x0000000080005534 (0x00100113) li      sp, 1
core   0: 3 0x0000000080005534 (0x00100113) x2  0x0000000000000001
core   0: 0x0000000080005538 (0x00c11113) slli    sp, sp, 12
core   0: 3 0x0000000080005538 (0x00c11113) x2  0x0000000000001000
core   0: 0x000000008000553c (0x00220233) add     tp, tp, sp
core   0: 3 0x000000008000553c (0x00220233) x4  0x000000008000b190
core   0: 0x0000000080005540 (0x7f823f07) fld     ft10, 2040(tp)
core   0: 3 0x0000000080005540 (0x7f823f07) f30 0xfff8000000000001 mem 0x000000008000b988
core   0: 0x0000000080005544 (0x40220233) sub     tp, tp, sp
core   0: 3 0x0000000080005544 (0x40220233) x4  0x000000008000a190
core   0: 0x0000000080005548 (0x00000113) li      sp, 0
core   0: 3 0x0000000080005548 (0x00000113) x2  0x0000000000000000
core   0: 0x000000008000554c (0x00311073) csrw    fcsr, sp
core   0: 3 0x000000008000554c (0x00311073) c1_fflags 0x0000000000000000 c2_frm 0x0000000000000000
core   0: 0x0000000080005550 (0xa3ef9fd3) flt.d   t6, ft11, ft10
core   0: 3 0x0000000080005550 (0xa3ef9fd3) c1_fflags 0x0000000000000010 x31 0x0000000000000000
core   0: 0x0000000080005554 (0x003022f3) csrr    t0, fcsr
core   0: 3 0x0000000080005554 (0x003022f3) x5  0x0000000000000010
core   0: 0x0000000080005558 (0x7df0b023) sd      t6, 1984(ra)
core   0: 3 0x0000000080005558 (0x7df0b023) mem 0x0000000080010a88 0x0000000000000000
core   0: 0x000000008000555c (0x7c50b423) sd      t0, 1992(ra)
core   0: 3 0x000000008000555c (0x7c50b423) mem 0x0000000080010a90 0x0000000000000010
core   0: >>>>  inst_408
core   0: 0x0000000080005560 (0x00100113) li      sp, 1
core   0: 3 0x0000000080005560 (0x00100113) x2  0x0000000000000001
core   0: 0x0000000080005564 (0x00d11113) slli    sp, sp, 13
core   0: 3 0x0000000080005564 (0x00d11113) x2  0x0000000000002000
core   0: 0x0000000080005568 (0x00220233) add     tp, tp, sp
core   0: 3 0x0000000080005568 (0x00220233) x4  0x000000008000c190
core   0: 0x000000008000556c (0x80023f87) fld     ft11, -2048(tp)
core   0: 3 0x000000008000556c (0x80023f87) f31 0x8010000000000002 mem 0x000000008000b990
core   0: 0x0000000080005570 (0x40220233) sub     tp, tp, sp
core   0: 3 0x0000000080005570 (0x40220233) x4  0x000000008000a190
core   0: 0x0000000080005574 (0x00100113) li      sp, 1
core   0: 3 0x0000000080005574 (0x00100113) x2  0x0000000000000001
core   0: 0x0000000080005578 (0x00d11113) slli    sp, sp, 13
core   0: 3 0x0000000080005578 (0x00d11113) x2  0x0000000000002000
core   0: 0x000000008000557c (0x00220233) add     tp, tp, sp
core   0: 3 0x000000008000557c (0x00220233) x4  0x000000008000c190
core   0: 0x0000000080005580 (0x80823f07) fld     ft10, -2040(tp)
core   0: 3 0x0000000080005580 (0x80823f07) f30 0x0000000000000000 mem 0x000000008000b998
core   0: 0x0000000080005584 (0x40220233) sub     tp, tp, sp
core   0: 3 0x0000000080005584 (0x40220233) x4  0x000000008000a190
core   0: 0x0000000080005588 (0x00000113) li      sp, 0
core   0: 3 0x0000000080005588 (0x00000113) x2  0x0000000000000000
core   0: 0x000000008000558c (0x00311073) csrw    fcsr, sp
core   0: 3 0x000000008000558c (0x00311073) c1_fflags 0x0000000000000000 c2_frm 0x0000000000000000
core   0: 0x0000000080005590 (0xa3ef9fd3) flt.d   t6, ft11, ft10
core   0: 3 0x0000000080005590 (0xa3ef9fd3) x31 0x0000000000000001
core   0: 0x0000000080005594 (0x003022f3) csrr    t0, fcsr
core   0: 3 0x0000000080005594 (0x003022f3) x5  0x0000000000000000
core   0: 0x0000000080005598 (0x7df0b823) sd      t6, 2000(ra)
core   0: 3 0x0000000080005598 (0x7df0b823) mem 0x0000000080010a98 0x0000000000000001
core   0: 0x000000008000559c (0x7c50bc23) sd      t0, 2008(ra)
core   0: 3 0x000000008000559c (0x7c50bc23) mem 0x0000000080010aa0 0x0000000000000000
core   0: >>>>  inst_409
core   0: 0x00000000800055a0 (0x00100113) li      sp, 1
core   0: 3 0x00000000800055a0 (0x00100113) x2  0x0000000000000001
core   0: 0x00000000800055a4 (0x00d11113) slli    sp, sp, 13
core   0: 3 0x00000000800055a4 (0x00d11113) x2  0x0000000000002000
core   0: 0x00000000800055a8 (0x00220233) add     tp, tp, sp
core   0: 3 0x00000000800055a8 (0x00220233) x4  0x000000008000c190
core   0: 0x00000000800055ac (0x81023f87) fld     ft11, -2032(tp)
core   0: 3 0x00000000800055ac (0x81023f87) f31 0x8010000000000002 mem 0x000000008000b9a0
core   0: 0x00000000800055b0 (0x40220233) sub     tp, tp, sp
core   0: 3 0x00000000800055b0 (0x40220233) x4  0x000000008000a190
core   0: 0x00000000800055b4 (0x00100113) li      sp, 1
core   0: 3 0x00000000800055b4 (0x00100113) x2  0x0000000000000001
core   0: 0x00000000800055b8 (0x00d11113) slli    sp, sp, 13
core   0: 3 0x00000000800055b8 (0x00d11113) x2  0x0000000000002000
core   0: 0x00000000800055bc (0x00220233) add     tp, tp, sp
core   0: 3 0x00000000800055bc (0x00220233) x4  0x000000008000c190
core   0: 0x00000000800055c0 (0x81823f07) fld     ft10, -2024(tp)
core   0: 3 0x00000000800055c0 (0x81823f07) f30 0x0000000000000001 mem 0x000000008000b9a8
core   0: 0x00000000800055c4 (0x40220233) sub     tp, tp, sp
core   0: 3 0x00000000800055c4 (0x40220233) x4  0x000000008000a190
core   0: 0x00000000800055c8 (0x00000113) li      sp, 0
core   0: 3 0x00000000800055c8 (0x00000113) x2  0x0000000000000000
core   0: 0x00000000800055cc (0x00311073) csrw    fcsr, sp
core   0: 3 0x00000000800055cc (0x00311073) c1_fflags 0x0000000000000000 c2_frm 0x0000000000000000
core   0: 0x00000000800055d0 (0xa3ef9fd3) flt.d   t6, ft11, ft10
core   0: 3 0x00000000800055d0 (0xa3ef9fd3) x31 0x0000000000000001
core   0: 0x00000000800055d4 (0x003022f3) csrr    t0, fcsr
core   0: 3 0x00000000800055d4 (0x003022f3) x5  0x0000000000000000
core   0: 0x00000000800055d8 (0x7ff0b023) sd      t6, 2016(ra)
core   0: 3 0x00000000800055d8 (0x7ff0b023) mem 0x0000000080010aa8 0x0000000000000001
core   0: 0x00000000800055dc (0x7e50b423) sd      t0, 2024(ra)
core   0: 3 0x00000000800055dc (0x7e50b423) mem 0x0000000080010ab0 0x0000000000000000
core   0: >>>>  inst_410
core   0: 0x00000000800055e0 (0x00100113) li      sp, 1
core   0: 3 0x00000000800055e0 (0x00100113) x2  0x0000000000000001
core   0: 0x00000000800055e4 (0x00d11113) slli    sp, sp, 13
core   0: 3 0x00000000800055e4 (0x00d11113) x2  0x0000000000002000
core   0: 0x00000000800055e8 (0x00220233) add     tp, tp, sp
core   0: 3 0x00000000800055e8 (0x00220233) x4  0x000000008000c190
core   0: 0x00000000800055ec (0x82023f87) fld     ft11, -2016(tp)
core   0: 3 0x00000000800055ec (0x82023f87) f31 0x8010000000000002 mem 0x000000008000b9b0
core   0: 0x00000000800055f0 (0x40220233) sub     tp, tp, sp
core   0: 3 0x00000000800055f0 (0x40220233) x4  0x000000008000a190
core   0: 0x00000000800055f4 (0x00100113) li      sp, 1
core   0: 3 0x00000000800055f4 (0x00100113) x2  0x0000000000000001
core   0: 0x00000000800055f8 (0x00d11113) slli    sp, sp, 13
core   0: 3 0x00000000800055f8 (0x00d11113) x2  0x0000000000002000
core   0: 0x00000000800055fc (0x00220233) add     tp, tp, sp
core   0: 3 0x00000000800055fc (0x00220233) x4  0x000000008000c190
core   0: 0x0000000080005600 (0x82823f07) fld     ft10, -2008(tp)
core   0: 3 0x0000000080005600 (0x82823f07) f30 0x0000000000000002 mem 0x000000008000b9b8
core   0: 0x0000000080005604 (0x40220233) sub     tp, tp, sp
core   0: 3 0x0000000080005604 (0x40220233) x4  0x000000008000a190
core   0: 0x0000000080005608 (0x00000113) li      sp, 0
core   0: 3 0x0000000080005608 (0x00000113) x2  0x0000000000000000
core   0: 0x000000008000560c (0x00311073) csrw    fcsr, sp
core   0: 3 0x000000008000560c (0x00311073) c1_fflags 0x0000000000000000 c2_frm 0x0000000000000000
core   0: 0x0000000080005610 (0xa3ef9fd3) flt.d   t6, ft11, ft10
core   0: 3 0x0000000080005610 (0xa3ef9fd3) x31 0x0000000000000001
core   0: 0x0000000080005614 (0x003022f3) csrr    t0, fcsr
core   0: 3 0x0000000080005614 (0x003022f3) x5  0x0000000000000000
core   0: 0x0000000080005618 (0x7ff0b823) sd      t6, 2032(ra)
core   0: 3 0x0000000080005618 (0x7ff0b823) mem 0x0000000080010ab8 0x0000000000000001
core   0: 0x000000008000561c (0x7e50bc23) sd      t0, 2040(ra)
core   0: 3 0x000000008000561c (0x7e50bc23) mem 0x0000000080010ac0 0x0000000000000000
core   0: 0x0000000080005620 (0x0000b097) auipc   ra, 0xb
core   0: 3 0x0000000080005620 (0x0000b097) x1  0x0000000080010620
core   0: 0x0000000080005624 (0x4a808093) addi    ra, ra, 1192
core   0: 3 0x0000000080005624 (0x4a808093) x1  0x0000000080010ac8
core   0: 0x0000000080005628 (0x00000013) nop
core   0: 3 0x0000000080005628 (0x00000013)
core   0: 0x000000008000562c (0x00000013) nop
core   0: 3 0x000000008000562c (0x00000013)
core   0: 0x0000000080005630 (0x00000013) nop
core   0: 3 0x0000000080005630 (0x00000013)
core   0: 0x0000000080005634 (0x00000013) nop
core   0: 3 0x0000000080005634 (0x00000013)
core   0: 0x0000000080005638 (0x00000013) nop
core   0: 3 0x0000000080005638 (0x00000013)
core   0: 0x000000008000563c (0x00000013) nop
core   0: 3 0x000000008000563c (0x00000013)
core   0: >>>>  inst_411
core   0: 0x0000000080005640 (0x00100113) li      sp, 1
core   0: 3 0x0000000080005640 (0x00100113) x2  0x0000000000000001
core   0: 0x0000000080005644 (0x00d11113) slli    sp, sp, 13
core   0: 3 0x0000000080005644 (0x00d11113) x2  0x0000000000002000
core   0: 0x0000000080005648 (0x00220233) add     tp, tp, sp
core   0: 3 0x0000000080005648 (0x00220233) x4  0x000000008000c190
core   0: 0x000000008000564c (0x83023f87) fld     ft11, -2000(tp)
core   0: 3 0x000000008000564c (0x83023f87) f31 0x8010000000000002 mem 0x000000008000b9c0
core   0: 0x0000000080005650 (0x40220233) sub     tp, tp, sp
core   0: 3 0x0000000080005650 (0x40220233) x4  0x000000008000a190
core   0: 0x0000000080005654 (0x00100113) li      sp, 1
core   0: 3 0x0000000080005654 (0x00100113) x2  0x0000000000000001
core   0: 0x0000000080005658 (0x00d11113) slli    sp, sp, 13
core   0: 3 0x0000000080005658 (0x00d11113) x2  0x0000000000002000
core   0: 0x000000008000565c (0x00220233) add     tp, tp, sp
core   0: 3 0x000000008000565c (0x00220233) x4  0x000000008000c190
core   0: 0x0000000080005660 (0x83823f07) fld     ft10, -1992(tp)
core   0: 3 0x0000000080005660 (0x83823f07) f30 0x000fffffffffffff mem 0x000000008000b9c8
core   0: 0x0000000080005664 (0x40220233) sub     tp, tp, sp
core   0: 3 0x0000000080005664 (0x40220233) x4  0x000000008000a190
core   0: 0x0000000080005668 (0x00000113) li      sp, 0
core   0: 3 0x0000000080005668 (0x00000113) x2  0x0000000000000000
core   0: 0x000000008000566c (0x00311073) csrw    fcsr, sp
core   0: 3 0x000000008000566c (0x00311073) c1_fflags 0x0000000000000000 c2_frm 0x0000000000000000
core   0: 0x0000000080005670 (0xa3ef9fd3) flt.d   t6, ft11, ft10
core   0: 3 0x0000000080005670 (0xa3ef9fd3) x31 0x0000000000000001
core   0: 0x0000000080005674 (0x003022f3) csrr    t0, fcsr
core   0: 3 0x0000000080005674 (0x003022f3) x5  0x0000000000000000
core   0: 0x0000000080005678 (0x01f0b023) sd      t6, 0(ra)
core   0: 3 0x0000000080005678 (0x01f0b023) mem 0x0000000080010ac8 0x0000000000000001
core   0: 0x000000008000567c (0x0050b423) sd      t0, 8(ra)
core   0: 3 0x000000008000567c (0x0050b423) mem 0x0000000080010ad0 0x0000000000000000
core   0: >>>>  inst_412
core   0: 0x0000000080005680 (0x00100113) li      sp, 1
core   0: 3 0x0000000080005680 (0x00100113) x2  0x0000000000000001
core   0: 0x0000000080005684 (0x00d11113) slli    sp, sp, 13
core   0: 3 0x0000000080005684 (0x00d11113) x2  0x0000000000002000
core   0: 0x0000000080005688 (0x00220233) add     tp, tp, sp
core   0: 3 0x0000000080005688 (0x00220233) x4  0x000000008000c190
core   0: 0x000000008000568c (0x84023f87) fld     ft11, -1984(tp)
core   0: 3 0x000000008000568c (0x84023f87) f31 0x8010000000000002 mem 0x000000008000b9d0
core   0: 0x0000000080005690 (0x40220233) sub     tp, tp, sp
core   0: 3 0x0000000080005690 (0x40220233) x4  0x000000008000a190
core   0: 0x0000000080005694 (0x00100113) li      sp, 1
core   0: 3 0x0000000080005694 (0x00100113) x2  0x0000000000000001
core   0: 0x0000000080005698 (0x00d11113) slli    sp, sp, 13
core   0: 3 0x0000000080005698 (0x00d11113) x2  0x0000000000002000
core   0: 0x000000008000569c (0x00220233) add     tp, tp, sp
core   0: 3 0x000000008000569c (0x00220233) x4  0x000000008000c190
core   0: 0x00000000800056a0 (0x84823f07) fld     ft10, -1976(tp)
core   0: 3 0x00000000800056a0 (0x84823f07) f30 0x0010000000000000 mem 0x000000008000b9d8
core   0: 0x00000000800056a4 (0x40220233) sub     tp, tp, sp
core   0: 3 0x00000000800056a4 (0x40220233) x4  0x000000008000a190
core   0: 0x00000000800056a8 (0x00000113) li      sp, 0
core   0: 3 0x00000000800056a8 (0x00000113) x2  0x0000000000000000
core   0: 0x00000000800056ac (0x00311073) csrw    fcsr, sp
core   0: 3 0x00000000800056ac (0x00311073) c1_fflags 0x0000000000000000 c2_frm 0x0000000000000000
core   0: 0x00000000800056b0 (0xa3ef9fd3) flt.d   t6, ft11, ft10
core   0: 3 0x00000000800056b0 (0xa3ef9fd3) x31 0x0000000000000001
core   0: 0x00000000800056b4 (0x003022f3) csrr    t0, fcsr
core   0: 3 0x00000000800056b4 (0x003022f3) x5  0x0000000000000000
core   0: 0x00000000800056b8 (0x01f0b823) sd      t6, 16(ra)
core   0: 3 0x00000000800056b8 (0x01f0b823) mem 0x0000000080010ad8 0x0000000000000001
core   0: 0x00000000800056bc (0x0050bc23) sd      t0, 24(ra)
core   0: 3 0x00000000800056bc (0x0050bc23) mem 0x0000000080010ae0 0x0000000000000000
core   0: >>>>  inst_413
core   0: 0x00000000800056c0 (0x00100113) li      sp, 1
core   0: 3 0x00000000800056c0 (0x00100113) x2  0x0000000000000001
core   0: 0x00000000800056c4 (0x00d11113) slli    sp, sp, 13
core   0: 3 0x00000000800056c4 (0x00d11113) x2  0x0000000000002000
core   0: 0x00000000800056c8 (0x00220233) add     tp, tp, sp
core   0: 3 0x00000000800056c8 (0x00220233) x4  0x000000008000c190
core   0: 0x00000000800056cc (0x85023f87) fld     ft11, -1968(tp)
core   0: 3 0x00000000800056cc (0x85023f87) f31 0x8010000000000002 mem 0x000000008000b9e0
core   0: 0x00000000800056d0 (0x40220233) sub     tp, tp, sp
core   0: 3 0x00000000800056d0 (0x40220233) x4  0x000000008000a190
core   0: 0x00000000800056d4 (0x00100113) li      sp, 1
core   0: 3 0x00000000800056d4 (0x00100113) x2  0x0000000000000001
core   0: 0x00000000800056d8 (0x00d11113) slli    sp, sp, 13
core   0: 3 0x00000000800056d8 (0x00d11113) x2  0x0000000000002000
core   0: 0x00000000800056dc (0x00220233) add     tp, tp, sp
core   0: 3 0x00000000800056dc (0x00220233) x4  0x000000008000c190
core   0: 0x00000000800056e0 (0x85823f07) fld     ft10, -1960(tp)
core   0: 3 0x00000000800056e0 (0x85823f07) f30 0x0010000000000002 mem 0x000000008000b9e8
core   0: 0x00000000800056e4 (0x40220233) sub     tp, tp, sp
core   0: 3 0x00000000800056e4 (0x40220233) x4  0x000000008000a190
core   0: 0x00000000800056e8 (0x00000113) li      sp, 0
core   0: 3 0x00000000800056e8 (0x00000113) x2  0x0000000000000000
core   0: 0x00000000800056ec (0x00311073) csrw    fcsr, sp
core   0: 3 0x00000000800056ec (0x00311073) c1_fflags 0x0000000000000000 c2_frm 0x0000000000000000
core   0: 0x00000000800056f0 (0xa3ef9fd3) flt.d   t6, ft11, ft10
core   0: 3 0x00000000800056f0 (0xa3ef9fd3) x31 0x0000000000000001
core   0: 0x00000000800056f4 (0x003022f3) csrr    t0, fcsr
core   0: 3 0x00000000800056f4 (0x003022f3) x5  0x0000000000000000
core   0: 0x00000000800056f8 (0x03f0b023) sd      t6, 32(ra)
core   0: 3 0x00000000800056f8 (0x03f0b023) mem 0x0000000080010ae8 0x0000000000000001
core   0: 0x00000000800056fc (0x0250b423) sd      t0, 40(ra)
core   0: 3 0x00000000800056fc (0x0250b423) mem 0x0000000080010af0 0x0000000000000000
core   0: >>>>  inst_414
core   0: 0x0000000080005700 (0x00100113) li      sp, 1
core   0: 3 0x0000000080005700 (0x00100113) x2  0x0000000000000001
core   0: 0x0000000080005704 (0x00d11113) slli    sp, sp, 13
core   0: 3 0x0000000080005704 (0x00d11113) x2  0x0000000000002000
core   0: 0x0000000080005708 (0x00220233) add     tp, tp, sp
core   0: 3 0x0000000080005708 (0x00220233) x4  0x000000008000c190
core   0: 0x000000008000570c (0x86023f87) fld     ft11, -1952(tp)
core   0: 3 0x000000008000570c (0x86023f87) f31 0x8010000000000002 mem 0x000000008000b9f0
core   0: 0x0000000080005710 (0x40220233) sub     tp, tp, sp
core   0: 3 0x0000000080005710 (0x40220233) x4  0x000000008000a190
core   0: 0x0000000080005714 (0x00100113) li      sp, 1
core   0: 3 0x0000000080005714 (0x00100113) x2  0x0000000000000001
core   0: 0x0000000080005718 (0x00d11113) slli    sp, sp, 13
core   0: 3 0x0000000080005718 (0x00d11113) x2  0x0000000000002000
core   0: 0x000000008000571c (0x00220233) add     tp, tp, sp
core   0: 3 0x000000008000571c (0x00220233) x4  0x000000008000c190
core   0: 0x0000000080005720 (0x86823f07) fld     ft10, -1944(tp)
core   0: 3 0x0000000080005720 (0x86823f07) f30 0x3ff0000000000000 mem 0x000000008000b9f8
core   0: 0x0000000080005724 (0x40220233) sub     tp, tp, sp
core   0: 3 0x0000000080005724 (0x40220233) x4  0x000000008000a190
core   0: 0x0000000080005728 (0x00000113) li      sp, 0
core   0: 3 0x0000000080005728 (0x00000113) x2  0x0000000000000000
core   0: 0x000000008000572c (0x00311073) csrw    fcsr, sp
core   0: 3 0x000000008000572c (0x00311073) c1_fflags 0x0000000000000000 c2_frm 0x0000000000000000
core   0: 0x0000000080005730 (0xa3ef9fd3) flt.d   t6, ft11, ft10
core   0: 3 0x0000000080005730 (0xa3ef9fd3) x31 0x0000000000000001
core   0: 0x0000000080005734 (0x003022f3) csrr    t0, fcsr
core   0: 3 0x0000000080005734 (0x003022f3) x5  0x0000000000000000
core   0: 0x0000000080005738 (0x03f0b823) sd      t6, 48(ra)
core   0: 3 0x0000000080005738 (0x03f0b823) mem 0x0000000080010af8 0x0000000000000001
core   0: 0x000000008000573c (0x0250bc23) sd      t0, 56(ra)
core   0: 3 0x000000008000573c (0x0250bc23) mem 0x0000000080010b00 0x0000000000000000
core   0: >>>>  inst_415
core   0: 0x0000000080005740 (0x00100113) li      sp, 1
core   0: 3 0x0000000080005740 (0x00100113) x2  0x0000000000000001
core   0: 0x0000000080005744 (0x00d11113) slli    sp, sp, 13
core   0: 3 0x0000000080005744 (0x00d11113) x2  0x0000000000002000
core   0: 0x0000000080005748 (0x00220233) add     tp, tp, sp
core   0: 3 0x0000000080005748 (0x00220233) x4  0x000000008000c190
core   0: 0x000000008000574c (0x87023f87) fld     ft11, -1936(tp)
core   0: 3 0x000000008000574c (0x87023f87) f31 0x8010000000000002 mem 0x000000008000ba00
core   0: 0x0000000080005750 (0x40220233) sub     tp, tp, sp
core   0: 3 0x0000000080005750 (0x40220233) x4  0x000000008000a190
core   0: 0x0000000080005754 (0x00100113) li      sp, 1
core   0: 3 0x0000000080005754 (0x00100113) x2  0x0000000000000001
core   0: 0x0000000080005758 (0x00d11113) slli    sp, sp, 13
core   0: 3 0x0000000080005758 (0x00d11113) x2  0x0000000000002000
core   0: 0x000000008000575c (0x00220233) add     tp, tp, sp
core   0: 3 0x000000008000575c (0x00220233) x4  0x000000008000c190
core   0: 0x0000000080005760 (0x87823f07) fld     ft10, -1928(tp)
core   0: 3 0x0000000080005760 (0x87823f07) f30 0x7fefffffffffffff mem 0x000000008000ba08
core   0: 0x0000000080005764 (0x40220233) sub     tp, tp, sp
core   0: 3 0x0000000080005764 (0x40220233) x4  0x000000008000a190
core   0: 0x0000000080005768 (0x00000113) li      sp, 0
core   0: 3 0x0000000080005768 (0x00000113) x2  0x0000000000000000
core   0: 0x000000008000576c (0x00311073) csrw    fcsr, sp
core   0: 3 0x000000008000576c (0x00311073) c1_fflags 0x0000000000000000 c2_frm 0x0000000000000000
core   0: 0x0000000080005770 (0xa3ef9fd3) flt.d   t6, ft11, ft10
core   0: 3 0x0000000080005770 (0xa3ef9fd3) x31 0x0000000000000001
core   0: 0x0000000080005774 (0x003022f3) csrr    t0, fcsr
core   0: 3 0x0000000080005774 (0x003022f3) x5  0x0000000000000000
core   0: 0x0000000080005778 (0x05f0b023) sd      t6, 64(ra)
core   0: 3 0x0000000080005778 (0x05f0b023) mem 0x0000000080010b08 0x0000000000000001
core   0: 0x000000008000577c (0x0450b423) sd      t0, 72(ra)
core   0: 3 0x000000008000577c (0x0450b423) mem 0x0000000080010b10 0x0000000000000000
core   0: >>>>  inst_416
core   0: 0x0000000080005780 (0x00100113) li      sp, 1
core   0: 3 0x0000000080005780 (0x00100113) x2  0x0000000000000001
core   0: 0x0000000080005784 (0x00d11113) slli    sp, sp, 13
core   0: 3 0x0000000080005784 (0x00d11113) x2  0x0000000000002000
core   0: 0x0000000080005788 (0x00220233) add     tp, tp, sp
core   0: 3 0x0000000080005788 (0x00220233) x4  0x000000008000c190
core   0: 0x000000008000578c (0x88023f87) fld     ft11, -1920(tp)
core   0: 3 0x000000008000578c (0x88023f87) f31 0x8010000000000002 mem 0x000000008000ba10
core   0: 0x0000000080005790 (0x40220233) sub     tp, tp, sp
core   0: 3 0x0000000080005790 (0x40220233) x4  0x000000008000a190
core   0: 0x0000000080005794 (0x00100113) li      sp, 1
core   0: 3 0x0000000080005794 (0x00100113) x2  0x0000000000000001
core   0: 0x0000000080005798 (0x00d11113) slli    sp, sp, 13
core   0: 3 0x0000000080005798 (0x00d11113) x2  0x0000000000002000
core   0: 0x000000008000579c (0x00220233) add     tp, tp, sp
core   0: 3 0x000000008000579c (0x00220233) x4  0x000000008000c190
core   0: 0x00000000800057a0 (0x88823f07) fld     ft10, -1912(tp)
core   0: 3 0x00000000800057a0 (0x88823f07) f30 0x7ff0000000000000 mem 0x000000008000ba18
core   0: 0x00000000800057a4 (0x40220233) sub     tp, tp, sp
core   0: 3 0x00000000800057a4 (0x40220233) x4  0x000000008000a190
core   0: 0x00000000800057a8 (0x00000113) li      sp, 0
core   0: 3 0x00000000800057a8 (0x00000113) x2  0x0000000000000000
core   0: 0x00000000800057ac (0x00311073) csrw    fcsr, sp
core   0: 3 0x00000000800057ac (0x00311073) c1_fflags 0x0000000000000000 c2_frm 0x0000000000000000
core   0: 0x00000000800057b0 (0xa3ef9fd3) flt.d   t6, ft11, ft10
core   0: 3 0x00000000800057b0 (0xa3ef9fd3) x31 0x0000000000000001
core   0: 0x00000000800057b4 (0x003022f3) csrr    t0, fcsr
core   0: 3 0x00000000800057b4 (0x003022f3) x5  0x0000000000000000
core   0: 0x00000000800057b8 (0x05f0b823) sd      t6, 80(ra)
core   0: 3 0x00000000800057b8 (0x05f0b823) mem 0x0000000080010b18 0x0000000000000001
core   0: 0x00000000800057bc (0x0450bc23) sd      t0, 88(ra)
core   0: 3 0x00000000800057bc (0x0450bc23) mem 0x0000000080010b20 0x0000000000000000
core   0: >>>>  inst_417
core   0: 0x00000000800057c0 (0x00100113) li      sp, 1
core   0: 3 0x00000000800057c0 (0x00100113) x2  0x0000000000000001
core   0: 0x00000000800057c4 (0x00d11113) slli    sp, sp, 13
core   0: 3 0x00000000800057c4 (0x00d11113) x2  0x0000000000002000
core   0: 0x00000000800057c8 (0x00220233) add     tp, tp, sp
core   0: 3 0x00000000800057c8 (0x00220233) x4  0x000000008000c190
core   0: 0x00000000800057cc (0x89023f87) fld     ft11, -1904(tp)
core   0: 3 0x00000000800057cc (0x89023f87) f31 0x8010000000000002 mem 0x000000008000ba20
core   0: 0x00000000800057d0 (0x40220233) sub     tp, tp, sp
core   0: 3 0x00000000800057d0 (0x40220233) x4  0x000000008000a190
core   0: 0x00000000800057d4 (0x00100113) li      sp, 1
core   0: 3 0x00000000800057d4 (0x00100113) x2  0x0000000000000001
core   0: 0x00000000800057d8 (0x00d11113) slli    sp, sp, 13
core   0: 3 0x00000000800057d8 (0x00d11113) x2  0x0000000000002000
core   0: 0x00000000800057dc (0x00220233) add     tp, tp, sp
core   0: 3 0x00000000800057dc (0x00220233) x4  0x000000008000c190
core   0: 0x00000000800057e0 (0x89823f07) fld     ft10, -1896(tp)
core   0: 3 0x00000000800057e0 (0x89823f07) f30 0x7ff0000000000001 mem 0x000000008000ba28
core   0: 0x00000000800057e4 (0x40220233) sub     tp, tp, sp
core   0: 3 0x00000000800057e4 (0x40220233) x4  0x000000008000a190
core   0: 0x00000000800057e8 (0x00000113) li      sp, 0
core   0: 3 0x00000000800057e8 (0x00000113) x2  0x0000000000000000
core   0: 0x00000000800057ec (0x00311073) csrw    fcsr, sp
core   0: 3 0x00000000800057ec (0x00311073) c1_fflags 0x0000000000000000 c2_frm 0x0000000000000000
core   0: 0x00000000800057f0 (0xa3ef9fd3) flt.d   t6, ft11, ft10
core   0: 3 0x00000000800057f0 (0xa3ef9fd3) c1_fflags 0x0000000000000010 x31 0x0000000000000000
core   0: 0x00000000800057f4 (0x003022f3) csrr    t0, fcsr
core   0: 3 0x00000000800057f4 (0x003022f3) x5  0x0000000000000010
core   0: 0x00000000800057f8 (0x07f0b023) sd      t6, 96(ra)
core   0: 3 0x00000000800057f8 (0x07f0b023) mem 0x0000000080010b28 0x0000000000000000
core   0: 0x00000000800057fc (0x0650b423) sd      t0, 104(ra)
core   0: 3 0x00000000800057fc (0x0650b423) mem 0x0000000080010b30 0x0000000000000010
core   0: >>>>  inst_418
core   0: 0x0000000080005800 (0x00100113) li      sp, 1
core   0: 3 0x0000000080005800 (0x00100113) x2  0x0000000000000001
core   0: 0x0000000080005804 (0x00d11113) slli    sp, sp, 13
core   0: 3 0x0000000080005804 (0x00d11113) x2  0x0000000000002000
core   0: 0x0000000080005808 (0x00220233) add     tp, tp, sp
core   0: 3 0x0000000080005808 (0x00220233) x4  0x000000008000c190
core   0: 0x000000008000580c (0x8a023f87) fld     ft11, -1888(tp)
core   0: 3 0x000000008000580c (0x8a023f87) f31 0x8010000000000002 mem 0x000000008000ba30
core   0: 0x0000000080005810 (0x40220233) sub     tp, tp, sp
core   0: 3 0x0000000080005810 (0x40220233) x4  0x000000008000a190
core   0: 0x0000000080005814 (0x00100113) li      sp, 1
core   0: 3 0x0000000080005814 (0x00100113) x2  0x0000000000000001
core   0: 0x0000000080005818 (0x00d11113) slli    sp, sp, 13
core   0: 3 0x0000000080005818 (0x00d11113) x2  0x0000000000002000
core   0: 0x000000008000581c (0x00220233) add     tp, tp, sp
core   0: 3 0x000000008000581c (0x00220233) x4  0x000000008000c190
core   0: 0x0000000080005820 (0x8a823f07) fld     ft10, -1880(tp)
core   0: 3 0x0000000080005820 (0x8a823f07) f30 0x7ff8000000000000 mem 0x000000008000ba38
core   0: 0x0000000080005824 (0x40220233) sub     tp, tp, sp
core   0: 3 0x0000000080005824 (0x40220233) x4  0x000000008000a190
core   0: 0x0000000080005828 (0x00000113) li      sp, 0
core   0: 3 0x0000000080005828 (0x00000113) x2  0x0000000000000000
core   0: 0x000000008000582c (0x00311073) csrw    fcsr, sp
core   0: 3 0x000000008000582c (0x00311073) c1_fflags 0x0000000000000000 c2_frm 0x0000000000000000
core   0: 0x0000000080005830 (0xa3ef9fd3) flt.d   t6, ft11, ft10
core   0: 3 0x0000000080005830 (0xa3ef9fd3) c1_fflags 0x0000000000000010 x31 0x0000000000000000
core   0: 0x0000000080005834 (0x003022f3) csrr    t0, fcsr
core   0: 3 0x0000000080005834 (0x003022f3) x5  0x0000000000000010
core   0: 0x0000000080005838 (0x07f0b823) sd      t6, 112(ra)
core   0: 3 0x0000000080005838 (0x07f0b823) mem 0x0000000080010b38 0x0000000000000000
core   0: 0x000000008000583c (0x0650bc23) sd      t0, 120(ra)
core   0: 3 0x000000008000583c (0x0650bc23) mem 0x0000000080010b40 0x0000000000000010
core   0: >>>>  inst_419
core   0: 0x0000000080005840 (0x00100113) li      sp, 1
core   0: 3 0x0000000080005840 (0x00100113) x2  0x0000000000000001
core   0: 0x0000000080005844 (0x00d11113) slli    sp, sp, 13
core   0: 3 0x0000000080005844 (0x00d11113) x2  0x0000000000002000
core   0: 0x0000000080005848 (0x00220233) add     tp, tp, sp
core   0: 3 0x0000000080005848 (0x00220233) x4  0x000000008000c190
core   0: 0x000000008000584c (0x8b023f87) fld     ft11, -1872(tp)
core   0: 3 0x000000008000584c (0x8b023f87) f31 0x8010000000000002 mem 0x000000008000ba40
core   0: 0x0000000080005850 (0x40220233) sub     tp, tp, sp
core   0: 3 0x0000000080005850 (0x40220233) x4  0x000000008000a190
core   0: 0x0000000080005854 (0x00100113) li      sp, 1
core   0: 3 0x0000000080005854 (0x00100113) x2  0x0000000000000001
core   0: 0x0000000080005858 (0x00d11113) slli    sp, sp, 13
core   0: 3 0x0000000080005858 (0x00d11113) x2  0x0000000000002000
core   0: 0x000000008000585c (0x00220233) add     tp, tp, sp
core   0: 3 0x000000008000585c (0x00220233) x4  0x000000008000c190
core   0: 0x0000000080005860 (0x8b823f07) fld     ft10, -1864(tp)
core   0: 3 0x0000000080005860 (0x8b823f07) f30 0x7ff8000000000001 mem 0x000000008000ba48
core   0: 0x0000000080005864 (0x40220233) sub     tp, tp, sp
core   0: 3 0x0000000080005864 (0x40220233) x4  0x000000008000a190
core   0: 0x0000000080005868 (0x00000113) li      sp, 0
core   0: 3 0x0000000080005868 (0x00000113) x2  0x0000000000000000
core   0: 0x000000008000586c (0x00311073) csrw    fcsr, sp
core   0: 3 0x000000008000586c (0x00311073) c1_fflags 0x0000000000000000 c2_frm 0x0000000000000000
core   0: 0x0000000080005870 (0xa3ef9fd3) flt.d   t6, ft11, ft10
core   0: 3 0x0000000080005870 (0xa3ef9fd3) c1_fflags 0x0000000000000010 x31 0x0000000000000000
core   0: 0x0000000080005874 (0x003022f3) csrr    t0, fcsr
core   0: 3 0x0000000080005874 (0x003022f3) x5  0x0000000000000010
core   0: 0x0000000080005878 (0x09f0b023) sd      t6, 128(ra)
core   0: 3 0x0000000080005878 (0x09f0b023) mem 0x0000000080010b48 0x0000000000000000
core   0: 0x000000008000587c (0x0850b423) sd      t0, 136(ra)
core   0: 3 0x000000008000587c (0x0850b423) mem 0x0000000080010b50 0x0000000000000010
core   0: >>>>  inst_420
core   0: 0x0000000080005880 (0x00100113) li      sp, 1
core   0: 3 0x0000000080005880 (0x00100113) x2  0x0000000000000001
core   0: 0x0000000080005884 (0x00d11113) slli    sp, sp, 13
core   0: 3 0x0000000080005884 (0x00d11113) x2  0x0000000000002000
core   0: 0x0000000080005888 (0x00220233) add     tp, tp, sp
core   0: 3 0x0000000080005888 (0x00220233) x4  0x000000008000c190
core   0: 0x000000008000588c (0x8c023f87) fld     ft11, -1856(tp)
core   0: 3 0x000000008000588c (0x8c023f87) f31 0x8010000000000002 mem 0x000000008000ba50
core   0: 0x0000000080005890 (0x40220233) sub     tp, tp, sp
core   0: 3 0x0000000080005890 (0x40220233) x4  0x000000008000a190
core   0: 0x0000000080005894 (0x00100113) li      sp, 1
core   0: 3 0x0000000080005894 (0x00100113) x2  0x0000000000000001
core   0: 0x0000000080005898 (0x00d11113) slli    sp, sp, 13
core   0: 3 0x0000000080005898 (0x00d11113) x2  0x0000000000002000
core   0: 0x000000008000589c (0x00220233) add     tp, tp, sp
core   0: 3 0x000000008000589c (0x00220233) x4  0x000000008000c190
core   0: 0x00000000800058a0 (0x8c823f07) fld     ft10, -1848(tp)
core   0: 3 0x00000000800058a0 (0x8c823f07) f30 0x8000000000000000 mem 0x000000008000ba58
core   0: 0x00000000800058a4 (0x40220233) sub     tp, tp, sp
core   0: 3 0x00000000800058a4 (0x40220233) x4  0x000000008000a190
core   0: 0x00000000800058a8 (0x00000113) li      sp, 0
core   0: 3 0x00000000800058a8 (0x00000113) x2  0x0000000000000000
core   0: 0x00000000800058ac (0x00311073) csrw    fcsr, sp
core   0: 3 0x00000000800058ac (0x00311073) c1_fflags 0x0000000000000000 c2_frm 0x0000000000000000
core   0: 0x00000000800058b0 (0xa3ef9fd3) flt.d   t6, ft11, ft10
core   0: 3 0x00000000800058b0 (0xa3ef9fd3) x31 0x0000000000000001
core   0: 0x00000000800058b4 (0x003022f3) csrr    t0, fcsr
core   0: 3 0x00000000800058b4 (0x003022f3) x5  0x0000000000000000
core   0: 0x00000000800058b8 (0x09f0b823) sd      t6, 144(ra)
core   0: 3 0x00000000800058b8 (0x09f0b823) mem 0x0000000080010b58 0x0000000000000001
core   0: 0x00000000800058bc (0x0850bc23) sd      t0, 152(ra)
core   0: 3 0x00000000800058bc (0x0850bc23) mem 0x0000000080010b60 0x0000000000000000
core   0: >>>>  inst_421
core   0: 0x00000000800058c0 (0x00100113) li      sp, 1
core   0: 3 0x00000000800058c0 (0x00100113) x2  0x0000000000000001
core   0: 0x00000000800058c4 (0x00d11113) slli    sp, sp, 13
core   0: 3 0x00000000800058c4 (0x00d11113) x2  0x0000000000002000
core   0: 0x00000000800058c8 (0x00220233) add     tp, tp, sp
core   0: 3 0x00000000800058c8 (0x00220233) x4  0x000000008000c190
core   0: 0x00000000800058cc (0x8d023f87) fld     ft11, -1840(tp)
core   0: 3 0x00000000800058cc (0x8d023f87) f31 0x8010000000000002 mem 0x000000008000ba60
core   0: 0x00000000800058d0 (0x40220233) sub     tp, tp, sp
core   0: 3 0x00000000800058d0 (0x40220233) x4  0x000000008000a190
core   0: 0x00000000800058d4 (0x00100113) li      sp, 1
core   0: 3 0x00000000800058d4 (0x00100113) x2  0x0000000000000001
core   0: 0x00000000800058d8 (0x00d11113) slli    sp, sp, 13
core   0: 3 0x00000000800058d8 (0x00d11113) x2  0x0000000000002000
core   0: 0x00000000800058dc (0x00220233) add     tp, tp, sp
core   0: 3 0x00000000800058dc (0x00220233) x4  0x000000008000c190
core   0: 0x00000000800058e0 (0x8d823f07) fld     ft10, -1832(tp)
core   0: 3 0x00000000800058e0 (0x8d823f07) f30 0x8000000000000001 mem 0x000000008000ba68
core   0: 0x00000000800058e4 (0x40220233) sub     tp, tp, sp
core   0: 3 0x00000000800058e4 (0x40220233) x4  0x000000008000a190
core   0: 0x00000000800058e8 (0x00000113) li      sp, 0
core   0: 3 0x00000000800058e8 (0x00000113) x2  0x0000000000000000
core   0: 0x00000000800058ec (0x00311073) csrw    fcsr, sp
core   0: 3 0x00000000800058ec (0x00311073) c1_fflags 0x0000000000000000 c2_frm 0x0000000000000000
core   0: 0x00000000800058f0 (0xa3ef9fd3) flt.d   t6, ft11, ft10
core   0: 3 0x00000000800058f0 (0xa3ef9fd3) x31 0x0000000000000001
core   0: 0x00000000800058f4 (0x003022f3) csrr    t0, fcsr
core   0: 3 0x00000000800058f4 (0x003022f3) x5  0x0000000000000000
core   0: 0x00000000800058f8 (0x0bf0b023) sd      t6, 160(ra)
core   0: 3 0x00000000800058f8 (0x0bf0b023) mem 0x0000000080010b68 0x0000000000000001
core   0: 0x00000000800058fc (0x0a50b423) sd      t0, 168(ra)
core   0: 3 0x00000000800058fc (0x0a50b423) mem 0x0000000080010b70 0x0000000000000000
core   0: >>>>  inst_422
core   0: 0x0000000080005900 (0x00100113) li      sp, 1
core   0: 3 0x0000000080005900 (0x00100113) x2  0x0000000000000001
core   0: 0x0000000080005904 (0x00d11113) slli    sp, sp, 13
core   0: 3 0x0000000080005904 (0x00d11113) x2  0x0000000000002000
core   0: 0x0000000080005908 (0x00220233) add     tp, tp, sp
core   0: 3 0x0000000080005908 (0x00220233) x4  0x000000008000c190
core   0: 0x000000008000590c (0x8e023f87) fld     ft11, -1824(tp)
core   0: 3 0x000000008000590c (0x8e023f87) f31 0x8010000000000002 mem 0x000000008000ba70
core   0: 0x0000000080005910 (0x40220233) sub     tp, tp, sp
core   0: 3 0x0000000080005910 (0x40220233) x4  0x000000008000a190
core   0: 0x0000000080005914 (0x00100113) li      sp, 1
core   0: 3 0x0000000080005914 (0x00100113) x2  0x0000000000000001
core   0: 0x0000000080005918 (0x00d11113) slli    sp, sp, 13
core   0: 3 0x0000000080005918 (0x00d11113) x2  0x0000000000002000
core   0: 0x000000008000591c (0x00220233) add     tp, tp, sp
core   0: 3 0x000000008000591c (0x00220233) x4  0x000000008000c190
core   0: 0x0000000080005920 (0x8e823f07) fld     ft10, -1816(tp)
core   0: 3 0x0000000080005920 (0x8e823f07) f30 0x8000000000000002 mem 0x000000008000ba78
core   0: 0x0000000080005924 (0x40220233) sub     tp, tp, sp
core   0: 3 0x0000000080005924 (0x40220233) x4  0x000000008000a190
core   0: 0x0000000080005928 (0x00000113) li      sp, 0
core   0: 3 0x0000000080005928 (0x00000113) x2  0x0000000000000000
core   0: 0x000000008000592c (0x00311073) csrw    fcsr, sp
core   0: 3 0x000000008000592c (0x00311073) c1_fflags 0x0000000000000000 c2_frm 0x0000000000000000
core   0: 0x0000000080005930 (0xa3ef9fd3) flt.d   t6, ft11, ft10
core   0: 3 0x0000000080005930 (0xa3ef9fd3) x31 0x0000000000000001
core   0: 0x0000000080005934 (0x003022f3) csrr    t0, fcsr
core   0: 3 0x0000000080005934 (0x003022f3) x5  0x0000000000000000
core   0: 0x0000000080005938 (0x0bf0b823) sd      t6, 176(ra)
core   0: 3 0x0000000080005938 (0x0bf0b823) mem 0x0000000080010b78 0x0000000000000001
core   0: 0x000000008000593c (0x0a50bc23) sd      t0, 184(ra)
core   0: 3 0x000000008000593c (0x0a50bc23) mem 0x0000000080010b80 0x0000000000000000
core   0: >>>>  inst_423
core   0: 0x0000000080005940 (0x00100113) li      sp, 1
core   0: 3 0x0000000080005940 (0x00100113) x2  0x0000000000000001
core   0: 0x0000000080005944 (0x00d11113) slli    sp, sp, 13
core   0: 3 0x0000000080005944 (0x00d11113) x2  0x0000000000002000
core   0: 0x0000000080005948 (0x00220233) add     tp, tp, sp
core   0: 3 0x0000000080005948 (0x00220233) x4  0x000000008000c190
core   0: 0x000000008000594c (0x8f023f87) fld     ft11, -1808(tp)
core   0: 3 0x000000008000594c (0x8f023f87) f31 0x8010000000000002 mem 0x000000008000ba80
core   0: 0x0000000080005950 (0x40220233) sub     tp, tp, sp
core   0: 3 0x0000000080005950 (0x40220233) x4  0x000000008000a190
core   0: 0x0000000080005954 (0x00100113) li      sp, 1
core   0: 3 0x0000000080005954 (0x00100113) x2  0x0000000000000001
core   0: 0x0000000080005958 (0x00d11113) slli    sp, sp, 13
core   0: 3 0x0000000080005958 (0x00d11113) x2  0x0000000000002000
core   0: 0x000000008000595c (0x00220233) add     tp, tp, sp
core   0: 3 0x000000008000595c (0x00220233) x4  0x000000008000c190
core   0: 0x0000000080005960 (0x8f823f07) fld     ft10, -1800(tp)
core   0: 3 0x0000000080005960 (0x8f823f07) f30 0x800fffffffffffff mem 0x000000008000ba88
core   0: 0x0000000080005964 (0x40220233) sub     tp, tp, sp
core   0: 3 0x0000000080005964 (0x40220233) x4  0x000000008000a190
core   0: 0x0000000080005968 (0x00000113) li      sp, 0
core   0: 3 0x0000000080005968 (0x00000113) x2  0x0000000000000000
core   0: 0x000000008000596c (0x00311073) csrw    fcsr, sp
core   0: 3 0x000000008000596c (0x00311073) c1_fflags 0x0000000000000000 c2_frm 0x0000000000000000
core   0: 0x0000000080005970 (0xa3ef9fd3) flt.d   t6, ft11, ft10
core   0: 3 0x0000000080005970 (0xa3ef9fd3) x31 0x0000000000000001
core   0: 0x0000000080005974 (0x003022f3) csrr    t0, fcsr
core   0: 3 0x0000000080005974 (0x003022f3) x5  0x0000000000000000
core   0: 0x0000000080005978 (0x0df0b023) sd      t6, 192(ra)
core   0: 3 0x0000000080005978 (0x0df0b023) mem 0x0000000080010b88 0x0000000000000001
core   0: 0x000000008000597c (0x0c50b423) sd      t0, 200(ra)
core   0: 3 0x000000008000597c (0x0c50b423) mem 0x0000000080010b90 0x0000000000000000
core   0: >>>>  inst_424
core   0: 0x0000000080005980 (0x00100113) li      sp, 1
core   0: 3 0x0000000080005980 (0x00100113) x2  0x0000000000000001
core   0: 0x0000000080005984 (0x00d11113) slli    sp, sp, 13
core   0: 3 0x0000000080005984 (0x00d11113) x2  0x0000000000002000
core   0: 0x0000000080005988 (0x00220233) add     tp, tp, sp
core   0: 3 0x0000000080005988 (0x00220233) x4  0x000000008000c190
core   0: 0x000000008000598c (0x90023f87) fld     ft11, -1792(tp)
core   0: 3 0x000000008000598c (0x90023f87) f31 0x8010000000000002 mem 0x000000008000ba90
core   0: 0x0000000080005990 (0x40220233) sub     tp, tp, sp
core   0: 3 0x0000000080005990 (0x40220233) x4  0x000000008000a190
core   0: 0x0000000080005994 (0x00100113) li      sp, 1
core   0: 3 0x0000000080005994 (0x00100113) x2  0x0000000000000001
core   0: 0x0000000080005998 (0x00d11113) slli    sp, sp, 13
core   0: 3 0x0000000080005998 (0x00d11113) x2  0x0000000000002000
core   0: 0x000000008000599c (0x00220233) add     tp, tp, sp
core   0: 3 0x000000008000599c (0x00220233) x4  0x000000008000c190
core   0: 0x00000000800059a0 (0x90823f07) fld     ft10, -1784(tp)
core   0: 3 0x00000000800059a0 (0x90823f07) f30 0x8010000000000000 mem 0x000000008000ba98
core   0: 0x00000000800059a4 (0x40220233) sub     tp, tp, sp
core   0: 3 0x00000000800059a4 (0x40220233) x4  0x000000008000a190
core   0: 0x00000000800059a8 (0x00000113) li      sp, 0
core   0: 3 0x00000000800059a8 (0x00000113) x2  0x0000000000000000
core   0: 0x00000000800059ac (0x00311073) csrw    fcsr, sp
core   0: 3 0x00000000800059ac (0x00311073) c1_fflags 0x0000000000000000 c2_frm 0x0000000000000000
core   0: 0x00000000800059b0 (0xa3ef9fd3) flt.d   t6, ft11, ft10
core   0: 3 0x00000000800059b0 (0xa3ef9fd3) x31 0x0000000000000001
core   0: 0x00000000800059b4 (0x003022f3) csrr    t0, fcsr
core   0: 3 0x00000000800059b4 (0x003022f3) x5  0x0000000000000000
core   0: 0x00000000800059b8 (0x0df0b823) sd      t6, 208(ra)
core   0: 3 0x00000000800059b8 (0x0df0b823) mem 0x0000000080010b98 0x0000000000000001
core   0: 0x00000000800059bc (0x0c50bc23) sd      t0, 216(ra)
core   0: 3 0x00000000800059bc (0x0c50bc23) mem 0x0000000080010ba0 0x0000000000000000
core   0: >>>>  inst_425
core   0: 0x00000000800059c0 (0x00100113) li      sp, 1
core   0: 3 0x00000000800059c0 (0x00100113) x2  0x0000000000000001
core   0: 0x00000000800059c4 (0x00d11113) slli    sp, sp, 13
core   0: 3 0x00000000800059c4 (0x00d11113) x2  0x0000000000002000
core   0: 0x00000000800059c8 (0x00220233) add     tp, tp, sp
core   0: 3 0x00000000800059c8 (0x00220233) x4  0x000000008000c190
core   0: 0x00000000800059cc (0x91023f87) fld     ft11, -1776(tp)
core   0: 3 0x00000000800059cc (0x91023f87) f31 0x8010000000000002 mem 0x000000008000baa0
core   0: 0x00000000800059d0 (0x40220233) sub     tp, tp, sp
core   0: 3 0x00000000800059d0 (0x40220233) x4  0x000000008000a190
core   0: 0x00000000800059d4 (0x00100113) li      sp, 1
core   0: 3 0x00000000800059d4 (0x00100113) x2  0x0000000000000001
core   0: 0x00000000800059d8 (0x00d11113) slli    sp, sp, 13
core   0: 3 0x00000000800059d8 (0x00d11113) x2  0x0000000000002000
core   0: 0x00000000800059dc (0x00220233) add     tp, tp, sp
core   0: 3 0x00000000800059dc (0x00220233) x4  0x000000008000c190
core   0: 0x00000000800059e0 (0x91823f07) fld     ft10, -1768(tp)
core   0: 3 0x00000000800059e0 (0x91823f07) f30 0x8010000000000002 mem 0x000000008000baa8
core   0: 0x00000000800059e4 (0x40220233) sub     tp, tp, sp
core   0: 3 0x00000000800059e4 (0x40220233) x4  0x000000008000a190
core   0: 0x00000000800059e8 (0x00000113) li      sp, 0
core   0: 3 0x00000000800059e8 (0x00000113) x2  0x0000000000000000
core   0: 0x00000000800059ec (0x00311073) csrw    fcsr, sp
core   0: 3 0x00000000800059ec (0x00311073) c1_fflags 0x0000000000000000 c2_frm 0x0000000000000000
core   0: 0x00000000800059f0 (0xa3ef9fd3) flt.d   t6, ft11, ft10
core   0: 3 0x00000000800059f0 (0xa3ef9fd3) x31 0x0000000000000000
core   0: 0x00000000800059f4 (0x003022f3) csrr    t0, fcsr
core   0: 3 0x00000000800059f4 (0x003022f3) x5  0x0000000000000000
core   0: 0x00000000800059f8 (0x0ff0b023) sd      t6, 224(ra)
core   0: 3 0x00000000800059f8 (0x0ff0b023) mem 0x0000000080010ba8 0x0000000000000000
core   0: 0x00000000800059fc (0x0e50b423) sd      t0, 232(ra)
core   0: 3 0x00000000800059fc (0x0e50b423) mem 0x0000000080010bb0 0x0000000000000000
core   0: >>>>  inst_426
core   0: 0x0000000080005a00 (0x00100113) li      sp, 1
core   0: 3 0x0000000080005a00 (0x00100113) x2  0x0000000000000001
core   0: 0x0000000080005a04 (0x00d11113) slli    sp, sp, 13
core   0: 3 0x0000000080005a04 (0x00d11113) x2  0x0000000000002000
core   0: 0x0000000080005a08 (0x00220233) add     tp, tp, sp
core   0: 3 0x0000000080005a08 (0x00220233) x4  0x000000008000c190
core   0: 0x0000000080005a0c (0x92023f87) fld     ft11, -1760(tp)
core   0: 3 0x0000000080005a0c (0x92023f87) f31 0x8010000000000002 mem 0x000000008000bab0
core   0: 0x0000000080005a10 (0x40220233) sub     tp, tp, sp
core   0: 3 0x0000000080005a10 (0x40220233) x4  0x000000008000a190
core   0: 0x0000000080005a14 (0x00100113) li      sp, 1
core   0: 3 0x0000000080005a14 (0x00100113) x2  0x0000000000000001
core   0: 0x0000000080005a18 (0x00d11113) slli    sp, sp, 13
core   0: 3 0x0000000080005a18 (0x00d11113) x2  0x0000000000002000
core   0: 0x0000000080005a1c (0x00220233) add     tp, tp, sp
core   0: 3 0x0000000080005a1c (0x00220233) x4  0x000000008000c190
core   0: 0x0000000080005a20 (0x92823f07) fld     ft10, -1752(tp)
core   0: 3 0x0000000080005a20 (0x92823f07) f30 0xbf80000000000000 mem 0x000000008000bab8
core   0: 0x0000000080005a24 (0x40220233) sub     tp, tp, sp
core   0: 3 0x0000000080005a24 (0x40220233) x4  0x000000008000a190
core   0: 0x0000000080005a28 (0x00000113) li      sp, 0
core   0: 3 0x0000000080005a28 (0x00000113) x2  0x0000000000000000
core   0: 0x0000000080005a2c (0x00311073) csrw    fcsr, sp
core   0: 3 0x0000000080005a2c (0x00311073) c1_fflags 0x0000000000000000 c2_frm 0x0000000000000000
core   0: 0x0000000080005a30 (0xa3ef9fd3) flt.d   t6, ft11, ft10
core   0: 3 0x0000000080005a30 (0xa3ef9fd3) x31 0x0000000000000000
core   0: 0x0000000080005a34 (0x003022f3) csrr    t0, fcsr
core   0: 3 0x0000000080005a34 (0x003022f3) x5  0x0000000000000000
core   0: 0x0000000080005a38 (0x0ff0b823) sd      t6, 240(ra)
core   0: 3 0x0000000080005a38 (0x0ff0b823) mem 0x0000000080010bb8 0x0000000000000000
core   0: 0x0000000080005a3c (0x0e50bc23) sd      t0, 248(ra)
core   0: 3 0x0000000080005a3c (0x0e50bc23) mem 0x0000000080010bc0 0x0000000000000000
core   0: >>>>  inst_427
core   0: 0x0000000080005a40 (0x00100113) li      sp, 1
core   0: 3 0x0000000080005a40 (0x00100113) x2  0x0000000000000001
core   0: 0x0000000080005a44 (0x00d11113) slli    sp, sp, 13
core   0: 3 0x0000000080005a44 (0x00d11113) x2  0x0000000000002000
core   0: 0x0000000080005a48 (0x00220233) add     tp, tp, sp
core   0: 3 0x0000000080005a48 (0x00220233) x4  0x000000008000c190
core   0: 0x0000000080005a4c (0x93023f87) fld     ft11, -1744(tp)
core   0: 3 0x0000000080005a4c (0x93023f87) f31 0x8010000000000002 mem 0x000000008000bac0
core   0: 0x0000000080005a50 (0x40220233) sub     tp, tp, sp
core   0: 3 0x0000000080005a50 (0x40220233) x4  0x000000008000a190
core   0: 0x0000000080005a54 (0x00100113) li      sp, 1
core   0: 3 0x0000000080005a54 (0x00100113) x2  0x0000000000000001
core   0: 0x0000000080005a58 (0x00d11113) slli    sp, sp, 13
core   0: 3 0x0000000080005a58 (0x00d11113) x2  0x0000000000002000
core   0: 0x0000000080005a5c (0x00220233) add     tp, tp, sp
core   0: 3 0x0000000080005a5c (0x00220233) x4  0x000000008000c190
core   0: 0x0000000080005a60 (0x93823f07) fld     ft10, -1736(tp)
core   0: 3 0x0000000080005a60 (0x93823f07) f30 0xffefffffffffffff mem 0x000000008000bac8
core   0: 0x0000000080005a64 (0x40220233) sub     tp, tp, sp
core   0: 3 0x0000000080005a64 (0x40220233) x4  0x000000008000a190
core   0: 0x0000000080005a68 (0x00000113) li      sp, 0
core   0: 3 0x0000000080005a68 (0x00000113) x2  0x0000000000000000
core   0: 0x0000000080005a6c (0x00311073) csrw    fcsr, sp
core   0: 3 0x0000000080005a6c (0x00311073) c1_fflags 0x0000000000000000 c2_frm 0x0000000000000000
core   0: 0x0000000080005a70 (0xa3ef9fd3) flt.d   t6, ft11, ft10
core   0: 3 0x0000000080005a70 (0xa3ef9fd3) x31 0x0000000000000000
core   0: 0x0000000080005a74 (0x003022f3) csrr    t0, fcsr
core   0: 3 0x0000000080005a74 (0x003022f3) x5  0x0000000000000000
core   0: 0x0000000080005a78 (0x11f0b023) sd      t6, 256(ra)
core   0: 3 0x0000000080005a78 (0x11f0b023) mem 0x0000000080010bc8 0x0000000000000000
core   0: 0x0000000080005a7c (0x1050b423) sd      t0, 264(ra)
core   0: 3 0x0000000080005a7c (0x1050b423) mem 0x0000000080010bd0 0x0000000000000000
core   0: >>>>  inst_428
core   0: 0x0000000080005a80 (0x00100113) li      sp, 1
core   0: 3 0x0000000080005a80 (0x00100113) x2  0x0000000000000001
core   0: 0x0000000080005a84 (0x00d11113) slli    sp, sp, 13
core   0: 3 0x0000000080005a84 (0x00d11113) x2  0x0000000000002000
core   0: 0x0000000080005a88 (0x00220233) add     tp, tp, sp
core   0: 3 0x0000000080005a88 (0x00220233) x4  0x000000008000c190
core   0: 0x0000000080005a8c (0x94023f87) fld     ft11, -1728(tp)
core   0: 3 0x0000000080005a8c (0x94023f87) f31 0x8010000000000002 mem 0x000000008000bad0
core   0: 0x0000000080005a90 (0x40220233) sub     tp, tp, sp
core   0: 3 0x0000000080005a90 (0x40220233) x4  0x000000008000a190
core   0: 0x0000000080005a94 (0x00100113) li      sp, 1
core   0: 3 0x0000000080005a94 (0x00100113) x2  0x0000000000000001
core   0: 0x0000000080005a98 (0x00d11113) slli    sp, sp, 13
core   0: 3 0x0000000080005a98 (0x00d11113) x2  0x0000000000002000
core   0: 0x0000000080005a9c (0x00220233) add     tp, tp, sp
core   0: 3 0x0000000080005a9c (0x00220233) x4  0x000000008000c190
core   0: 0x0000000080005aa0 (0x94823f07) fld     ft10, -1720(tp)
core   0: 3 0x0000000080005aa0 (0x94823f07) f30 0xfff0000000000000 mem 0x000000008000bad8
core   0: 0x0000000080005aa4 (0x40220233) sub     tp, tp, sp
core   0: 3 0x0000000080005aa4 (0x40220233) x4  0x000000008000a190
core   0: 0x0000000080005aa8 (0x00000113) li      sp, 0
core   0: 3 0x0000000080005aa8 (0x00000113) x2  0x0000000000000000
core   0: 0x0000000080005aac (0x00311073) csrw    fcsr, sp
core   0: 3 0x0000000080005aac (0x00311073) c1_fflags 0x0000000000000000 c2_frm 0x0000000000000000
core   0: 0x0000000080005ab0 (0xa3ef9fd3) flt.d   t6, ft11, ft10
core   0: 3 0x0000000080005ab0 (0xa3ef9fd3) x31 0x0000000000000000
core   0: 0x0000000080005ab4 (0x003022f3) csrr    t0, fcsr
core   0: 3 0x0000000080005ab4 (0x003022f3) x5  0x0000000000000000
core   0: 0x0000000080005ab8 (0x11f0b823) sd      t6, 272(ra)
core   0: 3 0x0000000080005ab8 (0x11f0b823) mem 0x0000000080010bd8 0x0000000000000000
core   0: 0x0000000080005abc (0x1050bc23) sd      t0, 280(ra)
core   0: 3 0x0000000080005abc (0x1050bc23) mem 0x0000000080010be0 0x0000000000000000
core   0: >>>>  inst_429
core   0: 0x0000000080005ac0 (0x00100113) li      sp, 1
core   0: 3 0x0000000080005ac0 (0x00100113) x2  0x0000000000000001
core   0: 0x0000000080005ac4 (0x00d11113) slli    sp, sp, 13
core   0: 3 0x0000000080005ac4 (0x00d11113) x2  0x0000000000002000
core   0: 0x0000000080005ac8 (0x00220233) add     tp, tp, sp
core   0: 3 0x0000000080005ac8 (0x00220233) x4  0x000000008000c190
core   0: 0x0000000080005acc (0x95023f87) fld     ft11, -1712(tp)
core   0: 3 0x0000000080005acc (0x95023f87) f31 0x8010000000000002 mem 0x000000008000bae0
core   0: 0x0000000080005ad0 (0x40220233) sub     tp, tp, sp
core   0: 3 0x0000000080005ad0 (0x40220233) x4  0x000000008000a190
core   0: 0x0000000080005ad4 (0x00100113) li      sp, 1
core   0: 3 0x0000000080005ad4 (0x00100113) x2  0x0000000000000001
core   0: 0x0000000080005ad8 (0x00d11113) slli    sp, sp, 13
core   0: 3 0x0000000080005ad8 (0x00d11113) x2  0x0000000000002000
core   0: 0x0000000080005adc (0x00220233) add     tp, tp, sp
core   0: 3 0x0000000080005adc (0x00220233) x4  0x000000008000c190
core   0: 0x0000000080005ae0 (0x95823f07) fld     ft10, -1704(tp)
core   0: 3 0x0000000080005ae0 (0x95823f07) f30 0xfff0000000000001 mem 0x000000008000bae8
core   0: 0x0000000080005ae4 (0x40220233) sub     tp, tp, sp
core   0: 3 0x0000000080005ae4 (0x40220233) x4  0x000000008000a190
core   0: 0x0000000080005ae8 (0x00000113) li      sp, 0
core   0: 3 0x0000000080005ae8 (0x00000113) x2  0x0000000000000000
core   0: 0x0000000080005aec (0x00311073) csrw    fcsr, sp
core   0: 3 0x0000000080005aec (0x00311073) c1_fflags 0x0000000000000000 c2_frm 0x0000000000000000
core   0: 0x0000000080005af0 (0xa3ef9fd3) flt.d   t6, ft11, ft10
core   0: 3 0x0000000080005af0 (0xa3ef9fd3) c1_fflags 0x0000000000000010 x31 0x0000000000000000
core   0: 0x0000000080005af4 (0x003022f3) csrr    t0, fcsr
core   0: 3 0x0000000080005af4 (0x003022f3) x5  0x0000000000000010
core   0: 0x0000000080005af8 (0x13f0b023) sd      t6, 288(ra)
core   0: 3 0x0000000080005af8 (0x13f0b023) mem 0x0000000080010be8 0x0000000000000000
core   0: 0x0000000080005afc (0x1250b423) sd      t0, 296(ra)
core   0: 3 0x0000000080005afc (0x1250b423) mem 0x0000000080010bf0 0x0000000000000010
core   0: >>>>  inst_430
core   0: 0x0000000080005b00 (0x00100113) li      sp, 1
core   0: 3 0x0000000080005b00 (0x00100113) x2  0x0000000000000001
core   0: 0x0000000080005b04 (0x00d11113) slli    sp, sp, 13
core   0: 3 0x0000000080005b04 (0x00d11113) x2  0x0000000000002000
core   0: 0x0000000080005b08 (0x00220233) add     tp, tp, sp
core   0: 3 0x0000000080005b08 (0x00220233) x4  0x000000008000c190
core   0: 0x0000000080005b0c (0x96023f87) fld     ft11, -1696(tp)
core   0: 3 0x0000000080005b0c (0x96023f87) f31 0x8010000000000002 mem 0x000000008000baf0
core   0: 0x0000000080005b10 (0x40220233) sub     tp, tp, sp
core   0: 3 0x0000000080005b10 (0x40220233) x4  0x000000008000a190
core   0: 0x0000000080005b14 (0x00100113) li      sp, 1
core   0: 3 0x0000000080005b14 (0x00100113) x2  0x0000000000000001
core   0: 0x0000000080005b18 (0x00d11113) slli    sp, sp, 13
core   0: 3 0x0000000080005b18 (0x00d11113) x2  0x0000000000002000
core   0: 0x0000000080005b1c (0x00220233) add     tp, tp, sp
core   0: 3 0x0000000080005b1c (0x00220233) x4  0x000000008000c190
core   0: 0x0000000080005b20 (0x96823f07) fld     ft10, -1688(tp)
core   0: 3 0x0000000080005b20 (0x96823f07) f30 0xfff8000000000000 mem 0x000000008000baf8
core   0: 0x0000000080005b24 (0x40220233) sub     tp, tp, sp
core   0: 3 0x0000000080005b24 (0x40220233) x4  0x000000008000a190
core   0: 0x0000000080005b28 (0x00000113) li      sp, 0
core   0: 3 0x0000000080005b28 (0x00000113) x2  0x0000000000000000
core   0: 0x0000000080005b2c (0x00311073) csrw    fcsr, sp
core   0: 3 0x0000000080005b2c (0x00311073) c1_fflags 0x0000000000000000 c2_frm 0x0000000000000000
core   0: 0x0000000080005b30 (0xa3ef9fd3) flt.d   t6, ft11, ft10
core   0: 3 0x0000000080005b30 (0xa3ef9fd3) c1_fflags 0x0000000000000010 x31 0x0000000000000000
core   0: 0x0000000080005b34 (0x003022f3) csrr    t0, fcsr
core   0: 3 0x0000000080005b34 (0x003022f3) x5  0x0000000000000010
core   0: 0x0000000080005b38 (0x13f0b823) sd      t6, 304(ra)
core   0: 3 0x0000000080005b38 (0x13f0b823) mem 0x0000000080010bf8 0x0000000000000000
core   0: 0x0000000080005b3c (0x1250bc23) sd      t0, 312(ra)
core   0: 3 0x0000000080005b3c (0x1250bc23) mem 0x0000000080010c00 0x0000000000000010
core   0: >>>>  inst_431
core   0: 0x0000000080005b40 (0x00100113) li      sp, 1
core   0: 3 0x0000000080005b40 (0x00100113) x2  0x0000000000000001
core   0: 0x0000000080005b44 (0x00d11113) slli    sp, sp, 13
core   0: 3 0x0000000080005b44 (0x00d11113) x2  0x0000000000002000
core   0: 0x0000000080005b48 (0x00220233) add     tp, tp, sp
core   0: 3 0x0000000080005b48 (0x00220233) x4  0x000000008000c190
core   0: 0x0000000080005b4c (0x97023f87) fld     ft11, -1680(tp)
core   0: 3 0x0000000080005b4c (0x97023f87) f31 0x8010000000000002 mem 0x000000008000bb00
core   0: 0x0000000080005b50 (0x40220233) sub     tp, tp, sp
core   0: 3 0x0000000080005b50 (0x40220233) x4  0x000000008000a190
core   0: 0x0000000080005b54 (0x00100113) li      sp, 1
core   0: 3 0x0000000080005b54 (0x00100113) x2  0x0000000000000001
core   0: 0x0000000080005b58 (0x00d11113) slli    sp, sp, 13
core   0: 3 0x0000000080005b58 (0x00d11113) x2  0x0000000000002000
core   0: 0x0000000080005b5c (0x00220233) add     tp, tp, sp
core   0: 3 0x0000000080005b5c (0x00220233) x4  0x000000008000c190
core   0: 0x0000000080005b60 (0x97823f07) fld     ft10, -1672(tp)
core   0: 3 0x0000000080005b60 (0x97823f07) f30 0xfff8000000000001 mem 0x000000008000bb08
core   0: 0x0000000080005b64 (0x40220233) sub     tp, tp, sp
core   0: 3 0x0000000080005b64 (0x40220233) x4  0x000000008000a190
core   0: 0x0000000080005b68 (0x00000113) li      sp, 0
core   0: 3 0x0000000080005b68 (0x00000113) x2  0x0000000000000000
core   0: 0x0000000080005b6c (0x00311073) csrw    fcsr, sp
core   0: 3 0x0000000080005b6c (0x00311073) c1_fflags 0x0000000000000000 c2_frm 0x0000000000000000
core   0: 0x0000000080005b70 (0xa3ef9fd3) flt.d   t6, ft11, ft10
core   0: 3 0x0000000080005b70 (0xa3ef9fd3) c1_fflags 0x0000000000000010 x31 0x0000000000000000
core   0: 0x0000000080005b74 (0x003022f3) csrr    t0, fcsr
core   0: 3 0x0000000080005b74 (0x003022f3) x5  0x0000000000000010
core   0: 0x0000000080005b78 (0x15f0b023) sd      t6, 320(ra)
core   0: 3 0x0000000080005b78 (0x15f0b023) mem 0x0000000080010c08 0x0000000000000000
core   0: 0x0000000080005b7c (0x1450b423) sd      t0, 328(ra)
core   0: 3 0x0000000080005b7c (0x1450b423) mem 0x0000000080010c10 0x0000000000000010
core   0: >>>>  inst_432
core   0: 0x0000000080005b80 (0x00100113) li      sp, 1
core   0: 3 0x0000000080005b80 (0x00100113) x2  0x0000000000000001
core   0: 0x0000000080005b84 (0x00d11113) slli    sp, sp, 13
core   0: 3 0x0000000080005b84 (0x00d11113) x2  0x0000000000002000
core   0: 0x0000000080005b88 (0x00220233) add     tp, tp, sp
core   0: 3 0x0000000080005b88 (0x00220233) x4  0x000000008000c190
core   0: 0x0000000080005b8c (0x98023f87) fld     ft11, -1664(tp)
core   0: 3 0x0000000080005b8c (0x98023f87) f31 0xbf80000000000000 mem 0x000000008000bb10
core   0: 0x0000000080005b90 (0x40220233) sub     tp, tp, sp
core   0: 3 0x0000000080005b90 (0x40220233) x4  0x000000008000a190
core   0: 0x0000000080005b94 (0x00100113) li      sp, 1
core   0: 3 0x0000000080005b94 (0x00100113) x2  0x0000000000000001
core   0: 0x0000000080005b98 (0x00d11113) slli    sp, sp, 13
core   0: 3 0x0000000080005b98 (0x00d11113) x2  0x0000000000002000
core   0: 0x0000000080005b9c (0x00220233) add     tp, tp, sp
core   0: 3 0x0000000080005b9c (0x00220233) x4  0x000000008000c190
core   0: 0x0000000080005ba0 (0x98823f07) fld     ft10, -1656(tp)
core   0: 3 0x0000000080005ba0 (0x98823f07) f30 0x0000000000000000 mem 0x000000008000bb18
core   0: 0x0000000080005ba4 (0x40220233) sub     tp, tp, sp
core   0: 3 0x0000000080005ba4 (0x40220233) x4  0x000000008000a190
core   0: 0x0000000080005ba8 (0x00000113) li      sp, 0
core   0: 3 0x0000000080005ba8 (0x00000113) x2  0x0000000000000000
core   0: 0x0000000080005bac (0x00311073) csrw    fcsr, sp
core   0: 3 0x0000000080005bac (0x00311073) c1_fflags 0x0000000000000000 c2_frm 0x0000000000000000
core   0: 0x0000000080005bb0 (0xa3ef9fd3) flt.d   t6, ft11, ft10
core   0: 3 0x0000000080005bb0 (0xa3ef9fd3) x31 0x0000000000000001
core   0: 0x0000000080005bb4 (0x003022f3) csrr    t0, fcsr
core   0: 3 0x0000000080005bb4 (0x003022f3) x5  0x0000000000000000
core   0: 0x0000000080005bb8 (0x15f0b823) sd      t6, 336(ra)
core   0: 3 0x0000000080005bb8 (0x15f0b823) mem 0x0000000080010c18 0x0000000000000001
core   0: 0x0000000080005bbc (0x1450bc23) sd      t0, 344(ra)
core   0: 3 0x0000000080005bbc (0x1450bc23) mem 0x0000000080010c20 0x0000000000000000
core   0: >>>>  inst_433
core   0: 0x0000000080005bc0 (0x00100113) li      sp, 1
core   0: 3 0x0000000080005bc0 (0x00100113) x2  0x0000000000000001
core   0: 0x0000000080005bc4 (0x00d11113) slli    sp, sp, 13
core   0: 3 0x0000000080005bc4 (0x00d11113) x2  0x0000000000002000
core   0: 0x0000000080005bc8 (0x00220233) add     tp, tp, sp
core   0: 3 0x0000000080005bc8 (0x00220233) x4  0x000000008000c190
core   0: 0x0000000080005bcc (0x99023f87) fld     ft11, -1648(tp)
core   0: 3 0x0000000080005bcc (0x99023f87) f31 0xbf80000000000000 mem 0x000000008000bb20
core   0: 0x0000000080005bd0 (0x40220233) sub     tp, tp, sp
core   0: 3 0x0000000080005bd0 (0x40220233) x4  0x000000008000a190
core   0: 0x0000000080005bd4 (0x00100113) li      sp, 1
core   0: 3 0x0000000080005bd4 (0x00100113) x2  0x0000000000000001
core   0: 0x0000000080005bd8 (0x00d11113) slli    sp, sp, 13
core   0: 3 0x0000000080005bd8 (0x00d11113) x2  0x0000000000002000
core   0: 0x0000000080005bdc (0x00220233) add     tp, tp, sp
core   0: 3 0x0000000080005bdc (0x00220233) x4  0x000000008000c190
core   0: 0x0000000080005be0 (0x99823f07) fld     ft10, -1640(tp)
core   0: 3 0x0000000080005be0 (0x99823f07) f30 0x0000000000000001 mem 0x000000008000bb28
core   0: 0x0000000080005be4 (0x40220233) sub     tp, tp, sp
core   0: 3 0x0000000080005be4 (0x40220233) x4  0x000000008000a190
core   0: 0x0000000080005be8 (0x00000113) li      sp, 0
core   0: 3 0x0000000080005be8 (0x00000113) x2  0x0000000000000000
core   0: 0x0000000080005bec (0x00311073) csrw    fcsr, sp
core   0: 3 0x0000000080005bec (0x00311073) c1_fflags 0x0000000000000000 c2_frm 0x0000000000000000
core   0: 0x0000000080005bf0 (0xa3ef9fd3) flt.d   t6, ft11, ft10
core   0: 3 0x0000000080005bf0 (0xa3ef9fd3) x31 0x0000000000000001
core   0: 0x0000000080005bf4 (0x003022f3) csrr    t0, fcsr
core   0: 3 0x0000000080005bf4 (0x003022f3) x5  0x0000000000000000
core   0: 0x0000000080005bf8 (0x17f0b023) sd      t6, 352(ra)
core   0: 3 0x0000000080005bf8 (0x17f0b023) mem 0x0000000080010c28 0x0000000000000001
core   0: 0x0000000080005bfc (0x1650b423) sd      t0, 360(ra)
core   0: 3 0x0000000080005bfc (0x1650b423) mem 0x0000000080010c30 0x0000000000000000
core   0: >>>>  inst_434
core   0: 0x0000000080005c00 (0x00100113) li      sp, 1
core   0: 3 0x0000000080005c00 (0x00100113) x2  0x0000000000000001
core   0: 0x0000000080005c04 (0x00d11113) slli    sp, sp, 13
core   0: 3 0x0000000080005c04 (0x00d11113) x2  0x0000000000002000
core   0: 0x0000000080005c08 (0x00220233) add     tp, tp, sp
core   0: 3 0x0000000080005c08 (0x00220233) x4  0x000000008000c190
core   0: 0x0000000080005c0c (0x9a023f87) fld     ft11, -1632(tp)
core   0: 3 0x0000000080005c0c (0x9a023f87) f31 0xbf80000000000000 mem 0x000000008000bb30
core   0: 0x0000000080005c10 (0x40220233) sub     tp, tp, sp
core   0: 3 0x0000000080005c10 (0x40220233) x4  0x000000008000a190
core   0: 0x0000000080005c14 (0x00100113) li      sp, 1
core   0: 3 0x0000000080005c14 (0x00100113) x2  0x0000000000000001
core   0: 0x0000000080005c18 (0x00d11113) slli    sp, sp, 13
core   0: 3 0x0000000080005c18 (0x00d11113) x2  0x0000000000002000
core   0: 0x0000000080005c1c (0x00220233) add     tp, tp, sp
core   0: 3 0x0000000080005c1c (0x00220233) x4  0x000000008000c190
core   0: 0x0000000080005c20 (0x9a823f07) fld     ft10, -1624(tp)
core   0: 3 0x0000000080005c20 (0x9a823f07) f30 0x0000000000000002 mem 0x000000008000bb38
core   0: 0x0000000080005c24 (0x40220233) sub     tp, tp, sp
core   0: 3 0x0000000080005c24 (0x40220233) x4  0x000000008000a190
core   0: 0x0000000080005c28 (0x00000113) li      sp, 0
core   0: 3 0x0000000080005c28 (0x00000113) x2  0x0000000000000000
core   0: 0x0000000080005c2c (0x00311073) csrw    fcsr, sp
core   0: 3 0x0000000080005c2c (0x00311073) c1_fflags 0x0000000000000000 c2_frm 0x0000000000000000
core   0: 0x0000000080005c30 (0xa3ef9fd3) flt.d   t6, ft11, ft10
core   0: 3 0x0000000080005c30 (0xa3ef9fd3) x31 0x0000000000000001
core   0: 0x0000000080005c34 (0x003022f3) csrr    t0, fcsr
core   0: 3 0x0000000080005c34 (0x003022f3) x5  0x0000000000000000
core   0: 0x0000000080005c38 (0x17f0b823) sd      t6, 368(ra)
core   0: 3 0x0000000080005c38 (0x17f0b823) mem 0x0000000080010c38 0x0000000000000001
core   0: 0x0000000080005c3c (0x1650bc23) sd      t0, 376(ra)
core   0: 3 0x0000000080005c3c (0x1650bc23) mem 0x0000000080010c40 0x0000000000000000
core   0: >>>>  inst_435
core   0: 0x0000000080005c40 (0x00100113) li      sp, 1
core   0: 3 0x0000000080005c40 (0x00100113) x2  0x0000000000000001
core   0: 0x0000000080005c44 (0x00d11113) slli    sp, sp, 13
core   0: 3 0x0000000080005c44 (0x00d11113) x2  0x0000000000002000
core   0: 0x0000000080005c48 (0x00220233) add     tp, tp, sp
core   0: 3 0x0000000080005c48 (0x00220233) x4  0x000000008000c190
core   0: 0x0000000080005c4c (0x9b023f87) fld     ft11, -1616(tp)
core   0: 3 0x0000000080005c4c (0x9b023f87) f31 0xbf80000000000000 mem 0x000000008000bb40
core   0: 0x0000000080005c50 (0x40220233) sub     tp, tp, sp
core   0: 3 0x0000000080005c50 (0x40220233) x4  0x000000008000a190
core   0: 0x0000000080005c54 (0x00100113) li      sp, 1
core   0: 3 0x0000000080005c54 (0x00100113) x2  0x0000000000000001
core   0: 0x0000000080005c58 (0x00d11113) slli    sp, sp, 13
core   0: 3 0x0000000080005c58 (0x00d11113) x2  0x0000000000002000
core   0: 0x0000000080005c5c (0x00220233) add     tp, tp, sp
core   0: 3 0x0000000080005c5c (0x00220233) x4  0x000000008000c190
core   0: 0x0000000080005c60 (0x9b823f07) fld     ft10, -1608(tp)
core   0: 3 0x0000000080005c60 (0x9b823f07) f30 0x000fffffffffffff mem 0x000000008000bb48
core   0: 0x0000000080005c64 (0x40220233) sub     tp, tp, sp
core   0: 3 0x0000000080005c64 (0x40220233) x4  0x000000008000a190
core   0: 0x0000000080005c68 (0x00000113) li      sp, 0
core   0: 3 0x0000000080005c68 (0x00000113) x2  0x0000000000000000
core   0: 0x0000000080005c6c (0x00311073) csrw    fcsr, sp
core   0: 3 0x0000000080005c6c (0x00311073) c1_fflags 0x0000000000000000 c2_frm 0x0000000000000000
core   0: 0x0000000080005c70 (0xa3ef9fd3) flt.d   t6, ft11, ft10
core   0: 3 0x0000000080005c70 (0xa3ef9fd3) x31 0x0000000000000001
core   0: 0x0000000080005c74 (0x003022f3) csrr    t0, fcsr
core   0: 3 0x0000000080005c74 (0x003022f3) x5  0x0000000000000000
core   0: 0x0000000080005c78 (0x19f0b023) sd      t6, 384(ra)
core   0: 3 0x0000000080005c78 (0x19f0b023) mem 0x0000000080010c48 0x0000000000000001
core   0: 0x0000000080005c7c (0x1850b423) sd      t0, 392(ra)
core   0: 3 0x0000000080005c7c (0x1850b423) mem 0x0000000080010c50 0x0000000000000000
core   0: >>>>  inst_436
core   0: 0x0000000080005c80 (0x00100113) li      sp, 1
core   0: 3 0x0000000080005c80 (0x00100113) x2  0x0000000000000001
core   0: 0x0000000080005c84 (0x00d11113) slli    sp, sp, 13
core   0: 3 0x0000000080005c84 (0x00d11113) x2  0x0000000000002000
core   0: 0x0000000080005c88 (0x00220233) add     tp, tp, sp
core   0: 3 0x0000000080005c88 (0x00220233) x4  0x000000008000c190
core   0: 0x0000000080005c8c (0x9c023f87) fld     ft11, -1600(tp)
core   0: 3 0x0000000080005c8c (0x9c023f87) f31 0xbf80000000000000 mem 0x000000008000bb50
core   0: 0x0000000080005c90 (0x40220233) sub     tp, tp, sp
core   0: 3 0x0000000080005c90 (0x40220233) x4  0x000000008000a190
core   0: 0x0000000080005c94 (0x00100113) li      sp, 1
core   0: 3 0x0000000080005c94 (0x00100113) x2  0x0000000000000001
core   0: 0x0000000080005c98 (0x00d11113) slli    sp, sp, 13
core   0: 3 0x0000000080005c98 (0x00d11113) x2  0x0000000000002000
core   0: 0x0000000080005c9c (0x00220233) add     tp, tp, sp
core   0: 3 0x0000000080005c9c (0x00220233) x4  0x000000008000c190
core   0: 0x0000000080005ca0 (0x9c823f07) fld     ft10, -1592(tp)
core   0: 3 0x0000000080005ca0 (0x9c823f07) f30 0x0010000000000000 mem 0x000000008000bb58
core   0: 0x0000000080005ca4 (0x40220233) sub     tp, tp, sp
core   0: 3 0x0000000080005ca4 (0x40220233) x4  0x000000008000a190
core   0: 0x0000000080005ca8 (0x00000113) li      sp, 0
core   0: 3 0x0000000080005ca8 (0x00000113) x2  0x0000000000000000
core   0: 0x0000000080005cac (0x00311073) csrw    fcsr, sp
core   0: 3 0x0000000080005cac (0x00311073) c1_fflags 0x0000000000000000 c2_frm 0x0000000000000000
core   0: 0x0000000080005cb0 (0xa3ef9fd3) flt.d   t6, ft11, ft10
core   0: 3 0x0000000080005cb0 (0xa3ef9fd3) x31 0x0000000000000001
core   0: 0x0000000080005cb4 (0x003022f3) csrr    t0, fcsr
core   0: 3 0x0000000080005cb4 (0x003022f3) x5  0x0000000000000000
core   0: 0x0000000080005cb8 (0x19f0b823) sd      t6, 400(ra)
core   0: 3 0x0000000080005cb8 (0x19f0b823) mem 0x0000000080010c58 0x0000000000000001
core   0: 0x0000000080005cbc (0x1850bc23) sd      t0, 408(ra)
core   0: 3 0x0000000080005cbc (0x1850bc23) mem 0x0000000080010c60 0x0000000000000000
core   0: >>>>  inst_437
core   0: 0x0000000080005cc0 (0x00100113) li      sp, 1
core   0: 3 0x0000000080005cc0 (0x00100113) x2  0x0000000000000001
core   0: 0x0000000080005cc4 (0x00d11113) slli    sp, sp, 13
core   0: 3 0x0000000080005cc4 (0x00d11113) x2  0x0000000000002000
core   0: 0x0000000080005cc8 (0x00220233) add     tp, tp, sp
core   0: 3 0x0000000080005cc8 (0x00220233) x4  0x000000008000c190
core   0: 0x0000000080005ccc (0x9d023f87) fld     ft11, -1584(tp)
core   0: 3 0x0000000080005ccc (0x9d023f87) f31 0xbf80000000000000 mem 0x000000008000bb60
core   0: 0x0000000080005cd0 (0x40220233) sub     tp, tp, sp
core   0: 3 0x0000000080005cd0 (0x40220233) x4  0x000000008000a190
core   0: 0x0000000080005cd4 (0x00100113) li      sp, 1
core   0: 3 0x0000000080005cd4 (0x00100113) x2  0x0000000000000001
core   0: 0x0000000080005cd8 (0x00d11113) slli    sp, sp, 13
core   0: 3 0x0000000080005cd8 (0x00d11113) x2  0x0000000000002000
core   0: 0x0000000080005cdc (0x00220233) add     tp, tp, sp
core   0: 3 0x0000000080005cdc (0x00220233) x4  0x000000008000c190
core   0: 0x0000000080005ce0 (0x9d823f07) fld     ft10, -1576(tp)
core   0: 3 0x0000000080005ce0 (0x9d823f07) f30 0x0010000000000002 mem 0x000000008000bb68
core   0: 0x0000000080005ce4 (0x40220233) sub     tp, tp, sp
core   0: 3 0x0000000080005ce4 (0x40220233) x4  0x000000008000a190
core   0: 0x0000000080005ce8 (0x00000113) li      sp, 0
core   0: 3 0x0000000080005ce8 (0x00000113) x2  0x0000000000000000
core   0: 0x0000000080005cec (0x00311073) csrw    fcsr, sp
core   0: 3 0x0000000080005cec (0x00311073) c1_fflags 0x0000000000000000 c2_frm 0x0000000000000000
core   0: 0x0000000080005cf0 (0xa3ef9fd3) flt.d   t6, ft11, ft10
core   0: 3 0x0000000080005cf0 (0xa3ef9fd3) x31 0x0000000000000001
core   0: 0x0000000080005cf4 (0x003022f3) csrr    t0, fcsr
core   0: 3 0x0000000080005cf4 (0x003022f3) x5  0x0000000000000000
core   0: 0x0000000080005cf8 (0x1bf0b023) sd      t6, 416(ra)
core   0: 3 0x0000000080005cf8 (0x1bf0b023) mem 0x0000000080010c68 0x0000000000000001
core   0: 0x0000000080005cfc (0x1a50b423) sd      t0, 424(ra)
core   0: 3 0x0000000080005cfc (0x1a50b423) mem 0x0000000080010c70 0x0000000000000000
core   0: >>>>  inst_438
core   0: 0x0000000080005d00 (0x00100113) li      sp, 1
core   0: 3 0x0000000080005d00 (0x00100113) x2  0x0000000000000001
core   0: 0x0000000080005d04 (0x00d11113) slli    sp, sp, 13
core   0: 3 0x0000000080005d04 (0x00d11113) x2  0x0000000000002000
core   0: 0x0000000080005d08 (0x00220233) add     tp, tp, sp
core   0: 3 0x0000000080005d08 (0x00220233) x4  0x000000008000c190
core   0: 0x0000000080005d0c (0x9e023f87) fld     ft11, -1568(tp)
core   0: 3 0x0000000080005d0c (0x9e023f87) f31 0xbf80000000000000 mem 0x000000008000bb70
core   0: 0x0000000080005d10 (0x40220233) sub     tp, tp, sp
core   0: 3 0x0000000080005d10 (0x40220233) x4  0x000000008000a190
core   0: 0x0000000080005d14 (0x00100113) li      sp, 1
core   0: 3 0x0000000080005d14 (0x00100113) x2  0x0000000000000001
core   0: 0x0000000080005d18 (0x00d11113) slli    sp, sp, 13
core   0: 3 0x0000000080005d18 (0x00d11113) x2  0x0000000000002000
core   0: 0x0000000080005d1c (0x00220233) add     tp, tp, sp
core   0: 3 0x0000000080005d1c (0x00220233) x4  0x000000008000c190
core   0: 0x0000000080005d20 (0x9e823f07) fld     ft10, -1560(tp)
core   0: 3 0x0000000080005d20 (0x9e823f07) f30 0x3ff0000000000000 mem 0x000000008000bb78
core   0: 0x0000000080005d24 (0x40220233) sub     tp, tp, sp
core   0: 3 0x0000000080005d24 (0x40220233) x4  0x000000008000a190
core   0: 0x0000000080005d28 (0x00000113) li      sp, 0
core   0: 3 0x0000000080005d28 (0x00000113) x2  0x0000000000000000
core   0: 0x0000000080005d2c (0x00311073) csrw    fcsr, sp
core   0: 3 0x0000000080005d2c (0x00311073) c1_fflags 0x0000000000000000 c2_frm 0x0000000000000000
core   0: 0x0000000080005d30 (0xa3ef9fd3) flt.d   t6, ft11, ft10
core   0: 3 0x0000000080005d30 (0xa3ef9fd3) x31 0x0000000000000001
core   0: 0x0000000080005d34 (0x003022f3) csrr    t0, fcsr
core   0: 3 0x0000000080005d34 (0x003022f3) x5  0x0000000000000000
core   0: 0x0000000080005d38 (0x1bf0b823) sd      t6, 432(ra)
core   0: 3 0x0000000080005d38 (0x1bf0b823) mem 0x0000000080010c78 0x0000000000000001
core   0: 0x0000000080005d3c (0x1a50bc23) sd      t0, 440(ra)
core   0: 3 0x0000000080005d3c (0x1a50bc23) mem 0x0000000080010c80 0x0000000000000000
core   0: >>>>  inst_439
core   0: 0x0000000080005d40 (0x00100113) li      sp, 1
core   0: 3 0x0000000080005d40 (0x00100113) x2  0x0000000000000001
core   0: 0x0000000080005d44 (0x00d11113) slli    sp, sp, 13
core   0: 3 0x0000000080005d44 (0x00d11113) x2  0x0000000000002000
core   0: 0x0000000080005d48 (0x00220233) add     tp, tp, sp
core   0: 3 0x0000000080005d48 (0x00220233) x4  0x000000008000c190
core   0: 0x0000000080005d4c (0x9f023f87) fld     ft11, -1552(tp)
core   0: 3 0x0000000080005d4c (0x9f023f87) f31 0xbf80000000000000 mem 0x000000008000bb80
core   0: 0x0000000080005d50 (0x40220233) sub     tp, tp, sp
core   0: 3 0x0000000080005d50 (0x40220233) x4  0x000000008000a190
core   0: 0x0000000080005d54 (0x00100113) li      sp, 1
core   0: 3 0x0000000080005d54 (0x00100113) x2  0x0000000000000001
core   0: 0x0000000080005d58 (0x00d11113) slli    sp, sp, 13
core   0: 3 0x0000000080005d58 (0x00d11113) x2  0x0000000000002000
core   0: 0x0000000080005d5c (0x00220233) add     tp, tp, sp
core   0: 3 0x0000000080005d5c (0x00220233) x4  0x000000008000c190
core   0: 0x0000000080005d60 (0x9f823f07) fld     ft10, -1544(tp)
core   0: 3 0x0000000080005d60 (0x9f823f07) f30 0x7fefffffffffffff mem 0x000000008000bb88
core   0: 0x0000000080005d64 (0x40220233) sub     tp, tp, sp
core   0: 3 0x0000000080005d64 (0x40220233) x4  0x000000008000a190
core   0: 0x0000000080005d68 (0x00000113) li      sp, 0
core   0: 3 0x0000000080005d68 (0x00000113) x2  0x0000000000000000
core   0: 0x0000000080005d6c (0x00311073) csrw    fcsr, sp
core   0: 3 0x0000000080005d6c (0x00311073) c1_fflags 0x0000000000000000 c2_frm 0x0000000000000000
core   0: 0x0000000080005d70 (0xa3ef9fd3) flt.d   t6, ft11, ft10
core   0: 3 0x0000000080005d70 (0xa3ef9fd3) x31 0x0000000000000001
core   0: 0x0000000080005d74 (0x003022f3) csrr    t0, fcsr
core   0: 3 0x0000000080005d74 (0x003022f3) x5  0x0000000000000000
core   0: 0x0000000080005d78 (0x1df0b023) sd      t6, 448(ra)
core   0: 3 0x0000000080005d78 (0x1df0b023) mem 0x0000000080010c88 0x0000000000000001
core   0: 0x0000000080005d7c (0x1c50b423) sd      t0, 456(ra)
core   0: 3 0x0000000080005d7c (0x1c50b423) mem 0x0000000080010c90 0x0000000000000000
core   0: >>>>  inst_440
core   0: 0x0000000080005d80 (0x00100113) li      sp, 1
core   0: 3 0x0000000080005d80 (0x00100113) x2  0x0000000000000001
core   0: 0x0000000080005d84 (0x00d11113) slli    sp, sp, 13
core   0: 3 0x0000000080005d84 (0x00d11113) x2  0x0000000000002000
core   0: 0x0000000080005d88 (0x00220233) add     tp, tp, sp
core   0: 3 0x0000000080005d88 (0x00220233) x4  0x000000008000c190
core   0: 0x0000000080005d8c (0xa0023f87) fld     ft11, -1536(tp)
core   0: 3 0x0000000080005d8c (0xa0023f87) f31 0xbf80000000000000 mem 0x000000008000bb90
core   0: 0x0000000080005d90 (0x40220233) sub     tp, tp, sp
core   0: 3 0x0000000080005d90 (0x40220233) x4  0x000000008000a190
core   0: 0x0000000080005d94 (0x00100113) li      sp, 1
core   0: 3 0x0000000080005d94 (0x00100113) x2  0x0000000000000001
core   0: 0x0000000080005d98 (0x00d11113) slli    sp, sp, 13
core   0: 3 0x0000000080005d98 (0x00d11113) x2  0x0000000000002000
core   0: 0x0000000080005d9c (0x00220233) add     tp, tp, sp
core   0: 3 0x0000000080005d9c (0x00220233) x4  0x000000008000c190
core   0: 0x0000000080005da0 (0xa0823f07) fld     ft10, -1528(tp)
core   0: 3 0x0000000080005da0 (0xa0823f07) f30 0x7ff0000000000000 mem 0x000000008000bb98
core   0: 0x0000000080005da4 (0x40220233) sub     tp, tp, sp
core   0: 3 0x0000000080005da4 (0x40220233) x4  0x000000008000a190
core   0: 0x0000000080005da8 (0x00000113) li      sp, 0
core   0: 3 0x0000000080005da8 (0x00000113) x2  0x0000000000000000
core   0: 0x0000000080005dac (0x00311073) csrw    fcsr, sp
core   0: 3 0x0000000080005dac (0x00311073) c1_fflags 0x0000000000000000 c2_frm 0x0000000000000000
core   0: 0x0000000080005db0 (0xa3ef9fd3) flt.d   t6, ft11, ft10
core   0: 3 0x0000000080005db0 (0xa3ef9fd3) x31 0x0000000000000001
core   0: 0x0000000080005db4 (0x003022f3) csrr    t0, fcsr
core   0: 3 0x0000000080005db4 (0x003022f3) x5  0x0000000000000000
core   0: 0x0000000080005db8 (0x1df0b823) sd      t6, 464(ra)
core   0: 3 0x0000000080005db8 (0x1df0b823) mem 0x0000000080010c98 0x0000000000000001
core   0: 0x0000000080005dbc (0x1c50bc23) sd      t0, 472(ra)
core   0: 3 0x0000000080005dbc (0x1c50bc23) mem 0x0000000080010ca0 0x0000000000000000
core   0: >>>>  inst_441
core   0: 0x0000000080005dc0 (0x00100113) li      sp, 1
core   0: 3 0x0000000080005dc0 (0x00100113) x2  0x0000000000000001
core   0: 0x0000000080005dc4 (0x00d11113) slli    sp, sp, 13
core   0: 3 0x0000000080005dc4 (0x00d11113) x2  0x0000000000002000
core   0: 0x0000000080005dc8 (0x00220233) add     tp, tp, sp
core   0: 3 0x0000000080005dc8 (0x00220233) x4  0x000000008000c190
core   0: 0x0000000080005dcc (0xa1023f87) fld     ft11, -1520(tp)
core   0: 3 0x0000000080005dcc (0xa1023f87) f31 0xbf80000000000000 mem 0x000000008000bba0
core   0: 0x0000000080005dd0 (0x40220233) sub     tp, tp, sp
core   0: 3 0x0000000080005dd0 (0x40220233) x4  0x000000008000a190
core   0: 0x0000000080005dd4 (0x00100113) li      sp, 1
core   0: 3 0x0000000080005dd4 (0x00100113) x2  0x0000000000000001
core   0: 0x0000000080005dd8 (0x00d11113) slli    sp, sp, 13
core   0: 3 0x0000000080005dd8 (0x00d11113) x2  0x0000000000002000
core   0: 0x0000000080005ddc (0x00220233) add     tp, tp, sp
core   0: 3 0x0000000080005ddc (0x00220233) x4  0x000000008000c190
core   0: 0x0000000080005de0 (0xa1823f07) fld     ft10, -1512(tp)
core   0: 3 0x0000000080005de0 (0xa1823f07) f30 0x7ff0000000000001 mem 0x000000008000bba8
core   0: 0x0000000080005de4 (0x40220233) sub     tp, tp, sp
core   0: 3 0x0000000080005de4 (0x40220233) x4  0x000000008000a190
core   0: 0x0000000080005de8 (0x00000113) li      sp, 0
core   0: 3 0x0000000080005de8 (0x00000113) x2  0x0000000000000000
core   0: 0x0000000080005dec (0x00311073) csrw    fcsr, sp
core   0: 3 0x0000000080005dec (0x00311073) c1_fflags 0x0000000000000000 c2_frm 0x0000000000000000
core   0: 0x0000000080005df0 (0xa3ef9fd3) flt.d   t6, ft11, ft10
core   0: 3 0x0000000080005df0 (0xa3ef9fd3) c1_fflags 0x0000000000000010 x31 0x0000000000000000
core   0: 0x0000000080005df4 (0x003022f3) csrr    t0, fcsr
core   0: 3 0x0000000080005df4 (0x003022f3) x5  0x0000000000000010
core   0: 0x0000000080005df8 (0x1ff0b023) sd      t6, 480(ra)
core   0: 3 0x0000000080005df8 (0x1ff0b023) mem 0x0000000080010ca8 0x0000000000000000
core   0: 0x0000000080005dfc (0x1e50b423) sd      t0, 488(ra)
core   0: 3 0x0000000080005dfc (0x1e50b423) mem 0x0000000080010cb0 0x0000000000000010
core   0: >>>>  inst_442
core   0: 0x0000000080005e00 (0x00100113) li      sp, 1
core   0: 3 0x0000000080005e00 (0x00100113) x2  0x0000000000000001
core   0: 0x0000000080005e04 (0x00d11113) slli    sp, sp, 13
core   0: 3 0x0000000080005e04 (0x00d11113) x2  0x0000000000002000
core   0: 0x0000000080005e08 (0x00220233) add     tp, tp, sp
core   0: 3 0x0000000080005e08 (0x00220233) x4  0x000000008000c190
core   0: 0x0000000080005e0c (0xa2023f87) fld     ft11, -1504(tp)
core   0: 3 0x0000000080005e0c (0xa2023f87) f31 0xbf80000000000000 mem 0x000000008000bbb0
core   0: 0x0000000080005e10 (0x40220233) sub     tp, tp, sp
core   0: 3 0x0000000080005e10 (0x40220233) x4  0x000000008000a190
core   0: 0x0000000080005e14 (0x00100113) li      sp, 1
core   0: 3 0x0000000080005e14 (0x00100113) x2  0x0000000000000001
core   0: 0x0000000080005e18 (0x00d11113) slli    sp, sp, 13
core   0: 3 0x0000000080005e18 (0x00d11113) x2  0x0000000000002000
core   0: 0x0000000080005e1c (0x00220233) add     tp, tp, sp
core   0: 3 0x0000000080005e1c (0x00220233) x4  0x000000008000c190
core   0: 0x0000000080005e20 (0xa2823f07) fld     ft10, -1496(tp)
core   0: 3 0x0000000080005e20 (0xa2823f07) f30 0x7ff8000000000000 mem 0x000000008000bbb8
core   0: 0x0000000080005e24 (0x40220233) sub     tp, tp, sp
core   0: 3 0x0000000080005e24 (0x40220233) x4  0x000000008000a190
core   0: 0x0000000080005e28 (0x00000113) li      sp, 0
core   0: 3 0x0000000080005e28 (0x00000113) x2  0x0000000000000000
core   0: 0x0000000080005e2c (0x00311073) csrw    fcsr, sp
core   0: 3 0x0000000080005e2c (0x00311073) c1_fflags 0x0000000000000000 c2_frm 0x0000000000000000
core   0: 0x0000000080005e30 (0xa3ef9fd3) flt.d   t6, ft11, ft10
core   0: 3 0x0000000080005e30 (0xa3ef9fd3) c1_fflags 0x0000000000000010 x31 0x0000000000000000
core   0: 0x0000000080005e34 (0x003022f3) csrr    t0, fcsr
core   0: 3 0x0000000080005e34 (0x003022f3) x5  0x0000000000000010
core   0: 0x0000000080005e38 (0x1ff0b823) sd      t6, 496(ra)
core   0: 3 0x0000000080005e38 (0x1ff0b823) mem 0x0000000080010cb8 0x0000000000000000
core   0: 0x0000000080005e3c (0x1e50bc23) sd      t0, 504(ra)
core   0: 3 0x0000000080005e3c (0x1e50bc23) mem 0x0000000080010cc0 0x0000000000000010
core   0: >>>>  inst_443
core   0: 0x0000000080005e40 (0x00100113) li      sp, 1
core   0: 3 0x0000000080005e40 (0x00100113) x2  0x0000000000000001
core   0: 0x0000000080005e44 (0x00d11113) slli    sp, sp, 13
core   0: 3 0x0000000080005e44 (0x00d11113) x2  0x0000000000002000
core   0: 0x0000000080005e48 (0x00220233) add     tp, tp, sp
core   0: 3 0x0000000080005e48 (0x00220233) x4  0x000000008000c190
core   0: 0x0000000080005e4c (0xa3023f87) fld     ft11, -1488(tp)
core   0: 3 0x0000000080005e4c (0xa3023f87) f31 0xbf80000000000000 mem 0x000000008000bbc0
core   0: 0x0000000080005e50 (0x40220233) sub     tp, tp, sp
core   0: 3 0x0000000080005e50 (0x40220233) x4  0x000000008000a190
core   0: 0x0000000080005e54 (0x00100113) li      sp, 1
core   0: 3 0x0000000080005e54 (0x00100113) x2  0x0000000000000001
core   0: 0x0000000080005e58 (0x00d11113) slli    sp, sp, 13
core   0: 3 0x0000000080005e58 (0x00d11113) x2  0x0000000000002000
core   0: 0x0000000080005e5c (0x00220233) add     tp, tp, sp
core   0: 3 0x0000000080005e5c (0x00220233) x4  0x000000008000c190
core   0: 0x0000000080005e60 (0xa3823f07) fld     ft10, -1480(tp)
core   0: 3 0x0000000080005e60 (0xa3823f07) f30 0x7ff8000000000001 mem 0x000000008000bbc8
core   0: 0x0000000080005e64 (0x40220233) sub     tp, tp, sp
core   0: 3 0x0000000080005e64 (0x40220233) x4  0x000000008000a190
core   0: 0x0000000080005e68 (0x00000113) li      sp, 0
core   0: 3 0x0000000080005e68 (0x00000113) x2  0x0000000000000000
core   0: 0x0000000080005e6c (0x00311073) csrw    fcsr, sp
core   0: 3 0x0000000080005e6c (0x00311073) c1_fflags 0x0000000000000000 c2_frm 0x0000000000000000
core   0: 0x0000000080005e70 (0xa3ef9fd3) flt.d   t6, ft11, ft10
core   0: 3 0x0000000080005e70 (0xa3ef9fd3) c1_fflags 0x0000000000000010 x31 0x0000000000000000
core   0: 0x0000000080005e74 (0x003022f3) csrr    t0, fcsr
core   0: 3 0x0000000080005e74 (0x003022f3) x5  0x0000000000000010
core   0: 0x0000000080005e78 (0x21f0b023) sd      t6, 512(ra)
core   0: 3 0x0000000080005e78 (0x21f0b023) mem 0x0000000080010cc8 0x0000000000000000
core   0: 0x0000000080005e7c (0x2050b423) sd      t0, 520(ra)
core   0: 3 0x0000000080005e7c (0x2050b423) mem 0x0000000080010cd0 0x0000000000000010
core   0: >>>>  inst_444
core   0: 0x0000000080005e80 (0x00100113) li      sp, 1
core   0: 3 0x0000000080005e80 (0x00100113) x2  0x0000000000000001
core   0: 0x0000000080005e84 (0x00d11113) slli    sp, sp, 13
core   0: 3 0x0000000080005e84 (0x00d11113) x2  0x0000000000002000
core   0: 0x0000000080005e88 (0x00220233) add     tp, tp, sp
core   0: 3 0x0000000080005e88 (0x00220233) x4  0x000000008000c190
core   0: 0x0000000080005e8c (0xa4023f87) fld     ft11, -1472(tp)
core   0: 3 0x0000000080005e8c (0xa4023f87) f31 0xbf80000000000000 mem 0x000000008000bbd0
core   0: 0x0000000080005e90 (0x40220233) sub     tp, tp, sp
core   0: 3 0x0000000080005e90 (0x40220233) x4  0x000000008000a190
core   0: 0x0000000080005e94 (0x00100113) li      sp, 1
core   0: 3 0x0000000080005e94 (0x00100113) x2  0x0000000000000001
core   0: 0x0000000080005e98 (0x00d11113) slli    sp, sp, 13
core   0: 3 0x0000000080005e98 (0x00d11113) x2  0x0000000000002000
core   0: 0x0000000080005e9c (0x00220233) add     tp, tp, sp
core   0: 3 0x0000000080005e9c (0x00220233) x4  0x000000008000c190
core   0: 0x0000000080005ea0 (0xa4823f07) fld     ft10, -1464(tp)
core   0: 3 0x0000000080005ea0 (0xa4823f07) f30 0x8000000000000000 mem 0x000000008000bbd8
core   0: 0x0000000080005ea4 (0x40220233) sub     tp, tp, sp
core   0: 3 0x0000000080005ea4 (0x40220233) x4  0x000000008000a190
core   0: 0x0000000080005ea8 (0x00000113) li      sp, 0
core   0: 3 0x0000000080005ea8 (0x00000113) x2  0x0000000000000000
core   0: 0x0000000080005eac (0x00311073) csrw    fcsr, sp
core   0: 3 0x0000000080005eac (0x00311073) c1_fflags 0x0000000000000000 c2_frm 0x0000000000000000
core   0: 0x0000000080005eb0 (0xa3ef9fd3) flt.d   t6, ft11, ft10
core   0: 3 0x0000000080005eb0 (0xa3ef9fd3) x31 0x0000000000000001
core   0: 0x0000000080005eb4 (0x003022f3) csrr    t0, fcsr
core   0: 3 0x0000000080005eb4 (0x003022f3) x5  0x0000000000000000
core   0: 0x0000000080005eb8 (0x21f0b823) sd      t6, 528(ra)
core   0: 3 0x0000000080005eb8 (0x21f0b823) mem 0x0000000080010cd8 0x0000000000000001
core   0: 0x0000000080005ebc (0x2050bc23) sd      t0, 536(ra)
core   0: 3 0x0000000080005ebc (0x2050bc23) mem 0x0000000080010ce0 0x0000000000000000
core   0: >>>>  inst_445
core   0: 0x0000000080005ec0 (0x00100113) li      sp, 1
core   0: 3 0x0000000080005ec0 (0x00100113) x2  0x0000000000000001
core   0: 0x0000000080005ec4 (0x00d11113) slli    sp, sp, 13
core   0: 3 0x0000000080005ec4 (0x00d11113) x2  0x0000000000002000
core   0: 0x0000000080005ec8 (0x00220233) add     tp, tp, sp
core   0: 3 0x0000000080005ec8 (0x00220233) x4  0x000000008000c190
core   0: 0x0000000080005ecc (0xa5023f87) fld     ft11, -1456(tp)
core   0: 3 0x0000000080005ecc (0xa5023f87) f31 0xbf80000000000000 mem 0x000000008000bbe0
core   0: 0x0000000080005ed0 (0x40220233) sub     tp, tp, sp
core   0: 3 0x0000000080005ed0 (0x40220233) x4  0x000000008000a190
core   0: 0x0000000080005ed4 (0x00100113) li      sp, 1
core   0: 3 0x0000000080005ed4 (0x00100113) x2  0x0000000000000001
core   0: 0x0000000080005ed8 (0x00d11113) slli    sp, sp, 13
core   0: 3 0x0000000080005ed8 (0x00d11113) x2  0x0000000000002000
core   0: 0x0000000080005edc (0x00220233) add     tp, tp, sp
core   0: 3 0x0000000080005edc (0x00220233) x4  0x000000008000c190
core   0: 0x0000000080005ee0 (0xa5823f07) fld     ft10, -1448(tp)
core   0: 3 0x0000000080005ee0 (0xa5823f07) f30 0x8000000000000001 mem 0x000000008000bbe8
core   0: 0x0000000080005ee4 (0x40220233) sub     tp, tp, sp
core   0: 3 0x0000000080005ee4 (0x40220233) x4  0x000000008000a190
core   0: 0x0000000080005ee8 (0x00000113) li      sp, 0
core   0: 3 0x0000000080005ee8 (0x00000113) x2  0x0000000000000000
core   0: 0x0000000080005eec (0x00311073) csrw    fcsr, sp
core   0: 3 0x0000000080005eec (0x00311073) c1_fflags 0x0000000000000000 c2_frm 0x0000000000000000
core   0: 0x0000000080005ef0 (0xa3ef9fd3) flt.d   t6, ft11, ft10
core   0: 3 0x0000000080005ef0 (0xa3ef9fd3) x31 0x0000000000000001
core   0: 0x0000000080005ef4 (0x003022f3) csrr    t0, fcsr
core   0: 3 0x0000000080005ef4 (0x003022f3) x5  0x0000000000000000
core   0: 0x0000000080005ef8 (0x23f0b023) sd      t6, 544(ra)
core   0: 3 0x0000000080005ef8 (0x23f0b023) mem 0x0000000080010ce8 0x0000000000000001
core   0: 0x0000000080005efc (0x2250b423) sd      t0, 552(ra)
core   0: 3 0x0000000080005efc (0x2250b423) mem 0x0000000080010cf0 0x0000000000000000
core   0: >>>>  inst_446
core   0: 0x0000000080005f00 (0x00100113) li      sp, 1
core   0: 3 0x0000000080005f00 (0x00100113) x2  0x0000000000000001
core   0: 0x0000000080005f04 (0x00d11113) slli    sp, sp, 13
core   0: 3 0x0000000080005f04 (0x00d11113) x2  0x0000000000002000
core   0: 0x0000000080005f08 (0x00220233) add     tp, tp, sp
core   0: 3 0x0000000080005f08 (0x00220233) x4  0x000000008000c190
core   0: 0x0000000080005f0c (0xa6023f87) fld     ft11, -1440(tp)
core   0: 3 0x0000000080005f0c (0xa6023f87) f31 0xbf80000000000000 mem 0x000000008000bbf0
core   0: 0x0000000080005f10 (0x40220233) sub     tp, tp, sp
core   0: 3 0x0000000080005f10 (0x40220233) x4  0x000000008000a190
core   0: 0x0000000080005f14 (0x00100113) li      sp, 1
core   0: 3 0x0000000080005f14 (0x00100113) x2  0x0000000000000001
core   0: 0x0000000080005f18 (0x00d11113) slli    sp, sp, 13
core   0: 3 0x0000000080005f18 (0x00d11113) x2  0x0000000000002000
core   0: 0x0000000080005f1c (0x00220233) add     tp, tp, sp
core   0: 3 0x0000000080005f1c (0x00220233) x4  0x000000008000c190
core   0: 0x0000000080005f20 (0xa6823f07) fld     ft10, -1432(tp)
core   0: 3 0x0000000080005f20 (0xa6823f07) f30 0x8000000000000002 mem 0x000000008000bbf8
core   0: 0x0000000080005f24 (0x40220233) sub     tp, tp, sp
core   0: 3 0x0000000080005f24 (0x40220233) x4  0x000000008000a190
core   0: 0x0000000080005f28 (0x00000113) li      sp, 0
core   0: 3 0x0000000080005f28 (0x00000113) x2  0x0000000000000000
core   0: 0x0000000080005f2c (0x00311073) csrw    fcsr, sp
core   0: 3 0x0000000080005f2c (0x00311073) c1_fflags 0x0000000000000000 c2_frm 0x0000000000000000
core   0: 0x0000000080005f30 (0xa3ef9fd3) flt.d   t6, ft11, ft10
core   0: 3 0x0000000080005f30 (0xa3ef9fd3) x31 0x0000000000000001
core   0: 0x0000000080005f34 (0x003022f3) csrr    t0, fcsr
core   0: 3 0x0000000080005f34 (0x003022f3) x5  0x0000000000000000
core   0: 0x0000000080005f38 (0x23f0b823) sd      t6, 560(ra)
core   0: 3 0x0000000080005f38 (0x23f0b823) mem 0x0000000080010cf8 0x0000000000000001
core   0: 0x0000000080005f3c (0x2250bc23) sd      t0, 568(ra)
core   0: 3 0x0000000080005f3c (0x2250bc23) mem 0x0000000080010d00 0x0000000000000000
core   0: >>>>  inst_447
core   0: 0x0000000080005f40 (0x00100113) li      sp, 1
core   0: 3 0x0000000080005f40 (0x00100113) x2  0x0000000000000001
core   0: 0x0000000080005f44 (0x00d11113) slli    sp, sp, 13
core   0: 3 0x0000000080005f44 (0x00d11113) x2  0x0000000000002000
core   0: 0x0000000080005f48 (0x00220233) add     tp, tp, sp
core   0: 3 0x0000000080005f48 (0x00220233) x4  0x000000008000c190
core   0: 0x0000000080005f4c (0xa7023f87) fld     ft11, -1424(tp)
core   0: 3 0x0000000080005f4c (0xa7023f87) f31 0xbf80000000000000 mem 0x000000008000bc00
core   0: 0x0000000080005f50 (0x40220233) sub     tp, tp, sp
core   0: 3 0x0000000080005f50 (0x40220233) x4  0x000000008000a190
core   0: 0x0000000080005f54 (0x00100113) li      sp, 1
core   0: 3 0x0000000080005f54 (0x00100113) x2  0x0000000000000001
core   0: 0x0000000080005f58 (0x00d11113) slli    sp, sp, 13
core   0: 3 0x0000000080005f58 (0x00d11113) x2  0x0000000000002000
core   0: 0x0000000080005f5c (0x00220233) add     tp, tp, sp
core   0: 3 0x0000000080005f5c (0x00220233) x4  0x000000008000c190
core   0: 0x0000000080005f60 (0xa7823f07) fld     ft10, -1416(tp)
core   0: 3 0x0000000080005f60 (0xa7823f07) f30 0x800fffffffffffff mem 0x000000008000bc08
core   0: 0x0000000080005f64 (0x40220233) sub     tp, tp, sp
core   0: 3 0x0000000080005f64 (0x40220233) x4  0x000000008000a190
core   0: 0x0000000080005f68 (0x00000113) li      sp, 0
core   0: 3 0x0000000080005f68 (0x00000113) x2  0x0000000000000000
core   0: 0x0000000080005f6c (0x00311073) csrw    fcsr, sp
core   0: 3 0x0000000080005f6c (0x00311073) c1_fflags 0x0000000000000000 c2_frm 0x0000000000000000
core   0: 0x0000000080005f70 (0xa3ef9fd3) flt.d   t6, ft11, ft10
core   0: 3 0x0000000080005f70 (0xa3ef9fd3) x31 0x0000000000000001
core   0: 0x0000000080005f74 (0x003022f3) csrr    t0, fcsr
core   0: 3 0x0000000080005f74 (0x003022f3) x5  0x0000000000000000
core   0: 0x0000000080005f78 (0x25f0b023) sd      t6, 576(ra)
core   0: 3 0x0000000080005f78 (0x25f0b023) mem 0x0000000080010d08 0x0000000000000001
core   0: 0x0000000080005f7c (0x2450b423) sd      t0, 584(ra)
core   0: 3 0x0000000080005f7c (0x2450b423) mem 0x0000000080010d10 0x0000000000000000
core   0: >>>>  inst_448
core   0: 0x0000000080005f80 (0x00100113) li      sp, 1
core   0: 3 0x0000000080005f80 (0x00100113) x2  0x0000000000000001
core   0: 0x0000000080005f84 (0x00d11113) slli    sp, sp, 13
core   0: 3 0x0000000080005f84 (0x00d11113) x2  0x0000000000002000
core   0: 0x0000000080005f88 (0x00220233) add     tp, tp, sp
core   0: 3 0x0000000080005f88 (0x00220233) x4  0x000000008000c190
core   0: 0x0000000080005f8c (0xa8023f87) fld     ft11, -1408(tp)
core   0: 3 0x0000000080005f8c (0xa8023f87) f31 0xbf80000000000000 mem 0x000000008000bc10
core   0: 0x0000000080005f90 (0x40220233) sub     tp, tp, sp
core   0: 3 0x0000000080005f90 (0x40220233) x4  0x000000008000a190
core   0: 0x0000000080005f94 (0x00100113) li      sp, 1
core   0: 3 0x0000000080005f94 (0x00100113) x2  0x0000000000000001
core   0: 0x0000000080005f98 (0x00d11113) slli    sp, sp, 13
core   0: 3 0x0000000080005f98 (0x00d11113) x2  0x0000000000002000
core   0: 0x0000000080005f9c (0x00220233) add     tp, tp, sp
core   0: 3 0x0000000080005f9c (0x00220233) x4  0x000000008000c190
core   0: 0x0000000080005fa0 (0xa8823f07) fld     ft10, -1400(tp)
core   0: 3 0x0000000080005fa0 (0xa8823f07) f30 0x8010000000000000 mem 0x000000008000bc18
core   0: 0x0000000080005fa4 (0x40220233) sub     tp, tp, sp
core   0: 3 0x0000000080005fa4 (0x40220233) x4  0x000000008000a190
core   0: 0x0000000080005fa8 (0x00000113) li      sp, 0
core   0: 3 0x0000000080005fa8 (0x00000113) x2  0x0000000000000000
core   0: 0x0000000080005fac (0x00311073) csrw    fcsr, sp
core   0: 3 0x0000000080005fac (0x00311073) c1_fflags 0x0000000000000000 c2_frm 0x0000000000000000
core   0: 0x0000000080005fb0 (0xa3ef9fd3) flt.d   t6, ft11, ft10
core   0: 3 0x0000000080005fb0 (0xa3ef9fd3) x31 0x0000000000000001
core   0: 0x0000000080005fb4 (0x003022f3) csrr    t0, fcsr
core   0: 3 0x0000000080005fb4 (0x003022f3) x5  0x0000000000000000
core   0: 0x0000000080005fb8 (0x25f0b823) sd      t6, 592(ra)
core   0: 3 0x0000000080005fb8 (0x25f0b823) mem 0x0000000080010d18 0x0000000000000001
core   0: 0x0000000080005fbc (0x2450bc23) sd      t0, 600(ra)
core   0: 3 0x0000000080005fbc (0x2450bc23) mem 0x0000000080010d20 0x0000000000000000
core   0: >>>>  inst_449
core   0: 0x0000000080005fc0 (0x00100113) li      sp, 1
core   0: 3 0x0000000080005fc0 (0x00100113) x2  0x0000000000000001
core   0: 0x0000000080005fc4 (0x00d11113) slli    sp, sp, 13
core   0: 3 0x0000000080005fc4 (0x00d11113) x2  0x0000000000002000
core   0: 0x0000000080005fc8 (0x00220233) add     tp, tp, sp
core   0: 3 0x0000000080005fc8 (0x00220233) x4  0x000000008000c190
core   0: 0x0000000080005fcc (0xa9023f87) fld     ft11, -1392(tp)
core   0: 3 0x0000000080005fcc (0xa9023f87) f31 0xbf80000000000000 mem 0x000000008000bc20
core   0: 0x0000000080005fd0 (0x40220233) sub     tp, tp, sp
core   0: 3 0x0000000080005fd0 (0x40220233) x4  0x000000008000a190
core   0: 0x0000000080005fd4 (0x00100113) li      sp, 1
core   0: 3 0x0000000080005fd4 (0x00100113) x2  0x0000000000000001
core   0: 0x0000000080005fd8 (0x00d11113) slli    sp, sp, 13
core   0: 3 0x0000000080005fd8 (0x00d11113) x2  0x0000000000002000
core   0: 0x0000000080005fdc (0x00220233) add     tp, tp, sp
core   0: 3 0x0000000080005fdc (0x00220233) x4  0x000000008000c190
core   0: 0x0000000080005fe0 (0xa9823f07) fld     ft10, -1384(tp)
core   0: 3 0x0000000080005fe0 (0xa9823f07) f30 0x8010000000000002 mem 0x000000008000bc28
core   0: 0x0000000080005fe4 (0x40220233) sub     tp, tp, sp
core   0: 3 0x0000000080005fe4 (0x40220233) x4  0x000000008000a190
core   0: 0x0000000080005fe8 (0x00000113) li      sp, 0
core   0: 3 0x0000000080005fe8 (0x00000113) x2  0x0000000000000000
core   0: 0x0000000080005fec (0x00311073) csrw    fcsr, sp
core   0: 3 0x0000000080005fec (0x00311073) c1_fflags 0x0000000000000000 c2_frm 0x0000000000000000
core   0: 0x0000000080005ff0 (0xa3ef9fd3) flt.d   t6, ft11, ft10
core   0: 3 0x0000000080005ff0 (0xa3ef9fd3) x31 0x0000000000000001
core   0: 0x0000000080005ff4 (0x003022f3) csrr    t0, fcsr
core   0: 3 0x0000000080005ff4 (0x003022f3) x5  0x0000000000000000
core   0: 0x0000000080005ff8 (0x27f0b023) sd      t6, 608(ra)
core   0: 3 0x0000000080005ff8 (0x27f0b023) mem 0x0000000080010d28 0x0000000000000001
core   0: 0x0000000080005ffc (0x2650b423) sd      t0, 616(ra)
core   0: 3 0x0000000080005ffc (0x2650b423) mem 0x0000000080010d30 0x0000000000000000
core   0: >>>>  inst_450
core   0: 0x0000000080006000 (0x00100113) li      sp, 1
core   0: 3 0x0000000080006000 (0x00100113) x2  0x0000000000000001
core   0: 0x0000000080006004 (0x00d11113) slli    sp, sp, 13
core   0: 3 0x0000000080006004 (0x00d11113) x2  0x0000000000002000
core   0: 0x0000000080006008 (0x00220233) add     tp, tp, sp
core   0: 3 0x0000000080006008 (0x00220233) x4  0x000000008000c190
core   0: 0x000000008000600c (0xaa023f87) fld     ft11, -1376(tp)
core   0: 3 0x000000008000600c (0xaa023f87) f31 0xbf80000000000000 mem 0x000000008000bc30
core   0: 0x0000000080006010 (0x40220233) sub     tp, tp, sp
core   0: 3 0x0000000080006010 (0x40220233) x4  0x000000008000a190
core   0: 0x0000000080006014 (0x00100113) li      sp, 1
core   0: 3 0x0000000080006014 (0x00100113) x2  0x0000000000000001
core   0: 0x0000000080006018 (0x00d11113) slli    sp, sp, 13
core   0: 3 0x0000000080006018 (0x00d11113) x2  0x0000000000002000
core   0: 0x000000008000601c (0x00220233) add     tp, tp, sp
core   0: 3 0x000000008000601c (0x00220233) x4  0x000000008000c190
core   0: 0x0000000080006020 (0xaa823f07) fld     ft10, -1368(tp)
core   0: 3 0x0000000080006020 (0xaa823f07) f30 0xbf80000000000000 mem 0x000000008000bc38
core   0: 0x0000000080006024 (0x40220233) sub     tp, tp, sp
core   0: 3 0x0000000080006024 (0x40220233) x4  0x000000008000a190
core   0: 0x0000000080006028 (0x00000113) li      sp, 0
core   0: 3 0x0000000080006028 (0x00000113) x2  0x0000000000000000
core   0: 0x000000008000602c (0x00311073) csrw    fcsr, sp
core   0: 3 0x000000008000602c (0x00311073) c1_fflags 0x0000000000000000 c2_frm 0x0000000000000000
core   0: 0x0000000080006030 (0xa3ef9fd3) flt.d   t6, ft11, ft10
core   0: 3 0x0000000080006030 (0xa3ef9fd3) x31 0x0000000000000000
core   0: 0x0000000080006034 (0x003022f3) csrr    t0, fcsr
core   0: 3 0x0000000080006034 (0x003022f3) x5  0x0000000000000000
core   0: 0x0000000080006038 (0x27f0b823) sd      t6, 624(ra)
core   0: 3 0x0000000080006038 (0x27f0b823) mem 0x0000000080010d38 0x0000000000000000
core   0: 0x000000008000603c (0x2650bc23) sd      t0, 632(ra)
core   0: 3 0x000000008000603c (0x2650bc23) mem 0x0000000080010d40 0x0000000000000000
core   0: >>>>  inst_451
core   0: 0x0000000080006040 (0x00100113) li      sp, 1
core   0: 3 0x0000000080006040 (0x00100113) x2  0x0000000000000001
core   0: 0x0000000080006044 (0x00d11113) slli    sp, sp, 13
core   0: 3 0x0000000080006044 (0x00d11113) x2  0x0000000000002000
core   0: 0x0000000080006048 (0x00220233) add     tp, tp, sp
core   0: 3 0x0000000080006048 (0x00220233) x4  0x000000008000c190
core   0: 0x000000008000604c (0xab023f87) fld     ft11, -1360(tp)
core   0: 3 0x000000008000604c (0xab023f87) f31 0xbf80000000000000 mem 0x000000008000bc40
core   0: 0x0000000080006050 (0x40220233) sub     tp, tp, sp
core   0: 3 0x0000000080006050 (0x40220233) x4  0x000000008000a190
core   0: 0x0000000080006054 (0x00100113) li      sp, 1
core   0: 3 0x0000000080006054 (0x00100113) x2  0x0000000000000001
core   0: 0x0000000080006058 (0x00d11113) slli    sp, sp, 13
core   0: 3 0x0000000080006058 (0x00d11113) x2  0x0000000000002000
core   0: 0x000000008000605c (0x00220233) add     tp, tp, sp
core   0: 3 0x000000008000605c (0x00220233) x4  0x000000008000c190
core   0: 0x0000000080006060 (0xab823f07) fld     ft10, -1352(tp)
core   0: 3 0x0000000080006060 (0xab823f07) f30 0xffefffffffffffff mem 0x000000008000bc48
core   0: 0x0000000080006064 (0x40220233) sub     tp, tp, sp
core   0: 3 0x0000000080006064 (0x40220233) x4  0x000000008000a190
core   0: 0x0000000080006068 (0x00000113) li      sp, 0
core   0: 3 0x0000000080006068 (0x00000113) x2  0x0000000000000000
core   0: 0x000000008000606c (0x00311073) csrw    fcsr, sp
core   0: 3 0x000000008000606c (0x00311073) c1_fflags 0x0000000000000000 c2_frm 0x0000000000000000
core   0: 0x0000000080006070 (0xa3ef9fd3) flt.d   t6, ft11, ft10
core   0: 3 0x0000000080006070 (0xa3ef9fd3) x31 0x0000000000000000
core   0: 0x0000000080006074 (0x003022f3) csrr    t0, fcsr
core   0: 3 0x0000000080006074 (0x003022f3) x5  0x0000000000000000
core   0: 0x0000000080006078 (0x29f0b023) sd      t6, 640(ra)
core   0: 3 0x0000000080006078 (0x29f0b023) mem 0x0000000080010d48 0x0000000000000000
core   0: 0x000000008000607c (0x2850b423) sd      t0, 648(ra)
core   0: 3 0x000000008000607c (0x2850b423) mem 0x0000000080010d50 0x0000000000000000
core   0: >>>>  inst_452
core   0: 0x0000000080006080 (0x00100113) li      sp, 1
core   0: 3 0x0000000080006080 (0x00100113) x2  0x0000000000000001
core   0: 0x0000000080006084 (0x00d11113) slli    sp, sp, 13
core   0: 3 0x0000000080006084 (0x00d11113) x2  0x0000000000002000
core   0: 0x0000000080006088 (0x00220233) add     tp, tp, sp
core   0: 3 0x0000000080006088 (0x00220233) x4  0x000000008000c190
core   0: 0x000000008000608c (0xac023f87) fld     ft11, -1344(tp)
core   0: 3 0x000000008000608c (0xac023f87) f31 0xbf80000000000000 mem 0x000000008000bc50
core   0: 0x0000000080006090 (0x40220233) sub     tp, tp, sp
core   0: 3 0x0000000080006090 (0x40220233) x4  0x000000008000a190
core   0: 0x0000000080006094 (0x00100113) li      sp, 1
core   0: 3 0x0000000080006094 (0x00100113) x2  0x0000000000000001
core   0: 0x0000000080006098 (0x00d11113) slli    sp, sp, 13
core   0: 3 0x0000000080006098 (0x00d11113) x2  0x0000000000002000
core   0: 0x000000008000609c (0x00220233) add     tp, tp, sp
core   0: 3 0x000000008000609c (0x00220233) x4  0x000000008000c190
core   0: 0x00000000800060a0 (0xac823f07) fld     ft10, -1336(tp)
core   0: 3 0x00000000800060a0 (0xac823f07) f30 0xfff0000000000000 mem 0x000000008000bc58
core   0: 0x00000000800060a4 (0x40220233) sub     tp, tp, sp
core   0: 3 0x00000000800060a4 (0x40220233) x4  0x000000008000a190
core   0: 0x00000000800060a8 (0x00000113) li      sp, 0
core   0: 3 0x00000000800060a8 (0x00000113) x2  0x0000000000000000
core   0: 0x00000000800060ac (0x00311073) csrw    fcsr, sp
core   0: 3 0x00000000800060ac (0x00311073) c1_fflags 0x0000000000000000 c2_frm 0x0000000000000000
core   0: 0x00000000800060b0 (0xa3ef9fd3) flt.d   t6, ft11, ft10
core   0: 3 0x00000000800060b0 (0xa3ef9fd3) x31 0x0000000000000000
core   0: 0x00000000800060b4 (0x003022f3) csrr    t0, fcsr
core   0: 3 0x00000000800060b4 (0x003022f3) x5  0x0000000000000000
core   0: 0x00000000800060b8 (0x29f0b823) sd      t6, 656(ra)
core   0: 3 0x00000000800060b8 (0x29f0b823) mem 0x0000000080010d58 0x0000000000000000
core   0: 0x00000000800060bc (0x2850bc23) sd      t0, 664(ra)
core   0: 3 0x00000000800060bc (0x2850bc23) mem 0x0000000080010d60 0x0000000000000000
core   0: >>>>  inst_453
core   0: 0x00000000800060c0 (0x00100113) li      sp, 1
core   0: 3 0x00000000800060c0 (0x00100113) x2  0x0000000000000001
core   0: 0x00000000800060c4 (0x00d11113) slli    sp, sp, 13
core   0: 3 0x00000000800060c4 (0x00d11113) x2  0x0000000000002000
core   0: 0x00000000800060c8 (0x00220233) add     tp, tp, sp
core   0: 3 0x00000000800060c8 (0x00220233) x4  0x000000008000c190
core   0: 0x00000000800060cc (0xad023f87) fld     ft11, -1328(tp)
core   0: 3 0x00000000800060cc (0xad023f87) f31 0xbf80000000000000 mem 0x000000008000bc60
core   0: 0x00000000800060d0 (0x40220233) sub     tp, tp, sp
core   0: 3 0x00000000800060d0 (0x40220233) x4  0x000000008000a190
core   0: 0x00000000800060d4 (0x00100113) li      sp, 1
core   0: 3 0x00000000800060d4 (0x00100113) x2  0x0000000000000001
core   0: 0x00000000800060d8 (0x00d11113) slli    sp, sp, 13
core   0: 3 0x00000000800060d8 (0x00d11113) x2  0x0000000000002000
core   0: 0x00000000800060dc (0x00220233) add     tp, tp, sp
core   0: 3 0x00000000800060dc (0x00220233) x4  0x000000008000c190
core   0: 0x00000000800060e0 (0xad823f07) fld     ft10, -1320(tp)
core   0: 3 0x00000000800060e0 (0xad823f07) f30 0xfff0000000000001 mem 0x000000008000bc68
core   0: 0x00000000800060e4 (0x40220233) sub     tp, tp, sp
core   0: 3 0x00000000800060e4 (0x40220233) x4  0x000000008000a190
core   0: 0x00000000800060e8 (0x00000113) li      sp, 0
core   0: 3 0x00000000800060e8 (0x00000113) x2  0x0000000000000000
core   0: 0x00000000800060ec (0x00311073) csrw    fcsr, sp
core   0: 3 0x00000000800060ec (0x00311073) c1_fflags 0x0000000000000000 c2_frm 0x0000000000000000
core   0: 0x00000000800060f0 (0xa3ef9fd3) flt.d   t6, ft11, ft10
core   0: 3 0x00000000800060f0 (0xa3ef9fd3) c1_fflags 0x0000000000000010 x31 0x0000000000000000
core   0: 0x00000000800060f4 (0x003022f3) csrr    t0, fcsr
core   0: 3 0x00000000800060f4 (0x003022f3) x5  0x0000000000000010
core   0: 0x00000000800060f8 (0x2bf0b023) sd      t6, 672(ra)
core   0: 3 0x00000000800060f8 (0x2bf0b023) mem 0x0000000080010d68 0x0000000000000000
core   0: 0x00000000800060fc (0x2a50b423) sd      t0, 680(ra)
core   0: 3 0x00000000800060fc (0x2a50b423) mem 0x0000000080010d70 0x0000000000000010
core   0: >>>>  inst_454
core   0: 0x0000000080006100 (0x00100113) li      sp, 1
core   0: 3 0x0000000080006100 (0x00100113) x2  0x0000000000000001
core   0: 0x0000000080006104 (0x00d11113) slli    sp, sp, 13
core   0: 3 0x0000000080006104 (0x00d11113) x2  0x0000000000002000
core   0: 0x0000000080006108 (0x00220233) add     tp, tp, sp
core   0: 3 0x0000000080006108 (0x00220233) x4  0x000000008000c190
core   0: 0x000000008000610c (0xae023f87) fld     ft11, -1312(tp)
core   0: 3 0x000000008000610c (0xae023f87) f31 0xbf80000000000000 mem 0x000000008000bc70
core   0: 0x0000000080006110 (0x40220233) sub     tp, tp, sp
core   0: 3 0x0000000080006110 (0x40220233) x4  0x000000008000a190
core   0: 0x0000000080006114 (0x00100113) li      sp, 1
core   0: 3 0x0000000080006114 (0x00100113) x2  0x0000000000000001
core   0: 0x0000000080006118 (0x00d11113) slli    sp, sp, 13
core   0: 3 0x0000000080006118 (0x00d11113) x2  0x0000000000002000
core   0: 0x000000008000611c (0x00220233) add     tp, tp, sp
core   0: 3 0x000000008000611c (0x00220233) x4  0x000000008000c190
core   0: 0x0000000080006120 (0xae823f07) fld     ft10, -1304(tp)
core   0: 3 0x0000000080006120 (0xae823f07) f30 0xfff8000000000000 mem 0x000000008000bc78
core   0: 0x0000000080006124 (0x40220233) sub     tp, tp, sp
core   0: 3 0x0000000080006124 (0x40220233) x4  0x000000008000a190
core   0: 0x0000000080006128 (0x00000113) li      sp, 0
core   0: 3 0x0000000080006128 (0x00000113) x2  0x0000000000000000
core   0: 0x000000008000612c (0x00311073) csrw    fcsr, sp
core   0: 3 0x000000008000612c (0x00311073) c1_fflags 0x0000000000000000 c2_frm 0x0000000000000000
core   0: 0x0000000080006130 (0xa3ef9fd3) flt.d   t6, ft11, ft10
core   0: 3 0x0000000080006130 (0xa3ef9fd3) c1_fflags 0x0000000000000010 x31 0x0000000000000000
core   0: 0x0000000080006134 (0x003022f3) csrr    t0, fcsr
core   0: 3 0x0000000080006134 (0x003022f3) x5  0x0000000000000010
core   0: 0x0000000080006138 (0x2bf0b823) sd      t6, 688(ra)
core   0: 3 0x0000000080006138 (0x2bf0b823) mem 0x0000000080010d78 0x0000000000000000
core   0: 0x000000008000613c (0x2a50bc23) sd      t0, 696(ra)
core   0: 3 0x000000008000613c (0x2a50bc23) mem 0x0000000080010d80 0x0000000000000010
core   0: >>>>  inst_455
core   0: 0x0000000080006140 (0x00100113) li      sp, 1
core   0: 3 0x0000000080006140 (0x00100113) x2  0x0000000000000001
core   0: 0x0000000080006144 (0x00d11113) slli    sp, sp, 13
core   0: 3 0x0000000080006144 (0x00d11113) x2  0x0000000000002000
core   0: 0x0000000080006148 (0x00220233) add     tp, tp, sp
core   0: 3 0x0000000080006148 (0x00220233) x4  0x000000008000c190
core   0: 0x000000008000614c (0xaf023f87) fld     ft11, -1296(tp)
core   0: 3 0x000000008000614c (0xaf023f87) f31 0xbf80000000000000 mem 0x000000008000bc80
core   0: 0x0000000080006150 (0x40220233) sub     tp, tp, sp
core   0: 3 0x0000000080006150 (0x40220233) x4  0x000000008000a190
core   0: 0x0000000080006154 (0x00100113) li      sp, 1
core   0: 3 0x0000000080006154 (0x00100113) x2  0x0000000000000001
core   0: 0x0000000080006158 (0x00d11113) slli    sp, sp, 13
core   0: 3 0x0000000080006158 (0x00d11113) x2  0x0000000000002000
core   0: 0x000000008000615c (0x00220233) add     tp, tp, sp
core   0: 3 0x000000008000615c (0x00220233) x4  0x000000008000c190
core   0: 0x0000000080006160 (0xaf823f07) fld     ft10, -1288(tp)
core   0: 3 0x0000000080006160 (0xaf823f07) f30 0xfff8000000000001 mem 0x000000008000bc88
core   0: 0x0000000080006164 (0x40220233) sub     tp, tp, sp
core   0: 3 0x0000000080006164 (0x40220233) x4  0x000000008000a190
core   0: 0x0000000080006168 (0x00000113) li      sp, 0
core   0: 3 0x0000000080006168 (0x00000113) x2  0x0000000000000000
core   0: 0x000000008000616c (0x00311073) csrw    fcsr, sp
core   0: 3 0x000000008000616c (0x00311073) c1_fflags 0x0000000000000000 c2_frm 0x0000000000000000
core   0: 0x0000000080006170 (0xa3ef9fd3) flt.d   t6, ft11, ft10
core   0: 3 0x0000000080006170 (0xa3ef9fd3) c1_fflags 0x0000000000000010 x31 0x0000000000000000
core   0: 0x0000000080006174 (0x003022f3) csrr    t0, fcsr
core   0: 3 0x0000000080006174 (0x003022f3) x5  0x0000000000000010
core   0: 0x0000000080006178 (0x2df0b023) sd      t6, 704(ra)
core   0: 3 0x0000000080006178 (0x2df0b023) mem 0x0000000080010d88 0x0000000000000000
core   0: 0x000000008000617c (0x2c50b423) sd      t0, 712(ra)
core   0: 3 0x000000008000617c (0x2c50b423) mem 0x0000000080010d90 0x0000000000000010
core   0: >>>>  inst_456
core   0: 0x0000000080006180 (0x00100113) li      sp, 1
core   0: 3 0x0000000080006180 (0x00100113) x2  0x0000000000000001
core   0: 0x0000000080006184 (0x00d11113) slli    sp, sp, 13
core   0: 3 0x0000000080006184 (0x00d11113) x2  0x0000000000002000
core   0: 0x0000000080006188 (0x00220233) add     tp, tp, sp
core   0: 3 0x0000000080006188 (0x00220233) x4  0x000000008000c190
core   0: 0x000000008000618c (0xb0023f87) fld     ft11, -1280(tp)
core   0: 3 0x000000008000618c (0xb0023f87) f31 0xffefffffffffffff mem 0x000000008000bc90
core   0: 0x0000000080006190 (0x40220233) sub     tp, tp, sp
core   0: 3 0x0000000080006190 (0x40220233) x4  0x000000008000a190
core   0: 0x0000000080006194 (0x00100113) li      sp, 1
core   0: 3 0x0000000080006194 (0x00100113) x2  0x0000000000000001
core   0: 0x0000000080006198 (0x00d11113) slli    sp, sp, 13
core   0: 3 0x0000000080006198 (0x00d11113) x2  0x0000000000002000
core   0: 0x000000008000619c (0x00220233) add     tp, tp, sp
core   0: 3 0x000000008000619c (0x00220233) x4  0x000000008000c190
core   0: 0x00000000800061a0 (0xb0823f07) fld     ft10, -1272(tp)
core   0: 3 0x00000000800061a0 (0xb0823f07) f30 0x0000000000000000 mem 0x000000008000bc98
core   0: 0x00000000800061a4 (0x40220233) sub     tp, tp, sp
core   0: 3 0x00000000800061a4 (0x40220233) x4  0x000000008000a190
core   0: 0x00000000800061a8 (0x00000113) li      sp, 0
core   0: 3 0x00000000800061a8 (0x00000113) x2  0x0000000000000000
core   0: 0x00000000800061ac (0x00311073) csrw    fcsr, sp
core   0: 3 0x00000000800061ac (0x00311073) c1_fflags 0x0000000000000000 c2_frm 0x0000000000000000
core   0: 0x00000000800061b0 (0xa3ef9fd3) flt.d   t6, ft11, ft10
core   0: 3 0x00000000800061b0 (0xa3ef9fd3) x31 0x0000000000000001
core   0: 0x00000000800061b4 (0x003022f3) csrr    t0, fcsr
core   0: 3 0x00000000800061b4 (0x003022f3) x5  0x0000000000000000
core   0: 0x00000000800061b8 (0x2df0b823) sd      t6, 720(ra)
core   0: 3 0x00000000800061b8 (0x2df0b823) mem 0x0000000080010d98 0x0000000000000001
core   0: 0x00000000800061bc (0x2c50bc23) sd      t0, 728(ra)
core   0: 3 0x00000000800061bc (0x2c50bc23) mem 0x0000000080010da0 0x0000000000000000
core   0: >>>>  inst_457
core   0: 0x00000000800061c0 (0x00100113) li      sp, 1
core   0: 3 0x00000000800061c0 (0x00100113) x2  0x0000000000000001
core   0: 0x00000000800061c4 (0x00d11113) slli    sp, sp, 13
core   0: 3 0x00000000800061c4 (0x00d11113) x2  0x0000000000002000
core   0: 0x00000000800061c8 (0x00220233) add     tp, tp, sp
core   0: 3 0x00000000800061c8 (0x00220233) x4  0x000000008000c190
core   0: 0x00000000800061cc (0xb1023f87) fld     ft11, -1264(tp)
core   0: 3 0x00000000800061cc (0xb1023f87) f31 0xffefffffffffffff mem 0x000000008000bca0
core   0: 0x00000000800061d0 (0x40220233) sub     tp, tp, sp
core   0: 3 0x00000000800061d0 (0x40220233) x4  0x000000008000a190
core   0: 0x00000000800061d4 (0x00100113) li      sp, 1
core   0: 3 0x00000000800061d4 (0x00100113) x2  0x0000000000000001
core   0: 0x00000000800061d8 (0x00d11113) slli    sp, sp, 13
core   0: 3 0x00000000800061d8 (0x00d11113) x2  0x0000000000002000
core   0: 0x00000000800061dc (0x00220233) add     tp, tp, sp
core   0: 3 0x00000000800061dc (0x00220233) x4  0x000000008000c190
core   0: 0x00000000800061e0 (0xb1823f07) fld     ft10, -1256(tp)
core   0: 3 0x00000000800061e0 (0xb1823f07) f30 0x0000000000000001 mem 0x000000008000bca8
core   0: 0x00000000800061e4 (0x40220233) sub     tp, tp, sp
core   0: 3 0x00000000800061e4 (0x40220233) x4  0x000000008000a190
core   0: 0x00000000800061e8 (0x00000113) li      sp, 0
core   0: 3 0x00000000800061e8 (0x00000113) x2  0x0000000000000000
core   0: 0x00000000800061ec (0x00311073) csrw    fcsr, sp
core   0: 3 0x00000000800061ec (0x00311073) c1_fflags 0x0000000000000000 c2_frm 0x0000000000000000
core   0: 0x00000000800061f0 (0xa3ef9fd3) flt.d   t6, ft11, ft10
core   0: 3 0x00000000800061f0 (0xa3ef9fd3) x31 0x0000000000000001
core   0: 0x00000000800061f4 (0x003022f3) csrr    t0, fcsr
core   0: 3 0x00000000800061f4 (0x003022f3) x5  0x0000000000000000
core   0: 0x00000000800061f8 (0x2ff0b023) sd      t6, 736(ra)
core   0: 3 0x00000000800061f8 (0x2ff0b023) mem 0x0000000080010da8 0x0000000000000001
core   0: 0x00000000800061fc (0x2e50b423) sd      t0, 744(ra)
core   0: 3 0x00000000800061fc (0x2e50b423) mem 0x0000000080010db0 0x0000000000000000
core   0: >>>>  inst_458
core   0: 0x0000000080006200 (0x00100113) li      sp, 1
core   0: 3 0x0000000080006200 (0x00100113) x2  0x0000000000000001
core   0: 0x0000000080006204 (0x00d11113) slli    sp, sp, 13
core   0: 3 0x0000000080006204 (0x00d11113) x2  0x0000000000002000
core   0: 0x0000000080006208 (0x00220233) add     tp, tp, sp
core   0: 3 0x0000000080006208 (0x00220233) x4  0x000000008000c190
core   0: 0x000000008000620c (0xb2023f87) fld     ft11, -1248(tp)
core   0: 3 0x000000008000620c (0xb2023f87) f31 0xffefffffffffffff mem 0x000000008000bcb0
core   0: 0x0000000080006210 (0x40220233) sub     tp, tp, sp
core   0: 3 0x0000000080006210 (0x40220233) x4  0x000000008000a190
core   0: 0x0000000080006214 (0x00100113) li      sp, 1
core   0: 3 0x0000000080006214 (0x00100113) x2  0x0000000000000001
core   0: 0x0000000080006218 (0x00d11113) slli    sp, sp, 13
core   0: 3 0x0000000080006218 (0x00d11113) x2  0x0000000000002000
core   0: 0x000000008000621c (0x00220233) add     tp, tp, sp
core   0: 3 0x000000008000621c (0x00220233) x4  0x000000008000c190
core   0: 0x0000000080006220 (0xb2823f07) fld     ft10, -1240(tp)
core   0: 3 0x0000000080006220 (0xb2823f07) f30 0x0000000000000002 mem 0x000000008000bcb8
core   0: 0x0000000080006224 (0x40220233) sub     tp, tp, sp
core   0: 3 0x0000000080006224 (0x40220233) x4  0x000000008000a190
core   0: 0x0000000080006228 (0x00000113) li      sp, 0
core   0: 3 0x0000000080006228 (0x00000113) x2  0x0000000000000000
core   0: 0x000000008000622c (0x00311073) csrw    fcsr, sp
core   0: 3 0x000000008000622c (0x00311073) c1_fflags 0x0000000000000000 c2_frm 0x0000000000000000
core   0: 0x0000000080006230 (0xa3ef9fd3) flt.d   t6, ft11, ft10
core   0: 3 0x0000000080006230 (0xa3ef9fd3) x31 0x0000000000000001
core   0: 0x0000000080006234 (0x003022f3) csrr    t0, fcsr
core   0: 3 0x0000000080006234 (0x003022f3) x5  0x0000000000000000
core   0: 0x0000000080006238 (0x2ff0b823) sd      t6, 752(ra)
core   0: 3 0x0000000080006238 (0x2ff0b823) mem 0x0000000080010db8 0x0000000000000001
core   0: 0x000000008000623c (0x2e50bc23) sd      t0, 760(ra)
core   0: 3 0x000000008000623c (0x2e50bc23) mem 0x0000000080010dc0 0x0000000000000000
core   0: >>>>  inst_459
core   0: 0x0000000080006240 (0x00100113) li      sp, 1
core   0: 3 0x0000000080006240 (0x00100113) x2  0x0000000000000001
core   0: 0x0000000080006244 (0x00d11113) slli    sp, sp, 13
core   0: 3 0x0000000080006244 (0x00d11113) x2  0x0000000000002000
core   0: 0x0000000080006248 (0x00220233) add     tp, tp, sp
core   0: 3 0x0000000080006248 (0x00220233) x4  0x000000008000c190
core   0: 0x000000008000624c (0xb3023f87) fld     ft11, -1232(tp)
core   0: 3 0x000000008000624c (0xb3023f87) f31 0xffefffffffffffff mem 0x000000008000bcc0
core   0: 0x0000000080006250 (0x40220233) sub     tp, tp, sp
core   0: 3 0x0000000080006250 (0x40220233) x4  0x000000008000a190
core   0: 0x0000000080006254 (0x00100113) li      sp, 1
core   0: 3 0x0000000080006254 (0x00100113) x2  0x0000000000000001
core   0: 0x0000000080006258 (0x00d11113) slli    sp, sp, 13
core   0: 3 0x0000000080006258 (0x00d11113) x2  0x0000000000002000
core   0: 0x000000008000625c (0x00220233) add     tp, tp, sp
core   0: 3 0x000000008000625c (0x00220233) x4  0x000000008000c190
core   0: 0x0000000080006260 (0xb3823f07) fld     ft10, -1224(tp)
core   0: 3 0x0000000080006260 (0xb3823f07) f30 0x000fffffffffffff mem 0x000000008000bcc8
core   0: 0x0000000080006264 (0x40220233) sub     tp, tp, sp
core   0: 3 0x0000000080006264 (0x40220233) x4  0x000000008000a190
core   0: 0x0000000080006268 (0x00000113) li      sp, 0
core   0: 3 0x0000000080006268 (0x00000113) x2  0x0000000000000000
core   0: 0x000000008000626c (0x00311073) csrw    fcsr, sp
core   0: 3 0x000000008000626c (0x00311073) c1_fflags 0x0000000000000000 c2_frm 0x0000000000000000
core   0: 0x0000000080006270 (0xa3ef9fd3) flt.d   t6, ft11, ft10
core   0: 3 0x0000000080006270 (0xa3ef9fd3) x31 0x0000000000000001
core   0: 0x0000000080006274 (0x003022f3) csrr    t0, fcsr
core   0: 3 0x0000000080006274 (0x003022f3) x5  0x0000000000000000
core   0: 0x0000000080006278 (0x31f0b023) sd      t6, 768(ra)
core   0: 3 0x0000000080006278 (0x31f0b023) mem 0x0000000080010dc8 0x0000000000000001
core   0: 0x000000008000627c (0x3050b423) sd      t0, 776(ra)
core   0: 3 0x000000008000627c (0x3050b423) mem 0x0000000080010dd0 0x0000000000000000
core   0: >>>>  inst_460
core   0: 0x0000000080006280 (0x00100113) li      sp, 1
core   0: 3 0x0000000080006280 (0x00100113) x2  0x0000000000000001
core   0: 0x0000000080006284 (0x00d11113) slli    sp, sp, 13
core   0: 3 0x0000000080006284 (0x00d11113) x2  0x0000000000002000
core   0: 0x0000000080006288 (0x00220233) add     tp, tp, sp
core   0: 3 0x0000000080006288 (0x00220233) x4  0x000000008000c190
core   0: 0x000000008000628c (0xb4023f87) fld     ft11, -1216(tp)
core   0: 3 0x000000008000628c (0xb4023f87) f31 0xffefffffffffffff mem 0x000000008000bcd0
core   0: 0x0000000080006290 (0x40220233) sub     tp, tp, sp
core   0: 3 0x0000000080006290 (0x40220233) x4  0x000000008000a190
core   0: 0x0000000080006294 (0x00100113) li      sp, 1
core   0: 3 0x0000000080006294 (0x00100113) x2  0x0000000000000001
core   0: 0x0000000080006298 (0x00d11113) slli    sp, sp, 13
core   0: 3 0x0000000080006298 (0x00d11113) x2  0x0000000000002000
core   0: 0x000000008000629c (0x00220233) add     tp, tp, sp
core   0: 3 0x000000008000629c (0x00220233) x4  0x000000008000c190
core   0: 0x00000000800062a0 (0xb4823f07) fld     ft10, -1208(tp)
core   0: 3 0x00000000800062a0 (0xb4823f07) f30 0x0010000000000000 mem 0x000000008000bcd8
core   0: 0x00000000800062a4 (0x40220233) sub     tp, tp, sp
core   0: 3 0x00000000800062a4 (0x40220233) x4  0x000000008000a190
core   0: 0x00000000800062a8 (0x00000113) li      sp, 0
core   0: 3 0x00000000800062a8 (0x00000113) x2  0x0000000000000000
core   0: 0x00000000800062ac (0x00311073) csrw    fcsr, sp
core   0: 3 0x00000000800062ac (0x00311073) c1_fflags 0x0000000000000000 c2_frm 0x0000000000000000
core   0: 0x00000000800062b0 (0xa3ef9fd3) flt.d   t6, ft11, ft10
core   0: 3 0x00000000800062b0 (0xa3ef9fd3) x31 0x0000000000000001
core   0: 0x00000000800062b4 (0x003022f3) csrr    t0, fcsr
core   0: 3 0x00000000800062b4 (0x003022f3) x5  0x0000000000000000
core   0: 0x00000000800062b8 (0x31f0b823) sd      t6, 784(ra)
core   0: 3 0x00000000800062b8 (0x31f0b823) mem 0x0000000080010dd8 0x0000000000000001
core   0: 0x00000000800062bc (0x3050bc23) sd      t0, 792(ra)
core   0: 3 0x00000000800062bc (0x3050bc23) mem 0x0000000080010de0 0x0000000000000000
core   0: >>>>  inst_461
core   0: 0x00000000800062c0 (0x00100113) li      sp, 1
core   0: 3 0x00000000800062c0 (0x00100113) x2  0x0000000000000001
core   0: 0x00000000800062c4 (0x00d11113) slli    sp, sp, 13
core   0: 3 0x00000000800062c4 (0x00d11113) x2  0x0000000000002000
core   0: 0x00000000800062c8 (0x00220233) add     tp, tp, sp
core   0: 3 0x00000000800062c8 (0x00220233) x4  0x000000008000c190
core   0: 0x00000000800062cc (0xb5023f87) fld     ft11, -1200(tp)
core   0: 3 0x00000000800062cc (0xb5023f87) f31 0xffefffffffffffff mem 0x000000008000bce0
core   0: 0x00000000800062d0 (0x40220233) sub     tp, tp, sp
core   0: 3 0x00000000800062d0 (0x40220233) x4  0x000000008000a190
core   0: 0x00000000800062d4 (0x00100113) li      sp, 1
core   0: 3 0x00000000800062d4 (0x00100113) x2  0x0000000000000001
core   0: 0x00000000800062d8 (0x00d11113) slli    sp, sp, 13
core   0: 3 0x00000000800062d8 (0x00d11113) x2  0x0000000000002000
core   0: 0x00000000800062dc (0x00220233) add     tp, tp, sp
core   0: 3 0x00000000800062dc (0x00220233) x4  0x000000008000c190
core   0: 0x00000000800062e0 (0xb5823f07) fld     ft10, -1192(tp)
core   0: 3 0x00000000800062e0 (0xb5823f07) f30 0x0010000000000002 mem 0x000000008000bce8
core   0: 0x00000000800062e4 (0x40220233) sub     tp, tp, sp
core   0: 3 0x00000000800062e4 (0x40220233) x4  0x000000008000a190
core   0: 0x00000000800062e8 (0x00000113) li      sp, 0
core   0: 3 0x00000000800062e8 (0x00000113) x2  0x0000000000000000
core   0: 0x00000000800062ec (0x00311073) csrw    fcsr, sp
core   0: 3 0x00000000800062ec (0x00311073) c1_fflags 0x0000000000000000 c2_frm 0x0000000000000000
core   0: 0x00000000800062f0 (0xa3ef9fd3) flt.d   t6, ft11, ft10
core   0: 3 0x00000000800062f0 (0xa3ef9fd3) x31 0x0000000000000001
core   0: 0x00000000800062f4 (0x003022f3) csrr    t0, fcsr
core   0: 3 0x00000000800062f4 (0x003022f3) x5  0x0000000000000000
core   0: 0x00000000800062f8 (0x33f0b023) sd      t6, 800(ra)
core   0: 3 0x00000000800062f8 (0x33f0b023) mem 0x0000000080010de8 0x0000000000000001
core   0: 0x00000000800062fc (0x3250b423) sd      t0, 808(ra)
core   0: 3 0x00000000800062fc (0x3250b423) mem 0x0000000080010df0 0x0000000000000000
core   0: >>>>  inst_462
core   0: 0x0000000080006300 (0x00100113) li      sp, 1
core   0: 3 0x0000000080006300 (0x00100113) x2  0x0000000000000001
core   0: 0x0000000080006304 (0x00d11113) slli    sp, sp, 13
core   0: 3 0x0000000080006304 (0x00d11113) x2  0x0000000000002000
core   0: 0x0000000080006308 (0x00220233) add     tp, tp, sp
core   0: 3 0x0000000080006308 (0x00220233) x4  0x000000008000c190
core   0: 0x000000008000630c (0xb6023f87) fld     ft11, -1184(tp)
core   0: 3 0x000000008000630c (0xb6023f87) f31 0xffefffffffffffff mem 0x000000008000bcf0
core   0: 0x0000000080006310 (0x40220233) sub     tp, tp, sp
core   0: 3 0x0000000080006310 (0x40220233) x4  0x000000008000a190
core   0: 0x0000000080006314 (0x00100113) li      sp, 1
core   0: 3 0x0000000080006314 (0x00100113) x2  0x0000000000000001
core   0: 0x0000000080006318 (0x00d11113) slli    sp, sp, 13
core   0: 3 0x0000000080006318 (0x00d11113) x2  0x0000000000002000
core   0: 0x000000008000631c (0x00220233) add     tp, tp, sp
core   0: 3 0x000000008000631c (0x00220233) x4  0x000000008000c190
core   0: 0x0000000080006320 (0xb6823f07) fld     ft10, -1176(tp)
core   0: 3 0x0000000080006320 (0xb6823f07) f30 0x3ff0000000000000 mem 0x000000008000bcf8
core   0: 0x0000000080006324 (0x40220233) sub     tp, tp, sp
core   0: 3 0x0000000080006324 (0x40220233) x4  0x000000008000a190
core   0: 0x0000000080006328 (0x00000113) li      sp, 0
core   0: 3 0x0000000080006328 (0x00000113) x2  0x0000000000000000
core   0: 0x000000008000632c (0x00311073) csrw    fcsr, sp
core   0: 3 0x000000008000632c (0x00311073) c1_fflags 0x0000000000000000 c2_frm 0x0000000000000000
core   0: 0x0000000080006330 (0xa3ef9fd3) flt.d   t6, ft11, ft10
core   0: 3 0x0000000080006330 (0xa3ef9fd3) x31 0x0000000000000001
core   0: 0x0000000080006334 (0x003022f3) csrr    t0, fcsr
core   0: 3 0x0000000080006334 (0x003022f3) x5  0x0000000000000000
core   0: 0x0000000080006338 (0x33f0b823) sd      t6, 816(ra)
core   0: 3 0x0000000080006338 (0x33f0b823) mem 0x0000000080010df8 0x0000000000000001
core   0: 0x000000008000633c (0x3250bc23) sd      t0, 824(ra)
core   0: 3 0x000000008000633c (0x3250bc23) mem 0x0000000080010e00 0x0000000000000000
core   0: >>>>  inst_463
core   0: 0x0000000080006340 (0x00100113) li      sp, 1
core   0: 3 0x0000000080006340 (0x00100113) x2  0x0000000000000001
core   0: 0x0000000080006344 (0x00d11113) slli    sp, sp, 13
core   0: 3 0x0000000080006344 (0x00d11113) x2  0x0000000000002000
core   0: 0x0000000080006348 (0x00220233) add     tp, tp, sp
core   0: 3 0x0000000080006348 (0x00220233) x4  0x000000008000c190
core   0: 0x000000008000634c (0xb7023f87) fld     ft11, -1168(tp)
core   0: 3 0x000000008000634c (0xb7023f87) f31 0xffefffffffffffff mem 0x000000008000bd00
core   0: 0x0000000080006350 (0x40220233) sub     tp, tp, sp
core   0: 3 0x0000000080006350 (0x40220233) x4  0x000000008000a190
core   0: 0x0000000080006354 (0x00100113) li      sp, 1
core   0: 3 0x0000000080006354 (0x00100113) x2  0x0000000000000001
core   0: 0x0000000080006358 (0x00d11113) slli    sp, sp, 13
core   0: 3 0x0000000080006358 (0x00d11113) x2  0x0000000000002000
core   0: 0x000000008000635c (0x00220233) add     tp, tp, sp
core   0: 3 0x000000008000635c (0x00220233) x4  0x000000008000c190
core   0: 0x0000000080006360 (0xb7823f07) fld     ft10, -1160(tp)
core   0: 3 0x0000000080006360 (0xb7823f07) f30 0x7fefffffffffffff mem 0x000000008000bd08
core   0: 0x0000000080006364 (0x40220233) sub     tp, tp, sp
core   0: 3 0x0000000080006364 (0x40220233) x4  0x000000008000a190
core   0: 0x0000000080006368 (0x00000113) li      sp, 0
core   0: 3 0x0000000080006368 (0x00000113) x2  0x0000000000000000
core   0: 0x000000008000636c (0x00311073) csrw    fcsr, sp
core   0: 3 0x000000008000636c (0x00311073) c1_fflags 0x0000000000000000 c2_frm 0x0000000000000000
core   0: 0x0000000080006370 (0xa3ef9fd3) flt.d   t6, ft11, ft10
core   0: 3 0x0000000080006370 (0xa3ef9fd3) x31 0x0000000000000001
core   0: 0x0000000080006374 (0x003022f3) csrr    t0, fcsr
core   0: 3 0x0000000080006374 (0x003022f3) x5  0x0000000000000000
core   0: 0x0000000080006378 (0x35f0b023) sd      t6, 832(ra)
core   0: 3 0x0000000080006378 (0x35f0b023) mem 0x0000000080010e08 0x0000000000000001
core   0: 0x000000008000637c (0x3450b423) sd      t0, 840(ra)
core   0: 3 0x000000008000637c (0x3450b423) mem 0x0000000080010e10 0x0000000000000000
core   0: >>>>  inst_464
core   0: 0x0000000080006380 (0x00100113) li      sp, 1
core   0: 3 0x0000000080006380 (0x00100113) x2  0x0000000000000001
core   0: 0x0000000080006384 (0x00d11113) slli    sp, sp, 13
core   0: 3 0x0000000080006384 (0x00d11113) x2  0x0000000000002000
core   0: 0x0000000080006388 (0x00220233) add     tp, tp, sp
core   0: 3 0x0000000080006388 (0x00220233) x4  0x000000008000c190
core   0: 0x000000008000638c (0xb8023f87) fld     ft11, -1152(tp)
core   0: 3 0x000000008000638c (0xb8023f87) f31 0xffefffffffffffff mem 0x000000008000bd10
core   0: 0x0000000080006390 (0x40220233) sub     tp, tp, sp
core   0: 3 0x0000000080006390 (0x40220233) x4  0x000000008000a190
core   0: 0x0000000080006394 (0x00100113) li      sp, 1
core   0: 3 0x0000000080006394 (0x00100113) x2  0x0000000000000001
core   0: 0x0000000080006398 (0x00d11113) slli    sp, sp, 13
core   0: 3 0x0000000080006398 (0x00d11113) x2  0x0000000000002000
core   0: 0x000000008000639c (0x00220233) add     tp, tp, sp
core   0: 3 0x000000008000639c (0x00220233) x4  0x000000008000c190
core   0: 0x00000000800063a0 (0xb8823f07) fld     ft10, -1144(tp)
core   0: 3 0x00000000800063a0 (0xb8823f07) f30 0x7ff0000000000000 mem 0x000000008000bd18
core   0: 0x00000000800063a4 (0x40220233) sub     tp, tp, sp
core   0: 3 0x00000000800063a4 (0x40220233) x4  0x000000008000a190
core   0: 0x00000000800063a8 (0x00000113) li      sp, 0
core   0: 3 0x00000000800063a8 (0x00000113) x2  0x0000000000000000
core   0: 0x00000000800063ac (0x00311073) csrw    fcsr, sp
core   0: 3 0x00000000800063ac (0x00311073) c1_fflags 0x0000000000000000 c2_frm 0x0000000000000000
core   0: 0x00000000800063b0 (0xa3ef9fd3) flt.d   t6, ft11, ft10
core   0: 3 0x00000000800063b0 (0xa3ef9fd3) x31 0x0000000000000001
core   0: 0x00000000800063b4 (0x003022f3) csrr    t0, fcsr
core   0: 3 0x00000000800063b4 (0x003022f3) x5  0x0000000000000000
core   0: 0x00000000800063b8 (0x35f0b823) sd      t6, 848(ra)
core   0: 3 0x00000000800063b8 (0x35f0b823) mem 0x0000000080010e18 0x0000000000000001
core   0: 0x00000000800063bc (0x3450bc23) sd      t0, 856(ra)
core   0: 3 0x00000000800063bc (0x3450bc23) mem 0x0000000080010e20 0x0000000000000000
core   0: >>>>  inst_465
core   0: 0x00000000800063c0 (0x00100113) li      sp, 1
core   0: 3 0x00000000800063c0 (0x00100113) x2  0x0000000000000001
core   0: 0x00000000800063c4 (0x00d11113) slli    sp, sp, 13
core   0: 3 0x00000000800063c4 (0x00d11113) x2  0x0000000000002000
core   0: 0x00000000800063c8 (0x00220233) add     tp, tp, sp
core   0: 3 0x00000000800063c8 (0x00220233) x4  0x000000008000c190
core   0: 0x00000000800063cc (0xb9023f87) fld     ft11, -1136(tp)
core   0: 3 0x00000000800063cc (0xb9023f87) f31 0xffefffffffffffff mem 0x000000008000bd20
core   0: 0x00000000800063d0 (0x40220233) sub     tp, tp, sp
core   0: 3 0x00000000800063d0 (0x40220233) x4  0x000000008000a190
core   0: 0x00000000800063d4 (0x00100113) li      sp, 1
core   0: 3 0x00000000800063d4 (0x00100113) x2  0x0000000000000001
core   0: 0x00000000800063d8 (0x00d11113) slli    sp, sp, 13
core   0: 3 0x00000000800063d8 (0x00d11113) x2  0x0000000000002000
core   0: 0x00000000800063dc (0x00220233) add     tp, tp, sp
core   0: 3 0x00000000800063dc (0x00220233) x4  0x000000008000c190
core   0: 0x00000000800063e0 (0xb9823f07) fld     ft10, -1128(tp)
core   0: 3 0x00000000800063e0 (0xb9823f07) f30 0x7ff0000000000001 mem 0x000000008000bd28
core   0: 0x00000000800063e4 (0x40220233) sub     tp, tp, sp
core   0: 3 0x00000000800063e4 (0x40220233) x4  0x000000008000a190
core   0: 0x00000000800063e8 (0x00000113) li      sp, 0
core   0: 3 0x00000000800063e8 (0x00000113) x2  0x0000000000000000
core   0: 0x00000000800063ec (0x00311073) csrw    fcsr, sp
core   0: 3 0x00000000800063ec (0x00311073) c1_fflags 0x0000000000000000 c2_frm 0x0000000000000000
core   0: 0x00000000800063f0 (0xa3ef9fd3) flt.d   t6, ft11, ft10
core   0: 3 0x00000000800063f0 (0xa3ef9fd3) c1_fflags 0x0000000000000010 x31 0x0000000000000000
core   0: 0x00000000800063f4 (0x003022f3) csrr    t0, fcsr
core   0: 3 0x00000000800063f4 (0x003022f3) x5  0x0000000000000010
core   0: 0x00000000800063f8 (0x37f0b023) sd      t6, 864(ra)
core   0: 3 0x00000000800063f8 (0x37f0b023) mem 0x0000000080010e28 0x0000000000000000
core   0: 0x00000000800063fc (0x3650b423) sd      t0, 872(ra)
core   0: 3 0x00000000800063fc (0x3650b423) mem 0x0000000080010e30 0x0000000000000010
core   0: >>>>  inst_466
core   0: 0x0000000080006400 (0x00100113) li      sp, 1
core   0: 3 0x0000000080006400 (0x00100113) x2  0x0000000000000001
core   0: 0x0000000080006404 (0x00d11113) slli    sp, sp, 13
core   0: 3 0x0000000080006404 (0x00d11113) x2  0x0000000000002000
core   0: 0x0000000080006408 (0x00220233) add     tp, tp, sp
core   0: 3 0x0000000080006408 (0x00220233) x4  0x000000008000c190
core   0: 0x000000008000640c (0xba023f87) fld     ft11, -1120(tp)
core   0: 3 0x000000008000640c (0xba023f87) f31 0xffefffffffffffff mem 0x000000008000bd30
core   0: 0x0000000080006410 (0x40220233) sub     tp, tp, sp
core   0: 3 0x0000000080006410 (0x40220233) x4  0x000000008000a190
core   0: 0x0000000080006414 (0x00100113) li      sp, 1
core   0: 3 0x0000000080006414 (0x00100113) x2  0x0000000000000001
core   0: 0x0000000080006418 (0x00d11113) slli    sp, sp, 13
core   0: 3 0x0000000080006418 (0x00d11113) x2  0x0000000000002000
core   0: 0x000000008000641c (0x00220233) add     tp, tp, sp
core   0: 3 0x000000008000641c (0x00220233) x4  0x000000008000c190
core   0: 0x0000000080006420 (0xba823f07) fld     ft10, -1112(tp)
core   0: 3 0x0000000080006420 (0xba823f07) f30 0x7ff8000000000000 mem 0x000000008000bd38
core   0: 0x0000000080006424 (0x40220233) sub     tp, tp, sp
core   0: 3 0x0000000080006424 (0x40220233) x4  0x000000008000a190
core   0: 0x0000000080006428 (0x00000113) li      sp, 0
core   0: 3 0x0000000080006428 (0x00000113) x2  0x0000000000000000
core   0: 0x000000008000642c (0x00311073) csrw    fcsr, sp
core   0: 3 0x000000008000642c (0x00311073) c1_fflags 0x0000000000000000 c2_frm 0x0000000000000000
core   0: 0x0000000080006430 (0xa3ef9fd3) flt.d   t6, ft11, ft10
core   0: 3 0x0000000080006430 (0xa3ef9fd3) c1_fflags 0x0000000000000010 x31 0x0000000000000000
core   0: 0x0000000080006434 (0x003022f3) csrr    t0, fcsr
core   0: 3 0x0000000080006434 (0x003022f3) x5  0x0000000000000010
core   0: 0x0000000080006438 (0x37f0b823) sd      t6, 880(ra)
core   0: 3 0x0000000080006438 (0x37f0b823) mem 0x0000000080010e38 0x0000000000000000
core   0: 0x000000008000643c (0x3650bc23) sd      t0, 888(ra)
core   0: 3 0x000000008000643c (0x3650bc23) mem 0x0000000080010e40 0x0000000000000010
core   0: >>>>  inst_467
core   0: 0x0000000080006440 (0x00100113) li      sp, 1
core   0: 3 0x0000000080006440 (0x00100113) x2  0x0000000000000001
core   0: 0x0000000080006444 (0x00d11113) slli    sp, sp, 13
core   0: 3 0x0000000080006444 (0x00d11113) x2  0x0000000000002000
core   0: 0x0000000080006448 (0x00220233) add     tp, tp, sp
core   0: 3 0x0000000080006448 (0x00220233) x4  0x000000008000c190
core   0: 0x000000008000644c (0xbb023f87) fld     ft11, -1104(tp)
core   0: 3 0x000000008000644c (0xbb023f87) f31 0xffefffffffffffff mem 0x000000008000bd40
core   0: 0x0000000080006450 (0x40220233) sub     tp, tp, sp
core   0: 3 0x0000000080006450 (0x40220233) x4  0x000000008000a190
core   0: 0x0000000080006454 (0x00100113) li      sp, 1
core   0: 3 0x0000000080006454 (0x00100113) x2  0x0000000000000001
core   0: 0x0000000080006458 (0x00d11113) slli    sp, sp, 13
core   0: 3 0x0000000080006458 (0x00d11113) x2  0x0000000000002000
core   0: 0x000000008000645c (0x00220233) add     tp, tp, sp
core   0: 3 0x000000008000645c (0x00220233) x4  0x000000008000c190
core   0: 0x0000000080006460 (0xbb823f07) fld     ft10, -1096(tp)
core   0: 3 0x0000000080006460 (0xbb823f07) f30 0x7ff8000000000001 mem 0x000000008000bd48
core   0: 0x0000000080006464 (0x40220233) sub     tp, tp, sp
core   0: 3 0x0000000080006464 (0x40220233) x4  0x000000008000a190
core   0: 0x0000000080006468 (0x00000113) li      sp, 0
core   0: 3 0x0000000080006468 (0x00000113) x2  0x0000000000000000
core   0: 0x000000008000646c (0x00311073) csrw    fcsr, sp
core   0: 3 0x000000008000646c (0x00311073) c1_fflags 0x0000000000000000 c2_frm 0x0000000000000000
core   0: 0x0000000080006470 (0xa3ef9fd3) flt.d   t6, ft11, ft10
core   0: 3 0x0000000080006470 (0xa3ef9fd3) c1_fflags 0x0000000000000010 x31 0x0000000000000000
core   0: 0x0000000080006474 (0x003022f3) csrr    t0, fcsr
core   0: 3 0x0000000080006474 (0x003022f3) x5  0x0000000000000010
core   0: 0x0000000080006478 (0x39f0b023) sd      t6, 896(ra)
core   0: 3 0x0000000080006478 (0x39f0b023) mem 0x0000000080010e48 0x0000000000000000
core   0: 0x000000008000647c (0x3850b423) sd      t0, 904(ra)
core   0: 3 0x000000008000647c (0x3850b423) mem 0x0000000080010e50 0x0000000000000010
core   0: >>>>  inst_468
core   0: 0x0000000080006480 (0x00100113) li      sp, 1
core   0: 3 0x0000000080006480 (0x00100113) x2  0x0000000000000001
core   0: 0x0000000080006484 (0x00d11113) slli    sp, sp, 13
core   0: 3 0x0000000080006484 (0x00d11113) x2  0x0000000000002000
core   0: 0x0000000080006488 (0x00220233) add     tp, tp, sp
core   0: 3 0x0000000080006488 (0x00220233) x4  0x000000008000c190
core   0: 0x000000008000648c (0xbc023f87) fld     ft11, -1088(tp)
core   0: 3 0x000000008000648c (0xbc023f87) f31 0xffefffffffffffff mem 0x000000008000bd50
core   0: 0x0000000080006490 (0x40220233) sub     tp, tp, sp
core   0: 3 0x0000000080006490 (0x40220233) x4  0x000000008000a190
core   0: 0x0000000080006494 (0x00100113) li      sp, 1
core   0: 3 0x0000000080006494 (0x00100113) x2  0x0000000000000001
core   0: 0x0000000080006498 (0x00d11113) slli    sp, sp, 13
core   0: 3 0x0000000080006498 (0x00d11113) x2  0x0000000000002000
core   0: 0x000000008000649c (0x00220233) add     tp, tp, sp
core   0: 3 0x000000008000649c (0x00220233) x4  0x000000008000c190
core   0: 0x00000000800064a0 (0xbc823f07) fld     ft10, -1080(tp)
core   0: 3 0x00000000800064a0 (0xbc823f07) f30 0x8000000000000000 mem 0x000000008000bd58
core   0: 0x00000000800064a4 (0x40220233) sub     tp, tp, sp
core   0: 3 0x00000000800064a4 (0x40220233) x4  0x000000008000a190
core   0: 0x00000000800064a8 (0x00000113) li      sp, 0
core   0: 3 0x00000000800064a8 (0x00000113) x2  0x0000000000000000
core   0: 0x00000000800064ac (0x00311073) csrw    fcsr, sp
core   0: 3 0x00000000800064ac (0x00311073) c1_fflags 0x0000000000000000 c2_frm 0x0000000000000000
core   0: 0x00000000800064b0 (0xa3ef9fd3) flt.d   t6, ft11, ft10
core   0: 3 0x00000000800064b0 (0xa3ef9fd3) x31 0x0000000000000001
core   0: 0x00000000800064b4 (0x003022f3) csrr    t0, fcsr
core   0: 3 0x00000000800064b4 (0x003022f3) x5  0x0000000000000000
core   0: 0x00000000800064b8 (0x39f0b823) sd      t6, 912(ra)
core   0: 3 0x00000000800064b8 (0x39f0b823) mem 0x0000000080010e58 0x0000000000000001
core   0: 0x00000000800064bc (0x3850bc23) sd      t0, 920(ra)
core   0: 3 0x00000000800064bc (0x3850bc23) mem 0x0000000080010e60 0x0000000000000000
core   0: >>>>  inst_469
core   0: 0x00000000800064c0 (0x00100113) li      sp, 1
core   0: 3 0x00000000800064c0 (0x00100113) x2  0x0000000000000001
core   0: 0x00000000800064c4 (0x00d11113) slli    sp, sp, 13
core   0: 3 0x00000000800064c4 (0x00d11113) x2  0x0000000000002000
core   0: 0x00000000800064c8 (0x00220233) add     tp, tp, sp
core   0: 3 0x00000000800064c8 (0x00220233) x4  0x000000008000c190
core   0: 0x00000000800064cc (0xbd023f87) fld     ft11, -1072(tp)
core   0: 3 0x00000000800064cc (0xbd023f87) f31 0xffefffffffffffff mem 0x000000008000bd60
core   0: 0x00000000800064d0 (0x40220233) sub     tp, tp, sp
core   0: 3 0x00000000800064d0 (0x40220233) x4  0x000000008000a190
core   0: 0x00000000800064d4 (0x00100113) li      sp, 1
core   0: 3 0x00000000800064d4 (0x00100113) x2  0x0000000000000001
core   0: 0x00000000800064d8 (0x00d11113) slli    sp, sp, 13
core   0: 3 0x00000000800064d8 (0x00d11113) x2  0x0000000000002000
core   0: 0x00000000800064dc (0x00220233) add     tp, tp, sp
core   0: 3 0x00000000800064dc (0x00220233) x4  0x000000008000c190
core   0: 0x00000000800064e0 (0xbd823f07) fld     ft10, -1064(tp)
core   0: 3 0x00000000800064e0 (0xbd823f07) f30 0x8000000000000001 mem 0x000000008000bd68
core   0: 0x00000000800064e4 (0x40220233) sub     tp, tp, sp
core   0: 3 0x00000000800064e4 (0x40220233) x4  0x000000008000a190
core   0: 0x00000000800064e8 (0x00000113) li      sp, 0
core   0: 3 0x00000000800064e8 (0x00000113) x2  0x0000000000000000
core   0: 0x00000000800064ec (0x00311073) csrw    fcsr, sp
core   0: 3 0x00000000800064ec (0x00311073) c1_fflags 0x0000000000000000 c2_frm 0x0000000000000000
core   0: 0x00000000800064f0 (0xa3ef9fd3) flt.d   t6, ft11, ft10
core   0: 3 0x00000000800064f0 (0xa3ef9fd3) x31 0x0000000000000001
core   0: 0x00000000800064f4 (0x003022f3) csrr    t0, fcsr
core   0: 3 0x00000000800064f4 (0x003022f3) x5  0x0000000000000000
core   0: 0x00000000800064f8 (0x3bf0b023) sd      t6, 928(ra)
core   0: 3 0x00000000800064f8 (0x3bf0b023) mem 0x0000000080010e68 0x0000000000000001
core   0: 0x00000000800064fc (0x3a50b423) sd      t0, 936(ra)
core   0: 3 0x00000000800064fc (0x3a50b423) mem 0x0000000080010e70 0x0000000000000000
core   0: >>>>  inst_470
core   0: 0x0000000080006500 (0x00100113) li      sp, 1
core   0: 3 0x0000000080006500 (0x00100113) x2  0x0000000000000001
core   0: 0x0000000080006504 (0x00d11113) slli    sp, sp, 13
core   0: 3 0x0000000080006504 (0x00d11113) x2  0x0000000000002000
core   0: 0x0000000080006508 (0x00220233) add     tp, tp, sp
core   0: 3 0x0000000080006508 (0x00220233) x4  0x000000008000c190
core   0: 0x000000008000650c (0xbe023f87) fld     ft11, -1056(tp)
core   0: 3 0x000000008000650c (0xbe023f87) f31 0xffefffffffffffff mem 0x000000008000bd70
core   0: 0x0000000080006510 (0x40220233) sub     tp, tp, sp
core   0: 3 0x0000000080006510 (0x40220233) x4  0x000000008000a190
core   0: 0x0000000080006514 (0x00100113) li      sp, 1
core   0: 3 0x0000000080006514 (0x00100113) x2  0x0000000000000001
core   0: 0x0000000080006518 (0x00d11113) slli    sp, sp, 13
core   0: 3 0x0000000080006518 (0x00d11113) x2  0x0000000000002000
core   0: 0x000000008000651c (0x00220233) add     tp, tp, sp
core   0: 3 0x000000008000651c (0x00220233) x4  0x000000008000c190
core   0: 0x0000000080006520 (0xbe823f07) fld     ft10, -1048(tp)
core   0: 3 0x0000000080006520 (0xbe823f07) f30 0x8000000000000002 mem 0x000000008000bd78
core   0: 0x0000000080006524 (0x40220233) sub     tp, tp, sp
core   0: 3 0x0000000080006524 (0x40220233) x4  0x000000008000a190
core   0: 0x0000000080006528 (0x00000113) li      sp, 0
core   0: 3 0x0000000080006528 (0x00000113) x2  0x0000000000000000
core   0: 0x000000008000652c (0x00311073) csrw    fcsr, sp
core   0: 3 0x000000008000652c (0x00311073) c1_fflags 0x0000000000000000 c2_frm 0x0000000000000000
core   0: 0x0000000080006530 (0xa3ef9fd3) flt.d   t6, ft11, ft10
core   0: 3 0x0000000080006530 (0xa3ef9fd3) x31 0x0000000000000001
core   0: 0x0000000080006534 (0x003022f3) csrr    t0, fcsr
core   0: 3 0x0000000080006534 (0x003022f3) x5  0x0000000000000000
core   0: 0x0000000080006538 (0x3bf0b823) sd      t6, 944(ra)
core   0: 3 0x0000000080006538 (0x3bf0b823) mem 0x0000000080010e78 0x0000000000000001
core   0: 0x000000008000653c (0x3a50bc23) sd      t0, 952(ra)
core   0: 3 0x000000008000653c (0x3a50bc23) mem 0x0000000080010e80 0x0000000000000000
core   0: >>>>  inst_471
core   0: 0x0000000080006540 (0x00100113) li      sp, 1
core   0: 3 0x0000000080006540 (0x00100113) x2  0x0000000000000001
core   0: 0x0000000080006544 (0x00d11113) slli    sp, sp, 13
core   0: 3 0x0000000080006544 (0x00d11113) x2  0x0000000000002000
core   0: 0x0000000080006548 (0x00220233) add     tp, tp, sp
core   0: 3 0x0000000080006548 (0x00220233) x4  0x000000008000c190
core   0: 0x000000008000654c (0xbf023f87) fld     ft11, -1040(tp)
core   0: 3 0x000000008000654c (0xbf023f87) f31 0xffefffffffffffff mem 0x000000008000bd80
core   0: 0x0000000080006550 (0x40220233) sub     tp, tp, sp
core   0: 3 0x0000000080006550 (0x40220233) x4  0x000000008000a190
core   0: 0x0000000080006554 (0x00100113) li      sp, 1
core   0: 3 0x0000000080006554 (0x00100113) x2  0x0000000000000001
core   0: 0x0000000080006558 (0x00d11113) slli    sp, sp, 13
core   0: 3 0x0000000080006558 (0x00d11113) x2  0x0000000000002000
core   0: 0x000000008000655c (0x00220233) add     tp, tp, sp
core   0: 3 0x000000008000655c (0x00220233) x4  0x000000008000c190
core   0: 0x0000000080006560 (0xbf823f07) fld     ft10, -1032(tp)
core   0: 3 0x0000000080006560 (0xbf823f07) f30 0x800fffffffffffff mem 0x000000008000bd88
core   0: 0x0000000080006564 (0x40220233) sub     tp, tp, sp
core   0: 3 0x0000000080006564 (0x40220233) x4  0x000000008000a190
core   0: 0x0000000080006568 (0x00000113) li      sp, 0
core   0: 3 0x0000000080006568 (0x00000113) x2  0x0000000000000000
core   0: 0x000000008000656c (0x00311073) csrw    fcsr, sp
core   0: 3 0x000000008000656c (0x00311073) c1_fflags 0x0000000000000000 c2_frm 0x0000000000000000
core   0: 0x0000000080006570 (0xa3ef9fd3) flt.d   t6, ft11, ft10
core   0: 3 0x0000000080006570 (0xa3ef9fd3) x31 0x0000000000000001
core   0: 0x0000000080006574 (0x003022f3) csrr    t0, fcsr
core   0: 3 0x0000000080006574 (0x003022f3) x5  0x0000000000000000
core   0: 0x0000000080006578 (0x3df0b023) sd      t6, 960(ra)
core   0: 3 0x0000000080006578 (0x3df0b023) mem 0x0000000080010e88 0x0000000000000001
core   0: 0x000000008000657c (0x3c50b423) sd      t0, 968(ra)
core   0: 3 0x000000008000657c (0x3c50b423) mem 0x0000000080010e90 0x0000000000000000
core   0: >>>>  inst_472
core   0: 0x0000000080006580 (0x00100113) li      sp, 1
core   0: 3 0x0000000080006580 (0x00100113) x2  0x0000000000000001
core   0: 0x0000000080006584 (0x00d11113) slli    sp, sp, 13
core   0: 3 0x0000000080006584 (0x00d11113) x2  0x0000000000002000
core   0: 0x0000000080006588 (0x00220233) add     tp, tp, sp
core   0: 3 0x0000000080006588 (0x00220233) x4  0x000000008000c190
core   0: 0x000000008000658c (0xc0023f87) fld     ft11, -1024(tp)
core   0: 3 0x000000008000658c (0xc0023f87) f31 0xffefffffffffffff mem 0x000000008000bd90
core   0: 0x0000000080006590 (0x40220233) sub     tp, tp, sp
core   0: 3 0x0000000080006590 (0x40220233) x4  0x000000008000a190
core   0: 0x0000000080006594 (0x00100113) li      sp, 1
core   0: 3 0x0000000080006594 (0x00100113) x2  0x0000000000000001
core   0: 0x0000000080006598 (0x00d11113) slli    sp, sp, 13
core   0: 3 0x0000000080006598 (0x00d11113) x2  0x0000000000002000
core   0: 0x000000008000659c (0x00220233) add     tp, tp, sp
core   0: 3 0x000000008000659c (0x00220233) x4  0x000000008000c190
core   0: 0x00000000800065a0 (0xc0823f07) fld     ft10, -1016(tp)
core   0: 3 0x00000000800065a0 (0xc0823f07) f30 0x8010000000000000 mem 0x000000008000bd98
core   0: 0x00000000800065a4 (0x40220233) sub     tp, tp, sp
core   0: 3 0x00000000800065a4 (0x40220233) x4  0x000000008000a190
core   0: 0x00000000800065a8 (0x00000113) li      sp, 0
core   0: 3 0x00000000800065a8 (0x00000113) x2  0x0000000000000000
core   0: 0x00000000800065ac (0x00311073) csrw    fcsr, sp
core   0: 3 0x00000000800065ac (0x00311073) c1_fflags 0x0000000000000000 c2_frm 0x0000000000000000
core   0: 0x00000000800065b0 (0xa3ef9fd3) flt.d   t6, ft11, ft10
core   0: 3 0x00000000800065b0 (0xa3ef9fd3) x31 0x0000000000000001
core   0: 0x00000000800065b4 (0x003022f3) csrr    t0, fcsr
core   0: 3 0x00000000800065b4 (0x003022f3) x5  0x0000000000000000
core   0: 0x00000000800065b8 (0x3df0b823) sd      t6, 976(ra)
core   0: 3 0x00000000800065b8 (0x3df0b823) mem 0x0000000080010e98 0x0000000000000001
core   0: 0x00000000800065bc (0x3c50bc23) sd      t0, 984(ra)
core   0: 3 0x00000000800065bc (0x3c50bc23) mem 0x0000000080010ea0 0x0000000000000000
core   0: >>>>  inst_473
core   0: 0x00000000800065c0 (0x00100113) li      sp, 1
core   0: 3 0x00000000800065c0 (0x00100113) x2  0x0000000000000001
core   0: 0x00000000800065c4 (0x00d11113) slli    sp, sp, 13
core   0: 3 0x00000000800065c4 (0x00d11113) x2  0x0000000000002000
core   0: 0x00000000800065c8 (0x00220233) add     tp, tp, sp
core   0: 3 0x00000000800065c8 (0x00220233) x4  0x000000008000c190
core   0: 0x00000000800065cc (0xc1023f87) fld     ft11, -1008(tp)
core   0: 3 0x00000000800065cc (0xc1023f87) f31 0xffefffffffffffff mem 0x000000008000bda0
core   0: 0x00000000800065d0 (0x40220233) sub     tp, tp, sp
core   0: 3 0x00000000800065d0 (0x40220233) x4  0x000000008000a190
core   0: 0x00000000800065d4 (0x00100113) li      sp, 1
core   0: 3 0x00000000800065d4 (0x00100113) x2  0x0000000000000001
core   0: 0x00000000800065d8 (0x00d11113) slli    sp, sp, 13
core   0: 3 0x00000000800065d8 (0x00d11113) x2  0x0000000000002000
core   0: 0x00000000800065dc (0x00220233) add     tp, tp, sp
core   0: 3 0x00000000800065dc (0x00220233) x4  0x000000008000c190
core   0: 0x00000000800065e0 (0xc1823f07) fld     ft10, -1000(tp)
core   0: 3 0x00000000800065e0 (0xc1823f07) f30 0x8010000000000002 mem 0x000000008000bda8
core   0: 0x00000000800065e4 (0x40220233) sub     tp, tp, sp
core   0: 3 0x00000000800065e4 (0x40220233) x4  0x000000008000a190
core   0: 0x00000000800065e8 (0x00000113) li      sp, 0
core   0: 3 0x00000000800065e8 (0x00000113) x2  0x0000000000000000
core   0: 0x00000000800065ec (0x00311073) csrw    fcsr, sp
core   0: 3 0x00000000800065ec (0x00311073) c1_fflags 0x0000000000000000 c2_frm 0x0000000000000000
core   0: 0x00000000800065f0 (0xa3ef9fd3) flt.d   t6, ft11, ft10
core   0: 3 0x00000000800065f0 (0xa3ef9fd3) x31 0x0000000000000001
core   0: 0x00000000800065f4 (0x003022f3) csrr    t0, fcsr
core   0: 3 0x00000000800065f4 (0x003022f3) x5  0x0000000000000000
core   0: 0x00000000800065f8 (0x3ff0b023) sd      t6, 992(ra)
core   0: 3 0x00000000800065f8 (0x3ff0b023) mem 0x0000000080010ea8 0x0000000000000001
core   0: 0x00000000800065fc (0x3e50b423) sd      t0, 1000(ra)
core   0: 3 0x00000000800065fc (0x3e50b423) mem 0x0000000080010eb0 0x0000000000000000
core   0: >>>>  inst_474
core   0: 0x0000000080006600 (0x00100113) li      sp, 1
core   0: 3 0x0000000080006600 (0x00100113) x2  0x0000000000000001
core   0: 0x0000000080006604 (0x00d11113) slli    sp, sp, 13
core   0: 3 0x0000000080006604 (0x00d11113) x2  0x0000000000002000
core   0: 0x0000000080006608 (0x00220233) add     tp, tp, sp
core   0: 3 0x0000000080006608 (0x00220233) x4  0x000000008000c190
core   0: 0x000000008000660c (0xc2023f87) fld     ft11, -992(tp)
core   0: 3 0x000000008000660c (0xc2023f87) f31 0xffefffffffffffff mem 0x000000008000bdb0
core   0: 0x0000000080006610 (0x40220233) sub     tp, tp, sp
core   0: 3 0x0000000080006610 (0x40220233) x4  0x000000008000a190
core   0: 0x0000000080006614 (0x00100113) li      sp, 1
core   0: 3 0x0000000080006614 (0x00100113) x2  0x0000000000000001
core   0: 0x0000000080006618 (0x00d11113) slli    sp, sp, 13
core   0: 3 0x0000000080006618 (0x00d11113) x2  0x0000000000002000
core   0: 0x000000008000661c (0x00220233) add     tp, tp, sp
core   0: 3 0x000000008000661c (0x00220233) x4  0x000000008000c190
core   0: 0x0000000080006620 (0xc2823f07) fld     ft10, -984(tp)
core   0: 3 0x0000000080006620 (0xc2823f07) f30 0xbf80000000000000 mem 0x000000008000bdb8
core   0: 0x0000000080006624 (0x40220233) sub     tp, tp, sp
core   0: 3 0x0000000080006624 (0x40220233) x4  0x000000008000a190
core   0: 0x0000000080006628 (0x00000113) li      sp, 0
core   0: 3 0x0000000080006628 (0x00000113) x2  0x0000000000000000
core   0: 0x000000008000662c (0x00311073) csrw    fcsr, sp
core   0: 3 0x000000008000662c (0x00311073) c1_fflags 0x0000000000000000 c2_frm 0x0000000000000000
core   0: 0x0000000080006630 (0xa3ef9fd3) flt.d   t6, ft11, ft10
core   0: 3 0x0000000080006630 (0xa3ef9fd3) x31 0x0000000000000001
core   0: 0x0000000080006634 (0x003022f3) csrr    t0, fcsr
core   0: 3 0x0000000080006634 (0x003022f3) x5  0x0000000000000000
core   0: 0x0000000080006638 (0x3ff0b823) sd      t6, 1008(ra)
core   0: 3 0x0000000080006638 (0x3ff0b823) mem 0x0000000080010eb8 0x0000000000000001
core   0: 0x000000008000663c (0x3e50bc23) sd      t0, 1016(ra)
core   0: 3 0x000000008000663c (0x3e50bc23) mem 0x0000000080010ec0 0x0000000000000000
core   0: >>>>  inst_475
core   0: 0x0000000080006640 (0x00100113) li      sp, 1
core   0: 3 0x0000000080006640 (0x00100113) x2  0x0000000000000001
core   0: 0x0000000080006644 (0x00d11113) slli    sp, sp, 13
core   0: 3 0x0000000080006644 (0x00d11113) x2  0x0000000000002000
core   0: 0x0000000080006648 (0x00220233) add     tp, tp, sp
core   0: 3 0x0000000080006648 (0x00220233) x4  0x000000008000c190
core   0: 0x000000008000664c (0xc3023f87) fld     ft11, -976(tp)
core   0: 3 0x000000008000664c (0xc3023f87) f31 0xffefffffffffffff mem 0x000000008000bdc0
core   0: 0x0000000080006650 (0x40220233) sub     tp, tp, sp
core   0: 3 0x0000000080006650 (0x40220233) x4  0x000000008000a190
core   0: 0x0000000080006654 (0x00100113) li      sp, 1
core   0: 3 0x0000000080006654 (0x00100113) x2  0x0000000000000001
core   0: 0x0000000080006658 (0x00d11113) slli    sp, sp, 13
core   0: 3 0x0000000080006658 (0x00d11113) x2  0x0000000000002000
core   0: 0x000000008000665c (0x00220233) add     tp, tp, sp
core   0: 3 0x000000008000665c (0x00220233) x4  0x000000008000c190
core   0: 0x0000000080006660 (0xc3823f07) fld     ft10, -968(tp)
core   0: 3 0x0000000080006660 (0xc3823f07) f30 0xffefffffffffffff mem 0x000000008000bdc8
core   0: 0x0000000080006664 (0x40220233) sub     tp, tp, sp
core   0: 3 0x0000000080006664 (0x40220233) x4  0x000000008000a190
core   0: 0x0000000080006668 (0x00000113) li      sp, 0
core   0: 3 0x0000000080006668 (0x00000113) x2  0x0000000000000000
core   0: 0x000000008000666c (0x00311073) csrw    fcsr, sp
core   0: 3 0x000000008000666c (0x00311073) c1_fflags 0x0000000000000000 c2_frm 0x0000000000000000
core   0: 0x0000000080006670 (0xa3ef9fd3) flt.d   t6, ft11, ft10
core   0: 3 0x0000000080006670 (0xa3ef9fd3) x31 0x0000000000000000
core   0: 0x0000000080006674 (0x003022f3) csrr    t0, fcsr
core   0: 3 0x0000000080006674 (0x003022f3) x5  0x0000000000000000
core   0: 0x0000000080006678 (0x41f0b023) sd      t6, 1024(ra)
core   0: 3 0x0000000080006678 (0x41f0b023) mem 0x0000000080010ec8 0x0000000000000000
core   0: 0x000000008000667c (0x4050b423) sd      t0, 1032(ra)
core   0: 3 0x000000008000667c (0x4050b423) mem 0x0000000080010ed0 0x0000000000000000
core   0: >>>>  inst_476
core   0: 0x0000000080006680 (0x00100113) li      sp, 1
core   0: 3 0x0000000080006680 (0x00100113) x2  0x0000000000000001
core   0: 0x0000000080006684 (0x00d11113) slli    sp, sp, 13
core   0: 3 0x0000000080006684 (0x00d11113) x2  0x0000000000002000
core   0: 0x0000000080006688 (0x00220233) add     tp, tp, sp
core   0: 3 0x0000000080006688 (0x00220233) x4  0x000000008000c190
core   0: 0x000000008000668c (0xc4023f87) fld     ft11, -960(tp)
core   0: 3 0x000000008000668c (0xc4023f87) f31 0xffefffffffffffff mem 0x000000008000bdd0
core   0: 0x0000000080006690 (0x40220233) sub     tp, tp, sp
core   0: 3 0x0000000080006690 (0x40220233) x4  0x000000008000a190
core   0: 0x0000000080006694 (0x00100113) li      sp, 1
core   0: 3 0x0000000080006694 (0x00100113) x2  0x0000000000000001
core   0: 0x0000000080006698 (0x00d11113) slli    sp, sp, 13
core   0: 3 0x0000000080006698 (0x00d11113) x2  0x0000000000002000
core   0: 0x000000008000669c (0x00220233) add     tp, tp, sp
core   0: 3 0x000000008000669c (0x00220233) x4  0x000000008000c190
core   0: 0x00000000800066a0 (0xc4823f07) fld     ft10, -952(tp)
core   0: 3 0x00000000800066a0 (0xc4823f07) f30 0xfff0000000000000 mem 0x000000008000bdd8
core   0: 0x00000000800066a4 (0x40220233) sub     tp, tp, sp
core   0: 3 0x00000000800066a4 (0x40220233) x4  0x000000008000a190
core   0: 0x00000000800066a8 (0x00000113) li      sp, 0
core   0: 3 0x00000000800066a8 (0x00000113) x2  0x0000000000000000
core   0: 0x00000000800066ac (0x00311073) csrw    fcsr, sp
core   0: 3 0x00000000800066ac (0x00311073) c1_fflags 0x0000000000000000 c2_frm 0x0000000000000000
core   0: 0x00000000800066b0 (0xa3ef9fd3) flt.d   t6, ft11, ft10
core   0: 3 0x00000000800066b0 (0xa3ef9fd3) x31 0x0000000000000000
core   0: 0x00000000800066b4 (0x003022f3) csrr    t0, fcsr
core   0: 3 0x00000000800066b4 (0x003022f3) x5  0x0000000000000000
core   0: 0x00000000800066b8 (0x41f0b823) sd      t6, 1040(ra)
core   0: 3 0x00000000800066b8 (0x41f0b823) mem 0x0000000080010ed8 0x0000000000000000
core   0: 0x00000000800066bc (0x4050bc23) sd      t0, 1048(ra)
core   0: 3 0x00000000800066bc (0x4050bc23) mem 0x0000000080010ee0 0x0000000000000000
core   0: >>>>  inst_477
core   0: 0x00000000800066c0 (0x00100113) li      sp, 1
core   0: 3 0x00000000800066c0 (0x00100113) x2  0x0000000000000001
core   0: 0x00000000800066c4 (0x00d11113) slli    sp, sp, 13
core   0: 3 0x00000000800066c4 (0x00d11113) x2  0x0000000000002000
core   0: 0x00000000800066c8 (0x00220233) add     tp, tp, sp
core   0: 3 0x00000000800066c8 (0x00220233) x4  0x000000008000c190
core   0: 0x00000000800066cc (0xc5023f87) fld     ft11, -944(tp)
core   0: 3 0x00000000800066cc (0xc5023f87) f31 0xffefffffffffffff mem 0x000000008000bde0
core   0: 0x00000000800066d0 (0x40220233) sub     tp, tp, sp
core   0: 3 0x00000000800066d0 (0x40220233) x4  0x000000008000a190
core   0: 0x00000000800066d4 (0x00100113) li      sp, 1
core   0: 3 0x00000000800066d4 (0x00100113) x2  0x0000000000000001
core   0: 0x00000000800066d8 (0x00d11113) slli    sp, sp, 13
core   0: 3 0x00000000800066d8 (0x00d11113) x2  0x0000000000002000
core   0: 0x00000000800066dc (0x00220233) add     tp, tp, sp
core   0: 3 0x00000000800066dc (0x00220233) x4  0x000000008000c190
core   0: 0x00000000800066e0 (0xc5823f07) fld     ft10, -936(tp)
core   0: 3 0x00000000800066e0 (0xc5823f07) f30 0xfff0000000000001 mem 0x000000008000bde8
core   0: 0x00000000800066e4 (0x40220233) sub     tp, tp, sp
core   0: 3 0x00000000800066e4 (0x40220233) x4  0x000000008000a190
core   0: 0x00000000800066e8 (0x00000113) li      sp, 0
core   0: 3 0x00000000800066e8 (0x00000113) x2  0x0000000000000000
core   0: 0x00000000800066ec (0x00311073) csrw    fcsr, sp
core   0: 3 0x00000000800066ec (0x00311073) c1_fflags 0x0000000000000000 c2_frm 0x0000000000000000
core   0: 0x00000000800066f0 (0xa3ef9fd3) flt.d   t6, ft11, ft10
core   0: 3 0x00000000800066f0 (0xa3ef9fd3) c1_fflags 0x0000000000000010 x31 0x0000000000000000
core   0: 0x00000000800066f4 (0x003022f3) csrr    t0, fcsr
core   0: 3 0x00000000800066f4 (0x003022f3) x5  0x0000000000000010
core   0: 0x00000000800066f8 (0x43f0b023) sd      t6, 1056(ra)
core   0: 3 0x00000000800066f8 (0x43f0b023) mem 0x0000000080010ee8 0x0000000000000000
core   0: 0x00000000800066fc (0x4250b423) sd      t0, 1064(ra)
core   0: 3 0x00000000800066fc (0x4250b423) mem 0x0000000080010ef0 0x0000000000000010
core   0: >>>>  inst_478
core   0: 0x0000000080006700 (0x00100113) li      sp, 1
core   0: 3 0x0000000080006700 (0x00100113) x2  0x0000000000000001
core   0: 0x0000000080006704 (0x00d11113) slli    sp, sp, 13
core   0: 3 0x0000000080006704 (0x00d11113) x2  0x0000000000002000
core   0: 0x0000000080006708 (0x00220233) add     tp, tp, sp
core   0: 3 0x0000000080006708 (0x00220233) x4  0x000000008000c190
core   0: 0x000000008000670c (0xc6023f87) fld     ft11, -928(tp)
core   0: 3 0x000000008000670c (0xc6023f87) f31 0xffefffffffffffff mem 0x000000008000bdf0
core   0: 0x0000000080006710 (0x40220233) sub     tp, tp, sp
core   0: 3 0x0000000080006710 (0x40220233) x4  0x000000008000a190
core   0: 0x0000000080006714 (0x00100113) li      sp, 1
core   0: 3 0x0000000080006714 (0x00100113) x2  0x0000000000000001
core   0: 0x0000000080006718 (0x00d11113) slli    sp, sp, 13
core   0: 3 0x0000000080006718 (0x00d11113) x2  0x0000000000002000
core   0: 0x000000008000671c (0x00220233) add     tp, tp, sp
core   0: 3 0x000000008000671c (0x00220233) x4  0x000000008000c190
core   0: 0x0000000080006720 (0xc6823f07) fld     ft10, -920(tp)
core   0: 3 0x0000000080006720 (0xc6823f07) f30 0xfff8000000000000 mem 0x000000008000bdf8
core   0: 0x0000000080006724 (0x40220233) sub     tp, tp, sp
core   0: 3 0x0000000080006724 (0x40220233) x4  0x000000008000a190
core   0: 0x0000000080006728 (0x00000113) li      sp, 0
core   0: 3 0x0000000080006728 (0x00000113) x2  0x0000000000000000
core   0: 0x000000008000672c (0x00311073) csrw    fcsr, sp
core   0: 3 0x000000008000672c (0x00311073) c1_fflags 0x0000000000000000 c2_frm 0x0000000000000000
core   0: 0x0000000080006730 (0xa3ef9fd3) flt.d   t6, ft11, ft10
core   0: 3 0x0000000080006730 (0xa3ef9fd3) c1_fflags 0x0000000000000010 x31 0x0000000000000000
core   0: 0x0000000080006734 (0x003022f3) csrr    t0, fcsr
core   0: 3 0x0000000080006734 (0x003022f3) x5  0x0000000000000010
core   0: 0x0000000080006738 (0x43f0b823) sd      t6, 1072(ra)
core   0: 3 0x0000000080006738 (0x43f0b823) mem 0x0000000080010ef8 0x0000000000000000
core   0: 0x000000008000673c (0x4250bc23) sd      t0, 1080(ra)
core   0: 3 0x000000008000673c (0x4250bc23) mem 0x0000000080010f00 0x0000000000000010
core   0: >>>>  inst_479
core   0: 0x0000000080006740 (0x00100113) li      sp, 1
core   0: 3 0x0000000080006740 (0x00100113) x2  0x0000000000000001
core   0: 0x0000000080006744 (0x00d11113) slli    sp, sp, 13
core   0: 3 0x0000000080006744 (0x00d11113) x2  0x0000000000002000
core   0: 0x0000000080006748 (0x00220233) add     tp, tp, sp
core   0: 3 0x0000000080006748 (0x00220233) x4  0x000000008000c190
core   0: 0x000000008000674c (0xc7023f87) fld     ft11, -912(tp)
core   0: 3 0x000000008000674c (0xc7023f87) f31 0xffefffffffffffff mem 0x000000008000be00
core   0: 0x0000000080006750 (0x40220233) sub     tp, tp, sp
core   0: 3 0x0000000080006750 (0x40220233) x4  0x000000008000a190
core   0: 0x0000000080006754 (0x00100113) li      sp, 1
core   0: 3 0x0000000080006754 (0x00100113) x2  0x0000000000000001
core   0: 0x0000000080006758 (0x00d11113) slli    sp, sp, 13
core   0: 3 0x0000000080006758 (0x00d11113) x2  0x0000000000002000
core   0: 0x000000008000675c (0x00220233) add     tp, tp, sp
core   0: 3 0x000000008000675c (0x00220233) x4  0x000000008000c190
core   0: 0x0000000080006760 (0xc7823f07) fld     ft10, -904(tp)
core   0: 3 0x0000000080006760 (0xc7823f07) f30 0xfff8000000000001 mem 0x000000008000be08
core   0: 0x0000000080006764 (0x40220233) sub     tp, tp, sp
core   0: 3 0x0000000080006764 (0x40220233) x4  0x000000008000a190
core   0: 0x0000000080006768 (0x00000113) li      sp, 0
core   0: 3 0x0000000080006768 (0x00000113) x2  0x0000000000000000
core   0: 0x000000008000676c (0x00311073) csrw    fcsr, sp
core   0: 3 0x000000008000676c (0x00311073) c1_fflags 0x0000000000000000 c2_frm 0x0000000000000000
core   0: 0x0000000080006770 (0xa3ef9fd3) flt.d   t6, ft11, ft10
core   0: 3 0x0000000080006770 (0xa3ef9fd3) c1_fflags 0x0000000000000010 x31 0x0000000000000000
core   0: 0x0000000080006774 (0x003022f3) csrr    t0, fcsr
core   0: 3 0x0000000080006774 (0x003022f3) x5  0x0000000000000010
core   0: 0x0000000080006778 (0x45f0b023) sd      t6, 1088(ra)
core   0: 3 0x0000000080006778 (0x45f0b023) mem 0x0000000080010f08 0x0000000000000000
core   0: 0x000000008000677c (0x4450b423) sd      t0, 1096(ra)
core   0: 3 0x000000008000677c (0x4450b423) mem 0x0000000080010f10 0x0000000000000010
core   0: >>>>  inst_480
core   0: 0x0000000080006780 (0x00100113) li      sp, 1
core   0: 3 0x0000000080006780 (0x00100113) x2  0x0000000000000001
core   0: 0x0000000080006784 (0x00d11113) slli    sp, sp, 13
core   0: 3 0x0000000080006784 (0x00d11113) x2  0x0000000000002000
core   0: 0x0000000080006788 (0x00220233) add     tp, tp, sp
core   0: 3 0x0000000080006788 (0x00220233) x4  0x000000008000c190
core   0: 0x000000008000678c (0xc8023f87) fld     ft11, -896(tp)
core   0: 3 0x000000008000678c (0xc8023f87) f31 0xfff0000000000000 mem 0x000000008000be10
core   0: 0x0000000080006790 (0x40220233) sub     tp, tp, sp
core   0: 3 0x0000000080006790 (0x40220233) x4  0x000000008000a190
core   0: 0x0000000080006794 (0x00100113) li      sp, 1
core   0: 3 0x0000000080006794 (0x00100113) x2  0x0000000000000001
core   0: 0x0000000080006798 (0x00d11113) slli    sp, sp, 13
core   0: 3 0x0000000080006798 (0x00d11113) x2  0x0000000000002000
core   0: 0x000000008000679c (0x00220233) add     tp, tp, sp
core   0: 3 0x000000008000679c (0x00220233) x4  0x000000008000c190
core   0: 0x00000000800067a0 (0xc8823f07) fld     ft10, -888(tp)
core   0: 3 0x00000000800067a0 (0xc8823f07) f30 0x0000000000000000 mem 0x000000008000be18
core   0: 0x00000000800067a4 (0x40220233) sub     tp, tp, sp
core   0: 3 0x00000000800067a4 (0x40220233) x4  0x000000008000a190
core   0: 0x00000000800067a8 (0x00000113) li      sp, 0
core   0: 3 0x00000000800067a8 (0x00000113) x2  0x0000000000000000
core   0: 0x00000000800067ac (0x00311073) csrw    fcsr, sp
core   0: 3 0x00000000800067ac (0x00311073) c1_fflags 0x0000000000000000 c2_frm 0x0000000000000000
core   0: 0x00000000800067b0 (0xa3ef9fd3) flt.d   t6, ft11, ft10
core   0: 3 0x00000000800067b0 (0xa3ef9fd3) x31 0x0000000000000001
core   0: 0x00000000800067b4 (0x003022f3) csrr    t0, fcsr
core   0: 3 0x00000000800067b4 (0x003022f3) x5  0x0000000000000000
core   0: 0x00000000800067b8 (0x45f0b823) sd      t6, 1104(ra)
core   0: 3 0x00000000800067b8 (0x45f0b823) mem 0x0000000080010f18 0x0000000000000001
core   0: 0x00000000800067bc (0x4450bc23) sd      t0, 1112(ra)
core   0: 3 0x00000000800067bc (0x4450bc23) mem 0x0000000080010f20 0x0000000000000000
core   0: >>>>  inst_481
core   0: 0x00000000800067c0 (0x00100113) li      sp, 1
core   0: 3 0x00000000800067c0 (0x00100113) x2  0x0000000000000001
core   0: 0x00000000800067c4 (0x00d11113) slli    sp, sp, 13
core   0: 3 0x00000000800067c4 (0x00d11113) x2  0x0000000000002000
core   0: 0x00000000800067c8 (0x00220233) add     tp, tp, sp
core   0: 3 0x00000000800067c8 (0x00220233) x4  0x000000008000c190
core   0: 0x00000000800067cc (0xc9023f87) fld     ft11, -880(tp)
core   0: 3 0x00000000800067cc (0xc9023f87) f31 0xfff0000000000000 mem 0x000000008000be20
core   0: 0x00000000800067d0 (0x40220233) sub     tp, tp, sp
core   0: 3 0x00000000800067d0 (0x40220233) x4  0x000000008000a190
core   0: 0x00000000800067d4 (0x00100113) li      sp, 1
core   0: 3 0x00000000800067d4 (0x00100113) x2  0x0000000000000001
core   0: 0x00000000800067d8 (0x00d11113) slli    sp, sp, 13
core   0: 3 0x00000000800067d8 (0x00d11113) x2  0x0000000000002000
core   0: 0x00000000800067dc (0x00220233) add     tp, tp, sp
core   0: 3 0x00000000800067dc (0x00220233) x4  0x000000008000c190
core   0: 0x00000000800067e0 (0xc9823f07) fld     ft10, -872(tp)
core   0: 3 0x00000000800067e0 (0xc9823f07) f30 0x0000000000000001 mem 0x000000008000be28
core   0: 0x00000000800067e4 (0x40220233) sub     tp, tp, sp
core   0: 3 0x00000000800067e4 (0x40220233) x4  0x000000008000a190
core   0: 0x00000000800067e8 (0x00000113) li      sp, 0
core   0: 3 0x00000000800067e8 (0x00000113) x2  0x0000000000000000
core   0: 0x00000000800067ec (0x00311073) csrw    fcsr, sp
core   0: 3 0x00000000800067ec (0x00311073) c1_fflags 0x0000000000000000 c2_frm 0x0000000000000000
core   0: 0x00000000800067f0 (0xa3ef9fd3) flt.d   t6, ft11, ft10
core   0: 3 0x00000000800067f0 (0xa3ef9fd3) x31 0x0000000000000001
core   0: 0x00000000800067f4 (0x003022f3) csrr    t0, fcsr
core   0: 3 0x00000000800067f4 (0x003022f3) x5  0x0000000000000000
core   0: 0x00000000800067f8 (0x47f0b023) sd      t6, 1120(ra)
core   0: 3 0x00000000800067f8 (0x47f0b023) mem 0x0000000080010f28 0x0000000000000001
core   0: 0x00000000800067fc (0x4650b423) sd      t0, 1128(ra)
core   0: 3 0x00000000800067fc (0x4650b423) mem 0x0000000080010f30 0x0000000000000000
core   0: >>>>  inst_482
core   0: 0x0000000080006800 (0x00100113) li      sp, 1
core   0: 3 0x0000000080006800 (0x00100113) x2  0x0000000000000001
core   0: 0x0000000080006804 (0x00d11113) slli    sp, sp, 13
core   0: 3 0x0000000080006804 (0x00d11113) x2  0x0000000000002000
core   0: 0x0000000080006808 (0x00220233) add     tp, tp, sp
core   0: 3 0x0000000080006808 (0x00220233) x4  0x000000008000c190
core   0: 0x000000008000680c (0xca023f87) fld     ft11, -864(tp)
core   0: 3 0x000000008000680c (0xca023f87) f31 0xfff0000000000000 mem 0x000000008000be30
core   0: 0x0000000080006810 (0x40220233) sub     tp, tp, sp
core   0: 3 0x0000000080006810 (0x40220233) x4  0x000000008000a190
core   0: 0x0000000080006814 (0x00100113) li      sp, 1
core   0: 3 0x0000000080006814 (0x00100113) x2  0x0000000000000001
core   0: 0x0000000080006818 (0x00d11113) slli    sp, sp, 13
core   0: 3 0x0000000080006818 (0x00d11113) x2  0x0000000000002000
core   0: 0x000000008000681c (0x00220233) add     tp, tp, sp
core   0: 3 0x000000008000681c (0x00220233) x4  0x000000008000c190
core   0: 0x0000000080006820 (0xca823f07) fld     ft10, -856(tp)
core   0: 3 0x0000000080006820 (0xca823f07) f30 0x0000000000000002 mem 0x000000008000be38
core   0: 0x0000000080006824 (0x40220233) sub     tp, tp, sp
core   0: 3 0x0000000080006824 (0x40220233) x4  0x000000008000a190
core   0: 0x0000000080006828 (0x00000113) li      sp, 0
core   0: 3 0x0000000080006828 (0x00000113) x2  0x0000000000000000
core   0: 0x000000008000682c (0x00311073) csrw    fcsr, sp
core   0: 3 0x000000008000682c (0x00311073) c1_fflags 0x0000000000000000 c2_frm 0x0000000000000000
core   0: 0x0000000080006830 (0xa3ef9fd3) flt.d   t6, ft11, ft10
core   0: 3 0x0000000080006830 (0xa3ef9fd3) x31 0x0000000000000001
core   0: 0x0000000080006834 (0x003022f3) csrr    t0, fcsr
core   0: 3 0x0000000080006834 (0x003022f3) x5  0x0000000000000000
core   0: 0x0000000080006838 (0x47f0b823) sd      t6, 1136(ra)
core   0: 3 0x0000000080006838 (0x47f0b823) mem 0x0000000080010f38 0x0000000000000001
core   0: 0x000000008000683c (0x4650bc23) sd      t0, 1144(ra)
core   0: 3 0x000000008000683c (0x4650bc23) mem 0x0000000080010f40 0x0000000000000000
core   0: >>>>  inst_483
core   0: 0x0000000080006840 (0x00100113) li      sp, 1
core   0: 3 0x0000000080006840 (0x00100113) x2  0x0000000000000001
core   0: 0x0000000080006844 (0x00d11113) slli    sp, sp, 13
core   0: 3 0x0000000080006844 (0x00d11113) x2  0x0000000000002000
core   0: 0x0000000080006848 (0x00220233) add     tp, tp, sp
core   0: 3 0x0000000080006848 (0x00220233) x4  0x000000008000c190
core   0: 0x000000008000684c (0xcb023f87) fld     ft11, -848(tp)
core   0: 3 0x000000008000684c (0xcb023f87) f31 0xfff0000000000000 mem 0x000000008000be40
core   0: 0x0000000080006850 (0x40220233) sub     tp, tp, sp
core   0: 3 0x0000000080006850 (0x40220233) x4  0x000000008000a190
core   0: 0x0000000080006854 (0x00100113) li      sp, 1
core   0: 3 0x0000000080006854 (0x00100113) x2  0x0000000000000001
core   0: 0x0000000080006858 (0x00d11113) slli    sp, sp, 13
core   0: 3 0x0000000080006858 (0x00d11113) x2  0x0000000000002000
core   0: 0x000000008000685c (0x00220233) add     tp, tp, sp
core   0: 3 0x000000008000685c (0x00220233) x4  0x000000008000c190
core   0: 0x0000000080006860 (0xcb823f07) fld     ft10, -840(tp)
core   0: 3 0x0000000080006860 (0xcb823f07) f30 0x000fffffffffffff mem 0x000000008000be48
core   0: 0x0000000080006864 (0x40220233) sub     tp, tp, sp
core   0: 3 0x0000000080006864 (0x40220233) x4  0x000000008000a190
core   0: 0x0000000080006868 (0x00000113) li      sp, 0
core   0: 3 0x0000000080006868 (0x00000113) x2  0x0000000000000000
core   0: 0x000000008000686c (0x00311073) csrw    fcsr, sp
core   0: 3 0x000000008000686c (0x00311073) c1_fflags 0x0000000000000000 c2_frm 0x0000000000000000
core   0: 0x0000000080006870 (0xa3ef9fd3) flt.d   t6, ft11, ft10
core   0: 3 0x0000000080006870 (0xa3ef9fd3) x31 0x0000000000000001
core   0: 0x0000000080006874 (0x003022f3) csrr    t0, fcsr
core   0: 3 0x0000000080006874 (0x003022f3) x5  0x0000000000000000
core   0: 0x0000000080006878 (0x49f0b023) sd      t6, 1152(ra)
core   0: 3 0x0000000080006878 (0x49f0b023) mem 0x0000000080010f48 0x0000000000000001
core   0: 0x000000008000687c (0x4850b423) sd      t0, 1160(ra)
core   0: 3 0x000000008000687c (0x4850b423) mem 0x0000000080010f50 0x0000000000000000
core   0: >>>>  inst_484
core   0: 0x0000000080006880 (0x00100113) li      sp, 1
core   0: 3 0x0000000080006880 (0x00100113) x2  0x0000000000000001
core   0: 0x0000000080006884 (0x00d11113) slli    sp, sp, 13
core   0: 3 0x0000000080006884 (0x00d11113) x2  0x0000000000002000
core   0: 0x0000000080006888 (0x00220233) add     tp, tp, sp
core   0: 3 0x0000000080006888 (0x00220233) x4  0x000000008000c190
core   0: 0x000000008000688c (0xcc023f87) fld     ft11, -832(tp)
core   0: 3 0x000000008000688c (0xcc023f87) f31 0xfff0000000000000 mem 0x000000008000be50
core   0: 0x0000000080006890 (0x40220233) sub     tp, tp, sp
core   0: 3 0x0000000080006890 (0x40220233) x4  0x000000008000a190
core   0: 0x0000000080006894 (0x00100113) li      sp, 1
core   0: 3 0x0000000080006894 (0x00100113) x2  0x0000000000000001
core   0: 0x0000000080006898 (0x00d11113) slli    sp, sp, 13
core   0: 3 0x0000000080006898 (0x00d11113) x2  0x0000000000002000
core   0: 0x000000008000689c (0x00220233) add     tp, tp, sp
core   0: 3 0x000000008000689c (0x00220233) x4  0x000000008000c190
core   0: 0x00000000800068a0 (0xcc823f07) fld     ft10, -824(tp)
core   0: 3 0x00000000800068a0 (0xcc823f07) f30 0x0010000000000000 mem 0x000000008000be58
core   0: 0x00000000800068a4 (0x40220233) sub     tp, tp, sp
core   0: 3 0x00000000800068a4 (0x40220233) x4  0x000000008000a190
core   0: 0x00000000800068a8 (0x00000113) li      sp, 0
core   0: 3 0x00000000800068a8 (0x00000113) x2  0x0000000000000000
core   0: 0x00000000800068ac (0x00311073) csrw    fcsr, sp
core   0: 3 0x00000000800068ac (0x00311073) c1_fflags 0x0000000000000000 c2_frm 0x0000000000000000
core   0: 0x00000000800068b0 (0xa3ef9fd3) flt.d   t6, ft11, ft10
core   0: 3 0x00000000800068b0 (0xa3ef9fd3) x31 0x0000000000000001
core   0: 0x00000000800068b4 (0x003022f3) csrr    t0, fcsr
core   0: 3 0x00000000800068b4 (0x003022f3) x5  0x0000000000000000
core   0: 0x00000000800068b8 (0x49f0b823) sd      t6, 1168(ra)
core   0: 3 0x00000000800068b8 (0x49f0b823) mem 0x0000000080010f58 0x0000000000000001
core   0: 0x00000000800068bc (0x4850bc23) sd      t0, 1176(ra)
core   0: 3 0x00000000800068bc (0x4850bc23) mem 0x0000000080010f60 0x0000000000000000
core   0: >>>>  inst_485
core   0: 0x00000000800068c0 (0x00100113) li      sp, 1
core   0: 3 0x00000000800068c0 (0x00100113) x2  0x0000000000000001
core   0: 0x00000000800068c4 (0x00d11113) slli    sp, sp, 13
core   0: 3 0x00000000800068c4 (0x00d11113) x2  0x0000000000002000
core   0: 0x00000000800068c8 (0x00220233) add     tp, tp, sp
core   0: 3 0x00000000800068c8 (0x00220233) x4  0x000000008000c190
core   0: 0x00000000800068cc (0xcd023f87) fld     ft11, -816(tp)
core   0: 3 0x00000000800068cc (0xcd023f87) f31 0xfff0000000000000 mem 0x000000008000be60
core   0: 0x00000000800068d0 (0x40220233) sub     tp, tp, sp
core   0: 3 0x00000000800068d0 (0x40220233) x4  0x000000008000a190
core   0: 0x00000000800068d4 (0x00100113) li      sp, 1
core   0: 3 0x00000000800068d4 (0x00100113) x2  0x0000000000000001
core   0: 0x00000000800068d8 (0x00d11113) slli    sp, sp, 13
core   0: 3 0x00000000800068d8 (0x00d11113) x2  0x0000000000002000
core   0: 0x00000000800068dc (0x00220233) add     tp, tp, sp
core   0: 3 0x00000000800068dc (0x00220233) x4  0x000000008000c190
core   0: 0x00000000800068e0 (0xcd823f07) fld     ft10, -808(tp)
core   0: 3 0x00000000800068e0 (0xcd823f07) f30 0x0010000000000002 mem 0x000000008000be68
core   0: 0x00000000800068e4 (0x40220233) sub     tp, tp, sp
core   0: 3 0x00000000800068e4 (0x40220233) x4  0x000000008000a190
core   0: 0x00000000800068e8 (0x00000113) li      sp, 0
core   0: 3 0x00000000800068e8 (0x00000113) x2  0x0000000000000000
core   0: 0x00000000800068ec (0x00311073) csrw    fcsr, sp
core   0: 3 0x00000000800068ec (0x00311073) c1_fflags 0x0000000000000000 c2_frm 0x0000000000000000
core   0: 0x00000000800068f0 (0xa3ef9fd3) flt.d   t6, ft11, ft10
core   0: 3 0x00000000800068f0 (0xa3ef9fd3) x31 0x0000000000000001
core   0: 0x00000000800068f4 (0x003022f3) csrr    t0, fcsr
core   0: 3 0x00000000800068f4 (0x003022f3) x5  0x0000000000000000
core   0: 0x00000000800068f8 (0x4bf0b023) sd      t6, 1184(ra)
core   0: 3 0x00000000800068f8 (0x4bf0b023) mem 0x0000000080010f68 0x0000000000000001
core   0: 0x00000000800068fc (0x4a50b423) sd      t0, 1192(ra)
core   0: 3 0x00000000800068fc (0x4a50b423) mem 0x0000000080010f70 0x0000000000000000
core   0: >>>>  inst_486
core   0: 0x0000000080006900 (0x00100113) li      sp, 1
core   0: 3 0x0000000080006900 (0x00100113) x2  0x0000000000000001
core   0: 0x0000000080006904 (0x00d11113) slli    sp, sp, 13
core   0: 3 0x0000000080006904 (0x00d11113) x2  0x0000000000002000
core   0: 0x0000000080006908 (0x00220233) add     tp, tp, sp
core   0: 3 0x0000000080006908 (0x00220233) x4  0x000000008000c190
core   0: 0x000000008000690c (0xce023f87) fld     ft11, -800(tp)
core   0: 3 0x000000008000690c (0xce023f87) f31 0xfff0000000000000 mem 0x000000008000be70
core   0: 0x0000000080006910 (0x40220233) sub     tp, tp, sp
core   0: 3 0x0000000080006910 (0x40220233) x4  0x000000008000a190
core   0: 0x0000000080006914 (0x00100113) li      sp, 1
core   0: 3 0x0000000080006914 (0x00100113) x2  0x0000000000000001
core   0: 0x0000000080006918 (0x00d11113) slli    sp, sp, 13
core   0: 3 0x0000000080006918 (0x00d11113) x2  0x0000000000002000
core   0: 0x000000008000691c (0x00220233) add     tp, tp, sp
core   0: 3 0x000000008000691c (0x00220233) x4  0x000000008000c190
core   0: 0x0000000080006920 (0xce823f07) fld     ft10, -792(tp)
core   0: 3 0x0000000080006920 (0xce823f07) f30 0x3ff0000000000000 mem 0x000000008000be78
core   0: 0x0000000080006924 (0x40220233) sub     tp, tp, sp
core   0: 3 0x0000000080006924 (0x40220233) x4  0x000000008000a190
core   0: 0x0000000080006928 (0x00000113) li      sp, 0
core   0: 3 0x0000000080006928 (0x00000113) x2  0x0000000000000000
core   0: 0x000000008000692c (0x00311073) csrw    fcsr, sp
core   0: 3 0x000000008000692c (0x00311073) c1_fflags 0x0000000000000000 c2_frm 0x0000000000000000
core   0: 0x0000000080006930 (0xa3ef9fd3) flt.d   t6, ft11, ft10
core   0: 3 0x0000000080006930 (0xa3ef9fd3) x31 0x0000000000000001
core   0: 0x0000000080006934 (0x003022f3) csrr    t0, fcsr
core   0: 3 0x0000000080006934 (0x003022f3) x5  0x0000000000000000
core   0: 0x0000000080006938 (0x4bf0b823) sd      t6, 1200(ra)
core   0: 3 0x0000000080006938 (0x4bf0b823) mem 0x0000000080010f78 0x0000000000000001
core   0: 0x000000008000693c (0x4a50bc23) sd      t0, 1208(ra)
core   0: 3 0x000000008000693c (0x4a50bc23) mem 0x0000000080010f80 0x0000000000000000
core   0: >>>>  inst_487
core   0: 0x0000000080006940 (0x00100113) li      sp, 1
core   0: 3 0x0000000080006940 (0x00100113) x2  0x0000000000000001
core   0: 0x0000000080006944 (0x00d11113) slli    sp, sp, 13
core   0: 3 0x0000000080006944 (0x00d11113) x2  0x0000000000002000
core   0: 0x0000000080006948 (0x00220233) add     tp, tp, sp
core   0: 3 0x0000000080006948 (0x00220233) x4  0x000000008000c190
core   0: 0x000000008000694c (0xcf023f87) fld     ft11, -784(tp)
core   0: 3 0x000000008000694c (0xcf023f87) f31 0xfff0000000000000 mem 0x000000008000be80
core   0: 0x0000000080006950 (0x40220233) sub     tp, tp, sp
core   0: 3 0x0000000080006950 (0x40220233) x4  0x000000008000a190
core   0: 0x0000000080006954 (0x00100113) li      sp, 1
core   0: 3 0x0000000080006954 (0x00100113) x2  0x0000000000000001
core   0: 0x0000000080006958 (0x00d11113) slli    sp, sp, 13
core   0: 3 0x0000000080006958 (0x00d11113) x2  0x0000000000002000
core   0: 0x000000008000695c (0x00220233) add     tp, tp, sp
core   0: 3 0x000000008000695c (0x00220233) x4  0x000000008000c190
core   0: 0x0000000080006960 (0xcf823f07) fld     ft10, -776(tp)
core   0: 3 0x0000000080006960 (0xcf823f07) f30 0x7fefffffffffffff mem 0x000000008000be88
core   0: 0x0000000080006964 (0x40220233) sub     tp, tp, sp
core   0: 3 0x0000000080006964 (0x40220233) x4  0x000000008000a190
core   0: 0x0000000080006968 (0x00000113) li      sp, 0
core   0: 3 0x0000000080006968 (0x00000113) x2  0x0000000000000000
core   0: 0x000000008000696c (0x00311073) csrw    fcsr, sp
core   0: 3 0x000000008000696c (0x00311073) c1_fflags 0x0000000000000000 c2_frm 0x0000000000000000
core   0: 0x0000000080006970 (0xa3ef9fd3) flt.d   t6, ft11, ft10
core   0: 3 0x0000000080006970 (0xa3ef9fd3) x31 0x0000000000000001
core   0: 0x0000000080006974 (0x003022f3) csrr    t0, fcsr
core   0: 3 0x0000000080006974 (0x003022f3) x5  0x0000000000000000
core   0: 0x0000000080006978 (0x4df0b023) sd      t6, 1216(ra)
core   0: 3 0x0000000080006978 (0x4df0b023) mem 0x0000000080010f88 0x0000000000000001
core   0: 0x000000008000697c (0x4c50b423) sd      t0, 1224(ra)
core   0: 3 0x000000008000697c (0x4c50b423) mem 0x0000000080010f90 0x0000000000000000
core   0: >>>>  inst_488
core   0: 0x0000000080006980 (0x00100113) li      sp, 1
core   0: 3 0x0000000080006980 (0x00100113) x2  0x0000000000000001
core   0: 0x0000000080006984 (0x00d11113) slli    sp, sp, 13
core   0: 3 0x0000000080006984 (0x00d11113) x2  0x0000000000002000
core   0: 0x0000000080006988 (0x00220233) add     tp, tp, sp
core   0: 3 0x0000000080006988 (0x00220233) x4  0x000000008000c190
core   0: 0x000000008000698c (0xd0023f87) fld     ft11, -768(tp)
core   0: 3 0x000000008000698c (0xd0023f87) f31 0xfff0000000000000 mem 0x000000008000be90
core   0: 0x0000000080006990 (0x40220233) sub     tp, tp, sp
core   0: 3 0x0000000080006990 (0x40220233) x4  0x000000008000a190
core   0: 0x0000000080006994 (0x00100113) li      sp, 1
core   0: 3 0x0000000080006994 (0x00100113) x2  0x0000000000000001
core   0: 0x0000000080006998 (0x00d11113) slli    sp, sp, 13
core   0: 3 0x0000000080006998 (0x00d11113) x2  0x0000000000002000
core   0: 0x000000008000699c (0x00220233) add     tp, tp, sp
core   0: 3 0x000000008000699c (0x00220233) x4  0x000000008000c190
core   0: 0x00000000800069a0 (0xd0823f07) fld     ft10, -760(tp)
core   0: 3 0x00000000800069a0 (0xd0823f07) f30 0x7ff0000000000000 mem 0x000000008000be98
core   0: 0x00000000800069a4 (0x40220233) sub     tp, tp, sp
core   0: 3 0x00000000800069a4 (0x40220233) x4  0x000000008000a190
core   0: 0x00000000800069a8 (0x00000113) li      sp, 0
core   0: 3 0x00000000800069a8 (0x00000113) x2  0x0000000000000000
core   0: 0x00000000800069ac (0x00311073) csrw    fcsr, sp
core   0: 3 0x00000000800069ac (0x00311073) c1_fflags 0x0000000000000000 c2_frm 0x0000000000000000
core   0: 0x00000000800069b0 (0xa3ef9fd3) flt.d   t6, ft11, ft10
core   0: 3 0x00000000800069b0 (0xa3ef9fd3) x31 0x0000000000000001
core   0: 0x00000000800069b4 (0x003022f3) csrr    t0, fcsr
core   0: 3 0x00000000800069b4 (0x003022f3) x5  0x0000000000000000
core   0: 0x00000000800069b8 (0x4df0b823) sd      t6, 1232(ra)
core   0: 3 0x00000000800069b8 (0x4df0b823) mem 0x0000000080010f98 0x0000000000000001
core   0: 0x00000000800069bc (0x4c50bc23) sd      t0, 1240(ra)
core   0: 3 0x00000000800069bc (0x4c50bc23) mem 0x0000000080010fa0 0x0000000000000000
core   0: >>>>  inst_489
core   0: 0x00000000800069c0 (0x00100113) li      sp, 1
core   0: 3 0x00000000800069c0 (0x00100113) x2  0x0000000000000001
core   0: 0x00000000800069c4 (0x00d11113) slli    sp, sp, 13
core   0: 3 0x00000000800069c4 (0x00d11113) x2  0x0000000000002000
core   0: 0x00000000800069c8 (0x00220233) add     tp, tp, sp
core   0: 3 0x00000000800069c8 (0x00220233) x4  0x000000008000c190
core   0: 0x00000000800069cc (0xd1023f87) fld     ft11, -752(tp)
core   0: 3 0x00000000800069cc (0xd1023f87) f31 0xfff0000000000000 mem 0x000000008000bea0
core   0: 0x00000000800069d0 (0x40220233) sub     tp, tp, sp
core   0: 3 0x00000000800069d0 (0x40220233) x4  0x000000008000a190
core   0: 0x00000000800069d4 (0x00100113) li      sp, 1
core   0: 3 0x00000000800069d4 (0x00100113) x2  0x0000000000000001
core   0: 0x00000000800069d8 (0x00d11113) slli    sp, sp, 13
core   0: 3 0x00000000800069d8 (0x00d11113) x2  0x0000000000002000
core   0: 0x00000000800069dc (0x00220233) add     tp, tp, sp
core   0: 3 0x00000000800069dc (0x00220233) x4  0x000000008000c190
core   0: 0x00000000800069e0 (0xd1823f07) fld     ft10, -744(tp)
core   0: 3 0x00000000800069e0 (0xd1823f07) f30 0x7ff0000000000001 mem 0x000000008000bea8
core   0: 0x00000000800069e4 (0x40220233) sub     tp, tp, sp
core   0: 3 0x00000000800069e4 (0x40220233) x4  0x000000008000a190
core   0: 0x00000000800069e8 (0x00000113) li      sp, 0
core   0: 3 0x00000000800069e8 (0x00000113) x2  0x0000000000000000
core   0: 0x00000000800069ec (0x00311073) csrw    fcsr, sp
core   0: 3 0x00000000800069ec (0x00311073) c1_fflags 0x0000000000000000 c2_frm 0x0000000000000000
core   0: 0x00000000800069f0 (0xa3ef9fd3) flt.d   t6, ft11, ft10
core   0: 3 0x00000000800069f0 (0xa3ef9fd3) c1_fflags 0x0000000000000010 x31 0x0000000000000000
core   0: 0x00000000800069f4 (0x003022f3) csrr    t0, fcsr
core   0: 3 0x00000000800069f4 (0x003022f3) x5  0x0000000000000010
core   0: 0x00000000800069f8 (0x4ff0b023) sd      t6, 1248(ra)
core   0: 3 0x00000000800069f8 (0x4ff0b023) mem 0x0000000080010fa8 0x0000000000000000
core   0: 0x00000000800069fc (0x4e50b423) sd      t0, 1256(ra)
core   0: 3 0x00000000800069fc (0x4e50b423) mem 0x0000000080010fb0 0x0000000000000010
core   0: >>>>  inst_490
core   0: 0x0000000080006a00 (0x00100113) li      sp, 1
core   0: 3 0x0000000080006a00 (0x00100113) x2  0x0000000000000001
core   0: 0x0000000080006a04 (0x00d11113) slli    sp, sp, 13
core   0: 3 0x0000000080006a04 (0x00d11113) x2  0x0000000000002000
core   0: 0x0000000080006a08 (0x00220233) add     tp, tp, sp
core   0: 3 0x0000000080006a08 (0x00220233) x4  0x000000008000c190
core   0: 0x0000000080006a0c (0xd2023f87) fld     ft11, -736(tp)
core   0: 3 0x0000000080006a0c (0xd2023f87) f31 0xfff0000000000000 mem 0x000000008000beb0
core   0: 0x0000000080006a10 (0x40220233) sub     tp, tp, sp
core   0: 3 0x0000000080006a10 (0x40220233) x4  0x000000008000a190
core   0: 0x0000000080006a14 (0x00100113) li      sp, 1
core   0: 3 0x0000000080006a14 (0x00100113) x2  0x0000000000000001
core   0: 0x0000000080006a18 (0x00d11113) slli    sp, sp, 13
core   0: 3 0x0000000080006a18 (0x00d11113) x2  0x0000000000002000
core   0: 0x0000000080006a1c (0x00220233) add     tp, tp, sp
core   0: 3 0x0000000080006a1c (0x00220233) x4  0x000000008000c190
core   0: 0x0000000080006a20 (0xd2823f07) fld     ft10, -728(tp)
core   0: 3 0x0000000080006a20 (0xd2823f07) f30 0x7ff8000000000000 mem 0x000000008000beb8
core   0: 0x0000000080006a24 (0x40220233) sub     tp, tp, sp
core   0: 3 0x0000000080006a24 (0x40220233) x4  0x000000008000a190
core   0: 0x0000000080006a28 (0x00000113) li      sp, 0
core   0: 3 0x0000000080006a28 (0x00000113) x2  0x0000000000000000
core   0: 0x0000000080006a2c (0x00311073) csrw    fcsr, sp
core   0: 3 0x0000000080006a2c (0x00311073) c1_fflags 0x0000000000000000 c2_frm 0x0000000000000000
core   0: 0x0000000080006a30 (0xa3ef9fd3) flt.d   t6, ft11, ft10
core   0: 3 0x0000000080006a30 (0xa3ef9fd3) c1_fflags 0x0000000000000010 x31 0x0000000000000000
core   0: 0x0000000080006a34 (0x003022f3) csrr    t0, fcsr
core   0: 3 0x0000000080006a34 (0x003022f3) x5  0x0000000000000010
core   0: 0x0000000080006a38 (0x4ff0b823) sd      t6, 1264(ra)
core   0: 3 0x0000000080006a38 (0x4ff0b823) mem 0x0000000080010fb8 0x0000000000000000
core   0: 0x0000000080006a3c (0x4e50bc23) sd      t0, 1272(ra)
core   0: 3 0x0000000080006a3c (0x4e50bc23) mem 0x0000000080010fc0 0x0000000000000010
core   0: >>>>  inst_491
core   0: 0x0000000080006a40 (0x00100113) li      sp, 1
core   0: 3 0x0000000080006a40 (0x00100113) x2  0x0000000000000001
core   0: 0x0000000080006a44 (0x00d11113) slli    sp, sp, 13
core   0: 3 0x0000000080006a44 (0x00d11113) x2  0x0000000000002000
core   0: 0x0000000080006a48 (0x00220233) add     tp, tp, sp
core   0: 3 0x0000000080006a48 (0x00220233) x4  0x000000008000c190
core   0: 0x0000000080006a4c (0xd3023f87) fld     ft11, -720(tp)
core   0: 3 0x0000000080006a4c (0xd3023f87) f31 0xfff0000000000000 mem 0x000000008000bec0
core   0: 0x0000000080006a50 (0x40220233) sub     tp, tp, sp
core   0: 3 0x0000000080006a50 (0x40220233) x4  0x000000008000a190
core   0: 0x0000000080006a54 (0x00100113) li      sp, 1
core   0: 3 0x0000000080006a54 (0x00100113) x2  0x0000000000000001
core   0: 0x0000000080006a58 (0x00d11113) slli    sp, sp, 13
core   0: 3 0x0000000080006a58 (0x00d11113) x2  0x0000000000002000
core   0: 0x0000000080006a5c (0x00220233) add     tp, tp, sp
core   0: 3 0x0000000080006a5c (0x00220233) x4  0x000000008000c190
core   0: 0x0000000080006a60 (0xd3823f07) fld     ft10, -712(tp)
core   0: 3 0x0000000080006a60 (0xd3823f07) f30 0x7ff8000000000001 mem 0x000000008000bec8
core   0: 0x0000000080006a64 (0x40220233) sub     tp, tp, sp
core   0: 3 0x0000000080006a64 (0x40220233) x4  0x000000008000a190
core   0: 0x0000000080006a68 (0x00000113) li      sp, 0
core   0: 3 0x0000000080006a68 (0x00000113) x2  0x0000000000000000
core   0: 0x0000000080006a6c (0x00311073) csrw    fcsr, sp
core   0: 3 0x0000000080006a6c (0x00311073) c1_fflags 0x0000000000000000 c2_frm 0x0000000000000000
core   0: 0x0000000080006a70 (0xa3ef9fd3) flt.d   t6, ft11, ft10
core   0: 3 0x0000000080006a70 (0xa3ef9fd3) c1_fflags 0x0000000000000010 x31 0x0000000000000000
core   0: 0x0000000080006a74 (0x003022f3) csrr    t0, fcsr
core   0: 3 0x0000000080006a74 (0x003022f3) x5  0x0000000000000010
core   0: 0x0000000080006a78 (0x51f0b023) sd      t6, 1280(ra)
core   0: 3 0x0000000080006a78 (0x51f0b023) mem 0x0000000080010fc8 0x0000000000000000
core   0: 0x0000000080006a7c (0x5050b423) sd      t0, 1288(ra)
core   0: 3 0x0000000080006a7c (0x5050b423) mem 0x0000000080010fd0 0x0000000000000010
core   0: >>>>  inst_492
core   0: 0x0000000080006a80 (0x00100113) li      sp, 1
core   0: 3 0x0000000080006a80 (0x00100113) x2  0x0000000000000001
core   0: 0x0000000080006a84 (0x00d11113) slli    sp, sp, 13
core   0: 3 0x0000000080006a84 (0x00d11113) x2  0x0000000000002000
core   0: 0x0000000080006a88 (0x00220233) add     tp, tp, sp
core   0: 3 0x0000000080006a88 (0x00220233) x4  0x000000008000c190
core   0: 0x0000000080006a8c (0xd4023f87) fld     ft11, -704(tp)
core   0: 3 0x0000000080006a8c (0xd4023f87) f31 0xfff0000000000000 mem 0x000000008000bed0
core   0: 0x0000000080006a90 (0x40220233) sub     tp, tp, sp
core   0: 3 0x0000000080006a90 (0x40220233) x4  0x000000008000a190
core   0: 0x0000000080006a94 (0x00100113) li      sp, 1
core   0: 3 0x0000000080006a94 (0x00100113) x2  0x0000000000000001
core   0: 0x0000000080006a98 (0x00d11113) slli    sp, sp, 13
core   0: 3 0x0000000080006a98 (0x00d11113) x2  0x0000000000002000
core   0: 0x0000000080006a9c (0x00220233) add     tp, tp, sp
core   0: 3 0x0000000080006a9c (0x00220233) x4  0x000000008000c190
core   0: 0x0000000080006aa0 (0xd4823f07) fld     ft10, -696(tp)
core   0: 3 0x0000000080006aa0 (0xd4823f07) f30 0x8000000000000000 mem 0x000000008000bed8
core   0: 0x0000000080006aa4 (0x40220233) sub     tp, tp, sp
core   0: 3 0x0000000080006aa4 (0x40220233) x4  0x000000008000a190
core   0: 0x0000000080006aa8 (0x00000113) li      sp, 0
core   0: 3 0x0000000080006aa8 (0x00000113) x2  0x0000000000000000
core   0: 0x0000000080006aac (0x00311073) csrw    fcsr, sp
core   0: 3 0x0000000080006aac (0x00311073) c1_fflags 0x0000000000000000 c2_frm 0x0000000000000000
core   0: 0x0000000080006ab0 (0xa3ef9fd3) flt.d   t6, ft11, ft10
core   0: 3 0x0000000080006ab0 (0xa3ef9fd3) x31 0x0000000000000001
core   0: 0x0000000080006ab4 (0x003022f3) csrr    t0, fcsr
core   0: 3 0x0000000080006ab4 (0x003022f3) x5  0x0000000000000000
core   0: 0x0000000080006ab8 (0x51f0b823) sd      t6, 1296(ra)
core   0: 3 0x0000000080006ab8 (0x51f0b823) mem 0x0000000080010fd8 0x0000000000000001
core   0: 0x0000000080006abc (0x5050bc23) sd      t0, 1304(ra)
core   0: 3 0x0000000080006abc (0x5050bc23) mem 0x0000000080010fe0 0x0000000000000000
core   0: >>>>  inst_493
core   0: 0x0000000080006ac0 (0x00100113) li      sp, 1
core   0: 3 0x0000000080006ac0 (0x00100113) x2  0x0000000000000001
core   0: 0x0000000080006ac4 (0x00d11113) slli    sp, sp, 13
core   0: 3 0x0000000080006ac4 (0x00d11113) x2  0x0000000000002000
core   0: 0x0000000080006ac8 (0x00220233) add     tp, tp, sp
core   0: 3 0x0000000080006ac8 (0x00220233) x4  0x000000008000c190
core   0: 0x0000000080006acc (0xd5023f87) fld     ft11, -688(tp)
core   0: 3 0x0000000080006acc (0xd5023f87) f31 0xfff0000000000000 mem 0x000000008000bee0
core   0: 0x0000000080006ad0 (0x40220233) sub     tp, tp, sp
core   0: 3 0x0000000080006ad0 (0x40220233) x4  0x000000008000a190
core   0: 0x0000000080006ad4 (0x00100113) li      sp, 1
core   0: 3 0x0000000080006ad4 (0x00100113) x2  0x0000000000000001
core   0: 0x0000000080006ad8 (0x00d11113) slli    sp, sp, 13
core   0: 3 0x0000000080006ad8 (0x00d11113) x2  0x0000000000002000
core   0: 0x0000000080006adc (0x00220233) add     tp, tp, sp
core   0: 3 0x0000000080006adc (0x00220233) x4  0x000000008000c190
core   0: 0x0000000080006ae0 (0xd5823f07) fld     ft10, -680(tp)
core   0: 3 0x0000000080006ae0 (0xd5823f07) f30 0x8000000000000001 mem 0x000000008000bee8
core   0: 0x0000000080006ae4 (0x40220233) sub     tp, tp, sp
core   0: 3 0x0000000080006ae4 (0x40220233) x4  0x000000008000a190
core   0: 0x0000000080006ae8 (0x00000113) li      sp, 0
core   0: 3 0x0000000080006ae8 (0x00000113) x2  0x0000000000000000
core   0: 0x0000000080006aec (0x00311073) csrw    fcsr, sp
core   0: 3 0x0000000080006aec (0x00311073) c1_fflags 0x0000000000000000 c2_frm 0x0000000000000000
core   0: 0x0000000080006af0 (0xa3ef9fd3) flt.d   t6, ft11, ft10
core   0: 3 0x0000000080006af0 (0xa3ef9fd3) x31 0x0000000000000001
core   0: 0x0000000080006af4 (0x003022f3) csrr    t0, fcsr
core   0: 3 0x0000000080006af4 (0x003022f3) x5  0x0000000000000000
core   0: 0x0000000080006af8 (0x53f0b023) sd      t6, 1312(ra)
core   0: 3 0x0000000080006af8 (0x53f0b023) mem 0x0000000080010fe8 0x0000000000000001
core   0: 0x0000000080006afc (0x5250b423) sd      t0, 1320(ra)
core   0: 3 0x0000000080006afc (0x5250b423) mem 0x0000000080010ff0 0x0000000000000000
core   0: >>>>  inst_494
core   0: 0x0000000080006b00 (0x00100113) li      sp, 1
core   0: 3 0x0000000080006b00 (0x00100113) x2  0x0000000000000001
core   0: 0x0000000080006b04 (0x00d11113) slli    sp, sp, 13
core   0: 3 0x0000000080006b04 (0x00d11113) x2  0x0000000000002000
core   0: 0x0000000080006b08 (0x00220233) add     tp, tp, sp
core   0: 3 0x0000000080006b08 (0x00220233) x4  0x000000008000c190
core   0: 0x0000000080006b0c (0xd6023f87) fld     ft11, -672(tp)
core   0: 3 0x0000000080006b0c (0xd6023f87) f31 0xfff0000000000000 mem 0x000000008000bef0
core   0: 0x0000000080006b10 (0x40220233) sub     tp, tp, sp
core   0: 3 0x0000000080006b10 (0x40220233) x4  0x000000008000a190
core   0: 0x0000000080006b14 (0x00100113) li      sp, 1
core   0: 3 0x0000000080006b14 (0x00100113) x2  0x0000000000000001
core   0: 0x0000000080006b18 (0x00d11113) slli    sp, sp, 13
core   0: 3 0x0000000080006b18 (0x00d11113) x2  0x0000000000002000
core   0: 0x0000000080006b1c (0x00220233) add     tp, tp, sp
core   0: 3 0x0000000080006b1c (0x00220233) x4  0x000000008000c190
core   0: 0x0000000080006b20 (0xd6823f07) fld     ft10, -664(tp)
core   0: 3 0x0000000080006b20 (0xd6823f07) f30 0x8000000000000002 mem 0x000000008000bef8
core   0: 0x0000000080006b24 (0x40220233) sub     tp, tp, sp
core   0: 3 0x0000000080006b24 (0x40220233) x4  0x000000008000a190
core   0: 0x0000000080006b28 (0x00000113) li      sp, 0
core   0: 3 0x0000000080006b28 (0x00000113) x2  0x0000000000000000
core   0: 0x0000000080006b2c (0x00311073) csrw    fcsr, sp
core   0: 3 0x0000000080006b2c (0x00311073) c1_fflags 0x0000000000000000 c2_frm 0x0000000000000000
core   0: 0x0000000080006b30 (0xa3ef9fd3) flt.d   t6, ft11, ft10
core   0: 3 0x0000000080006b30 (0xa3ef9fd3) x31 0x0000000000000001
core   0: 0x0000000080006b34 (0x003022f3) csrr    t0, fcsr
core   0: 3 0x0000000080006b34 (0x003022f3) x5  0x0000000000000000
core   0: 0x0000000080006b38 (0x53f0b823) sd      t6, 1328(ra)
core   0: 3 0x0000000080006b38 (0x53f0b823) mem 0x0000000080010ff8 0x0000000000000001
core   0: 0x0000000080006b3c (0x5250bc23) sd      t0, 1336(ra)
core   0: 3 0x0000000080006b3c (0x5250bc23) mem 0x0000000080011000 0x0000000000000000
core   0: >>>>  inst_495
core   0: 0x0000000080006b40 (0x00100113) li      sp, 1
core   0: 3 0x0000000080006b40 (0x00100113) x2  0x0000000000000001
core   0: 0x0000000080006b44 (0x00d11113) slli    sp, sp, 13
core   0: 3 0x0000000080006b44 (0x00d11113) x2  0x0000000000002000
core   0: 0x0000000080006b48 (0x00220233) add     tp, tp, sp
core   0: 3 0x0000000080006b48 (0x00220233) x4  0x000000008000c190
core   0: 0x0000000080006b4c (0xd7023f87) fld     ft11, -656(tp)
core   0: 3 0x0000000080006b4c (0xd7023f87) f31 0xfff0000000000000 mem 0x000000008000bf00
core   0: 0x0000000080006b50 (0x40220233) sub     tp, tp, sp
core   0: 3 0x0000000080006b50 (0x40220233) x4  0x000000008000a190
core   0: 0x0000000080006b54 (0x00100113) li      sp, 1
core   0: 3 0x0000000080006b54 (0x00100113) x2  0x0000000000000001
core   0: 0x0000000080006b58 (0x00d11113) slli    sp, sp, 13
core   0: 3 0x0000000080006b58 (0x00d11113) x2  0x0000000000002000
core   0: 0x0000000080006b5c (0x00220233) add     tp, tp, sp
core   0: 3 0x0000000080006b5c (0x00220233) x4  0x000000008000c190
core   0: 0x0000000080006b60 (0xd7823f07) fld     ft10, -648(tp)
core   0: 3 0x0000000080006b60 (0xd7823f07) f30 0x800fffffffffffff mem 0x000000008000bf08
core   0: 0x0000000080006b64 (0x40220233) sub     tp, tp, sp
core   0: 3 0x0000000080006b64 (0x40220233) x4  0x000000008000a190
core   0: 0x0000000080006b68 (0x00000113) li      sp, 0
core   0: 3 0x0000000080006b68 (0x00000113) x2  0x0000000000000000
core   0: 0x0000000080006b6c (0x00311073) csrw    fcsr, sp
core   0: 3 0x0000000080006b6c (0x00311073) c1_fflags 0x0000000000000000 c2_frm 0x0000000000000000
core   0: 0x0000000080006b70 (0xa3ef9fd3) flt.d   t6, ft11, ft10
core   0: 3 0x0000000080006b70 (0xa3ef9fd3) x31 0x0000000000000001
core   0: 0x0000000080006b74 (0x003022f3) csrr    t0, fcsr
core   0: 3 0x0000000080006b74 (0x003022f3) x5  0x0000000000000000
core   0: 0x0000000080006b78 (0x55f0b023) sd      t6, 1344(ra)
core   0: 3 0x0000000080006b78 (0x55f0b023) mem 0x0000000080011008 0x0000000000000001
core   0: 0x0000000080006b7c (0x5450b423) sd      t0, 1352(ra)
core   0: 3 0x0000000080006b7c (0x5450b423) mem 0x0000000080011010 0x0000000000000000
core   0: >>>>  inst_496
core   0: 0x0000000080006b80 (0x00100113) li      sp, 1
core   0: 3 0x0000000080006b80 (0x00100113) x2  0x0000000000000001
core   0: 0x0000000080006b84 (0x00d11113) slli    sp, sp, 13
core   0: 3 0x0000000080006b84 (0x00d11113) x2  0x0000000000002000
core   0: 0x0000000080006b88 (0x00220233) add     tp, tp, sp
core   0: 3 0x0000000080006b88 (0x00220233) x4  0x000000008000c190
core   0: 0x0000000080006b8c (0xd8023f87) fld     ft11, -640(tp)
core   0: 3 0x0000000080006b8c (0xd8023f87) f31 0xfff0000000000000 mem 0x000000008000bf10
core   0: 0x0000000080006b90 (0x40220233) sub     tp, tp, sp
core   0: 3 0x0000000080006b90 (0x40220233) x4  0x000000008000a190
core   0: 0x0000000080006b94 (0x00100113) li      sp, 1
core   0: 3 0x0000000080006b94 (0x00100113) x2  0x0000000000000001
core   0: 0x0000000080006b98 (0x00d11113) slli    sp, sp, 13
core   0: 3 0x0000000080006b98 (0x00d11113) x2  0x0000000000002000
core   0: 0x0000000080006b9c (0x00220233) add     tp, tp, sp
core   0: 3 0x0000000080006b9c (0x00220233) x4  0x000000008000c190
core   0: 0x0000000080006ba0 (0xd8823f07) fld     ft10, -632(tp)
core   0: 3 0x0000000080006ba0 (0xd8823f07) f30 0x8010000000000000 mem 0x000000008000bf18
core   0: 0x0000000080006ba4 (0x40220233) sub     tp, tp, sp
core   0: 3 0x0000000080006ba4 (0x40220233) x4  0x000000008000a190
core   0: 0x0000000080006ba8 (0x00000113) li      sp, 0
core   0: 3 0x0000000080006ba8 (0x00000113) x2  0x0000000000000000
core   0: 0x0000000080006bac (0x00311073) csrw    fcsr, sp
core   0: 3 0x0000000080006bac (0x00311073) c1_fflags 0x0000000000000000 c2_frm 0x0000000000000000
core   0: 0x0000000080006bb0 (0xa3ef9fd3) flt.d   t6, ft11, ft10
core   0: 3 0x0000000080006bb0 (0xa3ef9fd3) x31 0x0000000000000001
core   0: 0x0000000080006bb4 (0x003022f3) csrr    t0, fcsr
core   0: 3 0x0000000080006bb4 (0x003022f3) x5  0x0000000000000000
core   0: 0x0000000080006bb8 (0x55f0b823) sd      t6, 1360(ra)
core   0: 3 0x0000000080006bb8 (0x55f0b823) mem 0x0000000080011018 0x0000000000000001
core   0: 0x0000000080006bbc (0x5450bc23) sd      t0, 1368(ra)
core   0: 3 0x0000000080006bbc (0x5450bc23) mem 0x0000000080011020 0x0000000000000000
core   0: >>>>  inst_497
core   0: 0x0000000080006bc0 (0x00100113) li      sp, 1
core   0: 3 0x0000000080006bc0 (0x00100113) x2  0x0000000000000001
core   0: 0x0000000080006bc4 (0x00d11113) slli    sp, sp, 13
core   0: 3 0x0000000080006bc4 (0x00d11113) x2  0x0000000000002000
core   0: 0x0000000080006bc8 (0x00220233) add     tp, tp, sp
core   0: 3 0x0000000080006bc8 (0x00220233) x4  0x000000008000c190
core   0: 0x0000000080006bcc (0xd9023f87) fld     ft11, -624(tp)
core   0: 3 0x0000000080006bcc (0xd9023f87) f31 0xfff0000000000000 mem 0x000000008000bf20
core   0: 0x0000000080006bd0 (0x40220233) sub     tp, tp, sp
core   0: 3 0x0000000080006bd0 (0x40220233) x4  0x000000008000a190
core   0: 0x0000000080006bd4 (0x00100113) li      sp, 1
core   0: 3 0x0000000080006bd4 (0x00100113) x2  0x0000000000000001
core   0: 0x0000000080006bd8 (0x00d11113) slli    sp, sp, 13
core   0: 3 0x0000000080006bd8 (0x00d11113) x2  0x0000000000002000
core   0: 0x0000000080006bdc (0x00220233) add     tp, tp, sp
core   0: 3 0x0000000080006bdc (0x00220233) x4  0x000000008000c190
core   0: 0x0000000080006be0 (0xd9823f07) fld     ft10, -616(tp)
core   0: 3 0x0000000080006be0 (0xd9823f07) f30 0x8010000000000002 mem 0x000000008000bf28
core   0: 0x0000000080006be4 (0x40220233) sub     tp, tp, sp
core   0: 3 0x0000000080006be4 (0x40220233) x4  0x000000008000a190
core   0: 0x0000000080006be8 (0x00000113) li      sp, 0
core   0: 3 0x0000000080006be8 (0x00000113) x2  0x0000000000000000
core   0: 0x0000000080006bec (0x00311073) csrw    fcsr, sp
core   0: 3 0x0000000080006bec (0x00311073) c1_fflags 0x0000000000000000 c2_frm 0x0000000000000000
core   0: 0x0000000080006bf0 (0xa3ef9fd3) flt.d   t6, ft11, ft10
core   0: 3 0x0000000080006bf0 (0xa3ef9fd3) x31 0x0000000000000001
core   0: 0x0000000080006bf4 (0x003022f3) csrr    t0, fcsr
core   0: 3 0x0000000080006bf4 (0x003022f3) x5  0x0000000000000000
core   0: 0x0000000080006bf8 (0x57f0b023) sd      t6, 1376(ra)
core   0: 3 0x0000000080006bf8 (0x57f0b023) mem 0x0000000080011028 0x0000000000000001
core   0: 0x0000000080006bfc (0x5650b423) sd      t0, 1384(ra)
core   0: 3 0x0000000080006bfc (0x5650b423) mem 0x0000000080011030 0x0000000000000000
core   0: >>>>  inst_498
core   0: 0x0000000080006c00 (0x00100113) li      sp, 1
core   0: 3 0x0000000080006c00 (0x00100113) x2  0x0000000000000001
core   0: 0x0000000080006c04 (0x00d11113) slli    sp, sp, 13
core   0: 3 0x0000000080006c04 (0x00d11113) x2  0x0000000000002000
core   0: 0x0000000080006c08 (0x00220233) add     tp, tp, sp
core   0: 3 0x0000000080006c08 (0x00220233) x4  0x000000008000c190
core   0: 0x0000000080006c0c (0xda023f87) fld     ft11, -608(tp)
core   0: 3 0x0000000080006c0c (0xda023f87) f31 0xfff0000000000000 mem 0x000000008000bf30
core   0: 0x0000000080006c10 (0x40220233) sub     tp, tp, sp
core   0: 3 0x0000000080006c10 (0x40220233) x4  0x000000008000a190
core   0: 0x0000000080006c14 (0x00100113) li      sp, 1
core   0: 3 0x0000000080006c14 (0x00100113) x2  0x0000000000000001
core   0: 0x0000000080006c18 (0x00d11113) slli    sp, sp, 13
core   0: 3 0x0000000080006c18 (0x00d11113) x2  0x0000000000002000
core   0: 0x0000000080006c1c (0x00220233) add     tp, tp, sp
core   0: 3 0x0000000080006c1c (0x00220233) x4  0x000000008000c190
core   0: 0x0000000080006c20 (0xda823f07) fld     ft10, -600(tp)
core   0: 3 0x0000000080006c20 (0xda823f07) f30 0xbf80000000000000 mem 0x000000008000bf38
core   0: 0x0000000080006c24 (0x40220233) sub     tp, tp, sp
core   0: 3 0x0000000080006c24 (0x40220233) x4  0x000000008000a190
core   0: 0x0000000080006c28 (0x00000113) li      sp, 0
core   0: 3 0x0000000080006c28 (0x00000113) x2  0x0000000000000000
core   0: 0x0000000080006c2c (0x00311073) csrw    fcsr, sp
core   0: 3 0x0000000080006c2c (0x00311073) c1_fflags 0x0000000000000000 c2_frm 0x0000000000000000
core   0: 0x0000000080006c30 (0xa3ef9fd3) flt.d   t6, ft11, ft10
core   0: 3 0x0000000080006c30 (0xa3ef9fd3) x31 0x0000000000000001
core   0: 0x0000000080006c34 (0x003022f3) csrr    t0, fcsr
core   0: 3 0x0000000080006c34 (0x003022f3) x5  0x0000000000000000
core   0: 0x0000000080006c38 (0x57f0b823) sd      t6, 1392(ra)
core   0: 3 0x0000000080006c38 (0x57f0b823) mem 0x0000000080011038 0x0000000000000001
core   0: 0x0000000080006c3c (0x5650bc23) sd      t0, 1400(ra)
core   0: 3 0x0000000080006c3c (0x5650bc23) mem 0x0000000080011040 0x0000000000000000
core   0: >>>>  inst_499
core   0: 0x0000000080006c40 (0x00100113) li      sp, 1
core   0: 3 0x0000000080006c40 (0x00100113) x2  0x0000000000000001
core   0: 0x0000000080006c44 (0x00d11113) slli    sp, sp, 13
core   0: 3 0x0000000080006c44 (0x00d11113) x2  0x0000000000002000
core   0: 0x0000000080006c48 (0x00220233) add     tp, tp, sp
core   0: 3 0x0000000080006c48 (0x00220233) x4  0x000000008000c190
core   0: 0x0000000080006c4c (0xdb023f87) fld     ft11, -592(tp)
core   0: 3 0x0000000080006c4c (0xdb023f87) f31 0xfff0000000000000 mem 0x000000008000bf40
core   0: 0x0000000080006c50 (0x40220233) sub     tp, tp, sp
core   0: 3 0x0000000080006c50 (0x40220233) x4  0x000000008000a190
core   0: 0x0000000080006c54 (0x00100113) li      sp, 1
core   0: 3 0x0000000080006c54 (0x00100113) x2  0x0000000000000001
core   0: 0x0000000080006c58 (0x00d11113) slli    sp, sp, 13
core   0: 3 0x0000000080006c58 (0x00d11113) x2  0x0000000000002000
core   0: 0x0000000080006c5c (0x00220233) add     tp, tp, sp
core   0: 3 0x0000000080006c5c (0x00220233) x4  0x000000008000c190
core   0: 0x0000000080006c60 (0xdb823f07) fld     ft10, -584(tp)
core   0: 3 0x0000000080006c60 (0xdb823f07) f30 0xffefffffffffffff mem 0x000000008000bf48
core   0: 0x0000000080006c64 (0x40220233) sub     tp, tp, sp
core   0: 3 0x0000000080006c64 (0x40220233) x4  0x000000008000a190
core   0: 0x0000000080006c68 (0x00000113) li      sp, 0
core   0: 3 0x0000000080006c68 (0x00000113) x2  0x0000000000000000
core   0: 0x0000000080006c6c (0x00311073) csrw    fcsr, sp
core   0: 3 0x0000000080006c6c (0x00311073) c1_fflags 0x0000000000000000 c2_frm 0x0000000000000000
core   0: 0x0000000080006c70 (0xa3ef9fd3) flt.d   t6, ft11, ft10
core   0: 3 0x0000000080006c70 (0xa3ef9fd3) x31 0x0000000000000001
core   0: 0x0000000080006c74 (0x003022f3) csrr    t0, fcsr
core   0: 3 0x0000000080006c74 (0x003022f3) x5  0x0000000000000000
core   0: 0x0000000080006c78 (0x59f0b023) sd      t6, 1408(ra)
core   0: 3 0x0000000080006c78 (0x59f0b023) mem 0x0000000080011048 0x0000000000000001
core   0: 0x0000000080006c7c (0x5850b423) sd      t0, 1416(ra)
core   0: 3 0x0000000080006c7c (0x5850b423) mem 0x0000000080011050 0x0000000000000000
core   0: >>>>  inst_500
core   0: 0x0000000080006c80 (0x00100113) li      sp, 1
core   0: 3 0x0000000080006c80 (0x00100113) x2  0x0000000000000001
core   0: 0x0000000080006c84 (0x00d11113) slli    sp, sp, 13
core   0: 3 0x0000000080006c84 (0x00d11113) x2  0x0000000000002000
core   0: 0x0000000080006c88 (0x00220233) add     tp, tp, sp
core   0: 3 0x0000000080006c88 (0x00220233) x4  0x000000008000c190
core   0: 0x0000000080006c8c (0xdc023f87) fld     ft11, -576(tp)
core   0: 3 0x0000000080006c8c (0xdc023f87) f31 0xfff0000000000000 mem 0x000000008000bf50
core   0: 0x0000000080006c90 (0x40220233) sub     tp, tp, sp
core   0: 3 0x0000000080006c90 (0x40220233) x4  0x000000008000a190
core   0: 0x0000000080006c94 (0x00100113) li      sp, 1
core   0: 3 0x0000000080006c94 (0x00100113) x2  0x0000000000000001
core   0: 0x0000000080006c98 (0x00d11113) slli    sp, sp, 13
core   0: 3 0x0000000080006c98 (0x00d11113) x2  0x0000000000002000
core   0: 0x0000000080006c9c (0x00220233) add     tp, tp, sp
core   0: 3 0x0000000080006c9c (0x00220233) x4  0x000000008000c190
core   0: 0x0000000080006ca0 (0xdc823f07) fld     ft10, -568(tp)
core   0: 3 0x0000000080006ca0 (0xdc823f07) f30 0xfff0000000000000 mem 0x000000008000bf58
core   0: 0x0000000080006ca4 (0x40220233) sub     tp, tp, sp
core   0: 3 0x0000000080006ca4 (0x40220233) x4  0x000000008000a190
core   0: 0x0000000080006ca8 (0x00000113) li      sp, 0
core   0: 3 0x0000000080006ca8 (0x00000113) x2  0x0000000000000000
core   0: 0x0000000080006cac (0x00311073) csrw    fcsr, sp
core   0: 3 0x0000000080006cac (0x00311073) c1_fflags 0x0000000000000000 c2_frm 0x0000000000000000
core   0: 0x0000000080006cb0 (0xa3ef9fd3) flt.d   t6, ft11, ft10
core   0: 3 0x0000000080006cb0 (0xa3ef9fd3) x31 0x0000000000000000
core   0: 0x0000000080006cb4 (0x003022f3) csrr    t0, fcsr
core   0: 3 0x0000000080006cb4 (0x003022f3) x5  0x0000000000000000
core   0: 0x0000000080006cb8 (0x59f0b823) sd      t6, 1424(ra)
core   0: 3 0x0000000080006cb8 (0x59f0b823) mem 0x0000000080011058 0x0000000000000000
core   0: 0x0000000080006cbc (0x5850bc23) sd      t0, 1432(ra)
core   0: 3 0x0000000080006cbc (0x5850bc23) mem 0x0000000080011060 0x0000000000000000
core   0: >>>>  inst_501
core   0: 0x0000000080006cc0 (0x00100113) li      sp, 1
core   0: 3 0x0000000080006cc0 (0x00100113) x2  0x0000000000000001
core   0: 0x0000000080006cc4 (0x00d11113) slli    sp, sp, 13
core   0: 3 0x0000000080006cc4 (0x00d11113) x2  0x0000000000002000
core   0: 0x0000000080006cc8 (0x00220233) add     tp, tp, sp
core   0: 3 0x0000000080006cc8 (0x00220233) x4  0x000000008000c190
core   0: 0x0000000080006ccc (0xdd023f87) fld     ft11, -560(tp)
core   0: 3 0x0000000080006ccc (0xdd023f87) f31 0xfff0000000000000 mem 0x000000008000bf60
core   0: 0x0000000080006cd0 (0x40220233) sub     tp, tp, sp
core   0: 3 0x0000000080006cd0 (0x40220233) x4  0x000000008000a190
core   0: 0x0000000080006cd4 (0x00100113) li      sp, 1
core   0: 3 0x0000000080006cd4 (0x00100113) x2  0x0000000000000001
core   0: 0x0000000080006cd8 (0x00d11113) slli    sp, sp, 13
core   0: 3 0x0000000080006cd8 (0x00d11113) x2  0x0000000000002000
core   0: 0x0000000080006cdc (0x00220233) add     tp, tp, sp
core   0: 3 0x0000000080006cdc (0x00220233) x4  0x000000008000c190
core   0: 0x0000000080006ce0 (0xdd823f07) fld     ft10, -552(tp)
core   0: 3 0x0000000080006ce0 (0xdd823f07) f30 0xfff0000000000001 mem 0x000000008000bf68
core   0: 0x0000000080006ce4 (0x40220233) sub     tp, tp, sp
core   0: 3 0x0000000080006ce4 (0x40220233) x4  0x000000008000a190
core   0: 0x0000000080006ce8 (0x00000113) li      sp, 0
core   0: 3 0x0000000080006ce8 (0x00000113) x2  0x0000000000000000
core   0: 0x0000000080006cec (0x00311073) csrw    fcsr, sp
core   0: 3 0x0000000080006cec (0x00311073) c1_fflags 0x0000000000000000 c2_frm 0x0000000000000000
core   0: 0x0000000080006cf0 (0xa3ef9fd3) flt.d   t6, ft11, ft10
core   0: 3 0x0000000080006cf0 (0xa3ef9fd3) c1_fflags 0x0000000000000010 x31 0x0000000000000000
core   0: 0x0000000080006cf4 (0x003022f3) csrr    t0, fcsr
core   0: 3 0x0000000080006cf4 (0x003022f3) x5  0x0000000000000010
core   0: 0x0000000080006cf8 (0x5bf0b023) sd      t6, 1440(ra)
core   0: 3 0x0000000080006cf8 (0x5bf0b023) mem 0x0000000080011068 0x0000000000000000
core   0: 0x0000000080006cfc (0x5a50b423) sd      t0, 1448(ra)
core   0: 3 0x0000000080006cfc (0x5a50b423) mem 0x0000000080011070 0x0000000000000010
core   0: >>>>  inst_502
core   0: 0x0000000080006d00 (0x00100113) li      sp, 1
core   0: 3 0x0000000080006d00 (0x00100113) x2  0x0000000000000001
core   0: 0x0000000080006d04 (0x00d11113) slli    sp, sp, 13
core   0: 3 0x0000000080006d04 (0x00d11113) x2  0x0000000000002000
core   0: 0x0000000080006d08 (0x00220233) add     tp, tp, sp
core   0: 3 0x0000000080006d08 (0x00220233) x4  0x000000008000c190
core   0: 0x0000000080006d0c (0xde023f87) fld     ft11, -544(tp)
core   0: 3 0x0000000080006d0c (0xde023f87) f31 0xfff0000000000000 mem 0x000000008000bf70
core   0: 0x0000000080006d10 (0x40220233) sub     tp, tp, sp
core   0: 3 0x0000000080006d10 (0x40220233) x4  0x000000008000a190
core   0: 0x0000000080006d14 (0x00100113) li      sp, 1
core   0: 3 0x0000000080006d14 (0x00100113) x2  0x0000000000000001
core   0: 0x0000000080006d18 (0x00d11113) slli    sp, sp, 13
core   0: 3 0x0000000080006d18 (0x00d11113) x2  0x0000000000002000
core   0: 0x0000000080006d1c (0x00220233) add     tp, tp, sp
core   0: 3 0x0000000080006d1c (0x00220233) x4  0x000000008000c190
core   0: 0x0000000080006d20 (0xde823f07) fld     ft10, -536(tp)
core   0: 3 0x0000000080006d20 (0xde823f07) f30 0xfff8000000000000 mem 0x000000008000bf78
core   0: 0x0000000080006d24 (0x40220233) sub     tp, tp, sp
core   0: 3 0x0000000080006d24 (0x40220233) x4  0x000000008000a190
core   0: 0x0000000080006d28 (0x00000113) li      sp, 0
core   0: 3 0x0000000080006d28 (0x00000113) x2  0x0000000000000000
core   0: 0x0000000080006d2c (0x00311073) csrw    fcsr, sp
core   0: 3 0x0000000080006d2c (0x00311073) c1_fflags 0x0000000000000000 c2_frm 0x0000000000000000
core   0: 0x0000000080006d30 (0xa3ef9fd3) flt.d   t6, ft11, ft10
core   0: 3 0x0000000080006d30 (0xa3ef9fd3) c1_fflags 0x0000000000000010 x31 0x0000000000000000
core   0: 0x0000000080006d34 (0x003022f3) csrr    t0, fcsr
core   0: 3 0x0000000080006d34 (0x003022f3) x5  0x0000000000000010
core   0: 0x0000000080006d38 (0x5bf0b823) sd      t6, 1456(ra)
core   0: 3 0x0000000080006d38 (0x5bf0b823) mem 0x0000000080011078 0x0000000000000000
core   0: 0x0000000080006d3c (0x5a50bc23) sd      t0, 1464(ra)
core   0: 3 0x0000000080006d3c (0x5a50bc23) mem 0x0000000080011080 0x0000000000000010
core   0: >>>>  inst_503
core   0: 0x0000000080006d40 (0x00100113) li      sp, 1
core   0: 3 0x0000000080006d40 (0x00100113) x2  0x0000000000000001
core   0: 0x0000000080006d44 (0x00d11113) slli    sp, sp, 13
core   0: 3 0x0000000080006d44 (0x00d11113) x2  0x0000000000002000
core   0: 0x0000000080006d48 (0x00220233) add     tp, tp, sp
core   0: 3 0x0000000080006d48 (0x00220233) x4  0x000000008000c190
core   0: 0x0000000080006d4c (0xdf023f87) fld     ft11, -528(tp)
core   0: 3 0x0000000080006d4c (0xdf023f87) f31 0xfff0000000000000 mem 0x000000008000bf80
core   0: 0x0000000080006d50 (0x40220233) sub     tp, tp, sp
core   0: 3 0x0000000080006d50 (0x40220233) x4  0x000000008000a190
core   0: 0x0000000080006d54 (0x00100113) li      sp, 1
core   0: 3 0x0000000080006d54 (0x00100113) x2  0x0000000000000001
core   0: 0x0000000080006d58 (0x00d11113) slli    sp, sp, 13
core   0: 3 0x0000000080006d58 (0x00d11113) x2  0x0000000000002000
core   0: 0x0000000080006d5c (0x00220233) add     tp, tp, sp
core   0: 3 0x0000000080006d5c (0x00220233) x4  0x000000008000c190
core   0: 0x0000000080006d60 (0xdf823f07) fld     ft10, -520(tp)
core   0: 3 0x0000000080006d60 (0xdf823f07) f30 0xfff8000000000001 mem 0x000000008000bf88
core   0: 0x0000000080006d64 (0x40220233) sub     tp, tp, sp
core   0: 3 0x0000000080006d64 (0x40220233) x4  0x000000008000a190
core   0: 0x0000000080006d68 (0x00000113) li      sp, 0
core   0: 3 0x0000000080006d68 (0x00000113) x2  0x0000000000000000
core   0: 0x0000000080006d6c (0x00311073) csrw    fcsr, sp
core   0: 3 0x0000000080006d6c (0x00311073) c1_fflags 0x0000000000000000 c2_frm 0x0000000000000000
core   0: 0x0000000080006d70 (0xa3ef9fd3) flt.d   t6, ft11, ft10
core   0: 3 0x0000000080006d70 (0xa3ef9fd3) c1_fflags 0x0000000000000010 x31 0x0000000000000000
core   0: 0x0000000080006d74 (0x003022f3) csrr    t0, fcsr
core   0: 3 0x0000000080006d74 (0x003022f3) x5  0x0000000000000010
core   0: 0x0000000080006d78 (0x5df0b023) sd      t6, 1472(ra)
core   0: 3 0x0000000080006d78 (0x5df0b023) mem 0x0000000080011088 0x0000000000000000
core   0: 0x0000000080006d7c (0x5c50b423) sd      t0, 1480(ra)
core   0: 3 0x0000000080006d7c (0x5c50b423) mem 0x0000000080011090 0x0000000000000010
core   0: >>>>  inst_504
core   0: 0x0000000080006d80 (0x00100113) li      sp, 1
core   0: 3 0x0000000080006d80 (0x00100113) x2  0x0000000000000001
core   0: 0x0000000080006d84 (0x00d11113) slli    sp, sp, 13
core   0: 3 0x0000000080006d84 (0x00d11113) x2  0x0000000000002000
core   0: 0x0000000080006d88 (0x00220233) add     tp, tp, sp
core   0: 3 0x0000000080006d88 (0x00220233) x4  0x000000008000c190
core   0: 0x0000000080006d8c (0xe0023f87) fld     ft11, -512(tp)
core   0: 3 0x0000000080006d8c (0xe0023f87) f31 0xfff0000000000001 mem 0x000000008000bf90
core   0: 0x0000000080006d90 (0x40220233) sub     tp, tp, sp
core   0: 3 0x0000000080006d90 (0x40220233) x4  0x000000008000a190
core   0: 0x0000000080006d94 (0x00100113) li      sp, 1
core   0: 3 0x0000000080006d94 (0x00100113) x2  0x0000000000000001
core   0: 0x0000000080006d98 (0x00d11113) slli    sp, sp, 13
core   0: 3 0x0000000080006d98 (0x00d11113) x2  0x0000000000002000
core   0: 0x0000000080006d9c (0x00220233) add     tp, tp, sp
core   0: 3 0x0000000080006d9c (0x00220233) x4  0x000000008000c190
core   0: 0x0000000080006da0 (0xe0823f07) fld     ft10, -504(tp)
core   0: 3 0x0000000080006da0 (0xe0823f07) f30 0x0000000000000000 mem 0x000000008000bf98
core   0: 0x0000000080006da4 (0x40220233) sub     tp, tp, sp
core   0: 3 0x0000000080006da4 (0x40220233) x4  0x000000008000a190
core   0: 0x0000000080006da8 (0x00000113) li      sp, 0
core   0: 3 0x0000000080006da8 (0x00000113) x2  0x0000000000000000
core   0: 0x0000000080006dac (0x00311073) csrw    fcsr, sp
core   0: 3 0x0000000080006dac (0x00311073) c1_fflags 0x0000000000000000 c2_frm 0x0000000000000000
core   0: 0x0000000080006db0 (0xa3ef9fd3) flt.d   t6, ft11, ft10
core   0: 3 0x0000000080006db0 (0xa3ef9fd3) c1_fflags 0x0000000000000010 x31 0x0000000000000000
core   0: 0x0000000080006db4 (0x003022f3) csrr    t0, fcsr
core   0: 3 0x0000000080006db4 (0x003022f3) x5  0x0000000000000010
core   0: 0x0000000080006db8 (0x5df0b823) sd      t6, 1488(ra)
core   0: 3 0x0000000080006db8 (0x5df0b823) mem 0x0000000080011098 0x0000000000000000
core   0: 0x0000000080006dbc (0x5c50bc23) sd      t0, 1496(ra)
core   0: 3 0x0000000080006dbc (0x5c50bc23) mem 0x00000000800110a0 0x0000000000000010
core   0: >>>>  inst_505
core   0: 0x0000000080006dc0 (0x00100113) li      sp, 1
core   0: 3 0x0000000080006dc0 (0x00100113) x2  0x0000000000000001
core   0: 0x0000000080006dc4 (0x00d11113) slli    sp, sp, 13
core   0: 3 0x0000000080006dc4 (0x00d11113) x2  0x0000000000002000
core   0: 0x0000000080006dc8 (0x00220233) add     tp, tp, sp
core   0: 3 0x0000000080006dc8 (0x00220233) x4  0x000000008000c190
core   0: 0x0000000080006dcc (0xe1023f87) fld     ft11, -496(tp)
core   0: 3 0x0000000080006dcc (0xe1023f87) f31 0xfff0000000000001 mem 0x000000008000bfa0
core   0: 0x0000000080006dd0 (0x40220233) sub     tp, tp, sp
core   0: 3 0x0000000080006dd0 (0x40220233) x4  0x000000008000a190
core   0: 0x0000000080006dd4 (0x00100113) li      sp, 1
core   0: 3 0x0000000080006dd4 (0x00100113) x2  0x0000000000000001
core   0: 0x0000000080006dd8 (0x00d11113) slli    sp, sp, 13
core   0: 3 0x0000000080006dd8 (0x00d11113) x2  0x0000000000002000
core   0: 0x0000000080006ddc (0x00220233) add     tp, tp, sp
core   0: 3 0x0000000080006ddc (0x00220233) x4  0x000000008000c190
core   0: 0x0000000080006de0 (0xe1823f07) fld     ft10, -488(tp)
core   0: 3 0x0000000080006de0 (0xe1823f07) f30 0x0000000000000001 mem 0x000000008000bfa8
core   0: 0x0000000080006de4 (0x40220233) sub     tp, tp, sp
core   0: 3 0x0000000080006de4 (0x40220233) x4  0x000000008000a190
core   0: 0x0000000080006de8 (0x00000113) li      sp, 0
core   0: 3 0x0000000080006de8 (0x00000113) x2  0x0000000000000000
core   0: 0x0000000080006dec (0x00311073) csrw    fcsr, sp
core   0: 3 0x0000000080006dec (0x00311073) c1_fflags 0x0000000000000000 c2_frm 0x0000000000000000
core   0: 0x0000000080006df0 (0xa3ef9fd3) flt.d   t6, ft11, ft10
core   0: 3 0x0000000080006df0 (0xa3ef9fd3) c1_fflags 0x0000000000000010 x31 0x0000000000000000
core   0: 0x0000000080006df4 (0x003022f3) csrr    t0, fcsr
core   0: 3 0x0000000080006df4 (0x003022f3) x5  0x0000000000000010
core   0: 0x0000000080006df8 (0x5ff0b023) sd      t6, 1504(ra)
core   0: 3 0x0000000080006df8 (0x5ff0b023) mem 0x00000000800110a8 0x0000000000000000
core   0: 0x0000000080006dfc (0x5e50b423) sd      t0, 1512(ra)
core   0: 3 0x0000000080006dfc (0x5e50b423) mem 0x00000000800110b0 0x0000000000000010
core   0: >>>>  inst_506
core   0: 0x0000000080006e00 (0x00100113) li      sp, 1
core   0: 3 0x0000000080006e00 (0x00100113) x2  0x0000000000000001
core   0: 0x0000000080006e04 (0x00d11113) slli    sp, sp, 13
core   0: 3 0x0000000080006e04 (0x00d11113) x2  0x0000000000002000
core   0: 0x0000000080006e08 (0x00220233) add     tp, tp, sp
core   0: 3 0x0000000080006e08 (0x00220233) x4  0x000000008000c190
core   0: 0x0000000080006e0c (0xe2023f87) fld     ft11, -480(tp)
core   0: 3 0x0000000080006e0c (0xe2023f87) f31 0xfff0000000000001 mem 0x000000008000bfb0
core   0: 0x0000000080006e10 (0x40220233) sub     tp, tp, sp
core   0: 3 0x0000000080006e10 (0x40220233) x4  0x000000008000a190
core   0: 0x0000000080006e14 (0x00100113) li      sp, 1
core   0: 3 0x0000000080006e14 (0x00100113) x2  0x0000000000000001
core   0: 0x0000000080006e18 (0x00d11113) slli    sp, sp, 13
core   0: 3 0x0000000080006e18 (0x00d11113) x2  0x0000000000002000
core   0: 0x0000000080006e1c (0x00220233) add     tp, tp, sp
core   0: 3 0x0000000080006e1c (0x00220233) x4  0x000000008000c190
core   0: 0x0000000080006e20 (0xe2823f07) fld     ft10, -472(tp)
core   0: 3 0x0000000080006e20 (0xe2823f07) f30 0x0000000000000002 mem 0x000000008000bfb8
core   0: 0x0000000080006e24 (0x40220233) sub     tp, tp, sp
core   0: 3 0x0000000080006e24 (0x40220233) x4  0x000000008000a190
core   0: 0x0000000080006e28 (0x00000113) li      sp, 0
core   0: 3 0x0000000080006e28 (0x00000113) x2  0x0000000000000000
core   0: 0x0000000080006e2c (0x00311073) csrw    fcsr, sp
core   0: 3 0x0000000080006e2c (0x00311073) c1_fflags 0x0000000000000000 c2_frm 0x0000000000000000
core   0: 0x0000000080006e30 (0xa3ef9fd3) flt.d   t6, ft11, ft10
core   0: 3 0x0000000080006e30 (0xa3ef9fd3) c1_fflags 0x0000000000000010 x31 0x0000000000000000
core   0: 0x0000000080006e34 (0x003022f3) csrr    t0, fcsr
core   0: 3 0x0000000080006e34 (0x003022f3) x5  0x0000000000000010
core   0: 0x0000000080006e38 (0x5ff0b823) sd      t6, 1520(ra)
core   0: 3 0x0000000080006e38 (0x5ff0b823) mem 0x00000000800110b8 0x0000000000000000
core   0: 0x0000000080006e3c (0x5e50bc23) sd      t0, 1528(ra)
core   0: 3 0x0000000080006e3c (0x5e50bc23) mem 0x00000000800110c0 0x0000000000000010
core   0: >>>>  inst_507
core   0: 0x0000000080006e40 (0x00100113) li      sp, 1
core   0: 3 0x0000000080006e40 (0x00100113) x2  0x0000000000000001
core   0: 0x0000000080006e44 (0x00d11113) slli    sp, sp, 13
core   0: 3 0x0000000080006e44 (0x00d11113) x2  0x0000000000002000
core   0: 0x0000000080006e48 (0x00220233) add     tp, tp, sp
core   0: 3 0x0000000080006e48 (0x00220233) x4  0x000000008000c190
core   0: 0x0000000080006e4c (0xe3023f87) fld     ft11, -464(tp)
core   0: 3 0x0000000080006e4c (0xe3023f87) f31 0xfff0000000000001 mem 0x000000008000bfc0
core   0: 0x0000000080006e50 (0x40220233) sub     tp, tp, sp
core   0: 3 0x0000000080006e50 (0x40220233) x4  0x000000008000a190
core   0: 0x0000000080006e54 (0x00100113) li      sp, 1
core   0: 3 0x0000000080006e54 (0x00100113) x2  0x0000000000000001
core   0: 0x0000000080006e58 (0x00d11113) slli    sp, sp, 13
core   0: 3 0x0000000080006e58 (0x00d11113) x2  0x0000000000002000
core   0: 0x0000000080006e5c (0x00220233) add     tp, tp, sp
core   0: 3 0x0000000080006e5c (0x00220233) x4  0x000000008000c190
core   0: 0x0000000080006e60 (0xe3823f07) fld     ft10, -456(tp)
core   0: 3 0x0000000080006e60 (0xe3823f07) f30 0x000fffffffffffff mem 0x000000008000bfc8
core   0: 0x0000000080006e64 (0x40220233) sub     tp, tp, sp
core   0: 3 0x0000000080006e64 (0x40220233) x4  0x000000008000a190
core   0: 0x0000000080006e68 (0x00000113) li      sp, 0
core   0: 3 0x0000000080006e68 (0x00000113) x2  0x0000000000000000
core   0: 0x0000000080006e6c (0x00311073) csrw    fcsr, sp
core   0: 3 0x0000000080006e6c (0x00311073) c1_fflags 0x0000000000000000 c2_frm 0x0000000000000000
core   0: 0x0000000080006e70 (0xa3ef9fd3) flt.d   t6, ft11, ft10
core   0: 3 0x0000000080006e70 (0xa3ef9fd3) c1_fflags 0x0000000000000010 x31 0x0000000000000000
core   0: 0x0000000080006e74 (0x003022f3) csrr    t0, fcsr
core   0: 3 0x0000000080006e74 (0x003022f3) x5  0x0000000000000010
core   0: 0x0000000080006e78 (0x61f0b023) sd      t6, 1536(ra)
core   0: 3 0x0000000080006e78 (0x61f0b023) mem 0x00000000800110c8 0x0000000000000000
core   0: 0x0000000080006e7c (0x6050b423) sd      t0, 1544(ra)
core   0: 3 0x0000000080006e7c (0x6050b423) mem 0x00000000800110d0 0x0000000000000010
core   0: >>>>  inst_508
core   0: 0x0000000080006e80 (0x00100113) li      sp, 1
core   0: 3 0x0000000080006e80 (0x00100113) x2  0x0000000000000001
core   0: 0x0000000080006e84 (0x00d11113) slli    sp, sp, 13
core   0: 3 0x0000000080006e84 (0x00d11113) x2  0x0000000000002000
core   0: 0x0000000080006e88 (0x00220233) add     tp, tp, sp
core   0: 3 0x0000000080006e88 (0x00220233) x4  0x000000008000c190
core   0: 0x0000000080006e8c (0xe4023f87) fld     ft11, -448(tp)
core   0: 3 0x0000000080006e8c (0xe4023f87) f31 0xfff0000000000001 mem 0x000000008000bfd0
core   0: 0x0000000080006e90 (0x40220233) sub     tp, tp, sp
core   0: 3 0x0000000080006e90 (0x40220233) x4  0x000000008000a190
core   0: 0x0000000080006e94 (0x00100113) li      sp, 1
core   0: 3 0x0000000080006e94 (0x00100113) x2  0x0000000000000001
core   0: 0x0000000080006e98 (0x00d11113) slli    sp, sp, 13
core   0: 3 0x0000000080006e98 (0x00d11113) x2  0x0000000000002000
core   0: 0x0000000080006e9c (0x00220233) add     tp, tp, sp
core   0: 3 0x0000000080006e9c (0x00220233) x4  0x000000008000c190
core   0: 0x0000000080006ea0 (0xe4823f07) fld     ft10, -440(tp)
core   0: 3 0x0000000080006ea0 (0xe4823f07) f30 0x0010000000000000 mem 0x000000008000bfd8
core   0: 0x0000000080006ea4 (0x40220233) sub     tp, tp, sp
core   0: 3 0x0000000080006ea4 (0x40220233) x4  0x000000008000a190
core   0: 0x0000000080006ea8 (0x00000113) li      sp, 0
core   0: 3 0x0000000080006ea8 (0x00000113) x2  0x0000000000000000
core   0: 0x0000000080006eac (0x00311073) csrw    fcsr, sp
core   0: 3 0x0000000080006eac (0x00311073) c1_fflags 0x0000000000000000 c2_frm 0x0000000000000000
core   0: 0x0000000080006eb0 (0xa3ef9fd3) flt.d   t6, ft11, ft10
core   0: 3 0x0000000080006eb0 (0xa3ef9fd3) c1_fflags 0x0000000000000010 x31 0x0000000000000000
core   0: 0x0000000080006eb4 (0x003022f3) csrr    t0, fcsr
core   0: 3 0x0000000080006eb4 (0x003022f3) x5  0x0000000000000010
core   0: 0x0000000080006eb8 (0x61f0b823) sd      t6, 1552(ra)
core   0: 3 0x0000000080006eb8 (0x61f0b823) mem 0x00000000800110d8 0x0000000000000000
core   0: 0x0000000080006ebc (0x6050bc23) sd      t0, 1560(ra)
core   0: 3 0x0000000080006ebc (0x6050bc23) mem 0x00000000800110e0 0x0000000000000010
core   0: >>>>  inst_509
core   0: 0x0000000080006ec0 (0x00100113) li      sp, 1
core   0: 3 0x0000000080006ec0 (0x00100113) x2  0x0000000000000001
core   0: 0x0000000080006ec4 (0x00d11113) slli    sp, sp, 13
core   0: 3 0x0000000080006ec4 (0x00d11113) x2  0x0000000000002000
core   0: 0x0000000080006ec8 (0x00220233) add     tp, tp, sp
core   0: 3 0x0000000080006ec8 (0x00220233) x4  0x000000008000c190
core   0: 0x0000000080006ecc (0xe5023f87) fld     ft11, -432(tp)
core   0: 3 0x0000000080006ecc (0xe5023f87) f31 0xfff0000000000001 mem 0x000000008000bfe0
core   0: 0x0000000080006ed0 (0x40220233) sub     tp, tp, sp
core   0: 3 0x0000000080006ed0 (0x40220233) x4  0x000000008000a190
core   0: 0x0000000080006ed4 (0x00100113) li      sp, 1
core   0: 3 0x0000000080006ed4 (0x00100113) x2  0x0000000000000001
core   0: 0x0000000080006ed8 (0x00d11113) slli    sp, sp, 13
core   0: 3 0x0000000080006ed8 (0x00d11113) x2  0x0000000000002000
core   0: 0x0000000080006edc (0x00220233) add     tp, tp, sp
core   0: 3 0x0000000080006edc (0x00220233) x4  0x000000008000c190
core   0: 0x0000000080006ee0 (0xe5823f07) fld     ft10, -424(tp)
core   0: 3 0x0000000080006ee0 (0xe5823f07) f30 0x0010000000000002 mem 0x000000008000bfe8
core   0: 0x0000000080006ee4 (0x40220233) sub     tp, tp, sp
core   0: 3 0x0000000080006ee4 (0x40220233) x4  0x000000008000a190
core   0: 0x0000000080006ee8 (0x00000113) li      sp, 0
core   0: 3 0x0000000080006ee8 (0x00000113) x2  0x0000000000000000
core   0: 0x0000000080006eec (0x00311073) csrw    fcsr, sp
core   0: 3 0x0000000080006eec (0x00311073) c1_fflags 0x0000000000000000 c2_frm 0x0000000000000000
core   0: 0x0000000080006ef0 (0xa3ef9fd3) flt.d   t6, ft11, ft10
core   0: 3 0x0000000080006ef0 (0xa3ef9fd3) c1_fflags 0x0000000000000010 x31 0x0000000000000000
core   0: 0x0000000080006ef4 (0x003022f3) csrr    t0, fcsr
core   0: 3 0x0000000080006ef4 (0x003022f3) x5  0x0000000000000010
core   0: 0x0000000080006ef8 (0x63f0b023) sd      t6, 1568(ra)
core   0: 3 0x0000000080006ef8 (0x63f0b023) mem 0x00000000800110e8 0x0000000000000000
core   0: 0x0000000080006efc (0x6250b423) sd      t0, 1576(ra)
core   0: 3 0x0000000080006efc (0x6250b423) mem 0x00000000800110f0 0x0000000000000010
core   0: >>>>  inst_510
core   0: 0x0000000080006f00 (0x00100113) li      sp, 1
core   0: 3 0x0000000080006f00 (0x00100113) x2  0x0000000000000001
core   0: 0x0000000080006f04 (0x00d11113) slli    sp, sp, 13
core   0: 3 0x0000000080006f04 (0x00d11113) x2  0x0000000000002000
core   0: 0x0000000080006f08 (0x00220233) add     tp, tp, sp
core   0: 3 0x0000000080006f08 (0x00220233) x4  0x000000008000c190
core   0: 0x0000000080006f0c (0xe6023f87) fld     ft11, -416(tp)
core   0: 3 0x0000000080006f0c (0xe6023f87) f31 0xfff0000000000001 mem 0x000000008000bff0
core   0: 0x0000000080006f10 (0x40220233) sub     tp, tp, sp
core   0: 3 0x0000000080006f10 (0x40220233) x4  0x000000008000a190
core   0: 0x0000000080006f14 (0x00100113) li      sp, 1
core   0: 3 0x0000000080006f14 (0x00100113) x2  0x0000000000000001
core   0: 0x0000000080006f18 (0x00d11113) slli    sp, sp, 13
core   0: 3 0x0000000080006f18 (0x00d11113) x2  0x0000000000002000
core   0: 0x0000000080006f1c (0x00220233) add     tp, tp, sp
core   0: 3 0x0000000080006f1c (0x00220233) x4  0x000000008000c190
core   0: 0x0000000080006f20 (0xe6823f07) fld     ft10, -408(tp)
core   0: 3 0x0000000080006f20 (0xe6823f07) f30 0x3ff0000000000000 mem 0x000000008000bff8
core   0: 0x0000000080006f24 (0x40220233) sub     tp, tp, sp
core   0: 3 0x0000000080006f24 (0x40220233) x4  0x000000008000a190
core   0: 0x0000000080006f28 (0x00000113) li      sp, 0
core   0: 3 0x0000000080006f28 (0x00000113) x2  0x0000000000000000
core   0: 0x0000000080006f2c (0x00311073) csrw    fcsr, sp
core   0: 3 0x0000000080006f2c (0x00311073) c1_fflags 0x0000000000000000 c2_frm 0x0000000000000000
core   0: 0x0000000080006f30 (0xa3ef9fd3) flt.d   t6, ft11, ft10
core   0: 3 0x0000000080006f30 (0xa3ef9fd3) c1_fflags 0x0000000000000010 x31 0x0000000000000000
core   0: 0x0000000080006f34 (0x003022f3) csrr    t0, fcsr
core   0: 3 0x0000000080006f34 (0x003022f3) x5  0x0000000000000010
core   0: 0x0000000080006f38 (0x63f0b823) sd      t6, 1584(ra)
core   0: 3 0x0000000080006f38 (0x63f0b823) mem 0x00000000800110f8 0x0000000000000000
core   0: 0x0000000080006f3c (0x6250bc23) sd      t0, 1592(ra)
core   0: 3 0x0000000080006f3c (0x6250bc23) mem 0x0000000080011100 0x0000000000000010
core   0: >>>>  inst_511
core   0: 0x0000000080006f40 (0x00100113) li      sp, 1
core   0: 3 0x0000000080006f40 (0x00100113) x2  0x0000000000000001
core   0: 0x0000000080006f44 (0x00d11113) slli    sp, sp, 13
core   0: 3 0x0000000080006f44 (0x00d11113) x2  0x0000000000002000
core   0: 0x0000000080006f48 (0x00220233) add     tp, tp, sp
core   0: 3 0x0000000080006f48 (0x00220233) x4  0x000000008000c190
core   0: 0x0000000080006f4c (0xe7023f87) fld     ft11, -400(tp)
core   0: 3 0x0000000080006f4c (0xe7023f87) f31 0xfff0000000000001 mem 0x000000008000c000
core   0: 0x0000000080006f50 (0x40220233) sub     tp, tp, sp
core   0: 3 0x0000000080006f50 (0x40220233) x4  0x000000008000a190
core   0: 0x0000000080006f54 (0x00100113) li      sp, 1
core   0: 3 0x0000000080006f54 (0x00100113) x2  0x0000000000000001
core   0: 0x0000000080006f58 (0x00d11113) slli    sp, sp, 13
core   0: 3 0x0000000080006f58 (0x00d11113) x2  0x0000000000002000
core   0: 0x0000000080006f5c (0x00220233) add     tp, tp, sp
core   0: 3 0x0000000080006f5c (0x00220233) x4  0x000000008000c190
core   0: 0x0000000080006f60 (0xe7823f07) fld     ft10, -392(tp)
core   0: 3 0x0000000080006f60 (0xe7823f07) f30 0x7fefffffffffffff mem 0x000000008000c008
core   0: 0x0000000080006f64 (0x40220233) sub     tp, tp, sp
core   0: 3 0x0000000080006f64 (0x40220233) x4  0x000000008000a190
core   0: 0x0000000080006f68 (0x00000113) li      sp, 0
core   0: 3 0x0000000080006f68 (0x00000113) x2  0x0000000000000000
core   0: 0x0000000080006f6c (0x00311073) csrw    fcsr, sp
core   0: 3 0x0000000080006f6c (0x00311073) c1_fflags 0x0000000000000000 c2_frm 0x0000000000000000
core   0: 0x0000000080006f70 (0xa3ef9fd3) flt.d   t6, ft11, ft10
core   0: 3 0x0000000080006f70 (0xa3ef9fd3) c1_fflags 0x0000000000000010 x31 0x0000000000000000
core   0: 0x0000000080006f74 (0x003022f3) csrr    t0, fcsr
core   0: 3 0x0000000080006f74 (0x003022f3) x5  0x0000000000000010
core   0: 0x0000000080006f78 (0x65f0b023) sd      t6, 1600(ra)
core   0: 3 0x0000000080006f78 (0x65f0b023) mem 0x0000000080011108 0x0000000000000000
core   0: 0x0000000080006f7c (0x6450b423) sd      t0, 1608(ra)
core   0: 3 0x0000000080006f7c (0x6450b423) mem 0x0000000080011110 0x0000000000000010
core   0: >>>>  inst_512
core   0: 0x0000000080006f80 (0x00100113) li      sp, 1
core   0: 3 0x0000000080006f80 (0x00100113) x2  0x0000000000000001
core   0: 0x0000000080006f84 (0x00d11113) slli    sp, sp, 13
core   0: 3 0x0000000080006f84 (0x00d11113) x2  0x0000000000002000
core   0: 0x0000000080006f88 (0x00220233) add     tp, tp, sp
core   0: 3 0x0000000080006f88 (0x00220233) x4  0x000000008000c190
core   0: 0x0000000080006f8c (0xe8023f87) fld     ft11, -384(tp)
core   0: 3 0x0000000080006f8c (0xe8023f87) f31 0xfff0000000000001 mem 0x000000008000c010
core   0: 0x0000000080006f90 (0x40220233) sub     tp, tp, sp
core   0: 3 0x0000000080006f90 (0x40220233) x4  0x000000008000a190
core   0: 0x0000000080006f94 (0x00100113) li      sp, 1
core   0: 3 0x0000000080006f94 (0x00100113) x2  0x0000000000000001
core   0: 0x0000000080006f98 (0x00d11113) slli    sp, sp, 13
core   0: 3 0x0000000080006f98 (0x00d11113) x2  0x0000000000002000
core   0: 0x0000000080006f9c (0x00220233) add     tp, tp, sp
core   0: 3 0x0000000080006f9c (0x00220233) x4  0x000000008000c190
core   0: 0x0000000080006fa0 (0xe8823f07) fld     ft10, -376(tp)
core   0: 3 0x0000000080006fa0 (0xe8823f07) f30 0x7ff0000000000000 mem 0x000000008000c018
core   0: 0x0000000080006fa4 (0x40220233) sub     tp, tp, sp
core   0: 3 0x0000000080006fa4 (0x40220233) x4  0x000000008000a190
core   0: 0x0000000080006fa8 (0x00000113) li      sp, 0
core   0: 3 0x0000000080006fa8 (0x00000113) x2  0x0000000000000000
core   0: 0x0000000080006fac (0x00311073) csrw    fcsr, sp
core   0: 3 0x0000000080006fac (0x00311073) c1_fflags 0x0000000000000000 c2_frm 0x0000000000000000
core   0: 0x0000000080006fb0 (0xa3ef9fd3) flt.d   t6, ft11, ft10
core   0: 3 0x0000000080006fb0 (0xa3ef9fd3) c1_fflags 0x0000000000000010 x31 0x0000000000000000
core   0: 0x0000000080006fb4 (0x003022f3) csrr    t0, fcsr
core   0: 3 0x0000000080006fb4 (0x003022f3) x5  0x0000000000000010
core   0: 0x0000000080006fb8 (0x65f0b823) sd      t6, 1616(ra)
core   0: 3 0x0000000080006fb8 (0x65f0b823) mem 0x0000000080011118 0x0000000000000000
core   0: 0x0000000080006fbc (0x6450bc23) sd      t0, 1624(ra)
core   0: 3 0x0000000080006fbc (0x6450bc23) mem 0x0000000080011120 0x0000000000000010
core   0: >>>>  inst_513
core   0: 0x0000000080006fc0 (0x00100113) li      sp, 1
core   0: 3 0x0000000080006fc0 (0x00100113) x2  0x0000000000000001
core   0: 0x0000000080006fc4 (0x00d11113) slli    sp, sp, 13
core   0: 3 0x0000000080006fc4 (0x00d11113) x2  0x0000000000002000
core   0: 0x0000000080006fc8 (0x00220233) add     tp, tp, sp
core   0: 3 0x0000000080006fc8 (0x00220233) x4  0x000000008000c190
core   0: 0x0000000080006fcc (0xe9023f87) fld     ft11, -368(tp)
core   0: 3 0x0000000080006fcc (0xe9023f87) f31 0xfff0000000000001 mem 0x000000008000c020
core   0: 0x0000000080006fd0 (0x40220233) sub     tp, tp, sp
core   0: 3 0x0000000080006fd0 (0x40220233) x4  0x000000008000a190
core   0: 0x0000000080006fd4 (0x00100113) li      sp, 1
core   0: 3 0x0000000080006fd4 (0x00100113) x2  0x0000000000000001
core   0: 0x0000000080006fd8 (0x00d11113) slli    sp, sp, 13
core   0: 3 0x0000000080006fd8 (0x00d11113) x2  0x0000000000002000
core   0: 0x0000000080006fdc (0x00220233) add     tp, tp, sp
core   0: 3 0x0000000080006fdc (0x00220233) x4  0x000000008000c190
core   0: 0x0000000080006fe0 (0xe9823f07) fld     ft10, -360(tp)
core   0: 3 0x0000000080006fe0 (0xe9823f07) f30 0x7ff0000000000001 mem 0x000000008000c028
core   0: 0x0000000080006fe4 (0x40220233) sub     tp, tp, sp
core   0: 3 0x0000000080006fe4 (0x40220233) x4  0x000000008000a190
core   0: 0x0000000080006fe8 (0x00000113) li      sp, 0
core   0: 3 0x0000000080006fe8 (0x00000113) x2  0x0000000000000000
core   0: 0x0000000080006fec (0x00311073) csrw    fcsr, sp
core   0: 3 0x0000000080006fec (0x00311073) c1_fflags 0x0000000000000000 c2_frm 0x0000000000000000
core   0: 0x0000000080006ff0 (0xa3ef9fd3) flt.d   t6, ft11, ft10
core   0: 3 0x0000000080006ff0 (0xa3ef9fd3) c1_fflags 0x0000000000000010 x31 0x0000000000000000
core   0: 0x0000000080006ff4 (0x003022f3) csrr    t0, fcsr
core   0: 3 0x0000000080006ff4 (0x003022f3) x5  0x0000000000000010
core   0: 0x0000000080006ff8 (0x67f0b023) sd      t6, 1632(ra)
core   0: 3 0x0000000080006ff8 (0x67f0b023) mem 0x0000000080011128 0x0000000000000000
core   0: 0x0000000080006ffc (0x6650b423) sd      t0, 1640(ra)
core   0: 3 0x0000000080006ffc (0x6650b423) mem 0x0000000080011130 0x0000000000000010
core   0: >>>>  inst_514
core   0: 0x0000000080007000 (0x00100113) li      sp, 1
core   0: 3 0x0000000080007000 (0x00100113) x2  0x0000000000000001
core   0: 0x0000000080007004 (0x00d11113) slli    sp, sp, 13
core   0: 3 0x0000000080007004 (0x00d11113) x2  0x0000000000002000
core   0: 0x0000000080007008 (0x00220233) add     tp, tp, sp
core   0: 3 0x0000000080007008 (0x00220233) x4  0x000000008000c190
core   0: 0x000000008000700c (0xea023f87) fld     ft11, -352(tp)
core   0: 3 0x000000008000700c (0xea023f87) f31 0xfff0000000000001 mem 0x000000008000c030
core   0: 0x0000000080007010 (0x40220233) sub     tp, tp, sp
core   0: 3 0x0000000080007010 (0x40220233) x4  0x000000008000a190
core   0: 0x0000000080007014 (0x00100113) li      sp, 1
core   0: 3 0x0000000080007014 (0x00100113) x2  0x0000000000000001
core   0: 0x0000000080007018 (0x00d11113) slli    sp, sp, 13
core   0: 3 0x0000000080007018 (0x00d11113) x2  0x0000000000002000
core   0: 0x000000008000701c (0x00220233) add     tp, tp, sp
core   0: 3 0x000000008000701c (0x00220233) x4  0x000000008000c190
core   0: 0x0000000080007020 (0xea823f07) fld     ft10, -344(tp)
core   0: 3 0x0000000080007020 (0xea823f07) f30 0x7ff8000000000000 mem 0x000000008000c038
core   0: 0x0000000080007024 (0x40220233) sub     tp, tp, sp
core   0: 3 0x0000000080007024 (0x40220233) x4  0x000000008000a190
core   0: 0x0000000080007028 (0x00000113) li      sp, 0
core   0: 3 0x0000000080007028 (0x00000113) x2  0x0000000000000000
core   0: 0x000000008000702c (0x00311073) csrw    fcsr, sp
core   0: 3 0x000000008000702c (0x00311073) c1_fflags 0x0000000000000000 c2_frm 0x0000000000000000
core   0: 0x0000000080007030 (0xa3ef9fd3) flt.d   t6, ft11, ft10
core   0: 3 0x0000000080007030 (0xa3ef9fd3) c1_fflags 0x0000000000000010 x31 0x0000000000000000
core   0: 0x0000000080007034 (0x003022f3) csrr    t0, fcsr
core   0: 3 0x0000000080007034 (0x003022f3) x5  0x0000000000000010
core   0: 0x0000000080007038 (0x67f0b823) sd      t6, 1648(ra)
core   0: 3 0x0000000080007038 (0x67f0b823) mem 0x0000000080011138 0x0000000000000000
core   0: 0x000000008000703c (0x6650bc23) sd      t0, 1656(ra)
core   0: 3 0x000000008000703c (0x6650bc23) mem 0x0000000080011140 0x0000000000000010
core   0: >>>>  inst_515
core   0: 0x0000000080007040 (0x00100113) li      sp, 1
core   0: 3 0x0000000080007040 (0x00100113) x2  0x0000000000000001
core   0: 0x0000000080007044 (0x00d11113) slli    sp, sp, 13
core   0: 3 0x0000000080007044 (0x00d11113) x2  0x0000000000002000
core   0: 0x0000000080007048 (0x00220233) add     tp, tp, sp
core   0: 3 0x0000000080007048 (0x00220233) x4  0x000000008000c190
core   0: 0x000000008000704c (0xeb023f87) fld     ft11, -336(tp)
core   0: 3 0x000000008000704c (0xeb023f87) f31 0xfff0000000000001 mem 0x000000008000c040
core   0: 0x0000000080007050 (0x40220233) sub     tp, tp, sp
core   0: 3 0x0000000080007050 (0x40220233) x4  0x000000008000a190
core   0: 0x0000000080007054 (0x00100113) li      sp, 1
core   0: 3 0x0000000080007054 (0x00100113) x2  0x0000000000000001
core   0: 0x0000000080007058 (0x00d11113) slli    sp, sp, 13
core   0: 3 0x0000000080007058 (0x00d11113) x2  0x0000000000002000
core   0: 0x000000008000705c (0x00220233) add     tp, tp, sp
core   0: 3 0x000000008000705c (0x00220233) x4  0x000000008000c190
core   0: 0x0000000080007060 (0xeb823f07) fld     ft10, -328(tp)
core   0: 3 0x0000000080007060 (0xeb823f07) f30 0x7ff8000000000001 mem 0x000000008000c048
core   0: 0x0000000080007064 (0x40220233) sub     tp, tp, sp
core   0: 3 0x0000000080007064 (0x40220233) x4  0x000000008000a190
core   0: 0x0000000080007068 (0x00000113) li      sp, 0
core   0: 3 0x0000000080007068 (0x00000113) x2  0x0000000000000000
core   0: 0x000000008000706c (0x00311073) csrw    fcsr, sp
core   0: 3 0x000000008000706c (0x00311073) c1_fflags 0x0000000000000000 c2_frm 0x0000000000000000
core   0: 0x0000000080007070 (0xa3ef9fd3) flt.d   t6, ft11, ft10
core   0: 3 0x0000000080007070 (0xa3ef9fd3) c1_fflags 0x0000000000000010 x31 0x0000000000000000
core   0: 0x0000000080007074 (0x003022f3) csrr    t0, fcsr
core   0: 3 0x0000000080007074 (0x003022f3) x5  0x0000000000000010
core   0: 0x0000000080007078 (0x69f0b023) sd      t6, 1664(ra)
core   0: 3 0x0000000080007078 (0x69f0b023) mem 0x0000000080011148 0x0000000000000000
core   0: 0x000000008000707c (0x6850b423) sd      t0, 1672(ra)
core   0: 3 0x000000008000707c (0x6850b423) mem 0x0000000080011150 0x0000000000000010
core   0: >>>>  inst_516
core   0: 0x0000000080007080 (0x00100113) li      sp, 1
core   0: 3 0x0000000080007080 (0x00100113) x2  0x0000000000000001
core   0: 0x0000000080007084 (0x00d11113) slli    sp, sp, 13
core   0: 3 0x0000000080007084 (0x00d11113) x2  0x0000000000002000
core   0: 0x0000000080007088 (0x00220233) add     tp, tp, sp
core   0: 3 0x0000000080007088 (0x00220233) x4  0x000000008000c190
core   0: 0x000000008000708c (0xec023f87) fld     ft11, -320(tp)
core   0: 3 0x000000008000708c (0xec023f87) f31 0xfff0000000000001 mem 0x000000008000c050
core   0: 0x0000000080007090 (0x40220233) sub     tp, tp, sp
core   0: 3 0x0000000080007090 (0x40220233) x4  0x000000008000a190
core   0: 0x0000000080007094 (0x00100113) li      sp, 1
core   0: 3 0x0000000080007094 (0x00100113) x2  0x0000000000000001
core   0: 0x0000000080007098 (0x00d11113) slli    sp, sp, 13
core   0: 3 0x0000000080007098 (0x00d11113) x2  0x0000000000002000
core   0: 0x000000008000709c (0x00220233) add     tp, tp, sp
core   0: 3 0x000000008000709c (0x00220233) x4  0x000000008000c190
core   0: 0x00000000800070a0 (0xec823f07) fld     ft10, -312(tp)
core   0: 3 0x00000000800070a0 (0xec823f07) f30 0x8000000000000000 mem 0x000000008000c058
core   0: 0x00000000800070a4 (0x40220233) sub     tp, tp, sp
core   0: 3 0x00000000800070a4 (0x40220233) x4  0x000000008000a190
core   0: 0x00000000800070a8 (0x00000113) li      sp, 0
core   0: 3 0x00000000800070a8 (0x00000113) x2  0x0000000000000000
core   0: 0x00000000800070ac (0x00311073) csrw    fcsr, sp
core   0: 3 0x00000000800070ac (0x00311073) c1_fflags 0x0000000000000000 c2_frm 0x0000000000000000
core   0: 0x00000000800070b0 (0xa3ef9fd3) flt.d   t6, ft11, ft10
core   0: 3 0x00000000800070b0 (0xa3ef9fd3) c1_fflags 0x0000000000000010 x31 0x0000000000000000
core   0: 0x00000000800070b4 (0x003022f3) csrr    t0, fcsr
core   0: 3 0x00000000800070b4 (0x003022f3) x5  0x0000000000000010
core   0: 0x00000000800070b8 (0x69f0b823) sd      t6, 1680(ra)
core   0: 3 0x00000000800070b8 (0x69f0b823) mem 0x0000000080011158 0x0000000000000000
core   0: 0x00000000800070bc (0x6850bc23) sd      t0, 1688(ra)
core   0: 3 0x00000000800070bc (0x6850bc23) mem 0x0000000080011160 0x0000000000000010
core   0: >>>>  inst_517
core   0: 0x00000000800070c0 (0x00100113) li      sp, 1
core   0: 3 0x00000000800070c0 (0x00100113) x2  0x0000000000000001
core   0: 0x00000000800070c4 (0x00d11113) slli    sp, sp, 13
core   0: 3 0x00000000800070c4 (0x00d11113) x2  0x0000000000002000
core   0: 0x00000000800070c8 (0x00220233) add     tp, tp, sp
core   0: 3 0x00000000800070c8 (0x00220233) x4  0x000000008000c190
core   0: 0x00000000800070cc (0xed023f87) fld     ft11, -304(tp)
core   0: 3 0x00000000800070cc (0xed023f87) f31 0xfff0000000000001 mem 0x000000008000c060
core   0: 0x00000000800070d0 (0x40220233) sub     tp, tp, sp
core   0: 3 0x00000000800070d0 (0x40220233) x4  0x000000008000a190
core   0: 0x00000000800070d4 (0x00100113) li      sp, 1
core   0: 3 0x00000000800070d4 (0x00100113) x2  0x0000000000000001
core   0: 0x00000000800070d8 (0x00d11113) slli    sp, sp, 13
core   0: 3 0x00000000800070d8 (0x00d11113) x2  0x0000000000002000
core   0: 0x00000000800070dc (0x00220233) add     tp, tp, sp
core   0: 3 0x00000000800070dc (0x00220233) x4  0x000000008000c190
core   0: 0x00000000800070e0 (0xed823f07) fld     ft10, -296(tp)
core   0: 3 0x00000000800070e0 (0xed823f07) f30 0x8000000000000001 mem 0x000000008000c068
core   0: 0x00000000800070e4 (0x40220233) sub     tp, tp, sp
core   0: 3 0x00000000800070e4 (0x40220233) x4  0x000000008000a190
core   0: 0x00000000800070e8 (0x00000113) li      sp, 0
core   0: 3 0x00000000800070e8 (0x00000113) x2  0x0000000000000000
core   0: 0x00000000800070ec (0x00311073) csrw    fcsr, sp
core   0: 3 0x00000000800070ec (0x00311073) c1_fflags 0x0000000000000000 c2_frm 0x0000000000000000
core   0: 0x00000000800070f0 (0xa3ef9fd3) flt.d   t6, ft11, ft10
core   0: 3 0x00000000800070f0 (0xa3ef9fd3) c1_fflags 0x0000000000000010 x31 0x0000000000000000
core   0: 0x00000000800070f4 (0x003022f3) csrr    t0, fcsr
core   0: 3 0x00000000800070f4 (0x003022f3) x5  0x0000000000000010
core   0: 0x00000000800070f8 (0x6bf0b023) sd      t6, 1696(ra)
core   0: 3 0x00000000800070f8 (0x6bf0b023) mem 0x0000000080011168 0x0000000000000000
core   0: 0x00000000800070fc (0x6a50b423) sd      t0, 1704(ra)
core   0: 3 0x00000000800070fc (0x6a50b423) mem 0x0000000080011170 0x0000000000000010
core   0: >>>>  inst_518
core   0: 0x0000000080007100 (0x00100113) li      sp, 1
core   0: 3 0x0000000080007100 (0x00100113) x2  0x0000000000000001
core   0: 0x0000000080007104 (0x00d11113) slli    sp, sp, 13
core   0: 3 0x0000000080007104 (0x00d11113) x2  0x0000000000002000
core   0: 0x0000000080007108 (0x00220233) add     tp, tp, sp
core   0: 3 0x0000000080007108 (0x00220233) x4  0x000000008000c190
core   0: 0x000000008000710c (0xee023f87) fld     ft11, -288(tp)
core   0: 3 0x000000008000710c (0xee023f87) f31 0xfff0000000000001 mem 0x000000008000c070
core   0: 0x0000000080007110 (0x40220233) sub     tp, tp, sp
core   0: 3 0x0000000080007110 (0x40220233) x4  0x000000008000a190
core   0: 0x0000000080007114 (0x00100113) li      sp, 1
core   0: 3 0x0000000080007114 (0x00100113) x2  0x0000000000000001
core   0: 0x0000000080007118 (0x00d11113) slli    sp, sp, 13
core   0: 3 0x0000000080007118 (0x00d11113) x2  0x0000000000002000
core   0: 0x000000008000711c (0x00220233) add     tp, tp, sp
core   0: 3 0x000000008000711c (0x00220233) x4  0x000000008000c190
core   0: 0x0000000080007120 (0xee823f07) fld     ft10, -280(tp)
core   0: 3 0x0000000080007120 (0xee823f07) f30 0x8000000000000002 mem 0x000000008000c078
core   0: 0x0000000080007124 (0x40220233) sub     tp, tp, sp
core   0: 3 0x0000000080007124 (0x40220233) x4  0x000000008000a190
core   0: 0x0000000080007128 (0x00000113) li      sp, 0
core   0: 3 0x0000000080007128 (0x00000113) x2  0x0000000000000000
core   0: 0x000000008000712c (0x00311073) csrw    fcsr, sp
core   0: 3 0x000000008000712c (0x00311073) c1_fflags 0x0000000000000000 c2_frm 0x0000000000000000
core   0: 0x0000000080007130 (0xa3ef9fd3) flt.d   t6, ft11, ft10
core   0: 3 0x0000000080007130 (0xa3ef9fd3) c1_fflags 0x0000000000000010 x31 0x0000000000000000
core   0: 0x0000000080007134 (0x003022f3) csrr    t0, fcsr
core   0: 3 0x0000000080007134 (0x003022f3) x5  0x0000000000000010
core   0: 0x0000000080007138 (0x6bf0b823) sd      t6, 1712(ra)
core   0: 3 0x0000000080007138 (0x6bf0b823) mem 0x0000000080011178 0x0000000000000000
core   0: 0x000000008000713c (0x6a50bc23) sd      t0, 1720(ra)
core   0: 3 0x000000008000713c (0x6a50bc23) mem 0x0000000080011180 0x0000000000000010
core   0: >>>>  inst_519
core   0: 0x0000000080007140 (0x00100113) li      sp, 1
core   0: 3 0x0000000080007140 (0x00100113) x2  0x0000000000000001
core   0: 0x0000000080007144 (0x00d11113) slli    sp, sp, 13
core   0: 3 0x0000000080007144 (0x00d11113) x2  0x0000000000002000
core   0: 0x0000000080007148 (0x00220233) add     tp, tp, sp
core   0: 3 0x0000000080007148 (0x00220233) x4  0x000000008000c190
core   0: 0x000000008000714c (0xef023f87) fld     ft11, -272(tp)
core   0: 3 0x000000008000714c (0xef023f87) f31 0xfff0000000000001 mem 0x000000008000c080
core   0: 0x0000000080007150 (0x40220233) sub     tp, tp, sp
core   0: 3 0x0000000080007150 (0x40220233) x4  0x000000008000a190
core   0: 0x0000000080007154 (0x00100113) li      sp, 1
core   0: 3 0x0000000080007154 (0x00100113) x2  0x0000000000000001
core   0: 0x0000000080007158 (0x00d11113) slli    sp, sp, 13
core   0: 3 0x0000000080007158 (0x00d11113) x2  0x0000000000002000
core   0: 0x000000008000715c (0x00220233) add     tp, tp, sp
core   0: 3 0x000000008000715c (0x00220233) x4  0x000000008000c190
core   0: 0x0000000080007160 (0xef823f07) fld     ft10, -264(tp)
core   0: 3 0x0000000080007160 (0xef823f07) f30 0x800fffffffffffff mem 0x000000008000c088
core   0: 0x0000000080007164 (0x40220233) sub     tp, tp, sp
core   0: 3 0x0000000080007164 (0x40220233) x4  0x000000008000a190
core   0: 0x0000000080007168 (0x00000113) li      sp, 0
core   0: 3 0x0000000080007168 (0x00000113) x2  0x0000000000000000
core   0: 0x000000008000716c (0x00311073) csrw    fcsr, sp
core   0: 3 0x000000008000716c (0x00311073) c1_fflags 0x0000000000000000 c2_frm 0x0000000000000000
core   0: 0x0000000080007170 (0xa3ef9fd3) flt.d   t6, ft11, ft10
core   0: 3 0x0000000080007170 (0xa3ef9fd3) c1_fflags 0x0000000000000010 x31 0x0000000000000000
core   0: 0x0000000080007174 (0x003022f3) csrr    t0, fcsr
core   0: 3 0x0000000080007174 (0x003022f3) x5  0x0000000000000010
core   0: 0x0000000080007178 (0x6df0b023) sd      t6, 1728(ra)
core   0: 3 0x0000000080007178 (0x6df0b023) mem 0x0000000080011188 0x0000000000000000
core   0: 0x000000008000717c (0x6c50b423) sd      t0, 1736(ra)
core   0: 3 0x000000008000717c (0x6c50b423) mem 0x0000000080011190 0x0000000000000010
core   0: >>>>  inst_520
core   0: 0x0000000080007180 (0x00100113) li      sp, 1
core   0: 3 0x0000000080007180 (0x00100113) x2  0x0000000000000001
core   0: 0x0000000080007184 (0x00d11113) slli    sp, sp, 13
core   0: 3 0x0000000080007184 (0x00d11113) x2  0x0000000000002000
core   0: 0x0000000080007188 (0x00220233) add     tp, tp, sp
core   0: 3 0x0000000080007188 (0x00220233) x4  0x000000008000c190
core   0: 0x000000008000718c (0xf0023f87) fld     ft11, -256(tp)
core   0: 3 0x000000008000718c (0xf0023f87) f31 0xfff0000000000001 mem 0x000000008000c090
core   0: 0x0000000080007190 (0x40220233) sub     tp, tp, sp
core   0: 3 0x0000000080007190 (0x40220233) x4  0x000000008000a190
core   0: 0x0000000080007194 (0x00100113) li      sp, 1
core   0: 3 0x0000000080007194 (0x00100113) x2  0x0000000000000001
core   0: 0x0000000080007198 (0x00d11113) slli    sp, sp, 13
core   0: 3 0x0000000080007198 (0x00d11113) x2  0x0000000000002000
core   0: 0x000000008000719c (0x00220233) add     tp, tp, sp
core   0: 3 0x000000008000719c (0x00220233) x4  0x000000008000c190
core   0: 0x00000000800071a0 (0xf0823f07) fld     ft10, -248(tp)
core   0: 3 0x00000000800071a0 (0xf0823f07) f30 0x8010000000000000 mem 0x000000008000c098
core   0: 0x00000000800071a4 (0x40220233) sub     tp, tp, sp
core   0: 3 0x00000000800071a4 (0x40220233) x4  0x000000008000a190
core   0: 0x00000000800071a8 (0x00000113) li      sp, 0
core   0: 3 0x00000000800071a8 (0x00000113) x2  0x0000000000000000
core   0: 0x00000000800071ac (0x00311073) csrw    fcsr, sp
core   0: 3 0x00000000800071ac (0x00311073) c1_fflags 0x0000000000000000 c2_frm 0x0000000000000000
core   0: 0x00000000800071b0 (0xa3ef9fd3) flt.d   t6, ft11, ft10
core   0: 3 0x00000000800071b0 (0xa3ef9fd3) c1_fflags 0x0000000000000010 x31 0x0000000000000000
core   0: 0x00000000800071b4 (0x003022f3) csrr    t0, fcsr
core   0: 3 0x00000000800071b4 (0x003022f3) x5  0x0000000000000010
core   0: 0x00000000800071b8 (0x6df0b823) sd      t6, 1744(ra)
core   0: 3 0x00000000800071b8 (0x6df0b823) mem 0x0000000080011198 0x0000000000000000
core   0: 0x00000000800071bc (0x6c50bc23) sd      t0, 1752(ra)
core   0: 3 0x00000000800071bc (0x6c50bc23) mem 0x00000000800111a0 0x0000000000000010
core   0: >>>>  inst_521
core   0: 0x00000000800071c0 (0x00100113) li      sp, 1
core   0: 3 0x00000000800071c0 (0x00100113) x2  0x0000000000000001
core   0: 0x00000000800071c4 (0x00d11113) slli    sp, sp, 13
core   0: 3 0x00000000800071c4 (0x00d11113) x2  0x0000000000002000
core   0: 0x00000000800071c8 (0x00220233) add     tp, tp, sp
core   0: 3 0x00000000800071c8 (0x00220233) x4  0x000000008000c190
core   0: 0x00000000800071cc (0xf1023f87) fld     ft11, -240(tp)
core   0: 3 0x00000000800071cc (0xf1023f87) f31 0xfff0000000000001 mem 0x000000008000c0a0
core   0: 0x00000000800071d0 (0x40220233) sub     tp, tp, sp
core   0: 3 0x00000000800071d0 (0x40220233) x4  0x000000008000a190
core   0: 0x00000000800071d4 (0x00100113) li      sp, 1
core   0: 3 0x00000000800071d4 (0x00100113) x2  0x0000000000000001
core   0: 0x00000000800071d8 (0x00d11113) slli    sp, sp, 13
core   0: 3 0x00000000800071d8 (0x00d11113) x2  0x0000000000002000
core   0: 0x00000000800071dc (0x00220233) add     tp, tp, sp
core   0: 3 0x00000000800071dc (0x00220233) x4  0x000000008000c190
core   0: 0x00000000800071e0 (0xf1823f07) fld     ft10, -232(tp)
core   0: 3 0x00000000800071e0 (0xf1823f07) f30 0x8010000000000002 mem 0x000000008000c0a8
core   0: 0x00000000800071e4 (0x40220233) sub     tp, tp, sp
core   0: 3 0x00000000800071e4 (0x40220233) x4  0x000000008000a190
core   0: 0x00000000800071e8 (0x00000113) li      sp, 0
core   0: 3 0x00000000800071e8 (0x00000113) x2  0x0000000000000000
core   0: 0x00000000800071ec (0x00311073) csrw    fcsr, sp
core   0: 3 0x00000000800071ec (0x00311073) c1_fflags 0x0000000000000000 c2_frm 0x0000000000000000
core   0: 0x00000000800071f0 (0xa3ef9fd3) flt.d   t6, ft11, ft10
core   0: 3 0x00000000800071f0 (0xa3ef9fd3) c1_fflags 0x0000000000000010 x31 0x0000000000000000
core   0: 0x00000000800071f4 (0x003022f3) csrr    t0, fcsr
core   0: 3 0x00000000800071f4 (0x003022f3) x5  0x0000000000000010
core   0: 0x00000000800071f8 (0x6ff0b023) sd      t6, 1760(ra)
core   0: 3 0x00000000800071f8 (0x6ff0b023) mem 0x00000000800111a8 0x0000000000000000
core   0: 0x00000000800071fc (0x6e50b423) sd      t0, 1768(ra)
core   0: 3 0x00000000800071fc (0x6e50b423) mem 0x00000000800111b0 0x0000000000000010
core   0: >>>>  inst_522
core   0: 0x0000000080007200 (0x00100113) li      sp, 1
core   0: 3 0x0000000080007200 (0x00100113) x2  0x0000000000000001
core   0: 0x0000000080007204 (0x00d11113) slli    sp, sp, 13
core   0: 3 0x0000000080007204 (0x00d11113) x2  0x0000000000002000
core   0: 0x0000000080007208 (0x00220233) add     tp, tp, sp
core   0: 3 0x0000000080007208 (0x00220233) x4  0x000000008000c190
core   0: 0x000000008000720c (0xf2023f87) fld     ft11, -224(tp)
core   0: 3 0x000000008000720c (0xf2023f87) f31 0xfff0000000000001 mem 0x000000008000c0b0
core   0: 0x0000000080007210 (0x40220233) sub     tp, tp, sp
core   0: 3 0x0000000080007210 (0x40220233) x4  0x000000008000a190
core   0: 0x0000000080007214 (0x00100113) li      sp, 1
core   0: 3 0x0000000080007214 (0x00100113) x2  0x0000000000000001
core   0: 0x0000000080007218 (0x00d11113) slli    sp, sp, 13
core   0: 3 0x0000000080007218 (0x00d11113) x2  0x0000000000002000
core   0: 0x000000008000721c (0x00220233) add     tp, tp, sp
core   0: 3 0x000000008000721c (0x00220233) x4  0x000000008000c190
core   0: 0x0000000080007220 (0xf2823f07) fld     ft10, -216(tp)
core   0: 3 0x0000000080007220 (0xf2823f07) f30 0xbf80000000000000 mem 0x000000008000c0b8
core   0: 0x0000000080007224 (0x40220233) sub     tp, tp, sp
core   0: 3 0x0000000080007224 (0x40220233) x4  0x000000008000a190
core   0: 0x0000000080007228 (0x00000113) li      sp, 0
core   0: 3 0x0000000080007228 (0x00000113) x2  0x0000000000000000
core   0: 0x000000008000722c (0x00311073) csrw    fcsr, sp
core   0: 3 0x000000008000722c (0x00311073) c1_fflags 0x0000000000000000 c2_frm 0x0000000000000000
core   0: 0x0000000080007230 (0xa3ef9fd3) flt.d   t6, ft11, ft10
core   0: 3 0x0000000080007230 (0xa3ef9fd3) c1_fflags 0x0000000000000010 x31 0x0000000000000000
core   0: 0x0000000080007234 (0x003022f3) csrr    t0, fcsr
core   0: 3 0x0000000080007234 (0x003022f3) x5  0x0000000000000010
core   0: 0x0000000080007238 (0x6ff0b823) sd      t6, 1776(ra)
core   0: 3 0x0000000080007238 (0x6ff0b823) mem 0x00000000800111b8 0x0000000000000000
core   0: 0x000000008000723c (0x6e50bc23) sd      t0, 1784(ra)
core   0: 3 0x000000008000723c (0x6e50bc23) mem 0x00000000800111c0 0x0000000000000010
core   0: >>>>  inst_523
core   0: 0x0000000080007240 (0x00100113) li      sp, 1
core   0: 3 0x0000000080007240 (0x00100113) x2  0x0000000000000001
core   0: 0x0000000080007244 (0x00d11113) slli    sp, sp, 13
core   0: 3 0x0000000080007244 (0x00d11113) x2  0x0000000000002000
core   0: 0x0000000080007248 (0x00220233) add     tp, tp, sp
core   0: 3 0x0000000080007248 (0x00220233) x4  0x000000008000c190
core   0: 0x000000008000724c (0xf3023f87) fld     ft11, -208(tp)
core   0: 3 0x000000008000724c (0xf3023f87) f31 0xfff0000000000001 mem 0x000000008000c0c0
core   0: 0x0000000080007250 (0x40220233) sub     tp, tp, sp
core   0: 3 0x0000000080007250 (0x40220233) x4  0x000000008000a190
core   0: 0x0000000080007254 (0x00100113) li      sp, 1
core   0: 3 0x0000000080007254 (0x00100113) x2  0x0000000000000001
core   0: 0x0000000080007258 (0x00d11113) slli    sp, sp, 13
core   0: 3 0x0000000080007258 (0x00d11113) x2  0x0000000000002000
core   0: 0x000000008000725c (0x00220233) add     tp, tp, sp
core   0: 3 0x000000008000725c (0x00220233) x4  0x000000008000c190
core   0: 0x0000000080007260 (0xf3823f07) fld     ft10, -200(tp)
core   0: 3 0x0000000080007260 (0xf3823f07) f30 0xffefffffffffffff mem 0x000000008000c0c8
core   0: 0x0000000080007264 (0x40220233) sub     tp, tp, sp
core   0: 3 0x0000000080007264 (0x40220233) x4  0x000000008000a190
core   0: 0x0000000080007268 (0x00000113) li      sp, 0
core   0: 3 0x0000000080007268 (0x00000113) x2  0x0000000000000000
core   0: 0x000000008000726c (0x00311073) csrw    fcsr, sp
core   0: 3 0x000000008000726c (0x00311073) c1_fflags 0x0000000000000000 c2_frm 0x0000000000000000
core   0: 0x0000000080007270 (0xa3ef9fd3) flt.d   t6, ft11, ft10
core   0: 3 0x0000000080007270 (0xa3ef9fd3) c1_fflags 0x0000000000000010 x31 0x0000000000000000
core   0: 0x0000000080007274 (0x003022f3) csrr    t0, fcsr
core   0: 3 0x0000000080007274 (0x003022f3) x5  0x0000000000000010
core   0: 0x0000000080007278 (0x71f0b023) sd      t6, 1792(ra)
core   0: 3 0x0000000080007278 (0x71f0b023) mem 0x00000000800111c8 0x0000000000000000
core   0: 0x000000008000727c (0x7050b423) sd      t0, 1800(ra)
core   0: 3 0x000000008000727c (0x7050b423) mem 0x00000000800111d0 0x0000000000000010
core   0: >>>>  inst_524
core   0: 0x0000000080007280 (0x00100113) li      sp, 1
core   0: 3 0x0000000080007280 (0x00100113) x2  0x0000000000000001
core   0: 0x0000000080007284 (0x00d11113) slli    sp, sp, 13
core   0: 3 0x0000000080007284 (0x00d11113) x2  0x0000000000002000
core   0: 0x0000000080007288 (0x00220233) add     tp, tp, sp
core   0: 3 0x0000000080007288 (0x00220233) x4  0x000000008000c190
core   0: 0x000000008000728c (0xf4023f87) fld     ft11, -192(tp)
core   0: 3 0x000000008000728c (0xf4023f87) f31 0xfff0000000000001 mem 0x000000008000c0d0
core   0: 0x0000000080007290 (0x40220233) sub     tp, tp, sp
core   0: 3 0x0000000080007290 (0x40220233) x4  0x000000008000a190
core   0: 0x0000000080007294 (0x00100113) li      sp, 1
core   0: 3 0x0000000080007294 (0x00100113) x2  0x0000000000000001
core   0: 0x0000000080007298 (0x00d11113) slli    sp, sp, 13
core   0: 3 0x0000000080007298 (0x00d11113) x2  0x0000000000002000
core   0: 0x000000008000729c (0x00220233) add     tp, tp, sp
core   0: 3 0x000000008000729c (0x00220233) x4  0x000000008000c190
core   0: 0x00000000800072a0 (0xf4823f07) fld     ft10, -184(tp)
core   0: 3 0x00000000800072a0 (0xf4823f07) f30 0xfff0000000000000 mem 0x000000008000c0d8
core   0: 0x00000000800072a4 (0x40220233) sub     tp, tp, sp
core   0: 3 0x00000000800072a4 (0x40220233) x4  0x000000008000a190
core   0: 0x00000000800072a8 (0x00000113) li      sp, 0
core   0: 3 0x00000000800072a8 (0x00000113) x2  0x0000000000000000
core   0: 0x00000000800072ac (0x00311073) csrw    fcsr, sp
core   0: 3 0x00000000800072ac (0x00311073) c1_fflags 0x0000000000000000 c2_frm 0x0000000000000000
core   0: 0x00000000800072b0 (0xa3ef9fd3) flt.d   t6, ft11, ft10
core   0: 3 0x00000000800072b0 (0xa3ef9fd3) c1_fflags 0x0000000000000010 x31 0x0000000000000000
core   0: 0x00000000800072b4 (0x003022f3) csrr    t0, fcsr
core   0: 3 0x00000000800072b4 (0x003022f3) x5  0x0000000000000010
core   0: 0x00000000800072b8 (0x71f0b823) sd      t6, 1808(ra)
core   0: 3 0x00000000800072b8 (0x71f0b823) mem 0x00000000800111d8 0x0000000000000000
core   0: 0x00000000800072bc (0x7050bc23) sd      t0, 1816(ra)
core   0: 3 0x00000000800072bc (0x7050bc23) mem 0x00000000800111e0 0x0000000000000010
core   0: >>>>  inst_525
core   0: 0x00000000800072c0 (0x00100113) li      sp, 1
core   0: 3 0x00000000800072c0 (0x00100113) x2  0x0000000000000001
core   0: 0x00000000800072c4 (0x00d11113) slli    sp, sp, 13
core   0: 3 0x00000000800072c4 (0x00d11113) x2  0x0000000000002000
core   0: 0x00000000800072c8 (0x00220233) add     tp, tp, sp
core   0: 3 0x00000000800072c8 (0x00220233) x4  0x000000008000c190
core   0: 0x00000000800072cc (0xf5023f87) fld     ft11, -176(tp)
core   0: 3 0x00000000800072cc (0xf5023f87) f31 0xfff0000000000001 mem 0x000000008000c0e0
core   0: 0x00000000800072d0 (0x40220233) sub     tp, tp, sp
core   0: 3 0x00000000800072d0 (0x40220233) x4  0x000000008000a190
core   0: 0x00000000800072d4 (0x00100113) li      sp, 1
core   0: 3 0x00000000800072d4 (0x00100113) x2  0x0000000000000001
core   0: 0x00000000800072d8 (0x00d11113) slli    sp, sp, 13
core   0: 3 0x00000000800072d8 (0x00d11113) x2  0x0000000000002000
core   0: 0x00000000800072dc (0x00220233) add     tp, tp, sp
core   0: 3 0x00000000800072dc (0x00220233) x4  0x000000008000c190
core   0: 0x00000000800072e0 (0xf5823f07) fld     ft10, -168(tp)
core   0: 3 0x00000000800072e0 (0xf5823f07) f30 0xfff0000000000001 mem 0x000000008000c0e8
core   0: 0x00000000800072e4 (0x40220233) sub     tp, tp, sp
core   0: 3 0x00000000800072e4 (0x40220233) x4  0x000000008000a190
core   0: 0x00000000800072e8 (0x00000113) li      sp, 0
core   0: 3 0x00000000800072e8 (0x00000113) x2  0x0000000000000000
core   0: 0x00000000800072ec (0x00311073) csrw    fcsr, sp
core   0: 3 0x00000000800072ec (0x00311073) c1_fflags 0x0000000000000000 c2_frm 0x0000000000000000
core   0: 0x00000000800072f0 (0xa3ef9fd3) flt.d   t6, ft11, ft10
core   0: 3 0x00000000800072f0 (0xa3ef9fd3) c1_fflags 0x0000000000000010 x31 0x0000000000000000
core   0: 0x00000000800072f4 (0x003022f3) csrr    t0, fcsr
core   0: 3 0x00000000800072f4 (0x003022f3) x5  0x0000000000000010
core   0: 0x00000000800072f8 (0x73f0b023) sd      t6, 1824(ra)
core   0: 3 0x00000000800072f8 (0x73f0b023) mem 0x00000000800111e8 0x0000000000000000
core   0: 0x00000000800072fc (0x7250b423) sd      t0, 1832(ra)
core   0: 3 0x00000000800072fc (0x7250b423) mem 0x00000000800111f0 0x0000000000000010
core   0: >>>>  inst_526
core   0: 0x0000000080007300 (0x00100113) li      sp, 1
core   0: 3 0x0000000080007300 (0x00100113) x2  0x0000000000000001
core   0: 0x0000000080007304 (0x00d11113) slli    sp, sp, 13
core   0: 3 0x0000000080007304 (0x00d11113) x2  0x0000000000002000
core   0: 0x0000000080007308 (0x00220233) add     tp, tp, sp
core   0: 3 0x0000000080007308 (0x00220233) x4  0x000000008000c190
core   0: 0x000000008000730c (0xf6023f87) fld     ft11, -160(tp)
core   0: 3 0x000000008000730c (0xf6023f87) f31 0xfff0000000000001 mem 0x000000008000c0f0
core   0: 0x0000000080007310 (0x40220233) sub     tp, tp, sp
core   0: 3 0x0000000080007310 (0x40220233) x4  0x000000008000a190
core   0: 0x0000000080007314 (0x00100113) li      sp, 1
core   0: 3 0x0000000080007314 (0x00100113) x2  0x0000000000000001
core   0: 0x0000000080007318 (0x00d11113) slli    sp, sp, 13
core   0: 3 0x0000000080007318 (0x00d11113) x2  0x0000000000002000
core   0: 0x000000008000731c (0x00220233) add     tp, tp, sp
core   0: 3 0x000000008000731c (0x00220233) x4  0x000000008000c190
core   0: 0x0000000080007320 (0xf6823f07) fld     ft10, -152(tp)
core   0: 3 0x0000000080007320 (0xf6823f07) f30 0xfff8000000000000 mem 0x000000008000c0f8
core   0: 0x0000000080007324 (0x40220233) sub     tp, tp, sp
core   0: 3 0x0000000080007324 (0x40220233) x4  0x000000008000a190
core   0: 0x0000000080007328 (0x00000113) li      sp, 0
core   0: 3 0x0000000080007328 (0x00000113) x2  0x0000000000000000
core   0: 0x000000008000732c (0x00311073) csrw    fcsr, sp
core   0: 3 0x000000008000732c (0x00311073) c1_fflags 0x0000000000000000 c2_frm 0x0000000000000000
core   0: 0x0000000080007330 (0xa3ef9fd3) flt.d   t6, ft11, ft10
core   0: 3 0x0000000080007330 (0xa3ef9fd3) c1_fflags 0x0000000000000010 x31 0x0000000000000000
core   0: 0x0000000080007334 (0x003022f3) csrr    t0, fcsr
core   0: 3 0x0000000080007334 (0x003022f3) x5  0x0000000000000010
core   0: 0x0000000080007338 (0x73f0b823) sd      t6, 1840(ra)
core   0: 3 0x0000000080007338 (0x73f0b823) mem 0x00000000800111f8 0x0000000000000000
core   0: 0x000000008000733c (0x7250bc23) sd      t0, 1848(ra)
core   0: 3 0x000000008000733c (0x7250bc23) mem 0x0000000080011200 0x0000000000000010
core   0: >>>>  inst_527
core   0: 0x0000000080007340 (0x00100113) li      sp, 1
core   0: 3 0x0000000080007340 (0x00100113) x2  0x0000000000000001
core   0: 0x0000000080007344 (0x00d11113) slli    sp, sp, 13
core   0: 3 0x0000000080007344 (0x00d11113) x2  0x0000000000002000
core   0: 0x0000000080007348 (0x00220233) add     tp, tp, sp
core   0: 3 0x0000000080007348 (0x00220233) x4  0x000000008000c190
core   0: 0x000000008000734c (0xf7023f87) fld     ft11, -144(tp)
core   0: 3 0x000000008000734c (0xf7023f87) f31 0xfff0000000000001 mem 0x000000008000c100
core   0: 0x0000000080007350 (0x40220233) sub     tp, tp, sp
core   0: 3 0x0000000080007350 (0x40220233) x4  0x000000008000a190
core   0: 0x0000000080007354 (0x00100113) li      sp, 1
core   0: 3 0x0000000080007354 (0x00100113) x2  0x0000000000000001
core   0: 0x0000000080007358 (0x00d11113) slli    sp, sp, 13
core   0: 3 0x0000000080007358 (0x00d11113) x2  0x0000000000002000
core   0: 0x000000008000735c (0x00220233) add     tp, tp, sp
core   0: 3 0x000000008000735c (0x00220233) x4  0x000000008000c190
core   0: 0x0000000080007360 (0xf7823f07) fld     ft10, -136(tp)
core   0: 3 0x0000000080007360 (0xf7823f07) f30 0xfff8000000000001 mem 0x000000008000c108
core   0: 0x0000000080007364 (0x40220233) sub     tp, tp, sp
core   0: 3 0x0000000080007364 (0x40220233) x4  0x000000008000a190
core   0: 0x0000000080007368 (0x00000113) li      sp, 0
core   0: 3 0x0000000080007368 (0x00000113) x2  0x0000000000000000
core   0: 0x000000008000736c (0x00311073) csrw    fcsr, sp
core   0: 3 0x000000008000736c (0x00311073) c1_fflags 0x0000000000000000 c2_frm 0x0000000000000000
core   0: 0x0000000080007370 (0xa3ef9fd3) flt.d   t6, ft11, ft10
core   0: 3 0x0000000080007370 (0xa3ef9fd3) c1_fflags 0x0000000000000010 x31 0x0000000000000000
core   0: 0x0000000080007374 (0x003022f3) csrr    t0, fcsr
core   0: 3 0x0000000080007374 (0x003022f3) x5  0x0000000000000010
core   0: 0x0000000080007378 (0x75f0b023) sd      t6, 1856(ra)
core   0: 3 0x0000000080007378 (0x75f0b023) mem 0x0000000080011208 0x0000000000000000
core   0: 0x000000008000737c (0x7450b423) sd      t0, 1864(ra)
core   0: 3 0x000000008000737c (0x7450b423) mem 0x0000000080011210 0x0000000000000010
core   0: >>>>  inst_528
core   0: 0x0000000080007380 (0x00100113) li      sp, 1
core   0: 3 0x0000000080007380 (0x00100113) x2  0x0000000000000001
core   0: 0x0000000080007384 (0x00d11113) slli    sp, sp, 13
core   0: 3 0x0000000080007384 (0x00d11113) x2  0x0000000000002000
core   0: 0x0000000080007388 (0x00220233) add     tp, tp, sp
core   0: 3 0x0000000080007388 (0x00220233) x4  0x000000008000c190
core   0: 0x000000008000738c (0xf8023f87) fld     ft11, -128(tp)
core   0: 3 0x000000008000738c (0xf8023f87) f31 0xfff8000000000000 mem 0x000000008000c110
core   0: 0x0000000080007390 (0x40220233) sub     tp, tp, sp
core   0: 3 0x0000000080007390 (0x40220233) x4  0x000000008000a190
core   0: 0x0000000080007394 (0x00100113) li      sp, 1
core   0: 3 0x0000000080007394 (0x00100113) x2  0x0000000000000001
core   0: 0x0000000080007398 (0x00d11113) slli    sp, sp, 13
core   0: 3 0x0000000080007398 (0x00d11113) x2  0x0000000000002000
core   0: 0x000000008000739c (0x00220233) add     tp, tp, sp
core   0: 3 0x000000008000739c (0x00220233) x4  0x000000008000c190
core   0: 0x00000000800073a0 (0xf8823f07) fld     ft10, -120(tp)
core   0: 3 0x00000000800073a0 (0xf8823f07) f30 0x0000000000000000 mem 0x000000008000c118
core   0: 0x00000000800073a4 (0x40220233) sub     tp, tp, sp
core   0: 3 0x00000000800073a4 (0x40220233) x4  0x000000008000a190
core   0: 0x00000000800073a8 (0x00000113) li      sp, 0
core   0: 3 0x00000000800073a8 (0x00000113) x2  0x0000000000000000
core   0: 0x00000000800073ac (0x00311073) csrw    fcsr, sp
core   0: 3 0x00000000800073ac (0x00311073) c1_fflags 0x0000000000000000 c2_frm 0x0000000000000000
core   0: 0x00000000800073b0 (0xa3ef9fd3) flt.d   t6, ft11, ft10
core   0: 3 0x00000000800073b0 (0xa3ef9fd3) c1_fflags 0x0000000000000010 x31 0x0000000000000000
core   0: 0x00000000800073b4 (0x003022f3) csrr    t0, fcsr
core   0: 3 0x00000000800073b4 (0x003022f3) x5  0x0000000000000010
core   0: 0x00000000800073b8 (0x75f0b823) sd      t6, 1872(ra)
core   0: 3 0x00000000800073b8 (0x75f0b823) mem 0x0000000080011218 0x0000000000000000
core   0: 0x00000000800073bc (0x7450bc23) sd      t0, 1880(ra)
core   0: 3 0x00000000800073bc (0x7450bc23) mem 0x0000000080011220 0x0000000000000010
core   0: >>>>  inst_529
core   0: 0x00000000800073c0 (0x00100113) li      sp, 1
core   0: 3 0x00000000800073c0 (0x00100113) x2  0x0000000000000001
core   0: 0x00000000800073c4 (0x00d11113) slli    sp, sp, 13
core   0: 3 0x00000000800073c4 (0x00d11113) x2  0x0000000000002000
core   0: 0x00000000800073c8 (0x00220233) add     tp, tp, sp
core   0: 3 0x00000000800073c8 (0x00220233) x4  0x000000008000c190
core   0: 0x00000000800073cc (0xf9023f87) fld     ft11, -112(tp)
core   0: 3 0x00000000800073cc (0xf9023f87) f31 0xfff8000000000000 mem 0x000000008000c120
core   0: 0x00000000800073d0 (0x40220233) sub     tp, tp, sp
core   0: 3 0x00000000800073d0 (0x40220233) x4  0x000000008000a190
core   0: 0x00000000800073d4 (0x00100113) li      sp, 1
core   0: 3 0x00000000800073d4 (0x00100113) x2  0x0000000000000001
core   0: 0x00000000800073d8 (0x00d11113) slli    sp, sp, 13
core   0: 3 0x00000000800073d8 (0x00d11113) x2  0x0000000000002000
core   0: 0x00000000800073dc (0x00220233) add     tp, tp, sp
core   0: 3 0x00000000800073dc (0x00220233) x4  0x000000008000c190
core   0: 0x00000000800073e0 (0xf9823f07) fld     ft10, -104(tp)
core   0: 3 0x00000000800073e0 (0xf9823f07) f30 0x0000000000000001 mem 0x000000008000c128
core   0: 0x00000000800073e4 (0x40220233) sub     tp, tp, sp
core   0: 3 0x00000000800073e4 (0x40220233) x4  0x000000008000a190
core   0: 0x00000000800073e8 (0x00000113) li      sp, 0
core   0: 3 0x00000000800073e8 (0x00000113) x2  0x0000000000000000
core   0: 0x00000000800073ec (0x00311073) csrw    fcsr, sp
core   0: 3 0x00000000800073ec (0x00311073) c1_fflags 0x0000000000000000 c2_frm 0x0000000000000000
core   0: 0x00000000800073f0 (0xa3ef9fd3) flt.d   t6, ft11, ft10
core   0: 3 0x00000000800073f0 (0xa3ef9fd3) c1_fflags 0x0000000000000010 x31 0x0000000000000000
core   0: 0x00000000800073f4 (0x003022f3) csrr    t0, fcsr
core   0: 3 0x00000000800073f4 (0x003022f3) x5  0x0000000000000010
core   0: 0x00000000800073f8 (0x77f0b023) sd      t6, 1888(ra)
core   0: 3 0x00000000800073f8 (0x77f0b023) mem 0x0000000080011228 0x0000000000000000
core   0: 0x00000000800073fc (0x7650b423) sd      t0, 1896(ra)
core   0: 3 0x00000000800073fc (0x7650b423) mem 0x0000000080011230 0x0000000000000010
core   0: >>>>  inst_530
core   0: 0x0000000080007400 (0x00100113) li      sp, 1
core   0: 3 0x0000000080007400 (0x00100113) x2  0x0000000000000001
core   0: 0x0000000080007404 (0x00d11113) slli    sp, sp, 13
core   0: 3 0x0000000080007404 (0x00d11113) x2  0x0000000000002000
core   0: 0x0000000080007408 (0x00220233) add     tp, tp, sp
core   0: 3 0x0000000080007408 (0x00220233) x4  0x000000008000c190
core   0: 0x000000008000740c (0xfa023f87) fld     ft11, -96(tp)
core   0: 3 0x000000008000740c (0xfa023f87) f31 0xfff8000000000000 mem 0x000000008000c130
core   0: 0x0000000080007410 (0x40220233) sub     tp, tp, sp
core   0: 3 0x0000000080007410 (0x40220233) x4  0x000000008000a190
core   0: 0x0000000080007414 (0x00100113) li      sp, 1
core   0: 3 0x0000000080007414 (0x00100113) x2  0x0000000000000001
core   0: 0x0000000080007418 (0x00d11113) slli    sp, sp, 13
core   0: 3 0x0000000080007418 (0x00d11113) x2  0x0000000000002000
core   0: 0x000000008000741c (0x00220233) add     tp, tp, sp
core   0: 3 0x000000008000741c (0x00220233) x4  0x000000008000c190
core   0: 0x0000000080007420 (0xfa823f07) fld     ft10, -88(tp)
core   0: 3 0x0000000080007420 (0xfa823f07) f30 0x0000000000000002 mem 0x000000008000c138
core   0: 0x0000000080007424 (0x40220233) sub     tp, tp, sp
core   0: 3 0x0000000080007424 (0x40220233) x4  0x000000008000a190
core   0: 0x0000000080007428 (0x00000113) li      sp, 0
core   0: 3 0x0000000080007428 (0x00000113) x2  0x0000000000000000
core   0: 0x000000008000742c (0x00311073) csrw    fcsr, sp
core   0: 3 0x000000008000742c (0x00311073) c1_fflags 0x0000000000000000 c2_frm 0x0000000000000000
core   0: 0x0000000080007430 (0xa3ef9fd3) flt.d   t6, ft11, ft10
core   0: 3 0x0000000080007430 (0xa3ef9fd3) c1_fflags 0x0000000000000010 x31 0x0000000000000000
core   0: 0x0000000080007434 (0x003022f3) csrr    t0, fcsr
core   0: 3 0x0000000080007434 (0x003022f3) x5  0x0000000000000010
core   0: 0x0000000080007438 (0x77f0b823) sd      t6, 1904(ra)
core   0: 3 0x0000000080007438 (0x77f0b823) mem 0x0000000080011238 0x0000000000000000
core   0: 0x000000008000743c (0x7650bc23) sd      t0, 1912(ra)
core   0: 3 0x000000008000743c (0x7650bc23) mem 0x0000000080011240 0x0000000000000010
core   0: >>>>  inst_531
core   0: 0x0000000080007440 (0x00100113) li      sp, 1
core   0: 3 0x0000000080007440 (0x00100113) x2  0x0000000000000001
core   0: 0x0000000080007444 (0x00d11113) slli    sp, sp, 13
core   0: 3 0x0000000080007444 (0x00d11113) x2  0x0000000000002000
core   0: 0x0000000080007448 (0x00220233) add     tp, tp, sp
core   0: 3 0x0000000080007448 (0x00220233) x4  0x000000008000c190
core   0: 0x000000008000744c (0xfb023f87) fld     ft11, -80(tp)
core   0: 3 0x000000008000744c (0xfb023f87) f31 0xfff8000000000000 mem 0x000000008000c140
core   0: 0x0000000080007450 (0x40220233) sub     tp, tp, sp
core   0: 3 0x0000000080007450 (0x40220233) x4  0x000000008000a190
core   0: 0x0000000080007454 (0x00100113) li      sp, 1
core   0: 3 0x0000000080007454 (0x00100113) x2  0x0000000000000001
core   0: 0x0000000080007458 (0x00d11113) slli    sp, sp, 13
core   0: 3 0x0000000080007458 (0x00d11113) x2  0x0000000000002000
core   0: 0x000000008000745c (0x00220233) add     tp, tp, sp
core   0: 3 0x000000008000745c (0x00220233) x4  0x000000008000c190
core   0: 0x0000000080007460 (0xfb823f07) fld     ft10, -72(tp)
core   0: 3 0x0000000080007460 (0xfb823f07) f30 0x000fffffffffffff mem 0x000000008000c148
core   0: 0x0000000080007464 (0x40220233) sub     tp, tp, sp
core   0: 3 0x0000000080007464 (0x40220233) x4  0x000000008000a190
core   0: 0x0000000080007468 (0x00000113) li      sp, 0
core   0: 3 0x0000000080007468 (0x00000113) x2  0x0000000000000000
core   0: 0x000000008000746c (0x00311073) csrw    fcsr, sp
core   0: 3 0x000000008000746c (0x00311073) c1_fflags 0x0000000000000000 c2_frm 0x0000000000000000
core   0: 0x0000000080007470 (0xa3ef9fd3) flt.d   t6, ft11, ft10
core   0: 3 0x0000000080007470 (0xa3ef9fd3) c1_fflags 0x0000000000000010 x31 0x0000000000000000
core   0: 0x0000000080007474 (0x003022f3) csrr    t0, fcsr
core   0: 3 0x0000000080007474 (0x003022f3) x5  0x0000000000000010
core   0: 0x0000000080007478 (0x79f0b023) sd      t6, 1920(ra)
core   0: 3 0x0000000080007478 (0x79f0b023) mem 0x0000000080011248 0x0000000000000000
core   0: 0x000000008000747c (0x7850b423) sd      t0, 1928(ra)
core   0: 3 0x000000008000747c (0x7850b423) mem 0x0000000080011250 0x0000000000000010
core   0: >>>>  inst_532
core   0: 0x0000000080007480 (0x00100113) li      sp, 1
core   0: 3 0x0000000080007480 (0x00100113) x2  0x0000000000000001
core   0: 0x0000000080007484 (0x00d11113) slli    sp, sp, 13
core   0: 3 0x0000000080007484 (0x00d11113) x2  0x0000000000002000
core   0: 0x0000000080007488 (0x00220233) add     tp, tp, sp
core   0: 3 0x0000000080007488 (0x00220233) x4  0x000000008000c190
core   0: 0x000000008000748c (0xfc023f87) fld     ft11, -64(tp)
core   0: 3 0x000000008000748c (0xfc023f87) f31 0xfff8000000000000 mem 0x000000008000c150
core   0: 0x0000000080007490 (0x40220233) sub     tp, tp, sp
core   0: 3 0x0000000080007490 (0x40220233) x4  0x000000008000a190
core   0: 0x0000000080007494 (0x00100113) li      sp, 1
core   0: 3 0x0000000080007494 (0x00100113) x2  0x0000000000000001
core   0: 0x0000000080007498 (0x00d11113) slli    sp, sp, 13
core   0: 3 0x0000000080007498 (0x00d11113) x2  0x0000000000002000
core   0: 0x000000008000749c (0x00220233) add     tp, tp, sp
core   0: 3 0x000000008000749c (0x00220233) x4  0x000000008000c190
core   0: 0x00000000800074a0 (0xfc823f07) fld     ft10, -56(tp)
core   0: 3 0x00000000800074a0 (0xfc823f07) f30 0x0010000000000000 mem 0x000000008000c158
core   0: 0x00000000800074a4 (0x40220233) sub     tp, tp, sp
core   0: 3 0x00000000800074a4 (0x40220233) x4  0x000000008000a190
core   0: 0x00000000800074a8 (0x00000113) li      sp, 0
core   0: 3 0x00000000800074a8 (0x00000113) x2  0x0000000000000000
core   0: 0x00000000800074ac (0x00311073) csrw    fcsr, sp
core   0: 3 0x00000000800074ac (0x00311073) c1_fflags 0x0000000000000000 c2_frm 0x0000000000000000
core   0: 0x00000000800074b0 (0xa3ef9fd3) flt.d   t6, ft11, ft10
core   0: 3 0x00000000800074b0 (0xa3ef9fd3) c1_fflags 0x0000000000000010 x31 0x0000000000000000
core   0: 0x00000000800074b4 (0x003022f3) csrr    t0, fcsr
core   0: 3 0x00000000800074b4 (0x003022f3) x5  0x0000000000000010
core   0: 0x00000000800074b8 (0x79f0b823) sd      t6, 1936(ra)
core   0: 3 0x00000000800074b8 (0x79f0b823) mem 0x0000000080011258 0x0000000000000000
core   0: 0x00000000800074bc (0x7850bc23) sd      t0, 1944(ra)
core   0: 3 0x00000000800074bc (0x7850bc23) mem 0x0000000080011260 0x0000000000000010
core   0: >>>>  inst_533
core   0: 0x00000000800074c0 (0x00100113) li      sp, 1
core   0: 3 0x00000000800074c0 (0x00100113) x2  0x0000000000000001
core   0: 0x00000000800074c4 (0x00d11113) slli    sp, sp, 13
core   0: 3 0x00000000800074c4 (0x00d11113) x2  0x0000000000002000
core   0: 0x00000000800074c8 (0x00220233) add     tp, tp, sp
core   0: 3 0x00000000800074c8 (0x00220233) x4  0x000000008000c190
core   0: 0x00000000800074cc (0xfd023f87) fld     ft11, -48(tp)
core   0: 3 0x00000000800074cc (0xfd023f87) f31 0xfff8000000000000 mem 0x000000008000c160
core   0: 0x00000000800074d0 (0x40220233) sub     tp, tp, sp
core   0: 3 0x00000000800074d0 (0x40220233) x4  0x000000008000a190
core   0: 0x00000000800074d4 (0x00100113) li      sp, 1
core   0: 3 0x00000000800074d4 (0x00100113) x2  0x0000000000000001
core   0: 0x00000000800074d8 (0x00d11113) slli    sp, sp, 13
core   0: 3 0x00000000800074d8 (0x00d11113) x2  0x0000000000002000
core   0: 0x00000000800074dc (0x00220233) add     tp, tp, sp
core   0: 3 0x00000000800074dc (0x00220233) x4  0x000000008000c190
core   0: 0x00000000800074e0 (0xfd823f07) fld     ft10, -40(tp)
core   0: 3 0x00000000800074e0 (0xfd823f07) f30 0x0010000000000002 mem 0x000000008000c168
core   0: 0x00000000800074e4 (0x40220233) sub     tp, tp, sp
core   0: 3 0x00000000800074e4 (0x40220233) x4  0x000000008000a190
core   0: 0x00000000800074e8 (0x00000113) li      sp, 0
core   0: 3 0x00000000800074e8 (0x00000113) x2  0x0000000000000000
core   0: 0x00000000800074ec (0x00311073) csrw    fcsr, sp
core   0: 3 0x00000000800074ec (0x00311073) c1_fflags 0x0000000000000000 c2_frm 0x0000000000000000
core   0: 0x00000000800074f0 (0xa3ef9fd3) flt.d   t6, ft11, ft10
core   0: 3 0x00000000800074f0 (0xa3ef9fd3) c1_fflags 0x0000000000000010 x31 0x0000000000000000
core   0: 0x00000000800074f4 (0x003022f3) csrr    t0, fcsr
core   0: 3 0x00000000800074f4 (0x003022f3) x5  0x0000000000000010
core   0: 0x00000000800074f8 (0x7bf0b023) sd      t6, 1952(ra)
core   0: 3 0x00000000800074f8 (0x7bf0b023) mem 0x0000000080011268 0x0000000000000000
core   0: 0x00000000800074fc (0x7a50b423) sd      t0, 1960(ra)
core   0: 3 0x00000000800074fc (0x7a50b423) mem 0x0000000080011270 0x0000000000000010
core   0: >>>>  inst_534
core   0: 0x0000000080007500 (0x00100113) li      sp, 1
core   0: 3 0x0000000080007500 (0x00100113) x2  0x0000000000000001
core   0: 0x0000000080007504 (0x00d11113) slli    sp, sp, 13
core   0: 3 0x0000000080007504 (0x00d11113) x2  0x0000000000002000
core   0: 0x0000000080007508 (0x00220233) add     tp, tp, sp
core   0: 3 0x0000000080007508 (0x00220233) x4  0x000000008000c190
core   0: 0x000000008000750c (0xfe023f87) fld     ft11, -32(tp)
core   0: 3 0x000000008000750c (0xfe023f87) f31 0xfff8000000000000 mem 0x000000008000c170
core   0: 0x0000000080007510 (0x40220233) sub     tp, tp, sp
core   0: 3 0x0000000080007510 (0x40220233) x4  0x000000008000a190
core   0: 0x0000000080007514 (0x00100113) li      sp, 1
core   0: 3 0x0000000080007514 (0x00100113) x2  0x0000000000000001
core   0: 0x0000000080007518 (0x00d11113) slli    sp, sp, 13
core   0: 3 0x0000000080007518 (0x00d11113) x2  0x0000000000002000
core   0: 0x000000008000751c (0x00220233) add     tp, tp, sp
core   0: 3 0x000000008000751c (0x00220233) x4  0x000000008000c190
core   0: 0x0000000080007520 (0xfe823f07) fld     ft10, -24(tp)
core   0: 3 0x0000000080007520 (0xfe823f07) f30 0x3ff0000000000000 mem 0x000000008000c178
core   0: 0x0000000080007524 (0x40220233) sub     tp, tp, sp
core   0: 3 0x0000000080007524 (0x40220233) x4  0x000000008000a190
core   0: 0x0000000080007528 (0x00000113) li      sp, 0
core   0: 3 0x0000000080007528 (0x00000113) x2  0x0000000000000000
core   0: 0x000000008000752c (0x00311073) csrw    fcsr, sp
core   0: 3 0x000000008000752c (0x00311073) c1_fflags 0x0000000000000000 c2_frm 0x0000000000000000
core   0: 0x0000000080007530 (0xa3ef9fd3) flt.d   t6, ft11, ft10
core   0: 3 0x0000000080007530 (0xa3ef9fd3) c1_fflags 0x0000000000000010 x31 0x0000000000000000
core   0: 0x0000000080007534 (0x003022f3) csrr    t0, fcsr
core   0: 3 0x0000000080007534 (0x003022f3) x5  0x0000000000000010
core   0: 0x0000000080007538 (0x7bf0b823) sd      t6, 1968(ra)
core   0: 3 0x0000000080007538 (0x7bf0b823) mem 0x0000000080011278 0x0000000000000000
core   0: 0x000000008000753c (0x7a50bc23) sd      t0, 1976(ra)
core   0: 3 0x000000008000753c (0x7a50bc23) mem 0x0000000080011280 0x0000000000000010
core   0: >>>>  inst_535
core   0: 0x0000000080007540 (0x00100113) li      sp, 1
core   0: 3 0x0000000080007540 (0x00100113) x2  0x0000000000000001
core   0: 0x0000000080007544 (0x00d11113) slli    sp, sp, 13
core   0: 3 0x0000000080007544 (0x00d11113) x2  0x0000000000002000
core   0: 0x0000000080007548 (0x00220233) add     tp, tp, sp
core   0: 3 0x0000000080007548 (0x00220233) x4  0x000000008000c190
core   0: 0x000000008000754c (0xff023f87) fld     ft11, -16(tp)
core   0: 3 0x000000008000754c (0xff023f87) f31 0xfff8000000000000 mem 0x000000008000c180
core   0: 0x0000000080007550 (0x40220233) sub     tp, tp, sp
core   0: 3 0x0000000080007550 (0x40220233) x4  0x000000008000a190
core   0: 0x0000000080007554 (0x00100113) li      sp, 1
core   0: 3 0x0000000080007554 (0x00100113) x2  0x0000000000000001
core   0: 0x0000000080007558 (0x00d11113) slli    sp, sp, 13
core   0: 3 0x0000000080007558 (0x00d11113) x2  0x0000000000002000
core   0: 0x000000008000755c (0x00220233) add     tp, tp, sp
core   0: 3 0x000000008000755c (0x00220233) x4  0x000000008000c190
core   0: 0x0000000080007560 (0xff823f07) fld     ft10, -8(tp)
core   0: 3 0x0000000080007560 (0xff823f07) f30 0x7fefffffffffffff mem 0x000000008000c188
core   0: 0x0000000080007564 (0x40220233) sub     tp, tp, sp
core   0: 3 0x0000000080007564 (0x40220233) x4  0x000000008000a190
core   0: 0x0000000080007568 (0x00000113) li      sp, 0
core   0: 3 0x0000000080007568 (0x00000113) x2  0x0000000000000000
core   0: 0x000000008000756c (0x00311073) csrw    fcsr, sp
core   0: 3 0x000000008000756c (0x00311073) c1_fflags 0x0000000000000000 c2_frm 0x0000000000000000
core   0: 0x0000000080007570 (0xa3ef9fd3) flt.d   t6, ft11, ft10
core   0: 3 0x0000000080007570 (0xa3ef9fd3) c1_fflags 0x0000000000000010 x31 0x0000000000000000
core   0: 0x0000000080007574 (0x003022f3) csrr    t0, fcsr
core   0: 3 0x0000000080007574 (0x003022f3) x5  0x0000000000000010
core   0: 0x0000000080007578 (0x7df0b023) sd      t6, 1984(ra)
core   0: 3 0x0000000080007578 (0x7df0b023) mem 0x0000000080011288 0x0000000000000000
core   0: 0x000000008000757c (0x7c50b423) sd      t0, 1992(ra)
core   0: 3 0x000000008000757c (0x7c50b423) mem 0x0000000080011290 0x0000000000000010
core   0: >>>>  inst_536
core   0: 0x0000000080007580 (0x00100113) li      sp, 1
core   0: 3 0x0000000080007580 (0x00100113) x2  0x0000000000000001
core   0: 0x0000000080007584 (0x00d11113) slli    sp, sp, 13
core   0: 3 0x0000000080007584 (0x00d11113) x2  0x0000000000002000
core   0: 0x0000000080007588 (0x00220233) add     tp, tp, sp
core   0: 3 0x0000000080007588 (0x00220233) x4  0x000000008000c190
core   0: 0x000000008000758c (0x00023f87) fld     ft11, 0(tp)
core   0: 3 0x000000008000758c (0x00023f87) f31 0xfff8000000000000 mem 0x000000008000c190
core   0: 0x0000000080007590 (0x40220233) sub     tp, tp, sp
core   0: 3 0x0000000080007590 (0x40220233) x4  0x000000008000a190
core   0: 0x0000000080007594 (0x00100113) li      sp, 1
core   0: 3 0x0000000080007594 (0x00100113) x2  0x0000000000000001
core   0: 0x0000000080007598 (0x00d11113) slli    sp, sp, 13
core   0: 3 0x0000000080007598 (0x00d11113) x2  0x0000000000002000
core   0: 0x000000008000759c (0x00220233) add     tp, tp, sp
core   0: 3 0x000000008000759c (0x00220233) x4  0x000000008000c190
core   0: 0x00000000800075a0 (0x00823f07) fld     ft10, 8(tp)
core   0: 3 0x00000000800075a0 (0x00823f07) f30 0x7ff0000000000000 mem 0x000000008000c198
core   0: 0x00000000800075a4 (0x40220233) sub     tp, tp, sp
core   0: 3 0x00000000800075a4 (0x40220233) x4  0x000000008000a190
core   0: 0x00000000800075a8 (0x00000113) li      sp, 0
core   0: 3 0x00000000800075a8 (0x00000113) x2  0x0000000000000000
core   0: 0x00000000800075ac (0x00311073) csrw    fcsr, sp
core   0: 3 0x00000000800075ac (0x00311073) c1_fflags 0x0000000000000000 c2_frm 0x0000000000000000
core   0: 0x00000000800075b0 (0xa3ef9fd3) flt.d   t6, ft11, ft10
core   0: 3 0x00000000800075b0 (0xa3ef9fd3) c1_fflags 0x0000000000000010 x31 0x0000000000000000
core   0: 0x00000000800075b4 (0x003022f3) csrr    t0, fcsr
core   0: 3 0x00000000800075b4 (0x003022f3) x5  0x0000000000000010
core   0: 0x00000000800075b8 (0x7df0b823) sd      t6, 2000(ra)
core   0: 3 0x00000000800075b8 (0x7df0b823) mem 0x0000000080011298 0x0000000000000000
core   0: 0x00000000800075bc (0x7c50bc23) sd      t0, 2008(ra)
core   0: 3 0x00000000800075bc (0x7c50bc23) mem 0x00000000800112a0 0x0000000000000010
core   0: >>>>  inst_537
core   0: 0x00000000800075c0 (0x00100113) li      sp, 1
core   0: 3 0x00000000800075c0 (0x00100113) x2  0x0000000000000001
core   0: 0x00000000800075c4 (0x00d11113) slli    sp, sp, 13
core   0: 3 0x00000000800075c4 (0x00d11113) x2  0x0000000000002000
core   0: 0x00000000800075c8 (0x00220233) add     tp, tp, sp
core   0: 3 0x00000000800075c8 (0x00220233) x4  0x000000008000c190
core   0: 0x00000000800075cc (0x01023f87) fld     ft11, 16(tp)
core   0: 3 0x00000000800075cc (0x01023f87) f31 0xfff8000000000000 mem 0x000000008000c1a0
core   0: 0x00000000800075d0 (0x40220233) sub     tp, tp, sp
core   0: 3 0x00000000800075d0 (0x40220233) x4  0x000000008000a190
core   0: 0x00000000800075d4 (0x00100113) li      sp, 1
core   0: 3 0x00000000800075d4 (0x00100113) x2  0x0000000000000001
core   0: 0x00000000800075d8 (0x00d11113) slli    sp, sp, 13
core   0: 3 0x00000000800075d8 (0x00d11113) x2  0x0000000000002000
core   0: 0x00000000800075dc (0x00220233) add     tp, tp, sp
core   0: 3 0x00000000800075dc (0x00220233) x4  0x000000008000c190
core   0: 0x00000000800075e0 (0x01823f07) fld     ft10, 24(tp)
core   0: 3 0x00000000800075e0 (0x01823f07) f30 0x7ff0000000000001 mem 0x000000008000c1a8
core   0: 0x00000000800075e4 (0x40220233) sub     tp, tp, sp
core   0: 3 0x00000000800075e4 (0x40220233) x4  0x000000008000a190
core   0: 0x00000000800075e8 (0x00000113) li      sp, 0
core   0: 3 0x00000000800075e8 (0x00000113) x2  0x0000000000000000
core   0: 0x00000000800075ec (0x00311073) csrw    fcsr, sp
core   0: 3 0x00000000800075ec (0x00311073) c1_fflags 0x0000000000000000 c2_frm 0x0000000000000000
core   0: 0x00000000800075f0 (0xa3ef9fd3) flt.d   t6, ft11, ft10
core   0: 3 0x00000000800075f0 (0xa3ef9fd3) c1_fflags 0x0000000000000010 x31 0x0000000000000000
core   0: 0x00000000800075f4 (0x003022f3) csrr    t0, fcsr
core   0: 3 0x00000000800075f4 (0x003022f3) x5  0x0000000000000010
core   0: 0x00000000800075f8 (0x7ff0b023) sd      t6, 2016(ra)
core   0: 3 0x00000000800075f8 (0x7ff0b023) mem 0x00000000800112a8 0x0000000000000000
core   0: 0x00000000800075fc (0x7e50b423) sd      t0, 2024(ra)
core   0: 3 0x00000000800075fc (0x7e50b423) mem 0x00000000800112b0 0x0000000000000010
core   0: >>>>  inst_538
core   0: 0x0000000080007600 (0x00100113) li      sp, 1
core   0: 3 0x0000000080007600 (0x00100113) x2  0x0000000000000001
core   0: 0x0000000080007604 (0x00d11113) slli    sp, sp, 13
core   0: 3 0x0000000080007604 (0x00d11113) x2  0x0000000000002000
core   0: 0x0000000080007608 (0x00220233) add     tp, tp, sp
core   0: 3 0x0000000080007608 (0x00220233) x4  0x000000008000c190
core   0: 0x000000008000760c (0x02023f87) fld     ft11, 32(tp)
core   0: 3 0x000000008000760c (0x02023f87) f31 0xfff8000000000000 mem 0x000000008000c1b0
core   0: 0x0000000080007610 (0x40220233) sub     tp, tp, sp
core   0: 3 0x0000000080007610 (0x40220233) x4  0x000000008000a190
core   0: 0x0000000080007614 (0x00100113) li      sp, 1
core   0: 3 0x0000000080007614 (0x00100113) x2  0x0000000000000001
core   0: 0x0000000080007618 (0x00d11113) slli    sp, sp, 13
core   0: 3 0x0000000080007618 (0x00d11113) x2  0x0000000000002000
core   0: 0x000000008000761c (0x00220233) add     tp, tp, sp
core   0: 3 0x000000008000761c (0x00220233) x4  0x000000008000c190
core   0: 0x0000000080007620 (0x02823f07) fld     ft10, 40(tp)
core   0: 3 0x0000000080007620 (0x02823f07) f30 0x7ff8000000000000 mem 0x000000008000c1b8
core   0: 0x0000000080007624 (0x40220233) sub     tp, tp, sp
core   0: 3 0x0000000080007624 (0x40220233) x4  0x000000008000a190
core   0: 0x0000000080007628 (0x00000113) li      sp, 0
core   0: 3 0x0000000080007628 (0x00000113) x2  0x0000000000000000
core   0: 0x000000008000762c (0x00311073) csrw    fcsr, sp
core   0: 3 0x000000008000762c (0x00311073) c1_fflags 0x0000000000000000 c2_frm 0x0000000000000000
core   0: 0x0000000080007630 (0xa3ef9fd3) flt.d   t6, ft11, ft10
core   0: 3 0x0000000080007630 (0xa3ef9fd3) c1_fflags 0x0000000000000010 x31 0x0000000000000000
core   0: 0x0000000080007634 (0x003022f3) csrr    t0, fcsr
core   0: 3 0x0000000080007634 (0x003022f3) x5  0x0000000000000010
core   0: 0x0000000080007638 (0x7ff0b823) sd      t6, 2032(ra)
core   0: 3 0x0000000080007638 (0x7ff0b823) mem 0x00000000800112b8 0x0000000000000000
core   0: 0x000000008000763c (0x7e50bc23) sd      t0, 2040(ra)
core   0: 3 0x000000008000763c (0x7e50bc23) mem 0x00000000800112c0 0x0000000000000010
core   0: 0x0000000080007640 (0x0000a097) auipc   ra, 0xa
core   0: 3 0x0000000080007640 (0x0000a097) x1  0x0000000080011640
core   0: 0x0000000080007644 (0xc8808093) addi    ra, ra, -888
core   0: 3 0x0000000080007644 (0xc8808093) x1  0x00000000800112c8
core   0: 0x0000000080007648 (0x00000013) nop
core   0: 3 0x0000000080007648 (0x00000013)
core   0: 0x000000008000764c (0x00000013) nop
core   0: 3 0x000000008000764c (0x00000013)
core   0: 0x0000000080007650 (0x00000013) nop
core   0: 3 0x0000000080007650 (0x00000013)
core   0: 0x0000000080007654 (0x00000013) nop
core   0: 3 0x0000000080007654 (0x00000013)
core   0: 0x0000000080007658 (0x00000013) nop
core   0: 3 0x0000000080007658 (0x00000013)
core   0: 0x000000008000765c (0x00000013) nop
core   0: 3 0x000000008000765c (0x00000013)
core   0: >>>>  inst_539
core   0: 0x0000000080007660 (0x00100113) li      sp, 1
core   0: 3 0x0000000080007660 (0x00100113) x2  0x0000000000000001
core   0: 0x0000000080007664 (0x00d11113) slli    sp, sp, 13
core   0: 3 0x0000000080007664 (0x00d11113) x2  0x0000000000002000
core   0: 0x0000000080007668 (0x00220233) add     tp, tp, sp
core   0: 3 0x0000000080007668 (0x00220233) x4  0x000000008000c190
core   0: 0x000000008000766c (0x03023f87) fld     ft11, 48(tp)
core   0: 3 0x000000008000766c (0x03023f87) f31 0xfff8000000000000 mem 0x000000008000c1c0
core   0: 0x0000000080007670 (0x40220233) sub     tp, tp, sp
core   0: 3 0x0000000080007670 (0x40220233) x4  0x000000008000a190
core   0: 0x0000000080007674 (0x00100113) li      sp, 1
core   0: 3 0x0000000080007674 (0x00100113) x2  0x0000000000000001
core   0: 0x0000000080007678 (0x00d11113) slli    sp, sp, 13
core   0: 3 0x0000000080007678 (0x00d11113) x2  0x0000000000002000
core   0: 0x000000008000767c (0x00220233) add     tp, tp, sp
core   0: 3 0x000000008000767c (0x00220233) x4  0x000000008000c190
core   0: 0x0000000080007680 (0x03823f07) fld     ft10, 56(tp)
core   0: 3 0x0000000080007680 (0x03823f07) f30 0x7ff8000000000001 mem 0x000000008000c1c8
core   0: 0x0000000080007684 (0x40220233) sub     tp, tp, sp
core   0: 3 0x0000000080007684 (0x40220233) x4  0x000000008000a190
core   0: 0x0000000080007688 (0x00000113) li      sp, 0
core   0: 3 0x0000000080007688 (0x00000113) x2  0x0000000000000000
core   0: 0x000000008000768c (0x00311073) csrw    fcsr, sp
core   0: 3 0x000000008000768c (0x00311073) c1_fflags 0x0000000000000000 c2_frm 0x0000000000000000
core   0: 0x0000000080007690 (0xa3ef9fd3) flt.d   t6, ft11, ft10
core   0: 3 0x0000000080007690 (0xa3ef9fd3) c1_fflags 0x0000000000000010 x31 0x0000000000000000
core   0: 0x0000000080007694 (0x003022f3) csrr    t0, fcsr
core   0: 3 0x0000000080007694 (0x003022f3) x5  0x0000000000000010
core   0: 0x0000000080007698 (0x01f0b023) sd      t6, 0(ra)
core   0: 3 0x0000000080007698 (0x01f0b023) mem 0x00000000800112c8 0x0000000000000000
core   0: 0x000000008000769c (0x0050b423) sd      t0, 8(ra)
core   0: 3 0x000000008000769c (0x0050b423) mem 0x00000000800112d0 0x0000000000000010
core   0: >>>>  inst_540
core   0: 0x00000000800076a0 (0x00100113) li      sp, 1
core   0: 3 0x00000000800076a0 (0x00100113) x2  0x0000000000000001
core   0: 0x00000000800076a4 (0x00d11113) slli    sp, sp, 13
core   0: 3 0x00000000800076a4 (0x00d11113) x2  0x0000000000002000
core   0: 0x00000000800076a8 (0x00220233) add     tp, tp, sp
core   0: 3 0x00000000800076a8 (0x00220233) x4  0x000000008000c190
core   0: 0x00000000800076ac (0x04023f87) fld     ft11, 64(tp)
core   0: 3 0x00000000800076ac (0x04023f87) f31 0xfff8000000000000 mem 0x000000008000c1d0
core   0: 0x00000000800076b0 (0x40220233) sub     tp, tp, sp
core   0: 3 0x00000000800076b0 (0x40220233) x4  0x000000008000a190
core   0: 0x00000000800076b4 (0x00100113) li      sp, 1
core   0: 3 0x00000000800076b4 (0x00100113) x2  0x0000000000000001
core   0: 0x00000000800076b8 (0x00d11113) slli    sp, sp, 13
core   0: 3 0x00000000800076b8 (0x00d11113) x2  0x0000000000002000
core   0: 0x00000000800076bc (0x00220233) add     tp, tp, sp
core   0: 3 0x00000000800076bc (0x00220233) x4  0x000000008000c190
core   0: 0x00000000800076c0 (0x04823f07) fld     ft10, 72(tp)
core   0: 3 0x00000000800076c0 (0x04823f07) f30 0x8000000000000000 mem 0x000000008000c1d8
core   0: 0x00000000800076c4 (0x40220233) sub     tp, tp, sp
core   0: 3 0x00000000800076c4 (0x40220233) x4  0x000000008000a190
core   0: 0x00000000800076c8 (0x00000113) li      sp, 0
core   0: 3 0x00000000800076c8 (0x00000113) x2  0x0000000000000000
core   0: 0x00000000800076cc (0x00311073) csrw    fcsr, sp
core   0: 3 0x00000000800076cc (0x00311073) c1_fflags 0x0000000000000000 c2_frm 0x0000000000000000
core   0: 0x00000000800076d0 (0xa3ef9fd3) flt.d   t6, ft11, ft10
core   0: 3 0x00000000800076d0 (0xa3ef9fd3) c1_fflags 0x0000000000000010 x31 0x0000000000000000
core   0: 0x00000000800076d4 (0x003022f3) csrr    t0, fcsr
core   0: 3 0x00000000800076d4 (0x003022f3) x5  0x0000000000000010
core   0: 0x00000000800076d8 (0x01f0b823) sd      t6, 16(ra)
core   0: 3 0x00000000800076d8 (0x01f0b823) mem 0x00000000800112d8 0x0000000000000000
core   0: 0x00000000800076dc (0x0050bc23) sd      t0, 24(ra)
core   0: 3 0x00000000800076dc (0x0050bc23) mem 0x00000000800112e0 0x0000000000000010
core   0: >>>>  inst_541
core   0: 0x00000000800076e0 (0x00100113) li      sp, 1
core   0: 3 0x00000000800076e0 (0x00100113) x2  0x0000000000000001
core   0: 0x00000000800076e4 (0x00d11113) slli    sp, sp, 13
core   0: 3 0x00000000800076e4 (0x00d11113) x2  0x0000000000002000
core   0: 0x00000000800076e8 (0x00220233) add     tp, tp, sp
core   0: 3 0x00000000800076e8 (0x00220233) x4  0x000000008000c190
core   0: 0x00000000800076ec (0x05023f87) fld     ft11, 80(tp)
core   0: 3 0x00000000800076ec (0x05023f87) f31 0xfff8000000000000 mem 0x000000008000c1e0
core   0: 0x00000000800076f0 (0x40220233) sub     tp, tp, sp
core   0: 3 0x00000000800076f0 (0x40220233) x4  0x000000008000a190
core   0: 0x00000000800076f4 (0x00100113) li      sp, 1
core   0: 3 0x00000000800076f4 (0x00100113) x2  0x0000000000000001
core   0: 0x00000000800076f8 (0x00d11113) slli    sp, sp, 13
core   0: 3 0x00000000800076f8 (0x00d11113) x2  0x0000000000002000
core   0: 0x00000000800076fc (0x00220233) add     tp, tp, sp
core   0: 3 0x00000000800076fc (0x00220233) x4  0x000000008000c190
core   0: 0x0000000080007700 (0x05823f07) fld     ft10, 88(tp)
core   0: 3 0x0000000080007700 (0x05823f07) f30 0x8000000000000001 mem 0x000000008000c1e8
core   0: 0x0000000080007704 (0x40220233) sub     tp, tp, sp
core   0: 3 0x0000000080007704 (0x40220233) x4  0x000000008000a190
core   0: 0x0000000080007708 (0x00000113) li      sp, 0
core   0: 3 0x0000000080007708 (0x00000113) x2  0x0000000000000000
core   0: 0x000000008000770c (0x00311073) csrw    fcsr, sp
core   0: 3 0x000000008000770c (0x00311073) c1_fflags 0x0000000000000000 c2_frm 0x0000000000000000
core   0: 0x0000000080007710 (0xa3ef9fd3) flt.d   t6, ft11, ft10
core   0: 3 0x0000000080007710 (0xa3ef9fd3) c1_fflags 0x0000000000000010 x31 0x0000000000000000
core   0: 0x0000000080007714 (0x003022f3) csrr    t0, fcsr
core   0: 3 0x0000000080007714 (0x003022f3) x5  0x0000000000000010
core   0: 0x0000000080007718 (0x03f0b023) sd      t6, 32(ra)
core   0: 3 0x0000000080007718 (0x03f0b023) mem 0x00000000800112e8 0x0000000000000000
core   0: 0x000000008000771c (0x0250b423) sd      t0, 40(ra)
core   0: 3 0x000000008000771c (0x0250b423) mem 0x00000000800112f0 0x0000000000000010
core   0: >>>>  inst_542
core   0: 0x0000000080007720 (0x00100113) li      sp, 1
core   0: 3 0x0000000080007720 (0x00100113) x2  0x0000000000000001
core   0: 0x0000000080007724 (0x00d11113) slli    sp, sp, 13
core   0: 3 0x0000000080007724 (0x00d11113) x2  0x0000000000002000
core   0: 0x0000000080007728 (0x00220233) add     tp, tp, sp
core   0: 3 0x0000000080007728 (0x00220233) x4  0x000000008000c190
core   0: 0x000000008000772c (0x06023f87) fld     ft11, 96(tp)
core   0: 3 0x000000008000772c (0x06023f87) f31 0xfff8000000000000 mem 0x000000008000c1f0
core   0: 0x0000000080007730 (0x40220233) sub     tp, tp, sp
core   0: 3 0x0000000080007730 (0x40220233) x4  0x000000008000a190
core   0: 0x0000000080007734 (0x00100113) li      sp, 1
core   0: 3 0x0000000080007734 (0x00100113) x2  0x0000000000000001
core   0: 0x0000000080007738 (0x00d11113) slli    sp, sp, 13
core   0: 3 0x0000000080007738 (0x00d11113) x2  0x0000000000002000
core   0: 0x000000008000773c (0x00220233) add     tp, tp, sp
core   0: 3 0x000000008000773c (0x00220233) x4  0x000000008000c190
core   0: 0x0000000080007740 (0x06823f07) fld     ft10, 104(tp)
core   0: 3 0x0000000080007740 (0x06823f07) f30 0x8000000000000002 mem 0x000000008000c1f8
core   0: 0x0000000080007744 (0x40220233) sub     tp, tp, sp
core   0: 3 0x0000000080007744 (0x40220233) x4  0x000000008000a190
core   0: 0x0000000080007748 (0x00000113) li      sp, 0
core   0: 3 0x0000000080007748 (0x00000113) x2  0x0000000000000000
core   0: 0x000000008000774c (0x00311073) csrw    fcsr, sp
core   0: 3 0x000000008000774c (0x00311073) c1_fflags 0x0000000000000000 c2_frm 0x0000000000000000
core   0: 0x0000000080007750 (0xa3ef9fd3) flt.d   t6, ft11, ft10
core   0: 3 0x0000000080007750 (0xa3ef9fd3) c1_fflags 0x0000000000000010 x31 0x0000000000000000
core   0: 0x0000000080007754 (0x003022f3) csrr    t0, fcsr
core   0: 3 0x0000000080007754 (0x003022f3) x5  0x0000000000000010
core   0: 0x0000000080007758 (0x03f0b823) sd      t6, 48(ra)
core   0: 3 0x0000000080007758 (0x03f0b823) mem 0x00000000800112f8 0x0000000000000000
core   0: 0x000000008000775c (0x0250bc23) sd      t0, 56(ra)
core   0: 3 0x000000008000775c (0x0250bc23) mem 0x0000000080011300 0x0000000000000010
core   0: >>>>  inst_543
core   0: 0x0000000080007760 (0x00100113) li      sp, 1
core   0: 3 0x0000000080007760 (0x00100113) x2  0x0000000000000001
core   0: 0x0000000080007764 (0x00d11113) slli    sp, sp, 13
core   0: 3 0x0000000080007764 (0x00d11113) x2  0x0000000000002000
core   0: 0x0000000080007768 (0x00220233) add     tp, tp, sp
core   0: 3 0x0000000080007768 (0x00220233) x4  0x000000008000c190
core   0: 0x000000008000776c (0x07023f87) fld     ft11, 112(tp)
core   0: 3 0x000000008000776c (0x07023f87) f31 0xfff8000000000000 mem 0x000000008000c200
core   0: 0x0000000080007770 (0x40220233) sub     tp, tp, sp
core   0: 3 0x0000000080007770 (0x40220233) x4  0x000000008000a190
core   0: 0x0000000080007774 (0x00100113) li      sp, 1
core   0: 3 0x0000000080007774 (0x00100113) x2  0x0000000000000001
core   0: 0x0000000080007778 (0x00d11113) slli    sp, sp, 13
core   0: 3 0x0000000080007778 (0x00d11113) x2  0x0000000000002000
core   0: 0x000000008000777c (0x00220233) add     tp, tp, sp
core   0: 3 0x000000008000777c (0x00220233) x4  0x000000008000c190
core   0: 0x0000000080007780 (0x07823f07) fld     ft10, 120(tp)
core   0: 3 0x0000000080007780 (0x07823f07) f30 0x800fffffffffffff mem 0x000000008000c208
core   0: 0x0000000080007784 (0x40220233) sub     tp, tp, sp
core   0: 3 0x0000000080007784 (0x40220233) x4  0x000000008000a190
core   0: 0x0000000080007788 (0x00000113) li      sp, 0
core   0: 3 0x0000000080007788 (0x00000113) x2  0x0000000000000000
core   0: 0x000000008000778c (0x00311073) csrw    fcsr, sp
core   0: 3 0x000000008000778c (0x00311073) c1_fflags 0x0000000000000000 c2_frm 0x0000000000000000
core   0: 0x0000000080007790 (0xa3ef9fd3) flt.d   t6, ft11, ft10
core   0: 3 0x0000000080007790 (0xa3ef9fd3) c1_fflags 0x0000000000000010 x31 0x0000000000000000
core   0: 0x0000000080007794 (0x003022f3) csrr    t0, fcsr
core   0: 3 0x0000000080007794 (0x003022f3) x5  0x0000000000000010
core   0: 0x0000000080007798 (0x05f0b023) sd      t6, 64(ra)
core   0: 3 0x0000000080007798 (0x05f0b023) mem 0x0000000080011308 0x0000000000000000
core   0: 0x000000008000779c (0x0450b423) sd      t0, 72(ra)
core   0: 3 0x000000008000779c (0x0450b423) mem 0x0000000080011310 0x0000000000000010
core   0: >>>>  inst_544
core   0: 0x00000000800077a0 (0x00100113) li      sp, 1
core   0: 3 0x00000000800077a0 (0x00100113) x2  0x0000000000000001
core   0: 0x00000000800077a4 (0x00d11113) slli    sp, sp, 13
core   0: 3 0x00000000800077a4 (0x00d11113) x2  0x0000000000002000
core   0: 0x00000000800077a8 (0x00220233) add     tp, tp, sp
core   0: 3 0x00000000800077a8 (0x00220233) x4  0x000000008000c190
core   0: 0x00000000800077ac (0x08023f87) fld     ft11, 128(tp)
core   0: 3 0x00000000800077ac (0x08023f87) f31 0xfff8000000000000 mem 0x000000008000c210
core   0: 0x00000000800077b0 (0x40220233) sub     tp, tp, sp
core   0: 3 0x00000000800077b0 (0x40220233) x4  0x000000008000a190
core   0: 0x00000000800077b4 (0x00100113) li      sp, 1
core   0: 3 0x00000000800077b4 (0x00100113) x2  0x0000000000000001
core   0: 0x00000000800077b8 (0x00d11113) slli    sp, sp, 13
core   0: 3 0x00000000800077b8 (0x00d11113) x2  0x0000000000002000
core   0: 0x00000000800077bc (0x00220233) add     tp, tp, sp
core   0: 3 0x00000000800077bc (0x00220233) x4  0x000000008000c190
core   0: 0x00000000800077c0 (0x08823f07) fld     ft10, 136(tp)
core   0: 3 0x00000000800077c0 (0x08823f07) f30 0x8010000000000000 mem 0x000000008000c218
core   0: 0x00000000800077c4 (0x40220233) sub     tp, tp, sp
core   0: 3 0x00000000800077c4 (0x40220233) x4  0x000000008000a190
core   0: 0x00000000800077c8 (0x00000113) li      sp, 0
core   0: 3 0x00000000800077c8 (0x00000113) x2  0x0000000000000000
core   0: 0x00000000800077cc (0x00311073) csrw    fcsr, sp
core   0: 3 0x00000000800077cc (0x00311073) c1_fflags 0x0000000000000000 c2_frm 0x0000000000000000
core   0: 0x00000000800077d0 (0xa3ef9fd3) flt.d   t6, ft11, ft10
core   0: 3 0x00000000800077d0 (0xa3ef9fd3) c1_fflags 0x0000000000000010 x31 0x0000000000000000
core   0: 0x00000000800077d4 (0x003022f3) csrr    t0, fcsr
core   0: 3 0x00000000800077d4 (0x003022f3) x5  0x0000000000000010
core   0: 0x00000000800077d8 (0x05f0b823) sd      t6, 80(ra)
core   0: 3 0x00000000800077d8 (0x05f0b823) mem 0x0000000080011318 0x0000000000000000
core   0: 0x00000000800077dc (0x0450bc23) sd      t0, 88(ra)
core   0: 3 0x00000000800077dc (0x0450bc23) mem 0x0000000080011320 0x0000000000000010
core   0: >>>>  inst_545
core   0: 0x00000000800077e0 (0x00100113) li      sp, 1
core   0: 3 0x00000000800077e0 (0x00100113) x2  0x0000000000000001
core   0: 0x00000000800077e4 (0x00d11113) slli    sp, sp, 13
core   0: 3 0x00000000800077e4 (0x00d11113) x2  0x0000000000002000
core   0: 0x00000000800077e8 (0x00220233) add     tp, tp, sp
core   0: 3 0x00000000800077e8 (0x00220233) x4  0x000000008000c190
core   0: 0x00000000800077ec (0x09023f87) fld     ft11, 144(tp)
core   0: 3 0x00000000800077ec (0x09023f87) f31 0xfff8000000000000 mem 0x000000008000c220
core   0: 0x00000000800077f0 (0x40220233) sub     tp, tp, sp
core   0: 3 0x00000000800077f0 (0x40220233) x4  0x000000008000a190
core   0: 0x00000000800077f4 (0x00100113) li      sp, 1
core   0: 3 0x00000000800077f4 (0x00100113) x2  0x0000000000000001
core   0: 0x00000000800077f8 (0x00d11113) slli    sp, sp, 13
core   0: 3 0x00000000800077f8 (0x00d11113) x2  0x0000000000002000
core   0: 0x00000000800077fc (0x00220233) add     tp, tp, sp
core   0: 3 0x00000000800077fc (0x00220233) x4  0x000000008000c190
core   0: 0x0000000080007800 (0x09823f07) fld     ft10, 152(tp)
core   0: 3 0x0000000080007800 (0x09823f07) f30 0x8010000000000002 mem 0x000000008000c228
core   0: 0x0000000080007804 (0x40220233) sub     tp, tp, sp
core   0: 3 0x0000000080007804 (0x40220233) x4  0x000000008000a190
core   0: 0x0000000080007808 (0x00000113) li      sp, 0
core   0: 3 0x0000000080007808 (0x00000113) x2  0x0000000000000000
core   0: 0x000000008000780c (0x00311073) csrw    fcsr, sp
core   0: 3 0x000000008000780c (0x00311073) c1_fflags 0x0000000000000000 c2_frm 0x0000000000000000
core   0: 0x0000000080007810 (0xa3ef9fd3) flt.d   t6, ft11, ft10
core   0: 3 0x0000000080007810 (0xa3ef9fd3) c1_fflags 0x0000000000000010 x31 0x0000000000000000
core   0: 0x0000000080007814 (0x003022f3) csrr    t0, fcsr
core   0: 3 0x0000000080007814 (0x003022f3) x5  0x0000000000000010
core   0: 0x0000000080007818 (0x07f0b023) sd      t6, 96(ra)
core   0: 3 0x0000000080007818 (0x07f0b023) mem 0x0000000080011328 0x0000000000000000
core   0: 0x000000008000781c (0x0650b423) sd      t0, 104(ra)
core   0: 3 0x000000008000781c (0x0650b423) mem 0x0000000080011330 0x0000000000000010
core   0: >>>>  inst_546
core   0: 0x0000000080007820 (0x00100113) li      sp, 1
core   0: 3 0x0000000080007820 (0x00100113) x2  0x0000000000000001
core   0: 0x0000000080007824 (0x00d11113) slli    sp, sp, 13
core   0: 3 0x0000000080007824 (0x00d11113) x2  0x0000000000002000
core   0: 0x0000000080007828 (0x00220233) add     tp, tp, sp
core   0: 3 0x0000000080007828 (0x00220233) x4  0x000000008000c190
core   0: 0x000000008000782c (0x0a023f87) fld     ft11, 160(tp)
core   0: 3 0x000000008000782c (0x0a023f87) f31 0xfff8000000000000 mem 0x000000008000c230
core   0: 0x0000000080007830 (0x40220233) sub     tp, tp, sp
core   0: 3 0x0000000080007830 (0x40220233) x4  0x000000008000a190
core   0: 0x0000000080007834 (0x00100113) li      sp, 1
core   0: 3 0x0000000080007834 (0x00100113) x2  0x0000000000000001
core   0: 0x0000000080007838 (0x00d11113) slli    sp, sp, 13
core   0: 3 0x0000000080007838 (0x00d11113) x2  0x0000000000002000
core   0: 0x000000008000783c (0x00220233) add     tp, tp, sp
core   0: 3 0x000000008000783c (0x00220233) x4  0x000000008000c190
core   0: 0x0000000080007840 (0x0a823f07) fld     ft10, 168(tp)
core   0: 3 0x0000000080007840 (0x0a823f07) f30 0xbf80000000000000 mem 0x000000008000c238
core   0: 0x0000000080007844 (0x40220233) sub     tp, tp, sp
core   0: 3 0x0000000080007844 (0x40220233) x4  0x000000008000a190
core   0: 0x0000000080007848 (0x00000113) li      sp, 0
core   0: 3 0x0000000080007848 (0x00000113) x2  0x0000000000000000
core   0: 0x000000008000784c (0x00311073) csrw    fcsr, sp
core   0: 3 0x000000008000784c (0x00311073) c1_fflags 0x0000000000000000 c2_frm 0x0000000000000000
core   0: 0x0000000080007850 (0xa3ef9fd3) flt.d   t6, ft11, ft10
core   0: 3 0x0000000080007850 (0xa3ef9fd3) c1_fflags 0x0000000000000010 x31 0x0000000000000000
core   0: 0x0000000080007854 (0x003022f3) csrr    t0, fcsr
core   0: 3 0x0000000080007854 (0x003022f3) x5  0x0000000000000010
core   0: 0x0000000080007858 (0x07f0b823) sd      t6, 112(ra)
core   0: 3 0x0000000080007858 (0x07f0b823) mem 0x0000000080011338 0x0000000000000000
core   0: 0x000000008000785c (0x0650bc23) sd      t0, 120(ra)
core   0: 3 0x000000008000785c (0x0650bc23) mem 0x0000000080011340 0x0000000000000010
core   0: >>>>  inst_547
core   0: 0x0000000080007860 (0x00100113) li      sp, 1
core   0: 3 0x0000000080007860 (0x00100113) x2  0x0000000000000001
core   0: 0x0000000080007864 (0x00d11113) slli    sp, sp, 13
core   0: 3 0x0000000080007864 (0x00d11113) x2  0x0000000000002000
core   0: 0x0000000080007868 (0x00220233) add     tp, tp, sp
core   0: 3 0x0000000080007868 (0x00220233) x4  0x000000008000c190
core   0: 0x000000008000786c (0x0b023f87) fld     ft11, 176(tp)
core   0: 3 0x000000008000786c (0x0b023f87) f31 0xfff8000000000000 mem 0x000000008000c240
core   0: 0x0000000080007870 (0x40220233) sub     tp, tp, sp
core   0: 3 0x0000000080007870 (0x40220233) x4  0x000000008000a190
core   0: 0x0000000080007874 (0x00100113) li      sp, 1
core   0: 3 0x0000000080007874 (0x00100113) x2  0x0000000000000001
core   0: 0x0000000080007878 (0x00d11113) slli    sp, sp, 13
core   0: 3 0x0000000080007878 (0x00d11113) x2  0x0000000000002000
core   0: 0x000000008000787c (0x00220233) add     tp, tp, sp
core   0: 3 0x000000008000787c (0x00220233) x4  0x000000008000c190
core   0: 0x0000000080007880 (0x0b823f07) fld     ft10, 184(tp)
core   0: 3 0x0000000080007880 (0x0b823f07) f30 0xffefffffffffffff mem 0x000000008000c248
core   0: 0x0000000080007884 (0x40220233) sub     tp, tp, sp
core   0: 3 0x0000000080007884 (0x40220233) x4  0x000000008000a190
core   0: 0x0000000080007888 (0x00000113) li      sp, 0
core   0: 3 0x0000000080007888 (0x00000113) x2  0x0000000000000000
core   0: 0x000000008000788c (0x00311073) csrw    fcsr, sp
core   0: 3 0x000000008000788c (0x00311073) c1_fflags 0x0000000000000000 c2_frm 0x0000000000000000
core   0: 0x0000000080007890 (0xa3ef9fd3) flt.d   t6, ft11, ft10
core   0: 3 0x0000000080007890 (0xa3ef9fd3) c1_fflags 0x0000000000000010 x31 0x0000000000000000
core   0: 0x0000000080007894 (0x003022f3) csrr    t0, fcsr
core   0: 3 0x0000000080007894 (0x003022f3) x5  0x0000000000000010
core   0: 0x0000000080007898 (0x09f0b023) sd      t6, 128(ra)
core   0: 3 0x0000000080007898 (0x09f0b023) mem 0x0000000080011348 0x0000000000000000
core   0: 0x000000008000789c (0x0850b423) sd      t0, 136(ra)
core   0: 3 0x000000008000789c (0x0850b423) mem 0x0000000080011350 0x0000000000000010
core   0: >>>>  inst_548
core   0: 0x00000000800078a0 (0x00100113) li      sp, 1
core   0: 3 0x00000000800078a0 (0x00100113) x2  0x0000000000000001
core   0: 0x00000000800078a4 (0x00d11113) slli    sp, sp, 13
core   0: 3 0x00000000800078a4 (0x00d11113) x2  0x0000000000002000
core   0: 0x00000000800078a8 (0x00220233) add     tp, tp, sp
core   0: 3 0x00000000800078a8 (0x00220233) x4  0x000000008000c190
core   0: 0x00000000800078ac (0x0c023f87) fld     ft11, 192(tp)
core   0: 3 0x00000000800078ac (0x0c023f87) f31 0xfff8000000000000 mem 0x000000008000c250
core   0: 0x00000000800078b0 (0x40220233) sub     tp, tp, sp
core   0: 3 0x00000000800078b0 (0x40220233) x4  0x000000008000a190
core   0: 0x00000000800078b4 (0x00100113) li      sp, 1
core   0: 3 0x00000000800078b4 (0x00100113) x2  0x0000000000000001
core   0: 0x00000000800078b8 (0x00d11113) slli    sp, sp, 13
core   0: 3 0x00000000800078b8 (0x00d11113) x2  0x0000000000002000
core   0: 0x00000000800078bc (0x00220233) add     tp, tp, sp
core   0: 3 0x00000000800078bc (0x00220233) x4  0x000000008000c190
core   0: 0x00000000800078c0 (0x0c823f07) fld     ft10, 200(tp)
core   0: 3 0x00000000800078c0 (0x0c823f07) f30 0xfff0000000000000 mem 0x000000008000c258
core   0: 0x00000000800078c4 (0x40220233) sub     tp, tp, sp
core   0: 3 0x00000000800078c4 (0x40220233) x4  0x000000008000a190
core   0: 0x00000000800078c8 (0x00000113) li      sp, 0
core   0: 3 0x00000000800078c8 (0x00000113) x2  0x0000000000000000
core   0: 0x00000000800078cc (0x00311073) csrw    fcsr, sp
core   0: 3 0x00000000800078cc (0x00311073) c1_fflags 0x0000000000000000 c2_frm 0x0000000000000000
core   0: 0x00000000800078d0 (0xa3ef9fd3) flt.d   t6, ft11, ft10
core   0: 3 0x00000000800078d0 (0xa3ef9fd3) c1_fflags 0x0000000000000010 x31 0x0000000000000000
core   0: 0x00000000800078d4 (0x003022f3) csrr    t0, fcsr
core   0: 3 0x00000000800078d4 (0x003022f3) x5  0x0000000000000010
core   0: 0x00000000800078d8 (0x09f0b823) sd      t6, 144(ra)
core   0: 3 0x00000000800078d8 (0x09f0b823) mem 0x0000000080011358 0x0000000000000000
core   0: 0x00000000800078dc (0x0850bc23) sd      t0, 152(ra)
core   0: 3 0x00000000800078dc (0x0850bc23) mem 0x0000000080011360 0x0000000000000010
core   0: >>>>  inst_549
core   0: 0x00000000800078e0 (0x00100113) li      sp, 1
core   0: 3 0x00000000800078e0 (0x00100113) x2  0x0000000000000001
core   0: 0x00000000800078e4 (0x00d11113) slli    sp, sp, 13
core   0: 3 0x00000000800078e4 (0x00d11113) x2  0x0000000000002000
core   0: 0x00000000800078e8 (0x00220233) add     tp, tp, sp
core   0: 3 0x00000000800078e8 (0x00220233) x4  0x000000008000c190
core   0: 0x00000000800078ec (0x0d023f87) fld     ft11, 208(tp)
core   0: 3 0x00000000800078ec (0x0d023f87) f31 0xfff8000000000000 mem 0x000000008000c260
core   0: 0x00000000800078f0 (0x40220233) sub     tp, tp, sp
core   0: 3 0x00000000800078f0 (0x40220233) x4  0x000000008000a190
core   0: 0x00000000800078f4 (0x00100113) li      sp, 1
core   0: 3 0x00000000800078f4 (0x00100113) x2  0x0000000000000001
core   0: 0x00000000800078f8 (0x00d11113) slli    sp, sp, 13
core   0: 3 0x00000000800078f8 (0x00d11113) x2  0x0000000000002000
core   0: 0x00000000800078fc (0x00220233) add     tp, tp, sp
core   0: 3 0x00000000800078fc (0x00220233) x4  0x000000008000c190
core   0: 0x0000000080007900 (0x0d823f07) fld     ft10, 216(tp)
core   0: 3 0x0000000080007900 (0x0d823f07) f30 0xfff0000000000001 mem 0x000000008000c268
core   0: 0x0000000080007904 (0x40220233) sub     tp, tp, sp
core   0: 3 0x0000000080007904 (0x40220233) x4  0x000000008000a190
core   0: 0x0000000080007908 (0x00000113) li      sp, 0
core   0: 3 0x0000000080007908 (0x00000113) x2  0x0000000000000000
core   0: 0x000000008000790c (0x00311073) csrw    fcsr, sp
core   0: 3 0x000000008000790c (0x00311073) c1_fflags 0x0000000000000000 c2_frm 0x0000000000000000
core   0: 0x0000000080007910 (0xa3ef9fd3) flt.d   t6, ft11, ft10
core   0: 3 0x0000000080007910 (0xa3ef9fd3) c1_fflags 0x0000000000000010 x31 0x0000000000000000
core   0: 0x0000000080007914 (0x003022f3) csrr    t0, fcsr
core   0: 3 0x0000000080007914 (0x003022f3) x5  0x0000000000000010
core   0: 0x0000000080007918 (0x0bf0b023) sd      t6, 160(ra)
core   0: 3 0x0000000080007918 (0x0bf0b023) mem 0x0000000080011368 0x0000000000000000
core   0: 0x000000008000791c (0x0a50b423) sd      t0, 168(ra)
core   0: 3 0x000000008000791c (0x0a50b423) mem 0x0000000080011370 0x0000000000000010
core   0: >>>>  inst_550
core   0: 0x0000000080007920 (0x00100113) li      sp, 1
core   0: 3 0x0000000080007920 (0x00100113) x2  0x0000000000000001
core   0: 0x0000000080007924 (0x00d11113) slli    sp, sp, 13
core   0: 3 0x0000000080007924 (0x00d11113) x2  0x0000000000002000
core   0: 0x0000000080007928 (0x00220233) add     tp, tp, sp
core   0: 3 0x0000000080007928 (0x00220233) x4  0x000000008000c190
core   0: 0x000000008000792c (0x0e023f87) fld     ft11, 224(tp)
core   0: 3 0x000000008000792c (0x0e023f87) f31 0xfff8000000000000 mem 0x000000008000c270
core   0: 0x0000000080007930 (0x40220233) sub     tp, tp, sp
core   0: 3 0x0000000080007930 (0x40220233) x4  0x000000008000a190
core   0: 0x0000000080007934 (0x00100113) li      sp, 1
core   0: 3 0x0000000080007934 (0x00100113) x2  0x0000000000000001
core   0: 0x0000000080007938 (0x00d11113) slli    sp, sp, 13
core   0: 3 0x0000000080007938 (0x00d11113) x2  0x0000000000002000
core   0: 0x000000008000793c (0x00220233) add     tp, tp, sp
core   0: 3 0x000000008000793c (0x00220233) x4  0x000000008000c190
core   0: 0x0000000080007940 (0x0e823f07) fld     ft10, 232(tp)
core   0: 3 0x0000000080007940 (0x0e823f07) f30 0xfff8000000000000 mem 0x000000008000c278
core   0: 0x0000000080007944 (0x40220233) sub     tp, tp, sp
core   0: 3 0x0000000080007944 (0x40220233) x4  0x000000008000a190
core   0: 0x0000000080007948 (0x00000113) li      sp, 0
core   0: 3 0x0000000080007948 (0x00000113) x2  0x0000000000000000
core   0: 0x000000008000794c (0x00311073) csrw    fcsr, sp
core   0: 3 0x000000008000794c (0x00311073) c1_fflags 0x0000000000000000 c2_frm 0x0000000000000000
core   0: 0x0000000080007950 (0xa3ef9fd3) flt.d   t6, ft11, ft10
core   0: 3 0x0000000080007950 (0xa3ef9fd3) c1_fflags 0x0000000000000010 x31 0x0000000000000000
core   0: 0x0000000080007954 (0x003022f3) csrr    t0, fcsr
core   0: 3 0x0000000080007954 (0x003022f3) x5  0x0000000000000010
core   0: 0x0000000080007958 (0x0bf0b823) sd      t6, 176(ra)
core   0: 3 0x0000000080007958 (0x0bf0b823) mem 0x0000000080011378 0x0000000000000000
core   0: 0x000000008000795c (0x0a50bc23) sd      t0, 184(ra)
core   0: 3 0x000000008000795c (0x0a50bc23) mem 0x0000000080011380 0x0000000000000010
core   0: >>>>  inst_551
core   0: 0x0000000080007960 (0x00100113) li      sp, 1
core   0: 3 0x0000000080007960 (0x00100113) x2  0x0000000000000001
core   0: 0x0000000080007964 (0x00d11113) slli    sp, sp, 13
core   0: 3 0x0000000080007964 (0x00d11113) x2  0x0000000000002000
core   0: 0x0000000080007968 (0x00220233) add     tp, tp, sp
core   0: 3 0x0000000080007968 (0x00220233) x4  0x000000008000c190
core   0: 0x000000008000796c (0x0f023f87) fld     ft11, 240(tp)
core   0: 3 0x000000008000796c (0x0f023f87) f31 0xfff8000000000000 mem 0x000000008000c280
core   0: 0x0000000080007970 (0x40220233) sub     tp, tp, sp
core   0: 3 0x0000000080007970 (0x40220233) x4  0x000000008000a190
core   0: 0x0000000080007974 (0x00100113) li      sp, 1
core   0: 3 0x0000000080007974 (0x00100113) x2  0x0000000000000001
core   0: 0x0000000080007978 (0x00d11113) slli    sp, sp, 13
core   0: 3 0x0000000080007978 (0x00d11113) x2  0x0000000000002000
core   0: 0x000000008000797c (0x00220233) add     tp, tp, sp
core   0: 3 0x000000008000797c (0x00220233) x4  0x000000008000c190
core   0: 0x0000000080007980 (0x0f823f07) fld     ft10, 248(tp)
core   0: 3 0x0000000080007980 (0x0f823f07) f30 0xfff8000000000001 mem 0x000000008000c288
core   0: 0x0000000080007984 (0x40220233) sub     tp, tp, sp
core   0: 3 0x0000000080007984 (0x40220233) x4  0x000000008000a190
core   0: 0x0000000080007988 (0x00000113) li      sp, 0
core   0: 3 0x0000000080007988 (0x00000113) x2  0x0000000000000000
core   0: 0x000000008000798c (0x00311073) csrw    fcsr, sp
core   0: 3 0x000000008000798c (0x00311073) c1_fflags 0x0000000000000000 c2_frm 0x0000000000000000
core   0: 0x0000000080007990 (0xa3ef9fd3) flt.d   t6, ft11, ft10
core   0: 3 0x0000000080007990 (0xa3ef9fd3) c1_fflags 0x0000000000000010 x31 0x0000000000000000
core   0: 0x0000000080007994 (0x003022f3) csrr    t0, fcsr
core   0: 3 0x0000000080007994 (0x003022f3) x5  0x0000000000000010
core   0: 0x0000000080007998 (0x0df0b023) sd      t6, 192(ra)
core   0: 3 0x0000000080007998 (0x0df0b023) mem 0x0000000080011388 0x0000000000000000
core   0: 0x000000008000799c (0x0c50b423) sd      t0, 200(ra)
core   0: 3 0x000000008000799c (0x0c50b423) mem 0x0000000080011390 0x0000000000000010
core   0: >>>>  inst_552
core   0: 0x00000000800079a0 (0x00100113) li      sp, 1
core   0: 3 0x00000000800079a0 (0x00100113) x2  0x0000000000000001
core   0: 0x00000000800079a4 (0x00d11113) slli    sp, sp, 13
core   0: 3 0x00000000800079a4 (0x00d11113) x2  0x0000000000002000
core   0: 0x00000000800079a8 (0x00220233) add     tp, tp, sp
core   0: 3 0x00000000800079a8 (0x00220233) x4  0x000000008000c190
core   0: 0x00000000800079ac (0x10023f87) fld     ft11, 256(tp)
core   0: 3 0x00000000800079ac (0x10023f87) f31 0xfff8000000000001 mem 0x000000008000c290
core   0: 0x00000000800079b0 (0x40220233) sub     tp, tp, sp
core   0: 3 0x00000000800079b0 (0x40220233) x4  0x000000008000a190
core   0: 0x00000000800079b4 (0x00100113) li      sp, 1
core   0: 3 0x00000000800079b4 (0x00100113) x2  0x0000000000000001
core   0: 0x00000000800079b8 (0x00d11113) slli    sp, sp, 13
core   0: 3 0x00000000800079b8 (0x00d11113) x2  0x0000000000002000
core   0: 0x00000000800079bc (0x00220233) add     tp, tp, sp
core   0: 3 0x00000000800079bc (0x00220233) x4  0x000000008000c190
core   0: 0x00000000800079c0 (0x10823f07) fld     ft10, 264(tp)
core   0: 3 0x00000000800079c0 (0x10823f07) f30 0x0000000000000000 mem 0x000000008000c298
core   0: 0x00000000800079c4 (0x40220233) sub     tp, tp, sp
core   0: 3 0x00000000800079c4 (0x40220233) x4  0x000000008000a190
core   0: 0x00000000800079c8 (0x00000113) li      sp, 0
core   0: 3 0x00000000800079c8 (0x00000113) x2  0x0000000000000000
core   0: 0x00000000800079cc (0x00311073) csrw    fcsr, sp
core   0: 3 0x00000000800079cc (0x00311073) c1_fflags 0x0000000000000000 c2_frm 0x0000000000000000
core   0: 0x00000000800079d0 (0xa3ef9fd3) flt.d   t6, ft11, ft10
core   0: 3 0x00000000800079d0 (0xa3ef9fd3) c1_fflags 0x0000000000000010 x31 0x0000000000000000
core   0: 0x00000000800079d4 (0x003022f3) csrr    t0, fcsr
core   0: 3 0x00000000800079d4 (0x003022f3) x5  0x0000000000000010
core   0: 0x00000000800079d8 (0x0df0b823) sd      t6, 208(ra)
core   0: 3 0x00000000800079d8 (0x0df0b823) mem 0x0000000080011398 0x0000000000000000
core   0: 0x00000000800079dc (0x0c50bc23) sd      t0, 216(ra)
core   0: 3 0x00000000800079dc (0x0c50bc23) mem 0x00000000800113a0 0x0000000000000010
core   0: >>>>  inst_553
core   0: 0x00000000800079e0 (0x00100113) li      sp, 1
core   0: 3 0x00000000800079e0 (0x00100113) x2  0x0000000000000001
core   0: 0x00000000800079e4 (0x00d11113) slli    sp, sp, 13
core   0: 3 0x00000000800079e4 (0x00d11113) x2  0x0000000000002000
core   0: 0x00000000800079e8 (0x00220233) add     tp, tp, sp
core   0: 3 0x00000000800079e8 (0x00220233) x4  0x000000008000c190
core   0: 0x00000000800079ec (0x11023f87) fld     ft11, 272(tp)
core   0: 3 0x00000000800079ec (0x11023f87) f31 0xfff8000000000001 mem 0x000000008000c2a0
core   0: 0x00000000800079f0 (0x40220233) sub     tp, tp, sp
core   0: 3 0x00000000800079f0 (0x40220233) x4  0x000000008000a190
core   0: 0x00000000800079f4 (0x00100113) li      sp, 1
core   0: 3 0x00000000800079f4 (0x00100113) x2  0x0000000000000001
core   0: 0x00000000800079f8 (0x00d11113) slli    sp, sp, 13
core   0: 3 0x00000000800079f8 (0x00d11113) x2  0x0000000000002000
core   0: 0x00000000800079fc (0x00220233) add     tp, tp, sp
core   0: 3 0x00000000800079fc (0x00220233) x4  0x000000008000c190
core   0: 0x0000000080007a00 (0x11823f07) fld     ft10, 280(tp)
core   0: 3 0x0000000080007a00 (0x11823f07) f30 0x0000000000000001 mem 0x000000008000c2a8
core   0: 0x0000000080007a04 (0x40220233) sub     tp, tp, sp
core   0: 3 0x0000000080007a04 (0x40220233) x4  0x000000008000a190
core   0: 0x0000000080007a08 (0x00000113) li      sp, 0
core   0: 3 0x0000000080007a08 (0x00000113) x2  0x0000000000000000
core   0: 0x0000000080007a0c (0x00311073) csrw    fcsr, sp
core   0: 3 0x0000000080007a0c (0x00311073) c1_fflags 0x0000000000000000 c2_frm 0x0000000000000000
core   0: 0x0000000080007a10 (0xa3ef9fd3) flt.d   t6, ft11, ft10
core   0: 3 0x0000000080007a10 (0xa3ef9fd3) c1_fflags 0x0000000000000010 x31 0x0000000000000000
core   0: 0x0000000080007a14 (0x003022f3) csrr    t0, fcsr
core   0: 3 0x0000000080007a14 (0x003022f3) x5  0x0000000000000010
core   0: 0x0000000080007a18 (0x0ff0b023) sd      t6, 224(ra)
core   0: 3 0x0000000080007a18 (0x0ff0b023) mem 0x00000000800113a8 0x0000000000000000
core   0: 0x0000000080007a1c (0x0e50b423) sd      t0, 232(ra)
core   0: 3 0x0000000080007a1c (0x0e50b423) mem 0x00000000800113b0 0x0000000000000010
core   0: >>>>  inst_554
core   0: 0x0000000080007a20 (0x00100113) li      sp, 1
core   0: 3 0x0000000080007a20 (0x00100113) x2  0x0000000000000001
core   0: 0x0000000080007a24 (0x00d11113) slli    sp, sp, 13
core   0: 3 0x0000000080007a24 (0x00d11113) x2  0x0000000000002000
core   0: 0x0000000080007a28 (0x00220233) add     tp, tp, sp
core   0: 3 0x0000000080007a28 (0x00220233) x4  0x000000008000c190
core   0: 0x0000000080007a2c (0x12023f87) fld     ft11, 288(tp)
core   0: 3 0x0000000080007a2c (0x12023f87) f31 0xfff8000000000001 mem 0x000000008000c2b0
core   0: 0x0000000080007a30 (0x40220233) sub     tp, tp, sp
core   0: 3 0x0000000080007a30 (0x40220233) x4  0x000000008000a190
core   0: 0x0000000080007a34 (0x00100113) li      sp, 1
core   0: 3 0x0000000080007a34 (0x00100113) x2  0x0000000000000001
core   0: 0x0000000080007a38 (0x00d11113) slli    sp, sp, 13
core   0: 3 0x0000000080007a38 (0x00d11113) x2  0x0000000000002000
core   0: 0x0000000080007a3c (0x00220233) add     tp, tp, sp
core   0: 3 0x0000000080007a3c (0x00220233) x4  0x000000008000c190
core   0: 0x0000000080007a40 (0x12823f07) fld     ft10, 296(tp)
core   0: 3 0x0000000080007a40 (0x12823f07) f30 0x0000000000000002 mem 0x000000008000c2b8
core   0: 0x0000000080007a44 (0x40220233) sub     tp, tp, sp
core   0: 3 0x0000000080007a44 (0x40220233) x4  0x000000008000a190
core   0: 0x0000000080007a48 (0x00000113) li      sp, 0
core   0: 3 0x0000000080007a48 (0x00000113) x2  0x0000000000000000
core   0: 0x0000000080007a4c (0x00311073) csrw    fcsr, sp
core   0: 3 0x0000000080007a4c (0x00311073) c1_fflags 0x0000000000000000 c2_frm 0x0000000000000000
core   0: 0x0000000080007a50 (0xa3ef9fd3) flt.d   t6, ft11, ft10
core   0: 3 0x0000000080007a50 (0xa3ef9fd3) c1_fflags 0x0000000000000010 x31 0x0000000000000000
core   0: 0x0000000080007a54 (0x003022f3) csrr    t0, fcsr
core   0: 3 0x0000000080007a54 (0x003022f3) x5  0x0000000000000010
core   0: 0x0000000080007a58 (0x0ff0b823) sd      t6, 240(ra)
core   0: 3 0x0000000080007a58 (0x0ff0b823) mem 0x00000000800113b8 0x0000000000000000
core   0: 0x0000000080007a5c (0x0e50bc23) sd      t0, 248(ra)
core   0: 3 0x0000000080007a5c (0x0e50bc23) mem 0x00000000800113c0 0x0000000000000010
core   0: >>>>  inst_555
core   0: 0x0000000080007a60 (0x00100113) li      sp, 1
core   0: 3 0x0000000080007a60 (0x00100113) x2  0x0000000000000001
core   0: 0x0000000080007a64 (0x00d11113) slli    sp, sp, 13
core   0: 3 0x0000000080007a64 (0x00d11113) x2  0x0000000000002000
core   0: 0x0000000080007a68 (0x00220233) add     tp, tp, sp
core   0: 3 0x0000000080007a68 (0x00220233) x4  0x000000008000c190
core   0: 0x0000000080007a6c (0x13023f87) fld     ft11, 304(tp)
core   0: 3 0x0000000080007a6c (0x13023f87) f31 0xfff8000000000001 mem 0x000000008000c2c0
core   0: 0x0000000080007a70 (0x40220233) sub     tp, tp, sp
core   0: 3 0x0000000080007a70 (0x40220233) x4  0x000000008000a190
core   0: 0x0000000080007a74 (0x00100113) li      sp, 1
core   0: 3 0x0000000080007a74 (0x00100113) x2  0x0000000000000001
core   0: 0x0000000080007a78 (0x00d11113) slli    sp, sp, 13
core   0: 3 0x0000000080007a78 (0x00d11113) x2  0x0000000000002000
core   0: 0x0000000080007a7c (0x00220233) add     tp, tp, sp
core   0: 3 0x0000000080007a7c (0x00220233) x4  0x000000008000c190
core   0: 0x0000000080007a80 (0x13823f07) fld     ft10, 312(tp)
core   0: 3 0x0000000080007a80 (0x13823f07) f30 0x000fffffffffffff mem 0x000000008000c2c8
core   0: 0x0000000080007a84 (0x40220233) sub     tp, tp, sp
core   0: 3 0x0000000080007a84 (0x40220233) x4  0x000000008000a190
core   0: 0x0000000080007a88 (0x00000113) li      sp, 0
core   0: 3 0x0000000080007a88 (0x00000113) x2  0x0000000000000000
core   0: 0x0000000080007a8c (0x00311073) csrw    fcsr, sp
core   0: 3 0x0000000080007a8c (0x00311073) c1_fflags 0x0000000000000000 c2_frm 0x0000000000000000
core   0: 0x0000000080007a90 (0xa3ef9fd3) flt.d   t6, ft11, ft10
core   0: 3 0x0000000080007a90 (0xa3ef9fd3) c1_fflags 0x0000000000000010 x31 0x0000000000000000
core   0: 0x0000000080007a94 (0x003022f3) csrr    t0, fcsr
core   0: 3 0x0000000080007a94 (0x003022f3) x5  0x0000000000000010
core   0: 0x0000000080007a98 (0x11f0b023) sd      t6, 256(ra)
core   0: 3 0x0000000080007a98 (0x11f0b023) mem 0x00000000800113c8 0x0000000000000000
core   0: 0x0000000080007a9c (0x1050b423) sd      t0, 264(ra)
core   0: 3 0x0000000080007a9c (0x1050b423) mem 0x00000000800113d0 0x0000000000000010
core   0: >>>>  inst_556
core   0: 0x0000000080007aa0 (0x00100113) li      sp, 1
core   0: 3 0x0000000080007aa0 (0x00100113) x2  0x0000000000000001
core   0: 0x0000000080007aa4 (0x00d11113) slli    sp, sp, 13
core   0: 3 0x0000000080007aa4 (0x00d11113) x2  0x0000000000002000
core   0: 0x0000000080007aa8 (0x00220233) add     tp, tp, sp
core   0: 3 0x0000000080007aa8 (0x00220233) x4  0x000000008000c190
core   0: 0x0000000080007aac (0x14023f87) fld     ft11, 320(tp)
core   0: 3 0x0000000080007aac (0x14023f87) f31 0xfff8000000000001 mem 0x000000008000c2d0
core   0: 0x0000000080007ab0 (0x40220233) sub     tp, tp, sp
core   0: 3 0x0000000080007ab0 (0x40220233) x4  0x000000008000a190
core   0: 0x0000000080007ab4 (0x00100113) li      sp, 1
core   0: 3 0x0000000080007ab4 (0x00100113) x2  0x0000000000000001
core   0: 0x0000000080007ab8 (0x00d11113) slli    sp, sp, 13
core   0: 3 0x0000000080007ab8 (0x00d11113) x2  0x0000000000002000
core   0: 0x0000000080007abc (0x00220233) add     tp, tp, sp
core   0: 3 0x0000000080007abc (0x00220233) x4  0x000000008000c190
core   0: 0x0000000080007ac0 (0x14823f07) fld     ft10, 328(tp)
core   0: 3 0x0000000080007ac0 (0x14823f07) f30 0x0010000000000000 mem 0x000000008000c2d8
core   0: 0x0000000080007ac4 (0x40220233) sub     tp, tp, sp
core   0: 3 0x0000000080007ac4 (0x40220233) x4  0x000000008000a190
core   0: 0x0000000080007ac8 (0x00000113) li      sp, 0
core   0: 3 0x0000000080007ac8 (0x00000113) x2  0x0000000000000000
core   0: 0x0000000080007acc (0x00311073) csrw    fcsr, sp
core   0: 3 0x0000000080007acc (0x00311073) c1_fflags 0x0000000000000000 c2_frm 0x0000000000000000
core   0: 0x0000000080007ad0 (0xa3ef9fd3) flt.d   t6, ft11, ft10
core   0: 3 0x0000000080007ad0 (0xa3ef9fd3) c1_fflags 0x0000000000000010 x31 0x0000000000000000
core   0: 0x0000000080007ad4 (0x003022f3) csrr    t0, fcsr
core   0: 3 0x0000000080007ad4 (0x003022f3) x5  0x0000000000000010
core   0: 0x0000000080007ad8 (0x11f0b823) sd      t6, 272(ra)
core   0: 3 0x0000000080007ad8 (0x11f0b823) mem 0x00000000800113d8 0x0000000000000000
core   0: 0x0000000080007adc (0x1050bc23) sd      t0, 280(ra)
core   0: 3 0x0000000080007adc (0x1050bc23) mem 0x00000000800113e0 0x0000000000000010
core   0: >>>>  inst_557
core   0: 0x0000000080007ae0 (0x00100113) li      sp, 1
core   0: 3 0x0000000080007ae0 (0x00100113) x2  0x0000000000000001
core   0: 0x0000000080007ae4 (0x00d11113) slli    sp, sp, 13
core   0: 3 0x0000000080007ae4 (0x00d11113) x2  0x0000000000002000
core   0: 0x0000000080007ae8 (0x00220233) add     tp, tp, sp
core   0: 3 0x0000000080007ae8 (0x00220233) x4  0x000000008000c190
core   0: 0x0000000080007aec (0x15023f87) fld     ft11, 336(tp)
core   0: 3 0x0000000080007aec (0x15023f87) f31 0xfff8000000000001 mem 0x000000008000c2e0
core   0: 0x0000000080007af0 (0x40220233) sub     tp, tp, sp
core   0: 3 0x0000000080007af0 (0x40220233) x4  0x000000008000a190
core   0: 0x0000000080007af4 (0x00100113) li      sp, 1
core   0: 3 0x0000000080007af4 (0x00100113) x2  0x0000000000000001
core   0: 0x0000000080007af8 (0x00d11113) slli    sp, sp, 13
core   0: 3 0x0000000080007af8 (0x00d11113) x2  0x0000000000002000
core   0: 0x0000000080007afc (0x00220233) add     tp, tp, sp
core   0: 3 0x0000000080007afc (0x00220233) x4  0x000000008000c190
core   0: 0x0000000080007b00 (0x15823f07) fld     ft10, 344(tp)
core   0: 3 0x0000000080007b00 (0x15823f07) f30 0x0010000000000002 mem 0x000000008000c2e8
core   0: 0x0000000080007b04 (0x40220233) sub     tp, tp, sp
core   0: 3 0x0000000080007b04 (0x40220233) x4  0x000000008000a190
core   0: 0x0000000080007b08 (0x00000113) li      sp, 0
core   0: 3 0x0000000080007b08 (0x00000113) x2  0x0000000000000000
core   0: 0x0000000080007b0c (0x00311073) csrw    fcsr, sp
core   0: 3 0x0000000080007b0c (0x00311073) c1_fflags 0x0000000000000000 c2_frm 0x0000000000000000
core   0: 0x0000000080007b10 (0xa3ef9fd3) flt.d   t6, ft11, ft10
core   0: 3 0x0000000080007b10 (0xa3ef9fd3) c1_fflags 0x0000000000000010 x31 0x0000000000000000
core   0: 0x0000000080007b14 (0x003022f3) csrr    t0, fcsr
core   0: 3 0x0000000080007b14 (0x003022f3) x5  0x0000000000000010
core   0: 0x0000000080007b18 (0x13f0b023) sd      t6, 288(ra)
core   0: 3 0x0000000080007b18 (0x13f0b023) mem 0x00000000800113e8 0x0000000000000000
core   0: 0x0000000080007b1c (0x1250b423) sd      t0, 296(ra)
core   0: 3 0x0000000080007b1c (0x1250b423) mem 0x00000000800113f0 0x0000000000000010
core   0: >>>>  inst_558
core   0: 0x0000000080007b20 (0x00100113) li      sp, 1
core   0: 3 0x0000000080007b20 (0x00100113) x2  0x0000000000000001
core   0: 0x0000000080007b24 (0x00d11113) slli    sp, sp, 13
core   0: 3 0x0000000080007b24 (0x00d11113) x2  0x0000000000002000
core   0: 0x0000000080007b28 (0x00220233) add     tp, tp, sp
core   0: 3 0x0000000080007b28 (0x00220233) x4  0x000000008000c190
core   0: 0x0000000080007b2c (0x16023f87) fld     ft11, 352(tp)
core   0: 3 0x0000000080007b2c (0x16023f87) f31 0xfff8000000000001 mem 0x000000008000c2f0
core   0: 0x0000000080007b30 (0x40220233) sub     tp, tp, sp
core   0: 3 0x0000000080007b30 (0x40220233) x4  0x000000008000a190
core   0: 0x0000000080007b34 (0x00100113) li      sp, 1
core   0: 3 0x0000000080007b34 (0x00100113) x2  0x0000000000000001
core   0: 0x0000000080007b38 (0x00d11113) slli    sp, sp, 13
core   0: 3 0x0000000080007b38 (0x00d11113) x2  0x0000000000002000
core   0: 0x0000000080007b3c (0x00220233) add     tp, tp, sp
core   0: 3 0x0000000080007b3c (0x00220233) x4  0x000000008000c190
core   0: 0x0000000080007b40 (0x16823f07) fld     ft10, 360(tp)
core   0: 3 0x0000000080007b40 (0x16823f07) f30 0x3ff0000000000000 mem 0x000000008000c2f8
core   0: 0x0000000080007b44 (0x40220233) sub     tp, tp, sp
core   0: 3 0x0000000080007b44 (0x40220233) x4  0x000000008000a190
core   0: 0x0000000080007b48 (0x00000113) li      sp, 0
core   0: 3 0x0000000080007b48 (0x00000113) x2  0x0000000000000000
core   0: 0x0000000080007b4c (0x00311073) csrw    fcsr, sp
core   0: 3 0x0000000080007b4c (0x00311073) c1_fflags 0x0000000000000000 c2_frm 0x0000000000000000
core   0: 0x0000000080007b50 (0xa3ef9fd3) flt.d   t6, ft11, ft10
core   0: 3 0x0000000080007b50 (0xa3ef9fd3) c1_fflags 0x0000000000000010 x31 0x0000000000000000
core   0: 0x0000000080007b54 (0x003022f3) csrr    t0, fcsr
core   0: 3 0x0000000080007b54 (0x003022f3) x5  0x0000000000000010
core   0: 0x0000000080007b58 (0x13f0b823) sd      t6, 304(ra)
core   0: 3 0x0000000080007b58 (0x13f0b823) mem 0x00000000800113f8 0x0000000000000000
core   0: 0x0000000080007b5c (0x1250bc23) sd      t0, 312(ra)
core   0: 3 0x0000000080007b5c (0x1250bc23) mem 0x0000000080011400 0x0000000000000010
core   0: >>>>  inst_559
core   0: 0x0000000080007b60 (0x00100113) li      sp, 1
core   0: 3 0x0000000080007b60 (0x00100113) x2  0x0000000000000001
core   0: 0x0000000080007b64 (0x00d11113) slli    sp, sp, 13
core   0: 3 0x0000000080007b64 (0x00d11113) x2  0x0000000000002000
core   0: 0x0000000080007b68 (0x00220233) add     tp, tp, sp
core   0: 3 0x0000000080007b68 (0x00220233) x4  0x000000008000c190
core   0: 0x0000000080007b6c (0x17023f87) fld     ft11, 368(tp)
core   0: 3 0x0000000080007b6c (0x17023f87) f31 0xfff8000000000001 mem 0x000000008000c300
core   0: 0x0000000080007b70 (0x40220233) sub     tp, tp, sp
core   0: 3 0x0000000080007b70 (0x40220233) x4  0x000000008000a190
core   0: 0x0000000080007b74 (0x00100113) li      sp, 1
core   0: 3 0x0000000080007b74 (0x00100113) x2  0x0000000000000001
core   0: 0x0000000080007b78 (0x00d11113) slli    sp, sp, 13
core   0: 3 0x0000000080007b78 (0x00d11113) x2  0x0000000000002000
core   0: 0x0000000080007b7c (0x00220233) add     tp, tp, sp
core   0: 3 0x0000000080007b7c (0x00220233) x4  0x000000008000c190
core   0: 0x0000000080007b80 (0x17823f07) fld     ft10, 376(tp)
core   0: 3 0x0000000080007b80 (0x17823f07) f30 0x7fefffffffffffff mem 0x000000008000c308
core   0: 0x0000000080007b84 (0x40220233) sub     tp, tp, sp
core   0: 3 0x0000000080007b84 (0x40220233) x4  0x000000008000a190
core   0: 0x0000000080007b88 (0x00000113) li      sp, 0
core   0: 3 0x0000000080007b88 (0x00000113) x2  0x0000000000000000
core   0: 0x0000000080007b8c (0x00311073) csrw    fcsr, sp
core   0: 3 0x0000000080007b8c (0x00311073) c1_fflags 0x0000000000000000 c2_frm 0x0000000000000000
core   0: 0x0000000080007b90 (0xa3ef9fd3) flt.d   t6, ft11, ft10
core   0: 3 0x0000000080007b90 (0xa3ef9fd3) c1_fflags 0x0000000000000010 x31 0x0000000000000000
core   0: 0x0000000080007b94 (0x003022f3) csrr    t0, fcsr
core   0: 3 0x0000000080007b94 (0x003022f3) x5  0x0000000000000010
core   0: 0x0000000080007b98 (0x15f0b023) sd      t6, 320(ra)
core   0: 3 0x0000000080007b98 (0x15f0b023) mem 0x0000000080011408 0x0000000000000000
core   0: 0x0000000080007b9c (0x1450b423) sd      t0, 328(ra)
core   0: 3 0x0000000080007b9c (0x1450b423) mem 0x0000000080011410 0x0000000000000010
core   0: >>>>  inst_560
core   0: 0x0000000080007ba0 (0x00100113) li      sp, 1
core   0: 3 0x0000000080007ba0 (0x00100113) x2  0x0000000000000001
core   0: 0x0000000080007ba4 (0x00d11113) slli    sp, sp, 13
core   0: 3 0x0000000080007ba4 (0x00d11113) x2  0x0000000000002000
core   0: 0x0000000080007ba8 (0x00220233) add     tp, tp, sp
core   0: 3 0x0000000080007ba8 (0x00220233) x4  0x000000008000c190
core   0: 0x0000000080007bac (0x18023f87) fld     ft11, 384(tp)
core   0: 3 0x0000000080007bac (0x18023f87) f31 0xfff8000000000001 mem 0x000000008000c310
core   0: 0x0000000080007bb0 (0x40220233) sub     tp, tp, sp
core   0: 3 0x0000000080007bb0 (0x40220233) x4  0x000000008000a190
core   0: 0x0000000080007bb4 (0x00100113) li      sp, 1
core   0: 3 0x0000000080007bb4 (0x00100113) x2  0x0000000000000001
core   0: 0x0000000080007bb8 (0x00d11113) slli    sp, sp, 13
core   0: 3 0x0000000080007bb8 (0x00d11113) x2  0x0000000000002000
core   0: 0x0000000080007bbc (0x00220233) add     tp, tp, sp
core   0: 3 0x0000000080007bbc (0x00220233) x4  0x000000008000c190
core   0: 0x0000000080007bc0 (0x18823f07) fld     ft10, 392(tp)
core   0: 3 0x0000000080007bc0 (0x18823f07) f30 0x7ff0000000000000 mem 0x000000008000c318
core   0: 0x0000000080007bc4 (0x40220233) sub     tp, tp, sp
core   0: 3 0x0000000080007bc4 (0x40220233) x4  0x000000008000a190
core   0: 0x0000000080007bc8 (0x00000113) li      sp, 0
core   0: 3 0x0000000080007bc8 (0x00000113) x2  0x0000000000000000
core   0: 0x0000000080007bcc (0x00311073) csrw    fcsr, sp
core   0: 3 0x0000000080007bcc (0x00311073) c1_fflags 0x0000000000000000 c2_frm 0x0000000000000000
core   0: 0x0000000080007bd0 (0xa3ef9fd3) flt.d   t6, ft11, ft10
core   0: 3 0x0000000080007bd0 (0xa3ef9fd3) c1_fflags 0x0000000000000010 x31 0x0000000000000000
core   0: 0x0000000080007bd4 (0x003022f3) csrr    t0, fcsr
core   0: 3 0x0000000080007bd4 (0x003022f3) x5  0x0000000000000010
core   0: 0x0000000080007bd8 (0x15f0b823) sd      t6, 336(ra)
core   0: 3 0x0000000080007bd8 (0x15f0b823) mem 0x0000000080011418 0x0000000000000000
core   0: 0x0000000080007bdc (0x1450bc23) sd      t0, 344(ra)
core   0: 3 0x0000000080007bdc (0x1450bc23) mem 0x0000000080011420 0x0000000000000010
core   0: >>>>  inst_561
core   0: 0x0000000080007be0 (0x00100113) li      sp, 1
core   0: 3 0x0000000080007be0 (0x00100113) x2  0x0000000000000001
core   0: 0x0000000080007be4 (0x00d11113) slli    sp, sp, 13
core   0: 3 0x0000000080007be4 (0x00d11113) x2  0x0000000000002000
core   0: 0x0000000080007be8 (0x00220233) add     tp, tp, sp
core   0: 3 0x0000000080007be8 (0x00220233) x4  0x000000008000c190
core   0: 0x0000000080007bec (0x19023f87) fld     ft11, 400(tp)
core   0: 3 0x0000000080007bec (0x19023f87) f31 0xfff8000000000001 mem 0x000000008000c320
core   0: 0x0000000080007bf0 (0x40220233) sub     tp, tp, sp
core   0: 3 0x0000000080007bf0 (0x40220233) x4  0x000000008000a190
core   0: 0x0000000080007bf4 (0x00100113) li      sp, 1
core   0: 3 0x0000000080007bf4 (0x00100113) x2  0x0000000000000001
core   0: 0x0000000080007bf8 (0x00d11113) slli    sp, sp, 13
core   0: 3 0x0000000080007bf8 (0x00d11113) x2  0x0000000000002000
core   0: 0x0000000080007bfc (0x00220233) add     tp, tp, sp
core   0: 3 0x0000000080007bfc (0x00220233) x4  0x000000008000c190
core   0: 0x0000000080007c00 (0x19823f07) fld     ft10, 408(tp)
core   0: 3 0x0000000080007c00 (0x19823f07) f30 0x7ff0000000000001 mem 0x000000008000c328
core   0: 0x0000000080007c04 (0x40220233) sub     tp, tp, sp
core   0: 3 0x0000000080007c04 (0x40220233) x4  0x000000008000a190
core   0: 0x0000000080007c08 (0x00000113) li      sp, 0
core   0: 3 0x0000000080007c08 (0x00000113) x2  0x0000000000000000
core   0: 0x0000000080007c0c (0x00311073) csrw    fcsr, sp
core   0: 3 0x0000000080007c0c (0x00311073) c1_fflags 0x0000000000000000 c2_frm 0x0000000000000000
core   0: 0x0000000080007c10 (0xa3ef9fd3) flt.d   t6, ft11, ft10
core   0: 3 0x0000000080007c10 (0xa3ef9fd3) c1_fflags 0x0000000000000010 x31 0x0000000000000000
core   0: 0x0000000080007c14 (0x003022f3) csrr    t0, fcsr
core   0: 3 0x0000000080007c14 (0x003022f3) x5  0x0000000000000010
core   0: 0x0000000080007c18 (0x17f0b023) sd      t6, 352(ra)
core   0: 3 0x0000000080007c18 (0x17f0b023) mem 0x0000000080011428 0x0000000000000000
core   0: 0x0000000080007c1c (0x1650b423) sd      t0, 360(ra)
core   0: 3 0x0000000080007c1c (0x1650b423) mem 0x0000000080011430 0x0000000000000010
core   0: >>>>  inst_562
core   0: 0x0000000080007c20 (0x00100113) li      sp, 1
core   0: 3 0x0000000080007c20 (0x00100113) x2  0x0000000000000001
core   0: 0x0000000080007c24 (0x00d11113) slli    sp, sp, 13
core   0: 3 0x0000000080007c24 (0x00d11113) x2  0x0000000000002000
core   0: 0x0000000080007c28 (0x00220233) add     tp, tp, sp
core   0: 3 0x0000000080007c28 (0x00220233) x4  0x000000008000c190
core   0: 0x0000000080007c2c (0x1a023f87) fld     ft11, 416(tp)
core   0: 3 0x0000000080007c2c (0x1a023f87) f31 0xfff8000000000001 mem 0x000000008000c330
core   0: 0x0000000080007c30 (0x40220233) sub     tp, tp, sp
core   0: 3 0x0000000080007c30 (0x40220233) x4  0x000000008000a190
core   0: 0x0000000080007c34 (0x00100113) li      sp, 1
core   0: 3 0x0000000080007c34 (0x00100113) x2  0x0000000000000001
core   0: 0x0000000080007c38 (0x00d11113) slli    sp, sp, 13
core   0: 3 0x0000000080007c38 (0x00d11113) x2  0x0000000000002000
core   0: 0x0000000080007c3c (0x00220233) add     tp, tp, sp
core   0: 3 0x0000000080007c3c (0x00220233) x4  0x000000008000c190
core   0: 0x0000000080007c40 (0x1a823f07) fld     ft10, 424(tp)
core   0: 3 0x0000000080007c40 (0x1a823f07) f30 0x7ff8000000000000 mem 0x000000008000c338
core   0: 0x0000000080007c44 (0x40220233) sub     tp, tp, sp
core   0: 3 0x0000000080007c44 (0x40220233) x4  0x000000008000a190
core   0: 0x0000000080007c48 (0x00000113) li      sp, 0
core   0: 3 0x0000000080007c48 (0x00000113) x2  0x0000000000000000
core   0: 0x0000000080007c4c (0x00311073) csrw    fcsr, sp
core   0: 3 0x0000000080007c4c (0x00311073) c1_fflags 0x0000000000000000 c2_frm 0x0000000000000000
core   0: 0x0000000080007c50 (0xa3ef9fd3) flt.d   t6, ft11, ft10
core   0: 3 0x0000000080007c50 (0xa3ef9fd3) c1_fflags 0x0000000000000010 x31 0x0000000000000000
core   0: 0x0000000080007c54 (0x003022f3) csrr    t0, fcsr
core   0: 3 0x0000000080007c54 (0x003022f3) x5  0x0000000000000010
core   0: 0x0000000080007c58 (0x17f0b823) sd      t6, 368(ra)
core   0: 3 0x0000000080007c58 (0x17f0b823) mem 0x0000000080011438 0x0000000000000000
core   0: 0x0000000080007c5c (0x1650bc23) sd      t0, 376(ra)
core   0: 3 0x0000000080007c5c (0x1650bc23) mem 0x0000000080011440 0x0000000000000010
core   0: >>>>  inst_563
core   0: 0x0000000080007c60 (0x00100113) li      sp, 1
core   0: 3 0x0000000080007c60 (0x00100113) x2  0x0000000000000001
core   0: 0x0000000080007c64 (0x00d11113) slli    sp, sp, 13
core   0: 3 0x0000000080007c64 (0x00d11113) x2  0x0000000000002000
core   0: 0x0000000080007c68 (0x00220233) add     tp, tp, sp
core   0: 3 0x0000000080007c68 (0x00220233) x4  0x000000008000c190
core   0: 0x0000000080007c6c (0x1b023f87) fld     ft11, 432(tp)
core   0: 3 0x0000000080007c6c (0x1b023f87) f31 0xfff8000000000001 mem 0x000000008000c340
core   0: 0x0000000080007c70 (0x40220233) sub     tp, tp, sp
core   0: 3 0x0000000080007c70 (0x40220233) x4  0x000000008000a190
core   0: 0x0000000080007c74 (0x00100113) li      sp, 1
core   0: 3 0x0000000080007c74 (0x00100113) x2  0x0000000000000001
core   0: 0x0000000080007c78 (0x00d11113) slli    sp, sp, 13
core   0: 3 0x0000000080007c78 (0x00d11113) x2  0x0000000000002000
core   0: 0x0000000080007c7c (0x00220233) add     tp, tp, sp
core   0: 3 0x0000000080007c7c (0x00220233) x4  0x000000008000c190
core   0: 0x0000000080007c80 (0x1b823f07) fld     ft10, 440(tp)
core   0: 3 0x0000000080007c80 (0x1b823f07) f30 0x7ff8000000000001 mem 0x000000008000c348
core   0: 0x0000000080007c84 (0x40220233) sub     tp, tp, sp
core   0: 3 0x0000000080007c84 (0x40220233) x4  0x000000008000a190
core   0: 0x0000000080007c88 (0x00000113) li      sp, 0
core   0: 3 0x0000000080007c88 (0x00000113) x2  0x0000000000000000
core   0: 0x0000000080007c8c (0x00311073) csrw    fcsr, sp
core   0: 3 0x0000000080007c8c (0x00311073) c1_fflags 0x0000000000000000 c2_frm 0x0000000000000000
core   0: 0x0000000080007c90 (0xa3ef9fd3) flt.d   t6, ft11, ft10
core   0: 3 0x0000000080007c90 (0xa3ef9fd3) c1_fflags 0x0000000000000010 x31 0x0000000000000000
core   0: 0x0000000080007c94 (0x003022f3) csrr    t0, fcsr
core   0: 3 0x0000000080007c94 (0x003022f3) x5  0x0000000000000010
core   0: 0x0000000080007c98 (0x19f0b023) sd      t6, 384(ra)
core   0: 3 0x0000000080007c98 (0x19f0b023) mem 0x0000000080011448 0x0000000000000000
core   0: 0x0000000080007c9c (0x1850b423) sd      t0, 392(ra)
core   0: 3 0x0000000080007c9c (0x1850b423) mem 0x0000000080011450 0x0000000000000010
core   0: >>>>  inst_564
core   0: 0x0000000080007ca0 (0x00100113) li      sp, 1
core   0: 3 0x0000000080007ca0 (0x00100113) x2  0x0000000000000001
core   0: 0x0000000080007ca4 (0x00d11113) slli    sp, sp, 13
core   0: 3 0x0000000080007ca4 (0x00d11113) x2  0x0000000000002000
core   0: 0x0000000080007ca8 (0x00220233) add     tp, tp, sp
core   0: 3 0x0000000080007ca8 (0x00220233) x4  0x000000008000c190
core   0: 0x0000000080007cac (0x1c023f87) fld     ft11, 448(tp)
core   0: 3 0x0000000080007cac (0x1c023f87) f31 0xfff8000000000001 mem 0x000000008000c350
core   0: 0x0000000080007cb0 (0x40220233) sub     tp, tp, sp
core   0: 3 0x0000000080007cb0 (0x40220233) x4  0x000000008000a190
core   0: 0x0000000080007cb4 (0x00100113) li      sp, 1
core   0: 3 0x0000000080007cb4 (0x00100113) x2  0x0000000000000001
core   0: 0x0000000080007cb8 (0x00d11113) slli    sp, sp, 13
core   0: 3 0x0000000080007cb8 (0x00d11113) x2  0x0000000000002000
core   0: 0x0000000080007cbc (0x00220233) add     tp, tp, sp
core   0: 3 0x0000000080007cbc (0x00220233) x4  0x000000008000c190
core   0: 0x0000000080007cc0 (0x1c823f07) fld     ft10, 456(tp)
core   0: 3 0x0000000080007cc0 (0x1c823f07) f30 0x8000000000000000 mem 0x000000008000c358
core   0: 0x0000000080007cc4 (0x40220233) sub     tp, tp, sp
core   0: 3 0x0000000080007cc4 (0x40220233) x4  0x000000008000a190
core   0: 0x0000000080007cc8 (0x00000113) li      sp, 0
core   0: 3 0x0000000080007cc8 (0x00000113) x2  0x0000000000000000
core   0: 0x0000000080007ccc (0x00311073) csrw    fcsr, sp
core   0: 3 0x0000000080007ccc (0x00311073) c1_fflags 0x0000000000000000 c2_frm 0x0000000000000000
core   0: 0x0000000080007cd0 (0xa3ef9fd3) flt.d   t6, ft11, ft10
core   0: 3 0x0000000080007cd0 (0xa3ef9fd3) c1_fflags 0x0000000000000010 x31 0x0000000000000000
core   0: 0x0000000080007cd4 (0x003022f3) csrr    t0, fcsr
core   0: 3 0x0000000080007cd4 (0x003022f3) x5  0x0000000000000010
core   0: 0x0000000080007cd8 (0x19f0b823) sd      t6, 400(ra)
core   0: 3 0x0000000080007cd8 (0x19f0b823) mem 0x0000000080011458 0x0000000000000000
core   0: 0x0000000080007cdc (0x1850bc23) sd      t0, 408(ra)
core   0: 3 0x0000000080007cdc (0x1850bc23) mem 0x0000000080011460 0x0000000000000010
core   0: >>>>  inst_565
core   0: 0x0000000080007ce0 (0x00100113) li      sp, 1
core   0: 3 0x0000000080007ce0 (0x00100113) x2  0x0000000000000001
core   0: 0x0000000080007ce4 (0x00d11113) slli    sp, sp, 13
core   0: 3 0x0000000080007ce4 (0x00d11113) x2  0x0000000000002000
core   0: 0x0000000080007ce8 (0x00220233) add     tp, tp, sp
core   0: 3 0x0000000080007ce8 (0x00220233) x4  0x000000008000c190
core   0: 0x0000000080007cec (0x1d023f87) fld     ft11, 464(tp)
core   0: 3 0x0000000080007cec (0x1d023f87) f31 0xfff8000000000001 mem 0x000000008000c360
core   0: 0x0000000080007cf0 (0x40220233) sub     tp, tp, sp
core   0: 3 0x0000000080007cf0 (0x40220233) x4  0x000000008000a190
core   0: 0x0000000080007cf4 (0x00100113) li      sp, 1
core   0: 3 0x0000000080007cf4 (0x00100113) x2  0x0000000000000001
core   0: 0x0000000080007cf8 (0x00d11113) slli    sp, sp, 13
core   0: 3 0x0000000080007cf8 (0x00d11113) x2  0x0000000000002000
core   0: 0x0000000080007cfc (0x00220233) add     tp, tp, sp
core   0: 3 0x0000000080007cfc (0x00220233) x4  0x000000008000c190
core   0: 0x0000000080007d00 (0x1d823f07) fld     ft10, 472(tp)
core   0: 3 0x0000000080007d00 (0x1d823f07) f30 0x8000000000000001 mem 0x000000008000c368
core   0: 0x0000000080007d04 (0x40220233) sub     tp, tp, sp
core   0: 3 0x0000000080007d04 (0x40220233) x4  0x000000008000a190
core   0: 0x0000000080007d08 (0x00000113) li      sp, 0
core   0: 3 0x0000000080007d08 (0x00000113) x2  0x0000000000000000
core   0: 0x0000000080007d0c (0x00311073) csrw    fcsr, sp
core   0: 3 0x0000000080007d0c (0x00311073) c1_fflags 0x0000000000000000 c2_frm 0x0000000000000000
core   0: 0x0000000080007d10 (0xa3ef9fd3) flt.d   t6, ft11, ft10
core   0: 3 0x0000000080007d10 (0xa3ef9fd3) c1_fflags 0x0000000000000010 x31 0x0000000000000000
core   0: 0x0000000080007d14 (0x003022f3) csrr    t0, fcsr
core   0: 3 0x0000000080007d14 (0x003022f3) x5  0x0000000000000010
core   0: 0x0000000080007d18 (0x1bf0b023) sd      t6, 416(ra)
core   0: 3 0x0000000080007d18 (0x1bf0b023) mem 0x0000000080011468 0x0000000000000000
core   0: 0x0000000080007d1c (0x1a50b423) sd      t0, 424(ra)
core   0: 3 0x0000000080007d1c (0x1a50b423) mem 0x0000000080011470 0x0000000000000010
core   0: >>>>  inst_566
core   0: 0x0000000080007d20 (0x00100113) li      sp, 1
core   0: 3 0x0000000080007d20 (0x00100113) x2  0x0000000000000001
core   0: 0x0000000080007d24 (0x00d11113) slli    sp, sp, 13
core   0: 3 0x0000000080007d24 (0x00d11113) x2  0x0000000000002000
core   0: 0x0000000080007d28 (0x00220233) add     tp, tp, sp
core   0: 3 0x0000000080007d28 (0x00220233) x4  0x000000008000c190
core   0: 0x0000000080007d2c (0x1e023f87) fld     ft11, 480(tp)
core   0: 3 0x0000000080007d2c (0x1e023f87) f31 0xfff8000000000001 mem 0x000000008000c370
core   0: 0x0000000080007d30 (0x40220233) sub     tp, tp, sp
core   0: 3 0x0000000080007d30 (0x40220233) x4  0x000000008000a190
core   0: 0x0000000080007d34 (0x00100113) li      sp, 1
core   0: 3 0x0000000080007d34 (0x00100113) x2  0x0000000000000001
core   0: 0x0000000080007d38 (0x00d11113) slli    sp, sp, 13
core   0: 3 0x0000000080007d38 (0x00d11113) x2  0x0000000000002000
core   0: 0x0000000080007d3c (0x00220233) add     tp, tp, sp
core   0: 3 0x0000000080007d3c (0x00220233) x4  0x000000008000c190
core   0: 0x0000000080007d40 (0x1e823f07) fld     ft10, 488(tp)
core   0: 3 0x0000000080007d40 (0x1e823f07) f30 0x8000000000000002 mem 0x000000008000c378
core   0: 0x0000000080007d44 (0x40220233) sub     tp, tp, sp
core   0: 3 0x0000000080007d44 (0x40220233) x4  0x000000008000a190
core   0: 0x0000000080007d48 (0x00000113) li      sp, 0
core   0: 3 0x0000000080007d48 (0x00000113) x2  0x0000000000000000
core   0: 0x0000000080007d4c (0x00311073) csrw    fcsr, sp
core   0: 3 0x0000000080007d4c (0x00311073) c1_fflags 0x0000000000000000 c2_frm 0x0000000000000000
core   0: 0x0000000080007d50 (0xa3ef9fd3) flt.d   t6, ft11, ft10
core   0: 3 0x0000000080007d50 (0xa3ef9fd3) c1_fflags 0x0000000000000010 x31 0x0000000000000000
core   0: 0x0000000080007d54 (0x003022f3) csrr    t0, fcsr
core   0: 3 0x0000000080007d54 (0x003022f3) x5  0x0000000000000010
core   0: 0x0000000080007d58 (0x1bf0b823) sd      t6, 432(ra)
core   0: 3 0x0000000080007d58 (0x1bf0b823) mem 0x0000000080011478 0x0000000000000000
core   0: 0x0000000080007d5c (0x1a50bc23) sd      t0, 440(ra)
core   0: 3 0x0000000080007d5c (0x1a50bc23) mem 0x0000000080011480 0x0000000000000010
core   0: >>>>  inst_567
core   0: 0x0000000080007d60 (0x00100113) li      sp, 1
core   0: 3 0x0000000080007d60 (0x00100113) x2  0x0000000000000001
core   0: 0x0000000080007d64 (0x00d11113) slli    sp, sp, 13
core   0: 3 0x0000000080007d64 (0x00d11113) x2  0x0000000000002000
core   0: 0x0000000080007d68 (0x00220233) add     tp, tp, sp
core   0: 3 0x0000000080007d68 (0x00220233) x4  0x000000008000c190
core   0: 0x0000000080007d6c (0x1f023f87) fld     ft11, 496(tp)
core   0: 3 0x0000000080007d6c (0x1f023f87) f31 0xfff8000000000001 mem 0x000000008000c380
core   0: 0x0000000080007d70 (0x40220233) sub     tp, tp, sp
core   0: 3 0x0000000080007d70 (0x40220233) x4  0x000000008000a190
core   0: 0x0000000080007d74 (0x00100113) li      sp, 1
core   0: 3 0x0000000080007d74 (0x00100113) x2  0x0000000000000001
core   0: 0x0000000080007d78 (0x00d11113) slli    sp, sp, 13
core   0: 3 0x0000000080007d78 (0x00d11113) x2  0x0000000000002000
core   0: 0x0000000080007d7c (0x00220233) add     tp, tp, sp
core   0: 3 0x0000000080007d7c (0x00220233) x4  0x000000008000c190
core   0: 0x0000000080007d80 (0x1f823f07) fld     ft10, 504(tp)
core   0: 3 0x0000000080007d80 (0x1f823f07) f30 0x800fffffffffffff mem 0x000000008000c388
core   0: 0x0000000080007d84 (0x40220233) sub     tp, tp, sp
core   0: 3 0x0000000080007d84 (0x40220233) x4  0x000000008000a190
core   0: 0x0000000080007d88 (0x00000113) li      sp, 0
core   0: 3 0x0000000080007d88 (0x00000113) x2  0x0000000000000000
core   0: 0x0000000080007d8c (0x00311073) csrw    fcsr, sp
core   0: 3 0x0000000080007d8c (0x00311073) c1_fflags 0x0000000000000000 c2_frm 0x0000000000000000
core   0: 0x0000000080007d90 (0xa3ef9fd3) flt.d   t6, ft11, ft10
core   0: 3 0x0000000080007d90 (0xa3ef9fd3) c1_fflags 0x0000000000000010 x31 0x0000000000000000
core   0: 0x0000000080007d94 (0x003022f3) csrr    t0, fcsr
core   0: 3 0x0000000080007d94 (0x003022f3) x5  0x0000000000000010
core   0: 0x0000000080007d98 (0x1df0b023) sd      t6, 448(ra)
core   0: 3 0x0000000080007d98 (0x1df0b023) mem 0x0000000080011488 0x0000000000000000
core   0: 0x0000000080007d9c (0x1c50b423) sd      t0, 456(ra)
core   0: 3 0x0000000080007d9c (0x1c50b423) mem 0x0000000080011490 0x0000000000000010
core   0: >>>>  inst_568
core   0: 0x0000000080007da0 (0x00100113) li      sp, 1
core   0: 3 0x0000000080007da0 (0x00100113) x2  0x0000000000000001
core   0: 0x0000000080007da4 (0x00d11113) slli    sp, sp, 13
core   0: 3 0x0000000080007da4 (0x00d11113) x2  0x0000000000002000
core   0: 0x0000000080007da8 (0x00220233) add     tp, tp, sp
core   0: 3 0x0000000080007da8 (0x00220233) x4  0x000000008000c190
core   0: 0x0000000080007dac (0x20023f87) fld     ft11, 512(tp)
core   0: 3 0x0000000080007dac (0x20023f87) f31 0xfff8000000000001 mem 0x000000008000c390
core   0: 0x0000000080007db0 (0x40220233) sub     tp, tp, sp
core   0: 3 0x0000000080007db0 (0x40220233) x4  0x000000008000a190
core   0: 0x0000000080007db4 (0x00100113) li      sp, 1
core   0: 3 0x0000000080007db4 (0x00100113) x2  0x0000000000000001
core   0: 0x0000000080007db8 (0x00d11113) slli    sp, sp, 13
core   0: 3 0x0000000080007db8 (0x00d11113) x2  0x0000000000002000
core   0: 0x0000000080007dbc (0x00220233) add     tp, tp, sp
core   0: 3 0x0000000080007dbc (0x00220233) x4  0x000000008000c190
core   0: 0x0000000080007dc0 (0x20823f07) fld     ft10, 520(tp)
core   0: 3 0x0000000080007dc0 (0x20823f07) f30 0x8010000000000000 mem 0x000000008000c398
core   0: 0x0000000080007dc4 (0x40220233) sub     tp, tp, sp
core   0: 3 0x0000000080007dc4 (0x40220233) x4  0x000000008000a190
core   0: 0x0000000080007dc8 (0x00000113) li      sp, 0
core   0: 3 0x0000000080007dc8 (0x00000113) x2  0x0000000000000000
core   0: 0x0000000080007dcc (0x00311073) csrw    fcsr, sp
core   0: 3 0x0000000080007dcc (0x00311073) c1_fflags 0x0000000000000000 c2_frm 0x0000000000000000
core   0: 0x0000000080007dd0 (0xa3ef9fd3) flt.d   t6, ft11, ft10
core   0: 3 0x0000000080007dd0 (0xa3ef9fd3) c1_fflags 0x0000000000000010 x31 0x0000000000000000
core   0: 0x0000000080007dd4 (0x003022f3) csrr    t0, fcsr
core   0: 3 0x0000000080007dd4 (0x003022f3) x5  0x0000000000000010
core   0: 0x0000000080007dd8 (0x1df0b823) sd      t6, 464(ra)
core   0: 3 0x0000000080007dd8 (0x1df0b823) mem 0x0000000080011498 0x0000000000000000
core   0: 0x0000000080007ddc (0x1c50bc23) sd      t0, 472(ra)
core   0: 3 0x0000000080007ddc (0x1c50bc23) mem 0x00000000800114a0 0x0000000000000010
core   0: >>>>  inst_569
core   0: 0x0000000080007de0 (0x00100113) li      sp, 1
core   0: 3 0x0000000080007de0 (0x00100113) x2  0x0000000000000001
core   0: 0x0000000080007de4 (0x00d11113) slli    sp, sp, 13
core   0: 3 0x0000000080007de4 (0x00d11113) x2  0x0000000000002000
core   0: 0x0000000080007de8 (0x00220233) add     tp, tp, sp
core   0: 3 0x0000000080007de8 (0x00220233) x4  0x000000008000c190
core   0: 0x0000000080007dec (0x21023f87) fld     ft11, 528(tp)
core   0: 3 0x0000000080007dec (0x21023f87) f31 0xfff8000000000001 mem 0x000000008000c3a0
core   0: 0x0000000080007df0 (0x40220233) sub     tp, tp, sp
core   0: 3 0x0000000080007df0 (0x40220233) x4  0x000000008000a190
core   0: 0x0000000080007df4 (0x00100113) li      sp, 1
core   0: 3 0x0000000080007df4 (0x00100113) x2  0x0000000000000001
core   0: 0x0000000080007df8 (0x00d11113) slli    sp, sp, 13
core   0: 3 0x0000000080007df8 (0x00d11113) x2  0x0000000000002000
core   0: 0x0000000080007dfc (0x00220233) add     tp, tp, sp
core   0: 3 0x0000000080007dfc (0x00220233) x4  0x000000008000c190
core   0: 0x0000000080007e00 (0x21823f07) fld     ft10, 536(tp)
core   0: 3 0x0000000080007e00 (0x21823f07) f30 0x8010000000000002 mem 0x000000008000c3a8
core   0: 0x0000000080007e04 (0x40220233) sub     tp, tp, sp
core   0: 3 0x0000000080007e04 (0x40220233) x4  0x000000008000a190
core   0: 0x0000000080007e08 (0x00000113) li      sp, 0
core   0: 3 0x0000000080007e08 (0x00000113) x2  0x0000000000000000
core   0: 0x0000000080007e0c (0x00311073) csrw    fcsr, sp
core   0: 3 0x0000000080007e0c (0x00311073) c1_fflags 0x0000000000000000 c2_frm 0x0000000000000000
core   0: 0x0000000080007e10 (0xa3ef9fd3) flt.d   t6, ft11, ft10
core   0: 3 0x0000000080007e10 (0xa3ef9fd3) c1_fflags 0x0000000000000010 x31 0x0000000000000000
core   0: 0x0000000080007e14 (0x003022f3) csrr    t0, fcsr
core   0: 3 0x0000000080007e14 (0x003022f3) x5  0x0000000000000010
core   0: 0x0000000080007e18 (0x1ff0b023) sd      t6, 480(ra)
core   0: 3 0x0000000080007e18 (0x1ff0b023) mem 0x00000000800114a8 0x0000000000000000
core   0: 0x0000000080007e1c (0x1e50b423) sd      t0, 488(ra)
core   0: 3 0x0000000080007e1c (0x1e50b423) mem 0x00000000800114b0 0x0000000000000010
core   0: >>>>  inst_570
core   0: 0x0000000080007e20 (0x00100113) li      sp, 1
core   0: 3 0x0000000080007e20 (0x00100113) x2  0x0000000000000001
core   0: 0x0000000080007e24 (0x00d11113) slli    sp, sp, 13
core   0: 3 0x0000000080007e24 (0x00d11113) x2  0x0000000000002000
core   0: 0x0000000080007e28 (0x00220233) add     tp, tp, sp
core   0: 3 0x0000000080007e28 (0x00220233) x4  0x000000008000c190
core   0: 0x0000000080007e2c (0x22023f87) fld     ft11, 544(tp)
core   0: 3 0x0000000080007e2c (0x22023f87) f31 0xfff8000000000001 mem 0x000000008000c3b0
core   0: 0x0000000080007e30 (0x40220233) sub     tp, tp, sp
core   0: 3 0x0000000080007e30 (0x40220233) x4  0x000000008000a190
core   0: 0x0000000080007e34 (0x00100113) li      sp, 1
core   0: 3 0x0000000080007e34 (0x00100113) x2  0x0000000000000001
core   0: 0x0000000080007e38 (0x00d11113) slli    sp, sp, 13
core   0: 3 0x0000000080007e38 (0x00d11113) x2  0x0000000000002000
core   0: 0x0000000080007e3c (0x00220233) add     tp, tp, sp
core   0: 3 0x0000000080007e3c (0x00220233) x4  0x000000008000c190
core   0: 0x0000000080007e40 (0x22823f07) fld     ft10, 552(tp)
core   0: 3 0x0000000080007e40 (0x22823f07) f30 0xbf80000000000000 mem 0x000000008000c3b8
core   0: 0x0000000080007e44 (0x40220233) sub     tp, tp, sp
core   0: 3 0x0000000080007e44 (0x40220233) x4  0x000000008000a190
core   0: 0x0000000080007e48 (0x00000113) li      sp, 0
core   0: 3 0x0000000080007e48 (0x00000113) x2  0x0000000000000000
core   0: 0x0000000080007e4c (0x00311073) csrw    fcsr, sp
core   0: 3 0x0000000080007e4c (0x00311073) c1_fflags 0x0000000000000000 c2_frm 0x0000000000000000
core   0: 0x0000000080007e50 (0xa3ef9fd3) flt.d   t6, ft11, ft10
core   0: 3 0x0000000080007e50 (0xa3ef9fd3) c1_fflags 0x0000000000000010 x31 0x0000000000000000
core   0: 0x0000000080007e54 (0x003022f3) csrr    t0, fcsr
core   0: 3 0x0000000080007e54 (0x003022f3) x5  0x0000000000000010
core   0: 0x0000000080007e58 (0x1ff0b823) sd      t6, 496(ra)
core   0: 3 0x0000000080007e58 (0x1ff0b823) mem 0x00000000800114b8 0x0000000000000000
core   0: 0x0000000080007e5c (0x1e50bc23) sd      t0, 504(ra)
core   0: 3 0x0000000080007e5c (0x1e50bc23) mem 0x00000000800114c0 0x0000000000000010
core   0: >>>>  inst_571
core   0: 0x0000000080007e60 (0x00100113) li      sp, 1
core   0: 3 0x0000000080007e60 (0x00100113) x2  0x0000000000000001
core   0: 0x0000000080007e64 (0x00d11113) slli    sp, sp, 13
core   0: 3 0x0000000080007e64 (0x00d11113) x2  0x0000000000002000
core   0: 0x0000000080007e68 (0x00220233) add     tp, tp, sp
core   0: 3 0x0000000080007e68 (0x00220233) x4  0x000000008000c190
core   0: 0x0000000080007e6c (0x23023f87) fld     ft11, 560(tp)
core   0: 3 0x0000000080007e6c (0x23023f87) f31 0xfff8000000000001 mem 0x000000008000c3c0
core   0: 0x0000000080007e70 (0x40220233) sub     tp, tp, sp
core   0: 3 0x0000000080007e70 (0x40220233) x4  0x000000008000a190
core   0: 0x0000000080007e74 (0x00100113) li      sp, 1
core   0: 3 0x0000000080007e74 (0x00100113) x2  0x0000000000000001
core   0: 0x0000000080007e78 (0x00d11113) slli    sp, sp, 13
core   0: 3 0x0000000080007e78 (0x00d11113) x2  0x0000000000002000
core   0: 0x0000000080007e7c (0x00220233) add     tp, tp, sp
core   0: 3 0x0000000080007e7c (0x00220233) x4  0x000000008000c190
core   0: 0x0000000080007e80 (0x23823f07) fld     ft10, 568(tp)
core   0: 3 0x0000000080007e80 (0x23823f07) f30 0xffefffffffffffff mem 0x000000008000c3c8
core   0: 0x0000000080007e84 (0x40220233) sub     tp, tp, sp
core   0: 3 0x0000000080007e84 (0x40220233) x4  0x000000008000a190
core   0: 0x0000000080007e88 (0x00000113) li      sp, 0
core   0: 3 0x0000000080007e88 (0x00000113) x2  0x0000000000000000
core   0: 0x0000000080007e8c (0x00311073) csrw    fcsr, sp
core   0: 3 0x0000000080007e8c (0x00311073) c1_fflags 0x0000000000000000 c2_frm 0x0000000000000000
core   0: 0x0000000080007e90 (0xa3ef9fd3) flt.d   t6, ft11, ft10
core   0: 3 0x0000000080007e90 (0xa3ef9fd3) c1_fflags 0x0000000000000010 x31 0x0000000000000000
core   0: 0x0000000080007e94 (0x003022f3) csrr    t0, fcsr
core   0: 3 0x0000000080007e94 (0x003022f3) x5  0x0000000000000010
core   0: 0x0000000080007e98 (0x21f0b023) sd      t6, 512(ra)
core   0: 3 0x0000000080007e98 (0x21f0b023) mem 0x00000000800114c8 0x0000000000000000
core   0: 0x0000000080007e9c (0x2050b423) sd      t0, 520(ra)
core   0: 3 0x0000000080007e9c (0x2050b423) mem 0x00000000800114d0 0x0000000000000010
core   0: >>>>  inst_572
core   0: 0x0000000080007ea0 (0x00100113) li      sp, 1
core   0: 3 0x0000000080007ea0 (0x00100113) x2  0x0000000000000001
core   0: 0x0000000080007ea4 (0x00d11113) slli    sp, sp, 13
core   0: 3 0x0000000080007ea4 (0x00d11113) x2  0x0000000000002000
core   0: 0x0000000080007ea8 (0x00220233) add     tp, tp, sp
core   0: 3 0x0000000080007ea8 (0x00220233) x4  0x000000008000c190
core   0: 0x0000000080007eac (0x24023f87) fld     ft11, 576(tp)
core   0: 3 0x0000000080007eac (0x24023f87) f31 0xfff8000000000001 mem 0x000000008000c3d0
core   0: 0x0000000080007eb0 (0x40220233) sub     tp, tp, sp
core   0: 3 0x0000000080007eb0 (0x40220233) x4  0x000000008000a190
core   0: 0x0000000080007eb4 (0x00100113) li      sp, 1
core   0: 3 0x0000000080007eb4 (0x00100113) x2  0x0000000000000001
core   0: 0x0000000080007eb8 (0x00d11113) slli    sp, sp, 13
core   0: 3 0x0000000080007eb8 (0x00d11113) x2  0x0000000000002000
core   0: 0x0000000080007ebc (0x00220233) add     tp, tp, sp
core   0: 3 0x0000000080007ebc (0x00220233) x4  0x000000008000c190
core   0: 0x0000000080007ec0 (0x24823f07) fld     ft10, 584(tp)
core   0: 3 0x0000000080007ec0 (0x24823f07) f30 0xfff0000000000000 mem 0x000000008000c3d8
core   0: 0x0000000080007ec4 (0x40220233) sub     tp, tp, sp
core   0: 3 0x0000000080007ec4 (0x40220233) x4  0x000000008000a190
core   0: 0x0000000080007ec8 (0x00000113) li      sp, 0
core   0: 3 0x0000000080007ec8 (0x00000113) x2  0x0000000000000000
core   0: 0x0000000080007ecc (0x00311073) csrw    fcsr, sp
core   0: 3 0x0000000080007ecc (0x00311073) c1_fflags 0x0000000000000000 c2_frm 0x0000000000000000
core   0: 0x0000000080007ed0 (0xa3ef9fd3) flt.d   t6, ft11, ft10
core   0: 3 0x0000000080007ed0 (0xa3ef9fd3) c1_fflags 0x0000000000000010 x31 0x0000000000000000
core   0: 0x0000000080007ed4 (0x003022f3) csrr    t0, fcsr
core   0: 3 0x0000000080007ed4 (0x003022f3) x5  0x0000000000000010
core   0: 0x0000000080007ed8 (0x21f0b823) sd      t6, 528(ra)
core   0: 3 0x0000000080007ed8 (0x21f0b823) mem 0x00000000800114d8 0x0000000000000000
core   0: 0x0000000080007edc (0x2050bc23) sd      t0, 536(ra)
core   0: 3 0x0000000080007edc (0x2050bc23) mem 0x00000000800114e0 0x0000000000000010
core   0: >>>>  inst_573
core   0: 0x0000000080007ee0 (0x00100113) li      sp, 1
core   0: 3 0x0000000080007ee0 (0x00100113) x2  0x0000000000000001
core   0: 0x0000000080007ee4 (0x00d11113) slli    sp, sp, 13
core   0: 3 0x0000000080007ee4 (0x00d11113) x2  0x0000000000002000
core   0: 0x0000000080007ee8 (0x00220233) add     tp, tp, sp
core   0: 3 0x0000000080007ee8 (0x00220233) x4  0x000000008000c190
core   0: 0x0000000080007eec (0x25023f87) fld     ft11, 592(tp)
core   0: 3 0x0000000080007eec (0x25023f87) f31 0xfff8000000000001 mem 0x000000008000c3e0
core   0: 0x0000000080007ef0 (0x40220233) sub     tp, tp, sp
core   0: 3 0x0000000080007ef0 (0x40220233) x4  0x000000008000a190
core   0: 0x0000000080007ef4 (0x00100113) li      sp, 1
core   0: 3 0x0000000080007ef4 (0x00100113) x2  0x0000000000000001
core   0: 0x0000000080007ef8 (0x00d11113) slli    sp, sp, 13
core   0: 3 0x0000000080007ef8 (0x00d11113) x2  0x0000000000002000
core   0: 0x0000000080007efc (0x00220233) add     tp, tp, sp
core   0: 3 0x0000000080007efc (0x00220233) x4  0x000000008000c190
core   0: 0x0000000080007f00 (0x25823f07) fld     ft10, 600(tp)
core   0: 3 0x0000000080007f00 (0x25823f07) f30 0xfff0000000000001 mem 0x000000008000c3e8
core   0: 0x0000000080007f04 (0x40220233) sub     tp, tp, sp
core   0: 3 0x0000000080007f04 (0x40220233) x4  0x000000008000a190
core   0: 0x0000000080007f08 (0x00000113) li      sp, 0
core   0: 3 0x0000000080007f08 (0x00000113) x2  0x0000000000000000
core   0: 0x0000000080007f0c (0x00311073) csrw    fcsr, sp
core   0: 3 0x0000000080007f0c (0x00311073) c1_fflags 0x0000000000000000 c2_frm 0x0000000000000000
core   0: 0x0000000080007f10 (0xa3ef9fd3) flt.d   t6, ft11, ft10
core   0: 3 0x0000000080007f10 (0xa3ef9fd3) c1_fflags 0x0000000000000010 x31 0x0000000000000000
core   0: 0x0000000080007f14 (0x003022f3) csrr    t0, fcsr
core   0: 3 0x0000000080007f14 (0x003022f3) x5  0x0000000000000010
core   0: 0x0000000080007f18 (0x23f0b023) sd      t6, 544(ra)
core   0: 3 0x0000000080007f18 (0x23f0b023) mem 0x00000000800114e8 0x0000000000000000
core   0: 0x0000000080007f1c (0x2250b423) sd      t0, 552(ra)
core   0: 3 0x0000000080007f1c (0x2250b423) mem 0x00000000800114f0 0x0000000000000010
core   0: >>>>  inst_574
core   0: 0x0000000080007f20 (0x00100113) li      sp, 1
core   0: 3 0x0000000080007f20 (0x00100113) x2  0x0000000000000001
core   0: 0x0000000080007f24 (0x00d11113) slli    sp, sp, 13
core   0: 3 0x0000000080007f24 (0x00d11113) x2  0x0000000000002000
core   0: 0x0000000080007f28 (0x00220233) add     tp, tp, sp
core   0: 3 0x0000000080007f28 (0x00220233) x4  0x000000008000c190
core   0: 0x0000000080007f2c (0x26023f87) fld     ft11, 608(tp)
core   0: 3 0x0000000080007f2c (0x26023f87) f31 0xfff8000000000001 mem 0x000000008000c3f0
core   0: 0x0000000080007f30 (0x40220233) sub     tp, tp, sp
core   0: 3 0x0000000080007f30 (0x40220233) x4  0x000000008000a190
core   0: 0x0000000080007f34 (0x00100113) li      sp, 1
core   0: 3 0x0000000080007f34 (0x00100113) x2  0x0000000000000001
core   0: 0x0000000080007f38 (0x00d11113) slli    sp, sp, 13
core   0: 3 0x0000000080007f38 (0x00d11113) x2  0x0000000000002000
core   0: 0x0000000080007f3c (0x00220233) add     tp, tp, sp
core   0: 3 0x0000000080007f3c (0x00220233) x4  0x000000008000c190
core   0: 0x0000000080007f40 (0x26823f07) fld     ft10, 616(tp)
core   0: 3 0x0000000080007f40 (0x26823f07) f30 0xfff8000000000000 mem 0x000000008000c3f8
core   0: 0x0000000080007f44 (0x40220233) sub     tp, tp, sp
core   0: 3 0x0000000080007f44 (0x40220233) x4  0x000000008000a190
core   0: 0x0000000080007f48 (0x00000113) li      sp, 0
core   0: 3 0x0000000080007f48 (0x00000113) x2  0x0000000000000000
core   0: 0x0000000080007f4c (0x00311073) csrw    fcsr, sp
core   0: 3 0x0000000080007f4c (0x00311073) c1_fflags 0x0000000000000000 c2_frm 0x0000000000000000
core   0: 0x0000000080007f50 (0xa3ef9fd3) flt.d   t6, ft11, ft10
core   0: 3 0x0000000080007f50 (0xa3ef9fd3) c1_fflags 0x0000000000000010 x31 0x0000000000000000
core   0: 0x0000000080007f54 (0x003022f3) csrr    t0, fcsr
core   0: 3 0x0000000080007f54 (0x003022f3) x5  0x0000000000000010
core   0: 0x0000000080007f58 (0x23f0b823) sd      t6, 560(ra)
core   0: 3 0x0000000080007f58 (0x23f0b823) mem 0x00000000800114f8 0x0000000000000000
core   0: 0x0000000080007f5c (0x2250bc23) sd      t0, 568(ra)
core   0: 3 0x0000000080007f5c (0x2250bc23) mem 0x0000000080011500 0x0000000000000010
core   0: >>>>  inst_575
core   0: 0x0000000080007f60 (0x00100113) li      sp, 1
core   0: 3 0x0000000080007f60 (0x00100113) x2  0x0000000000000001
core   0: 0x0000000080007f64 (0x00d11113) slli    sp, sp, 13
core   0: 3 0x0000000080007f64 (0x00d11113) x2  0x0000000000002000
core   0: 0x0000000080007f68 (0x00220233) add     tp, tp, sp
core   0: 3 0x0000000080007f68 (0x00220233) x4  0x000000008000c190
core   0: 0x0000000080007f6c (0x27023f87) fld     ft11, 624(tp)
core   0: 3 0x0000000080007f6c (0x27023f87) f31 0xfff8000000000001 mem 0x000000008000c400
core   0: 0x0000000080007f70 (0x40220233) sub     tp, tp, sp
core   0: 3 0x0000000080007f70 (0x40220233) x4  0x000000008000a190
core   0: 0x0000000080007f74 (0x00100113) li      sp, 1
core   0: 3 0x0000000080007f74 (0x00100113) x2  0x0000000000000001
core   0: 0x0000000080007f78 (0x00d11113) slli    sp, sp, 13
core   0: 3 0x0000000080007f78 (0x00d11113) x2  0x0000000000002000
core   0: 0x0000000080007f7c (0x00220233) add     tp, tp, sp
core   0: 3 0x0000000080007f7c (0x00220233) x4  0x000000008000c190
core   0: 0x0000000080007f80 (0x27823f07) fld     ft10, 632(tp)
core   0: 3 0x0000000080007f80 (0x27823f07) f30 0xfff8000000000001 mem 0x000000008000c408
core   0: 0x0000000080007f84 (0x40220233) sub     tp, tp, sp
core   0: 3 0x0000000080007f84 (0x40220233) x4  0x000000008000a190
core   0: 0x0000000080007f88 (0x00000113) li      sp, 0
core   0: 3 0x0000000080007f88 (0x00000113) x2  0x0000000000000000
core   0: 0x0000000080007f8c (0x00311073) csrw    fcsr, sp
core   0: 3 0x0000000080007f8c (0x00311073) c1_fflags 0x0000000000000000 c2_frm 0x0000000000000000
core   0: 0x0000000080007f90 (0xa3ef9fd3) flt.d   t6, ft11, ft10
core   0: 3 0x0000000080007f90 (0xa3ef9fd3) c1_fflags 0x0000000000000010 x31 0x0000000000000000
core   0: 0x0000000080007f94 (0x003022f3) csrr    t0, fcsr
core   0: 3 0x0000000080007f94 (0x003022f3) x5  0x0000000000000010
core   0: 0x0000000080007f98 (0x25f0b023) sd      t6, 576(ra)
core   0: 3 0x0000000080007f98 (0x25f0b023) mem 0x0000000080011508 0x0000000000000000
core   0: 0x0000000080007f9c (0x2450b423) sd      t0, 584(ra)
core   0: 3 0x0000000080007f9c (0x2450b423) mem 0x0000000080011510 0x0000000000000010
core   0: >>>>  inst_576
core   0: 0x0000000080007fa0 (0x00100113) li      sp, 1
core   0: 3 0x0000000080007fa0 (0x00100113) x2  0x0000000000000001
core   0: 0x0000000080007fa4 (0x00d11113) slli    sp, sp, 13
core   0: 3 0x0000000080007fa4 (0x00d11113) x2  0x0000000000002000
core   0: 0x0000000080007fa8 (0x00220233) add     tp, tp, sp
core   0: 3 0x0000000080007fa8 (0x00220233) x4  0x000000008000c190
core   0: 0x0000000080007fac (0x28023f87) fld     ft11, 640(tp)
core   0: 3 0x0000000080007fac (0x28023f87) f31 0x0000000000000000 mem 0x000000008000c410
core   0: 0x0000000080007fb0 (0x40220233) sub     tp, tp, sp
core   0: 3 0x0000000080007fb0 (0x40220233) x4  0x000000008000a190
core   0: 0x0000000080007fb4 (0x00100113) li      sp, 1
core   0: 3 0x0000000080007fb4 (0x00100113) x2  0x0000000000000001
core   0: 0x0000000080007fb8 (0x00d11113) slli    sp, sp, 13
core   0: 3 0x0000000080007fb8 (0x00d11113) x2  0x0000000000002000
core   0: 0x0000000080007fbc (0x00220233) add     tp, tp, sp
core   0: 3 0x0000000080007fbc (0x00220233) x4  0x000000008000c190
core   0: 0x0000000080007fc0 (0x28823f07) fld     ft10, 648(tp)
core   0: 3 0x0000000080007fc0 (0x28823f07) f30 0x0000000000000001 mem 0x000000008000c418
core   0: 0x0000000080007fc4 (0x40220233) sub     tp, tp, sp
core   0: 3 0x0000000080007fc4 (0x40220233) x4  0x000000008000a190
core   0: 0x0000000080007fc8 (0x00000113) li      sp, 0
core   0: 3 0x0000000080007fc8 (0x00000113) x2  0x0000000000000000
core   0: 0x0000000080007fcc (0x00311073) csrw    fcsr, sp
core   0: 3 0x0000000080007fcc (0x00311073) c1_fflags 0x0000000000000000 c2_frm 0x0000000000000000
core   0: 0x0000000080007fd0 (0xa3ef9fd3) flt.d   t6, ft11, ft10
core   0: 3 0x0000000080007fd0 (0xa3ef9fd3) x31 0x0000000000000001
core   0: 0x0000000080007fd4 (0x003022f3) csrr    t0, fcsr
core   0: 3 0x0000000080007fd4 (0x003022f3) x5  0x0000000000000000
core   0: 0x0000000080007fd8 (0x25f0b823) sd      t6, 592(ra)
core   0: 3 0x0000000080007fd8 (0x25f0b823) mem 0x0000000080011518 0x0000000000000001
core   0: 0x0000000080007fdc (0x2450bc23) sd      t0, 600(ra)
core   0: 3 0x0000000080007fdc (0x2450bc23) mem 0x0000000080011520 0x0000000000000000
core   0: >>>>  inst_577
core   0: 0x0000000080007fe0 (0x00100113) li      sp, 1
core   0: 3 0x0000000080007fe0 (0x00100113) x2  0x0000000000000001
core   0: 0x0000000080007fe4 (0x00d11113) slli    sp, sp, 13
core   0: 3 0x0000000080007fe4 (0x00d11113) x2  0x0000000000002000
core   0: 0x0000000080007fe8 (0x00220233) add     tp, tp, sp
core   0: 3 0x0000000080007fe8 (0x00220233) x4  0x000000008000c190
core   0: 0x0000000080007fec (0x29023f87) fld     ft11, 656(tp)
core   0: 3 0x0000000080007fec (0x29023f87) f31 0x0000000000000000 mem 0x000000008000c420
core   0: 0x0000000080007ff0 (0x40220233) sub     tp, tp, sp
core   0: 3 0x0000000080007ff0 (0x40220233) x4  0x000000008000a190
core   0: 0x0000000080007ff4 (0x00100113) li      sp, 1
core   0: 3 0x0000000080007ff4 (0x00100113) x2  0x0000000000000001
core   0: 0x0000000080007ff8 (0x00d11113) slli    sp, sp, 13
core   0: 3 0x0000000080007ff8 (0x00d11113) x2  0x0000000000002000
core   0: 0x0000000080007ffc (0x00220233) add     tp, tp, sp
core   0: 3 0x0000000080007ffc (0x00220233) x4  0x000000008000c190
core   0: 0x0000000080008000 (0x29823f07) fld     ft10, 664(tp)
core   0: 3 0x0000000080008000 (0x29823f07) f30 0x800fffffffffffff mem 0x000000008000c428
core   0: 0x0000000080008004 (0x40220233) sub     tp, tp, sp
core   0: 3 0x0000000080008004 (0x40220233) x4  0x000000008000a190
core   0: 0x0000000080008008 (0x00000113) li      sp, 0
core   0: 3 0x0000000080008008 (0x00000113) x2  0x0000000000000000
core   0: 0x000000008000800c (0x00311073) csrw    fcsr, sp
core   0: 3 0x000000008000800c (0x00311073) c1_fflags 0x0000000000000000 c2_frm 0x0000000000000000
core   0: 0x0000000080008010 (0xa3ef9fd3) flt.d   t6, ft11, ft10
core   0: 3 0x0000000080008010 (0xa3ef9fd3) x31 0x0000000000000000
core   0: 0x0000000080008014 (0x003022f3) csrr    t0, fcsr
core   0: 3 0x0000000080008014 (0x003022f3) x5  0x0000000000000000
core   0: 0x0000000080008018 (0x27f0b023) sd      t6, 608(ra)
core   0: 3 0x0000000080008018 (0x27f0b023) mem 0x0000000080011528 0x0000000000000000
core   0: 0x000000008000801c (0x2650b423) sd      t0, 616(ra)
core   0: 3 0x000000008000801c (0x2650b423) mem 0x0000000080011530 0x0000000000000000
core   0: >>>>  cleanup_epilogs
core   0: 0x0000000080008020 (0x0380006f) j       pc + 0x38
core   0: 3 0x0000000080008020 (0x0380006f)
core   0: >>>>  exit_cleanup
core   0: 0x0000000080008058 (0x00100093) li      ra, 1
core   0: 3 0x0000000080008058 (0x00100093) x1  0x0000000000000001
core   0: 0x000000008000805c (0x00001397) auipc   t2, 0x1
core   0: 3 0x000000008000805c (0x00001397) x7  0x000000008000905c
core   0: 0x0000000080008060 (0xfa13a223) sw      ra, -92(t2)
core   0: 3 0x0000000080008060 (0xfa13a223) mem 0x0000000080009000 0x00000001
core   0: 0x0000000080008064 (0xff9ff06f) j       pc - 0x8
core   0: 3 0x0000000080008064 (0xff9ff06f)
core   0: 0x000000008000805c (0x00001397) auipc   t2, 0x1
core   0: 3 0x000000008000805c (0x00001397) x7  0x000000008000905c
core   0: 0x0000000080008060 (0xfa13a223) sw      ra, -92(t2)
core   0: 3 0x0000000080008060 (0xfa13a223) mem 0x0000000080009000 0x00000001
core   0: 0x0000000080008064 (0xff9ff06f) j       pc - 0x8
core   0: 3 0x0000000080008064 (0xff9ff06f)
core   0: 0x000000008000805c (0x00001397) auipc   t2, 0x1
core   0: 3 0x000000008000805c (0x00001397) x7  0x000000008000905c
core   0: 0x0000000080008060 (0xfa13a223) sw      ra, -92(t2)
core   0: 3 0x0000000080008060 (0xfa13a223) mem 0x0000000080009000 0x00000001
core   0: 0x0000000080008064 (0xff9ff06f) j       pc - 0x8
core   0: 3 0x0000000080008064 (0xff9ff06f)
core   0: 0x000000008000805c (0x00001397) auipc   t2, 0x1
core   0: 3 0x000000008000805c (0x00001397) x7  0x000000008000905c
core   0: 0x0000000080008060 (0xfa13a223) sw      ra, -92(t2)
core   0: 3 0x0000000080008060 (0xfa13a223) mem 0x0000000080009000 0x00000001
core   0: 0x0000000080008064 (0xff9ff06f) j       pc - 0x8
core   0: 3 0x0000000080008064 (0xff9ff06f)
core   0: 0x000000008000805c (0x00001397) auipc   t2, 0x1
core   0: 3 0x000000008000805c (0x00001397) x7  0x000000008000905c
core   0: 0x0000000080008060 (0xfa13a223) sw      ra, -92(t2)
core   0: 3 0x0000000080008060 (0xfa13a223) mem 0x0000000080009000 0x00000001
core   0: 0x0000000080008064 (0xff9ff06f) j       pc - 0x8
core   0: 3 0x0000000080008064 (0xff9ff06f)
core   0: 0x000000008000805c (0x00001397) auipc   t2, 0x1
core   0: 3 0x000000008000805c (0x00001397) x7  0x000000008000905c
core   0: 0x0000000080008060 (0xfa13a223) sw      ra, -92(t2)
core   0: 3 0x0000000080008060 (0xfa13a223) mem 0x0000000080009000 0x00000001
core   0: 0x0000000080008064 (0xff9ff06f) j       pc - 0x8
core   0: 3 0x0000000080008064 (0xff9ff06f)
core   0: 0x000000008000805c (0x00001397) auipc   t2, 0x1
core   0: 3 0x000000008000805c (0x00001397) x7  0x000000008000905c
core   0: 0x0000000080008060 (0xfa13a223) sw      ra, -92(t2)
core   0: 3 0x0000000080008060 (0xfa13a223) mem 0x0000000080009000 0x00000001
core   0: 0x0000000080008064 (0xff9ff06f) j       pc - 0x8
core   0: 3 0x0000000080008064 (0xff9ff06f)
core   0: 0x000000008000805c (0x00001397) auipc   t2, 0x1
core   0: 3 0x000000008000805c (0x00001397) x7  0x000000008000905c
core   0: 0x0000000080008060 (0xfa13a223) sw      ra, -92(t2)
core   0: 3 0x0000000080008060 (0xfa13a223) mem 0x0000000080009000 0x00000001
core   0: 0x0000000080008064 (0xff9ff06f) j       pc - 0x8
core   0: 3 0x0000000080008064 (0xff9ff06f)
core   0: 0x000000008000805c (0x00001397) auipc   t2, 0x1
core   0: 3 0x000000008000805c (0x00001397) x7  0x000000008000905c
core   0: 0x0000000080008060 (0xfa13a223) sw      ra, -92(t2)
core   0: 3 0x0000000080008060 (0xfa13a223) mem 0x0000000080009000 0x00000001
core   0: 0x0000000080008064 (0xff9ff06f) j       pc - 0x8
core   0: 3 0x0000000080008064 (0xff9ff06f)
core   0: 0x000000008000805c (0x00001397) auipc   t2, 0x1
core   0: 3 0x000000008000805c (0x00001397) x7  0x000000008000905c
core   0: 0x0000000080008060 (0xfa13a223) sw      ra, -92(t2)
core   0: 3 0x0000000080008060 (0xfa13a223) mem 0x0000000080009000 0x00000001
core   0: 0x0000000080008064 (0xff9ff06f) j       pc - 0x8
core   0: 3 0x0000000080008064 (0xff9ff06f)
core   0: 0x000000008000805c (0x00001397) auipc   t2, 0x1
core   0: 3 0x000000008000805c (0x00001397) x7  0x000000008000905c
core   0: 0x0000000080008060 (0xfa13a223) sw      ra, -92(t2)
core   0: 3 0x0000000080008060 (0xfa13a223) mem 0x0000000080009000 0x00000001
core   0: 0x0000000080008064 (0xff9ff06f) j       pc - 0x8
core   0: 3 0x0000000080008064 (0xff9ff06f)
core   0: 0x000000008000805c (0x00001397) auipc   t2, 0x1
core   0: 3 0x000000008000805c (0x00001397) x7  0x000000008000905c
core   0: 0x0000000080008060 (0xfa13a223) sw      ra, -92(t2)
core   0: 3 0x0000000080008060 (0xfa13a223) mem 0x0000000080009000 0x00000001
core   0: 0x0000000080008064 (0xff9ff06f) j       pc - 0x8
core   0: 3 0x0000000080008064 (0xff9ff06f)
core   0: 0x000000008000805c (0x00001397) auipc   t2, 0x1
core   0: 3 0x000000008000805c (0x00001397) x7  0x000000008000905c
core   0: 0x0000000080008060 (0xfa13a223) sw      ra, -92(t2)
core   0: 3 0x0000000080008060 (0xfa13a223) mem 0x0000000080009000 0x00000001
core   0: 0x0000000080008064 (0xff9ff06f) j       pc - 0x8
core   0: 3 0x0000000080008064 (0xff9ff06f)
core   0: 0x000000008000805c (0x00001397) auipc   t2, 0x1
core   0: 3 0x000000008000805c (0x00001397) x7  0x000000008000905c
core   0: 0x0000000080008060 (0xfa13a223) sw      ra, -92(t2)
core   0: 3 0x0000000080008060 (0xfa13a223) mem 0x0000000080009000 0x00000001
core   0: 0x0000000080008064 (0xff9ff06f) j       pc - 0x8
core   0: 3 0x0000000080008064 (0xff9ff06f)
core   0: 0x000000008000805c (0x00001397) auipc   t2, 0x1
core   0: 3 0x000000008000805c (0x00001397) x7  0x000000008000905c
core   0: 0x0000000080008060 (0xfa13a223) sw      ra, -92(t2)
core   0: 3 0x0000000080008060 (0xfa13a223) mem 0x0000000080009000 0x00000001
core   0: 0x0000000080008064 (0xff9ff06f) j       pc - 0x8
core   0: 3 0x0000000080008064 (0xff9ff06f)
core   0: 0x000000008000805c (0x00001397) auipc   t2, 0x1
core   0: 3 0x000000008000805c (0x00001397) x7  0x000000008000905c
core   0: 0x0000000080008060 (0xfa13a223) sw      ra, -92(t2)
core   0: 3 0x0000000080008060 (0xfa13a223) mem 0x0000000080009000 0x00000001
core   0: 0x0000000080008064 (0xff9ff06f) j       pc - 0x8
core   0: 3 0x0000000080008064 (0xff9ff06f)
core   0: 0x000000008000805c (0x00001397) auipc   t2, 0x1
core   0: 3 0x000000008000805c (0x00001397) x7  0x000000008000905c
core   0: 0x0000000080008060 (0xfa13a223) sw      ra, -92(t2)
core   0: 3 0x0000000080008060 (0xfa13a223) mem 0x0000000080009000 0x00000001
core   0: 0x0000000080008064 (0xff9ff06f) j       pc - 0x8
core   0: 3 0x0000000080008064 (0xff9ff06f)
core   0: 0x000000008000805c (0x00001397) auipc   t2, 0x1
core   0: 3 0x000000008000805c (0x00001397) x7  0x000000008000905c
core   0: 0x0000000080008060 (0xfa13a223) sw      ra, -92(t2)
core   0: 3 0x0000000080008060 (0xfa13a223) mem 0x0000000080009000 0x00000001
core   0: 0x0000000080008064 (0xff9ff06f) j       pc - 0x8
core   0: 3 0x0000000080008064 (0xff9ff06f)
core   0: 0x000000008000805c (0x00001397) auipc   t2, 0x1
core   0: 3 0x000000008000805c (0x00001397) x7  0x000000008000905c
core   0: 0x0000000080008060 (0xfa13a223) sw      ra, -92(t2)
core   0: 3 0x0000000080008060 (0xfa13a223) mem 0x0000000080009000 0x00000001
core   0: 0x0000000080008064 (0xff9ff06f) j       pc - 0x8
core   0: 3 0x0000000080008064 (0xff9ff06f)
core   0: 0x000000008000805c (0x00001397) auipc   t2, 0x1
core   0: 3 0x000000008000805c (0x00001397) x7  0x000000008000905c
core   0: 0x0000000080008060 (0xfa13a223) sw      ra, -92(t2)
core   0: 3 0x0000000080008060 (0xfa13a223) mem 0x0000000080009000 0x00000001
core   0: 0x0000000080008064 (0xff9ff06f) j       pc - 0x8
core   0: 3 0x0000000080008064 (0xff9ff06f)
core   0: 0x000000008000805c (0x00001397) auipc   t2, 0x1
core   0: 3 0x000000008000805c (0x00001397) x7  0x000000008000905c
core   0: 0x0000000080008060 (0xfa13a223) sw      ra, -92(t2)
core   0: 3 0x0000000080008060 (0xfa13a223) mem 0x0000000080009000 0x00000001
core   0: 0x0000000080008064 (0xff9ff06f) j       pc - 0x8
core   0: 3 0x0000000080008064 (0xff9ff06f)
core   0: 0x000000008000805c (0x00001397) auipc   t2, 0x1
core   0: 3 0x000000008000805c (0x00001397) x7  0x000000008000905c
core   0: 0x0000000080008060 (0xfa13a223) sw      ra, -92(t2)
core   0: 3 0x0000000080008060 (0xfa13a223) mem 0x0000000080009000 0x00000001
core   0: 0x0000000080008064 (0xff9ff06f) j       pc - 0x8
core   0: 3 0x0000000080008064 (0xff9ff06f)
core   0: 0x000000008000805c (0x00001397) auipc   t2, 0x1
core   0: 3 0x000000008000805c (0x00001397) x7  0x000000008000905c
core   0: 0x0000000080008060 (0xfa13a223) sw      ra, -92(t2)
core   0: 3 0x0000000080008060 (0xfa13a223) mem 0x0000000080009000 0x00000001
core   0: 0x0000000080008064 (0xff9ff06f) j       pc - 0x8
core   0: 3 0x0000000080008064 (0xff9ff06f)
core   0: 0x000000008000805c (0x00001397) auipc   t2, 0x1
core   0: 3 0x000000008000805c (0x00001397) x7  0x000000008000905c
core   0: 0x0000000080008060 (0xfa13a223) sw      ra, -92(t2)
core   0: 3 0x0000000080008060 (0xfa13a223) mem 0x0000000080009000 0x00000001
core   0: 0x0000000080008064 (0xff9ff06f) j       pc - 0x8
core   0: 3 0x0000000080008064 (0xff9ff06f)
core   0: 0x000000008000805c (0x00001397) auipc   t2, 0x1
core   0: 3 0x000000008000805c (0x00001397) x7  0x000000008000905c
core   0: 0x0000000080008060 (0xfa13a223) sw      ra, -92(t2)
core   0: 3 0x0000000080008060 (0xfa13a223) mem 0x0000000080009000 0x00000001
core   0: 0x0000000080008064 (0xff9ff06f) j       pc - 0x8
core   0: 3 0x0000000080008064 (0xff9ff06f)
core   0: 0x000000008000805c (0x00001397) auipc   t2, 0x1
core   0: 3 0x000000008000805c (0x00001397) x7  0x000000008000905c
core   0: 0x0000000080008060 (0xfa13a223) sw      ra, -92(t2)
core   0: 3 0x0000000080008060 (0xfa13a223) mem 0x0000000080009000 0x00000001
core   0: 0x0000000080008064 (0xff9ff06f) j       pc - 0x8
core   0: 3 0x0000000080008064 (0xff9ff06f)
core   0: 0x000000008000805c (0x00001397) auipc   t2, 0x1
core   0: 3 0x000000008000805c (0x00001397) x7  0x000000008000905c
core   0: 0x0000000080008060 (0xfa13a223) sw      ra, -92(t2)
core   0: 3 0x0000000080008060 (0xfa13a223) mem 0x0000000080009000 0x00000001
core   0: 0x0000000080008064 (0xff9ff06f) j       pc - 0x8
core   0: 3 0x0000000080008064 (0xff9ff06f)
core   0: 0x000000008000805c (0x00001397) auipc   t2, 0x1
core   0: 3 0x000000008000805c (0x00001397) x7  0x000000008000905c
core   0: 0x0000000080008060 (0xfa13a223) sw      ra, -92(t2)
core   0: 3 0x0000000080008060 (0xfa13a223) mem 0x0000000080009000 0x00000001
core   0: 0x0000000080008064 (0xff9ff06f) j       pc - 0x8
core   0: 3 0x0000000080008064 (0xff9ff06f)
core   0: 0x000000008000805c (0x00001397) auipc   t2, 0x1
core   0: 3 0x000000008000805c (0x00001397) x7  0x000000008000905c
core   0: 0x0000000080008060 (0xfa13a223) sw      ra, -92(t2)
core   0: 3 0x0000000080008060 (0xfa13a223) mem 0x0000000080009000 0x00000001
core   0: 0x0000000080008064 (0xff9ff06f) j       pc - 0x8
core   0: 3 0x0000000080008064 (0xff9ff06f)
core   0: 0x000000008000805c (0x00001397) auipc   t2, 0x1
core   0: 3 0x000000008000805c (0x00001397) x7  0x000000008000905c
core   0: 0x0000000080008060 (0xfa13a223) sw      ra, -92(t2)
core   0: 3 0x0000000080008060 (0xfa13a223) mem 0x0000000080009000 0x00000001
core   0: 0x0000000080008064 (0xff9ff06f) j       pc - 0x8
core   0: 3 0x0000000080008064 (0xff9ff06f)
core   0: 0x000000008000805c (0x00001397) auipc   t2, 0x1
core   0: 3 0x000000008000805c (0x00001397) x7  0x000000008000905c
core   0: 0x0000000080008060 (0xfa13a223) sw      ra, -92(t2)
core   0: 3 0x0000000080008060 (0xfa13a223) mem 0x0000000080009000 0x00000001
core   0: 0x0000000080008064 (0xff9ff06f) j       pc - 0x8
core   0: 3 0x0000000080008064 (0xff9ff06f)
core   0: 0x000000008000805c (0x00001397) auipc   t2, 0x1
core   0: 3 0x000000008000805c (0x00001397) x7  0x000000008000905c
core   0: 0x0000000080008060 (0xfa13a223) sw      ra, -92(t2)
core   0: 3 0x0000000080008060 (0xfa13a223) mem 0x0000000080009000 0x00000001
core   0: 0x0000000080008064 (0xff9ff06f) j       pc - 0x8
core   0: 3 0x0000000080008064 (0xff9ff06f)
core   0: 0x000000008000805c (0x00001397) auipc   t2, 0x1
core   0: 3 0x000000008000805c (0x00001397) x7  0x000000008000905c
core   0: 0x0000000080008060 (0xfa13a223) sw      ra, -92(t2)
core   0: 3 0x0000000080008060 (0xfa13a223) mem 0x0000000080009000 0x00000001
core   0: 0x0000000080008064 (0xff9ff06f) j       pc - 0x8
core   0: 3 0x0000000080008064 (0xff9ff06f)
core   0: 0x000000008000805c (0x00001397) auipc   t2, 0x1
core   0: 3 0x000000008000805c (0x00001397) x7  0x000000008000905c
core   0: 0x0000000080008060 (0xfa13a223) sw      ra, -92(t2)
core   0: 3 0x0000000080008060 (0xfa13a223) mem 0x0000000080009000 0x00000001
core   0: 0x0000000080008064 (0xff9ff06f) j       pc - 0x8
core   0: 3 0x0000000080008064 (0xff9ff06f)
core   0: 0x000000008000805c (0x00001397) auipc   t2, 0x1
core   0: 3 0x000000008000805c (0x00001397) x7  0x000000008000905c
core   0: 0x0000000080008060 (0xfa13a223) sw      ra, -92(t2)
core   0: 3 0x0000000080008060 (0xfa13a223) mem 0x0000000080009000 0x00000001
core   0: 0x0000000080008064 (0xff9ff06f) j       pc - 0x8
core   0: 3 0x0000000080008064 (0xff9ff06f)
core   0: 0x000000008000805c (0x00001397) auipc   t2, 0x1
core   0: 3 0x000000008000805c (0x00001397) x7  0x000000008000905c
core   0: 0x0000000080008060 (0xfa13a223) sw      ra, -92(t2)
core   0: 3 0x0000000080008060 (0xfa13a223) mem 0x0000000080009000 0x00000001
core   0: 0x0000000080008064 (0xff9ff06f) j       pc - 0x8
core   0: 3 0x0000000080008064 (0xff9ff06f)
core   0: 0x000000008000805c (0x00001397) auipc   t2, 0x1
core   0: 3 0x000000008000805c (0x00001397) x7  0x000000008000905c
core   0: 0x0000000080008060 (0xfa13a223) sw      ra, -92(t2)
core   0: 3 0x0000000080008060 (0xfa13a223) mem 0x0000000080009000 0x00000001
core   0: 0x0000000080008064 (0xff9ff06f) j       pc - 0x8
core   0: 3 0x0000000080008064 (0xff9ff06f)
core   0: 0x000000008000805c (0x00001397) auipc   t2, 0x1
core   0: 3 0x000000008000805c (0x00001397) x7  0x000000008000905c
core   0: 0x0000000080008060 (0xfa13a223) sw      ra, -92(t2)
core   0: 3 0x0000000080008060 (0xfa13a223) mem 0x0000000080009000 0x00000001
core   0: 0x0000000080008064 (0xff9ff06f) j       pc - 0x8
core   0: 3 0x0000000080008064 (0xff9ff06f)
core   0: 0x000000008000805c (0x00001397) auipc   t2, 0x1
core   0: 3 0x000000008000805c (0x00001397) x7  0x000000008000905c
core   0: 0x0000000080008060 (0xfa13a223) sw      ra, -92(t2)
core   0: 3 0x0000000080008060 (0xfa13a223) mem 0x0000000080009000 0x00000001
core   0: 0x0000000080008064 (0xff9ff06f) j       pc - 0x8
core   0: 3 0x0000000080008064 (0xff9ff06f)
core   0: 0x000000008000805c (0x00001397) auipc   t2, 0x1
core   0: 3 0x000000008000805c (0x00001397) x7  0x000000008000905c
core   0: 0x0000000080008060 (0xfa13a223) sw      ra, -92(t2)
core   0: 3 0x0000000080008060 (0xfa13a223) mem 0x0000000080009000 0x00000001
core   0: 0x0000000080008064 (0xff9ff06f) j       pc - 0x8
core   0: 3 0x0000000080008064 (0xff9ff06f)
core   0: 0x000000008000805c (0x00001397) auipc   t2, 0x1
core   0: 3 0x000000008000805c (0x00001397) x7  0x000000008000905c
core   0: 0x0000000080008060 (0xfa13a223) sw      ra, -92(t2)
core   0: 3 0x0000000080008060 (0xfa13a223) mem 0x0000000080009000 0x00000001
core   0: 0x0000000080008064 (0xff9ff06f) j       pc - 0x8
core   0: 3 0x0000000080008064 (0xff9ff06f)
core   0: 0x000000008000805c (0x00001397) auipc   t2, 0x1
core   0: 3 0x000000008000805c (0x00001397) x7  0x000000008000905c
core   0: 0x0000000080008060 (0xfa13a223) sw      ra, -92(t2)
core   0: 3 0x0000000080008060 (0xfa13a223) mem 0x0000000080009000 0x00000001
core   0: 0x0000000080008064 (0xff9ff06f) j       pc - 0x8
core   0: 3 0x0000000080008064 (0xff9ff06f)
core   0: 0x000000008000805c (0x00001397) auipc   t2, 0x1
core   0: 3 0x000000008000805c (0x00001397) x7  0x000000008000905c
core   0: 0x0000000080008060 (0xfa13a223) sw      ra, -92(t2)
core   0: 3 0x0000000080008060 (0xfa13a223) mem 0x0000000080009000 0x00000001
core   0: 0x0000000080008064 (0xff9ff06f) j       pc - 0x8
core   0: 3 0x0000000080008064 (0xff9ff06f)
core   0: 0x000000008000805c (0x00001397) auipc   t2, 0x1
core   0: 3 0x000000008000805c (0x00001397) x7  0x000000008000905c
core   0: 0x0000000080008060 (0xfa13a223) sw      ra, -92(t2)
core   0: 3 0x0000000080008060 (0xfa13a223) mem 0x0000000080009000 0x00000001
core   0: 0x0000000080008064 (0xff9ff06f) j       pc - 0x8
core   0: 3 0x0000000080008064 (0xff9ff06f)
core   0: 0x000000008000805c (0x00001397) auipc   t2, 0x1
core   0: 3 0x000000008000805c (0x00001397) x7  0x000000008000905c
core   0: 0x0000000080008060 (0xfa13a223) sw      ra, -92(t2)
core   0: 3 0x0000000080008060 (0xfa13a223) mem 0x0000000080009000 0x00000001
core   0: 0x0000000080008064 (0xff9ff06f) j       pc - 0x8
core   0: 3 0x0000000080008064 (0xff9ff06f)
core   0: 0x000000008000805c (0x00001397) auipc   t2, 0x1
core   0: 3 0x000000008000805c (0x00001397) x7  0x000000008000905c
core   0: 0x0000000080008060 (0xfa13a223) sw      ra, -92(t2)
core   0: 3 0x0000000080008060 (0xfa13a223) mem 0x0000000080009000 0x00000001
core   0: 0x0000000080008064 (0xff9ff06f) j       pc - 0x8
core   0: 3 0x0000000080008064 (0xff9ff06f)
core   0: 0x000000008000805c (0x00001397) auipc   t2, 0x1
core   0: 3 0x000000008000805c (0x00001397) x7  0x000000008000905c
core   0: 0x0000000080008060 (0xfa13a223) sw      ra, -92(t2)
core   0: 3 0x0000000080008060 (0xfa13a223) mem 0x0000000080009000 0x00000001
core   0: 0x0000000080008064 (0xff9ff06f) j       pc - 0x8
core   0: 3 0x0000000080008064 (0xff9ff06f)
core   0: 0x000000008000805c (0x00001397) auipc   t2, 0x1
core   0: 3 0x000000008000805c (0x00001397) x7  0x000000008000905c
core   0: 0x0000000080008060 (0xfa13a223) sw      ra, -92(t2)
core   0: 3 0x0000000080008060 (0xfa13a223) mem 0x0000000080009000 0x00000001
core   0: 0x0000000080008064 (0xff9ff06f) j       pc - 0x8
core   0: 3 0x0000000080008064 (0xff9ff06f)
core   0: 0x000000008000805c (0x00001397) auipc   t2, 0x1
core   0: 3 0x000000008000805c (0x00001397) x7  0x000000008000905c
core   0: 0x0000000080008060 (0xfa13a223) sw      ra, -92(t2)
core   0: 3 0x0000000080008060 (0xfa13a223) mem 0x0000000080009000 0x00000001
core   0: 0x0000000080008064 (0xff9ff06f) j       pc - 0x8
core   0: 3 0x0000000080008064 (0xff9ff06f)
core   0: 0x000000008000805c (0x00001397) auipc   t2, 0x1
core   0: 3 0x000000008000805c (0x00001397) x7  0x000000008000905c
core   0: 0x0000000080008060 (0xfa13a223) sw      ra, -92(t2)
core   0: 3 0x0000000080008060 (0xfa13a223) mem 0x0000000080009000 0x00000001
core   0: 0x0000000080008064 (0xff9ff06f) j       pc - 0x8
core   0: 3 0x0000000080008064 (0xff9ff06f)
core   0: 0x000000008000805c (0x00001397) auipc   t2, 0x1
core   0: 3 0x000000008000805c (0x00001397) x7  0x000000008000905c
core   0: 0x0000000080008060 (0xfa13a223) sw      ra, -92(t2)
core   0: 3 0x0000000080008060 (0xfa13a223) mem 0x0000000080009000 0x00000001
core   0: 0x0000000080008064 (0xff9ff06f) j       pc - 0x8
core   0: 3 0x0000000080008064 (0xff9ff06f)
core   0: 0x000000008000805c (0x00001397) auipc   t2, 0x1
core   0: 3 0x000000008000805c (0x00001397) x7  0x000000008000905c
core   0: 0x0000000080008060 (0xfa13a223) sw      ra, -92(t2)
core   0: 3 0x0000000080008060 (0xfa13a223) mem 0x0000000080009000 0x00000001
core   0: 0x0000000080008064 (0xff9ff06f) j       pc - 0x8
core   0: 3 0x0000000080008064 (0xff9ff06f)
core   0: 0x000000008000805c (0x00001397) auipc   t2, 0x1
core   0: 3 0x000000008000805c (0x00001397) x7  0x000000008000905c
core   0: 0x0000000080008060 (0xfa13a223) sw      ra, -92(t2)
core   0: 3 0x0000000080008060 (0xfa13a223) mem 0x0000000080009000 0x00000001
core   0: 0x0000000080008064 (0xff9ff06f) j       pc - 0x8
core   0: 3 0x0000000080008064 (0xff9ff06f)
core   0: 0x000000008000805c (0x00001397) auipc   t2, 0x1
core   0: 3 0x000000008000805c (0x00001397) x7  0x000000008000905c
core   0: 0x0000000080008060 (0xfa13a223) sw      ra, -92(t2)
core   0: 3 0x0000000080008060 (0xfa13a223) mem 0x0000000080009000 0x00000001
core   0: 0x0000000080008064 (0xff9ff06f) j       pc - 0x8
core   0: 3 0x0000000080008064 (0xff9ff06f)
core   0: 0x000000008000805c (0x00001397) auipc   t2, 0x1
core   0: 3 0x000000008000805c (0x00001397) x7  0x000000008000905c
core   0: 0x0000000080008060 (0xfa13a223) sw      ra, -92(t2)
core   0: 3 0x0000000080008060 (0xfa13a223) mem 0x0000000080009000 0x00000001
core   0: 0x0000000080008064 (0xff9ff06f) j       pc - 0x8
core   0: 3 0x0000000080008064 (0xff9ff06f)
core   0: 0x000000008000805c (0x00001397) auipc   t2, 0x1
core   0: 3 0x000000008000805c (0x00001397) x7  0x000000008000905c
core   0: 0x0000000080008060 (0xfa13a223) sw      ra, -92(t2)
core   0: 3 0x0000000080008060 (0xfa13a223) mem 0x0000000080009000 0x00000001
core   0: 0x0000000080008064 (0xff9ff06f) j       pc - 0x8
core   0: 3 0x0000000080008064 (0xff9ff06f)
core   0: 0x000000008000805c (0x00001397) auipc   t2, 0x1
core   0: 3 0x000000008000805c (0x00001397) x7  0x000000008000905c
core   0: 0x0000000080008060 (0xfa13a223) sw      ra, -92(t2)
core   0: 3 0x0000000080008060 (0xfa13a223) mem 0x0000000080009000 0x00000001
core   0: 0x0000000080008064 (0xff9ff06f) j       pc - 0x8
core   0: 3 0x0000000080008064 (0xff9ff06f)
core   0: 0x000000008000805c (0x00001397) auipc   t2, 0x1
core   0: 3 0x000000008000805c (0x00001397) x7  0x000000008000905c
core   0: 0x0000000080008060 (0xfa13a223) sw      ra, -92(t2)
core   0: 3 0x0000000080008060 (0xfa13a223) mem 0x0000000080009000 0x00000001
core   0: 0x0000000080008064 (0xff9ff06f) j       pc - 0x8
core   0: 3 0x0000000080008064 (0xff9ff06f)
core   0: 0x000000008000805c (0x00001397) auipc   t2, 0x1
core   0: 3 0x000000008000805c (0x00001397) x7  0x000000008000905c
core   0: 0x0000000080008060 (0xfa13a223) sw      ra, -92(t2)
core   0: 3 0x0000000080008060 (0xfa13a223) mem 0x0000000080009000 0x00000001
core   0: 0x0000000080008064 (0xff9ff06f) j       pc - 0x8
core   0: 3 0x0000000080008064 (0xff9ff06f)
core   0: 0x000000008000805c (0x00001397) auipc   t2, 0x1
core   0: 3 0x000000008000805c (0x00001397) x7  0x000000008000905c
core   0: 0x0000000080008060 (0xfa13a223) sw      ra, -92(t2)
core   0: 3 0x0000000080008060 (0xfa13a223) mem 0x0000000080009000 0x00000001
core   0: 0x0000000080008064 (0xff9ff06f) j       pc - 0x8
core   0: 3 0x0000000080008064 (0xff9ff06f)
core   0: 0x000000008000805c (0x00001397) auipc   t2, 0x1
core   0: 3 0x000000008000805c (0x00001397) x7  0x000000008000905c
core   0: 0x0000000080008060 (0xfa13a223) sw      ra, -92(t2)
core   0: 3 0x0000000080008060 (0xfa13a223) mem 0x0000000080009000 0x00000001
core   0: 0x0000000080008064 (0xff9ff06f) j       pc - 0x8
core   0: 3 0x0000000080008064 (0xff9ff06f)
core   0: 0x000000008000805c (0x00001397) auipc   t2, 0x1
core   0: 3 0x000000008000805c (0x00001397) x7  0x000000008000905c
core   0: 0x0000000080008060 (0xfa13a223) sw      ra, -92(t2)
core   0: 3 0x0000000080008060 (0xfa13a223) mem 0x0000000080009000 0x00000001
core   0: 0x0000000080008064 (0xff9ff06f) j       pc - 0x8
core   0: 3 0x0000000080008064 (0xff9ff06f)
core   0: 0x000000008000805c (0x00001397) auipc   t2, 0x1
core   0: 3 0x000000008000805c (0x00001397) x7  0x000000008000905c
core   0: 0x0000000080008060 (0xfa13a223) sw      ra, -92(t2)
core   0: 3 0x0000000080008060 (0xfa13a223) mem 0x0000000080009000 0x00000001
core   0: 0x0000000080008064 (0xff9ff06f) j       pc - 0x8
core   0: 3 0x0000000080008064 (0xff9ff06f)
core   0: 0x000000008000805c (0x00001397) auipc   t2, 0x1
core   0: 3 0x000000008000805c (0x00001397) x7  0x000000008000905c
core   0: 0x0000000080008060 (0xfa13a223) sw      ra, -92(t2)
core   0: 3 0x0000000080008060 (0xfa13a223) mem 0x0000000080009000 0x00000001
core   0: 0x0000000080008064 (0xff9ff06f) j       pc - 0x8
core   0: 3 0x0000000080008064 (0xff9ff06f)
core   0: 0x000000008000805c (0x00001397) auipc   t2, 0x1
core   0: 3 0x000000008000805c (0x00001397) x7  0x000000008000905c
core   0: 0x0000000080008060 (0xfa13a223) sw      ra, -92(t2)
core   0: 3 0x0000000080008060 (0xfa13a223) mem 0x0000000080009000 0x00000001
core   0: 0x0000000080008064 (0xff9ff06f) j       pc - 0x8
core   0: 3 0x0000000080008064 (0xff9ff06f)
core   0: 0x000000008000805c (0x00001397) auipc   t2, 0x1
core   0: 3 0x000000008000805c (0x00001397) x7  0x000000008000905c
core   0: 0x0000000080008060 (0xfa13a223) sw      ra, -92(t2)
core   0: 3 0x0000000080008060 (0xfa13a223) mem 0x0000000080009000 0x00000001
core   0: 0x0000000080008064 (0xff9ff06f) j       pc - 0x8
core   0: 3 0x0000000080008064 (0xff9ff06f)
core   0: 0x000000008000805c (0x00001397) auipc   t2, 0x1
core   0: 3 0x000000008000805c (0x00001397) x7  0x000000008000905c
core   0: 0x0000000080008060 (0xfa13a223) sw      ra, -92(t2)
core   0: 3 0x0000000080008060 (0xfa13a223) mem 0x0000000080009000 0x00000001
core   0: 0x0000000080008064 (0xff9ff06f) j       pc - 0x8
core   0: 3 0x0000000080008064 (0xff9ff06f)
core   0: 0x000000008000805c (0x00001397) auipc   t2, 0x1
core   0: 3 0x000000008000805c (0x00001397) x7  0x000000008000905c
core   0: 0x0000000080008060 (0xfa13a223) sw      ra, -92(t2)
core   0: 3 0x0000000080008060 (0xfa13a223) mem 0x0000000080009000 0x00000001
core   0: 0x0000000080008064 (0xff9ff06f) j       pc - 0x8
core   0: 3 0x0000000080008064 (0xff9ff06f)
core   0: 0x000000008000805c (0x00001397) auipc   t2, 0x1
core   0: 3 0x000000008000805c (0x00001397) x7  0x000000008000905c
core   0: 0x0000000080008060 (0xfa13a223) sw      ra, -92(t2)
core   0: 3 0x0000000080008060 (0xfa13a223) mem 0x0000000080009000 0x00000001
core   0: 0x0000000080008064 (0xff9ff06f) j       pc - 0x8
core   0: 3 0x0000000080008064 (0xff9ff06f)
core   0: 0x000000008000805c (0x00001397) auipc   t2, 0x1
core   0: 3 0x000000008000805c (0x00001397) x7  0x000000008000905c
core   0: 0x0000000080008060 (0xfa13a223) sw      ra, -92(t2)
core   0: 3 0x0000000080008060 (0xfa13a223) mem 0x0000000080009000 0x00000001
core   0: 0x0000000080008064 (0xff9ff06f) j       pc - 0x8
core   0: 3 0x0000000080008064 (0xff9ff06f)
core   0: 0x000000008000805c (0x00001397) auipc   t2, 0x1
core   0: 3 0x000000008000805c (0x00001397) x7  0x000000008000905c
core   0: 0x0000000080008060 (0xfa13a223) sw      ra, -92(t2)
core   0: 3 0x0000000080008060 (0xfa13a223) mem 0x0000000080009000 0x00000001
core   0: 0x0000000080008064 (0xff9ff06f) j       pc - 0x8
core   0: 3 0x0000000080008064 (0xff9ff06f)
core   0: 0x000000008000805c (0x00001397) auipc   t2, 0x1
core   0: 3 0x000000008000805c (0x00001397) x7  0x000000008000905c
core   0: 0x0000000080008060 (0xfa13a223) sw      ra, -92(t2)
core   0: 3 0x0000000080008060 (0xfa13a223) mem 0x0000000080009000 0x00000001
core   0: 0x0000000080008064 (0xff9ff06f) j       pc - 0x8
core   0: 3 0x0000000080008064 (0xff9ff06f)
core   0: 0x000000008000805c (0x00001397) auipc   t2, 0x1
core   0: 3 0x000000008000805c (0x00001397) x7  0x000000008000905c
core   0: 0x0000000080008060 (0xfa13a223) sw      ra, -92(t2)
core   0: 3 0x0000000080008060 (0xfa13a223) mem 0x0000000080009000 0x00000001
core   0: 0x0000000080008064 (0xff9ff06f) j       pc - 0x8
core   0: 3 0x0000000080008064 (0xff9ff06f)
core   0: 0x000000008000805c (0x00001397) auipc   t2, 0x1
core   0: 3 0x000000008000805c (0x00001397) x7  0x000000008000905c
core   0: 0x0000000080008060 (0xfa13a223) sw      ra, -92(t2)
core   0: 3 0x0000000080008060 (0xfa13a223) mem 0x0000000080009000 0x00000001
core   0: 0x0000000080008064 (0xff9ff06f) j       pc - 0x8
core   0: 3 0x0000000080008064 (0xff9ff06f)
core   0: 0x000000008000805c (0x00001397) auipc   t2, 0x1
core   0: 3 0x000000008000805c (0x00001397) x7  0x000000008000905c
core   0: 0x0000000080008060 (0xfa13a223) sw      ra, -92(t2)
core   0: 3 0x0000000080008060 (0xfa13a223) mem 0x0000000080009000 0x00000001
core   0: 0x0000000080008064 (0xff9ff06f) j       pc - 0x8
core   0: 3 0x0000000080008064 (0xff9ff06f)
core   0: 0x000000008000805c (0x00001397) auipc   t2, 0x1
core   0: 3 0x000000008000805c (0x00001397) x7  0x000000008000905c
core   0: 0x0000000080008060 (0xfa13a223) sw      ra, -92(t2)
core   0: 3 0x0000000080008060 (0xfa13a223) mem 0x0000000080009000 0x00000001
core   0: 0x0000000080008064 (0xff9ff06f) j       pc - 0x8
core   0: 3 0x0000000080008064 (0xff9ff06f)
core   0: 0x000000008000805c (0x00001397) auipc   t2, 0x1
core   0: 3 0x000000008000805c (0x00001397) x7  0x000000008000905c
core   0: 0x0000000080008060 (0xfa13a223) sw      ra, -92(t2)
core   0: 3 0x0000000080008060 (0xfa13a223) mem 0x0000000080009000 0x00000001
core   0: 0x0000000080008064 (0xff9ff06f) j       pc - 0x8
core   0: 3 0x0000000080008064 (0xff9ff06f)
core   0: 0x000000008000805c (0x00001397) auipc   t2, 0x1
core   0: 3 0x000000008000805c (0x00001397) x7  0x000000008000905c
core   0: 0x0000000080008060 (0xfa13a223) sw      ra, -92(t2)
core   0: 3 0x0000000080008060 (0xfa13a223) mem 0x0000000080009000 0x00000001
core   0: 0x0000000080008064 (0xff9ff06f) j       pc - 0x8
core   0: 3 0x0000000080008064 (0xff9ff06f)
core   0: 0x000000008000805c (0x00001397) auipc   t2, 0x1
core   0: 3 0x000000008000805c (0x00001397) x7  0x000000008000905c
core   0: 0x0000000080008060 (0xfa13a223) sw      ra, -92(t2)
core   0: 3 0x0000000080008060 (0xfa13a223) mem 0x0000000080009000 0x00000001
core   0: 0x0000000080008064 (0xff9ff06f) j       pc - 0x8
core   0: 3 0x0000000080008064 (0xff9ff06f)
core   0: 0x000000008000805c (0x00001397) auipc   t2, 0x1
core   0: 3 0x000000008000805c (0x00001397) x7  0x000000008000905c
core   0: 0x0000000080008060 (0xfa13a223) sw      ra, -92(t2)
core   0: 3 0x0000000080008060 (0xfa13a223) mem 0x0000000080009000 0x00000001
core   0: 0x0000000080008064 (0xff9ff06f) j       pc - 0x8
core   0: 3 0x0000000080008064 (0xff9ff06f)
core   0: 0x000000008000805c (0x00001397) auipc   t2, 0x1
core   0: 3 0x000000008000805c (0x00001397) x7  0x000000008000905c
core   0: 0x0000000080008060 (0xfa13a223) sw      ra, -92(t2)
core   0: 3 0x0000000080008060 (0xfa13a223) mem 0x0000000080009000 0x00000001
core   0: 0x0000000080008064 (0xff9ff06f) j       pc - 0x8
core   0: 3 0x0000000080008064 (0xff9ff06f)
core   0: 0x000000008000805c (0x00001397) auipc   t2, 0x1
core   0: 3 0x000000008000805c (0x00001397) x7  0x000000008000905c
core   0: 0x0000000080008060 (0xfa13a223) sw      ra, -92(t2)
core   0: 3 0x0000000080008060 (0xfa13a223) mem 0x0000000080009000 0x00000001
core   0: 0x0000000080008064 (0xff9ff06f) j       pc - 0x8
core   0: 3 0x0000000080008064 (0xff9ff06f)
core   0: 0x000000008000805c (0x00001397) auipc   t2, 0x1
core   0: 3 0x000000008000805c (0x00001397) x7  0x000000008000905c
core   0: 0x0000000080008060 (0xfa13a223) sw      ra, -92(t2)
core   0: 3 0x0000000080008060 (0xfa13a223) mem 0x0000000080009000 0x00000001
core   0: 0x0000000080008064 (0xff9ff06f) j       pc - 0x8
core   0: 3 0x0000000080008064 (0xff9ff06f)
core   0: 0x000000008000805c (0x00001397) auipc   t2, 0x1
core   0: 3 0x000000008000805c (0x00001397) x7  0x000000008000905c
core   0: 0x0000000080008060 (0xfa13a223) sw      ra, -92(t2)
core   0: 3 0x0000000080008060 (0xfa13a223) mem 0x0000000080009000 0x00000001
core   0: 0x0000000080008064 (0xff9ff06f) j       pc - 0x8
core   0: 3 0x0000000080008064 (0xff9ff06f)
core   0: 0x000000008000805c (0x00001397) auipc   t2, 0x1
core   0: 3 0x000000008000805c (0x00001397) x7  0x000000008000905c
core   0: 0x0000000080008060 (0xfa13a223) sw      ra, -92(t2)
core   0: 3 0x0000000080008060 (0xfa13a223) mem 0x0000000080009000 0x00000001
core   0: 0x0000000080008064 (0xff9ff06f) j       pc - 0x8
core   0: 3 0x0000000080008064 (0xff9ff06f)
core   0: 0x000000008000805c (0x00001397) auipc   t2, 0x1
core   0: 3 0x000000008000805c (0x00001397) x7  0x000000008000905c
core   0: 0x0000000080008060 (0xfa13a223) sw      ra, -92(t2)
core   0: 3 0x0000000080008060 (0xfa13a223) mem 0x0000000080009000 0x00000001
core   0: 0x0000000080008064 (0xff9ff06f) j       pc - 0x8
core   0: 3 0x0000000080008064 (0xff9ff06f)
core   0: 0x000000008000805c (0x00001397) auipc   t2, 0x1
core   0: 3 0x000000008000805c (0x00001397) x7  0x000000008000905c
core   0: 0x0000000080008060 (0xfa13a223) sw      ra, -92(t2)
core   0: 3 0x0000000080008060 (0xfa13a223) mem 0x0000000080009000 0x00000001
core   0: 0x0000000080008064 (0xff9ff06f) j       pc - 0x8
core   0: 3 0x0000000080008064 (0xff9ff06f)
core   0: 0x000000008000805c (0x00001397) auipc   t2, 0x1
core   0: 3 0x000000008000805c (0x00001397) x7  0x000000008000905c
core   0: 0x0000000080008060 (0xfa13a223) sw      ra, -92(t2)
core   0: 3 0x0000000080008060 (0xfa13a223) mem 0x0000000080009000 0x00000001
core   0: 0x0000000080008064 (0xff9ff06f) j       pc - 0x8
core   0: 3 0x0000000080008064 (0xff9ff06f)
core   0: 0x000000008000805c (0x00001397) auipc   t2, 0x1
core   0: 3 0x000000008000805c (0x00001397) x7  0x000000008000905c
core   0: 0x0000000080008060 (0xfa13a223) sw      ra, -92(t2)
core   0: 3 0x0000000080008060 (0xfa13a223) mem 0x0000000080009000 0x00000001
core   0: 0x0000000080008064 (0xff9ff06f) j       pc - 0x8
core   0: 3 0x0000000080008064 (0xff9ff06f)
core   0: 0x000000008000805c (0x00001397) auipc   t2, 0x1
core   0: 3 0x000000008000805c (0x00001397) x7  0x000000008000905c
core   0: 0x0000000080008060 (0xfa13a223) sw      ra, -92(t2)
core   0: 3 0x0000000080008060 (0xfa13a223) mem 0x0000000080009000 0x00000001
core   0: 0x0000000080008064 (0xff9ff06f) j       pc - 0x8
core   0: 3 0x0000000080008064 (0xff9ff06f)
core   0: 0x000000008000805c (0x00001397) auipc   t2, 0x1
core   0: 3 0x000000008000805c (0x00001397) x7  0x000000008000905c
core   0: 0x0000000080008060 (0xfa13a223) sw      ra, -92(t2)
core   0: 3 0x0000000080008060 (0xfa13a223) mem 0x0000000080009000 0x00000001
core   0: 0x0000000080008064 (0xff9ff06f) j       pc - 0x8
core   0: 3 0x0000000080008064 (0xff9ff06f)
core   0: 0x000000008000805c (0x00001397) auipc   t2, 0x1
core   0: 3 0x000000008000805c (0x00001397) x7  0x000000008000905c
core   0: 0x0000000080008060 (0xfa13a223) sw      ra, -92(t2)
core   0: 3 0x0000000080008060 (0xfa13a223) mem 0x0000000080009000 0x00000001
core   0: 0x0000000080008064 (0xff9ff06f) j       pc - 0x8
core   0: 3 0x0000000080008064 (0xff9ff06f)
core   0: 0x000000008000805c (0x00001397) auipc   t2, 0x1
core   0: 3 0x000000008000805c (0x00001397) x7  0x000000008000905c
core   0: 0x0000000080008060 (0xfa13a223) sw      ra, -92(t2)
core   0: 3 0x0000000080008060 (0xfa13a223) mem 0x0000000080009000 0x00000001
core   0: 0x0000000080008064 (0xff9ff06f) j       pc - 0x8
core   0: 3 0x0000000080008064 (0xff9ff06f)
core   0: 0x000000008000805c (0x00001397) auipc   t2, 0x1
core   0: 3 0x000000008000805c (0x00001397) x7  0x000000008000905c
core   0: 0x0000000080008060 (0xfa13a223) sw      ra, -92(t2)
core   0: 3 0x0000000080008060 (0xfa13a223) mem 0x0000000080009000 0x00000001
core   0: 0x0000000080008064 (0xff9ff06f) j       pc - 0x8
core   0: 3 0x0000000080008064 (0xff9ff06f)
core   0: 0x000000008000805c (0x00001397) auipc   t2, 0x1
core   0: 3 0x000000008000805c (0x00001397) x7  0x000000008000905c
core   0: 0x0000000080008060 (0xfa13a223) sw      ra, -92(t2)
core   0: 3 0x0000000080008060 (0xfa13a223) mem 0x0000000080009000 0x00000001
core   0: 0x0000000080008064 (0xff9ff06f) j       pc - 0x8
core   0: 3 0x0000000080008064 (0xff9ff06f)
core   0: 0x000000008000805c (0x00001397) auipc   t2, 0x1
core   0: 3 0x000000008000805c (0x00001397) x7  0x000000008000905c
core   0: 0x0000000080008060 (0xfa13a223) sw      ra, -92(t2)
core   0: 3 0x0000000080008060 (0xfa13a223) mem 0x0000000080009000 0x00000001
core   0: 0x0000000080008064 (0xff9ff06f) j       pc - 0x8
core   0: 3 0x0000000080008064 (0xff9ff06f)
core   0: 0x000000008000805c (0x00001397) auipc   t2, 0x1
core   0: 3 0x000000008000805c (0x00001397) x7  0x000000008000905c
core   0: 0x0000000080008060 (0xfa13a223) sw      ra, -92(t2)
core   0: 3 0x0000000080008060 (0xfa13a223) mem 0x0000000080009000 0x00000001
core   0: 0x0000000080008064 (0xff9ff06f) j       pc - 0x8
core   0: 3 0x0000000080008064 (0xff9ff06f)
core   0: 0x000000008000805c (0x00001397) auipc   t2, 0x1
core   0: 3 0x000000008000805c (0x00001397) x7  0x000000008000905c
core   0: 0x0000000080008060 (0xfa13a223) sw      ra, -92(t2)
core   0: 3 0x0000000080008060 (0xfa13a223) mem 0x0000000080009000 0x00000001
core   0: 0x0000000080008064 (0xff9ff06f) j       pc - 0x8
core   0: 3 0x0000000080008064 (0xff9ff06f)
core   0: 0x000000008000805c (0x00001397) auipc   t2, 0x1
core   0: 3 0x000000008000805c (0x00001397) x7  0x000000008000905c
core   0: 0x0000000080008060 (0xfa13a223) sw      ra, -92(t2)
core   0: 3 0x0000000080008060 (0xfa13a223) mem 0x0000000080009000 0x00000001
core   0: 0x0000000080008064 (0xff9ff06f) j       pc - 0x8
core   0: 3 0x0000000080008064 (0xff9ff06f)
core   0: 0x000000008000805c (0x00001397) auipc   t2, 0x1
core   0: 3 0x000000008000805c (0x00001397) x7  0x000000008000905c
core   0: 0x0000000080008060 (0xfa13a223) sw      ra, -92(t2)
core   0: 3 0x0000000080008060 (0xfa13a223) mem 0x0000000080009000 0x00000001
core   0: 0x0000000080008064 (0xff9ff06f) j       pc - 0x8
core   0: 3 0x0000000080008064 (0xff9ff06f)
core   0: 0x000000008000805c (0x00001397) auipc   t2, 0x1
core   0: 3 0x000000008000805c (0x00001397) x7  0x000000008000905c
core   0: 0x0000000080008060 (0xfa13a223) sw      ra, -92(t2)
core   0: 3 0x0000000080008060 (0xfa13a223) mem 0x0000000080009000 0x00000001
core   0: 0x0000000080008064 (0xff9ff06f) j       pc - 0x8
core   0: 3 0x0000000080008064 (0xff9ff06f)
core   0: 0x000000008000805c (0x00001397) auipc   t2, 0x1
core   0: 3 0x000000008000805c (0x00001397) x7  0x000000008000905c
core   0: 0x0000000080008060 (0xfa13a223) sw      ra, -92(t2)
core   0: 3 0x0000000080008060 (0xfa13a223) mem 0x0000000080009000 0x00000001
core   0: 0x0000000080008064 (0xff9ff06f) j       pc - 0x8
core   0: 3 0x0000000080008064 (0xff9ff06f)
core   0: 0x000000008000805c (0x00001397) auipc   t2, 0x1
core   0: 3 0x000000008000805c (0x00001397) x7  0x000000008000905c
core   0: 0x0000000080008060 (0xfa13a223) sw      ra, -92(t2)
core   0: 3 0x0000000080008060 (0xfa13a223) mem 0x0000000080009000 0x00000001
core   0: 0x0000000080008064 (0xff9ff06f) j       pc - 0x8
core   0: 3 0x0000000080008064 (0xff9ff06f)
core   0: 0x000000008000805c (0x00001397) auipc   t2, 0x1
core   0: 3 0x000000008000805c (0x00001397) x7  0x000000008000905c
core   0: 0x0000000080008060 (0xfa13a223) sw      ra, -92(t2)
core   0: 3 0x0000000080008060 (0xfa13a223) mem 0x0000000080009000 0x00000001
core   0: 0x0000000080008064 (0xff9ff06f) j       pc - 0x8
core   0: 3 0x0000000080008064 (0xff9ff06f)
core   0: 0x000000008000805c (0x00001397) auipc   t2, 0x1
core   0: 3 0x000000008000805c (0x00001397) x7  0x000000008000905c
core   0: 0x0000000080008060 (0xfa13a223) sw      ra, -92(t2)
core   0: 3 0x0000000080008060 (0xfa13a223) mem 0x0000000080009000 0x00000001
core   0: 0x0000000080008064 (0xff9ff06f) j       pc - 0x8
core   0: 3 0x0000000080008064 (0xff9ff06f)
core   0: 0x000000008000805c (0x00001397) auipc   t2, 0x1
core   0: 3 0x000000008000805c (0x00001397) x7  0x000000008000905c
core   0: 0x0000000080008060 (0xfa13a223) sw      ra, -92(t2)
core   0: 3 0x0000000080008060 (0xfa13a223) mem 0x0000000080009000 0x00000001
core   0: 0x0000000080008064 (0xff9ff06f) j       pc - 0x8
core   0: 3 0x0000000080008064 (0xff9ff06f)
core   0: 0x000000008000805c (0x00001397) auipc   t2, 0x1
core   0: 3 0x000000008000805c (0x00001397) x7  0x000000008000905c
core   0: 0x0000000080008060 (0xfa13a223) sw      ra, -92(t2)
core   0: 3 0x0000000080008060 (0xfa13a223) mem 0x0000000080009000 0x00000001
core   0: 0x0000000080008064 (0xff9ff06f) j       pc - 0x8
core   0: 3 0x0000000080008064 (0xff9ff06f)
core   0: 0x000000008000805c (0x00001397) auipc   t2, 0x1
core   0: 3 0x000000008000805c (0x00001397) x7  0x000000008000905c
core   0: 0x0000000080008060 (0xfa13a223) sw      ra, -92(t2)
core   0: 3 0x0000000080008060 (0xfa13a223) mem 0x0000000080009000 0x00000001
core   0: 0x0000000080008064 (0xff9ff06f) j       pc - 0x8
core   0: 3 0x0000000080008064 (0xff9ff06f)
core   0: 0x000000008000805c (0x00001397) auipc   t2, 0x1
core   0: 3 0x000000008000805c (0x00001397) x7  0x000000008000905c
core   0: 0x0000000080008060 (0xfa13a223) sw      ra, -92(t2)
core   0: 3 0x0000000080008060 (0xfa13a223) mem 0x0000000080009000 0x00000001
core   0: 0x0000000080008064 (0xff9ff06f) j       pc - 0x8
core   0: 3 0x0000000080008064 (0xff9ff06f)
core   0: 0x000000008000805c (0x00001397) auipc   t2, 0x1
core   0: 3 0x000000008000805c (0x00001397) x7  0x000000008000905c
core   0: 0x0000000080008060 (0xfa13a223) sw      ra, -92(t2)
core   0: 3 0x0000000080008060 (0xfa13a223) mem 0x0000000080009000 0x00000001
core   0: 0x0000000080008064 (0xff9ff06f) j       pc - 0x8
core   0: 3 0x0000000080008064 (0xff9ff06f)
core   0: 0x000000008000805c (0x00001397) auipc   t2, 0x1
core   0: 3 0x000000008000805c (0x00001397) x7  0x000000008000905c
core   0: 0x0000000080008060 (0xfa13a223) sw      ra, -92(t2)
core   0: 3 0x0000000080008060 (0xfa13a223) mem 0x0000000080009000 0x00000001
core   0: 0x0000000080008064 (0xff9ff06f) j       pc - 0x8
core   0: 3 0x0000000080008064 (0xff9ff06f)
core   0: 0x000000008000805c (0x00001397) auipc   t2, 0x1
core   0: 3 0x000000008000805c (0x00001397) x7  0x000000008000905c
core   0: 0x0000000080008060 (0xfa13a223) sw      ra, -92(t2)
core   0: 3 0x0000000080008060 (0xfa13a223) mem 0x0000000080009000 0x00000001
core   0: 0x0000000080008064 (0xff9ff06f) j       pc - 0x8
core   0: 3 0x0000000080008064 (0xff9ff06f)
core   0: 0x000000008000805c (0x00001397) auipc   t2, 0x1
core   0: 3 0x000000008000805c (0x00001397) x7  0x000000008000905c
core   0: 0x0000000080008060 (0xfa13a223) sw      ra, -92(t2)
core   0: 3 0x0000000080008060 (0xfa13a223) mem 0x0000000080009000 0x00000001
core   0: 0x0000000080008064 (0xff9ff06f) j       pc - 0x8
core   0: 3 0x0000000080008064 (0xff9ff06f)
core   0: 0x000000008000805c (0x00001397) auipc   t2, 0x1
core   0: 3 0x000000008000805c (0x00001397) x7  0x000000008000905c
core   0: 0x0000000080008060 (0xfa13a223) sw      ra, -92(t2)
core   0: 3 0x0000000080008060 (0xfa13a223) mem 0x0000000080009000 0x00000001
core   0: 0x0000000080008064 (0xff9ff06f) j       pc - 0x8
core   0: 3 0x0000000080008064 (0xff9ff06f)
core   0: 0x000000008000805c (0x00001397) auipc   t2, 0x1
core   0: 3 0x000000008000805c (0x00001397) x7  0x000000008000905c
core   0: 0x0000000080008060 (0xfa13a223) sw      ra, -92(t2)
core   0: 3 0x0000000080008060 (0xfa13a223) mem 0x0000000080009000 0x00000001
core   0: 0x0000000080008064 (0xff9ff06f) j       pc - 0x8
core   0: 3 0x0000000080008064 (0xff9ff06f)
core   0: 0x000000008000805c (0x00001397) auipc   t2, 0x1
core   0: 3 0x000000008000805c (0x00001397) x7  0x000000008000905c
core   0: 0x0000000080008060 (0xfa13a223) sw      ra, -92(t2)
core   0: 3 0x0000000080008060 (0xfa13a223) mem 0x0000000080009000 0x00000001
core   0: 0x0000000080008064 (0xff9ff06f) j       pc - 0x8
core   0: 3 0x0000000080008064 (0xff9ff06f)
core   0: 0x000000008000805c (0x00001397) auipc   t2, 0x1
core   0: 3 0x000000008000805c (0x00001397) x7  0x000000008000905c
core   0: 0x0000000080008060 (0xfa13a223) sw      ra, -92(t2)
core   0: 3 0x0000000080008060 (0xfa13a223) mem 0x0000000080009000 0x00000001
core   0: 0x0000000080008064 (0xff9ff06f) j       pc - 0x8
core   0: 3 0x0000000080008064 (0xff9ff06f)
core   0: 0x000000008000805c (0x00001397) auipc   t2, 0x1
core   0: 3 0x000000008000805c (0x00001397) x7  0x000000008000905c
core   0: 0x0000000080008060 (0xfa13a223) sw      ra, -92(t2)
core   0: 3 0x0000000080008060 (0xfa13a223) mem 0x0000000080009000 0x00000001
core   0: 0x0000000080008064 (0xff9ff06f) j       pc - 0x8
core   0: 3 0x0000000080008064 (0xff9ff06f)
core   0: 0x000000008000805c (0x00001397) auipc   t2, 0x1
core   0: 3 0x000000008000805c (0x00001397) x7  0x000000008000905c
core   0: 0x0000000080008060 (0xfa13a223) sw      ra, -92(t2)
core   0: 3 0x0000000080008060 (0xfa13a223) mem 0x0000000080009000 0x00000001
core   0: 0x0000000080008064 (0xff9ff06f) j       pc - 0x8
core   0: 3 0x0000000080008064 (0xff9ff06f)
core   0: 0x000000008000805c (0x00001397) auipc   t2, 0x1
core   0: 3 0x000000008000805c (0x00001397) x7  0x000000008000905c
core   0: 0x0000000080008060 (0xfa13a223) sw      ra, -92(t2)
core   0: 3 0x0000000080008060 (0xfa13a223) mem 0x0000000080009000 0x00000001
core   0: 0x0000000080008064 (0xff9ff06f) j       pc - 0x8
core   0: 3 0x0000000080008064 (0xff9ff06f)
core   0: 0x000000008000805c (0x00001397) auipc   t2, 0x1
core   0: 3 0x000000008000805c (0x00001397) x7  0x000000008000905c
core   0: 0x0000000080008060 (0xfa13a223) sw      ra, -92(t2)
core   0: 3 0x0000000080008060 (0xfa13a223) mem 0x0000000080009000 0x00000001
core   0: 0x0000000080008064 (0xff9ff06f) j       pc - 0x8
core   0: 3 0x0000000080008064 (0xff9ff06f)
core   0: 0x000000008000805c (0x00001397) auipc   t2, 0x1
core   0: 3 0x000000008000805c (0x00001397) x7  0x000000008000905c
core   0: 0x0000000080008060 (0xfa13a223) sw      ra, -92(t2)
core   0: 3 0x0000000080008060 (0xfa13a223) mem 0x0000000080009000 0x00000001
core   0: 0x0000000080008064 (0xff9ff06f) j       pc - 0x8
core   0: 3 0x0000000080008064 (0xff9ff06f)
core   0: 0x000000008000805c (0x00001397) auipc   t2, 0x1
core   0: 3 0x000000008000805c (0x00001397) x7  0x000000008000905c
core   0: 0x0000000080008060 (0xfa13a223) sw      ra, -92(t2)
core   0: 3 0x0000000080008060 (0xfa13a223) mem 0x0000000080009000 0x00000001
core   0: 0x0000000080008064 (0xff9ff06f) j       pc - 0x8
core   0: 3 0x0000000080008064 (0xff9ff06f)
core   0: 0x000000008000805c (0x00001397) auipc   t2, 0x1
core   0: 3 0x000000008000805c (0x00001397) x7  0x000000008000905c
core   0: 0x0000000080008060 (0xfa13a223) sw      ra, -92(t2)
core   0: 3 0x0000000080008060 (0xfa13a223) mem 0x0000000080009000 0x00000001
core   0: 0x0000000080008064 (0xff9ff06f) j       pc - 0x8
core   0: 3 0x0000000080008064 (0xff9ff06f)
core   0: 0x000000008000805c (0x00001397) auipc   t2, 0x1
core   0: 3 0x000000008000805c (0x00001397) x7  0x000000008000905c
core   0: 0x0000000080008060 (0xfa13a223) sw      ra, -92(t2)
core   0: 3 0x0000000080008060 (0xfa13a223) mem 0x0000000080009000 0x00000001
core   0: 0x0000000080008064 (0xff9ff06f) j       pc - 0x8
core   0: 3 0x0000000080008064 (0xff9ff06f)
core   0: 0x000000008000805c (0x00001397) auipc   t2, 0x1
core   0: 3 0x000000008000805c (0x00001397) x7  0x000000008000905c
core   0: 0x0000000080008060 (0xfa13a223) sw      ra, -92(t2)
core   0: 3 0x0000000080008060 (0xfa13a223) mem 0x0000000080009000 0x00000001
core   0: 0x0000000080008064 (0xff9ff06f) j       pc - 0x8
core   0: 3 0x0000000080008064 (0xff9ff06f)
core   0: 0x000000008000805c (0x00001397) auipc   t2, 0x1
core   0: 3 0x000000008000805c (0x00001397) x7  0x000000008000905c
core   0: 0x0000000080008060 (0xfa13a223) sw      ra, -92(t2)
core   0: 3 0x0000000080008060 (0xfa13a223) mem 0x0000000080009000 0x00000001
core   0: 0x0000000080008064 (0xff9ff06f) j       pc - 0x8
core   0: 3 0x0000000080008064 (0xff9ff06f)
core   0: 0x000000008000805c (0x00001397) auipc   t2, 0x1
core   0: 3 0x000000008000805c (0x00001397) x7  0x000000008000905c
core   0: 0x0000000080008060 (0xfa13a223) sw      ra, -92(t2)
core   0: 3 0x0000000080008060 (0xfa13a223) mem 0x0000000080009000 0x00000001
core   0: 0x0000000080008064 (0xff9ff06f) j       pc - 0x8
core   0: 3 0x0000000080008064 (0xff9ff06f)
core   0: 0x000000008000805c (0x00001397) auipc   t2, 0x1
core   0: 3 0x000000008000805c (0x00001397) x7  0x000000008000905c
core   0: 0x0000000080008060 (0xfa13a223) sw      ra, -92(t2)
core   0: 3 0x0000000080008060 (0xfa13a223) mem 0x0000000080009000 0x00000001
core   0: 0x0000000080008064 (0xff9ff06f) j       pc - 0x8
core   0: 3 0x0000000080008064 (0xff9ff06f)
core   0: 0x000000008000805c (0x00001397) auipc   t2, 0x1
core   0: 3 0x000000008000805c (0x00001397) x7  0x000000008000905c
core   0: 0x0000000080008060 (0xfa13a223) sw      ra, -92(t2)
core   0: 3 0x0000000080008060 (0xfa13a223) mem 0x0000000080009000 0x00000001
core   0: 0x0000000080008064 (0xff9ff06f) j       pc - 0x8
core   0: 3 0x0000000080008064 (0xff9ff06f)
core   0: 0x000000008000805c (0x00001397) auipc   t2, 0x1
core   0: 3 0x000000008000805c (0x00001397) x7  0x000000008000905c
core   0: 0x0000000080008060 (0xfa13a223) sw      ra, -92(t2)
core   0: 3 0x0000000080008060 (0xfa13a223) mem 0x0000000080009000 0x00000001
core   0: 0x0000000080008064 (0xff9ff06f) j       pc - 0x8
core   0: 3 0x0000000080008064 (0xff9ff06f)
core   0: 0x000000008000805c (0x00001397) auipc   t2, 0x1
core   0: 3 0x000000008000805c (0x00001397) x7  0x000000008000905c
core   0: 0x0000000080008060 (0xfa13a223) sw      ra, -92(t2)
core   0: 3 0x0000000080008060 (0xfa13a223) mem 0x0000000080009000 0x00000001
core   0: 0x0000000080008064 (0xff9ff06f) j       pc - 0x8
core   0: 3 0x0000000080008064 (0xff9ff06f)
core   0: 0x000000008000805c (0x00001397) auipc   t2, 0x1
core   0: 3 0x000000008000805c (0x00001397) x7  0x000000008000905c
core   0: 0x0000000080008060 (0xfa13a223) sw      ra, -92(t2)
core   0: 3 0x0000000080008060 (0xfa13a223) mem 0x0000000080009000 0x00000001
core   0: 0x0000000080008064 (0xff9ff06f) j       pc - 0x8
core   0: 3 0x0000000080008064 (0xff9ff06f)
core   0: 0x000000008000805c (0x00001397) auipc   t2, 0x1
core   0: 3 0x000000008000805c (0x00001397) x7  0x000000008000905c
core   0: 0x0000000080008060 (0xfa13a223) sw      ra, -92(t2)
core   0: 3 0x0000000080008060 (0xfa13a223) mem 0x0000000080009000 0x00000001
core   0: 0x0000000080008064 (0xff9ff06f) j       pc - 0x8
core   0: 3 0x0000000080008064 (0xff9ff06f)
core   0: 0x000000008000805c (0x00001397) auipc   t2, 0x1
core   0: 3 0x000000008000805c (0x00001397) x7  0x000000008000905c
core   0: 0x0000000080008060 (0xfa13a223) sw      ra, -92(t2)
core   0: 3 0x0000000080008060 (0xfa13a223) mem 0x0000000080009000 0x00000001
core   0: 0x0000000080008064 (0xff9ff06f) j       pc - 0x8
core   0: 3 0x0000000080008064 (0xff9ff06f)
core   0: 0x000000008000805c (0x00001397) auipc   t2, 0x1
core   0: 3 0x000000008000805c (0x00001397) x7  0x000000008000905c
core   0: 0x0000000080008060 (0xfa13a223) sw      ra, -92(t2)
core   0: 3 0x0000000080008060 (0xfa13a223) mem 0x0000000080009000 0x00000001
core   0: 0x0000000080008064 (0xff9ff06f) j       pc - 0x8
core   0: 3 0x0000000080008064 (0xff9ff06f)
core   0: 0x000000008000805c (0x00001397) auipc   t2, 0x1
core   0: 3 0x000000008000805c (0x00001397) x7  0x000000008000905c
core   0: 0x0000000080008060 (0xfa13a223) sw      ra, -92(t2)
core   0: 3 0x0000000080008060 (0xfa13a223) mem 0x0000000080009000 0x00000001
core   0: 0x0000000080008064 (0xff9ff06f) j       pc - 0x8
core   0: 3 0x0000000080008064 (0xff9ff06f)
core   0: 0x000000008000805c (0x00001397) auipc   t2, 0x1
core   0: 3 0x000000008000805c (0x00001397) x7  0x000000008000905c
core   0: 0x0000000080008060 (0xfa13a223) sw      ra, -92(t2)
core   0: 3 0x0000000080008060 (0xfa13a223) mem 0x0000000080009000 0x00000001
core   0: 0x0000000080008064 (0xff9ff06f) j       pc - 0x8
core   0: 3 0x0000000080008064 (0xff9ff06f)
core   0: 0x000000008000805c (0x00001397) auipc   t2, 0x1
core   0: 3 0x000000008000805c (0x00001397) x7  0x000000008000905c
core   0: 0x0000000080008060 (0xfa13a223) sw      ra, -92(t2)
core   0: 3 0x0000000080008060 (0xfa13a223) mem 0x0000000080009000 0x00000001
core   0: 0x0000000080008064 (0xff9ff06f) j       pc - 0x8
core   0: 3 0x0000000080008064 (0xff9ff06f)
core   0: 0x000000008000805c (0x00001397) auipc   t2, 0x1
core   0: 3 0x000000008000805c (0x00001397) x7  0x000000008000905c
core   0: 0x0000000080008060 (0xfa13a223) sw      ra, -92(t2)
core   0: 3 0x0000000080008060 (0xfa13a223) mem 0x0000000080009000 0x00000001
core   0: 0x0000000080008064 (0xff9ff06f) j       pc - 0x8
core   0: 3 0x0000000080008064 (0xff9ff06f)
core   0: 0x000000008000805c (0x00001397) auipc   t2, 0x1
core   0: 3 0x000000008000805c (0x00001397) x7  0x000000008000905c
core   0: 0x0000000080008060 (0xfa13a223) sw      ra, -92(t2)
core   0: 3 0x0000000080008060 (0xfa13a223) mem 0x0000000080009000 0x00000001
core   0: 0x0000000080008064 (0xff9ff06f) j       pc - 0x8
core   0: 3 0x0000000080008064 (0xff9ff06f)
core   0: 0x000000008000805c (0x00001397) auipc   t2, 0x1
core   0: 3 0x000000008000805c (0x00001397) x7  0x000000008000905c
core   0: 0x0000000080008060 (0xfa13a223) sw      ra, -92(t2)
core   0: 3 0x0000000080008060 (0xfa13a223) mem 0x0000000080009000 0x00000001
core   0: 0x0000000080008064 (0xff9ff06f) j       pc - 0x8
core   0: 3 0x0000000080008064 (0xff9ff06f)
core   0: 0x000000008000805c (0x00001397) auipc   t2, 0x1
core   0: 3 0x000000008000805c (0x00001397) x7  0x000000008000905c
core   0: 0x0000000080008060 (0xfa13a223) sw      ra, -92(t2)
core   0: 3 0x0000000080008060 (0xfa13a223) mem 0x0000000080009000 0x00000001
core   0: 0x0000000080008064 (0xff9ff06f) j       pc - 0x8
core   0: 3 0x0000000080008064 (0xff9ff06f)
core   0: 0x000000008000805c (0x00001397) auipc   t2, 0x1
core   0: 3 0x000000008000805c (0x00001397) x7  0x000000008000905c
core   0: 0x0000000080008060 (0xfa13a223) sw      ra, -92(t2)
core   0: 3 0x0000000080008060 (0xfa13a223) mem 0x0000000080009000 0x00000001
core   0: 0x0000000080008064 (0xff9ff06f) j       pc - 0x8
core   0: 3 0x0000000080008064 (0xff9ff06f)
core   0: 0x000000008000805c (0x00001397) auipc   t2, 0x1
core   0: 3 0x000000008000805c (0x00001397) x7  0x000000008000905c
core   0: 0x0000000080008060 (0xfa13a223) sw      ra, -92(t2)
core   0: 3 0x0000000080008060 (0xfa13a223) mem 0x0000000080009000 0x00000001
core   0: 0x0000000080008064 (0xff9ff06f) j       pc - 0x8
core   0: 3 0x0000000080008064 (0xff9ff06f)
core   0: 0x000000008000805c (0x00001397) auipc   t2, 0x1
core   0: 3 0x000000008000805c (0x00001397) x7  0x000000008000905c
core   0: 0x0000000080008060 (0xfa13a223) sw      ra, -92(t2)
core   0: 3 0x0000000080008060 (0xfa13a223) mem 0x0000000080009000 0x00000001
core   0: 0x0000000080008064 (0xff9ff06f) j       pc - 0x8
core   0: 3 0x0000000080008064 (0xff9ff06f)
core   0: 0x000000008000805c (0x00001397) auipc   t2, 0x1
core   0: 3 0x000000008000805c (0x00001397) x7  0x000000008000905c
core   0: 0x0000000080008060 (0xfa13a223) sw      ra, -92(t2)
core   0: 3 0x0000000080008060 (0xfa13a223) mem 0x0000000080009000 0x00000001
core   0: 0x0000000080008064 (0xff9ff06f) j       pc - 0x8
core   0: 3 0x0000000080008064 (0xff9ff06f)
core   0: 0x000000008000805c (0x00001397) auipc   t2, 0x1
core   0: 3 0x000000008000805c (0x00001397) x7  0x000000008000905c
core   0: 0x0000000080008060 (0xfa13a223) sw      ra, -92(t2)
core   0: 3 0x0000000080008060 (0xfa13a223) mem 0x0000000080009000 0x00000001
core   0: 0x0000000080008064 (0xff9ff06f) j       pc - 0x8
core   0: 3 0x0000000080008064 (0xff9ff06f)
core   0: 0x000000008000805c (0x00001397) auipc   t2, 0x1
core   0: 3 0x000000008000805c (0x00001397) x7  0x000000008000905c
core   0: 0x0000000080008060 (0xfa13a223) sw      ra, -92(t2)
core   0: 3 0x0000000080008060 (0xfa13a223) mem 0x0000000080009000 0x00000001
core   0: 0x0000000080008064 (0xff9ff06f) j       pc - 0x8
core   0: 3 0x0000000080008064 (0xff9ff06f)
core   0: 0x000000008000805c (0x00001397) auipc   t2, 0x1
core   0: 3 0x000000008000805c (0x00001397) x7  0x000000008000905c
core   0: 0x0000000080008060 (0xfa13a223) sw      ra, -92(t2)
core   0: 3 0x0000000080008060 (0xfa13a223) mem 0x0000000080009000 0x00000001
core   0: 0x0000000080008064 (0xff9ff06f) j       pc - 0x8
core   0: 3 0x0000000080008064 (0xff9ff06f)
core   0: 0x000000008000805c (0x00001397) auipc   t2, 0x1
core   0: 3 0x000000008000805c (0x00001397) x7  0x000000008000905c
core   0: 0x0000000080008060 (0xfa13a223) sw      ra, -92(t2)
core   0: 3 0x0000000080008060 (0xfa13a223) mem 0x0000000080009000 0x00000001
core   0: 0x0000000080008064 (0xff9ff06f) j       pc - 0x8
core   0: 3 0x0000000080008064 (0xff9ff06f)
core   0: 0x000000008000805c (0x00001397) auipc   t2, 0x1
core   0: 3 0x000000008000805c (0x00001397) x7  0x000000008000905c
core   0: 0x0000000080008060 (0xfa13a223) sw      ra, -92(t2)
core   0: 3 0x0000000080008060 (0xfa13a223) mem 0x0000000080009000 0x00000001
core   0: 0x0000000080008064 (0xff9ff06f) j       pc - 0x8
core   0: 3 0x0000000080008064 (0xff9ff06f)
core   0: 0x000000008000805c (0x00001397) auipc   t2, 0x1
core   0: 3 0x000000008000805c (0x00001397) x7  0x000000008000905c
core   0: 0x0000000080008060 (0xfa13a223) sw      ra, -92(t2)
core   0: 3 0x0000000080008060 (0xfa13a223) mem 0x0000000080009000 0x00000001
core   0: 0x0000000080008064 (0xff9ff06f) j       pc - 0x8
core   0: 3 0x0000000080008064 (0xff9ff06f)
core   0: 0x000000008000805c (0x00001397) auipc   t2, 0x1
core   0: 3 0x000000008000805c (0x00001397) x7  0x000000008000905c
core   0: 0x0000000080008060 (0xfa13a223) sw      ra, -92(t2)
core   0: 3 0x0000000080008060 (0xfa13a223) mem 0x0000000080009000 0x00000001
core   0: 0x0000000080008064 (0xff9ff06f) j       pc - 0x8
core   0: 3 0x0000000080008064 (0xff9ff06f)
core   0: 0x000000008000805c (0x00001397) auipc   t2, 0x1
core   0: 3 0x000000008000805c (0x00001397) x7  0x000000008000905c
core   0: 0x0000000080008060 (0xfa13a223) sw      ra, -92(t2)
core   0: 3 0x0000000080008060 (0xfa13a223) mem 0x0000000080009000 0x00000001
core   0: 0x0000000080008064 (0xff9ff06f) j       pc - 0x8
core   0: 3 0x0000000080008064 (0xff9ff06f)
core   0: 0x000000008000805c (0x00001397) auipc   t2, 0x1
core   0: 3 0x000000008000805c (0x00001397) x7  0x000000008000905c
core   0: 0x0000000080008060 (0xfa13a223) sw      ra, -92(t2)
core   0: 3 0x0000000080008060 (0xfa13a223) mem 0x0000000080009000 0x00000001
core   0: 0x0000000080008064 (0xff9ff06f) j       pc - 0x8
core   0: 3 0x0000000080008064 (0xff9ff06f)
core   0: 0x000000008000805c (0x00001397) auipc   t2, 0x1
core   0: 3 0x000000008000805c (0x00001397) x7  0x000000008000905c
core   0: 0x0000000080008060 (0xfa13a223) sw      ra, -92(t2)
core   0: 3 0x0000000080008060 (0xfa13a223) mem 0x0000000080009000 0x00000001
core   0: 0x0000000080008064 (0xff9ff06f) j       pc - 0x8
core   0: 3 0x0000000080008064 (0xff9ff06f)
core   0: 0x000000008000805c (0x00001397) auipc   t2, 0x1
core   0: 3 0x000000008000805c (0x00001397) x7  0x000000008000905c
core   0: 0x0000000080008060 (0xfa13a223) sw      ra, -92(t2)
core   0: 3 0x0000000080008060 (0xfa13a223) mem 0x0000000080009000 0x00000001
core   0: 0x0000000080008064 (0xff9ff06f) j       pc - 0x8
core   0: 3 0x0000000080008064 (0xff9ff06f)
core   0: 0x000000008000805c (0x00001397) auipc   t2, 0x1
core   0: 3 0x000000008000805c (0x00001397) x7  0x000000008000905c
core   0: 0x0000000080008060 (0xfa13a223) sw      ra, -92(t2)
core   0: 3 0x0000000080008060 (0xfa13a223) mem 0x0000000080009000 0x00000001
core   0: 0x0000000080008064 (0xff9ff06f) j       pc - 0x8
core   0: 3 0x0000000080008064 (0xff9ff06f)
core   0: 0x000000008000805c (0x00001397) auipc   t2, 0x1
core   0: 3 0x000000008000805c (0x00001397) x7  0x000000008000905c
core   0: 0x0000000080008060 (0xfa13a223) sw      ra, -92(t2)
core   0: 3 0x0000000080008060 (0xfa13a223) mem 0x0000000080009000 0x00000001
core   0: 0x0000000080008064 (0xff9ff06f) j       pc - 0x8
core   0: 3 0x0000000080008064 (0xff9ff06f)
core   0: 0x000000008000805c (0x00001397) auipc   t2, 0x1
core   0: 3 0x000000008000805c (0x00001397) x7  0x000000008000905c
core   0: 0x0000000080008060 (0xfa13a223) sw      ra, -92(t2)
core   0: 3 0x0000000080008060 (0xfa13a223) mem 0x0000000080009000 0x00000001
core   0: 0x0000000080008064 (0xff9ff06f) j       pc - 0x8
core   0: 3 0x0000000080008064 (0xff9ff06f)
core   0: 0x000000008000805c (0x00001397) auipc   t2, 0x1
core   0: 3 0x000000008000805c (0x00001397) x7  0x000000008000905c
core   0: 0x0000000080008060 (0xfa13a223) sw      ra, -92(t2)
core   0: 3 0x0000000080008060 (0xfa13a223) mem 0x0000000080009000 0x00000001
core   0: 0x0000000080008064 (0xff9ff06f) j       pc - 0x8
core   0: 3 0x0000000080008064 (0xff9ff06f)
core   0: 0x000000008000805c (0x00001397) auipc   t2, 0x1
core   0: 3 0x000000008000805c (0x00001397) x7  0x000000008000905c
core   0: 0x0000000080008060 (0xfa13a223) sw      ra, -92(t2)
core   0: 3 0x0000000080008060 (0xfa13a223) mem 0x0000000080009000 0x00000001
core   0: 0x0000000080008064 (0xff9ff06f) j       pc - 0x8
core   0: 3 0x0000000080008064 (0xff9ff06f)
core   0: 0x000000008000805c (0x00001397) auipc   t2, 0x1
core   0: 3 0x000000008000805c (0x00001397) x7  0x000000008000905c
core   0: 0x0000000080008060 (0xfa13a223) sw      ra, -92(t2)
core   0: 3 0x0000000080008060 (0xfa13a223) mem 0x0000000080009000 0x00000001
core   0: 0x0000000080008064 (0xff9ff06f) j       pc - 0x8
core   0: 3 0x0000000080008064 (0xff9ff06f)
core   0: 0x000000008000805c (0x00001397) auipc   t2, 0x1
core   0: 3 0x000000008000805c (0x00001397) x7  0x000000008000905c
core   0: 0x0000000080008060 (0xfa13a223) sw      ra, -92(t2)
core   0: 3 0x0000000080008060 (0xfa13a223) mem 0x0000000080009000 0x00000001
core   0: 0x0000000080008064 (0xff9ff06f) j       pc - 0x8
core   0: 3 0x0000000080008064 (0xff9ff06f)
core   0: 0x000000008000805c (0x00001397) auipc   t2, 0x1
core   0: 3 0x000000008000805c (0x00001397) x7  0x000000008000905c
core   0: 0x0000000080008060 (0xfa13a223) sw      ra, -92(t2)
core   0: 3 0x0000000080008060 (0xfa13a223) mem 0x0000000080009000 0x00000001
core   0: 0x0000000080008064 (0xff9ff06f) j       pc - 0x8
core   0: 3 0x0000000080008064 (0xff9ff06f)
core   0: 0x000000008000805c (0x00001397) auipc   t2, 0x1
core   0: 3 0x000000008000805c (0x00001397) x7  0x000000008000905c
core   0: 0x0000000080008060 (0xfa13a223) sw      ra, -92(t2)
core   0: 3 0x0000000080008060 (0xfa13a223) mem 0x0000000080009000 0x00000001
core   0: 0x0000000080008064 (0xff9ff06f) j       pc - 0x8
core   0: 3 0x0000000080008064 (0xff9ff06f)
core   0: 0x000000008000805c (0x00001397) auipc   t2, 0x1
core   0: 3 0x000000008000805c (0x00001397) x7  0x000000008000905c
core   0: 0x0000000080008060 (0xfa13a223) sw      ra, -92(t2)
core   0: 3 0x0000000080008060 (0xfa13a223) mem 0x0000000080009000 0x00000001
core   0: 0x0000000080008064 (0xff9ff06f) j       pc - 0x8
core   0: 3 0x0000000080008064 (0xff9ff06f)
core   0: 0x000000008000805c (0x00001397) auipc   t2, 0x1
core   0: 3 0x000000008000805c (0x00001397) x7  0x000000008000905c
core   0: 0x0000000080008060 (0xfa13a223) sw      ra, -92(t2)
core   0: 3 0x0000000080008060 (0xfa13a223) mem 0x0000000080009000 0x00000001
core   0: 0x0000000080008064 (0xff9ff06f) j       pc - 0x8
core   0: 3 0x0000000080008064 (0xff9ff06f)
core   0: 0x000000008000805c (0x00001397) auipc   t2, 0x1
core   0: 3 0x000000008000805c (0x00001397) x7  0x000000008000905c
core   0: 0x0000000080008060 (0xfa13a223) sw      ra, -92(t2)
core   0: 3 0x0000000080008060 (0xfa13a223) mem 0x0000000080009000 0x00000001
core   0: 0x0000000080008064 (0xff9ff06f) j       pc - 0x8
core   0: 3 0x0000000080008064 (0xff9ff06f)
core   0: 0x000000008000805c (0x00001397) auipc   t2, 0x1
core   0: 3 0x000000008000805c (0x00001397) x7  0x000000008000905c
core   0: 0x0000000080008060 (0xfa13a223) sw      ra, -92(t2)
core   0: 3 0x0000000080008060 (0xfa13a223) mem 0x0000000080009000 0x00000001
core   0: 0x0000000080008064 (0xff9ff06f) j       pc - 0x8
core   0: 3 0x0000000080008064 (0xff9ff06f)
core   0: 0x000000008000805c (0x00001397) auipc   t2, 0x1
core   0: 3 0x000000008000805c (0x00001397) x7  0x000000008000905c
core   0: 0x0000000080008060 (0xfa13a223) sw      ra, -92(t2)
core   0: 3 0x0000000080008060 (0xfa13a223) mem 0x0000000080009000 0x00000001
core   0: 0x0000000080008064 (0xff9ff06f) j       pc - 0x8
core   0: 3 0x0000000080008064 (0xff9ff06f)
core   0: 0x000000008000805c (0x00001397) auipc   t2, 0x1
core   0: 3 0x000000008000805c (0x00001397) x7  0x000000008000905c
core   0: 0x0000000080008060 (0xfa13a223) sw      ra, -92(t2)
core   0: 3 0x0000000080008060 (0xfa13a223) mem 0x0000000080009000 0x00000001
core   0: 0x0000000080008064 (0xff9ff06f) j       pc - 0x8
core   0: 3 0x0000000080008064 (0xff9ff06f)
core   0: 0x000000008000805c (0x00001397) auipc   t2, 0x1
core   0: 3 0x000000008000805c (0x00001397) x7  0x000000008000905c
core   0: 0x0000000080008060 (0xfa13a223) sw      ra, -92(t2)
core   0: 3 0x0000000080008060 (0xfa13a223) mem 0x0000000080009000 0x00000001
core   0: 0x0000000080008064 (0xff9ff06f) j       pc - 0x8
core   0: 3 0x0000000080008064 (0xff9ff06f)
core   0: 0x000000008000805c (0x00001397) auipc   t2, 0x1
core   0: 3 0x000000008000805c (0x00001397) x7  0x000000008000905c
core   0: 0x0000000080008060 (0xfa13a223) sw      ra, -92(t2)
core   0: 3 0x0000000080008060 (0xfa13a223) mem 0x0000000080009000 0x00000001
core   0: 0x0000000080008064 (0xff9ff06f) j       pc - 0x8
core   0: 3 0x0000000080008064 (0xff9ff06f)
core   0: 0x000000008000805c (0x00001397) auipc   t2, 0x1
core   0: 3 0x000000008000805c (0x00001397) x7  0x000000008000905c
core   0: 0x0000000080008060 (0xfa13a223) sw      ra, -92(t2)
core   0: 3 0x0000000080008060 (0xfa13a223) mem 0x0000000080009000 0x00000001
core   0: 0x0000000080008064 (0xff9ff06f) j       pc - 0x8
core   0: 3 0x0000000080008064 (0xff9ff06f)
core   0: 0x000000008000805c (0x00001397) auipc   t2, 0x1
core   0: 3 0x000000008000805c (0x00001397) x7  0x000000008000905c
core   0: 0x0000000080008060 (0xfa13a223) sw      ra, -92(t2)
core   0: 3 0x0000000080008060 (0xfa13a223) mem 0x0000000080009000 0x00000001
core   0: 0x0000000080008064 (0xff9ff06f) j       pc - 0x8
core   0: 3 0x0000000080008064 (0xff9ff06f)
core   0: 0x000000008000805c (0x00001397) auipc   t2, 0x1
core   0: 3 0x000000008000805c (0x00001397) x7  0x000000008000905c
core   0: 0x0000000080008060 (0xfa13a223) sw      ra, -92(t2)
core   0: 3 0x0000000080008060 (0xfa13a223) mem 0x0000000080009000 0x00000001
core   0: 0x0000000080008064 (0xff9ff06f) j       pc - 0x8
core   0: 3 0x0000000080008064 (0xff9ff06f)
core   0: 0x000000008000805c (0x00001397) auipc   t2, 0x1
core   0: 3 0x000000008000805c (0x00001397) x7  0x000000008000905c
core   0: 0x0000000080008060 (0xfa13a223) sw      ra, -92(t2)
core   0: 3 0x0000000080008060 (0xfa13a223) mem 0x0000000080009000 0x00000001
core   0: 0x0000000080008064 (0xff9ff06f) j       pc - 0x8
core   0: 3 0x0000000080008064 (0xff9ff06f)
core   0: 0x000000008000805c (0x00001397) auipc   t2, 0x1
core   0: 3 0x000000008000805c (0x00001397) x7  0x000000008000905c
core   0: 0x0000000080008060 (0xfa13a223) sw      ra, -92(t2)
core   0: 3 0x0000000080008060 (0xfa13a223) mem 0x0000000080009000 0x00000001
core   0: 0x0000000080008064 (0xff9ff06f) j       pc - 0x8
core   0: 3 0x0000000080008064 (0xff9ff06f)
core   0: 0x000000008000805c (0x00001397) auipc   t2, 0x1
core   0: 3 0x000000008000805c (0x00001397) x7  0x000000008000905c
core   0: 0x0000000080008060 (0xfa13a223) sw      ra, -92(t2)
core   0: 3 0x0000000080008060 (0xfa13a223) mem 0x0000000080009000 0x00000001
core   0: 0x0000000080008064 (0xff9ff06f) j       pc - 0x8
core   0: 3 0x0000000080008064 (0xff9ff06f)
core   0: 0x000000008000805c (0x00001397) auipc   t2, 0x1
core   0: 3 0x000000008000805c (0x00001397) x7  0x000000008000905c
core   0: 0x0000000080008060 (0xfa13a223) sw      ra, -92(t2)
core   0: 3 0x0000000080008060 (0xfa13a223) mem 0x0000000080009000 0x00000001
core   0: 0x0000000080008064 (0xff9ff06f) j       pc - 0x8
core   0: 3 0x0000000080008064 (0xff9ff06f)
core   0: 0x000000008000805c (0x00001397) auipc   t2, 0x1
core   0: 3 0x000000008000805c (0x00001397) x7  0x000000008000905c
core   0: 0x0000000080008060 (0xfa13a223) sw      ra, -92(t2)
core   0: 3 0x0000000080008060 (0xfa13a223) mem 0x0000000080009000 0x00000001
core   0: 0x0000000080008064 (0xff9ff06f) j       pc - 0x8
core   0: 3 0x0000000080008064 (0xff9ff06f)
core   0: 0x000000008000805c (0x00001397) auipc   t2, 0x1
core   0: 3 0x000000008000805c (0x00001397) x7  0x000000008000905c
core   0: 0x0000000080008060 (0xfa13a223) sw      ra, -92(t2)
core   0: 3 0x0000000080008060 (0xfa13a223) mem 0x0000000080009000 0x00000001
core   0: 0x0000000080008064 (0xff9ff06f) j       pc - 0x8
core   0: 3 0x0000000080008064 (0xff9ff06f)
core   0: 0x000000008000805c (0x00001397) auipc   t2, 0x1
core   0: 3 0x000000008000805c (0x00001397) x7  0x000000008000905c
core   0: 0x0000000080008060 (0xfa13a223) sw      ra, -92(t2)
core   0: 3 0x0000000080008060 (0xfa13a223) mem 0x0000000080009000 0x00000001
core   0: 0x0000000080008064 (0xff9ff06f) j       pc - 0x8
core   0: 3 0x0000000080008064 (0xff9ff06f)
core   0: 0x000000008000805c (0x00001397) auipc   t2, 0x1
core   0: 3 0x000000008000805c (0x00001397) x7  0x000000008000905c
core   0: 0x0000000080008060 (0xfa13a223) sw      ra, -92(t2)
core   0: 3 0x0000000080008060 (0xfa13a223) mem 0x0000000080009000 0x00000001
core   0: 0x0000000080008064 (0xff9ff06f) j       pc - 0x8
core   0: 3 0x0000000080008064 (0xff9ff06f)
core   0: 0x000000008000805c (0x00001397) auipc   t2, 0x1
core   0: 3 0x000000008000805c (0x00001397) x7  0x000000008000905c
core   0: 0x0000000080008060 (0xfa13a223) sw      ra, -92(t2)
core   0: 3 0x0000000080008060 (0xfa13a223) mem 0x0000000080009000 0x00000001
core   0: 0x0000000080008064 (0xff9ff06f) j       pc - 0x8
core   0: 3 0x0000000080008064 (0xff9ff06f)
core   0: 0x000000008000805c (0x00001397) auipc   t2, 0x1
core   0: 3 0x000000008000805c (0x00001397) x7  0x000000008000905c
core   0: 0x0000000080008060 (0xfa13a223) sw      ra, -92(t2)
core   0: 3 0x0000000080008060 (0xfa13a223) mem 0x0000000080009000 0x00000001
core   0: 0x0000000080008064 (0xff9ff06f) j       pc - 0x8
core   0: 3 0x0000000080008064 (0xff9ff06f)
core   0: 0x000000008000805c (0x00001397) auipc   t2, 0x1
core   0: 3 0x000000008000805c (0x00001397) x7  0x000000008000905c
core   0: 0x0000000080008060 (0xfa13a223) sw      ra, -92(t2)
core   0: 3 0x0000000080008060 (0xfa13a223) mem 0x0000000080009000 0x00000001
core   0: 0x0000000080008064 (0xff9ff06f) j       pc - 0x8
core   0: 3 0x0000000080008064 (0xff9ff06f)
core   0: 0x000000008000805c (0x00001397) auipc   t2, 0x1
core   0: 3 0x000000008000805c (0x00001397) x7  0x000000008000905c
core   0: 0x0000000080008060 (0xfa13a223) sw      ra, -92(t2)
core   0: 3 0x0000000080008060 (0xfa13a223) mem 0x0000000080009000 0x00000001
core   0: 0x0000000080008064 (0xff9ff06f) j       pc - 0x8
core   0: 3 0x0000000080008064 (0xff9ff06f)
core   0: 0x000000008000805c (0x00001397) auipc   t2, 0x1
core   0: 3 0x000000008000805c (0x00001397) x7  0x000000008000905c
core   0: 0x0000000080008060 (0xfa13a223) sw      ra, -92(t2)
core   0: 3 0x0000000080008060 (0xfa13a223) mem 0x0000000080009000 0x00000001
core   0: 0x0000000080008064 (0xff9ff06f) j       pc - 0x8
core   0: 3 0x0000000080008064 (0xff9ff06f)
core   0: 0x000000008000805c (0x00001397) auipc   t2, 0x1
core   0: 3 0x000000008000805c (0x00001397) x7  0x000000008000905c
core   0: 0x0000000080008060 (0xfa13a223) sw      ra, -92(t2)
core   0: 3 0x0000000080008060 (0xfa13a223) mem 0x0000000080009000 0x00000001
core   0: 0x0000000080008064 (0xff9ff06f) j       pc - 0x8
core   0: 3 0x0000000080008064 (0xff9ff06f)
core   0: 0x000000008000805c (0x00001397) auipc   t2, 0x1
core   0: 3 0x000000008000805c (0x00001397) x7  0x000000008000905c
core   0: 0x0000000080008060 (0xfa13a223) sw      ra, -92(t2)
core   0: 3 0x0000000080008060 (0xfa13a223) mem 0x0000000080009000 0x00000001
core   0: 0x0000000080008064 (0xff9ff06f) j       pc - 0x8
core   0: 3 0x0000000080008064 (0xff9ff06f)
core   0: 0x000000008000805c (0x00001397) auipc   t2, 0x1
core   0: 3 0x000000008000805c (0x00001397) x7  0x000000008000905c
core   0: 0x0000000080008060 (0xfa13a223) sw      ra, -92(t2)
core   0: 3 0x0000000080008060 (0xfa13a223) mem 0x0000000080009000 0x00000001
core   0: 0x0000000080008064 (0xff9ff06f) j       pc - 0x8
core   0: 3 0x0000000080008064 (0xff9ff06f)
core   0: 0x000000008000805c (0x00001397) auipc   t2, 0x1
core   0: 3 0x000000008000805c (0x00001397) x7  0x000000008000905c
core   0: 0x0000000080008060 (0xfa13a223) sw      ra, -92(t2)
core   0: 3 0x0000000080008060 (0xfa13a223) mem 0x0000000080009000 0x00000001
core   0: 0x0000000080008064 (0xff9ff06f) j       pc - 0x8
core   0: 3 0x0000000080008064 (0xff9ff06f)
core   0: 0x000000008000805c (0x00001397) auipc   t2, 0x1
core   0: 3 0x000000008000805c (0x00001397) x7  0x000000008000905c
core   0: 0x0000000080008060 (0xfa13a223) sw      ra, -92(t2)
core   0: 3 0x0000000080008060 (0xfa13a223) mem 0x0000000080009000 0x00000001
core   0: 0x0000000080008064 (0xff9ff06f) j       pc - 0x8
core   0: 3 0x0000000080008064 (0xff9ff06f)
core   0: 0x000000008000805c (0x00001397) auipc   t2, 0x1
core   0: 3 0x000000008000805c (0x00001397) x7  0x000000008000905c
core   0: 0x0000000080008060 (0xfa13a223) sw      ra, -92(t2)
core   0: 3 0x0000000080008060 (0xfa13a223) mem 0x0000000080009000 0x00000001
core   0: 0x0000000080008064 (0xff9ff06f) j       pc - 0x8
core   0: 3 0x0000000080008064 (0xff9ff06f)
core   0: 0x000000008000805c (0x00001397) auipc   t2, 0x1
core   0: 3 0x000000008000805c (0x00001397) x7  0x000000008000905c
core   0: 0x0000000080008060 (0xfa13a223) sw      ra, -92(t2)
core   0: 3 0x0000000080008060 (0xfa13a223) mem 0x0000000080009000 0x00000001
core   0: 0x0000000080008064 (0xff9ff06f) j       pc - 0x8
core   0: 3 0x0000000080008064 (0xff9ff06f)
core   0: 0x000000008000805c (0x00001397) auipc   t2, 0x1
core   0: 3 0x000000008000805c (0x00001397) x7  0x000000008000905c
core   0: 0x0000000080008060 (0xfa13a223) sw      ra, -92(t2)
core   0: 3 0x0000000080008060 (0xfa13a223) mem 0x0000000080009000 0x00000001
core   0: 0x0000000080008064 (0xff9ff06f) j       pc - 0x8
core   0: 3 0x0000000080008064 (0xff9ff06f)
core   0: 0x000000008000805c (0x00001397) auipc   t2, 0x1
core   0: 3 0x000000008000805c (0x00001397) x7  0x000000008000905c
core   0: 0x0000000080008060 (0xfa13a223) sw      ra, -92(t2)
core   0: 3 0x0000000080008060 (0xfa13a223) mem 0x0000000080009000 0x00000001
core   0: 0x0000000080008064 (0xff9ff06f) j       pc - 0x8
core   0: 3 0x0000000080008064 (0xff9ff06f)
core   0: 0x000000008000805c (0x00001397) auipc   t2, 0x1
core   0: 3 0x000000008000805c (0x00001397) x7  0x000000008000905c
core   0: 0x0000000080008060 (0xfa13a223) sw      ra, -92(t2)
core   0: 3 0x0000000080008060 (0xfa13a223) mem 0x0000000080009000 0x00000001
core   0: 0x0000000080008064 (0xff9ff06f) j       pc - 0x8
core   0: 3 0x0000000080008064 (0xff9ff06f)
core   0: 0x000000008000805c (0x00001397) auipc   t2, 0x1
core   0: 3 0x000000008000805c (0x00001397) x7  0x000000008000905c
core   0: 0x0000000080008060 (0xfa13a223) sw      ra, -92(t2)
core   0: 3 0x0000000080008060 (0xfa13a223) mem 0x0000000080009000 0x00000001
core   0: 0x0000000080008064 (0xff9ff06f) j       pc - 0x8
core   0: 3 0x0000000080008064 (0xff9ff06f)
core   0: 0x000000008000805c (0x00001397) auipc   t2, 0x1
core   0: 3 0x000000008000805c (0x00001397) x7  0x000000008000905c
core   0: 0x0000000080008060 (0xfa13a223) sw      ra, -92(t2)
core   0: 3 0x0000000080008060 (0xfa13a223) mem 0x0000000080009000 0x00000001
core   0: 0x0000000080008064 (0xff9ff06f) j       pc - 0x8
core   0: 3 0x0000000080008064 (0xff9ff06f)
core   0: 0x000000008000805c (0x00001397) auipc   t2, 0x1
core   0: 3 0x000000008000805c (0x00001397) x7  0x000000008000905c
core   0: 0x0000000080008060 (0xfa13a223) sw      ra, -92(t2)
core   0: 3 0x0000000080008060 (0xfa13a223) mem 0x0000000080009000 0x00000001
core   0: 0x0000000080008064 (0xff9ff06f) j       pc - 0x8
core   0: 3 0x0000000080008064 (0xff9ff06f)
core   0: 0x000000008000805c (0x00001397) auipc   t2, 0x1
core   0: 3 0x000000008000805c (0x00001397) x7  0x000000008000905c
core   0: 0x0000000080008060 (0xfa13a223) sw      ra, -92(t2)
core   0: 3 0x0000000080008060 (0xfa13a223) mem 0x0000000080009000 0x00000001
core   0: 0x0000000080008064 (0xff9ff06f) j       pc - 0x8
core   0: 3 0x0000000080008064 (0xff9ff06f)
core   0: 0x000000008000805c (0x00001397) auipc   t2, 0x1
core   0: 3 0x000000008000805c (0x00001397) x7  0x000000008000905c
core   0: 0x0000000080008060 (0xfa13a223) sw      ra, -92(t2)
core   0: 3 0x0000000080008060 (0xfa13a223) mem 0x0000000080009000 0x00000001
core   0: 0x0000000080008064 (0xff9ff06f) j       pc - 0x8
core   0: 3 0x0000000080008064 (0xff9ff06f)
core   0: 0x000000008000805c (0x00001397) auipc   t2, 0x1
core   0: 3 0x000000008000805c (0x00001397) x7  0x000000008000905c
core   0: 0x0000000080008060 (0xfa13a223) sw      ra, -92(t2)
core   0: 3 0x0000000080008060 (0xfa13a223) mem 0x0000000080009000 0x00000001
core   0: 0x0000000080008064 (0xff9ff06f) j       pc - 0x8
core   0: 3 0x0000000080008064 (0xff9ff06f)
core   0: 0x000000008000805c (0x00001397) auipc   t2, 0x1
core   0: 3 0x000000008000805c (0x00001397) x7  0x000000008000905c
core   0: 0x0000000080008060 (0xfa13a223) sw      ra, -92(t2)
core   0: 3 0x0000000080008060 (0xfa13a223) mem 0x0000000080009000 0x00000001
core   0: 0x0000000080008064 (0xff9ff06f) j       pc - 0x8
core   0: 3 0x0000000080008064 (0xff9ff06f)
core   0: 0x000000008000805c (0x00001397) auipc   t2, 0x1
core   0: 3 0x000000008000805c (0x00001397) x7  0x000000008000905c
core   0: 0x0000000080008060 (0xfa13a223) sw      ra, -92(t2)
core   0: 3 0x0000000080008060 (0xfa13a223) mem 0x0000000080009000 0x00000001
core   0: 0x0000000080008064 (0xff9ff06f) j       pc - 0x8
core   0: 3 0x0000000080008064 (0xff9ff06f)
core   0: 0x000000008000805c (0x00001397) auipc   t2, 0x1
core   0: 3 0x000000008000805c (0x00001397) x7  0x000000008000905c
core   0: 0x0000000080008060 (0xfa13a223) sw      ra, -92(t2)
core   0: 3 0x0000000080008060 (0xfa13a223) mem 0x0000000080009000 0x00000001
core   0: 0x0000000080008064 (0xff9ff06f) j       pc - 0x8
core   0: 3 0x0000000080008064 (0xff9ff06f)
core   0: 0x000000008000805c (0x00001397) auipc   t2, 0x1
core   0: 3 0x000000008000805c (0x00001397) x7  0x000000008000905c
core   0: 0x0000000080008060 (0xfa13a223) sw      ra, -92(t2)
core   0: 3 0x0000000080008060 (0xfa13a223) mem 0x0000000080009000 0x00000001
core   0: 0x0000000080008064 (0xff9ff06f) j       pc - 0x8
core   0: 3 0x0000000080008064 (0xff9ff06f)
core   0: 0x000000008000805c (0x00001397) auipc   t2, 0x1
core   0: 3 0x000000008000805c (0x00001397) x7  0x000000008000905c
core   0: 0x0000000080008060 (0xfa13a223) sw      ra, -92(t2)
core   0: 3 0x0000000080008060 (0xfa13a223) mem 0x0000000080009000 0x00000001
core   0: 0x0000000080008064 (0xff9ff06f) j       pc - 0x8
core   0: 3 0x0000000080008064 (0xff9ff06f)
core   0: 0x000000008000805c (0x00001397) auipc   t2, 0x1
core   0: 3 0x000000008000805c (0x00001397) x7  0x000000008000905c
core   0: 0x0000000080008060 (0xfa13a223) sw      ra, -92(t2)
core   0: 3 0x0000000080008060 (0xfa13a223) mem 0x0000000080009000 0x00000001
core   0: 0x0000000080008064 (0xff9ff06f) j       pc - 0x8
core   0: 3 0x0000000080008064 (0xff9ff06f)
core   0: 0x000000008000805c (0x00001397) auipc   t2, 0x1
core   0: 3 0x000000008000805c (0x00001397) x7  0x000000008000905c
core   0: 0x0000000080008060 (0xfa13a223) sw      ra, -92(t2)
core   0: 3 0x0000000080008060 (0xfa13a223) mem 0x0000000080009000 0x00000001
core   0: 0x0000000080008064 (0xff9ff06f) j       pc - 0x8
core   0: 3 0x0000000080008064 (0xff9ff06f)
core   0: 0x000000008000805c (0x00001397) auipc   t2, 0x1
core   0: 3 0x000000008000805c (0x00001397) x7  0x000000008000905c
core   0: 0x0000000080008060 (0xfa13a223) sw      ra, -92(t2)
core   0: 3 0x0000000080008060 (0xfa13a223) mem 0x0000000080009000 0x00000001
core   0: 0x0000000080008064 (0xff9ff06f) j       pc - 0x8
core   0: 3 0x0000000080008064 (0xff9ff06f)
core   0: 0x000000008000805c (0x00001397) auipc   t2, 0x1
core   0: 3 0x000000008000805c (0x00001397) x7  0x000000008000905c
core   0: 0x0000000080008060 (0xfa13a223) sw      ra, -92(t2)
core   0: 3 0x0000000080008060 (0xfa13a223) mem 0x0000000080009000 0x00000001
core   0: 0x0000000080008064 (0xff9ff06f) j       pc - 0x8
core   0: 3 0x0000000080008064 (0xff9ff06f)
core   0: 0x000000008000805c (0x00001397) auipc   t2, 0x1
core   0: 3 0x000000008000805c (0x00001397) x7  0x000000008000905c
core   0: 0x0000000080008060 (0xfa13a223) sw      ra, -92(t2)
core   0: 3 0x0000000080008060 (0xfa13a223) mem 0x0000000080009000 0x00000001
core   0: 0x0000000080008064 (0xff9ff06f) j       pc - 0x8
core   0: 3 0x0000000080008064 (0xff9ff06f)
core   0: 0x000000008000805c (0x00001397) auipc   t2, 0x1
core   0: 3 0x000000008000805c (0x00001397) x7  0x000000008000905c
core   0: 0x0000000080008060 (0xfa13a223) sw      ra, -92(t2)
core   0: 3 0x0000000080008060 (0xfa13a223) mem 0x0000000080009000 0x00000001
core   0: 0x0000000080008064 (0xff9ff06f) j       pc - 0x8
core   0: 3 0x0000000080008064 (0xff9ff06f)
core   0: 0x000000008000805c (0x00001397) auipc   t2, 0x1
core   0: 3 0x000000008000805c (0x00001397) x7  0x000000008000905c
core   0: 0x0000000080008060 (0xfa13a223) sw      ra, -92(t2)
core   0: 3 0x0000000080008060 (0xfa13a223) mem 0x0000000080009000 0x00000001
core   0: 0x0000000080008064 (0xff9ff06f) j       pc - 0x8
core   0: 3 0x0000000080008064 (0xff9ff06f)
core   0: 0x000000008000805c (0x00001397) auipc   t2, 0x1
core   0: 3 0x000000008000805c (0x00001397) x7  0x000000008000905c
core   0: 0x0000000080008060 (0xfa13a223) sw      ra, -92(t2)
core   0: 3 0x0000000080008060 (0xfa13a223) mem 0x0000000080009000 0x00000001
core   0: 0x0000000080008064 (0xff9ff06f) j       pc - 0x8
core   0: 3 0x0000000080008064 (0xff9ff06f)
core   0: 0x000000008000805c (0x00001397) auipc   t2, 0x1
core   0: 3 0x000000008000805c (0x00001397) x7  0x000000008000905c
core   0: 0x0000000080008060 (0xfa13a223) sw      ra, -92(t2)
core   0: 3 0x0000000080008060 (0xfa13a223) mem 0x0000000080009000 0x00000001
core   0: 0x0000000080008064 (0xff9ff06f) j       pc - 0x8
core   0: 3 0x0000000080008064 (0xff9ff06f)
core   0: 0x000000008000805c (0x00001397) auipc   t2, 0x1
core   0: 3 0x000000008000805c (0x00001397) x7  0x000000008000905c
core   0: 0x0000000080008060 (0xfa13a223) sw      ra, -92(t2)
core   0: 3 0x0000000080008060 (0xfa13a223) mem 0x0000000080009000 0x00000001
core   0: 0x0000000080008064 (0xff9ff06f) j       pc - 0x8
core   0: 3 0x0000000080008064 (0xff9ff06f)
core   0: 0x000000008000805c (0x00001397) auipc   t2, 0x1
core   0: 3 0x000000008000805c (0x00001397) x7  0x000000008000905c
core   0: 0x0000000080008060 (0xfa13a223) sw      ra, -92(t2)
core   0: 3 0x0000000080008060 (0xfa13a223) mem 0x0000000080009000 0x00000001
core   0: 0x0000000080008064 (0xff9ff06f) j       pc - 0x8
core   0: 3 0x0000000080008064 (0xff9ff06f)
core   0: 0x000000008000805c (0x00001397) auipc   t2, 0x1
core   0: 3 0x000000008000805c (0x00001397) x7  0x000000008000905c
core   0: 0x0000000080008060 (0xfa13a223) sw      ra, -92(t2)
core   0: 3 0x0000000080008060 (0xfa13a223) mem 0x0000000080009000 0x00000001
core   0: 0x0000000080008064 (0xff9ff06f) j       pc - 0x8
core   0: 3 0x0000000080008064 (0xff9ff06f)
core   0: 0x000000008000805c (0x00001397) auipc   t2, 0x1
core   0: 3 0x000000008000805c (0x00001397) x7  0x000000008000905c
core   0: 0x0000000080008060 (0xfa13a223) sw      ra, -92(t2)
core   0: 3 0x0000000080008060 (0xfa13a223) mem 0x0000000080009000 0x00000001
core   0: 0x0000000080008064 (0xff9ff06f) j       pc - 0x8
core   0: 3 0x0000000080008064 (0xff9ff06f)
core   0: 0x000000008000805c (0x00001397) auipc   t2, 0x1
core   0: 3 0x000000008000805c (0x00001397) x7  0x000000008000905c
core   0: 0x0000000080008060 (0xfa13a223) sw      ra, -92(t2)
core   0: 3 0x0000000080008060 (0xfa13a223) mem 0x0000000080009000 0x00000001
core   0: 0x0000000080008064 (0xff9ff06f) j       pc - 0x8
core   0: 3 0x0000000080008064 (0xff9ff06f)
core   0: 0x000000008000805c (0x00001397) auipc   t2, 0x1
core   0: 3 0x000000008000805c (0x00001397) x7  0x000000008000905c
core   0: 0x0000000080008060 (0xfa13a223) sw      ra, -92(t2)
core   0: 3 0x0000000080008060 (0xfa13a223) mem 0x0000000080009000 0x00000001
core   0: 0x0000000080008064 (0xff9ff06f) j       pc - 0x8
core   0: 3 0x0000000080008064 (0xff9ff06f)
core   0: 0x000000008000805c (0x00001397) auipc   t2, 0x1
core   0: 3 0x000000008000805c (0x00001397) x7  0x000000008000905c
core   0: 0x0000000080008060 (0xfa13a223) sw      ra, -92(t2)
core   0: 3 0x0000000080008060 (0xfa13a223) mem 0x0000000080009000 0x00000001
core   0: 0x0000000080008064 (0xff9ff06f) j       pc - 0x8
core   0: 3 0x0000000080008064 (0xff9ff06f)
core   0: 0x000000008000805c (0x00001397) auipc   t2, 0x1
core   0: 3 0x000000008000805c (0x00001397) x7  0x000000008000905c
core   0: 0x0000000080008060 (0xfa13a223) sw      ra, -92(t2)
core   0: 3 0x0000000080008060 (0xfa13a223) mem 0x0000000080009000 0x00000001
core   0: 0x0000000080008064 (0xff9ff06f) j       pc - 0x8
core   0: 3 0x0000000080008064 (0xff9ff06f)
core   0: 0x000000008000805c (0x00001397) auipc   t2, 0x1
core   0: 3 0x000000008000805c (0x00001397) x7  0x000000008000905c
core   0: 0x0000000080008060 (0xfa13a223) sw      ra, -92(t2)
core   0: 3 0x0000000080008060 (0xfa13a223) mem 0x0000000080009000 0x00000001
core   0: 0x0000000080008064 (0xff9ff06f) j       pc - 0x8
core   0: 3 0x0000000080008064 (0xff9ff06f)
core   0: 0x000000008000805c (0x00001397) auipc   t2, 0x1
core   0: 3 0x000000008000805c (0x00001397) x7  0x000000008000905c
core   0: 0x0000000080008060 (0xfa13a223) sw      ra, -92(t2)
core   0: 3 0x0000000080008060 (0xfa13a223) mem 0x0000000080009000 0x00000001
core   0: 0x0000000080008064 (0xff9ff06f) j       pc - 0x8
core   0: 3 0x0000000080008064 (0xff9ff06f)
core   0: 0x000000008000805c (0x00001397) auipc   t2, 0x1
core   0: 3 0x000000008000805c (0x00001397) x7  0x000000008000905c
core   0: 0x0000000080008060 (0xfa13a223) sw      ra, -92(t2)
core   0: 3 0x0000000080008060 (0xfa13a223) mem 0x0000000080009000 0x00000001
core   0: 0x0000000080008064 (0xff9ff06f) j       pc - 0x8
core   0: 3 0x0000000080008064 (0xff9ff06f)
core   0: 0x000000008000805c (0x00001397) auipc   t2, 0x1
core   0: 3 0x000000008000805c (0x00001397) x7  0x000000008000905c
core   0: 0x0000000080008060 (0xfa13a223) sw      ra, -92(t2)
core   0: 3 0x0000000080008060 (0xfa13a223) mem 0x0000000080009000 0x00000001
core   0: 0x0000000080008064 (0xff9ff06f) j       pc - 0x8
core   0: 3 0x0000000080008064 (0xff9ff06f)
core   0: 0x000000008000805c (0x00001397) auipc   t2, 0x1
core   0: 3 0x000000008000805c (0x00001397) x7  0x000000008000905c
core   0: 0x0000000080008060 (0xfa13a223) sw      ra, -92(t2)
core   0: 3 0x0000000080008060 (0xfa13a223) mem 0x0000000080009000 0x00000001
core   0: 0x0000000080008064 (0xff9ff06f) j       pc - 0x8
core   0: 3 0x0000000080008064 (0xff9ff06f)
core   0: 0x000000008000805c (0x00001397) auipc   t2, 0x1
core   0: 3 0x000000008000805c (0x00001397) x7  0x000000008000905c
core   0: 0x0000000080008060 (0xfa13a223) sw      ra, -92(t2)
core   0: 3 0x0000000080008060 (0xfa13a223) mem 0x0000000080009000 0x00000001
core   0: 0x0000000080008064 (0xff9ff06f) j       pc - 0x8
core   0: 3 0x0000000080008064 (0xff9ff06f)
core   0: 0x000000008000805c (0x00001397) auipc   t2, 0x1
core   0: 3 0x000000008000805c (0x00001397) x7  0x000000008000905c
core   0: 0x0000000080008060 (0xfa13a223) sw      ra, -92(t2)
core   0: 3 0x0000000080008060 (0xfa13a223) mem 0x0000000080009000 0x00000001
core   0: 0x0000000080008064 (0xff9ff06f) j       pc - 0x8
core   0: 3 0x0000000080008064 (0xff9ff06f)
core   0: 0x000000008000805c (0x00001397) auipc   t2, 0x1
core   0: 3 0x000000008000805c (0x00001397) x7  0x000000008000905c
core   0: 0x0000000080008060 (0xfa13a223) sw      ra, -92(t2)
core   0: 3 0x0000000080008060 (0xfa13a223) mem 0x0000000080009000 0x00000001
core   0: 0x0000000080008064 (0xff9ff06f) j       pc - 0x8
core   0: 3 0x0000000080008064 (0xff9ff06f)
core   0: 0x000000008000805c (0x00001397) auipc   t2, 0x1
core   0: 3 0x000000008000805c (0x00001397) x7  0x000000008000905c
core   0: 0x0000000080008060 (0xfa13a223) sw      ra, -92(t2)
core   0: 3 0x0000000080008060 (0xfa13a223) mem 0x0000000080009000 0x00000001
core   0: 0x0000000080008064 (0xff9ff06f) j       pc - 0x8
core   0: 3 0x0000000080008064 (0xff9ff06f)
core   0: 0x000000008000805c (0x00001397) auipc   t2, 0x1
core   0: 3 0x000000008000805c (0x00001397) x7  0x000000008000905c
core   0: 0x0000000080008060 (0xfa13a223) sw      ra, -92(t2)
core   0: 3 0x0000000080008060 (0xfa13a223) mem 0x0000000080009000 0x00000001
core   0: 0x0000000080008064 (0xff9ff06f) j       pc - 0x8
core   0: 3 0x0000000080008064 (0xff9ff06f)
core   0: 0x000000008000805c (0x00001397) auipc   t2, 0x1
core   0: 3 0x000000008000805c (0x00001397) x7  0x000000008000905c
core   0: 0x0000000080008060 (0xfa13a223) sw      ra, -92(t2)
core   0: 3 0x0000000080008060 (0xfa13a223) mem 0x0000000080009000 0x00000001
core   0: 0x0000000080008064 (0xff9ff06f) j       pc - 0x8
core   0: 3 0x0000000080008064 (0xff9ff06f)
core   0: 0x000000008000805c (0x00001397) auipc   t2, 0x1
core   0: 3 0x000000008000805c (0x00001397) x7  0x000000008000905c
core   0: 0x0000000080008060 (0xfa13a223) sw      ra, -92(t2)
core   0: 3 0x0000000080008060 (0xfa13a223) mem 0x0000000080009000 0x00000001
core   0: 0x0000000080008064 (0xff9ff06f) j       pc - 0x8
core   0: 3 0x0000000080008064 (0xff9ff06f)
core   0: 0x000000008000805c (0x00001397) auipc   t2, 0x1
core   0: 3 0x000000008000805c (0x00001397) x7  0x000000008000905c
core   0: 0x0000000080008060 (0xfa13a223) sw      ra, -92(t2)
core   0: 3 0x0000000080008060 (0xfa13a223) mem 0x0000000080009000 0x00000001
core   0: 0x0000000080008064 (0xff9ff06f) j       pc - 0x8
core   0: 3 0x0000000080008064 (0xff9ff06f)
core   0: 0x000000008000805c (0x00001397) auipc   t2, 0x1
core   0: 3 0x000000008000805c (0x00001397) x7  0x000000008000905c
core   0: 0x0000000080008060 (0xfa13a223) sw      ra, -92(t2)
core   0: 3 0x0000000080008060 (0xfa13a223) mem 0x0000000080009000 0x00000001
core   0: 0x0000000080008064 (0xff9ff06f) j       pc - 0x8
core   0: 3 0x0000000080008064 (0xff9ff06f)
core   0: 0x000000008000805c (0x00001397) auipc   t2, 0x1
core   0: 3 0x000000008000805c (0x00001397) x7  0x000000008000905c
core   0: 0x0000000080008060 (0xfa13a223) sw      ra, -92(t2)
core   0: 3 0x0000000080008060 (0xfa13a223) mem 0x0000000080009000 0x00000001
core   0: 0x0000000080008064 (0xff9ff06f) j       pc - 0x8
core   0: 3 0x0000000080008064 (0xff9ff06f)
core   0: 0x000000008000805c (0x00001397) auipc   t2, 0x1
core   0: 3 0x000000008000805c (0x00001397) x7  0x000000008000905c
core   0: 0x0000000080008060 (0xfa13a223) sw      ra, -92(t2)
core   0: 3 0x0000000080008060 (0xfa13a223) mem 0x0000000080009000 0x00000001
core   0: 0x0000000080008064 (0xff9ff06f) j       pc - 0x8
core   0: 3 0x0000000080008064 (0xff9ff06f)
core   0: 0x000000008000805c (0x00001397) auipc   t2, 0x1
core   0: 3 0x000000008000805c (0x00001397) x7  0x000000008000905c
core   0: 0x0000000080008060 (0xfa13a223) sw      ra, -92(t2)
core   0: 3 0x0000000080008060 (0xfa13a223) mem 0x0000000080009000 0x00000001
core   0: 0x0000000080008064 (0xff9ff06f) j       pc - 0x8
core   0: 3 0x0000000080008064 (0xff9ff06f)
core   0: 0x000000008000805c (0x00001397) auipc   t2, 0x1
core   0: 3 0x000000008000805c (0x00001397) x7  0x000000008000905c
core   0: 0x0000000080008060 (0xfa13a223) sw      ra, -92(t2)
core   0: 3 0x0000000080008060 (0xfa13a223) mem 0x0000000080009000 0x00000001
core   0: 0x0000000080008064 (0xff9ff06f) j       pc - 0x8
core   0: 3 0x0000000080008064 (0xff9ff06f)
core   0: 0x000000008000805c (0x00001397) auipc   t2, 0x1
core   0: 3 0x000000008000805c (0x00001397) x7  0x000000008000905c
core   0: 0x0000000080008060 (0xfa13a223) sw      ra, -92(t2)
core   0: 3 0x0000000080008060 (0xfa13a223) mem 0x0000000080009000 0x00000001
core   0: 0x0000000080008064 (0xff9ff06f) j       pc - 0x8
core   0: 3 0x0000000080008064 (0xff9ff06f)
core   0: 0x000000008000805c (0x00001397) auipc   t2, 0x1
core   0: 3 0x000000008000805c (0x00001397) x7  0x000000008000905c
core   0: 0x0000000080008060 (0xfa13a223) sw      ra, -92(t2)
core   0: 3 0x0000000080008060 (0xfa13a223) mem 0x0000000080009000 0x00000001
core   0: 0x0000000080008064 (0xff9ff06f) j       pc - 0x8
core   0: 3 0x0000000080008064 (0xff9ff06f)
core   0: 0x000000008000805c (0x00001397) auipc   t2, 0x1
core   0: 3 0x000000008000805c (0x00001397) x7  0x000000008000905c
core   0: 0x0000000080008060 (0xfa13a223) sw      ra, -92(t2)
core   0: 3 0x0000000080008060 (0xfa13a223) mem 0x0000000080009000 0x00000001
core   0: 0x0000000080008064 (0xff9ff06f) j       pc - 0x8
core   0: 3 0x0000000080008064 (0xff9ff06f)
core   0: 0x000000008000805c (0x00001397) auipc   t2, 0x1
core   0: 3 0x000000008000805c (0x00001397) x7  0x000000008000905c
core   0: 0x0000000080008060 (0xfa13a223) sw      ra, -92(t2)
core   0: 3 0x0000000080008060 (0xfa13a223) mem 0x0000000080009000 0x00000001
core   0: 0x0000000080008064 (0xff9ff06f) j       pc - 0x8
core   0: 3 0x0000000080008064 (0xff9ff06f)
core   0: 0x000000008000805c (0x00001397) auipc   t2, 0x1
core   0: 3 0x000000008000805c (0x00001397) x7  0x000000008000905c
core   0: 0x0000000080008060 (0xfa13a223) sw      ra, -92(t2)
core   0: 3 0x0000000080008060 (0xfa13a223) mem 0x0000000080009000 0x00000001
core   0: 0x0000000080008064 (0xff9ff06f) j       pc - 0x8
core   0: 3 0x0000000080008064 (0xff9ff06f)
core   0: 0x000000008000805c (0x00001397) auipc   t2, 0x1
core   0: 3 0x000000008000805c (0x00001397) x7  0x000000008000905c
core   0: 0x0000000080008060 (0xfa13a223) sw      ra, -92(t2)
core   0: 3 0x0000000080008060 (0xfa13a223) mem 0x0000000080009000 0x00000001
core   0: 0x0000000080008064 (0xff9ff06f) j       pc - 0x8
core   0: 3 0x0000000080008064 (0xff9ff06f)
core   0: 0x000000008000805c (0x00001397) auipc   t2, 0x1
core   0: 3 0x000000008000805c (0x00001397) x7  0x000000008000905c
core   0: 0x0000000080008060 (0xfa13a223) sw      ra, -92(t2)
core   0: 3 0x0000000080008060 (0xfa13a223) mem 0x0000000080009000 0x00000001
core   0: 0x0000000080008064 (0xff9ff06f) j       pc - 0x8
core   0: 3 0x0000000080008064 (0xff9ff06f)
core   0: 0x000000008000805c (0x00001397) auipc   t2, 0x1
core   0: 3 0x000000008000805c (0x00001397) x7  0x000000008000905c
core   0: 0x0000000080008060 (0xfa13a223) sw      ra, -92(t2)
core   0: 3 0x0000000080008060 (0xfa13a223) mem 0x0000000080009000 0x00000001
core   0: 0x0000000080008064 (0xff9ff06f) j       pc - 0x8
core   0: 3 0x0000000080008064 (0xff9ff06f)
core   0: 0x000000008000805c (0x00001397) auipc   t2, 0x1
core   0: 3 0x000000008000805c (0x00001397) x7  0x000000008000905c
core   0: 0x0000000080008060 (0xfa13a223) sw      ra, -92(t2)
core   0: 3 0x0000000080008060 (0xfa13a223) mem 0x0000000080009000 0x00000001
core   0: 0x0000000080008064 (0xff9ff06f) j       pc - 0x8
core   0: 3 0x0000000080008064 (0xff9ff06f)
core   0: 0x000000008000805c (0x00001397) auipc   t2, 0x1
core   0: 3 0x000000008000805c (0x00001397) x7  0x000000008000905c
core   0: 0x0000000080008060 (0xfa13a223) sw      ra, -92(t2)
core   0: 3 0x0000000080008060 (0xfa13a223) mem 0x0000000080009000 0x00000001
core   0: 0x0000000080008064 (0xff9ff06f) j       pc - 0x8
core   0: 3 0x0000000080008064 (0xff9ff06f)
core   0: 0x000000008000805c (0x00001397) auipc   t2, 0x1
core   0: 3 0x000000008000805c (0x00001397) x7  0x000000008000905c
core   0: 0x0000000080008060 (0xfa13a223) sw      ra, -92(t2)
core   0: 3 0x0000000080008060 (0xfa13a223) mem 0x0000000080009000 0x00000001
core   0: 0x0000000080008064 (0xff9ff06f) j       pc - 0x8
core   0: 3 0x0000000080008064 (0xff9ff06f)
core   0: 0x000000008000805c (0x00001397) auipc   t2, 0x1
core   0: 3 0x000000008000805c (0x00001397) x7  0x000000008000905c
core   0: 0x0000000080008060 (0xfa13a223) sw      ra, -92(t2)
core   0: 3 0x0000000080008060 (0xfa13a223) mem 0x0000000080009000 0x00000001
core   0: 0x0000000080008064 (0xff9ff06f) j       pc - 0x8
core   0: 3 0x0000000080008064 (0xff9ff06f)
core   0: 0x000000008000805c (0x00001397) auipc   t2, 0x1
core   0: 3 0x000000008000805c (0x00001397) x7  0x000000008000905c
core   0: 0x0000000080008060 (0xfa13a223) sw      ra, -92(t2)
core   0: 3 0x0000000080008060 (0xfa13a223) mem 0x0000000080009000 0x00000001
core   0: 0x0000000080008064 (0xff9ff06f) j       pc - 0x8
core   0: 3 0x0000000080008064 (0xff9ff06f)
core   0: 0x000000008000805c (0x00001397) auipc   t2, 0x1
core   0: 3 0x000000008000805c (0x00001397) x7  0x000000008000905c
core   0: 0x0000000080008060 (0xfa13a223) sw      ra, -92(t2)
core   0: 3 0x0000000080008060 (0xfa13a223) mem 0x0000000080009000 0x00000001
core   0: 0x0000000080008064 (0xff9ff06f) j       pc - 0x8
core   0: 3 0x0000000080008064 (0xff9ff06f)
core   0: 0x000000008000805c (0x00001397) auipc   t2, 0x1
core   0: 3 0x000000008000805c (0x00001397) x7  0x000000008000905c
core   0: 0x0000000080008060 (0xfa13a223) sw      ra, -92(t2)
core   0: 3 0x0000000080008060 (0xfa13a223) mem 0x0000000080009000 0x00000001
core   0: 0x0000000080008064 (0xff9ff06f) j       pc - 0x8
core   0: 3 0x0000000080008064 (0xff9ff06f)
core   0: 0x000000008000805c (0x00001397) auipc   t2, 0x1
core   0: 3 0x000000008000805c (0x00001397) x7  0x000000008000905c
core   0: 0x0000000080008060 (0xfa13a223) sw      ra, -92(t2)
core   0: 3 0x0000000080008060 (0xfa13a223) mem 0x0000000080009000 0x00000001
core   0: 0x0000000080008064 (0xff9ff06f) j       pc - 0x8
core   0: 3 0x0000000080008064 (0xff9ff06f)
core   0: 0x000000008000805c (0x00001397) auipc   t2, 0x1
core   0: 3 0x000000008000805c (0x00001397) x7  0x000000008000905c
core   0: 0x0000000080008060 (0xfa13a223) sw      ra, -92(t2)
core   0: 3 0x0000000080008060 (0xfa13a223) mem 0x0000000080009000 0x00000001
core   0: 0x0000000080008064 (0xff9ff06f) j       pc - 0x8
core   0: 3 0x0000000080008064 (0xff9ff06f)
core   0: 0x000000008000805c (0x00001397) auipc   t2, 0x1
core   0: 3 0x000000008000805c (0x00001397) x7  0x000000008000905c
core   0: 0x0000000080008060 (0xfa13a223) sw      ra, -92(t2)
core   0: 3 0x0000000080008060 (0xfa13a223) mem 0x0000000080009000 0x00000001
core   0: 0x0000000080008064 (0xff9ff06f) j       pc - 0x8
core   0: 3 0x0000000080008064 (0xff9ff06f)
core   0: 0x000000008000805c (0x00001397) auipc   t2, 0x1
core   0: 3 0x000000008000805c (0x00001397) x7  0x000000008000905c
core   0: 0x0000000080008060 (0xfa13a223) sw      ra, -92(t2)
core   0: 3 0x0000000080008060 (0xfa13a223) mem 0x0000000080009000 0x00000001
core   0: 0x0000000080008064 (0xff9ff06f) j       pc - 0x8
core   0: 3 0x0000000080008064 (0xff9ff06f)
core   0: 0x000000008000805c (0x00001397) auipc   t2, 0x1
core   0: 3 0x000000008000805c (0x00001397) x7  0x000000008000905c
core   0: 0x0000000080008060 (0xfa13a223) sw      ra, -92(t2)
core   0: 3 0x0000000080008060 (0xfa13a223) mem 0x0000000080009000 0x00000001
core   0: 0x0000000080008064 (0xff9ff06f) j       pc - 0x8
core   0: 3 0x0000000080008064 (0xff9ff06f)
core   0: 0x000000008000805c (0x00001397) auipc   t2, 0x1
core   0: 3 0x000000008000805c (0x00001397) x7  0x000000008000905c
core   0: 0x0000000080008060 (0xfa13a223) sw      ra, -92(t2)
core   0: 3 0x0000000080008060 (0xfa13a223) mem 0x0000000080009000 0x00000001
core   0: 0x0000000080008064 (0xff9ff06f) j       pc - 0x8
core   0: 3 0x0000000080008064 (0xff9ff06f)
core   0: 0x000000008000805c (0x00001397) auipc   t2, 0x1
core   0: 3 0x000000008000805c (0x00001397) x7  0x000000008000905c
core   0: 0x0000000080008060 (0xfa13a223) sw      ra, -92(t2)
core   0: 3 0x0000000080008060 (0xfa13a223) mem 0x0000000080009000 0x00000001
core   0: 0x0000000080008064 (0xff9ff06f) j       pc - 0x8
core   0: 3 0x0000000080008064 (0xff9ff06f)
core   0: 0x000000008000805c (0x00001397) auipc   t2, 0x1
core   0: 3 0x000000008000805c (0x00001397) x7  0x000000008000905c
core   0: 0x0000000080008060 (0xfa13a223) sw      ra, -92(t2)
core   0: 3 0x0000000080008060 (0xfa13a223) mem 0x0000000080009000 0x00000001
core   0: 0x0000000080008064 (0xff9ff06f) j       pc - 0x8
core   0: 3 0x0000000080008064 (0xff9ff06f)
core   0: 0x000000008000805c (0x00001397) auipc   t2, 0x1
core   0: 3 0x000000008000805c (0x00001397) x7  0x000000008000905c
core   0: 0x0000000080008060 (0xfa13a223) sw      ra, -92(t2)
core   0: 3 0x0000000080008060 (0xfa13a223) mem 0x0000000080009000 0x00000001
core   0: 0x0000000080008064 (0xff9ff06f) j       pc - 0x8
core   0: 3 0x0000000080008064 (0xff9ff06f)
core   0: 0x000000008000805c (0x00001397) auipc   t2, 0x1
core   0: 3 0x000000008000805c (0x00001397) x7  0x000000008000905c
core   0: 0x0000000080008060 (0xfa13a223) sw      ra, -92(t2)
core   0: 3 0x0000000080008060 (0xfa13a223) mem 0x0000000080009000 0x00000001
core   0: 0x0000000080008064 (0xff9ff06f) j       pc - 0x8
core   0: 3 0x0000000080008064 (0xff9ff06f)
core   0: 0x000000008000805c (0x00001397) auipc   t2, 0x1
core   0: 3 0x000000008000805c (0x00001397) x7  0x000000008000905c
core   0: 0x0000000080008060 (0xfa13a223) sw      ra, -92(t2)
core   0: 3 0x0000000080008060 (0xfa13a223) mem 0x0000000080009000 0x00000001
core   0: 0x0000000080008064 (0xff9ff06f) j       pc - 0x8
core   0: 3 0x0000000080008064 (0xff9ff06f)
core   0: 0x000000008000805c (0x00001397) auipc   t2, 0x1
core   0: 3 0x000000008000805c (0x00001397) x7  0x000000008000905c
core   0: 0x0000000080008060 (0xfa13a223) sw      ra, -92(t2)
core   0: 3 0x0000000080008060 (0xfa13a223) mem 0x0000000080009000 0x00000001
core   0: 0x0000000080008064 (0xff9ff06f) j       pc - 0x8
core   0: 3 0x0000000080008064 (0xff9ff06f)
core   0: 0x000000008000805c (0x00001397) auipc   t2, 0x1
core   0: 3 0x000000008000805c (0x00001397) x7  0x000000008000905c
core   0: 0x0000000080008060 (0xfa13a223) sw      ra, -92(t2)
core   0: 3 0x0000000080008060 (0xfa13a223) mem 0x0000000080009000 0x00000001
core   0: 0x0000000080008064 (0xff9ff06f) j       pc - 0x8
core   0: 3 0x0000000080008064 (0xff9ff06f)
core   0: 0x000000008000805c (0x00001397) auipc   t2, 0x1
core   0: 3 0x000000008000805c (0x00001397) x7  0x000000008000905c
core   0: 0x0000000080008060 (0xfa13a223) sw      ra, -92(t2)
core   0: 3 0x0000000080008060 (0xfa13a223) mem 0x0000000080009000 0x00000001
core   0: 0x0000000080008064 (0xff9ff06f) j       pc - 0x8
core   0: 3 0x0000000080008064 (0xff9ff06f)
core   0: 0x000000008000805c (0x00001397) auipc   t2, 0x1
core   0: 3 0x000000008000805c (0x00001397) x7  0x000000008000905c
core   0: 0x0000000080008060 (0xfa13a223) sw      ra, -92(t2)
core   0: 3 0x0000000080008060 (0xfa13a223) mem 0x0000000080009000 0x00000001
core   0: 0x0000000080008064 (0xff9ff06f) j       pc - 0x8
core   0: 3 0x0000000080008064 (0xff9ff06f)
core   0: 0x000000008000805c (0x00001397) auipc   t2, 0x1
core   0: 3 0x000000008000805c (0x00001397) x7  0x000000008000905c
core   0: 0x0000000080008060 (0xfa13a223) sw      ra, -92(t2)
core   0: 3 0x0000000080008060 (0xfa13a223) mem 0x0000000080009000 0x00000001
core   0: 0x0000000080008064 (0xff9ff06f) j       pc - 0x8
core   0: 3 0x0000000080008064 (0xff9ff06f)
core   0: 0x000000008000805c (0x00001397) auipc   t2, 0x1
core   0: 3 0x000000008000805c (0x00001397) x7  0x000000008000905c
core   0: 0x0000000080008060 (0xfa13a223) sw      ra, -92(t2)
core   0: 3 0x0000000080008060 (0xfa13a223) mem 0x0000000080009000 0x00000001
core   0: 0x0000000080008064 (0xff9ff06f) j       pc - 0x8
core   0: 3 0x0000000080008064 (0xff9ff06f)
core   0: 0x000000008000805c (0x00001397) auipc   t2, 0x1
core   0: 3 0x000000008000805c (0x00001397) x7  0x000000008000905c
core   0: 0x0000000080008060 (0xfa13a223) sw      ra, -92(t2)
core   0: 3 0x0000000080008060 (0xfa13a223) mem 0x0000000080009000 0x00000001
core   0: 0x0000000080008064 (0xff9ff06f) j       pc - 0x8
core   0: 3 0x0000000080008064 (0xff9ff06f)
core   0: 0x000000008000805c (0x00001397) auipc   t2, 0x1
core   0: 3 0x000000008000805c (0x00001397) x7  0x000000008000905c
core   0: 0x0000000080008060 (0xfa13a223) sw      ra, -92(t2)
core   0: 3 0x0000000080008060 (0xfa13a223) mem 0x0000000080009000 0x00000001
core   0: 0x0000000080008064 (0xff9ff06f) j       pc - 0x8
core   0: 3 0x0000000080008064 (0xff9ff06f)
core   0: 0x000000008000805c (0x00001397) auipc   t2, 0x1
core   0: 3 0x000000008000805c (0x00001397) x7  0x000000008000905c
core   0: 0x0000000080008060 (0xfa13a223) sw      ra, -92(t2)
core   0: 3 0x0000000080008060 (0xfa13a223) mem 0x0000000080009000 0x00000001
core   0: 0x0000000080008064 (0xff9ff06f) j       pc - 0x8
core   0: 3 0x0000000080008064 (0xff9ff06f)
core   0: 0x000000008000805c (0x00001397) auipc   t2, 0x1
core   0: 3 0x000000008000805c (0x00001397) x7  0x000000008000905c
core   0: 0x0000000080008060 (0xfa13a223) sw      ra, -92(t2)
core   0: 3 0x0000000080008060 (0xfa13a223) mem 0x0000000080009000 0x00000001
core   0: 0x0000000080008064 (0xff9ff06f) j       pc - 0x8
core   0: 3 0x0000000080008064 (0xff9ff06f)
core   0: 0x000000008000805c (0x00001397) auipc   t2, 0x1
core   0: 3 0x000000008000805c (0x00001397) x7  0x000000008000905c
core   0: 0x0000000080008060 (0xfa13a223) sw      ra, -92(t2)
core   0: 3 0x0000000080008060 (0xfa13a223) mem 0x0000000080009000 0x00000001
core   0: 0x0000000080008064 (0xff9ff06f) j       pc - 0x8
core   0: 3 0x0000000080008064 (0xff9ff06f)
core   0: 0x000000008000805c (0x00001397) auipc   t2, 0x1
core   0: 3 0x000000008000805c (0x00001397) x7  0x000000008000905c
core   0: 0x0000000080008060 (0xfa13a223) sw      ra, -92(t2)
core   0: 3 0x0000000080008060 (0xfa13a223) mem 0x0000000080009000 0x00000001
core   0: 0x0000000080008064 (0xff9ff06f) j       pc - 0x8
core   0: 3 0x0000000080008064 (0xff9ff06f)
core   0: 0x000000008000805c (0x00001397) auipc   t2, 0x1
core   0: 3 0x000000008000805c (0x00001397) x7  0x000000008000905c
core   0: 0x0000000080008060 (0xfa13a223) sw      ra, -92(t2)
core   0: 3 0x0000000080008060 (0xfa13a223) mem 0x0000000080009000 0x00000001
core   0: 0x0000000080008064 (0xff9ff06f) j       pc - 0x8
core   0: 3 0x0000000080008064 (0xff9ff06f)
core   0: 0x000000008000805c (0x00001397) auipc   t2, 0x1
core   0: 3 0x000000008000805c (0x00001397) x7  0x000000008000905c
core   0: 0x0000000080008060 (0xfa13a223) sw      ra, -92(t2)
core   0: 3 0x0000000080008060 (0xfa13a223) mem 0x0000000080009000 0x00000001
core   0: 0x0000000080008064 (0xff9ff06f) j       pc - 0x8
core   0: 3 0x0000000080008064 (0xff9ff06f)
core   0: 0x000000008000805c (0x00001397) auipc   t2, 0x1
core   0: 3 0x000000008000805c (0x00001397) x7  0x000000008000905c
core   0: 0x0000000080008060 (0xfa13a223) sw      ra, -92(t2)
core   0: 3 0x0000000080008060 (0xfa13a223) mem 0x0000000080009000 0x00000001
core   0: 0x0000000080008064 (0xff9ff06f) j       pc - 0x8
core   0: 3 0x0000000080008064 (0xff9ff06f)
core   0: 0x000000008000805c (0x00001397) auipc   t2, 0x1
core   0: 3 0x000000008000805c (0x00001397) x7  0x000000008000905c
core   0: 0x0000000080008060 (0xfa13a223) sw      ra, -92(t2)
core   0: 3 0x0000000080008060 (0xfa13a223) mem 0x0000000080009000 0x00000001
core   0: 0x0000000080008064 (0xff9ff06f) j       pc - 0x8
core   0: 3 0x0000000080008064 (0xff9ff06f)
core   0: 0x000000008000805c (0x00001397) auipc   t2, 0x1
core   0: 3 0x000000008000805c (0x00001397) x7  0x000000008000905c
core   0: 0x0000000080008060 (0xfa13a223) sw      ra, -92(t2)
core   0: 3 0x0000000080008060 (0xfa13a223) mem 0x0000000080009000 0x00000001
core   0: 0x0000000080008064 (0xff9ff06f) j       pc - 0x8
core   0: 3 0x0000000080008064 (0xff9ff06f)
core   0: 0x000000008000805c (0x00001397) auipc   t2, 0x1
core   0: 3 0x000000008000805c (0x00001397) x7  0x000000008000905c
core   0: 0x0000000080008060 (0xfa13a223) sw      ra, -92(t2)
core   0: 3 0x0000000080008060 (0xfa13a223) mem 0x0000000080009000 0x00000001
core   0: 0x0000000080008064 (0xff9ff06f) j       pc - 0x8
core   0: 3 0x0000000080008064 (0xff9ff06f)
core   0: 0x000000008000805c (0x00001397) auipc   t2, 0x1
core   0: 3 0x000000008000805c (0x00001397) x7  0x000000008000905c
core   0: 0x0000000080008060 (0xfa13a223) sw      ra, -92(t2)
core   0: 3 0x0000000080008060 (0xfa13a223) mem 0x0000000080009000 0x00000001
core   0: 0x0000000080008064 (0xff9ff06f) j       pc - 0x8
core   0: 3 0x0000000080008064 (0xff9ff06f)
core   0: 0x000000008000805c (0x00001397) auipc   t2, 0x1
core   0: 3 0x000000008000805c (0x00001397) x7  0x000000008000905c
core   0: 0x0000000080008060 (0xfa13a223) sw      ra, -92(t2)
core   0: 3 0x0000000080008060 (0xfa13a223) mem 0x0000000080009000 0x00000001
core   0: 0x0000000080008064 (0xff9ff06f) j       pc - 0x8
core   0: 3 0x0000000080008064 (0xff9ff06f)
core   0: 0x000000008000805c (0x00001397) auipc   t2, 0x1
core   0: 3 0x000000008000805c (0x00001397) x7  0x000000008000905c
core   0: 0x0000000080008060 (0xfa13a223) sw      ra, -92(t2)
core   0: 3 0x0000000080008060 (0xfa13a223) mem 0x0000000080009000 0x00000001
core   0: 0x0000000080008064 (0xff9ff06f) j       pc - 0x8
core   0: 3 0x0000000080008064 (0xff9ff06f)
core   0: 0x000000008000805c (0x00001397) auipc   t2, 0x1
core   0: 3 0x000000008000805c (0x00001397) x7  0x000000008000905c
core   0: 0x0000000080008060 (0xfa13a223) sw      ra, -92(t2)
core   0: 3 0x0000000080008060 (0xfa13a223) mem 0x0000000080009000 0x00000001
core   0: 0x0000000080008064 (0xff9ff06f) j       pc - 0x8
core   0: 3 0x0000000080008064 (0xff9ff06f)
core   0: 0x000000008000805c (0x00001397) auipc   t2, 0x1
core   0: 3 0x000000008000805c (0x00001397) x7  0x000000008000905c
core   0: 0x0000000080008060 (0xfa13a223) sw      ra, -92(t2)
core   0: 3 0x0000000080008060 (0xfa13a223) mem 0x0000000080009000 0x00000001
core   0: 0x0000000080008064 (0xff9ff06f) j       pc - 0x8
core   0: 3 0x0000000080008064 (0xff9ff06f)
core   0: 0x000000008000805c (0x00001397) auipc   t2, 0x1
core   0: 3 0x000000008000805c (0x00001397) x7  0x000000008000905c
core   0: 0x0000000080008060 (0xfa13a223) sw      ra, -92(t2)
core   0: 3 0x0000000080008060 (0xfa13a223) mem 0x0000000080009000 0x00000001
core   0: 0x0000000080008064 (0xff9ff06f) j       pc - 0x8
core   0: 3 0x0000000080008064 (0xff9ff06f)
core   0: 0x000000008000805c (0x00001397) auipc   t2, 0x1
core   0: 3 0x000000008000805c (0x00001397) x7  0x000000008000905c
core   0: 0x0000000080008060 (0xfa13a223) sw      ra, -92(t2)
core   0: 3 0x0000000080008060 (0xfa13a223) mem 0x0000000080009000 0x00000001
core   0: 0x0000000080008064 (0xff9ff06f) j       pc - 0x8
core   0: 3 0x0000000080008064 (0xff9ff06f)
core   0: 0x000000008000805c (0x00001397) auipc   t2, 0x1
core   0: 3 0x000000008000805c (0x00001397) x7  0x000000008000905c
core   0: 0x0000000080008060 (0xfa13a223) sw      ra, -92(t2)
core   0: 3 0x0000000080008060 (0xfa13a223) mem 0x0000000080009000 0x00000001
core   0: 0x0000000080008064 (0xff9ff06f) j       pc - 0x8
core   0: 3 0x0000000080008064 (0xff9ff06f)
core   0: 0x000000008000805c (0x00001397) auipc   t2, 0x1
core   0: 3 0x000000008000805c (0x00001397) x7  0x000000008000905c
core   0: 0x0000000080008060 (0xfa13a223) sw      ra, -92(t2)
core   0: 3 0x0000000080008060 (0xfa13a223) mem 0x0000000080009000 0x00000001
core   0: 0x0000000080008064 (0xff9ff06f) j       pc - 0x8
core   0: 3 0x0000000080008064 (0xff9ff06f)
core   0: 0x000000008000805c (0x00001397) auipc   t2, 0x1
core   0: 3 0x000000008000805c (0x00001397) x7  0x000000008000905c
core   0: 0x0000000080008060 (0xfa13a223) sw      ra, -92(t2)
core   0: 3 0x0000000080008060 (0xfa13a223) mem 0x0000000080009000 0x00000001
core   0: 0x0000000080008064 (0xff9ff06f) j       pc - 0x8
core   0: 3 0x0000000080008064 (0xff9ff06f)
core   0: 0x000000008000805c (0x00001397) auipc   t2, 0x1
core   0: 3 0x000000008000805c (0x00001397) x7  0x000000008000905c
core   0: 0x0000000080008060 (0xfa13a223) sw      ra, -92(t2)
core   0: 3 0x0000000080008060 (0xfa13a223) mem 0x0000000080009000 0x00000001
core   0: 0x0000000080008064 (0xff9ff06f) j       pc - 0x8
core   0: 3 0x0000000080008064 (0xff9ff06f)
core   0: 0x000000008000805c (0x00001397) auipc   t2, 0x1
core   0: 3 0x000000008000805c (0x00001397) x7  0x000000008000905c
core   0: 0x0000000080008060 (0xfa13a223) sw      ra, -92(t2)
core   0: 3 0x0000000080008060 (0xfa13a223) mem 0x0000000080009000 0x00000001
core   0: 0x0000000080008064 (0xff9ff06f) j       pc - 0x8
core   0: 3 0x0000000080008064 (0xff9ff06f)
core   0: 0x000000008000805c (0x00001397) auipc   t2, 0x1
core   0: 3 0x000000008000805c (0x00001397) x7  0x000000008000905c
core   0: 0x0000000080008060 (0xfa13a223) sw      ra, -92(t2)
core   0: 3 0x0000000080008060 (0xfa13a223) mem 0x0000000080009000 0x00000001
core   0: 0x0000000080008064 (0xff9ff06f) j       pc - 0x8
core   0: 3 0x0000000080008064 (0xff9ff06f)
core   0: 0x000000008000805c (0x00001397) auipc   t2, 0x1
core   0: 3 0x000000008000805c (0x00001397) x7  0x000000008000905c
core   0: 0x0000000080008060 (0xfa13a223) sw      ra, -92(t2)
core   0: 3 0x0000000080008060 (0xfa13a223) mem 0x0000000080009000 0x00000001
core   0: 0x0000000080008064 (0xff9ff06f) j       pc - 0x8
core   0: 3 0x0000000080008064 (0xff9ff06f)
core   0: 0x000000008000805c (0x00001397) auipc   t2, 0x1
core   0: 3 0x000000008000805c (0x00001397) x7  0x000000008000905c
core   0: 0x0000000080008060 (0xfa13a223) sw      ra, -92(t2)
core   0: 3 0x0000000080008060 (0xfa13a223) mem 0x0000000080009000 0x00000001
core   0: 0x0000000080008064 (0xff9ff06f) j       pc - 0x8
core   0: 3 0x0000000080008064 (0xff9ff06f)
core   0: 0x000000008000805c (0x00001397) auipc   t2, 0x1
core   0: 3 0x000000008000805c (0x00001397) x7  0x000000008000905c
core   0: 0x0000000080008060 (0xfa13a223) sw      ra, -92(t2)
core   0: 3 0x0000000080008060 (0xfa13a223) mem 0x0000000080009000 0x00000001
core   0: 0x0000000080008064 (0xff9ff06f) j       pc - 0x8
core   0: 3 0x0000000080008064 (0xff9ff06f)
core   0: 0x000000008000805c (0x00001397) auipc   t2, 0x1
core   0: 3 0x000000008000805c (0x00001397) x7  0x000000008000905c
core   0: 0x0000000080008060 (0xfa13a223) sw      ra, -92(t2)
core   0: 3 0x0000000080008060 (0xfa13a223) mem 0x0000000080009000 0x00000001
core   0: 0x0000000080008064 (0xff9ff06f) j       pc - 0x8
core   0: 3 0x0000000080008064 (0xff9ff06f)
core   0: 0x000000008000805c (0x00001397) auipc   t2, 0x1
core   0: 3 0x000000008000805c (0x00001397) x7  0x000000008000905c
core   0: 0x0000000080008060 (0xfa13a223) sw      ra, -92(t2)
core   0: 3 0x0000000080008060 (0xfa13a223) mem 0x0000000080009000 0x00000001
core   0: 0x0000000080008064 (0xff9ff06f) j       pc - 0x8
core   0: 3 0x0000000080008064 (0xff9ff06f)
core   0: 0x000000008000805c (0x00001397) auipc   t2, 0x1
core   0: 3 0x000000008000805c (0x00001397) x7  0x000000008000905c
core   0: 0x0000000080008060 (0xfa13a223) sw      ra, -92(t2)
core   0: 3 0x0000000080008060 (0xfa13a223) mem 0x0000000080009000 0x00000001
core   0: 0x0000000080008064 (0xff9ff06f) j       pc - 0x8
core   0: 3 0x0000000080008064 (0xff9ff06f)
core   0: 0x000000008000805c (0x00001397) auipc   t2, 0x1
core   0: 3 0x000000008000805c (0x00001397) x7  0x000000008000905c
core   0: 0x0000000080008060 (0xfa13a223) sw      ra, -92(t2)
core   0: 3 0x0000000080008060 (0xfa13a223) mem 0x0000000080009000 0x00000001
core   0: 0x0000000080008064 (0xff9ff06f) j       pc - 0x8
core   0: 3 0x0000000080008064 (0xff9ff06f)
core   0: 0x000000008000805c (0x00001397) auipc   t2, 0x1
core   0: 3 0x000000008000805c (0x00001397) x7  0x000000008000905c
core   0: 0x0000000080008060 (0xfa13a223) sw      ra, -92(t2)
core   0: 3 0x0000000080008060 (0xfa13a223) mem 0x0000000080009000 0x00000001
core   0: 0x0000000080008064 (0xff9ff06f) j       pc - 0x8
core   0: 3 0x0000000080008064 (0xff9ff06f)
core   0: 0x000000008000805c (0x00001397) auipc   t2, 0x1
core   0: 3 0x000000008000805c (0x00001397) x7  0x000000008000905c
core   0: 0x0000000080008060 (0xfa13a223) sw      ra, -92(t2)
core   0: 3 0x0000000080008060 (0xfa13a223) mem 0x0000000080009000 0x00000001
core   0: 0x0000000080008064 (0xff9ff06f) j       pc - 0x8
core   0: 3 0x0000000080008064 (0xff9ff06f)
core   0: 0x000000008000805c (0x00001397) auipc   t2, 0x1
core   0: 3 0x000000008000805c (0x00001397) x7  0x000000008000905c
core   0: 0x0000000080008060 (0xfa13a223) sw      ra, -92(t2)
core   0: 3 0x0000000080008060 (0xfa13a223) mem 0x0000000080009000 0x00000001
core   0: 0x0000000080008064 (0xff9ff06f) j       pc - 0x8
core   0: 3 0x0000000080008064 (0xff9ff06f)
core   0: 0x000000008000805c (0x00001397) auipc   t2, 0x1
core   0: 3 0x000000008000805c (0x00001397) x7  0x000000008000905c
core   0: 0x0000000080008060 (0xfa13a223) sw      ra, -92(t2)
core   0: 3 0x0000000080008060 (0xfa13a223) mem 0x0000000080009000 0x00000001
core   0: 0x0000000080008064 (0xff9ff06f) j       pc - 0x8
core   0: 3 0x0000000080008064 (0xff9ff06f)
core   0: 0x000000008000805c (0x00001397) auipc   t2, 0x1
core   0: 3 0x000000008000805c (0x00001397) x7  0x000000008000905c
core   0: 0x0000000080008060 (0xfa13a223) sw      ra, -92(t2)
core   0: 3 0x0000000080008060 (0xfa13a223) mem 0x0000000080009000 0x00000001
core   0: 0x0000000080008064 (0xff9ff06f) j       pc - 0x8
core   0: 3 0x0000000080008064 (0xff9ff06f)
core   0: 0x000000008000805c (0x00001397) auipc   t2, 0x1
core   0: 3 0x000000008000805c (0x00001397) x7  0x000000008000905c
core   0: 0x0000000080008060 (0xfa13a223) sw      ra, -92(t2)
core   0: 3 0x0000000080008060 (0xfa13a223) mem 0x0000000080009000 0x00000001
core   0: 0x0000000080008064 (0xff9ff06f) j       pc - 0x8
core   0: 3 0x0000000080008064 (0xff9ff06f)
core   0: 0x000000008000805c (0x00001397) auipc   t2, 0x1
core   0: 3 0x000000008000805c (0x00001397) x7  0x000000008000905c
core   0: 0x0000000080008060 (0xfa13a223) sw      ra, -92(t2)
core   0: 3 0x0000000080008060 (0xfa13a223) mem 0x0000000080009000 0x00000001
core   0: 0x0000000080008064 (0xff9ff06f) j       pc - 0x8
core   0: 3 0x0000000080008064 (0xff9ff06f)
core   0: 0x000000008000805c (0x00001397) auipc   t2, 0x1
core   0: 3 0x000000008000805c (0x00001397) x7  0x000000008000905c
core   0: 0x0000000080008060 (0xfa13a223) sw      ra, -92(t2)
core   0: 3 0x0000000080008060 (0xfa13a223) mem 0x0000000080009000 0x00000001
core   0: 0x0000000080008064 (0xff9ff06f) j       pc - 0x8
core   0: 3 0x0000000080008064 (0xff9ff06f)
core   0: 0x000000008000805c (0x00001397) auipc   t2, 0x1
core   0: 3 0x000000008000805c (0x00001397) x7  0x000000008000905c
core   0: 0x0000000080008060 (0xfa13a223) sw      ra, -92(t2)
core   0: 3 0x0000000080008060 (0xfa13a223) mem 0x0000000080009000 0x00000001
core   0: 0x0000000080008064 (0xff9ff06f) j       pc - 0x8
core   0: 3 0x0000000080008064 (0xff9ff06f)
core   0: 0x000000008000805c (0x00001397) auipc   t2, 0x1
core   0: 3 0x000000008000805c (0x00001397) x7  0x000000008000905c
core   0: 0x0000000080008060 (0xfa13a223) sw      ra, -92(t2)
core   0: 3 0x0000000080008060 (0xfa13a223) mem 0x0000000080009000 0x00000001
core   0: 0x0000000080008064 (0xff9ff06f) j       pc - 0x8
core   0: 3 0x0000000080008064 (0xff9ff06f)
core   0: 0x000000008000805c (0x00001397) auipc   t2, 0x1
core   0: 3 0x000000008000805c (0x00001397) x7  0x000000008000905c
core   0: 0x0000000080008060 (0xfa13a223) sw      ra, -92(t2)
core   0: 3 0x0000000080008060 (0xfa13a223) mem 0x0000000080009000 0x00000001
core   0: 0x0000000080008064 (0xff9ff06f) j       pc - 0x8
core   0: 3 0x0000000080008064 (0xff9ff06f)
core   0: 0x000000008000805c (0x00001397) auipc   t2, 0x1
core   0: 3 0x000000008000805c (0x00001397) x7  0x000000008000905c
core   0: 0x0000000080008060 (0xfa13a223) sw      ra, -92(t2)
core   0: 3 0x0000000080008060 (0xfa13a223) mem 0x0000000080009000 0x00000001
core   0: 0x0000000080008064 (0xff9ff06f) j       pc - 0x8
core   0: 3 0x0000000080008064 (0xff9ff06f)
core   0: 0x000000008000805c (0x00001397) auipc   t2, 0x1
core   0: 3 0x000000008000805c (0x00001397) x7  0x000000008000905c
core   0: 0x0000000080008060 (0xfa13a223) sw      ra, -92(t2)
core   0: 3 0x0000000080008060 (0xfa13a223) mem 0x0000000080009000 0x00000001
core   0: 0x0000000080008064 (0xff9ff06f) j       pc - 0x8
core   0: 3 0x0000000080008064 (0xff9ff06f)
core   0: 0x000000008000805c (0x00001397) auipc   t2, 0x1
core   0: 3 0x000000008000805c (0x00001397) x7  0x000000008000905c
core   0: 0x0000000080008060 (0xfa13a223) sw      ra, -92(t2)
core   0: 3 0x0000000080008060 (0xfa13a223) mem 0x0000000080009000 0x00000001
core   0: 0x0000000080008064 (0xff9ff06f) j       pc - 0x8
core   0: 3 0x0000000080008064 (0xff9ff06f)
core   0: 0x000000008000805c (0x00001397) auipc   t2, 0x1
core   0: 3 0x000000008000805c (0x00001397) x7  0x000000008000905c
core   0: 0x0000000080008060 (0xfa13a223) sw      ra, -92(t2)
core   0: 3 0x0000000080008060 (0xfa13a223) mem 0x0000000080009000 0x00000001
core   0: 0x0000000080008064 (0xff9ff06f) j       pc - 0x8
core   0: 3 0x0000000080008064 (0xff9ff06f)
core   0: 0x000000008000805c (0x00001397) auipc   t2, 0x1
core   0: 3 0x000000008000805c (0x00001397) x7  0x000000008000905c
core   0: 0x0000000080008060 (0xfa13a223) sw      ra, -92(t2)
core   0: 3 0x0000000080008060 (0xfa13a223) mem 0x0000000080009000 0x00000001
core   0: 0x0000000080008064 (0xff9ff06f) j       pc - 0x8
core   0: 3 0x0000000080008064 (0xff9ff06f)
core   0: 0x000000008000805c (0x00001397) auipc   t2, 0x1
core   0: 3 0x000000008000805c (0x00001397) x7  0x000000008000905c
core   0: 0x0000000080008060 (0xfa13a223) sw      ra, -92(t2)
core   0: 3 0x0000000080008060 (0xfa13a223) mem 0x0000000080009000 0x00000001
core   0: 0x0000000080008064 (0xff9ff06f) j       pc - 0x8
core   0: 3 0x0000000080008064 (0xff9ff06f)
core   0: 0x000000008000805c (0x00001397) auipc   t2, 0x1
core   0: 3 0x000000008000805c (0x00001397) x7  0x000000008000905c
core   0: 0x0000000080008060 (0xfa13a223) sw      ra, -92(t2)
core   0: 3 0x0000000080008060 (0xfa13a223) mem 0x0000000080009000 0x00000001
core   0: 0x0000000080008064 (0xff9ff06f) j       pc - 0x8
core   0: 3 0x0000000080008064 (0xff9ff06f)
core   0: 0x000000008000805c (0x00001397) auipc   t2, 0x1
core   0: 3 0x000000008000805c (0x00001397) x7  0x000000008000905c
core   0: 0x0000000080008060 (0xfa13a223) sw      ra, -92(t2)
core   0: 3 0x0000000080008060 (0xfa13a223) mem 0x0000000080009000 0x00000001
core   0: 0x0000000080008064 (0xff9ff06f) j       pc - 0x8
core   0: 3 0x0000000080008064 (0xff9ff06f)
core   0: 0x000000008000805c (0x00001397) auipc   t2, 0x1
core   0: 3 0x000000008000805c (0x00001397) x7  0x000000008000905c
core   0: 0x0000000080008060 (0xfa13a223) sw      ra, -92(t2)
core   0: 3 0x0000000080008060 (0xfa13a223) mem 0x0000000080009000 0x00000001
core   0: 0x0000000080008064 (0xff9ff06f) j       pc - 0x8
core   0: 3 0x0000000080008064 (0xff9ff06f)
core   0: 0x000000008000805c (0x00001397) auipc   t2, 0x1
core   0: 3 0x000000008000805c (0x00001397) x7  0x000000008000905c
core   0: 0x0000000080008060 (0xfa13a223) sw      ra, -92(t2)
core   0: 3 0x0000000080008060 (0xfa13a223) mem 0x0000000080009000 0x00000001
core   0: 0x0000000080008064 (0xff9ff06f) j       pc - 0x8
core   0: 3 0x0000000080008064 (0xff9ff06f)
core   0: 0x000000008000805c (0x00001397) auipc   t2, 0x1
core   0: 3 0x000000008000805c (0x00001397) x7  0x000000008000905c
core   0: 0x0000000080008060 (0xfa13a223) sw      ra, -92(t2)
core   0: 3 0x0000000080008060 (0xfa13a223) mem 0x0000000080009000 0x00000001
core   0: 0x0000000080008064 (0xff9ff06f) j       pc - 0x8
core   0: 3 0x0000000080008064 (0xff9ff06f)
core   0: 0x000000008000805c (0x00001397) auipc   t2, 0x1
core   0: 3 0x000000008000805c (0x00001397) x7  0x000000008000905c
core   0: 0x0000000080008060 (0xfa13a223) sw      ra, -92(t2)
core   0: 3 0x0000000080008060 (0xfa13a223) mem 0x0000000080009000 0x00000001
core   0: 0x0000000080008064 (0xff9ff06f) j       pc - 0x8
core   0: 3 0x0000000080008064 (0xff9ff06f)
core   0: 0x000000008000805c (0x00001397) auipc   t2, 0x1
core   0: 3 0x000000008000805c (0x00001397) x7  0x000000008000905c
core   0: 0x0000000080008060 (0xfa13a223) sw      ra, -92(t2)
core   0: 3 0x0000000080008060 (0xfa13a223) mem 0x0000000080009000 0x00000001
core   0: 0x0000000080008064 (0xff9ff06f) j       pc - 0x8
core   0: 3 0x0000000080008064 (0xff9ff06f)
core   0: 0x000000008000805c (0x00001397) auipc   t2, 0x1
core   0: 3 0x000000008000805c (0x00001397) x7  0x000000008000905c
core   0: 0x0000000080008060 (0xfa13a223) sw      ra, -92(t2)
core   0: 3 0x0000000080008060 (0xfa13a223) mem 0x0000000080009000 0x00000001
core   0: 0x0000000080008064 (0xff9ff06f) j       pc - 0x8
core   0: 3 0x0000000080008064 (0xff9ff06f)
core   0: 0x000000008000805c (0x00001397) auipc   t2, 0x1
core   0: 3 0x000000008000805c (0x00001397) x7  0x000000008000905c
core   0: 0x0000000080008060 (0xfa13a223) sw      ra, -92(t2)
core   0: 3 0x0000000080008060 (0xfa13a223) mem 0x0000000080009000 0x00000001
core   0: 0x0000000080008064 (0xff9ff06f) j       pc - 0x8
core   0: 3 0x0000000080008064 (0xff9ff06f)
core   0: 0x000000008000805c (0x00001397) auipc   t2, 0x1
core   0: 3 0x000000008000805c (0x00001397) x7  0x000000008000905c
core   0: 0x0000000080008060 (0xfa13a223) sw      ra, -92(t2)
core   0: 3 0x0000000080008060 (0xfa13a223) mem 0x0000000080009000 0x00000001
core   0: 0x0000000080008064 (0xff9ff06f) j       pc - 0x8
core   0: 3 0x0000000080008064 (0xff9ff06f)
core   0: 0x000000008000805c (0x00001397) auipc   t2, 0x1
core   0: 3 0x000000008000805c (0x00001397) x7  0x000000008000905c
core   0: 0x0000000080008060 (0xfa13a223) sw      ra, -92(t2)
core   0: 3 0x0000000080008060 (0xfa13a223) mem 0x0000000080009000 0x00000001
core   0: 0x0000000080008064 (0xff9ff06f) j       pc - 0x8
core   0: 3 0x0000000080008064 (0xff9ff06f)
core   0: 0x000000008000805c (0x00001397) auipc   t2, 0x1
core   0: 3 0x000000008000805c (0x00001397) x7  0x000000008000905c
core   0: 0x0000000080008060 (0xfa13a223) sw      ra, -92(t2)
core   0: 3 0x0000000080008060 (0xfa13a223) mem 0x0000000080009000 0x00000001
core   0: 0x0000000080008064 (0xff9ff06f) j       pc - 0x8
core   0: 3 0x0000000080008064 (0xff9ff06f)
core   0: 0x000000008000805c (0x00001397) auipc   t2, 0x1
core   0: 3 0x000000008000805c (0x00001397) x7  0x000000008000905c
core   0: 0x0000000080008060 (0xfa13a223) sw      ra, -92(t2)
core   0: 3 0x0000000080008060 (0xfa13a223) mem 0x0000000080009000 0x00000001
core   0: 0x0000000080008064 (0xff9ff06f) j       pc - 0x8
core   0: 3 0x0000000080008064 (0xff9ff06f)
core   0: 0x000000008000805c (0x00001397) auipc   t2, 0x1
core   0: 3 0x000000008000805c (0x00001397) x7  0x000000008000905c
core   0: 0x0000000080008060 (0xfa13a223) sw      ra, -92(t2)
core   0: 3 0x0000000080008060 (0xfa13a223) mem 0x0000000080009000 0x00000001
core   0: 0x0000000080008064 (0xff9ff06f) j       pc - 0x8
core   0: 3 0x0000000080008064 (0xff9ff06f)
core   0: 0x000000008000805c (0x00001397) auipc   t2, 0x1
core   0: 3 0x000000008000805c (0x00001397) x7  0x000000008000905c
core   0: 0x0000000080008060 (0xfa13a223) sw      ra, -92(t2)
core   0: 3 0x0000000080008060 (0xfa13a223) mem 0x0000000080009000 0x00000001
core   0: 0x0000000080008064 (0xff9ff06f) j       pc - 0x8
core   0: 3 0x0000000080008064 (0xff9ff06f)
core   0: 0x000000008000805c (0x00001397) auipc   t2, 0x1
core   0: 3 0x000000008000805c (0x00001397) x7  0x000000008000905c
core   0: 0x0000000080008060 (0xfa13a223) sw      ra, -92(t2)
core   0: 3 0x0000000080008060 (0xfa13a223) mem 0x0000000080009000 0x00000001
core   0: 0x0000000080008064 (0xff9ff06f) j       pc - 0x8
core   0: 3 0x0000000080008064 (0xff9ff06f)
core   0: 0x000000008000805c (0x00001397) auipc   t2, 0x1
core   0: 3 0x000000008000805c (0x00001397) x7  0x000000008000905c
core   0: 0x0000000080008060 (0xfa13a223) sw      ra, -92(t2)
core   0: 3 0x0000000080008060 (0xfa13a223) mem 0x0000000080009000 0x00000001
core   0: 0x0000000080008064 (0xff9ff06f) j       pc - 0x8
core   0: 3 0x0000000080008064 (0xff9ff06f)
core   0: 0x000000008000805c (0x00001397) auipc   t2, 0x1
core   0: 3 0x000000008000805c (0x00001397) x7  0x000000008000905c
core   0: 0x0000000080008060 (0xfa13a223) sw      ra, -92(t2)
core   0: 3 0x0000000080008060 (0xfa13a223) mem 0x0000000080009000 0x00000001
core   0: 0x0000000080008064 (0xff9ff06f) j       pc - 0x8
core   0: 3 0x0000000080008064 (0xff9ff06f)
core   0: 0x000000008000805c (0x00001397) auipc   t2, 0x1
core   0: 3 0x000000008000805c (0x00001397) x7  0x000000008000905c
core   0: 0x0000000080008060 (0xfa13a223) sw      ra, -92(t2)
core   0: 3 0x0000000080008060 (0xfa13a223) mem 0x0000000080009000 0x00000001
core   0: 0x0000000080008064 (0xff9ff06f) j       pc - 0x8
core   0: 3 0x0000000080008064 (0xff9ff06f)
core   0: 0x000000008000805c (0x00001397) auipc   t2, 0x1
core   0: 3 0x000000008000805c (0x00001397) x7  0x000000008000905c
core   0: 0x0000000080008060 (0xfa13a223) sw      ra, -92(t2)
core   0: 3 0x0000000080008060 (0xfa13a223) mem 0x0000000080009000 0x00000001
core   0: 0x0000000080008064 (0xff9ff06f) j       pc - 0x8
core   0: 3 0x0000000080008064 (0xff9ff06f)
core   0: 0x000000008000805c (0x00001397) auipc   t2, 0x1
core   0: 3 0x000000008000805c (0x00001397) x7  0x000000008000905c
core   0: 0x0000000080008060 (0xfa13a223) sw      ra, -92(t2)
core   0: 3 0x0000000080008060 (0xfa13a223) mem 0x0000000080009000 0x00000001
core   0: 0x0000000080008064 (0xff9ff06f) j       pc - 0x8
core   0: 3 0x0000000080008064 (0xff9ff06f)
core   0: 0x000000008000805c (0x00001397) auipc   t2, 0x1
core   0: 3 0x000000008000805c (0x00001397) x7  0x000000008000905c
core   0: 0x0000000080008060 (0xfa13a223) sw      ra, -92(t2)
core   0: 3 0x0000000080008060 (0xfa13a223) mem 0x0000000080009000 0x00000001
core   0: 0x0000000080008064 (0xff9ff06f) j       pc - 0x8
core   0: 3 0x0000000080008064 (0xff9ff06f)
core   0: 0x000000008000805c (0x00001397) auipc   t2, 0x1
core   0: 3 0x000000008000805c (0x00001397) x7  0x000000008000905c
core   0: 0x0000000080008060 (0xfa13a223) sw      ra, -92(t2)
core   0: 3 0x0000000080008060 (0xfa13a223) mem 0x0000000080009000 0x00000001
core   0: 0x0000000080008064 (0xff9ff06f) j       pc - 0x8
core   0: 3 0x0000000080008064 (0xff9ff06f)
core   0: 0x000000008000805c (0x00001397) auipc   t2, 0x1
core   0: 3 0x000000008000805c (0x00001397) x7  0x000000008000905c
core   0: 0x0000000080008060 (0xfa13a223) sw      ra, -92(t2)
core   0: 3 0x0000000080008060 (0xfa13a223) mem 0x0000000080009000 0x00000001
core   0: 0x0000000080008064 (0xff9ff06f) j       pc - 0x8
core   0: 3 0x0000000080008064 (0xff9ff06f)
core   0: 0x000000008000805c (0x00001397) auipc   t2, 0x1
core   0: 3 0x000000008000805c (0x00001397) x7  0x000000008000905c
core   0: 0x0000000080008060 (0xfa13a223) sw      ra, -92(t2)
core   0: 3 0x0000000080008060 (0xfa13a223) mem 0x0000000080009000 0x00000001
core   0: 0x0000000080008064 (0xff9ff06f) j       pc - 0x8
core   0: 3 0x0000000080008064 (0xff9ff06f)
core   0: 0x000000008000805c (0x00001397) auipc   t2, 0x1
core   0: 3 0x000000008000805c (0x00001397) x7  0x000000008000905c
core   0: 0x0000000080008060 (0xfa13a223) sw      ra, -92(t2)
core   0: 3 0x0000000080008060 (0xfa13a223) mem 0x0000000080009000 0x00000001
core   0: 0x0000000080008064 (0xff9ff06f) j       pc - 0x8
core   0: 3 0x0000000080008064 (0xff9ff06f)
core   0: 0x000000008000805c (0x00001397) auipc   t2, 0x1
core   0: 3 0x000000008000805c (0x00001397) x7  0x000000008000905c
core   0: 0x0000000080008060 (0xfa13a223) sw      ra, -92(t2)
core   0: 3 0x0000000080008060 (0xfa13a223) mem 0x0000000080009000 0x00000001
core   0: 0x0000000080008064 (0xff9ff06f) j       pc - 0x8
core   0: 3 0x0000000080008064 (0xff9ff06f)
core   0: 0x000000008000805c (0x00001397) auipc   t2, 0x1
core   0: 3 0x000000008000805c (0x00001397) x7  0x000000008000905c
core   0: 0x0000000080008060 (0xfa13a223) sw      ra, -92(t2)
core   0: 3 0x0000000080008060 (0xfa13a223) mem 0x0000000080009000 0x00000001
core   0: 0x0000000080008064 (0xff9ff06f) j       pc - 0x8
core   0: 3 0x0000000080008064 (0xff9ff06f)
core   0: 0x000000008000805c (0x00001397) auipc   t2, 0x1
core   0: 3 0x000000008000805c (0x00001397) x7  0x000000008000905c
core   0: 0x0000000080008060 (0xfa13a223) sw      ra, -92(t2)
core   0: 3 0x0000000080008060 (0xfa13a223) mem 0x0000000080009000 0x00000001
core   0: 0x0000000080008064 (0xff9ff06f) j       pc - 0x8
core   0: 3 0x0000000080008064 (0xff9ff06f)
core   0: 0x000000008000805c (0x00001397) auipc   t2, 0x1
core   0: 3 0x000000008000805c (0x00001397) x7  0x000000008000905c
core   0: 0x0000000080008060 (0xfa13a223) sw      ra, -92(t2)
core   0: 3 0x0000000080008060 (0xfa13a223) mem 0x0000000080009000 0x00000001
core   0: 0x0000000080008064 (0xff9ff06f) j       pc - 0x8
core   0: 3 0x0000000080008064 (0xff9ff06f)
core   0: 0x000000008000805c (0x00001397) auipc   t2, 0x1
core   0: 3 0x000000008000805c (0x00001397) x7  0x000000008000905c
core   0: 0x0000000080008060 (0xfa13a223) sw      ra, -92(t2)
core   0: 3 0x0000000080008060 (0xfa13a223) mem 0x0000000080009000 0x00000001
core   0: 0x0000000080008064 (0xff9ff06f) j       pc - 0x8
core   0: 3 0x0000000080008064 (0xff9ff06f)
core   0: 0x000000008000805c (0x00001397) auipc   t2, 0x1
core   0: 3 0x000000008000805c (0x00001397) x7  0x000000008000905c
core   0: 0x0000000080008060 (0xfa13a223) sw      ra, -92(t2)
core   0: 3 0x0000000080008060 (0xfa13a223) mem 0x0000000080009000 0x00000001
core   0: 0x0000000080008064 (0xff9ff06f) j       pc - 0x8
core   0: 3 0x0000000080008064 (0xff9ff06f)
core   0: 0x000000008000805c (0x00001397) auipc   t2, 0x1
core   0: 3 0x000000008000805c (0x00001397) x7  0x000000008000905c
core   0: 0x0000000080008060 (0xfa13a223) sw      ra, -92(t2)
core   0: 3 0x0000000080008060 (0xfa13a223) mem 0x0000000080009000 0x00000001
core   0: 0x0000000080008064 (0xff9ff06f) j       pc - 0x8
core   0: 3 0x0000000080008064 (0xff9ff06f)
core   0: 0x000000008000805c (0x00001397) auipc   t2, 0x1
core   0: 3 0x000000008000805c (0x00001397) x7  0x000000008000905c
core   0: 0x0000000080008060 (0xfa13a223) sw      ra, -92(t2)
core   0: 3 0x0000000080008060 (0xfa13a223) mem 0x0000000080009000 0x00000001
core   0: 0x0000000080008064 (0xff9ff06f) j       pc - 0x8
core   0: 3 0x0000000080008064 (0xff9ff06f)
core   0: 0x000000008000805c (0x00001397) auipc   t2, 0x1
core   0: 3 0x000000008000805c (0x00001397) x7  0x000000008000905c
core   0: 0x0000000080008060 (0xfa13a223) sw      ra, -92(t2)
core   0: 3 0x0000000080008060 (0xfa13a223) mem 0x0000000080009000 0x00000001
core   0: 0x0000000080008064 (0xff9ff06f) j       pc - 0x8
core   0: 3 0x0000000080008064 (0xff9ff06f)
core   0: 0x000000008000805c (0x00001397) auipc   t2, 0x1
core   0: 3 0x000000008000805c (0x00001397) x7  0x000000008000905c
core   0: 0x0000000080008060 (0xfa13a223) sw      ra, -92(t2)
core   0: 3 0x0000000080008060 (0xfa13a223) mem 0x0000000080009000 0x00000001
core   0: 0x0000000080008064 (0xff9ff06f) j       pc - 0x8
core   0: 3 0x0000000080008064 (0xff9ff06f)
core   0: 0x000000008000805c (0x00001397) auipc   t2, 0x1
core   0: 3 0x000000008000805c (0x00001397) x7  0x000000008000905c
core   0: 0x0000000080008060 (0xfa13a223) sw      ra, -92(t2)
core   0: 3 0x0000000080008060 (0xfa13a223) mem 0x0000000080009000 0x00000001
core   0: 0x0000000080008064 (0xff9ff06f) j       pc - 0x8
core   0: 3 0x0000000080008064 (0xff9ff06f)
core   0: 0x000000008000805c (0x00001397) auipc   t2, 0x1
core   0: 3 0x000000008000805c (0x00001397) x7  0x000000008000905c
core   0: 0x0000000080008060 (0xfa13a223) sw      ra, -92(t2)
core   0: 3 0x0000000080008060 (0xfa13a223) mem 0x0000000080009000 0x00000001
core   0: 0x0000000080008064 (0xff9ff06f) j       pc - 0x8
core   0: 3 0x0000000080008064 (0xff9ff06f)
core   0: 0x000000008000805c (0x00001397) auipc   t2, 0x1
core   0: 3 0x000000008000805c (0x00001397) x7  0x000000008000905c
core   0: 0x0000000080008060 (0xfa13a223) sw      ra, -92(t2)
core   0: 3 0x0000000080008060 (0xfa13a223) mem 0x0000000080009000 0x00000001
core   0: 0x0000000080008064 (0xff9ff06f) j       pc - 0x8
core   0: 3 0x0000000080008064 (0xff9ff06f)
core   0: 0x000000008000805c (0x00001397) auipc   t2, 0x1
core   0: 3 0x000000008000805c (0x00001397) x7  0x000000008000905c
core   0: 0x0000000080008060 (0xfa13a223) sw      ra, -92(t2)
core   0: 3 0x0000000080008060 (0xfa13a223) mem 0x0000000080009000 0x00000001
core   0: 0x0000000080008064 (0xff9ff06f) j       pc - 0x8
core   0: 3 0x0000000080008064 (0xff9ff06f)
core   0: 0x000000008000805c (0x00001397) auipc   t2, 0x1
core   0: 3 0x000000008000805c (0x00001397) x7  0x000000008000905c
core   0: 0x0000000080008060 (0xfa13a223) sw      ra, -92(t2)
core   0: 3 0x0000000080008060 (0xfa13a223) mem 0x0000000080009000 0x00000001
core   0: 0x0000000080008064 (0xff9ff06f) j       pc - 0x8
core   0: 3 0x0000000080008064 (0xff9ff06f)
core   0: 0x000000008000805c (0x00001397) auipc   t2, 0x1
core   0: 3 0x000000008000805c (0x00001397) x7  0x000000008000905c
core   0: 0x0000000080008060 (0xfa13a223) sw      ra, -92(t2)
core   0: 3 0x0000000080008060 (0xfa13a223) mem 0x0000000080009000 0x00000001
core   0: 0x0000000080008064 (0xff9ff06f) j       pc - 0x8
core   0: 3 0x0000000080008064 (0xff9ff06f)
core   0: 0x000000008000805c (0x00001397) auipc   t2, 0x1
core   0: 3 0x000000008000805c (0x00001397) x7  0x000000008000905c
core   0: 0x0000000080008060 (0xfa13a223) sw      ra, -92(t2)
core   0: 3 0x0000000080008060 (0xfa13a223) mem 0x0000000080009000 0x00000001
core   0: 0x0000000080008064 (0xff9ff06f) j       pc - 0x8
core   0: 3 0x0000000080008064 (0xff9ff06f)
core   0: 0x000000008000805c (0x00001397) auipc   t2, 0x1
core   0: 3 0x000000008000805c (0x00001397) x7  0x000000008000905c
core   0: 0x0000000080008060 (0xfa13a223) sw      ra, -92(t2)
core   0: 3 0x0000000080008060 (0xfa13a223) mem 0x0000000080009000 0x00000001
core   0: 0x0000000080008064 (0xff9ff06f) j       pc - 0x8
core   0: 3 0x0000000080008064 (0xff9ff06f)
core   0: 0x000000008000805c (0x00001397) auipc   t2, 0x1
core   0: 3 0x000000008000805c (0x00001397) x7  0x000000008000905c
core   0: 0x0000000080008060 (0xfa13a223) sw      ra, -92(t2)
core   0: 3 0x0000000080008060 (0xfa13a223) mem 0x0000000080009000 0x00000001
core   0: 0x0000000080008064 (0xff9ff06f) j       pc - 0x8
core   0: 3 0x0000000080008064 (0xff9ff06f)
core   0: 0x000000008000805c (0x00001397) auipc   t2, 0x1
core   0: 3 0x000000008000805c (0x00001397) x7  0x000000008000905c
core   0: 0x0000000080008060 (0xfa13a223) sw      ra, -92(t2)
core   0: 3 0x0000000080008060 (0xfa13a223) mem 0x0000000080009000 0x00000001
core   0: 0x0000000080008064 (0xff9ff06f) j       pc - 0x8
core   0: 3 0x0000000080008064 (0xff9ff06f)
core   0: 0x000000008000805c (0x00001397) auipc   t2, 0x1
core   0: 3 0x000000008000805c (0x00001397) x7  0x000000008000905c
core   0: 0x0000000080008060 (0xfa13a223) sw      ra, -92(t2)
core   0: 3 0x0000000080008060 (0xfa13a223) mem 0x0000000080009000 0x00000001
core   0: 0x0000000080008064 (0xff9ff06f) j       pc - 0x8
core   0: 3 0x0000000080008064 (0xff9ff06f)
core   0: 0x000000008000805c (0x00001397) auipc   t2, 0x1
core   0: 3 0x000000008000805c (0x00001397) x7  0x000000008000905c
core   0: 0x0000000080008060 (0xfa13a223) sw      ra, -92(t2)
core   0: 3 0x0000000080008060 (0xfa13a223) mem 0x0000000080009000 0x00000001
core   0: 0x0000000080008064 (0xff9ff06f) j       pc - 0x8
core   0: 3 0x0000000080008064 (0xff9ff06f)
core   0: 0x000000008000805c (0x00001397) auipc   t2, 0x1
core   0: 3 0x000000008000805c (0x00001397) x7  0x000000008000905c
core   0: 0x0000000080008060 (0xfa13a223) sw      ra, -92(t2)
core   0: 3 0x0000000080008060 (0xfa13a223) mem 0x0000000080009000 0x00000001
core   0: 0x0000000080008064 (0xff9ff06f) j       pc - 0x8
core   0: 3 0x0000000080008064 (0xff9ff06f)
core   0: 0x000000008000805c (0x00001397) auipc   t2, 0x1
core   0: 3 0x000000008000805c (0x00001397) x7  0x000000008000905c
core   0: 0x0000000080008060 (0xfa13a223) sw      ra, -92(t2)
core   0: 3 0x0000000080008060 (0xfa13a223) mem 0x0000000080009000 0x00000001
core   0: 0x0000000080008064 (0xff9ff06f) j       pc - 0x8
core   0: 3 0x0000000080008064 (0xff9ff06f)
core   0: 0x000000008000805c (0x00001397) auipc   t2, 0x1
core   0: 3 0x000000008000805c (0x00001397) x7  0x000000008000905c
core   0: 0x0000000080008060 (0xfa13a223) sw      ra, -92(t2)
core   0: 3 0x0000000080008060 (0xfa13a223) mem 0x0000000080009000 0x00000001
core   0: 0x0000000080008064 (0xff9ff06f) j       pc - 0x8
core   0: 3 0x0000000080008064 (0xff9ff06f)
core   0: 0x000000008000805c (0x00001397) auipc   t2, 0x1
core   0: 3 0x000000008000805c (0x00001397) x7  0x000000008000905c
core   0: 0x0000000080008060 (0xfa13a223) sw      ra, -92(t2)
core   0: 3 0x0000000080008060 (0xfa13a223) mem 0x0000000080009000 0x00000001
core   0: 0x0000000080008064 (0xff9ff06f) j       pc - 0x8
core   0: 3 0x0000000080008064 (0xff9ff06f)
core   0: 0x000000008000805c (0x00001397) auipc   t2, 0x1
core   0: 3 0x000000008000805c (0x00001397) x7  0x000000008000905c
core   0: 0x0000000080008060 (0xfa13a223) sw      ra, -92(t2)
core   0: 3 0x0000000080008060 (0xfa13a223) mem 0x0000000080009000 0x00000001
core   0: 0x0000000080008064 (0xff9ff06f) j       pc - 0x8
core   0: 3 0x0000000080008064 (0xff9ff06f)
core   0: 0x000000008000805c (0x00001397) auipc   t2, 0x1
core   0: 3 0x000000008000805c (0x00001397) x7  0x000000008000905c
core   0: 0x0000000080008060 (0xfa13a223) sw      ra, -92(t2)
core   0: 3 0x0000000080008060 (0xfa13a223) mem 0x0000000080009000 0x00000001
core   0: 0x0000000080008064 (0xff9ff06f) j       pc - 0x8
core   0: 3 0x0000000080008064 (0xff9ff06f)
core   0: 0x000000008000805c (0x00001397) auipc   t2, 0x1
core   0: 3 0x000000008000805c (0x00001397) x7  0x000000008000905c
core   0: 0x0000000080008060 (0xfa13a223) sw      ra, -92(t2)
core   0: 3 0x0000000080008060 (0xfa13a223) mem 0x0000000080009000 0x00000001
core   0: 0x0000000080008064 (0xff9ff06f) j       pc - 0x8
core   0: 3 0x0000000080008064 (0xff9ff06f)
core   0: 0x000000008000805c (0x00001397) auipc   t2, 0x1
core   0: 3 0x000000008000805c (0x00001397) x7  0x000000008000905c
core   0: 0x0000000080008060 (0xfa13a223) sw      ra, -92(t2)
core   0: 3 0x0000000080008060 (0xfa13a223) mem 0x0000000080009000 0x00000001
core   0: 0x0000000080008064 (0xff9ff06f) j       pc - 0x8
core   0: 3 0x0000000080008064 (0xff9ff06f)
core   0: 0x000000008000805c (0x00001397) auipc   t2, 0x1
core   0: 3 0x000000008000805c (0x00001397) x7  0x000000008000905c
core   0: 0x0000000080008060 (0xfa13a223) sw      ra, -92(t2)
core   0: 3 0x0000000080008060 (0xfa13a223) mem 0x0000000080009000 0x00000001
core   0: 0x0000000080008064 (0xff9ff06f) j       pc - 0x8
core   0: 3 0x0000000080008064 (0xff9ff06f)
core   0: 0x000000008000805c (0x00001397) auipc   t2, 0x1
core   0: 3 0x000000008000805c (0x00001397) x7  0x000000008000905c
core   0: 0x0000000080008060 (0xfa13a223) sw      ra, -92(t2)
core   0: 3 0x0000000080008060 (0xfa13a223) mem 0x0000000080009000 0x00000001
core   0: 0x0000000080008064 (0xff9ff06f) j       pc - 0x8
core   0: 3 0x0000000080008064 (0xff9ff06f)
core   0: 0x000000008000805c (0x00001397) auipc   t2, 0x1
core   0: 3 0x000000008000805c (0x00001397) x7  0x000000008000905c
core   0: 0x0000000080008060 (0xfa13a223) sw      ra, -92(t2)
core   0: 3 0x0000000080008060 (0xfa13a223) mem 0x0000000080009000 0x00000001
core   0: 0x0000000080008064 (0xff9ff06f) j       pc - 0x8
core   0: 3 0x0000000080008064 (0xff9ff06f)
core   0: 0x000000008000805c (0x00001397) auipc   t2, 0x1
core   0: 3 0x000000008000805c (0x00001397) x7  0x000000008000905c
core   0: 0x0000000080008060 (0xfa13a223) sw      ra, -92(t2)
core   0: 3 0x0000000080008060 (0xfa13a223) mem 0x0000000080009000 0x00000001
core   0: 0x0000000080008064 (0xff9ff06f) j       pc - 0x8
core   0: 3 0x0000000080008064 (0xff9ff06f)
core   0: 0x000000008000805c (0x00001397) auipc   t2, 0x1
core   0: 3 0x000000008000805c (0x00001397) x7  0x000000008000905c
core   0: 0x0000000080008060 (0xfa13a223) sw      ra, -92(t2)
core   0: 3 0x0000000080008060 (0xfa13a223) mem 0x0000000080009000 0x00000001
core   0: 0x0000000080008064 (0xff9ff06f) j       pc - 0x8
core   0: 3 0x0000000080008064 (0xff9ff06f)
core   0: 0x000000008000805c (0x00001397) auipc   t2, 0x1
core   0: 3 0x000000008000805c (0x00001397) x7  0x000000008000905c
core   0: 0x0000000080008060 (0xfa13a223) sw      ra, -92(t2)
core   0: 3 0x0000000080008060 (0xfa13a223) mem 0x0000000080009000 0x00000001
core   0: 0x0000000080008064 (0xff9ff06f) j       pc - 0x8
core   0: 3 0x0000000080008064 (0xff9ff06f)
core   0: 0x000000008000805c (0x00001397) auipc   t2, 0x1
core   0: 3 0x000000008000805c (0x00001397) x7  0x000000008000905c
core   0: 0x0000000080008060 (0xfa13a223) sw      ra, -92(t2)
core   0: 3 0x0000000080008060 (0xfa13a223) mem 0x0000000080009000 0x00000001
core   0: 0x0000000080008064 (0xff9ff06f) j       pc - 0x8
core   0: 3 0x0000000080008064 (0xff9ff06f)
core   0: 0x000000008000805c (0x00001397) auipc   t2, 0x1
core   0: 3 0x000000008000805c (0x00001397) x7  0x000000008000905c
core   0: 0x0000000080008060 (0xfa13a223) sw      ra, -92(t2)
core   0: 3 0x0000000080008060 (0xfa13a223) mem 0x0000000080009000 0x00000001
core   0: 0x0000000080008064 (0xff9ff06f) j       pc - 0x8
core   0: 3 0x0000000080008064 (0xff9ff06f)
core   0: 0x000000008000805c (0x00001397) auipc   t2, 0x1
core   0: 3 0x000000008000805c (0x00001397) x7  0x000000008000905c
core   0: 0x0000000080008060 (0xfa13a223) sw      ra, -92(t2)
core   0: 3 0x0000000080008060 (0xfa13a223) mem 0x0000000080009000 0x00000001
core   0: 0x0000000080008064 (0xff9ff06f) j       pc - 0x8
core   0: 3 0x0000000080008064 (0xff9ff06f)
core   0: 0x000000008000805c (0x00001397) auipc   t2, 0x1
core   0: 3 0x000000008000805c (0x00001397) x7  0x000000008000905c
core   0: 0x0000000080008060 (0xfa13a223) sw      ra, -92(t2)
core   0: 3 0x0000000080008060 (0xfa13a223) mem 0x0000000080009000 0x00000001
core   0: 0x0000000080008064 (0xff9ff06f) j       pc - 0x8
core   0: 3 0x0000000080008064 (0xff9ff06f)
core   0: 0x000000008000805c (0x00001397) auipc   t2, 0x1
core   0: 3 0x000000008000805c (0x00001397) x7  0x000000008000905c
core   0: 0x0000000080008060 (0xfa13a223) sw      ra, -92(t2)
core   0: 3 0x0000000080008060 (0xfa13a223) mem 0x0000000080009000 0x00000001
core   0: 0x0000000080008064 (0xff9ff06f) j       pc - 0x8
core   0: 3 0x0000000080008064 (0xff9ff06f)
core   0: 0x000000008000805c (0x00001397) auipc   t2, 0x1
core   0: 3 0x000000008000805c (0x00001397) x7  0x000000008000905c
core   0: 0x0000000080008060 (0xfa13a223) sw      ra, -92(t2)
core   0: 3 0x0000000080008060 (0xfa13a223) mem 0x0000000080009000 0x00000001
core   0: 0x0000000080008064 (0xff9ff06f) j       pc - 0x8
core   0: 3 0x0000000080008064 (0xff9ff06f)
core   0: 0x000000008000805c (0x00001397) auipc   t2, 0x1
core   0: 3 0x000000008000805c (0x00001397) x7  0x000000008000905c
core   0: 0x0000000080008060 (0xfa13a223) sw      ra, -92(t2)
core   0: 3 0x0000000080008060 (0xfa13a223) mem 0x0000000080009000 0x00000001
core   0: 0x0000000080008064 (0xff9ff06f) j       pc - 0x8
core   0: 3 0x0000000080008064 (0xff9ff06f)
core   0: 0x000000008000805c (0x00001397) auipc   t2, 0x1
core   0: 3 0x000000008000805c (0x00001397) x7  0x000000008000905c
core   0: 0x0000000080008060 (0xfa13a223) sw      ra, -92(t2)
core   0: 3 0x0000000080008060 (0xfa13a223) mem 0x0000000080009000 0x00000001
core   0: 0x0000000080008064 (0xff9ff06f) j       pc - 0x8
core   0: 3 0x0000000080008064 (0xff9ff06f)
core   0: 0x000000008000805c (0x00001397) auipc   t2, 0x1
core   0: 3 0x000000008000805c (0x00001397) x7  0x000000008000905c
core   0: 0x0000000080008060 (0xfa13a223) sw      ra, -92(t2)
core   0: 3 0x0000000080008060 (0xfa13a223) mem 0x0000000080009000 0x00000001
core   0: 0x0000000080008064 (0xff9ff06f) j       pc - 0x8
core   0: 3 0x0000000080008064 (0xff9ff06f)
core   0: 0x000000008000805c (0x00001397) auipc   t2, 0x1
core   0: 3 0x000000008000805c (0x00001397) x7  0x000000008000905c
core   0: 0x0000000080008060 (0xfa13a223) sw      ra, -92(t2)
core   0: 3 0x0000000080008060 (0xfa13a223) mem 0x0000000080009000 0x00000001
core   0: 0x0000000080008064 (0xff9ff06f) j       pc - 0x8
core   0: 3 0x0000000080008064 (0xff9ff06f)
core   0: 0x000000008000805c (0x00001397) auipc   t2, 0x1
core   0: 3 0x000000008000805c (0x00001397) x7  0x000000008000905c
core   0: 0x0000000080008060 (0xfa13a223) sw      ra, -92(t2)
core   0: 3 0x0000000080008060 (0xfa13a223) mem 0x0000000080009000 0x00000001
core   0: 0x0000000080008064 (0xff9ff06f) j       pc - 0x8
core   0: 3 0x0000000080008064 (0xff9ff06f)
core   0: 0x000000008000805c (0x00001397) auipc   t2, 0x1
core   0: 3 0x000000008000805c (0x00001397) x7  0x000000008000905c
core   0: 0x0000000080008060 (0xfa13a223) sw      ra, -92(t2)
core   0: 3 0x0000000080008060 (0xfa13a223) mem 0x0000000080009000 0x00000001
core   0: 0x0000000080008064 (0xff9ff06f) j       pc - 0x8
core   0: 3 0x0000000080008064 (0xff9ff06f)
core   0: 0x000000008000805c (0x00001397) auipc   t2, 0x1
core   0: 3 0x000000008000805c (0x00001397) x7  0x000000008000905c
core   0: 0x0000000080008060 (0xfa13a223) sw      ra, -92(t2)
core   0: 3 0x0000000080008060 (0xfa13a223) mem 0x0000000080009000 0x00000001
core   0: 0x0000000080008064 (0xff9ff06f) j       pc - 0x8
core   0: 3 0x0000000080008064 (0xff9ff06f)
core   0: 0x000000008000805c (0x00001397) auipc   t2, 0x1
core   0: 3 0x000000008000805c (0x00001397) x7  0x000000008000905c
core   0: 0x0000000080008060 (0xfa13a223) sw      ra, -92(t2)
core   0: 3 0x0000000080008060 (0xfa13a223) mem 0x0000000080009000 0x00000001
core   0: 0x0000000080008064 (0xff9ff06f) j       pc - 0x8
core   0: 3 0x0000000080008064 (0xff9ff06f)
core   0: 0x000000008000805c (0x00001397) auipc   t2, 0x1
core   0: 3 0x000000008000805c (0x00001397) x7  0x000000008000905c
core   0: 0x0000000080008060 (0xfa13a223) sw      ra, -92(t2)
core   0: 3 0x0000000080008060 (0xfa13a223) mem 0x0000000080009000 0x00000001
core   0: 0x0000000080008064 (0xff9ff06f) j       pc - 0x8
core   0: 3 0x0000000080008064 (0xff9ff06f)
core   0: 0x000000008000805c (0x00001397) auipc   t2, 0x1
core   0: 3 0x000000008000805c (0x00001397) x7  0x000000008000905c
core   0: 0x0000000080008060 (0xfa13a223) sw      ra, -92(t2)
core   0: 3 0x0000000080008060 (0xfa13a223) mem 0x0000000080009000 0x00000001
core   0: 0x0000000080008064 (0xff9ff06f) j       pc - 0x8
core   0: 3 0x0000000080008064 (0xff9ff06f)
core   0: 0x000000008000805c (0x00001397) auipc   t2, 0x1
core   0: 3 0x000000008000805c (0x00001397) x7  0x000000008000905c
core   0: 0x0000000080008060 (0xfa13a223) sw      ra, -92(t2)
core   0: 3 0x0000000080008060 (0xfa13a223) mem 0x0000000080009000 0x00000001
core   0: 0x0000000080008064 (0xff9ff06f) j       pc - 0x8
core   0: 3 0x0000000080008064 (0xff9ff06f)
core   0: 0x000000008000805c (0x00001397) auipc   t2, 0x1
core   0: 3 0x000000008000805c (0x00001397) x7  0x000000008000905c
core   0: 0x0000000080008060 (0xfa13a223) sw      ra, -92(t2)
core   0: 3 0x0000000080008060 (0xfa13a223) mem 0x0000000080009000 0x00000001
core   0: 0x0000000080008064 (0xff9ff06f) j       pc - 0x8
core   0: 3 0x0000000080008064 (0xff9ff06f)
core   0: 0x000000008000805c (0x00001397) auipc   t2, 0x1
core   0: 3 0x000000008000805c (0x00001397) x7  0x000000008000905c
core   0: 0x0000000080008060 (0xfa13a223) sw      ra, -92(t2)
core   0: 3 0x0000000080008060 (0xfa13a223) mem 0x0000000080009000 0x00000001
core   0: 0x0000000080008064 (0xff9ff06f) j       pc - 0x8
core   0: 3 0x0000000080008064 (0xff9ff06f)
core   0: 0x000000008000805c (0x00001397) auipc   t2, 0x1
core   0: 3 0x000000008000805c (0x00001397) x7  0x000000008000905c
core   0: 0x0000000080008060 (0xfa13a223) sw      ra, -92(t2)
core   0: 3 0x0000000080008060 (0xfa13a223) mem 0x0000000080009000 0x00000001
core   0: 0x0000000080008064 (0xff9ff06f) j       pc - 0x8
core   0: 3 0x0000000080008064 (0xff9ff06f)
core   0: 0x000000008000805c (0x00001397) auipc   t2, 0x1
core   0: 3 0x000000008000805c (0x00001397) x7  0x000000008000905c
core   0: 0x0000000080008060 (0xfa13a223) sw      ra, -92(t2)
core   0: 3 0x0000000080008060 (0xfa13a223) mem 0x0000000080009000 0x00000001
core   0: 0x0000000080008064 (0xff9ff06f) j       pc - 0x8
core   0: 3 0x0000000080008064 (0xff9ff06f)
core   0: 0x000000008000805c (0x00001397) auipc   t2, 0x1
core   0: 3 0x000000008000805c (0x00001397) x7  0x000000008000905c
core   0: 0x0000000080008060 (0xfa13a223) sw      ra, -92(t2)
core   0: 3 0x0000000080008060 (0xfa13a223) mem 0x0000000080009000 0x00000001
core   0: 0x0000000080008064 (0xff9ff06f) j       pc - 0x8
core   0: 3 0x0000000080008064 (0xff9ff06f)
core   0: 0x000000008000805c (0x00001397) auipc   t2, 0x1
core   0: 3 0x000000008000805c (0x00001397) x7  0x000000008000905c
core   0: 0x0000000080008060 (0xfa13a223) sw      ra, -92(t2)
core   0: 3 0x0000000080008060 (0xfa13a223) mem 0x0000000080009000 0x00000001
core   0: 0x0000000080008064 (0xff9ff06f) j       pc - 0x8
core   0: 3 0x0000000080008064 (0xff9ff06f)
core   0: 0x000000008000805c (0x00001397) auipc   t2, 0x1
core   0: 3 0x000000008000805c (0x00001397) x7  0x000000008000905c
core   0: 0x0000000080008060 (0xfa13a223) sw      ra, -92(t2)
core   0: 3 0x0000000080008060 (0xfa13a223) mem 0x0000000080009000 0x00000001
core   0: 0x0000000080008064 (0xff9ff06f) j       pc - 0x8
core   0: 3 0x0000000080008064 (0xff9ff06f)
core   0: 0x000000008000805c (0x00001397) auipc   t2, 0x1
core   0: 3 0x000000008000805c (0x00001397) x7  0x000000008000905c
core   0: 0x0000000080008060 (0xfa13a223) sw      ra, -92(t2)
core   0: 3 0x0000000080008060 (0xfa13a223) mem 0x0000000080009000 0x00000001
core   0: 0x0000000080008064 (0xff9ff06f) j       pc - 0x8
core   0: 3 0x0000000080008064 (0xff9ff06f)
core   0: 0x000000008000805c (0x00001397) auipc   t2, 0x1
core   0: 3 0x000000008000805c (0x00001397) x7  0x000000008000905c
core   0: 0x0000000080008060 (0xfa13a223) sw      ra, -92(t2)
core   0: 3 0x0000000080008060 (0xfa13a223) mem 0x0000000080009000 0x00000001
core   0: 0x0000000080008064 (0xff9ff06f) j       pc - 0x8
core   0: 3 0x0000000080008064 (0xff9ff06f)
core   0: 0x000000008000805c (0x00001397) auipc   t2, 0x1
core   0: 3 0x000000008000805c (0x00001397) x7  0x000000008000905c
core   0: 0x0000000080008060 (0xfa13a223) sw      ra, -92(t2)
core   0: 3 0x0000000080008060 (0xfa13a223) mem 0x0000000080009000 0x00000001
core   0: 0x0000000080008064 (0xff9ff06f) j       pc - 0x8
core   0: 3 0x0000000080008064 (0xff9ff06f)
core   0: 0x000000008000805c (0x00001397) auipc   t2, 0x1
core   0: 3 0x000000008000805c (0x00001397) x7  0x000000008000905c
core   0: 0x0000000080008060 (0xfa13a223) sw      ra, -92(t2)
core   0: 3 0x0000000080008060 (0xfa13a223) mem 0x0000000080009000 0x00000001
core   0: 0x0000000080008064 (0xff9ff06f) j       pc - 0x8
core   0: 3 0x0000000080008064 (0xff9ff06f)
core   0: 0x000000008000805c (0x00001397) auipc   t2, 0x1
core   0: 3 0x000000008000805c (0x00001397) x7  0x000000008000905c
core   0: 0x0000000080008060 (0xfa13a223) sw      ra, -92(t2)
core   0: 3 0x0000000080008060 (0xfa13a223) mem 0x0000000080009000 0x00000001
core   0: 0x0000000080008064 (0xff9ff06f) j       pc - 0x8
core   0: 3 0x0000000080008064 (0xff9ff06f)
core   0: 0x000000008000805c (0x00001397) auipc   t2, 0x1
core   0: 3 0x000000008000805c (0x00001397) x7  0x000000008000905c
core   0: 0x0000000080008060 (0xfa13a223) sw      ra, -92(t2)
core   0: 3 0x0000000080008060 (0xfa13a223) mem 0x0000000080009000 0x00000001
core   0: 0x0000000080008064 (0xff9ff06f) j       pc - 0x8
core   0: 3 0x0000000080008064 (0xff9ff06f)
core   0: 0x000000008000805c (0x00001397) auipc   t2, 0x1
core   0: 3 0x000000008000805c (0x00001397) x7  0x000000008000905c
core   0: 0x0000000080008060 (0xfa13a223) sw      ra, -92(t2)
core   0: 3 0x0000000080008060 (0xfa13a223) mem 0x0000000080009000 0x00000001
core   0: 0x0000000080008064 (0xff9ff06f) j       pc - 0x8
core   0: 3 0x0000000080008064 (0xff9ff06f)
core   0: 0x000000008000805c (0x00001397) auipc   t2, 0x1
core   0: 3 0x000000008000805c (0x00001397) x7  0x000000008000905c
core   0: 0x0000000080008060 (0xfa13a223) sw      ra, -92(t2)
core   0: 3 0x0000000080008060 (0xfa13a223) mem 0x0000000080009000 0x00000001
core   0: 0x0000000080008064 (0xff9ff06f) j       pc - 0x8
core   0: 3 0x0000000080008064 (0xff9ff06f)
core   0: 0x000000008000805c (0x00001397) auipc   t2, 0x1
core   0: 3 0x000000008000805c (0x00001397) x7  0x000000008000905c
core   0: 0x0000000080008060 (0xfa13a223) sw      ra, -92(t2)
core   0: 3 0x0000000080008060 (0xfa13a223) mem 0x0000000080009000 0x00000001
core   0: 0x0000000080008064 (0xff9ff06f) j       pc - 0x8
core   0: 3 0x0000000080008064 (0xff9ff06f)
core   0: 0x000000008000805c (0x00001397) auipc   t2, 0x1
core   0: 3 0x000000008000805c (0x00001397) x7  0x000000008000905c
core   0: 0x0000000080008060 (0xfa13a223) sw      ra, -92(t2)
core   0: 3 0x0000000080008060 (0xfa13a223) mem 0x0000000080009000 0x00000001
core   0: 0x0000000080008064 (0xff9ff06f) j       pc - 0x8
core   0: 3 0x0000000080008064 (0xff9ff06f)
core   0: 0x000000008000805c (0x00001397) auipc   t2, 0x1
core   0: 3 0x000000008000805c (0x00001397) x7  0x000000008000905c
core   0: 0x0000000080008060 (0xfa13a223) sw      ra, -92(t2)
core   0: 3 0x0000000080008060 (0xfa13a223) mem 0x0000000080009000 0x00000001
core   0: 0x0000000080008064 (0xff9ff06f) j       pc - 0x8
core   0: 3 0x0000000080008064 (0xff9ff06f)
core   0: 0x000000008000805c (0x00001397) auipc   t2, 0x1
core   0: 3 0x000000008000805c (0x00001397) x7  0x000000008000905c
core   0: 0x0000000080008060 (0xfa13a223) sw      ra, -92(t2)
core   0: 3 0x0000000080008060 (0xfa13a223) mem 0x0000000080009000 0x00000001
core   0: 0x0000000080008064 (0xff9ff06f) j       pc - 0x8
core   0: 3 0x0000000080008064 (0xff9ff06f)
core   0: 0x000000008000805c (0x00001397) auipc   t2, 0x1
core   0: 3 0x000000008000805c (0x00001397) x7  0x000000008000905c
core   0: 0x0000000080008060 (0xfa13a223) sw      ra, -92(t2)
core   0: 3 0x0000000080008060 (0xfa13a223) mem 0x0000000080009000 0x00000001
core   0: 0x0000000080008064 (0xff9ff06f) j       pc - 0x8
core   0: 3 0x0000000080008064 (0xff9ff06f)
core   0: 0x000000008000805c (0x00001397) auipc   t2, 0x1
core   0: 3 0x000000008000805c (0x00001397) x7  0x000000008000905c
core   0: 0x0000000080008060 (0xfa13a223) sw      ra, -92(t2)
core   0: 3 0x0000000080008060 (0xfa13a223) mem 0x0000000080009000 0x00000001
core   0: 0x0000000080008064 (0xff9ff06f) j       pc - 0x8
core   0: 3 0x0000000080008064 (0xff9ff06f)
core   0: 0x000000008000805c (0x00001397) auipc   t2, 0x1
core   0: 3 0x000000008000805c (0x00001397) x7  0x000000008000905c
core   0: 0x0000000080008060 (0xfa13a223) sw      ra, -92(t2)
core   0: 3 0x0000000080008060 (0xfa13a223) mem 0x0000000080009000 0x00000001
core   0: 0x0000000080008064 (0xff9ff06f) j       pc - 0x8
core   0: 3 0x0000000080008064 (0xff9ff06f)
core   0: 0x000000008000805c (0x00001397) auipc   t2, 0x1
core   0: 3 0x000000008000805c (0x00001397) x7  0x000000008000905c
core   0: 0x0000000080008060 (0xfa13a223) sw      ra, -92(t2)
core   0: 3 0x0000000080008060 (0xfa13a223) mem 0x0000000080009000 0x00000001
core   0: 0x0000000080008064 (0xff9ff06f) j       pc - 0x8
core   0: 3 0x0000000080008064 (0xff9ff06f)
core   0: 0x000000008000805c (0x00001397) auipc   t2, 0x1
core   0: 3 0x000000008000805c (0x00001397) x7  0x000000008000905c
core   0: 0x0000000080008060 (0xfa13a223) sw      ra, -92(t2)
core   0: 3 0x0000000080008060 (0xfa13a223) mem 0x0000000080009000 0x00000001
core   0: 0x0000000080008064 (0xff9ff06f) j       pc - 0x8
core   0: 3 0x0000000080008064 (0xff9ff06f)
core   0: 0x000000008000805c (0x00001397) auipc   t2, 0x1
core   0: 3 0x000000008000805c (0x00001397) x7  0x000000008000905c
core   0: 0x0000000080008060 (0xfa13a223) sw      ra, -92(t2)
core   0: 3 0x0000000080008060 (0xfa13a223) mem 0x0000000080009000 0x00000001
core   0: 0x0000000080008064 (0xff9ff06f) j       pc - 0x8
core   0: 3 0x0000000080008064 (0xff9ff06f)
core   0: 0x000000008000805c (0x00001397) auipc   t2, 0x1
core   0: 3 0x000000008000805c (0x00001397) x7  0x000000008000905c
core   0: 0x0000000080008060 (0xfa13a223) sw      ra, -92(t2)
core   0: 3 0x0000000080008060 (0xfa13a223) mem 0x0000000080009000 0x00000001
core   0: 0x0000000080008064 (0xff9ff06f) j       pc - 0x8
core   0: 3 0x0000000080008064 (0xff9ff06f)
core   0: 0x000000008000805c (0x00001397) auipc   t2, 0x1
core   0: 3 0x000000008000805c (0x00001397) x7  0x000000008000905c
core   0: 0x0000000080008060 (0xfa13a223) sw      ra, -92(t2)
core   0: 3 0x0000000080008060 (0xfa13a223) mem 0x0000000080009000 0x00000001
core   0: 0x0000000080008064 (0xff9ff06f) j       pc - 0x8
core   0: 3 0x0000000080008064 (0xff9ff06f)
core   0: 0x000000008000805c (0x00001397) auipc   t2, 0x1
core   0: 3 0x000000008000805c (0x00001397) x7  0x000000008000905c
core   0: 0x0000000080008060 (0xfa13a223) sw      ra, -92(t2)
core   0: 3 0x0000000080008060 (0xfa13a223) mem 0x0000000080009000 0x00000001
core   0: 0x0000000080008064 (0xff9ff06f) j       pc - 0x8
core   0: 3 0x0000000080008064 (0xff9ff06f)
core   0: 0x000000008000805c (0x00001397) auipc   t2, 0x1
core   0: 3 0x000000008000805c (0x00001397) x7  0x000000008000905c
core   0: 0x0000000080008060 (0xfa13a223) sw      ra, -92(t2)
core   0: 3 0x0000000080008060 (0xfa13a223) mem 0x0000000080009000 0x00000001
core   0: 0x0000000080008064 (0xff9ff06f) j       pc - 0x8
core   0: 3 0x0000000080008064 (0xff9ff06f)
core   0: 0x000000008000805c (0x00001397) auipc   t2, 0x1
core   0: 3 0x000000008000805c (0x00001397) x7  0x000000008000905c
core   0: 0x0000000080008060 (0xfa13a223) sw      ra, -92(t2)
core   0: 3 0x0000000080008060 (0xfa13a223) mem 0x0000000080009000 0x00000001
core   0: 0x0000000080008064 (0xff9ff06f) j       pc - 0x8
core   0: 3 0x0000000080008064 (0xff9ff06f)
core   0: 0x000000008000805c (0x00001397) auipc   t2, 0x1
core   0: 3 0x000000008000805c (0x00001397) x7  0x000000008000905c
core   0: 0x0000000080008060 (0xfa13a223) sw      ra, -92(t2)
core   0: 3 0x0000000080008060 (0xfa13a223) mem 0x0000000080009000 0x00000001
core   0: 0x0000000080008064 (0xff9ff06f) j       pc - 0x8
core   0: 3 0x0000000080008064 (0xff9ff06f)
core   0: 0x000000008000805c (0x00001397) auipc   t2, 0x1
core   0: 3 0x000000008000805c (0x00001397) x7  0x000000008000905c
core   0: 0x0000000080008060 (0xfa13a223) sw      ra, -92(t2)
core   0: 3 0x0000000080008060 (0xfa13a223) mem 0x0000000080009000 0x00000001
core   0: 0x0000000080008064 (0xff9ff06f) j       pc - 0x8
core   0: 3 0x0000000080008064 (0xff9ff06f)
core   0: 0x000000008000805c (0x00001397) auipc   t2, 0x1
core   0: 3 0x000000008000805c (0x00001397) x7  0x000000008000905c
core   0: 0x0000000080008060 (0xfa13a223) sw      ra, -92(t2)
core   0: 3 0x0000000080008060 (0xfa13a223) mem 0x0000000080009000 0x00000001
core   0: 0x0000000080008064 (0xff9ff06f) j       pc - 0x8
core   0: 3 0x0000000080008064 (0xff9ff06f)
core   0: 0x000000008000805c (0x00001397) auipc   t2, 0x1
core   0: 3 0x000000008000805c (0x00001397) x7  0x000000008000905c
core   0: 0x0000000080008060 (0xfa13a223) sw      ra, -92(t2)
core   0: 3 0x0000000080008060 (0xfa13a223) mem 0x0000000080009000 0x00000001
core   0: 0x0000000080008064 (0xff9ff06f) j       pc - 0x8
core   0: 3 0x0000000080008064 (0xff9ff06f)
core   0: 0x000000008000805c (0x00001397) auipc   t2, 0x1
core   0: 3 0x000000008000805c (0x00001397) x7  0x000000008000905c
core   0: 0x0000000080008060 (0xfa13a223) sw      ra, -92(t2)
core   0: 3 0x0000000080008060 (0xfa13a223) mem 0x0000000080009000 0x00000001
core   0: 0x0000000080008064 (0xff9ff06f) j       pc - 0x8
core   0: 3 0x0000000080008064 (0xff9ff06f)
core   0: 0x000000008000805c (0x00001397) auipc   t2, 0x1
core   0: 3 0x000000008000805c (0x00001397) x7  0x000000008000905c
core   0: 0x0000000080008060 (0xfa13a223) sw      ra, -92(t2)
core   0: 3 0x0000000080008060 (0xfa13a223) mem 0x0000000080009000 0x00000001
core   0: 0x0000000080008064 (0xff9ff06f) j       pc - 0x8
core   0: 3 0x0000000080008064 (0xff9ff06f)
core   0: 0x000000008000805c (0x00001397) auipc   t2, 0x1
core   0: 3 0x000000008000805c (0x00001397) x7  0x000000008000905c
core   0: 0x0000000080008060 (0xfa13a223) sw      ra, -92(t2)
core   0: 3 0x0000000080008060 (0xfa13a223) mem 0x0000000080009000 0x00000001
core   0: 0x0000000080008064 (0xff9ff06f) j       pc - 0x8
core   0: 3 0x0000000080008064 (0xff9ff06f)
core   0: 0x000000008000805c (0x00001397) auipc   t2, 0x1
core   0: 3 0x000000008000805c (0x00001397) x7  0x000000008000905c
core   0: 0x0000000080008060 (0xfa13a223) sw      ra, -92(t2)
core   0: 3 0x0000000080008060 (0xfa13a223) mem 0x0000000080009000 0x00000001
core   0: 0x0000000080008064 (0xff9ff06f) j       pc - 0x8
core   0: 3 0x0000000080008064 (0xff9ff06f)
core   0: 0x000000008000805c (0x00001397) auipc   t2, 0x1
core   0: 3 0x000000008000805c (0x00001397) x7  0x000000008000905c
core   0: 0x0000000080008060 (0xfa13a223) sw      ra, -92(t2)
core   0: 3 0x0000000080008060 (0xfa13a223) mem 0x0000000080009000 0x00000001
core   0: 0x0000000080008064 (0xff9ff06f) j       pc - 0x8
core   0: 3 0x0000000080008064 (0xff9ff06f)
core   0: 0x000000008000805c (0x00001397) auipc   t2, 0x1
core   0: 3 0x000000008000805c (0x00001397) x7  0x000000008000905c
core   0: 0x0000000080008060 (0xfa13a223) sw      ra, -92(t2)
core   0: 3 0x0000000080008060 (0xfa13a223) mem 0x0000000080009000 0x00000001
core   0: 0x0000000080008064 (0xff9ff06f) j       pc - 0x8
core   0: 3 0x0000000080008064 (0xff9ff06f)
core   0: 0x000000008000805c (0x00001397) auipc   t2, 0x1
core   0: 3 0x000000008000805c (0x00001397) x7  0x000000008000905c
core   0: 0x0000000080008060 (0xfa13a223) sw      ra, -92(t2)
core   0: 3 0x0000000080008060 (0xfa13a223) mem 0x0000000080009000 0x00000001
core   0: 0x0000000080008064 (0xff9ff06f) j       pc - 0x8
core   0: 3 0x0000000080008064 (0xff9ff06f)
core   0: 0x000000008000805c (0x00001397) auipc   t2, 0x1
core   0: 3 0x000000008000805c (0x00001397) x7  0x000000008000905c
core   0: 0x0000000080008060 (0xfa13a223) sw      ra, -92(t2)
core   0: 3 0x0000000080008060 (0xfa13a223) mem 0x0000000080009000 0x00000001
core   0: 0x0000000080008064 (0xff9ff06f) j       pc - 0x8
core   0: 3 0x0000000080008064 (0xff9ff06f)
core   0: 0x000000008000805c (0x00001397) auipc   t2, 0x1
core   0: 3 0x000000008000805c (0x00001397) x7  0x000000008000905c
core   0: 0x0000000080008060 (0xfa13a223) sw      ra, -92(t2)
core   0: 3 0x0000000080008060 (0xfa13a223) mem 0x0000000080009000 0x00000001
core   0: 0x0000000080008064 (0xff9ff06f) j       pc - 0x8
core   0: 3 0x0000000080008064 (0xff9ff06f)
core   0: 0x000000008000805c (0x00001397) auipc   t2, 0x1
core   0: 3 0x000000008000805c (0x00001397) x7  0x000000008000905c
core   0: 0x0000000080008060 (0xfa13a223) sw      ra, -92(t2)
core   0: 3 0x0000000080008060 (0xfa13a223) mem 0x0000000080009000 0x00000001
core   0: 0x0000000080008064 (0xff9ff06f) j       pc - 0x8
core   0: 3 0x0000000080008064 (0xff9ff06f)
core   0: 0x000000008000805c (0x00001397) auipc   t2, 0x1
core   0: 3 0x000000008000805c (0x00001397) x7  0x000000008000905c
core   0: 0x0000000080008060 (0xfa13a223) sw      ra, -92(t2)
core   0: 3 0x0000000080008060 (0xfa13a223) mem 0x0000000080009000 0x00000001
core   0: 0x0000000080008064 (0xff9ff06f) j       pc - 0x8
core   0: 3 0x0000000080008064 (0xff9ff06f)
core   0: 0x000000008000805c (0x00001397) auipc   t2, 0x1
core   0: 3 0x000000008000805c (0x00001397) x7  0x000000008000905c
core   0: 0x0000000080008060 (0xfa13a223) sw      ra, -92(t2)
core   0: 3 0x0000000080008060 (0xfa13a223) mem 0x0000000080009000 0x00000001
core   0: 0x0000000080008064 (0xff9ff06f) j       pc - 0x8
core   0: 3 0x0000000080008064 (0xff9ff06f)
core   0: 0x000000008000805c (0x00001397) auipc   t2, 0x1
core   0: 3 0x000000008000805c (0x00001397) x7  0x000000008000905c
core   0: 0x0000000080008060 (0xfa13a223) sw      ra, -92(t2)
core   0: 3 0x0000000080008060 (0xfa13a223) mem 0x0000000080009000 0x00000001
core   0: 0x0000000080008064 (0xff9ff06f) j       pc - 0x8
core   0: 3 0x0000000080008064 (0xff9ff06f)
core   0: 0x000000008000805c (0x00001397) auipc   t2, 0x1
core   0: 3 0x000000008000805c (0x00001397) x7  0x000000008000905c
core   0: 0x0000000080008060 (0xfa13a223) sw      ra, -92(t2)
core   0: 3 0x0000000080008060 (0xfa13a223) mem 0x0000000080009000 0x00000001
core   0: 0x0000000080008064 (0xff9ff06f) j       pc - 0x8
core   0: 3 0x0000000080008064 (0xff9ff06f)
core   0: 0x000000008000805c (0x00001397) auipc   t2, 0x1
core   0: 3 0x000000008000805c (0x00001397) x7  0x000000008000905c
core   0: 0x0000000080008060 (0xfa13a223) sw      ra, -92(t2)
core   0: 3 0x0000000080008060 (0xfa13a223) mem 0x0000000080009000 0x00000001
core   0: 0x0000000080008064 (0xff9ff06f) j       pc - 0x8
core   0: 3 0x0000000080008064 (0xff9ff06f)
core   0: 0x000000008000805c (0x00001397) auipc   t2, 0x1
core   0: 3 0x000000008000805c (0x00001397) x7  0x000000008000905c
core   0: 0x0000000080008060 (0xfa13a223) sw      ra, -92(t2)
core   0: 3 0x0000000080008060 (0xfa13a223) mem 0x0000000080009000 0x00000001
core   0: 0x0000000080008064 (0xff9ff06f) j       pc - 0x8
core   0: 3 0x0000000080008064 (0xff9ff06f)
core   0: 0x000000008000805c (0x00001397) auipc   t2, 0x1
core   0: 3 0x000000008000805c (0x00001397) x7  0x000000008000905c
core   0: 0x0000000080008060 (0xfa13a223) sw      ra, -92(t2)
core   0: 3 0x0000000080008060 (0xfa13a223) mem 0x0000000080009000 0x00000001
core   0: 0x0000000080008064 (0xff9ff06f) j       pc - 0x8
core   0: 3 0x0000000080008064 (0xff9ff06f)
core   0: 0x000000008000805c (0x00001397) auipc   t2, 0x1
core   0: 3 0x000000008000805c (0x00001397) x7  0x000000008000905c
core   0: 0x0000000080008060 (0xfa13a223) sw      ra, -92(t2)
core   0: 3 0x0000000080008060 (0xfa13a223) mem 0x0000000080009000 0x00000001
core   0: 0x0000000080008064 (0xff9ff06f) j       pc - 0x8
core   0: 3 0x0000000080008064 (0xff9ff06f)
core   0: 0x000000008000805c (0x00001397) auipc   t2, 0x1
core   0: 3 0x000000008000805c (0x00001397) x7  0x000000008000905c
core   0: 0x0000000080008060 (0xfa13a223) sw      ra, -92(t2)
core   0: 3 0x0000000080008060 (0xfa13a223) mem 0x0000000080009000 0x00000001
core   0: 0x0000000080008064 (0xff9ff06f) j       pc - 0x8
core   0: 3 0x0000000080008064 (0xff9ff06f)
core   0: 0x000000008000805c (0x00001397) auipc   t2, 0x1
core   0: 3 0x000000008000805c (0x00001397) x7  0x000000008000905c
core   0: 0x0000000080008060 (0xfa13a223) sw      ra, -92(t2)
core   0: 3 0x0000000080008060 (0xfa13a223) mem 0x0000000080009000 0x00000001
core   0: 0x0000000080008064 (0xff9ff06f) j       pc - 0x8
core   0: 3 0x0000000080008064 (0xff9ff06f)
core   0: 0x000000008000805c (0x00001397) auipc   t2, 0x1
core   0: 3 0x000000008000805c (0x00001397) x7  0x000000008000905c
core   0: 0x0000000080008060 (0xfa13a223) sw      ra, -92(t2)
core   0: 3 0x0000000080008060 (0xfa13a223) mem 0x0000000080009000 0x00000001
core   0: 0x0000000080008064 (0xff9ff06f) j       pc - 0x8
core   0: 3 0x0000000080008064 (0xff9ff06f)
core   0: 0x000000008000805c (0x00001397) auipc   t2, 0x1
core   0: 3 0x000000008000805c (0x00001397) x7  0x000000008000905c
core   0: 0x0000000080008060 (0xfa13a223) sw      ra, -92(t2)
core   0: 3 0x0000000080008060 (0xfa13a223) mem 0x0000000080009000 0x00000001
core   0: 0x0000000080008064 (0xff9ff06f) j       pc - 0x8
core   0: 3 0x0000000080008064 (0xff9ff06f)
core   0: 0x000000008000805c (0x00001397) auipc   t2, 0x1
core   0: 3 0x000000008000805c (0x00001397) x7  0x000000008000905c
core   0: 0x0000000080008060 (0xfa13a223) sw      ra, -92(t2)
core   0: 3 0x0000000080008060 (0xfa13a223) mem 0x0000000080009000 0x00000001
core   0: 0x0000000080008064 (0xff9ff06f) j       pc - 0x8
core   0: 3 0x0000000080008064 (0xff9ff06f)
core   0: 0x000000008000805c (0x00001397) auipc   t2, 0x1
core   0: 3 0x000000008000805c (0x00001397) x7  0x000000008000905c
core   0: 0x0000000080008060 (0xfa13a223) sw      ra, -92(t2)
core   0: 3 0x0000000080008060 (0xfa13a223) mem 0x0000000080009000 0x00000001
core   0: 0x0000000080008064 (0xff9ff06f) j       pc - 0x8
core   0: 3 0x0000000080008064 (0xff9ff06f)
core   0: 0x000000008000805c (0x00001397) auipc   t2, 0x1
core   0: 3 0x000000008000805c (0x00001397) x7  0x000000008000905c
core   0: 0x0000000080008060 (0xfa13a223) sw      ra, -92(t2)
core   0: 3 0x0000000080008060 (0xfa13a223) mem 0x0000000080009000 0x00000001
core   0: 0x0000000080008064 (0xff9ff06f) j       pc - 0x8
core   0: 3 0x0000000080008064 (0xff9ff06f)
core   0: 0x000000008000805c (0x00001397) auipc   t2, 0x1
core   0: 3 0x000000008000805c (0x00001397) x7  0x000000008000905c
core   0: 0x0000000080008060 (0xfa13a223) sw      ra, -92(t2)
core   0: 3 0x0000000080008060 (0xfa13a223) mem 0x0000000080009000 0x00000001
core   0: 0x0000000080008064 (0xff9ff06f) j       pc - 0x8
core   0: 3 0x0000000080008064 (0xff9ff06f)
core   0: 0x000000008000805c (0x00001397) auipc   t2, 0x1
core   0: 3 0x000000008000805c (0x00001397) x7  0x000000008000905c
core   0: 0x0000000080008060 (0xfa13a223) sw      ra, -92(t2)
core   0: 3 0x0000000080008060 (0xfa13a223) mem 0x0000000080009000 0x00000001
core   0: 0x0000000080008064 (0xff9ff06f) j       pc - 0x8
core   0: 3 0x0000000080008064 (0xff9ff06f)
core   0: 0x000000008000805c (0x00001397) auipc   t2, 0x1
core   0: 3 0x000000008000805c (0x00001397) x7  0x000000008000905c
core   0: 0x0000000080008060 (0xfa13a223) sw      ra, -92(t2)
core   0: 3 0x0000000080008060 (0xfa13a223) mem 0x0000000080009000 0x00000001
core   0: 0x0000000080008064 (0xff9ff06f) j       pc - 0x8
core   0: 3 0x0000000080008064 (0xff9ff06f)
core   0: 0x000000008000805c (0x00001397) auipc   t2, 0x1
core   0: 3 0x000000008000805c (0x00001397) x7  0x000000008000905c
core   0: 0x0000000080008060 (0xfa13a223) sw      ra, -92(t2)
core   0: 3 0x0000000080008060 (0xfa13a223) mem 0x0000000080009000 0x00000001
core   0: 0x0000000080008064 (0xff9ff06f) j       pc - 0x8
core   0: 3 0x0000000080008064 (0xff9ff06f)
core   0: 0x000000008000805c (0x00001397) auipc   t2, 0x1
core   0: 3 0x000000008000805c (0x00001397) x7  0x000000008000905c
core   0: 0x0000000080008060 (0xfa13a223) sw      ra, -92(t2)
core   0: 3 0x0000000080008060 (0xfa13a223) mem 0x0000000080009000 0x00000001
core   0: 0x0000000080008064 (0xff9ff06f) j       pc - 0x8
core   0: 3 0x0000000080008064 (0xff9ff06f)
core   0: 0x000000008000805c (0x00001397) auipc   t2, 0x1
core   0: 3 0x000000008000805c (0x00001397) x7  0x000000008000905c
core   0: 0x0000000080008060 (0xfa13a223) sw      ra, -92(t2)
core   0: 3 0x0000000080008060 (0xfa13a223) mem 0x0000000080009000 0x00000001
core   0: 0x0000000080008064 (0xff9ff06f) j       pc - 0x8
core   0: 3 0x0000000080008064 (0xff9ff06f)
core   0: 0x000000008000805c (0x00001397) auipc   t2, 0x1
core   0: 3 0x000000008000805c (0x00001397) x7  0x000000008000905c
core   0: 0x0000000080008060 (0xfa13a223) sw      ra, -92(t2)
core   0: 3 0x0000000080008060 (0xfa13a223) mem 0x0000000080009000 0x00000001
core   0: 0x0000000080008064 (0xff9ff06f) j       pc - 0x8
core   0: 3 0x0000000080008064 (0xff9ff06f)
core   0: 0x000000008000805c (0x00001397) auipc   t2, 0x1
core   0: 3 0x000000008000805c (0x00001397) x7  0x000000008000905c
core   0: 0x0000000080008060 (0xfa13a223) sw      ra, -92(t2)
core   0: 3 0x0000000080008060 (0xfa13a223) mem 0x0000000080009000 0x00000001
core   0: 0x0000000080008064 (0xff9ff06f) j       pc - 0x8
core   0: 3 0x0000000080008064 (0xff9ff06f)
core   0: 0x000000008000805c (0x00001397) auipc   t2, 0x1
core   0: 3 0x000000008000805c (0x00001397) x7  0x000000008000905c
core   0: 0x0000000080008060 (0xfa13a223) sw      ra, -92(t2)
core   0: 3 0x0000000080008060 (0xfa13a223) mem 0x0000000080009000 0x00000001
core   0: 0x0000000080008064 (0xff9ff06f) j       pc - 0x8
core   0: 3 0x0000000080008064 (0xff9ff06f)
core   0: 0x000000008000805c (0x00001397) auipc   t2, 0x1
core   0: 3 0x000000008000805c (0x00001397) x7  0x000000008000905c
core   0: 0x0000000080008060 (0xfa13a223) sw      ra, -92(t2)
core   0: 3 0x0000000080008060 (0xfa13a223) mem 0x0000000080009000 0x00000001
core   0: 0x0000000080008064 (0xff9ff06f) j       pc - 0x8
core   0: 3 0x0000000080008064 (0xff9ff06f)
core   0: 0x000000008000805c (0x00001397) auipc   t2, 0x1
core   0: 3 0x000000008000805c (0x00001397) x7  0x000000008000905c
core   0: 0x0000000080008060 (0xfa13a223) sw      ra, -92(t2)
core   0: 3 0x0000000080008060 (0xfa13a223) mem 0x0000000080009000 0x00000001
core   0: 0x0000000080008064 (0xff9ff06f) j       pc - 0x8
core   0: 3 0x0000000080008064 (0xff9ff06f)
core   0: 0x000000008000805c (0x00001397) auipc   t2, 0x1
core   0: 3 0x000000008000805c (0x00001397) x7  0x000000008000905c
core   0: 0x0000000080008060 (0xfa13a223) sw      ra, -92(t2)
core   0: 3 0x0000000080008060 (0xfa13a223) mem 0x0000000080009000 0x00000001
core   0: 0x0000000080008064 (0xff9ff06f) j       pc - 0x8
core   0: 3 0x0000000080008064 (0xff9ff06f)
core   0: 0x000000008000805c (0x00001397) auipc   t2, 0x1
core   0: 3 0x000000008000805c (0x00001397) x7  0x000000008000905c
core   0: 0x0000000080008060 (0xfa13a223) sw      ra, -92(t2)
core   0: 3 0x0000000080008060 (0xfa13a223) mem 0x0000000080009000 0x00000001
core   0: 0x0000000080008064 (0xff9ff06f) j       pc - 0x8
core   0: 3 0x0000000080008064 (0xff9ff06f)
core   0: 0x000000008000805c (0x00001397) auipc   t2, 0x1
core   0: 3 0x000000008000805c (0x00001397) x7  0x000000008000905c
core   0: 0x0000000080008060 (0xfa13a223) sw      ra, -92(t2)
core   0: 3 0x0000000080008060 (0xfa13a223) mem 0x0000000080009000 0x00000001
core   0: 0x0000000080008064 (0xff9ff06f) j       pc - 0x8
core   0: 3 0x0000000080008064 (0xff9ff06f)
core   0: 0x000000008000805c (0x00001397) auipc   t2, 0x1
core   0: 3 0x000000008000805c (0x00001397) x7  0x000000008000905c
core   0: 0x0000000080008060 (0xfa13a223) sw      ra, -92(t2)
core   0: 3 0x0000000080008060 (0xfa13a223) mem 0x0000000080009000 0x00000001
core   0: 0x0000000080008064 (0xff9ff06f) j       pc - 0x8
core   0: 3 0x0000000080008064 (0xff9ff06f)
core   0: 0x000000008000805c (0x00001397) auipc   t2, 0x1
core   0: 3 0x000000008000805c (0x00001397) x7  0x000000008000905c
core   0: 0x0000000080008060 (0xfa13a223) sw      ra, -92(t2)
core   0: 3 0x0000000080008060 (0xfa13a223) mem 0x0000000080009000 0x00000001
core   0: 0x0000000080008064 (0xff9ff06f) j       pc - 0x8
core   0: 3 0x0000000080008064 (0xff9ff06f)
core   0: 0x000000008000805c (0x00001397) auipc   t2, 0x1
core   0: 3 0x000000008000805c (0x00001397) x7  0x000000008000905c
core   0: 0x0000000080008060 (0xfa13a223) sw      ra, -92(t2)
core   0: 3 0x0000000080008060 (0xfa13a223) mem 0x0000000080009000 0x00000001
core   0: 0x0000000080008064 (0xff9ff06f) j       pc - 0x8
core   0: 3 0x0000000080008064 (0xff9ff06f)
core   0: 0x000000008000805c (0x00001397) auipc   t2, 0x1
core   0: 3 0x000000008000805c (0x00001397) x7  0x000000008000905c
core   0: 0x0000000080008060 (0xfa13a223) sw      ra, -92(t2)
core   0: 3 0x0000000080008060 (0xfa13a223) mem 0x0000000080009000 0x00000001
core   0: 0x0000000080008064 (0xff9ff06f) j       pc - 0x8
core   0: 3 0x0000000080008064 (0xff9ff06f)
core   0: 0x000000008000805c (0x00001397) auipc   t2, 0x1
core   0: 3 0x000000008000805c (0x00001397) x7  0x000000008000905c
core   0: 0x0000000080008060 (0xfa13a223) sw      ra, -92(t2)
core   0: 3 0x0000000080008060 (0xfa13a223) mem 0x0000000080009000 0x00000001
core   0: 0x0000000080008064 (0xff9ff06f) j       pc - 0x8
core   0: 3 0x0000000080008064 (0xff9ff06f)
core   0: 0x000000008000805c (0x00001397) auipc   t2, 0x1
core   0: 3 0x000000008000805c (0x00001397) x7  0x000000008000905c
core   0: 0x0000000080008060 (0xfa13a223) sw      ra, -92(t2)
core   0: 3 0x0000000080008060 (0xfa13a223) mem 0x0000000080009000 0x00000001
core   0: 0x0000000080008064 (0xff9ff06f) j       pc - 0x8
core   0: 3 0x0000000080008064 (0xff9ff06f)
core   0: 0x000000008000805c (0x00001397) auipc   t2, 0x1
core   0: 3 0x000000008000805c (0x00001397) x7  0x000000008000905c
core   0: 0x0000000080008060 (0xfa13a223) sw      ra, -92(t2)
core   0: 3 0x0000000080008060 (0xfa13a223) mem 0x0000000080009000 0x00000001
core   0: 0x0000000080008064 (0xff9ff06f) j       pc - 0x8
core   0: 3 0x0000000080008064 (0xff9ff06f)
core   0: 0x000000008000805c (0x00001397) auipc   t2, 0x1
core   0: 3 0x000000008000805c (0x00001397) x7  0x000000008000905c
core   0: 0x0000000080008060 (0xfa13a223) sw      ra, -92(t2)
core   0: 3 0x0000000080008060 (0xfa13a223) mem 0x0000000080009000 0x00000001
core   0: 0x0000000080008064 (0xff9ff06f) j       pc - 0x8
core   0: 3 0x0000000080008064 (0xff9ff06f)
core   0: 0x000000008000805c (0x00001397) auipc   t2, 0x1
core   0: 3 0x000000008000805c (0x00001397) x7  0x000000008000905c
core   0: 0x0000000080008060 (0xfa13a223) sw      ra, -92(t2)
core   0: 3 0x0000000080008060 (0xfa13a223) mem 0x0000000080009000 0x00000001
core   0: 0x0000000080008064 (0xff9ff06f) j       pc - 0x8
core   0: 3 0x0000000080008064 (0xff9ff06f)
core   0: 0x000000008000805c (0x00001397) auipc   t2, 0x1
core   0: 3 0x000000008000805c (0x00001397) x7  0x000000008000905c
core   0: 0x0000000080008060 (0xfa13a223) sw      ra, -92(t2)
core   0: 3 0x0000000080008060 (0xfa13a223) mem 0x0000000080009000 0x00000001
core   0: 0x0000000080008064 (0xff9ff06f) j       pc - 0x8
core   0: 3 0x0000000080008064 (0xff9ff06f)
core   0: 0x000000008000805c (0x00001397) auipc   t2, 0x1
core   0: 3 0x000000008000805c (0x00001397) x7  0x000000008000905c
core   0: 0x0000000080008060 (0xfa13a223) sw      ra, -92(t2)
core   0: 3 0x0000000080008060 (0xfa13a223) mem 0x0000000080009000 0x00000001
core   0: 0x0000000080008064 (0xff9ff06f) j       pc - 0x8
core   0: 3 0x0000000080008064 (0xff9ff06f)
core   0: 0x000000008000805c (0x00001397) auipc   t2, 0x1
core   0: 3 0x000000008000805c (0x00001397) x7  0x000000008000905c
core   0: 0x0000000080008060 (0xfa13a223) sw      ra, -92(t2)
core   0: 3 0x0000000080008060 (0xfa13a223) mem 0x0000000080009000 0x00000001
core   0: 0x0000000080008064 (0xff9ff06f) j       pc - 0x8
core   0: 3 0x0000000080008064 (0xff9ff06f)
core   0: 0x000000008000805c (0x00001397) auipc   t2, 0x1
core   0: 3 0x000000008000805c (0x00001397) x7  0x000000008000905c
core   0: 0x0000000080008060 (0xfa13a223) sw      ra, -92(t2)
core   0: 3 0x0000000080008060 (0xfa13a223) mem 0x0000000080009000 0x00000001
core   0: 0x0000000080008064 (0xff9ff06f) j       pc - 0x8
core   0: 3 0x0000000080008064 (0xff9ff06f)
core   0: 0x000000008000805c (0x00001397) auipc   t2, 0x1
core   0: 3 0x000000008000805c (0x00001397) x7  0x000000008000905c
core   0: 0x0000000080008060 (0xfa13a223) sw      ra, -92(t2)
core   0: 3 0x0000000080008060 (0xfa13a223) mem 0x0000000080009000 0x00000001
core   0: 0x0000000080008064 (0xff9ff06f) j       pc - 0x8
core   0: 3 0x0000000080008064 (0xff9ff06f)
core   0: 0x000000008000805c (0x00001397) auipc   t2, 0x1
core   0: 3 0x000000008000805c (0x00001397) x7  0x000000008000905c
core   0: 0x0000000080008060 (0xfa13a223) sw      ra, -92(t2)
core   0: 3 0x0000000080008060 (0xfa13a223) mem 0x0000000080009000 0x00000001
core   0: 0x0000000080008064 (0xff9ff06f) j       pc - 0x8
core   0: 3 0x0000000080008064 (0xff9ff06f)
core   0: 0x000000008000805c (0x00001397) auipc   t2, 0x1
core   0: 3 0x000000008000805c (0x00001397) x7  0x000000008000905c
core   0: 0x0000000080008060 (0xfa13a223) sw      ra, -92(t2)
core   0: 3 0x0000000080008060 (0xfa13a223) mem 0x0000000080009000 0x00000001
core   0: 0x0000000080008064 (0xff9ff06f) j       pc - 0x8
core   0: 3 0x0000000080008064 (0xff9ff06f)
core   0: 0x000000008000805c (0x00001397) auipc   t2, 0x1
core   0: 3 0x000000008000805c (0x00001397) x7  0x000000008000905c
core   0: 0x0000000080008060 (0xfa13a223) sw      ra, -92(t2)
core   0: 3 0x0000000080008060 (0xfa13a223) mem 0x0000000080009000 0x00000001
core   0: 0x0000000080008064 (0xff9ff06f) j       pc - 0x8
core   0: 3 0x0000000080008064 (0xff9ff06f)
core   0: 0x000000008000805c (0x00001397) auipc   t2, 0x1
core   0: 3 0x000000008000805c (0x00001397) x7  0x000000008000905c
core   0: 0x0000000080008060 (0xfa13a223) sw      ra, -92(t2)
core   0: 3 0x0000000080008060 (0xfa13a223) mem 0x0000000080009000 0x00000001
core   0: 0x0000000080008064 (0xff9ff06f) j       pc - 0x8
core   0: 3 0x0000000080008064 (0xff9ff06f)
core   0: 0x000000008000805c (0x00001397) auipc   t2, 0x1
core   0: 3 0x000000008000805c (0x00001397) x7  0x000000008000905c
core   0: 0x0000000080008060 (0xfa13a223) sw      ra, -92(t2)
core   0: 3 0x0000000080008060 (0xfa13a223) mem 0x0000000080009000 0x00000001
core   0: 0x0000000080008064 (0xff9ff06f) j       pc - 0x8
core   0: 3 0x0000000080008064 (0xff9ff06f)
core   0: 0x000000008000805c (0x00001397) auipc   t2, 0x1
core   0: 3 0x000000008000805c (0x00001397) x7  0x000000008000905c
core   0: 0x0000000080008060 (0xfa13a223) sw      ra, -92(t2)
core   0: 3 0x0000000080008060 (0xfa13a223) mem 0x0000000080009000 0x00000001
core   0: 0x0000000080008064 (0xff9ff06f) j       pc - 0x8
core   0: 3 0x0000000080008064 (0xff9ff06f)
core   0: 0x000000008000805c (0x00001397) auipc   t2, 0x1
core   0: 3 0x000000008000805c (0x00001397) x7  0x000000008000905c
core   0: 0x0000000080008060 (0xfa13a223) sw      ra, -92(t2)
core   0: 3 0x0000000080008060 (0xfa13a223) mem 0x0000000080009000 0x00000001
core   0: 0x0000000080008064 (0xff9ff06f) j       pc - 0x8
core   0: 3 0x0000000080008064 (0xff9ff06f)
core   0: 0x000000008000805c (0x00001397) auipc   t2, 0x1
core   0: 3 0x000000008000805c (0x00001397) x7  0x000000008000905c
core   0: 0x0000000080008060 (0xfa13a223) sw      ra, -92(t2)
core   0: 3 0x0000000080008060 (0xfa13a223) mem 0x0000000080009000 0x00000001
core   0: 0x0000000080008064 (0xff9ff06f) j       pc - 0x8
core   0: 3 0x0000000080008064 (0xff9ff06f)
core   0: 0x000000008000805c (0x00001397) auipc   t2, 0x1
core   0: 3 0x000000008000805c (0x00001397) x7  0x000000008000905c
core   0: 0x0000000080008060 (0xfa13a223) sw      ra, -92(t2)
core   0: 3 0x0000000080008060 (0xfa13a223) mem 0x0000000080009000 0x00000001
core   0: 0x0000000080008064 (0xff9ff06f) j       pc - 0x8
core   0: 3 0x0000000080008064 (0xff9ff06f)
core   0: 0x000000008000805c (0x00001397) auipc   t2, 0x1
core   0: 3 0x000000008000805c (0x00001397) x7  0x000000008000905c
core   0: 0x0000000080008060 (0xfa13a223) sw      ra, -92(t2)
core   0: 3 0x0000000080008060 (0xfa13a223) mem 0x0000000080009000 0x00000001
core   0: 0x0000000080008064 (0xff9ff06f) j       pc - 0x8
core   0: 3 0x0000000080008064 (0xff9ff06f)
core   0: 0x000000008000805c (0x00001397) auipc   t2, 0x1
core   0: 3 0x000000008000805c (0x00001397) x7  0x000000008000905c
core   0: 0x0000000080008060 (0xfa13a223) sw      ra, -92(t2)
core   0: 3 0x0000000080008060 (0xfa13a223) mem 0x0000000080009000 0x00000001
core   0: 0x0000000080008064 (0xff9ff06f) j       pc - 0x8
core   0: 3 0x0000000080008064 (0xff9ff06f)
core   0: 0x000000008000805c (0x00001397) auipc   t2, 0x1
core   0: 3 0x000000008000805c (0x00001397) x7  0x000000008000905c
core   0: 0x0000000080008060 (0xfa13a223) sw      ra, -92(t2)
core   0: 3 0x0000000080008060 (0xfa13a223) mem 0x0000000080009000 0x00000001
core   0: 0x0000000080008064 (0xff9ff06f) j       pc - 0x8
core   0: 3 0x0000000080008064 (0xff9ff06f)
core   0: 0x000000008000805c (0x00001397) auipc   t2, 0x1
core   0: 3 0x000000008000805c (0x00001397) x7  0x000000008000905c
core   0: 0x0000000080008060 (0xfa13a223) sw      ra, -92(t2)
core   0: 3 0x0000000080008060 (0xfa13a223) mem 0x0000000080009000 0x00000001
core   0: 0x0000000080008064 (0xff9ff06f) j       pc - 0x8
core   0: 3 0x0000000080008064 (0xff9ff06f)
core   0: 0x000000008000805c (0x00001397) auipc   t2, 0x1
core   0: 3 0x000000008000805c (0x00001397) x7  0x000000008000905c
core   0: 0x0000000080008060 (0xfa13a223) sw      ra, -92(t2)
core   0: 3 0x0000000080008060 (0xfa13a223) mem 0x0000000080009000 0x00000001
core   0: 0x0000000080008064 (0xff9ff06f) j       pc - 0x8
core   0: 3 0x0000000080008064 (0xff9ff06f)
core   0: 0x000000008000805c (0x00001397) auipc   t2, 0x1
core   0: 3 0x000000008000805c (0x00001397) x7  0x000000008000905c
core   0: 0x0000000080008060 (0xfa13a223) sw      ra, -92(t2)
core   0: 3 0x0000000080008060 (0xfa13a223) mem 0x0000000080009000 0x00000001
core   0: 0x0000000080008064 (0xff9ff06f) j       pc - 0x8
core   0: 3 0x0000000080008064 (0xff9ff06f)
core   0: 0x000000008000805c (0x00001397) auipc   t2, 0x1
core   0: 3 0x000000008000805c (0x00001397) x7  0x000000008000905c
core   0: 0x0000000080008060 (0xfa13a223) sw      ra, -92(t2)
core   0: 3 0x0000000080008060 (0xfa13a223) mem 0x0000000080009000 0x00000001
core   0: 0x0000000080008064 (0xff9ff06f) j       pc - 0x8
core   0: 3 0x0000000080008064 (0xff9ff06f)
core   0: 0x000000008000805c (0x00001397) auipc   t2, 0x1
core   0: 3 0x000000008000805c (0x00001397) x7  0x000000008000905c
core   0: 0x0000000080008060 (0xfa13a223) sw      ra, -92(t2)
core   0: 3 0x0000000080008060 (0xfa13a223) mem 0x0000000080009000 0x00000001
core   0: 0x0000000080008064 (0xff9ff06f) j       pc - 0x8
core   0: 3 0x0000000080008064 (0xff9ff06f)
core   0: 0x000000008000805c (0x00001397) auipc   t2, 0x1
core   0: 3 0x000000008000805c (0x00001397) x7  0x000000008000905c
core   0: 0x0000000080008060 (0xfa13a223) sw      ra, -92(t2)
core   0: 3 0x0000000080008060 (0xfa13a223) mem 0x0000000080009000 0x00000001
core   0: 0x0000000080008064 (0xff9ff06f) j       pc - 0x8
core   0: 3 0x0000000080008064 (0xff9ff06f)
core   0: 0x000000008000805c (0x00001397) auipc   t2, 0x1
core   0: 3 0x000000008000805c (0x00001397) x7  0x000000008000905c
core   0: 0x0000000080008060 (0xfa13a223) sw      ra, -92(t2)
core   0: 3 0x0000000080008060 (0xfa13a223) mem 0x0000000080009000 0x00000001
core   0: 0x0000000080008064 (0xff9ff06f) j       pc - 0x8
core   0: 3 0x0000000080008064 (0xff9ff06f)
core   0: 0x000000008000805c (0x00001397) auipc   t2, 0x1
core   0: 3 0x000000008000805c (0x00001397) x7  0x000000008000905c
core   0: 0x0000000080008060 (0xfa13a223) sw      ra, -92(t2)
core   0: 3 0x0000000080008060 (0xfa13a223) mem 0x0000000080009000 0x00000001
core   0: 0x0000000080008064 (0xff9ff06f) j       pc - 0x8
core   0: 3 0x0000000080008064 (0xff9ff06f)
core   0: 0x000000008000805c (0x00001397) auipc   t2, 0x1
core   0: 3 0x000000008000805c (0x00001397) x7  0x000000008000905c
core   0: 0x0000000080008060 (0xfa13a223) sw      ra, -92(t2)
core   0: 3 0x0000000080008060 (0xfa13a223) mem 0x0000000080009000 0x00000001
core   0: 0x0000000080008064 (0xff9ff06f) j       pc - 0x8
core   0: 3 0x0000000080008064 (0xff9ff06f)
core   0: 0x000000008000805c (0x00001397) auipc   t2, 0x1
core   0: 3 0x000000008000805c (0x00001397) x7  0x000000008000905c
core   0: 0x0000000080008060 (0xfa13a223) sw      ra, -92(t2)
core   0: 3 0x0000000080008060 (0xfa13a223) mem 0x0000000080009000 0x00000001
core   0: 0x0000000080008064 (0xff9ff06f) j       pc - 0x8
core   0: 3 0x0000000080008064 (0xff9ff06f)
core   0: 0x000000008000805c (0x00001397) auipc   t2, 0x1
core   0: 3 0x000000008000805c (0x00001397) x7  0x000000008000905c
core   0: 0x0000000080008060 (0xfa13a223) sw      ra, -92(t2)
core   0: 3 0x0000000080008060 (0xfa13a223) mem 0x0000000080009000 0x00000001
core   0: 0x0000000080008064 (0xff9ff06f) j       pc - 0x8
core   0: 3 0x0000000080008064 (0xff9ff06f)
core   0: 0x000000008000805c (0x00001397) auipc   t2, 0x1
core   0: 3 0x000000008000805c (0x00001397) x7  0x000000008000905c
core   0: 0x0000000080008060 (0xfa13a223) sw      ra, -92(t2)
core   0: 3 0x0000000080008060 (0xfa13a223) mem 0x0000000080009000 0x00000001
core   0: 0x0000000080008064 (0xff9ff06f) j       pc - 0x8
core   0: 3 0x0000000080008064 (0xff9ff06f)
core   0: 0x000000008000805c (0x00001397) auipc   t2, 0x1
core   0: 3 0x000000008000805c (0x00001397) x7  0x000000008000905c
core   0: 0x0000000080008060 (0xfa13a223) sw      ra, -92(t2)
core   0: 3 0x0000000080008060 (0xfa13a223) mem 0x0000000080009000 0x00000001
core   0: 0x0000000080008064 (0xff9ff06f) j       pc - 0x8
core   0: 3 0x0000000080008064 (0xff9ff06f)
core   0: 0x000000008000805c (0x00001397) auipc   t2, 0x1
core   0: 3 0x000000008000805c (0x00001397) x7  0x000000008000905c
core   0: 0x0000000080008060 (0xfa13a223) sw      ra, -92(t2)
core   0: 3 0x0000000080008060 (0xfa13a223) mem 0x0000000080009000 0x00000001
core   0: 0x0000000080008064 (0xff9ff06f) j       pc - 0x8
core   0: 3 0x0000000080008064 (0xff9ff06f)
core   0: 0x000000008000805c (0x00001397) auipc   t2, 0x1
core   0: 3 0x000000008000805c (0x00001397) x7  0x000000008000905c
core   0: 0x0000000080008060 (0xfa13a223) sw      ra, -92(t2)
core   0: 3 0x0000000080008060 (0xfa13a223) mem 0x0000000080009000 0x00000001
core   0: 0x0000000080008064 (0xff9ff06f) j       pc - 0x8
core   0: 3 0x0000000080008064 (0xff9ff06f)
core   0: 0x000000008000805c (0x00001397) auipc   t2, 0x1
core   0: 3 0x000000008000805c (0x00001397) x7  0x000000008000905c
core   0: 0x0000000080008060 (0xfa13a223) sw      ra, -92(t2)
core   0: 3 0x0000000080008060 (0xfa13a223) mem 0x0000000080009000 0x00000001
core   0: 0x0000000080008064 (0xff9ff06f) j       pc - 0x8
core   0: 3 0x0000000080008064 (0xff9ff06f)
core   0: 0x000000008000805c (0x00001397) auipc   t2, 0x1
core   0: 3 0x000000008000805c (0x00001397) x7  0x000000008000905c
core   0: 0x0000000080008060 (0xfa13a223) sw      ra, -92(t2)
core   0: 3 0x0000000080008060 (0xfa13a223) mem 0x0000000080009000 0x00000001
core   0: 0x0000000080008064 (0xff9ff06f) j       pc - 0x8
core   0: 3 0x0000000080008064 (0xff9ff06f)
core   0: 0x000000008000805c (0x00001397) auipc   t2, 0x1
core   0: 3 0x000000008000805c (0x00001397) x7  0x000000008000905c
core   0: 0x0000000080008060 (0xfa13a223) sw      ra, -92(t2)
core   0: 3 0x0000000080008060 (0xfa13a223) mem 0x0000000080009000 0x00000001
core   0: 0x0000000080008064 (0xff9ff06f) j       pc - 0x8
core   0: 3 0x0000000080008064 (0xff9ff06f)
core   0: 0x000000008000805c (0x00001397) auipc   t2, 0x1
core   0: 3 0x000000008000805c (0x00001397) x7  0x000000008000905c
core   0: 0x0000000080008060 (0xfa13a223) sw      ra, -92(t2)
core   0: 3 0x0000000080008060 (0xfa13a223) mem 0x0000000080009000 0x00000001
core   0: 0x0000000080008064 (0xff9ff06f) j       pc - 0x8
core   0: 3 0x0000000080008064 (0xff9ff06f)
core   0: 0x000000008000805c (0x00001397) auipc   t2, 0x1
core   0: 3 0x000000008000805c (0x00001397) x7  0x000000008000905c
core   0: 0x0000000080008060 (0xfa13a223) sw      ra, -92(t2)
core   0: 3 0x0000000080008060 (0xfa13a223) mem 0x0000000080009000 0x00000001
core   0: 0x0000000080008064 (0xff9ff06f) j       pc - 0x8
core   0: 3 0x0000000080008064 (0xff9ff06f)
core   0: 0x000000008000805c (0x00001397) auipc   t2, 0x1
core   0: 3 0x000000008000805c (0x00001397) x7  0x000000008000905c
core   0: 0x0000000080008060 (0xfa13a223) sw      ra, -92(t2)
core   0: 3 0x0000000080008060 (0xfa13a223) mem 0x0000000080009000 0x00000001
core   0: 0x0000000080008064 (0xff9ff06f) j       pc - 0x8
core   0: 3 0x0000000080008064 (0xff9ff06f)
core   0: 0x000000008000805c (0x00001397) auipc   t2, 0x1
core   0: 3 0x000000008000805c (0x00001397) x7  0x000000008000905c
core   0: 0x0000000080008060 (0xfa13a223) sw      ra, -92(t2)
core   0: 3 0x0000000080008060 (0xfa13a223) mem 0x0000000080009000 0x00000001
core   0: 0x0000000080008064 (0xff9ff06f) j       pc - 0x8
core   0: 3 0x0000000080008064 (0xff9ff06f)
core   0: 0x000000008000805c (0x00001397) auipc   t2, 0x1
core   0: 3 0x000000008000805c (0x00001397) x7  0x000000008000905c
core   0: 0x0000000080008060 (0xfa13a223) sw      ra, -92(t2)
core   0: 3 0x0000000080008060 (0xfa13a223) mem 0x0000000080009000 0x00000001
core   0: 0x0000000080008064 (0xff9ff06f) j       pc - 0x8
core   0: 3 0x0000000080008064 (0xff9ff06f)
core   0: 0x000000008000805c (0x00001397) auipc   t2, 0x1
core   0: 3 0x000000008000805c (0x00001397) x7  0x000000008000905c
core   0: 0x0000000080008060 (0xfa13a223) sw      ra, -92(t2)
core   0: 3 0x0000000080008060 (0xfa13a223) mem 0x0000000080009000 0x00000001
core   0: 0x0000000080008064 (0xff9ff06f) j       pc - 0x8
core   0: 3 0x0000000080008064 (0xff9ff06f)
core   0: 0x000000008000805c (0x00001397) auipc   t2, 0x1
core   0: 3 0x000000008000805c (0x00001397) x7  0x000000008000905c
core   0: 0x0000000080008060 (0xfa13a223) sw      ra, -92(t2)
core   0: 3 0x0000000080008060 (0xfa13a223) mem 0x0000000080009000 0x00000001
core   0: 0x0000000080008064 (0xff9ff06f) j       pc - 0x8
core   0: 3 0x0000000080008064 (0xff9ff06f)
core   0: 0x000000008000805c (0x00001397) auipc   t2, 0x1
core   0: 3 0x000000008000805c (0x00001397) x7  0x000000008000905c
core   0: 0x0000000080008060 (0xfa13a223) sw      ra, -92(t2)
core   0: 3 0x0000000080008060 (0xfa13a223) mem 0x0000000080009000 0x00000001
core   0: 0x0000000080008064 (0xff9ff06f) j       pc - 0x8
core   0: 3 0x0000000080008064 (0xff9ff06f)
core   0: 0x000000008000805c (0x00001397) auipc   t2, 0x1
core   0: 3 0x000000008000805c (0x00001397) x7  0x000000008000905c
core   0: 0x0000000080008060 (0xfa13a223) sw      ra, -92(t2)
core   0: 3 0x0000000080008060 (0xfa13a223) mem 0x0000000080009000 0x00000001
core   0: 0x0000000080008064 (0xff9ff06f) j       pc - 0x8
core   0: 3 0x0000000080008064 (0xff9ff06f)
core   0: 0x000000008000805c (0x00001397) auipc   t2, 0x1
core   0: 3 0x000000008000805c (0x00001397) x7  0x000000008000905c
core   0: 0x0000000080008060 (0xfa13a223) sw      ra, -92(t2)
core   0: 3 0x0000000080008060 (0xfa13a223) mem 0x0000000080009000 0x00000001
core   0: 0x0000000080008064 (0xff9ff06f) j       pc - 0x8
core   0: 3 0x0000000080008064 (0xff9ff06f)
core   0: 0x000000008000805c (0x00001397) auipc   t2, 0x1
core   0: 3 0x000000008000805c (0x00001397) x7  0x000000008000905c
core   0: 0x0000000080008060 (0xfa13a223) sw      ra, -92(t2)
core   0: 3 0x0000000080008060 (0xfa13a223) mem 0x0000000080009000 0x00000001
core   0: 0x0000000080008064 (0xff9ff06f) j       pc - 0x8
core   0: 3 0x0000000080008064 (0xff9ff06f)
core   0: 0x000000008000805c (0x00001397) auipc   t2, 0x1
core   0: 3 0x000000008000805c (0x00001397) x7  0x000000008000905c
core   0: 0x0000000080008060 (0xfa13a223) sw      ra, -92(t2)
core   0: 3 0x0000000080008060 (0xfa13a223) mem 0x0000000080009000 0x00000001
core   0: 0x0000000080008064 (0xff9ff06f) j       pc - 0x8
core   0: 3 0x0000000080008064 (0xff9ff06f)
core   0: 0x000000008000805c (0x00001397) auipc   t2, 0x1
core   0: 3 0x000000008000805c (0x00001397) x7  0x000000008000905c
core   0: 0x0000000080008060 (0xfa13a223) sw      ra, -92(t2)
core   0: 3 0x0000000080008060 (0xfa13a223) mem 0x0000000080009000 0x00000001
core   0: 0x0000000080008064 (0xff9ff06f) j       pc - 0x8
core   0: 3 0x0000000080008064 (0xff9ff06f)
core   0: 0x000000008000805c (0x00001397) auipc   t2, 0x1
core   0: 3 0x000000008000805c (0x00001397) x7  0x000000008000905c
core   0: 0x0000000080008060 (0xfa13a223) sw      ra, -92(t2)
core   0: 3 0x0000000080008060 (0xfa13a223) mem 0x0000000080009000 0x00000001
core   0: 0x0000000080008064 (0xff9ff06f) j       pc - 0x8
core   0: 3 0x0000000080008064 (0xff9ff06f)
core   0: 0x000000008000805c (0x00001397) auipc   t2, 0x1
core   0: 3 0x000000008000805c (0x00001397) x7  0x000000008000905c
core   0: 0x0000000080008060 (0xfa13a223) sw      ra, -92(t2)
core   0: 3 0x0000000080008060 (0xfa13a223) mem 0x0000000080009000 0x00000001
core   0: 0x0000000080008064 (0xff9ff06f) j       pc - 0x8
core   0: 3 0x0000000080008064 (0xff9ff06f)
core   0: 0x000000008000805c (0x00001397) auipc   t2, 0x1
core   0: 3 0x000000008000805c (0x00001397) x7  0x000000008000905c
core   0: 0x0000000080008060 (0xfa13a223) sw      ra, -92(t2)
core   0: 3 0x0000000080008060 (0xfa13a223) mem 0x0000000080009000 0x00000001
core   0: 0x0000000080008064 (0xff9ff06f) j       pc - 0x8
core   0: 3 0x0000000080008064 (0xff9ff06f)
core   0: 0x000000008000805c (0x00001397) auipc   t2, 0x1
core   0: 3 0x000000008000805c (0x00001397) x7  0x000000008000905c
core   0: 0x0000000080008060 (0xfa13a223) sw      ra, -92(t2)
core   0: 3 0x0000000080008060 (0xfa13a223) mem 0x0000000080009000 0x00000001
core   0: 0x0000000080008064 (0xff9ff06f) j       pc - 0x8
core   0: 3 0x0000000080008064 (0xff9ff06f)
core   0: 0x000000008000805c (0x00001397) auipc   t2, 0x1
core   0: 3 0x000000008000805c (0x00001397) x7  0x000000008000905c
core   0: 0x0000000080008060 (0xfa13a223) sw      ra, -92(t2)
core   0: 3 0x0000000080008060 (0xfa13a223) mem 0x0000000080009000 0x00000001
core   0: 0x0000000080008064 (0xff9ff06f) j       pc - 0x8
core   0: 3 0x0000000080008064 (0xff9ff06f)
core   0: 0x000000008000805c (0x00001397) auipc   t2, 0x1
core   0: 3 0x000000008000805c (0x00001397) x7  0x000000008000905c
core   0: 0x0000000080008060 (0xfa13a223) sw      ra, -92(t2)
core   0: 3 0x0000000080008060 (0xfa13a223) mem 0x0000000080009000 0x00000001
core   0: 0x0000000080008064 (0xff9ff06f) j       pc - 0x8
core   0: 3 0x0000000080008064 (0xff9ff06f)
core   0: 0x000000008000805c (0x00001397) auipc   t2, 0x1
core   0: 3 0x000000008000805c (0x00001397) x7  0x000000008000905c
core   0: 0x0000000080008060 (0xfa13a223) sw      ra, -92(t2)
core   0: 3 0x0000000080008060 (0xfa13a223) mem 0x0000000080009000 0x00000001
core   0: 0x0000000080008064 (0xff9ff06f) j       pc - 0x8
core   0: 3 0x0000000080008064 (0xff9ff06f)
core   0: 0x000000008000805c (0x00001397) auipc   t2, 0x1
core   0: 3 0x000000008000805c (0x00001397) x7  0x000000008000905c
core   0: 0x0000000080008060 (0xfa13a223) sw      ra, -92(t2)
core   0: 3 0x0000000080008060 (0xfa13a223) mem 0x0000000080009000 0x00000001
core   0: 0x0000000080008064 (0xff9ff06f) j       pc - 0x8
core   0: 3 0x0000000080008064 (0xff9ff06f)
core   0: 0x000000008000805c (0x00001397) auipc   t2, 0x1
core   0: 3 0x000000008000805c (0x00001397) x7  0x000000008000905c
core   0: 0x0000000080008060 (0xfa13a223) sw      ra, -92(t2)
core   0: 3 0x0000000080008060 (0xfa13a223) mem 0x0000000080009000 0x00000001
core   0: 0x0000000080008064 (0xff9ff06f) j       pc - 0x8
core   0: 3 0x0000000080008064 (0xff9ff06f)
core   0: 0x000000008000805c (0x00001397) auipc   t2, 0x1
core   0: 3 0x000000008000805c (0x00001397) x7  0x000000008000905c
core   0: 0x0000000080008060 (0xfa13a223) sw      ra, -92(t2)
core   0: 3 0x0000000080008060 (0xfa13a223) mem 0x0000000080009000 0x00000001
core   0: 0x0000000080008064 (0xff9ff06f) j       pc - 0x8
core   0: 3 0x0000000080008064 (0xff9ff06f)
core   0: 0x000000008000805c (0x00001397) auipc   t2, 0x1
core   0: 3 0x000000008000805c (0x00001397) x7  0x000000008000905c
core   0: 0x0000000080008060 (0xfa13a223) sw      ra, -92(t2)
core   0: 3 0x0000000080008060 (0xfa13a223) mem 0x0000000080009000 0x00000001
core   0: 0x0000000080008064 (0xff9ff06f) j       pc - 0x8
core   0: 3 0x0000000080008064 (0xff9ff06f)
core   0: 0x000000008000805c (0x00001397) auipc   t2, 0x1
core   0: 3 0x000000008000805c (0x00001397) x7  0x000000008000905c
core   0: 0x0000000080008060 (0xfa13a223) sw      ra, -92(t2)
core   0: 3 0x0000000080008060 (0xfa13a223) mem 0x0000000080009000 0x00000001
core   0: 0x0000000080008064 (0xff9ff06f) j       pc - 0x8
core   0: 3 0x0000000080008064 (0xff9ff06f)
core   0: 0x000000008000805c (0x00001397) auipc   t2, 0x1
core   0: 3 0x000000008000805c (0x00001397) x7  0x000000008000905c
core   0: 0x0000000080008060 (0xfa13a223) sw      ra, -92(t2)
core   0: 3 0x0000000080008060 (0xfa13a223) mem 0x0000000080009000 0x00000001
core   0: 0x0000000080008064 (0xff9ff06f) j       pc - 0x8
core   0: 3 0x0000000080008064 (0xff9ff06f)
core   0: 0x000000008000805c (0x00001397) auipc   t2, 0x1
core   0: 3 0x000000008000805c (0x00001397) x7  0x000000008000905c
core   0: 0x0000000080008060 (0xfa13a223) sw      ra, -92(t2)
core   0: 3 0x0000000080008060 (0xfa13a223) mem 0x0000000080009000 0x00000001
core   0: 0x0000000080008064 (0xff9ff06f) j       pc - 0x8
core   0: 3 0x0000000080008064 (0xff9ff06f)
core   0: 0x000000008000805c (0x00001397) auipc   t2, 0x1
core   0: 3 0x000000008000805c (0x00001397) x7  0x000000008000905c
core   0: 0x0000000080008060 (0xfa13a223) sw      ra, -92(t2)
core   0: 3 0x0000000080008060 (0xfa13a223) mem 0x0000000080009000 0x00000001
core   0: 0x0000000080008064 (0xff9ff06f) j       pc - 0x8
core   0: 3 0x0000000080008064 (0xff9ff06f)
core   0: 0x000000008000805c (0x00001397) auipc   t2, 0x1
core   0: 3 0x000000008000805c (0x00001397) x7  0x000000008000905c
core   0: 0x0000000080008060 (0xfa13a223) sw      ra, -92(t2)
core   0: 3 0x0000000080008060 (0xfa13a223) mem 0x0000000080009000 0x00000001
core   0: 0x0000000080008064 (0xff9ff06f) j       pc - 0x8
core   0: 3 0x0000000080008064 (0xff9ff06f)
core   0: 0x000000008000805c (0x00001397) auipc   t2, 0x1
core   0: 3 0x000000008000805c (0x00001397) x7  0x000000008000905c
core   0: 0x0000000080008060 (0xfa13a223) sw      ra, -92(t2)
core   0: 3 0x0000000080008060 (0xfa13a223) mem 0x0000000080009000 0x00000001
core   0: 0x0000000080008064 (0xff9ff06f) j       pc - 0x8
core   0: 3 0x0000000080008064 (0xff9ff06f)
core   0: 0x000000008000805c (0x00001397) auipc   t2, 0x1
core   0: 3 0x000000008000805c (0x00001397) x7  0x000000008000905c
core   0: 0x0000000080008060 (0xfa13a223) sw      ra, -92(t2)
core   0: 3 0x0000000080008060 (0xfa13a223) mem 0x0000000080009000 0x00000001
core   0: 0x0000000080008064 (0xff9ff06f) j       pc - 0x8
core   0: 3 0x0000000080008064 (0xff9ff06f)
core   0: 0x000000008000805c (0x00001397) auipc   t2, 0x1
core   0: 3 0x000000008000805c (0x00001397) x7  0x000000008000905c
core   0: 0x0000000080008060 (0xfa13a223) sw      ra, -92(t2)
core   0: 3 0x0000000080008060 (0xfa13a223) mem 0x0000000080009000 0x00000001
core   0: 0x0000000080008064 (0xff9ff06f) j       pc - 0x8
core   0: 3 0x0000000080008064 (0xff9ff06f)
core   0: 0x000000008000805c (0x00001397) auipc   t2, 0x1
core   0: 3 0x000000008000805c (0x00001397) x7  0x000000008000905c
core   0: 0x0000000080008060 (0xfa13a223) sw      ra, -92(t2)
core   0: 3 0x0000000080008060 (0xfa13a223) mem 0x0000000080009000 0x00000001
core   0: 0x0000000080008064 (0xff9ff06f) j       pc - 0x8
core   0: 3 0x0000000080008064 (0xff9ff06f)
core   0: 0x000000008000805c (0x00001397) auipc   t2, 0x1
core   0: 3 0x000000008000805c (0x00001397) x7  0x000000008000905c
core   0: 0x0000000080008060 (0xfa13a223) sw      ra, -92(t2)
core   0: 3 0x0000000080008060 (0xfa13a223) mem 0x0000000080009000 0x00000001
core   0: 0x0000000080008064 (0xff9ff06f) j       pc - 0x8
core   0: 3 0x0000000080008064 (0xff9ff06f)
core   0: 0x000000008000805c (0x00001397) auipc   t2, 0x1
core   0: 3 0x000000008000805c (0x00001397) x7  0x000000008000905c
core   0: 0x0000000080008060 (0xfa13a223) sw      ra, -92(t2)
core   0: 3 0x0000000080008060 (0xfa13a223) mem 0x0000000080009000 0x00000001
core   0: 0x0000000080008064 (0xff9ff06f) j       pc - 0x8
core   0: 3 0x0000000080008064 (0xff9ff06f)
core   0: 0x000000008000805c (0x00001397) auipc   t2, 0x1
core   0: 3 0x000000008000805c (0x00001397) x7  0x000000008000905c
core   0: 0x0000000080008060 (0xfa13a223) sw      ra, -92(t2)
core   0: 3 0x0000000080008060 (0xfa13a223) mem 0x0000000080009000 0x00000001
core   0: 0x0000000080008064 (0xff9ff06f) j       pc - 0x8
core   0: 3 0x0000000080008064 (0xff9ff06f)
core   0: 0x000000008000805c (0x00001397) auipc   t2, 0x1
core   0: 3 0x000000008000805c (0x00001397) x7  0x000000008000905c
core   0: 0x0000000080008060 (0xfa13a223) sw      ra, -92(t2)
core   0: 3 0x0000000080008060 (0xfa13a223) mem 0x0000000080009000 0x00000001
core   0: 0x0000000080008064 (0xff9ff06f) j       pc - 0x8
core   0: 3 0x0000000080008064 (0xff9ff06f)
core   0: 0x000000008000805c (0x00001397) auipc   t2, 0x1
core   0: 3 0x000000008000805c (0x00001397) x7  0x000000008000905c
core   0: 0x0000000080008060 (0xfa13a223) sw      ra, -92(t2)
core   0: 3 0x0000000080008060 (0xfa13a223) mem 0x0000000080009000 0x00000001
core   0: 0x0000000080008064 (0xff9ff06f) j       pc - 0x8
core   0: 3 0x0000000080008064 (0xff9ff06f)
core   0: 0x000000008000805c (0x00001397) auipc   t2, 0x1
core   0: 3 0x000000008000805c (0x00001397) x7  0x000000008000905c
core   0: 0x0000000080008060 (0xfa13a223) sw      ra, -92(t2)
core   0: 3 0x0000000080008060 (0xfa13a223) mem 0x0000000080009000 0x00000001
core   0: 0x0000000080008064 (0xff9ff06f) j       pc - 0x8
core   0: 3 0x0000000080008064 (0xff9ff06f)
core   0: 0x000000008000805c (0x00001397) auipc   t2, 0x1
core   0: 3 0x000000008000805c (0x00001397) x7  0x000000008000905c
core   0: 0x0000000080008060 (0xfa13a223) sw      ra, -92(t2)
core   0: 3 0x0000000080008060 (0xfa13a223) mem 0x0000000080009000 0x00000001
core   0: 0x0000000080008064 (0xff9ff06f) j       pc - 0x8
core   0: 3 0x0000000080008064 (0xff9ff06f)
core   0: 0x000000008000805c (0x00001397) auipc   t2, 0x1
core   0: 3 0x000000008000805c (0x00001397) x7  0x000000008000905c
core   0: 0x0000000080008060 (0xfa13a223) sw      ra, -92(t2)
core   0: 3 0x0000000080008060 (0xfa13a223) mem 0x0000000080009000 0x00000001
core   0: 0x0000000080008064 (0xff9ff06f) j       pc - 0x8
core   0: 3 0x0000000080008064 (0xff9ff06f)
core   0: 0x000000008000805c (0x00001397) auipc   t2, 0x1
core   0: 3 0x000000008000805c (0x00001397) x7  0x000000008000905c
core   0: 0x0000000080008060 (0xfa13a223) sw      ra, -92(t2)
core   0: 3 0x0000000080008060 (0xfa13a223) mem 0x0000000080009000 0x00000001
core   0: 0x0000000080008064 (0xff9ff06f) j       pc - 0x8
core   0: 3 0x0000000080008064 (0xff9ff06f)
core   0: 0x000000008000805c (0x00001397) auipc   t2, 0x1
core   0: 3 0x000000008000805c (0x00001397) x7  0x000000008000905c
core   0: 0x0000000080008060 (0xfa13a223) sw      ra, -92(t2)
core   0: 3 0x0000000080008060 (0xfa13a223) mem 0x0000000080009000 0x00000001
core   0: 0x0000000080008064 (0xff9ff06f) j       pc - 0x8
core   0: 3 0x0000000080008064 (0xff9ff06f)
core   0: 0x000000008000805c (0x00001397) auipc   t2, 0x1
core   0: 3 0x000000008000805c (0x00001397) x7  0x000000008000905c
core   0: 0x0000000080008060 (0xfa13a223) sw      ra, -92(t2)
core   0: 3 0x0000000080008060 (0xfa13a223) mem 0x0000000080009000 0x00000001
core   0: 0x0000000080008064 (0xff9ff06f) j       pc - 0x8
core   0: 3 0x0000000080008064 (0xff9ff06f)
core   0: 0x000000008000805c (0x00001397) auipc   t2, 0x1
core   0: 3 0x000000008000805c (0x00001397) x7  0x000000008000905c
core   0: 0x0000000080008060 (0xfa13a223) sw      ra, -92(t2)
core   0: 3 0x0000000080008060 (0xfa13a223) mem 0x0000000080009000 0x00000001
core   0: 0x0000000080008064 (0xff9ff06f) j       pc - 0x8
core   0: 3 0x0000000080008064 (0xff9ff06f)
core   0: 0x000000008000805c (0x00001397) auipc   t2, 0x1
core   0: 3 0x000000008000805c (0x00001397) x7  0x000000008000905c
core   0: 0x0000000080008060 (0xfa13a223) sw      ra, -92(t2)
core   0: 3 0x0000000080008060 (0xfa13a223) mem 0x0000000080009000 0x00000001
core   0: 0x0000000080008064 (0xff9ff06f) j       pc - 0x8
core   0: 3 0x0000000080008064 (0xff9ff06f)
core   0: 0x000000008000805c (0x00001397) auipc   t2, 0x1
core   0: 3 0x000000008000805c (0x00001397) x7  0x000000008000905c
core   0: 0x0000000080008060 (0xfa13a223) sw      ra, -92(t2)
core   0: 3 0x0000000080008060 (0xfa13a223) mem 0x0000000080009000 0x00000001
core   0: 0x0000000080008064 (0xff9ff06f) j       pc - 0x8
core   0: 3 0x0000000080008064 (0xff9ff06f)
core   0: 0x000000008000805c (0x00001397) auipc   t2, 0x1
core   0: 3 0x000000008000805c (0x00001397) x7  0x000000008000905c
core   0: 0x0000000080008060 (0xfa13a223) sw      ra, -92(t2)
core   0: 3 0x0000000080008060 (0xfa13a223) mem 0x0000000080009000 0x00000001
core   0: 0x0000000080008064 (0xff9ff06f) j       pc - 0x8
core   0: 3 0x0000000080008064 (0xff9ff06f)
core   0: 0x000000008000805c (0x00001397) auipc   t2, 0x1
core   0: 3 0x000000008000805c (0x00001397) x7  0x000000008000905c
core   0: 0x0000000080008060 (0xfa13a223) sw      ra, -92(t2)
core   0: 3 0x0000000080008060 (0xfa13a223) mem 0x0000000080009000 0x00000001
core   0: 0x0000000080008064 (0xff9ff06f) j       pc - 0x8
core   0: 3 0x0000000080008064 (0xff9ff06f)
core   0: 0x000000008000805c (0x00001397) auipc   t2, 0x1
core   0: 3 0x000000008000805c (0x00001397) x7  0x000000008000905c
core   0: 0x0000000080008060 (0xfa13a223) sw      ra, -92(t2)
core   0: 3 0x0000000080008060 (0xfa13a223) mem 0x0000000080009000 0x00000001
core   0: 0x0000000080008064 (0xff9ff06f) j       pc - 0x8
core   0: 3 0x0000000080008064 (0xff9ff06f)
core   0: 0x000000008000805c (0x00001397) auipc   t2, 0x1
core   0: 3 0x000000008000805c (0x00001397) x7  0x000000008000905c
core   0: 0x0000000080008060 (0xfa13a223) sw      ra, -92(t2)
core   0: 3 0x0000000080008060 (0xfa13a223) mem 0x0000000080009000 0x00000001
core   0: 0x0000000080008064 (0xff9ff06f) j       pc - 0x8
core   0: 3 0x0000000080008064 (0xff9ff06f)
core   0: 0x000000008000805c (0x00001397) auipc   t2, 0x1
core   0: 3 0x000000008000805c (0x00001397) x7  0x000000008000905c
core   0: 0x0000000080008060 (0xfa13a223) sw      ra, -92(t2)
core   0: 3 0x0000000080008060 (0xfa13a223) mem 0x0000000080009000 0x00000001
core   0: 0x0000000080008064 (0xff9ff06f) j       pc - 0x8
core   0: 3 0x0000000080008064 (0xff9ff06f)
core   0: 0x000000008000805c (0x00001397) auipc   t2, 0x1
core   0: 3 0x000000008000805c (0x00001397) x7  0x000000008000905c
core   0: 0x0000000080008060 (0xfa13a223) sw      ra, -92(t2)
core   0: 3 0x0000000080008060 (0xfa13a223) mem 0x0000000080009000 0x00000001
core   0: 0x0000000080008064 (0xff9ff06f) j       pc - 0x8
core   0: 3 0x0000000080008064 (0xff9ff06f)
core   0: 0x000000008000805c (0x00001397) auipc   t2, 0x1
core   0: 3 0x000000008000805c (0x00001397) x7  0x000000008000905c
core   0: 0x0000000080008060 (0xfa13a223) sw      ra, -92(t2)
core   0: 3 0x0000000080008060 (0xfa13a223) mem 0x0000000080009000 0x00000001
core   0: 0x0000000080008064 (0xff9ff06f) j       pc - 0x8
core   0: 3 0x0000000080008064 (0xff9ff06f)
core   0: 0x000000008000805c (0x00001397) auipc   t2, 0x1
core   0: 3 0x000000008000805c (0x00001397) x7  0x000000008000905c
core   0: 0x0000000080008060 (0xfa13a223) sw      ra, -92(t2)
core   0: 3 0x0000000080008060 (0xfa13a223) mem 0x0000000080009000 0x00000001
core   0: 0x0000000080008064 (0xff9ff06f) j       pc - 0x8
core   0: 3 0x0000000080008064 (0xff9ff06f)
core   0: 0x000000008000805c (0x00001397) auipc   t2, 0x1
core   0: 3 0x000000008000805c (0x00001397) x7  0x000000008000905c
core   0: 0x0000000080008060 (0xfa13a223) sw      ra, -92(t2)
core   0: 3 0x0000000080008060 (0xfa13a223) mem 0x0000000080009000 0x00000001
core   0: 0x0000000080008064 (0xff9ff06f) j       pc - 0x8
core   0: 3 0x0000000080008064 (0xff9ff06f)
core   0: 0x000000008000805c (0x00001397) auipc   t2, 0x1
core   0: 3 0x000000008000805c (0x00001397) x7  0x000000008000905c
core   0: 0x0000000080008060 (0xfa13a223) sw      ra, -92(t2)
core   0: 3 0x0000000080008060 (0xfa13a223) mem 0x0000000080009000 0x00000001
core   0: 0x0000000080008064 (0xff9ff06f) j       pc - 0x8
core   0: 3 0x0000000080008064 (0xff9ff06f)
core   0: 0x000000008000805c (0x00001397) auipc   t2, 0x1
core   0: 3 0x000000008000805c (0x00001397) x7  0x000000008000905c
core   0: 0x0000000080008060 (0xfa13a223) sw      ra, -92(t2)
core   0: 3 0x0000000080008060 (0xfa13a223) mem 0x0000000080009000 0x00000001
core   0: 0x0000000080008064 (0xff9ff06f) j       pc - 0x8
core   0: 3 0x0000000080008064 (0xff9ff06f)
core   0: 0x000000008000805c (0x00001397) auipc   t2, 0x1
core   0: 3 0x000000008000805c (0x00001397) x7  0x000000008000905c
core   0: 0x0000000080008060 (0xfa13a223) sw      ra, -92(t2)
core   0: 3 0x0000000080008060 (0xfa13a223) mem 0x0000000080009000 0x00000001
core   0: 0x0000000080008064 (0xff9ff06f) j       pc - 0x8
core   0: 3 0x0000000080008064 (0xff9ff06f)
core   0: 0x000000008000805c (0x00001397) auipc   t2, 0x1
core   0: 3 0x000000008000805c (0x00001397) x7  0x000000008000905c
core   0: 0x0000000080008060 (0xfa13a223) sw      ra, -92(t2)
core   0: 3 0x0000000080008060 (0xfa13a223) mem 0x0000000080009000 0x00000001
core   0: 0x0000000080008064 (0xff9ff06f) j       pc - 0x8
core   0: 3 0x0000000080008064 (0xff9ff06f)
core   0: 0x000000008000805c (0x00001397) auipc   t2, 0x1
core   0: 3 0x000000008000805c (0x00001397) x7  0x000000008000905c
core   0: 0x0000000080008060 (0xfa13a223) sw      ra, -92(t2)
core   0: 3 0x0000000080008060 (0xfa13a223) mem 0x0000000080009000 0x00000001
core   0: 0x0000000080008064 (0xff9ff06f) j       pc - 0x8
core   0: 3 0x0000000080008064 (0xff9ff06f)
core   0: 0x000000008000805c (0x00001397) auipc   t2, 0x1
core   0: 3 0x000000008000805c (0x00001397) x7  0x000000008000905c
core   0: 0x0000000080008060 (0xfa13a223) sw      ra, -92(t2)
core   0: 3 0x0000000080008060 (0xfa13a223) mem 0x0000000080009000 0x00000001
core   0: 0x0000000080008064 (0xff9ff06f) j       pc - 0x8
core   0: 3 0x0000000080008064 (0xff9ff06f)
core   0: 0x000000008000805c (0x00001397) auipc   t2, 0x1
core   0: 3 0x000000008000805c (0x00001397) x7  0x000000008000905c
core   0: 0x0000000080008060 (0xfa13a223) sw      ra, -92(t2)
core   0: 3 0x0000000080008060 (0xfa13a223) mem 0x0000000080009000 0x00000001
core   0: 0x0000000080008064 (0xff9ff06f) j       pc - 0x8
core   0: 3 0x0000000080008064 (0xff9ff06f)
core   0: 0x000000008000805c (0x00001397) auipc   t2, 0x1
core   0: 3 0x000000008000805c (0x00001397) x7  0x000000008000905c
core   0: 0x0000000080008060 (0xfa13a223) sw      ra, -92(t2)
core   0: 3 0x0000000080008060 (0xfa13a223) mem 0x0000000080009000 0x00000001
core   0: 0x0000000080008064 (0xff9ff06f) j       pc - 0x8
core   0: 3 0x0000000080008064 (0xff9ff06f)
core   0: 0x000000008000805c (0x00001397) auipc   t2, 0x1
core   0: 3 0x000000008000805c (0x00001397) x7  0x000000008000905c
core   0: 0x0000000080008060 (0xfa13a223) sw      ra, -92(t2)
core   0: 3 0x0000000080008060 (0xfa13a223) mem 0x0000000080009000 0x00000001
core   0: 0x0000000080008064 (0xff9ff06f) j       pc - 0x8
core   0: 3 0x0000000080008064 (0xff9ff06f)
core   0: 0x000000008000805c (0x00001397) auipc   t2, 0x1
core   0: 3 0x000000008000805c (0x00001397) x7  0x000000008000905c
core   0: 0x0000000080008060 (0xfa13a223) sw      ra, -92(t2)
core   0: 3 0x0000000080008060 (0xfa13a223) mem 0x0000000080009000 0x00000001
core   0: 0x0000000080008064 (0xff9ff06f) j       pc - 0x8
core   0: 3 0x0000000080008064 (0xff9ff06f)
core   0: 0x000000008000805c (0x00001397) auipc   t2, 0x1
core   0: 3 0x000000008000805c (0x00001397) x7  0x000000008000905c
core   0: 0x0000000080008060 (0xfa13a223) sw      ra, -92(t2)
core   0: 3 0x0000000080008060 (0xfa13a223) mem 0x0000000080009000 0x00000001
core   0: 0x0000000080008064 (0xff9ff06f) j       pc - 0x8
core   0: 3 0x0000000080008064 (0xff9ff06f)
core   0: 0x000000008000805c (0x00001397) auipc   t2, 0x1
core   0: 3 0x000000008000805c (0x00001397) x7  0x000000008000905c
core   0: 0x0000000080008060 (0xfa13a223) sw      ra, -92(t2)
core   0: 3 0x0000000080008060 (0xfa13a223) mem 0x0000000080009000 0x00000001
core   0: 0x0000000080008064 (0xff9ff06f) j       pc - 0x8
core   0: 3 0x0000000080008064 (0xff9ff06f)
core   0: 0x000000008000805c (0x00001397) auipc   t2, 0x1
core   0: 3 0x000000008000805c (0x00001397) x7  0x000000008000905c
core   0: 0x0000000080008060 (0xfa13a223) sw      ra, -92(t2)
core   0: 3 0x0000000080008060 (0xfa13a223) mem 0x0000000080009000 0x00000001
core   0: 0x0000000080008064 (0xff9ff06f) j       pc - 0x8
core   0: 3 0x0000000080008064 (0xff9ff06f)
core   0: 0x000000008000805c (0x00001397) auipc   t2, 0x1
core   0: 3 0x000000008000805c (0x00001397) x7  0x000000008000905c
core   0: 0x0000000080008060 (0xfa13a223) sw      ra, -92(t2)
core   0: 3 0x0000000080008060 (0xfa13a223) mem 0x0000000080009000 0x00000001
core   0: 0x0000000080008064 (0xff9ff06f) j       pc - 0x8
core   0: 3 0x0000000080008064 (0xff9ff06f)
core   0: 0x000000008000805c (0x00001397) auipc   t2, 0x1
core   0: 3 0x000000008000805c (0x00001397) x7  0x000000008000905c
core   0: 0x0000000080008060 (0xfa13a223) sw      ra, -92(t2)
core   0: 3 0x0000000080008060 (0xfa13a223) mem 0x0000000080009000 0x00000001
core   0: 0x0000000080008064 (0xff9ff06f) j       pc - 0x8
core   0: 3 0x0000000080008064 (0xff9ff06f)
core   0: 0x000000008000805c (0x00001397) auipc   t2, 0x1
core   0: 3 0x000000008000805c (0x00001397) x7  0x000000008000905c
core   0: 0x0000000080008060 (0xfa13a223) sw      ra, -92(t2)
core   0: 3 0x0000000080008060 (0xfa13a223) mem 0x0000000080009000 0x00000001
core   0: 0x0000000080008064 (0xff9ff06f) j       pc - 0x8
core   0: 3 0x0000000080008064 (0xff9ff06f)
core   0: 0x000000008000805c (0x00001397) auipc   t2, 0x1
core   0: 3 0x000000008000805c (0x00001397) x7  0x000000008000905c
core   0: 0x0000000080008060 (0xfa13a223) sw      ra, -92(t2)
core   0: 3 0x0000000080008060 (0xfa13a223) mem 0x0000000080009000 0x00000001
core   0: 0x0000000080008064 (0xff9ff06f) j       pc - 0x8
core   0: 3 0x0000000080008064 (0xff9ff06f)
core   0: 0x000000008000805c (0x00001397) auipc   t2, 0x1
core   0: 3 0x000000008000805c (0x00001397) x7  0x000000008000905c
core   0: 0x0000000080008060 (0xfa13a223) sw      ra, -92(t2)
core   0: 3 0x0000000080008060 (0xfa13a223) mem 0x0000000080009000 0x00000001
