core   0: 0x0000000000001000 (0x00000297) auipc   t0, 0x0
core   0: 3 0x0000000000001000 (0x00000297) x5  0x0000000000001000
core   0: 0x0000000000001004 (0x02028593) addi    a1, t0, 32
core   0: 3 0x0000000000001004 (0x02028593) x11 0x0000000000001020
core   0: 0x0000000000001008 (0xf1402573) csrr    a0, mhartid
core   0: 3 0x0000000000001008 (0xf1402573) x10 0x0000000000000000
core   0: 0x000000000000100c (0x0182b283) ld      t0, 24(t0)
core   0: 3 0x000000000000100c (0x0182b283) x5  0x0000000080000000 mem 0x0000000000001018
core   0: 0x0000000000001010 (0x00028067) jr      t0
core   0: 3 0x0000000000001010 (0x00028067)
core   0: >>>>  $xrv64i2p1_f2p2_d2p2_c2p0_zicsr2p0
core   0: 0x0000000080000000 (0x7d5c0837) lui     a6, 0x7d5c0
core   0: 3 0x0000000080000000 (0x7d5c0837) x16 0x000000007d5c0000
core   0: 0x0000000080000004 (0xddb80813) addi    a6, a6, -549
core   0: 3 0x0000000080000004 (0xddb80813) x16 0x000000007d5bfddb
core   0: 0x0000000080000008 (0x00b81813) slli    a6, a6, 11
core   0: 3 0x0000000080000008 (0x00b81813) x16 0x000003eadfeed800
core   0: 0x000000008000000c (0x3ea80813) addi    a6, a6, 1002
core   0: 3 0x000000008000000c (0x3ea80813) x16 0x000003eadfeedbea
core   0: 0x0000000080000010 (0x00b81813) slli    a6, a6, 11
core   0: 3 0x0000000080000010 (0x00b81813) x16 0x001f56ff76df5000
core   0: 0x0000000080000014 (0x6ff80813) addi    a6, a6, 1791
core   0: 3 0x0000000080000014 (0x6ff80813) x16 0x001f56ff76df56ff
core   0: 0x0000000080000018 (0x00a81813) slli    a6, a6, 10
core   0: 3 0x0000000080000018 (0x00a81813) x16 0x7d5bfddb7d5bfc00
core   0: 0x000000008000001c (0x1db80813) addi    a6, a6, 475
core   0: 3 0x000000008000001c (0x1db80813) x16 0x7d5bfddb7d5bfddb
core   0: 0x0000000080000020 (0x00785893) srli    a7, a6, 7
core   0: 3 0x0000000080000020 (0x00785893) x17 0x00fab7fbb6fab7fb
core   0: 0x0000000080000024 (0x03985793) srli    a5, a6, 57
core   0: 3 0x0000000080000024 (0x03985793) x15 0x000000000000003e
core   0: 0x0000000080000028 (0x00f8e8b3) or      a7, a7, a5
core   0: 3 0x0000000080000028 (0x00f8e8b3) x17 0x00fab7fbb6fab7ff
core   0: 0x000000008000002c (0x0078d913) srli    s2, a7, 7
core   0: 3 0x000000008000002c (0x0078d913) x18 0x0001f56ff76df56f
core   0: 0x0000000080000030 (0x0398d793) srli    a5, a7, 57
core   0: 3 0x0000000080000030 (0x0398d793) x15 0x0000000000000000
core   0: 0x0000000080000034 (0x00f96933) or      s2, s2, a5
core   0: 3 0x0000000080000034 (0x00f96933) x18 0x0001f56ff76df56f
core   0: 0x0000000080000038 (0x00795993) srli    s3, s2, 7
core   0: 3 0x0000000080000038 (0x00795993) x19 0x000003eadfeedbea
core   0: 0x000000008000003c (0x03995793) srli    a5, s2, 57
core   0: 3 0x000000008000003c (0x03995793) x15 0x0000000000000000
core   0: 0x0000000080000040 (0x00f9e9b3) or      s3, s3, a5
core   0: 3 0x0000000080000040 (0x00f9e9b3) x19 0x000003eadfeedbea
core   0: 0x0000000080000044 (0x0079da13) srli    s4, s3, 7
core   0: 3 0x0000000080000044 (0x0079da13) x20 0x00000007d5bfddb7
core   0: 0x0000000080000048 (0x0399d793) srli    a5, s3, 57
core   0: 3 0x0000000080000048 (0x0399d793) x15 0x0000000000000000
core   0: 0x000000008000004c (0x00fa6a33) or      s4, s4, a5
core   0: 3 0x000000008000004c (0x00fa6a33) x20 0x00000007d5bfddb7
core   0: 0x0000000080000050 (0x007a5a93) srli    s5, s4, 7
core   0: 3 0x0000000080000050 (0x007a5a93) x21 0x000000000fab7fbb
core   0: 0x0000000080000054 (0x039a5793) srli    a5, s4, 57
core   0: 3 0x0000000080000054 (0x039a5793) x15 0x0000000000000000
core   0: 0x0000000080000058 (0x00faeab3) or      s5, s5, a5
core   0: 3 0x0000000080000058 (0x00faeab3) x21 0x000000000fab7fbb
core   0: 0x000000008000005c (0x007adb13) srli    s6, s5, 7
core   0: 3 0x000000008000005c (0x007adb13) x22 0x00000000001f56ff
core   0: 0x0000000080000060 (0x039ad793) srli    a5, s5, 57
core   0: 3 0x0000000080000060 (0x039ad793) x15 0x0000000000000000
core   0: 0x0000000080000064 (0x00fb6b33) or      s6, s6, a5
core   0: 3 0x0000000080000064 (0x00fb6b33) x22 0x00000000001f56ff
core   0: 0x0000000080000068 (0x007b5b93) srli    s7, s6, 7
core   0: 3 0x0000000080000068 (0x007b5b93) x23 0x0000000000003ead
core   0: 0x000000008000006c (0x039b5793) srli    a5, s6, 57
core   0: 3 0x000000008000006c (0x039b5793) x15 0x0000000000000000
core   0: 0x0000000080000070 (0x00fbebb3) or      s7, s7, a5
core   0: 3 0x0000000080000070 (0x00fbebb3) x23 0x0000000000003ead
core   0: 0x0000000080000074 (0x007bdc13) srli    s8, s7, 7
core   0: 3 0x0000000080000074 (0x007bdc13) x24 0x000000000000007d
core   0: 0x0000000080000078 (0x039bd793) srli    a5, s7, 57
core   0: 3 0x0000000080000078 (0x039bd793) x15 0x0000000000000000
core   0: 0x000000008000007c (0x00fc6c33) or      s8, s8, a5
core   0: 3 0x000000008000007c (0x00fc6c33) x24 0x000000000000007d
core   0: 0x0000000080000080 (0x007c5c93) srli    s9, s8, 7
core   0: 3 0x0000000080000080 (0x007c5c93) x25 0x0000000000000000
core   0: 0x0000000080000084 (0x039c5793) srli    a5, s8, 57
core   0: 3 0x0000000080000084 (0x039c5793) x15 0x0000000000000000
core   0: 0x0000000080000088 (0x00fcecb3) or      s9, s9, a5
core   0: 3 0x0000000080000088 (0x00fcecb3) x25 0x0000000000000000
core   0: 0x000000008000008c (0x007cdd13) srli    s10, s9, 7
core   0: 3 0x000000008000008c (0x007cdd13) x26 0x0000000000000000
core   0: 0x0000000080000090 (0x039cd793) srli    a5, s9, 57
core   0: 3 0x0000000080000090 (0x039cd793) x15 0x0000000000000000
core   0: 0x0000000080000094 (0x00fd6d33) or      s10, s10, a5
core   0: 3 0x0000000080000094 (0x00fd6d33) x26 0x0000000000000000
core   0: 0x0000000080000098 (0x007d5d93) srli    s11, s10, 7
core   0: 3 0x0000000080000098 (0x007d5d93) x27 0x0000000000000000
core   0: 0x000000008000009c (0x039d5793) srli    a5, s10, 57
core   0: 3 0x000000008000009c (0x039d5793) x15 0x0000000000000000
core   0: 0x00000000800000a0 (0x00fdedb3) or      s11, s11, a5
core   0: 3 0x00000000800000a0 (0x00fdedb3) x27 0x0000000000000000
core   0: 0x00000000800000a4 (0x007dde13) srli    t3, s11, 7
core   0: 3 0x00000000800000a4 (0x007dde13) x28 0x0000000000000000
core   0: 0x00000000800000a8 (0x039dd793) srli    a5, s11, 57
core   0: 3 0x00000000800000a8 (0x039dd793) x15 0x0000000000000000
core   0: 0x00000000800000ac (0x00fe6e33) or      t3, t3, a5
core   0: 3 0x00000000800000ac (0x00fe6e33) x28 0x0000000000000000
core   0: 0x00000000800000b0 (0x007e5e93) srli    t4, t3, 7
core   0: 3 0x00000000800000b0 (0x007e5e93) x29 0x0000000000000000
core   0: 0x00000000800000b4 (0x039e5793) srli    a5, t3, 57
core   0: 3 0x00000000800000b4 (0x039e5793) x15 0x0000000000000000
core   0: 0x00000000800000b8 (0x00feeeb3) or      t4, t4, a5
core   0: 3 0x00000000800000b8 (0x00feeeb3) x29 0x0000000000000000
core   0: 0x00000000800000bc (0x007edf13) srli    t5, t4, 7
core   0: 3 0x00000000800000bc (0x007edf13) x30 0x0000000000000000
core   0: 0x00000000800000c0 (0x039ed793) srli    a5, t4, 57
core   0: 3 0x00000000800000c0 (0x039ed793) x15 0x0000000000000000
core   0: 0x00000000800000c4 (0x00ff6f33) or      t5, t5, a5
core   0: 3 0x00000000800000c4 (0x00ff6f33) x30 0x0000000000000000
core   0: 0x00000000800000c8 (0xfeedc0b7) lui     ra, 0xfeedc
core   0: 3 0x00000000800000c8 (0xfeedc0b7) x1  0xfffffffffeedc000
core   0: 0x00000000800000cc (0xead08093) addi    ra, ra, -339
core   0: 3 0x00000000800000cc (0xead08093) x1  0xfffffffffeedbead
core   0: 0x00000000800000d0 (0x00b09093) slli    ra, ra, 11
core   0: 3 0x00000000800000d0 (0x00b09093) x1  0xfffffff76df56800
core   0: 0x00000000800000d4 (0x7f708093) addi    ra, ra, 2039
core   0: 3 0x00000000800000d4 (0x7f708093) x1  0xfffffff76df56ff7
core   0: 0x00000000800000d8 (0x00b09093) slli    ra, ra, 11
core   0: 3 0x00000000800000d8 (0x00b09093) x1  0xffffbb6fab7fb800
core   0: 0x00000000800000dc (0x36f08093) addi    ra, ra, 879
core   0: 3 0x00000000800000dc (0x36f08093) x1  0xffffbb6fab7fbb6f
core   0: 0x00000000800000e0 (0x00a09093) slli    ra, ra, 10
core   0: 3 0x00000000800000e0 (0x00a09093) x1  0xfeedbeadfeedbc00
core   0: 0x00000000800000e4 (0x2ad08093) addi    ra, ra, 685
core   0: 3 0x00000000800000e4 (0x2ad08093) x1  0xfeedbeadfeedbead
core   0: 0x00000000800000e8 (0x0070d113) srli    sp, ra, 7
core   0: 3 0x00000000800000e8 (0x0070d113) x2  0x01fddb7d5bfddb7d
core   0: 0x00000000800000ec (0x0390d793) srli    a5, ra, 57
core   0: 3 0x00000000800000ec (0x0390d793) x15 0x000000000000007f
core   0: 0x00000000800000f0 (0x00f16133) or      sp, sp, a5
core   0: 3 0x00000000800000f0 (0x00f16133) x2  0x01fddb7d5bfddb7f
core   0: 0x00000000800000f4 (0x00715193) srli    gp, sp, 7
core   0: 3 0x00000000800000f4 (0x00715193) x3  0x0003fbb6fab7fbb6
core   0: 0x00000000800000f8 (0x03915793) srli    a5, sp, 57
core   0: 3 0x00000000800000f8 (0x03915793) x15 0x0000000000000000
core   0: 0x00000000800000fc (0x00f1e1b3) or      gp, gp, a5
core   0: 3 0x00000000800000fc (0x00f1e1b3) x3  0x0003fbb6fab7fbb6
core   0: 0x0000000080000100 (0x0071d213) srli    tp, gp, 7
core   0: 3 0x0000000080000100 (0x0071d213) x4  0x000007f76df56ff7
core   0: 0x0000000080000104 (0x0391d793) srli    a5, gp, 57
core   0: 3 0x0000000080000104 (0x0391d793) x15 0x0000000000000000
core   0: 0x0000000080000108 (0x00f26233) or      tp, tp, a5
core   0: 3 0x0000000080000108 (0x00f26233) x4  0x000007f76df56ff7
core   0: 0x000000008000010c (0x00725293) srli    t0, tp, 7
core   0: 3 0x000000008000010c (0x00725293) x5  0x0000000feedbeadf
core   0: 0x0000000080000110 (0x03925793) srli    a5, tp, 57
core   0: 3 0x0000000080000110 (0x03925793) x15 0x0000000000000000
core   0: 0x0000000080000114 (0x00f2e2b3) or      t0, t0, a5
core   0: 3 0x0000000080000114 (0x00f2e2b3) x5  0x0000000feedbeadf
core   0: 0x0000000080000118 (0x0072d313) srli    t1, t0, 7
core   0: 3 0x0000000080000118 (0x0072d313) x6  0x000000001fddb7d5
core   0: 0x000000008000011c (0x0392d793) srli    a5, t0, 57
core   0: 3 0x000000008000011c (0x0392d793) x15 0x0000000000000000
core   0: 0x0000000080000120 (0x00f36333) or      t1, t1, a5
core   0: 3 0x0000000080000120 (0x00f36333) x6  0x000000001fddb7d5
core   0: 0x0000000080000124 (0x00735393) srli    t2, t1, 7
core   0: 3 0x0000000080000124 (0x00735393) x7  0x00000000003fbb6f
core   0: 0x0000000080000128 (0x03935793) srli    a5, t1, 57
core   0: 3 0x0000000080000128 (0x03935793) x15 0x0000000000000000
core   0: 0x000000008000012c (0x00f3e3b3) or      t2, t2, a5
core   0: 3 0x000000008000012c (0x00f3e3b3) x7  0x00000000003fbb6f
core   0: 0x0000000080000130 (0x0073d413) srli    s0, t2, 7
core   0: 3 0x0000000080000130 (0x0073d413) x8  0x0000000000007f76
core   0: 0x0000000080000134 (0x0393d793) srli    a5, t2, 57
core   0: 3 0x0000000080000134 (0x0393d793) x15 0x0000000000000000
core   0: 0x0000000080000138 (0x00f46433) or      s0, s0, a5
core   0: 3 0x0000000080000138 (0x00f46433) x8  0x0000000000007f76
core   0: 0x000000008000013c (0x00745493) srli    s1, s0, 7
core   0: 3 0x000000008000013c (0x00745493) x9  0x00000000000000fe
core   0: 0x0000000080000140 (0x03945793) srli    a5, s0, 57
core   0: 3 0x0000000080000140 (0x03945793) x15 0x0000000000000000
core   0: 0x0000000080000144 (0x00f4e4b3) or      s1, s1, a5
core   0: 3 0x0000000080000144 (0x00f4e4b3) x9  0x00000000000000fe
core   0: 0x0000000080000148 (0x0074d513) srli    a0, s1, 7
core   0: 3 0x0000000080000148 (0x0074d513) x10 0x0000000000000001
core   0: 0x000000008000014c (0x0394d793) srli    a5, s1, 57
core   0: 3 0x000000008000014c (0x0394d793) x15 0x0000000000000000
core   0: 0x0000000080000150 (0x00f56533) or      a0, a0, a5
core   0: 3 0x0000000080000150 (0x00f56533) x10 0x0000000000000001
core   0: 0x0000000080000154 (0x00755593) srli    a1, a0, 7
core   0: 3 0x0000000080000154 (0x00755593) x11 0x0000000000000000
core   0: 0x0000000080000158 (0x03955793) srli    a5, a0, 57
core   0: 3 0x0000000080000158 (0x03955793) x15 0x0000000000000000
core   0: 0x000000008000015c (0x00f5e5b3) or      a1, a1, a5
core   0: 3 0x000000008000015c (0x00f5e5b3) x11 0x0000000000000000
core   0: 0x0000000080000160 (0x0075d613) srli    a2, a1, 7
core   0: 3 0x0000000080000160 (0x0075d613) x12 0x0000000000000000
core   0: 0x0000000080000164 (0x0395d793) srli    a5, a1, 57
core   0: 3 0x0000000080000164 (0x0395d793) x15 0x0000000000000000
core   0: 0x0000000080000168 (0x00f66633) or      a2, a2, a5
core   0: 3 0x0000000080000168 (0x00f66633) x12 0x0000000000000000
core   0: 0x000000008000016c (0x00765693) srli    a3, a2, 7
core   0: 3 0x000000008000016c (0x00765693) x13 0x0000000000000000
core   0: 0x0000000080000170 (0x03965793) srli    a5, a2, 57
core   0: 3 0x0000000080000170 (0x03965793) x15 0x0000000000000000
core   0: 0x0000000080000174 (0x00f6e6b3) or      a3, a3, a5
core   0: 3 0x0000000080000174 (0x00f6e6b3) x13 0x0000000000000000
core   0: >>>>  rvtest_code_begin
core   0: 0x0000000080000178 (0x00100513) li      a0, 1
core   0: 3 0x0000000080000178 (0x00100513) x10 0x0000000000000001
core   0: 0x000000008000017c (0x00d51513) slli    a0, a0, 13
core   0: 3 0x000000008000017c (0x00d51513) x10 0x0000000000002000
core   0: 0x0000000080000180 (0x30052073) csrs    mstatus, a0
core   0: 3 0x0000000080000180 (0x30052073) c768_mstatus 0x0000000a00002000
core   0: 0x0000000080000184 (0x00305073) csrwi   fcsr, 0
core   0: 3 0x0000000080000184 (0x00305073) c1_fflags 0x0000000000000000 c2_frm 0x0000000000000000 c768_mstatus 0x8000000a00006000
core   0: 0x0000000080000188 (0x00000013) nop
core   0: 3 0x0000000080000188 (0x00000013)
core   0: 0x000000008000018c (0x00000013) nop
core   0: 3 0x000000008000018c (0x00000013)
core   0: 0x0000000080000190 (0x00000013) nop
core   0: 3 0x0000000080000190 (0x00000013)
core   0: 0x0000000080000194 (0x00000013) nop
core   0: 3 0x0000000080000194 (0x00000013)
core   0: 0x0000000080000198 (0x00000013) nop
core   0: 3 0x0000000080000198 (0x00000013)
core   0: 0x000000008000019c (0x00000013) nop
core   0: 3 0x000000008000019c (0x00000013)
core   0: 0x00000000800001a0 (0x00005197) auipc   gp, 0x5
core   0: 3 0x00000000800001a0 (0x00005197) x3  0x00000000800051a0
core   0: 0x00000000800001a4 (0xe7018193) addi    gp, gp, -400
core   0: 3 0x00000000800001a4 (0xe7018193) x3  0x0000000080005010
core   0: 0x00000000800001a8 (0x00000013) nop
core   0: 3 0x00000000800001a8 (0x00000013)
core   0: 0x00000000800001ac (0x00000013) nop
core   0: 3 0x00000000800001ac (0x00000013)
core   0: 0x00000000800001b0 (0x00000013) nop
core   0: 3 0x00000000800001b0 (0x00000013)
core   0: 0x00000000800001b4 (0x00000013) nop
core   0: 3 0x00000000800001b4 (0x00000013)
core   0: 0x00000000800001b8 (0x00000013) nop
core   0: 3 0x00000000800001b8 (0x00000013)
core   0: 0x00000000800001bc (0x00000013) nop
core   0: 3 0x00000000800001bc (0x00000013)
core   0: 0x00000000800001c0 (0x00007097) auipc   ra, 0x7
core   0: 3 0x00000000800001c0 (0x00007097) x1  0x00000000800071c0
core   0: 0x00000000800001c4 (0xf5808093) addi    ra, ra, -168
core   0: 3 0x00000000800001c4 (0xf5808093) x1  0x0000000080007118
core   0: 0x00000000800001c8 (0x00000013) nop
core   0: 3 0x00000000800001c8 (0x00000013)
core   0: 0x00000000800001cc (0x00000013) nop
core   0: 3 0x00000000800001cc (0x00000013)
core   0: 0x00000000800001d0 (0x00000013) nop
core   0: 3 0x00000000800001d0 (0x00000013)
core   0: 0x00000000800001d4 (0x00000013) nop
core   0: 3 0x00000000800001d4 (0x00000013)
core   0: 0x00000000800001d8 (0x00000013) nop
core   0: 3 0x00000000800001d8 (0x00000013)
core   0: 0x00000000800001dc (0x00000013) nop
core   0: 3 0x00000000800001dc (0x00000013)
core   0: >>>>  inst_0
core   0: 0x00000000800001e0 (0x0001be07) fld     ft8, 0(gp)
core   0: 3 0x00000000800001e0 (0x0001be07) f28 0x0000000000000002 mem 0x0000000080005010
core   0: 0x00000000800001e4 (0x0081be07) fld     ft8, 8(gp)
core   0: 3 0x00000000800001e4 (0x0081be07) f28 0x0000000000000002 mem 0x0000000080005018
core   0: 0x00000000800001e8 (0x00000113) li      sp, 0
core   0: 3 0x00000000800001e8 (0x00000113) x2  0x0000000000000000
core   0: 0x00000000800001ec (0x00311073) csrw    fcsr, sp
core   0: 3 0x00000000800001ec (0x00311073) c1_fflags 0x0000000000000000 c2_frm 0x0000000000000000
core   0: 0x00000000800001f0 (0x0bce76d3) fsub.d  fa3, ft8, ft8
core   0: 3 0x00000000800001f0 (0x0bce76d3) f13 0x0000000000000000
core   0: 0x00000000800001f4 (0x00302273) csrr    tp, fcsr
core   0: 3 0x00000000800001f4 (0x00302273) x4  0x0000000000000000
core   0: 0x00000000800001f8 (0x00d0b027) fsd     fa3, 0(ra)
core   0: 3 0x00000000800001f8 (0x00d0b027) mem 0x0000000080007118 0x0000000000000000
core   0: 0x00000000800001fc (0x0040b423) sd      tp, 8(ra)
core   0: 3 0x00000000800001fc (0x0040b423) mem 0x0000000080007120 0x0000000000000000
core   0: >>>>  inst_1
core   0: 0x0000000080000200 (0x0101b007) fld     ft0, 16(gp)
core   0: 3 0x0000000080000200 (0x0101b007) f0  0x0000000000000003 mem 0x0000000080005020
core   0: 0x0000000080000204 (0x0181b387) fld     ft7, 24(gp)
core   0: 3 0x0000000080000204 (0x0181b387) f7  0x0000000000000023 mem 0x0000000080005028
core   0: 0x0000000080000208 (0x00000113) li      sp, 0
core   0: 3 0x0000000080000208 (0x00000113) x2  0x0000000000000000
core   0: 0x000000008000020c (0x00311073) csrw    fcsr, sp
core   0: 3 0x000000008000020c (0x00311073) c1_fflags 0x0000000000000000 c2_frm 0x0000000000000000
core   0: 0x0000000080000210 (0x0a707fd3) fsub.d  ft11, ft0, ft7
core   0: 3 0x0000000080000210 (0x0a707fd3) f31 0x8000000000000020
core   0: 0x0000000080000214 (0x00302273) csrr    tp, fcsr
core   0: 3 0x0000000080000214 (0x00302273) x4  0x0000000000000000
core   0: 0x0000000080000218 (0x01f0b827) fsd     ft11, 16(ra)
core   0: 3 0x0000000080000218 (0x01f0b827) mem 0x0000000080007128 0x8000000000000020
core   0: 0x000000008000021c (0x0040bc23) sd      tp, 24(ra)
core   0: 3 0x000000008000021c (0x0040bc23) mem 0x0000000080007130 0x0000000000000000
core   0: >>>>  inst_2
core   0: 0x0000000080000220 (0x0201b787) fld     fa5, 32(gp)
core   0: 3 0x0000000080000220 (0x0201b787) f15 0x0000000000000003 mem 0x0000000080005030
core   0: 0x0000000080000224 (0x0281b787) fld     fa5, 40(gp)
core   0: 3 0x0000000080000224 (0x0281b787) f15 0x0000000000000003 mem 0x0000000080005038
core   0: 0x0000000080000228 (0x00000113) li      sp, 0
core   0: 3 0x0000000080000228 (0x00000113) x2  0x0000000000000000
core   0: 0x000000008000022c (0x00311073) csrw    fcsr, sp
core   0: 3 0x000000008000022c (0x00311073) c1_fflags 0x0000000000000000 c2_frm 0x0000000000000000
core   0: 0x0000000080000230 (0x0af7f7d3) fsub.d  fa5, fa5, fa5
core   0: 3 0x0000000080000230 (0x0af7f7d3) f15 0x0000000000000000
core   0: 0x0000000080000234 (0x00302273) csrr    tp, fcsr
core   0: 3 0x0000000080000234 (0x00302273) x4  0x0000000000000000
core   0: 0x0000000080000238 (0x02f0b027) fsd     fa5, 32(ra)
core   0: 3 0x0000000080000238 (0x02f0b027) mem 0x0000000080007138 0x0000000000000000
core   0: 0x000000008000023c (0x0240b423) sd      tp, 40(ra)
core   0: 3 0x000000008000023c (0x0240b423) mem 0x0000000080007140 0x0000000000000000
core   0: >>>>  inst_3
core   0: 0x0000000080000240 (0x0301bb87) fld     fs7, 48(gp)
core   0: 3 0x0000000080000240 (0x0301bb87) f23 0x0000000000000004 mem 0x0000000080005040
core   0: 0x0000000080000244 (0x0381b187) fld     ft3, 56(gp)
core   0: 3 0x0000000080000244 (0x0381b187) f3  0x8000000000007ffc mem 0x0000000080005048
core   0: 0x0000000080000248 (0x00000113) li      sp, 0
core   0: 3 0x0000000080000248 (0x00000113) x2  0x0000000000000000
core   0: 0x000000008000024c (0x00311073) csrw    fcsr, sp
core   0: 3 0x000000008000024c (0x00311073) c1_fflags 0x0000000000000000 c2_frm 0x0000000000000000
core   0: 0x0000000080000250 (0x0a3bf1d3) fsub.d  ft3, fs7, ft3
core   0: 3 0x0000000080000250 (0x0a3bf1d3) f3  0x0000000000008000
core   0: 0x0000000080000254 (0x00302273) csrr    tp, fcsr
core   0: 3 0x0000000080000254 (0x00302273) x4  0x0000000000000000
core   0: 0x0000000080000258 (0x0230b827) fsd     ft3, 48(ra)
core   0: 3 0x0000000080000258 (0x0230b827) mem 0x0000000080007148 0x0000000000008000
core   0: 0x000000008000025c (0x0240bc23) sd      tp, 56(ra)
core   0: 3 0x000000008000025c (0x0240bc23) mem 0x0000000080007150 0x0000000000000000
core   0: >>>>  inst_4
core   0: 0x0000000080000260 (0x0401b707) fld     fa4, 64(gp)
core   0: 3 0x0000000080000260 (0x0401b707) f14 0x0000000000000004 mem 0x0000000080005050
core   0: 0x0000000080000264 (0x0481bd07) fld     fs10, 72(gp)
core   0: 3 0x0000000080000264 (0x0481bd07) f26 0x800000000000fffc mem 0x0000000080005058
core   0: 0x0000000080000268 (0x00000113) li      sp, 0
core   0: 3 0x0000000080000268 (0x00000113) x2  0x0000000000000000
core   0: 0x000000008000026c (0x00311073) csrw    fcsr, sp
core   0: 3 0x000000008000026c (0x00311073) c1_fflags 0x0000000000000000 c2_frm 0x0000000000000000
core   0: 0x0000000080000270 (0x0ba77753) fsub.d  fa4, fa4, fs10
core   0: 3 0x0000000080000270 (0x0ba77753) f14 0x0000000000010000
core   0: 0x0000000080000274 (0x00302273) csrr    tp, fcsr
core   0: 3 0x0000000080000274 (0x00302273) x4  0x0000000000000000
core   0: 0x0000000080000278 (0x04e0b027) fsd     fa4, 64(ra)
core   0: 3 0x0000000080000278 (0x04e0b027) mem 0x0000000080007158 0x0000000000010000
core   0: 0x000000008000027c (0x0440b423) sd      tp, 72(ra)
core   0: 3 0x000000008000027c (0x0440b423) mem 0x0000000080007160 0x0000000000000000
core   0: >>>>  inst_5
core   0: 0x0000000080000280 (0x0501b487) fld     fs1, 80(gp)
core   0: 3 0x0000000080000280 (0x0501b487) f9  0x0000000000000005 mem 0x0000000080005060
core   0: 0x0000000080000284 (0x0581bb07) fld     fs6, 88(gp)
core   0: 3 0x0000000080000284 (0x0581bb07) f22 0x0000000000000005 mem 0x0000000080005068
core   0: 0x0000000080000288 (0x00000113) li      sp, 0
core   0: 3 0x0000000080000288 (0x00000113) x2  0x0000000000000000
core   0: 0x000000008000028c (0x00311073) csrw    fcsr, sp
core   0: 3 0x000000008000028c (0x00311073) c1_fflags 0x0000000000000000 c2_frm 0x0000000000000000
core   0: 0x0000000080000290 (0x0b64f553) fsub.d  fa0, fs1, fs6
core   0: 3 0x0000000080000290 (0x0b64f553) f10 0x0000000000000000
core   0: 0x0000000080000294 (0x00302273) csrr    tp, fcsr
core   0: 3 0x0000000080000294 (0x00302273) x4  0x0000000000000000
core   0: 0x0000000080000298 (0x04a0b827) fsd     fa0, 80(ra)
core   0: 3 0x0000000080000298 (0x04a0b827) mem 0x0000000080007168 0x0000000000000000
core   0: 0x000000008000029c (0x0440bc23) sd      tp, 88(ra)
core   0: 3 0x000000008000029c (0x0440bc23) mem 0x0000000080007170 0x0000000000000000
core   0: >>>>  inst_6
core   0: 0x00000000800002a0 (0x0601bb07) fld     fs6, 96(gp)
core   0: 3 0x00000000800002a0 (0x0601bb07) f22 0x0000000000000005 mem 0x0000000080005070
core   0: 0x00000000800002a4 (0x0681b087) fld     ft1, 104(gp)
core   0: 3 0x00000000800002a4 (0x0681b087) f1  0x0000000000040005 mem 0x0000000080005078
core   0: 0x00000000800002a8 (0x00000113) li      sp, 0
core   0: 3 0x00000000800002a8 (0x00000113) x2  0x0000000000000000
core   0: 0x00000000800002ac (0x00311073) csrw    fcsr, sp
core   0: 3 0x00000000800002ac (0x00311073) c1_fflags 0x0000000000000000 c2_frm 0x0000000000000000
core   0: 0x00000000800002b0 (0x0a1b7ad3) fsub.d  fs5, fs6, ft1
core   0: 3 0x00000000800002b0 (0x0a1b7ad3) f21 0x8000000000040000
core   0: 0x00000000800002b4 (0x00302273) csrr    tp, fcsr
core   0: 3 0x00000000800002b4 (0x00302273) x4  0x0000000000000000
core   0: 0x00000000800002b8 (0x0750b027) fsd     fs5, 96(ra)
core   0: 3 0x00000000800002b8 (0x0750b027) mem 0x0000000080007178 0x8000000000040000
core   0: 0x00000000800002bc (0x0640b423) sd      tp, 104(ra)
core   0: 3 0x00000000800002bc (0x0640b423) mem 0x0000000080007180 0x0000000000000000
core   0: >>>>  inst_7
core   0: 0x00000000800002c0 (0x0701b307) fld     ft6, 112(gp)
core   0: 3 0x00000000800002c0 (0x0701b307) f6  0x0000000000000005 mem 0x0000000080005080
core   0: 0x00000000800002c4 (0x0781b407) fld     fs0, 120(gp)
core   0: 3 0x00000000800002c4 (0x0781b407) f8  0x0000000000400006 mem 0x0000000080005088
core   0: 0x00000000800002c8 (0x00000113) li      sp, 0
core   0: 3 0x00000000800002c8 (0x00000113) x2  0x0000000000000000
core   0: 0x00000000800002cc (0x00311073) csrw    fcsr, sp
core   0: 3 0x00000000800002cc (0x00311073) c1_fflags 0x0000000000000000 c2_frm 0x0000000000000000
core   0: 0x00000000800002d0 (0x0a837053) fsub.d  ft0, ft6, fs0
core   0: 3 0x00000000800002d0 (0x0a837053) f0  0x8000000000400001
core   0: 0x00000000800002d4 (0x00302273) csrr    tp, fcsr
core   0: 3 0x00000000800002d4 (0x00302273) x4  0x0000000000000000
core   0: 0x00000000800002d8 (0x0600b827) fsd     ft0, 112(ra)
core   0: 3 0x00000000800002d8 (0x0600b827) mem 0x0000000080007188 0x8000000000400001
core   0: 0x00000000800002dc (0x0640bc23) sd      tp, 120(ra)
core   0: 3 0x00000000800002dc (0x0640bc23) mem 0x0000000080007190 0x0000000000000000
core   0: >>>>  inst_8
core   0: 0x00000000800002e0 (0x0801b407) fld     fs0, 128(gp)
core   0: 3 0x00000000800002e0 (0x0801b407) f8  0x0000000000000007 mem 0x0000000080005090
core   0: 0x00000000800002e4 (0x0881b487) fld     fs1, 136(gp)
core   0: 3 0x00000000800002e4 (0x0881b487) f9  0x0000000000008008 mem 0x0000000080005098
core   0: 0x00000000800002e8 (0x00000113) li      sp, 0
core   0: 3 0x00000000800002e8 (0x00000113) x2  0x0000000000000000
core   0: 0x00000000800002ec (0x00311073) csrw    fcsr, sp
core   0: 3 0x00000000800002ec (0x00311073) c1_fflags 0x0000000000000000 c2_frm 0x0000000000000000
core   0: 0x00000000800002f0 (0x0a9470d3) fsub.d  ft1, fs0, fs1
core   0: 3 0x00000000800002f0 (0x0a9470d3) f1  0x8000000000008001
core   0: 0x00000000800002f4 (0x00302273) csrr    tp, fcsr
core   0: 3 0x00000000800002f4 (0x00302273) x4  0x0000000000000000
core   0: 0x00000000800002f8 (0x0810b027) fsd     ft1, 128(ra)
core   0: 3 0x00000000800002f8 (0x0810b027) mem 0x0000000080007198 0x8000000000008001
core   0: 0x00000000800002fc (0x0840b423) sd      tp, 136(ra)
core   0: 3 0x00000000800002fc (0x0840b423) mem 0x00000000800071a0 0x0000000000000000
core   0: >>>>  inst_9
core   0: 0x0000000080000300 (0x0901b207) fld     ft4, 144(gp)
core   0: 3 0x0000000080000300 (0x0901b207) f4  0x0000000000000009 mem 0x00000000800050a0
core   0: 0x0000000080000304 (0x0981bc07) fld     fs8, 152(gp)
core   0: 3 0x0000000080000304 (0x0981bc07) f24 0x8000000000000018 mem 0x00000000800050a8
core   0: 0x0000000080000308 (0x00000113) li      sp, 0
core   0: 3 0x0000000080000308 (0x00000113) x2  0x0000000000000000
core   0: 0x000000008000030c (0x00311073) csrw    fcsr, sp
core   0: 3 0x000000008000030c (0x00311073) c1_fflags 0x0000000000000000 c2_frm 0x0000000000000000
core   0: 0x0000000080000310 (0x0b827453) fsub.d  fs0, ft4, fs8
core   0: 3 0x0000000080000310 (0x0b827453) f8  0x0000000000000021
core   0: 0x0000000080000314 (0x00302273) csrr    tp, fcsr
core   0: 3 0x0000000080000314 (0x00302273) x4  0x0000000000000000
core   0: 0x0000000080000318 (0x0880b827) fsd     fs0, 144(ra)
core   0: 3 0x0000000080000318 (0x0880b827) mem 0x00000000800071a8 0x0000000000000021
core   0: 0x000000008000031c (0x0840bc23) sd      tp, 152(ra)
core   0: 3 0x000000008000031c (0x0840bc23) mem 0x00000000800071b0 0x0000000000000000
core   0: >>>>  inst_10
core   0: 0x0000000080000320 (0x0a01bf87) fld     ft11, 160(gp)
core   0: 3 0x0000000080000320 (0x0a01bf87) f31 0x000000000000000a mem 0x00000000800050b0
core   0: 0x0000000080000324 (0x0a81b987) fld     fs3, 168(gp)
core   0: 3 0x0000000080000324 (0x0a81b987) f19 0x000000000001000b mem 0x00000000800050b8
core   0: 0x0000000080000328 (0x00000113) li      sp, 0
core   0: 3 0x0000000080000328 (0x00000113) x2  0x0000000000000000
core   0: 0x000000008000032c (0x00311073) csrw    fcsr, sp
core   0: 3 0x000000008000032c (0x00311073) c1_fflags 0x0000000000000000 c2_frm 0x0000000000000000
core   0: 0x0000000080000330 (0x0b3ff953) fsub.d  fs2, ft11, fs3
core   0: 3 0x0000000080000330 (0x0b3ff953) f18 0x8000000000010001
core   0: 0x0000000080000334 (0x00302273) csrr    tp, fcsr
core   0: 3 0x0000000080000334 (0x00302273) x4  0x0000000000000000
core   0: 0x0000000080000338 (0x0b20b027) fsd     fs2, 160(ra)
core   0: 3 0x0000000080000338 (0x0b20b027) mem 0x00000000800071b8 0x8000000000010001
core   0: 0x000000008000033c (0x0a40b423) sd      tp, 168(ra)
core   0: 3 0x000000008000033c (0x0a40b423) mem 0x00000000800071c0 0x0000000000000000
core   0: >>>>  inst_11
core   0: 0x0000000080000340 (0x0b01b387) fld     ft7, 176(gp)
core   0: 3 0x0000000080000340 (0x0b01b387) f7  0x000000000000000b mem 0x00000000800050c0
core   0: 0x0000000080000344 (0x0b81b107) fld     ft2, 184(gp)
core   0: 3 0x0000000080000344 (0x0b81b107) f2  0x000ffffffffffffa mem 0x00000000800050c8
core   0: 0x0000000080000348 (0x00000113) li      sp, 0
core   0: 3 0x0000000080000348 (0x00000113) x2  0x0000000000000000
core   0: 0x000000008000034c (0x00311073) csrw    fcsr, sp
core   0: 3 0x000000008000034c (0x00311073) c1_fflags 0x0000000000000000 c2_frm 0x0000000000000000
core   0: 0x0000000080000350 (0x0a23fbd3) fsub.d  fs7, ft7, ft2
core   0: 3 0x0000000080000350 (0x0a23fbd3) f23 0x800fffffffffffef
core   0: 0x0000000080000354 (0x00302273) csrr    tp, fcsr
core   0: 3 0x0000000080000354 (0x00302273) x4  0x0000000000000000
core   0: 0x0000000080000358 (0x0b70b827) fsd     fs7, 176(ra)
core   0: 3 0x0000000080000358 (0x0b70b827) mem 0x00000000800071c8 0x800fffffffffffef
core   0: 0x000000008000035c (0x0a40bc23) sd      tp, 184(ra)
core   0: 3 0x000000008000035c (0x0a40bc23) mem 0x00000000800071d0 0x0000000000000000
core   0: >>>>  inst_12
core   0: 0x0000000080000360 (0x0c01ba87) fld     fs5, 192(gp)
core   0: 3 0x0000000080000360 (0x0c01ba87) f21 0x000000000000000d mem 0x00000000800050d0
core   0: 0x0000000080000364 (0x0c81bc87) fld     fs9, 200(gp)
core   0: 3 0x0000000080000364 (0x0c81bc87) f25 0x000000000000008d mem 0x00000000800050d8
core   0: 0x0000000080000368 (0x00000113) li      sp, 0
core   0: 3 0x0000000080000368 (0x00000113) x2  0x0000000000000000
core   0: 0x000000008000036c (0x00311073) csrw    fcsr, sp
core   0: 3 0x000000008000036c (0x00311073) c1_fflags 0x0000000000000000 c2_frm 0x0000000000000000
core   0: 0x0000000080000370 (0x0b9af253) fsub.d  ft4, fs5, fs9
core   0: 3 0x0000000080000370 (0x0b9af253) f4  0x8000000000000080
core   0: 0x0000000080000374 (0x00302273) csrr    tp, fcsr
core   0: 3 0x0000000080000374 (0x00302273) x4  0x0000000000000000
core   0: 0x0000000080000378 (0x0c40b027) fsd     ft4, 192(ra)
core   0: 3 0x0000000080000378 (0x0c40b027) mem 0x00000000800071d8 0x8000000000000080
core   0: 0x000000008000037c (0x0c40b423) sd      tp, 200(ra)
core   0: 3 0x000000008000037c (0x0c40b423) mem 0x00000000800071e0 0x0000000000000000
core   0: >>>>  inst_13
core   0: 0x0000000080000380 (0x0d01b987) fld     fs3, 208(gp)
core   0: 3 0x0000000080000380 (0x0d01b987) f19 0x000000000000000e mem 0x00000000800050e0
core   0: 0x0000000080000384 (0x0d81bf87) fld     ft11, 216(gp)
core   0: 3 0x0000000080000384 (0x0d81bf87) f31 0x8000000000003ff2 mem 0x00000000800050e8
core   0: 0x0000000080000388 (0x00000113) li      sp, 0
core   0: 3 0x0000000080000388 (0x00000113) x2  0x0000000000000000
core   0: 0x000000008000038c (0x00311073) csrw    fcsr, sp
core   0: 3 0x000000008000038c (0x00311073) c1_fflags 0x0000000000000000 c2_frm 0x0000000000000000
core   0: 0x0000000080000390 (0x0bf9fe53) fsub.d  ft8, fs3, ft11
core   0: 3 0x0000000080000390 (0x0bf9fe53) f28 0x0000000000004000
core   0: 0x0000000080000394 (0x00302273) csrr    tp, fcsr
core   0: 3 0x0000000080000394 (0x00302273) x4  0x0000000000000000
core   0: 0x0000000080000398 (0x0dc0b827) fsd     ft8, 208(ra)
core   0: 3 0x0000000080000398 (0x0dc0b827) mem 0x00000000800071e8 0x0000000000004000
core   0: 0x000000008000039c (0x0c40bc23) sd      tp, 216(ra)
core   0: 3 0x000000008000039c (0x0c40bc23) mem 0x00000000800071f0 0x0000000000000000
core   0: >>>>  inst_14
core   0: 0x00000000800003a0 (0x0e01bd87) fld     fs11, 224(gp)
core   0: 3 0x00000000800003a0 (0x0e01bd87) f27 0x000000000000000e mem 0x00000000800050f0
core   0: 0x00000000800003a4 (0x0e81ba07) fld     fs4, 232(gp)
core   0: 3 0x00000000800003a4 (0x0e81ba07) f20 0x800000000001fff3 mem 0x00000000800050f8
core   0: 0x00000000800003a8 (0x00000113) li      sp, 0
core   0: 3 0x00000000800003a8 (0x00000113) x2  0x0000000000000000
core   0: 0x00000000800003ac (0x00311073) csrw    fcsr, sp
core   0: 3 0x00000000800003ac (0x00311073) c1_fflags 0x0000000000000000 c2_frm 0x0000000000000000
core   0: 0x00000000800003b0 (0x0b4df153) fsub.d  ft2, fs11, fs4
core   0: 3 0x00000000800003b0 (0x0b4df153) f2  0x0000000000020001
core   0: 0x00000000800003b4 (0x00302273) csrr    tp, fcsr
core   0: 3 0x00000000800003b4 (0x00302273) x4  0x0000000000000000
core   0: 0x00000000800003b8 (0x0e20b027) fsd     ft2, 224(ra)
core   0: 3 0x00000000800003b8 (0x0e20b027) mem 0x00000000800071f8 0x0000000000020001
core   0: 0x00000000800003bc (0x0e40b423) sd      tp, 232(ra)
core   0: 3 0x00000000800003bc (0x0e40b423) mem 0x0000000080007200 0x0000000000000000
core   0: >>>>  inst_15
core   0: 0x00000000800003c0 (0x0f01be87) fld     ft9, 240(gp)
core   0: 3 0x00000000800003c0 (0x0f01be87) f29 0x000000000000000f mem 0x0000000080005100
core   0: 0x00000000800003c4 (0x0f81b707) fld     fa4, 248(gp)
core   0: 3 0x00000000800003c4 (0x0f81b707) f14 0x000fffffffe0000e mem 0x0000000080005108
core   0: 0x00000000800003c8 (0x00000113) li      sp, 0
core   0: 3 0x00000000800003c8 (0x00000113) x2  0x0000000000000000
core   0: 0x00000000800003cc (0x00311073) csrw    fcsr, sp
core   0: 3 0x00000000800003cc (0x00311073) c1_fflags 0x0000000000000000 c2_frm 0x0000000000000000
core   0: 0x00000000800003d0 (0x0aeef9d3) fsub.d  fs3, ft9, fa4
core   0: 3 0x00000000800003d0 (0x0aeef9d3) f19 0x800fffffffdfffff
core   0: 0x00000000800003d4 (0x00302273) csrr    tp, fcsr
core   0: 3 0x00000000800003d4 (0x00302273) x4  0x0000000000000000
core   0: 0x00000000800003d8 (0x0f30b827) fsd     fs3, 240(ra)
core   0: 3 0x00000000800003d8 (0x0f30b827) mem 0x0000000080007208 0x800fffffffdfffff
core   0: 0x00000000800003dc (0x0e40bc23) sd      tp, 248(ra)
core   0: 3 0x00000000800003dc (0x0e40bc23) mem 0x0000000080007210 0x0000000000000000
core   0: >>>>  inst_16
core   0: 0x00000000800003e0 (0x1001b507) fld     fa0, 256(gp)
core   0: 3 0x00000000800003e0 (0x1001b507) f10 0x000000000000000f mem 0x0000000080005110
core   0: 0x00000000800003e4 (0x1081b307) fld     ft6, 264(gp)
core   0: 3 0x00000000800003e4 (0x1081b307) f6  0x8000000000001ff2 mem 0x0000000080005118
core   0: 0x00000000800003e8 (0x00000113) li      sp, 0
core   0: 3 0x00000000800003e8 (0x00000113) x2  0x0000000000000000
core   0: 0x00000000800003ec (0x00311073) csrw    fcsr, sp
core   0: 3 0x00000000800003ec (0x00311073) c1_fflags 0x0000000000000000 c2_frm 0x0000000000000000
core   0: 0x00000000800003f0 (0x0a657ed3) fsub.d  ft9, fa0, ft6
core   0: 3 0x00000000800003f0 (0x0a657ed3) f29 0x0000000000002001
core   0: 0x00000000800003f4 (0x00302273) csrr    tp, fcsr
core   0: 3 0x00000000800003f4 (0x00302273) x4  0x0000000000000000
core   0: 0x00000000800003f8 (0x11d0b027) fsd     ft9, 256(ra)
core   0: 3 0x00000000800003f8 (0x11d0b027) mem 0x0000000080007218 0x0000000000002001
core   0: 0x00000000800003fc (0x1040b423) sd      tp, 264(ra)
core   0: 3 0x00000000800003fc (0x1040b423) mem 0x0000000080007220 0x0000000000000000
core   0: >>>>  inst_17
core   0: 0x0000000080000400 (0x1101b287) fld     ft5, 272(gp)
core   0: 3 0x0000000080000400 (0x1101b287) f5  0x0000000000000011 mem 0x0000000080005120
core   0: 0x0000000080000404 (0x1181b507) fld     fa0, 280(gp)
core   0: 3 0x0000000080000404 (0x1181b507) f10 0x0000000000004012 mem 0x0000000080005128
core   0: 0x0000000080000408 (0x00000113) li      sp, 0
core   0: 3 0x0000000080000408 (0x00000113) x2  0x0000000000000000
core   0: 0x000000008000040c (0x00311073) csrw    fcsr, sp
core   0: 3 0x000000008000040c (0x00311073) c1_fflags 0x0000000000000000 c2_frm 0x0000000000000000
core   0: 0x0000000080000410 (0x0aa2fa53) fsub.d  fs4, ft5, fa0
core   0: 3 0x0000000080000410 (0x0aa2fa53) f20 0x8000000000004001
core   0: 0x0000000080000414 (0x00302273) csrr    tp, fcsr
core   0: 3 0x0000000080000414 (0x00302273) x4  0x0000000000000000
core   0: 0x0000000080000418 (0x1140b827) fsd     fs4, 272(ra)
core   0: 3 0x0000000080000418 (0x1140b827) mem 0x0000000080007228 0x8000000000004001
core   0: 0x000000008000041c (0x1040bc23) sd      tp, 280(ra)
core   0: 3 0x000000008000041c (0x1040bc23) mem 0x0000000080007230 0x0000000000000000
core   0: >>>>  inst_18
core   0: 0x0000000080000420 (0x1201b807) fld     fa6, 288(gp)
core   0: 3 0x0000000080000420 (0x1201b807) f16 0x0000000000000011 mem 0x0000000080005130
core   0: 0x0000000080000424 (0x1281be87) fld     ft9, 296(gp)
core   0: 3 0x0000000080000424 (0x1281be87) f29 0x000ffffffff00010 mem 0x0000000080005138
core   0: 0x0000000080000428 (0x00000113) li      sp, 0
core   0: 3 0x0000000080000428 (0x00000113) x2  0x0000000000000000
core   0: 0x000000008000042c (0x00311073) csrw    fcsr, sp
core   0: 3 0x000000008000042c (0x00311073) c1_fflags 0x0000000000000000 c2_frm 0x0000000000000000
core   0: 0x0000000080000430 (0x0bd87d53) fsub.d  fs10, fa6, ft9
core   0: 3 0x0000000080000430 (0x0bd87d53) f26 0x800fffffffefffff
core   0: 0x0000000080000434 (0x00302273) csrr    tp, fcsr
core   0: 3 0x0000000080000434 (0x00302273) x4  0x0000000000000000
core   0: 0x0000000080000438 (0x13a0b027) fsd     fs10, 288(ra)
core   0: 3 0x0000000080000438 (0x13a0b027) mem 0x0000000080007238 0x800fffffffefffff
core   0: 0x000000008000043c (0x1240b423) sd      tp, 296(ra)
core   0: 3 0x000000008000043c (0x1240b423) mem 0x0000000080007240 0x0000000000000000
core   0: >>>>  inst_19
core   0: 0x0000000080000440 (0x1301bf07) fld     ft10, 304(gp)
core   0: 3 0x0000000080000440 (0x1301bf07) f30 0x0000000000000012 mem 0x0000000080005140
core   0: 0x0000000080000444 (0x1381b887) fld     fa7, 312(gp)
core   0: 3 0x0000000080000444 (0x1381b887) f17 0x0000000000000011 mem 0x0000000080005148
core   0: 0x0000000080000448 (0x00000113) li      sp, 0
core   0: 3 0x0000000080000448 (0x00000113) x2  0x0000000000000000
core   0: 0x000000008000044c (0x00311073) csrw    fcsr, sp
core   0: 3 0x000000008000044c (0x00311073) c1_fflags 0x0000000000000000 c2_frm 0x0000000000000000
core   0: 0x0000000080000450 (0x0b1f7853) fsub.d  fa6, ft10, fa7
core   0: 3 0x0000000080000450 (0x0b1f7853) f16 0x0000000000000001
core   0: 0x0000000080000454 (0x00302273) csrr    tp, fcsr
core   0: 3 0x0000000080000454 (0x00302273) x4  0x0000000000000000
core   0: 0x0000000080000458 (0x1300b827) fsd     fa6, 304(ra)
core   0: 3 0x0000000080000458 (0x1300b827) mem 0x0000000080007248 0x0000000000000001
core   0: 0x000000008000045c (0x1240bc23) sd      tp, 312(ra)
core   0: 3 0x000000008000045c (0x1240bc23) mem 0x0000000080007250 0x0000000000000000
core   0: >>>>  inst_20
core   0: 0x0000000080000460 (0x1401b887) fld     fa7, 320(gp)
core   0: 3 0x0000000080000460 (0x1401b887) f17 0x0000000000000015 mem 0x0000000080005150
core   0: 0x0000000080000464 (0x1481b287) fld     ft5, 328(gp)
core   0: 3 0x0000000080000464 (0x1481b287) f5  0x0000000000000018 mem 0x0000000080005158
core   0: 0x0000000080000468 (0x00000113) li      sp, 0
core   0: 3 0x0000000080000468 (0x00000113) x2  0x0000000000000000
core   0: 0x000000008000046c (0x00311073) csrw    fcsr, sp
core   0: 3 0x000000008000046c (0x00311073) c1_fflags 0x0000000000000000 c2_frm 0x0000000000000000
core   0: 0x0000000080000470 (0x0a58f353) fsub.d  ft6, fa7, ft5
core   0: 3 0x0000000080000470 (0x0a58f353) f6  0x8000000000000003
core   0: 0x0000000080000474 (0x00302273) csrr    tp, fcsr
core   0: 3 0x0000000080000474 (0x00302273) x4  0x0000000000000000
core   0: 0x0000000080000478 (0x1460b027) fsd     ft6, 320(ra)
core   0: 3 0x0000000080000478 (0x1460b027) mem 0x0000000080007258 0x8000000000000003
core   0: 0x000000008000047c (0x1440b423) sd      tp, 328(ra)
core   0: 3 0x000000008000047c (0x1440b423) mem 0x0000000080007260 0x0000000000000000
core   0: >>>>  inst_21
core   0: 0x0000000080000480 (0x1501b687) fld     fa3, 336(gp)
core   0: 3 0x0000000080000480 (0x1501b687) f13 0x0000000000000015 mem 0x0000000080005160
core   0: 0x0000000080000484 (0x1581bb87) fld     fs7, 344(gp)
core   0: 3 0x0000000080000484 (0x1581bb87) f23 0x800000000000002c mem 0x0000000080005168
core   0: 0x0000000080000488 (0x00000113) li      sp, 0
core   0: 3 0x0000000080000488 (0x00000113) x2  0x0000000000000000
core   0: 0x000000008000048c (0x00311073) csrw    fcsr, sp
core   0: 3 0x000000008000048c (0x00311073) c1_fflags 0x0000000000000000 c2_frm 0x0000000000000000
core   0: 0x0000000080000490 (0x0b76ff53) fsub.d  ft10, fa3, fs7
core   0: 3 0x0000000080000490 (0x0b76ff53) f30 0x0000000000000041
core   0: 0x0000000080000494 (0x00302273) csrr    tp, fcsr
core   0: 3 0x0000000080000494 (0x00302273) x4  0x0000000000000000
core   0: 0x0000000080000498 (0x15e0b827) fsd     ft10, 336(ra)
core   0: 3 0x0000000080000498 (0x15e0b827) mem 0x0000000080007268 0x0000000000000041
core   0: 0x000000008000049c (0x1440bc23) sd      tp, 344(ra)
core   0: 3 0x000000008000049c (0x1440bc23) mem 0x0000000080007270 0x0000000000000000
core   0: >>>>  inst_22
core   0: 0x00000000800004a0 (0x1601b907) fld     fs2, 352(gp)
core   0: 3 0x00000000800004a0 (0x1601b907) f18 0x0000000000000016 mem 0x0000000080005170
core   0: 0x00000000800004a4 (0x1681b607) fld     fa2, 360(gp)
core   0: 3 0x00000000800004a4 (0x1681b607) f12 0x000ffffffffffff5 mem 0x0000000080005178
core   0: 0x00000000800004a8 (0x00000113) li      sp, 0
core   0: 3 0x00000000800004a8 (0x00000113) x2  0x0000000000000000
core   0: 0x00000000800004ac (0x00311073) csrw    fcsr, sp
core   0: 3 0x00000000800004ac (0x00311073) c1_fflags 0x0000000000000000 c2_frm 0x0000000000000000
core   0: 0x00000000800004b0 (0x0ac97b53) fsub.d  fs6, fs2, fa2
core   0: 3 0x00000000800004b0 (0x0ac97b53) f22 0x800fffffffffffdf
core   0: 0x00000000800004b4 (0x00302273) csrr    tp, fcsr
core   0: 3 0x00000000800004b4 (0x00302273) x4  0x0000000000000000
core   0: 0x00000000800004b8 (0x1760b027) fsd     fs6, 352(ra)
core   0: 3 0x00000000800004b8 (0x1760b027) mem 0x0000000080007278 0x800fffffffffffdf
core   0: 0x00000000800004bc (0x1640b423) sd      tp, 360(ra)
core   0: 3 0x00000000800004bc (0x1640b423) mem 0x0000000080007280 0x0000000000000000
core   0: >>>>  inst_23
core   0: 0x00000000800004c0 (0x1701b187) fld     ft3, 368(gp)
core   0: 3 0x00000000800004c0 (0x1701b187) f3  0x0000000000000019 mem 0x0000000080005180
core   0: 0x00000000800004c4 (0x1781b907) fld     fs2, 376(gp)
core   0: 3 0x00000000800004c4 (0x1781b907) f18 0x0000000000004019 mem 0x0000000080005188
core   0: 0x00000000800004c8 (0x00000113) li      sp, 0
core   0: 3 0x00000000800004c8 (0x00000113) x2  0x0000000000000000
core   0: 0x00000000800004cc (0x00311073) csrw    fcsr, sp
core   0: 3 0x00000000800004cc (0x00311073) c1_fflags 0x0000000000000000 c2_frm 0x0000000000000000
core   0: 0x00000000800004d0 (0x0b21f4d3) fsub.d  fs1, ft3, fs2
core   0: 3 0x00000000800004d0 (0x0b21f4d3) f9  0x8000000000004000
core   0: 0x00000000800004d4 (0x00302273) csrr    tp, fcsr
core   0: 3 0x00000000800004d4 (0x00302273) x4  0x0000000000000000
core   0: 0x00000000800004d8 (0x1690b827) fsd     fs1, 368(ra)
core   0: 3 0x00000000800004d8 (0x1690b827) mem 0x0000000080007288 0x8000000000004000
core   0: 0x00000000800004dc (0x1640bc23) sd      tp, 376(ra)
core   0: 3 0x00000000800004dc (0x1640bc23) mem 0x0000000080007290 0x0000000000000000
core   0: >>>>  inst_24
core   0: 0x00000000800004e0 (0x1801b107) fld     ft2, 384(gp)
core   0: 3 0x00000000800004e0 (0x1801b107) f2  0x0000000000000019 mem 0x0000000080005190
core   0: 0x00000000800004e4 (0x1881bd87) fld     fs11, 392(gp)
core   0: 3 0x00000000800004e4 (0x1881bd87) f27 0x800000000000ffe8 mem 0x0000000080005198
core   0: 0x00000000800004e8 (0x00000113) li      sp, 0
core   0: 3 0x00000000800004e8 (0x00000113) x2  0x0000000000000000
core   0: 0x00000000800004ec (0x00311073) csrw    fcsr, sp
core   0: 3 0x00000000800004ec (0x00311073) c1_fflags 0x0000000000000000 c2_frm 0x0000000000000000
core   0: 0x00000000800004f0 (0x0bb17cd3) fsub.d  fs9, ft2, fs11
core   0: 3 0x00000000800004f0 (0x0bb17cd3) f25 0x0000000000010001
core   0: 0x00000000800004f4 (0x00302273) csrr    tp, fcsr
core   0: 3 0x00000000800004f4 (0x00302273) x4  0x0000000000000000
core   0: 0x00000000800004f8 (0x1990b027) fsd     fs9, 384(ra)
core   0: 3 0x00000000800004f8 (0x1990b027) mem 0x0000000080007298 0x0000000000010001
core   0: 0x00000000800004fc (0x1840b423) sd      tp, 392(ra)
core   0: 3 0x00000000800004fc (0x1840b423) mem 0x00000000800072a0 0x0000000000000000
core   0: >>>>  inst_25
core   0: 0x0000000080000500 (0x1901bc87) fld     fs9, 400(gp)
core   0: 3 0x0000000080000500 (0x1901bc87) f25 0x000000000000001a mem 0x00000000800051a0
core   0: 0x0000000080000504 (0x1981b587) fld     fa1, 408(gp)
core   0: 3 0x0000000080000504 (0x1981b587) f11 0x800ffffffffeffe5 mem 0x00000000800051a8
core   0: 0x0000000080000508 (0x00000113) li      sp, 0
core   0: 3 0x0000000080000508 (0x00000113) x2  0x0000000000000000
core   0: 0x000000008000050c (0x00311073) csrw    fcsr, sp
core   0: 3 0x000000008000050c (0x00311073) c1_fflags 0x0000000000000000 c2_frm 0x0000000000000000
core   0: 0x0000000080000510 (0x0abcf2d3) fsub.d  ft5, fs9, fa1
core   0: 3 0x0000000080000510 (0x0abcf2d3) f5  0x000ffffffffeffff
core   0: 0x0000000080000514 (0x00302273) csrr    tp, fcsr
core   0: 3 0x0000000080000514 (0x00302273) x4  0x0000000000000000
core   0: 0x0000000080000518 (0x1850b827) fsd     ft5, 400(ra)
core   0: 3 0x0000000080000518 (0x1850b827) mem 0x00000000800072a8 0x000ffffffffeffff
core   0: 0x000000008000051c (0x1840bc23) sd      tp, 408(ra)
core   0: 3 0x000000008000051c (0x1840bc23) mem 0x00000000800072b0 0x0000000000000000
core   0: >>>>  inst_26
core   0: 0x0000000080000520 (0x1a01b607) fld     fa2, 416(gp)
core   0: 3 0x0000000080000520 (0x1a01b607) f12 0x000000000000001b mem 0x00000000800051b0
core   0: 0x0000000080000524 (0x1a81ba87) fld     fs5, 424(gp)
core   0: 3 0x0000000080000524 (0x1a81ba87) f21 0x8000000000000025 mem 0x00000000800051b8
core   0: 0x0000000080000528 (0x00000113) li      sp, 0
core   0: 3 0x0000000080000528 (0x00000113) x2  0x0000000000000000
core   0: 0x000000008000052c (0x00311073) csrw    fcsr, sp
core   0: 3 0x000000008000052c (0x00311073) c1_fflags 0x0000000000000000 c2_frm 0x0000000000000000
core   0: 0x0000000080000530 (0x0b567c53) fsub.d  fs8, fa2, fs5
core   0: 3 0x0000000080000530 (0x0b567c53) f24 0x0000000000000040
core   0: 0x0000000080000534 (0x00302273) csrr    tp, fcsr
core   0: 3 0x0000000080000534 (0x00302273) x4  0x0000000000000000
core   0: 0x0000000080000538 (0x1b80b027) fsd     fs8, 416(ra)
core   0: 3 0x0000000080000538 (0x1b80b027) mem 0x00000000800072b8 0x0000000000000040
core   0: 0x000000008000053c (0x1a40b423) sd      tp, 424(ra)
core   0: 3 0x000000008000053c (0x1a40b423) mem 0x00000000800072c0 0x0000000000000000
core   0: >>>>  inst_27
core   0: 0x0000000080000540 (0x1b01b587) fld     fa1, 432(gp)
core   0: 3 0x0000000080000540 (0x1b01b587) f11 0x000000000000001b mem 0x00000000800051c0
core   0: 0x0000000080000544 (0x1b81bf07) fld     ft10, 440(gp)
core   0: 3 0x0000000080000544 (0x1b81bf07) f30 0x800000000007ffe6 mem 0x00000000800051c8
core   0: 0x0000000080000548 (0x00000113) li      sp, 0
core   0: 3 0x0000000080000548 (0x00000113) x2  0x0000000000000000
core   0: 0x000000008000054c (0x00311073) csrw    fcsr, sp
core   0: 3 0x000000008000054c (0x00311073) c1_fflags 0x0000000000000000 c2_frm 0x0000000000000000
core   0: 0x0000000080000550 (0x0be5f653) fsub.d  fa2, fa1, ft10
core   0: 3 0x0000000080000550 (0x0be5f653) f12 0x0000000000080001
core   0: 0x0000000080000554 (0x00302273) csrr    tp, fcsr
core   0: 3 0x0000000080000554 (0x00302273) x4  0x0000000000000000
core   0: 0x0000000080000558 (0x1ac0b827) fsd     fa2, 432(ra)
core   0: 3 0x0000000080000558 (0x1ac0b827) mem 0x00000000800072c8 0x0000000000080001
core   0: 0x000000008000055c (0x1a40bc23) sd      tp, 440(ra)
core   0: 3 0x000000008000055c (0x1a40bc23) mem 0x00000000800072d0 0x0000000000000000
core   0: >>>>  inst_28
core   0: 0x0000000080000560 (0x1c01ba07) fld     fs4, 448(gp)
core   0: 3 0x0000000080000560 (0x1c01ba07) f20 0x000000000000001b mem 0x00000000800051d0
core   0: 0x0000000080000564 (0x1c81b007) fld     ft0, 456(gp)
core   0: 3 0x0000000080000564 (0x1c81b007) f0  0x800fffffffffffa4 mem 0x00000000800051d8
core   0: 0x0000000080000568 (0x00000113) li      sp, 0
core   0: 3 0x0000000080000568 (0x00000113) x2  0x0000000000000000
core   0: 0x000000008000056c (0x00311073) csrw    fcsr, sp
core   0: 3 0x000000008000056c (0x00311073) c1_fflags 0x0000000000000000 c2_frm 0x0000000000000000
core   0: 0x0000000080000570 (0x0a0a75d3) fsub.d  fa1, fs4, ft0
core   0: 3 0x0000000080000570 (0x0a0a75d3) f11 0x000fffffffffffbf
core   0: 0x0000000080000574 (0x00302273) csrr    tp, fcsr
core   0: 3 0x0000000080000574 (0x00302273) x4  0x0000000000000000
core   0: 0x0000000080000578 (0x1cb0b027) fsd     fa1, 448(ra)
core   0: 3 0x0000000080000578 (0x1cb0b027) mem 0x00000000800072d8 0x000fffffffffffbf
core   0: 0x000000008000057c (0x1c40b423) sd      tp, 456(ra)
core   0: 3 0x000000008000057c (0x1c40b423) mem 0x00000000800072e0 0x0000000000000000
core   0: >>>>  inst_29
core   0: 0x0000000080000580 (0x1d01b087) fld     ft1, 464(gp)
core   0: 3 0x0000000080000580 (0x1d01b087) f1  0x000000000000001c mem 0x00000000800051e0
core   0: 0x0000000080000584 (0x1d81b687) fld     fa3, 472(gp)
core   0: 3 0x0000000080000584 (0x1d81b687) f13 0x800000000007ffe4 mem 0x00000000800051e8
core   0: 0x0000000080000588 (0x00000113) li      sp, 0
core   0: 3 0x0000000080000588 (0x00000113) x2  0x0000000000000000
core   0: 0x000000008000058c (0x00311073) csrw    fcsr, sp
core   0: 3 0x000000008000058c (0x00311073) c1_fflags 0x0000000000000000 c2_frm 0x0000000000000000
core   0: 0x0000000080000590 (0x0ad0fdd3) fsub.d  fs11, ft1, fa3
core   0: 3 0x0000000080000590 (0x0ad0fdd3) f27 0x0000000000080000
core   0: 0x0000000080000594 (0x00302273) csrr    tp, fcsr
core   0: 3 0x0000000080000594 (0x00302273) x4  0x0000000000000000
core   0: 0x0000000080000598 (0x1db0b827) fsd     fs11, 464(ra)
core   0: 3 0x0000000080000598 (0x1db0b827) mem 0x00000000800072e8 0x0000000000080000
core   0: 0x000000008000059c (0x1c40bc23) sd      tp, 472(ra)
core   0: 3 0x000000008000059c (0x1c40bc23) mem 0x00000000800072f0 0x0000000000000000
core   0: >>>>  inst_30
core   0: 0x00000000800005a0 (0x1e01bc07) fld     fs8, 480(gp)
core   0: 3 0x00000000800005a0 (0x1e01bc07) f24 0x000000000000001c mem 0x00000000800051f0
core   0: 0x00000000800005a4 (0x1e81b207) fld     ft4, 488(gp)
core   0: 3 0x00000000800005a4 (0x1e81b207) f4  0x800ffffffff7ffe3 mem 0x00000000800051f8
core   0: 0x00000000800005a8 (0x00000113) li      sp, 0
core   0: 3 0x00000000800005a8 (0x00000113) x2  0x0000000000000000
core   0: 0x00000000800005ac (0x00311073) csrw    fcsr, sp
core   0: 3 0x00000000800005ac (0x00311073) c1_fflags 0x0000000000000000 c2_frm 0x0000000000000000
core   0: 0x00000000800005b0 (0x0a4c78d3) fsub.d  fa7, fs8, ft4
core   0: 3 0x00000000800005b0 (0x0a4c78d3) f17 0x000ffffffff7ffff
core   0: 0x00000000800005b4 (0x00302273) csrr    tp, fcsr
core   0: 3 0x00000000800005b4 (0x00302273) x4  0x0000000000000000
core   0: 0x00000000800005b8 (0x1f10b027) fsd     fa7, 480(ra)
core   0: 3 0x00000000800005b8 (0x1f10b027) mem 0x00000000800072f8 0x000ffffffff7ffff
core   0: 0x00000000800005bc (0x1e40b423) sd      tp, 488(ra)
core   0: 3 0x00000000800005bc (0x1e40b423) mem 0x0000000080007300 0x0000000000000000
core   0: >>>>  inst_31
core   0: 0x00000000800005c0 (0x1f01bd07) fld     fs10, 496(gp)
core   0: 3 0x00000000800005c0 (0x1f01bd07) f26 0x000000000000001c mem 0x0000000080005200
core   0: 0x00000000800005c4 (0x1f81b807) fld     fa6, 504(gp)
core   0: 3 0x00000000800005c4 (0x1f81b807) f16 0x800fffffffffffe2 mem 0x0000000080005208
core   0: 0x00000000800005c8 (0x00000113) li      sp, 0
core   0: 3 0x00000000800005c8 (0x00000113) x2  0x0000000000000000
core   0: 0x00000000800005cc (0x00311073) csrw    fcsr, sp
core   0: 3 0x00000000800005cc (0x00311073) c1_fflags 0x0000000000000000 c2_frm 0x0000000000000000
core   0: 0x00000000800005d0 (0x0b0d73d3) fsub.d  ft7, fs10, fa6
core   0: 3 0x00000000800005d0 (0x0b0d73d3) f7  0x000ffffffffffffe
core   0: 0x00000000800005d4 (0x00302273) csrr    tp, fcsr
core   0: 3 0x00000000800005d4 (0x00302273) x4  0x0000000000000000
core   0: 0x00000000800005d8 (0x1e70b827) fsd     ft7, 496(ra)
core   0: 3 0x00000000800005d8 (0x1e70b827) mem 0x0000000080007308 0x000ffffffffffffe
core   0: 0x00000000800005dc (0x1e40bc23) sd      tp, 504(ra)
core   0: 3 0x00000000800005dc (0x1e40bc23) mem 0x0000000080007310 0x0000000000000000
core   0: >>>>  inst_32
core   0: 0x00000000800005e0 (0x2001bf07) fld     ft10, 512(gp)
core   0: 3 0x00000000800005e0 (0x2001bf07) f30 0x000000000000001d mem 0x0000000080005210
core   0: 0x00000000800005e4 (0x2081be87) fld     ft9, 520(gp)
core   0: 3 0x00000000800005e4 (0x2081be87) f29 0x0000000000000025 mem 0x0000000080005218
core   0: 0x00000000800005e8 (0x00000113) li      sp, 0
core   0: 3 0x00000000800005e8 (0x00000113) x2  0x0000000000000000
core   0: 0x00000000800005ec (0x00311073) csrw    fcsr, sp
core   0: 3 0x00000000800005ec (0x00311073) c1_fflags 0x0000000000000000 c2_frm 0x0000000000000000
core   0: 0x00000000800005f0 (0x0bdf7fd3) fsub.d  ft11, ft10, ft9
core   0: 3 0x00000000800005f0 (0x0bdf7fd3) f31 0x8000000000000008
core   0: 0x00000000800005f4 (0x00302273) csrr    tp, fcsr
core   0: 3 0x00000000800005f4 (0x00302273) x4  0x0000000000000000
core   0: 0x00000000800005f8 (0x21f0b027) fsd     ft11, 512(ra)
core   0: 3 0x00000000800005f8 (0x21f0b027) mem 0x0000000080007318 0x8000000000000008
core   0: 0x00000000800005fc (0x2040b423) sd      tp, 520(ra)
core   0: 3 0x00000000800005fc (0x2040b423) mem 0x0000000080007320 0x0000000000000000
core   0: >>>>  inst_33
core   0: 0x0000000080000600 (0x2101bf07) fld     ft10, 528(gp)
core   0: 3 0x0000000080000600 (0x2101bf07) f30 0x000000000000001d mem 0x0000000080005220
core   0: 0x0000000080000604 (0x2181be87) fld     ft9, 536(gp)
core   0: 3 0x0000000080000604 (0x2181be87) f29 0x000000000000009e mem 0x0000000080005228
core   0: 0x0000000080000608 (0x00000113) li      sp, 0
core   0: 3 0x0000000080000608 (0x00000113) x2  0x0000000000000000
core   0: 0x000000008000060c (0x00311073) csrw    fcsr, sp
core   0: 3 0x000000008000060c (0x00311073) c1_fflags 0x0000000000000000 c2_frm 0x0000000000000000
core   0: 0x0000000080000610 (0x0bdf7fd3) fsub.d  ft11, ft10, ft9
core   0: 3 0x0000000080000610 (0x0bdf7fd3) f31 0x8000000000000081
core   0: 0x0000000080000614 (0x00302273) csrr    tp, fcsr
core   0: 3 0x0000000080000614 (0x00302273) x4  0x0000000000000000
core   0: 0x0000000080000618 (0x21f0b827) fsd     ft11, 528(ra)
core   0: 3 0x0000000080000618 (0x21f0b827) mem 0x0000000080007328 0x8000000000000081
core   0: 0x000000008000061c (0x2040bc23) sd      tp, 536(ra)
core   0: 3 0x000000008000061c (0x2040bc23) mem 0x0000000080007330 0x0000000000000000
core   0: >>>>  inst_34
core   0: 0x0000000080000620 (0x2201bf07) fld     ft10, 544(gp)
core   0: 3 0x0000000080000620 (0x2201bf07) f30 0x000000000000001d mem 0x0000000080005230
core   0: 0x0000000080000624 (0x2281be87) fld     ft9, 552(gp)
core   0: 3 0x0000000080000624 (0x2281be87) f29 0x80000000001fffe4 mem 0x0000000080005238
core   0: 0x0000000080000628 (0x00000113) li      sp, 0
core   0: 3 0x0000000080000628 (0x00000113) x2  0x0000000000000000
core   0: 0x000000008000062c (0x00311073) csrw    fcsr, sp
core   0: 3 0x000000008000062c (0x00311073) c1_fflags 0x0000000000000000 c2_frm 0x0000000000000000
core   0: 0x0000000080000630 (0x0bdf7fd3) fsub.d  ft11, ft10, ft9
core   0: 3 0x0000000080000630 (0x0bdf7fd3) f31 0x0000000000200001
core   0: 0x0000000080000634 (0x00302273) csrr    tp, fcsr
core   0: 3 0x0000000080000634 (0x00302273) x4  0x0000000000000000
core   0: 0x0000000080000638 (0x23f0b027) fsd     ft11, 544(ra)
core   0: 3 0x0000000080000638 (0x23f0b027) mem 0x0000000080007338 0x0000000000200001
core   0: 0x000000008000063c (0x2240b423) sd      tp, 552(ra)
core   0: 3 0x000000008000063c (0x2240b423) mem 0x0000000080007340 0x0000000000000000
core   0: >>>>  inst_35
core   0: 0x0000000080000640 (0x2301bf07) fld     ft10, 560(gp)
core   0: 3 0x0000000080000640 (0x2301bf07) f30 0x000000000000001e mem 0x0000000080005240
core   0: 0x0000000080000644 (0x2381be87) fld     ft9, 568(gp)
core   0: 3 0x0000000080000644 (0x2381be87) f29 0x0000000000000020 mem 0x0000000080005248
core   0: 0x0000000080000648 (0x00000113) li      sp, 0
core   0: 3 0x0000000080000648 (0x00000113) x2  0x0000000000000000
core   0: 0x000000008000064c (0x00311073) csrw    fcsr, sp
core   0: 3 0x000000008000064c (0x00311073) c1_fflags 0x0000000000000000 c2_frm 0x0000000000000000
core   0: 0x0000000080000650 (0x0bdf7fd3) fsub.d  ft11, ft10, ft9
core   0: 3 0x0000000080000650 (0x0bdf7fd3) f31 0x8000000000000002
core   0: 0x0000000080000654 (0x00302273) csrr    tp, fcsr
core   0: 3 0x0000000080000654 (0x00302273) x4  0x0000000000000000
core   0: 0x0000000080000658 (0x23f0b827) fsd     ft11, 560(ra)
core   0: 3 0x0000000080000658 (0x23f0b827) mem 0x0000000080007348 0x8000000000000002
core   0: 0x000000008000065c (0x2240bc23) sd      tp, 568(ra)
core   0: 3 0x000000008000065c (0x2240bc23) mem 0x0000000080007350 0x0000000000000000
core   0: >>>>  inst_36
core   0: 0x0000000080000660 (0x2401bf07) fld     ft10, 576(gp)
core   0: 3 0x0000000080000660 (0x2401bf07) f30 0x000000000000001e mem 0x0000000080005250
core   0: 0x0000000080000664 (0x2481be87) fld     ft9, 584(gp)
core   0: 3 0x0000000080000664 (0x2481be87) f29 0x0000000000000022 mem 0x0000000080005258
core   0: 0x0000000080000668 (0x00000113) li      sp, 0
core   0: 3 0x0000000080000668 (0x00000113) x2  0x0000000000000000
core   0: 0x000000008000066c (0x00311073) csrw    fcsr, sp
core   0: 3 0x000000008000066c (0x00311073) c1_fflags 0x0000000000000000 c2_frm 0x0000000000000000
core   0: 0x0000000080000670 (0x0bdf7fd3) fsub.d  ft11, ft10, ft9
core   0: 3 0x0000000080000670 (0x0bdf7fd3) f31 0x8000000000000004
core   0: 0x0000000080000674 (0x00302273) csrr    tp, fcsr
core   0: 3 0x0000000080000674 (0x00302273) x4  0x0000000000000000
core   0: 0x0000000080000678 (0x25f0b027) fsd     ft11, 576(ra)
core   0: 3 0x0000000080000678 (0x25f0b027) mem 0x0000000080007358 0x8000000000000004
core   0: 0x000000008000067c (0x2440b423) sd      tp, 584(ra)
core   0: 3 0x000000008000067c (0x2440b423) mem 0x0000000080007360 0x0000000000000000
core   0: >>>>  inst_37
core   0: 0x0000000080000680 (0x2501bf07) fld     ft10, 592(gp)
core   0: 3 0x0000000080000680 (0x2501bf07) f30 0x000000000000001e mem 0x0000000080005260
core   0: 0x0000000080000684 (0x2581be87) fld     ft9, 600(gp)
core   0: 3 0x0000000080000684 (0x2581be87) f29 0x8000000000001fe2 mem 0x0000000080005268
core   0: 0x0000000080000688 (0x00000113) li      sp, 0
core   0: 3 0x0000000080000688 (0x00000113) x2  0x0000000000000000
core   0: 0x000000008000068c (0x00311073) csrw    fcsr, sp
core   0: 3 0x000000008000068c (0x00311073) c1_fflags 0x0000000000000000 c2_frm 0x0000000000000000
core   0: 0x0000000080000690 (0x0bdf7fd3) fsub.d  ft11, ft10, ft9
core   0: 3 0x0000000080000690 (0x0bdf7fd3) f31 0x0000000000002000
core   0: 0x0000000080000694 (0x00302273) csrr    tp, fcsr
core   0: 3 0x0000000080000694 (0x00302273) x4  0x0000000000000000
core   0: 0x0000000080000698 (0x25f0b827) fsd     ft11, 592(ra)
core   0: 3 0x0000000080000698 (0x25f0b827) mem 0x0000000080007368 0x0000000000002000
core   0: 0x000000008000069c (0x2440bc23) sd      tp, 600(ra)
core   0: 3 0x000000008000069c (0x2440bc23) mem 0x0000000080007370 0x0000000000000000
core   0: >>>>  inst_38
core   0: 0x00000000800006a0 (0x2601bf07) fld     ft10, 608(gp)
core   0: 3 0x00000000800006a0 (0x2601bf07) f30 0x000000000000001f mem 0x0000000080005270
core   0: 0x00000000800006a4 (0x2681be87) fld     ft9, 616(gp)
core   0: 3 0x00000000800006a4 (0x2681be87) f29 0x001000000000001a mem 0x0000000080005278
core   0: 0x00000000800006a8 (0x00000113) li      sp, 0
core   0: 3 0x00000000800006a8 (0x00000113) x2  0x0000000000000000
core   0: 0x00000000800006ac (0x00311073) csrw    fcsr, sp
core   0: 3 0x00000000800006ac (0x00311073) c1_fflags 0x0000000000000000 c2_frm 0x0000000000000000
core   0: 0x00000000800006b0 (0x0bdf7fd3) fsub.d  ft11, ft10, ft9
core   0: 3 0x00000000800006b0 (0x0bdf7fd3) f31 0x800ffffffffffffb
core   0: 0x00000000800006b4 (0x00302273) csrr    tp, fcsr
core   0: 3 0x00000000800006b4 (0x00302273) x4  0x0000000000000000
core   0: 0x00000000800006b8 (0x27f0b027) fsd     ft11, 608(ra)
core   0: 3 0x00000000800006b8 (0x27f0b027) mem 0x0000000080007378 0x800ffffffffffffb
core   0: 0x00000000800006bc (0x2640b423) sd      tp, 616(ra)
core   0: 3 0x00000000800006bc (0x2640b423) mem 0x0000000080007380 0x0000000000000000
core   0: >>>>  inst_39
core   0: 0x00000000800006c0 (0x2701bf07) fld     ft10, 624(gp)
core   0: 3 0x00000000800006c0 (0x2701bf07) f30 0x0000000000000020 mem 0x0000000080005280
core   0: 0x00000000800006c4 (0x2781be87) fld     ft9, 632(gp)
core   0: 3 0x00000000800006c4 (0x2781be87) f29 0x0000000000080020 mem 0x0000000080005288
core   0: 0x00000000800006c8 (0x00000113) li      sp, 0
core   0: 3 0x00000000800006c8 (0x00000113) x2  0x0000000000000000
core   0: 0x00000000800006cc (0x00311073) csrw    fcsr, sp
core   0: 3 0x00000000800006cc (0x00311073) c1_fflags 0x0000000000000000 c2_frm 0x0000000000000000
core   0: 0x00000000800006d0 (0x0bdf7fd3) fsub.d  ft11, ft10, ft9
core   0: 3 0x00000000800006d0 (0x0bdf7fd3) f31 0x8000000000080000
core   0: 0x00000000800006d4 (0x00302273) csrr    tp, fcsr
core   0: 3 0x00000000800006d4 (0x00302273) x4  0x0000000000000000
core   0: 0x00000000800006d8 (0x27f0b827) fsd     ft11, 624(ra)
core   0: 3 0x00000000800006d8 (0x27f0b827) mem 0x0000000080007388 0x8000000000080000
core   0: 0x00000000800006dc (0x2640bc23) sd      tp, 632(ra)
core   0: 3 0x00000000800006dc (0x2640bc23) mem 0x0000000080007390 0x0000000000000000
core   0: >>>>  inst_40
core   0: 0x00000000800006e0 (0x2801bf07) fld     ft10, 640(gp)
core   0: 3 0x00000000800006e0 (0x2801bf07) f30 0x0000000000000021 mem 0x0000000080005290
core   0: 0x00000000800006e4 (0x2881be87) fld     ft9, 648(gp)
core   0: 3 0x00000000800006e4 (0x2881be87) f29 0x000000000000001d mem 0x0000000080005298
core   0: 0x00000000800006e8 (0x00000113) li      sp, 0
core   0: 3 0x00000000800006e8 (0x00000113) x2  0x0000000000000000
core   0: 0x00000000800006ec (0x00311073) csrw    fcsr, sp
core   0: 3 0x00000000800006ec (0x00311073) c1_fflags 0x0000000000000000 c2_frm 0x0000000000000000
core   0: 0x00000000800006f0 (0x0bdf7fd3) fsub.d  ft11, ft10, ft9
core   0: 3 0x00000000800006f0 (0x0bdf7fd3) f31 0x0000000000000004
core   0: 0x00000000800006f4 (0x00302273) csrr    tp, fcsr
core   0: 3 0x00000000800006f4 (0x00302273) x4  0x0000000000000000
core   0: 0x00000000800006f8 (0x29f0b027) fsd     ft11, 640(ra)
core   0: 3 0x00000000800006f8 (0x29f0b027) mem 0x0000000080007398 0x0000000000000004
core   0: 0x00000000800006fc (0x2840b423) sd      tp, 648(ra)
core   0: 3 0x00000000800006fc (0x2840b423) mem 0x00000000800073a0 0x0000000000000000
core   0: >>>>  inst_41
core   0: 0x0000000080000700 (0x2901bf07) fld     ft10, 656(gp)
core   0: 3 0x0000000080000700 (0x2901bf07) f30 0x0000000000000021 mem 0x00000000800052a0
core   0: 0x0000000080000704 (0x2981be87) fld     ft9, 664(gp)
core   0: 3 0x0000000080000704 (0x2981be87) f29 0x0000000000100022 mem 0x00000000800052a8
core   0: 0x0000000080000708 (0x00000113) li      sp, 0
core   0: 3 0x0000000080000708 (0x00000113) x2  0x0000000000000000
core   0: 0x000000008000070c (0x00311073) csrw    fcsr, sp
core   0: 3 0x000000008000070c (0x00311073) c1_fflags 0x0000000000000000 c2_frm 0x0000000000000000
core   0: 0x0000000080000710 (0x0bdf7fd3) fsub.d  ft11, ft10, ft9
core   0: 3 0x0000000080000710 (0x0bdf7fd3) f31 0x8000000000100001
core   0: 0x0000000080000714 (0x00302273) csrr    tp, fcsr
core   0: 3 0x0000000080000714 (0x00302273) x4  0x0000000000000000
core   0: 0x0000000080000718 (0x29f0b827) fsd     ft11, 656(ra)
core   0: 3 0x0000000080000718 (0x29f0b827) mem 0x00000000800073a8 0x8000000000100001
core   0: 0x000000008000071c (0x2840bc23) sd      tp, 664(ra)
core   0: 3 0x000000008000071c (0x2840bc23) mem 0x00000000800073b0 0x0000000000000000
core   0: >>>>  inst_42
core   0: 0x0000000080000720 (0x2a01bf07) fld     ft10, 672(gp)
core   0: 3 0x0000000080000720 (0x2a01bf07) f30 0x0000000000000023 mem 0x00000000800052b0
core   0: 0x0000000080000724 (0x2a81be87) fld     ft9, 680(gp)
core   0: 3 0x0000000080000724 (0x2a81be87) f29 0x000000000000001e mem 0x00000000800052b8
core   0: 0x0000000080000728 (0x00000113) li      sp, 0
core   0: 3 0x0000000080000728 (0x00000113) x2  0x0000000000000000
core   0: 0x000000008000072c (0x00311073) csrw    fcsr, sp
core   0: 3 0x000000008000072c (0x00311073) c1_fflags 0x0000000000000000 c2_frm 0x0000000000000000
core   0: 0x0000000080000730 (0x0bdf7fd3) fsub.d  ft11, ft10, ft9
core   0: 3 0x0000000080000730 (0x0bdf7fd3) f31 0x0000000000000005
core   0: 0x0000000080000734 (0x00302273) csrr    tp, fcsr
core   0: 3 0x0000000080000734 (0x00302273) x4  0x0000000000000000
core   0: 0x0000000080000738 (0x2bf0b027) fsd     ft11, 672(ra)
core   0: 3 0x0000000080000738 (0x2bf0b027) mem 0x00000000800073b8 0x0000000000000005
core   0: 0x000000008000073c (0x2a40b423) sd      tp, 680(ra)
core   0: 3 0x000000008000073c (0x2a40b423) mem 0x00000000800073c0 0x0000000000000000
core   0: >>>>  inst_43
core   0: 0x0000000080000740 (0x2b01bf07) fld     ft10, 688(gp)
core   0: 3 0x0000000080000740 (0x2b01bf07) f30 0x0000000000000023 mem 0x00000000800052c0
core   0: 0x0000000080000744 (0x2b81be87) fld     ft9, 696(gp)
core   0: 3 0x0000000080000744 (0x2b81be87) f29 0x000fffffffffffa2 mem 0x00000000800052c8
core   0: 0x0000000080000748 (0x00000113) li      sp, 0
core   0: 3 0x0000000080000748 (0x00000113) x2  0x0000000000000000
core   0: 0x000000008000074c (0x00311073) csrw    fcsr, sp
core   0: 3 0x000000008000074c (0x00311073) c1_fflags 0x0000000000000000 c2_frm 0x0000000000000000
core   0: 0x0000000080000750 (0x0bdf7fd3) fsub.d  ft11, ft10, ft9
core   0: 3 0x0000000080000750 (0x0bdf7fd3) f31 0x800fffffffffff7f
core   0: 0x0000000080000754 (0x00302273) csrr    tp, fcsr
core   0: 3 0x0000000080000754 (0x00302273) x4  0x0000000000000000
core   0: 0x0000000080000758 (0x2bf0b827) fsd     ft11, 688(ra)
core   0: 3 0x0000000080000758 (0x2bf0b827) mem 0x00000000800073c8 0x800fffffffffff7f
core   0: 0x000000008000075c (0x2a40bc23) sd      tp, 696(ra)
core   0: 3 0x000000008000075c (0x2a40bc23) mem 0x00000000800073d0 0x0000000000000000
core   0: >>>>  inst_44
core   0: 0x0000000080000760 (0x2c01bf07) fld     ft10, 704(gp)
core   0: 3 0x0000000080000760 (0x2c01bf07) f30 0x0000000000000023 mem 0x00000000800052d0
core   0: 0x0000000080000764 (0x2c81be87) fld     ft9, 712(gp)
core   0: 3 0x0000000080000764 (0x2c81be87) f29 0x8000000000000fdd mem 0x00000000800052d8
core   0: 0x0000000080000768 (0x00000113) li      sp, 0
core   0: 3 0x0000000080000768 (0x00000113) x2  0x0000000000000000
core   0: 0x000000008000076c (0x00311073) csrw    fcsr, sp
core   0: 3 0x000000008000076c (0x00311073) c1_fflags 0x0000000000000000 c2_frm 0x0000000000000000
core   0: 0x0000000080000770 (0x0bdf7fd3) fsub.d  ft11, ft10, ft9
core   0: 3 0x0000000080000770 (0x0bdf7fd3) f31 0x0000000000001000
core   0: 0x0000000080000774 (0x00302273) csrr    tp, fcsr
core   0: 3 0x0000000080000774 (0x00302273) x4  0x0000000000000000
core   0: 0x0000000080000778 (0x2df0b027) fsd     ft11, 704(ra)
core   0: 3 0x0000000080000778 (0x2df0b027) mem 0x00000000800073d8 0x0000000000001000
core   0: 0x000000008000077c (0x2c40b423) sd      tp, 712(ra)
core   0: 3 0x000000008000077c (0x2c40b423) mem 0x00000000800073e0 0x0000000000000000
core   0: >>>>  inst_45
core   0: 0x0000000080000780 (0x2d01bf07) fld     ft10, 720(gp)
core   0: 3 0x0000000080000780 (0x2d01bf07) f30 0x0000000000000024 mem 0x00000000800052e0
core   0: 0x0000000080000784 (0x2d81be87) fld     ft9, 728(gp)
core   0: 3 0x0000000080000784 (0x2d81be87) f29 0x0000000000000021 mem 0x00000000800052e8
core   0: 0x0000000080000788 (0x00000113) li      sp, 0
core   0: 3 0x0000000080000788 (0x00000113) x2  0x0000000000000000
core   0: 0x000000008000078c (0x00311073) csrw    fcsr, sp
core   0: 3 0x000000008000078c (0x00311073) c1_fflags 0x0000000000000000 c2_frm 0x0000000000000000
core   0: 0x0000000080000790 (0x0bdf7fd3) fsub.d  ft11, ft10, ft9
core   0: 3 0x0000000080000790 (0x0bdf7fd3) f31 0x0000000000000003
core   0: 0x0000000080000794 (0x00302273) csrr    tp, fcsr
core   0: 3 0x0000000080000794 (0x00302273) x4  0x0000000000000000
core   0: 0x0000000080000798 (0x2df0b827) fsd     ft11, 720(ra)
core   0: 3 0x0000000080000798 (0x2df0b827) mem 0x00000000800073e8 0x0000000000000003
core   0: 0x000000008000079c (0x2c40bc23) sd      tp, 728(ra)
core   0: 3 0x000000008000079c (0x2c40bc23) mem 0x00000000800073f0 0x0000000000000000
core   0: >>>>  inst_46
core   0: 0x00000000800007a0 (0x2e01bf07) fld     ft10, 736(gp)
core   0: 3 0x00000000800007a0 (0x2e01bf07) f30 0x0000000000000025 mem 0x00000000800052f0
core   0: 0x00000000800007a4 (0x2e81be87) fld     ft9, 744(gp)
core   0: 3 0x00000000800007a4 (0x2e81be87) f29 0x0000000000008025 mem 0x00000000800052f8
core   0: 0x00000000800007a8 (0x00000113) li      sp, 0
core   0: 3 0x00000000800007a8 (0x00000113) x2  0x0000000000000000
core   0: 0x00000000800007ac (0x00311073) csrw    fcsr, sp
core   0: 3 0x00000000800007ac (0x00311073) c1_fflags 0x0000000000000000 c2_frm 0x0000000000000000
core   0: 0x00000000800007b0 (0x0bdf7fd3) fsub.d  ft11, ft10, ft9
core   0: 3 0x00000000800007b0 (0x0bdf7fd3) f31 0x8000000000008000
core   0: 0x00000000800007b4 (0x00302273) csrr    tp, fcsr
core   0: 3 0x00000000800007b4 (0x00302273) x4  0x0000000000000000
core   0: 0x00000000800007b8 (0x2ff0b027) fsd     ft11, 736(ra)
core   0: 3 0x00000000800007b8 (0x2ff0b027) mem 0x00000000800073f8 0x8000000000008000
core   0: 0x00000000800007bc (0x2e40b423) sd      tp, 744(ra)
core   0: 3 0x00000000800007bc (0x2e40b423) mem 0x0000000080007400 0x0000000000000000
core   0: >>>>  inst_47
core   0: 0x00000000800007c0 (0x2f01bf07) fld     ft10, 752(gp)
core   0: 3 0x00000000800007c0 (0x2f01bf07) f30 0x0000000000000026 mem 0x0000000080005300
core   0: 0x00000000800007c4 (0x2f81be87) fld     ft9, 760(gp)
core   0: 3 0x00000000800007c4 (0x2f81be87) f29 0x0000000000000226 mem 0x0000000080005308
core   0: 0x00000000800007c8 (0x00000113) li      sp, 0
core   0: 3 0x00000000800007c8 (0x00000113) x2  0x0000000000000000
core   0: 0x00000000800007cc (0x00311073) csrw    fcsr, sp
core   0: 3 0x00000000800007cc (0x00311073) c1_fflags 0x0000000000000000 c2_frm 0x0000000000000000
core   0: 0x00000000800007d0 (0x0bdf7fd3) fsub.d  ft11, ft10, ft9
core   0: 3 0x00000000800007d0 (0x0bdf7fd3) f31 0x8000000000000200
core   0: 0x00000000800007d4 (0x00302273) csrr    tp, fcsr
core   0: 3 0x00000000800007d4 (0x00302273) x4  0x0000000000000000
core   0: 0x00000000800007d8 (0x2ff0b827) fsd     ft11, 752(ra)
core   0: 3 0x00000000800007d8 (0x2ff0b827) mem 0x0000000080007408 0x8000000000000200
core   0: 0x00000000800007dc (0x2e40bc23) sd      tp, 760(ra)
core   0: 3 0x00000000800007dc (0x2e40bc23) mem 0x0000000080007410 0x0000000000000000
core   0: >>>>  inst_48
core   0: 0x00000000800007e0 (0x3001bf07) fld     ft10, 768(gp)
core   0: 3 0x00000000800007e0 (0x3001bf07) f30 0x0000000000000026 mem 0x0000000080005310
core   0: 0x00000000800007e4 (0x3081be87) fld     ft9, 776(gp)
core   0: 3 0x00000000800007e4 (0x3081be87) f29 0x000ffffffffff025 mem 0x0000000080005318
core   0: 0x00000000800007e8 (0x00000113) li      sp, 0
core   0: 3 0x00000000800007e8 (0x00000113) x2  0x0000000000000000
core   0: 0x00000000800007ec (0x00311073) csrw    fcsr, sp
core   0: 3 0x00000000800007ec (0x00311073) c1_fflags 0x0000000000000000 c2_frm 0x0000000000000000
core   0: 0x00000000800007f0 (0x0bdf7fd3) fsub.d  ft11, ft10, ft9
core   0: 3 0x00000000800007f0 (0x0bdf7fd3) f31 0x800fffffffffefff
core   0: 0x00000000800007f4 (0x00302273) csrr    tp, fcsr
core   0: 3 0x00000000800007f4 (0x00302273) x4  0x0000000000000000
core   0: 0x00000000800007f8 (0x31f0b027) fsd     ft11, 768(ra)
core   0: 3 0x00000000800007f8 (0x31f0b027) mem 0x0000000080007418 0x800fffffffffefff
core   0: 0x00000000800007fc (0x3040b423) sd      tp, 776(ra)
core   0: 3 0x00000000800007fc (0x3040b423) mem 0x0000000080007420 0x0000000000000000
core   0: >>>>  inst_49
core   0: 0x0000000080000800 (0x3101bf07) fld     ft10, 784(gp)
core   0: 3 0x0000000080000800 (0x3101bf07) f30 0x0000000000000026 mem 0x0000000080005320
core   0: 0x0000000080000804 (0x3181be87) fld     ft9, 792(gp)
core   0: 3 0x0000000080000804 (0x3181be87) f29 0x80000000000003db mem 0x0000000080005328
core   0: 0x0000000080000808 (0x00000113) li      sp, 0
core   0: 3 0x0000000080000808 (0x00000113) x2  0x0000000000000000
core   0: 0x000000008000080c (0x00311073) csrw    fcsr, sp
core   0: 3 0x000000008000080c (0x00311073) c1_fflags 0x0000000000000000 c2_frm 0x0000000000000000
core   0: 0x0000000080000810 (0x0bdf7fd3) fsub.d  ft11, ft10, ft9
core   0: 3 0x0000000080000810 (0x0bdf7fd3) f31 0x0000000000000401
core   0: 0x0000000080000814 (0x00302273) csrr    tp, fcsr
core   0: 3 0x0000000080000814 (0x00302273) x4  0x0000000000000000
core   0: 0x0000000080000818 (0x31f0b827) fsd     ft11, 784(ra)
core   0: 3 0x0000000080000818 (0x31f0b827) mem 0x0000000080007428 0x0000000000000401
core   0: 0x000000008000081c (0x3040bc23) sd      tp, 792(ra)
core   0: 3 0x000000008000081c (0x3040bc23) mem 0x0000000080007430 0x0000000000000000
core   0: >>>>  inst_50
core   0: 0x0000000080000820 (0x3201bf07) fld     ft10, 800(gp)
core   0: 3 0x0000000080000820 (0x3201bf07) f30 0x0000000000000026 mem 0x0000000080005330
core   0: 0x0000000080000824 (0x3281be87) fld     ft9, 808(gp)
core   0: 3 0x0000000080000824 (0x3281be87) f29 0x800ffffffffff7d9 mem 0x0000000080005338
core   0: 0x0000000080000828 (0x00000113) li      sp, 0
core   0: 3 0x0000000080000828 (0x00000113) x2  0x0000000000000000
core   0: 0x000000008000082c (0x00311073) csrw    fcsr, sp
core   0: 3 0x000000008000082c (0x00311073) c1_fflags 0x0000000000000000 c2_frm 0x0000000000000000
core   0: 0x0000000080000830 (0x0bdf7fd3) fsub.d  ft11, ft10, ft9
core   0: 3 0x0000000080000830 (0x0bdf7fd3) f31 0x000ffffffffff7ff
core   0: 0x0000000080000834 (0x00302273) csrr    tp, fcsr
core   0: 3 0x0000000080000834 (0x00302273) x4  0x0000000000000000
core   0: 0x0000000080000838 (0x33f0b027) fsd     ft11, 800(ra)
core   0: 3 0x0000000080000838 (0x33f0b027) mem 0x0000000080007438 0x000ffffffffff7ff
core   0: 0x000000008000083c (0x3240b423) sd      tp, 808(ra)
core   0: 3 0x000000008000083c (0x3240b423) mem 0x0000000080007440 0x0000000000000000
core   0: >>>>  inst_51
core   0: 0x0000000080000840 (0x3301bf07) fld     ft10, 816(gp)
core   0: 3 0x0000000080000840 (0x3301bf07) f30 0x0000000000000028 mem 0x0000000080005340
core   0: 0x0000000080000844 (0x3381be87) fld     ft9, 824(gp)
core   0: 3 0x0000000080000844 (0x3381be87) f29 0x0000000000020029 mem 0x0000000080005348
core   0: 0x0000000080000848 (0x00000113) li      sp, 0
core   0: 3 0x0000000080000848 (0x00000113) x2  0x0000000000000000
core   0: 0x000000008000084c (0x00311073) csrw    fcsr, sp
core   0: 3 0x000000008000084c (0x00311073) c1_fflags 0x0000000000000000 c2_frm 0x0000000000000000
core   0: 0x0000000080000850 (0x0bdf7fd3) fsub.d  ft11, ft10, ft9
core   0: 3 0x0000000080000850 (0x0bdf7fd3) f31 0x8000000000020001
core   0: 0x0000000080000854 (0x00302273) csrr    tp, fcsr
core   0: 3 0x0000000080000854 (0x00302273) x4  0x0000000000000000
core   0: 0x0000000080000858 (0x33f0b827) fsd     ft11, 816(ra)
core   0: 3 0x0000000080000858 (0x33f0b827) mem 0x0000000080007448 0x8000000000020001
core   0: 0x000000008000085c (0x3240bc23) sd      tp, 824(ra)
core   0: 3 0x000000008000085c (0x3240bc23) mem 0x0000000080007450 0x0000000000000000
core   0: >>>>  inst_52
core   0: 0x0000000080000860 (0x3401bf07) fld     ft10, 832(gp)
core   0: 3 0x0000000080000860 (0x3401bf07) f30 0x0000000000000028 mem 0x0000000080005350
core   0: 0x0000000080000864 (0x3481be87) fld     ft9, 840(gp)
core   0: 3 0x0000000080000864 (0x3481be87) f29 0x8000000000003fd9 mem 0x0000000080005358
core   0: 0x0000000080000868 (0x00000113) li      sp, 0
core   0: 3 0x0000000080000868 (0x00000113) x2  0x0000000000000000
core   0: 0x000000008000086c (0x00311073) csrw    fcsr, sp
core   0: 3 0x000000008000086c (0x00311073) c1_fflags 0x0000000000000000 c2_frm 0x0000000000000000
core   0: 0x0000000080000870 (0x0bdf7fd3) fsub.d  ft11, ft10, ft9
core   0: 3 0x0000000080000870 (0x0bdf7fd3) f31 0x0000000000004001
core   0: 0x0000000080000874 (0x00302273) csrr    tp, fcsr
core   0: 3 0x0000000080000874 (0x00302273) x4  0x0000000000000000
core   0: 0x0000000080000878 (0x35f0b027) fsd     ft11, 832(ra)
core   0: 3 0x0000000080000878 (0x35f0b027) mem 0x0000000080007458 0x0000000000004001
core   0: 0x000000008000087c (0x3440b423) sd      tp, 840(ra)
core   0: 3 0x000000008000087c (0x3440b423) mem 0x0000000080007460 0x0000000000000000
core   0: >>>>  inst_53
core   0: 0x0000000080000880 (0x3501bf07) fld     ft10, 848(gp)
core   0: 3 0x0000000080000880 (0x3501bf07) f30 0x000000000000002a mem 0x0000000080005360
core   0: 0x0000000080000884 (0x3581be87) fld     ft9, 856(gp)
core   0: 3 0x0000000080000884 (0x3581be87) f29 0x000ffffffffe0029 mem 0x0000000080005368
core   0: 0x0000000080000888 (0x00000113) li      sp, 0
core   0: 3 0x0000000080000888 (0x00000113) x2  0x0000000000000000
core   0: 0x000000008000088c (0x00311073) csrw    fcsr, sp
core   0: 3 0x000000008000088c (0x00311073) c1_fflags 0x0000000000000000 c2_frm 0x0000000000000000
core   0: 0x0000000080000890 (0x0bdf7fd3) fsub.d  ft11, ft10, ft9
core   0: 3 0x0000000080000890 (0x0bdf7fd3) f31 0x800ffffffffdffff
core   0: 0x0000000080000894 (0x00302273) csrr    tp, fcsr
core   0: 3 0x0000000080000894 (0x00302273) x4  0x0000000000000000
core   0: 0x0000000080000898 (0x35f0b827) fsd     ft11, 848(ra)
core   0: 3 0x0000000080000898 (0x35f0b827) mem 0x0000000080007468 0x800ffffffffdffff
core   0: 0x000000008000089c (0x3440bc23) sd      tp, 856(ra)
core   0: 3 0x000000008000089c (0x3440bc23) mem 0x0000000080007470 0x0000000000000000
core   0: >>>>  inst_54
core   0: 0x00000000800008a0 (0x3601bf07) fld     ft10, 864(gp)
core   0: 3 0x00000000800008a0 (0x3601bf07) f30 0x000000000000002a mem 0x0000000080005370
core   0: 0x00000000800008a4 (0x3681be87) fld     ft9, 872(gp)
core   0: 3 0x00000000800008a4 (0x3681be87) f29 0x800fffffffffdfd5 mem 0x0000000080005378
core   0: 0x00000000800008a8 (0x00000113) li      sp, 0
core   0: 3 0x00000000800008a8 (0x00000113) x2  0x0000000000000000
core   0: 0x00000000800008ac (0x00311073) csrw    fcsr, sp
core   0: 3 0x00000000800008ac (0x00311073) c1_fflags 0x0000000000000000 c2_frm 0x0000000000000000
core   0: 0x00000000800008b0 (0x0bdf7fd3) fsub.d  ft11, ft10, ft9
core   0: 3 0x00000000800008b0 (0x0bdf7fd3) f31 0x000fffffffffdfff
core   0: 0x00000000800008b4 (0x00302273) csrr    tp, fcsr
core   0: 3 0x00000000800008b4 (0x00302273) x4  0x0000000000000000
core   0: 0x00000000800008b8 (0x37f0b027) fsd     ft11, 864(ra)
core   0: 3 0x00000000800008b8 (0x37f0b027) mem 0x0000000080007478 0x000fffffffffdfff
core   0: 0x00000000800008bc (0x3640b423) sd      tp, 872(ra)
core   0: 3 0x00000000800008bc (0x3640b423) mem 0x0000000080007480 0x0000000000000000
core   0: >>>>  inst_55
core   0: 0x00000000800008c0 (0x3701bf07) fld     ft10, 880(gp)
core   0: 3 0x00000000800008c0 (0x3701bf07) f30 0x000000000000002b mem 0x0000000080005380
core   0: 0x00000000800008c4 (0x3781be87) fld     ft9, 888(gp)
core   0: 3 0x00000000800008c4 (0x3781be87) f29 0x000fffffffffff2a mem 0x0000000080005388
core   0: 0x00000000800008c8 (0x00000113) li      sp, 0
core   0: 3 0x00000000800008c8 (0x00000113) x2  0x0000000000000000
core   0: 0x00000000800008cc (0x00311073) csrw    fcsr, sp
core   0: 3 0x00000000800008cc (0x00311073) c1_fflags 0x0000000000000000 c2_frm 0x0000000000000000
core   0: 0x00000000800008d0 (0x0bdf7fd3) fsub.d  ft11, ft10, ft9
core   0: 3 0x00000000800008d0 (0x0bdf7fd3) f31 0x800ffffffffffeff
core   0: 0x00000000800008d4 (0x00302273) csrr    tp, fcsr
core   0: 3 0x00000000800008d4 (0x00302273) x4  0x0000000000000000
core   0: 0x00000000800008d8 (0x37f0b827) fsd     ft11, 880(ra)
core   0: 3 0x00000000800008d8 (0x37f0b827) mem 0x0000000080007488 0x800ffffffffffeff
core   0: 0x00000000800008dc (0x3640bc23) sd      tp, 888(ra)
core   0: 3 0x00000000800008dc (0x3640bc23) mem 0x0000000080007490 0x0000000000000000
core   0: >>>>  inst_56
core   0: 0x00000000800008e0 (0x3801bf07) fld     ft10, 896(gp)
core   0: 3 0x00000000800008e0 (0x3801bf07) f30 0x000000000000002c mem 0x0000000080005390
core   0: 0x00000000800008e4 (0x3881be87) fld     ft9, 904(gp)
core   0: 3 0x00000000800008e4 (0x3881be87) f29 0x000ffffffffff82b mem 0x0000000080005398
core   0: 0x00000000800008e8 (0x00000113) li      sp, 0
core   0: 3 0x00000000800008e8 (0x00000113) x2  0x0000000000000000
core   0: 0x00000000800008ec (0x00311073) csrw    fcsr, sp
core   0: 3 0x00000000800008ec (0x00311073) c1_fflags 0x0000000000000000 c2_frm 0x0000000000000000
core   0: 0x00000000800008f0 (0x0bdf7fd3) fsub.d  ft11, ft10, ft9
core   0: 3 0x00000000800008f0 (0x0bdf7fd3) f31 0x800ffffffffff7ff
core   0: 0x00000000800008f4 (0x00302273) csrr    tp, fcsr
core   0: 3 0x00000000800008f4 (0x00302273) x4  0x0000000000000000
core   0: 0x00000000800008f8 (0x39f0b027) fsd     ft11, 896(ra)
core   0: 3 0x00000000800008f8 (0x39f0b027) mem 0x0000000080007498 0x800ffffffffff7ff
core   0: 0x00000000800008fc (0x3840b423) sd      tp, 904(ra)
core   0: 3 0x00000000800008fc (0x3840b423) mem 0x00000000800074a0 0x0000000000000000
core   0: >>>>  inst_57
core   0: 0x0000000080000900 (0x3901bf07) fld     ft10, 912(gp)
core   0: 3 0x0000000080000900 (0x3901bf07) f30 0x000000000000002c mem 0x00000000800053a0
core   0: 0x0000000080000904 (0x3981be87) fld     ft9, 920(gp)
core   0: 3 0x0000000080000904 (0x3981be87) f29 0x8000000000007fd5 mem 0x00000000800053a8
core   0: 0x0000000080000908 (0x00000113) li      sp, 0
core   0: 3 0x0000000080000908 (0x00000113) x2  0x0000000000000000
core   0: 0x000000008000090c (0x00311073) csrw    fcsr, sp
core   0: 3 0x000000008000090c (0x00311073) c1_fflags 0x0000000000000000 c2_frm 0x0000000000000000
core   0: 0x0000000080000910 (0x0bdf7fd3) fsub.d  ft11, ft10, ft9
core   0: 3 0x0000000080000910 (0x0bdf7fd3) f31 0x0000000000008001
core   0: 0x0000000080000914 (0x00302273) csrr    tp, fcsr
core   0: 3 0x0000000080000914 (0x00302273) x4  0x0000000000000000
core   0: 0x0000000080000918 (0x39f0b827) fsd     ft11, 912(ra)
core   0: 3 0x0000000080000918 (0x39f0b827) mem 0x00000000800074a8 0x0000000000008001
core   0: 0x000000008000091c (0x3840bc23) sd      tp, 920(ra)
core   0: 3 0x000000008000091c (0x3840bc23) mem 0x00000000800074b0 0x0000000000000000
core   0: >>>>  inst_58
core   0: 0x0000000080000920 (0x3a01bf07) fld     ft10, 928(gp)
core   0: 3 0x0000000080000920 (0x3a01bf07) f30 0x000000000000002c mem 0x00000000800053b0
core   0: 0x0000000080000924 (0x3a81be87) fld     ft9, 936(gp)
core   0: 3 0x0000000080000924 (0x3a81be87) f29 0x800ffffffffbffd3 mem 0x00000000800053b8
core   0: 0x0000000080000928 (0x00000113) li      sp, 0
core   0: 3 0x0000000080000928 (0x00000113) x2  0x0000000000000000
core   0: 0x000000008000092c (0x00311073) csrw    fcsr, sp
core   0: 3 0x000000008000092c (0x00311073) c1_fflags 0x0000000000000000 c2_frm 0x0000000000000000
core   0: 0x0000000080000930 (0x0bdf7fd3) fsub.d  ft11, ft10, ft9
core   0: 3 0x0000000080000930 (0x0bdf7fd3) f31 0x000ffffffffbffff
core   0: 0x0000000080000934 (0x00302273) csrr    tp, fcsr
core   0: 3 0x0000000080000934 (0x00302273) x4  0x0000000000000000
core   0: 0x0000000080000938 (0x3bf0b027) fsd     ft11, 928(ra)
core   0: 3 0x0000000080000938 (0x3bf0b027) mem 0x00000000800074b8 0x000ffffffffbffff
core   0: 0x000000008000093c (0x3a40b423) sd      tp, 936(ra)
core   0: 3 0x000000008000093c (0x3a40b423) mem 0x00000000800074c0 0x0000000000000000
core   0: >>>>  inst_59
core   0: 0x0000000080000940 (0x3b01bf07) fld     ft10, 944(gp)
core   0: 3 0x0000000080000940 (0x3b01bf07) f30 0x000000000000002d mem 0x00000000800053c0
core   0: 0x0000000080000944 (0x3b81be87) fld     ft9, 952(gp)
core   0: 3 0x0000000080000944 (0x3b81be87) f29 0x000000000000001c mem 0x00000000800053c8
core   0: 0x0000000080000948 (0x00000113) li      sp, 0
core   0: 3 0x0000000080000948 (0x00000113) x2  0x0000000000000000
core   0: 0x000000008000094c (0x00311073) csrw    fcsr, sp
core   0: 3 0x000000008000094c (0x00311073) c1_fflags 0x0000000000000000 c2_frm 0x0000000000000000
core   0: 0x0000000080000950 (0x0bdf7fd3) fsub.d  ft11, ft10, ft9
core   0: 3 0x0000000080000950 (0x0bdf7fd3) f31 0x0000000000000011
core   0: 0x0000000080000954 (0x00302273) csrr    tp, fcsr
core   0: 3 0x0000000080000954 (0x00302273) x4  0x0000000000000000
core   0: 0x0000000080000958 (0x3bf0b827) fsd     ft11, 944(ra)
core   0: 3 0x0000000080000958 (0x3bf0b827) mem 0x00000000800074c8 0x0000000000000011
core   0: 0x000000008000095c (0x3a40bc23) sd      tp, 952(ra)
core   0: 3 0x000000008000095c (0x3a40bc23) mem 0x00000000800074d0 0x0000000000000000
core   0: >>>>  inst_60
core   0: 0x0000000080000960 (0x3c01bf07) fld     ft10, 960(gp)
core   0: 3 0x0000000080000960 (0x3c01bf07) f30 0x000000000000002d mem 0x00000000800053d0
core   0: 0x0000000080000964 (0x3c81be87) fld     ft9, 968(gp)
core   0: 3 0x0000000080000964 (0x3c81be87) f29 0x800fffffffbfffd2 mem 0x00000000800053d8
core   0: 0x0000000080000968 (0x00000113) li      sp, 0
core   0: 3 0x0000000080000968 (0x00000113) x2  0x0000000000000000
core   0: 0x000000008000096c (0x00311073) csrw    fcsr, sp
core   0: 3 0x000000008000096c (0x00311073) c1_fflags 0x0000000000000000 c2_frm 0x0000000000000000
core   0: 0x0000000080000970 (0x0bdf7fd3) fsub.d  ft11, ft10, ft9
core   0: 3 0x0000000080000970 (0x0bdf7fd3) f31 0x000fffffffbfffff
core   0: 0x0000000080000974 (0x00302273) csrr    tp, fcsr
core   0: 3 0x0000000080000974 (0x00302273) x4  0x0000000000000000
core   0: 0x0000000080000978 (0x3df0b027) fsd     ft11, 960(ra)
core   0: 3 0x0000000080000978 (0x3df0b027) mem 0x00000000800074d8 0x000fffffffbfffff
core   0: 0x000000008000097c (0x3c40b423) sd      tp, 968(ra)
core   0: 3 0x000000008000097c (0x3c40b423) mem 0x00000000800074e0 0x0000000000000000
core   0: >>>>  inst_61
core   0: 0x0000000080000980 (0x3d01bf07) fld     ft10, 976(gp)
core   0: 3 0x0000000080000980 (0x3d01bf07) f30 0x000000000000002d mem 0x00000000800053e0
core   0: 0x0000000080000984 (0x3d81be87) fld     ft9, 984(gp)
core   0: 3 0x0000000080000984 (0x3d81be87) f29 0x800fffffffffffb2 mem 0x00000000800053e8
core   0: 0x0000000080000988 (0x00000113) li      sp, 0
core   0: 3 0x0000000080000988 (0x00000113) x2  0x0000000000000000
core   0: 0x000000008000098c (0x00311073) csrw    fcsr, sp
core   0: 3 0x000000008000098c (0x00311073) c1_fflags 0x0000000000000000 c2_frm 0x0000000000000000
core   0: 0x0000000080000990 (0x0bdf7fd3) fsub.d  ft11, ft10, ft9
core   0: 3 0x0000000080000990 (0x0bdf7fd3) f31 0x000fffffffffffdf
core   0: 0x0000000080000994 (0x00302273) csrr    tp, fcsr
core   0: 3 0x0000000080000994 (0x00302273) x4  0x0000000000000000
core   0: 0x0000000080000998 (0x3df0b827) fsd     ft11, 976(ra)
core   0: 3 0x0000000080000998 (0x3df0b827) mem 0x00000000800074e8 0x000fffffffffffdf
core   0: 0x000000008000099c (0x3c40bc23) sd      tp, 984(ra)
core   0: 3 0x000000008000099c (0x3c40bc23) mem 0x00000000800074f0 0x0000000000000000
core   0: >>>>  inst_62
core   0: 0x00000000800009a0 (0x3e01bf07) fld     ft10, 992(gp)
core   0: 3 0x00000000800009a0 (0x3e01bf07) f30 0x000000000000002f mem 0x00000000800053f0
core   0: 0x00000000800009a4 (0x3e81be87) fld     ft9, 1000(gp)
core   0: 3 0x00000000800009a4 (0x3e81be87) f29 0x000000000040002f mem 0x00000000800053f8
core   0: 0x00000000800009a8 (0x00000113) li      sp, 0
core   0: 3 0x00000000800009a8 (0x00000113) x2  0x0000000000000000
core   0: 0x00000000800009ac (0x00311073) csrw    fcsr, sp
core   0: 3 0x00000000800009ac (0x00311073) c1_fflags 0x0000000000000000 c2_frm 0x0000000000000000
core   0: 0x00000000800009b0 (0x0bdf7fd3) fsub.d  ft11, ft10, ft9
core   0: 3 0x00000000800009b0 (0x0bdf7fd3) f31 0x8000000000400000
core   0: 0x00000000800009b4 (0x00302273) csrr    tp, fcsr
core   0: 3 0x00000000800009b4 (0x00302273) x4  0x0000000000000000
core   0: 0x00000000800009b8 (0x3ff0b027) fsd     ft11, 992(ra)
core   0: 3 0x00000000800009b8 (0x3ff0b027) mem 0x00000000800074f8 0x8000000000400000
core   0: 0x00000000800009bc (0x3e40b423) sd      tp, 1000(ra)
core   0: 3 0x00000000800009bc (0x3e40b423) mem 0x0000000080007500 0x0000000000000000
core   0: >>>>  inst_63
core   0: 0x00000000800009c0 (0x3f01bf07) fld     ft10, 1008(gp)
core   0: 3 0x00000000800009c0 (0x3f01bf07) f30 0x0000000000000030 mem 0x0000000080005400
core   0: 0x00000000800009c4 (0x3f81be87) fld     ft9, 1016(gp)
core   0: 3 0x00000000800009c4 (0x3f81be87) f29 0x000ffffffffffc2f mem 0x0000000080005408
core   0: 0x00000000800009c8 (0x00000113) li      sp, 0
core   0: 3 0x00000000800009c8 (0x00000113) x2  0x0000000000000000
core   0: 0x00000000800009cc (0x00311073) csrw    fcsr, sp
core   0: 3 0x00000000800009cc (0x00311073) c1_fflags 0x0000000000000000 c2_frm 0x0000000000000000
core   0: 0x00000000800009d0 (0x0bdf7fd3) fsub.d  ft11, ft10, ft9
core   0: 3 0x00000000800009d0 (0x0bdf7fd3) f31 0x800ffffffffffbff
core   0: 0x00000000800009d4 (0x00302273) csrr    tp, fcsr
core   0: 3 0x00000000800009d4 (0x00302273) x4  0x0000000000000000
core   0: 0x00000000800009d8 (0x3ff0b827) fsd     ft11, 1008(ra)
core   0: 3 0x00000000800009d8 (0x3ff0b827) mem 0x0000000080007508 0x800ffffffffffbff
core   0: 0x00000000800009dc (0x3e40bc23) sd      tp, 1016(ra)
core   0: 3 0x00000000800009dc (0x3e40bc23) mem 0x0000000080007510 0x0000000000000000
core   0: >>>>  inst_64
core   0: 0x00000000800009e0 (0x4001bf07) fld     ft10, 1024(gp)
core   0: 3 0x00000000800009e0 (0x4001bf07) f30 0x0000000000000031 mem 0x0000000080005410
core   0: 0x00000000800009e4 (0x4081be87) fld     ft9, 1032(gp)
core   0: 3 0x00000000800009e4 (0x4081be87) f29 0x000ffffffff80030 mem 0x0000000080005418
core   0: 0x00000000800009e8 (0x00000113) li      sp, 0
core   0: 3 0x00000000800009e8 (0x00000113) x2  0x0000000000000000
core   0: 0x00000000800009ec (0x00311073) csrw    fcsr, sp
core   0: 3 0x00000000800009ec (0x00311073) c1_fflags 0x0000000000000000 c2_frm 0x0000000000000000
core   0: 0x00000000800009f0 (0x0bdf7fd3) fsub.d  ft11, ft10, ft9
core   0: 3 0x00000000800009f0 (0x0bdf7fd3) f31 0x800ffffffff7ffff
core   0: 0x00000000800009f4 (0x00302273) csrr    tp, fcsr
core   0: 3 0x00000000800009f4 (0x00302273) x4  0x0000000000000000
core   0: 0x00000000800009f8 (0x41f0b027) fsd     ft11, 1024(ra)
core   0: 3 0x00000000800009f8 (0x41f0b027) mem 0x0000000080007518 0x800ffffffff7ffff
core   0: 0x00000000800009fc (0x4040b423) sd      tp, 1032(ra)
core   0: 3 0x00000000800009fc (0x4040b423) mem 0x0000000080007520 0x0000000000000000
core   0: >>>>  inst_65
core   0: 0x0000000080000a00 (0x4101bf07) fld     ft10, 1040(gp)
core   0: 3 0x0000000080000a00 (0x4101bf07) f30 0x0000000000000031 mem 0x0000000080005420
core   0: 0x0000000080000a04 (0x4181be87) fld     ft9, 1048(gp)
core   0: 3 0x0000000080000a04 (0x4181be87) f29 0x800000000003ffcf mem 0x0000000080005428
core   0: 0x0000000080000a08 (0x00000113) li      sp, 0
core   0: 3 0x0000000080000a08 (0x00000113) x2  0x0000000000000000
core   0: 0x0000000080000a0c (0x00311073) csrw    fcsr, sp
core   0: 3 0x0000000080000a0c (0x00311073) c1_fflags 0x0000000000000000 c2_frm 0x0000000000000000
core   0: 0x0000000080000a10 (0x0bdf7fd3) fsub.d  ft11, ft10, ft9
core   0: 3 0x0000000080000a10 (0x0bdf7fd3) f31 0x0000000000040000
core   0: 0x0000000080000a14 (0x00302273) csrr    tp, fcsr
core   0: 3 0x0000000080000a14 (0x00302273) x4  0x0000000000000000
core   0: 0x0000000080000a18 (0x41f0b827) fsd     ft11, 1040(ra)
core   0: 3 0x0000000080000a18 (0x41f0b827) mem 0x0000000080007528 0x0000000000040000
core   0: 0x0000000080000a1c (0x4040bc23) sd      tp, 1048(ra)
core   0: 3 0x0000000080000a1c (0x4040bc23) mem 0x0000000080007530 0x0000000000000000
core   0: >>>>  inst_66
core   0: 0x0000000080000a20 (0x4201bf07) fld     ft10, 1056(gp)
core   0: 3 0x0000000080000a20 (0x4201bf07) f30 0x0000000000000031 mem 0x0000000080005430
core   0: 0x0000000080000a24 (0x4281be87) fld     ft9, 1064(gp)
core   0: 3 0x0000000080000a24 (0x4281be87) f29 0x800fffffffdfffce mem 0x0000000080005438
core   0: 0x0000000080000a28 (0x00000113) li      sp, 0
core   0: 3 0x0000000080000a28 (0x00000113) x2  0x0000000000000000
core   0: 0x0000000080000a2c (0x00311073) csrw    fcsr, sp
core   0: 3 0x0000000080000a2c (0x00311073) c1_fflags 0x0000000000000000 c2_frm 0x0000000000000000
core   0: 0x0000000080000a30 (0x0bdf7fd3) fsub.d  ft11, ft10, ft9
core   0: 3 0x0000000080000a30 (0x0bdf7fd3) f31 0x000fffffffdfffff
core   0: 0x0000000080000a34 (0x00302273) csrr    tp, fcsr
core   0: 3 0x0000000080000a34 (0x00302273) x4  0x0000000000000000
core   0: 0x0000000080000a38 (0x43f0b027) fsd     ft11, 1056(ra)
core   0: 3 0x0000000080000a38 (0x43f0b027) mem 0x0000000080007538 0x000fffffffdfffff
core   0: 0x0000000080000a3c (0x4240b423) sd      tp, 1064(ra)
core   0: 3 0x0000000080000a3c (0x4240b423) mem 0x0000000080007540 0x0000000000000000
core   0: >>>>  inst_67
core   0: 0x0000000080000a40 (0x4301bf07) fld     ft10, 1072(gp)
core   0: 3 0x0000000080000a40 (0x4301bf07) f30 0x0000000000000031 mem 0x0000000080005440
core   0: 0x0000000080000a44 (0x4381be87) fld     ft9, 1080(gp)
core   0: 3 0x0000000080000a44 (0x4381be87) f29 0x800fffffffffffbe mem 0x0000000080005448
core   0: 0x0000000080000a48 (0x00000113) li      sp, 0
core   0: 3 0x0000000080000a48 (0x00000113) x2  0x0000000000000000
core   0: 0x0000000080000a4c (0x00311073) csrw    fcsr, sp
core   0: 3 0x0000000080000a4c (0x00311073) c1_fflags 0x0000000000000000 c2_frm 0x0000000000000000
core   0: 0x0000000080000a50 (0x0bdf7fd3) fsub.d  ft11, ft10, ft9
core   0: 3 0x0000000080000a50 (0x0bdf7fd3) f31 0x000fffffffffffef
core   0: 0x0000000080000a54 (0x00302273) csrr    tp, fcsr
core   0: 3 0x0000000080000a54 (0x00302273) x4  0x0000000000000000
core   0: 0x0000000080000a58 (0x43f0b827) fsd     ft11, 1072(ra)
core   0: 3 0x0000000080000a58 (0x43f0b827) mem 0x0000000080007548 0x000fffffffffffef
core   0: 0x0000000080000a5c (0x4240bc23) sd      tp, 1080(ra)
core   0: 3 0x0000000080000a5c (0x4240bc23) mem 0x0000000080007550 0x0000000000000000
core   0: >>>>  inst_68
core   0: 0x0000000080000a60 (0x4401bf07) fld     ft10, 1088(gp)
core   0: 3 0x0000000080000a60 (0x4401bf07) f30 0x0000000000000032 mem 0x0000000080005450
core   0: 0x0000000080000a64 (0x4481be87) fld     ft9, 1096(gp)
core   0: 3 0x0000000080000a64 (0x4481be87) f29 0x80000000000000ce mem 0x0000000080005458
core   0: 0x0000000080000a68 (0x00000113) li      sp, 0
core   0: 3 0x0000000080000a68 (0x00000113) x2  0x0000000000000000
core   0: 0x0000000080000a6c (0x00311073) csrw    fcsr, sp
core   0: 3 0x0000000080000a6c (0x00311073) c1_fflags 0x0000000000000000 c2_frm 0x0000000000000000
core   0: 0x0000000080000a70 (0x0bdf7fd3) fsub.d  ft11, ft10, ft9
core   0: 3 0x0000000080000a70 (0x0bdf7fd3) f31 0x0000000000000100
core   0: 0x0000000080000a74 (0x00302273) csrr    tp, fcsr
core   0: 3 0x0000000080000a74 (0x00302273) x4  0x0000000000000000
core   0: 0x0000000080000a78 (0x45f0b027) fsd     ft11, 1088(ra)
core   0: 3 0x0000000080000a78 (0x45f0b027) mem 0x0000000080007558 0x0000000000000100
core   0: 0x0000000080000a7c (0x4440b423) sd      tp, 1096(ra)
core   0: 3 0x0000000080000a7c (0x4440b423) mem 0x0000000080007560 0x0000000000000000
core   0: >>>>  inst_69
core   0: 0x0000000080000a80 (0x4501bf07) fld     ft10, 1104(gp)
core   0: 3 0x0000000080000a80 (0x4501bf07) f30 0x0000000000000033 mem 0x0000000080005460
core   0: 0x0000000080000a84 (0x4581be87) fld     ft9, 1112(gp)
core   0: 3 0x0000000080000a84 (0x4581be87) f29 0x0000000000000234 mem 0x0000000080005468
core   0: 0x0000000080000a88 (0x00000113) li      sp, 0
core   0: 3 0x0000000080000a88 (0x00000113) x2  0x0000000000000000
core   0: 0x0000000080000a8c (0x00311073) csrw    fcsr, sp
core   0: 3 0x0000000080000a8c (0x00311073) c1_fflags 0x0000000000000000 c2_frm 0x0000000000000000
core   0: 0x0000000080000a90 (0x0bdf7fd3) fsub.d  ft11, ft10, ft9
core   0: 3 0x0000000080000a90 (0x0bdf7fd3) f31 0x8000000000000201
core   0: 0x0000000080000a94 (0x00302273) csrr    tp, fcsr
core   0: 3 0x0000000080000a94 (0x00302273) x4  0x0000000000000000
core   0: 0x0000000080000a98 (0x45f0b827) fsd     ft11, 1104(ra)
core   0: 3 0x0000000080000a98 (0x45f0b827) mem 0x0000000080007568 0x8000000000000201
core   0: 0x0000000080000a9c (0x4440bc23) sd      tp, 1112(ra)
core   0: 3 0x0000000080000a9c (0x4440bc23) mem 0x0000000080007570 0x0000000000000000
core   0: >>>>  inst_70
core   0: 0x0000000080000aa0 (0x4601bf07) fld     ft10, 1120(gp)
core   0: 3 0x0000000080000aa0 (0x4601bf07) f30 0x0000000000000033 mem 0x0000000080005470
core   0: 0x0000000080000aa4 (0x4681be87) fld     ft9, 1128(gp)
core   0: 3 0x0000000080000aa4 (0x4681be87) f29 0x0000000000020033 mem 0x0000000080005478
core   0: 0x0000000080000aa8 (0x00000113) li      sp, 0
core   0: 3 0x0000000080000aa8 (0x00000113) x2  0x0000000000000000
core   0: 0x0000000080000aac (0x00311073) csrw    fcsr, sp
core   0: 3 0x0000000080000aac (0x00311073) c1_fflags 0x0000000000000000 c2_frm 0x0000000000000000
core   0: 0x0000000080000ab0 (0x0bdf7fd3) fsub.d  ft11, ft10, ft9
core   0: 3 0x0000000080000ab0 (0x0bdf7fd3) f31 0x8000000000020000
core   0: 0x0000000080000ab4 (0x00302273) csrr    tp, fcsr
core   0: 3 0x0000000080000ab4 (0x00302273) x4  0x0000000000000000
core   0: 0x0000000080000ab8 (0x47f0b027) fsd     ft11, 1120(ra)
core   0: 3 0x0000000080000ab8 (0x47f0b027) mem 0x0000000080007578 0x8000000000020000
core   0: 0x0000000080000abc (0x4640b423) sd      tp, 1128(ra)
core   0: 3 0x0000000080000abc (0x4640b423) mem 0x0000000080007580 0x0000000000000000
core   0: >>>>  inst_71
core   0: 0x0000000080000ac0 (0x4701bf07) fld     ft10, 1136(gp)
core   0: 3 0x0000000080000ac0 (0x4701bf07) f30 0x0000000000000033 mem 0x0000000080005480
core   0: 0x0000000080000ac4 (0x4781be87) fld     ft9, 1144(gp)
core   0: 3 0x0000000080000ac4 (0x4781be87) f29 0x80000000003fffce mem 0x0000000080005488
core   0: 0x0000000080000ac8 (0x00000113) li      sp, 0
core   0: 3 0x0000000080000ac8 (0x00000113) x2  0x0000000000000000
core   0: 0x0000000080000acc (0x00311073) csrw    fcsr, sp
core   0: 3 0x0000000080000acc (0x00311073) c1_fflags 0x0000000000000000 c2_frm 0x0000000000000000
core   0: 0x0000000080000ad0 (0x0bdf7fd3) fsub.d  ft11, ft10, ft9
core   0: 3 0x0000000080000ad0 (0x0bdf7fd3) f31 0x0000000000400001
core   0: 0x0000000080000ad4 (0x00302273) csrr    tp, fcsr
core   0: 3 0x0000000080000ad4 (0x00302273) x4  0x0000000000000000
core   0: 0x0000000080000ad8 (0x47f0b827) fsd     ft11, 1136(ra)
core   0: 3 0x0000000080000ad8 (0x47f0b827) mem 0x0000000080007588 0x0000000000400001
core   0: 0x0000000080000adc (0x4640bc23) sd      tp, 1144(ra)
core   0: 3 0x0000000080000adc (0x4640bc23) mem 0x0000000080007590 0x0000000000000000
core   0: >>>>  inst_72
core   0: 0x0000000080000ae0 (0x4801bf07) fld     ft10, 1152(gp)
core   0: 3 0x0000000080000ae0 (0x4801bf07) f30 0x0000000000000034 mem 0x0000000080005490
core   0: 0x0000000080000ae4 (0x4881be87) fld     ft9, 1160(gp)
core   0: 3 0x0000000080000ae4 (0x4881be87) f29 0x0000000000100034 mem 0x0000000080005498
core   0: 0x0000000080000ae8 (0x00000113) li      sp, 0
core   0: 3 0x0000000080000ae8 (0x00000113) x2  0x0000000000000000
core   0: 0x0000000080000aec (0x00311073) csrw    fcsr, sp
core   0: 3 0x0000000080000aec (0x00311073) c1_fflags 0x0000000000000000 c2_frm 0x0000000000000000
core   0: 0x0000000080000af0 (0x0bdf7fd3) fsub.d  ft11, ft10, ft9
core   0: 3 0x0000000080000af0 (0x0bdf7fd3) f31 0x8000000000100000
core   0: 0x0000000080000af4 (0x00302273) csrr    tp, fcsr
core   0: 3 0x0000000080000af4 (0x00302273) x4  0x0000000000000000
core   0: 0x0000000080000af8 (0x49f0b027) fsd     ft11, 1152(ra)
core   0: 3 0x0000000080000af8 (0x49f0b027) mem 0x0000000080007598 0x8000000000100000
core   0: 0x0000000080000afc (0x4840b423) sd      tp, 1160(ra)
core   0: 3 0x0000000080000afc (0x4840b423) mem 0x00000000800075a0 0x0000000000000000
core   0: >>>>  inst_73
core   0: 0x0000000080000b00 (0x4901bf07) fld     ft10, 1168(gp)
core   0: 3 0x0000000080000b00 (0x4901bf07) f30 0x0000000000000034 mem 0x00000000800054a0
core   0: 0x0000000080000b04 (0x4981be87) fld     ft9, 1176(gp)
core   0: 3 0x0000000080000b04 (0x4981be87) f29 0x800fffffffffbfcb mem 0x00000000800054a8
core   0: 0x0000000080000b08 (0x00000113) li      sp, 0
core   0: 3 0x0000000080000b08 (0x00000113) x2  0x0000000000000000
core   0: 0x0000000080000b0c (0x00311073) csrw    fcsr, sp
core   0: 3 0x0000000080000b0c (0x00311073) c1_fflags 0x0000000000000000 c2_frm 0x0000000000000000
core   0: 0x0000000080000b10 (0x0bdf7fd3) fsub.d  ft11, ft10, ft9
core   0: 3 0x0000000080000b10 (0x0bdf7fd3) f31 0x000fffffffffbfff
core   0: 0x0000000080000b14 (0x00302273) csrr    tp, fcsr
core   0: 3 0x0000000080000b14 (0x00302273) x4  0x0000000000000000
core   0: 0x0000000080000b18 (0x49f0b827) fsd     ft11, 1168(ra)
core   0: 3 0x0000000080000b18 (0x49f0b827) mem 0x00000000800075a8 0x000fffffffffbfff
core   0: 0x0000000080000b1c (0x4840bc23) sd      tp, 1176(ra)
core   0: 3 0x0000000080000b1c (0x4840bc23) mem 0x00000000800075b0 0x0000000000000000
core   0: >>>>  inst_74
core   0: 0x0000000080000b20 (0x4a01bf07) fld     ft10, 1184(gp)
core   0: 3 0x0000000080000b20 (0x4a01bf07) f30 0x0000000000000035 mem 0x00000000800054b0
core   0: 0x0000000080000b24 (0x4a81be87) fld     ft9, 1192(gp)
core   0: 3 0x0000000080000b24 (0x4a81be87) f29 0x000ffffffffc0034 mem 0x00000000800054b8
core   0: 0x0000000080000b28 (0x00000113) li      sp, 0
core   0: 3 0x0000000080000b28 (0x00000113) x2  0x0000000000000000
core   0: 0x0000000080000b2c (0x00311073) csrw    fcsr, sp
core   0: 3 0x0000000080000b2c (0x00311073) c1_fflags 0x0000000000000000 c2_frm 0x0000000000000000
core   0: 0x0000000080000b30 (0x0bdf7fd3) fsub.d  ft11, ft10, ft9
core   0: 3 0x0000000080000b30 (0x0bdf7fd3) f31 0x800ffffffffbffff
core   0: 0x0000000080000b34 (0x00302273) csrr    tp, fcsr
core   0: 3 0x0000000080000b34 (0x00302273) x4  0x0000000000000000
core   0: 0x0000000080000b38 (0x4bf0b027) fsd     ft11, 1184(ra)
core   0: 3 0x0000000080000b38 (0x4bf0b027) mem 0x00000000800075b8 0x800ffffffffbffff
core   0: 0x0000000080000b3c (0x4a40b423) sd      tp, 1192(ra)
core   0: 3 0x0000000080000b3c (0x4a40b423) mem 0x00000000800075c0 0x0000000000000000
core   0: >>>>  inst_75
core   0: 0x0000000080000b40 (0x4b01bf07) fld     ft10, 1200(gp)
core   0: 3 0x0000000080000b40 (0x4b01bf07) f30 0x0000000000000036 mem 0x00000000800054c0
core   0: 0x0000000080000b44 (0x4b81be87) fld     ft9, 1208(gp)
core   0: 3 0x0000000080000b44 (0x4b81be87) f29 0x0000000000080037 mem 0x00000000800054c8
core   0: 0x0000000080000b48 (0x00000113) li      sp, 0
core   0: 3 0x0000000080000b48 (0x00000113) x2  0x0000000000000000
core   0: 0x0000000080000b4c (0x00311073) csrw    fcsr, sp
core   0: 3 0x0000000080000b4c (0x00311073) c1_fflags 0x0000000000000000 c2_frm 0x0000000000000000
core   0: 0x0000000080000b50 (0x0bdf7fd3) fsub.d  ft11, ft10, ft9
core   0: 3 0x0000000080000b50 (0x0bdf7fd3) f31 0x8000000000080001
core   0: 0x0000000080000b54 (0x00302273) csrr    tp, fcsr
core   0: 3 0x0000000080000b54 (0x00302273) x4  0x0000000000000000
core   0: 0x0000000080000b58 (0x4bf0b827) fsd     ft11, 1200(ra)
core   0: 3 0x0000000080000b58 (0x4bf0b827) mem 0x00000000800075c8 0x8000000000080001
core   0: 0x0000000080000b5c (0x4a40bc23) sd      tp, 1208(ra)
core   0: 3 0x0000000080000b5c (0x4a40bc23) mem 0x00000000800075d0 0x0000000000000000
core   0: >>>>  inst_76
core   0: 0x0000000080000b60 (0x4c01bf07) fld     ft10, 1216(gp)
core   0: 3 0x0000000080000b60 (0x4c01bf07) f30 0x0000000000000037 mem 0x00000000800054d0
core   0: 0x0000000080000b64 (0x4c81be87) fld     ft9, 1224(gp)
core   0: 3 0x0000000080000b64 (0x4c81be87) f29 0x0000000000001038 mem 0x00000000800054d8
core   0: 0x0000000080000b68 (0x00000113) li      sp, 0
core   0: 3 0x0000000080000b68 (0x00000113) x2  0x0000000000000000
core   0: 0x0000000080000b6c (0x00311073) csrw    fcsr, sp
core   0: 3 0x0000000080000b6c (0x00311073) c1_fflags 0x0000000000000000 c2_frm 0x0000000000000000
core   0: 0x0000000080000b70 (0x0bdf7fd3) fsub.d  ft11, ft10, ft9
core   0: 3 0x0000000080000b70 (0x0bdf7fd3) f31 0x8000000000001001
core   0: 0x0000000080000b74 (0x00302273) csrr    tp, fcsr
core   0: 3 0x0000000080000b74 (0x00302273) x4  0x0000000000000000
core   0: 0x0000000080000b78 (0x4df0b027) fsd     ft11, 1216(ra)
core   0: 3 0x0000000080000b78 (0x4df0b027) mem 0x00000000800075d8 0x8000000000001001
core   0: 0x0000000080000b7c (0x4c40b423) sd      tp, 1224(ra)
core   0: 3 0x0000000080000b7c (0x4c40b423) mem 0x00000000800075e0 0x0000000000000000
core   0: >>>>  inst_77
core   0: 0x0000000080000b80 (0x4d01bf07) fld     ft10, 1232(gp)
core   0: 3 0x0000000080000b80 (0x4d01bf07) f30 0x0000000000000038 mem 0x00000000800054e0
core   0: 0x0000000080000b84 (0x4d81be87) fld     ft9, 1240(gp)
core   0: 3 0x0000000080000b84 (0x4d81be87) f29 0x80000000000fffc9 mem 0x00000000800054e8
core   0: 0x0000000080000b88 (0x00000113) li      sp, 0
core   0: 3 0x0000000080000b88 (0x00000113) x2  0x0000000000000000
core   0: 0x0000000080000b8c (0x00311073) csrw    fcsr, sp
core   0: 3 0x0000000080000b8c (0x00311073) c1_fflags 0x0000000000000000 c2_frm 0x0000000000000000
core   0: 0x0000000080000b90 (0x0bdf7fd3) fsub.d  ft11, ft10, ft9
core   0: 3 0x0000000080000b90 (0x0bdf7fd3) f31 0x0000000000100001
core   0: 0x0000000080000b94 (0x00302273) csrr    tp, fcsr
core   0: 3 0x0000000080000b94 (0x00302273) x4  0x0000000000000000
core   0: 0x0000000080000b98 (0x4df0b827) fsd     ft11, 1232(ra)
core   0: 3 0x0000000080000b98 (0x4df0b827) mem 0x00000000800075e8 0x0000000000100001
core   0: 0x0000000080000b9c (0x4c40bc23) sd      tp, 1240(ra)
core   0: 3 0x0000000080000b9c (0x4c40bc23) mem 0x00000000800075f0 0x0000000000000000
core   0: >>>>  inst_78
core   0: 0x0000000080000ba0 (0x4e01bf07) fld     ft10, 1248(gp)
core   0: 3 0x0000000080000ba0 (0x4e01bf07) f30 0x000000000000003a mem 0x00000000800054f0
core   0: 0x0000000080000ba4 (0x4e81be87) fld     ft9, 1256(gp)
core   0: 3 0x0000000080000ba4 (0x4e81be87) f29 0x000000000000002a mem 0x00000000800054f8
core   0: 0x0000000080000ba8 (0x00000113) li      sp, 0
core   0: 3 0x0000000080000ba8 (0x00000113) x2  0x0000000000000000
core   0: 0x0000000080000bac (0x00311073) csrw    fcsr, sp
core   0: 3 0x0000000080000bac (0x00311073) c1_fflags 0x0000000000000000 c2_frm 0x0000000000000000
core   0: 0x0000000080000bb0 (0x0bdf7fd3) fsub.d  ft11, ft10, ft9
core   0: 3 0x0000000080000bb0 (0x0bdf7fd3) f31 0x0000000000000010
core   0: 0x0000000080000bb4 (0x00302273) csrr    tp, fcsr
core   0: 3 0x0000000080000bb4 (0x00302273) x4  0x0000000000000000
core   0: 0x0000000080000bb8 (0x4ff0b027) fsd     ft11, 1248(ra)
core   0: 3 0x0000000080000bb8 (0x4ff0b027) mem 0x00000000800075f8 0x0000000000000010
core   0: 0x0000000080000bbc (0x4e40b423) sd      tp, 1256(ra)
core   0: 3 0x0000000080000bbc (0x4e40b423) mem 0x0000000080007600 0x0000000000000000
core   0: >>>>  inst_79
core   0: 0x0000000080000bc0 (0x4f01bf07) fld     ft10, 1264(gp)
core   0: 3 0x0000000080000bc0 (0x4f01bf07) f30 0x000000000000003b mem 0x0000000080005500
core   0: 0x0000000080000bc4 (0x4f81be87) fld     ft9, 1272(gp)
core   0: 3 0x0000000080000bc4 (0x4f81be87) f29 0x000000000000004b mem 0x0000000080005508
core   0: 0x0000000080000bc8 (0x00000113) li      sp, 0
core   0: 3 0x0000000080000bc8 (0x00000113) x2  0x0000000000000000
core   0: 0x0000000080000bcc (0x00311073) csrw    fcsr, sp
core   0: 3 0x0000000080000bcc (0x00311073) c1_fflags 0x0000000000000000 c2_frm 0x0000000000000000
core   0: 0x0000000080000bd0 (0x0bdf7fd3) fsub.d  ft11, ft10, ft9
core   0: 3 0x0000000080000bd0 (0x0bdf7fd3) f31 0x8000000000000010
core   0: 0x0000000080000bd4 (0x00302273) csrr    tp, fcsr
core   0: 3 0x0000000080000bd4 (0x00302273) x4  0x0000000000000000
core   0: 0x0000000080000bd8 (0x4ff0b827) fsd     ft11, 1264(ra)
core   0: 3 0x0000000080000bd8 (0x4ff0b827) mem 0x0000000080007608 0x8000000000000010
core   0: 0x0000000080000bdc (0x4e40bc23) sd      tp, 1272(ra)
core   0: 3 0x0000000080000bdc (0x4e40bc23) mem 0x0000000080007610 0x0000000000000000
core   0: >>>>  inst_80
core   0: 0x0000000080000be0 (0x5001bf07) fld     ft10, 1280(gp)
core   0: 3 0x0000000080000be0 (0x5001bf07) f30 0x000000000000003b mem 0x0000000080005510
core   0: 0x0000000080000be4 (0x5081be87) fld     ft9, 1288(gp)
core   0: 3 0x0000000080000be4 (0x5081be87) f29 0x800fffffffffffc2 mem 0x0000000080005518
core   0: 0x0000000080000be8 (0x00000113) li      sp, 0
core   0: 3 0x0000000080000be8 (0x00000113) x2  0x0000000000000000
core   0: 0x0000000080000bec (0x00311073) csrw    fcsr, sp
core   0: 3 0x0000000080000bec (0x00311073) c1_fflags 0x0000000000000000 c2_frm 0x0000000000000000
core   0: 0x0000000080000bf0 (0x0bdf7fd3) fsub.d  ft11, ft10, ft9
core   0: 3 0x0000000080000bf0 (0x0bdf7fd3) f31 0x000ffffffffffffd
core   0: 0x0000000080000bf4 (0x00302273) csrr    tp, fcsr
core   0: 3 0x0000000080000bf4 (0x00302273) x4  0x0000000000000000
core   0: 0x0000000080000bf8 (0x51f0b027) fsd     ft11, 1280(ra)
core   0: 3 0x0000000080000bf8 (0x51f0b027) mem 0x0000000080007618 0x000ffffffffffffd
core   0: 0x0000000080000bfc (0x5040b423) sd      tp, 1288(ra)
core   0: 3 0x0000000080000bfc (0x5040b423) mem 0x0000000080007620 0x0000000000000000
core   0: >>>>  inst_81
core   0: 0x0000000080000c00 (0x5101bf07) fld     ft10, 1296(gp)
core   0: 3 0x0000000080000c00 (0x5101bf07) f30 0x000000000000003f mem 0x0000000080005520
core   0: 0x0000000080000c04 (0x5181be87) fld     ft9, 1304(gp)
core   0: 3 0x0000000080000c04 (0x5181be87) f29 0x000fffffffffc03e mem 0x0000000080005528
core   0: 0x0000000080000c08 (0x00000113) li      sp, 0
core   0: 3 0x0000000080000c08 (0x00000113) x2  0x0000000000000000
core   0: 0x0000000080000c0c (0x00311073) csrw    fcsr, sp
core   0: 3 0x0000000080000c0c (0x00311073) c1_fflags 0x0000000000000000 c2_frm 0x0000000000000000
core   0: 0x0000000080000c10 (0x0bdf7fd3) fsub.d  ft11, ft10, ft9
core   0: 3 0x0000000080000c10 (0x0bdf7fd3) f31 0x800fffffffffbfff
core   0: 0x0000000080000c14 (0x00302273) csrr    tp, fcsr
core   0: 3 0x0000000080000c14 (0x00302273) x4  0x0000000000000000
core   0: 0x0000000080000c18 (0x51f0b827) fsd     ft11, 1296(ra)
core   0: 3 0x0000000080000c18 (0x51f0b827) mem 0x0000000080007628 0x800fffffffffbfff
core   0: 0x0000000080000c1c (0x5040bc23) sd      tp, 1304(ra)
core   0: 3 0x0000000080000c1c (0x5040bc23) mem 0x0000000080007630 0x0000000000000000
core   0: >>>>  inst_82
core   0: 0x0000000080000c20 (0x5201bf07) fld     ft10, 1312(gp)
core   0: 3 0x0000000080000c20 (0x5201bf07) f30 0x000000000000003f mem 0x0000000080005530
core   0: 0x0000000080000c24 (0x5281be87) fld     ft9, 1320(gp)
core   0: 3 0x0000000080000c24 (0x5281be87) f29 0x8000000000000041 mem 0x0000000080005538
core   0: 0x0000000080000c28 (0x00000113) li      sp, 0
core   0: 3 0x0000000080000c28 (0x00000113) x2  0x0000000000000000
core   0: 0x0000000080000c2c (0x00311073) csrw    fcsr, sp
core   0: 3 0x0000000080000c2c (0x00311073) c1_fflags 0x0000000000000000 c2_frm 0x0000000000000000
core   0: 0x0000000080000c30 (0x0bdf7fd3) fsub.d  ft11, ft10, ft9
core   0: 3 0x0000000080000c30 (0x0bdf7fd3) f31 0x0000000000000080
core   0: 0x0000000080000c34 (0x00302273) csrr    tp, fcsr
core   0: 3 0x0000000080000c34 (0x00302273) x4  0x0000000000000000
core   0: 0x0000000080000c38 (0x53f0b027) fsd     ft11, 1312(ra)
core   0: 3 0x0000000080000c38 (0x53f0b027) mem 0x0000000080007638 0x0000000000000080
core   0: 0x0000000080000c3c (0x5240b423) sd      tp, 1320(ra)
core   0: 3 0x0000000080000c3c (0x5240b423) mem 0x0000000080007640 0x0000000000000000
core   0: >>>>  inst_83
core   0: 0x0000000080000c40 (0x5301bf07) fld     ft10, 1328(gp)
core   0: 3 0x0000000080000c40 (0x5301bf07) f30 0x0000000000000040 mem 0x0000000080005540
core   0: 0x0000000080000c44 (0x5381be87) fld     ft9, 1336(gp)
core   0: 3 0x0000000080000c44 (0x5381be87) f29 0x0000000000000038 mem 0x0000000080005548
core   0: 0x0000000080000c48 (0x00000113) li      sp, 0
core   0: 3 0x0000000080000c48 (0x00000113) x2  0x0000000000000000
core   0: 0x0000000080000c4c (0x00311073) csrw    fcsr, sp
core   0: 3 0x0000000080000c4c (0x00311073) c1_fflags 0x0000000000000000 c2_frm 0x0000000000000000
core   0: 0x0000000080000c50 (0x0bdf7fd3) fsub.d  ft11, ft10, ft9
core   0: 3 0x0000000080000c50 (0x0bdf7fd3) f31 0x0000000000000008
core   0: 0x0000000080000c54 (0x00302273) csrr    tp, fcsr
core   0: 3 0x0000000080000c54 (0x00302273) x4  0x0000000000000000
core   0: 0x0000000080000c58 (0x53f0b827) fsd     ft11, 1328(ra)
core   0: 3 0x0000000080000c58 (0x53f0b827) mem 0x0000000080007648 0x0000000000000008
core   0: 0x0000000080000c5c (0x5240bc23) sd      tp, 1336(ra)
core   0: 3 0x0000000080000c5c (0x5240bc23) mem 0x0000000080007650 0x0000000000000000
core   0: >>>>  inst_84
core   0: 0x0000000080000c60 (0x5401bf07) fld     ft10, 1344(gp)
core   0: 3 0x0000000080000c60 (0x5401bf07) f30 0x0000000000000040 mem 0x0000000080005550
core   0: 0x0000000080000c64 (0x5481be87) fld     ft9, 1352(gp)
core   0: 3 0x0000000080000c64 (0x5481be87) f29 0x0000000000000041 mem 0x0000000080005558
core   0: 0x0000000080000c68 (0x00000113) li      sp, 0
core   0: 3 0x0000000080000c68 (0x00000113) x2  0x0000000000000000
core   0: 0x0000000080000c6c (0x00311073) csrw    fcsr, sp
core   0: 3 0x0000000080000c6c (0x00311073) c1_fflags 0x0000000000000000 c2_frm 0x0000000000000000
core   0: 0x0000000080000c70 (0x0bdf7fd3) fsub.d  ft11, ft10, ft9
core   0: 3 0x0000000080000c70 (0x0bdf7fd3) f31 0x8000000000000001
core   0: 0x0000000080000c74 (0x00302273) csrr    tp, fcsr
core   0: 3 0x0000000080000c74 (0x00302273) x4  0x0000000000000000
core   0: 0x0000000080000c78 (0x55f0b027) fsd     ft11, 1344(ra)
core   0: 3 0x0000000080000c78 (0x55f0b027) mem 0x0000000080007658 0x8000000000000001
core   0: 0x0000000080000c7c (0x5440b423) sd      tp, 1352(ra)
core   0: 3 0x0000000080000c7c (0x5440b423) mem 0x0000000080007660 0x0000000000000000
core   0: >>>>  inst_85
core   0: 0x0000000080000c80 (0x5501bf07) fld     ft10, 1360(gp)
core   0: 3 0x0000000080000c80 (0x5501bf07) f30 0x0000000000000040 mem 0x0000000080005560
core   0: 0x0000000080000c84 (0x5581be87) fld     ft9, 1368(gp)
core   0: 3 0x0000000080000c84 (0x5581be87) f29 0x0000000000010040 mem 0x0000000080005568
core   0: 0x0000000080000c88 (0x00000113) li      sp, 0
core   0: 3 0x0000000080000c88 (0x00000113) x2  0x0000000000000000
core   0: 0x0000000080000c8c (0x00311073) csrw    fcsr, sp
core   0: 3 0x0000000080000c8c (0x00311073) c1_fflags 0x0000000000000000 c2_frm 0x0000000000000000
core   0: 0x0000000080000c90 (0x0bdf7fd3) fsub.d  ft11, ft10, ft9
core   0: 3 0x0000000080000c90 (0x0bdf7fd3) f31 0x8000000000010000
core   0: 0x0000000080000c94 (0x00302273) csrr    tp, fcsr
core   0: 3 0x0000000080000c94 (0x00302273) x4  0x0000000000000000
core   0: 0x0000000080000c98 (0x55f0b827) fsd     ft11, 1360(ra)
core   0: 3 0x0000000080000c98 (0x55f0b827) mem 0x0000000080007668 0x8000000000010000
core   0: 0x0000000080000c9c (0x5440bc23) sd      tp, 1368(ra)
core   0: 3 0x0000000080000c9c (0x5440bc23) mem 0x0000000080007670 0x0000000000000000
core   0: >>>>  inst_86
core   0: 0x0000000080000ca0 (0x5601bf07) fld     ft10, 1376(gp)
core   0: 3 0x0000000080000ca0 (0x5601bf07) f30 0x0000000000000040 mem 0x0000000080005570
core   0: 0x0000000080000ca4 (0x5681be87) fld     ft9, 1384(gp)
core   0: 3 0x0000000080000ca4 (0x5681be87) f29 0x8000000000000fc1 mem 0x0000000080005578
core   0: 0x0000000080000ca8 (0x00000113) li      sp, 0
core   0: 3 0x0000000080000ca8 (0x00000113) x2  0x0000000000000000
core   0: 0x0000000080000cac (0x00311073) csrw    fcsr, sp
core   0: 3 0x0000000080000cac (0x00311073) c1_fflags 0x0000000000000000 c2_frm 0x0000000000000000
core   0: 0x0000000080000cb0 (0x0bdf7fd3) fsub.d  ft11, ft10, ft9
core   0: 3 0x0000000080000cb0 (0x0bdf7fd3) f31 0x0000000000001001
core   0: 0x0000000080000cb4 (0x00302273) csrr    tp, fcsr
core   0: 3 0x0000000080000cb4 (0x00302273) x4  0x0000000000000000
core   0: 0x0000000080000cb8 (0x57f0b027) fsd     ft11, 1376(ra)
core   0: 3 0x0000000080000cb8 (0x57f0b027) mem 0x0000000080007678 0x0000000000001001
core   0: 0x0000000080000cbc (0x5640b423) sd      tp, 1384(ra)
core   0: 3 0x0000000080000cbc (0x5640b423) mem 0x0000000080007680 0x0000000000000000
core   0: >>>>  inst_87
core   0: 0x0000000080000cc0 (0x5701bf07) fld     ft10, 1392(gp)
core   0: 3 0x0000000080000cc0 (0x5701bf07) f30 0x0000000000000040 mem 0x0000000080005580
core   0: 0x0000000080000cc4 (0x5781be87) fld     ft9, 1400(gp)
core   0: 3 0x0000000080000cc4 (0x5781be87) f29 0x800fffffffffefbf mem 0x0000000080005588
core   0: 0x0000000080000cc8 (0x00000113) li      sp, 0
core   0: 3 0x0000000080000cc8 (0x00000113) x2  0x0000000000000000
core   0: 0x0000000080000ccc (0x00311073) csrw    fcsr, sp
core   0: 3 0x0000000080000ccc (0x00311073) c1_fflags 0x0000000000000000 c2_frm 0x0000000000000000
core   0: 0x0000000080000cd0 (0x0bdf7fd3) fsub.d  ft11, ft10, ft9
core   0: 3 0x0000000080000cd0 (0x0bdf7fd3) f31 0x000fffffffffefff
core   0: 0x0000000080000cd4 (0x00302273) csrr    tp, fcsr
core   0: 3 0x0000000080000cd4 (0x00302273) x4  0x0000000000000000
core   0: 0x0000000080000cd8 (0x57f0b827) fsd     ft11, 1392(ra)
core   0: 3 0x0000000080000cd8 (0x57f0b827) mem 0x0000000080007688 0x000fffffffffefff
core   0: 0x0000000080000cdc (0x5640bc23) sd      tp, 1400(ra)
core   0: 3 0x0000000080000cdc (0x5640bc23) mem 0x0000000080007690 0x0000000000000000
core   0: >>>>  inst_88
core   0: 0x0000000080000ce0 (0x5801bf07) fld     ft10, 1408(gp)
core   0: 3 0x0000000080000ce0 (0x5801bf07) f30 0x0000000000000040 mem 0x0000000080005590
core   0: 0x0000000080000ce4 (0x5881be87) fld     ft9, 1416(gp)
core   0: 3 0x0000000080000ce4 (0x5881be87) f29 0x800ffffffffffdbf mem 0x0000000080005598
core   0: 0x0000000080000ce8 (0x00000113) li      sp, 0
core   0: 3 0x0000000080000ce8 (0x00000113) x2  0x0000000000000000
core   0: 0x0000000080000cec (0x00311073) csrw    fcsr, sp
core   0: 3 0x0000000080000cec (0x00311073) c1_fflags 0x0000000000000000 c2_frm 0x0000000000000000
core   0: 0x0000000080000cf0 (0x0bdf7fd3) fsub.d  ft11, ft10, ft9
core   0: 3 0x0000000080000cf0 (0x0bdf7fd3) f31 0x000ffffffffffdff
core   0: 0x0000000080000cf4 (0x00302273) csrr    tp, fcsr
core   0: 3 0x0000000080000cf4 (0x00302273) x4  0x0000000000000000
core   0: 0x0000000080000cf8 (0x59f0b027) fsd     ft11, 1408(ra)
core   0: 3 0x0000000080000cf8 (0x59f0b027) mem 0x0000000080007698 0x000ffffffffffdff
core   0: 0x0000000080000cfc (0x5840b423) sd      tp, 1416(ra)
core   0: 3 0x0000000080000cfc (0x5840b423) mem 0x00000000800076a0 0x0000000000000000
core   0: >>>>  inst_89
core   0: 0x0000000080000d00 (0x5901bf07) fld     ft10, 1424(gp)
core   0: 3 0x0000000080000d00 (0x5901bf07) f30 0x0000000000000041 mem 0x00000000800055a0
core   0: 0x0000000080000d04 (0x5981be87) fld     ft9, 1432(gp)
core   0: 3 0x0000000080000d04 (0x5981be87) f29 0x0000000000001041 mem 0x00000000800055a8
core   0: 0x0000000080000d08 (0x00000113) li      sp, 0
core   0: 3 0x0000000080000d08 (0x00000113) x2  0x0000000000000000
core   0: 0x0000000080000d0c (0x00311073) csrw    fcsr, sp
core   0: 3 0x0000000080000d0c (0x00311073) c1_fflags 0x0000000000000000 c2_frm 0x0000000000000000
core   0: 0x0000000080000d10 (0x0bdf7fd3) fsub.d  ft11, ft10, ft9
core   0: 3 0x0000000080000d10 (0x0bdf7fd3) f31 0x8000000000001000
core   0: 0x0000000080000d14 (0x00302273) csrr    tp, fcsr
core   0: 3 0x0000000080000d14 (0x00302273) x4  0x0000000000000000
core   0: 0x0000000080000d18 (0x59f0b827) fsd     ft11, 1424(ra)
core   0: 3 0x0000000080000d18 (0x59f0b827) mem 0x00000000800076a8 0x8000000000001000
core   0: 0x0000000080000d1c (0x5840bc23) sd      tp, 1432(ra)
core   0: 3 0x0000000080000d1c (0x5840bc23) mem 0x00000000800076b0 0x0000000000000000
core   0: >>>>  inst_90
core   0: 0x0000000080000d20 (0x5a01bf07) fld     ft10, 1440(gp)
core   0: 3 0x0000000080000d20 (0x5a01bf07) f30 0x0000000000000041 mem 0x00000000800055b0
core   0: 0x0000000080000d24 (0x5a81be87) fld     ft9, 1448(gp)
core   0: 3 0x0000000080000d24 (0x5a81be87) f29 0x0000000000002041 mem 0x00000000800055b8
core   0: 0x0000000080000d28 (0x00000113) li      sp, 0
core   0: 3 0x0000000080000d28 (0x00000113) x2  0x0000000000000000
core   0: 0x0000000080000d2c (0x00311073) csrw    fcsr, sp
core   0: 3 0x0000000080000d2c (0x00311073) c1_fflags 0x0000000000000000 c2_frm 0x0000000000000000
core   0: 0x0000000080000d30 (0x0bdf7fd3) fsub.d  ft11, ft10, ft9
core   0: 3 0x0000000080000d30 (0x0bdf7fd3) f31 0x8000000000002000
core   0: 0x0000000080000d34 (0x00302273) csrr    tp, fcsr
core   0: 3 0x0000000080000d34 (0x00302273) x4  0x0000000000000000
core   0: 0x0000000080000d38 (0x5bf0b027) fsd     ft11, 1440(ra)
core   0: 3 0x0000000080000d38 (0x5bf0b027) mem 0x00000000800076b8 0x8000000000002000
core   0: 0x0000000080000d3c (0x5a40b423) sd      tp, 1448(ra)
core   0: 3 0x0000000080000d3c (0x5a40b423) mem 0x00000000800076c0 0x0000000000000000
core   0: >>>>  inst_91
core   0: 0x0000000080000d40 (0x5b01bf07) fld     ft10, 1456(gp)
core   0: 3 0x0000000080000d40 (0x5b01bf07) f30 0x0000000000000041 mem 0x00000000800055c0
core   0: 0x0000000080000d44 (0x5b81be87) fld     ft9, 1464(gp)
core   0: 3 0x0000000080000d44 (0x5b81be87) f29 0x000ffffffffffe40 mem 0x00000000800055c8
core   0: 0x0000000080000d48 (0x00000113) li      sp, 0
core   0: 3 0x0000000080000d48 (0x00000113) x2  0x0000000000000000
core   0: 0x0000000080000d4c (0x00311073) csrw    fcsr, sp
core   0: 3 0x0000000080000d4c (0x00311073) c1_fflags 0x0000000000000000 c2_frm 0x0000000000000000
core   0: 0x0000000080000d50 (0x0bdf7fd3) fsub.d  ft11, ft10, ft9
core   0: 3 0x0000000080000d50 (0x0bdf7fd3) f31 0x800ffffffffffdff
core   0: 0x0000000080000d54 (0x00302273) csrr    tp, fcsr
core   0: 3 0x0000000080000d54 (0x00302273) x4  0x0000000000000000
core   0: 0x0000000080000d58 (0x5bf0b827) fsd     ft11, 1456(ra)
core   0: 3 0x0000000080000d58 (0x5bf0b827) mem 0x00000000800076c8 0x800ffffffffffdff
core   0: 0x0000000080000d5c (0x5a40bc23) sd      tp, 1464(ra)
core   0: 3 0x0000000080000d5c (0x5a40bc23) mem 0x00000000800076d0 0x0000000000000000
core   0: >>>>  inst_92
core   0: 0x0000000080000d60 (0x5c01bf07) fld     ft10, 1472(gp)
core   0: 3 0x0000000080000d60 (0x5c01bf07) f30 0x0000000000000042 mem 0x00000000800055d0
core   0: 0x0000000080000d64 (0x5c81be87) fld     ft9, 1480(gp)
core   0: 3 0x0000000080000d64 (0x5c81be87) f29 0x800fffffffffffb5 mem 0x00000000800055d8
core   0: 0x0000000080000d68 (0x00000113) li      sp, 0
core   0: 3 0x0000000080000d68 (0x00000113) x2  0x0000000000000000
core   0: 0x0000000080000d6c (0x00311073) csrw    fcsr, sp
core   0: 3 0x0000000080000d6c (0x00311073) c1_fflags 0x0000000000000000 c2_frm 0x0000000000000000
core   0: 0x0000000080000d70 (0x0bdf7fd3) fsub.d  ft11, ft10, ft9
core   0: 3 0x0000000080000d70 (0x0bdf7fd3) f31 0x000ffffffffffff7
core   0: 0x0000000080000d74 (0x00302273) csrr    tp, fcsr
core   0: 3 0x0000000080000d74 (0x00302273) x4  0x0000000000000000
core   0: 0x0000000080000d78 (0x5df0b027) fsd     ft11, 1472(ra)
core   0: 3 0x0000000080000d78 (0x5df0b027) mem 0x00000000800076d8 0x000ffffffffffff7
core   0: 0x0000000080000d7c (0x5c40b423) sd      tp, 1480(ra)
core   0: 3 0x0000000080000d7c (0x5c40b423) mem 0x00000000800076e0 0x0000000000000000
core   0: >>>>  inst_93
core   0: 0x0000000080000d80 (0x5d01bf07) fld     ft10, 1488(gp)
core   0: 3 0x0000000080000d80 (0x5d01bf07) f30 0x0000000000000043 mem 0x00000000800055e0
core   0: 0x0000000080000d84 (0x5d81be87) fld     ft9, 1496(gp)
core   0: 3 0x0000000080000d84 (0x5d81be87) f29 0x0000000000000084 mem 0x00000000800055e8
core   0: 0x0000000080000d88 (0x00000113) li      sp, 0
core   0: 3 0x0000000080000d88 (0x00000113) x2  0x0000000000000000
core   0: 0x0000000080000d8c (0x00311073) csrw    fcsr, sp
core   0: 3 0x0000000080000d8c (0x00311073) c1_fflags 0x0000000000000000 c2_frm 0x0000000000000000
core   0: 0x0000000080000d90 (0x0bdf7fd3) fsub.d  ft11, ft10, ft9
core   0: 3 0x0000000080000d90 (0x0bdf7fd3) f31 0x8000000000000041
core   0: 0x0000000080000d94 (0x00302273) csrr    tp, fcsr
core   0: 3 0x0000000080000d94 (0x00302273) x4  0x0000000000000000
core   0: 0x0000000080000d98 (0x5df0b827) fsd     ft11, 1488(ra)
core   0: 3 0x0000000080000d98 (0x5df0b827) mem 0x00000000800076e8 0x8000000000000041
core   0: 0x0000000080000d9c (0x5c40bc23) sd      tp, 1496(ra)
core   0: 3 0x0000000080000d9c (0x5c40bc23) mem 0x00000000800076f0 0x0000000000000000
core   0: >>>>  inst_94
core   0: 0x0000000080000da0 (0x5e01bf07) fld     ft10, 1504(gp)
core   0: 3 0x0000000080000da0 (0x5e01bf07) f30 0x0000000000000044 mem 0x00000000800055f0
core   0: 0x0000000080000da4 (0x5e81be87) fld     ft9, 1512(gp)
core   0: 3 0x0000000080000da4 (0x5e81be87) f29 0x800000000000003d mem 0x00000000800055f8
core   0: 0x0000000080000da8 (0x00000113) li      sp, 0
core   0: 3 0x0000000080000da8 (0x00000113) x2  0x0000000000000000
core   0: 0x0000000080000dac (0x00311073) csrw    fcsr, sp
core   0: 3 0x0000000080000dac (0x00311073) c1_fflags 0x0000000000000000 c2_frm 0x0000000000000000
core   0: 0x0000000080000db0 (0x0bdf7fd3) fsub.d  ft11, ft10, ft9
core   0: 3 0x0000000080000db0 (0x0bdf7fd3) f31 0x0000000000000081
core   0: 0x0000000080000db4 (0x00302273) csrr    tp, fcsr
core   0: 3 0x0000000080000db4 (0x00302273) x4  0x0000000000000000
core   0: 0x0000000080000db8 (0x5ff0b027) fsd     ft11, 1504(ra)
core   0: 3 0x0000000080000db8 (0x5ff0b027) mem 0x00000000800076f8 0x0000000000000081
core   0: 0x0000000080000dbc (0x5e40b423) sd      tp, 1512(ra)
core   0: 3 0x0000000080000dbc (0x5e40b423) mem 0x0000000080007700 0x0000000000000000
core   0: >>>>  inst_95
core   0: 0x0000000080000dc0 (0x5f01bf07) fld     ft10, 1520(gp)
core   0: 3 0x0000000080000dc0 (0x5f01bf07) f30 0x0000000000000044 mem 0x0000000080005600
core   0: 0x0000000080000dc4 (0x5f81be87) fld     ft9, 1528(gp)
core   0: 3 0x0000000080000dc4 (0x5f81be87) f29 0x80000000001fffbc mem 0x0000000080005608
core   0: 0x0000000080000dc8 (0x00000113) li      sp, 0
core   0: 3 0x0000000080000dc8 (0x00000113) x2  0x0000000000000000
core   0: 0x0000000080000dcc (0x00311073) csrw    fcsr, sp
core   0: 3 0x0000000080000dcc (0x00311073) c1_fflags 0x0000000000000000 c2_frm 0x0000000000000000
core   0: 0x0000000080000dd0 (0x0bdf7fd3) fsub.d  ft11, ft10, ft9
core   0: 3 0x0000000080000dd0 (0x0bdf7fd3) f31 0x0000000000200000
core   0: 0x0000000080000dd4 (0x00302273) csrr    tp, fcsr
core   0: 3 0x0000000080000dd4 (0x00302273) x4  0x0000000000000000
core   0: 0x0000000080000dd8 (0x5ff0b827) fsd     ft11, 1520(ra)
core   0: 3 0x0000000080000dd8 (0x5ff0b827) mem 0x0000000080007708 0x0000000000200000
core   0: 0x0000000080000ddc (0x5e40bc23) sd      tp, 1528(ra)
core   0: 3 0x0000000080000ddc (0x5e40bc23) mem 0x0000000080007710 0x0000000000000000
core   0: >>>>  inst_96
core   0: 0x0000000080000de0 (0x6001bf07) fld     ft10, 1536(gp)
core   0: 3 0x0000000080000de0 (0x6001bf07) f30 0x0000000000000045 mem 0x0000000080005610
core   0: 0x0000000080000de4 (0x6081be87) fld     ft9, 1544(gp)
core   0: 3 0x0000000080000de4 (0x6081be87) f29 0x0010000000000004 mem 0x0000000080005618
core   0: 0x0000000080000de8 (0x00000113) li      sp, 0
core   0: 3 0x0000000080000de8 (0x00000113) x2  0x0000000000000000
core   0: 0x0000000080000dec (0x00311073) csrw    fcsr, sp
core   0: 3 0x0000000080000dec (0x00311073) c1_fflags 0x0000000000000000 c2_frm 0x0000000000000000
core   0: 0x0000000080000df0 (0x0bdf7fd3) fsub.d  ft11, ft10, ft9
core   0: 3 0x0000000080000df0 (0x0bdf7fd3) f31 0x800fffffffffffbf
core   0: 0x0000000080000df4 (0x00302273) csrr    tp, fcsr
core   0: 3 0x0000000080000df4 (0x00302273) x4  0x0000000000000000
core   0: 0x0000000080000df8 (0x61f0b027) fsd     ft11, 1536(ra)
core   0: 3 0x0000000080000df8 (0x61f0b027) mem 0x0000000080007718 0x800fffffffffffbf
core   0: 0x0000000080000dfc (0x6040b423) sd      tp, 1544(ra)
core   0: 3 0x0000000080000dfc (0x6040b423) mem 0x0000000080007720 0x0000000000000000
core   0: >>>>  inst_97
core   0: 0x0000000080000e00 (0x6101bf07) fld     ft10, 1552(gp)
core   0: 3 0x0000000080000e00 (0x6101bf07) f30 0x0000000000000045 mem 0x0000000080005620
core   0: 0x0000000080000e04 (0x6181be87) fld     ft9, 1560(gp)
core   0: 3 0x0000000080000e04 (0x6181be87) f29 0x0010000000000043 mem 0x0000000080005628
core   0: 0x0000000080000e08 (0x00000113) li      sp, 0
core   0: 3 0x0000000080000e08 (0x00000113) x2  0x0000000000000000
core   0: 0x0000000080000e0c (0x00311073) csrw    fcsr, sp
core   0: 3 0x0000000080000e0c (0x00311073) c1_fflags 0x0000000000000000 c2_frm 0x0000000000000000
core   0: 0x0000000080000e10 (0x0bdf7fd3) fsub.d  ft11, ft10, ft9
core   0: 3 0x0000000080000e10 (0x0bdf7fd3) f31 0x800ffffffffffffe
core   0: 0x0000000080000e14 (0x00302273) csrr    tp, fcsr
core   0: 3 0x0000000080000e14 (0x00302273) x4  0x0000000000000000
core   0: 0x0000000080000e18 (0x61f0b827) fsd     ft11, 1552(ra)
core   0: 3 0x0000000080000e18 (0x61f0b827) mem 0x0000000080007728 0x800ffffffffffffe
core   0: 0x0000000080000e1c (0x6040bc23) sd      tp, 1560(ra)
core   0: 3 0x0000000080000e1c (0x6040bc23) mem 0x0000000080007730 0x0000000000000000
core   0: >>>>  inst_98
core   0: 0x0000000080000e20 (0x6201bf07) fld     ft10, 1568(gp)
core   0: 3 0x0000000080000e20 (0x6201bf07) f30 0x0000000000000046 mem 0x0000000080005630
core   0: 0x0000000080000e24 (0x6281be87) fld     ft9, 1576(gp)
core   0: 3 0x0000000080000e24 (0x6281be87) f29 0x0000000000000057 mem 0x0000000080005638
core   0: 0x0000000080000e28 (0x00000113) li      sp, 0
core   0: 3 0x0000000080000e28 (0x00000113) x2  0x0000000000000000
core   0: 0x0000000080000e2c (0x00311073) csrw    fcsr, sp
core   0: 3 0x0000000080000e2c (0x00311073) c1_fflags 0x0000000000000000 c2_frm 0x0000000000000000
core   0: 0x0000000080000e30 (0x0bdf7fd3) fsub.d  ft11, ft10, ft9
core   0: 3 0x0000000080000e30 (0x0bdf7fd3) f31 0x8000000000000011
core   0: 0x0000000080000e34 (0x00302273) csrr    tp, fcsr
core   0: 3 0x0000000080000e34 (0x00302273) x4  0x0000000000000000
core   0: 0x0000000080000e38 (0x63f0b027) fsd     ft11, 1568(ra)
core   0: 3 0x0000000080000e38 (0x63f0b027) mem 0x0000000080007738 0x8000000000000011
core   0: 0x0000000080000e3c (0x6240b423) sd      tp, 1576(ra)
core   0: 3 0x0000000080000e3c (0x6240b423) mem 0x0000000080007740 0x0000000000000000
core   0: >>>>  inst_99
core   0: 0x0000000080000e40 (0x6301bf07) fld     ft10, 1584(gp)
core   0: 3 0x0000000080000e40 (0x6301bf07) f30 0x0000000000000046 mem 0x0000000080005640
core   0: 0x0000000080000e44 (0x6381be87) fld     ft9, 1592(gp)
core   0: 3 0x0000000080000e44 (0x6381be87) f29 0x800000000001ffba mem 0x0000000080005648
core   0: 0x0000000080000e48 (0x00000113) li      sp, 0
core   0: 3 0x0000000080000e48 (0x00000113) x2  0x0000000000000000
core   0: 0x0000000080000e4c (0x00311073) csrw    fcsr, sp
core   0: 3 0x0000000080000e4c (0x00311073) c1_fflags 0x0000000000000000 c2_frm 0x0000000000000000
core   0: 0x0000000080000e50 (0x0bdf7fd3) fsub.d  ft11, ft10, ft9
core   0: 3 0x0000000080000e50 (0x0bdf7fd3) f31 0x0000000000020000
core   0: 0x0000000080000e54 (0x00302273) csrr    tp, fcsr
core   0: 3 0x0000000080000e54 (0x00302273) x4  0x0000000000000000
core   0: 0x0000000080000e58 (0x63f0b827) fsd     ft11, 1584(ra)
core   0: 3 0x0000000080000e58 (0x63f0b827) mem 0x0000000080007748 0x0000000000020000
core   0: 0x0000000080000e5c (0x6240bc23) sd      tp, 1592(ra)
core   0: 3 0x0000000080000e5c (0x6240bc23) mem 0x0000000080007750 0x0000000000000000
core   0: >>>>  inst_100
core   0: 0x0000000080000e60 (0x6401bf07) fld     ft10, 1600(gp)
core   0: 3 0x0000000080000e60 (0x6401bf07) f30 0x0000000000000048 mem 0x0000000080005650
core   0: 0x0000000080000e64 (0x6481be87) fld     ft9, 1608(gp)
core   0: 3 0x0000000080000e64 (0x6481be87) f29 0x0000000000000088 mem 0x0000000080005658
core   0: 0x0000000080000e68 (0x00000113) li      sp, 0
core   0: 3 0x0000000080000e68 (0x00000113) x2  0x0000000000000000
core   0: 0x0000000080000e6c (0x00311073) csrw    fcsr, sp
core   0: 3 0x0000000080000e6c (0x00311073) c1_fflags 0x0000000000000000 c2_frm 0x0000000000000000
core   0: 0x0000000080000e70 (0x0bdf7fd3) fsub.d  ft11, ft10, ft9
core   0: 3 0x0000000080000e70 (0x0bdf7fd3) f31 0x8000000000000040
core   0: 0x0000000080000e74 (0x00302273) csrr    tp, fcsr
core   0: 3 0x0000000080000e74 (0x00302273) x4  0x0000000000000000
core   0: 0x0000000080000e78 (0x65f0b027) fsd     ft11, 1600(ra)
core   0: 3 0x0000000080000e78 (0x65f0b027) mem 0x0000000080007758 0x8000000000000040
core   0: 0x0000000080000e7c (0x6440b423) sd      tp, 1608(ra)
core   0: 3 0x0000000080000e7c (0x6440b423) mem 0x0000000080007760 0x0000000000000000
core   0: >>>>  inst_101
core   0: 0x0000000080000e80 (0x6501bf07) fld     ft10, 1616(gp)
core   0: 3 0x0000000080000e80 (0x6501bf07) f30 0x0000000000000049 mem 0x0000000080005660
core   0: 0x0000000080000e84 (0x6581be87) fld     ft9, 1624(gp)
core   0: 3 0x0000000080000e84 (0x6581be87) f29 0x800ffffffffdffb6 mem 0x0000000080005668
core   0: 0x0000000080000e88 (0x00000113) li      sp, 0
core   0: 3 0x0000000080000e88 (0x00000113) x2  0x0000000000000000
core   0: 0x0000000080000e8c (0x00311073) csrw    fcsr, sp
core   0: 3 0x0000000080000e8c (0x00311073) c1_fflags 0x0000000000000000 c2_frm 0x0000000000000000
core   0: 0x0000000080000e90 (0x0bdf7fd3) fsub.d  ft11, ft10, ft9
core   0: 3 0x0000000080000e90 (0x0bdf7fd3) f31 0x000ffffffffdffff
core   0: 0x0000000080000e94 (0x00302273) csrr    tp, fcsr
core   0: 3 0x0000000080000e94 (0x00302273) x4  0x0000000000000000
core   0: 0x0000000080000e98 (0x65f0b827) fsd     ft11, 1616(ra)
core   0: 3 0x0000000080000e98 (0x65f0b827) mem 0x0000000080007768 0x000ffffffffdffff
core   0: 0x0000000080000e9c (0x6440bc23) sd      tp, 1624(ra)
core   0: 3 0x0000000080000e9c (0x6440bc23) mem 0x0000000080007770 0x0000000000000000
core   0: >>>>  inst_102
core   0: 0x0000000080000ea0 (0x6601bf07) fld     ft10, 1632(gp)
core   0: 3 0x0000000080000ea0 (0x6601bf07) f30 0x000000000000004a mem 0x0000000080005670
core   0: 0x0000000080000ea4 (0x6681be87) fld     ft9, 1640(gp)
core   0: 3 0x0000000080000ea4 (0x6681be87) f29 0x000000000000044b mem 0x0000000080005678
core   0: 0x0000000080000ea8 (0x00000113) li      sp, 0
core   0: 3 0x0000000080000ea8 (0x00000113) x2  0x0000000000000000
core   0: 0x0000000080000eac (0x00311073) csrw    fcsr, sp
core   0: 3 0x0000000080000eac (0x00311073) c1_fflags 0x0000000000000000 c2_frm 0x0000000000000000
core   0: 0x0000000080000eb0 (0x0bdf7fd3) fsub.d  ft11, ft10, ft9
core   0: 3 0x0000000080000eb0 (0x0bdf7fd3) f31 0x8000000000000401
core   0: 0x0000000080000eb4 (0x00302273) csrr    tp, fcsr
core   0: 3 0x0000000080000eb4 (0x00302273) x4  0x0000000000000000
core   0: 0x0000000080000eb8 (0x67f0b027) fsd     ft11, 1632(ra)
core   0: 3 0x0000000080000eb8 (0x67f0b027) mem 0x0000000080007778 0x8000000000000401
core   0: 0x0000000080000ebc (0x6640b423) sd      tp, 1640(ra)
core   0: 3 0x0000000080000ebc (0x6640b423) mem 0x0000000080007780 0x0000000000000000
core   0: >>>>  inst_103
core   0: 0x0000000080000ec0 (0x6701bf07) fld     ft10, 1648(gp)
core   0: 3 0x0000000080000ec0 (0x6701bf07) f30 0x000000000000004b mem 0x0000000080005680
core   0: 0x0000000080000ec4 (0x6781be87) fld     ft9, 1656(gp)
core   0: 3 0x0000000080000ec4 (0x6781be87) f29 0x000fffffffff804a mem 0x0000000080005688
core   0: 0x0000000080000ec8 (0x00000113) li      sp, 0
core   0: 3 0x0000000080000ec8 (0x00000113) x2  0x0000000000000000
core   0: 0x0000000080000ecc (0x00311073) csrw    fcsr, sp
core   0: 3 0x0000000080000ecc (0x00311073) c1_fflags 0x0000000000000000 c2_frm 0x0000000000000000
core   0: 0x0000000080000ed0 (0x0bdf7fd3) fsub.d  ft11, ft10, ft9
core   0: 3 0x0000000080000ed0 (0x0bdf7fd3) f31 0x800fffffffff7fff
core   0: 0x0000000080000ed4 (0x00302273) csrr    tp, fcsr
core   0: 3 0x0000000080000ed4 (0x00302273) x4  0x0000000000000000
core   0: 0x0000000080000ed8 (0x67f0b827) fsd     ft11, 1648(ra)
core   0: 3 0x0000000080000ed8 (0x67f0b827) mem 0x0000000080007788 0x800fffffffff7fff
core   0: 0x0000000080000edc (0x6640bc23) sd      tp, 1656(ra)
core   0: 3 0x0000000080000edc (0x6640bc23) mem 0x0000000080007790 0x0000000000000000
core   0: >>>>  inst_104
core   0: 0x0000000080000ee0 (0x6801bf07) fld     ft10, 1664(gp)
core   0: 3 0x0000000080000ee0 (0x6801bf07) f30 0x000000000000004c mem 0x0000000080005690
core   0: 0x0000000080000ee4 (0x6881be87) fld     ft9, 1672(gp)
core   0: 3 0x0000000080000ee4 (0x6881be87) f29 0x000fffffffc0004b mem 0x0000000080005698
core   0: 0x0000000080000ee8 (0x00000113) li      sp, 0
core   0: 3 0x0000000080000ee8 (0x00000113) x2  0x0000000000000000
core   0: 0x0000000080000eec (0x00311073) csrw    fcsr, sp
core   0: 3 0x0000000080000eec (0x00311073) c1_fflags 0x0000000000000000 c2_frm 0x0000000000000000
core   0: 0x0000000080000ef0 (0x0bdf7fd3) fsub.d  ft11, ft10, ft9
core   0: 3 0x0000000080000ef0 (0x0bdf7fd3) f31 0x800fffffffbfffff
core   0: 0x0000000080000ef4 (0x00302273) csrr    tp, fcsr
core   0: 3 0x0000000080000ef4 (0x00302273) x4  0x0000000000000000
core   0: 0x0000000080000ef8 (0x69f0b027) fsd     ft11, 1664(ra)
core   0: 3 0x0000000080000ef8 (0x69f0b027) mem 0x0000000080007798 0x800fffffffbfffff
core   0: 0x0000000080000efc (0x6840b423) sd      tp, 1672(ra)
core   0: 3 0x0000000080000efc (0x6840b423) mem 0x00000000800077a0 0x0000000000000000
core   0: >>>>  inst_105
core   0: 0x0000000080000f00 (0x6901bf07) fld     ft10, 1680(gp)
core   0: 3 0x0000000080000f00 (0x6901bf07) f30 0x000000000000004c mem 0x00000000800056a0
core   0: 0x0000000080000f04 (0x6981be87) fld     ft9, 1688(gp)
core   0: 3 0x0000000080000f04 (0x6981be87) f29 0x800ffffffffffeb3 mem 0x00000000800056a8
core   0: 0x0000000080000f08 (0x00000113) li      sp, 0
core   0: 3 0x0000000080000f08 (0x00000113) x2  0x0000000000000000
core   0: 0x0000000080000f0c (0x00311073) csrw    fcsr, sp
core   0: 3 0x0000000080000f0c (0x00311073) c1_fflags 0x0000000000000000 c2_frm 0x0000000000000000
core   0: 0x0000000080000f10 (0x0bdf7fd3) fsub.d  ft11, ft10, ft9
core   0: 3 0x0000000080000f10 (0x0bdf7fd3) f31 0x000ffffffffffeff
core   0: 0x0000000080000f14 (0x00302273) csrr    tp, fcsr
core   0: 3 0x0000000080000f14 (0x00302273) x4  0x0000000000000000
core   0: 0x0000000080000f18 (0x69f0b827) fsd     ft11, 1680(ra)
core   0: 3 0x0000000080000f18 (0x69f0b827) mem 0x00000000800077a8 0x000ffffffffffeff
core   0: 0x0000000080000f1c (0x6840bc23) sd      tp, 1688(ra)
core   0: 3 0x0000000080000f1c (0x6840bc23) mem 0x00000000800077b0 0x0000000000000000
core   0: >>>>  inst_106
core   0: 0x0000000080000f20 (0x6a01bf07) fld     ft10, 1696(gp)
core   0: 3 0x0000000080000f20 (0x6a01bf07) f30 0x000000000000004e mem 0x00000000800056b0
core   0: 0x0000000080000f24 (0x6a81be87) fld     ft9, 1704(gp)
core   0: 3 0x0000000080000f24 (0x6a81be87) f29 0x000fffffffffe04d mem 0x00000000800056b8
core   0: 0x0000000080000f28 (0x00000113) li      sp, 0
core   0: 3 0x0000000080000f28 (0x00000113) x2  0x0000000000000000
core   0: 0x0000000080000f2c (0x00311073) csrw    fcsr, sp
core   0: 3 0x0000000080000f2c (0x00311073) c1_fflags 0x0000000000000000 c2_frm 0x0000000000000000
core   0: 0x0000000080000f30 (0x0bdf7fd3) fsub.d  ft11, ft10, ft9
core   0: 3 0x0000000080000f30 (0x0bdf7fd3) f31 0x800fffffffffdfff
core   0: 0x0000000080000f34 (0x00302273) csrr    tp, fcsr
core   0: 3 0x0000000080000f34 (0x00302273) x4  0x0000000000000000
core   0: 0x0000000080000f38 (0x6bf0b027) fsd     ft11, 1696(ra)
core   0: 3 0x0000000080000f38 (0x6bf0b027) mem 0x00000000800077b8 0x800fffffffffdfff
core   0: 0x0000000080000f3c (0x6a40b423) sd      tp, 1704(ra)
core   0: 3 0x0000000080000f3c (0x6a40b423) mem 0x00000000800077c0 0x0000000000000000
core   0: >>>>  inst_107
core   0: 0x0000000080000f40 (0x6b01bf07) fld     ft10, 1712(gp)
core   0: 3 0x0000000080000f40 (0x6b01bf07) f30 0x000000000000004e mem 0x00000000800056c0
core   0: 0x0000000080000f44 (0x6b81be87) fld     ft9, 1720(gp)
core   0: 3 0x0000000080000f44 (0x6b81be87) f29 0x80000000000001b2 mem 0x00000000800056c8
core   0: 0x0000000080000f48 (0x00000113) li      sp, 0
core   0: 3 0x0000000080000f48 (0x00000113) x2  0x0000000000000000
core   0: 0x0000000080000f4c (0x00311073) csrw    fcsr, sp
core   0: 3 0x0000000080000f4c (0x00311073) c1_fflags 0x0000000000000000 c2_frm 0x0000000000000000
core   0: 0x0000000080000f50 (0x0bdf7fd3) fsub.d  ft11, ft10, ft9
core   0: 3 0x0000000080000f50 (0x0bdf7fd3) f31 0x0000000000000200
core   0: 0x0000000080000f54 (0x00302273) csrr    tp, fcsr
core   0: 3 0x0000000080000f54 (0x00302273) x4  0x0000000000000000
core   0: 0x0000000080000f58 (0x6bf0b827) fsd     ft11, 1712(ra)
core   0: 3 0x0000000080000f58 (0x6bf0b827) mem 0x00000000800077c8 0x0000000000000200
core   0: 0x0000000080000f5c (0x6a40bc23) sd      tp, 1720(ra)
core   0: 3 0x0000000080000f5c (0x6a40bc23) mem 0x00000000800077d0 0x0000000000000000
core   0: >>>>  inst_108
core   0: 0x0000000080000f60 (0x6c01bf07) fld     ft10, 1728(gp)
core   0: 3 0x0000000080000f60 (0x6c01bf07) f30 0x0000000000000050 mem 0x00000000800056d0
core   0: 0x0000000080000f64 (0x6c81be87) fld     ft9, 1736(gp)
core   0: 3 0x0000000080000f64 (0x6c81be87) f29 0x0000000000000047 mem 0x00000000800056d8
core   0: 0x0000000080000f68 (0x00000113) li      sp, 0
core   0: 3 0x0000000080000f68 (0x00000113) x2  0x0000000000000000
core   0: 0x0000000080000f6c (0x00311073) csrw    fcsr, sp
core   0: 3 0x0000000080000f6c (0x00311073) c1_fflags 0x0000000000000000 c2_frm 0x0000000000000000
core   0: 0x0000000080000f70 (0x0bdf7fd3) fsub.d  ft11, ft10, ft9
core   0: 3 0x0000000080000f70 (0x0bdf7fd3) f31 0x0000000000000009
core   0: 0x0000000080000f74 (0x00302273) csrr    tp, fcsr
core   0: 3 0x0000000080000f74 (0x00302273) x4  0x0000000000000000
core   0: 0x0000000080000f78 (0x6df0b027) fsd     ft11, 1728(ra)
core   0: 3 0x0000000080000f78 (0x6df0b027) mem 0x00000000800077d8 0x0000000000000009
core   0: 0x0000000080000f7c (0x6c40b423) sd      tp, 1736(ra)
core   0: 3 0x0000000080000f7c (0x6c40b423) mem 0x00000000800077e0 0x0000000000000000
core   0: >>>>  inst_109
core   0: 0x0000000080000f80 (0x6d01bf07) fld     ft10, 1744(gp)
core   0: 3 0x0000000080000f80 (0x6d01bf07) f30 0x0000000000000051 mem 0x00000000800056e0
core   0: 0x0000000080000f84 (0x6d81be87) fld     ft9, 1752(gp)
core   0: 3 0x0000000080000f84 (0x6d81be87) f29 0x0000000000000072 mem 0x00000000800056e8
core   0: 0x0000000080000f88 (0x00000113) li      sp, 0
core   0: 3 0x0000000080000f88 (0x00000113) x2  0x0000000000000000
core   0: 0x0000000080000f8c (0x00311073) csrw    fcsr, sp
core   0: 3 0x0000000080000f8c (0x00311073) c1_fflags 0x0000000000000000 c2_frm 0x0000000000000000
core   0: 0x0000000080000f90 (0x0bdf7fd3) fsub.d  ft11, ft10, ft9
core   0: 3 0x0000000080000f90 (0x0bdf7fd3) f31 0x8000000000000021
core   0: 0x0000000080000f94 (0x00302273) csrr    tp, fcsr
core   0: 3 0x0000000080000f94 (0x00302273) x4  0x0000000000000000
core   0: 0x0000000080000f98 (0x6df0b827) fsd     ft11, 1744(ra)
core   0: 3 0x0000000080000f98 (0x6df0b827) mem 0x00000000800077e8 0x8000000000000021
core   0: 0x0000000080000f9c (0x6c40bc23) sd      tp, 1752(ra)
core   0: 3 0x0000000080000f9c (0x6c40bc23) mem 0x00000000800077f0 0x0000000000000000
core   0: >>>>  inst_110
core   0: 0x0000000080000fa0 (0x6e01bf07) fld     ft10, 1760(gp)
core   0: 3 0x0000000080000fa0 (0x6e01bf07) f30 0x0000000000000051 mem 0x00000000800056f0
core   0: 0x0000000080000fa4 (0x6e81be87) fld     ft9, 1768(gp)
core   0: 3 0x0000000080000fa4 (0x6e81be87) f29 0x0000000000000151 mem 0x00000000800056f8
core   0: 0x0000000080000fa8 (0x00000113) li      sp, 0
core   0: 3 0x0000000080000fa8 (0x00000113) x2  0x0000000000000000
core   0: 0x0000000080000fac (0x00311073) csrw    fcsr, sp
core   0: 3 0x0000000080000fac (0x00311073) c1_fflags 0x0000000000000000 c2_frm 0x0000000000000000
core   0: 0x0000000080000fb0 (0x0bdf7fd3) fsub.d  ft11, ft10, ft9
core   0: 3 0x0000000080000fb0 (0x0bdf7fd3) f31 0x8000000000000100
core   0: 0x0000000080000fb4 (0x00302273) csrr    tp, fcsr
core   0: 3 0x0000000080000fb4 (0x00302273) x4  0x0000000000000000
core   0: 0x0000000080000fb8 (0x6ff0b027) fsd     ft11, 1760(ra)
core   0: 3 0x0000000080000fb8 (0x6ff0b027) mem 0x00000000800077f8 0x8000000000000100
core   0: 0x0000000080000fbc (0x6e40b423) sd      tp, 1768(ra)
core   0: 3 0x0000000080000fbc (0x6e40b423) mem 0x0000000080007800 0x0000000000000000
core   0: >>>>  inst_111
core   0: 0x0000000080000fc0 (0x6f01bf07) fld     ft10, 1776(gp)
core   0: 3 0x0000000080000fc0 (0x6f01bf07) f30 0x0000000000000053 mem 0x0000000080005700
core   0: 0x0000000080000fc4 (0x6f81be87) fld     ft9, 1784(gp)
core   0: 3 0x0000000080000fc4 (0x6f81be87) f29 0x80000000000001ae mem 0x0000000080005708
core   0: 0x0000000080000fc8 (0x00000113) li      sp, 0
core   0: 3 0x0000000080000fc8 (0x00000113) x2  0x0000000000000000
core   0: 0x0000000080000fcc (0x00311073) csrw    fcsr, sp
core   0: 3 0x0000000080000fcc (0x00311073) c1_fflags 0x0000000000000000 c2_frm 0x0000000000000000
core   0: 0x0000000080000fd0 (0x0bdf7fd3) fsub.d  ft11, ft10, ft9
core   0: 3 0x0000000080000fd0 (0x0bdf7fd3) f31 0x0000000000000201
core   0: 0x0000000080000fd4 (0x00302273) csrr    tp, fcsr
core   0: 3 0x0000000080000fd4 (0x00302273) x4  0x0000000000000000
core   0: 0x0000000080000fd8 (0x6ff0b827) fsd     ft11, 1776(ra)
core   0: 3 0x0000000080000fd8 (0x6ff0b827) mem 0x0000000080007808 0x0000000000000201
core   0: 0x0000000080000fdc (0x6e40bc23) sd      tp, 1784(ra)
core   0: 3 0x0000000080000fdc (0x6e40bc23) mem 0x0000000080007810 0x0000000000000000
core   0: >>>>  inst_112
core   0: 0x0000000080000fe0 (0x7001bf07) fld     ft10, 1792(gp)
core   0: 3 0x0000000080000fe0 (0x7001bf07) f30 0x0000000000000054 mem 0x0000000080005710
core   0: 0x0000000080000fe4 (0x7081be87) fld     ft9, 1800(gp)
core   0: 3 0x0000000080000fe4 (0x7081be87) f29 0x0000000000000034 mem 0x0000000080005718
core   0: 0x0000000080000fe8 (0x00000113) li      sp, 0
core   0: 3 0x0000000080000fe8 (0x00000113) x2  0x0000000000000000
core   0: 0x0000000080000fec (0x00311073) csrw    fcsr, sp
core   0: 3 0x0000000080000fec (0x00311073) c1_fflags 0x0000000000000000 c2_frm 0x0000000000000000
core   0: 0x0000000080000ff0 (0x0bdf7fd3) fsub.d  ft11, ft10, ft9
core   0: 3 0x0000000080000ff0 (0x0bdf7fd3) f31 0x0000000000000020
core   0: 0x0000000080000ff4 (0x00302273) csrr    tp, fcsr
core   0: 3 0x0000000080000ff4 (0x00302273) x4  0x0000000000000000
core   0: 0x0000000080000ff8 (0x71f0b027) fsd     ft11, 1792(ra)
core   0: 3 0x0000000080000ff8 (0x71f0b027) mem 0x0000000080007818 0x0000000000000020
core   0: 0x0000000080000ffc (0x7040b423) sd      tp, 1800(ra)
core   0: 3 0x0000000080000ffc (0x7040b423) mem 0x0000000080007820 0x0000000000000000
core   0: >>>>  inst_113
core   0: 0x0000000080001000 (0x7101bf07) fld     ft10, 1808(gp)
core   0: 3 0x0000000080001000 (0x7101bf07) f30 0x0000000000000054 mem 0x0000000080005720
core   0: 0x0000000080001004 (0x7181be87) fld     ft9, 1816(gp)
core   0: 3 0x0000000080001004 (0x7181be87) f29 0x0000000000000155 mem 0x0000000080005728
core   0: 0x0000000080001008 (0x00000113) li      sp, 0
core   0: 3 0x0000000080001008 (0x00000113) x2  0x0000000000000000
core   0: 0x000000008000100c (0x00311073) csrw    fcsr, sp
core   0: 3 0x000000008000100c (0x00311073) c1_fflags 0x0000000000000000 c2_frm 0x0000000000000000
core   0: 0x0000000080001010 (0x0bdf7fd3) fsub.d  ft11, ft10, ft9
core   0: 3 0x0000000080001010 (0x0bdf7fd3) f31 0x8000000000000101
core   0: 0x0000000080001014 (0x00302273) csrr    tp, fcsr
core   0: 3 0x0000000080001014 (0x00302273) x4  0x0000000000000000
core   0: 0x0000000080001018 (0x71f0b827) fsd     ft11, 1808(ra)
core   0: 3 0x0000000080001018 (0x71f0b827) mem 0x0000000080007828 0x8000000000000101
core   0: 0x000000008000101c (0x7040bc23) sd      tp, 1816(ra)
core   0: 3 0x000000008000101c (0x7040bc23) mem 0x0000000080007830 0x0000000000000000
core   0: >>>>  inst_114
core   0: 0x0000000080001020 (0x7201bf07) fld     ft10, 1824(gp)
core   0: 3 0x0000000080001020 (0x7201bf07) f30 0x0000000000000055 mem 0x0000000080005730
core   0: 0x0000000080001024 (0x7281be87) fld     ft9, 1832(gp)
core   0: 3 0x0000000080001024 (0x7281be87) f29 0x0000000000000856 mem 0x0000000080005738
core   0: 0x0000000080001028 (0x00000113) li      sp, 0
core   0: 3 0x0000000080001028 (0x00000113) x2  0x0000000000000000
core   0: 0x000000008000102c (0x00311073) csrw    fcsr, sp
core   0: 3 0x000000008000102c (0x00311073) c1_fflags 0x0000000000000000 c2_frm 0x0000000000000000
core   0: 0x0000000080001030 (0x0bdf7fd3) fsub.d  ft11, ft10, ft9
core   0: 3 0x0000000080001030 (0x0bdf7fd3) f31 0x8000000000000801
core   0: 0x0000000080001034 (0x00302273) csrr    tp, fcsr
core   0: 3 0x0000000080001034 (0x00302273) x4  0x0000000000000000
core   0: 0x0000000080001038 (0x73f0b027) fsd     ft11, 1824(ra)
core   0: 3 0x0000000080001038 (0x73f0b027) mem 0x0000000080007838 0x8000000000000801
core   0: 0x000000008000103c (0x7240b423) sd      tp, 1832(ra)
core   0: 3 0x000000008000103c (0x7240b423) mem 0x0000000080007840 0x0000000000000000
core   0: >>>>  inst_115
core   0: 0x0000000080001040 (0x7301bf07) fld     ft10, 1840(gp)
core   0: 3 0x0000000080001040 (0x7301bf07) f30 0x0000000000000055 mem 0x0000000080005740
core   0: 0x0000000080001044 (0x7381be87) fld     ft9, 1848(gp)
core   0: 3 0x0000000080001044 (0x7381be87) f29 0x80000000000000ac mem 0x0000000080005748
core   0: 0x0000000080001048 (0x00000113) li      sp, 0
core   0: 3 0x0000000080001048 (0x00000113) x2  0x0000000000000000
core   0: 0x000000008000104c (0x00311073) csrw    fcsr, sp
core   0: 3 0x000000008000104c (0x00311073) c1_fflags 0x0000000000000000 c2_frm 0x0000000000000000
core   0: 0x0000000080001050 (0x0bdf7fd3) fsub.d  ft11, ft10, ft9
core   0: 3 0x0000000080001050 (0x0bdf7fd3) f31 0x0000000000000101
core   0: 0x0000000080001054 (0x00302273) csrr    tp, fcsr
core   0: 3 0x0000000080001054 (0x00302273) x4  0x0000000000000000
core   0: 0x0000000080001058 (0x73f0b827) fsd     ft11, 1840(ra)
core   0: 3 0x0000000080001058 (0x73f0b827) mem 0x0000000080007848 0x0000000000000101
core   0: 0x000000008000105c (0x7240bc23) sd      tp, 1848(ra)
core   0: 3 0x000000008000105c (0x7240bc23) mem 0x0000000080007850 0x0000000000000000
core   0: >>>>  inst_116
core   0: 0x0000000080001060 (0x7401bf07) fld     ft10, 1856(gp)
core   0: 3 0x0000000080001060 (0x7401bf07) f30 0x0000000000000056 mem 0x0000000080005750
core   0: 0x0000000080001064 (0x7481be87) fld     ft9, 1864(gp)
core   0: 3 0x0000000080001064 (0x7481be87) f29 0x0000000000200056 mem 0x0000000080005758
core   0: 0x0000000080001068 (0x00000113) li      sp, 0
core   0: 3 0x0000000080001068 (0x00000113) x2  0x0000000000000000
core   0: 0x000000008000106c (0x00311073) csrw    fcsr, sp
core   0: 3 0x000000008000106c (0x00311073) c1_fflags 0x0000000000000000 c2_frm 0x0000000000000000
core   0: 0x0000000080001070 (0x0bdf7fd3) fsub.d  ft11, ft10, ft9
core   0: 3 0x0000000080001070 (0x0bdf7fd3) f31 0x8000000000200000
core   0: 0x0000000080001074 (0x00302273) csrr    tp, fcsr
core   0: 3 0x0000000080001074 (0x00302273) x4  0x0000000000000000
core   0: 0x0000000080001078 (0x75f0b027) fsd     ft11, 1856(ra)
core   0: 3 0x0000000080001078 (0x75f0b027) mem 0x0000000080007858 0x8000000000200000
core   0: 0x000000008000107c (0x7440b423) sd      tp, 1864(ra)
core   0: 3 0x000000008000107c (0x7440b423) mem 0x0000000080007860 0x0000000000000000
core   0: >>>>  inst_117
core   0: 0x0000000080001080 (0x7501bf07) fld     ft10, 1872(gp)
core   0: 3 0x0000000080001080 (0x7501bf07) f30 0x0000000000000056 mem 0x0000000080005760
core   0: 0x0000000080001084 (0x7581be87) fld     ft9, 1880(gp)
core   0: 3 0x0000000080001084 (0x7581be87) f29 0x800ffffffffffba9 mem 0x0000000080005768
core   0: 0x0000000080001088 (0x00000113) li      sp, 0
core   0: 3 0x0000000080001088 (0x00000113) x2  0x0000000000000000
core   0: 0x000000008000108c (0x00311073) csrw    fcsr, sp
core   0: 3 0x000000008000108c (0x00311073) c1_fflags 0x0000000000000000 c2_frm 0x0000000000000000
core   0: 0x0000000080001090 (0x0bdf7fd3) fsub.d  ft11, ft10, ft9
core   0: 3 0x0000000080001090 (0x0bdf7fd3) f31 0x000ffffffffffbff
core   0: 0x0000000080001094 (0x00302273) csrr    tp, fcsr
core   0: 3 0x0000000080001094 (0x00302273) x4  0x0000000000000000
core   0: 0x0000000080001098 (0x75f0b827) fsd     ft11, 1872(ra)
core   0: 3 0x0000000080001098 (0x75f0b827) mem 0x0000000080007868 0x000ffffffffffbff
core   0: 0x000000008000109c (0x7440bc23) sd      tp, 1880(ra)
core   0: 3 0x000000008000109c (0x7440bc23) mem 0x0000000080007870 0x0000000000000000
core   0: >>>>  inst_118
core   0: 0x00000000800010a0 (0x7601bf07) fld     ft10, 1888(gp)
core   0: 3 0x00000000800010a0 (0x7601bf07) f30 0x0000000000000057 mem 0x0000000080005770
core   0: 0x00000000800010a4 (0x7681be87) fld     ft9, 1896(gp)
core   0: 3 0x00000000800010a4 (0x7681be87) f29 0x0000000000000060 mem 0x0000000080005778
core   0: 0x00000000800010a8 (0x00000113) li      sp, 0
core   0: 3 0x00000000800010a8 (0x00000113) x2  0x0000000000000000
core   0: 0x00000000800010ac (0x00311073) csrw    fcsr, sp
core   0: 3 0x00000000800010ac (0x00311073) c1_fflags 0x0000000000000000 c2_frm 0x0000000000000000
core   0: 0x00000000800010b0 (0x0bdf7fd3) fsub.d  ft11, ft10, ft9
core   0: 3 0x00000000800010b0 (0x0bdf7fd3) f31 0x8000000000000009
core   0: 0x00000000800010b4 (0x00302273) csrr    tp, fcsr
core   0: 3 0x00000000800010b4 (0x00302273) x4  0x0000000000000000
core   0: 0x00000000800010b8 (0x77f0b027) fsd     ft11, 1888(ra)
core   0: 3 0x00000000800010b8 (0x77f0b027) mem 0x0000000080007878 0x8000000000000009
core   0: 0x00000000800010bc (0x7640b423) sd      tp, 1896(ra)
core   0: 3 0x00000000800010bc (0x7640b423) mem 0x0000000080007880 0x0000000000000000
core   0: >>>>  inst_119
core   0: 0x00000000800010c0 (0x7701bf07) fld     ft10, 1904(gp)
core   0: 3 0x00000000800010c0 (0x7701bf07) f30 0x0000000000000057 mem 0x0000000080005780
core   0: 0x00000000800010c4 (0x7781be87) fld     ft9, 1912(gp)
core   0: 3 0x00000000800010c4 (0x7781be87) f29 0x800fffffffefffa8 mem 0x0000000080005788
core   0: 0x00000000800010c8 (0x00000113) li      sp, 0
core   0: 3 0x00000000800010c8 (0x00000113) x2  0x0000000000000000
core   0: 0x00000000800010cc (0x00311073) csrw    fcsr, sp
core   0: 3 0x00000000800010cc (0x00311073) c1_fflags 0x0000000000000000 c2_frm 0x0000000000000000
core   0: 0x00000000800010d0 (0x0bdf7fd3) fsub.d  ft11, ft10, ft9
core   0: 3 0x00000000800010d0 (0x0bdf7fd3) f31 0x000fffffffefffff
core   0: 0x00000000800010d4 (0x00302273) csrr    tp, fcsr
core   0: 3 0x00000000800010d4 (0x00302273) x4  0x0000000000000000
core   0: 0x00000000800010d8 (0x77f0b827) fsd     ft11, 1904(ra)
core   0: 3 0x00000000800010d8 (0x77f0b827) mem 0x0000000080007888 0x000fffffffefffff
core   0: 0x00000000800010dc (0x7640bc23) sd      tp, 1912(ra)
core   0: 3 0x00000000800010dc (0x7640bc23) mem 0x0000000080007890 0x0000000000000000
core   0: >>>>  inst_120
core   0: 0x00000000800010e0 (0x7801bf07) fld     ft10, 1920(gp)
core   0: 3 0x00000000800010e0 (0x7801bf07) f30 0x0000000000000057 mem 0x0000000080005790
core   0: 0x00000000800010e4 (0x7881be87) fld     ft9, 1928(gp)
core   0: 3 0x00000000800010e4 (0x7881be87) f29 0x800fffffffffff28 mem 0x0000000080005798
core   0: 0x00000000800010e8 (0x00000113) li      sp, 0
core   0: 3 0x00000000800010e8 (0x00000113) x2  0x0000000000000000
core   0: 0x00000000800010ec (0x00311073) csrw    fcsr, sp
core   0: 3 0x00000000800010ec (0x00311073) c1_fflags 0x0000000000000000 c2_frm 0x0000000000000000
core   0: 0x00000000800010f0 (0x0bdf7fd3) fsub.d  ft11, ft10, ft9
core   0: 3 0x00000000800010f0 (0x0bdf7fd3) f31 0x000fffffffffff7f
core   0: 0x00000000800010f4 (0x00302273) csrr    tp, fcsr
core   0: 3 0x00000000800010f4 (0x00302273) x4  0x0000000000000000
core   0: 0x00000000800010f8 (0x79f0b027) fsd     ft11, 1920(ra)
core   0: 3 0x00000000800010f8 (0x79f0b027) mem 0x0000000080007898 0x000fffffffffff7f
core   0: 0x00000000800010fc (0x7840b423) sd      tp, 1928(ra)
core   0: 3 0x00000000800010fc (0x7840b423) mem 0x00000000800078a0 0x0000000000000000
core   0: >>>>  inst_121
core   0: 0x0000000080001100 (0x7901bf07) fld     ft10, 1936(gp)
core   0: 3 0x0000000080001100 (0x7901bf07) f30 0x000000000000005a mem 0x00000000800057a0
core   0: 0x0000000080001104 (0x7981be87) fld     ft9, 1944(gp)
core   0: 3 0x0000000080001104 (0x7981be87) f29 0x80000000000007a6 mem 0x00000000800057a8
core   0: 0x0000000080001108 (0x00000113) li      sp, 0
core   0: 3 0x0000000080001108 (0x00000113) x2  0x0000000000000000
core   0: 0x000000008000110c (0x00311073) csrw    fcsr, sp
core   0: 3 0x000000008000110c (0x00311073) c1_fflags 0x0000000000000000 c2_frm 0x0000000000000000
core   0: 0x0000000080001110 (0x0bdf7fd3) fsub.d  ft11, ft10, ft9
core   0: 3 0x0000000080001110 (0x0bdf7fd3) f31 0x0000000000000800
core   0: 0x0000000080001114 (0x00302273) csrr    tp, fcsr
core   0: 3 0x0000000080001114 (0x00302273) x4  0x0000000000000000
core   0: 0x0000000080001118 (0x79f0b827) fsd     ft11, 1936(ra)
core   0: 3 0x0000000080001118 (0x79f0b827) mem 0x00000000800078a8 0x0000000000000800
core   0: 0x000000008000111c (0x7840bc23) sd      tp, 1944(ra)
core   0: 3 0x000000008000111c (0x7840bc23) mem 0x00000000800078b0 0x0000000000000000
core   0: >>>>  inst_122
core   0: 0x0000000080001120 (0x7a01bf07) fld     ft10, 1952(gp)
core   0: 3 0x0000000080001120 (0x7a01bf07) f30 0x000000000000005a mem 0x00000000800057b0
core   0: 0x0000000080001124 (0x7a81be87) fld     ft9, 1960(gp)
core   0: 3 0x0000000080001124 (0x7a81be87) f29 0x80000000000007a7 mem 0x00000000800057b8
core   0: 0x0000000080001128 (0x00000113) li      sp, 0
core   0: 3 0x0000000080001128 (0x00000113) x2  0x0000000000000000
core   0: 0x000000008000112c (0x00311073) csrw    fcsr, sp
core   0: 3 0x000000008000112c (0x00311073) c1_fflags 0x0000000000000000 c2_frm 0x0000000000000000
core   0: 0x0000000080001130 (0x0bdf7fd3) fsub.d  ft11, ft10, ft9
core   0: 3 0x0000000080001130 (0x0bdf7fd3) f31 0x0000000000000801
core   0: 0x0000000080001134 (0x00302273) csrr    tp, fcsr
core   0: 3 0x0000000080001134 (0x00302273) x4  0x0000000000000000
core   0: 0x0000000080001138 (0x7bf0b027) fsd     ft11, 1952(ra)
core   0: 3 0x0000000080001138 (0x7bf0b027) mem 0x00000000800078b8 0x0000000000000801
core   0: 0x000000008000113c (0x7a40b423) sd      tp, 1960(ra)
core   0: 3 0x000000008000113c (0x7a40b423) mem 0x00000000800078c0 0x0000000000000000
core   0: >>>>  inst_123
core   0: 0x0000000080001140 (0x7b01bf07) fld     ft10, 1968(gp)
core   0: 3 0x0000000080001140 (0x7b01bf07) f30 0x000000000000005b mem 0x00000000800057c0
core   0: 0x0000000080001144 (0x7b81be87) fld     ft9, 1976(gp)
core   0: 3 0x0000000080001144 (0x7b81be87) f29 0x0000000000000060 mem 0x00000000800057c8
core   0: 0x0000000080001148 (0x00000113) li      sp, 0
core   0: 3 0x0000000080001148 (0x00000113) x2  0x0000000000000000
core   0: 0x000000008000114c (0x00311073) csrw    fcsr, sp
core   0: 3 0x000000008000114c (0x00311073) c1_fflags 0x0000000000000000 c2_frm 0x0000000000000000
core   0: 0x0000000080001150 (0x0bdf7fd3) fsub.d  ft11, ft10, ft9
core   0: 3 0x0000000080001150 (0x0bdf7fd3) f31 0x8000000000000005
core   0: 0x0000000080001154 (0x00302273) csrr    tp, fcsr
core   0: 3 0x0000000080001154 (0x00302273) x4  0x0000000000000000
core   0: 0x0000000080001158 (0x7bf0b827) fsd     ft11, 1968(ra)
core   0: 3 0x0000000080001158 (0x7bf0b827) mem 0x00000000800078c8 0x8000000000000005
core   0: 0x000000008000115c (0x7a40bc23) sd      tp, 1976(ra)
core   0: 3 0x000000008000115c (0x7a40bc23) mem 0x00000000800078d0 0x0000000000000000
core   0: >>>>  inst_124
core   0: 0x0000000080001160 (0x7c01bf07) fld     ft10, 1984(gp)
core   0: 3 0x0000000080001160 (0x7c01bf07) f30 0x000000000000005b mem 0x00000000800057d0
core   0: 0x0000000080001164 (0x7c81be87) fld     ft9, 1992(gp)
core   0: 3 0x0000000080001164 (0x7c81be87) f29 0x800fffffffffffa0 mem 0x00000000800057d8
core   0: 0x0000000080001168 (0x00000113) li      sp, 0
core   0: 3 0x0000000080001168 (0x00000113) x2  0x0000000000000000
core   0: 0x000000008000116c (0x00311073) csrw    fcsr, sp
core   0: 3 0x000000008000116c (0x00311073) c1_fflags 0x0000000000000000 c2_frm 0x0000000000000000
core   0: 0x0000000080001170 (0x0bdf7fd3) fsub.d  ft11, ft10, ft9
core   0: 3 0x0000000080001170 (0x0bdf7fd3) f31 0x000ffffffffffffb
core   0: 0x0000000080001174 (0x00302273) csrr    tp, fcsr
core   0: 3 0x0000000080001174 (0x00302273) x4  0x0000000000000000
core   0: 0x0000000080001178 (0x7df0b027) fsd     ft11, 1984(ra)
core   0: 3 0x0000000080001178 (0x7df0b027) mem 0x00000000800078d8 0x000ffffffffffffb
core   0: 0x000000008000117c (0x7c40b423) sd      tp, 1992(ra)
core   0: 3 0x000000008000117c (0x7c40b423) mem 0x00000000800078e0 0x0000000000000000
core   0: >>>>  inst_125
core   0: 0x0000000080001180 (0x7d01bf07) fld     ft10, 2000(gp)
core   0: 3 0x0000000080001180 (0x7d01bf07) f30 0x000000000000005d mem 0x00000000800057e0
core   0: 0x0000000080001184 (0x7d81be87) fld     ft9, 2008(gp)
core   0: 3 0x0000000080001184 (0x7d81be87) f29 0x000000000000085d mem 0x00000000800057e8
core   0: 0x0000000080001188 (0x00000113) li      sp, 0
core   0: 3 0x0000000080001188 (0x00000113) x2  0x0000000000000000
core   0: 0x000000008000118c (0x00311073) csrw    fcsr, sp
core   0: 3 0x000000008000118c (0x00311073) c1_fflags 0x0000000000000000 c2_frm 0x0000000000000000
core   0: 0x0000000080001190 (0x0bdf7fd3) fsub.d  ft11, ft10, ft9
core   0: 3 0x0000000080001190 (0x0bdf7fd3) f31 0x8000000000000800
core   0: 0x0000000080001194 (0x00302273) csrr    tp, fcsr
core   0: 3 0x0000000080001194 (0x00302273) x4  0x0000000000000000
core   0: 0x0000000080001198 (0x7df0b827) fsd     ft11, 2000(ra)
core   0: 3 0x0000000080001198 (0x7df0b827) mem 0x00000000800078e8 0x8000000000000800
core   0: 0x000000008000119c (0x7c40bc23) sd      tp, 2008(ra)
core   0: 3 0x000000008000119c (0x7c40bc23) mem 0x00000000800078f0 0x0000000000000000
core   0: >>>>  inst_126
core   0: 0x00000000800011a0 (0x7e01bf07) fld     ft10, 2016(gp)
core   0: 3 0x00000000800011a0 (0x7e01bf07) f30 0x000000000000005d mem 0x00000000800057f0
core   0: 0x00000000800011a4 (0x7e81be87) fld     ft9, 2024(gp)
core   0: 3 0x00000000800011a4 (0x7e81be87) f29 0x0010000000000054 mem 0x00000000800057f8
core   0: 0x00000000800011a8 (0x00000113) li      sp, 0
core   0: 3 0x00000000800011a8 (0x00000113) x2  0x0000000000000000
core   0: 0x00000000800011ac (0x00311073) csrw    fcsr, sp
core   0: 3 0x00000000800011ac (0x00311073) c1_fflags 0x0000000000000000 c2_frm 0x0000000000000000
core   0: 0x00000000800011b0 (0x0bdf7fd3) fsub.d  ft11, ft10, ft9
core   0: 3 0x00000000800011b0 (0x0bdf7fd3) f31 0x800ffffffffffff7
core   0: 0x00000000800011b4 (0x00302273) csrr    tp, fcsr
core   0: 3 0x00000000800011b4 (0x00302273) x4  0x0000000000000000
core   0: 0x00000000800011b8 (0x7ff0b027) fsd     ft11, 2016(ra)
core   0: 3 0x00000000800011b8 (0x7ff0b027) mem 0x00000000800078f8 0x800ffffffffffff7
core   0: 0x00000000800011bc (0x7e40b423) sd      tp, 2024(ra)
core   0: 3 0x00000000800011bc (0x7e40b423) mem 0x0000000080007900 0x0000000000000000
core   0: >>>>  inst_127
core   0: 0x00000000800011c0 (0x7f01bf07) fld     ft10, 2032(gp)
core   0: 3 0x00000000800011c0 (0x7f01bf07) f30 0x000000000000005d mem 0x0000000080005800
core   0: 0x00000000800011c4 (0x7f81be87) fld     ft9, 2040(gp)
core   0: 3 0x00000000800011c4 (0x7f81be87) f29 0x80000000000fffa3 mem 0x0000000080005808
core   0: 0x00000000800011c8 (0x00000113) li      sp, 0
core   0: 3 0x00000000800011c8 (0x00000113) x2  0x0000000000000000
core   0: 0x00000000800011cc (0x00311073) csrw    fcsr, sp
core   0: 3 0x00000000800011cc (0x00311073) c1_fflags 0x0000000000000000 c2_frm 0x0000000000000000
core   0: 0x00000000800011d0 (0x0bdf7fd3) fsub.d  ft11, ft10, ft9
core   0: 3 0x00000000800011d0 (0x0bdf7fd3) f31 0x0000000000100000
core   0: 0x00000000800011d4 (0x00302273) csrr    tp, fcsr
core   0: 3 0x00000000800011d4 (0x00302273) x4  0x0000000000000000
core   0: 0x00000000800011d8 (0x7ff0b827) fsd     ft11, 2032(ra)
core   0: 3 0x00000000800011d8 (0x7ff0b827) mem 0x0000000080007908 0x0000000000100000
core   0: 0x00000000800011dc (0x7e40bc23) sd      tp, 2040(ra)
core   0: 3 0x00000000800011dc (0x7e40bc23) mem 0x0000000080007910 0x0000000000000000
core   0: 0x00000000800011e0 (0x00006097) auipc   ra, 0x6
core   0: 3 0x00000000800011e0 (0x00006097) x1  0x00000000800071e0
core   0: 0x00000000800011e4 (0x73808093) addi    ra, ra, 1848
core   0: 3 0x00000000800011e4 (0x73808093) x1  0x0000000080007918
core   0: 0x00000000800011e8 (0x00000013) nop
core   0: 3 0x00000000800011e8 (0x00000013)
core   0: 0x00000000800011ec (0x00000013) nop
core   0: 3 0x00000000800011ec (0x00000013)
core   0: 0x00000000800011f0 (0x00000013) nop
core   0: 3 0x00000000800011f0 (0x00000013)
core   0: 0x00000000800011f4 (0x00000013) nop
core   0: 3 0x00000000800011f4 (0x00000013)
core   0: 0x00000000800011f8 (0x00000013) nop
core   0: 3 0x00000000800011f8 (0x00000013)
core   0: 0x00000000800011fc (0x00000013) nop
core   0: 3 0x00000000800011fc (0x00000013)
core   0: >>>>  inst_128
core   0: 0x0000000080001200 (0x00100113) li      sp, 1
core   0: 3 0x0000000080001200 (0x00100113) x2  0x0000000000000001
core   0: 0x0000000080001204 (0x00c11113) slli    sp, sp, 12
core   0: 3 0x0000000080001204 (0x00c11113) x2  0x0000000000001000
core   0: 0x0000000080001208 (0x002181b3) add     gp, gp, sp
core   0: 3 0x0000000080001208 (0x002181b3) x3  0x0000000080006010
core   0: 0x000000008000120c (0x8001bf07) fld     ft10, -2048(gp)
core   0: 3 0x000000008000120c (0x8001bf07) f30 0x000000000000005e mem 0x0000000080005810
core   0: 0x0000000080001210 (0x402181b3) sub     gp, gp, sp
core   0: 3 0x0000000080001210 (0x402181b3) x3  0x0000000080005010
core   0: 0x0000000080001214 (0x00100113) li      sp, 1
core   0: 3 0x0000000080001214 (0x00100113) x2  0x0000000000000001
core   0: 0x0000000080001218 (0x00c11113) slli    sp, sp, 12
core   0: 3 0x0000000080001218 (0x00c11113) x2  0x0000000000001000
core   0: 0x000000008000121c (0x002181b3) add     gp, gp, sp
core   0: 3 0x000000008000121c (0x002181b3) x3  0x0000000080006010
core   0: 0x0000000080001220 (0x8081be87) fld     ft9, -2040(gp)
core   0: 3 0x0000000080001220 (0x8081be87) f29 0x800000000003ffa3 mem 0x0000000080005818
core   0: 0x0000000080001224 (0x402181b3) sub     gp, gp, sp
core   0: 3 0x0000000080001224 (0x402181b3) x3  0x0000000080005010
core   0: 0x0000000080001228 (0x00000113) li      sp, 0
core   0: 3 0x0000000080001228 (0x00000113) x2  0x0000000000000000
core   0: 0x000000008000122c (0x00311073) csrw    fcsr, sp
core   0: 3 0x000000008000122c (0x00311073) c1_fflags 0x0000000000000000 c2_frm 0x0000000000000000
core   0: 0x0000000080001230 (0x0bdf7fd3) fsub.d  ft11, ft10, ft9
core   0: 3 0x0000000080001230 (0x0bdf7fd3) f31 0x0000000000040001
core   0: 0x0000000080001234 (0x00302273) csrr    tp, fcsr
core   0: 3 0x0000000080001234 (0x00302273) x4  0x0000000000000000
core   0: 0x0000000080001238 (0x01f0b027) fsd     ft11, 0(ra)
core   0: 3 0x0000000080001238 (0x01f0b027) mem 0x0000000080007918 0x0000000000040001
core   0: 0x000000008000123c (0x0040b423) sd      tp, 8(ra)
core   0: 3 0x000000008000123c (0x0040b423) mem 0x0000000080007920 0x0000000000000000
core   0: >>>>  inst_129
core   0: 0x0000000080001240 (0x00100113) li      sp, 1
core   0: 3 0x0000000080001240 (0x00100113) x2  0x0000000000000001
core   0: 0x0000000080001244 (0x00c11113) slli    sp, sp, 12
core   0: 3 0x0000000080001244 (0x00c11113) x2  0x0000000000001000
core   0: 0x0000000080001248 (0x002181b3) add     gp, gp, sp
core   0: 3 0x0000000080001248 (0x002181b3) x3  0x0000000080006010
core   0: 0x000000008000124c (0x8101bf07) fld     ft10, -2032(gp)
core   0: 3 0x000000008000124c (0x8101bf07) f30 0x000000000000005f mem 0x0000000080005820
core   0: 0x0000000080001250 (0x402181b3) sub     gp, gp, sp
core   0: 3 0x0000000080001250 (0x402181b3) x3  0x0000000080005010
core   0: 0x0000000080001254 (0x00100113) li      sp, 1
core   0: 3 0x0000000080001254 (0x00100113) x2  0x0000000000000001
core   0: 0x0000000080001258 (0x00c11113) slli    sp, sp, 12
core   0: 3 0x0000000080001258 (0x00c11113) x2  0x0000000000001000
core   0: 0x000000008000125c (0x002181b3) add     gp, gp, sp
core   0: 3 0x000000008000125c (0x002181b3) x3  0x0000000080006010
core   0: 0x0000000080001260 (0x8181be87) fld     ft9, -2024(gp)
core   0: 3 0x0000000080001260 (0x8181be87) f29 0x0000000000002060 mem 0x0000000080005828
core   0: 0x0000000080001264 (0x402181b3) sub     gp, gp, sp
core   0: 3 0x0000000080001264 (0x402181b3) x3  0x0000000080005010
core   0: 0x0000000080001268 (0x00000113) li      sp, 0
core   0: 3 0x0000000080001268 (0x00000113) x2  0x0000000000000000
core   0: 0x000000008000126c (0x00311073) csrw    fcsr, sp
core   0: 3 0x000000008000126c (0x00311073) c1_fflags 0x0000000000000000 c2_frm 0x0000000000000000
core   0: 0x0000000080001270 (0x0bdf7fd3) fsub.d  ft11, ft10, ft9
core   0: 3 0x0000000080001270 (0x0bdf7fd3) f31 0x8000000000002001
core   0: 0x0000000080001274 (0x00302273) csrr    tp, fcsr
core   0: 3 0x0000000080001274 (0x00302273) x4  0x0000000000000000
core   0: 0x0000000080001278 (0x01f0b827) fsd     ft11, 16(ra)
core   0: 3 0x0000000080001278 (0x01f0b827) mem 0x0000000080007928 0x8000000000002001
core   0: 0x000000008000127c (0x0040bc23) sd      tp, 24(ra)
core   0: 3 0x000000008000127c (0x0040bc23) mem 0x0000000080007930 0x0000000000000000
core   0: >>>>  inst_130
core   0: 0x0000000080001280 (0x00100113) li      sp, 1
core   0: 3 0x0000000080001280 (0x00100113) x2  0x0000000000000001
core   0: 0x0000000080001284 (0x00c11113) slli    sp, sp, 12
core   0: 3 0x0000000080001284 (0x00c11113) x2  0x0000000000001000
core   0: 0x0000000080001288 (0x002181b3) add     gp, gp, sp
core   0: 3 0x0000000080001288 (0x002181b3) x3  0x0000000080006010
core   0: 0x000000008000128c (0x8201bf07) fld     ft10, -2016(gp)
core   0: 3 0x000000008000128c (0x8201bf07) f30 0x0000000000000060 mem 0x0000000080005830
core   0: 0x0000000080001290 (0x402181b3) sub     gp, gp, sp
core   0: 3 0x0000000080001290 (0x402181b3) x3  0x0000000080005010
core   0: 0x0000000080001294 (0x00100113) li      sp, 1
core   0: 3 0x0000000080001294 (0x00100113) x2  0x0000000000000001
core   0: 0x0000000080001298 (0x00c11113) slli    sp, sp, 12
core   0: 3 0x0000000080001298 (0x00c11113) x2  0x0000000000001000
core   0: 0x000000008000129c (0x002181b3) add     gp, gp, sp
core   0: 3 0x000000008000129c (0x002181b3) x3  0x0000000080006010
core   0: 0x00000000800012a0 (0x8281be87) fld     ft9, -2008(gp)
core   0: 3 0x00000000800012a0 (0x8281be87) f29 0x0000000000000460 mem 0x0000000080005838
core   0: 0x00000000800012a4 (0x402181b3) sub     gp, gp, sp
core   0: 3 0x00000000800012a4 (0x402181b3) x3  0x0000000080005010
core   0: 0x00000000800012a8 (0x00000113) li      sp, 0
core   0: 3 0x00000000800012a8 (0x00000113) x2  0x0000000000000000
core   0: 0x00000000800012ac (0x00311073) csrw    fcsr, sp
core   0: 3 0x00000000800012ac (0x00311073) c1_fflags 0x0000000000000000 c2_frm 0x0000000000000000
core   0: 0x00000000800012b0 (0x0bdf7fd3) fsub.d  ft11, ft10, ft9
core   0: 3 0x00000000800012b0 (0x0bdf7fd3) f31 0x8000000000000400
core   0: 0x00000000800012b4 (0x00302273) csrr    tp, fcsr
core   0: 3 0x00000000800012b4 (0x00302273) x4  0x0000000000000000
core   0: 0x00000000800012b8 (0x03f0b027) fsd     ft11, 32(ra)
core   0: 3 0x00000000800012b8 (0x03f0b027) mem 0x0000000080007938 0x8000000000000400
core   0: 0x00000000800012bc (0x0240b423) sd      tp, 40(ra)
core   0: 3 0x00000000800012bc (0x0240b423) mem 0x0000000080007940 0x0000000000000000
core   0: >>>>  inst_131
core   0: 0x00000000800012c0 (0x00100113) li      sp, 1
core   0: 3 0x00000000800012c0 (0x00100113) x2  0x0000000000000001
core   0: 0x00000000800012c4 (0x00c11113) slli    sp, sp, 12
core   0: 3 0x00000000800012c4 (0x00c11113) x2  0x0000000000001000
core   0: 0x00000000800012c8 (0x002181b3) add     gp, gp, sp
core   0: 3 0x00000000800012c8 (0x002181b3) x3  0x0000000080006010
core   0: 0x00000000800012cc (0x8301bf07) fld     ft10, -2000(gp)
core   0: 3 0x00000000800012cc (0x8301bf07) f30 0x0000000000000060 mem 0x0000000080005840
core   0: 0x00000000800012d0 (0x402181b3) sub     gp, gp, sp
core   0: 3 0x00000000800012d0 (0x402181b3) x3  0x0000000080005010
core   0: 0x00000000800012d4 (0x00100113) li      sp, 1
core   0: 3 0x00000000800012d4 (0x00100113) x2  0x0000000000000001
core   0: 0x00000000800012d8 (0x00c11113) slli    sp, sp, 12
core   0: 3 0x00000000800012d8 (0x00c11113) x2  0x0000000000001000
core   0: 0x00000000800012dc (0x002181b3) add     gp, gp, sp
core   0: 3 0x00000000800012dc (0x002181b3) x3  0x0000000080006010
core   0: 0x00000000800012e0 (0x8381be87) fld     ft9, -1992(gp)
core   0: 3 0x00000000800012e0 (0x8381be87) f29 0x0000000000040061 mem 0x0000000080005848
core   0: 0x00000000800012e4 (0x402181b3) sub     gp, gp, sp
core   0: 3 0x00000000800012e4 (0x402181b3) x3  0x0000000080005010
core   0: 0x00000000800012e8 (0x00000113) li      sp, 0
core   0: 3 0x00000000800012e8 (0x00000113) x2  0x0000000000000000
core   0: 0x00000000800012ec (0x00311073) csrw    fcsr, sp
core   0: 3 0x00000000800012ec (0x00311073) c1_fflags 0x0000000000000000 c2_frm 0x0000000000000000
core   0: 0x00000000800012f0 (0x0bdf7fd3) fsub.d  ft11, ft10, ft9
core   0: 3 0x00000000800012f0 (0x0bdf7fd3) f31 0x8000000000040001
core   0: 0x00000000800012f4 (0x00302273) csrr    tp, fcsr
core   0: 3 0x00000000800012f4 (0x00302273) x4  0x0000000000000000
core   0: 0x00000000800012f8 (0x03f0b827) fsd     ft11, 48(ra)
core   0: 3 0x00000000800012f8 (0x03f0b827) mem 0x0000000080007948 0x8000000000040001
core   0: 0x00000000800012fc (0x0240bc23) sd      tp, 56(ra)
core   0: 3 0x00000000800012fc (0x0240bc23) mem 0x0000000080007950 0x0000000000000000
core   0: >>>>  inst_132
core   0: 0x0000000080001300 (0x00100113) li      sp, 1
core   0: 3 0x0000000080001300 (0x00100113) x2  0x0000000000000001
core   0: 0x0000000080001304 (0x00c11113) slli    sp, sp, 12
core   0: 3 0x0000000080001304 (0x00c11113) x2  0x0000000000001000
core   0: 0x0000000080001308 (0x002181b3) add     gp, gp, sp
core   0: 3 0x0000000080001308 (0x002181b3) x3  0x0000000080006010
core   0: 0x000000008000130c (0x8401bf07) fld     ft10, -1984(gp)
core   0: 3 0x000000008000130c (0x8401bf07) f30 0x0000000000000061 mem 0x0000000080005850
core   0: 0x0000000080001310 (0x402181b3) sub     gp, gp, sp
core   0: 3 0x0000000080001310 (0x402181b3) x3  0x0000000080005010
core   0: 0x0000000080001314 (0x00100113) li      sp, 1
core   0: 3 0x0000000080001314 (0x00100113) x2  0x0000000000000001
core   0: 0x0000000080001318 (0x00c11113) slli    sp, sp, 12
core   0: 3 0x0000000080001318 (0x00c11113) x2  0x0000000000001000
core   0: 0x000000008000131c (0x002181b3) add     gp, gp, sp
core   0: 3 0x000000008000131c (0x002181b3) x3  0x0000000080006010
core   0: 0x0000000080001320 (0x8481be87) fld     ft9, -1976(gp)
core   0: 3 0x0000000080001320 (0x8481be87) f29 0x0000000000000061 mem 0x0000000080005858
core   0: 0x0000000080001324 (0x402181b3) sub     gp, gp, sp
core   0: 3 0x0000000080001324 (0x402181b3) x3  0x0000000080005010
core   0: 0x0000000080001328 (0x00000113) li      sp, 0
core   0: 3 0x0000000080001328 (0x00000113) x2  0x0000000000000000
core   0: 0x000000008000132c (0x00311073) csrw    fcsr, sp
core   0: 3 0x000000008000132c (0x00311073) c1_fflags 0x0000000000000000 c2_frm 0x0000000000000000
core   0: 0x0000000080001330 (0x0bdf7fd3) fsub.d  ft11, ft10, ft9
core   0: 3 0x0000000080001330 (0x0bdf7fd3) f31 0x0000000000000000
core   0: 0x0000000080001334 (0x00302273) csrr    tp, fcsr
core   0: 3 0x0000000080001334 (0x00302273) x4  0x0000000000000000
core   0: 0x0000000080001338 (0x05f0b027) fsd     ft11, 64(ra)
core   0: 3 0x0000000080001338 (0x05f0b027) mem 0x0000000080007958 0x0000000000000000
core   0: 0x000000008000133c (0x0440b423) sd      tp, 72(ra)
core   0: 3 0x000000008000133c (0x0440b423) mem 0x0000000080007960 0x0000000000000000
core   0: >>>>  inst_133
core   0: 0x0000000080001340 (0x00100113) li      sp, 1
core   0: 3 0x0000000080001340 (0x00100113) x2  0x0000000000000001
core   0: 0x0000000080001344 (0x00c11113) slli    sp, sp, 12
core   0: 3 0x0000000080001344 (0x00c11113) x2  0x0000000000001000
core   0: 0x0000000080001348 (0x002181b3) add     gp, gp, sp
core   0: 3 0x0000000080001348 (0x002181b3) x3  0x0000000080006010
core   0: 0x000000008000134c (0x8501bf07) fld     ft10, -1968(gp)
core   0: 3 0x000000008000134c (0x8501bf07) f30 0x0000000000000062 mem 0x0000000080005860
core   0: 0x0000000080001350 (0x402181b3) sub     gp, gp, sp
core   0: 3 0x0000000080001350 (0x402181b3) x3  0x0000000080005010
core   0: 0x0000000080001354 (0x00100113) li      sp, 1
core   0: 3 0x0000000080001354 (0x00100113) x2  0x0000000000000001
core   0: 0x0000000080001358 (0x00c11113) slli    sp, sp, 12
core   0: 3 0x0000000080001358 (0x00c11113) x2  0x0000000000001000
core   0: 0x000000008000135c (0x002181b3) add     gp, gp, sp
core   0: 3 0x000000008000135c (0x002181b3) x3  0x0000000080006010
core   0: 0x0000000080001360 (0x8581be87) fld     ft9, -1960(gp)
core   0: 3 0x0000000080001360 (0x8581be87) f29 0x0000000000000060 mem 0x0000000080005868
core   0: 0x0000000080001364 (0x402181b3) sub     gp, gp, sp
core   0: 3 0x0000000080001364 (0x402181b3) x3  0x0000000080005010
core   0: 0x0000000080001368 (0x00000113) li      sp, 0
core   0: 3 0x0000000080001368 (0x00000113) x2  0x0000000000000000
core   0: 0x000000008000136c (0x00311073) csrw    fcsr, sp
core   0: 3 0x000000008000136c (0x00311073) c1_fflags 0x0000000000000000 c2_frm 0x0000000000000000
core   0: 0x0000000080001370 (0x0bdf7fd3) fsub.d  ft11, ft10, ft9
core   0: 3 0x0000000080001370 (0x0bdf7fd3) f31 0x0000000000000002
core   0: 0x0000000080001374 (0x00302273) csrr    tp, fcsr
core   0: 3 0x0000000080001374 (0x00302273) x4  0x0000000000000000
core   0: 0x0000000080001378 (0x05f0b827) fsd     ft11, 80(ra)
core   0: 3 0x0000000080001378 (0x05f0b827) mem 0x0000000080007968 0x0000000000000002
core   0: 0x000000008000137c (0x0440bc23) sd      tp, 88(ra)
core   0: 3 0x000000008000137c (0x0440bc23) mem 0x0000000080007970 0x0000000000000000
core   0: >>>>  inst_134
core   0: 0x0000000080001380 (0x00100113) li      sp, 1
core   0: 3 0x0000000080001380 (0x00100113) x2  0x0000000000000001
core   0: 0x0000000080001384 (0x00c11113) slli    sp, sp, 12
core   0: 3 0x0000000080001384 (0x00c11113) x2  0x0000000000001000
core   0: 0x0000000080001388 (0x002181b3) add     gp, gp, sp
core   0: 3 0x0000000080001388 (0x002181b3) x3  0x0000000080006010
core   0: 0x000000008000138c (0x8601bf07) fld     ft10, -1952(gp)
core   0: 3 0x000000008000138c (0x8601bf07) f30 0x0000000000000062 mem 0x0000000080005870
core   0: 0x0000000080001390 (0x402181b3) sub     gp, gp, sp
core   0: 3 0x0000000080001390 (0x402181b3) x3  0x0000000080005010
core   0: 0x0000000080001394 (0x00100113) li      sp, 1
core   0: 3 0x0000000080001394 (0x00100113) x2  0x0000000000000001
core   0: 0x0000000080001398 (0x00c11113) slli    sp, sp, 12
core   0: 3 0x0000000080001398 (0x00c11113) x2  0x0000000000001000
core   0: 0x000000008000139c (0x002181b3) add     gp, gp, sp
core   0: 3 0x000000008000139c (0x002181b3) x3  0x0000000080006010
core   0: 0x00000000800013a0 (0x8681be87) fld     ft9, -1944(gp)
core   0: 3 0x00000000800013a0 (0x8681be87) f29 0x80000000003fff9e mem 0x0000000080005878
core   0: 0x00000000800013a4 (0x402181b3) sub     gp, gp, sp
core   0: 3 0x00000000800013a4 (0x402181b3) x3  0x0000000080005010
core   0: 0x00000000800013a8 (0x00000113) li      sp, 0
core   0: 3 0x00000000800013a8 (0x00000113) x2  0x0000000000000000
core   0: 0x00000000800013ac (0x00311073) csrw    fcsr, sp
core   0: 3 0x00000000800013ac (0x00311073) c1_fflags 0x0000000000000000 c2_frm 0x0000000000000000
core   0: 0x00000000800013b0 (0x0bdf7fd3) fsub.d  ft11, ft10, ft9
core   0: 3 0x00000000800013b0 (0x0bdf7fd3) f31 0x0000000000400000
core   0: 0x00000000800013b4 (0x00302273) csrr    tp, fcsr
core   0: 3 0x00000000800013b4 (0x00302273) x4  0x0000000000000000
core   0: 0x00000000800013b8 (0x07f0b027) fsd     ft11, 96(ra)
core   0: 3 0x00000000800013b8 (0x07f0b027) mem 0x0000000080007978 0x0000000000400000
core   0: 0x00000000800013bc (0x0640b423) sd      tp, 104(ra)
core   0: 3 0x00000000800013bc (0x0640b423) mem 0x0000000080007980 0x0000000000000000
core   0: >>>>  inst_135
core   0: 0x00000000800013c0 (0x00100113) li      sp, 1
core   0: 3 0x00000000800013c0 (0x00100113) x2  0x0000000000000001
core   0: 0x00000000800013c4 (0x00c11113) slli    sp, sp, 12
core   0: 3 0x00000000800013c4 (0x00c11113) x2  0x0000000000001000
core   0: 0x00000000800013c8 (0x002181b3) add     gp, gp, sp
core   0: 3 0x00000000800013c8 (0x002181b3) x3  0x0000000080006010
core   0: 0x00000000800013cc (0x8701bf07) fld     ft10, -1936(gp)
core   0: 3 0x00000000800013cc (0x8701bf07) f30 0x0000000000000063 mem 0x0000000080005880
core   0: 0x00000000800013d0 (0x402181b3) sub     gp, gp, sp
core   0: 3 0x00000000800013d0 (0x402181b3) x3  0x0000000080005010
core   0: 0x00000000800013d4 (0x00100113) li      sp, 1
core   0: 3 0x00000000800013d4 (0x00100113) x2  0x0000000000000001
core   0: 0x00000000800013d8 (0x00c11113) slli    sp, sp, 12
core   0: 3 0x00000000800013d8 (0x00c11113) x2  0x0000000000001000
core   0: 0x00000000800013dc (0x002181b3) add     gp, gp, sp
core   0: 3 0x00000000800013dc (0x002181b3) x3  0x0000000080006010
core   0: 0x00000000800013e0 (0x8781be87) fld     ft9, -1928(gp)
core   0: 3 0x00000000800013e0 (0x8781be87) f29 0x000fffffffff0062 mem 0x0000000080005888
core   0: 0x00000000800013e4 (0x402181b3) sub     gp, gp, sp
core   0: 3 0x00000000800013e4 (0x402181b3) x3  0x0000000080005010
core   0: 0x00000000800013e8 (0x00000113) li      sp, 0
core   0: 3 0x00000000800013e8 (0x00000113) x2  0x0000000000000000
core   0: 0x00000000800013ec (0x00311073) csrw    fcsr, sp
core   0: 3 0x00000000800013ec (0x00311073) c1_fflags 0x0000000000000000 c2_frm 0x0000000000000000
core   0: 0x00000000800013f0 (0x0bdf7fd3) fsub.d  ft11, ft10, ft9
core   0: 3 0x00000000800013f0 (0x0bdf7fd3) f31 0x800ffffffffeffff
core   0: 0x00000000800013f4 (0x00302273) csrr    tp, fcsr
core   0: 3 0x00000000800013f4 (0x00302273) x4  0x0000000000000000
core   0: 0x00000000800013f8 (0x07f0b827) fsd     ft11, 112(ra)
core   0: 3 0x00000000800013f8 (0x07f0b827) mem 0x0000000080007988 0x800ffffffffeffff
core   0: 0x00000000800013fc (0x0640bc23) sd      tp, 120(ra)
core   0: 3 0x00000000800013fc (0x0640bc23) mem 0x0000000080007990 0x0000000000000000
core   0: >>>>  inst_136
core   0: 0x0000000080001400 (0x00100113) li      sp, 1
core   0: 3 0x0000000080001400 (0x00100113) x2  0x0000000000000001
core   0: 0x0000000080001404 (0x00c11113) slli    sp, sp, 12
core   0: 3 0x0000000080001404 (0x00c11113) x2  0x0000000000001000
core   0: 0x0000000080001408 (0x002181b3) add     gp, gp, sp
core   0: 3 0x0000000080001408 (0x002181b3) x3  0x0000000080006010
core   0: 0x000000008000140c (0x8801bf07) fld     ft10, -1920(gp)
core   0: 3 0x000000008000140c (0x8801bf07) f30 0x0000000000000063 mem 0x0000000080005890
core   0: 0x0000000080001410 (0x402181b3) sub     gp, gp, sp
core   0: 3 0x0000000080001410 (0x402181b3) x3  0x0000000080005010
core   0: 0x0000000080001414 (0x00100113) li      sp, 1
core   0: 3 0x0000000080001414 (0x00100113) x2  0x0000000000000001
core   0: 0x0000000080001418 (0x00c11113) slli    sp, sp, 12
core   0: 3 0x0000000080001418 (0x00c11113) x2  0x0000000000001000
core   0: 0x000000008000141c (0x002181b3) add     gp, gp, sp
core   0: 3 0x000000008000141c (0x002181b3) x3  0x0000000080006010
core   0: 0x0000000080001420 (0x8881be87) fld     ft9, -1912(gp)
core   0: 3 0x0000000080001420 (0x8881be87) f29 0x0010000000000060 mem 0x0000000080005898
core   0: 0x0000000080001424 (0x402181b3) sub     gp, gp, sp
core   0: 3 0x0000000080001424 (0x402181b3) x3  0x0000000080005010
core   0: 0x0000000080001428 (0x00000113) li      sp, 0
core   0: 3 0x0000000080001428 (0x00000113) x2  0x0000000000000000
core   0: 0x000000008000142c (0x00311073) csrw    fcsr, sp
core   0: 3 0x000000008000142c (0x00311073) c1_fflags 0x0000000000000000 c2_frm 0x0000000000000000
core   0: 0x0000000080001430 (0x0bdf7fd3) fsub.d  ft11, ft10, ft9
core   0: 3 0x0000000080001430 (0x0bdf7fd3) f31 0x800ffffffffffffd
core   0: 0x0000000080001434 (0x00302273) csrr    tp, fcsr
core   0: 3 0x0000000080001434 (0x00302273) x4  0x0000000000000000
core   0: 0x0000000080001438 (0x09f0b027) fsd     ft11, 128(ra)
core   0: 3 0x0000000080001438 (0x09f0b027) mem 0x0000000080007998 0x800ffffffffffffd
core   0: 0x000000008000143c (0x0840b423) sd      tp, 136(ra)
core   0: 3 0x000000008000143c (0x0840b423) mem 0x00000000800079a0 0x0000000000000000
core   0: >>>>  inst_137
core   0: 0x0000000080001440 (0x00100113) li      sp, 1
core   0: 3 0x0000000080001440 (0x00100113) x2  0x0000000000000001
core   0: 0x0000000080001444 (0x00c11113) slli    sp, sp, 12
core   0: 3 0x0000000080001444 (0x00c11113) x2  0x0000000000001000
core   0: 0x0000000080001448 (0x002181b3) add     gp, gp, sp
core   0: 3 0x0000000080001448 (0x002181b3) x3  0x0000000080006010
core   0: 0x000000008000144c (0x8901bf07) fld     ft10, -1904(gp)
core   0: 3 0x000000008000144c (0x8901bf07) f30 0x0000000000000063 mem 0x00000000800058a0
core   0: 0x0000000080001450 (0x402181b3) sub     gp, gp, sp
core   0: 3 0x0000000080001450 (0x402181b3) x3  0x0000000080005010
core   0: 0x0000000080001454 (0x00100113) li      sp, 1
core   0: 3 0x0000000080001454 (0x00100113) x2  0x0000000000000001
core   0: 0x0000000080001458 (0x00c11113) slli    sp, sp, 12
core   0: 3 0x0000000080001458 (0x00c11113) x2  0x0000000000001000
core   0: 0x000000008000145c (0x002181b3) add     gp, gp, sp
core   0: 3 0x000000008000145c (0x002181b3) x3  0x0000000080006010
core   0: 0x0000000080001460 (0x8981be87) fld     ft9, -1896(gp)
core   0: 3 0x0000000080001460 (0x8981be87) f29 0x800000000000039d mem 0x00000000800058a8
core   0: 0x0000000080001464 (0x402181b3) sub     gp, gp, sp
core   0: 3 0x0000000080001464 (0x402181b3) x3  0x0000000080005010
core   0: 0x0000000080001468 (0x00000113) li      sp, 0
core   0: 3 0x0000000080001468 (0x00000113) x2  0x0000000000000000
core   0: 0x000000008000146c (0x00311073) csrw    fcsr, sp
core   0: 3 0x000000008000146c (0x00311073) c1_fflags 0x0000000000000000 c2_frm 0x0000000000000000
core   0: 0x0000000080001470 (0x0bdf7fd3) fsub.d  ft11, ft10, ft9
core   0: 3 0x0000000080001470 (0x0bdf7fd3) f31 0x0000000000000400
core   0: 0x0000000080001474 (0x00302273) csrr    tp, fcsr
core   0: 3 0x0000000080001474 (0x00302273) x4  0x0000000000000000
core   0: 0x0000000080001478 (0x09f0b827) fsd     ft11, 144(ra)
core   0: 3 0x0000000080001478 (0x09f0b827) mem 0x00000000800079a8 0x0000000000000400
core   0: 0x000000008000147c (0x0840bc23) sd      tp, 152(ra)
core   0: 3 0x000000008000147c (0x0840bc23) mem 0x00000000800079b0 0x0000000000000000
core   0: >>>>  inst_138
core   0: 0x0000000080001480 (0x00100113) li      sp, 1
core   0: 3 0x0000000080001480 (0x00100113) x2  0x0000000000000001
core   0: 0x0000000080001484 (0x00c11113) slli    sp, sp, 12
core   0: 3 0x0000000080001484 (0x00c11113) x2  0x0000000000001000
core   0: 0x0000000080001488 (0x002181b3) add     gp, gp, sp
core   0: 3 0x0000000080001488 (0x002181b3) x3  0x0000000080006010
core   0: 0x000000008000148c (0x8a01bf07) fld     ft10, -1888(gp)
core   0: 3 0x000000008000148c (0x8a01bf07) f30 0x0010000000000002 mem 0x00000000800058b0
core   0: 0x0000000080001490 (0x402181b3) sub     gp, gp, sp
core   0: 3 0x0000000080001490 (0x402181b3) x3  0x0000000080005010
core   0: 0x0000000080001494 (0x00100113) li      sp, 1
core   0: 3 0x0000000080001494 (0x00100113) x2  0x0000000000000001
core   0: 0x0000000080001498 (0x00c11113) slli    sp, sp, 12
core   0: 3 0x0000000080001498 (0x00c11113) x2  0x0000000000001000
core   0: 0x000000008000149c (0x002181b3) add     gp, gp, sp
core   0: 3 0x000000008000149c (0x002181b3) x3  0x0000000080006010
core   0: 0x00000000800014a0 (0x8a81be87) fld     ft9, -1880(gp)
core   0: 3 0x00000000800014a0 (0x8a81be87) f29 0x80000000000003fe mem 0x00000000800058b8
core   0: 0x00000000800014a4 (0x402181b3) sub     gp, gp, sp
core   0: 3 0x00000000800014a4 (0x402181b3) x3  0x0000000080005010
core   0: 0x00000000800014a8 (0x00000113) li      sp, 0
core   0: 3 0x00000000800014a8 (0x00000113) x2  0x0000000000000000
core   0: 0x00000000800014ac (0x00311073) csrw    fcsr, sp
core   0: 3 0x00000000800014ac (0x00311073) c1_fflags 0x0000000000000000 c2_frm 0x0000000000000000
core   0: 0x00000000800014b0 (0x0bdf7fd3) fsub.d  ft11, ft10, ft9
core   0: 3 0x00000000800014b0 (0x0bdf7fd3) f31 0x0010000000000400
core   0: 0x00000000800014b4 (0x00302273) csrr    tp, fcsr
core   0: 3 0x00000000800014b4 (0x00302273) x4  0x0000000000000000
core   0: 0x00000000800014b8 (0x0bf0b027) fsd     ft11, 160(ra)
core   0: 3 0x00000000800014b8 (0x0bf0b027) mem 0x00000000800079b8 0x0010000000000400
core   0: 0x00000000800014bc (0x0a40b423) sd      tp, 168(ra)
core   0: 3 0x00000000800014bc (0x0a40b423) mem 0x00000000800079c0 0x0000000000000000
core   0: >>>>  inst_139
core   0: 0x00000000800014c0 (0x00100113) li      sp, 1
core   0: 3 0x00000000800014c0 (0x00100113) x2  0x0000000000000001
core   0: 0x00000000800014c4 (0x00c11113) slli    sp, sp, 12
core   0: 3 0x00000000800014c4 (0x00c11113) x2  0x0000000000001000
core   0: 0x00000000800014c8 (0x002181b3) add     gp, gp, sp
core   0: 3 0x00000000800014c8 (0x002181b3) x3  0x0000000080006010
core   0: 0x00000000800014cc (0x8b01bf07) fld     ft10, -1872(gp)
core   0: 3 0x00000000800014cc (0x8b01bf07) f30 0x0010000000000004 mem 0x00000000800058c0
core   0: 0x00000000800014d0 (0x402181b3) sub     gp, gp, sp
core   0: 3 0x00000000800014d0 (0x402181b3) x3  0x0000000080005010
core   0: 0x00000000800014d4 (0x00100113) li      sp, 1
core   0: 3 0x00000000800014d4 (0x00100113) x2  0x0000000000000001
core   0: 0x00000000800014d8 (0x00c11113) slli    sp, sp, 12
core   0: 3 0x00000000800014d8 (0x00c11113) x2  0x0000000000001000
core   0: 0x00000000800014dc (0x002181b3) add     gp, gp, sp
core   0: 3 0x00000000800014dc (0x002181b3) x3  0x0000000080006010
core   0: 0x00000000800014e0 (0x8b81be87) fld     ft9, -1864(gp)
core   0: 3 0x00000000800014e0 (0x8b81be87) f29 0x0020000000000006 mem 0x00000000800058c8
core   0: 0x00000000800014e4 (0x402181b3) sub     gp, gp, sp
core   0: 3 0x00000000800014e4 (0x402181b3) x3  0x0000000080005010
core   0: 0x00000000800014e8 (0x00000113) li      sp, 0
core   0: 3 0x00000000800014e8 (0x00000113) x2  0x0000000000000000
core   0: 0x00000000800014ec (0x00311073) csrw    fcsr, sp
core   0: 3 0x00000000800014ec (0x00311073) c1_fflags 0x0000000000000000 c2_frm 0x0000000000000000
core   0: 0x00000000800014f0 (0x0bdf7fd3) fsub.d  ft11, ft10, ft9
core   0: 3 0x00000000800014f0 (0x0bdf7fd3) f31 0x8010000000000008
core   0: 0x00000000800014f4 (0x00302273) csrr    tp, fcsr
core   0: 3 0x00000000800014f4 (0x00302273) x4  0x0000000000000000
core   0: 0x00000000800014f8 (0x0bf0b827) fsd     ft11, 176(ra)
core   0: 3 0x00000000800014f8 (0x0bf0b827) mem 0x00000000800079c8 0x8010000000000008
core   0: 0x00000000800014fc (0x0a40bc23) sd      tp, 184(ra)
core   0: 3 0x00000000800014fc (0x0a40bc23) mem 0x00000000800079d0 0x0000000000000000
core   0: >>>>  inst_140
core   0: 0x0000000080001500 (0x00100113) li      sp, 1
core   0: 3 0x0000000080001500 (0x00100113) x2  0x0000000000000001
core   0: 0x0000000080001504 (0x00c11113) slli    sp, sp, 12
core   0: 3 0x0000000080001504 (0x00c11113) x2  0x0000000000001000
core   0: 0x0000000080001508 (0x002181b3) add     gp, gp, sp
core   0: 3 0x0000000080001508 (0x002181b3) x3  0x0000000080006010
core   0: 0x000000008000150c (0x8c01bf07) fld     ft10, -1856(gp)
core   0: 3 0x000000008000150c (0x8c01bf07) f30 0x0010000000000006 mem 0x00000000800058d0
core   0: 0x0000000080001510 (0x402181b3) sub     gp, gp, sp
core   0: 3 0x0000000080001510 (0x402181b3) x3  0x0000000080005010
core   0: 0x0000000080001514 (0x00100113) li      sp, 1
core   0: 3 0x0000000080001514 (0x00100113) x2  0x0000000000000001
core   0: 0x0000000080001518 (0x00c11113) slli    sp, sp, 12
core   0: 3 0x0000000080001518 (0x00c11113) x2  0x0000000000001000
core   0: 0x000000008000151c (0x002181b3) add     gp, gp, sp
core   0: 3 0x000000008000151c (0x002181b3) x3  0x0000000080006010
core   0: 0x0000000080001520 (0x8c81be87) fld     ft9, -1848(gp)
core   0: 3 0x0000000080001520 (0x8c81be87) f29 0x8000000000000ffa mem 0x00000000800058d8
core   0: 0x0000000080001524 (0x402181b3) sub     gp, gp, sp
core   0: 3 0x0000000080001524 (0x402181b3) x3  0x0000000080005010
core   0: 0x0000000080001528 (0x00000113) li      sp, 0
core   0: 3 0x0000000080001528 (0x00000113) x2  0x0000000000000000
core   0: 0x000000008000152c (0x00311073) csrw    fcsr, sp
core   0: 3 0x000000008000152c (0x00311073) c1_fflags 0x0000000000000000 c2_frm 0x0000000000000000
core   0: 0x0000000080001530 (0x0bdf7fd3) fsub.d  ft11, ft10, ft9
core   0: 3 0x0000000080001530 (0x0bdf7fd3) f31 0x0010000000001000
core   0: 0x0000000080001534 (0x00302273) csrr    tp, fcsr
core   0: 3 0x0000000080001534 (0x00302273) x4  0x0000000000000000
core   0: 0x0000000080001538 (0x0df0b027) fsd     ft11, 192(ra)
core   0: 3 0x0000000080001538 (0x0df0b027) mem 0x00000000800079d8 0x0010000000001000
core   0: 0x000000008000153c (0x0c40b423) sd      tp, 200(ra)
core   0: 3 0x000000008000153c (0x0c40b423) mem 0x00000000800079e0 0x0000000000000000
core   0: >>>>  inst_141
core   0: 0x0000000080001540 (0x00100113) li      sp, 1
core   0: 3 0x0000000080001540 (0x00100113) x2  0x0000000000000001
core   0: 0x0000000080001544 (0x00c11113) slli    sp, sp, 12
core   0: 3 0x0000000080001544 (0x00c11113) x2  0x0000000000001000
core   0: 0x0000000080001548 (0x002181b3) add     gp, gp, sp
core   0: 3 0x0000000080001548 (0x002181b3) x3  0x0000000080006010
core   0: 0x000000008000154c (0x8d01bf07) fld     ft10, -1840(gp)
core   0: 3 0x000000008000154c (0x8d01bf07) f30 0x0010000000000009 mem 0x00000000800058e0
core   0: 0x0000000080001550 (0x402181b3) sub     gp, gp, sp
core   0: 3 0x0000000080001550 (0x402181b3) x3  0x0000000080005010
core   0: 0x0000000080001554 (0x00100113) li      sp, 1
core   0: 3 0x0000000080001554 (0x00100113) x2  0x0000000000000001
core   0: 0x0000000080001558 (0x00c11113) slli    sp, sp, 12
core   0: 3 0x0000000080001558 (0x00c11113) x2  0x0000000000001000
core   0: 0x000000008000155c (0x002181b3) add     gp, gp, sp
core   0: 3 0x000000008000155c (0x002181b3) x3  0x0000000080006010
core   0: 0x0000000080001560 (0x8d81be87) fld     ft9, -1832(gp)
core   0: 3 0x0000000080001560 (0x8d81be87) f29 0x0020000000000084 mem 0x00000000800058e8
core   0: 0x0000000080001564 (0x402181b3) sub     gp, gp, sp
core   0: 3 0x0000000080001564 (0x402181b3) x3  0x0000000080005010
core   0: 0x0000000080001568 (0x00000113) li      sp, 0
core   0: 3 0x0000000080001568 (0x00000113) x2  0x0000000000000000
core   0: 0x000000008000156c (0x00311073) csrw    fcsr, sp
core   0: 3 0x000000008000156c (0x00311073) c1_fflags 0x0000000000000000 c2_frm 0x0000000000000000
core   0: 0x0000000080001570 (0x0bdf7fd3) fsub.d  ft11, ft10, ft9
core   0: 3 0x0000000080001570 (0x0bdf7fd3) f31 0x80100000000000ff
core   0: 0x0000000080001574 (0x00302273) csrr    tp, fcsr
core   0: 3 0x0000000080001574 (0x00302273) x4  0x0000000000000000
core   0: 0x0000000080001578 (0x0df0b827) fsd     ft11, 208(ra)
core   0: 3 0x0000000080001578 (0x0df0b827) mem 0x00000000800079e8 0x80100000000000ff
core   0: 0x000000008000157c (0x0c40bc23) sd      tp, 216(ra)
core   0: 3 0x000000008000157c (0x0c40bc23) mem 0x00000000800079f0 0x0000000000000000
core   0: >>>>  inst_142
core   0: 0x0000000080001580 (0x00100113) li      sp, 1
core   0: 3 0x0000000080001580 (0x00100113) x2  0x0000000000000001
core   0: 0x0000000080001584 (0x00c11113) slli    sp, sp, 12
core   0: 3 0x0000000080001584 (0x00c11113) x2  0x0000000000001000
core   0: 0x0000000080001588 (0x002181b3) add     gp, gp, sp
core   0: 3 0x0000000080001588 (0x002181b3) x3  0x0000000080006010
core   0: 0x000000008000158c (0x8e01bf07) fld     ft10, -1824(gp)
core   0: 3 0x000000008000158c (0x8e01bf07) f30 0x001000000000000a mem 0x00000000800058f0
core   0: 0x0000000080001590 (0x402181b3) sub     gp, gp, sp
core   0: 3 0x0000000080001590 (0x402181b3) x3  0x0000000080005010
core   0: 0x0000000080001594 (0x00100113) li      sp, 1
core   0: 3 0x0000000080001594 (0x00100113) x2  0x0000000000000001
core   0: 0x0000000080001598 (0x00c11113) slli    sp, sp, 12
core   0: 3 0x0000000080001598 (0x00c11113) x2  0x0000000000001000
core   0: 0x000000008000159c (0x002181b3) add     gp, gp, sp
core   0: 3 0x000000008000159c (0x002181b3) x3  0x0000000080006010
core   0: 0x00000000800015a0 (0x8e81be87) fld     ft9, -1816(gp)
core   0: 3 0x00000000800015a0 (0x8e81be87) f29 0x0000000000000009 mem 0x00000000800058f8
core   0: 0x00000000800015a4 (0x402181b3) sub     gp, gp, sp
core   0: 3 0x00000000800015a4 (0x402181b3) x3  0x0000000080005010
core   0: 0x00000000800015a8 (0x00000113) li      sp, 0
core   0: 3 0x00000000800015a8 (0x00000113) x2  0x0000000000000000
core   0: 0x00000000800015ac (0x00311073) csrw    fcsr, sp
core   0: 3 0x00000000800015ac (0x00311073) c1_fflags 0x0000000000000000 c2_frm 0x0000000000000000
core   0: 0x00000000800015b0 (0x0bdf7fd3) fsub.d  ft11, ft10, ft9
core   0: 3 0x00000000800015b0 (0x0bdf7fd3) f31 0x0010000000000001
core   0: 0x00000000800015b4 (0x00302273) csrr    tp, fcsr
core   0: 3 0x00000000800015b4 (0x00302273) x4  0x0000000000000000
core   0: 0x00000000800015b8 (0x0ff0b027) fsd     ft11, 224(ra)
core   0: 3 0x00000000800015b8 (0x0ff0b027) mem 0x00000000800079f8 0x0010000000000001
core   0: 0x00000000800015bc (0x0e40b423) sd      tp, 232(ra)
core   0: 3 0x00000000800015bc (0x0e40b423) mem 0x0000000080007a00 0x0000000000000000
core   0: >>>>  inst_143
core   0: 0x00000000800015c0 (0x00100113) li      sp, 1
core   0: 3 0x00000000800015c0 (0x00100113) x2  0x0000000000000001
core   0: 0x00000000800015c4 (0x00c11113) slli    sp, sp, 12
core   0: 3 0x00000000800015c4 (0x00c11113) x2  0x0000000000001000
core   0: 0x00000000800015c8 (0x002181b3) add     gp, gp, sp
core   0: 3 0x00000000800015c8 (0x002181b3) x3  0x0000000080006010
core   0: 0x00000000800015cc (0x8f01bf07) fld     ft10, -1808(gp)
core   0: 3 0x00000000800015cc (0x8f01bf07) f30 0x001000000000000b mem 0x0000000080005900
core   0: 0x00000000800015d0 (0x402181b3) sub     gp, gp, sp
core   0: 3 0x00000000800015d0 (0x402181b3) x3  0x0000000080005010
core   0: 0x00000000800015d4 (0x00100113) li      sp, 1
core   0: 3 0x00000000800015d4 (0x00100113) x2  0x0000000000000001
core   0: 0x00000000800015d8 (0x00c11113) slli    sp, sp, 12
core   0: 3 0x00000000800015d8 (0x00c11113) x2  0x0000000000001000
core   0: 0x00000000800015dc (0x002181b3) add     gp, gp, sp
core   0: 3 0x00000000800015dc (0x002181b3) x3  0x0000000080006010
core   0: 0x00000000800015e0 (0x8f81be87) fld     ft9, -1800(gp)
core   0: 3 0x00000000800015e0 (0x8f81be87) f29 0x0020000000040006 mem 0x0000000080005908
core   0: 0x00000000800015e4 (0x402181b3) sub     gp, gp, sp
core   0: 3 0x00000000800015e4 (0x402181b3) x3  0x0000000080005010
core   0: 0x00000000800015e8 (0x00000113) li      sp, 0
core   0: 3 0x00000000800015e8 (0x00000113) x2  0x0000000000000000
core   0: 0x00000000800015ec (0x00311073) csrw    fcsr, sp
core   0: 3 0x00000000800015ec (0x00311073) c1_fflags 0x0000000000000000 c2_frm 0x0000000000000000
core   0: 0x00000000800015f0 (0x0bdf7fd3) fsub.d  ft11, ft10, ft9
core   0: 3 0x00000000800015f0 (0x0bdf7fd3) f31 0x8010000000080001
core   0: 0x00000000800015f4 (0x00302273) csrr    tp, fcsr
core   0: 3 0x00000000800015f4 (0x00302273) x4  0x0000000000000000
core   0: 0x00000000800015f8 (0x0ff0b827) fsd     ft11, 240(ra)
core   0: 3 0x00000000800015f8 (0x0ff0b827) mem 0x0000000080007a08 0x8010000000080001
core   0: 0x00000000800015fc (0x0e40bc23) sd      tp, 248(ra)
core   0: 3 0x00000000800015fc (0x0e40bc23) mem 0x0000000080007a10 0x0000000000000000
core   0: >>>>  inst_144
core   0: 0x0000000080001600 (0x00100113) li      sp, 1
core   0: 3 0x0000000080001600 (0x00100113) x2  0x0000000000000001
core   0: 0x0000000080001604 (0x00c11113) slli    sp, sp, 12
core   0: 3 0x0000000080001604 (0x00c11113) x2  0x0000000000001000
core   0: 0x0000000080001608 (0x002181b3) add     gp, gp, sp
core   0: 3 0x0000000080001608 (0x002181b3) x3  0x0000000080006010
core   0: 0x000000008000160c (0x9001bf07) fld     ft10, -1792(gp)
core   0: 3 0x000000008000160c (0x9001bf07) f30 0x001000000000000c mem 0x0000000080005910
core   0: 0x0000000080001610 (0x402181b3) sub     gp, gp, sp
core   0: 3 0x0000000080001610 (0x402181b3) x3  0x0000000080005010
core   0: 0x0000000080001614 (0x00100113) li      sp, 1
core   0: 3 0x0000000080001614 (0x00100113) x2  0x0000000000000001
core   0: 0x0000000080001618 (0x00c11113) slli    sp, sp, 12
core   0: 3 0x0000000080001618 (0x00c11113) x2  0x0000000000001000
core   0: 0x000000008000161c (0x002181b3) add     gp, gp, sp
core   0: 3 0x000000008000161c (0x002181b3) x3  0x0000000080006010
core   0: 0x0000000080001620 (0x9081be87) fld     ft9, -1784(gp)
core   0: 3 0x0000000080001620 (0x9081be87) f29 0x0020000000080006 mem 0x0000000080005918
core   0: 0x0000000080001624 (0x402181b3) sub     gp, gp, sp
core   0: 3 0x0000000080001624 (0x402181b3) x3  0x0000000080005010
core   0: 0x0000000080001628 (0x00000113) li      sp, 0
core   0: 3 0x0000000080001628 (0x00000113) x2  0x0000000000000000
core   0: 0x000000008000162c (0x00311073) csrw    fcsr, sp
core   0: 3 0x000000008000162c (0x00311073) c1_fflags 0x0000000000000000 c2_frm 0x0000000000000000
core   0: 0x0000000080001630 (0x0bdf7fd3) fsub.d  ft11, ft10, ft9
core   0: 3 0x0000000080001630 (0x0bdf7fd3) f31 0x8010000000100000
core   0: 0x0000000080001634 (0x00302273) csrr    tp, fcsr
core   0: 3 0x0000000080001634 (0x00302273) x4  0x0000000000000000
core   0: 0x0000000080001638 (0x11f0b027) fsd     ft11, 256(ra)
core   0: 3 0x0000000080001638 (0x11f0b027) mem 0x0000000080007a18 0x8010000000100000
core   0: 0x000000008000163c (0x1040b423) sd      tp, 264(ra)
core   0: 3 0x000000008000163c (0x1040b423) mem 0x0000000080007a20 0x0000000000000000
core   0: >>>>  inst_145
core   0: 0x0000000080001640 (0x00100113) li      sp, 1
core   0: 3 0x0000000080001640 (0x00100113) x2  0x0000000000000001
core   0: 0x0000000080001644 (0x00c11113) slli    sp, sp, 12
core   0: 3 0x0000000080001644 (0x00c11113) x2  0x0000000000001000
core   0: 0x0000000080001648 (0x002181b3) add     gp, gp, sp
core   0: 3 0x0000000080001648 (0x002181b3) x3  0x0000000080006010
core   0: 0x000000008000164c (0x9101bf07) fld     ft10, -1776(gp)
core   0: 3 0x000000008000164c (0x9101bf07) f30 0x001000000000000e mem 0x0000000080005920
core   0: 0x0000000080001650 (0x402181b3) sub     gp, gp, sp
core   0: 3 0x0000000080001650 (0x402181b3) x3  0x0000000080005010
core   0: 0x0000000080001654 (0x00100113) li      sp, 1
core   0: 3 0x0000000080001654 (0x00100113) x2  0x0000000000000001
core   0: 0x0000000080001658 (0x00c11113) slli    sp, sp, 12
core   0: 3 0x0000000080001658 (0x00c11113) x2  0x0000000000001000
core   0: 0x000000008000165c (0x002181b3) add     gp, gp, sp
core   0: 3 0x000000008000165c (0x002181b3) x3  0x0000000080006010
core   0: 0x0000000080001660 (0x9181be87) fld     ft9, -1768(gp)
core   0: 3 0x0000000080001660 (0x9181be87) f29 0x8000000000000072 mem 0x0000000080005928
core   0: 0x0000000080001664 (0x402181b3) sub     gp, gp, sp
core   0: 3 0x0000000080001664 (0x402181b3) x3  0x0000000080005010
core   0: 0x0000000080001668 (0x00000113) li      sp, 0
core   0: 3 0x0000000080001668 (0x00000113) x2  0x0000000000000000
core   0: 0x000000008000166c (0x00311073) csrw    fcsr, sp
core   0: 3 0x000000008000166c (0x00311073) c1_fflags 0x0000000000000000 c2_frm 0x0000000000000000
core   0: 0x0000000080001670 (0x0bdf7fd3) fsub.d  ft11, ft10, ft9
core   0: 3 0x0000000080001670 (0x0bdf7fd3) f31 0x0010000000000080
core   0: 0x0000000080001674 (0x00302273) csrr    tp, fcsr
core   0: 3 0x0000000080001674 (0x00302273) x4  0x0000000000000000
core   0: 0x0000000080001678 (0x11f0b827) fsd     ft11, 272(ra)
core   0: 3 0x0000000080001678 (0x11f0b827) mem 0x0000000080007a28 0x0010000000000080
core   0: 0x000000008000167c (0x1040bc23) sd      tp, 280(ra)
core   0: 3 0x000000008000167c (0x1040bc23) mem 0x0000000080007a30 0x0000000000000000
core   0: >>>>  inst_146
core   0: 0x0000000080001680 (0x00100113) li      sp, 1
core   0: 3 0x0000000080001680 (0x00100113) x2  0x0000000000000001
core   0: 0x0000000080001684 (0x00c11113) slli    sp, sp, 12
core   0: 3 0x0000000080001684 (0x00c11113) x2  0x0000000000001000
core   0: 0x0000000080001688 (0x002181b3) add     gp, gp, sp
core   0: 3 0x0000000080001688 (0x002181b3) x3  0x0000000080006010
core   0: 0x000000008000168c (0x9201bf07) fld     ft10, -1760(gp)
core   0: 3 0x000000008000168c (0x9201bf07) f30 0x001000000000000f mem 0x0000000080005930
core   0: 0x0000000080001690 (0x402181b3) sub     gp, gp, sp
core   0: 3 0x0000000080001690 (0x402181b3) x3  0x0000000080005010
core   0: 0x0000000080001694 (0x00100113) li      sp, 1
core   0: 3 0x0000000080001694 (0x00100113) x2  0x0000000000000001
core   0: 0x0000000080001698 (0x00c11113) slli    sp, sp, 12
core   0: 3 0x0000000080001698 (0x00c11113) x2  0x0000000000001000
core   0: 0x000000008000169c (0x002181b3) add     gp, gp, sp
core   0: 3 0x000000008000169c (0x002181b3) x3  0x0000000080006010
core   0: 0x00000000800016a0 (0x9281be87) fld     ft9, -1752(gp)
core   0: 3 0x00000000800016a0 (0x9281be87) f29 0x8000000000007ff1 mem 0x0000000080005938
core   0: 0x00000000800016a4 (0x402181b3) sub     gp, gp, sp
core   0: 3 0x00000000800016a4 (0x402181b3) x3  0x0000000080005010
core   0: 0x00000000800016a8 (0x00000113) li      sp, 0
core   0: 3 0x00000000800016a8 (0x00000113) x2  0x0000000000000000
core   0: 0x00000000800016ac (0x00311073) csrw    fcsr, sp
core   0: 3 0x00000000800016ac (0x00311073) c1_fflags 0x0000000000000000 c2_frm 0x0000000000000000
core   0: 0x00000000800016b0 (0x0bdf7fd3) fsub.d  ft11, ft10, ft9
core   0: 3 0x00000000800016b0 (0x0bdf7fd3) f31 0x0010000000008000
core   0: 0x00000000800016b4 (0x00302273) csrr    tp, fcsr
core   0: 3 0x00000000800016b4 (0x00302273) x4  0x0000000000000000
core   0: 0x00000000800016b8 (0x13f0b027) fsd     ft11, 288(ra)
core   0: 3 0x00000000800016b8 (0x13f0b027) mem 0x0000000080007a38 0x0010000000008000
core   0: 0x00000000800016bc (0x1240b423) sd      tp, 296(ra)
core   0: 3 0x00000000800016bc (0x1240b423) mem 0x0000000080007a40 0x0000000000000000
core   0: >>>>  inst_147
core   0: 0x00000000800016c0 (0x00100113) li      sp, 1
core   0: 3 0x00000000800016c0 (0x00100113) x2  0x0000000000000001
core   0: 0x00000000800016c4 (0x00c11113) slli    sp, sp, 12
core   0: 3 0x00000000800016c4 (0x00c11113) x2  0x0000000000001000
core   0: 0x00000000800016c8 (0x002181b3) add     gp, gp, sp
core   0: 3 0x00000000800016c8 (0x002181b3) x3  0x0000000080006010
core   0: 0x00000000800016cc (0x9301bf07) fld     ft10, -1744(gp)
core   0: 3 0x00000000800016cc (0x9301bf07) f30 0x0010000000000016 mem 0x0000000080005940
core   0: 0x00000000800016d0 (0x402181b3) sub     gp, gp, sp
core   0: 3 0x00000000800016d0 (0x402181b3) x3  0x0000000080005010
core   0: 0x00000000800016d4 (0x00100113) li      sp, 1
core   0: 3 0x00000000800016d4 (0x00100113) x2  0x0000000000000001
core   0: 0x00000000800016d8 (0x00c11113) slli    sp, sp, 12
core   0: 3 0x00000000800016d8 (0x00c11113) x2  0x0000000000001000
core   0: 0x00000000800016dc (0x002181b3) add     gp, gp, sp
core   0: 3 0x00000000800016dc (0x002181b3) x3  0x0000000080006010
core   0: 0x00000000800016e0 (0x9381be87) fld     ft9, -1736(gp)
core   0: 3 0x00000000800016e0 (0x9381be87) f29 0x800000000000ffea mem 0x0000000080005948
core   0: 0x00000000800016e4 (0x402181b3) sub     gp, gp, sp
core   0: 3 0x00000000800016e4 (0x402181b3) x3  0x0000000080005010
core   0: 0x00000000800016e8 (0x00000113) li      sp, 0
core   0: 3 0x00000000800016e8 (0x00000113) x2  0x0000000000000000
core   0: 0x00000000800016ec (0x00311073) csrw    fcsr, sp
core   0: 3 0x00000000800016ec (0x00311073) c1_fflags 0x0000000000000000 c2_frm 0x0000000000000000
core   0: 0x00000000800016f0 (0x0bdf7fd3) fsub.d  ft11, ft10, ft9
core   0: 3 0x00000000800016f0 (0x0bdf7fd3) f31 0x0010000000010000
core   0: 0x00000000800016f4 (0x00302273) csrr    tp, fcsr
core   0: 3 0x00000000800016f4 (0x00302273) x4  0x0000000000000000
core   0: 0x00000000800016f8 (0x13f0b827) fsd     ft11, 304(ra)
core   0: 3 0x00000000800016f8 (0x13f0b827) mem 0x0000000080007a48 0x0010000000010000
core   0: 0x00000000800016fc (0x1240bc23) sd      tp, 312(ra)
core   0: 3 0x00000000800016fc (0x1240bc23) mem 0x0000000080007a50 0x0000000000000000
core   0: >>>>  inst_148
core   0: 0x0000000080001700 (0x00100113) li      sp, 1
core   0: 3 0x0000000080001700 (0x00100113) x2  0x0000000000000001
core   0: 0x0000000080001704 (0x00c11113) slli    sp, sp, 12
core   0: 3 0x0000000080001704 (0x00c11113) x2  0x0000000000001000
core   0: 0x0000000080001708 (0x002181b3) add     gp, gp, sp
core   0: 3 0x0000000080001708 (0x002181b3) x3  0x0000000080006010
core   0: 0x000000008000170c (0x9401bf07) fld     ft10, -1728(gp)
core   0: 3 0x000000008000170c (0x9401bf07) f30 0x001000000000001b mem 0x0000000080005950
core   0: 0x0000000080001710 (0x402181b3) sub     gp, gp, sp
core   0: 3 0x0000000080001710 (0x402181b3) x3  0x0000000080005010
core   0: 0x0000000080001714 (0x00100113) li      sp, 1
core   0: 3 0x0000000080001714 (0x00100113) x2  0x0000000000000001
core   0: 0x0000000080001718 (0x00c11113) slli    sp, sp, 12
core   0: 3 0x0000000080001718 (0x00c11113) x2  0x0000000000001000
core   0: 0x000000008000171c (0x002181b3) add     gp, gp, sp
core   0: 3 0x000000008000171c (0x002181b3) x3  0x0000000080006010
core   0: 0x0000000080001720 (0x9481be87) fld     ft9, -1720(gp)
core   0: 3 0x0000000080001720 (0x9481be87) f29 0x002000000000000e mem 0x0000000080005958
core   0: 0x0000000080001724 (0x402181b3) sub     gp, gp, sp
core   0: 3 0x0000000080001724 (0x402181b3) x3  0x0000000080005010
core   0: 0x0000000080001728 (0x00000113) li      sp, 0
core   0: 3 0x0000000080001728 (0x00000113) x2  0x0000000000000000
core   0: 0x000000008000172c (0x00311073) csrw    fcsr, sp
core   0: 3 0x000000008000172c (0x00311073) c1_fflags 0x0000000000000000 c2_frm 0x0000000000000000
core   0: 0x0000000080001730 (0x0bdf7fd3) fsub.d  ft11, ft10, ft9
core   0: 3 0x0000000080001730 (0x0bdf7fd3) f31 0x8010000000000001
core   0: 0x0000000080001734 (0x00302273) csrr    tp, fcsr
core   0: 3 0x0000000080001734 (0x00302273) x4  0x0000000000000000
core   0: 0x0000000080001738 (0x15f0b027) fsd     ft11, 320(ra)
core   0: 3 0x0000000080001738 (0x15f0b027) mem 0x0000000080007a58 0x8010000000000001
core   0: 0x000000008000173c (0x1440b423) sd      tp, 328(ra)
core   0: 3 0x000000008000173c (0x1440b423) mem 0x0000000080007a60 0x0000000000000000
core   0: >>>>  inst_149
core   0: 0x0000000080001740 (0x00100113) li      sp, 1
core   0: 3 0x0000000080001740 (0x00100113) x2  0x0000000000000001
core   0: 0x0000000080001744 (0x00c11113) slli    sp, sp, 12
core   0: 3 0x0000000080001744 (0x00c11113) x2  0x0000000000001000
core   0: 0x0000000080001748 (0x002181b3) add     gp, gp, sp
core   0: 3 0x0000000080001748 (0x002181b3) x3  0x0000000080006010
core   0: 0x000000008000174c (0x9501bf07) fld     ft10, -1712(gp)
core   0: 3 0x000000008000174c (0x9501bf07) f30 0x001000000000001f mem 0x0000000080005960
core   0: 0x0000000080001750 (0x402181b3) sub     gp, gp, sp
core   0: 3 0x0000000080001750 (0x402181b3) x3  0x0000000080005010
core   0: 0x0000000080001754 (0x00100113) li      sp, 1
core   0: 3 0x0000000080001754 (0x00100113) x2  0x0000000000000001
core   0: 0x0000000080001758 (0x00c11113) slli    sp, sp, 12
core   0: 3 0x0000000080001758 (0x00c11113) x2  0x0000000000001000
core   0: 0x000000008000175c (0x002181b3) add     gp, gp, sp
core   0: 3 0x000000008000175c (0x002181b3) x3  0x0000000080006010
core   0: 0x0000000080001760 (0x9581be87) fld     ft9, -1704(gp)
core   0: 3 0x0000000080001760 (0x9581be87) f29 0x8000000000001fe1 mem 0x0000000080005968
core   0: 0x0000000080001764 (0x402181b3) sub     gp, gp, sp
core   0: 3 0x0000000080001764 (0x402181b3) x3  0x0000000080005010
core   0: 0x0000000080001768 (0x00000113) li      sp, 0
core   0: 3 0x0000000080001768 (0x00000113) x2  0x0000000000000000
core   0: 0x000000008000176c (0x00311073) csrw    fcsr, sp
core   0: 3 0x000000008000176c (0x00311073) c1_fflags 0x0000000000000000 c2_frm 0x0000000000000000
core   0: 0x0000000080001770 (0x0bdf7fd3) fsub.d  ft11, ft10, ft9
core   0: 3 0x0000000080001770 (0x0bdf7fd3) f31 0x0010000000002000
core   0: 0x0000000080001774 (0x00302273) csrr    tp, fcsr
core   0: 3 0x0000000080001774 (0x00302273) x4  0x0000000000000000
core   0: 0x0000000080001778 (0x15f0b827) fsd     ft11, 336(ra)
core   0: 3 0x0000000080001778 (0x15f0b827) mem 0x0000000080007a68 0x0010000000002000
core   0: 0x000000008000177c (0x1440bc23) sd      tp, 344(ra)
core   0: 3 0x000000008000177c (0x1440bc23) mem 0x0000000080007a70 0x0000000000000000
core   0: >>>>  inst_150
core   0: 0x0000000080001780 (0x00100113) li      sp, 1
core   0: 3 0x0000000080001780 (0x00100113) x2  0x0000000000000001
core   0: 0x0000000080001784 (0x00c11113) slli    sp, sp, 12
core   0: 3 0x0000000080001784 (0x00c11113) x2  0x0000000000001000
core   0: 0x0000000080001788 (0x002181b3) add     gp, gp, sp
core   0: 3 0x0000000080001788 (0x002181b3) x3  0x0000000080006010
core   0: 0x000000008000178c (0x9601bf07) fld     ft10, -1696(gp)
core   0: 3 0x000000008000178c (0x9601bf07) f30 0x001000000000001f mem 0x0000000080005970
core   0: 0x0000000080001790 (0x402181b3) sub     gp, gp, sp
core   0: 3 0x0000000080001790 (0x402181b3) x3  0x0000000080005010
core   0: 0x0000000080001794 (0x00100113) li      sp, 1
core   0: 3 0x0000000080001794 (0x00100113) x2  0x0000000000000001
core   0: 0x0000000080001798 (0x00c11113) slli    sp, sp, 12
core   0: 3 0x0000000080001798 (0x00c11113) x2  0x0000000000001000
core   0: 0x000000008000179c (0x002181b3) add     gp, gp, sp
core   0: 3 0x000000008000179c (0x002181b3) x3  0x0000000080006010
core   0: 0x00000000800017a0 (0x9681be87) fld     ft9, -1688(gp)
core   0: 3 0x00000000800017a0 (0x9681be87) f29 0x800000000001ffe1 mem 0x0000000080005978
core   0: 0x00000000800017a4 (0x402181b3) sub     gp, gp, sp
core   0: 3 0x00000000800017a4 (0x402181b3) x3  0x0000000080005010
core   0: 0x00000000800017a8 (0x00000113) li      sp, 0
core   0: 3 0x00000000800017a8 (0x00000113) x2  0x0000000000000000
core   0: 0x00000000800017ac (0x00311073) csrw    fcsr, sp
core   0: 3 0x00000000800017ac (0x00311073) c1_fflags 0x0000000000000000 c2_frm 0x0000000000000000
core   0: 0x00000000800017b0 (0x0bdf7fd3) fsub.d  ft11, ft10, ft9
core   0: 3 0x00000000800017b0 (0x0bdf7fd3) f31 0x0010000000020000
core   0: 0x00000000800017b4 (0x00302273) csrr    tp, fcsr
core   0: 3 0x00000000800017b4 (0x00302273) x4  0x0000000000000000
core   0: 0x00000000800017b8 (0x17f0b027) fsd     ft11, 352(ra)
core   0: 3 0x00000000800017b8 (0x17f0b027) mem 0x0000000080007a78 0x0010000000020000
core   0: 0x00000000800017bc (0x1640b423) sd      tp, 360(ra)
core   0: 3 0x00000000800017bc (0x1640b423) mem 0x0000000080007a80 0x0000000000000000
core   0: >>>>  inst_151
core   0: 0x00000000800017c0 (0x00100113) li      sp, 1
core   0: 3 0x00000000800017c0 (0x00100113) x2  0x0000000000000001
core   0: 0x00000000800017c4 (0x00c11113) slli    sp, sp, 12
core   0: 3 0x00000000800017c4 (0x00c11113) x2  0x0000000000001000
core   0: 0x00000000800017c8 (0x002181b3) add     gp, gp, sp
core   0: 3 0x00000000800017c8 (0x002181b3) x3  0x0000000080006010
core   0: 0x00000000800017cc (0x9701bf07) fld     ft10, -1680(gp)
core   0: 3 0x00000000800017cc (0x9701bf07) f30 0x0010000000000020 mem 0x0000000080005980
core   0: 0x00000000800017d0 (0x402181b3) sub     gp, gp, sp
core   0: 3 0x00000000800017d0 (0x402181b3) x3  0x0000000080005010
core   0: 0x00000000800017d4 (0x00100113) li      sp, 1
core   0: 3 0x00000000800017d4 (0x00100113) x2  0x0000000000000001
core   0: 0x00000000800017d8 (0x00c11113) slli    sp, sp, 12
core   0: 3 0x00000000800017d8 (0x00c11113) x2  0x0000000000001000
core   0: 0x00000000800017dc (0x002181b3) add     gp, gp, sp
core   0: 3 0x00000000800017dc (0x002181b3) x3  0x0000000080006010
core   0: 0x00000000800017e0 (0x9781be87) fld     ft9, -1672(gp)
core   0: 3 0x00000000800017e0 (0x9781be87) f29 0x0020000000020010 mem 0x0000000080005988
core   0: 0x00000000800017e4 (0x402181b3) sub     gp, gp, sp
core   0: 3 0x00000000800017e4 (0x402181b3) x3  0x0000000080005010
core   0: 0x00000000800017e8 (0x00000113) li      sp, 0
core   0: 3 0x00000000800017e8 (0x00000113) x2  0x0000000000000000
core   0: 0x00000000800017ec (0x00311073) csrw    fcsr, sp
core   0: 3 0x00000000800017ec (0x00311073) c1_fflags 0x0000000000000000 c2_frm 0x0000000000000000
core   0: 0x00000000800017f0 (0x0bdf7fd3) fsub.d  ft11, ft10, ft9
core   0: 3 0x00000000800017f0 (0x0bdf7fd3) f31 0x8010000000040000
core   0: 0x00000000800017f4 (0x00302273) csrr    tp, fcsr
core   0: 3 0x00000000800017f4 (0x00302273) x4  0x0000000000000000
core   0: 0x00000000800017f8 (0x17f0b827) fsd     ft11, 368(ra)
core   0: 3 0x00000000800017f8 (0x17f0b827) mem 0x0000000080007a88 0x8010000000040000
core   0: 0x00000000800017fc (0x1640bc23) sd      tp, 376(ra)
core   0: 3 0x00000000800017fc (0x1640bc23) mem 0x0000000080007a90 0x0000000000000000
core   0: >>>>  inst_152
core   0: 0x0000000080001800 (0x00100113) li      sp, 1
core   0: 3 0x0000000080001800 (0x00100113) x2  0x0000000000000001
core   0: 0x0000000080001804 (0x00c11113) slli    sp, sp, 12
core   0: 3 0x0000000080001804 (0x00c11113) x2  0x0000000000001000
core   0: 0x0000000080001808 (0x002181b3) add     gp, gp, sp
core   0: 3 0x0000000080001808 (0x002181b3) x3  0x0000000080006010
core   0: 0x000000008000180c (0x9801bf07) fld     ft10, -1664(gp)
core   0: 3 0x000000008000180c (0x9801bf07) f30 0x0010000000000021 mem 0x0000000080005990
core   0: 0x0000000080001810 (0x402181b3) sub     gp, gp, sp
core   0: 3 0x0000000080001810 (0x402181b3) x3  0x0000000080005010
core   0: 0x0000000080001814 (0x00100113) li      sp, 1
core   0: 3 0x0000000080001814 (0x00100113) x2  0x0000000000000001
core   0: 0x0000000080001818 (0x00c11113) slli    sp, sp, 12
core   0: 3 0x0000000080001818 (0x00c11113) x2  0x0000000000001000
core   0: 0x000000008000181c (0x002181b3) add     gp, gp, sp
core   0: 3 0x000000008000181c (0x002181b3) x3  0x0000000080006010
core   0: 0x0000000080001820 (0x9881be87) fld     ft9, -1656(gp)
core   0: 3 0x0000000080001820 (0x9881be87) f29 0x0020000000000410 mem 0x0000000080005998
core   0: 0x0000000080001824 (0x402181b3) sub     gp, gp, sp
core   0: 3 0x0000000080001824 (0x402181b3) x3  0x0000000080005010
core   0: 0x0000000080001828 (0x00000113) li      sp, 0
core   0: 3 0x0000000080001828 (0x00000113) x2  0x0000000000000000
core   0: 0x000000008000182c (0x00311073) csrw    fcsr, sp
core   0: 3 0x000000008000182c (0x00311073) c1_fflags 0x0000000000000000 c2_frm 0x0000000000000000
core   0: 0x0000000080001830 (0x0bdf7fd3) fsub.d  ft11, ft10, ft9
core   0: 3 0x0000000080001830 (0x0bdf7fd3) f31 0x80100000000007ff
core   0: 0x0000000080001834 (0x00302273) csrr    tp, fcsr
core   0: 3 0x0000000080001834 (0x00302273) x4  0x0000000000000000
core   0: 0x0000000080001838 (0x19f0b027) fsd     ft11, 384(ra)
core   0: 3 0x0000000080001838 (0x19f0b027) mem 0x0000000080007a98 0x80100000000007ff
core   0: 0x000000008000183c (0x1840b423) sd      tp, 392(ra)
core   0: 3 0x000000008000183c (0x1840b423) mem 0x0000000080007aa0 0x0000000000000000
core   0: >>>>  inst_153
core   0: 0x0000000080001840 (0x00100113) li      sp, 1
core   0: 3 0x0000000080001840 (0x00100113) x2  0x0000000000000001
core   0: 0x0000000080001844 (0x00c11113) slli    sp, sp, 12
core   0: 3 0x0000000080001844 (0x00c11113) x2  0x0000000000001000
core   0: 0x0000000080001848 (0x002181b3) add     gp, gp, sp
core   0: 3 0x0000000080001848 (0x002181b3) x3  0x0000000080006010
core   0: 0x000000008000184c (0x9901bf07) fld     ft10, -1648(gp)
core   0: 3 0x000000008000184c (0x9901bf07) f30 0x0010000000000022 mem 0x00000000800059a0
core   0: 0x0000000080001850 (0x402181b3) sub     gp, gp, sp
core   0: 3 0x0000000080001850 (0x402181b3) x3  0x0000000080005010
core   0: 0x0000000080001854 (0x00100113) li      sp, 1
core   0: 3 0x0000000080001854 (0x00100113) x2  0x0000000000000001
core   0: 0x0000000080001858 (0x00c11113) slli    sp, sp, 12
core   0: 3 0x0000000080001858 (0x00c11113) x2  0x0000000000001000
core   0: 0x000000008000185c (0x002181b3) add     gp, gp, sp
core   0: 3 0x000000008000185c (0x002181b3) x3  0x0000000080006010
core   0: 0x0000000080001860 (0x9981be87) fld     ft9, -1640(gp)
core   0: 3 0x0000000080001860 (0x9981be87) f29 0x0020000000004011 mem 0x00000000800059a8
core   0: 0x0000000080001864 (0x402181b3) sub     gp, gp, sp
core   0: 3 0x0000000080001864 (0x402181b3) x3  0x0000000080005010
core   0: 0x0000000080001868 (0x00000113) li      sp, 0
core   0: 3 0x0000000080001868 (0x00000113) x2  0x0000000000000000
core   0: 0x000000008000186c (0x00311073) csrw    fcsr, sp
core   0: 3 0x000000008000186c (0x00311073) c1_fflags 0x0000000000000000 c2_frm 0x0000000000000000
core   0: 0x0000000080001870 (0x0bdf7fd3) fsub.d  ft11, ft10, ft9
core   0: 3 0x0000000080001870 (0x0bdf7fd3) f31 0x8010000000008000
core   0: 0x0000000080001874 (0x00302273) csrr    tp, fcsr
core   0: 3 0x0000000080001874 (0x00302273) x4  0x0000000000000000
core   0: 0x0000000080001878 (0x19f0b827) fsd     ft11, 400(ra)
core   0: 3 0x0000000080001878 (0x19f0b827) mem 0x0000000080007aa8 0x8010000000008000
core   0: 0x000000008000187c (0x1840bc23) sd      tp, 408(ra)
core   0: 3 0x000000008000187c (0x1840bc23) mem 0x0000000080007ab0 0x0000000000000000
core   0: >>>>  inst_154
core   0: 0x0000000080001880 (0x00100113) li      sp, 1
core   0: 3 0x0000000080001880 (0x00100113) x2  0x0000000000000001
core   0: 0x0000000080001884 (0x00c11113) slli    sp, sp, 12
core   0: 3 0x0000000080001884 (0x00c11113) x2  0x0000000000001000
core   0: 0x0000000080001888 (0x002181b3) add     gp, gp, sp
core   0: 3 0x0000000080001888 (0x002181b3) x3  0x0000000080006010
core   0: 0x000000008000188c (0x9a01bf07) fld     ft10, -1632(gp)
core   0: 3 0x000000008000188c (0x9a01bf07) f30 0x0010000000000023 mem 0x00000000800059b0
core   0: 0x0000000080001890 (0x402181b3) sub     gp, gp, sp
core   0: 3 0x0000000080001890 (0x402181b3) x3  0x0000000080005010
core   0: 0x0000000080001894 (0x00100113) li      sp, 1
core   0: 3 0x0000000080001894 (0x00100113) x2  0x0000000000000001
core   0: 0x0000000080001898 (0x00c11113) slli    sp, sp, 12
core   0: 3 0x0000000080001898 (0x00c11113) x2  0x0000000000001000
core   0: 0x000000008000189c (0x002181b3) add     gp, gp, sp
core   0: 3 0x000000008000189c (0x002181b3) x3  0x0000000080006010
core   0: 0x00000000800018a0 (0x9a81be87) fld     ft9, -1624(gp)
core   0: 3 0x00000000800018a0 (0x9a81be87) f29 0x000000000000001b mem 0x00000000800059b8
core   0: 0x00000000800018a4 (0x402181b3) sub     gp, gp, sp
core   0: 3 0x00000000800018a4 (0x402181b3) x3  0x0000000080005010
core   0: 0x00000000800018a8 (0x00000113) li      sp, 0
core   0: 3 0x00000000800018a8 (0x00000113) x2  0x0000000000000000
core   0: 0x00000000800018ac (0x00311073) csrw    fcsr, sp
core   0: 3 0x00000000800018ac (0x00311073) c1_fflags 0x0000000000000000 c2_frm 0x0000000000000000
core   0: 0x00000000800018b0 (0x0bdf7fd3) fsub.d  ft11, ft10, ft9
core   0: 3 0x00000000800018b0 (0x0bdf7fd3) f31 0x0010000000000008
core   0: 0x00000000800018b4 (0x00302273) csrr    tp, fcsr
core   0: 3 0x00000000800018b4 (0x00302273) x4  0x0000000000000000
core   0: 0x00000000800018b8 (0x1bf0b027) fsd     ft11, 416(ra)
core   0: 3 0x00000000800018b8 (0x1bf0b027) mem 0x0000000080007ab8 0x0010000000000008
core   0: 0x00000000800018bc (0x1a40b423) sd      tp, 424(ra)
core   0: 3 0x00000000800018bc (0x1a40b423) mem 0x0000000080007ac0 0x0000000000000000
core   0: >>>>  inst_155
core   0: 0x00000000800018c0 (0x00100113) li      sp, 1
core   0: 3 0x00000000800018c0 (0x00100113) x2  0x0000000000000001
core   0: 0x00000000800018c4 (0x00c11113) slli    sp, sp, 12
core   0: 3 0x00000000800018c4 (0x00c11113) x2  0x0000000000001000
core   0: 0x00000000800018c8 (0x002181b3) add     gp, gp, sp
core   0: 3 0x00000000800018c8 (0x002181b3) x3  0x0000000080006010
core   0: 0x00000000800018cc (0x9b01bf07) fld     ft10, -1616(gp)
core   0: 3 0x00000000800018cc (0x9b01bf07) f30 0x0010000000000026 mem 0x00000000800059c0
core   0: 0x00000000800018d0 (0x402181b3) sub     gp, gp, sp
core   0: 3 0x00000000800018d0 (0x402181b3) x3  0x0000000080005010
core   0: 0x00000000800018d4 (0x00100113) li      sp, 1
core   0: 3 0x00000000800018d4 (0x00100113) x2  0x0000000000000001
core   0: 0x00000000800018d8 (0x00c11113) slli    sp, sp, 12
core   0: 3 0x00000000800018d8 (0x00c11113) x2  0x0000000000001000
core   0: 0x00000000800018dc (0x002181b3) add     gp, gp, sp
core   0: 3 0x00000000800018dc (0x002181b3) x3  0x0000000080006010
core   0: 0x00000000800018e0 (0x9b81be87) fld     ft9, -1608(gp)
core   0: 3 0x00000000800018e0 (0x9b81be87) f29 0x0000000000000016 mem 0x00000000800059c8
core   0: 0x00000000800018e4 (0x402181b3) sub     gp, gp, sp
core   0: 3 0x00000000800018e4 (0x402181b3) x3  0x0000000080005010
core   0: 0x00000000800018e8 (0x00000113) li      sp, 0
core   0: 3 0x00000000800018e8 (0x00000113) x2  0x0000000000000000
core   0: 0x00000000800018ec (0x00311073) csrw    fcsr, sp
core   0: 3 0x00000000800018ec (0x00311073) c1_fflags 0x0000000000000000 c2_frm 0x0000000000000000
core   0: 0x00000000800018f0 (0x0bdf7fd3) fsub.d  ft11, ft10, ft9
core   0: 3 0x00000000800018f0 (0x0bdf7fd3) f31 0x0010000000000010
core   0: 0x00000000800018f4 (0x00302273) csrr    tp, fcsr
core   0: 3 0x00000000800018f4 (0x00302273) x4  0x0000000000000000
core   0: 0x00000000800018f8 (0x1bf0b827) fsd     ft11, 432(ra)
core   0: 3 0x00000000800018f8 (0x1bf0b827) mem 0x0000000080007ac8 0x0010000000000010
core   0: 0x00000000800018fc (0x1a40bc23) sd      tp, 440(ra)
core   0: 3 0x00000000800018fc (0x1a40bc23) mem 0x0000000080007ad0 0x0000000000000000
core   0: >>>>  inst_156
core   0: 0x0000000080001900 (0x00100113) li      sp, 1
core   0: 3 0x0000000080001900 (0x00100113) x2  0x0000000000000001
core   0: 0x0000000080001904 (0x00c11113) slli    sp, sp, 12
core   0: 3 0x0000000080001904 (0x00c11113) x2  0x0000000000001000
core   0: 0x0000000080001908 (0x002181b3) add     gp, gp, sp
core   0: 3 0x0000000080001908 (0x002181b3) x3  0x0000000080006010
core   0: 0x000000008000190c (0x9c01bf07) fld     ft10, -1600(gp)
core   0: 3 0x000000008000190c (0x9c01bf07) f30 0x0010000000000026 mem 0x00000000800059d0
core   0: 0x0000000080001910 (0x402181b3) sub     gp, gp, sp
core   0: 3 0x0000000080001910 (0x402181b3) x3  0x0000000080005010
core   0: 0x0000000080001914 (0x00100113) li      sp, 1
core   0: 3 0x0000000080001914 (0x00100113) x2  0x0000000000000001
core   0: 0x0000000080001918 (0x00c11113) slli    sp, sp, 12
core   0: 3 0x0000000080001918 (0x00c11113) x2  0x0000000000001000
core   0: 0x000000008000191c (0x002181b3) add     gp, gp, sp
core   0: 3 0x000000008000191c (0x002181b3) x3  0x0000000080006010
core   0: 0x0000000080001920 (0x9c81be87) fld     ft9, -1592(gp)
core   0: 3 0x0000000080001920 (0x9c81be87) f29 0x002000000000001b mem 0x00000000800059d8
core   0: 0x0000000080001924 (0x402181b3) sub     gp, gp, sp
core   0: 3 0x0000000080001924 (0x402181b3) x3  0x0000000080005010
core   0: 0x0000000080001928 (0x00000113) li      sp, 0
core   0: 3 0x0000000080001928 (0x00000113) x2  0x0000000000000000
core   0: 0x000000008000192c (0x00311073) csrw    fcsr, sp
core   0: 3 0x000000008000192c (0x00311073) c1_fflags 0x0000000000000000 c2_frm 0x0000000000000000
core   0: 0x0000000080001930 (0x0bdf7fd3) fsub.d  ft11, ft10, ft9
core   0: 3 0x0000000080001930 (0x0bdf7fd3) f31 0x8010000000000010
core   0: 0x0000000080001934 (0x00302273) csrr    tp, fcsr
core   0: 3 0x0000000080001934 (0x00302273) x4  0x0000000000000000
core   0: 0x0000000080001938 (0x1df0b027) fsd     ft11, 448(ra)
core   0: 3 0x0000000080001938 (0x1df0b027) mem 0x0000000080007ad8 0x8010000000000010
core   0: 0x000000008000193c (0x1c40b423) sd      tp, 456(ra)
core   0: 3 0x000000008000193c (0x1c40b423) mem 0x0000000080007ae0 0x0000000000000000
core   0: >>>>  inst_157
core   0: 0x0000000080001940 (0x00100113) li      sp, 1
core   0: 3 0x0000000080001940 (0x00100113) x2  0x0000000000000001
core   0: 0x0000000080001944 (0x00c11113) slli    sp, sp, 12
core   0: 3 0x0000000080001944 (0x00c11113) x2  0x0000000000001000
core   0: 0x0000000080001948 (0x002181b3) add     gp, gp, sp
core   0: 3 0x0000000080001948 (0x002181b3) x3  0x0000000080006010
core   0: 0x000000008000194c (0x9d01bf07) fld     ft10, -1584(gp)
core   0: 3 0x000000008000194c (0x9d01bf07) f30 0x0010000000000026 mem 0x00000000800059e0
core   0: 0x0000000080001950 (0x402181b3) sub     gp, gp, sp
core   0: 3 0x0000000080001950 (0x402181b3) x3  0x0000000080005010
core   0: 0x0000000080001954 (0x00100113) li      sp, 1
core   0: 3 0x0000000080001954 (0x00100113) x2  0x0000000000000001
core   0: 0x0000000080001958 (0x00c11113) slli    sp, sp, 12
core   0: 3 0x0000000080001958 (0x00c11113) x2  0x0000000000001000
core   0: 0x000000008000195c (0x002181b3) add     gp, gp, sp
core   0: 3 0x000000008000195c (0x002181b3) x3  0x0000000080006010
core   0: 0x0000000080001960 (0x9d81be87) fld     ft9, -1576(gp)
core   0: 3 0x0000000080001960 (0x9d81be87) f29 0x80000000000000da mem 0x00000000800059e8
core   0: 0x0000000080001964 (0x402181b3) sub     gp, gp, sp
core   0: 3 0x0000000080001964 (0x402181b3) x3  0x0000000080005010
core   0: 0x0000000080001968 (0x00000113) li      sp, 0
core   0: 3 0x0000000080001968 (0x00000113) x2  0x0000000000000000
core   0: 0x000000008000196c (0x00311073) csrw    fcsr, sp
core   0: 3 0x000000008000196c (0x00311073) c1_fflags 0x0000000000000000 c2_frm 0x0000000000000000
core   0: 0x0000000080001970 (0x0bdf7fd3) fsub.d  ft11, ft10, ft9
core   0: 3 0x0000000080001970 (0x0bdf7fd3) f31 0x0010000000000100
core   0: 0x0000000080001974 (0x00302273) csrr    tp, fcsr
core   0: 3 0x0000000080001974 (0x00302273) x4  0x0000000000000000
core   0: 0x0000000080001978 (0x1df0b827) fsd     ft11, 464(ra)
core   0: 3 0x0000000080001978 (0x1df0b827) mem 0x0000000080007ae8 0x0010000000000100
core   0: 0x000000008000197c (0x1c40bc23) sd      tp, 472(ra)
core   0: 3 0x000000008000197c (0x1c40bc23) mem 0x0000000080007af0 0x0000000000000000
core   0: >>>>  inst_158
core   0: 0x0000000080001980 (0x00100113) li      sp, 1
core   0: 3 0x0000000080001980 (0x00100113) x2  0x0000000000000001
core   0: 0x0000000080001984 (0x00c11113) slli    sp, sp, 12
core   0: 3 0x0000000080001984 (0x00c11113) x2  0x0000000000001000
core   0: 0x0000000080001988 (0x002181b3) add     gp, gp, sp
core   0: 3 0x0000000080001988 (0x002181b3) x3  0x0000000080006010
core   0: 0x000000008000198c (0x9e01bf07) fld     ft10, -1568(gp)
core   0: 3 0x000000008000198c (0x9e01bf07) f30 0x0010000000000028 mem 0x00000000800059f0
core   0: 0x0000000080001990 (0x402181b3) sub     gp, gp, sp
core   0: 3 0x0000000080001990 (0x402181b3) x3  0x0000000080005010
core   0: 0x0000000080001994 (0x00100113) li      sp, 1
core   0: 3 0x0000000080001994 (0x00100113) x2  0x0000000000000001
core   0: 0x0000000080001998 (0x00c11113) slli    sp, sp, 12
core   0: 3 0x0000000080001998 (0x00c11113) x2  0x0000000000001000
core   0: 0x000000008000199c (0x002181b3) add     gp, gp, sp
core   0: 3 0x000000008000199c (0x002181b3) x3  0x0000000080006010
core   0: 0x00000000800019a0 (0x9e81be87) fld     ft9, -1560(gp)
core   0: 3 0x00000000800019a0 (0x9e81be87) f29 0x0020000000010014 mem 0x00000000800059f8
core   0: 0x00000000800019a4 (0x402181b3) sub     gp, gp, sp
core   0: 3 0x00000000800019a4 (0x402181b3) x3  0x0000000080005010
core   0: 0x00000000800019a8 (0x00000113) li      sp, 0
core   0: 3 0x00000000800019a8 (0x00000113) x2  0x0000000000000000
core   0: 0x00000000800019ac (0x00311073) csrw    fcsr, sp
core   0: 3 0x00000000800019ac (0x00311073) c1_fflags 0x0000000000000000 c2_frm 0x0000000000000000
core   0: 0x00000000800019b0 (0x0bdf7fd3) fsub.d  ft11, ft10, ft9
core   0: 3 0x00000000800019b0 (0x0bdf7fd3) f31 0x8010000000020000
core   0: 0x00000000800019b4 (0x00302273) csrr    tp, fcsr
core   0: 3 0x00000000800019b4 (0x00302273) x4  0x0000000000000000
core   0: 0x00000000800019b8 (0x1ff0b027) fsd     ft11, 480(ra)
core   0: 3 0x00000000800019b8 (0x1ff0b027) mem 0x0000000080007af8 0x8010000000020000
core   0: 0x00000000800019bc (0x1e40b423) sd      tp, 488(ra)
core   0: 3 0x00000000800019bc (0x1e40b423) mem 0x0000000080007b00 0x0000000000000000
core   0: >>>>  inst_159
core   0: 0x00000000800019c0 (0x00100113) li      sp, 1
core   0: 3 0x00000000800019c0 (0x00100113) x2  0x0000000000000001
core   0: 0x00000000800019c4 (0x00c11113) slli    sp, sp, 12
core   0: 3 0x00000000800019c4 (0x00c11113) x2  0x0000000000001000
core   0: 0x00000000800019c8 (0x002181b3) add     gp, gp, sp
core   0: 3 0x00000000800019c8 (0x002181b3) x3  0x0000000080006010
core   0: 0x00000000800019cc (0x9f01bf07) fld     ft10, -1552(gp)
core   0: 3 0x00000000800019cc (0x9f01bf07) f30 0x0010000000000029 mem 0x0000000080005a00
core   0: 0x00000000800019d0 (0x402181b3) sub     gp, gp, sp
core   0: 3 0x00000000800019d0 (0x402181b3) x3  0x0000000080005010
core   0: 0x00000000800019d4 (0x00100113) li      sp, 1
core   0: 3 0x00000000800019d4 (0x00100113) x2  0x0000000000000001
core   0: 0x00000000800019d8 (0x00c11113) slli    sp, sp, 12
core   0: 3 0x00000000800019d8 (0x00c11113) x2  0x0000000000001000
core   0: 0x00000000800019dc (0x002181b3) add     gp, gp, sp
core   0: 3 0x00000000800019dc (0x002181b3) x3  0x0000000080006010
core   0: 0x00000000800019e0 (0x9f81be87) fld     ft9, -1544(gp)
core   0: 3 0x00000000800019e0 (0x9f81be87) f29 0x0020000000000015 mem 0x0000000080005a08
core   0: 0x00000000800019e4 (0x402181b3) sub     gp, gp, sp
core   0: 3 0x00000000800019e4 (0x402181b3) x3  0x0000000080005010
core   0: 0x00000000800019e8 (0x00000113) li      sp, 0
core   0: 3 0x00000000800019e8 (0x00000113) x2  0x0000000000000000
core   0: 0x00000000800019ec (0x00311073) csrw    fcsr, sp
core   0: 3 0x00000000800019ec (0x00311073) c1_fflags 0x0000000000000000 c2_frm 0x0000000000000000
core   0: 0x00000000800019f0 (0x0bdf7fd3) fsub.d  ft11, ft10, ft9
core   0: 3 0x00000000800019f0 (0x0bdf7fd3) f31 0x8010000000000001
core   0: 0x00000000800019f4 (0x00302273) csrr    tp, fcsr
core   0: 3 0x00000000800019f4 (0x00302273) x4  0x0000000000000000
core   0: 0x00000000800019f8 (0x1ff0b827) fsd     ft11, 496(ra)
core   0: 3 0x00000000800019f8 (0x1ff0b827) mem 0x0000000080007b08 0x8010000000000001
core   0: 0x00000000800019fc (0x1e40bc23) sd      tp, 504(ra)
core   0: 3 0x00000000800019fc (0x1e40bc23) mem 0x0000000080007b10 0x0000000000000000
core   0: >>>>  inst_160
core   0: 0x0000000080001a00 (0x00100113) li      sp, 1
core   0: 3 0x0000000080001a00 (0x00100113) x2  0x0000000000000001
core   0: 0x0000000080001a04 (0x00c11113) slli    sp, sp, 12
core   0: 3 0x0000000080001a04 (0x00c11113) x2  0x0000000000001000
core   0: 0x0000000080001a08 (0x002181b3) add     gp, gp, sp
core   0: 3 0x0000000080001a08 (0x002181b3) x3  0x0000000080006010
core   0: 0x0000000080001a0c (0xa001bf07) fld     ft10, -1536(gp)
core   0: 3 0x0000000080001a0c (0xa001bf07) f30 0x0010000000000029 mem 0x0000000080005a10
core   0: 0x0000000080001a10 (0x402181b3) sub     gp, gp, sp
core   0: 3 0x0000000080001a10 (0x402181b3) x3  0x0000000080005010
core   0: 0x0000000080001a14 (0x00100113) li      sp, 1
core   0: 3 0x0000000080001a14 (0x00100113) x2  0x0000000000000001
core   0: 0x0000000080001a18 (0x00c11113) slli    sp, sp, 12
core   0: 3 0x0000000080001a18 (0x00c11113) x2  0x0000000000001000
core   0: 0x0000000080001a1c (0x002181b3) add     gp, gp, sp
core   0: 3 0x0000000080001a1c (0x002181b3) x3  0x0000000080006010
core   0: 0x0000000080001a20 (0xa081be87) fld     ft9, -1528(gp)
core   0: 3 0x0000000080001a20 (0xa081be87) f29 0x0020000000000016 mem 0x0000000080005a18
core   0: 0x0000000080001a24 (0x402181b3) sub     gp, gp, sp
core   0: 3 0x0000000080001a24 (0x402181b3) x3  0x0000000080005010
core   0: 0x0000000080001a28 (0x00000113) li      sp, 0
core   0: 3 0x0000000080001a28 (0x00000113) x2  0x0000000000000000
core   0: 0x0000000080001a2c (0x00311073) csrw    fcsr, sp
core   0: 3 0x0000000080001a2c (0x00311073) c1_fflags 0x0000000000000000 c2_frm 0x0000000000000000
core   0: 0x0000000080001a30 (0x0bdf7fd3) fsub.d  ft11, ft10, ft9
core   0: 3 0x0000000080001a30 (0x0bdf7fd3) f31 0x8010000000000003
core   0: 0x0000000080001a34 (0x00302273) csrr    tp, fcsr
core   0: 3 0x0000000080001a34 (0x00302273) x4  0x0000000000000000
core   0: 0x0000000080001a38 (0x21f0b027) fsd     ft11, 512(ra)
core   0: 3 0x0000000080001a38 (0x21f0b027) mem 0x0000000080007b18 0x8010000000000003
core   0: 0x0000000080001a3c (0x2040b423) sd      tp, 520(ra)
core   0: 3 0x0000000080001a3c (0x2040b423) mem 0x0000000080007b20 0x0000000000000000
core   0: >>>>  inst_161
core   0: 0x0000000080001a40 (0x00100113) li      sp, 1
core   0: 3 0x0000000080001a40 (0x00100113) x2  0x0000000000000001
core   0: 0x0000000080001a44 (0x00c11113) slli    sp, sp, 12
core   0: 3 0x0000000080001a44 (0x00c11113) x2  0x0000000000001000
core   0: 0x0000000080001a48 (0x002181b3) add     gp, gp, sp
core   0: 3 0x0000000080001a48 (0x002181b3) x3  0x0000000080006010
core   0: 0x0000000080001a4c (0xa101bf07) fld     ft10, -1520(gp)
core   0: 3 0x0000000080001a4c (0xa101bf07) f30 0x0010000000000029 mem 0x0000000080005a20
core   0: 0x0000000080001a50 (0x402181b3) sub     gp, gp, sp
core   0: 3 0x0000000080001a50 (0x402181b3) x3  0x0000000080005010
core   0: 0x0000000080001a54 (0x00100113) li      sp, 1
core   0: 3 0x0000000080001a54 (0x00100113) x2  0x0000000000000001
core   0: 0x0000000080001a58 (0x00c11113) slli    sp, sp, 12
core   0: 3 0x0000000080001a58 (0x00c11113) x2  0x0000000000001000
core   0: 0x0000000080001a5c (0x002181b3) add     gp, gp, sp
core   0: 3 0x0000000080001a5c (0x002181b3) x3  0x0000000080006010
core   0: 0x0000000080001a60 (0xa181be87) fld     ft9, -1512(gp)
core   0: 3 0x0000000080001a60 (0xa181be87) f29 0x0020000000000054 mem 0x0000000080005a28
core   0: 0x0000000080001a64 (0x402181b3) sub     gp, gp, sp
core   0: 3 0x0000000080001a64 (0x402181b3) x3  0x0000000080005010
core   0: 0x0000000080001a68 (0x00000113) li      sp, 0
core   0: 3 0x0000000080001a68 (0x00000113) x2  0x0000000000000000
core   0: 0x0000000080001a6c (0x00311073) csrw    fcsr, sp
core   0: 3 0x0000000080001a6c (0x00311073) c1_fflags 0x0000000000000000 c2_frm 0x0000000000000000
core   0: 0x0000000080001a70 (0x0bdf7fd3) fsub.d  ft11, ft10, ft9
core   0: 3 0x0000000080001a70 (0x0bdf7fd3) f31 0x801000000000007f
core   0: 0x0000000080001a74 (0x00302273) csrr    tp, fcsr
core   0: 3 0x0000000080001a74 (0x00302273) x4  0x0000000000000000
core   0: 0x0000000080001a78 (0x21f0b827) fsd     ft11, 528(ra)
core   0: 3 0x0000000080001a78 (0x21f0b827) mem 0x0000000080007b28 0x801000000000007f
core   0: 0x0000000080001a7c (0x2040bc23) sd      tp, 536(ra)
core   0: 3 0x0000000080001a7c (0x2040bc23) mem 0x0000000080007b30 0x0000000000000000
core   0: >>>>  inst_162
core   0: 0x0000000080001a80 (0x00100113) li      sp, 1
core   0: 3 0x0000000080001a80 (0x00100113) x2  0x0000000000000001
core   0: 0x0000000080001a84 (0x00c11113) slli    sp, sp, 12
core   0: 3 0x0000000080001a84 (0x00c11113) x2  0x0000000000001000
core   0: 0x0000000080001a88 (0x002181b3) add     gp, gp, sp
core   0: 3 0x0000000080001a88 (0x002181b3) x3  0x0000000080006010
core   0: 0x0000000080001a8c (0xa201bf07) fld     ft10, -1504(gp)
core   0: 3 0x0000000080001a8c (0xa201bf07) f30 0x0010000000000029 mem 0x0000000080005a30
core   0: 0x0000000080001a90 (0x402181b3) sub     gp, gp, sp
core   0: 3 0x0000000080001a90 (0x402181b3) x3  0x0000000080005010
core   0: 0x0000000080001a94 (0x00100113) li      sp, 1
core   0: 3 0x0000000080001a94 (0x00100113) x2  0x0000000000000001
core   0: 0x0000000080001a98 (0x00c11113) slli    sp, sp, 12
core   0: 3 0x0000000080001a98 (0x00c11113) x2  0x0000000000001000
core   0: 0x0000000080001a9c (0x002181b3) add     gp, gp, sp
core   0: 3 0x0000000080001a9c (0x002181b3) x3  0x0000000080006010
core   0: 0x0000000080001aa0 (0xa281be87) fld     ft9, -1496(gp)
core   0: 3 0x0000000080001aa0 (0xa281be87) f29 0x0020000000000114 mem 0x0000000080005a38
core   0: 0x0000000080001aa4 (0x402181b3) sub     gp, gp, sp
core   0: 3 0x0000000080001aa4 (0x402181b3) x3  0x0000000080005010
core   0: 0x0000000080001aa8 (0x00000113) li      sp, 0
core   0: 3 0x0000000080001aa8 (0x00000113) x2  0x0000000000000000
core   0: 0x0000000080001aac (0x00311073) csrw    fcsr, sp
core   0: 3 0x0000000080001aac (0x00311073) c1_fflags 0x0000000000000000 c2_frm 0x0000000000000000
core   0: 0x0000000080001ab0 (0x0bdf7fd3) fsub.d  ft11, ft10, ft9
core   0: 3 0x0000000080001ab0 (0x0bdf7fd3) f31 0x80100000000001ff
core   0: 0x0000000080001ab4 (0x00302273) csrr    tp, fcsr
core   0: 3 0x0000000080001ab4 (0x00302273) x4  0x0000000000000000
core   0: 0x0000000080001ab8 (0x23f0b027) fsd     ft11, 544(ra)
core   0: 3 0x0000000080001ab8 (0x23f0b027) mem 0x0000000080007b38 0x80100000000001ff
core   0: 0x0000000080001abc (0x2240b423) sd      tp, 552(ra)
core   0: 3 0x0000000080001abc (0x2240b423) mem 0x0000000080007b40 0x0000000000000000
core   0: >>>>  inst_163
core   0: 0x0000000080001ac0 (0x00100113) li      sp, 1
core   0: 3 0x0000000080001ac0 (0x00100113) x2  0x0000000000000001
core   0: 0x0000000080001ac4 (0x00c11113) slli    sp, sp, 12
core   0: 3 0x0000000080001ac4 (0x00c11113) x2  0x0000000000001000
core   0: 0x0000000080001ac8 (0x002181b3) add     gp, gp, sp
core   0: 3 0x0000000080001ac8 (0x002181b3) x3  0x0000000080006010
core   0: 0x0000000080001acc (0xa301bf07) fld     ft10, -1488(gp)
core   0: 3 0x0000000080001acc (0xa301bf07) f30 0x0010000000000035 mem 0x0000000080005a40
core   0: 0x0000000080001ad0 (0x402181b3) sub     gp, gp, sp
core   0: 3 0x0000000080001ad0 (0x402181b3) x3  0x0000000080005010
core   0: 0x0000000080001ad4 (0x00100113) li      sp, 1
core   0: 3 0x0000000080001ad4 (0x00100113) x2  0x0000000000000001
core   0: 0x0000000080001ad8 (0x00c11113) slli    sp, sp, 12
core   0: 3 0x0000000080001ad8 (0x00c11113) x2  0x0000000000001000
core   0: 0x0000000080001adc (0x002181b3) add     gp, gp, sp
core   0: 3 0x0000000080001adc (0x002181b3) x3  0x0000000080006010
core   0: 0x0000000080001ae0 (0xa381be87) fld     ft9, -1480(gp)
core   0: 3 0x0000000080001ae0 (0xa381be87) f29 0x80000000000007cb mem 0x0000000080005a48
core   0: 0x0000000080001ae4 (0x402181b3) sub     gp, gp, sp
core   0: 3 0x0000000080001ae4 (0x402181b3) x3  0x0000000080005010
core   0: 0x0000000080001ae8 (0x00000113) li      sp, 0
core   0: 3 0x0000000080001ae8 (0x00000113) x2  0x0000000000000000
core   0: 0x0000000080001aec (0x00311073) csrw    fcsr, sp
core   0: 3 0x0000000080001aec (0x00311073) c1_fflags 0x0000000000000000 c2_frm 0x0000000000000000
core   0: 0x0000000080001af0 (0x0bdf7fd3) fsub.d  ft11, ft10, ft9
core   0: 3 0x0000000080001af0 (0x0bdf7fd3) f31 0x0010000000000800
core   0: 0x0000000080001af4 (0x00302273) csrr    tp, fcsr
core   0: 3 0x0000000080001af4 (0x00302273) x4  0x0000000000000000
core   0: 0x0000000080001af8 (0x23f0b827) fsd     ft11, 560(ra)
core   0: 3 0x0000000080001af8 (0x23f0b827) mem 0x0000000080007b48 0x0010000000000800
core   0: 0x0000000080001afc (0x2240bc23) sd      tp, 568(ra)
core   0: 3 0x0000000080001afc (0x2240bc23) mem 0x0000000080007b50 0x0000000000000000
core   0: >>>>  inst_164
core   0: 0x0000000080001b00 (0x00100113) li      sp, 1
core   0: 3 0x0000000080001b00 (0x00100113) x2  0x0000000000000001
core   0: 0x0000000080001b04 (0x00c11113) slli    sp, sp, 12
core   0: 3 0x0000000080001b04 (0x00c11113) x2  0x0000000000001000
core   0: 0x0000000080001b08 (0x002181b3) add     gp, gp, sp
core   0: 3 0x0000000080001b08 (0x002181b3) x3  0x0000000080006010
core   0: 0x0000000080001b0c (0xa401bf07) fld     ft10, -1472(gp)
core   0: 3 0x0000000080001b0c (0xa401bf07) f30 0x0010000000000036 mem 0x0000000080005a50
core   0: 0x0000000080001b10 (0x402181b3) sub     gp, gp, sp
core   0: 3 0x0000000080001b10 (0x402181b3) x3  0x0000000080005010
core   0: 0x0000000080001b14 (0x00100113) li      sp, 1
core   0: 3 0x0000000080001b14 (0x00100113) x2  0x0000000000000001
core   0: 0x0000000080001b18 (0x00c11113) slli    sp, sp, 12
core   0: 3 0x0000000080001b18 (0x00c11113) x2  0x0000000000001000
core   0: 0x0000000080001b1c (0x002181b3) add     gp, gp, sp
core   0: 3 0x0000000080001b1c (0x002181b3) x3  0x0000000080006010
core   0: 0x0000000080001b20 (0xa481be87) fld     ft9, -1464(gp)
core   0: 3 0x0000000080001b20 (0xa481be87) f29 0x8000000000003fca mem 0x0000000080005a58
core   0: 0x0000000080001b24 (0x402181b3) sub     gp, gp, sp
core   0: 3 0x0000000080001b24 (0x402181b3) x3  0x0000000080005010
core   0: 0x0000000080001b28 (0x00000113) li      sp, 0
core   0: 3 0x0000000080001b28 (0x00000113) x2  0x0000000000000000
core   0: 0x0000000080001b2c (0x00311073) csrw    fcsr, sp
core   0: 3 0x0000000080001b2c (0x00311073) c1_fflags 0x0000000000000000 c2_frm 0x0000000000000000
core   0: 0x0000000080001b30 (0x0bdf7fd3) fsub.d  ft11, ft10, ft9
core   0: 3 0x0000000080001b30 (0x0bdf7fd3) f31 0x0010000000004000
core   0: 0x0000000080001b34 (0x00302273) csrr    tp, fcsr
core   0: 3 0x0000000080001b34 (0x00302273) x4  0x0000000000000000
core   0: 0x0000000080001b38 (0x25f0b027) fsd     ft11, 576(ra)
core   0: 3 0x0000000080001b38 (0x25f0b027) mem 0x0000000080007b58 0x0010000000004000
core   0: 0x0000000080001b3c (0x2440b423) sd      tp, 584(ra)
core   0: 3 0x0000000080001b3c (0x2440b423) mem 0x0000000080007b60 0x0000000000000000
core   0: >>>>  inst_165
core   0: 0x0000000080001b40 (0x00100113) li      sp, 1
core   0: 3 0x0000000080001b40 (0x00100113) x2  0x0000000000000001
core   0: 0x0000000080001b44 (0x00c11113) slli    sp, sp, 12
core   0: 3 0x0000000080001b44 (0x00c11113) x2  0x0000000000001000
core   0: 0x0000000080001b48 (0x002181b3) add     gp, gp, sp
core   0: 3 0x0000000080001b48 (0x002181b3) x3  0x0000000080006010
core   0: 0x0000000080001b4c (0xa501bf07) fld     ft10, -1456(gp)
core   0: 3 0x0000000080001b4c (0xa501bf07) f30 0x0010000000000038 mem 0x0000000080005a60
core   0: 0x0000000080001b50 (0x402181b3) sub     gp, gp, sp
core   0: 3 0x0000000080001b50 (0x402181b3) x3  0x0000000080005010
core   0: 0x0000000080001b54 (0x00100113) li      sp, 1
core   0: 3 0x0000000080001b54 (0x00100113) x2  0x0000000000000001
core   0: 0x0000000080001b58 (0x00c11113) slli    sp, sp, 12
core   0: 3 0x0000000080001b58 (0x00c11113) x2  0x0000000000001000
core   0: 0x0000000080001b5c (0x002181b3) add     gp, gp, sp
core   0: 3 0x0000000080001b5c (0x002181b3) x3  0x0000000080006010
core   0: 0x0000000080001b60 (0xa581be87) fld     ft9, -1448(gp)
core   0: 3 0x0000000080001b60 (0xa581be87) f29 0x800000000007ffc8 mem 0x0000000080005a68
core   0: 0x0000000080001b64 (0x402181b3) sub     gp, gp, sp
core   0: 3 0x0000000080001b64 (0x402181b3) x3  0x0000000080005010
core   0: 0x0000000080001b68 (0x00000113) li      sp, 0
core   0: 3 0x0000000080001b68 (0x00000113) x2  0x0000000000000000
core   0: 0x0000000080001b6c (0x00311073) csrw    fcsr, sp
core   0: 3 0x0000000080001b6c (0x00311073) c1_fflags 0x0000000000000000 c2_frm 0x0000000000000000
core   0: 0x0000000080001b70 (0x0bdf7fd3) fsub.d  ft11, ft10, ft9
core   0: 3 0x0000000080001b70 (0x0bdf7fd3) f31 0x0010000000080000
core   0: 0x0000000080001b74 (0x00302273) csrr    tp, fcsr
core   0: 3 0x0000000080001b74 (0x00302273) x4  0x0000000000000000
core   0: 0x0000000080001b78 (0x25f0b827) fsd     ft11, 592(ra)
core   0: 3 0x0000000080001b78 (0x25f0b827) mem 0x0000000080007b68 0x0010000000080000
core   0: 0x0000000080001b7c (0x2440bc23) sd      tp, 600(ra)
core   0: 3 0x0000000080001b7c (0x2440bc23) mem 0x0000000080007b70 0x0000000000000000
core   0: >>>>  inst_166
core   0: 0x0000000080001b80 (0x00100113) li      sp, 1
core   0: 3 0x0000000080001b80 (0x00100113) x2  0x0000000000000001
core   0: 0x0000000080001b84 (0x00c11113) slli    sp, sp, 12
core   0: 3 0x0000000080001b84 (0x00c11113) x2  0x0000000000001000
core   0: 0x0000000080001b88 (0x002181b3) add     gp, gp, sp
core   0: 3 0x0000000080001b88 (0x002181b3) x3  0x0000000080006010
core   0: 0x0000000080001b8c (0xa601bf07) fld     ft10, -1440(gp)
core   0: 3 0x0000000080001b8c (0xa601bf07) f30 0x001000000000003a mem 0x0000000080005a70
core   0: 0x0000000080001b90 (0x402181b3) sub     gp, gp, sp
core   0: 3 0x0000000080001b90 (0x402181b3) x3  0x0000000080005010
core   0: 0x0000000080001b94 (0x00100113) li      sp, 1
core   0: 3 0x0000000080001b94 (0x00100113) x2  0x0000000000000001
core   0: 0x0000000080001b98 (0x00c11113) slli    sp, sp, 12
core   0: 3 0x0000000080001b98 (0x00c11113) x2  0x0000000000001000
core   0: 0x0000000080001b9c (0x002181b3) add     gp, gp, sp
core   0: 3 0x0000000080001b9c (0x002181b3) x3  0x0000000080006010
core   0: 0x0000000080001ba0 (0xa681be87) fld     ft9, -1432(gp)
core   0: 3 0x0000000080001ba0 (0xa681be87) f29 0x002000000000003d mem 0x0000000080005a78
core   0: 0x0000000080001ba4 (0x402181b3) sub     gp, gp, sp
core   0: 3 0x0000000080001ba4 (0x402181b3) x3  0x0000000080005010
core   0: 0x0000000080001ba8 (0x00000113) li      sp, 0
core   0: 3 0x0000000080001ba8 (0x00000113) x2  0x0000000000000000
core   0: 0x0000000080001bac (0x00311073) csrw    fcsr, sp
core   0: 3 0x0000000080001bac (0x00311073) c1_fflags 0x0000000000000000 c2_frm 0x0000000000000000
core   0: 0x0000000080001bb0 (0x0bdf7fd3) fsub.d  ft11, ft10, ft9
core   0: 3 0x0000000080001bb0 (0x0bdf7fd3) f31 0x8010000000000040
core   0: 0x0000000080001bb4 (0x00302273) csrr    tp, fcsr
core   0: 3 0x0000000080001bb4 (0x00302273) x4  0x0000000000000000
core   0: 0x0000000080001bb8 (0x27f0b027) fsd     ft11, 608(ra)
core   0: 3 0x0000000080001bb8 (0x27f0b027) mem 0x0000000080007b78 0x8010000000000040
core   0: 0x0000000080001bbc (0x2640b423) sd      tp, 616(ra)
core   0: 3 0x0000000080001bbc (0x2640b423) mem 0x0000000080007b80 0x0000000000000000
core   0: >>>>  inst_167
core   0: 0x0000000080001bc0 (0x00100113) li      sp, 1
core   0: 3 0x0000000080001bc0 (0x00100113) x2  0x0000000000000001
core   0: 0x0000000080001bc4 (0x00c11113) slli    sp, sp, 12
core   0: 3 0x0000000080001bc4 (0x00c11113) x2  0x0000000000001000
core   0: 0x0000000080001bc8 (0x002181b3) add     gp, gp, sp
core   0: 3 0x0000000080001bc8 (0x002181b3) x3  0x0000000080006010
core   0: 0x0000000080001bcc (0xa701bf07) fld     ft10, -1424(gp)
core   0: 3 0x0000000080001bcc (0xa701bf07) f30 0x001000000000003a mem 0x0000000080005a80
core   0: 0x0000000080001bd0 (0x402181b3) sub     gp, gp, sp
core   0: 3 0x0000000080001bd0 (0x402181b3) x3  0x0000000080005010
core   0: 0x0000000080001bd4 (0x00100113) li      sp, 1
core   0: 3 0x0000000080001bd4 (0x00100113) x2  0x0000000000000001
core   0: 0x0000000080001bd8 (0x00c11113) slli    sp, sp, 12
core   0: 3 0x0000000080001bd8 (0x00c11113) x2  0x0000000000001000
core   0: 0x0000000080001bdc (0x002181b3) add     gp, gp, sp
core   0: 3 0x0000000080001bdc (0x002181b3) x3  0x0000000080006010
core   0: 0x0000000080001be0 (0xa781be87) fld     ft9, -1416(gp)
core   0: 3 0x0000000080001be0 (0xa781be87) f29 0x002000000010001d mem 0x0000000080005a88
core   0: 0x0000000080001be4 (0x402181b3) sub     gp, gp, sp
core   0: 3 0x0000000080001be4 (0x402181b3) x3  0x0000000080005010
core   0: 0x0000000080001be8 (0x00000113) li      sp, 0
core   0: 3 0x0000000080001be8 (0x00000113) x2  0x0000000000000000
core   0: 0x0000000080001bec (0x00311073) csrw    fcsr, sp
core   0: 3 0x0000000080001bec (0x00311073) c1_fflags 0x0000000000000000 c2_frm 0x0000000000000000
core   0: 0x0000000080001bf0 (0x0bdf7fd3) fsub.d  ft11, ft10, ft9
core   0: 3 0x0000000080001bf0 (0x0bdf7fd3) f31 0x8010000000200000
core   0: 0x0000000080001bf4 (0x00302273) csrr    tp, fcsr
core   0: 3 0x0000000080001bf4 (0x00302273) x4  0x0000000000000000
core   0: 0x0000000080001bf8 (0x27f0b827) fsd     ft11, 624(ra)
core   0: 3 0x0000000080001bf8 (0x27f0b827) mem 0x0000000080007b88 0x8010000000200000
core   0: 0x0000000080001bfc (0x2640bc23) sd      tp, 632(ra)
core   0: 3 0x0000000080001bfc (0x2640bc23) mem 0x0000000080007b90 0x0000000000000000
core   0: >>>>  inst_168
core   0: 0x0000000080001c00 (0x00100113) li      sp, 1
core   0: 3 0x0000000080001c00 (0x00100113) x2  0x0000000000000001
core   0: 0x0000000080001c04 (0x00c11113) slli    sp, sp, 12
core   0: 3 0x0000000080001c04 (0x00c11113) x2  0x0000000000001000
core   0: 0x0000000080001c08 (0x002181b3) add     gp, gp, sp
core   0: 3 0x0000000080001c08 (0x002181b3) x3  0x0000000080006010
core   0: 0x0000000080001c0c (0xa801bf07) fld     ft10, -1408(gp)
core   0: 3 0x0000000080001c0c (0xa801bf07) f30 0x001000000000003b mem 0x0000000080005a90
core   0: 0x0000000080001c10 (0x402181b3) sub     gp, gp, sp
core   0: 3 0x0000000080001c10 (0x402181b3) x3  0x0000000080005010
core   0: 0x0000000080001c14 (0x00100113) li      sp, 1
core   0: 3 0x0000000080001c14 (0x00100113) x2  0x0000000000000001
core   0: 0x0000000080001c18 (0x00c11113) slli    sp, sp, 12
core   0: 3 0x0000000080001c18 (0x00c11113) x2  0x0000000000001000
core   0: 0x0000000080001c1c (0x002181b3) add     gp, gp, sp
core   0: 3 0x0000000080001c1c (0x002181b3) x3  0x0000000080006010
core   0: 0x0000000080001c20 (0xa881be87) fld     ft9, -1400(gp)
core   0: 3 0x0000000080001c20 (0xa881be87) f29 0x002000000000021e mem 0x0000000080005a98
core   0: 0x0000000080001c24 (0x402181b3) sub     gp, gp, sp
core   0: 3 0x0000000080001c24 (0x402181b3) x3  0x0000000080005010
core   0: 0x0000000080001c28 (0x00000113) li      sp, 0
core   0: 3 0x0000000080001c28 (0x00000113) x2  0x0000000000000000
core   0: 0x0000000080001c2c (0x00311073) csrw    fcsr, sp
core   0: 3 0x0000000080001c2c (0x00311073) c1_fflags 0x0000000000000000 c2_frm 0x0000000000000000
core   0: 0x0000000080001c30 (0x0bdf7fd3) fsub.d  ft11, ft10, ft9
core   0: 3 0x0000000080001c30 (0x0bdf7fd3) f31 0x8010000000000401
core   0: 0x0000000080001c34 (0x00302273) csrr    tp, fcsr
core   0: 3 0x0000000080001c34 (0x00302273) x4  0x0000000000000000
core   0: 0x0000000080001c38 (0x29f0b027) fsd     ft11, 640(ra)
core   0: 3 0x0000000080001c38 (0x29f0b027) mem 0x0000000080007b98 0x8010000000000401
core   0: 0x0000000080001c3c (0x2840b423) sd      tp, 648(ra)
core   0: 3 0x0000000080001c3c (0x2840b423) mem 0x0000000080007ba0 0x0000000000000000
core   0: >>>>  inst_169
core   0: 0x0000000080001c40 (0x00100113) li      sp, 1
core   0: 3 0x0000000080001c40 (0x00100113) x2  0x0000000000000001
core   0: 0x0000000080001c44 (0x00c11113) slli    sp, sp, 12
core   0: 3 0x0000000080001c44 (0x00c11113) x2  0x0000000000001000
core   0: 0x0000000080001c48 (0x002181b3) add     gp, gp, sp
core   0: 3 0x0000000080001c48 (0x002181b3) x3  0x0000000080006010
core   0: 0x0000000080001c4c (0xa901bf07) fld     ft10, -1392(gp)
core   0: 3 0x0000000080001c4c (0xa901bf07) f30 0x001000000000003b mem 0x0000000080005aa0
core   0: 0x0000000080001c50 (0x402181b3) sub     gp, gp, sp
core   0: 3 0x0000000080001c50 (0x402181b3) x3  0x0000000080005010
core   0: 0x0000000080001c54 (0x00100113) li      sp, 1
core   0: 3 0x0000000080001c54 (0x00100113) x2  0x0000000000000001
core   0: 0x0000000080001c58 (0x00c11113) slli    sp, sp, 12
core   0: 3 0x0000000080001c58 (0x00c11113) x2  0x0000000000001000
core   0: 0x0000000080001c5c (0x002181b3) add     gp, gp, sp
core   0: 3 0x0000000080001c5c (0x002181b3) x3  0x0000000080006010
core   0: 0x0000000080001c60 (0xa981be87) fld     ft9, -1384(gp)
core   0: 3 0x0000000080001c60 (0xa981be87) f29 0x8000000000000005 mem 0x0000000080005aa8
core   0: 0x0000000080001c64 (0x402181b3) sub     gp, gp, sp
core   0: 3 0x0000000080001c64 (0x402181b3) x3  0x0000000080005010
core   0: 0x0000000080001c68 (0x00000113) li      sp, 0
core   0: 3 0x0000000080001c68 (0x00000113) x2  0x0000000000000000
core   0: 0x0000000080001c6c (0x00311073) csrw    fcsr, sp
core   0: 3 0x0000000080001c6c (0x00311073) c1_fflags 0x0000000000000000 c2_frm 0x0000000000000000
core   0: 0x0000000080001c70 (0x0bdf7fd3) fsub.d  ft11, ft10, ft9
core   0: 3 0x0000000080001c70 (0x0bdf7fd3) f31 0x0010000000000040
core   0: 0x0000000080001c74 (0x00302273) csrr    tp, fcsr
core   0: 3 0x0000000080001c74 (0x00302273) x4  0x0000000000000000
core   0: 0x0000000080001c78 (0x29f0b827) fsd     ft11, 656(ra)
core   0: 3 0x0000000080001c78 (0x29f0b827) mem 0x0000000080007ba8 0x0010000000000040
core   0: 0x0000000080001c7c (0x2840bc23) sd      tp, 664(ra)
core   0: 3 0x0000000080001c7c (0x2840bc23) mem 0x0000000080007bb0 0x0000000000000000
core   0: >>>>  inst_170
core   0: 0x0000000080001c80 (0x00100113) li      sp, 1
core   0: 3 0x0000000080001c80 (0x00100113) x2  0x0000000000000001
core   0: 0x0000000080001c84 (0x00c11113) slli    sp, sp, 12
core   0: 3 0x0000000080001c84 (0x00c11113) x2  0x0000000000001000
core   0: 0x0000000080001c88 (0x002181b3) add     gp, gp, sp
core   0: 3 0x0000000080001c88 (0x002181b3) x3  0x0000000080006010
core   0: 0x0000000080001c8c (0xaa01bf07) fld     ft10, -1376(gp)
core   0: 3 0x0000000080001c8c (0xaa01bf07) f30 0x0010000000000045 mem 0x0000000080005ab0
core   0: 0x0000000080001c90 (0x402181b3) sub     gp, gp, sp
core   0: 3 0x0000000080001c90 (0x402181b3) x3  0x0000000080005010
core   0: 0x0000000080001c94 (0x00100113) li      sp, 1
core   0: 3 0x0000000080001c94 (0x00100113) x2  0x0000000000000001
core   0: 0x0000000080001c98 (0x00c11113) slli    sp, sp, 12
core   0: 3 0x0000000080001c98 (0x00c11113) x2  0x0000000000001000
core   0: 0x0000000080001c9c (0x002181b3) add     gp, gp, sp
core   0: 3 0x0000000080001c9c (0x002181b3) x3  0x0000000080006010
core   0: 0x0000000080001ca0 (0xaa81be87) fld     ft9, -1368(gp)
core   0: 3 0x0000000080001ca0 (0xaa81be87) f29 0x0000000000000025 mem 0x0000000080005ab8
core   0: 0x0000000080001ca4 (0x402181b3) sub     gp, gp, sp
core   0: 3 0x0000000080001ca4 (0x402181b3) x3  0x0000000080005010
core   0: 0x0000000080001ca8 (0x00000113) li      sp, 0
core   0: 3 0x0000000080001ca8 (0x00000113) x2  0x0000000000000000
core   0: 0x0000000080001cac (0x00311073) csrw    fcsr, sp
core   0: 3 0x0000000080001cac (0x00311073) c1_fflags 0x0000000000000000 c2_frm 0x0000000000000000
core   0: 0x0000000080001cb0 (0x0bdf7fd3) fsub.d  ft11, ft10, ft9
core   0: 3 0x0000000080001cb0 (0x0bdf7fd3) f31 0x0010000000000020
core   0: 0x0000000080001cb4 (0x00302273) csrr    tp, fcsr
core   0: 3 0x0000000080001cb4 (0x00302273) x4  0x0000000000000000
core   0: 0x0000000080001cb8 (0x2bf0b027) fsd     ft11, 672(ra)
core   0: 3 0x0000000080001cb8 (0x2bf0b027) mem 0x0000000080007bb8 0x0010000000000020
core   0: 0x0000000080001cbc (0x2a40b423) sd      tp, 680(ra)
core   0: 3 0x0000000080001cbc (0x2a40b423) mem 0x0000000080007bc0 0x0000000000000000
core   0: >>>>  inst_171
core   0: 0x0000000080001cc0 (0x00100113) li      sp, 1
core   0: 3 0x0000000080001cc0 (0x00100113) x2  0x0000000000000001
core   0: 0x0000000080001cc4 (0x00c11113) slli    sp, sp, 12
core   0: 3 0x0000000080001cc4 (0x00c11113) x2  0x0000000000001000
core   0: 0x0000000080001cc8 (0x002181b3) add     gp, gp, sp
core   0: 3 0x0000000080001cc8 (0x002181b3) x3  0x0000000080006010
core   0: 0x0000000080001ccc (0xab01bf07) fld     ft10, -1360(gp)
core   0: 3 0x0000000080001ccc (0xab01bf07) f30 0x0010000000000046 mem 0x0000000080005ac0
core   0: 0x0000000080001cd0 (0x402181b3) sub     gp, gp, sp
core   0: 3 0x0000000080001cd0 (0x402181b3) x3  0x0000000080005010
core   0: 0x0000000080001cd4 (0x00100113) li      sp, 1
core   0: 3 0x0000000080001cd4 (0x00100113) x2  0x0000000000000001
core   0: 0x0000000080001cd8 (0x00c11113) slli    sp, sp, 12
core   0: 3 0x0000000080001cd8 (0x00c11113) x2  0x0000000000001000
core   0: 0x0000000080001cdc (0x002181b3) add     gp, gp, sp
core   0: 3 0x0000000080001cdc (0x002181b3) x3  0x0000000080006010
core   0: 0x0000000080001ce0 (0xab81be87) fld     ft9, -1352(gp)
core   0: 3 0x0000000080001ce0 (0xab81be87) f29 0x0020000000008023 mem 0x0000000080005ac8
core   0: 0x0000000080001ce4 (0x402181b3) sub     gp, gp, sp
core   0: 3 0x0000000080001ce4 (0x402181b3) x3  0x0000000080005010
core   0: 0x0000000080001ce8 (0x00000113) li      sp, 0
core   0: 3 0x0000000080001ce8 (0x00000113) x2  0x0000000000000000
core   0: 0x0000000080001cec (0x00311073) csrw    fcsr, sp
core   0: 3 0x0000000080001cec (0x00311073) c1_fflags 0x0000000000000000 c2_frm 0x0000000000000000
core   0: 0x0000000080001cf0 (0x0bdf7fd3) fsub.d  ft11, ft10, ft9
core   0: 3 0x0000000080001cf0 (0x0bdf7fd3) f31 0x8010000000010000
core   0: 0x0000000080001cf4 (0x00302273) csrr    tp, fcsr
core   0: 3 0x0000000080001cf4 (0x00302273) x4  0x0000000000000000
core   0: 0x0000000080001cf8 (0x2bf0b827) fsd     ft11, 688(ra)
core   0: 3 0x0000000080001cf8 (0x2bf0b827) mem 0x0000000080007bc8 0x8010000000010000
core   0: 0x0000000080001cfc (0x2a40bc23) sd      tp, 696(ra)
core   0: 3 0x0000000080001cfc (0x2a40bc23) mem 0x0000000080007bd0 0x0000000000000000
core   0: >>>>  inst_172
core   0: 0x0000000080001d00 (0x00100113) li      sp, 1
core   0: 3 0x0000000080001d00 (0x00100113) x2  0x0000000000000001
core   0: 0x0000000080001d04 (0x00c11113) slli    sp, sp, 12
core   0: 3 0x0000000080001d04 (0x00c11113) x2  0x0000000000001000
core   0: 0x0000000080001d08 (0x002181b3) add     gp, gp, sp
core   0: 3 0x0000000080001d08 (0x002181b3) x3  0x0000000080006010
core   0: 0x0000000080001d0c (0xac01bf07) fld     ft10, -1344(gp)
core   0: 3 0x0000000080001d0c (0xac01bf07) f30 0x0010000000000046 mem 0x0000000080005ad0
core   0: 0x0000000080001d10 (0x402181b3) sub     gp, gp, sp
core   0: 3 0x0000000080001d10 (0x402181b3) x3  0x0000000080005010
core   0: 0x0000000080001d14 (0x00100113) li      sp, 1
core   0: 3 0x0000000080001d14 (0x00100113) x2  0x0000000000000001
core   0: 0x0000000080001d18 (0x00c11113) slli    sp, sp, 12
core   0: 3 0x0000000080001d18 (0x00c11113) x2  0x0000000000001000
core   0: 0x0000000080001d1c (0x002181b3) add     gp, gp, sp
core   0: 3 0x0000000080001d1c (0x002181b3) x3  0x0000000080006010
core   0: 0x0000000080001d20 (0xac81be87) fld     ft9, -1336(gp)
core   0: 3 0x0000000080001d20 (0xac81be87) f29 0x80000000000fffba mem 0x0000000080005ad8
core   0: 0x0000000080001d24 (0x402181b3) sub     gp, gp, sp
core   0: 3 0x0000000080001d24 (0x402181b3) x3  0x0000000080005010
core   0: 0x0000000080001d28 (0x00000113) li      sp, 0
core   0: 3 0x0000000080001d28 (0x00000113) x2  0x0000000000000000
core   0: 0x0000000080001d2c (0x00311073) csrw    fcsr, sp
core   0: 3 0x0000000080001d2c (0x00311073) c1_fflags 0x0000000000000000 c2_frm 0x0000000000000000
core   0: 0x0000000080001d30 (0x0bdf7fd3) fsub.d  ft11, ft10, ft9
core   0: 3 0x0000000080001d30 (0x0bdf7fd3) f31 0x0010000000100000
core   0: 0x0000000080001d34 (0x00302273) csrr    tp, fcsr
core   0: 3 0x0000000080001d34 (0x00302273) x4  0x0000000000000000
core   0: 0x0000000080001d38 (0x2df0b027) fsd     ft11, 704(ra)
core   0: 3 0x0000000080001d38 (0x2df0b027) mem 0x0000000080007bd8 0x0010000000100000
core   0: 0x0000000080001d3c (0x2c40b423) sd      tp, 712(ra)
core   0: 3 0x0000000080001d3c (0x2c40b423) mem 0x0000000080007be0 0x0000000000000000
core   0: >>>>  inst_173
core   0: 0x0000000080001d40 (0x00100113) li      sp, 1
core   0: 3 0x0000000080001d40 (0x00100113) x2  0x0000000000000001
core   0: 0x0000000080001d44 (0x00c11113) slli    sp, sp, 12
core   0: 3 0x0000000080001d44 (0x00c11113) x2  0x0000000000001000
core   0: 0x0000000080001d48 (0x002181b3) add     gp, gp, sp
core   0: 3 0x0000000080001d48 (0x002181b3) x3  0x0000000080006010
core   0: 0x0000000080001d4c (0xad01bf07) fld     ft10, -1328(gp)
core   0: 3 0x0000000080001d4c (0xad01bf07) f30 0x0010000000000047 mem 0x0000000080005ae0
core   0: 0x0000000080001d50 (0x402181b3) sub     gp, gp, sp
core   0: 3 0x0000000080001d50 (0x402181b3) x3  0x0000000080005010
core   0: 0x0000000080001d54 (0x00100113) li      sp, 1
core   0: 3 0x0000000080001d54 (0x00100113) x2  0x0000000000000001
core   0: 0x0000000080001d58 (0x00c11113) slli    sp, sp, 12
core   0: 3 0x0000000080001d58 (0x00c11113) x2  0x0000000000001000
core   0: 0x0000000080001d5c (0x002181b3) add     gp, gp, sp
core   0: 3 0x0000000080001d5c (0x002181b3) x3  0x0000000080006010
core   0: 0x0000000080001d60 (0xad81be87) fld     ft9, -1320(gp)
core   0: 3 0x0000000080001d60 (0xad81be87) f29 0x0000000000000045 mem 0x0000000080005ae8
core   0: 0x0000000080001d64 (0x402181b3) sub     gp, gp, sp
core   0: 3 0x0000000080001d64 (0x402181b3) x3  0x0000000080005010
core   0: 0x0000000080001d68 (0x00000113) li      sp, 0
core   0: 3 0x0000000080001d68 (0x00000113) x2  0x0000000000000000
core   0: 0x0000000080001d6c (0x00311073) csrw    fcsr, sp
core   0: 3 0x0000000080001d6c (0x00311073) c1_fflags 0x0000000000000000 c2_frm 0x0000000000000000
core   0: 0x0000000080001d70 (0x0bdf7fd3) fsub.d  ft11, ft10, ft9
core   0: 3 0x0000000080001d70 (0x0bdf7fd3) f31 0x0010000000000002
core   0: 0x0000000080001d74 (0x00302273) csrr    tp, fcsr
core   0: 3 0x0000000080001d74 (0x00302273) x4  0x0000000000000000
core   0: 0x0000000080001d78 (0x2df0b827) fsd     ft11, 720(ra)
core   0: 3 0x0000000080001d78 (0x2df0b827) mem 0x0000000080007be8 0x0010000000000002
core   0: 0x0000000080001d7c (0x2c40bc23) sd      tp, 728(ra)
core   0: 3 0x0000000080001d7c (0x2c40bc23) mem 0x0000000080007bf0 0x0000000000000000
core   0: >>>>  inst_174
core   0: 0x0000000080001d80 (0x00100113) li      sp, 1
core   0: 3 0x0000000080001d80 (0x00100113) x2  0x0000000000000001
core   0: 0x0000000080001d84 (0x00c11113) slli    sp, sp, 12
core   0: 3 0x0000000080001d84 (0x00c11113) x2  0x0000000000001000
core   0: 0x0000000080001d88 (0x002181b3) add     gp, gp, sp
core   0: 3 0x0000000080001d88 (0x002181b3) x3  0x0000000080006010
core   0: 0x0000000080001d8c (0xae01bf07) fld     ft10, -1312(gp)
core   0: 3 0x0000000080001d8c (0xae01bf07) f30 0x0010000000000047 mem 0x0000000080005af0
core   0: 0x0000000080001d90 (0x402181b3) sub     gp, gp, sp
core   0: 3 0x0000000080001d90 (0x402181b3) x3  0x0000000080005010
core   0: 0x0000000080001d94 (0x00100113) li      sp, 1
core   0: 3 0x0000000080001d94 (0x00100113) x2  0x0000000000000001
core   0: 0x0000000080001d98 (0x00c11113) slli    sp, sp, 12
core   0: 3 0x0000000080001d98 (0x00c11113) x2  0x0000000000001000
core   0: 0x0000000080001d9c (0x002181b3) add     gp, gp, sp
core   0: 3 0x0000000080001d9c (0x002181b3) x3  0x0000000080006010
core   0: 0x0000000080001da0 (0xae81be87) fld     ft9, -1304(gp)
core   0: 3 0x0000000080001da0 (0xae81be87) f29 0x80000000001fffb9 mem 0x0000000080005af8
core   0: 0x0000000080001da4 (0x402181b3) sub     gp, gp, sp
core   0: 3 0x0000000080001da4 (0x402181b3) x3  0x0000000080005010
core   0: 0x0000000080001da8 (0x00000113) li      sp, 0
core   0: 3 0x0000000080001da8 (0x00000113) x2  0x0000000000000000
core   0: 0x0000000080001dac (0x00311073) csrw    fcsr, sp
core   0: 3 0x0000000080001dac (0x00311073) c1_fflags 0x0000000000000000 c2_frm 0x0000000000000000
core   0: 0x0000000080001db0 (0x0bdf7fd3) fsub.d  ft11, ft10, ft9
core   0: 3 0x0000000080001db0 (0x0bdf7fd3) f31 0x0010000000200000
core   0: 0x0000000080001db4 (0x00302273) csrr    tp, fcsr
core   0: 3 0x0000000080001db4 (0x00302273) x4  0x0000000000000000
core   0: 0x0000000080001db8 (0x2ff0b027) fsd     ft11, 736(ra)
core   0: 3 0x0000000080001db8 (0x2ff0b027) mem 0x0000000080007bf8 0x0010000000200000
core   0: 0x0000000080001dbc (0x2e40b423) sd      tp, 744(ra)
core   0: 3 0x0000000080001dbc (0x2e40b423) mem 0x0000000080007c00 0x0000000000000000
core   0: >>>>  inst_175
core   0: 0x0000000080001dc0 (0x00100113) li      sp, 1
core   0: 3 0x0000000080001dc0 (0x00100113) x2  0x0000000000000001
core   0: 0x0000000080001dc4 (0x00c11113) slli    sp, sp, 12
core   0: 3 0x0000000080001dc4 (0x00c11113) x2  0x0000000000001000
core   0: 0x0000000080001dc8 (0x002181b3) add     gp, gp, sp
core   0: 3 0x0000000080001dc8 (0x002181b3) x3  0x0000000080006010
core   0: 0x0000000080001dcc (0xaf01bf07) fld     ft10, -1296(gp)
core   0: 3 0x0000000080001dcc (0xaf01bf07) f30 0x0010000000000049 mem 0x0000000080005b00
core   0: 0x0000000080001dd0 (0x402181b3) sub     gp, gp, sp
core   0: 3 0x0000000080001dd0 (0x402181b3) x3  0x0000000080005010
core   0: 0x0000000080001dd4 (0x00100113) li      sp, 1
core   0: 3 0x0000000080001dd4 (0x00100113) x2  0x0000000000000001
core   0: 0x0000000080001dd8 (0x00c11113) slli    sp, sp, 12
core   0: 3 0x0000000080001dd8 (0x00c11113) x2  0x0000000000001000
core   0: 0x0000000080001ddc (0x002181b3) add     gp, gp, sp
core   0: 3 0x0000000080001ddc (0x002181b3) x3  0x0000000080006010
core   0: 0x0000000080001de0 (0xaf81be87) fld     ft9, -1288(gp)
core   0: 3 0x0000000080001de0 (0xaf81be87) f29 0x0000000000000045 mem 0x0000000080005b08
core   0: 0x0000000080001de4 (0x402181b3) sub     gp, gp, sp
core   0: 3 0x0000000080001de4 (0x402181b3) x3  0x0000000080005010
core   0: 0x0000000080001de8 (0x00000113) li      sp, 0
core   0: 3 0x0000000080001de8 (0x00000113) x2  0x0000000000000000
core   0: 0x0000000080001dec (0x00311073) csrw    fcsr, sp
core   0: 3 0x0000000080001dec (0x00311073) c1_fflags 0x0000000000000000 c2_frm 0x0000000000000000
core   0: 0x0000000080001df0 (0x0bdf7fd3) fsub.d  ft11, ft10, ft9
core   0: 3 0x0000000080001df0 (0x0bdf7fd3) f31 0x0010000000000004
core   0: 0x0000000080001df4 (0x00302273) csrr    tp, fcsr
core   0: 3 0x0000000080001df4 (0x00302273) x4  0x0000000000000000
core   0: 0x0000000080001df8 (0x2ff0b827) fsd     ft11, 752(ra)
core   0: 3 0x0000000080001df8 (0x2ff0b827) mem 0x0000000080007c08 0x0010000000000004
core   0: 0x0000000080001dfc (0x2e40bc23) sd      tp, 760(ra)
core   0: 3 0x0000000080001dfc (0x2e40bc23) mem 0x0000000080007c10 0x0000000000000000
core   0: >>>>  inst_176
core   0: 0x0000000080001e00 (0x00100113) li      sp, 1
core   0: 3 0x0000000080001e00 (0x00100113) x2  0x0000000000000001
core   0: 0x0000000080001e04 (0x00c11113) slli    sp, sp, 12
core   0: 3 0x0000000080001e04 (0x00c11113) x2  0x0000000000001000
core   0: 0x0000000080001e08 (0x002181b3) add     gp, gp, sp
core   0: 3 0x0000000080001e08 (0x002181b3) x3  0x0000000080006010
core   0: 0x0000000080001e0c (0xb001bf07) fld     ft10, -1280(gp)
core   0: 3 0x0000000080001e0c (0xb001bf07) f30 0x001000000000004d mem 0x0000000080005b10
core   0: 0x0000000080001e10 (0x402181b3) sub     gp, gp, sp
core   0: 3 0x0000000080001e10 (0x402181b3) x3  0x0000000080005010
core   0: 0x0000000080001e14 (0x00100113) li      sp, 1
core   0: 3 0x0000000080001e14 (0x00100113) x2  0x0000000000000001
core   0: 0x0000000080001e18 (0x00c11113) slli    sp, sp, 12
core   0: 3 0x0000000080001e18 (0x00c11113) x2  0x0000000000001000
core   0: 0x0000000080001e1c (0x002181b3) add     gp, gp, sp
core   0: 3 0x0000000080001e1c (0x002181b3) x3  0x0000000080006010
core   0: 0x0000000080001e20 (0xb081be87) fld     ft9, -1272(gp)
core   0: 3 0x0000000080001e20 (0xb081be87) f29 0x0020000000000036 mem 0x0000000080005b18
core   0: 0x0000000080001e24 (0x402181b3) sub     gp, gp, sp
core   0: 3 0x0000000080001e24 (0x402181b3) x3  0x0000000080005010
core   0: 0x0000000080001e28 (0x00000113) li      sp, 0
core   0: 3 0x0000000080001e28 (0x00000113) x2  0x0000000000000000
core   0: 0x0000000080001e2c (0x00311073) csrw    fcsr, sp
core   0: 3 0x0000000080001e2c (0x00311073) c1_fflags 0x0000000000000000 c2_frm 0x0000000000000000
core   0: 0x0000000080001e30 (0x0bdf7fd3) fsub.d  ft11, ft10, ft9
core   0: 3 0x0000000080001e30 (0x0bdf7fd3) f31 0x801000000000001f
core   0: 0x0000000080001e34 (0x00302273) csrr    tp, fcsr
core   0: 3 0x0000000080001e34 (0x00302273) x4  0x0000000000000000
core   0: 0x0000000080001e38 (0x31f0b027) fsd     ft11, 768(ra)
core   0: 3 0x0000000080001e38 (0x31f0b027) mem 0x0000000080007c18 0x801000000000001f
core   0: 0x0000000080001e3c (0x3040b423) sd      tp, 776(ra)
core   0: 3 0x0000000080001e3c (0x3040b423) mem 0x0000000080007c20 0x0000000000000000
core   0: >>>>  inst_177
core   0: 0x0000000080001e40 (0x00100113) li      sp, 1
core   0: 3 0x0000000080001e40 (0x00100113) x2  0x0000000000000001
core   0: 0x0000000080001e44 (0x00c11113) slli    sp, sp, 12
core   0: 3 0x0000000080001e44 (0x00c11113) x2  0x0000000000001000
core   0: 0x0000000080001e48 (0x002181b3) add     gp, gp, sp
core   0: 3 0x0000000080001e48 (0x002181b3) x3  0x0000000080006010
core   0: 0x0000000080001e4c (0xb101bf07) fld     ft10, -1264(gp)
core   0: 3 0x0000000080001e4c (0xb101bf07) f30 0x001000000000004f mem 0x0000000080005b20
core   0: 0x0000000080001e50 (0x402181b3) sub     gp, gp, sp
core   0: 3 0x0000000080001e50 (0x402181b3) x3  0x0000000080005010
core   0: 0x0000000080001e54 (0x00100113) li      sp, 1
core   0: 3 0x0000000080001e54 (0x00100113) x2  0x0000000000000001
core   0: 0x0000000080001e58 (0x00c11113) slli    sp, sp, 12
core   0: 3 0x0000000080001e58 (0x00c11113) x2  0x0000000000001000
core   0: 0x0000000080001e5c (0x002181b3) add     gp, gp, sp
core   0: 3 0x0000000080001e5c (0x002181b3) x3  0x0000000080006010
core   0: 0x0000000080001e60 (0xb181be87) fld     ft9, -1256(gp)
core   0: 3 0x0000000080001e60 (0xb181be87) f29 0x80000000000001b1 mem 0x0000000080005b28
core   0: 0x0000000080001e64 (0x402181b3) sub     gp, gp, sp
core   0: 3 0x0000000080001e64 (0x402181b3) x3  0x0000000080005010
core   0: 0x0000000080001e68 (0x00000113) li      sp, 0
core   0: 3 0x0000000080001e68 (0x00000113) x2  0x0000000000000000
core   0: 0x0000000080001e6c (0x00311073) csrw    fcsr, sp
core   0: 3 0x0000000080001e6c (0x00311073) c1_fflags 0x0000000000000000 c2_frm 0x0000000000000000
core   0: 0x0000000080001e70 (0x0bdf7fd3) fsub.d  ft11, ft10, ft9
core   0: 3 0x0000000080001e70 (0x0bdf7fd3) f31 0x0010000000000200
core   0: 0x0000000080001e74 (0x00302273) csrr    tp, fcsr
core   0: 3 0x0000000080001e74 (0x00302273) x4  0x0000000000000000
core   0: 0x0000000080001e78 (0x31f0b827) fsd     ft11, 784(ra)
core   0: 3 0x0000000080001e78 (0x31f0b827) mem 0x0000000080007c28 0x0010000000000200
core   0: 0x0000000080001e7c (0x3040bc23) sd      tp, 792(ra)
core   0: 3 0x0000000080001e7c (0x3040bc23) mem 0x0000000080007c30 0x0000000000000000
core   0: >>>>  inst_178
core   0: 0x0000000080001e80 (0x00100113) li      sp, 1
core   0: 3 0x0000000080001e80 (0x00100113) x2  0x0000000000000001
core   0: 0x0000000080001e84 (0x00c11113) slli    sp, sp, 12
core   0: 3 0x0000000080001e84 (0x00c11113) x2  0x0000000000001000
core   0: 0x0000000080001e88 (0x002181b3) add     gp, gp, sp
core   0: 3 0x0000000080001e88 (0x002181b3) x3  0x0000000080006010
core   0: 0x0000000080001e8c (0xb201bf07) fld     ft10, -1248(gp)
core   0: 3 0x0000000080001e8c (0xb201bf07) f30 0x0010000000000050 mem 0x0000000080005b30
core   0: 0x0000000080001e90 (0x402181b3) sub     gp, gp, sp
core   0: 3 0x0000000080001e90 (0x402181b3) x3  0x0000000080005010
core   0: 0x0000000080001e94 (0x00100113) li      sp, 1
core   0: 3 0x0000000080001e94 (0x00100113) x2  0x0000000000000001
core   0: 0x0000000080001e98 (0x00c11113) slli    sp, sp, 12
core   0: 3 0x0000000080001e98 (0x00c11113) x2  0x0000000000001000
core   0: 0x0000000080001e9c (0x002181b3) add     gp, gp, sp
core   0: 3 0x0000000080001e9c (0x002181b3) x3  0x0000000080006010
core   0: 0x0000000080001ea0 (0xb281be87) fld     ft9, -1240(gp)
core   0: 3 0x0000000080001ea0 (0xb281be87) f29 0x0020000000000828 mem 0x0000000080005b38
core   0: 0x0000000080001ea4 (0x402181b3) sub     gp, gp, sp
core   0: 3 0x0000000080001ea4 (0x402181b3) x3  0x0000000080005010
core   0: 0x0000000080001ea8 (0x00000113) li      sp, 0
core   0: 3 0x0000000080001ea8 (0x00000113) x2  0x0000000000000000
core   0: 0x0000000080001eac (0x00311073) csrw    fcsr, sp
core   0: 3 0x0000000080001eac (0x00311073) c1_fflags 0x0000000000000000 c2_frm 0x0000000000000000
core   0: 0x0000000080001eb0 (0x0bdf7fd3) fsub.d  ft11, ft10, ft9
core   0: 3 0x0000000080001eb0 (0x0bdf7fd3) f31 0x8010000000001000
core   0: 0x0000000080001eb4 (0x00302273) csrr    tp, fcsr
core   0: 3 0x0000000080001eb4 (0x00302273) x4  0x0000000000000000
core   0: 0x0000000080001eb8 (0x33f0b027) fsd     ft11, 800(ra)
core   0: 3 0x0000000080001eb8 (0x33f0b027) mem 0x0000000080007c38 0x8010000000001000
core   0: 0x0000000080001ebc (0x3240b423) sd      tp, 808(ra)
core   0: 3 0x0000000080001ebc (0x3240b423) mem 0x0000000080007c40 0x0000000000000000
core   0: >>>>  inst_179
core   0: 0x0000000080001ec0 (0x00100113) li      sp, 1
core   0: 3 0x0000000080001ec0 (0x00100113) x2  0x0000000000000001
core   0: 0x0000000080001ec4 (0x00c11113) slli    sp, sp, 12
core   0: 3 0x0000000080001ec4 (0x00c11113) x2  0x0000000000001000
core   0: 0x0000000080001ec8 (0x002181b3) add     gp, gp, sp
core   0: 3 0x0000000080001ec8 (0x002181b3) x3  0x0000000080006010
core   0: 0x0000000080001ecc (0xb301bf07) fld     ft10, -1232(gp)
core   0: 3 0x0000000080001ecc (0xb301bf07) f30 0x0010000000000054 mem 0x0000000080005b40
core   0: 0x0000000080001ed0 (0x402181b3) sub     gp, gp, sp
core   0: 3 0x0000000080001ed0 (0x402181b3) x3  0x0000000080005010
core   0: 0x0000000080001ed4 (0x00100113) li      sp, 1
core   0: 3 0x0000000080001ed4 (0x00100113) x2  0x0000000000000001
core   0: 0x0000000080001ed8 (0x00c11113) slli    sp, sp, 12
core   0: 3 0x0000000080001ed8 (0x00c11113) x2  0x0000000000001000
core   0: 0x0000000080001edc (0x002181b3) add     gp, gp, sp
core   0: 3 0x0000000080001edc (0x002181b3) x3  0x0000000080006010
core   0: 0x0000000080001ee0 (0xb381be87) fld     ft9, -1224(gp)
core   0: 3 0x0000000080001ee0 (0xb381be87) f29 0x002000000020002a mem 0x0000000080005b48
core   0: 0x0000000080001ee4 (0x402181b3) sub     gp, gp, sp
core   0: 3 0x0000000080001ee4 (0x402181b3) x3  0x0000000080005010
core   0: 0x0000000080001ee8 (0x00000113) li      sp, 0
core   0: 3 0x0000000080001ee8 (0x00000113) x2  0x0000000000000000
core   0: 0x0000000080001eec (0x00311073) csrw    fcsr, sp
core   0: 3 0x0000000080001eec (0x00311073) c1_fflags 0x0000000000000000 c2_frm 0x0000000000000000
core   0: 0x0000000080001ef0 (0x0bdf7fd3) fsub.d  ft11, ft10, ft9
core   0: 3 0x0000000080001ef0 (0x0bdf7fd3) f31 0x8010000000400000
core   0: 0x0000000080001ef4 (0x00302273) csrr    tp, fcsr
core   0: 3 0x0000000080001ef4 (0x00302273) x4  0x0000000000000000
core   0: 0x0000000080001ef8 (0x33f0b827) fsd     ft11, 816(ra)
core   0: 3 0x0000000080001ef8 (0x33f0b827) mem 0x0000000080007c48 0x8010000000400000
core   0: 0x0000000080001efc (0x3240bc23) sd      tp, 824(ra)
core   0: 3 0x0000000080001efc (0x3240bc23) mem 0x0000000080007c50 0x0000000000000000
core   0: >>>>  inst_180
core   0: 0x0000000080001f00 (0x00100113) li      sp, 1
core   0: 3 0x0000000080001f00 (0x00100113) x2  0x0000000000000001
core   0: 0x0000000080001f04 (0x00c11113) slli    sp, sp, 12
core   0: 3 0x0000000080001f04 (0x00c11113) x2  0x0000000000001000
core   0: 0x0000000080001f08 (0x002181b3) add     gp, gp, sp
core   0: 3 0x0000000080001f08 (0x002181b3) x3  0x0000000080006010
core   0: 0x0000000080001f0c (0xb401bf07) fld     ft10, -1216(gp)
core   0: 3 0x0000000080001f0c (0xb401bf07) f30 0x0010000000000055 mem 0x0000000080005b50
core   0: 0x0000000080001f10 (0x402181b3) sub     gp, gp, sp
core   0: 3 0x0000000080001f10 (0x402181b3) x3  0x0000000080005010
core   0: 0x0000000080001f14 (0x00100113) li      sp, 1
core   0: 3 0x0000000080001f14 (0x00100113) x2  0x0000000000000001
core   0: 0x0000000080001f18 (0x00c11113) slli    sp, sp, 12
core   0: 3 0x0000000080001f18 (0x00c11113) x2  0x0000000000001000
core   0: 0x0000000080001f1c (0x002181b3) add     gp, gp, sp
core   0: 3 0x0000000080001f1c (0x002181b3) x3  0x0000000080006010
core   0: 0x0000000080001f20 (0xb481be87) fld     ft9, -1208(gp)
core   0: 3 0x0000000080001f20 (0xb481be87) f29 0x002000000000202a mem 0x0000000080005b58
core   0: 0x0000000080001f24 (0x402181b3) sub     gp, gp, sp
core   0: 3 0x0000000080001f24 (0x402181b3) x3  0x0000000080005010
core   0: 0x0000000080001f28 (0x00000113) li      sp, 0
core   0: 3 0x0000000080001f28 (0x00000113) x2  0x0000000000000000
core   0: 0x0000000080001f2c (0x00311073) csrw    fcsr, sp
core   0: 3 0x0000000080001f2c (0x00311073) c1_fflags 0x0000000000000000 c2_frm 0x0000000000000000
core   0: 0x0000000080001f30 (0x0bdf7fd3) fsub.d  ft11, ft10, ft9
core   0: 3 0x0000000080001f30 (0x0bdf7fd3) f31 0x8010000000003fff
core   0: 0x0000000080001f34 (0x00302273) csrr    tp, fcsr
core   0: 3 0x0000000080001f34 (0x00302273) x4  0x0000000000000000
core   0: 0x0000000080001f38 (0x35f0b027) fsd     ft11, 832(ra)
core   0: 3 0x0000000080001f38 (0x35f0b027) mem 0x0000000080007c58 0x8010000000003fff
core   0: 0x0000000080001f3c (0x3440b423) sd      tp, 840(ra)
core   0: 3 0x0000000080001f3c (0x3440b423) mem 0x0000000080007c60 0x0000000000000000
core   0: >>>>  inst_181
core   0: 0x0000000080001f40 (0x00100113) li      sp, 1
core   0: 3 0x0000000080001f40 (0x00100113) x2  0x0000000000000001
core   0: 0x0000000080001f44 (0x00c11113) slli    sp, sp, 12
core   0: 3 0x0000000080001f44 (0x00c11113) x2  0x0000000000001000
core   0: 0x0000000080001f48 (0x002181b3) add     gp, gp, sp
core   0: 3 0x0000000080001f48 (0x002181b3) x3  0x0000000080006010
core   0: 0x0000000080001f4c (0xb501bf07) fld     ft10, -1200(gp)
core   0: 3 0x0000000080001f4c (0xb501bf07) f30 0x0010000000000059 mem 0x0000000080005b60
core   0: 0x0000000080001f50 (0x402181b3) sub     gp, gp, sp
core   0: 3 0x0000000080001f50 (0x402181b3) x3  0x0000000080005010
core   0: 0x0000000080001f54 (0x00100113) li      sp, 1
core   0: 3 0x0000000080001f54 (0x00100113) x2  0x0000000000000001
core   0: 0x0000000080001f58 (0x00c11113) slli    sp, sp, 12
core   0: 3 0x0000000080001f58 (0x00c11113) x2  0x0000000000001000
core   0: 0x0000000080001f5c (0x002181b3) add     gp, gp, sp
core   0: 3 0x0000000080001f5c (0x002181b3) x3  0x0000000080006010
core   0: 0x0000000080001f60 (0xb581be87) fld     ft9, -1192(gp)
core   0: 3 0x0000000080001f60 (0xb581be87) f29 0x002000000000102c mem 0x0000000080005b68
core   0: 0x0000000080001f64 (0x402181b3) sub     gp, gp, sp
core   0: 3 0x0000000080001f64 (0x402181b3) x3  0x0000000080005010
core   0: 0x0000000080001f68 (0x00000113) li      sp, 0
core   0: 3 0x0000000080001f68 (0x00000113) x2  0x0000000000000000
core   0: 0x0000000080001f6c (0x00311073) csrw    fcsr, sp
core   0: 3 0x0000000080001f6c (0x00311073) c1_fflags 0x0000000000000000 c2_frm 0x0000000000000000
core   0: 0x0000000080001f70 (0x0bdf7fd3) fsub.d  ft11, ft10, ft9
core   0: 3 0x0000000080001f70 (0x0bdf7fd3) f31 0x8010000000001fff
core   0: 0x0000000080001f74 (0x00302273) csrr    tp, fcsr
core   0: 3 0x0000000080001f74 (0x00302273) x4  0x0000000000000000
core   0: 0x0000000080001f78 (0x35f0b827) fsd     ft11, 848(ra)
core   0: 3 0x0000000080001f78 (0x35f0b827) mem 0x0000000080007c68 0x8010000000001fff
core   0: 0x0000000080001f7c (0x3440bc23) sd      tp, 856(ra)
core   0: 3 0x0000000080001f7c (0x3440bc23) mem 0x0000000080007c70 0x0000000000000000
core   0: >>>>  inst_182
core   0: 0x0000000080001f80 (0x00100113) li      sp, 1
core   0: 3 0x0000000080001f80 (0x00100113) x2  0x0000000000000001
core   0: 0x0000000080001f84 (0x00c11113) slli    sp, sp, 12
core   0: 3 0x0000000080001f84 (0x00c11113) x2  0x0000000000001000
core   0: 0x0000000080001f88 (0x002181b3) add     gp, gp, sp
core   0: 3 0x0000000080001f88 (0x002181b3) x3  0x0000000080006010
core   0: 0x0000000080001f8c (0xb601bf07) fld     ft10, -1184(gp)
core   0: 3 0x0000000080001f8c (0xb601bf07) f30 0x001000000000005c mem 0x0000000080005b70
core   0: 0x0000000080001f90 (0x402181b3) sub     gp, gp, sp
core   0: 3 0x0000000080001f90 (0x402181b3) x3  0x0000000080005010
core   0: 0x0000000080001f94 (0x00100113) li      sp, 1
core   0: 3 0x0000000080001f94 (0x00100113) x2  0x0000000000000001
core   0: 0x0000000080001f98 (0x00c11113) slli    sp, sp, 12
core   0: 3 0x0000000080001f98 (0x00c11113) x2  0x0000000000001000
core   0: 0x0000000080001f9c (0x002181b3) add     gp, gp, sp
core   0: 3 0x0000000080001f9c (0x002181b3) x3  0x0000000080006010
core   0: 0x0000000080001fa0 (0xb681be87) fld     ft9, -1176(gp)
core   0: 3 0x0000000080001fa0 (0xb681be87) f29 0x80000000003fffa4 mem 0x0000000080005b78
core   0: 0x0000000080001fa4 (0x402181b3) sub     gp, gp, sp
core   0: 3 0x0000000080001fa4 (0x402181b3) x3  0x0000000080005010
core   0: 0x0000000080001fa8 (0x00000113) li      sp, 0
core   0: 3 0x0000000080001fa8 (0x00000113) x2  0x0000000000000000
core   0: 0x0000000080001fac (0x00311073) csrw    fcsr, sp
core   0: 3 0x0000000080001fac (0x00311073) c1_fflags 0x0000000000000000 c2_frm 0x0000000000000000
core   0: 0x0000000080001fb0 (0x0bdf7fd3) fsub.d  ft11, ft10, ft9
core   0: 3 0x0000000080001fb0 (0x0bdf7fd3) f31 0x0010000000400000
core   0: 0x0000000080001fb4 (0x00302273) csrr    tp, fcsr
core   0: 3 0x0000000080001fb4 (0x00302273) x4  0x0000000000000000
core   0: 0x0000000080001fb8 (0x37f0b027) fsd     ft11, 864(ra)
core   0: 3 0x0000000080001fb8 (0x37f0b027) mem 0x0000000080007c78 0x0010000000400000
core   0: 0x0000000080001fbc (0x3640b423) sd      tp, 872(ra)
core   0: 3 0x0000000080001fbc (0x3640b423) mem 0x0000000080007c80 0x0000000000000000
core   0: >>>>  inst_183
core   0: 0x0000000080001fc0 (0x00100113) li      sp, 1
core   0: 3 0x0000000080001fc0 (0x00100113) x2  0x0000000000000001
core   0: 0x0000000080001fc4 (0x00c11113) slli    sp, sp, 12
core   0: 3 0x0000000080001fc4 (0x00c11113) x2  0x0000000000001000
core   0: 0x0000000080001fc8 (0x002181b3) add     gp, gp, sp
core   0: 3 0x0000000080001fc8 (0x002181b3) x3  0x0000000080006010
core   0: 0x0000000080001fcc (0xb701bf07) fld     ft10, -1168(gp)
core   0: 3 0x0000000080001fcc (0xb701bf07) f30 0x0010000000000060 mem 0x0000000080005b80
core   0: 0x0000000080001fd0 (0x402181b3) sub     gp, gp, sp
core   0: 3 0x0000000080001fd0 (0x402181b3) x3  0x0000000080005010
core   0: 0x0000000080001fd4 (0x00100113) li      sp, 1
core   0: 3 0x0000000080001fd4 (0x00100113) x2  0x0000000000000001
core   0: 0x0000000080001fd8 (0x00c11113) slli    sp, sp, 12
core   0: 3 0x0000000080001fd8 (0x00c11113) x2  0x0000000000001000
core   0: 0x0000000080001fdc (0x002181b3) add     gp, gp, sp
core   0: 3 0x0000000080001fdc (0x002181b3) x3  0x0000000080006010
core   0: 0x0000000080001fe0 (0xb781be87) fld     ft9, -1160(gp)
core   0: 3 0x0000000080001fe0 (0xb781be87) f29 0x800000000003ffa0 mem 0x0000000080005b88
core   0: 0x0000000080001fe4 (0x402181b3) sub     gp, gp, sp
core   0: 3 0x0000000080001fe4 (0x402181b3) x3  0x0000000080005010
core   0: 0x0000000080001fe8 (0x00000113) li      sp, 0
core   0: 3 0x0000000080001fe8 (0x00000113) x2  0x0000000000000000
core   0: 0x0000000080001fec (0x00311073) csrw    fcsr, sp
core   0: 3 0x0000000080001fec (0x00311073) c1_fflags 0x0000000000000000 c2_frm 0x0000000000000000
core   0: 0x0000000080001ff0 (0x0bdf7fd3) fsub.d  ft11, ft10, ft9
core   0: 3 0x0000000080001ff0 (0x0bdf7fd3) f31 0x0010000000040000
core   0: 0x0000000080001ff4 (0x00302273) csrr    tp, fcsr
core   0: 3 0x0000000080001ff4 (0x00302273) x4  0x0000000000000000
core   0: 0x0000000080001ff8 (0x37f0b827) fsd     ft11, 880(ra)
core   0: 3 0x0000000080001ff8 (0x37f0b827) mem 0x0000000080007c88 0x0010000000040000
core   0: 0x0000000080001ffc (0x3640bc23) sd      tp, 888(ra)
core   0: 3 0x0000000080001ffc (0x3640bc23) mem 0x0000000080007c90 0x0000000000000000
core   0: >>>>  inst_184
core   0: 0x0000000080002000 (0x00100113) li      sp, 1
core   0: 3 0x0000000080002000 (0x00100113) x2  0x0000000000000001
core   0: 0x0000000080002004 (0x00c11113) slli    sp, sp, 12
core   0: 3 0x0000000080002004 (0x00c11113) x2  0x0000000000001000
core   0: 0x0000000080002008 (0x002181b3) add     gp, gp, sp
core   0: 3 0x0000000080002008 (0x002181b3) x3  0x0000000080006010
core   0: 0x000000008000200c (0xb801bf07) fld     ft10, -1152(gp)
core   0: 3 0x000000008000200c (0xb801bf07) f30 0x3f80000000000001 mem 0x0000000080005b90
core   0: 0x0000000080002010 (0x402181b3) sub     gp, gp, sp
core   0: 3 0x0000000080002010 (0x402181b3) x3  0x0000000080005010
core   0: 0x0000000080002014 (0x00100113) li      sp, 1
core   0: 3 0x0000000080002014 (0x00100113) x2  0x0000000000000001
core   0: 0x0000000080002018 (0x00c11113) slli    sp, sp, 12
core   0: 3 0x0000000080002018 (0x00c11113) x2  0x0000000000001000
core   0: 0x000000008000201c (0x002181b3) add     gp, gp, sp
core   0: 3 0x000000008000201c (0x002181b3) x3  0x0000000080006010
core   0: 0x0000000080002020 (0xb881be87) fld     ft9, -1144(gp)
core   0: 3 0x0000000080002020 (0xb881be87) f29 0x3f90000000000001 mem 0x0000000080005b98
core   0: 0x0000000080002024 (0x402181b3) sub     gp, gp, sp
core   0: 3 0x0000000080002024 (0x402181b3) x3  0x0000000080005010
core   0: 0x0000000080002028 (0x00000113) li      sp, 0
core   0: 3 0x0000000080002028 (0x00000113) x2  0x0000000000000000
core   0: 0x000000008000202c (0x00311073) csrw    fcsr, sp
core   0: 3 0x000000008000202c (0x00311073) c1_fflags 0x0000000000000000 c2_frm 0x0000000000000000
core   0: 0x0000000080002030 (0x0bdf7fd3) fsub.d  ft11, ft10, ft9
core   0: 3 0x0000000080002030 (0x0bdf7fd3) f31 0xbf80000000000001
core   0: 0x0000000080002034 (0x00302273) csrr    tp, fcsr
core   0: 3 0x0000000080002034 (0x00302273) x4  0x0000000000000000
core   0: 0x0000000080002038 (0x39f0b027) fsd     ft11, 896(ra)
core   0: 3 0x0000000080002038 (0x39f0b027) mem 0x0000000080007c98 0xbf80000000000001
core   0: 0x000000008000203c (0x3840b423) sd      tp, 904(ra)
core   0: 3 0x000000008000203c (0x3840b423) mem 0x0000000080007ca0 0x0000000000000000
core   0: >>>>  inst_185
core   0: 0x0000000080002040 (0x00100113) li      sp, 1
core   0: 3 0x0000000080002040 (0x00100113) x2  0x0000000000000001
core   0: 0x0000000080002044 (0x00c11113) slli    sp, sp, 12
core   0: 3 0x0000000080002044 (0x00c11113) x2  0x0000000000001000
core   0: 0x0000000080002048 (0x002181b3) add     gp, gp, sp
core   0: 3 0x0000000080002048 (0x002181b3) x3  0x0000000080006010
core   0: 0x000000008000204c (0xb901bf07) fld     ft10, -1136(gp)
core   0: 3 0x000000008000204c (0xb901bf07) f30 0x3f8000000000000b mem 0x0000000080005ba0
core   0: 0x0000000080002050 (0x402181b3) sub     gp, gp, sp
core   0: 3 0x0000000080002050 (0x402181b3) x3  0x0000000080005010
core   0: 0x0000000080002054 (0x00100113) li      sp, 1
core   0: 3 0x0000000080002054 (0x00100113) x2  0x0000000000000001
core   0: 0x0000000080002058 (0x00c11113) slli    sp, sp, 12
core   0: 3 0x0000000080002058 (0x00c11113) x2  0x0000000000001000
core   0: 0x000000008000205c (0x002181b3) add     gp, gp, sp
core   0: 3 0x000000008000205c (0x002181b3) x3  0x0000000080006010
core   0: 0x0000000080002060 (0xb981be87) fld     ft9, -1128(gp)
core   0: 3 0x0000000080002060 (0xb981be87) f29 0x3f90000000100006 mem 0x0000000080005ba8
core   0: 0x0000000080002064 (0x402181b3) sub     gp, gp, sp
core   0: 3 0x0000000080002064 (0x402181b3) x3  0x0000000080005010
core   0: 0x0000000080002068 (0x00000113) li      sp, 0
core   0: 3 0x0000000080002068 (0x00000113) x2  0x0000000000000000
core   0: 0x000000008000206c (0x00311073) csrw    fcsr, sp
core   0: 3 0x000000008000206c (0x00311073) c1_fflags 0x0000000000000000 c2_frm 0x0000000000000000
core   0: 0x0000000080002070 (0x0bdf7fd3) fsub.d  ft11, ft10, ft9
core   0: 3 0x0000000080002070 (0x0bdf7fd3) f31 0xbf80000000200001
core   0: 0x0000000080002074 (0x00302273) csrr    tp, fcsr
core   0: 3 0x0000000080002074 (0x00302273) x4  0x0000000000000000
core   0: 0x0000000080002078 (0x39f0b827) fsd     ft11, 912(ra)
core   0: 3 0x0000000080002078 (0x39f0b827) mem 0x0000000080007ca8 0xbf80000000200001
core   0: 0x000000008000207c (0x3840bc23) sd      tp, 920(ra)
core   0: 3 0x000000008000207c (0x3840bc23) mem 0x0000000080007cb0 0x0000000000000000
core   0: >>>>  inst_186
core   0: 0x0000000080002080 (0x00100113) li      sp, 1
core   0: 3 0x0000000080002080 (0x00100113) x2  0x0000000000000001
core   0: 0x0000000080002084 (0x00c11113) slli    sp, sp, 12
core   0: 3 0x0000000080002084 (0x00c11113) x2  0x0000000000001000
core   0: 0x0000000080002088 (0x002181b3) add     gp, gp, sp
core   0: 3 0x0000000080002088 (0x002181b3) x3  0x0000000080006010
core   0: 0x000000008000208c (0xba01bf07) fld     ft10, -1120(gp)
core   0: 3 0x000000008000208c (0xba01bf07) f30 0x3f8000000000000c mem 0x0000000080005bb0
core   0: 0x0000000080002090 (0x402181b3) sub     gp, gp, sp
core   0: 3 0x0000000080002090 (0x402181b3) x3  0x0000000080005010
core   0: 0x0000000080002094 (0x00100113) li      sp, 1
core   0: 3 0x0000000080002094 (0x00100113) x2  0x0000000000000001
core   0: 0x0000000080002098 (0x00c11113) slli    sp, sp, 12
core   0: 3 0x0000000080002098 (0x00c11113) x2  0x0000000000001000
core   0: 0x000000008000209c (0x002181b3) add     gp, gp, sp
core   0: 3 0x000000008000209c (0x002181b3) x3  0x0000000080006010
core   0: 0x00000000800020a0 (0xba81be87) fld     ft9, -1112(gp)
core   0: 3 0x00000000800020a0 (0xba81be87) f29 0x3f90000000020006 mem 0x0000000080005bb8
core   0: 0x00000000800020a4 (0x402181b3) sub     gp, gp, sp
core   0: 3 0x00000000800020a4 (0x402181b3) x3  0x0000000080005010
core   0: 0x00000000800020a8 (0x00000113) li      sp, 0
core   0: 3 0x00000000800020a8 (0x00000113) x2  0x0000000000000000
core   0: 0x00000000800020ac (0x00311073) csrw    fcsr, sp
core   0: 3 0x00000000800020ac (0x00311073) c1_fflags 0x0000000000000000 c2_frm 0x0000000000000000
core   0: 0x00000000800020b0 (0x0bdf7fd3) fsub.d  ft11, ft10, ft9
core   0: 3 0x00000000800020b0 (0x0bdf7fd3) f31 0xbf80000000040000
core   0: 0x00000000800020b4 (0x00302273) csrr    tp, fcsr
core   0: 3 0x00000000800020b4 (0x00302273) x4  0x0000000000000000
core   0: 0x00000000800020b8 (0x3bf0b027) fsd     ft11, 928(ra)
core   0: 3 0x00000000800020b8 (0x3bf0b027) mem 0x0000000080007cb8 0xbf80000000040000
core   0: 0x00000000800020bc (0x3a40b423) sd      tp, 936(ra)
core   0: 3 0x00000000800020bc (0x3a40b423) mem 0x0000000080007cc0 0x0000000000000000
core   0: >>>>  inst_187
core   0: 0x00000000800020c0 (0x00100113) li      sp, 1
core   0: 3 0x00000000800020c0 (0x00100113) x2  0x0000000000000001
core   0: 0x00000000800020c4 (0x00c11113) slli    sp, sp, 12
core   0: 3 0x00000000800020c4 (0x00c11113) x2  0x0000000000001000
core   0: 0x00000000800020c8 (0x002181b3) add     gp, gp, sp
core   0: 3 0x00000000800020c8 (0x002181b3) x3  0x0000000080006010
core   0: 0x00000000800020cc (0xbb01bf07) fld     ft10, -1104(gp)
core   0: 3 0x00000000800020cc (0xbb01bf07) f30 0x3f80000000000011 mem 0x0000000080005bc0
core   0: 0x00000000800020d0 (0x402181b3) sub     gp, gp, sp
core   0: 3 0x00000000800020d0 (0x402181b3) x3  0x0000000080005010
core   0: 0x00000000800020d4 (0x00100113) li      sp, 1
core   0: 3 0x00000000800020d4 (0x00100113) x2  0x0000000000000001
core   0: 0x00000000800020d8 (0x00c11113) slli    sp, sp, 12
core   0: 3 0x00000000800020d8 (0x00c11113) x2  0x0000000000001000
core   0: 0x00000000800020dc (0x002181b3) add     gp, gp, sp
core   0: 3 0x00000000800020dc (0x002181b3) x3  0x0000000080006010
core   0: 0x00000000800020e0 (0xbb81be87) fld     ft9, -1096(gp)
core   0: 3 0x00000000800020e0 (0xbb81be87) f29 0x3f9000000000000a mem 0x0000000080005bc8
core   0: 0x00000000800020e4 (0x402181b3) sub     gp, gp, sp
core   0: 3 0x00000000800020e4 (0x402181b3) x3  0x0000000080005010
core   0: 0x00000000800020e8 (0x00000113) li      sp, 0
core   0: 3 0x00000000800020e8 (0x00000113) x2  0x0000000000000000
core   0: 0x00000000800020ec (0x00311073) csrw    fcsr, sp
core   0: 3 0x00000000800020ec (0x00311073) c1_fflags 0x0000000000000000 c2_frm 0x0000000000000000
core   0: 0x00000000800020f0 (0x0bdf7fd3) fsub.d  ft11, ft10, ft9
core   0: 3 0x00000000800020f0 (0x0bdf7fd3) f31 0xbf80000000000003
core   0: 0x00000000800020f4 (0x00302273) csrr    tp, fcsr
core   0: 3 0x00000000800020f4 (0x00302273) x4  0x0000000000000000
core   0: 0x00000000800020f8 (0x3bf0b827) fsd     ft11, 944(ra)
core   0: 3 0x00000000800020f8 (0x3bf0b827) mem 0x0000000080007cc8 0xbf80000000000003
core   0: 0x00000000800020fc (0x3a40bc23) sd      tp, 952(ra)
core   0: 3 0x00000000800020fc (0x3a40bc23) mem 0x0000000080007cd0 0x0000000000000000
core   0: >>>>  inst_188
core   0: 0x0000000080002100 (0x00100113) li      sp, 1
core   0: 3 0x0000000080002100 (0x00100113) x2  0x0000000000000001
core   0: 0x0000000080002104 (0x00c11113) slli    sp, sp, 12
core   0: 3 0x0000000080002104 (0x00c11113) x2  0x0000000000001000
core   0: 0x0000000080002108 (0x002181b3) add     gp, gp, sp
core   0: 3 0x0000000080002108 (0x002181b3) x3  0x0000000080006010
core   0: 0x000000008000210c (0xbc01bf07) fld     ft10, -1088(gp)
core   0: 3 0x000000008000210c (0xbc01bf07) f30 0x3f80000000000017 mem 0x0000000080005bd0
core   0: 0x0000000080002110 (0x402181b3) sub     gp, gp, sp
core   0: 3 0x0000000080002110 (0x402181b3) x3  0x0000000080005010
core   0: 0x0000000080002114 (0x00100113) li      sp, 1
core   0: 3 0x0000000080002114 (0x00100113) x2  0x0000000000000001
core   0: 0x0000000080002118 (0x00c11113) slli    sp, sp, 12
core   0: 3 0x0000000080002118 (0x00c11113) x2  0x0000000000001000
core   0: 0x000000008000211c (0x002181b3) add     gp, gp, sp
core   0: 3 0x000000008000211c (0x002181b3) x3  0x0000000080006010
core   0: 0x0000000080002120 (0xbc81be87) fld     ft9, -1080(gp)
core   0: 3 0x0000000080002120 (0xbc81be87) f29 0x3f9000000000800c mem 0x0000000080005bd8
core   0: 0x0000000080002124 (0x402181b3) sub     gp, gp, sp
core   0: 3 0x0000000080002124 (0x402181b3) x3  0x0000000080005010
core   0: 0x0000000080002128 (0x00000113) li      sp, 0
core   0: 3 0x0000000080002128 (0x00000113) x2  0x0000000000000000
core   0: 0x000000008000212c (0x00311073) csrw    fcsr, sp
core   0: 3 0x000000008000212c (0x00311073) c1_fflags 0x0000000000000000 c2_frm 0x0000000000000000
core   0: 0x0000000080002130 (0x0bdf7fd3) fsub.d  ft11, ft10, ft9
core   0: 3 0x0000000080002130 (0x0bdf7fd3) f31 0xbf80000000010001
core   0: 0x0000000080002134 (0x00302273) csrr    tp, fcsr
core   0: 3 0x0000000080002134 (0x00302273) x4  0x0000000000000000
core   0: 0x0000000080002138 (0x3df0b027) fsd     ft11, 960(ra)
core   0: 3 0x0000000080002138 (0x3df0b027) mem 0x0000000080007cd8 0xbf80000000010001
core   0: 0x000000008000213c (0x3c40b423) sd      tp, 968(ra)
core   0: 3 0x000000008000213c (0x3c40b423) mem 0x0000000080007ce0 0x0000000000000000
core   0: >>>>  inst_189
core   0: 0x0000000080002140 (0x00100113) li      sp, 1
core   0: 3 0x0000000080002140 (0x00100113) x2  0x0000000000000001
core   0: 0x0000000080002144 (0x00c11113) slli    sp, sp, 12
core   0: 3 0x0000000080002144 (0x00c11113) x2  0x0000000000001000
core   0: 0x0000000080002148 (0x002181b3) add     gp, gp, sp
core   0: 3 0x0000000080002148 (0x002181b3) x3  0x0000000080006010
core   0: 0x000000008000214c (0xbd01bf07) fld     ft10, -1072(gp)
core   0: 3 0x000000008000214c (0xbd01bf07) f30 0x3f8000000000001a mem 0x0000000080005be0
core   0: 0x0000000080002150 (0x402181b3) sub     gp, gp, sp
core   0: 3 0x0000000080002150 (0x402181b3) x3  0x0000000080005010
core   0: 0x0000000080002154 (0x00100113) li      sp, 1
core   0: 3 0x0000000080002154 (0x00100113) x2  0x0000000000000001
core   0: 0x0000000080002158 (0x00c11113) slli    sp, sp, 12
core   0: 3 0x0000000080002158 (0x00c11113) x2  0x0000000000001000
core   0: 0x000000008000215c (0x002181b3) add     gp, gp, sp
core   0: 3 0x000000008000215c (0x002181b3) x3  0x0000000080006010
core   0: 0x0000000080002160 (0xbd81be87) fld     ft9, -1064(gp)
core   0: 3 0x0000000080002160 (0xbd81be87) f29 0x3f9000000000004d mem 0x0000000080005be8
core   0: 0x0000000080002164 (0x402181b3) sub     gp, gp, sp
core   0: 3 0x0000000080002164 (0x402181b3) x3  0x0000000080005010
core   0: 0x0000000080002168 (0x00000113) li      sp, 0
core   0: 3 0x0000000080002168 (0x00000113) x2  0x0000000000000000
core   0: 0x000000008000216c (0x00311073) csrw    fcsr, sp
core   0: 3 0x000000008000216c (0x00311073) c1_fflags 0x0000000000000000 c2_frm 0x0000000000000000
core   0: 0x0000000080002170 (0x0bdf7fd3) fsub.d  ft11, ft10, ft9
core   0: 3 0x0000000080002170 (0x0bdf7fd3) f31 0xbf80000000000080
core   0: 0x0000000080002174 (0x00302273) csrr    tp, fcsr
core   0: 3 0x0000000080002174 (0x00302273) x4  0x0000000000000000
core   0: 0x0000000080002178 (0x3df0b827) fsd     ft11, 976(ra)
core   0: 3 0x0000000080002178 (0x3df0b827) mem 0x0000000080007ce8 0xbf80000000000080
core   0: 0x000000008000217c (0x3c40bc23) sd      tp, 984(ra)
core   0: 3 0x000000008000217c (0x3c40bc23) mem 0x0000000080007cf0 0x0000000000000000
core   0: >>>>  inst_190
core   0: 0x0000000080002180 (0x00100113) li      sp, 1
core   0: 3 0x0000000080002180 (0x00100113) x2  0x0000000000000001
core   0: 0x0000000080002184 (0x00c11113) slli    sp, sp, 12
core   0: 3 0x0000000080002184 (0x00c11113) x2  0x0000000000001000
core   0: 0x0000000080002188 (0x002181b3) add     gp, gp, sp
core   0: 3 0x0000000080002188 (0x002181b3) x3  0x0000000080006010
core   0: 0x000000008000218c (0xbe01bf07) fld     ft10, -1056(gp)
core   0: 3 0x000000008000218c (0xbe01bf07) f30 0x3f8000000000001e mem 0x0000000080005bf0
core   0: 0x0000000080002190 (0x402181b3) sub     gp, gp, sp
core   0: 3 0x0000000080002190 (0x402181b3) x3  0x0000000080005010
core   0: 0x0000000080002194 (0x00100113) li      sp, 1
core   0: 3 0x0000000080002194 (0x00100113) x2  0x0000000000000001
core   0: 0x0000000080002198 (0x00c11113) slli    sp, sp, 12
core   0: 3 0x0000000080002198 (0x00c11113) x2  0x0000000000001000
core   0: 0x000000008000219c (0x002181b3) add     gp, gp, sp
core   0: 3 0x000000008000219c (0x002181b3) x3  0x0000000080006010
core   0: 0x00000000800021a0 (0xbe81be87) fld     ft9, -1048(gp)
core   0: 3 0x00000000800021a0 (0xbe81be87) f29 0x3f9000000000400f mem 0x0000000080005bf8
core   0: 0x00000000800021a4 (0x402181b3) sub     gp, gp, sp
core   0: 3 0x00000000800021a4 (0x402181b3) x3  0x0000000080005010
core   0: 0x00000000800021a8 (0x00000113) li      sp, 0
core   0: 3 0x00000000800021a8 (0x00000113) x2  0x0000000000000000
core   0: 0x00000000800021ac (0x00311073) csrw    fcsr, sp
core   0: 3 0x00000000800021ac (0x00311073) c1_fflags 0x0000000000000000 c2_frm 0x0000000000000000
core   0: 0x00000000800021b0 (0x0bdf7fd3) fsub.d  ft11, ft10, ft9
core   0: 3 0x00000000800021b0 (0x0bdf7fd3) f31 0xbf80000000008000
core   0: 0x00000000800021b4 (0x00302273) csrr    tp, fcsr
core   0: 3 0x00000000800021b4 (0x00302273) x4  0x0000000000000000
core   0: 0x00000000800021b8 (0x3ff0b027) fsd     ft11, 992(ra)
core   0: 3 0x00000000800021b8 (0x3ff0b027) mem 0x0000000080007cf8 0xbf80000000008000
core   0: 0x00000000800021bc (0x3e40b423) sd      tp, 1000(ra)
core   0: 3 0x00000000800021bc (0x3e40b423) mem 0x0000000080007d00 0x0000000000000000
core   0: >>>>  inst_191
core   0: 0x00000000800021c0 (0x00100113) li      sp, 1
core   0: 3 0x00000000800021c0 (0x00100113) x2  0x0000000000000001
core   0: 0x00000000800021c4 (0x00c11113) slli    sp, sp, 12
core   0: 3 0x00000000800021c4 (0x00c11113) x2  0x0000000000001000
core   0: 0x00000000800021c8 (0x002181b3) add     gp, gp, sp
core   0: 3 0x00000000800021c8 (0x002181b3) x3  0x0000000080006010
core   0: 0x00000000800021cc (0xbf01bf07) fld     ft10, -1040(gp)
core   0: 3 0x00000000800021cc (0xbf01bf07) f30 0x3f80000000000021 mem 0x0000000080005c00
core   0: 0x00000000800021d0 (0x402181b3) sub     gp, gp, sp
core   0: 3 0x00000000800021d0 (0x402181b3) x3  0x0000000080005010
core   0: 0x00000000800021d4 (0x00100113) li      sp, 1
core   0: 3 0x00000000800021d4 (0x00100113) x2  0x0000000000000001
core   0: 0x00000000800021d8 (0x00c11113) slli    sp, sp, 12
core   0: 3 0x00000000800021d8 (0x00c11113) x2  0x0000000000001000
core   0: 0x00000000800021dc (0x002181b3) add     gp, gp, sp
core   0: 3 0x00000000800021dc (0x002181b3) x3  0x0000000080006010
core   0: 0x00000000800021e0 (0xbf81be87) fld     ft9, -1032(gp)
core   0: 3 0x00000000800021e0 (0xbf81be87) f29 0x3f90000000040010 mem 0x0000000080005c08
core   0: 0x00000000800021e4 (0x402181b3) sub     gp, gp, sp
core   0: 3 0x00000000800021e4 (0x402181b3) x3  0x0000000080005010
core   0: 0x00000000800021e8 (0x00000113) li      sp, 0
core   0: 3 0x00000000800021e8 (0x00000113) x2  0x0000000000000000
core   0: 0x00000000800021ec (0x00311073) csrw    fcsr, sp
core   0: 3 0x00000000800021ec (0x00311073) c1_fflags 0x0000000000000000 c2_frm 0x0000000000000000
core   0: 0x00000000800021f0 (0x0bdf7fd3) fsub.d  ft11, ft10, ft9
core   0: 3 0x00000000800021f0 (0x0bdf7fd3) f31 0xbf8000000007ffff
core   0: 0x00000000800021f4 (0x00302273) csrr    tp, fcsr
core   0: 3 0x00000000800021f4 (0x00302273) x4  0x0000000000000000
core   0: 0x00000000800021f8 (0x3ff0b827) fsd     ft11, 1008(ra)
core   0: 3 0x00000000800021f8 (0x3ff0b827) mem 0x0000000080007d08 0xbf8000000007ffff
core   0: 0x00000000800021fc (0x3e40bc23) sd      tp, 1016(ra)
core   0: 3 0x00000000800021fc (0x3e40bc23) mem 0x0000000080007d10 0x0000000000000000
core   0: >>>>  inst_192
core   0: 0x0000000080002200 (0x00100113) li      sp, 1
core   0: 3 0x0000000080002200 (0x00100113) x2  0x0000000000000001
core   0: 0x0000000080002204 (0x00c11113) slli    sp, sp, 12
core   0: 3 0x0000000080002204 (0x00c11113) x2  0x0000000000001000
core   0: 0x0000000080002208 (0x002181b3) add     gp, gp, sp
core   0: 3 0x0000000080002208 (0x002181b3) x3  0x0000000080006010
core   0: 0x000000008000220c (0xc001bf07) fld     ft10, -1024(gp)
core   0: 3 0x000000008000220c (0xc001bf07) f30 0x3f8000000000002b mem 0x0000000080005c10
core   0: 0x0000000080002210 (0x402181b3) sub     gp, gp, sp
core   0: 3 0x0000000080002210 (0x402181b3) x3  0x0000000080005010
core   0: 0x0000000080002214 (0x00100113) li      sp, 1
core   0: 3 0x0000000080002214 (0x00100113) x2  0x0000000000000001
core   0: 0x0000000080002218 (0x00c11113) slli    sp, sp, 12
core   0: 3 0x0000000080002218 (0x00c11113) x2  0x0000000000001000
core   0: 0x000000008000221c (0x002181b3) add     gp, gp, sp
core   0: 3 0x000000008000221c (0x002181b3) x3  0x0000000080006010
core   0: 0x0000000080002220 (0xc081be87) fld     ft9, -1016(gp)
core   0: 3 0x0000000080002220 (0xc081be87) f29 0x3f90000000001016 mem 0x0000000080005c18
core   0: 0x0000000080002224 (0x402181b3) sub     gp, gp, sp
core   0: 3 0x0000000080002224 (0x402181b3) x3  0x0000000080005010
core   0: 0x0000000080002228 (0x00000113) li      sp, 0
core   0: 3 0x0000000080002228 (0x00000113) x2  0x0000000000000000
core   0: 0x000000008000222c (0x00311073) csrw    fcsr, sp
core   0: 3 0x000000008000222c (0x00311073) c1_fflags 0x0000000000000000 c2_frm 0x0000000000000000
core   0: 0x0000000080002230 (0x0bdf7fd3) fsub.d  ft11, ft10, ft9
core   0: 3 0x0000000080002230 (0x0bdf7fd3) f31 0xbf80000000002001
core   0: 0x0000000080002234 (0x00302273) csrr    tp, fcsr
core   0: 3 0x0000000080002234 (0x00302273) x4  0x0000000000000000
core   0: 0x0000000080002238 (0x41f0b027) fsd     ft11, 1024(ra)
core   0: 3 0x0000000080002238 (0x41f0b027) mem 0x0000000080007d18 0xbf80000000002001
core   0: 0x000000008000223c (0x4040b423) sd      tp, 1032(ra)
core   0: 3 0x000000008000223c (0x4040b423) mem 0x0000000080007d20 0x0000000000000000
core   0: >>>>  inst_193
core   0: 0x0000000080002240 (0x00100113) li      sp, 1
core   0: 3 0x0000000080002240 (0x00100113) x2  0x0000000000000001
core   0: 0x0000000080002244 (0x00c11113) slli    sp, sp, 12
core   0: 3 0x0000000080002244 (0x00c11113) x2  0x0000000000001000
core   0: 0x0000000080002248 (0x002181b3) add     gp, gp, sp
core   0: 3 0x0000000080002248 (0x002181b3) x3  0x0000000080006010
core   0: 0x000000008000224c (0xc101bf07) fld     ft10, -1008(gp)
core   0: 3 0x000000008000224c (0xc101bf07) f30 0x3f8000000000002d mem 0x0000000080005c20
core   0: 0x0000000080002250 (0x402181b3) sub     gp, gp, sp
core   0: 3 0x0000000080002250 (0x402181b3) x3  0x0000000080005010
core   0: 0x0000000080002254 (0x00100113) li      sp, 1
core   0: 3 0x0000000080002254 (0x00100113) x2  0x0000000000000001
core   0: 0x0000000080002258 (0x00c11113) slli    sp, sp, 12
core   0: 3 0x0000000080002258 (0x00c11113) x2  0x0000000000001000
core   0: 0x000000008000225c (0x002181b3) add     gp, gp, sp
core   0: 3 0x000000008000225c (0x002181b3) x3  0x0000000080006010
core   0: 0x0000000080002260 (0xc181be87) fld     ft9, -1000(gp)
core   0: 3 0x0000000080002260 (0xc181be87) f29 0x3f90000000000216 mem 0x0000000080005c28
core   0: 0x0000000080002264 (0x402181b3) sub     gp, gp, sp
core   0: 3 0x0000000080002264 (0x402181b3) x3  0x0000000080005010
core   0: 0x0000000080002268 (0x00000113) li      sp, 0
core   0: 3 0x0000000080002268 (0x00000113) x2  0x0000000000000000
core   0: 0x000000008000226c (0x00311073) csrw    fcsr, sp
core   0: 3 0x000000008000226c (0x00311073) c1_fflags 0x0000000000000000 c2_frm 0x0000000000000000
core   0: 0x0000000080002270 (0x0bdf7fd3) fsub.d  ft11, ft10, ft9
core   0: 3 0x0000000080002270 (0x0bdf7fd3) f31 0xbf800000000003ff
core   0: 0x0000000080002274 (0x00302273) csrr    tp, fcsr
core   0: 3 0x0000000080002274 (0x00302273) x4  0x0000000000000000
core   0: 0x0000000080002278 (0x41f0b827) fsd     ft11, 1040(ra)
core   0: 3 0x0000000080002278 (0x41f0b827) mem 0x0000000080007d28 0xbf800000000003ff
core   0: 0x000000008000227c (0x4040bc23) sd      tp, 1048(ra)
core   0: 3 0x000000008000227c (0x4040bc23) mem 0x0000000080007d30 0x0000000000000000
core   0: >>>>  inst_194
core   0: 0x0000000080002280 (0x00100113) li      sp, 1
core   0: 3 0x0000000080002280 (0x00100113) x2  0x0000000000000001
core   0: 0x0000000080002284 (0x00c11113) slli    sp, sp, 12
core   0: 3 0x0000000080002284 (0x00c11113) x2  0x0000000000001000
core   0: 0x0000000080002288 (0x002181b3) add     gp, gp, sp
core   0: 3 0x0000000080002288 (0x002181b3) x3  0x0000000080006010
core   0: 0x000000008000228c (0xc201bf07) fld     ft10, -992(gp)
core   0: 3 0x000000008000228c (0xc201bf07) f30 0x3f8000000000002e mem 0x0000000080005c30
core   0: 0x0000000080002290 (0x402181b3) sub     gp, gp, sp
core   0: 3 0x0000000080002290 (0x402181b3) x3  0x0000000080005010
core   0: 0x0000000080002294 (0x00100113) li      sp, 1
core   0: 3 0x0000000080002294 (0x00100113) x2  0x0000000000000001
core   0: 0x0000000080002298 (0x00c11113) slli    sp, sp, 12
core   0: 3 0x0000000080002298 (0x00c11113) x2  0x0000000000001000
core   0: 0x000000008000229c (0x002181b3) add     gp, gp, sp
core   0: 3 0x000000008000229c (0x002181b3) x3  0x0000000080006010
core   0: 0x00000000800022a0 (0xc281be87) fld     ft9, -984(gp)
core   0: 3 0x00000000800022a0 (0xc281be87) f29 0x3f90000000000117 mem 0x0000000080005c38
core   0: 0x00000000800022a4 (0x402181b3) sub     gp, gp, sp
core   0: 3 0x00000000800022a4 (0x402181b3) x3  0x0000000080005010
core   0: 0x00000000800022a8 (0x00000113) li      sp, 0
core   0: 3 0x00000000800022a8 (0x00000113) x2  0x0000000000000000
core   0: 0x00000000800022ac (0x00311073) csrw    fcsr, sp
core   0: 3 0x00000000800022ac (0x00311073) c1_fflags 0x0000000000000000 c2_frm 0x0000000000000000
core   0: 0x00000000800022b0 (0x0bdf7fd3) fsub.d  ft11, ft10, ft9
core   0: 3 0x00000000800022b0 (0x0bdf7fd3) f31 0xbf80000000000200
core   0: 0x00000000800022b4 (0x00302273) csrr    tp, fcsr
core   0: 3 0x00000000800022b4 (0x00302273) x4  0x0000000000000000
core   0: 0x00000000800022b8 (0x43f0b027) fsd     ft11, 1056(ra)
core   0: 3 0x00000000800022b8 (0x43f0b027) mem 0x0000000080007d38 0xbf80000000000200
core   0: 0x00000000800022bc (0x4240b423) sd      tp, 1064(ra)
core   0: 3 0x00000000800022bc (0x4240b423) mem 0x0000000080007d40 0x0000000000000000
core   0: >>>>  inst_195
core   0: 0x00000000800022c0 (0x00100113) li      sp, 1
core   0: 3 0x00000000800022c0 (0x00100113) x2  0x0000000000000001
core   0: 0x00000000800022c4 (0x00c11113) slli    sp, sp, 12
core   0: 3 0x00000000800022c4 (0x00c11113) x2  0x0000000000001000
core   0: 0x00000000800022c8 (0x002181b3) add     gp, gp, sp
core   0: 3 0x00000000800022c8 (0x002181b3) x3  0x0000000080006010
core   0: 0x00000000800022cc (0xc301bf07) fld     ft10, -976(gp)
core   0: 3 0x00000000800022cc (0xc301bf07) f30 0x3f80000000000035 mem 0x0000000080005c40
core   0: 0x00000000800022d0 (0x402181b3) sub     gp, gp, sp
core   0: 3 0x00000000800022d0 (0x402181b3) x3  0x0000000080005010
core   0: 0x00000000800022d4 (0x00100113) li      sp, 1
core   0: 3 0x00000000800022d4 (0x00100113) x2  0x0000000000000001
core   0: 0x00000000800022d8 (0x00c11113) slli    sp, sp, 12
core   0: 3 0x00000000800022d8 (0x00c11113) x2  0x0000000000001000
core   0: 0x00000000800022dc (0x002181b3) add     gp, gp, sp
core   0: 3 0x00000000800022dc (0x002181b3) x3  0x0000000080006010
core   0: 0x00000000800022e0 (0xc381be87) fld     ft9, -968(gp)
core   0: 3 0x00000000800022e0 (0xc381be87) f29 0x3f9000000000009a mem 0x0000000080005c48
core   0: 0x00000000800022e4 (0x402181b3) sub     gp, gp, sp
core   0: 3 0x00000000800022e4 (0x402181b3) x3  0x0000000080005010
core   0: 0x00000000800022e8 (0x00000113) li      sp, 0
core   0: 3 0x00000000800022e8 (0x00000113) x2  0x0000000000000000
core   0: 0x00000000800022ec (0x00311073) csrw    fcsr, sp
core   0: 3 0x00000000800022ec (0x00311073) c1_fflags 0x0000000000000000 c2_frm 0x0000000000000000
core   0: 0x00000000800022f0 (0x0bdf7fd3) fsub.d  ft11, ft10, ft9
core   0: 3 0x00000000800022f0 (0x0bdf7fd3) f31 0xbf800000000000ff
core   0: 0x00000000800022f4 (0x00302273) csrr    tp, fcsr
core   0: 3 0x00000000800022f4 (0x00302273) x4  0x0000000000000000
core   0: 0x00000000800022f8 (0x43f0b827) fsd     ft11, 1072(ra)
core   0: 3 0x00000000800022f8 (0x43f0b827) mem 0x0000000080007d48 0xbf800000000000ff
core   0: 0x00000000800022fc (0x4240bc23) sd      tp, 1080(ra)
core   0: 3 0x00000000800022fc (0x4240bc23) mem 0x0000000080007d50 0x0000000000000000
core   0: >>>>  inst_196
core   0: 0x0000000080002300 (0x00100113) li      sp, 1
core   0: 3 0x0000000080002300 (0x00100113) x2  0x0000000000000001
core   0: 0x0000000080002304 (0x00c11113) slli    sp, sp, 12
core   0: 3 0x0000000080002304 (0x00c11113) x2  0x0000000000001000
core   0: 0x0000000080002308 (0x002181b3) add     gp, gp, sp
core   0: 3 0x0000000080002308 (0x002181b3) x3  0x0000000080006010
core   0: 0x000000008000230c (0xc401bf07) fld     ft10, -960(gp)
core   0: 3 0x000000008000230c (0xc401bf07) f30 0x3f80000000000037 mem 0x0000000080005c50
core   0: 0x0000000080002310 (0x402181b3) sub     gp, gp, sp
core   0: 3 0x0000000080002310 (0x402181b3) x3  0x0000000080005010
core   0: 0x0000000080002314 (0x00100113) li      sp, 1
core   0: 3 0x0000000080002314 (0x00100113) x2  0x0000000000000001
core   0: 0x0000000080002318 (0x00c11113) slli    sp, sp, 12
core   0: 3 0x0000000080002318 (0x00c11113) x2  0x0000000000001000
core   0: 0x000000008000231c (0x002181b3) add     gp, gp, sp
core   0: 3 0x000000008000231c (0x002181b3) x3  0x0000000080006010
core   0: 0x0000000080002320 (0xc481be87) fld     ft9, -952(gp)
core   0: 3 0x0000000080002320 (0xc481be87) f29 0x3f90000000000024 mem 0x0000000080005c58
core   0: 0x0000000080002324 (0x402181b3) sub     gp, gp, sp
core   0: 3 0x0000000080002324 (0x402181b3) x3  0x0000000080005010
core   0: 0x0000000080002328 (0x00000113) li      sp, 0
core   0: 3 0x0000000080002328 (0x00000113) x2  0x0000000000000000
core   0: 0x000000008000232c (0x00311073) csrw    fcsr, sp
core   0: 3 0x000000008000232c (0x00311073) c1_fflags 0x0000000000000000 c2_frm 0x0000000000000000
core   0: 0x0000000080002330 (0x0bdf7fd3) fsub.d  ft11, ft10, ft9
core   0: 3 0x0000000080002330 (0x0bdf7fd3) f31 0xbf80000000000011
core   0: 0x0000000080002334 (0x00302273) csrr    tp, fcsr
core   0: 3 0x0000000080002334 (0x00302273) x4  0x0000000000000000
core   0: 0x0000000080002338 (0x45f0b027) fsd     ft11, 1088(ra)
core   0: 3 0x0000000080002338 (0x45f0b027) mem 0x0000000080007d58 0xbf80000000000011
core   0: 0x000000008000233c (0x4440b423) sd      tp, 1096(ra)
core   0: 3 0x000000008000233c (0x4440b423) mem 0x0000000080007d60 0x0000000000000000
core   0: >>>>  inst_197
core   0: 0x0000000080002340 (0x00100113) li      sp, 1
core   0: 3 0x0000000080002340 (0x00100113) x2  0x0000000000000001
core   0: 0x0000000080002344 (0x00c11113) slli    sp, sp, 12
core   0: 3 0x0000000080002344 (0x00c11113) x2  0x0000000000001000
core   0: 0x0000000080002348 (0x002181b3) add     gp, gp, sp
core   0: 3 0x0000000080002348 (0x002181b3) x3  0x0000000080006010
core   0: 0x000000008000234c (0xc501bf07) fld     ft10, -944(gp)
core   0: 3 0x000000008000234c (0xc501bf07) f30 0x3f8000000000003a mem 0x0000000080005c60
core   0: 0x0000000080002350 (0x402181b3) sub     gp, gp, sp
core   0: 3 0x0000000080002350 (0x402181b3) x3  0x0000000080005010
core   0: 0x0000000080002354 (0x00100113) li      sp, 1
core   0: 3 0x0000000080002354 (0x00100113) x2  0x0000000000000001
core   0: 0x0000000080002358 (0x00c11113) slli    sp, sp, 12
core   0: 3 0x0000000080002358 (0x00c11113) x2  0x0000000000001000
core   0: 0x000000008000235c (0x002181b3) add     gp, gp, sp
core   0: 3 0x000000008000235c (0x002181b3) x3  0x0000000080006010
core   0: 0x0000000080002360 (0xc581be87) fld     ft9, -936(gp)
core   0: 3 0x0000000080002360 (0xc581be87) f29 0x3f9000000020001d mem 0x0000000080005c68
core   0: 0x0000000080002364 (0x402181b3) sub     gp, gp, sp
core   0: 3 0x0000000080002364 (0x402181b3) x3  0x0000000080005010
core   0: 0x0000000080002368 (0x00000113) li      sp, 0
core   0: 3 0x0000000080002368 (0x00000113) x2  0x0000000000000000
core   0: 0x000000008000236c (0x00311073) csrw    fcsr, sp
core   0: 3 0x000000008000236c (0x00311073) c1_fflags 0x0000000000000000 c2_frm 0x0000000000000000
core   0: 0x0000000080002370 (0x0bdf7fd3) fsub.d  ft11, ft10, ft9
core   0: 3 0x0000000080002370 (0x0bdf7fd3) f31 0xbf80000000400000
core   0: 0x0000000080002374 (0x00302273) csrr    tp, fcsr
core   0: 3 0x0000000080002374 (0x00302273) x4  0x0000000000000000
core   0: 0x0000000080002378 (0x45f0b827) fsd     ft11, 1104(ra)
core   0: 3 0x0000000080002378 (0x45f0b827) mem 0x0000000080007d68 0xbf80000000400000
core   0: 0x000000008000237c (0x4440bc23) sd      tp, 1112(ra)
core   0: 3 0x000000008000237c (0x4440bc23) mem 0x0000000080007d70 0x0000000000000000
core   0: >>>>  inst_198
core   0: 0x0000000080002380 (0x00100113) li      sp, 1
core   0: 3 0x0000000080002380 (0x00100113) x2  0x0000000000000001
core   0: 0x0000000080002384 (0x00c11113) slli    sp, sp, 12
core   0: 3 0x0000000080002384 (0x00c11113) x2  0x0000000000001000
core   0: 0x0000000080002388 (0x002181b3) add     gp, gp, sp
core   0: 3 0x0000000080002388 (0x002181b3) x3  0x0000000080006010
core   0: 0x000000008000238c (0xc601bf07) fld     ft10, -928(gp)
core   0: 3 0x000000008000238c (0xc601bf07) f30 0x3f8000000000003e mem 0x0000000080005c70
core   0: 0x0000000080002390 (0x402181b3) sub     gp, gp, sp
core   0: 3 0x0000000080002390 (0x402181b3) x3  0x0000000080005010
core   0: 0x0000000080002394 (0x00100113) li      sp, 1
core   0: 3 0x0000000080002394 (0x00100113) x2  0x0000000000000001
core   0: 0x0000000080002398 (0x00c11113) slli    sp, sp, 12
core   0: 3 0x0000000080002398 (0x00c11113) x2  0x0000000000001000
core   0: 0x000000008000239c (0x002181b3) add     gp, gp, sp
core   0: 3 0x000000008000239c (0x002181b3) x3  0x0000000080006010
core   0: 0x00000000800023a0 (0xc681be87) fld     ft9, -920(gp)
core   0: 3 0x00000000800023a0 (0xc681be87) f29 0x3f9000000000002f mem 0x0000000080005c78
core   0: 0x00000000800023a4 (0x402181b3) sub     gp, gp, sp
core   0: 3 0x00000000800023a4 (0x402181b3) x3  0x0000000080005010
core   0: 0x00000000800023a8 (0x00000113) li      sp, 0
core   0: 3 0x00000000800023a8 (0x00000113) x2  0x0000000000000000
core   0: 0x00000000800023ac (0x00311073) csrw    fcsr, sp
core   0: 3 0x00000000800023ac (0x00311073) c1_fflags 0x0000000000000000 c2_frm 0x0000000000000000
core   0: 0x00000000800023b0 (0x0bdf7fd3) fsub.d  ft11, ft10, ft9
core   0: 3 0x00000000800023b0 (0x0bdf7fd3) f31 0xbf80000000000020
core   0: 0x00000000800023b4 (0x00302273) csrr    tp, fcsr
core   0: 3 0x00000000800023b4 (0x00302273) x4  0x0000000000000000
core   0: 0x00000000800023b8 (0x47f0b027) fsd     ft11, 1120(ra)
core   0: 3 0x00000000800023b8 (0x47f0b027) mem 0x0000000080007d78 0xbf80000000000020
core   0: 0x00000000800023bc (0x4640b423) sd      tp, 1128(ra)
core   0: 3 0x00000000800023bc (0x4640b423) mem 0x0000000080007d80 0x0000000000000000
core   0: >>>>  inst_199
core   0: 0x00000000800023c0 (0x00100113) li      sp, 1
core   0: 3 0x00000000800023c0 (0x00100113) x2  0x0000000000000001
core   0: 0x00000000800023c4 (0x00c11113) slli    sp, sp, 12
core   0: 3 0x00000000800023c4 (0x00c11113) x2  0x0000000000001000
core   0: 0x00000000800023c8 (0x002181b3) add     gp, gp, sp
core   0: 3 0x00000000800023c8 (0x002181b3) x3  0x0000000080006010
core   0: 0x00000000800023cc (0xc701bf07) fld     ft10, -912(gp)
core   0: 3 0x00000000800023cc (0xc701bf07) f30 0x3f80000000000045 mem 0x0000000080005c80
core   0: 0x00000000800023d0 (0x402181b3) sub     gp, gp, sp
core   0: 3 0x00000000800023d0 (0x402181b3) x3  0x0000000080005010
core   0: 0x00000000800023d4 (0x00100113) li      sp, 1
core   0: 3 0x00000000800023d4 (0x00100113) x2  0x0000000000000001
core   0: 0x00000000800023d8 (0x00c11113) slli    sp, sp, 12
core   0: 3 0x00000000800023d8 (0x00c11113) x2  0x0000000000001000
core   0: 0x00000000800023dc (0x002181b3) add     gp, gp, sp
core   0: 3 0x00000000800023dc (0x002181b3) x3  0x0000000080006010
core   0: 0x00000000800023e0 (0xc781be87) fld     ft9, -904(gp)
core   0: 3 0x00000000800023e0 (0xc781be87) f29 0x3f90000000000422 mem 0x0000000080005c88
core   0: 0x00000000800023e4 (0x402181b3) sub     gp, gp, sp
core   0: 3 0x00000000800023e4 (0x402181b3) x3  0x0000000080005010
core   0: 0x00000000800023e8 (0x00000113) li      sp, 0
core   0: 3 0x00000000800023e8 (0x00000113) x2  0x0000000000000000
core   0: 0x00000000800023ec (0x00311073) csrw    fcsr, sp
core   0: 3 0x00000000800023ec (0x00311073) c1_fflags 0x0000000000000000 c2_frm 0x0000000000000000
core   0: 0x00000000800023f0 (0x0bdf7fd3) fsub.d  ft11, ft10, ft9
core   0: 3 0x00000000800023f0 (0x0bdf7fd3) f31 0xbf800000000007ff
core   0: 0x00000000800023f4 (0x00302273) csrr    tp, fcsr
core   0: 3 0x00000000800023f4 (0x00302273) x4  0x0000000000000000
core   0: 0x00000000800023f8 (0x47f0b827) fsd     ft11, 1136(ra)
core   0: 3 0x00000000800023f8 (0x47f0b827) mem 0x0000000080007d88 0xbf800000000007ff
core   0: 0x00000000800023fc (0x4640bc23) sd      tp, 1144(ra)
core   0: 3 0x00000000800023fc (0x4640bc23) mem 0x0000000080007d90 0x0000000000000000
core   0: >>>>  inst_200
core   0: 0x0000000080002400 (0x00100113) li      sp, 1
core   0: 3 0x0000000080002400 (0x00100113) x2  0x0000000000000001
core   0: 0x0000000080002404 (0x00c11113) slli    sp, sp, 12
core   0: 3 0x0000000080002404 (0x00c11113) x2  0x0000000000001000
core   0: 0x0000000080002408 (0x002181b3) add     gp, gp, sp
core   0: 3 0x0000000080002408 (0x002181b3) x3  0x0000000080006010
core   0: 0x000000008000240c (0xc801bf07) fld     ft10, -896(gp)
core   0: 3 0x000000008000240c (0xc801bf07) f30 0x3f80000000000048 mem 0x0000000080005c90
core   0: 0x0000000080002410 (0x402181b3) sub     gp, gp, sp
core   0: 3 0x0000000080002410 (0x402181b3) x3  0x0000000080005010
core   0: 0x0000000080002414 (0x00100113) li      sp, 1
core   0: 3 0x0000000080002414 (0x00100113) x2  0x0000000000000001
core   0: 0x0000000080002418 (0x00c11113) slli    sp, sp, 12
core   0: 3 0x0000000080002418 (0x00c11113) x2  0x0000000000001000
core   0: 0x000000008000241c (0x002181b3) add     gp, gp, sp
core   0: 3 0x000000008000241c (0x002181b3) x3  0x0000000080006010
core   0: 0x0000000080002420 (0xc881be87) fld     ft9, -888(gp)
core   0: 3 0x0000000080002420 (0xc881be87) f29 0x3f90000000000028 mem 0x0000000080005c98
core   0: 0x0000000080002424 (0x402181b3) sub     gp, gp, sp
core   0: 3 0x0000000080002424 (0x402181b3) x3  0x0000000080005010
core   0: 0x0000000080002428 (0x00000113) li      sp, 0
core   0: 3 0x0000000080002428 (0x00000113) x2  0x0000000000000000
core   0: 0x000000008000242c (0x00311073) csrw    fcsr, sp
core   0: 3 0x000000008000242c (0x00311073) c1_fflags 0x0000000000000000 c2_frm 0x0000000000000000
core   0: 0x0000000080002430 (0x0bdf7fd3) fsub.d  ft11, ft10, ft9
core   0: 3 0x0000000080002430 (0x0bdf7fd3) f31 0xbf80000000000008
core   0: 0x0000000080002434 (0x00302273) csrr    tp, fcsr
core   0: 3 0x0000000080002434 (0x00302273) x4  0x0000000000000000
core   0: 0x0000000080002438 (0x49f0b027) fsd     ft11, 1152(ra)
core   0: 3 0x0000000080002438 (0x49f0b027) mem 0x0000000080007d98 0xbf80000000000008
core   0: 0x000000008000243c (0x4840b423) sd      tp, 1160(ra)
core   0: 3 0x000000008000243c (0x4840b423) mem 0x0000000080007da0 0x0000000000000000
core   0: >>>>  inst_201
core   0: 0x0000000080002440 (0x00100113) li      sp, 1
core   0: 3 0x0000000080002440 (0x00100113) x2  0x0000000000000001
core   0: 0x0000000080002444 (0x00c11113) slli    sp, sp, 12
core   0: 3 0x0000000080002444 (0x00c11113) x2  0x0000000000001000
core   0: 0x0000000080002448 (0x002181b3) add     gp, gp, sp
core   0: 3 0x0000000080002448 (0x002181b3) x3  0x0000000080006010
core   0: 0x000000008000244c (0xc901bf07) fld     ft10, -880(gp)
core   0: 3 0x000000008000244c (0xc901bf07) f30 0x3f80000000000049 mem 0x0000000080005ca0
core   0: 0x0000000080002450 (0x402181b3) sub     gp, gp, sp
core   0: 3 0x0000000080002450 (0x402181b3) x3  0x0000000080005010
core   0: 0x0000000080002454 (0x00100113) li      sp, 1
core   0: 3 0x0000000080002454 (0x00100113) x2  0x0000000000000001
core   0: 0x0000000080002458 (0x00c11113) slli    sp, sp, 12
core   0: 3 0x0000000080002458 (0x00c11113) x2  0x0000000000001000
core   0: 0x000000008000245c (0x002181b3) add     gp, gp, sp
core   0: 3 0x000000008000245c (0x002181b3) x3  0x0000000080006010
core   0: 0x0000000080002460 (0xc981be87) fld     ft9, -872(gp)
core   0: 3 0x0000000080002460 (0xc981be87) f29 0x3f90000000000044 mem 0x0000000080005ca8
core   0: 0x0000000080002464 (0x402181b3) sub     gp, gp, sp
core   0: 3 0x0000000080002464 (0x402181b3) x3  0x0000000080005010
core   0: 0x0000000080002468 (0x00000113) li      sp, 0
core   0: 3 0x0000000080002468 (0x00000113) x2  0x0000000000000000
core   0: 0x000000008000246c (0x00311073) csrw    fcsr, sp
core   0: 3 0x000000008000246c (0x00311073) c1_fflags 0x0000000000000000 c2_frm 0x0000000000000000
core   0: 0x0000000080002470 (0x0bdf7fd3) fsub.d  ft11, ft10, ft9
core   0: 3 0x0000000080002470 (0x0bdf7fd3) f31 0xbf8000000000003f
core   0: 0x0000000080002474 (0x00302273) csrr    tp, fcsr
core   0: 3 0x0000000080002474 (0x00302273) x4  0x0000000000000000
core   0: 0x0000000080002478 (0x49f0b827) fsd     ft11, 1168(ra)
core   0: 3 0x0000000080002478 (0x49f0b827) mem 0x0000000080007da8 0xbf8000000000003f
core   0: 0x000000008000247c (0x4840bc23) sd      tp, 1176(ra)
core   0: 3 0x000000008000247c (0x4840bc23) mem 0x0000000080007db0 0x0000000000000000
core   0: >>>>  inst_202
core   0: 0x0000000080002480 (0x00100113) li      sp, 1
core   0: 3 0x0000000080002480 (0x00100113) x2  0x0000000000000001
core   0: 0x0000000080002484 (0x00c11113) slli    sp, sp, 12
core   0: 3 0x0000000080002484 (0x00c11113) x2  0x0000000000001000
core   0: 0x0000000080002488 (0x002181b3) add     gp, gp, sp
core   0: 3 0x0000000080002488 (0x002181b3) x3  0x0000000080006010
core   0: 0x000000008000248c (0xca01bf07) fld     ft10, -864(gp)
core   0: 3 0x000000008000248c (0xca01bf07) f30 0x3f8000000000004b mem 0x0000000080005cb0
core   0: 0x0000000080002490 (0x402181b3) sub     gp, gp, sp
core   0: 3 0x0000000080002490 (0x402181b3) x3  0x0000000080005010
core   0: 0x0000000080002494 (0x00100113) li      sp, 1
core   0: 3 0x0000000080002494 (0x00100113) x2  0x0000000000000001
core   0: 0x0000000080002498 (0x00c11113) slli    sp, sp, 12
core   0: 3 0x0000000080002498 (0x00c11113) x2  0x0000000000001000
core   0: 0x000000008000249c (0x002181b3) add     gp, gp, sp
core   0: 3 0x000000008000249c (0x002181b3) x3  0x0000000080006010
core   0: 0x00000000800024a0 (0xca81be87) fld     ft9, -856(gp)
core   0: 3 0x00000000800024a0 (0xca81be87) f29 0x3f90000000010026 mem 0x0000000080005cb8
core   0: 0x00000000800024a4 (0x402181b3) sub     gp, gp, sp
core   0: 3 0x00000000800024a4 (0x402181b3) x3  0x0000000080005010
core   0: 0x00000000800024a8 (0x00000113) li      sp, 0
core   0: 3 0x00000000800024a8 (0x00000113) x2  0x0000000000000000
core   0: 0x00000000800024ac (0x00311073) csrw    fcsr, sp
core   0: 3 0x00000000800024ac (0x00311073) c1_fflags 0x0000000000000000 c2_frm 0x0000000000000000
core   0: 0x00000000800024b0 (0x0bdf7fd3) fsub.d  ft11, ft10, ft9
core   0: 3 0x00000000800024b0 (0x0bdf7fd3) f31 0xbf80000000020001
core   0: 0x00000000800024b4 (0x00302273) csrr    tp, fcsr
core   0: 3 0x00000000800024b4 (0x00302273) x4  0x0000000000000000
core   0: 0x00000000800024b8 (0x4bf0b027) fsd     ft11, 1184(ra)
core   0: 3 0x00000000800024b8 (0x4bf0b027) mem 0x0000000080007db8 0xbf80000000020001
core   0: 0x00000000800024bc (0x4a40b423) sd      tp, 1192(ra)
core   0: 3 0x00000000800024bc (0x4a40b423) mem 0x0000000080007dc0 0x0000000000000000
core   0: >>>>  inst_203
core   0: 0x00000000800024c0 (0x00100113) li      sp, 1
core   0: 3 0x00000000800024c0 (0x00100113) x2  0x0000000000000001
core   0: 0x00000000800024c4 (0x00c11113) slli    sp, sp, 12
core   0: 3 0x00000000800024c4 (0x00c11113) x2  0x0000000000001000
core   0: 0x00000000800024c8 (0x002181b3) add     gp, gp, sp
core   0: 3 0x00000000800024c8 (0x002181b3) x3  0x0000000080006010
core   0: 0x00000000800024cc (0xcb01bf07) fld     ft10, -848(gp)
core   0: 3 0x00000000800024cc (0xcb01bf07) f30 0x3f8000000000004d mem 0x0000000080005cc0
core   0: 0x00000000800024d0 (0x402181b3) sub     gp, gp, sp
core   0: 3 0x00000000800024d0 (0x402181b3) x3  0x0000000080005010
core   0: 0x00000000800024d4 (0x00100113) li      sp, 1
core   0: 3 0x00000000800024d4 (0x00100113) x2  0x0000000000000001
core   0: 0x00000000800024d8 (0x00c11113) slli    sp, sp, 12
core   0: 3 0x00000000800024d8 (0x00c11113) x2  0x0000000000001000
core   0: 0x00000000800024dc (0x002181b3) add     gp, gp, sp
core   0: 3 0x00000000800024dc (0x002181b3) x3  0x0000000080006010
core   0: 0x00000000800024e0 (0xcb81be87) fld     ft9, -840(gp)
core   0: 3 0x00000000800024e0 (0xcb81be87) f29 0x3f90000000002026 mem 0x0000000080005cc8
core   0: 0x00000000800024e4 (0x402181b3) sub     gp, gp, sp
core   0: 3 0x00000000800024e4 (0x402181b3) x3  0x0000000080005010
core   0: 0x00000000800024e8 (0x00000113) li      sp, 0
core   0: 3 0x00000000800024e8 (0x00000113) x2  0x0000000000000000
core   0: 0x00000000800024ec (0x00311073) csrw    fcsr, sp
core   0: 3 0x00000000800024ec (0x00311073) c1_fflags 0x0000000000000000 c2_frm 0x0000000000000000
core   0: 0x00000000800024f0 (0x0bdf7fd3) fsub.d  ft11, ft10, ft9
core   0: 3 0x00000000800024f0 (0x0bdf7fd3) f31 0xbf80000000003fff
core   0: 0x00000000800024f4 (0x00302273) csrr    tp, fcsr
core   0: 3 0x00000000800024f4 (0x00302273) x4  0x0000000000000000
core   0: 0x00000000800024f8 (0x4bf0b827) fsd     ft11, 1200(ra)
core   0: 3 0x00000000800024f8 (0x4bf0b827) mem 0x0000000080007dc8 0xbf80000000003fff
core   0: 0x00000000800024fc (0x4a40bc23) sd      tp, 1208(ra)
core   0: 3 0x00000000800024fc (0x4a40bc23) mem 0x0000000080007dd0 0x0000000000000000
core   0: >>>>  inst_204
core   0: 0x0000000080002500 (0x00100113) li      sp, 1
core   0: 3 0x0000000080002500 (0x00100113) x2  0x0000000000000001
core   0: 0x0000000080002504 (0x00c11113) slli    sp, sp, 12
core   0: 3 0x0000000080002504 (0x00c11113) x2  0x0000000000001000
core   0: 0x0000000080002508 (0x002181b3) add     gp, gp, sp
core   0: 3 0x0000000080002508 (0x002181b3) x3  0x0000000080006010
core   0: 0x000000008000250c (0xcc01bf07) fld     ft10, -832(gp)
core   0: 3 0x000000008000250c (0xcc01bf07) f30 0x3f80000000000050 mem 0x0000000080005cd0
core   0: 0x0000000080002510 (0x402181b3) sub     gp, gp, sp
core   0: 3 0x0000000080002510 (0x402181b3) x3  0x0000000080005010
core   0: 0x0000000080002514 (0x00100113) li      sp, 1
core   0: 3 0x0000000080002514 (0x00100113) x2  0x0000000000000001
core   0: 0x0000000080002518 (0x00c11113) slli    sp, sp, 12
core   0: 3 0x0000000080002518 (0x00c11113) x2  0x0000000000001000
core   0: 0x000000008000251c (0x002181b3) add     gp, gp, sp
core   0: 3 0x000000008000251c (0x002181b3) x3  0x0000000080006010
core   0: 0x0000000080002520 (0xcc81be87) fld     ft9, -824(gp)
core   0: 3 0x0000000080002520 (0xcc81be87) f29 0x3f90000000000828 mem 0x0000000080005cd8
core   0: 0x0000000080002524 (0x402181b3) sub     gp, gp, sp
core   0: 3 0x0000000080002524 (0x402181b3) x3  0x0000000080005010
core   0: 0x0000000080002528 (0x00000113) li      sp, 0
core   0: 3 0x0000000080002528 (0x00000113) x2  0x0000000000000000
core   0: 0x000000008000252c (0x00311073) csrw    fcsr, sp
core   0: 3 0x000000008000252c (0x00311073) c1_fflags 0x0000000000000000 c2_frm 0x0000000000000000
core   0: 0x0000000080002530 (0x0bdf7fd3) fsub.d  ft11, ft10, ft9
core   0: 3 0x0000000080002530 (0x0bdf7fd3) f31 0xbf80000000001000
core   0: 0x0000000080002534 (0x00302273) csrr    tp, fcsr
core   0: 3 0x0000000080002534 (0x00302273) x4  0x0000000000000000
core   0: 0x0000000080002538 (0x4df0b027) fsd     ft11, 1216(ra)
core   0: 3 0x0000000080002538 (0x4df0b027) mem 0x0000000080007dd8 0xbf80000000001000
core   0: 0x000000008000253c (0x4c40b423) sd      tp, 1224(ra)
core   0: 3 0x000000008000253c (0x4c40b423) mem 0x0000000080007de0 0x0000000000000000
core   0: >>>>  inst_205
core   0: 0x0000000080002540 (0x00100113) li      sp, 1
core   0: 3 0x0000000080002540 (0x00100113) x2  0x0000000000000001
core   0: 0x0000000080002544 (0x00c11113) slli    sp, sp, 12
core   0: 3 0x0000000080002544 (0x00c11113) x2  0x0000000000001000
core   0: 0x0000000080002548 (0x002181b3) add     gp, gp, sp
core   0: 3 0x0000000080002548 (0x002181b3) x3  0x0000000080006010
core   0: 0x000000008000254c (0xcd01bf07) fld     ft10, -816(gp)
core   0: 3 0x000000008000254c (0xcd01bf07) f30 0x3f80000000000057 mem 0x0000000080005ce0
core   0: 0x0000000080002550 (0x402181b3) sub     gp, gp, sp
core   0: 3 0x0000000080002550 (0x402181b3) x3  0x0000000080005010
core   0: 0x0000000080002554 (0x00100113) li      sp, 1
core   0: 3 0x0000000080002554 (0x00100113) x2  0x0000000000000001
core   0: 0x0000000080002558 (0x00c11113) slli    sp, sp, 12
core   0: 3 0x0000000080002558 (0x00c11113) x2  0x0000000000001000
core   0: 0x000000008000255c (0x002181b3) add     gp, gp, sp
core   0: 3 0x000000008000255c (0x002181b3) x3  0x0000000080006010
core   0: 0x0000000080002560 (0xcd81be87) fld     ft9, -808(gp)
core   0: 3 0x0000000080002560 (0xcd81be87) f29 0x3f9000000008002c mem 0x0000000080005ce8
core   0: 0x0000000080002564 (0x402181b3) sub     gp, gp, sp
core   0: 3 0x0000000080002564 (0x402181b3) x3  0x0000000080005010
core   0: 0x0000000080002568 (0x00000113) li      sp, 0
core   0: 3 0x0000000080002568 (0x00000113) x2  0x0000000000000000
core   0: 0x000000008000256c (0x00311073) csrw    fcsr, sp
core   0: 3 0x000000008000256c (0x00311073) c1_fflags 0x0000000000000000 c2_frm 0x0000000000000000
core   0: 0x0000000080002570 (0x0bdf7fd3) fsub.d  ft11, ft10, ft9
core   0: 3 0x0000000080002570 (0x0bdf7fd3) f31 0xbf80000000100001
core   0: 0x0000000080002574 (0x00302273) csrr    tp, fcsr
core   0: 3 0x0000000080002574 (0x00302273) x4  0x0000000000000000
core   0: 0x0000000080002578 (0x4df0b827) fsd     ft11, 1232(ra)
core   0: 3 0x0000000080002578 (0x4df0b827) mem 0x0000000080007de8 0xbf80000000100001
core   0: 0x000000008000257c (0x4c40bc23) sd      tp, 1240(ra)
core   0: 3 0x000000008000257c (0x4c40bc23) mem 0x0000000080007df0 0x0000000000000000
core   0: >>>>  inst_206
core   0: 0x0000000080002580 (0x00100113) li      sp, 1
core   0: 3 0x0000000080002580 (0x00100113) x2  0x0000000000000001
core   0: 0x0000000080002584 (0x00c11113) slli    sp, sp, 12
core   0: 3 0x0000000080002584 (0x00c11113) x2  0x0000000000001000
core   0: 0x0000000080002588 (0x002181b3) add     gp, gp, sp
core   0: 3 0x0000000080002588 (0x002181b3) x3  0x0000000080006010
core   0: 0x000000008000258c (0xce01bf07) fld     ft10, -800(gp)
core   0: 3 0x000000008000258c (0xce01bf07) f30 0x3f8000000000005f mem 0x0000000080005cf0
core   0: 0x0000000080002590 (0x402181b3) sub     gp, gp, sp
core   0: 3 0x0000000080002590 (0x402181b3) x3  0x0000000080005010
core   0: 0x0000000080002594 (0x00100113) li      sp, 1
core   0: 3 0x0000000080002594 (0x00100113) x2  0x0000000000000001
core   0: 0x0000000080002598 (0x00c11113) slli    sp, sp, 12
core   0: 3 0x0000000080002598 (0x00c11113) x2  0x0000000000001000
core   0: 0x000000008000259c (0x002181b3) add     gp, gp, sp
core   0: 3 0x000000008000259c (0x002181b3) x3  0x0000000080006010
core   0: 0x00000000800025a0 (0xce81be87) fld     ft9, -792(gp)
core   0: 3 0x00000000800025a0 (0xce81be87) f29 0x3f90000000000030 mem 0x0000000080005cf8
core   0: 0x00000000800025a4 (0x402181b3) sub     gp, gp, sp
core   0: 3 0x00000000800025a4 (0x402181b3) x3  0x0000000080005010
core   0: 0x00000000800025a8 (0x00000113) li      sp, 0
core   0: 3 0x00000000800025a8 (0x00000113) x2  0x0000000000000000
core   0: 0x00000000800025ac (0x00311073) csrw    fcsr, sp
core   0: 3 0x00000000800025ac (0x00311073) c1_fflags 0x0000000000000000 c2_frm 0x0000000000000000
core   0: 0x00000000800025b0 (0x0bdf7fd3) fsub.d  ft11, ft10, ft9
core   0: 3 0x00000000800025b0 (0x0bdf7fd3) f31 0xbf80000000000001
core   0: 0x00000000800025b4 (0x00302273) csrr    tp, fcsr
core   0: 3 0x00000000800025b4 (0x00302273) x4  0x0000000000000000
core   0: 0x00000000800025b8 (0x4ff0b027) fsd     ft11, 1248(ra)
core   0: 3 0x00000000800025b8 (0x4ff0b027) mem 0x0000000080007df8 0xbf80000000000001
core   0: 0x00000000800025bc (0x4e40b423) sd      tp, 1256(ra)
core   0: 3 0x00000000800025bc (0x4e40b423) mem 0x0000000080007e00 0x0000000000000000
core   0: >>>>  inst_207
core   0: 0x00000000800025c0 (0x00100113) li      sp, 1
core   0: 3 0x00000000800025c0 (0x00100113) x2  0x0000000000000001
core   0: 0x00000000800025c4 (0x00c11113) slli    sp, sp, 12
core   0: 3 0x00000000800025c4 (0x00c11113) x2  0x0000000000001000
core   0: 0x00000000800025c8 (0x002181b3) add     gp, gp, sp
core   0: 3 0x00000000800025c8 (0x002181b3) x3  0x0000000080006010
core   0: 0x00000000800025cc (0xcf01bf07) fld     ft10, -784(gp)
core   0: 3 0x00000000800025cc (0xcf01bf07) f30 0x3ff000000000000c mem 0x0000000080005d00
core   0: 0x00000000800025d0 (0x402181b3) sub     gp, gp, sp
core   0: 3 0x00000000800025d0 (0x402181b3) x3  0x0000000080005010
core   0: 0x00000000800025d4 (0x00100113) li      sp, 1
core   0: 3 0x00000000800025d4 (0x00100113) x2  0x0000000000000001
core   0: 0x00000000800025d8 (0x00c11113) slli    sp, sp, 12
core   0: 3 0x00000000800025d8 (0x00c11113) x2  0x0000000000001000
core   0: 0x00000000800025dc (0x002181b3) add     gp, gp, sp
core   0: 3 0x00000000800025dc (0x002181b3) x3  0x0000000080006010
core   0: 0x00000000800025e0 (0xcf81be87) fld     ft9, -776(gp)
core   0: 3 0x00000000800025e0 (0xcf81be87) f29 0x3ce0000000000000 mem 0x0000000080005d08
core   0: 0x00000000800025e4 (0x402181b3) sub     gp, gp, sp
core   0: 3 0x00000000800025e4 (0x402181b3) x3  0x0000000080005010
core   0: 0x00000000800025e8 (0x00000113) li      sp, 0
core   0: 3 0x00000000800025e8 (0x00000113) x2  0x0000000000000000
core   0: 0x00000000800025ec (0x00311073) csrw    fcsr, sp
core   0: 3 0x00000000800025ec (0x00311073) c1_fflags 0x0000000000000000 c2_frm 0x0000000000000000
core   0: 0x00000000800025f0 (0x0bdf7fd3) fsub.d  ft11, ft10, ft9
core   0: 3 0x00000000800025f0 (0x0bdf7fd3) f31 0x3ff0000000000004
core   0: 0x00000000800025f4 (0x00302273) csrr    tp, fcsr
core   0: 3 0x00000000800025f4 (0x00302273) x4  0x0000000000000000
core   0: 0x00000000800025f8 (0x4ff0b827) fsd     ft11, 1264(ra)
core   0: 3 0x00000000800025f8 (0x4ff0b827) mem 0x0000000080007e08 0x3ff0000000000004
core   0: 0x00000000800025fc (0x4e40bc23) sd      tp, 1272(ra)
core   0: 3 0x00000000800025fc (0x4e40bc23) mem 0x0000000080007e10 0x0000000000000000
core   0: >>>>  inst_208
core   0: 0x0000000080002600 (0x00100113) li      sp, 1
core   0: 3 0x0000000080002600 (0x00100113) x2  0x0000000000000001
core   0: 0x0000000080002604 (0x00c11113) slli    sp, sp, 12
core   0: 3 0x0000000080002604 (0x00c11113) x2  0x0000000000001000
core   0: 0x0000000080002608 (0x002181b3) add     gp, gp, sp
core   0: 3 0x0000000080002608 (0x002181b3) x3  0x0000000080006010
core   0: 0x000000008000260c (0xd001bf07) fld     ft10, -768(gp)
core   0: 3 0x000000008000260c (0xd001bf07) f30 0x3ff000000000000e mem 0x0000000080005d10
core   0: 0x0000000080002610 (0x402181b3) sub     gp, gp, sp
core   0: 3 0x0000000080002610 (0x402181b3) x3  0x0000000080005010
core   0: 0x0000000080002614 (0x00100113) li      sp, 1
core   0: 3 0x0000000080002614 (0x00100113) x2  0x0000000000000001
core   0: 0x0000000080002618 (0x00c11113) slli    sp, sp, 12
core   0: 3 0x0000000080002618 (0x00c11113) x2  0x0000000000001000
core   0: 0x000000008000261c (0x002181b3) add     gp, gp, sp
core   0: 3 0x000000008000261c (0x002181b3) x3  0x0000000080006010
core   0: 0x0000000080002620 (0xd081be87) fld     ft9, -760(gp)
core   0: 3 0x0000000080002620 (0xd081be87) f29 0xbcc0000000000000 mem 0x0000000080005d18
core   0: 0x0000000080002624 (0x402181b3) sub     gp, gp, sp
core   0: 3 0x0000000080002624 (0x402181b3) x3  0x0000000080005010
core   0: 0x0000000080002628 (0x00000113) li      sp, 0
core   0: 3 0x0000000080002628 (0x00000113) x2  0x0000000000000000
core   0: 0x000000008000262c (0x00311073) csrw    fcsr, sp
core   0: 3 0x000000008000262c (0x00311073) c1_fflags 0x0000000000000000 c2_frm 0x0000000000000000
core   0: 0x0000000080002630 (0x0bdf7fd3) fsub.d  ft11, ft10, ft9
core   0: 3 0x0000000080002630 (0x0bdf7fd3) f31 0x3ff0000000000010
core   0: 0x0000000080002634 (0x00302273) csrr    tp, fcsr
core   0: 3 0x0000000080002634 (0x00302273) x4  0x0000000000000000
core   0: 0x0000000080002638 (0x51f0b027) fsd     ft11, 1280(ra)
core   0: 3 0x0000000080002638 (0x51f0b027) mem 0x0000000080007e18 0x3ff0000000000010
core   0: 0x000000008000263c (0x5040b423) sd      tp, 1288(ra)
core   0: 3 0x000000008000263c (0x5040b423) mem 0x0000000080007e20 0x0000000000000000
core   0: >>>>  inst_209
core   0: 0x0000000080002640 (0x00100113) li      sp, 1
core   0: 3 0x0000000080002640 (0x00100113) x2  0x0000000000000001
core   0: 0x0000000080002644 (0x00c11113) slli    sp, sp, 12
core   0: 3 0x0000000080002644 (0x00c11113) x2  0x0000000000001000
core   0: 0x0000000080002648 (0x002181b3) add     gp, gp, sp
core   0: 3 0x0000000080002648 (0x002181b3) x3  0x0000000080006010
core   0: 0x000000008000264c (0xd101bf07) fld     ft10, -752(gp)
core   0: 3 0x000000008000264c (0xd101bf07) f30 0x3ff0000000000016 mem 0x0000000080005d20
core   0: 0x0000000080002650 (0x402181b3) sub     gp, gp, sp
core   0: 3 0x0000000080002650 (0x402181b3) x3  0x0000000080005010
core   0: 0x0000000080002654 (0x00100113) li      sp, 1
core   0: 3 0x0000000080002654 (0x00100113) x2  0x0000000000000001
core   0: 0x0000000080002658 (0x00c11113) slli    sp, sp, 12
core   0: 3 0x0000000080002658 (0x00c11113) x2  0x0000000000001000
core   0: 0x000000008000265c (0x002181b3) add     gp, gp, sp
core   0: 3 0x000000008000265c (0x002181b3) x3  0x0000000080006010
core   0: 0x0000000080002660 (0xd181be87) fld     ft9, -744(gp)
core   0: 3 0x0000000080002660 (0xd181be87) f29 0xbd7fea0000000000 mem 0x0000000080005d28
core   0: 0x0000000080002664 (0x402181b3) sub     gp, gp, sp
core   0: 3 0x0000000080002664 (0x402181b3) x3  0x0000000080005010
core   0: 0x0000000080002668 (0x00000113) li      sp, 0
core   0: 3 0x0000000080002668 (0x00000113) x2  0x0000000000000000
core   0: 0x000000008000266c (0x00311073) csrw    fcsr, sp
core   0: 3 0x000000008000266c (0x00311073) c1_fflags 0x0000000000000000 c2_frm 0x0000000000000000
core   0: 0x0000000080002670 (0x0bdf7fd3) fsub.d  ft11, ft10, ft9
core   0: 3 0x0000000080002670 (0x0bdf7fd3) f31 0x3ff0000000002000
core   0: 0x0000000080002674 (0x00302273) csrr    tp, fcsr
core   0: 3 0x0000000080002674 (0x00302273) x4  0x0000000000000000
core   0: 0x0000000080002678 (0x51f0b827) fsd     ft11, 1296(ra)
core   0: 3 0x0000000080002678 (0x51f0b827) mem 0x0000000080007e28 0x3ff0000000002000
core   0: 0x000000008000267c (0x5040bc23) sd      tp, 1304(ra)
core   0: 3 0x000000008000267c (0x5040bc23) mem 0x0000000080007e30 0x0000000000000000
core   0: >>>>  inst_210
core   0: 0x0000000080002680 (0x00100113) li      sp, 1
core   0: 3 0x0000000080002680 (0x00100113) x2  0x0000000000000001
core   0: 0x0000000080002684 (0x00c11113) slli    sp, sp, 12
core   0: 3 0x0000000080002684 (0x00c11113) x2  0x0000000000001000
core   0: 0x0000000080002688 (0x002181b3) add     gp, gp, sp
core   0: 3 0x0000000080002688 (0x002181b3) x3  0x0000000080006010
core   0: 0x000000008000268c (0xd201bf07) fld     ft10, -736(gp)
core   0: 3 0x000000008000268c (0xd201bf07) f30 0x3ff000000000001e mem 0x0000000080005d30
core   0: 0x0000000080002690 (0x402181b3) sub     gp, gp, sp
core   0: 3 0x0000000080002690 (0x402181b3) x3  0x0000000080005010
core   0: 0x0000000080002694 (0x00100113) li      sp, 1
core   0: 3 0x0000000080002694 (0x00100113) x2  0x0000000000000001
core   0: 0x0000000080002698 (0x00c11113) slli    sp, sp, 12
core   0: 3 0x0000000080002698 (0x00c11113) x2  0x0000000000001000
core   0: 0x000000008000269c (0x002181b3) add     gp, gp, sp
core   0: 3 0x000000008000269c (0x002181b3) x3  0x0000000080006010
core   0: 0x00000000800026a0 (0xd281be87) fld     ft9, -728(gp)
core   0: 3 0x00000000800026a0 (0xd281be87) f29 0xbd8ff10000000000 mem 0x0000000080005d38
core   0: 0x00000000800026a4 (0x402181b3) sub     gp, gp, sp
core   0: 3 0x00000000800026a4 (0x402181b3) x3  0x0000000080005010
core   0: 0x00000000800026a8 (0x00000113) li      sp, 0
core   0: 3 0x00000000800026a8 (0x00000113) x2  0x0000000000000000
core   0: 0x00000000800026ac (0x00311073) csrw    fcsr, sp
core   0: 3 0x00000000800026ac (0x00311073) c1_fflags 0x0000000000000000 c2_frm 0x0000000000000000
core   0: 0x00000000800026b0 (0x0bdf7fd3) fsub.d  ft11, ft10, ft9
core   0: 3 0x00000000800026b0 (0x0bdf7fd3) f31 0x3ff0000000004000
core   0: 0x00000000800026b4 (0x00302273) csrr    tp, fcsr
core   0: 3 0x00000000800026b4 (0x00302273) x4  0x0000000000000000
core   0: 0x00000000800026b8 (0x53f0b027) fsd     ft11, 1312(ra)
core   0: 3 0x00000000800026b8 (0x53f0b027) mem 0x0000000080007e38 0x3ff0000000004000
core   0: 0x00000000800026bc (0x5240b423) sd      tp, 1320(ra)
core   0: 3 0x00000000800026bc (0x5240b423) mem 0x0000000080007e40 0x0000000000000000
core   0: >>>>  inst_211
core   0: 0x00000000800026c0 (0x00100113) li      sp, 1
core   0: 3 0x00000000800026c0 (0x00100113) x2  0x0000000000000001
core   0: 0x00000000800026c4 (0x00c11113) slli    sp, sp, 12
core   0: 3 0x00000000800026c4 (0x00c11113) x2  0x0000000000001000
core   0: 0x00000000800026c8 (0x002181b3) add     gp, gp, sp
core   0: 3 0x00000000800026c8 (0x002181b3) x3  0x0000000080006010
core   0: 0x00000000800026cc (0xd301bf07) fld     ft10, -720(gp)
core   0: 3 0x00000000800026cc (0xd301bf07) f30 0x3ff000000000001e mem 0x0000000080005d40
core   0: 0x00000000800026d0 (0x402181b3) sub     gp, gp, sp
core   0: 3 0x00000000800026d0 (0x402181b3) x3  0x0000000080005010
core   0: 0x00000000800026d4 (0x00100113) li      sp, 1
core   0: 3 0x00000000800026d4 (0x00100113) x2  0x0000000000000001
core   0: 0x00000000800026d8 (0x00c11113) slli    sp, sp, 12
core   0: 3 0x00000000800026d8 (0x00c11113) x2  0x0000000000001000
core   0: 0x00000000800026dc (0x002181b3) add     gp, gp, sp
core   0: 3 0x00000000800026dc (0x002181b3) x3  0x0000000080006010
core   0: 0x00000000800026e0 (0xd381be87) fld     ft9, -712(gp)
core   0: 3 0x00000000800026e0 (0xd381be87) f29 0xbdbffe2000000000 mem 0x0000000080005d48
core   0: 0x00000000800026e4 (0x402181b3) sub     gp, gp, sp
core   0: 3 0x00000000800026e4 (0x402181b3) x3  0x0000000080005010
core   0: 0x00000000800026e8 (0x00000113) li      sp, 0
core   0: 3 0x00000000800026e8 (0x00000113) x2  0x0000000000000000
core   0: 0x00000000800026ec (0x00311073) csrw    fcsr, sp
core   0: 3 0x00000000800026ec (0x00311073) c1_fflags 0x0000000000000000 c2_frm 0x0000000000000000
core   0: 0x00000000800026f0 (0x0bdf7fd3) fsub.d  ft11, ft10, ft9
core   0: 3 0x00000000800026f0 (0x0bdf7fd3) f31 0x3ff0000000020000
core   0: 0x00000000800026f4 (0x00302273) csrr    tp, fcsr
core   0: 3 0x00000000800026f4 (0x00302273) x4  0x0000000000000000
core   0: 0x00000000800026f8 (0x53f0b827) fsd     ft11, 1328(ra)
core   0: 3 0x00000000800026f8 (0x53f0b827) mem 0x0000000080007e48 0x3ff0000000020000
core   0: 0x00000000800026fc (0x5240bc23) sd      tp, 1336(ra)
core   0: 3 0x00000000800026fc (0x5240bc23) mem 0x0000000080007e50 0x0000000000000000
core   0: >>>>  inst_212
core   0: 0x0000000080002700 (0x00100113) li      sp, 1
core   0: 3 0x0000000080002700 (0x00100113) x2  0x0000000000000001
core   0: 0x0000000080002704 (0x00c11113) slli    sp, sp, 12
core   0: 3 0x0000000080002704 (0x00c11113) x2  0x0000000000001000
core   0: 0x0000000080002708 (0x002181b3) add     gp, gp, sp
core   0: 3 0x0000000080002708 (0x002181b3) x3  0x0000000080006010
core   0: 0x000000008000270c (0xd401bf07) fld     ft10, -704(gp)
core   0: 3 0x000000008000270c (0xd401bf07) f30 0x3ff0000000000028 mem 0x0000000080005d50
core   0: 0x0000000080002710 (0x402181b3) sub     gp, gp, sp
core   0: 3 0x0000000080002710 (0x402181b3) x3  0x0000000080005010
core   0: 0x0000000080002714 (0x00100113) li      sp, 1
core   0: 3 0x0000000080002714 (0x00100113) x2  0x0000000000000001
core   0: 0x0000000080002718 (0x00c11113) slli    sp, sp, 12
core   0: 3 0x0000000080002718 (0x00c11113) x2  0x0000000000001000
core   0: 0x000000008000271c (0x002181b3) add     gp, gp, sp
core   0: 3 0x000000008000271c (0x002181b3) x3  0x0000000080006010
core   0: 0x0000000080002720 (0xd481be87) fld     ft9, -696(gp)
core   0: 3 0x0000000080002720 (0xd481be87) f29 0xbd3d800000000000 mem 0x0000000080005d58
core   0: 0x0000000080002724 (0x402181b3) sub     gp, gp, sp
core   0: 3 0x0000000080002724 (0x402181b3) x3  0x0000000080005010
core   0: 0x0000000080002728 (0x00000113) li      sp, 0
core   0: 3 0x0000000080002728 (0x00000113) x2  0x0000000000000000
core   0: 0x000000008000272c (0x00311073) csrw    fcsr, sp
core   0: 3 0x000000008000272c (0x00311073) c1_fflags 0x0000000000000000 c2_frm 0x0000000000000000
core   0: 0x0000000080002730 (0x0bdf7fd3) fsub.d  ft11, ft10, ft9
core   0: 3 0x0000000080002730 (0x0bdf7fd3) f31 0x3ff0000000000200
core   0: 0x0000000080002734 (0x00302273) csrr    tp, fcsr
core   0: 3 0x0000000080002734 (0x00302273) x4  0x0000000000000000
core   0: 0x0000000080002738 (0x55f0b027) fsd     ft11, 1344(ra)
core   0: 3 0x0000000080002738 (0x55f0b027) mem 0x0000000080007e58 0x3ff0000000000200
core   0: 0x000000008000273c (0x5440b423) sd      tp, 1352(ra)
core   0: 3 0x000000008000273c (0x5440b423) mem 0x0000000080007e60 0x0000000000000000
core   0: >>>>  inst_213
core   0: 0x0000000080002740 (0x00100113) li      sp, 1
core   0: 3 0x0000000080002740 (0x00100113) x2  0x0000000000000001
core   0: 0x0000000080002744 (0x00c11113) slli    sp, sp, 12
core   0: 3 0x0000000080002744 (0x00c11113) x2  0x0000000000001000
core   0: 0x0000000080002748 (0x002181b3) add     gp, gp, sp
core   0: 3 0x0000000080002748 (0x002181b3) x3  0x0000000080006010
core   0: 0x000000008000274c (0xd501bf07) fld     ft10, -688(gp)
core   0: 3 0x000000008000274c (0xd501bf07) f30 0x3ff0000000000030 mem 0x0000000080005d60
core   0: 0x0000000080002750 (0x402181b3) sub     gp, gp, sp
core   0: 3 0x0000000080002750 (0x402181b3) x3  0x0000000080005010
core   0: 0x0000000080002754 (0x00100113) li      sp, 1
core   0: 3 0x0000000080002754 (0x00100113) x2  0x0000000000000001
core   0: 0x0000000080002758 (0x00c11113) slli    sp, sp, 12
core   0: 3 0x0000000080002758 (0x00c11113) x2  0x0000000000001000
core   0: 0x000000008000275c (0x002181b3) add     gp, gp, sp
core   0: 3 0x000000008000275c (0x002181b3) x3  0x0000000080006010
core   0: 0x0000000080002760 (0xd581be87) fld     ft9, -680(gp)
core   0: 3 0x0000000080002760 (0xd581be87) f29 0xbcf0000000000000 mem 0x0000000080005d68
core   0: 0x0000000080002764 (0x402181b3) sub     gp, gp, sp
core   0: 3 0x0000000080002764 (0x402181b3) x3  0x0000000080005010
core   0: 0x0000000080002768 (0x00000113) li      sp, 0
core   0: 3 0x0000000080002768 (0x00000113) x2  0x0000000000000000
core   0: 0x000000008000276c (0x00311073) csrw    fcsr, sp
core   0: 3 0x000000008000276c (0x00311073) c1_fflags 0x0000000000000000 c2_frm 0x0000000000000000
core   0: 0x0000000080002770 (0x0bdf7fd3) fsub.d  ft11, ft10, ft9
core   0: 3 0x0000000080002770 (0x0bdf7fd3) f31 0x3ff0000000000040
core   0: 0x0000000080002774 (0x00302273) csrr    tp, fcsr
core   0: 3 0x0000000080002774 (0x00302273) x4  0x0000000000000000
core   0: 0x0000000080002778 (0x55f0b827) fsd     ft11, 1360(ra)
core   0: 3 0x0000000080002778 (0x55f0b827) mem 0x0000000080007e68 0x3ff0000000000040
core   0: 0x000000008000277c (0x5440bc23) sd      tp, 1368(ra)
core   0: 3 0x000000008000277c (0x5440bc23) mem 0x0000000080007e70 0x0000000000000000
core   0: >>>>  inst_214
core   0: 0x0000000080002780 (0x00100113) li      sp, 1
core   0: 3 0x0000000080002780 (0x00100113) x2  0x0000000000000001
core   0: 0x0000000080002784 (0x00c11113) slli    sp, sp, 12
core   0: 3 0x0000000080002784 (0x00c11113) x2  0x0000000000001000
core   0: 0x0000000080002788 (0x002181b3) add     gp, gp, sp
core   0: 3 0x0000000080002788 (0x002181b3) x3  0x0000000080006010
core   0: 0x000000008000278c (0xd601bf07) fld     ft10, -672(gp)
core   0: 3 0x000000008000278c (0xd601bf07) f30 0x3ff000000000003b mem 0x0000000080005d70
core   0: 0x0000000080002790 (0x402181b3) sub     gp, gp, sp
core   0: 3 0x0000000080002790 (0x402181b3) x3  0x0000000080005010
core   0: 0x0000000080002794 (0x00100113) li      sp, 1
core   0: 3 0x0000000080002794 (0x00100113) x2  0x0000000000000001
core   0: 0x0000000080002798 (0x00c11113) slli    sp, sp, 12
core   0: 3 0x0000000080002798 (0x00c11113) x2  0x0000000000001000
core   0: 0x000000008000279c (0x002181b3) add     gp, gp, sp
core   0: 3 0x000000008000279c (0x002181b3) x3  0x0000000080006010
core   0: 0x00000000800027a0 (0xd681be87) fld     ft9, -664(gp)
core   0: 3 0x00000000800027a0 (0xd681be87) f29 0xbdefff8a00000000 mem 0x0000000080005d78
core   0: 0x00000000800027a4 (0x402181b3) sub     gp, gp, sp
core   0: 3 0x00000000800027a4 (0x402181b3) x3  0x0000000080005010
core   0: 0x00000000800027a8 (0x00000113) li      sp, 0
core   0: 3 0x00000000800027a8 (0x00000113) x2  0x0000000000000000
core   0: 0x00000000800027ac (0x00311073) csrw    fcsr, sp
core   0: 3 0x00000000800027ac (0x00311073) c1_fflags 0x0000000000000000 c2_frm 0x0000000000000000
core   0: 0x00000000800027b0 (0x0bdf7fd3) fsub.d  ft11, ft10, ft9
core   0: 3 0x00000000800027b0 (0x0bdf7fd3) f31 0x3ff0000000100000
core   0: 0x00000000800027b4 (0x00302273) csrr    tp, fcsr
core   0: 3 0x00000000800027b4 (0x00302273) x4  0x0000000000000000
core   0: 0x00000000800027b8 (0x57f0b027) fsd     ft11, 1376(ra)
core   0: 3 0x00000000800027b8 (0x57f0b027) mem 0x0000000080007e78 0x3ff0000000100000
core   0: 0x00000000800027bc (0x5640b423) sd      tp, 1384(ra)
core   0: 3 0x00000000800027bc (0x5640b423) mem 0x0000000080007e80 0x0000000000000000
core   0: >>>>  inst_215
core   0: 0x00000000800027c0 (0x00100113) li      sp, 1
core   0: 3 0x00000000800027c0 (0x00100113) x2  0x0000000000000001
core   0: 0x00000000800027c4 (0x00c11113) slli    sp, sp, 12
core   0: 3 0x00000000800027c4 (0x00c11113) x2  0x0000000000001000
core   0: 0x00000000800027c8 (0x002181b3) add     gp, gp, sp
core   0: 3 0x00000000800027c8 (0x002181b3) x3  0x0000000080006010
core   0: 0x00000000800027cc (0xd701bf07) fld     ft10, -656(gp)
core   0: 3 0x00000000800027cc (0xd701bf07) f30 0x3ff000000000003d mem 0x0000000080005d80
core   0: 0x00000000800027d0 (0x402181b3) sub     gp, gp, sp
core   0: 3 0x00000000800027d0 (0x402181b3) x3  0x0000000080005010
core   0: 0x00000000800027d4 (0x00100113) li      sp, 1
core   0: 3 0x00000000800027d4 (0x00100113) x2  0x0000000000000001
core   0: 0x00000000800027d8 (0x00c11113) slli    sp, sp, 12
core   0: 3 0x00000000800027d8 (0x00c11113) x2  0x0000000000001000
core   0: 0x00000000800027dc (0x002181b3) add     gp, gp, sp
core   0: 3 0x00000000800027dc (0x002181b3) x3  0x0000000080006010
core   0: 0x00000000800027e0 (0xd781be87) fld     ft9, -648(gp)
core   0: 3 0x00000000800027e0 (0xd781be87) f29 0xbd28600000000000 mem 0x0000000080005d88
core   0: 0x00000000800027e4 (0x402181b3) sub     gp, gp, sp
core   0: 3 0x00000000800027e4 (0x402181b3) x3  0x0000000080005010
core   0: 0x00000000800027e8 (0x00000113) li      sp, 0
core   0: 3 0x00000000800027e8 (0x00000113) x2  0x0000000000000000
core   0: 0x00000000800027ec (0x00311073) csrw    fcsr, sp
core   0: 3 0x00000000800027ec (0x00311073) c1_fflags 0x0000000000000000 c2_frm 0x0000000000000000
core   0: 0x00000000800027f0 (0x0bdf7fd3) fsub.d  ft11, ft10, ft9
core   0: 3 0x00000000800027f0 (0x0bdf7fd3) f31 0x3ff0000000000100
core   0: 0x00000000800027f4 (0x00302273) csrr    tp, fcsr
core   0: 3 0x00000000800027f4 (0x00302273) x4  0x0000000000000000
core   0: 0x00000000800027f8 (0x57f0b827) fsd     ft11, 1392(ra)
core   0: 3 0x00000000800027f8 (0x57f0b827) mem 0x0000000080007e88 0x3ff0000000000100
core   0: 0x00000000800027fc (0x5640bc23) sd      tp, 1400(ra)
core   0: 3 0x00000000800027fc (0x5640bc23) mem 0x0000000080007e90 0x0000000000000000
core   0: >>>>  inst_216
core   0: 0x0000000080002800 (0x00100113) li      sp, 1
core   0: 3 0x0000000080002800 (0x00100113) x2  0x0000000000000001
core   0: 0x0000000080002804 (0x00c11113) slli    sp, sp, 12
core   0: 3 0x0000000080002804 (0x00c11113) x2  0x0000000000001000
core   0: 0x0000000080002808 (0x002181b3) add     gp, gp, sp
core   0: 3 0x0000000080002808 (0x002181b3) x3  0x0000000080006010
core   0: 0x000000008000280c (0xd801bf07) fld     ft10, -640(gp)
core   0: 3 0x000000008000280c (0xd801bf07) f30 0x3ff0000000000042 mem 0x0000000080005d90
core   0: 0x0000000080002810 (0x402181b3) sub     gp, gp, sp
core   0: 3 0x0000000080002810 (0x402181b3) x3  0x0000000080005010
core   0: 0x0000000080002814 (0x00100113) li      sp, 1
core   0: 3 0x0000000080002814 (0x00100113) x2  0x0000000000000001
core   0: 0x0000000080002818 (0x00c11113) slli    sp, sp, 12
core   0: 3 0x0000000080002818 (0x00c11113) x2  0x0000000000001000
core   0: 0x000000008000281c (0x002181b3) add     gp, gp, sp
core   0: 3 0x000000008000281c (0x002181b3) x3  0x0000000080006010
core   0: 0x0000000080002820 (0xd881be87) fld     ft9, -632(gp)
core   0: 3 0x0000000080002820 (0xd881be87) f29 0xbdcffdf000000000 mem 0x0000000080005d98
core   0: 0x0000000080002824 (0x402181b3) sub     gp, gp, sp
core   0: 3 0x0000000080002824 (0x402181b3) x3  0x0000000080005010
core   0: 0x0000000080002828 (0x00000113) li      sp, 0
core   0: 3 0x0000000080002828 (0x00000113) x2  0x0000000000000000
core   0: 0x000000008000282c (0x00311073) csrw    fcsr, sp
core   0: 3 0x000000008000282c (0x00311073) c1_fflags 0x0000000000000000 c2_frm 0x0000000000000000
core   0: 0x0000000080002830 (0x0bdf7fd3) fsub.d  ft11, ft10, ft9
core   0: 3 0x0000000080002830 (0x0bdf7fd3) f31 0x3ff0000000040000
core   0: 0x0000000080002834 (0x00302273) csrr    tp, fcsr
core   0: 3 0x0000000080002834 (0x00302273) x4  0x0000000000000000
core   0: 0x0000000080002838 (0x59f0b027) fsd     ft11, 1408(ra)
core   0: 3 0x0000000080002838 (0x59f0b027) mem 0x0000000080007e98 0x3ff0000000040000
core   0: 0x000000008000283c (0x5840b423) sd      tp, 1416(ra)
core   0: 3 0x000000008000283c (0x5840b423) mem 0x0000000080007ea0 0x0000000000000000
core   0: >>>>  inst_217
core   0: 0x0000000080002840 (0x00100113) li      sp, 1
core   0: 3 0x0000000080002840 (0x00100113) x2  0x0000000000000001
core   0: 0x0000000080002844 (0x00c11113) slli    sp, sp, 12
core   0: 3 0x0000000080002844 (0x00c11113) x2  0x0000000000001000
core   0: 0x0000000080002848 (0x002181b3) add     gp, gp, sp
core   0: 3 0x0000000080002848 (0x002181b3) x3  0x0000000080006010
core   0: 0x000000008000284c (0xd901bf07) fld     ft10, -624(gp)
core   0: 3 0x000000008000284c (0xd901bf07) f30 0x3ff0000000000043 mem 0x0000000080005da0
core   0: 0x0000000080002850 (0x402181b3) sub     gp, gp, sp
core   0: 3 0x0000000080002850 (0x402181b3) x3  0x0000000080005010
core   0: 0x0000000080002854 (0x00100113) li      sp, 1
core   0: 3 0x0000000080002854 (0x00100113) x2  0x0000000000000001
core   0: 0x0000000080002858 (0x00c11113) slli    sp, sp, 12
core   0: 3 0x0000000080002858 (0x00c11113) x2  0x0000000000001000
core   0: 0x000000008000285c (0x002181b3) add     gp, gp, sp
core   0: 3 0x000000008000285c (0x002181b3) x3  0x0000000080006010
core   0: 0x0000000080002860 (0xd981be87) fld     ft9, -616(gp)
core   0: 3 0x0000000080002860 (0xd981be87) f29 0x3d01800000000000 mem 0x0000000080005da8
core   0: 0x0000000080002864 (0x402181b3) sub     gp, gp, sp
core   0: 3 0x0000000080002864 (0x402181b3) x3  0x0000000080005010
core   0: 0x0000000080002868 (0x00000113) li      sp, 0
core   0: 3 0x0000000080002868 (0x00000113) x2  0x0000000000000000
core   0: 0x000000008000286c (0x00311073) csrw    fcsr, sp
core   0: 3 0x000000008000286c (0x00311073) c1_fflags 0x0000000000000000 c2_frm 0x0000000000000000
core   0: 0x0000000080002870 (0x0bdf7fd3) fsub.d  ft11, ft10, ft9
core   0: 3 0x0000000080002870 (0x0bdf7fd3) f31 0x3ff0000000000020
core   0: 0x0000000080002874 (0x00302273) csrr    tp, fcsr
core   0: 3 0x0000000080002874 (0x00302273) x4  0x0000000000000000
core   0: 0x0000000080002878 (0x59f0b827) fsd     ft11, 1424(ra)
core   0: 3 0x0000000080002878 (0x59f0b827) mem 0x0000000080007ea8 0x3ff0000000000020
core   0: 0x000000008000287c (0x5840bc23) sd      tp, 1432(ra)
core   0: 3 0x000000008000287c (0x5840bc23) mem 0x0000000080007eb0 0x0000000000000000
core   0: >>>>  inst_218
core   0: 0x0000000080002880 (0x00100113) li      sp, 1
core   0: 3 0x0000000080002880 (0x00100113) x2  0x0000000000000001
core   0: 0x0000000080002884 (0x00c11113) slli    sp, sp, 12
core   0: 3 0x0000000080002884 (0x00c11113) x2  0x0000000000001000
core   0: 0x0000000080002888 (0x002181b3) add     gp, gp, sp
core   0: 3 0x0000000080002888 (0x002181b3) x3  0x0000000080006010
core   0: 0x000000008000288c (0xda01bf07) fld     ft10, -608(gp)
core   0: 3 0x000000008000288c (0xda01bf07) f30 0x3ff0000000000046 mem 0x0000000080005db0
core   0: 0x0000000080002890 (0x402181b3) sub     gp, gp, sp
core   0: 3 0x0000000080002890 (0x402181b3) x3  0x0000000080005010
core   0: 0x0000000080002894 (0x00100113) li      sp, 1
core   0: 3 0x0000000080002894 (0x00100113) x2  0x0000000000000001
core   0: 0x0000000080002898 (0x00c11113) slli    sp, sp, 12
core   0: 3 0x0000000080002898 (0x00c11113) x2  0x0000000000001000
core   0: 0x000000008000289c (0x002181b3) add     gp, gp, sp
core   0: 3 0x000000008000289c (0x002181b3) x3  0x0000000080006010
core   0: 0x00000000800028a0 (0xda81be87) fld     ft9, -600(gp)
core   0: 3 0x00000000800028a0 (0xda81be87) f29 0xbdaff74000000000 mem 0x0000000080005db8
core   0: 0x00000000800028a4 (0x402181b3) sub     gp, gp, sp
core   0: 3 0x00000000800028a4 (0x402181b3) x3  0x0000000080005010
core   0: 0x00000000800028a8 (0x00000113) li      sp, 0
core   0: 3 0x00000000800028a8 (0x00000113) x2  0x0000000000000000
core   0: 0x00000000800028ac (0x00311073) csrw    fcsr, sp
core   0: 3 0x00000000800028ac (0x00311073) c1_fflags 0x0000000000000000 c2_frm 0x0000000000000000
core   0: 0x00000000800028b0 (0x0bdf7fd3) fsub.d  ft11, ft10, ft9
core   0: 3 0x00000000800028b0 (0x0bdf7fd3) f31 0x3ff0000000010000
core   0: 0x00000000800028b4 (0x00302273) csrr    tp, fcsr
core   0: 3 0x00000000800028b4 (0x00302273) x4  0x0000000000000000
core   0: 0x00000000800028b8 (0x5bf0b027) fsd     ft11, 1440(ra)
core   0: 3 0x00000000800028b8 (0x5bf0b027) mem 0x0000000080007eb8 0x3ff0000000010000
core   0: 0x00000000800028bc (0x5a40b423) sd      tp, 1448(ra)
core   0: 3 0x00000000800028bc (0x5a40b423) mem 0x0000000080007ec0 0x0000000000000000
core   0: >>>>  inst_219
core   0: 0x00000000800028c0 (0x00100113) li      sp, 1
core   0: 3 0x00000000800028c0 (0x00100113) x2  0x0000000000000001
core   0: 0x00000000800028c4 (0x00c11113) slli    sp, sp, 12
core   0: 3 0x00000000800028c4 (0x00c11113) x2  0x0000000000001000
core   0: 0x00000000800028c8 (0x002181b3) add     gp, gp, sp
core   0: 3 0x00000000800028c8 (0x002181b3) x3  0x0000000080006010
core   0: 0x00000000800028cc (0xdb01bf07) fld     ft10, -592(gp)
core   0: 3 0x00000000800028cc (0xdb01bf07) f30 0x3ff000000000004a mem 0x0000000080005dc0
core   0: 0x00000000800028d0 (0x402181b3) sub     gp, gp, sp
core   0: 3 0x00000000800028d0 (0x402181b3) x3  0x0000000080005010
core   0: 0x00000000800028d4 (0x00100113) li      sp, 1
core   0: 3 0x00000000800028d4 (0x00100113) x2  0x0000000000000001
core   0: 0x00000000800028d8 (0x00c11113) slli    sp, sp, 12
core   0: 3 0x00000000800028d8 (0x00c11113) x2  0x0000000000001000
core   0: 0x00000000800028dc (0x002181b3) add     gp, gp, sp
core   0: 3 0x00000000800028dc (0x002181b3) x3  0x0000000080006010
core   0: 0x00000000800028e0 (0xdb81be87) fld     ft9, -584(gp)
core   0: 3 0x00000000800028e0 (0xdb81be87) f29 0xbddffed800000000 mem 0x0000000080005dc8
core   0: 0x00000000800028e4 (0x402181b3) sub     gp, gp, sp
core   0: 3 0x00000000800028e4 (0x402181b3) x3  0x0000000080005010
core   0: 0x00000000800028e8 (0x00000113) li      sp, 0
core   0: 3 0x00000000800028e8 (0x00000113) x2  0x0000000000000000
core   0: 0x00000000800028ec (0x00311073) csrw    fcsr, sp
core   0: 3 0x00000000800028ec (0x00311073) c1_fflags 0x0000000000000000 c2_frm 0x0000000000000000
core   0: 0x00000000800028f0 (0x0bdf7fd3) fsub.d  ft11, ft10, ft9
core   0: 3 0x00000000800028f0 (0x0bdf7fd3) f31 0x3ff0000000080000
core   0: 0x00000000800028f4 (0x00302273) csrr    tp, fcsr
core   0: 3 0x00000000800028f4 (0x00302273) x4  0x0000000000000000
core   0: 0x00000000800028f8 (0x5bf0b827) fsd     ft11, 1456(ra)
core   0: 3 0x00000000800028f8 (0x5bf0b827) mem 0x0000000080007ec8 0x3ff0000000080000
core   0: 0x00000000800028fc (0x5a40bc23) sd      tp, 1464(ra)
core   0: 3 0x00000000800028fc (0x5a40bc23) mem 0x0000000080007ed0 0x0000000000000000
core   0: >>>>  inst_220
core   0: 0x0000000080002900 (0x00100113) li      sp, 1
core   0: 3 0x0000000080002900 (0x00100113) x2  0x0000000000000001
core   0: 0x0000000080002904 (0x00c11113) slli    sp, sp, 12
core   0: 3 0x0000000080002904 (0x00c11113) x2  0x0000000000001000
core   0: 0x0000000080002908 (0x002181b3) add     gp, gp, sp
core   0: 3 0x0000000080002908 (0x002181b3) x3  0x0000000080006010
core   0: 0x000000008000290c (0xdc01bf07) fld     ft10, -576(gp)
core   0: 3 0x000000008000290c (0xdc01bf07) f30 0x3ff000000000004b mem 0x0000000080005dd0
core   0: 0x0000000080002910 (0x402181b3) sub     gp, gp, sp
core   0: 3 0x0000000080002910 (0x402181b3) x3  0x0000000080005010
core   0: 0x0000000080002914 (0x00100113) li      sp, 1
core   0: 3 0x0000000080002914 (0x00100113) x2  0x0000000000000001
core   0: 0x0000000080002918 (0x00c11113) slli    sp, sp, 12
core   0: 3 0x0000000080002918 (0x00c11113) x2  0x0000000000001000
core   0: 0x000000008000291c (0x002181b3) add     gp, gp, sp
core   0: 3 0x000000008000291c (0x002181b3) x3  0x0000000080006010
core   0: 0x0000000080002920 (0xdc81be87) fld     ft9, -568(gp)
core   0: 3 0x0000000080002920 (0xdc81be87) f29 0xbd5ed40000000000 mem 0x0000000080005dd8
core   0: 0x0000000080002924 (0x402181b3) sub     gp, gp, sp
core   0: 3 0x0000000080002924 (0x402181b3) x3  0x0000000080005010
core   0: 0x0000000080002928 (0x00000113) li      sp, 0
core   0: 3 0x0000000080002928 (0x00000113) x2  0x0000000000000000
core   0: 0x000000008000292c (0x00311073) csrw    fcsr, sp
core   0: 3 0x000000008000292c (0x00311073) c1_fflags 0x0000000000000000 c2_frm 0x0000000000000000
core   0: 0x0000000080002930 (0x0bdf7fd3) fsub.d  ft11, ft10, ft9
core   0: 3 0x0000000080002930 (0x0bdf7fd3) f31 0x3ff0000000000800
core   0: 0x0000000080002934 (0x00302273) csrr    tp, fcsr
core   0: 3 0x0000000080002934 (0x00302273) x4  0x0000000000000000
core   0: 0x0000000080002938 (0x5df0b027) fsd     ft11, 1472(ra)
core   0: 3 0x0000000080002938 (0x5df0b027) mem 0x0000000080007ed8 0x3ff0000000000800
core   0: 0x000000008000293c (0x5c40b423) sd      tp, 1480(ra)
core   0: 3 0x000000008000293c (0x5c40b423) mem 0x0000000080007ee0 0x0000000000000000
core   0: >>>>  inst_221
core   0: 0x0000000080002940 (0x00100113) li      sp, 1
core   0: 3 0x0000000080002940 (0x00100113) x2  0x0000000000000001
core   0: 0x0000000080002944 (0x00c11113) slli    sp, sp, 12
core   0: 3 0x0000000080002944 (0x00c11113) x2  0x0000000000001000
core   0: 0x0000000080002948 (0x002181b3) add     gp, gp, sp
core   0: 3 0x0000000080002948 (0x002181b3) x3  0x0000000080006010
core   0: 0x000000008000294c (0xdd01bf07) fld     ft10, -560(gp)
core   0: 3 0x000000008000294c (0xdd01bf07) f30 0x3ff000000000004e mem 0x0000000080005de0
core   0: 0x0000000080002950 (0x402181b3) sub     gp, gp, sp
core   0: 3 0x0000000080002950 (0x402181b3) x3  0x0000000080005010
core   0: 0x0000000080002954 (0x00100113) li      sp, 1
core   0: 3 0x0000000080002954 (0x00100113) x2  0x0000000000000001
core   0: 0x0000000080002958 (0x00c11113) slli    sp, sp, 12
core   0: 3 0x0000000080002958 (0x00c11113) x2  0x0000000000001000
core   0: 0x000000008000295c (0x002181b3) add     gp, gp, sp
core   0: 3 0x000000008000295c (0x002181b3) x3  0x0000000080006010
core   0: 0x0000000080002960 (0xdd81be87) fld     ft9, -552(gp)
core   0: 3 0x0000000080002960 (0xdd81be87) f29 0xbe0fffd900000000 mem 0x0000000080005de8
core   0: 0x0000000080002964 (0x402181b3) sub     gp, gp, sp
core   0: 3 0x0000000080002964 (0x402181b3) x3  0x0000000080005010
core   0: 0x0000000080002968 (0x00000113) li      sp, 0
core   0: 3 0x0000000080002968 (0x00000113) x2  0x0000000000000000
core   0: 0x000000008000296c (0x00311073) csrw    fcsr, sp
core   0: 3 0x000000008000296c (0x00311073) c1_fflags 0x0000000000000000 c2_frm 0x0000000000000000
core   0: 0x0000000080002970 (0x0bdf7fd3) fsub.d  ft11, ft10, ft9
core   0: 3 0x0000000080002970 (0x0bdf7fd3) f31 0x3ff0000000400000
core   0: 0x0000000080002974 (0x00302273) csrr    tp, fcsr
core   0: 3 0x0000000080002974 (0x00302273) x4  0x0000000000000000
core   0: 0x0000000080002978 (0x5df0b827) fsd     ft11, 1488(ra)
core   0: 3 0x0000000080002978 (0x5df0b827) mem 0x0000000080007ee8 0x3ff0000000400000
core   0: 0x000000008000297c (0x5c40bc23) sd      tp, 1496(ra)
core   0: 3 0x000000008000297c (0x5c40bc23) mem 0x0000000080007ef0 0x0000000000000000
core   0: >>>>  inst_222
core   0: 0x0000000080002980 (0x00100113) li      sp, 1
core   0: 3 0x0000000080002980 (0x00100113) x2  0x0000000000000001
core   0: 0x0000000080002984 (0x00c11113) slli    sp, sp, 12
core   0: 3 0x0000000080002984 (0x00c11113) x2  0x0000000000001000
core   0: 0x0000000080002988 (0x002181b3) add     gp, gp, sp
core   0: 3 0x0000000080002988 (0x002181b3) x3  0x0000000080006010
core   0: 0x000000008000298c (0xde01bf07) fld     ft10, -544(gp)
core   0: 3 0x000000008000298c (0xde01bf07) f30 0x3ff000000000004f mem 0x0000000080005df0
core   0: 0x0000000080002990 (0x402181b3) sub     gp, gp, sp
core   0: 3 0x0000000080002990 (0x402181b3) x3  0x0000000080005010
core   0: 0x0000000080002994 (0x00100113) li      sp, 1
core   0: 3 0x0000000080002994 (0x00100113) x2  0x0000000000000001
core   0: 0x0000000080002998 (0x00c11113) slli    sp, sp, 12
core   0: 3 0x0000000080002998 (0x00c11113) x2  0x0000000000001000
core   0: 0x000000008000299c (0x002181b3) add     gp, gp, sp
core   0: 3 0x000000008000299c (0x002181b3) x3  0x0000000080006010
core   0: 0x00000000800029a0 (0xde81be87) fld     ft9, -536(gp)
core   0: 3 0x00000000800029a0 (0xde81be87) f29 0xbd4d880000000000 mem 0x0000000080005df8
core   0: 0x00000000800029a4 (0x402181b3) sub     gp, gp, sp
core   0: 3 0x00000000800029a4 (0x402181b3) x3  0x0000000080005010
core   0: 0x00000000800029a8 (0x00000113) li      sp, 0
core   0: 3 0x00000000800029a8 (0x00000113) x2  0x0000000000000000
core   0: 0x00000000800029ac (0x00311073) csrw    fcsr, sp
core   0: 3 0x00000000800029ac (0x00311073) c1_fflags 0x0000000000000000 c2_frm 0x0000000000000000
core   0: 0x00000000800029b0 (0x0bdf7fd3) fsub.d  ft11, ft10, ft9
core   0: 3 0x00000000800029b0 (0x0bdf7fd3) f31 0x3ff0000000000400
core   0: 0x00000000800029b4 (0x00302273) csrr    tp, fcsr
core   0: 3 0x00000000800029b4 (0x00302273) x4  0x0000000000000000
core   0: 0x00000000800029b8 (0x5ff0b027) fsd     ft11, 1504(ra)
core   0: 3 0x00000000800029b8 (0x5ff0b027) mem 0x0000000080007ef8 0x3ff0000000000400
core   0: 0x00000000800029bc (0x5e40b423) sd      tp, 1512(ra)
core   0: 3 0x00000000800029bc (0x5e40b423) mem 0x0000000080007f00 0x0000000000000000
core   0: >>>>  inst_223
core   0: 0x00000000800029c0 (0x00100113) li      sp, 1
core   0: 3 0x00000000800029c0 (0x00100113) x2  0x0000000000000001
core   0: 0x00000000800029c4 (0x00c11113) slli    sp, sp, 12
core   0: 3 0x00000000800029c4 (0x00c11113) x2  0x0000000000001000
core   0: 0x00000000800029c8 (0x002181b3) add     gp, gp, sp
core   0: 3 0x00000000800029c8 (0x002181b3) x3  0x0000000080006010
core   0: 0x00000000800029cc (0xdf01bf07) fld     ft10, -528(gp)
core   0: 3 0x00000000800029cc (0xdf01bf07) f30 0x3ff0000000000053 mem 0x0000000080005e00
core   0: 0x00000000800029d0 (0x402181b3) sub     gp, gp, sp
core   0: 3 0x00000000800029d0 (0x402181b3) x3  0x0000000080005010
core   0: 0x00000000800029d4 (0x00100113) li      sp, 1
core   0: 3 0x00000000800029d4 (0x00100113) x2  0x0000000000000001
core   0: 0x00000000800029d8 (0x00c11113) slli    sp, sp, 12
core   0: 3 0x00000000800029d8 (0x00c11113) x2  0x0000000000001000
core   0: 0x00000000800029dc (0x002181b3) add     gp, gp, sp
core   0: 3 0x00000000800029dc (0x002181b3) x3  0x0000000080006010
core   0: 0x00000000800029e0 (0xdf81be87) fld     ft9, -520(gp)
core   0: 3 0x00000000800029e0 (0xdf81be87) f29 0xbd6f5a0000000000 mem 0x0000000080005e08
core   0: 0x00000000800029e4 (0x402181b3) sub     gp, gp, sp
core   0: 3 0x00000000800029e4 (0x402181b3) x3  0x0000000080005010
core   0: 0x00000000800029e8 (0x00000113) li      sp, 0
core   0: 3 0x00000000800029e8 (0x00000113) x2  0x0000000000000000
core   0: 0x00000000800029ec (0x00311073) csrw    fcsr, sp
core   0: 3 0x00000000800029ec (0x00311073) c1_fflags 0x0000000000000000 c2_frm 0x0000000000000000
core   0: 0x00000000800029f0 (0x0bdf7fd3) fsub.d  ft11, ft10, ft9
core   0: 3 0x00000000800029f0 (0x0bdf7fd3) f31 0x3ff0000000001000
core   0: 0x00000000800029f4 (0x00302273) csrr    tp, fcsr
core   0: 3 0x00000000800029f4 (0x00302273) x4  0x0000000000000000
core   0: 0x00000000800029f8 (0x5ff0b827) fsd     ft11, 1520(ra)
core   0: 3 0x00000000800029f8 (0x5ff0b827) mem 0x0000000080007f08 0x3ff0000000001000
core   0: 0x00000000800029fc (0x5e40bc23) sd      tp, 1528(ra)
core   0: 3 0x00000000800029fc (0x5e40bc23) mem 0x0000000080007f10 0x0000000000000000
core   0: >>>>  inst_224
core   0: 0x0000000080002a00 (0x00100113) li      sp, 1
core   0: 3 0x0000000080002a00 (0x00100113) x2  0x0000000000000001
core   0: 0x0000000080002a04 (0x00c11113) slli    sp, sp, 12
core   0: 3 0x0000000080002a04 (0x00c11113) x2  0x0000000000001000
core   0: 0x0000000080002a08 (0x002181b3) add     gp, gp, sp
core   0: 3 0x0000000080002a08 (0x002181b3) x3  0x0000000080006010
core   0: 0x0000000080002a0c (0xe001bf07) fld     ft10, -512(gp)
core   0: 3 0x0000000080002a0c (0xe001bf07) f30 0x3ff0000000000055 mem 0x0000000080005e10
core   0: 0x0000000080002a10 (0x402181b3) sub     gp, gp, sp
core   0: 3 0x0000000080002a10 (0x402181b3) x3  0x0000000080005010
core   0: 0x0000000080002a14 (0x00100113) li      sp, 1
core   0: 3 0x0000000080002a14 (0x00100113) x2  0x0000000000000001
core   0: 0x0000000080002a18 (0x00c11113) slli    sp, sp, 12
core   0: 3 0x0000000080002a18 (0x00c11113) x2  0x0000000000001000
core   0: 0x0000000080002a1c (0x002181b3) add     gp, gp, sp
core   0: 3 0x0000000080002a1c (0x002181b3) x3  0x0000000080006010
core   0: 0x0000000080002a20 (0xe081be87) fld     ft9, -504(gp)
core   0: 3 0x0000000080002a20 (0xe081be87) f29 0x3d13400000000000 mem 0x0000000080005e18
core   0: 0x0000000080002a24 (0x402181b3) sub     gp, gp, sp
core   0: 3 0x0000000080002a24 (0x402181b3) x3  0x0000000080005010
core   0: 0x0000000080002a28 (0x00000113) li      sp, 0
core   0: 3 0x0000000080002a28 (0x00000113) x2  0x0000000000000000
core   0: 0x0000000080002a2c (0x00311073) csrw    fcsr, sp
core   0: 3 0x0000000080002a2c (0x00311073) c1_fflags 0x0000000000000000 c2_frm 0x0000000000000000
core   0: 0x0000000080002a30 (0x0bdf7fd3) fsub.d  ft11, ft10, ft9
core   0: 3 0x0000000080002a30 (0x0bdf7fd3) f31 0x3ff0000000000008
core   0: 0x0000000080002a34 (0x00302273) csrr    tp, fcsr
core   0: 3 0x0000000080002a34 (0x00302273) x4  0x0000000000000000
core   0: 0x0000000080002a38 (0x61f0b027) fsd     ft11, 1536(ra)
core   0: 3 0x0000000080002a38 (0x61f0b027) mem 0x0000000080007f18 0x3ff0000000000008
core   0: 0x0000000080002a3c (0x6040b423) sd      tp, 1544(ra)
core   0: 3 0x0000000080002a3c (0x6040b423) mem 0x0000000080007f20 0x0000000000000000
core   0: >>>>  inst_225
core   0: 0x0000000080002a40 (0x00100113) li      sp, 1
core   0: 3 0x0000000080002a40 (0x00100113) x2  0x0000000000000001
core   0: 0x0000000080002a44 (0x00c11113) slli    sp, sp, 12
core   0: 3 0x0000000080002a44 (0x00c11113) x2  0x0000000000001000
core   0: 0x0000000080002a48 (0x002181b3) add     gp, gp, sp
core   0: 3 0x0000000080002a48 (0x002181b3) x3  0x0000000080006010
core   0: 0x0000000080002a4c (0xe101bf07) fld     ft10, -496(gp)
core   0: 3 0x0000000080002a4c (0xe101bf07) f30 0x3ff0000000000055 mem 0x0000000080005e20
core   0: 0x0000000080002a50 (0x402181b3) sub     gp, gp, sp
core   0: 3 0x0000000080002a50 (0x402181b3) x3  0x0000000080005010
core   0: 0x0000000080002a54 (0x00100113) li      sp, 1
core   0: 3 0x0000000080002a54 (0x00100113) x2  0x0000000000000001
core   0: 0x0000000080002a58 (0x00c11113) slli    sp, sp, 12
core   0: 3 0x0000000080002a58 (0x00c11113) x2  0x0000000000001000
core   0: 0x0000000080002a5c (0x002181b3) add     gp, gp, sp
core   0: 3 0x0000000080002a5c (0x002181b3) x3  0x0000000080006010
core   0: 0x0000000080002a60 (0xe181be87) fld     ft9, -488(gp)
core   0: 3 0x0000000080002a60 (0xe181be87) f29 0xbdffffab00000000 mem 0x0000000080005e28
core   0: 0x0000000080002a64 (0x402181b3) sub     gp, gp, sp
core   0: 3 0x0000000080002a64 (0x402181b3) x3  0x0000000080005010
core   0: 0x0000000080002a68 (0x00000113) li      sp, 0
core   0: 3 0x0000000080002a68 (0x00000113) x2  0x0000000000000000
core   0: 0x0000000080002a6c (0x00311073) csrw    fcsr, sp
core   0: 3 0x0000000080002a6c (0x00311073) c1_fflags 0x0000000000000000 c2_frm 0x0000000000000000
core   0: 0x0000000080002a70 (0x0bdf7fd3) fsub.d  ft11, ft10, ft9
core   0: 3 0x0000000080002a70 (0x0bdf7fd3) f31 0x3ff0000000200000
core   0: 0x0000000080002a74 (0x00302273) csrr    tp, fcsr
core   0: 3 0x0000000080002a74 (0x00302273) x4  0x0000000000000000
core   0: 0x0000000080002a78 (0x61f0b827) fsd     ft11, 1552(ra)
core   0: 3 0x0000000080002a78 (0x61f0b827) mem 0x0000000080007f28 0x3ff0000000200000
core   0: 0x0000000080002a7c (0x6040bc23) sd      tp, 1560(ra)
core   0: 3 0x0000000080002a7c (0x6040bc23) mem 0x0000000080007f30 0x0000000000000000
core   0: >>>>  inst_226
core   0: 0x0000000080002a80 (0x00100113) li      sp, 1
core   0: 3 0x0000000080002a80 (0x00100113) x2  0x0000000000000001
core   0: 0x0000000080002a84 (0x00c11113) slli    sp, sp, 12
core   0: 3 0x0000000080002a84 (0x00c11113) x2  0x0000000000001000
core   0: 0x0000000080002a88 (0x002181b3) add     gp, gp, sp
core   0: 3 0x0000000080002a88 (0x002181b3) x3  0x0000000080006010
core   0: 0x0000000080002a8c (0xe201bf07) fld     ft10, -480(gp)
core   0: 3 0x0000000080002a8c (0xe201bf07) f30 0x3ff000000000005a mem 0x0000000080005e30
core   0: 0x0000000080002a90 (0x402181b3) sub     gp, gp, sp
core   0: 3 0x0000000080002a90 (0x402181b3) x3  0x0000000080005010
core   0: 0x0000000080002a94 (0x00100113) li      sp, 1
core   0: 3 0x0000000080002a94 (0x00100113) x2  0x0000000000000001
core   0: 0x0000000080002a98 (0x00c11113) slli    sp, sp, 12
core   0: 3 0x0000000080002a98 (0x00c11113) x2  0x0000000000001000
core   0: 0x0000000080002a9c (0x002181b3) add     gp, gp, sp
core   0: 3 0x0000000080002a9c (0x002181b3) x3  0x0000000080006010
core   0: 0x0000000080002aa0 (0xe281be87) fld     ft9, -472(gp)
core   0: 3 0x0000000080002aa0 (0xe281be87) f29 0x3d16400000000000 mem 0x0000000080005e38
core   0: 0x0000000080002aa4 (0x402181b3) sub     gp, gp, sp
core   0: 3 0x0000000080002aa4 (0x402181b3) x3  0x0000000080005010
core   0: 0x0000000080002aa8 (0x00000113) li      sp, 0
core   0: 3 0x0000000080002aa8 (0x00000113) x2  0x0000000000000000
core   0: 0x0000000080002aac (0x00311073) csrw    fcsr, sp
core   0: 3 0x0000000080002aac (0x00311073) c1_fflags 0x0000000000000000 c2_frm 0x0000000000000000
core   0: 0x0000000080002ab0 (0x0bdf7fd3) fsub.d  ft11, ft10, ft9
core   0: 3 0x0000000080002ab0 (0x0bdf7fd3) f31 0x3ff0000000000001
core   0: 0x0000000080002ab4 (0x00302273) csrr    tp, fcsr
core   0: 3 0x0000000080002ab4 (0x00302273) x4  0x0000000000000000
core   0: 0x0000000080002ab8 (0x63f0b027) fsd     ft11, 1568(ra)
core   0: 3 0x0000000080002ab8 (0x63f0b027) mem 0x0000000080007f38 0x3ff0000000000001
core   0: 0x0000000080002abc (0x6240b423) sd      tp, 1576(ra)
core   0: 3 0x0000000080002abc (0x6240b423) mem 0x0000000080007f40 0x0000000000000000
core   0: >>>>  inst_227
core   0: 0x0000000080002ac0 (0x00100113) li      sp, 1
core   0: 3 0x0000000080002ac0 (0x00100113) x2  0x0000000000000001
core   0: 0x0000000080002ac4 (0x00c11113) slli    sp, sp, 12
core   0: 3 0x0000000080002ac4 (0x00c11113) x2  0x0000000000001000
core   0: 0x0000000080002ac8 (0x002181b3) add     gp, gp, sp
core   0: 3 0x0000000080002ac8 (0x002181b3) x3  0x0000000080006010
core   0: 0x0000000080002acc (0xe301bf07) fld     ft10, -464(gp)
core   0: 3 0x0000000080002acc (0xe301bf07) f30 0x3ff000000000005e mem 0x0000000080005e40
core   0: 0x0000000080002ad0 (0x402181b3) sub     gp, gp, sp
core   0: 3 0x0000000080002ad0 (0x402181b3) x3  0x0000000080005010
core   0: 0x0000000080002ad4 (0x00100113) li      sp, 1
core   0: 3 0x0000000080002ad4 (0x00100113) x2  0x0000000000000001
core   0: 0x0000000080002ad8 (0x00c11113) slli    sp, sp, 12
core   0: 3 0x0000000080002ad8 (0x00c11113) x2  0x0000000000001000
core   0: 0x0000000080002adc (0x002181b3) add     gp, gp, sp
core   0: 3 0x0000000080002adc (0x002181b3) x3  0x0000000080006010
core   0: 0x0000000080002ae0 (0xe381be87) fld     ft9, -456(gp)
core   0: 3 0x0000000080002ae0 (0xe381be87) f29 0xbd01000000000000 mem 0x0000000080005e48
core   0: 0x0000000080002ae4 (0x402181b3) sub     gp, gp, sp
core   0: 3 0x0000000080002ae4 (0x402181b3) x3  0x0000000080005010
core   0: 0x0000000080002ae8 (0x00000113) li      sp, 0
core   0: 3 0x0000000080002ae8 (0x00000113) x2  0x0000000000000000
core   0: 0x0000000080002aec (0x00311073) csrw    fcsr, sp
core   0: 3 0x0000000080002aec (0x00311073) c1_fflags 0x0000000000000000 c2_frm 0x0000000000000000
core   0: 0x0000000080002af0 (0x0bdf7fd3) fsub.d  ft11, ft10, ft9
core   0: 3 0x0000000080002af0 (0x0bdf7fd3) f31 0x3ff0000000000080
core   0: 0x0000000080002af4 (0x00302273) csrr    tp, fcsr
core   0: 3 0x0000000080002af4 (0x00302273) x4  0x0000000000000000
core   0: 0x0000000080002af8 (0x63f0b827) fsd     ft11, 1584(ra)
core   0: 3 0x0000000080002af8 (0x63f0b827) mem 0x0000000080007f48 0x3ff0000000000080
core   0: 0x0000000080002afc (0x6240bc23) sd      tp, 1592(ra)
core   0: 3 0x0000000080002afc (0x6240bc23) mem 0x0000000080007f50 0x0000000000000000
core   0: >>>>  inst_228
core   0: 0x0000000080002b00 (0x00100113) li      sp, 1
core   0: 3 0x0000000080002b00 (0x00100113) x2  0x0000000000000001
core   0: 0x0000000080002b04 (0x00c11113) slli    sp, sp, 12
core   0: 3 0x0000000080002b04 (0x00c11113) x2  0x0000000000001000
core   0: 0x0000000080002b08 (0x002181b3) add     gp, gp, sp
core   0: 3 0x0000000080002b08 (0x002181b3) x3  0x0000000080006010
core   0: 0x0000000080002b0c (0xe401bf07) fld     ft10, -448(gp)
core   0: 3 0x0000000080002b0c (0xe401bf07) f30 0x3ff000000000005f mem 0x0000000080005e50
core   0: 0x0000000080002b10 (0x402181b3) sub     gp, gp, sp
core   0: 3 0x0000000080002b10 (0x402181b3) x3  0x0000000080005010
core   0: 0x0000000080002b14 (0x00100113) li      sp, 1
core   0: 3 0x0000000080002b14 (0x00100113) x2  0x0000000000000001
core   0: 0x0000000080002b18 (0x00c11113) slli    sp, sp, 12
core   0: 3 0x0000000080002b18 (0x00c11113) x2  0x0000000000001000
core   0: 0x0000000080002b1c (0x002181b3) add     gp, gp, sp
core   0: 3 0x0000000080002b1c (0x002181b3) x3  0x0000000080006010
core   0: 0x0000000080002b20 (0xe481be87) fld     ft9, -440(gp)
core   0: 3 0x0000000080002b20 (0xe481be87) f29 0x3d17400000000000 mem 0x0000000080005e58
core   0: 0x0000000080002b24 (0x402181b3) sub     gp, gp, sp
core   0: 3 0x0000000080002b24 (0x402181b3) x3  0x0000000080005010
core   0: 0x0000000080002b28 (0x00000113) li      sp, 0
core   0: 3 0x0000000080002b28 (0x00000113) x2  0x0000000000000000
core   0: 0x0000000080002b2c (0x00311073) csrw    fcsr, sp
core   0: 3 0x0000000080002b2c (0x00311073) c1_fflags 0x0000000000000000 c2_frm 0x0000000000000000
core   0: 0x0000000080002b30 (0x0bdf7fd3) fsub.d  ft11, ft10, ft9
core   0: 3 0x0000000080002b30 (0x0bdf7fd3) f31 0x3ff0000000000002
core   0: 0x0000000080002b34 (0x00302273) csrr    tp, fcsr
core   0: 3 0x0000000080002b34 (0x00302273) x4  0x0000000000000000
core   0: 0x0000000080002b38 (0x65f0b027) fsd     ft11, 1600(ra)
core   0: 3 0x0000000080002b38 (0x65f0b027) mem 0x0000000080007f58 0x3ff0000000000002
core   0: 0x0000000080002b3c (0x6440b423) sd      tp, 1608(ra)
core   0: 3 0x0000000080002b3c (0x6440b423) mem 0x0000000080007f60 0x0000000000000000
core   0: >>>>  inst_229
core   0: 0x0000000080002b40 (0x00100113) li      sp, 1
core   0: 3 0x0000000080002b40 (0x00100113) x2  0x0000000000000001
core   0: 0x0000000080002b44 (0x00c11113) slli    sp, sp, 12
core   0: 3 0x0000000080002b44 (0x00c11113) x2  0x0000000000001000
core   0: 0x0000000080002b48 (0x002181b3) add     gp, gp, sp
core   0: 3 0x0000000080002b48 (0x002181b3) x3  0x0000000080006010
core   0: 0x0000000080002b4c (0xe501bf07) fld     ft10, -432(gp)
core   0: 3 0x0000000080002b4c (0xe501bf07) f30 0x3ff0000000000063 mem 0x0000000080005e60
core   0: 0x0000000080002b50 (0x402181b3) sub     gp, gp, sp
core   0: 3 0x0000000080002b50 (0x402181b3) x3  0x0000000080005010
core   0: 0x0000000080002b54 (0x00100113) li      sp, 1
core   0: 3 0x0000000080002b54 (0x00100113) x2  0x0000000000000001
core   0: 0x0000000080002b58 (0x00c11113) slli    sp, sp, 12
core   0: 3 0x0000000080002b58 (0x00c11113) x2  0x0000000000001000
core   0: 0x0000000080002b5c (0x002181b3) add     gp, gp, sp
core   0: 3 0x0000000080002b5c (0x002181b3) x3  0x0000000080006010
core   0: 0x0000000080002b60 (0xe581be87) fld     ft9, -424(gp)
core   0: 3 0x0000000080002b60 (0xe581be87) f29 0xbd9fe74000000000 mem 0x0000000080005e68
core   0: 0x0000000080002b64 (0x402181b3) sub     gp, gp, sp
core   0: 3 0x0000000080002b64 (0x402181b3) x3  0x0000000080005010
core   0: 0x0000000080002b68 (0x00000113) li      sp, 0
core   0: 3 0x0000000080002b68 (0x00000113) x2  0x0000000000000000
core   0: 0x0000000080002b6c (0x00311073) csrw    fcsr, sp
core   0: 3 0x0000000080002b6c (0x00311073) c1_fflags 0x0000000000000000 c2_frm 0x0000000000000000
core   0: 0x0000000080002b70 (0x0bdf7fd3) fsub.d  ft11, ft10, ft9
core   0: 3 0x0000000080002b70 (0x0bdf7fd3) f31 0x3ff0000000008000
core   0: 0x0000000080002b74 (0x00302273) csrr    tp, fcsr
core   0: 3 0x0000000080002b74 (0x00302273) x4  0x0000000000000000
core   0: 0x0000000080002b78 (0x65f0b827) fsd     ft11, 1616(ra)
core   0: 3 0x0000000080002b78 (0x65f0b827) mem 0x0000000080007f68 0x3ff0000000008000
core   0: 0x0000000080002b7c (0x6440bc23) sd      tp, 1624(ra)
core   0: 3 0x0000000080002b7c (0x6440bc23) mem 0x0000000080007f70 0x0000000000000000
core   0: >>>>  inst_230
core   0: 0x0000000080002b80 (0x00100113) li      sp, 1
core   0: 3 0x0000000080002b80 (0x00100113) x2  0x0000000000000001
core   0: 0x0000000080002b84 (0x00c11113) slli    sp, sp, 12
core   0: 3 0x0000000080002b84 (0x00c11113) x2  0x0000000000001000
core   0: 0x0000000080002b88 (0x002181b3) add     gp, gp, sp
core   0: 3 0x0000000080002b88 (0x002181b3) x3  0x0000000080006010
core   0: 0x0000000080002b8c (0xe601bf07) fld     ft10, -416(gp)
core   0: 3 0x0000000080002b8c (0xe601bf07) f30 0x7fe0000000000002 mem 0x0000000080005e70
core   0: 0x0000000080002b90 (0x402181b3) sub     gp, gp, sp
core   0: 3 0x0000000080002b90 (0x402181b3) x3  0x0000000080005010
core   0: 0x0000000080002b94 (0x00100113) li      sp, 1
core   0: 3 0x0000000080002b94 (0x00100113) x2  0x0000000000000001
core   0: 0x0000000080002b98 (0x00c11113) slli    sp, sp, 12
core   0: 3 0x0000000080002b98 (0x00c11113) x2  0x0000000000001000
core   0: 0x0000000080002b9c (0x002181b3) add     gp, gp, sp
core   0: 3 0x0000000080002b9c (0x002181b3) x3  0x0000000080006010
core   0: 0x0000000080002ba0 (0xe681be87) fld     ft9, -408(gp)
core   0: 3 0x0000000080002ba0 (0xe681be87) f29 0xffdffffffffdfffa mem 0x0000000080005e78
core   0: 0x0000000080002ba4 (0x402181b3) sub     gp, gp, sp
core   0: 3 0x0000000080002ba4 (0x402181b3) x3  0x0000000080005010
core   0: 0x0000000080002ba8 (0x00000113) li      sp, 0
core   0: 3 0x0000000080002ba8 (0x00000113) x2  0x0000000000000000
core   0: 0x0000000080002bac (0x00311073) csrw    fcsr, sp
core   0: 3 0x0000000080002bac (0x00311073) c1_fflags 0x0000000000000000 c2_frm 0x0000000000000000
core   0: 0x0000000080002bb0 (0x0bdf7fd3) fsub.d  ft11, ft10, ft9
core   0: 3 0x0000000080002bb0 (0x0bdf7fd3) f31 0x7feffffffffeffff
core   0: 0x0000000080002bb4 (0x00302273) csrr    tp, fcsr
core   0: 3 0x0000000080002bb4 (0x00302273) x4  0x0000000000000000
core   0: 0x0000000080002bb8 (0x67f0b027) fsd     ft11, 1632(ra)
core   0: 3 0x0000000080002bb8 (0x67f0b027) mem 0x0000000080007f78 0x7feffffffffeffff
core   0: 0x0000000080002bbc (0x6640b423) sd      tp, 1640(ra)
core   0: 3 0x0000000080002bbc (0x6640b423) mem 0x0000000080007f80 0x0000000000000000
core   0: >>>>  inst_231
core   0: 0x0000000080002bc0 (0x00100113) li      sp, 1
core   0: 3 0x0000000080002bc0 (0x00100113) x2  0x0000000000000001
core   0: 0x0000000080002bc4 (0x00c11113) slli    sp, sp, 12
core   0: 3 0x0000000080002bc4 (0x00c11113) x2  0x0000000000001000
core   0: 0x0000000080002bc8 (0x002181b3) add     gp, gp, sp
core   0: 3 0x0000000080002bc8 (0x002181b3) x3  0x0000000080006010
core   0: 0x0000000080002bcc (0xe701bf07) fld     ft10, -400(gp)
core   0: 3 0x0000000080002bcc (0xe701bf07) f30 0x7fe0000000000003 mem 0x0000000080005e80
core   0: 0x0000000080002bd0 (0x402181b3) sub     gp, gp, sp
core   0: 3 0x0000000080002bd0 (0x402181b3) x3  0x0000000080005010
core   0: 0x0000000080002bd4 (0x00100113) li      sp, 1
core   0: 3 0x0000000080002bd4 (0x00100113) x2  0x0000000000000001
core   0: 0x0000000080002bd8 (0x00c11113) slli    sp, sp, 12
core   0: 3 0x0000000080002bd8 (0x00c11113) x2  0x0000000000001000
core   0: 0x0000000080002bdc (0x002181b3) add     gp, gp, sp
core   0: 3 0x0000000080002bdc (0x002181b3) x3  0x0000000080006010
core   0: 0x0000000080002be0 (0xe781be87) fld     ft9, -392(gp)
core   0: 3 0x0000000080002be0 (0xe781be87) f29 0xffdffffffffefff8 mem 0x0000000080005e88
core   0: 0x0000000080002be4 (0x402181b3) sub     gp, gp, sp
core   0: 3 0x0000000080002be4 (0x402181b3) x3  0x0000000080005010
core   0: 0x0000000080002be8 (0x00000113) li      sp, 0
core   0: 3 0x0000000080002be8 (0x00000113) x2  0x0000000000000000
core   0: 0x0000000080002bec (0x00311073) csrw    fcsr, sp
core   0: 3 0x0000000080002bec (0x00311073) c1_fflags 0x0000000000000000 c2_frm 0x0000000000000000
core   0: 0x0000000080002bf0 (0x0bdf7fd3) fsub.d  ft11, ft10, ft9
core   0: 3 0x0000000080002bf0 (0x0bdf7fd3) f31 0x7fefffffffff7fff
core   0: 0x0000000080002bf4 (0x00302273) csrr    tp, fcsr
core   0: 3 0x0000000080002bf4 (0x00302273) x4  0x0000000000000000
core   0: 0x0000000080002bf8 (0x67f0b827) fsd     ft11, 1648(ra)
core   0: 3 0x0000000080002bf8 (0x67f0b827) mem 0x0000000080007f88 0x7fefffffffff7fff
core   0: 0x0000000080002bfc (0x6640bc23) sd      tp, 1656(ra)
core   0: 3 0x0000000080002bfc (0x6640bc23) mem 0x0000000080007f90 0x0000000000000000
core   0: >>>>  inst_232
core   0: 0x0000000080002c00 (0x00100113) li      sp, 1
core   0: 3 0x0000000080002c00 (0x00100113) x2  0x0000000000000001
core   0: 0x0000000080002c04 (0x00c11113) slli    sp, sp, 12
core   0: 3 0x0000000080002c04 (0x00c11113) x2  0x0000000000001000
core   0: 0x0000000080002c08 (0x002181b3) add     gp, gp, sp
core   0: 3 0x0000000080002c08 (0x002181b3) x3  0x0000000080006010
core   0: 0x0000000080002c0c (0xe801bf07) fld     ft10, -384(gp)
core   0: 3 0x0000000080002c0c (0xe801bf07) f30 0x7fe0000000000007 mem 0x0000000080005e90
core   0: 0x0000000080002c10 (0x402181b3) sub     gp, gp, sp
core   0: 3 0x0000000080002c10 (0x402181b3) x3  0x0000000080005010
core   0: 0x0000000080002c14 (0x00100113) li      sp, 1
core   0: 3 0x0000000080002c14 (0x00100113) x2  0x0000000000000001
core   0: 0x0000000080002c18 (0x00c11113) slli    sp, sp, 12
core   0: 3 0x0000000080002c18 (0x00c11113) x2  0x0000000000001000
core   0: 0x0000000080002c1c (0x002181b3) add     gp, gp, sp
core   0: 3 0x0000000080002c1c (0x002181b3) x3  0x0000000080006010
core   0: 0x0000000080002c20 (0xe881be87) fld     ft9, -376(gp)
core   0: 3 0x0000000080002c20 (0xe881be87) f29 0x7ff0000000000000 mem 0x0000000080005e98
core   0: 0x0000000080002c24 (0x402181b3) sub     gp, gp, sp
core   0: 3 0x0000000080002c24 (0x402181b3) x3  0x0000000080005010
core   0: 0x0000000080002c28 (0x00000113) li      sp, 0
core   0: 3 0x0000000080002c28 (0x00000113) x2  0x0000000000000000
core   0: 0x0000000080002c2c (0x00311073) csrw    fcsr, sp
core   0: 3 0x0000000080002c2c (0x00311073) c1_fflags 0x0000000000000000 c2_frm 0x0000000000000000
core   0: 0x0000000080002c30 (0x0bdf7fd3) fsub.d  ft11, ft10, ft9
core   0: 3 0x0000000080002c30 (0x0bdf7fd3) f31 0xfff0000000000000
core   0: 0x0000000080002c34 (0x00302273) csrr    tp, fcsr
core   0: 3 0x0000000080002c34 (0x00302273) x4  0x0000000000000000
core   0: 0x0000000080002c38 (0x69f0b027) fsd     ft11, 1664(ra)
core   0: 3 0x0000000080002c38 (0x69f0b027) mem 0x0000000080007f98 0xfff0000000000000
core   0: 0x0000000080002c3c (0x6840b423) sd      tp, 1672(ra)
core   0: 3 0x0000000080002c3c (0x6840b423) mem 0x0000000080007fa0 0x0000000000000000
core   0: >>>>  inst_233
core   0: 0x0000000080002c40 (0x00100113) li      sp, 1
core   0: 3 0x0000000080002c40 (0x00100113) x2  0x0000000000000001
core   0: 0x0000000080002c44 (0x00c11113) slli    sp, sp, 12
core   0: 3 0x0000000080002c44 (0x00c11113) x2  0x0000000000001000
core   0: 0x0000000080002c48 (0x002181b3) add     gp, gp, sp
core   0: 3 0x0000000080002c48 (0x002181b3) x3  0x0000000080006010
core   0: 0x0000000080002c4c (0xe901bf07) fld     ft10, -368(gp)
core   0: 3 0x0000000080002c4c (0xe901bf07) f30 0x7fe000000000000a mem 0x0000000080005ea0
core   0: 0x0000000080002c50 (0x402181b3) sub     gp, gp, sp
core   0: 3 0x0000000080002c50 (0x402181b3) x3  0x0000000080005010
core   0: 0x0000000080002c54 (0x00100113) li      sp, 1
core   0: 3 0x0000000080002c54 (0x00100113) x2  0x0000000000000001
core   0: 0x0000000080002c58 (0x00c11113) slli    sp, sp, 12
core   0: 3 0x0000000080002c58 (0x00c11113) x2  0x0000000000001000
core   0: 0x0000000080002c5c (0x002181b3) add     gp, gp, sp
core   0: 3 0x0000000080002c5c (0x002181b3) x3  0x0000000080006010
core   0: 0x0000000080002c60 (0xe981be87) fld     ft9, -360(gp)
core   0: 3 0x0000000080002c60 (0xe981be87) f29 0xffdfffffffbfffea mem 0x0000000080005ea8
core   0: 0x0000000080002c64 (0x402181b3) sub     gp, gp, sp
core   0: 3 0x0000000080002c64 (0x402181b3) x3  0x0000000080005010
core   0: 0x0000000080002c68 (0x00000113) li      sp, 0
core   0: 3 0x0000000080002c68 (0x00000113) x2  0x0000000000000000
core   0: 0x0000000080002c6c (0x00311073) csrw    fcsr, sp
core   0: 3 0x0000000080002c6c (0x00311073) c1_fflags 0x0000000000000000 c2_frm 0x0000000000000000
core   0: 0x0000000080002c70 (0x0bdf7fd3) fsub.d  ft11, ft10, ft9
core   0: 3 0x0000000080002c70 (0x0bdf7fd3) f31 0x7fefffffffdfffff
core   0: 0x0000000080002c74 (0x00302273) csrr    tp, fcsr
core   0: 3 0x0000000080002c74 (0x00302273) x4  0x0000000000000000
core   0: 0x0000000080002c78 (0x69f0b827) fsd     ft11, 1680(ra)
core   0: 3 0x0000000080002c78 (0x69f0b827) mem 0x0000000080007fa8 0x7fefffffffdfffff
core   0: 0x0000000080002c7c (0x6840bc23) sd      tp, 1688(ra)
core   0: 3 0x0000000080002c7c (0x6840bc23) mem 0x0000000080007fb0 0x0000000000000000
core   0: >>>>  inst_234
core   0: 0x0000000080002c80 (0x00100113) li      sp, 1
core   0: 3 0x0000000080002c80 (0x00100113) x2  0x0000000000000001
core   0: 0x0000000080002c84 (0x00c11113) slli    sp, sp, 12
core   0: 3 0x0000000080002c84 (0x00c11113) x2  0x0000000000001000
core   0: 0x0000000080002c88 (0x002181b3) add     gp, gp, sp
core   0: 3 0x0000000080002c88 (0x002181b3) x3  0x0000000080006010
core   0: 0x0000000080002c8c (0xea01bf07) fld     ft10, -352(gp)
core   0: 3 0x0000000080002c8c (0xea01bf07) f30 0x7fe000000000000a mem 0x0000000080005eb0
core   0: 0x0000000080002c90 (0x402181b3) sub     gp, gp, sp
core   0: 3 0x0000000080002c90 (0x402181b3) x3  0x0000000080005010
core   0: 0x0000000080002c94 (0x00100113) li      sp, 1
core   0: 3 0x0000000080002c94 (0x00100113) x2  0x0000000000000001
core   0: 0x0000000080002c98 (0x00c11113) slli    sp, sp, 12
core   0: 3 0x0000000080002c98 (0x00c11113) x2  0x0000000000001000
core   0: 0x0000000080002c9c (0x002181b3) add     gp, gp, sp
core   0: 3 0x0000000080002c9c (0x002181b3) x3  0x0000000080006010
core   0: 0x0000000080002ca0 (0xea81be87) fld     ft9, -344(gp)
core   0: 3 0x0000000080002ca0 (0xea81be87) f29 0xffdfffffffffdfea mem 0x0000000080005eb8
core   0: 0x0000000080002ca4 (0x402181b3) sub     gp, gp, sp
core   0: 3 0x0000000080002ca4 (0x402181b3) x3  0x0000000080005010
core   0: 0x0000000080002ca8 (0x00000113) li      sp, 0
core   0: 3 0x0000000080002ca8 (0x00000113) x2  0x0000000000000000
core   0: 0x0000000080002cac (0x00311073) csrw    fcsr, sp
core   0: 3 0x0000000080002cac (0x00311073) c1_fflags 0x0000000000000000 c2_frm 0x0000000000000000
core   0: 0x0000000080002cb0 (0x0bdf7fd3) fsub.d  ft11, ft10, ft9
core   0: 3 0x0000000080002cb0 (0x0bdf7fd3) f31 0x7fefffffffffefff
core   0: 0x0000000080002cb4 (0x00302273) csrr    tp, fcsr
core   0: 3 0x0000000080002cb4 (0x00302273) x4  0x0000000000000000
core   0: 0x0000000080002cb8 (0x6bf0b027) fsd     ft11, 1696(ra)
core   0: 3 0x0000000080002cb8 (0x6bf0b027) mem 0x0000000080007fb8 0x7fefffffffffefff
core   0: 0x0000000080002cbc (0x6a40b423) sd      tp, 1704(ra)
core   0: 3 0x0000000080002cbc (0x6a40b423) mem 0x0000000080007fc0 0x0000000000000000
core   0: >>>>  inst_235
core   0: 0x0000000080002cc0 (0x00100113) li      sp, 1
core   0: 3 0x0000000080002cc0 (0x00100113) x2  0x0000000000000001
core   0: 0x0000000080002cc4 (0x00c11113) slli    sp, sp, 12
core   0: 3 0x0000000080002cc4 (0x00c11113) x2  0x0000000000001000
core   0: 0x0000000080002cc8 (0x002181b3) add     gp, gp, sp
core   0: 3 0x0000000080002cc8 (0x002181b3) x3  0x0000000080006010
core   0: 0x0000000080002ccc (0xeb01bf07) fld     ft10, -336(gp)
core   0: 3 0x0000000080002ccc (0xeb01bf07) f30 0x7fe000000000000c mem 0x0000000080005ec0
core   0: 0x0000000080002cd0 (0x402181b3) sub     gp, gp, sp
core   0: 3 0x0000000080002cd0 (0x402181b3) x3  0x0000000080005010
core   0: 0x0000000080002cd4 (0x00100113) li      sp, 1
core   0: 3 0x0000000080002cd4 (0x00100113) x2  0x0000000000000001
core   0: 0x0000000080002cd8 (0x00c11113) slli    sp, sp, 12
core   0: 3 0x0000000080002cd8 (0x00c11113) x2  0x0000000000001000
core   0: 0x0000000080002cdc (0x002181b3) add     gp, gp, sp
core   0: 3 0x0000000080002cdc (0x002181b3) x3  0x0000000080006010
core   0: 0x0000000080002ce0 (0xeb81be87) fld     ft9, -328(gp)
core   0: 3 0x0000000080002ce0 (0xeb81be87) f29 0xffdffffffffffbe6 mem 0x0000000080005ec8
core   0: 0x0000000080002ce4 (0x402181b3) sub     gp, gp, sp
core   0: 3 0x0000000080002ce4 (0x402181b3) x3  0x0000000080005010
core   0: 0x0000000080002ce8 (0x00000113) li      sp, 0
core   0: 3 0x0000000080002ce8 (0x00000113) x2  0x0000000000000000
core   0: 0x0000000080002cec (0x00311073) csrw    fcsr, sp
core   0: 3 0x0000000080002cec (0x00311073) c1_fflags 0x0000000000000000 c2_frm 0x0000000000000000
core   0: 0x0000000080002cf0 (0x0bdf7fd3) fsub.d  ft11, ft10, ft9
core   0: 3 0x0000000080002cf0 (0x0bdf7fd3) f31 0x7feffffffffffdff
core   0: 0x0000000080002cf4 (0x00302273) csrr    tp, fcsr
core   0: 3 0x0000000080002cf4 (0x00302273) x4  0x0000000000000000
core   0: 0x0000000080002cf8 (0x6bf0b827) fsd     ft11, 1712(ra)
core   0: 3 0x0000000080002cf8 (0x6bf0b827) mem 0x0000000080007fc8 0x7feffffffffffdff
core   0: 0x0000000080002cfc (0x6a40bc23) sd      tp, 1720(ra)
core   0: 3 0x0000000080002cfc (0x6a40bc23) mem 0x0000000080007fd0 0x0000000000000000
core   0: >>>>  inst_236
core   0: 0x0000000080002d00 (0x00100113) li      sp, 1
core   0: 3 0x0000000080002d00 (0x00100113) x2  0x0000000000000001
core   0: 0x0000000080002d04 (0x00c11113) slli    sp, sp, 12
core   0: 3 0x0000000080002d04 (0x00c11113) x2  0x0000000000001000
core   0: 0x0000000080002d08 (0x002181b3) add     gp, gp, sp
core   0: 3 0x0000000080002d08 (0x002181b3) x3  0x0000000080006010
core   0: 0x0000000080002d0c (0xec01bf07) fld     ft10, -320(gp)
core   0: 3 0x0000000080002d0c (0xec01bf07) f30 0x7fe0000000000011 mem 0x0000000080005ed0
core   0: 0x0000000080002d10 (0x402181b3) sub     gp, gp, sp
core   0: 3 0x0000000080002d10 (0x402181b3) x3  0x0000000080005010
core   0: 0x0000000080002d14 (0x00100113) li      sp, 1
core   0: 3 0x0000000080002d14 (0x00100113) x2  0x0000000000000001
core   0: 0x0000000080002d18 (0x00c11113) slli    sp, sp, 12
core   0: 3 0x0000000080002d18 (0x00c11113) x2  0x0000000000001000
core   0: 0x0000000080002d1c (0x002181b3) add     gp, gp, sp
core   0: 3 0x0000000080002d1c (0x002181b3) x3  0x0000000080006010
core   0: 0x0000000080002d20 (0xec81be87) fld     ft9, -312(gp)
core   0: 3 0x0000000080002d20 (0xec81be87) f29 0x7ff0000000000000 mem 0x0000000080005ed8
core   0: 0x0000000080002d24 (0x402181b3) sub     gp, gp, sp
core   0: 3 0x0000000080002d24 (0x402181b3) x3  0x0000000080005010
core   0: 0x0000000080002d28 (0x00000113) li      sp, 0
core   0: 3 0x0000000080002d28 (0x00000113) x2  0x0000000000000000
core   0: 0x0000000080002d2c (0x00311073) csrw    fcsr, sp
core   0: 3 0x0000000080002d2c (0x00311073) c1_fflags 0x0000000000000000 c2_frm 0x0000000000000000
core   0: 0x0000000080002d30 (0x0bdf7fd3) fsub.d  ft11, ft10, ft9
core   0: 3 0x0000000080002d30 (0x0bdf7fd3) f31 0xfff0000000000000
core   0: 0x0000000080002d34 (0x00302273) csrr    tp, fcsr
core   0: 3 0x0000000080002d34 (0x00302273) x4  0x0000000000000000
core   0: 0x0000000080002d38 (0x6df0b027) fsd     ft11, 1728(ra)
core   0: 3 0x0000000080002d38 (0x6df0b027) mem 0x0000000080007fd8 0xfff0000000000000
core   0: 0x0000000080002d3c (0x6c40b423) sd      tp, 1736(ra)
core   0: 3 0x0000000080002d3c (0x6c40b423) mem 0x0000000080007fe0 0x0000000000000000
core   0: >>>>  inst_237
core   0: 0x0000000080002d40 (0x00100113) li      sp, 1
core   0: 3 0x0000000080002d40 (0x00100113) x2  0x0000000000000001
core   0: 0x0000000080002d44 (0x00c11113) slli    sp, sp, 12
core   0: 3 0x0000000080002d44 (0x00c11113) x2  0x0000000000001000
core   0: 0x0000000080002d48 (0x002181b3) add     gp, gp, sp
core   0: 3 0x0000000080002d48 (0x002181b3) x3  0x0000000080006010
core   0: 0x0000000080002d4c (0xed01bf07) fld     ft10, -304(gp)
core   0: 3 0x0000000080002d4c (0xed01bf07) f30 0x7fe0000000000013 mem 0x0000000080005ee0
core   0: 0x0000000080002d50 (0x402181b3) sub     gp, gp, sp
core   0: 3 0x0000000080002d50 (0x402181b3) x3  0x0000000080005010
core   0: 0x0000000080002d54 (0x00100113) li      sp, 1
core   0: 3 0x0000000080002d54 (0x00100113) x2  0x0000000000000001
core   0: 0x0000000080002d58 (0x00c11113) slli    sp, sp, 12
core   0: 3 0x0000000080002d58 (0x00c11113) x2  0x0000000000001000
core   0: 0x0000000080002d5c (0x002181b3) add     gp, gp, sp
core   0: 3 0x0000000080002d5c (0x002181b3) x3  0x0000000080006010
core   0: 0x0000000080002d60 (0xed81be87) fld     ft9, -296(gp)
core   0: 3 0x0000000080002d60 (0xed81be87) f29 0x7ff0000000000000 mem 0x0000000080005ee8
core   0: 0x0000000080002d64 (0x402181b3) sub     gp, gp, sp
core   0: 3 0x0000000080002d64 (0x402181b3) x3  0x0000000080005010
core   0: 0x0000000080002d68 (0x00000113) li      sp, 0
core   0: 3 0x0000000080002d68 (0x00000113) x2  0x0000000000000000
core   0: 0x0000000080002d6c (0x00311073) csrw    fcsr, sp
core   0: 3 0x0000000080002d6c (0x00311073) c1_fflags 0x0000000000000000 c2_frm 0x0000000000000000
core   0: 0x0000000080002d70 (0x0bdf7fd3) fsub.d  ft11, ft10, ft9
core   0: 3 0x0000000080002d70 (0x0bdf7fd3) f31 0xfff0000000000000
core   0: 0x0000000080002d74 (0x00302273) csrr    tp, fcsr
core   0: 3 0x0000000080002d74 (0x00302273) x4  0x0000000000000000
core   0: 0x0000000080002d78 (0x6df0b827) fsd     ft11, 1744(ra)
core   0: 3 0x0000000080002d78 (0x6df0b827) mem 0x0000000080007fe8 0xfff0000000000000
core   0: 0x0000000080002d7c (0x6c40bc23) sd      tp, 1752(ra)
core   0: 3 0x0000000080002d7c (0x6c40bc23) mem 0x0000000080007ff0 0x0000000000000000
core   0: >>>>  inst_238
core   0: 0x0000000080002d80 (0x00100113) li      sp, 1
core   0: 3 0x0000000080002d80 (0x00100113) x2  0x0000000000000001
core   0: 0x0000000080002d84 (0x00c11113) slli    sp, sp, 12
core   0: 3 0x0000000080002d84 (0x00c11113) x2  0x0000000000001000
core   0: 0x0000000080002d88 (0x002181b3) add     gp, gp, sp
core   0: 3 0x0000000080002d88 (0x002181b3) x3  0x0000000080006010
core   0: 0x0000000080002d8c (0xee01bf07) fld     ft10, -288(gp)
core   0: 3 0x0000000080002d8c (0xee01bf07) f30 0x7fe0000000000014 mem 0x0000000080005ef0
core   0: 0x0000000080002d90 (0x402181b3) sub     gp, gp, sp
core   0: 3 0x0000000080002d90 (0x402181b3) x3  0x0000000080005010
core   0: 0x0000000080002d94 (0x00100113) li      sp, 1
core   0: 3 0x0000000080002d94 (0x00100113) x2  0x0000000000000001
core   0: 0x0000000080002d98 (0x00c11113) slli    sp, sp, 12
core   0: 3 0x0000000080002d98 (0x00c11113) x2  0x0000000000001000
core   0: 0x0000000080002d9c (0x002181b3) add     gp, gp, sp
core   0: 3 0x0000000080002d9c (0x002181b3) x3  0x0000000080006010
core   0: 0x0000000080002da0 (0xee81be87) fld     ft9, -280(gp)
core   0: 3 0x0000000080002da0 (0xee81be87) f29 0xffdfffffffefffd6 mem 0x0000000080005ef8
core   0: 0x0000000080002da4 (0x402181b3) sub     gp, gp, sp
core   0: 3 0x0000000080002da4 (0x402181b3) x3  0x0000000080005010
core   0: 0x0000000080002da8 (0x00000113) li      sp, 0
core   0: 3 0x0000000080002da8 (0x00000113) x2  0x0000000000000000
core   0: 0x0000000080002dac (0x00311073) csrw    fcsr, sp
core   0: 3 0x0000000080002dac (0x00311073) c1_fflags 0x0000000000000000 c2_frm 0x0000000000000000
core   0: 0x0000000080002db0 (0x0bdf7fd3) fsub.d  ft11, ft10, ft9
core   0: 3 0x0000000080002db0 (0x0bdf7fd3) f31 0x7feffffffff7ffff
core   0: 0x0000000080002db4 (0x00302273) csrr    tp, fcsr
core   0: 3 0x0000000080002db4 (0x00302273) x4  0x0000000000000000
core   0: 0x0000000080002db8 (0x6ff0b027) fsd     ft11, 1760(ra)
core   0: 3 0x0000000080002db8 (0x6ff0b027) mem 0x0000000080007ff8 0x7feffffffff7ffff
core   0: 0x0000000080002dbc (0x6e40b423) sd      tp, 1768(ra)
core   0: 3 0x0000000080002dbc (0x6e40b423) mem 0x0000000080008000 0x0000000000000000
core   0: >>>>  inst_239
core   0: 0x0000000080002dc0 (0x00100113) li      sp, 1
core   0: 3 0x0000000080002dc0 (0x00100113) x2  0x0000000000000001
core   0: 0x0000000080002dc4 (0x00c11113) slli    sp, sp, 12
core   0: 3 0x0000000080002dc4 (0x00c11113) x2  0x0000000000001000
core   0: 0x0000000080002dc8 (0x002181b3) add     gp, gp, sp
core   0: 3 0x0000000080002dc8 (0x002181b3) x3  0x0000000080006010
core   0: 0x0000000080002dcc (0xef01bf07) fld     ft10, -272(gp)
core   0: 3 0x0000000080002dcc (0xef01bf07) f30 0x7fe0000000000017 mem 0x0000000080005f00
core   0: 0x0000000080002dd0 (0x402181b3) sub     gp, gp, sp
core   0: 3 0x0000000080002dd0 (0x402181b3) x3  0x0000000080005010
core   0: 0x0000000080002dd4 (0x00100113) li      sp, 1
core   0: 3 0x0000000080002dd4 (0x00100113) x2  0x0000000000000001
core   0: 0x0000000080002dd8 (0x00c11113) slli    sp, sp, 12
core   0: 3 0x0000000080002dd8 (0x00c11113) x2  0x0000000000001000
core   0: 0x0000000080002ddc (0x002181b3) add     gp, gp, sp
core   0: 3 0x0000000080002ddc (0x002181b3) x3  0x0000000080006010
core   0: 0x0000000080002de0 (0xef81be87) fld     ft9, -264(gp)
core   0: 3 0x0000000080002de0 (0xef81be87) f29 0x7ff0000000000000 mem 0x0000000080005f08
core   0: 0x0000000080002de4 (0x402181b3) sub     gp, gp, sp
core   0: 3 0x0000000080002de4 (0x402181b3) x3  0x0000000080005010
core   0: 0x0000000080002de8 (0x00000113) li      sp, 0
core   0: 3 0x0000000080002de8 (0x00000113) x2  0x0000000000000000
core   0: 0x0000000080002dec (0x00311073) csrw    fcsr, sp
core   0: 3 0x0000000080002dec (0x00311073) c1_fflags 0x0000000000000000 c2_frm 0x0000000000000000
core   0: 0x0000000080002df0 (0x0bdf7fd3) fsub.d  ft11, ft10, ft9
core   0: 3 0x0000000080002df0 (0x0bdf7fd3) f31 0xfff0000000000000
core   0: 0x0000000080002df4 (0x00302273) csrr    tp, fcsr
core   0: 3 0x0000000080002df4 (0x00302273) x4  0x0000000000000000
core   0: 0x0000000080002df8 (0x6ff0b827) fsd     ft11, 1776(ra)
core   0: 3 0x0000000080002df8 (0x6ff0b827) mem 0x0000000080008008 0xfff0000000000000
core   0: 0x0000000080002dfc (0x6e40bc23) sd      tp, 1784(ra)
core   0: 3 0x0000000080002dfc (0x6e40bc23) mem 0x0000000080008010 0x0000000000000000
core   0: >>>>  inst_240
core   0: 0x0000000080002e00 (0x00100113) li      sp, 1
core   0: 3 0x0000000080002e00 (0x00100113) x2  0x0000000000000001
core   0: 0x0000000080002e04 (0x00c11113) slli    sp, sp, 12
core   0: 3 0x0000000080002e04 (0x00c11113) x2  0x0000000000001000
core   0: 0x0000000080002e08 (0x002181b3) add     gp, gp, sp
core   0: 3 0x0000000080002e08 (0x002181b3) x3  0x0000000080006010
core   0: 0x0000000080002e0c (0xf001bf07) fld     ft10, -256(gp)
core   0: 3 0x0000000080002e0c (0xf001bf07) f30 0x7fe000000000001b mem 0x0000000080005f10
core   0: 0x0000000080002e10 (0x402181b3) sub     gp, gp, sp
core   0: 3 0x0000000080002e10 (0x402181b3) x3  0x0000000080005010
core   0: 0x0000000080002e14 (0x00100113) li      sp, 1
core   0: 3 0x0000000080002e14 (0x00100113) x2  0x0000000000000001
core   0: 0x0000000080002e18 (0x00c11113) slli    sp, sp, 12
core   0: 3 0x0000000080002e18 (0x00c11113) x2  0x0000000000001000
core   0: 0x0000000080002e1c (0x002181b3) add     gp, gp, sp
core   0: 3 0x0000000080002e1c (0x002181b3) x3  0x0000000080006010
core   0: 0x0000000080002e20 (0xf081be87) fld     ft9, -248(gp)
core   0: 3 0x0000000080002e20 (0xf081be87) f29 0x7ff0000000000000 mem 0x0000000080005f18
core   0: 0x0000000080002e24 (0x402181b3) sub     gp, gp, sp
core   0: 3 0x0000000080002e24 (0x402181b3) x3  0x0000000080005010
core   0: 0x0000000080002e28 (0x00000113) li      sp, 0
core   0: 3 0x0000000080002e28 (0x00000113) x2  0x0000000000000000
core   0: 0x0000000080002e2c (0x00311073) csrw    fcsr, sp
core   0: 3 0x0000000080002e2c (0x00311073) c1_fflags 0x0000000000000000 c2_frm 0x0000000000000000
core   0: 0x0000000080002e30 (0x0bdf7fd3) fsub.d  ft11, ft10, ft9
core   0: 3 0x0000000080002e30 (0x0bdf7fd3) f31 0xfff0000000000000
core   0: 0x0000000080002e34 (0x00302273) csrr    tp, fcsr
core   0: 3 0x0000000080002e34 (0x00302273) x4  0x0000000000000000
core   0: 0x0000000080002e38 (0x71f0b027) fsd     ft11, 1792(ra)
core   0: 3 0x0000000080002e38 (0x71f0b027) mem 0x0000000080008018 0xfff0000000000000
core   0: 0x0000000080002e3c (0x7040b423) sd      tp, 1800(ra)
core   0: 3 0x0000000080002e3c (0x7040b423) mem 0x0000000080008020 0x0000000000000000
core   0: >>>>  inst_241
core   0: 0x0000000080002e40 (0x00100113) li      sp, 1
core   0: 3 0x0000000080002e40 (0x00100113) x2  0x0000000000000001
core   0: 0x0000000080002e44 (0x00c11113) slli    sp, sp, 12
core   0: 3 0x0000000080002e44 (0x00c11113) x2  0x0000000000001000
core   0: 0x0000000080002e48 (0x002181b3) add     gp, gp, sp
core   0: 3 0x0000000080002e48 (0x002181b3) x3  0x0000000080006010
core   0: 0x0000000080002e4c (0xf101bf07) fld     ft10, -240(gp)
core   0: 3 0x0000000080002e4c (0xf101bf07) f30 0x7fe000000000001d mem 0x0000000080005f20
core   0: 0x0000000080002e50 (0x402181b3) sub     gp, gp, sp
core   0: 3 0x0000000080002e50 (0x402181b3) x3  0x0000000080005010
core   0: 0x0000000080002e54 (0x00100113) li      sp, 1
core   0: 3 0x0000000080002e54 (0x00100113) x2  0x0000000000000001
core   0: 0x0000000080002e58 (0x00c11113) slli    sp, sp, 12
core   0: 3 0x0000000080002e58 (0x00c11113) x2  0x0000000000001000
core   0: 0x0000000080002e5c (0x002181b3) add     gp, gp, sp
core   0: 3 0x0000000080002e5c (0x002181b3) x3  0x0000000080006010
core   0: 0x0000000080002e60 (0xf181be87) fld     ft9, -232(gp)
core   0: 3 0x0000000080002e60 (0xf181be87) f29 0xffdffffffffff7c4 mem 0x0000000080005f28
core   0: 0x0000000080002e64 (0x402181b3) sub     gp, gp, sp
core   0: 3 0x0000000080002e64 (0x402181b3) x3  0x0000000080005010
core   0: 0x0000000080002e68 (0x00000113) li      sp, 0
core   0: 3 0x0000000080002e68 (0x00000113) x2  0x0000000000000000
core   0: 0x0000000080002e6c (0x00311073) csrw    fcsr, sp
core   0: 3 0x0000000080002e6c (0x00311073) c1_fflags 0x0000000000000000 c2_frm 0x0000000000000000
core   0: 0x0000000080002e70 (0x0bdf7fd3) fsub.d  ft11, ft10, ft9
core   0: 3 0x0000000080002e70 (0x0bdf7fd3) f31 0x7feffffffffffbff
core   0: 0x0000000080002e74 (0x00302273) csrr    tp, fcsr
core   0: 3 0x0000000080002e74 (0x00302273) x4  0x0000000000000000
core   0: 0x0000000080002e78 (0x71f0b827) fsd     ft11, 1808(ra)
core   0: 3 0x0000000080002e78 (0x71f0b827) mem 0x0000000080008028 0x7feffffffffffbff
core   0: 0x0000000080002e7c (0x7040bc23) sd      tp, 1816(ra)
core   0: 3 0x0000000080002e7c (0x7040bc23) mem 0x0000000080008030 0x0000000000000000
core   0: >>>>  inst_242
core   0: 0x0000000080002e80 (0x00100113) li      sp, 1
core   0: 3 0x0000000080002e80 (0x00100113) x2  0x0000000000000001
core   0: 0x0000000080002e84 (0x00c11113) slli    sp, sp, 12
core   0: 3 0x0000000080002e84 (0x00c11113) x2  0x0000000000001000
core   0: 0x0000000080002e88 (0x002181b3) add     gp, gp, sp
core   0: 3 0x0000000080002e88 (0x002181b3) x3  0x0000000080006010
core   0: 0x0000000080002e8c (0xf201bf07) fld     ft10, -224(gp)
core   0: 3 0x0000000080002e8c (0xf201bf07) f30 0x7fe000000000001e mem 0x0000000080005f30
core   0: 0x0000000080002e90 (0x402181b3) sub     gp, gp, sp
core   0: 3 0x0000000080002e90 (0x402181b3) x3  0x0000000080005010
core   0: 0x0000000080002e94 (0x00100113) li      sp, 1
core   0: 3 0x0000000080002e94 (0x00100113) x2  0x0000000000000001
core   0: 0x0000000080002e98 (0x00c11113) slli    sp, sp, 12
core   0: 3 0x0000000080002e98 (0x00c11113) x2  0x0000000000001000
core   0: 0x0000000080002e9c (0x002181b3) add     gp, gp, sp
core   0: 3 0x0000000080002e9c (0x002181b3) x3  0x0000000080006010
core   0: 0x0000000080002ea0 (0xf281be87) fld     ft9, -216(gp)
core   0: 3 0x0000000080002ea0 (0xf281be87) f29 0xffdfffffffffffbe mem 0x0000000080005f38
core   0: 0x0000000080002ea4 (0x402181b3) sub     gp, gp, sp
core   0: 3 0x0000000080002ea4 (0x402181b3) x3  0x0000000080005010
core   0: 0x0000000080002ea8 (0x00000113) li      sp, 0
core   0: 3 0x0000000080002ea8 (0x00000113) x2  0x0000000000000000
core   0: 0x0000000080002eac (0x00311073) csrw    fcsr, sp
core   0: 3 0x0000000080002eac (0x00311073) c1_fflags 0x0000000000000000 c2_frm 0x0000000000000000
core   0: 0x0000000080002eb0 (0x0bdf7fd3) fsub.d  ft11, ft10, ft9
core   0: 3 0x0000000080002eb0 (0x0bdf7fd3) f31 0x7feffffffffffffd
core   0: 0x0000000080002eb4 (0x00302273) csrr    tp, fcsr
core   0: 3 0x0000000080002eb4 (0x00302273) x4  0x0000000000000000
core   0: 0x0000000080002eb8 (0x73f0b027) fsd     ft11, 1824(ra)
core   0: 3 0x0000000080002eb8 (0x73f0b027) mem 0x0000000080008038 0x7feffffffffffffd
core   0: 0x0000000080002ebc (0x7240b423) sd      tp, 1832(ra)
core   0: 3 0x0000000080002ebc (0x7240b423) mem 0x0000000080008040 0x0000000000000000
core   0: >>>>  inst_243
core   0: 0x0000000080002ec0 (0x00100113) li      sp, 1
core   0: 3 0x0000000080002ec0 (0x00100113) x2  0x0000000000000001
core   0: 0x0000000080002ec4 (0x00c11113) slli    sp, sp, 12
core   0: 3 0x0000000080002ec4 (0x00c11113) x2  0x0000000000001000
core   0: 0x0000000080002ec8 (0x002181b3) add     gp, gp, sp
core   0: 3 0x0000000080002ec8 (0x002181b3) x3  0x0000000080006010
core   0: 0x0000000080002ecc (0xf301bf07) fld     ft10, -208(gp)
core   0: 3 0x0000000080002ecc (0xf301bf07) f30 0x7fe0000000000020 mem 0x0000000080005f40
core   0: 0x0000000080002ed0 (0x402181b3) sub     gp, gp, sp
core   0: 3 0x0000000080002ed0 (0x402181b3) x3  0x0000000080005010
core   0: 0x0000000080002ed4 (0x00100113) li      sp, 1
core   0: 3 0x0000000080002ed4 (0x00100113) x2  0x0000000000000001
core   0: 0x0000000080002ed8 (0x00c11113) slli    sp, sp, 12
core   0: 3 0x0000000080002ed8 (0x00c11113) x2  0x0000000000001000
core   0: 0x0000000080002edc (0x002181b3) add     gp, gp, sp
core   0: 3 0x0000000080002edc (0x002181b3) x3  0x0000000080006010
core   0: 0x0000000080002ee0 (0xf381be87) fld     ft9, -200(gp)
core   0: 3 0x0000000080002ee0 (0xf381be87) f29 0xffdfffffffffefbe mem 0x0000000080005f48
core   0: 0x0000000080002ee4 (0x402181b3) sub     gp, gp, sp
core   0: 3 0x0000000080002ee4 (0x402181b3) x3  0x0000000080005010
core   0: 0x0000000080002ee8 (0x00000113) li      sp, 0
core   0: 3 0x0000000080002ee8 (0x00000113) x2  0x0000000000000000
core   0: 0x0000000080002eec (0x00311073) csrw    fcsr, sp
core   0: 3 0x0000000080002eec (0x00311073) c1_fflags 0x0000000000000000 c2_frm 0x0000000000000000
core   0: 0x0000000080002ef0 (0x0bdf7fd3) fsub.d  ft11, ft10, ft9
core   0: 3 0x0000000080002ef0 (0x0bdf7fd3) f31 0x7feffffffffff7ff
core   0: 0x0000000080002ef4 (0x00302273) csrr    tp, fcsr
core   0: 3 0x0000000080002ef4 (0x00302273) x4  0x0000000000000000
core   0: 0x0000000080002ef8 (0x73f0b827) fsd     ft11, 1840(ra)
core   0: 3 0x0000000080002ef8 (0x73f0b827) mem 0x0000000080008048 0x7feffffffffff7ff
core   0: 0x0000000080002efc (0x7240bc23) sd      tp, 1848(ra)
core   0: 3 0x0000000080002efc (0x7240bc23) mem 0x0000000080008050 0x0000000000000000
core   0: >>>>  inst_244
core   0: 0x0000000080002f00 (0x00100113) li      sp, 1
core   0: 3 0x0000000080002f00 (0x00100113) x2  0x0000000000000001
core   0: 0x0000000080002f04 (0x00c11113) slli    sp, sp, 12
core   0: 3 0x0000000080002f04 (0x00c11113) x2  0x0000000000001000
core   0: 0x0000000080002f08 (0x002181b3) add     gp, gp, sp
core   0: 3 0x0000000080002f08 (0x002181b3) x3  0x0000000080006010
core   0: 0x0000000080002f0c (0xf401bf07) fld     ft10, -192(gp)
core   0: 3 0x0000000080002f0c (0xf401bf07) f30 0x7fe0000000000021 mem 0x0000000080005f50
core   0: 0x0000000080002f10 (0x402181b3) sub     gp, gp, sp
core   0: 3 0x0000000080002f10 (0x402181b3) x3  0x0000000080005010
core   0: 0x0000000080002f14 (0x00100113) li      sp, 1
core   0: 3 0x0000000080002f14 (0x00100113) x2  0x0000000000000001
core   0: 0x0000000080002f18 (0x00c11113) slli    sp, sp, 12
core   0: 3 0x0000000080002f18 (0x00c11113) x2  0x0000000000001000
core   0: 0x0000000080002f1c (0x002181b3) add     gp, gp, sp
core   0: 3 0x0000000080002f1c (0x002181b3) x3  0x0000000080006010
core   0: 0x0000000080002f20 (0xf481be87) fld     ft9, -184(gp)
core   0: 3 0x0000000080002f20 (0xf481be87) f29 0x7ff0000000000000 mem 0x0000000080005f58
core   0: 0x0000000080002f24 (0x402181b3) sub     gp, gp, sp
core   0: 3 0x0000000080002f24 (0x402181b3) x3  0x0000000080005010
core   0: 0x0000000080002f28 (0x00000113) li      sp, 0
core   0: 3 0x0000000080002f28 (0x00000113) x2  0x0000000000000000
core   0: 0x0000000080002f2c (0x00311073) csrw    fcsr, sp
core   0: 3 0x0000000080002f2c (0x00311073) c1_fflags 0x0000000000000000 c2_frm 0x0000000000000000
core   0: 0x0000000080002f30 (0x0bdf7fd3) fsub.d  ft11, ft10, ft9
core   0: 3 0x0000000080002f30 (0x0bdf7fd3) f31 0xfff0000000000000
core   0: 0x0000000080002f34 (0x00302273) csrr    tp, fcsr
core   0: 3 0x0000000080002f34 (0x00302273) x4  0x0000000000000000
core   0: 0x0000000080002f38 (0x75f0b027) fsd     ft11, 1856(ra)
core   0: 3 0x0000000080002f38 (0x75f0b027) mem 0x0000000080008058 0xfff0000000000000
core   0: 0x0000000080002f3c (0x7440b423) sd      tp, 1864(ra)
core   0: 3 0x0000000080002f3c (0x7440b423) mem 0x0000000080008060 0x0000000000000000
core   0: >>>>  inst_245
core   0: 0x0000000080002f40 (0x00100113) li      sp, 1
core   0: 3 0x0000000080002f40 (0x00100113) x2  0x0000000000000001
core   0: 0x0000000080002f44 (0x00c11113) slli    sp, sp, 12
core   0: 3 0x0000000080002f44 (0x00c11113) x2  0x0000000000001000
core   0: 0x0000000080002f48 (0x002181b3) add     gp, gp, sp
core   0: 3 0x0000000080002f48 (0x002181b3) x3  0x0000000080006010
core   0: 0x0000000080002f4c (0xf501bf07) fld     ft10, -176(gp)
core   0: 3 0x0000000080002f4c (0xf501bf07) f30 0x7fe0000000000027 mem 0x0000000080005f60
core   0: 0x0000000080002f50 (0x402181b3) sub     gp, gp, sp
core   0: 3 0x0000000080002f50 (0x402181b3) x3  0x0000000080005010
core   0: 0x0000000080002f54 (0x00100113) li      sp, 1
core   0: 3 0x0000000080002f54 (0x00100113) x2  0x0000000000000001
core   0: 0x0000000080002f58 (0x00c11113) slli    sp, sp, 12
core   0: 3 0x0000000080002f58 (0x00c11113) x2  0x0000000000001000
core   0: 0x0000000080002f5c (0x002181b3) add     gp, gp, sp
core   0: 3 0x0000000080002f5c (0x002181b3) x3  0x0000000080006010
core   0: 0x0000000080002f60 (0xf581be87) fld     ft9, -168(gp)
core   0: 3 0x0000000080002f60 (0xf581be87) f29 0x7ff0000000000000 mem 0x0000000080005f68
core   0: 0x0000000080002f64 (0x402181b3) sub     gp, gp, sp
core   0: 3 0x0000000080002f64 (0x402181b3) x3  0x0000000080005010
core   0: 0x0000000080002f68 (0x00000113) li      sp, 0
core   0: 3 0x0000000080002f68 (0x00000113) x2  0x0000000000000000
core   0: 0x0000000080002f6c (0x00311073) csrw    fcsr, sp
core   0: 3 0x0000000080002f6c (0x00311073) c1_fflags 0x0000000000000000 c2_frm 0x0000000000000000
core   0: 0x0000000080002f70 (0x0bdf7fd3) fsub.d  ft11, ft10, ft9
core   0: 3 0x0000000080002f70 (0x0bdf7fd3) f31 0xfff0000000000000
core   0: 0x0000000080002f74 (0x00302273) csrr    tp, fcsr
core   0: 3 0x0000000080002f74 (0x00302273) x4  0x0000000000000000
core   0: 0x0000000080002f78 (0x75f0b827) fsd     ft11, 1872(ra)
core   0: 3 0x0000000080002f78 (0x75f0b827) mem 0x0000000080008068 0xfff0000000000000
core   0: 0x0000000080002f7c (0x7440bc23) sd      tp, 1880(ra)
core   0: 3 0x0000000080002f7c (0x7440bc23) mem 0x0000000080008070 0x0000000000000000
core   0: >>>>  inst_246
core   0: 0x0000000080002f80 (0x00100113) li      sp, 1
core   0: 3 0x0000000080002f80 (0x00100113) x2  0x0000000000000001
core   0: 0x0000000080002f84 (0x00c11113) slli    sp, sp, 12
core   0: 3 0x0000000080002f84 (0x00c11113) x2  0x0000000000001000
core   0: 0x0000000080002f88 (0x002181b3) add     gp, gp, sp
core   0: 3 0x0000000080002f88 (0x002181b3) x3  0x0000000080006010
core   0: 0x0000000080002f8c (0xf601bf07) fld     ft10, -160(gp)
core   0: 3 0x0000000080002f8c (0xf601bf07) f30 0x7fe0000000000027 mem 0x0000000080005f70
core   0: 0x0000000080002f90 (0x402181b3) sub     gp, gp, sp
core   0: 3 0x0000000080002f90 (0x402181b3) x3  0x0000000080005010
core   0: 0x0000000080002f94 (0x00100113) li      sp, 1
core   0: 3 0x0000000080002f94 (0x00100113) x2  0x0000000000000001
core   0: 0x0000000080002f98 (0x00c11113) slli    sp, sp, 12
core   0: 3 0x0000000080002f98 (0x00c11113) x2  0x0000000000001000
core   0: 0x0000000080002f9c (0x002181b3) add     gp, gp, sp
core   0: 3 0x0000000080002f9c (0x002181b3) x3  0x0000000080006010
core   0: 0x0000000080002fa0 (0xf681be87) fld     ft9, -152(gp)
core   0: 3 0x0000000080002fa0 (0xf681be87) f29 0xffdfffffffffff70 mem 0x0000000080005f78
core   0: 0x0000000080002fa4 (0x402181b3) sub     gp, gp, sp
core   0: 3 0x0000000080002fa4 (0x402181b3) x3  0x0000000080005010
core   0: 0x0000000080002fa8 (0x00000113) li      sp, 0
core   0: 3 0x0000000080002fa8 (0x00000113) x2  0x0000000000000000
core   0: 0x0000000080002fac (0x00311073) csrw    fcsr, sp
core   0: 3 0x0000000080002fac (0x00311073) c1_fflags 0x0000000000000000 c2_frm 0x0000000000000000
core   0: 0x0000000080002fb0 (0x0bdf7fd3) fsub.d  ft11, ft10, ft9
core   0: 3 0x0000000080002fb0 (0x0bdf7fd3) f31 0x7fefffffffffffdf
core   0: 0x0000000080002fb4 (0x00302273) csrr    tp, fcsr
core   0: 3 0x0000000080002fb4 (0x00302273) x4  0x0000000000000000
core   0: 0x0000000080002fb8 (0x77f0b027) fsd     ft11, 1888(ra)
core   0: 3 0x0000000080002fb8 (0x77f0b027) mem 0x0000000080008078 0x7fefffffffffffdf
core   0: 0x0000000080002fbc (0x7640b423) sd      tp, 1896(ra)
core   0: 3 0x0000000080002fbc (0x7640b423) mem 0x0000000080008080 0x0000000000000000
core   0: >>>>  inst_247
core   0: 0x0000000080002fc0 (0x00100113) li      sp, 1
core   0: 3 0x0000000080002fc0 (0x00100113) x2  0x0000000000000001
core   0: 0x0000000080002fc4 (0x00c11113) slli    sp, sp, 12
core   0: 3 0x0000000080002fc4 (0x00c11113) x2  0x0000000000001000
core   0: 0x0000000080002fc8 (0x002181b3) add     gp, gp, sp
core   0: 3 0x0000000080002fc8 (0x002181b3) x3  0x0000000080006010
core   0: 0x0000000080002fcc (0xf701bf07) fld     ft10, -144(gp)
core   0: 3 0x0000000080002fcc (0xf701bf07) f30 0x7fe0000000000028 mem 0x0000000080005f80
core   0: 0x0000000080002fd0 (0x402181b3) sub     gp, gp, sp
core   0: 3 0x0000000080002fd0 (0x402181b3) x3  0x0000000080005010
core   0: 0x0000000080002fd4 (0x00100113) li      sp, 1
core   0: 3 0x0000000080002fd4 (0x00100113) x2  0x0000000000000001
core   0: 0x0000000080002fd8 (0x00c11113) slli    sp, sp, 12
core   0: 3 0x0000000080002fd8 (0x00c11113) x2  0x0000000000001000
core   0: 0x0000000080002fdc (0x002181b3) add     gp, gp, sp
core   0: 3 0x0000000080002fdc (0x002181b3) x3  0x0000000080006010
core   0: 0x0000000080002fe0 (0xf781be87) fld     ft9, -136(gp)
core   0: 3 0x0000000080002fe0 (0xf781be87) f29 0x7ff0000000000000 mem 0x0000000080005f88
core   0: 0x0000000080002fe4 (0x402181b3) sub     gp, gp, sp
core   0: 3 0x0000000080002fe4 (0x402181b3) x3  0x0000000080005010
core   0: 0x0000000080002fe8 (0x00000113) li      sp, 0
core   0: 3 0x0000000080002fe8 (0x00000113) x2  0x0000000000000000
core   0: 0x0000000080002fec (0x00311073) csrw    fcsr, sp
core   0: 3 0x0000000080002fec (0x00311073) c1_fflags 0x0000000000000000 c2_frm 0x0000000000000000
core   0: 0x0000000080002ff0 (0x0bdf7fd3) fsub.d  ft11, ft10, ft9
core   0: 3 0x0000000080002ff0 (0x0bdf7fd3) f31 0xfff0000000000000
core   0: 0x0000000080002ff4 (0x00302273) csrr    tp, fcsr
core   0: 3 0x0000000080002ff4 (0x00302273) x4  0x0000000000000000
core   0: 0x0000000080002ff8 (0x77f0b827) fsd     ft11, 1904(ra)
core   0: 3 0x0000000080002ff8 (0x77f0b827) mem 0x0000000080008088 0xfff0000000000000
core   0: 0x0000000080002ffc (0x7640bc23) sd      tp, 1912(ra)
core   0: 3 0x0000000080002ffc (0x7640bc23) mem 0x0000000080008090 0x0000000000000000
core   0: >>>>  inst_248
core   0: 0x0000000080003000 (0x00100113) li      sp, 1
core   0: 3 0x0000000080003000 (0x00100113) x2  0x0000000000000001
core   0: 0x0000000080003004 (0x00c11113) slli    sp, sp, 12
core   0: 3 0x0000000080003004 (0x00c11113) x2  0x0000000000001000
core   0: 0x0000000080003008 (0x002181b3) add     gp, gp, sp
core   0: 3 0x0000000080003008 (0x002181b3) x3  0x0000000080006010
core   0: 0x000000008000300c (0xf801bf07) fld     ft10, -128(gp)
core   0: 3 0x000000008000300c (0xf801bf07) f30 0x7fe0000000000028 mem 0x0000000080005f90
core   0: 0x0000000080003010 (0x402181b3) sub     gp, gp, sp
core   0: 3 0x0000000080003010 (0x402181b3) x3  0x0000000080005010
core   0: 0x0000000080003014 (0x00100113) li      sp, 1
core   0: 3 0x0000000080003014 (0x00100113) x2  0x0000000000000001
core   0: 0x0000000080003018 (0x00c11113) slli    sp, sp, 12
core   0: 3 0x0000000080003018 (0x00c11113) x2  0x0000000000001000
core   0: 0x000000008000301c (0x002181b3) add     gp, gp, sp
core   0: 3 0x000000008000301c (0x002181b3) x3  0x0000000080006010
core   0: 0x0000000080003020 (0xf881be87) fld     ft9, -120(gp)
core   0: 3 0x0000000080003020 (0xf881be87) f29 0xffdfffffffffffa6 mem 0x0000000080005f98
core   0: 0x0000000080003024 (0x402181b3) sub     gp, gp, sp
core   0: 3 0x0000000080003024 (0x402181b3) x3  0x0000000080005010
core   0: 0x0000000080003028 (0x00000113) li      sp, 0
core   0: 3 0x0000000080003028 (0x00000113) x2  0x0000000000000000
core   0: 0x000000008000302c (0x00311073) csrw    fcsr, sp
core   0: 3 0x000000008000302c (0x00311073) c1_fflags 0x0000000000000000 c2_frm 0x0000000000000000
core   0: 0x0000000080003030 (0x0bdf7fd3) fsub.d  ft11, ft10, ft9
core   0: 3 0x0000000080003030 (0x0bdf7fd3) f31 0x7feffffffffffffb
core   0: 0x0000000080003034 (0x00302273) csrr    tp, fcsr
core   0: 3 0x0000000080003034 (0x00302273) x4  0x0000000000000000
core   0: 0x0000000080003038 (0x79f0b027) fsd     ft11, 1920(ra)
core   0: 3 0x0000000080003038 (0x79f0b027) mem 0x0000000080008098 0x7feffffffffffffb
core   0: 0x000000008000303c (0x7840b423) sd      tp, 1928(ra)
core   0: 3 0x000000008000303c (0x7840b423) mem 0x00000000800080a0 0x0000000000000000
core   0: >>>>  inst_249
core   0: 0x0000000080003040 (0x00100113) li      sp, 1
core   0: 3 0x0000000080003040 (0x00100113) x2  0x0000000000000001
core   0: 0x0000000080003044 (0x00c11113) slli    sp, sp, 12
core   0: 3 0x0000000080003044 (0x00c11113) x2  0x0000000000001000
core   0: 0x0000000080003048 (0x002181b3) add     gp, gp, sp
core   0: 3 0x0000000080003048 (0x002181b3) x3  0x0000000080006010
core   0: 0x000000008000304c (0xf901bf07) fld     ft10, -112(gp)
core   0: 3 0x000000008000304c (0xf901bf07) f30 0x7fe0000000000029 mem 0x0000000080005fa0
core   0: 0x0000000080003050 (0x402181b3) sub     gp, gp, sp
core   0: 3 0x0000000080003050 (0x402181b3) x3  0x0000000080005010
core   0: 0x0000000080003054 (0x00100113) li      sp, 1
core   0: 3 0x0000000080003054 (0x00100113) x2  0x0000000000000001
core   0: 0x0000000080003058 (0x00c11113) slli    sp, sp, 12
core   0: 3 0x0000000080003058 (0x00c11113) x2  0x0000000000001000
core   0: 0x000000008000305c (0x002181b3) add     gp, gp, sp
core   0: 3 0x000000008000305c (0x002181b3) x3  0x0000000080006010
core   0: 0x0000000080003060 (0xf981be87) fld     ft9, -104(gp)
core   0: 3 0x0000000080003060 (0xf981be87) f29 0x7ff0000000000000 mem 0x0000000080005fa8
core   0: 0x0000000080003064 (0x402181b3) sub     gp, gp, sp
core   0: 3 0x0000000080003064 (0x402181b3) x3  0x0000000080005010
core   0: 0x0000000080003068 (0x00000113) li      sp, 0
core   0: 3 0x0000000080003068 (0x00000113) x2  0x0000000000000000
core   0: 0x000000008000306c (0x00311073) csrw    fcsr, sp
core   0: 3 0x000000008000306c (0x00311073) c1_fflags 0x0000000000000000 c2_frm 0x0000000000000000
core   0: 0x0000000080003070 (0x0bdf7fd3) fsub.d  ft11, ft10, ft9
core   0: 3 0x0000000080003070 (0x0bdf7fd3) f31 0xfff0000000000000
core   0: 0x0000000080003074 (0x00302273) csrr    tp, fcsr
core   0: 3 0x0000000080003074 (0x00302273) x4  0x0000000000000000
core   0: 0x0000000080003078 (0x79f0b827) fsd     ft11, 1936(ra)
core   0: 3 0x0000000080003078 (0x79f0b827) mem 0x00000000800080a8 0xfff0000000000000
core   0: 0x000000008000307c (0x7840bc23) sd      tp, 1944(ra)
core   0: 3 0x000000008000307c (0x7840bc23) mem 0x00000000800080b0 0x0000000000000000
core   0: >>>>  inst_250
core   0: 0x0000000080003080 (0x00100113) li      sp, 1
core   0: 3 0x0000000080003080 (0x00100113) x2  0x0000000000000001
core   0: 0x0000000080003084 (0x00c11113) slli    sp, sp, 12
core   0: 3 0x0000000080003084 (0x00c11113) x2  0x0000000000001000
core   0: 0x0000000080003088 (0x002181b3) add     gp, gp, sp
core   0: 3 0x0000000080003088 (0x002181b3) x3  0x0000000080006010
core   0: 0x000000008000308c (0xfa01bf07) fld     ft10, -96(gp)
core   0: 3 0x000000008000308c (0xfa01bf07) f30 0x7fe0000000000029 mem 0x0000000080005fb0
core   0: 0x0000000080003090 (0x402181b3) sub     gp, gp, sp
core   0: 3 0x0000000080003090 (0x402181b3) x3  0x0000000080005010
core   0: 0x0000000080003094 (0x00100113) li      sp, 1
core   0: 3 0x0000000080003094 (0x00100113) x2  0x0000000000000001
core   0: 0x0000000080003098 (0x00c11113) slli    sp, sp, 12
core   0: 3 0x0000000080003098 (0x00c11113) x2  0x0000000000001000
core   0: 0x000000008000309c (0x002181b3) add     gp, gp, sp
core   0: 3 0x000000008000309c (0x002181b3) x3  0x0000000080006010
core   0: 0x00000000800030a0 (0xfa81be87) fld     ft9, -88(gp)
core   0: 3 0x00000000800030a0 (0xfa81be87) f29 0xffdfffffffffff8c mem 0x0000000080005fb8
core   0: 0x00000000800030a4 (0x402181b3) sub     gp, gp, sp
core   0: 3 0x00000000800030a4 (0x402181b3) x3  0x0000000080005010
core   0: 0x00000000800030a8 (0x00000113) li      sp, 0
core   0: 3 0x00000000800030a8 (0x00000113) x2  0x0000000000000000
core   0: 0x00000000800030ac (0x00311073) csrw    fcsr, sp
core   0: 3 0x00000000800030ac (0x00311073) c1_fflags 0x0000000000000000 c2_frm 0x0000000000000000
core   0: 0x00000000800030b0 (0x0bdf7fd3) fsub.d  ft11, ft10, ft9
core   0: 3 0x00000000800030b0 (0x0bdf7fd3) f31 0x7fefffffffffffef
core   0: 0x00000000800030b4 (0x00302273) csrr    tp, fcsr
core   0: 3 0x00000000800030b4 (0x00302273) x4  0x0000000000000000
core   0: 0x00000000800030b8 (0x7bf0b027) fsd     ft11, 1952(ra)
core   0: 3 0x00000000800030b8 (0x7bf0b027) mem 0x00000000800080b8 0x7fefffffffffffef
core   0: 0x00000000800030bc (0x7a40b423) sd      tp, 1960(ra)
core   0: 3 0x00000000800030bc (0x7a40b423) mem 0x00000000800080c0 0x0000000000000000
core   0: >>>>  inst_251
core   0: 0x00000000800030c0 (0x00100113) li      sp, 1
core   0: 3 0x00000000800030c0 (0x00100113) x2  0x0000000000000001
core   0: 0x00000000800030c4 (0x00c11113) slli    sp, sp, 12
core   0: 3 0x00000000800030c4 (0x00c11113) x2  0x0000000000001000
core   0: 0x00000000800030c8 (0x002181b3) add     gp, gp, sp
core   0: 3 0x00000000800030c8 (0x002181b3) x3  0x0000000080006010
core   0: 0x00000000800030cc (0xfb01bf07) fld     ft10, -80(gp)
core   0: 3 0x00000000800030cc (0xfb01bf07) f30 0x7fe000000000002a mem 0x0000000080005fc0
core   0: 0x00000000800030d0 (0x402181b3) sub     gp, gp, sp
core   0: 3 0x00000000800030d0 (0x402181b3) x3  0x0000000080005010
core   0: 0x00000000800030d4 (0x00100113) li      sp, 1
core   0: 3 0x00000000800030d4 (0x00100113) x2  0x0000000000000001
core   0: 0x00000000800030d8 (0x00c11113) slli    sp, sp, 12
core   0: 3 0x00000000800030d8 (0x00c11113) x2  0x0000000000001000
core   0: 0x00000000800030dc (0x002181b3) add     gp, gp, sp
core   0: 3 0x00000000800030dc (0x002181b3) x3  0x0000000080006010
core   0: 0x00000000800030e0 (0xfb81be87) fld     ft9, -72(gp)
core   0: 3 0x00000000800030e0 (0xfb81be87) f29 0xffdfffffffffff9a mem 0x0000000080005fc8
core   0: 0x00000000800030e4 (0x402181b3) sub     gp, gp, sp
core   0: 3 0x00000000800030e4 (0x402181b3) x3  0x0000000080005010
core   0: 0x00000000800030e8 (0x00000113) li      sp, 0
core   0: 3 0x00000000800030e8 (0x00000113) x2  0x0000000000000000
core   0: 0x00000000800030ec (0x00311073) csrw    fcsr, sp
core   0: 3 0x00000000800030ec (0x00311073) c1_fflags 0x0000000000000000 c2_frm 0x0000000000000000
core   0: 0x00000000800030f0 (0x0bdf7fd3) fsub.d  ft11, ft10, ft9
core   0: 3 0x00000000800030f0 (0x0bdf7fd3) f31 0x7feffffffffffff7
core   0: 0x00000000800030f4 (0x00302273) csrr    tp, fcsr
core   0: 3 0x00000000800030f4 (0x00302273) x4  0x0000000000000000
core   0: 0x00000000800030f8 (0x7bf0b827) fsd     ft11, 1968(ra)
core   0: 3 0x00000000800030f8 (0x7bf0b827) mem 0x00000000800080c8 0x7feffffffffffff7
core   0: 0x00000000800030fc (0x7a40bc23) sd      tp, 1976(ra)
core   0: 3 0x00000000800030fc (0x7a40bc23) mem 0x00000000800080d0 0x0000000000000000
core   0: >>>>  inst_252
core   0: 0x0000000080003100 (0x00100113) li      sp, 1
core   0: 3 0x0000000080003100 (0x00100113) x2  0x0000000000000001
core   0: 0x0000000080003104 (0x00c11113) slli    sp, sp, 12
core   0: 3 0x0000000080003104 (0x00c11113) x2  0x0000000000001000
core   0: 0x0000000080003108 (0x002181b3) add     gp, gp, sp
core   0: 3 0x0000000080003108 (0x002181b3) x3  0x0000000080006010
core   0: 0x000000008000310c (0xfc01bf07) fld     ft10, -64(gp)
core   0: 3 0x000000008000310c (0xfc01bf07) f30 0x7fe000000000002b mem 0x0000000080005fd0
core   0: 0x0000000080003110 (0x402181b3) sub     gp, gp, sp
core   0: 3 0x0000000080003110 (0x402181b3) x3  0x0000000080005010
core   0: 0x0000000080003114 (0x00100113) li      sp, 1
core   0: 3 0x0000000080003114 (0x00100113) x2  0x0000000000000001
core   0: 0x0000000080003118 (0x00c11113) slli    sp, sp, 12
core   0: 3 0x0000000080003118 (0x00c11113) x2  0x0000000000001000
core   0: 0x000000008000311c (0x002181b3) add     gp, gp, sp
core   0: 3 0x000000008000311c (0x002181b3) x3  0x0000000080006010
core   0: 0x0000000080003120 (0xfc81be87) fld     ft9, -56(gp)
core   0: 3 0x0000000080003120 (0xfc81be87) f29 0xffdfffffffffff28 mem 0x0000000080005fd8
core   0: 0x0000000080003124 (0x402181b3) sub     gp, gp, sp
core   0: 3 0x0000000080003124 (0x402181b3) x3  0x0000000080005010
core   0: 0x0000000080003128 (0x00000113) li      sp, 0
core   0: 3 0x0000000080003128 (0x00000113) x2  0x0000000000000000
core   0: 0x000000008000312c (0x00311073) csrw    fcsr, sp
core   0: 3 0x000000008000312c (0x00311073) c1_fflags 0x0000000000000000 c2_frm 0x0000000000000000
core   0: 0x0000000080003130 (0x0bdf7fd3) fsub.d  ft11, ft10, ft9
core   0: 3 0x0000000080003130 (0x0bdf7fd3) f31 0x7fefffffffffffbf
core   0: 0x0000000080003134 (0x00302273) csrr    tp, fcsr
core   0: 3 0x0000000080003134 (0x00302273) x4  0x0000000000000000
core   0: 0x0000000080003138 (0x7df0b027) fsd     ft11, 1984(ra)
core   0: 3 0x0000000080003138 (0x7df0b027) mem 0x00000000800080d8 0x7fefffffffffffbf
core   0: 0x000000008000313c (0x7c40b423) sd      tp, 1992(ra)
core   0: 3 0x000000008000313c (0x7c40b423) mem 0x00000000800080e0 0x0000000000000000
core   0: >>>>  inst_253
core   0: 0x0000000080003140 (0x00100113) li      sp, 1
core   0: 3 0x0000000080003140 (0x00100113) x2  0x0000000000000001
core   0: 0x0000000080003144 (0x00c11113) slli    sp, sp, 12
core   0: 3 0x0000000080003144 (0x00c11113) x2  0x0000000000001000
core   0: 0x0000000080003148 (0x002181b3) add     gp, gp, sp
core   0: 3 0x0000000080003148 (0x002181b3) x3  0x0000000080006010
core   0: 0x000000008000314c (0xfd01bf07) fld     ft10, -48(gp)
core   0: 3 0x000000008000314c (0xfd01bf07) f30 0x7fe0000000000033 mem 0x0000000080005fe0
core   0: 0x0000000080003150 (0x402181b3) sub     gp, gp, sp
core   0: 3 0x0000000080003150 (0x402181b3) x3  0x0000000080005010
core   0: 0x0000000080003154 (0x00100113) li      sp, 1
core   0: 3 0x0000000080003154 (0x00100113) x2  0x0000000000000001
core   0: 0x0000000080003158 (0x00c11113) slli    sp, sp, 12
core   0: 3 0x0000000080003158 (0x00c11113) x2  0x0000000000001000
core   0: 0x000000008000315c (0x002181b3) add     gp, gp, sp
core   0: 3 0x000000008000315c (0x002181b3) x3  0x0000000080006010
core   0: 0x0000000080003160 (0xfd81be87) fld     ft9, -40(gp)
core   0: 3 0x0000000080003160 (0xfd81be87) f29 0x7ff0000000000000 mem 0x0000000080005fe8
core   0: 0x0000000080003164 (0x402181b3) sub     gp, gp, sp
core   0: 3 0x0000000080003164 (0x402181b3) x3  0x0000000080005010
core   0: 0x0000000080003168 (0x00000113) li      sp, 0
core   0: 3 0x0000000080003168 (0x00000113) x2  0x0000000000000000
core   0: 0x000000008000316c (0x00311073) csrw    fcsr, sp
core   0: 3 0x000000008000316c (0x00311073) c1_fflags 0x0000000000000000 c2_frm 0x0000000000000000
core   0: 0x0000000080003170 (0x0bdf7fd3) fsub.d  ft11, ft10, ft9
core   0: 3 0x0000000080003170 (0x0bdf7fd3) f31 0xfff0000000000000
core   0: 0x0000000080003174 (0x00302273) csrr    tp, fcsr
core   0: 3 0x0000000080003174 (0x00302273) x4  0x0000000000000000
core   0: 0x0000000080003178 (0x7df0b827) fsd     ft11, 2000(ra)
core   0: 3 0x0000000080003178 (0x7df0b827) mem 0x00000000800080e8 0xfff0000000000000
core   0: 0x000000008000317c (0x7c40bc23) sd      tp, 2008(ra)
core   0: 3 0x000000008000317c (0x7c40bc23) mem 0x00000000800080f0 0x0000000000000000
core   0: >>>>  inst_254
core   0: 0x0000000080003180 (0x00100113) li      sp, 1
core   0: 3 0x0000000080003180 (0x00100113) x2  0x0000000000000001
core   0: 0x0000000080003184 (0x00c11113) slli    sp, sp, 12
core   0: 3 0x0000000080003184 (0x00c11113) x2  0x0000000000001000
core   0: 0x0000000080003188 (0x002181b3) add     gp, gp, sp
core   0: 3 0x0000000080003188 (0x002181b3) x3  0x0000000080006010
core   0: 0x000000008000318c (0xfe01bf07) fld     ft10, -32(gp)
core   0: 3 0x000000008000318c (0xfe01bf07) f30 0x7fe0000000000038 mem 0x0000000080005ff0
core   0: 0x0000000080003190 (0x402181b3) sub     gp, gp, sp
core   0: 3 0x0000000080003190 (0x402181b3) x3  0x0000000080005010
core   0: 0x0000000080003194 (0x00100113) li      sp, 1
core   0: 3 0x0000000080003194 (0x00100113) x2  0x0000000000000001
core   0: 0x0000000080003198 (0x00c11113) slli    sp, sp, 12
core   0: 3 0x0000000080003198 (0x00c11113) x2  0x0000000000001000
core   0: 0x000000008000319c (0x002181b3) add     gp, gp, sp
core   0: 3 0x000000008000319c (0x002181b3) x3  0x0000000080006010
core   0: 0x00000000800031a0 (0xfe81be87) fld     ft9, -24(gp)
core   0: 3 0x00000000800031a0 (0xfe81be87) f29 0x7ff0000000000000 mem 0x0000000080005ff8
core   0: 0x00000000800031a4 (0x402181b3) sub     gp, gp, sp
core   0: 3 0x00000000800031a4 (0x402181b3) x3  0x0000000080005010
core   0: 0x00000000800031a8 (0x00000113) li      sp, 0
core   0: 3 0x00000000800031a8 (0x00000113) x2  0x0000000000000000
core   0: 0x00000000800031ac (0x00311073) csrw    fcsr, sp
core   0: 3 0x00000000800031ac (0x00311073) c1_fflags 0x0000000000000000 c2_frm 0x0000000000000000
core   0: 0x00000000800031b0 (0x0bdf7fd3) fsub.d  ft11, ft10, ft9
core   0: 3 0x00000000800031b0 (0x0bdf7fd3) f31 0xfff0000000000000
core   0: 0x00000000800031b4 (0x00302273) csrr    tp, fcsr
core   0: 3 0x00000000800031b4 (0x00302273) x4  0x0000000000000000
core   0: 0x00000000800031b8 (0x7ff0b027) fsd     ft11, 2016(ra)
core   0: 3 0x00000000800031b8 (0x7ff0b027) mem 0x00000000800080f8 0xfff0000000000000
core   0: 0x00000000800031bc (0x7e40b423) sd      tp, 2024(ra)
core   0: 3 0x00000000800031bc (0x7e40b423) mem 0x0000000080008100 0x0000000000000000
core   0: >>>>  inst_255
core   0: 0x00000000800031c0 (0x00100113) li      sp, 1
core   0: 3 0x00000000800031c0 (0x00100113) x2  0x0000000000000001
core   0: 0x00000000800031c4 (0x00c11113) slli    sp, sp, 12
core   0: 3 0x00000000800031c4 (0x00c11113) x2  0x0000000000001000
core   0: 0x00000000800031c8 (0x002181b3) add     gp, gp, sp
core   0: 3 0x00000000800031c8 (0x002181b3) x3  0x0000000080006010
core   0: 0x00000000800031cc (0xff01bf07) fld     ft10, -16(gp)
core   0: 3 0x00000000800031cc (0xff01bf07) f30 0x7fe0000000000039 mem 0x0000000080006000
core   0: 0x00000000800031d0 (0x402181b3) sub     gp, gp, sp
core   0: 3 0x00000000800031d0 (0x402181b3) x3  0x0000000080005010
core   0: 0x00000000800031d4 (0x00100113) li      sp, 1
core   0: 3 0x00000000800031d4 (0x00100113) x2  0x0000000000000001
core   0: 0x00000000800031d8 (0x00c11113) slli    sp, sp, 12
core   0: 3 0x00000000800031d8 (0x00c11113) x2  0x0000000000001000
core   0: 0x00000000800031dc (0x002181b3) add     gp, gp, sp
core   0: 3 0x00000000800031dc (0x002181b3) x3  0x0000000080006010
core   0: 0x00000000800031e0 (0xff81be87) fld     ft9, -8(gp)
core   0: 3 0x00000000800031e0 (0xff81be87) f29 0x7ff0000000000000 mem 0x0000000080006008
core   0: 0x00000000800031e4 (0x402181b3) sub     gp, gp, sp
core   0: 3 0x00000000800031e4 (0x402181b3) x3  0x0000000080005010
core   0: 0x00000000800031e8 (0x00000113) li      sp, 0
core   0: 3 0x00000000800031e8 (0x00000113) x2  0x0000000000000000
core   0: 0x00000000800031ec (0x00311073) csrw    fcsr, sp
core   0: 3 0x00000000800031ec (0x00311073) c1_fflags 0x0000000000000000 c2_frm 0x0000000000000000
core   0: 0x00000000800031f0 (0x0bdf7fd3) fsub.d  ft11, ft10, ft9
core   0: 3 0x00000000800031f0 (0x0bdf7fd3) f31 0xfff0000000000000
core   0: 0x00000000800031f4 (0x00302273) csrr    tp, fcsr
core   0: 3 0x00000000800031f4 (0x00302273) x4  0x0000000000000000
core   0: 0x00000000800031f8 (0x7ff0b827) fsd     ft11, 2032(ra)
core   0: 3 0x00000000800031f8 (0x7ff0b827) mem 0x0000000080008108 0xfff0000000000000
core   0: 0x00000000800031fc (0x7e40bc23) sd      tp, 2040(ra)
core   0: 3 0x00000000800031fc (0x7e40bc23) mem 0x0000000080008110 0x0000000000000000
core   0: 0x0000000080003200 (0x00005097) auipc   ra, 0x5
core   0: 3 0x0000000080003200 (0x00005097) x1  0x0000000080008200
core   0: 0x0000000080003204 (0xf1808093) addi    ra, ra, -232
core   0: 3 0x0000000080003204 (0xf1808093) x1  0x0000000080008118
core   0: 0x0000000080003208 (0x00000013) nop
core   0: 3 0x0000000080003208 (0x00000013)
core   0: 0x000000008000320c (0x00000013) nop
core   0: 3 0x000000008000320c (0x00000013)
core   0: 0x0000000080003210 (0x00000013) nop
core   0: 3 0x0000000080003210 (0x00000013)
core   0: 0x0000000080003214 (0x00000013) nop
core   0: 3 0x0000000080003214 (0x00000013)
core   0: 0x0000000080003218 (0x00000013) nop
core   0: 3 0x0000000080003218 (0x00000013)
core   0: 0x000000008000321c (0x00000013) nop
core   0: 3 0x000000008000321c (0x00000013)
core   0: >>>>  inst_256
core   0: 0x0000000080003220 (0x00100113) li      sp, 1
core   0: 3 0x0000000080003220 (0x00100113) x2  0x0000000000000001
core   0: 0x0000000080003224 (0x00c11113) slli    sp, sp, 12
core   0: 3 0x0000000080003224 (0x00c11113) x2  0x0000000000001000
core   0: 0x0000000080003228 (0x002181b3) add     gp, gp, sp
core   0: 3 0x0000000080003228 (0x002181b3) x3  0x0000000080006010
core   0: 0x000000008000322c (0x0001bf07) fld     ft10, 0(gp)
core   0: 3 0x000000008000322c (0x0001bf07) f30 0x7fe000000000003b mem 0x0000000080006010
core   0: 0x0000000080003230 (0x402181b3) sub     gp, gp, sp
core   0: 3 0x0000000080003230 (0x402181b3) x3  0x0000000080005010
core   0: 0x0000000080003234 (0x00100113) li      sp, 1
core   0: 3 0x0000000080003234 (0x00100113) x2  0x0000000000000001
core   0: 0x0000000080003238 (0x00c11113) slli    sp, sp, 12
core   0: 3 0x0000000080003238 (0x00c11113) x2  0x0000000000001000
core   0: 0x000000008000323c (0x002181b3) add     gp, gp, sp
core   0: 3 0x000000008000323c (0x002181b3) x3  0x0000000080006010
core   0: 0x0000000080003240 (0x0081be87) fld     ft9, 8(gp)
core   0: 3 0x0000000080003240 (0x0081be87) f29 0x7ff0000000000000 mem 0x0000000080006018
core   0: 0x0000000080003244 (0x402181b3) sub     gp, gp, sp
core   0: 3 0x0000000080003244 (0x402181b3) x3  0x0000000080005010
core   0: 0x0000000080003248 (0x00000113) li      sp, 0
core   0: 3 0x0000000080003248 (0x00000113) x2  0x0000000000000000
core   0: 0x000000008000324c (0x00311073) csrw    fcsr, sp
core   0: 3 0x000000008000324c (0x00311073) c1_fflags 0x0000000000000000 c2_frm 0x0000000000000000
core   0: 0x0000000080003250 (0x0bdf7fd3) fsub.d  ft11, ft10, ft9
core   0: 3 0x0000000080003250 (0x0bdf7fd3) f31 0xfff0000000000000
core   0: 0x0000000080003254 (0x00302273) csrr    tp, fcsr
core   0: 3 0x0000000080003254 (0x00302273) x4  0x0000000000000000
core   0: 0x0000000080003258 (0x01f0b027) fsd     ft11, 0(ra)
core   0: 3 0x0000000080003258 (0x01f0b027) mem 0x0000000080008118 0xfff0000000000000
core   0: 0x000000008000325c (0x0040b423) sd      tp, 8(ra)
core   0: 3 0x000000008000325c (0x0040b423) mem 0x0000000080008120 0x0000000000000000
core   0: >>>>  inst_257
core   0: 0x0000000080003260 (0x00100113) li      sp, 1
core   0: 3 0x0000000080003260 (0x00100113) x2  0x0000000000000001
core   0: 0x0000000080003264 (0x00c11113) slli    sp, sp, 12
core   0: 3 0x0000000080003264 (0x00c11113) x2  0x0000000000001000
core   0: 0x0000000080003268 (0x002181b3) add     gp, gp, sp
core   0: 3 0x0000000080003268 (0x002181b3) x3  0x0000000080006010
core   0: 0x000000008000326c (0x0101bf07) fld     ft10, 16(gp)
core   0: 3 0x000000008000326c (0x0101bf07) f30 0x7fe0000000000040 mem 0x0000000080006020
core   0: 0x0000000080003270 (0x402181b3) sub     gp, gp, sp
core   0: 3 0x0000000080003270 (0x402181b3) x3  0x0000000080005010
core   0: 0x0000000080003274 (0x00100113) li      sp, 1
core   0: 3 0x0000000080003274 (0x00100113) x2  0x0000000000000001
core   0: 0x0000000080003278 (0x00c11113) slli    sp, sp, 12
core   0: 3 0x0000000080003278 (0x00c11113) x2  0x0000000000001000
core   0: 0x000000008000327c (0x002181b3) add     gp, gp, sp
core   0: 3 0x000000008000327c (0x002181b3) x3  0x0000000080006010
core   0: 0x0000000080003280 (0x0181be87) fld     ft9, 24(gp)
core   0: 3 0x0000000080003280 (0x0181be87) f29 0xffdffffffff7ff7e mem 0x0000000080006028
core   0: 0x0000000080003284 (0x402181b3) sub     gp, gp, sp
core   0: 3 0x0000000080003284 (0x402181b3) x3  0x0000000080005010
core   0: 0x0000000080003288 (0x00000113) li      sp, 0
core   0: 3 0x0000000080003288 (0x00000113) x2  0x0000000000000000
core   0: 0x000000008000328c (0x00311073) csrw    fcsr, sp
core   0: 3 0x000000008000328c (0x00311073) c1_fflags 0x0000000000000000 c2_frm 0x0000000000000000
core   0: 0x0000000080003290 (0x0bdf7fd3) fsub.d  ft11, ft10, ft9
core   0: 3 0x0000000080003290 (0x0bdf7fd3) f31 0x7feffffffffbffff
core   0: 0x0000000080003294 (0x00302273) csrr    tp, fcsr
core   0: 3 0x0000000080003294 (0x00302273) x4  0x0000000000000000
core   0: 0x0000000080003298 (0x01f0b827) fsd     ft11, 16(ra)
core   0: 3 0x0000000080003298 (0x01f0b827) mem 0x0000000080008128 0x7feffffffffbffff
core   0: 0x000000008000329c (0x0040bc23) sd      tp, 24(ra)
core   0: 3 0x000000008000329c (0x0040bc23) mem 0x0000000080008130 0x0000000000000000
core   0: >>>>  inst_258
core   0: 0x00000000800032a0 (0x00100113) li      sp, 1
core   0: 3 0x00000000800032a0 (0x00100113) x2  0x0000000000000001
core   0: 0x00000000800032a4 (0x00c11113) slli    sp, sp, 12
core   0: 3 0x00000000800032a4 (0x00c11113) x2  0x0000000000001000
core   0: 0x00000000800032a8 (0x002181b3) add     gp, gp, sp
core   0: 3 0x00000000800032a8 (0x002181b3) x3  0x0000000080006010
core   0: 0x00000000800032ac (0x0201bf07) fld     ft10, 32(gp)
core   0: 3 0x00000000800032ac (0x0201bf07) f30 0x7fe0000000000041 mem 0x0000000080006030
core   0: 0x00000000800032b0 (0x402181b3) sub     gp, gp, sp
core   0: 3 0x00000000800032b0 (0x402181b3) x3  0x0000000080005010
core   0: 0x00000000800032b4 (0x00100113) li      sp, 1
core   0: 3 0x00000000800032b4 (0x00100113) x2  0x0000000000000001
core   0: 0x00000000800032b8 (0x00c11113) slli    sp, sp, 12
core   0: 3 0x00000000800032b8 (0x00c11113) x2  0x0000000000001000
core   0: 0x00000000800032bc (0x002181b3) add     gp, gp, sp
core   0: 3 0x00000000800032bc (0x002181b3) x3  0x0000000080006010
core   0: 0x00000000800032c0 (0x0281be87) fld     ft9, 40(gp)
core   0: 3 0x00000000800032c0 (0x0281be87) f29 0xffdfffffffdfff7c mem 0x0000000080006038
core   0: 0x00000000800032c4 (0x402181b3) sub     gp, gp, sp
core   0: 3 0x00000000800032c4 (0x402181b3) x3  0x0000000080005010
core   0: 0x00000000800032c8 (0x00000113) li      sp, 0
core   0: 3 0x00000000800032c8 (0x00000113) x2  0x0000000000000000
core   0: 0x00000000800032cc (0x00311073) csrw    fcsr, sp
core   0: 3 0x00000000800032cc (0x00311073) c1_fflags 0x0000000000000000 c2_frm 0x0000000000000000
core   0: 0x00000000800032d0 (0x0bdf7fd3) fsub.d  ft11, ft10, ft9
core   0: 3 0x00000000800032d0 (0x0bdf7fd3) f31 0x7fefffffffefffff
core   0: 0x00000000800032d4 (0x00302273) csrr    tp, fcsr
core   0: 3 0x00000000800032d4 (0x00302273) x4  0x0000000000000000
core   0: 0x00000000800032d8 (0x03f0b027) fsd     ft11, 32(ra)
core   0: 3 0x00000000800032d8 (0x03f0b027) mem 0x0000000080008138 0x7fefffffffefffff
core   0: 0x00000000800032dc (0x0240b423) sd      tp, 40(ra)
core   0: 3 0x00000000800032dc (0x0240b423) mem 0x0000000080008140 0x0000000000000000
core   0: >>>>  inst_259
core   0: 0x00000000800032e0 (0x00100113) li      sp, 1
core   0: 3 0x00000000800032e0 (0x00100113) x2  0x0000000000000001
core   0: 0x00000000800032e4 (0x00c11113) slli    sp, sp, 12
core   0: 3 0x00000000800032e4 (0x00c11113) x2  0x0000000000001000
core   0: 0x00000000800032e8 (0x002181b3) add     gp, gp, sp
core   0: 3 0x00000000800032e8 (0x002181b3) x3  0x0000000080006010
core   0: 0x00000000800032ec (0x0301bf07) fld     ft10, 48(gp)
core   0: 3 0x00000000800032ec (0x0301bf07) f30 0x7fe0000000000045 mem 0x0000000080006040
core   0: 0x00000000800032f0 (0x402181b3) sub     gp, gp, sp
core   0: 3 0x00000000800032f0 (0x402181b3) x3  0x0000000080005010
core   0: 0x00000000800032f4 (0x00100113) li      sp, 1
core   0: 3 0x00000000800032f4 (0x00100113) x2  0x0000000000000001
core   0: 0x00000000800032f8 (0x00c11113) slli    sp, sp, 12
core   0: 3 0x00000000800032f8 (0x00c11113) x2  0x0000000000001000
core   0: 0x00000000800032fc (0x002181b3) add     gp, gp, sp
core   0: 3 0x00000000800032fc (0x002181b3) x3  0x0000000080006010
core   0: 0x0000000080003300 (0x0381be87) fld     ft9, 56(gp)
core   0: 3 0x0000000080003300 (0x0381be87) f29 0x7ff0000000000000 mem 0x0000000080006048
core   0: 0x0000000080003304 (0x402181b3) sub     gp, gp, sp
core   0: 3 0x0000000080003304 (0x402181b3) x3  0x0000000080005010
core   0: 0x0000000080003308 (0x00000113) li      sp, 0
core   0: 3 0x0000000080003308 (0x00000113) x2  0x0000000000000000
core   0: 0x000000008000330c (0x00311073) csrw    fcsr, sp
core   0: 3 0x000000008000330c (0x00311073) c1_fflags 0x0000000000000000 c2_frm 0x0000000000000000
core   0: 0x0000000080003310 (0x0bdf7fd3) fsub.d  ft11, ft10, ft9
core   0: 3 0x0000000080003310 (0x0bdf7fd3) f31 0xfff0000000000000
core   0: 0x0000000080003314 (0x00302273) csrr    tp, fcsr
core   0: 3 0x0000000080003314 (0x00302273) x4  0x0000000000000000
core   0: 0x0000000080003318 (0x03f0b827) fsd     ft11, 48(ra)
core   0: 3 0x0000000080003318 (0x03f0b827) mem 0x0000000080008148 0xfff0000000000000
core   0: 0x000000008000331c (0x0240bc23) sd      tp, 56(ra)
core   0: 3 0x000000008000331c (0x0240bc23) mem 0x0000000080008150 0x0000000000000000
core   0: >>>>  inst_260
core   0: 0x0000000080003320 (0x00100113) li      sp, 1
core   0: 3 0x0000000080003320 (0x00100113) x2  0x0000000000000001
core   0: 0x0000000080003324 (0x00c11113) slli    sp, sp, 12
core   0: 3 0x0000000080003324 (0x00c11113) x2  0x0000000000001000
core   0: 0x0000000080003328 (0x002181b3) add     gp, gp, sp
core   0: 3 0x0000000080003328 (0x002181b3) x3  0x0000000080006010
core   0: 0x000000008000332c (0x0401bf07) fld     ft10, 64(gp)
core   0: 3 0x000000008000332c (0x0401bf07) f30 0x7fe0000000000046 mem 0x0000000080006050
core   0: 0x0000000080003330 (0x402181b3) sub     gp, gp, sp
core   0: 3 0x0000000080003330 (0x402181b3) x3  0x0000000080005010
core   0: 0x0000000080003334 (0x00100113) li      sp, 1
core   0: 3 0x0000000080003334 (0x00100113) x2  0x0000000000000001
core   0: 0x0000000080003338 (0x00c11113) slli    sp, sp, 12
core   0: 3 0x0000000080003338 (0x00c11113) x2  0x0000000000001000
core   0: 0x000000008000333c (0x002181b3) add     gp, gp, sp
core   0: 3 0x000000008000333c (0x002181b3) x3  0x0000000080006010
core   0: 0x0000000080003340 (0x0481be87) fld     ft9, 72(gp)
core   0: 3 0x0000000080003340 (0x0481be87) f29 0xffdffffffffffe72 mem 0x0000000080006058
core   0: 0x0000000080003344 (0x402181b3) sub     gp, gp, sp
core   0: 3 0x0000000080003344 (0x402181b3) x3  0x0000000080005010
core   0: 0x0000000080003348 (0x00000113) li      sp, 0
core   0: 3 0x0000000080003348 (0x00000113) x2  0x0000000000000000
core   0: 0x000000008000334c (0x00311073) csrw    fcsr, sp
core   0: 3 0x000000008000334c (0x00311073) c1_fflags 0x0000000000000000 c2_frm 0x0000000000000000
core   0: 0x0000000080003350 (0x0bdf7fd3) fsub.d  ft11, ft10, ft9
core   0: 3 0x0000000080003350 (0x0bdf7fd3) f31 0x7fefffffffffff7f
core   0: 0x0000000080003354 (0x00302273) csrr    tp, fcsr
core   0: 3 0x0000000080003354 (0x00302273) x4  0x0000000000000000
core   0: 0x0000000080003358 (0x05f0b027) fsd     ft11, 64(ra)
core   0: 3 0x0000000080003358 (0x05f0b027) mem 0x0000000080008158 0x7fefffffffffff7f
core   0: 0x000000008000335c (0x0440b423) sd      tp, 72(ra)
core   0: 3 0x000000008000335c (0x0440b423) mem 0x0000000080008160 0x0000000000000000
core   0: >>>>  inst_261
core   0: 0x0000000080003360 (0x00100113) li      sp, 1
core   0: 3 0x0000000080003360 (0x00100113) x2  0x0000000000000001
core   0: 0x0000000080003364 (0x00c11113) slli    sp, sp, 12
core   0: 3 0x0000000080003364 (0x00c11113) x2  0x0000000000001000
core   0: 0x0000000080003368 (0x002181b3) add     gp, gp, sp
core   0: 3 0x0000000080003368 (0x002181b3) x3  0x0000000080006010
core   0: 0x000000008000336c (0x0501bf07) fld     ft10, 80(gp)
core   0: 3 0x000000008000336c (0x0501bf07) f30 0x7fe0000000000047 mem 0x0000000080006060
core   0: 0x0000000080003370 (0x402181b3) sub     gp, gp, sp
core   0: 3 0x0000000080003370 (0x402181b3) x3  0x0000000080005010
core   0: 0x0000000080003374 (0x00100113) li      sp, 1
core   0: 3 0x0000000080003374 (0x00100113) x2  0x0000000000000001
core   0: 0x0000000080003378 (0x00c11113) slli    sp, sp, 12
core   0: 3 0x0000000080003378 (0x00c11113) x2  0x0000000000001000
core   0: 0x000000008000337c (0x002181b3) add     gp, gp, sp
core   0: 3 0x000000008000337c (0x002181b3) x3  0x0000000080006010
core   0: 0x0000000080003380 (0x0581be87) fld     ft9, 88(gp)
core   0: 3 0x0000000080003380 (0x0581be87) f29 0xffdfffffffffbf70 mem 0x0000000080006068
core   0: 0x0000000080003384 (0x402181b3) sub     gp, gp, sp
core   0: 3 0x0000000080003384 (0x402181b3) x3  0x0000000080005010
core   0: 0x0000000080003388 (0x00000113) li      sp, 0
core   0: 3 0x0000000080003388 (0x00000113) x2  0x0000000000000000
core   0: 0x000000008000338c (0x00311073) csrw    fcsr, sp
core   0: 3 0x000000008000338c (0x00311073) c1_fflags 0x0000000000000000 c2_frm 0x0000000000000000
core   0: 0x0000000080003390 (0x0bdf7fd3) fsub.d  ft11, ft10, ft9
core   0: 3 0x0000000080003390 (0x0bdf7fd3) f31 0x7fefffffffffdfff
core   0: 0x0000000080003394 (0x00302273) csrr    tp, fcsr
core   0: 3 0x0000000080003394 (0x00302273) x4  0x0000000000000000
core   0: 0x0000000080003398 (0x05f0b827) fsd     ft11, 80(ra)
core   0: 3 0x0000000080003398 (0x05f0b827) mem 0x0000000080008168 0x7fefffffffffdfff
core   0: 0x000000008000339c (0x0440bc23) sd      tp, 88(ra)
core   0: 3 0x000000008000339c (0x0440bc23) mem 0x0000000080008170 0x0000000000000000
core   0: >>>>  inst_262
core   0: 0x00000000800033a0 (0x00100113) li      sp, 1
core   0: 3 0x00000000800033a0 (0x00100113) x2  0x0000000000000001
core   0: 0x00000000800033a4 (0x00c11113) slli    sp, sp, 12
core   0: 3 0x00000000800033a4 (0x00c11113) x2  0x0000000000001000
core   0: 0x00000000800033a8 (0x002181b3) add     gp, gp, sp
core   0: 3 0x00000000800033a8 (0x002181b3) x3  0x0000000080006010
core   0: 0x00000000800033ac (0x0601bf07) fld     ft10, 96(gp)
core   0: 3 0x00000000800033ac (0x0601bf07) f30 0x7fe000000000004b mem 0x0000000080006070
core   0: 0x00000000800033b0 (0x402181b3) sub     gp, gp, sp
core   0: 3 0x00000000800033b0 (0x402181b3) x3  0x0000000080005010
core   0: 0x00000000800033b4 (0x00100113) li      sp, 1
core   0: 3 0x00000000800033b4 (0x00100113) x2  0x0000000000000001
core   0: 0x00000000800033b8 (0x00c11113) slli    sp, sp, 12
core   0: 3 0x00000000800033b8 (0x00c11113) x2  0x0000000000001000
core   0: 0x00000000800033bc (0x002181b3) add     gp, gp, sp
core   0: 3 0x00000000800033bc (0x002181b3) x3  0x0000000080006010
core   0: 0x00000000800033c0 (0x0681be87) fld     ft9, 104(gp)
core   0: 3 0x00000000800033c0 (0x0681be87) f29 0xffdffffffffffd68 mem 0x0000000080006078
core   0: 0x00000000800033c4 (0x402181b3) sub     gp, gp, sp
core   0: 3 0x00000000800033c4 (0x402181b3) x3  0x0000000080005010
core   0: 0x00000000800033c8 (0x00000113) li      sp, 0
core   0: 3 0x00000000800033c8 (0x00000113) x2  0x0000000000000000
core   0: 0x00000000800033cc (0x00311073) csrw    fcsr, sp
core   0: 3 0x00000000800033cc (0x00311073) c1_fflags 0x0000000000000000 c2_frm 0x0000000000000000
core   0: 0x00000000800033d0 (0x0bdf7fd3) fsub.d  ft11, ft10, ft9
core   0: 3 0x00000000800033d0 (0x0bdf7fd3) f31 0x7feffffffffffeff
core   0: 0x00000000800033d4 (0x00302273) csrr    tp, fcsr
core   0: 3 0x00000000800033d4 (0x00302273) x4  0x0000000000000000
core   0: 0x00000000800033d8 (0x07f0b027) fsd     ft11, 96(ra)
core   0: 3 0x00000000800033d8 (0x07f0b027) mem 0x0000000080008178 0x7feffffffffffeff
core   0: 0x00000000800033dc (0x0640b423) sd      tp, 104(ra)
core   0: 3 0x00000000800033dc (0x0640b423) mem 0x0000000080008180 0x0000000000000000
core   0: >>>>  inst_263
core   0: 0x00000000800033e0 (0x00100113) li      sp, 1
core   0: 3 0x00000000800033e0 (0x00100113) x2  0x0000000000000001
core   0: 0x00000000800033e4 (0x00c11113) slli    sp, sp, 12
core   0: 3 0x00000000800033e4 (0x00c11113) x2  0x0000000000001000
core   0: 0x00000000800033e8 (0x002181b3) add     gp, gp, sp
core   0: 3 0x00000000800033e8 (0x002181b3) x3  0x0000000080006010
core   0: 0x00000000800033ec (0x0701bf07) fld     ft10, 112(gp)
core   0: 3 0x00000000800033ec (0x0701bf07) f30 0x7fe000000000004e mem 0x0000000080006080
core   0: 0x00000000800033f0 (0x402181b3) sub     gp, gp, sp
core   0: 3 0x00000000800033f0 (0x402181b3) x3  0x0000000080005010
core   0: 0x00000000800033f4 (0x00100113) li      sp, 1
core   0: 3 0x00000000800033f4 (0x00100113) x2  0x0000000000000001
core   0: 0x00000000800033f8 (0x00c11113) slli    sp, sp, 12
core   0: 3 0x00000000800033f8 (0x00c11113) x2  0x0000000000001000
core   0: 0x00000000800033fc (0x002181b3) add     gp, gp, sp
core   0: 3 0x00000000800033fc (0x002181b3) x3  0x0000000080006010
core   0: 0x0000000080003400 (0x0781be87) fld     ft9, 120(gp)
core   0: 3 0x0000000080003400 (0x0781be87) f29 0x7ff0000000000000 mem 0x0000000080006088
core   0: 0x0000000080003404 (0x402181b3) sub     gp, gp, sp
core   0: 3 0x0000000080003404 (0x402181b3) x3  0x0000000080005010
core   0: 0x0000000080003408 (0x00000113) li      sp, 0
core   0: 3 0x0000000080003408 (0x00000113) x2  0x0000000000000000
core   0: 0x000000008000340c (0x00311073) csrw    fcsr, sp
core   0: 3 0x000000008000340c (0x00311073) c1_fflags 0x0000000000000000 c2_frm 0x0000000000000000
core   0: 0x0000000080003410 (0x0bdf7fd3) fsub.d  ft11, ft10, ft9
core   0: 3 0x0000000080003410 (0x0bdf7fd3) f31 0xfff0000000000000
core   0: 0x0000000080003414 (0x00302273) csrr    tp, fcsr
core   0: 3 0x0000000080003414 (0x00302273) x4  0x0000000000000000
core   0: 0x0000000080003418 (0x07f0b827) fsd     ft11, 112(ra)
core   0: 3 0x0000000080003418 (0x07f0b827) mem 0x0000000080008188 0xfff0000000000000
core   0: 0x000000008000341c (0x0640bc23) sd      tp, 120(ra)
core   0: 3 0x000000008000341c (0x0640bc23) mem 0x0000000080008190 0x0000000000000000
core   0: >>>>  inst_264
core   0: 0x0000000080003420 (0x00100113) li      sp, 1
core   0: 3 0x0000000080003420 (0x00100113) x2  0x0000000000000001
core   0: 0x0000000080003424 (0x00c11113) slli    sp, sp, 12
core   0: 3 0x0000000080003424 (0x00c11113) x2  0x0000000000001000
core   0: 0x0000000080003428 (0x002181b3) add     gp, gp, sp
core   0: 3 0x0000000080003428 (0x002181b3) x3  0x0000000080006010
core   0: 0x000000008000342c (0x0801bf07) fld     ft10, 128(gp)
core   0: 3 0x000000008000342c (0x0801bf07) f30 0x7fe0000000000053 mem 0x0000000080006090
core   0: 0x0000000080003430 (0x402181b3) sub     gp, gp, sp
core   0: 3 0x0000000080003430 (0x402181b3) x3  0x0000000080005010
core   0: 0x0000000080003434 (0x00100113) li      sp, 1
core   0: 3 0x0000000080003434 (0x00100113) x2  0x0000000000000001
core   0: 0x0000000080003438 (0x00c11113) slli    sp, sp, 12
core   0: 3 0x0000000080003438 (0x00c11113) x2  0x0000000000001000
core   0: 0x000000008000343c (0x002181b3) add     gp, gp, sp
core   0: 3 0x000000008000343c (0x002181b3) x3  0x0000000080006010
core   0: 0x0000000080003440 (0x0881be87) fld     ft9, 136(gp)
core   0: 3 0x0000000080003440 (0x0881be87) f29 0xffdfffffffffff56 mem 0x0000000080006098
core   0: 0x0000000080003444 (0x402181b3) sub     gp, gp, sp
core   0: 3 0x0000000080003444 (0x402181b3) x3  0x0000000080005010
core   0: 0x0000000080003448 (0x00000113) li      sp, 0
core   0: 3 0x0000000080003448 (0x00000113) x2  0x0000000000000000
core   0: 0x000000008000344c (0x00311073) csrw    fcsr, sp
core   0: 3 0x000000008000344c (0x00311073) c1_fflags 0x0000000000000000 c2_frm 0x0000000000000000
core   0: 0x0000000080003450 (0x0bdf7fd3) fsub.d  ft11, ft10, ft9
core   0: 3 0x0000000080003450 (0x0bdf7fd3) f31 0x7feffffffffffffe
core   0: 0x0000000080003454 (0x00302273) csrr    tp, fcsr
core   0: 3 0x0000000080003454 (0x00302273) x4  0x0000000000000000
core   0: 0x0000000080003458 (0x09f0b027) fsd     ft11, 128(ra)
core   0: 3 0x0000000080003458 (0x09f0b027) mem 0x0000000080008198 0x7feffffffffffffe
core   0: 0x000000008000345c (0x0840b423) sd      tp, 136(ra)
core   0: 3 0x000000008000345c (0x0840b423) mem 0x00000000800081a0 0x0000000000000000
core   0: >>>>  inst_265
core   0: 0x0000000080003460 (0x00100113) li      sp, 1
core   0: 3 0x0000000080003460 (0x00100113) x2  0x0000000000000001
core   0: 0x0000000080003464 (0x00c11113) slli    sp, sp, 12
core   0: 3 0x0000000080003464 (0x00c11113) x2  0x0000000000001000
core   0: 0x0000000080003468 (0x002181b3) add     gp, gp, sp
core   0: 3 0x0000000080003468 (0x002181b3) x3  0x0000000080006010
core   0: 0x000000008000346c (0x0901bf07) fld     ft10, 144(gp)
core   0: 3 0x000000008000346c (0x0901bf07) f30 0x7fe0000000000056 mem 0x00000000800060a0
core   0: 0x0000000080003470 (0x402181b3) sub     gp, gp, sp
core   0: 3 0x0000000080003470 (0x402181b3) x3  0x0000000080005010
core   0: 0x0000000080003474 (0x00100113) li      sp, 1
core   0: 3 0x0000000080003474 (0x00100113) x2  0x0000000000000001
core   0: 0x0000000080003478 (0x00c11113) slli    sp, sp, 12
core   0: 3 0x0000000080003478 (0x00c11113) x2  0x0000000000001000
core   0: 0x000000008000347c (0x002181b3) add     gp, gp, sp
core   0: 3 0x000000008000347c (0x002181b3) x3  0x0000000080006010
core   0: 0x0000000080003480 (0x0981be87) fld     ft9, 152(gp)
core   0: 3 0x0000000080003480 (0x0981be87) f29 0x7ff0000000000000 mem 0x00000000800060a8
core   0: 0x0000000080003484 (0x402181b3) sub     gp, gp, sp
core   0: 3 0x0000000080003484 (0x402181b3) x3  0x0000000080005010
core   0: 0x0000000080003488 (0x00000113) li      sp, 0
core   0: 3 0x0000000080003488 (0x00000113) x2  0x0000000000000000
core   0: 0x000000008000348c (0x00311073) csrw    fcsr, sp
core   0: 3 0x000000008000348c (0x00311073) c1_fflags 0x0000000000000000 c2_frm 0x0000000000000000
core   0: 0x0000000080003490 (0x0bdf7fd3) fsub.d  ft11, ft10, ft9
core   0: 3 0x0000000080003490 (0x0bdf7fd3) f31 0xfff0000000000000
core   0: 0x0000000080003494 (0x00302273) csrr    tp, fcsr
core   0: 3 0x0000000080003494 (0x00302273) x4  0x0000000000000000
core   0: 0x0000000080003498 (0x09f0b827) fsd     ft11, 144(ra)
core   0: 3 0x0000000080003498 (0x09f0b827) mem 0x00000000800081a8 0xfff0000000000000
core   0: 0x000000008000349c (0x0840bc23) sd      tp, 152(ra)
core   0: 3 0x000000008000349c (0x0840bc23) mem 0x00000000800081b0 0x0000000000000000
core   0: >>>>  inst_266
core   0: 0x00000000800034a0 (0x00100113) li      sp, 1
core   0: 3 0x00000000800034a0 (0x00100113) x2  0x0000000000000001
core   0: 0x00000000800034a4 (0x00c11113) slli    sp, sp, 12
core   0: 3 0x00000000800034a4 (0x00c11113) x2  0x0000000000001000
core   0: 0x00000000800034a8 (0x002181b3) add     gp, gp, sp
core   0: 3 0x00000000800034a8 (0x002181b3) x3  0x0000000080006010
core   0: 0x00000000800034ac (0x0a01bf07) fld     ft10, 160(gp)
core   0: 3 0x00000000800034ac (0x0a01bf07) f30 0x7fe0000000000056 mem 0x00000000800060b0
core   0: 0x00000000800034b0 (0x402181b3) sub     gp, gp, sp
core   0: 3 0x00000000800034b0 (0x402181b3) x3  0x0000000080005010
core   0: 0x00000000800034b4 (0x00100113) li      sp, 1
core   0: 3 0x00000000800034b4 (0x00100113) x2  0x0000000000000001
core   0: 0x00000000800034b8 (0x00c11113) slli    sp, sp, 12
core   0: 3 0x00000000800034b8 (0x00c11113) x2  0x0000000000001000
core   0: 0x00000000800034bc (0x002181b3) add     gp, gp, sp
core   0: 3 0x00000000800034bc (0x002181b3) x3  0x0000000080006010
core   0: 0x00000000800034c0 (0x0a81be87) fld     ft9, 168(gp)
core   0: 3 0x00000000800034c0 (0x0a81be87) f29 0xffdfffffff7fff52 mem 0x00000000800060b8
core   0: 0x00000000800034c4 (0x402181b3) sub     gp, gp, sp
core   0: 3 0x00000000800034c4 (0x402181b3) x3  0x0000000080005010
core   0: 0x00000000800034c8 (0x00000113) li      sp, 0
core   0: 3 0x00000000800034c8 (0x00000113) x2  0x0000000000000000
core   0: 0x00000000800034cc (0x00311073) csrw    fcsr, sp
core   0: 3 0x00000000800034cc (0x00311073) c1_fflags 0x0000000000000000 c2_frm 0x0000000000000000
core   0: 0x00000000800034d0 (0x0bdf7fd3) fsub.d  ft11, ft10, ft9
core   0: 3 0x00000000800034d0 (0x0bdf7fd3) f31 0x7fefffffffbfffff
core   0: 0x00000000800034d4 (0x00302273) csrr    tp, fcsr
core   0: 3 0x00000000800034d4 (0x00302273) x4  0x0000000000000000
core   0: 0x00000000800034d8 (0x0bf0b027) fsd     ft11, 160(ra)
core   0: 3 0x00000000800034d8 (0x0bf0b027) mem 0x00000000800081b8 0x7fefffffffbfffff
core   0: 0x00000000800034dc (0x0a40b423) sd      tp, 168(ra)
core   0: 3 0x00000000800034dc (0x0a40b423) mem 0x00000000800081c0 0x0000000000000000
core   0: >>>>  inst_267
core   0: 0x00000000800034e0 (0x00100113) li      sp, 1
core   0: 3 0x00000000800034e0 (0x00100113) x2  0x0000000000000001
core   0: 0x00000000800034e4 (0x00c11113) slli    sp, sp, 12
core   0: 3 0x00000000800034e4 (0x00c11113) x2  0x0000000000001000
core   0: 0x00000000800034e8 (0x002181b3) add     gp, gp, sp
core   0: 3 0x00000000800034e8 (0x002181b3) x3  0x0000000080006010
core   0: 0x00000000800034ec (0x0b01bf07) fld     ft10, 176(gp)
core   0: 3 0x00000000800034ec (0x0b01bf07) f30 0x7fe0000000000057 mem 0x00000000800060c0
core   0: 0x00000000800034f0 (0x402181b3) sub     gp, gp, sp
core   0: 3 0x00000000800034f0 (0x402181b3) x3  0x0000000080005010
core   0: 0x00000000800034f4 (0x00100113) li      sp, 1
core   0: 3 0x00000000800034f4 (0x00100113) x2  0x0000000000000001
core   0: 0x00000000800034f8 (0x00c11113) slli    sp, sp, 12
core   0: 3 0x00000000800034f8 (0x00c11113) x2  0x0000000000001000
core   0: 0x00000000800034fc (0x002181b3) add     gp, gp, sp
core   0: 3 0x00000000800034fc (0x002181b3) x3  0x0000000080006010
core   0: 0x0000000080003500 (0x0b81be87) fld     ft9, 184(gp)
core   0: 3 0x0000000080003500 (0x0b81be87) f29 0x7ff0000000000000 mem 0x00000000800060c8
core   0: 0x0000000080003504 (0x402181b3) sub     gp, gp, sp
core   0: 3 0x0000000080003504 (0x402181b3) x3  0x0000000080005010
core   0: 0x0000000080003508 (0x00000113) li      sp, 0
core   0: 3 0x0000000080003508 (0x00000113) x2  0x0000000000000000
core   0: 0x000000008000350c (0x00311073) csrw    fcsr, sp
core   0: 3 0x000000008000350c (0x00311073) c1_fflags 0x0000000000000000 c2_frm 0x0000000000000000
core   0: 0x0000000080003510 (0x0bdf7fd3) fsub.d  ft11, ft10, ft9
core   0: 3 0x0000000080003510 (0x0bdf7fd3) f31 0xfff0000000000000
core   0: 0x0000000080003514 (0x00302273) csrr    tp, fcsr
core   0: 3 0x0000000080003514 (0x00302273) x4  0x0000000000000000
core   0: 0x0000000080003518 (0x0bf0b827) fsd     ft11, 176(ra)
core   0: 3 0x0000000080003518 (0x0bf0b827) mem 0x00000000800081c8 0xfff0000000000000
core   0: 0x000000008000351c (0x0a40bc23) sd      tp, 184(ra)
core   0: 3 0x000000008000351c (0x0a40bc23) mem 0x00000000800081d0 0x0000000000000000
core   0: >>>>  inst_268
core   0: 0x0000000080003520 (0x00100113) li      sp, 1
core   0: 3 0x0000000080003520 (0x00100113) x2  0x0000000000000001
core   0: 0x0000000080003524 (0x00c11113) slli    sp, sp, 12
core   0: 3 0x0000000080003524 (0x00c11113) x2  0x0000000000001000
core   0: 0x0000000080003528 (0x002181b3) add     gp, gp, sp
core   0: 3 0x0000000080003528 (0x002181b3) x3  0x0000000080006010
core   0: 0x000000008000352c (0x0c01bf07) fld     ft10, 192(gp)
core   0: 3 0x000000008000352c (0x0c01bf07) f30 0x7fe0000000000058 mem 0x00000000800060d0
core   0: 0x0000000080003530 (0x402181b3) sub     gp, gp, sp
core   0: 3 0x0000000080003530 (0x402181b3) x3  0x0000000080005010
core   0: 0x0000000080003534 (0x00100113) li      sp, 1
core   0: 3 0x0000000080003534 (0x00100113) x2  0x0000000000000001
core   0: 0x0000000080003538 (0x00c11113) slli    sp, sp, 12
core   0: 3 0x0000000080003538 (0x00c11113) x2  0x0000000000001000
core   0: 0x000000008000353c (0x002181b3) add     gp, gp, sp
core   0: 3 0x000000008000353c (0x002181b3) x3  0x0000000080006010
core   0: 0x0000000080003540 (0x0c81be87) fld     ft9, 200(gp)
core   0: 3 0x0000000080003540 (0x0c81be87) f29 0x7ff0000000000000 mem 0x00000000800060d8
core   0: 0x0000000080003544 (0x402181b3) sub     gp, gp, sp
core   0: 3 0x0000000080003544 (0x402181b3) x3  0x0000000080005010
core   0: 0x0000000080003548 (0x00000113) li      sp, 0
core   0: 3 0x0000000080003548 (0x00000113) x2  0x0000000000000000
core   0: 0x000000008000354c (0x00311073) csrw    fcsr, sp
core   0: 3 0x000000008000354c (0x00311073) c1_fflags 0x0000000000000000 c2_frm 0x0000000000000000
core   0: 0x0000000080003550 (0x0bdf7fd3) fsub.d  ft11, ft10, ft9
core   0: 3 0x0000000080003550 (0x0bdf7fd3) f31 0xfff0000000000000
core   0: 0x0000000080003554 (0x00302273) csrr    tp, fcsr
core   0: 3 0x0000000080003554 (0x00302273) x4  0x0000000000000000
core   0: 0x0000000080003558 (0x0df0b027) fsd     ft11, 192(ra)
core   0: 3 0x0000000080003558 (0x0df0b027) mem 0x00000000800081d8 0xfff0000000000000
core   0: 0x000000008000355c (0x0c40b423) sd      tp, 200(ra)
core   0: 3 0x000000008000355c (0x0c40b423) mem 0x00000000800081e0 0x0000000000000000
core   0: >>>>  inst_269
core   0: 0x0000000080003560 (0x00100113) li      sp, 1
core   0: 3 0x0000000080003560 (0x00100113) x2  0x0000000000000001
core   0: 0x0000000080003564 (0x00c11113) slli    sp, sp, 12
core   0: 3 0x0000000080003564 (0x00c11113) x2  0x0000000000001000
core   0: 0x0000000080003568 (0x002181b3) add     gp, gp, sp
core   0: 3 0x0000000080003568 (0x002181b3) x3  0x0000000080006010
core   0: 0x000000008000356c (0x0d01bf07) fld     ft10, 208(gp)
core   0: 3 0x000000008000356c (0x0d01bf07) f30 0x7fe000000000005b mem 0x00000000800060e0
core   0: 0x0000000080003570 (0x402181b3) sub     gp, gp, sp
core   0: 3 0x0000000080003570 (0x402181b3) x3  0x0000000080005010
core   0: 0x0000000080003574 (0x00100113) li      sp, 1
core   0: 3 0x0000000080003574 (0x00100113) x2  0x0000000000000001
core   0: 0x0000000080003578 (0x00c11113) slli    sp, sp, 12
core   0: 3 0x0000000080003578 (0x00c11113) x2  0x0000000000001000
core   0: 0x000000008000357c (0x002181b3) add     gp, gp, sp
core   0: 3 0x000000008000357c (0x002181b3) x3  0x0000000080006010
core   0: 0x0000000080003580 (0x0d81be87) fld     ft9, 216(gp)
core   0: 3 0x0000000080003580 (0x0d81be87) f29 0x7ff0000000000000 mem 0x00000000800060e8
core   0: 0x0000000080003584 (0x402181b3) sub     gp, gp, sp
core   0: 3 0x0000000080003584 (0x402181b3) x3  0x0000000080005010
core   0: 0x0000000080003588 (0x00000113) li      sp, 0
core   0: 3 0x0000000080003588 (0x00000113) x2  0x0000000000000000
core   0: 0x000000008000358c (0x00311073) csrw    fcsr, sp
core   0: 3 0x000000008000358c (0x00311073) c1_fflags 0x0000000000000000 c2_frm 0x0000000000000000
core   0: 0x0000000080003590 (0x0bdf7fd3) fsub.d  ft11, ft10, ft9
core   0: 3 0x0000000080003590 (0x0bdf7fd3) f31 0xfff0000000000000
core   0: 0x0000000080003594 (0x00302273) csrr    tp, fcsr
core   0: 3 0x0000000080003594 (0x00302273) x4  0x0000000000000000
core   0: 0x0000000080003598 (0x0df0b827) fsd     ft11, 208(ra)
core   0: 3 0x0000000080003598 (0x0df0b827) mem 0x00000000800081e8 0xfff0000000000000
core   0: 0x000000008000359c (0x0c40bc23) sd      tp, 216(ra)
core   0: 3 0x000000008000359c (0x0c40bc23) mem 0x00000000800081f0 0x0000000000000000
core   0: >>>>  inst_270
core   0: 0x00000000800035a0 (0x00100113) li      sp, 1
core   0: 3 0x00000000800035a0 (0x00100113) x2  0x0000000000000001
core   0: 0x00000000800035a4 (0x00c11113) slli    sp, sp, 12
core   0: 3 0x00000000800035a4 (0x00c11113) x2  0x0000000000001000
core   0: 0x00000000800035a8 (0x002181b3) add     gp, gp, sp
core   0: 3 0x00000000800035a8 (0x002181b3) x3  0x0000000080006010
core   0: 0x00000000800035ac (0x0e01bf07) fld     ft10, 224(gp)
core   0: 3 0x00000000800035ac (0x0e01bf07) f30 0x7fe000000000005d mem 0x00000000800060f0
core   0: 0x00000000800035b0 (0x402181b3) sub     gp, gp, sp
core   0: 3 0x00000000800035b0 (0x402181b3) x3  0x0000000080005010
core   0: 0x00000000800035b4 (0x00100113) li      sp, 1
core   0: 3 0x00000000800035b4 (0x00100113) x2  0x0000000000000001
core   0: 0x00000000800035b8 (0x00c11113) slli    sp, sp, 12
core   0: 3 0x00000000800035b8 (0x00c11113) x2  0x0000000000001000
core   0: 0x00000000800035bc (0x002181b3) add     gp, gp, sp
core   0: 3 0x00000000800035bc (0x002181b3) x3  0x0000000080006010
core   0: 0x00000000800035c0 (0x0e81be87) fld     ft9, 232(gp)
core   0: 3 0x00000000800035c0 (0x0e81be87) f29 0x7ff0000000000000 mem 0x00000000800060f8
core   0: 0x00000000800035c4 (0x402181b3) sub     gp, gp, sp
core   0: 3 0x00000000800035c4 (0x402181b3) x3  0x0000000080005010
core   0: 0x00000000800035c8 (0x00000113) li      sp, 0
core   0: 3 0x00000000800035c8 (0x00000113) x2  0x0000000000000000
core   0: 0x00000000800035cc (0x00311073) csrw    fcsr, sp
core   0: 3 0x00000000800035cc (0x00311073) c1_fflags 0x0000000000000000 c2_frm 0x0000000000000000
core   0: 0x00000000800035d0 (0x0bdf7fd3) fsub.d  ft11, ft10, ft9
core   0: 3 0x00000000800035d0 (0x0bdf7fd3) f31 0xfff0000000000000
core   0: 0x00000000800035d4 (0x00302273) csrr    tp, fcsr
core   0: 3 0x00000000800035d4 (0x00302273) x4  0x0000000000000000
core   0: 0x00000000800035d8 (0x0ff0b027) fsd     ft11, 224(ra)
core   0: 3 0x00000000800035d8 (0x0ff0b027) mem 0x00000000800081f8 0xfff0000000000000
core   0: 0x00000000800035dc (0x0e40b423) sd      tp, 232(ra)
core   0: 3 0x00000000800035dc (0x0e40b423) mem 0x0000000080008200 0x0000000000000000
core   0: >>>>  inst_271
core   0: 0x00000000800035e0 (0x00100113) li      sp, 1
core   0: 3 0x00000000800035e0 (0x00100113) x2  0x0000000000000001
core   0: 0x00000000800035e4 (0x00c11113) slli    sp, sp, 12
core   0: 3 0x00000000800035e4 (0x00c11113) x2  0x0000000000001000
core   0: 0x00000000800035e8 (0x002181b3) add     gp, gp, sp
core   0: 3 0x00000000800035e8 (0x002181b3) x3  0x0000000080006010
core   0: 0x00000000800035ec (0x0f01bf07) fld     ft10, 240(gp)
core   0: 3 0x00000000800035ec (0x0f01bf07) f30 0x7fe000000000005e mem 0x0000000080006100
core   0: 0x00000000800035f0 (0x402181b3) sub     gp, gp, sp
core   0: 3 0x00000000800035f0 (0x402181b3) x3  0x0000000080005010
core   0: 0x00000000800035f4 (0x00100113) li      sp, 1
core   0: 3 0x00000000800035f4 (0x00100113) x2  0x0000000000000001
core   0: 0x00000000800035f8 (0x00c11113) slli    sp, sp, 12
core   0: 3 0x00000000800035f8 (0x00c11113) x2  0x0000000000001000
core   0: 0x00000000800035fc (0x002181b3) add     gp, gp, sp
core   0: 3 0x00000000800035fc (0x002181b3) x3  0x0000000080006010
core   0: 0x0000000080003600 (0x0f81be87) fld     ft9, 248(gp)
core   0: 3 0x0000000080003600 (0x0f81be87) f29 0xffdfffffffff7f42 mem 0x0000000080006108
core   0: 0x0000000080003604 (0x402181b3) sub     gp, gp, sp
core   0: 3 0x0000000080003604 (0x402181b3) x3  0x0000000080005010
core   0: 0x0000000080003608 (0x00000113) li      sp, 0
core   0: 3 0x0000000080003608 (0x00000113) x2  0x0000000000000000
core   0: 0x000000008000360c (0x00311073) csrw    fcsr, sp
core   0: 3 0x000000008000360c (0x00311073) c1_fflags 0x0000000000000000 c2_frm 0x0000000000000000
core   0: 0x0000000080003610 (0x0bdf7fd3) fsub.d  ft11, ft10, ft9
core   0: 3 0x0000000080003610 (0x0bdf7fd3) f31 0x7fefffffffffbfff
core   0: 0x0000000080003614 (0x00302273) csrr    tp, fcsr
core   0: 3 0x0000000080003614 (0x00302273) x4  0x0000000000000000
core   0: 0x0000000080003618 (0x0ff0b827) fsd     ft11, 240(ra)
core   0: 3 0x0000000080003618 (0x0ff0b827) mem 0x0000000080008208 0x7fefffffffffbfff
core   0: 0x000000008000361c (0x0e40bc23) sd      tp, 248(ra)
core   0: 3 0x000000008000361c (0x0e40bc23) mem 0x0000000080008210 0x0000000000000000
core   0: >>>>  inst_272
core   0: 0x0000000080003620 (0x00100113) li      sp, 1
core   0: 3 0x0000000080003620 (0x00100113) x2  0x0000000000000001
core   0: 0x0000000080003624 (0x00c11113) slli    sp, sp, 12
core   0: 3 0x0000000080003624 (0x00c11113) x2  0x0000000000001000
core   0: 0x0000000080003628 (0x002181b3) add     gp, gp, sp
core   0: 3 0x0000000080003628 (0x002181b3) x3  0x0000000080006010
core   0: 0x000000008000362c (0x1001bf07) fld     ft10, 256(gp)
core   0: 3 0x000000008000362c (0x1001bf07) f30 0x7fe0000000000060 mem 0x0000000080006110
core   0: 0x0000000080003630 (0x402181b3) sub     gp, gp, sp
core   0: 3 0x0000000080003630 (0x402181b3) x3  0x0000000080005010
core   0: 0x0000000080003634 (0x00100113) li      sp, 1
core   0: 3 0x0000000080003634 (0x00100113) x2  0x0000000000000001
core   0: 0x0000000080003638 (0x00c11113) slli    sp, sp, 12
core   0: 3 0x0000000080003638 (0x00c11113) x2  0x0000000000001000
core   0: 0x000000008000363c (0x002181b3) add     gp, gp, sp
core   0: 3 0x000000008000363c (0x002181b3) x3  0x0000000080006010
core   0: 0x0000000080003640 (0x1081be87) fld     ft9, 264(gp)
core   0: 3 0x0000000080003640 (0x1081be87) f29 0x7ff0000000000000 mem 0x0000000080006118
core   0: 0x0000000080003644 (0x402181b3) sub     gp, gp, sp
core   0: 3 0x0000000080003644 (0x402181b3) x3  0x0000000080005010
core   0: 0x0000000080003648 (0x00000113) li      sp, 0
core   0: 3 0x0000000080003648 (0x00000113) x2  0x0000000000000000
core   0: 0x000000008000364c (0x00311073) csrw    fcsr, sp
core   0: 3 0x000000008000364c (0x00311073) c1_fflags 0x0000000000000000 c2_frm 0x0000000000000000
core   0: 0x0000000080003650 (0x0bdf7fd3) fsub.d  ft11, ft10, ft9
core   0: 3 0x0000000080003650 (0x0bdf7fd3) f31 0xfff0000000000000
core   0: 0x0000000080003654 (0x00302273) csrr    tp, fcsr
core   0: 3 0x0000000080003654 (0x00302273) x4  0x0000000000000000
core   0: 0x0000000080003658 (0x11f0b027) fsd     ft11, 256(ra)
core   0: 3 0x0000000080003658 (0x11f0b027) mem 0x0000000080008218 0xfff0000000000000
core   0: 0x000000008000365c (0x1040b423) sd      tp, 264(ra)
core   0: 3 0x000000008000365c (0x1040b423) mem 0x0000000080008220 0x0000000000000000
core   0: >>>>  inst_273
core   0: 0x0000000080003660 (0x00100113) li      sp, 1
core   0: 3 0x0000000080003660 (0x00100113) x2  0x0000000000000001
core   0: 0x0000000080003664 (0x00c11113) slli    sp, sp, 12
core   0: 3 0x0000000080003664 (0x00c11113) x2  0x0000000000001000
core   0: 0x0000000080003668 (0x002181b3) add     gp, gp, sp
core   0: 3 0x0000000080003668 (0x002181b3) x3  0x0000000080006010
core   0: 0x000000008000366c (0x1101bf07) fld     ft10, 272(gp)
core   0: 3 0x000000008000366c (0x1101bf07) f30 0x7fe0000000000061 mem 0x0000000080006120
core   0: 0x0000000080003670 (0x402181b3) sub     gp, gp, sp
core   0: 3 0x0000000080003670 (0x402181b3) x3  0x0000000080005010
core   0: 0x0000000080003674 (0x00100113) li      sp, 1
core   0: 3 0x0000000080003674 (0x00100113) x2  0x0000000000000001
core   0: 0x0000000080003678 (0x00c11113) slli    sp, sp, 12
core   0: 3 0x0000000080003678 (0x00c11113) x2  0x0000000000001000
core   0: 0x000000008000367c (0x002181b3) add     gp, gp, sp
core   0: 3 0x000000008000367c (0x002181b3) x3  0x0000000080006010
core   0: 0x0000000080003680 (0x1181be87) fld     ft9, 280(gp)
core   0: 3 0x0000000080003680 (0x1181be87) f29 0xffdffffffffbff3c mem 0x0000000080006128
core   0: 0x0000000080003684 (0x402181b3) sub     gp, gp, sp
core   0: 3 0x0000000080003684 (0x402181b3) x3  0x0000000080005010
core   0: 0x0000000080003688 (0x00000113) li      sp, 0
core   0: 3 0x0000000080003688 (0x00000113) x2  0x0000000000000000
core   0: 0x000000008000368c (0x00311073) csrw    fcsr, sp
core   0: 3 0x000000008000368c (0x00311073) c1_fflags 0x0000000000000000 c2_frm 0x0000000000000000
core   0: 0x0000000080003690 (0x0bdf7fd3) fsub.d  ft11, ft10, ft9
core   0: 3 0x0000000080003690 (0x0bdf7fd3) f31 0x7feffffffffdffff
core   0: 0x0000000080003694 (0x00302273) csrr    tp, fcsr
core   0: 3 0x0000000080003694 (0x00302273) x4  0x0000000000000000
core   0: 0x0000000080003698 (0x11f0b827) fsd     ft11, 272(ra)
core   0: 3 0x0000000080003698 (0x11f0b827) mem 0x0000000080008228 0x7feffffffffdffff
core   0: 0x000000008000369c (0x1040bc23) sd      tp, 280(ra)
core   0: 3 0x000000008000369c (0x1040bc23) mem 0x0000000080008230 0x0000000000000000
core   0: >>>>  inst_274
core   0: 0x00000000800036a0 (0x00100113) li      sp, 1
core   0: 3 0x00000000800036a0 (0x00100113) x2  0x0000000000000001
core   0: 0x00000000800036a4 (0x00c11113) slli    sp, sp, 12
core   0: 3 0x00000000800036a4 (0x00c11113) x2  0x0000000000001000
core   0: 0x00000000800036a8 (0x002181b3) add     gp, gp, sp
core   0: 3 0x00000000800036a8 (0x002181b3) x3  0x0000000080006010
core   0: 0x00000000800036ac (0x1201bf07) fld     ft10, 288(gp)
core   0: 3 0x00000000800036ac (0x1201bf07) f30 0x0000000000000002 mem 0x0000000080006130
core   0: 0x00000000800036b0 (0x402181b3) sub     gp, gp, sp
core   0: 3 0x00000000800036b0 (0x402181b3) x3  0x0000000080005010
core   0: 0x00000000800036b4 (0x00100113) li      sp, 1
core   0: 3 0x00000000800036b4 (0x00100113) x2  0x0000000000000001
core   0: 0x00000000800036b8 (0x00c11113) slli    sp, sp, 12
core   0: 3 0x00000000800036b8 (0x00c11113) x2  0x0000000000001000
core   0: 0x00000000800036bc (0x002181b3) add     gp, gp, sp
core   0: 3 0x00000000800036bc (0x002181b3) x3  0x0000000080006010
core   0: 0x00000000800036c0 (0x1281be87) fld     ft9, 296(gp)
core   0: 3 0x00000000800036c0 (0x1281be87) f29 0x0000000000200003 mem 0x0000000080006138
core   0: 0x00000000800036c4 (0x402181b3) sub     gp, gp, sp
core   0: 3 0x00000000800036c4 (0x402181b3) x3  0x0000000080005010
core   0: 0x00000000800036c8 (0x00000113) li      sp, 0
core   0: 3 0x00000000800036c8 (0x00000113) x2  0x0000000000000000
core   0: 0x00000000800036cc (0x00311073) csrw    fcsr, sp
core   0: 3 0x00000000800036cc (0x00311073) c1_fflags 0x0000000000000000 c2_frm 0x0000000000000000
core   0: 0x00000000800036d0 (0x0bdf7fd3) fsub.d  ft11, ft10, ft9
core   0: 3 0x00000000800036d0 (0x0bdf7fd3) f31 0x8000000000200001
core   0: 0x00000000800036d4 (0x00302273) csrr    tp, fcsr
core   0: 3 0x00000000800036d4 (0x00302273) x4  0x0000000000000000
core   0: 0x00000000800036d8 (0x13f0b027) fsd     ft11, 288(ra)
core   0: 3 0x00000000800036d8 (0x13f0b027) mem 0x0000000080008238 0x8000000000200001
core   0: 0x00000000800036dc (0x1240b423) sd      tp, 296(ra)
core   0: 3 0x00000000800036dc (0x1240b423) mem 0x0000000080008240 0x0000000000000000
core   0: >>>>  inst_275
core   0: 0x00000000800036e0 (0x00100113) li      sp, 1
core   0: 3 0x00000000800036e0 (0x00100113) x2  0x0000000000000001
core   0: 0x00000000800036e4 (0x00c11113) slli    sp, sp, 12
core   0: 3 0x00000000800036e4 (0x00c11113) x2  0x0000000000001000
core   0: 0x00000000800036e8 (0x002181b3) add     gp, gp, sp
core   0: 3 0x00000000800036e8 (0x002181b3) x3  0x0000000080006010
core   0: 0x00000000800036ec (0x1301bf07) fld     ft10, 304(gp)
core   0: 3 0x00000000800036ec (0x1301bf07) f30 0x0000000000000003 mem 0x0000000080006140
core   0: 0x00000000800036f0 (0x402181b3) sub     gp, gp, sp
core   0: 3 0x00000000800036f0 (0x402181b3) x3  0x0000000080005010
core   0: 0x00000000800036f4 (0x00100113) li      sp, 1
core   0: 3 0x00000000800036f4 (0x00100113) x2  0x0000000000000001
core   0: 0x00000000800036f8 (0x00c11113) slli    sp, sp, 12
core   0: 3 0x00000000800036f8 (0x00c11113) x2  0x0000000000001000
core   0: 0x00000000800036fc (0x002181b3) add     gp, gp, sp
core   0: 3 0x00000000800036fc (0x002181b3) x3  0x0000000080006010
core   0: 0x0000000080003700 (0x1381be87) fld     ft9, 312(gp)
core   0: 3 0x0000000080003700 (0x1381be87) f29 0x800fffffffff7ffc mem 0x0000000080006148
core   0: 0x0000000080003704 (0x402181b3) sub     gp, gp, sp
core   0: 3 0x0000000080003704 (0x402181b3) x3  0x0000000080005010
core   0: 0x0000000080003708 (0x00000113) li      sp, 0
core   0: 3 0x0000000080003708 (0x00000113) x2  0x0000000000000000
core   0: 0x000000008000370c (0x00311073) csrw    fcsr, sp
core   0: 3 0x000000008000370c (0x00311073) c1_fflags 0x0000000000000000 c2_frm 0x0000000000000000
core   0: 0x0000000080003710 (0x0bdf7fd3) fsub.d  ft11, ft10, ft9
core   0: 3 0x0000000080003710 (0x0bdf7fd3) f31 0x000fffffffff7fff
core   0: 0x0000000080003714 (0x00302273) csrr    tp, fcsr
core   0: 3 0x0000000080003714 (0x00302273) x4  0x0000000000000000
core   0: 0x0000000080003718 (0x13f0b827) fsd     ft11, 304(ra)
core   0: 3 0x0000000080003718 (0x13f0b827) mem 0x0000000080008248 0x000fffffffff7fff
core   0: 0x000000008000371c (0x1240bc23) sd      tp, 312(ra)
core   0: 3 0x000000008000371c (0x1240bc23) mem 0x0000000080008250 0x0000000000000000
core   0: >>>>  inst_276
core   0: 0x0000000080003720 (0x00100113) li      sp, 1
core   0: 3 0x0000000080003720 (0x00100113) x2  0x0000000000000001
core   0: 0x0000000080003724 (0x00c11113) slli    sp, sp, 12
core   0: 3 0x0000000080003724 (0x00c11113) x2  0x0000000000001000
core   0: 0x0000000080003728 (0x002181b3) add     gp, gp, sp
core   0: 3 0x0000000080003728 (0x002181b3) x3  0x0000000080006010
core   0: 0x000000008000372c (0x1401bf07) fld     ft10, 320(gp)
core   0: 3 0x000000008000372c (0x1401bf07) f30 0x0000000000000004 mem 0x0000000080006150
core   0: 0x0000000080003730 (0x402181b3) sub     gp, gp, sp
core   0: 3 0x0000000080003730 (0x402181b3) x3  0x0000000080005010
core   0: 0x0000000080003734 (0x00100113) li      sp, 1
core   0: 3 0x0000000080003734 (0x00100113) x2  0x0000000000000001
core   0: 0x0000000080003738 (0x00c11113) slli    sp, sp, 12
core   0: 3 0x0000000080003738 (0x00c11113) x2  0x0000000000001000
core   0: 0x000000008000373c (0x002181b3) add     gp, gp, sp
core   0: 3 0x000000008000373c (0x002181b3) x3  0x0000000080006010
core   0: 0x0000000080003740 (0x1481be87) fld     ft9, 328(gp)
core   0: 3 0x0000000080003740 (0x1481be87) f29 0x8000000000007ffc mem 0x0000000080006158
core   0: 0x0000000080003744 (0x402181b3) sub     gp, gp, sp
core   0: 3 0x0000000080003744 (0x402181b3) x3  0x0000000080005010
core   0: 0x0000000080003748 (0x00000113) li      sp, 0
core   0: 3 0x0000000080003748 (0x00000113) x2  0x0000000000000000
core   0: 0x000000008000374c (0x00311073) csrw    fcsr, sp
core   0: 3 0x000000008000374c (0x00311073) c1_fflags 0x0000000000000000 c2_frm 0x0000000000000000
core   0: 0x0000000080003750 (0x0bdf7fd3) fsub.d  ft11, ft10, ft9
core   0: 3 0x0000000080003750 (0x0bdf7fd3) f31 0x0000000000008000
core   0: 0x0000000080003754 (0x00302273) csrr    tp, fcsr
core   0: 3 0x0000000080003754 (0x00302273) x4  0x0000000000000000
core   0: 0x0000000080003758 (0x15f0b027) fsd     ft11, 320(ra)
core   0: 3 0x0000000080003758 (0x15f0b027) mem 0x0000000080008258 0x0000000000008000
core   0: 0x000000008000375c (0x1440b423) sd      tp, 328(ra)
core   0: 3 0x000000008000375c (0x1440b423) mem 0x0000000080008260 0x0000000000000000
core   0: >>>>  inst_277
core   0: 0x0000000080003760 (0x00100113) li      sp, 1
core   0: 3 0x0000000080003760 (0x00100113) x2  0x0000000000000001
core   0: 0x0000000080003764 (0x00c11113) slli    sp, sp, 12
core   0: 3 0x0000000080003764 (0x00c11113) x2  0x0000000000001000
core   0: 0x0000000080003768 (0x002181b3) add     gp, gp, sp
core   0: 3 0x0000000080003768 (0x002181b3) x3  0x0000000080006010
core   0: 0x000000008000376c (0x1501bf07) fld     ft10, 336(gp)
core   0: 3 0x000000008000376c (0x1501bf07) f30 0x0000000000000004 mem 0x0000000080006160
core   0: 0x0000000080003770 (0x402181b3) sub     gp, gp, sp
core   0: 3 0x0000000080003770 (0x402181b3) x3  0x0000000080005010
core   0: 0x0000000080003774 (0x00100113) li      sp, 1
core   0: 3 0x0000000080003774 (0x00100113) x2  0x0000000000000001
core   0: 0x0000000080003778 (0x00c11113) slli    sp, sp, 12
core   0: 3 0x0000000080003778 (0x00c11113) x2  0x0000000000001000
core   0: 0x000000008000377c (0x002181b3) add     gp, gp, sp
core   0: 3 0x000000008000377c (0x002181b3) x3  0x0000000080006010
core   0: 0x0000000080003780 (0x1581be87) fld     ft9, 344(gp)
core   0: 3 0x0000000080003780 (0x1581be87) f29 0x800000000000fffc mem 0x0000000080006168
core   0: 0x0000000080003784 (0x402181b3) sub     gp, gp, sp
core   0: 3 0x0000000080003784 (0x402181b3) x3  0x0000000080005010
core   0: 0x0000000080003788 (0x00000113) li      sp, 0
core   0: 3 0x0000000080003788 (0x00000113) x2  0x0000000000000000
core   0: 0x000000008000378c (0x00311073) csrw    fcsr, sp
core   0: 3 0x000000008000378c (0x00311073) c1_fflags 0x0000000000000000 c2_frm 0x0000000000000000
core   0: 0x0000000080003790 (0x0bdf7fd3) fsub.d  ft11, ft10, ft9
core   0: 3 0x0000000080003790 (0x0bdf7fd3) f31 0x0000000000010000
core   0: 0x0000000080003794 (0x00302273) csrr    tp, fcsr
core   0: 3 0x0000000080003794 (0x00302273) x4  0x0000000000000000
core   0: 0x0000000080003798 (0x15f0b827) fsd     ft11, 336(ra)
core   0: 3 0x0000000080003798 (0x15f0b827) mem 0x0000000080008268 0x0000000000010000
core   0: 0x000000008000379c (0x1440bc23) sd      tp, 344(ra)
core   0: 3 0x000000008000379c (0x1440bc23) mem 0x0000000080008270 0x0000000000000000
core   0: >>>>  cleanup_epilogs
core   0: 0x00000000800037a0 (0x0380006f) j       pc + 0x38
core   0: 3 0x00000000800037a0 (0x0380006f)
core   0: >>>>  exit_cleanup
core   0: 0x00000000800037d8 (0x00100093) li      ra, 1
core   0: 3 0x00000000800037d8 (0x00100093) x1  0x0000000000000001
core   0: 0x00000000800037dc (0x00001397) auipc   t2, 0x1
core   0: 3 0x00000000800037dc (0x00001397) x7  0x00000000800047dc
core   0: 0x00000000800037e0 (0x8213a223) sw      ra, -2012(t2)
core   0: 3 0x00000000800037e0 (0x8213a223) mem 0x0000000080004000 0x00000001
core   0: 0x00000000800037e4 (0xff9ff06f) j       pc - 0x8
core   0: 3 0x00000000800037e4 (0xff9ff06f)
core   0: 0x00000000800037dc (0x00001397) auipc   t2, 0x1
core   0: 3 0x00000000800037dc (0x00001397) x7  0x00000000800047dc
core   0: 0x00000000800037e0 (0x8213a223) sw      ra, -2012(t2)
core   0: 3 0x00000000800037e0 (0x8213a223) mem 0x0000000080004000 0x00000001
core   0: 0x00000000800037e4 (0xff9ff06f) j       pc - 0x8
core   0: 3 0x00000000800037e4 (0xff9ff06f)
core   0: 0x00000000800037dc (0x00001397) auipc   t2, 0x1
core   0: 3 0x00000000800037dc (0x00001397) x7  0x00000000800047dc
core   0: 0x00000000800037e0 (0x8213a223) sw      ra, -2012(t2)
core   0: 3 0x00000000800037e0 (0x8213a223) mem 0x0000000080004000 0x00000001
core   0: 0x00000000800037e4 (0xff9ff06f) j       pc - 0x8
core   0: 3 0x00000000800037e4 (0xff9ff06f)
core   0: 0x00000000800037dc (0x00001397) auipc   t2, 0x1
core   0: 3 0x00000000800037dc (0x00001397) x7  0x00000000800047dc
core   0: 0x00000000800037e0 (0x8213a223) sw      ra, -2012(t2)
core   0: 3 0x00000000800037e0 (0x8213a223) mem 0x0000000080004000 0x00000001
core   0: 0x00000000800037e4 (0xff9ff06f) j       pc - 0x8
core   0: 3 0x00000000800037e4 (0xff9ff06f)
core   0: 0x00000000800037dc (0x00001397) auipc   t2, 0x1
core   0: 3 0x00000000800037dc (0x00001397) x7  0x00000000800047dc
core   0: 0x00000000800037e0 (0x8213a223) sw      ra, -2012(t2)
core   0: 3 0x00000000800037e0 (0x8213a223) mem 0x0000000080004000 0x00000001
core   0: 0x00000000800037e4 (0xff9ff06f) j       pc - 0x8
core   0: 3 0x00000000800037e4 (0xff9ff06f)
core   0: 0x00000000800037dc (0x00001397) auipc   t2, 0x1
core   0: 3 0x00000000800037dc (0x00001397) x7  0x00000000800047dc
core   0: 0x00000000800037e0 (0x8213a223) sw      ra, -2012(t2)
core   0: 3 0x00000000800037e0 (0x8213a223) mem 0x0000000080004000 0x00000001
core   0: 0x00000000800037e4 (0xff9ff06f) j       pc - 0x8
core   0: 3 0x00000000800037e4 (0xff9ff06f)
core   0: 0x00000000800037dc (0x00001397) auipc   t2, 0x1
core   0: 3 0x00000000800037dc (0x00001397) x7  0x00000000800047dc
core   0: 0x00000000800037e0 (0x8213a223) sw      ra, -2012(t2)
core   0: 3 0x00000000800037e0 (0x8213a223) mem 0x0000000080004000 0x00000001
core   0: 0x00000000800037e4 (0xff9ff06f) j       pc - 0x8
core   0: 3 0x00000000800037e4 (0xff9ff06f)
core   0: 0x00000000800037dc (0x00001397) auipc   t2, 0x1
core   0: 3 0x00000000800037dc (0x00001397) x7  0x00000000800047dc
core   0: 0x00000000800037e0 (0x8213a223) sw      ra, -2012(t2)
core   0: 3 0x00000000800037e0 (0x8213a223) mem 0x0000000080004000 0x00000001
core   0: 0x00000000800037e4 (0xff9ff06f) j       pc - 0x8
core   0: 3 0x00000000800037e4 (0xff9ff06f)
core   0: 0x00000000800037dc (0x00001397) auipc   t2, 0x1
core   0: 3 0x00000000800037dc (0x00001397) x7  0x00000000800047dc
core   0: 0x00000000800037e0 (0x8213a223) sw      ra, -2012(t2)
core   0: 3 0x00000000800037e0 (0x8213a223) mem 0x0000000080004000 0x00000001
core   0: 0x00000000800037e4 (0xff9ff06f) j       pc - 0x8
core   0: 3 0x00000000800037e4 (0xff9ff06f)
core   0: 0x00000000800037dc (0x00001397) auipc   t2, 0x1
core   0: 3 0x00000000800037dc (0x00001397) x7  0x00000000800047dc
core   0: 0x00000000800037e0 (0x8213a223) sw      ra, -2012(t2)
core   0: 3 0x00000000800037e0 (0x8213a223) mem 0x0000000080004000 0x00000001
core   0: 0x00000000800037e4 (0xff9ff06f) j       pc - 0x8
core   0: 3 0x00000000800037e4 (0xff9ff06f)
core   0: 0x00000000800037dc (0x00001397) auipc   t2, 0x1
core   0: 3 0x00000000800037dc (0x00001397) x7  0x00000000800047dc
core   0: 0x00000000800037e0 (0x8213a223) sw      ra, -2012(t2)
core   0: 3 0x00000000800037e0 (0x8213a223) mem 0x0000000080004000 0x00000001
core   0: 0x00000000800037e4 (0xff9ff06f) j       pc - 0x8
core   0: 3 0x00000000800037e4 (0xff9ff06f)
core   0: 0x00000000800037dc (0x00001397) auipc   t2, 0x1
core   0: 3 0x00000000800037dc (0x00001397) x7  0x00000000800047dc
core   0: 0x00000000800037e0 (0x8213a223) sw      ra, -2012(t2)
core   0: 3 0x00000000800037e0 (0x8213a223) mem 0x0000000080004000 0x00000001
core   0: 0x00000000800037e4 (0xff9ff06f) j       pc - 0x8
core   0: 3 0x00000000800037e4 (0xff9ff06f)
core   0: 0x00000000800037dc (0x00001397) auipc   t2, 0x1
core   0: 3 0x00000000800037dc (0x00001397) x7  0x00000000800047dc
core   0: 0x00000000800037e0 (0x8213a223) sw      ra, -2012(t2)
core   0: 3 0x00000000800037e0 (0x8213a223) mem 0x0000000080004000 0x00000001
core   0: 0x00000000800037e4 (0xff9ff06f) j       pc - 0x8
core   0: 3 0x00000000800037e4 (0xff9ff06f)
core   0: 0x00000000800037dc (0x00001397) auipc   t2, 0x1
core   0: 3 0x00000000800037dc (0x00001397) x7  0x00000000800047dc
core   0: 0x00000000800037e0 (0x8213a223) sw      ra, -2012(t2)
core   0: 3 0x00000000800037e0 (0x8213a223) mem 0x0000000080004000 0x00000001
core   0: 0x00000000800037e4 (0xff9ff06f) j       pc - 0x8
core   0: 3 0x00000000800037e4 (0xff9ff06f)
core   0: 0x00000000800037dc (0x00001397) auipc   t2, 0x1
core   0: 3 0x00000000800037dc (0x00001397) x7  0x00000000800047dc
core   0: 0x00000000800037e0 (0x8213a223) sw      ra, -2012(t2)
core   0: 3 0x00000000800037e0 (0x8213a223) mem 0x0000000080004000 0x00000001
core   0: 0x00000000800037e4 (0xff9ff06f) j       pc - 0x8
core   0: 3 0x00000000800037e4 (0xff9ff06f)
core   0: 0x00000000800037dc (0x00001397) auipc   t2, 0x1
core   0: 3 0x00000000800037dc (0x00001397) x7  0x00000000800047dc
core   0: 0x00000000800037e0 (0x8213a223) sw      ra, -2012(t2)
core   0: 3 0x00000000800037e0 (0x8213a223) mem 0x0000000080004000 0x00000001
core   0: 0x00000000800037e4 (0xff9ff06f) j       pc - 0x8
core   0: 3 0x00000000800037e4 (0xff9ff06f)
core   0: 0x00000000800037dc (0x00001397) auipc   t2, 0x1
core   0: 3 0x00000000800037dc (0x00001397) x7  0x00000000800047dc
core   0: 0x00000000800037e0 (0x8213a223) sw      ra, -2012(t2)
core   0: 3 0x00000000800037e0 (0x8213a223) mem 0x0000000080004000 0x00000001
core   0: 0x00000000800037e4 (0xff9ff06f) j       pc - 0x8
core   0: 3 0x00000000800037e4 (0xff9ff06f)
core   0: 0x00000000800037dc (0x00001397) auipc   t2, 0x1
core   0: 3 0x00000000800037dc (0x00001397) x7  0x00000000800047dc
core   0: 0x00000000800037e0 (0x8213a223) sw      ra, -2012(t2)
core   0: 3 0x00000000800037e0 (0x8213a223) mem 0x0000000080004000 0x00000001
core   0: 0x00000000800037e4 (0xff9ff06f) j       pc - 0x8
core   0: 3 0x00000000800037e4 (0xff9ff06f)
core   0: 0x00000000800037dc (0x00001397) auipc   t2, 0x1
core   0: 3 0x00000000800037dc (0x00001397) x7  0x00000000800047dc
core   0: 0x00000000800037e0 (0x8213a223) sw      ra, -2012(t2)
core   0: 3 0x00000000800037e0 (0x8213a223) mem 0x0000000080004000 0x00000001
core   0: 0x00000000800037e4 (0xff9ff06f) j       pc - 0x8
core   0: 3 0x00000000800037e4 (0xff9ff06f)
core   0: 0x00000000800037dc (0x00001397) auipc   t2, 0x1
core   0: 3 0x00000000800037dc (0x00001397) x7  0x00000000800047dc
core   0: 0x00000000800037e0 (0x8213a223) sw      ra, -2012(t2)
core   0: 3 0x00000000800037e0 (0x8213a223) mem 0x0000000080004000 0x00000001
core   0: 0x00000000800037e4 (0xff9ff06f) j       pc - 0x8
core   0: 3 0x00000000800037e4 (0xff9ff06f)
core   0: 0x00000000800037dc (0x00001397) auipc   t2, 0x1
core   0: 3 0x00000000800037dc (0x00001397) x7  0x00000000800047dc
core   0: 0x00000000800037e0 (0x8213a223) sw      ra, -2012(t2)
core   0: 3 0x00000000800037e0 (0x8213a223) mem 0x0000000080004000 0x00000001
core   0: 0x00000000800037e4 (0xff9ff06f) j       pc - 0x8
core   0: 3 0x00000000800037e4 (0xff9ff06f)
core   0: 0x00000000800037dc (0x00001397) auipc   t2, 0x1
core   0: 3 0x00000000800037dc (0x00001397) x7  0x00000000800047dc
core   0: 0x00000000800037e0 (0x8213a223) sw      ra, -2012(t2)
core   0: 3 0x00000000800037e0 (0x8213a223) mem 0x0000000080004000 0x00000001
core   0: 0x00000000800037e4 (0xff9ff06f) j       pc - 0x8
core   0: 3 0x00000000800037e4 (0xff9ff06f)
core   0: 0x00000000800037dc (0x00001397) auipc   t2, 0x1
core   0: 3 0x00000000800037dc (0x00001397) x7  0x00000000800047dc
core   0: 0x00000000800037e0 (0x8213a223) sw      ra, -2012(t2)
core   0: 3 0x00000000800037e0 (0x8213a223) mem 0x0000000080004000 0x00000001
core   0: 0x00000000800037e4 (0xff9ff06f) j       pc - 0x8
core   0: 3 0x00000000800037e4 (0xff9ff06f)
core   0: 0x00000000800037dc (0x00001397) auipc   t2, 0x1
core   0: 3 0x00000000800037dc (0x00001397) x7  0x00000000800047dc
core   0: 0x00000000800037e0 (0x8213a223) sw      ra, -2012(t2)
core   0: 3 0x00000000800037e0 (0x8213a223) mem 0x0000000080004000 0x00000001
core   0: 0x00000000800037e4 (0xff9ff06f) j       pc - 0x8
core   0: 3 0x00000000800037e4 (0xff9ff06f)
core   0: 0x00000000800037dc (0x00001397) auipc   t2, 0x1
core   0: 3 0x00000000800037dc (0x00001397) x7  0x00000000800047dc
core   0: 0x00000000800037e0 (0x8213a223) sw      ra, -2012(t2)
core   0: 3 0x00000000800037e0 (0x8213a223) mem 0x0000000080004000 0x00000001
core   0: 0x00000000800037e4 (0xff9ff06f) j       pc - 0x8
core   0: 3 0x00000000800037e4 (0xff9ff06f)
core   0: 0x00000000800037dc (0x00001397) auipc   t2, 0x1
core   0: 3 0x00000000800037dc (0x00001397) x7  0x00000000800047dc
core   0: 0x00000000800037e0 (0x8213a223) sw      ra, -2012(t2)
core   0: 3 0x00000000800037e0 (0x8213a223) mem 0x0000000080004000 0x00000001
core   0: 0x00000000800037e4 (0xff9ff06f) j       pc - 0x8
core   0: 3 0x00000000800037e4 (0xff9ff06f)
core   0: 0x00000000800037dc (0x00001397) auipc   t2, 0x1
core   0: 3 0x00000000800037dc (0x00001397) x7  0x00000000800047dc
core   0: 0x00000000800037e0 (0x8213a223) sw      ra, -2012(t2)
core   0: 3 0x00000000800037e0 (0x8213a223) mem 0x0000000080004000 0x00000001
core   0: 0x00000000800037e4 (0xff9ff06f) j       pc - 0x8
core   0: 3 0x00000000800037e4 (0xff9ff06f)
core   0: 0x00000000800037dc (0x00001397) auipc   t2, 0x1
core   0: 3 0x00000000800037dc (0x00001397) x7  0x00000000800047dc
core   0: 0x00000000800037e0 (0x8213a223) sw      ra, -2012(t2)
core   0: 3 0x00000000800037e0 (0x8213a223) mem 0x0000000080004000 0x00000001
core   0: 0x00000000800037e4 (0xff9ff06f) j       pc - 0x8
core   0: 3 0x00000000800037e4 (0xff9ff06f)
core   0: 0x00000000800037dc (0x00001397) auipc   t2, 0x1
core   0: 3 0x00000000800037dc (0x00001397) x7  0x00000000800047dc
core   0: 0x00000000800037e0 (0x8213a223) sw      ra, -2012(t2)
core   0: 3 0x00000000800037e0 (0x8213a223) mem 0x0000000080004000 0x00000001
core   0: 0x00000000800037e4 (0xff9ff06f) j       pc - 0x8
core   0: 3 0x00000000800037e4 (0xff9ff06f)
core   0: 0x00000000800037dc (0x00001397) auipc   t2, 0x1
core   0: 3 0x00000000800037dc (0x00001397) x7  0x00000000800047dc
core   0: 0x00000000800037e0 (0x8213a223) sw      ra, -2012(t2)
core   0: 3 0x00000000800037e0 (0x8213a223) mem 0x0000000080004000 0x00000001
core   0: 0x00000000800037e4 (0xff9ff06f) j       pc - 0x8
core   0: 3 0x00000000800037e4 (0xff9ff06f)
core   0: 0x00000000800037dc (0x00001397) auipc   t2, 0x1
core   0: 3 0x00000000800037dc (0x00001397) x7  0x00000000800047dc
core   0: 0x00000000800037e0 (0x8213a223) sw      ra, -2012(t2)
core   0: 3 0x00000000800037e0 (0x8213a223) mem 0x0000000080004000 0x00000001
core   0: 0x00000000800037e4 (0xff9ff06f) j       pc - 0x8
core   0: 3 0x00000000800037e4 (0xff9ff06f)
core   0: 0x00000000800037dc (0x00001397) auipc   t2, 0x1
core   0: 3 0x00000000800037dc (0x00001397) x7  0x00000000800047dc
core   0: 0x00000000800037e0 (0x8213a223) sw      ra, -2012(t2)
core   0: 3 0x00000000800037e0 (0x8213a223) mem 0x0000000080004000 0x00000001
core   0: 0x00000000800037e4 (0xff9ff06f) j       pc - 0x8
core   0: 3 0x00000000800037e4 (0xff9ff06f)
core   0: 0x00000000800037dc (0x00001397) auipc   t2, 0x1
core   0: 3 0x00000000800037dc (0x00001397) x7  0x00000000800047dc
core   0: 0x00000000800037e0 (0x8213a223) sw      ra, -2012(t2)
core   0: 3 0x00000000800037e0 (0x8213a223) mem 0x0000000080004000 0x00000001
core   0: 0x00000000800037e4 (0xff9ff06f) j       pc - 0x8
core   0: 3 0x00000000800037e4 (0xff9ff06f)
core   0: 0x00000000800037dc (0x00001397) auipc   t2, 0x1
core   0: 3 0x00000000800037dc (0x00001397) x7  0x00000000800047dc
core   0: 0x00000000800037e0 (0x8213a223) sw      ra, -2012(t2)
core   0: 3 0x00000000800037e0 (0x8213a223) mem 0x0000000080004000 0x00000001
core   0: 0x00000000800037e4 (0xff9ff06f) j       pc - 0x8
core   0: 3 0x00000000800037e4 (0xff9ff06f)
core   0: 0x00000000800037dc (0x00001397) auipc   t2, 0x1
core   0: 3 0x00000000800037dc (0x00001397) x7  0x00000000800047dc
core   0: 0x00000000800037e0 (0x8213a223) sw      ra, -2012(t2)
core   0: 3 0x00000000800037e0 (0x8213a223) mem 0x0000000080004000 0x00000001
core   0: 0x00000000800037e4 (0xff9ff06f) j       pc - 0x8
core   0: 3 0x00000000800037e4 (0xff9ff06f)
core   0: 0x00000000800037dc (0x00001397) auipc   t2, 0x1
core   0: 3 0x00000000800037dc (0x00001397) x7  0x00000000800047dc
core   0: 0x00000000800037e0 (0x8213a223) sw      ra, -2012(t2)
core   0: 3 0x00000000800037e0 (0x8213a223) mem 0x0000000080004000 0x00000001
core   0: 0x00000000800037e4 (0xff9ff06f) j       pc - 0x8
core   0: 3 0x00000000800037e4 (0xff9ff06f)
core   0: 0x00000000800037dc (0x00001397) auipc   t2, 0x1
core   0: 3 0x00000000800037dc (0x00001397) x7  0x00000000800047dc
core   0: 0x00000000800037e0 (0x8213a223) sw      ra, -2012(t2)
core   0: 3 0x00000000800037e0 (0x8213a223) mem 0x0000000080004000 0x00000001
core   0: 0x00000000800037e4 (0xff9ff06f) j       pc - 0x8
core   0: 3 0x00000000800037e4 (0xff9ff06f)
core   0: 0x00000000800037dc (0x00001397) auipc   t2, 0x1
core   0: 3 0x00000000800037dc (0x00001397) x7  0x00000000800047dc
core   0: 0x00000000800037e0 (0x8213a223) sw      ra, -2012(t2)
core   0: 3 0x00000000800037e0 (0x8213a223) mem 0x0000000080004000 0x00000001
core   0: 0x00000000800037e4 (0xff9ff06f) j       pc - 0x8
core   0: 3 0x00000000800037e4 (0xff9ff06f)
core   0: 0x00000000800037dc (0x00001397) auipc   t2, 0x1
core   0: 3 0x00000000800037dc (0x00001397) x7  0x00000000800047dc
core   0: 0x00000000800037e0 (0x8213a223) sw      ra, -2012(t2)
core   0: 3 0x00000000800037e0 (0x8213a223) mem 0x0000000080004000 0x00000001
core   0: 0x00000000800037e4 (0xff9ff06f) j       pc - 0x8
core   0: 3 0x00000000800037e4 (0xff9ff06f)
core   0: 0x00000000800037dc (0x00001397) auipc   t2, 0x1
core   0: 3 0x00000000800037dc (0x00001397) x7  0x00000000800047dc
core   0: 0x00000000800037e0 (0x8213a223) sw      ra, -2012(t2)
core   0: 3 0x00000000800037e0 (0x8213a223) mem 0x0000000080004000 0x00000001
core   0: 0x00000000800037e4 (0xff9ff06f) j       pc - 0x8
core   0: 3 0x00000000800037e4 (0xff9ff06f)
core   0: 0x00000000800037dc (0x00001397) auipc   t2, 0x1
core   0: 3 0x00000000800037dc (0x00001397) x7  0x00000000800047dc
core   0: 0x00000000800037e0 (0x8213a223) sw      ra, -2012(t2)
core   0: 3 0x00000000800037e0 (0x8213a223) mem 0x0000000080004000 0x00000001
core   0: 0x00000000800037e4 (0xff9ff06f) j       pc - 0x8
core   0: 3 0x00000000800037e4 (0xff9ff06f)
core   0: 0x00000000800037dc (0x00001397) auipc   t2, 0x1
core   0: 3 0x00000000800037dc (0x00001397) x7  0x00000000800047dc
core   0: 0x00000000800037e0 (0x8213a223) sw      ra, -2012(t2)
core   0: 3 0x00000000800037e0 (0x8213a223) mem 0x0000000080004000 0x00000001
core   0: 0x00000000800037e4 (0xff9ff06f) j       pc - 0x8
core   0: 3 0x00000000800037e4 (0xff9ff06f)
core   0: 0x00000000800037dc (0x00001397) auipc   t2, 0x1
core   0: 3 0x00000000800037dc (0x00001397) x7  0x00000000800047dc
core   0: 0x00000000800037e0 (0x8213a223) sw      ra, -2012(t2)
core   0: 3 0x00000000800037e0 (0x8213a223) mem 0x0000000080004000 0x00000001
core   0: 0x00000000800037e4 (0xff9ff06f) j       pc - 0x8
core   0: 3 0x00000000800037e4 (0xff9ff06f)
core   0: 0x00000000800037dc (0x00001397) auipc   t2, 0x1
core   0: 3 0x00000000800037dc (0x00001397) x7  0x00000000800047dc
core   0: 0x00000000800037e0 (0x8213a223) sw      ra, -2012(t2)
core   0: 3 0x00000000800037e0 (0x8213a223) mem 0x0000000080004000 0x00000001
core   0: 0x00000000800037e4 (0xff9ff06f) j       pc - 0x8
core   0: 3 0x00000000800037e4 (0xff9ff06f)
core   0: 0x00000000800037dc (0x00001397) auipc   t2, 0x1
core   0: 3 0x00000000800037dc (0x00001397) x7  0x00000000800047dc
core   0: 0x00000000800037e0 (0x8213a223) sw      ra, -2012(t2)
core   0: 3 0x00000000800037e0 (0x8213a223) mem 0x0000000080004000 0x00000001
core   0: 0x00000000800037e4 (0xff9ff06f) j       pc - 0x8
core   0: 3 0x00000000800037e4 (0xff9ff06f)
core   0: 0x00000000800037dc (0x00001397) auipc   t2, 0x1
core   0: 3 0x00000000800037dc (0x00001397) x7  0x00000000800047dc
core   0: 0x00000000800037e0 (0x8213a223) sw      ra, -2012(t2)
core   0: 3 0x00000000800037e0 (0x8213a223) mem 0x0000000080004000 0x00000001
core   0: 0x00000000800037e4 (0xff9ff06f) j       pc - 0x8
core   0: 3 0x00000000800037e4 (0xff9ff06f)
core   0: 0x00000000800037dc (0x00001397) auipc   t2, 0x1
core   0: 3 0x00000000800037dc (0x00001397) x7  0x00000000800047dc
core   0: 0x00000000800037e0 (0x8213a223) sw      ra, -2012(t2)
core   0: 3 0x00000000800037e0 (0x8213a223) mem 0x0000000080004000 0x00000001
core   0: 0x00000000800037e4 (0xff9ff06f) j       pc - 0x8
core   0: 3 0x00000000800037e4 (0xff9ff06f)
core   0: 0x00000000800037dc (0x00001397) auipc   t2, 0x1
core   0: 3 0x00000000800037dc (0x00001397) x7  0x00000000800047dc
core   0: 0x00000000800037e0 (0x8213a223) sw      ra, -2012(t2)
core   0: 3 0x00000000800037e0 (0x8213a223) mem 0x0000000080004000 0x00000001
core   0: 0x00000000800037e4 (0xff9ff06f) j       pc - 0x8
core   0: 3 0x00000000800037e4 (0xff9ff06f)
core   0: 0x00000000800037dc (0x00001397) auipc   t2, 0x1
core   0: 3 0x00000000800037dc (0x00001397) x7  0x00000000800047dc
core   0: 0x00000000800037e0 (0x8213a223) sw      ra, -2012(t2)
core   0: 3 0x00000000800037e0 (0x8213a223) mem 0x0000000080004000 0x00000001
core   0: 0x00000000800037e4 (0xff9ff06f) j       pc - 0x8
core   0: 3 0x00000000800037e4 (0xff9ff06f)
core   0: 0x00000000800037dc (0x00001397) auipc   t2, 0x1
core   0: 3 0x00000000800037dc (0x00001397) x7  0x00000000800047dc
core   0: 0x00000000800037e0 (0x8213a223) sw      ra, -2012(t2)
core   0: 3 0x00000000800037e0 (0x8213a223) mem 0x0000000080004000 0x00000001
core   0: 0x00000000800037e4 (0xff9ff06f) j       pc - 0x8
core   0: 3 0x00000000800037e4 (0xff9ff06f)
core   0: 0x00000000800037dc (0x00001397) auipc   t2, 0x1
core   0: 3 0x00000000800037dc (0x00001397) x7  0x00000000800047dc
core   0: 0x00000000800037e0 (0x8213a223) sw      ra, -2012(t2)
core   0: 3 0x00000000800037e0 (0x8213a223) mem 0x0000000080004000 0x00000001
core   0: 0x00000000800037e4 (0xff9ff06f) j       pc - 0x8
core   0: 3 0x00000000800037e4 (0xff9ff06f)
core   0: 0x00000000800037dc (0x00001397) auipc   t2, 0x1
core   0: 3 0x00000000800037dc (0x00001397) x7  0x00000000800047dc
core   0: 0x00000000800037e0 (0x8213a223) sw      ra, -2012(t2)
core   0: 3 0x00000000800037e0 (0x8213a223) mem 0x0000000080004000 0x00000001
core   0: 0x00000000800037e4 (0xff9ff06f) j       pc - 0x8
core   0: 3 0x00000000800037e4 (0xff9ff06f)
core   0: 0x00000000800037dc (0x00001397) auipc   t2, 0x1
core   0: 3 0x00000000800037dc (0x00001397) x7  0x00000000800047dc
core   0: 0x00000000800037e0 (0x8213a223) sw      ra, -2012(t2)
core   0: 3 0x00000000800037e0 (0x8213a223) mem 0x0000000080004000 0x00000001
core   0: 0x00000000800037e4 (0xff9ff06f) j       pc - 0x8
core   0: 3 0x00000000800037e4 (0xff9ff06f)
core   0: 0x00000000800037dc (0x00001397) auipc   t2, 0x1
core   0: 3 0x00000000800037dc (0x00001397) x7  0x00000000800047dc
core   0: 0x00000000800037e0 (0x8213a223) sw      ra, -2012(t2)
core   0: 3 0x00000000800037e0 (0x8213a223) mem 0x0000000080004000 0x00000001
core   0: 0x00000000800037e4 (0xff9ff06f) j       pc - 0x8
core   0: 3 0x00000000800037e4 (0xff9ff06f)
core   0: 0x00000000800037dc (0x00001397) auipc   t2, 0x1
core   0: 3 0x00000000800037dc (0x00001397) x7  0x00000000800047dc
core   0: 0x00000000800037e0 (0x8213a223) sw      ra, -2012(t2)
core   0: 3 0x00000000800037e0 (0x8213a223) mem 0x0000000080004000 0x00000001
core   0: 0x00000000800037e4 (0xff9ff06f) j       pc - 0x8
core   0: 3 0x00000000800037e4 (0xff9ff06f)
core   0: 0x00000000800037dc (0x00001397) auipc   t2, 0x1
core   0: 3 0x00000000800037dc (0x00001397) x7  0x00000000800047dc
core   0: 0x00000000800037e0 (0x8213a223) sw      ra, -2012(t2)
core   0: 3 0x00000000800037e0 (0x8213a223) mem 0x0000000080004000 0x00000001
core   0: 0x00000000800037e4 (0xff9ff06f) j       pc - 0x8
core   0: 3 0x00000000800037e4 (0xff9ff06f)
core   0: 0x00000000800037dc (0x00001397) auipc   t2, 0x1
core   0: 3 0x00000000800037dc (0x00001397) x7  0x00000000800047dc
core   0: 0x00000000800037e0 (0x8213a223) sw      ra, -2012(t2)
core   0: 3 0x00000000800037e0 (0x8213a223) mem 0x0000000080004000 0x00000001
core   0: 0x00000000800037e4 (0xff9ff06f) j       pc - 0x8
core   0: 3 0x00000000800037e4 (0xff9ff06f)
core   0: 0x00000000800037dc (0x00001397) auipc   t2, 0x1
core   0: 3 0x00000000800037dc (0x00001397) x7  0x00000000800047dc
core   0: 0x00000000800037e0 (0x8213a223) sw      ra, -2012(t2)
core   0: 3 0x00000000800037e0 (0x8213a223) mem 0x0000000080004000 0x00000001
core   0: 0x00000000800037e4 (0xff9ff06f) j       pc - 0x8
core   0: 3 0x00000000800037e4 (0xff9ff06f)
core   0: 0x00000000800037dc (0x00001397) auipc   t2, 0x1
core   0: 3 0x00000000800037dc (0x00001397) x7  0x00000000800047dc
core   0: 0x00000000800037e0 (0x8213a223) sw      ra, -2012(t2)
core   0: 3 0x00000000800037e0 (0x8213a223) mem 0x0000000080004000 0x00000001
core   0: 0x00000000800037e4 (0xff9ff06f) j       pc - 0x8
core   0: 3 0x00000000800037e4 (0xff9ff06f)
core   0: 0x00000000800037dc (0x00001397) auipc   t2, 0x1
core   0: 3 0x00000000800037dc (0x00001397) x7  0x00000000800047dc
core   0: 0x00000000800037e0 (0x8213a223) sw      ra, -2012(t2)
core   0: 3 0x00000000800037e0 (0x8213a223) mem 0x0000000080004000 0x00000001
core   0: 0x00000000800037e4 (0xff9ff06f) j       pc - 0x8
core   0: 3 0x00000000800037e4 (0xff9ff06f)
core   0: 0x00000000800037dc (0x00001397) auipc   t2, 0x1
core   0: 3 0x00000000800037dc (0x00001397) x7  0x00000000800047dc
core   0: 0x00000000800037e0 (0x8213a223) sw      ra, -2012(t2)
core   0: 3 0x00000000800037e0 (0x8213a223) mem 0x0000000080004000 0x00000001
core   0: 0x00000000800037e4 (0xff9ff06f) j       pc - 0x8
core   0: 3 0x00000000800037e4 (0xff9ff06f)
core   0: 0x00000000800037dc (0x00001397) auipc   t2, 0x1
core   0: 3 0x00000000800037dc (0x00001397) x7  0x00000000800047dc
core   0: 0x00000000800037e0 (0x8213a223) sw      ra, -2012(t2)
core   0: 3 0x00000000800037e0 (0x8213a223) mem 0x0000000080004000 0x00000001
core   0: 0x00000000800037e4 (0xff9ff06f) j       pc - 0x8
core   0: 3 0x00000000800037e4 (0xff9ff06f)
core   0: 0x00000000800037dc (0x00001397) auipc   t2, 0x1
core   0: 3 0x00000000800037dc (0x00001397) x7  0x00000000800047dc
core   0: 0x00000000800037e0 (0x8213a223) sw      ra, -2012(t2)
core   0: 3 0x00000000800037e0 (0x8213a223) mem 0x0000000080004000 0x00000001
core   0: 0x00000000800037e4 (0xff9ff06f) j       pc - 0x8
core   0: 3 0x00000000800037e4 (0xff9ff06f)
core   0: 0x00000000800037dc (0x00001397) auipc   t2, 0x1
core   0: 3 0x00000000800037dc (0x00001397) x7  0x00000000800047dc
core   0: 0x00000000800037e0 (0x8213a223) sw      ra, -2012(t2)
core   0: 3 0x00000000800037e0 (0x8213a223) mem 0x0000000080004000 0x00000001
core   0: 0x00000000800037e4 (0xff9ff06f) j       pc - 0x8
core   0: 3 0x00000000800037e4 (0xff9ff06f)
core   0: 0x00000000800037dc (0x00001397) auipc   t2, 0x1
core   0: 3 0x00000000800037dc (0x00001397) x7  0x00000000800047dc
core   0: 0x00000000800037e0 (0x8213a223) sw      ra, -2012(t2)
core   0: 3 0x00000000800037e0 (0x8213a223) mem 0x0000000080004000 0x00000001
core   0: 0x00000000800037e4 (0xff9ff06f) j       pc - 0x8
core   0: 3 0x00000000800037e4 (0xff9ff06f)
core   0: 0x00000000800037dc (0x00001397) auipc   t2, 0x1
core   0: 3 0x00000000800037dc (0x00001397) x7  0x00000000800047dc
core   0: 0x00000000800037e0 (0x8213a223) sw      ra, -2012(t2)
core   0: 3 0x00000000800037e0 (0x8213a223) mem 0x0000000080004000 0x00000001
core   0: 0x00000000800037e4 (0xff9ff06f) j       pc - 0x8
core   0: 3 0x00000000800037e4 (0xff9ff06f)
core   0: 0x00000000800037dc (0x00001397) auipc   t2, 0x1
core   0: 3 0x00000000800037dc (0x00001397) x7  0x00000000800047dc
core   0: 0x00000000800037e0 (0x8213a223) sw      ra, -2012(t2)
core   0: 3 0x00000000800037e0 (0x8213a223) mem 0x0000000080004000 0x00000001
core   0: 0x00000000800037e4 (0xff9ff06f) j       pc - 0x8
core   0: 3 0x00000000800037e4 (0xff9ff06f)
core   0: 0x00000000800037dc (0x00001397) auipc   t2, 0x1
core   0: 3 0x00000000800037dc (0x00001397) x7  0x00000000800047dc
core   0: 0x00000000800037e0 (0x8213a223) sw      ra, -2012(t2)
core   0: 3 0x00000000800037e0 (0x8213a223) mem 0x0000000080004000 0x00000001
core   0: 0x00000000800037e4 (0xff9ff06f) j       pc - 0x8
core   0: 3 0x00000000800037e4 (0xff9ff06f)
core   0: 0x00000000800037dc (0x00001397) auipc   t2, 0x1
core   0: 3 0x00000000800037dc (0x00001397) x7  0x00000000800047dc
core   0: 0x00000000800037e0 (0x8213a223) sw      ra, -2012(t2)
core   0: 3 0x00000000800037e0 (0x8213a223) mem 0x0000000080004000 0x00000001
core   0: 0x00000000800037e4 (0xff9ff06f) j       pc - 0x8
core   0: 3 0x00000000800037e4 (0xff9ff06f)
core   0: 0x00000000800037dc (0x00001397) auipc   t2, 0x1
core   0: 3 0x00000000800037dc (0x00001397) x7  0x00000000800047dc
core   0: 0x00000000800037e0 (0x8213a223) sw      ra, -2012(t2)
core   0: 3 0x00000000800037e0 (0x8213a223) mem 0x0000000080004000 0x00000001
core   0: 0x00000000800037e4 (0xff9ff06f) j       pc - 0x8
core   0: 3 0x00000000800037e4 (0xff9ff06f)
core   0: 0x00000000800037dc (0x00001397) auipc   t2, 0x1
core   0: 3 0x00000000800037dc (0x00001397) x7  0x00000000800047dc
core   0: 0x00000000800037e0 (0x8213a223) sw      ra, -2012(t2)
core   0: 3 0x00000000800037e0 (0x8213a223) mem 0x0000000080004000 0x00000001
core   0: 0x00000000800037e4 (0xff9ff06f) j       pc - 0x8
core   0: 3 0x00000000800037e4 (0xff9ff06f)
core   0: 0x00000000800037dc (0x00001397) auipc   t2, 0x1
core   0: 3 0x00000000800037dc (0x00001397) x7  0x00000000800047dc
core   0: 0x00000000800037e0 (0x8213a223) sw      ra, -2012(t2)
core   0: 3 0x00000000800037e0 (0x8213a223) mem 0x0000000080004000 0x00000001
core   0: 0x00000000800037e4 (0xff9ff06f) j       pc - 0x8
core   0: 3 0x00000000800037e4 (0xff9ff06f)
core   0: 0x00000000800037dc (0x00001397) auipc   t2, 0x1
core   0: 3 0x00000000800037dc (0x00001397) x7  0x00000000800047dc
core   0: 0x00000000800037e0 (0x8213a223) sw      ra, -2012(t2)
core   0: 3 0x00000000800037e0 (0x8213a223) mem 0x0000000080004000 0x00000001
core   0: 0x00000000800037e4 (0xff9ff06f) j       pc - 0x8
core   0: 3 0x00000000800037e4 (0xff9ff06f)
core   0: 0x00000000800037dc (0x00001397) auipc   t2, 0x1
core   0: 3 0x00000000800037dc (0x00001397) x7  0x00000000800047dc
core   0: 0x00000000800037e0 (0x8213a223) sw      ra, -2012(t2)
core   0: 3 0x00000000800037e0 (0x8213a223) mem 0x0000000080004000 0x00000001
core   0: 0x00000000800037e4 (0xff9ff06f) j       pc - 0x8
core   0: 3 0x00000000800037e4 (0xff9ff06f)
core   0: 0x00000000800037dc (0x00001397) auipc   t2, 0x1
core   0: 3 0x00000000800037dc (0x00001397) x7  0x00000000800047dc
core   0: 0x00000000800037e0 (0x8213a223) sw      ra, -2012(t2)
core   0: 3 0x00000000800037e0 (0x8213a223) mem 0x0000000080004000 0x00000001
core   0: 0x00000000800037e4 (0xff9ff06f) j       pc - 0x8
core   0: 3 0x00000000800037e4 (0xff9ff06f)
core   0: 0x00000000800037dc (0x00001397) auipc   t2, 0x1
core   0: 3 0x00000000800037dc (0x00001397) x7  0x00000000800047dc
core   0: 0x00000000800037e0 (0x8213a223) sw      ra, -2012(t2)
core   0: 3 0x00000000800037e0 (0x8213a223) mem 0x0000000080004000 0x00000001
core   0: 0x00000000800037e4 (0xff9ff06f) j       pc - 0x8
core   0: 3 0x00000000800037e4 (0xff9ff06f)
core   0: 0x00000000800037dc (0x00001397) auipc   t2, 0x1
core   0: 3 0x00000000800037dc (0x00001397) x7  0x00000000800047dc
core   0: 0x00000000800037e0 (0x8213a223) sw      ra, -2012(t2)
core   0: 3 0x00000000800037e0 (0x8213a223) mem 0x0000000080004000 0x00000001
core   0: 0x00000000800037e4 (0xff9ff06f) j       pc - 0x8
core   0: 3 0x00000000800037e4 (0xff9ff06f)
core   0: 0x00000000800037dc (0x00001397) auipc   t2, 0x1
core   0: 3 0x00000000800037dc (0x00001397) x7  0x00000000800047dc
core   0: 0x00000000800037e0 (0x8213a223) sw      ra, -2012(t2)
core   0: 3 0x00000000800037e0 (0x8213a223) mem 0x0000000080004000 0x00000001
core   0: 0x00000000800037e4 (0xff9ff06f) j       pc - 0x8
core   0: 3 0x00000000800037e4 (0xff9ff06f)
core   0: 0x00000000800037dc (0x00001397) auipc   t2, 0x1
core   0: 3 0x00000000800037dc (0x00001397) x7  0x00000000800047dc
core   0: 0x00000000800037e0 (0x8213a223) sw      ra, -2012(t2)
core   0: 3 0x00000000800037e0 (0x8213a223) mem 0x0000000080004000 0x00000001
core   0: 0x00000000800037e4 (0xff9ff06f) j       pc - 0x8
core   0: 3 0x00000000800037e4 (0xff9ff06f)
core   0: 0x00000000800037dc (0x00001397) auipc   t2, 0x1
core   0: 3 0x00000000800037dc (0x00001397) x7  0x00000000800047dc
core   0: 0x00000000800037e0 (0x8213a223) sw      ra, -2012(t2)
core   0: 3 0x00000000800037e0 (0x8213a223) mem 0x0000000080004000 0x00000001
core   0: 0x00000000800037e4 (0xff9ff06f) j       pc - 0x8
core   0: 3 0x00000000800037e4 (0xff9ff06f)
core   0: 0x00000000800037dc (0x00001397) auipc   t2, 0x1
core   0: 3 0x00000000800037dc (0x00001397) x7  0x00000000800047dc
core   0: 0x00000000800037e0 (0x8213a223) sw      ra, -2012(t2)
core   0: 3 0x00000000800037e0 (0x8213a223) mem 0x0000000080004000 0x00000001
core   0: 0x00000000800037e4 (0xff9ff06f) j       pc - 0x8
core   0: 3 0x00000000800037e4 (0xff9ff06f)
core   0: 0x00000000800037dc (0x00001397) auipc   t2, 0x1
core   0: 3 0x00000000800037dc (0x00001397) x7  0x00000000800047dc
core   0: 0x00000000800037e0 (0x8213a223) sw      ra, -2012(t2)
core   0: 3 0x00000000800037e0 (0x8213a223) mem 0x0000000080004000 0x00000001
core   0: 0x00000000800037e4 (0xff9ff06f) j       pc - 0x8
core   0: 3 0x00000000800037e4 (0xff9ff06f)
core   0: 0x00000000800037dc (0x00001397) auipc   t2, 0x1
core   0: 3 0x00000000800037dc (0x00001397) x7  0x00000000800047dc
core   0: 0x00000000800037e0 (0x8213a223) sw      ra, -2012(t2)
core   0: 3 0x00000000800037e0 (0x8213a223) mem 0x0000000080004000 0x00000001
core   0: 0x00000000800037e4 (0xff9ff06f) j       pc - 0x8
core   0: 3 0x00000000800037e4 (0xff9ff06f)
core   0: 0x00000000800037dc (0x00001397) auipc   t2, 0x1
core   0: 3 0x00000000800037dc (0x00001397) x7  0x00000000800047dc
core   0: 0x00000000800037e0 (0x8213a223) sw      ra, -2012(t2)
core   0: 3 0x00000000800037e0 (0x8213a223) mem 0x0000000080004000 0x00000001
core   0: 0x00000000800037e4 (0xff9ff06f) j       pc - 0x8
core   0: 3 0x00000000800037e4 (0xff9ff06f)
core   0: 0x00000000800037dc (0x00001397) auipc   t2, 0x1
core   0: 3 0x00000000800037dc (0x00001397) x7  0x00000000800047dc
core   0: 0x00000000800037e0 (0x8213a223) sw      ra, -2012(t2)
core   0: 3 0x00000000800037e0 (0x8213a223) mem 0x0000000080004000 0x00000001
core   0: 0x00000000800037e4 (0xff9ff06f) j       pc - 0x8
core   0: 3 0x00000000800037e4 (0xff9ff06f)
core   0: 0x00000000800037dc (0x00001397) auipc   t2, 0x1
core   0: 3 0x00000000800037dc (0x00001397) x7  0x00000000800047dc
core   0: 0x00000000800037e0 (0x8213a223) sw      ra, -2012(t2)
core   0: 3 0x00000000800037e0 (0x8213a223) mem 0x0000000080004000 0x00000001
core   0: 0x00000000800037e4 (0xff9ff06f) j       pc - 0x8
core   0: 3 0x00000000800037e4 (0xff9ff06f)
core   0: 0x00000000800037dc (0x00001397) auipc   t2, 0x1
core   0: 3 0x00000000800037dc (0x00001397) x7  0x00000000800047dc
core   0: 0x00000000800037e0 (0x8213a223) sw      ra, -2012(t2)
core   0: 3 0x00000000800037e0 (0x8213a223) mem 0x0000000080004000 0x00000001
core   0: 0x00000000800037e4 (0xff9ff06f) j       pc - 0x8
core   0: 3 0x00000000800037e4 (0xff9ff06f)
core   0: 0x00000000800037dc (0x00001397) auipc   t2, 0x1
core   0: 3 0x00000000800037dc (0x00001397) x7  0x00000000800047dc
core   0: 0x00000000800037e0 (0x8213a223) sw      ra, -2012(t2)
core   0: 3 0x00000000800037e0 (0x8213a223) mem 0x0000000080004000 0x00000001
core   0: 0x00000000800037e4 (0xff9ff06f) j       pc - 0x8
core   0: 3 0x00000000800037e4 (0xff9ff06f)
core   0: 0x00000000800037dc (0x00001397) auipc   t2, 0x1
core   0: 3 0x00000000800037dc (0x00001397) x7  0x00000000800047dc
core   0: 0x00000000800037e0 (0x8213a223) sw      ra, -2012(t2)
core   0: 3 0x00000000800037e0 (0x8213a223) mem 0x0000000080004000 0x00000001
core   0: 0x00000000800037e4 (0xff9ff06f) j       pc - 0x8
core   0: 3 0x00000000800037e4 (0xff9ff06f)
core   0: 0x00000000800037dc (0x00001397) auipc   t2, 0x1
core   0: 3 0x00000000800037dc (0x00001397) x7  0x00000000800047dc
core   0: 0x00000000800037e0 (0x8213a223) sw      ra, -2012(t2)
core   0: 3 0x00000000800037e0 (0x8213a223) mem 0x0000000080004000 0x00000001
core   0: 0x00000000800037e4 (0xff9ff06f) j       pc - 0x8
core   0: 3 0x00000000800037e4 (0xff9ff06f)
core   0: 0x00000000800037dc (0x00001397) auipc   t2, 0x1
core   0: 3 0x00000000800037dc (0x00001397) x7  0x00000000800047dc
core   0: 0x00000000800037e0 (0x8213a223) sw      ra, -2012(t2)
core   0: 3 0x00000000800037e0 (0x8213a223) mem 0x0000000080004000 0x00000001
core   0: 0x00000000800037e4 (0xff9ff06f) j       pc - 0x8
core   0: 3 0x00000000800037e4 (0xff9ff06f)
core   0: 0x00000000800037dc (0x00001397) auipc   t2, 0x1
core   0: 3 0x00000000800037dc (0x00001397) x7  0x00000000800047dc
core   0: 0x00000000800037e0 (0x8213a223) sw      ra, -2012(t2)
core   0: 3 0x00000000800037e0 (0x8213a223) mem 0x0000000080004000 0x00000001
core   0: 0x00000000800037e4 (0xff9ff06f) j       pc - 0x8
core   0: 3 0x00000000800037e4 (0xff9ff06f)
core   0: 0x00000000800037dc (0x00001397) auipc   t2, 0x1
core   0: 3 0x00000000800037dc (0x00001397) x7  0x00000000800047dc
core   0: 0x00000000800037e0 (0x8213a223) sw      ra, -2012(t2)
core   0: 3 0x00000000800037e0 (0x8213a223) mem 0x0000000080004000 0x00000001
core   0: 0x00000000800037e4 (0xff9ff06f) j       pc - 0x8
core   0: 3 0x00000000800037e4 (0xff9ff06f)
core   0: 0x00000000800037dc (0x00001397) auipc   t2, 0x1
core   0: 3 0x00000000800037dc (0x00001397) x7  0x00000000800047dc
core   0: 0x00000000800037e0 (0x8213a223) sw      ra, -2012(t2)
core   0: 3 0x00000000800037e0 (0x8213a223) mem 0x0000000080004000 0x00000001
core   0: 0x00000000800037e4 (0xff9ff06f) j       pc - 0x8
core   0: 3 0x00000000800037e4 (0xff9ff06f)
core   0: 0x00000000800037dc (0x00001397) auipc   t2, 0x1
core   0: 3 0x00000000800037dc (0x00001397) x7  0x00000000800047dc
core   0: 0x00000000800037e0 (0x8213a223) sw      ra, -2012(t2)
core   0: 3 0x00000000800037e0 (0x8213a223) mem 0x0000000080004000 0x00000001
core   0: 0x00000000800037e4 (0xff9ff06f) j       pc - 0x8
core   0: 3 0x00000000800037e4 (0xff9ff06f)
core   0: 0x00000000800037dc (0x00001397) auipc   t2, 0x1
core   0: 3 0x00000000800037dc (0x00001397) x7  0x00000000800047dc
core   0: 0x00000000800037e0 (0x8213a223) sw      ra, -2012(t2)
core   0: 3 0x00000000800037e0 (0x8213a223) mem 0x0000000080004000 0x00000001
core   0: 0x00000000800037e4 (0xff9ff06f) j       pc - 0x8
core   0: 3 0x00000000800037e4 (0xff9ff06f)
core   0: 0x00000000800037dc (0x00001397) auipc   t2, 0x1
core   0: 3 0x00000000800037dc (0x00001397) x7  0x00000000800047dc
core   0: 0x00000000800037e0 (0x8213a223) sw      ra, -2012(t2)
core   0: 3 0x00000000800037e0 (0x8213a223) mem 0x0000000080004000 0x00000001
core   0: 0x00000000800037e4 (0xff9ff06f) j       pc - 0x8
core   0: 3 0x00000000800037e4 (0xff9ff06f)
core   0: 0x00000000800037dc (0x00001397) auipc   t2, 0x1
core   0: 3 0x00000000800037dc (0x00001397) x7  0x00000000800047dc
core   0: 0x00000000800037e0 (0x8213a223) sw      ra, -2012(t2)
core   0: 3 0x00000000800037e0 (0x8213a223) mem 0x0000000080004000 0x00000001
core   0: 0x00000000800037e4 (0xff9ff06f) j       pc - 0x8
core   0: 3 0x00000000800037e4 (0xff9ff06f)
core   0: 0x00000000800037dc (0x00001397) auipc   t2, 0x1
core   0: 3 0x00000000800037dc (0x00001397) x7  0x00000000800047dc
core   0: 0x00000000800037e0 (0x8213a223) sw      ra, -2012(t2)
core   0: 3 0x00000000800037e0 (0x8213a223) mem 0x0000000080004000 0x00000001
core   0: 0x00000000800037e4 (0xff9ff06f) j       pc - 0x8
core   0: 3 0x00000000800037e4 (0xff9ff06f)
core   0: 0x00000000800037dc (0x00001397) auipc   t2, 0x1
core   0: 3 0x00000000800037dc (0x00001397) x7  0x00000000800047dc
core   0: 0x00000000800037e0 (0x8213a223) sw      ra, -2012(t2)
core   0: 3 0x00000000800037e0 (0x8213a223) mem 0x0000000080004000 0x00000001
core   0: 0x00000000800037e4 (0xff9ff06f) j       pc - 0x8
core   0: 3 0x00000000800037e4 (0xff9ff06f)
core   0: 0x00000000800037dc (0x00001397) auipc   t2, 0x1
core   0: 3 0x00000000800037dc (0x00001397) x7  0x00000000800047dc
core   0: 0x00000000800037e0 (0x8213a223) sw      ra, -2012(t2)
core   0: 3 0x00000000800037e0 (0x8213a223) mem 0x0000000080004000 0x00000001
core   0: 0x00000000800037e4 (0xff9ff06f) j       pc - 0x8
core   0: 3 0x00000000800037e4 (0xff9ff06f)
core   0: 0x00000000800037dc (0x00001397) auipc   t2, 0x1
core   0: 3 0x00000000800037dc (0x00001397) x7  0x00000000800047dc
core   0: 0x00000000800037e0 (0x8213a223) sw      ra, -2012(t2)
core   0: 3 0x00000000800037e0 (0x8213a223) mem 0x0000000080004000 0x00000001
core   0: 0x00000000800037e4 (0xff9ff06f) j       pc - 0x8
core   0: 3 0x00000000800037e4 (0xff9ff06f)
core   0: 0x00000000800037dc (0x00001397) auipc   t2, 0x1
core   0: 3 0x00000000800037dc (0x00001397) x7  0x00000000800047dc
core   0: 0x00000000800037e0 (0x8213a223) sw      ra, -2012(t2)
core   0: 3 0x00000000800037e0 (0x8213a223) mem 0x0000000080004000 0x00000001
core   0: 0x00000000800037e4 (0xff9ff06f) j       pc - 0x8
core   0: 3 0x00000000800037e4 (0xff9ff06f)
core   0: 0x00000000800037dc (0x00001397) auipc   t2, 0x1
core   0: 3 0x00000000800037dc (0x00001397) x7  0x00000000800047dc
core   0: 0x00000000800037e0 (0x8213a223) sw      ra, -2012(t2)
core   0: 3 0x00000000800037e0 (0x8213a223) mem 0x0000000080004000 0x00000001
core   0: 0x00000000800037e4 (0xff9ff06f) j       pc - 0x8
core   0: 3 0x00000000800037e4 (0xff9ff06f)
core   0: 0x00000000800037dc (0x00001397) auipc   t2, 0x1
core   0: 3 0x00000000800037dc (0x00001397) x7  0x00000000800047dc
core   0: 0x00000000800037e0 (0x8213a223) sw      ra, -2012(t2)
core   0: 3 0x00000000800037e0 (0x8213a223) mem 0x0000000080004000 0x00000001
core   0: 0x00000000800037e4 (0xff9ff06f) j       pc - 0x8
core   0: 3 0x00000000800037e4 (0xff9ff06f)
core   0: 0x00000000800037dc (0x00001397) auipc   t2, 0x1
core   0: 3 0x00000000800037dc (0x00001397) x7  0x00000000800047dc
core   0: 0x00000000800037e0 (0x8213a223) sw      ra, -2012(t2)
core   0: 3 0x00000000800037e0 (0x8213a223) mem 0x0000000080004000 0x00000001
core   0: 0x00000000800037e4 (0xff9ff06f) j       pc - 0x8
core   0: 3 0x00000000800037e4 (0xff9ff06f)
core   0: 0x00000000800037dc (0x00001397) auipc   t2, 0x1
core   0: 3 0x00000000800037dc (0x00001397) x7  0x00000000800047dc
core   0: 0x00000000800037e0 (0x8213a223) sw      ra, -2012(t2)
core   0: 3 0x00000000800037e0 (0x8213a223) mem 0x0000000080004000 0x00000001
core   0: 0x00000000800037e4 (0xff9ff06f) j       pc - 0x8
core   0: 3 0x00000000800037e4 (0xff9ff06f)
core   0: 0x00000000800037dc (0x00001397) auipc   t2, 0x1
core   0: 3 0x00000000800037dc (0x00001397) x7  0x00000000800047dc
core   0: 0x00000000800037e0 (0x8213a223) sw      ra, -2012(t2)
core   0: 3 0x00000000800037e0 (0x8213a223) mem 0x0000000080004000 0x00000001
core   0: 0x00000000800037e4 (0xff9ff06f) j       pc - 0x8
core   0: 3 0x00000000800037e4 (0xff9ff06f)
core   0: 0x00000000800037dc (0x00001397) auipc   t2, 0x1
core   0: 3 0x00000000800037dc (0x00001397) x7  0x00000000800047dc
core   0: 0x00000000800037e0 (0x8213a223) sw      ra, -2012(t2)
core   0: 3 0x00000000800037e0 (0x8213a223) mem 0x0000000080004000 0x00000001
core   0: 0x00000000800037e4 (0xff9ff06f) j       pc - 0x8
core   0: 3 0x00000000800037e4 (0xff9ff06f)
core   0: 0x00000000800037dc (0x00001397) auipc   t2, 0x1
core   0: 3 0x00000000800037dc (0x00001397) x7  0x00000000800047dc
core   0: 0x00000000800037e0 (0x8213a223) sw      ra, -2012(t2)
core   0: 3 0x00000000800037e0 (0x8213a223) mem 0x0000000080004000 0x00000001
core   0: 0x00000000800037e4 (0xff9ff06f) j       pc - 0x8
core   0: 3 0x00000000800037e4 (0xff9ff06f)
core   0: 0x00000000800037dc (0x00001397) auipc   t2, 0x1
core   0: 3 0x00000000800037dc (0x00001397) x7  0x00000000800047dc
core   0: 0x00000000800037e0 (0x8213a223) sw      ra, -2012(t2)
core   0: 3 0x00000000800037e0 (0x8213a223) mem 0x0000000080004000 0x00000001
core   0: 0x00000000800037e4 (0xff9ff06f) j       pc - 0x8
core   0: 3 0x00000000800037e4 (0xff9ff06f)
core   0: 0x00000000800037dc (0x00001397) auipc   t2, 0x1
core   0: 3 0x00000000800037dc (0x00001397) x7  0x00000000800047dc
core   0: 0x00000000800037e0 (0x8213a223) sw      ra, -2012(t2)
core   0: 3 0x00000000800037e0 (0x8213a223) mem 0x0000000080004000 0x00000001
core   0: 0x00000000800037e4 (0xff9ff06f) j       pc - 0x8
core   0: 3 0x00000000800037e4 (0xff9ff06f)
core   0: 0x00000000800037dc (0x00001397) auipc   t2, 0x1
core   0: 3 0x00000000800037dc (0x00001397) x7  0x00000000800047dc
core   0: 0x00000000800037e0 (0x8213a223) sw      ra, -2012(t2)
core   0: 3 0x00000000800037e0 (0x8213a223) mem 0x0000000080004000 0x00000001
core   0: 0x00000000800037e4 (0xff9ff06f) j       pc - 0x8
core   0: 3 0x00000000800037e4 (0xff9ff06f)
core   0: 0x00000000800037dc (0x00001397) auipc   t2, 0x1
core   0: 3 0x00000000800037dc (0x00001397) x7  0x00000000800047dc
core   0: 0x00000000800037e0 (0x8213a223) sw      ra, -2012(t2)
core   0: 3 0x00000000800037e0 (0x8213a223) mem 0x0000000080004000 0x00000001
core   0: 0x00000000800037e4 (0xff9ff06f) j       pc - 0x8
core   0: 3 0x00000000800037e4 (0xff9ff06f)
core   0: 0x00000000800037dc (0x00001397) auipc   t2, 0x1
core   0: 3 0x00000000800037dc (0x00001397) x7  0x00000000800047dc
core   0: 0x00000000800037e0 (0x8213a223) sw      ra, -2012(t2)
core   0: 3 0x00000000800037e0 (0x8213a223) mem 0x0000000080004000 0x00000001
core   0: 0x00000000800037e4 (0xff9ff06f) j       pc - 0x8
core   0: 3 0x00000000800037e4 (0xff9ff06f)
core   0: 0x00000000800037dc (0x00001397) auipc   t2, 0x1
core   0: 3 0x00000000800037dc (0x00001397) x7  0x00000000800047dc
core   0: 0x00000000800037e0 (0x8213a223) sw      ra, -2012(t2)
core   0: 3 0x00000000800037e0 (0x8213a223) mem 0x0000000080004000 0x00000001
core   0: 0x00000000800037e4 (0xff9ff06f) j       pc - 0x8
core   0: 3 0x00000000800037e4 (0xff9ff06f)
core   0: 0x00000000800037dc (0x00001397) auipc   t2, 0x1
core   0: 3 0x00000000800037dc (0x00001397) x7  0x00000000800047dc
core   0: 0x00000000800037e0 (0x8213a223) sw      ra, -2012(t2)
core   0: 3 0x00000000800037e0 (0x8213a223) mem 0x0000000080004000 0x00000001
core   0: 0x00000000800037e4 (0xff9ff06f) j       pc - 0x8
core   0: 3 0x00000000800037e4 (0xff9ff06f)
core   0: 0x00000000800037dc (0x00001397) auipc   t2, 0x1
core   0: 3 0x00000000800037dc (0x00001397) x7  0x00000000800047dc
core   0: 0x00000000800037e0 (0x8213a223) sw      ra, -2012(t2)
core   0: 3 0x00000000800037e0 (0x8213a223) mem 0x0000000080004000 0x00000001
core   0: 0x00000000800037e4 (0xff9ff06f) j       pc - 0x8
core   0: 3 0x00000000800037e4 (0xff9ff06f)
core   0: 0x00000000800037dc (0x00001397) auipc   t2, 0x1
core   0: 3 0x00000000800037dc (0x00001397) x7  0x00000000800047dc
core   0: 0x00000000800037e0 (0x8213a223) sw      ra, -2012(t2)
core   0: 3 0x00000000800037e0 (0x8213a223) mem 0x0000000080004000 0x00000001
core   0: 0x00000000800037e4 (0xff9ff06f) j       pc - 0x8
core   0: 3 0x00000000800037e4 (0xff9ff06f)
core   0: 0x00000000800037dc (0x00001397) auipc   t2, 0x1
core   0: 3 0x00000000800037dc (0x00001397) x7  0x00000000800047dc
core   0: 0x00000000800037e0 (0x8213a223) sw      ra, -2012(t2)
core   0: 3 0x00000000800037e0 (0x8213a223) mem 0x0000000080004000 0x00000001
core   0: 0x00000000800037e4 (0xff9ff06f) j       pc - 0x8
core   0: 3 0x00000000800037e4 (0xff9ff06f)
core   0: 0x00000000800037dc (0x00001397) auipc   t2, 0x1
core   0: 3 0x00000000800037dc (0x00001397) x7  0x00000000800047dc
core   0: 0x00000000800037e0 (0x8213a223) sw      ra, -2012(t2)
core   0: 3 0x00000000800037e0 (0x8213a223) mem 0x0000000080004000 0x00000001
core   0: 0x00000000800037e4 (0xff9ff06f) j       pc - 0x8
core   0: 3 0x00000000800037e4 (0xff9ff06f)
core   0: 0x00000000800037dc (0x00001397) auipc   t2, 0x1
core   0: 3 0x00000000800037dc (0x00001397) x7  0x00000000800047dc
core   0: 0x00000000800037e0 (0x8213a223) sw      ra, -2012(t2)
core   0: 3 0x00000000800037e0 (0x8213a223) mem 0x0000000080004000 0x00000001
core   0: 0x00000000800037e4 (0xff9ff06f) j       pc - 0x8
core   0: 3 0x00000000800037e4 (0xff9ff06f)
core   0: 0x00000000800037dc (0x00001397) auipc   t2, 0x1
core   0: 3 0x00000000800037dc (0x00001397) x7  0x00000000800047dc
core   0: 0x00000000800037e0 (0x8213a223) sw      ra, -2012(t2)
core   0: 3 0x00000000800037e0 (0x8213a223) mem 0x0000000080004000 0x00000001
core   0: 0x00000000800037e4 (0xff9ff06f) j       pc - 0x8
core   0: 3 0x00000000800037e4 (0xff9ff06f)
core   0: 0x00000000800037dc (0x00001397) auipc   t2, 0x1
core   0: 3 0x00000000800037dc (0x00001397) x7  0x00000000800047dc
core   0: 0x00000000800037e0 (0x8213a223) sw      ra, -2012(t2)
core   0: 3 0x00000000800037e0 (0x8213a223) mem 0x0000000080004000 0x00000001
core   0: 0x00000000800037e4 (0xff9ff06f) j       pc - 0x8
core   0: 3 0x00000000800037e4 (0xff9ff06f)
core   0: 0x00000000800037dc (0x00001397) auipc   t2, 0x1
core   0: 3 0x00000000800037dc (0x00001397) x7  0x00000000800047dc
core   0: 0x00000000800037e0 (0x8213a223) sw      ra, -2012(t2)
core   0: 3 0x00000000800037e0 (0x8213a223) mem 0x0000000080004000 0x00000001
core   0: 0x00000000800037e4 (0xff9ff06f) j       pc - 0x8
core   0: 3 0x00000000800037e4 (0xff9ff06f)
core   0: 0x00000000800037dc (0x00001397) auipc   t2, 0x1
core   0: 3 0x00000000800037dc (0x00001397) x7  0x00000000800047dc
core   0: 0x00000000800037e0 (0x8213a223) sw      ra, -2012(t2)
core   0: 3 0x00000000800037e0 (0x8213a223) mem 0x0000000080004000 0x00000001
core   0: 0x00000000800037e4 (0xff9ff06f) j       pc - 0x8
core   0: 3 0x00000000800037e4 (0xff9ff06f)
core   0: 0x00000000800037dc (0x00001397) auipc   t2, 0x1
core   0: 3 0x00000000800037dc (0x00001397) x7  0x00000000800047dc
core   0: 0x00000000800037e0 (0x8213a223) sw      ra, -2012(t2)
core   0: 3 0x00000000800037e0 (0x8213a223) mem 0x0000000080004000 0x00000001
core   0: 0x00000000800037e4 (0xff9ff06f) j       pc - 0x8
core   0: 3 0x00000000800037e4 (0xff9ff06f)
core   0: 0x00000000800037dc (0x00001397) auipc   t2, 0x1
core   0: 3 0x00000000800037dc (0x00001397) x7  0x00000000800047dc
core   0: 0x00000000800037e0 (0x8213a223) sw      ra, -2012(t2)
core   0: 3 0x00000000800037e0 (0x8213a223) mem 0x0000000080004000 0x00000001
core   0: 0x00000000800037e4 (0xff9ff06f) j       pc - 0x8
core   0: 3 0x00000000800037e4 (0xff9ff06f)
core   0: 0x00000000800037dc (0x00001397) auipc   t2, 0x1
core   0: 3 0x00000000800037dc (0x00001397) x7  0x00000000800047dc
core   0: 0x00000000800037e0 (0x8213a223) sw      ra, -2012(t2)
core   0: 3 0x00000000800037e0 (0x8213a223) mem 0x0000000080004000 0x00000001
core   0: 0x00000000800037e4 (0xff9ff06f) j       pc - 0x8
core   0: 3 0x00000000800037e4 (0xff9ff06f)
core   0: 0x00000000800037dc (0x00001397) auipc   t2, 0x1
core   0: 3 0x00000000800037dc (0x00001397) x7  0x00000000800047dc
core   0: 0x00000000800037e0 (0x8213a223) sw      ra, -2012(t2)
core   0: 3 0x00000000800037e0 (0x8213a223) mem 0x0000000080004000 0x00000001
core   0: 0x00000000800037e4 (0xff9ff06f) j       pc - 0x8
core   0: 3 0x00000000800037e4 (0xff9ff06f)
core   0: 0x00000000800037dc (0x00001397) auipc   t2, 0x1
core   0: 3 0x00000000800037dc (0x00001397) x7  0x00000000800047dc
core   0: 0x00000000800037e0 (0x8213a223) sw      ra, -2012(t2)
core   0: 3 0x00000000800037e0 (0x8213a223) mem 0x0000000080004000 0x00000001
core   0: 0x00000000800037e4 (0xff9ff06f) j       pc - 0x8
core   0: 3 0x00000000800037e4 (0xff9ff06f)
core   0: 0x00000000800037dc (0x00001397) auipc   t2, 0x1
core   0: 3 0x00000000800037dc (0x00001397) x7  0x00000000800047dc
core   0: 0x00000000800037e0 (0x8213a223) sw      ra, -2012(t2)
core   0: 3 0x00000000800037e0 (0x8213a223) mem 0x0000000080004000 0x00000001
core   0: 0x00000000800037e4 (0xff9ff06f) j       pc - 0x8
core   0: 3 0x00000000800037e4 (0xff9ff06f)
core   0: 0x00000000800037dc (0x00001397) auipc   t2, 0x1
core   0: 3 0x00000000800037dc (0x00001397) x7  0x00000000800047dc
core   0: 0x00000000800037e0 (0x8213a223) sw      ra, -2012(t2)
core   0: 3 0x00000000800037e0 (0x8213a223) mem 0x0000000080004000 0x00000001
core   0: 0x00000000800037e4 (0xff9ff06f) j       pc - 0x8
core   0: 3 0x00000000800037e4 (0xff9ff06f)
core   0: 0x00000000800037dc (0x00001397) auipc   t2, 0x1
core   0: 3 0x00000000800037dc (0x00001397) x7  0x00000000800047dc
core   0: 0x00000000800037e0 (0x8213a223) sw      ra, -2012(t2)
core   0: 3 0x00000000800037e0 (0x8213a223) mem 0x0000000080004000 0x00000001
core   0: 0x00000000800037e4 (0xff9ff06f) j       pc - 0x8
core   0: 3 0x00000000800037e4 (0xff9ff06f)
core   0: 0x00000000800037dc (0x00001397) auipc   t2, 0x1
core   0: 3 0x00000000800037dc (0x00001397) x7  0x00000000800047dc
core   0: 0x00000000800037e0 (0x8213a223) sw      ra, -2012(t2)
core   0: 3 0x00000000800037e0 (0x8213a223) mem 0x0000000080004000 0x00000001
core   0: 0x00000000800037e4 (0xff9ff06f) j       pc - 0x8
core   0: 3 0x00000000800037e4 (0xff9ff06f)
core   0: 0x00000000800037dc (0x00001397) auipc   t2, 0x1
core   0: 3 0x00000000800037dc (0x00001397) x7  0x00000000800047dc
core   0: 0x00000000800037e0 (0x8213a223) sw      ra, -2012(t2)
core   0: 3 0x00000000800037e0 (0x8213a223) mem 0x0000000080004000 0x00000001
core   0: 0x00000000800037e4 (0xff9ff06f) j       pc - 0x8
core   0: 3 0x00000000800037e4 (0xff9ff06f)
core   0: 0x00000000800037dc (0x00001397) auipc   t2, 0x1
core   0: 3 0x00000000800037dc (0x00001397) x7  0x00000000800047dc
core   0: 0x00000000800037e0 (0x8213a223) sw      ra, -2012(t2)
core   0: 3 0x00000000800037e0 (0x8213a223) mem 0x0000000080004000 0x00000001
core   0: 0x00000000800037e4 (0xff9ff06f) j       pc - 0x8
core   0: 3 0x00000000800037e4 (0xff9ff06f)
core   0: 0x00000000800037dc (0x00001397) auipc   t2, 0x1
core   0: 3 0x00000000800037dc (0x00001397) x7  0x00000000800047dc
core   0: 0x00000000800037e0 (0x8213a223) sw      ra, -2012(t2)
core   0: 3 0x00000000800037e0 (0x8213a223) mem 0x0000000080004000 0x00000001
core   0: 0x00000000800037e4 (0xff9ff06f) j       pc - 0x8
core   0: 3 0x00000000800037e4 (0xff9ff06f)
core   0: 0x00000000800037dc (0x00001397) auipc   t2, 0x1
core   0: 3 0x00000000800037dc (0x00001397) x7  0x00000000800047dc
core   0: 0x00000000800037e0 (0x8213a223) sw      ra, -2012(t2)
core   0: 3 0x00000000800037e0 (0x8213a223) mem 0x0000000080004000 0x00000001
core   0: 0x00000000800037e4 (0xff9ff06f) j       pc - 0x8
core   0: 3 0x00000000800037e4 (0xff9ff06f)
core   0: 0x00000000800037dc (0x00001397) auipc   t2, 0x1
core   0: 3 0x00000000800037dc (0x00001397) x7  0x00000000800047dc
core   0: 0x00000000800037e0 (0x8213a223) sw      ra, -2012(t2)
core   0: 3 0x00000000800037e0 (0x8213a223) mem 0x0000000080004000 0x00000001
core   0: 0x00000000800037e4 (0xff9ff06f) j       pc - 0x8
core   0: 3 0x00000000800037e4 (0xff9ff06f)
core   0: 0x00000000800037dc (0x00001397) auipc   t2, 0x1
core   0: 3 0x00000000800037dc (0x00001397) x7  0x00000000800047dc
core   0: 0x00000000800037e0 (0x8213a223) sw      ra, -2012(t2)
core   0: 3 0x00000000800037e0 (0x8213a223) mem 0x0000000080004000 0x00000001
core   0: 0x00000000800037e4 (0xff9ff06f) j       pc - 0x8
core   0: 3 0x00000000800037e4 (0xff9ff06f)
core   0: 0x00000000800037dc (0x00001397) auipc   t2, 0x1
core   0: 3 0x00000000800037dc (0x00001397) x7  0x00000000800047dc
core   0: 0x00000000800037e0 (0x8213a223) sw      ra, -2012(t2)
core   0: 3 0x00000000800037e0 (0x8213a223) mem 0x0000000080004000 0x00000001
core   0: 0x00000000800037e4 (0xff9ff06f) j       pc - 0x8
core   0: 3 0x00000000800037e4 (0xff9ff06f)
core   0: 0x00000000800037dc (0x00001397) auipc   t2, 0x1
core   0: 3 0x00000000800037dc (0x00001397) x7  0x00000000800047dc
core   0: 0x00000000800037e0 (0x8213a223) sw      ra, -2012(t2)
core   0: 3 0x00000000800037e0 (0x8213a223) mem 0x0000000080004000 0x00000001
core   0: 0x00000000800037e4 (0xff9ff06f) j       pc - 0x8
core   0: 3 0x00000000800037e4 (0xff9ff06f)
core   0: 0x00000000800037dc (0x00001397) auipc   t2, 0x1
core   0: 3 0x00000000800037dc (0x00001397) x7  0x00000000800047dc
core   0: 0x00000000800037e0 (0x8213a223) sw      ra, -2012(t2)
core   0: 3 0x00000000800037e0 (0x8213a223) mem 0x0000000080004000 0x00000001
core   0: 0x00000000800037e4 (0xff9ff06f) j       pc - 0x8
core   0: 3 0x00000000800037e4 (0xff9ff06f)
core   0: 0x00000000800037dc (0x00001397) auipc   t2, 0x1
core   0: 3 0x00000000800037dc (0x00001397) x7  0x00000000800047dc
core   0: 0x00000000800037e0 (0x8213a223) sw      ra, -2012(t2)
core   0: 3 0x00000000800037e0 (0x8213a223) mem 0x0000000080004000 0x00000001
core   0: 0x00000000800037e4 (0xff9ff06f) j       pc - 0x8
core   0: 3 0x00000000800037e4 (0xff9ff06f)
core   0: 0x00000000800037dc (0x00001397) auipc   t2, 0x1
core   0: 3 0x00000000800037dc (0x00001397) x7  0x00000000800047dc
core   0: 0x00000000800037e0 (0x8213a223) sw      ra, -2012(t2)
core   0: 3 0x00000000800037e0 (0x8213a223) mem 0x0000000080004000 0x00000001
core   0: 0x00000000800037e4 (0xff9ff06f) j       pc - 0x8
core   0: 3 0x00000000800037e4 (0xff9ff06f)
core   0: 0x00000000800037dc (0x00001397) auipc   t2, 0x1
core   0: 3 0x00000000800037dc (0x00001397) x7  0x00000000800047dc
core   0: 0x00000000800037e0 (0x8213a223) sw      ra, -2012(t2)
core   0: 3 0x00000000800037e0 (0x8213a223) mem 0x0000000080004000 0x00000001
core   0: 0x00000000800037e4 (0xff9ff06f) j       pc - 0x8
core   0: 3 0x00000000800037e4 (0xff9ff06f)
core   0: 0x00000000800037dc (0x00001397) auipc   t2, 0x1
core   0: 3 0x00000000800037dc (0x00001397) x7  0x00000000800047dc
core   0: 0x00000000800037e0 (0x8213a223) sw      ra, -2012(t2)
core   0: 3 0x00000000800037e0 (0x8213a223) mem 0x0000000080004000 0x00000001
core   0: 0x00000000800037e4 (0xff9ff06f) j       pc - 0x8
core   0: 3 0x00000000800037e4 (0xff9ff06f)
core   0: 0x00000000800037dc (0x00001397) auipc   t2, 0x1
core   0: 3 0x00000000800037dc (0x00001397) x7  0x00000000800047dc
core   0: 0x00000000800037e0 (0x8213a223) sw      ra, -2012(t2)
core   0: 3 0x00000000800037e0 (0x8213a223) mem 0x0000000080004000 0x00000001
core   0: 0x00000000800037e4 (0xff9ff06f) j       pc - 0x8
core   0: 3 0x00000000800037e4 (0xff9ff06f)
core   0: 0x00000000800037dc (0x00001397) auipc   t2, 0x1
core   0: 3 0x00000000800037dc (0x00001397) x7  0x00000000800047dc
core   0: 0x00000000800037e0 (0x8213a223) sw      ra, -2012(t2)
core   0: 3 0x00000000800037e0 (0x8213a223) mem 0x0000000080004000 0x00000001
core   0: 0x00000000800037e4 (0xff9ff06f) j       pc - 0x8
core   0: 3 0x00000000800037e4 (0xff9ff06f)
core   0: 0x00000000800037dc (0x00001397) auipc   t2, 0x1
core   0: 3 0x00000000800037dc (0x00001397) x7  0x00000000800047dc
core   0: 0x00000000800037e0 (0x8213a223) sw      ra, -2012(t2)
core   0: 3 0x00000000800037e0 (0x8213a223) mem 0x0000000080004000 0x00000001
core   0: 0x00000000800037e4 (0xff9ff06f) j       pc - 0x8
core   0: 3 0x00000000800037e4 (0xff9ff06f)
core   0: 0x00000000800037dc (0x00001397) auipc   t2, 0x1
core   0: 3 0x00000000800037dc (0x00001397) x7  0x00000000800047dc
core   0: 0x00000000800037e0 (0x8213a223) sw      ra, -2012(t2)
core   0: 3 0x00000000800037e0 (0x8213a223) mem 0x0000000080004000 0x00000001
core   0: 0x00000000800037e4 (0xff9ff06f) j       pc - 0x8
core   0: 3 0x00000000800037e4 (0xff9ff06f)
core   0: 0x00000000800037dc (0x00001397) auipc   t2, 0x1
core   0: 3 0x00000000800037dc (0x00001397) x7  0x00000000800047dc
core   0: 0x00000000800037e0 (0x8213a223) sw      ra, -2012(t2)
core   0: 3 0x00000000800037e0 (0x8213a223) mem 0x0000000080004000 0x00000001
core   0: 0x00000000800037e4 (0xff9ff06f) j       pc - 0x8
core   0: 3 0x00000000800037e4 (0xff9ff06f)
core   0: 0x00000000800037dc (0x00001397) auipc   t2, 0x1
core   0: 3 0x00000000800037dc (0x00001397) x7  0x00000000800047dc
core   0: 0x00000000800037e0 (0x8213a223) sw      ra, -2012(t2)
core   0: 3 0x00000000800037e0 (0x8213a223) mem 0x0000000080004000 0x00000001
core   0: 0x00000000800037e4 (0xff9ff06f) j       pc - 0x8
core   0: 3 0x00000000800037e4 (0xff9ff06f)
core   0: 0x00000000800037dc (0x00001397) auipc   t2, 0x1
core   0: 3 0x00000000800037dc (0x00001397) x7  0x00000000800047dc
core   0: 0x00000000800037e0 (0x8213a223) sw      ra, -2012(t2)
core   0: 3 0x00000000800037e0 (0x8213a223) mem 0x0000000080004000 0x00000001
core   0: 0x00000000800037e4 (0xff9ff06f) j       pc - 0x8
core   0: 3 0x00000000800037e4 (0xff9ff06f)
core   0: 0x00000000800037dc (0x00001397) auipc   t2, 0x1
core   0: 3 0x00000000800037dc (0x00001397) x7  0x00000000800047dc
core   0: 0x00000000800037e0 (0x8213a223) sw      ra, -2012(t2)
core   0: 3 0x00000000800037e0 (0x8213a223) mem 0x0000000080004000 0x00000001
core   0: 0x00000000800037e4 (0xff9ff06f) j       pc - 0x8
core   0: 3 0x00000000800037e4 (0xff9ff06f)
core   0: 0x00000000800037dc (0x00001397) auipc   t2, 0x1
core   0: 3 0x00000000800037dc (0x00001397) x7  0x00000000800047dc
core   0: 0x00000000800037e0 (0x8213a223) sw      ra, -2012(t2)
core   0: 3 0x00000000800037e0 (0x8213a223) mem 0x0000000080004000 0x00000001
core   0: 0x00000000800037e4 (0xff9ff06f) j       pc - 0x8
core   0: 3 0x00000000800037e4 (0xff9ff06f)
core   0: 0x00000000800037dc (0x00001397) auipc   t2, 0x1
core   0: 3 0x00000000800037dc (0x00001397) x7  0x00000000800047dc
core   0: 0x00000000800037e0 (0x8213a223) sw      ra, -2012(t2)
core   0: 3 0x00000000800037e0 (0x8213a223) mem 0x0000000080004000 0x00000001
core   0: 0x00000000800037e4 (0xff9ff06f) j       pc - 0x8
core   0: 3 0x00000000800037e4 (0xff9ff06f)
core   0: 0x00000000800037dc (0x00001397) auipc   t2, 0x1
core   0: 3 0x00000000800037dc (0x00001397) x7  0x00000000800047dc
core   0: 0x00000000800037e0 (0x8213a223) sw      ra, -2012(t2)
core   0: 3 0x00000000800037e0 (0x8213a223) mem 0x0000000080004000 0x00000001
core   0: 0x00000000800037e4 (0xff9ff06f) j       pc - 0x8
core   0: 3 0x00000000800037e4 (0xff9ff06f)
core   0: 0x00000000800037dc (0x00001397) auipc   t2, 0x1
core   0: 3 0x00000000800037dc (0x00001397) x7  0x00000000800047dc
core   0: 0x00000000800037e0 (0x8213a223) sw      ra, -2012(t2)
core   0: 3 0x00000000800037e0 (0x8213a223) mem 0x0000000080004000 0x00000001
core   0: 0x00000000800037e4 (0xff9ff06f) j       pc - 0x8
core   0: 3 0x00000000800037e4 (0xff9ff06f)
core   0: 0x00000000800037dc (0x00001397) auipc   t2, 0x1
core   0: 3 0x00000000800037dc (0x00001397) x7  0x00000000800047dc
core   0: 0x00000000800037e0 (0x8213a223) sw      ra, -2012(t2)
core   0: 3 0x00000000800037e0 (0x8213a223) mem 0x0000000080004000 0x00000001
core   0: 0x00000000800037e4 (0xff9ff06f) j       pc - 0x8
core   0: 3 0x00000000800037e4 (0xff9ff06f)
core   0: 0x00000000800037dc (0x00001397) auipc   t2, 0x1
core   0: 3 0x00000000800037dc (0x00001397) x7  0x00000000800047dc
core   0: 0x00000000800037e0 (0x8213a223) sw      ra, -2012(t2)
core   0: 3 0x00000000800037e0 (0x8213a223) mem 0x0000000080004000 0x00000001
core   0: 0x00000000800037e4 (0xff9ff06f) j       pc - 0x8
core   0: 3 0x00000000800037e4 (0xff9ff06f)
core   0: 0x00000000800037dc (0x00001397) auipc   t2, 0x1
core   0: 3 0x00000000800037dc (0x00001397) x7  0x00000000800047dc
core   0: 0x00000000800037e0 (0x8213a223) sw      ra, -2012(t2)
core   0: 3 0x00000000800037e0 (0x8213a223) mem 0x0000000080004000 0x00000001
core   0: 0x00000000800037e4 (0xff9ff06f) j       pc - 0x8
core   0: 3 0x00000000800037e4 (0xff9ff06f)
core   0: 0x00000000800037dc (0x00001397) auipc   t2, 0x1
core   0: 3 0x00000000800037dc (0x00001397) x7  0x00000000800047dc
core   0: 0x00000000800037e0 (0x8213a223) sw      ra, -2012(t2)
core   0: 3 0x00000000800037e0 (0x8213a223) mem 0x0000000080004000 0x00000001
core   0: 0x00000000800037e4 (0xff9ff06f) j       pc - 0x8
core   0: 3 0x00000000800037e4 (0xff9ff06f)
core   0: 0x00000000800037dc (0x00001397) auipc   t2, 0x1
core   0: 3 0x00000000800037dc (0x00001397) x7  0x00000000800047dc
core   0: 0x00000000800037e0 (0x8213a223) sw      ra, -2012(t2)
core   0: 3 0x00000000800037e0 (0x8213a223) mem 0x0000000080004000 0x00000001
core   0: 0x00000000800037e4 (0xff9ff06f) j       pc - 0x8
core   0: 3 0x00000000800037e4 (0xff9ff06f)
core   0: 0x00000000800037dc (0x00001397) auipc   t2, 0x1
core   0: 3 0x00000000800037dc (0x00001397) x7  0x00000000800047dc
core   0: 0x00000000800037e0 (0x8213a223) sw      ra, -2012(t2)
core   0: 3 0x00000000800037e0 (0x8213a223) mem 0x0000000080004000 0x00000001
core   0: 0x00000000800037e4 (0xff9ff06f) j       pc - 0x8
core   0: 3 0x00000000800037e4 (0xff9ff06f)
core   0: 0x00000000800037dc (0x00001397) auipc   t2, 0x1
core   0: 3 0x00000000800037dc (0x00001397) x7  0x00000000800047dc
core   0: 0x00000000800037e0 (0x8213a223) sw      ra, -2012(t2)
core   0: 3 0x00000000800037e0 (0x8213a223) mem 0x0000000080004000 0x00000001
core   0: 0x00000000800037e4 (0xff9ff06f) j       pc - 0x8
core   0: 3 0x00000000800037e4 (0xff9ff06f)
core   0: 0x00000000800037dc (0x00001397) auipc   t2, 0x1
core   0: 3 0x00000000800037dc (0x00001397) x7  0x00000000800047dc
core   0: 0x00000000800037e0 (0x8213a223) sw      ra, -2012(t2)
core   0: 3 0x00000000800037e0 (0x8213a223) mem 0x0000000080004000 0x00000001
core   0: 0x00000000800037e4 (0xff9ff06f) j       pc - 0x8
core   0: 3 0x00000000800037e4 (0xff9ff06f)
core   0: 0x00000000800037dc (0x00001397) auipc   t2, 0x1
core   0: 3 0x00000000800037dc (0x00001397) x7  0x00000000800047dc
core   0: 0x00000000800037e0 (0x8213a223) sw      ra, -2012(t2)
core   0: 3 0x00000000800037e0 (0x8213a223) mem 0x0000000080004000 0x00000001
core   0: 0x00000000800037e4 (0xff9ff06f) j       pc - 0x8
core   0: 3 0x00000000800037e4 (0xff9ff06f)
core   0: 0x00000000800037dc (0x00001397) auipc   t2, 0x1
core   0: 3 0x00000000800037dc (0x00001397) x7  0x00000000800047dc
core   0: 0x00000000800037e0 (0x8213a223) sw      ra, -2012(t2)
core   0: 3 0x00000000800037e0 (0x8213a223) mem 0x0000000080004000 0x00000001
core   0: 0x00000000800037e4 (0xff9ff06f) j       pc - 0x8
core   0: 3 0x00000000800037e4 (0xff9ff06f)
core   0: 0x00000000800037dc (0x00001397) auipc   t2, 0x1
core   0: 3 0x00000000800037dc (0x00001397) x7  0x00000000800047dc
core   0: 0x00000000800037e0 (0x8213a223) sw      ra, -2012(t2)
core   0: 3 0x00000000800037e0 (0x8213a223) mem 0x0000000080004000 0x00000001
core   0: 0x00000000800037e4 (0xff9ff06f) j       pc - 0x8
core   0: 3 0x00000000800037e4 (0xff9ff06f)
core   0: 0x00000000800037dc (0x00001397) auipc   t2, 0x1
core   0: 3 0x00000000800037dc (0x00001397) x7  0x00000000800047dc
core   0: 0x00000000800037e0 (0x8213a223) sw      ra, -2012(t2)
core   0: 3 0x00000000800037e0 (0x8213a223) mem 0x0000000080004000 0x00000001
core   0: 0x00000000800037e4 (0xff9ff06f) j       pc - 0x8
core   0: 3 0x00000000800037e4 (0xff9ff06f)
core   0: 0x00000000800037dc (0x00001397) auipc   t2, 0x1
core   0: 3 0x00000000800037dc (0x00001397) x7  0x00000000800047dc
core   0: 0x00000000800037e0 (0x8213a223) sw      ra, -2012(t2)
core   0: 3 0x00000000800037e0 (0x8213a223) mem 0x0000000080004000 0x00000001
core   0: 0x00000000800037e4 (0xff9ff06f) j       pc - 0x8
core   0: 3 0x00000000800037e4 (0xff9ff06f)
core   0: 0x00000000800037dc (0x00001397) auipc   t2, 0x1
core   0: 3 0x00000000800037dc (0x00001397) x7  0x00000000800047dc
core   0: 0x00000000800037e0 (0x8213a223) sw      ra, -2012(t2)
core   0: 3 0x00000000800037e0 (0x8213a223) mem 0x0000000080004000 0x00000001
core   0: 0x00000000800037e4 (0xff9ff06f) j       pc - 0x8
core   0: 3 0x00000000800037e4 (0xff9ff06f)
core   0: 0x00000000800037dc (0x00001397) auipc   t2, 0x1
core   0: 3 0x00000000800037dc (0x00001397) x7  0x00000000800047dc
core   0: 0x00000000800037e0 (0x8213a223) sw      ra, -2012(t2)
core   0: 3 0x00000000800037e0 (0x8213a223) mem 0x0000000080004000 0x00000001
core   0: 0x00000000800037e4 (0xff9ff06f) j       pc - 0x8
core   0: 3 0x00000000800037e4 (0xff9ff06f)
core   0: 0x00000000800037dc (0x00001397) auipc   t2, 0x1
core   0: 3 0x00000000800037dc (0x00001397) x7  0x00000000800047dc
core   0: 0x00000000800037e0 (0x8213a223) sw      ra, -2012(t2)
core   0: 3 0x00000000800037e0 (0x8213a223) mem 0x0000000080004000 0x00000001
core   0: 0x00000000800037e4 (0xff9ff06f) j       pc - 0x8
core   0: 3 0x00000000800037e4 (0xff9ff06f)
core   0: 0x00000000800037dc (0x00001397) auipc   t2, 0x1
core   0: 3 0x00000000800037dc (0x00001397) x7  0x00000000800047dc
core   0: 0x00000000800037e0 (0x8213a223) sw      ra, -2012(t2)
core   0: 3 0x00000000800037e0 (0x8213a223) mem 0x0000000080004000 0x00000001
core   0: 0x00000000800037e4 (0xff9ff06f) j       pc - 0x8
core   0: 3 0x00000000800037e4 (0xff9ff06f)
core   0: 0x00000000800037dc (0x00001397) auipc   t2, 0x1
core   0: 3 0x00000000800037dc (0x00001397) x7  0x00000000800047dc
core   0: 0x00000000800037e0 (0x8213a223) sw      ra, -2012(t2)
core   0: 3 0x00000000800037e0 (0x8213a223) mem 0x0000000080004000 0x00000001
core   0: 0x00000000800037e4 (0xff9ff06f) j       pc - 0x8
core   0: 3 0x00000000800037e4 (0xff9ff06f)
core   0: 0x00000000800037dc (0x00001397) auipc   t2, 0x1
core   0: 3 0x00000000800037dc (0x00001397) x7  0x00000000800047dc
core   0: 0x00000000800037e0 (0x8213a223) sw      ra, -2012(t2)
core   0: 3 0x00000000800037e0 (0x8213a223) mem 0x0000000080004000 0x00000001
core   0: 0x00000000800037e4 (0xff9ff06f) j       pc - 0x8
core   0: 3 0x00000000800037e4 (0xff9ff06f)
core   0: 0x00000000800037dc (0x00001397) auipc   t2, 0x1
core   0: 3 0x00000000800037dc (0x00001397) x7  0x00000000800047dc
core   0: 0x00000000800037e0 (0x8213a223) sw      ra, -2012(t2)
core   0: 3 0x00000000800037e0 (0x8213a223) mem 0x0000000080004000 0x00000001
core   0: 0x00000000800037e4 (0xff9ff06f) j       pc - 0x8
core   0: 3 0x00000000800037e4 (0xff9ff06f)
core   0: 0x00000000800037dc (0x00001397) auipc   t2, 0x1
core   0: 3 0x00000000800037dc (0x00001397) x7  0x00000000800047dc
core   0: 0x00000000800037e0 (0x8213a223) sw      ra, -2012(t2)
core   0: 3 0x00000000800037e0 (0x8213a223) mem 0x0000000080004000 0x00000001
core   0: 0x00000000800037e4 (0xff9ff06f) j       pc - 0x8
core   0: 3 0x00000000800037e4 (0xff9ff06f)
core   0: 0x00000000800037dc (0x00001397) auipc   t2, 0x1
core   0: 3 0x00000000800037dc (0x00001397) x7  0x00000000800047dc
core   0: 0x00000000800037e0 (0x8213a223) sw      ra, -2012(t2)
core   0: 3 0x00000000800037e0 (0x8213a223) mem 0x0000000080004000 0x00000001
core   0: 0x00000000800037e4 (0xff9ff06f) j       pc - 0x8
core   0: 3 0x00000000800037e4 (0xff9ff06f)
core   0: 0x00000000800037dc (0x00001397) auipc   t2, 0x1
core   0: 3 0x00000000800037dc (0x00001397) x7  0x00000000800047dc
core   0: 0x00000000800037e0 (0x8213a223) sw      ra, -2012(t2)
core   0: 3 0x00000000800037e0 (0x8213a223) mem 0x0000000080004000 0x00000001
core   0: 0x00000000800037e4 (0xff9ff06f) j       pc - 0x8
core   0: 3 0x00000000800037e4 (0xff9ff06f)
core   0: 0x00000000800037dc (0x00001397) auipc   t2, 0x1
core   0: 3 0x00000000800037dc (0x00001397) x7  0x00000000800047dc
core   0: 0x00000000800037e0 (0x8213a223) sw      ra, -2012(t2)
core   0: 3 0x00000000800037e0 (0x8213a223) mem 0x0000000080004000 0x00000001
core   0: 0x00000000800037e4 (0xff9ff06f) j       pc - 0x8
core   0: 3 0x00000000800037e4 (0xff9ff06f)
core   0: 0x00000000800037dc (0x00001397) auipc   t2, 0x1
core   0: 3 0x00000000800037dc (0x00001397) x7  0x00000000800047dc
core   0: 0x00000000800037e0 (0x8213a223) sw      ra, -2012(t2)
core   0: 3 0x00000000800037e0 (0x8213a223) mem 0x0000000080004000 0x00000001
core   0: 0x00000000800037e4 (0xff9ff06f) j       pc - 0x8
core   0: 3 0x00000000800037e4 (0xff9ff06f)
core   0: 0x00000000800037dc (0x00001397) auipc   t2, 0x1
core   0: 3 0x00000000800037dc (0x00001397) x7  0x00000000800047dc
core   0: 0x00000000800037e0 (0x8213a223) sw      ra, -2012(t2)
core   0: 3 0x00000000800037e0 (0x8213a223) mem 0x0000000080004000 0x00000001
core   0: 0x00000000800037e4 (0xff9ff06f) j       pc - 0x8
core   0: 3 0x00000000800037e4 (0xff9ff06f)
core   0: 0x00000000800037dc (0x00001397) auipc   t2, 0x1
core   0: 3 0x00000000800037dc (0x00001397) x7  0x00000000800047dc
core   0: 0x00000000800037e0 (0x8213a223) sw      ra, -2012(t2)
core   0: 3 0x00000000800037e0 (0x8213a223) mem 0x0000000080004000 0x00000001
core   0: 0x00000000800037e4 (0xff9ff06f) j       pc - 0x8
core   0: 3 0x00000000800037e4 (0xff9ff06f)
core   0: 0x00000000800037dc (0x00001397) auipc   t2, 0x1
core   0: 3 0x00000000800037dc (0x00001397) x7  0x00000000800047dc
core   0: 0x00000000800037e0 (0x8213a223) sw      ra, -2012(t2)
core   0: 3 0x00000000800037e0 (0x8213a223) mem 0x0000000080004000 0x00000001
core   0: 0x00000000800037e4 (0xff9ff06f) j       pc - 0x8
core   0: 3 0x00000000800037e4 (0xff9ff06f)
core   0: 0x00000000800037dc (0x00001397) auipc   t2, 0x1
core   0: 3 0x00000000800037dc (0x00001397) x7  0x00000000800047dc
core   0: 0x00000000800037e0 (0x8213a223) sw      ra, -2012(t2)
core   0: 3 0x00000000800037e0 (0x8213a223) mem 0x0000000080004000 0x00000001
core   0: 0x00000000800037e4 (0xff9ff06f) j       pc - 0x8
core   0: 3 0x00000000800037e4 (0xff9ff06f)
core   0: 0x00000000800037dc (0x00001397) auipc   t2, 0x1
core   0: 3 0x00000000800037dc (0x00001397) x7  0x00000000800047dc
core   0: 0x00000000800037e0 (0x8213a223) sw      ra, -2012(t2)
core   0: 3 0x00000000800037e0 (0x8213a223) mem 0x0000000080004000 0x00000001
core   0: 0x00000000800037e4 (0xff9ff06f) j       pc - 0x8
core   0: 3 0x00000000800037e4 (0xff9ff06f)
core   0: 0x00000000800037dc (0x00001397) auipc   t2, 0x1
core   0: 3 0x00000000800037dc (0x00001397) x7  0x00000000800047dc
core   0: 0x00000000800037e0 (0x8213a223) sw      ra, -2012(t2)
core   0: 3 0x00000000800037e0 (0x8213a223) mem 0x0000000080004000 0x00000001
core   0: 0x00000000800037e4 (0xff9ff06f) j       pc - 0x8
core   0: 3 0x00000000800037e4 (0xff9ff06f)
core   0: 0x00000000800037dc (0x00001397) auipc   t2, 0x1
core   0: 3 0x00000000800037dc (0x00001397) x7  0x00000000800047dc
core   0: 0x00000000800037e0 (0x8213a223) sw      ra, -2012(t2)
core   0: 3 0x00000000800037e0 (0x8213a223) mem 0x0000000080004000 0x00000001
core   0: 0x00000000800037e4 (0xff9ff06f) j       pc - 0x8
core   0: 3 0x00000000800037e4 (0xff9ff06f)
core   0: 0x00000000800037dc (0x00001397) auipc   t2, 0x1
core   0: 3 0x00000000800037dc (0x00001397) x7  0x00000000800047dc
core   0: 0x00000000800037e0 (0x8213a223) sw      ra, -2012(t2)
core   0: 3 0x00000000800037e0 (0x8213a223) mem 0x0000000080004000 0x00000001
core   0: 0x00000000800037e4 (0xff9ff06f) j       pc - 0x8
core   0: 3 0x00000000800037e4 (0xff9ff06f)
core   0: 0x00000000800037dc (0x00001397) auipc   t2, 0x1
core   0: 3 0x00000000800037dc (0x00001397) x7  0x00000000800047dc
core   0: 0x00000000800037e0 (0x8213a223) sw      ra, -2012(t2)
core   0: 3 0x00000000800037e0 (0x8213a223) mem 0x0000000080004000 0x00000001
core   0: 0x00000000800037e4 (0xff9ff06f) j       pc - 0x8
core   0: 3 0x00000000800037e4 (0xff9ff06f)
core   0: 0x00000000800037dc (0x00001397) auipc   t2, 0x1
core   0: 3 0x00000000800037dc (0x00001397) x7  0x00000000800047dc
core   0: 0x00000000800037e0 (0x8213a223) sw      ra, -2012(t2)
core   0: 3 0x00000000800037e0 (0x8213a223) mem 0x0000000080004000 0x00000001
core   0: 0x00000000800037e4 (0xff9ff06f) j       pc - 0x8
core   0: 3 0x00000000800037e4 (0xff9ff06f)
core   0: 0x00000000800037dc (0x00001397) auipc   t2, 0x1
core   0: 3 0x00000000800037dc (0x00001397) x7  0x00000000800047dc
core   0: 0x00000000800037e0 (0x8213a223) sw      ra, -2012(t2)
core   0: 3 0x00000000800037e0 (0x8213a223) mem 0x0000000080004000 0x00000001
core   0: 0x00000000800037e4 (0xff9ff06f) j       pc - 0x8
core   0: 3 0x00000000800037e4 (0xff9ff06f)
core   0: 0x00000000800037dc (0x00001397) auipc   t2, 0x1
core   0: 3 0x00000000800037dc (0x00001397) x7  0x00000000800047dc
core   0: 0x00000000800037e0 (0x8213a223) sw      ra, -2012(t2)
core   0: 3 0x00000000800037e0 (0x8213a223) mem 0x0000000080004000 0x00000001
core   0: 0x00000000800037e4 (0xff9ff06f) j       pc - 0x8
core   0: 3 0x00000000800037e4 (0xff9ff06f)
core   0: 0x00000000800037dc (0x00001397) auipc   t2, 0x1
core   0: 3 0x00000000800037dc (0x00001397) x7  0x00000000800047dc
core   0: 0x00000000800037e0 (0x8213a223) sw      ra, -2012(t2)
core   0: 3 0x00000000800037e0 (0x8213a223) mem 0x0000000080004000 0x00000001
core   0: 0x00000000800037e4 (0xff9ff06f) j       pc - 0x8
core   0: 3 0x00000000800037e4 (0xff9ff06f)
core   0: 0x00000000800037dc (0x00001397) auipc   t2, 0x1
core   0: 3 0x00000000800037dc (0x00001397) x7  0x00000000800047dc
core   0: 0x00000000800037e0 (0x8213a223) sw      ra, -2012(t2)
core   0: 3 0x00000000800037e0 (0x8213a223) mem 0x0000000080004000 0x00000001
core   0: 0x00000000800037e4 (0xff9ff06f) j       pc - 0x8
core   0: 3 0x00000000800037e4 (0xff9ff06f)
core   0: 0x00000000800037dc (0x00001397) auipc   t2, 0x1
core   0: 3 0x00000000800037dc (0x00001397) x7  0x00000000800047dc
core   0: 0x00000000800037e0 (0x8213a223) sw      ra, -2012(t2)
core   0: 3 0x00000000800037e0 (0x8213a223) mem 0x0000000080004000 0x00000001
core   0: 0x00000000800037e4 (0xff9ff06f) j       pc - 0x8
core   0: 3 0x00000000800037e4 (0xff9ff06f)
core   0: 0x00000000800037dc (0x00001397) auipc   t2, 0x1
core   0: 3 0x00000000800037dc (0x00001397) x7  0x00000000800047dc
core   0: 0x00000000800037e0 (0x8213a223) sw      ra, -2012(t2)
core   0: 3 0x00000000800037e0 (0x8213a223) mem 0x0000000080004000 0x00000001
core   0: 0x00000000800037e4 (0xff9ff06f) j       pc - 0x8
core   0: 3 0x00000000800037e4 (0xff9ff06f)
core   0: 0x00000000800037dc (0x00001397) auipc   t2, 0x1
core   0: 3 0x00000000800037dc (0x00001397) x7  0x00000000800047dc
core   0: 0x00000000800037e0 (0x8213a223) sw      ra, -2012(t2)
core   0: 3 0x00000000800037e0 (0x8213a223) mem 0x0000000080004000 0x00000001
core   0: 0x00000000800037e4 (0xff9ff06f) j       pc - 0x8
core   0: 3 0x00000000800037e4 (0xff9ff06f)
core   0: 0x00000000800037dc (0x00001397) auipc   t2, 0x1
core   0: 3 0x00000000800037dc (0x00001397) x7  0x00000000800047dc
core   0: 0x00000000800037e0 (0x8213a223) sw      ra, -2012(t2)
core   0: 3 0x00000000800037e0 (0x8213a223) mem 0x0000000080004000 0x00000001
core   0: 0x00000000800037e4 (0xff9ff06f) j       pc - 0x8
core   0: 3 0x00000000800037e4 (0xff9ff06f)
core   0: 0x00000000800037dc (0x00001397) auipc   t2, 0x1
core   0: 3 0x00000000800037dc (0x00001397) x7  0x00000000800047dc
core   0: 0x00000000800037e0 (0x8213a223) sw      ra, -2012(t2)
core   0: 3 0x00000000800037e0 (0x8213a223) mem 0x0000000080004000 0x00000001
core   0: 0x00000000800037e4 (0xff9ff06f) j       pc - 0x8
core   0: 3 0x00000000800037e4 (0xff9ff06f)
core   0: 0x00000000800037dc (0x00001397) auipc   t2, 0x1
core   0: 3 0x00000000800037dc (0x00001397) x7  0x00000000800047dc
core   0: 0x00000000800037e0 (0x8213a223) sw      ra, -2012(t2)
core   0: 3 0x00000000800037e0 (0x8213a223) mem 0x0000000080004000 0x00000001
core   0: 0x00000000800037e4 (0xff9ff06f) j       pc - 0x8
core   0: 3 0x00000000800037e4 (0xff9ff06f)
core   0: 0x00000000800037dc (0x00001397) auipc   t2, 0x1
core   0: 3 0x00000000800037dc (0x00001397) x7  0x00000000800047dc
core   0: 0x00000000800037e0 (0x8213a223) sw      ra, -2012(t2)
core   0: 3 0x00000000800037e0 (0x8213a223) mem 0x0000000080004000 0x00000001
core   0: 0x00000000800037e4 (0xff9ff06f) j       pc - 0x8
core   0: 3 0x00000000800037e4 (0xff9ff06f)
core   0: 0x00000000800037dc (0x00001397) auipc   t2, 0x1
core   0: 3 0x00000000800037dc (0x00001397) x7  0x00000000800047dc
core   0: 0x00000000800037e0 (0x8213a223) sw      ra, -2012(t2)
core   0: 3 0x00000000800037e0 (0x8213a223) mem 0x0000000080004000 0x00000001
core   0: 0x00000000800037e4 (0xff9ff06f) j       pc - 0x8
core   0: 3 0x00000000800037e4 (0xff9ff06f)
core   0: 0x00000000800037dc (0x00001397) auipc   t2, 0x1
core   0: 3 0x00000000800037dc (0x00001397) x7  0x00000000800047dc
core   0: 0x00000000800037e0 (0x8213a223) sw      ra, -2012(t2)
core   0: 3 0x00000000800037e0 (0x8213a223) mem 0x0000000080004000 0x00000001
core   0: 0x00000000800037e4 (0xff9ff06f) j       pc - 0x8
core   0: 3 0x00000000800037e4 (0xff9ff06f)
core   0: 0x00000000800037dc (0x00001397) auipc   t2, 0x1
core   0: 3 0x00000000800037dc (0x00001397) x7  0x00000000800047dc
core   0: 0x00000000800037e0 (0x8213a223) sw      ra, -2012(t2)
core   0: 3 0x00000000800037e0 (0x8213a223) mem 0x0000000080004000 0x00000001
core   0: 0x00000000800037e4 (0xff9ff06f) j       pc - 0x8
core   0: 3 0x00000000800037e4 (0xff9ff06f)
core   0: 0x00000000800037dc (0x00001397) auipc   t2, 0x1
core   0: 3 0x00000000800037dc (0x00001397) x7  0x00000000800047dc
core   0: 0x00000000800037e0 (0x8213a223) sw      ra, -2012(t2)
core   0: 3 0x00000000800037e0 (0x8213a223) mem 0x0000000080004000 0x00000001
core   0: 0x00000000800037e4 (0xff9ff06f) j       pc - 0x8
core   0: 3 0x00000000800037e4 (0xff9ff06f)
core   0: 0x00000000800037dc (0x00001397) auipc   t2, 0x1
core   0: 3 0x00000000800037dc (0x00001397) x7  0x00000000800047dc
core   0: 0x00000000800037e0 (0x8213a223) sw      ra, -2012(t2)
core   0: 3 0x00000000800037e0 (0x8213a223) mem 0x0000000080004000 0x00000001
core   0: 0x00000000800037e4 (0xff9ff06f) j       pc - 0x8
core   0: 3 0x00000000800037e4 (0xff9ff06f)
core   0: 0x00000000800037dc (0x00001397) auipc   t2, 0x1
core   0: 3 0x00000000800037dc (0x00001397) x7  0x00000000800047dc
core   0: 0x00000000800037e0 (0x8213a223) sw      ra, -2012(t2)
core   0: 3 0x00000000800037e0 (0x8213a223) mem 0x0000000080004000 0x00000001
core   0: 0x00000000800037e4 (0xff9ff06f) j       pc - 0x8
core   0: 3 0x00000000800037e4 (0xff9ff06f)
core   0: 0x00000000800037dc (0x00001397) auipc   t2, 0x1
core   0: 3 0x00000000800037dc (0x00001397) x7  0x00000000800047dc
core   0: 0x00000000800037e0 (0x8213a223) sw      ra, -2012(t2)
core   0: 3 0x00000000800037e0 (0x8213a223) mem 0x0000000080004000 0x00000001
core   0: 0x00000000800037e4 (0xff9ff06f) j       pc - 0x8
core   0: 3 0x00000000800037e4 (0xff9ff06f)
core   0: 0x00000000800037dc (0x00001397) auipc   t2, 0x1
core   0: 3 0x00000000800037dc (0x00001397) x7  0x00000000800047dc
core   0: 0x00000000800037e0 (0x8213a223) sw      ra, -2012(t2)
core   0: 3 0x00000000800037e0 (0x8213a223) mem 0x0000000080004000 0x00000001
core   0: 0x00000000800037e4 (0xff9ff06f) j       pc - 0x8
core   0: 3 0x00000000800037e4 (0xff9ff06f)
core   0: 0x00000000800037dc (0x00001397) auipc   t2, 0x1
core   0: 3 0x00000000800037dc (0x00001397) x7  0x00000000800047dc
core   0: 0x00000000800037e0 (0x8213a223) sw      ra, -2012(t2)
core   0: 3 0x00000000800037e0 (0x8213a223) mem 0x0000000080004000 0x00000001
core   0: 0x00000000800037e4 (0xff9ff06f) j       pc - 0x8
core   0: 3 0x00000000800037e4 (0xff9ff06f)
core   0: 0x00000000800037dc (0x00001397) auipc   t2, 0x1
core   0: 3 0x00000000800037dc (0x00001397) x7  0x00000000800047dc
core   0: 0x00000000800037e0 (0x8213a223) sw      ra, -2012(t2)
core   0: 3 0x00000000800037e0 (0x8213a223) mem 0x0000000080004000 0x00000001
core   0: 0x00000000800037e4 (0xff9ff06f) j       pc - 0x8
core   0: 3 0x00000000800037e4 (0xff9ff06f)
core   0: 0x00000000800037dc (0x00001397) auipc   t2, 0x1
core   0: 3 0x00000000800037dc (0x00001397) x7  0x00000000800047dc
core   0: 0x00000000800037e0 (0x8213a223) sw      ra, -2012(t2)
core   0: 3 0x00000000800037e0 (0x8213a223) mem 0x0000000080004000 0x00000001
core   0: 0x00000000800037e4 (0xff9ff06f) j       pc - 0x8
core   0: 3 0x00000000800037e4 (0xff9ff06f)
core   0: 0x00000000800037dc (0x00001397) auipc   t2, 0x1
core   0: 3 0x00000000800037dc (0x00001397) x7  0x00000000800047dc
core   0: 0x00000000800037e0 (0x8213a223) sw      ra, -2012(t2)
core   0: 3 0x00000000800037e0 (0x8213a223) mem 0x0000000080004000 0x00000001
core   0: 0x00000000800037e4 (0xff9ff06f) j       pc - 0x8
core   0: 3 0x00000000800037e4 (0xff9ff06f)
core   0: 0x00000000800037dc (0x00001397) auipc   t2, 0x1
core   0: 3 0x00000000800037dc (0x00001397) x7  0x00000000800047dc
core   0: 0x00000000800037e0 (0x8213a223) sw      ra, -2012(t2)
core   0: 3 0x00000000800037e0 (0x8213a223) mem 0x0000000080004000 0x00000001
core   0: 0x00000000800037e4 (0xff9ff06f) j       pc - 0x8
core   0: 3 0x00000000800037e4 (0xff9ff06f)
core   0: 0x00000000800037dc (0x00001397) auipc   t2, 0x1
core   0: 3 0x00000000800037dc (0x00001397) x7  0x00000000800047dc
core   0: 0x00000000800037e0 (0x8213a223) sw      ra, -2012(t2)
core   0: 3 0x00000000800037e0 (0x8213a223) mem 0x0000000080004000 0x00000001
core   0: 0x00000000800037e4 (0xff9ff06f) j       pc - 0x8
core   0: 3 0x00000000800037e4 (0xff9ff06f)
core   0: 0x00000000800037dc (0x00001397) auipc   t2, 0x1
core   0: 3 0x00000000800037dc (0x00001397) x7  0x00000000800047dc
core   0: 0x00000000800037e0 (0x8213a223) sw      ra, -2012(t2)
core   0: 3 0x00000000800037e0 (0x8213a223) mem 0x0000000080004000 0x00000001
core   0: 0x00000000800037e4 (0xff9ff06f) j       pc - 0x8
core   0: 3 0x00000000800037e4 (0xff9ff06f)
core   0: 0x00000000800037dc (0x00001397) auipc   t2, 0x1
core   0: 3 0x00000000800037dc (0x00001397) x7  0x00000000800047dc
core   0: 0x00000000800037e0 (0x8213a223) sw      ra, -2012(t2)
core   0: 3 0x00000000800037e0 (0x8213a223) mem 0x0000000080004000 0x00000001
core   0: 0x00000000800037e4 (0xff9ff06f) j       pc - 0x8
core   0: 3 0x00000000800037e4 (0xff9ff06f)
core   0: 0x00000000800037dc (0x00001397) auipc   t2, 0x1
core   0: 3 0x00000000800037dc (0x00001397) x7  0x00000000800047dc
core   0: 0x00000000800037e0 (0x8213a223) sw      ra, -2012(t2)
core   0: 3 0x00000000800037e0 (0x8213a223) mem 0x0000000080004000 0x00000001
core   0: 0x00000000800037e4 (0xff9ff06f) j       pc - 0x8
core   0: 3 0x00000000800037e4 (0xff9ff06f)
core   0: 0x00000000800037dc (0x00001397) auipc   t2, 0x1
core   0: 3 0x00000000800037dc (0x00001397) x7  0x00000000800047dc
core   0: 0x00000000800037e0 (0x8213a223) sw      ra, -2012(t2)
core   0: 3 0x00000000800037e0 (0x8213a223) mem 0x0000000080004000 0x00000001
core   0: 0x00000000800037e4 (0xff9ff06f) j       pc - 0x8
core   0: 3 0x00000000800037e4 (0xff9ff06f)
core   0: 0x00000000800037dc (0x00001397) auipc   t2, 0x1
core   0: 3 0x00000000800037dc (0x00001397) x7  0x00000000800047dc
core   0: 0x00000000800037e0 (0x8213a223) sw      ra, -2012(t2)
core   0: 3 0x00000000800037e0 (0x8213a223) mem 0x0000000080004000 0x00000001
core   0: 0x00000000800037e4 (0xff9ff06f) j       pc - 0x8
core   0: 3 0x00000000800037e4 (0xff9ff06f)
core   0: 0x00000000800037dc (0x00001397) auipc   t2, 0x1
core   0: 3 0x00000000800037dc (0x00001397) x7  0x00000000800047dc
core   0: 0x00000000800037e0 (0x8213a223) sw      ra, -2012(t2)
core   0: 3 0x00000000800037e0 (0x8213a223) mem 0x0000000080004000 0x00000001
core   0: 0x00000000800037e4 (0xff9ff06f) j       pc - 0x8
core   0: 3 0x00000000800037e4 (0xff9ff06f)
core   0: 0x00000000800037dc (0x00001397) auipc   t2, 0x1
core   0: 3 0x00000000800037dc (0x00001397) x7  0x00000000800047dc
core   0: 0x00000000800037e0 (0x8213a223) sw      ra, -2012(t2)
core   0: 3 0x00000000800037e0 (0x8213a223) mem 0x0000000080004000 0x00000001
core   0: 0x00000000800037e4 (0xff9ff06f) j       pc - 0x8
core   0: 3 0x00000000800037e4 (0xff9ff06f)
core   0: 0x00000000800037dc (0x00001397) auipc   t2, 0x1
core   0: 3 0x00000000800037dc (0x00001397) x7  0x00000000800047dc
core   0: 0x00000000800037e0 (0x8213a223) sw      ra, -2012(t2)
core   0: 3 0x00000000800037e0 (0x8213a223) mem 0x0000000080004000 0x00000001
core   0: 0x00000000800037e4 (0xff9ff06f) j       pc - 0x8
core   0: 3 0x00000000800037e4 (0xff9ff06f)
core   0: 0x00000000800037dc (0x00001397) auipc   t2, 0x1
core   0: 3 0x00000000800037dc (0x00001397) x7  0x00000000800047dc
core   0: 0x00000000800037e0 (0x8213a223) sw      ra, -2012(t2)
core   0: 3 0x00000000800037e0 (0x8213a223) mem 0x0000000080004000 0x00000001
core   0: 0x00000000800037e4 (0xff9ff06f) j       pc - 0x8
core   0: 3 0x00000000800037e4 (0xff9ff06f)
core   0: 0x00000000800037dc (0x00001397) auipc   t2, 0x1
core   0: 3 0x00000000800037dc (0x00001397) x7  0x00000000800047dc
core   0: 0x00000000800037e0 (0x8213a223) sw      ra, -2012(t2)
core   0: 3 0x00000000800037e0 (0x8213a223) mem 0x0000000080004000 0x00000001
core   0: 0x00000000800037e4 (0xff9ff06f) j       pc - 0x8
core   0: 3 0x00000000800037e4 (0xff9ff06f)
core   0: 0x00000000800037dc (0x00001397) auipc   t2, 0x1
core   0: 3 0x00000000800037dc (0x00001397) x7  0x00000000800047dc
core   0: 0x00000000800037e0 (0x8213a223) sw      ra, -2012(t2)
core   0: 3 0x00000000800037e0 (0x8213a223) mem 0x0000000080004000 0x00000001
core   0: 0x00000000800037e4 (0xff9ff06f) j       pc - 0x8
core   0: 3 0x00000000800037e4 (0xff9ff06f)
core   0: 0x00000000800037dc (0x00001397) auipc   t2, 0x1
core   0: 3 0x00000000800037dc (0x00001397) x7  0x00000000800047dc
core   0: 0x00000000800037e0 (0x8213a223) sw      ra, -2012(t2)
core   0: 3 0x00000000800037e0 (0x8213a223) mem 0x0000000080004000 0x00000001
core   0: 0x00000000800037e4 (0xff9ff06f) j       pc - 0x8
core   0: 3 0x00000000800037e4 (0xff9ff06f)
core   0: 0x00000000800037dc (0x00001397) auipc   t2, 0x1
core   0: 3 0x00000000800037dc (0x00001397) x7  0x00000000800047dc
core   0: 0x00000000800037e0 (0x8213a223) sw      ra, -2012(t2)
core   0: 3 0x00000000800037e0 (0x8213a223) mem 0x0000000080004000 0x00000001
core   0: 0x00000000800037e4 (0xff9ff06f) j       pc - 0x8
core   0: 3 0x00000000800037e4 (0xff9ff06f)
core   0: 0x00000000800037dc (0x00001397) auipc   t2, 0x1
core   0: 3 0x00000000800037dc (0x00001397) x7  0x00000000800047dc
core   0: 0x00000000800037e0 (0x8213a223) sw      ra, -2012(t2)
core   0: 3 0x00000000800037e0 (0x8213a223) mem 0x0000000080004000 0x00000001
core   0: 0x00000000800037e4 (0xff9ff06f) j       pc - 0x8
core   0: 3 0x00000000800037e4 (0xff9ff06f)
core   0: 0x00000000800037dc (0x00001397) auipc   t2, 0x1
core   0: 3 0x00000000800037dc (0x00001397) x7  0x00000000800047dc
core   0: 0x00000000800037e0 (0x8213a223) sw      ra, -2012(t2)
core   0: 3 0x00000000800037e0 (0x8213a223) mem 0x0000000080004000 0x00000001
core   0: 0x00000000800037e4 (0xff9ff06f) j       pc - 0x8
core   0: 3 0x00000000800037e4 (0xff9ff06f)
core   0: 0x00000000800037dc (0x00001397) auipc   t2, 0x1
core   0: 3 0x00000000800037dc (0x00001397) x7  0x00000000800047dc
core   0: 0x00000000800037e0 (0x8213a223) sw      ra, -2012(t2)
core   0: 3 0x00000000800037e0 (0x8213a223) mem 0x0000000080004000 0x00000001
core   0: 0x00000000800037e4 (0xff9ff06f) j       pc - 0x8
core   0: 3 0x00000000800037e4 (0xff9ff06f)
core   0: 0x00000000800037dc (0x00001397) auipc   t2, 0x1
core   0: 3 0x00000000800037dc (0x00001397) x7  0x00000000800047dc
core   0: 0x00000000800037e0 (0x8213a223) sw      ra, -2012(t2)
core   0: 3 0x00000000800037e0 (0x8213a223) mem 0x0000000080004000 0x00000001
core   0: 0x00000000800037e4 (0xff9ff06f) j       pc - 0x8
core   0: 3 0x00000000800037e4 (0xff9ff06f)
core   0: 0x00000000800037dc (0x00001397) auipc   t2, 0x1
core   0: 3 0x00000000800037dc (0x00001397) x7  0x00000000800047dc
core   0: 0x00000000800037e0 (0x8213a223) sw      ra, -2012(t2)
core   0: 3 0x00000000800037e0 (0x8213a223) mem 0x0000000080004000 0x00000001
core   0: 0x00000000800037e4 (0xff9ff06f) j       pc - 0x8
core   0: 3 0x00000000800037e4 (0xff9ff06f)
core   0: 0x00000000800037dc (0x00001397) auipc   t2, 0x1
core   0: 3 0x00000000800037dc (0x00001397) x7  0x00000000800047dc
core   0: 0x00000000800037e0 (0x8213a223) sw      ra, -2012(t2)
core   0: 3 0x00000000800037e0 (0x8213a223) mem 0x0000000080004000 0x00000001
core   0: 0x00000000800037e4 (0xff9ff06f) j       pc - 0x8
core   0: 3 0x00000000800037e4 (0xff9ff06f)
core   0: 0x00000000800037dc (0x00001397) auipc   t2, 0x1
core   0: 3 0x00000000800037dc (0x00001397) x7  0x00000000800047dc
core   0: 0x00000000800037e0 (0x8213a223) sw      ra, -2012(t2)
core   0: 3 0x00000000800037e0 (0x8213a223) mem 0x0000000080004000 0x00000001
core   0: 0x00000000800037e4 (0xff9ff06f) j       pc - 0x8
core   0: 3 0x00000000800037e4 (0xff9ff06f)
core   0: 0x00000000800037dc (0x00001397) auipc   t2, 0x1
core   0: 3 0x00000000800037dc (0x00001397) x7  0x00000000800047dc
core   0: 0x00000000800037e0 (0x8213a223) sw      ra, -2012(t2)
core   0: 3 0x00000000800037e0 (0x8213a223) mem 0x0000000080004000 0x00000001
core   0: 0x00000000800037e4 (0xff9ff06f) j       pc - 0x8
core   0: 3 0x00000000800037e4 (0xff9ff06f)
core   0: 0x00000000800037dc (0x00001397) auipc   t2, 0x1
core   0: 3 0x00000000800037dc (0x00001397) x7  0x00000000800047dc
core   0: 0x00000000800037e0 (0x8213a223) sw      ra, -2012(t2)
core   0: 3 0x00000000800037e0 (0x8213a223) mem 0x0000000080004000 0x00000001
core   0: 0x00000000800037e4 (0xff9ff06f) j       pc - 0x8
core   0: 3 0x00000000800037e4 (0xff9ff06f)
core   0: 0x00000000800037dc (0x00001397) auipc   t2, 0x1
core   0: 3 0x00000000800037dc (0x00001397) x7  0x00000000800047dc
core   0: 0x00000000800037e0 (0x8213a223) sw      ra, -2012(t2)
core   0: 3 0x00000000800037e0 (0x8213a223) mem 0x0000000080004000 0x00000001
core   0: 0x00000000800037e4 (0xff9ff06f) j       pc - 0x8
core   0: 3 0x00000000800037e4 (0xff9ff06f)
core   0: 0x00000000800037dc (0x00001397) auipc   t2, 0x1
core   0: 3 0x00000000800037dc (0x00001397) x7  0x00000000800047dc
core   0: 0x00000000800037e0 (0x8213a223) sw      ra, -2012(t2)
core   0: 3 0x00000000800037e0 (0x8213a223) mem 0x0000000080004000 0x00000001
core   0: 0x00000000800037e4 (0xff9ff06f) j       pc - 0x8
core   0: 3 0x00000000800037e4 (0xff9ff06f)
core   0: 0x00000000800037dc (0x00001397) auipc   t2, 0x1
core   0: 3 0x00000000800037dc (0x00001397) x7  0x00000000800047dc
core   0: 0x00000000800037e0 (0x8213a223) sw      ra, -2012(t2)
core   0: 3 0x00000000800037e0 (0x8213a223) mem 0x0000000080004000 0x00000001
core   0: 0x00000000800037e4 (0xff9ff06f) j       pc - 0x8
core   0: 3 0x00000000800037e4 (0xff9ff06f)
core   0: 0x00000000800037dc (0x00001397) auipc   t2, 0x1
core   0: 3 0x00000000800037dc (0x00001397) x7  0x00000000800047dc
core   0: 0x00000000800037e0 (0x8213a223) sw      ra, -2012(t2)
core   0: 3 0x00000000800037e0 (0x8213a223) mem 0x0000000080004000 0x00000001
core   0: 0x00000000800037e4 (0xff9ff06f) j       pc - 0x8
core   0: 3 0x00000000800037e4 (0xff9ff06f)
core   0: 0x00000000800037dc (0x00001397) auipc   t2, 0x1
core   0: 3 0x00000000800037dc (0x00001397) x7  0x00000000800047dc
core   0: 0x00000000800037e0 (0x8213a223) sw      ra, -2012(t2)
core   0: 3 0x00000000800037e0 (0x8213a223) mem 0x0000000080004000 0x00000001
core   0: 0x00000000800037e4 (0xff9ff06f) j       pc - 0x8
core   0: 3 0x00000000800037e4 (0xff9ff06f)
core   0: 0x00000000800037dc (0x00001397) auipc   t2, 0x1
core   0: 3 0x00000000800037dc (0x00001397) x7  0x00000000800047dc
core   0: 0x00000000800037e0 (0x8213a223) sw      ra, -2012(t2)
core   0: 3 0x00000000800037e0 (0x8213a223) mem 0x0000000080004000 0x00000001
core   0: 0x00000000800037e4 (0xff9ff06f) j       pc - 0x8
core   0: 3 0x00000000800037e4 (0xff9ff06f)
core   0: 0x00000000800037dc (0x00001397) auipc   t2, 0x1
core   0: 3 0x00000000800037dc (0x00001397) x7  0x00000000800047dc
core   0: 0x00000000800037e0 (0x8213a223) sw      ra, -2012(t2)
core   0: 3 0x00000000800037e0 (0x8213a223) mem 0x0000000080004000 0x00000001
core   0: 0x00000000800037e4 (0xff9ff06f) j       pc - 0x8
core   0: 3 0x00000000800037e4 (0xff9ff06f)
core   0: 0x00000000800037dc (0x00001397) auipc   t2, 0x1
core   0: 3 0x00000000800037dc (0x00001397) x7  0x00000000800047dc
core   0: 0x00000000800037e0 (0x8213a223) sw      ra, -2012(t2)
core   0: 3 0x00000000800037e0 (0x8213a223) mem 0x0000000080004000 0x00000001
core   0: 0x00000000800037e4 (0xff9ff06f) j       pc - 0x8
core   0: 3 0x00000000800037e4 (0xff9ff06f)
core   0: 0x00000000800037dc (0x00001397) auipc   t2, 0x1
core   0: 3 0x00000000800037dc (0x00001397) x7  0x00000000800047dc
core   0: 0x00000000800037e0 (0x8213a223) sw      ra, -2012(t2)
core   0: 3 0x00000000800037e0 (0x8213a223) mem 0x0000000080004000 0x00000001
core   0: 0x00000000800037e4 (0xff9ff06f) j       pc - 0x8
core   0: 3 0x00000000800037e4 (0xff9ff06f)
core   0: 0x00000000800037dc (0x00001397) auipc   t2, 0x1
core   0: 3 0x00000000800037dc (0x00001397) x7  0x00000000800047dc
core   0: 0x00000000800037e0 (0x8213a223) sw      ra, -2012(t2)
core   0: 3 0x00000000800037e0 (0x8213a223) mem 0x0000000080004000 0x00000001
core   0: 0x00000000800037e4 (0xff9ff06f) j       pc - 0x8
core   0: 3 0x00000000800037e4 (0xff9ff06f)
core   0: 0x00000000800037dc (0x00001397) auipc   t2, 0x1
core   0: 3 0x00000000800037dc (0x00001397) x7  0x00000000800047dc
core   0: 0x00000000800037e0 (0x8213a223) sw      ra, -2012(t2)
core   0: 3 0x00000000800037e0 (0x8213a223) mem 0x0000000080004000 0x00000001
core   0: 0x00000000800037e4 (0xff9ff06f) j       pc - 0x8
core   0: 3 0x00000000800037e4 (0xff9ff06f)
core   0: 0x00000000800037dc (0x00001397) auipc   t2, 0x1
core   0: 3 0x00000000800037dc (0x00001397) x7  0x00000000800047dc
core   0: 0x00000000800037e0 (0x8213a223) sw      ra, -2012(t2)
core   0: 3 0x00000000800037e0 (0x8213a223) mem 0x0000000080004000 0x00000001
core   0: 0x00000000800037e4 (0xff9ff06f) j       pc - 0x8
core   0: 3 0x00000000800037e4 (0xff9ff06f)
core   0: 0x00000000800037dc (0x00001397) auipc   t2, 0x1
core   0: 3 0x00000000800037dc (0x00001397) x7  0x00000000800047dc
core   0: 0x00000000800037e0 (0x8213a223) sw      ra, -2012(t2)
core   0: 3 0x00000000800037e0 (0x8213a223) mem 0x0000000080004000 0x00000001
core   0: 0x00000000800037e4 (0xff9ff06f) j       pc - 0x8
core   0: 3 0x00000000800037e4 (0xff9ff06f)
core   0: 0x00000000800037dc (0x00001397) auipc   t2, 0x1
core   0: 3 0x00000000800037dc (0x00001397) x7  0x00000000800047dc
core   0: 0x00000000800037e0 (0x8213a223) sw      ra, -2012(t2)
core   0: 3 0x00000000800037e0 (0x8213a223) mem 0x0000000080004000 0x00000001
core   0: 0x00000000800037e4 (0xff9ff06f) j       pc - 0x8
core   0: 3 0x00000000800037e4 (0xff9ff06f)
core   0: 0x00000000800037dc (0x00001397) auipc   t2, 0x1
core   0: 3 0x00000000800037dc (0x00001397) x7  0x00000000800047dc
core   0: 0x00000000800037e0 (0x8213a223) sw      ra, -2012(t2)
core   0: 3 0x00000000800037e0 (0x8213a223) mem 0x0000000080004000 0x00000001
core   0: 0x00000000800037e4 (0xff9ff06f) j       pc - 0x8
core   0: 3 0x00000000800037e4 (0xff9ff06f)
core   0: 0x00000000800037dc (0x00001397) auipc   t2, 0x1
core   0: 3 0x00000000800037dc (0x00001397) x7  0x00000000800047dc
core   0: 0x00000000800037e0 (0x8213a223) sw      ra, -2012(t2)
core   0: 3 0x00000000800037e0 (0x8213a223) mem 0x0000000080004000 0x00000001
core   0: 0x00000000800037e4 (0xff9ff06f) j       pc - 0x8
core   0: 3 0x00000000800037e4 (0xff9ff06f)
core   0: 0x00000000800037dc (0x00001397) auipc   t2, 0x1
core   0: 3 0x00000000800037dc (0x00001397) x7  0x00000000800047dc
core   0: 0x00000000800037e0 (0x8213a223) sw      ra, -2012(t2)
core   0: 3 0x00000000800037e0 (0x8213a223) mem 0x0000000080004000 0x00000001
core   0: 0x00000000800037e4 (0xff9ff06f) j       pc - 0x8
core   0: 3 0x00000000800037e4 (0xff9ff06f)
core   0: 0x00000000800037dc (0x00001397) auipc   t2, 0x1
core   0: 3 0x00000000800037dc (0x00001397) x7  0x00000000800047dc
core   0: 0x00000000800037e0 (0x8213a223) sw      ra, -2012(t2)
core   0: 3 0x00000000800037e0 (0x8213a223) mem 0x0000000080004000 0x00000001
core   0: 0x00000000800037e4 (0xff9ff06f) j       pc - 0x8
core   0: 3 0x00000000800037e4 (0xff9ff06f)
core   0: 0x00000000800037dc (0x00001397) auipc   t2, 0x1
core   0: 3 0x00000000800037dc (0x00001397) x7  0x00000000800047dc
core   0: 0x00000000800037e0 (0x8213a223) sw      ra, -2012(t2)
core   0: 3 0x00000000800037e0 (0x8213a223) mem 0x0000000080004000 0x00000001
core   0: 0x00000000800037e4 (0xff9ff06f) j       pc - 0x8
core   0: 3 0x00000000800037e4 (0xff9ff06f)
core   0: 0x00000000800037dc (0x00001397) auipc   t2, 0x1
core   0: 3 0x00000000800037dc (0x00001397) x7  0x00000000800047dc
core   0: 0x00000000800037e0 (0x8213a223) sw      ra, -2012(t2)
core   0: 3 0x00000000800037e0 (0x8213a223) mem 0x0000000080004000 0x00000001
core   0: 0x00000000800037e4 (0xff9ff06f) j       pc - 0x8
core   0: 3 0x00000000800037e4 (0xff9ff06f)
core   0: 0x00000000800037dc (0x00001397) auipc   t2, 0x1
core   0: 3 0x00000000800037dc (0x00001397) x7  0x00000000800047dc
core   0: 0x00000000800037e0 (0x8213a223) sw      ra, -2012(t2)
core   0: 3 0x00000000800037e0 (0x8213a223) mem 0x0000000080004000 0x00000001
core   0: 0x00000000800037e4 (0xff9ff06f) j       pc - 0x8
core   0: 3 0x00000000800037e4 (0xff9ff06f)
core   0: 0x00000000800037dc (0x00001397) auipc   t2, 0x1
core   0: 3 0x00000000800037dc (0x00001397) x7  0x00000000800047dc
core   0: 0x00000000800037e0 (0x8213a223) sw      ra, -2012(t2)
core   0: 3 0x00000000800037e0 (0x8213a223) mem 0x0000000080004000 0x00000001
core   0: 0x00000000800037e4 (0xff9ff06f) j       pc - 0x8
core   0: 3 0x00000000800037e4 (0xff9ff06f)
core   0: 0x00000000800037dc (0x00001397) auipc   t2, 0x1
core   0: 3 0x00000000800037dc (0x00001397) x7  0x00000000800047dc
core   0: 0x00000000800037e0 (0x8213a223) sw      ra, -2012(t2)
core   0: 3 0x00000000800037e0 (0x8213a223) mem 0x0000000080004000 0x00000001
core   0: 0x00000000800037e4 (0xff9ff06f) j       pc - 0x8
core   0: 3 0x00000000800037e4 (0xff9ff06f)
core   0: 0x00000000800037dc (0x00001397) auipc   t2, 0x1
core   0: 3 0x00000000800037dc (0x00001397) x7  0x00000000800047dc
core   0: 0x00000000800037e0 (0x8213a223) sw      ra, -2012(t2)
core   0: 3 0x00000000800037e0 (0x8213a223) mem 0x0000000080004000 0x00000001
core   0: 0x00000000800037e4 (0xff9ff06f) j       pc - 0x8
core   0: 3 0x00000000800037e4 (0xff9ff06f)
core   0: 0x00000000800037dc (0x00001397) auipc   t2, 0x1
core   0: 3 0x00000000800037dc (0x00001397) x7  0x00000000800047dc
core   0: 0x00000000800037e0 (0x8213a223) sw      ra, -2012(t2)
core   0: 3 0x00000000800037e0 (0x8213a223) mem 0x0000000080004000 0x00000001
core   0: 0x00000000800037e4 (0xff9ff06f) j       pc - 0x8
core   0: 3 0x00000000800037e4 (0xff9ff06f)
core   0: 0x00000000800037dc (0x00001397) auipc   t2, 0x1
core   0: 3 0x00000000800037dc (0x00001397) x7  0x00000000800047dc
core   0: 0x00000000800037e0 (0x8213a223) sw      ra, -2012(t2)
core   0: 3 0x00000000800037e0 (0x8213a223) mem 0x0000000080004000 0x00000001
core   0: 0x00000000800037e4 (0xff9ff06f) j       pc - 0x8
core   0: 3 0x00000000800037e4 (0xff9ff06f)
core   0: 0x00000000800037dc (0x00001397) auipc   t2, 0x1
core   0: 3 0x00000000800037dc (0x00001397) x7  0x00000000800047dc
core   0: 0x00000000800037e0 (0x8213a223) sw      ra, -2012(t2)
core   0: 3 0x00000000800037e0 (0x8213a223) mem 0x0000000080004000 0x00000001
core   0: 0x00000000800037e4 (0xff9ff06f) j       pc - 0x8
core   0: 3 0x00000000800037e4 (0xff9ff06f)
core   0: 0x00000000800037dc (0x00001397) auipc   t2, 0x1
core   0: 3 0x00000000800037dc (0x00001397) x7  0x00000000800047dc
core   0: 0x00000000800037e0 (0x8213a223) sw      ra, -2012(t2)
core   0: 3 0x00000000800037e0 (0x8213a223) mem 0x0000000080004000 0x00000001
core   0: 0x00000000800037e4 (0xff9ff06f) j       pc - 0x8
core   0: 3 0x00000000800037e4 (0xff9ff06f)
core   0: 0x00000000800037dc (0x00001397) auipc   t2, 0x1
core   0: 3 0x00000000800037dc (0x00001397) x7  0x00000000800047dc
core   0: 0x00000000800037e0 (0x8213a223) sw      ra, -2012(t2)
core   0: 3 0x00000000800037e0 (0x8213a223) mem 0x0000000080004000 0x00000001
core   0: 0x00000000800037e4 (0xff9ff06f) j       pc - 0x8
core   0: 3 0x00000000800037e4 (0xff9ff06f)
core   0: 0x00000000800037dc (0x00001397) auipc   t2, 0x1
core   0: 3 0x00000000800037dc (0x00001397) x7  0x00000000800047dc
core   0: 0x00000000800037e0 (0x8213a223) sw      ra, -2012(t2)
core   0: 3 0x00000000800037e0 (0x8213a223) mem 0x0000000080004000 0x00000001
core   0: 0x00000000800037e4 (0xff9ff06f) j       pc - 0x8
core   0: 3 0x00000000800037e4 (0xff9ff06f)
core   0: 0x00000000800037dc (0x00001397) auipc   t2, 0x1
core   0: 3 0x00000000800037dc (0x00001397) x7  0x00000000800047dc
core   0: 0x00000000800037e0 (0x8213a223) sw      ra, -2012(t2)
core   0: 3 0x00000000800037e0 (0x8213a223) mem 0x0000000080004000 0x00000001
core   0: 0x00000000800037e4 (0xff9ff06f) j       pc - 0x8
core   0: 3 0x00000000800037e4 (0xff9ff06f)
core   0: 0x00000000800037dc (0x00001397) auipc   t2, 0x1
core   0: 3 0x00000000800037dc (0x00001397) x7  0x00000000800047dc
core   0: 0x00000000800037e0 (0x8213a223) sw      ra, -2012(t2)
core   0: 3 0x00000000800037e0 (0x8213a223) mem 0x0000000080004000 0x00000001
core   0: 0x00000000800037e4 (0xff9ff06f) j       pc - 0x8
core   0: 3 0x00000000800037e4 (0xff9ff06f)
core   0: 0x00000000800037dc (0x00001397) auipc   t2, 0x1
core   0: 3 0x00000000800037dc (0x00001397) x7  0x00000000800047dc
core   0: 0x00000000800037e0 (0x8213a223) sw      ra, -2012(t2)
core   0: 3 0x00000000800037e0 (0x8213a223) mem 0x0000000080004000 0x00000001
core   0: 0x00000000800037e4 (0xff9ff06f) j       pc - 0x8
core   0: 3 0x00000000800037e4 (0xff9ff06f)
core   0: 0x00000000800037dc (0x00001397) auipc   t2, 0x1
core   0: 3 0x00000000800037dc (0x00001397) x7  0x00000000800047dc
core   0: 0x00000000800037e0 (0x8213a223) sw      ra, -2012(t2)
core   0: 3 0x00000000800037e0 (0x8213a223) mem 0x0000000080004000 0x00000001
core   0: 0x00000000800037e4 (0xff9ff06f) j       pc - 0x8
core   0: 3 0x00000000800037e4 (0xff9ff06f)
core   0: 0x00000000800037dc (0x00001397) auipc   t2, 0x1
core   0: 3 0x00000000800037dc (0x00001397) x7  0x00000000800047dc
core   0: 0x00000000800037e0 (0x8213a223) sw      ra, -2012(t2)
core   0: 3 0x00000000800037e0 (0x8213a223) mem 0x0000000080004000 0x00000001
core   0: 0x00000000800037e4 (0xff9ff06f) j       pc - 0x8
core   0: 3 0x00000000800037e4 (0xff9ff06f)
core   0: 0x00000000800037dc (0x00001397) auipc   t2, 0x1
core   0: 3 0x00000000800037dc (0x00001397) x7  0x00000000800047dc
core   0: 0x00000000800037e0 (0x8213a223) sw      ra, -2012(t2)
core   0: 3 0x00000000800037e0 (0x8213a223) mem 0x0000000080004000 0x00000001
core   0: 0x00000000800037e4 (0xff9ff06f) j       pc - 0x8
core   0: 3 0x00000000800037e4 (0xff9ff06f)
core   0: 0x00000000800037dc (0x00001397) auipc   t2, 0x1
core   0: 3 0x00000000800037dc (0x00001397) x7  0x00000000800047dc
core   0: 0x00000000800037e0 (0x8213a223) sw      ra, -2012(t2)
core   0: 3 0x00000000800037e0 (0x8213a223) mem 0x0000000080004000 0x00000001
core   0: 0x00000000800037e4 (0xff9ff06f) j       pc - 0x8
core   0: 3 0x00000000800037e4 (0xff9ff06f)
core   0: 0x00000000800037dc (0x00001397) auipc   t2, 0x1
core   0: 3 0x00000000800037dc (0x00001397) x7  0x00000000800047dc
core   0: 0x00000000800037e0 (0x8213a223) sw      ra, -2012(t2)
core   0: 3 0x00000000800037e0 (0x8213a223) mem 0x0000000080004000 0x00000001
core   0: 0x00000000800037e4 (0xff9ff06f) j       pc - 0x8
core   0: 3 0x00000000800037e4 (0xff9ff06f)
core   0: 0x00000000800037dc (0x00001397) auipc   t2, 0x1
core   0: 3 0x00000000800037dc (0x00001397) x7  0x00000000800047dc
core   0: 0x00000000800037e0 (0x8213a223) sw      ra, -2012(t2)
core   0: 3 0x00000000800037e0 (0x8213a223) mem 0x0000000080004000 0x00000001
core   0: 0x00000000800037e4 (0xff9ff06f) j       pc - 0x8
core   0: 3 0x00000000800037e4 (0xff9ff06f)
core   0: 0x00000000800037dc (0x00001397) auipc   t2, 0x1
core   0: 3 0x00000000800037dc (0x00001397) x7  0x00000000800047dc
core   0: 0x00000000800037e0 (0x8213a223) sw      ra, -2012(t2)
core   0: 3 0x00000000800037e0 (0x8213a223) mem 0x0000000080004000 0x00000001
core   0: 0x00000000800037e4 (0xff9ff06f) j       pc - 0x8
core   0: 3 0x00000000800037e4 (0xff9ff06f)
core   0: 0x00000000800037dc (0x00001397) auipc   t2, 0x1
core   0: 3 0x00000000800037dc (0x00001397) x7  0x00000000800047dc
core   0: 0x00000000800037e0 (0x8213a223) sw      ra, -2012(t2)
core   0: 3 0x00000000800037e0 (0x8213a223) mem 0x0000000080004000 0x00000001
core   0: 0x00000000800037e4 (0xff9ff06f) j       pc - 0x8
core   0: 3 0x00000000800037e4 (0xff9ff06f)
core   0: 0x00000000800037dc (0x00001397) auipc   t2, 0x1
core   0: 3 0x00000000800037dc (0x00001397) x7  0x00000000800047dc
core   0: 0x00000000800037e0 (0x8213a223) sw      ra, -2012(t2)
core   0: 3 0x00000000800037e0 (0x8213a223) mem 0x0000000080004000 0x00000001
core   0: 0x00000000800037e4 (0xff9ff06f) j       pc - 0x8
core   0: 3 0x00000000800037e4 (0xff9ff06f)
core   0: 0x00000000800037dc (0x00001397) auipc   t2, 0x1
core   0: 3 0x00000000800037dc (0x00001397) x7  0x00000000800047dc
core   0: 0x00000000800037e0 (0x8213a223) sw      ra, -2012(t2)
core   0: 3 0x00000000800037e0 (0x8213a223) mem 0x0000000080004000 0x00000001
core   0: 0x00000000800037e4 (0xff9ff06f) j       pc - 0x8
core   0: 3 0x00000000800037e4 (0xff9ff06f)
core   0: 0x00000000800037dc (0x00001397) auipc   t2, 0x1
core   0: 3 0x00000000800037dc (0x00001397) x7  0x00000000800047dc
core   0: 0x00000000800037e0 (0x8213a223) sw      ra, -2012(t2)
core   0: 3 0x00000000800037e0 (0x8213a223) mem 0x0000000080004000 0x00000001
core   0: 0x00000000800037e4 (0xff9ff06f) j       pc - 0x8
core   0: 3 0x00000000800037e4 (0xff9ff06f)
core   0: 0x00000000800037dc (0x00001397) auipc   t2, 0x1
core   0: 3 0x00000000800037dc (0x00001397) x7  0x00000000800047dc
core   0: 0x00000000800037e0 (0x8213a223) sw      ra, -2012(t2)
core   0: 3 0x00000000800037e0 (0x8213a223) mem 0x0000000080004000 0x00000001
core   0: 0x00000000800037e4 (0xff9ff06f) j       pc - 0x8
core   0: 3 0x00000000800037e4 (0xff9ff06f)
core   0: 0x00000000800037dc (0x00001397) auipc   t2, 0x1
core   0: 3 0x00000000800037dc (0x00001397) x7  0x00000000800047dc
core   0: 0x00000000800037e0 (0x8213a223) sw      ra, -2012(t2)
core   0: 3 0x00000000800037e0 (0x8213a223) mem 0x0000000080004000 0x00000001
core   0: 0x00000000800037e4 (0xff9ff06f) j       pc - 0x8
core   0: 3 0x00000000800037e4 (0xff9ff06f)
core   0: 0x00000000800037dc (0x00001397) auipc   t2, 0x1
core   0: 3 0x00000000800037dc (0x00001397) x7  0x00000000800047dc
core   0: 0x00000000800037e0 (0x8213a223) sw      ra, -2012(t2)
core   0: 3 0x00000000800037e0 (0x8213a223) mem 0x0000000080004000 0x00000001
core   0: 0x00000000800037e4 (0xff9ff06f) j       pc - 0x8
core   0: 3 0x00000000800037e4 (0xff9ff06f)
core   0: 0x00000000800037dc (0x00001397) auipc   t2, 0x1
core   0: 3 0x00000000800037dc (0x00001397) x7  0x00000000800047dc
core   0: 0x00000000800037e0 (0x8213a223) sw      ra, -2012(t2)
core   0: 3 0x00000000800037e0 (0x8213a223) mem 0x0000000080004000 0x00000001
core   0: 0x00000000800037e4 (0xff9ff06f) j       pc - 0x8
core   0: 3 0x00000000800037e4 (0xff9ff06f)
core   0: 0x00000000800037dc (0x00001397) auipc   t2, 0x1
core   0: 3 0x00000000800037dc (0x00001397) x7  0x00000000800047dc
core   0: 0x00000000800037e0 (0x8213a223) sw      ra, -2012(t2)
core   0: 3 0x00000000800037e0 (0x8213a223) mem 0x0000000080004000 0x00000001
core   0: 0x00000000800037e4 (0xff9ff06f) j       pc - 0x8
core   0: 3 0x00000000800037e4 (0xff9ff06f)
core   0: 0x00000000800037dc (0x00001397) auipc   t2, 0x1
core   0: 3 0x00000000800037dc (0x00001397) x7  0x00000000800047dc
core   0: 0x00000000800037e0 (0x8213a223) sw      ra, -2012(t2)
core   0: 3 0x00000000800037e0 (0x8213a223) mem 0x0000000080004000 0x00000001
core   0: 0x00000000800037e4 (0xff9ff06f) j       pc - 0x8
core   0: 3 0x00000000800037e4 (0xff9ff06f)
core   0: 0x00000000800037dc (0x00001397) auipc   t2, 0x1
core   0: 3 0x00000000800037dc (0x00001397) x7  0x00000000800047dc
core   0: 0x00000000800037e0 (0x8213a223) sw      ra, -2012(t2)
core   0: 3 0x00000000800037e0 (0x8213a223) mem 0x0000000080004000 0x00000001
core   0: 0x00000000800037e4 (0xff9ff06f) j       pc - 0x8
core   0: 3 0x00000000800037e4 (0xff9ff06f)
core   0: 0x00000000800037dc (0x00001397) auipc   t2, 0x1
core   0: 3 0x00000000800037dc (0x00001397) x7  0x00000000800047dc
core   0: 0x00000000800037e0 (0x8213a223) sw      ra, -2012(t2)
core   0: 3 0x00000000800037e0 (0x8213a223) mem 0x0000000080004000 0x00000001
core   0: 0x00000000800037e4 (0xff9ff06f) j       pc - 0x8
core   0: 3 0x00000000800037e4 (0xff9ff06f)
core   0: 0x00000000800037dc (0x00001397) auipc   t2, 0x1
core   0: 3 0x00000000800037dc (0x00001397) x7  0x00000000800047dc
core   0: 0x00000000800037e0 (0x8213a223) sw      ra, -2012(t2)
core   0: 3 0x00000000800037e0 (0x8213a223) mem 0x0000000080004000 0x00000001
core   0: 0x00000000800037e4 (0xff9ff06f) j       pc - 0x8
core   0: 3 0x00000000800037e4 (0xff9ff06f)
core   0: 0x00000000800037dc (0x00001397) auipc   t2, 0x1
core   0: 3 0x00000000800037dc (0x00001397) x7  0x00000000800047dc
core   0: 0x00000000800037e0 (0x8213a223) sw      ra, -2012(t2)
core   0: 3 0x00000000800037e0 (0x8213a223) mem 0x0000000080004000 0x00000001
core   0: 0x00000000800037e4 (0xff9ff06f) j       pc - 0x8
core   0: 3 0x00000000800037e4 (0xff9ff06f)
core   0: 0x00000000800037dc (0x00001397) auipc   t2, 0x1
core   0: 3 0x00000000800037dc (0x00001397) x7  0x00000000800047dc
core   0: 0x00000000800037e0 (0x8213a223) sw      ra, -2012(t2)
core   0: 3 0x00000000800037e0 (0x8213a223) mem 0x0000000080004000 0x00000001
core   0: 0x00000000800037e4 (0xff9ff06f) j       pc - 0x8
core   0: 3 0x00000000800037e4 (0xff9ff06f)
core   0: 0x00000000800037dc (0x00001397) auipc   t2, 0x1
core   0: 3 0x00000000800037dc (0x00001397) x7  0x00000000800047dc
core   0: 0x00000000800037e0 (0x8213a223) sw      ra, -2012(t2)
core   0: 3 0x00000000800037e0 (0x8213a223) mem 0x0000000080004000 0x00000001
core   0: 0x00000000800037e4 (0xff9ff06f) j       pc - 0x8
core   0: 3 0x00000000800037e4 (0xff9ff06f)
core   0: 0x00000000800037dc (0x00001397) auipc   t2, 0x1
core   0: 3 0x00000000800037dc (0x00001397) x7  0x00000000800047dc
core   0: 0x00000000800037e0 (0x8213a223) sw      ra, -2012(t2)
core   0: 3 0x00000000800037e0 (0x8213a223) mem 0x0000000080004000 0x00000001
core   0: 0x00000000800037e4 (0xff9ff06f) j       pc - 0x8
core   0: 3 0x00000000800037e4 (0xff9ff06f)
core   0: 0x00000000800037dc (0x00001397) auipc   t2, 0x1
core   0: 3 0x00000000800037dc (0x00001397) x7  0x00000000800047dc
core   0: 0x00000000800037e0 (0x8213a223) sw      ra, -2012(t2)
core   0: 3 0x00000000800037e0 (0x8213a223) mem 0x0000000080004000 0x00000001
core   0: 0x00000000800037e4 (0xff9ff06f) j       pc - 0x8
core   0: 3 0x00000000800037e4 (0xff9ff06f)
core   0: 0x00000000800037dc (0x00001397) auipc   t2, 0x1
core   0: 3 0x00000000800037dc (0x00001397) x7  0x00000000800047dc
core   0: 0x00000000800037e0 (0x8213a223) sw      ra, -2012(t2)
core   0: 3 0x00000000800037e0 (0x8213a223) mem 0x0000000080004000 0x00000001
core   0: 0x00000000800037e4 (0xff9ff06f) j       pc - 0x8
core   0: 3 0x00000000800037e4 (0xff9ff06f)
core   0: 0x00000000800037dc (0x00001397) auipc   t2, 0x1
core   0: 3 0x00000000800037dc (0x00001397) x7  0x00000000800047dc
core   0: 0x00000000800037e0 (0x8213a223) sw      ra, -2012(t2)
core   0: 3 0x00000000800037e0 (0x8213a223) mem 0x0000000080004000 0x00000001
core   0: 0x00000000800037e4 (0xff9ff06f) j       pc - 0x8
core   0: 3 0x00000000800037e4 (0xff9ff06f)
core   0: 0x00000000800037dc (0x00001397) auipc   t2, 0x1
core   0: 3 0x00000000800037dc (0x00001397) x7  0x00000000800047dc
core   0: 0x00000000800037e0 (0x8213a223) sw      ra, -2012(t2)
core   0: 3 0x00000000800037e0 (0x8213a223) mem 0x0000000080004000 0x00000001
core   0: 0x00000000800037e4 (0xff9ff06f) j       pc - 0x8
core   0: 3 0x00000000800037e4 (0xff9ff06f)
core   0: 0x00000000800037dc (0x00001397) auipc   t2, 0x1
core   0: 3 0x00000000800037dc (0x00001397) x7  0x00000000800047dc
core   0: 0x00000000800037e0 (0x8213a223) sw      ra, -2012(t2)
core   0: 3 0x00000000800037e0 (0x8213a223) mem 0x0000000080004000 0x00000001
core   0: 0x00000000800037e4 (0xff9ff06f) j       pc - 0x8
core   0: 3 0x00000000800037e4 (0xff9ff06f)
core   0: 0x00000000800037dc (0x00001397) auipc   t2, 0x1
core   0: 3 0x00000000800037dc (0x00001397) x7  0x00000000800047dc
core   0: 0x00000000800037e0 (0x8213a223) sw      ra, -2012(t2)
core   0: 3 0x00000000800037e0 (0x8213a223) mem 0x0000000080004000 0x00000001
core   0: 0x00000000800037e4 (0xff9ff06f) j       pc - 0x8
core   0: 3 0x00000000800037e4 (0xff9ff06f)
core   0: 0x00000000800037dc (0x00001397) auipc   t2, 0x1
core   0: 3 0x00000000800037dc (0x00001397) x7  0x00000000800047dc
core   0: 0x00000000800037e0 (0x8213a223) sw      ra, -2012(t2)
core   0: 3 0x00000000800037e0 (0x8213a223) mem 0x0000000080004000 0x00000001
core   0: 0x00000000800037e4 (0xff9ff06f) j       pc - 0x8
core   0: 3 0x00000000800037e4 (0xff9ff06f)
core   0: 0x00000000800037dc (0x00001397) auipc   t2, 0x1
core   0: 3 0x00000000800037dc (0x00001397) x7  0x00000000800047dc
core   0: 0x00000000800037e0 (0x8213a223) sw      ra, -2012(t2)
core   0: 3 0x00000000800037e0 (0x8213a223) mem 0x0000000080004000 0x00000001
core   0: 0x00000000800037e4 (0xff9ff06f) j       pc - 0x8
core   0: 3 0x00000000800037e4 (0xff9ff06f)
core   0: 0x00000000800037dc (0x00001397) auipc   t2, 0x1
core   0: 3 0x00000000800037dc (0x00001397) x7  0x00000000800047dc
core   0: 0x00000000800037e0 (0x8213a223) sw      ra, -2012(t2)
core   0: 3 0x00000000800037e0 (0x8213a223) mem 0x0000000080004000 0x00000001
core   0: 0x00000000800037e4 (0xff9ff06f) j       pc - 0x8
core   0: 3 0x00000000800037e4 (0xff9ff06f)
core   0: 0x00000000800037dc (0x00001397) auipc   t2, 0x1
core   0: 3 0x00000000800037dc (0x00001397) x7  0x00000000800047dc
core   0: 0x00000000800037e0 (0x8213a223) sw      ra, -2012(t2)
core   0: 3 0x00000000800037e0 (0x8213a223) mem 0x0000000080004000 0x00000001
core   0: 0x00000000800037e4 (0xff9ff06f) j       pc - 0x8
core   0: 3 0x00000000800037e4 (0xff9ff06f)
core   0: 0x00000000800037dc (0x00001397) auipc   t2, 0x1
core   0: 3 0x00000000800037dc (0x00001397) x7  0x00000000800047dc
core   0: 0x00000000800037e0 (0x8213a223) sw      ra, -2012(t2)
core   0: 3 0x00000000800037e0 (0x8213a223) mem 0x0000000080004000 0x00000001
core   0: 0x00000000800037e4 (0xff9ff06f) j       pc - 0x8
core   0: 3 0x00000000800037e4 (0xff9ff06f)
core   0: 0x00000000800037dc (0x00001397) auipc   t2, 0x1
core   0: 3 0x00000000800037dc (0x00001397) x7  0x00000000800047dc
core   0: 0x00000000800037e0 (0x8213a223) sw      ra, -2012(t2)
core   0: 3 0x00000000800037e0 (0x8213a223) mem 0x0000000080004000 0x00000001
core   0: 0x00000000800037e4 (0xff9ff06f) j       pc - 0x8
core   0: 3 0x00000000800037e4 (0xff9ff06f)
core   0: 0x00000000800037dc (0x00001397) auipc   t2, 0x1
core   0: 3 0x00000000800037dc (0x00001397) x7  0x00000000800047dc
core   0: 0x00000000800037e0 (0x8213a223) sw      ra, -2012(t2)
core   0: 3 0x00000000800037e0 (0x8213a223) mem 0x0000000080004000 0x00000001
core   0: 0x00000000800037e4 (0xff9ff06f) j       pc - 0x8
core   0: 3 0x00000000800037e4 (0xff9ff06f)
core   0: 0x00000000800037dc (0x00001397) auipc   t2, 0x1
core   0: 3 0x00000000800037dc (0x00001397) x7  0x00000000800047dc
core   0: 0x00000000800037e0 (0x8213a223) sw      ra, -2012(t2)
core   0: 3 0x00000000800037e0 (0x8213a223) mem 0x0000000080004000 0x00000001
core   0: 0x00000000800037e4 (0xff9ff06f) j       pc - 0x8
core   0: 3 0x00000000800037e4 (0xff9ff06f)
core   0: 0x00000000800037dc (0x00001397) auipc   t2, 0x1
core   0: 3 0x00000000800037dc (0x00001397) x7  0x00000000800047dc
core   0: 0x00000000800037e0 (0x8213a223) sw      ra, -2012(t2)
core   0: 3 0x00000000800037e0 (0x8213a223) mem 0x0000000080004000 0x00000001
core   0: 0x00000000800037e4 (0xff9ff06f) j       pc - 0x8
core   0: 3 0x00000000800037e4 (0xff9ff06f)
core   0: 0x00000000800037dc (0x00001397) auipc   t2, 0x1
core   0: 3 0x00000000800037dc (0x00001397) x7  0x00000000800047dc
core   0: 0x00000000800037e0 (0x8213a223) sw      ra, -2012(t2)
core   0: 3 0x00000000800037e0 (0x8213a223) mem 0x0000000080004000 0x00000001
core   0: 0x00000000800037e4 (0xff9ff06f) j       pc - 0x8
core   0: 3 0x00000000800037e4 (0xff9ff06f)
core   0: 0x00000000800037dc (0x00001397) auipc   t2, 0x1
core   0: 3 0x00000000800037dc (0x00001397) x7  0x00000000800047dc
core   0: 0x00000000800037e0 (0x8213a223) sw      ra, -2012(t2)
core   0: 3 0x00000000800037e0 (0x8213a223) mem 0x0000000080004000 0x00000001
core   0: 0x00000000800037e4 (0xff9ff06f) j       pc - 0x8
core   0: 3 0x00000000800037e4 (0xff9ff06f)
core   0: 0x00000000800037dc (0x00001397) auipc   t2, 0x1
core   0: 3 0x00000000800037dc (0x00001397) x7  0x00000000800047dc
core   0: 0x00000000800037e0 (0x8213a223) sw      ra, -2012(t2)
core   0: 3 0x00000000800037e0 (0x8213a223) mem 0x0000000080004000 0x00000001
core   0: 0x00000000800037e4 (0xff9ff06f) j       pc - 0x8
core   0: 3 0x00000000800037e4 (0xff9ff06f)
core   0: 0x00000000800037dc (0x00001397) auipc   t2, 0x1
core   0: 3 0x00000000800037dc (0x00001397) x7  0x00000000800047dc
core   0: 0x00000000800037e0 (0x8213a223) sw      ra, -2012(t2)
core   0: 3 0x00000000800037e0 (0x8213a223) mem 0x0000000080004000 0x00000001
core   0: 0x00000000800037e4 (0xff9ff06f) j       pc - 0x8
core   0: 3 0x00000000800037e4 (0xff9ff06f)
core   0: 0x00000000800037dc (0x00001397) auipc   t2, 0x1
core   0: 3 0x00000000800037dc (0x00001397) x7  0x00000000800047dc
core   0: 0x00000000800037e0 (0x8213a223) sw      ra, -2012(t2)
core   0: 3 0x00000000800037e0 (0x8213a223) mem 0x0000000080004000 0x00000001
core   0: 0x00000000800037e4 (0xff9ff06f) j       pc - 0x8
core   0: 3 0x00000000800037e4 (0xff9ff06f)
core   0: 0x00000000800037dc (0x00001397) auipc   t2, 0x1
core   0: 3 0x00000000800037dc (0x00001397) x7  0x00000000800047dc
core   0: 0x00000000800037e0 (0x8213a223) sw      ra, -2012(t2)
core   0: 3 0x00000000800037e0 (0x8213a223) mem 0x0000000080004000 0x00000001
core   0: 0x00000000800037e4 (0xff9ff06f) j       pc - 0x8
core   0: 3 0x00000000800037e4 (0xff9ff06f)
core   0: 0x00000000800037dc (0x00001397) auipc   t2, 0x1
core   0: 3 0x00000000800037dc (0x00001397) x7  0x00000000800047dc
core   0: 0x00000000800037e0 (0x8213a223) sw      ra, -2012(t2)
core   0: 3 0x00000000800037e0 (0x8213a223) mem 0x0000000080004000 0x00000001
core   0: 0x00000000800037e4 (0xff9ff06f) j       pc - 0x8
core   0: 3 0x00000000800037e4 (0xff9ff06f)
core   0: 0x00000000800037dc (0x00001397) auipc   t2, 0x1
core   0: 3 0x00000000800037dc (0x00001397) x7  0x00000000800047dc
core   0: 0x00000000800037e0 (0x8213a223) sw      ra, -2012(t2)
core   0: 3 0x00000000800037e0 (0x8213a223) mem 0x0000000080004000 0x00000001
core   0: 0x00000000800037e4 (0xff9ff06f) j       pc - 0x8
core   0: 3 0x00000000800037e4 (0xff9ff06f)
core   0: 0x00000000800037dc (0x00001397) auipc   t2, 0x1
core   0: 3 0x00000000800037dc (0x00001397) x7  0x00000000800047dc
core   0: 0x00000000800037e0 (0x8213a223) sw      ra, -2012(t2)
core   0: 3 0x00000000800037e0 (0x8213a223) mem 0x0000000080004000 0x00000001
core   0: 0x00000000800037e4 (0xff9ff06f) j       pc - 0x8
core   0: 3 0x00000000800037e4 (0xff9ff06f)
core   0: 0x00000000800037dc (0x00001397) auipc   t2, 0x1
core   0: 3 0x00000000800037dc (0x00001397) x7  0x00000000800047dc
core   0: 0x00000000800037e0 (0x8213a223) sw      ra, -2012(t2)
core   0: 3 0x00000000800037e0 (0x8213a223) mem 0x0000000080004000 0x00000001
core   0: 0x00000000800037e4 (0xff9ff06f) j       pc - 0x8
core   0: 3 0x00000000800037e4 (0xff9ff06f)
core   0: 0x00000000800037dc (0x00001397) auipc   t2, 0x1
core   0: 3 0x00000000800037dc (0x00001397) x7  0x00000000800047dc
core   0: 0x00000000800037e0 (0x8213a223) sw      ra, -2012(t2)
core   0: 3 0x00000000800037e0 (0x8213a223) mem 0x0000000080004000 0x00000001
core   0: 0x00000000800037e4 (0xff9ff06f) j       pc - 0x8
core   0: 3 0x00000000800037e4 (0xff9ff06f)
core   0: 0x00000000800037dc (0x00001397) auipc   t2, 0x1
core   0: 3 0x00000000800037dc (0x00001397) x7  0x00000000800047dc
core   0: 0x00000000800037e0 (0x8213a223) sw      ra, -2012(t2)
core   0: 3 0x00000000800037e0 (0x8213a223) mem 0x0000000080004000 0x00000001
core   0: 0x00000000800037e4 (0xff9ff06f) j       pc - 0x8
core   0: 3 0x00000000800037e4 (0xff9ff06f)
core   0: 0x00000000800037dc (0x00001397) auipc   t2, 0x1
core   0: 3 0x00000000800037dc (0x00001397) x7  0x00000000800047dc
core   0: 0x00000000800037e0 (0x8213a223) sw      ra, -2012(t2)
core   0: 3 0x00000000800037e0 (0x8213a223) mem 0x0000000080004000 0x00000001
core   0: 0x00000000800037e4 (0xff9ff06f) j       pc - 0x8
core   0: 3 0x00000000800037e4 (0xff9ff06f)
core   0: 0x00000000800037dc (0x00001397) auipc   t2, 0x1
core   0: 3 0x00000000800037dc (0x00001397) x7  0x00000000800047dc
core   0: 0x00000000800037e0 (0x8213a223) sw      ra, -2012(t2)
core   0: 3 0x00000000800037e0 (0x8213a223) mem 0x0000000080004000 0x00000001
core   0: 0x00000000800037e4 (0xff9ff06f) j       pc - 0x8
core   0: 3 0x00000000800037e4 (0xff9ff06f)
core   0: 0x00000000800037dc (0x00001397) auipc   t2, 0x1
core   0: 3 0x00000000800037dc (0x00001397) x7  0x00000000800047dc
core   0: 0x00000000800037e0 (0x8213a223) sw      ra, -2012(t2)
core   0: 3 0x00000000800037e0 (0x8213a223) mem 0x0000000080004000 0x00000001
core   0: 0x00000000800037e4 (0xff9ff06f) j       pc - 0x8
core   0: 3 0x00000000800037e4 (0xff9ff06f)
core   0: 0x00000000800037dc (0x00001397) auipc   t2, 0x1
core   0: 3 0x00000000800037dc (0x00001397) x7  0x00000000800047dc
core   0: 0x00000000800037e0 (0x8213a223) sw      ra, -2012(t2)
core   0: 3 0x00000000800037e0 (0x8213a223) mem 0x0000000080004000 0x00000001
core   0: 0x00000000800037e4 (0xff9ff06f) j       pc - 0x8
core   0: 3 0x00000000800037e4 (0xff9ff06f)
core   0: 0x00000000800037dc (0x00001397) auipc   t2, 0x1
core   0: 3 0x00000000800037dc (0x00001397) x7  0x00000000800047dc
core   0: 0x00000000800037e0 (0x8213a223) sw      ra, -2012(t2)
core   0: 3 0x00000000800037e0 (0x8213a223) mem 0x0000000080004000 0x00000001
core   0: 0x00000000800037e4 (0xff9ff06f) j       pc - 0x8
core   0: 3 0x00000000800037e4 (0xff9ff06f)
core   0: 0x00000000800037dc (0x00001397) auipc   t2, 0x1
core   0: 3 0x00000000800037dc (0x00001397) x7  0x00000000800047dc
core   0: 0x00000000800037e0 (0x8213a223) sw      ra, -2012(t2)
core   0: 3 0x00000000800037e0 (0x8213a223) mem 0x0000000080004000 0x00000001
core   0: 0x00000000800037e4 (0xff9ff06f) j       pc - 0x8
core   0: 3 0x00000000800037e4 (0xff9ff06f)
core   0: 0x00000000800037dc (0x00001397) auipc   t2, 0x1
core   0: 3 0x00000000800037dc (0x00001397) x7  0x00000000800047dc
core   0: 0x00000000800037e0 (0x8213a223) sw      ra, -2012(t2)
core   0: 3 0x00000000800037e0 (0x8213a223) mem 0x0000000080004000 0x00000001
core   0: 0x00000000800037e4 (0xff9ff06f) j       pc - 0x8
core   0: 3 0x00000000800037e4 (0xff9ff06f)
core   0: 0x00000000800037dc (0x00001397) auipc   t2, 0x1
core   0: 3 0x00000000800037dc (0x00001397) x7  0x00000000800047dc
core   0: 0x00000000800037e0 (0x8213a223) sw      ra, -2012(t2)
core   0: 3 0x00000000800037e0 (0x8213a223) mem 0x0000000080004000 0x00000001
core   0: 0x00000000800037e4 (0xff9ff06f) j       pc - 0x8
core   0: 3 0x00000000800037e4 (0xff9ff06f)
core   0: 0x00000000800037dc (0x00001397) auipc   t2, 0x1
core   0: 3 0x00000000800037dc (0x00001397) x7  0x00000000800047dc
core   0: 0x00000000800037e0 (0x8213a223) sw      ra, -2012(t2)
core   0: 3 0x00000000800037e0 (0x8213a223) mem 0x0000000080004000 0x00000001
core   0: 0x00000000800037e4 (0xff9ff06f) j       pc - 0x8
core   0: 3 0x00000000800037e4 (0xff9ff06f)
core   0: 0x00000000800037dc (0x00001397) auipc   t2, 0x1
core   0: 3 0x00000000800037dc (0x00001397) x7  0x00000000800047dc
core   0: 0x00000000800037e0 (0x8213a223) sw      ra, -2012(t2)
core   0: 3 0x00000000800037e0 (0x8213a223) mem 0x0000000080004000 0x00000001
core   0: 0x00000000800037e4 (0xff9ff06f) j       pc - 0x8
core   0: 3 0x00000000800037e4 (0xff9ff06f)
core   0: 0x00000000800037dc (0x00001397) auipc   t2, 0x1
core   0: 3 0x00000000800037dc (0x00001397) x7  0x00000000800047dc
core   0: 0x00000000800037e0 (0x8213a223) sw      ra, -2012(t2)
core   0: 3 0x00000000800037e0 (0x8213a223) mem 0x0000000080004000 0x00000001
core   0: 0x00000000800037e4 (0xff9ff06f) j       pc - 0x8
core   0: 3 0x00000000800037e4 (0xff9ff06f)
core   0: 0x00000000800037dc (0x00001397) auipc   t2, 0x1
core   0: 3 0x00000000800037dc (0x00001397) x7  0x00000000800047dc
core   0: 0x00000000800037e0 (0x8213a223) sw      ra, -2012(t2)
core   0: 3 0x00000000800037e0 (0x8213a223) mem 0x0000000080004000 0x00000001
core   0: 0x00000000800037e4 (0xff9ff06f) j       pc - 0x8
core   0: 3 0x00000000800037e4 (0xff9ff06f)
core   0: 0x00000000800037dc (0x00001397) auipc   t2, 0x1
core   0: 3 0x00000000800037dc (0x00001397) x7  0x00000000800047dc
core   0: 0x00000000800037e0 (0x8213a223) sw      ra, -2012(t2)
core   0: 3 0x00000000800037e0 (0x8213a223) mem 0x0000000080004000 0x00000001
core   0: 0x00000000800037e4 (0xff9ff06f) j       pc - 0x8
core   0: 3 0x00000000800037e4 (0xff9ff06f)
core   0: 0x00000000800037dc (0x00001397) auipc   t2, 0x1
core   0: 3 0x00000000800037dc (0x00001397) x7  0x00000000800047dc
core   0: 0x00000000800037e0 (0x8213a223) sw      ra, -2012(t2)
core   0: 3 0x00000000800037e0 (0x8213a223) mem 0x0000000080004000 0x00000001
core   0: 0x00000000800037e4 (0xff9ff06f) j       pc - 0x8
core   0: 3 0x00000000800037e4 (0xff9ff06f)
core   0: 0x00000000800037dc (0x00001397) auipc   t2, 0x1
core   0: 3 0x00000000800037dc (0x00001397) x7  0x00000000800047dc
core   0: 0x00000000800037e0 (0x8213a223) sw      ra, -2012(t2)
core   0: 3 0x00000000800037e0 (0x8213a223) mem 0x0000000080004000 0x00000001
core   0: 0x00000000800037e4 (0xff9ff06f) j       pc - 0x8
core   0: 3 0x00000000800037e4 (0xff9ff06f)
core   0: 0x00000000800037dc (0x00001397) auipc   t2, 0x1
core   0: 3 0x00000000800037dc (0x00001397) x7  0x00000000800047dc
core   0: 0x00000000800037e0 (0x8213a223) sw      ra, -2012(t2)
core   0: 3 0x00000000800037e0 (0x8213a223) mem 0x0000000080004000 0x00000001
core   0: 0x00000000800037e4 (0xff9ff06f) j       pc - 0x8
core   0: 3 0x00000000800037e4 (0xff9ff06f)
core   0: 0x00000000800037dc (0x00001397) auipc   t2, 0x1
core   0: 3 0x00000000800037dc (0x00001397) x7  0x00000000800047dc
core   0: 0x00000000800037e0 (0x8213a223) sw      ra, -2012(t2)
core   0: 3 0x00000000800037e0 (0x8213a223) mem 0x0000000080004000 0x00000001
core   0: 0x00000000800037e4 (0xff9ff06f) j       pc - 0x8
core   0: 3 0x00000000800037e4 (0xff9ff06f)
core   0: 0x00000000800037dc (0x00001397) auipc   t2, 0x1
core   0: 3 0x00000000800037dc (0x00001397) x7  0x00000000800047dc
core   0: 0x00000000800037e0 (0x8213a223) sw      ra, -2012(t2)
core   0: 3 0x00000000800037e0 (0x8213a223) mem 0x0000000080004000 0x00000001
core   0: 0x00000000800037e4 (0xff9ff06f) j       pc - 0x8
core   0: 3 0x00000000800037e4 (0xff9ff06f)
core   0: 0x00000000800037dc (0x00001397) auipc   t2, 0x1
core   0: 3 0x00000000800037dc (0x00001397) x7  0x00000000800047dc
core   0: 0x00000000800037e0 (0x8213a223) sw      ra, -2012(t2)
core   0: 3 0x00000000800037e0 (0x8213a223) mem 0x0000000080004000 0x00000001
core   0: 0x00000000800037e4 (0xff9ff06f) j       pc - 0x8
core   0: 3 0x00000000800037e4 (0xff9ff06f)
core   0: 0x00000000800037dc (0x00001397) auipc   t2, 0x1
core   0: 3 0x00000000800037dc (0x00001397) x7  0x00000000800047dc
core   0: 0x00000000800037e0 (0x8213a223) sw      ra, -2012(t2)
core   0: 3 0x00000000800037e0 (0x8213a223) mem 0x0000000080004000 0x00000001
core   0: 0x00000000800037e4 (0xff9ff06f) j       pc - 0x8
core   0: 3 0x00000000800037e4 (0xff9ff06f)
core   0: 0x00000000800037dc (0x00001397) auipc   t2, 0x1
core   0: 3 0x00000000800037dc (0x00001397) x7  0x00000000800047dc
core   0: 0x00000000800037e0 (0x8213a223) sw      ra, -2012(t2)
core   0: 3 0x00000000800037e0 (0x8213a223) mem 0x0000000080004000 0x00000001
core   0: 0x00000000800037e4 (0xff9ff06f) j       pc - 0x8
core   0: 3 0x00000000800037e4 (0xff9ff06f)
core   0: 0x00000000800037dc (0x00001397) auipc   t2, 0x1
core   0: 3 0x00000000800037dc (0x00001397) x7  0x00000000800047dc
core   0: 0x00000000800037e0 (0x8213a223) sw      ra, -2012(t2)
core   0: 3 0x00000000800037e0 (0x8213a223) mem 0x0000000080004000 0x00000001
core   0: 0x00000000800037e4 (0xff9ff06f) j       pc - 0x8
core   0: 3 0x00000000800037e4 (0xff9ff06f)
core   0: 0x00000000800037dc (0x00001397) auipc   t2, 0x1
core   0: 3 0x00000000800037dc (0x00001397) x7  0x00000000800047dc
core   0: 0x00000000800037e0 (0x8213a223) sw      ra, -2012(t2)
core   0: 3 0x00000000800037e0 (0x8213a223) mem 0x0000000080004000 0x00000001
core   0: 0x00000000800037e4 (0xff9ff06f) j       pc - 0x8
core   0: 3 0x00000000800037e4 (0xff9ff06f)
core   0: 0x00000000800037dc (0x00001397) auipc   t2, 0x1
core   0: 3 0x00000000800037dc (0x00001397) x7  0x00000000800047dc
core   0: 0x00000000800037e0 (0x8213a223) sw      ra, -2012(t2)
core   0: 3 0x00000000800037e0 (0x8213a223) mem 0x0000000080004000 0x00000001
core   0: 0x00000000800037e4 (0xff9ff06f) j       pc - 0x8
core   0: 3 0x00000000800037e4 (0xff9ff06f)
core   0: 0x00000000800037dc (0x00001397) auipc   t2, 0x1
core   0: 3 0x00000000800037dc (0x00001397) x7  0x00000000800047dc
core   0: 0x00000000800037e0 (0x8213a223) sw      ra, -2012(t2)
core   0: 3 0x00000000800037e0 (0x8213a223) mem 0x0000000080004000 0x00000001
core   0: 0x00000000800037e4 (0xff9ff06f) j       pc - 0x8
core   0: 3 0x00000000800037e4 (0xff9ff06f)
core   0: 0x00000000800037dc (0x00001397) auipc   t2, 0x1
core   0: 3 0x00000000800037dc (0x00001397) x7  0x00000000800047dc
core   0: 0x00000000800037e0 (0x8213a223) sw      ra, -2012(t2)
core   0: 3 0x00000000800037e0 (0x8213a223) mem 0x0000000080004000 0x00000001
core   0: 0x00000000800037e4 (0xff9ff06f) j       pc - 0x8
core   0: 3 0x00000000800037e4 (0xff9ff06f)
core   0: 0x00000000800037dc (0x00001397) auipc   t2, 0x1
core   0: 3 0x00000000800037dc (0x00001397) x7  0x00000000800047dc
core   0: 0x00000000800037e0 (0x8213a223) sw      ra, -2012(t2)
core   0: 3 0x00000000800037e0 (0x8213a223) mem 0x0000000080004000 0x00000001
core   0: 0x00000000800037e4 (0xff9ff06f) j       pc - 0x8
core   0: 3 0x00000000800037e4 (0xff9ff06f)
core   0: 0x00000000800037dc (0x00001397) auipc   t2, 0x1
core   0: 3 0x00000000800037dc (0x00001397) x7  0x00000000800047dc
core   0: 0x00000000800037e0 (0x8213a223) sw      ra, -2012(t2)
core   0: 3 0x00000000800037e0 (0x8213a223) mem 0x0000000080004000 0x00000001
core   0: 0x00000000800037e4 (0xff9ff06f) j       pc - 0x8
core   0: 3 0x00000000800037e4 (0xff9ff06f)
core   0: 0x00000000800037dc (0x00001397) auipc   t2, 0x1
core   0: 3 0x00000000800037dc (0x00001397) x7  0x00000000800047dc
core   0: 0x00000000800037e0 (0x8213a223) sw      ra, -2012(t2)
core   0: 3 0x00000000800037e0 (0x8213a223) mem 0x0000000080004000 0x00000001
core   0: 0x00000000800037e4 (0xff9ff06f) j       pc - 0x8
core   0: 3 0x00000000800037e4 (0xff9ff06f)
core   0: 0x00000000800037dc (0x00001397) auipc   t2, 0x1
core   0: 3 0x00000000800037dc (0x00001397) x7  0x00000000800047dc
core   0: 0x00000000800037e0 (0x8213a223) sw      ra, -2012(t2)
core   0: 3 0x00000000800037e0 (0x8213a223) mem 0x0000000080004000 0x00000001
core   0: 0x00000000800037e4 (0xff9ff06f) j       pc - 0x8
core   0: 3 0x00000000800037e4 (0xff9ff06f)
core   0: 0x00000000800037dc (0x00001397) auipc   t2, 0x1
core   0: 3 0x00000000800037dc (0x00001397) x7  0x00000000800047dc
core   0: 0x00000000800037e0 (0x8213a223) sw      ra, -2012(t2)
core   0: 3 0x00000000800037e0 (0x8213a223) mem 0x0000000080004000 0x00000001
core   0: 0x00000000800037e4 (0xff9ff06f) j       pc - 0x8
core   0: 3 0x00000000800037e4 (0xff9ff06f)
core   0: 0x00000000800037dc (0x00001397) auipc   t2, 0x1
core   0: 3 0x00000000800037dc (0x00001397) x7  0x00000000800047dc
core   0: 0x00000000800037e0 (0x8213a223) sw      ra, -2012(t2)
core   0: 3 0x00000000800037e0 (0x8213a223) mem 0x0000000080004000 0x00000001
core   0: 0x00000000800037e4 (0xff9ff06f) j       pc - 0x8
core   0: 3 0x00000000800037e4 (0xff9ff06f)
core   0: 0x00000000800037dc (0x00001397) auipc   t2, 0x1
core   0: 3 0x00000000800037dc (0x00001397) x7  0x00000000800047dc
core   0: 0x00000000800037e0 (0x8213a223) sw      ra, -2012(t2)
core   0: 3 0x00000000800037e0 (0x8213a223) mem 0x0000000080004000 0x00000001
core   0: 0x00000000800037e4 (0xff9ff06f) j       pc - 0x8
core   0: 3 0x00000000800037e4 (0xff9ff06f)
core   0: 0x00000000800037dc (0x00001397) auipc   t2, 0x1
core   0: 3 0x00000000800037dc (0x00001397) x7  0x00000000800047dc
core   0: 0x00000000800037e0 (0x8213a223) sw      ra, -2012(t2)
core   0: 3 0x00000000800037e0 (0x8213a223) mem 0x0000000080004000 0x00000001
core   0: 0x00000000800037e4 (0xff9ff06f) j       pc - 0x8
core   0: 3 0x00000000800037e4 (0xff9ff06f)
core   0: 0x00000000800037dc (0x00001397) auipc   t2, 0x1
core   0: 3 0x00000000800037dc (0x00001397) x7  0x00000000800047dc
core   0: 0x00000000800037e0 (0x8213a223) sw      ra, -2012(t2)
core   0: 3 0x00000000800037e0 (0x8213a223) mem 0x0000000080004000 0x00000001
core   0: 0x00000000800037e4 (0xff9ff06f) j       pc - 0x8
core   0: 3 0x00000000800037e4 (0xff9ff06f)
core   0: 0x00000000800037dc (0x00001397) auipc   t2, 0x1
core   0: 3 0x00000000800037dc (0x00001397) x7  0x00000000800047dc
core   0: 0x00000000800037e0 (0x8213a223) sw      ra, -2012(t2)
core   0: 3 0x00000000800037e0 (0x8213a223) mem 0x0000000080004000 0x00000001
core   0: 0x00000000800037e4 (0xff9ff06f) j       pc - 0x8
core   0: 3 0x00000000800037e4 (0xff9ff06f)
core   0: 0x00000000800037dc (0x00001397) auipc   t2, 0x1
core   0: 3 0x00000000800037dc (0x00001397) x7  0x00000000800047dc
core   0: 0x00000000800037e0 (0x8213a223) sw      ra, -2012(t2)
core   0: 3 0x00000000800037e0 (0x8213a223) mem 0x0000000080004000 0x00000001
core   0: 0x00000000800037e4 (0xff9ff06f) j       pc - 0x8
core   0: 3 0x00000000800037e4 (0xff9ff06f)
core   0: 0x00000000800037dc (0x00001397) auipc   t2, 0x1
core   0: 3 0x00000000800037dc (0x00001397) x7  0x00000000800047dc
core   0: 0x00000000800037e0 (0x8213a223) sw      ra, -2012(t2)
core   0: 3 0x00000000800037e0 (0x8213a223) mem 0x0000000080004000 0x00000001
core   0: 0x00000000800037e4 (0xff9ff06f) j       pc - 0x8
core   0: 3 0x00000000800037e4 (0xff9ff06f)
core   0: 0x00000000800037dc (0x00001397) auipc   t2, 0x1
core   0: 3 0x00000000800037dc (0x00001397) x7  0x00000000800047dc
core   0: 0x00000000800037e0 (0x8213a223) sw      ra, -2012(t2)
core   0: 3 0x00000000800037e0 (0x8213a223) mem 0x0000000080004000 0x00000001
core   0: 0x00000000800037e4 (0xff9ff06f) j       pc - 0x8
core   0: 3 0x00000000800037e4 (0xff9ff06f)
core   0: 0x00000000800037dc (0x00001397) auipc   t2, 0x1
core   0: 3 0x00000000800037dc (0x00001397) x7  0x00000000800047dc
core   0: 0x00000000800037e0 (0x8213a223) sw      ra, -2012(t2)
core   0: 3 0x00000000800037e0 (0x8213a223) mem 0x0000000080004000 0x00000001
core   0: 0x00000000800037e4 (0xff9ff06f) j       pc - 0x8
core   0: 3 0x00000000800037e4 (0xff9ff06f)
core   0: 0x00000000800037dc (0x00001397) auipc   t2, 0x1
core   0: 3 0x00000000800037dc (0x00001397) x7  0x00000000800047dc
core   0: 0x00000000800037e0 (0x8213a223) sw      ra, -2012(t2)
core   0: 3 0x00000000800037e0 (0x8213a223) mem 0x0000000080004000 0x00000001
core   0: 0x00000000800037e4 (0xff9ff06f) j       pc - 0x8
core   0: 3 0x00000000800037e4 (0xff9ff06f)
core   0: 0x00000000800037dc (0x00001397) auipc   t2, 0x1
core   0: 3 0x00000000800037dc (0x00001397) x7  0x00000000800047dc
core   0: 0x00000000800037e0 (0x8213a223) sw      ra, -2012(t2)
core   0: 3 0x00000000800037e0 (0x8213a223) mem 0x0000000080004000 0x00000001
core   0: 0x00000000800037e4 (0xff9ff06f) j       pc - 0x8
core   0: 3 0x00000000800037e4 (0xff9ff06f)
core   0: 0x00000000800037dc (0x00001397) auipc   t2, 0x1
core   0: 3 0x00000000800037dc (0x00001397) x7  0x00000000800047dc
core   0: 0x00000000800037e0 (0x8213a223) sw      ra, -2012(t2)
core   0: 3 0x00000000800037e0 (0x8213a223) mem 0x0000000080004000 0x00000001
core   0: 0x00000000800037e4 (0xff9ff06f) j       pc - 0x8
core   0: 3 0x00000000800037e4 (0xff9ff06f)
core   0: 0x00000000800037dc (0x00001397) auipc   t2, 0x1
core   0: 3 0x00000000800037dc (0x00001397) x7  0x00000000800047dc
core   0: 0x00000000800037e0 (0x8213a223) sw      ra, -2012(t2)
core   0: 3 0x00000000800037e0 (0x8213a223) mem 0x0000000080004000 0x00000001
core   0: 0x00000000800037e4 (0xff9ff06f) j       pc - 0x8
core   0: 3 0x00000000800037e4 (0xff9ff06f)
core   0: 0x00000000800037dc (0x00001397) auipc   t2, 0x1
core   0: 3 0x00000000800037dc (0x00001397) x7  0x00000000800047dc
core   0: 0x00000000800037e0 (0x8213a223) sw      ra, -2012(t2)
core   0: 3 0x00000000800037e0 (0x8213a223) mem 0x0000000080004000 0x00000001
core   0: 0x00000000800037e4 (0xff9ff06f) j       pc - 0x8
core   0: 3 0x00000000800037e4 (0xff9ff06f)
core   0: 0x00000000800037dc (0x00001397) auipc   t2, 0x1
core   0: 3 0x00000000800037dc (0x00001397) x7  0x00000000800047dc
core   0: 0x00000000800037e0 (0x8213a223) sw      ra, -2012(t2)
core   0: 3 0x00000000800037e0 (0x8213a223) mem 0x0000000080004000 0x00000001
core   0: 0x00000000800037e4 (0xff9ff06f) j       pc - 0x8
core   0: 3 0x00000000800037e4 (0xff9ff06f)
core   0: 0x00000000800037dc (0x00001397) auipc   t2, 0x1
core   0: 3 0x00000000800037dc (0x00001397) x7  0x00000000800047dc
core   0: 0x00000000800037e0 (0x8213a223) sw      ra, -2012(t2)
core   0: 3 0x00000000800037e0 (0x8213a223) mem 0x0000000080004000 0x00000001
core   0: 0x00000000800037e4 (0xff9ff06f) j       pc - 0x8
core   0: 3 0x00000000800037e4 (0xff9ff06f)
core   0: 0x00000000800037dc (0x00001397) auipc   t2, 0x1
core   0: 3 0x00000000800037dc (0x00001397) x7  0x00000000800047dc
core   0: 0x00000000800037e0 (0x8213a223) sw      ra, -2012(t2)
core   0: 3 0x00000000800037e0 (0x8213a223) mem 0x0000000080004000 0x00000001
core   0: 0x00000000800037e4 (0xff9ff06f) j       pc - 0x8
core   0: 3 0x00000000800037e4 (0xff9ff06f)
core   0: 0x00000000800037dc (0x00001397) auipc   t2, 0x1
core   0: 3 0x00000000800037dc (0x00001397) x7  0x00000000800047dc
core   0: 0x00000000800037e0 (0x8213a223) sw      ra, -2012(t2)
core   0: 3 0x00000000800037e0 (0x8213a223) mem 0x0000000080004000 0x00000001
core   0: 0x00000000800037e4 (0xff9ff06f) j       pc - 0x8
core   0: 3 0x00000000800037e4 (0xff9ff06f)
core   0: 0x00000000800037dc (0x00001397) auipc   t2, 0x1
core   0: 3 0x00000000800037dc (0x00001397) x7  0x00000000800047dc
core   0: 0x00000000800037e0 (0x8213a223) sw      ra, -2012(t2)
core   0: 3 0x00000000800037e0 (0x8213a223) mem 0x0000000080004000 0x00000001
core   0: 0x00000000800037e4 (0xff9ff06f) j       pc - 0x8
core   0: 3 0x00000000800037e4 (0xff9ff06f)
core   0: 0x00000000800037dc (0x00001397) auipc   t2, 0x1
core   0: 3 0x00000000800037dc (0x00001397) x7  0x00000000800047dc
core   0: 0x00000000800037e0 (0x8213a223) sw      ra, -2012(t2)
core   0: 3 0x00000000800037e0 (0x8213a223) mem 0x0000000080004000 0x00000001
core   0: 0x00000000800037e4 (0xff9ff06f) j       pc - 0x8
core   0: 3 0x00000000800037e4 (0xff9ff06f)
core   0: 0x00000000800037dc (0x00001397) auipc   t2, 0x1
core   0: 3 0x00000000800037dc (0x00001397) x7  0x00000000800047dc
core   0: 0x00000000800037e0 (0x8213a223) sw      ra, -2012(t2)
core   0: 3 0x00000000800037e0 (0x8213a223) mem 0x0000000080004000 0x00000001
core   0: 0x00000000800037e4 (0xff9ff06f) j       pc - 0x8
core   0: 3 0x00000000800037e4 (0xff9ff06f)
core   0: 0x00000000800037dc (0x00001397) auipc   t2, 0x1
core   0: 3 0x00000000800037dc (0x00001397) x7  0x00000000800047dc
core   0: 0x00000000800037e0 (0x8213a223) sw      ra, -2012(t2)
core   0: 3 0x00000000800037e0 (0x8213a223) mem 0x0000000080004000 0x00000001
core   0: 0x00000000800037e4 (0xff9ff06f) j       pc - 0x8
core   0: 3 0x00000000800037e4 (0xff9ff06f)
core   0: 0x00000000800037dc (0x00001397) auipc   t2, 0x1
core   0: 3 0x00000000800037dc (0x00001397) x7  0x00000000800047dc
core   0: 0x00000000800037e0 (0x8213a223) sw      ra, -2012(t2)
core   0: 3 0x00000000800037e0 (0x8213a223) mem 0x0000000080004000 0x00000001
core   0: 0x00000000800037e4 (0xff9ff06f) j       pc - 0x8
core   0: 3 0x00000000800037e4 (0xff9ff06f)
core   0: 0x00000000800037dc (0x00001397) auipc   t2, 0x1
core   0: 3 0x00000000800037dc (0x00001397) x7  0x00000000800047dc
core   0: 0x00000000800037e0 (0x8213a223) sw      ra, -2012(t2)
core   0: 3 0x00000000800037e0 (0x8213a223) mem 0x0000000080004000 0x00000001
core   0: 0x00000000800037e4 (0xff9ff06f) j       pc - 0x8
core   0: 3 0x00000000800037e4 (0xff9ff06f)
core   0: 0x00000000800037dc (0x00001397) auipc   t2, 0x1
core   0: 3 0x00000000800037dc (0x00001397) x7  0x00000000800047dc
core   0: 0x00000000800037e0 (0x8213a223) sw      ra, -2012(t2)
core   0: 3 0x00000000800037e0 (0x8213a223) mem 0x0000000080004000 0x00000001
core   0: 0x00000000800037e4 (0xff9ff06f) j       pc - 0x8
core   0: 3 0x00000000800037e4 (0xff9ff06f)
core   0: 0x00000000800037dc (0x00001397) auipc   t2, 0x1
core   0: 3 0x00000000800037dc (0x00001397) x7  0x00000000800047dc
core   0: 0x00000000800037e0 (0x8213a223) sw      ra, -2012(t2)
core   0: 3 0x00000000800037e0 (0x8213a223) mem 0x0000000080004000 0x00000001
core   0: 0x00000000800037e4 (0xff9ff06f) j       pc - 0x8
core   0: 3 0x00000000800037e4 (0xff9ff06f)
core   0: 0x00000000800037dc (0x00001397) auipc   t2, 0x1
core   0: 3 0x00000000800037dc (0x00001397) x7  0x00000000800047dc
core   0: 0x00000000800037e0 (0x8213a223) sw      ra, -2012(t2)
core   0: 3 0x00000000800037e0 (0x8213a223) mem 0x0000000080004000 0x00000001
core   0: 0x00000000800037e4 (0xff9ff06f) j       pc - 0x8
core   0: 3 0x00000000800037e4 (0xff9ff06f)
core   0: 0x00000000800037dc (0x00001397) auipc   t2, 0x1
core   0: 3 0x00000000800037dc (0x00001397) x7  0x00000000800047dc
core   0: 0x00000000800037e0 (0x8213a223) sw      ra, -2012(t2)
core   0: 3 0x00000000800037e0 (0x8213a223) mem 0x0000000080004000 0x00000001
core   0: 0x00000000800037e4 (0xff9ff06f) j       pc - 0x8
core   0: 3 0x00000000800037e4 (0xff9ff06f)
core   0: 0x00000000800037dc (0x00001397) auipc   t2, 0x1
core   0: 3 0x00000000800037dc (0x00001397) x7  0x00000000800047dc
core   0: 0x00000000800037e0 (0x8213a223) sw      ra, -2012(t2)
core   0: 3 0x00000000800037e0 (0x8213a223) mem 0x0000000080004000 0x00000001
core   0: 0x00000000800037e4 (0xff9ff06f) j       pc - 0x8
core   0: 3 0x00000000800037e4 (0xff9ff06f)
core   0: 0x00000000800037dc (0x00001397) auipc   t2, 0x1
core   0: 3 0x00000000800037dc (0x00001397) x7  0x00000000800047dc
core   0: 0x00000000800037e0 (0x8213a223) sw      ra, -2012(t2)
core   0: 3 0x00000000800037e0 (0x8213a223) mem 0x0000000080004000 0x00000001
core   0: 0x00000000800037e4 (0xff9ff06f) j       pc - 0x8
core   0: 3 0x00000000800037e4 (0xff9ff06f)
core   0: 0x00000000800037dc (0x00001397) auipc   t2, 0x1
core   0: 3 0x00000000800037dc (0x00001397) x7  0x00000000800047dc
core   0: 0x00000000800037e0 (0x8213a223) sw      ra, -2012(t2)
core   0: 3 0x00000000800037e0 (0x8213a223) mem 0x0000000080004000 0x00000001
core   0: 0x00000000800037e4 (0xff9ff06f) j       pc - 0x8
core   0: 3 0x00000000800037e4 (0xff9ff06f)
core   0: 0x00000000800037dc (0x00001397) auipc   t2, 0x1
core   0: 3 0x00000000800037dc (0x00001397) x7  0x00000000800047dc
core   0: 0x00000000800037e0 (0x8213a223) sw      ra, -2012(t2)
core   0: 3 0x00000000800037e0 (0x8213a223) mem 0x0000000080004000 0x00000001
core   0: 0x00000000800037e4 (0xff9ff06f) j       pc - 0x8
core   0: 3 0x00000000800037e4 (0xff9ff06f)
core   0: 0x00000000800037dc (0x00001397) auipc   t2, 0x1
core   0: 3 0x00000000800037dc (0x00001397) x7  0x00000000800047dc
core   0: 0x00000000800037e0 (0x8213a223) sw      ra, -2012(t2)
core   0: 3 0x00000000800037e0 (0x8213a223) mem 0x0000000080004000 0x00000001
core   0: 0x00000000800037e4 (0xff9ff06f) j       pc - 0x8
core   0: 3 0x00000000800037e4 (0xff9ff06f)
core   0: 0x00000000800037dc (0x00001397) auipc   t2, 0x1
core   0: 3 0x00000000800037dc (0x00001397) x7  0x00000000800047dc
core   0: 0x00000000800037e0 (0x8213a223) sw      ra, -2012(t2)
core   0: 3 0x00000000800037e0 (0x8213a223) mem 0x0000000080004000 0x00000001
core   0: 0x00000000800037e4 (0xff9ff06f) j       pc - 0x8
core   0: 3 0x00000000800037e4 (0xff9ff06f)
core   0: 0x00000000800037dc (0x00001397) auipc   t2, 0x1
core   0: 3 0x00000000800037dc (0x00001397) x7  0x00000000800047dc
core   0: 0x00000000800037e0 (0x8213a223) sw      ra, -2012(t2)
core   0: 3 0x00000000800037e0 (0x8213a223) mem 0x0000000080004000 0x00000001
core   0: 0x00000000800037e4 (0xff9ff06f) j       pc - 0x8
core   0: 3 0x00000000800037e4 (0xff9ff06f)
core   0: 0x00000000800037dc (0x00001397) auipc   t2, 0x1
core   0: 3 0x00000000800037dc (0x00001397) x7  0x00000000800047dc
core   0: 0x00000000800037e0 (0x8213a223) sw      ra, -2012(t2)
core   0: 3 0x00000000800037e0 (0x8213a223) mem 0x0000000080004000 0x00000001
core   0: 0x00000000800037e4 (0xff9ff06f) j       pc - 0x8
core   0: 3 0x00000000800037e4 (0xff9ff06f)
core   0: 0x00000000800037dc (0x00001397) auipc   t2, 0x1
core   0: 3 0x00000000800037dc (0x00001397) x7  0x00000000800047dc
core   0: 0x00000000800037e0 (0x8213a223) sw      ra, -2012(t2)
core   0: 3 0x00000000800037e0 (0x8213a223) mem 0x0000000080004000 0x00000001
core   0: 0x00000000800037e4 (0xff9ff06f) j       pc - 0x8
core   0: 3 0x00000000800037e4 (0xff9ff06f)
core   0: 0x00000000800037dc (0x00001397) auipc   t2, 0x1
core   0: 3 0x00000000800037dc (0x00001397) x7  0x00000000800047dc
core   0: 0x00000000800037e0 (0x8213a223) sw      ra, -2012(t2)
core   0: 3 0x00000000800037e0 (0x8213a223) mem 0x0000000080004000 0x00000001
core   0: 0x00000000800037e4 (0xff9ff06f) j       pc - 0x8
core   0: 3 0x00000000800037e4 (0xff9ff06f)
core   0: 0x00000000800037dc (0x00001397) auipc   t2, 0x1
core   0: 3 0x00000000800037dc (0x00001397) x7  0x00000000800047dc
core   0: 0x00000000800037e0 (0x8213a223) sw      ra, -2012(t2)
core   0: 3 0x00000000800037e0 (0x8213a223) mem 0x0000000080004000 0x00000001
core   0: 0x00000000800037e4 (0xff9ff06f) j       pc - 0x8
core   0: 3 0x00000000800037e4 (0xff9ff06f)
core   0: 0x00000000800037dc (0x00001397) auipc   t2, 0x1
core   0: 3 0x00000000800037dc (0x00001397) x7  0x00000000800047dc
core   0: 0x00000000800037e0 (0x8213a223) sw      ra, -2012(t2)
core   0: 3 0x00000000800037e0 (0x8213a223) mem 0x0000000080004000 0x00000001
core   0: 0x00000000800037e4 (0xff9ff06f) j       pc - 0x8
core   0: 3 0x00000000800037e4 (0xff9ff06f)
core   0: 0x00000000800037dc (0x00001397) auipc   t2, 0x1
core   0: 3 0x00000000800037dc (0x00001397) x7  0x00000000800047dc
core   0: 0x00000000800037e0 (0x8213a223) sw      ra, -2012(t2)
core   0: 3 0x00000000800037e0 (0x8213a223) mem 0x0000000080004000 0x00000001
core   0: 0x00000000800037e4 (0xff9ff06f) j       pc - 0x8
core   0: 3 0x00000000800037e4 (0xff9ff06f)
core   0: 0x00000000800037dc (0x00001397) auipc   t2, 0x1
core   0: 3 0x00000000800037dc (0x00001397) x7  0x00000000800047dc
core   0: 0x00000000800037e0 (0x8213a223) sw      ra, -2012(t2)
core   0: 3 0x00000000800037e0 (0x8213a223) mem 0x0000000080004000 0x00000001
core   0: 0x00000000800037e4 (0xff9ff06f) j       pc - 0x8
core   0: 3 0x00000000800037e4 (0xff9ff06f)
core   0: 0x00000000800037dc (0x00001397) auipc   t2, 0x1
core   0: 3 0x00000000800037dc (0x00001397) x7  0x00000000800047dc
core   0: 0x00000000800037e0 (0x8213a223) sw      ra, -2012(t2)
core   0: 3 0x00000000800037e0 (0x8213a223) mem 0x0000000080004000 0x00000001
core   0: 0x00000000800037e4 (0xff9ff06f) j       pc - 0x8
core   0: 3 0x00000000800037e4 (0xff9ff06f)
core   0: 0x00000000800037dc (0x00001397) auipc   t2, 0x1
core   0: 3 0x00000000800037dc (0x00001397) x7  0x00000000800047dc
core   0: 0x00000000800037e0 (0x8213a223) sw      ra, -2012(t2)
core   0: 3 0x00000000800037e0 (0x8213a223) mem 0x0000000080004000 0x00000001
core   0: 0x00000000800037e4 (0xff9ff06f) j       pc - 0x8
core   0: 3 0x00000000800037e4 (0xff9ff06f)
core   0: 0x00000000800037dc (0x00001397) auipc   t2, 0x1
core   0: 3 0x00000000800037dc (0x00001397) x7  0x00000000800047dc
core   0: 0x00000000800037e0 (0x8213a223) sw      ra, -2012(t2)
core   0: 3 0x00000000800037e0 (0x8213a223) mem 0x0000000080004000 0x00000001
core   0: 0x00000000800037e4 (0xff9ff06f) j       pc - 0x8
core   0: 3 0x00000000800037e4 (0xff9ff06f)
core   0: 0x00000000800037dc (0x00001397) auipc   t2, 0x1
core   0: 3 0x00000000800037dc (0x00001397) x7  0x00000000800047dc
core   0: 0x00000000800037e0 (0x8213a223) sw      ra, -2012(t2)
core   0: 3 0x00000000800037e0 (0x8213a223) mem 0x0000000080004000 0x00000001
core   0: 0x00000000800037e4 (0xff9ff06f) j       pc - 0x8
core   0: 3 0x00000000800037e4 (0xff9ff06f)
core   0: 0x00000000800037dc (0x00001397) auipc   t2, 0x1
core   0: 3 0x00000000800037dc (0x00001397) x7  0x00000000800047dc
core   0: 0x00000000800037e0 (0x8213a223) sw      ra, -2012(t2)
core   0: 3 0x00000000800037e0 (0x8213a223) mem 0x0000000080004000 0x00000001
core   0: 0x00000000800037e4 (0xff9ff06f) j       pc - 0x8
core   0: 3 0x00000000800037e4 (0xff9ff06f)
core   0: 0x00000000800037dc (0x00001397) auipc   t2, 0x1
core   0: 3 0x00000000800037dc (0x00001397) x7  0x00000000800047dc
core   0: 0x00000000800037e0 (0x8213a223) sw      ra, -2012(t2)
core   0: 3 0x00000000800037e0 (0x8213a223) mem 0x0000000080004000 0x00000001
core   0: 0x00000000800037e4 (0xff9ff06f) j       pc - 0x8
core   0: 3 0x00000000800037e4 (0xff9ff06f)
core   0: 0x00000000800037dc (0x00001397) auipc   t2, 0x1
core   0: 3 0x00000000800037dc (0x00001397) x7  0x00000000800047dc
core   0: 0x00000000800037e0 (0x8213a223) sw      ra, -2012(t2)
core   0: 3 0x00000000800037e0 (0x8213a223) mem 0x0000000080004000 0x00000001
core   0: 0x00000000800037e4 (0xff9ff06f) j       pc - 0x8
core   0: 3 0x00000000800037e4 (0xff9ff06f)
core   0: 0x00000000800037dc (0x00001397) auipc   t2, 0x1
core   0: 3 0x00000000800037dc (0x00001397) x7  0x00000000800047dc
core   0: 0x00000000800037e0 (0x8213a223) sw      ra, -2012(t2)
core   0: 3 0x00000000800037e0 (0x8213a223) mem 0x0000000080004000 0x00000001
core   0: 0x00000000800037e4 (0xff9ff06f) j       pc - 0x8
core   0: 3 0x00000000800037e4 (0xff9ff06f)
core   0: 0x00000000800037dc (0x00001397) auipc   t2, 0x1
core   0: 3 0x00000000800037dc (0x00001397) x7  0x00000000800047dc
core   0: 0x00000000800037e0 (0x8213a223) sw      ra, -2012(t2)
core   0: 3 0x00000000800037e0 (0x8213a223) mem 0x0000000080004000 0x00000001
core   0: 0x00000000800037e4 (0xff9ff06f) j       pc - 0x8
core   0: 3 0x00000000800037e4 (0xff9ff06f)
core   0: 0x00000000800037dc (0x00001397) auipc   t2, 0x1
core   0: 3 0x00000000800037dc (0x00001397) x7  0x00000000800047dc
core   0: 0x00000000800037e0 (0x8213a223) sw      ra, -2012(t2)
core   0: 3 0x00000000800037e0 (0x8213a223) mem 0x0000000080004000 0x00000001
core   0: 0x00000000800037e4 (0xff9ff06f) j       pc - 0x8
core   0: 3 0x00000000800037e4 (0xff9ff06f)
core   0: 0x00000000800037dc (0x00001397) auipc   t2, 0x1
core   0: 3 0x00000000800037dc (0x00001397) x7  0x00000000800047dc
core   0: 0x00000000800037e0 (0x8213a223) sw      ra, -2012(t2)
core   0: 3 0x00000000800037e0 (0x8213a223) mem 0x0000000080004000 0x00000001
core   0: 0x00000000800037e4 (0xff9ff06f) j       pc - 0x8
core   0: 3 0x00000000800037e4 (0xff9ff06f)
core   0: 0x00000000800037dc (0x00001397) auipc   t2, 0x1
core   0: 3 0x00000000800037dc (0x00001397) x7  0x00000000800047dc
core   0: 0x00000000800037e0 (0x8213a223) sw      ra, -2012(t2)
core   0: 3 0x00000000800037e0 (0x8213a223) mem 0x0000000080004000 0x00000001
core   0: 0x00000000800037e4 (0xff9ff06f) j       pc - 0x8
core   0: 3 0x00000000800037e4 (0xff9ff06f)
core   0: 0x00000000800037dc (0x00001397) auipc   t2, 0x1
core   0: 3 0x00000000800037dc (0x00001397) x7  0x00000000800047dc
core   0: 0x00000000800037e0 (0x8213a223) sw      ra, -2012(t2)
core   0: 3 0x00000000800037e0 (0x8213a223) mem 0x0000000080004000 0x00000001
core   0: 0x00000000800037e4 (0xff9ff06f) j       pc - 0x8
core   0: 3 0x00000000800037e4 (0xff9ff06f)
core   0: 0x00000000800037dc (0x00001397) auipc   t2, 0x1
core   0: 3 0x00000000800037dc (0x00001397) x7  0x00000000800047dc
core   0: 0x00000000800037e0 (0x8213a223) sw      ra, -2012(t2)
core   0: 3 0x00000000800037e0 (0x8213a223) mem 0x0000000080004000 0x00000001
core   0: 0x00000000800037e4 (0xff9ff06f) j       pc - 0x8
core   0: 3 0x00000000800037e4 (0xff9ff06f)
core   0: 0x00000000800037dc (0x00001397) auipc   t2, 0x1
core   0: 3 0x00000000800037dc (0x00001397) x7  0x00000000800047dc
core   0: 0x00000000800037e0 (0x8213a223) sw      ra, -2012(t2)
core   0: 3 0x00000000800037e0 (0x8213a223) mem 0x0000000080004000 0x00000001
core   0: 0x00000000800037e4 (0xff9ff06f) j       pc - 0x8
core   0: 3 0x00000000800037e4 (0xff9ff06f)
core   0: 0x00000000800037dc (0x00001397) auipc   t2, 0x1
core   0: 3 0x00000000800037dc (0x00001397) x7  0x00000000800047dc
core   0: 0x00000000800037e0 (0x8213a223) sw      ra, -2012(t2)
core   0: 3 0x00000000800037e0 (0x8213a223) mem 0x0000000080004000 0x00000001
core   0: 0x00000000800037e4 (0xff9ff06f) j       pc - 0x8
core   0: 3 0x00000000800037e4 (0xff9ff06f)
core   0: 0x00000000800037dc (0x00001397) auipc   t2, 0x1
core   0: 3 0x00000000800037dc (0x00001397) x7  0x00000000800047dc
core   0: 0x00000000800037e0 (0x8213a223) sw      ra, -2012(t2)
core   0: 3 0x00000000800037e0 (0x8213a223) mem 0x0000000080004000 0x00000001
core   0: 0x00000000800037e4 (0xff9ff06f) j       pc - 0x8
core   0: 3 0x00000000800037e4 (0xff9ff06f)
core   0: 0x00000000800037dc (0x00001397) auipc   t2, 0x1
core   0: 3 0x00000000800037dc (0x00001397) x7  0x00000000800047dc
core   0: 0x00000000800037e0 (0x8213a223) sw      ra, -2012(t2)
core   0: 3 0x00000000800037e0 (0x8213a223) mem 0x0000000080004000 0x00000001
core   0: 0x00000000800037e4 (0xff9ff06f) j       pc - 0x8
core   0: 3 0x00000000800037e4 (0xff9ff06f)
core   0: 0x00000000800037dc (0x00001397) auipc   t2, 0x1
core   0: 3 0x00000000800037dc (0x00001397) x7  0x00000000800047dc
core   0: 0x00000000800037e0 (0x8213a223) sw      ra, -2012(t2)
core   0: 3 0x00000000800037e0 (0x8213a223) mem 0x0000000080004000 0x00000001
core   0: 0x00000000800037e4 (0xff9ff06f) j       pc - 0x8
core   0: 3 0x00000000800037e4 (0xff9ff06f)
core   0: 0x00000000800037dc (0x00001397) auipc   t2, 0x1
core   0: 3 0x00000000800037dc (0x00001397) x7  0x00000000800047dc
core   0: 0x00000000800037e0 (0x8213a223) sw      ra, -2012(t2)
core   0: 3 0x00000000800037e0 (0x8213a223) mem 0x0000000080004000 0x00000001
core   0: 0x00000000800037e4 (0xff9ff06f) j       pc - 0x8
core   0: 3 0x00000000800037e4 (0xff9ff06f)
core   0: 0x00000000800037dc (0x00001397) auipc   t2, 0x1
core   0: 3 0x00000000800037dc (0x00001397) x7  0x00000000800047dc
core   0: 0x00000000800037e0 (0x8213a223) sw      ra, -2012(t2)
core   0: 3 0x00000000800037e0 (0x8213a223) mem 0x0000000080004000 0x00000001
core   0: 0x00000000800037e4 (0xff9ff06f) j       pc - 0x8
core   0: 3 0x00000000800037e4 (0xff9ff06f)
core   0: 0x00000000800037dc (0x00001397) auipc   t2, 0x1
core   0: 3 0x00000000800037dc (0x00001397) x7  0x00000000800047dc
core   0: 0x00000000800037e0 (0x8213a223) sw      ra, -2012(t2)
core   0: 3 0x00000000800037e0 (0x8213a223) mem 0x0000000080004000 0x00000001
core   0: 0x00000000800037e4 (0xff9ff06f) j       pc - 0x8
core   0: 3 0x00000000800037e4 (0xff9ff06f)
core   0: 0x00000000800037dc (0x00001397) auipc   t2, 0x1
core   0: 3 0x00000000800037dc (0x00001397) x7  0x00000000800047dc
core   0: 0x00000000800037e0 (0x8213a223) sw      ra, -2012(t2)
core   0: 3 0x00000000800037e0 (0x8213a223) mem 0x0000000080004000 0x00000001
core   0: 0x00000000800037e4 (0xff9ff06f) j       pc - 0x8
core   0: 3 0x00000000800037e4 (0xff9ff06f)
core   0: 0x00000000800037dc (0x00001397) auipc   t2, 0x1
core   0: 3 0x00000000800037dc (0x00001397) x7  0x00000000800047dc
core   0: 0x00000000800037e0 (0x8213a223) sw      ra, -2012(t2)
core   0: 3 0x00000000800037e0 (0x8213a223) mem 0x0000000080004000 0x00000001
core   0: 0x00000000800037e4 (0xff9ff06f) j       pc - 0x8
core   0: 3 0x00000000800037e4 (0xff9ff06f)
core   0: 0x00000000800037dc (0x00001397) auipc   t2, 0x1
core   0: 3 0x00000000800037dc (0x00001397) x7  0x00000000800047dc
core   0: 0x00000000800037e0 (0x8213a223) sw      ra, -2012(t2)
core   0: 3 0x00000000800037e0 (0x8213a223) mem 0x0000000080004000 0x00000001
core   0: 0x00000000800037e4 (0xff9ff06f) j       pc - 0x8
core   0: 3 0x00000000800037e4 (0xff9ff06f)
core   0: 0x00000000800037dc (0x00001397) auipc   t2, 0x1
core   0: 3 0x00000000800037dc (0x00001397) x7  0x00000000800047dc
core   0: 0x00000000800037e0 (0x8213a223) sw      ra, -2012(t2)
core   0: 3 0x00000000800037e0 (0x8213a223) mem 0x0000000080004000 0x00000001
core   0: 0x00000000800037e4 (0xff9ff06f) j       pc - 0x8
core   0: 3 0x00000000800037e4 (0xff9ff06f)
core   0: 0x00000000800037dc (0x00001397) auipc   t2, 0x1
core   0: 3 0x00000000800037dc (0x00001397) x7  0x00000000800047dc
core   0: 0x00000000800037e0 (0x8213a223) sw      ra, -2012(t2)
core   0: 3 0x00000000800037e0 (0x8213a223) mem 0x0000000080004000 0x00000001
core   0: 0x00000000800037e4 (0xff9ff06f) j       pc - 0x8
core   0: 3 0x00000000800037e4 (0xff9ff06f)
core   0: 0x00000000800037dc (0x00001397) auipc   t2, 0x1
core   0: 3 0x00000000800037dc (0x00001397) x7  0x00000000800047dc
core   0: 0x00000000800037e0 (0x8213a223) sw      ra, -2012(t2)
core   0: 3 0x00000000800037e0 (0x8213a223) mem 0x0000000080004000 0x00000001
core   0: 0x00000000800037e4 (0xff9ff06f) j       pc - 0x8
core   0: 3 0x00000000800037e4 (0xff9ff06f)
core   0: 0x00000000800037dc (0x00001397) auipc   t2, 0x1
core   0: 3 0x00000000800037dc (0x00001397) x7  0x00000000800047dc
core   0: 0x00000000800037e0 (0x8213a223) sw      ra, -2012(t2)
core   0: 3 0x00000000800037e0 (0x8213a223) mem 0x0000000080004000 0x00000001
core   0: 0x00000000800037e4 (0xff9ff06f) j       pc - 0x8
core   0: 3 0x00000000800037e4 (0xff9ff06f)
core   0: 0x00000000800037dc (0x00001397) auipc   t2, 0x1
core   0: 3 0x00000000800037dc (0x00001397) x7  0x00000000800047dc
core   0: 0x00000000800037e0 (0x8213a223) sw      ra, -2012(t2)
core   0: 3 0x00000000800037e0 (0x8213a223) mem 0x0000000080004000 0x00000001
core   0: 0x00000000800037e4 (0xff9ff06f) j       pc - 0x8
core   0: 3 0x00000000800037e4 (0xff9ff06f)
core   0: 0x00000000800037dc (0x00001397) auipc   t2, 0x1
core   0: 3 0x00000000800037dc (0x00001397) x7  0x00000000800047dc
core   0: 0x00000000800037e0 (0x8213a223) sw      ra, -2012(t2)
core   0: 3 0x00000000800037e0 (0x8213a223) mem 0x0000000080004000 0x00000001
core   0: 0x00000000800037e4 (0xff9ff06f) j       pc - 0x8
core   0: 3 0x00000000800037e4 (0xff9ff06f)
core   0: 0x00000000800037dc (0x00001397) auipc   t2, 0x1
core   0: 3 0x00000000800037dc (0x00001397) x7  0x00000000800047dc
core   0: 0x00000000800037e0 (0x8213a223) sw      ra, -2012(t2)
core   0: 3 0x00000000800037e0 (0x8213a223) mem 0x0000000080004000 0x00000001
core   0: 0x00000000800037e4 (0xff9ff06f) j       pc - 0x8
core   0: 3 0x00000000800037e4 (0xff9ff06f)
core   0: 0x00000000800037dc (0x00001397) auipc   t2, 0x1
core   0: 3 0x00000000800037dc (0x00001397) x7  0x00000000800047dc
core   0: 0x00000000800037e0 (0x8213a223) sw      ra, -2012(t2)
core   0: 3 0x00000000800037e0 (0x8213a223) mem 0x0000000080004000 0x00000001
core   0: 0x00000000800037e4 (0xff9ff06f) j       pc - 0x8
core   0: 3 0x00000000800037e4 (0xff9ff06f)
core   0: 0x00000000800037dc (0x00001397) auipc   t2, 0x1
core   0: 3 0x00000000800037dc (0x00001397) x7  0x00000000800047dc
core   0: 0x00000000800037e0 (0x8213a223) sw      ra, -2012(t2)
core   0: 3 0x00000000800037e0 (0x8213a223) mem 0x0000000080004000 0x00000001
core   0: 0x00000000800037e4 (0xff9ff06f) j       pc - 0x8
core   0: 3 0x00000000800037e4 (0xff9ff06f)
core   0: 0x00000000800037dc (0x00001397) auipc   t2, 0x1
core   0: 3 0x00000000800037dc (0x00001397) x7  0x00000000800047dc
core   0: 0x00000000800037e0 (0x8213a223) sw      ra, -2012(t2)
core   0: 3 0x00000000800037e0 (0x8213a223) mem 0x0000000080004000 0x00000001
core   0: 0x00000000800037e4 (0xff9ff06f) j       pc - 0x8
core   0: 3 0x00000000800037e4 (0xff9ff06f)
core   0: 0x00000000800037dc (0x00001397) auipc   t2, 0x1
core   0: 3 0x00000000800037dc (0x00001397) x7  0x00000000800047dc
core   0: 0x00000000800037e0 (0x8213a223) sw      ra, -2012(t2)
core   0: 3 0x00000000800037e0 (0x8213a223) mem 0x0000000080004000 0x00000001
core   0: 0x00000000800037e4 (0xff9ff06f) j       pc - 0x8
core   0: 3 0x00000000800037e4 (0xff9ff06f)
core   0: 0x00000000800037dc (0x00001397) auipc   t2, 0x1
core   0: 3 0x00000000800037dc (0x00001397) x7  0x00000000800047dc
core   0: 0x00000000800037e0 (0x8213a223) sw      ra, -2012(t2)
core   0: 3 0x00000000800037e0 (0x8213a223) mem 0x0000000080004000 0x00000001
core   0: 0x00000000800037e4 (0xff9ff06f) j       pc - 0x8
core   0: 3 0x00000000800037e4 (0xff9ff06f)
core   0: 0x00000000800037dc (0x00001397) auipc   t2, 0x1
core   0: 3 0x00000000800037dc (0x00001397) x7  0x00000000800047dc
core   0: 0x00000000800037e0 (0x8213a223) sw      ra, -2012(t2)
core   0: 3 0x00000000800037e0 (0x8213a223) mem 0x0000000080004000 0x00000001
core   0: 0x00000000800037e4 (0xff9ff06f) j       pc - 0x8
core   0: 3 0x00000000800037e4 (0xff9ff06f)
core   0: 0x00000000800037dc (0x00001397) auipc   t2, 0x1
core   0: 3 0x00000000800037dc (0x00001397) x7  0x00000000800047dc
core   0: 0x00000000800037e0 (0x8213a223) sw      ra, -2012(t2)
core   0: 3 0x00000000800037e0 (0x8213a223) mem 0x0000000080004000 0x00000001
core   0: 0x00000000800037e4 (0xff9ff06f) j       pc - 0x8
core   0: 3 0x00000000800037e4 (0xff9ff06f)
core   0: 0x00000000800037dc (0x00001397) auipc   t2, 0x1
core   0: 3 0x00000000800037dc (0x00001397) x7  0x00000000800047dc
core   0: 0x00000000800037e0 (0x8213a223) sw      ra, -2012(t2)
core   0: 3 0x00000000800037e0 (0x8213a223) mem 0x0000000080004000 0x00000001
core   0: 0x00000000800037e4 (0xff9ff06f) j       pc - 0x8
core   0: 3 0x00000000800037e4 (0xff9ff06f)
core   0: 0x00000000800037dc (0x00001397) auipc   t2, 0x1
core   0: 3 0x00000000800037dc (0x00001397) x7  0x00000000800047dc
core   0: 0x00000000800037e0 (0x8213a223) sw      ra, -2012(t2)
core   0: 3 0x00000000800037e0 (0x8213a223) mem 0x0000000080004000 0x00000001
core   0: 0x00000000800037e4 (0xff9ff06f) j       pc - 0x8
core   0: 3 0x00000000800037e4 (0xff9ff06f)
core   0: 0x00000000800037dc (0x00001397) auipc   t2, 0x1
core   0: 3 0x00000000800037dc (0x00001397) x7  0x00000000800047dc
core   0: 0x00000000800037e0 (0x8213a223) sw      ra, -2012(t2)
core   0: 3 0x00000000800037e0 (0x8213a223) mem 0x0000000080004000 0x00000001
core   0: 0x00000000800037e4 (0xff9ff06f) j       pc - 0x8
core   0: 3 0x00000000800037e4 (0xff9ff06f)
core   0: 0x00000000800037dc (0x00001397) auipc   t2, 0x1
core   0: 3 0x00000000800037dc (0x00001397) x7  0x00000000800047dc
core   0: 0x00000000800037e0 (0x8213a223) sw      ra, -2012(t2)
core   0: 3 0x00000000800037e0 (0x8213a223) mem 0x0000000080004000 0x00000001
core   0: 0x00000000800037e4 (0xff9ff06f) j       pc - 0x8
core   0: 3 0x00000000800037e4 (0xff9ff06f)
core   0: 0x00000000800037dc (0x00001397) auipc   t2, 0x1
core   0: 3 0x00000000800037dc (0x00001397) x7  0x00000000800047dc
core   0: 0x00000000800037e0 (0x8213a223) sw      ra, -2012(t2)
core   0: 3 0x00000000800037e0 (0x8213a223) mem 0x0000000080004000 0x00000001
core   0: 0x00000000800037e4 (0xff9ff06f) j       pc - 0x8
core   0: 3 0x00000000800037e4 (0xff9ff06f)
core   0: 0x00000000800037dc (0x00001397) auipc   t2, 0x1
core   0: 3 0x00000000800037dc (0x00001397) x7  0x00000000800047dc
core   0: 0x00000000800037e0 (0x8213a223) sw      ra, -2012(t2)
core   0: 3 0x00000000800037e0 (0x8213a223) mem 0x0000000080004000 0x00000001
core   0: 0x00000000800037e4 (0xff9ff06f) j       pc - 0x8
core   0: 3 0x00000000800037e4 (0xff9ff06f)
core   0: 0x00000000800037dc (0x00001397) auipc   t2, 0x1
core   0: 3 0x00000000800037dc (0x00001397) x7  0x00000000800047dc
core   0: 0x00000000800037e0 (0x8213a223) sw      ra, -2012(t2)
core   0: 3 0x00000000800037e0 (0x8213a223) mem 0x0000000080004000 0x00000001
core   0: 0x00000000800037e4 (0xff9ff06f) j       pc - 0x8
core   0: 3 0x00000000800037e4 (0xff9ff06f)
core   0: 0x00000000800037dc (0x00001397) auipc   t2, 0x1
core   0: 3 0x00000000800037dc (0x00001397) x7  0x00000000800047dc
core   0: 0x00000000800037e0 (0x8213a223) sw      ra, -2012(t2)
core   0: 3 0x00000000800037e0 (0x8213a223) mem 0x0000000080004000 0x00000001
core   0: 0x00000000800037e4 (0xff9ff06f) j       pc - 0x8
core   0: 3 0x00000000800037e4 (0xff9ff06f)
core   0: 0x00000000800037dc (0x00001397) auipc   t2, 0x1
core   0: 3 0x00000000800037dc (0x00001397) x7  0x00000000800047dc
core   0: 0x00000000800037e0 (0x8213a223) sw      ra, -2012(t2)
core   0: 3 0x00000000800037e0 (0x8213a223) mem 0x0000000080004000 0x00000001
core   0: 0x00000000800037e4 (0xff9ff06f) j       pc - 0x8
core   0: 3 0x00000000800037e4 (0xff9ff06f)
core   0: 0x00000000800037dc (0x00001397) auipc   t2, 0x1
core   0: 3 0x00000000800037dc (0x00001397) x7  0x00000000800047dc
core   0: 0x00000000800037e0 (0x8213a223) sw      ra, -2012(t2)
core   0: 3 0x00000000800037e0 (0x8213a223) mem 0x0000000080004000 0x00000001
core   0: 0x00000000800037e4 (0xff9ff06f) j       pc - 0x8
core   0: 3 0x00000000800037e4 (0xff9ff06f)
core   0: 0x00000000800037dc (0x00001397) auipc   t2, 0x1
core   0: 3 0x00000000800037dc (0x00001397) x7  0x00000000800047dc
core   0: 0x00000000800037e0 (0x8213a223) sw      ra, -2012(t2)
core   0: 3 0x00000000800037e0 (0x8213a223) mem 0x0000000080004000 0x00000001
core   0: 0x00000000800037e4 (0xff9ff06f) j       pc - 0x8
core   0: 3 0x00000000800037e4 (0xff9ff06f)
core   0: 0x00000000800037dc (0x00001397) auipc   t2, 0x1
core   0: 3 0x00000000800037dc (0x00001397) x7  0x00000000800047dc
core   0: 0x00000000800037e0 (0x8213a223) sw      ra, -2012(t2)
core   0: 3 0x00000000800037e0 (0x8213a223) mem 0x0000000080004000 0x00000001
core   0: 0x00000000800037e4 (0xff9ff06f) j       pc - 0x8
core   0: 3 0x00000000800037e4 (0xff9ff06f)
core   0: 0x00000000800037dc (0x00001397) auipc   t2, 0x1
core   0: 3 0x00000000800037dc (0x00001397) x7  0x00000000800047dc
core   0: 0x00000000800037e0 (0x8213a223) sw      ra, -2012(t2)
core   0: 3 0x00000000800037e0 (0x8213a223) mem 0x0000000080004000 0x00000001
core   0: 0x00000000800037e4 (0xff9ff06f) j       pc - 0x8
core   0: 3 0x00000000800037e4 (0xff9ff06f)
core   0: 0x00000000800037dc (0x00001397) auipc   t2, 0x1
core   0: 3 0x00000000800037dc (0x00001397) x7  0x00000000800047dc
core   0: 0x00000000800037e0 (0x8213a223) sw      ra, -2012(t2)
core   0: 3 0x00000000800037e0 (0x8213a223) mem 0x0000000080004000 0x00000001
core   0: 0x00000000800037e4 (0xff9ff06f) j       pc - 0x8
core   0: 3 0x00000000800037e4 (0xff9ff06f)
core   0: 0x00000000800037dc (0x00001397) auipc   t2, 0x1
core   0: 3 0x00000000800037dc (0x00001397) x7  0x00000000800047dc
core   0: 0x00000000800037e0 (0x8213a223) sw      ra, -2012(t2)
core   0: 3 0x00000000800037e0 (0x8213a223) mem 0x0000000080004000 0x00000001
core   0: 0x00000000800037e4 (0xff9ff06f) j       pc - 0x8
core   0: 3 0x00000000800037e4 (0xff9ff06f)
core   0: 0x00000000800037dc (0x00001397) auipc   t2, 0x1
core   0: 3 0x00000000800037dc (0x00001397) x7  0x00000000800047dc
core   0: 0x00000000800037e0 (0x8213a223) sw      ra, -2012(t2)
core   0: 3 0x00000000800037e0 (0x8213a223) mem 0x0000000080004000 0x00000001
core   0: 0x00000000800037e4 (0xff9ff06f) j       pc - 0x8
core   0: 3 0x00000000800037e4 (0xff9ff06f)
core   0: 0x00000000800037dc (0x00001397) auipc   t2, 0x1
core   0: 3 0x00000000800037dc (0x00001397) x7  0x00000000800047dc
core   0: 0x00000000800037e0 (0x8213a223) sw      ra, -2012(t2)
core   0: 3 0x00000000800037e0 (0x8213a223) mem 0x0000000080004000 0x00000001
core   0: 0x00000000800037e4 (0xff9ff06f) j       pc - 0x8
core   0: 3 0x00000000800037e4 (0xff9ff06f)
core   0: 0x00000000800037dc (0x00001397) auipc   t2, 0x1
core   0: 3 0x00000000800037dc (0x00001397) x7  0x00000000800047dc
core   0: 0x00000000800037e0 (0x8213a223) sw      ra, -2012(t2)
core   0: 3 0x00000000800037e0 (0x8213a223) mem 0x0000000080004000 0x00000001
core   0: 0x00000000800037e4 (0xff9ff06f) j       pc - 0x8
core   0: 3 0x00000000800037e4 (0xff9ff06f)
core   0: 0x00000000800037dc (0x00001397) auipc   t2, 0x1
core   0: 3 0x00000000800037dc (0x00001397) x7  0x00000000800047dc
core   0: 0x00000000800037e0 (0x8213a223) sw      ra, -2012(t2)
core   0: 3 0x00000000800037e0 (0x8213a223) mem 0x0000000080004000 0x00000001
core   0: 0x00000000800037e4 (0xff9ff06f) j       pc - 0x8
core   0: 3 0x00000000800037e4 (0xff9ff06f)
core   0: 0x00000000800037dc (0x00001397) auipc   t2, 0x1
core   0: 3 0x00000000800037dc (0x00001397) x7  0x00000000800047dc
core   0: 0x00000000800037e0 (0x8213a223) sw      ra, -2012(t2)
core   0: 3 0x00000000800037e0 (0x8213a223) mem 0x0000000080004000 0x00000001
core   0: 0x00000000800037e4 (0xff9ff06f) j       pc - 0x8
core   0: 3 0x00000000800037e4 (0xff9ff06f)
core   0: 0x00000000800037dc (0x00001397) auipc   t2, 0x1
core   0: 3 0x00000000800037dc (0x00001397) x7  0x00000000800047dc
core   0: 0x00000000800037e0 (0x8213a223) sw      ra, -2012(t2)
core   0: 3 0x00000000800037e0 (0x8213a223) mem 0x0000000080004000 0x00000001
core   0: 0x00000000800037e4 (0xff9ff06f) j       pc - 0x8
core   0: 3 0x00000000800037e4 (0xff9ff06f)
core   0: 0x00000000800037dc (0x00001397) auipc   t2, 0x1
core   0: 3 0x00000000800037dc (0x00001397) x7  0x00000000800047dc
core   0: 0x00000000800037e0 (0x8213a223) sw      ra, -2012(t2)
core   0: 3 0x00000000800037e0 (0x8213a223) mem 0x0000000080004000 0x00000001
core   0: 0x00000000800037e4 (0xff9ff06f) j       pc - 0x8
core   0: 3 0x00000000800037e4 (0xff9ff06f)
core   0: 0x00000000800037dc (0x00001397) auipc   t2, 0x1
core   0: 3 0x00000000800037dc (0x00001397) x7  0x00000000800047dc
core   0: 0x00000000800037e0 (0x8213a223) sw      ra, -2012(t2)
core   0: 3 0x00000000800037e0 (0x8213a223) mem 0x0000000080004000 0x00000001
core   0: 0x00000000800037e4 (0xff9ff06f) j       pc - 0x8
core   0: 3 0x00000000800037e4 (0xff9ff06f)
core   0: 0x00000000800037dc (0x00001397) auipc   t2, 0x1
core   0: 3 0x00000000800037dc (0x00001397) x7  0x00000000800047dc
core   0: 0x00000000800037e0 (0x8213a223) sw      ra, -2012(t2)
core   0: 3 0x00000000800037e0 (0x8213a223) mem 0x0000000080004000 0x00000001
core   0: 0x00000000800037e4 (0xff9ff06f) j       pc - 0x8
core   0: 3 0x00000000800037e4 (0xff9ff06f)
core   0: 0x00000000800037dc (0x00001397) auipc   t2, 0x1
core   0: 3 0x00000000800037dc (0x00001397) x7  0x00000000800047dc
core   0: 0x00000000800037e0 (0x8213a223) sw      ra, -2012(t2)
core   0: 3 0x00000000800037e0 (0x8213a223) mem 0x0000000080004000 0x00000001
core   0: 0x00000000800037e4 (0xff9ff06f) j       pc - 0x8
core   0: 3 0x00000000800037e4 (0xff9ff06f)
core   0: 0x00000000800037dc (0x00001397) auipc   t2, 0x1
core   0: 3 0x00000000800037dc (0x00001397) x7  0x00000000800047dc
core   0: 0x00000000800037e0 (0x8213a223) sw      ra, -2012(t2)
core   0: 3 0x00000000800037e0 (0x8213a223) mem 0x0000000080004000 0x00000001
core   0: 0x00000000800037e4 (0xff9ff06f) j       pc - 0x8
core   0: 3 0x00000000800037e4 (0xff9ff06f)
core   0: 0x00000000800037dc (0x00001397) auipc   t2, 0x1
core   0: 3 0x00000000800037dc (0x00001397) x7  0x00000000800047dc
core   0: 0x00000000800037e0 (0x8213a223) sw      ra, -2012(t2)
core   0: 3 0x00000000800037e0 (0x8213a223) mem 0x0000000080004000 0x00000001
core   0: 0x00000000800037e4 (0xff9ff06f) j       pc - 0x8
core   0: 3 0x00000000800037e4 (0xff9ff06f)
core   0: 0x00000000800037dc (0x00001397) auipc   t2, 0x1
core   0: 3 0x00000000800037dc (0x00001397) x7  0x00000000800047dc
core   0: 0x00000000800037e0 (0x8213a223) sw      ra, -2012(t2)
core   0: 3 0x00000000800037e0 (0x8213a223) mem 0x0000000080004000 0x00000001
core   0: 0x00000000800037e4 (0xff9ff06f) j       pc - 0x8
core   0: 3 0x00000000800037e4 (0xff9ff06f)
core   0: 0x00000000800037dc (0x00001397) auipc   t2, 0x1
core   0: 3 0x00000000800037dc (0x00001397) x7  0x00000000800047dc
core   0: 0x00000000800037e0 (0x8213a223) sw      ra, -2012(t2)
core   0: 3 0x00000000800037e0 (0x8213a223) mem 0x0000000080004000 0x00000001
core   0: 0x00000000800037e4 (0xff9ff06f) j       pc - 0x8
core   0: 3 0x00000000800037e4 (0xff9ff06f)
core   0: 0x00000000800037dc (0x00001397) auipc   t2, 0x1
core   0: 3 0x00000000800037dc (0x00001397) x7  0x00000000800047dc
core   0: 0x00000000800037e0 (0x8213a223) sw      ra, -2012(t2)
core   0: 3 0x00000000800037e0 (0x8213a223) mem 0x0000000080004000 0x00000001
core   0: 0x00000000800037e4 (0xff9ff06f) j       pc - 0x8
core   0: 3 0x00000000800037e4 (0xff9ff06f)
core   0: 0x00000000800037dc (0x00001397) auipc   t2, 0x1
core   0: 3 0x00000000800037dc (0x00001397) x7  0x00000000800047dc
core   0: 0x00000000800037e0 (0x8213a223) sw      ra, -2012(t2)
core   0: 3 0x00000000800037e0 (0x8213a223) mem 0x0000000080004000 0x00000001
core   0: 0x00000000800037e4 (0xff9ff06f) j       pc - 0x8
core   0: 3 0x00000000800037e4 (0xff9ff06f)
core   0: 0x00000000800037dc (0x00001397) auipc   t2, 0x1
core   0: 3 0x00000000800037dc (0x00001397) x7  0x00000000800047dc
core   0: 0x00000000800037e0 (0x8213a223) sw      ra, -2012(t2)
core   0: 3 0x00000000800037e0 (0x8213a223) mem 0x0000000080004000 0x00000001
core   0: 0x00000000800037e4 (0xff9ff06f) j       pc - 0x8
core   0: 3 0x00000000800037e4 (0xff9ff06f)
core   0: 0x00000000800037dc (0x00001397) auipc   t2, 0x1
core   0: 3 0x00000000800037dc (0x00001397) x7  0x00000000800047dc
core   0: 0x00000000800037e0 (0x8213a223) sw      ra, -2012(t2)
core   0: 3 0x00000000800037e0 (0x8213a223) mem 0x0000000080004000 0x00000001
core   0: 0x00000000800037e4 (0xff9ff06f) j       pc - 0x8
core   0: 3 0x00000000800037e4 (0xff9ff06f)
core   0: 0x00000000800037dc (0x00001397) auipc   t2, 0x1
core   0: 3 0x00000000800037dc (0x00001397) x7  0x00000000800047dc
core   0: 0x00000000800037e0 (0x8213a223) sw      ra, -2012(t2)
core   0: 3 0x00000000800037e0 (0x8213a223) mem 0x0000000080004000 0x00000001
core   0: 0x00000000800037e4 (0xff9ff06f) j       pc - 0x8
core   0: 3 0x00000000800037e4 (0xff9ff06f)
core   0: 0x00000000800037dc (0x00001397) auipc   t2, 0x1
core   0: 3 0x00000000800037dc (0x00001397) x7  0x00000000800047dc
core   0: 0x00000000800037e0 (0x8213a223) sw      ra, -2012(t2)
core   0: 3 0x00000000800037e0 (0x8213a223) mem 0x0000000080004000 0x00000001
core   0: 0x00000000800037e4 (0xff9ff06f) j       pc - 0x8
core   0: 3 0x00000000800037e4 (0xff9ff06f)
core   0: 0x00000000800037dc (0x00001397) auipc   t2, 0x1
core   0: 3 0x00000000800037dc (0x00001397) x7  0x00000000800047dc
core   0: 0x00000000800037e0 (0x8213a223) sw      ra, -2012(t2)
core   0: 3 0x00000000800037e0 (0x8213a223) mem 0x0000000080004000 0x00000001
core   0: 0x00000000800037e4 (0xff9ff06f) j       pc - 0x8
core   0: 3 0x00000000800037e4 (0xff9ff06f)
core   0: 0x00000000800037dc (0x00001397) auipc   t2, 0x1
core   0: 3 0x00000000800037dc (0x00001397) x7  0x00000000800047dc
core   0: 0x00000000800037e0 (0x8213a223) sw      ra, -2012(t2)
core   0: 3 0x00000000800037e0 (0x8213a223) mem 0x0000000080004000 0x00000001
core   0: 0x00000000800037e4 (0xff9ff06f) j       pc - 0x8
core   0: 3 0x00000000800037e4 (0xff9ff06f)
core   0: 0x00000000800037dc (0x00001397) auipc   t2, 0x1
core   0: 3 0x00000000800037dc (0x00001397) x7  0x00000000800047dc
core   0: 0x00000000800037e0 (0x8213a223) sw      ra, -2012(t2)
core   0: 3 0x00000000800037e0 (0x8213a223) mem 0x0000000080004000 0x00000001
core   0: 0x00000000800037e4 (0xff9ff06f) j       pc - 0x8
core   0: 3 0x00000000800037e4 (0xff9ff06f)
core   0: 0x00000000800037dc (0x00001397) auipc   t2, 0x1
core   0: 3 0x00000000800037dc (0x00001397) x7  0x00000000800047dc
core   0: 0x00000000800037e0 (0x8213a223) sw      ra, -2012(t2)
core   0: 3 0x00000000800037e0 (0x8213a223) mem 0x0000000080004000 0x00000001
core   0: 0x00000000800037e4 (0xff9ff06f) j       pc - 0x8
core   0: 3 0x00000000800037e4 (0xff9ff06f)
core   0: 0x00000000800037dc (0x00001397) auipc   t2, 0x1
core   0: 3 0x00000000800037dc (0x00001397) x7  0x00000000800047dc
core   0: 0x00000000800037e0 (0x8213a223) sw      ra, -2012(t2)
core   0: 3 0x00000000800037e0 (0x8213a223) mem 0x0000000080004000 0x00000001
