core   0: 0x0000000000001000 (0x00000297) auipc   t0, 0x0
core   0: 3 0x0000000000001000 (0x00000297) x5  0x0000000000001000
core   0: 0x0000000000001004 (0x02028593) addi    a1, t0, 32
core   0: 3 0x0000000000001004 (0x02028593) x11 0x0000000000001020
core   0: 0x0000000000001008 (0xf1402573) csrr    a0, mhartid
core   0: 3 0x0000000000001008 (0xf1402573) x10 0x0000000000000000
core   0: 0x000000000000100c (0x0182b283) ld      t0, 24(t0)
core   0: 3 0x000000000000100c (0x0182b283) x5  0x0000000080000000 mem 0x0000000000001018
core   0: 0x0000000000001010 (0x00028067) jr      t0
core   0: 3 0x0000000000001010 (0x00028067)
core   0: >>>>  $xrv64i2p1_f2p2_c2p0_zicsr2p0
core   0: 0x0000000080000000 (0x7d5c0837) lui     a6, 0x7d5c0
core   0: 3 0x0000000080000000 (0x7d5c0837) x16 0x000000007d5c0000
core   0: 0x0000000080000004 (0xddb80813) addi    a6, a6, -549
core   0: 3 0x0000000080000004 (0xddb80813) x16 0x000000007d5bfddb
core   0: 0x0000000080000008 (0x00b81813) slli    a6, a6, 11
core   0: 3 0x0000000080000008 (0x00b81813) x16 0x000003eadfeed800
core   0: 0x000000008000000c (0x3ea80813) addi    a6, a6, 1002
core   0: 3 0x000000008000000c (0x3ea80813) x16 0x000003eadfeedbea
core   0: 0x0000000080000010 (0x00b81813) slli    a6, a6, 11
core   0: 3 0x0000000080000010 (0x00b81813) x16 0x001f56ff76df5000
core   0: 0x0000000080000014 (0x6ff80813) addi    a6, a6, 1791
core   0: 3 0x0000000080000014 (0x6ff80813) x16 0x001f56ff76df56ff
core   0: 0x0000000080000018 (0x00a81813) slli    a6, a6, 10
core   0: 3 0x0000000080000018 (0x00a81813) x16 0x7d5bfddb7d5bfc00
core   0: 0x000000008000001c (0x1db80813) addi    a6, a6, 475
core   0: 3 0x000000008000001c (0x1db80813) x16 0x7d5bfddb7d5bfddb
core   0: 0x0000000080000020 (0x00785893) srli    a7, a6, 7
core   0: 3 0x0000000080000020 (0x00785893) x17 0x00fab7fbb6fab7fb
core   0: 0x0000000080000024 (0x03985793) srli    a5, a6, 57
core   0: 3 0x0000000080000024 (0x03985793) x15 0x000000000000003e
core   0: 0x0000000080000028 (0x00f8e8b3) or      a7, a7, a5
core   0: 3 0x0000000080000028 (0x00f8e8b3) x17 0x00fab7fbb6fab7ff
core   0: 0x000000008000002c (0x0078d913) srli    s2, a7, 7
core   0: 3 0x000000008000002c (0x0078d913) x18 0x0001f56ff76df56f
core   0: 0x0000000080000030 (0x0398d793) srli    a5, a7, 57
core   0: 3 0x0000000080000030 (0x0398d793) x15 0x0000000000000000
core   0: 0x0000000080000034 (0x00f96933) or      s2, s2, a5
core   0: 3 0x0000000080000034 (0x00f96933) x18 0x0001f56ff76df56f
core   0: 0x0000000080000038 (0x00795993) srli    s3, s2, 7
core   0: 3 0x0000000080000038 (0x00795993) x19 0x000003eadfeedbea
core   0: 0x000000008000003c (0x03995793) srli    a5, s2, 57
core   0: 3 0x000000008000003c (0x03995793) x15 0x0000000000000000
core   0: 0x0000000080000040 (0x00f9e9b3) or      s3, s3, a5
core   0: 3 0x0000000080000040 (0x00f9e9b3) x19 0x000003eadfeedbea
core   0: 0x0000000080000044 (0x0079da13) srli    s4, s3, 7
core   0: 3 0x0000000080000044 (0x0079da13) x20 0x00000007d5bfddb7
core   0: 0x0000000080000048 (0x0399d793) srli    a5, s3, 57
core   0: 3 0x0000000080000048 (0x0399d793) x15 0x0000000000000000
core   0: 0x000000008000004c (0x00fa6a33) or      s4, s4, a5
core   0: 3 0x000000008000004c (0x00fa6a33) x20 0x00000007d5bfddb7
core   0: 0x0000000080000050 (0x007a5a93) srli    s5, s4, 7
core   0: 3 0x0000000080000050 (0x007a5a93) x21 0x000000000fab7fbb
core   0: 0x0000000080000054 (0x039a5793) srli    a5, s4, 57
core   0: 3 0x0000000080000054 (0x039a5793) x15 0x0000000000000000
core   0: 0x0000000080000058 (0x00faeab3) or      s5, s5, a5
core   0: 3 0x0000000080000058 (0x00faeab3) x21 0x000000000fab7fbb
core   0: 0x000000008000005c (0x007adb13) srli    s6, s5, 7
core   0: 3 0x000000008000005c (0x007adb13) x22 0x00000000001f56ff
core   0: 0x0000000080000060 (0x039ad793) srli    a5, s5, 57
core   0: 3 0x0000000080000060 (0x039ad793) x15 0x0000000000000000
core   0: 0x0000000080000064 (0x00fb6b33) or      s6, s6, a5
core   0: 3 0x0000000080000064 (0x00fb6b33) x22 0x00000000001f56ff
core   0: 0x0000000080000068 (0x007b5b93) srli    s7, s6, 7
core   0: 3 0x0000000080000068 (0x007b5b93) x23 0x0000000000003ead
core   0: 0x000000008000006c (0x039b5793) srli    a5, s6, 57
core   0: 3 0x000000008000006c (0x039b5793) x15 0x0000000000000000
core   0: 0x0000000080000070 (0x00fbebb3) or      s7, s7, a5
core   0: 3 0x0000000080000070 (0x00fbebb3) x23 0x0000000000003ead
core   0: 0x0000000080000074 (0x007bdc13) srli    s8, s7, 7
core   0: 3 0x0000000080000074 (0x007bdc13) x24 0x000000000000007d
core   0: 0x0000000080000078 (0x039bd793) srli    a5, s7, 57
core   0: 3 0x0000000080000078 (0x039bd793) x15 0x0000000000000000
core   0: 0x000000008000007c (0x00fc6c33) or      s8, s8, a5
core   0: 3 0x000000008000007c (0x00fc6c33) x24 0x000000000000007d
core   0: 0x0000000080000080 (0x007c5c93) srli    s9, s8, 7
core   0: 3 0x0000000080000080 (0x007c5c93) x25 0x0000000000000000
core   0: 0x0000000080000084 (0x039c5793) srli    a5, s8, 57
core   0: 3 0x0000000080000084 (0x039c5793) x15 0x0000000000000000
core   0: 0x0000000080000088 (0x00fcecb3) or      s9, s9, a5
core   0: 3 0x0000000080000088 (0x00fcecb3) x25 0x0000000000000000
core   0: 0x000000008000008c (0x007cdd13) srli    s10, s9, 7
core   0: 3 0x000000008000008c (0x007cdd13) x26 0x0000000000000000
core   0: 0x0000000080000090 (0x039cd793) srli    a5, s9, 57
core   0: 3 0x0000000080000090 (0x039cd793) x15 0x0000000000000000
core   0: 0x0000000080000094 (0x00fd6d33) or      s10, s10, a5
core   0: 3 0x0000000080000094 (0x00fd6d33) x26 0x0000000000000000
core   0: 0x0000000080000098 (0x007d5d93) srli    s11, s10, 7
core   0: 3 0x0000000080000098 (0x007d5d93) x27 0x0000000000000000
core   0: 0x000000008000009c (0x039d5793) srli    a5, s10, 57
core   0: 3 0x000000008000009c (0x039d5793) x15 0x0000000000000000
core   0: 0x00000000800000a0 (0x00fdedb3) or      s11, s11, a5
core   0: 3 0x00000000800000a0 (0x00fdedb3) x27 0x0000000000000000
core   0: 0x00000000800000a4 (0x007dde13) srli    t3, s11, 7
core   0: 3 0x00000000800000a4 (0x007dde13) x28 0x0000000000000000
core   0: 0x00000000800000a8 (0x039dd793) srli    a5, s11, 57
core   0: 3 0x00000000800000a8 (0x039dd793) x15 0x0000000000000000
core   0: 0x00000000800000ac (0x00fe6e33) or      t3, t3, a5
core   0: 3 0x00000000800000ac (0x00fe6e33) x28 0x0000000000000000
core   0: 0x00000000800000b0 (0x007e5e93) srli    t4, t3, 7
core   0: 3 0x00000000800000b0 (0x007e5e93) x29 0x0000000000000000
core   0: 0x00000000800000b4 (0x039e5793) srli    a5, t3, 57
core   0: 3 0x00000000800000b4 (0x039e5793) x15 0x0000000000000000
core   0: 0x00000000800000b8 (0x00feeeb3) or      t4, t4, a5
core   0: 3 0x00000000800000b8 (0x00feeeb3) x29 0x0000000000000000
core   0: 0x00000000800000bc (0x007edf13) srli    t5, t4, 7
core   0: 3 0x00000000800000bc (0x007edf13) x30 0x0000000000000000
core   0: 0x00000000800000c0 (0x039ed793) srli    a5, t4, 57
core   0: 3 0x00000000800000c0 (0x039ed793) x15 0x0000000000000000
core   0: 0x00000000800000c4 (0x00ff6f33) or      t5, t5, a5
core   0: 3 0x00000000800000c4 (0x00ff6f33) x30 0x0000000000000000
core   0: 0x00000000800000c8 (0xfeedc0b7) lui     ra, 0xfeedc
core   0: 3 0x00000000800000c8 (0xfeedc0b7) x1  0xfffffffffeedc000
core   0: 0x00000000800000cc (0xead08093) addi    ra, ra, -339
core   0: 3 0x00000000800000cc (0xead08093) x1  0xfffffffffeedbead
core   0: 0x00000000800000d0 (0x00b09093) slli    ra, ra, 11
core   0: 3 0x00000000800000d0 (0x00b09093) x1  0xfffffff76df56800
core   0: 0x00000000800000d4 (0x7f708093) addi    ra, ra, 2039
core   0: 3 0x00000000800000d4 (0x7f708093) x1  0xfffffff76df56ff7
core   0: 0x00000000800000d8 (0x00b09093) slli    ra, ra, 11
core   0: 3 0x00000000800000d8 (0x00b09093) x1  0xffffbb6fab7fb800
core   0: 0x00000000800000dc (0x36f08093) addi    ra, ra, 879
core   0: 3 0x00000000800000dc (0x36f08093) x1  0xffffbb6fab7fbb6f
core   0: 0x00000000800000e0 (0x00a09093) slli    ra, ra, 10
core   0: 3 0x00000000800000e0 (0x00a09093) x1  0xfeedbeadfeedbc00
core   0: 0x00000000800000e4 (0x2ad08093) addi    ra, ra, 685
core   0: 3 0x00000000800000e4 (0x2ad08093) x1  0xfeedbeadfeedbead
core   0: 0x00000000800000e8 (0x0070d113) srli    sp, ra, 7
core   0: 3 0x00000000800000e8 (0x0070d113) x2  0x01fddb7d5bfddb7d
core   0: 0x00000000800000ec (0x0390d793) srli    a5, ra, 57
core   0: 3 0x00000000800000ec (0x0390d793) x15 0x000000000000007f
core   0: 0x00000000800000f0 (0x00f16133) or      sp, sp, a5
core   0: 3 0x00000000800000f0 (0x00f16133) x2  0x01fddb7d5bfddb7f
core   0: 0x00000000800000f4 (0x00715193) srli    gp, sp, 7
core   0: 3 0x00000000800000f4 (0x00715193) x3  0x0003fbb6fab7fbb6
core   0: 0x00000000800000f8 (0x03915793) srli    a5, sp, 57
core   0: 3 0x00000000800000f8 (0x03915793) x15 0x0000000000000000
core   0: 0x00000000800000fc (0x00f1e1b3) or      gp, gp, a5
core   0: 3 0x00000000800000fc (0x00f1e1b3) x3  0x0003fbb6fab7fbb6
core   0: 0x0000000080000100 (0x0071d213) srli    tp, gp, 7
core   0: 3 0x0000000080000100 (0x0071d213) x4  0x000007f76df56ff7
core   0: 0x0000000080000104 (0x0391d793) srli    a5, gp, 57
core   0: 3 0x0000000080000104 (0x0391d793) x15 0x0000000000000000
core   0: 0x0000000080000108 (0x00f26233) or      tp, tp, a5
core   0: 3 0x0000000080000108 (0x00f26233) x4  0x000007f76df56ff7
core   0: 0x000000008000010c (0x00725293) srli    t0, tp, 7
core   0: 3 0x000000008000010c (0x00725293) x5  0x0000000feedbeadf
core   0: 0x0000000080000110 (0x03925793) srli    a5, tp, 57
core   0: 3 0x0000000080000110 (0x03925793) x15 0x0000000000000000
core   0: 0x0000000080000114 (0x00f2e2b3) or      t0, t0, a5
core   0: 3 0x0000000080000114 (0x00f2e2b3) x5  0x0000000feedbeadf
core   0: 0x0000000080000118 (0x0072d313) srli    t1, t0, 7
core   0: 3 0x0000000080000118 (0x0072d313) x6  0x000000001fddb7d5
core   0: 0x000000008000011c (0x0392d793) srli    a5, t0, 57
core   0: 3 0x000000008000011c (0x0392d793) x15 0x0000000000000000
core   0: 0x0000000080000120 (0x00f36333) or      t1, t1, a5
core   0: 3 0x0000000080000120 (0x00f36333) x6  0x000000001fddb7d5
core   0: 0x0000000080000124 (0x00735393) srli    t2, t1, 7
core   0: 3 0x0000000080000124 (0x00735393) x7  0x00000000003fbb6f
core   0: 0x0000000080000128 (0x03935793) srli    a5, t1, 57
core   0: 3 0x0000000080000128 (0x03935793) x15 0x0000000000000000
core   0: 0x000000008000012c (0x00f3e3b3) or      t2, t2, a5
core   0: 3 0x000000008000012c (0x00f3e3b3) x7  0x00000000003fbb6f
core   0: 0x0000000080000130 (0x0073d413) srli    s0, t2, 7
core   0: 3 0x0000000080000130 (0x0073d413) x8  0x0000000000007f76
core   0: 0x0000000080000134 (0x0393d793) srli    a5, t2, 57
core   0: 3 0x0000000080000134 (0x0393d793) x15 0x0000000000000000
core   0: 0x0000000080000138 (0x00f46433) or      s0, s0, a5
core   0: 3 0x0000000080000138 (0x00f46433) x8  0x0000000000007f76
core   0: 0x000000008000013c (0x00745493) srli    s1, s0, 7
core   0: 3 0x000000008000013c (0x00745493) x9  0x00000000000000fe
core   0: 0x0000000080000140 (0x03945793) srli    a5, s0, 57
core   0: 3 0x0000000080000140 (0x03945793) x15 0x0000000000000000
core   0: 0x0000000080000144 (0x00f4e4b3) or      s1, s1, a5
core   0: 3 0x0000000080000144 (0x00f4e4b3) x9  0x00000000000000fe
core   0: 0x0000000080000148 (0x0074d513) srli    a0, s1, 7
core   0: 3 0x0000000080000148 (0x0074d513) x10 0x0000000000000001
core   0: 0x000000008000014c (0x0394d793) srli    a5, s1, 57
core   0: 3 0x000000008000014c (0x0394d793) x15 0x0000000000000000
core   0: 0x0000000080000150 (0x00f56533) or      a0, a0, a5
core   0: 3 0x0000000080000150 (0x00f56533) x10 0x0000000000000001
core   0: 0x0000000080000154 (0x00755593) srli    a1, a0, 7
core   0: 3 0x0000000080000154 (0x00755593) x11 0x0000000000000000
core   0: 0x0000000080000158 (0x03955793) srli    a5, a0, 57
core   0: 3 0x0000000080000158 (0x03955793) x15 0x0000000000000000
core   0: 0x000000008000015c (0x00f5e5b3) or      a1, a1, a5
core   0: 3 0x000000008000015c (0x00f5e5b3) x11 0x0000000000000000
core   0: 0x0000000080000160 (0x0075d613) srli    a2, a1, 7
core   0: 3 0x0000000080000160 (0x0075d613) x12 0x0000000000000000
core   0: 0x0000000080000164 (0x0395d793) srli    a5, a1, 57
core   0: 3 0x0000000080000164 (0x0395d793) x15 0x0000000000000000
core   0: 0x0000000080000168 (0x00f66633) or      a2, a2, a5
core   0: 3 0x0000000080000168 (0x00f66633) x12 0x0000000000000000
core   0: 0x000000008000016c (0x00765693) srli    a3, a2, 7
core   0: 3 0x000000008000016c (0x00765693) x13 0x0000000000000000
core   0: 0x0000000080000170 (0x03965793) srli    a5, a2, 57
core   0: 3 0x0000000080000170 (0x03965793) x15 0x0000000000000000
core   0: 0x0000000080000174 (0x00f6e6b3) or      a3, a3, a5
core   0: 3 0x0000000080000174 (0x00f6e6b3) x13 0x0000000000000000
core   0: >>>>  rvtest_code_begin
core   0: 0x0000000080000178 (0x00100513) li      a0, 1
core   0: 3 0x0000000080000178 (0x00100513) x10 0x0000000000000001
core   0: 0x000000008000017c (0x00d51513) slli    a0, a0, 13
core   0: 3 0x000000008000017c (0x00d51513) x10 0x0000000000002000
core   0: 0x0000000080000180 (0x30052073) csrs    mstatus, a0
core   0: 3 0x0000000080000180 (0x30052073) c768_mstatus 0x0000000a00002000
core   0: 0x0000000080000184 (0x00305073) csrwi   fcsr, 0
core   0: 3 0x0000000080000184 (0x00305073) c1_fflags 0x0000000000000000 c2_frm 0x0000000000000000 c768_mstatus 0x8000000a00006000
core   0: 0x0000000080000188 (0x00000013) nop
core   0: 3 0x0000000080000188 (0x00000013)
core   0: 0x000000008000018c (0x00000013) nop
core   0: 3 0x000000008000018c (0x00000013)
core   0: 0x0000000080000190 (0x00000013) nop
core   0: 3 0x0000000080000190 (0x00000013)
core   0: 0x0000000080000194 (0x00000013) nop
core   0: 3 0x0000000080000194 (0x00000013)
core   0: 0x0000000080000198 (0x00000013) nop
core   0: 3 0x0000000080000198 (0x00000013)
core   0: 0x000000008000019c (0x00000013) nop
core   0: 3 0x000000008000019c (0x00000013)
core   0: 0x00000000800001a0 (0x0000a197) auipc   gp, 0xa
core   0: 3 0x00000000800001a0 (0x0000a197) x3  0x000000008000a1a0
core   0: 0x00000000800001a4 (0xe7018193) addi    gp, gp, -400
core   0: 3 0x00000000800001a4 (0xe7018193) x3  0x000000008000a010
core   0: 0x00000000800001a8 (0x00000013) nop
core   0: 3 0x00000000800001a8 (0x00000013)
core   0: 0x00000000800001ac (0x00000013) nop
core   0: 3 0x00000000800001ac (0x00000013)
core   0: 0x00000000800001b0 (0x00000013) nop
core   0: 3 0x00000000800001b0 (0x00000013)
core   0: 0x00000000800001b4 (0x00000013) nop
core   0: 3 0x00000000800001b4 (0x00000013)
core   0: 0x00000000800001b8 (0x00000013) nop
core   0: 3 0x00000000800001b8 (0x00000013)
core   0: 0x00000000800001bc (0x00000013) nop
core   0: 3 0x00000000800001bc (0x00000013)
core   0: 0x00000000800001c0 (0x0000c097) auipc   ra, 0xc
core   0: 3 0x00000000800001c0 (0x0000c097) x1  0x000000008000c1c0
core   0: 0x00000000800001c4 (0xf5808093) addi    ra, ra, -168
core   0: 3 0x00000000800001c4 (0xf5808093) x1  0x000000008000c118
core   0: 0x00000000800001c8 (0x00000013) nop
core   0: 3 0x00000000800001c8 (0x00000013)
core   0: 0x00000000800001cc (0x00000013) nop
core   0: 3 0x00000000800001cc (0x00000013)
core   0: 0x00000000800001d0 (0x00000013) nop
core   0: 3 0x00000000800001d0 (0x00000013)
core   0: 0x00000000800001d4 (0x00000013) nop
core   0: 3 0x00000000800001d4 (0x00000013)
core   0: 0x00000000800001d8 (0x00000013) nop
core   0: 3 0x00000000800001d8 (0x00000013)
core   0: 0x00000000800001dc (0x00000013) nop
core   0: 3 0x00000000800001dc (0x00000013)
core   0: >>>>  inst_37632
core   0: 0x00000000800001e0 (0x0001af07) flw     ft10, 0(gp)
core   0: 3 0x00000000800001e0 (0x0001af07) f30 0xffffffff7f3c34fb mem 0x000000008000a010
core   0: 0x00000000800001e4 (0x0041ae87) flw     ft9, 4(gp)
core   0: 3 0x00000000800001e4 (0x0041ae87) f29 0xffffffff802b86cc mem 0x000000008000a014
core   0: 0x00000000800001e8 (0x0081ae07) flw     ft8, 8(gp)
core   0: 3 0x00000000800001e8 (0x0081ae07) f28 0xffffffffb80003ff mem 0x000000008000a018
core   0: 0x00000000800001ec (0x00000113) li      sp, 0
core   0: 3 0x00000000800001ec (0x00000113) x2  0x0000000000000000
core   0: 0x00000000800001f0 (0x00311073) csrw    fcsr, sp
core   0: 3 0x00000000800001f0 (0x00311073) c1_fflags 0x0000000000000000 c2_frm 0x0000000000000000
core   0: 0x00000000800001f4 (0xe1df7fc3) fmadd.s ft11, ft10, ft9, ft8
core   0: 3 0x00000000800001f4 (0xe1df7fc3) c1_fflags 0x0000000000000001 f31 0xffffffffbf800100
core   0: 0x00000000800001f8 (0x00302273) csrr    tp, fcsr
core   0: 3 0x00000000800001f8 (0x00302273) x4  0x0000000000000001
core   0: 0x00000000800001fc (0x01f0a027) fsw     ft11, 0(ra)
core   0: 3 0x00000000800001fc (0x01f0a027) mem 0x000000008000c118 0xbf800100
core   0: 0x0000000080000200 (0x0040b423) sd      tp, 8(ra)
core   0: 3 0x0000000080000200 (0x0040b423) mem 0x000000008000c120 0x0000000000000001
core   0: >>>>  inst_37633
core   0: 0x0000000080000204 (0x00c1af07) flw     ft10, 12(gp)
core   0: 3 0x0000000080000204 (0x00c1af07) f30 0xffffffff7f3c34fb mem 0x000000008000a01c
core   0: 0x0000000080000208 (0x0101ae87) flw     ft9, 16(gp)
core   0: 3 0x0000000080000208 (0x0101ae87) f29 0xffffffff802b86cc mem 0x000000008000a020
core   0: 0x000000008000020c (0x0141ae07) flw     ft8, 20(gp)
core   0: 3 0x000000008000020c (0x0141ae07) f28 0xffffffffb80007ff mem 0x000000008000a024
core   0: 0x0000000080000210 (0x00000113) li      sp, 0
core   0: 3 0x0000000080000210 (0x00000113) x2  0x0000000000000000
core   0: 0x0000000080000214 (0x00311073) csrw    fcsr, sp
core   0: 3 0x0000000080000214 (0x00311073) c1_fflags 0x0000000000000000 c2_frm 0x0000000000000000
core   0: 0x0000000080000218 (0xe1df7fc3) fmadd.s ft11, ft10, ft9, ft8
core   0: 3 0x0000000080000218 (0xe1df7fc3) c1_fflags 0x0000000000000001 f31 0xffffffffbf800100
core   0: 0x000000008000021c (0x00302273) csrr    tp, fcsr
core   0: 3 0x000000008000021c (0x00302273) x4  0x0000000000000001
core   0: 0x0000000080000220 (0x01f0a827) fsw     ft11, 16(ra)
core   0: 3 0x0000000080000220 (0x01f0a827) mem 0x000000008000c128 0xbf800100
core   0: 0x0000000080000224 (0x0040bc23) sd      tp, 24(ra)
core   0: 3 0x0000000080000224 (0x0040bc23) mem 0x000000008000c130 0x0000000000000001
core   0: >>>>  inst_37634
core   0: 0x0000000080000228 (0x0181af07) flw     ft10, 24(gp)
core   0: 3 0x0000000080000228 (0x0181af07) f30 0xffffffff7f3c34fb mem 0x000000008000a028
core   0: 0x000000008000022c (0x01c1ae87) flw     ft9, 28(gp)
core   0: 3 0x000000008000022c (0x01c1ae87) f29 0xffffffff802b86cc mem 0x000000008000a02c
core   0: 0x0000000080000230 (0x0201ae07) flw     ft8, 32(gp)
core   0: 3 0x0000000080000230 (0x0201ae07) f28 0xffffffffb8000fff mem 0x000000008000a030
core   0: 0x0000000080000234 (0x00000113) li      sp, 0
core   0: 3 0x0000000080000234 (0x00000113) x2  0x0000000000000000
core   0: 0x0000000080000238 (0x00311073) csrw    fcsr, sp
core   0: 3 0x0000000080000238 (0x00311073) c1_fflags 0x0000000000000000 c2_frm 0x0000000000000000
core   0: 0x000000008000023c (0xe1df7fc3) fmadd.s ft11, ft10, ft9, ft8
core   0: 3 0x000000008000023c (0xe1df7fc3) c1_fflags 0x0000000000000001 f31 0xffffffffbf800100
core   0: 0x0000000080000240 (0x00302273) csrr    tp, fcsr
core   0: 3 0x0000000080000240 (0x00302273) x4  0x0000000000000001
core   0: 0x0000000080000244 (0x03f0a027) fsw     ft11, 32(ra)
core   0: 3 0x0000000080000244 (0x03f0a027) mem 0x000000008000c138 0xbf800100
core   0: 0x0000000080000248 (0x0240b423) sd      tp, 40(ra)
core   0: 3 0x0000000080000248 (0x0240b423) mem 0x000000008000c140 0x0000000000000001
core   0: >>>>  inst_37635
core   0: 0x000000008000024c (0x0241af07) flw     ft10, 36(gp)
core   0: 3 0x000000008000024c (0x0241af07) f30 0xffffffff7f3c34fb mem 0x000000008000a034
core   0: 0x0000000080000250 (0x0281ae87) flw     ft9, 40(gp)
core   0: 3 0x0000000080000250 (0x0281ae87) f29 0xffffffff802b86cc mem 0x000000008000a038
core   0: 0x0000000080000254 (0x02c1ae07) flw     ft8, 44(gp)
core   0: 3 0x0000000080000254 (0x02c1ae07) f28 0xffffffffb8001fff mem 0x000000008000a03c
core   0: 0x0000000080000258 (0x00000113) li      sp, 0
core   0: 3 0x0000000080000258 (0x00000113) x2  0x0000000000000000
core   0: 0x000000008000025c (0x00311073) csrw    fcsr, sp
core   0: 3 0x000000008000025c (0x00311073) c1_fflags 0x0000000000000000 c2_frm 0x0000000000000000
core   0: 0x0000000080000260 (0xe1df7fc3) fmadd.s ft11, ft10, ft9, ft8
core   0: 3 0x0000000080000260 (0xe1df7fc3) c1_fflags 0x0000000000000001 f31 0xffffffffbf800100
core   0: 0x0000000080000264 (0x00302273) csrr    tp, fcsr
core   0: 3 0x0000000080000264 (0x00302273) x4  0x0000000000000001
core   0: 0x0000000080000268 (0x03f0a827) fsw     ft11, 48(ra)
core   0: 3 0x0000000080000268 (0x03f0a827) mem 0x000000008000c148 0xbf800100
core   0: 0x000000008000026c (0x0240bc23) sd      tp, 56(ra)
core   0: 3 0x000000008000026c (0x0240bc23) mem 0x000000008000c150 0x0000000000000001
core   0: >>>>  inst_37636
core   0: 0x0000000080000270 (0x0301af07) flw     ft10, 48(gp)
core   0: 3 0x0000000080000270 (0x0301af07) f30 0xffffffff7f3c34fb mem 0x000000008000a040
core   0: 0x0000000080000274 (0x0341ae87) flw     ft9, 52(gp)
core   0: 3 0x0000000080000274 (0x0341ae87) f29 0xffffffff802b86cc mem 0x000000008000a044
core   0: 0x0000000080000278 (0x0381ae07) flw     ft8, 56(gp)
core   0: 3 0x0000000080000278 (0x0381ae07) f28 0xffffffffb8003fff mem 0x000000008000a048
core   0: 0x000000008000027c (0x00000113) li      sp, 0
core   0: 3 0x000000008000027c (0x00000113) x2  0x0000000000000000
core   0: 0x0000000080000280 (0x00311073) csrw    fcsr, sp
core   0: 3 0x0000000080000280 (0x00311073) c1_fflags 0x0000000000000000 c2_frm 0x0000000000000000
core   0: 0x0000000080000284 (0xe1df7fc3) fmadd.s ft11, ft10, ft9, ft8
core   0: 3 0x0000000080000284 (0xe1df7fc3) c1_fflags 0x0000000000000001 f31 0xffffffffbf800100
core   0: 0x0000000080000288 (0x00302273) csrr    tp, fcsr
core   0: 3 0x0000000080000288 (0x00302273) x4  0x0000000000000001
core   0: 0x000000008000028c (0x05f0a027) fsw     ft11, 64(ra)
core   0: 3 0x000000008000028c (0x05f0a027) mem 0x000000008000c158 0xbf800100
core   0: 0x0000000080000290 (0x0440b423) sd      tp, 72(ra)
core   0: 3 0x0000000080000290 (0x0440b423) mem 0x000000008000c160 0x0000000000000001
core   0: >>>>  inst_37637
core   0: 0x0000000080000294 (0x03c1af07) flw     ft10, 60(gp)
core   0: 3 0x0000000080000294 (0x03c1af07) f30 0xffffffff7f3c34fb mem 0x000000008000a04c
core   0: 0x0000000080000298 (0x0401ae87) flw     ft9, 64(gp)
core   0: 3 0x0000000080000298 (0x0401ae87) f29 0xffffffff802b86cc mem 0x000000008000a050
core   0: 0x000000008000029c (0x0441ae07) flw     ft8, 68(gp)
core   0: 3 0x000000008000029c (0x0441ae07) f28 0xffffffffb8007fff mem 0x000000008000a054
core   0: 0x00000000800002a0 (0x00000113) li      sp, 0
core   0: 3 0x00000000800002a0 (0x00000113) x2  0x0000000000000000
core   0: 0x00000000800002a4 (0x00311073) csrw    fcsr, sp
core   0: 3 0x00000000800002a4 (0x00311073) c1_fflags 0x0000000000000000 c2_frm 0x0000000000000000
core   0: 0x00000000800002a8 (0xe1df7fc3) fmadd.s ft11, ft10, ft9, ft8
core   0: 3 0x00000000800002a8 (0xe1df7fc3) c1_fflags 0x0000000000000001 f31 0xffffffffbf800100
core   0: 0x00000000800002ac (0x00302273) csrr    tp, fcsr
core   0: 3 0x00000000800002ac (0x00302273) x4  0x0000000000000001
core   0: 0x00000000800002b0 (0x05f0a827) fsw     ft11, 80(ra)
core   0: 3 0x00000000800002b0 (0x05f0a827) mem 0x000000008000c168 0xbf800100
core   0: 0x00000000800002b4 (0x0440bc23) sd      tp, 88(ra)
core   0: 3 0x00000000800002b4 (0x0440bc23) mem 0x000000008000c170 0x0000000000000001
core   0: >>>>  inst_37638
core   0: 0x00000000800002b8 (0x0481af07) flw     ft10, 72(gp)
core   0: 3 0x00000000800002b8 (0x0481af07) f30 0xffffffff7f3c34fb mem 0x000000008000a058
core   0: 0x00000000800002bc (0x04c1ae87) flw     ft9, 76(gp)
core   0: 3 0x00000000800002bc (0x04c1ae87) f29 0xffffffff802b86cc mem 0x000000008000a05c
core   0: 0x00000000800002c0 (0x0501ae07) flw     ft8, 80(gp)
core   0: 3 0x00000000800002c0 (0x0501ae07) f28 0xffffffffb800ffff mem 0x000000008000a060
core   0: 0x00000000800002c4 (0x00000113) li      sp, 0
core   0: 3 0x00000000800002c4 (0x00000113) x2  0x0000000000000000
core   0: 0x00000000800002c8 (0x00311073) csrw    fcsr, sp
core   0: 3 0x00000000800002c8 (0x00311073) c1_fflags 0x0000000000000000 c2_frm 0x0000000000000000
core   0: 0x00000000800002cc (0xe1df7fc3) fmadd.s ft11, ft10, ft9, ft8
core   0: 3 0x00000000800002cc (0xe1df7fc3) c1_fflags 0x0000000000000001 f31 0xffffffffbf800101
core   0: 0x00000000800002d0 (0x00302273) csrr    tp, fcsr
core   0: 3 0x00000000800002d0 (0x00302273) x4  0x0000000000000001
core   0: 0x00000000800002d4 (0x07f0a027) fsw     ft11, 96(ra)
core   0: 3 0x00000000800002d4 (0x07f0a027) mem 0x000000008000c178 0xbf800101
core   0: 0x00000000800002d8 (0x0640b423) sd      tp, 104(ra)
core   0: 3 0x00000000800002d8 (0x0640b423) mem 0x000000008000c180 0x0000000000000001
core   0: >>>>  inst_37639
core   0: 0x00000000800002dc (0x0541af07) flw     ft10, 84(gp)
core   0: 3 0x00000000800002dc (0x0541af07) f30 0xffffffff7f3c34fb mem 0x000000008000a064
core   0: 0x00000000800002e0 (0x0581ae87) flw     ft9, 88(gp)
core   0: 3 0x00000000800002e0 (0x0581ae87) f29 0xffffffff802b86cc mem 0x000000008000a068
core   0: 0x00000000800002e4 (0x05c1ae07) flw     ft8, 92(gp)
core   0: 3 0x00000000800002e4 (0x05c1ae07) f28 0xffffffffb801ffff mem 0x000000008000a06c
core   0: 0x00000000800002e8 (0x00000113) li      sp, 0
core   0: 3 0x00000000800002e8 (0x00000113) x2  0x0000000000000000
core   0: 0x00000000800002ec (0x00311073) csrw    fcsr, sp
core   0: 3 0x00000000800002ec (0x00311073) c1_fflags 0x0000000000000000 c2_frm 0x0000000000000000
core   0: 0x00000000800002f0 (0xe1df7fc3) fmadd.s ft11, ft10, ft9, ft8
core   0: 3 0x00000000800002f0 (0xe1df7fc3) c1_fflags 0x0000000000000001 f31 0xffffffffbf800103
core   0: 0x00000000800002f4 (0x00302273) csrr    tp, fcsr
core   0: 3 0x00000000800002f4 (0x00302273) x4  0x0000000000000001
core   0: 0x00000000800002f8 (0x07f0a827) fsw     ft11, 112(ra)
core   0: 3 0x00000000800002f8 (0x07f0a827) mem 0x000000008000c188 0xbf800103
core   0: 0x00000000800002fc (0x0640bc23) sd      tp, 120(ra)
core   0: 3 0x00000000800002fc (0x0640bc23) mem 0x000000008000c190 0x0000000000000001
core   0: >>>>  inst_37640
core   0: 0x0000000080000300 (0x0601af07) flw     ft10, 96(gp)
core   0: 3 0x0000000080000300 (0x0601af07) f30 0xffffffff7f3c34fb mem 0x000000008000a070
core   0: 0x0000000080000304 (0x0641ae87) flw     ft9, 100(gp)
core   0: 3 0x0000000080000304 (0x0641ae87) f29 0xffffffff802b86cc mem 0x000000008000a074
core   0: 0x0000000080000308 (0x0681ae07) flw     ft8, 104(gp)
core   0: 3 0x0000000080000308 (0x0681ae07) f28 0xffffffffb803ffff mem 0x000000008000a078
core   0: 0x000000008000030c (0x00000113) li      sp, 0
core   0: 3 0x000000008000030c (0x00000113) x2  0x0000000000000000
core   0: 0x0000000080000310 (0x00311073) csrw    fcsr, sp
core   0: 3 0x0000000080000310 (0x00311073) c1_fflags 0x0000000000000000 c2_frm 0x0000000000000000
core   0: 0x0000000080000314 (0xe1df7fc3) fmadd.s ft11, ft10, ft9, ft8
core   0: 3 0x0000000080000314 (0xe1df7fc3) c1_fflags 0x0000000000000001 f31 0xffffffffbf800107
core   0: 0x0000000080000318 (0x00302273) csrr    tp, fcsr
core   0: 3 0x0000000080000318 (0x00302273) x4  0x0000000000000001
core   0: 0x000000008000031c (0x09f0a027) fsw     ft11, 128(ra)
core   0: 3 0x000000008000031c (0x09f0a027) mem 0x000000008000c198 0xbf800107
core   0: 0x0000000080000320 (0x0840b423) sd      tp, 136(ra)
core   0: 3 0x0000000080000320 (0x0840b423) mem 0x000000008000c1a0 0x0000000000000001
core   0: >>>>  inst_37641
core   0: 0x0000000080000324 (0x06c1af07) flw     ft10, 108(gp)
core   0: 3 0x0000000080000324 (0x06c1af07) f30 0xffffffff7f3c34fb mem 0x000000008000a07c
core   0: 0x0000000080000328 (0x0701ae87) flw     ft9, 112(gp)
core   0: 3 0x0000000080000328 (0x0701ae87) f29 0xffffffff802b86cc mem 0x000000008000a080
core   0: 0x000000008000032c (0x0741ae07) flw     ft8, 116(gp)
core   0: 3 0x000000008000032c (0x0741ae07) f28 0xffffffffb807ffff mem 0x000000008000a084
core   0: 0x0000000080000330 (0x00000113) li      sp, 0
core   0: 3 0x0000000080000330 (0x00000113) x2  0x0000000000000000
core   0: 0x0000000080000334 (0x00311073) csrw    fcsr, sp
core   0: 3 0x0000000080000334 (0x00311073) c1_fflags 0x0000000000000000 c2_frm 0x0000000000000000
core   0: 0x0000000080000338 (0xe1df7fc3) fmadd.s ft11, ft10, ft9, ft8
core   0: 3 0x0000000080000338 (0xe1df7fc3) c1_fflags 0x0000000000000001 f31 0xffffffffbf80010f
core   0: 0x000000008000033c (0x00302273) csrr    tp, fcsr
core   0: 3 0x000000008000033c (0x00302273) x4  0x0000000000000001
core   0: 0x0000000080000340 (0x09f0a827) fsw     ft11, 144(ra)
core   0: 3 0x0000000080000340 (0x09f0a827) mem 0x000000008000c1a8 0xbf80010f
core   0: 0x0000000080000344 (0x0840bc23) sd      tp, 152(ra)
core   0: 3 0x0000000080000344 (0x0840bc23) mem 0x000000008000c1b0 0x0000000000000001
core   0: >>>>  inst_37642
core   0: 0x0000000080000348 (0x0781af07) flw     ft10, 120(gp)
core   0: 3 0x0000000080000348 (0x0781af07) f30 0xffffffff7f3c34fb mem 0x000000008000a088
core   0: 0x000000008000034c (0x07c1ae87) flw     ft9, 124(gp)
core   0: 3 0x000000008000034c (0x07c1ae87) f29 0xffffffff802b86cc mem 0x000000008000a08c
core   0: 0x0000000080000350 (0x0801ae07) flw     ft8, 128(gp)
core   0: 3 0x0000000080000350 (0x0801ae07) f28 0xffffffffb80fffff mem 0x000000008000a090
core   0: 0x0000000080000354 (0x00000113) li      sp, 0
core   0: 3 0x0000000080000354 (0x00000113) x2  0x0000000000000000
core   0: 0x0000000080000358 (0x00311073) csrw    fcsr, sp
core   0: 3 0x0000000080000358 (0x00311073) c1_fflags 0x0000000000000000 c2_frm 0x0000000000000000
core   0: 0x000000008000035c (0xe1df7fc3) fmadd.s ft11, ft10, ft9, ft8
core   0: 3 0x000000008000035c (0xe1df7fc3) c1_fflags 0x0000000000000001 f31 0xffffffffbf80011f
core   0: 0x0000000080000360 (0x00302273) csrr    tp, fcsr
core   0: 3 0x0000000080000360 (0x00302273) x4  0x0000000000000001
core   0: 0x0000000080000364 (0x0bf0a027) fsw     ft11, 160(ra)
core   0: 3 0x0000000080000364 (0x0bf0a027) mem 0x000000008000c1b8 0xbf80011f
core   0: 0x0000000080000368 (0x0a40b423) sd      tp, 168(ra)
core   0: 3 0x0000000080000368 (0x0a40b423) mem 0x000000008000c1c0 0x0000000000000001
core   0: >>>>  inst_37643
core   0: 0x000000008000036c (0x0841af07) flw     ft10, 132(gp)
core   0: 3 0x000000008000036c (0x0841af07) f30 0xffffffff7f3c34fb mem 0x000000008000a094
core   0: 0x0000000080000370 (0x0881ae87) flw     ft9, 136(gp)
core   0: 3 0x0000000080000370 (0x0881ae87) f29 0xffffffff802b86cc mem 0x000000008000a098
core   0: 0x0000000080000374 (0x08c1ae07) flw     ft8, 140(gp)
core   0: 3 0x0000000080000374 (0x08c1ae07) f28 0xffffffffb81fffff mem 0x000000008000a09c
core   0: 0x0000000080000378 (0x00000113) li      sp, 0
core   0: 3 0x0000000080000378 (0x00000113) x2  0x0000000000000000
core   0: 0x000000008000037c (0x00311073) csrw    fcsr, sp
core   0: 3 0x000000008000037c (0x00311073) c1_fflags 0x0000000000000000 c2_frm 0x0000000000000000
core   0: 0x0000000080000380 (0xe1df7fc3) fmadd.s ft11, ft10, ft9, ft8
core   0: 3 0x0000000080000380 (0xe1df7fc3) c1_fflags 0x0000000000000001 f31 0xffffffffbf80013f
core   0: 0x0000000080000384 (0x00302273) csrr    tp, fcsr
core   0: 3 0x0000000080000384 (0x00302273) x4  0x0000000000000001
core   0: 0x0000000080000388 (0x0bf0a827) fsw     ft11, 176(ra)
core   0: 3 0x0000000080000388 (0x0bf0a827) mem 0x000000008000c1c8 0xbf80013f
core   0: 0x000000008000038c (0x0a40bc23) sd      tp, 184(ra)
core   0: 3 0x000000008000038c (0x0a40bc23) mem 0x000000008000c1d0 0x0000000000000001
core   0: >>>>  inst_37644
core   0: 0x0000000080000390 (0x0901af07) flw     ft10, 144(gp)
core   0: 3 0x0000000080000390 (0x0901af07) f30 0xffffffff7f3c34fb mem 0x000000008000a0a0
core   0: 0x0000000080000394 (0x0941ae87) flw     ft9, 148(gp)
core   0: 3 0x0000000080000394 (0x0941ae87) f29 0xffffffff802b86cc mem 0x000000008000a0a4
core   0: 0x0000000080000398 (0x0981ae07) flw     ft8, 152(gp)
core   0: 3 0x0000000080000398 (0x0981ae07) f28 0xffffffffb83fffff mem 0x000000008000a0a8
core   0: 0x000000008000039c (0x00000113) li      sp, 0
core   0: 3 0x000000008000039c (0x00000113) x2  0x0000000000000000
core   0: 0x00000000800003a0 (0x00311073) csrw    fcsr, sp
core   0: 3 0x00000000800003a0 (0x00311073) c1_fflags 0x0000000000000000 c2_frm 0x0000000000000000
core   0: 0x00000000800003a4 (0xe1df7fc3) fmadd.s ft11, ft10, ft9, ft8
core   0: 3 0x00000000800003a4 (0xe1df7fc3) c1_fflags 0x0000000000000001 f31 0xffffffffbf80017f
core   0: 0x00000000800003a8 (0x00302273) csrr    tp, fcsr
core   0: 3 0x00000000800003a8 (0x00302273) x4  0x0000000000000001
core   0: 0x00000000800003ac (0x0df0a027) fsw     ft11, 192(ra)
core   0: 3 0x00000000800003ac (0x0df0a027) mem 0x000000008000c1d8 0xbf80017f
core   0: 0x00000000800003b0 (0x0c40b423) sd      tp, 200(ra)
core   0: 3 0x00000000800003b0 (0x0c40b423) mem 0x000000008000c1e0 0x0000000000000001
core   0: >>>>  inst_37645
core   0: 0x00000000800003b4 (0x09c1af07) flw     ft10, 156(gp)
core   0: 3 0x00000000800003b4 (0x09c1af07) f30 0xffffffff7f3c34fb mem 0x000000008000a0ac
core   0: 0x00000000800003b8 (0x0a01ae87) flw     ft9, 160(gp)
core   0: 3 0x00000000800003b8 (0x0a01ae87) f29 0xffffffff802b86cc mem 0x000000008000a0b0
core   0: 0x00000000800003bc (0x0a41ae07) flw     ft8, 164(gp)
core   0: 3 0x00000000800003bc (0x0a41ae07) f28 0xffffffffb8400000 mem 0x000000008000a0b4
core   0: 0x00000000800003c0 (0x00000113) li      sp, 0
core   0: 3 0x00000000800003c0 (0x00000113) x2  0x0000000000000000
core   0: 0x00000000800003c4 (0x00311073) csrw    fcsr, sp
core   0: 3 0x00000000800003c4 (0x00311073) c1_fflags 0x0000000000000000 c2_frm 0x0000000000000000
core   0: 0x00000000800003c8 (0xe1df7fc3) fmadd.s ft11, ft10, ft9, ft8
core   0: 3 0x00000000800003c8 (0xe1df7fc3) c1_fflags 0x0000000000000001 f31 0xffffffffbf80017f
core   0: 0x00000000800003cc (0x00302273) csrr    tp, fcsr
core   0: 3 0x00000000800003cc (0x00302273) x4  0x0000000000000001
core   0: 0x00000000800003d0 (0x0df0a827) fsw     ft11, 208(ra)
core   0: 3 0x00000000800003d0 (0x0df0a827) mem 0x000000008000c1e8 0xbf80017f
core   0: 0x00000000800003d4 (0x0c40bc23) sd      tp, 216(ra)
core   0: 3 0x00000000800003d4 (0x0c40bc23) mem 0x000000008000c1f0 0x0000000000000001
core   0: >>>>  inst_37646
core   0: 0x00000000800003d8 (0x0a81af07) flw     ft10, 168(gp)
core   0: 3 0x00000000800003d8 (0x0a81af07) f30 0xffffffff7f3c34fb mem 0x000000008000a0b8
core   0: 0x00000000800003dc (0x0ac1ae87) flw     ft9, 172(gp)
core   0: 3 0x00000000800003dc (0x0ac1ae87) f29 0xffffffff802b86cc mem 0x000000008000a0bc
core   0: 0x00000000800003e0 (0x0b01ae07) flw     ft8, 176(gp)
core   0: 3 0x00000000800003e0 (0x0b01ae07) f28 0xffffffffb8600000 mem 0x000000008000a0c0
core   0: 0x00000000800003e4 (0x00000113) li      sp, 0
core   0: 3 0x00000000800003e4 (0x00000113) x2  0x0000000000000000
core   0: 0x00000000800003e8 (0x00311073) csrw    fcsr, sp
core   0: 3 0x00000000800003e8 (0x00311073) c1_fflags 0x0000000000000000 c2_frm 0x0000000000000000
core   0: 0x00000000800003ec (0xe1df7fc3) fmadd.s ft11, ft10, ft9, ft8
core   0: 3 0x00000000800003ec (0xe1df7fc3) c1_fflags 0x0000000000000001 f31 0xffffffffbf8001bf
core   0: 0x00000000800003f0 (0x00302273) csrr    tp, fcsr
core   0: 3 0x00000000800003f0 (0x00302273) x4  0x0000000000000001
core   0: 0x00000000800003f4 (0x0ff0a027) fsw     ft11, 224(ra)
core   0: 3 0x00000000800003f4 (0x0ff0a027) mem 0x000000008000c1f8 0xbf8001bf
core   0: 0x00000000800003f8 (0x0e40b423) sd      tp, 232(ra)
core   0: 3 0x00000000800003f8 (0x0e40b423) mem 0x000000008000c200 0x0000000000000001
core   0: >>>>  inst_37647
core   0: 0x00000000800003fc (0x0b41af07) flw     ft10, 180(gp)
core   0: 3 0x00000000800003fc (0x0b41af07) f30 0xffffffff7f3c34fb mem 0x000000008000a0c4
core   0: 0x0000000080000400 (0x0b81ae87) flw     ft9, 184(gp)
core   0: 3 0x0000000080000400 (0x0b81ae87) f29 0xffffffff802b86cc mem 0x000000008000a0c8
core   0: 0x0000000080000404 (0x0bc1ae07) flw     ft8, 188(gp)
core   0: 3 0x0000000080000404 (0x0bc1ae07) f28 0xffffffffb8700000 mem 0x000000008000a0cc
core   0: 0x0000000080000408 (0x00000113) li      sp, 0
core   0: 3 0x0000000080000408 (0x00000113) x2  0x0000000000000000
core   0: 0x000000008000040c (0x00311073) csrw    fcsr, sp
core   0: 3 0x000000008000040c (0x00311073) c1_fflags 0x0000000000000000 c2_frm 0x0000000000000000
core   0: 0x0000000080000410 (0xe1df7fc3) fmadd.s ft11, ft10, ft9, ft8
core   0: 3 0x0000000080000410 (0xe1df7fc3) c1_fflags 0x0000000000000001 f31 0xffffffffbf8001df
core   0: 0x0000000080000414 (0x00302273) csrr    tp, fcsr
core   0: 3 0x0000000080000414 (0x00302273) x4  0x0000000000000001
core   0: 0x0000000080000418 (0x0ff0a827) fsw     ft11, 240(ra)
core   0: 3 0x0000000080000418 (0x0ff0a827) mem 0x000000008000c208 0xbf8001df
core   0: 0x000000008000041c (0x0e40bc23) sd      tp, 248(ra)
core   0: 3 0x000000008000041c (0x0e40bc23) mem 0x000000008000c210 0x0000000000000001
core   0: >>>>  inst_37648
core   0: 0x0000000080000420 (0x0c01af07) flw     ft10, 192(gp)
core   0: 3 0x0000000080000420 (0x0c01af07) f30 0xffffffff7f3c34fb mem 0x000000008000a0d0
core   0: 0x0000000080000424 (0x0c41ae87) flw     ft9, 196(gp)
core   0: 3 0x0000000080000424 (0x0c41ae87) f29 0xffffffff802b86cc mem 0x000000008000a0d4
core   0: 0x0000000080000428 (0x0c81ae07) flw     ft8, 200(gp)
core   0: 3 0x0000000080000428 (0x0c81ae07) f28 0xffffffffb8780000 mem 0x000000008000a0d8
core   0: 0x000000008000042c (0x00000113) li      sp, 0
core   0: 3 0x000000008000042c (0x00000113) x2  0x0000000000000000
core   0: 0x0000000080000430 (0x00311073) csrw    fcsr, sp
core   0: 3 0x0000000080000430 (0x00311073) c1_fflags 0x0000000000000000 c2_frm 0x0000000000000000
core   0: 0x0000000080000434 (0xe1df7fc3) fmadd.s ft11, ft10, ft9, ft8
core   0: 3 0x0000000080000434 (0xe1df7fc3) c1_fflags 0x0000000000000001 f31 0xffffffffbf8001ef
core   0: 0x0000000080000438 (0x00302273) csrr    tp, fcsr
core   0: 3 0x0000000080000438 (0x00302273) x4  0x0000000000000001
core   0: 0x000000008000043c (0x11f0a027) fsw     ft11, 256(ra)
core   0: 3 0x000000008000043c (0x11f0a027) mem 0x000000008000c218 0xbf8001ef
core   0: 0x0000000080000440 (0x1040b423) sd      tp, 264(ra)
core   0: 3 0x0000000080000440 (0x1040b423) mem 0x000000008000c220 0x0000000000000001
core   0: >>>>  inst_37649
core   0: 0x0000000080000444 (0x0cc1af07) flw     ft10, 204(gp)
core   0: 3 0x0000000080000444 (0x0cc1af07) f30 0xffffffff7f3c34fb mem 0x000000008000a0dc
core   0: 0x0000000080000448 (0x0d01ae87) flw     ft9, 208(gp)
core   0: 3 0x0000000080000448 (0x0d01ae87) f29 0xffffffff802b86cc mem 0x000000008000a0e0
core   0: 0x000000008000044c (0x0d41ae07) flw     ft8, 212(gp)
core   0: 3 0x000000008000044c (0x0d41ae07) f28 0xffffffffb87c0000 mem 0x000000008000a0e4
core   0: 0x0000000080000450 (0x00000113) li      sp, 0
core   0: 3 0x0000000080000450 (0x00000113) x2  0x0000000000000000
core   0: 0x0000000080000454 (0x00311073) csrw    fcsr, sp
core   0: 3 0x0000000080000454 (0x00311073) c1_fflags 0x0000000000000000 c2_frm 0x0000000000000000
core   0: 0x0000000080000458 (0xe1df7fc3) fmadd.s ft11, ft10, ft9, ft8
core   0: 3 0x0000000080000458 (0xe1df7fc3) c1_fflags 0x0000000000000001 f31 0xffffffffbf8001f7
core   0: 0x000000008000045c (0x00302273) csrr    tp, fcsr
core   0: 3 0x000000008000045c (0x00302273) x4  0x0000000000000001
core   0: 0x0000000080000460 (0x11f0a827) fsw     ft11, 272(ra)
core   0: 3 0x0000000080000460 (0x11f0a827) mem 0x000000008000c228 0xbf8001f7
core   0: 0x0000000080000464 (0x1040bc23) sd      tp, 280(ra)
core   0: 3 0x0000000080000464 (0x1040bc23) mem 0x000000008000c230 0x0000000000000001
core   0: >>>>  inst_37650
core   0: 0x0000000080000468 (0x0d81af07) flw     ft10, 216(gp)
core   0: 3 0x0000000080000468 (0x0d81af07) f30 0xffffffff7f3c34fb mem 0x000000008000a0e8
core   0: 0x000000008000046c (0x0dc1ae87) flw     ft9, 220(gp)
core   0: 3 0x000000008000046c (0x0dc1ae87) f29 0xffffffff802b86cc mem 0x000000008000a0ec
core   0: 0x0000000080000470 (0x0e01ae07) flw     ft8, 224(gp)
core   0: 3 0x0000000080000470 (0x0e01ae07) f28 0xffffffffb87e0000 mem 0x000000008000a0f0
core   0: 0x0000000080000474 (0x00000113) li      sp, 0
core   0: 3 0x0000000080000474 (0x00000113) x2  0x0000000000000000
core   0: 0x0000000080000478 (0x00311073) csrw    fcsr, sp
core   0: 3 0x0000000080000478 (0x00311073) c1_fflags 0x0000000000000000 c2_frm 0x0000000000000000
core   0: 0x000000008000047c (0xe1df7fc3) fmadd.s ft11, ft10, ft9, ft8
core   0: 3 0x000000008000047c (0xe1df7fc3) c1_fflags 0x0000000000000001 f31 0xffffffffbf8001fb
core   0: 0x0000000080000480 (0x00302273) csrr    tp, fcsr
core   0: 3 0x0000000080000480 (0x00302273) x4  0x0000000000000001
core   0: 0x0000000080000484 (0x13f0a027) fsw     ft11, 288(ra)
core   0: 3 0x0000000080000484 (0x13f0a027) mem 0x000000008000c238 0xbf8001fb
core   0: 0x0000000080000488 (0x1240b423) sd      tp, 296(ra)
core   0: 3 0x0000000080000488 (0x1240b423) mem 0x000000008000c240 0x0000000000000001
core   0: >>>>  inst_37651
core   0: 0x000000008000048c (0x0e41af07) flw     ft10, 228(gp)
core   0: 3 0x000000008000048c (0x0e41af07) f30 0xffffffff7f3c34fb mem 0x000000008000a0f4
core   0: 0x0000000080000490 (0x0e81ae87) flw     ft9, 232(gp)
core   0: 3 0x0000000080000490 (0x0e81ae87) f29 0xffffffff802b86cc mem 0x000000008000a0f8
core   0: 0x0000000080000494 (0x0ec1ae07) flw     ft8, 236(gp)
core   0: 3 0x0000000080000494 (0x0ec1ae07) f28 0xffffffffb87f0000 mem 0x000000008000a0fc
core   0: 0x0000000080000498 (0x00000113) li      sp, 0
core   0: 3 0x0000000080000498 (0x00000113) x2  0x0000000000000000
core   0: 0x000000008000049c (0x00311073) csrw    fcsr, sp
core   0: 3 0x000000008000049c (0x00311073) c1_fflags 0x0000000000000000 c2_frm 0x0000000000000000
core   0: 0x00000000800004a0 (0xe1df7fc3) fmadd.s ft11, ft10, ft9, ft8
core   0: 3 0x00000000800004a0 (0xe1df7fc3) c1_fflags 0x0000000000000001 f31 0xffffffffbf8001fd
core   0: 0x00000000800004a4 (0x00302273) csrr    tp, fcsr
core   0: 3 0x00000000800004a4 (0x00302273) x4  0x0000000000000001
core   0: 0x00000000800004a8 (0x13f0a827) fsw     ft11, 304(ra)
core   0: 3 0x00000000800004a8 (0x13f0a827) mem 0x000000008000c248 0xbf8001fd
core   0: 0x00000000800004ac (0x1240bc23) sd      tp, 312(ra)
core   0: 3 0x00000000800004ac (0x1240bc23) mem 0x000000008000c250 0x0000000000000001
core   0: >>>>  inst_37652
core   0: 0x00000000800004b0 (0x0f01af07) flw     ft10, 240(gp)
core   0: 3 0x00000000800004b0 (0x0f01af07) f30 0xffffffff7f3c34fb mem 0x000000008000a100
core   0: 0x00000000800004b4 (0x0f41ae87) flw     ft9, 244(gp)
core   0: 3 0x00000000800004b4 (0x0f41ae87) f29 0xffffffff802b86cc mem 0x000000008000a104
core   0: 0x00000000800004b8 (0x0f81ae07) flw     ft8, 248(gp)
core   0: 3 0x00000000800004b8 (0x0f81ae07) f28 0xffffffffb87f8000 mem 0x000000008000a108
core   0: 0x00000000800004bc (0x00000113) li      sp, 0
core   0: 3 0x00000000800004bc (0x00000113) x2  0x0000000000000000
core   0: 0x00000000800004c0 (0x00311073) csrw    fcsr, sp
core   0: 3 0x00000000800004c0 (0x00311073) c1_fflags 0x0000000000000000 c2_frm 0x0000000000000000
core   0: 0x00000000800004c4 (0xe1df7fc3) fmadd.s ft11, ft10, ft9, ft8
core   0: 3 0x00000000800004c4 (0xe1df7fc3) c1_fflags 0x0000000000000001 f31 0xffffffffbf8001fe
core   0: 0x00000000800004c8 (0x00302273) csrr    tp, fcsr
core   0: 3 0x00000000800004c8 (0x00302273) x4  0x0000000000000001
core   0: 0x00000000800004cc (0x15f0a027) fsw     ft11, 320(ra)
core   0: 3 0x00000000800004cc (0x15f0a027) mem 0x000000008000c258 0xbf8001fe
core   0: 0x00000000800004d0 (0x1440b423) sd      tp, 328(ra)
core   0: 3 0x00000000800004d0 (0x1440b423) mem 0x000000008000c260 0x0000000000000001
core   0: >>>>  inst_37653
core   0: 0x00000000800004d4 (0x0fc1af07) flw     ft10, 252(gp)
core   0: 3 0x00000000800004d4 (0x0fc1af07) f30 0xffffffff7f3c34fb mem 0x000000008000a10c
core   0: 0x00000000800004d8 (0x1001ae87) flw     ft9, 256(gp)
core   0: 3 0x00000000800004d8 (0x1001ae87) f29 0xffffffff802b86cc mem 0x000000008000a110
core   0: 0x00000000800004dc (0x1041ae07) flw     ft8, 260(gp)
core   0: 3 0x00000000800004dc (0x1041ae07) f28 0xffffffffb87fc000 mem 0x000000008000a114
core   0: 0x00000000800004e0 (0x00000113) li      sp, 0
core   0: 3 0x00000000800004e0 (0x00000113) x2  0x0000000000000000
core   0: 0x00000000800004e4 (0x00311073) csrw    fcsr, sp
core   0: 3 0x00000000800004e4 (0x00311073) c1_fflags 0x0000000000000000 c2_frm 0x0000000000000000
core   0: 0x00000000800004e8 (0xe1df7fc3) fmadd.s ft11, ft10, ft9, ft8
core   0: 3 0x00000000800004e8 (0xe1df7fc3) c1_fflags 0x0000000000000001 f31 0xffffffffbf8001ff
core   0: 0x00000000800004ec (0x00302273) csrr    tp, fcsr
core   0: 3 0x00000000800004ec (0x00302273) x4  0x0000000000000001
core   0: 0x00000000800004f0 (0x15f0a827) fsw     ft11, 336(ra)
core   0: 3 0x00000000800004f0 (0x15f0a827) mem 0x000000008000c268 0xbf8001ff
core   0: 0x00000000800004f4 (0x1440bc23) sd      tp, 344(ra)
core   0: 3 0x00000000800004f4 (0x1440bc23) mem 0x000000008000c270 0x0000000000000001
core   0: >>>>  inst_37654
core   0: 0x00000000800004f8 (0x1081af07) flw     ft10, 264(gp)
core   0: 3 0x00000000800004f8 (0x1081af07) f30 0xffffffff7f3c34fb mem 0x000000008000a118
core   0: 0x00000000800004fc (0x10c1ae87) flw     ft9, 268(gp)
core   0: 3 0x00000000800004fc (0x10c1ae87) f29 0xffffffff802b86cc mem 0x000000008000a11c
core   0: 0x0000000080000500 (0x1101ae07) flw     ft8, 272(gp)
core   0: 3 0x0000000080000500 (0x1101ae07) f28 0xffffffffb87fe000 mem 0x000000008000a120
core   0: 0x0000000080000504 (0x00000113) li      sp, 0
core   0: 3 0x0000000080000504 (0x00000113) x2  0x0000000000000000
core   0: 0x0000000080000508 (0x00311073) csrw    fcsr, sp
core   0: 3 0x0000000080000508 (0x00311073) c1_fflags 0x0000000000000000 c2_frm 0x0000000000000000
core   0: 0x000000008000050c (0xe1df7fc3) fmadd.s ft11, ft10, ft9, ft8
core   0: 3 0x000000008000050c (0xe1df7fc3) c1_fflags 0x0000000000000001 f31 0xffffffffbf8001ff
core   0: 0x0000000080000510 (0x00302273) csrr    tp, fcsr
core   0: 3 0x0000000080000510 (0x00302273) x4  0x0000000000000001
core   0: 0x0000000080000514 (0x17f0a027) fsw     ft11, 352(ra)
core   0: 3 0x0000000080000514 (0x17f0a027) mem 0x000000008000c278 0xbf8001ff
core   0: 0x0000000080000518 (0x1640b423) sd      tp, 360(ra)
core   0: 3 0x0000000080000518 (0x1640b423) mem 0x000000008000c280 0x0000000000000001
core   0: >>>>  inst_37655
core   0: 0x000000008000051c (0x1141af07) flw     ft10, 276(gp)
core   0: 3 0x000000008000051c (0x1141af07) f30 0xffffffff7f3c34fb mem 0x000000008000a124
core   0: 0x0000000080000520 (0x1181ae87) flw     ft9, 280(gp)
core   0: 3 0x0000000080000520 (0x1181ae87) f29 0xffffffff802b86cc mem 0x000000008000a128
core   0: 0x0000000080000524 (0x11c1ae07) flw     ft8, 284(gp)
core   0: 3 0x0000000080000524 (0x11c1ae07) f28 0xffffffffb87ff000 mem 0x000000008000a12c
core   0: 0x0000000080000528 (0x00000113) li      sp, 0
core   0: 3 0x0000000080000528 (0x00000113) x2  0x0000000000000000
core   0: 0x000000008000052c (0x00311073) csrw    fcsr, sp
core   0: 3 0x000000008000052c (0x00311073) c1_fflags 0x0000000000000000 c2_frm 0x0000000000000000
core   0: 0x0000000080000530 (0xe1df7fc3) fmadd.s ft11, ft10, ft9, ft8
core   0: 3 0x0000000080000530 (0xe1df7fc3) c1_fflags 0x0000000000000001 f31 0xffffffffbf8001ff
core   0: 0x0000000080000534 (0x00302273) csrr    tp, fcsr
core   0: 3 0x0000000080000534 (0x00302273) x4  0x0000000000000001
core   0: 0x0000000080000538 (0x17f0a827) fsw     ft11, 368(ra)
core   0: 3 0x0000000080000538 (0x17f0a827) mem 0x000000008000c288 0xbf8001ff
core   0: 0x000000008000053c (0x1640bc23) sd      tp, 376(ra)
core   0: 3 0x000000008000053c (0x1640bc23) mem 0x000000008000c290 0x0000000000000001
core   0: >>>>  inst_37656
core   0: 0x0000000080000540 (0x1201af07) flw     ft10, 288(gp)
core   0: 3 0x0000000080000540 (0x1201af07) f30 0xffffffff7f3c34fb mem 0x000000008000a130
core   0: 0x0000000080000544 (0x1241ae87) flw     ft9, 292(gp)
core   0: 3 0x0000000080000544 (0x1241ae87) f29 0xffffffff802b86cc mem 0x000000008000a134
core   0: 0x0000000080000548 (0x1281ae07) flw     ft8, 296(gp)
core   0: 3 0x0000000080000548 (0x1281ae07) f28 0xffffffffb87ff800 mem 0x000000008000a138
core   0: 0x000000008000054c (0x00000113) li      sp, 0
core   0: 3 0x000000008000054c (0x00000113) x2  0x0000000000000000
core   0: 0x0000000080000550 (0x00311073) csrw    fcsr, sp
core   0: 3 0x0000000080000550 (0x00311073) c1_fflags 0x0000000000000000 c2_frm 0x0000000000000000
core   0: 0x0000000080000554 (0xe1df7fc3) fmadd.s ft11, ft10, ft9, ft8
core   0: 3 0x0000000080000554 (0xe1df7fc3) c1_fflags 0x0000000000000001 f31 0xffffffffbf8001ff
core   0: 0x0000000080000558 (0x00302273) csrr    tp, fcsr
core   0: 3 0x0000000080000558 (0x00302273) x4  0x0000000000000001
core   0: 0x000000008000055c (0x19f0a027) fsw     ft11, 384(ra)
core   0: 3 0x000000008000055c (0x19f0a027) mem 0x000000008000c298 0xbf8001ff
core   0: 0x0000000080000560 (0x1840b423) sd      tp, 392(ra)
core   0: 3 0x0000000080000560 (0x1840b423) mem 0x000000008000c2a0 0x0000000000000001
core   0: >>>>  inst_37657
core   0: 0x0000000080000564 (0x12c1af07) flw     ft10, 300(gp)
core   0: 3 0x0000000080000564 (0x12c1af07) f30 0xffffffff7f3c34fb mem 0x000000008000a13c
core   0: 0x0000000080000568 (0x1301ae87) flw     ft9, 304(gp)
core   0: 3 0x0000000080000568 (0x1301ae87) f29 0xffffffff802b86cc mem 0x000000008000a140
core   0: 0x000000008000056c (0x1341ae07) flw     ft8, 308(gp)
core   0: 3 0x000000008000056c (0x1341ae07) f28 0xffffffffb87ffc00 mem 0x000000008000a144
core   0: 0x0000000080000570 (0x00000113) li      sp, 0
core   0: 3 0x0000000080000570 (0x00000113) x2  0x0000000000000000
core   0: 0x0000000080000574 (0x00311073) csrw    fcsr, sp
core   0: 3 0x0000000080000574 (0x00311073) c1_fflags 0x0000000000000000 c2_frm 0x0000000000000000
core   0: 0x0000000080000578 (0xe1df7fc3) fmadd.s ft11, ft10, ft9, ft8
core   0: 3 0x0000000080000578 (0xe1df7fc3) c1_fflags 0x0000000000000001 f31 0xffffffffbf8001ff
core   0: 0x000000008000057c (0x00302273) csrr    tp, fcsr
core   0: 3 0x000000008000057c (0x00302273) x4  0x0000000000000001
core   0: 0x0000000080000580 (0x19f0a827) fsw     ft11, 400(ra)
core   0: 3 0x0000000080000580 (0x19f0a827) mem 0x000000008000c2a8 0xbf8001ff
core   0: 0x0000000080000584 (0x1840bc23) sd      tp, 408(ra)
core   0: 3 0x0000000080000584 (0x1840bc23) mem 0x000000008000c2b0 0x0000000000000001
core   0: >>>>  inst_37658
core   0: 0x0000000080000588 (0x1381af07) flw     ft10, 312(gp)
core   0: 3 0x0000000080000588 (0x1381af07) f30 0xffffffff7f3c34fb mem 0x000000008000a148
core   0: 0x000000008000058c (0x13c1ae87) flw     ft9, 316(gp)
core   0: 3 0x000000008000058c (0x13c1ae87) f29 0xffffffff802b86cc mem 0x000000008000a14c
core   0: 0x0000000080000590 (0x1401ae07) flw     ft8, 320(gp)
core   0: 3 0x0000000080000590 (0x1401ae07) f28 0xffffffffb87ffe00 mem 0x000000008000a150
core   0: 0x0000000080000594 (0x00000113) li      sp, 0
core   0: 3 0x0000000080000594 (0x00000113) x2  0x0000000000000000
core   0: 0x0000000080000598 (0x00311073) csrw    fcsr, sp
core   0: 3 0x0000000080000598 (0x00311073) c1_fflags 0x0000000000000000 c2_frm 0x0000000000000000
core   0: 0x000000008000059c (0xe1df7fc3) fmadd.s ft11, ft10, ft9, ft8
core   0: 3 0x000000008000059c (0xe1df7fc3) c1_fflags 0x0000000000000001 f31 0xffffffffbf8001ff
core   0: 0x00000000800005a0 (0x00302273) csrr    tp, fcsr
core   0: 3 0x00000000800005a0 (0x00302273) x4  0x0000000000000001
core   0: 0x00000000800005a4 (0x1bf0a027) fsw     ft11, 416(ra)
core   0: 3 0x00000000800005a4 (0x1bf0a027) mem 0x000000008000c2b8 0xbf8001ff
core   0: 0x00000000800005a8 (0x1a40b423) sd      tp, 424(ra)
core   0: 3 0x00000000800005a8 (0x1a40b423) mem 0x000000008000c2c0 0x0000000000000001
core   0: >>>>  inst_37659
core   0: 0x00000000800005ac (0x1441af07) flw     ft10, 324(gp)
core   0: 3 0x00000000800005ac (0x1441af07) f30 0xffffffff7f3c34fb mem 0x000000008000a154
core   0: 0x00000000800005b0 (0x1481ae87) flw     ft9, 328(gp)
core   0: 3 0x00000000800005b0 (0x1481ae87) f29 0xffffffff802b86cc mem 0x000000008000a158
core   0: 0x00000000800005b4 (0x14c1ae07) flw     ft8, 332(gp)
core   0: 3 0x00000000800005b4 (0x14c1ae07) f28 0xffffffffb87fff00 mem 0x000000008000a15c
core   0: 0x00000000800005b8 (0x00000113) li      sp, 0
core   0: 3 0x00000000800005b8 (0x00000113) x2  0x0000000000000000
core   0: 0x00000000800005bc (0x00311073) csrw    fcsr, sp
core   0: 3 0x00000000800005bc (0x00311073) c1_fflags 0x0000000000000000 c2_frm 0x0000000000000000
core   0: 0x00000000800005c0 (0xe1df7fc3) fmadd.s ft11, ft10, ft9, ft8
core   0: 3 0x00000000800005c0 (0xe1df7fc3) c1_fflags 0x0000000000000001 f31 0xffffffffbf8001ff
core   0: 0x00000000800005c4 (0x00302273) csrr    tp, fcsr
core   0: 3 0x00000000800005c4 (0x00302273) x4  0x0000000000000001
core   0: 0x00000000800005c8 (0x1bf0a827) fsw     ft11, 432(ra)
core   0: 3 0x00000000800005c8 (0x1bf0a827) mem 0x000000008000c2c8 0xbf8001ff
core   0: 0x00000000800005cc (0x1a40bc23) sd      tp, 440(ra)
core   0: 3 0x00000000800005cc (0x1a40bc23) mem 0x000000008000c2d0 0x0000000000000001
core   0: >>>>  inst_37660
core   0: 0x00000000800005d0 (0x1501af07) flw     ft10, 336(gp)
core   0: 3 0x00000000800005d0 (0x1501af07) f30 0xffffffff7f3c34fb mem 0x000000008000a160
core   0: 0x00000000800005d4 (0x1541ae87) flw     ft9, 340(gp)
core   0: 3 0x00000000800005d4 (0x1541ae87) f29 0xffffffff802b86cc mem 0x000000008000a164
core   0: 0x00000000800005d8 (0x1581ae07) flw     ft8, 344(gp)
core   0: 3 0x00000000800005d8 (0x1581ae07) f28 0xffffffffb87fff80 mem 0x000000008000a168
core   0: 0x00000000800005dc (0x00000113) li      sp, 0
core   0: 3 0x00000000800005dc (0x00000113) x2  0x0000000000000000
core   0: 0x00000000800005e0 (0x00311073) csrw    fcsr, sp
core   0: 3 0x00000000800005e0 (0x00311073) c1_fflags 0x0000000000000000 c2_frm 0x0000000000000000
core   0: 0x00000000800005e4 (0xe1df7fc3) fmadd.s ft11, ft10, ft9, ft8
core   0: 3 0x00000000800005e4 (0xe1df7fc3) c1_fflags 0x0000000000000001 f31 0xffffffffbf8001ff
core   0: 0x00000000800005e8 (0x00302273) csrr    tp, fcsr
core   0: 3 0x00000000800005e8 (0x00302273) x4  0x0000000000000001
core   0: 0x00000000800005ec (0x1df0a027) fsw     ft11, 448(ra)
core   0: 3 0x00000000800005ec (0x1df0a027) mem 0x000000008000c2d8 0xbf8001ff
core   0: 0x00000000800005f0 (0x1c40b423) sd      tp, 456(ra)
core   0: 3 0x00000000800005f0 (0x1c40b423) mem 0x000000008000c2e0 0x0000000000000001
core   0: >>>>  inst_37661
core   0: 0x00000000800005f4 (0x15c1af07) flw     ft10, 348(gp)
core   0: 3 0x00000000800005f4 (0x15c1af07) f30 0xffffffff7f3c34fb mem 0x000000008000a16c
core   0: 0x00000000800005f8 (0x1601ae87) flw     ft9, 352(gp)
core   0: 3 0x00000000800005f8 (0x1601ae87) f29 0xffffffff802b86cc mem 0x000000008000a170
core   0: 0x00000000800005fc (0x1641ae07) flw     ft8, 356(gp)
core   0: 3 0x00000000800005fc (0x1641ae07) f28 0xffffffffb87fffc0 mem 0x000000008000a174
core   0: 0x0000000080000600 (0x00000113) li      sp, 0
core   0: 3 0x0000000080000600 (0x00000113) x2  0x0000000000000000
core   0: 0x0000000080000604 (0x00311073) csrw    fcsr, sp
core   0: 3 0x0000000080000604 (0x00311073) c1_fflags 0x0000000000000000 c2_frm 0x0000000000000000
core   0: 0x0000000080000608 (0xe1df7fc3) fmadd.s ft11, ft10, ft9, ft8
core   0: 3 0x0000000080000608 (0xe1df7fc3) c1_fflags 0x0000000000000001 f31 0xffffffffbf8001ff
core   0: 0x000000008000060c (0x00302273) csrr    tp, fcsr
core   0: 3 0x000000008000060c (0x00302273) x4  0x0000000000000001
core   0: 0x0000000080000610 (0x1df0a827) fsw     ft11, 464(ra)
core   0: 3 0x0000000080000610 (0x1df0a827) mem 0x000000008000c2e8 0xbf8001ff
core   0: 0x0000000080000614 (0x1c40bc23) sd      tp, 472(ra)
core   0: 3 0x0000000080000614 (0x1c40bc23) mem 0x000000008000c2f0 0x0000000000000001
core   0: >>>>  inst_37662
core   0: 0x0000000080000618 (0x1681af07) flw     ft10, 360(gp)
core   0: 3 0x0000000080000618 (0x1681af07) f30 0xffffffff7f3c34fb mem 0x000000008000a178
core   0: 0x000000008000061c (0x16c1ae87) flw     ft9, 364(gp)
core   0: 3 0x000000008000061c (0x16c1ae87) f29 0xffffffff802b86cc mem 0x000000008000a17c
core   0: 0x0000000080000620 (0x1701ae07) flw     ft8, 368(gp)
core   0: 3 0x0000000080000620 (0x1701ae07) f28 0xffffffffb87fffe0 mem 0x000000008000a180
core   0: 0x0000000080000624 (0x00000113) li      sp, 0
core   0: 3 0x0000000080000624 (0x00000113) x2  0x0000000000000000
core   0: 0x0000000080000628 (0x00311073) csrw    fcsr, sp
core   0: 3 0x0000000080000628 (0x00311073) c1_fflags 0x0000000000000000 c2_frm 0x0000000000000000
core   0: 0x000000008000062c (0xe1df7fc3) fmadd.s ft11, ft10, ft9, ft8
core   0: 3 0x000000008000062c (0xe1df7fc3) c1_fflags 0x0000000000000001 f31 0xffffffffbf8001ff
core   0: 0x0000000080000630 (0x00302273) csrr    tp, fcsr
core   0: 3 0x0000000080000630 (0x00302273) x4  0x0000000000000001
core   0: 0x0000000080000634 (0x1ff0a027) fsw     ft11, 480(ra)
core   0: 3 0x0000000080000634 (0x1ff0a027) mem 0x000000008000c2f8 0xbf8001ff
core   0: 0x0000000080000638 (0x1e40b423) sd      tp, 488(ra)
core   0: 3 0x0000000080000638 (0x1e40b423) mem 0x000000008000c300 0x0000000000000001
core   0: >>>>  inst_37663
core   0: 0x000000008000063c (0x1741af07) flw     ft10, 372(gp)
core   0: 3 0x000000008000063c (0x1741af07) f30 0xffffffff7f3c34fb mem 0x000000008000a184
core   0: 0x0000000080000640 (0x1781ae87) flw     ft9, 376(gp)
core   0: 3 0x0000000080000640 (0x1781ae87) f29 0xffffffff802b86cc mem 0x000000008000a188
core   0: 0x0000000080000644 (0x17c1ae07) flw     ft8, 380(gp)
core   0: 3 0x0000000080000644 (0x17c1ae07) f28 0xffffffffb87ffff0 mem 0x000000008000a18c
core   0: 0x0000000080000648 (0x00000113) li      sp, 0
core   0: 3 0x0000000080000648 (0x00000113) x2  0x0000000000000000
core   0: 0x000000008000064c (0x00311073) csrw    fcsr, sp
core   0: 3 0x000000008000064c (0x00311073) c1_fflags 0x0000000000000000 c2_frm 0x0000000000000000
core   0: 0x0000000080000650 (0xe1df7fc3) fmadd.s ft11, ft10, ft9, ft8
core   0: 3 0x0000000080000650 (0xe1df7fc3) c1_fflags 0x0000000000000001 f31 0xffffffffbf8001ff
core   0: 0x0000000080000654 (0x00302273) csrr    tp, fcsr
core   0: 3 0x0000000080000654 (0x00302273) x4  0x0000000000000001
core   0: 0x0000000080000658 (0x1ff0a827) fsw     ft11, 496(ra)
core   0: 3 0x0000000080000658 (0x1ff0a827) mem 0x000000008000c308 0xbf8001ff
core   0: 0x000000008000065c (0x1e40bc23) sd      tp, 504(ra)
core   0: 3 0x000000008000065c (0x1e40bc23) mem 0x000000008000c310 0x0000000000000001
core   0: >>>>  inst_37664
core   0: 0x0000000080000660 (0x1801af07) flw     ft10, 384(gp)
core   0: 3 0x0000000080000660 (0x1801af07) f30 0xffffffff7f3c34fb mem 0x000000008000a190
core   0: 0x0000000080000664 (0x1841ae87) flw     ft9, 388(gp)
core   0: 3 0x0000000080000664 (0x1841ae87) f29 0xffffffff802b86cc mem 0x000000008000a194
core   0: 0x0000000080000668 (0x1881ae07) flw     ft8, 392(gp)
core   0: 3 0x0000000080000668 (0x1881ae07) f28 0xffffffffb87ffff8 mem 0x000000008000a198
core   0: 0x000000008000066c (0x00000113) li      sp, 0
core   0: 3 0x000000008000066c (0x00000113) x2  0x0000000000000000
core   0: 0x0000000080000670 (0x00311073) csrw    fcsr, sp
core   0: 3 0x0000000080000670 (0x00311073) c1_fflags 0x0000000000000000 c2_frm 0x0000000000000000
core   0: 0x0000000080000674 (0xe1df7fc3) fmadd.s ft11, ft10, ft9, ft8
core   0: 3 0x0000000080000674 (0xe1df7fc3) c1_fflags 0x0000000000000001 f31 0xffffffffbf8001ff
core   0: 0x0000000080000678 (0x00302273) csrr    tp, fcsr
core   0: 3 0x0000000080000678 (0x00302273) x4  0x0000000000000001
core   0: 0x000000008000067c (0x21f0a027) fsw     ft11, 512(ra)
core   0: 3 0x000000008000067c (0x21f0a027) mem 0x000000008000c318 0xbf8001ff
core   0: 0x0000000080000680 (0x2040b423) sd      tp, 520(ra)
core   0: 3 0x0000000080000680 (0x2040b423) mem 0x000000008000c320 0x0000000000000001
core   0: >>>>  inst_37665
core   0: 0x0000000080000684 (0x18c1af07) flw     ft10, 396(gp)
core   0: 3 0x0000000080000684 (0x18c1af07) f30 0xffffffff7f3c34fb mem 0x000000008000a19c
core   0: 0x0000000080000688 (0x1901ae87) flw     ft9, 400(gp)
core   0: 3 0x0000000080000688 (0x1901ae87) f29 0xffffffff802b86cc mem 0x000000008000a1a0
core   0: 0x000000008000068c (0x1941ae07) flw     ft8, 404(gp)
core   0: 3 0x000000008000068c (0x1941ae07) f28 0xffffffffb87ffffc mem 0x000000008000a1a4
core   0: 0x0000000080000690 (0x00000113) li      sp, 0
core   0: 3 0x0000000080000690 (0x00000113) x2  0x0000000000000000
core   0: 0x0000000080000694 (0x00311073) csrw    fcsr, sp
core   0: 3 0x0000000080000694 (0x00311073) c1_fflags 0x0000000000000000 c2_frm 0x0000000000000000
core   0: 0x0000000080000698 (0xe1df7fc3) fmadd.s ft11, ft10, ft9, ft8
core   0: 3 0x0000000080000698 (0xe1df7fc3) c1_fflags 0x0000000000000001 f31 0xffffffffbf8001ff
core   0: 0x000000008000069c (0x00302273) csrr    tp, fcsr
core   0: 3 0x000000008000069c (0x00302273) x4  0x0000000000000001
core   0: 0x00000000800006a0 (0x21f0a827) fsw     ft11, 528(ra)
core   0: 3 0x00000000800006a0 (0x21f0a827) mem 0x000000008000c328 0xbf8001ff
core   0: 0x00000000800006a4 (0x2040bc23) sd      tp, 536(ra)
core   0: 3 0x00000000800006a4 (0x2040bc23) mem 0x000000008000c330 0x0000000000000001
core   0: >>>>  inst_37666
core   0: 0x00000000800006a8 (0x1981af07) flw     ft10, 408(gp)
core   0: 3 0x00000000800006a8 (0x1981af07) f30 0xffffffff7f3c34fb mem 0x000000008000a1a8
core   0: 0x00000000800006ac (0x19c1ae87) flw     ft9, 412(gp)
core   0: 3 0x00000000800006ac (0x19c1ae87) f29 0xffffffff802b86cc mem 0x000000008000a1ac
core   0: 0x00000000800006b0 (0x1a01ae07) flw     ft8, 416(gp)
core   0: 3 0x00000000800006b0 (0x1a01ae07) f28 0xffffffffb87ffffe mem 0x000000008000a1b0
core   0: 0x00000000800006b4 (0x00000113) li      sp, 0
core   0: 3 0x00000000800006b4 (0x00000113) x2  0x0000000000000000
core   0: 0x00000000800006b8 (0x00311073) csrw    fcsr, sp
core   0: 3 0x00000000800006b8 (0x00311073) c1_fflags 0x0000000000000000 c2_frm 0x0000000000000000
core   0: 0x00000000800006bc (0xe1df7fc3) fmadd.s ft11, ft10, ft9, ft8
core   0: 3 0x00000000800006bc (0xe1df7fc3) c1_fflags 0x0000000000000001 f31 0xffffffffbf8001ff
core   0: 0x00000000800006c0 (0x00302273) csrr    tp, fcsr
core   0: 3 0x00000000800006c0 (0x00302273) x4  0x0000000000000001
core   0: 0x00000000800006c4 (0x23f0a027) fsw     ft11, 544(ra)
core   0: 3 0x00000000800006c4 (0x23f0a027) mem 0x000000008000c338 0xbf8001ff
core   0: 0x00000000800006c8 (0x2240b423) sd      tp, 552(ra)
core   0: 3 0x00000000800006c8 (0x2240b423) mem 0x000000008000c340 0x0000000000000001
core   0: >>>>  inst_37667
core   0: 0x00000000800006cc (0x1a41af07) flw     ft10, 420(gp)
core   0: 3 0x00000000800006cc (0x1a41af07) f30 0xffffffff7f3c34fb mem 0x000000008000a1b4
core   0: 0x00000000800006d0 (0x1a81ae87) flw     ft9, 424(gp)
core   0: 3 0x00000000800006d0 (0x1a81ae87) f29 0xffffffff802b86cc mem 0x000000008000a1b8
core   0: 0x00000000800006d4 (0x1ac1ae07) flw     ft8, 428(gp)
core   0: 3 0x00000000800006d4 (0x1ac1ae07) f28 0xffffffffb87fffff mem 0x000000008000a1bc
core   0: 0x00000000800006d8 (0x00000113) li      sp, 0
core   0: 3 0x00000000800006d8 (0x00000113) x2  0x0000000000000000
core   0: 0x00000000800006dc (0x00311073) csrw    fcsr, sp
core   0: 3 0x00000000800006dc (0x00311073) c1_fflags 0x0000000000000000 c2_frm 0x0000000000000000
core   0: 0x00000000800006e0 (0xe1df7fc3) fmadd.s ft11, ft10, ft9, ft8
core   0: 3 0x00000000800006e0 (0xe1df7fc3) c1_fflags 0x0000000000000001 f31 0xffffffffbf8001ff
core   0: 0x00000000800006e4 (0x00302273) csrr    tp, fcsr
core   0: 3 0x00000000800006e4 (0x00302273) x4  0x0000000000000001
core   0: 0x00000000800006e8 (0x23f0a827) fsw     ft11, 560(ra)
core   0: 3 0x00000000800006e8 (0x23f0a827) mem 0x000000008000c348 0xbf8001ff
core   0: 0x00000000800006ec (0x2240bc23) sd      tp, 568(ra)
core   0: 3 0x00000000800006ec (0x2240bc23) mem 0x000000008000c350 0x0000000000000001
core   0: >>>>  inst_37668
core   0: 0x00000000800006f0 (0x1b01af07) flw     ft10, 432(gp)
core   0: 3 0x00000000800006f0 (0x1b01af07) f30 0xffffffff7f3c34fb mem 0x000000008000a1c0
core   0: 0x00000000800006f4 (0x1b41ae87) flw     ft9, 436(gp)
core   0: 3 0x00000000800006f4 (0x1b41ae87) f29 0xffffffff802b86cc mem 0x000000008000a1c4
core   0: 0x00000000800006f8 (0x1b81ae07) flw     ft8, 440(gp)
core   0: 3 0x00000000800006f8 (0x1b81ae07) f28 0xffffffffbf800001 mem 0x000000008000a1c8
core   0: 0x00000000800006fc (0x00000113) li      sp, 0
core   0: 3 0x00000000800006fc (0x00000113) x2  0x0000000000000000
core   0: 0x0000000080000700 (0x00311073) csrw    fcsr, sp
core   0: 3 0x0000000080000700 (0x00311073) c1_fflags 0x0000000000000000 c2_frm 0x0000000000000000
core   0: 0x0000000080000704 (0xe1df7fc3) fmadd.s ft11, ft10, ft9, ft8
core   0: 3 0x0000000080000704 (0xe1df7fc3) c1_fflags 0x0000000000000001 f31 0xffffffffc0000000
core   0: 0x0000000080000708 (0x00302273) csrr    tp, fcsr
core   0: 3 0x0000000080000708 (0x00302273) x4  0x0000000000000001
core   0: 0x000000008000070c (0x25f0a027) fsw     ft11, 576(ra)
core   0: 3 0x000000008000070c (0x25f0a027) mem 0x000000008000c358 0xc0000000
core   0: 0x0000000080000710 (0x2440b423) sd      tp, 584(ra)
core   0: 3 0x0000000080000710 (0x2440b423) mem 0x000000008000c360 0x0000000000000001
core   0: >>>>  inst_37669
core   0: 0x0000000080000714 (0x1bc1af07) flw     ft10, 444(gp)
core   0: 3 0x0000000080000714 (0x1bc1af07) f30 0xffffffff7f3c34fb mem 0x000000008000a1cc
core   0: 0x0000000080000718 (0x1c01ae87) flw     ft9, 448(gp)
core   0: 3 0x0000000080000718 (0x1c01ae87) f29 0xffffffff802b86cc mem 0x000000008000a1d0
core   0: 0x000000008000071c (0x1c41ae07) flw     ft8, 452(gp)
core   0: 3 0x000000008000071c (0x1c41ae07) f28 0xffffffffbf800003 mem 0x000000008000a1d4
core   0: 0x0000000080000720 (0x00000113) li      sp, 0
core   0: 3 0x0000000080000720 (0x00000113) x2  0x0000000000000000
core   0: 0x0000000080000724 (0x00311073) csrw    fcsr, sp
core   0: 3 0x0000000080000724 (0x00311073) c1_fflags 0x0000000000000000 c2_frm 0x0000000000000000
core   0: 0x0000000080000728 (0xe1df7fc3) fmadd.s ft11, ft10, ft9, ft8
core   0: 3 0x0000000080000728 (0xe1df7fc3) c1_fflags 0x0000000000000001 f31 0xffffffffc0000001
core   0: 0x000000008000072c (0x00302273) csrr    tp, fcsr
core   0: 3 0x000000008000072c (0x00302273) x4  0x0000000000000001
core   0: 0x0000000080000730 (0x25f0a827) fsw     ft11, 592(ra)
core   0: 3 0x0000000080000730 (0x25f0a827) mem 0x000000008000c368 0xc0000001
core   0: 0x0000000080000734 (0x2440bc23) sd      tp, 600(ra)
core   0: 3 0x0000000080000734 (0x2440bc23) mem 0x000000008000c370 0x0000000000000001
core   0: >>>>  inst_37670
core   0: 0x0000000080000738 (0x1c81af07) flw     ft10, 456(gp)
core   0: 3 0x0000000080000738 (0x1c81af07) f30 0xffffffff7f3c34fb mem 0x000000008000a1d8
core   0: 0x000000008000073c (0x1cc1ae87) flw     ft9, 460(gp)
core   0: 3 0x000000008000073c (0x1cc1ae87) f29 0xffffffff802b86cc mem 0x000000008000a1dc
core   0: 0x0000000080000740 (0x1d01ae07) flw     ft8, 464(gp)
core   0: 3 0x0000000080000740 (0x1d01ae07) f28 0xffffffffbf800007 mem 0x000000008000a1e0
core   0: 0x0000000080000744 (0x00000113) li      sp, 0
core   0: 3 0x0000000080000744 (0x00000113) x2  0x0000000000000000
core   0: 0x0000000080000748 (0x00311073) csrw    fcsr, sp
core   0: 3 0x0000000080000748 (0x00311073) c1_fflags 0x0000000000000000 c2_frm 0x0000000000000000
core   0: 0x000000008000074c (0xe1df7fc3) fmadd.s ft11, ft10, ft9, ft8
core   0: 3 0x000000008000074c (0xe1df7fc3) c1_fflags 0x0000000000000001 f31 0xffffffffc0000003
core   0: 0x0000000080000750 (0x00302273) csrr    tp, fcsr
core   0: 3 0x0000000080000750 (0x00302273) x4  0x0000000000000001
core   0: 0x0000000080000754 (0x27f0a027) fsw     ft11, 608(ra)
core   0: 3 0x0000000080000754 (0x27f0a027) mem 0x000000008000c378 0xc0000003
core   0: 0x0000000080000758 (0x2640b423) sd      tp, 616(ra)
core   0: 3 0x0000000080000758 (0x2640b423) mem 0x000000008000c380 0x0000000000000001
core   0: >>>>  inst_37671
core   0: 0x000000008000075c (0x1d41af07) flw     ft10, 468(gp)
core   0: 3 0x000000008000075c (0x1d41af07) f30 0xffffffff7f3c34fb mem 0x000000008000a1e4
core   0: 0x0000000080000760 (0x1d81ae87) flw     ft9, 472(gp)
core   0: 3 0x0000000080000760 (0x1d81ae87) f29 0xffffffff802b86cc mem 0x000000008000a1e8
core   0: 0x0000000080000764 (0x1dc1ae07) flw     ft8, 476(gp)
core   0: 3 0x0000000080000764 (0x1dc1ae07) f28 0xffffffffbf999999 mem 0x000000008000a1ec
core   0: 0x0000000080000768 (0x00000113) li      sp, 0
core   0: 3 0x0000000080000768 (0x00000113) x2  0x0000000000000000
core   0: 0x000000008000076c (0x00311073) csrw    fcsr, sp
core   0: 3 0x000000008000076c (0x00311073) c1_fflags 0x0000000000000000 c2_frm 0x0000000000000000
core   0: 0x0000000080000770 (0xe1df7fc3) fmadd.s ft11, ft10, ft9, ft8
core   0: 3 0x0000000080000770 (0xe1df7fc3) c1_fflags 0x0000000000000001 f31 0xffffffffc00ccccc
core   0: 0x0000000080000774 (0x00302273) csrr    tp, fcsr
core   0: 3 0x0000000080000774 (0x00302273) x4  0x0000000000000001
core   0: 0x0000000080000778 (0x27f0a827) fsw     ft11, 624(ra)
core   0: 3 0x0000000080000778 (0x27f0a827) mem 0x000000008000c388 0xc00ccccc
core   0: 0x000000008000077c (0x2640bc23) sd      tp, 632(ra)
core   0: 3 0x000000008000077c (0x2640bc23) mem 0x000000008000c390 0x0000000000000001
core   0: >>>>  inst_37672
core   0: 0x0000000080000780 (0x1e01af07) flw     ft10, 480(gp)
core   0: 3 0x0000000080000780 (0x1e01af07) f30 0xffffffff7f3c34fb mem 0x000000008000a1f0
core   0: 0x0000000080000784 (0x1e41ae87) flw     ft9, 484(gp)
core   0: 3 0x0000000080000784 (0x1e41ae87) f29 0xffffffff802b86cc mem 0x000000008000a1f4
core   0: 0x0000000080000788 (0x1e81ae07) flw     ft8, 488(gp)
core   0: 3 0x0000000080000788 (0x1e81ae07) f28 0xffffffffbfa49249 mem 0x000000008000a1f8
core   0: 0x000000008000078c (0x00000113) li      sp, 0
core   0: 3 0x000000008000078c (0x00000113) x2  0x0000000000000000
core   0: 0x0000000080000790 (0x00311073) csrw    fcsr, sp
core   0: 3 0x0000000080000790 (0x00311073) c1_fflags 0x0000000000000000 c2_frm 0x0000000000000000
core   0: 0x0000000080000794 (0xe1df7fc3) fmadd.s ft11, ft10, ft9, ft8
core   0: 3 0x0000000080000794 (0xe1df7fc3) c1_fflags 0x0000000000000001 f31 0xffffffffc0124924
core   0: 0x0000000080000798 (0x00302273) csrr    tp, fcsr
core   0: 3 0x0000000080000798 (0x00302273) x4  0x0000000000000001
core   0: 0x000000008000079c (0x29f0a027) fsw     ft11, 640(ra)
core   0: 3 0x000000008000079c (0x29f0a027) mem 0x000000008000c398 0xc0124924
core   0: 0x00000000800007a0 (0x2840b423) sd      tp, 648(ra)
core   0: 3 0x00000000800007a0 (0x2840b423) mem 0x000000008000c3a0 0x0000000000000001
core   0: >>>>  inst_37673
core   0: 0x00000000800007a4 (0x1ec1af07) flw     ft10, 492(gp)
core   0: 3 0x00000000800007a4 (0x1ec1af07) f30 0xffffffff7f3c34fb mem 0x000000008000a1fc
core   0: 0x00000000800007a8 (0x1f01ae87) flw     ft9, 496(gp)
core   0: 3 0x00000000800007a8 (0x1f01ae87) f29 0xffffffff802b86cc mem 0x000000008000a200
core   0: 0x00000000800007ac (0x1f41ae07) flw     ft8, 500(gp)
core   0: 3 0x00000000800007ac (0x1f41ae07) f28 0xffffffffbfb33333 mem 0x000000008000a204
core   0: 0x00000000800007b0 (0x00000113) li      sp, 0
core   0: 3 0x00000000800007b0 (0x00000113) x2  0x0000000000000000
core   0: 0x00000000800007b4 (0x00311073) csrw    fcsr, sp
core   0: 3 0x00000000800007b4 (0x00311073) c1_fflags 0x0000000000000000 c2_frm 0x0000000000000000
core   0: 0x00000000800007b8 (0xe1df7fc3) fmadd.s ft11, ft10, ft9, ft8
core   0: 3 0x00000000800007b8 (0xe1df7fc3) c1_fflags 0x0000000000000001 f31 0xffffffffc0199999
core   0: 0x00000000800007bc (0x00302273) csrr    tp, fcsr
core   0: 3 0x00000000800007bc (0x00302273) x4  0x0000000000000001
core   0: 0x00000000800007c0 (0x29f0a827) fsw     ft11, 656(ra)
core   0: 3 0x00000000800007c0 (0x29f0a827) mem 0x000000008000c3a8 0xc0199999
core   0: 0x00000000800007c4 (0x2840bc23) sd      tp, 664(ra)
core   0: 3 0x00000000800007c4 (0x2840bc23) mem 0x000000008000c3b0 0x0000000000000001
core   0: >>>>  inst_37674
core   0: 0x00000000800007c8 (0x1f81af07) flw     ft10, 504(gp)
core   0: 3 0x00000000800007c8 (0x1f81af07) f30 0xffffffff7f3c34fb mem 0x000000008000a208
core   0: 0x00000000800007cc (0x1fc1ae87) flw     ft9, 508(gp)
core   0: 3 0x00000000800007cc (0x1fc1ae87) f29 0xffffffff802b86cc mem 0x000000008000a20c
core   0: 0x00000000800007d0 (0x2001ae07) flw     ft8, 512(gp)
core   0: 3 0x00000000800007d0 (0x2001ae07) f28 0xffffffffbfb6db6d mem 0x000000008000a210
core   0: 0x00000000800007d4 (0x00000113) li      sp, 0
core   0: 3 0x00000000800007d4 (0x00000113) x2  0x0000000000000000
core   0: 0x00000000800007d8 (0x00311073) csrw    fcsr, sp
core   0: 3 0x00000000800007d8 (0x00311073) c1_fflags 0x0000000000000000 c2_frm 0x0000000000000000
core   0: 0x00000000800007dc (0xe1df7fc3) fmadd.s ft11, ft10, ft9, ft8
core   0: 3 0x00000000800007dc (0xe1df7fc3) c1_fflags 0x0000000000000001 f31 0xffffffffc01b6db6
core   0: 0x00000000800007e0 (0x00302273) csrr    tp, fcsr
core   0: 3 0x00000000800007e0 (0x00302273) x4  0x0000000000000001
core   0: 0x00000000800007e4 (0x2bf0a027) fsw     ft11, 672(ra)
core   0: 3 0x00000000800007e4 (0x2bf0a027) mem 0x000000008000c3b8 0xc01b6db6
core   0: 0x00000000800007e8 (0x2a40b423) sd      tp, 680(ra)
core   0: 3 0x00000000800007e8 (0x2a40b423) mem 0x000000008000c3c0 0x0000000000000001
core   0: >>>>  inst_37675
core   0: 0x00000000800007ec (0x2041af07) flw     ft10, 516(gp)
core   0: 3 0x00000000800007ec (0x2041af07) f30 0xffffffff7f3c34fb mem 0x000000008000a214
core   0: 0x00000000800007f0 (0x2081ae87) flw     ft9, 520(gp)
core   0: 3 0x00000000800007f0 (0x2081ae87) f29 0xffffffff802b86cc mem 0x000000008000a218
core   0: 0x00000000800007f4 (0x20c1ae07) flw     ft8, 524(gp)
core   0: 3 0x00000000800007f4 (0x20c1ae07) f28 0xffffffffbfbbbbbb mem 0x000000008000a21c
core   0: 0x00000000800007f8 (0x00000113) li      sp, 0
core   0: 3 0x00000000800007f8 (0x00000113) x2  0x0000000000000000
core   0: 0x00000000800007fc (0x00311073) csrw    fcsr, sp
core   0: 3 0x00000000800007fc (0x00311073) c1_fflags 0x0000000000000000 c2_frm 0x0000000000000000
core   0: 0x0000000080000800 (0xe1df7fc3) fmadd.s ft11, ft10, ft9, ft8
core   0: 3 0x0000000080000800 (0xe1df7fc3) c1_fflags 0x0000000000000001 f31 0xffffffffc01ddddd
core   0: 0x0000000080000804 (0x00302273) csrr    tp, fcsr
core   0: 3 0x0000000080000804 (0x00302273) x4  0x0000000000000001
core   0: 0x0000000080000808 (0x2bf0a827) fsw     ft11, 688(ra)
core   0: 3 0x0000000080000808 (0x2bf0a827) mem 0x000000008000c3c8 0xc01ddddd
core   0: 0x000000008000080c (0x2a40bc23) sd      tp, 696(ra)
core   0: 3 0x000000008000080c (0x2a40bc23) mem 0x000000008000c3d0 0x0000000000000001
core   0: >>>>  inst_37676
core   0: 0x0000000080000810 (0x2101af07) flw     ft10, 528(gp)
core   0: 3 0x0000000080000810 (0x2101af07) f30 0xffffffff7f3c34fb mem 0x000000008000a220
core   0: 0x0000000080000814 (0x2141ae87) flw     ft9, 532(gp)
core   0: 3 0x0000000080000814 (0x2141ae87) f29 0xffffffff802b86cc mem 0x000000008000a224
core   0: 0x0000000080000818 (0x2181ae07) flw     ft8, 536(gp)
core   0: 3 0x0000000080000818 (0x2181ae07) f28 0xffffffffbfc44444 mem 0x000000008000a228
core   0: 0x000000008000081c (0x00000113) li      sp, 0
core   0: 3 0x000000008000081c (0x00000113) x2  0x0000000000000000
core   0: 0x0000000080000820 (0x00311073) csrw    fcsr, sp
core   0: 3 0x0000000080000820 (0x00311073) c1_fflags 0x0000000000000000 c2_frm 0x0000000000000000
core   0: 0x0000000080000824 (0xe1df7fc3) fmadd.s ft11, ft10, ft9, ft8
core   0: 3 0x0000000080000824 (0xe1df7fc3) c1_fflags 0x0000000000000001 f31 0xffffffffc0222222
core   0: 0x0000000080000828 (0x00302273) csrr    tp, fcsr
core   0: 3 0x0000000080000828 (0x00302273) x4  0x0000000000000001
core   0: 0x000000008000082c (0x2df0a027) fsw     ft11, 704(ra)
core   0: 3 0x000000008000082c (0x2df0a027) mem 0x000000008000c3d8 0xc0222222
core   0: 0x0000000080000830 (0x2c40b423) sd      tp, 712(ra)
core   0: 3 0x0000000080000830 (0x2c40b423) mem 0x000000008000c3e0 0x0000000000000001
core   0: >>>>  inst_37677
core   0: 0x0000000080000834 (0x21c1af07) flw     ft10, 540(gp)
core   0: 3 0x0000000080000834 (0x21c1af07) f30 0xffffffff7f3c34fb mem 0x000000008000a22c
core   0: 0x0000000080000838 (0x2201ae87) flw     ft9, 544(gp)
core   0: 3 0x0000000080000838 (0x2201ae87) f29 0xffffffff802b86cc mem 0x000000008000a230
core   0: 0x000000008000083c (0x2241ae07) flw     ft8, 548(gp)
core   0: 3 0x000000008000083c (0x2241ae07) f28 0xffffffffbfcccccc mem 0x000000008000a234
core   0: 0x0000000080000840 (0x00000113) li      sp, 0
core   0: 3 0x0000000080000840 (0x00000113) x2  0x0000000000000000
core   0: 0x0000000080000844 (0x00311073) csrw    fcsr, sp
core   0: 3 0x0000000080000844 (0x00311073) c1_fflags 0x0000000000000000 c2_frm 0x0000000000000000
core   0: 0x0000000080000848 (0xe1df7fc3) fmadd.s ft11, ft10, ft9, ft8
core   0: 3 0x0000000080000848 (0xe1df7fc3) c1_fflags 0x0000000000000001 f31 0xffffffffc0266666
core   0: 0x000000008000084c (0x00302273) csrr    tp, fcsr
core   0: 3 0x000000008000084c (0x00302273) x4  0x0000000000000001
core   0: 0x0000000080000850 (0x2df0a827) fsw     ft11, 720(ra)
core   0: 3 0x0000000080000850 (0x2df0a827) mem 0x000000008000c3e8 0xc0266666
core   0: 0x0000000080000854 (0x2c40bc23) sd      tp, 728(ra)
core   0: 3 0x0000000080000854 (0x2c40bc23) mem 0x000000008000c3f0 0x0000000000000001
core   0: >>>>  inst_37678
core   0: 0x0000000080000858 (0x2281af07) flw     ft10, 552(gp)
core   0: 3 0x0000000080000858 (0x2281af07) f30 0xffffffff7f3c34fb mem 0x000000008000a238
core   0: 0x000000008000085c (0x22c1ae87) flw     ft9, 556(gp)
core   0: 3 0x000000008000085c (0x22c1ae87) f29 0xffffffff802b86cc mem 0x000000008000a23c
core   0: 0x0000000080000860 (0x2301ae07) flw     ft8, 560(gp)
core   0: 3 0x0000000080000860 (0x2301ae07) f28 0xffffffffbfdb6db6 mem 0x000000008000a240
core   0: 0x0000000080000864 (0x00000113) li      sp, 0
core   0: 3 0x0000000080000864 (0x00000113) x2  0x0000000000000000
core   0: 0x0000000080000868 (0x00311073) csrw    fcsr, sp
core   0: 3 0x0000000080000868 (0x00311073) c1_fflags 0x0000000000000000 c2_frm 0x0000000000000000
core   0: 0x000000008000086c (0xe1df7fc3) fmadd.s ft11, ft10, ft9, ft8
core   0: 3 0x000000008000086c (0xe1df7fc3) c1_fflags 0x0000000000000001 f31 0xffffffffc02db6db
core   0: 0x0000000080000870 (0x00302273) csrr    tp, fcsr
core   0: 3 0x0000000080000870 (0x00302273) x4  0x0000000000000001
core   0: 0x0000000080000874 (0x2ff0a027) fsw     ft11, 736(ra)
core   0: 3 0x0000000080000874 (0x2ff0a027) mem 0x000000008000c3f8 0xc02db6db
core   0: 0x0000000080000878 (0x2e40b423) sd      tp, 744(ra)
core   0: 3 0x0000000080000878 (0x2e40b423) mem 0x000000008000c400 0x0000000000000001
core   0: >>>>  inst_37679
core   0: 0x000000008000087c (0x2341af07) flw     ft10, 564(gp)
core   0: 3 0x000000008000087c (0x2341af07) f30 0xffffffff7f3c34fb mem 0x000000008000a244
core   0: 0x0000000080000880 (0x2381ae87) flw     ft9, 568(gp)
core   0: 3 0x0000000080000880 (0x2381ae87) f29 0xffffffff802b86cc mem 0x000000008000a248
core   0: 0x0000000080000884 (0x23c1ae07) flw     ft8, 572(gp)
core   0: 3 0x0000000080000884 (0x23c1ae07) f28 0xffffffffbfe66666 mem 0x000000008000a24c
core   0: 0x0000000080000888 (0x00000113) li      sp, 0
core   0: 3 0x0000000080000888 (0x00000113) x2  0x0000000000000000
core   0: 0x000000008000088c (0x00311073) csrw    fcsr, sp
core   0: 3 0x000000008000088c (0x00311073) c1_fflags 0x0000000000000000 c2_frm 0x0000000000000000
core   0: 0x0000000080000890 (0xe1df7fc3) fmadd.s ft11, ft10, ft9, ft8
core   0: 3 0x0000000080000890 (0xe1df7fc3) c1_fflags 0x0000000000000001 f31 0xffffffffc0333333
core   0: 0x0000000080000894 (0x00302273) csrr    tp, fcsr
core   0: 3 0x0000000080000894 (0x00302273) x4  0x0000000000000001
core   0: 0x0000000080000898 (0x2ff0a827) fsw     ft11, 752(ra)
core   0: 3 0x0000000080000898 (0x2ff0a827) mem 0x000000008000c408 0xc0333333
core   0: 0x000000008000089c (0x2e40bc23) sd      tp, 760(ra)
core   0: 3 0x000000008000089c (0x2e40bc23) mem 0x000000008000c410 0x0000000000000001
core   0: >>>>  inst_37680
core   0: 0x00000000800008a0 (0x2401af07) flw     ft10, 576(gp)
core   0: 3 0x00000000800008a0 (0x2401af07) f30 0xffffffff7f3c34fb mem 0x000000008000a250
core   0: 0x00000000800008a4 (0x2441ae87) flw     ft9, 580(gp)
core   0: 3 0x00000000800008a4 (0x2441ae87) f29 0xffffffff802b86cc mem 0x000000008000a254
core   0: 0x00000000800008a8 (0x2481ae07) flw     ft8, 584(gp)
core   0: 3 0x00000000800008a8 (0x2481ae07) f28 0xffffffffbfedb6db mem 0x000000008000a258
core   0: 0x00000000800008ac (0x00000113) li      sp, 0
core   0: 3 0x00000000800008ac (0x00000113) x2  0x0000000000000000
core   0: 0x00000000800008b0 (0x00311073) csrw    fcsr, sp
core   0: 3 0x00000000800008b0 (0x00311073) c1_fflags 0x0000000000000000 c2_frm 0x0000000000000000
core   0: 0x00000000800008b4 (0xe1df7fc3) fmadd.s ft11, ft10, ft9, ft8
core   0: 3 0x00000000800008b4 (0xe1df7fc3) c1_fflags 0x0000000000000001 f31 0xffffffffc036db6d
core   0: 0x00000000800008b8 (0x00302273) csrr    tp, fcsr
core   0: 3 0x00000000800008b8 (0x00302273) x4  0x0000000000000001
core   0: 0x00000000800008bc (0x31f0a027) fsw     ft11, 768(ra)
core   0: 3 0x00000000800008bc (0x31f0a027) mem 0x000000008000c418 0xc036db6d
core   0: 0x00000000800008c0 (0x3040b423) sd      tp, 776(ra)
core   0: 3 0x00000000800008c0 (0x3040b423) mem 0x000000008000c420 0x0000000000000001
core   0: >>>>  inst_37681
core   0: 0x00000000800008c4 (0x24c1af07) flw     ft10, 588(gp)
core   0: 3 0x00000000800008c4 (0x24c1af07) f30 0xffffffff7f3c34fb mem 0x000000008000a25c
core   0: 0x00000000800008c8 (0x2501ae87) flw     ft9, 592(gp)
core   0: 3 0x00000000800008c8 (0x2501ae87) f29 0xffffffff802b86cc mem 0x000000008000a260
core   0: 0x00000000800008cc (0x2541ae07) flw     ft8, 596(gp)
core   0: 3 0x00000000800008cc (0x2541ae07) f28 0xffffffffbffffff8 mem 0x000000008000a264
core   0: 0x00000000800008d0 (0x00000113) li      sp, 0
core   0: 3 0x00000000800008d0 (0x00000113) x2  0x0000000000000000
core   0: 0x00000000800008d4 (0x00311073) csrw    fcsr, sp
core   0: 3 0x00000000800008d4 (0x00311073) c1_fflags 0x0000000000000000 c2_frm 0x0000000000000000
core   0: 0x00000000800008d8 (0xe1df7fc3) fmadd.s ft11, ft10, ft9, ft8
core   0: 3 0x00000000800008d8 (0xe1df7fc3) c1_fflags 0x0000000000000001 f31 0xffffffffc03ffffc
core   0: 0x00000000800008dc (0x00302273) csrr    tp, fcsr
core   0: 3 0x00000000800008dc (0x00302273) x4  0x0000000000000001
core   0: 0x00000000800008e0 (0x31f0a827) fsw     ft11, 784(ra)
core   0: 3 0x00000000800008e0 (0x31f0a827) mem 0x000000008000c428 0xc03ffffc
core   0: 0x00000000800008e4 (0x3040bc23) sd      tp, 792(ra)
core   0: 3 0x00000000800008e4 (0x3040bc23) mem 0x000000008000c430 0x0000000000000001
core   0: >>>>  inst_37682
core   0: 0x00000000800008e8 (0x2581af07) flw     ft10, 600(gp)
core   0: 3 0x00000000800008e8 (0x2581af07) f30 0xffffffff7f3c34fb mem 0x000000008000a268
core   0: 0x00000000800008ec (0x25c1ae87) flw     ft9, 604(gp)
core   0: 3 0x00000000800008ec (0x25c1ae87) f29 0xffffffff802b86cc mem 0x000000008000a26c
core   0: 0x00000000800008f0 (0x2601ae07) flw     ft8, 608(gp)
core   0: 3 0x00000000800008f0 (0x2601ae07) f28 0xffffffffbffffffc mem 0x000000008000a270
core   0: 0x00000000800008f4 (0x00000113) li      sp, 0
core   0: 3 0x00000000800008f4 (0x00000113) x2  0x0000000000000000
core   0: 0x00000000800008f8 (0x00311073) csrw    fcsr, sp
core   0: 3 0x00000000800008f8 (0x00311073) c1_fflags 0x0000000000000000 c2_frm 0x0000000000000000
core   0: 0x00000000800008fc (0xe1df7fc3) fmadd.s ft11, ft10, ft9, ft8
core   0: 3 0x00000000800008fc (0xe1df7fc3) c1_fflags 0x0000000000000001 f31 0xffffffffc03ffffe
core   0: 0x0000000080000900 (0x00302273) csrr    tp, fcsr
core   0: 3 0x0000000080000900 (0x00302273) x4  0x0000000000000001
core   0: 0x0000000080000904 (0x33f0a027) fsw     ft11, 800(ra)
core   0: 3 0x0000000080000904 (0x33f0a027) mem 0x000000008000c438 0xc03ffffe
core   0: 0x0000000080000908 (0x3240b423) sd      tp, 808(ra)
core   0: 3 0x0000000080000908 (0x3240b423) mem 0x000000008000c440 0x0000000000000001
core   0: >>>>  inst_37683
core   0: 0x000000008000090c (0x2641af07) flw     ft10, 612(gp)
core   0: 3 0x000000008000090c (0x2641af07) f30 0xffffffff7f3c34fb mem 0x000000008000a274
core   0: 0x0000000080000910 (0x2681ae87) flw     ft9, 616(gp)
core   0: 3 0x0000000080000910 (0x2681ae87) f29 0xffffffff802b86cc mem 0x000000008000a278
core   0: 0x0000000080000914 (0x26c1ae07) flw     ft8, 620(gp)
core   0: 3 0x0000000080000914 (0x26c1ae07) f28 0xffffffffbffffffe mem 0x000000008000a27c
core   0: 0x0000000080000918 (0x00000113) li      sp, 0
core   0: 3 0x0000000080000918 (0x00000113) x2  0x0000000000000000
core   0: 0x000000008000091c (0x00311073) csrw    fcsr, sp
core   0: 3 0x000000008000091c (0x00311073) c1_fflags 0x0000000000000000 c2_frm 0x0000000000000000
core   0: 0x0000000080000920 (0xe1df7fc3) fmadd.s ft11, ft10, ft9, ft8
core   0: 3 0x0000000080000920 (0xe1df7fc3) c1_fflags 0x0000000000000001 f31 0xffffffffc03fffff
core   0: 0x0000000080000924 (0x00302273) csrr    tp, fcsr
core   0: 3 0x0000000080000924 (0x00302273) x4  0x0000000000000001
core   0: 0x0000000080000928 (0x33f0a827) fsw     ft11, 816(ra)
core   0: 3 0x0000000080000928 (0x33f0a827) mem 0x000000008000c448 0xc03fffff
core   0: 0x000000008000092c (0x3240bc23) sd      tp, 824(ra)
core   0: 3 0x000000008000092c (0x3240bc23) mem 0x000000008000c450 0x0000000000000001
core   0: >>>>  inst_37684
core   0: 0x0000000080000930 (0x2701af07) flw     ft10, 624(gp)
core   0: 3 0x0000000080000930 (0x2701af07) f30 0xffffffff7f3c8709 mem 0x000000008000a280
core   0: 0x0000000080000934 (0x2741ae87) flw     ft9, 628(gp)
core   0: 3 0x0000000080000934 (0x2741ae87) f29 0xffffffff00000000 mem 0x000000008000a284
core   0: 0x0000000080000938 (0x2781ae07) flw     ft8, 632(gp)
core   0: 3 0x0000000080000938 (0x2781ae07) f28 0xffffffff00000001 mem 0x000000008000a288
core   0: 0x000000008000093c (0x00000113) li      sp, 0
core   0: 3 0x000000008000093c (0x00000113) x2  0x0000000000000000
core   0: 0x0000000080000940 (0x00311073) csrw    fcsr, sp
core   0: 3 0x0000000080000940 (0x00311073) c1_fflags 0x0000000000000000 c2_frm 0x0000000000000000
core   0: 0x0000000080000944 (0xe1df7fc3) fmadd.s ft11, ft10, ft9, ft8
core   0: 3 0x0000000080000944 (0xe1df7fc3) f31 0xffffffff00000001
core   0: 0x0000000080000948 (0x00302273) csrr    tp, fcsr
core   0: 3 0x0000000080000948 (0x00302273) x4  0x0000000000000000
core   0: 0x000000008000094c (0x35f0a027) fsw     ft11, 832(ra)
core   0: 3 0x000000008000094c (0x35f0a027) mem 0x000000008000c458 0x00000001
core   0: 0x0000000080000950 (0x3440b423) sd      tp, 840(ra)
core   0: 3 0x0000000080000950 (0x3440b423) mem 0x000000008000c460 0x0000000000000000
core   0: >>>>  inst_37685
core   0: 0x0000000080000954 (0x27c1af07) flw     ft10, 636(gp)
core   0: 3 0x0000000080000954 (0x27c1af07) f30 0xffffffff7f3c8709 mem 0x000000008000a28c
core   0: 0x0000000080000958 (0x2801ae87) flw     ft9, 640(gp)
core   0: 3 0x0000000080000958 (0x2801ae87) f29 0xffffffff00000000 mem 0x000000008000a290
core   0: 0x000000008000095c (0x2841ae07) flw     ft8, 644(gp)
core   0: 3 0x000000008000095c (0x2841ae07) f28 0xffffffff00000003 mem 0x000000008000a294
core   0: 0x0000000080000960 (0x00000113) li      sp, 0
core   0: 3 0x0000000080000960 (0x00000113) x2  0x0000000000000000
core   0: 0x0000000080000964 (0x00311073) csrw    fcsr, sp
core   0: 3 0x0000000080000964 (0x00311073) c1_fflags 0x0000000000000000 c2_frm 0x0000000000000000
core   0: 0x0000000080000968 (0xe1df7fc3) fmadd.s ft11, ft10, ft9, ft8
core   0: 3 0x0000000080000968 (0xe1df7fc3) f31 0xffffffff00000003
core   0: 0x000000008000096c (0x00302273) csrr    tp, fcsr
core   0: 3 0x000000008000096c (0x00302273) x4  0x0000000000000000
core   0: 0x0000000080000970 (0x35f0a827) fsw     ft11, 848(ra)
core   0: 3 0x0000000080000970 (0x35f0a827) mem 0x000000008000c468 0x00000003
core   0: 0x0000000080000974 (0x3440bc23) sd      tp, 856(ra)
core   0: 3 0x0000000080000974 (0x3440bc23) mem 0x000000008000c470 0x0000000000000000
core   0: >>>>  inst_37686
core   0: 0x0000000080000978 (0x2881af07) flw     ft10, 648(gp)
core   0: 3 0x0000000080000978 (0x2881af07) f30 0xffffffff7f3c8709 mem 0x000000008000a298
core   0: 0x000000008000097c (0x28c1ae87) flw     ft9, 652(gp)
core   0: 3 0x000000008000097c (0x28c1ae87) f29 0xffffffff00000000 mem 0x000000008000a29c
core   0: 0x0000000080000980 (0x2901ae07) flw     ft8, 656(gp)
core   0: 3 0x0000000080000980 (0x2901ae07) f28 0xffffffff00000007 mem 0x000000008000a2a0
core   0: 0x0000000080000984 (0x00000113) li      sp, 0
core   0: 3 0x0000000080000984 (0x00000113) x2  0x0000000000000000
core   0: 0x0000000080000988 (0x00311073) csrw    fcsr, sp
core   0: 3 0x0000000080000988 (0x00311073) c1_fflags 0x0000000000000000 c2_frm 0x0000000000000000
core   0: 0x000000008000098c (0xe1df7fc3) fmadd.s ft11, ft10, ft9, ft8
core   0: 3 0x000000008000098c (0xe1df7fc3) f31 0xffffffff00000007
core   0: 0x0000000080000990 (0x00302273) csrr    tp, fcsr
core   0: 3 0x0000000080000990 (0x00302273) x4  0x0000000000000000
core   0: 0x0000000080000994 (0x37f0a027) fsw     ft11, 864(ra)
core   0: 3 0x0000000080000994 (0x37f0a027) mem 0x000000008000c478 0x00000007
core   0: 0x0000000080000998 (0x3640b423) sd      tp, 872(ra)
core   0: 3 0x0000000080000998 (0x3640b423) mem 0x000000008000c480 0x0000000000000000
core   0: >>>>  inst_37687
core   0: 0x000000008000099c (0x2941af07) flw     ft10, 660(gp)
core   0: 3 0x000000008000099c (0x2941af07) f30 0xffffffff7f3c8709 mem 0x000000008000a2a4
core   0: 0x00000000800009a0 (0x2981ae87) flw     ft9, 664(gp)
core   0: 3 0x00000000800009a0 (0x2981ae87) f29 0xffffffff00000000 mem 0x000000008000a2a8
core   0: 0x00000000800009a4 (0x29c1ae07) flw     ft8, 668(gp)
core   0: 3 0x00000000800009a4 (0x29c1ae07) f28 0xffffffff00199999 mem 0x000000008000a2ac
core   0: 0x00000000800009a8 (0x00000113) li      sp, 0
core   0: 3 0x00000000800009a8 (0x00000113) x2  0x0000000000000000
core   0: 0x00000000800009ac (0x00311073) csrw    fcsr, sp
core   0: 3 0x00000000800009ac (0x00311073) c1_fflags 0x0000000000000000 c2_frm 0x0000000000000000
core   0: 0x00000000800009b0 (0xe1df7fc3) fmadd.s ft11, ft10, ft9, ft8
core   0: 3 0x00000000800009b0 (0xe1df7fc3) f31 0xffffffff00199999
core   0: 0x00000000800009b4 (0x00302273) csrr    tp, fcsr
core   0: 3 0x00000000800009b4 (0x00302273) x4  0x0000000000000000
core   0: 0x00000000800009b8 (0x37f0a827) fsw     ft11, 880(ra)
core   0: 3 0x00000000800009b8 (0x37f0a827) mem 0x000000008000c488 0x00199999
core   0: 0x00000000800009bc (0x3640bc23) sd      tp, 888(ra)
core   0: 3 0x00000000800009bc (0x3640bc23) mem 0x000000008000c490 0x0000000000000000
core   0: >>>>  inst_37688
core   0: 0x00000000800009c0 (0x2a01af07) flw     ft10, 672(gp)
core   0: 3 0x00000000800009c0 (0x2a01af07) f30 0xffffffff7f3c8709 mem 0x000000008000a2b0
core   0: 0x00000000800009c4 (0x2a41ae87) flw     ft9, 676(gp)
core   0: 3 0x00000000800009c4 (0x2a41ae87) f29 0xffffffff00000000 mem 0x000000008000a2b4
core   0: 0x00000000800009c8 (0x2a81ae07) flw     ft8, 680(gp)
core   0: 3 0x00000000800009c8 (0x2a81ae07) f28 0xffffffff00249249 mem 0x000000008000a2b8
core   0: 0x00000000800009cc (0x00000113) li      sp, 0
core   0: 3 0x00000000800009cc (0x00000113) x2  0x0000000000000000
core   0: 0x00000000800009d0 (0x00311073) csrw    fcsr, sp
core   0: 3 0x00000000800009d0 (0x00311073) c1_fflags 0x0000000000000000 c2_frm 0x0000000000000000
core   0: 0x00000000800009d4 (0xe1df7fc3) fmadd.s ft11, ft10, ft9, ft8
core   0: 3 0x00000000800009d4 (0xe1df7fc3) f31 0xffffffff00249249
core   0: 0x00000000800009d8 (0x00302273) csrr    tp, fcsr
core   0: 3 0x00000000800009d8 (0x00302273) x4  0x0000000000000000
core   0: 0x00000000800009dc (0x39f0a027) fsw     ft11, 896(ra)
core   0: 3 0x00000000800009dc (0x39f0a027) mem 0x000000008000c498 0x00249249
core   0: 0x00000000800009e0 (0x3840b423) sd      tp, 904(ra)
core   0: 3 0x00000000800009e0 (0x3840b423) mem 0x000000008000c4a0 0x0000000000000000
core   0: >>>>  inst_37689
core   0: 0x00000000800009e4 (0x2ac1af07) flw     ft10, 684(gp)
core   0: 3 0x00000000800009e4 (0x2ac1af07) f30 0xffffffff7f3c8709 mem 0x000000008000a2bc
core   0: 0x00000000800009e8 (0x2b01ae87) flw     ft9, 688(gp)
core   0: 3 0x00000000800009e8 (0x2b01ae87) f29 0xffffffff00000000 mem 0x000000008000a2c0
core   0: 0x00000000800009ec (0x2b41ae07) flw     ft8, 692(gp)
core   0: 3 0x00000000800009ec (0x2b41ae07) f28 0xffffffff00333333 mem 0x000000008000a2c4
core   0: 0x00000000800009f0 (0x00000113) li      sp, 0
core   0: 3 0x00000000800009f0 (0x00000113) x2  0x0000000000000000
core   0: 0x00000000800009f4 (0x00311073) csrw    fcsr, sp
core   0: 3 0x00000000800009f4 (0x00311073) c1_fflags 0x0000000000000000 c2_frm 0x0000000000000000
core   0: 0x00000000800009f8 (0xe1df7fc3) fmadd.s ft11, ft10, ft9, ft8
core   0: 3 0x00000000800009f8 (0xe1df7fc3) f31 0xffffffff00333333
core   0: 0x00000000800009fc (0x00302273) csrr    tp, fcsr
core   0: 3 0x00000000800009fc (0x00302273) x4  0x0000000000000000
core   0: 0x0000000080000a00 (0x39f0a827) fsw     ft11, 912(ra)
core   0: 3 0x0000000080000a00 (0x39f0a827) mem 0x000000008000c4a8 0x00333333
core   0: 0x0000000080000a04 (0x3840bc23) sd      tp, 920(ra)
core   0: 3 0x0000000080000a04 (0x3840bc23) mem 0x000000008000c4b0 0x0000000000000000
core   0: >>>>  inst_37690
core   0: 0x0000000080000a08 (0x2b81af07) flw     ft10, 696(gp)
core   0: 3 0x0000000080000a08 (0x2b81af07) f30 0xffffffff7f3c8709 mem 0x000000008000a2c8
core   0: 0x0000000080000a0c (0x2bc1ae87) flw     ft9, 700(gp)
core   0: 3 0x0000000080000a0c (0x2bc1ae87) f29 0xffffffff00000000 mem 0x000000008000a2cc
core   0: 0x0000000080000a10 (0x2c01ae07) flw     ft8, 704(gp)
core   0: 3 0x0000000080000a10 (0x2c01ae07) f28 0xffffffff0036db6d mem 0x000000008000a2d0
core   0: 0x0000000080000a14 (0x00000113) li      sp, 0
core   0: 3 0x0000000080000a14 (0x00000113) x2  0x0000000000000000
core   0: 0x0000000080000a18 (0x00311073) csrw    fcsr, sp
core   0: 3 0x0000000080000a18 (0x00311073) c1_fflags 0x0000000000000000 c2_frm 0x0000000000000000
core   0: 0x0000000080000a1c (0xe1df7fc3) fmadd.s ft11, ft10, ft9, ft8
core   0: 3 0x0000000080000a1c (0xe1df7fc3) f31 0xffffffff0036db6d
core   0: 0x0000000080000a20 (0x00302273) csrr    tp, fcsr
core   0: 3 0x0000000080000a20 (0x00302273) x4  0x0000000000000000
core   0: 0x0000000080000a24 (0x3bf0a027) fsw     ft11, 928(ra)
core   0: 3 0x0000000080000a24 (0x3bf0a027) mem 0x000000008000c4b8 0x0036db6d
core   0: 0x0000000080000a28 (0x3a40b423) sd      tp, 936(ra)
core   0: 3 0x0000000080000a28 (0x3a40b423) mem 0x000000008000c4c0 0x0000000000000000
core   0: >>>>  inst_37691
core   0: 0x0000000080000a2c (0x2c41af07) flw     ft10, 708(gp)
core   0: 3 0x0000000080000a2c (0x2c41af07) f30 0xffffffff7f3c8709 mem 0x000000008000a2d4
core   0: 0x0000000080000a30 (0x2c81ae87) flw     ft9, 712(gp)
core   0: 3 0x0000000080000a30 (0x2c81ae87) f29 0xffffffff00000000 mem 0x000000008000a2d8
core   0: 0x0000000080000a34 (0x2cc1ae07) flw     ft8, 716(gp)
core   0: 3 0x0000000080000a34 (0x2cc1ae07) f28 0xffffffff003bbbbb mem 0x000000008000a2dc
core   0: 0x0000000080000a38 (0x00000113) li      sp, 0
core   0: 3 0x0000000080000a38 (0x00000113) x2  0x0000000000000000
core   0: 0x0000000080000a3c (0x00311073) csrw    fcsr, sp
core   0: 3 0x0000000080000a3c (0x00311073) c1_fflags 0x0000000000000000 c2_frm 0x0000000000000000
core   0: 0x0000000080000a40 (0xe1df7fc3) fmadd.s ft11, ft10, ft9, ft8
core   0: 3 0x0000000080000a40 (0xe1df7fc3) f31 0xffffffff003bbbbb
core   0: 0x0000000080000a44 (0x00302273) csrr    tp, fcsr
core   0: 3 0x0000000080000a44 (0x00302273) x4  0x0000000000000000
core   0: 0x0000000080000a48 (0x3bf0a827) fsw     ft11, 944(ra)
core   0: 3 0x0000000080000a48 (0x3bf0a827) mem 0x000000008000c4c8 0x003bbbbb
core   0: 0x0000000080000a4c (0x3a40bc23) sd      tp, 952(ra)
core   0: 3 0x0000000080000a4c (0x3a40bc23) mem 0x000000008000c4d0 0x0000000000000000
core   0: >>>>  inst_37692
core   0: 0x0000000080000a50 (0x2d01af07) flw     ft10, 720(gp)
core   0: 3 0x0000000080000a50 (0x2d01af07) f30 0xffffffff7f3c8709 mem 0x000000008000a2e0
core   0: 0x0000000080000a54 (0x2d41ae87) flw     ft9, 724(gp)
core   0: 3 0x0000000080000a54 (0x2d41ae87) f29 0xffffffff00000000 mem 0x000000008000a2e4
core   0: 0x0000000080000a58 (0x2d81ae07) flw     ft8, 728(gp)
core   0: 3 0x0000000080000a58 (0x2d81ae07) f28 0xffffffff00444444 mem 0x000000008000a2e8
core   0: 0x0000000080000a5c (0x00000113) li      sp, 0
core   0: 3 0x0000000080000a5c (0x00000113) x2  0x0000000000000000
core   0: 0x0000000080000a60 (0x00311073) csrw    fcsr, sp
core   0: 3 0x0000000080000a60 (0x00311073) c1_fflags 0x0000000000000000 c2_frm 0x0000000000000000
core   0: 0x0000000080000a64 (0xe1df7fc3) fmadd.s ft11, ft10, ft9, ft8
core   0: 3 0x0000000080000a64 (0xe1df7fc3) f31 0xffffffff00444444
core   0: 0x0000000080000a68 (0x00302273) csrr    tp, fcsr
core   0: 3 0x0000000080000a68 (0x00302273) x4  0x0000000000000000
core   0: 0x0000000080000a6c (0x3df0a027) fsw     ft11, 960(ra)
core   0: 3 0x0000000080000a6c (0x3df0a027) mem 0x000000008000c4d8 0x00444444
core   0: 0x0000000080000a70 (0x3c40b423) sd      tp, 968(ra)
core   0: 3 0x0000000080000a70 (0x3c40b423) mem 0x000000008000c4e0 0x0000000000000000
core   0: >>>>  inst_37693
core   0: 0x0000000080000a74 (0x2dc1af07) flw     ft10, 732(gp)
core   0: 3 0x0000000080000a74 (0x2dc1af07) f30 0xffffffff7f3c8709 mem 0x000000008000a2ec
core   0: 0x0000000080000a78 (0x2e01ae87) flw     ft9, 736(gp)
core   0: 3 0x0000000080000a78 (0x2e01ae87) f29 0xffffffff00000000 mem 0x000000008000a2f0
core   0: 0x0000000080000a7c (0x2e41ae07) flw     ft8, 740(gp)
core   0: 3 0x0000000080000a7c (0x2e41ae07) f28 0xffffffff004ccccc mem 0x000000008000a2f4
core   0: 0x0000000080000a80 (0x00000113) li      sp, 0
core   0: 3 0x0000000080000a80 (0x00000113) x2  0x0000000000000000
core   0: 0x0000000080000a84 (0x00311073) csrw    fcsr, sp
core   0: 3 0x0000000080000a84 (0x00311073) c1_fflags 0x0000000000000000 c2_frm 0x0000000000000000
core   0: 0x0000000080000a88 (0xe1df7fc3) fmadd.s ft11, ft10, ft9, ft8
core   0: 3 0x0000000080000a88 (0xe1df7fc3) f31 0xffffffff004ccccc
core   0: 0x0000000080000a8c (0x00302273) csrr    tp, fcsr
core   0: 3 0x0000000080000a8c (0x00302273) x4  0x0000000000000000
core   0: 0x0000000080000a90 (0x3df0a827) fsw     ft11, 976(ra)
core   0: 3 0x0000000080000a90 (0x3df0a827) mem 0x000000008000c4e8 0x004ccccc
core   0: 0x0000000080000a94 (0x3c40bc23) sd      tp, 984(ra)
core   0: 3 0x0000000080000a94 (0x3c40bc23) mem 0x000000008000c4f0 0x0000000000000000
core   0: >>>>  inst_37694
core   0: 0x0000000080000a98 (0x2e81af07) flw     ft10, 744(gp)
core   0: 3 0x0000000080000a98 (0x2e81af07) f30 0xffffffff7f3c8709 mem 0x000000008000a2f8
core   0: 0x0000000080000a9c (0x2ec1ae87) flw     ft9, 748(gp)
core   0: 3 0x0000000080000a9c (0x2ec1ae87) f29 0xffffffff00000000 mem 0x000000008000a2fc
core   0: 0x0000000080000aa0 (0x2f01ae07) flw     ft8, 752(gp)
core   0: 3 0x0000000080000aa0 (0x2f01ae07) f28 0xffffffff005b6db6 mem 0x000000008000a300
core   0: 0x0000000080000aa4 (0x00000113) li      sp, 0
core   0: 3 0x0000000080000aa4 (0x00000113) x2  0x0000000000000000
core   0: 0x0000000080000aa8 (0x00311073) csrw    fcsr, sp
core   0: 3 0x0000000080000aa8 (0x00311073) c1_fflags 0x0000000000000000 c2_frm 0x0000000000000000
core   0: 0x0000000080000aac (0xe1df7fc3) fmadd.s ft11, ft10, ft9, ft8
core   0: 3 0x0000000080000aac (0xe1df7fc3) f31 0xffffffff005b6db6
core   0: 0x0000000080000ab0 (0x00302273) csrr    tp, fcsr
core   0: 3 0x0000000080000ab0 (0x00302273) x4  0x0000000000000000
core   0: 0x0000000080000ab4 (0x3ff0a027) fsw     ft11, 992(ra)
core   0: 3 0x0000000080000ab4 (0x3ff0a027) mem 0x000000008000c4f8 0x005b6db6
core   0: 0x0000000080000ab8 (0x3e40b423) sd      tp, 1000(ra)
core   0: 3 0x0000000080000ab8 (0x3e40b423) mem 0x000000008000c500 0x0000000000000000
core   0: >>>>  inst_37695
core   0: 0x0000000080000abc (0x2f41af07) flw     ft10, 756(gp)
core   0: 3 0x0000000080000abc (0x2f41af07) f30 0xffffffff7f3c8709 mem 0x000000008000a304
core   0: 0x0000000080000ac0 (0x2f81ae87) flw     ft9, 760(gp)
core   0: 3 0x0000000080000ac0 (0x2f81ae87) f29 0xffffffff00000000 mem 0x000000008000a308
core   0: 0x0000000080000ac4 (0x2fc1ae07) flw     ft8, 764(gp)
core   0: 3 0x0000000080000ac4 (0x2fc1ae07) f28 0xffffffff00666666 mem 0x000000008000a30c
core   0: 0x0000000080000ac8 (0x00000113) li      sp, 0
core   0: 3 0x0000000080000ac8 (0x00000113) x2  0x0000000000000000
core   0: 0x0000000080000acc (0x00311073) csrw    fcsr, sp
core   0: 3 0x0000000080000acc (0x00311073) c1_fflags 0x0000000000000000 c2_frm 0x0000000000000000
core   0: 0x0000000080000ad0 (0xe1df7fc3) fmadd.s ft11, ft10, ft9, ft8
core   0: 3 0x0000000080000ad0 (0xe1df7fc3) f31 0xffffffff00666666
core   0: 0x0000000080000ad4 (0x00302273) csrr    tp, fcsr
core   0: 3 0x0000000080000ad4 (0x00302273) x4  0x0000000000000000
core   0: 0x0000000080000ad8 (0x3ff0a827) fsw     ft11, 1008(ra)
core   0: 3 0x0000000080000ad8 (0x3ff0a827) mem 0x000000008000c508 0x00666666
core   0: 0x0000000080000adc (0x3e40bc23) sd      tp, 1016(ra)
core   0: 3 0x0000000080000adc (0x3e40bc23) mem 0x000000008000c510 0x0000000000000000
core   0: >>>>  inst_37696
core   0: 0x0000000080000ae0 (0x3001af07) flw     ft10, 768(gp)
core   0: 3 0x0000000080000ae0 (0x3001af07) f30 0xffffffff7f3c8709 mem 0x000000008000a310
core   0: 0x0000000080000ae4 (0x3041ae87) flw     ft9, 772(gp)
core   0: 3 0x0000000080000ae4 (0x3041ae87) f29 0xffffffff00000000 mem 0x000000008000a314
core   0: 0x0000000080000ae8 (0x3081ae07) flw     ft8, 776(gp)
core   0: 3 0x0000000080000ae8 (0x3081ae07) f28 0xffffffff006db6db mem 0x000000008000a318
core   0: 0x0000000080000aec (0x00000113) li      sp, 0
core   0: 3 0x0000000080000aec (0x00000113) x2  0x0000000000000000
core   0: 0x0000000080000af0 (0x00311073) csrw    fcsr, sp
core   0: 3 0x0000000080000af0 (0x00311073) c1_fflags 0x0000000000000000 c2_frm 0x0000000000000000
core   0: 0x0000000080000af4 (0xe1df7fc3) fmadd.s ft11, ft10, ft9, ft8
core   0: 3 0x0000000080000af4 (0xe1df7fc3) f31 0xffffffff006db6db
core   0: 0x0000000080000af8 (0x00302273) csrr    tp, fcsr
core   0: 3 0x0000000080000af8 (0x00302273) x4  0x0000000000000000
core   0: 0x0000000080000afc (0x41f0a027) fsw     ft11, 1024(ra)
core   0: 3 0x0000000080000afc (0x41f0a027) mem 0x000000008000c518 0x006db6db
core   0: 0x0000000080000b00 (0x4040b423) sd      tp, 1032(ra)
core   0: 3 0x0000000080000b00 (0x4040b423) mem 0x000000008000c520 0x0000000000000000
core   0: >>>>  inst_37697
core   0: 0x0000000080000b04 (0x30c1af07) flw     ft10, 780(gp)
core   0: 3 0x0000000080000b04 (0x30c1af07) f30 0xffffffff7f3c8709 mem 0x000000008000a31c
core   0: 0x0000000080000b08 (0x3101ae87) flw     ft9, 784(gp)
core   0: 3 0x0000000080000b08 (0x3101ae87) f29 0xffffffff00000000 mem 0x000000008000a320
core   0: 0x0000000080000b0c (0x3141ae07) flw     ft8, 788(gp)
core   0: 3 0x0000000080000b0c (0x3141ae07) f28 0xffffffff007ffff8 mem 0x000000008000a324
core   0: 0x0000000080000b10 (0x00000113) li      sp, 0
core   0: 3 0x0000000080000b10 (0x00000113) x2  0x0000000000000000
core   0: 0x0000000080000b14 (0x00311073) csrw    fcsr, sp
core   0: 3 0x0000000080000b14 (0x00311073) c1_fflags 0x0000000000000000 c2_frm 0x0000000000000000
core   0: 0x0000000080000b18 (0xe1df7fc3) fmadd.s ft11, ft10, ft9, ft8
core   0: 3 0x0000000080000b18 (0xe1df7fc3) f31 0xffffffff007ffff8
core   0: 0x0000000080000b1c (0x00302273) csrr    tp, fcsr
core   0: 3 0x0000000080000b1c (0x00302273) x4  0x0000000000000000
core   0: 0x0000000080000b20 (0x41f0a827) fsw     ft11, 1040(ra)
core   0: 3 0x0000000080000b20 (0x41f0a827) mem 0x000000008000c528 0x007ffff8
core   0: 0x0000000080000b24 (0x4040bc23) sd      tp, 1048(ra)
core   0: 3 0x0000000080000b24 (0x4040bc23) mem 0x000000008000c530 0x0000000000000000
core   0: >>>>  inst_37698
core   0: 0x0000000080000b28 (0x3181af07) flw     ft10, 792(gp)
core   0: 3 0x0000000080000b28 (0x3181af07) f30 0xffffffff7f3c8709 mem 0x000000008000a328
core   0: 0x0000000080000b2c (0x31c1ae87) flw     ft9, 796(gp)
core   0: 3 0x0000000080000b2c (0x31c1ae87) f29 0xffffffff00000000 mem 0x000000008000a32c
core   0: 0x0000000080000b30 (0x3201ae07) flw     ft8, 800(gp)
core   0: 3 0x0000000080000b30 (0x3201ae07) f28 0xffffffff007ffffc mem 0x000000008000a330
core   0: 0x0000000080000b34 (0x00000113) li      sp, 0
core   0: 3 0x0000000080000b34 (0x00000113) x2  0x0000000000000000
core   0: 0x0000000080000b38 (0x00311073) csrw    fcsr, sp
core   0: 3 0x0000000080000b38 (0x00311073) c1_fflags 0x0000000000000000 c2_frm 0x0000000000000000
core   0: 0x0000000080000b3c (0xe1df7fc3) fmadd.s ft11, ft10, ft9, ft8
core   0: 3 0x0000000080000b3c (0xe1df7fc3) f31 0xffffffff007ffffc
core   0: 0x0000000080000b40 (0x00302273) csrr    tp, fcsr
core   0: 3 0x0000000080000b40 (0x00302273) x4  0x0000000000000000
core   0: 0x0000000080000b44 (0x43f0a027) fsw     ft11, 1056(ra)
core   0: 3 0x0000000080000b44 (0x43f0a027) mem 0x000000008000c538 0x007ffffc
core   0: 0x0000000080000b48 (0x4240b423) sd      tp, 1064(ra)
core   0: 3 0x0000000080000b48 (0x4240b423) mem 0x000000008000c540 0x0000000000000000
core   0: >>>>  inst_37699
core   0: 0x0000000080000b4c (0x3241af07) flw     ft10, 804(gp)
core   0: 3 0x0000000080000b4c (0x3241af07) f30 0xffffffff7f3c8709 mem 0x000000008000a334
core   0: 0x0000000080000b50 (0x3281ae87) flw     ft9, 808(gp)
core   0: 3 0x0000000080000b50 (0x3281ae87) f29 0xffffffff00000000 mem 0x000000008000a338
core   0: 0x0000000080000b54 (0x32c1ae07) flw     ft8, 812(gp)
core   0: 3 0x0000000080000b54 (0x32c1ae07) f28 0xffffffff007ffffe mem 0x000000008000a33c
core   0: 0x0000000080000b58 (0x00000113) li      sp, 0
core   0: 3 0x0000000080000b58 (0x00000113) x2  0x0000000000000000
core   0: 0x0000000080000b5c (0x00311073) csrw    fcsr, sp
core   0: 3 0x0000000080000b5c (0x00311073) c1_fflags 0x0000000000000000 c2_frm 0x0000000000000000
core   0: 0x0000000080000b60 (0xe1df7fc3) fmadd.s ft11, ft10, ft9, ft8
core   0: 3 0x0000000080000b60 (0xe1df7fc3) f31 0xffffffff007ffffe
core   0: 0x0000000080000b64 (0x00302273) csrr    tp, fcsr
core   0: 3 0x0000000080000b64 (0x00302273) x4  0x0000000000000000
core   0: 0x0000000080000b68 (0x43f0a827) fsw     ft11, 1072(ra)
core   0: 3 0x0000000080000b68 (0x43f0a827) mem 0x000000008000c548 0x007ffffe
core   0: 0x0000000080000b6c (0x4240bc23) sd      tp, 1080(ra)
core   0: 3 0x0000000080000b6c (0x4240bc23) mem 0x000000008000c550 0x0000000000000000
core   0: >>>>  inst_37700
core   0: 0x0000000080000b70 (0x3301af07) flw     ft10, 816(gp)
core   0: 3 0x0000000080000b70 (0x3301af07) f30 0xffffffff7f3c8709 mem 0x000000008000a340
core   0: 0x0000000080000b74 (0x3341ae87) flw     ft9, 820(gp)
core   0: 3 0x0000000080000b74 (0x3341ae87) f29 0xffffffff00000000 mem 0x000000008000a344
core   0: 0x0000000080000b78 (0x3381ae07) flw     ft8, 824(gp)
core   0: 3 0x0000000080000b78 (0x3381ae07) f28 0xffffffff23800000 mem 0x000000008000a348
core   0: 0x0000000080000b7c (0x00000113) li      sp, 0
core   0: 3 0x0000000080000b7c (0x00000113) x2  0x0000000000000000
core   0: 0x0000000080000b80 (0x00311073) csrw    fcsr, sp
core   0: 3 0x0000000080000b80 (0x00311073) c1_fflags 0x0000000000000000 c2_frm 0x0000000000000000
core   0: 0x0000000080000b84 (0xe1df7fc3) fmadd.s ft11, ft10, ft9, ft8
core   0: 3 0x0000000080000b84 (0xe1df7fc3) f31 0xffffffff23800000
core   0: 0x0000000080000b88 (0x00302273) csrr    tp, fcsr
core   0: 3 0x0000000080000b88 (0x00302273) x4  0x0000000000000000
core   0: 0x0000000080000b8c (0x45f0a027) fsw     ft11, 1088(ra)
core   0: 3 0x0000000080000b8c (0x45f0a027) mem 0x000000008000c558 0x23800000
core   0: 0x0000000080000b90 (0x4440b423) sd      tp, 1096(ra)
core   0: 3 0x0000000080000b90 (0x4440b423) mem 0x000000008000c560 0x0000000000000000
core   0: >>>>  inst_37701
core   0: 0x0000000080000b94 (0x33c1af07) flw     ft10, 828(gp)
core   0: 3 0x0000000080000b94 (0x33c1af07) f30 0xffffffff7f3c8709 mem 0x000000008000a34c
core   0: 0x0000000080000b98 (0x3401ae87) flw     ft9, 832(gp)
core   0: 3 0x0000000080000b98 (0x3401ae87) f29 0xffffffff00000000 mem 0x000000008000a350
core   0: 0x0000000080000b9c (0x3441ae07) flw     ft8, 836(gp)
core   0: 3 0x0000000080000b9c (0x3441ae07) f28 0xffffffff23800001 mem 0x000000008000a354
core   0: 0x0000000080000ba0 (0x00000113) li      sp, 0
core   0: 3 0x0000000080000ba0 (0x00000113) x2  0x0000000000000000
core   0: 0x0000000080000ba4 (0x00311073) csrw    fcsr, sp
core   0: 3 0x0000000080000ba4 (0x00311073) c1_fflags 0x0000000000000000 c2_frm 0x0000000000000000
core   0: 0x0000000080000ba8 (0xe1df7fc3) fmadd.s ft11, ft10, ft9, ft8
core   0: 3 0x0000000080000ba8 (0xe1df7fc3) f31 0xffffffff23800001
core   0: 0x0000000080000bac (0x00302273) csrr    tp, fcsr
core   0: 3 0x0000000080000bac (0x00302273) x4  0x0000000000000000
core   0: 0x0000000080000bb0 (0x45f0a827) fsw     ft11, 1104(ra)
core   0: 3 0x0000000080000bb0 (0x45f0a827) mem 0x000000008000c568 0x23800001
core   0: 0x0000000080000bb4 (0x4440bc23) sd      tp, 1112(ra)
core   0: 3 0x0000000080000bb4 (0x4440bc23) mem 0x000000008000c570 0x0000000000000000
core   0: >>>>  inst_37702
core   0: 0x0000000080000bb8 (0x3481af07) flw     ft10, 840(gp)
core   0: 3 0x0000000080000bb8 (0x3481af07) f30 0xffffffff7f3c8709 mem 0x000000008000a358
core   0: 0x0000000080000bbc (0x34c1ae87) flw     ft9, 844(gp)
core   0: 3 0x0000000080000bbc (0x34c1ae87) f29 0xffffffff00000000 mem 0x000000008000a35c
core   0: 0x0000000080000bc0 (0x3501ae07) flw     ft8, 848(gp)
core   0: 3 0x0000000080000bc0 (0x3501ae07) f28 0xffffffff23800003 mem 0x000000008000a360
core   0: 0x0000000080000bc4 (0x00000113) li      sp, 0
core   0: 3 0x0000000080000bc4 (0x00000113) x2  0x0000000000000000
core   0: 0x0000000080000bc8 (0x00311073) csrw    fcsr, sp
core   0: 3 0x0000000080000bc8 (0x00311073) c1_fflags 0x0000000000000000 c2_frm 0x0000000000000000
core   0: 0x0000000080000bcc (0xe1df7fc3) fmadd.s ft11, ft10, ft9, ft8
core   0: 3 0x0000000080000bcc (0xe1df7fc3) f31 0xffffffff23800003
core   0: 0x0000000080000bd0 (0x00302273) csrr    tp, fcsr
core   0: 3 0x0000000080000bd0 (0x00302273) x4  0x0000000000000000
core   0: 0x0000000080000bd4 (0x47f0a027) fsw     ft11, 1120(ra)
core   0: 3 0x0000000080000bd4 (0x47f0a027) mem 0x000000008000c578 0x23800003
core   0: 0x0000000080000bd8 (0x4640b423) sd      tp, 1128(ra)
core   0: 3 0x0000000080000bd8 (0x4640b423) mem 0x000000008000c580 0x0000000000000000
core   0: >>>>  inst_37703
core   0: 0x0000000080000bdc (0x3541af07) flw     ft10, 852(gp)
core   0: 3 0x0000000080000bdc (0x3541af07) f30 0xffffffff7f3c8709 mem 0x000000008000a364
core   0: 0x0000000080000be0 (0x3581ae87) flw     ft9, 856(gp)
core   0: 3 0x0000000080000be0 (0x3581ae87) f29 0xffffffff00000000 mem 0x000000008000a368
core   0: 0x0000000080000be4 (0x35c1ae07) flw     ft8, 860(gp)
core   0: 3 0x0000000080000be4 (0x35c1ae07) f28 0xffffffff23800007 mem 0x000000008000a36c
core   0: 0x0000000080000be8 (0x00000113) li      sp, 0
core   0: 3 0x0000000080000be8 (0x00000113) x2  0x0000000000000000
core   0: 0x0000000080000bec (0x00311073) csrw    fcsr, sp
core   0: 3 0x0000000080000bec (0x00311073) c1_fflags 0x0000000000000000 c2_frm 0x0000000000000000
core   0: 0x0000000080000bf0 (0xe1df7fc3) fmadd.s ft11, ft10, ft9, ft8
core   0: 3 0x0000000080000bf0 (0xe1df7fc3) f31 0xffffffff23800007
core   0: 0x0000000080000bf4 (0x00302273) csrr    tp, fcsr
core   0: 3 0x0000000080000bf4 (0x00302273) x4  0x0000000000000000
core   0: 0x0000000080000bf8 (0x47f0a827) fsw     ft11, 1136(ra)
core   0: 3 0x0000000080000bf8 (0x47f0a827) mem 0x000000008000c588 0x23800007
core   0: 0x0000000080000bfc (0x4640bc23) sd      tp, 1144(ra)
core   0: 3 0x0000000080000bfc (0x4640bc23) mem 0x000000008000c590 0x0000000000000000
core   0: >>>>  inst_37704
core   0: 0x0000000080000c00 (0x3601af07) flw     ft10, 864(gp)
core   0: 3 0x0000000080000c00 (0x3601af07) f30 0xffffffff7f3c8709 mem 0x000000008000a370
core   0: 0x0000000080000c04 (0x3641ae87) flw     ft9, 868(gp)
core   0: 3 0x0000000080000c04 (0x3641ae87) f29 0xffffffff00000000 mem 0x000000008000a374
core   0: 0x0000000080000c08 (0x3681ae07) flw     ft8, 872(gp)
core   0: 3 0x0000000080000c08 (0x3681ae07) f28 0xffffffff2380000f mem 0x000000008000a378
core   0: 0x0000000080000c0c (0x00000113) li      sp, 0
core   0: 3 0x0000000080000c0c (0x00000113) x2  0x0000000000000000
core   0: 0x0000000080000c10 (0x00311073) csrw    fcsr, sp
core   0: 3 0x0000000080000c10 (0x00311073) c1_fflags 0x0000000000000000 c2_frm 0x0000000000000000
core   0: 0x0000000080000c14 (0xe1df7fc3) fmadd.s ft11, ft10, ft9, ft8
core   0: 3 0x0000000080000c14 (0xe1df7fc3) f31 0xffffffff2380000f
core   0: 0x0000000080000c18 (0x00302273) csrr    tp, fcsr
core   0: 3 0x0000000080000c18 (0x00302273) x4  0x0000000000000000
core   0: 0x0000000080000c1c (0x49f0a027) fsw     ft11, 1152(ra)
core   0: 3 0x0000000080000c1c (0x49f0a027) mem 0x000000008000c598 0x2380000f
core   0: 0x0000000080000c20 (0x4840b423) sd      tp, 1160(ra)
core   0: 3 0x0000000080000c20 (0x4840b423) mem 0x000000008000c5a0 0x0000000000000000
core   0: >>>>  inst_37705
core   0: 0x0000000080000c24 (0x36c1af07) flw     ft10, 876(gp)
core   0: 3 0x0000000080000c24 (0x36c1af07) f30 0xffffffff7f3c8709 mem 0x000000008000a37c
core   0: 0x0000000080000c28 (0x3701ae87) flw     ft9, 880(gp)
core   0: 3 0x0000000080000c28 (0x3701ae87) f29 0xffffffff00000000 mem 0x000000008000a380
core   0: 0x0000000080000c2c (0x3741ae07) flw     ft8, 884(gp)
core   0: 3 0x0000000080000c2c (0x3741ae07) f28 0xffffffff2380001f mem 0x000000008000a384
core   0: 0x0000000080000c30 (0x00000113) li      sp, 0
core   0: 3 0x0000000080000c30 (0x00000113) x2  0x0000000000000000
core   0: 0x0000000080000c34 (0x00311073) csrw    fcsr, sp
core   0: 3 0x0000000080000c34 (0x00311073) c1_fflags 0x0000000000000000 c2_frm 0x0000000000000000
core   0: 0x0000000080000c38 (0xe1df7fc3) fmadd.s ft11, ft10, ft9, ft8
core   0: 3 0x0000000080000c38 (0xe1df7fc3) f31 0xffffffff2380001f
core   0: 0x0000000080000c3c (0x00302273) csrr    tp, fcsr
core   0: 3 0x0000000080000c3c (0x00302273) x4  0x0000000000000000
core   0: 0x0000000080000c40 (0x49f0a827) fsw     ft11, 1168(ra)
core   0: 3 0x0000000080000c40 (0x49f0a827) mem 0x000000008000c5a8 0x2380001f
core   0: 0x0000000080000c44 (0x4840bc23) sd      tp, 1176(ra)
core   0: 3 0x0000000080000c44 (0x4840bc23) mem 0x000000008000c5b0 0x0000000000000000
core   0: >>>>  inst_37706
core   0: 0x0000000080000c48 (0x3781af07) flw     ft10, 888(gp)
core   0: 3 0x0000000080000c48 (0x3781af07) f30 0xffffffff7f3c8709 mem 0x000000008000a388
core   0: 0x0000000080000c4c (0x37c1ae87) flw     ft9, 892(gp)
core   0: 3 0x0000000080000c4c (0x37c1ae87) f29 0xffffffff00000000 mem 0x000000008000a38c
core   0: 0x0000000080000c50 (0x3801ae07) flw     ft8, 896(gp)
core   0: 3 0x0000000080000c50 (0x3801ae07) f28 0xffffffff2380003f mem 0x000000008000a390
core   0: 0x0000000080000c54 (0x00000113) li      sp, 0
core   0: 3 0x0000000080000c54 (0x00000113) x2  0x0000000000000000
core   0: 0x0000000080000c58 (0x00311073) csrw    fcsr, sp
core   0: 3 0x0000000080000c58 (0x00311073) c1_fflags 0x0000000000000000 c2_frm 0x0000000000000000
core   0: 0x0000000080000c5c (0xe1df7fc3) fmadd.s ft11, ft10, ft9, ft8
core   0: 3 0x0000000080000c5c (0xe1df7fc3) f31 0xffffffff2380003f
core   0: 0x0000000080000c60 (0x00302273) csrr    tp, fcsr
core   0: 3 0x0000000080000c60 (0x00302273) x4  0x0000000000000000
core   0: 0x0000000080000c64 (0x4bf0a027) fsw     ft11, 1184(ra)
core   0: 3 0x0000000080000c64 (0x4bf0a027) mem 0x000000008000c5b8 0x2380003f
core   0: 0x0000000080000c68 (0x4a40b423) sd      tp, 1192(ra)
core   0: 3 0x0000000080000c68 (0x4a40b423) mem 0x000000008000c5c0 0x0000000000000000
core   0: >>>>  inst_37707
core   0: 0x0000000080000c6c (0x3841af07) flw     ft10, 900(gp)
core   0: 3 0x0000000080000c6c (0x3841af07) f30 0xffffffff7f3c8709 mem 0x000000008000a394
core   0: 0x0000000080000c70 (0x3881ae87) flw     ft9, 904(gp)
core   0: 3 0x0000000080000c70 (0x3881ae87) f29 0xffffffff00000000 mem 0x000000008000a398
core   0: 0x0000000080000c74 (0x38c1ae07) flw     ft8, 908(gp)
core   0: 3 0x0000000080000c74 (0x38c1ae07) f28 0xffffffff2380007f mem 0x000000008000a39c
core   0: 0x0000000080000c78 (0x00000113) li      sp, 0
core   0: 3 0x0000000080000c78 (0x00000113) x2  0x0000000000000000
core   0: 0x0000000080000c7c (0x00311073) csrw    fcsr, sp
core   0: 3 0x0000000080000c7c (0x00311073) c1_fflags 0x0000000000000000 c2_frm 0x0000000000000000
core   0: 0x0000000080000c80 (0xe1df7fc3) fmadd.s ft11, ft10, ft9, ft8
core   0: 3 0x0000000080000c80 (0xe1df7fc3) f31 0xffffffff2380007f
core   0: 0x0000000080000c84 (0x00302273) csrr    tp, fcsr
core   0: 3 0x0000000080000c84 (0x00302273) x4  0x0000000000000000
core   0: 0x0000000080000c88 (0x4bf0a827) fsw     ft11, 1200(ra)
core   0: 3 0x0000000080000c88 (0x4bf0a827) mem 0x000000008000c5c8 0x2380007f
core   0: 0x0000000080000c8c (0x4a40bc23) sd      tp, 1208(ra)
core   0: 3 0x0000000080000c8c (0x4a40bc23) mem 0x000000008000c5d0 0x0000000000000000
core   0: >>>>  inst_37708
core   0: 0x0000000080000c90 (0x3901af07) flw     ft10, 912(gp)
core   0: 3 0x0000000080000c90 (0x3901af07) f30 0xffffffff7f3c8709 mem 0x000000008000a3a0
core   0: 0x0000000080000c94 (0x3941ae87) flw     ft9, 916(gp)
core   0: 3 0x0000000080000c94 (0x3941ae87) f29 0xffffffff00000000 mem 0x000000008000a3a4
core   0: 0x0000000080000c98 (0x3981ae07) flw     ft8, 920(gp)
core   0: 3 0x0000000080000c98 (0x3981ae07) f28 0xffffffff238000ff mem 0x000000008000a3a8
core   0: 0x0000000080000c9c (0x00000113) li      sp, 0
core   0: 3 0x0000000080000c9c (0x00000113) x2  0x0000000000000000
core   0: 0x0000000080000ca0 (0x00311073) csrw    fcsr, sp
core   0: 3 0x0000000080000ca0 (0x00311073) c1_fflags 0x0000000000000000 c2_frm 0x0000000000000000
core   0: 0x0000000080000ca4 (0xe1df7fc3) fmadd.s ft11, ft10, ft9, ft8
core   0: 3 0x0000000080000ca4 (0xe1df7fc3) f31 0xffffffff238000ff
core   0: 0x0000000080000ca8 (0x00302273) csrr    tp, fcsr
core   0: 3 0x0000000080000ca8 (0x00302273) x4  0x0000000000000000
core   0: 0x0000000080000cac (0x4df0a027) fsw     ft11, 1216(ra)
core   0: 3 0x0000000080000cac (0x4df0a027) mem 0x000000008000c5d8 0x238000ff
core   0: 0x0000000080000cb0 (0x4c40b423) sd      tp, 1224(ra)
core   0: 3 0x0000000080000cb0 (0x4c40b423) mem 0x000000008000c5e0 0x0000000000000000
core   0: >>>>  inst_37709
core   0: 0x0000000080000cb4 (0x39c1af07) flw     ft10, 924(gp)
core   0: 3 0x0000000080000cb4 (0x39c1af07) f30 0xffffffff7f3c8709 mem 0x000000008000a3ac
core   0: 0x0000000080000cb8 (0x3a01ae87) flw     ft9, 928(gp)
core   0: 3 0x0000000080000cb8 (0x3a01ae87) f29 0xffffffff00000000 mem 0x000000008000a3b0
core   0: 0x0000000080000cbc (0x3a41ae07) flw     ft8, 932(gp)
core   0: 3 0x0000000080000cbc (0x3a41ae07) f28 0xffffffff238001ff mem 0x000000008000a3b4
core   0: 0x0000000080000cc0 (0x00000113) li      sp, 0
core   0: 3 0x0000000080000cc0 (0x00000113) x2  0x0000000000000000
core   0: 0x0000000080000cc4 (0x00311073) csrw    fcsr, sp
core   0: 3 0x0000000080000cc4 (0x00311073) c1_fflags 0x0000000000000000 c2_frm 0x0000000000000000
core   0: 0x0000000080000cc8 (0xe1df7fc3) fmadd.s ft11, ft10, ft9, ft8
core   0: 3 0x0000000080000cc8 (0xe1df7fc3) f31 0xffffffff238001ff
core   0: 0x0000000080000ccc (0x00302273) csrr    tp, fcsr
core   0: 3 0x0000000080000ccc (0x00302273) x4  0x0000000000000000
core   0: 0x0000000080000cd0 (0x4df0a827) fsw     ft11, 1232(ra)
core   0: 3 0x0000000080000cd0 (0x4df0a827) mem 0x000000008000c5e8 0x238001ff
core   0: 0x0000000080000cd4 (0x4c40bc23) sd      tp, 1240(ra)
core   0: 3 0x0000000080000cd4 (0x4c40bc23) mem 0x000000008000c5f0 0x0000000000000000
core   0: >>>>  inst_37710
core   0: 0x0000000080000cd8 (0x3a81af07) flw     ft10, 936(gp)
core   0: 3 0x0000000080000cd8 (0x3a81af07) f30 0xffffffff7f3c8709 mem 0x000000008000a3b8
core   0: 0x0000000080000cdc (0x3ac1ae87) flw     ft9, 940(gp)
core   0: 3 0x0000000080000cdc (0x3ac1ae87) f29 0xffffffff00000000 mem 0x000000008000a3bc
core   0: 0x0000000080000ce0 (0x3b01ae07) flw     ft8, 944(gp)
core   0: 3 0x0000000080000ce0 (0x3b01ae07) f28 0xffffffff238003ff mem 0x000000008000a3c0
core   0: 0x0000000080000ce4 (0x00000113) li      sp, 0
core   0: 3 0x0000000080000ce4 (0x00000113) x2  0x0000000000000000
core   0: 0x0000000080000ce8 (0x00311073) csrw    fcsr, sp
core   0: 3 0x0000000080000ce8 (0x00311073) c1_fflags 0x0000000000000000 c2_frm 0x0000000000000000
core   0: 0x0000000080000cec (0xe1df7fc3) fmadd.s ft11, ft10, ft9, ft8
core   0: 3 0x0000000080000cec (0xe1df7fc3) f31 0xffffffff238003ff
core   0: 0x0000000080000cf0 (0x00302273) csrr    tp, fcsr
core   0: 3 0x0000000080000cf0 (0x00302273) x4  0x0000000000000000
core   0: 0x0000000080000cf4 (0x4ff0a027) fsw     ft11, 1248(ra)
core   0: 3 0x0000000080000cf4 (0x4ff0a027) mem 0x000000008000c5f8 0x238003ff
core   0: 0x0000000080000cf8 (0x4e40b423) sd      tp, 1256(ra)
core   0: 3 0x0000000080000cf8 (0x4e40b423) mem 0x000000008000c600 0x0000000000000000
core   0: >>>>  inst_37711
core   0: 0x0000000080000cfc (0x3b41af07) flw     ft10, 948(gp)
core   0: 3 0x0000000080000cfc (0x3b41af07) f30 0xffffffff7f3c8709 mem 0x000000008000a3c4
core   0: 0x0000000080000d00 (0x3b81ae87) flw     ft9, 952(gp)
core   0: 3 0x0000000080000d00 (0x3b81ae87) f29 0xffffffff00000000 mem 0x000000008000a3c8
core   0: 0x0000000080000d04 (0x3bc1ae07) flw     ft8, 956(gp)
core   0: 3 0x0000000080000d04 (0x3bc1ae07) f28 0xffffffff238007ff mem 0x000000008000a3cc
core   0: 0x0000000080000d08 (0x00000113) li      sp, 0
core   0: 3 0x0000000080000d08 (0x00000113) x2  0x0000000000000000
core   0: 0x0000000080000d0c (0x00311073) csrw    fcsr, sp
core   0: 3 0x0000000080000d0c (0x00311073) c1_fflags 0x0000000000000000 c2_frm 0x0000000000000000
core   0: 0x0000000080000d10 (0xe1df7fc3) fmadd.s ft11, ft10, ft9, ft8
core   0: 3 0x0000000080000d10 (0xe1df7fc3) f31 0xffffffff238007ff
core   0: 0x0000000080000d14 (0x00302273) csrr    tp, fcsr
core   0: 3 0x0000000080000d14 (0x00302273) x4  0x0000000000000000
core   0: 0x0000000080000d18 (0x4ff0a827) fsw     ft11, 1264(ra)
core   0: 3 0x0000000080000d18 (0x4ff0a827) mem 0x000000008000c608 0x238007ff
core   0: 0x0000000080000d1c (0x4e40bc23) sd      tp, 1272(ra)
core   0: 3 0x0000000080000d1c (0x4e40bc23) mem 0x000000008000c610 0x0000000000000000
core   0: >>>>  inst_37712
core   0: 0x0000000080000d20 (0x3c01af07) flw     ft10, 960(gp)
core   0: 3 0x0000000080000d20 (0x3c01af07) f30 0xffffffff7f3c8709 mem 0x000000008000a3d0
core   0: 0x0000000080000d24 (0x3c41ae87) flw     ft9, 964(gp)
core   0: 3 0x0000000080000d24 (0x3c41ae87) f29 0xffffffff00000000 mem 0x000000008000a3d4
core   0: 0x0000000080000d28 (0x3c81ae07) flw     ft8, 968(gp)
core   0: 3 0x0000000080000d28 (0x3c81ae07) f28 0xffffffff23800fff mem 0x000000008000a3d8
core   0: 0x0000000080000d2c (0x00000113) li      sp, 0
core   0: 3 0x0000000080000d2c (0x00000113) x2  0x0000000000000000
core   0: 0x0000000080000d30 (0x00311073) csrw    fcsr, sp
core   0: 3 0x0000000080000d30 (0x00311073) c1_fflags 0x0000000000000000 c2_frm 0x0000000000000000
core   0: 0x0000000080000d34 (0xe1df7fc3) fmadd.s ft11, ft10, ft9, ft8
core   0: 3 0x0000000080000d34 (0xe1df7fc3) f31 0xffffffff23800fff
core   0: 0x0000000080000d38 (0x00302273) csrr    tp, fcsr
core   0: 3 0x0000000080000d38 (0x00302273) x4  0x0000000000000000
core   0: 0x0000000080000d3c (0x51f0a027) fsw     ft11, 1280(ra)
core   0: 3 0x0000000080000d3c (0x51f0a027) mem 0x000000008000c618 0x23800fff
core   0: 0x0000000080000d40 (0x5040b423) sd      tp, 1288(ra)
core   0: 3 0x0000000080000d40 (0x5040b423) mem 0x000000008000c620 0x0000000000000000
core   0: >>>>  inst_37713
core   0: 0x0000000080000d44 (0x3cc1af07) flw     ft10, 972(gp)
core   0: 3 0x0000000080000d44 (0x3cc1af07) f30 0xffffffff7f3c8709 mem 0x000000008000a3dc
core   0: 0x0000000080000d48 (0x3d01ae87) flw     ft9, 976(gp)
core   0: 3 0x0000000080000d48 (0x3d01ae87) f29 0xffffffff00000000 mem 0x000000008000a3e0
core   0: 0x0000000080000d4c (0x3d41ae07) flw     ft8, 980(gp)
core   0: 3 0x0000000080000d4c (0x3d41ae07) f28 0xffffffff23801fff mem 0x000000008000a3e4
core   0: 0x0000000080000d50 (0x00000113) li      sp, 0
core   0: 3 0x0000000080000d50 (0x00000113) x2  0x0000000000000000
core   0: 0x0000000080000d54 (0x00311073) csrw    fcsr, sp
core   0: 3 0x0000000080000d54 (0x00311073) c1_fflags 0x0000000000000000 c2_frm 0x0000000000000000
core   0: 0x0000000080000d58 (0xe1df7fc3) fmadd.s ft11, ft10, ft9, ft8
core   0: 3 0x0000000080000d58 (0xe1df7fc3) f31 0xffffffff23801fff
core   0: 0x0000000080000d5c (0x00302273) csrr    tp, fcsr
core   0: 3 0x0000000080000d5c (0x00302273) x4  0x0000000000000000
core   0: 0x0000000080000d60 (0x51f0a827) fsw     ft11, 1296(ra)
core   0: 3 0x0000000080000d60 (0x51f0a827) mem 0x000000008000c628 0x23801fff
core   0: 0x0000000080000d64 (0x5040bc23) sd      tp, 1304(ra)
core   0: 3 0x0000000080000d64 (0x5040bc23) mem 0x000000008000c630 0x0000000000000000
core   0: >>>>  inst_37714
core   0: 0x0000000080000d68 (0x3d81af07) flw     ft10, 984(gp)
core   0: 3 0x0000000080000d68 (0x3d81af07) f30 0xffffffff7f3c8709 mem 0x000000008000a3e8
core   0: 0x0000000080000d6c (0x3dc1ae87) flw     ft9, 988(gp)
core   0: 3 0x0000000080000d6c (0x3dc1ae87) f29 0xffffffff00000000 mem 0x000000008000a3ec
core   0: 0x0000000080000d70 (0x3e01ae07) flw     ft8, 992(gp)
core   0: 3 0x0000000080000d70 (0x3e01ae07) f28 0xffffffff23803fff mem 0x000000008000a3f0
core   0: 0x0000000080000d74 (0x00000113) li      sp, 0
core   0: 3 0x0000000080000d74 (0x00000113) x2  0x0000000000000000
core   0: 0x0000000080000d78 (0x00311073) csrw    fcsr, sp
core   0: 3 0x0000000080000d78 (0x00311073) c1_fflags 0x0000000000000000 c2_frm 0x0000000000000000
core   0: 0x0000000080000d7c (0xe1df7fc3) fmadd.s ft11, ft10, ft9, ft8
core   0: 3 0x0000000080000d7c (0xe1df7fc3) f31 0xffffffff23803fff
core   0: 0x0000000080000d80 (0x00302273) csrr    tp, fcsr
core   0: 3 0x0000000080000d80 (0x00302273) x4  0x0000000000000000
core   0: 0x0000000080000d84 (0x53f0a027) fsw     ft11, 1312(ra)
core   0: 3 0x0000000080000d84 (0x53f0a027) mem 0x000000008000c638 0x23803fff
core   0: 0x0000000080000d88 (0x5240b423) sd      tp, 1320(ra)
core   0: 3 0x0000000080000d88 (0x5240b423) mem 0x000000008000c640 0x0000000000000000
core   0: >>>>  inst_37715
core   0: 0x0000000080000d8c (0x3e41af07) flw     ft10, 996(gp)
core   0: 3 0x0000000080000d8c (0x3e41af07) f30 0xffffffff7f3c8709 mem 0x000000008000a3f4
core   0: 0x0000000080000d90 (0x3e81ae87) flw     ft9, 1000(gp)
core   0: 3 0x0000000080000d90 (0x3e81ae87) f29 0xffffffff00000000 mem 0x000000008000a3f8
core   0: 0x0000000080000d94 (0x3ec1ae07) flw     ft8, 1004(gp)
core   0: 3 0x0000000080000d94 (0x3ec1ae07) f28 0xffffffff23807fff mem 0x000000008000a3fc
core   0: 0x0000000080000d98 (0x00000113) li      sp, 0
core   0: 3 0x0000000080000d98 (0x00000113) x2  0x0000000000000000
core   0: 0x0000000080000d9c (0x00311073) csrw    fcsr, sp
core   0: 3 0x0000000080000d9c (0x00311073) c1_fflags 0x0000000000000000 c2_frm 0x0000000000000000
core   0: 0x0000000080000da0 (0xe1df7fc3) fmadd.s ft11, ft10, ft9, ft8
core   0: 3 0x0000000080000da0 (0xe1df7fc3) f31 0xffffffff23807fff
core   0: 0x0000000080000da4 (0x00302273) csrr    tp, fcsr
core   0: 3 0x0000000080000da4 (0x00302273) x4  0x0000000000000000
core   0: 0x0000000080000da8 (0x53f0a827) fsw     ft11, 1328(ra)
core   0: 3 0x0000000080000da8 (0x53f0a827) mem 0x000000008000c648 0x23807fff
core   0: 0x0000000080000dac (0x5240bc23) sd      tp, 1336(ra)
core   0: 3 0x0000000080000dac (0x5240bc23) mem 0x000000008000c650 0x0000000000000000
core   0: >>>>  inst_37716
core   0: 0x0000000080000db0 (0x3f01af07) flw     ft10, 1008(gp)
core   0: 3 0x0000000080000db0 (0x3f01af07) f30 0xffffffff7f3c8709 mem 0x000000008000a400
core   0: 0x0000000080000db4 (0x3f41ae87) flw     ft9, 1012(gp)
core   0: 3 0x0000000080000db4 (0x3f41ae87) f29 0xffffffff00000000 mem 0x000000008000a404
core   0: 0x0000000080000db8 (0x3f81ae07) flw     ft8, 1016(gp)
core   0: 3 0x0000000080000db8 (0x3f81ae07) f28 0xffffffff2380ffff mem 0x000000008000a408
core   0: 0x0000000080000dbc (0x00000113) li      sp, 0
core   0: 3 0x0000000080000dbc (0x00000113) x2  0x0000000000000000
core   0: 0x0000000080000dc0 (0x00311073) csrw    fcsr, sp
core   0: 3 0x0000000080000dc0 (0x00311073) c1_fflags 0x0000000000000000 c2_frm 0x0000000000000000
core   0: 0x0000000080000dc4 (0xe1df7fc3) fmadd.s ft11, ft10, ft9, ft8
core   0: 3 0x0000000080000dc4 (0xe1df7fc3) f31 0xffffffff2380ffff
core   0: 0x0000000080000dc8 (0x00302273) csrr    tp, fcsr
core   0: 3 0x0000000080000dc8 (0x00302273) x4  0x0000000000000000
core   0: 0x0000000080000dcc (0x55f0a027) fsw     ft11, 1344(ra)
core   0: 3 0x0000000080000dcc (0x55f0a027) mem 0x000000008000c658 0x2380ffff
core   0: 0x0000000080000dd0 (0x5440b423) sd      tp, 1352(ra)
core   0: 3 0x0000000080000dd0 (0x5440b423) mem 0x000000008000c660 0x0000000000000000
core   0: >>>>  inst_37717
core   0: 0x0000000080000dd4 (0x3fc1af07) flw     ft10, 1020(gp)
core   0: 3 0x0000000080000dd4 (0x3fc1af07) f30 0xffffffff7f3c8709 mem 0x000000008000a40c
core   0: 0x0000000080000dd8 (0x4001ae87) flw     ft9, 1024(gp)
core   0: 3 0x0000000080000dd8 (0x4001ae87) f29 0xffffffff00000000 mem 0x000000008000a410
core   0: 0x0000000080000ddc (0x4041ae07) flw     ft8, 1028(gp)
core   0: 3 0x0000000080000ddc (0x4041ae07) f28 0xffffffff2381ffff mem 0x000000008000a414
core   0: 0x0000000080000de0 (0x00000113) li      sp, 0
core   0: 3 0x0000000080000de0 (0x00000113) x2  0x0000000000000000
core   0: 0x0000000080000de4 (0x00311073) csrw    fcsr, sp
core   0: 3 0x0000000080000de4 (0x00311073) c1_fflags 0x0000000000000000 c2_frm 0x0000000000000000
core   0: 0x0000000080000de8 (0xe1df7fc3) fmadd.s ft11, ft10, ft9, ft8
core   0: 3 0x0000000080000de8 (0xe1df7fc3) f31 0xffffffff2381ffff
core   0: 0x0000000080000dec (0x00302273) csrr    tp, fcsr
core   0: 3 0x0000000080000dec (0x00302273) x4  0x0000000000000000
core   0: 0x0000000080000df0 (0x55f0a827) fsw     ft11, 1360(ra)
core   0: 3 0x0000000080000df0 (0x55f0a827) mem 0x000000008000c668 0x2381ffff
core   0: 0x0000000080000df4 (0x5440bc23) sd      tp, 1368(ra)
core   0: 3 0x0000000080000df4 (0x5440bc23) mem 0x000000008000c670 0x0000000000000000
core   0: >>>>  inst_37718
core   0: 0x0000000080000df8 (0x4081af07) flw     ft10, 1032(gp)
core   0: 3 0x0000000080000df8 (0x4081af07) f30 0xffffffff7f3c8709 mem 0x000000008000a418
core   0: 0x0000000080000dfc (0x40c1ae87) flw     ft9, 1036(gp)
core   0: 3 0x0000000080000dfc (0x40c1ae87) f29 0xffffffff00000000 mem 0x000000008000a41c
core   0: 0x0000000080000e00 (0x4101ae07) flw     ft8, 1040(gp)
core   0: 3 0x0000000080000e00 (0x4101ae07) f28 0xffffffff2383ffff mem 0x000000008000a420
core   0: 0x0000000080000e04 (0x00000113) li      sp, 0
core   0: 3 0x0000000080000e04 (0x00000113) x2  0x0000000000000000
core   0: 0x0000000080000e08 (0x00311073) csrw    fcsr, sp
core   0: 3 0x0000000080000e08 (0x00311073) c1_fflags 0x0000000000000000 c2_frm 0x0000000000000000
core   0: 0x0000000080000e0c (0xe1df7fc3) fmadd.s ft11, ft10, ft9, ft8
core   0: 3 0x0000000080000e0c (0xe1df7fc3) f31 0xffffffff2383ffff
core   0: 0x0000000080000e10 (0x00302273) csrr    tp, fcsr
core   0: 3 0x0000000080000e10 (0x00302273) x4  0x0000000000000000
core   0: 0x0000000080000e14 (0x57f0a027) fsw     ft11, 1376(ra)
core   0: 3 0x0000000080000e14 (0x57f0a027) mem 0x000000008000c678 0x2383ffff
core   0: 0x0000000080000e18 (0x5640b423) sd      tp, 1384(ra)
core   0: 3 0x0000000080000e18 (0x5640b423) mem 0x000000008000c680 0x0000000000000000
core   0: >>>>  inst_37719
core   0: 0x0000000080000e1c (0x4141af07) flw     ft10, 1044(gp)
core   0: 3 0x0000000080000e1c (0x4141af07) f30 0xffffffff7f3c8709 mem 0x000000008000a424
core   0: 0x0000000080000e20 (0x4181ae87) flw     ft9, 1048(gp)
core   0: 3 0x0000000080000e20 (0x4181ae87) f29 0xffffffff00000000 mem 0x000000008000a428
core   0: 0x0000000080000e24 (0x41c1ae07) flw     ft8, 1052(gp)
core   0: 3 0x0000000080000e24 (0x41c1ae07) f28 0xffffffff2387ffff mem 0x000000008000a42c
core   0: 0x0000000080000e28 (0x00000113) li      sp, 0
core   0: 3 0x0000000080000e28 (0x00000113) x2  0x0000000000000000
core   0: 0x0000000080000e2c (0x00311073) csrw    fcsr, sp
core   0: 3 0x0000000080000e2c (0x00311073) c1_fflags 0x0000000000000000 c2_frm 0x0000000000000000
core   0: 0x0000000080000e30 (0xe1df7fc3) fmadd.s ft11, ft10, ft9, ft8
core   0: 3 0x0000000080000e30 (0xe1df7fc3) f31 0xffffffff2387ffff
core   0: 0x0000000080000e34 (0x00302273) csrr    tp, fcsr
core   0: 3 0x0000000080000e34 (0x00302273) x4  0x0000000000000000
core   0: 0x0000000080000e38 (0x57f0a827) fsw     ft11, 1392(ra)
core   0: 3 0x0000000080000e38 (0x57f0a827) mem 0x000000008000c688 0x2387ffff
core   0: 0x0000000080000e3c (0x5640bc23) sd      tp, 1400(ra)
core   0: 3 0x0000000080000e3c (0x5640bc23) mem 0x000000008000c690 0x0000000000000000
core   0: >>>>  inst_37720
core   0: 0x0000000080000e40 (0x4201af07) flw     ft10, 1056(gp)
core   0: 3 0x0000000080000e40 (0x4201af07) f30 0xffffffff7f3c8709 mem 0x000000008000a430
core   0: 0x0000000080000e44 (0x4241ae87) flw     ft9, 1060(gp)
core   0: 3 0x0000000080000e44 (0x4241ae87) f29 0xffffffff00000000 mem 0x000000008000a434
core   0: 0x0000000080000e48 (0x4281ae07) flw     ft8, 1064(gp)
core   0: 3 0x0000000080000e48 (0x4281ae07) f28 0xffffffff238fffff mem 0x000000008000a438
core   0: 0x0000000080000e4c (0x00000113) li      sp, 0
core   0: 3 0x0000000080000e4c (0x00000113) x2  0x0000000000000000
core   0: 0x0000000080000e50 (0x00311073) csrw    fcsr, sp
core   0: 3 0x0000000080000e50 (0x00311073) c1_fflags 0x0000000000000000 c2_frm 0x0000000000000000
core   0: 0x0000000080000e54 (0xe1df7fc3) fmadd.s ft11, ft10, ft9, ft8
core   0: 3 0x0000000080000e54 (0xe1df7fc3) f31 0xffffffff238fffff
core   0: 0x0000000080000e58 (0x00302273) csrr    tp, fcsr
core   0: 3 0x0000000080000e58 (0x00302273) x4  0x0000000000000000
core   0: 0x0000000080000e5c (0x59f0a027) fsw     ft11, 1408(ra)
core   0: 3 0x0000000080000e5c (0x59f0a027) mem 0x000000008000c698 0x238fffff
core   0: 0x0000000080000e60 (0x5840b423) sd      tp, 1416(ra)
core   0: 3 0x0000000080000e60 (0x5840b423) mem 0x000000008000c6a0 0x0000000000000000
core   0: >>>>  inst_37721
core   0: 0x0000000080000e64 (0x42c1af07) flw     ft10, 1068(gp)
core   0: 3 0x0000000080000e64 (0x42c1af07) f30 0xffffffff7f3c8709 mem 0x000000008000a43c
core   0: 0x0000000080000e68 (0x4301ae87) flw     ft9, 1072(gp)
core   0: 3 0x0000000080000e68 (0x4301ae87) f29 0xffffffff00000000 mem 0x000000008000a440
core   0: 0x0000000080000e6c (0x4341ae07) flw     ft8, 1076(gp)
core   0: 3 0x0000000080000e6c (0x4341ae07) f28 0xffffffff239fffff mem 0x000000008000a444
core   0: 0x0000000080000e70 (0x00000113) li      sp, 0
core   0: 3 0x0000000080000e70 (0x00000113) x2  0x0000000000000000
core   0: 0x0000000080000e74 (0x00311073) csrw    fcsr, sp
core   0: 3 0x0000000080000e74 (0x00311073) c1_fflags 0x0000000000000000 c2_frm 0x0000000000000000
core   0: 0x0000000080000e78 (0xe1df7fc3) fmadd.s ft11, ft10, ft9, ft8
core   0: 3 0x0000000080000e78 (0xe1df7fc3) f31 0xffffffff239fffff
core   0: 0x0000000080000e7c (0x00302273) csrr    tp, fcsr
core   0: 3 0x0000000080000e7c (0x00302273) x4  0x0000000000000000
core   0: 0x0000000080000e80 (0x59f0a827) fsw     ft11, 1424(ra)
core   0: 3 0x0000000080000e80 (0x59f0a827) mem 0x000000008000c6a8 0x239fffff
core   0: 0x0000000080000e84 (0x5840bc23) sd      tp, 1432(ra)
core   0: 3 0x0000000080000e84 (0x5840bc23) mem 0x000000008000c6b0 0x0000000000000000
core   0: >>>>  inst_37722
core   0: 0x0000000080000e88 (0x4381af07) flw     ft10, 1080(gp)
core   0: 3 0x0000000080000e88 (0x4381af07) f30 0xffffffff7f3c8709 mem 0x000000008000a448
core   0: 0x0000000080000e8c (0x43c1ae87) flw     ft9, 1084(gp)
core   0: 3 0x0000000080000e8c (0x43c1ae87) f29 0xffffffff00000000 mem 0x000000008000a44c
core   0: 0x0000000080000e90 (0x4401ae07) flw     ft8, 1088(gp)
core   0: 3 0x0000000080000e90 (0x4401ae07) f28 0xffffffff23bfffff mem 0x000000008000a450
core   0: 0x0000000080000e94 (0x00000113) li      sp, 0
core   0: 3 0x0000000080000e94 (0x00000113) x2  0x0000000000000000
core   0: 0x0000000080000e98 (0x00311073) csrw    fcsr, sp
core   0: 3 0x0000000080000e98 (0x00311073) c1_fflags 0x0000000000000000 c2_frm 0x0000000000000000
core   0: 0x0000000080000e9c (0xe1df7fc3) fmadd.s ft11, ft10, ft9, ft8
core   0: 3 0x0000000080000e9c (0xe1df7fc3) f31 0xffffffff23bfffff
core   0: 0x0000000080000ea0 (0x00302273) csrr    tp, fcsr
core   0: 3 0x0000000080000ea0 (0x00302273) x4  0x0000000000000000
core   0: 0x0000000080000ea4 (0x5bf0a027) fsw     ft11, 1440(ra)
core   0: 3 0x0000000080000ea4 (0x5bf0a027) mem 0x000000008000c6b8 0x23bfffff
core   0: 0x0000000080000ea8 (0x5a40b423) sd      tp, 1448(ra)
core   0: 3 0x0000000080000ea8 (0x5a40b423) mem 0x000000008000c6c0 0x0000000000000000
core   0: >>>>  inst_37723
core   0: 0x0000000080000eac (0x4441af07) flw     ft10, 1092(gp)
core   0: 3 0x0000000080000eac (0x4441af07) f30 0xffffffff7f3c8709 mem 0x000000008000a454
core   0: 0x0000000080000eb0 (0x4481ae87) flw     ft9, 1096(gp)
core   0: 3 0x0000000080000eb0 (0x4481ae87) f29 0xffffffff00000000 mem 0x000000008000a458
core   0: 0x0000000080000eb4 (0x44c1ae07) flw     ft8, 1100(gp)
core   0: 3 0x0000000080000eb4 (0x44c1ae07) f28 0xffffffff23c00000 mem 0x000000008000a45c
core   0: 0x0000000080000eb8 (0x00000113) li      sp, 0
core   0: 3 0x0000000080000eb8 (0x00000113) x2  0x0000000000000000
core   0: 0x0000000080000ebc (0x00311073) csrw    fcsr, sp
core   0: 3 0x0000000080000ebc (0x00311073) c1_fflags 0x0000000000000000 c2_frm 0x0000000000000000
core   0: 0x0000000080000ec0 (0xe1df7fc3) fmadd.s ft11, ft10, ft9, ft8
core   0: 3 0x0000000080000ec0 (0xe1df7fc3) f31 0xffffffff23c00000
core   0: 0x0000000080000ec4 (0x00302273) csrr    tp, fcsr
core   0: 3 0x0000000080000ec4 (0x00302273) x4  0x0000000000000000
core   0: 0x0000000080000ec8 (0x5bf0a827) fsw     ft11, 1456(ra)
core   0: 3 0x0000000080000ec8 (0x5bf0a827) mem 0x000000008000c6c8 0x23c00000
core   0: 0x0000000080000ecc (0x5a40bc23) sd      tp, 1464(ra)
core   0: 3 0x0000000080000ecc (0x5a40bc23) mem 0x000000008000c6d0 0x0000000000000000
core   0: >>>>  inst_37724
core   0: 0x0000000080000ed0 (0x4501af07) flw     ft10, 1104(gp)
core   0: 3 0x0000000080000ed0 (0x4501af07) f30 0xffffffff7f3c8709 mem 0x000000008000a460
core   0: 0x0000000080000ed4 (0x4541ae87) flw     ft9, 1108(gp)
core   0: 3 0x0000000080000ed4 (0x4541ae87) f29 0xffffffff00000000 mem 0x000000008000a464
core   0: 0x0000000080000ed8 (0x4581ae07) flw     ft8, 1112(gp)
core   0: 3 0x0000000080000ed8 (0x4581ae07) f28 0xffffffff23e00000 mem 0x000000008000a468
core   0: 0x0000000080000edc (0x00000113) li      sp, 0
core   0: 3 0x0000000080000edc (0x00000113) x2  0x0000000000000000
core   0: 0x0000000080000ee0 (0x00311073) csrw    fcsr, sp
core   0: 3 0x0000000080000ee0 (0x00311073) c1_fflags 0x0000000000000000 c2_frm 0x0000000000000000
core   0: 0x0000000080000ee4 (0xe1df7fc3) fmadd.s ft11, ft10, ft9, ft8
core   0: 3 0x0000000080000ee4 (0xe1df7fc3) f31 0xffffffff23e00000
core   0: 0x0000000080000ee8 (0x00302273) csrr    tp, fcsr
core   0: 3 0x0000000080000ee8 (0x00302273) x4  0x0000000000000000
core   0: 0x0000000080000eec (0x5df0a027) fsw     ft11, 1472(ra)
core   0: 3 0x0000000080000eec (0x5df0a027) mem 0x000000008000c6d8 0x23e00000
core   0: 0x0000000080000ef0 (0x5c40b423) sd      tp, 1480(ra)
core   0: 3 0x0000000080000ef0 (0x5c40b423) mem 0x000000008000c6e0 0x0000000000000000
core   0: >>>>  inst_37725
core   0: 0x0000000080000ef4 (0x45c1af07) flw     ft10, 1116(gp)
core   0: 3 0x0000000080000ef4 (0x45c1af07) f30 0xffffffff7f3c8709 mem 0x000000008000a46c
core   0: 0x0000000080000ef8 (0x4601ae87) flw     ft9, 1120(gp)
core   0: 3 0x0000000080000ef8 (0x4601ae87) f29 0xffffffff00000000 mem 0x000000008000a470
core   0: 0x0000000080000efc (0x4641ae07) flw     ft8, 1124(gp)
core   0: 3 0x0000000080000efc (0x4641ae07) f28 0xffffffff23f00000 mem 0x000000008000a474
core   0: 0x0000000080000f00 (0x00000113) li      sp, 0
core   0: 3 0x0000000080000f00 (0x00000113) x2  0x0000000000000000
core   0: 0x0000000080000f04 (0x00311073) csrw    fcsr, sp
core   0: 3 0x0000000080000f04 (0x00311073) c1_fflags 0x0000000000000000 c2_frm 0x0000000000000000
core   0: 0x0000000080000f08 (0xe1df7fc3) fmadd.s ft11, ft10, ft9, ft8
core   0: 3 0x0000000080000f08 (0xe1df7fc3) f31 0xffffffff23f00000
core   0: 0x0000000080000f0c (0x00302273) csrr    tp, fcsr
core   0: 3 0x0000000080000f0c (0x00302273) x4  0x0000000000000000
core   0: 0x0000000080000f10 (0x5df0a827) fsw     ft11, 1488(ra)
core   0: 3 0x0000000080000f10 (0x5df0a827) mem 0x000000008000c6e8 0x23f00000
core   0: 0x0000000080000f14 (0x5c40bc23) sd      tp, 1496(ra)
core   0: 3 0x0000000080000f14 (0x5c40bc23) mem 0x000000008000c6f0 0x0000000000000000
core   0: >>>>  inst_37726
core   0: 0x0000000080000f18 (0x4681af07) flw     ft10, 1128(gp)
core   0: 3 0x0000000080000f18 (0x4681af07) f30 0xffffffff7f3c8709 mem 0x000000008000a478
core   0: 0x0000000080000f1c (0x46c1ae87) flw     ft9, 1132(gp)
core   0: 3 0x0000000080000f1c (0x46c1ae87) f29 0xffffffff00000000 mem 0x000000008000a47c
core   0: 0x0000000080000f20 (0x4701ae07) flw     ft8, 1136(gp)
core   0: 3 0x0000000080000f20 (0x4701ae07) f28 0xffffffff23f80000 mem 0x000000008000a480
core   0: 0x0000000080000f24 (0x00000113) li      sp, 0
core   0: 3 0x0000000080000f24 (0x00000113) x2  0x0000000000000000
core   0: 0x0000000080000f28 (0x00311073) csrw    fcsr, sp
core   0: 3 0x0000000080000f28 (0x00311073) c1_fflags 0x0000000000000000 c2_frm 0x0000000000000000
core   0: 0x0000000080000f2c (0xe1df7fc3) fmadd.s ft11, ft10, ft9, ft8
core   0: 3 0x0000000080000f2c (0xe1df7fc3) f31 0xffffffff23f80000
core   0: 0x0000000080000f30 (0x00302273) csrr    tp, fcsr
core   0: 3 0x0000000080000f30 (0x00302273) x4  0x0000000000000000
core   0: 0x0000000080000f34 (0x5ff0a027) fsw     ft11, 1504(ra)
core   0: 3 0x0000000080000f34 (0x5ff0a027) mem 0x000000008000c6f8 0x23f80000
core   0: 0x0000000080000f38 (0x5e40b423) sd      tp, 1512(ra)
core   0: 3 0x0000000080000f38 (0x5e40b423) mem 0x000000008000c700 0x0000000000000000
core   0: >>>>  inst_37727
core   0: 0x0000000080000f3c (0x4741af07) flw     ft10, 1140(gp)
core   0: 3 0x0000000080000f3c (0x4741af07) f30 0xffffffff7f3c8709 mem 0x000000008000a484
core   0: 0x0000000080000f40 (0x4781ae87) flw     ft9, 1144(gp)
core   0: 3 0x0000000080000f40 (0x4781ae87) f29 0xffffffff00000000 mem 0x000000008000a488
core   0: 0x0000000080000f44 (0x47c1ae07) flw     ft8, 1148(gp)
core   0: 3 0x0000000080000f44 (0x47c1ae07) f28 0xffffffff23fc0000 mem 0x000000008000a48c
core   0: 0x0000000080000f48 (0x00000113) li      sp, 0
core   0: 3 0x0000000080000f48 (0x00000113) x2  0x0000000000000000
core   0: 0x0000000080000f4c (0x00311073) csrw    fcsr, sp
core   0: 3 0x0000000080000f4c (0x00311073) c1_fflags 0x0000000000000000 c2_frm 0x0000000000000000
core   0: 0x0000000080000f50 (0xe1df7fc3) fmadd.s ft11, ft10, ft9, ft8
core   0: 3 0x0000000080000f50 (0xe1df7fc3) f31 0xffffffff23fc0000
core   0: 0x0000000080000f54 (0x00302273) csrr    tp, fcsr
core   0: 3 0x0000000080000f54 (0x00302273) x4  0x0000000000000000
core   0: 0x0000000080000f58 (0x5ff0a827) fsw     ft11, 1520(ra)
core   0: 3 0x0000000080000f58 (0x5ff0a827) mem 0x000000008000c708 0x23fc0000
core   0: 0x0000000080000f5c (0x5e40bc23) sd      tp, 1528(ra)
core   0: 3 0x0000000080000f5c (0x5e40bc23) mem 0x000000008000c710 0x0000000000000000
core   0: >>>>  inst_37728
core   0: 0x0000000080000f60 (0x4801af07) flw     ft10, 1152(gp)
core   0: 3 0x0000000080000f60 (0x4801af07) f30 0xffffffff7f3c8709 mem 0x000000008000a490
core   0: 0x0000000080000f64 (0x4841ae87) flw     ft9, 1156(gp)
core   0: 3 0x0000000080000f64 (0x4841ae87) f29 0xffffffff00000000 mem 0x000000008000a494
core   0: 0x0000000080000f68 (0x4881ae07) flw     ft8, 1160(gp)
core   0: 3 0x0000000080000f68 (0x4881ae07) f28 0xffffffff23fe0000 mem 0x000000008000a498
core   0: 0x0000000080000f6c (0x00000113) li      sp, 0
core   0: 3 0x0000000080000f6c (0x00000113) x2  0x0000000000000000
core   0: 0x0000000080000f70 (0x00311073) csrw    fcsr, sp
core   0: 3 0x0000000080000f70 (0x00311073) c1_fflags 0x0000000000000000 c2_frm 0x0000000000000000
core   0: 0x0000000080000f74 (0xe1df7fc3) fmadd.s ft11, ft10, ft9, ft8
core   0: 3 0x0000000080000f74 (0xe1df7fc3) f31 0xffffffff23fe0000
core   0: 0x0000000080000f78 (0x00302273) csrr    tp, fcsr
core   0: 3 0x0000000080000f78 (0x00302273) x4  0x0000000000000000
core   0: 0x0000000080000f7c (0x61f0a027) fsw     ft11, 1536(ra)
core   0: 3 0x0000000080000f7c (0x61f0a027) mem 0x000000008000c718 0x23fe0000
core   0: 0x0000000080000f80 (0x6040b423) sd      tp, 1544(ra)
core   0: 3 0x0000000080000f80 (0x6040b423) mem 0x000000008000c720 0x0000000000000000
core   0: >>>>  inst_37729
core   0: 0x0000000080000f84 (0x48c1af07) flw     ft10, 1164(gp)
core   0: 3 0x0000000080000f84 (0x48c1af07) f30 0xffffffff7f3c8709 mem 0x000000008000a49c
core   0: 0x0000000080000f88 (0x4901ae87) flw     ft9, 1168(gp)
core   0: 3 0x0000000080000f88 (0x4901ae87) f29 0xffffffff00000000 mem 0x000000008000a4a0
core   0: 0x0000000080000f8c (0x4941ae07) flw     ft8, 1172(gp)
core   0: 3 0x0000000080000f8c (0x4941ae07) f28 0xffffffff23ff0000 mem 0x000000008000a4a4
core   0: 0x0000000080000f90 (0x00000113) li      sp, 0
core   0: 3 0x0000000080000f90 (0x00000113) x2  0x0000000000000000
core   0: 0x0000000080000f94 (0x00311073) csrw    fcsr, sp
core   0: 3 0x0000000080000f94 (0x00311073) c1_fflags 0x0000000000000000 c2_frm 0x0000000000000000
core   0: 0x0000000080000f98 (0xe1df7fc3) fmadd.s ft11, ft10, ft9, ft8
core   0: 3 0x0000000080000f98 (0xe1df7fc3) f31 0xffffffff23ff0000
core   0: 0x0000000080000f9c (0x00302273) csrr    tp, fcsr
core   0: 3 0x0000000080000f9c (0x00302273) x4  0x0000000000000000
core   0: 0x0000000080000fa0 (0x61f0a827) fsw     ft11, 1552(ra)
core   0: 3 0x0000000080000fa0 (0x61f0a827) mem 0x000000008000c728 0x23ff0000
core   0: 0x0000000080000fa4 (0x6040bc23) sd      tp, 1560(ra)
core   0: 3 0x0000000080000fa4 (0x6040bc23) mem 0x000000008000c730 0x0000000000000000
core   0: >>>>  inst_37730
core   0: 0x0000000080000fa8 (0x4981af07) flw     ft10, 1176(gp)
core   0: 3 0x0000000080000fa8 (0x4981af07) f30 0xffffffff7f3c8709 mem 0x000000008000a4a8
core   0: 0x0000000080000fac (0x49c1ae87) flw     ft9, 1180(gp)
core   0: 3 0x0000000080000fac (0x49c1ae87) f29 0xffffffff00000000 mem 0x000000008000a4ac
core   0: 0x0000000080000fb0 (0x4a01ae07) flw     ft8, 1184(gp)
core   0: 3 0x0000000080000fb0 (0x4a01ae07) f28 0xffffffff23ff8000 mem 0x000000008000a4b0
core   0: 0x0000000080000fb4 (0x00000113) li      sp, 0
core   0: 3 0x0000000080000fb4 (0x00000113) x2  0x0000000000000000
core   0: 0x0000000080000fb8 (0x00311073) csrw    fcsr, sp
core   0: 3 0x0000000080000fb8 (0x00311073) c1_fflags 0x0000000000000000 c2_frm 0x0000000000000000
core   0: 0x0000000080000fbc (0xe1df7fc3) fmadd.s ft11, ft10, ft9, ft8
core   0: 3 0x0000000080000fbc (0xe1df7fc3) f31 0xffffffff23ff8000
core   0: 0x0000000080000fc0 (0x00302273) csrr    tp, fcsr
core   0: 3 0x0000000080000fc0 (0x00302273) x4  0x0000000000000000
core   0: 0x0000000080000fc4 (0x63f0a027) fsw     ft11, 1568(ra)
core   0: 3 0x0000000080000fc4 (0x63f0a027) mem 0x000000008000c738 0x23ff8000
core   0: 0x0000000080000fc8 (0x6240b423) sd      tp, 1576(ra)
core   0: 3 0x0000000080000fc8 (0x6240b423) mem 0x000000008000c740 0x0000000000000000
core   0: >>>>  inst_37731
core   0: 0x0000000080000fcc (0x4a41af07) flw     ft10, 1188(gp)
core   0: 3 0x0000000080000fcc (0x4a41af07) f30 0xffffffff7f3c8709 mem 0x000000008000a4b4
core   0: 0x0000000080000fd0 (0x4a81ae87) flw     ft9, 1192(gp)
core   0: 3 0x0000000080000fd0 (0x4a81ae87) f29 0xffffffff00000000 mem 0x000000008000a4b8
core   0: 0x0000000080000fd4 (0x4ac1ae07) flw     ft8, 1196(gp)
core   0: 3 0x0000000080000fd4 (0x4ac1ae07) f28 0xffffffff23ffc000 mem 0x000000008000a4bc
core   0: 0x0000000080000fd8 (0x00000113) li      sp, 0
core   0: 3 0x0000000080000fd8 (0x00000113) x2  0x0000000000000000
core   0: 0x0000000080000fdc (0x00311073) csrw    fcsr, sp
core   0: 3 0x0000000080000fdc (0x00311073) c1_fflags 0x0000000000000000 c2_frm 0x0000000000000000
core   0: 0x0000000080000fe0 (0xe1df7fc3) fmadd.s ft11, ft10, ft9, ft8
core   0: 3 0x0000000080000fe0 (0xe1df7fc3) f31 0xffffffff23ffc000
core   0: 0x0000000080000fe4 (0x00302273) csrr    tp, fcsr
core   0: 3 0x0000000080000fe4 (0x00302273) x4  0x0000000000000000
core   0: 0x0000000080000fe8 (0x63f0a827) fsw     ft11, 1584(ra)
core   0: 3 0x0000000080000fe8 (0x63f0a827) mem 0x000000008000c748 0x23ffc000
core   0: 0x0000000080000fec (0x6240bc23) sd      tp, 1592(ra)
core   0: 3 0x0000000080000fec (0x6240bc23) mem 0x000000008000c750 0x0000000000000000
core   0: >>>>  inst_37732
core   0: 0x0000000080000ff0 (0x4b01af07) flw     ft10, 1200(gp)
core   0: 3 0x0000000080000ff0 (0x4b01af07) f30 0xffffffff7f3c8709 mem 0x000000008000a4c0
core   0: 0x0000000080000ff4 (0x4b41ae87) flw     ft9, 1204(gp)
core   0: 3 0x0000000080000ff4 (0x4b41ae87) f29 0xffffffff00000000 mem 0x000000008000a4c4
core   0: 0x0000000080000ff8 (0x4b81ae07) flw     ft8, 1208(gp)
core   0: 3 0x0000000080000ff8 (0x4b81ae07) f28 0xffffffff23ffe000 mem 0x000000008000a4c8
core   0: 0x0000000080000ffc (0x00000113) li      sp, 0
core   0: 3 0x0000000080000ffc (0x00000113) x2  0x0000000000000000
core   0: 0x0000000080001000 (0x00311073) csrw    fcsr, sp
core   0: 3 0x0000000080001000 (0x00311073) c1_fflags 0x0000000000000000 c2_frm 0x0000000000000000
core   0: 0x0000000080001004 (0xe1df7fc3) fmadd.s ft11, ft10, ft9, ft8
core   0: 3 0x0000000080001004 (0xe1df7fc3) f31 0xffffffff23ffe000
core   0: 0x0000000080001008 (0x00302273) csrr    tp, fcsr
core   0: 3 0x0000000080001008 (0x00302273) x4  0x0000000000000000
core   0: 0x000000008000100c (0x65f0a027) fsw     ft11, 1600(ra)
core   0: 3 0x000000008000100c (0x65f0a027) mem 0x000000008000c758 0x23ffe000
core   0: 0x0000000080001010 (0x6440b423) sd      tp, 1608(ra)
core   0: 3 0x0000000080001010 (0x6440b423) mem 0x000000008000c760 0x0000000000000000
core   0: >>>>  inst_37733
core   0: 0x0000000080001014 (0x4bc1af07) flw     ft10, 1212(gp)
core   0: 3 0x0000000080001014 (0x4bc1af07) f30 0xffffffff7f3c8709 mem 0x000000008000a4cc
core   0: 0x0000000080001018 (0x4c01ae87) flw     ft9, 1216(gp)
core   0: 3 0x0000000080001018 (0x4c01ae87) f29 0xffffffff00000000 mem 0x000000008000a4d0
core   0: 0x000000008000101c (0x4c41ae07) flw     ft8, 1220(gp)
core   0: 3 0x000000008000101c (0x4c41ae07) f28 0xffffffff23fff000 mem 0x000000008000a4d4
core   0: 0x0000000080001020 (0x00000113) li      sp, 0
core   0: 3 0x0000000080001020 (0x00000113) x2  0x0000000000000000
core   0: 0x0000000080001024 (0x00311073) csrw    fcsr, sp
core   0: 3 0x0000000080001024 (0x00311073) c1_fflags 0x0000000000000000 c2_frm 0x0000000000000000
core   0: 0x0000000080001028 (0xe1df7fc3) fmadd.s ft11, ft10, ft9, ft8
core   0: 3 0x0000000080001028 (0xe1df7fc3) f31 0xffffffff23fff000
core   0: 0x000000008000102c (0x00302273) csrr    tp, fcsr
core   0: 3 0x000000008000102c (0x00302273) x4  0x0000000000000000
core   0: 0x0000000080001030 (0x65f0a827) fsw     ft11, 1616(ra)
core   0: 3 0x0000000080001030 (0x65f0a827) mem 0x000000008000c768 0x23fff000
core   0: 0x0000000080001034 (0x6440bc23) sd      tp, 1624(ra)
core   0: 3 0x0000000080001034 (0x6440bc23) mem 0x000000008000c770 0x0000000000000000
core   0: >>>>  inst_37734
core   0: 0x0000000080001038 (0x4c81af07) flw     ft10, 1224(gp)
core   0: 3 0x0000000080001038 (0x4c81af07) f30 0xffffffff7f3c8709 mem 0x000000008000a4d8
core   0: 0x000000008000103c (0x4cc1ae87) flw     ft9, 1228(gp)
core   0: 3 0x000000008000103c (0x4cc1ae87) f29 0xffffffff00000000 mem 0x000000008000a4dc
core   0: 0x0000000080001040 (0x4d01ae07) flw     ft8, 1232(gp)
core   0: 3 0x0000000080001040 (0x4d01ae07) f28 0xffffffff23fff800 mem 0x000000008000a4e0
core   0: 0x0000000080001044 (0x00000113) li      sp, 0
core   0: 3 0x0000000080001044 (0x00000113) x2  0x0000000000000000
core   0: 0x0000000080001048 (0x00311073) csrw    fcsr, sp
core   0: 3 0x0000000080001048 (0x00311073) c1_fflags 0x0000000000000000 c2_frm 0x0000000000000000
core   0: 0x000000008000104c (0xe1df7fc3) fmadd.s ft11, ft10, ft9, ft8
core   0: 3 0x000000008000104c (0xe1df7fc3) f31 0xffffffff23fff800
core   0: 0x0000000080001050 (0x00302273) csrr    tp, fcsr
core   0: 3 0x0000000080001050 (0x00302273) x4  0x0000000000000000
core   0: 0x0000000080001054 (0x67f0a027) fsw     ft11, 1632(ra)
core   0: 3 0x0000000080001054 (0x67f0a027) mem 0x000000008000c778 0x23fff800
core   0: 0x0000000080001058 (0x6640b423) sd      tp, 1640(ra)
core   0: 3 0x0000000080001058 (0x6640b423) mem 0x000000008000c780 0x0000000000000000
core   0: >>>>  inst_37735
core   0: 0x000000008000105c (0x4d41af07) flw     ft10, 1236(gp)
core   0: 3 0x000000008000105c (0x4d41af07) f30 0xffffffff7f3c8709 mem 0x000000008000a4e4
core   0: 0x0000000080001060 (0x4d81ae87) flw     ft9, 1240(gp)
core   0: 3 0x0000000080001060 (0x4d81ae87) f29 0xffffffff00000000 mem 0x000000008000a4e8
core   0: 0x0000000080001064 (0x4dc1ae07) flw     ft8, 1244(gp)
core   0: 3 0x0000000080001064 (0x4dc1ae07) f28 0xffffffff23fffc00 mem 0x000000008000a4ec
core   0: 0x0000000080001068 (0x00000113) li      sp, 0
core   0: 3 0x0000000080001068 (0x00000113) x2  0x0000000000000000
core   0: 0x000000008000106c (0x00311073) csrw    fcsr, sp
core   0: 3 0x000000008000106c (0x00311073) c1_fflags 0x0000000000000000 c2_frm 0x0000000000000000
core   0: 0x0000000080001070 (0xe1df7fc3) fmadd.s ft11, ft10, ft9, ft8
core   0: 3 0x0000000080001070 (0xe1df7fc3) f31 0xffffffff23fffc00
core   0: 0x0000000080001074 (0x00302273) csrr    tp, fcsr
core   0: 3 0x0000000080001074 (0x00302273) x4  0x0000000000000000
core   0: 0x0000000080001078 (0x67f0a827) fsw     ft11, 1648(ra)
core   0: 3 0x0000000080001078 (0x67f0a827) mem 0x000000008000c788 0x23fffc00
core   0: 0x000000008000107c (0x6640bc23) sd      tp, 1656(ra)
core   0: 3 0x000000008000107c (0x6640bc23) mem 0x000000008000c790 0x0000000000000000
core   0: >>>>  inst_37736
core   0: 0x0000000080001080 (0x4e01af07) flw     ft10, 1248(gp)
core   0: 3 0x0000000080001080 (0x4e01af07) f30 0xffffffff7f3c8709 mem 0x000000008000a4f0
core   0: 0x0000000080001084 (0x4e41ae87) flw     ft9, 1252(gp)
core   0: 3 0x0000000080001084 (0x4e41ae87) f29 0xffffffff00000000 mem 0x000000008000a4f4
core   0: 0x0000000080001088 (0x4e81ae07) flw     ft8, 1256(gp)
core   0: 3 0x0000000080001088 (0x4e81ae07) f28 0xffffffff23fffe00 mem 0x000000008000a4f8
core   0: 0x000000008000108c (0x00000113) li      sp, 0
core   0: 3 0x000000008000108c (0x00000113) x2  0x0000000000000000
core   0: 0x0000000080001090 (0x00311073) csrw    fcsr, sp
core   0: 3 0x0000000080001090 (0x00311073) c1_fflags 0x0000000000000000 c2_frm 0x0000000000000000
core   0: 0x0000000080001094 (0xe1df7fc3) fmadd.s ft11, ft10, ft9, ft8
core   0: 3 0x0000000080001094 (0xe1df7fc3) f31 0xffffffff23fffe00
core   0: 0x0000000080001098 (0x00302273) csrr    tp, fcsr
core   0: 3 0x0000000080001098 (0x00302273) x4  0x0000000000000000
core   0: 0x000000008000109c (0x69f0a027) fsw     ft11, 1664(ra)
core   0: 3 0x000000008000109c (0x69f0a027) mem 0x000000008000c798 0x23fffe00
core   0: 0x00000000800010a0 (0x6840b423) sd      tp, 1672(ra)
core   0: 3 0x00000000800010a0 (0x6840b423) mem 0x000000008000c7a0 0x0000000000000000
core   0: >>>>  inst_37737
core   0: 0x00000000800010a4 (0x4ec1af07) flw     ft10, 1260(gp)
core   0: 3 0x00000000800010a4 (0x4ec1af07) f30 0xffffffff7f3c8709 mem 0x000000008000a4fc
core   0: 0x00000000800010a8 (0x4f01ae87) flw     ft9, 1264(gp)
core   0: 3 0x00000000800010a8 (0x4f01ae87) f29 0xffffffff00000000 mem 0x000000008000a500
core   0: 0x00000000800010ac (0x4f41ae07) flw     ft8, 1268(gp)
core   0: 3 0x00000000800010ac (0x4f41ae07) f28 0xffffffff23ffff00 mem 0x000000008000a504
core   0: 0x00000000800010b0 (0x00000113) li      sp, 0
core   0: 3 0x00000000800010b0 (0x00000113) x2  0x0000000000000000
core   0: 0x00000000800010b4 (0x00311073) csrw    fcsr, sp
core   0: 3 0x00000000800010b4 (0x00311073) c1_fflags 0x0000000000000000 c2_frm 0x0000000000000000
core   0: 0x00000000800010b8 (0xe1df7fc3) fmadd.s ft11, ft10, ft9, ft8
core   0: 3 0x00000000800010b8 (0xe1df7fc3) f31 0xffffffff23ffff00
core   0: 0x00000000800010bc (0x00302273) csrr    tp, fcsr
core   0: 3 0x00000000800010bc (0x00302273) x4  0x0000000000000000
core   0: 0x00000000800010c0 (0x69f0a827) fsw     ft11, 1680(ra)
core   0: 3 0x00000000800010c0 (0x69f0a827) mem 0x000000008000c7a8 0x23ffff00
core   0: 0x00000000800010c4 (0x6840bc23) sd      tp, 1688(ra)
core   0: 3 0x00000000800010c4 (0x6840bc23) mem 0x000000008000c7b0 0x0000000000000000
core   0: >>>>  inst_37738
core   0: 0x00000000800010c8 (0x4f81af07) flw     ft10, 1272(gp)
core   0: 3 0x00000000800010c8 (0x4f81af07) f30 0xffffffff7f3c8709 mem 0x000000008000a508
core   0: 0x00000000800010cc (0x4fc1ae87) flw     ft9, 1276(gp)
core   0: 3 0x00000000800010cc (0x4fc1ae87) f29 0xffffffff00000000 mem 0x000000008000a50c
core   0: 0x00000000800010d0 (0x5001ae07) flw     ft8, 1280(gp)
core   0: 3 0x00000000800010d0 (0x5001ae07) f28 0xffffffff23ffff80 mem 0x000000008000a510
core   0: 0x00000000800010d4 (0x00000113) li      sp, 0
core   0: 3 0x00000000800010d4 (0x00000113) x2  0x0000000000000000
core   0: 0x00000000800010d8 (0x00311073) csrw    fcsr, sp
core   0: 3 0x00000000800010d8 (0x00311073) c1_fflags 0x0000000000000000 c2_frm 0x0000000000000000
core   0: 0x00000000800010dc (0xe1df7fc3) fmadd.s ft11, ft10, ft9, ft8
core   0: 3 0x00000000800010dc (0xe1df7fc3) f31 0xffffffff23ffff80
core   0: 0x00000000800010e0 (0x00302273) csrr    tp, fcsr
core   0: 3 0x00000000800010e0 (0x00302273) x4  0x0000000000000000
core   0: 0x00000000800010e4 (0x6bf0a027) fsw     ft11, 1696(ra)
core   0: 3 0x00000000800010e4 (0x6bf0a027) mem 0x000000008000c7b8 0x23ffff80
core   0: 0x00000000800010e8 (0x6a40b423) sd      tp, 1704(ra)
core   0: 3 0x00000000800010e8 (0x6a40b423) mem 0x000000008000c7c0 0x0000000000000000
core   0: >>>>  inst_37739
core   0: 0x00000000800010ec (0x5041af07) flw     ft10, 1284(gp)
core   0: 3 0x00000000800010ec (0x5041af07) f30 0xffffffff7f3c8709 mem 0x000000008000a514
core   0: 0x00000000800010f0 (0x5081ae87) flw     ft9, 1288(gp)
core   0: 3 0x00000000800010f0 (0x5081ae87) f29 0xffffffff00000000 mem 0x000000008000a518
core   0: 0x00000000800010f4 (0x50c1ae07) flw     ft8, 1292(gp)
core   0: 3 0x00000000800010f4 (0x50c1ae07) f28 0xffffffff23ffffc0 mem 0x000000008000a51c
core   0: 0x00000000800010f8 (0x00000113) li      sp, 0
core   0: 3 0x00000000800010f8 (0x00000113) x2  0x0000000000000000
core   0: 0x00000000800010fc (0x00311073) csrw    fcsr, sp
core   0: 3 0x00000000800010fc (0x00311073) c1_fflags 0x0000000000000000 c2_frm 0x0000000000000000
core   0: 0x0000000080001100 (0xe1df7fc3) fmadd.s ft11, ft10, ft9, ft8
core   0: 3 0x0000000080001100 (0xe1df7fc3) f31 0xffffffff23ffffc0
core   0: 0x0000000080001104 (0x00302273) csrr    tp, fcsr
core   0: 3 0x0000000080001104 (0x00302273) x4  0x0000000000000000
core   0: 0x0000000080001108 (0x6bf0a827) fsw     ft11, 1712(ra)
core   0: 3 0x0000000080001108 (0x6bf0a827) mem 0x000000008000c7c8 0x23ffffc0
core   0: 0x000000008000110c (0x6a40bc23) sd      tp, 1720(ra)
core   0: 3 0x000000008000110c (0x6a40bc23) mem 0x000000008000c7d0 0x0000000000000000
core   0: >>>>  inst_37740
core   0: 0x0000000080001110 (0x5101af07) flw     ft10, 1296(gp)
core   0: 3 0x0000000080001110 (0x5101af07) f30 0xffffffff7f3c8709 mem 0x000000008000a520
core   0: 0x0000000080001114 (0x5141ae87) flw     ft9, 1300(gp)
core   0: 3 0x0000000080001114 (0x5141ae87) f29 0xffffffff00000000 mem 0x000000008000a524
core   0: 0x0000000080001118 (0x5181ae07) flw     ft8, 1304(gp)
core   0: 3 0x0000000080001118 (0x5181ae07) f28 0xffffffff23ffffe0 mem 0x000000008000a528
core   0: 0x000000008000111c (0x00000113) li      sp, 0
core   0: 3 0x000000008000111c (0x00000113) x2  0x0000000000000000
core   0: 0x0000000080001120 (0x00311073) csrw    fcsr, sp
core   0: 3 0x0000000080001120 (0x00311073) c1_fflags 0x0000000000000000 c2_frm 0x0000000000000000
core   0: 0x0000000080001124 (0xe1df7fc3) fmadd.s ft11, ft10, ft9, ft8
core   0: 3 0x0000000080001124 (0xe1df7fc3) f31 0xffffffff23ffffe0
core   0: 0x0000000080001128 (0x00302273) csrr    tp, fcsr
core   0: 3 0x0000000080001128 (0x00302273) x4  0x0000000000000000
core   0: 0x000000008000112c (0x6df0a027) fsw     ft11, 1728(ra)
core   0: 3 0x000000008000112c (0x6df0a027) mem 0x000000008000c7d8 0x23ffffe0
core   0: 0x0000000080001130 (0x6c40b423) sd      tp, 1736(ra)
core   0: 3 0x0000000080001130 (0x6c40b423) mem 0x000000008000c7e0 0x0000000000000000
core   0: >>>>  inst_37741
core   0: 0x0000000080001134 (0x51c1af07) flw     ft10, 1308(gp)
core   0: 3 0x0000000080001134 (0x51c1af07) f30 0xffffffff7f3c8709 mem 0x000000008000a52c
core   0: 0x0000000080001138 (0x5201ae87) flw     ft9, 1312(gp)
core   0: 3 0x0000000080001138 (0x5201ae87) f29 0xffffffff00000000 mem 0x000000008000a530
core   0: 0x000000008000113c (0x5241ae07) flw     ft8, 1316(gp)
core   0: 3 0x000000008000113c (0x5241ae07) f28 0xffffffff23fffff0 mem 0x000000008000a534
core   0: 0x0000000080001140 (0x00000113) li      sp, 0
core   0: 3 0x0000000080001140 (0x00000113) x2  0x0000000000000000
core   0: 0x0000000080001144 (0x00311073) csrw    fcsr, sp
core   0: 3 0x0000000080001144 (0x00311073) c1_fflags 0x0000000000000000 c2_frm 0x0000000000000000
core   0: 0x0000000080001148 (0xe1df7fc3) fmadd.s ft11, ft10, ft9, ft8
core   0: 3 0x0000000080001148 (0xe1df7fc3) f31 0xffffffff23fffff0
core   0: 0x000000008000114c (0x00302273) csrr    tp, fcsr
core   0: 3 0x000000008000114c (0x00302273) x4  0x0000000000000000
core   0: 0x0000000080001150 (0x6df0a827) fsw     ft11, 1744(ra)
core   0: 3 0x0000000080001150 (0x6df0a827) mem 0x000000008000c7e8 0x23fffff0
core   0: 0x0000000080001154 (0x6c40bc23) sd      tp, 1752(ra)
core   0: 3 0x0000000080001154 (0x6c40bc23) mem 0x000000008000c7f0 0x0000000000000000
core   0: >>>>  inst_37742
core   0: 0x0000000080001158 (0x5281af07) flw     ft10, 1320(gp)
core   0: 3 0x0000000080001158 (0x5281af07) f30 0xffffffff7f3c8709 mem 0x000000008000a538
core   0: 0x000000008000115c (0x52c1ae87) flw     ft9, 1324(gp)
core   0: 3 0x000000008000115c (0x52c1ae87) f29 0xffffffff00000000 mem 0x000000008000a53c
core   0: 0x0000000080001160 (0x5301ae07) flw     ft8, 1328(gp)
core   0: 3 0x0000000080001160 (0x5301ae07) f28 0xffffffff23fffff8 mem 0x000000008000a540
core   0: 0x0000000080001164 (0x00000113) li      sp, 0
core   0: 3 0x0000000080001164 (0x00000113) x2  0x0000000000000000
core   0: 0x0000000080001168 (0x00311073) csrw    fcsr, sp
core   0: 3 0x0000000080001168 (0x00311073) c1_fflags 0x0000000000000000 c2_frm 0x0000000000000000
core   0: 0x000000008000116c (0xe1df7fc3) fmadd.s ft11, ft10, ft9, ft8
core   0: 3 0x000000008000116c (0xe1df7fc3) f31 0xffffffff23fffff8
core   0: 0x0000000080001170 (0x00302273) csrr    tp, fcsr
core   0: 3 0x0000000080001170 (0x00302273) x4  0x0000000000000000
core   0: 0x0000000080001174 (0x6ff0a027) fsw     ft11, 1760(ra)
core   0: 3 0x0000000080001174 (0x6ff0a027) mem 0x000000008000c7f8 0x23fffff8
core   0: 0x0000000080001178 (0x6e40b423) sd      tp, 1768(ra)
core   0: 3 0x0000000080001178 (0x6e40b423) mem 0x000000008000c800 0x0000000000000000
core   0: >>>>  inst_37743
core   0: 0x000000008000117c (0x5341af07) flw     ft10, 1332(gp)
core   0: 3 0x000000008000117c (0x5341af07) f30 0xffffffff7f3c8709 mem 0x000000008000a544
core   0: 0x0000000080001180 (0x5381ae87) flw     ft9, 1336(gp)
core   0: 3 0x0000000080001180 (0x5381ae87) f29 0xffffffff00000000 mem 0x000000008000a548
core   0: 0x0000000080001184 (0x53c1ae07) flw     ft8, 1340(gp)
core   0: 3 0x0000000080001184 (0x53c1ae07) f28 0xffffffff23fffffc mem 0x000000008000a54c
core   0: 0x0000000080001188 (0x00000113) li      sp, 0
core   0: 3 0x0000000080001188 (0x00000113) x2  0x0000000000000000
core   0: 0x000000008000118c (0x00311073) csrw    fcsr, sp
core   0: 3 0x000000008000118c (0x00311073) c1_fflags 0x0000000000000000 c2_frm 0x0000000000000000
core   0: 0x0000000080001190 (0xe1df7fc3) fmadd.s ft11, ft10, ft9, ft8
core   0: 3 0x0000000080001190 (0xe1df7fc3) f31 0xffffffff23fffffc
core   0: 0x0000000080001194 (0x00302273) csrr    tp, fcsr
core   0: 3 0x0000000080001194 (0x00302273) x4  0x0000000000000000
core   0: 0x0000000080001198 (0x6ff0a827) fsw     ft11, 1776(ra)
core   0: 3 0x0000000080001198 (0x6ff0a827) mem 0x000000008000c808 0x23fffffc
core   0: 0x000000008000119c (0x6e40bc23) sd      tp, 1784(ra)
core   0: 3 0x000000008000119c (0x6e40bc23) mem 0x000000008000c810 0x0000000000000000
core   0: >>>>  inst_37744
core   0: 0x00000000800011a0 (0x5401af07) flw     ft10, 1344(gp)
core   0: 3 0x00000000800011a0 (0x5401af07) f30 0xffffffff7f3c8709 mem 0x000000008000a550
core   0: 0x00000000800011a4 (0x5441ae87) flw     ft9, 1348(gp)
core   0: 3 0x00000000800011a4 (0x5441ae87) f29 0xffffffff00000000 mem 0x000000008000a554
core   0: 0x00000000800011a8 (0x5481ae07) flw     ft8, 1352(gp)
core   0: 3 0x00000000800011a8 (0x5481ae07) f28 0xffffffff23fffffe mem 0x000000008000a558
core   0: 0x00000000800011ac (0x00000113) li      sp, 0
core   0: 3 0x00000000800011ac (0x00000113) x2  0x0000000000000000
core   0: 0x00000000800011b0 (0x00311073) csrw    fcsr, sp
core   0: 3 0x00000000800011b0 (0x00311073) c1_fflags 0x0000000000000000 c2_frm 0x0000000000000000
core   0: 0x00000000800011b4 (0xe1df7fc3) fmadd.s ft11, ft10, ft9, ft8
core   0: 3 0x00000000800011b4 (0xe1df7fc3) f31 0xffffffff23fffffe
core   0: 0x00000000800011b8 (0x00302273) csrr    tp, fcsr
core   0: 3 0x00000000800011b8 (0x00302273) x4  0x0000000000000000
core   0: 0x00000000800011bc (0x71f0a027) fsw     ft11, 1792(ra)
core   0: 3 0x00000000800011bc (0x71f0a027) mem 0x000000008000c818 0x23fffffe
core   0: 0x00000000800011c0 (0x7040b423) sd      tp, 1800(ra)
core   0: 3 0x00000000800011c0 (0x7040b423) mem 0x000000008000c820 0x0000000000000000
core   0: >>>>  inst_37745
core   0: 0x00000000800011c4 (0x54c1af07) flw     ft10, 1356(gp)
core   0: 3 0x00000000800011c4 (0x54c1af07) f30 0xffffffff7f3c8709 mem 0x000000008000a55c
core   0: 0x00000000800011c8 (0x5501ae87) flw     ft9, 1360(gp)
core   0: 3 0x00000000800011c8 (0x5501ae87) f29 0xffffffff00000000 mem 0x000000008000a560
core   0: 0x00000000800011cc (0x5541ae07) flw     ft8, 1364(gp)
core   0: 3 0x00000000800011cc (0x5541ae07) f28 0xffffffff23ffffff mem 0x000000008000a564
core   0: 0x00000000800011d0 (0x00000113) li      sp, 0
core   0: 3 0x00000000800011d0 (0x00000113) x2  0x0000000000000000
core   0: 0x00000000800011d4 (0x00311073) csrw    fcsr, sp
core   0: 3 0x00000000800011d4 (0x00311073) c1_fflags 0x0000000000000000 c2_frm 0x0000000000000000
core   0: 0x00000000800011d8 (0xe1df7fc3) fmadd.s ft11, ft10, ft9, ft8
core   0: 3 0x00000000800011d8 (0xe1df7fc3) f31 0xffffffff23ffffff
core   0: 0x00000000800011dc (0x00302273) csrr    tp, fcsr
core   0: 3 0x00000000800011dc (0x00302273) x4  0x0000000000000000
core   0: 0x00000000800011e0 (0x71f0a827) fsw     ft11, 1808(ra)
core   0: 3 0x00000000800011e0 (0x71f0a827) mem 0x000000008000c828 0x23ffffff
core   0: 0x00000000800011e4 (0x7040bc23) sd      tp, 1816(ra)
core   0: 3 0x00000000800011e4 (0x7040bc23) mem 0x000000008000c830 0x0000000000000000
core   0: >>>>  inst_37746
core   0: 0x00000000800011e8 (0x5581af07) flw     ft10, 1368(gp)
core   0: 3 0x00000000800011e8 (0x5581af07) f30 0xffffffff7f3ca1e4 mem 0x000000008000a568
core   0: 0x00000000800011ec (0x55c1ae87) flw     ft9, 1372(gp)
core   0: 3 0x00000000800011ec (0x55c1ae87) f29 0xffffffff002b6daa mem 0x000000008000a56c
core   0: 0x00000000800011f0 (0x5601ae07) flw     ft8, 1376(gp)
core   0: 3 0x00000000800011f0 (0x5601ae07) f28 0xffffffff29800000 mem 0x000000008000a570
core   0: 0x00000000800011f4 (0x00000113) li      sp, 0
core   0: 3 0x00000000800011f4 (0x00000113) x2  0x0000000000000000
core   0: 0x00000000800011f8 (0x00311073) csrw    fcsr, sp
core   0: 3 0x00000000800011f8 (0x00311073) c1_fflags 0x0000000000000000 c2_frm 0x0000000000000000
core   0: 0x00000000800011fc (0xe1df7fc3) fmadd.s ft11, ft10, ft9, ft8
core   0: 3 0x00000000800011fc (0xe1df7fc3) c1_fflags 0x0000000000000001 f31 0xffffffff3f7ffffc
core   0: 0x0000000080001200 (0x00302273) csrr    tp, fcsr
core   0: 3 0x0000000080001200 (0x00302273) x4  0x0000000000000001
core   0: 0x0000000080001204 (0x73f0a027) fsw     ft11, 1824(ra)
core   0: 3 0x0000000080001204 (0x73f0a027) mem 0x000000008000c838 0x3f7ffffc
core   0: 0x0000000080001208 (0x7240b423) sd      tp, 1832(ra)
core   0: 3 0x0000000080001208 (0x7240b423) mem 0x000000008000c840 0x0000000000000001
core   0: >>>>  inst_37747
core   0: 0x000000008000120c (0x5641af07) flw     ft10, 1380(gp)
core   0: 3 0x000000008000120c (0x5641af07) f30 0xffffffff7f3ca1e4 mem 0x000000008000a574
core   0: 0x0000000080001210 (0x5681ae87) flw     ft9, 1384(gp)
core   0: 3 0x0000000080001210 (0x5681ae87) f29 0xffffffff002b6daa mem 0x000000008000a578
core   0: 0x0000000080001214 (0x56c1ae07) flw     ft8, 1388(gp)
core   0: 3 0x0000000080001214 (0x56c1ae07) f28 0xffffffff29800001 mem 0x000000008000a57c
core   0: 0x0000000080001218 (0x00000113) li      sp, 0
core   0: 3 0x0000000080001218 (0x00000113) x2  0x0000000000000000
core   0: 0x000000008000121c (0x00311073) csrw    fcsr, sp
core   0: 3 0x000000008000121c (0x00311073) c1_fflags 0x0000000000000000 c2_frm 0x0000000000000000
core   0: 0x0000000080001220 (0xe1df7fc3) fmadd.s ft11, ft10, ft9, ft8
core   0: 3 0x0000000080001220 (0xe1df7fc3) c1_fflags 0x0000000000000001 f31 0xffffffff3f7ffffc
core   0: 0x0000000080001224 (0x00302273) csrr    tp, fcsr
core   0: 3 0x0000000080001224 (0x00302273) x4  0x0000000000000001
core   0: 0x0000000080001228 (0x73f0a827) fsw     ft11, 1840(ra)
core   0: 3 0x0000000080001228 (0x73f0a827) mem 0x000000008000c848 0x3f7ffffc
core   0: 0x000000008000122c (0x7240bc23) sd      tp, 1848(ra)
core   0: 3 0x000000008000122c (0x7240bc23) mem 0x000000008000c850 0x0000000000000001
core   0: >>>>  inst_37748
core   0: 0x0000000080001230 (0x5701af07) flw     ft10, 1392(gp)
core   0: 3 0x0000000080001230 (0x5701af07) f30 0xffffffff7f3ca1e4 mem 0x000000008000a580
core   0: 0x0000000080001234 (0x5741ae87) flw     ft9, 1396(gp)
core   0: 3 0x0000000080001234 (0x5741ae87) f29 0xffffffff002b6daa mem 0x000000008000a584
core   0: 0x0000000080001238 (0x5781ae07) flw     ft8, 1400(gp)
core   0: 3 0x0000000080001238 (0x5781ae07) f28 0xffffffff29800003 mem 0x000000008000a588
core   0: 0x000000008000123c (0x00000113) li      sp, 0
core   0: 3 0x000000008000123c (0x00000113) x2  0x0000000000000000
core   0: 0x0000000080001240 (0x00311073) csrw    fcsr, sp
core   0: 3 0x0000000080001240 (0x00311073) c1_fflags 0x0000000000000000 c2_frm 0x0000000000000000
core   0: 0x0000000080001244 (0xe1df7fc3) fmadd.s ft11, ft10, ft9, ft8
core   0: 3 0x0000000080001244 (0xe1df7fc3) c1_fflags 0x0000000000000001 f31 0xffffffff3f7ffffc
core   0: 0x0000000080001248 (0x00302273) csrr    tp, fcsr
core   0: 3 0x0000000080001248 (0x00302273) x4  0x0000000000000001
core   0: 0x000000008000124c (0x75f0a027) fsw     ft11, 1856(ra)
core   0: 3 0x000000008000124c (0x75f0a027) mem 0x000000008000c858 0x3f7ffffc
core   0: 0x0000000080001250 (0x7440b423) sd      tp, 1864(ra)
core   0: 3 0x0000000080001250 (0x7440b423) mem 0x000000008000c860 0x0000000000000001
core   0: >>>>  inst_37749
core   0: 0x0000000080001254 (0x57c1af07) flw     ft10, 1404(gp)
core   0: 3 0x0000000080001254 (0x57c1af07) f30 0xffffffff7f3ca1e4 mem 0x000000008000a58c
core   0: 0x0000000080001258 (0x5801ae87) flw     ft9, 1408(gp)
core   0: 3 0x0000000080001258 (0x5801ae87) f29 0xffffffff002b6daa mem 0x000000008000a590
core   0: 0x000000008000125c (0x5841ae07) flw     ft8, 1412(gp)
core   0: 3 0x000000008000125c (0x5841ae07) f28 0xffffffff29800007 mem 0x000000008000a594
core   0: 0x0000000080001260 (0x00000113) li      sp, 0
core   0: 3 0x0000000080001260 (0x00000113) x2  0x0000000000000000
core   0: 0x0000000080001264 (0x00311073) csrw    fcsr, sp
core   0: 3 0x0000000080001264 (0x00311073) c1_fflags 0x0000000000000000 c2_frm 0x0000000000000000
core   0: 0x0000000080001268 (0xe1df7fc3) fmadd.s ft11, ft10, ft9, ft8
core   0: 3 0x0000000080001268 (0xe1df7fc3) c1_fflags 0x0000000000000001 f31 0xffffffff3f7ffffc
core   0: 0x000000008000126c (0x00302273) csrr    tp, fcsr
core   0: 3 0x000000008000126c (0x00302273) x4  0x0000000000000001
core   0: 0x0000000080001270 (0x75f0a827) fsw     ft11, 1872(ra)
core   0: 3 0x0000000080001270 (0x75f0a827) mem 0x000000008000c868 0x3f7ffffc
core   0: 0x0000000080001274 (0x7440bc23) sd      tp, 1880(ra)
core   0: 3 0x0000000080001274 (0x7440bc23) mem 0x000000008000c870 0x0000000000000001
core   0: >>>>  inst_37750
core   0: 0x0000000080001278 (0x5881af07) flw     ft10, 1416(gp)
core   0: 3 0x0000000080001278 (0x5881af07) f30 0xffffffff7f3ca1e4 mem 0x000000008000a598
core   0: 0x000000008000127c (0x58c1ae87) flw     ft9, 1420(gp)
core   0: 3 0x000000008000127c (0x58c1ae87) f29 0xffffffff002b6daa mem 0x000000008000a59c
core   0: 0x0000000080001280 (0x5901ae07) flw     ft8, 1424(gp)
core   0: 3 0x0000000080001280 (0x5901ae07) f28 0xffffffff2980000f mem 0x000000008000a5a0
core   0: 0x0000000080001284 (0x00000113) li      sp, 0
core   0: 3 0x0000000080001284 (0x00000113) x2  0x0000000000000000
core   0: 0x0000000080001288 (0x00311073) csrw    fcsr, sp
core   0: 3 0x0000000080001288 (0x00311073) c1_fflags 0x0000000000000000 c2_frm 0x0000000000000000
core   0: 0x000000008000128c (0xe1df7fc3) fmadd.s ft11, ft10, ft9, ft8
core   0: 3 0x000000008000128c (0xe1df7fc3) c1_fflags 0x0000000000000001 f31 0xffffffff3f7ffffc
core   0: 0x0000000080001290 (0x00302273) csrr    tp, fcsr
core   0: 3 0x0000000080001290 (0x00302273) x4  0x0000000000000001
core   0: 0x0000000080001294 (0x77f0a027) fsw     ft11, 1888(ra)
core   0: 3 0x0000000080001294 (0x77f0a027) mem 0x000000008000c878 0x3f7ffffc
core   0: 0x0000000080001298 (0x7640b423) sd      tp, 1896(ra)
core   0: 3 0x0000000080001298 (0x7640b423) mem 0x000000008000c880 0x0000000000000001
core   0: >>>>  inst_37751
core   0: 0x000000008000129c (0x5941af07) flw     ft10, 1428(gp)
core   0: 3 0x000000008000129c (0x5941af07) f30 0xffffffff7f3ca1e4 mem 0x000000008000a5a4
core   0: 0x00000000800012a0 (0x5981ae87) flw     ft9, 1432(gp)
core   0: 3 0x00000000800012a0 (0x5981ae87) f29 0xffffffff002b6daa mem 0x000000008000a5a8
core   0: 0x00000000800012a4 (0x59c1ae07) flw     ft8, 1436(gp)
core   0: 3 0x00000000800012a4 (0x59c1ae07) f28 0xffffffff2980001f mem 0x000000008000a5ac
core   0: 0x00000000800012a8 (0x00000113) li      sp, 0
core   0: 3 0x00000000800012a8 (0x00000113) x2  0x0000000000000000
core   0: 0x00000000800012ac (0x00311073) csrw    fcsr, sp
core   0: 3 0x00000000800012ac (0x00311073) c1_fflags 0x0000000000000000 c2_frm 0x0000000000000000
core   0: 0x00000000800012b0 (0xe1df7fc3) fmadd.s ft11, ft10, ft9, ft8
core   0: 3 0x00000000800012b0 (0xe1df7fc3) c1_fflags 0x0000000000000001 f31 0xffffffff3f7ffffc
core   0: 0x00000000800012b4 (0x00302273) csrr    tp, fcsr
core   0: 3 0x00000000800012b4 (0x00302273) x4  0x0000000000000001
core   0: 0x00000000800012b8 (0x77f0a827) fsw     ft11, 1904(ra)
core   0: 3 0x00000000800012b8 (0x77f0a827) mem 0x000000008000c888 0x3f7ffffc
core   0: 0x00000000800012bc (0x7640bc23) sd      tp, 1912(ra)
core   0: 3 0x00000000800012bc (0x7640bc23) mem 0x000000008000c890 0x0000000000000001
core   0: >>>>  inst_37752
core   0: 0x00000000800012c0 (0x5a01af07) flw     ft10, 1440(gp)
core   0: 3 0x00000000800012c0 (0x5a01af07) f30 0xffffffff7f3ca1e4 mem 0x000000008000a5b0
core   0: 0x00000000800012c4 (0x5a41ae87) flw     ft9, 1444(gp)
core   0: 3 0x00000000800012c4 (0x5a41ae87) f29 0xffffffff002b6daa mem 0x000000008000a5b4
core   0: 0x00000000800012c8 (0x5a81ae07) flw     ft8, 1448(gp)
core   0: 3 0x00000000800012c8 (0x5a81ae07) f28 0xffffffff2980003f mem 0x000000008000a5b8
core   0: 0x00000000800012cc (0x00000113) li      sp, 0
core   0: 3 0x00000000800012cc (0x00000113) x2  0x0000000000000000
core   0: 0x00000000800012d0 (0x00311073) csrw    fcsr, sp
core   0: 3 0x00000000800012d0 (0x00311073) c1_fflags 0x0000000000000000 c2_frm 0x0000000000000000
core   0: 0x00000000800012d4 (0xe1df7fc3) fmadd.s ft11, ft10, ft9, ft8
core   0: 3 0x00000000800012d4 (0xe1df7fc3) c1_fflags 0x0000000000000001 f31 0xffffffff3f7ffffc
core   0: 0x00000000800012d8 (0x00302273) csrr    tp, fcsr
core   0: 3 0x00000000800012d8 (0x00302273) x4  0x0000000000000001
core   0: 0x00000000800012dc (0x79f0a027) fsw     ft11, 1920(ra)
core   0: 3 0x00000000800012dc (0x79f0a027) mem 0x000000008000c898 0x3f7ffffc
core   0: 0x00000000800012e0 (0x7840b423) sd      tp, 1928(ra)
core   0: 3 0x00000000800012e0 (0x7840b423) mem 0x000000008000c8a0 0x0000000000000001
core   0: >>>>  inst_37753
core   0: 0x00000000800012e4 (0x5ac1af07) flw     ft10, 1452(gp)
core   0: 3 0x00000000800012e4 (0x5ac1af07) f30 0xffffffff7f3ca1e4 mem 0x000000008000a5bc
core   0: 0x00000000800012e8 (0x5b01ae87) flw     ft9, 1456(gp)
core   0: 3 0x00000000800012e8 (0x5b01ae87) f29 0xffffffff002b6daa mem 0x000000008000a5c0
core   0: 0x00000000800012ec (0x5b41ae07) flw     ft8, 1460(gp)
core   0: 3 0x00000000800012ec (0x5b41ae07) f28 0xffffffff2980007f mem 0x000000008000a5c4
core   0: 0x00000000800012f0 (0x00000113) li      sp, 0
core   0: 3 0x00000000800012f0 (0x00000113) x2  0x0000000000000000
core   0: 0x00000000800012f4 (0x00311073) csrw    fcsr, sp
core   0: 3 0x00000000800012f4 (0x00311073) c1_fflags 0x0000000000000000 c2_frm 0x0000000000000000
core   0: 0x00000000800012f8 (0xe1df7fc3) fmadd.s ft11, ft10, ft9, ft8
core   0: 3 0x00000000800012f8 (0xe1df7fc3) c1_fflags 0x0000000000000001 f31 0xffffffff3f7ffffc
core   0: 0x00000000800012fc (0x00302273) csrr    tp, fcsr
core   0: 3 0x00000000800012fc (0x00302273) x4  0x0000000000000001
core   0: 0x0000000080001300 (0x79f0a827) fsw     ft11, 1936(ra)
core   0: 3 0x0000000080001300 (0x79f0a827) mem 0x000000008000c8a8 0x3f7ffffc
core   0: 0x0000000080001304 (0x7840bc23) sd      tp, 1944(ra)
core   0: 3 0x0000000080001304 (0x7840bc23) mem 0x000000008000c8b0 0x0000000000000001
core   0: >>>>  inst_37754
core   0: 0x0000000080001308 (0x5b81af07) flw     ft10, 1464(gp)
core   0: 3 0x0000000080001308 (0x5b81af07) f30 0xffffffff7f3ca1e4 mem 0x000000008000a5c8
core   0: 0x000000008000130c (0x5bc1ae87) flw     ft9, 1468(gp)
core   0: 3 0x000000008000130c (0x5bc1ae87) f29 0xffffffff002b6daa mem 0x000000008000a5cc
core   0: 0x0000000080001310 (0x5c01ae07) flw     ft8, 1472(gp)
core   0: 3 0x0000000080001310 (0x5c01ae07) f28 0xffffffff298000ff mem 0x000000008000a5d0
core   0: 0x0000000080001314 (0x00000113) li      sp, 0
core   0: 3 0x0000000080001314 (0x00000113) x2  0x0000000000000000
core   0: 0x0000000080001318 (0x00311073) csrw    fcsr, sp
core   0: 3 0x0000000080001318 (0x00311073) c1_fflags 0x0000000000000000 c2_frm 0x0000000000000000
core   0: 0x000000008000131c (0xe1df7fc3) fmadd.s ft11, ft10, ft9, ft8
core   0: 3 0x000000008000131c (0xe1df7fc3) c1_fflags 0x0000000000000001 f31 0xffffffff3f7ffffc
core   0: 0x0000000080001320 (0x00302273) csrr    tp, fcsr
core   0: 3 0x0000000080001320 (0x00302273) x4  0x0000000000000001
core   0: 0x0000000080001324 (0x7bf0a027) fsw     ft11, 1952(ra)
core   0: 3 0x0000000080001324 (0x7bf0a027) mem 0x000000008000c8b8 0x3f7ffffc
core   0: 0x0000000080001328 (0x7a40b423) sd      tp, 1960(ra)
core   0: 3 0x0000000080001328 (0x7a40b423) mem 0x000000008000c8c0 0x0000000000000001
core   0: >>>>  inst_37755
core   0: 0x000000008000132c (0x5c41af07) flw     ft10, 1476(gp)
core   0: 3 0x000000008000132c (0x5c41af07) f30 0xffffffff7f3ca1e4 mem 0x000000008000a5d4
core   0: 0x0000000080001330 (0x5c81ae87) flw     ft9, 1480(gp)
core   0: 3 0x0000000080001330 (0x5c81ae87) f29 0xffffffff002b6daa mem 0x000000008000a5d8
core   0: 0x0000000080001334 (0x5cc1ae07) flw     ft8, 1484(gp)
core   0: 3 0x0000000080001334 (0x5cc1ae07) f28 0xffffffff298001ff mem 0x000000008000a5dc
core   0: 0x0000000080001338 (0x00000113) li      sp, 0
core   0: 3 0x0000000080001338 (0x00000113) x2  0x0000000000000000
core   0: 0x000000008000133c (0x00311073) csrw    fcsr, sp
core   0: 3 0x000000008000133c (0x00311073) c1_fflags 0x0000000000000000 c2_frm 0x0000000000000000
core   0: 0x0000000080001340 (0xe1df7fc3) fmadd.s ft11, ft10, ft9, ft8
core   0: 3 0x0000000080001340 (0xe1df7fc3) c1_fflags 0x0000000000000001 f31 0xffffffff3f7ffffc
core   0: 0x0000000080001344 (0x00302273) csrr    tp, fcsr
core   0: 3 0x0000000080001344 (0x00302273) x4  0x0000000000000001
core   0: 0x0000000080001348 (0x7bf0a827) fsw     ft11, 1968(ra)
core   0: 3 0x0000000080001348 (0x7bf0a827) mem 0x000000008000c8c8 0x3f7ffffc
core   0: 0x000000008000134c (0x7a40bc23) sd      tp, 1976(ra)
core   0: 3 0x000000008000134c (0x7a40bc23) mem 0x000000008000c8d0 0x0000000000000001
core   0: >>>>  inst_37756
core   0: 0x0000000080001350 (0x5d01af07) flw     ft10, 1488(gp)
core   0: 3 0x0000000080001350 (0x5d01af07) f30 0xffffffff7f3ca1e4 mem 0x000000008000a5e0
core   0: 0x0000000080001354 (0x5d41ae87) flw     ft9, 1492(gp)
core   0: 3 0x0000000080001354 (0x5d41ae87) f29 0xffffffff002b6daa mem 0x000000008000a5e4
core   0: 0x0000000080001358 (0x5d81ae07) flw     ft8, 1496(gp)
core   0: 3 0x0000000080001358 (0x5d81ae07) f28 0xffffffff298003ff mem 0x000000008000a5e8
core   0: 0x000000008000135c (0x00000113) li      sp, 0
core   0: 3 0x000000008000135c (0x00000113) x2  0x0000000000000000
core   0: 0x0000000080001360 (0x00311073) csrw    fcsr, sp
core   0: 3 0x0000000080001360 (0x00311073) c1_fflags 0x0000000000000000 c2_frm 0x0000000000000000
core   0: 0x0000000080001364 (0xe1df7fc3) fmadd.s ft11, ft10, ft9, ft8
core   0: 3 0x0000000080001364 (0xe1df7fc3) c1_fflags 0x0000000000000001 f31 0xffffffff3f7ffffc
core   0: 0x0000000080001368 (0x00302273) csrr    tp, fcsr
core   0: 3 0x0000000080001368 (0x00302273) x4  0x0000000000000001
core   0: 0x000000008000136c (0x7df0a027) fsw     ft11, 1984(ra)
core   0: 3 0x000000008000136c (0x7df0a027) mem 0x000000008000c8d8 0x3f7ffffc
core   0: 0x0000000080001370 (0x7c40b423) sd      tp, 1992(ra)
core   0: 3 0x0000000080001370 (0x7c40b423) mem 0x000000008000c8e0 0x0000000000000001
core   0: >>>>  inst_37757
core   0: 0x0000000080001374 (0x5dc1af07) flw     ft10, 1500(gp)
core   0: 3 0x0000000080001374 (0x5dc1af07) f30 0xffffffff7f3ca1e4 mem 0x000000008000a5ec
core   0: 0x0000000080001378 (0x5e01ae87) flw     ft9, 1504(gp)
core   0: 3 0x0000000080001378 (0x5e01ae87) f29 0xffffffff002b6daa mem 0x000000008000a5f0
core   0: 0x000000008000137c (0x5e41ae07) flw     ft8, 1508(gp)
core   0: 3 0x000000008000137c (0x5e41ae07) f28 0xffffffff298007ff mem 0x000000008000a5f4
core   0: 0x0000000080001380 (0x00000113) li      sp, 0
core   0: 3 0x0000000080001380 (0x00000113) x2  0x0000000000000000
core   0: 0x0000000080001384 (0x00311073) csrw    fcsr, sp
core   0: 3 0x0000000080001384 (0x00311073) c1_fflags 0x0000000000000000 c2_frm 0x0000000000000000
core   0: 0x0000000080001388 (0xe1df7fc3) fmadd.s ft11, ft10, ft9, ft8
core   0: 3 0x0000000080001388 (0xe1df7fc3) c1_fflags 0x0000000000000001 f31 0xffffffff3f7ffffc
core   0: 0x000000008000138c (0x00302273) csrr    tp, fcsr
core   0: 3 0x000000008000138c (0x00302273) x4  0x0000000000000001
core   0: 0x0000000080001390 (0x7df0a827) fsw     ft11, 2000(ra)
core   0: 3 0x0000000080001390 (0x7df0a827) mem 0x000000008000c8e8 0x3f7ffffc
core   0: 0x0000000080001394 (0x7c40bc23) sd      tp, 2008(ra)
core   0: 3 0x0000000080001394 (0x7c40bc23) mem 0x000000008000c8f0 0x0000000000000001
core   0: >>>>  inst_37758
core   0: 0x0000000080001398 (0x5e81af07) flw     ft10, 1512(gp)
core   0: 3 0x0000000080001398 (0x5e81af07) f30 0xffffffff7f3ca1e4 mem 0x000000008000a5f8
core   0: 0x000000008000139c (0x5ec1ae87) flw     ft9, 1516(gp)
core   0: 3 0x000000008000139c (0x5ec1ae87) f29 0xffffffff002b6daa mem 0x000000008000a5fc
core   0: 0x00000000800013a0 (0x5f01ae07) flw     ft8, 1520(gp)
core   0: 3 0x00000000800013a0 (0x5f01ae07) f28 0xffffffff29800fff mem 0x000000008000a600
core   0: 0x00000000800013a4 (0x00000113) li      sp, 0
core   0: 3 0x00000000800013a4 (0x00000113) x2  0x0000000000000000
core   0: 0x00000000800013a8 (0x00311073) csrw    fcsr, sp
core   0: 3 0x00000000800013a8 (0x00311073) c1_fflags 0x0000000000000000 c2_frm 0x0000000000000000
core   0: 0x00000000800013ac (0xe1df7fc3) fmadd.s ft11, ft10, ft9, ft8
core   0: 3 0x00000000800013ac (0xe1df7fc3) c1_fflags 0x0000000000000001 f31 0xffffffff3f7ffffc
core   0: 0x00000000800013b0 (0x00302273) csrr    tp, fcsr
core   0: 3 0x00000000800013b0 (0x00302273) x4  0x0000000000000001
core   0: 0x00000000800013b4 (0x7ff0a027) fsw     ft11, 2016(ra)
core   0: 3 0x00000000800013b4 (0x7ff0a027) mem 0x000000008000c8f8 0x3f7ffffc
core   0: 0x00000000800013b8 (0x7e40b423) sd      tp, 2024(ra)
core   0: 3 0x00000000800013b8 (0x7e40b423) mem 0x000000008000c900 0x0000000000000001
core   0: >>>>  inst_37759
core   0: 0x00000000800013bc (0x5f41af07) flw     ft10, 1524(gp)
core   0: 3 0x00000000800013bc (0x5f41af07) f30 0xffffffff7f3ca1e4 mem 0x000000008000a604
core   0: 0x00000000800013c0 (0x5f81ae87) flw     ft9, 1528(gp)
core   0: 3 0x00000000800013c0 (0x5f81ae87) f29 0xffffffff002b6daa mem 0x000000008000a608
core   0: 0x00000000800013c4 (0x5fc1ae07) flw     ft8, 1532(gp)
core   0: 3 0x00000000800013c4 (0x5fc1ae07) f28 0xffffffff29801fff mem 0x000000008000a60c
core   0: 0x00000000800013c8 (0x00000113) li      sp, 0
core   0: 3 0x00000000800013c8 (0x00000113) x2  0x0000000000000000
core   0: 0x00000000800013cc (0x00311073) csrw    fcsr, sp
core   0: 3 0x00000000800013cc (0x00311073) c1_fflags 0x0000000000000000 c2_frm 0x0000000000000000
core   0: 0x00000000800013d0 (0xe1df7fc3) fmadd.s ft11, ft10, ft9, ft8
core   0: 3 0x00000000800013d0 (0xe1df7fc3) c1_fflags 0x0000000000000001 f31 0xffffffff3f7ffffc
core   0: 0x00000000800013d4 (0x00302273) csrr    tp, fcsr
core   0: 3 0x00000000800013d4 (0x00302273) x4  0x0000000000000001
core   0: 0x00000000800013d8 (0x7ff0a827) fsw     ft11, 2032(ra)
core   0: 3 0x00000000800013d8 (0x7ff0a827) mem 0x000000008000c908 0x3f7ffffc
core   0: 0x00000000800013dc (0x7e40bc23) sd      tp, 2040(ra)
core   0: 3 0x00000000800013dc (0x7e40bc23) mem 0x000000008000c910 0x0000000000000001
core   0: 0x00000000800013e0 (0x0000b097) auipc   ra, 0xb
core   0: 3 0x00000000800013e0 (0x0000b097) x1  0x000000008000c3e0
core   0: 0x00000000800013e4 (0x53808093) addi    ra, ra, 1336
core   0: 3 0x00000000800013e4 (0x53808093) x1  0x000000008000c918
core   0: 0x00000000800013e8 (0x00000013) nop
core   0: 3 0x00000000800013e8 (0x00000013)
core   0: 0x00000000800013ec (0x00000013) nop
core   0: 3 0x00000000800013ec (0x00000013)
core   0: 0x00000000800013f0 (0x00000013) nop
core   0: 3 0x00000000800013f0 (0x00000013)
core   0: 0x00000000800013f4 (0x00000013) nop
core   0: 3 0x00000000800013f4 (0x00000013)
core   0: 0x00000000800013f8 (0x00000013) nop
core   0: 3 0x00000000800013f8 (0x00000013)
core   0: 0x00000000800013fc (0x00000013) nop
core   0: 3 0x00000000800013fc (0x00000013)
core   0: >>>>  inst_37760
core   0: 0x0000000080001400 (0x6001af07) flw     ft10, 1536(gp)
core   0: 3 0x0000000080001400 (0x6001af07) f30 0xffffffff7f3ca1e4 mem 0x000000008000a610
core   0: 0x0000000080001404 (0x6041ae87) flw     ft9, 1540(gp)
core   0: 3 0x0000000080001404 (0x6041ae87) f29 0xffffffff002b6daa mem 0x000000008000a614
core   0: 0x0000000080001408 (0x6081ae07) flw     ft8, 1544(gp)
core   0: 3 0x0000000080001408 (0x6081ae07) f28 0xffffffff29803fff mem 0x000000008000a618
core   0: 0x000000008000140c (0x00000113) li      sp, 0
core   0: 3 0x000000008000140c (0x00000113) x2  0x0000000000000000
core   0: 0x0000000080001410 (0x00311073) csrw    fcsr, sp
core   0: 3 0x0000000080001410 (0x00311073) c1_fflags 0x0000000000000000 c2_frm 0x0000000000000000
core   0: 0x0000000080001414 (0xe1df7fc3) fmadd.s ft11, ft10, ft9, ft8
core   0: 3 0x0000000080001414 (0xe1df7fc3) c1_fflags 0x0000000000000001 f31 0xffffffff3f7ffffc
core   0: 0x0000000080001418 (0x00302273) csrr    tp, fcsr
core   0: 3 0x0000000080001418 (0x00302273) x4  0x0000000000000001
core   0: 0x000000008000141c (0x01f0a027) fsw     ft11, 0(ra)
core   0: 3 0x000000008000141c (0x01f0a027) mem 0x000000008000c918 0x3f7ffffc
core   0: 0x0000000080001420 (0x0040b423) sd      tp, 8(ra)
core   0: 3 0x0000000080001420 (0x0040b423) mem 0x000000008000c920 0x0000000000000001
core   0: >>>>  inst_37761
core   0: 0x0000000080001424 (0x60c1af07) flw     ft10, 1548(gp)
core   0: 3 0x0000000080001424 (0x60c1af07) f30 0xffffffff7f3ca1e4 mem 0x000000008000a61c
core   0: 0x0000000080001428 (0x6101ae87) flw     ft9, 1552(gp)
core   0: 3 0x0000000080001428 (0x6101ae87) f29 0xffffffff002b6daa mem 0x000000008000a620
core   0: 0x000000008000142c (0x6141ae07) flw     ft8, 1556(gp)
core   0: 3 0x000000008000142c (0x6141ae07) f28 0xffffffff29807fff mem 0x000000008000a624
core   0: 0x0000000080001430 (0x00000113) li      sp, 0
core   0: 3 0x0000000080001430 (0x00000113) x2  0x0000000000000000
core   0: 0x0000000080001434 (0x00311073) csrw    fcsr, sp
core   0: 3 0x0000000080001434 (0x00311073) c1_fflags 0x0000000000000000 c2_frm 0x0000000000000000
core   0: 0x0000000080001438 (0xe1df7fc3) fmadd.s ft11, ft10, ft9, ft8
core   0: 3 0x0000000080001438 (0xe1df7fc3) c1_fflags 0x0000000000000001 f31 0xffffffff3f7ffffc
core   0: 0x000000008000143c (0x00302273) csrr    tp, fcsr
core   0: 3 0x000000008000143c (0x00302273) x4  0x0000000000000001
core   0: 0x0000000080001440 (0x01f0a827) fsw     ft11, 16(ra)
core   0: 3 0x0000000080001440 (0x01f0a827) mem 0x000000008000c928 0x3f7ffffc
core   0: 0x0000000080001444 (0x0040bc23) sd      tp, 24(ra)
core   0: 3 0x0000000080001444 (0x0040bc23) mem 0x000000008000c930 0x0000000000000001
core   0: >>>>  inst_37762
core   0: 0x0000000080001448 (0x6181af07) flw     ft10, 1560(gp)
core   0: 3 0x0000000080001448 (0x6181af07) f30 0xffffffff7f3ca1e4 mem 0x000000008000a628
core   0: 0x000000008000144c (0x61c1ae87) flw     ft9, 1564(gp)
core   0: 3 0x000000008000144c (0x61c1ae87) f29 0xffffffff002b6daa mem 0x000000008000a62c
core   0: 0x0000000080001450 (0x6201ae07) flw     ft8, 1568(gp)
core   0: 3 0x0000000080001450 (0x6201ae07) f28 0xffffffff2980ffff mem 0x000000008000a630
core   0: 0x0000000080001454 (0x00000113) li      sp, 0
core   0: 3 0x0000000080001454 (0x00000113) x2  0x0000000000000000
core   0: 0x0000000080001458 (0x00311073) csrw    fcsr, sp
core   0: 3 0x0000000080001458 (0x00311073) c1_fflags 0x0000000000000000 c2_frm 0x0000000000000000
core   0: 0x000000008000145c (0xe1df7fc3) fmadd.s ft11, ft10, ft9, ft8
core   0: 3 0x000000008000145c (0xe1df7fc3) c1_fflags 0x0000000000000001 f31 0xffffffff3f7ffffc
core   0: 0x0000000080001460 (0x00302273) csrr    tp, fcsr
core   0: 3 0x0000000080001460 (0x00302273) x4  0x0000000000000001
core   0: 0x0000000080001464 (0x03f0a027) fsw     ft11, 32(ra)
core   0: 3 0x0000000080001464 (0x03f0a027) mem 0x000000008000c938 0x3f7ffffc
core   0: 0x0000000080001468 (0x0240b423) sd      tp, 40(ra)
core   0: 3 0x0000000080001468 (0x0240b423) mem 0x000000008000c940 0x0000000000000001
core   0: >>>>  inst_37763
core   0: 0x000000008000146c (0x6241af07) flw     ft10, 1572(gp)
core   0: 3 0x000000008000146c (0x6241af07) f30 0xffffffff7f3ca1e4 mem 0x000000008000a634
core   0: 0x0000000080001470 (0x6281ae87) flw     ft9, 1576(gp)
core   0: 3 0x0000000080001470 (0x6281ae87) f29 0xffffffff002b6daa mem 0x000000008000a638
core   0: 0x0000000080001474 (0x62c1ae07) flw     ft8, 1580(gp)
core   0: 3 0x0000000080001474 (0x62c1ae07) f28 0xffffffff2981ffff mem 0x000000008000a63c
core   0: 0x0000000080001478 (0x00000113) li      sp, 0
core   0: 3 0x0000000080001478 (0x00000113) x2  0x0000000000000000
core   0: 0x000000008000147c (0x00311073) csrw    fcsr, sp
core   0: 3 0x000000008000147c (0x00311073) c1_fflags 0x0000000000000000 c2_frm 0x0000000000000000
core   0: 0x0000000080001480 (0xe1df7fc3) fmadd.s ft11, ft10, ft9, ft8
core   0: 3 0x0000000080001480 (0xe1df7fc3) c1_fflags 0x0000000000000001 f31 0xffffffff3f7ffffc
core   0: 0x0000000080001484 (0x00302273) csrr    tp, fcsr
core   0: 3 0x0000000080001484 (0x00302273) x4  0x0000000000000001
core   0: 0x0000000080001488 (0x03f0a827) fsw     ft11, 48(ra)
core   0: 3 0x0000000080001488 (0x03f0a827) mem 0x000000008000c948 0x3f7ffffc
core   0: 0x000000008000148c (0x0240bc23) sd      tp, 56(ra)
core   0: 3 0x000000008000148c (0x0240bc23) mem 0x000000008000c950 0x0000000000000001
core   0: >>>>  inst_37764
core   0: 0x0000000080001490 (0x6301af07) flw     ft10, 1584(gp)
core   0: 3 0x0000000080001490 (0x6301af07) f30 0xffffffff7f3ca1e4 mem 0x000000008000a640
core   0: 0x0000000080001494 (0x6341ae87) flw     ft9, 1588(gp)
core   0: 3 0x0000000080001494 (0x6341ae87) f29 0xffffffff002b6daa mem 0x000000008000a644
core   0: 0x0000000080001498 (0x6381ae07) flw     ft8, 1592(gp)
core   0: 3 0x0000000080001498 (0x6381ae07) f28 0xffffffff2983ffff mem 0x000000008000a648
core   0: 0x000000008000149c (0x00000113) li      sp, 0
core   0: 3 0x000000008000149c (0x00000113) x2  0x0000000000000000
core   0: 0x00000000800014a0 (0x00311073) csrw    fcsr, sp
core   0: 3 0x00000000800014a0 (0x00311073) c1_fflags 0x0000000000000000 c2_frm 0x0000000000000000
core   0: 0x00000000800014a4 (0xe1df7fc3) fmadd.s ft11, ft10, ft9, ft8
core   0: 3 0x00000000800014a4 (0xe1df7fc3) c1_fflags 0x0000000000000001 f31 0xffffffff3f7ffffc
core   0: 0x00000000800014a8 (0x00302273) csrr    tp, fcsr
core   0: 3 0x00000000800014a8 (0x00302273) x4  0x0000000000000001
core   0: 0x00000000800014ac (0x05f0a027) fsw     ft11, 64(ra)
core   0: 3 0x00000000800014ac (0x05f0a027) mem 0x000000008000c958 0x3f7ffffc
core   0: 0x00000000800014b0 (0x0440b423) sd      tp, 72(ra)
core   0: 3 0x00000000800014b0 (0x0440b423) mem 0x000000008000c960 0x0000000000000001
core   0: >>>>  inst_37765
core   0: 0x00000000800014b4 (0x63c1af07) flw     ft10, 1596(gp)
core   0: 3 0x00000000800014b4 (0x63c1af07) f30 0xffffffff7f3ca1e4 mem 0x000000008000a64c
core   0: 0x00000000800014b8 (0x6401ae87) flw     ft9, 1600(gp)
core   0: 3 0x00000000800014b8 (0x6401ae87) f29 0xffffffff002b6daa mem 0x000000008000a650
core   0: 0x00000000800014bc (0x6441ae07) flw     ft8, 1604(gp)
core   0: 3 0x00000000800014bc (0x6441ae07) f28 0xffffffff2987ffff mem 0x000000008000a654
core   0: 0x00000000800014c0 (0x00000113) li      sp, 0
core   0: 3 0x00000000800014c0 (0x00000113) x2  0x0000000000000000
core   0: 0x00000000800014c4 (0x00311073) csrw    fcsr, sp
core   0: 3 0x00000000800014c4 (0x00311073) c1_fflags 0x0000000000000000 c2_frm 0x0000000000000000
core   0: 0x00000000800014c8 (0xe1df7fc3) fmadd.s ft11, ft10, ft9, ft8
core   0: 3 0x00000000800014c8 (0xe1df7fc3) c1_fflags 0x0000000000000001 f31 0xffffffff3f7ffffc
core   0: 0x00000000800014cc (0x00302273) csrr    tp, fcsr
core   0: 3 0x00000000800014cc (0x00302273) x4  0x0000000000000001
core   0: 0x00000000800014d0 (0x05f0a827) fsw     ft11, 80(ra)
core   0: 3 0x00000000800014d0 (0x05f0a827) mem 0x000000008000c968 0x3f7ffffc
core   0: 0x00000000800014d4 (0x0440bc23) sd      tp, 88(ra)
core   0: 3 0x00000000800014d4 (0x0440bc23) mem 0x000000008000c970 0x0000000000000001
core   0: >>>>  inst_37766
core   0: 0x00000000800014d8 (0x6481af07) flw     ft10, 1608(gp)
core   0: 3 0x00000000800014d8 (0x6481af07) f30 0xffffffff7f3ca1e4 mem 0x000000008000a658
core   0: 0x00000000800014dc (0x64c1ae87) flw     ft9, 1612(gp)
core   0: 3 0x00000000800014dc (0x64c1ae87) f29 0xffffffff002b6daa mem 0x000000008000a65c
core   0: 0x00000000800014e0 (0x6501ae07) flw     ft8, 1616(gp)
core   0: 3 0x00000000800014e0 (0x6501ae07) f28 0xffffffff298fffff mem 0x000000008000a660
core   0: 0x00000000800014e4 (0x00000113) li      sp, 0
core   0: 3 0x00000000800014e4 (0x00000113) x2  0x0000000000000000
core   0: 0x00000000800014e8 (0x00311073) csrw    fcsr, sp
core   0: 3 0x00000000800014e8 (0x00311073) c1_fflags 0x0000000000000000 c2_frm 0x0000000000000000
core   0: 0x00000000800014ec (0xe1df7fc3) fmadd.s ft11, ft10, ft9, ft8
core   0: 3 0x00000000800014ec (0xe1df7fc3) c1_fflags 0x0000000000000001 f31 0xffffffff3f7ffffc
core   0: 0x00000000800014f0 (0x00302273) csrr    tp, fcsr
core   0: 3 0x00000000800014f0 (0x00302273) x4  0x0000000000000001
core   0: 0x00000000800014f4 (0x07f0a027) fsw     ft11, 96(ra)
core   0: 3 0x00000000800014f4 (0x07f0a027) mem 0x000000008000c978 0x3f7ffffc
core   0: 0x00000000800014f8 (0x0640b423) sd      tp, 104(ra)
core   0: 3 0x00000000800014f8 (0x0640b423) mem 0x000000008000c980 0x0000000000000001
core   0: >>>>  inst_37767
core   0: 0x00000000800014fc (0x6541af07) flw     ft10, 1620(gp)
core   0: 3 0x00000000800014fc (0x6541af07) f30 0xffffffff7f3ca1e4 mem 0x000000008000a664
core   0: 0x0000000080001500 (0x6581ae87) flw     ft9, 1624(gp)
core   0: 3 0x0000000080001500 (0x6581ae87) f29 0xffffffff002b6daa mem 0x000000008000a668
core   0: 0x0000000080001504 (0x65c1ae07) flw     ft8, 1628(gp)
core   0: 3 0x0000000080001504 (0x65c1ae07) f28 0xffffffff299fffff mem 0x000000008000a66c
core   0: 0x0000000080001508 (0x00000113) li      sp, 0
core   0: 3 0x0000000080001508 (0x00000113) x2  0x0000000000000000
core   0: 0x000000008000150c (0x00311073) csrw    fcsr, sp
core   0: 3 0x000000008000150c (0x00311073) c1_fflags 0x0000000000000000 c2_frm 0x0000000000000000
core   0: 0x0000000080001510 (0xe1df7fc3) fmadd.s ft11, ft10, ft9, ft8
core   0: 3 0x0000000080001510 (0xe1df7fc3) c1_fflags 0x0000000000000001 f31 0xffffffff3f7ffffc
core   0: 0x0000000080001514 (0x00302273) csrr    tp, fcsr
core   0: 3 0x0000000080001514 (0x00302273) x4  0x0000000000000001
core   0: 0x0000000080001518 (0x07f0a827) fsw     ft11, 112(ra)
core   0: 3 0x0000000080001518 (0x07f0a827) mem 0x000000008000c988 0x3f7ffffc
core   0: 0x000000008000151c (0x0640bc23) sd      tp, 120(ra)
core   0: 3 0x000000008000151c (0x0640bc23) mem 0x000000008000c990 0x0000000000000001
core   0: >>>>  inst_37768
core   0: 0x0000000080001520 (0x6601af07) flw     ft10, 1632(gp)
core   0: 3 0x0000000080001520 (0x6601af07) f30 0xffffffff7f3ca1e4 mem 0x000000008000a670
core   0: 0x0000000080001524 (0x6641ae87) flw     ft9, 1636(gp)
core   0: 3 0x0000000080001524 (0x6641ae87) f29 0xffffffff002b6daa mem 0x000000008000a674
core   0: 0x0000000080001528 (0x6681ae07) flw     ft8, 1640(gp)
core   0: 3 0x0000000080001528 (0x6681ae07) f28 0xffffffff29bfffff mem 0x000000008000a678
core   0: 0x000000008000152c (0x00000113) li      sp, 0
core   0: 3 0x000000008000152c (0x00000113) x2  0x0000000000000000
core   0: 0x0000000080001530 (0x00311073) csrw    fcsr, sp
core   0: 3 0x0000000080001530 (0x00311073) c1_fflags 0x0000000000000000 c2_frm 0x0000000000000000
core   0: 0x0000000080001534 (0xe1df7fc3) fmadd.s ft11, ft10, ft9, ft8
core   0: 3 0x0000000080001534 (0xe1df7fc3) c1_fflags 0x0000000000000001 f31 0xffffffff3f7ffffc
core   0: 0x0000000080001538 (0x00302273) csrr    tp, fcsr
core   0: 3 0x0000000080001538 (0x00302273) x4  0x0000000000000001
core   0: 0x000000008000153c (0x09f0a027) fsw     ft11, 128(ra)
core   0: 3 0x000000008000153c (0x09f0a027) mem 0x000000008000c998 0x3f7ffffc
core   0: 0x0000000080001540 (0x0840b423) sd      tp, 136(ra)
core   0: 3 0x0000000080001540 (0x0840b423) mem 0x000000008000c9a0 0x0000000000000001
core   0: >>>>  inst_37769
core   0: 0x0000000080001544 (0x66c1af07) flw     ft10, 1644(gp)
core   0: 3 0x0000000080001544 (0x66c1af07) f30 0xffffffff7f3ca1e4 mem 0x000000008000a67c
core   0: 0x0000000080001548 (0x6701ae87) flw     ft9, 1648(gp)
core   0: 3 0x0000000080001548 (0x6701ae87) f29 0xffffffff002b6daa mem 0x000000008000a680
core   0: 0x000000008000154c (0x6741ae07) flw     ft8, 1652(gp)
core   0: 3 0x000000008000154c (0x6741ae07) f28 0xffffffff29c00000 mem 0x000000008000a684
core   0: 0x0000000080001550 (0x00000113) li      sp, 0
core   0: 3 0x0000000080001550 (0x00000113) x2  0x0000000000000000
core   0: 0x0000000080001554 (0x00311073) csrw    fcsr, sp
core   0: 3 0x0000000080001554 (0x00311073) c1_fflags 0x0000000000000000 c2_frm 0x0000000000000000
core   0: 0x0000000080001558 (0xe1df7fc3) fmadd.s ft11, ft10, ft9, ft8
core   0: 3 0x0000000080001558 (0xe1df7fc3) c1_fflags 0x0000000000000001 f31 0xffffffff3f7ffffc
core   0: 0x000000008000155c (0x00302273) csrr    tp, fcsr
core   0: 3 0x000000008000155c (0x00302273) x4  0x0000000000000001
core   0: 0x0000000080001560 (0x09f0a827) fsw     ft11, 144(ra)
core   0: 3 0x0000000080001560 (0x09f0a827) mem 0x000000008000c9a8 0x3f7ffffc
core   0: 0x0000000080001564 (0x0840bc23) sd      tp, 152(ra)
core   0: 3 0x0000000080001564 (0x0840bc23) mem 0x000000008000c9b0 0x0000000000000001
core   0: >>>>  inst_37770
core   0: 0x0000000080001568 (0x6781af07) flw     ft10, 1656(gp)
core   0: 3 0x0000000080001568 (0x6781af07) f30 0xffffffff7f3ca1e4 mem 0x000000008000a688
core   0: 0x000000008000156c (0x67c1ae87) flw     ft9, 1660(gp)
core   0: 3 0x000000008000156c (0x67c1ae87) f29 0xffffffff002b6daa mem 0x000000008000a68c
core   0: 0x0000000080001570 (0x6801ae07) flw     ft8, 1664(gp)
core   0: 3 0x0000000080001570 (0x6801ae07) f28 0xffffffff29e00000 mem 0x000000008000a690
core   0: 0x0000000080001574 (0x00000113) li      sp, 0
core   0: 3 0x0000000080001574 (0x00000113) x2  0x0000000000000000
core   0: 0x0000000080001578 (0x00311073) csrw    fcsr, sp
core   0: 3 0x0000000080001578 (0x00311073) c1_fflags 0x0000000000000000 c2_frm 0x0000000000000000
core   0: 0x000000008000157c (0xe1df7fc3) fmadd.s ft11, ft10, ft9, ft8
core   0: 3 0x000000008000157c (0xe1df7fc3) c1_fflags 0x0000000000000001 f31 0xffffffff3f7ffffc
core   0: 0x0000000080001580 (0x00302273) csrr    tp, fcsr
core   0: 3 0x0000000080001580 (0x00302273) x4  0x0000000000000001
core   0: 0x0000000080001584 (0x0bf0a027) fsw     ft11, 160(ra)
core   0: 3 0x0000000080001584 (0x0bf0a027) mem 0x000000008000c9b8 0x3f7ffffc
core   0: 0x0000000080001588 (0x0a40b423) sd      tp, 168(ra)
core   0: 3 0x0000000080001588 (0x0a40b423) mem 0x000000008000c9c0 0x0000000000000001
core   0: >>>>  inst_37771
core   0: 0x000000008000158c (0x6841af07) flw     ft10, 1668(gp)
core   0: 3 0x000000008000158c (0x6841af07) f30 0xffffffff7f3ca1e4 mem 0x000000008000a694
core   0: 0x0000000080001590 (0x6881ae87) flw     ft9, 1672(gp)
core   0: 3 0x0000000080001590 (0x6881ae87) f29 0xffffffff002b6daa mem 0x000000008000a698
core   0: 0x0000000080001594 (0x68c1ae07) flw     ft8, 1676(gp)
core   0: 3 0x0000000080001594 (0x68c1ae07) f28 0xffffffff29f00000 mem 0x000000008000a69c
core   0: 0x0000000080001598 (0x00000113) li      sp, 0
core   0: 3 0x0000000080001598 (0x00000113) x2  0x0000000000000000
core   0: 0x000000008000159c (0x00311073) csrw    fcsr, sp
core   0: 3 0x000000008000159c (0x00311073) c1_fflags 0x0000000000000000 c2_frm 0x0000000000000000
core   0: 0x00000000800015a0 (0xe1df7fc3) fmadd.s ft11, ft10, ft9, ft8
core   0: 3 0x00000000800015a0 (0xe1df7fc3) c1_fflags 0x0000000000000001 f31 0xffffffff3f7ffffc
core   0: 0x00000000800015a4 (0x00302273) csrr    tp, fcsr
core   0: 3 0x00000000800015a4 (0x00302273) x4  0x0000000000000001
core   0: 0x00000000800015a8 (0x0bf0a827) fsw     ft11, 176(ra)
core   0: 3 0x00000000800015a8 (0x0bf0a827) mem 0x000000008000c9c8 0x3f7ffffc
core   0: 0x00000000800015ac (0x0a40bc23) sd      tp, 184(ra)
core   0: 3 0x00000000800015ac (0x0a40bc23) mem 0x000000008000c9d0 0x0000000000000001
core   0: >>>>  inst_37772
core   0: 0x00000000800015b0 (0x6901af07) flw     ft10, 1680(gp)
core   0: 3 0x00000000800015b0 (0x6901af07) f30 0xffffffff7f3ca1e4 mem 0x000000008000a6a0
core   0: 0x00000000800015b4 (0x6941ae87) flw     ft9, 1684(gp)
core   0: 3 0x00000000800015b4 (0x6941ae87) f29 0xffffffff002b6daa mem 0x000000008000a6a4
core   0: 0x00000000800015b8 (0x6981ae07) flw     ft8, 1688(gp)
core   0: 3 0x00000000800015b8 (0x6981ae07) f28 0xffffffff29f80000 mem 0x000000008000a6a8
core   0: 0x00000000800015bc (0x00000113) li      sp, 0
core   0: 3 0x00000000800015bc (0x00000113) x2  0x0000000000000000
core   0: 0x00000000800015c0 (0x00311073) csrw    fcsr, sp
core   0: 3 0x00000000800015c0 (0x00311073) c1_fflags 0x0000000000000000 c2_frm 0x0000000000000000
core   0: 0x00000000800015c4 (0xe1df7fc3) fmadd.s ft11, ft10, ft9, ft8
core   0: 3 0x00000000800015c4 (0xe1df7fc3) c1_fflags 0x0000000000000001 f31 0xffffffff3f7ffffc
core   0: 0x00000000800015c8 (0x00302273) csrr    tp, fcsr
core   0: 3 0x00000000800015c8 (0x00302273) x4  0x0000000000000001
core   0: 0x00000000800015cc (0x0df0a027) fsw     ft11, 192(ra)
core   0: 3 0x00000000800015cc (0x0df0a027) mem 0x000000008000c9d8 0x3f7ffffc
core   0: 0x00000000800015d0 (0x0c40b423) sd      tp, 200(ra)
core   0: 3 0x00000000800015d0 (0x0c40b423) mem 0x000000008000c9e0 0x0000000000000001
core   0: >>>>  inst_37773
core   0: 0x00000000800015d4 (0x69c1af07) flw     ft10, 1692(gp)
core   0: 3 0x00000000800015d4 (0x69c1af07) f30 0xffffffff7f3ca1e4 mem 0x000000008000a6ac
core   0: 0x00000000800015d8 (0x6a01ae87) flw     ft9, 1696(gp)
core   0: 3 0x00000000800015d8 (0x6a01ae87) f29 0xffffffff002b6daa mem 0x000000008000a6b0
core   0: 0x00000000800015dc (0x6a41ae07) flw     ft8, 1700(gp)
core   0: 3 0x00000000800015dc (0x6a41ae07) f28 0xffffffff29fc0000 mem 0x000000008000a6b4
core   0: 0x00000000800015e0 (0x00000113) li      sp, 0
core   0: 3 0x00000000800015e0 (0x00000113) x2  0x0000000000000000
core   0: 0x00000000800015e4 (0x00311073) csrw    fcsr, sp
core   0: 3 0x00000000800015e4 (0x00311073) c1_fflags 0x0000000000000000 c2_frm 0x0000000000000000
core   0: 0x00000000800015e8 (0xe1df7fc3) fmadd.s ft11, ft10, ft9, ft8
core   0: 3 0x00000000800015e8 (0xe1df7fc3) c1_fflags 0x0000000000000001 f31 0xffffffff3f7ffffc
core   0: 0x00000000800015ec (0x00302273) csrr    tp, fcsr
core   0: 3 0x00000000800015ec (0x00302273) x4  0x0000000000000001
core   0: 0x00000000800015f0 (0x0df0a827) fsw     ft11, 208(ra)
core   0: 3 0x00000000800015f0 (0x0df0a827) mem 0x000000008000c9e8 0x3f7ffffc
core   0: 0x00000000800015f4 (0x0c40bc23) sd      tp, 216(ra)
core   0: 3 0x00000000800015f4 (0x0c40bc23) mem 0x000000008000c9f0 0x0000000000000001
core   0: >>>>  inst_37774
core   0: 0x00000000800015f8 (0x6a81af07) flw     ft10, 1704(gp)
core   0: 3 0x00000000800015f8 (0x6a81af07) f30 0xffffffff7f3ca1e4 mem 0x000000008000a6b8
core   0: 0x00000000800015fc (0x6ac1ae87) flw     ft9, 1708(gp)
core   0: 3 0x00000000800015fc (0x6ac1ae87) f29 0xffffffff002b6daa mem 0x000000008000a6bc
core   0: 0x0000000080001600 (0x6b01ae07) flw     ft8, 1712(gp)
core   0: 3 0x0000000080001600 (0x6b01ae07) f28 0xffffffff29fe0000 mem 0x000000008000a6c0
core   0: 0x0000000080001604 (0x00000113) li      sp, 0
core   0: 3 0x0000000080001604 (0x00000113) x2  0x0000000000000000
core   0: 0x0000000080001608 (0x00311073) csrw    fcsr, sp
core   0: 3 0x0000000080001608 (0x00311073) c1_fflags 0x0000000000000000 c2_frm 0x0000000000000000
core   0: 0x000000008000160c (0xe1df7fc3) fmadd.s ft11, ft10, ft9, ft8
core   0: 3 0x000000008000160c (0xe1df7fc3) c1_fflags 0x0000000000000001 f31 0xffffffff3f7ffffc
core   0: 0x0000000080001610 (0x00302273) csrr    tp, fcsr
core   0: 3 0x0000000080001610 (0x00302273) x4  0x0000000000000001
core   0: 0x0000000080001614 (0x0ff0a027) fsw     ft11, 224(ra)
core   0: 3 0x0000000080001614 (0x0ff0a027) mem 0x000000008000c9f8 0x3f7ffffc
core   0: 0x0000000080001618 (0x0e40b423) sd      tp, 232(ra)
core   0: 3 0x0000000080001618 (0x0e40b423) mem 0x000000008000ca00 0x0000000000000001
core   0: >>>>  inst_37775
core   0: 0x000000008000161c (0x6b41af07) flw     ft10, 1716(gp)
core   0: 3 0x000000008000161c (0x6b41af07) f30 0xffffffff7f3ca1e4 mem 0x000000008000a6c4
core   0: 0x0000000080001620 (0x6b81ae87) flw     ft9, 1720(gp)
core   0: 3 0x0000000080001620 (0x6b81ae87) f29 0xffffffff002b6daa mem 0x000000008000a6c8
core   0: 0x0000000080001624 (0x6bc1ae07) flw     ft8, 1724(gp)
core   0: 3 0x0000000080001624 (0x6bc1ae07) f28 0xffffffff29ff0000 mem 0x000000008000a6cc
core   0: 0x0000000080001628 (0x00000113) li      sp, 0
core   0: 3 0x0000000080001628 (0x00000113) x2  0x0000000000000000
core   0: 0x000000008000162c (0x00311073) csrw    fcsr, sp
core   0: 3 0x000000008000162c (0x00311073) c1_fflags 0x0000000000000000 c2_frm 0x0000000000000000
core   0: 0x0000000080001630 (0xe1df7fc3) fmadd.s ft11, ft10, ft9, ft8
core   0: 3 0x0000000080001630 (0xe1df7fc3) c1_fflags 0x0000000000000001 f31 0xffffffff3f7ffffc
core   0: 0x0000000080001634 (0x00302273) csrr    tp, fcsr
core   0: 3 0x0000000080001634 (0x00302273) x4  0x0000000000000001
core   0: 0x0000000080001638 (0x0ff0a827) fsw     ft11, 240(ra)
core   0: 3 0x0000000080001638 (0x0ff0a827) mem 0x000000008000ca08 0x3f7ffffc
core   0: 0x000000008000163c (0x0e40bc23) sd      tp, 248(ra)
core   0: 3 0x000000008000163c (0x0e40bc23) mem 0x000000008000ca10 0x0000000000000001
core   0: >>>>  inst_37776
core   0: 0x0000000080001640 (0x6c01af07) flw     ft10, 1728(gp)
core   0: 3 0x0000000080001640 (0x6c01af07) f30 0xffffffff7f3ca1e4 mem 0x000000008000a6d0
core   0: 0x0000000080001644 (0x6c41ae87) flw     ft9, 1732(gp)
core   0: 3 0x0000000080001644 (0x6c41ae87) f29 0xffffffff002b6daa mem 0x000000008000a6d4
core   0: 0x0000000080001648 (0x6c81ae07) flw     ft8, 1736(gp)
core   0: 3 0x0000000080001648 (0x6c81ae07) f28 0xffffffff29ff8000 mem 0x000000008000a6d8
core   0: 0x000000008000164c (0x00000113) li      sp, 0
core   0: 3 0x000000008000164c (0x00000113) x2  0x0000000000000000
core   0: 0x0000000080001650 (0x00311073) csrw    fcsr, sp
core   0: 3 0x0000000080001650 (0x00311073) c1_fflags 0x0000000000000000 c2_frm 0x0000000000000000
core   0: 0x0000000080001654 (0xe1df7fc3) fmadd.s ft11, ft10, ft9, ft8
core   0: 3 0x0000000080001654 (0xe1df7fc3) c1_fflags 0x0000000000000001 f31 0xffffffff3f7ffffc
core   0: 0x0000000080001658 (0x00302273) csrr    tp, fcsr
core   0: 3 0x0000000080001658 (0x00302273) x4  0x0000000000000001
core   0: 0x000000008000165c (0x11f0a027) fsw     ft11, 256(ra)
core   0: 3 0x000000008000165c (0x11f0a027) mem 0x000000008000ca18 0x3f7ffffc
core   0: 0x0000000080001660 (0x1040b423) sd      tp, 264(ra)
core   0: 3 0x0000000080001660 (0x1040b423) mem 0x000000008000ca20 0x0000000000000001
core   0: >>>>  inst_37777
core   0: 0x0000000080001664 (0x6cc1af07) flw     ft10, 1740(gp)
core   0: 3 0x0000000080001664 (0x6cc1af07) f30 0xffffffff7f3ca1e4 mem 0x000000008000a6dc
core   0: 0x0000000080001668 (0x6d01ae87) flw     ft9, 1744(gp)
core   0: 3 0x0000000080001668 (0x6d01ae87) f29 0xffffffff002b6daa mem 0x000000008000a6e0
core   0: 0x000000008000166c (0x6d41ae07) flw     ft8, 1748(gp)
core   0: 3 0x000000008000166c (0x6d41ae07) f28 0xffffffff29ffc000 mem 0x000000008000a6e4
core   0: 0x0000000080001670 (0x00000113) li      sp, 0
core   0: 3 0x0000000080001670 (0x00000113) x2  0x0000000000000000
core   0: 0x0000000080001674 (0x00311073) csrw    fcsr, sp
core   0: 3 0x0000000080001674 (0x00311073) c1_fflags 0x0000000000000000 c2_frm 0x0000000000000000
core   0: 0x0000000080001678 (0xe1df7fc3) fmadd.s ft11, ft10, ft9, ft8
core   0: 3 0x0000000080001678 (0xe1df7fc3) c1_fflags 0x0000000000000001 f31 0xffffffff3f7ffffc
core   0: 0x000000008000167c (0x00302273) csrr    tp, fcsr
core   0: 3 0x000000008000167c (0x00302273) x4  0x0000000000000001
core   0: 0x0000000080001680 (0x11f0a827) fsw     ft11, 272(ra)
core   0: 3 0x0000000080001680 (0x11f0a827) mem 0x000000008000ca28 0x3f7ffffc
core   0: 0x0000000080001684 (0x1040bc23) sd      tp, 280(ra)
core   0: 3 0x0000000080001684 (0x1040bc23) mem 0x000000008000ca30 0x0000000000000001
core   0: >>>>  inst_37778
core   0: 0x0000000080001688 (0x6d81af07) flw     ft10, 1752(gp)
core   0: 3 0x0000000080001688 (0x6d81af07) f30 0xffffffff7f3ca1e4 mem 0x000000008000a6e8
core   0: 0x000000008000168c (0x6dc1ae87) flw     ft9, 1756(gp)
core   0: 3 0x000000008000168c (0x6dc1ae87) f29 0xffffffff002b6daa mem 0x000000008000a6ec
core   0: 0x0000000080001690 (0x6e01ae07) flw     ft8, 1760(gp)
core   0: 3 0x0000000080001690 (0x6e01ae07) f28 0xffffffff29ffe000 mem 0x000000008000a6f0
core   0: 0x0000000080001694 (0x00000113) li      sp, 0
core   0: 3 0x0000000080001694 (0x00000113) x2  0x0000000000000000
core   0: 0x0000000080001698 (0x00311073) csrw    fcsr, sp
core   0: 3 0x0000000080001698 (0x00311073) c1_fflags 0x0000000000000000 c2_frm 0x0000000000000000
core   0: 0x000000008000169c (0xe1df7fc3) fmadd.s ft11, ft10, ft9, ft8
core   0: 3 0x000000008000169c (0xe1df7fc3) c1_fflags 0x0000000000000001 f31 0xffffffff3f7ffffc
core   0: 0x00000000800016a0 (0x00302273) csrr    tp, fcsr
core   0: 3 0x00000000800016a0 (0x00302273) x4  0x0000000000000001
core   0: 0x00000000800016a4 (0x13f0a027) fsw     ft11, 288(ra)
core   0: 3 0x00000000800016a4 (0x13f0a027) mem 0x000000008000ca38 0x3f7ffffc
core   0: 0x00000000800016a8 (0x1240b423) sd      tp, 296(ra)
core   0: 3 0x00000000800016a8 (0x1240b423) mem 0x000000008000ca40 0x0000000000000001
core   0: >>>>  inst_37779
core   0: 0x00000000800016ac (0x6e41af07) flw     ft10, 1764(gp)
core   0: 3 0x00000000800016ac (0x6e41af07) f30 0xffffffff7f3ca1e4 mem 0x000000008000a6f4
core   0: 0x00000000800016b0 (0x6e81ae87) flw     ft9, 1768(gp)
core   0: 3 0x00000000800016b0 (0x6e81ae87) f29 0xffffffff002b6daa mem 0x000000008000a6f8
core   0: 0x00000000800016b4 (0x6ec1ae07) flw     ft8, 1772(gp)
core   0: 3 0x00000000800016b4 (0x6ec1ae07) f28 0xffffffff29fff000 mem 0x000000008000a6fc
core   0: 0x00000000800016b8 (0x00000113) li      sp, 0
core   0: 3 0x00000000800016b8 (0x00000113) x2  0x0000000000000000
core   0: 0x00000000800016bc (0x00311073) csrw    fcsr, sp
core   0: 3 0x00000000800016bc (0x00311073) c1_fflags 0x0000000000000000 c2_frm 0x0000000000000000
core   0: 0x00000000800016c0 (0xe1df7fc3) fmadd.s ft11, ft10, ft9, ft8
core   0: 3 0x00000000800016c0 (0xe1df7fc3) c1_fflags 0x0000000000000001 f31 0xffffffff3f7ffffc
core   0: 0x00000000800016c4 (0x00302273) csrr    tp, fcsr
core   0: 3 0x00000000800016c4 (0x00302273) x4  0x0000000000000001
core   0: 0x00000000800016c8 (0x13f0a827) fsw     ft11, 304(ra)
core   0: 3 0x00000000800016c8 (0x13f0a827) mem 0x000000008000ca48 0x3f7ffffc
core   0: 0x00000000800016cc (0x1240bc23) sd      tp, 312(ra)
core   0: 3 0x00000000800016cc (0x1240bc23) mem 0x000000008000ca50 0x0000000000000001
core   0: >>>>  inst_37780
core   0: 0x00000000800016d0 (0x6f01af07) flw     ft10, 1776(gp)
core   0: 3 0x00000000800016d0 (0x6f01af07) f30 0xffffffff7f3ca1e4 mem 0x000000008000a700
core   0: 0x00000000800016d4 (0x6f41ae87) flw     ft9, 1780(gp)
core   0: 3 0x00000000800016d4 (0x6f41ae87) f29 0xffffffff002b6daa mem 0x000000008000a704
core   0: 0x00000000800016d8 (0x6f81ae07) flw     ft8, 1784(gp)
core   0: 3 0x00000000800016d8 (0x6f81ae07) f28 0xffffffff29fff800 mem 0x000000008000a708
core   0: 0x00000000800016dc (0x00000113) li      sp, 0
core   0: 3 0x00000000800016dc (0x00000113) x2  0x0000000000000000
core   0: 0x00000000800016e0 (0x00311073) csrw    fcsr, sp
core   0: 3 0x00000000800016e0 (0x00311073) c1_fflags 0x0000000000000000 c2_frm 0x0000000000000000
core   0: 0x00000000800016e4 (0xe1df7fc3) fmadd.s ft11, ft10, ft9, ft8
core   0: 3 0x00000000800016e4 (0xe1df7fc3) c1_fflags 0x0000000000000001 f31 0xffffffff3f7ffffc
core   0: 0x00000000800016e8 (0x00302273) csrr    tp, fcsr
core   0: 3 0x00000000800016e8 (0x00302273) x4  0x0000000000000001
core   0: 0x00000000800016ec (0x15f0a027) fsw     ft11, 320(ra)
core   0: 3 0x00000000800016ec (0x15f0a027) mem 0x000000008000ca58 0x3f7ffffc
core   0: 0x00000000800016f0 (0x1440b423) sd      tp, 328(ra)
core   0: 3 0x00000000800016f0 (0x1440b423) mem 0x000000008000ca60 0x0000000000000001
core   0: >>>>  inst_37781
core   0: 0x00000000800016f4 (0x6fc1af07) flw     ft10, 1788(gp)
core   0: 3 0x00000000800016f4 (0x6fc1af07) f30 0xffffffff7f3ca1e4 mem 0x000000008000a70c
core   0: 0x00000000800016f8 (0x7001ae87) flw     ft9, 1792(gp)
core   0: 3 0x00000000800016f8 (0x7001ae87) f29 0xffffffff002b6daa mem 0x000000008000a710
core   0: 0x00000000800016fc (0x7041ae07) flw     ft8, 1796(gp)
core   0: 3 0x00000000800016fc (0x7041ae07) f28 0xffffffff29fffc00 mem 0x000000008000a714
core   0: 0x0000000080001700 (0x00000113) li      sp, 0
core   0: 3 0x0000000080001700 (0x00000113) x2  0x0000000000000000
core   0: 0x0000000080001704 (0x00311073) csrw    fcsr, sp
core   0: 3 0x0000000080001704 (0x00311073) c1_fflags 0x0000000000000000 c2_frm 0x0000000000000000
core   0: 0x0000000080001708 (0xe1df7fc3) fmadd.s ft11, ft10, ft9, ft8
core   0: 3 0x0000000080001708 (0xe1df7fc3) c1_fflags 0x0000000000000001 f31 0xffffffff3f7ffffc
core   0: 0x000000008000170c (0x00302273) csrr    tp, fcsr
core   0: 3 0x000000008000170c (0x00302273) x4  0x0000000000000001
core   0: 0x0000000080001710 (0x15f0a827) fsw     ft11, 336(ra)
core   0: 3 0x0000000080001710 (0x15f0a827) mem 0x000000008000ca68 0x3f7ffffc
core   0: 0x0000000080001714 (0x1440bc23) sd      tp, 344(ra)
core   0: 3 0x0000000080001714 (0x1440bc23) mem 0x000000008000ca70 0x0000000000000001
core   0: >>>>  inst_37782
core   0: 0x0000000080001718 (0x7081af07) flw     ft10, 1800(gp)
core   0: 3 0x0000000080001718 (0x7081af07) f30 0xffffffff7f3ca1e4 mem 0x000000008000a718
core   0: 0x000000008000171c (0x70c1ae87) flw     ft9, 1804(gp)
core   0: 3 0x000000008000171c (0x70c1ae87) f29 0xffffffff002b6daa mem 0x000000008000a71c
core   0: 0x0000000080001720 (0x7101ae07) flw     ft8, 1808(gp)
core   0: 3 0x0000000080001720 (0x7101ae07) f28 0xffffffff29fffe00 mem 0x000000008000a720
core   0: 0x0000000080001724 (0x00000113) li      sp, 0
core   0: 3 0x0000000080001724 (0x00000113) x2  0x0000000000000000
core   0: 0x0000000080001728 (0x00311073) csrw    fcsr, sp
core   0: 3 0x0000000080001728 (0x00311073) c1_fflags 0x0000000000000000 c2_frm 0x0000000000000000
core   0: 0x000000008000172c (0xe1df7fc3) fmadd.s ft11, ft10, ft9, ft8
core   0: 3 0x000000008000172c (0xe1df7fc3) c1_fflags 0x0000000000000001 f31 0xffffffff3f7ffffc
core   0: 0x0000000080001730 (0x00302273) csrr    tp, fcsr
core   0: 3 0x0000000080001730 (0x00302273) x4  0x0000000000000001
core   0: 0x0000000080001734 (0x17f0a027) fsw     ft11, 352(ra)
core   0: 3 0x0000000080001734 (0x17f0a027) mem 0x000000008000ca78 0x3f7ffffc
core   0: 0x0000000080001738 (0x1640b423) sd      tp, 360(ra)
core   0: 3 0x0000000080001738 (0x1640b423) mem 0x000000008000ca80 0x0000000000000001
core   0: >>>>  inst_37783
core   0: 0x000000008000173c (0x7141af07) flw     ft10, 1812(gp)
core   0: 3 0x000000008000173c (0x7141af07) f30 0xffffffff7f3ca1e4 mem 0x000000008000a724
core   0: 0x0000000080001740 (0x7181ae87) flw     ft9, 1816(gp)
core   0: 3 0x0000000080001740 (0x7181ae87) f29 0xffffffff002b6daa mem 0x000000008000a728
core   0: 0x0000000080001744 (0x71c1ae07) flw     ft8, 1820(gp)
core   0: 3 0x0000000080001744 (0x71c1ae07) f28 0xffffffff29ffff00 mem 0x000000008000a72c
core   0: 0x0000000080001748 (0x00000113) li      sp, 0
core   0: 3 0x0000000080001748 (0x00000113) x2  0x0000000000000000
core   0: 0x000000008000174c (0x00311073) csrw    fcsr, sp
core   0: 3 0x000000008000174c (0x00311073) c1_fflags 0x0000000000000000 c2_frm 0x0000000000000000
core   0: 0x0000000080001750 (0xe1df7fc3) fmadd.s ft11, ft10, ft9, ft8
core   0: 3 0x0000000080001750 (0xe1df7fc3) c1_fflags 0x0000000000000001 f31 0xffffffff3f7ffffc
core   0: 0x0000000080001754 (0x00302273) csrr    tp, fcsr
core   0: 3 0x0000000080001754 (0x00302273) x4  0x0000000000000001
core   0: 0x0000000080001758 (0x17f0a827) fsw     ft11, 368(ra)
core   0: 3 0x0000000080001758 (0x17f0a827) mem 0x000000008000ca88 0x3f7ffffc
core   0: 0x000000008000175c (0x1640bc23) sd      tp, 376(ra)
core   0: 3 0x000000008000175c (0x1640bc23) mem 0x000000008000ca90 0x0000000000000001
core   0: >>>>  inst_37784
core   0: 0x0000000080001760 (0x7201af07) flw     ft10, 1824(gp)
core   0: 3 0x0000000080001760 (0x7201af07) f30 0xffffffff7f3ca1e4 mem 0x000000008000a730
core   0: 0x0000000080001764 (0x7241ae87) flw     ft9, 1828(gp)
core   0: 3 0x0000000080001764 (0x7241ae87) f29 0xffffffff002b6daa mem 0x000000008000a734
core   0: 0x0000000080001768 (0x7281ae07) flw     ft8, 1832(gp)
core   0: 3 0x0000000080001768 (0x7281ae07) f28 0xffffffff29ffff80 mem 0x000000008000a738
core   0: 0x000000008000176c (0x00000113) li      sp, 0
core   0: 3 0x000000008000176c (0x00000113) x2  0x0000000000000000
core   0: 0x0000000080001770 (0x00311073) csrw    fcsr, sp
core   0: 3 0x0000000080001770 (0x00311073) c1_fflags 0x0000000000000000 c2_frm 0x0000000000000000
core   0: 0x0000000080001774 (0xe1df7fc3) fmadd.s ft11, ft10, ft9, ft8
core   0: 3 0x0000000080001774 (0xe1df7fc3) c1_fflags 0x0000000000000001 f31 0xffffffff3f7ffffc
core   0: 0x0000000080001778 (0x00302273) csrr    tp, fcsr
core   0: 3 0x0000000080001778 (0x00302273) x4  0x0000000000000001
core   0: 0x000000008000177c (0x19f0a027) fsw     ft11, 384(ra)
core   0: 3 0x000000008000177c (0x19f0a027) mem 0x000000008000ca98 0x3f7ffffc
core   0: 0x0000000080001780 (0x1840b423) sd      tp, 392(ra)
core   0: 3 0x0000000080001780 (0x1840b423) mem 0x000000008000caa0 0x0000000000000001
core   0: >>>>  inst_37785
core   0: 0x0000000080001784 (0x72c1af07) flw     ft10, 1836(gp)
core   0: 3 0x0000000080001784 (0x72c1af07) f30 0xffffffff7f3ca1e4 mem 0x000000008000a73c
core   0: 0x0000000080001788 (0x7301ae87) flw     ft9, 1840(gp)
core   0: 3 0x0000000080001788 (0x7301ae87) f29 0xffffffff002b6daa mem 0x000000008000a740
core   0: 0x000000008000178c (0x7341ae07) flw     ft8, 1844(gp)
core   0: 3 0x000000008000178c (0x7341ae07) f28 0xffffffff29ffffc0 mem 0x000000008000a744
core   0: 0x0000000080001790 (0x00000113) li      sp, 0
core   0: 3 0x0000000080001790 (0x00000113) x2  0x0000000000000000
core   0: 0x0000000080001794 (0x00311073) csrw    fcsr, sp
core   0: 3 0x0000000080001794 (0x00311073) c1_fflags 0x0000000000000000 c2_frm 0x0000000000000000
core   0: 0x0000000080001798 (0xe1df7fc3) fmadd.s ft11, ft10, ft9, ft8
core   0: 3 0x0000000080001798 (0xe1df7fc3) c1_fflags 0x0000000000000001 f31 0xffffffff3f7ffffc
core   0: 0x000000008000179c (0x00302273) csrr    tp, fcsr
core   0: 3 0x000000008000179c (0x00302273) x4  0x0000000000000001
core   0: 0x00000000800017a0 (0x19f0a827) fsw     ft11, 400(ra)
core   0: 3 0x00000000800017a0 (0x19f0a827) mem 0x000000008000caa8 0x3f7ffffc
core   0: 0x00000000800017a4 (0x1840bc23) sd      tp, 408(ra)
core   0: 3 0x00000000800017a4 (0x1840bc23) mem 0x000000008000cab0 0x0000000000000001
core   0: >>>>  inst_37786
core   0: 0x00000000800017a8 (0x7381af07) flw     ft10, 1848(gp)
core   0: 3 0x00000000800017a8 (0x7381af07) f30 0xffffffff7f3ca1e4 mem 0x000000008000a748
core   0: 0x00000000800017ac (0x73c1ae87) flw     ft9, 1852(gp)
core   0: 3 0x00000000800017ac (0x73c1ae87) f29 0xffffffff002b6daa mem 0x000000008000a74c
core   0: 0x00000000800017b0 (0x7401ae07) flw     ft8, 1856(gp)
core   0: 3 0x00000000800017b0 (0x7401ae07) f28 0xffffffff29ffffe0 mem 0x000000008000a750
core   0: 0x00000000800017b4 (0x00000113) li      sp, 0
core   0: 3 0x00000000800017b4 (0x00000113) x2  0x0000000000000000
core   0: 0x00000000800017b8 (0x00311073) csrw    fcsr, sp
core   0: 3 0x00000000800017b8 (0x00311073) c1_fflags 0x0000000000000000 c2_frm 0x0000000000000000
core   0: 0x00000000800017bc (0xe1df7fc3) fmadd.s ft11, ft10, ft9, ft8
core   0: 3 0x00000000800017bc (0xe1df7fc3) c1_fflags 0x0000000000000001 f31 0xffffffff3f7ffffc
core   0: 0x00000000800017c0 (0x00302273) csrr    tp, fcsr
core   0: 3 0x00000000800017c0 (0x00302273) x4  0x0000000000000001
core   0: 0x00000000800017c4 (0x1bf0a027) fsw     ft11, 416(ra)
core   0: 3 0x00000000800017c4 (0x1bf0a027) mem 0x000000008000cab8 0x3f7ffffc
core   0: 0x00000000800017c8 (0x1a40b423) sd      tp, 424(ra)
core   0: 3 0x00000000800017c8 (0x1a40b423) mem 0x000000008000cac0 0x0000000000000001
core   0: >>>>  inst_37787
core   0: 0x00000000800017cc (0x7441af07) flw     ft10, 1860(gp)
core   0: 3 0x00000000800017cc (0x7441af07) f30 0xffffffff7f3ca1e4 mem 0x000000008000a754
core   0: 0x00000000800017d0 (0x7481ae87) flw     ft9, 1864(gp)
core   0: 3 0x00000000800017d0 (0x7481ae87) f29 0xffffffff002b6daa mem 0x000000008000a758
core   0: 0x00000000800017d4 (0x74c1ae07) flw     ft8, 1868(gp)
core   0: 3 0x00000000800017d4 (0x74c1ae07) f28 0xffffffff29fffff0 mem 0x000000008000a75c
core   0: 0x00000000800017d8 (0x00000113) li      sp, 0
core   0: 3 0x00000000800017d8 (0x00000113) x2  0x0000000000000000
core   0: 0x00000000800017dc (0x00311073) csrw    fcsr, sp
core   0: 3 0x00000000800017dc (0x00311073) c1_fflags 0x0000000000000000 c2_frm 0x0000000000000000
core   0: 0x00000000800017e0 (0xe1df7fc3) fmadd.s ft11, ft10, ft9, ft8
core   0: 3 0x00000000800017e0 (0xe1df7fc3) c1_fflags 0x0000000000000001 f31 0xffffffff3f7ffffc
core   0: 0x00000000800017e4 (0x00302273) csrr    tp, fcsr
core   0: 3 0x00000000800017e4 (0x00302273) x4  0x0000000000000001
core   0: 0x00000000800017e8 (0x1bf0a827) fsw     ft11, 432(ra)
core   0: 3 0x00000000800017e8 (0x1bf0a827) mem 0x000000008000cac8 0x3f7ffffc
core   0: 0x00000000800017ec (0x1a40bc23) sd      tp, 440(ra)
core   0: 3 0x00000000800017ec (0x1a40bc23) mem 0x000000008000cad0 0x0000000000000001
core   0: >>>>  inst_37788
core   0: 0x00000000800017f0 (0x7501af07) flw     ft10, 1872(gp)
core   0: 3 0x00000000800017f0 (0x7501af07) f30 0xffffffff7f3ca1e4 mem 0x000000008000a760
core   0: 0x00000000800017f4 (0x7541ae87) flw     ft9, 1876(gp)
core   0: 3 0x00000000800017f4 (0x7541ae87) f29 0xffffffff002b6daa mem 0x000000008000a764
core   0: 0x00000000800017f8 (0x7581ae07) flw     ft8, 1880(gp)
core   0: 3 0x00000000800017f8 (0x7581ae07) f28 0xffffffff29fffff8 mem 0x000000008000a768
core   0: 0x00000000800017fc (0x00000113) li      sp, 0
core   0: 3 0x00000000800017fc (0x00000113) x2  0x0000000000000000
core   0: 0x0000000080001800 (0x00311073) csrw    fcsr, sp
core   0: 3 0x0000000080001800 (0x00311073) c1_fflags 0x0000000000000000 c2_frm 0x0000000000000000
core   0: 0x0000000080001804 (0xe1df7fc3) fmadd.s ft11, ft10, ft9, ft8
core   0: 3 0x0000000080001804 (0xe1df7fc3) c1_fflags 0x0000000000000001 f31 0xffffffff3f7ffffc
core   0: 0x0000000080001808 (0x00302273) csrr    tp, fcsr
core   0: 3 0x0000000080001808 (0x00302273) x4  0x0000000000000001
core   0: 0x000000008000180c (0x1df0a027) fsw     ft11, 448(ra)
core   0: 3 0x000000008000180c (0x1df0a027) mem 0x000000008000cad8 0x3f7ffffc
core   0: 0x0000000080001810 (0x1c40b423) sd      tp, 456(ra)
core   0: 3 0x0000000080001810 (0x1c40b423) mem 0x000000008000cae0 0x0000000000000001
core   0: >>>>  inst_37789
core   0: 0x0000000080001814 (0x75c1af07) flw     ft10, 1884(gp)
core   0: 3 0x0000000080001814 (0x75c1af07) f30 0xffffffff7f3ca1e4 mem 0x000000008000a76c
core   0: 0x0000000080001818 (0x7601ae87) flw     ft9, 1888(gp)
core   0: 3 0x0000000080001818 (0x7601ae87) f29 0xffffffff002b6daa mem 0x000000008000a770
core   0: 0x000000008000181c (0x7641ae07) flw     ft8, 1892(gp)
core   0: 3 0x000000008000181c (0x7641ae07) f28 0xffffffff29fffffc mem 0x000000008000a774
core   0: 0x0000000080001820 (0x00000113) li      sp, 0
core   0: 3 0x0000000080001820 (0x00000113) x2  0x0000000000000000
core   0: 0x0000000080001824 (0x00311073) csrw    fcsr, sp
core   0: 3 0x0000000080001824 (0x00311073) c1_fflags 0x0000000000000000 c2_frm 0x0000000000000000
core   0: 0x0000000080001828 (0xe1df7fc3) fmadd.s ft11, ft10, ft9, ft8
core   0: 3 0x0000000080001828 (0xe1df7fc3) c1_fflags 0x0000000000000001 f31 0xffffffff3f7ffffc
core   0: 0x000000008000182c (0x00302273) csrr    tp, fcsr
core   0: 3 0x000000008000182c (0x00302273) x4  0x0000000000000001
core   0: 0x0000000080001830 (0x1df0a827) fsw     ft11, 464(ra)
core   0: 3 0x0000000080001830 (0x1df0a827) mem 0x000000008000cae8 0x3f7ffffc
core   0: 0x0000000080001834 (0x1c40bc23) sd      tp, 472(ra)
core   0: 3 0x0000000080001834 (0x1c40bc23) mem 0x000000008000caf0 0x0000000000000001
core   0: >>>>  inst_37790
core   0: 0x0000000080001838 (0x7681af07) flw     ft10, 1896(gp)
core   0: 3 0x0000000080001838 (0x7681af07) f30 0xffffffff7f3ca1e4 mem 0x000000008000a778
core   0: 0x000000008000183c (0x76c1ae87) flw     ft9, 1900(gp)
core   0: 3 0x000000008000183c (0x76c1ae87) f29 0xffffffff002b6daa mem 0x000000008000a77c
core   0: 0x0000000080001840 (0x7701ae07) flw     ft8, 1904(gp)
core   0: 3 0x0000000080001840 (0x7701ae07) f28 0xffffffff29fffffe mem 0x000000008000a780
core   0: 0x0000000080001844 (0x00000113) li      sp, 0
core   0: 3 0x0000000080001844 (0x00000113) x2  0x0000000000000000
core   0: 0x0000000080001848 (0x00311073) csrw    fcsr, sp
core   0: 3 0x0000000080001848 (0x00311073) c1_fflags 0x0000000000000000 c2_frm 0x0000000000000000
core   0: 0x000000008000184c (0xe1df7fc3) fmadd.s ft11, ft10, ft9, ft8
core   0: 3 0x000000008000184c (0xe1df7fc3) c1_fflags 0x0000000000000001 f31 0xffffffff3f7ffffc
core   0: 0x0000000080001850 (0x00302273) csrr    tp, fcsr
core   0: 3 0x0000000080001850 (0x00302273) x4  0x0000000000000001
core   0: 0x0000000080001854 (0x1ff0a027) fsw     ft11, 480(ra)
core   0: 3 0x0000000080001854 (0x1ff0a027) mem 0x000000008000caf8 0x3f7ffffc
core   0: 0x0000000080001858 (0x1e40b423) sd      tp, 488(ra)
core   0: 3 0x0000000080001858 (0x1e40b423) mem 0x000000008000cb00 0x0000000000000001
core   0: >>>>  inst_37791
core   0: 0x000000008000185c (0x7741af07) flw     ft10, 1908(gp)
core   0: 3 0x000000008000185c (0x7741af07) f30 0xffffffff7f3ca1e4 mem 0x000000008000a784
core   0: 0x0000000080001860 (0x7781ae87) flw     ft9, 1912(gp)
core   0: 3 0x0000000080001860 (0x7781ae87) f29 0xffffffff002b6daa mem 0x000000008000a788
core   0: 0x0000000080001864 (0x77c1ae07) flw     ft8, 1916(gp)
core   0: 3 0x0000000080001864 (0x77c1ae07) f28 0xffffffff29ffffff mem 0x000000008000a78c
core   0: 0x0000000080001868 (0x00000113) li      sp, 0
core   0: 3 0x0000000080001868 (0x00000113) x2  0x0000000000000000
core   0: 0x000000008000186c (0x00311073) csrw    fcsr, sp
core   0: 3 0x000000008000186c (0x00311073) c1_fflags 0x0000000000000000 c2_frm 0x0000000000000000
core   0: 0x0000000080001870 (0xe1df7fc3) fmadd.s ft11, ft10, ft9, ft8
core   0: 3 0x0000000080001870 (0xe1df7fc3) c1_fflags 0x0000000000000001 f31 0xffffffff3f7ffffc
core   0: 0x0000000080001874 (0x00302273) csrr    tp, fcsr
core   0: 3 0x0000000080001874 (0x00302273) x4  0x0000000000000001
core   0: 0x0000000080001878 (0x1ff0a827) fsw     ft11, 496(ra)
core   0: 3 0x0000000080001878 (0x1ff0a827) mem 0x000000008000cb08 0x3f7ffffc
core   0: 0x000000008000187c (0x1e40bc23) sd      tp, 504(ra)
core   0: 3 0x000000008000187c (0x1e40bc23) mem 0x000000008000cb10 0x0000000000000001
core   0: >>>>  inst_37792
core   0: 0x0000000080001880 (0x7801af07) flw     ft10, 1920(gp)
core   0: 3 0x0000000080001880 (0x7801af07) f30 0xffffffff7f3ca1e4 mem 0x000000008000a790
core   0: 0x0000000080001884 (0x7841ae87) flw     ft9, 1924(gp)
core   0: 3 0x0000000080001884 (0x7841ae87) f29 0xffffffff002b6daa mem 0x000000008000a794
core   0: 0x0000000080001888 (0x7881ae07) flw     ft8, 1928(gp)
core   0: 3 0x0000000080001888 (0x7881ae07) f28 0xffffffff3f800001 mem 0x000000008000a798
core   0: 0x000000008000188c (0x00000113) li      sp, 0
core   0: 3 0x000000008000188c (0x00000113) x2  0x0000000000000000
core   0: 0x0000000080001890 (0x00311073) csrw    fcsr, sp
core   0: 3 0x0000000080001890 (0x00311073) c1_fflags 0x0000000000000000 c2_frm 0x0000000000000000
core   0: 0x0000000080001894 (0xe1df7fc3) fmadd.s ft11, ft10, ft9, ft8
core   0: 3 0x0000000080001894 (0xe1df7fc3) c1_fflags 0x0000000000000001 f31 0xffffffff3fffffff
core   0: 0x0000000080001898 (0x00302273) csrr    tp, fcsr
core   0: 3 0x0000000080001898 (0x00302273) x4  0x0000000000000001
core   0: 0x000000008000189c (0x21f0a027) fsw     ft11, 512(ra)
core   0: 3 0x000000008000189c (0x21f0a027) mem 0x000000008000cb18 0x3fffffff
core   0: 0x00000000800018a0 (0x2040b423) sd      tp, 520(ra)
core   0: 3 0x00000000800018a0 (0x2040b423) mem 0x000000008000cb20 0x0000000000000001
core   0: >>>>  inst_37793
core   0: 0x00000000800018a4 (0x78c1af07) flw     ft10, 1932(gp)
core   0: 3 0x00000000800018a4 (0x78c1af07) f30 0xffffffff7f3ca1e4 mem 0x000000008000a79c
core   0: 0x00000000800018a8 (0x7901ae87) flw     ft9, 1936(gp)
core   0: 3 0x00000000800018a8 (0x7901ae87) f29 0xffffffff002b6daa mem 0x000000008000a7a0
core   0: 0x00000000800018ac (0x7941ae07) flw     ft8, 1940(gp)
core   0: 3 0x00000000800018ac (0x7941ae07) f28 0xffffffff3f800003 mem 0x000000008000a7a4
core   0: 0x00000000800018b0 (0x00000113) li      sp, 0
core   0: 3 0x00000000800018b0 (0x00000113) x2  0x0000000000000000
core   0: 0x00000000800018b4 (0x00311073) csrw    fcsr, sp
core   0: 3 0x00000000800018b4 (0x00311073) c1_fflags 0x0000000000000000 c2_frm 0x0000000000000000
core   0: 0x00000000800018b8 (0xe1df7fc3) fmadd.s ft11, ft10, ft9, ft8
core   0: 3 0x00000000800018b8 (0xe1df7fc3) c1_fflags 0x0000000000000001 f31 0xffffffff40000000
core   0: 0x00000000800018bc (0x00302273) csrr    tp, fcsr
core   0: 3 0x00000000800018bc (0x00302273) x4  0x0000000000000001
core   0: 0x00000000800018c0 (0x21f0a827) fsw     ft11, 528(ra)
core   0: 3 0x00000000800018c0 (0x21f0a827) mem 0x000000008000cb28 0x40000000
core   0: 0x00000000800018c4 (0x2040bc23) sd      tp, 536(ra)
core   0: 3 0x00000000800018c4 (0x2040bc23) mem 0x000000008000cb30 0x0000000000000001
core   0: >>>>  inst_37794
core   0: 0x00000000800018c8 (0x7981af07) flw     ft10, 1944(gp)
core   0: 3 0x00000000800018c8 (0x7981af07) f30 0xffffffff7f3ca1e4 mem 0x000000008000a7a8
core   0: 0x00000000800018cc (0x79c1ae87) flw     ft9, 1948(gp)
core   0: 3 0x00000000800018cc (0x79c1ae87) f29 0xffffffff002b6daa mem 0x000000008000a7ac
core   0: 0x00000000800018d0 (0x7a01ae07) flw     ft8, 1952(gp)
core   0: 3 0x00000000800018d0 (0x7a01ae07) f28 0xffffffff3f800007 mem 0x000000008000a7b0
core   0: 0x00000000800018d4 (0x00000113) li      sp, 0
core   0: 3 0x00000000800018d4 (0x00000113) x2  0x0000000000000000
core   0: 0x00000000800018d8 (0x00311073) csrw    fcsr, sp
core   0: 3 0x00000000800018d8 (0x00311073) c1_fflags 0x0000000000000000 c2_frm 0x0000000000000000
core   0: 0x00000000800018dc (0xe1df7fc3) fmadd.s ft11, ft10, ft9, ft8
core   0: 3 0x00000000800018dc (0xe1df7fc3) c1_fflags 0x0000000000000001 f31 0xffffffff40000002
core   0: 0x00000000800018e0 (0x00302273) csrr    tp, fcsr
core   0: 3 0x00000000800018e0 (0x00302273) x4  0x0000000000000001
core   0: 0x00000000800018e4 (0x23f0a027) fsw     ft11, 544(ra)
core   0: 3 0x00000000800018e4 (0x23f0a027) mem 0x000000008000cb38 0x40000002
core   0: 0x00000000800018e8 (0x2240b423) sd      tp, 552(ra)
core   0: 3 0x00000000800018e8 (0x2240b423) mem 0x000000008000cb40 0x0000000000000001
core   0: >>>>  inst_37795
core   0: 0x00000000800018ec (0x7a41af07) flw     ft10, 1956(gp)
core   0: 3 0x00000000800018ec (0x7a41af07) f30 0xffffffff7f3ca1e4 mem 0x000000008000a7b4
core   0: 0x00000000800018f0 (0x7a81ae87) flw     ft9, 1960(gp)
core   0: 3 0x00000000800018f0 (0x7a81ae87) f29 0xffffffff002b6daa mem 0x000000008000a7b8
core   0: 0x00000000800018f4 (0x7ac1ae07) flw     ft8, 1964(gp)
core   0: 3 0x00000000800018f4 (0x7ac1ae07) f28 0xffffffff3f999999 mem 0x000000008000a7bc
core   0: 0x00000000800018f8 (0x00000113) li      sp, 0
core   0: 3 0x00000000800018f8 (0x00000113) x2  0x0000000000000000
core   0: 0x00000000800018fc (0x00311073) csrw    fcsr, sp
core   0: 3 0x00000000800018fc (0x00311073) c1_fflags 0x0000000000000000 c2_frm 0x0000000000000000
core   0: 0x0000000080001900 (0xe1df7fc3) fmadd.s ft11, ft10, ft9, ft8
core   0: 3 0x0000000080001900 (0xe1df7fc3) c1_fflags 0x0000000000000001 f31 0xffffffff400ccccb
core   0: 0x0000000080001904 (0x00302273) csrr    tp, fcsr
core   0: 3 0x0000000080001904 (0x00302273) x4  0x0000000000000001
core   0: 0x0000000080001908 (0x23f0a827) fsw     ft11, 560(ra)
core   0: 3 0x0000000080001908 (0x23f0a827) mem 0x000000008000cb48 0x400ccccb
core   0: 0x000000008000190c (0x2240bc23) sd      tp, 568(ra)
core   0: 3 0x000000008000190c (0x2240bc23) mem 0x000000008000cb50 0x0000000000000001
core   0: >>>>  inst_37796
core   0: 0x0000000080001910 (0x7b01af07) flw     ft10, 1968(gp)
core   0: 3 0x0000000080001910 (0x7b01af07) f30 0xffffffff7f3ca1e4 mem 0x000000008000a7c0
core   0: 0x0000000080001914 (0x7b41ae87) flw     ft9, 1972(gp)
core   0: 3 0x0000000080001914 (0x7b41ae87) f29 0xffffffff002b6daa mem 0x000000008000a7c4
core   0: 0x0000000080001918 (0x7b81ae07) flw     ft8, 1976(gp)
core   0: 3 0x0000000080001918 (0x7b81ae07) f28 0xffffffff3fa49249 mem 0x000000008000a7c8
core   0: 0x000000008000191c (0x00000113) li      sp, 0
core   0: 3 0x000000008000191c (0x00000113) x2  0x0000000000000000
core   0: 0x0000000080001920 (0x00311073) csrw    fcsr, sp
core   0: 3 0x0000000080001920 (0x00311073) c1_fflags 0x0000000000000000 c2_frm 0x0000000000000000
core   0: 0x0000000080001924 (0xe1df7fc3) fmadd.s ft11, ft10, ft9, ft8
core   0: 3 0x0000000080001924 (0xe1df7fc3) c1_fflags 0x0000000000000001 f31 0xffffffff40124923
core   0: 0x0000000080001928 (0x00302273) csrr    tp, fcsr
core   0: 3 0x0000000080001928 (0x00302273) x4  0x0000000000000001
core   0: 0x000000008000192c (0x25f0a027) fsw     ft11, 576(ra)
core   0: 3 0x000000008000192c (0x25f0a027) mem 0x000000008000cb58 0x40124923
core   0: 0x0000000080001930 (0x2440b423) sd      tp, 584(ra)
core   0: 3 0x0000000080001930 (0x2440b423) mem 0x000000008000cb60 0x0000000000000001
core   0: >>>>  inst_37797
core   0: 0x0000000080001934 (0x7bc1af07) flw     ft10, 1980(gp)
core   0: 3 0x0000000080001934 (0x7bc1af07) f30 0xffffffff7f3ca1e4 mem 0x000000008000a7cc
core   0: 0x0000000080001938 (0x7c01ae87) flw     ft9, 1984(gp)
core   0: 3 0x0000000080001938 (0x7c01ae87) f29 0xffffffff002b6daa mem 0x000000008000a7d0
core   0: 0x000000008000193c (0x7c41ae07) flw     ft8, 1988(gp)
core   0: 3 0x000000008000193c (0x7c41ae07) f28 0xffffffff3fb33333 mem 0x000000008000a7d4
core   0: 0x0000000080001940 (0x00000113) li      sp, 0
core   0: 3 0x0000000080001940 (0x00000113) x2  0x0000000000000000
core   0: 0x0000000080001944 (0x00311073) csrw    fcsr, sp
core   0: 3 0x0000000080001944 (0x00311073) c1_fflags 0x0000000000000000 c2_frm 0x0000000000000000
core   0: 0x0000000080001948 (0xe1df7fc3) fmadd.s ft11, ft10, ft9, ft8
core   0: 3 0x0000000080001948 (0xe1df7fc3) c1_fflags 0x0000000000000001 f31 0xffffffff40199998
core   0: 0x000000008000194c (0x00302273) csrr    tp, fcsr
core   0: 3 0x000000008000194c (0x00302273) x4  0x0000000000000001
core   0: 0x0000000080001950 (0x25f0a827) fsw     ft11, 592(ra)
core   0: 3 0x0000000080001950 (0x25f0a827) mem 0x000000008000cb68 0x40199998
core   0: 0x0000000080001954 (0x2440bc23) sd      tp, 600(ra)
core   0: 3 0x0000000080001954 (0x2440bc23) mem 0x000000008000cb70 0x0000000000000001
core   0: >>>>  inst_37798
core   0: 0x0000000080001958 (0x7c81af07) flw     ft10, 1992(gp)
core   0: 3 0x0000000080001958 (0x7c81af07) f30 0xffffffff7f3ca1e4 mem 0x000000008000a7d8
core   0: 0x000000008000195c (0x7cc1ae87) flw     ft9, 1996(gp)
core   0: 3 0x000000008000195c (0x7cc1ae87) f29 0xffffffff002b6daa mem 0x000000008000a7dc
core   0: 0x0000000080001960 (0x7d01ae07) flw     ft8, 2000(gp)
core   0: 3 0x0000000080001960 (0x7d01ae07) f28 0xffffffff3fb6db6d mem 0x000000008000a7e0
core   0: 0x0000000080001964 (0x00000113) li      sp, 0
core   0: 3 0x0000000080001964 (0x00000113) x2  0x0000000000000000
core   0: 0x0000000080001968 (0x00311073) csrw    fcsr, sp
core   0: 3 0x0000000080001968 (0x00311073) c1_fflags 0x0000000000000000 c2_frm 0x0000000000000000
core   0: 0x000000008000196c (0xe1df7fc3) fmadd.s ft11, ft10, ft9, ft8
core   0: 3 0x000000008000196c (0xe1df7fc3) c1_fflags 0x0000000000000001 f31 0xffffffff401b6db5
core   0: 0x0000000080001970 (0x00302273) csrr    tp, fcsr
core   0: 3 0x0000000080001970 (0x00302273) x4  0x0000000000000001
core   0: 0x0000000080001974 (0x27f0a027) fsw     ft11, 608(ra)
core   0: 3 0x0000000080001974 (0x27f0a027) mem 0x000000008000cb78 0x401b6db5
core   0: 0x0000000080001978 (0x2640b423) sd      tp, 616(ra)
core   0: 3 0x0000000080001978 (0x2640b423) mem 0x000000008000cb80 0x0000000000000001
core   0: >>>>  inst_37799
core   0: 0x000000008000197c (0x7d41af07) flw     ft10, 2004(gp)
core   0: 3 0x000000008000197c (0x7d41af07) f30 0xffffffff7f3ca1e4 mem 0x000000008000a7e4
core   0: 0x0000000080001980 (0x7d81ae87) flw     ft9, 2008(gp)
core   0: 3 0x0000000080001980 (0x7d81ae87) f29 0xffffffff002b6daa mem 0x000000008000a7e8
core   0: 0x0000000080001984 (0x7dc1ae07) flw     ft8, 2012(gp)
core   0: 3 0x0000000080001984 (0x7dc1ae07) f28 0xffffffff3fbbbbbb mem 0x000000008000a7ec
core   0: 0x0000000080001988 (0x00000113) li      sp, 0
core   0: 3 0x0000000080001988 (0x00000113) x2  0x0000000000000000
core   0: 0x000000008000198c (0x00311073) csrw    fcsr, sp
core   0: 3 0x000000008000198c (0x00311073) c1_fflags 0x0000000000000000 c2_frm 0x0000000000000000
core   0: 0x0000000080001990 (0xe1df7fc3) fmadd.s ft11, ft10, ft9, ft8
core   0: 3 0x0000000080001990 (0xe1df7fc3) c1_fflags 0x0000000000000001 f31 0xffffffff401ddddc
core   0: 0x0000000080001994 (0x00302273) csrr    tp, fcsr
core   0: 3 0x0000000080001994 (0x00302273) x4  0x0000000000000001
core   0: 0x0000000080001998 (0x27f0a827) fsw     ft11, 624(ra)
core   0: 3 0x0000000080001998 (0x27f0a827) mem 0x000000008000cb88 0x401ddddc
core   0: 0x000000008000199c (0x2640bc23) sd      tp, 632(ra)
core   0: 3 0x000000008000199c (0x2640bc23) mem 0x000000008000cb90 0x0000000000000001
core   0: >>>>  inst_37800
core   0: 0x00000000800019a0 (0x7e01af07) flw     ft10, 2016(gp)
core   0: 3 0x00000000800019a0 (0x7e01af07) f30 0xffffffff7f3ca1e4 mem 0x000000008000a7f0
core   0: 0x00000000800019a4 (0x7e41ae87) flw     ft9, 2020(gp)
core   0: 3 0x00000000800019a4 (0x7e41ae87) f29 0xffffffff002b6daa mem 0x000000008000a7f4
core   0: 0x00000000800019a8 (0x7e81ae07) flw     ft8, 2024(gp)
core   0: 3 0x00000000800019a8 (0x7e81ae07) f28 0xffffffff3fc44444 mem 0x000000008000a7f8
core   0: 0x00000000800019ac (0x00000113) li      sp, 0
core   0: 3 0x00000000800019ac (0x00000113) x2  0x0000000000000000
core   0: 0x00000000800019b0 (0x00311073) csrw    fcsr, sp
core   0: 3 0x00000000800019b0 (0x00311073) c1_fflags 0x0000000000000000 c2_frm 0x0000000000000000
core   0: 0x00000000800019b4 (0xe1df7fc3) fmadd.s ft11, ft10, ft9, ft8
core   0: 3 0x00000000800019b4 (0xe1df7fc3) c1_fflags 0x0000000000000001 f31 0xffffffff40222221
core   0: 0x00000000800019b8 (0x00302273) csrr    tp, fcsr
core   0: 3 0x00000000800019b8 (0x00302273) x4  0x0000000000000001
core   0: 0x00000000800019bc (0x29f0a027) fsw     ft11, 640(ra)
core   0: 3 0x00000000800019bc (0x29f0a027) mem 0x000000008000cb98 0x40222221
core   0: 0x00000000800019c0 (0x2840b423) sd      tp, 648(ra)
core   0: 3 0x00000000800019c0 (0x2840b423) mem 0x000000008000cba0 0x0000000000000001
core   0: >>>>  inst_37801
core   0: 0x00000000800019c4 (0x7ec1af07) flw     ft10, 2028(gp)
core   0: 3 0x00000000800019c4 (0x7ec1af07) f30 0xffffffff7f3ca1e4 mem 0x000000008000a7fc
core   0: 0x00000000800019c8 (0x7f01ae87) flw     ft9, 2032(gp)
core   0: 3 0x00000000800019c8 (0x7f01ae87) f29 0xffffffff002b6daa mem 0x000000008000a800
core   0: 0x00000000800019cc (0x7f41ae07) flw     ft8, 2036(gp)
core   0: 3 0x00000000800019cc (0x7f41ae07) f28 0xffffffff3fcccccc mem 0x000000008000a804
core   0: 0x00000000800019d0 (0x00000113) li      sp, 0
core   0: 3 0x00000000800019d0 (0x00000113) x2  0x0000000000000000
core   0: 0x00000000800019d4 (0x00311073) csrw    fcsr, sp
core   0: 3 0x00000000800019d4 (0x00311073) c1_fflags 0x0000000000000000 c2_frm 0x0000000000000000
core   0: 0x00000000800019d8 (0xe1df7fc3) fmadd.s ft11, ft10, ft9, ft8
core   0: 3 0x00000000800019d8 (0xe1df7fc3) c1_fflags 0x0000000000000001 f31 0xffffffff40266665
core   0: 0x00000000800019dc (0x00302273) csrr    tp, fcsr
core   0: 3 0x00000000800019dc (0x00302273) x4  0x0000000000000001
core   0: 0x00000000800019e0 (0x29f0a827) fsw     ft11, 656(ra)
core   0: 3 0x00000000800019e0 (0x29f0a827) mem 0x000000008000cba8 0x40266665
core   0: 0x00000000800019e4 (0x2840bc23) sd      tp, 664(ra)
core   0: 3 0x00000000800019e4 (0x2840bc23) mem 0x000000008000cbb0 0x0000000000000001
core   0: >>>>  inst_37802
core   0: 0x00000000800019e8 (0x7f81af07) flw     ft10, 2040(gp)
core   0: 3 0x00000000800019e8 (0x7f81af07) f30 0xffffffff7f3ca1e4 mem 0x000000008000a808
core   0: 0x00000000800019ec (0x7fc1ae87) flw     ft9, 2044(gp)
core   0: 3 0x00000000800019ec (0x7fc1ae87) f29 0xffffffff002b6daa mem 0x000000008000a80c
core   0: 0x00000000800019f0 (0x00100113) li      sp, 1
core   0: 3 0x00000000800019f0 (0x00100113) x2  0x0000000000000001
core   0: 0x00000000800019f4 (0x00c11113) slli    sp, sp, 12
core   0: 3 0x00000000800019f4 (0x00c11113) x2  0x0000000000001000
core   0: 0x00000000800019f8 (0x002181b3) add     gp, gp, sp
core   0: 3 0x00000000800019f8 (0x002181b3) x3  0x000000008000b010
core   0: 0x00000000800019fc (0x8001ae07) flw     ft8, -2048(gp)
core   0: 3 0x00000000800019fc (0x8001ae07) f28 0xffffffff3fdb6db6 mem 0x000000008000a810
core   0: 0x0000000080001a00 (0x402181b3) sub     gp, gp, sp
core   0: 3 0x0000000080001a00 (0x402181b3) x3  0x000000008000a010
core   0: 0x0000000080001a04 (0x00000113) li      sp, 0
core   0: 3 0x0000000080001a04 (0x00000113) x2  0x0000000000000000
core   0: 0x0000000080001a08 (0x00311073) csrw    fcsr, sp
core   0: 3 0x0000000080001a08 (0x00311073) c1_fflags 0x0000000000000000 c2_frm 0x0000000000000000
core   0: 0x0000000080001a0c (0xe1df7fc3) fmadd.s ft11, ft10, ft9, ft8
core   0: 3 0x0000000080001a0c (0xe1df7fc3) c1_fflags 0x0000000000000001 f31 0xffffffff402db6da
core   0: 0x0000000080001a10 (0x00302273) csrr    tp, fcsr
core   0: 3 0x0000000080001a10 (0x00302273) x4  0x0000000000000001
core   0: 0x0000000080001a14 (0x2bf0a027) fsw     ft11, 672(ra)
core   0: 3 0x0000000080001a14 (0x2bf0a027) mem 0x000000008000cbb8 0x402db6da
core   0: 0x0000000080001a18 (0x2a40b423) sd      tp, 680(ra)
core   0: 3 0x0000000080001a18 (0x2a40b423) mem 0x000000008000cbc0 0x0000000000000001
core   0: >>>>  inst_37803
core   0: 0x0000000080001a1c (0x00100113) li      sp, 1
core   0: 3 0x0000000080001a1c (0x00100113) x2  0x0000000000000001
core   0: 0x0000000080001a20 (0x00c11113) slli    sp, sp, 12
core   0: 3 0x0000000080001a20 (0x00c11113) x2  0x0000000000001000
core   0: 0x0000000080001a24 (0x002181b3) add     gp, gp, sp
core   0: 3 0x0000000080001a24 (0x002181b3) x3  0x000000008000b010
core   0: 0x0000000080001a28 (0x8041af07) flw     ft10, -2044(gp)
core   0: 3 0x0000000080001a28 (0x8041af07) f30 0xffffffff7f3ca1e4 mem 0x000000008000a814
core   0: 0x0000000080001a2c (0x402181b3) sub     gp, gp, sp
core   0: 3 0x0000000080001a2c (0x402181b3) x3  0x000000008000a010
core   0: 0x0000000080001a30 (0x00100113) li      sp, 1
core   0: 3 0x0000000080001a30 (0x00100113) x2  0x0000000000000001
core   0: 0x0000000080001a34 (0x00c11113) slli    sp, sp, 12
core   0: 3 0x0000000080001a34 (0x00c11113) x2  0x0000000000001000
core   0: 0x0000000080001a38 (0x002181b3) add     gp, gp, sp
core   0: 3 0x0000000080001a38 (0x002181b3) x3  0x000000008000b010
core   0: 0x0000000080001a3c (0x8081ae87) flw     ft9, -2040(gp)
core   0: 3 0x0000000080001a3c (0x8081ae87) f29 0xffffffff002b6daa mem 0x000000008000a818
core   0: 0x0000000080001a40 (0x402181b3) sub     gp, gp, sp
core   0: 3 0x0000000080001a40 (0x402181b3) x3  0x000000008000a010
core   0: 0x0000000080001a44 (0x00100113) li      sp, 1
core   0: 3 0x0000000080001a44 (0x00100113) x2  0x0000000000000001
core   0: 0x0000000080001a48 (0x00c11113) slli    sp, sp, 12
core   0: 3 0x0000000080001a48 (0x00c11113) x2  0x0000000000001000
core   0: 0x0000000080001a4c (0x002181b3) add     gp, gp, sp
core   0: 3 0x0000000080001a4c (0x002181b3) x3  0x000000008000b010
core   0: 0x0000000080001a50 (0x80c1ae07) flw     ft8, -2036(gp)
core   0: 3 0x0000000080001a50 (0x80c1ae07) f28 0xffffffff3fe66666 mem 0x000000008000a81c
core   0: 0x0000000080001a54 (0x402181b3) sub     gp, gp, sp
core   0: 3 0x0000000080001a54 (0x402181b3) x3  0x000000008000a010
core   0: 0x0000000080001a58 (0x00000113) li      sp, 0
core   0: 3 0x0000000080001a58 (0x00000113) x2  0x0000000000000000
core   0: 0x0000000080001a5c (0x00311073) csrw    fcsr, sp
core   0: 3 0x0000000080001a5c (0x00311073) c1_fflags 0x0000000000000000 c2_frm 0x0000000000000000
core   0: 0x0000000080001a60 (0xe1df7fc3) fmadd.s ft11, ft10, ft9, ft8
core   0: 3 0x0000000080001a60 (0xe1df7fc3) c1_fflags 0x0000000000000001 f31 0xffffffff40333332
core   0: 0x0000000080001a64 (0x00302273) csrr    tp, fcsr
core   0: 3 0x0000000080001a64 (0x00302273) x4  0x0000000000000001
core   0: 0x0000000080001a68 (0x2bf0a827) fsw     ft11, 688(ra)
core   0: 3 0x0000000080001a68 (0x2bf0a827) mem 0x000000008000cbc8 0x40333332
core   0: 0x0000000080001a6c (0x2a40bc23) sd      tp, 696(ra)
core   0: 3 0x0000000080001a6c (0x2a40bc23) mem 0x000000008000cbd0 0x0000000000000001
core   0: >>>>  inst_37804
core   0: 0x0000000080001a70 (0x00100113) li      sp, 1
core   0: 3 0x0000000080001a70 (0x00100113) x2  0x0000000000000001
core   0: 0x0000000080001a74 (0x00c11113) slli    sp, sp, 12
core   0: 3 0x0000000080001a74 (0x00c11113) x2  0x0000000000001000
core   0: 0x0000000080001a78 (0x002181b3) add     gp, gp, sp
core   0: 3 0x0000000080001a78 (0x002181b3) x3  0x000000008000b010
core   0: 0x0000000080001a7c (0x8101af07) flw     ft10, -2032(gp)
core   0: 3 0x0000000080001a7c (0x8101af07) f30 0xffffffff7f3ca1e4 mem 0x000000008000a820
core   0: 0x0000000080001a80 (0x402181b3) sub     gp, gp, sp
core   0: 3 0x0000000080001a80 (0x402181b3) x3  0x000000008000a010
core   0: 0x0000000080001a84 (0x00100113) li      sp, 1
core   0: 3 0x0000000080001a84 (0x00100113) x2  0x0000000000000001
core   0: 0x0000000080001a88 (0x00c11113) slli    sp, sp, 12
core   0: 3 0x0000000080001a88 (0x00c11113) x2  0x0000000000001000
core   0: 0x0000000080001a8c (0x002181b3) add     gp, gp, sp
core   0: 3 0x0000000080001a8c (0x002181b3) x3  0x000000008000b010
core   0: 0x0000000080001a90 (0x8141ae87) flw     ft9, -2028(gp)
core   0: 3 0x0000000080001a90 (0x8141ae87) f29 0xffffffff002b6daa mem 0x000000008000a824
core   0: 0x0000000080001a94 (0x402181b3) sub     gp, gp, sp
core   0: 3 0x0000000080001a94 (0x402181b3) x3  0x000000008000a010
core   0: 0x0000000080001a98 (0x00100113) li      sp, 1
core   0: 3 0x0000000080001a98 (0x00100113) x2  0x0000000000000001
core   0: 0x0000000080001a9c (0x00c11113) slli    sp, sp, 12
core   0: 3 0x0000000080001a9c (0x00c11113) x2  0x0000000000001000
core   0: 0x0000000080001aa0 (0x002181b3) add     gp, gp, sp
core   0: 3 0x0000000080001aa0 (0x002181b3) x3  0x000000008000b010
core   0: 0x0000000080001aa4 (0x8181ae07) flw     ft8, -2024(gp)
core   0: 3 0x0000000080001aa4 (0x8181ae07) f28 0xffffffff3fedb6db mem 0x000000008000a828
core   0: 0x0000000080001aa8 (0x402181b3) sub     gp, gp, sp
core   0: 3 0x0000000080001aa8 (0x402181b3) x3  0x000000008000a010
core   0: 0x0000000080001aac (0x00000113) li      sp, 0
core   0: 3 0x0000000080001aac (0x00000113) x2  0x0000000000000000
core   0: 0x0000000080001ab0 (0x00311073) csrw    fcsr, sp
core   0: 3 0x0000000080001ab0 (0x00311073) c1_fflags 0x0000000000000000 c2_frm 0x0000000000000000
core   0: 0x0000000080001ab4 (0xe1df7fc3) fmadd.s ft11, ft10, ft9, ft8
core   0: 3 0x0000000080001ab4 (0xe1df7fc3) c1_fflags 0x0000000000000001 f31 0xffffffff4036db6c
core   0: 0x0000000080001ab8 (0x00302273) csrr    tp, fcsr
core   0: 3 0x0000000080001ab8 (0x00302273) x4  0x0000000000000001
core   0: 0x0000000080001abc (0x2df0a027) fsw     ft11, 704(ra)
core   0: 3 0x0000000080001abc (0x2df0a027) mem 0x000000008000cbd8 0x4036db6c
core   0: 0x0000000080001ac0 (0x2c40b423) sd      tp, 712(ra)
core   0: 3 0x0000000080001ac0 (0x2c40b423) mem 0x000000008000cbe0 0x0000000000000001
core   0: >>>>  inst_37805
core   0: 0x0000000080001ac4 (0x00100113) li      sp, 1
core   0: 3 0x0000000080001ac4 (0x00100113) x2  0x0000000000000001
core   0: 0x0000000080001ac8 (0x00c11113) slli    sp, sp, 12
core   0: 3 0x0000000080001ac8 (0x00c11113) x2  0x0000000000001000
core   0: 0x0000000080001acc (0x002181b3) add     gp, gp, sp
core   0: 3 0x0000000080001acc (0x002181b3) x3  0x000000008000b010
core   0: 0x0000000080001ad0 (0x81c1af07) flw     ft10, -2020(gp)
core   0: 3 0x0000000080001ad0 (0x81c1af07) f30 0xffffffff7f3ca1e4 mem 0x000000008000a82c
core   0: 0x0000000080001ad4 (0x402181b3) sub     gp, gp, sp
core   0: 3 0x0000000080001ad4 (0x402181b3) x3  0x000000008000a010
core   0: 0x0000000080001ad8 (0x00100113) li      sp, 1
core   0: 3 0x0000000080001ad8 (0x00100113) x2  0x0000000000000001
core   0: 0x0000000080001adc (0x00c11113) slli    sp, sp, 12
core   0: 3 0x0000000080001adc (0x00c11113) x2  0x0000000000001000
core   0: 0x0000000080001ae0 (0x002181b3) add     gp, gp, sp
core   0: 3 0x0000000080001ae0 (0x002181b3) x3  0x000000008000b010
core   0: 0x0000000080001ae4 (0x8201ae87) flw     ft9, -2016(gp)
core   0: 3 0x0000000080001ae4 (0x8201ae87) f29 0xffffffff002b6daa mem 0x000000008000a830
core   0: 0x0000000080001ae8 (0x402181b3) sub     gp, gp, sp
core   0: 3 0x0000000080001ae8 (0x402181b3) x3  0x000000008000a010
core   0: 0x0000000080001aec (0x00100113) li      sp, 1
core   0: 3 0x0000000080001aec (0x00100113) x2  0x0000000000000001
core   0: 0x0000000080001af0 (0x00c11113) slli    sp, sp, 12
core   0: 3 0x0000000080001af0 (0x00c11113) x2  0x0000000000001000
core   0: 0x0000000080001af4 (0x002181b3) add     gp, gp, sp
core   0: 3 0x0000000080001af4 (0x002181b3) x3  0x000000008000b010
core   0: 0x0000000080001af8 (0x8241ae07) flw     ft8, -2012(gp)
core   0: 3 0x0000000080001af8 (0x8241ae07) f28 0xffffffff3ffffff8 mem 0x000000008000a834
core   0: 0x0000000080001afc (0x402181b3) sub     gp, gp, sp
core   0: 3 0x0000000080001afc (0x402181b3) x3  0x000000008000a010
core   0: 0x0000000080001b00 (0x00000113) li      sp, 0
core   0: 3 0x0000000080001b00 (0x00000113) x2  0x0000000000000000
core   0: 0x0000000080001b04 (0x00311073) csrw    fcsr, sp
core   0: 3 0x0000000080001b04 (0x00311073) c1_fflags 0x0000000000000000 c2_frm 0x0000000000000000
core   0: 0x0000000080001b08 (0xe1df7fc3) fmadd.s ft11, ft10, ft9, ft8
core   0: 3 0x0000000080001b08 (0xe1df7fc3) c1_fflags 0x0000000000000001 f31 0xffffffff403ffffb
core   0: 0x0000000080001b0c (0x00302273) csrr    tp, fcsr
core   0: 3 0x0000000080001b0c (0x00302273) x4  0x0000000000000001
core   0: 0x0000000080001b10 (0x2df0a827) fsw     ft11, 720(ra)
core   0: 3 0x0000000080001b10 (0x2df0a827) mem 0x000000008000cbe8 0x403ffffb
core   0: 0x0000000080001b14 (0x2c40bc23) sd      tp, 728(ra)
core   0: 3 0x0000000080001b14 (0x2c40bc23) mem 0x000000008000cbf0 0x0000000000000001
core   0: >>>>  inst_37806
core   0: 0x0000000080001b18 (0x00100113) li      sp, 1
core   0: 3 0x0000000080001b18 (0x00100113) x2  0x0000000000000001
core   0: 0x0000000080001b1c (0x00c11113) slli    sp, sp, 12
core   0: 3 0x0000000080001b1c (0x00c11113) x2  0x0000000000001000
core   0: 0x0000000080001b20 (0x002181b3) add     gp, gp, sp
core   0: 3 0x0000000080001b20 (0x002181b3) x3  0x000000008000b010
core   0: 0x0000000080001b24 (0x8281af07) flw     ft10, -2008(gp)
core   0: 3 0x0000000080001b24 (0x8281af07) f30 0xffffffff7f3ca1e4 mem 0x000000008000a838
core   0: 0x0000000080001b28 (0x402181b3) sub     gp, gp, sp
core   0: 3 0x0000000080001b28 (0x402181b3) x3  0x000000008000a010
core   0: 0x0000000080001b2c (0x00100113) li      sp, 1
core   0: 3 0x0000000080001b2c (0x00100113) x2  0x0000000000000001
core   0: 0x0000000080001b30 (0x00c11113) slli    sp, sp, 12
core   0: 3 0x0000000080001b30 (0x00c11113) x2  0x0000000000001000
core   0: 0x0000000080001b34 (0x002181b3) add     gp, gp, sp
core   0: 3 0x0000000080001b34 (0x002181b3) x3  0x000000008000b010
core   0: 0x0000000080001b38 (0x82c1ae87) flw     ft9, -2004(gp)
core   0: 3 0x0000000080001b38 (0x82c1ae87) f29 0xffffffff002b6daa mem 0x000000008000a83c
core   0: 0x0000000080001b3c (0x402181b3) sub     gp, gp, sp
core   0: 3 0x0000000080001b3c (0x402181b3) x3  0x000000008000a010
core   0: 0x0000000080001b40 (0x00100113) li      sp, 1
core   0: 3 0x0000000080001b40 (0x00100113) x2  0x0000000000000001
core   0: 0x0000000080001b44 (0x00c11113) slli    sp, sp, 12
core   0: 3 0x0000000080001b44 (0x00c11113) x2  0x0000000000001000
core   0: 0x0000000080001b48 (0x002181b3) add     gp, gp, sp
core   0: 3 0x0000000080001b48 (0x002181b3) x3  0x000000008000b010
core   0: 0x0000000080001b4c (0x8301ae07) flw     ft8, -2000(gp)
core   0: 3 0x0000000080001b4c (0x8301ae07) f28 0xffffffff3ffffffc mem 0x000000008000a840
core   0: 0x0000000080001b50 (0x402181b3) sub     gp, gp, sp
core   0: 3 0x0000000080001b50 (0x402181b3) x3  0x000000008000a010
core   0: 0x0000000080001b54 (0x00000113) li      sp, 0
core   0: 3 0x0000000080001b54 (0x00000113) x2  0x0000000000000000
core   0: 0x0000000080001b58 (0x00311073) csrw    fcsr, sp
core   0: 3 0x0000000080001b58 (0x00311073) c1_fflags 0x0000000000000000 c2_frm 0x0000000000000000
core   0: 0x0000000080001b5c (0xe1df7fc3) fmadd.s ft11, ft10, ft9, ft8
core   0: 3 0x0000000080001b5c (0xe1df7fc3) c1_fflags 0x0000000000000001 f31 0xffffffff403ffffd
core   0: 0x0000000080001b60 (0x00302273) csrr    tp, fcsr
core   0: 3 0x0000000080001b60 (0x00302273) x4  0x0000000000000001
core   0: 0x0000000080001b64 (0x2ff0a027) fsw     ft11, 736(ra)
core   0: 3 0x0000000080001b64 (0x2ff0a027) mem 0x000000008000cbf8 0x403ffffd
core   0: 0x0000000080001b68 (0x2e40b423) sd      tp, 744(ra)
core   0: 3 0x0000000080001b68 (0x2e40b423) mem 0x000000008000cc00 0x0000000000000001
core   0: >>>>  inst_37807
core   0: 0x0000000080001b6c (0x00100113) li      sp, 1
core   0: 3 0x0000000080001b6c (0x00100113) x2  0x0000000000000001
core   0: 0x0000000080001b70 (0x00c11113) slli    sp, sp, 12
core   0: 3 0x0000000080001b70 (0x00c11113) x2  0x0000000000001000
core   0: 0x0000000080001b74 (0x002181b3) add     gp, gp, sp
core   0: 3 0x0000000080001b74 (0x002181b3) x3  0x000000008000b010
core   0: 0x0000000080001b78 (0x8341af07) flw     ft10, -1996(gp)
core   0: 3 0x0000000080001b78 (0x8341af07) f30 0xffffffff7f3ca1e4 mem 0x000000008000a844
core   0: 0x0000000080001b7c (0x402181b3) sub     gp, gp, sp
core   0: 3 0x0000000080001b7c (0x402181b3) x3  0x000000008000a010
core   0: 0x0000000080001b80 (0x00100113) li      sp, 1
core   0: 3 0x0000000080001b80 (0x00100113) x2  0x0000000000000001
core   0: 0x0000000080001b84 (0x00c11113) slli    sp, sp, 12
core   0: 3 0x0000000080001b84 (0x00c11113) x2  0x0000000000001000
core   0: 0x0000000080001b88 (0x002181b3) add     gp, gp, sp
core   0: 3 0x0000000080001b88 (0x002181b3) x3  0x000000008000b010
core   0: 0x0000000080001b8c (0x8381ae87) flw     ft9, -1992(gp)
core   0: 3 0x0000000080001b8c (0x8381ae87) f29 0xffffffff002b6daa mem 0x000000008000a848
core   0: 0x0000000080001b90 (0x402181b3) sub     gp, gp, sp
core   0: 3 0x0000000080001b90 (0x402181b3) x3  0x000000008000a010
core   0: 0x0000000080001b94 (0x00100113) li      sp, 1
core   0: 3 0x0000000080001b94 (0x00100113) x2  0x0000000000000001
core   0: 0x0000000080001b98 (0x00c11113) slli    sp, sp, 12
core   0: 3 0x0000000080001b98 (0x00c11113) x2  0x0000000000001000
core   0: 0x0000000080001b9c (0x002181b3) add     gp, gp, sp
core   0: 3 0x0000000080001b9c (0x002181b3) x3  0x000000008000b010
core   0: 0x0000000080001ba0 (0x83c1ae07) flw     ft8, -1988(gp)
core   0: 3 0x0000000080001ba0 (0x83c1ae07) f28 0xffffffff3ffffffe mem 0x000000008000a84c
core   0: 0x0000000080001ba4 (0x402181b3) sub     gp, gp, sp
core   0: 3 0x0000000080001ba4 (0x402181b3) x3  0x000000008000a010
core   0: 0x0000000080001ba8 (0x00000113) li      sp, 0
core   0: 3 0x0000000080001ba8 (0x00000113) x2  0x0000000000000000
core   0: 0x0000000080001bac (0x00311073) csrw    fcsr, sp
core   0: 3 0x0000000080001bac (0x00311073) c1_fflags 0x0000000000000000 c2_frm 0x0000000000000000
core   0: 0x0000000080001bb0 (0xe1df7fc3) fmadd.s ft11, ft10, ft9, ft8
core   0: 3 0x0000000080001bb0 (0xe1df7fc3) c1_fflags 0x0000000000000001 f31 0xffffffff403ffffe
core   0: 0x0000000080001bb4 (0x00302273) csrr    tp, fcsr
core   0: 3 0x0000000080001bb4 (0x00302273) x4  0x0000000000000001
core   0: 0x0000000080001bb8 (0x2ff0a827) fsw     ft11, 752(ra)
core   0: 3 0x0000000080001bb8 (0x2ff0a827) mem 0x000000008000cc08 0x403ffffe
core   0: 0x0000000080001bbc (0x2e40bc23) sd      tp, 760(ra)
core   0: 3 0x0000000080001bbc (0x2e40bc23) mem 0x000000008000cc10 0x0000000000000001
core   0: >>>>  inst_37808
core   0: 0x0000000080001bc0 (0x00100113) li      sp, 1
core   0: 3 0x0000000080001bc0 (0x00100113) x2  0x0000000000000001
core   0: 0x0000000080001bc4 (0x00c11113) slli    sp, sp, 12
core   0: 3 0x0000000080001bc4 (0x00c11113) x2  0x0000000000001000
core   0: 0x0000000080001bc8 (0x002181b3) add     gp, gp, sp
core   0: 3 0x0000000080001bc8 (0x002181b3) x3  0x000000008000b010
core   0: 0x0000000080001bcc (0x8401af07) flw     ft10, -1984(gp)
core   0: 3 0x0000000080001bcc (0x8401af07) f30 0xffffffff7f3cee4f mem 0x000000008000a850
core   0: 0x0000000080001bd0 (0x402181b3) sub     gp, gp, sp
core   0: 3 0x0000000080001bd0 (0x402181b3) x3  0x000000008000a010
core   0: 0x0000000080001bd4 (0x00100113) li      sp, 1
core   0: 3 0x0000000080001bd4 (0x00100113) x2  0x0000000000000001
core   0: 0x0000000080001bd8 (0x00c11113) slli    sp, sp, 12
core   0: 3 0x0000000080001bd8 (0x00c11113) x2  0x0000000000001000
core   0: 0x0000000080001bdc (0x002181b3) add     gp, gp, sp
core   0: 3 0x0000000080001bdc (0x002181b3) x3  0x000000008000b010
core   0: 0x0000000080001be0 (0x8441ae87) flw     ft9, -1980(gp)
core   0: 3 0x0000000080001be0 (0x8441ae87) f29 0xffffffffbfad7066 mem 0x000000008000a854
core   0: 0x0000000080001be4 (0x402181b3) sub     gp, gp, sp
core   0: 3 0x0000000080001be4 (0x402181b3) x3  0x000000008000a010
core   0: 0x0000000080001be8 (0x00100113) li      sp, 1
core   0: 3 0x0000000080001be8 (0x00100113) x2  0x0000000000000001
core   0: 0x0000000080001bec (0x00c11113) slli    sp, sp, 12
core   0: 3 0x0000000080001bec (0x00c11113) x2  0x0000000000001000
core   0: 0x0000000080001bf0 (0x002181b3) add     gp, gp, sp
core   0: 3 0x0000000080001bf0 (0x002181b3) x3  0x000000008000b010
core   0: 0x0000000080001bf4 (0x8481ae07) flw     ft8, -1976(gp)
core   0: 3 0x0000000080001bf4 (0x8481ae07) f28 0xfffffffff2000000 mem 0x000000008000a858
core   0: 0x0000000080001bf8 (0x402181b3) sub     gp, gp, sp
core   0: 3 0x0000000080001bf8 (0x402181b3) x3  0x000000008000a010
core   0: 0x0000000080001bfc (0x00000113) li      sp, 0
core   0: 3 0x0000000080001bfc (0x00000113) x2  0x0000000000000000
core   0: 0x0000000080001c00 (0x00311073) csrw    fcsr, sp
core   0: 3 0x0000000080001c00 (0x00311073) c1_fflags 0x0000000000000000 c2_frm 0x0000000000000000
core   0: 0x0000000080001c04 (0xe1df7fc3) fmadd.s ft11, ft10, ft9, ft8
core   0: 3 0x0000000080001c04 (0xe1df7fc3) c1_fflags 0x0000000000000001 f31 0xffffffffff7ffffe
core   0: 0x0000000080001c08 (0x00302273) csrr    tp, fcsr
core   0: 3 0x0000000080001c08 (0x00302273) x4  0x0000000000000001
core   0: 0x0000000080001c0c (0x31f0a027) fsw     ft11, 768(ra)
core   0: 3 0x0000000080001c0c (0x31f0a027) mem 0x000000008000cc18 0xff7ffffe
core   0: 0x0000000080001c10 (0x3040b423) sd      tp, 776(ra)
core   0: 3 0x0000000080001c10 (0x3040b423) mem 0x000000008000cc20 0x0000000000000001
core   0: >>>>  inst_37809
core   0: 0x0000000080001c14 (0x00100113) li      sp, 1
core   0: 3 0x0000000080001c14 (0x00100113) x2  0x0000000000000001
core   0: 0x0000000080001c18 (0x00c11113) slli    sp, sp, 12
core   0: 3 0x0000000080001c18 (0x00c11113) x2  0x0000000000001000
core   0: 0x0000000080001c1c (0x002181b3) add     gp, gp, sp
core   0: 3 0x0000000080001c1c (0x002181b3) x3  0x000000008000b010
core   0: 0x0000000080001c20 (0x84c1af07) flw     ft10, -1972(gp)
core   0: 3 0x0000000080001c20 (0x84c1af07) f30 0xffffffff7f3cee4f mem 0x000000008000a85c
core   0: 0x0000000080001c24 (0x402181b3) sub     gp, gp, sp
core   0: 3 0x0000000080001c24 (0x402181b3) x3  0x000000008000a010
core   0: 0x0000000080001c28 (0x00100113) li      sp, 1
core   0: 3 0x0000000080001c28 (0x00100113) x2  0x0000000000000001
core   0: 0x0000000080001c2c (0x00c11113) slli    sp, sp, 12
core   0: 3 0x0000000080001c2c (0x00c11113) x2  0x0000000000001000
core   0: 0x0000000080001c30 (0x002181b3) add     gp, gp, sp
core   0: 3 0x0000000080001c30 (0x002181b3) x3  0x000000008000b010
core   0: 0x0000000080001c34 (0x8501ae87) flw     ft9, -1968(gp)
core   0: 3 0x0000000080001c34 (0x8501ae87) f29 0xffffffffbfad7066 mem 0x000000008000a860
core   0: 0x0000000080001c38 (0x402181b3) sub     gp, gp, sp
core   0: 3 0x0000000080001c38 (0x402181b3) x3  0x000000008000a010
core   0: 0x0000000080001c3c (0x00100113) li      sp, 1
core   0: 3 0x0000000080001c3c (0x00100113) x2  0x0000000000000001
core   0: 0x0000000080001c40 (0x00c11113) slli    sp, sp, 12
core   0: 3 0x0000000080001c40 (0x00c11113) x2  0x0000000000001000
core   0: 0x0000000080001c44 (0x002181b3) add     gp, gp, sp
core   0: 3 0x0000000080001c44 (0x002181b3) x3  0x000000008000b010
core   0: 0x0000000080001c48 (0x8541ae07) flw     ft8, -1964(gp)
core   0: 3 0x0000000080001c48 (0x8541ae07) f28 0xfffffffff2000001 mem 0x000000008000a864
core   0: 0x0000000080001c4c (0x402181b3) sub     gp, gp, sp
core   0: 3 0x0000000080001c4c (0x402181b3) x3  0x000000008000a010
core   0: 0x0000000080001c50 (0x00000113) li      sp, 0
core   0: 3 0x0000000080001c50 (0x00000113) x2  0x0000000000000000
core   0: 0x0000000080001c54 (0x00311073) csrw    fcsr, sp
core   0: 3 0x0000000080001c54 (0x00311073) c1_fflags 0x0000000000000000 c2_frm 0x0000000000000000
core   0: 0x0000000080001c58 (0xe1df7fc3) fmadd.s ft11, ft10, ft9, ft8
core   0: 3 0x0000000080001c58 (0xe1df7fc3) c1_fflags 0x0000000000000001 f31 0xffffffffff7ffffe
core   0: 0x0000000080001c5c (0x00302273) csrr    tp, fcsr
core   0: 3 0x0000000080001c5c (0x00302273) x4  0x0000000000000001
core   0: 0x0000000080001c60 (0x31f0a827) fsw     ft11, 784(ra)
core   0: 3 0x0000000080001c60 (0x31f0a827) mem 0x000000008000cc28 0xff7ffffe
core   0: 0x0000000080001c64 (0x3040bc23) sd      tp, 792(ra)
core   0: 3 0x0000000080001c64 (0x3040bc23) mem 0x000000008000cc30 0x0000000000000001
core   0: >>>>  inst_37810
core   0: 0x0000000080001c68 (0x00100113) li      sp, 1
core   0: 3 0x0000000080001c68 (0x00100113) x2  0x0000000000000001
core   0: 0x0000000080001c6c (0x00c11113) slli    sp, sp, 12
core   0: 3 0x0000000080001c6c (0x00c11113) x2  0x0000000000001000
core   0: 0x0000000080001c70 (0x002181b3) add     gp, gp, sp
core   0: 3 0x0000000080001c70 (0x002181b3) x3  0x000000008000b010
core   0: 0x0000000080001c74 (0x8581af07) flw     ft10, -1960(gp)
core   0: 3 0x0000000080001c74 (0x8581af07) f30 0xffffffff7f3cee4f mem 0x000000008000a868
core   0: 0x0000000080001c78 (0x402181b3) sub     gp, gp, sp
core   0: 3 0x0000000080001c78 (0x402181b3) x3  0x000000008000a010
core   0: 0x0000000080001c7c (0x00100113) li      sp, 1
core   0: 3 0x0000000080001c7c (0x00100113) x2  0x0000000000000001
core   0: 0x0000000080001c80 (0x00c11113) slli    sp, sp, 12
core   0: 3 0x0000000080001c80 (0x00c11113) x2  0x0000000000001000
core   0: 0x0000000080001c84 (0x002181b3) add     gp, gp, sp
core   0: 3 0x0000000080001c84 (0x002181b3) x3  0x000000008000b010
core   0: 0x0000000080001c88 (0x85c1ae87) flw     ft9, -1956(gp)
core   0: 3 0x0000000080001c88 (0x85c1ae87) f29 0xffffffffbfad7066 mem 0x000000008000a86c
core   0: 0x0000000080001c8c (0x402181b3) sub     gp, gp, sp
core   0: 3 0x0000000080001c8c (0x402181b3) x3  0x000000008000a010
core   0: 0x0000000080001c90 (0x00100113) li      sp, 1
core   0: 3 0x0000000080001c90 (0x00100113) x2  0x0000000000000001
core   0: 0x0000000080001c94 (0x00c11113) slli    sp, sp, 12
core   0: 3 0x0000000080001c94 (0x00c11113) x2  0x0000000000001000
core   0: 0x0000000080001c98 (0x002181b3) add     gp, gp, sp
core   0: 3 0x0000000080001c98 (0x002181b3) x3  0x000000008000b010
core   0: 0x0000000080001c9c (0x8601ae07) flw     ft8, -1952(gp)
core   0: 3 0x0000000080001c9c (0x8601ae07) f28 0xfffffffff2000003 mem 0x000000008000a870
core   0: 0x0000000080001ca0 (0x402181b3) sub     gp, gp, sp
core   0: 3 0x0000000080001ca0 (0x402181b3) x3  0x000000008000a010
core   0: 0x0000000080001ca4 (0x00000113) li      sp, 0
core   0: 3 0x0000000080001ca4 (0x00000113) x2  0x0000000000000000
core   0: 0x0000000080001ca8 (0x00311073) csrw    fcsr, sp
core   0: 3 0x0000000080001ca8 (0x00311073) c1_fflags 0x0000000000000000 c2_frm 0x0000000000000000
core   0: 0x0000000080001cac (0xe1df7fc3) fmadd.s ft11, ft10, ft9, ft8
core   0: 3 0x0000000080001cac (0xe1df7fc3) c1_fflags 0x0000000000000001 f31 0xffffffffff7ffffe
core   0: 0x0000000080001cb0 (0x00302273) csrr    tp, fcsr
core   0: 3 0x0000000080001cb0 (0x00302273) x4  0x0000000000000001
core   0: 0x0000000080001cb4 (0x33f0a027) fsw     ft11, 800(ra)
core   0: 3 0x0000000080001cb4 (0x33f0a027) mem 0x000000008000cc38 0xff7ffffe
core   0: 0x0000000080001cb8 (0x3240b423) sd      tp, 808(ra)
core   0: 3 0x0000000080001cb8 (0x3240b423) mem 0x000000008000cc40 0x0000000000000001
core   0: >>>>  inst_37811
core   0: 0x0000000080001cbc (0x00100113) li      sp, 1
core   0: 3 0x0000000080001cbc (0x00100113) x2  0x0000000000000001
core   0: 0x0000000080001cc0 (0x00c11113) slli    sp, sp, 12
core   0: 3 0x0000000080001cc0 (0x00c11113) x2  0x0000000000001000
core   0: 0x0000000080001cc4 (0x002181b3) add     gp, gp, sp
core   0: 3 0x0000000080001cc4 (0x002181b3) x3  0x000000008000b010
core   0: 0x0000000080001cc8 (0x8641af07) flw     ft10, -1948(gp)
core   0: 3 0x0000000080001cc8 (0x8641af07) f30 0xffffffff7f3cee4f mem 0x000000008000a874
core   0: 0x0000000080001ccc (0x402181b3) sub     gp, gp, sp
core   0: 3 0x0000000080001ccc (0x402181b3) x3  0x000000008000a010
core   0: 0x0000000080001cd0 (0x00100113) li      sp, 1
core   0: 3 0x0000000080001cd0 (0x00100113) x2  0x0000000000000001
core   0: 0x0000000080001cd4 (0x00c11113) slli    sp, sp, 12
core   0: 3 0x0000000080001cd4 (0x00c11113) x2  0x0000000000001000
core   0: 0x0000000080001cd8 (0x002181b3) add     gp, gp, sp
core   0: 3 0x0000000080001cd8 (0x002181b3) x3  0x000000008000b010
core   0: 0x0000000080001cdc (0x8681ae87) flw     ft9, -1944(gp)
core   0: 3 0x0000000080001cdc (0x8681ae87) f29 0xffffffffbfad7066 mem 0x000000008000a878
core   0: 0x0000000080001ce0 (0x402181b3) sub     gp, gp, sp
core   0: 3 0x0000000080001ce0 (0x402181b3) x3  0x000000008000a010
core   0: 0x0000000080001ce4 (0x00100113) li      sp, 1
core   0: 3 0x0000000080001ce4 (0x00100113) x2  0x0000000000000001
core   0: 0x0000000080001ce8 (0x00c11113) slli    sp, sp, 12
core   0: 3 0x0000000080001ce8 (0x00c11113) x2  0x0000000000001000
core   0: 0x0000000080001cec (0x002181b3) add     gp, gp, sp
core   0: 3 0x0000000080001cec (0x002181b3) x3  0x000000008000b010
core   0: 0x0000000080001cf0 (0x86c1ae07) flw     ft8, -1940(gp)
core   0: 3 0x0000000080001cf0 (0x86c1ae07) f28 0xfffffffff2000007 mem 0x000000008000a87c
core   0: 0x0000000080001cf4 (0x402181b3) sub     gp, gp, sp
core   0: 3 0x0000000080001cf4 (0x402181b3) x3  0x000000008000a010
core   0: 0x0000000080001cf8 (0x00000113) li      sp, 0
core   0: 3 0x0000000080001cf8 (0x00000113) x2  0x0000000000000000
core   0: 0x0000000080001cfc (0x00311073) csrw    fcsr, sp
core   0: 3 0x0000000080001cfc (0x00311073) c1_fflags 0x0000000000000000 c2_frm 0x0000000000000000
core   0: 0x0000000080001d00 (0xe1df7fc3) fmadd.s ft11, ft10, ft9, ft8
core   0: 3 0x0000000080001d00 (0xe1df7fc3) c1_fflags 0x0000000000000001 f31 0xffffffffff7ffffe
core   0: 0x0000000080001d04 (0x00302273) csrr    tp, fcsr
core   0: 3 0x0000000080001d04 (0x00302273) x4  0x0000000000000001
core   0: 0x0000000080001d08 (0x33f0a827) fsw     ft11, 816(ra)
core   0: 3 0x0000000080001d08 (0x33f0a827) mem 0x000000008000cc48 0xff7ffffe
core   0: 0x0000000080001d0c (0x3240bc23) sd      tp, 824(ra)
core   0: 3 0x0000000080001d0c (0x3240bc23) mem 0x000000008000cc50 0x0000000000000001
core   0: >>>>  inst_37812
core   0: 0x0000000080001d10 (0x00100113) li      sp, 1
core   0: 3 0x0000000080001d10 (0x00100113) x2  0x0000000000000001
core   0: 0x0000000080001d14 (0x00c11113) slli    sp, sp, 12
core   0: 3 0x0000000080001d14 (0x00c11113) x2  0x0000000000001000
core   0: 0x0000000080001d18 (0x002181b3) add     gp, gp, sp
core   0: 3 0x0000000080001d18 (0x002181b3) x3  0x000000008000b010
core   0: 0x0000000080001d1c (0x8701af07) flw     ft10, -1936(gp)
core   0: 3 0x0000000080001d1c (0x8701af07) f30 0xffffffff7f3cee4f mem 0x000000008000a880
core   0: 0x0000000080001d20 (0x402181b3) sub     gp, gp, sp
core   0: 3 0x0000000080001d20 (0x402181b3) x3  0x000000008000a010
core   0: 0x0000000080001d24 (0x00100113) li      sp, 1
core   0: 3 0x0000000080001d24 (0x00100113) x2  0x0000000000000001
core   0: 0x0000000080001d28 (0x00c11113) slli    sp, sp, 12
core   0: 3 0x0000000080001d28 (0x00c11113) x2  0x0000000000001000
core   0: 0x0000000080001d2c (0x002181b3) add     gp, gp, sp
core   0: 3 0x0000000080001d2c (0x002181b3) x3  0x000000008000b010
core   0: 0x0000000080001d30 (0x8741ae87) flw     ft9, -1932(gp)
core   0: 3 0x0000000080001d30 (0x8741ae87) f29 0xffffffffbfad7066 mem 0x000000008000a884
core   0: 0x0000000080001d34 (0x402181b3) sub     gp, gp, sp
core   0: 3 0x0000000080001d34 (0x402181b3) x3  0x000000008000a010
core   0: 0x0000000080001d38 (0x00100113) li      sp, 1
core   0: 3 0x0000000080001d38 (0x00100113) x2  0x0000000000000001
core   0: 0x0000000080001d3c (0x00c11113) slli    sp, sp, 12
core   0: 3 0x0000000080001d3c (0x00c11113) x2  0x0000000000001000
core   0: 0x0000000080001d40 (0x002181b3) add     gp, gp, sp
core   0: 3 0x0000000080001d40 (0x002181b3) x3  0x000000008000b010
core   0: 0x0000000080001d44 (0x8781ae07) flw     ft8, -1928(gp)
core   0: 3 0x0000000080001d44 (0x8781ae07) f28 0xfffffffff200000f mem 0x000000008000a888
core   0: 0x0000000080001d48 (0x402181b3) sub     gp, gp, sp
core   0: 3 0x0000000080001d48 (0x402181b3) x3  0x000000008000a010
core   0: 0x0000000080001d4c (0x00000113) li      sp, 0
core   0: 3 0x0000000080001d4c (0x00000113) x2  0x0000000000000000
core   0: 0x0000000080001d50 (0x00311073) csrw    fcsr, sp
core   0: 3 0x0000000080001d50 (0x00311073) c1_fflags 0x0000000000000000 c2_frm 0x0000000000000000
core   0: 0x0000000080001d54 (0xe1df7fc3) fmadd.s ft11, ft10, ft9, ft8
core   0: 3 0x0000000080001d54 (0xe1df7fc3) c1_fflags 0x0000000000000001 f31 0xffffffffff7ffffe
core   0: 0x0000000080001d58 (0x00302273) csrr    tp, fcsr
core   0: 3 0x0000000080001d58 (0x00302273) x4  0x0000000000000001
core   0: 0x0000000080001d5c (0x35f0a027) fsw     ft11, 832(ra)
core   0: 3 0x0000000080001d5c (0x35f0a027) mem 0x000000008000cc58 0xff7ffffe
core   0: 0x0000000080001d60 (0x3440b423) sd      tp, 840(ra)
core   0: 3 0x0000000080001d60 (0x3440b423) mem 0x000000008000cc60 0x0000000000000001
core   0: >>>>  inst_37813
core   0: 0x0000000080001d64 (0x00100113) li      sp, 1
core   0: 3 0x0000000080001d64 (0x00100113) x2  0x0000000000000001
core   0: 0x0000000080001d68 (0x00c11113) slli    sp, sp, 12
core   0: 3 0x0000000080001d68 (0x00c11113) x2  0x0000000000001000
core   0: 0x0000000080001d6c (0x002181b3) add     gp, gp, sp
core   0: 3 0x0000000080001d6c (0x002181b3) x3  0x000000008000b010
core   0: 0x0000000080001d70 (0x87c1af07) flw     ft10, -1924(gp)
core   0: 3 0x0000000080001d70 (0x87c1af07) f30 0xffffffff7f3cee4f mem 0x000000008000a88c
core   0: 0x0000000080001d74 (0x402181b3) sub     gp, gp, sp
core   0: 3 0x0000000080001d74 (0x402181b3) x3  0x000000008000a010
core   0: 0x0000000080001d78 (0x00100113) li      sp, 1
core   0: 3 0x0000000080001d78 (0x00100113) x2  0x0000000000000001
core   0: 0x0000000080001d7c (0x00c11113) slli    sp, sp, 12
core   0: 3 0x0000000080001d7c (0x00c11113) x2  0x0000000000001000
core   0: 0x0000000080001d80 (0x002181b3) add     gp, gp, sp
core   0: 3 0x0000000080001d80 (0x002181b3) x3  0x000000008000b010
core   0: 0x0000000080001d84 (0x8801ae87) flw     ft9, -1920(gp)
core   0: 3 0x0000000080001d84 (0x8801ae87) f29 0xffffffffbfad7066 mem 0x000000008000a890
core   0: 0x0000000080001d88 (0x402181b3) sub     gp, gp, sp
core   0: 3 0x0000000080001d88 (0x402181b3) x3  0x000000008000a010
core   0: 0x0000000080001d8c (0x00100113) li      sp, 1
core   0: 3 0x0000000080001d8c (0x00100113) x2  0x0000000000000001
core   0: 0x0000000080001d90 (0x00c11113) slli    sp, sp, 12
core   0: 3 0x0000000080001d90 (0x00c11113) x2  0x0000000000001000
core   0: 0x0000000080001d94 (0x002181b3) add     gp, gp, sp
core   0: 3 0x0000000080001d94 (0x002181b3) x3  0x000000008000b010
core   0: 0x0000000080001d98 (0x8841ae07) flw     ft8, -1916(gp)
core   0: 3 0x0000000080001d98 (0x8841ae07) f28 0xfffffffff200001f mem 0x000000008000a894
core   0: 0x0000000080001d9c (0x402181b3) sub     gp, gp, sp
core   0: 3 0x0000000080001d9c (0x402181b3) x3  0x000000008000a010
core   0: 0x0000000080001da0 (0x00000113) li      sp, 0
core   0: 3 0x0000000080001da0 (0x00000113) x2  0x0000000000000000
core   0: 0x0000000080001da4 (0x00311073) csrw    fcsr, sp
core   0: 3 0x0000000080001da4 (0x00311073) c1_fflags 0x0000000000000000 c2_frm 0x0000000000000000
core   0: 0x0000000080001da8 (0xe1df7fc3) fmadd.s ft11, ft10, ft9, ft8
core   0: 3 0x0000000080001da8 (0xe1df7fc3) c1_fflags 0x0000000000000001 f31 0xffffffffff7ffffe
core   0: 0x0000000080001dac (0x00302273) csrr    tp, fcsr
core   0: 3 0x0000000080001dac (0x00302273) x4  0x0000000000000001
core   0: 0x0000000080001db0 (0x35f0a827) fsw     ft11, 848(ra)
core   0: 3 0x0000000080001db0 (0x35f0a827) mem 0x000000008000cc68 0xff7ffffe
core   0: 0x0000000080001db4 (0x3440bc23) sd      tp, 856(ra)
core   0: 3 0x0000000080001db4 (0x3440bc23) mem 0x000000008000cc70 0x0000000000000001
core   0: >>>>  inst_37814
core   0: 0x0000000080001db8 (0x00100113) li      sp, 1
core   0: 3 0x0000000080001db8 (0x00100113) x2  0x0000000000000001
core   0: 0x0000000080001dbc (0x00c11113) slli    sp, sp, 12
core   0: 3 0x0000000080001dbc (0x00c11113) x2  0x0000000000001000
core   0: 0x0000000080001dc0 (0x002181b3) add     gp, gp, sp
core   0: 3 0x0000000080001dc0 (0x002181b3) x3  0x000000008000b010
core   0: 0x0000000080001dc4 (0x8881af07) flw     ft10, -1912(gp)
core   0: 3 0x0000000080001dc4 (0x8881af07) f30 0xffffffff7f3cee4f mem 0x000000008000a898
core   0: 0x0000000080001dc8 (0x402181b3) sub     gp, gp, sp
core   0: 3 0x0000000080001dc8 (0x402181b3) x3  0x000000008000a010
core   0: 0x0000000080001dcc (0x00100113) li      sp, 1
core   0: 3 0x0000000080001dcc (0x00100113) x2  0x0000000000000001
core   0: 0x0000000080001dd0 (0x00c11113) slli    sp, sp, 12
core   0: 3 0x0000000080001dd0 (0x00c11113) x2  0x0000000000001000
core   0: 0x0000000080001dd4 (0x002181b3) add     gp, gp, sp
core   0: 3 0x0000000080001dd4 (0x002181b3) x3  0x000000008000b010
core   0: 0x0000000080001dd8 (0x88c1ae87) flw     ft9, -1908(gp)
core   0: 3 0x0000000080001dd8 (0x88c1ae87) f29 0xffffffffbfad7066 mem 0x000000008000a89c
core   0: 0x0000000080001ddc (0x402181b3) sub     gp, gp, sp
core   0: 3 0x0000000080001ddc (0x402181b3) x3  0x000000008000a010
core   0: 0x0000000080001de0 (0x00100113) li      sp, 1
core   0: 3 0x0000000080001de0 (0x00100113) x2  0x0000000000000001
core   0: 0x0000000080001de4 (0x00c11113) slli    sp, sp, 12
core   0: 3 0x0000000080001de4 (0x00c11113) x2  0x0000000000001000
core   0: 0x0000000080001de8 (0x002181b3) add     gp, gp, sp
core   0: 3 0x0000000080001de8 (0x002181b3) x3  0x000000008000b010
core   0: 0x0000000080001dec (0x8901ae07) flw     ft8, -1904(gp)
core   0: 3 0x0000000080001dec (0x8901ae07) f28 0xfffffffff200003f mem 0x000000008000a8a0
core   0: 0x0000000080001df0 (0x402181b3) sub     gp, gp, sp
core   0: 3 0x0000000080001df0 (0x402181b3) x3  0x000000008000a010
core   0: 0x0000000080001df4 (0x00000113) li      sp, 0
core   0: 3 0x0000000080001df4 (0x00000113) x2  0x0000000000000000
core   0: 0x0000000080001df8 (0x00311073) csrw    fcsr, sp
core   0: 3 0x0000000080001df8 (0x00311073) c1_fflags 0x0000000000000000 c2_frm 0x0000000000000000
core   0: 0x0000000080001dfc (0xe1df7fc3) fmadd.s ft11, ft10, ft9, ft8
core   0: 3 0x0000000080001dfc (0xe1df7fc3) c1_fflags 0x0000000000000001 f31 0xffffffffff7ffffe
core   0: 0x0000000080001e00 (0x00302273) csrr    tp, fcsr
core   0: 3 0x0000000080001e00 (0x00302273) x4  0x0000000000000001
core   0: 0x0000000080001e04 (0x37f0a027) fsw     ft11, 864(ra)
core   0: 3 0x0000000080001e04 (0x37f0a027) mem 0x000000008000cc78 0xff7ffffe
core   0: 0x0000000080001e08 (0x3640b423) sd      tp, 872(ra)
core   0: 3 0x0000000080001e08 (0x3640b423) mem 0x000000008000cc80 0x0000000000000001
core   0: >>>>  inst_37815
core   0: 0x0000000080001e0c (0x00100113) li      sp, 1
core   0: 3 0x0000000080001e0c (0x00100113) x2  0x0000000000000001
core   0: 0x0000000080001e10 (0x00c11113) slli    sp, sp, 12
core   0: 3 0x0000000080001e10 (0x00c11113) x2  0x0000000000001000
core   0: 0x0000000080001e14 (0x002181b3) add     gp, gp, sp
core   0: 3 0x0000000080001e14 (0x002181b3) x3  0x000000008000b010
core   0: 0x0000000080001e18 (0x8941af07) flw     ft10, -1900(gp)
core   0: 3 0x0000000080001e18 (0x8941af07) f30 0xffffffff7f3cee4f mem 0x000000008000a8a4
core   0: 0x0000000080001e1c (0x402181b3) sub     gp, gp, sp
core   0: 3 0x0000000080001e1c (0x402181b3) x3  0x000000008000a010
core   0: 0x0000000080001e20 (0x00100113) li      sp, 1
core   0: 3 0x0000000080001e20 (0x00100113) x2  0x0000000000000001
core   0: 0x0000000080001e24 (0x00c11113) slli    sp, sp, 12
core   0: 3 0x0000000080001e24 (0x00c11113) x2  0x0000000000001000
core   0: 0x0000000080001e28 (0x002181b3) add     gp, gp, sp
core   0: 3 0x0000000080001e28 (0x002181b3) x3  0x000000008000b010
core   0: 0x0000000080001e2c (0x8981ae87) flw     ft9, -1896(gp)
core   0: 3 0x0000000080001e2c (0x8981ae87) f29 0xffffffffbfad7066 mem 0x000000008000a8a8
core   0: 0x0000000080001e30 (0x402181b3) sub     gp, gp, sp
core   0: 3 0x0000000080001e30 (0x402181b3) x3  0x000000008000a010
core   0: 0x0000000080001e34 (0x00100113) li      sp, 1
core   0: 3 0x0000000080001e34 (0x00100113) x2  0x0000000000000001
core   0: 0x0000000080001e38 (0x00c11113) slli    sp, sp, 12
core   0: 3 0x0000000080001e38 (0x00c11113) x2  0x0000000000001000
core   0: 0x0000000080001e3c (0x002181b3) add     gp, gp, sp
core   0: 3 0x0000000080001e3c (0x002181b3) x3  0x000000008000b010
core   0: 0x0000000080001e40 (0x89c1ae07) flw     ft8, -1892(gp)
core   0: 3 0x0000000080001e40 (0x89c1ae07) f28 0xfffffffff200007f mem 0x000000008000a8ac
core   0: 0x0000000080001e44 (0x402181b3) sub     gp, gp, sp
core   0: 3 0x0000000080001e44 (0x402181b3) x3  0x000000008000a010
core   0: 0x0000000080001e48 (0x00000113) li      sp, 0
core   0: 3 0x0000000080001e48 (0x00000113) x2  0x0000000000000000
core   0: 0x0000000080001e4c (0x00311073) csrw    fcsr, sp
core   0: 3 0x0000000080001e4c (0x00311073) c1_fflags 0x0000000000000000 c2_frm 0x0000000000000000
core   0: 0x0000000080001e50 (0xe1df7fc3) fmadd.s ft11, ft10, ft9, ft8
core   0: 3 0x0000000080001e50 (0xe1df7fc3) c1_fflags 0x0000000000000001 f31 0xffffffffff7ffffe
core   0: 0x0000000080001e54 (0x00302273) csrr    tp, fcsr
core   0: 3 0x0000000080001e54 (0x00302273) x4  0x0000000000000001
core   0: 0x0000000080001e58 (0x37f0a827) fsw     ft11, 880(ra)
core   0: 3 0x0000000080001e58 (0x37f0a827) mem 0x000000008000cc88 0xff7ffffe
core   0: 0x0000000080001e5c (0x3640bc23) sd      tp, 888(ra)
core   0: 3 0x0000000080001e5c (0x3640bc23) mem 0x000000008000cc90 0x0000000000000001
core   0: >>>>  inst_37816
core   0: 0x0000000080001e60 (0x00100113) li      sp, 1
core   0: 3 0x0000000080001e60 (0x00100113) x2  0x0000000000000001
core   0: 0x0000000080001e64 (0x00c11113) slli    sp, sp, 12
core   0: 3 0x0000000080001e64 (0x00c11113) x2  0x0000000000001000
core   0: 0x0000000080001e68 (0x002181b3) add     gp, gp, sp
core   0: 3 0x0000000080001e68 (0x002181b3) x3  0x000000008000b010
core   0: 0x0000000080001e6c (0x8a01af07) flw     ft10, -1888(gp)
core   0: 3 0x0000000080001e6c (0x8a01af07) f30 0xffffffff7f3cee4f mem 0x000000008000a8b0
core   0: 0x0000000080001e70 (0x402181b3) sub     gp, gp, sp
core   0: 3 0x0000000080001e70 (0x402181b3) x3  0x000000008000a010
core   0: 0x0000000080001e74 (0x00100113) li      sp, 1
core   0: 3 0x0000000080001e74 (0x00100113) x2  0x0000000000000001
core   0: 0x0000000080001e78 (0x00c11113) slli    sp, sp, 12
core   0: 3 0x0000000080001e78 (0x00c11113) x2  0x0000000000001000
core   0: 0x0000000080001e7c (0x002181b3) add     gp, gp, sp
core   0: 3 0x0000000080001e7c (0x002181b3) x3  0x000000008000b010
core   0: 0x0000000080001e80 (0x8a41ae87) flw     ft9, -1884(gp)
core   0: 3 0x0000000080001e80 (0x8a41ae87) f29 0xffffffffbfad7066 mem 0x000000008000a8b4
core   0: 0x0000000080001e84 (0x402181b3) sub     gp, gp, sp
core   0: 3 0x0000000080001e84 (0x402181b3) x3  0x000000008000a010
core   0: 0x0000000080001e88 (0x00100113) li      sp, 1
core   0: 3 0x0000000080001e88 (0x00100113) x2  0x0000000000000001
core   0: 0x0000000080001e8c (0x00c11113) slli    sp, sp, 12
core   0: 3 0x0000000080001e8c (0x00c11113) x2  0x0000000000001000
core   0: 0x0000000080001e90 (0x002181b3) add     gp, gp, sp
core   0: 3 0x0000000080001e90 (0x002181b3) x3  0x000000008000b010
core   0: 0x0000000080001e94 (0x8a81ae07) flw     ft8, -1880(gp)
core   0: 3 0x0000000080001e94 (0x8a81ae07) f28 0xfffffffff20000ff mem 0x000000008000a8b8
core   0: 0x0000000080001e98 (0x402181b3) sub     gp, gp, sp
core   0: 3 0x0000000080001e98 (0x402181b3) x3  0x000000008000a010
core   0: 0x0000000080001e9c (0x00000113) li      sp, 0
core   0: 3 0x0000000080001e9c (0x00000113) x2  0x0000000000000000
core   0: 0x0000000080001ea0 (0x00311073) csrw    fcsr, sp
core   0: 3 0x0000000080001ea0 (0x00311073) c1_fflags 0x0000000000000000 c2_frm 0x0000000000000000
core   0: 0x0000000080001ea4 (0xe1df7fc3) fmadd.s ft11, ft10, ft9, ft8
core   0: 3 0x0000000080001ea4 (0xe1df7fc3) c1_fflags 0x0000000000000001 f31 0xffffffffff7ffffe
core   0: 0x0000000080001ea8 (0x00302273) csrr    tp, fcsr
core   0: 3 0x0000000080001ea8 (0x00302273) x4  0x0000000000000001
core   0: 0x0000000080001eac (0x39f0a027) fsw     ft11, 896(ra)
core   0: 3 0x0000000080001eac (0x39f0a027) mem 0x000000008000cc98 0xff7ffffe
core   0: 0x0000000080001eb0 (0x3840b423) sd      tp, 904(ra)
core   0: 3 0x0000000080001eb0 (0x3840b423) mem 0x000000008000cca0 0x0000000000000001
core   0: >>>>  inst_37817
core   0: 0x0000000080001eb4 (0x00100113) li      sp, 1
core   0: 3 0x0000000080001eb4 (0x00100113) x2  0x0000000000000001
core   0: 0x0000000080001eb8 (0x00c11113) slli    sp, sp, 12
core   0: 3 0x0000000080001eb8 (0x00c11113) x2  0x0000000000001000
core   0: 0x0000000080001ebc (0x002181b3) add     gp, gp, sp
core   0: 3 0x0000000080001ebc (0x002181b3) x3  0x000000008000b010
core   0: 0x0000000080001ec0 (0x8ac1af07) flw     ft10, -1876(gp)
core   0: 3 0x0000000080001ec0 (0x8ac1af07) f30 0xffffffff7f3cee4f mem 0x000000008000a8bc
core   0: 0x0000000080001ec4 (0x402181b3) sub     gp, gp, sp
core   0: 3 0x0000000080001ec4 (0x402181b3) x3  0x000000008000a010
core   0: 0x0000000080001ec8 (0x00100113) li      sp, 1
core   0: 3 0x0000000080001ec8 (0x00100113) x2  0x0000000000000001
core   0: 0x0000000080001ecc (0x00c11113) slli    sp, sp, 12
core   0: 3 0x0000000080001ecc (0x00c11113) x2  0x0000000000001000
core   0: 0x0000000080001ed0 (0x002181b3) add     gp, gp, sp
core   0: 3 0x0000000080001ed0 (0x002181b3) x3  0x000000008000b010
core   0: 0x0000000080001ed4 (0x8b01ae87) flw     ft9, -1872(gp)
core   0: 3 0x0000000080001ed4 (0x8b01ae87) f29 0xffffffffbfad7066 mem 0x000000008000a8c0
core   0: 0x0000000080001ed8 (0x402181b3) sub     gp, gp, sp
core   0: 3 0x0000000080001ed8 (0x402181b3) x3  0x000000008000a010
core   0: 0x0000000080001edc (0x00100113) li      sp, 1
core   0: 3 0x0000000080001edc (0x00100113) x2  0x0000000000000001
core   0: 0x0000000080001ee0 (0x00c11113) slli    sp, sp, 12
core   0: 3 0x0000000080001ee0 (0x00c11113) x2  0x0000000000001000
core   0: 0x0000000080001ee4 (0x002181b3) add     gp, gp, sp
core   0: 3 0x0000000080001ee4 (0x002181b3) x3  0x000000008000b010
core   0: 0x0000000080001ee8 (0x8b41ae07) flw     ft8, -1868(gp)
core   0: 3 0x0000000080001ee8 (0x8b41ae07) f28 0xfffffffff20001ff mem 0x000000008000a8c4
core   0: 0x0000000080001eec (0x402181b3) sub     gp, gp, sp
core   0: 3 0x0000000080001eec (0x402181b3) x3  0x000000008000a010
core   0: 0x0000000080001ef0 (0x00000113) li      sp, 0
core   0: 3 0x0000000080001ef0 (0x00000113) x2  0x0000000000000000
core   0: 0x0000000080001ef4 (0x00311073) csrw    fcsr, sp
core   0: 3 0x0000000080001ef4 (0x00311073) c1_fflags 0x0000000000000000 c2_frm 0x0000000000000000
core   0: 0x0000000080001ef8 (0xe1df7fc3) fmadd.s ft11, ft10, ft9, ft8
core   0: 3 0x0000000080001ef8 (0xe1df7fc3) c1_fflags 0x0000000000000001 f31 0xffffffffff7ffffe
core   0: 0x0000000080001efc (0x00302273) csrr    tp, fcsr
core   0: 3 0x0000000080001efc (0x00302273) x4  0x0000000000000001
core   0: 0x0000000080001f00 (0x39f0a827) fsw     ft11, 912(ra)
core   0: 3 0x0000000080001f00 (0x39f0a827) mem 0x000000008000cca8 0xff7ffffe
core   0: 0x0000000080001f04 (0x3840bc23) sd      tp, 920(ra)
core   0: 3 0x0000000080001f04 (0x3840bc23) mem 0x000000008000ccb0 0x0000000000000001
core   0: >>>>  inst_37818
core   0: 0x0000000080001f08 (0x00100113) li      sp, 1
core   0: 3 0x0000000080001f08 (0x00100113) x2  0x0000000000000001
core   0: 0x0000000080001f0c (0x00c11113) slli    sp, sp, 12
core   0: 3 0x0000000080001f0c (0x00c11113) x2  0x0000000000001000
core   0: 0x0000000080001f10 (0x002181b3) add     gp, gp, sp
core   0: 3 0x0000000080001f10 (0x002181b3) x3  0x000000008000b010
core   0: 0x0000000080001f14 (0x8b81af07) flw     ft10, -1864(gp)
core   0: 3 0x0000000080001f14 (0x8b81af07) f30 0xffffffff7f3cee4f mem 0x000000008000a8c8
core   0: 0x0000000080001f18 (0x402181b3) sub     gp, gp, sp
core   0: 3 0x0000000080001f18 (0x402181b3) x3  0x000000008000a010
core   0: 0x0000000080001f1c (0x00100113) li      sp, 1
core   0: 3 0x0000000080001f1c (0x00100113) x2  0x0000000000000001
core   0: 0x0000000080001f20 (0x00c11113) slli    sp, sp, 12
core   0: 3 0x0000000080001f20 (0x00c11113) x2  0x0000000000001000
core   0: 0x0000000080001f24 (0x002181b3) add     gp, gp, sp
core   0: 3 0x0000000080001f24 (0x002181b3) x3  0x000000008000b010
core   0: 0x0000000080001f28 (0x8bc1ae87) flw     ft9, -1860(gp)
core   0: 3 0x0000000080001f28 (0x8bc1ae87) f29 0xffffffffbfad7066 mem 0x000000008000a8cc
core   0: 0x0000000080001f2c (0x402181b3) sub     gp, gp, sp
core   0: 3 0x0000000080001f2c (0x402181b3) x3  0x000000008000a010
core   0: 0x0000000080001f30 (0x00100113) li      sp, 1
core   0: 3 0x0000000080001f30 (0x00100113) x2  0x0000000000000001
core   0: 0x0000000080001f34 (0x00c11113) slli    sp, sp, 12
core   0: 3 0x0000000080001f34 (0x00c11113) x2  0x0000000000001000
core   0: 0x0000000080001f38 (0x002181b3) add     gp, gp, sp
core   0: 3 0x0000000080001f38 (0x002181b3) x3  0x000000008000b010
core   0: 0x0000000080001f3c (0x8c01ae07) flw     ft8, -1856(gp)
core   0: 3 0x0000000080001f3c (0x8c01ae07) f28 0xfffffffff20003ff mem 0x000000008000a8d0
core   0: 0x0000000080001f40 (0x402181b3) sub     gp, gp, sp
core   0: 3 0x0000000080001f40 (0x402181b3) x3  0x000000008000a010
core   0: 0x0000000080001f44 (0x00000113) li      sp, 0
core   0: 3 0x0000000080001f44 (0x00000113) x2  0x0000000000000000
core   0: 0x0000000080001f48 (0x00311073) csrw    fcsr, sp
core   0: 3 0x0000000080001f48 (0x00311073) c1_fflags 0x0000000000000000 c2_frm 0x0000000000000000
core   0: 0x0000000080001f4c (0xe1df7fc3) fmadd.s ft11, ft10, ft9, ft8
core   0: 3 0x0000000080001f4c (0xe1df7fc3) c1_fflags 0x0000000000000001 f31 0xffffffffff7ffffe
core   0: 0x0000000080001f50 (0x00302273) csrr    tp, fcsr
core   0: 3 0x0000000080001f50 (0x00302273) x4  0x0000000000000001
core   0: 0x0000000080001f54 (0x3bf0a027) fsw     ft11, 928(ra)
core   0: 3 0x0000000080001f54 (0x3bf0a027) mem 0x000000008000ccb8 0xff7ffffe
core   0: 0x0000000080001f58 (0x3a40b423) sd      tp, 936(ra)
core   0: 3 0x0000000080001f58 (0x3a40b423) mem 0x000000008000ccc0 0x0000000000000001
core   0: >>>>  inst_37819
core   0: 0x0000000080001f5c (0x00100113) li      sp, 1
core   0: 3 0x0000000080001f5c (0x00100113) x2  0x0000000000000001
core   0: 0x0000000080001f60 (0x00c11113) slli    sp, sp, 12
core   0: 3 0x0000000080001f60 (0x00c11113) x2  0x0000000000001000
core   0: 0x0000000080001f64 (0x002181b3) add     gp, gp, sp
core   0: 3 0x0000000080001f64 (0x002181b3) x3  0x000000008000b010
core   0: 0x0000000080001f68 (0x8c41af07) flw     ft10, -1852(gp)
core   0: 3 0x0000000080001f68 (0x8c41af07) f30 0xffffffff7f3cee4f mem 0x000000008000a8d4
core   0: 0x0000000080001f6c (0x402181b3) sub     gp, gp, sp
core   0: 3 0x0000000080001f6c (0x402181b3) x3  0x000000008000a010
core   0: 0x0000000080001f70 (0x00100113) li      sp, 1
core   0: 3 0x0000000080001f70 (0x00100113) x2  0x0000000000000001
core   0: 0x0000000080001f74 (0x00c11113) slli    sp, sp, 12
core   0: 3 0x0000000080001f74 (0x00c11113) x2  0x0000000000001000
core   0: 0x0000000080001f78 (0x002181b3) add     gp, gp, sp
core   0: 3 0x0000000080001f78 (0x002181b3) x3  0x000000008000b010
core   0: 0x0000000080001f7c (0x8c81ae87) flw     ft9, -1848(gp)
core   0: 3 0x0000000080001f7c (0x8c81ae87) f29 0xffffffffbfad7066 mem 0x000000008000a8d8
core   0: 0x0000000080001f80 (0x402181b3) sub     gp, gp, sp
core   0: 3 0x0000000080001f80 (0x402181b3) x3  0x000000008000a010
core   0: 0x0000000080001f84 (0x00100113) li      sp, 1
core   0: 3 0x0000000080001f84 (0x00100113) x2  0x0000000000000001
core   0: 0x0000000080001f88 (0x00c11113) slli    sp, sp, 12
core   0: 3 0x0000000080001f88 (0x00c11113) x2  0x0000000000001000
core   0: 0x0000000080001f8c (0x002181b3) add     gp, gp, sp
core   0: 3 0x0000000080001f8c (0x002181b3) x3  0x000000008000b010
core   0: 0x0000000080001f90 (0x8cc1ae07) flw     ft8, -1844(gp)
core   0: 3 0x0000000080001f90 (0x8cc1ae07) f28 0xfffffffff20007ff mem 0x000000008000a8dc
core   0: 0x0000000080001f94 (0x402181b3) sub     gp, gp, sp
core   0: 3 0x0000000080001f94 (0x402181b3) x3  0x000000008000a010
core   0: 0x0000000080001f98 (0x00000113) li      sp, 0
core   0: 3 0x0000000080001f98 (0x00000113) x2  0x0000000000000000
core   0: 0x0000000080001f9c (0x00311073) csrw    fcsr, sp
core   0: 3 0x0000000080001f9c (0x00311073) c1_fflags 0x0000000000000000 c2_frm 0x0000000000000000
core   0: 0x0000000080001fa0 (0xe1df7fc3) fmadd.s ft11, ft10, ft9, ft8
core   0: 3 0x0000000080001fa0 (0xe1df7fc3) c1_fflags 0x0000000000000001 f31 0xffffffffff7ffffe
core   0: 0x0000000080001fa4 (0x00302273) csrr    tp, fcsr
core   0: 3 0x0000000080001fa4 (0x00302273) x4  0x0000000000000001
core   0: 0x0000000080001fa8 (0x3bf0a827) fsw     ft11, 944(ra)
core   0: 3 0x0000000080001fa8 (0x3bf0a827) mem 0x000000008000ccc8 0xff7ffffe
core   0: 0x0000000080001fac (0x3a40bc23) sd      tp, 952(ra)
core   0: 3 0x0000000080001fac (0x3a40bc23) mem 0x000000008000ccd0 0x0000000000000001
core   0: >>>>  inst_37820
core   0: 0x0000000080001fb0 (0x00100113) li      sp, 1
core   0: 3 0x0000000080001fb0 (0x00100113) x2  0x0000000000000001
core   0: 0x0000000080001fb4 (0x00c11113) slli    sp, sp, 12
core   0: 3 0x0000000080001fb4 (0x00c11113) x2  0x0000000000001000
core   0: 0x0000000080001fb8 (0x002181b3) add     gp, gp, sp
core   0: 3 0x0000000080001fb8 (0x002181b3) x3  0x000000008000b010
core   0: 0x0000000080001fbc (0x8d01af07) flw     ft10, -1840(gp)
core   0: 3 0x0000000080001fbc (0x8d01af07) f30 0xffffffff7f3cee4f mem 0x000000008000a8e0
core   0: 0x0000000080001fc0 (0x402181b3) sub     gp, gp, sp
core   0: 3 0x0000000080001fc0 (0x402181b3) x3  0x000000008000a010
core   0: 0x0000000080001fc4 (0x00100113) li      sp, 1
core   0: 3 0x0000000080001fc4 (0x00100113) x2  0x0000000000000001
core   0: 0x0000000080001fc8 (0x00c11113) slli    sp, sp, 12
core   0: 3 0x0000000080001fc8 (0x00c11113) x2  0x0000000000001000
core   0: 0x0000000080001fcc (0x002181b3) add     gp, gp, sp
core   0: 3 0x0000000080001fcc (0x002181b3) x3  0x000000008000b010
core   0: 0x0000000080001fd0 (0x8d41ae87) flw     ft9, -1836(gp)
core   0: 3 0x0000000080001fd0 (0x8d41ae87) f29 0xffffffffbfad7066 mem 0x000000008000a8e4
core   0: 0x0000000080001fd4 (0x402181b3) sub     gp, gp, sp
core   0: 3 0x0000000080001fd4 (0x402181b3) x3  0x000000008000a010
core   0: 0x0000000080001fd8 (0x00100113) li      sp, 1
core   0: 3 0x0000000080001fd8 (0x00100113) x2  0x0000000000000001
core   0: 0x0000000080001fdc (0x00c11113) slli    sp, sp, 12
core   0: 3 0x0000000080001fdc (0x00c11113) x2  0x0000000000001000
core   0: 0x0000000080001fe0 (0x002181b3) add     gp, gp, sp
core   0: 3 0x0000000080001fe0 (0x002181b3) x3  0x000000008000b010
core   0: 0x0000000080001fe4 (0x8d81ae07) flw     ft8, -1832(gp)
core   0: 3 0x0000000080001fe4 (0x8d81ae07) f28 0xfffffffff2000fff mem 0x000000008000a8e8
core   0: 0x0000000080001fe8 (0x402181b3) sub     gp, gp, sp
core   0: 3 0x0000000080001fe8 (0x402181b3) x3  0x000000008000a010
core   0: 0x0000000080001fec (0x00000113) li      sp, 0
core   0: 3 0x0000000080001fec (0x00000113) x2  0x0000000000000000
core   0: 0x0000000080001ff0 (0x00311073) csrw    fcsr, sp
core   0: 3 0x0000000080001ff0 (0x00311073) c1_fflags 0x0000000000000000 c2_frm 0x0000000000000000
core   0: 0x0000000080001ff4 (0xe1df7fc3) fmadd.s ft11, ft10, ft9, ft8
core   0: 3 0x0000000080001ff4 (0xe1df7fc3) c1_fflags 0x0000000000000001 f31 0xffffffffff7ffffe
core   0: 0x0000000080001ff8 (0x00302273) csrr    tp, fcsr
core   0: 3 0x0000000080001ff8 (0x00302273) x4  0x0000000000000001
core   0: 0x0000000080001ffc (0x3df0a027) fsw     ft11, 960(ra)
core   0: 3 0x0000000080001ffc (0x3df0a027) mem 0x000000008000ccd8 0xff7ffffe
core   0: 0x0000000080002000 (0x3c40b423) sd      tp, 968(ra)
core   0: 3 0x0000000080002000 (0x3c40b423) mem 0x000000008000cce0 0x0000000000000001
core   0: >>>>  inst_37821
core   0: 0x0000000080002004 (0x00100113) li      sp, 1
core   0: 3 0x0000000080002004 (0x00100113) x2  0x0000000000000001
core   0: 0x0000000080002008 (0x00c11113) slli    sp, sp, 12
core   0: 3 0x0000000080002008 (0x00c11113) x2  0x0000000000001000
core   0: 0x000000008000200c (0x002181b3) add     gp, gp, sp
core   0: 3 0x000000008000200c (0x002181b3) x3  0x000000008000b010
core   0: 0x0000000080002010 (0x8dc1af07) flw     ft10, -1828(gp)
core   0: 3 0x0000000080002010 (0x8dc1af07) f30 0xffffffff7f3cee4f mem 0x000000008000a8ec
core   0: 0x0000000080002014 (0x402181b3) sub     gp, gp, sp
core   0: 3 0x0000000080002014 (0x402181b3) x3  0x000000008000a010
core   0: 0x0000000080002018 (0x00100113) li      sp, 1
core   0: 3 0x0000000080002018 (0x00100113) x2  0x0000000000000001
core   0: 0x000000008000201c (0x00c11113) slli    sp, sp, 12
core   0: 3 0x000000008000201c (0x00c11113) x2  0x0000000000001000
core   0: 0x0000000080002020 (0x002181b3) add     gp, gp, sp
core   0: 3 0x0000000080002020 (0x002181b3) x3  0x000000008000b010
core   0: 0x0000000080002024 (0x8e01ae87) flw     ft9, -1824(gp)
core   0: 3 0x0000000080002024 (0x8e01ae87) f29 0xffffffffbfad7066 mem 0x000000008000a8f0
core   0: 0x0000000080002028 (0x402181b3) sub     gp, gp, sp
core   0: 3 0x0000000080002028 (0x402181b3) x3  0x000000008000a010
core   0: 0x000000008000202c (0x00100113) li      sp, 1
core   0: 3 0x000000008000202c (0x00100113) x2  0x0000000000000001
core   0: 0x0000000080002030 (0x00c11113) slli    sp, sp, 12
core   0: 3 0x0000000080002030 (0x00c11113) x2  0x0000000000001000
core   0: 0x0000000080002034 (0x002181b3) add     gp, gp, sp
core   0: 3 0x0000000080002034 (0x002181b3) x3  0x000000008000b010
core   0: 0x0000000080002038 (0x8e41ae07) flw     ft8, -1820(gp)
core   0: 3 0x0000000080002038 (0x8e41ae07) f28 0xfffffffff2001fff mem 0x000000008000a8f4
core   0: 0x000000008000203c (0x402181b3) sub     gp, gp, sp
core   0: 3 0x000000008000203c (0x402181b3) x3  0x000000008000a010
core   0: 0x0000000080002040 (0x00000113) li      sp, 0
core   0: 3 0x0000000080002040 (0x00000113) x2  0x0000000000000000
core   0: 0x0000000080002044 (0x00311073) csrw    fcsr, sp
core   0: 3 0x0000000080002044 (0x00311073) c1_fflags 0x0000000000000000 c2_frm 0x0000000000000000
core   0: 0x0000000080002048 (0xe1df7fc3) fmadd.s ft11, ft10, ft9, ft8
core   0: 3 0x0000000080002048 (0xe1df7fc3) c1_fflags 0x0000000000000001 f31 0xffffffffff7ffffe
core   0: 0x000000008000204c (0x00302273) csrr    tp, fcsr
core   0: 3 0x000000008000204c (0x00302273) x4  0x0000000000000001
core   0: 0x0000000080002050 (0x3df0a827) fsw     ft11, 976(ra)
core   0: 3 0x0000000080002050 (0x3df0a827) mem 0x000000008000cce8 0xff7ffffe
core   0: 0x0000000080002054 (0x3c40bc23) sd      tp, 984(ra)
core   0: 3 0x0000000080002054 (0x3c40bc23) mem 0x000000008000ccf0 0x0000000000000001
core   0: >>>>  inst_37822
core   0: 0x0000000080002058 (0x00100113) li      sp, 1
core   0: 3 0x0000000080002058 (0x00100113) x2  0x0000000000000001
core   0: 0x000000008000205c (0x00c11113) slli    sp, sp, 12
core   0: 3 0x000000008000205c (0x00c11113) x2  0x0000000000001000
core   0: 0x0000000080002060 (0x002181b3) add     gp, gp, sp
core   0: 3 0x0000000080002060 (0x002181b3) x3  0x000000008000b010
core   0: 0x0000000080002064 (0x8e81af07) flw     ft10, -1816(gp)
core   0: 3 0x0000000080002064 (0x8e81af07) f30 0xffffffff7f3cee4f mem 0x000000008000a8f8
core   0: 0x0000000080002068 (0x402181b3) sub     gp, gp, sp
core   0: 3 0x0000000080002068 (0x402181b3) x3  0x000000008000a010
core   0: 0x000000008000206c (0x00100113) li      sp, 1
core   0: 3 0x000000008000206c (0x00100113) x2  0x0000000000000001
core   0: 0x0000000080002070 (0x00c11113) slli    sp, sp, 12
core   0: 3 0x0000000080002070 (0x00c11113) x2  0x0000000000001000
core   0: 0x0000000080002074 (0x002181b3) add     gp, gp, sp
core   0: 3 0x0000000080002074 (0x002181b3) x3  0x000000008000b010
core   0: 0x0000000080002078 (0x8ec1ae87) flw     ft9, -1812(gp)
core   0: 3 0x0000000080002078 (0x8ec1ae87) f29 0xffffffffbfad7066 mem 0x000000008000a8fc
core   0: 0x000000008000207c (0x402181b3) sub     gp, gp, sp
core   0: 3 0x000000008000207c (0x402181b3) x3  0x000000008000a010
core   0: 0x0000000080002080 (0x00100113) li      sp, 1
core   0: 3 0x0000000080002080 (0x00100113) x2  0x0000000000000001
core   0: 0x0000000080002084 (0x00c11113) slli    sp, sp, 12
core   0: 3 0x0000000080002084 (0x00c11113) x2  0x0000000000001000
core   0: 0x0000000080002088 (0x002181b3) add     gp, gp, sp
core   0: 3 0x0000000080002088 (0x002181b3) x3  0x000000008000b010
core   0: 0x000000008000208c (0x8f01ae07) flw     ft8, -1808(gp)
core   0: 3 0x000000008000208c (0x8f01ae07) f28 0xfffffffff2003fff mem 0x000000008000a900
core   0: 0x0000000080002090 (0x402181b3) sub     gp, gp, sp
core   0: 3 0x0000000080002090 (0x402181b3) x3  0x000000008000a010
core   0: 0x0000000080002094 (0x00000113) li      sp, 0
core   0: 3 0x0000000080002094 (0x00000113) x2  0x0000000000000000
core   0: 0x0000000080002098 (0x00311073) csrw    fcsr, sp
core   0: 3 0x0000000080002098 (0x00311073) c1_fflags 0x0000000000000000 c2_frm 0x0000000000000000
core   0: 0x000000008000209c (0xe1df7fc3) fmadd.s ft11, ft10, ft9, ft8
core   0: 3 0x000000008000209c (0xe1df7fc3) c1_fflags 0x0000000000000001 f31 0xffffffffff7ffffe
core   0: 0x00000000800020a0 (0x00302273) csrr    tp, fcsr
core   0: 3 0x00000000800020a0 (0x00302273) x4  0x0000000000000001
core   0: 0x00000000800020a4 (0x3ff0a027) fsw     ft11, 992(ra)
core   0: 3 0x00000000800020a4 (0x3ff0a027) mem 0x000000008000ccf8 0xff7ffffe
core   0: 0x00000000800020a8 (0x3e40b423) sd      tp, 1000(ra)
core   0: 3 0x00000000800020a8 (0x3e40b423) mem 0x000000008000cd00 0x0000000000000001
core   0: >>>>  inst_37823
core   0: 0x00000000800020ac (0x00100113) li      sp, 1
core   0: 3 0x00000000800020ac (0x00100113) x2  0x0000000000000001
core   0: 0x00000000800020b0 (0x00c11113) slli    sp, sp, 12
core   0: 3 0x00000000800020b0 (0x00c11113) x2  0x0000000000001000
core   0: 0x00000000800020b4 (0x002181b3) add     gp, gp, sp
core   0: 3 0x00000000800020b4 (0x002181b3) x3  0x000000008000b010
core   0: 0x00000000800020b8 (0x8f41af07) flw     ft10, -1804(gp)
core   0: 3 0x00000000800020b8 (0x8f41af07) f30 0xffffffff7f3cee4f mem 0x000000008000a904
core   0: 0x00000000800020bc (0x402181b3) sub     gp, gp, sp
core   0: 3 0x00000000800020bc (0x402181b3) x3  0x000000008000a010
core   0: 0x00000000800020c0 (0x00100113) li      sp, 1
core   0: 3 0x00000000800020c0 (0x00100113) x2  0x0000000000000001
core   0: 0x00000000800020c4 (0x00c11113) slli    sp, sp, 12
core   0: 3 0x00000000800020c4 (0x00c11113) x2  0x0000000000001000
core   0: 0x00000000800020c8 (0x002181b3) add     gp, gp, sp
core   0: 3 0x00000000800020c8 (0x002181b3) x3  0x000000008000b010
core   0: 0x00000000800020cc (0x8f81ae87) flw     ft9, -1800(gp)
core   0: 3 0x00000000800020cc (0x8f81ae87) f29 0xffffffffbfad7066 mem 0x000000008000a908
core   0: 0x00000000800020d0 (0x402181b3) sub     gp, gp, sp
core   0: 3 0x00000000800020d0 (0x402181b3) x3  0x000000008000a010
core   0: 0x00000000800020d4 (0x00100113) li      sp, 1
core   0: 3 0x00000000800020d4 (0x00100113) x2  0x0000000000000001
core   0: 0x00000000800020d8 (0x00c11113) slli    sp, sp, 12
core   0: 3 0x00000000800020d8 (0x00c11113) x2  0x0000000000001000
core   0: 0x00000000800020dc (0x002181b3) add     gp, gp, sp
core   0: 3 0x00000000800020dc (0x002181b3) x3  0x000000008000b010
core   0: 0x00000000800020e0 (0x8fc1ae07) flw     ft8, -1796(gp)
core   0: 3 0x00000000800020e0 (0x8fc1ae07) f28 0xfffffffff2007fff mem 0x000000008000a90c
core   0: 0x00000000800020e4 (0x402181b3) sub     gp, gp, sp
core   0: 3 0x00000000800020e4 (0x402181b3) x3  0x000000008000a010
core   0: 0x00000000800020e8 (0x00000113) li      sp, 0
core   0: 3 0x00000000800020e8 (0x00000113) x2  0x0000000000000000
core   0: 0x00000000800020ec (0x00311073) csrw    fcsr, sp
core   0: 3 0x00000000800020ec (0x00311073) c1_fflags 0x0000000000000000 c2_frm 0x0000000000000000
core   0: 0x00000000800020f0 (0xe1df7fc3) fmadd.s ft11, ft10, ft9, ft8
core   0: 3 0x00000000800020f0 (0xe1df7fc3) c1_fflags 0x0000000000000001 f31 0xffffffffff7ffffe
core   0: 0x00000000800020f4 (0x00302273) csrr    tp, fcsr
core   0: 3 0x00000000800020f4 (0x00302273) x4  0x0000000000000001
core   0: 0x00000000800020f8 (0x3ff0a827) fsw     ft11, 1008(ra)
core   0: 3 0x00000000800020f8 (0x3ff0a827) mem 0x000000008000cd08 0xff7ffffe
core   0: 0x00000000800020fc (0x3e40bc23) sd      tp, 1016(ra)
core   0: 3 0x00000000800020fc (0x3e40bc23) mem 0x000000008000cd10 0x0000000000000001
core   0: >>>>  inst_37824
core   0: 0x0000000080002100 (0x00100113) li      sp, 1
core   0: 3 0x0000000080002100 (0x00100113) x2  0x0000000000000001
core   0: 0x0000000080002104 (0x00c11113) slli    sp, sp, 12
core   0: 3 0x0000000080002104 (0x00c11113) x2  0x0000000000001000
core   0: 0x0000000080002108 (0x002181b3) add     gp, gp, sp
core   0: 3 0x0000000080002108 (0x002181b3) x3  0x000000008000b010
core   0: 0x000000008000210c (0x9001af07) flw     ft10, -1792(gp)
core   0: 3 0x000000008000210c (0x9001af07) f30 0xffffffff7f3cee4f mem 0x000000008000a910
core   0: 0x0000000080002110 (0x402181b3) sub     gp, gp, sp
core   0: 3 0x0000000080002110 (0x402181b3) x3  0x000000008000a010
core   0: 0x0000000080002114 (0x00100113) li      sp, 1
core   0: 3 0x0000000080002114 (0x00100113) x2  0x0000000000000001
core   0: 0x0000000080002118 (0x00c11113) slli    sp, sp, 12
core   0: 3 0x0000000080002118 (0x00c11113) x2  0x0000000000001000
core   0: 0x000000008000211c (0x002181b3) add     gp, gp, sp
core   0: 3 0x000000008000211c (0x002181b3) x3  0x000000008000b010
core   0: 0x0000000080002120 (0x9041ae87) flw     ft9, -1788(gp)
core   0: 3 0x0000000080002120 (0x9041ae87) f29 0xffffffffbfad7066 mem 0x000000008000a914
core   0: 0x0000000080002124 (0x402181b3) sub     gp, gp, sp
core   0: 3 0x0000000080002124 (0x402181b3) x3  0x000000008000a010
core   0: 0x0000000080002128 (0x00100113) li      sp, 1
core   0: 3 0x0000000080002128 (0x00100113) x2  0x0000000000000001
core   0: 0x000000008000212c (0x00c11113) slli    sp, sp, 12
core   0: 3 0x000000008000212c (0x00c11113) x2  0x0000000000001000
core   0: 0x0000000080002130 (0x002181b3) add     gp, gp, sp
core   0: 3 0x0000000080002130 (0x002181b3) x3  0x000000008000b010
core   0: 0x0000000080002134 (0x9081ae07) flw     ft8, -1784(gp)
core   0: 3 0x0000000080002134 (0x9081ae07) f28 0xfffffffff200ffff mem 0x000000008000a918
core   0: 0x0000000080002138 (0x402181b3) sub     gp, gp, sp
core   0: 3 0x0000000080002138 (0x402181b3) x3  0x000000008000a010
core   0: 0x000000008000213c (0x00000113) li      sp, 0
core   0: 3 0x000000008000213c (0x00000113) x2  0x0000000000000000
core   0: 0x0000000080002140 (0x00311073) csrw    fcsr, sp
core   0: 3 0x0000000080002140 (0x00311073) c1_fflags 0x0000000000000000 c2_frm 0x0000000000000000
core   0: 0x0000000080002144 (0xe1df7fc3) fmadd.s ft11, ft10, ft9, ft8
core   0: 3 0x0000000080002144 (0xe1df7fc3) c1_fflags 0x0000000000000001 f31 0xffffffffff7ffffe
core   0: 0x0000000080002148 (0x00302273) csrr    tp, fcsr
core   0: 3 0x0000000080002148 (0x00302273) x4  0x0000000000000001
core   0: 0x000000008000214c (0x41f0a027) fsw     ft11, 1024(ra)
core   0: 3 0x000000008000214c (0x41f0a027) mem 0x000000008000cd18 0xff7ffffe
core   0: 0x0000000080002150 (0x4040b423) sd      tp, 1032(ra)
core   0: 3 0x0000000080002150 (0x4040b423) mem 0x000000008000cd20 0x0000000000000001
core   0: >>>>  inst_37825
core   0: 0x0000000080002154 (0x00100113) li      sp, 1
core   0: 3 0x0000000080002154 (0x00100113) x2  0x0000000000000001
core   0: 0x0000000080002158 (0x00c11113) slli    sp, sp, 12
core   0: 3 0x0000000080002158 (0x00c11113) x2  0x0000000000001000
core   0: 0x000000008000215c (0x002181b3) add     gp, gp, sp
core   0: 3 0x000000008000215c (0x002181b3) x3  0x000000008000b010
core   0: 0x0000000080002160 (0x90c1af07) flw     ft10, -1780(gp)
core   0: 3 0x0000000080002160 (0x90c1af07) f30 0xffffffff7f3cee4f mem 0x000000008000a91c
core   0: 0x0000000080002164 (0x402181b3) sub     gp, gp, sp
core   0: 3 0x0000000080002164 (0x402181b3) x3  0x000000008000a010
core   0: 0x0000000080002168 (0x00100113) li      sp, 1
core   0: 3 0x0000000080002168 (0x00100113) x2  0x0000000000000001
core   0: 0x000000008000216c (0x00c11113) slli    sp, sp, 12
core   0: 3 0x000000008000216c (0x00c11113) x2  0x0000000000001000
core   0: 0x0000000080002170 (0x002181b3) add     gp, gp, sp
core   0: 3 0x0000000080002170 (0x002181b3) x3  0x000000008000b010
core   0: 0x0000000080002174 (0x9101ae87) flw     ft9, -1776(gp)
core   0: 3 0x0000000080002174 (0x9101ae87) f29 0xffffffffbfad7066 mem 0x000000008000a920
core   0: 0x0000000080002178 (0x402181b3) sub     gp, gp, sp
core   0: 3 0x0000000080002178 (0x402181b3) x3  0x000000008000a010
core   0: 0x000000008000217c (0x00100113) li      sp, 1
core   0: 3 0x000000008000217c (0x00100113) x2  0x0000000000000001
core   0: 0x0000000080002180 (0x00c11113) slli    sp, sp, 12
core   0: 3 0x0000000080002180 (0x00c11113) x2  0x0000000000001000
core   0: 0x0000000080002184 (0x002181b3) add     gp, gp, sp
core   0: 3 0x0000000080002184 (0x002181b3) x3  0x000000008000b010
core   0: 0x0000000080002188 (0x9141ae07) flw     ft8, -1772(gp)
core   0: 3 0x0000000080002188 (0x9141ae07) f28 0xfffffffff201ffff mem 0x000000008000a924
core   0: 0x000000008000218c (0x402181b3) sub     gp, gp, sp
core   0: 3 0x000000008000218c (0x402181b3) x3  0x000000008000a010
core   0: 0x0000000080002190 (0x00000113) li      sp, 0
core   0: 3 0x0000000080002190 (0x00000113) x2  0x0000000000000000
core   0: 0x0000000080002194 (0x00311073) csrw    fcsr, sp
core   0: 3 0x0000000080002194 (0x00311073) c1_fflags 0x0000000000000000 c2_frm 0x0000000000000000
core   0: 0x0000000080002198 (0xe1df7fc3) fmadd.s ft11, ft10, ft9, ft8
core   0: 3 0x0000000080002198 (0xe1df7fc3) c1_fflags 0x0000000000000001 f31 0xffffffffff7ffffe
core   0: 0x000000008000219c (0x00302273) csrr    tp, fcsr
core   0: 3 0x000000008000219c (0x00302273) x4  0x0000000000000001
core   0: 0x00000000800021a0 (0x41f0a827) fsw     ft11, 1040(ra)
core   0: 3 0x00000000800021a0 (0x41f0a827) mem 0x000000008000cd28 0xff7ffffe
core   0: 0x00000000800021a4 (0x4040bc23) sd      tp, 1048(ra)
core   0: 3 0x00000000800021a4 (0x4040bc23) mem 0x000000008000cd30 0x0000000000000001
core   0: >>>>  inst_37826
core   0: 0x00000000800021a8 (0x00100113) li      sp, 1
core   0: 3 0x00000000800021a8 (0x00100113) x2  0x0000000000000001
core   0: 0x00000000800021ac (0x00c11113) slli    sp, sp, 12
core   0: 3 0x00000000800021ac (0x00c11113) x2  0x0000000000001000
core   0: 0x00000000800021b0 (0x002181b3) add     gp, gp, sp
core   0: 3 0x00000000800021b0 (0x002181b3) x3  0x000000008000b010
core   0: 0x00000000800021b4 (0x9181af07) flw     ft10, -1768(gp)
core   0: 3 0x00000000800021b4 (0x9181af07) f30 0xffffffff7f3cee4f mem 0x000000008000a928
core   0: 0x00000000800021b8 (0x402181b3) sub     gp, gp, sp
core   0: 3 0x00000000800021b8 (0x402181b3) x3  0x000000008000a010
core   0: 0x00000000800021bc (0x00100113) li      sp, 1
core   0: 3 0x00000000800021bc (0x00100113) x2  0x0000000000000001
core   0: 0x00000000800021c0 (0x00c11113) slli    sp, sp, 12
core   0: 3 0x00000000800021c0 (0x00c11113) x2  0x0000000000001000
core   0: 0x00000000800021c4 (0x002181b3) add     gp, gp, sp
core   0: 3 0x00000000800021c4 (0x002181b3) x3  0x000000008000b010
core   0: 0x00000000800021c8 (0x91c1ae87) flw     ft9, -1764(gp)
core   0: 3 0x00000000800021c8 (0x91c1ae87) f29 0xffffffffbfad7066 mem 0x000000008000a92c
core   0: 0x00000000800021cc (0x402181b3) sub     gp, gp, sp
core   0: 3 0x00000000800021cc (0x402181b3) x3  0x000000008000a010
core   0: 0x00000000800021d0 (0x00100113) li      sp, 1
core   0: 3 0x00000000800021d0 (0x00100113) x2  0x0000000000000001
core   0: 0x00000000800021d4 (0x00c11113) slli    sp, sp, 12
core   0: 3 0x00000000800021d4 (0x00c11113) x2  0x0000000000001000
core   0: 0x00000000800021d8 (0x002181b3) add     gp, gp, sp
core   0: 3 0x00000000800021d8 (0x002181b3) x3  0x000000008000b010
core   0: 0x00000000800021dc (0x9201ae07) flw     ft8, -1760(gp)
core   0: 3 0x00000000800021dc (0x9201ae07) f28 0xfffffffff203ffff mem 0x000000008000a930
core   0: 0x00000000800021e0 (0x402181b3) sub     gp, gp, sp
core   0: 3 0x00000000800021e0 (0x402181b3) x3  0x000000008000a010
core   0: 0x00000000800021e4 (0x00000113) li      sp, 0
core   0: 3 0x00000000800021e4 (0x00000113) x2  0x0000000000000000
core   0: 0x00000000800021e8 (0x00311073) csrw    fcsr, sp
core   0: 3 0x00000000800021e8 (0x00311073) c1_fflags 0x0000000000000000 c2_frm 0x0000000000000000
core   0: 0x00000000800021ec (0xe1df7fc3) fmadd.s ft11, ft10, ft9, ft8
core   0: 3 0x00000000800021ec (0xe1df7fc3) c1_fflags 0x0000000000000001 f31 0xffffffffff7ffffe
core   0: 0x00000000800021f0 (0x00302273) csrr    tp, fcsr
core   0: 3 0x00000000800021f0 (0x00302273) x4  0x0000000000000001
core   0: 0x00000000800021f4 (0x43f0a027) fsw     ft11, 1056(ra)
core   0: 3 0x00000000800021f4 (0x43f0a027) mem 0x000000008000cd38 0xff7ffffe
core   0: 0x00000000800021f8 (0x4240b423) sd      tp, 1064(ra)
core   0: 3 0x00000000800021f8 (0x4240b423) mem 0x000000008000cd40 0x0000000000000001
core   0: >>>>  inst_37827
core   0: 0x00000000800021fc (0x00100113) li      sp, 1
core   0: 3 0x00000000800021fc (0x00100113) x2  0x0000000000000001
core   0: 0x0000000080002200 (0x00c11113) slli    sp, sp, 12
core   0: 3 0x0000000080002200 (0x00c11113) x2  0x0000000000001000
core   0: 0x0000000080002204 (0x002181b3) add     gp, gp, sp
core   0: 3 0x0000000080002204 (0x002181b3) x3  0x000000008000b010
core   0: 0x0000000080002208 (0x9241af07) flw     ft10, -1756(gp)
core   0: 3 0x0000000080002208 (0x9241af07) f30 0xffffffff7f3cee4f mem 0x000000008000a934
core   0: 0x000000008000220c (0x402181b3) sub     gp, gp, sp
core   0: 3 0x000000008000220c (0x402181b3) x3  0x000000008000a010
core   0: 0x0000000080002210 (0x00100113) li      sp, 1
core   0: 3 0x0000000080002210 (0x00100113) x2  0x0000000000000001
core   0: 0x0000000080002214 (0x00c11113) slli    sp, sp, 12
core   0: 3 0x0000000080002214 (0x00c11113) x2  0x0000000000001000
core   0: 0x0000000080002218 (0x002181b3) add     gp, gp, sp
core   0: 3 0x0000000080002218 (0x002181b3) x3  0x000000008000b010
core   0: 0x000000008000221c (0x9281ae87) flw     ft9, -1752(gp)
core   0: 3 0x000000008000221c (0x9281ae87) f29 0xffffffffbfad7066 mem 0x000000008000a938
core   0: 0x0000000080002220 (0x402181b3) sub     gp, gp, sp
core   0: 3 0x0000000080002220 (0x402181b3) x3  0x000000008000a010
core   0: 0x0000000080002224 (0x00100113) li      sp, 1
core   0: 3 0x0000000080002224 (0x00100113) x2  0x0000000000000001
core   0: 0x0000000080002228 (0x00c11113) slli    sp, sp, 12
core   0: 3 0x0000000080002228 (0x00c11113) x2  0x0000000000001000
core   0: 0x000000008000222c (0x002181b3) add     gp, gp, sp
core   0: 3 0x000000008000222c (0x002181b3) x3  0x000000008000b010
core   0: 0x0000000080002230 (0x92c1ae07) flw     ft8, -1748(gp)
core   0: 3 0x0000000080002230 (0x92c1ae07) f28 0xfffffffff207ffff mem 0x000000008000a93c
core   0: 0x0000000080002234 (0x402181b3) sub     gp, gp, sp
core   0: 3 0x0000000080002234 (0x402181b3) x3  0x000000008000a010
core   0: 0x0000000080002238 (0x00000113) li      sp, 0
core   0: 3 0x0000000080002238 (0x00000113) x2  0x0000000000000000
core   0: 0x000000008000223c (0x00311073) csrw    fcsr, sp
core   0: 3 0x000000008000223c (0x00311073) c1_fflags 0x0000000000000000 c2_frm 0x0000000000000000
core   0: 0x0000000080002240 (0xe1df7fc3) fmadd.s ft11, ft10, ft9, ft8
core   0: 3 0x0000000080002240 (0xe1df7fc3) c1_fflags 0x0000000000000001 f31 0xffffffffff7ffffe
core   0: 0x0000000080002244 (0x00302273) csrr    tp, fcsr
core   0: 3 0x0000000080002244 (0x00302273) x4  0x0000000000000001
core   0: 0x0000000080002248 (0x43f0a827) fsw     ft11, 1072(ra)
core   0: 3 0x0000000080002248 (0x43f0a827) mem 0x000000008000cd48 0xff7ffffe
core   0: 0x000000008000224c (0x4240bc23) sd      tp, 1080(ra)
core   0: 3 0x000000008000224c (0x4240bc23) mem 0x000000008000cd50 0x0000000000000001
core   0: >>>>  inst_37828
core   0: 0x0000000080002250 (0x00100113) li      sp, 1
core   0: 3 0x0000000080002250 (0x00100113) x2  0x0000000000000001
core   0: 0x0000000080002254 (0x00c11113) slli    sp, sp, 12
core   0: 3 0x0000000080002254 (0x00c11113) x2  0x0000000000001000
core   0: 0x0000000080002258 (0x002181b3) add     gp, gp, sp
core   0: 3 0x0000000080002258 (0x002181b3) x3  0x000000008000b010
core   0: 0x000000008000225c (0x9301af07) flw     ft10, -1744(gp)
core   0: 3 0x000000008000225c (0x9301af07) f30 0xffffffff7f3cee4f mem 0x000000008000a940
core   0: 0x0000000080002260 (0x402181b3) sub     gp, gp, sp
core   0: 3 0x0000000080002260 (0x402181b3) x3  0x000000008000a010
core   0: 0x0000000080002264 (0x00100113) li      sp, 1
core   0: 3 0x0000000080002264 (0x00100113) x2  0x0000000000000001
core   0: 0x0000000080002268 (0x00c11113) slli    sp, sp, 12
core   0: 3 0x0000000080002268 (0x00c11113) x2  0x0000000000001000
core   0: 0x000000008000226c (0x002181b3) add     gp, gp, sp
core   0: 3 0x000000008000226c (0x002181b3) x3  0x000000008000b010
core   0: 0x0000000080002270 (0x9341ae87) flw     ft9, -1740(gp)
core   0: 3 0x0000000080002270 (0x9341ae87) f29 0xffffffffbfad7066 mem 0x000000008000a944
core   0: 0x0000000080002274 (0x402181b3) sub     gp, gp, sp
core   0: 3 0x0000000080002274 (0x402181b3) x3  0x000000008000a010
core   0: 0x0000000080002278 (0x00100113) li      sp, 1
core   0: 3 0x0000000080002278 (0x00100113) x2  0x0000000000000001
core   0: 0x000000008000227c (0x00c11113) slli    sp, sp, 12
core   0: 3 0x000000008000227c (0x00c11113) x2  0x0000000000001000
core   0: 0x0000000080002280 (0x002181b3) add     gp, gp, sp
core   0: 3 0x0000000080002280 (0x002181b3) x3  0x000000008000b010
core   0: 0x0000000080002284 (0x9381ae07) flw     ft8, -1736(gp)
core   0: 3 0x0000000080002284 (0x9381ae07) f28 0xfffffffff20fffff mem 0x000000008000a948
core   0: 0x0000000080002288 (0x402181b3) sub     gp, gp, sp
core   0: 3 0x0000000080002288 (0x402181b3) x3  0x000000008000a010
core   0: 0x000000008000228c (0x00000113) li      sp, 0
core   0: 3 0x000000008000228c (0x00000113) x2  0x0000000000000000
core   0: 0x0000000080002290 (0x00311073) csrw    fcsr, sp
core   0: 3 0x0000000080002290 (0x00311073) c1_fflags 0x0000000000000000 c2_frm 0x0000000000000000
core   0: 0x0000000080002294 (0xe1df7fc3) fmadd.s ft11, ft10, ft9, ft8
core   0: 3 0x0000000080002294 (0xe1df7fc3) c1_fflags 0x0000000000000001 f31 0xffffffffff7ffffe
core   0: 0x0000000080002298 (0x00302273) csrr    tp, fcsr
core   0: 3 0x0000000080002298 (0x00302273) x4  0x0000000000000001
core   0: 0x000000008000229c (0x45f0a027) fsw     ft11, 1088(ra)
core   0: 3 0x000000008000229c (0x45f0a027) mem 0x000000008000cd58 0xff7ffffe
core   0: 0x00000000800022a0 (0x4440b423) sd      tp, 1096(ra)
core   0: 3 0x00000000800022a0 (0x4440b423) mem 0x000000008000cd60 0x0000000000000001
core   0: >>>>  inst_37829
core   0: 0x00000000800022a4 (0x00100113) li      sp, 1
core   0: 3 0x00000000800022a4 (0x00100113) x2  0x0000000000000001
core   0: 0x00000000800022a8 (0x00c11113) slli    sp, sp, 12
core   0: 3 0x00000000800022a8 (0x00c11113) x2  0x0000000000001000
core   0: 0x00000000800022ac (0x002181b3) add     gp, gp, sp
core   0: 3 0x00000000800022ac (0x002181b3) x3  0x000000008000b010
core   0: 0x00000000800022b0 (0x93c1af07) flw     ft10, -1732(gp)
core   0: 3 0x00000000800022b0 (0x93c1af07) f30 0xffffffff7f3cee4f mem 0x000000008000a94c
core   0: 0x00000000800022b4 (0x402181b3) sub     gp, gp, sp
core   0: 3 0x00000000800022b4 (0x402181b3) x3  0x000000008000a010
core   0: 0x00000000800022b8 (0x00100113) li      sp, 1
core   0: 3 0x00000000800022b8 (0x00100113) x2  0x0000000000000001
core   0: 0x00000000800022bc (0x00c11113) slli    sp, sp, 12
core   0: 3 0x00000000800022bc (0x00c11113) x2  0x0000000000001000
core   0: 0x00000000800022c0 (0x002181b3) add     gp, gp, sp
core   0: 3 0x00000000800022c0 (0x002181b3) x3  0x000000008000b010
core   0: 0x00000000800022c4 (0x9401ae87) flw     ft9, -1728(gp)
core   0: 3 0x00000000800022c4 (0x9401ae87) f29 0xffffffffbfad7066 mem 0x000000008000a950
core   0: 0x00000000800022c8 (0x402181b3) sub     gp, gp, sp
core   0: 3 0x00000000800022c8 (0x402181b3) x3  0x000000008000a010
core   0: 0x00000000800022cc (0x00100113) li      sp, 1
core   0: 3 0x00000000800022cc (0x00100113) x2  0x0000000000000001
core   0: 0x00000000800022d0 (0x00c11113) slli    sp, sp, 12
core   0: 3 0x00000000800022d0 (0x00c11113) x2  0x0000000000001000
core   0: 0x00000000800022d4 (0x002181b3) add     gp, gp, sp
core   0: 3 0x00000000800022d4 (0x002181b3) x3  0x000000008000b010
core   0: 0x00000000800022d8 (0x9441ae07) flw     ft8, -1724(gp)
core   0: 3 0x00000000800022d8 (0x9441ae07) f28 0xfffffffff21fffff mem 0x000000008000a954
core   0: 0x00000000800022dc (0x402181b3) sub     gp, gp, sp
core   0: 3 0x00000000800022dc (0x402181b3) x3  0x000000008000a010
core   0: 0x00000000800022e0 (0x00000113) li      sp, 0
core   0: 3 0x00000000800022e0 (0x00000113) x2  0x0000000000000000
core   0: 0x00000000800022e4 (0x00311073) csrw    fcsr, sp
core   0: 3 0x00000000800022e4 (0x00311073) c1_fflags 0x0000000000000000 c2_frm 0x0000000000000000
core   0: 0x00000000800022e8 (0xe1df7fc3) fmadd.s ft11, ft10, ft9, ft8
core   0: 3 0x00000000800022e8 (0xe1df7fc3) c1_fflags 0x0000000000000001 f31 0xffffffffff7ffffe
core   0: 0x00000000800022ec (0x00302273) csrr    tp, fcsr
core   0: 3 0x00000000800022ec (0x00302273) x4  0x0000000000000001
core   0: 0x00000000800022f0 (0x45f0a827) fsw     ft11, 1104(ra)
core   0: 3 0x00000000800022f0 (0x45f0a827) mem 0x000000008000cd68 0xff7ffffe
core   0: 0x00000000800022f4 (0x4440bc23) sd      tp, 1112(ra)
core   0: 3 0x00000000800022f4 (0x4440bc23) mem 0x000000008000cd70 0x0000000000000001
core   0: >>>>  inst_37830
core   0: 0x00000000800022f8 (0x00100113) li      sp, 1
core   0: 3 0x00000000800022f8 (0x00100113) x2  0x0000000000000001
core   0: 0x00000000800022fc (0x00c11113) slli    sp, sp, 12
core   0: 3 0x00000000800022fc (0x00c11113) x2  0x0000000000001000
core   0: 0x0000000080002300 (0x002181b3) add     gp, gp, sp
core   0: 3 0x0000000080002300 (0x002181b3) x3  0x000000008000b010
core   0: 0x0000000080002304 (0x9481af07) flw     ft10, -1720(gp)
core   0: 3 0x0000000080002304 (0x9481af07) f30 0xffffffff7f3cee4f mem 0x000000008000a958
core   0: 0x0000000080002308 (0x402181b3) sub     gp, gp, sp
core   0: 3 0x0000000080002308 (0x402181b3) x3  0x000000008000a010
core   0: 0x000000008000230c (0x00100113) li      sp, 1
core   0: 3 0x000000008000230c (0x00100113) x2  0x0000000000000001
core   0: 0x0000000080002310 (0x00c11113) slli    sp, sp, 12
core   0: 3 0x0000000080002310 (0x00c11113) x2  0x0000000000001000
core   0: 0x0000000080002314 (0x002181b3) add     gp, gp, sp
core   0: 3 0x0000000080002314 (0x002181b3) x3  0x000000008000b010
core   0: 0x0000000080002318 (0x94c1ae87) flw     ft9, -1716(gp)
core   0: 3 0x0000000080002318 (0x94c1ae87) f29 0xffffffffbfad7066 mem 0x000000008000a95c
core   0: 0x000000008000231c (0x402181b3) sub     gp, gp, sp
core   0: 3 0x000000008000231c (0x402181b3) x3  0x000000008000a010
core   0: 0x0000000080002320 (0x00100113) li      sp, 1
core   0: 3 0x0000000080002320 (0x00100113) x2  0x0000000000000001
core   0: 0x0000000080002324 (0x00c11113) slli    sp, sp, 12
core   0: 3 0x0000000080002324 (0x00c11113) x2  0x0000000000001000
core   0: 0x0000000080002328 (0x002181b3) add     gp, gp, sp
core   0: 3 0x0000000080002328 (0x002181b3) x3  0x000000008000b010
core   0: 0x000000008000232c (0x9501ae07) flw     ft8, -1712(gp)
core   0: 3 0x000000008000232c (0x9501ae07) f28 0xfffffffff23fffff mem 0x000000008000a960
core   0: 0x0000000080002330 (0x402181b3) sub     gp, gp, sp
core   0: 3 0x0000000080002330 (0x402181b3) x3  0x000000008000a010
core   0: 0x0000000080002334 (0x00000113) li      sp, 0
core   0: 3 0x0000000080002334 (0x00000113) x2  0x0000000000000000
core   0: 0x0000000080002338 (0x00311073) csrw    fcsr, sp
core   0: 3 0x0000000080002338 (0x00311073) c1_fflags 0x0000000000000000 c2_frm 0x0000000000000000
core   0: 0x000000008000233c (0xe1df7fc3) fmadd.s ft11, ft10, ft9, ft8
core   0: 3 0x000000008000233c (0xe1df7fc3) c1_fflags 0x0000000000000001 f31 0xffffffffff7ffffe
core   0: 0x0000000080002340 (0x00302273) csrr    tp, fcsr
core   0: 3 0x0000000080002340 (0x00302273) x4  0x0000000000000001
core   0: 0x0000000080002344 (0x47f0a027) fsw     ft11, 1120(ra)
core   0: 3 0x0000000080002344 (0x47f0a027) mem 0x000000008000cd78 0xff7ffffe
core   0: 0x0000000080002348 (0x4640b423) sd      tp, 1128(ra)
core   0: 3 0x0000000080002348 (0x4640b423) mem 0x000000008000cd80 0x0000000000000001
core   0: >>>>  inst_37831
core   0: 0x000000008000234c (0x00100113) li      sp, 1
core   0: 3 0x000000008000234c (0x00100113) x2  0x0000000000000001
core   0: 0x0000000080002350 (0x00c11113) slli    sp, sp, 12
core   0: 3 0x0000000080002350 (0x00c11113) x2  0x0000000000001000
core   0: 0x0000000080002354 (0x002181b3) add     gp, gp, sp
core   0: 3 0x0000000080002354 (0x002181b3) x3  0x000000008000b010
core   0: 0x0000000080002358 (0x9541af07) flw     ft10, -1708(gp)
core   0: 3 0x0000000080002358 (0x9541af07) f30 0xffffffff7f3cee4f mem 0x000000008000a964
core   0: 0x000000008000235c (0x402181b3) sub     gp, gp, sp
core   0: 3 0x000000008000235c (0x402181b3) x3  0x000000008000a010
core   0: 0x0000000080002360 (0x00100113) li      sp, 1
core   0: 3 0x0000000080002360 (0x00100113) x2  0x0000000000000001
core   0: 0x0000000080002364 (0x00c11113) slli    sp, sp, 12
core   0: 3 0x0000000080002364 (0x00c11113) x2  0x0000000000001000
core   0: 0x0000000080002368 (0x002181b3) add     gp, gp, sp
core   0: 3 0x0000000080002368 (0x002181b3) x3  0x000000008000b010
core   0: 0x000000008000236c (0x9581ae87) flw     ft9, -1704(gp)
core   0: 3 0x000000008000236c (0x9581ae87) f29 0xffffffffbfad7066 mem 0x000000008000a968
core   0: 0x0000000080002370 (0x402181b3) sub     gp, gp, sp
core   0: 3 0x0000000080002370 (0x402181b3) x3  0x000000008000a010
core   0: 0x0000000080002374 (0x00100113) li      sp, 1
core   0: 3 0x0000000080002374 (0x00100113) x2  0x0000000000000001
core   0: 0x0000000080002378 (0x00c11113) slli    sp, sp, 12
core   0: 3 0x0000000080002378 (0x00c11113) x2  0x0000000000001000
core   0: 0x000000008000237c (0x002181b3) add     gp, gp, sp
core   0: 3 0x000000008000237c (0x002181b3) x3  0x000000008000b010
core   0: 0x0000000080002380 (0x95c1ae07) flw     ft8, -1700(gp)
core   0: 3 0x0000000080002380 (0x95c1ae07) f28 0xfffffffff2400000 mem 0x000000008000a96c
core   0: 0x0000000080002384 (0x402181b3) sub     gp, gp, sp
core   0: 3 0x0000000080002384 (0x402181b3) x3  0x000000008000a010
core   0: 0x0000000080002388 (0x00000113) li      sp, 0
core   0: 3 0x0000000080002388 (0x00000113) x2  0x0000000000000000
core   0: 0x000000008000238c (0x00311073) csrw    fcsr, sp
core   0: 3 0x000000008000238c (0x00311073) c1_fflags 0x0000000000000000 c2_frm 0x0000000000000000
core   0: 0x0000000080002390 (0xe1df7fc3) fmadd.s ft11, ft10, ft9, ft8
core   0: 3 0x0000000080002390 (0xe1df7fc3) c1_fflags 0x0000000000000001 f31 0xffffffffff7ffffe
core   0: 0x0000000080002394 (0x00302273) csrr    tp, fcsr
core   0: 3 0x0000000080002394 (0x00302273) x4  0x0000000000000001
core   0: 0x0000000080002398 (0x47f0a827) fsw     ft11, 1136(ra)
core   0: 3 0x0000000080002398 (0x47f0a827) mem 0x000000008000cd88 0xff7ffffe
core   0: 0x000000008000239c (0x4640bc23) sd      tp, 1144(ra)
core   0: 3 0x000000008000239c (0x4640bc23) mem 0x000000008000cd90 0x0000000000000001
core   0: >>>>  inst_37832
core   0: 0x00000000800023a0 (0x00100113) li      sp, 1
core   0: 3 0x00000000800023a0 (0x00100113) x2  0x0000000000000001
core   0: 0x00000000800023a4 (0x00c11113) slli    sp, sp, 12
core   0: 3 0x00000000800023a4 (0x00c11113) x2  0x0000000000001000
core   0: 0x00000000800023a8 (0x002181b3) add     gp, gp, sp
core   0: 3 0x00000000800023a8 (0x002181b3) x3  0x000000008000b010
core   0: 0x00000000800023ac (0x9601af07) flw     ft10, -1696(gp)
core   0: 3 0x00000000800023ac (0x9601af07) f30 0xffffffff7f3cee4f mem 0x000000008000a970
core   0: 0x00000000800023b0 (0x402181b3) sub     gp, gp, sp
core   0: 3 0x00000000800023b0 (0x402181b3) x3  0x000000008000a010
core   0: 0x00000000800023b4 (0x00100113) li      sp, 1
core   0: 3 0x00000000800023b4 (0x00100113) x2  0x0000000000000001
core   0: 0x00000000800023b8 (0x00c11113) slli    sp, sp, 12
core   0: 3 0x00000000800023b8 (0x00c11113) x2  0x0000000000001000
core   0: 0x00000000800023bc (0x002181b3) add     gp, gp, sp
core   0: 3 0x00000000800023bc (0x002181b3) x3  0x000000008000b010
core   0: 0x00000000800023c0 (0x9641ae87) flw     ft9, -1692(gp)
core   0: 3 0x00000000800023c0 (0x9641ae87) f29 0xffffffffbfad7066 mem 0x000000008000a974
core   0: 0x00000000800023c4 (0x402181b3) sub     gp, gp, sp
core   0: 3 0x00000000800023c4 (0x402181b3) x3  0x000000008000a010
core   0: 0x00000000800023c8 (0x00100113) li      sp, 1
core   0: 3 0x00000000800023c8 (0x00100113) x2  0x0000000000000001
core   0: 0x00000000800023cc (0x00c11113) slli    sp, sp, 12
core   0: 3 0x00000000800023cc (0x00c11113) x2  0x0000000000001000
core   0: 0x00000000800023d0 (0x002181b3) add     gp, gp, sp
core   0: 3 0x00000000800023d0 (0x002181b3) x3  0x000000008000b010
core   0: 0x00000000800023d4 (0x9681ae07) flw     ft8, -1688(gp)
core   0: 3 0x00000000800023d4 (0x9681ae07) f28 0xfffffffff2600000 mem 0x000000008000a978
core   0: 0x00000000800023d8 (0x402181b3) sub     gp, gp, sp
core   0: 3 0x00000000800023d8 (0x402181b3) x3  0x000000008000a010
core   0: 0x00000000800023dc (0x00000113) li      sp, 0
core   0: 3 0x00000000800023dc (0x00000113) x2  0x0000000000000000
core   0: 0x00000000800023e0 (0x00311073) csrw    fcsr, sp
core   0: 3 0x00000000800023e0 (0x00311073) c1_fflags 0x0000000000000000 c2_frm 0x0000000000000000
core   0: 0x00000000800023e4 (0xe1df7fc3) fmadd.s ft11, ft10, ft9, ft8
core   0: 3 0x00000000800023e4 (0xe1df7fc3) c1_fflags 0x0000000000000001 f31 0xffffffffff7ffffe
core   0: 0x00000000800023e8 (0x00302273) csrr    tp, fcsr
core   0: 3 0x00000000800023e8 (0x00302273) x4  0x0000000000000001
core   0: 0x00000000800023ec (0x49f0a027) fsw     ft11, 1152(ra)
core   0: 3 0x00000000800023ec (0x49f0a027) mem 0x000000008000cd98 0xff7ffffe
core   0: 0x00000000800023f0 (0x4840b423) sd      tp, 1160(ra)
core   0: 3 0x00000000800023f0 (0x4840b423) mem 0x000000008000cda0 0x0000000000000001
core   0: >>>>  inst_37833
core   0: 0x00000000800023f4 (0x00100113) li      sp, 1
core   0: 3 0x00000000800023f4 (0x00100113) x2  0x0000000000000001
core   0: 0x00000000800023f8 (0x00c11113) slli    sp, sp, 12
core   0: 3 0x00000000800023f8 (0x00c11113) x2  0x0000000000001000
core   0: 0x00000000800023fc (0x002181b3) add     gp, gp, sp
core   0: 3 0x00000000800023fc (0x002181b3) x3  0x000000008000b010
core   0: 0x0000000080002400 (0x96c1af07) flw     ft10, -1684(gp)
core   0: 3 0x0000000080002400 (0x96c1af07) f30 0xffffffff7f3cee4f mem 0x000000008000a97c
core   0: 0x0000000080002404 (0x402181b3) sub     gp, gp, sp
core   0: 3 0x0000000080002404 (0x402181b3) x3  0x000000008000a010
core   0: 0x0000000080002408 (0x00100113) li      sp, 1
core   0: 3 0x0000000080002408 (0x00100113) x2  0x0000000000000001
core   0: 0x000000008000240c (0x00c11113) slli    sp, sp, 12
core   0: 3 0x000000008000240c (0x00c11113) x2  0x0000000000001000
core   0: 0x0000000080002410 (0x002181b3) add     gp, gp, sp
core   0: 3 0x0000000080002410 (0x002181b3) x3  0x000000008000b010
core   0: 0x0000000080002414 (0x9701ae87) flw     ft9, -1680(gp)
core   0: 3 0x0000000080002414 (0x9701ae87) f29 0xffffffffbfad7066 mem 0x000000008000a980
core   0: 0x0000000080002418 (0x402181b3) sub     gp, gp, sp
core   0: 3 0x0000000080002418 (0x402181b3) x3  0x000000008000a010
core   0: 0x000000008000241c (0x00100113) li      sp, 1
core   0: 3 0x000000008000241c (0x00100113) x2  0x0000000000000001
core   0: 0x0000000080002420 (0x00c11113) slli    sp, sp, 12
core   0: 3 0x0000000080002420 (0x00c11113) x2  0x0000000000001000
core   0: 0x0000000080002424 (0x002181b3) add     gp, gp, sp
core   0: 3 0x0000000080002424 (0x002181b3) x3  0x000000008000b010
core   0: 0x0000000080002428 (0x9741ae07) flw     ft8, -1676(gp)
core   0: 3 0x0000000080002428 (0x9741ae07) f28 0xfffffffff2700000 mem 0x000000008000a984
core   0: 0x000000008000242c (0x402181b3) sub     gp, gp, sp
core   0: 3 0x000000008000242c (0x402181b3) x3  0x000000008000a010
core   0: 0x0000000080002430 (0x00000113) li      sp, 0
core   0: 3 0x0000000080002430 (0x00000113) x2  0x0000000000000000
core   0: 0x0000000080002434 (0x00311073) csrw    fcsr, sp
core   0: 3 0x0000000080002434 (0x00311073) c1_fflags 0x0000000000000000 c2_frm 0x0000000000000000
core   0: 0x0000000080002438 (0xe1df7fc3) fmadd.s ft11, ft10, ft9, ft8
core   0: 3 0x0000000080002438 (0xe1df7fc3) c1_fflags 0x0000000000000001 f31 0xffffffffff7ffffe
core   0: 0x000000008000243c (0x00302273) csrr    tp, fcsr
core   0: 3 0x000000008000243c (0x00302273) x4  0x0000000000000001
core   0: 0x0000000080002440 (0x49f0a827) fsw     ft11, 1168(ra)
core   0: 3 0x0000000080002440 (0x49f0a827) mem 0x000000008000cda8 0xff7ffffe
core   0: 0x0000000080002444 (0x4840bc23) sd      tp, 1176(ra)
core   0: 3 0x0000000080002444 (0x4840bc23) mem 0x000000008000cdb0 0x0000000000000001
core   0: >>>>  inst_37834
core   0: 0x0000000080002448 (0x00100113) li      sp, 1
core   0: 3 0x0000000080002448 (0x00100113) x2  0x0000000000000001
core   0: 0x000000008000244c (0x00c11113) slli    sp, sp, 12
core   0: 3 0x000000008000244c (0x00c11113) x2  0x0000000000001000
core   0: 0x0000000080002450 (0x002181b3) add     gp, gp, sp
core   0: 3 0x0000000080002450 (0x002181b3) x3  0x000000008000b010
core   0: 0x0000000080002454 (0x9781af07) flw     ft10, -1672(gp)
core   0: 3 0x0000000080002454 (0x9781af07) f30 0xffffffff7f3cee4f mem 0x000000008000a988
core   0: 0x0000000080002458 (0x402181b3) sub     gp, gp, sp
core   0: 3 0x0000000080002458 (0x402181b3) x3  0x000000008000a010
core   0: 0x000000008000245c (0x00100113) li      sp, 1
core   0: 3 0x000000008000245c (0x00100113) x2  0x0000000000000001
core   0: 0x0000000080002460 (0x00c11113) slli    sp, sp, 12
core   0: 3 0x0000000080002460 (0x00c11113) x2  0x0000000000001000
core   0: 0x0000000080002464 (0x002181b3) add     gp, gp, sp
core   0: 3 0x0000000080002464 (0x002181b3) x3  0x000000008000b010
core   0: 0x0000000080002468 (0x97c1ae87) flw     ft9, -1668(gp)
core   0: 3 0x0000000080002468 (0x97c1ae87) f29 0xffffffffbfad7066 mem 0x000000008000a98c
core   0: 0x000000008000246c (0x402181b3) sub     gp, gp, sp
core   0: 3 0x000000008000246c (0x402181b3) x3  0x000000008000a010
core   0: 0x0000000080002470 (0x00100113) li      sp, 1
core   0: 3 0x0000000080002470 (0x00100113) x2  0x0000000000000001
core   0: 0x0000000080002474 (0x00c11113) slli    sp, sp, 12
core   0: 3 0x0000000080002474 (0x00c11113) x2  0x0000000000001000
core   0: 0x0000000080002478 (0x002181b3) add     gp, gp, sp
core   0: 3 0x0000000080002478 (0x002181b3) x3  0x000000008000b010
core   0: 0x000000008000247c (0x9801ae07) flw     ft8, -1664(gp)
core   0: 3 0x000000008000247c (0x9801ae07) f28 0xfffffffff2780000 mem 0x000000008000a990
core   0: 0x0000000080002480 (0x402181b3) sub     gp, gp, sp
core   0: 3 0x0000000080002480 (0x402181b3) x3  0x000000008000a010
core   0: 0x0000000080002484 (0x00000113) li      sp, 0
core   0: 3 0x0000000080002484 (0x00000113) x2  0x0000000000000000
core   0: 0x0000000080002488 (0x00311073) csrw    fcsr, sp
core   0: 3 0x0000000080002488 (0x00311073) c1_fflags 0x0000000000000000 c2_frm 0x0000000000000000
core   0: 0x000000008000248c (0xe1df7fc3) fmadd.s ft11, ft10, ft9, ft8
core   0: 3 0x000000008000248c (0xe1df7fc3) c1_fflags 0x0000000000000001 f31 0xffffffffff7ffffe
core   0: 0x0000000080002490 (0x00302273) csrr    tp, fcsr
core   0: 3 0x0000000080002490 (0x00302273) x4  0x0000000000000001
core   0: 0x0000000080002494 (0x4bf0a027) fsw     ft11, 1184(ra)
core   0: 3 0x0000000080002494 (0x4bf0a027) mem 0x000000008000cdb8 0xff7ffffe
core   0: 0x0000000080002498 (0x4a40b423) sd      tp, 1192(ra)
core   0: 3 0x0000000080002498 (0x4a40b423) mem 0x000000008000cdc0 0x0000000000000001
core   0: >>>>  inst_37835
core   0: 0x000000008000249c (0x00100113) li      sp, 1
core   0: 3 0x000000008000249c (0x00100113) x2  0x0000000000000001
core   0: 0x00000000800024a0 (0x00c11113) slli    sp, sp, 12
core   0: 3 0x00000000800024a0 (0x00c11113) x2  0x0000000000001000
core   0: 0x00000000800024a4 (0x002181b3) add     gp, gp, sp
core   0: 3 0x00000000800024a4 (0x002181b3) x3  0x000000008000b010
core   0: 0x00000000800024a8 (0x9841af07) flw     ft10, -1660(gp)
core   0: 3 0x00000000800024a8 (0x9841af07) f30 0xffffffff7f3cee4f mem 0x000000008000a994
core   0: 0x00000000800024ac (0x402181b3) sub     gp, gp, sp
core   0: 3 0x00000000800024ac (0x402181b3) x3  0x000000008000a010
core   0: 0x00000000800024b0 (0x00100113) li      sp, 1
core   0: 3 0x00000000800024b0 (0x00100113) x2  0x0000000000000001
core   0: 0x00000000800024b4 (0x00c11113) slli    sp, sp, 12
core   0: 3 0x00000000800024b4 (0x00c11113) x2  0x0000000000001000
core   0: 0x00000000800024b8 (0x002181b3) add     gp, gp, sp
core   0: 3 0x00000000800024b8 (0x002181b3) x3  0x000000008000b010
core   0: 0x00000000800024bc (0x9881ae87) flw     ft9, -1656(gp)
core   0: 3 0x00000000800024bc (0x9881ae87) f29 0xffffffffbfad7066 mem 0x000000008000a998
core   0: 0x00000000800024c0 (0x402181b3) sub     gp, gp, sp
core   0: 3 0x00000000800024c0 (0x402181b3) x3  0x000000008000a010
core   0: 0x00000000800024c4 (0x00100113) li      sp, 1
core   0: 3 0x00000000800024c4 (0x00100113) x2  0x0000000000000001
core   0: 0x00000000800024c8 (0x00c11113) slli    sp, sp, 12
core   0: 3 0x00000000800024c8 (0x00c11113) x2  0x0000000000001000
core   0: 0x00000000800024cc (0x002181b3) add     gp, gp, sp
core   0: 3 0x00000000800024cc (0x002181b3) x3  0x000000008000b010
core   0: 0x00000000800024d0 (0x98c1ae07) flw     ft8, -1652(gp)
core   0: 3 0x00000000800024d0 (0x98c1ae07) f28 0xfffffffff27c0000 mem 0x000000008000a99c
core   0: 0x00000000800024d4 (0x402181b3) sub     gp, gp, sp
core   0: 3 0x00000000800024d4 (0x402181b3) x3  0x000000008000a010
core   0: 0x00000000800024d8 (0x00000113) li      sp, 0
core   0: 3 0x00000000800024d8 (0x00000113) x2  0x0000000000000000
core   0: 0x00000000800024dc (0x00311073) csrw    fcsr, sp
core   0: 3 0x00000000800024dc (0x00311073) c1_fflags 0x0000000000000000 c2_frm 0x0000000000000000
core   0: 0x00000000800024e0 (0xe1df7fc3) fmadd.s ft11, ft10, ft9, ft8
core   0: 3 0x00000000800024e0 (0xe1df7fc3) c1_fflags 0x0000000000000001 f31 0xffffffffff7ffffe
core   0: 0x00000000800024e4 (0x00302273) csrr    tp, fcsr
core   0: 3 0x00000000800024e4 (0x00302273) x4  0x0000000000000001
core   0: 0x00000000800024e8 (0x4bf0a827) fsw     ft11, 1200(ra)
core   0: 3 0x00000000800024e8 (0x4bf0a827) mem 0x000000008000cdc8 0xff7ffffe
core   0: 0x00000000800024ec (0x4a40bc23) sd      tp, 1208(ra)
core   0: 3 0x00000000800024ec (0x4a40bc23) mem 0x000000008000cdd0 0x0000000000000001
core   0: >>>>  inst_37836
core   0: 0x00000000800024f0 (0x00100113) li      sp, 1
core   0: 3 0x00000000800024f0 (0x00100113) x2  0x0000000000000001
core   0: 0x00000000800024f4 (0x00c11113) slli    sp, sp, 12
core   0: 3 0x00000000800024f4 (0x00c11113) x2  0x0000000000001000
core   0: 0x00000000800024f8 (0x002181b3) add     gp, gp, sp
core   0: 3 0x00000000800024f8 (0x002181b3) x3  0x000000008000b010
core   0: 0x00000000800024fc (0x9901af07) flw     ft10, -1648(gp)
core   0: 3 0x00000000800024fc (0x9901af07) f30 0xffffffff7f3cee4f mem 0x000000008000a9a0
core   0: 0x0000000080002500 (0x402181b3) sub     gp, gp, sp
core   0: 3 0x0000000080002500 (0x402181b3) x3  0x000000008000a010
core   0: 0x0000000080002504 (0x00100113) li      sp, 1
core   0: 3 0x0000000080002504 (0x00100113) x2  0x0000000000000001
core   0: 0x0000000080002508 (0x00c11113) slli    sp, sp, 12
core   0: 3 0x0000000080002508 (0x00c11113) x2  0x0000000000001000
core   0: 0x000000008000250c (0x002181b3) add     gp, gp, sp
core   0: 3 0x000000008000250c (0x002181b3) x3  0x000000008000b010
core   0: 0x0000000080002510 (0x9941ae87) flw     ft9, -1644(gp)
core   0: 3 0x0000000080002510 (0x9941ae87) f29 0xffffffffbfad7066 mem 0x000000008000a9a4
core   0: 0x0000000080002514 (0x402181b3) sub     gp, gp, sp
core   0: 3 0x0000000080002514 (0x402181b3) x3  0x000000008000a010
core   0: 0x0000000080002518 (0x00100113) li      sp, 1
core   0: 3 0x0000000080002518 (0x00100113) x2  0x0000000000000001
core   0: 0x000000008000251c (0x00c11113) slli    sp, sp, 12
core   0: 3 0x000000008000251c (0x00c11113) x2  0x0000000000001000
core   0: 0x0000000080002520 (0x002181b3) add     gp, gp, sp
core   0: 3 0x0000000080002520 (0x002181b3) x3  0x000000008000b010
core   0: 0x0000000080002524 (0x9981ae07) flw     ft8, -1640(gp)
core   0: 3 0x0000000080002524 (0x9981ae07) f28 0xfffffffff27e0000 mem 0x000000008000a9a8
core   0: 0x0000000080002528 (0x402181b3) sub     gp, gp, sp
core   0: 3 0x0000000080002528 (0x402181b3) x3  0x000000008000a010
core   0: 0x000000008000252c (0x00000113) li      sp, 0
core   0: 3 0x000000008000252c (0x00000113) x2  0x0000000000000000
core   0: 0x0000000080002530 (0x00311073) csrw    fcsr, sp
core   0: 3 0x0000000080002530 (0x00311073) c1_fflags 0x0000000000000000 c2_frm 0x0000000000000000
core   0: 0x0000000080002534 (0xe1df7fc3) fmadd.s ft11, ft10, ft9, ft8
core   0: 3 0x0000000080002534 (0xe1df7fc3) c1_fflags 0x0000000000000001 f31 0xffffffffff7ffffe
core   0: 0x0000000080002538 (0x00302273) csrr    tp, fcsr
core   0: 3 0x0000000080002538 (0x00302273) x4  0x0000000000000001
core   0: 0x000000008000253c (0x4df0a027) fsw     ft11, 1216(ra)
core   0: 3 0x000000008000253c (0x4df0a027) mem 0x000000008000cdd8 0xff7ffffe
core   0: 0x0000000080002540 (0x4c40b423) sd      tp, 1224(ra)
core   0: 3 0x0000000080002540 (0x4c40b423) mem 0x000000008000cde0 0x0000000000000001
core   0: >>>>  inst_37837
core   0: 0x0000000080002544 (0x00100113) li      sp, 1
core   0: 3 0x0000000080002544 (0x00100113) x2  0x0000000000000001
core   0: 0x0000000080002548 (0x00c11113) slli    sp, sp, 12
core   0: 3 0x0000000080002548 (0x00c11113) x2  0x0000000000001000
core   0: 0x000000008000254c (0x002181b3) add     gp, gp, sp
core   0: 3 0x000000008000254c (0x002181b3) x3  0x000000008000b010
core   0: 0x0000000080002550 (0x99c1af07) flw     ft10, -1636(gp)
core   0: 3 0x0000000080002550 (0x99c1af07) f30 0xffffffff7f3cee4f mem 0x000000008000a9ac
core   0: 0x0000000080002554 (0x402181b3) sub     gp, gp, sp
core   0: 3 0x0000000080002554 (0x402181b3) x3  0x000000008000a010
core   0: 0x0000000080002558 (0x00100113) li      sp, 1
core   0: 3 0x0000000080002558 (0x00100113) x2  0x0000000000000001
core   0: 0x000000008000255c (0x00c11113) slli    sp, sp, 12
core   0: 3 0x000000008000255c (0x00c11113) x2  0x0000000000001000
core   0: 0x0000000080002560 (0x002181b3) add     gp, gp, sp
core   0: 3 0x0000000080002560 (0x002181b3) x3  0x000000008000b010
core   0: 0x0000000080002564 (0x9a01ae87) flw     ft9, -1632(gp)
core   0: 3 0x0000000080002564 (0x9a01ae87) f29 0xffffffffbfad7066 mem 0x000000008000a9b0
core   0: 0x0000000080002568 (0x402181b3) sub     gp, gp, sp
core   0: 3 0x0000000080002568 (0x402181b3) x3  0x000000008000a010
core   0: 0x000000008000256c (0x00100113) li      sp, 1
core   0: 3 0x000000008000256c (0x00100113) x2  0x0000000000000001
core   0: 0x0000000080002570 (0x00c11113) slli    sp, sp, 12
core   0: 3 0x0000000080002570 (0x00c11113) x2  0x0000000000001000
core   0: 0x0000000080002574 (0x002181b3) add     gp, gp, sp
core   0: 3 0x0000000080002574 (0x002181b3) x3  0x000000008000b010
core   0: 0x0000000080002578 (0x9a41ae07) flw     ft8, -1628(gp)
core   0: 3 0x0000000080002578 (0x9a41ae07) f28 0xfffffffff27f0000 mem 0x000000008000a9b4
core   0: 0x000000008000257c (0x402181b3) sub     gp, gp, sp
core   0: 3 0x000000008000257c (0x402181b3) x3  0x000000008000a010
core   0: 0x0000000080002580 (0x00000113) li      sp, 0
core   0: 3 0x0000000080002580 (0x00000113) x2  0x0000000000000000
core   0: 0x0000000080002584 (0x00311073) csrw    fcsr, sp
core   0: 3 0x0000000080002584 (0x00311073) c1_fflags 0x0000000000000000 c2_frm 0x0000000000000000
core   0: 0x0000000080002588 (0xe1df7fc3) fmadd.s ft11, ft10, ft9, ft8
core   0: 3 0x0000000080002588 (0xe1df7fc3) c1_fflags 0x0000000000000001 f31 0xffffffffff7ffffe
core   0: 0x000000008000258c (0x00302273) csrr    tp, fcsr
core   0: 3 0x000000008000258c (0x00302273) x4  0x0000000000000001
core   0: 0x0000000080002590 (0x4df0a827) fsw     ft11, 1232(ra)
core   0: 3 0x0000000080002590 (0x4df0a827) mem 0x000000008000cde8 0xff7ffffe
core   0: 0x0000000080002594 (0x4c40bc23) sd      tp, 1240(ra)
core   0: 3 0x0000000080002594 (0x4c40bc23) mem 0x000000008000cdf0 0x0000000000000001
core   0: >>>>  inst_37838
core   0: 0x0000000080002598 (0x00100113) li      sp, 1
core   0: 3 0x0000000080002598 (0x00100113) x2  0x0000000000000001
core   0: 0x000000008000259c (0x00c11113) slli    sp, sp, 12
core   0: 3 0x000000008000259c (0x00c11113) x2  0x0000000000001000
core   0: 0x00000000800025a0 (0x002181b3) add     gp, gp, sp
core   0: 3 0x00000000800025a0 (0x002181b3) x3  0x000000008000b010
core   0: 0x00000000800025a4 (0x9a81af07) flw     ft10, -1624(gp)
core   0: 3 0x00000000800025a4 (0x9a81af07) f30 0xffffffff7f3cee4f mem 0x000000008000a9b8
core   0: 0x00000000800025a8 (0x402181b3) sub     gp, gp, sp
core   0: 3 0x00000000800025a8 (0x402181b3) x3  0x000000008000a010
core   0: 0x00000000800025ac (0x00100113) li      sp, 1
core   0: 3 0x00000000800025ac (0x00100113) x2  0x0000000000000001
core   0: 0x00000000800025b0 (0x00c11113) slli    sp, sp, 12
core   0: 3 0x00000000800025b0 (0x00c11113) x2  0x0000000000001000
core   0: 0x00000000800025b4 (0x002181b3) add     gp, gp, sp
core   0: 3 0x00000000800025b4 (0x002181b3) x3  0x000000008000b010
core   0: 0x00000000800025b8 (0x9ac1ae87) flw     ft9, -1620(gp)
core   0: 3 0x00000000800025b8 (0x9ac1ae87) f29 0xffffffffbfad7066 mem 0x000000008000a9bc
core   0: 0x00000000800025bc (0x402181b3) sub     gp, gp, sp
core   0: 3 0x00000000800025bc (0x402181b3) x3  0x000000008000a010
core   0: 0x00000000800025c0 (0x00100113) li      sp, 1
core   0: 3 0x00000000800025c0 (0x00100113) x2  0x0000000000000001
core   0: 0x00000000800025c4 (0x00c11113) slli    sp, sp, 12
core   0: 3 0x00000000800025c4 (0x00c11113) x2  0x0000000000001000
core   0: 0x00000000800025c8 (0x002181b3) add     gp, gp, sp
core   0: 3 0x00000000800025c8 (0x002181b3) x3  0x000000008000b010
core   0: 0x00000000800025cc (0x9b01ae07) flw     ft8, -1616(gp)
core   0: 3 0x00000000800025cc (0x9b01ae07) f28 0xfffffffff27f8000 mem 0x000000008000a9c0
core   0: 0x00000000800025d0 (0x402181b3) sub     gp, gp, sp
core   0: 3 0x00000000800025d0 (0x402181b3) x3  0x000000008000a010
core   0: 0x00000000800025d4 (0x00000113) li      sp, 0
core   0: 3 0x00000000800025d4 (0x00000113) x2  0x0000000000000000
core   0: 0x00000000800025d8 (0x00311073) csrw    fcsr, sp
core   0: 3 0x00000000800025d8 (0x00311073) c1_fflags 0x0000000000000000 c2_frm 0x0000000000000000
core   0: 0x00000000800025dc (0xe1df7fc3) fmadd.s ft11, ft10, ft9, ft8
core   0: 3 0x00000000800025dc (0xe1df7fc3) c1_fflags 0x0000000000000001 f31 0xffffffffff7ffffe
core   0: 0x00000000800025e0 (0x00302273) csrr    tp, fcsr
core   0: 3 0x00000000800025e0 (0x00302273) x4  0x0000000000000001
core   0: 0x00000000800025e4 (0x4ff0a027) fsw     ft11, 1248(ra)
core   0: 3 0x00000000800025e4 (0x4ff0a027) mem 0x000000008000cdf8 0xff7ffffe
core   0: 0x00000000800025e8 (0x4e40b423) sd      tp, 1256(ra)
core   0: 3 0x00000000800025e8 (0x4e40b423) mem 0x000000008000ce00 0x0000000000000001
core   0: >>>>  inst_37839
core   0: 0x00000000800025ec (0x00100113) li      sp, 1
core   0: 3 0x00000000800025ec (0x00100113) x2  0x0000000000000001
core   0: 0x00000000800025f0 (0x00c11113) slli    sp, sp, 12
core   0: 3 0x00000000800025f0 (0x00c11113) x2  0x0000000000001000
core   0: 0x00000000800025f4 (0x002181b3) add     gp, gp, sp
core   0: 3 0x00000000800025f4 (0x002181b3) x3  0x000000008000b010
core   0: 0x00000000800025f8 (0x9b41af07) flw     ft10, -1612(gp)
core   0: 3 0x00000000800025f8 (0x9b41af07) f30 0xffffffff7f3cee4f mem 0x000000008000a9c4
core   0: 0x00000000800025fc (0x402181b3) sub     gp, gp, sp
core   0: 3 0x00000000800025fc (0x402181b3) x3  0x000000008000a010
core   0: 0x0000000080002600 (0x00100113) li      sp, 1
core   0: 3 0x0000000080002600 (0x00100113) x2  0x0000000000000001
core   0: 0x0000000080002604 (0x00c11113) slli    sp, sp, 12
core   0: 3 0x0000000080002604 (0x00c11113) x2  0x0000000000001000
core   0: 0x0000000080002608 (0x002181b3) add     gp, gp, sp
core   0: 3 0x0000000080002608 (0x002181b3) x3  0x000000008000b010
core   0: 0x000000008000260c (0x9b81ae87) flw     ft9, -1608(gp)
core   0: 3 0x000000008000260c (0x9b81ae87) f29 0xffffffffbfad7066 mem 0x000000008000a9c8
core   0: 0x0000000080002610 (0x402181b3) sub     gp, gp, sp
core   0: 3 0x0000000080002610 (0x402181b3) x3  0x000000008000a010
core   0: 0x0000000080002614 (0x00100113) li      sp, 1
core   0: 3 0x0000000080002614 (0x00100113) x2  0x0000000000000001
core   0: 0x0000000080002618 (0x00c11113) slli    sp, sp, 12
core   0: 3 0x0000000080002618 (0x00c11113) x2  0x0000000000001000
core   0: 0x000000008000261c (0x002181b3) add     gp, gp, sp
core   0: 3 0x000000008000261c (0x002181b3) x3  0x000000008000b010
core   0: 0x0000000080002620 (0x9bc1ae07) flw     ft8, -1604(gp)
core   0: 3 0x0000000080002620 (0x9bc1ae07) f28 0xfffffffff27fc000 mem 0x000000008000a9cc
core   0: 0x0000000080002624 (0x402181b3) sub     gp, gp, sp
core   0: 3 0x0000000080002624 (0x402181b3) x3  0x000000008000a010
core   0: 0x0000000080002628 (0x00000113) li      sp, 0
core   0: 3 0x0000000080002628 (0x00000113) x2  0x0000000000000000
core   0: 0x000000008000262c (0x00311073) csrw    fcsr, sp
core   0: 3 0x000000008000262c (0x00311073) c1_fflags 0x0000000000000000 c2_frm 0x0000000000000000
core   0: 0x0000000080002630 (0xe1df7fc3) fmadd.s ft11, ft10, ft9, ft8
core   0: 3 0x0000000080002630 (0xe1df7fc3) c1_fflags 0x0000000000000001 f31 0xffffffffff7ffffe
core   0: 0x0000000080002634 (0x00302273) csrr    tp, fcsr
core   0: 3 0x0000000080002634 (0x00302273) x4  0x0000000000000001
core   0: 0x0000000080002638 (0x4ff0a827) fsw     ft11, 1264(ra)
core   0: 3 0x0000000080002638 (0x4ff0a827) mem 0x000000008000ce08 0xff7ffffe
core   0: 0x000000008000263c (0x4e40bc23) sd      tp, 1272(ra)
core   0: 3 0x000000008000263c (0x4e40bc23) mem 0x000000008000ce10 0x0000000000000001
core   0: >>>>  inst_37840
core   0: 0x0000000080002640 (0x00100113) li      sp, 1
core   0: 3 0x0000000080002640 (0x00100113) x2  0x0000000000000001
core   0: 0x0000000080002644 (0x00c11113) slli    sp, sp, 12
core   0: 3 0x0000000080002644 (0x00c11113) x2  0x0000000000001000
core   0: 0x0000000080002648 (0x002181b3) add     gp, gp, sp
core   0: 3 0x0000000080002648 (0x002181b3) x3  0x000000008000b010
core   0: 0x000000008000264c (0x9c01af07) flw     ft10, -1600(gp)
core   0: 3 0x000000008000264c (0x9c01af07) f30 0xffffffff7f3cee4f mem 0x000000008000a9d0
core   0: 0x0000000080002650 (0x402181b3) sub     gp, gp, sp
core   0: 3 0x0000000080002650 (0x402181b3) x3  0x000000008000a010
core   0: 0x0000000080002654 (0x00100113) li      sp, 1
core   0: 3 0x0000000080002654 (0x00100113) x2  0x0000000000000001
core   0: 0x0000000080002658 (0x00c11113) slli    sp, sp, 12
core   0: 3 0x0000000080002658 (0x00c11113) x2  0x0000000000001000
core   0: 0x000000008000265c (0x002181b3) add     gp, gp, sp
core   0: 3 0x000000008000265c (0x002181b3) x3  0x000000008000b010
core   0: 0x0000000080002660 (0x9c41ae87) flw     ft9, -1596(gp)
core   0: 3 0x0000000080002660 (0x9c41ae87) f29 0xffffffffbfad7066 mem 0x000000008000a9d4
core   0: 0x0000000080002664 (0x402181b3) sub     gp, gp, sp
core   0: 3 0x0000000080002664 (0x402181b3) x3  0x000000008000a010
core   0: 0x0000000080002668 (0x00100113) li      sp, 1
core   0: 3 0x0000000080002668 (0x00100113) x2  0x0000000000000001
core   0: 0x000000008000266c (0x00c11113) slli    sp, sp, 12
core   0: 3 0x000000008000266c (0x00c11113) x2  0x0000000000001000
core   0: 0x0000000080002670 (0x002181b3) add     gp, gp, sp
core   0: 3 0x0000000080002670 (0x002181b3) x3  0x000000008000b010
core   0: 0x0000000080002674 (0x9c81ae07) flw     ft8, -1592(gp)
core   0: 3 0x0000000080002674 (0x9c81ae07) f28 0xfffffffff27fe000 mem 0x000000008000a9d8
core   0: 0x0000000080002678 (0x402181b3) sub     gp, gp, sp
core   0: 3 0x0000000080002678 (0x402181b3) x3  0x000000008000a010
core   0: 0x000000008000267c (0x00000113) li      sp, 0
core   0: 3 0x000000008000267c (0x00000113) x2  0x0000000000000000
core   0: 0x0000000080002680 (0x00311073) csrw    fcsr, sp
core   0: 3 0x0000000080002680 (0x00311073) c1_fflags 0x0000000000000000 c2_frm 0x0000000000000000
core   0: 0x0000000080002684 (0xe1df7fc3) fmadd.s ft11, ft10, ft9, ft8
core   0: 3 0x0000000080002684 (0xe1df7fc3) c1_fflags 0x0000000000000001 f31 0xffffffffff7ffffe
core   0: 0x0000000080002688 (0x00302273) csrr    tp, fcsr
core   0: 3 0x0000000080002688 (0x00302273) x4  0x0000000000000001
core   0: 0x000000008000268c (0x51f0a027) fsw     ft11, 1280(ra)
core   0: 3 0x000000008000268c (0x51f0a027) mem 0x000000008000ce18 0xff7ffffe
core   0: 0x0000000080002690 (0x5040b423) sd      tp, 1288(ra)
core   0: 3 0x0000000080002690 (0x5040b423) mem 0x000000008000ce20 0x0000000000000001
core   0: >>>>  inst_37841
core   0: 0x0000000080002694 (0x00100113) li      sp, 1
core   0: 3 0x0000000080002694 (0x00100113) x2  0x0000000000000001
core   0: 0x0000000080002698 (0x00c11113) slli    sp, sp, 12
core   0: 3 0x0000000080002698 (0x00c11113) x2  0x0000000000001000
core   0: 0x000000008000269c (0x002181b3) add     gp, gp, sp
core   0: 3 0x000000008000269c (0x002181b3) x3  0x000000008000b010
core   0: 0x00000000800026a0 (0x9cc1af07) flw     ft10, -1588(gp)
core   0: 3 0x00000000800026a0 (0x9cc1af07) f30 0xffffffff7f3cee4f mem 0x000000008000a9dc
core   0: 0x00000000800026a4 (0x402181b3) sub     gp, gp, sp
core   0: 3 0x00000000800026a4 (0x402181b3) x3  0x000000008000a010
core   0: 0x00000000800026a8 (0x00100113) li      sp, 1
core   0: 3 0x00000000800026a8 (0x00100113) x2  0x0000000000000001
core   0: 0x00000000800026ac (0x00c11113) slli    sp, sp, 12
core   0: 3 0x00000000800026ac (0x00c11113) x2  0x0000000000001000
core   0: 0x00000000800026b0 (0x002181b3) add     gp, gp, sp
core   0: 3 0x00000000800026b0 (0x002181b3) x3  0x000000008000b010
core   0: 0x00000000800026b4 (0x9d01ae87) flw     ft9, -1584(gp)
core   0: 3 0x00000000800026b4 (0x9d01ae87) f29 0xffffffffbfad7066 mem 0x000000008000a9e0
core   0: 0x00000000800026b8 (0x402181b3) sub     gp, gp, sp
core   0: 3 0x00000000800026b8 (0x402181b3) x3  0x000000008000a010
core   0: 0x00000000800026bc (0x00100113) li      sp, 1
core   0: 3 0x00000000800026bc (0x00100113) x2  0x0000000000000001
core   0: 0x00000000800026c0 (0x00c11113) slli    sp, sp, 12
core   0: 3 0x00000000800026c0 (0x00c11113) x2  0x0000000000001000
core   0: 0x00000000800026c4 (0x002181b3) add     gp, gp, sp
core   0: 3 0x00000000800026c4 (0x002181b3) x3  0x000000008000b010
core   0: 0x00000000800026c8 (0x9d41ae07) flw     ft8, -1580(gp)
core   0: 3 0x00000000800026c8 (0x9d41ae07) f28 0xfffffffff27ff000 mem 0x000000008000a9e4
core   0: 0x00000000800026cc (0x402181b3) sub     gp, gp, sp
core   0: 3 0x00000000800026cc (0x402181b3) x3  0x000000008000a010
core   0: 0x00000000800026d0 (0x00000113) li      sp, 0
core   0: 3 0x00000000800026d0 (0x00000113) x2  0x0000000000000000
core   0: 0x00000000800026d4 (0x00311073) csrw    fcsr, sp
core   0: 3 0x00000000800026d4 (0x00311073) c1_fflags 0x0000000000000000 c2_frm 0x0000000000000000
core   0: 0x00000000800026d8 (0xe1df7fc3) fmadd.s ft11, ft10, ft9, ft8
core   0: 3 0x00000000800026d8 (0xe1df7fc3) c1_fflags 0x0000000000000001 f31 0xffffffffff7ffffe
core   0: 0x00000000800026dc (0x00302273) csrr    tp, fcsr
core   0: 3 0x00000000800026dc (0x00302273) x4  0x0000000000000001
core   0: 0x00000000800026e0 (0x51f0a827) fsw     ft11, 1296(ra)
core   0: 3 0x00000000800026e0 (0x51f0a827) mem 0x000000008000ce28 0xff7ffffe
core   0: 0x00000000800026e4 (0x5040bc23) sd      tp, 1304(ra)
core   0: 3 0x00000000800026e4 (0x5040bc23) mem 0x000000008000ce30 0x0000000000000001
core   0: >>>>  inst_37842
core   0: 0x00000000800026e8 (0x00100113) li      sp, 1
core   0: 3 0x00000000800026e8 (0x00100113) x2  0x0000000000000001
core   0: 0x00000000800026ec (0x00c11113) slli    sp, sp, 12
core   0: 3 0x00000000800026ec (0x00c11113) x2  0x0000000000001000
core   0: 0x00000000800026f0 (0x002181b3) add     gp, gp, sp
core   0: 3 0x00000000800026f0 (0x002181b3) x3  0x000000008000b010
core   0: 0x00000000800026f4 (0x9d81af07) flw     ft10, -1576(gp)
core   0: 3 0x00000000800026f4 (0x9d81af07) f30 0xffffffff7f3cee4f mem 0x000000008000a9e8
core   0: 0x00000000800026f8 (0x402181b3) sub     gp, gp, sp
core   0: 3 0x00000000800026f8 (0x402181b3) x3  0x000000008000a010
core   0: 0x00000000800026fc (0x00100113) li      sp, 1
core   0: 3 0x00000000800026fc (0x00100113) x2  0x0000000000000001
core   0: 0x0000000080002700 (0x00c11113) slli    sp, sp, 12
core   0: 3 0x0000000080002700 (0x00c11113) x2  0x0000000000001000
core   0: 0x0000000080002704 (0x002181b3) add     gp, gp, sp
core   0: 3 0x0000000080002704 (0x002181b3) x3  0x000000008000b010
core   0: 0x0000000080002708 (0x9dc1ae87) flw     ft9, -1572(gp)
core   0: 3 0x0000000080002708 (0x9dc1ae87) f29 0xffffffffbfad7066 mem 0x000000008000a9ec
core   0: 0x000000008000270c (0x402181b3) sub     gp, gp, sp
core   0: 3 0x000000008000270c (0x402181b3) x3  0x000000008000a010
core   0: 0x0000000080002710 (0x00100113) li      sp, 1
core   0: 3 0x0000000080002710 (0x00100113) x2  0x0000000000000001
core   0: 0x0000000080002714 (0x00c11113) slli    sp, sp, 12
core   0: 3 0x0000000080002714 (0x00c11113) x2  0x0000000000001000
core   0: 0x0000000080002718 (0x002181b3) add     gp, gp, sp
core   0: 3 0x0000000080002718 (0x002181b3) x3  0x000000008000b010
core   0: 0x000000008000271c (0x9e01ae07) flw     ft8, -1568(gp)
core   0: 3 0x000000008000271c (0x9e01ae07) f28 0xfffffffff27ff800 mem 0x000000008000a9f0
core   0: 0x0000000080002720 (0x402181b3) sub     gp, gp, sp
core   0: 3 0x0000000080002720 (0x402181b3) x3  0x000000008000a010
core   0: 0x0000000080002724 (0x00000113) li      sp, 0
core   0: 3 0x0000000080002724 (0x00000113) x2  0x0000000000000000
core   0: 0x0000000080002728 (0x00311073) csrw    fcsr, sp
core   0: 3 0x0000000080002728 (0x00311073) c1_fflags 0x0000000000000000 c2_frm 0x0000000000000000
core   0: 0x000000008000272c (0xe1df7fc3) fmadd.s ft11, ft10, ft9, ft8
core   0: 3 0x000000008000272c (0xe1df7fc3) c1_fflags 0x0000000000000001 f31 0xffffffffff7ffffe
core   0: 0x0000000080002730 (0x00302273) csrr    tp, fcsr
core   0: 3 0x0000000080002730 (0x00302273) x4  0x0000000000000001
core   0: 0x0000000080002734 (0x53f0a027) fsw     ft11, 1312(ra)
core   0: 3 0x0000000080002734 (0x53f0a027) mem 0x000000008000ce38 0xff7ffffe
core   0: 0x0000000080002738 (0x5240b423) sd      tp, 1320(ra)
core   0: 3 0x0000000080002738 (0x5240b423) mem 0x000000008000ce40 0x0000000000000001
core   0: >>>>  inst_37843
core   0: 0x000000008000273c (0x00100113) li      sp, 1
core   0: 3 0x000000008000273c (0x00100113) x2  0x0000000000000001
core   0: 0x0000000080002740 (0x00c11113) slli    sp, sp, 12
core   0: 3 0x0000000080002740 (0x00c11113) x2  0x0000000000001000
core   0: 0x0000000080002744 (0x002181b3) add     gp, gp, sp
core   0: 3 0x0000000080002744 (0x002181b3) x3  0x000000008000b010
core   0: 0x0000000080002748 (0x9e41af07) flw     ft10, -1564(gp)
core   0: 3 0x0000000080002748 (0x9e41af07) f30 0xffffffff7f3cee4f mem 0x000000008000a9f4
core   0: 0x000000008000274c (0x402181b3) sub     gp, gp, sp
core   0: 3 0x000000008000274c (0x402181b3) x3  0x000000008000a010
core   0: 0x0000000080002750 (0x00100113) li      sp, 1
core   0: 3 0x0000000080002750 (0x00100113) x2  0x0000000000000001
core   0: 0x0000000080002754 (0x00c11113) slli    sp, sp, 12
core   0: 3 0x0000000080002754 (0x00c11113) x2  0x0000000000001000
core   0: 0x0000000080002758 (0x002181b3) add     gp, gp, sp
core   0: 3 0x0000000080002758 (0x002181b3) x3  0x000000008000b010
core   0: 0x000000008000275c (0x9e81ae87) flw     ft9, -1560(gp)
core   0: 3 0x000000008000275c (0x9e81ae87) f29 0xffffffffbfad7066 mem 0x000000008000a9f8
core   0: 0x0000000080002760 (0x402181b3) sub     gp, gp, sp
core   0: 3 0x0000000080002760 (0x402181b3) x3  0x000000008000a010
core   0: 0x0000000080002764 (0x00100113) li      sp, 1
core   0: 3 0x0000000080002764 (0x00100113) x2  0x0000000000000001
core   0: 0x0000000080002768 (0x00c11113) slli    sp, sp, 12
core   0: 3 0x0000000080002768 (0x00c11113) x2  0x0000000000001000
core   0: 0x000000008000276c (0x002181b3) add     gp, gp, sp
core   0: 3 0x000000008000276c (0x002181b3) x3  0x000000008000b010
core   0: 0x0000000080002770 (0x9ec1ae07) flw     ft8, -1556(gp)
core   0: 3 0x0000000080002770 (0x9ec1ae07) f28 0xfffffffff27ffc00 mem 0x000000008000a9fc
core   0: 0x0000000080002774 (0x402181b3) sub     gp, gp, sp
core   0: 3 0x0000000080002774 (0x402181b3) x3  0x000000008000a010
core   0: 0x0000000080002778 (0x00000113) li      sp, 0
core   0: 3 0x0000000080002778 (0x00000113) x2  0x0000000000000000
core   0: 0x000000008000277c (0x00311073) csrw    fcsr, sp
core   0: 3 0x000000008000277c (0x00311073) c1_fflags 0x0000000000000000 c2_frm 0x0000000000000000
core   0: 0x0000000080002780 (0xe1df7fc3) fmadd.s ft11, ft10, ft9, ft8
core   0: 3 0x0000000080002780 (0xe1df7fc3) c1_fflags 0x0000000000000001 f31 0xffffffffff7ffffe
core   0: 0x0000000080002784 (0x00302273) csrr    tp, fcsr
core   0: 3 0x0000000080002784 (0x00302273) x4  0x0000000000000001
core   0: 0x0000000080002788 (0x53f0a827) fsw     ft11, 1328(ra)
core   0: 3 0x0000000080002788 (0x53f0a827) mem 0x000000008000ce48 0xff7ffffe
core   0: 0x000000008000278c (0x5240bc23) sd      tp, 1336(ra)
core   0: 3 0x000000008000278c (0x5240bc23) mem 0x000000008000ce50 0x0000000000000001
core   0: >>>>  inst_37844
core   0: 0x0000000080002790 (0x00100113) li      sp, 1
core   0: 3 0x0000000080002790 (0x00100113) x2  0x0000000000000001
core   0: 0x0000000080002794 (0x00c11113) slli    sp, sp, 12
core   0: 3 0x0000000080002794 (0x00c11113) x2  0x0000000000001000
core   0: 0x0000000080002798 (0x002181b3) add     gp, gp, sp
core   0: 3 0x0000000080002798 (0x002181b3) x3  0x000000008000b010
core   0: 0x000000008000279c (0x9f01af07) flw     ft10, -1552(gp)
core   0: 3 0x000000008000279c (0x9f01af07) f30 0xffffffff7f3cee4f mem 0x000000008000aa00
core   0: 0x00000000800027a0 (0x402181b3) sub     gp, gp, sp
core   0: 3 0x00000000800027a0 (0x402181b3) x3  0x000000008000a010
core   0: 0x00000000800027a4 (0x00100113) li      sp, 1
core   0: 3 0x00000000800027a4 (0x00100113) x2  0x0000000000000001
core   0: 0x00000000800027a8 (0x00c11113) slli    sp, sp, 12
core   0: 3 0x00000000800027a8 (0x00c11113) x2  0x0000000000001000
core   0: 0x00000000800027ac (0x002181b3) add     gp, gp, sp
core   0: 3 0x00000000800027ac (0x002181b3) x3  0x000000008000b010
core   0: 0x00000000800027b0 (0x9f41ae87) flw     ft9, -1548(gp)
core   0: 3 0x00000000800027b0 (0x9f41ae87) f29 0xffffffffbfad7066 mem 0x000000008000aa04
core   0: 0x00000000800027b4 (0x402181b3) sub     gp, gp, sp
core   0: 3 0x00000000800027b4 (0x402181b3) x3  0x000000008000a010
core   0: 0x00000000800027b8 (0x00100113) li      sp, 1
core   0: 3 0x00000000800027b8 (0x00100113) x2  0x0000000000000001
core   0: 0x00000000800027bc (0x00c11113) slli    sp, sp, 12
core   0: 3 0x00000000800027bc (0x00c11113) x2  0x0000000000001000
core   0: 0x00000000800027c0 (0x002181b3) add     gp, gp, sp
core   0: 3 0x00000000800027c0 (0x002181b3) x3  0x000000008000b010
core   0: 0x00000000800027c4 (0x9f81ae07) flw     ft8, -1544(gp)
core   0: 3 0x00000000800027c4 (0x9f81ae07) f28 0xfffffffff27ffe00 mem 0x000000008000aa08
core   0: 0x00000000800027c8 (0x402181b3) sub     gp, gp, sp
core   0: 3 0x00000000800027c8 (0x402181b3) x3  0x000000008000a010
core   0: 0x00000000800027cc (0x00000113) li      sp, 0
core   0: 3 0x00000000800027cc (0x00000113) x2  0x0000000000000000
core   0: 0x00000000800027d0 (0x00311073) csrw    fcsr, sp
core   0: 3 0x00000000800027d0 (0x00311073) c1_fflags 0x0000000000000000 c2_frm 0x0000000000000000
core   0: 0x00000000800027d4 (0xe1df7fc3) fmadd.s ft11, ft10, ft9, ft8
core   0: 3 0x00000000800027d4 (0xe1df7fc3) c1_fflags 0x0000000000000001 f31 0xffffffffff7ffffe
core   0: 0x00000000800027d8 (0x00302273) csrr    tp, fcsr
core   0: 3 0x00000000800027d8 (0x00302273) x4  0x0000000000000001
core   0: 0x00000000800027dc (0x55f0a027) fsw     ft11, 1344(ra)
core   0: 3 0x00000000800027dc (0x55f0a027) mem 0x000000008000ce58 0xff7ffffe
core   0: 0x00000000800027e0 (0x5440b423) sd      tp, 1352(ra)
core   0: 3 0x00000000800027e0 (0x5440b423) mem 0x000000008000ce60 0x0000000000000001
core   0: >>>>  inst_37845
core   0: 0x00000000800027e4 (0x00100113) li      sp, 1
core   0: 3 0x00000000800027e4 (0x00100113) x2  0x0000000000000001
core   0: 0x00000000800027e8 (0x00c11113) slli    sp, sp, 12
core   0: 3 0x00000000800027e8 (0x00c11113) x2  0x0000000000001000
core   0: 0x00000000800027ec (0x002181b3) add     gp, gp, sp
core   0: 3 0x00000000800027ec (0x002181b3) x3  0x000000008000b010
core   0: 0x00000000800027f0 (0x9fc1af07) flw     ft10, -1540(gp)
core   0: 3 0x00000000800027f0 (0x9fc1af07) f30 0xffffffff7f3cee4f mem 0x000000008000aa0c
core   0: 0x00000000800027f4 (0x402181b3) sub     gp, gp, sp
core   0: 3 0x00000000800027f4 (0x402181b3) x3  0x000000008000a010
core   0: 0x00000000800027f8 (0x00100113) li      sp, 1
core   0: 3 0x00000000800027f8 (0x00100113) x2  0x0000000000000001
core   0: 0x00000000800027fc (0x00c11113) slli    sp, sp, 12
core   0: 3 0x00000000800027fc (0x00c11113) x2  0x0000000000001000
core   0: 0x0000000080002800 (0x002181b3) add     gp, gp, sp
core   0: 3 0x0000000080002800 (0x002181b3) x3  0x000000008000b010
core   0: 0x0000000080002804 (0xa001ae87) flw     ft9, -1536(gp)
core   0: 3 0x0000000080002804 (0xa001ae87) f29 0xffffffffbfad7066 mem 0x000000008000aa10
core   0: 0x0000000080002808 (0x402181b3) sub     gp, gp, sp
core   0: 3 0x0000000080002808 (0x402181b3) x3  0x000000008000a010
core   0: 0x000000008000280c (0x00100113) li      sp, 1
core   0: 3 0x000000008000280c (0x00100113) x2  0x0000000000000001
core   0: 0x0000000080002810 (0x00c11113) slli    sp, sp, 12
core   0: 3 0x0000000080002810 (0x00c11113) x2  0x0000000000001000
core   0: 0x0000000080002814 (0x002181b3) add     gp, gp, sp
core   0: 3 0x0000000080002814 (0x002181b3) x3  0x000000008000b010
core   0: 0x0000000080002818 (0xa041ae07) flw     ft8, -1532(gp)
core   0: 3 0x0000000080002818 (0xa041ae07) f28 0xfffffffff27fff00 mem 0x000000008000aa14
core   0: 0x000000008000281c (0x402181b3) sub     gp, gp, sp
core   0: 3 0x000000008000281c (0x402181b3) x3  0x000000008000a010
core   0: 0x0000000080002820 (0x00000113) li      sp, 0
core   0: 3 0x0000000080002820 (0x00000113) x2  0x0000000000000000
core   0: 0x0000000080002824 (0x00311073) csrw    fcsr, sp
core   0: 3 0x0000000080002824 (0x00311073) c1_fflags 0x0000000000000000 c2_frm 0x0000000000000000
core   0: 0x0000000080002828 (0xe1df7fc3) fmadd.s ft11, ft10, ft9, ft8
core   0: 3 0x0000000080002828 (0xe1df7fc3) c1_fflags 0x0000000000000001 f31 0xffffffffff7ffffe
core   0: 0x000000008000282c (0x00302273) csrr    tp, fcsr
core   0: 3 0x000000008000282c (0x00302273) x4  0x0000000000000001
core   0: 0x0000000080002830 (0x55f0a827) fsw     ft11, 1360(ra)
core   0: 3 0x0000000080002830 (0x55f0a827) mem 0x000000008000ce68 0xff7ffffe
core   0: 0x0000000080002834 (0x5440bc23) sd      tp, 1368(ra)
core   0: 3 0x0000000080002834 (0x5440bc23) mem 0x000000008000ce70 0x0000000000000001
core   0: >>>>  inst_37846
core   0: 0x0000000080002838 (0x00100113) li      sp, 1
core   0: 3 0x0000000080002838 (0x00100113) x2  0x0000000000000001
core   0: 0x000000008000283c (0x00c11113) slli    sp, sp, 12
core   0: 3 0x000000008000283c (0x00c11113) x2  0x0000000000001000
core   0: 0x0000000080002840 (0x002181b3) add     gp, gp, sp
core   0: 3 0x0000000080002840 (0x002181b3) x3  0x000000008000b010
core   0: 0x0000000080002844 (0xa081af07) flw     ft10, -1528(gp)
core   0: 3 0x0000000080002844 (0xa081af07) f30 0xffffffff7f3cee4f mem 0x000000008000aa18
core   0: 0x0000000080002848 (0x402181b3) sub     gp, gp, sp
core   0: 3 0x0000000080002848 (0x402181b3) x3  0x000000008000a010
core   0: 0x000000008000284c (0x00100113) li      sp, 1
core   0: 3 0x000000008000284c (0x00100113) x2  0x0000000000000001
core   0: 0x0000000080002850 (0x00c11113) slli    sp, sp, 12
core   0: 3 0x0000000080002850 (0x00c11113) x2  0x0000000000001000
core   0: 0x0000000080002854 (0x002181b3) add     gp, gp, sp
core   0: 3 0x0000000080002854 (0x002181b3) x3  0x000000008000b010
core   0: 0x0000000080002858 (0xa0c1ae87) flw     ft9, -1524(gp)
core   0: 3 0x0000000080002858 (0xa0c1ae87) f29 0xffffffffbfad7066 mem 0x000000008000aa1c
core   0: 0x000000008000285c (0x402181b3) sub     gp, gp, sp
core   0: 3 0x000000008000285c (0x402181b3) x3  0x000000008000a010
core   0: 0x0000000080002860 (0x00100113) li      sp, 1
core   0: 3 0x0000000080002860 (0x00100113) x2  0x0000000000000001
core   0: 0x0000000080002864 (0x00c11113) slli    sp, sp, 12
core   0: 3 0x0000000080002864 (0x00c11113) x2  0x0000000000001000
core   0: 0x0000000080002868 (0x002181b3) add     gp, gp, sp
core   0: 3 0x0000000080002868 (0x002181b3) x3  0x000000008000b010
core   0: 0x000000008000286c (0xa101ae07) flw     ft8, -1520(gp)
core   0: 3 0x000000008000286c (0xa101ae07) f28 0xfffffffff27fff80 mem 0x000000008000aa20
core   0: 0x0000000080002870 (0x402181b3) sub     gp, gp, sp
core   0: 3 0x0000000080002870 (0x402181b3) x3  0x000000008000a010
core   0: 0x0000000080002874 (0x00000113) li      sp, 0
core   0: 3 0x0000000080002874 (0x00000113) x2  0x0000000000000000
core   0: 0x0000000080002878 (0x00311073) csrw    fcsr, sp
core   0: 3 0x0000000080002878 (0x00311073) c1_fflags 0x0000000000000000 c2_frm 0x0000000000000000
core   0: 0x000000008000287c (0xe1df7fc3) fmadd.s ft11, ft10, ft9, ft8
core   0: 3 0x000000008000287c (0xe1df7fc3) c1_fflags 0x0000000000000001 f31 0xffffffffff7ffffe
core   0: 0x0000000080002880 (0x00302273) csrr    tp, fcsr
core   0: 3 0x0000000080002880 (0x00302273) x4  0x0000000000000001
core   0: 0x0000000080002884 (0x57f0a027) fsw     ft11, 1376(ra)
core   0: 3 0x0000000080002884 (0x57f0a027) mem 0x000000008000ce78 0xff7ffffe
core   0: 0x0000000080002888 (0x5640b423) sd      tp, 1384(ra)
core   0: 3 0x0000000080002888 (0x5640b423) mem 0x000000008000ce80 0x0000000000000001
core   0: >>>>  inst_37847
core   0: 0x000000008000288c (0x00100113) li      sp, 1
core   0: 3 0x000000008000288c (0x00100113) x2  0x0000000000000001
core   0: 0x0000000080002890 (0x00c11113) slli    sp, sp, 12
core   0: 3 0x0000000080002890 (0x00c11113) x2  0x0000000000001000
core   0: 0x0000000080002894 (0x002181b3) add     gp, gp, sp
core   0: 3 0x0000000080002894 (0x002181b3) x3  0x000000008000b010
core   0: 0x0000000080002898 (0xa141af07) flw     ft10, -1516(gp)
core   0: 3 0x0000000080002898 (0xa141af07) f30 0xffffffff7f3cee4f mem 0x000000008000aa24
core   0: 0x000000008000289c (0x402181b3) sub     gp, gp, sp
core   0: 3 0x000000008000289c (0x402181b3) x3  0x000000008000a010
core   0: 0x00000000800028a0 (0x00100113) li      sp, 1
core   0: 3 0x00000000800028a0 (0x00100113) x2  0x0000000000000001
core   0: 0x00000000800028a4 (0x00c11113) slli    sp, sp, 12
core   0: 3 0x00000000800028a4 (0x00c11113) x2  0x0000000000001000
core   0: 0x00000000800028a8 (0x002181b3) add     gp, gp, sp
core   0: 3 0x00000000800028a8 (0x002181b3) x3  0x000000008000b010
core   0: 0x00000000800028ac (0xa181ae87) flw     ft9, -1512(gp)
core   0: 3 0x00000000800028ac (0xa181ae87) f29 0xffffffffbfad7066 mem 0x000000008000aa28
core   0: 0x00000000800028b0 (0x402181b3) sub     gp, gp, sp
core   0: 3 0x00000000800028b0 (0x402181b3) x3  0x000000008000a010
core   0: 0x00000000800028b4 (0x00100113) li      sp, 1
core   0: 3 0x00000000800028b4 (0x00100113) x2  0x0000000000000001
core   0: 0x00000000800028b8 (0x00c11113) slli    sp, sp, 12
core   0: 3 0x00000000800028b8 (0x00c11113) x2  0x0000000000001000
core   0: 0x00000000800028bc (0x002181b3) add     gp, gp, sp
core   0: 3 0x00000000800028bc (0x002181b3) x3  0x000000008000b010
core   0: 0x00000000800028c0 (0xa1c1ae07) flw     ft8, -1508(gp)
core   0: 3 0x00000000800028c0 (0xa1c1ae07) f28 0xfffffffff27fffc0 mem 0x000000008000aa2c
core   0: 0x00000000800028c4 (0x402181b3) sub     gp, gp, sp
core   0: 3 0x00000000800028c4 (0x402181b3) x3  0x000000008000a010
core   0: 0x00000000800028c8 (0x00000113) li      sp, 0
core   0: 3 0x00000000800028c8 (0x00000113) x2  0x0000000000000000
core   0: 0x00000000800028cc (0x00311073) csrw    fcsr, sp
core   0: 3 0x00000000800028cc (0x00311073) c1_fflags 0x0000000000000000 c2_frm 0x0000000000000000
core   0: 0x00000000800028d0 (0xe1df7fc3) fmadd.s ft11, ft10, ft9, ft8
core   0: 3 0x00000000800028d0 (0xe1df7fc3) c1_fflags 0x0000000000000001 f31 0xffffffffff7ffffe
core   0: 0x00000000800028d4 (0x00302273) csrr    tp, fcsr
core   0: 3 0x00000000800028d4 (0x00302273) x4  0x0000000000000001
core   0: 0x00000000800028d8 (0x57f0a827) fsw     ft11, 1392(ra)
core   0: 3 0x00000000800028d8 (0x57f0a827) mem 0x000000008000ce88 0xff7ffffe
core   0: 0x00000000800028dc (0x5640bc23) sd      tp, 1400(ra)
core   0: 3 0x00000000800028dc (0x5640bc23) mem 0x000000008000ce90 0x0000000000000001
core   0: >>>>  inst_37848
core   0: 0x00000000800028e0 (0x00100113) li      sp, 1
core   0: 3 0x00000000800028e0 (0x00100113) x2  0x0000000000000001
core   0: 0x00000000800028e4 (0x00c11113) slli    sp, sp, 12
core   0: 3 0x00000000800028e4 (0x00c11113) x2  0x0000000000001000
core   0: 0x00000000800028e8 (0x002181b3) add     gp, gp, sp
core   0: 3 0x00000000800028e8 (0x002181b3) x3  0x000000008000b010
core   0: 0x00000000800028ec (0xa201af07) flw     ft10, -1504(gp)
core   0: 3 0x00000000800028ec (0xa201af07) f30 0xffffffff7f3cee4f mem 0x000000008000aa30
core   0: 0x00000000800028f0 (0x402181b3) sub     gp, gp, sp
core   0: 3 0x00000000800028f0 (0x402181b3) x3  0x000000008000a010
core   0: 0x00000000800028f4 (0x00100113) li      sp, 1
core   0: 3 0x00000000800028f4 (0x00100113) x2  0x0000000000000001
core   0: 0x00000000800028f8 (0x00c11113) slli    sp, sp, 12
core   0: 3 0x00000000800028f8 (0x00c11113) x2  0x0000000000001000
core   0: 0x00000000800028fc (0x002181b3) add     gp, gp, sp
core   0: 3 0x00000000800028fc (0x002181b3) x3  0x000000008000b010
core   0: 0x0000000080002900 (0xa241ae87) flw     ft9, -1500(gp)
core   0: 3 0x0000000080002900 (0xa241ae87) f29 0xffffffffbfad7066 mem 0x000000008000aa34
core   0: 0x0000000080002904 (0x402181b3) sub     gp, gp, sp
core   0: 3 0x0000000080002904 (0x402181b3) x3  0x000000008000a010
core   0: 0x0000000080002908 (0x00100113) li      sp, 1
core   0: 3 0x0000000080002908 (0x00100113) x2  0x0000000000000001
core   0: 0x000000008000290c (0x00c11113) slli    sp, sp, 12
core   0: 3 0x000000008000290c (0x00c11113) x2  0x0000000000001000
core   0: 0x0000000080002910 (0x002181b3) add     gp, gp, sp
core   0: 3 0x0000000080002910 (0x002181b3) x3  0x000000008000b010
core   0: 0x0000000080002914 (0xa281ae07) flw     ft8, -1496(gp)
core   0: 3 0x0000000080002914 (0xa281ae07) f28 0xfffffffff27fffe0 mem 0x000000008000aa38
core   0: 0x0000000080002918 (0x402181b3) sub     gp, gp, sp
core   0: 3 0x0000000080002918 (0x402181b3) x3  0x000000008000a010
core   0: 0x000000008000291c (0x00000113) li      sp, 0
core   0: 3 0x000000008000291c (0x00000113) x2  0x0000000000000000
core   0: 0x0000000080002920 (0x00311073) csrw    fcsr, sp
core   0: 3 0x0000000080002920 (0x00311073) c1_fflags 0x0000000000000000 c2_frm 0x0000000000000000
core   0: 0x0000000080002924 (0xe1df7fc3) fmadd.s ft11, ft10, ft9, ft8
core   0: 3 0x0000000080002924 (0xe1df7fc3) c1_fflags 0x0000000000000001 f31 0xffffffffff7ffffe
core   0: 0x0000000080002928 (0x00302273) csrr    tp, fcsr
core   0: 3 0x0000000080002928 (0x00302273) x4  0x0000000000000001
core   0: 0x000000008000292c (0x59f0a027) fsw     ft11, 1408(ra)
core   0: 3 0x000000008000292c (0x59f0a027) mem 0x000000008000ce98 0xff7ffffe
core   0: 0x0000000080002930 (0x5840b423) sd      tp, 1416(ra)
core   0: 3 0x0000000080002930 (0x5840b423) mem 0x000000008000cea0 0x0000000000000001
core   0: >>>>  inst_37849
core   0: 0x0000000080002934 (0x00100113) li      sp, 1
core   0: 3 0x0000000080002934 (0x00100113) x2  0x0000000000000001
core   0: 0x0000000080002938 (0x00c11113) slli    sp, sp, 12
core   0: 3 0x0000000080002938 (0x00c11113) x2  0x0000000000001000
core   0: 0x000000008000293c (0x002181b3) add     gp, gp, sp
core   0: 3 0x000000008000293c (0x002181b3) x3  0x000000008000b010
core   0: 0x0000000080002940 (0xa2c1af07) flw     ft10, -1492(gp)
core   0: 3 0x0000000080002940 (0xa2c1af07) f30 0xffffffff7f3cee4f mem 0x000000008000aa3c
core   0: 0x0000000080002944 (0x402181b3) sub     gp, gp, sp
core   0: 3 0x0000000080002944 (0x402181b3) x3  0x000000008000a010
core   0: 0x0000000080002948 (0x00100113) li      sp, 1
core   0: 3 0x0000000080002948 (0x00100113) x2  0x0000000000000001
core   0: 0x000000008000294c (0x00c11113) slli    sp, sp, 12
core   0: 3 0x000000008000294c (0x00c11113) x2  0x0000000000001000
core   0: 0x0000000080002950 (0x002181b3) add     gp, gp, sp
core   0: 3 0x0000000080002950 (0x002181b3) x3  0x000000008000b010
core   0: 0x0000000080002954 (0xa301ae87) flw     ft9, -1488(gp)
core   0: 3 0x0000000080002954 (0xa301ae87) f29 0xffffffffbfad7066 mem 0x000000008000aa40
core   0: 0x0000000080002958 (0x402181b3) sub     gp, gp, sp
core   0: 3 0x0000000080002958 (0x402181b3) x3  0x000000008000a010
core   0: 0x000000008000295c (0x00100113) li      sp, 1
core   0: 3 0x000000008000295c (0x00100113) x2  0x0000000000000001
core   0: 0x0000000080002960 (0x00c11113) slli    sp, sp, 12
core   0: 3 0x0000000080002960 (0x00c11113) x2  0x0000000000001000
core   0: 0x0000000080002964 (0x002181b3) add     gp, gp, sp
core   0: 3 0x0000000080002964 (0x002181b3) x3  0x000000008000b010
core   0: 0x0000000080002968 (0xa341ae07) flw     ft8, -1484(gp)
core   0: 3 0x0000000080002968 (0xa341ae07) f28 0xfffffffff27ffff0 mem 0x000000008000aa44
core   0: 0x000000008000296c (0x402181b3) sub     gp, gp, sp
core   0: 3 0x000000008000296c (0x402181b3) x3  0x000000008000a010
core   0: 0x0000000080002970 (0x00000113) li      sp, 0
core   0: 3 0x0000000080002970 (0x00000113) x2  0x0000000000000000
core   0: 0x0000000080002974 (0x00311073) csrw    fcsr, sp
core   0: 3 0x0000000080002974 (0x00311073) c1_fflags 0x0000000000000000 c2_frm 0x0000000000000000
core   0: 0x0000000080002978 (0xe1df7fc3) fmadd.s ft11, ft10, ft9, ft8
core   0: 3 0x0000000080002978 (0xe1df7fc3) c1_fflags 0x0000000000000001 f31 0xffffffffff7ffffe
core   0: 0x000000008000297c (0x00302273) csrr    tp, fcsr
core   0: 3 0x000000008000297c (0x00302273) x4  0x0000000000000001
core   0: 0x0000000080002980 (0x59f0a827) fsw     ft11, 1424(ra)
core   0: 3 0x0000000080002980 (0x59f0a827) mem 0x000000008000cea8 0xff7ffffe
core   0: 0x0000000080002984 (0x5840bc23) sd      tp, 1432(ra)
core   0: 3 0x0000000080002984 (0x5840bc23) mem 0x000000008000ceb0 0x0000000000000001
core   0: >>>>  inst_37850
core   0: 0x0000000080002988 (0x00100113) li      sp, 1
core   0: 3 0x0000000080002988 (0x00100113) x2  0x0000000000000001
core   0: 0x000000008000298c (0x00c11113) slli    sp, sp, 12
core   0: 3 0x000000008000298c (0x00c11113) x2  0x0000000000001000
core   0: 0x0000000080002990 (0x002181b3) add     gp, gp, sp
core   0: 3 0x0000000080002990 (0x002181b3) x3  0x000000008000b010
core   0: 0x0000000080002994 (0xa381af07) flw     ft10, -1480(gp)
core   0: 3 0x0000000080002994 (0xa381af07) f30 0xffffffff7f3cee4f mem 0x000000008000aa48
core   0: 0x0000000080002998 (0x402181b3) sub     gp, gp, sp
core   0: 3 0x0000000080002998 (0x402181b3) x3  0x000000008000a010
core   0: 0x000000008000299c (0x00100113) li      sp, 1
core   0: 3 0x000000008000299c (0x00100113) x2  0x0000000000000001
core   0: 0x00000000800029a0 (0x00c11113) slli    sp, sp, 12
core   0: 3 0x00000000800029a0 (0x00c11113) x2  0x0000000000001000
core   0: 0x00000000800029a4 (0x002181b3) add     gp, gp, sp
core   0: 3 0x00000000800029a4 (0x002181b3) x3  0x000000008000b010
core   0: 0x00000000800029a8 (0xa3c1ae87) flw     ft9, -1476(gp)
core   0: 3 0x00000000800029a8 (0xa3c1ae87) f29 0xffffffffbfad7066 mem 0x000000008000aa4c
core   0: 0x00000000800029ac (0x402181b3) sub     gp, gp, sp
core   0: 3 0x00000000800029ac (0x402181b3) x3  0x000000008000a010
core   0: 0x00000000800029b0 (0x00100113) li      sp, 1
core   0: 3 0x00000000800029b0 (0x00100113) x2  0x0000000000000001
core   0: 0x00000000800029b4 (0x00c11113) slli    sp, sp, 12
core   0: 3 0x00000000800029b4 (0x00c11113) x2  0x0000000000001000
core   0: 0x00000000800029b8 (0x002181b3) add     gp, gp, sp
core   0: 3 0x00000000800029b8 (0x002181b3) x3  0x000000008000b010
core   0: 0x00000000800029bc (0xa401ae07) flw     ft8, -1472(gp)
core   0: 3 0x00000000800029bc (0xa401ae07) f28 0xfffffffff27ffff8 mem 0x000000008000aa50
core   0: 0x00000000800029c0 (0x402181b3) sub     gp, gp, sp
core   0: 3 0x00000000800029c0 (0x402181b3) x3  0x000000008000a010
core   0: 0x00000000800029c4 (0x00000113) li      sp, 0
core   0: 3 0x00000000800029c4 (0x00000113) x2  0x0000000000000000
core   0: 0x00000000800029c8 (0x00311073) csrw    fcsr, sp
core   0: 3 0x00000000800029c8 (0x00311073) c1_fflags 0x0000000000000000 c2_frm 0x0000000000000000
core   0: 0x00000000800029cc (0xe1df7fc3) fmadd.s ft11, ft10, ft9, ft8
core   0: 3 0x00000000800029cc (0xe1df7fc3) c1_fflags 0x0000000000000001 f31 0xffffffffff7ffffe
core   0: 0x00000000800029d0 (0x00302273) csrr    tp, fcsr
core   0: 3 0x00000000800029d0 (0x00302273) x4  0x0000000000000001
core   0: 0x00000000800029d4 (0x5bf0a027) fsw     ft11, 1440(ra)
core   0: 3 0x00000000800029d4 (0x5bf0a027) mem 0x000000008000ceb8 0xff7ffffe
core   0: 0x00000000800029d8 (0x5a40b423) sd      tp, 1448(ra)
core   0: 3 0x00000000800029d8 (0x5a40b423) mem 0x000000008000cec0 0x0000000000000001
core   0: >>>>  inst_37851
core   0: 0x00000000800029dc (0x00100113) li      sp, 1
core   0: 3 0x00000000800029dc (0x00100113) x2  0x0000000000000001
core   0: 0x00000000800029e0 (0x00c11113) slli    sp, sp, 12
core   0: 3 0x00000000800029e0 (0x00c11113) x2  0x0000000000001000
core   0: 0x00000000800029e4 (0x002181b3) add     gp, gp, sp
core   0: 3 0x00000000800029e4 (0x002181b3) x3  0x000000008000b010
core   0: 0x00000000800029e8 (0xa441af07) flw     ft10, -1468(gp)
core   0: 3 0x00000000800029e8 (0xa441af07) f30 0xffffffff7f3cee4f mem 0x000000008000aa54
core   0: 0x00000000800029ec (0x402181b3) sub     gp, gp, sp
core   0: 3 0x00000000800029ec (0x402181b3) x3  0x000000008000a010
core   0: 0x00000000800029f0 (0x00100113) li      sp, 1
core   0: 3 0x00000000800029f0 (0x00100113) x2  0x0000000000000001
core   0: 0x00000000800029f4 (0x00c11113) slli    sp, sp, 12
core   0: 3 0x00000000800029f4 (0x00c11113) x2  0x0000000000001000
core   0: 0x00000000800029f8 (0x002181b3) add     gp, gp, sp
core   0: 3 0x00000000800029f8 (0x002181b3) x3  0x000000008000b010
core   0: 0x00000000800029fc (0xa481ae87) flw     ft9, -1464(gp)
core   0: 3 0x00000000800029fc (0xa481ae87) f29 0xffffffffbfad7066 mem 0x000000008000aa58
core   0: 0x0000000080002a00 (0x402181b3) sub     gp, gp, sp
core   0: 3 0x0000000080002a00 (0x402181b3) x3  0x000000008000a010
core   0: 0x0000000080002a04 (0x00100113) li      sp, 1
core   0: 3 0x0000000080002a04 (0x00100113) x2  0x0000000000000001
core   0: 0x0000000080002a08 (0x00c11113) slli    sp, sp, 12
core   0: 3 0x0000000080002a08 (0x00c11113) x2  0x0000000000001000
core   0: 0x0000000080002a0c (0x002181b3) add     gp, gp, sp
core   0: 3 0x0000000080002a0c (0x002181b3) x3  0x000000008000b010
core   0: 0x0000000080002a10 (0xa4c1ae07) flw     ft8, -1460(gp)
core   0: 3 0x0000000080002a10 (0xa4c1ae07) f28 0xfffffffff27ffffc mem 0x000000008000aa5c
core   0: 0x0000000080002a14 (0x402181b3) sub     gp, gp, sp
core   0: 3 0x0000000080002a14 (0x402181b3) x3  0x000000008000a010
core   0: 0x0000000080002a18 (0x00000113) li      sp, 0
core   0: 3 0x0000000080002a18 (0x00000113) x2  0x0000000000000000
core   0: 0x0000000080002a1c (0x00311073) csrw    fcsr, sp
core   0: 3 0x0000000080002a1c (0x00311073) c1_fflags 0x0000000000000000 c2_frm 0x0000000000000000
core   0: 0x0000000080002a20 (0xe1df7fc3) fmadd.s ft11, ft10, ft9, ft8
core   0: 3 0x0000000080002a20 (0xe1df7fc3) c1_fflags 0x0000000000000001 f31 0xffffffffff7ffffe
core   0: 0x0000000080002a24 (0x00302273) csrr    tp, fcsr
core   0: 3 0x0000000080002a24 (0x00302273) x4  0x0000000000000001
core   0: 0x0000000080002a28 (0x5bf0a827) fsw     ft11, 1456(ra)
core   0: 3 0x0000000080002a28 (0x5bf0a827) mem 0x000000008000cec8 0xff7ffffe
core   0: 0x0000000080002a2c (0x5a40bc23) sd      tp, 1464(ra)
core   0: 3 0x0000000080002a2c (0x5a40bc23) mem 0x000000008000ced0 0x0000000000000001
core   0: >>>>  inst_37852
core   0: 0x0000000080002a30 (0x00100113) li      sp, 1
core   0: 3 0x0000000080002a30 (0x00100113) x2  0x0000000000000001
core   0: 0x0000000080002a34 (0x00c11113) slli    sp, sp, 12
core   0: 3 0x0000000080002a34 (0x00c11113) x2  0x0000000000001000
core   0: 0x0000000080002a38 (0x002181b3) add     gp, gp, sp
core   0: 3 0x0000000080002a38 (0x002181b3) x3  0x000000008000b010
core   0: 0x0000000080002a3c (0xa501af07) flw     ft10, -1456(gp)
core   0: 3 0x0000000080002a3c (0xa501af07) f30 0xffffffff7f3cee4f mem 0x000000008000aa60
core   0: 0x0000000080002a40 (0x402181b3) sub     gp, gp, sp
core   0: 3 0x0000000080002a40 (0x402181b3) x3  0x000000008000a010
core   0: 0x0000000080002a44 (0x00100113) li      sp, 1
core   0: 3 0x0000000080002a44 (0x00100113) x2  0x0000000000000001
core   0: 0x0000000080002a48 (0x00c11113) slli    sp, sp, 12
core   0: 3 0x0000000080002a48 (0x00c11113) x2  0x0000000000001000
core   0: 0x0000000080002a4c (0x002181b3) add     gp, gp, sp
core   0: 3 0x0000000080002a4c (0x002181b3) x3  0x000000008000b010
core   0: 0x0000000080002a50 (0xa541ae87) flw     ft9, -1452(gp)
core   0: 3 0x0000000080002a50 (0xa541ae87) f29 0xffffffffbfad7066 mem 0x000000008000aa64
core   0: 0x0000000080002a54 (0x402181b3) sub     gp, gp, sp
core   0: 3 0x0000000080002a54 (0x402181b3) x3  0x000000008000a010
core   0: 0x0000000080002a58 (0x00100113) li      sp, 1
core   0: 3 0x0000000080002a58 (0x00100113) x2  0x0000000000000001
core   0: 0x0000000080002a5c (0x00c11113) slli    sp, sp, 12
core   0: 3 0x0000000080002a5c (0x00c11113) x2  0x0000000000001000
core   0: 0x0000000080002a60 (0x002181b3) add     gp, gp, sp
core   0: 3 0x0000000080002a60 (0x002181b3) x3  0x000000008000b010
core   0: 0x0000000080002a64 (0xa581ae07) flw     ft8, -1448(gp)
core   0: 3 0x0000000080002a64 (0xa581ae07) f28 0xfffffffff27ffffe mem 0x000000008000aa68
core   0: 0x0000000080002a68 (0x402181b3) sub     gp, gp, sp
core   0: 3 0x0000000080002a68 (0x402181b3) x3  0x000000008000a010
core   0: 0x0000000080002a6c (0x00000113) li      sp, 0
core   0: 3 0x0000000080002a6c (0x00000113) x2  0x0000000000000000
core   0: 0x0000000080002a70 (0x00311073) csrw    fcsr, sp
core   0: 3 0x0000000080002a70 (0x00311073) c1_fflags 0x0000000000000000 c2_frm 0x0000000000000000
core   0: 0x0000000080002a74 (0xe1df7fc3) fmadd.s ft11, ft10, ft9, ft8
core   0: 3 0x0000000080002a74 (0xe1df7fc3) c1_fflags 0x0000000000000001 f31 0xffffffffff7ffffe
core   0: 0x0000000080002a78 (0x00302273) csrr    tp, fcsr
core   0: 3 0x0000000080002a78 (0x00302273) x4  0x0000000000000001
core   0: 0x0000000080002a7c (0x5df0a027) fsw     ft11, 1472(ra)
core   0: 3 0x0000000080002a7c (0x5df0a027) mem 0x000000008000ced8 0xff7ffffe
core   0: 0x0000000080002a80 (0x5c40b423) sd      tp, 1480(ra)
core   0: 3 0x0000000080002a80 (0x5c40b423) mem 0x000000008000cee0 0x0000000000000001
core   0: >>>>  inst_37853
core   0: 0x0000000080002a84 (0x00100113) li      sp, 1
core   0: 3 0x0000000080002a84 (0x00100113) x2  0x0000000000000001
core   0: 0x0000000080002a88 (0x00c11113) slli    sp, sp, 12
core   0: 3 0x0000000080002a88 (0x00c11113) x2  0x0000000000001000
core   0: 0x0000000080002a8c (0x002181b3) add     gp, gp, sp
core   0: 3 0x0000000080002a8c (0x002181b3) x3  0x000000008000b010
core   0: 0x0000000080002a90 (0xa5c1af07) flw     ft10, -1444(gp)
core   0: 3 0x0000000080002a90 (0xa5c1af07) f30 0xffffffff7f3cee4f mem 0x000000008000aa6c
core   0: 0x0000000080002a94 (0x402181b3) sub     gp, gp, sp
core   0: 3 0x0000000080002a94 (0x402181b3) x3  0x000000008000a010
core   0: 0x0000000080002a98 (0x00100113) li      sp, 1
core   0: 3 0x0000000080002a98 (0x00100113) x2  0x0000000000000001
core   0: 0x0000000080002a9c (0x00c11113) slli    sp, sp, 12
core   0: 3 0x0000000080002a9c (0x00c11113) x2  0x0000000000001000
core   0: 0x0000000080002aa0 (0x002181b3) add     gp, gp, sp
core   0: 3 0x0000000080002aa0 (0x002181b3) x3  0x000000008000b010
core   0: 0x0000000080002aa4 (0xa601ae87) flw     ft9, -1440(gp)
core   0: 3 0x0000000080002aa4 (0xa601ae87) f29 0xffffffffbfad7066 mem 0x000000008000aa70
core   0: 0x0000000080002aa8 (0x402181b3) sub     gp, gp, sp
core   0: 3 0x0000000080002aa8 (0x402181b3) x3  0x000000008000a010
core   0: 0x0000000080002aac (0x00100113) li      sp, 1
core   0: 3 0x0000000080002aac (0x00100113) x2  0x0000000000000001
core   0: 0x0000000080002ab0 (0x00c11113) slli    sp, sp, 12
core   0: 3 0x0000000080002ab0 (0x00c11113) x2  0x0000000000001000
core   0: 0x0000000080002ab4 (0x002181b3) add     gp, gp, sp
core   0: 3 0x0000000080002ab4 (0x002181b3) x3  0x000000008000b010
core   0: 0x0000000080002ab8 (0xa641ae07) flw     ft8, -1436(gp)
core   0: 3 0x0000000080002ab8 (0xa641ae07) f28 0xfffffffff27fffff mem 0x000000008000aa74
core   0: 0x0000000080002abc (0x402181b3) sub     gp, gp, sp
core   0: 3 0x0000000080002abc (0x402181b3) x3  0x000000008000a010
core   0: 0x0000000080002ac0 (0x00000113) li      sp, 0
core   0: 3 0x0000000080002ac0 (0x00000113) x2  0x0000000000000000
core   0: 0x0000000080002ac4 (0x00311073) csrw    fcsr, sp
core   0: 3 0x0000000080002ac4 (0x00311073) c1_fflags 0x0000000000000000 c2_frm 0x0000000000000000
core   0: 0x0000000080002ac8 (0xe1df7fc3) fmadd.s ft11, ft10, ft9, ft8
core   0: 3 0x0000000080002ac8 (0xe1df7fc3) c1_fflags 0x0000000000000001 f31 0xffffffffff7ffffe
core   0: 0x0000000080002acc (0x00302273) csrr    tp, fcsr
core   0: 3 0x0000000080002acc (0x00302273) x4  0x0000000000000001
core   0: 0x0000000080002ad0 (0x5df0a827) fsw     ft11, 1488(ra)
core   0: 3 0x0000000080002ad0 (0x5df0a827) mem 0x000000008000cee8 0xff7ffffe
core   0: 0x0000000080002ad4 (0x5c40bc23) sd      tp, 1496(ra)
core   0: 3 0x0000000080002ad4 (0x5c40bc23) mem 0x000000008000cef0 0x0000000000000001
core   0: >>>>  inst_37854
core   0: 0x0000000080002ad8 (0x00100113) li      sp, 1
core   0: 3 0x0000000080002ad8 (0x00100113) x2  0x0000000000000001
core   0: 0x0000000080002adc (0x00c11113) slli    sp, sp, 12
core   0: 3 0x0000000080002adc (0x00c11113) x2  0x0000000000001000
core   0: 0x0000000080002ae0 (0x002181b3) add     gp, gp, sp
core   0: 3 0x0000000080002ae0 (0x002181b3) x3  0x000000008000b010
core   0: 0x0000000080002ae4 (0xa681af07) flw     ft10, -1432(gp)
core   0: 3 0x0000000080002ae4 (0xa681af07) f30 0xffffffff7f3cee4f mem 0x000000008000aa78
core   0: 0x0000000080002ae8 (0x402181b3) sub     gp, gp, sp
core   0: 3 0x0000000080002ae8 (0x402181b3) x3  0x000000008000a010
core   0: 0x0000000080002aec (0x00100113) li      sp, 1
core   0: 3 0x0000000080002aec (0x00100113) x2  0x0000000000000001
core   0: 0x0000000080002af0 (0x00c11113) slli    sp, sp, 12
core   0: 3 0x0000000080002af0 (0x00c11113) x2  0x0000000000001000
core   0: 0x0000000080002af4 (0x002181b3) add     gp, gp, sp
core   0: 3 0x0000000080002af4 (0x002181b3) x3  0x000000008000b010
core   0: 0x0000000080002af8 (0xa6c1ae87) flw     ft9, -1428(gp)
core   0: 3 0x0000000080002af8 (0xa6c1ae87) f29 0xffffffffbfad7066 mem 0x000000008000aa7c
core   0: 0x0000000080002afc (0x402181b3) sub     gp, gp, sp
core   0: 3 0x0000000080002afc (0x402181b3) x3  0x000000008000a010
core   0: 0x0000000080002b00 (0x00100113) li      sp, 1
core   0: 3 0x0000000080002b00 (0x00100113) x2  0x0000000000000001
core   0: 0x0000000080002b04 (0x00c11113) slli    sp, sp, 12
core   0: 3 0x0000000080002b04 (0x00c11113) x2  0x0000000000001000
core   0: 0x0000000080002b08 (0x002181b3) add     gp, gp, sp
core   0: 3 0x0000000080002b08 (0x002181b3) x3  0x000000008000b010
core   0: 0x0000000080002b0c (0xa701ae07) flw     ft8, -1424(gp)
core   0: 3 0x0000000080002b0c (0xa701ae07) f28 0xffffffffff000001 mem 0x000000008000aa80
core   0: 0x0000000080002b10 (0x402181b3) sub     gp, gp, sp
core   0: 3 0x0000000080002b10 (0x402181b3) x3  0x000000008000a010
core   0: 0x0000000080002b14 (0x00000113) li      sp, 0
core   0: 3 0x0000000080002b14 (0x00000113) x2  0x0000000000000000
core   0: 0x0000000080002b18 (0x00311073) csrw    fcsr, sp
core   0: 3 0x0000000080002b18 (0x00311073) c1_fflags 0x0000000000000000 c2_frm 0x0000000000000000
core   0: 0x0000000080002b1c (0xe1df7fc3) fmadd.s ft11, ft10, ft9, ft8
core   0: 3 0x0000000080002b1c (0xe1df7fc3) c1_fflags 0x0000000000000005 f31 0xffffffffff800000
core   0: 0x0000000080002b20 (0x00302273) csrr    tp, fcsr
core   0: 3 0x0000000080002b20 (0x00302273) x4  0x0000000000000005
core   0: 0x0000000080002b24 (0x5ff0a027) fsw     ft11, 1504(ra)
core   0: 3 0x0000000080002b24 (0x5ff0a027) mem 0x000000008000cef8 0xff800000
core   0: 0x0000000080002b28 (0x5e40b423) sd      tp, 1512(ra)
core   0: 3 0x0000000080002b28 (0x5e40b423) mem 0x000000008000cf00 0x0000000000000005
core   0: >>>>  inst_37855
core   0: 0x0000000080002b2c (0x00100113) li      sp, 1
core   0: 3 0x0000000080002b2c (0x00100113) x2  0x0000000000000001
core   0: 0x0000000080002b30 (0x00c11113) slli    sp, sp, 12
core   0: 3 0x0000000080002b30 (0x00c11113) x2  0x0000000000001000
core   0: 0x0000000080002b34 (0x002181b3) add     gp, gp, sp
core   0: 3 0x0000000080002b34 (0x002181b3) x3  0x000000008000b010
core   0: 0x0000000080002b38 (0xa741af07) flw     ft10, -1420(gp)
core   0: 3 0x0000000080002b38 (0xa741af07) f30 0xffffffff7f3cee4f mem 0x000000008000aa84
core   0: 0x0000000080002b3c (0x402181b3) sub     gp, gp, sp
core   0: 3 0x0000000080002b3c (0x402181b3) x3  0x000000008000a010
core   0: 0x0000000080002b40 (0x00100113) li      sp, 1
core   0: 3 0x0000000080002b40 (0x00100113) x2  0x0000000000000001
core   0: 0x0000000080002b44 (0x00c11113) slli    sp, sp, 12
core   0: 3 0x0000000080002b44 (0x00c11113) x2  0x0000000000001000
core   0: 0x0000000080002b48 (0x002181b3) add     gp, gp, sp
core   0: 3 0x0000000080002b48 (0x002181b3) x3  0x000000008000b010
core   0: 0x0000000080002b4c (0xa781ae87) flw     ft9, -1416(gp)
core   0: 3 0x0000000080002b4c (0xa781ae87) f29 0xffffffffbfad7066 mem 0x000000008000aa88
core   0: 0x0000000080002b50 (0x402181b3) sub     gp, gp, sp
core   0: 3 0x0000000080002b50 (0x402181b3) x3  0x000000008000a010
core   0: 0x0000000080002b54 (0x00100113) li      sp, 1
core   0: 3 0x0000000080002b54 (0x00100113) x2  0x0000000000000001
core   0: 0x0000000080002b58 (0x00c11113) slli    sp, sp, 12
core   0: 3 0x0000000080002b58 (0x00c11113) x2  0x0000000000001000
core   0: 0x0000000080002b5c (0x002181b3) add     gp, gp, sp
core   0: 3 0x0000000080002b5c (0x002181b3) x3  0x000000008000b010
core   0: 0x0000000080002b60 (0xa7c1ae07) flw     ft8, -1412(gp)
core   0: 3 0x0000000080002b60 (0xa7c1ae07) f28 0xffffffffff000003 mem 0x000000008000aa8c
core   0: 0x0000000080002b64 (0x402181b3) sub     gp, gp, sp
core   0: 3 0x0000000080002b64 (0x402181b3) x3  0x000000008000a010
core   0: 0x0000000080002b68 (0x00000113) li      sp, 0
core   0: 3 0x0000000080002b68 (0x00000113) x2  0x0000000000000000
core   0: 0x0000000080002b6c (0x00311073) csrw    fcsr, sp
core   0: 3 0x0000000080002b6c (0x00311073) c1_fflags 0x0000000000000000 c2_frm 0x0000000000000000
core   0: 0x0000000080002b70 (0xe1df7fc3) fmadd.s ft11, ft10, ft9, ft8
core   0: 3 0x0000000080002b70 (0xe1df7fc3) c1_fflags 0x0000000000000005 f31 0xffffffffff800000
core   0: 0x0000000080002b74 (0x00302273) csrr    tp, fcsr
core   0: 3 0x0000000080002b74 (0x00302273) x4  0x0000000000000005
core   0: 0x0000000080002b78 (0x5ff0a827) fsw     ft11, 1520(ra)
core   0: 3 0x0000000080002b78 (0x5ff0a827) mem 0x000000008000cf08 0xff800000
core   0: 0x0000000080002b7c (0x5e40bc23) sd      tp, 1528(ra)
core   0: 3 0x0000000080002b7c (0x5e40bc23) mem 0x000000008000cf10 0x0000000000000005
core   0: >>>>  inst_37856
core   0: 0x0000000080002b80 (0x00100113) li      sp, 1
core   0: 3 0x0000000080002b80 (0x00100113) x2  0x0000000000000001
core   0: 0x0000000080002b84 (0x00c11113) slli    sp, sp, 12
core   0: 3 0x0000000080002b84 (0x00c11113) x2  0x0000000000001000
core   0: 0x0000000080002b88 (0x002181b3) add     gp, gp, sp
core   0: 3 0x0000000080002b88 (0x002181b3) x3  0x000000008000b010
core   0: 0x0000000080002b8c (0xa801af07) flw     ft10, -1408(gp)
core   0: 3 0x0000000080002b8c (0xa801af07) f30 0xffffffff7f3cee4f mem 0x000000008000aa90
core   0: 0x0000000080002b90 (0x402181b3) sub     gp, gp, sp
core   0: 3 0x0000000080002b90 (0x402181b3) x3  0x000000008000a010
core   0: 0x0000000080002b94 (0x00100113) li      sp, 1
core   0: 3 0x0000000080002b94 (0x00100113) x2  0x0000000000000001
core   0: 0x0000000080002b98 (0x00c11113) slli    sp, sp, 12
core   0: 3 0x0000000080002b98 (0x00c11113) x2  0x0000000000001000
core   0: 0x0000000080002b9c (0x002181b3) add     gp, gp, sp
core   0: 3 0x0000000080002b9c (0x002181b3) x3  0x000000008000b010
core   0: 0x0000000080002ba0 (0xa841ae87) flw     ft9, -1404(gp)
core   0: 3 0x0000000080002ba0 (0xa841ae87) f29 0xffffffffbfad7066 mem 0x000000008000aa94
core   0: 0x0000000080002ba4 (0x402181b3) sub     gp, gp, sp
core   0: 3 0x0000000080002ba4 (0x402181b3) x3  0x000000008000a010
core   0: 0x0000000080002ba8 (0x00100113) li      sp, 1
core   0: 3 0x0000000080002ba8 (0x00100113) x2  0x0000000000000001
core   0: 0x0000000080002bac (0x00c11113) slli    sp, sp, 12
core   0: 3 0x0000000080002bac (0x00c11113) x2  0x0000000000001000
core   0: 0x0000000080002bb0 (0x002181b3) add     gp, gp, sp
core   0: 3 0x0000000080002bb0 (0x002181b3) x3  0x000000008000b010
core   0: 0x0000000080002bb4 (0xa881ae07) flw     ft8, -1400(gp)
core   0: 3 0x0000000080002bb4 (0xa881ae07) f28 0xffffffffff000007 mem 0x000000008000aa98
core   0: 0x0000000080002bb8 (0x402181b3) sub     gp, gp, sp
core   0: 3 0x0000000080002bb8 (0x402181b3) x3  0x000000008000a010
core   0: 0x0000000080002bbc (0x00000113) li      sp, 0
core   0: 3 0x0000000080002bbc (0x00000113) x2  0x0000000000000000
core   0: 0x0000000080002bc0 (0x00311073) csrw    fcsr, sp
core   0: 3 0x0000000080002bc0 (0x00311073) c1_fflags 0x0000000000000000 c2_frm 0x0000000000000000
core   0: 0x0000000080002bc4 (0xe1df7fc3) fmadd.s ft11, ft10, ft9, ft8
core   0: 3 0x0000000080002bc4 (0xe1df7fc3) c1_fflags 0x0000000000000005 f31 0xffffffffff800000
core   0: 0x0000000080002bc8 (0x00302273) csrr    tp, fcsr
core   0: 3 0x0000000080002bc8 (0x00302273) x4  0x0000000000000005
core   0: 0x0000000080002bcc (0x61f0a027) fsw     ft11, 1536(ra)
core   0: 3 0x0000000080002bcc (0x61f0a027) mem 0x000000008000cf18 0xff800000
core   0: 0x0000000080002bd0 (0x6040b423) sd      tp, 1544(ra)
core   0: 3 0x0000000080002bd0 (0x6040b423) mem 0x000000008000cf20 0x0000000000000005
core   0: >>>>  inst_37857
core   0: 0x0000000080002bd4 (0x00100113) li      sp, 1
core   0: 3 0x0000000080002bd4 (0x00100113) x2  0x0000000000000001
core   0: 0x0000000080002bd8 (0x00c11113) slli    sp, sp, 12
core   0: 3 0x0000000080002bd8 (0x00c11113) x2  0x0000000000001000
core   0: 0x0000000080002bdc (0x002181b3) add     gp, gp, sp
core   0: 3 0x0000000080002bdc (0x002181b3) x3  0x000000008000b010
core   0: 0x0000000080002be0 (0xa8c1af07) flw     ft10, -1396(gp)
core   0: 3 0x0000000080002be0 (0xa8c1af07) f30 0xffffffff7f3cee4f mem 0x000000008000aa9c
core   0: 0x0000000080002be4 (0x402181b3) sub     gp, gp, sp
core   0: 3 0x0000000080002be4 (0x402181b3) x3  0x000000008000a010
core   0: 0x0000000080002be8 (0x00100113) li      sp, 1
core   0: 3 0x0000000080002be8 (0x00100113) x2  0x0000000000000001
core   0: 0x0000000080002bec (0x00c11113) slli    sp, sp, 12
core   0: 3 0x0000000080002bec (0x00c11113) x2  0x0000000000001000
core   0: 0x0000000080002bf0 (0x002181b3) add     gp, gp, sp
core   0: 3 0x0000000080002bf0 (0x002181b3) x3  0x000000008000b010
core   0: 0x0000000080002bf4 (0xa901ae87) flw     ft9, -1392(gp)
core   0: 3 0x0000000080002bf4 (0xa901ae87) f29 0xffffffffbfad7066 mem 0x000000008000aaa0
core   0: 0x0000000080002bf8 (0x402181b3) sub     gp, gp, sp
core   0: 3 0x0000000080002bf8 (0x402181b3) x3  0x000000008000a010
core   0: 0x0000000080002bfc (0x00100113) li      sp, 1
core   0: 3 0x0000000080002bfc (0x00100113) x2  0x0000000000000001
core   0: 0x0000000080002c00 (0x00c11113) slli    sp, sp, 12
core   0: 3 0x0000000080002c00 (0x00c11113) x2  0x0000000000001000
core   0: 0x0000000080002c04 (0x002181b3) add     gp, gp, sp
core   0: 3 0x0000000080002c04 (0x002181b3) x3  0x000000008000b010
core   0: 0x0000000080002c08 (0xa941ae07) flw     ft8, -1388(gp)
core   0: 3 0x0000000080002c08 (0xa941ae07) f28 0xffffffffff199999 mem 0x000000008000aaa4
core   0: 0x0000000080002c0c (0x402181b3) sub     gp, gp, sp
core   0: 3 0x0000000080002c0c (0x402181b3) x3  0x000000008000a010
core   0: 0x0000000080002c10 (0x00000113) li      sp, 0
core   0: 3 0x0000000080002c10 (0x00000113) x2  0x0000000000000000
core   0: 0x0000000080002c14 (0x00311073) csrw    fcsr, sp
core   0: 3 0x0000000080002c14 (0x00311073) c1_fflags 0x0000000000000000 c2_frm 0x0000000000000000
core   0: 0x0000000080002c18 (0xe1df7fc3) fmadd.s ft11, ft10, ft9, ft8
core   0: 3 0x0000000080002c18 (0xe1df7fc3) c1_fflags 0x0000000000000005 f31 0xffffffffff800000
core   0: 0x0000000080002c1c (0x00302273) csrr    tp, fcsr
core   0: 3 0x0000000080002c1c (0x00302273) x4  0x0000000000000005
core   0: 0x0000000080002c20 (0x61f0a827) fsw     ft11, 1552(ra)
core   0: 3 0x0000000080002c20 (0x61f0a827) mem 0x000000008000cf28 0xff800000
core   0: 0x0000000080002c24 (0x6040bc23) sd      tp, 1560(ra)
core   0: 3 0x0000000080002c24 (0x6040bc23) mem 0x000000008000cf30 0x0000000000000005
core   0: >>>>  inst_37858
core   0: 0x0000000080002c28 (0x00100113) li      sp, 1
core   0: 3 0x0000000080002c28 (0x00100113) x2  0x0000000000000001
core   0: 0x0000000080002c2c (0x00c11113) slli    sp, sp, 12
core   0: 3 0x0000000080002c2c (0x00c11113) x2  0x0000000000001000
core   0: 0x0000000080002c30 (0x002181b3) add     gp, gp, sp
core   0: 3 0x0000000080002c30 (0x002181b3) x3  0x000000008000b010
core   0: 0x0000000080002c34 (0xa981af07) flw     ft10, -1384(gp)
core   0: 3 0x0000000080002c34 (0xa981af07) f30 0xffffffff7f3cee4f mem 0x000000008000aaa8
core   0: 0x0000000080002c38 (0x402181b3) sub     gp, gp, sp
core   0: 3 0x0000000080002c38 (0x402181b3) x3  0x000000008000a010
core   0: 0x0000000080002c3c (0x00100113) li      sp, 1
core   0: 3 0x0000000080002c3c (0x00100113) x2  0x0000000000000001
core   0: 0x0000000080002c40 (0x00c11113) slli    sp, sp, 12
core   0: 3 0x0000000080002c40 (0x00c11113) x2  0x0000000000001000
core   0: 0x0000000080002c44 (0x002181b3) add     gp, gp, sp
core   0: 3 0x0000000080002c44 (0x002181b3) x3  0x000000008000b010
core   0: 0x0000000080002c48 (0xa9c1ae87) flw     ft9, -1380(gp)
core   0: 3 0x0000000080002c48 (0xa9c1ae87) f29 0xffffffffbfad7066 mem 0x000000008000aaac
core   0: 0x0000000080002c4c (0x402181b3) sub     gp, gp, sp
core   0: 3 0x0000000080002c4c (0x402181b3) x3  0x000000008000a010
core   0: 0x0000000080002c50 (0x00100113) li      sp, 1
core   0: 3 0x0000000080002c50 (0x00100113) x2  0x0000000000000001
core   0: 0x0000000080002c54 (0x00c11113) slli    sp, sp, 12
core   0: 3 0x0000000080002c54 (0x00c11113) x2  0x0000000000001000
core   0: 0x0000000080002c58 (0x002181b3) add     gp, gp, sp
core   0: 3 0x0000000080002c58 (0x002181b3) x3  0x000000008000b010
core   0: 0x0000000080002c5c (0xaa01ae07) flw     ft8, -1376(gp)
core   0: 3 0x0000000080002c5c (0xaa01ae07) f28 0xffffffffff249249 mem 0x000000008000aab0
core   0: 0x0000000080002c60 (0x402181b3) sub     gp, gp, sp
core   0: 3 0x0000000080002c60 (0x402181b3) x3  0x000000008000a010
core   0: 0x0000000080002c64 (0x00000113) li      sp, 0
core   0: 3 0x0000000080002c64 (0x00000113) x2  0x0000000000000000
core   0: 0x0000000080002c68 (0x00311073) csrw    fcsr, sp
core   0: 3 0x0000000080002c68 (0x00311073) c1_fflags 0x0000000000000000 c2_frm 0x0000000000000000
core   0: 0x0000000080002c6c (0xe1df7fc3) fmadd.s ft11, ft10, ft9, ft8
core   0: 3 0x0000000080002c6c (0xe1df7fc3) c1_fflags 0x0000000000000005 f31 0xffffffffff800000
core   0: 0x0000000080002c70 (0x00302273) csrr    tp, fcsr
core   0: 3 0x0000000080002c70 (0x00302273) x4  0x0000000000000005
core   0: 0x0000000080002c74 (0x63f0a027) fsw     ft11, 1568(ra)
core   0: 3 0x0000000080002c74 (0x63f0a027) mem 0x000000008000cf38 0xff800000
core   0: 0x0000000080002c78 (0x6240b423) sd      tp, 1576(ra)
core   0: 3 0x0000000080002c78 (0x6240b423) mem 0x000000008000cf40 0x0000000000000005
core   0: >>>>  inst_37859
core   0: 0x0000000080002c7c (0x00100113) li      sp, 1
core   0: 3 0x0000000080002c7c (0x00100113) x2  0x0000000000000001
core   0: 0x0000000080002c80 (0x00c11113) slli    sp, sp, 12
core   0: 3 0x0000000080002c80 (0x00c11113) x2  0x0000000000001000
core   0: 0x0000000080002c84 (0x002181b3) add     gp, gp, sp
core   0: 3 0x0000000080002c84 (0x002181b3) x3  0x000000008000b010
core   0: 0x0000000080002c88 (0xaa41af07) flw     ft10, -1372(gp)
core   0: 3 0x0000000080002c88 (0xaa41af07) f30 0xffffffff7f3cee4f mem 0x000000008000aab4
core   0: 0x0000000080002c8c (0x402181b3) sub     gp, gp, sp
core   0: 3 0x0000000080002c8c (0x402181b3) x3  0x000000008000a010
core   0: 0x0000000080002c90 (0x00100113) li      sp, 1
core   0: 3 0x0000000080002c90 (0x00100113) x2  0x0000000000000001
core   0: 0x0000000080002c94 (0x00c11113) slli    sp, sp, 12
core   0: 3 0x0000000080002c94 (0x00c11113) x2  0x0000000000001000
core   0: 0x0000000080002c98 (0x002181b3) add     gp, gp, sp
core   0: 3 0x0000000080002c98 (0x002181b3) x3  0x000000008000b010
core   0: 0x0000000080002c9c (0xaa81ae87) flw     ft9, -1368(gp)
core   0: 3 0x0000000080002c9c (0xaa81ae87) f29 0xffffffffbfad7066 mem 0x000000008000aab8
core   0: 0x0000000080002ca0 (0x402181b3) sub     gp, gp, sp
core   0: 3 0x0000000080002ca0 (0x402181b3) x3  0x000000008000a010
core   0: 0x0000000080002ca4 (0x00100113) li      sp, 1
core   0: 3 0x0000000080002ca4 (0x00100113) x2  0x0000000000000001
core   0: 0x0000000080002ca8 (0x00c11113) slli    sp, sp, 12
core   0: 3 0x0000000080002ca8 (0x00c11113) x2  0x0000000000001000
core   0: 0x0000000080002cac (0x002181b3) add     gp, gp, sp
core   0: 3 0x0000000080002cac (0x002181b3) x3  0x000000008000b010
core   0: 0x0000000080002cb0 (0xaac1ae07) flw     ft8, -1364(gp)
core   0: 3 0x0000000080002cb0 (0xaac1ae07) f28 0xffffffffff333333 mem 0x000000008000aabc
core   0: 0x0000000080002cb4 (0x402181b3) sub     gp, gp, sp
core   0: 3 0x0000000080002cb4 (0x402181b3) x3  0x000000008000a010
core   0: 0x0000000080002cb8 (0x00000113) li      sp, 0
core   0: 3 0x0000000080002cb8 (0x00000113) x2  0x0000000000000000
core   0: 0x0000000080002cbc (0x00311073) csrw    fcsr, sp
core   0: 3 0x0000000080002cbc (0x00311073) c1_fflags 0x0000000000000000 c2_frm 0x0000000000000000
core   0: 0x0000000080002cc0 (0xe1df7fc3) fmadd.s ft11, ft10, ft9, ft8
core   0: 3 0x0000000080002cc0 (0xe1df7fc3) c1_fflags 0x0000000000000005 f31 0xffffffffff800000
core   0: 0x0000000080002cc4 (0x00302273) csrr    tp, fcsr
core   0: 3 0x0000000080002cc4 (0x00302273) x4  0x0000000000000005
core   0: 0x0000000080002cc8 (0x63f0a827) fsw     ft11, 1584(ra)
core   0: 3 0x0000000080002cc8 (0x63f0a827) mem 0x000000008000cf48 0xff800000
core   0: 0x0000000080002ccc (0x6240bc23) sd      tp, 1592(ra)
core   0: 3 0x0000000080002ccc (0x6240bc23) mem 0x000000008000cf50 0x0000000000000005
core   0: >>>>  inst_37860
core   0: 0x0000000080002cd0 (0x00100113) li      sp, 1
core   0: 3 0x0000000080002cd0 (0x00100113) x2  0x0000000000000001
core   0: 0x0000000080002cd4 (0x00c11113) slli    sp, sp, 12
core   0: 3 0x0000000080002cd4 (0x00c11113) x2  0x0000000000001000
core   0: 0x0000000080002cd8 (0x002181b3) add     gp, gp, sp
core   0: 3 0x0000000080002cd8 (0x002181b3) x3  0x000000008000b010
core   0: 0x0000000080002cdc (0xab01af07) flw     ft10, -1360(gp)
core   0: 3 0x0000000080002cdc (0xab01af07) f30 0xffffffff7f3cee4f mem 0x000000008000aac0
core   0: 0x0000000080002ce0 (0x402181b3) sub     gp, gp, sp
core   0: 3 0x0000000080002ce0 (0x402181b3) x3  0x000000008000a010
core   0: 0x0000000080002ce4 (0x00100113) li      sp, 1
core   0: 3 0x0000000080002ce4 (0x00100113) x2  0x0000000000000001
core   0: 0x0000000080002ce8 (0x00c11113) slli    sp, sp, 12
core   0: 3 0x0000000080002ce8 (0x00c11113) x2  0x0000000000001000
core   0: 0x0000000080002cec (0x002181b3) add     gp, gp, sp
core   0: 3 0x0000000080002cec (0x002181b3) x3  0x000000008000b010
core   0: 0x0000000080002cf0 (0xab41ae87) flw     ft9, -1356(gp)
core   0: 3 0x0000000080002cf0 (0xab41ae87) f29 0xffffffffbfad7066 mem 0x000000008000aac4
core   0: 0x0000000080002cf4 (0x402181b3) sub     gp, gp, sp
core   0: 3 0x0000000080002cf4 (0x402181b3) x3  0x000000008000a010
core   0: 0x0000000080002cf8 (0x00100113) li      sp, 1
core   0: 3 0x0000000080002cf8 (0x00100113) x2  0x0000000000000001
core   0: 0x0000000080002cfc (0x00c11113) slli    sp, sp, 12
core   0: 3 0x0000000080002cfc (0x00c11113) x2  0x0000000000001000
core   0: 0x0000000080002d00 (0x002181b3) add     gp, gp, sp
core   0: 3 0x0000000080002d00 (0x002181b3) x3  0x000000008000b010
core   0: 0x0000000080002d04 (0xab81ae07) flw     ft8, -1352(gp)
core   0: 3 0x0000000080002d04 (0xab81ae07) f28 0xffffffffff36db6d mem 0x000000008000aac8
core   0: 0x0000000080002d08 (0x402181b3) sub     gp, gp, sp
core   0: 3 0x0000000080002d08 (0x402181b3) x3  0x000000008000a010
core   0: 0x0000000080002d0c (0x00000113) li      sp, 0
core   0: 3 0x0000000080002d0c (0x00000113) x2  0x0000000000000000
core   0: 0x0000000080002d10 (0x00311073) csrw    fcsr, sp
core   0: 3 0x0000000080002d10 (0x00311073) c1_fflags 0x0000000000000000 c2_frm 0x0000000000000000
core   0: 0x0000000080002d14 (0xe1df7fc3) fmadd.s ft11, ft10, ft9, ft8
core   0: 3 0x0000000080002d14 (0xe1df7fc3) c1_fflags 0x0000000000000005 f31 0xffffffffff800000
core   0: 0x0000000080002d18 (0x00302273) csrr    tp, fcsr
core   0: 3 0x0000000080002d18 (0x00302273) x4  0x0000000000000005
core   0: 0x0000000080002d1c (0x65f0a027) fsw     ft11, 1600(ra)
core   0: 3 0x0000000080002d1c (0x65f0a027) mem 0x000000008000cf58 0xff800000
core   0: 0x0000000080002d20 (0x6440b423) sd      tp, 1608(ra)
core   0: 3 0x0000000080002d20 (0x6440b423) mem 0x000000008000cf60 0x0000000000000005
core   0: >>>>  inst_37861
core   0: 0x0000000080002d24 (0x00100113) li      sp, 1
core   0: 3 0x0000000080002d24 (0x00100113) x2  0x0000000000000001
core   0: 0x0000000080002d28 (0x00c11113) slli    sp, sp, 12
core   0: 3 0x0000000080002d28 (0x00c11113) x2  0x0000000000001000
core   0: 0x0000000080002d2c (0x002181b3) add     gp, gp, sp
core   0: 3 0x0000000080002d2c (0x002181b3) x3  0x000000008000b010
core   0: 0x0000000080002d30 (0xabc1af07) flw     ft10, -1348(gp)
core   0: 3 0x0000000080002d30 (0xabc1af07) f30 0xffffffff7f3cee4f mem 0x000000008000aacc
core   0: 0x0000000080002d34 (0x402181b3) sub     gp, gp, sp
core   0: 3 0x0000000080002d34 (0x402181b3) x3  0x000000008000a010
core   0: 0x0000000080002d38 (0x00100113) li      sp, 1
core   0: 3 0x0000000080002d38 (0x00100113) x2  0x0000000000000001
core   0: 0x0000000080002d3c (0x00c11113) slli    sp, sp, 12
core   0: 3 0x0000000080002d3c (0x00c11113) x2  0x0000000000001000
core   0: 0x0000000080002d40 (0x002181b3) add     gp, gp, sp
core   0: 3 0x0000000080002d40 (0x002181b3) x3  0x000000008000b010
core   0: 0x0000000080002d44 (0xac01ae87) flw     ft9, -1344(gp)
core   0: 3 0x0000000080002d44 (0xac01ae87) f29 0xffffffffbfad7066 mem 0x000000008000aad0
core   0: 0x0000000080002d48 (0x402181b3) sub     gp, gp, sp
core   0: 3 0x0000000080002d48 (0x402181b3) x3  0x000000008000a010
core   0: 0x0000000080002d4c (0x00100113) li      sp, 1
core   0: 3 0x0000000080002d4c (0x00100113) x2  0x0000000000000001
core   0: 0x0000000080002d50 (0x00c11113) slli    sp, sp, 12
core   0: 3 0x0000000080002d50 (0x00c11113) x2  0x0000000000001000
core   0: 0x0000000080002d54 (0x002181b3) add     gp, gp, sp
core   0: 3 0x0000000080002d54 (0x002181b3) x3  0x000000008000b010
core   0: 0x0000000080002d58 (0xac41ae07) flw     ft8, -1340(gp)
core   0: 3 0x0000000080002d58 (0xac41ae07) f28 0xffffffffff3bbbbb mem 0x000000008000aad4
core   0: 0x0000000080002d5c (0x402181b3) sub     gp, gp, sp
core   0: 3 0x0000000080002d5c (0x402181b3) x3  0x000000008000a010
core   0: 0x0000000080002d60 (0x00000113) li      sp, 0
core   0: 3 0x0000000080002d60 (0x00000113) x2  0x0000000000000000
core   0: 0x0000000080002d64 (0x00311073) csrw    fcsr, sp
core   0: 3 0x0000000080002d64 (0x00311073) c1_fflags 0x0000000000000000 c2_frm 0x0000000000000000
core   0: 0x0000000080002d68 (0xe1df7fc3) fmadd.s ft11, ft10, ft9, ft8
core   0: 3 0x0000000080002d68 (0xe1df7fc3) c1_fflags 0x0000000000000005 f31 0xffffffffff800000
core   0: 0x0000000080002d6c (0x00302273) csrr    tp, fcsr
core   0: 3 0x0000000080002d6c (0x00302273) x4  0x0000000000000005
core   0: 0x0000000080002d70 (0x65f0a827) fsw     ft11, 1616(ra)
core   0: 3 0x0000000080002d70 (0x65f0a827) mem 0x000000008000cf68 0xff800000
core   0: 0x0000000080002d74 (0x6440bc23) sd      tp, 1624(ra)
core   0: 3 0x0000000080002d74 (0x6440bc23) mem 0x000000008000cf70 0x0000000000000005
core   0: >>>>  inst_37862
core   0: 0x0000000080002d78 (0x00100113) li      sp, 1
core   0: 3 0x0000000080002d78 (0x00100113) x2  0x0000000000000001
core   0: 0x0000000080002d7c (0x00c11113) slli    sp, sp, 12
core   0: 3 0x0000000080002d7c (0x00c11113) x2  0x0000000000001000
core   0: 0x0000000080002d80 (0x002181b3) add     gp, gp, sp
core   0: 3 0x0000000080002d80 (0x002181b3) x3  0x000000008000b010
core   0: 0x0000000080002d84 (0xac81af07) flw     ft10, -1336(gp)
core   0: 3 0x0000000080002d84 (0xac81af07) f30 0xffffffff7f3cee4f mem 0x000000008000aad8
core   0: 0x0000000080002d88 (0x402181b3) sub     gp, gp, sp
core   0: 3 0x0000000080002d88 (0x402181b3) x3  0x000000008000a010
core   0: 0x0000000080002d8c (0x00100113) li      sp, 1
core   0: 3 0x0000000080002d8c (0x00100113) x2  0x0000000000000001
core   0: 0x0000000080002d90 (0x00c11113) slli    sp, sp, 12
core   0: 3 0x0000000080002d90 (0x00c11113) x2  0x0000000000001000
core   0: 0x0000000080002d94 (0x002181b3) add     gp, gp, sp
core   0: 3 0x0000000080002d94 (0x002181b3) x3  0x000000008000b010
core   0: 0x0000000080002d98 (0xacc1ae87) flw     ft9, -1332(gp)
core   0: 3 0x0000000080002d98 (0xacc1ae87) f29 0xffffffffbfad7066 mem 0x000000008000aadc
core   0: 0x0000000080002d9c (0x402181b3) sub     gp, gp, sp
core   0: 3 0x0000000080002d9c (0x402181b3) x3  0x000000008000a010
core   0: 0x0000000080002da0 (0x00100113) li      sp, 1
core   0: 3 0x0000000080002da0 (0x00100113) x2  0x0000000000000001
core   0: 0x0000000080002da4 (0x00c11113) slli    sp, sp, 12
core   0: 3 0x0000000080002da4 (0x00c11113) x2  0x0000000000001000
core   0: 0x0000000080002da8 (0x002181b3) add     gp, gp, sp
core   0: 3 0x0000000080002da8 (0x002181b3) x3  0x000000008000b010
core   0: 0x0000000080002dac (0xad01ae07) flw     ft8, -1328(gp)
core   0: 3 0x0000000080002dac (0xad01ae07) f28 0xffffffffff444444 mem 0x000000008000aae0
core   0: 0x0000000080002db0 (0x402181b3) sub     gp, gp, sp
core   0: 3 0x0000000080002db0 (0x402181b3) x3  0x000000008000a010
core   0: 0x0000000080002db4 (0x00000113) li      sp, 0
core   0: 3 0x0000000080002db4 (0x00000113) x2  0x0000000000000000
core   0: 0x0000000080002db8 (0x00311073) csrw    fcsr, sp
core   0: 3 0x0000000080002db8 (0x00311073) c1_fflags 0x0000000000000000 c2_frm 0x0000000000000000
core   0: 0x0000000080002dbc (0xe1df7fc3) fmadd.s ft11, ft10, ft9, ft8
core   0: 3 0x0000000080002dbc (0xe1df7fc3) c1_fflags 0x0000000000000005 f31 0xffffffffff800000
core   0: 0x0000000080002dc0 (0x00302273) csrr    tp, fcsr
core   0: 3 0x0000000080002dc0 (0x00302273) x4  0x0000000000000005
core   0: 0x0000000080002dc4 (0x67f0a027) fsw     ft11, 1632(ra)
core   0: 3 0x0000000080002dc4 (0x67f0a027) mem 0x000000008000cf78 0xff800000
core   0: 0x0000000080002dc8 (0x6640b423) sd      tp, 1640(ra)
core   0: 3 0x0000000080002dc8 (0x6640b423) mem 0x000000008000cf80 0x0000000000000005
core   0: >>>>  inst_37863
core   0: 0x0000000080002dcc (0x00100113) li      sp, 1
core   0: 3 0x0000000080002dcc (0x00100113) x2  0x0000000000000001
core   0: 0x0000000080002dd0 (0x00c11113) slli    sp, sp, 12
core   0: 3 0x0000000080002dd0 (0x00c11113) x2  0x0000000000001000
core   0: 0x0000000080002dd4 (0x002181b3) add     gp, gp, sp
core   0: 3 0x0000000080002dd4 (0x002181b3) x3  0x000000008000b010
core   0: 0x0000000080002dd8 (0xad41af07) flw     ft10, -1324(gp)
core   0: 3 0x0000000080002dd8 (0xad41af07) f30 0xffffffff7f3cee4f mem 0x000000008000aae4
core   0: 0x0000000080002ddc (0x402181b3) sub     gp, gp, sp
core   0: 3 0x0000000080002ddc (0x402181b3) x3  0x000000008000a010
core   0: 0x0000000080002de0 (0x00100113) li      sp, 1
core   0: 3 0x0000000080002de0 (0x00100113) x2  0x0000000000000001
core   0: 0x0000000080002de4 (0x00c11113) slli    sp, sp, 12
core   0: 3 0x0000000080002de4 (0x00c11113) x2  0x0000000000001000
core   0: 0x0000000080002de8 (0x002181b3) add     gp, gp, sp
core   0: 3 0x0000000080002de8 (0x002181b3) x3  0x000000008000b010
core   0: 0x0000000080002dec (0xad81ae87) flw     ft9, -1320(gp)
core   0: 3 0x0000000080002dec (0xad81ae87) f29 0xffffffffbfad7066 mem 0x000000008000aae8
core   0: 0x0000000080002df0 (0x402181b3) sub     gp, gp, sp
core   0: 3 0x0000000080002df0 (0x402181b3) x3  0x000000008000a010
core   0: 0x0000000080002df4 (0x00100113) li      sp, 1
core   0: 3 0x0000000080002df4 (0x00100113) x2  0x0000000000000001
core   0: 0x0000000080002df8 (0x00c11113) slli    sp, sp, 12
core   0: 3 0x0000000080002df8 (0x00c11113) x2  0x0000000000001000
core   0: 0x0000000080002dfc (0x002181b3) add     gp, gp, sp
core   0: 3 0x0000000080002dfc (0x002181b3) x3  0x000000008000b010
core   0: 0x0000000080002e00 (0xadc1ae07) flw     ft8, -1316(gp)
core   0: 3 0x0000000080002e00 (0xadc1ae07) f28 0xffffffffff4ccccc mem 0x000000008000aaec
core   0: 0x0000000080002e04 (0x402181b3) sub     gp, gp, sp
core   0: 3 0x0000000080002e04 (0x402181b3) x3  0x000000008000a010
core   0: 0x0000000080002e08 (0x00000113) li      sp, 0
core   0: 3 0x0000000080002e08 (0x00000113) x2  0x0000000000000000
core   0: 0x0000000080002e0c (0x00311073) csrw    fcsr, sp
core   0: 3 0x0000000080002e0c (0x00311073) c1_fflags 0x0000000000000000 c2_frm 0x0000000000000000
core   0: 0x0000000080002e10 (0xe1df7fc3) fmadd.s ft11, ft10, ft9, ft8
core   0: 3 0x0000000080002e10 (0xe1df7fc3) c1_fflags 0x0000000000000005 f31 0xffffffffff800000
core   0: 0x0000000080002e14 (0x00302273) csrr    tp, fcsr
core   0: 3 0x0000000080002e14 (0x00302273) x4  0x0000000000000005
core   0: 0x0000000080002e18 (0x67f0a827) fsw     ft11, 1648(ra)
core   0: 3 0x0000000080002e18 (0x67f0a827) mem 0x000000008000cf88 0xff800000
core   0: 0x0000000080002e1c (0x6640bc23) sd      tp, 1656(ra)
core   0: 3 0x0000000080002e1c (0x6640bc23) mem 0x000000008000cf90 0x0000000000000005
core   0: >>>>  inst_37864
core   0: 0x0000000080002e20 (0x00100113) li      sp, 1
core   0: 3 0x0000000080002e20 (0x00100113) x2  0x0000000000000001
core   0: 0x0000000080002e24 (0x00c11113) slli    sp, sp, 12
core   0: 3 0x0000000080002e24 (0x00c11113) x2  0x0000000000001000
core   0: 0x0000000080002e28 (0x002181b3) add     gp, gp, sp
core   0: 3 0x0000000080002e28 (0x002181b3) x3  0x000000008000b010
core   0: 0x0000000080002e2c (0xae01af07) flw     ft10, -1312(gp)
core   0: 3 0x0000000080002e2c (0xae01af07) f30 0xffffffff7f3cee4f mem 0x000000008000aaf0
core   0: 0x0000000080002e30 (0x402181b3) sub     gp, gp, sp
core   0: 3 0x0000000080002e30 (0x402181b3) x3  0x000000008000a010
core   0: 0x0000000080002e34 (0x00100113) li      sp, 1
core   0: 3 0x0000000080002e34 (0x00100113) x2  0x0000000000000001
core   0: 0x0000000080002e38 (0x00c11113) slli    sp, sp, 12
core   0: 3 0x0000000080002e38 (0x00c11113) x2  0x0000000000001000
core   0: 0x0000000080002e3c (0x002181b3) add     gp, gp, sp
core   0: 3 0x0000000080002e3c (0x002181b3) x3  0x000000008000b010
core   0: 0x0000000080002e40 (0xae41ae87) flw     ft9, -1308(gp)
core   0: 3 0x0000000080002e40 (0xae41ae87) f29 0xffffffffbfad7066 mem 0x000000008000aaf4
core   0: 0x0000000080002e44 (0x402181b3) sub     gp, gp, sp
core   0: 3 0x0000000080002e44 (0x402181b3) x3  0x000000008000a010
core   0: 0x0000000080002e48 (0x00100113) li      sp, 1
core   0: 3 0x0000000080002e48 (0x00100113) x2  0x0000000000000001
core   0: 0x0000000080002e4c (0x00c11113) slli    sp, sp, 12
core   0: 3 0x0000000080002e4c (0x00c11113) x2  0x0000000000001000
core   0: 0x0000000080002e50 (0x002181b3) add     gp, gp, sp
core   0: 3 0x0000000080002e50 (0x002181b3) x3  0x000000008000b010
core   0: 0x0000000080002e54 (0xae81ae07) flw     ft8, -1304(gp)
core   0: 3 0x0000000080002e54 (0xae81ae07) f28 0xffffffffff5b6db6 mem 0x000000008000aaf8
core   0: 0x0000000080002e58 (0x402181b3) sub     gp, gp, sp
core   0: 3 0x0000000080002e58 (0x402181b3) x3  0x000000008000a010
core   0: 0x0000000080002e5c (0x00000113) li      sp, 0
core   0: 3 0x0000000080002e5c (0x00000113) x2  0x0000000000000000
core   0: 0x0000000080002e60 (0x00311073) csrw    fcsr, sp
core   0: 3 0x0000000080002e60 (0x00311073) c1_fflags 0x0000000000000000 c2_frm 0x0000000000000000
core   0: 0x0000000080002e64 (0xe1df7fc3) fmadd.s ft11, ft10, ft9, ft8
core   0: 3 0x0000000080002e64 (0xe1df7fc3) c1_fflags 0x0000000000000005 f31 0xffffffffff800000
core   0: 0x0000000080002e68 (0x00302273) csrr    tp, fcsr
core   0: 3 0x0000000080002e68 (0x00302273) x4  0x0000000000000005
core   0: 0x0000000080002e6c (0x69f0a027) fsw     ft11, 1664(ra)
core   0: 3 0x0000000080002e6c (0x69f0a027) mem 0x000000008000cf98 0xff800000
core   0: 0x0000000080002e70 (0x6840b423) sd      tp, 1672(ra)
core   0: 3 0x0000000080002e70 (0x6840b423) mem 0x000000008000cfa0 0x0000000000000005
core   0: >>>>  inst_37865
core   0: 0x0000000080002e74 (0x00100113) li      sp, 1
core   0: 3 0x0000000080002e74 (0x00100113) x2  0x0000000000000001
core   0: 0x0000000080002e78 (0x00c11113) slli    sp, sp, 12
core   0: 3 0x0000000080002e78 (0x00c11113) x2  0x0000000000001000
core   0: 0x0000000080002e7c (0x002181b3) add     gp, gp, sp
core   0: 3 0x0000000080002e7c (0x002181b3) x3  0x000000008000b010
core   0: 0x0000000080002e80 (0xaec1af07) flw     ft10, -1300(gp)
core   0: 3 0x0000000080002e80 (0xaec1af07) f30 0xffffffff7f3cee4f mem 0x000000008000aafc
core   0: 0x0000000080002e84 (0x402181b3) sub     gp, gp, sp
core   0: 3 0x0000000080002e84 (0x402181b3) x3  0x000000008000a010
core   0: 0x0000000080002e88 (0x00100113) li      sp, 1
core   0: 3 0x0000000080002e88 (0x00100113) x2  0x0000000000000001
core   0: 0x0000000080002e8c (0x00c11113) slli    sp, sp, 12
core   0: 3 0x0000000080002e8c (0x00c11113) x2  0x0000000000001000
core   0: 0x0000000080002e90 (0x002181b3) add     gp, gp, sp
core   0: 3 0x0000000080002e90 (0x002181b3) x3  0x000000008000b010
core   0: 0x0000000080002e94 (0xaf01ae87) flw     ft9, -1296(gp)
core   0: 3 0x0000000080002e94 (0xaf01ae87) f29 0xffffffffbfad7066 mem 0x000000008000ab00
core   0: 0x0000000080002e98 (0x402181b3) sub     gp, gp, sp
core   0: 3 0x0000000080002e98 (0x402181b3) x3  0x000000008000a010
core   0: 0x0000000080002e9c (0x00100113) li      sp, 1
core   0: 3 0x0000000080002e9c (0x00100113) x2  0x0000000000000001
core   0: 0x0000000080002ea0 (0x00c11113) slli    sp, sp, 12
core   0: 3 0x0000000080002ea0 (0x00c11113) x2  0x0000000000001000
core   0: 0x0000000080002ea4 (0x002181b3) add     gp, gp, sp
core   0: 3 0x0000000080002ea4 (0x002181b3) x3  0x000000008000b010
core   0: 0x0000000080002ea8 (0xaf41ae07) flw     ft8, -1292(gp)
core   0: 3 0x0000000080002ea8 (0xaf41ae07) f28 0xffffffffff666666 mem 0x000000008000ab04
core   0: 0x0000000080002eac (0x402181b3) sub     gp, gp, sp
core   0: 3 0x0000000080002eac (0x402181b3) x3  0x000000008000a010
core   0: 0x0000000080002eb0 (0x00000113) li      sp, 0
core   0: 3 0x0000000080002eb0 (0x00000113) x2  0x0000000000000000
core   0: 0x0000000080002eb4 (0x00311073) csrw    fcsr, sp
core   0: 3 0x0000000080002eb4 (0x00311073) c1_fflags 0x0000000000000000 c2_frm 0x0000000000000000
core   0: 0x0000000080002eb8 (0xe1df7fc3) fmadd.s ft11, ft10, ft9, ft8
core   0: 3 0x0000000080002eb8 (0xe1df7fc3) c1_fflags 0x0000000000000005 f31 0xffffffffff800000
core   0: 0x0000000080002ebc (0x00302273) csrr    tp, fcsr
core   0: 3 0x0000000080002ebc (0x00302273) x4  0x0000000000000005
core   0: 0x0000000080002ec0 (0x69f0a827) fsw     ft11, 1680(ra)
core   0: 3 0x0000000080002ec0 (0x69f0a827) mem 0x000000008000cfa8 0xff800000
core   0: 0x0000000080002ec4 (0x6840bc23) sd      tp, 1688(ra)
core   0: 3 0x0000000080002ec4 (0x6840bc23) mem 0x000000008000cfb0 0x0000000000000005
core   0: >>>>  inst_37866
core   0: 0x0000000080002ec8 (0x00100113) li      sp, 1
core   0: 3 0x0000000080002ec8 (0x00100113) x2  0x0000000000000001
core   0: 0x0000000080002ecc (0x00c11113) slli    sp, sp, 12
core   0: 3 0x0000000080002ecc (0x00c11113) x2  0x0000000000001000
core   0: 0x0000000080002ed0 (0x002181b3) add     gp, gp, sp
core   0: 3 0x0000000080002ed0 (0x002181b3) x3  0x000000008000b010
core   0: 0x0000000080002ed4 (0xaf81af07) flw     ft10, -1288(gp)
core   0: 3 0x0000000080002ed4 (0xaf81af07) f30 0xffffffff7f3cee4f mem 0x000000008000ab08
core   0: 0x0000000080002ed8 (0x402181b3) sub     gp, gp, sp
core   0: 3 0x0000000080002ed8 (0x402181b3) x3  0x000000008000a010
core   0: 0x0000000080002edc (0x00100113) li      sp, 1
core   0: 3 0x0000000080002edc (0x00100113) x2  0x0000000000000001
core   0: 0x0000000080002ee0 (0x00c11113) slli    sp, sp, 12
core   0: 3 0x0000000080002ee0 (0x00c11113) x2  0x0000000000001000
core   0: 0x0000000080002ee4 (0x002181b3) add     gp, gp, sp
core   0: 3 0x0000000080002ee4 (0x002181b3) x3  0x000000008000b010
core   0: 0x0000000080002ee8 (0xafc1ae87) flw     ft9, -1284(gp)
core   0: 3 0x0000000080002ee8 (0xafc1ae87) f29 0xffffffffbfad7066 mem 0x000000008000ab0c
core   0: 0x0000000080002eec (0x402181b3) sub     gp, gp, sp
core   0: 3 0x0000000080002eec (0x402181b3) x3  0x000000008000a010
core   0: 0x0000000080002ef0 (0x00100113) li      sp, 1
core   0: 3 0x0000000080002ef0 (0x00100113) x2  0x0000000000000001
core   0: 0x0000000080002ef4 (0x00c11113) slli    sp, sp, 12
core   0: 3 0x0000000080002ef4 (0x00c11113) x2  0x0000000000001000
core   0: 0x0000000080002ef8 (0x002181b3) add     gp, gp, sp
core   0: 3 0x0000000080002ef8 (0x002181b3) x3  0x000000008000b010
core   0: 0x0000000080002efc (0xb001ae07) flw     ft8, -1280(gp)
core   0: 3 0x0000000080002efc (0xb001ae07) f28 0xffffffffff6db6db mem 0x000000008000ab10
core   0: 0x0000000080002f00 (0x402181b3) sub     gp, gp, sp
core   0: 3 0x0000000080002f00 (0x402181b3) x3  0x000000008000a010
core   0: 0x0000000080002f04 (0x00000113) li      sp, 0
core   0: 3 0x0000000080002f04 (0x00000113) x2  0x0000000000000000
core   0: 0x0000000080002f08 (0x00311073) csrw    fcsr, sp
core   0: 3 0x0000000080002f08 (0x00311073) c1_fflags 0x0000000000000000 c2_frm 0x0000000000000000
core   0: 0x0000000080002f0c (0xe1df7fc3) fmadd.s ft11, ft10, ft9, ft8
core   0: 3 0x0000000080002f0c (0xe1df7fc3) c1_fflags 0x0000000000000005 f31 0xffffffffff800000
core   0: 0x0000000080002f10 (0x00302273) csrr    tp, fcsr
core   0: 3 0x0000000080002f10 (0x00302273) x4  0x0000000000000005
core   0: 0x0000000080002f14 (0x6bf0a027) fsw     ft11, 1696(ra)
core   0: 3 0x0000000080002f14 (0x6bf0a027) mem 0x000000008000cfb8 0xff800000
core   0: 0x0000000080002f18 (0x6a40b423) sd      tp, 1704(ra)
core   0: 3 0x0000000080002f18 (0x6a40b423) mem 0x000000008000cfc0 0x0000000000000005
core   0: >>>>  inst_37867
core   0: 0x0000000080002f1c (0x00100113) li      sp, 1
core   0: 3 0x0000000080002f1c (0x00100113) x2  0x0000000000000001
core   0: 0x0000000080002f20 (0x00c11113) slli    sp, sp, 12
core   0: 3 0x0000000080002f20 (0x00c11113) x2  0x0000000000001000
core   0: 0x0000000080002f24 (0x002181b3) add     gp, gp, sp
core   0: 3 0x0000000080002f24 (0x002181b3) x3  0x000000008000b010
core   0: 0x0000000080002f28 (0xb041af07) flw     ft10, -1276(gp)
core   0: 3 0x0000000080002f28 (0xb041af07) f30 0xffffffff7f3cee4f mem 0x000000008000ab14
core   0: 0x0000000080002f2c (0x402181b3) sub     gp, gp, sp
core   0: 3 0x0000000080002f2c (0x402181b3) x3  0x000000008000a010
core   0: 0x0000000080002f30 (0x00100113) li      sp, 1
core   0: 3 0x0000000080002f30 (0x00100113) x2  0x0000000000000001
core   0: 0x0000000080002f34 (0x00c11113) slli    sp, sp, 12
core   0: 3 0x0000000080002f34 (0x00c11113) x2  0x0000000000001000
core   0: 0x0000000080002f38 (0x002181b3) add     gp, gp, sp
core   0: 3 0x0000000080002f38 (0x002181b3) x3  0x000000008000b010
core   0: 0x0000000080002f3c (0xb081ae87) flw     ft9, -1272(gp)
core   0: 3 0x0000000080002f3c (0xb081ae87) f29 0xffffffffbfad7066 mem 0x000000008000ab18
core   0: 0x0000000080002f40 (0x402181b3) sub     gp, gp, sp
core   0: 3 0x0000000080002f40 (0x402181b3) x3  0x000000008000a010
core   0: 0x0000000080002f44 (0x00100113) li      sp, 1
core   0: 3 0x0000000080002f44 (0x00100113) x2  0x0000000000000001
core   0: 0x0000000080002f48 (0x00c11113) slli    sp, sp, 12
core   0: 3 0x0000000080002f48 (0x00c11113) x2  0x0000000000001000
core   0: 0x0000000080002f4c (0x002181b3) add     gp, gp, sp
core   0: 3 0x0000000080002f4c (0x002181b3) x3  0x000000008000b010
core   0: 0x0000000080002f50 (0xb0c1ae07) flw     ft8, -1268(gp)
core   0: 3 0x0000000080002f50 (0xb0c1ae07) f28 0xffffffffff7ffff8 mem 0x000000008000ab1c
core   0: 0x0000000080002f54 (0x402181b3) sub     gp, gp, sp
core   0: 3 0x0000000080002f54 (0x402181b3) x3  0x000000008000a010
core   0: 0x0000000080002f58 (0x00000113) li      sp, 0
core   0: 3 0x0000000080002f58 (0x00000113) x2  0x0000000000000000
core   0: 0x0000000080002f5c (0x00311073) csrw    fcsr, sp
core   0: 3 0x0000000080002f5c (0x00311073) c1_fflags 0x0000000000000000 c2_frm 0x0000000000000000
core   0: 0x0000000080002f60 (0xe1df7fc3) fmadd.s ft11, ft10, ft9, ft8
core   0: 3 0x0000000080002f60 (0xe1df7fc3) c1_fflags 0x0000000000000005 f31 0xffffffffff800000
core   0: 0x0000000080002f64 (0x00302273) csrr    tp, fcsr
core   0: 3 0x0000000080002f64 (0x00302273) x4  0x0000000000000005
core   0: 0x0000000080002f68 (0x6bf0a827) fsw     ft11, 1712(ra)
core   0: 3 0x0000000080002f68 (0x6bf0a827) mem 0x000000008000cfc8 0xff800000
core   0: 0x0000000080002f6c (0x6a40bc23) sd      tp, 1720(ra)
core   0: 3 0x0000000080002f6c (0x6a40bc23) mem 0x000000008000cfd0 0x0000000000000005
core   0: >>>>  inst_37868
core   0: 0x0000000080002f70 (0x00100113) li      sp, 1
core   0: 3 0x0000000080002f70 (0x00100113) x2  0x0000000000000001
core   0: 0x0000000080002f74 (0x00c11113) slli    sp, sp, 12
core   0: 3 0x0000000080002f74 (0x00c11113) x2  0x0000000000001000
core   0: 0x0000000080002f78 (0x002181b3) add     gp, gp, sp
core   0: 3 0x0000000080002f78 (0x002181b3) x3  0x000000008000b010
core   0: 0x0000000080002f7c (0xb101af07) flw     ft10, -1264(gp)
core   0: 3 0x0000000080002f7c (0xb101af07) f30 0xffffffff7f3cee4f mem 0x000000008000ab20
core   0: 0x0000000080002f80 (0x402181b3) sub     gp, gp, sp
core   0: 3 0x0000000080002f80 (0x402181b3) x3  0x000000008000a010
core   0: 0x0000000080002f84 (0x00100113) li      sp, 1
core   0: 3 0x0000000080002f84 (0x00100113) x2  0x0000000000000001
core   0: 0x0000000080002f88 (0x00c11113) slli    sp, sp, 12
core   0: 3 0x0000000080002f88 (0x00c11113) x2  0x0000000000001000
core   0: 0x0000000080002f8c (0x002181b3) add     gp, gp, sp
core   0: 3 0x0000000080002f8c (0x002181b3) x3  0x000000008000b010
core   0: 0x0000000080002f90 (0xb141ae87) flw     ft9, -1260(gp)
core   0: 3 0x0000000080002f90 (0xb141ae87) f29 0xffffffffbfad7066 mem 0x000000008000ab24
core   0: 0x0000000080002f94 (0x402181b3) sub     gp, gp, sp
core   0: 3 0x0000000080002f94 (0x402181b3) x3  0x000000008000a010
core   0: 0x0000000080002f98 (0x00100113) li      sp, 1
core   0: 3 0x0000000080002f98 (0x00100113) x2  0x0000000000000001
core   0: 0x0000000080002f9c (0x00c11113) slli    sp, sp, 12
core   0: 3 0x0000000080002f9c (0x00c11113) x2  0x0000000000001000
core   0: 0x0000000080002fa0 (0x002181b3) add     gp, gp, sp
core   0: 3 0x0000000080002fa0 (0x002181b3) x3  0x000000008000b010
core   0: 0x0000000080002fa4 (0xb181ae07) flw     ft8, -1256(gp)
core   0: 3 0x0000000080002fa4 (0xb181ae07) f28 0xffffffffff7ffffc mem 0x000000008000ab28
core   0: 0x0000000080002fa8 (0x402181b3) sub     gp, gp, sp
core   0: 3 0x0000000080002fa8 (0x402181b3) x3  0x000000008000a010
core   0: 0x0000000080002fac (0x00000113) li      sp, 0
core   0: 3 0x0000000080002fac (0x00000113) x2  0x0000000000000000
core   0: 0x0000000080002fb0 (0x00311073) csrw    fcsr, sp
core   0: 3 0x0000000080002fb0 (0x00311073) c1_fflags 0x0000000000000000 c2_frm 0x0000000000000000
core   0: 0x0000000080002fb4 (0xe1df7fc3) fmadd.s ft11, ft10, ft9, ft8
core   0: 3 0x0000000080002fb4 (0xe1df7fc3) c1_fflags 0x0000000000000005 f31 0xffffffffff800000
core   0: 0x0000000080002fb8 (0x00302273) csrr    tp, fcsr
core   0: 3 0x0000000080002fb8 (0x00302273) x4  0x0000000000000005
core   0: 0x0000000080002fbc (0x6df0a027) fsw     ft11, 1728(ra)
core   0: 3 0x0000000080002fbc (0x6df0a027) mem 0x000000008000cfd8 0xff800000
core   0: 0x0000000080002fc0 (0x6c40b423) sd      tp, 1736(ra)
core   0: 3 0x0000000080002fc0 (0x6c40b423) mem 0x000000008000cfe0 0x0000000000000005
core   0: >>>>  inst_37869
core   0: 0x0000000080002fc4 (0x00100113) li      sp, 1
core   0: 3 0x0000000080002fc4 (0x00100113) x2  0x0000000000000001
core   0: 0x0000000080002fc8 (0x00c11113) slli    sp, sp, 12
core   0: 3 0x0000000080002fc8 (0x00c11113) x2  0x0000000000001000
core   0: 0x0000000080002fcc (0x002181b3) add     gp, gp, sp
core   0: 3 0x0000000080002fcc (0x002181b3) x3  0x000000008000b010
core   0: 0x0000000080002fd0 (0xb1c1af07) flw     ft10, -1252(gp)
core   0: 3 0x0000000080002fd0 (0xb1c1af07) f30 0xffffffff7f3cee4f mem 0x000000008000ab2c
core   0: 0x0000000080002fd4 (0x402181b3) sub     gp, gp, sp
core   0: 3 0x0000000080002fd4 (0x402181b3) x3  0x000000008000a010
core   0: 0x0000000080002fd8 (0x00100113) li      sp, 1
core   0: 3 0x0000000080002fd8 (0x00100113) x2  0x0000000000000001
core   0: 0x0000000080002fdc (0x00c11113) slli    sp, sp, 12
core   0: 3 0x0000000080002fdc (0x00c11113) x2  0x0000000000001000
core   0: 0x0000000080002fe0 (0x002181b3) add     gp, gp, sp
core   0: 3 0x0000000080002fe0 (0x002181b3) x3  0x000000008000b010
core   0: 0x0000000080002fe4 (0xb201ae87) flw     ft9, -1248(gp)
core   0: 3 0x0000000080002fe4 (0xb201ae87) f29 0xffffffffbfad7066 mem 0x000000008000ab30
core   0: 0x0000000080002fe8 (0x402181b3) sub     gp, gp, sp
core   0: 3 0x0000000080002fe8 (0x402181b3) x3  0x000000008000a010
core   0: 0x0000000080002fec (0x00100113) li      sp, 1
core   0: 3 0x0000000080002fec (0x00100113) x2  0x0000000000000001
core   0: 0x0000000080002ff0 (0x00c11113) slli    sp, sp, 12
core   0: 3 0x0000000080002ff0 (0x00c11113) x2  0x0000000000001000
core   0: 0x0000000080002ff4 (0x002181b3) add     gp, gp, sp
core   0: 3 0x0000000080002ff4 (0x002181b3) x3  0x000000008000b010
core   0: 0x0000000080002ff8 (0xb241ae07) flw     ft8, -1244(gp)
core   0: 3 0x0000000080002ff8 (0xb241ae07) f28 0xffffffffff7ffffe mem 0x000000008000ab34
core   0: 0x0000000080002ffc (0x402181b3) sub     gp, gp, sp
core   0: 3 0x0000000080002ffc (0x402181b3) x3  0x000000008000a010
core   0: 0x0000000080003000 (0x00000113) li      sp, 0
core   0: 3 0x0000000080003000 (0x00000113) x2  0x0000000000000000
core   0: 0x0000000080003004 (0x00311073) csrw    fcsr, sp
core   0: 3 0x0000000080003004 (0x00311073) c1_fflags 0x0000000000000000 c2_frm 0x0000000000000000
core   0: 0x0000000080003008 (0xe1df7fc3) fmadd.s ft11, ft10, ft9, ft8
core   0: 3 0x0000000080003008 (0xe1df7fc3) c1_fflags 0x0000000000000005 f31 0xffffffffff800000
core   0: 0x000000008000300c (0x00302273) csrr    tp, fcsr
core   0: 3 0x000000008000300c (0x00302273) x4  0x0000000000000005
core   0: 0x0000000080003010 (0x6df0a827) fsw     ft11, 1744(ra)
core   0: 3 0x0000000080003010 (0x6df0a827) mem 0x000000008000cfe8 0xff800000
core   0: 0x0000000080003014 (0x6c40bc23) sd      tp, 1752(ra)
core   0: 3 0x0000000080003014 (0x6c40bc23) mem 0x000000008000cff0 0x0000000000000005
core   0: >>>>  inst_37870
core   0: 0x0000000080003018 (0x00100113) li      sp, 1
core   0: 3 0x0000000080003018 (0x00100113) x2  0x0000000000000001
core   0: 0x000000008000301c (0x00c11113) slli    sp, sp, 12
core   0: 3 0x000000008000301c (0x00c11113) x2  0x0000000000001000
core   0: 0x0000000080003020 (0x002181b3) add     gp, gp, sp
core   0: 3 0x0000000080003020 (0x002181b3) x3  0x000000008000b010
core   0: 0x0000000080003024 (0xb281af07) flw     ft10, -1240(gp)
core   0: 3 0x0000000080003024 (0xb281af07) f30 0xffffffff7f3d7291 mem 0x000000008000ab38
core   0: 0x0000000080003028 (0x402181b3) sub     gp, gp, sp
core   0: 3 0x0000000080003028 (0x402181b3) x3  0x000000008000a010
core   0: 0x000000008000302c (0x00100113) li      sp, 1
core   0: 3 0x000000008000302c (0x00100113) x2  0x0000000000000001
core   0: 0x0000000080003030 (0x00c11113) slli    sp, sp, 12
core   0: 3 0x0000000080003030 (0x00c11113) x2  0x0000000000001000
core   0: 0x0000000080003034 (0x002181b3) add     gp, gp, sp
core   0: 3 0x0000000080003034 (0x002181b3) x3  0x000000008000b010
core   0: 0x0000000080003038 (0xb2c1ae87) flw     ft9, -1236(gp)
core   0: 3 0x0000000080003038 (0xb2c1ae87) f29 0xffffffff00000000 mem 0x000000008000ab3c
core   0: 0x000000008000303c (0x402181b3) sub     gp, gp, sp
core   0: 3 0x000000008000303c (0x402181b3) x3  0x000000008000a010
core   0: 0x0000000080003040 (0x00100113) li      sp, 1
core   0: 3 0x0000000080003040 (0x00100113) x2  0x0000000000000001
core   0: 0x0000000080003044 (0x00c11113) slli    sp, sp, 12
core   0: 3 0x0000000080003044 (0x00c11113) x2  0x0000000000001000
core   0: 0x0000000080003048 (0x002181b3) add     gp, gp, sp
core   0: 3 0x0000000080003048 (0x002181b3) x3  0x000000008000b010
core   0: 0x000000008000304c (0xb301ae07) flw     ft8, -1232(gp)
core   0: 3 0x000000008000304c (0xb301ae07) f28 0xffffffff00800001 mem 0x000000008000ab40
core   0: 0x0000000080003050 (0x402181b3) sub     gp, gp, sp
core   0: 3 0x0000000080003050 (0x402181b3) x3  0x000000008000a010
core   0: 0x0000000080003054 (0x00000113) li      sp, 0
core   0: 3 0x0000000080003054 (0x00000113) x2  0x0000000000000000
core   0: 0x0000000080003058 (0x00311073) csrw    fcsr, sp
core   0: 3 0x0000000080003058 (0x00311073) c1_fflags 0x0000000000000000 c2_frm 0x0000000000000000
core   0: 0x000000008000305c (0xe1df7fc3) fmadd.s ft11, ft10, ft9, ft8
core   0: 3 0x000000008000305c (0xe1df7fc3) f31 0xffffffff00800001
core   0: 0x0000000080003060 (0x00302273) csrr    tp, fcsr
core   0: 3 0x0000000080003060 (0x00302273) x4  0x0000000000000000
core   0: 0x0000000080003064 (0x6ff0a027) fsw     ft11, 1760(ra)
core   0: 3 0x0000000080003064 (0x6ff0a027) mem 0x000000008000cff8 0x00800001
core   0: 0x0000000080003068 (0x6e40b423) sd      tp, 1768(ra)
core   0: 3 0x0000000080003068 (0x6e40b423) mem 0x000000008000d000 0x0000000000000000
core   0: >>>>  inst_37871
core   0: 0x000000008000306c (0x00100113) li      sp, 1
core   0: 3 0x000000008000306c (0x00100113) x2  0x0000000000000001
core   0: 0x0000000080003070 (0x00c11113) slli    sp, sp, 12
core   0: 3 0x0000000080003070 (0x00c11113) x2  0x0000000000001000
core   0: 0x0000000080003074 (0x002181b3) add     gp, gp, sp
core   0: 3 0x0000000080003074 (0x002181b3) x3  0x000000008000b010
core   0: 0x0000000080003078 (0xb341af07) flw     ft10, -1228(gp)
core   0: 3 0x0000000080003078 (0xb341af07) f30 0xffffffff7f3d7291 mem 0x000000008000ab44
core   0: 0x000000008000307c (0x402181b3) sub     gp, gp, sp
core   0: 3 0x000000008000307c (0x402181b3) x3  0x000000008000a010
core   0: 0x0000000080003080 (0x00100113) li      sp, 1
core   0: 3 0x0000000080003080 (0x00100113) x2  0x0000000000000001
core   0: 0x0000000080003084 (0x00c11113) slli    sp, sp, 12
core   0: 3 0x0000000080003084 (0x00c11113) x2  0x0000000000001000
core   0: 0x0000000080003088 (0x002181b3) add     gp, gp, sp
core   0: 3 0x0000000080003088 (0x002181b3) x3  0x000000008000b010
core   0: 0x000000008000308c (0xb381ae87) flw     ft9, -1224(gp)
core   0: 3 0x000000008000308c (0xb381ae87) f29 0xffffffff00000000 mem 0x000000008000ab48
core   0: 0x0000000080003090 (0x402181b3) sub     gp, gp, sp
core   0: 3 0x0000000080003090 (0x402181b3) x3  0x000000008000a010
core   0: 0x0000000080003094 (0x00100113) li      sp, 1
core   0: 3 0x0000000080003094 (0x00100113) x2  0x0000000000000001
core   0: 0x0000000080003098 (0x00c11113) slli    sp, sp, 12
core   0: 3 0x0000000080003098 (0x00c11113) x2  0x0000000000001000
core   0: 0x000000008000309c (0x002181b3) add     gp, gp, sp
core   0: 3 0x000000008000309c (0x002181b3) x3  0x000000008000b010
core   0: 0x00000000800030a0 (0xb3c1ae07) flw     ft8, -1220(gp)
core   0: 3 0x00000000800030a0 (0xb3c1ae07) f28 0xffffffff00800003 mem 0x000000008000ab4c
core   0: 0x00000000800030a4 (0x402181b3) sub     gp, gp, sp
core   0: 3 0x00000000800030a4 (0x402181b3) x3  0x000000008000a010
core   0: 0x00000000800030a8 (0x00000113) li      sp, 0
core   0: 3 0x00000000800030a8 (0x00000113) x2  0x0000000000000000
core   0: 0x00000000800030ac (0x00311073) csrw    fcsr, sp
core   0: 3 0x00000000800030ac (0x00311073) c1_fflags 0x0000000000000000 c2_frm 0x0000000000000000
core   0: 0x00000000800030b0 (0xe1df7fc3) fmadd.s ft11, ft10, ft9, ft8
core   0: 3 0x00000000800030b0 (0xe1df7fc3) f31 0xffffffff00800003
core   0: 0x00000000800030b4 (0x00302273) csrr    tp, fcsr
core   0: 3 0x00000000800030b4 (0x00302273) x4  0x0000000000000000
core   0: 0x00000000800030b8 (0x6ff0a827) fsw     ft11, 1776(ra)
core   0: 3 0x00000000800030b8 (0x6ff0a827) mem 0x000000008000d008 0x00800003
core   0: 0x00000000800030bc (0x6e40bc23) sd      tp, 1784(ra)
core   0: 3 0x00000000800030bc (0x6e40bc23) mem 0x000000008000d010 0x0000000000000000
core   0: >>>>  inst_37872
core   0: 0x00000000800030c0 (0x00100113) li      sp, 1
core   0: 3 0x00000000800030c0 (0x00100113) x2  0x0000000000000001
core   0: 0x00000000800030c4 (0x00c11113) slli    sp, sp, 12
core   0: 3 0x00000000800030c4 (0x00c11113) x2  0x0000000000001000
core   0: 0x00000000800030c8 (0x002181b3) add     gp, gp, sp
core   0: 3 0x00000000800030c8 (0x002181b3) x3  0x000000008000b010
core   0: 0x00000000800030cc (0xb401af07) flw     ft10, -1216(gp)
core   0: 3 0x00000000800030cc (0xb401af07) f30 0xffffffff7f3d7291 mem 0x000000008000ab50
core   0: 0x00000000800030d0 (0x402181b3) sub     gp, gp, sp
core   0: 3 0x00000000800030d0 (0x402181b3) x3  0x000000008000a010
core   0: 0x00000000800030d4 (0x00100113) li      sp, 1
core   0: 3 0x00000000800030d4 (0x00100113) x2  0x0000000000000001
core   0: 0x00000000800030d8 (0x00c11113) slli    sp, sp, 12
core   0: 3 0x00000000800030d8 (0x00c11113) x2  0x0000000000001000
core   0: 0x00000000800030dc (0x002181b3) add     gp, gp, sp
core   0: 3 0x00000000800030dc (0x002181b3) x3  0x000000008000b010
core   0: 0x00000000800030e0 (0xb441ae87) flw     ft9, -1212(gp)
core   0: 3 0x00000000800030e0 (0xb441ae87) f29 0xffffffff00000000 mem 0x000000008000ab54
core   0: 0x00000000800030e4 (0x402181b3) sub     gp, gp, sp
core   0: 3 0x00000000800030e4 (0x402181b3) x3  0x000000008000a010
core   0: 0x00000000800030e8 (0x00100113) li      sp, 1
core   0: 3 0x00000000800030e8 (0x00100113) x2  0x0000000000000001
core   0: 0x00000000800030ec (0x00c11113) slli    sp, sp, 12
core   0: 3 0x00000000800030ec (0x00c11113) x2  0x0000000000001000
core   0: 0x00000000800030f0 (0x002181b3) add     gp, gp, sp
core   0: 3 0x00000000800030f0 (0x002181b3) x3  0x000000008000b010
core   0: 0x00000000800030f4 (0xb481ae07) flw     ft8, -1208(gp)
core   0: 3 0x00000000800030f4 (0xb481ae07) f28 0xffffffff00800007 mem 0x000000008000ab58
core   0: 0x00000000800030f8 (0x402181b3) sub     gp, gp, sp
core   0: 3 0x00000000800030f8 (0x402181b3) x3  0x000000008000a010
core   0: 0x00000000800030fc (0x00000113) li      sp, 0
core   0: 3 0x00000000800030fc (0x00000113) x2  0x0000000000000000
core   0: 0x0000000080003100 (0x00311073) csrw    fcsr, sp
core   0: 3 0x0000000080003100 (0x00311073) c1_fflags 0x0000000000000000 c2_frm 0x0000000000000000
core   0: 0x0000000080003104 (0xe1df7fc3) fmadd.s ft11, ft10, ft9, ft8
core   0: 3 0x0000000080003104 (0xe1df7fc3) f31 0xffffffff00800007
core   0: 0x0000000080003108 (0x00302273) csrr    tp, fcsr
core   0: 3 0x0000000080003108 (0x00302273) x4  0x0000000000000000
core   0: 0x000000008000310c (0x71f0a027) fsw     ft11, 1792(ra)
core   0: 3 0x000000008000310c (0x71f0a027) mem 0x000000008000d018 0x00800007
core   0: 0x0000000080003110 (0x7040b423) sd      tp, 1800(ra)
core   0: 3 0x0000000080003110 (0x7040b423) mem 0x000000008000d020 0x0000000000000000
core   0: >>>>  inst_37873
core   0: 0x0000000080003114 (0x00100113) li      sp, 1
core   0: 3 0x0000000080003114 (0x00100113) x2  0x0000000000000001
core   0: 0x0000000080003118 (0x00c11113) slli    sp, sp, 12
core   0: 3 0x0000000080003118 (0x00c11113) x2  0x0000000000001000
core   0: 0x000000008000311c (0x002181b3) add     gp, gp, sp
core   0: 3 0x000000008000311c (0x002181b3) x3  0x000000008000b010
core   0: 0x0000000080003120 (0xb4c1af07) flw     ft10, -1204(gp)
core   0: 3 0x0000000080003120 (0xb4c1af07) f30 0xffffffff7f3d7291 mem 0x000000008000ab5c
core   0: 0x0000000080003124 (0x402181b3) sub     gp, gp, sp
core   0: 3 0x0000000080003124 (0x402181b3) x3  0x000000008000a010
core   0: 0x0000000080003128 (0x00100113) li      sp, 1
core   0: 3 0x0000000080003128 (0x00100113) x2  0x0000000000000001
core   0: 0x000000008000312c (0x00c11113) slli    sp, sp, 12
core   0: 3 0x000000008000312c (0x00c11113) x2  0x0000000000001000
core   0: 0x0000000080003130 (0x002181b3) add     gp, gp, sp
core   0: 3 0x0000000080003130 (0x002181b3) x3  0x000000008000b010
core   0: 0x0000000080003134 (0xb501ae87) flw     ft9, -1200(gp)
core   0: 3 0x0000000080003134 (0xb501ae87) f29 0xffffffff00000000 mem 0x000000008000ab60
core   0: 0x0000000080003138 (0x402181b3) sub     gp, gp, sp
core   0: 3 0x0000000080003138 (0x402181b3) x3  0x000000008000a010
core   0: 0x000000008000313c (0x00100113) li      sp, 1
core   0: 3 0x000000008000313c (0x00100113) x2  0x0000000000000001
core   0: 0x0000000080003140 (0x00c11113) slli    sp, sp, 12
core   0: 3 0x0000000080003140 (0x00c11113) x2  0x0000000000001000
core   0: 0x0000000080003144 (0x002181b3) add     gp, gp, sp
core   0: 3 0x0000000080003144 (0x002181b3) x3  0x000000008000b010
core   0: 0x0000000080003148 (0xb541ae07) flw     ft8, -1196(gp)
core   0: 3 0x0000000080003148 (0xb541ae07) f28 0xffffffff00999999 mem 0x000000008000ab64
core   0: 0x000000008000314c (0x402181b3) sub     gp, gp, sp
core   0: 3 0x000000008000314c (0x402181b3) x3  0x000000008000a010
core   0: 0x0000000080003150 (0x00000113) li      sp, 0
core   0: 3 0x0000000080003150 (0x00000113) x2  0x0000000000000000
core   0: 0x0000000080003154 (0x00311073) csrw    fcsr, sp
core   0: 3 0x0000000080003154 (0x00311073) c1_fflags 0x0000000000000000 c2_frm 0x0000000000000000
core   0: 0x0000000080003158 (0xe1df7fc3) fmadd.s ft11, ft10, ft9, ft8
core   0: 3 0x0000000080003158 (0xe1df7fc3) f31 0xffffffff00999999
core   0: 0x000000008000315c (0x00302273) csrr    tp, fcsr
core   0: 3 0x000000008000315c (0x00302273) x4  0x0000000000000000
core   0: 0x0000000080003160 (0x71f0a827) fsw     ft11, 1808(ra)
core   0: 3 0x0000000080003160 (0x71f0a827) mem 0x000000008000d028 0x00999999
core   0: 0x0000000080003164 (0x7040bc23) sd      tp, 1816(ra)
core   0: 3 0x0000000080003164 (0x7040bc23) mem 0x000000008000d030 0x0000000000000000
core   0: >>>>  inst_37874
core   0: 0x0000000080003168 (0x00100113) li      sp, 1
core   0: 3 0x0000000080003168 (0x00100113) x2  0x0000000000000001
core   0: 0x000000008000316c (0x00c11113) slli    sp, sp, 12
core   0: 3 0x000000008000316c (0x00c11113) x2  0x0000000000001000
core   0: 0x0000000080003170 (0x002181b3) add     gp, gp, sp
core   0: 3 0x0000000080003170 (0x002181b3) x3  0x000000008000b010
core   0: 0x0000000080003174 (0xb581af07) flw     ft10, -1192(gp)
core   0: 3 0x0000000080003174 (0xb581af07) f30 0xffffffff7f3d7291 mem 0x000000008000ab68
core   0: 0x0000000080003178 (0x402181b3) sub     gp, gp, sp
core   0: 3 0x0000000080003178 (0x402181b3) x3  0x000000008000a010
core   0: 0x000000008000317c (0x00100113) li      sp, 1
core   0: 3 0x000000008000317c (0x00100113) x2  0x0000000000000001
core   0: 0x0000000080003180 (0x00c11113) slli    sp, sp, 12
core   0: 3 0x0000000080003180 (0x00c11113) x2  0x0000000000001000
core   0: 0x0000000080003184 (0x002181b3) add     gp, gp, sp
core   0: 3 0x0000000080003184 (0x002181b3) x3  0x000000008000b010
core   0: 0x0000000080003188 (0xb5c1ae87) flw     ft9, -1188(gp)
core   0: 3 0x0000000080003188 (0xb5c1ae87) f29 0xffffffff00000000 mem 0x000000008000ab6c
core   0: 0x000000008000318c (0x402181b3) sub     gp, gp, sp
core   0: 3 0x000000008000318c (0x402181b3) x3  0x000000008000a010
core   0: 0x0000000080003190 (0x00100113) li      sp, 1
core   0: 3 0x0000000080003190 (0x00100113) x2  0x0000000000000001
core   0: 0x0000000080003194 (0x00c11113) slli    sp, sp, 12
core   0: 3 0x0000000080003194 (0x00c11113) x2  0x0000000000001000
core   0: 0x0000000080003198 (0x002181b3) add     gp, gp, sp
core   0: 3 0x0000000080003198 (0x002181b3) x3  0x000000008000b010
core   0: 0x000000008000319c (0xb601ae07) flw     ft8, -1184(gp)
core   0: 3 0x000000008000319c (0xb601ae07) f28 0xffffffff00a49249 mem 0x000000008000ab70
core   0: 0x00000000800031a0 (0x402181b3) sub     gp, gp, sp
core   0: 3 0x00000000800031a0 (0x402181b3) x3  0x000000008000a010
core   0: 0x00000000800031a4 (0x00000113) li      sp, 0
core   0: 3 0x00000000800031a4 (0x00000113) x2  0x0000000000000000
core   0: 0x00000000800031a8 (0x00311073) csrw    fcsr, sp
core   0: 3 0x00000000800031a8 (0x00311073) c1_fflags 0x0000000000000000 c2_frm 0x0000000000000000
core   0: 0x00000000800031ac (0xe1df7fc3) fmadd.s ft11, ft10, ft9, ft8
core   0: 3 0x00000000800031ac (0xe1df7fc3) f31 0xffffffff00a49249
core   0: 0x00000000800031b0 (0x00302273) csrr    tp, fcsr
core   0: 3 0x00000000800031b0 (0x00302273) x4  0x0000000000000000
core   0: 0x00000000800031b4 (0x73f0a027) fsw     ft11, 1824(ra)
core   0: 3 0x00000000800031b4 (0x73f0a027) mem 0x000000008000d038 0x00a49249
core   0: 0x00000000800031b8 (0x7240b423) sd      tp, 1832(ra)
core   0: 3 0x00000000800031b8 (0x7240b423) mem 0x000000008000d040 0x0000000000000000
core   0: >>>>  inst_37875
core   0: 0x00000000800031bc (0x00100113) li      sp, 1
core   0: 3 0x00000000800031bc (0x00100113) x2  0x0000000000000001
core   0: 0x00000000800031c0 (0x00c11113) slli    sp, sp, 12
core   0: 3 0x00000000800031c0 (0x00c11113) x2  0x0000000000001000
core   0: 0x00000000800031c4 (0x002181b3) add     gp, gp, sp
core   0: 3 0x00000000800031c4 (0x002181b3) x3  0x000000008000b010
core   0: 0x00000000800031c8 (0xb641af07) flw     ft10, -1180(gp)
core   0: 3 0x00000000800031c8 (0xb641af07) f30 0xffffffff7f3d7291 mem 0x000000008000ab74
core   0: 0x00000000800031cc (0x402181b3) sub     gp, gp, sp
core   0: 3 0x00000000800031cc (0x402181b3) x3  0x000000008000a010
core   0: 0x00000000800031d0 (0x00100113) li      sp, 1
core   0: 3 0x00000000800031d0 (0x00100113) x2  0x0000000000000001
core   0: 0x00000000800031d4 (0x00c11113) slli    sp, sp, 12
core   0: 3 0x00000000800031d4 (0x00c11113) x2  0x0000000000001000
core   0: 0x00000000800031d8 (0x002181b3) add     gp, gp, sp
core   0: 3 0x00000000800031d8 (0x002181b3) x3  0x000000008000b010
core   0: 0x00000000800031dc (0xb681ae87) flw     ft9, -1176(gp)
core   0: 3 0x00000000800031dc (0xb681ae87) f29 0xffffffff00000000 mem 0x000000008000ab78
core   0: 0x00000000800031e0 (0x402181b3) sub     gp, gp, sp
core   0: 3 0x00000000800031e0 (0x402181b3) x3  0x000000008000a010
core   0: 0x00000000800031e4 (0x00100113) li      sp, 1
core   0: 3 0x00000000800031e4 (0x00100113) x2  0x0000000000000001
core   0: 0x00000000800031e8 (0x00c11113) slli    sp, sp, 12
core   0: 3 0x00000000800031e8 (0x00c11113) x2  0x0000000000001000
core   0: 0x00000000800031ec (0x002181b3) add     gp, gp, sp
core   0: 3 0x00000000800031ec (0x002181b3) x3  0x000000008000b010
core   0: 0x00000000800031f0 (0xb6c1ae07) flw     ft8, -1172(gp)
core   0: 3 0x00000000800031f0 (0xb6c1ae07) f28 0xffffffff00b33333 mem 0x000000008000ab7c
core   0: 0x00000000800031f4 (0x402181b3) sub     gp, gp, sp
core   0: 3 0x00000000800031f4 (0x402181b3) x3  0x000000008000a010
core   0: 0x00000000800031f8 (0x00000113) li      sp, 0
core   0: 3 0x00000000800031f8 (0x00000113) x2  0x0000000000000000
core   0: 0x00000000800031fc (0x00311073) csrw    fcsr, sp
core   0: 3 0x00000000800031fc (0x00311073) c1_fflags 0x0000000000000000 c2_frm 0x0000000000000000
core   0: 0x0000000080003200 (0xe1df7fc3) fmadd.s ft11, ft10, ft9, ft8
core   0: 3 0x0000000080003200 (0xe1df7fc3) f31 0xffffffff00b33333
core   0: 0x0000000080003204 (0x00302273) csrr    tp, fcsr
core   0: 3 0x0000000080003204 (0x00302273) x4  0x0000000000000000
core   0: 0x0000000080003208 (0x73f0a827) fsw     ft11, 1840(ra)
core   0: 3 0x0000000080003208 (0x73f0a827) mem 0x000000008000d048 0x00b33333
core   0: 0x000000008000320c (0x7240bc23) sd      tp, 1848(ra)
core   0: 3 0x000000008000320c (0x7240bc23) mem 0x000000008000d050 0x0000000000000000
core   0: >>>>  inst_37876
core   0: 0x0000000080003210 (0x00100113) li      sp, 1
core   0: 3 0x0000000080003210 (0x00100113) x2  0x0000000000000001
core   0: 0x0000000080003214 (0x00c11113) slli    sp, sp, 12
core   0: 3 0x0000000080003214 (0x00c11113) x2  0x0000000000001000
core   0: 0x0000000080003218 (0x002181b3) add     gp, gp, sp
core   0: 3 0x0000000080003218 (0x002181b3) x3  0x000000008000b010
core   0: 0x000000008000321c (0xb701af07) flw     ft10, -1168(gp)
core   0: 3 0x000000008000321c (0xb701af07) f30 0xffffffff7f3d7291 mem 0x000000008000ab80
core   0: 0x0000000080003220 (0x402181b3) sub     gp, gp, sp
core   0: 3 0x0000000080003220 (0x402181b3) x3  0x000000008000a010
core   0: 0x0000000080003224 (0x00100113) li      sp, 1
core   0: 3 0x0000000080003224 (0x00100113) x2  0x0000000000000001
core   0: 0x0000000080003228 (0x00c11113) slli    sp, sp, 12
core   0: 3 0x0000000080003228 (0x00c11113) x2  0x0000000000001000
core   0: 0x000000008000322c (0x002181b3) add     gp, gp, sp
core   0: 3 0x000000008000322c (0x002181b3) x3  0x000000008000b010
core   0: 0x0000000080003230 (0xb741ae87) flw     ft9, -1164(gp)
core   0: 3 0x0000000080003230 (0xb741ae87) f29 0xffffffff00000000 mem 0x000000008000ab84
core   0: 0x0000000080003234 (0x402181b3) sub     gp, gp, sp
core   0: 3 0x0000000080003234 (0x402181b3) x3  0x000000008000a010
core   0: 0x0000000080003238 (0x00100113) li      sp, 1
core   0: 3 0x0000000080003238 (0x00100113) x2  0x0000000000000001
core   0: 0x000000008000323c (0x00c11113) slli    sp, sp, 12
core   0: 3 0x000000008000323c (0x00c11113) x2  0x0000000000001000
core   0: 0x0000000080003240 (0x002181b3) add     gp, gp, sp
core   0: 3 0x0000000080003240 (0x002181b3) x3  0x000000008000b010
core   0: 0x0000000080003244 (0xb781ae07) flw     ft8, -1160(gp)
core   0: 3 0x0000000080003244 (0xb781ae07) f28 0xffffffff00b6db6d mem 0x000000008000ab88
core   0: 0x0000000080003248 (0x402181b3) sub     gp, gp, sp
core   0: 3 0x0000000080003248 (0x402181b3) x3  0x000000008000a010
core   0: 0x000000008000324c (0x00000113) li      sp, 0
core   0: 3 0x000000008000324c (0x00000113) x2  0x0000000000000000
core   0: 0x0000000080003250 (0x00311073) csrw    fcsr, sp
core   0: 3 0x0000000080003250 (0x00311073) c1_fflags 0x0000000000000000 c2_frm 0x0000000000000000
core   0: 0x0000000080003254 (0xe1df7fc3) fmadd.s ft11, ft10, ft9, ft8
core   0: 3 0x0000000080003254 (0xe1df7fc3) f31 0xffffffff00b6db6d
core   0: 0x0000000080003258 (0x00302273) csrr    tp, fcsr
core   0: 3 0x0000000080003258 (0x00302273) x4  0x0000000000000000
core   0: 0x000000008000325c (0x75f0a027) fsw     ft11, 1856(ra)
core   0: 3 0x000000008000325c (0x75f0a027) mem 0x000000008000d058 0x00b6db6d
core   0: 0x0000000080003260 (0x7440b423) sd      tp, 1864(ra)
core   0: 3 0x0000000080003260 (0x7440b423) mem 0x000000008000d060 0x0000000000000000
core   0: >>>>  inst_37877
core   0: 0x0000000080003264 (0x00100113) li      sp, 1
core   0: 3 0x0000000080003264 (0x00100113) x2  0x0000000000000001
core   0: 0x0000000080003268 (0x00c11113) slli    sp, sp, 12
core   0: 3 0x0000000080003268 (0x00c11113) x2  0x0000000000001000
core   0: 0x000000008000326c (0x002181b3) add     gp, gp, sp
core   0: 3 0x000000008000326c (0x002181b3) x3  0x000000008000b010
core   0: 0x0000000080003270 (0xb7c1af07) flw     ft10, -1156(gp)
core   0: 3 0x0000000080003270 (0xb7c1af07) f30 0xffffffff7f3d7291 mem 0x000000008000ab8c
core   0: 0x0000000080003274 (0x402181b3) sub     gp, gp, sp
core   0: 3 0x0000000080003274 (0x402181b3) x3  0x000000008000a010
core   0: 0x0000000080003278 (0x00100113) li      sp, 1
core   0: 3 0x0000000080003278 (0x00100113) x2  0x0000000000000001
core   0: 0x000000008000327c (0x00c11113) slli    sp, sp, 12
core   0: 3 0x000000008000327c (0x00c11113) x2  0x0000000000001000
core   0: 0x0000000080003280 (0x002181b3) add     gp, gp, sp
core   0: 3 0x0000000080003280 (0x002181b3) x3  0x000000008000b010
core   0: 0x0000000080003284 (0xb801ae87) flw     ft9, -1152(gp)
core   0: 3 0x0000000080003284 (0xb801ae87) f29 0xffffffff00000000 mem 0x000000008000ab90
core   0: 0x0000000080003288 (0x402181b3) sub     gp, gp, sp
core   0: 3 0x0000000080003288 (0x402181b3) x3  0x000000008000a010
core   0: 0x000000008000328c (0x00100113) li      sp, 1
core   0: 3 0x000000008000328c (0x00100113) x2  0x0000000000000001
core   0: 0x0000000080003290 (0x00c11113) slli    sp, sp, 12
core   0: 3 0x0000000080003290 (0x00c11113) x2  0x0000000000001000
core   0: 0x0000000080003294 (0x002181b3) add     gp, gp, sp
core   0: 3 0x0000000080003294 (0x002181b3) x3  0x000000008000b010
core   0: 0x0000000080003298 (0xb841ae07) flw     ft8, -1148(gp)
core   0: 3 0x0000000080003298 (0xb841ae07) f28 0xffffffff00bbbbbb mem 0x000000008000ab94
core   0: 0x000000008000329c (0x402181b3) sub     gp, gp, sp
core   0: 3 0x000000008000329c (0x402181b3) x3  0x000000008000a010
core   0: 0x00000000800032a0 (0x00000113) li      sp, 0
core   0: 3 0x00000000800032a0 (0x00000113) x2  0x0000000000000000
core   0: 0x00000000800032a4 (0x00311073) csrw    fcsr, sp
core   0: 3 0x00000000800032a4 (0x00311073) c1_fflags 0x0000000000000000 c2_frm 0x0000000000000000
core   0: 0x00000000800032a8 (0xe1df7fc3) fmadd.s ft11, ft10, ft9, ft8
core   0: 3 0x00000000800032a8 (0xe1df7fc3) f31 0xffffffff00bbbbbb
core   0: 0x00000000800032ac (0x00302273) csrr    tp, fcsr
core   0: 3 0x00000000800032ac (0x00302273) x4  0x0000000000000000
core   0: 0x00000000800032b0 (0x75f0a827) fsw     ft11, 1872(ra)
core   0: 3 0x00000000800032b0 (0x75f0a827) mem 0x000000008000d068 0x00bbbbbb
core   0: 0x00000000800032b4 (0x7440bc23) sd      tp, 1880(ra)
core   0: 3 0x00000000800032b4 (0x7440bc23) mem 0x000000008000d070 0x0000000000000000
core   0: >>>>  inst_37878
core   0: 0x00000000800032b8 (0x00100113) li      sp, 1
core   0: 3 0x00000000800032b8 (0x00100113) x2  0x0000000000000001
core   0: 0x00000000800032bc (0x00c11113) slli    sp, sp, 12
core   0: 3 0x00000000800032bc (0x00c11113) x2  0x0000000000001000
core   0: 0x00000000800032c0 (0x002181b3) add     gp, gp, sp
core   0: 3 0x00000000800032c0 (0x002181b3) x3  0x000000008000b010
core   0: 0x00000000800032c4 (0xb881af07) flw     ft10, -1144(gp)
core   0: 3 0x00000000800032c4 (0xb881af07) f30 0xffffffff7f3d7291 mem 0x000000008000ab98
core   0: 0x00000000800032c8 (0x402181b3) sub     gp, gp, sp
core   0: 3 0x00000000800032c8 (0x402181b3) x3  0x000000008000a010
core   0: 0x00000000800032cc (0x00100113) li      sp, 1
core   0: 3 0x00000000800032cc (0x00100113) x2  0x0000000000000001
core   0: 0x00000000800032d0 (0x00c11113) slli    sp, sp, 12
core   0: 3 0x00000000800032d0 (0x00c11113) x2  0x0000000000001000
core   0: 0x00000000800032d4 (0x002181b3) add     gp, gp, sp
core   0: 3 0x00000000800032d4 (0x002181b3) x3  0x000000008000b010
core   0: 0x00000000800032d8 (0xb8c1ae87) flw     ft9, -1140(gp)
core   0: 3 0x00000000800032d8 (0xb8c1ae87) f29 0xffffffff00000000 mem 0x000000008000ab9c
core   0: 0x00000000800032dc (0x402181b3) sub     gp, gp, sp
core   0: 3 0x00000000800032dc (0x402181b3) x3  0x000000008000a010
core   0: 0x00000000800032e0 (0x00100113) li      sp, 1
core   0: 3 0x00000000800032e0 (0x00100113) x2  0x0000000000000001
core   0: 0x00000000800032e4 (0x00c11113) slli    sp, sp, 12
core   0: 3 0x00000000800032e4 (0x00c11113) x2  0x0000000000001000
core   0: 0x00000000800032e8 (0x002181b3) add     gp, gp, sp
core   0: 3 0x00000000800032e8 (0x002181b3) x3  0x000000008000b010
core   0: 0x00000000800032ec (0xb901ae07) flw     ft8, -1136(gp)
core   0: 3 0x00000000800032ec (0xb901ae07) f28 0xffffffff00c44444 mem 0x000000008000aba0
core   0: 0x00000000800032f0 (0x402181b3) sub     gp, gp, sp
core   0: 3 0x00000000800032f0 (0x402181b3) x3  0x000000008000a010
core   0: 0x00000000800032f4 (0x00000113) li      sp, 0
core   0: 3 0x00000000800032f4 (0x00000113) x2  0x0000000000000000
core   0: 0x00000000800032f8 (0x00311073) csrw    fcsr, sp
core   0: 3 0x00000000800032f8 (0x00311073) c1_fflags 0x0000000000000000 c2_frm 0x0000000000000000
core   0: 0x00000000800032fc (0xe1df7fc3) fmadd.s ft11, ft10, ft9, ft8
core   0: 3 0x00000000800032fc (0xe1df7fc3) f31 0xffffffff00c44444
core   0: 0x0000000080003300 (0x00302273) csrr    tp, fcsr
core   0: 3 0x0000000080003300 (0x00302273) x4  0x0000000000000000
core   0: 0x0000000080003304 (0x77f0a027) fsw     ft11, 1888(ra)
core   0: 3 0x0000000080003304 (0x77f0a027) mem 0x000000008000d078 0x00c44444
core   0: 0x0000000080003308 (0x7640b423) sd      tp, 1896(ra)
core   0: 3 0x0000000080003308 (0x7640b423) mem 0x000000008000d080 0x0000000000000000
core   0: >>>>  inst_37879
core   0: 0x000000008000330c (0x00100113) li      sp, 1
core   0: 3 0x000000008000330c (0x00100113) x2  0x0000000000000001
core   0: 0x0000000080003310 (0x00c11113) slli    sp, sp, 12
core   0: 3 0x0000000080003310 (0x00c11113) x2  0x0000000000001000
core   0: 0x0000000080003314 (0x002181b3) add     gp, gp, sp
core   0: 3 0x0000000080003314 (0x002181b3) x3  0x000000008000b010
core   0: 0x0000000080003318 (0xb941af07) flw     ft10, -1132(gp)
core   0: 3 0x0000000080003318 (0xb941af07) f30 0xffffffff7f3d7291 mem 0x000000008000aba4
core   0: 0x000000008000331c (0x402181b3) sub     gp, gp, sp
core   0: 3 0x000000008000331c (0x402181b3) x3  0x000000008000a010
core   0: 0x0000000080003320 (0x00100113) li      sp, 1
core   0: 3 0x0000000080003320 (0x00100113) x2  0x0000000000000001
core   0: 0x0000000080003324 (0x00c11113) slli    sp, sp, 12
core   0: 3 0x0000000080003324 (0x00c11113) x2  0x0000000000001000
core   0: 0x0000000080003328 (0x002181b3) add     gp, gp, sp
core   0: 3 0x0000000080003328 (0x002181b3) x3  0x000000008000b010
core   0: 0x000000008000332c (0xb981ae87) flw     ft9, -1128(gp)
core   0: 3 0x000000008000332c (0xb981ae87) f29 0xffffffff00000000 mem 0x000000008000aba8
core   0: 0x0000000080003330 (0x402181b3) sub     gp, gp, sp
core   0: 3 0x0000000080003330 (0x402181b3) x3  0x000000008000a010
core   0: 0x0000000080003334 (0x00100113) li      sp, 1
core   0: 3 0x0000000080003334 (0x00100113) x2  0x0000000000000001
core   0: 0x0000000080003338 (0x00c11113) slli    sp, sp, 12
core   0: 3 0x0000000080003338 (0x00c11113) x2  0x0000000000001000
core   0: 0x000000008000333c (0x002181b3) add     gp, gp, sp
core   0: 3 0x000000008000333c (0x002181b3) x3  0x000000008000b010
core   0: 0x0000000080003340 (0xb9c1ae07) flw     ft8, -1124(gp)
core   0: 3 0x0000000080003340 (0xb9c1ae07) f28 0xffffffff00cccccc mem 0x000000008000abac
core   0: 0x0000000080003344 (0x402181b3) sub     gp, gp, sp
core   0: 3 0x0000000080003344 (0x402181b3) x3  0x000000008000a010
core   0: 0x0000000080003348 (0x00000113) li      sp, 0
core   0: 3 0x0000000080003348 (0x00000113) x2  0x0000000000000000
core   0: 0x000000008000334c (0x00311073) csrw    fcsr, sp
core   0: 3 0x000000008000334c (0x00311073) c1_fflags 0x0000000000000000 c2_frm 0x0000000000000000
core   0: 0x0000000080003350 (0xe1df7fc3) fmadd.s ft11, ft10, ft9, ft8
core   0: 3 0x0000000080003350 (0xe1df7fc3) f31 0xffffffff00cccccc
core   0: 0x0000000080003354 (0x00302273) csrr    tp, fcsr
core   0: 3 0x0000000080003354 (0x00302273) x4  0x0000000000000000
core   0: 0x0000000080003358 (0x77f0a827) fsw     ft11, 1904(ra)
core   0: 3 0x0000000080003358 (0x77f0a827) mem 0x000000008000d088 0x00cccccc
core   0: 0x000000008000335c (0x7640bc23) sd      tp, 1912(ra)
core   0: 3 0x000000008000335c (0x7640bc23) mem 0x000000008000d090 0x0000000000000000
core   0: >>>>  inst_37880
core   0: 0x0000000080003360 (0x00100113) li      sp, 1
core   0: 3 0x0000000080003360 (0x00100113) x2  0x0000000000000001
core   0: 0x0000000080003364 (0x00c11113) slli    sp, sp, 12
core   0: 3 0x0000000080003364 (0x00c11113) x2  0x0000000000001000
core   0: 0x0000000080003368 (0x002181b3) add     gp, gp, sp
core   0: 3 0x0000000080003368 (0x002181b3) x3  0x000000008000b010
core   0: 0x000000008000336c (0xba01af07) flw     ft10, -1120(gp)
core   0: 3 0x000000008000336c (0xba01af07) f30 0xffffffff7f3d7291 mem 0x000000008000abb0
core   0: 0x0000000080003370 (0x402181b3) sub     gp, gp, sp
core   0: 3 0x0000000080003370 (0x402181b3) x3  0x000000008000a010
core   0: 0x0000000080003374 (0x00100113) li      sp, 1
core   0: 3 0x0000000080003374 (0x00100113) x2  0x0000000000000001
core   0: 0x0000000080003378 (0x00c11113) slli    sp, sp, 12
core   0: 3 0x0000000080003378 (0x00c11113) x2  0x0000000000001000
core   0: 0x000000008000337c (0x002181b3) add     gp, gp, sp
core   0: 3 0x000000008000337c (0x002181b3) x3  0x000000008000b010
core   0: 0x0000000080003380 (0xba41ae87) flw     ft9, -1116(gp)
core   0: 3 0x0000000080003380 (0xba41ae87) f29 0xffffffff00000000 mem 0x000000008000abb4
core   0: 0x0000000080003384 (0x402181b3) sub     gp, gp, sp
core   0: 3 0x0000000080003384 (0x402181b3) x3  0x000000008000a010
core   0: 0x0000000080003388 (0x00100113) li      sp, 1
core   0: 3 0x0000000080003388 (0x00100113) x2  0x0000000000000001
core   0: 0x000000008000338c (0x00c11113) slli    sp, sp, 12
core   0: 3 0x000000008000338c (0x00c11113) x2  0x0000000000001000
core   0: 0x0000000080003390 (0x002181b3) add     gp, gp, sp
core   0: 3 0x0000000080003390 (0x002181b3) x3  0x000000008000b010
core   0: 0x0000000080003394 (0xba81ae07) flw     ft8, -1112(gp)
core   0: 3 0x0000000080003394 (0xba81ae07) f28 0xffffffff00db6db6 mem 0x000000008000abb8
core   0: 0x0000000080003398 (0x402181b3) sub     gp, gp, sp
core   0: 3 0x0000000080003398 (0x402181b3) x3  0x000000008000a010
core   0: 0x000000008000339c (0x00000113) li      sp, 0
core   0: 3 0x000000008000339c (0x00000113) x2  0x0000000000000000
core   0: 0x00000000800033a0 (0x00311073) csrw    fcsr, sp
core   0: 3 0x00000000800033a0 (0x00311073) c1_fflags 0x0000000000000000 c2_frm 0x0000000000000000
core   0: 0x00000000800033a4 (0xe1df7fc3) fmadd.s ft11, ft10, ft9, ft8
core   0: 3 0x00000000800033a4 (0xe1df7fc3) f31 0xffffffff00db6db6
core   0: 0x00000000800033a8 (0x00302273) csrr    tp, fcsr
core   0: 3 0x00000000800033a8 (0x00302273) x4  0x0000000000000000
core   0: 0x00000000800033ac (0x79f0a027) fsw     ft11, 1920(ra)
core   0: 3 0x00000000800033ac (0x79f0a027) mem 0x000000008000d098 0x00db6db6
core   0: 0x00000000800033b0 (0x7840b423) sd      tp, 1928(ra)
core   0: 3 0x00000000800033b0 (0x7840b423) mem 0x000000008000d0a0 0x0000000000000000
core   0: >>>>  inst_37881
core   0: 0x00000000800033b4 (0x00100113) li      sp, 1
core   0: 3 0x00000000800033b4 (0x00100113) x2  0x0000000000000001
core   0: 0x00000000800033b8 (0x00c11113) slli    sp, sp, 12
core   0: 3 0x00000000800033b8 (0x00c11113) x2  0x0000000000001000
core   0: 0x00000000800033bc (0x002181b3) add     gp, gp, sp
core   0: 3 0x00000000800033bc (0x002181b3) x3  0x000000008000b010
core   0: 0x00000000800033c0 (0xbac1af07) flw     ft10, -1108(gp)
core   0: 3 0x00000000800033c0 (0xbac1af07) f30 0xffffffff7f3d7291 mem 0x000000008000abbc
core   0: 0x00000000800033c4 (0x402181b3) sub     gp, gp, sp
core   0: 3 0x00000000800033c4 (0x402181b3) x3  0x000000008000a010
core   0: 0x00000000800033c8 (0x00100113) li      sp, 1
core   0: 3 0x00000000800033c8 (0x00100113) x2  0x0000000000000001
core   0: 0x00000000800033cc (0x00c11113) slli    sp, sp, 12
core   0: 3 0x00000000800033cc (0x00c11113) x2  0x0000000000001000
core   0: 0x00000000800033d0 (0x002181b3) add     gp, gp, sp
core   0: 3 0x00000000800033d0 (0x002181b3) x3  0x000000008000b010
core   0: 0x00000000800033d4 (0xbb01ae87) flw     ft9, -1104(gp)
core   0: 3 0x00000000800033d4 (0xbb01ae87) f29 0xffffffff00000000 mem 0x000000008000abc0
core   0: 0x00000000800033d8 (0x402181b3) sub     gp, gp, sp
core   0: 3 0x00000000800033d8 (0x402181b3) x3  0x000000008000a010
core   0: 0x00000000800033dc (0x00100113) li      sp, 1
core   0: 3 0x00000000800033dc (0x00100113) x2  0x0000000000000001
core   0: 0x00000000800033e0 (0x00c11113) slli    sp, sp, 12
core   0: 3 0x00000000800033e0 (0x00c11113) x2  0x0000000000001000
core   0: 0x00000000800033e4 (0x002181b3) add     gp, gp, sp
core   0: 3 0x00000000800033e4 (0x002181b3) x3  0x000000008000b010
core   0: 0x00000000800033e8 (0xbb41ae07) flw     ft8, -1100(gp)
core   0: 3 0x00000000800033e8 (0xbb41ae07) f28 0xffffffff00e66666 mem 0x000000008000abc4
core   0: 0x00000000800033ec (0x402181b3) sub     gp, gp, sp
core   0: 3 0x00000000800033ec (0x402181b3) x3  0x000000008000a010
core   0: 0x00000000800033f0 (0x00000113) li      sp, 0
core   0: 3 0x00000000800033f0 (0x00000113) x2  0x0000000000000000
core   0: 0x00000000800033f4 (0x00311073) csrw    fcsr, sp
core   0: 3 0x00000000800033f4 (0x00311073) c1_fflags 0x0000000000000000 c2_frm 0x0000000000000000
core   0: 0x00000000800033f8 (0xe1df7fc3) fmadd.s ft11, ft10, ft9, ft8
core   0: 3 0x00000000800033f8 (0xe1df7fc3) f31 0xffffffff00e66666
core   0: 0x00000000800033fc (0x00302273) csrr    tp, fcsr
core   0: 3 0x00000000800033fc (0x00302273) x4  0x0000000000000000
core   0: 0x0000000080003400 (0x79f0a827) fsw     ft11, 1936(ra)
core   0: 3 0x0000000080003400 (0x79f0a827) mem 0x000000008000d0a8 0x00e66666
core   0: 0x0000000080003404 (0x7840bc23) sd      tp, 1944(ra)
core   0: 3 0x0000000080003404 (0x7840bc23) mem 0x000000008000d0b0 0x0000000000000000
core   0: >>>>  inst_37882
core   0: 0x0000000080003408 (0x00100113) li      sp, 1
core   0: 3 0x0000000080003408 (0x00100113) x2  0x0000000000000001
core   0: 0x000000008000340c (0x00c11113) slli    sp, sp, 12
core   0: 3 0x000000008000340c (0x00c11113) x2  0x0000000000001000
core   0: 0x0000000080003410 (0x002181b3) add     gp, gp, sp
core   0: 3 0x0000000080003410 (0x002181b3) x3  0x000000008000b010
core   0: 0x0000000080003414 (0xbb81af07) flw     ft10, -1096(gp)
core   0: 3 0x0000000080003414 (0xbb81af07) f30 0xffffffff7f3d7291 mem 0x000000008000abc8
core   0: 0x0000000080003418 (0x402181b3) sub     gp, gp, sp
core   0: 3 0x0000000080003418 (0x402181b3) x3  0x000000008000a010
core   0: 0x000000008000341c (0x00100113) li      sp, 1
core   0: 3 0x000000008000341c (0x00100113) x2  0x0000000000000001
core   0: 0x0000000080003420 (0x00c11113) slli    sp, sp, 12
core   0: 3 0x0000000080003420 (0x00c11113) x2  0x0000000000001000
core   0: 0x0000000080003424 (0x002181b3) add     gp, gp, sp
core   0: 3 0x0000000080003424 (0x002181b3) x3  0x000000008000b010
core   0: 0x0000000080003428 (0xbbc1ae87) flw     ft9, -1092(gp)
core   0: 3 0x0000000080003428 (0xbbc1ae87) f29 0xffffffff00000000 mem 0x000000008000abcc
core   0: 0x000000008000342c (0x402181b3) sub     gp, gp, sp
core   0: 3 0x000000008000342c (0x402181b3) x3  0x000000008000a010
core   0: 0x0000000080003430 (0x00100113) li      sp, 1
core   0: 3 0x0000000080003430 (0x00100113) x2  0x0000000000000001
core   0: 0x0000000080003434 (0x00c11113) slli    sp, sp, 12
core   0: 3 0x0000000080003434 (0x00c11113) x2  0x0000000000001000
core   0: 0x0000000080003438 (0x002181b3) add     gp, gp, sp
core   0: 3 0x0000000080003438 (0x002181b3) x3  0x000000008000b010
core   0: 0x000000008000343c (0xbc01ae07) flw     ft8, -1088(gp)
core   0: 3 0x000000008000343c (0xbc01ae07) f28 0xffffffff00edb6db mem 0x000000008000abd0
core   0: 0x0000000080003440 (0x402181b3) sub     gp, gp, sp
core   0: 3 0x0000000080003440 (0x402181b3) x3  0x000000008000a010
core   0: 0x0000000080003444 (0x00000113) li      sp, 0
core   0: 3 0x0000000080003444 (0x00000113) x2  0x0000000000000000
core   0: 0x0000000080003448 (0x00311073) csrw    fcsr, sp
core   0: 3 0x0000000080003448 (0x00311073) c1_fflags 0x0000000000000000 c2_frm 0x0000000000000000
core   0: 0x000000008000344c (0xe1df7fc3) fmadd.s ft11, ft10, ft9, ft8
core   0: 3 0x000000008000344c (0xe1df7fc3) f31 0xffffffff00edb6db
core   0: 0x0000000080003450 (0x00302273) csrr    tp, fcsr
core   0: 3 0x0000000080003450 (0x00302273) x4  0x0000000000000000
core   0: 0x0000000080003454 (0x7bf0a027) fsw     ft11, 1952(ra)
core   0: 3 0x0000000080003454 (0x7bf0a027) mem 0x000000008000d0b8 0x00edb6db
core   0: 0x0000000080003458 (0x7a40b423) sd      tp, 1960(ra)
core   0: 3 0x0000000080003458 (0x7a40b423) mem 0x000000008000d0c0 0x0000000000000000
core   0: >>>>  inst_37883
core   0: 0x000000008000345c (0x00100113) li      sp, 1
core   0: 3 0x000000008000345c (0x00100113) x2  0x0000000000000001
core   0: 0x0000000080003460 (0x00c11113) slli    sp, sp, 12
core   0: 3 0x0000000080003460 (0x00c11113) x2  0x0000000000001000
core   0: 0x0000000080003464 (0x002181b3) add     gp, gp, sp
core   0: 3 0x0000000080003464 (0x002181b3) x3  0x000000008000b010
core   0: 0x0000000080003468 (0xbc41af07) flw     ft10, -1084(gp)
core   0: 3 0x0000000080003468 (0xbc41af07) f30 0xffffffff7f3d7291 mem 0x000000008000abd4
core   0: 0x000000008000346c (0x402181b3) sub     gp, gp, sp
core   0: 3 0x000000008000346c (0x402181b3) x3  0x000000008000a010
core   0: 0x0000000080003470 (0x00100113) li      sp, 1
core   0: 3 0x0000000080003470 (0x00100113) x2  0x0000000000000001
core   0: 0x0000000080003474 (0x00c11113) slli    sp, sp, 12
core   0: 3 0x0000000080003474 (0x00c11113) x2  0x0000000000001000
core   0: 0x0000000080003478 (0x002181b3) add     gp, gp, sp
core   0: 3 0x0000000080003478 (0x002181b3) x3  0x000000008000b010
core   0: 0x000000008000347c (0xbc81ae87) flw     ft9, -1080(gp)
core   0: 3 0x000000008000347c (0xbc81ae87) f29 0xffffffff00000000 mem 0x000000008000abd8
core   0: 0x0000000080003480 (0x402181b3) sub     gp, gp, sp
core   0: 3 0x0000000080003480 (0x402181b3) x3  0x000000008000a010
core   0: 0x0000000080003484 (0x00100113) li      sp, 1
core   0: 3 0x0000000080003484 (0x00100113) x2  0x0000000000000001
core   0: 0x0000000080003488 (0x00c11113) slli    sp, sp, 12
core   0: 3 0x0000000080003488 (0x00c11113) x2  0x0000000000001000
core   0: 0x000000008000348c (0x002181b3) add     gp, gp, sp
core   0: 3 0x000000008000348c (0x002181b3) x3  0x000000008000b010
core   0: 0x0000000080003490 (0xbcc1ae07) flw     ft8, -1076(gp)
core   0: 3 0x0000000080003490 (0xbcc1ae07) f28 0xffffffff00fffff8 mem 0x000000008000abdc
core   0: 0x0000000080003494 (0x402181b3) sub     gp, gp, sp
core   0: 3 0x0000000080003494 (0x402181b3) x3  0x000000008000a010
core   0: 0x0000000080003498 (0x00000113) li      sp, 0
core   0: 3 0x0000000080003498 (0x00000113) x2  0x0000000000000000
core   0: 0x000000008000349c (0x00311073) csrw    fcsr, sp
core   0: 3 0x000000008000349c (0x00311073) c1_fflags 0x0000000000000000 c2_frm 0x0000000000000000
core   0: 0x00000000800034a0 (0xe1df7fc3) fmadd.s ft11, ft10, ft9, ft8
core   0: 3 0x00000000800034a0 (0xe1df7fc3) f31 0xffffffff00fffff8
core   0: 0x00000000800034a4 (0x00302273) csrr    tp, fcsr
core   0: 3 0x00000000800034a4 (0x00302273) x4  0x0000000000000000
core   0: 0x00000000800034a8 (0x7bf0a827) fsw     ft11, 1968(ra)
core   0: 3 0x00000000800034a8 (0x7bf0a827) mem 0x000000008000d0c8 0x00fffff8
core   0: 0x00000000800034ac (0x7a40bc23) sd      tp, 1976(ra)
core   0: 3 0x00000000800034ac (0x7a40bc23) mem 0x000000008000d0d0 0x0000000000000000
core   0: >>>>  inst_37884
core   0: 0x00000000800034b0 (0x00100113) li      sp, 1
core   0: 3 0x00000000800034b0 (0x00100113) x2  0x0000000000000001
core   0: 0x00000000800034b4 (0x00c11113) slli    sp, sp, 12
core   0: 3 0x00000000800034b4 (0x00c11113) x2  0x0000000000001000
core   0: 0x00000000800034b8 (0x002181b3) add     gp, gp, sp
core   0: 3 0x00000000800034b8 (0x002181b3) x3  0x000000008000b010
core   0: 0x00000000800034bc (0xbd01af07) flw     ft10, -1072(gp)
core   0: 3 0x00000000800034bc (0xbd01af07) f30 0xffffffff7f3d7291 mem 0x000000008000abe0
core   0: 0x00000000800034c0 (0x402181b3) sub     gp, gp, sp
core   0: 3 0x00000000800034c0 (0x402181b3) x3  0x000000008000a010
core   0: 0x00000000800034c4 (0x00100113) li      sp, 1
core   0: 3 0x00000000800034c4 (0x00100113) x2  0x0000000000000001
core   0: 0x00000000800034c8 (0x00c11113) slli    sp, sp, 12
core   0: 3 0x00000000800034c8 (0x00c11113) x2  0x0000000000001000
core   0: 0x00000000800034cc (0x002181b3) add     gp, gp, sp
core   0: 3 0x00000000800034cc (0x002181b3) x3  0x000000008000b010
core   0: 0x00000000800034d0 (0xbd41ae87) flw     ft9, -1068(gp)
core   0: 3 0x00000000800034d0 (0xbd41ae87) f29 0xffffffff00000000 mem 0x000000008000abe4
core   0: 0x00000000800034d4 (0x402181b3) sub     gp, gp, sp
core   0: 3 0x00000000800034d4 (0x402181b3) x3  0x000000008000a010
core   0: 0x00000000800034d8 (0x00100113) li      sp, 1
core   0: 3 0x00000000800034d8 (0x00100113) x2  0x0000000000000001
core   0: 0x00000000800034dc (0x00c11113) slli    sp, sp, 12
core   0: 3 0x00000000800034dc (0x00c11113) x2  0x0000000000001000
core   0: 0x00000000800034e0 (0x002181b3) add     gp, gp, sp
core   0: 3 0x00000000800034e0 (0x002181b3) x3  0x000000008000b010
core   0: 0x00000000800034e4 (0xbd81ae07) flw     ft8, -1064(gp)
core   0: 3 0x00000000800034e4 (0xbd81ae07) f28 0xffffffff00fffffc mem 0x000000008000abe8
core   0: 0x00000000800034e8 (0x402181b3) sub     gp, gp, sp
core   0: 3 0x00000000800034e8 (0x402181b3) x3  0x000000008000a010
core   0: 0x00000000800034ec (0x00000113) li      sp, 0
core   0: 3 0x00000000800034ec (0x00000113) x2  0x0000000000000000
core   0: 0x00000000800034f0 (0x00311073) csrw    fcsr, sp
core   0: 3 0x00000000800034f0 (0x00311073) c1_fflags 0x0000000000000000 c2_frm 0x0000000000000000
core   0: 0x00000000800034f4 (0xe1df7fc3) fmadd.s ft11, ft10, ft9, ft8
core   0: 3 0x00000000800034f4 (0xe1df7fc3) f31 0xffffffff00fffffc
core   0: 0x00000000800034f8 (0x00302273) csrr    tp, fcsr
core   0: 3 0x00000000800034f8 (0x00302273) x4  0x0000000000000000
core   0: 0x00000000800034fc (0x7df0a027) fsw     ft11, 1984(ra)
core   0: 3 0x00000000800034fc (0x7df0a027) mem 0x000000008000d0d8 0x00fffffc
core   0: 0x0000000080003500 (0x7c40b423) sd      tp, 1992(ra)
core   0: 3 0x0000000080003500 (0x7c40b423) mem 0x000000008000d0e0 0x0000000000000000
core   0: >>>>  inst_37885
core   0: 0x0000000080003504 (0x00100113) li      sp, 1
core   0: 3 0x0000000080003504 (0x00100113) x2  0x0000000000000001
core   0: 0x0000000080003508 (0x00c11113) slli    sp, sp, 12
core   0: 3 0x0000000080003508 (0x00c11113) x2  0x0000000000001000
core   0: 0x000000008000350c (0x002181b3) add     gp, gp, sp
core   0: 3 0x000000008000350c (0x002181b3) x3  0x000000008000b010
core   0: 0x0000000080003510 (0xbdc1af07) flw     ft10, -1060(gp)
core   0: 3 0x0000000080003510 (0xbdc1af07) f30 0xffffffff7f3d7291 mem 0x000000008000abec
core   0: 0x0000000080003514 (0x402181b3) sub     gp, gp, sp
core   0: 3 0x0000000080003514 (0x402181b3) x3  0x000000008000a010
core   0: 0x0000000080003518 (0x00100113) li      sp, 1
core   0: 3 0x0000000080003518 (0x00100113) x2  0x0000000000000001
core   0: 0x000000008000351c (0x00c11113) slli    sp, sp, 12
core   0: 3 0x000000008000351c (0x00c11113) x2  0x0000000000001000
core   0: 0x0000000080003520 (0x002181b3) add     gp, gp, sp
core   0: 3 0x0000000080003520 (0x002181b3) x3  0x000000008000b010
core   0: 0x0000000080003524 (0xbe01ae87) flw     ft9, -1056(gp)
core   0: 3 0x0000000080003524 (0xbe01ae87) f29 0xffffffff00000000 mem 0x000000008000abf0
core   0: 0x0000000080003528 (0x402181b3) sub     gp, gp, sp
core   0: 3 0x0000000080003528 (0x402181b3) x3  0x000000008000a010
core   0: 0x000000008000352c (0x00100113) li      sp, 1
core   0: 3 0x000000008000352c (0x00100113) x2  0x0000000000000001
core   0: 0x0000000080003530 (0x00c11113) slli    sp, sp, 12
core   0: 3 0x0000000080003530 (0x00c11113) x2  0x0000000000001000
core   0: 0x0000000080003534 (0x002181b3) add     gp, gp, sp
core   0: 3 0x0000000080003534 (0x002181b3) x3  0x000000008000b010
core   0: 0x0000000080003538 (0xbe41ae07) flw     ft8, -1052(gp)
core   0: 3 0x0000000080003538 (0xbe41ae07) f28 0xffffffff00fffffe mem 0x000000008000abf4
core   0: 0x000000008000353c (0x402181b3) sub     gp, gp, sp
core   0: 3 0x000000008000353c (0x402181b3) x3  0x000000008000a010
core   0: 0x0000000080003540 (0x00000113) li      sp, 0
core   0: 3 0x0000000080003540 (0x00000113) x2  0x0000000000000000
core   0: 0x0000000080003544 (0x00311073) csrw    fcsr, sp
core   0: 3 0x0000000080003544 (0x00311073) c1_fflags 0x0000000000000000 c2_frm 0x0000000000000000
core   0: 0x0000000080003548 (0xe1df7fc3) fmadd.s ft11, ft10, ft9, ft8
core   0: 3 0x0000000080003548 (0xe1df7fc3) f31 0xffffffff00fffffe
core   0: 0x000000008000354c (0x00302273) csrr    tp, fcsr
core   0: 3 0x000000008000354c (0x00302273) x4  0x0000000000000000
core   0: 0x0000000080003550 (0x7df0a827) fsw     ft11, 2000(ra)
core   0: 3 0x0000000080003550 (0x7df0a827) mem 0x000000008000d0e8 0x00fffffe
core   0: 0x0000000080003554 (0x7c40bc23) sd      tp, 2008(ra)
core   0: 3 0x0000000080003554 (0x7c40bc23) mem 0x000000008000d0f0 0x0000000000000000
core   0: >>>>  inst_37886
core   0: 0x0000000080003558 (0x00100113) li      sp, 1
core   0: 3 0x0000000080003558 (0x00100113) x2  0x0000000000000001
core   0: 0x000000008000355c (0x00c11113) slli    sp, sp, 12
core   0: 3 0x000000008000355c (0x00c11113) x2  0x0000000000001000
core   0: 0x0000000080003560 (0x002181b3) add     gp, gp, sp
core   0: 3 0x0000000080003560 (0x002181b3) x3  0x000000008000b010
core   0: 0x0000000080003564 (0xbe81af07) flw     ft10, -1048(gp)
core   0: 3 0x0000000080003564 (0xbe81af07) f30 0xffffffff7f3d7291 mem 0x000000008000abf8
core   0: 0x0000000080003568 (0x402181b3) sub     gp, gp, sp
core   0: 3 0x0000000080003568 (0x402181b3) x3  0x000000008000a010
core   0: 0x000000008000356c (0x00100113) li      sp, 1
core   0: 3 0x000000008000356c (0x00100113) x2  0x0000000000000001
core   0: 0x0000000080003570 (0x00c11113) slli    sp, sp, 12
core   0: 3 0x0000000080003570 (0x00c11113) x2  0x0000000000001000
core   0: 0x0000000080003574 (0x002181b3) add     gp, gp, sp
core   0: 3 0x0000000080003574 (0x002181b3) x3  0x000000008000b010
core   0: 0x0000000080003578 (0xbec1ae87) flw     ft9, -1044(gp)
core   0: 3 0x0000000080003578 (0xbec1ae87) f29 0xffffffff00000000 mem 0x000000008000abfc
core   0: 0x000000008000357c (0x402181b3) sub     gp, gp, sp
core   0: 3 0x000000008000357c (0x402181b3) x3  0x000000008000a010
core   0: 0x0000000080003580 (0x00100113) li      sp, 1
core   0: 3 0x0000000080003580 (0x00100113) x2  0x0000000000000001
core   0: 0x0000000080003584 (0x00c11113) slli    sp, sp, 12
core   0: 3 0x0000000080003584 (0x00c11113) x2  0x0000000000001000
core   0: 0x0000000080003588 (0x002181b3) add     gp, gp, sp
core   0: 3 0x0000000080003588 (0x002181b3) x3  0x000000008000b010
core   0: 0x000000008000358c (0xbf01ae07) flw     ft8, -1040(gp)
core   0: 3 0x000000008000358c (0xbf01ae07) f28 0xffffffff03800000 mem 0x000000008000ac00
core   0: 0x0000000080003590 (0x402181b3) sub     gp, gp, sp
core   0: 3 0x0000000080003590 (0x402181b3) x3  0x000000008000a010
core   0: 0x0000000080003594 (0x00000113) li      sp, 0
core   0: 3 0x0000000080003594 (0x00000113) x2  0x0000000000000000
core   0: 0x0000000080003598 (0x00311073) csrw    fcsr, sp
core   0: 3 0x0000000080003598 (0x00311073) c1_fflags 0x0000000000000000 c2_frm 0x0000000000000000
core   0: 0x000000008000359c (0xe1df7fc3) fmadd.s ft11, ft10, ft9, ft8
core   0: 3 0x000000008000359c (0xe1df7fc3) f31 0xffffffff03800000
core   0: 0x00000000800035a0 (0x00302273) csrr    tp, fcsr
core   0: 3 0x00000000800035a0 (0x00302273) x4  0x0000000000000000
core   0: 0x00000000800035a4 (0x7ff0a027) fsw     ft11, 2016(ra)
core   0: 3 0x00000000800035a4 (0x7ff0a027) mem 0x000000008000d0f8 0x03800000
core   0: 0x00000000800035a8 (0x7e40b423) sd      tp, 2024(ra)
core   0: 3 0x00000000800035a8 (0x7e40b423) mem 0x000000008000d100 0x0000000000000000
core   0: >>>>  inst_37887
core   0: 0x00000000800035ac (0x00100113) li      sp, 1
core   0: 3 0x00000000800035ac (0x00100113) x2  0x0000000000000001
core   0: 0x00000000800035b0 (0x00c11113) slli    sp, sp, 12
core   0: 3 0x00000000800035b0 (0x00c11113) x2  0x0000000000001000
core   0: 0x00000000800035b4 (0x002181b3) add     gp, gp, sp
core   0: 3 0x00000000800035b4 (0x002181b3) x3  0x000000008000b010
core   0: 0x00000000800035b8 (0xbf41af07) flw     ft10, -1036(gp)
core   0: 3 0x00000000800035b8 (0xbf41af07) f30 0xffffffff7f3d7291 mem 0x000000008000ac04
core   0: 0x00000000800035bc (0x402181b3) sub     gp, gp, sp
core   0: 3 0x00000000800035bc (0x402181b3) x3  0x000000008000a010
core   0: 0x00000000800035c0 (0x00100113) li      sp, 1
core   0: 3 0x00000000800035c0 (0x00100113) x2  0x0000000000000001
core   0: 0x00000000800035c4 (0x00c11113) slli    sp, sp, 12
core   0: 3 0x00000000800035c4 (0x00c11113) x2  0x0000000000001000
core   0: 0x00000000800035c8 (0x002181b3) add     gp, gp, sp
core   0: 3 0x00000000800035c8 (0x002181b3) x3  0x000000008000b010
core   0: 0x00000000800035cc (0xbf81ae87) flw     ft9, -1032(gp)
core   0: 3 0x00000000800035cc (0xbf81ae87) f29 0xffffffff00000000 mem 0x000000008000ac08
core   0: 0x00000000800035d0 (0x402181b3) sub     gp, gp, sp
core   0: 3 0x00000000800035d0 (0x402181b3) x3  0x000000008000a010
core   0: 0x00000000800035d4 (0x00100113) li      sp, 1
core   0: 3 0x00000000800035d4 (0x00100113) x2  0x0000000000000001
core   0: 0x00000000800035d8 (0x00c11113) slli    sp, sp, 12
core   0: 3 0x00000000800035d8 (0x00c11113) x2  0x0000000000001000
core   0: 0x00000000800035dc (0x002181b3) add     gp, gp, sp
core   0: 3 0x00000000800035dc (0x002181b3) x3  0x000000008000b010
core   0: 0x00000000800035e0 (0xbfc1ae07) flw     ft8, -1028(gp)
core   0: 3 0x00000000800035e0 (0xbfc1ae07) f28 0xffffffff03800001 mem 0x000000008000ac0c
core   0: 0x00000000800035e4 (0x402181b3) sub     gp, gp, sp
core   0: 3 0x00000000800035e4 (0x402181b3) x3  0x000000008000a010
core   0: 0x00000000800035e8 (0x00000113) li      sp, 0
core   0: 3 0x00000000800035e8 (0x00000113) x2  0x0000000000000000
core   0: 0x00000000800035ec (0x00311073) csrw    fcsr, sp
core   0: 3 0x00000000800035ec (0x00311073) c1_fflags 0x0000000000000000 c2_frm 0x0000000000000000
core   0: 0x00000000800035f0 (0xe1df7fc3) fmadd.s ft11, ft10, ft9, ft8
core   0: 3 0x00000000800035f0 (0xe1df7fc3) f31 0xffffffff03800001
core   0: 0x00000000800035f4 (0x00302273) csrr    tp, fcsr
core   0: 3 0x00000000800035f4 (0x00302273) x4  0x0000000000000000
core   0: 0x00000000800035f8 (0x7ff0a827) fsw     ft11, 2032(ra)
core   0: 3 0x00000000800035f8 (0x7ff0a827) mem 0x000000008000d108 0x03800001
core   0: 0x00000000800035fc (0x7e40bc23) sd      tp, 2040(ra)
core   0: 3 0x00000000800035fc (0x7e40bc23) mem 0x000000008000d110 0x0000000000000000
core   0: 0x0000000080003600 (0x0000a097) auipc   ra, 0xa
core   0: 3 0x0000000080003600 (0x0000a097) x1  0x000000008000d600
core   0: 0x0000000080003604 (0xb1808093) addi    ra, ra, -1256
core   0: 3 0x0000000080003604 (0xb1808093) x1  0x000000008000d118
core   0: 0x0000000080003608 (0x00000013) nop
core   0: 3 0x0000000080003608 (0x00000013)
core   0: 0x000000008000360c (0x00000013) nop
core   0: 3 0x000000008000360c (0x00000013)
core   0: 0x0000000080003610 (0x00000013) nop
core   0: 3 0x0000000080003610 (0x00000013)
core   0: 0x0000000080003614 (0x00000013) nop
core   0: 3 0x0000000080003614 (0x00000013)
core   0: 0x0000000080003618 (0x00000013) nop
core   0: 3 0x0000000080003618 (0x00000013)
core   0: 0x000000008000361c (0x00000013) nop
core   0: 3 0x000000008000361c (0x00000013)
core   0: >>>>  inst_37888
core   0: 0x0000000080003620 (0x00100113) li      sp, 1
core   0: 3 0x0000000080003620 (0x00100113) x2  0x0000000000000001
core   0: 0x0000000080003624 (0x00c11113) slli    sp, sp, 12
core   0: 3 0x0000000080003624 (0x00c11113) x2  0x0000000000001000
core   0: 0x0000000080003628 (0x002181b3) add     gp, gp, sp
core   0: 3 0x0000000080003628 (0x002181b3) x3  0x000000008000b010
core   0: 0x000000008000362c (0xc001af07) flw     ft10, -1024(gp)
core   0: 3 0x000000008000362c (0xc001af07) f30 0xffffffff7f3d7291 mem 0x000000008000ac10
core   0: 0x0000000080003630 (0x402181b3) sub     gp, gp, sp
core   0: 3 0x0000000080003630 (0x402181b3) x3  0x000000008000a010
core   0: 0x0000000080003634 (0x00100113) li      sp, 1
core   0: 3 0x0000000080003634 (0x00100113) x2  0x0000000000000001
core   0: 0x0000000080003638 (0x00c11113) slli    sp, sp, 12
core   0: 3 0x0000000080003638 (0x00c11113) x2  0x0000000000001000
core   0: 0x000000008000363c (0x002181b3) add     gp, gp, sp
core   0: 3 0x000000008000363c (0x002181b3) x3  0x000000008000b010
core   0: 0x0000000080003640 (0xc041ae87) flw     ft9, -1020(gp)
core   0: 3 0x0000000080003640 (0xc041ae87) f29 0xffffffff00000000 mem 0x000000008000ac14
core   0: 0x0000000080003644 (0x402181b3) sub     gp, gp, sp
core   0: 3 0x0000000080003644 (0x402181b3) x3  0x000000008000a010
core   0: 0x0000000080003648 (0x00100113) li      sp, 1
core   0: 3 0x0000000080003648 (0x00100113) x2  0x0000000000000001
core   0: 0x000000008000364c (0x00c11113) slli    sp, sp, 12
core   0: 3 0x000000008000364c (0x00c11113) x2  0x0000000000001000
core   0: 0x0000000080003650 (0x002181b3) add     gp, gp, sp
core   0: 3 0x0000000080003650 (0x002181b3) x3  0x000000008000b010
core   0: 0x0000000080003654 (0xc081ae07) flw     ft8, -1016(gp)
core   0: 3 0x0000000080003654 (0xc081ae07) f28 0xffffffff03800003 mem 0x000000008000ac18
core   0: 0x0000000080003658 (0x402181b3) sub     gp, gp, sp
core   0: 3 0x0000000080003658 (0x402181b3) x3  0x000000008000a010
core   0: 0x000000008000365c (0x00000113) li      sp, 0
core   0: 3 0x000000008000365c (0x00000113) x2  0x0000000000000000
core   0: 0x0000000080003660 (0x00311073) csrw    fcsr, sp
core   0: 3 0x0000000080003660 (0x00311073) c1_fflags 0x0000000000000000 c2_frm 0x0000000000000000
core   0: 0x0000000080003664 (0xe1df7fc3) fmadd.s ft11, ft10, ft9, ft8
core   0: 3 0x0000000080003664 (0xe1df7fc3) f31 0xffffffff03800003
core   0: 0x0000000080003668 (0x00302273) csrr    tp, fcsr
core   0: 3 0x0000000080003668 (0x00302273) x4  0x0000000000000000
core   0: 0x000000008000366c (0x01f0a027) fsw     ft11, 0(ra)
core   0: 3 0x000000008000366c (0x01f0a027) mem 0x000000008000d118 0x03800003
core   0: 0x0000000080003670 (0x0040b423) sd      tp, 8(ra)
core   0: 3 0x0000000080003670 (0x0040b423) mem 0x000000008000d120 0x0000000000000000
core   0: >>>>  inst_37889
core   0: 0x0000000080003674 (0x00100113) li      sp, 1
core   0: 3 0x0000000080003674 (0x00100113) x2  0x0000000000000001
core   0: 0x0000000080003678 (0x00c11113) slli    sp, sp, 12
core   0: 3 0x0000000080003678 (0x00c11113) x2  0x0000000000001000
core   0: 0x000000008000367c (0x002181b3) add     gp, gp, sp
core   0: 3 0x000000008000367c (0x002181b3) x3  0x000000008000b010
core   0: 0x0000000080003680 (0xc0c1af07) flw     ft10, -1012(gp)
core   0: 3 0x0000000080003680 (0xc0c1af07) f30 0xffffffff7f3d7291 mem 0x000000008000ac1c
core   0: 0x0000000080003684 (0x402181b3) sub     gp, gp, sp
core   0: 3 0x0000000080003684 (0x402181b3) x3  0x000000008000a010
core   0: 0x0000000080003688 (0x00100113) li      sp, 1
core   0: 3 0x0000000080003688 (0x00100113) x2  0x0000000000000001
core   0: 0x000000008000368c (0x00c11113) slli    sp, sp, 12
core   0: 3 0x000000008000368c (0x00c11113) x2  0x0000000000001000
core   0: 0x0000000080003690 (0x002181b3) add     gp, gp, sp
core   0: 3 0x0000000080003690 (0x002181b3) x3  0x000000008000b010
core   0: 0x0000000080003694 (0xc101ae87) flw     ft9, -1008(gp)
core   0: 3 0x0000000080003694 (0xc101ae87) f29 0xffffffff00000000 mem 0x000000008000ac20
core   0: 0x0000000080003698 (0x402181b3) sub     gp, gp, sp
core   0: 3 0x0000000080003698 (0x402181b3) x3  0x000000008000a010
core   0: 0x000000008000369c (0x00100113) li      sp, 1
core   0: 3 0x000000008000369c (0x00100113) x2  0x0000000000000001
core   0: 0x00000000800036a0 (0x00c11113) slli    sp, sp, 12
core   0: 3 0x00000000800036a0 (0x00c11113) x2  0x0000000000001000
core   0: 0x00000000800036a4 (0x002181b3) add     gp, gp, sp
core   0: 3 0x00000000800036a4 (0x002181b3) x3  0x000000008000b010
core   0: 0x00000000800036a8 (0xc141ae07) flw     ft8, -1004(gp)
core   0: 3 0x00000000800036a8 (0xc141ae07) f28 0xffffffff03800007 mem 0x000000008000ac24
core   0: 0x00000000800036ac (0x402181b3) sub     gp, gp, sp
core   0: 3 0x00000000800036ac (0x402181b3) x3  0x000000008000a010
core   0: 0x00000000800036b0 (0x00000113) li      sp, 0
core   0: 3 0x00000000800036b0 (0x00000113) x2  0x0000000000000000
core   0: 0x00000000800036b4 (0x00311073) csrw    fcsr, sp
core   0: 3 0x00000000800036b4 (0x00311073) c1_fflags 0x0000000000000000 c2_frm 0x0000000000000000
core   0: 0x00000000800036b8 (0xe1df7fc3) fmadd.s ft11, ft10, ft9, ft8
core   0: 3 0x00000000800036b8 (0xe1df7fc3) f31 0xffffffff03800007
core   0: 0x00000000800036bc (0x00302273) csrr    tp, fcsr
core   0: 3 0x00000000800036bc (0x00302273) x4  0x0000000000000000
core   0: 0x00000000800036c0 (0x01f0a827) fsw     ft11, 16(ra)
core   0: 3 0x00000000800036c0 (0x01f0a827) mem 0x000000008000d128 0x03800007
core   0: 0x00000000800036c4 (0x0040bc23) sd      tp, 24(ra)
core   0: 3 0x00000000800036c4 (0x0040bc23) mem 0x000000008000d130 0x0000000000000000
core   0: >>>>  inst_37890
core   0: 0x00000000800036c8 (0x00100113) li      sp, 1
core   0: 3 0x00000000800036c8 (0x00100113) x2  0x0000000000000001
core   0: 0x00000000800036cc (0x00c11113) slli    sp, sp, 12
core   0: 3 0x00000000800036cc (0x00c11113) x2  0x0000000000001000
core   0: 0x00000000800036d0 (0x002181b3) add     gp, gp, sp
core   0: 3 0x00000000800036d0 (0x002181b3) x3  0x000000008000b010
core   0: 0x00000000800036d4 (0xc181af07) flw     ft10, -1000(gp)
core   0: 3 0x00000000800036d4 (0xc181af07) f30 0xffffffff7f3d7291 mem 0x000000008000ac28
core   0: 0x00000000800036d8 (0x402181b3) sub     gp, gp, sp
core   0: 3 0x00000000800036d8 (0x402181b3) x3  0x000000008000a010
core   0: 0x00000000800036dc (0x00100113) li      sp, 1
core   0: 3 0x00000000800036dc (0x00100113) x2  0x0000000000000001
core   0: 0x00000000800036e0 (0x00c11113) slli    sp, sp, 12
core   0: 3 0x00000000800036e0 (0x00c11113) x2  0x0000000000001000
core   0: 0x00000000800036e4 (0x002181b3) add     gp, gp, sp
core   0: 3 0x00000000800036e4 (0x002181b3) x3  0x000000008000b010
core   0: 0x00000000800036e8 (0xc1c1ae87) flw     ft9, -996(gp)
core   0: 3 0x00000000800036e8 (0xc1c1ae87) f29 0xffffffff00000000 mem 0x000000008000ac2c
core   0: 0x00000000800036ec (0x402181b3) sub     gp, gp, sp
core   0: 3 0x00000000800036ec (0x402181b3) x3  0x000000008000a010
core   0: 0x00000000800036f0 (0x00100113) li      sp, 1
core   0: 3 0x00000000800036f0 (0x00100113) x2  0x0000000000000001
core   0: 0x00000000800036f4 (0x00c11113) slli    sp, sp, 12
core   0: 3 0x00000000800036f4 (0x00c11113) x2  0x0000000000001000
core   0: 0x00000000800036f8 (0x002181b3) add     gp, gp, sp
core   0: 3 0x00000000800036f8 (0x002181b3) x3  0x000000008000b010
core   0: 0x00000000800036fc (0xc201ae07) flw     ft8, -992(gp)
core   0: 3 0x00000000800036fc (0xc201ae07) f28 0xffffffff0380000f mem 0x000000008000ac30
core   0: 0x0000000080003700 (0x402181b3) sub     gp, gp, sp
core   0: 3 0x0000000080003700 (0x402181b3) x3  0x000000008000a010
core   0: 0x0000000080003704 (0x00000113) li      sp, 0
core   0: 3 0x0000000080003704 (0x00000113) x2  0x0000000000000000
core   0: 0x0000000080003708 (0x00311073) csrw    fcsr, sp
core   0: 3 0x0000000080003708 (0x00311073) c1_fflags 0x0000000000000000 c2_frm 0x0000000000000000
core   0: 0x000000008000370c (0xe1df7fc3) fmadd.s ft11, ft10, ft9, ft8
core   0: 3 0x000000008000370c (0xe1df7fc3) f31 0xffffffff0380000f
core   0: 0x0000000080003710 (0x00302273) csrr    tp, fcsr
core   0: 3 0x0000000080003710 (0x00302273) x4  0x0000000000000000
core   0: 0x0000000080003714 (0x03f0a027) fsw     ft11, 32(ra)
core   0: 3 0x0000000080003714 (0x03f0a027) mem 0x000000008000d138 0x0380000f
core   0: 0x0000000080003718 (0x0240b423) sd      tp, 40(ra)
core   0: 3 0x0000000080003718 (0x0240b423) mem 0x000000008000d140 0x0000000000000000
core   0: >>>>  inst_37891
core   0: 0x000000008000371c (0x00100113) li      sp, 1
core   0: 3 0x000000008000371c (0x00100113) x2  0x0000000000000001
core   0: 0x0000000080003720 (0x00c11113) slli    sp, sp, 12
core   0: 3 0x0000000080003720 (0x00c11113) x2  0x0000000000001000
core   0: 0x0000000080003724 (0x002181b3) add     gp, gp, sp
core   0: 3 0x0000000080003724 (0x002181b3) x3  0x000000008000b010
core   0: 0x0000000080003728 (0xc241af07) flw     ft10, -988(gp)
core   0: 3 0x0000000080003728 (0xc241af07) f30 0xffffffff7f3d7291 mem 0x000000008000ac34
core   0: 0x000000008000372c (0x402181b3) sub     gp, gp, sp
core   0: 3 0x000000008000372c (0x402181b3) x3  0x000000008000a010
core   0: 0x0000000080003730 (0x00100113) li      sp, 1
core   0: 3 0x0000000080003730 (0x00100113) x2  0x0000000000000001
core   0: 0x0000000080003734 (0x00c11113) slli    sp, sp, 12
core   0: 3 0x0000000080003734 (0x00c11113) x2  0x0000000000001000
core   0: 0x0000000080003738 (0x002181b3) add     gp, gp, sp
core   0: 3 0x0000000080003738 (0x002181b3) x3  0x000000008000b010
core   0: 0x000000008000373c (0xc281ae87) flw     ft9, -984(gp)
core   0: 3 0x000000008000373c (0xc281ae87) f29 0xffffffff00000000 mem 0x000000008000ac38
core   0: 0x0000000080003740 (0x402181b3) sub     gp, gp, sp
core   0: 3 0x0000000080003740 (0x402181b3) x3  0x000000008000a010
core   0: 0x0000000080003744 (0x00100113) li      sp, 1
core   0: 3 0x0000000080003744 (0x00100113) x2  0x0000000000000001
core   0: 0x0000000080003748 (0x00c11113) slli    sp, sp, 12
core   0: 3 0x0000000080003748 (0x00c11113) x2  0x0000000000001000
core   0: 0x000000008000374c (0x002181b3) add     gp, gp, sp
core   0: 3 0x000000008000374c (0x002181b3) x3  0x000000008000b010
core   0: 0x0000000080003750 (0xc2c1ae07) flw     ft8, -980(gp)
core   0: 3 0x0000000080003750 (0xc2c1ae07) f28 0xffffffff0380001f mem 0x000000008000ac3c
core   0: 0x0000000080003754 (0x402181b3) sub     gp, gp, sp
core   0: 3 0x0000000080003754 (0x402181b3) x3  0x000000008000a010
core   0: 0x0000000080003758 (0x00000113) li      sp, 0
core   0: 3 0x0000000080003758 (0x00000113) x2  0x0000000000000000
core   0: 0x000000008000375c (0x00311073) csrw    fcsr, sp
core   0: 3 0x000000008000375c (0x00311073) c1_fflags 0x0000000000000000 c2_frm 0x0000000000000000
core   0: 0x0000000080003760 (0xe1df7fc3) fmadd.s ft11, ft10, ft9, ft8
core   0: 3 0x0000000080003760 (0xe1df7fc3) f31 0xffffffff0380001f
core   0: 0x0000000080003764 (0x00302273) csrr    tp, fcsr
core   0: 3 0x0000000080003764 (0x00302273) x4  0x0000000000000000
core   0: 0x0000000080003768 (0x03f0a827) fsw     ft11, 48(ra)
core   0: 3 0x0000000080003768 (0x03f0a827) mem 0x000000008000d148 0x0380001f
core   0: 0x000000008000376c (0x0240bc23) sd      tp, 56(ra)
core   0: 3 0x000000008000376c (0x0240bc23) mem 0x000000008000d150 0x0000000000000000
core   0: >>>>  inst_37892
core   0: 0x0000000080003770 (0x00100113) li      sp, 1
core   0: 3 0x0000000080003770 (0x00100113) x2  0x0000000000000001
core   0: 0x0000000080003774 (0x00c11113) slli    sp, sp, 12
core   0: 3 0x0000000080003774 (0x00c11113) x2  0x0000000000001000
core   0: 0x0000000080003778 (0x002181b3) add     gp, gp, sp
core   0: 3 0x0000000080003778 (0x002181b3) x3  0x000000008000b010
core   0: 0x000000008000377c (0xc301af07) flw     ft10, -976(gp)
core   0: 3 0x000000008000377c (0xc301af07) f30 0xffffffff7f3d7291 mem 0x000000008000ac40
core   0: 0x0000000080003780 (0x402181b3) sub     gp, gp, sp
core   0: 3 0x0000000080003780 (0x402181b3) x3  0x000000008000a010
core   0: 0x0000000080003784 (0x00100113) li      sp, 1
core   0: 3 0x0000000080003784 (0x00100113) x2  0x0000000000000001
core   0: 0x0000000080003788 (0x00c11113) slli    sp, sp, 12
core   0: 3 0x0000000080003788 (0x00c11113) x2  0x0000000000001000
core   0: 0x000000008000378c (0x002181b3) add     gp, gp, sp
core   0: 3 0x000000008000378c (0x002181b3) x3  0x000000008000b010
core   0: 0x0000000080003790 (0xc341ae87) flw     ft9, -972(gp)
core   0: 3 0x0000000080003790 (0xc341ae87) f29 0xffffffff00000000 mem 0x000000008000ac44
core   0: 0x0000000080003794 (0x402181b3) sub     gp, gp, sp
core   0: 3 0x0000000080003794 (0x402181b3) x3  0x000000008000a010
core   0: 0x0000000080003798 (0x00100113) li      sp, 1
core   0: 3 0x0000000080003798 (0x00100113) x2  0x0000000000000001
core   0: 0x000000008000379c (0x00c11113) slli    sp, sp, 12
core   0: 3 0x000000008000379c (0x00c11113) x2  0x0000000000001000
core   0: 0x00000000800037a0 (0x002181b3) add     gp, gp, sp
core   0: 3 0x00000000800037a0 (0x002181b3) x3  0x000000008000b010
core   0: 0x00000000800037a4 (0xc381ae07) flw     ft8, -968(gp)
core   0: 3 0x00000000800037a4 (0xc381ae07) f28 0xffffffff0380003f mem 0x000000008000ac48
core   0: 0x00000000800037a8 (0x402181b3) sub     gp, gp, sp
core   0: 3 0x00000000800037a8 (0x402181b3) x3  0x000000008000a010
core   0: 0x00000000800037ac (0x00000113) li      sp, 0
core   0: 3 0x00000000800037ac (0x00000113) x2  0x0000000000000000
core   0: 0x00000000800037b0 (0x00311073) csrw    fcsr, sp
core   0: 3 0x00000000800037b0 (0x00311073) c1_fflags 0x0000000000000000 c2_frm 0x0000000000000000
core   0: 0x00000000800037b4 (0xe1df7fc3) fmadd.s ft11, ft10, ft9, ft8
core   0: 3 0x00000000800037b4 (0xe1df7fc3) f31 0xffffffff0380003f
core   0: 0x00000000800037b8 (0x00302273) csrr    tp, fcsr
core   0: 3 0x00000000800037b8 (0x00302273) x4  0x0000000000000000
core   0: 0x00000000800037bc (0x05f0a027) fsw     ft11, 64(ra)
core   0: 3 0x00000000800037bc (0x05f0a027) mem 0x000000008000d158 0x0380003f
core   0: 0x00000000800037c0 (0x0440b423) sd      tp, 72(ra)
core   0: 3 0x00000000800037c0 (0x0440b423) mem 0x000000008000d160 0x0000000000000000
core   0: >>>>  inst_37893
core   0: 0x00000000800037c4 (0x00100113) li      sp, 1
core   0: 3 0x00000000800037c4 (0x00100113) x2  0x0000000000000001
core   0: 0x00000000800037c8 (0x00c11113) slli    sp, sp, 12
core   0: 3 0x00000000800037c8 (0x00c11113) x2  0x0000000000001000
core   0: 0x00000000800037cc (0x002181b3) add     gp, gp, sp
core   0: 3 0x00000000800037cc (0x002181b3) x3  0x000000008000b010
core   0: 0x00000000800037d0 (0xc3c1af07) flw     ft10, -964(gp)
core   0: 3 0x00000000800037d0 (0xc3c1af07) f30 0xffffffff7f3d7291 mem 0x000000008000ac4c
core   0: 0x00000000800037d4 (0x402181b3) sub     gp, gp, sp
core   0: 3 0x00000000800037d4 (0x402181b3) x3  0x000000008000a010
core   0: 0x00000000800037d8 (0x00100113) li      sp, 1
core   0: 3 0x00000000800037d8 (0x00100113) x2  0x0000000000000001
core   0: 0x00000000800037dc (0x00c11113) slli    sp, sp, 12
core   0: 3 0x00000000800037dc (0x00c11113) x2  0x0000000000001000
core   0: 0x00000000800037e0 (0x002181b3) add     gp, gp, sp
core   0: 3 0x00000000800037e0 (0x002181b3) x3  0x000000008000b010
core   0: 0x00000000800037e4 (0xc401ae87) flw     ft9, -960(gp)
core   0: 3 0x00000000800037e4 (0xc401ae87) f29 0xffffffff00000000 mem 0x000000008000ac50
core   0: 0x00000000800037e8 (0x402181b3) sub     gp, gp, sp
core   0: 3 0x00000000800037e8 (0x402181b3) x3  0x000000008000a010
core   0: 0x00000000800037ec (0x00100113) li      sp, 1
core   0: 3 0x00000000800037ec (0x00100113) x2  0x0000000000000001
core   0: 0x00000000800037f0 (0x00c11113) slli    sp, sp, 12
core   0: 3 0x00000000800037f0 (0x00c11113) x2  0x0000000000001000
core   0: 0x00000000800037f4 (0x002181b3) add     gp, gp, sp
core   0: 3 0x00000000800037f4 (0x002181b3) x3  0x000000008000b010
core   0: 0x00000000800037f8 (0xc441ae07) flw     ft8, -956(gp)
core   0: 3 0x00000000800037f8 (0xc441ae07) f28 0xffffffff0380007f mem 0x000000008000ac54
core   0: 0x00000000800037fc (0x402181b3) sub     gp, gp, sp
core   0: 3 0x00000000800037fc (0x402181b3) x3  0x000000008000a010
core   0: 0x0000000080003800 (0x00000113) li      sp, 0
core   0: 3 0x0000000080003800 (0x00000113) x2  0x0000000000000000
core   0: 0x0000000080003804 (0x00311073) csrw    fcsr, sp
core   0: 3 0x0000000080003804 (0x00311073) c1_fflags 0x0000000000000000 c2_frm 0x0000000000000000
core   0: 0x0000000080003808 (0xe1df7fc3) fmadd.s ft11, ft10, ft9, ft8
core   0: 3 0x0000000080003808 (0xe1df7fc3) f31 0xffffffff0380007f
core   0: 0x000000008000380c (0x00302273) csrr    tp, fcsr
core   0: 3 0x000000008000380c (0x00302273) x4  0x0000000000000000
core   0: 0x0000000080003810 (0x05f0a827) fsw     ft11, 80(ra)
core   0: 3 0x0000000080003810 (0x05f0a827) mem 0x000000008000d168 0x0380007f
core   0: 0x0000000080003814 (0x0440bc23) sd      tp, 88(ra)
core   0: 3 0x0000000080003814 (0x0440bc23) mem 0x000000008000d170 0x0000000000000000
core   0: >>>>  inst_37894
core   0: 0x0000000080003818 (0x00100113) li      sp, 1
core   0: 3 0x0000000080003818 (0x00100113) x2  0x0000000000000001
core   0: 0x000000008000381c (0x00c11113) slli    sp, sp, 12
core   0: 3 0x000000008000381c (0x00c11113) x2  0x0000000000001000
core   0: 0x0000000080003820 (0x002181b3) add     gp, gp, sp
core   0: 3 0x0000000080003820 (0x002181b3) x3  0x000000008000b010
core   0: 0x0000000080003824 (0xc481af07) flw     ft10, -952(gp)
core   0: 3 0x0000000080003824 (0xc481af07) f30 0xffffffff7f3d7291 mem 0x000000008000ac58
core   0: 0x0000000080003828 (0x402181b3) sub     gp, gp, sp
core   0: 3 0x0000000080003828 (0x402181b3) x3  0x000000008000a010
core   0: 0x000000008000382c (0x00100113) li      sp, 1
core   0: 3 0x000000008000382c (0x00100113) x2  0x0000000000000001
core   0: 0x0000000080003830 (0x00c11113) slli    sp, sp, 12
core   0: 3 0x0000000080003830 (0x00c11113) x2  0x0000000000001000
core   0: 0x0000000080003834 (0x002181b3) add     gp, gp, sp
core   0: 3 0x0000000080003834 (0x002181b3) x3  0x000000008000b010
core   0: 0x0000000080003838 (0xc4c1ae87) flw     ft9, -948(gp)
core   0: 3 0x0000000080003838 (0xc4c1ae87) f29 0xffffffff00000000 mem 0x000000008000ac5c
core   0: 0x000000008000383c (0x402181b3) sub     gp, gp, sp
core   0: 3 0x000000008000383c (0x402181b3) x3  0x000000008000a010
core   0: 0x0000000080003840 (0x00100113) li      sp, 1
core   0: 3 0x0000000080003840 (0x00100113) x2  0x0000000000000001
core   0: 0x0000000080003844 (0x00c11113) slli    sp, sp, 12
core   0: 3 0x0000000080003844 (0x00c11113) x2  0x0000000000001000
core   0: 0x0000000080003848 (0x002181b3) add     gp, gp, sp
core   0: 3 0x0000000080003848 (0x002181b3) x3  0x000000008000b010
core   0: 0x000000008000384c (0xc501ae07) flw     ft8, -944(gp)
core   0: 3 0x000000008000384c (0xc501ae07) f28 0xffffffff038000ff mem 0x000000008000ac60
core   0: 0x0000000080003850 (0x402181b3) sub     gp, gp, sp
core   0: 3 0x0000000080003850 (0x402181b3) x3  0x000000008000a010
core   0: 0x0000000080003854 (0x00000113) li      sp, 0
core   0: 3 0x0000000080003854 (0x00000113) x2  0x0000000000000000
core   0: 0x0000000080003858 (0x00311073) csrw    fcsr, sp
core   0: 3 0x0000000080003858 (0x00311073) c1_fflags 0x0000000000000000 c2_frm 0x0000000000000000
core   0: 0x000000008000385c (0xe1df7fc3) fmadd.s ft11, ft10, ft9, ft8
core   0: 3 0x000000008000385c (0xe1df7fc3) f31 0xffffffff038000ff
core   0: 0x0000000080003860 (0x00302273) csrr    tp, fcsr
core   0: 3 0x0000000080003860 (0x00302273) x4  0x0000000000000000
core   0: 0x0000000080003864 (0x07f0a027) fsw     ft11, 96(ra)
core   0: 3 0x0000000080003864 (0x07f0a027) mem 0x000000008000d178 0x038000ff
core   0: 0x0000000080003868 (0x0640b423) sd      tp, 104(ra)
core   0: 3 0x0000000080003868 (0x0640b423) mem 0x000000008000d180 0x0000000000000000
core   0: >>>>  inst_37895
core   0: 0x000000008000386c (0x00100113) li      sp, 1
core   0: 3 0x000000008000386c (0x00100113) x2  0x0000000000000001
core   0: 0x0000000080003870 (0x00c11113) slli    sp, sp, 12
core   0: 3 0x0000000080003870 (0x00c11113) x2  0x0000000000001000
core   0: 0x0000000080003874 (0x002181b3) add     gp, gp, sp
core   0: 3 0x0000000080003874 (0x002181b3) x3  0x000000008000b010
core   0: 0x0000000080003878 (0xc541af07) flw     ft10, -940(gp)
core   0: 3 0x0000000080003878 (0xc541af07) f30 0xffffffff7f3d7291 mem 0x000000008000ac64
core   0: 0x000000008000387c (0x402181b3) sub     gp, gp, sp
core   0: 3 0x000000008000387c (0x402181b3) x3  0x000000008000a010
core   0: 0x0000000080003880 (0x00100113) li      sp, 1
core   0: 3 0x0000000080003880 (0x00100113) x2  0x0000000000000001
core   0: 0x0000000080003884 (0x00c11113) slli    sp, sp, 12
core   0: 3 0x0000000080003884 (0x00c11113) x2  0x0000000000001000
core   0: 0x0000000080003888 (0x002181b3) add     gp, gp, sp
core   0: 3 0x0000000080003888 (0x002181b3) x3  0x000000008000b010
core   0: 0x000000008000388c (0xc581ae87) flw     ft9, -936(gp)
core   0: 3 0x000000008000388c (0xc581ae87) f29 0xffffffff00000000 mem 0x000000008000ac68
core   0: 0x0000000080003890 (0x402181b3) sub     gp, gp, sp
core   0: 3 0x0000000080003890 (0x402181b3) x3  0x000000008000a010
core   0: 0x0000000080003894 (0x00100113) li      sp, 1
core   0: 3 0x0000000080003894 (0x00100113) x2  0x0000000000000001
core   0: 0x0000000080003898 (0x00c11113) slli    sp, sp, 12
core   0: 3 0x0000000080003898 (0x00c11113) x2  0x0000000000001000
core   0: 0x000000008000389c (0x002181b3) add     gp, gp, sp
core   0: 3 0x000000008000389c (0x002181b3) x3  0x000000008000b010
core   0: 0x00000000800038a0 (0xc5c1ae07) flw     ft8, -932(gp)
core   0: 3 0x00000000800038a0 (0xc5c1ae07) f28 0xffffffff038001ff mem 0x000000008000ac6c
core   0: 0x00000000800038a4 (0x402181b3) sub     gp, gp, sp
core   0: 3 0x00000000800038a4 (0x402181b3) x3  0x000000008000a010
core   0: 0x00000000800038a8 (0x00000113) li      sp, 0
core   0: 3 0x00000000800038a8 (0x00000113) x2  0x0000000000000000
core   0: 0x00000000800038ac (0x00311073) csrw    fcsr, sp
core   0: 3 0x00000000800038ac (0x00311073) c1_fflags 0x0000000000000000 c2_frm 0x0000000000000000
core   0: 0x00000000800038b0 (0xe1df7fc3) fmadd.s ft11, ft10, ft9, ft8
core   0: 3 0x00000000800038b0 (0xe1df7fc3) f31 0xffffffff038001ff
core   0: 0x00000000800038b4 (0x00302273) csrr    tp, fcsr
core   0: 3 0x00000000800038b4 (0x00302273) x4  0x0000000000000000
core   0: 0x00000000800038b8 (0x07f0a827) fsw     ft11, 112(ra)
core   0: 3 0x00000000800038b8 (0x07f0a827) mem 0x000000008000d188 0x038001ff
core   0: 0x00000000800038bc (0x0640bc23) sd      tp, 120(ra)
core   0: 3 0x00000000800038bc (0x0640bc23) mem 0x000000008000d190 0x0000000000000000
core   0: >>>>  inst_37896
core   0: 0x00000000800038c0 (0x00100113) li      sp, 1
core   0: 3 0x00000000800038c0 (0x00100113) x2  0x0000000000000001
core   0: 0x00000000800038c4 (0x00c11113) slli    sp, sp, 12
core   0: 3 0x00000000800038c4 (0x00c11113) x2  0x0000000000001000
core   0: 0x00000000800038c8 (0x002181b3) add     gp, gp, sp
core   0: 3 0x00000000800038c8 (0x002181b3) x3  0x000000008000b010
core   0: 0x00000000800038cc (0xc601af07) flw     ft10, -928(gp)
core   0: 3 0x00000000800038cc (0xc601af07) f30 0xffffffff7f3d7291 mem 0x000000008000ac70
core   0: 0x00000000800038d0 (0x402181b3) sub     gp, gp, sp
core   0: 3 0x00000000800038d0 (0x402181b3) x3  0x000000008000a010
core   0: 0x00000000800038d4 (0x00100113) li      sp, 1
core   0: 3 0x00000000800038d4 (0x00100113) x2  0x0000000000000001
core   0: 0x00000000800038d8 (0x00c11113) slli    sp, sp, 12
core   0: 3 0x00000000800038d8 (0x00c11113) x2  0x0000000000001000
core   0: 0x00000000800038dc (0x002181b3) add     gp, gp, sp
core   0: 3 0x00000000800038dc (0x002181b3) x3  0x000000008000b010
core   0: 0x00000000800038e0 (0xc641ae87) flw     ft9, -924(gp)
core   0: 3 0x00000000800038e0 (0xc641ae87) f29 0xffffffff00000000 mem 0x000000008000ac74
core   0: 0x00000000800038e4 (0x402181b3) sub     gp, gp, sp
core   0: 3 0x00000000800038e4 (0x402181b3) x3  0x000000008000a010
core   0: 0x00000000800038e8 (0x00100113) li      sp, 1
core   0: 3 0x00000000800038e8 (0x00100113) x2  0x0000000000000001
core   0: 0x00000000800038ec (0x00c11113) slli    sp, sp, 12
core   0: 3 0x00000000800038ec (0x00c11113) x2  0x0000000000001000
core   0: 0x00000000800038f0 (0x002181b3) add     gp, gp, sp
core   0: 3 0x00000000800038f0 (0x002181b3) x3  0x000000008000b010
core   0: 0x00000000800038f4 (0xc681ae07) flw     ft8, -920(gp)
core   0: 3 0x00000000800038f4 (0xc681ae07) f28 0xffffffff038003ff mem 0x000000008000ac78
core   0: 0x00000000800038f8 (0x402181b3) sub     gp, gp, sp
core   0: 3 0x00000000800038f8 (0x402181b3) x3  0x000000008000a010
core   0: 0x00000000800038fc (0x00000113) li      sp, 0
core   0: 3 0x00000000800038fc (0x00000113) x2  0x0000000000000000
core   0: 0x0000000080003900 (0x00311073) csrw    fcsr, sp
core   0: 3 0x0000000080003900 (0x00311073) c1_fflags 0x0000000000000000 c2_frm 0x0000000000000000
core   0: 0x0000000080003904 (0xe1df7fc3) fmadd.s ft11, ft10, ft9, ft8
core   0: 3 0x0000000080003904 (0xe1df7fc3) f31 0xffffffff038003ff
core   0: 0x0000000080003908 (0x00302273) csrr    tp, fcsr
core   0: 3 0x0000000080003908 (0x00302273) x4  0x0000000000000000
core   0: 0x000000008000390c (0x09f0a027) fsw     ft11, 128(ra)
core   0: 3 0x000000008000390c (0x09f0a027) mem 0x000000008000d198 0x038003ff
core   0: 0x0000000080003910 (0x0840b423) sd      tp, 136(ra)
core   0: 3 0x0000000080003910 (0x0840b423) mem 0x000000008000d1a0 0x0000000000000000
core   0: >>>>  inst_37897
core   0: 0x0000000080003914 (0x00100113) li      sp, 1
core   0: 3 0x0000000080003914 (0x00100113) x2  0x0000000000000001
core   0: 0x0000000080003918 (0x00c11113) slli    sp, sp, 12
core   0: 3 0x0000000080003918 (0x00c11113) x2  0x0000000000001000
core   0: 0x000000008000391c (0x002181b3) add     gp, gp, sp
core   0: 3 0x000000008000391c (0x002181b3) x3  0x000000008000b010
core   0: 0x0000000080003920 (0xc6c1af07) flw     ft10, -916(gp)
core   0: 3 0x0000000080003920 (0xc6c1af07) f30 0xffffffff7f3d7291 mem 0x000000008000ac7c
core   0: 0x0000000080003924 (0x402181b3) sub     gp, gp, sp
core   0: 3 0x0000000080003924 (0x402181b3) x3  0x000000008000a010
core   0: 0x0000000080003928 (0x00100113) li      sp, 1
core   0: 3 0x0000000080003928 (0x00100113) x2  0x0000000000000001
core   0: 0x000000008000392c (0x00c11113) slli    sp, sp, 12
core   0: 3 0x000000008000392c (0x00c11113) x2  0x0000000000001000
core   0: 0x0000000080003930 (0x002181b3) add     gp, gp, sp
core   0: 3 0x0000000080003930 (0x002181b3) x3  0x000000008000b010
core   0: 0x0000000080003934 (0xc701ae87) flw     ft9, -912(gp)
core   0: 3 0x0000000080003934 (0xc701ae87) f29 0xffffffff00000000 mem 0x000000008000ac80
core   0: 0x0000000080003938 (0x402181b3) sub     gp, gp, sp
core   0: 3 0x0000000080003938 (0x402181b3) x3  0x000000008000a010
core   0: 0x000000008000393c (0x00100113) li      sp, 1
core   0: 3 0x000000008000393c (0x00100113) x2  0x0000000000000001
core   0: 0x0000000080003940 (0x00c11113) slli    sp, sp, 12
core   0: 3 0x0000000080003940 (0x00c11113) x2  0x0000000000001000
core   0: 0x0000000080003944 (0x002181b3) add     gp, gp, sp
core   0: 3 0x0000000080003944 (0x002181b3) x3  0x000000008000b010
core   0: 0x0000000080003948 (0xc741ae07) flw     ft8, -908(gp)
core   0: 3 0x0000000080003948 (0xc741ae07) f28 0xffffffff038007ff mem 0x000000008000ac84
core   0: 0x000000008000394c (0x402181b3) sub     gp, gp, sp
core   0: 3 0x000000008000394c (0x402181b3) x3  0x000000008000a010
core   0: 0x0000000080003950 (0x00000113) li      sp, 0
core   0: 3 0x0000000080003950 (0x00000113) x2  0x0000000000000000
core   0: 0x0000000080003954 (0x00311073) csrw    fcsr, sp
core   0: 3 0x0000000080003954 (0x00311073) c1_fflags 0x0000000000000000 c2_frm 0x0000000000000000
core   0: 0x0000000080003958 (0xe1df7fc3) fmadd.s ft11, ft10, ft9, ft8
core   0: 3 0x0000000080003958 (0xe1df7fc3) f31 0xffffffff038007ff
core   0: 0x000000008000395c (0x00302273) csrr    tp, fcsr
core   0: 3 0x000000008000395c (0x00302273) x4  0x0000000000000000
core   0: 0x0000000080003960 (0x09f0a827) fsw     ft11, 144(ra)
core   0: 3 0x0000000080003960 (0x09f0a827) mem 0x000000008000d1a8 0x038007ff
core   0: 0x0000000080003964 (0x0840bc23) sd      tp, 152(ra)
core   0: 3 0x0000000080003964 (0x0840bc23) mem 0x000000008000d1b0 0x0000000000000000
core   0: >>>>  inst_37898
core   0: 0x0000000080003968 (0x00100113) li      sp, 1
core   0: 3 0x0000000080003968 (0x00100113) x2  0x0000000000000001
core   0: 0x000000008000396c (0x00c11113) slli    sp, sp, 12
core   0: 3 0x000000008000396c (0x00c11113) x2  0x0000000000001000
core   0: 0x0000000080003970 (0x002181b3) add     gp, gp, sp
core   0: 3 0x0000000080003970 (0x002181b3) x3  0x000000008000b010
core   0: 0x0000000080003974 (0xc781af07) flw     ft10, -904(gp)
core   0: 3 0x0000000080003974 (0xc781af07) f30 0xffffffff7f3d7291 mem 0x000000008000ac88
core   0: 0x0000000080003978 (0x402181b3) sub     gp, gp, sp
core   0: 3 0x0000000080003978 (0x402181b3) x3  0x000000008000a010
core   0: 0x000000008000397c (0x00100113) li      sp, 1
core   0: 3 0x000000008000397c (0x00100113) x2  0x0000000000000001
core   0: 0x0000000080003980 (0x00c11113) slli    sp, sp, 12
core   0: 3 0x0000000080003980 (0x00c11113) x2  0x0000000000001000
core   0: 0x0000000080003984 (0x002181b3) add     gp, gp, sp
core   0: 3 0x0000000080003984 (0x002181b3) x3  0x000000008000b010
core   0: 0x0000000080003988 (0xc7c1ae87) flw     ft9, -900(gp)
core   0: 3 0x0000000080003988 (0xc7c1ae87) f29 0xffffffff00000000 mem 0x000000008000ac8c
core   0: 0x000000008000398c (0x402181b3) sub     gp, gp, sp
core   0: 3 0x000000008000398c (0x402181b3) x3  0x000000008000a010
core   0: 0x0000000080003990 (0x00100113) li      sp, 1
core   0: 3 0x0000000080003990 (0x00100113) x2  0x0000000000000001
core   0: 0x0000000080003994 (0x00c11113) slli    sp, sp, 12
core   0: 3 0x0000000080003994 (0x00c11113) x2  0x0000000000001000
core   0: 0x0000000080003998 (0x002181b3) add     gp, gp, sp
core   0: 3 0x0000000080003998 (0x002181b3) x3  0x000000008000b010
core   0: 0x000000008000399c (0xc801ae07) flw     ft8, -896(gp)
core   0: 3 0x000000008000399c (0xc801ae07) f28 0xffffffff03800fff mem 0x000000008000ac90
core   0: 0x00000000800039a0 (0x402181b3) sub     gp, gp, sp
core   0: 3 0x00000000800039a0 (0x402181b3) x3  0x000000008000a010
core   0: 0x00000000800039a4 (0x00000113) li      sp, 0
core   0: 3 0x00000000800039a4 (0x00000113) x2  0x0000000000000000
core   0: 0x00000000800039a8 (0x00311073) csrw    fcsr, sp
core   0: 3 0x00000000800039a8 (0x00311073) c1_fflags 0x0000000000000000 c2_frm 0x0000000000000000
core   0: 0x00000000800039ac (0xe1df7fc3) fmadd.s ft11, ft10, ft9, ft8
core   0: 3 0x00000000800039ac (0xe1df7fc3) f31 0xffffffff03800fff
core   0: 0x00000000800039b0 (0x00302273) csrr    tp, fcsr
core   0: 3 0x00000000800039b0 (0x00302273) x4  0x0000000000000000
core   0: 0x00000000800039b4 (0x0bf0a027) fsw     ft11, 160(ra)
core   0: 3 0x00000000800039b4 (0x0bf0a027) mem 0x000000008000d1b8 0x03800fff
core   0: 0x00000000800039b8 (0x0a40b423) sd      tp, 168(ra)
core   0: 3 0x00000000800039b8 (0x0a40b423) mem 0x000000008000d1c0 0x0000000000000000
core   0: >>>>  inst_37899
core   0: 0x00000000800039bc (0x00100113) li      sp, 1
core   0: 3 0x00000000800039bc (0x00100113) x2  0x0000000000000001
core   0: 0x00000000800039c0 (0x00c11113) slli    sp, sp, 12
core   0: 3 0x00000000800039c0 (0x00c11113) x2  0x0000000000001000
core   0: 0x00000000800039c4 (0x002181b3) add     gp, gp, sp
core   0: 3 0x00000000800039c4 (0x002181b3) x3  0x000000008000b010
core   0: 0x00000000800039c8 (0xc841af07) flw     ft10, -892(gp)
core   0: 3 0x00000000800039c8 (0xc841af07) f30 0xffffffff7f3d7291 mem 0x000000008000ac94
core   0: 0x00000000800039cc (0x402181b3) sub     gp, gp, sp
core   0: 3 0x00000000800039cc (0x402181b3) x3  0x000000008000a010
core   0: 0x00000000800039d0 (0x00100113) li      sp, 1
core   0: 3 0x00000000800039d0 (0x00100113) x2  0x0000000000000001
core   0: 0x00000000800039d4 (0x00c11113) slli    sp, sp, 12
core   0: 3 0x00000000800039d4 (0x00c11113) x2  0x0000000000001000
core   0: 0x00000000800039d8 (0x002181b3) add     gp, gp, sp
core   0: 3 0x00000000800039d8 (0x002181b3) x3  0x000000008000b010
core   0: 0x00000000800039dc (0xc881ae87) flw     ft9, -888(gp)
core   0: 3 0x00000000800039dc (0xc881ae87) f29 0xffffffff00000000 mem 0x000000008000ac98
core   0: 0x00000000800039e0 (0x402181b3) sub     gp, gp, sp
core   0: 3 0x00000000800039e0 (0x402181b3) x3  0x000000008000a010
core   0: 0x00000000800039e4 (0x00100113) li      sp, 1
core   0: 3 0x00000000800039e4 (0x00100113) x2  0x0000000000000001
core   0: 0x00000000800039e8 (0x00c11113) slli    sp, sp, 12
core   0: 3 0x00000000800039e8 (0x00c11113) x2  0x0000000000001000
core   0: 0x00000000800039ec (0x002181b3) add     gp, gp, sp
core   0: 3 0x00000000800039ec (0x002181b3) x3  0x000000008000b010
core   0: 0x00000000800039f0 (0xc8c1ae07) flw     ft8, -884(gp)
core   0: 3 0x00000000800039f0 (0xc8c1ae07) f28 0xffffffff03801fff mem 0x000000008000ac9c
core   0: 0x00000000800039f4 (0x402181b3) sub     gp, gp, sp
core   0: 3 0x00000000800039f4 (0x402181b3) x3  0x000000008000a010
core   0: 0x00000000800039f8 (0x00000113) li      sp, 0
core   0: 3 0x00000000800039f8 (0x00000113) x2  0x0000000000000000
core   0: 0x00000000800039fc (0x00311073) csrw    fcsr, sp
core   0: 3 0x00000000800039fc (0x00311073) c1_fflags 0x0000000000000000 c2_frm 0x0000000000000000
core   0: 0x0000000080003a00 (0xe1df7fc3) fmadd.s ft11, ft10, ft9, ft8
core   0: 3 0x0000000080003a00 (0xe1df7fc3) f31 0xffffffff03801fff
core   0: 0x0000000080003a04 (0x00302273) csrr    tp, fcsr
core   0: 3 0x0000000080003a04 (0x00302273) x4  0x0000000000000000
core   0: 0x0000000080003a08 (0x0bf0a827) fsw     ft11, 176(ra)
core   0: 3 0x0000000080003a08 (0x0bf0a827) mem 0x000000008000d1c8 0x03801fff
core   0: 0x0000000080003a0c (0x0a40bc23) sd      tp, 184(ra)
core   0: 3 0x0000000080003a0c (0x0a40bc23) mem 0x000000008000d1d0 0x0000000000000000
core   0: >>>>  inst_37900
core   0: 0x0000000080003a10 (0x00100113) li      sp, 1
core   0: 3 0x0000000080003a10 (0x00100113) x2  0x0000000000000001
core   0: 0x0000000080003a14 (0x00c11113) slli    sp, sp, 12
core   0: 3 0x0000000080003a14 (0x00c11113) x2  0x0000000000001000
core   0: 0x0000000080003a18 (0x002181b3) add     gp, gp, sp
core   0: 3 0x0000000080003a18 (0x002181b3) x3  0x000000008000b010
core   0: 0x0000000080003a1c (0xc901af07) flw     ft10, -880(gp)
core   0: 3 0x0000000080003a1c (0xc901af07) f30 0xffffffff7f3d7291 mem 0x000000008000aca0
core   0: 0x0000000080003a20 (0x402181b3) sub     gp, gp, sp
core   0: 3 0x0000000080003a20 (0x402181b3) x3  0x000000008000a010
core   0: 0x0000000080003a24 (0x00100113) li      sp, 1
core   0: 3 0x0000000080003a24 (0x00100113) x2  0x0000000000000001
core   0: 0x0000000080003a28 (0x00c11113) slli    sp, sp, 12
core   0: 3 0x0000000080003a28 (0x00c11113) x2  0x0000000000001000
core   0: 0x0000000080003a2c (0x002181b3) add     gp, gp, sp
core   0: 3 0x0000000080003a2c (0x002181b3) x3  0x000000008000b010
core   0: 0x0000000080003a30 (0xc941ae87) flw     ft9, -876(gp)
core   0: 3 0x0000000080003a30 (0xc941ae87) f29 0xffffffff00000000 mem 0x000000008000aca4
core   0: 0x0000000080003a34 (0x402181b3) sub     gp, gp, sp
core   0: 3 0x0000000080003a34 (0x402181b3) x3  0x000000008000a010
core   0: 0x0000000080003a38 (0x00100113) li      sp, 1
core   0: 3 0x0000000080003a38 (0x00100113) x2  0x0000000000000001
core   0: 0x0000000080003a3c (0x00c11113) slli    sp, sp, 12
core   0: 3 0x0000000080003a3c (0x00c11113) x2  0x0000000000001000
core   0: 0x0000000080003a40 (0x002181b3) add     gp, gp, sp
core   0: 3 0x0000000080003a40 (0x002181b3) x3  0x000000008000b010
core   0: 0x0000000080003a44 (0xc981ae07) flw     ft8, -872(gp)
core   0: 3 0x0000000080003a44 (0xc981ae07) f28 0xffffffff03803fff mem 0x000000008000aca8
core   0: 0x0000000080003a48 (0x402181b3) sub     gp, gp, sp
core   0: 3 0x0000000080003a48 (0x402181b3) x3  0x000000008000a010
core   0: 0x0000000080003a4c (0x00000113) li      sp, 0
core   0: 3 0x0000000080003a4c (0x00000113) x2  0x0000000000000000
core   0: 0x0000000080003a50 (0x00311073) csrw    fcsr, sp
core   0: 3 0x0000000080003a50 (0x00311073) c1_fflags 0x0000000000000000 c2_frm 0x0000000000000000
core   0: 0x0000000080003a54 (0xe1df7fc3) fmadd.s ft11, ft10, ft9, ft8
core   0: 3 0x0000000080003a54 (0xe1df7fc3) f31 0xffffffff03803fff
core   0: 0x0000000080003a58 (0x00302273) csrr    tp, fcsr
core   0: 3 0x0000000080003a58 (0x00302273) x4  0x0000000000000000
core   0: 0x0000000080003a5c (0x0df0a027) fsw     ft11, 192(ra)
core   0: 3 0x0000000080003a5c (0x0df0a027) mem 0x000000008000d1d8 0x03803fff
core   0: 0x0000000080003a60 (0x0c40b423) sd      tp, 200(ra)
core   0: 3 0x0000000080003a60 (0x0c40b423) mem 0x000000008000d1e0 0x0000000000000000
core   0: >>>>  inst_37901
core   0: 0x0000000080003a64 (0x00100113) li      sp, 1
core   0: 3 0x0000000080003a64 (0x00100113) x2  0x0000000000000001
core   0: 0x0000000080003a68 (0x00c11113) slli    sp, sp, 12
core   0: 3 0x0000000080003a68 (0x00c11113) x2  0x0000000000001000
core   0: 0x0000000080003a6c (0x002181b3) add     gp, gp, sp
core   0: 3 0x0000000080003a6c (0x002181b3) x3  0x000000008000b010
core   0: 0x0000000080003a70 (0xc9c1af07) flw     ft10, -868(gp)
core   0: 3 0x0000000080003a70 (0xc9c1af07) f30 0xffffffff7f3d7291 mem 0x000000008000acac
core   0: 0x0000000080003a74 (0x402181b3) sub     gp, gp, sp
core   0: 3 0x0000000080003a74 (0x402181b3) x3  0x000000008000a010
core   0: 0x0000000080003a78 (0x00100113) li      sp, 1
core   0: 3 0x0000000080003a78 (0x00100113) x2  0x0000000000000001
core   0: 0x0000000080003a7c (0x00c11113) slli    sp, sp, 12
core   0: 3 0x0000000080003a7c (0x00c11113) x2  0x0000000000001000
core   0: 0x0000000080003a80 (0x002181b3) add     gp, gp, sp
core   0: 3 0x0000000080003a80 (0x002181b3) x3  0x000000008000b010
core   0: 0x0000000080003a84 (0xca01ae87) flw     ft9, -864(gp)
core   0: 3 0x0000000080003a84 (0xca01ae87) f29 0xffffffff00000000 mem 0x000000008000acb0
core   0: 0x0000000080003a88 (0x402181b3) sub     gp, gp, sp
core   0: 3 0x0000000080003a88 (0x402181b3) x3  0x000000008000a010
core   0: 0x0000000080003a8c (0x00100113) li      sp, 1
core   0: 3 0x0000000080003a8c (0x00100113) x2  0x0000000000000001
core   0: 0x0000000080003a90 (0x00c11113) slli    sp, sp, 12
core   0: 3 0x0000000080003a90 (0x00c11113) x2  0x0000000000001000
core   0: 0x0000000080003a94 (0x002181b3) add     gp, gp, sp
core   0: 3 0x0000000080003a94 (0x002181b3) x3  0x000000008000b010
core   0: 0x0000000080003a98 (0xca41ae07) flw     ft8, -860(gp)
core   0: 3 0x0000000080003a98 (0xca41ae07) f28 0xffffffff03807fff mem 0x000000008000acb4
core   0: 0x0000000080003a9c (0x402181b3) sub     gp, gp, sp
core   0: 3 0x0000000080003a9c (0x402181b3) x3  0x000000008000a010
core   0: 0x0000000080003aa0 (0x00000113) li      sp, 0
core   0: 3 0x0000000080003aa0 (0x00000113) x2  0x0000000000000000
core   0: 0x0000000080003aa4 (0x00311073) csrw    fcsr, sp
core   0: 3 0x0000000080003aa4 (0x00311073) c1_fflags 0x0000000000000000 c2_frm 0x0000000000000000
core   0: 0x0000000080003aa8 (0xe1df7fc3) fmadd.s ft11, ft10, ft9, ft8
core   0: 3 0x0000000080003aa8 (0xe1df7fc3) f31 0xffffffff03807fff
core   0: 0x0000000080003aac (0x00302273) csrr    tp, fcsr
core   0: 3 0x0000000080003aac (0x00302273) x4  0x0000000000000000
core   0: 0x0000000080003ab0 (0x0df0a827) fsw     ft11, 208(ra)
core   0: 3 0x0000000080003ab0 (0x0df0a827) mem 0x000000008000d1e8 0x03807fff
core   0: 0x0000000080003ab4 (0x0c40bc23) sd      tp, 216(ra)
core   0: 3 0x0000000080003ab4 (0x0c40bc23) mem 0x000000008000d1f0 0x0000000000000000
core   0: >>>>  inst_37902
core   0: 0x0000000080003ab8 (0x00100113) li      sp, 1
core   0: 3 0x0000000080003ab8 (0x00100113) x2  0x0000000000000001
core   0: 0x0000000080003abc (0x00c11113) slli    sp, sp, 12
core   0: 3 0x0000000080003abc (0x00c11113) x2  0x0000000000001000
core   0: 0x0000000080003ac0 (0x002181b3) add     gp, gp, sp
core   0: 3 0x0000000080003ac0 (0x002181b3) x3  0x000000008000b010
core   0: 0x0000000080003ac4 (0xca81af07) flw     ft10, -856(gp)
core   0: 3 0x0000000080003ac4 (0xca81af07) f30 0xffffffff7f3d7291 mem 0x000000008000acb8
core   0: 0x0000000080003ac8 (0x402181b3) sub     gp, gp, sp
core   0: 3 0x0000000080003ac8 (0x402181b3) x3  0x000000008000a010
core   0: 0x0000000080003acc (0x00100113) li      sp, 1
core   0: 3 0x0000000080003acc (0x00100113) x2  0x0000000000000001
core   0: 0x0000000080003ad0 (0x00c11113) slli    sp, sp, 12
core   0: 3 0x0000000080003ad0 (0x00c11113) x2  0x0000000000001000
core   0: 0x0000000080003ad4 (0x002181b3) add     gp, gp, sp
core   0: 3 0x0000000080003ad4 (0x002181b3) x3  0x000000008000b010
core   0: 0x0000000080003ad8 (0xcac1ae87) flw     ft9, -852(gp)
core   0: 3 0x0000000080003ad8 (0xcac1ae87) f29 0xffffffff00000000 mem 0x000000008000acbc
core   0: 0x0000000080003adc (0x402181b3) sub     gp, gp, sp
core   0: 3 0x0000000080003adc (0x402181b3) x3  0x000000008000a010
core   0: 0x0000000080003ae0 (0x00100113) li      sp, 1
core   0: 3 0x0000000080003ae0 (0x00100113) x2  0x0000000000000001
core   0: 0x0000000080003ae4 (0x00c11113) slli    sp, sp, 12
core   0: 3 0x0000000080003ae4 (0x00c11113) x2  0x0000000000001000
core   0: 0x0000000080003ae8 (0x002181b3) add     gp, gp, sp
core   0: 3 0x0000000080003ae8 (0x002181b3) x3  0x000000008000b010
core   0: 0x0000000080003aec (0xcb01ae07) flw     ft8, -848(gp)
core   0: 3 0x0000000080003aec (0xcb01ae07) f28 0xffffffff0380ffff mem 0x000000008000acc0
core   0: 0x0000000080003af0 (0x402181b3) sub     gp, gp, sp
core   0: 3 0x0000000080003af0 (0x402181b3) x3  0x000000008000a010
core   0: 0x0000000080003af4 (0x00000113) li      sp, 0
core   0: 3 0x0000000080003af4 (0x00000113) x2  0x0000000000000000
core   0: 0x0000000080003af8 (0x00311073) csrw    fcsr, sp
core   0: 3 0x0000000080003af8 (0x00311073) c1_fflags 0x0000000000000000 c2_frm 0x0000000000000000
core   0: 0x0000000080003afc (0xe1df7fc3) fmadd.s ft11, ft10, ft9, ft8
core   0: 3 0x0000000080003afc (0xe1df7fc3) f31 0xffffffff0380ffff
core   0: 0x0000000080003b00 (0x00302273) csrr    tp, fcsr
core   0: 3 0x0000000080003b00 (0x00302273) x4  0x0000000000000000
core   0: 0x0000000080003b04 (0x0ff0a027) fsw     ft11, 224(ra)
core   0: 3 0x0000000080003b04 (0x0ff0a027) mem 0x000000008000d1f8 0x0380ffff
core   0: 0x0000000080003b08 (0x0e40b423) sd      tp, 232(ra)
core   0: 3 0x0000000080003b08 (0x0e40b423) mem 0x000000008000d200 0x0000000000000000
core   0: >>>>  inst_37903
core   0: 0x0000000080003b0c (0x00100113) li      sp, 1
core   0: 3 0x0000000080003b0c (0x00100113) x2  0x0000000000000001
core   0: 0x0000000080003b10 (0x00c11113) slli    sp, sp, 12
core   0: 3 0x0000000080003b10 (0x00c11113) x2  0x0000000000001000
core   0: 0x0000000080003b14 (0x002181b3) add     gp, gp, sp
core   0: 3 0x0000000080003b14 (0x002181b3) x3  0x000000008000b010
core   0: 0x0000000080003b18 (0xcb41af07) flw     ft10, -844(gp)
core   0: 3 0x0000000080003b18 (0xcb41af07) f30 0xffffffff7f3d7291 mem 0x000000008000acc4
core   0: 0x0000000080003b1c (0x402181b3) sub     gp, gp, sp
core   0: 3 0x0000000080003b1c (0x402181b3) x3  0x000000008000a010
core   0: 0x0000000080003b20 (0x00100113) li      sp, 1
core   0: 3 0x0000000080003b20 (0x00100113) x2  0x0000000000000001
core   0: 0x0000000080003b24 (0x00c11113) slli    sp, sp, 12
core   0: 3 0x0000000080003b24 (0x00c11113) x2  0x0000000000001000
core   0: 0x0000000080003b28 (0x002181b3) add     gp, gp, sp
core   0: 3 0x0000000080003b28 (0x002181b3) x3  0x000000008000b010
core   0: 0x0000000080003b2c (0xcb81ae87) flw     ft9, -840(gp)
core   0: 3 0x0000000080003b2c (0xcb81ae87) f29 0xffffffff00000000 mem 0x000000008000acc8
core   0: 0x0000000080003b30 (0x402181b3) sub     gp, gp, sp
core   0: 3 0x0000000080003b30 (0x402181b3) x3  0x000000008000a010
core   0: 0x0000000080003b34 (0x00100113) li      sp, 1
core   0: 3 0x0000000080003b34 (0x00100113) x2  0x0000000000000001
core   0: 0x0000000080003b38 (0x00c11113) slli    sp, sp, 12
core   0: 3 0x0000000080003b38 (0x00c11113) x2  0x0000000000001000
core   0: 0x0000000080003b3c (0x002181b3) add     gp, gp, sp
core   0: 3 0x0000000080003b3c (0x002181b3) x3  0x000000008000b010
core   0: 0x0000000080003b40 (0xcbc1ae07) flw     ft8, -836(gp)
core   0: 3 0x0000000080003b40 (0xcbc1ae07) f28 0xffffffff0381ffff mem 0x000000008000accc
core   0: 0x0000000080003b44 (0x402181b3) sub     gp, gp, sp
core   0: 3 0x0000000080003b44 (0x402181b3) x3  0x000000008000a010
core   0: 0x0000000080003b48 (0x00000113) li      sp, 0
core   0: 3 0x0000000080003b48 (0x00000113) x2  0x0000000000000000
core   0: 0x0000000080003b4c (0x00311073) csrw    fcsr, sp
core   0: 3 0x0000000080003b4c (0x00311073) c1_fflags 0x0000000000000000 c2_frm 0x0000000000000000
core   0: 0x0000000080003b50 (0xe1df7fc3) fmadd.s ft11, ft10, ft9, ft8
core   0: 3 0x0000000080003b50 (0xe1df7fc3) f31 0xffffffff0381ffff
core   0: 0x0000000080003b54 (0x00302273) csrr    tp, fcsr
core   0: 3 0x0000000080003b54 (0x00302273) x4  0x0000000000000000
core   0: 0x0000000080003b58 (0x0ff0a827) fsw     ft11, 240(ra)
core   0: 3 0x0000000080003b58 (0x0ff0a827) mem 0x000000008000d208 0x0381ffff
core   0: 0x0000000080003b5c (0x0e40bc23) sd      tp, 248(ra)
core   0: 3 0x0000000080003b5c (0x0e40bc23) mem 0x000000008000d210 0x0000000000000000
core   0: >>>>  inst_37904
core   0: 0x0000000080003b60 (0x00100113) li      sp, 1
core   0: 3 0x0000000080003b60 (0x00100113) x2  0x0000000000000001
core   0: 0x0000000080003b64 (0x00c11113) slli    sp, sp, 12
core   0: 3 0x0000000080003b64 (0x00c11113) x2  0x0000000000001000
core   0: 0x0000000080003b68 (0x002181b3) add     gp, gp, sp
core   0: 3 0x0000000080003b68 (0x002181b3) x3  0x000000008000b010
core   0: 0x0000000080003b6c (0xcc01af07) flw     ft10, -832(gp)
core   0: 3 0x0000000080003b6c (0xcc01af07) f30 0xffffffff7f3d7291 mem 0x000000008000acd0
core   0: 0x0000000080003b70 (0x402181b3) sub     gp, gp, sp
core   0: 3 0x0000000080003b70 (0x402181b3) x3  0x000000008000a010
core   0: 0x0000000080003b74 (0x00100113) li      sp, 1
core   0: 3 0x0000000080003b74 (0x00100113) x2  0x0000000000000001
core   0: 0x0000000080003b78 (0x00c11113) slli    sp, sp, 12
core   0: 3 0x0000000080003b78 (0x00c11113) x2  0x0000000000001000
core   0: 0x0000000080003b7c (0x002181b3) add     gp, gp, sp
core   0: 3 0x0000000080003b7c (0x002181b3) x3  0x000000008000b010
core   0: 0x0000000080003b80 (0xcc41ae87) flw     ft9, -828(gp)
core   0: 3 0x0000000080003b80 (0xcc41ae87) f29 0xffffffff00000000 mem 0x000000008000acd4
core   0: 0x0000000080003b84 (0x402181b3) sub     gp, gp, sp
core   0: 3 0x0000000080003b84 (0x402181b3) x3  0x000000008000a010
core   0: 0x0000000080003b88 (0x00100113) li      sp, 1
core   0: 3 0x0000000080003b88 (0x00100113) x2  0x0000000000000001
core   0: 0x0000000080003b8c (0x00c11113) slli    sp, sp, 12
core   0: 3 0x0000000080003b8c (0x00c11113) x2  0x0000000000001000
core   0: 0x0000000080003b90 (0x002181b3) add     gp, gp, sp
core   0: 3 0x0000000080003b90 (0x002181b3) x3  0x000000008000b010
core   0: 0x0000000080003b94 (0xcc81ae07) flw     ft8, -824(gp)
core   0: 3 0x0000000080003b94 (0xcc81ae07) f28 0xffffffff0383ffff mem 0x000000008000acd8
core   0: 0x0000000080003b98 (0x402181b3) sub     gp, gp, sp
core   0: 3 0x0000000080003b98 (0x402181b3) x3  0x000000008000a010
core   0: 0x0000000080003b9c (0x00000113) li      sp, 0
core   0: 3 0x0000000080003b9c (0x00000113) x2  0x0000000000000000
core   0: 0x0000000080003ba0 (0x00311073) csrw    fcsr, sp
core   0: 3 0x0000000080003ba0 (0x00311073) c1_fflags 0x0000000000000000 c2_frm 0x0000000000000000
core   0: 0x0000000080003ba4 (0xe1df7fc3) fmadd.s ft11, ft10, ft9, ft8
core   0: 3 0x0000000080003ba4 (0xe1df7fc3) f31 0xffffffff0383ffff
core   0: 0x0000000080003ba8 (0x00302273) csrr    tp, fcsr
core   0: 3 0x0000000080003ba8 (0x00302273) x4  0x0000000000000000
core   0: 0x0000000080003bac (0x11f0a027) fsw     ft11, 256(ra)
core   0: 3 0x0000000080003bac (0x11f0a027) mem 0x000000008000d218 0x0383ffff
core   0: 0x0000000080003bb0 (0x1040b423) sd      tp, 264(ra)
core   0: 3 0x0000000080003bb0 (0x1040b423) mem 0x000000008000d220 0x0000000000000000
core   0: >>>>  inst_37905
core   0: 0x0000000080003bb4 (0x00100113) li      sp, 1
core   0: 3 0x0000000080003bb4 (0x00100113) x2  0x0000000000000001
core   0: 0x0000000080003bb8 (0x00c11113) slli    sp, sp, 12
core   0: 3 0x0000000080003bb8 (0x00c11113) x2  0x0000000000001000
core   0: 0x0000000080003bbc (0x002181b3) add     gp, gp, sp
core   0: 3 0x0000000080003bbc (0x002181b3) x3  0x000000008000b010
core   0: 0x0000000080003bc0 (0xccc1af07) flw     ft10, -820(gp)
core   0: 3 0x0000000080003bc0 (0xccc1af07) f30 0xffffffff7f3d7291 mem 0x000000008000acdc
core   0: 0x0000000080003bc4 (0x402181b3) sub     gp, gp, sp
core   0: 3 0x0000000080003bc4 (0x402181b3) x3  0x000000008000a010
core   0: 0x0000000080003bc8 (0x00100113) li      sp, 1
core   0: 3 0x0000000080003bc8 (0x00100113) x2  0x0000000000000001
core   0: 0x0000000080003bcc (0x00c11113) slli    sp, sp, 12
core   0: 3 0x0000000080003bcc (0x00c11113) x2  0x0000000000001000
core   0: 0x0000000080003bd0 (0x002181b3) add     gp, gp, sp
core   0: 3 0x0000000080003bd0 (0x002181b3) x3  0x000000008000b010
core   0: 0x0000000080003bd4 (0xcd01ae87) flw     ft9, -816(gp)
core   0: 3 0x0000000080003bd4 (0xcd01ae87) f29 0xffffffff00000000 mem 0x000000008000ace0
core   0: 0x0000000080003bd8 (0x402181b3) sub     gp, gp, sp
core   0: 3 0x0000000080003bd8 (0x402181b3) x3  0x000000008000a010
core   0: 0x0000000080003bdc (0x00100113) li      sp, 1
core   0: 3 0x0000000080003bdc (0x00100113) x2  0x0000000000000001
core   0: 0x0000000080003be0 (0x00c11113) slli    sp, sp, 12
core   0: 3 0x0000000080003be0 (0x00c11113) x2  0x0000000000001000
core   0: 0x0000000080003be4 (0x002181b3) add     gp, gp, sp
core   0: 3 0x0000000080003be4 (0x002181b3) x3  0x000000008000b010
core   0: 0x0000000080003be8 (0xcd41ae07) flw     ft8, -812(gp)
core   0: 3 0x0000000080003be8 (0xcd41ae07) f28 0xffffffff0387ffff mem 0x000000008000ace4
core   0: 0x0000000080003bec (0x402181b3) sub     gp, gp, sp
core   0: 3 0x0000000080003bec (0x402181b3) x3  0x000000008000a010
core   0: 0x0000000080003bf0 (0x00000113) li      sp, 0
core   0: 3 0x0000000080003bf0 (0x00000113) x2  0x0000000000000000
core   0: 0x0000000080003bf4 (0x00311073) csrw    fcsr, sp
core   0: 3 0x0000000080003bf4 (0x00311073) c1_fflags 0x0000000000000000 c2_frm 0x0000000000000000
core   0: 0x0000000080003bf8 (0xe1df7fc3) fmadd.s ft11, ft10, ft9, ft8
core   0: 3 0x0000000080003bf8 (0xe1df7fc3) f31 0xffffffff0387ffff
core   0: 0x0000000080003bfc (0x00302273) csrr    tp, fcsr
core   0: 3 0x0000000080003bfc (0x00302273) x4  0x0000000000000000
core   0: 0x0000000080003c00 (0x11f0a827) fsw     ft11, 272(ra)
core   0: 3 0x0000000080003c00 (0x11f0a827) mem 0x000000008000d228 0x0387ffff
core   0: 0x0000000080003c04 (0x1040bc23) sd      tp, 280(ra)
core   0: 3 0x0000000080003c04 (0x1040bc23) mem 0x000000008000d230 0x0000000000000000
core   0: >>>>  inst_37906
core   0: 0x0000000080003c08 (0x00100113) li      sp, 1
core   0: 3 0x0000000080003c08 (0x00100113) x2  0x0000000000000001
core   0: 0x0000000080003c0c (0x00c11113) slli    sp, sp, 12
core   0: 3 0x0000000080003c0c (0x00c11113) x2  0x0000000000001000
core   0: 0x0000000080003c10 (0x002181b3) add     gp, gp, sp
core   0: 3 0x0000000080003c10 (0x002181b3) x3  0x000000008000b010
core   0: 0x0000000080003c14 (0xcd81af07) flw     ft10, -808(gp)
core   0: 3 0x0000000080003c14 (0xcd81af07) f30 0xffffffff7f3d7291 mem 0x000000008000ace8
core   0: 0x0000000080003c18 (0x402181b3) sub     gp, gp, sp
core   0: 3 0x0000000080003c18 (0x402181b3) x3  0x000000008000a010
core   0: 0x0000000080003c1c (0x00100113) li      sp, 1
core   0: 3 0x0000000080003c1c (0x00100113) x2  0x0000000000000001
core   0: 0x0000000080003c20 (0x00c11113) slli    sp, sp, 12
core   0: 3 0x0000000080003c20 (0x00c11113) x2  0x0000000000001000
core   0: 0x0000000080003c24 (0x002181b3) add     gp, gp, sp
core   0: 3 0x0000000080003c24 (0x002181b3) x3  0x000000008000b010
core   0: 0x0000000080003c28 (0xcdc1ae87) flw     ft9, -804(gp)
core   0: 3 0x0000000080003c28 (0xcdc1ae87) f29 0xffffffff00000000 mem 0x000000008000acec
core   0: 0x0000000080003c2c (0x402181b3) sub     gp, gp, sp
core   0: 3 0x0000000080003c2c (0x402181b3) x3  0x000000008000a010
core   0: 0x0000000080003c30 (0x00100113) li      sp, 1
core   0: 3 0x0000000080003c30 (0x00100113) x2  0x0000000000000001
core   0: 0x0000000080003c34 (0x00c11113) slli    sp, sp, 12
core   0: 3 0x0000000080003c34 (0x00c11113) x2  0x0000000000001000
core   0: 0x0000000080003c38 (0x002181b3) add     gp, gp, sp
core   0: 3 0x0000000080003c38 (0x002181b3) x3  0x000000008000b010
core   0: 0x0000000080003c3c (0xce01ae07) flw     ft8, -800(gp)
core   0: 3 0x0000000080003c3c (0xce01ae07) f28 0xffffffff038fffff mem 0x000000008000acf0
core   0: 0x0000000080003c40 (0x402181b3) sub     gp, gp, sp
core   0: 3 0x0000000080003c40 (0x402181b3) x3  0x000000008000a010
core   0: 0x0000000080003c44 (0x00000113) li      sp, 0
core   0: 3 0x0000000080003c44 (0x00000113) x2  0x0000000000000000
core   0: 0x0000000080003c48 (0x00311073) csrw    fcsr, sp
core   0: 3 0x0000000080003c48 (0x00311073) c1_fflags 0x0000000000000000 c2_frm 0x0000000000000000
core   0: 0x0000000080003c4c (0xe1df7fc3) fmadd.s ft11, ft10, ft9, ft8
core   0: 3 0x0000000080003c4c (0xe1df7fc3) f31 0xffffffff038fffff
core   0: 0x0000000080003c50 (0x00302273) csrr    tp, fcsr
core   0: 3 0x0000000080003c50 (0x00302273) x4  0x0000000000000000
core   0: 0x0000000080003c54 (0x13f0a027) fsw     ft11, 288(ra)
core   0: 3 0x0000000080003c54 (0x13f0a027) mem 0x000000008000d238 0x038fffff
core   0: 0x0000000080003c58 (0x1240b423) sd      tp, 296(ra)
core   0: 3 0x0000000080003c58 (0x1240b423) mem 0x000000008000d240 0x0000000000000000
core   0: >>>>  inst_37907
core   0: 0x0000000080003c5c (0x00100113) li      sp, 1
core   0: 3 0x0000000080003c5c (0x00100113) x2  0x0000000000000001
core   0: 0x0000000080003c60 (0x00c11113) slli    sp, sp, 12
core   0: 3 0x0000000080003c60 (0x00c11113) x2  0x0000000000001000
core   0: 0x0000000080003c64 (0x002181b3) add     gp, gp, sp
core   0: 3 0x0000000080003c64 (0x002181b3) x3  0x000000008000b010
core   0: 0x0000000080003c68 (0xce41af07) flw     ft10, -796(gp)
core   0: 3 0x0000000080003c68 (0xce41af07) f30 0xffffffff7f3d7291 mem 0x000000008000acf4
core   0: 0x0000000080003c6c (0x402181b3) sub     gp, gp, sp
core   0: 3 0x0000000080003c6c (0x402181b3) x3  0x000000008000a010
core   0: 0x0000000080003c70 (0x00100113) li      sp, 1
core   0: 3 0x0000000080003c70 (0x00100113) x2  0x0000000000000001
core   0: 0x0000000080003c74 (0x00c11113) slli    sp, sp, 12
core   0: 3 0x0000000080003c74 (0x00c11113) x2  0x0000000000001000
core   0: 0x0000000080003c78 (0x002181b3) add     gp, gp, sp
core   0: 3 0x0000000080003c78 (0x002181b3) x3  0x000000008000b010
core   0: 0x0000000080003c7c (0xce81ae87) flw     ft9, -792(gp)
core   0: 3 0x0000000080003c7c (0xce81ae87) f29 0xffffffff00000000 mem 0x000000008000acf8
core   0: 0x0000000080003c80 (0x402181b3) sub     gp, gp, sp
core   0: 3 0x0000000080003c80 (0x402181b3) x3  0x000000008000a010
core   0: 0x0000000080003c84 (0x00100113) li      sp, 1
core   0: 3 0x0000000080003c84 (0x00100113) x2  0x0000000000000001
core   0: 0x0000000080003c88 (0x00c11113) slli    sp, sp, 12
core   0: 3 0x0000000080003c88 (0x00c11113) x2  0x0000000000001000
core   0: 0x0000000080003c8c (0x002181b3) add     gp, gp, sp
core   0: 3 0x0000000080003c8c (0x002181b3) x3  0x000000008000b010
core   0: 0x0000000080003c90 (0xcec1ae07) flw     ft8, -788(gp)
core   0: 3 0x0000000080003c90 (0xcec1ae07) f28 0xffffffff039fffff mem 0x000000008000acfc
core   0: 0x0000000080003c94 (0x402181b3) sub     gp, gp, sp
core   0: 3 0x0000000080003c94 (0x402181b3) x3  0x000000008000a010
core   0: 0x0000000080003c98 (0x00000113) li      sp, 0
core   0: 3 0x0000000080003c98 (0x00000113) x2  0x0000000000000000
core   0: 0x0000000080003c9c (0x00311073) csrw    fcsr, sp
core   0: 3 0x0000000080003c9c (0x00311073) c1_fflags 0x0000000000000000 c2_frm 0x0000000000000000
core   0: 0x0000000080003ca0 (0xe1df7fc3) fmadd.s ft11, ft10, ft9, ft8
core   0: 3 0x0000000080003ca0 (0xe1df7fc3) f31 0xffffffff039fffff
core   0: 0x0000000080003ca4 (0x00302273) csrr    tp, fcsr
core   0: 3 0x0000000080003ca4 (0x00302273) x4  0x0000000000000000
core   0: 0x0000000080003ca8 (0x13f0a827) fsw     ft11, 304(ra)
core   0: 3 0x0000000080003ca8 (0x13f0a827) mem 0x000000008000d248 0x039fffff
core   0: 0x0000000080003cac (0x1240bc23) sd      tp, 312(ra)
core   0: 3 0x0000000080003cac (0x1240bc23) mem 0x000000008000d250 0x0000000000000000
core   0: >>>>  inst_37908
core   0: 0x0000000080003cb0 (0x00100113) li      sp, 1
core   0: 3 0x0000000080003cb0 (0x00100113) x2  0x0000000000000001
core   0: 0x0000000080003cb4 (0x00c11113) slli    sp, sp, 12
core   0: 3 0x0000000080003cb4 (0x00c11113) x2  0x0000000000001000
core   0: 0x0000000080003cb8 (0x002181b3) add     gp, gp, sp
core   0: 3 0x0000000080003cb8 (0x002181b3) x3  0x000000008000b010
core   0: 0x0000000080003cbc (0xcf01af07) flw     ft10, -784(gp)
core   0: 3 0x0000000080003cbc (0xcf01af07) f30 0xffffffff7f3d7291 mem 0x000000008000ad00
core   0: 0x0000000080003cc0 (0x402181b3) sub     gp, gp, sp
core   0: 3 0x0000000080003cc0 (0x402181b3) x3  0x000000008000a010
core   0: 0x0000000080003cc4 (0x00100113) li      sp, 1
core   0: 3 0x0000000080003cc4 (0x00100113) x2  0x0000000000000001
core   0: 0x0000000080003cc8 (0x00c11113) slli    sp, sp, 12
core   0: 3 0x0000000080003cc8 (0x00c11113) x2  0x0000000000001000
core   0: 0x0000000080003ccc (0x002181b3) add     gp, gp, sp
core   0: 3 0x0000000080003ccc (0x002181b3) x3  0x000000008000b010
core   0: 0x0000000080003cd0 (0xcf41ae87) flw     ft9, -780(gp)
core   0: 3 0x0000000080003cd0 (0xcf41ae87) f29 0xffffffff00000000 mem 0x000000008000ad04
core   0: 0x0000000080003cd4 (0x402181b3) sub     gp, gp, sp
core   0: 3 0x0000000080003cd4 (0x402181b3) x3  0x000000008000a010
core   0: 0x0000000080003cd8 (0x00100113) li      sp, 1
core   0: 3 0x0000000080003cd8 (0x00100113) x2  0x0000000000000001
core   0: 0x0000000080003cdc (0x00c11113) slli    sp, sp, 12
core   0: 3 0x0000000080003cdc (0x00c11113) x2  0x0000000000001000
core   0: 0x0000000080003ce0 (0x002181b3) add     gp, gp, sp
core   0: 3 0x0000000080003ce0 (0x002181b3) x3  0x000000008000b010
core   0: 0x0000000080003ce4 (0xcf81ae07) flw     ft8, -776(gp)
core   0: 3 0x0000000080003ce4 (0xcf81ae07) f28 0xffffffff03bfffff mem 0x000000008000ad08
core   0: 0x0000000080003ce8 (0x402181b3) sub     gp, gp, sp
core   0: 3 0x0000000080003ce8 (0x402181b3) x3  0x000000008000a010
core   0: 0x0000000080003cec (0x00000113) li      sp, 0
core   0: 3 0x0000000080003cec (0x00000113) x2  0x0000000000000000
core   0: 0x0000000080003cf0 (0x00311073) csrw    fcsr, sp
core   0: 3 0x0000000080003cf0 (0x00311073) c1_fflags 0x0000000000000000 c2_frm 0x0000000000000000
core   0: 0x0000000080003cf4 (0xe1df7fc3) fmadd.s ft11, ft10, ft9, ft8
core   0: 3 0x0000000080003cf4 (0xe1df7fc3) f31 0xffffffff03bfffff
core   0: 0x0000000080003cf8 (0x00302273) csrr    tp, fcsr
core   0: 3 0x0000000080003cf8 (0x00302273) x4  0x0000000000000000
core   0: 0x0000000080003cfc (0x15f0a027) fsw     ft11, 320(ra)
core   0: 3 0x0000000080003cfc (0x15f0a027) mem 0x000000008000d258 0x03bfffff
core   0: 0x0000000080003d00 (0x1440b423) sd      tp, 328(ra)
core   0: 3 0x0000000080003d00 (0x1440b423) mem 0x000000008000d260 0x0000000000000000
core   0: >>>>  inst_37909
core   0: 0x0000000080003d04 (0x00100113) li      sp, 1
core   0: 3 0x0000000080003d04 (0x00100113) x2  0x0000000000000001
core   0: 0x0000000080003d08 (0x00c11113) slli    sp, sp, 12
core   0: 3 0x0000000080003d08 (0x00c11113) x2  0x0000000000001000
core   0: 0x0000000080003d0c (0x002181b3) add     gp, gp, sp
core   0: 3 0x0000000080003d0c (0x002181b3) x3  0x000000008000b010
core   0: 0x0000000080003d10 (0xcfc1af07) flw     ft10, -772(gp)
core   0: 3 0x0000000080003d10 (0xcfc1af07) f30 0xffffffff7f3d7291 mem 0x000000008000ad0c
core   0: 0x0000000080003d14 (0x402181b3) sub     gp, gp, sp
core   0: 3 0x0000000080003d14 (0x402181b3) x3  0x000000008000a010
core   0: 0x0000000080003d18 (0x00100113) li      sp, 1
core   0: 3 0x0000000080003d18 (0x00100113) x2  0x0000000000000001
core   0: 0x0000000080003d1c (0x00c11113) slli    sp, sp, 12
core   0: 3 0x0000000080003d1c (0x00c11113) x2  0x0000000000001000
core   0: 0x0000000080003d20 (0x002181b3) add     gp, gp, sp
core   0: 3 0x0000000080003d20 (0x002181b3) x3  0x000000008000b010
core   0: 0x0000000080003d24 (0xd001ae87) flw     ft9, -768(gp)
core   0: 3 0x0000000080003d24 (0xd001ae87) f29 0xffffffff00000000 mem 0x000000008000ad10
core   0: 0x0000000080003d28 (0x402181b3) sub     gp, gp, sp
core   0: 3 0x0000000080003d28 (0x402181b3) x3  0x000000008000a010
core   0: 0x0000000080003d2c (0x00100113) li      sp, 1
core   0: 3 0x0000000080003d2c (0x00100113) x2  0x0000000000000001
core   0: 0x0000000080003d30 (0x00c11113) slli    sp, sp, 12
core   0: 3 0x0000000080003d30 (0x00c11113) x2  0x0000000000001000
core   0: 0x0000000080003d34 (0x002181b3) add     gp, gp, sp
core   0: 3 0x0000000080003d34 (0x002181b3) x3  0x000000008000b010
core   0: 0x0000000080003d38 (0xd041ae07) flw     ft8, -764(gp)
core   0: 3 0x0000000080003d38 (0xd041ae07) f28 0xffffffff03c00000 mem 0x000000008000ad14
core   0: 0x0000000080003d3c (0x402181b3) sub     gp, gp, sp
core   0: 3 0x0000000080003d3c (0x402181b3) x3  0x000000008000a010
core   0: 0x0000000080003d40 (0x00000113) li      sp, 0
core   0: 3 0x0000000080003d40 (0x00000113) x2  0x0000000000000000
core   0: 0x0000000080003d44 (0x00311073) csrw    fcsr, sp
core   0: 3 0x0000000080003d44 (0x00311073) c1_fflags 0x0000000000000000 c2_frm 0x0000000000000000
core   0: 0x0000000080003d48 (0xe1df7fc3) fmadd.s ft11, ft10, ft9, ft8
core   0: 3 0x0000000080003d48 (0xe1df7fc3) f31 0xffffffff03c00000
core   0: 0x0000000080003d4c (0x00302273) csrr    tp, fcsr
core   0: 3 0x0000000080003d4c (0x00302273) x4  0x0000000000000000
core   0: 0x0000000080003d50 (0x15f0a827) fsw     ft11, 336(ra)
core   0: 3 0x0000000080003d50 (0x15f0a827) mem 0x000000008000d268 0x03c00000
core   0: 0x0000000080003d54 (0x1440bc23) sd      tp, 344(ra)
core   0: 3 0x0000000080003d54 (0x1440bc23) mem 0x000000008000d270 0x0000000000000000
core   0: >>>>  inst_37910
core   0: 0x0000000080003d58 (0x00100113) li      sp, 1
core   0: 3 0x0000000080003d58 (0x00100113) x2  0x0000000000000001
core   0: 0x0000000080003d5c (0x00c11113) slli    sp, sp, 12
core   0: 3 0x0000000080003d5c (0x00c11113) x2  0x0000000000001000
core   0: 0x0000000080003d60 (0x002181b3) add     gp, gp, sp
core   0: 3 0x0000000080003d60 (0x002181b3) x3  0x000000008000b010
core   0: 0x0000000080003d64 (0xd081af07) flw     ft10, -760(gp)
core   0: 3 0x0000000080003d64 (0xd081af07) f30 0xffffffff7f3d7291 mem 0x000000008000ad18
core   0: 0x0000000080003d68 (0x402181b3) sub     gp, gp, sp
core   0: 3 0x0000000080003d68 (0x402181b3) x3  0x000000008000a010
core   0: 0x0000000080003d6c (0x00100113) li      sp, 1
core   0: 3 0x0000000080003d6c (0x00100113) x2  0x0000000000000001
core   0: 0x0000000080003d70 (0x00c11113) slli    sp, sp, 12
core   0: 3 0x0000000080003d70 (0x00c11113) x2  0x0000000000001000
core   0: 0x0000000080003d74 (0x002181b3) add     gp, gp, sp
core   0: 3 0x0000000080003d74 (0x002181b3) x3  0x000000008000b010
core   0: 0x0000000080003d78 (0xd0c1ae87) flw     ft9, -756(gp)
core   0: 3 0x0000000080003d78 (0xd0c1ae87) f29 0xffffffff00000000 mem 0x000000008000ad1c
core   0: 0x0000000080003d7c (0x402181b3) sub     gp, gp, sp
core   0: 3 0x0000000080003d7c (0x402181b3) x3  0x000000008000a010
core   0: 0x0000000080003d80 (0x00100113) li      sp, 1
core   0: 3 0x0000000080003d80 (0x00100113) x2  0x0000000000000001
core   0: 0x0000000080003d84 (0x00c11113) slli    sp, sp, 12
core   0: 3 0x0000000080003d84 (0x00c11113) x2  0x0000000000001000
core   0: 0x0000000080003d88 (0x002181b3) add     gp, gp, sp
core   0: 3 0x0000000080003d88 (0x002181b3) x3  0x000000008000b010
core   0: 0x0000000080003d8c (0xd101ae07) flw     ft8, -752(gp)
core   0: 3 0x0000000080003d8c (0xd101ae07) f28 0xffffffff03e00000 mem 0x000000008000ad20
core   0: 0x0000000080003d90 (0x402181b3) sub     gp, gp, sp
core   0: 3 0x0000000080003d90 (0x402181b3) x3  0x000000008000a010
core   0: 0x0000000080003d94 (0x00000113) li      sp, 0
core   0: 3 0x0000000080003d94 (0x00000113) x2  0x0000000000000000
core   0: 0x0000000080003d98 (0x00311073) csrw    fcsr, sp
core   0: 3 0x0000000080003d98 (0x00311073) c1_fflags 0x0000000000000000 c2_frm 0x0000000000000000
core   0: 0x0000000080003d9c (0xe1df7fc3) fmadd.s ft11, ft10, ft9, ft8
core   0: 3 0x0000000080003d9c (0xe1df7fc3) f31 0xffffffff03e00000
core   0: 0x0000000080003da0 (0x00302273) csrr    tp, fcsr
core   0: 3 0x0000000080003da0 (0x00302273) x4  0x0000000000000000
core   0: 0x0000000080003da4 (0x17f0a027) fsw     ft11, 352(ra)
core   0: 3 0x0000000080003da4 (0x17f0a027) mem 0x000000008000d278 0x03e00000
core   0: 0x0000000080003da8 (0x1640b423) sd      tp, 360(ra)
core   0: 3 0x0000000080003da8 (0x1640b423) mem 0x000000008000d280 0x0000000000000000
core   0: >>>>  inst_37911
core   0: 0x0000000080003dac (0x00100113) li      sp, 1
core   0: 3 0x0000000080003dac (0x00100113) x2  0x0000000000000001
core   0: 0x0000000080003db0 (0x00c11113) slli    sp, sp, 12
core   0: 3 0x0000000080003db0 (0x00c11113) x2  0x0000000000001000
core   0: 0x0000000080003db4 (0x002181b3) add     gp, gp, sp
core   0: 3 0x0000000080003db4 (0x002181b3) x3  0x000000008000b010
core   0: 0x0000000080003db8 (0xd141af07) flw     ft10, -748(gp)
core   0: 3 0x0000000080003db8 (0xd141af07) f30 0xffffffff7f3d7291 mem 0x000000008000ad24
core   0: 0x0000000080003dbc (0x402181b3) sub     gp, gp, sp
core   0: 3 0x0000000080003dbc (0x402181b3) x3  0x000000008000a010
core   0: 0x0000000080003dc0 (0x00100113) li      sp, 1
core   0: 3 0x0000000080003dc0 (0x00100113) x2  0x0000000000000001
core   0: 0x0000000080003dc4 (0x00c11113) slli    sp, sp, 12
core   0: 3 0x0000000080003dc4 (0x00c11113) x2  0x0000000000001000
core   0: 0x0000000080003dc8 (0x002181b3) add     gp, gp, sp
core   0: 3 0x0000000080003dc8 (0x002181b3) x3  0x000000008000b010
core   0: 0x0000000080003dcc (0xd181ae87) flw     ft9, -744(gp)
core   0: 3 0x0000000080003dcc (0xd181ae87) f29 0xffffffff00000000 mem 0x000000008000ad28
core   0: 0x0000000080003dd0 (0x402181b3) sub     gp, gp, sp
core   0: 3 0x0000000080003dd0 (0x402181b3) x3  0x000000008000a010
core   0: 0x0000000080003dd4 (0x00100113) li      sp, 1
core   0: 3 0x0000000080003dd4 (0x00100113) x2  0x0000000000000001
core   0: 0x0000000080003dd8 (0x00c11113) slli    sp, sp, 12
core   0: 3 0x0000000080003dd8 (0x00c11113) x2  0x0000000000001000
core   0: 0x0000000080003ddc (0x002181b3) add     gp, gp, sp
core   0: 3 0x0000000080003ddc (0x002181b3) x3  0x000000008000b010
core   0: 0x0000000080003de0 (0xd1c1ae07) flw     ft8, -740(gp)
core   0: 3 0x0000000080003de0 (0xd1c1ae07) f28 0xffffffff03f00000 mem 0x000000008000ad2c
core   0: 0x0000000080003de4 (0x402181b3) sub     gp, gp, sp
core   0: 3 0x0000000080003de4 (0x402181b3) x3  0x000000008000a010
core   0: 0x0000000080003de8 (0x00000113) li      sp, 0
core   0: 3 0x0000000080003de8 (0x00000113) x2  0x0000000000000000
core   0: 0x0000000080003dec (0x00311073) csrw    fcsr, sp
core   0: 3 0x0000000080003dec (0x00311073) c1_fflags 0x0000000000000000 c2_frm 0x0000000000000000
core   0: 0x0000000080003df0 (0xe1df7fc3) fmadd.s ft11, ft10, ft9, ft8
core   0: 3 0x0000000080003df0 (0xe1df7fc3) f31 0xffffffff03f00000
core   0: 0x0000000080003df4 (0x00302273) csrr    tp, fcsr
core   0: 3 0x0000000080003df4 (0x00302273) x4  0x0000000000000000
core   0: 0x0000000080003df8 (0x17f0a827) fsw     ft11, 368(ra)
core   0: 3 0x0000000080003df8 (0x17f0a827) mem 0x000000008000d288 0x03f00000
core   0: 0x0000000080003dfc (0x1640bc23) sd      tp, 376(ra)
core   0: 3 0x0000000080003dfc (0x1640bc23) mem 0x000000008000d290 0x0000000000000000
core   0: >>>>  inst_37912
core   0: 0x0000000080003e00 (0x00100113) li      sp, 1
core   0: 3 0x0000000080003e00 (0x00100113) x2  0x0000000000000001
core   0: 0x0000000080003e04 (0x00c11113) slli    sp, sp, 12
core   0: 3 0x0000000080003e04 (0x00c11113) x2  0x0000000000001000
core   0: 0x0000000080003e08 (0x002181b3) add     gp, gp, sp
core   0: 3 0x0000000080003e08 (0x002181b3) x3  0x000000008000b010
core   0: 0x0000000080003e0c (0xd201af07) flw     ft10, -736(gp)
core   0: 3 0x0000000080003e0c (0xd201af07) f30 0xffffffff7f3d7291 mem 0x000000008000ad30
core   0: 0x0000000080003e10 (0x402181b3) sub     gp, gp, sp
core   0: 3 0x0000000080003e10 (0x402181b3) x3  0x000000008000a010
core   0: 0x0000000080003e14 (0x00100113) li      sp, 1
core   0: 3 0x0000000080003e14 (0x00100113) x2  0x0000000000000001
core   0: 0x0000000080003e18 (0x00c11113) slli    sp, sp, 12
core   0: 3 0x0000000080003e18 (0x00c11113) x2  0x0000000000001000
core   0: 0x0000000080003e1c (0x002181b3) add     gp, gp, sp
core   0: 3 0x0000000080003e1c (0x002181b3) x3  0x000000008000b010
core   0: 0x0000000080003e20 (0xd241ae87) flw     ft9, -732(gp)
core   0: 3 0x0000000080003e20 (0xd241ae87) f29 0xffffffff00000000 mem 0x000000008000ad34
core   0: 0x0000000080003e24 (0x402181b3) sub     gp, gp, sp
core   0: 3 0x0000000080003e24 (0x402181b3) x3  0x000000008000a010
core   0: 0x0000000080003e28 (0x00100113) li      sp, 1
core   0: 3 0x0000000080003e28 (0x00100113) x2  0x0000000000000001
core   0: 0x0000000080003e2c (0x00c11113) slli    sp, sp, 12
core   0: 3 0x0000000080003e2c (0x00c11113) x2  0x0000000000001000
core   0: 0x0000000080003e30 (0x002181b3) add     gp, gp, sp
core   0: 3 0x0000000080003e30 (0x002181b3) x3  0x000000008000b010
core   0: 0x0000000080003e34 (0xd281ae07) flw     ft8, -728(gp)
core   0: 3 0x0000000080003e34 (0xd281ae07) f28 0xffffffff03f80000 mem 0x000000008000ad38
core   0: 0x0000000080003e38 (0x402181b3) sub     gp, gp, sp
core   0: 3 0x0000000080003e38 (0x402181b3) x3  0x000000008000a010
core   0: 0x0000000080003e3c (0x00000113) li      sp, 0
core   0: 3 0x0000000080003e3c (0x00000113) x2  0x0000000000000000
core   0: 0x0000000080003e40 (0x00311073) csrw    fcsr, sp
core   0: 3 0x0000000080003e40 (0x00311073) c1_fflags 0x0000000000000000 c2_frm 0x0000000000000000
core   0: 0x0000000080003e44 (0xe1df7fc3) fmadd.s ft11, ft10, ft9, ft8
core   0: 3 0x0000000080003e44 (0xe1df7fc3) f31 0xffffffff03f80000
core   0: 0x0000000080003e48 (0x00302273) csrr    tp, fcsr
core   0: 3 0x0000000080003e48 (0x00302273) x4  0x0000000000000000
core   0: 0x0000000080003e4c (0x19f0a027) fsw     ft11, 384(ra)
core   0: 3 0x0000000080003e4c (0x19f0a027) mem 0x000000008000d298 0x03f80000
core   0: 0x0000000080003e50 (0x1840b423) sd      tp, 392(ra)
core   0: 3 0x0000000080003e50 (0x1840b423) mem 0x000000008000d2a0 0x0000000000000000
core   0: >>>>  inst_37913
core   0: 0x0000000080003e54 (0x00100113) li      sp, 1
core   0: 3 0x0000000080003e54 (0x00100113) x2  0x0000000000000001
core   0: 0x0000000080003e58 (0x00c11113) slli    sp, sp, 12
core   0: 3 0x0000000080003e58 (0x00c11113) x2  0x0000000000001000
core   0: 0x0000000080003e5c (0x002181b3) add     gp, gp, sp
core   0: 3 0x0000000080003e5c (0x002181b3) x3  0x000000008000b010
core   0: 0x0000000080003e60 (0xd2c1af07) flw     ft10, -724(gp)
core   0: 3 0x0000000080003e60 (0xd2c1af07) f30 0xffffffff7f3d7291 mem 0x000000008000ad3c
core   0: 0x0000000080003e64 (0x402181b3) sub     gp, gp, sp
core   0: 3 0x0000000080003e64 (0x402181b3) x3  0x000000008000a010
core   0: 0x0000000080003e68 (0x00100113) li      sp, 1
core   0: 3 0x0000000080003e68 (0x00100113) x2  0x0000000000000001
core   0: 0x0000000080003e6c (0x00c11113) slli    sp, sp, 12
core   0: 3 0x0000000080003e6c (0x00c11113) x2  0x0000000000001000
core   0: 0x0000000080003e70 (0x002181b3) add     gp, gp, sp
core   0: 3 0x0000000080003e70 (0x002181b3) x3  0x000000008000b010
core   0: 0x0000000080003e74 (0xd301ae87) flw     ft9, -720(gp)
core   0: 3 0x0000000080003e74 (0xd301ae87) f29 0xffffffff00000000 mem 0x000000008000ad40
core   0: 0x0000000080003e78 (0x402181b3) sub     gp, gp, sp
core   0: 3 0x0000000080003e78 (0x402181b3) x3  0x000000008000a010
core   0: 0x0000000080003e7c (0x00100113) li      sp, 1
core   0: 3 0x0000000080003e7c (0x00100113) x2  0x0000000000000001
core   0: 0x0000000080003e80 (0x00c11113) slli    sp, sp, 12
core   0: 3 0x0000000080003e80 (0x00c11113) x2  0x0000000000001000
core   0: 0x0000000080003e84 (0x002181b3) add     gp, gp, sp
core   0: 3 0x0000000080003e84 (0x002181b3) x3  0x000000008000b010
core   0: 0x0000000080003e88 (0xd341ae07) flw     ft8, -716(gp)
core   0: 3 0x0000000080003e88 (0xd341ae07) f28 0xffffffff03fc0000 mem 0x000000008000ad44
core   0: 0x0000000080003e8c (0x402181b3) sub     gp, gp, sp
core   0: 3 0x0000000080003e8c (0x402181b3) x3  0x000000008000a010
core   0: 0x0000000080003e90 (0x00000113) li      sp, 0
core   0: 3 0x0000000080003e90 (0x00000113) x2  0x0000000000000000
core   0: 0x0000000080003e94 (0x00311073) csrw    fcsr, sp
core   0: 3 0x0000000080003e94 (0x00311073) c1_fflags 0x0000000000000000 c2_frm 0x0000000000000000
core   0: 0x0000000080003e98 (0xe1df7fc3) fmadd.s ft11, ft10, ft9, ft8
core   0: 3 0x0000000080003e98 (0xe1df7fc3) f31 0xffffffff03fc0000
core   0: 0x0000000080003e9c (0x00302273) csrr    tp, fcsr
core   0: 3 0x0000000080003e9c (0x00302273) x4  0x0000000000000000
core   0: 0x0000000080003ea0 (0x19f0a827) fsw     ft11, 400(ra)
core   0: 3 0x0000000080003ea0 (0x19f0a827) mem 0x000000008000d2a8 0x03fc0000
core   0: 0x0000000080003ea4 (0x1840bc23) sd      tp, 408(ra)
core   0: 3 0x0000000080003ea4 (0x1840bc23) mem 0x000000008000d2b0 0x0000000000000000
core   0: >>>>  inst_37914
core   0: 0x0000000080003ea8 (0x00100113) li      sp, 1
core   0: 3 0x0000000080003ea8 (0x00100113) x2  0x0000000000000001
core   0: 0x0000000080003eac (0x00c11113) slli    sp, sp, 12
core   0: 3 0x0000000080003eac (0x00c11113) x2  0x0000000000001000
core   0: 0x0000000080003eb0 (0x002181b3) add     gp, gp, sp
core   0: 3 0x0000000080003eb0 (0x002181b3) x3  0x000000008000b010
core   0: 0x0000000080003eb4 (0xd381af07) flw     ft10, -712(gp)
core   0: 3 0x0000000080003eb4 (0xd381af07) f30 0xffffffff7f3d7291 mem 0x000000008000ad48
core   0: 0x0000000080003eb8 (0x402181b3) sub     gp, gp, sp
core   0: 3 0x0000000080003eb8 (0x402181b3) x3  0x000000008000a010
core   0: 0x0000000080003ebc (0x00100113) li      sp, 1
core   0: 3 0x0000000080003ebc (0x00100113) x2  0x0000000000000001
core   0: 0x0000000080003ec0 (0x00c11113) slli    sp, sp, 12
core   0: 3 0x0000000080003ec0 (0x00c11113) x2  0x0000000000001000
core   0: 0x0000000080003ec4 (0x002181b3) add     gp, gp, sp
core   0: 3 0x0000000080003ec4 (0x002181b3) x3  0x000000008000b010
core   0: 0x0000000080003ec8 (0xd3c1ae87) flw     ft9, -708(gp)
core   0: 3 0x0000000080003ec8 (0xd3c1ae87) f29 0xffffffff00000000 mem 0x000000008000ad4c
core   0: 0x0000000080003ecc (0x402181b3) sub     gp, gp, sp
core   0: 3 0x0000000080003ecc (0x402181b3) x3  0x000000008000a010
core   0: 0x0000000080003ed0 (0x00100113) li      sp, 1
core   0: 3 0x0000000080003ed0 (0x00100113) x2  0x0000000000000001
core   0: 0x0000000080003ed4 (0x00c11113) slli    sp, sp, 12
core   0: 3 0x0000000080003ed4 (0x00c11113) x2  0x0000000000001000
core   0: 0x0000000080003ed8 (0x002181b3) add     gp, gp, sp
core   0: 3 0x0000000080003ed8 (0x002181b3) x3  0x000000008000b010
core   0: 0x0000000080003edc (0xd401ae07) flw     ft8, -704(gp)
core   0: 3 0x0000000080003edc (0xd401ae07) f28 0xffffffff03fe0000 mem 0x000000008000ad50
core   0: 0x0000000080003ee0 (0x402181b3) sub     gp, gp, sp
core   0: 3 0x0000000080003ee0 (0x402181b3) x3  0x000000008000a010
core   0: 0x0000000080003ee4 (0x00000113) li      sp, 0
core   0: 3 0x0000000080003ee4 (0x00000113) x2  0x0000000000000000
core   0: 0x0000000080003ee8 (0x00311073) csrw    fcsr, sp
core   0: 3 0x0000000080003ee8 (0x00311073) c1_fflags 0x0000000000000000 c2_frm 0x0000000000000000
core   0: 0x0000000080003eec (0xe1df7fc3) fmadd.s ft11, ft10, ft9, ft8
core   0: 3 0x0000000080003eec (0xe1df7fc3) f31 0xffffffff03fe0000
core   0: 0x0000000080003ef0 (0x00302273) csrr    tp, fcsr
core   0: 3 0x0000000080003ef0 (0x00302273) x4  0x0000000000000000
core   0: 0x0000000080003ef4 (0x1bf0a027) fsw     ft11, 416(ra)
core   0: 3 0x0000000080003ef4 (0x1bf0a027) mem 0x000000008000d2b8 0x03fe0000
core   0: 0x0000000080003ef8 (0x1a40b423) sd      tp, 424(ra)
core   0: 3 0x0000000080003ef8 (0x1a40b423) mem 0x000000008000d2c0 0x0000000000000000
core   0: >>>>  inst_37915
core   0: 0x0000000080003efc (0x00100113) li      sp, 1
core   0: 3 0x0000000080003efc (0x00100113) x2  0x0000000000000001
core   0: 0x0000000080003f00 (0x00c11113) slli    sp, sp, 12
core   0: 3 0x0000000080003f00 (0x00c11113) x2  0x0000000000001000
core   0: 0x0000000080003f04 (0x002181b3) add     gp, gp, sp
core   0: 3 0x0000000080003f04 (0x002181b3) x3  0x000000008000b010
core   0: 0x0000000080003f08 (0xd441af07) flw     ft10, -700(gp)
core   0: 3 0x0000000080003f08 (0xd441af07) f30 0xffffffff7f3d7291 mem 0x000000008000ad54
core   0: 0x0000000080003f0c (0x402181b3) sub     gp, gp, sp
core   0: 3 0x0000000080003f0c (0x402181b3) x3  0x000000008000a010
core   0: 0x0000000080003f10 (0x00100113) li      sp, 1
core   0: 3 0x0000000080003f10 (0x00100113) x2  0x0000000000000001
core   0: 0x0000000080003f14 (0x00c11113) slli    sp, sp, 12
core   0: 3 0x0000000080003f14 (0x00c11113) x2  0x0000000000001000
core   0: 0x0000000080003f18 (0x002181b3) add     gp, gp, sp
core   0: 3 0x0000000080003f18 (0x002181b3) x3  0x000000008000b010
core   0: 0x0000000080003f1c (0xd481ae87) flw     ft9, -696(gp)
core   0: 3 0x0000000080003f1c (0xd481ae87) f29 0xffffffff00000000 mem 0x000000008000ad58
core   0: 0x0000000080003f20 (0x402181b3) sub     gp, gp, sp
core   0: 3 0x0000000080003f20 (0x402181b3) x3  0x000000008000a010
core   0: 0x0000000080003f24 (0x00100113) li      sp, 1
core   0: 3 0x0000000080003f24 (0x00100113) x2  0x0000000000000001
core   0: 0x0000000080003f28 (0x00c11113) slli    sp, sp, 12
core   0: 3 0x0000000080003f28 (0x00c11113) x2  0x0000000000001000
core   0: 0x0000000080003f2c (0x002181b3) add     gp, gp, sp
core   0: 3 0x0000000080003f2c (0x002181b3) x3  0x000000008000b010
core   0: 0x0000000080003f30 (0xd4c1ae07) flw     ft8, -692(gp)
core   0: 3 0x0000000080003f30 (0xd4c1ae07) f28 0xffffffff03ff0000 mem 0x000000008000ad5c
core   0: 0x0000000080003f34 (0x402181b3) sub     gp, gp, sp
core   0: 3 0x0000000080003f34 (0x402181b3) x3  0x000000008000a010
core   0: 0x0000000080003f38 (0x00000113) li      sp, 0
core   0: 3 0x0000000080003f38 (0x00000113) x2  0x0000000000000000
core   0: 0x0000000080003f3c (0x00311073) csrw    fcsr, sp
core   0: 3 0x0000000080003f3c (0x00311073) c1_fflags 0x0000000000000000 c2_frm 0x0000000000000000
core   0: 0x0000000080003f40 (0xe1df7fc3) fmadd.s ft11, ft10, ft9, ft8
core   0: 3 0x0000000080003f40 (0xe1df7fc3) f31 0xffffffff03ff0000
core   0: 0x0000000080003f44 (0x00302273) csrr    tp, fcsr
core   0: 3 0x0000000080003f44 (0x00302273) x4  0x0000000000000000
core   0: 0x0000000080003f48 (0x1bf0a827) fsw     ft11, 432(ra)
core   0: 3 0x0000000080003f48 (0x1bf0a827) mem 0x000000008000d2c8 0x03ff0000
core   0: 0x0000000080003f4c (0x1a40bc23) sd      tp, 440(ra)
core   0: 3 0x0000000080003f4c (0x1a40bc23) mem 0x000000008000d2d0 0x0000000000000000
core   0: >>>>  inst_37916
core   0: 0x0000000080003f50 (0x00100113) li      sp, 1
core   0: 3 0x0000000080003f50 (0x00100113) x2  0x0000000000000001
core   0: 0x0000000080003f54 (0x00c11113) slli    sp, sp, 12
core   0: 3 0x0000000080003f54 (0x00c11113) x2  0x0000000000001000
core   0: 0x0000000080003f58 (0x002181b3) add     gp, gp, sp
core   0: 3 0x0000000080003f58 (0x002181b3) x3  0x000000008000b010
core   0: 0x0000000080003f5c (0xd501af07) flw     ft10, -688(gp)
core   0: 3 0x0000000080003f5c (0xd501af07) f30 0xffffffff7f3d7291 mem 0x000000008000ad60
core   0: 0x0000000080003f60 (0x402181b3) sub     gp, gp, sp
core   0: 3 0x0000000080003f60 (0x402181b3) x3  0x000000008000a010
core   0: 0x0000000080003f64 (0x00100113) li      sp, 1
core   0: 3 0x0000000080003f64 (0x00100113) x2  0x0000000000000001
core   0: 0x0000000080003f68 (0x00c11113) slli    sp, sp, 12
core   0: 3 0x0000000080003f68 (0x00c11113) x2  0x0000000000001000
core   0: 0x0000000080003f6c (0x002181b3) add     gp, gp, sp
core   0: 3 0x0000000080003f6c (0x002181b3) x3  0x000000008000b010
core   0: 0x0000000080003f70 (0xd541ae87) flw     ft9, -684(gp)
core   0: 3 0x0000000080003f70 (0xd541ae87) f29 0xffffffff00000000 mem 0x000000008000ad64
core   0: 0x0000000080003f74 (0x402181b3) sub     gp, gp, sp
core   0: 3 0x0000000080003f74 (0x402181b3) x3  0x000000008000a010
core   0: 0x0000000080003f78 (0x00100113) li      sp, 1
core   0: 3 0x0000000080003f78 (0x00100113) x2  0x0000000000000001
core   0: 0x0000000080003f7c (0x00c11113) slli    sp, sp, 12
core   0: 3 0x0000000080003f7c (0x00c11113) x2  0x0000000000001000
core   0: 0x0000000080003f80 (0x002181b3) add     gp, gp, sp
core   0: 3 0x0000000080003f80 (0x002181b3) x3  0x000000008000b010
core   0: 0x0000000080003f84 (0xd581ae07) flw     ft8, -680(gp)
core   0: 3 0x0000000080003f84 (0xd581ae07) f28 0xffffffff03ff8000 mem 0x000000008000ad68
core   0: 0x0000000080003f88 (0x402181b3) sub     gp, gp, sp
core   0: 3 0x0000000080003f88 (0x402181b3) x3  0x000000008000a010
core   0: 0x0000000080003f8c (0x00000113) li      sp, 0
core   0: 3 0x0000000080003f8c (0x00000113) x2  0x0000000000000000
core   0: 0x0000000080003f90 (0x00311073) csrw    fcsr, sp
core   0: 3 0x0000000080003f90 (0x00311073) c1_fflags 0x0000000000000000 c2_frm 0x0000000000000000
core   0: 0x0000000080003f94 (0xe1df7fc3) fmadd.s ft11, ft10, ft9, ft8
core   0: 3 0x0000000080003f94 (0xe1df7fc3) f31 0xffffffff03ff8000
core   0: 0x0000000080003f98 (0x00302273) csrr    tp, fcsr
core   0: 3 0x0000000080003f98 (0x00302273) x4  0x0000000000000000
core   0: 0x0000000080003f9c (0x1df0a027) fsw     ft11, 448(ra)
core   0: 3 0x0000000080003f9c (0x1df0a027) mem 0x000000008000d2d8 0x03ff8000
core   0: 0x0000000080003fa0 (0x1c40b423) sd      tp, 456(ra)
core   0: 3 0x0000000080003fa0 (0x1c40b423) mem 0x000000008000d2e0 0x0000000000000000
core   0: >>>>  inst_37917
core   0: 0x0000000080003fa4 (0x00100113) li      sp, 1
core   0: 3 0x0000000080003fa4 (0x00100113) x2  0x0000000000000001
core   0: 0x0000000080003fa8 (0x00c11113) slli    sp, sp, 12
core   0: 3 0x0000000080003fa8 (0x00c11113) x2  0x0000000000001000
core   0: 0x0000000080003fac (0x002181b3) add     gp, gp, sp
core   0: 3 0x0000000080003fac (0x002181b3) x3  0x000000008000b010
core   0: 0x0000000080003fb0 (0xd5c1af07) flw     ft10, -676(gp)
core   0: 3 0x0000000080003fb0 (0xd5c1af07) f30 0xffffffff7f3d7291 mem 0x000000008000ad6c
core   0: 0x0000000080003fb4 (0x402181b3) sub     gp, gp, sp
core   0: 3 0x0000000080003fb4 (0x402181b3) x3  0x000000008000a010
core   0: 0x0000000080003fb8 (0x00100113) li      sp, 1
core   0: 3 0x0000000080003fb8 (0x00100113) x2  0x0000000000000001
core   0: 0x0000000080003fbc (0x00c11113) slli    sp, sp, 12
core   0: 3 0x0000000080003fbc (0x00c11113) x2  0x0000000000001000
core   0: 0x0000000080003fc0 (0x002181b3) add     gp, gp, sp
core   0: 3 0x0000000080003fc0 (0x002181b3) x3  0x000000008000b010
core   0: 0x0000000080003fc4 (0xd601ae87) flw     ft9, -672(gp)
core   0: 3 0x0000000080003fc4 (0xd601ae87) f29 0xffffffff00000000 mem 0x000000008000ad70
core   0: 0x0000000080003fc8 (0x402181b3) sub     gp, gp, sp
core   0: 3 0x0000000080003fc8 (0x402181b3) x3  0x000000008000a010
core   0: 0x0000000080003fcc (0x00100113) li      sp, 1
core   0: 3 0x0000000080003fcc (0x00100113) x2  0x0000000000000001
core   0: 0x0000000080003fd0 (0x00c11113) slli    sp, sp, 12
core   0: 3 0x0000000080003fd0 (0x00c11113) x2  0x0000000000001000
core   0: 0x0000000080003fd4 (0x002181b3) add     gp, gp, sp
core   0: 3 0x0000000080003fd4 (0x002181b3) x3  0x000000008000b010
core   0: 0x0000000080003fd8 (0xd641ae07) flw     ft8, -668(gp)
core   0: 3 0x0000000080003fd8 (0xd641ae07) f28 0xffffffff03ffc000 mem 0x000000008000ad74
core   0: 0x0000000080003fdc (0x402181b3) sub     gp, gp, sp
core   0: 3 0x0000000080003fdc (0x402181b3) x3  0x000000008000a010
core   0: 0x0000000080003fe0 (0x00000113) li      sp, 0
core   0: 3 0x0000000080003fe0 (0x00000113) x2  0x0000000000000000
core   0: 0x0000000080003fe4 (0x00311073) csrw    fcsr, sp
core   0: 3 0x0000000080003fe4 (0x00311073) c1_fflags 0x0000000000000000 c2_frm 0x0000000000000000
core   0: 0x0000000080003fe8 (0xe1df7fc3) fmadd.s ft11, ft10, ft9, ft8
core   0: 3 0x0000000080003fe8 (0xe1df7fc3) f31 0xffffffff03ffc000
core   0: 0x0000000080003fec (0x00302273) csrr    tp, fcsr
core   0: 3 0x0000000080003fec (0x00302273) x4  0x0000000000000000
core   0: 0x0000000080003ff0 (0x1df0a827) fsw     ft11, 464(ra)
core   0: 3 0x0000000080003ff0 (0x1df0a827) mem 0x000000008000d2e8 0x03ffc000
core   0: 0x0000000080003ff4 (0x1c40bc23) sd      tp, 472(ra)
core   0: 3 0x0000000080003ff4 (0x1c40bc23) mem 0x000000008000d2f0 0x0000000000000000
core   0: >>>>  inst_37918
core   0: 0x0000000080003ff8 (0x00100113) li      sp, 1
core   0: 3 0x0000000080003ff8 (0x00100113) x2  0x0000000000000001
core   0: 0x0000000080003ffc (0x00c11113) slli    sp, sp, 12
core   0: 3 0x0000000080003ffc (0x00c11113) x2  0x0000000000001000
core   0: 0x0000000080004000 (0x002181b3) add     gp, gp, sp
core   0: 3 0x0000000080004000 (0x002181b3) x3  0x000000008000b010
core   0: 0x0000000080004004 (0xd681af07) flw     ft10, -664(gp)
core   0: 3 0x0000000080004004 (0xd681af07) f30 0xffffffff7f3d7291 mem 0x000000008000ad78
core   0: 0x0000000080004008 (0x402181b3) sub     gp, gp, sp
core   0: 3 0x0000000080004008 (0x402181b3) x3  0x000000008000a010
core   0: 0x000000008000400c (0x00100113) li      sp, 1
core   0: 3 0x000000008000400c (0x00100113) x2  0x0000000000000001
core   0: 0x0000000080004010 (0x00c11113) slli    sp, sp, 12
core   0: 3 0x0000000080004010 (0x00c11113) x2  0x0000000000001000
core   0: 0x0000000080004014 (0x002181b3) add     gp, gp, sp
core   0: 3 0x0000000080004014 (0x002181b3) x3  0x000000008000b010
core   0: 0x0000000080004018 (0xd6c1ae87) flw     ft9, -660(gp)
core   0: 3 0x0000000080004018 (0xd6c1ae87) f29 0xffffffff00000000 mem 0x000000008000ad7c
core   0: 0x000000008000401c (0x402181b3) sub     gp, gp, sp
core   0: 3 0x000000008000401c (0x402181b3) x3  0x000000008000a010
core   0: 0x0000000080004020 (0x00100113) li      sp, 1
core   0: 3 0x0000000080004020 (0x00100113) x2  0x0000000000000001
core   0: 0x0000000080004024 (0x00c11113) slli    sp, sp, 12
core   0: 3 0x0000000080004024 (0x00c11113) x2  0x0000000000001000
core   0: 0x0000000080004028 (0x002181b3) add     gp, gp, sp
core   0: 3 0x0000000080004028 (0x002181b3) x3  0x000000008000b010
core   0: 0x000000008000402c (0xd701ae07) flw     ft8, -656(gp)
core   0: 3 0x000000008000402c (0xd701ae07) f28 0xffffffff03ffe000 mem 0x000000008000ad80
core   0: 0x0000000080004030 (0x402181b3) sub     gp, gp, sp
core   0: 3 0x0000000080004030 (0x402181b3) x3  0x000000008000a010
core   0: 0x0000000080004034 (0x00000113) li      sp, 0
core   0: 3 0x0000000080004034 (0x00000113) x2  0x0000000000000000
core   0: 0x0000000080004038 (0x00311073) csrw    fcsr, sp
core   0: 3 0x0000000080004038 (0x00311073) c1_fflags 0x0000000000000000 c2_frm 0x0000000000000000
core   0: 0x000000008000403c (0xe1df7fc3) fmadd.s ft11, ft10, ft9, ft8
core   0: 3 0x000000008000403c (0xe1df7fc3) f31 0xffffffff03ffe000
core   0: 0x0000000080004040 (0x00302273) csrr    tp, fcsr
core   0: 3 0x0000000080004040 (0x00302273) x4  0x0000000000000000
core   0: 0x0000000080004044 (0x1ff0a027) fsw     ft11, 480(ra)
core   0: 3 0x0000000080004044 (0x1ff0a027) mem 0x000000008000d2f8 0x03ffe000
core   0: 0x0000000080004048 (0x1e40b423) sd      tp, 488(ra)
core   0: 3 0x0000000080004048 (0x1e40b423) mem 0x000000008000d300 0x0000000000000000
core   0: >>>>  inst_37919
core   0: 0x000000008000404c (0x00100113) li      sp, 1
core   0: 3 0x000000008000404c (0x00100113) x2  0x0000000000000001
core   0: 0x0000000080004050 (0x00c11113) slli    sp, sp, 12
core   0: 3 0x0000000080004050 (0x00c11113) x2  0x0000000000001000
core   0: 0x0000000080004054 (0x002181b3) add     gp, gp, sp
core   0: 3 0x0000000080004054 (0x002181b3) x3  0x000000008000b010
core   0: 0x0000000080004058 (0xd741af07) flw     ft10, -652(gp)
core   0: 3 0x0000000080004058 (0xd741af07) f30 0xffffffff7f3d7291 mem 0x000000008000ad84
core   0: 0x000000008000405c (0x402181b3) sub     gp, gp, sp
core   0: 3 0x000000008000405c (0x402181b3) x3  0x000000008000a010
core   0: 0x0000000080004060 (0x00100113) li      sp, 1
core   0: 3 0x0000000080004060 (0x00100113) x2  0x0000000000000001
core   0: 0x0000000080004064 (0x00c11113) slli    sp, sp, 12
core   0: 3 0x0000000080004064 (0x00c11113) x2  0x0000000000001000
core   0: 0x0000000080004068 (0x002181b3) add     gp, gp, sp
core   0: 3 0x0000000080004068 (0x002181b3) x3  0x000000008000b010
core   0: 0x000000008000406c (0xd781ae87) flw     ft9, -648(gp)
core   0: 3 0x000000008000406c (0xd781ae87) f29 0xffffffff00000000 mem 0x000000008000ad88
core   0: 0x0000000080004070 (0x402181b3) sub     gp, gp, sp
core   0: 3 0x0000000080004070 (0x402181b3) x3  0x000000008000a010
core   0: 0x0000000080004074 (0x00100113) li      sp, 1
core   0: 3 0x0000000080004074 (0x00100113) x2  0x0000000000000001
core   0: 0x0000000080004078 (0x00c11113) slli    sp, sp, 12
core   0: 3 0x0000000080004078 (0x00c11113) x2  0x0000000000001000
core   0: 0x000000008000407c (0x002181b3) add     gp, gp, sp
core   0: 3 0x000000008000407c (0x002181b3) x3  0x000000008000b010
core   0: 0x0000000080004080 (0xd7c1ae07) flw     ft8, -644(gp)
core   0: 3 0x0000000080004080 (0xd7c1ae07) f28 0xffffffff03fff000 mem 0x000000008000ad8c
core   0: 0x0000000080004084 (0x402181b3) sub     gp, gp, sp
core   0: 3 0x0000000080004084 (0x402181b3) x3  0x000000008000a010
core   0: 0x0000000080004088 (0x00000113) li      sp, 0
core   0: 3 0x0000000080004088 (0x00000113) x2  0x0000000000000000
core   0: 0x000000008000408c (0x00311073) csrw    fcsr, sp
core   0: 3 0x000000008000408c (0x00311073) c1_fflags 0x0000000000000000 c2_frm 0x0000000000000000
core   0: 0x0000000080004090 (0xe1df7fc3) fmadd.s ft11, ft10, ft9, ft8
core   0: 3 0x0000000080004090 (0xe1df7fc3) f31 0xffffffff03fff000
core   0: 0x0000000080004094 (0x00302273) csrr    tp, fcsr
core   0: 3 0x0000000080004094 (0x00302273) x4  0x0000000000000000
core   0: 0x0000000080004098 (0x1ff0a827) fsw     ft11, 496(ra)
core   0: 3 0x0000000080004098 (0x1ff0a827) mem 0x000000008000d308 0x03fff000
core   0: 0x000000008000409c (0x1e40bc23) sd      tp, 504(ra)
core   0: 3 0x000000008000409c (0x1e40bc23) mem 0x000000008000d310 0x0000000000000000
core   0: >>>>  inst_37920
core   0: 0x00000000800040a0 (0x00100113) li      sp, 1
core   0: 3 0x00000000800040a0 (0x00100113) x2  0x0000000000000001
core   0: 0x00000000800040a4 (0x00c11113) slli    sp, sp, 12
core   0: 3 0x00000000800040a4 (0x00c11113) x2  0x0000000000001000
core   0: 0x00000000800040a8 (0x002181b3) add     gp, gp, sp
core   0: 3 0x00000000800040a8 (0x002181b3) x3  0x000000008000b010
core   0: 0x00000000800040ac (0xd801af07) flw     ft10, -640(gp)
core   0: 3 0x00000000800040ac (0xd801af07) f30 0xffffffff7f3d7291 mem 0x000000008000ad90
core   0: 0x00000000800040b0 (0x402181b3) sub     gp, gp, sp
core   0: 3 0x00000000800040b0 (0x402181b3) x3  0x000000008000a010
core   0: 0x00000000800040b4 (0x00100113) li      sp, 1
core   0: 3 0x00000000800040b4 (0x00100113) x2  0x0000000000000001
core   0: 0x00000000800040b8 (0x00c11113) slli    sp, sp, 12
core   0: 3 0x00000000800040b8 (0x00c11113) x2  0x0000000000001000
core   0: 0x00000000800040bc (0x002181b3) add     gp, gp, sp
core   0: 3 0x00000000800040bc (0x002181b3) x3  0x000000008000b010
core   0: 0x00000000800040c0 (0xd841ae87) flw     ft9, -636(gp)
core   0: 3 0x00000000800040c0 (0xd841ae87) f29 0xffffffff00000000 mem 0x000000008000ad94
core   0: 0x00000000800040c4 (0x402181b3) sub     gp, gp, sp
core   0: 3 0x00000000800040c4 (0x402181b3) x3  0x000000008000a010
core   0: 0x00000000800040c8 (0x00100113) li      sp, 1
core   0: 3 0x00000000800040c8 (0x00100113) x2  0x0000000000000001
core   0: 0x00000000800040cc (0x00c11113) slli    sp, sp, 12
core   0: 3 0x00000000800040cc (0x00c11113) x2  0x0000000000001000
core   0: 0x00000000800040d0 (0x002181b3) add     gp, gp, sp
core   0: 3 0x00000000800040d0 (0x002181b3) x3  0x000000008000b010
core   0: 0x00000000800040d4 (0xd881ae07) flw     ft8, -632(gp)
core   0: 3 0x00000000800040d4 (0xd881ae07) f28 0xffffffff03fff800 mem 0x000000008000ad98
core   0: 0x00000000800040d8 (0x402181b3) sub     gp, gp, sp
core   0: 3 0x00000000800040d8 (0x402181b3) x3  0x000000008000a010
core   0: 0x00000000800040dc (0x00000113) li      sp, 0
core   0: 3 0x00000000800040dc (0x00000113) x2  0x0000000000000000
core   0: 0x00000000800040e0 (0x00311073) csrw    fcsr, sp
core   0: 3 0x00000000800040e0 (0x00311073) c1_fflags 0x0000000000000000 c2_frm 0x0000000000000000
core   0: 0x00000000800040e4 (0xe1df7fc3) fmadd.s ft11, ft10, ft9, ft8
core   0: 3 0x00000000800040e4 (0xe1df7fc3) f31 0xffffffff03fff800
core   0: 0x00000000800040e8 (0x00302273) csrr    tp, fcsr
core   0: 3 0x00000000800040e8 (0x00302273) x4  0x0000000000000000
core   0: 0x00000000800040ec (0x21f0a027) fsw     ft11, 512(ra)
core   0: 3 0x00000000800040ec (0x21f0a027) mem 0x000000008000d318 0x03fff800
core   0: 0x00000000800040f0 (0x2040b423) sd      tp, 520(ra)
core   0: 3 0x00000000800040f0 (0x2040b423) mem 0x000000008000d320 0x0000000000000000
core   0: >>>>  inst_37921
core   0: 0x00000000800040f4 (0x00100113) li      sp, 1
core   0: 3 0x00000000800040f4 (0x00100113) x2  0x0000000000000001
core   0: 0x00000000800040f8 (0x00c11113) slli    sp, sp, 12
core   0: 3 0x00000000800040f8 (0x00c11113) x2  0x0000000000001000
core   0: 0x00000000800040fc (0x002181b3) add     gp, gp, sp
core   0: 3 0x00000000800040fc (0x002181b3) x3  0x000000008000b010
core   0: 0x0000000080004100 (0xd8c1af07) flw     ft10, -628(gp)
core   0: 3 0x0000000080004100 (0xd8c1af07) f30 0xffffffff7f3d7291 mem 0x000000008000ad9c
core   0: 0x0000000080004104 (0x402181b3) sub     gp, gp, sp
core   0: 3 0x0000000080004104 (0x402181b3) x3  0x000000008000a010
core   0: 0x0000000080004108 (0x00100113) li      sp, 1
core   0: 3 0x0000000080004108 (0x00100113) x2  0x0000000000000001
core   0: 0x000000008000410c (0x00c11113) slli    sp, sp, 12
core   0: 3 0x000000008000410c (0x00c11113) x2  0x0000000000001000
core   0: 0x0000000080004110 (0x002181b3) add     gp, gp, sp
core   0: 3 0x0000000080004110 (0x002181b3) x3  0x000000008000b010
core   0: 0x0000000080004114 (0xd901ae87) flw     ft9, -624(gp)
core   0: 3 0x0000000080004114 (0xd901ae87) f29 0xffffffff00000000 mem 0x000000008000ada0
core   0: 0x0000000080004118 (0x402181b3) sub     gp, gp, sp
core   0: 3 0x0000000080004118 (0x402181b3) x3  0x000000008000a010
core   0: 0x000000008000411c (0x00100113) li      sp, 1
core   0: 3 0x000000008000411c (0x00100113) x2  0x0000000000000001
core   0: 0x0000000080004120 (0x00c11113) slli    sp, sp, 12
core   0: 3 0x0000000080004120 (0x00c11113) x2  0x0000000000001000
core   0: 0x0000000080004124 (0x002181b3) add     gp, gp, sp
core   0: 3 0x0000000080004124 (0x002181b3) x3  0x000000008000b010
core   0: 0x0000000080004128 (0xd941ae07) flw     ft8, -620(gp)
core   0: 3 0x0000000080004128 (0xd941ae07) f28 0xffffffff03fffc00 mem 0x000000008000ada4
core   0: 0x000000008000412c (0x402181b3) sub     gp, gp, sp
core   0: 3 0x000000008000412c (0x402181b3) x3  0x000000008000a010
core   0: 0x0000000080004130 (0x00000113) li      sp, 0
core   0: 3 0x0000000080004130 (0x00000113) x2  0x0000000000000000
core   0: 0x0000000080004134 (0x00311073) csrw    fcsr, sp
core   0: 3 0x0000000080004134 (0x00311073) c1_fflags 0x0000000000000000 c2_frm 0x0000000000000000
core   0: 0x0000000080004138 (0xe1df7fc3) fmadd.s ft11, ft10, ft9, ft8
core   0: 3 0x0000000080004138 (0xe1df7fc3) f31 0xffffffff03fffc00
core   0: 0x000000008000413c (0x00302273) csrr    tp, fcsr
core   0: 3 0x000000008000413c (0x00302273) x4  0x0000000000000000
core   0: 0x0000000080004140 (0x21f0a827) fsw     ft11, 528(ra)
core   0: 3 0x0000000080004140 (0x21f0a827) mem 0x000000008000d328 0x03fffc00
core   0: 0x0000000080004144 (0x2040bc23) sd      tp, 536(ra)
core   0: 3 0x0000000080004144 (0x2040bc23) mem 0x000000008000d330 0x0000000000000000
core   0: >>>>  inst_37922
core   0: 0x0000000080004148 (0x00100113) li      sp, 1
core   0: 3 0x0000000080004148 (0x00100113) x2  0x0000000000000001
core   0: 0x000000008000414c (0x00c11113) slli    sp, sp, 12
core   0: 3 0x000000008000414c (0x00c11113) x2  0x0000000000001000
core   0: 0x0000000080004150 (0x002181b3) add     gp, gp, sp
core   0: 3 0x0000000080004150 (0x002181b3) x3  0x000000008000b010
core   0: 0x0000000080004154 (0xd981af07) flw     ft10, -616(gp)
core   0: 3 0x0000000080004154 (0xd981af07) f30 0xffffffff7f3d7291 mem 0x000000008000ada8
core   0: 0x0000000080004158 (0x402181b3) sub     gp, gp, sp
core   0: 3 0x0000000080004158 (0x402181b3) x3  0x000000008000a010
core   0: 0x000000008000415c (0x00100113) li      sp, 1
core   0: 3 0x000000008000415c (0x00100113) x2  0x0000000000000001
core   0: 0x0000000080004160 (0x00c11113) slli    sp, sp, 12
core   0: 3 0x0000000080004160 (0x00c11113) x2  0x0000000000001000
core   0: 0x0000000080004164 (0x002181b3) add     gp, gp, sp
core   0: 3 0x0000000080004164 (0x002181b3) x3  0x000000008000b010
core   0: 0x0000000080004168 (0xd9c1ae87) flw     ft9, -612(gp)
core   0: 3 0x0000000080004168 (0xd9c1ae87) f29 0xffffffff00000000 mem 0x000000008000adac
core   0: 0x000000008000416c (0x402181b3) sub     gp, gp, sp
core   0: 3 0x000000008000416c (0x402181b3) x3  0x000000008000a010
core   0: 0x0000000080004170 (0x00100113) li      sp, 1
core   0: 3 0x0000000080004170 (0x00100113) x2  0x0000000000000001
core   0: 0x0000000080004174 (0x00c11113) slli    sp, sp, 12
core   0: 3 0x0000000080004174 (0x00c11113) x2  0x0000000000001000
core   0: 0x0000000080004178 (0x002181b3) add     gp, gp, sp
core   0: 3 0x0000000080004178 (0x002181b3) x3  0x000000008000b010
core   0: 0x000000008000417c (0xda01ae07) flw     ft8, -608(gp)
core   0: 3 0x000000008000417c (0xda01ae07) f28 0xffffffff03fffe00 mem 0x000000008000adb0
core   0: 0x0000000080004180 (0x402181b3) sub     gp, gp, sp
core   0: 3 0x0000000080004180 (0x402181b3) x3  0x000000008000a010
core   0: 0x0000000080004184 (0x00000113) li      sp, 0
core   0: 3 0x0000000080004184 (0x00000113) x2  0x0000000000000000
core   0: 0x0000000080004188 (0x00311073) csrw    fcsr, sp
core   0: 3 0x0000000080004188 (0x00311073) c1_fflags 0x0000000000000000 c2_frm 0x0000000000000000
core   0: 0x000000008000418c (0xe1df7fc3) fmadd.s ft11, ft10, ft9, ft8
core   0: 3 0x000000008000418c (0xe1df7fc3) f31 0xffffffff03fffe00
core   0: 0x0000000080004190 (0x00302273) csrr    tp, fcsr
core   0: 3 0x0000000080004190 (0x00302273) x4  0x0000000000000000
core   0: 0x0000000080004194 (0x23f0a027) fsw     ft11, 544(ra)
core   0: 3 0x0000000080004194 (0x23f0a027) mem 0x000000008000d338 0x03fffe00
core   0: 0x0000000080004198 (0x2240b423) sd      tp, 552(ra)
core   0: 3 0x0000000080004198 (0x2240b423) mem 0x000000008000d340 0x0000000000000000
core   0: >>>>  inst_37923
core   0: 0x000000008000419c (0x00100113) li      sp, 1
core   0: 3 0x000000008000419c (0x00100113) x2  0x0000000000000001
core   0: 0x00000000800041a0 (0x00c11113) slli    sp, sp, 12
core   0: 3 0x00000000800041a0 (0x00c11113) x2  0x0000000000001000
core   0: 0x00000000800041a4 (0x002181b3) add     gp, gp, sp
core   0: 3 0x00000000800041a4 (0x002181b3) x3  0x000000008000b010
core   0: 0x00000000800041a8 (0xda41af07) flw     ft10, -604(gp)
core   0: 3 0x00000000800041a8 (0xda41af07) f30 0xffffffff7f3d7291 mem 0x000000008000adb4
core   0: 0x00000000800041ac (0x402181b3) sub     gp, gp, sp
core   0: 3 0x00000000800041ac (0x402181b3) x3  0x000000008000a010
core   0: 0x00000000800041b0 (0x00100113) li      sp, 1
core   0: 3 0x00000000800041b0 (0x00100113) x2  0x0000000000000001
core   0: 0x00000000800041b4 (0x00c11113) slli    sp, sp, 12
core   0: 3 0x00000000800041b4 (0x00c11113) x2  0x0000000000001000
core   0: 0x00000000800041b8 (0x002181b3) add     gp, gp, sp
core   0: 3 0x00000000800041b8 (0x002181b3) x3  0x000000008000b010
core   0: 0x00000000800041bc (0xda81ae87) flw     ft9, -600(gp)
core   0: 3 0x00000000800041bc (0xda81ae87) f29 0xffffffff00000000 mem 0x000000008000adb8
core   0: 0x00000000800041c0 (0x402181b3) sub     gp, gp, sp
core   0: 3 0x00000000800041c0 (0x402181b3) x3  0x000000008000a010
core   0: 0x00000000800041c4 (0x00100113) li      sp, 1
core   0: 3 0x00000000800041c4 (0x00100113) x2  0x0000000000000001
core   0: 0x00000000800041c8 (0x00c11113) slli    sp, sp, 12
core   0: 3 0x00000000800041c8 (0x00c11113) x2  0x0000000000001000
core   0: 0x00000000800041cc (0x002181b3) add     gp, gp, sp
core   0: 3 0x00000000800041cc (0x002181b3) x3  0x000000008000b010
core   0: 0x00000000800041d0 (0xdac1ae07) flw     ft8, -596(gp)
core   0: 3 0x00000000800041d0 (0xdac1ae07) f28 0xffffffff03ffff00 mem 0x000000008000adbc
core   0: 0x00000000800041d4 (0x402181b3) sub     gp, gp, sp
core   0: 3 0x00000000800041d4 (0x402181b3) x3  0x000000008000a010
core   0: 0x00000000800041d8 (0x00000113) li      sp, 0
core   0: 3 0x00000000800041d8 (0x00000113) x2  0x0000000000000000
core   0: 0x00000000800041dc (0x00311073) csrw    fcsr, sp
core   0: 3 0x00000000800041dc (0x00311073) c1_fflags 0x0000000000000000 c2_frm 0x0000000000000000
core   0: 0x00000000800041e0 (0xe1df7fc3) fmadd.s ft11, ft10, ft9, ft8
core   0: 3 0x00000000800041e0 (0xe1df7fc3) f31 0xffffffff03ffff00
core   0: 0x00000000800041e4 (0x00302273) csrr    tp, fcsr
core   0: 3 0x00000000800041e4 (0x00302273) x4  0x0000000000000000
core   0: 0x00000000800041e8 (0x23f0a827) fsw     ft11, 560(ra)
core   0: 3 0x00000000800041e8 (0x23f0a827) mem 0x000000008000d348 0x03ffff00
core   0: 0x00000000800041ec (0x2240bc23) sd      tp, 568(ra)
core   0: 3 0x00000000800041ec (0x2240bc23) mem 0x000000008000d350 0x0000000000000000
core   0: >>>>  inst_37924
core   0: 0x00000000800041f0 (0x00100113) li      sp, 1
core   0: 3 0x00000000800041f0 (0x00100113) x2  0x0000000000000001
core   0: 0x00000000800041f4 (0x00c11113) slli    sp, sp, 12
core   0: 3 0x00000000800041f4 (0x00c11113) x2  0x0000000000001000
core   0: 0x00000000800041f8 (0x002181b3) add     gp, gp, sp
core   0: 3 0x00000000800041f8 (0x002181b3) x3  0x000000008000b010
core   0: 0x00000000800041fc (0xdb01af07) flw     ft10, -592(gp)
core   0: 3 0x00000000800041fc (0xdb01af07) f30 0xffffffff7f3d7291 mem 0x000000008000adc0
core   0: 0x0000000080004200 (0x402181b3) sub     gp, gp, sp
core   0: 3 0x0000000080004200 (0x402181b3) x3  0x000000008000a010
core   0: 0x0000000080004204 (0x00100113) li      sp, 1
core   0: 3 0x0000000080004204 (0x00100113) x2  0x0000000000000001
core   0: 0x0000000080004208 (0x00c11113) slli    sp, sp, 12
core   0: 3 0x0000000080004208 (0x00c11113) x2  0x0000000000001000
core   0: 0x000000008000420c (0x002181b3) add     gp, gp, sp
core   0: 3 0x000000008000420c (0x002181b3) x3  0x000000008000b010
core   0: 0x0000000080004210 (0xdb41ae87) flw     ft9, -588(gp)
core   0: 3 0x0000000080004210 (0xdb41ae87) f29 0xffffffff00000000 mem 0x000000008000adc4
core   0: 0x0000000080004214 (0x402181b3) sub     gp, gp, sp
core   0: 3 0x0000000080004214 (0x402181b3) x3  0x000000008000a010
core   0: 0x0000000080004218 (0x00100113) li      sp, 1
core   0: 3 0x0000000080004218 (0x00100113) x2  0x0000000000000001
core   0: 0x000000008000421c (0x00c11113) slli    sp, sp, 12
core   0: 3 0x000000008000421c (0x00c11113) x2  0x0000000000001000
core   0: 0x0000000080004220 (0x002181b3) add     gp, gp, sp
core   0: 3 0x0000000080004220 (0x002181b3) x3  0x000000008000b010
core   0: 0x0000000080004224 (0xdb81ae07) flw     ft8, -584(gp)
core   0: 3 0x0000000080004224 (0xdb81ae07) f28 0xffffffff03ffff80 mem 0x000000008000adc8
core   0: 0x0000000080004228 (0x402181b3) sub     gp, gp, sp
core   0: 3 0x0000000080004228 (0x402181b3) x3  0x000000008000a010
core   0: 0x000000008000422c (0x00000113) li      sp, 0
core   0: 3 0x000000008000422c (0x00000113) x2  0x0000000000000000
core   0: 0x0000000080004230 (0x00311073) csrw    fcsr, sp
core   0: 3 0x0000000080004230 (0x00311073) c1_fflags 0x0000000000000000 c2_frm 0x0000000000000000
core   0: 0x0000000080004234 (0xe1df7fc3) fmadd.s ft11, ft10, ft9, ft8
core   0: 3 0x0000000080004234 (0xe1df7fc3) f31 0xffffffff03ffff80
core   0: 0x0000000080004238 (0x00302273) csrr    tp, fcsr
core   0: 3 0x0000000080004238 (0x00302273) x4  0x0000000000000000
core   0: 0x000000008000423c (0x25f0a027) fsw     ft11, 576(ra)
core   0: 3 0x000000008000423c (0x25f0a027) mem 0x000000008000d358 0x03ffff80
core   0: 0x0000000080004240 (0x2440b423) sd      tp, 584(ra)
core   0: 3 0x0000000080004240 (0x2440b423) mem 0x000000008000d360 0x0000000000000000
core   0: >>>>  inst_37925
core   0: 0x0000000080004244 (0x00100113) li      sp, 1
core   0: 3 0x0000000080004244 (0x00100113) x2  0x0000000000000001
core   0: 0x0000000080004248 (0x00c11113) slli    sp, sp, 12
core   0: 3 0x0000000080004248 (0x00c11113) x2  0x0000000000001000
core   0: 0x000000008000424c (0x002181b3) add     gp, gp, sp
core   0: 3 0x000000008000424c (0x002181b3) x3  0x000000008000b010
core   0: 0x0000000080004250 (0xdbc1af07) flw     ft10, -580(gp)
core   0: 3 0x0000000080004250 (0xdbc1af07) f30 0xffffffff7f3d7291 mem 0x000000008000adcc
core   0: 0x0000000080004254 (0x402181b3) sub     gp, gp, sp
core   0: 3 0x0000000080004254 (0x402181b3) x3  0x000000008000a010
core   0: 0x0000000080004258 (0x00100113) li      sp, 1
core   0: 3 0x0000000080004258 (0x00100113) x2  0x0000000000000001
core   0: 0x000000008000425c (0x00c11113) slli    sp, sp, 12
core   0: 3 0x000000008000425c (0x00c11113) x2  0x0000000000001000
core   0: 0x0000000080004260 (0x002181b3) add     gp, gp, sp
core   0: 3 0x0000000080004260 (0x002181b3) x3  0x000000008000b010
core   0: 0x0000000080004264 (0xdc01ae87) flw     ft9, -576(gp)
core   0: 3 0x0000000080004264 (0xdc01ae87) f29 0xffffffff00000000 mem 0x000000008000add0
core   0: 0x0000000080004268 (0x402181b3) sub     gp, gp, sp
core   0: 3 0x0000000080004268 (0x402181b3) x3  0x000000008000a010
core   0: 0x000000008000426c (0x00100113) li      sp, 1
core   0: 3 0x000000008000426c (0x00100113) x2  0x0000000000000001
core   0: 0x0000000080004270 (0x00c11113) slli    sp, sp, 12
core   0: 3 0x0000000080004270 (0x00c11113) x2  0x0000000000001000
core   0: 0x0000000080004274 (0x002181b3) add     gp, gp, sp
core   0: 3 0x0000000080004274 (0x002181b3) x3  0x000000008000b010
core   0: 0x0000000080004278 (0xdc41ae07) flw     ft8, -572(gp)
core   0: 3 0x0000000080004278 (0xdc41ae07) f28 0xffffffff03ffffc0 mem 0x000000008000add4
core   0: 0x000000008000427c (0x402181b3) sub     gp, gp, sp
core   0: 3 0x000000008000427c (0x402181b3) x3  0x000000008000a010
core   0: 0x0000000080004280 (0x00000113) li      sp, 0
core   0: 3 0x0000000080004280 (0x00000113) x2  0x0000000000000000
core   0: 0x0000000080004284 (0x00311073) csrw    fcsr, sp
core   0: 3 0x0000000080004284 (0x00311073) c1_fflags 0x0000000000000000 c2_frm 0x0000000000000000
core   0: 0x0000000080004288 (0xe1df7fc3) fmadd.s ft11, ft10, ft9, ft8
core   0: 3 0x0000000080004288 (0xe1df7fc3) f31 0xffffffff03ffffc0
core   0: 0x000000008000428c (0x00302273) csrr    tp, fcsr
core   0: 3 0x000000008000428c (0x00302273) x4  0x0000000000000000
core   0: 0x0000000080004290 (0x25f0a827) fsw     ft11, 592(ra)
core   0: 3 0x0000000080004290 (0x25f0a827) mem 0x000000008000d368 0x03ffffc0
core   0: 0x0000000080004294 (0x2440bc23) sd      tp, 600(ra)
core   0: 3 0x0000000080004294 (0x2440bc23) mem 0x000000008000d370 0x0000000000000000
core   0: >>>>  inst_37926
core   0: 0x0000000080004298 (0x00100113) li      sp, 1
core   0: 3 0x0000000080004298 (0x00100113) x2  0x0000000000000001
core   0: 0x000000008000429c (0x00c11113) slli    sp, sp, 12
core   0: 3 0x000000008000429c (0x00c11113) x2  0x0000000000001000
core   0: 0x00000000800042a0 (0x002181b3) add     gp, gp, sp
core   0: 3 0x00000000800042a0 (0x002181b3) x3  0x000000008000b010
core   0: 0x00000000800042a4 (0xdc81af07) flw     ft10, -568(gp)
core   0: 3 0x00000000800042a4 (0xdc81af07) f30 0xffffffff7f3d7291 mem 0x000000008000add8
core   0: 0x00000000800042a8 (0x402181b3) sub     gp, gp, sp
core   0: 3 0x00000000800042a8 (0x402181b3) x3  0x000000008000a010
core   0: 0x00000000800042ac (0x00100113) li      sp, 1
core   0: 3 0x00000000800042ac (0x00100113) x2  0x0000000000000001
core   0: 0x00000000800042b0 (0x00c11113) slli    sp, sp, 12
core   0: 3 0x00000000800042b0 (0x00c11113) x2  0x0000000000001000
core   0: 0x00000000800042b4 (0x002181b3) add     gp, gp, sp
core   0: 3 0x00000000800042b4 (0x002181b3) x3  0x000000008000b010
core   0: 0x00000000800042b8 (0xdcc1ae87) flw     ft9, -564(gp)
core   0: 3 0x00000000800042b8 (0xdcc1ae87) f29 0xffffffff00000000 mem 0x000000008000addc
core   0: 0x00000000800042bc (0x402181b3) sub     gp, gp, sp
core   0: 3 0x00000000800042bc (0x402181b3) x3  0x000000008000a010
core   0: 0x00000000800042c0 (0x00100113) li      sp, 1
core   0: 3 0x00000000800042c0 (0x00100113) x2  0x0000000000000001
core   0: 0x00000000800042c4 (0x00c11113) slli    sp, sp, 12
core   0: 3 0x00000000800042c4 (0x00c11113) x2  0x0000000000001000
core   0: 0x00000000800042c8 (0x002181b3) add     gp, gp, sp
core   0: 3 0x00000000800042c8 (0x002181b3) x3  0x000000008000b010
core   0: 0x00000000800042cc (0xdd01ae07) flw     ft8, -560(gp)
core   0: 3 0x00000000800042cc (0xdd01ae07) f28 0xffffffff03ffffe0 mem 0x000000008000ade0
core   0: 0x00000000800042d0 (0x402181b3) sub     gp, gp, sp
core   0: 3 0x00000000800042d0 (0x402181b3) x3  0x000000008000a010
core   0: 0x00000000800042d4 (0x00000113) li      sp, 0
core   0: 3 0x00000000800042d4 (0x00000113) x2  0x0000000000000000
core   0: 0x00000000800042d8 (0x00311073) csrw    fcsr, sp
core   0: 3 0x00000000800042d8 (0x00311073) c1_fflags 0x0000000000000000 c2_frm 0x0000000000000000
core   0: 0x00000000800042dc (0xe1df7fc3) fmadd.s ft11, ft10, ft9, ft8
core   0: 3 0x00000000800042dc (0xe1df7fc3) f31 0xffffffff03ffffe0
core   0: 0x00000000800042e0 (0x00302273) csrr    tp, fcsr
core   0: 3 0x00000000800042e0 (0x00302273) x4  0x0000000000000000
core   0: 0x00000000800042e4 (0x27f0a027) fsw     ft11, 608(ra)
core   0: 3 0x00000000800042e4 (0x27f0a027) mem 0x000000008000d378 0x03ffffe0
core   0: 0x00000000800042e8 (0x2640b423) sd      tp, 616(ra)
core   0: 3 0x00000000800042e8 (0x2640b423) mem 0x000000008000d380 0x0000000000000000
core   0: >>>>  inst_37927
core   0: 0x00000000800042ec (0x00100113) li      sp, 1
core   0: 3 0x00000000800042ec (0x00100113) x2  0x0000000000000001
core   0: 0x00000000800042f0 (0x00c11113) slli    sp, sp, 12
core   0: 3 0x00000000800042f0 (0x00c11113) x2  0x0000000000001000
core   0: 0x00000000800042f4 (0x002181b3) add     gp, gp, sp
core   0: 3 0x00000000800042f4 (0x002181b3) x3  0x000000008000b010
core   0: 0x00000000800042f8 (0xdd41af07) flw     ft10, -556(gp)
core   0: 3 0x00000000800042f8 (0xdd41af07) f30 0xffffffff7f3d7291 mem 0x000000008000ade4
core   0: 0x00000000800042fc (0x402181b3) sub     gp, gp, sp
core   0: 3 0x00000000800042fc (0x402181b3) x3  0x000000008000a010
core   0: 0x0000000080004300 (0x00100113) li      sp, 1
core   0: 3 0x0000000080004300 (0x00100113) x2  0x0000000000000001
core   0: 0x0000000080004304 (0x00c11113) slli    sp, sp, 12
core   0: 3 0x0000000080004304 (0x00c11113) x2  0x0000000000001000
core   0: 0x0000000080004308 (0x002181b3) add     gp, gp, sp
core   0: 3 0x0000000080004308 (0x002181b3) x3  0x000000008000b010
core   0: 0x000000008000430c (0xdd81ae87) flw     ft9, -552(gp)
core   0: 3 0x000000008000430c (0xdd81ae87) f29 0xffffffff00000000 mem 0x000000008000ade8
core   0: 0x0000000080004310 (0x402181b3) sub     gp, gp, sp
core   0: 3 0x0000000080004310 (0x402181b3) x3  0x000000008000a010
core   0: 0x0000000080004314 (0x00100113) li      sp, 1
core   0: 3 0x0000000080004314 (0x00100113) x2  0x0000000000000001
core   0: 0x0000000080004318 (0x00c11113) slli    sp, sp, 12
core   0: 3 0x0000000080004318 (0x00c11113) x2  0x0000000000001000
core   0: 0x000000008000431c (0x002181b3) add     gp, gp, sp
core   0: 3 0x000000008000431c (0x002181b3) x3  0x000000008000b010
core   0: 0x0000000080004320 (0xddc1ae07) flw     ft8, -548(gp)
core   0: 3 0x0000000080004320 (0xddc1ae07) f28 0xffffffff03fffff0 mem 0x000000008000adec
core   0: 0x0000000080004324 (0x402181b3) sub     gp, gp, sp
core   0: 3 0x0000000080004324 (0x402181b3) x3  0x000000008000a010
core   0: 0x0000000080004328 (0x00000113) li      sp, 0
core   0: 3 0x0000000080004328 (0x00000113) x2  0x0000000000000000
core   0: 0x000000008000432c (0x00311073) csrw    fcsr, sp
core   0: 3 0x000000008000432c (0x00311073) c1_fflags 0x0000000000000000 c2_frm 0x0000000000000000
core   0: 0x0000000080004330 (0xe1df7fc3) fmadd.s ft11, ft10, ft9, ft8
core   0: 3 0x0000000080004330 (0xe1df7fc3) f31 0xffffffff03fffff0
core   0: 0x0000000080004334 (0x00302273) csrr    tp, fcsr
core   0: 3 0x0000000080004334 (0x00302273) x4  0x0000000000000000
core   0: 0x0000000080004338 (0x27f0a827) fsw     ft11, 624(ra)
core   0: 3 0x0000000080004338 (0x27f0a827) mem 0x000000008000d388 0x03fffff0
core   0: 0x000000008000433c (0x2640bc23) sd      tp, 632(ra)
core   0: 3 0x000000008000433c (0x2640bc23) mem 0x000000008000d390 0x0000000000000000
core   0: >>>>  inst_37928
core   0: 0x0000000080004340 (0x00100113) li      sp, 1
core   0: 3 0x0000000080004340 (0x00100113) x2  0x0000000000000001
core   0: 0x0000000080004344 (0x00c11113) slli    sp, sp, 12
core   0: 3 0x0000000080004344 (0x00c11113) x2  0x0000000000001000
core   0: 0x0000000080004348 (0x002181b3) add     gp, gp, sp
core   0: 3 0x0000000080004348 (0x002181b3) x3  0x000000008000b010
core   0: 0x000000008000434c (0xde01af07) flw     ft10, -544(gp)
core   0: 3 0x000000008000434c (0xde01af07) f30 0xffffffff7f3d7291 mem 0x000000008000adf0
core   0: 0x0000000080004350 (0x402181b3) sub     gp, gp, sp
core   0: 3 0x0000000080004350 (0x402181b3) x3  0x000000008000a010
core   0: 0x0000000080004354 (0x00100113) li      sp, 1
core   0: 3 0x0000000080004354 (0x00100113) x2  0x0000000000000001
core   0: 0x0000000080004358 (0x00c11113) slli    sp, sp, 12
core   0: 3 0x0000000080004358 (0x00c11113) x2  0x0000000000001000
core   0: 0x000000008000435c (0x002181b3) add     gp, gp, sp
core   0: 3 0x000000008000435c (0x002181b3) x3  0x000000008000b010
core   0: 0x0000000080004360 (0xde41ae87) flw     ft9, -540(gp)
core   0: 3 0x0000000080004360 (0xde41ae87) f29 0xffffffff00000000 mem 0x000000008000adf4
core   0: 0x0000000080004364 (0x402181b3) sub     gp, gp, sp
core   0: 3 0x0000000080004364 (0x402181b3) x3  0x000000008000a010
core   0: 0x0000000080004368 (0x00100113) li      sp, 1
core   0: 3 0x0000000080004368 (0x00100113) x2  0x0000000000000001
core   0: 0x000000008000436c (0x00c11113) slli    sp, sp, 12
core   0: 3 0x000000008000436c (0x00c11113) x2  0x0000000000001000
core   0: 0x0000000080004370 (0x002181b3) add     gp, gp, sp
core   0: 3 0x0000000080004370 (0x002181b3) x3  0x000000008000b010
core   0: 0x0000000080004374 (0xde81ae07) flw     ft8, -536(gp)
core   0: 3 0x0000000080004374 (0xde81ae07) f28 0xffffffff03fffff8 mem 0x000000008000adf8
core   0: 0x0000000080004378 (0x402181b3) sub     gp, gp, sp
core   0: 3 0x0000000080004378 (0x402181b3) x3  0x000000008000a010
core   0: 0x000000008000437c (0x00000113) li      sp, 0
core   0: 3 0x000000008000437c (0x00000113) x2  0x0000000000000000
core   0: 0x0000000080004380 (0x00311073) csrw    fcsr, sp
core   0: 3 0x0000000080004380 (0x00311073) c1_fflags 0x0000000000000000 c2_frm 0x0000000000000000
core   0: 0x0000000080004384 (0xe1df7fc3) fmadd.s ft11, ft10, ft9, ft8
core   0: 3 0x0000000080004384 (0xe1df7fc3) f31 0xffffffff03fffff8
core   0: 0x0000000080004388 (0x00302273) csrr    tp, fcsr
core   0: 3 0x0000000080004388 (0x00302273) x4  0x0000000000000000
core   0: 0x000000008000438c (0x29f0a027) fsw     ft11, 640(ra)
core   0: 3 0x000000008000438c (0x29f0a027) mem 0x000000008000d398 0x03fffff8
core   0: 0x0000000080004390 (0x2840b423) sd      tp, 648(ra)
core   0: 3 0x0000000080004390 (0x2840b423) mem 0x000000008000d3a0 0x0000000000000000
core   0: >>>>  inst_37929
core   0: 0x0000000080004394 (0x00100113) li      sp, 1
core   0: 3 0x0000000080004394 (0x00100113) x2  0x0000000000000001
core   0: 0x0000000080004398 (0x00c11113) slli    sp, sp, 12
core   0: 3 0x0000000080004398 (0x00c11113) x2  0x0000000000001000
core   0: 0x000000008000439c (0x002181b3) add     gp, gp, sp
core   0: 3 0x000000008000439c (0x002181b3) x3  0x000000008000b010
core   0: 0x00000000800043a0 (0xdec1af07) flw     ft10, -532(gp)
core   0: 3 0x00000000800043a0 (0xdec1af07) f30 0xffffffff7f3d7291 mem 0x000000008000adfc
core   0: 0x00000000800043a4 (0x402181b3) sub     gp, gp, sp
core   0: 3 0x00000000800043a4 (0x402181b3) x3  0x000000008000a010
core   0: 0x00000000800043a8 (0x00100113) li      sp, 1
core   0: 3 0x00000000800043a8 (0x00100113) x2  0x0000000000000001
core   0: 0x00000000800043ac (0x00c11113) slli    sp, sp, 12
core   0: 3 0x00000000800043ac (0x00c11113) x2  0x0000000000001000
core   0: 0x00000000800043b0 (0x002181b3) add     gp, gp, sp
core   0: 3 0x00000000800043b0 (0x002181b3) x3  0x000000008000b010
core   0: 0x00000000800043b4 (0xdf01ae87) flw     ft9, -528(gp)
core   0: 3 0x00000000800043b4 (0xdf01ae87) f29 0xffffffff00000000 mem 0x000000008000ae00
core   0: 0x00000000800043b8 (0x402181b3) sub     gp, gp, sp
core   0: 3 0x00000000800043b8 (0x402181b3) x3  0x000000008000a010
core   0: 0x00000000800043bc (0x00100113) li      sp, 1
core   0: 3 0x00000000800043bc (0x00100113) x2  0x0000000000000001
core   0: 0x00000000800043c0 (0x00c11113) slli    sp, sp, 12
core   0: 3 0x00000000800043c0 (0x00c11113) x2  0x0000000000001000
core   0: 0x00000000800043c4 (0x002181b3) add     gp, gp, sp
core   0: 3 0x00000000800043c4 (0x002181b3) x3  0x000000008000b010
core   0: 0x00000000800043c8 (0xdf41ae07) flw     ft8, -524(gp)
core   0: 3 0x00000000800043c8 (0xdf41ae07) f28 0xffffffff03fffffc mem 0x000000008000ae04
core   0: 0x00000000800043cc (0x402181b3) sub     gp, gp, sp
core   0: 3 0x00000000800043cc (0x402181b3) x3  0x000000008000a010
core   0: 0x00000000800043d0 (0x00000113) li      sp, 0
core   0: 3 0x00000000800043d0 (0x00000113) x2  0x0000000000000000
core   0: 0x00000000800043d4 (0x00311073) csrw    fcsr, sp
core   0: 3 0x00000000800043d4 (0x00311073) c1_fflags 0x0000000000000000 c2_frm 0x0000000000000000
core   0: 0x00000000800043d8 (0xe1df7fc3) fmadd.s ft11, ft10, ft9, ft8
core   0: 3 0x00000000800043d8 (0xe1df7fc3) f31 0xffffffff03fffffc
core   0: 0x00000000800043dc (0x00302273) csrr    tp, fcsr
core   0: 3 0x00000000800043dc (0x00302273) x4  0x0000000000000000
core   0: 0x00000000800043e0 (0x29f0a827) fsw     ft11, 656(ra)
core   0: 3 0x00000000800043e0 (0x29f0a827) mem 0x000000008000d3a8 0x03fffffc
core   0: 0x00000000800043e4 (0x2840bc23) sd      tp, 664(ra)
core   0: 3 0x00000000800043e4 (0x2840bc23) mem 0x000000008000d3b0 0x0000000000000000
core   0: >>>>  inst_37930
core   0: 0x00000000800043e8 (0x00100113) li      sp, 1
core   0: 3 0x00000000800043e8 (0x00100113) x2  0x0000000000000001
core   0: 0x00000000800043ec (0x00c11113) slli    sp, sp, 12
core   0: 3 0x00000000800043ec (0x00c11113) x2  0x0000000000001000
core   0: 0x00000000800043f0 (0x002181b3) add     gp, gp, sp
core   0: 3 0x00000000800043f0 (0x002181b3) x3  0x000000008000b010
core   0: 0x00000000800043f4 (0xdf81af07) flw     ft10, -520(gp)
core   0: 3 0x00000000800043f4 (0xdf81af07) f30 0xffffffff7f3d7291 mem 0x000000008000ae08
core   0: 0x00000000800043f8 (0x402181b3) sub     gp, gp, sp
core   0: 3 0x00000000800043f8 (0x402181b3) x3  0x000000008000a010
core   0: 0x00000000800043fc (0x00100113) li      sp, 1
core   0: 3 0x00000000800043fc (0x00100113) x2  0x0000000000000001
core   0: 0x0000000080004400 (0x00c11113) slli    sp, sp, 12
core   0: 3 0x0000000080004400 (0x00c11113) x2  0x0000000000001000
core   0: 0x0000000080004404 (0x002181b3) add     gp, gp, sp
core   0: 3 0x0000000080004404 (0x002181b3) x3  0x000000008000b010
core   0: 0x0000000080004408 (0xdfc1ae87) flw     ft9, -516(gp)
core   0: 3 0x0000000080004408 (0xdfc1ae87) f29 0xffffffff00000000 mem 0x000000008000ae0c
core   0: 0x000000008000440c (0x402181b3) sub     gp, gp, sp
core   0: 3 0x000000008000440c (0x402181b3) x3  0x000000008000a010
core   0: 0x0000000080004410 (0x00100113) li      sp, 1
core   0: 3 0x0000000080004410 (0x00100113) x2  0x0000000000000001
core   0: 0x0000000080004414 (0x00c11113) slli    sp, sp, 12
core   0: 3 0x0000000080004414 (0x00c11113) x2  0x0000000000001000
core   0: 0x0000000080004418 (0x002181b3) add     gp, gp, sp
core   0: 3 0x0000000080004418 (0x002181b3) x3  0x000000008000b010
core   0: 0x000000008000441c (0xe001ae07) flw     ft8, -512(gp)
core   0: 3 0x000000008000441c (0xe001ae07) f28 0xffffffff03fffffe mem 0x000000008000ae10
core   0: 0x0000000080004420 (0x402181b3) sub     gp, gp, sp
core   0: 3 0x0000000080004420 (0x402181b3) x3  0x000000008000a010
core   0: 0x0000000080004424 (0x00000113) li      sp, 0
core   0: 3 0x0000000080004424 (0x00000113) x2  0x0000000000000000
core   0: 0x0000000080004428 (0x00311073) csrw    fcsr, sp
core   0: 3 0x0000000080004428 (0x00311073) c1_fflags 0x0000000000000000 c2_frm 0x0000000000000000
core   0: 0x000000008000442c (0xe1df7fc3) fmadd.s ft11, ft10, ft9, ft8
core   0: 3 0x000000008000442c (0xe1df7fc3) f31 0xffffffff03fffffe
core   0: 0x0000000080004430 (0x00302273) csrr    tp, fcsr
core   0: 3 0x0000000080004430 (0x00302273) x4  0x0000000000000000
core   0: 0x0000000080004434 (0x2bf0a027) fsw     ft11, 672(ra)
core   0: 3 0x0000000080004434 (0x2bf0a027) mem 0x000000008000d3b8 0x03fffffe
core   0: 0x0000000080004438 (0x2a40b423) sd      tp, 680(ra)
core   0: 3 0x0000000080004438 (0x2a40b423) mem 0x000000008000d3c0 0x0000000000000000
core   0: >>>>  inst_37931
core   0: 0x000000008000443c (0x00100113) li      sp, 1
core   0: 3 0x000000008000443c (0x00100113) x2  0x0000000000000001
core   0: 0x0000000080004440 (0x00c11113) slli    sp, sp, 12
core   0: 3 0x0000000080004440 (0x00c11113) x2  0x0000000000001000
core   0: 0x0000000080004444 (0x002181b3) add     gp, gp, sp
core   0: 3 0x0000000080004444 (0x002181b3) x3  0x000000008000b010
core   0: 0x0000000080004448 (0xe041af07) flw     ft10, -508(gp)
core   0: 3 0x0000000080004448 (0xe041af07) f30 0xffffffff7f3d7291 mem 0x000000008000ae14
core   0: 0x000000008000444c (0x402181b3) sub     gp, gp, sp
core   0: 3 0x000000008000444c (0x402181b3) x3  0x000000008000a010
core   0: 0x0000000080004450 (0x00100113) li      sp, 1
core   0: 3 0x0000000080004450 (0x00100113) x2  0x0000000000000001
core   0: 0x0000000080004454 (0x00c11113) slli    sp, sp, 12
core   0: 3 0x0000000080004454 (0x00c11113) x2  0x0000000000001000
core   0: 0x0000000080004458 (0x002181b3) add     gp, gp, sp
core   0: 3 0x0000000080004458 (0x002181b3) x3  0x000000008000b010
core   0: 0x000000008000445c (0xe081ae87) flw     ft9, -504(gp)
core   0: 3 0x000000008000445c (0xe081ae87) f29 0xffffffff00000000 mem 0x000000008000ae18
core   0: 0x0000000080004460 (0x402181b3) sub     gp, gp, sp
core   0: 3 0x0000000080004460 (0x402181b3) x3  0x000000008000a010
core   0: 0x0000000080004464 (0x00100113) li      sp, 1
core   0: 3 0x0000000080004464 (0x00100113) x2  0x0000000000000001
core   0: 0x0000000080004468 (0x00c11113) slli    sp, sp, 12
core   0: 3 0x0000000080004468 (0x00c11113) x2  0x0000000000001000
core   0: 0x000000008000446c (0x002181b3) add     gp, gp, sp
core   0: 3 0x000000008000446c (0x002181b3) x3  0x000000008000b010
core   0: 0x0000000080004470 (0xe0c1ae07) flw     ft8, -500(gp)
core   0: 3 0x0000000080004470 (0xe0c1ae07) f28 0xffffffff03ffffff mem 0x000000008000ae1c
core   0: 0x0000000080004474 (0x402181b3) sub     gp, gp, sp
core   0: 3 0x0000000080004474 (0x402181b3) x3  0x000000008000a010
core   0: 0x0000000080004478 (0x00000113) li      sp, 0
core   0: 3 0x0000000080004478 (0x00000113) x2  0x0000000000000000
core   0: 0x000000008000447c (0x00311073) csrw    fcsr, sp
core   0: 3 0x000000008000447c (0x00311073) c1_fflags 0x0000000000000000 c2_frm 0x0000000000000000
core   0: 0x0000000080004480 (0xe1df7fc3) fmadd.s ft11, ft10, ft9, ft8
core   0: 3 0x0000000080004480 (0xe1df7fc3) f31 0xffffffff03ffffff
core   0: 0x0000000080004484 (0x00302273) csrr    tp, fcsr
core   0: 3 0x0000000080004484 (0x00302273) x4  0x0000000000000000
core   0: 0x0000000080004488 (0x2bf0a827) fsw     ft11, 688(ra)
core   0: 3 0x0000000080004488 (0x2bf0a827) mem 0x000000008000d3c8 0x03ffffff
core   0: 0x000000008000448c (0x2a40bc23) sd      tp, 696(ra)
core   0: 3 0x000000008000448c (0x2a40bc23) mem 0x000000008000d3d0 0x0000000000000000
core   0: >>>>  inst_37932
core   0: 0x0000000080004490 (0x00100113) li      sp, 1
core   0: 3 0x0000000080004490 (0x00100113) x2  0x0000000000000001
core   0: 0x0000000080004494 (0x00c11113) slli    sp, sp, 12
core   0: 3 0x0000000080004494 (0x00c11113) x2  0x0000000000001000
core   0: 0x0000000080004498 (0x002181b3) add     gp, gp, sp
core   0: 3 0x0000000080004498 (0x002181b3) x3  0x000000008000b010
core   0: 0x000000008000449c (0xe101af07) flw     ft10, -496(gp)
core   0: 3 0x000000008000449c (0xe101af07) f30 0xffffffff7f3d8dc3 mem 0x000000008000ae20
core   0: 0x00000000800044a0 (0x402181b3) sub     gp, gp, sp
core   0: 3 0x00000000800044a0 (0x402181b3) x3  0x000000008000a010
core   0: 0x00000000800044a4 (0x00100113) li      sp, 1
core   0: 3 0x00000000800044a4 (0x00100113) x2  0x0000000000000001
core   0: 0x00000000800044a8 (0x00c11113) slli    sp, sp, 12
core   0: 3 0x00000000800044a8 (0x00c11113) x2  0x0000000000001000
core   0: 0x00000000800044ac (0x002181b3) add     gp, gp, sp
core   0: 3 0x00000000800044ac (0x002181b3) x3  0x000000008000b010
core   0: 0x00000000800044b0 (0xe141ae87) flw     ft9, -492(gp)
core   0: 3 0x00000000800044b0 (0xe141ae87) f29 0xffffffff00000000 mem 0x000000008000ae24
core   0: 0x00000000800044b4 (0x402181b3) sub     gp, gp, sp
core   0: 3 0x00000000800044b4 (0x402181b3) x3  0x000000008000a010
core   0: 0x00000000800044b8 (0x00100113) li      sp, 1
core   0: 3 0x00000000800044b8 (0x00100113) x2  0x0000000000000001
core   0: 0x00000000800044bc (0x00c11113) slli    sp, sp, 12
core   0: 3 0x00000000800044bc (0x00c11113) x2  0x0000000000001000
core   0: 0x00000000800044c0 (0x002181b3) add     gp, gp, sp
core   0: 3 0x00000000800044c0 (0x002181b3) x3  0x000000008000b010
core   0: 0x00000000800044c4 (0xe181ae07) flw     ft8, -488(gp)
core   0: 3 0x00000000800044c4 (0xe181ae07) f28 0xffffffff00000001 mem 0x000000008000ae28
core   0: 0x00000000800044c8 (0x402181b3) sub     gp, gp, sp
core   0: 3 0x00000000800044c8 (0x402181b3) x3  0x000000008000a010
core   0: 0x00000000800044cc (0x00000113) li      sp, 0
core   0: 3 0x00000000800044cc (0x00000113) x2  0x0000000000000000
core   0: 0x00000000800044d0 (0x00311073) csrw    fcsr, sp
core   0: 3 0x00000000800044d0 (0x00311073) c1_fflags 0x0000000000000000 c2_frm 0x0000000000000000
core   0: 0x00000000800044d4 (0xe1df7fc3) fmadd.s ft11, ft10, ft9, ft8
core   0: 3 0x00000000800044d4 (0xe1df7fc3) f31 0xffffffff00000001
core   0: 0x00000000800044d8 (0x00302273) csrr    tp, fcsr
core   0: 3 0x00000000800044d8 (0x00302273) x4  0x0000000000000000
core   0: 0x00000000800044dc (0x2df0a027) fsw     ft11, 704(ra)
core   0: 3 0x00000000800044dc (0x2df0a027) mem 0x000000008000d3d8 0x00000001
core   0: 0x00000000800044e0 (0x2c40b423) sd      tp, 712(ra)
core   0: 3 0x00000000800044e0 (0x2c40b423) mem 0x000000008000d3e0 0x0000000000000000
core   0: >>>>  inst_37933
core   0: 0x00000000800044e4 (0x00100113) li      sp, 1
core   0: 3 0x00000000800044e4 (0x00100113) x2  0x0000000000000001
core   0: 0x00000000800044e8 (0x00c11113) slli    sp, sp, 12
core   0: 3 0x00000000800044e8 (0x00c11113) x2  0x0000000000001000
core   0: 0x00000000800044ec (0x002181b3) add     gp, gp, sp
core   0: 3 0x00000000800044ec (0x002181b3) x3  0x000000008000b010
core   0: 0x00000000800044f0 (0xe1c1af07) flw     ft10, -484(gp)
core   0: 3 0x00000000800044f0 (0xe1c1af07) f30 0xffffffff7f3d8dc3 mem 0x000000008000ae2c
core   0: 0x00000000800044f4 (0x402181b3) sub     gp, gp, sp
core   0: 3 0x00000000800044f4 (0x402181b3) x3  0x000000008000a010
core   0: 0x00000000800044f8 (0x00100113) li      sp, 1
core   0: 3 0x00000000800044f8 (0x00100113) x2  0x0000000000000001
core   0: 0x00000000800044fc (0x00c11113) slli    sp, sp, 12
core   0: 3 0x00000000800044fc (0x00c11113) x2  0x0000000000001000
core   0: 0x0000000080004500 (0x002181b3) add     gp, gp, sp
core   0: 3 0x0000000080004500 (0x002181b3) x3  0x000000008000b010
core   0: 0x0000000080004504 (0xe201ae87) flw     ft9, -480(gp)
core   0: 3 0x0000000080004504 (0xe201ae87) f29 0xffffffff00000000 mem 0x000000008000ae30
core   0: 0x0000000080004508 (0x402181b3) sub     gp, gp, sp
core   0: 3 0x0000000080004508 (0x402181b3) x3  0x000000008000a010
core   0: 0x000000008000450c (0x00100113) li      sp, 1
core   0: 3 0x000000008000450c (0x00100113) x2  0x0000000000000001
core   0: 0x0000000080004510 (0x00c11113) slli    sp, sp, 12
core   0: 3 0x0000000080004510 (0x00c11113) x2  0x0000000000001000
core   0: 0x0000000080004514 (0x002181b3) add     gp, gp, sp
core   0: 3 0x0000000080004514 (0x002181b3) x3  0x000000008000b010
core   0: 0x0000000080004518 (0xe241ae07) flw     ft8, -476(gp)
core   0: 3 0x0000000080004518 (0xe241ae07) f28 0xffffffff00000003 mem 0x000000008000ae34
core   0: 0x000000008000451c (0x402181b3) sub     gp, gp, sp
core   0: 3 0x000000008000451c (0x402181b3) x3  0x000000008000a010
core   0: 0x0000000080004520 (0x00000113) li      sp, 0
core   0: 3 0x0000000080004520 (0x00000113) x2  0x0000000000000000
core   0: 0x0000000080004524 (0x00311073) csrw    fcsr, sp
core   0: 3 0x0000000080004524 (0x00311073) c1_fflags 0x0000000000000000 c2_frm 0x0000000000000000
core   0: 0x0000000080004528 (0xe1df7fc3) fmadd.s ft11, ft10, ft9, ft8
core   0: 3 0x0000000080004528 (0xe1df7fc3) f31 0xffffffff00000003
core   0: 0x000000008000452c (0x00302273) csrr    tp, fcsr
core   0: 3 0x000000008000452c (0x00302273) x4  0x0000000000000000
core   0: 0x0000000080004530 (0x2df0a827) fsw     ft11, 720(ra)
core   0: 3 0x0000000080004530 (0x2df0a827) mem 0x000000008000d3e8 0x00000003
core   0: 0x0000000080004534 (0x2c40bc23) sd      tp, 728(ra)
core   0: 3 0x0000000080004534 (0x2c40bc23) mem 0x000000008000d3f0 0x0000000000000000
core   0: >>>>  inst_37934
core   0: 0x0000000080004538 (0x00100113) li      sp, 1
core   0: 3 0x0000000080004538 (0x00100113) x2  0x0000000000000001
core   0: 0x000000008000453c (0x00c11113) slli    sp, sp, 12
core   0: 3 0x000000008000453c (0x00c11113) x2  0x0000000000001000
core   0: 0x0000000080004540 (0x002181b3) add     gp, gp, sp
core   0: 3 0x0000000080004540 (0x002181b3) x3  0x000000008000b010
core   0: 0x0000000080004544 (0xe281af07) flw     ft10, -472(gp)
core   0: 3 0x0000000080004544 (0xe281af07) f30 0xffffffff7f3d8dc3 mem 0x000000008000ae38
core   0: 0x0000000080004548 (0x402181b3) sub     gp, gp, sp
core   0: 3 0x0000000080004548 (0x402181b3) x3  0x000000008000a010
core   0: 0x000000008000454c (0x00100113) li      sp, 1
core   0: 3 0x000000008000454c (0x00100113) x2  0x0000000000000001
core   0: 0x0000000080004550 (0x00c11113) slli    sp, sp, 12
core   0: 3 0x0000000080004550 (0x00c11113) x2  0x0000000000001000
core   0: 0x0000000080004554 (0x002181b3) add     gp, gp, sp
core   0: 3 0x0000000080004554 (0x002181b3) x3  0x000000008000b010
core   0: 0x0000000080004558 (0xe2c1ae87) flw     ft9, -468(gp)
core   0: 3 0x0000000080004558 (0xe2c1ae87) f29 0xffffffff00000000 mem 0x000000008000ae3c
core   0: 0x000000008000455c (0x402181b3) sub     gp, gp, sp
core   0: 3 0x000000008000455c (0x402181b3) x3  0x000000008000a010
core   0: 0x0000000080004560 (0x00100113) li      sp, 1
core   0: 3 0x0000000080004560 (0x00100113) x2  0x0000000000000001
core   0: 0x0000000080004564 (0x00c11113) slli    sp, sp, 12
core   0: 3 0x0000000080004564 (0x00c11113) x2  0x0000000000001000
core   0: 0x0000000080004568 (0x002181b3) add     gp, gp, sp
core   0: 3 0x0000000080004568 (0x002181b3) x3  0x000000008000b010
core   0: 0x000000008000456c (0xe301ae07) flw     ft8, -464(gp)
core   0: 3 0x000000008000456c (0xe301ae07) f28 0xffffffff00000007 mem 0x000000008000ae40
core   0: 0x0000000080004570 (0x402181b3) sub     gp, gp, sp
core   0: 3 0x0000000080004570 (0x402181b3) x3  0x000000008000a010
core   0: 0x0000000080004574 (0x00000113) li      sp, 0
core   0: 3 0x0000000080004574 (0x00000113) x2  0x0000000000000000
core   0: 0x0000000080004578 (0x00311073) csrw    fcsr, sp
core   0: 3 0x0000000080004578 (0x00311073) c1_fflags 0x0000000000000000 c2_frm 0x0000000000000000
core   0: 0x000000008000457c (0xe1df7fc3) fmadd.s ft11, ft10, ft9, ft8
core   0: 3 0x000000008000457c (0xe1df7fc3) f31 0xffffffff00000007
core   0: 0x0000000080004580 (0x00302273) csrr    tp, fcsr
core   0: 3 0x0000000080004580 (0x00302273) x4  0x0000000000000000
core   0: 0x0000000080004584 (0x2ff0a027) fsw     ft11, 736(ra)
core   0: 3 0x0000000080004584 (0x2ff0a027) mem 0x000000008000d3f8 0x00000007
core   0: 0x0000000080004588 (0x2e40b423) sd      tp, 744(ra)
core   0: 3 0x0000000080004588 (0x2e40b423) mem 0x000000008000d400 0x0000000000000000
core   0: >>>>  inst_37935
core   0: 0x000000008000458c (0x00100113) li      sp, 1
core   0: 3 0x000000008000458c (0x00100113) x2  0x0000000000000001
core   0: 0x0000000080004590 (0x00c11113) slli    sp, sp, 12
core   0: 3 0x0000000080004590 (0x00c11113) x2  0x0000000000001000
core   0: 0x0000000080004594 (0x002181b3) add     gp, gp, sp
core   0: 3 0x0000000080004594 (0x002181b3) x3  0x000000008000b010
core   0: 0x0000000080004598 (0xe341af07) flw     ft10, -460(gp)
core   0: 3 0x0000000080004598 (0xe341af07) f30 0xffffffff7f3d8dc3 mem 0x000000008000ae44
core   0: 0x000000008000459c (0x402181b3) sub     gp, gp, sp
core   0: 3 0x000000008000459c (0x402181b3) x3  0x000000008000a010
core   0: 0x00000000800045a0 (0x00100113) li      sp, 1
core   0: 3 0x00000000800045a0 (0x00100113) x2  0x0000000000000001
core   0: 0x00000000800045a4 (0x00c11113) slli    sp, sp, 12
core   0: 3 0x00000000800045a4 (0x00c11113) x2  0x0000000000001000
core   0: 0x00000000800045a8 (0x002181b3) add     gp, gp, sp
core   0: 3 0x00000000800045a8 (0x002181b3) x3  0x000000008000b010
core   0: 0x00000000800045ac (0xe381ae87) flw     ft9, -456(gp)
core   0: 3 0x00000000800045ac (0xe381ae87) f29 0xffffffff00000000 mem 0x000000008000ae48
core   0: 0x00000000800045b0 (0x402181b3) sub     gp, gp, sp
core   0: 3 0x00000000800045b0 (0x402181b3) x3  0x000000008000a010
core   0: 0x00000000800045b4 (0x00100113) li      sp, 1
core   0: 3 0x00000000800045b4 (0x00100113) x2  0x0000000000000001
core   0: 0x00000000800045b8 (0x00c11113) slli    sp, sp, 12
core   0: 3 0x00000000800045b8 (0x00c11113) x2  0x0000000000001000
core   0: 0x00000000800045bc (0x002181b3) add     gp, gp, sp
core   0: 3 0x00000000800045bc (0x002181b3) x3  0x000000008000b010
core   0: 0x00000000800045c0 (0xe3c1ae07) flw     ft8, -452(gp)
core   0: 3 0x00000000800045c0 (0xe3c1ae07) f28 0xffffffff00199999 mem 0x000000008000ae4c
core   0: 0x00000000800045c4 (0x402181b3) sub     gp, gp, sp
core   0: 3 0x00000000800045c4 (0x402181b3) x3  0x000000008000a010
core   0: 0x00000000800045c8 (0x00000113) li      sp, 0
core   0: 3 0x00000000800045c8 (0x00000113) x2  0x0000000000000000
core   0: 0x00000000800045cc (0x00311073) csrw    fcsr, sp
core   0: 3 0x00000000800045cc (0x00311073) c1_fflags 0x0000000000000000 c2_frm 0x0000000000000000
core   0: 0x00000000800045d0 (0xe1df7fc3) fmadd.s ft11, ft10, ft9, ft8
core   0: 3 0x00000000800045d0 (0xe1df7fc3) f31 0xffffffff00199999
core   0: 0x00000000800045d4 (0x00302273) csrr    tp, fcsr
core   0: 3 0x00000000800045d4 (0x00302273) x4  0x0000000000000000
core   0: 0x00000000800045d8 (0x2ff0a827) fsw     ft11, 752(ra)
core   0: 3 0x00000000800045d8 (0x2ff0a827) mem 0x000000008000d408 0x00199999
core   0: 0x00000000800045dc (0x2e40bc23) sd      tp, 760(ra)
core   0: 3 0x00000000800045dc (0x2e40bc23) mem 0x000000008000d410 0x0000000000000000
core   0: >>>>  inst_37936
core   0: 0x00000000800045e0 (0x00100113) li      sp, 1
core   0: 3 0x00000000800045e0 (0x00100113) x2  0x0000000000000001
core   0: 0x00000000800045e4 (0x00c11113) slli    sp, sp, 12
core   0: 3 0x00000000800045e4 (0x00c11113) x2  0x0000000000001000
core   0: 0x00000000800045e8 (0x002181b3) add     gp, gp, sp
core   0: 3 0x00000000800045e8 (0x002181b3) x3  0x000000008000b010
core   0: 0x00000000800045ec (0xe401af07) flw     ft10, -448(gp)
core   0: 3 0x00000000800045ec (0xe401af07) f30 0xffffffff7f3d8dc3 mem 0x000000008000ae50
core   0: 0x00000000800045f0 (0x402181b3) sub     gp, gp, sp
core   0: 3 0x00000000800045f0 (0x402181b3) x3  0x000000008000a010
core   0: 0x00000000800045f4 (0x00100113) li      sp, 1
core   0: 3 0x00000000800045f4 (0x00100113) x2  0x0000000000000001
core   0: 0x00000000800045f8 (0x00c11113) slli    sp, sp, 12
core   0: 3 0x00000000800045f8 (0x00c11113) x2  0x0000000000001000
core   0: 0x00000000800045fc (0x002181b3) add     gp, gp, sp
core   0: 3 0x00000000800045fc (0x002181b3) x3  0x000000008000b010
core   0: 0x0000000080004600 (0xe441ae87) flw     ft9, -444(gp)
core   0: 3 0x0000000080004600 (0xe441ae87) f29 0xffffffff00000000 mem 0x000000008000ae54
core   0: 0x0000000080004604 (0x402181b3) sub     gp, gp, sp
core   0: 3 0x0000000080004604 (0x402181b3) x3  0x000000008000a010
core   0: 0x0000000080004608 (0x00100113) li      sp, 1
core   0: 3 0x0000000080004608 (0x00100113) x2  0x0000000000000001
core   0: 0x000000008000460c (0x00c11113) slli    sp, sp, 12
core   0: 3 0x000000008000460c (0x00c11113) x2  0x0000000000001000
core   0: 0x0000000080004610 (0x002181b3) add     gp, gp, sp
core   0: 3 0x0000000080004610 (0x002181b3) x3  0x000000008000b010
core   0: 0x0000000080004614 (0xe481ae07) flw     ft8, -440(gp)
core   0: 3 0x0000000080004614 (0xe481ae07) f28 0xffffffff00249249 mem 0x000000008000ae58
core   0: 0x0000000080004618 (0x402181b3) sub     gp, gp, sp
core   0: 3 0x0000000080004618 (0x402181b3) x3  0x000000008000a010
core   0: 0x000000008000461c (0x00000113) li      sp, 0
core   0: 3 0x000000008000461c (0x00000113) x2  0x0000000000000000
core   0: 0x0000000080004620 (0x00311073) csrw    fcsr, sp
core   0: 3 0x0000000080004620 (0x00311073) c1_fflags 0x0000000000000000 c2_frm 0x0000000000000000
core   0: 0x0000000080004624 (0xe1df7fc3) fmadd.s ft11, ft10, ft9, ft8
core   0: 3 0x0000000080004624 (0xe1df7fc3) f31 0xffffffff00249249
core   0: 0x0000000080004628 (0x00302273) csrr    tp, fcsr
core   0: 3 0x0000000080004628 (0x00302273) x4  0x0000000000000000
core   0: 0x000000008000462c (0x31f0a027) fsw     ft11, 768(ra)
core   0: 3 0x000000008000462c (0x31f0a027) mem 0x000000008000d418 0x00249249
core   0: 0x0000000080004630 (0x3040b423) sd      tp, 776(ra)
core   0: 3 0x0000000080004630 (0x3040b423) mem 0x000000008000d420 0x0000000000000000
core   0: >>>>  inst_37937
core   0: 0x0000000080004634 (0x00100113) li      sp, 1
core   0: 3 0x0000000080004634 (0x00100113) x2  0x0000000000000001
core   0: 0x0000000080004638 (0x00c11113) slli    sp, sp, 12
core   0: 3 0x0000000080004638 (0x00c11113) x2  0x0000000000001000
core   0: 0x000000008000463c (0x002181b3) add     gp, gp, sp
core   0: 3 0x000000008000463c (0x002181b3) x3  0x000000008000b010
core   0: 0x0000000080004640 (0xe4c1af07) flw     ft10, -436(gp)
core   0: 3 0x0000000080004640 (0xe4c1af07) f30 0xffffffff7f3d8dc3 mem 0x000000008000ae5c
core   0: 0x0000000080004644 (0x402181b3) sub     gp, gp, sp
core   0: 3 0x0000000080004644 (0x402181b3) x3  0x000000008000a010
core   0: 0x0000000080004648 (0x00100113) li      sp, 1
core   0: 3 0x0000000080004648 (0x00100113) x2  0x0000000000000001
core   0: 0x000000008000464c (0x00c11113) slli    sp, sp, 12
core   0: 3 0x000000008000464c (0x00c11113) x2  0x0000000000001000
core   0: 0x0000000080004650 (0x002181b3) add     gp, gp, sp
core   0: 3 0x0000000080004650 (0x002181b3) x3  0x000000008000b010
core   0: 0x0000000080004654 (0xe501ae87) flw     ft9, -432(gp)
core   0: 3 0x0000000080004654 (0xe501ae87) f29 0xffffffff00000000 mem 0x000000008000ae60
core   0: 0x0000000080004658 (0x402181b3) sub     gp, gp, sp
core   0: 3 0x0000000080004658 (0x402181b3) x3  0x000000008000a010
core   0: 0x000000008000465c (0x00100113) li      sp, 1
core   0: 3 0x000000008000465c (0x00100113) x2  0x0000000000000001
core   0: 0x0000000080004660 (0x00c11113) slli    sp, sp, 12
core   0: 3 0x0000000080004660 (0x00c11113) x2  0x0000000000001000
core   0: 0x0000000080004664 (0x002181b3) add     gp, gp, sp
core   0: 3 0x0000000080004664 (0x002181b3) x3  0x000000008000b010
core   0: 0x0000000080004668 (0xe541ae07) flw     ft8, -428(gp)
core   0: 3 0x0000000080004668 (0xe541ae07) f28 0xffffffff00333333 mem 0x000000008000ae64
core   0: 0x000000008000466c (0x402181b3) sub     gp, gp, sp
core   0: 3 0x000000008000466c (0x402181b3) x3  0x000000008000a010
core   0: 0x0000000080004670 (0x00000113) li      sp, 0
core   0: 3 0x0000000080004670 (0x00000113) x2  0x0000000000000000
core   0: 0x0000000080004674 (0x00311073) csrw    fcsr, sp
core   0: 3 0x0000000080004674 (0x00311073) c1_fflags 0x0000000000000000 c2_frm 0x0000000000000000
core   0: 0x0000000080004678 (0xe1df7fc3) fmadd.s ft11, ft10, ft9, ft8
core   0: 3 0x0000000080004678 (0xe1df7fc3) f31 0xffffffff00333333
core   0: 0x000000008000467c (0x00302273) csrr    tp, fcsr
core   0: 3 0x000000008000467c (0x00302273) x4  0x0000000000000000
core   0: 0x0000000080004680 (0x31f0a827) fsw     ft11, 784(ra)
core   0: 3 0x0000000080004680 (0x31f0a827) mem 0x000000008000d428 0x00333333
core   0: 0x0000000080004684 (0x3040bc23) sd      tp, 792(ra)
core   0: 3 0x0000000080004684 (0x3040bc23) mem 0x000000008000d430 0x0000000000000000
core   0: >>>>  inst_37938
core   0: 0x0000000080004688 (0x00100113) li      sp, 1
core   0: 3 0x0000000080004688 (0x00100113) x2  0x0000000000000001
core   0: 0x000000008000468c (0x00c11113) slli    sp, sp, 12
core   0: 3 0x000000008000468c (0x00c11113) x2  0x0000000000001000
core   0: 0x0000000080004690 (0x002181b3) add     gp, gp, sp
core   0: 3 0x0000000080004690 (0x002181b3) x3  0x000000008000b010
core   0: 0x0000000080004694 (0xe581af07) flw     ft10, -424(gp)
core   0: 3 0x0000000080004694 (0xe581af07) f30 0xffffffff7f3d8dc3 mem 0x000000008000ae68
core   0: 0x0000000080004698 (0x402181b3) sub     gp, gp, sp
core   0: 3 0x0000000080004698 (0x402181b3) x3  0x000000008000a010
core   0: 0x000000008000469c (0x00100113) li      sp, 1
core   0: 3 0x000000008000469c (0x00100113) x2  0x0000000000000001
core   0: 0x00000000800046a0 (0x00c11113) slli    sp, sp, 12
core   0: 3 0x00000000800046a0 (0x00c11113) x2  0x0000000000001000
core   0: 0x00000000800046a4 (0x002181b3) add     gp, gp, sp
core   0: 3 0x00000000800046a4 (0x002181b3) x3  0x000000008000b010
core   0: 0x00000000800046a8 (0xe5c1ae87) flw     ft9, -420(gp)
core   0: 3 0x00000000800046a8 (0xe5c1ae87) f29 0xffffffff00000000 mem 0x000000008000ae6c
core   0: 0x00000000800046ac (0x402181b3) sub     gp, gp, sp
core   0: 3 0x00000000800046ac (0x402181b3) x3  0x000000008000a010
core   0: 0x00000000800046b0 (0x00100113) li      sp, 1
core   0: 3 0x00000000800046b0 (0x00100113) x2  0x0000000000000001
core   0: 0x00000000800046b4 (0x00c11113) slli    sp, sp, 12
core   0: 3 0x00000000800046b4 (0x00c11113) x2  0x0000000000001000
core   0: 0x00000000800046b8 (0x002181b3) add     gp, gp, sp
core   0: 3 0x00000000800046b8 (0x002181b3) x3  0x000000008000b010
core   0: 0x00000000800046bc (0xe601ae07) flw     ft8, -416(gp)
core   0: 3 0x00000000800046bc (0xe601ae07) f28 0xffffffff0036db6d mem 0x000000008000ae70
core   0: 0x00000000800046c0 (0x402181b3) sub     gp, gp, sp
core   0: 3 0x00000000800046c0 (0x402181b3) x3  0x000000008000a010
core   0: 0x00000000800046c4 (0x00000113) li      sp, 0
core   0: 3 0x00000000800046c4 (0x00000113) x2  0x0000000000000000
core   0: 0x00000000800046c8 (0x00311073) csrw    fcsr, sp
core   0: 3 0x00000000800046c8 (0x00311073) c1_fflags 0x0000000000000000 c2_frm 0x0000000000000000
core   0: 0x00000000800046cc (0xe1df7fc3) fmadd.s ft11, ft10, ft9, ft8
core   0: 3 0x00000000800046cc (0xe1df7fc3) f31 0xffffffff0036db6d
core   0: 0x00000000800046d0 (0x00302273) csrr    tp, fcsr
core   0: 3 0x00000000800046d0 (0x00302273) x4  0x0000000000000000
core   0: 0x00000000800046d4 (0x33f0a027) fsw     ft11, 800(ra)
core   0: 3 0x00000000800046d4 (0x33f0a027) mem 0x000000008000d438 0x0036db6d
core   0: 0x00000000800046d8 (0x3240b423) sd      tp, 808(ra)
core   0: 3 0x00000000800046d8 (0x3240b423) mem 0x000000008000d440 0x0000000000000000
core   0: >>>>  inst_37939
core   0: 0x00000000800046dc (0x00100113) li      sp, 1
core   0: 3 0x00000000800046dc (0x00100113) x2  0x0000000000000001
core   0: 0x00000000800046e0 (0x00c11113) slli    sp, sp, 12
core   0: 3 0x00000000800046e0 (0x00c11113) x2  0x0000000000001000
core   0: 0x00000000800046e4 (0x002181b3) add     gp, gp, sp
core   0: 3 0x00000000800046e4 (0x002181b3) x3  0x000000008000b010
core   0: 0x00000000800046e8 (0xe641af07) flw     ft10, -412(gp)
core   0: 3 0x00000000800046e8 (0xe641af07) f30 0xffffffff7f3d8dc3 mem 0x000000008000ae74
core   0: 0x00000000800046ec (0x402181b3) sub     gp, gp, sp
core   0: 3 0x00000000800046ec (0x402181b3) x3  0x000000008000a010
core   0: 0x00000000800046f0 (0x00100113) li      sp, 1
core   0: 3 0x00000000800046f0 (0x00100113) x2  0x0000000000000001
core   0: 0x00000000800046f4 (0x00c11113) slli    sp, sp, 12
core   0: 3 0x00000000800046f4 (0x00c11113) x2  0x0000000000001000
core   0: 0x00000000800046f8 (0x002181b3) add     gp, gp, sp
core   0: 3 0x00000000800046f8 (0x002181b3) x3  0x000000008000b010
core   0: 0x00000000800046fc (0xe681ae87) flw     ft9, -408(gp)
core   0: 3 0x00000000800046fc (0xe681ae87) f29 0xffffffff00000000 mem 0x000000008000ae78
core   0: 0x0000000080004700 (0x402181b3) sub     gp, gp, sp
core   0: 3 0x0000000080004700 (0x402181b3) x3  0x000000008000a010
core   0: 0x0000000080004704 (0x00100113) li      sp, 1
core   0: 3 0x0000000080004704 (0x00100113) x2  0x0000000000000001
core   0: 0x0000000080004708 (0x00c11113) slli    sp, sp, 12
core   0: 3 0x0000000080004708 (0x00c11113) x2  0x0000000000001000
core   0: 0x000000008000470c (0x002181b3) add     gp, gp, sp
core   0: 3 0x000000008000470c (0x002181b3) x3  0x000000008000b010
core   0: 0x0000000080004710 (0xe6c1ae07) flw     ft8, -404(gp)
core   0: 3 0x0000000080004710 (0xe6c1ae07) f28 0xffffffff003bbbbb mem 0x000000008000ae7c
core   0: 0x0000000080004714 (0x402181b3) sub     gp, gp, sp
core   0: 3 0x0000000080004714 (0x402181b3) x3  0x000000008000a010
core   0: 0x0000000080004718 (0x00000113) li      sp, 0
core   0: 3 0x0000000080004718 (0x00000113) x2  0x0000000000000000
core   0: 0x000000008000471c (0x00311073) csrw    fcsr, sp
core   0: 3 0x000000008000471c (0x00311073) c1_fflags 0x0000000000000000 c2_frm 0x0000000000000000
core   0: 0x0000000080004720 (0xe1df7fc3) fmadd.s ft11, ft10, ft9, ft8
core   0: 3 0x0000000080004720 (0xe1df7fc3) f31 0xffffffff003bbbbb
core   0: 0x0000000080004724 (0x00302273) csrr    tp, fcsr
core   0: 3 0x0000000080004724 (0x00302273) x4  0x0000000000000000
core   0: 0x0000000080004728 (0x33f0a827) fsw     ft11, 816(ra)
core   0: 3 0x0000000080004728 (0x33f0a827) mem 0x000000008000d448 0x003bbbbb
core   0: 0x000000008000472c (0x3240bc23) sd      tp, 824(ra)
core   0: 3 0x000000008000472c (0x3240bc23) mem 0x000000008000d450 0x0000000000000000
core   0: >>>>  inst_37940
core   0: 0x0000000080004730 (0x00100113) li      sp, 1
core   0: 3 0x0000000080004730 (0x00100113) x2  0x0000000000000001
core   0: 0x0000000080004734 (0x00c11113) slli    sp, sp, 12
core   0: 3 0x0000000080004734 (0x00c11113) x2  0x0000000000001000
core   0: 0x0000000080004738 (0x002181b3) add     gp, gp, sp
core   0: 3 0x0000000080004738 (0x002181b3) x3  0x000000008000b010
core   0: 0x000000008000473c (0xe701af07) flw     ft10, -400(gp)
core   0: 3 0x000000008000473c (0xe701af07) f30 0xffffffff7f3d8dc3 mem 0x000000008000ae80
core   0: 0x0000000080004740 (0x402181b3) sub     gp, gp, sp
core   0: 3 0x0000000080004740 (0x402181b3) x3  0x000000008000a010
core   0: 0x0000000080004744 (0x00100113) li      sp, 1
core   0: 3 0x0000000080004744 (0x00100113) x2  0x0000000000000001
core   0: 0x0000000080004748 (0x00c11113) slli    sp, sp, 12
core   0: 3 0x0000000080004748 (0x00c11113) x2  0x0000000000001000
core   0: 0x000000008000474c (0x002181b3) add     gp, gp, sp
core   0: 3 0x000000008000474c (0x002181b3) x3  0x000000008000b010
core   0: 0x0000000080004750 (0xe741ae87) flw     ft9, -396(gp)
core   0: 3 0x0000000080004750 (0xe741ae87) f29 0xffffffff00000000 mem 0x000000008000ae84
core   0: 0x0000000080004754 (0x402181b3) sub     gp, gp, sp
core   0: 3 0x0000000080004754 (0x402181b3) x3  0x000000008000a010
core   0: 0x0000000080004758 (0x00100113) li      sp, 1
core   0: 3 0x0000000080004758 (0x00100113) x2  0x0000000000000001
core   0: 0x000000008000475c (0x00c11113) slli    sp, sp, 12
core   0: 3 0x000000008000475c (0x00c11113) x2  0x0000000000001000
core   0: 0x0000000080004760 (0x002181b3) add     gp, gp, sp
core   0: 3 0x0000000080004760 (0x002181b3) x3  0x000000008000b010
core   0: 0x0000000080004764 (0xe781ae07) flw     ft8, -392(gp)
core   0: 3 0x0000000080004764 (0xe781ae07) f28 0xffffffff00444444 mem 0x000000008000ae88
core   0: 0x0000000080004768 (0x402181b3) sub     gp, gp, sp
core   0: 3 0x0000000080004768 (0x402181b3) x3  0x000000008000a010
core   0: 0x000000008000476c (0x00000113) li      sp, 0
core   0: 3 0x000000008000476c (0x00000113) x2  0x0000000000000000
core   0: 0x0000000080004770 (0x00311073) csrw    fcsr, sp
core   0: 3 0x0000000080004770 (0x00311073) c1_fflags 0x0000000000000000 c2_frm 0x0000000000000000
core   0: 0x0000000080004774 (0xe1df7fc3) fmadd.s ft11, ft10, ft9, ft8
core   0: 3 0x0000000080004774 (0xe1df7fc3) f31 0xffffffff00444444
core   0: 0x0000000080004778 (0x00302273) csrr    tp, fcsr
core   0: 3 0x0000000080004778 (0x00302273) x4  0x0000000000000000
core   0: 0x000000008000477c (0x35f0a027) fsw     ft11, 832(ra)
core   0: 3 0x000000008000477c (0x35f0a027) mem 0x000000008000d458 0x00444444
core   0: 0x0000000080004780 (0x3440b423) sd      tp, 840(ra)
core   0: 3 0x0000000080004780 (0x3440b423) mem 0x000000008000d460 0x0000000000000000
core   0: >>>>  inst_37941
core   0: 0x0000000080004784 (0x00100113) li      sp, 1
core   0: 3 0x0000000080004784 (0x00100113) x2  0x0000000000000001
core   0: 0x0000000080004788 (0x00c11113) slli    sp, sp, 12
core   0: 3 0x0000000080004788 (0x00c11113) x2  0x0000000000001000
core   0: 0x000000008000478c (0x002181b3) add     gp, gp, sp
core   0: 3 0x000000008000478c (0x002181b3) x3  0x000000008000b010
core   0: 0x0000000080004790 (0xe7c1af07) flw     ft10, -388(gp)
core   0: 3 0x0000000080004790 (0xe7c1af07) f30 0xffffffff7f3d8dc3 mem 0x000000008000ae8c
core   0: 0x0000000080004794 (0x402181b3) sub     gp, gp, sp
core   0: 3 0x0000000080004794 (0x402181b3) x3  0x000000008000a010
core   0: 0x0000000080004798 (0x00100113) li      sp, 1
core   0: 3 0x0000000080004798 (0x00100113) x2  0x0000000000000001
core   0: 0x000000008000479c (0x00c11113) slli    sp, sp, 12
core   0: 3 0x000000008000479c (0x00c11113) x2  0x0000000000001000
core   0: 0x00000000800047a0 (0x002181b3) add     gp, gp, sp
core   0: 3 0x00000000800047a0 (0x002181b3) x3  0x000000008000b010
core   0: 0x00000000800047a4 (0xe801ae87) flw     ft9, -384(gp)
core   0: 3 0x00000000800047a4 (0xe801ae87) f29 0xffffffff00000000 mem 0x000000008000ae90
core   0: 0x00000000800047a8 (0x402181b3) sub     gp, gp, sp
core   0: 3 0x00000000800047a8 (0x402181b3) x3  0x000000008000a010
core   0: 0x00000000800047ac (0x00100113) li      sp, 1
core   0: 3 0x00000000800047ac (0x00100113) x2  0x0000000000000001
core   0: 0x00000000800047b0 (0x00c11113) slli    sp, sp, 12
core   0: 3 0x00000000800047b0 (0x00c11113) x2  0x0000000000001000
core   0: 0x00000000800047b4 (0x002181b3) add     gp, gp, sp
core   0: 3 0x00000000800047b4 (0x002181b3) x3  0x000000008000b010
core   0: 0x00000000800047b8 (0xe841ae07) flw     ft8, -380(gp)
core   0: 3 0x00000000800047b8 (0xe841ae07) f28 0xffffffff004ccccc mem 0x000000008000ae94
core   0: 0x00000000800047bc (0x402181b3) sub     gp, gp, sp
core   0: 3 0x00000000800047bc (0x402181b3) x3  0x000000008000a010
core   0: 0x00000000800047c0 (0x00000113) li      sp, 0
core   0: 3 0x00000000800047c0 (0x00000113) x2  0x0000000000000000
core   0: 0x00000000800047c4 (0x00311073) csrw    fcsr, sp
core   0: 3 0x00000000800047c4 (0x00311073) c1_fflags 0x0000000000000000 c2_frm 0x0000000000000000
core   0: 0x00000000800047c8 (0xe1df7fc3) fmadd.s ft11, ft10, ft9, ft8
core   0: 3 0x00000000800047c8 (0xe1df7fc3) f31 0xffffffff004ccccc
core   0: 0x00000000800047cc (0x00302273) csrr    tp, fcsr
core   0: 3 0x00000000800047cc (0x00302273) x4  0x0000000000000000
core   0: 0x00000000800047d0 (0x35f0a827) fsw     ft11, 848(ra)
core   0: 3 0x00000000800047d0 (0x35f0a827) mem 0x000000008000d468 0x004ccccc
core   0: 0x00000000800047d4 (0x3440bc23) sd      tp, 856(ra)
core   0: 3 0x00000000800047d4 (0x3440bc23) mem 0x000000008000d470 0x0000000000000000
core   0: >>>>  inst_37942
core   0: 0x00000000800047d8 (0x00100113) li      sp, 1
core   0: 3 0x00000000800047d8 (0x00100113) x2  0x0000000000000001
core   0: 0x00000000800047dc (0x00c11113) slli    sp, sp, 12
core   0: 3 0x00000000800047dc (0x00c11113) x2  0x0000000000001000
core   0: 0x00000000800047e0 (0x002181b3) add     gp, gp, sp
core   0: 3 0x00000000800047e0 (0x002181b3) x3  0x000000008000b010
core   0: 0x00000000800047e4 (0xe881af07) flw     ft10, -376(gp)
core   0: 3 0x00000000800047e4 (0xe881af07) f30 0xffffffff7f3d8dc3 mem 0x000000008000ae98
core   0: 0x00000000800047e8 (0x402181b3) sub     gp, gp, sp
core   0: 3 0x00000000800047e8 (0x402181b3) x3  0x000000008000a010
core   0: 0x00000000800047ec (0x00100113) li      sp, 1
core   0: 3 0x00000000800047ec (0x00100113) x2  0x0000000000000001
core   0: 0x00000000800047f0 (0x00c11113) slli    sp, sp, 12
core   0: 3 0x00000000800047f0 (0x00c11113) x2  0x0000000000001000
core   0: 0x00000000800047f4 (0x002181b3) add     gp, gp, sp
core   0: 3 0x00000000800047f4 (0x002181b3) x3  0x000000008000b010
core   0: 0x00000000800047f8 (0xe8c1ae87) flw     ft9, -372(gp)
core   0: 3 0x00000000800047f8 (0xe8c1ae87) f29 0xffffffff00000000 mem 0x000000008000ae9c
core   0: 0x00000000800047fc (0x402181b3) sub     gp, gp, sp
core   0: 3 0x00000000800047fc (0x402181b3) x3  0x000000008000a010
core   0: 0x0000000080004800 (0x00100113) li      sp, 1
core   0: 3 0x0000000080004800 (0x00100113) x2  0x0000000000000001
core   0: 0x0000000080004804 (0x00c11113) slli    sp, sp, 12
core   0: 3 0x0000000080004804 (0x00c11113) x2  0x0000000000001000
core   0: 0x0000000080004808 (0x002181b3) add     gp, gp, sp
core   0: 3 0x0000000080004808 (0x002181b3) x3  0x000000008000b010
core   0: 0x000000008000480c (0xe901ae07) flw     ft8, -368(gp)
core   0: 3 0x000000008000480c (0xe901ae07) f28 0xffffffff005b6db6 mem 0x000000008000aea0
core   0: 0x0000000080004810 (0x402181b3) sub     gp, gp, sp
core   0: 3 0x0000000080004810 (0x402181b3) x3  0x000000008000a010
core   0: 0x0000000080004814 (0x00000113) li      sp, 0
core   0: 3 0x0000000080004814 (0x00000113) x2  0x0000000000000000
core   0: 0x0000000080004818 (0x00311073) csrw    fcsr, sp
core   0: 3 0x0000000080004818 (0x00311073) c1_fflags 0x0000000000000000 c2_frm 0x0000000000000000
core   0: 0x000000008000481c (0xe1df7fc3) fmadd.s ft11, ft10, ft9, ft8
core   0: 3 0x000000008000481c (0xe1df7fc3) f31 0xffffffff005b6db6
core   0: 0x0000000080004820 (0x00302273) csrr    tp, fcsr
core   0: 3 0x0000000080004820 (0x00302273) x4  0x0000000000000000
core   0: 0x0000000080004824 (0x37f0a027) fsw     ft11, 864(ra)
core   0: 3 0x0000000080004824 (0x37f0a027) mem 0x000000008000d478 0x005b6db6
core   0: 0x0000000080004828 (0x3640b423) sd      tp, 872(ra)
core   0: 3 0x0000000080004828 (0x3640b423) mem 0x000000008000d480 0x0000000000000000
core   0: >>>>  inst_37943
core   0: 0x000000008000482c (0x00100113) li      sp, 1
core   0: 3 0x000000008000482c (0x00100113) x2  0x0000000000000001
core   0: 0x0000000080004830 (0x00c11113) slli    sp, sp, 12
core   0: 3 0x0000000080004830 (0x00c11113) x2  0x0000000000001000
core   0: 0x0000000080004834 (0x002181b3) add     gp, gp, sp
core   0: 3 0x0000000080004834 (0x002181b3) x3  0x000000008000b010
core   0: 0x0000000080004838 (0xe941af07) flw     ft10, -364(gp)
core   0: 3 0x0000000080004838 (0xe941af07) f30 0xffffffff7f3d8dc3 mem 0x000000008000aea4
core   0: 0x000000008000483c (0x402181b3) sub     gp, gp, sp
core   0: 3 0x000000008000483c (0x402181b3) x3  0x000000008000a010
core   0: 0x0000000080004840 (0x00100113) li      sp, 1
core   0: 3 0x0000000080004840 (0x00100113) x2  0x0000000000000001
core   0: 0x0000000080004844 (0x00c11113) slli    sp, sp, 12
core   0: 3 0x0000000080004844 (0x00c11113) x2  0x0000000000001000
core   0: 0x0000000080004848 (0x002181b3) add     gp, gp, sp
core   0: 3 0x0000000080004848 (0x002181b3) x3  0x000000008000b010
core   0: 0x000000008000484c (0xe981ae87) flw     ft9, -360(gp)
core   0: 3 0x000000008000484c (0xe981ae87) f29 0xffffffff00000000 mem 0x000000008000aea8
core   0: 0x0000000080004850 (0x402181b3) sub     gp, gp, sp
core   0: 3 0x0000000080004850 (0x402181b3) x3  0x000000008000a010
core   0: 0x0000000080004854 (0x00100113) li      sp, 1
core   0: 3 0x0000000080004854 (0x00100113) x2  0x0000000000000001
core   0: 0x0000000080004858 (0x00c11113) slli    sp, sp, 12
core   0: 3 0x0000000080004858 (0x00c11113) x2  0x0000000000001000
core   0: 0x000000008000485c (0x002181b3) add     gp, gp, sp
core   0: 3 0x000000008000485c (0x002181b3) x3  0x000000008000b010
core   0: 0x0000000080004860 (0xe9c1ae07) flw     ft8, -356(gp)
core   0: 3 0x0000000080004860 (0xe9c1ae07) f28 0xffffffff00666666 mem 0x000000008000aeac
core   0: 0x0000000080004864 (0x402181b3) sub     gp, gp, sp
core   0: 3 0x0000000080004864 (0x402181b3) x3  0x000000008000a010
core   0: 0x0000000080004868 (0x00000113) li      sp, 0
core   0: 3 0x0000000080004868 (0x00000113) x2  0x0000000000000000
core   0: 0x000000008000486c (0x00311073) csrw    fcsr, sp
core   0: 3 0x000000008000486c (0x00311073) c1_fflags 0x0000000000000000 c2_frm 0x0000000000000000
core   0: 0x0000000080004870 (0xe1df7fc3) fmadd.s ft11, ft10, ft9, ft8
core   0: 3 0x0000000080004870 (0xe1df7fc3) f31 0xffffffff00666666
core   0: 0x0000000080004874 (0x00302273) csrr    tp, fcsr
core   0: 3 0x0000000080004874 (0x00302273) x4  0x0000000000000000
core   0: 0x0000000080004878 (0x37f0a827) fsw     ft11, 880(ra)
core   0: 3 0x0000000080004878 (0x37f0a827) mem 0x000000008000d488 0x00666666
core   0: 0x000000008000487c (0x3640bc23) sd      tp, 888(ra)
core   0: 3 0x000000008000487c (0x3640bc23) mem 0x000000008000d490 0x0000000000000000
core   0: >>>>  inst_37944
core   0: 0x0000000080004880 (0x00100113) li      sp, 1
core   0: 3 0x0000000080004880 (0x00100113) x2  0x0000000000000001
core   0: 0x0000000080004884 (0x00c11113) slli    sp, sp, 12
core   0: 3 0x0000000080004884 (0x00c11113) x2  0x0000000000001000
core   0: 0x0000000080004888 (0x002181b3) add     gp, gp, sp
core   0: 3 0x0000000080004888 (0x002181b3) x3  0x000000008000b010
core   0: 0x000000008000488c (0xea01af07) flw     ft10, -352(gp)
core   0: 3 0x000000008000488c (0xea01af07) f30 0xffffffff7f3d8dc3 mem 0x000000008000aeb0
core   0: 0x0000000080004890 (0x402181b3) sub     gp, gp, sp
core   0: 3 0x0000000080004890 (0x402181b3) x3  0x000000008000a010
core   0: 0x0000000080004894 (0x00100113) li      sp, 1
core   0: 3 0x0000000080004894 (0x00100113) x2  0x0000000000000001
core   0: 0x0000000080004898 (0x00c11113) slli    sp, sp, 12
core   0: 3 0x0000000080004898 (0x00c11113) x2  0x0000000000001000
core   0: 0x000000008000489c (0x002181b3) add     gp, gp, sp
core   0: 3 0x000000008000489c (0x002181b3) x3  0x000000008000b010
core   0: 0x00000000800048a0 (0xea41ae87) flw     ft9, -348(gp)
core   0: 3 0x00000000800048a0 (0xea41ae87) f29 0xffffffff00000000 mem 0x000000008000aeb4
core   0: 0x00000000800048a4 (0x402181b3) sub     gp, gp, sp
core   0: 3 0x00000000800048a4 (0x402181b3) x3  0x000000008000a010
core   0: 0x00000000800048a8 (0x00100113) li      sp, 1
core   0: 3 0x00000000800048a8 (0x00100113) x2  0x0000000000000001
core   0: 0x00000000800048ac (0x00c11113) slli    sp, sp, 12
core   0: 3 0x00000000800048ac (0x00c11113) x2  0x0000000000001000
core   0: 0x00000000800048b0 (0x002181b3) add     gp, gp, sp
core   0: 3 0x00000000800048b0 (0x002181b3) x3  0x000000008000b010
core   0: 0x00000000800048b4 (0xea81ae07) flw     ft8, -344(gp)
core   0: 3 0x00000000800048b4 (0xea81ae07) f28 0xffffffff006db6db mem 0x000000008000aeb8
core   0: 0x00000000800048b8 (0x402181b3) sub     gp, gp, sp
core   0: 3 0x00000000800048b8 (0x402181b3) x3  0x000000008000a010
core   0: 0x00000000800048bc (0x00000113) li      sp, 0
core   0: 3 0x00000000800048bc (0x00000113) x2  0x0000000000000000
core   0: 0x00000000800048c0 (0x00311073) csrw    fcsr, sp
core   0: 3 0x00000000800048c0 (0x00311073) c1_fflags 0x0000000000000000 c2_frm 0x0000000000000000
core   0: 0x00000000800048c4 (0xe1df7fc3) fmadd.s ft11, ft10, ft9, ft8
core   0: 3 0x00000000800048c4 (0xe1df7fc3) f31 0xffffffff006db6db
core   0: 0x00000000800048c8 (0x00302273) csrr    tp, fcsr
core   0: 3 0x00000000800048c8 (0x00302273) x4  0x0000000000000000
core   0: 0x00000000800048cc (0x39f0a027) fsw     ft11, 896(ra)
core   0: 3 0x00000000800048cc (0x39f0a027) mem 0x000000008000d498 0x006db6db
core   0: 0x00000000800048d0 (0x3840b423) sd      tp, 904(ra)
core   0: 3 0x00000000800048d0 (0x3840b423) mem 0x000000008000d4a0 0x0000000000000000
core   0: >>>>  inst_37945
core   0: 0x00000000800048d4 (0x00100113) li      sp, 1
core   0: 3 0x00000000800048d4 (0x00100113) x2  0x0000000000000001
core   0: 0x00000000800048d8 (0x00c11113) slli    sp, sp, 12
core   0: 3 0x00000000800048d8 (0x00c11113) x2  0x0000000000001000
core   0: 0x00000000800048dc (0x002181b3) add     gp, gp, sp
core   0: 3 0x00000000800048dc (0x002181b3) x3  0x000000008000b010
core   0: 0x00000000800048e0 (0xeac1af07) flw     ft10, -340(gp)
core   0: 3 0x00000000800048e0 (0xeac1af07) f30 0xffffffff7f3d8dc3 mem 0x000000008000aebc
core   0: 0x00000000800048e4 (0x402181b3) sub     gp, gp, sp
core   0: 3 0x00000000800048e4 (0x402181b3) x3  0x000000008000a010
core   0: 0x00000000800048e8 (0x00100113) li      sp, 1
core   0: 3 0x00000000800048e8 (0x00100113) x2  0x0000000000000001
core   0: 0x00000000800048ec (0x00c11113) slli    sp, sp, 12
core   0: 3 0x00000000800048ec (0x00c11113) x2  0x0000000000001000
core   0: 0x00000000800048f0 (0x002181b3) add     gp, gp, sp
core   0: 3 0x00000000800048f0 (0x002181b3) x3  0x000000008000b010
core   0: 0x00000000800048f4 (0xeb01ae87) flw     ft9, -336(gp)
core   0: 3 0x00000000800048f4 (0xeb01ae87) f29 0xffffffff00000000 mem 0x000000008000aec0
core   0: 0x00000000800048f8 (0x402181b3) sub     gp, gp, sp
core   0: 3 0x00000000800048f8 (0x402181b3) x3  0x000000008000a010
core   0: 0x00000000800048fc (0x00100113) li      sp, 1
core   0: 3 0x00000000800048fc (0x00100113) x2  0x0000000000000001
core   0: 0x0000000080004900 (0x00c11113) slli    sp, sp, 12
core   0: 3 0x0000000080004900 (0x00c11113) x2  0x0000000000001000
core   0: 0x0000000080004904 (0x002181b3) add     gp, gp, sp
core   0: 3 0x0000000080004904 (0x002181b3) x3  0x000000008000b010
core   0: 0x0000000080004908 (0xeb41ae07) flw     ft8, -332(gp)
core   0: 3 0x0000000080004908 (0xeb41ae07) f28 0xffffffff007ffff8 mem 0x000000008000aec4
core   0: 0x000000008000490c (0x402181b3) sub     gp, gp, sp
core   0: 3 0x000000008000490c (0x402181b3) x3  0x000000008000a010
core   0: 0x0000000080004910 (0x00000113) li      sp, 0
core   0: 3 0x0000000080004910 (0x00000113) x2  0x0000000000000000
core   0: 0x0000000080004914 (0x00311073) csrw    fcsr, sp
core   0: 3 0x0000000080004914 (0x00311073) c1_fflags 0x0000000000000000 c2_frm 0x0000000000000000
core   0: 0x0000000080004918 (0xe1df7fc3) fmadd.s ft11, ft10, ft9, ft8
core   0: 3 0x0000000080004918 (0xe1df7fc3) f31 0xffffffff007ffff8
core   0: 0x000000008000491c (0x00302273) csrr    tp, fcsr
core   0: 3 0x000000008000491c (0x00302273) x4  0x0000000000000000
core   0: 0x0000000080004920 (0x39f0a827) fsw     ft11, 912(ra)
core   0: 3 0x0000000080004920 (0x39f0a827) mem 0x000000008000d4a8 0x007ffff8
core   0: 0x0000000080004924 (0x3840bc23) sd      tp, 920(ra)
core   0: 3 0x0000000080004924 (0x3840bc23) mem 0x000000008000d4b0 0x0000000000000000
core   0: >>>>  inst_37946
core   0: 0x0000000080004928 (0x00100113) li      sp, 1
core   0: 3 0x0000000080004928 (0x00100113) x2  0x0000000000000001
core   0: 0x000000008000492c (0x00c11113) slli    sp, sp, 12
core   0: 3 0x000000008000492c (0x00c11113) x2  0x0000000000001000
core   0: 0x0000000080004930 (0x002181b3) add     gp, gp, sp
core   0: 3 0x0000000080004930 (0x002181b3) x3  0x000000008000b010
core   0: 0x0000000080004934 (0xeb81af07) flw     ft10, -328(gp)
core   0: 3 0x0000000080004934 (0xeb81af07) f30 0xffffffff7f3d8dc3 mem 0x000000008000aec8
core   0: 0x0000000080004938 (0x402181b3) sub     gp, gp, sp
core   0: 3 0x0000000080004938 (0x402181b3) x3  0x000000008000a010
core   0: 0x000000008000493c (0x00100113) li      sp, 1
core   0: 3 0x000000008000493c (0x00100113) x2  0x0000000000000001
core   0: 0x0000000080004940 (0x00c11113) slli    sp, sp, 12
core   0: 3 0x0000000080004940 (0x00c11113) x2  0x0000000000001000
core   0: 0x0000000080004944 (0x002181b3) add     gp, gp, sp
core   0: 3 0x0000000080004944 (0x002181b3) x3  0x000000008000b010
core   0: 0x0000000080004948 (0xebc1ae87) flw     ft9, -324(gp)
core   0: 3 0x0000000080004948 (0xebc1ae87) f29 0xffffffff00000000 mem 0x000000008000aecc
core   0: 0x000000008000494c (0x402181b3) sub     gp, gp, sp
core   0: 3 0x000000008000494c (0x402181b3) x3  0x000000008000a010
core   0: 0x0000000080004950 (0x00100113) li      sp, 1
core   0: 3 0x0000000080004950 (0x00100113) x2  0x0000000000000001
core   0: 0x0000000080004954 (0x00c11113) slli    sp, sp, 12
core   0: 3 0x0000000080004954 (0x00c11113) x2  0x0000000000001000
core   0: 0x0000000080004958 (0x002181b3) add     gp, gp, sp
core   0: 3 0x0000000080004958 (0x002181b3) x3  0x000000008000b010
core   0: 0x000000008000495c (0xec01ae07) flw     ft8, -320(gp)
core   0: 3 0x000000008000495c (0xec01ae07) f28 0xffffffff007ffffc mem 0x000000008000aed0
core   0: 0x0000000080004960 (0x402181b3) sub     gp, gp, sp
core   0: 3 0x0000000080004960 (0x402181b3) x3  0x000000008000a010
core   0: 0x0000000080004964 (0x00000113) li      sp, 0
core   0: 3 0x0000000080004964 (0x00000113) x2  0x0000000000000000
core   0: 0x0000000080004968 (0x00311073) csrw    fcsr, sp
core   0: 3 0x0000000080004968 (0x00311073) c1_fflags 0x0000000000000000 c2_frm 0x0000000000000000
core   0: 0x000000008000496c (0xe1df7fc3) fmadd.s ft11, ft10, ft9, ft8
core   0: 3 0x000000008000496c (0xe1df7fc3) f31 0xffffffff007ffffc
core   0: 0x0000000080004970 (0x00302273) csrr    tp, fcsr
core   0: 3 0x0000000080004970 (0x00302273) x4  0x0000000000000000
core   0: 0x0000000080004974 (0x3bf0a027) fsw     ft11, 928(ra)
core   0: 3 0x0000000080004974 (0x3bf0a027) mem 0x000000008000d4b8 0x007ffffc
core   0: 0x0000000080004978 (0x3a40b423) sd      tp, 936(ra)
core   0: 3 0x0000000080004978 (0x3a40b423) mem 0x000000008000d4c0 0x0000000000000000
core   0: >>>>  inst_37947
core   0: 0x000000008000497c (0x00100113) li      sp, 1
core   0: 3 0x000000008000497c (0x00100113) x2  0x0000000000000001
core   0: 0x0000000080004980 (0x00c11113) slli    sp, sp, 12
core   0: 3 0x0000000080004980 (0x00c11113) x2  0x0000000000001000
core   0: 0x0000000080004984 (0x002181b3) add     gp, gp, sp
core   0: 3 0x0000000080004984 (0x002181b3) x3  0x000000008000b010
core   0: 0x0000000080004988 (0xec41af07) flw     ft10, -316(gp)
core   0: 3 0x0000000080004988 (0xec41af07) f30 0xffffffff7f3d8dc3 mem 0x000000008000aed4
core   0: 0x000000008000498c (0x402181b3) sub     gp, gp, sp
core   0: 3 0x000000008000498c (0x402181b3) x3  0x000000008000a010
core   0: 0x0000000080004990 (0x00100113) li      sp, 1
core   0: 3 0x0000000080004990 (0x00100113) x2  0x0000000000000001
core   0: 0x0000000080004994 (0x00c11113) slli    sp, sp, 12
core   0: 3 0x0000000080004994 (0x00c11113) x2  0x0000000000001000
core   0: 0x0000000080004998 (0x002181b3) add     gp, gp, sp
core   0: 3 0x0000000080004998 (0x002181b3) x3  0x000000008000b010
core   0: 0x000000008000499c (0xec81ae87) flw     ft9, -312(gp)
core   0: 3 0x000000008000499c (0xec81ae87) f29 0xffffffff00000000 mem 0x000000008000aed8
core   0: 0x00000000800049a0 (0x402181b3) sub     gp, gp, sp
core   0: 3 0x00000000800049a0 (0x402181b3) x3  0x000000008000a010
core   0: 0x00000000800049a4 (0x00100113) li      sp, 1
core   0: 3 0x00000000800049a4 (0x00100113) x2  0x0000000000000001
core   0: 0x00000000800049a8 (0x00c11113) slli    sp, sp, 12
core   0: 3 0x00000000800049a8 (0x00c11113) x2  0x0000000000001000
core   0: 0x00000000800049ac (0x002181b3) add     gp, gp, sp
core   0: 3 0x00000000800049ac (0x002181b3) x3  0x000000008000b010
core   0: 0x00000000800049b0 (0xecc1ae07) flw     ft8, -308(gp)
core   0: 3 0x00000000800049b0 (0xecc1ae07) f28 0xffffffff007ffffe mem 0x000000008000aedc
core   0: 0x00000000800049b4 (0x402181b3) sub     gp, gp, sp
core   0: 3 0x00000000800049b4 (0x402181b3) x3  0x000000008000a010
core   0: 0x00000000800049b8 (0x00000113) li      sp, 0
core   0: 3 0x00000000800049b8 (0x00000113) x2  0x0000000000000000
core   0: 0x00000000800049bc (0x00311073) csrw    fcsr, sp
core   0: 3 0x00000000800049bc (0x00311073) c1_fflags 0x0000000000000000 c2_frm 0x0000000000000000
core   0: 0x00000000800049c0 (0xe1df7fc3) fmadd.s ft11, ft10, ft9, ft8
core   0: 3 0x00000000800049c0 (0xe1df7fc3) f31 0xffffffff007ffffe
core   0: 0x00000000800049c4 (0x00302273) csrr    tp, fcsr
core   0: 3 0x00000000800049c4 (0x00302273) x4  0x0000000000000000
core   0: 0x00000000800049c8 (0x3bf0a827) fsw     ft11, 944(ra)
core   0: 3 0x00000000800049c8 (0x3bf0a827) mem 0x000000008000d4c8 0x007ffffe
core   0: 0x00000000800049cc (0x3a40bc23) sd      tp, 952(ra)
core   0: 3 0x00000000800049cc (0x3a40bc23) mem 0x000000008000d4d0 0x0000000000000000
core   0: >>>>  inst_37948
core   0: 0x00000000800049d0 (0x00100113) li      sp, 1
core   0: 3 0x00000000800049d0 (0x00100113) x2  0x0000000000000001
core   0: 0x00000000800049d4 (0x00c11113) slli    sp, sp, 12
core   0: 3 0x00000000800049d4 (0x00c11113) x2  0x0000000000001000
core   0: 0x00000000800049d8 (0x002181b3) add     gp, gp, sp
core   0: 3 0x00000000800049d8 (0x002181b3) x3  0x000000008000b010
core   0: 0x00000000800049dc (0xed01af07) flw     ft10, -304(gp)
core   0: 3 0x00000000800049dc (0xed01af07) f30 0xffffffff7f3d8dc3 mem 0x000000008000aee0
core   0: 0x00000000800049e0 (0x402181b3) sub     gp, gp, sp
core   0: 3 0x00000000800049e0 (0x402181b3) x3  0x000000008000a010
core   0: 0x00000000800049e4 (0x00100113) li      sp, 1
core   0: 3 0x00000000800049e4 (0x00100113) x2  0x0000000000000001
core   0: 0x00000000800049e8 (0x00c11113) slli    sp, sp, 12
core   0: 3 0x00000000800049e8 (0x00c11113) x2  0x0000000000001000
core   0: 0x00000000800049ec (0x002181b3) add     gp, gp, sp
core   0: 3 0x00000000800049ec (0x002181b3) x3  0x000000008000b010
core   0: 0x00000000800049f0 (0xed41ae87) flw     ft9, -300(gp)
core   0: 3 0x00000000800049f0 (0xed41ae87) f29 0xffffffff00000000 mem 0x000000008000aee4
core   0: 0x00000000800049f4 (0x402181b3) sub     gp, gp, sp
core   0: 3 0x00000000800049f4 (0x402181b3) x3  0x000000008000a010
core   0: 0x00000000800049f8 (0x00100113) li      sp, 1
core   0: 3 0x00000000800049f8 (0x00100113) x2  0x0000000000000001
core   0: 0x00000000800049fc (0x00c11113) slli    sp, sp, 12
core   0: 3 0x00000000800049fc (0x00c11113) x2  0x0000000000001000
core   0: 0x0000000080004a00 (0x002181b3) add     gp, gp, sp
core   0: 3 0x0000000080004a00 (0x002181b3) x3  0x000000008000b010
core   0: 0x0000000080004a04 (0xed81ae07) flw     ft8, -296(gp)
core   0: 3 0x0000000080004a04 (0xed81ae07) f28 0xffffffff06800000 mem 0x000000008000aee8
core   0: 0x0000000080004a08 (0x402181b3) sub     gp, gp, sp
core   0: 3 0x0000000080004a08 (0x402181b3) x3  0x000000008000a010
core   0: 0x0000000080004a0c (0x00000113) li      sp, 0
core   0: 3 0x0000000080004a0c (0x00000113) x2  0x0000000000000000
core   0: 0x0000000080004a10 (0x00311073) csrw    fcsr, sp
core   0: 3 0x0000000080004a10 (0x00311073) c1_fflags 0x0000000000000000 c2_frm 0x0000000000000000
core   0: 0x0000000080004a14 (0xe1df7fc3) fmadd.s ft11, ft10, ft9, ft8
core   0: 3 0x0000000080004a14 (0xe1df7fc3) f31 0xffffffff06800000
core   0: 0x0000000080004a18 (0x00302273) csrr    tp, fcsr
core   0: 3 0x0000000080004a18 (0x00302273) x4  0x0000000000000000
core   0: 0x0000000080004a1c (0x3df0a027) fsw     ft11, 960(ra)
core   0: 3 0x0000000080004a1c (0x3df0a027) mem 0x000000008000d4d8 0x06800000
core   0: 0x0000000080004a20 (0x3c40b423) sd      tp, 968(ra)
core   0: 3 0x0000000080004a20 (0x3c40b423) mem 0x000000008000d4e0 0x0000000000000000
core   0: >>>>  inst_37949
core   0: 0x0000000080004a24 (0x00100113) li      sp, 1
core   0: 3 0x0000000080004a24 (0x00100113) x2  0x0000000000000001
core   0: 0x0000000080004a28 (0x00c11113) slli    sp, sp, 12
core   0: 3 0x0000000080004a28 (0x00c11113) x2  0x0000000000001000
core   0: 0x0000000080004a2c (0x002181b3) add     gp, gp, sp
core   0: 3 0x0000000080004a2c (0x002181b3) x3  0x000000008000b010
core   0: 0x0000000080004a30 (0xedc1af07) flw     ft10, -292(gp)
core   0: 3 0x0000000080004a30 (0xedc1af07) f30 0xffffffff7f3d8dc3 mem 0x000000008000aeec
core   0: 0x0000000080004a34 (0x402181b3) sub     gp, gp, sp
core   0: 3 0x0000000080004a34 (0x402181b3) x3  0x000000008000a010
core   0: 0x0000000080004a38 (0x00100113) li      sp, 1
core   0: 3 0x0000000080004a38 (0x00100113) x2  0x0000000000000001
core   0: 0x0000000080004a3c (0x00c11113) slli    sp, sp, 12
core   0: 3 0x0000000080004a3c (0x00c11113) x2  0x0000000000001000
core   0: 0x0000000080004a40 (0x002181b3) add     gp, gp, sp
core   0: 3 0x0000000080004a40 (0x002181b3) x3  0x000000008000b010
core   0: 0x0000000080004a44 (0xee01ae87) flw     ft9, -288(gp)
core   0: 3 0x0000000080004a44 (0xee01ae87) f29 0xffffffff00000000 mem 0x000000008000aef0
core   0: 0x0000000080004a48 (0x402181b3) sub     gp, gp, sp
core   0: 3 0x0000000080004a48 (0x402181b3) x3  0x000000008000a010
core   0: 0x0000000080004a4c (0x00100113) li      sp, 1
core   0: 3 0x0000000080004a4c (0x00100113) x2  0x0000000000000001
core   0: 0x0000000080004a50 (0x00c11113) slli    sp, sp, 12
core   0: 3 0x0000000080004a50 (0x00c11113) x2  0x0000000000001000
core   0: 0x0000000080004a54 (0x002181b3) add     gp, gp, sp
core   0: 3 0x0000000080004a54 (0x002181b3) x3  0x000000008000b010
core   0: 0x0000000080004a58 (0xee41ae07) flw     ft8, -284(gp)
core   0: 3 0x0000000080004a58 (0xee41ae07) f28 0xffffffff06800001 mem 0x000000008000aef4
core   0: 0x0000000080004a5c (0x402181b3) sub     gp, gp, sp
core   0: 3 0x0000000080004a5c (0x402181b3) x3  0x000000008000a010
core   0: 0x0000000080004a60 (0x00000113) li      sp, 0
core   0: 3 0x0000000080004a60 (0x00000113) x2  0x0000000000000000
core   0: 0x0000000080004a64 (0x00311073) csrw    fcsr, sp
core   0: 3 0x0000000080004a64 (0x00311073) c1_fflags 0x0000000000000000 c2_frm 0x0000000000000000
core   0: 0x0000000080004a68 (0xe1df7fc3) fmadd.s ft11, ft10, ft9, ft8
core   0: 3 0x0000000080004a68 (0xe1df7fc3) f31 0xffffffff06800001
core   0: 0x0000000080004a6c (0x00302273) csrr    tp, fcsr
core   0: 3 0x0000000080004a6c (0x00302273) x4  0x0000000000000000
core   0: 0x0000000080004a70 (0x3df0a827) fsw     ft11, 976(ra)
core   0: 3 0x0000000080004a70 (0x3df0a827) mem 0x000000008000d4e8 0x06800001
core   0: 0x0000000080004a74 (0x3c40bc23) sd      tp, 984(ra)
core   0: 3 0x0000000080004a74 (0x3c40bc23) mem 0x000000008000d4f0 0x0000000000000000
core   0: >>>>  inst_37950
core   0: 0x0000000080004a78 (0x00100113) li      sp, 1
core   0: 3 0x0000000080004a78 (0x00100113) x2  0x0000000000000001
core   0: 0x0000000080004a7c (0x00c11113) slli    sp, sp, 12
core   0: 3 0x0000000080004a7c (0x00c11113) x2  0x0000000000001000
core   0: 0x0000000080004a80 (0x002181b3) add     gp, gp, sp
core   0: 3 0x0000000080004a80 (0x002181b3) x3  0x000000008000b010
core   0: 0x0000000080004a84 (0xee81af07) flw     ft10, -280(gp)
core   0: 3 0x0000000080004a84 (0xee81af07) f30 0xffffffff7f3d8dc3 mem 0x000000008000aef8
core   0: 0x0000000080004a88 (0x402181b3) sub     gp, gp, sp
core   0: 3 0x0000000080004a88 (0x402181b3) x3  0x000000008000a010
core   0: 0x0000000080004a8c (0x00100113) li      sp, 1
core   0: 3 0x0000000080004a8c (0x00100113) x2  0x0000000000000001
core   0: 0x0000000080004a90 (0x00c11113) slli    sp, sp, 12
core   0: 3 0x0000000080004a90 (0x00c11113) x2  0x0000000000001000
core   0: 0x0000000080004a94 (0x002181b3) add     gp, gp, sp
core   0: 3 0x0000000080004a94 (0x002181b3) x3  0x000000008000b010
core   0: 0x0000000080004a98 (0xeec1ae87) flw     ft9, -276(gp)
core   0: 3 0x0000000080004a98 (0xeec1ae87) f29 0xffffffff00000000 mem 0x000000008000aefc
core   0: 0x0000000080004a9c (0x402181b3) sub     gp, gp, sp
core   0: 3 0x0000000080004a9c (0x402181b3) x3  0x000000008000a010
core   0: 0x0000000080004aa0 (0x00100113) li      sp, 1
core   0: 3 0x0000000080004aa0 (0x00100113) x2  0x0000000000000001
core   0: 0x0000000080004aa4 (0x00c11113) slli    sp, sp, 12
core   0: 3 0x0000000080004aa4 (0x00c11113) x2  0x0000000000001000
core   0: 0x0000000080004aa8 (0x002181b3) add     gp, gp, sp
core   0: 3 0x0000000080004aa8 (0x002181b3) x3  0x000000008000b010
core   0: 0x0000000080004aac (0xef01ae07) flw     ft8, -272(gp)
core   0: 3 0x0000000080004aac (0xef01ae07) f28 0xffffffff06800003 mem 0x000000008000af00
core   0: 0x0000000080004ab0 (0x402181b3) sub     gp, gp, sp
core   0: 3 0x0000000080004ab0 (0x402181b3) x3  0x000000008000a010
core   0: 0x0000000080004ab4 (0x00000113) li      sp, 0
core   0: 3 0x0000000080004ab4 (0x00000113) x2  0x0000000000000000
core   0: 0x0000000080004ab8 (0x00311073) csrw    fcsr, sp
core   0: 3 0x0000000080004ab8 (0x00311073) c1_fflags 0x0000000000000000 c2_frm 0x0000000000000000
core   0: 0x0000000080004abc (0xe1df7fc3) fmadd.s ft11, ft10, ft9, ft8
core   0: 3 0x0000000080004abc (0xe1df7fc3) f31 0xffffffff06800003
core   0: 0x0000000080004ac0 (0x00302273) csrr    tp, fcsr
core   0: 3 0x0000000080004ac0 (0x00302273) x4  0x0000000000000000
core   0: 0x0000000080004ac4 (0x3ff0a027) fsw     ft11, 992(ra)
core   0: 3 0x0000000080004ac4 (0x3ff0a027) mem 0x000000008000d4f8 0x06800003
core   0: 0x0000000080004ac8 (0x3e40b423) sd      tp, 1000(ra)
core   0: 3 0x0000000080004ac8 (0x3e40b423) mem 0x000000008000d500 0x0000000000000000
core   0: >>>>  inst_37951
core   0: 0x0000000080004acc (0x00100113) li      sp, 1
core   0: 3 0x0000000080004acc (0x00100113) x2  0x0000000000000001
core   0: 0x0000000080004ad0 (0x00c11113) slli    sp, sp, 12
core   0: 3 0x0000000080004ad0 (0x00c11113) x2  0x0000000000001000
core   0: 0x0000000080004ad4 (0x002181b3) add     gp, gp, sp
core   0: 3 0x0000000080004ad4 (0x002181b3) x3  0x000000008000b010
core   0: 0x0000000080004ad8 (0xef41af07) flw     ft10, -268(gp)
core   0: 3 0x0000000080004ad8 (0xef41af07) f30 0xffffffff7f3d8dc3 mem 0x000000008000af04
core   0: 0x0000000080004adc (0x402181b3) sub     gp, gp, sp
core   0: 3 0x0000000080004adc (0x402181b3) x3  0x000000008000a010
core   0: 0x0000000080004ae0 (0x00100113) li      sp, 1
core   0: 3 0x0000000080004ae0 (0x00100113) x2  0x0000000000000001
core   0: 0x0000000080004ae4 (0x00c11113) slli    sp, sp, 12
core   0: 3 0x0000000080004ae4 (0x00c11113) x2  0x0000000000001000
core   0: 0x0000000080004ae8 (0x002181b3) add     gp, gp, sp
core   0: 3 0x0000000080004ae8 (0x002181b3) x3  0x000000008000b010
core   0: 0x0000000080004aec (0xef81ae87) flw     ft9, -264(gp)
core   0: 3 0x0000000080004aec (0xef81ae87) f29 0xffffffff00000000 mem 0x000000008000af08
core   0: 0x0000000080004af0 (0x402181b3) sub     gp, gp, sp
core   0: 3 0x0000000080004af0 (0x402181b3) x3  0x000000008000a010
core   0: 0x0000000080004af4 (0x00100113) li      sp, 1
core   0: 3 0x0000000080004af4 (0x00100113) x2  0x0000000000000001
core   0: 0x0000000080004af8 (0x00c11113) slli    sp, sp, 12
core   0: 3 0x0000000080004af8 (0x00c11113) x2  0x0000000000001000
core   0: 0x0000000080004afc (0x002181b3) add     gp, gp, sp
core   0: 3 0x0000000080004afc (0x002181b3) x3  0x000000008000b010
core   0: 0x0000000080004b00 (0xefc1ae07) flw     ft8, -260(gp)
core   0: 3 0x0000000080004b00 (0xefc1ae07) f28 0xffffffff06800007 mem 0x000000008000af0c
core   0: 0x0000000080004b04 (0x402181b3) sub     gp, gp, sp
core   0: 3 0x0000000080004b04 (0x402181b3) x3  0x000000008000a010
core   0: 0x0000000080004b08 (0x00000113) li      sp, 0
core   0: 3 0x0000000080004b08 (0x00000113) x2  0x0000000000000000
core   0: 0x0000000080004b0c (0x00311073) csrw    fcsr, sp
core   0: 3 0x0000000080004b0c (0x00311073) c1_fflags 0x0000000000000000 c2_frm 0x0000000000000000
core   0: 0x0000000080004b10 (0xe1df7fc3) fmadd.s ft11, ft10, ft9, ft8
core   0: 3 0x0000000080004b10 (0xe1df7fc3) f31 0xffffffff06800007
core   0: 0x0000000080004b14 (0x00302273) csrr    tp, fcsr
core   0: 3 0x0000000080004b14 (0x00302273) x4  0x0000000000000000
core   0: 0x0000000080004b18 (0x3ff0a827) fsw     ft11, 1008(ra)
core   0: 3 0x0000000080004b18 (0x3ff0a827) mem 0x000000008000d508 0x06800007
core   0: 0x0000000080004b1c (0x3e40bc23) sd      tp, 1016(ra)
core   0: 3 0x0000000080004b1c (0x3e40bc23) mem 0x000000008000d510 0x0000000000000000
core   0: >>>>  inst_37952
core   0: 0x0000000080004b20 (0x00100113) li      sp, 1
core   0: 3 0x0000000080004b20 (0x00100113) x2  0x0000000000000001
core   0: 0x0000000080004b24 (0x00c11113) slli    sp, sp, 12
core   0: 3 0x0000000080004b24 (0x00c11113) x2  0x0000000000001000
core   0: 0x0000000080004b28 (0x002181b3) add     gp, gp, sp
core   0: 3 0x0000000080004b28 (0x002181b3) x3  0x000000008000b010
core   0: 0x0000000080004b2c (0xf001af07) flw     ft10, -256(gp)
core   0: 3 0x0000000080004b2c (0xf001af07) f30 0xffffffff7f3d8dc3 mem 0x000000008000af10
core   0: 0x0000000080004b30 (0x402181b3) sub     gp, gp, sp
core   0: 3 0x0000000080004b30 (0x402181b3) x3  0x000000008000a010
core   0: 0x0000000080004b34 (0x00100113) li      sp, 1
core   0: 3 0x0000000080004b34 (0x00100113) x2  0x0000000000000001
core   0: 0x0000000080004b38 (0x00c11113) slli    sp, sp, 12
core   0: 3 0x0000000080004b38 (0x00c11113) x2  0x0000000000001000
core   0: 0x0000000080004b3c (0x002181b3) add     gp, gp, sp
core   0: 3 0x0000000080004b3c (0x002181b3) x3  0x000000008000b010
core   0: 0x0000000080004b40 (0xf041ae87) flw     ft9, -252(gp)
core   0: 3 0x0000000080004b40 (0xf041ae87) f29 0xffffffff00000000 mem 0x000000008000af14
core   0: 0x0000000080004b44 (0x402181b3) sub     gp, gp, sp
core   0: 3 0x0000000080004b44 (0x402181b3) x3  0x000000008000a010
core   0: 0x0000000080004b48 (0x00100113) li      sp, 1
core   0: 3 0x0000000080004b48 (0x00100113) x2  0x0000000000000001
core   0: 0x0000000080004b4c (0x00c11113) slli    sp, sp, 12
core   0: 3 0x0000000080004b4c (0x00c11113) x2  0x0000000000001000
core   0: 0x0000000080004b50 (0x002181b3) add     gp, gp, sp
core   0: 3 0x0000000080004b50 (0x002181b3) x3  0x000000008000b010
core   0: 0x0000000080004b54 (0xf081ae07) flw     ft8, -248(gp)
core   0: 3 0x0000000080004b54 (0xf081ae07) f28 0xffffffff0680000f mem 0x000000008000af18
core   0: 0x0000000080004b58 (0x402181b3) sub     gp, gp, sp
core   0: 3 0x0000000080004b58 (0x402181b3) x3  0x000000008000a010
core   0: 0x0000000080004b5c (0x00000113) li      sp, 0
core   0: 3 0x0000000080004b5c (0x00000113) x2  0x0000000000000000
core   0: 0x0000000080004b60 (0x00311073) csrw    fcsr, sp
core   0: 3 0x0000000080004b60 (0x00311073) c1_fflags 0x0000000000000000 c2_frm 0x0000000000000000
core   0: 0x0000000080004b64 (0xe1df7fc3) fmadd.s ft11, ft10, ft9, ft8
core   0: 3 0x0000000080004b64 (0xe1df7fc3) f31 0xffffffff0680000f
core   0: 0x0000000080004b68 (0x00302273) csrr    tp, fcsr
core   0: 3 0x0000000080004b68 (0x00302273) x4  0x0000000000000000
core   0: 0x0000000080004b6c (0x41f0a027) fsw     ft11, 1024(ra)
core   0: 3 0x0000000080004b6c (0x41f0a027) mem 0x000000008000d518 0x0680000f
core   0: 0x0000000080004b70 (0x4040b423) sd      tp, 1032(ra)
core   0: 3 0x0000000080004b70 (0x4040b423) mem 0x000000008000d520 0x0000000000000000
core   0: >>>>  inst_37953
core   0: 0x0000000080004b74 (0x00100113) li      sp, 1
core   0: 3 0x0000000080004b74 (0x00100113) x2  0x0000000000000001
core   0: 0x0000000080004b78 (0x00c11113) slli    sp, sp, 12
core   0: 3 0x0000000080004b78 (0x00c11113) x2  0x0000000000001000
core   0: 0x0000000080004b7c (0x002181b3) add     gp, gp, sp
core   0: 3 0x0000000080004b7c (0x002181b3) x3  0x000000008000b010
core   0: 0x0000000080004b80 (0xf0c1af07) flw     ft10, -244(gp)
core   0: 3 0x0000000080004b80 (0xf0c1af07) f30 0xffffffff7f3d8dc3 mem 0x000000008000af1c
core   0: 0x0000000080004b84 (0x402181b3) sub     gp, gp, sp
core   0: 3 0x0000000080004b84 (0x402181b3) x3  0x000000008000a010
core   0: 0x0000000080004b88 (0x00100113) li      sp, 1
core   0: 3 0x0000000080004b88 (0x00100113) x2  0x0000000000000001
core   0: 0x0000000080004b8c (0x00c11113) slli    sp, sp, 12
core   0: 3 0x0000000080004b8c (0x00c11113) x2  0x0000000000001000
core   0: 0x0000000080004b90 (0x002181b3) add     gp, gp, sp
core   0: 3 0x0000000080004b90 (0x002181b3) x3  0x000000008000b010
core   0: 0x0000000080004b94 (0xf101ae87) flw     ft9, -240(gp)
core   0: 3 0x0000000080004b94 (0xf101ae87) f29 0xffffffff00000000 mem 0x000000008000af20
core   0: 0x0000000080004b98 (0x402181b3) sub     gp, gp, sp
core   0: 3 0x0000000080004b98 (0x402181b3) x3  0x000000008000a010
core   0: 0x0000000080004b9c (0x00100113) li      sp, 1
core   0: 3 0x0000000080004b9c (0x00100113) x2  0x0000000000000001
core   0: 0x0000000080004ba0 (0x00c11113) slli    sp, sp, 12
core   0: 3 0x0000000080004ba0 (0x00c11113) x2  0x0000000000001000
core   0: 0x0000000080004ba4 (0x002181b3) add     gp, gp, sp
core   0: 3 0x0000000080004ba4 (0x002181b3) x3  0x000000008000b010
core   0: 0x0000000080004ba8 (0xf141ae07) flw     ft8, -236(gp)
core   0: 3 0x0000000080004ba8 (0xf141ae07) f28 0xffffffff0680001f mem 0x000000008000af24
core   0: 0x0000000080004bac (0x402181b3) sub     gp, gp, sp
core   0: 3 0x0000000080004bac (0x402181b3) x3  0x000000008000a010
core   0: 0x0000000080004bb0 (0x00000113) li      sp, 0
core   0: 3 0x0000000080004bb0 (0x00000113) x2  0x0000000000000000
core   0: 0x0000000080004bb4 (0x00311073) csrw    fcsr, sp
core   0: 3 0x0000000080004bb4 (0x00311073) c1_fflags 0x0000000000000000 c2_frm 0x0000000000000000
core   0: 0x0000000080004bb8 (0xe1df7fc3) fmadd.s ft11, ft10, ft9, ft8
core   0: 3 0x0000000080004bb8 (0xe1df7fc3) f31 0xffffffff0680001f
core   0: 0x0000000080004bbc (0x00302273) csrr    tp, fcsr
core   0: 3 0x0000000080004bbc (0x00302273) x4  0x0000000000000000
core   0: 0x0000000080004bc0 (0x41f0a827) fsw     ft11, 1040(ra)
core   0: 3 0x0000000080004bc0 (0x41f0a827) mem 0x000000008000d528 0x0680001f
core   0: 0x0000000080004bc4 (0x4040bc23) sd      tp, 1048(ra)
core   0: 3 0x0000000080004bc4 (0x4040bc23) mem 0x000000008000d530 0x0000000000000000
core   0: >>>>  inst_37954
core   0: 0x0000000080004bc8 (0x00100113) li      sp, 1
core   0: 3 0x0000000080004bc8 (0x00100113) x2  0x0000000000000001
core   0: 0x0000000080004bcc (0x00c11113) slli    sp, sp, 12
core   0: 3 0x0000000080004bcc (0x00c11113) x2  0x0000000000001000
core   0: 0x0000000080004bd0 (0x002181b3) add     gp, gp, sp
core   0: 3 0x0000000080004bd0 (0x002181b3) x3  0x000000008000b010
core   0: 0x0000000080004bd4 (0xf181af07) flw     ft10, -232(gp)
core   0: 3 0x0000000080004bd4 (0xf181af07) f30 0xffffffff7f3d8dc3 mem 0x000000008000af28
core   0: 0x0000000080004bd8 (0x402181b3) sub     gp, gp, sp
core   0: 3 0x0000000080004bd8 (0x402181b3) x3  0x000000008000a010
core   0: 0x0000000080004bdc (0x00100113) li      sp, 1
core   0: 3 0x0000000080004bdc (0x00100113) x2  0x0000000000000001
core   0: 0x0000000080004be0 (0x00c11113) slli    sp, sp, 12
core   0: 3 0x0000000080004be0 (0x00c11113) x2  0x0000000000001000
core   0: 0x0000000080004be4 (0x002181b3) add     gp, gp, sp
core   0: 3 0x0000000080004be4 (0x002181b3) x3  0x000000008000b010
core   0: 0x0000000080004be8 (0xf1c1ae87) flw     ft9, -228(gp)
core   0: 3 0x0000000080004be8 (0xf1c1ae87) f29 0xffffffff00000000 mem 0x000000008000af2c
core   0: 0x0000000080004bec (0x402181b3) sub     gp, gp, sp
core   0: 3 0x0000000080004bec (0x402181b3) x3  0x000000008000a010
core   0: 0x0000000080004bf0 (0x00100113) li      sp, 1
core   0: 3 0x0000000080004bf0 (0x00100113) x2  0x0000000000000001
core   0: 0x0000000080004bf4 (0x00c11113) slli    sp, sp, 12
core   0: 3 0x0000000080004bf4 (0x00c11113) x2  0x0000000000001000
core   0: 0x0000000080004bf8 (0x002181b3) add     gp, gp, sp
core   0: 3 0x0000000080004bf8 (0x002181b3) x3  0x000000008000b010
core   0: 0x0000000080004bfc (0xf201ae07) flw     ft8, -224(gp)
core   0: 3 0x0000000080004bfc (0xf201ae07) f28 0xffffffff0680003f mem 0x000000008000af30
core   0: 0x0000000080004c00 (0x402181b3) sub     gp, gp, sp
core   0: 3 0x0000000080004c00 (0x402181b3) x3  0x000000008000a010
core   0: 0x0000000080004c04 (0x00000113) li      sp, 0
core   0: 3 0x0000000080004c04 (0x00000113) x2  0x0000000000000000
core   0: 0x0000000080004c08 (0x00311073) csrw    fcsr, sp
core   0: 3 0x0000000080004c08 (0x00311073) c1_fflags 0x0000000000000000 c2_frm 0x0000000000000000
core   0: 0x0000000080004c0c (0xe1df7fc3) fmadd.s ft11, ft10, ft9, ft8
core   0: 3 0x0000000080004c0c (0xe1df7fc3) f31 0xffffffff0680003f
core   0: 0x0000000080004c10 (0x00302273) csrr    tp, fcsr
core   0: 3 0x0000000080004c10 (0x00302273) x4  0x0000000000000000
core   0: 0x0000000080004c14 (0x43f0a027) fsw     ft11, 1056(ra)
core   0: 3 0x0000000080004c14 (0x43f0a027) mem 0x000000008000d538 0x0680003f
core   0: 0x0000000080004c18 (0x4240b423) sd      tp, 1064(ra)
core   0: 3 0x0000000080004c18 (0x4240b423) mem 0x000000008000d540 0x0000000000000000
core   0: >>>>  inst_37955
core   0: 0x0000000080004c1c (0x00100113) li      sp, 1
core   0: 3 0x0000000080004c1c (0x00100113) x2  0x0000000000000001
core   0: 0x0000000080004c20 (0x00c11113) slli    sp, sp, 12
core   0: 3 0x0000000080004c20 (0x00c11113) x2  0x0000000000001000
core   0: 0x0000000080004c24 (0x002181b3) add     gp, gp, sp
core   0: 3 0x0000000080004c24 (0x002181b3) x3  0x000000008000b010
core   0: 0x0000000080004c28 (0xf241af07) flw     ft10, -220(gp)
core   0: 3 0x0000000080004c28 (0xf241af07) f30 0xffffffff7f3d8dc3 mem 0x000000008000af34
core   0: 0x0000000080004c2c (0x402181b3) sub     gp, gp, sp
core   0: 3 0x0000000080004c2c (0x402181b3) x3  0x000000008000a010
core   0: 0x0000000080004c30 (0x00100113) li      sp, 1
core   0: 3 0x0000000080004c30 (0x00100113) x2  0x0000000000000001
core   0: 0x0000000080004c34 (0x00c11113) slli    sp, sp, 12
core   0: 3 0x0000000080004c34 (0x00c11113) x2  0x0000000000001000
core   0: 0x0000000080004c38 (0x002181b3) add     gp, gp, sp
core   0: 3 0x0000000080004c38 (0x002181b3) x3  0x000000008000b010
core   0: 0x0000000080004c3c (0xf281ae87) flw     ft9, -216(gp)
core   0: 3 0x0000000080004c3c (0xf281ae87) f29 0xffffffff00000000 mem 0x000000008000af38
core   0: 0x0000000080004c40 (0x402181b3) sub     gp, gp, sp
core   0: 3 0x0000000080004c40 (0x402181b3) x3  0x000000008000a010
core   0: 0x0000000080004c44 (0x00100113) li      sp, 1
core   0: 3 0x0000000080004c44 (0x00100113) x2  0x0000000000000001
core   0: 0x0000000080004c48 (0x00c11113) slli    sp, sp, 12
core   0: 3 0x0000000080004c48 (0x00c11113) x2  0x0000000000001000
core   0: 0x0000000080004c4c (0x002181b3) add     gp, gp, sp
core   0: 3 0x0000000080004c4c (0x002181b3) x3  0x000000008000b010
core   0: 0x0000000080004c50 (0xf2c1ae07) flw     ft8, -212(gp)
core   0: 3 0x0000000080004c50 (0xf2c1ae07) f28 0xffffffff0680007f mem 0x000000008000af3c
core   0: 0x0000000080004c54 (0x402181b3) sub     gp, gp, sp
core   0: 3 0x0000000080004c54 (0x402181b3) x3  0x000000008000a010
core   0: 0x0000000080004c58 (0x00000113) li      sp, 0
core   0: 3 0x0000000080004c58 (0x00000113) x2  0x0000000000000000
core   0: 0x0000000080004c5c (0x00311073) csrw    fcsr, sp
core   0: 3 0x0000000080004c5c (0x00311073) c1_fflags 0x0000000000000000 c2_frm 0x0000000000000000
core   0: 0x0000000080004c60 (0xe1df7fc3) fmadd.s ft11, ft10, ft9, ft8
core   0: 3 0x0000000080004c60 (0xe1df7fc3) f31 0xffffffff0680007f
core   0: 0x0000000080004c64 (0x00302273) csrr    tp, fcsr
core   0: 3 0x0000000080004c64 (0x00302273) x4  0x0000000000000000
core   0: 0x0000000080004c68 (0x43f0a827) fsw     ft11, 1072(ra)
core   0: 3 0x0000000080004c68 (0x43f0a827) mem 0x000000008000d548 0x0680007f
core   0: 0x0000000080004c6c (0x4240bc23) sd      tp, 1080(ra)
core   0: 3 0x0000000080004c6c (0x4240bc23) mem 0x000000008000d550 0x0000000000000000
core   0: >>>>  inst_37956
core   0: 0x0000000080004c70 (0x00100113) li      sp, 1
core   0: 3 0x0000000080004c70 (0x00100113) x2  0x0000000000000001
core   0: 0x0000000080004c74 (0x00c11113) slli    sp, sp, 12
core   0: 3 0x0000000080004c74 (0x00c11113) x2  0x0000000000001000
core   0: 0x0000000080004c78 (0x002181b3) add     gp, gp, sp
core   0: 3 0x0000000080004c78 (0x002181b3) x3  0x000000008000b010
core   0: 0x0000000080004c7c (0xf301af07) flw     ft10, -208(gp)
core   0: 3 0x0000000080004c7c (0xf301af07) f30 0xffffffff7f3d8dc3 mem 0x000000008000af40
core   0: 0x0000000080004c80 (0x402181b3) sub     gp, gp, sp
core   0: 3 0x0000000080004c80 (0x402181b3) x3  0x000000008000a010
core   0: 0x0000000080004c84 (0x00100113) li      sp, 1
core   0: 3 0x0000000080004c84 (0x00100113) x2  0x0000000000000001
core   0: 0x0000000080004c88 (0x00c11113) slli    sp, sp, 12
core   0: 3 0x0000000080004c88 (0x00c11113) x2  0x0000000000001000
core   0: 0x0000000080004c8c (0x002181b3) add     gp, gp, sp
core   0: 3 0x0000000080004c8c (0x002181b3) x3  0x000000008000b010
core   0: 0x0000000080004c90 (0xf341ae87) flw     ft9, -204(gp)
core   0: 3 0x0000000080004c90 (0xf341ae87) f29 0xffffffff00000000 mem 0x000000008000af44
core   0: 0x0000000080004c94 (0x402181b3) sub     gp, gp, sp
core   0: 3 0x0000000080004c94 (0x402181b3) x3  0x000000008000a010
core   0: 0x0000000080004c98 (0x00100113) li      sp, 1
core   0: 3 0x0000000080004c98 (0x00100113) x2  0x0000000000000001
core   0: 0x0000000080004c9c (0x00c11113) slli    sp, sp, 12
core   0: 3 0x0000000080004c9c (0x00c11113) x2  0x0000000000001000
core   0: 0x0000000080004ca0 (0x002181b3) add     gp, gp, sp
core   0: 3 0x0000000080004ca0 (0x002181b3) x3  0x000000008000b010
core   0: 0x0000000080004ca4 (0xf381ae07) flw     ft8, -200(gp)
core   0: 3 0x0000000080004ca4 (0xf381ae07) f28 0xffffffff068000ff mem 0x000000008000af48
core   0: 0x0000000080004ca8 (0x402181b3) sub     gp, gp, sp
core   0: 3 0x0000000080004ca8 (0x402181b3) x3  0x000000008000a010
core   0: 0x0000000080004cac (0x00000113) li      sp, 0
core   0: 3 0x0000000080004cac (0x00000113) x2  0x0000000000000000
core   0: 0x0000000080004cb0 (0x00311073) csrw    fcsr, sp
core   0: 3 0x0000000080004cb0 (0x00311073) c1_fflags 0x0000000000000000 c2_frm 0x0000000000000000
core   0: 0x0000000080004cb4 (0xe1df7fc3) fmadd.s ft11, ft10, ft9, ft8
core   0: 3 0x0000000080004cb4 (0xe1df7fc3) f31 0xffffffff068000ff
core   0: 0x0000000080004cb8 (0x00302273) csrr    tp, fcsr
core   0: 3 0x0000000080004cb8 (0x00302273) x4  0x0000000000000000
core   0: 0x0000000080004cbc (0x45f0a027) fsw     ft11, 1088(ra)
core   0: 3 0x0000000080004cbc (0x45f0a027) mem 0x000000008000d558 0x068000ff
core   0: 0x0000000080004cc0 (0x4440b423) sd      tp, 1096(ra)
core   0: 3 0x0000000080004cc0 (0x4440b423) mem 0x000000008000d560 0x0000000000000000
core   0: >>>>  inst_37957
core   0: 0x0000000080004cc4 (0x00100113) li      sp, 1
core   0: 3 0x0000000080004cc4 (0x00100113) x2  0x0000000000000001
core   0: 0x0000000080004cc8 (0x00c11113) slli    sp, sp, 12
core   0: 3 0x0000000080004cc8 (0x00c11113) x2  0x0000000000001000
core   0: 0x0000000080004ccc (0x002181b3) add     gp, gp, sp
core   0: 3 0x0000000080004ccc (0x002181b3) x3  0x000000008000b010
core   0: 0x0000000080004cd0 (0xf3c1af07) flw     ft10, -196(gp)
core   0: 3 0x0000000080004cd0 (0xf3c1af07) f30 0xffffffff7f3d8dc3 mem 0x000000008000af4c
core   0: 0x0000000080004cd4 (0x402181b3) sub     gp, gp, sp
core   0: 3 0x0000000080004cd4 (0x402181b3) x3  0x000000008000a010
core   0: 0x0000000080004cd8 (0x00100113) li      sp, 1
core   0: 3 0x0000000080004cd8 (0x00100113) x2  0x0000000000000001
core   0: 0x0000000080004cdc (0x00c11113) slli    sp, sp, 12
core   0: 3 0x0000000080004cdc (0x00c11113) x2  0x0000000000001000
core   0: 0x0000000080004ce0 (0x002181b3) add     gp, gp, sp
core   0: 3 0x0000000080004ce0 (0x002181b3) x3  0x000000008000b010
core   0: 0x0000000080004ce4 (0xf401ae87) flw     ft9, -192(gp)
core   0: 3 0x0000000080004ce4 (0xf401ae87) f29 0xffffffff00000000 mem 0x000000008000af50
core   0: 0x0000000080004ce8 (0x402181b3) sub     gp, gp, sp
core   0: 3 0x0000000080004ce8 (0x402181b3) x3  0x000000008000a010
core   0: 0x0000000080004cec (0x00100113) li      sp, 1
core   0: 3 0x0000000080004cec (0x00100113) x2  0x0000000000000001
core   0: 0x0000000080004cf0 (0x00c11113) slli    sp, sp, 12
core   0: 3 0x0000000080004cf0 (0x00c11113) x2  0x0000000000001000
core   0: 0x0000000080004cf4 (0x002181b3) add     gp, gp, sp
core   0: 3 0x0000000080004cf4 (0x002181b3) x3  0x000000008000b010
core   0: 0x0000000080004cf8 (0xf441ae07) flw     ft8, -188(gp)
core   0: 3 0x0000000080004cf8 (0xf441ae07) f28 0xffffffff068001ff mem 0x000000008000af54
core   0: 0x0000000080004cfc (0x402181b3) sub     gp, gp, sp
core   0: 3 0x0000000080004cfc (0x402181b3) x3  0x000000008000a010
core   0: 0x0000000080004d00 (0x00000113) li      sp, 0
core   0: 3 0x0000000080004d00 (0x00000113) x2  0x0000000000000000
core   0: 0x0000000080004d04 (0x00311073) csrw    fcsr, sp
core   0: 3 0x0000000080004d04 (0x00311073) c1_fflags 0x0000000000000000 c2_frm 0x0000000000000000
core   0: 0x0000000080004d08 (0xe1df7fc3) fmadd.s ft11, ft10, ft9, ft8
core   0: 3 0x0000000080004d08 (0xe1df7fc3) f31 0xffffffff068001ff
core   0: 0x0000000080004d0c (0x00302273) csrr    tp, fcsr
core   0: 3 0x0000000080004d0c (0x00302273) x4  0x0000000000000000
core   0: 0x0000000080004d10 (0x45f0a827) fsw     ft11, 1104(ra)
core   0: 3 0x0000000080004d10 (0x45f0a827) mem 0x000000008000d568 0x068001ff
core   0: 0x0000000080004d14 (0x4440bc23) sd      tp, 1112(ra)
core   0: 3 0x0000000080004d14 (0x4440bc23) mem 0x000000008000d570 0x0000000000000000
core   0: >>>>  inst_37958
core   0: 0x0000000080004d18 (0x00100113) li      sp, 1
core   0: 3 0x0000000080004d18 (0x00100113) x2  0x0000000000000001
core   0: 0x0000000080004d1c (0x00c11113) slli    sp, sp, 12
core   0: 3 0x0000000080004d1c (0x00c11113) x2  0x0000000000001000
core   0: 0x0000000080004d20 (0x002181b3) add     gp, gp, sp
core   0: 3 0x0000000080004d20 (0x002181b3) x3  0x000000008000b010
core   0: 0x0000000080004d24 (0xf481af07) flw     ft10, -184(gp)
core   0: 3 0x0000000080004d24 (0xf481af07) f30 0xffffffff7f3d8dc3 mem 0x000000008000af58
core   0: 0x0000000080004d28 (0x402181b3) sub     gp, gp, sp
core   0: 3 0x0000000080004d28 (0x402181b3) x3  0x000000008000a010
core   0: 0x0000000080004d2c (0x00100113) li      sp, 1
core   0: 3 0x0000000080004d2c (0x00100113) x2  0x0000000000000001
core   0: 0x0000000080004d30 (0x00c11113) slli    sp, sp, 12
core   0: 3 0x0000000080004d30 (0x00c11113) x2  0x0000000000001000
core   0: 0x0000000080004d34 (0x002181b3) add     gp, gp, sp
core   0: 3 0x0000000080004d34 (0x002181b3) x3  0x000000008000b010
core   0: 0x0000000080004d38 (0xf4c1ae87) flw     ft9, -180(gp)
core   0: 3 0x0000000080004d38 (0xf4c1ae87) f29 0xffffffff00000000 mem 0x000000008000af5c
core   0: 0x0000000080004d3c (0x402181b3) sub     gp, gp, sp
core   0: 3 0x0000000080004d3c (0x402181b3) x3  0x000000008000a010
core   0: 0x0000000080004d40 (0x00100113) li      sp, 1
core   0: 3 0x0000000080004d40 (0x00100113) x2  0x0000000000000001
core   0: 0x0000000080004d44 (0x00c11113) slli    sp, sp, 12
core   0: 3 0x0000000080004d44 (0x00c11113) x2  0x0000000000001000
core   0: 0x0000000080004d48 (0x002181b3) add     gp, gp, sp
core   0: 3 0x0000000080004d48 (0x002181b3) x3  0x000000008000b010
core   0: 0x0000000080004d4c (0xf501ae07) flw     ft8, -176(gp)
core   0: 3 0x0000000080004d4c (0xf501ae07) f28 0xffffffff068003ff mem 0x000000008000af60
core   0: 0x0000000080004d50 (0x402181b3) sub     gp, gp, sp
core   0: 3 0x0000000080004d50 (0x402181b3) x3  0x000000008000a010
core   0: 0x0000000080004d54 (0x00000113) li      sp, 0
core   0: 3 0x0000000080004d54 (0x00000113) x2  0x0000000000000000
core   0: 0x0000000080004d58 (0x00311073) csrw    fcsr, sp
core   0: 3 0x0000000080004d58 (0x00311073) c1_fflags 0x0000000000000000 c2_frm 0x0000000000000000
core   0: 0x0000000080004d5c (0xe1df7fc3) fmadd.s ft11, ft10, ft9, ft8
core   0: 3 0x0000000080004d5c (0xe1df7fc3) f31 0xffffffff068003ff
core   0: 0x0000000080004d60 (0x00302273) csrr    tp, fcsr
core   0: 3 0x0000000080004d60 (0x00302273) x4  0x0000000000000000
core   0: 0x0000000080004d64 (0x47f0a027) fsw     ft11, 1120(ra)
core   0: 3 0x0000000080004d64 (0x47f0a027) mem 0x000000008000d578 0x068003ff
core   0: 0x0000000080004d68 (0x4640b423) sd      tp, 1128(ra)
core   0: 3 0x0000000080004d68 (0x4640b423) mem 0x000000008000d580 0x0000000000000000
core   0: >>>>  inst_37959
core   0: 0x0000000080004d6c (0x00100113) li      sp, 1
core   0: 3 0x0000000080004d6c (0x00100113) x2  0x0000000000000001
core   0: 0x0000000080004d70 (0x00c11113) slli    sp, sp, 12
core   0: 3 0x0000000080004d70 (0x00c11113) x2  0x0000000000001000
core   0: 0x0000000080004d74 (0x002181b3) add     gp, gp, sp
core   0: 3 0x0000000080004d74 (0x002181b3) x3  0x000000008000b010
core   0: 0x0000000080004d78 (0xf541af07) flw     ft10, -172(gp)
core   0: 3 0x0000000080004d78 (0xf541af07) f30 0xffffffff7f3d8dc3 mem 0x000000008000af64
core   0: 0x0000000080004d7c (0x402181b3) sub     gp, gp, sp
core   0: 3 0x0000000080004d7c (0x402181b3) x3  0x000000008000a010
core   0: 0x0000000080004d80 (0x00100113) li      sp, 1
core   0: 3 0x0000000080004d80 (0x00100113) x2  0x0000000000000001
core   0: 0x0000000080004d84 (0x00c11113) slli    sp, sp, 12
core   0: 3 0x0000000080004d84 (0x00c11113) x2  0x0000000000001000
core   0: 0x0000000080004d88 (0x002181b3) add     gp, gp, sp
core   0: 3 0x0000000080004d88 (0x002181b3) x3  0x000000008000b010
core   0: 0x0000000080004d8c (0xf581ae87) flw     ft9, -168(gp)
core   0: 3 0x0000000080004d8c (0xf581ae87) f29 0xffffffff00000000 mem 0x000000008000af68
core   0: 0x0000000080004d90 (0x402181b3) sub     gp, gp, sp
core   0: 3 0x0000000080004d90 (0x402181b3) x3  0x000000008000a010
core   0: 0x0000000080004d94 (0x00100113) li      sp, 1
core   0: 3 0x0000000080004d94 (0x00100113) x2  0x0000000000000001
core   0: 0x0000000080004d98 (0x00c11113) slli    sp, sp, 12
core   0: 3 0x0000000080004d98 (0x00c11113) x2  0x0000000000001000
core   0: 0x0000000080004d9c (0x002181b3) add     gp, gp, sp
core   0: 3 0x0000000080004d9c (0x002181b3) x3  0x000000008000b010
core   0: 0x0000000080004da0 (0xf5c1ae07) flw     ft8, -164(gp)
core   0: 3 0x0000000080004da0 (0xf5c1ae07) f28 0xffffffff068007ff mem 0x000000008000af6c
core   0: 0x0000000080004da4 (0x402181b3) sub     gp, gp, sp
core   0: 3 0x0000000080004da4 (0x402181b3) x3  0x000000008000a010
core   0: 0x0000000080004da8 (0x00000113) li      sp, 0
core   0: 3 0x0000000080004da8 (0x00000113) x2  0x0000000000000000
core   0: 0x0000000080004dac (0x00311073) csrw    fcsr, sp
core   0: 3 0x0000000080004dac (0x00311073) c1_fflags 0x0000000000000000 c2_frm 0x0000000000000000
core   0: 0x0000000080004db0 (0xe1df7fc3) fmadd.s ft11, ft10, ft9, ft8
core   0: 3 0x0000000080004db0 (0xe1df7fc3) f31 0xffffffff068007ff
core   0: 0x0000000080004db4 (0x00302273) csrr    tp, fcsr
core   0: 3 0x0000000080004db4 (0x00302273) x4  0x0000000000000000
core   0: 0x0000000080004db8 (0x47f0a827) fsw     ft11, 1136(ra)
core   0: 3 0x0000000080004db8 (0x47f0a827) mem 0x000000008000d588 0x068007ff
core   0: 0x0000000080004dbc (0x4640bc23) sd      tp, 1144(ra)
core   0: 3 0x0000000080004dbc (0x4640bc23) mem 0x000000008000d590 0x0000000000000000
core   0: >>>>  inst_37960
core   0: 0x0000000080004dc0 (0x00100113) li      sp, 1
core   0: 3 0x0000000080004dc0 (0x00100113) x2  0x0000000000000001
core   0: 0x0000000080004dc4 (0x00c11113) slli    sp, sp, 12
core   0: 3 0x0000000080004dc4 (0x00c11113) x2  0x0000000000001000
core   0: 0x0000000080004dc8 (0x002181b3) add     gp, gp, sp
core   0: 3 0x0000000080004dc8 (0x002181b3) x3  0x000000008000b010
core   0: 0x0000000080004dcc (0xf601af07) flw     ft10, -160(gp)
core   0: 3 0x0000000080004dcc (0xf601af07) f30 0xffffffff7f3d8dc3 mem 0x000000008000af70
core   0: 0x0000000080004dd0 (0x402181b3) sub     gp, gp, sp
core   0: 3 0x0000000080004dd0 (0x402181b3) x3  0x000000008000a010
core   0: 0x0000000080004dd4 (0x00100113) li      sp, 1
core   0: 3 0x0000000080004dd4 (0x00100113) x2  0x0000000000000001
core   0: 0x0000000080004dd8 (0x00c11113) slli    sp, sp, 12
core   0: 3 0x0000000080004dd8 (0x00c11113) x2  0x0000000000001000
core   0: 0x0000000080004ddc (0x002181b3) add     gp, gp, sp
core   0: 3 0x0000000080004ddc (0x002181b3) x3  0x000000008000b010
core   0: 0x0000000080004de0 (0xf641ae87) flw     ft9, -156(gp)
core   0: 3 0x0000000080004de0 (0xf641ae87) f29 0xffffffff00000000 mem 0x000000008000af74
core   0: 0x0000000080004de4 (0x402181b3) sub     gp, gp, sp
core   0: 3 0x0000000080004de4 (0x402181b3) x3  0x000000008000a010
core   0: 0x0000000080004de8 (0x00100113) li      sp, 1
core   0: 3 0x0000000080004de8 (0x00100113) x2  0x0000000000000001
core   0: 0x0000000080004dec (0x00c11113) slli    sp, sp, 12
core   0: 3 0x0000000080004dec (0x00c11113) x2  0x0000000000001000
core   0: 0x0000000080004df0 (0x002181b3) add     gp, gp, sp
core   0: 3 0x0000000080004df0 (0x002181b3) x3  0x000000008000b010
core   0: 0x0000000080004df4 (0xf681ae07) flw     ft8, -152(gp)
core   0: 3 0x0000000080004df4 (0xf681ae07) f28 0xffffffff06800fff mem 0x000000008000af78
core   0: 0x0000000080004df8 (0x402181b3) sub     gp, gp, sp
core   0: 3 0x0000000080004df8 (0x402181b3) x3  0x000000008000a010
core   0: 0x0000000080004dfc (0x00000113) li      sp, 0
core   0: 3 0x0000000080004dfc (0x00000113) x2  0x0000000000000000
core   0: 0x0000000080004e00 (0x00311073) csrw    fcsr, sp
core   0: 3 0x0000000080004e00 (0x00311073) c1_fflags 0x0000000000000000 c2_frm 0x0000000000000000
core   0: 0x0000000080004e04 (0xe1df7fc3) fmadd.s ft11, ft10, ft9, ft8
core   0: 3 0x0000000080004e04 (0xe1df7fc3) f31 0xffffffff06800fff
core   0: 0x0000000080004e08 (0x00302273) csrr    tp, fcsr
core   0: 3 0x0000000080004e08 (0x00302273) x4  0x0000000000000000
core   0: 0x0000000080004e0c (0x49f0a027) fsw     ft11, 1152(ra)
core   0: 3 0x0000000080004e0c (0x49f0a027) mem 0x000000008000d598 0x06800fff
core   0: 0x0000000080004e10 (0x4840b423) sd      tp, 1160(ra)
core   0: 3 0x0000000080004e10 (0x4840b423) mem 0x000000008000d5a0 0x0000000000000000
core   0: >>>>  inst_37961
core   0: 0x0000000080004e14 (0x00100113) li      sp, 1
core   0: 3 0x0000000080004e14 (0x00100113) x2  0x0000000000000001
core   0: 0x0000000080004e18 (0x00c11113) slli    sp, sp, 12
core   0: 3 0x0000000080004e18 (0x00c11113) x2  0x0000000000001000
core   0: 0x0000000080004e1c (0x002181b3) add     gp, gp, sp
core   0: 3 0x0000000080004e1c (0x002181b3) x3  0x000000008000b010
core   0: 0x0000000080004e20 (0xf6c1af07) flw     ft10, -148(gp)
core   0: 3 0x0000000080004e20 (0xf6c1af07) f30 0xffffffff7f3d8dc3 mem 0x000000008000af7c
core   0: 0x0000000080004e24 (0x402181b3) sub     gp, gp, sp
core   0: 3 0x0000000080004e24 (0x402181b3) x3  0x000000008000a010
core   0: 0x0000000080004e28 (0x00100113) li      sp, 1
core   0: 3 0x0000000080004e28 (0x00100113) x2  0x0000000000000001
core   0: 0x0000000080004e2c (0x00c11113) slli    sp, sp, 12
core   0: 3 0x0000000080004e2c (0x00c11113) x2  0x0000000000001000
core   0: 0x0000000080004e30 (0x002181b3) add     gp, gp, sp
core   0: 3 0x0000000080004e30 (0x002181b3) x3  0x000000008000b010
core   0: 0x0000000080004e34 (0xf701ae87) flw     ft9, -144(gp)
core   0: 3 0x0000000080004e34 (0xf701ae87) f29 0xffffffff00000000 mem 0x000000008000af80
core   0: 0x0000000080004e38 (0x402181b3) sub     gp, gp, sp
core   0: 3 0x0000000080004e38 (0x402181b3) x3  0x000000008000a010
core   0: 0x0000000080004e3c (0x00100113) li      sp, 1
core   0: 3 0x0000000080004e3c (0x00100113) x2  0x0000000000000001
core   0: 0x0000000080004e40 (0x00c11113) slli    sp, sp, 12
core   0: 3 0x0000000080004e40 (0x00c11113) x2  0x0000000000001000
core   0: 0x0000000080004e44 (0x002181b3) add     gp, gp, sp
core   0: 3 0x0000000080004e44 (0x002181b3) x3  0x000000008000b010
core   0: 0x0000000080004e48 (0xf741ae07) flw     ft8, -140(gp)
core   0: 3 0x0000000080004e48 (0xf741ae07) f28 0xffffffff06801fff mem 0x000000008000af84
core   0: 0x0000000080004e4c (0x402181b3) sub     gp, gp, sp
core   0: 3 0x0000000080004e4c (0x402181b3) x3  0x000000008000a010
core   0: 0x0000000080004e50 (0x00000113) li      sp, 0
core   0: 3 0x0000000080004e50 (0x00000113) x2  0x0000000000000000
core   0: 0x0000000080004e54 (0x00311073) csrw    fcsr, sp
core   0: 3 0x0000000080004e54 (0x00311073) c1_fflags 0x0000000000000000 c2_frm 0x0000000000000000
core   0: 0x0000000080004e58 (0xe1df7fc3) fmadd.s ft11, ft10, ft9, ft8
core   0: 3 0x0000000080004e58 (0xe1df7fc3) f31 0xffffffff06801fff
core   0: 0x0000000080004e5c (0x00302273) csrr    tp, fcsr
core   0: 3 0x0000000080004e5c (0x00302273) x4  0x0000000000000000
core   0: 0x0000000080004e60 (0x49f0a827) fsw     ft11, 1168(ra)
core   0: 3 0x0000000080004e60 (0x49f0a827) mem 0x000000008000d5a8 0x06801fff
core   0: 0x0000000080004e64 (0x4840bc23) sd      tp, 1176(ra)
core   0: 3 0x0000000080004e64 (0x4840bc23) mem 0x000000008000d5b0 0x0000000000000000
core   0: >>>>  inst_37962
core   0: 0x0000000080004e68 (0x00100113) li      sp, 1
core   0: 3 0x0000000080004e68 (0x00100113) x2  0x0000000000000001
core   0: 0x0000000080004e6c (0x00c11113) slli    sp, sp, 12
core   0: 3 0x0000000080004e6c (0x00c11113) x2  0x0000000000001000
core   0: 0x0000000080004e70 (0x002181b3) add     gp, gp, sp
core   0: 3 0x0000000080004e70 (0x002181b3) x3  0x000000008000b010
core   0: 0x0000000080004e74 (0xf781af07) flw     ft10, -136(gp)
core   0: 3 0x0000000080004e74 (0xf781af07) f30 0xffffffff7f3d8dc3 mem 0x000000008000af88
core   0: 0x0000000080004e78 (0x402181b3) sub     gp, gp, sp
core   0: 3 0x0000000080004e78 (0x402181b3) x3  0x000000008000a010
core   0: 0x0000000080004e7c (0x00100113) li      sp, 1
core   0: 3 0x0000000080004e7c (0x00100113) x2  0x0000000000000001
core   0: 0x0000000080004e80 (0x00c11113) slli    sp, sp, 12
core   0: 3 0x0000000080004e80 (0x00c11113) x2  0x0000000000001000
core   0: 0x0000000080004e84 (0x002181b3) add     gp, gp, sp
core   0: 3 0x0000000080004e84 (0x002181b3) x3  0x000000008000b010
core   0: 0x0000000080004e88 (0xf7c1ae87) flw     ft9, -132(gp)
core   0: 3 0x0000000080004e88 (0xf7c1ae87) f29 0xffffffff00000000 mem 0x000000008000af8c
core   0: 0x0000000080004e8c (0x402181b3) sub     gp, gp, sp
core   0: 3 0x0000000080004e8c (0x402181b3) x3  0x000000008000a010
core   0: 0x0000000080004e90 (0x00100113) li      sp, 1
core   0: 3 0x0000000080004e90 (0x00100113) x2  0x0000000000000001
core   0: 0x0000000080004e94 (0x00c11113) slli    sp, sp, 12
core   0: 3 0x0000000080004e94 (0x00c11113) x2  0x0000000000001000
core   0: 0x0000000080004e98 (0x002181b3) add     gp, gp, sp
core   0: 3 0x0000000080004e98 (0x002181b3) x3  0x000000008000b010
core   0: 0x0000000080004e9c (0xf801ae07) flw     ft8, -128(gp)
core   0: 3 0x0000000080004e9c (0xf801ae07) f28 0xffffffff06803fff mem 0x000000008000af90
core   0: 0x0000000080004ea0 (0x402181b3) sub     gp, gp, sp
core   0: 3 0x0000000080004ea0 (0x402181b3) x3  0x000000008000a010
core   0: 0x0000000080004ea4 (0x00000113) li      sp, 0
core   0: 3 0x0000000080004ea4 (0x00000113) x2  0x0000000000000000
core   0: 0x0000000080004ea8 (0x00311073) csrw    fcsr, sp
core   0: 3 0x0000000080004ea8 (0x00311073) c1_fflags 0x0000000000000000 c2_frm 0x0000000000000000
core   0: 0x0000000080004eac (0xe1df7fc3) fmadd.s ft11, ft10, ft9, ft8
core   0: 3 0x0000000080004eac (0xe1df7fc3) f31 0xffffffff06803fff
core   0: 0x0000000080004eb0 (0x00302273) csrr    tp, fcsr
core   0: 3 0x0000000080004eb0 (0x00302273) x4  0x0000000000000000
core   0: 0x0000000080004eb4 (0x4bf0a027) fsw     ft11, 1184(ra)
core   0: 3 0x0000000080004eb4 (0x4bf0a027) mem 0x000000008000d5b8 0x06803fff
core   0: 0x0000000080004eb8 (0x4a40b423) sd      tp, 1192(ra)
core   0: 3 0x0000000080004eb8 (0x4a40b423) mem 0x000000008000d5c0 0x0000000000000000
core   0: >>>>  inst_37963
core   0: 0x0000000080004ebc (0x00100113) li      sp, 1
core   0: 3 0x0000000080004ebc (0x00100113) x2  0x0000000000000001
core   0: 0x0000000080004ec0 (0x00c11113) slli    sp, sp, 12
core   0: 3 0x0000000080004ec0 (0x00c11113) x2  0x0000000000001000
core   0: 0x0000000080004ec4 (0x002181b3) add     gp, gp, sp
core   0: 3 0x0000000080004ec4 (0x002181b3) x3  0x000000008000b010
core   0: 0x0000000080004ec8 (0xf841af07) flw     ft10, -124(gp)
core   0: 3 0x0000000080004ec8 (0xf841af07) f30 0xffffffff7f3d8dc3 mem 0x000000008000af94
core   0: 0x0000000080004ecc (0x402181b3) sub     gp, gp, sp
core   0: 3 0x0000000080004ecc (0x402181b3) x3  0x000000008000a010
core   0: 0x0000000080004ed0 (0x00100113) li      sp, 1
core   0: 3 0x0000000080004ed0 (0x00100113) x2  0x0000000000000001
core   0: 0x0000000080004ed4 (0x00c11113) slli    sp, sp, 12
core   0: 3 0x0000000080004ed4 (0x00c11113) x2  0x0000000000001000
core   0: 0x0000000080004ed8 (0x002181b3) add     gp, gp, sp
core   0: 3 0x0000000080004ed8 (0x002181b3) x3  0x000000008000b010
core   0: 0x0000000080004edc (0xf881ae87) flw     ft9, -120(gp)
core   0: 3 0x0000000080004edc (0xf881ae87) f29 0xffffffff00000000 mem 0x000000008000af98
core   0: 0x0000000080004ee0 (0x402181b3) sub     gp, gp, sp
core   0: 3 0x0000000080004ee0 (0x402181b3) x3  0x000000008000a010
core   0: 0x0000000080004ee4 (0x00100113) li      sp, 1
core   0: 3 0x0000000080004ee4 (0x00100113) x2  0x0000000000000001
core   0: 0x0000000080004ee8 (0x00c11113) slli    sp, sp, 12
core   0: 3 0x0000000080004ee8 (0x00c11113) x2  0x0000000000001000
core   0: 0x0000000080004eec (0x002181b3) add     gp, gp, sp
core   0: 3 0x0000000080004eec (0x002181b3) x3  0x000000008000b010
core   0: 0x0000000080004ef0 (0xf8c1ae07) flw     ft8, -116(gp)
core   0: 3 0x0000000080004ef0 (0xf8c1ae07) f28 0xffffffff06807fff mem 0x000000008000af9c
core   0: 0x0000000080004ef4 (0x402181b3) sub     gp, gp, sp
core   0: 3 0x0000000080004ef4 (0x402181b3) x3  0x000000008000a010
core   0: 0x0000000080004ef8 (0x00000113) li      sp, 0
core   0: 3 0x0000000080004ef8 (0x00000113) x2  0x0000000000000000
core   0: 0x0000000080004efc (0x00311073) csrw    fcsr, sp
core   0: 3 0x0000000080004efc (0x00311073) c1_fflags 0x0000000000000000 c2_frm 0x0000000000000000
core   0: 0x0000000080004f00 (0xe1df7fc3) fmadd.s ft11, ft10, ft9, ft8
core   0: 3 0x0000000080004f00 (0xe1df7fc3) f31 0xffffffff06807fff
core   0: 0x0000000080004f04 (0x00302273) csrr    tp, fcsr
core   0: 3 0x0000000080004f04 (0x00302273) x4  0x0000000000000000
core   0: 0x0000000080004f08 (0x4bf0a827) fsw     ft11, 1200(ra)
core   0: 3 0x0000000080004f08 (0x4bf0a827) mem 0x000000008000d5c8 0x06807fff
core   0: 0x0000000080004f0c (0x4a40bc23) sd      tp, 1208(ra)
core   0: 3 0x0000000080004f0c (0x4a40bc23) mem 0x000000008000d5d0 0x0000000000000000
core   0: >>>>  inst_37964
core   0: 0x0000000080004f10 (0x00100113) li      sp, 1
core   0: 3 0x0000000080004f10 (0x00100113) x2  0x0000000000000001
core   0: 0x0000000080004f14 (0x00c11113) slli    sp, sp, 12
core   0: 3 0x0000000080004f14 (0x00c11113) x2  0x0000000000001000
core   0: 0x0000000080004f18 (0x002181b3) add     gp, gp, sp
core   0: 3 0x0000000080004f18 (0x002181b3) x3  0x000000008000b010
core   0: 0x0000000080004f1c (0xf901af07) flw     ft10, -112(gp)
core   0: 3 0x0000000080004f1c (0xf901af07) f30 0xffffffff7f3d8dc3 mem 0x000000008000afa0
core   0: 0x0000000080004f20 (0x402181b3) sub     gp, gp, sp
core   0: 3 0x0000000080004f20 (0x402181b3) x3  0x000000008000a010
core   0: 0x0000000080004f24 (0x00100113) li      sp, 1
core   0: 3 0x0000000080004f24 (0x00100113) x2  0x0000000000000001
core   0: 0x0000000080004f28 (0x00c11113) slli    sp, sp, 12
core   0: 3 0x0000000080004f28 (0x00c11113) x2  0x0000000000001000
core   0: 0x0000000080004f2c (0x002181b3) add     gp, gp, sp
core   0: 3 0x0000000080004f2c (0x002181b3) x3  0x000000008000b010
core   0: 0x0000000080004f30 (0xf941ae87) flw     ft9, -108(gp)
core   0: 3 0x0000000080004f30 (0xf941ae87) f29 0xffffffff00000000 mem 0x000000008000afa4
core   0: 0x0000000080004f34 (0x402181b3) sub     gp, gp, sp
core   0: 3 0x0000000080004f34 (0x402181b3) x3  0x000000008000a010
core   0: 0x0000000080004f38 (0x00100113) li      sp, 1
core   0: 3 0x0000000080004f38 (0x00100113) x2  0x0000000000000001
core   0: 0x0000000080004f3c (0x00c11113) slli    sp, sp, 12
core   0: 3 0x0000000080004f3c (0x00c11113) x2  0x0000000000001000
core   0: 0x0000000080004f40 (0x002181b3) add     gp, gp, sp
core   0: 3 0x0000000080004f40 (0x002181b3) x3  0x000000008000b010
core   0: 0x0000000080004f44 (0xf981ae07) flw     ft8, -104(gp)
core   0: 3 0x0000000080004f44 (0xf981ae07) f28 0xffffffff0680ffff mem 0x000000008000afa8
core   0: 0x0000000080004f48 (0x402181b3) sub     gp, gp, sp
core   0: 3 0x0000000080004f48 (0x402181b3) x3  0x000000008000a010
core   0: 0x0000000080004f4c (0x00000113) li      sp, 0
core   0: 3 0x0000000080004f4c (0x00000113) x2  0x0000000000000000
core   0: 0x0000000080004f50 (0x00311073) csrw    fcsr, sp
core   0: 3 0x0000000080004f50 (0x00311073) c1_fflags 0x0000000000000000 c2_frm 0x0000000000000000
core   0: 0x0000000080004f54 (0xe1df7fc3) fmadd.s ft11, ft10, ft9, ft8
core   0: 3 0x0000000080004f54 (0xe1df7fc3) f31 0xffffffff0680ffff
core   0: 0x0000000080004f58 (0x00302273) csrr    tp, fcsr
core   0: 3 0x0000000080004f58 (0x00302273) x4  0x0000000000000000
core   0: 0x0000000080004f5c (0x4df0a027) fsw     ft11, 1216(ra)
core   0: 3 0x0000000080004f5c (0x4df0a027) mem 0x000000008000d5d8 0x0680ffff
core   0: 0x0000000080004f60 (0x4c40b423) sd      tp, 1224(ra)
core   0: 3 0x0000000080004f60 (0x4c40b423) mem 0x000000008000d5e0 0x0000000000000000
core   0: >>>>  inst_37965
core   0: 0x0000000080004f64 (0x00100113) li      sp, 1
core   0: 3 0x0000000080004f64 (0x00100113) x2  0x0000000000000001
core   0: 0x0000000080004f68 (0x00c11113) slli    sp, sp, 12
core   0: 3 0x0000000080004f68 (0x00c11113) x2  0x0000000000001000
core   0: 0x0000000080004f6c (0x002181b3) add     gp, gp, sp
core   0: 3 0x0000000080004f6c (0x002181b3) x3  0x000000008000b010
core   0: 0x0000000080004f70 (0xf9c1af07) flw     ft10, -100(gp)
core   0: 3 0x0000000080004f70 (0xf9c1af07) f30 0xffffffff7f3d8dc3 mem 0x000000008000afac
core   0: 0x0000000080004f74 (0x402181b3) sub     gp, gp, sp
core   0: 3 0x0000000080004f74 (0x402181b3) x3  0x000000008000a010
core   0: 0x0000000080004f78 (0x00100113) li      sp, 1
core   0: 3 0x0000000080004f78 (0x00100113) x2  0x0000000000000001
core   0: 0x0000000080004f7c (0x00c11113) slli    sp, sp, 12
core   0: 3 0x0000000080004f7c (0x00c11113) x2  0x0000000000001000
core   0: 0x0000000080004f80 (0x002181b3) add     gp, gp, sp
core   0: 3 0x0000000080004f80 (0x002181b3) x3  0x000000008000b010
core   0: 0x0000000080004f84 (0xfa01ae87) flw     ft9, -96(gp)
core   0: 3 0x0000000080004f84 (0xfa01ae87) f29 0xffffffff00000000 mem 0x000000008000afb0
core   0: 0x0000000080004f88 (0x402181b3) sub     gp, gp, sp
core   0: 3 0x0000000080004f88 (0x402181b3) x3  0x000000008000a010
core   0: 0x0000000080004f8c (0x00100113) li      sp, 1
core   0: 3 0x0000000080004f8c (0x00100113) x2  0x0000000000000001
core   0: 0x0000000080004f90 (0x00c11113) slli    sp, sp, 12
core   0: 3 0x0000000080004f90 (0x00c11113) x2  0x0000000000001000
core   0: 0x0000000080004f94 (0x002181b3) add     gp, gp, sp
core   0: 3 0x0000000080004f94 (0x002181b3) x3  0x000000008000b010
core   0: 0x0000000080004f98 (0xfa41ae07) flw     ft8, -92(gp)
core   0: 3 0x0000000080004f98 (0xfa41ae07) f28 0xffffffff0681ffff mem 0x000000008000afb4
core   0: 0x0000000080004f9c (0x402181b3) sub     gp, gp, sp
core   0: 3 0x0000000080004f9c (0x402181b3) x3  0x000000008000a010
core   0: 0x0000000080004fa0 (0x00000113) li      sp, 0
core   0: 3 0x0000000080004fa0 (0x00000113) x2  0x0000000000000000
core   0: 0x0000000080004fa4 (0x00311073) csrw    fcsr, sp
core   0: 3 0x0000000080004fa4 (0x00311073) c1_fflags 0x0000000000000000 c2_frm 0x0000000000000000
core   0: 0x0000000080004fa8 (0xe1df7fc3) fmadd.s ft11, ft10, ft9, ft8
core   0: 3 0x0000000080004fa8 (0xe1df7fc3) f31 0xffffffff0681ffff
core   0: 0x0000000080004fac (0x00302273) csrr    tp, fcsr
core   0: 3 0x0000000080004fac (0x00302273) x4  0x0000000000000000
core   0: 0x0000000080004fb0 (0x4df0a827) fsw     ft11, 1232(ra)
core   0: 3 0x0000000080004fb0 (0x4df0a827) mem 0x000000008000d5e8 0x0681ffff
core   0: 0x0000000080004fb4 (0x4c40bc23) sd      tp, 1240(ra)
core   0: 3 0x0000000080004fb4 (0x4c40bc23) mem 0x000000008000d5f0 0x0000000000000000
core   0: >>>>  inst_37966
core   0: 0x0000000080004fb8 (0x00100113) li      sp, 1
core   0: 3 0x0000000080004fb8 (0x00100113) x2  0x0000000000000001
core   0: 0x0000000080004fbc (0x00c11113) slli    sp, sp, 12
core   0: 3 0x0000000080004fbc (0x00c11113) x2  0x0000000000001000
core   0: 0x0000000080004fc0 (0x002181b3) add     gp, gp, sp
core   0: 3 0x0000000080004fc0 (0x002181b3) x3  0x000000008000b010
core   0: 0x0000000080004fc4 (0xfa81af07) flw     ft10, -88(gp)
core   0: 3 0x0000000080004fc4 (0xfa81af07) f30 0xffffffff7f3d8dc3 mem 0x000000008000afb8
core   0: 0x0000000080004fc8 (0x402181b3) sub     gp, gp, sp
core   0: 3 0x0000000080004fc8 (0x402181b3) x3  0x000000008000a010
core   0: 0x0000000080004fcc (0x00100113) li      sp, 1
core   0: 3 0x0000000080004fcc (0x00100113) x2  0x0000000000000001
core   0: 0x0000000080004fd0 (0x00c11113) slli    sp, sp, 12
core   0: 3 0x0000000080004fd0 (0x00c11113) x2  0x0000000000001000
core   0: 0x0000000080004fd4 (0x002181b3) add     gp, gp, sp
core   0: 3 0x0000000080004fd4 (0x002181b3) x3  0x000000008000b010
core   0: 0x0000000080004fd8 (0xfac1ae87) flw     ft9, -84(gp)
core   0: 3 0x0000000080004fd8 (0xfac1ae87) f29 0xffffffff00000000 mem 0x000000008000afbc
core   0: 0x0000000080004fdc (0x402181b3) sub     gp, gp, sp
core   0: 3 0x0000000080004fdc (0x402181b3) x3  0x000000008000a010
core   0: 0x0000000080004fe0 (0x00100113) li      sp, 1
core   0: 3 0x0000000080004fe0 (0x00100113) x2  0x0000000000000001
core   0: 0x0000000080004fe4 (0x00c11113) slli    sp, sp, 12
core   0: 3 0x0000000080004fe4 (0x00c11113) x2  0x0000000000001000
core   0: 0x0000000080004fe8 (0x002181b3) add     gp, gp, sp
core   0: 3 0x0000000080004fe8 (0x002181b3) x3  0x000000008000b010
core   0: 0x0000000080004fec (0xfb01ae07) flw     ft8, -80(gp)
core   0: 3 0x0000000080004fec (0xfb01ae07) f28 0xffffffff0683ffff mem 0x000000008000afc0
core   0: 0x0000000080004ff0 (0x402181b3) sub     gp, gp, sp
core   0: 3 0x0000000080004ff0 (0x402181b3) x3  0x000000008000a010
core   0: 0x0000000080004ff4 (0x00000113) li      sp, 0
core   0: 3 0x0000000080004ff4 (0x00000113) x2  0x0000000000000000
core   0: 0x0000000080004ff8 (0x00311073) csrw    fcsr, sp
core   0: 3 0x0000000080004ff8 (0x00311073) c1_fflags 0x0000000000000000 c2_frm 0x0000000000000000
core   0: 0x0000000080004ffc (0xe1df7fc3) fmadd.s ft11, ft10, ft9, ft8
core   0: 3 0x0000000080004ffc (0xe1df7fc3) f31 0xffffffff0683ffff
core   0: 0x0000000080005000 (0x00302273) csrr    tp, fcsr
core   0: 3 0x0000000080005000 (0x00302273) x4  0x0000000000000000
core   0: 0x0000000080005004 (0x4ff0a027) fsw     ft11, 1248(ra)
core   0: 3 0x0000000080005004 (0x4ff0a027) mem 0x000000008000d5f8 0x0683ffff
core   0: 0x0000000080005008 (0x4e40b423) sd      tp, 1256(ra)
core   0: 3 0x0000000080005008 (0x4e40b423) mem 0x000000008000d600 0x0000000000000000
core   0: >>>>  inst_37967
core   0: 0x000000008000500c (0x00100113) li      sp, 1
core   0: 3 0x000000008000500c (0x00100113) x2  0x0000000000000001
core   0: 0x0000000080005010 (0x00c11113) slli    sp, sp, 12
core   0: 3 0x0000000080005010 (0x00c11113) x2  0x0000000000001000
core   0: 0x0000000080005014 (0x002181b3) add     gp, gp, sp
core   0: 3 0x0000000080005014 (0x002181b3) x3  0x000000008000b010
core   0: 0x0000000080005018 (0xfb41af07) flw     ft10, -76(gp)
core   0: 3 0x0000000080005018 (0xfb41af07) f30 0xffffffff7f3d8dc3 mem 0x000000008000afc4
core   0: 0x000000008000501c (0x402181b3) sub     gp, gp, sp
core   0: 3 0x000000008000501c (0x402181b3) x3  0x000000008000a010
core   0: 0x0000000080005020 (0x00100113) li      sp, 1
core   0: 3 0x0000000080005020 (0x00100113) x2  0x0000000000000001
core   0: 0x0000000080005024 (0x00c11113) slli    sp, sp, 12
core   0: 3 0x0000000080005024 (0x00c11113) x2  0x0000000000001000
core   0: 0x0000000080005028 (0x002181b3) add     gp, gp, sp
core   0: 3 0x0000000080005028 (0x002181b3) x3  0x000000008000b010
core   0: 0x000000008000502c (0xfb81ae87) flw     ft9, -72(gp)
core   0: 3 0x000000008000502c (0xfb81ae87) f29 0xffffffff00000000 mem 0x000000008000afc8
core   0: 0x0000000080005030 (0x402181b3) sub     gp, gp, sp
core   0: 3 0x0000000080005030 (0x402181b3) x3  0x000000008000a010
core   0: 0x0000000080005034 (0x00100113) li      sp, 1
core   0: 3 0x0000000080005034 (0x00100113) x2  0x0000000000000001
core   0: 0x0000000080005038 (0x00c11113) slli    sp, sp, 12
core   0: 3 0x0000000080005038 (0x00c11113) x2  0x0000000000001000
core   0: 0x000000008000503c (0x002181b3) add     gp, gp, sp
core   0: 3 0x000000008000503c (0x002181b3) x3  0x000000008000b010
core   0: 0x0000000080005040 (0xfbc1ae07) flw     ft8, -68(gp)
core   0: 3 0x0000000080005040 (0xfbc1ae07) f28 0xffffffff0687ffff mem 0x000000008000afcc
core   0: 0x0000000080005044 (0x402181b3) sub     gp, gp, sp
core   0: 3 0x0000000080005044 (0x402181b3) x3  0x000000008000a010
core   0: 0x0000000080005048 (0x00000113) li      sp, 0
core   0: 3 0x0000000080005048 (0x00000113) x2  0x0000000000000000
core   0: 0x000000008000504c (0x00311073) csrw    fcsr, sp
core   0: 3 0x000000008000504c (0x00311073) c1_fflags 0x0000000000000000 c2_frm 0x0000000000000000
core   0: 0x0000000080005050 (0xe1df7fc3) fmadd.s ft11, ft10, ft9, ft8
core   0: 3 0x0000000080005050 (0xe1df7fc3) f31 0xffffffff0687ffff
core   0: 0x0000000080005054 (0x00302273) csrr    tp, fcsr
core   0: 3 0x0000000080005054 (0x00302273) x4  0x0000000000000000
core   0: 0x0000000080005058 (0x4ff0a827) fsw     ft11, 1264(ra)
core   0: 3 0x0000000080005058 (0x4ff0a827) mem 0x000000008000d608 0x0687ffff
core   0: 0x000000008000505c (0x4e40bc23) sd      tp, 1272(ra)
core   0: 3 0x000000008000505c (0x4e40bc23) mem 0x000000008000d610 0x0000000000000000
core   0: >>>>  inst_37968
core   0: 0x0000000080005060 (0x00100113) li      sp, 1
core   0: 3 0x0000000080005060 (0x00100113) x2  0x0000000000000001
core   0: 0x0000000080005064 (0x00c11113) slli    sp, sp, 12
core   0: 3 0x0000000080005064 (0x00c11113) x2  0x0000000000001000
core   0: 0x0000000080005068 (0x002181b3) add     gp, gp, sp
core   0: 3 0x0000000080005068 (0x002181b3) x3  0x000000008000b010
core   0: 0x000000008000506c (0xfc01af07) flw     ft10, -64(gp)
core   0: 3 0x000000008000506c (0xfc01af07) f30 0xffffffff7f3d8dc3 mem 0x000000008000afd0
core   0: 0x0000000080005070 (0x402181b3) sub     gp, gp, sp
core   0: 3 0x0000000080005070 (0x402181b3) x3  0x000000008000a010
core   0: 0x0000000080005074 (0x00100113) li      sp, 1
core   0: 3 0x0000000080005074 (0x00100113) x2  0x0000000000000001
core   0: 0x0000000080005078 (0x00c11113) slli    sp, sp, 12
core   0: 3 0x0000000080005078 (0x00c11113) x2  0x0000000000001000
core   0: 0x000000008000507c (0x002181b3) add     gp, gp, sp
core   0: 3 0x000000008000507c (0x002181b3) x3  0x000000008000b010
core   0: 0x0000000080005080 (0xfc41ae87) flw     ft9, -60(gp)
core   0: 3 0x0000000080005080 (0xfc41ae87) f29 0xffffffff00000000 mem 0x000000008000afd4
core   0: 0x0000000080005084 (0x402181b3) sub     gp, gp, sp
core   0: 3 0x0000000080005084 (0x402181b3) x3  0x000000008000a010
core   0: 0x0000000080005088 (0x00100113) li      sp, 1
core   0: 3 0x0000000080005088 (0x00100113) x2  0x0000000000000001
core   0: 0x000000008000508c (0x00c11113) slli    sp, sp, 12
core   0: 3 0x000000008000508c (0x00c11113) x2  0x0000000000001000
core   0: 0x0000000080005090 (0x002181b3) add     gp, gp, sp
core   0: 3 0x0000000080005090 (0x002181b3) x3  0x000000008000b010
core   0: 0x0000000080005094 (0xfc81ae07) flw     ft8, -56(gp)
core   0: 3 0x0000000080005094 (0xfc81ae07) f28 0xffffffff068fffff mem 0x000000008000afd8
core   0: 0x0000000080005098 (0x402181b3) sub     gp, gp, sp
core   0: 3 0x0000000080005098 (0x402181b3) x3  0x000000008000a010
core   0: 0x000000008000509c (0x00000113) li      sp, 0
core   0: 3 0x000000008000509c (0x00000113) x2  0x0000000000000000
core   0: 0x00000000800050a0 (0x00311073) csrw    fcsr, sp
core   0: 3 0x00000000800050a0 (0x00311073) c1_fflags 0x0000000000000000 c2_frm 0x0000000000000000
core   0: 0x00000000800050a4 (0xe1df7fc3) fmadd.s ft11, ft10, ft9, ft8
core   0: 3 0x00000000800050a4 (0xe1df7fc3) f31 0xffffffff068fffff
core   0: 0x00000000800050a8 (0x00302273) csrr    tp, fcsr
core   0: 3 0x00000000800050a8 (0x00302273) x4  0x0000000000000000
core   0: 0x00000000800050ac (0x51f0a027) fsw     ft11, 1280(ra)
core   0: 3 0x00000000800050ac (0x51f0a027) mem 0x000000008000d618 0x068fffff
core   0: 0x00000000800050b0 (0x5040b423) sd      tp, 1288(ra)
core   0: 3 0x00000000800050b0 (0x5040b423) mem 0x000000008000d620 0x0000000000000000
core   0: >>>>  inst_37969
core   0: 0x00000000800050b4 (0x00100113) li      sp, 1
core   0: 3 0x00000000800050b4 (0x00100113) x2  0x0000000000000001
core   0: 0x00000000800050b8 (0x00c11113) slli    sp, sp, 12
core   0: 3 0x00000000800050b8 (0x00c11113) x2  0x0000000000001000
core   0: 0x00000000800050bc (0x002181b3) add     gp, gp, sp
core   0: 3 0x00000000800050bc (0x002181b3) x3  0x000000008000b010
core   0: 0x00000000800050c0 (0xfcc1af07) flw     ft10, -52(gp)
core   0: 3 0x00000000800050c0 (0xfcc1af07) f30 0xffffffff7f3d8dc3 mem 0x000000008000afdc
core   0: 0x00000000800050c4 (0x402181b3) sub     gp, gp, sp
core   0: 3 0x00000000800050c4 (0x402181b3) x3  0x000000008000a010
core   0: 0x00000000800050c8 (0x00100113) li      sp, 1
core   0: 3 0x00000000800050c8 (0x00100113) x2  0x0000000000000001
core   0: 0x00000000800050cc (0x00c11113) slli    sp, sp, 12
core   0: 3 0x00000000800050cc (0x00c11113) x2  0x0000000000001000
core   0: 0x00000000800050d0 (0x002181b3) add     gp, gp, sp
core   0: 3 0x00000000800050d0 (0x002181b3) x3  0x000000008000b010
core   0: 0x00000000800050d4 (0xfd01ae87) flw     ft9, -48(gp)
core   0: 3 0x00000000800050d4 (0xfd01ae87) f29 0xffffffff00000000 mem 0x000000008000afe0
core   0: 0x00000000800050d8 (0x402181b3) sub     gp, gp, sp
core   0: 3 0x00000000800050d8 (0x402181b3) x3  0x000000008000a010
core   0: 0x00000000800050dc (0x00100113) li      sp, 1
core   0: 3 0x00000000800050dc (0x00100113) x2  0x0000000000000001
core   0: 0x00000000800050e0 (0x00c11113) slli    sp, sp, 12
core   0: 3 0x00000000800050e0 (0x00c11113) x2  0x0000000000001000
core   0: 0x00000000800050e4 (0x002181b3) add     gp, gp, sp
core   0: 3 0x00000000800050e4 (0x002181b3) x3  0x000000008000b010
core   0: 0x00000000800050e8 (0xfd41ae07) flw     ft8, -44(gp)
core   0: 3 0x00000000800050e8 (0xfd41ae07) f28 0xffffffff069fffff mem 0x000000008000afe4
core   0: 0x00000000800050ec (0x402181b3) sub     gp, gp, sp
core   0: 3 0x00000000800050ec (0x402181b3) x3  0x000000008000a010
core   0: 0x00000000800050f0 (0x00000113) li      sp, 0
core   0: 3 0x00000000800050f0 (0x00000113) x2  0x0000000000000000
core   0: 0x00000000800050f4 (0x00311073) csrw    fcsr, sp
core   0: 3 0x00000000800050f4 (0x00311073) c1_fflags 0x0000000000000000 c2_frm 0x0000000000000000
core   0: 0x00000000800050f8 (0xe1df7fc3) fmadd.s ft11, ft10, ft9, ft8
core   0: 3 0x00000000800050f8 (0xe1df7fc3) f31 0xffffffff069fffff
core   0: 0x00000000800050fc (0x00302273) csrr    tp, fcsr
core   0: 3 0x00000000800050fc (0x00302273) x4  0x0000000000000000
core   0: 0x0000000080005100 (0x51f0a827) fsw     ft11, 1296(ra)
core   0: 3 0x0000000080005100 (0x51f0a827) mem 0x000000008000d628 0x069fffff
core   0: 0x0000000080005104 (0x5040bc23) sd      tp, 1304(ra)
core   0: 3 0x0000000080005104 (0x5040bc23) mem 0x000000008000d630 0x0000000000000000
core   0: >>>>  inst_37970
core   0: 0x0000000080005108 (0x00100113) li      sp, 1
core   0: 3 0x0000000080005108 (0x00100113) x2  0x0000000000000001
core   0: 0x000000008000510c (0x00c11113) slli    sp, sp, 12
core   0: 3 0x000000008000510c (0x00c11113) x2  0x0000000000001000
core   0: 0x0000000080005110 (0x002181b3) add     gp, gp, sp
core   0: 3 0x0000000080005110 (0x002181b3) x3  0x000000008000b010
core   0: 0x0000000080005114 (0xfd81af07) flw     ft10, -40(gp)
core   0: 3 0x0000000080005114 (0xfd81af07) f30 0xffffffff7f3d8dc3 mem 0x000000008000afe8
core   0: 0x0000000080005118 (0x402181b3) sub     gp, gp, sp
core   0: 3 0x0000000080005118 (0x402181b3) x3  0x000000008000a010
core   0: 0x000000008000511c (0x00100113) li      sp, 1
core   0: 3 0x000000008000511c (0x00100113) x2  0x0000000000000001
core   0: 0x0000000080005120 (0x00c11113) slli    sp, sp, 12
core   0: 3 0x0000000080005120 (0x00c11113) x2  0x0000000000001000
core   0: 0x0000000080005124 (0x002181b3) add     gp, gp, sp
core   0: 3 0x0000000080005124 (0x002181b3) x3  0x000000008000b010
core   0: 0x0000000080005128 (0xfdc1ae87) flw     ft9, -36(gp)
core   0: 3 0x0000000080005128 (0xfdc1ae87) f29 0xffffffff00000000 mem 0x000000008000afec
core   0: 0x000000008000512c (0x402181b3) sub     gp, gp, sp
core   0: 3 0x000000008000512c (0x402181b3) x3  0x000000008000a010
core   0: 0x0000000080005130 (0x00100113) li      sp, 1
core   0: 3 0x0000000080005130 (0x00100113) x2  0x0000000000000001
core   0: 0x0000000080005134 (0x00c11113) slli    sp, sp, 12
core   0: 3 0x0000000080005134 (0x00c11113) x2  0x0000000000001000
core   0: 0x0000000080005138 (0x002181b3) add     gp, gp, sp
core   0: 3 0x0000000080005138 (0x002181b3) x3  0x000000008000b010
core   0: 0x000000008000513c (0xfe01ae07) flw     ft8, -32(gp)
core   0: 3 0x000000008000513c (0xfe01ae07) f28 0xffffffff06bfffff mem 0x000000008000aff0
core   0: 0x0000000080005140 (0x402181b3) sub     gp, gp, sp
core   0: 3 0x0000000080005140 (0x402181b3) x3  0x000000008000a010
core   0: 0x0000000080005144 (0x00000113) li      sp, 0
core   0: 3 0x0000000080005144 (0x00000113) x2  0x0000000000000000
core   0: 0x0000000080005148 (0x00311073) csrw    fcsr, sp
core   0: 3 0x0000000080005148 (0x00311073) c1_fflags 0x0000000000000000 c2_frm 0x0000000000000000
core   0: 0x000000008000514c (0xe1df7fc3) fmadd.s ft11, ft10, ft9, ft8
core   0: 3 0x000000008000514c (0xe1df7fc3) f31 0xffffffff06bfffff
core   0: 0x0000000080005150 (0x00302273) csrr    tp, fcsr
core   0: 3 0x0000000080005150 (0x00302273) x4  0x0000000000000000
core   0: 0x0000000080005154 (0x53f0a027) fsw     ft11, 1312(ra)
core   0: 3 0x0000000080005154 (0x53f0a027) mem 0x000000008000d638 0x06bfffff
core   0: 0x0000000080005158 (0x5240b423) sd      tp, 1320(ra)
core   0: 3 0x0000000080005158 (0x5240b423) mem 0x000000008000d640 0x0000000000000000
core   0: >>>>  inst_37971
core   0: 0x000000008000515c (0x00100113) li      sp, 1
core   0: 3 0x000000008000515c (0x00100113) x2  0x0000000000000001
core   0: 0x0000000080005160 (0x00c11113) slli    sp, sp, 12
core   0: 3 0x0000000080005160 (0x00c11113) x2  0x0000000000001000
core   0: 0x0000000080005164 (0x002181b3) add     gp, gp, sp
core   0: 3 0x0000000080005164 (0x002181b3) x3  0x000000008000b010
core   0: 0x0000000080005168 (0xfe41af07) flw     ft10, -28(gp)
core   0: 3 0x0000000080005168 (0xfe41af07) f30 0xffffffff7f3d8dc3 mem 0x000000008000aff4
core   0: 0x000000008000516c (0x402181b3) sub     gp, gp, sp
core   0: 3 0x000000008000516c (0x402181b3) x3  0x000000008000a010
core   0: 0x0000000080005170 (0x00100113) li      sp, 1
core   0: 3 0x0000000080005170 (0x00100113) x2  0x0000000000000001
core   0: 0x0000000080005174 (0x00c11113) slli    sp, sp, 12
core   0: 3 0x0000000080005174 (0x00c11113) x2  0x0000000000001000
core   0: 0x0000000080005178 (0x002181b3) add     gp, gp, sp
core   0: 3 0x0000000080005178 (0x002181b3) x3  0x000000008000b010
core   0: 0x000000008000517c (0xfe81ae87) flw     ft9, -24(gp)
core   0: 3 0x000000008000517c (0xfe81ae87) f29 0xffffffff00000000 mem 0x000000008000aff8
core   0: 0x0000000080005180 (0x402181b3) sub     gp, gp, sp
core   0: 3 0x0000000080005180 (0x402181b3) x3  0x000000008000a010
core   0: 0x0000000080005184 (0x00100113) li      sp, 1
core   0: 3 0x0000000080005184 (0x00100113) x2  0x0000000000000001
core   0: 0x0000000080005188 (0x00c11113) slli    sp, sp, 12
core   0: 3 0x0000000080005188 (0x00c11113) x2  0x0000000000001000
core   0: 0x000000008000518c (0x002181b3) add     gp, gp, sp
core   0: 3 0x000000008000518c (0x002181b3) x3  0x000000008000b010
core   0: 0x0000000080005190 (0xfec1ae07) flw     ft8, -20(gp)
core   0: 3 0x0000000080005190 (0xfec1ae07) f28 0xffffffff06c00000 mem 0x000000008000affc
core   0: 0x0000000080005194 (0x402181b3) sub     gp, gp, sp
core   0: 3 0x0000000080005194 (0x402181b3) x3  0x000000008000a010
core   0: 0x0000000080005198 (0x00000113) li      sp, 0
core   0: 3 0x0000000080005198 (0x00000113) x2  0x0000000000000000
core   0: 0x000000008000519c (0x00311073) csrw    fcsr, sp
core   0: 3 0x000000008000519c (0x00311073) c1_fflags 0x0000000000000000 c2_frm 0x0000000000000000
core   0: 0x00000000800051a0 (0xe1df7fc3) fmadd.s ft11, ft10, ft9, ft8
core   0: 3 0x00000000800051a0 (0xe1df7fc3) f31 0xffffffff06c00000
core   0: 0x00000000800051a4 (0x00302273) csrr    tp, fcsr
core   0: 3 0x00000000800051a4 (0x00302273) x4  0x0000000000000000
core   0: 0x00000000800051a8 (0x53f0a827) fsw     ft11, 1328(ra)
core   0: 3 0x00000000800051a8 (0x53f0a827) mem 0x000000008000d648 0x06c00000
core   0: 0x00000000800051ac (0x5240bc23) sd      tp, 1336(ra)
core   0: 3 0x00000000800051ac (0x5240bc23) mem 0x000000008000d650 0x0000000000000000
core   0: >>>>  inst_37972
core   0: 0x00000000800051b0 (0x00100113) li      sp, 1
core   0: 3 0x00000000800051b0 (0x00100113) x2  0x0000000000000001
core   0: 0x00000000800051b4 (0x00c11113) slli    sp, sp, 12
core   0: 3 0x00000000800051b4 (0x00c11113) x2  0x0000000000001000
core   0: 0x00000000800051b8 (0x002181b3) add     gp, gp, sp
core   0: 3 0x00000000800051b8 (0x002181b3) x3  0x000000008000b010
core   0: 0x00000000800051bc (0xff01af07) flw     ft10, -16(gp)
core   0: 3 0x00000000800051bc (0xff01af07) f30 0xffffffff7f3d8dc3 mem 0x000000008000b000
core   0: 0x00000000800051c0 (0x402181b3) sub     gp, gp, sp
core   0: 3 0x00000000800051c0 (0x402181b3) x3  0x000000008000a010
core   0: 0x00000000800051c4 (0x00100113) li      sp, 1
core   0: 3 0x00000000800051c4 (0x00100113) x2  0x0000000000000001
core   0: 0x00000000800051c8 (0x00c11113) slli    sp, sp, 12
core   0: 3 0x00000000800051c8 (0x00c11113) x2  0x0000000000001000
core   0: 0x00000000800051cc (0x002181b3) add     gp, gp, sp
core   0: 3 0x00000000800051cc (0x002181b3) x3  0x000000008000b010
core   0: 0x00000000800051d0 (0xff41ae87) flw     ft9, -12(gp)
core   0: 3 0x00000000800051d0 (0xff41ae87) f29 0xffffffff00000000 mem 0x000000008000b004
core   0: 0x00000000800051d4 (0x402181b3) sub     gp, gp, sp
core   0: 3 0x00000000800051d4 (0x402181b3) x3  0x000000008000a010
core   0: 0x00000000800051d8 (0x00100113) li      sp, 1
core   0: 3 0x00000000800051d8 (0x00100113) x2  0x0000000000000001
core   0: 0x00000000800051dc (0x00c11113) slli    sp, sp, 12
core   0: 3 0x00000000800051dc (0x00c11113) x2  0x0000000000001000
core   0: 0x00000000800051e0 (0x002181b3) add     gp, gp, sp
core   0: 3 0x00000000800051e0 (0x002181b3) x3  0x000000008000b010
core   0: 0x00000000800051e4 (0xff81ae07) flw     ft8, -8(gp)
core   0: 3 0x00000000800051e4 (0xff81ae07) f28 0xffffffff06e00000 mem 0x000000008000b008
core   0: 0x00000000800051e8 (0x402181b3) sub     gp, gp, sp
core   0: 3 0x00000000800051e8 (0x402181b3) x3  0x000000008000a010
core   0: 0x00000000800051ec (0x00000113) li      sp, 0
core   0: 3 0x00000000800051ec (0x00000113) x2  0x0000000000000000
core   0: 0x00000000800051f0 (0x00311073) csrw    fcsr, sp
core   0: 3 0x00000000800051f0 (0x00311073) c1_fflags 0x0000000000000000 c2_frm 0x0000000000000000
core   0: 0x00000000800051f4 (0xe1df7fc3) fmadd.s ft11, ft10, ft9, ft8
core   0: 3 0x00000000800051f4 (0xe1df7fc3) f31 0xffffffff06e00000
core   0: 0x00000000800051f8 (0x00302273) csrr    tp, fcsr
core   0: 3 0x00000000800051f8 (0x00302273) x4  0x0000000000000000
core   0: 0x00000000800051fc (0x55f0a027) fsw     ft11, 1344(ra)
core   0: 3 0x00000000800051fc (0x55f0a027) mem 0x000000008000d658 0x06e00000
core   0: 0x0000000080005200 (0x5440b423) sd      tp, 1352(ra)
core   0: 3 0x0000000080005200 (0x5440b423) mem 0x000000008000d660 0x0000000000000000
core   0: >>>>  inst_37973
core   0: 0x0000000080005204 (0x00100113) li      sp, 1
core   0: 3 0x0000000080005204 (0x00100113) x2  0x0000000000000001
core   0: 0x0000000080005208 (0x00c11113) slli    sp, sp, 12
core   0: 3 0x0000000080005208 (0x00c11113) x2  0x0000000000001000
core   0: 0x000000008000520c (0x002181b3) add     gp, gp, sp
core   0: 3 0x000000008000520c (0x002181b3) x3  0x000000008000b010
core   0: 0x0000000080005210 (0xffc1af07) flw     ft10, -4(gp)
core   0: 3 0x0000000080005210 (0xffc1af07) f30 0xffffffff7f3d8dc3 mem 0x000000008000b00c
core   0: 0x0000000080005214 (0x402181b3) sub     gp, gp, sp
core   0: 3 0x0000000080005214 (0x402181b3) x3  0x000000008000a010
core   0: 0x0000000080005218 (0x00100113) li      sp, 1
core   0: 3 0x0000000080005218 (0x00100113) x2  0x0000000000000001
core   0: 0x000000008000521c (0x00c11113) slli    sp, sp, 12
core   0: 3 0x000000008000521c (0x00c11113) x2  0x0000000000001000
core   0: 0x0000000080005220 (0x002181b3) add     gp, gp, sp
core   0: 3 0x0000000080005220 (0x002181b3) x3  0x000000008000b010
core   0: 0x0000000080005224 (0x0001ae87) flw     ft9, 0(gp)
core   0: 3 0x0000000080005224 (0x0001ae87) f29 0xffffffff00000000 mem 0x000000008000b010
core   0: 0x0000000080005228 (0x402181b3) sub     gp, gp, sp
core   0: 3 0x0000000080005228 (0x402181b3) x3  0x000000008000a010
core   0: 0x000000008000522c (0x00100113) li      sp, 1
core   0: 3 0x000000008000522c (0x00100113) x2  0x0000000000000001
core   0: 0x0000000080005230 (0x00c11113) slli    sp, sp, 12
core   0: 3 0x0000000080005230 (0x00c11113) x2  0x0000000000001000
core   0: 0x0000000080005234 (0x002181b3) add     gp, gp, sp
core   0: 3 0x0000000080005234 (0x002181b3) x3  0x000000008000b010
core   0: 0x0000000080005238 (0x0041ae07) flw     ft8, 4(gp)
core   0: 3 0x0000000080005238 (0x0041ae07) f28 0xffffffff06f00000 mem 0x000000008000b014
core   0: 0x000000008000523c (0x402181b3) sub     gp, gp, sp
core   0: 3 0x000000008000523c (0x402181b3) x3  0x000000008000a010
core   0: 0x0000000080005240 (0x00000113) li      sp, 0
core   0: 3 0x0000000080005240 (0x00000113) x2  0x0000000000000000
core   0: 0x0000000080005244 (0x00311073) csrw    fcsr, sp
core   0: 3 0x0000000080005244 (0x00311073) c1_fflags 0x0000000000000000 c2_frm 0x0000000000000000
core   0: 0x0000000080005248 (0xe1df7fc3) fmadd.s ft11, ft10, ft9, ft8
core   0: 3 0x0000000080005248 (0xe1df7fc3) f31 0xffffffff06f00000
core   0: 0x000000008000524c (0x00302273) csrr    tp, fcsr
core   0: 3 0x000000008000524c (0x00302273) x4  0x0000000000000000
core   0: 0x0000000080005250 (0x55f0a827) fsw     ft11, 1360(ra)
core   0: 3 0x0000000080005250 (0x55f0a827) mem 0x000000008000d668 0x06f00000
core   0: 0x0000000080005254 (0x5440bc23) sd      tp, 1368(ra)
core   0: 3 0x0000000080005254 (0x5440bc23) mem 0x000000008000d670 0x0000000000000000
core   0: >>>>  inst_37974
core   0: 0x0000000080005258 (0x00100113) li      sp, 1
core   0: 3 0x0000000080005258 (0x00100113) x2  0x0000000000000001
core   0: 0x000000008000525c (0x00c11113) slli    sp, sp, 12
core   0: 3 0x000000008000525c (0x00c11113) x2  0x0000000000001000
core   0: 0x0000000080005260 (0x002181b3) add     gp, gp, sp
core   0: 3 0x0000000080005260 (0x002181b3) x3  0x000000008000b010
core   0: 0x0000000080005264 (0x0081af07) flw     ft10, 8(gp)
core   0: 3 0x0000000080005264 (0x0081af07) f30 0xffffffff7f3d8dc3 mem 0x000000008000b018
core   0: 0x0000000080005268 (0x402181b3) sub     gp, gp, sp
core   0: 3 0x0000000080005268 (0x402181b3) x3  0x000000008000a010
core   0: 0x000000008000526c (0x00100113) li      sp, 1
core   0: 3 0x000000008000526c (0x00100113) x2  0x0000000000000001
core   0: 0x0000000080005270 (0x00c11113) slli    sp, sp, 12
core   0: 3 0x0000000080005270 (0x00c11113) x2  0x0000000000001000
core   0: 0x0000000080005274 (0x002181b3) add     gp, gp, sp
core   0: 3 0x0000000080005274 (0x002181b3) x3  0x000000008000b010
core   0: 0x0000000080005278 (0x00c1ae87) flw     ft9, 12(gp)
core   0: 3 0x0000000080005278 (0x00c1ae87) f29 0xffffffff00000000 mem 0x000000008000b01c
core   0: 0x000000008000527c (0x402181b3) sub     gp, gp, sp
core   0: 3 0x000000008000527c (0x402181b3) x3  0x000000008000a010
core   0: 0x0000000080005280 (0x00100113) li      sp, 1
core   0: 3 0x0000000080005280 (0x00100113) x2  0x0000000000000001
core   0: 0x0000000080005284 (0x00c11113) slli    sp, sp, 12
core   0: 3 0x0000000080005284 (0x00c11113) x2  0x0000000000001000
core   0: 0x0000000080005288 (0x002181b3) add     gp, gp, sp
core   0: 3 0x0000000080005288 (0x002181b3) x3  0x000000008000b010
core   0: 0x000000008000528c (0x0101ae07) flw     ft8, 16(gp)
core   0: 3 0x000000008000528c (0x0101ae07) f28 0xffffffff06f80000 mem 0x000000008000b020
core   0: 0x0000000080005290 (0x402181b3) sub     gp, gp, sp
core   0: 3 0x0000000080005290 (0x402181b3) x3  0x000000008000a010
core   0: 0x0000000080005294 (0x00000113) li      sp, 0
core   0: 3 0x0000000080005294 (0x00000113) x2  0x0000000000000000
core   0: 0x0000000080005298 (0x00311073) csrw    fcsr, sp
core   0: 3 0x0000000080005298 (0x00311073) c1_fflags 0x0000000000000000 c2_frm 0x0000000000000000
core   0: 0x000000008000529c (0xe1df7fc3) fmadd.s ft11, ft10, ft9, ft8
core   0: 3 0x000000008000529c (0xe1df7fc3) f31 0xffffffff06f80000
core   0: 0x00000000800052a0 (0x00302273) csrr    tp, fcsr
core   0: 3 0x00000000800052a0 (0x00302273) x4  0x0000000000000000
core   0: 0x00000000800052a4 (0x57f0a027) fsw     ft11, 1376(ra)
core   0: 3 0x00000000800052a4 (0x57f0a027) mem 0x000000008000d678 0x06f80000
core   0: 0x00000000800052a8 (0x5640b423) sd      tp, 1384(ra)
core   0: 3 0x00000000800052a8 (0x5640b423) mem 0x000000008000d680 0x0000000000000000
core   0: >>>>  inst_37975
core   0: 0x00000000800052ac (0x00100113) li      sp, 1
core   0: 3 0x00000000800052ac (0x00100113) x2  0x0000000000000001
core   0: 0x00000000800052b0 (0x00c11113) slli    sp, sp, 12
core   0: 3 0x00000000800052b0 (0x00c11113) x2  0x0000000000001000
core   0: 0x00000000800052b4 (0x002181b3) add     gp, gp, sp
core   0: 3 0x00000000800052b4 (0x002181b3) x3  0x000000008000b010
core   0: 0x00000000800052b8 (0x0141af07) flw     ft10, 20(gp)
core   0: 3 0x00000000800052b8 (0x0141af07) f30 0xffffffff7f3d8dc3 mem 0x000000008000b024
core   0: 0x00000000800052bc (0x402181b3) sub     gp, gp, sp
core   0: 3 0x00000000800052bc (0x402181b3) x3  0x000000008000a010
core   0: 0x00000000800052c0 (0x00100113) li      sp, 1
core   0: 3 0x00000000800052c0 (0x00100113) x2  0x0000000000000001
core   0: 0x00000000800052c4 (0x00c11113) slli    sp, sp, 12
core   0: 3 0x00000000800052c4 (0x00c11113) x2  0x0000000000001000
core   0: 0x00000000800052c8 (0x002181b3) add     gp, gp, sp
core   0: 3 0x00000000800052c8 (0x002181b3) x3  0x000000008000b010
core   0: 0x00000000800052cc (0x0181ae87) flw     ft9, 24(gp)
core   0: 3 0x00000000800052cc (0x0181ae87) f29 0xffffffff00000000 mem 0x000000008000b028
core   0: 0x00000000800052d0 (0x402181b3) sub     gp, gp, sp
core   0: 3 0x00000000800052d0 (0x402181b3) x3  0x000000008000a010
core   0: 0x00000000800052d4 (0x00100113) li      sp, 1
core   0: 3 0x00000000800052d4 (0x00100113) x2  0x0000000000000001
core   0: 0x00000000800052d8 (0x00c11113) slli    sp, sp, 12
core   0: 3 0x00000000800052d8 (0x00c11113) x2  0x0000000000001000
core   0: 0x00000000800052dc (0x002181b3) add     gp, gp, sp
core   0: 3 0x00000000800052dc (0x002181b3) x3  0x000000008000b010
core   0: 0x00000000800052e0 (0x01c1ae07) flw     ft8, 28(gp)
core   0: 3 0x00000000800052e0 (0x01c1ae07) f28 0xffffffff06fc0000 mem 0x000000008000b02c
core   0: 0x00000000800052e4 (0x402181b3) sub     gp, gp, sp
core   0: 3 0x00000000800052e4 (0x402181b3) x3  0x000000008000a010
core   0: 0x00000000800052e8 (0x00000113) li      sp, 0
core   0: 3 0x00000000800052e8 (0x00000113) x2  0x0000000000000000
core   0: 0x00000000800052ec (0x00311073) csrw    fcsr, sp
core   0: 3 0x00000000800052ec (0x00311073) c1_fflags 0x0000000000000000 c2_frm 0x0000000000000000
core   0: 0x00000000800052f0 (0xe1df7fc3) fmadd.s ft11, ft10, ft9, ft8
core   0: 3 0x00000000800052f0 (0xe1df7fc3) f31 0xffffffff06fc0000
core   0: 0x00000000800052f4 (0x00302273) csrr    tp, fcsr
core   0: 3 0x00000000800052f4 (0x00302273) x4  0x0000000000000000
core   0: 0x00000000800052f8 (0x57f0a827) fsw     ft11, 1392(ra)
core   0: 3 0x00000000800052f8 (0x57f0a827) mem 0x000000008000d688 0x06fc0000
core   0: 0x00000000800052fc (0x5640bc23) sd      tp, 1400(ra)
core   0: 3 0x00000000800052fc (0x5640bc23) mem 0x000000008000d690 0x0000000000000000
core   0: >>>>  inst_37976
core   0: 0x0000000080005300 (0x00100113) li      sp, 1
core   0: 3 0x0000000080005300 (0x00100113) x2  0x0000000000000001
core   0: 0x0000000080005304 (0x00c11113) slli    sp, sp, 12
core   0: 3 0x0000000080005304 (0x00c11113) x2  0x0000000000001000
core   0: 0x0000000080005308 (0x002181b3) add     gp, gp, sp
core   0: 3 0x0000000080005308 (0x002181b3) x3  0x000000008000b010
core   0: 0x000000008000530c (0x0201af07) flw     ft10, 32(gp)
core   0: 3 0x000000008000530c (0x0201af07) f30 0xffffffff7f3d8dc3 mem 0x000000008000b030
core   0: 0x0000000080005310 (0x402181b3) sub     gp, gp, sp
core   0: 3 0x0000000080005310 (0x402181b3) x3  0x000000008000a010
core   0: 0x0000000080005314 (0x00100113) li      sp, 1
core   0: 3 0x0000000080005314 (0x00100113) x2  0x0000000000000001
core   0: 0x0000000080005318 (0x00c11113) slli    sp, sp, 12
core   0: 3 0x0000000080005318 (0x00c11113) x2  0x0000000000001000
core   0: 0x000000008000531c (0x002181b3) add     gp, gp, sp
core   0: 3 0x000000008000531c (0x002181b3) x3  0x000000008000b010
core   0: 0x0000000080005320 (0x0241ae87) flw     ft9, 36(gp)
core   0: 3 0x0000000080005320 (0x0241ae87) f29 0xffffffff00000000 mem 0x000000008000b034
core   0: 0x0000000080005324 (0x402181b3) sub     gp, gp, sp
core   0: 3 0x0000000080005324 (0x402181b3) x3  0x000000008000a010
core   0: 0x0000000080005328 (0x00100113) li      sp, 1
core   0: 3 0x0000000080005328 (0x00100113) x2  0x0000000000000001
core   0: 0x000000008000532c (0x00c11113) slli    sp, sp, 12
core   0: 3 0x000000008000532c (0x00c11113) x2  0x0000000000001000
core   0: 0x0000000080005330 (0x002181b3) add     gp, gp, sp
core   0: 3 0x0000000080005330 (0x002181b3) x3  0x000000008000b010
core   0: 0x0000000080005334 (0x0281ae07) flw     ft8, 40(gp)
core   0: 3 0x0000000080005334 (0x0281ae07) f28 0xffffffff06fe0000 mem 0x000000008000b038
core   0: 0x0000000080005338 (0x402181b3) sub     gp, gp, sp
core   0: 3 0x0000000080005338 (0x402181b3) x3  0x000000008000a010
core   0: 0x000000008000533c (0x00000113) li      sp, 0
core   0: 3 0x000000008000533c (0x00000113) x2  0x0000000000000000
core   0: 0x0000000080005340 (0x00311073) csrw    fcsr, sp
core   0: 3 0x0000000080005340 (0x00311073) c1_fflags 0x0000000000000000 c2_frm 0x0000000000000000
core   0: 0x0000000080005344 (0xe1df7fc3) fmadd.s ft11, ft10, ft9, ft8
core   0: 3 0x0000000080005344 (0xe1df7fc3) f31 0xffffffff06fe0000
core   0: 0x0000000080005348 (0x00302273) csrr    tp, fcsr
core   0: 3 0x0000000080005348 (0x00302273) x4  0x0000000000000000
core   0: 0x000000008000534c (0x59f0a027) fsw     ft11, 1408(ra)
core   0: 3 0x000000008000534c (0x59f0a027) mem 0x000000008000d698 0x06fe0000
core   0: 0x0000000080005350 (0x5840b423) sd      tp, 1416(ra)
core   0: 3 0x0000000080005350 (0x5840b423) mem 0x000000008000d6a0 0x0000000000000000
core   0: >>>>  inst_37977
core   0: 0x0000000080005354 (0x00100113) li      sp, 1
core   0: 3 0x0000000080005354 (0x00100113) x2  0x0000000000000001
core   0: 0x0000000080005358 (0x00c11113) slli    sp, sp, 12
core   0: 3 0x0000000080005358 (0x00c11113) x2  0x0000000000001000
core   0: 0x000000008000535c (0x002181b3) add     gp, gp, sp
core   0: 3 0x000000008000535c (0x002181b3) x3  0x000000008000b010
core   0: 0x0000000080005360 (0x02c1af07) flw     ft10, 44(gp)
core   0: 3 0x0000000080005360 (0x02c1af07) f30 0xffffffff7f3d8dc3 mem 0x000000008000b03c
core   0: 0x0000000080005364 (0x402181b3) sub     gp, gp, sp
core   0: 3 0x0000000080005364 (0x402181b3) x3  0x000000008000a010
core   0: 0x0000000080005368 (0x00100113) li      sp, 1
core   0: 3 0x0000000080005368 (0x00100113) x2  0x0000000000000001
core   0: 0x000000008000536c (0x00c11113) slli    sp, sp, 12
core   0: 3 0x000000008000536c (0x00c11113) x2  0x0000000000001000
core   0: 0x0000000080005370 (0x002181b3) add     gp, gp, sp
core   0: 3 0x0000000080005370 (0x002181b3) x3  0x000000008000b010
core   0: 0x0000000080005374 (0x0301ae87) flw     ft9, 48(gp)
core   0: 3 0x0000000080005374 (0x0301ae87) f29 0xffffffff00000000 mem 0x000000008000b040
core   0: 0x0000000080005378 (0x402181b3) sub     gp, gp, sp
core   0: 3 0x0000000080005378 (0x402181b3) x3  0x000000008000a010
core   0: 0x000000008000537c (0x00100113) li      sp, 1
core   0: 3 0x000000008000537c (0x00100113) x2  0x0000000000000001
core   0: 0x0000000080005380 (0x00c11113) slli    sp, sp, 12
core   0: 3 0x0000000080005380 (0x00c11113) x2  0x0000000000001000
core   0: 0x0000000080005384 (0x002181b3) add     gp, gp, sp
core   0: 3 0x0000000080005384 (0x002181b3) x3  0x000000008000b010
core   0: 0x0000000080005388 (0x0341ae07) flw     ft8, 52(gp)
core   0: 3 0x0000000080005388 (0x0341ae07) f28 0xffffffff06ff0000 mem 0x000000008000b044
core   0: 0x000000008000538c (0x402181b3) sub     gp, gp, sp
core   0: 3 0x000000008000538c (0x402181b3) x3  0x000000008000a010
core   0: 0x0000000080005390 (0x00000113) li      sp, 0
core   0: 3 0x0000000080005390 (0x00000113) x2  0x0000000000000000
core   0: 0x0000000080005394 (0x00311073) csrw    fcsr, sp
core   0: 3 0x0000000080005394 (0x00311073) c1_fflags 0x0000000000000000 c2_frm 0x0000000000000000
core   0: 0x0000000080005398 (0xe1df7fc3) fmadd.s ft11, ft10, ft9, ft8
core   0: 3 0x0000000080005398 (0xe1df7fc3) f31 0xffffffff06ff0000
core   0: 0x000000008000539c (0x00302273) csrr    tp, fcsr
core   0: 3 0x000000008000539c (0x00302273) x4  0x0000000000000000
core   0: 0x00000000800053a0 (0x59f0a827) fsw     ft11, 1424(ra)
core   0: 3 0x00000000800053a0 (0x59f0a827) mem 0x000000008000d6a8 0x06ff0000
core   0: 0x00000000800053a4 (0x5840bc23) sd      tp, 1432(ra)
core   0: 3 0x00000000800053a4 (0x5840bc23) mem 0x000000008000d6b0 0x0000000000000000
core   0: >>>>  inst_37978
core   0: 0x00000000800053a8 (0x00100113) li      sp, 1
core   0: 3 0x00000000800053a8 (0x00100113) x2  0x0000000000000001
core   0: 0x00000000800053ac (0x00c11113) slli    sp, sp, 12
core   0: 3 0x00000000800053ac (0x00c11113) x2  0x0000000000001000
core   0: 0x00000000800053b0 (0x002181b3) add     gp, gp, sp
core   0: 3 0x00000000800053b0 (0x002181b3) x3  0x000000008000b010
core   0: 0x00000000800053b4 (0x0381af07) flw     ft10, 56(gp)
core   0: 3 0x00000000800053b4 (0x0381af07) f30 0xffffffff7f3d8dc3 mem 0x000000008000b048
core   0: 0x00000000800053b8 (0x402181b3) sub     gp, gp, sp
core   0: 3 0x00000000800053b8 (0x402181b3) x3  0x000000008000a010
core   0: 0x00000000800053bc (0x00100113) li      sp, 1
core   0: 3 0x00000000800053bc (0x00100113) x2  0x0000000000000001
core   0: 0x00000000800053c0 (0x00c11113) slli    sp, sp, 12
core   0: 3 0x00000000800053c0 (0x00c11113) x2  0x0000000000001000
core   0: 0x00000000800053c4 (0x002181b3) add     gp, gp, sp
core   0: 3 0x00000000800053c4 (0x002181b3) x3  0x000000008000b010
core   0: 0x00000000800053c8 (0x03c1ae87) flw     ft9, 60(gp)
core   0: 3 0x00000000800053c8 (0x03c1ae87) f29 0xffffffff00000000 mem 0x000000008000b04c
core   0: 0x00000000800053cc (0x402181b3) sub     gp, gp, sp
core   0: 3 0x00000000800053cc (0x402181b3) x3  0x000000008000a010
core   0: 0x00000000800053d0 (0x00100113) li      sp, 1
core   0: 3 0x00000000800053d0 (0x00100113) x2  0x0000000000000001
core   0: 0x00000000800053d4 (0x00c11113) slli    sp, sp, 12
core   0: 3 0x00000000800053d4 (0x00c11113) x2  0x0000000000001000
core   0: 0x00000000800053d8 (0x002181b3) add     gp, gp, sp
core   0: 3 0x00000000800053d8 (0x002181b3) x3  0x000000008000b010
core   0: 0x00000000800053dc (0x0401ae07) flw     ft8, 64(gp)
core   0: 3 0x00000000800053dc (0x0401ae07) f28 0xffffffff06ff8000 mem 0x000000008000b050
core   0: 0x00000000800053e0 (0x402181b3) sub     gp, gp, sp
core   0: 3 0x00000000800053e0 (0x402181b3) x3  0x000000008000a010
core   0: 0x00000000800053e4 (0x00000113) li      sp, 0
core   0: 3 0x00000000800053e4 (0x00000113) x2  0x0000000000000000
core   0: 0x00000000800053e8 (0x00311073) csrw    fcsr, sp
core   0: 3 0x00000000800053e8 (0x00311073) c1_fflags 0x0000000000000000 c2_frm 0x0000000000000000
core   0: 0x00000000800053ec (0xe1df7fc3) fmadd.s ft11, ft10, ft9, ft8
core   0: 3 0x00000000800053ec (0xe1df7fc3) f31 0xffffffff06ff8000
core   0: 0x00000000800053f0 (0x00302273) csrr    tp, fcsr
core   0: 3 0x00000000800053f0 (0x00302273) x4  0x0000000000000000
core   0: 0x00000000800053f4 (0x5bf0a027) fsw     ft11, 1440(ra)
core   0: 3 0x00000000800053f4 (0x5bf0a027) mem 0x000000008000d6b8 0x06ff8000
core   0: 0x00000000800053f8 (0x5a40b423) sd      tp, 1448(ra)
core   0: 3 0x00000000800053f8 (0x5a40b423) mem 0x000000008000d6c0 0x0000000000000000
core   0: >>>>  inst_37979
core   0: 0x00000000800053fc (0x00100113) li      sp, 1
core   0: 3 0x00000000800053fc (0x00100113) x2  0x0000000000000001
core   0: 0x0000000080005400 (0x00c11113) slli    sp, sp, 12
core   0: 3 0x0000000080005400 (0x00c11113) x2  0x0000000000001000
core   0: 0x0000000080005404 (0x002181b3) add     gp, gp, sp
core   0: 3 0x0000000080005404 (0x002181b3) x3  0x000000008000b010
core   0: 0x0000000080005408 (0x0441af07) flw     ft10, 68(gp)
core   0: 3 0x0000000080005408 (0x0441af07) f30 0xffffffff7f3d8dc3 mem 0x000000008000b054
core   0: 0x000000008000540c (0x402181b3) sub     gp, gp, sp
core   0: 3 0x000000008000540c (0x402181b3) x3  0x000000008000a010
core   0: 0x0000000080005410 (0x00100113) li      sp, 1
core   0: 3 0x0000000080005410 (0x00100113) x2  0x0000000000000001
core   0: 0x0000000080005414 (0x00c11113) slli    sp, sp, 12
core   0: 3 0x0000000080005414 (0x00c11113) x2  0x0000000000001000
core   0: 0x0000000080005418 (0x002181b3) add     gp, gp, sp
core   0: 3 0x0000000080005418 (0x002181b3) x3  0x000000008000b010
core   0: 0x000000008000541c (0x0481ae87) flw     ft9, 72(gp)
core   0: 3 0x000000008000541c (0x0481ae87) f29 0xffffffff00000000 mem 0x000000008000b058
core   0: 0x0000000080005420 (0x402181b3) sub     gp, gp, sp
core   0: 3 0x0000000080005420 (0x402181b3) x3  0x000000008000a010
core   0: 0x0000000080005424 (0x00100113) li      sp, 1
core   0: 3 0x0000000080005424 (0x00100113) x2  0x0000000000000001
core   0: 0x0000000080005428 (0x00c11113) slli    sp, sp, 12
core   0: 3 0x0000000080005428 (0x00c11113) x2  0x0000000000001000
core   0: 0x000000008000542c (0x002181b3) add     gp, gp, sp
core   0: 3 0x000000008000542c (0x002181b3) x3  0x000000008000b010
core   0: 0x0000000080005430 (0x04c1ae07) flw     ft8, 76(gp)
core   0: 3 0x0000000080005430 (0x04c1ae07) f28 0xffffffff06ffc000 mem 0x000000008000b05c
core   0: 0x0000000080005434 (0x402181b3) sub     gp, gp, sp
core   0: 3 0x0000000080005434 (0x402181b3) x3  0x000000008000a010
core   0: 0x0000000080005438 (0x00000113) li      sp, 0
core   0: 3 0x0000000080005438 (0x00000113) x2  0x0000000000000000
core   0: 0x000000008000543c (0x00311073) csrw    fcsr, sp
core   0: 3 0x000000008000543c (0x00311073) c1_fflags 0x0000000000000000 c2_frm 0x0000000000000000
core   0: 0x0000000080005440 (0xe1df7fc3) fmadd.s ft11, ft10, ft9, ft8
core   0: 3 0x0000000080005440 (0xe1df7fc3) f31 0xffffffff06ffc000
core   0: 0x0000000080005444 (0x00302273) csrr    tp, fcsr
core   0: 3 0x0000000080005444 (0x00302273) x4  0x0000000000000000
core   0: 0x0000000080005448 (0x5bf0a827) fsw     ft11, 1456(ra)
core   0: 3 0x0000000080005448 (0x5bf0a827) mem 0x000000008000d6c8 0x06ffc000
core   0: 0x000000008000544c (0x5a40bc23) sd      tp, 1464(ra)
core   0: 3 0x000000008000544c (0x5a40bc23) mem 0x000000008000d6d0 0x0000000000000000
core   0: >>>>  inst_37980
core   0: 0x0000000080005450 (0x00100113) li      sp, 1
core   0: 3 0x0000000080005450 (0x00100113) x2  0x0000000000000001
core   0: 0x0000000080005454 (0x00c11113) slli    sp, sp, 12
core   0: 3 0x0000000080005454 (0x00c11113) x2  0x0000000000001000
core   0: 0x0000000080005458 (0x002181b3) add     gp, gp, sp
core   0: 3 0x0000000080005458 (0x002181b3) x3  0x000000008000b010
core   0: 0x000000008000545c (0x0501af07) flw     ft10, 80(gp)
core   0: 3 0x000000008000545c (0x0501af07) f30 0xffffffff7f3d8dc3 mem 0x000000008000b060
core   0: 0x0000000080005460 (0x402181b3) sub     gp, gp, sp
core   0: 3 0x0000000080005460 (0x402181b3) x3  0x000000008000a010
core   0: 0x0000000080005464 (0x00100113) li      sp, 1
core   0: 3 0x0000000080005464 (0x00100113) x2  0x0000000000000001
core   0: 0x0000000080005468 (0x00c11113) slli    sp, sp, 12
core   0: 3 0x0000000080005468 (0x00c11113) x2  0x0000000000001000
core   0: 0x000000008000546c (0x002181b3) add     gp, gp, sp
core   0: 3 0x000000008000546c (0x002181b3) x3  0x000000008000b010
core   0: 0x0000000080005470 (0x0541ae87) flw     ft9, 84(gp)
core   0: 3 0x0000000080005470 (0x0541ae87) f29 0xffffffff00000000 mem 0x000000008000b064
core   0: 0x0000000080005474 (0x402181b3) sub     gp, gp, sp
core   0: 3 0x0000000080005474 (0x402181b3) x3  0x000000008000a010
core   0: 0x0000000080005478 (0x00100113) li      sp, 1
core   0: 3 0x0000000080005478 (0x00100113) x2  0x0000000000000001
core   0: 0x000000008000547c (0x00c11113) slli    sp, sp, 12
core   0: 3 0x000000008000547c (0x00c11113) x2  0x0000000000001000
core   0: 0x0000000080005480 (0x002181b3) add     gp, gp, sp
core   0: 3 0x0000000080005480 (0x002181b3) x3  0x000000008000b010
core   0: 0x0000000080005484 (0x0581ae07) flw     ft8, 88(gp)
core   0: 3 0x0000000080005484 (0x0581ae07) f28 0xffffffff06ffe000 mem 0x000000008000b068
core   0: 0x0000000080005488 (0x402181b3) sub     gp, gp, sp
core   0: 3 0x0000000080005488 (0x402181b3) x3  0x000000008000a010
core   0: 0x000000008000548c (0x00000113) li      sp, 0
core   0: 3 0x000000008000548c (0x00000113) x2  0x0000000000000000
core   0: 0x0000000080005490 (0x00311073) csrw    fcsr, sp
core   0: 3 0x0000000080005490 (0x00311073) c1_fflags 0x0000000000000000 c2_frm 0x0000000000000000
core   0: 0x0000000080005494 (0xe1df7fc3) fmadd.s ft11, ft10, ft9, ft8
core   0: 3 0x0000000080005494 (0xe1df7fc3) f31 0xffffffff06ffe000
core   0: 0x0000000080005498 (0x00302273) csrr    tp, fcsr
core   0: 3 0x0000000080005498 (0x00302273) x4  0x0000000000000000
core   0: 0x000000008000549c (0x5df0a027) fsw     ft11, 1472(ra)
core   0: 3 0x000000008000549c (0x5df0a027) mem 0x000000008000d6d8 0x06ffe000
core   0: 0x00000000800054a0 (0x5c40b423) sd      tp, 1480(ra)
core   0: 3 0x00000000800054a0 (0x5c40b423) mem 0x000000008000d6e0 0x0000000000000000
core   0: >>>>  inst_37981
core   0: 0x00000000800054a4 (0x00100113) li      sp, 1
core   0: 3 0x00000000800054a4 (0x00100113) x2  0x0000000000000001
core   0: 0x00000000800054a8 (0x00c11113) slli    sp, sp, 12
core   0: 3 0x00000000800054a8 (0x00c11113) x2  0x0000000000001000
core   0: 0x00000000800054ac (0x002181b3) add     gp, gp, sp
core   0: 3 0x00000000800054ac (0x002181b3) x3  0x000000008000b010
core   0: 0x00000000800054b0 (0x05c1af07) flw     ft10, 92(gp)
core   0: 3 0x00000000800054b0 (0x05c1af07) f30 0xffffffff7f3d8dc3 mem 0x000000008000b06c
core   0: 0x00000000800054b4 (0x402181b3) sub     gp, gp, sp
core   0: 3 0x00000000800054b4 (0x402181b3) x3  0x000000008000a010
core   0: 0x00000000800054b8 (0x00100113) li      sp, 1
core   0: 3 0x00000000800054b8 (0x00100113) x2  0x0000000000000001
core   0: 0x00000000800054bc (0x00c11113) slli    sp, sp, 12
core   0: 3 0x00000000800054bc (0x00c11113) x2  0x0000000000001000
core   0: 0x00000000800054c0 (0x002181b3) add     gp, gp, sp
core   0: 3 0x00000000800054c0 (0x002181b3) x3  0x000000008000b010
core   0: 0x00000000800054c4 (0x0601ae87) flw     ft9, 96(gp)
core   0: 3 0x00000000800054c4 (0x0601ae87) f29 0xffffffff00000000 mem 0x000000008000b070
core   0: 0x00000000800054c8 (0x402181b3) sub     gp, gp, sp
core   0: 3 0x00000000800054c8 (0x402181b3) x3  0x000000008000a010
core   0: 0x00000000800054cc (0x00100113) li      sp, 1
core   0: 3 0x00000000800054cc (0x00100113) x2  0x0000000000000001
core   0: 0x00000000800054d0 (0x00c11113) slli    sp, sp, 12
core   0: 3 0x00000000800054d0 (0x00c11113) x2  0x0000000000001000
core   0: 0x00000000800054d4 (0x002181b3) add     gp, gp, sp
core   0: 3 0x00000000800054d4 (0x002181b3) x3  0x000000008000b010
core   0: 0x00000000800054d8 (0x0641ae07) flw     ft8, 100(gp)
core   0: 3 0x00000000800054d8 (0x0641ae07) f28 0xffffffff06fff000 mem 0x000000008000b074
core   0: 0x00000000800054dc (0x402181b3) sub     gp, gp, sp
core   0: 3 0x00000000800054dc (0x402181b3) x3  0x000000008000a010
core   0: 0x00000000800054e0 (0x00000113) li      sp, 0
core   0: 3 0x00000000800054e0 (0x00000113) x2  0x0000000000000000
core   0: 0x00000000800054e4 (0x00311073) csrw    fcsr, sp
core   0: 3 0x00000000800054e4 (0x00311073) c1_fflags 0x0000000000000000 c2_frm 0x0000000000000000
core   0: 0x00000000800054e8 (0xe1df7fc3) fmadd.s ft11, ft10, ft9, ft8
core   0: 3 0x00000000800054e8 (0xe1df7fc3) f31 0xffffffff06fff000
core   0: 0x00000000800054ec (0x00302273) csrr    tp, fcsr
core   0: 3 0x00000000800054ec (0x00302273) x4  0x0000000000000000
core   0: 0x00000000800054f0 (0x5df0a827) fsw     ft11, 1488(ra)
core   0: 3 0x00000000800054f0 (0x5df0a827) mem 0x000000008000d6e8 0x06fff000
core   0: 0x00000000800054f4 (0x5c40bc23) sd      tp, 1496(ra)
core   0: 3 0x00000000800054f4 (0x5c40bc23) mem 0x000000008000d6f0 0x0000000000000000
core   0: >>>>  inst_37982
core   0: 0x00000000800054f8 (0x00100113) li      sp, 1
core   0: 3 0x00000000800054f8 (0x00100113) x2  0x0000000000000001
core   0: 0x00000000800054fc (0x00c11113) slli    sp, sp, 12
core   0: 3 0x00000000800054fc (0x00c11113) x2  0x0000000000001000
core   0: 0x0000000080005500 (0x002181b3) add     gp, gp, sp
core   0: 3 0x0000000080005500 (0x002181b3) x3  0x000000008000b010
core   0: 0x0000000080005504 (0x0681af07) flw     ft10, 104(gp)
core   0: 3 0x0000000080005504 (0x0681af07) f30 0xffffffff7f3d8dc3 mem 0x000000008000b078
core   0: 0x0000000080005508 (0x402181b3) sub     gp, gp, sp
core   0: 3 0x0000000080005508 (0x402181b3) x3  0x000000008000a010
core   0: 0x000000008000550c (0x00100113) li      sp, 1
core   0: 3 0x000000008000550c (0x00100113) x2  0x0000000000000001
core   0: 0x0000000080005510 (0x00c11113) slli    sp, sp, 12
core   0: 3 0x0000000080005510 (0x00c11113) x2  0x0000000000001000
core   0: 0x0000000080005514 (0x002181b3) add     gp, gp, sp
core   0: 3 0x0000000080005514 (0x002181b3) x3  0x000000008000b010
core   0: 0x0000000080005518 (0x06c1ae87) flw     ft9, 108(gp)
core   0: 3 0x0000000080005518 (0x06c1ae87) f29 0xffffffff00000000 mem 0x000000008000b07c
core   0: 0x000000008000551c (0x402181b3) sub     gp, gp, sp
core   0: 3 0x000000008000551c (0x402181b3) x3  0x000000008000a010
core   0: 0x0000000080005520 (0x00100113) li      sp, 1
core   0: 3 0x0000000080005520 (0x00100113) x2  0x0000000000000001
core   0: 0x0000000080005524 (0x00c11113) slli    sp, sp, 12
core   0: 3 0x0000000080005524 (0x00c11113) x2  0x0000000000001000
core   0: 0x0000000080005528 (0x002181b3) add     gp, gp, sp
core   0: 3 0x0000000080005528 (0x002181b3) x3  0x000000008000b010
core   0: 0x000000008000552c (0x0701ae07) flw     ft8, 112(gp)
core   0: 3 0x000000008000552c (0x0701ae07) f28 0xffffffff06fff800 mem 0x000000008000b080
core   0: 0x0000000080005530 (0x402181b3) sub     gp, gp, sp
core   0: 3 0x0000000080005530 (0x402181b3) x3  0x000000008000a010
core   0: 0x0000000080005534 (0x00000113) li      sp, 0
core   0: 3 0x0000000080005534 (0x00000113) x2  0x0000000000000000
core   0: 0x0000000080005538 (0x00311073) csrw    fcsr, sp
core   0: 3 0x0000000080005538 (0x00311073) c1_fflags 0x0000000000000000 c2_frm 0x0000000000000000
core   0: 0x000000008000553c (0xe1df7fc3) fmadd.s ft11, ft10, ft9, ft8
core   0: 3 0x000000008000553c (0xe1df7fc3) f31 0xffffffff06fff800
core   0: 0x0000000080005540 (0x00302273) csrr    tp, fcsr
core   0: 3 0x0000000080005540 (0x00302273) x4  0x0000000000000000
core   0: 0x0000000080005544 (0x5ff0a027) fsw     ft11, 1504(ra)
core   0: 3 0x0000000080005544 (0x5ff0a027) mem 0x000000008000d6f8 0x06fff800
core   0: 0x0000000080005548 (0x5e40b423) sd      tp, 1512(ra)
core   0: 3 0x0000000080005548 (0x5e40b423) mem 0x000000008000d700 0x0000000000000000
core   0: >>>>  inst_37983
core   0: 0x000000008000554c (0x00100113) li      sp, 1
core   0: 3 0x000000008000554c (0x00100113) x2  0x0000000000000001
core   0: 0x0000000080005550 (0x00c11113) slli    sp, sp, 12
core   0: 3 0x0000000080005550 (0x00c11113) x2  0x0000000000001000
core   0: 0x0000000080005554 (0x002181b3) add     gp, gp, sp
core   0: 3 0x0000000080005554 (0x002181b3) x3  0x000000008000b010
core   0: 0x0000000080005558 (0x0741af07) flw     ft10, 116(gp)
core   0: 3 0x0000000080005558 (0x0741af07) f30 0xffffffff7f3d8dc3 mem 0x000000008000b084
core   0: 0x000000008000555c (0x402181b3) sub     gp, gp, sp
core   0: 3 0x000000008000555c (0x402181b3) x3  0x000000008000a010
core   0: 0x0000000080005560 (0x00100113) li      sp, 1
core   0: 3 0x0000000080005560 (0x00100113) x2  0x0000000000000001
core   0: 0x0000000080005564 (0x00c11113) slli    sp, sp, 12
core   0: 3 0x0000000080005564 (0x00c11113) x2  0x0000000000001000
core   0: 0x0000000080005568 (0x002181b3) add     gp, gp, sp
core   0: 3 0x0000000080005568 (0x002181b3) x3  0x000000008000b010
core   0: 0x000000008000556c (0x0781ae87) flw     ft9, 120(gp)
core   0: 3 0x000000008000556c (0x0781ae87) f29 0xffffffff00000000 mem 0x000000008000b088
core   0: 0x0000000080005570 (0x402181b3) sub     gp, gp, sp
core   0: 3 0x0000000080005570 (0x402181b3) x3  0x000000008000a010
core   0: 0x0000000080005574 (0x00100113) li      sp, 1
core   0: 3 0x0000000080005574 (0x00100113) x2  0x0000000000000001
core   0: 0x0000000080005578 (0x00c11113) slli    sp, sp, 12
core   0: 3 0x0000000080005578 (0x00c11113) x2  0x0000000000001000
core   0: 0x000000008000557c (0x002181b3) add     gp, gp, sp
core   0: 3 0x000000008000557c (0x002181b3) x3  0x000000008000b010
core   0: 0x0000000080005580 (0x07c1ae07) flw     ft8, 124(gp)
core   0: 3 0x0000000080005580 (0x07c1ae07) f28 0xffffffff06fffc00 mem 0x000000008000b08c
core   0: 0x0000000080005584 (0x402181b3) sub     gp, gp, sp
core   0: 3 0x0000000080005584 (0x402181b3) x3  0x000000008000a010
core   0: 0x0000000080005588 (0x00000113) li      sp, 0
core   0: 3 0x0000000080005588 (0x00000113) x2  0x0000000000000000
core   0: 0x000000008000558c (0x00311073) csrw    fcsr, sp
core   0: 3 0x000000008000558c (0x00311073) c1_fflags 0x0000000000000000 c2_frm 0x0000000000000000
core   0: 0x0000000080005590 (0xe1df7fc3) fmadd.s ft11, ft10, ft9, ft8
core   0: 3 0x0000000080005590 (0xe1df7fc3) f31 0xffffffff06fffc00
core   0: 0x0000000080005594 (0x00302273) csrr    tp, fcsr
core   0: 3 0x0000000080005594 (0x00302273) x4  0x0000000000000000
core   0: 0x0000000080005598 (0x5ff0a827) fsw     ft11, 1520(ra)
core   0: 3 0x0000000080005598 (0x5ff0a827) mem 0x000000008000d708 0x06fffc00
core   0: 0x000000008000559c (0x5e40bc23) sd      tp, 1528(ra)
core   0: 3 0x000000008000559c (0x5e40bc23) mem 0x000000008000d710 0x0000000000000000
core   0: >>>>  inst_37984
core   0: 0x00000000800055a0 (0x00100113) li      sp, 1
core   0: 3 0x00000000800055a0 (0x00100113) x2  0x0000000000000001
core   0: 0x00000000800055a4 (0x00c11113) slli    sp, sp, 12
core   0: 3 0x00000000800055a4 (0x00c11113) x2  0x0000000000001000
core   0: 0x00000000800055a8 (0x002181b3) add     gp, gp, sp
core   0: 3 0x00000000800055a8 (0x002181b3) x3  0x000000008000b010
core   0: 0x00000000800055ac (0x0801af07) flw     ft10, 128(gp)
core   0: 3 0x00000000800055ac (0x0801af07) f30 0xffffffff7f3d8dc3 mem 0x000000008000b090
core   0: 0x00000000800055b0 (0x402181b3) sub     gp, gp, sp
core   0: 3 0x00000000800055b0 (0x402181b3) x3  0x000000008000a010
core   0: 0x00000000800055b4 (0x00100113) li      sp, 1
core   0: 3 0x00000000800055b4 (0x00100113) x2  0x0000000000000001
core   0: 0x00000000800055b8 (0x00c11113) slli    sp, sp, 12
core   0: 3 0x00000000800055b8 (0x00c11113) x2  0x0000000000001000
core   0: 0x00000000800055bc (0x002181b3) add     gp, gp, sp
core   0: 3 0x00000000800055bc (0x002181b3) x3  0x000000008000b010
core   0: 0x00000000800055c0 (0x0841ae87) flw     ft9, 132(gp)
core   0: 3 0x00000000800055c0 (0x0841ae87) f29 0xffffffff00000000 mem 0x000000008000b094
core   0: 0x00000000800055c4 (0x402181b3) sub     gp, gp, sp
core   0: 3 0x00000000800055c4 (0x402181b3) x3  0x000000008000a010
core   0: 0x00000000800055c8 (0x00100113) li      sp, 1
core   0: 3 0x00000000800055c8 (0x00100113) x2  0x0000000000000001
core   0: 0x00000000800055cc (0x00c11113) slli    sp, sp, 12
core   0: 3 0x00000000800055cc (0x00c11113) x2  0x0000000000001000
core   0: 0x00000000800055d0 (0x002181b3) add     gp, gp, sp
core   0: 3 0x00000000800055d0 (0x002181b3) x3  0x000000008000b010
core   0: 0x00000000800055d4 (0x0881ae07) flw     ft8, 136(gp)
core   0: 3 0x00000000800055d4 (0x0881ae07) f28 0xffffffff06fffe00 mem 0x000000008000b098
core   0: 0x00000000800055d8 (0x402181b3) sub     gp, gp, sp
core   0: 3 0x00000000800055d8 (0x402181b3) x3  0x000000008000a010
core   0: 0x00000000800055dc (0x00000113) li      sp, 0
core   0: 3 0x00000000800055dc (0x00000113) x2  0x0000000000000000
core   0: 0x00000000800055e0 (0x00311073) csrw    fcsr, sp
core   0: 3 0x00000000800055e0 (0x00311073) c1_fflags 0x0000000000000000 c2_frm 0x0000000000000000
core   0: 0x00000000800055e4 (0xe1df7fc3) fmadd.s ft11, ft10, ft9, ft8
core   0: 3 0x00000000800055e4 (0xe1df7fc3) f31 0xffffffff06fffe00
core   0: 0x00000000800055e8 (0x00302273) csrr    tp, fcsr
core   0: 3 0x00000000800055e8 (0x00302273) x4  0x0000000000000000
core   0: 0x00000000800055ec (0x61f0a027) fsw     ft11, 1536(ra)
core   0: 3 0x00000000800055ec (0x61f0a027) mem 0x000000008000d718 0x06fffe00
core   0: 0x00000000800055f0 (0x6040b423) sd      tp, 1544(ra)
core   0: 3 0x00000000800055f0 (0x6040b423) mem 0x000000008000d720 0x0000000000000000
core   0: >>>>  inst_37985
core   0: 0x00000000800055f4 (0x00100113) li      sp, 1
core   0: 3 0x00000000800055f4 (0x00100113) x2  0x0000000000000001
core   0: 0x00000000800055f8 (0x00c11113) slli    sp, sp, 12
core   0: 3 0x00000000800055f8 (0x00c11113) x2  0x0000000000001000
core   0: 0x00000000800055fc (0x002181b3) add     gp, gp, sp
core   0: 3 0x00000000800055fc (0x002181b3) x3  0x000000008000b010
core   0: 0x0000000080005600 (0x08c1af07) flw     ft10, 140(gp)
core   0: 3 0x0000000080005600 (0x08c1af07) f30 0xffffffff7f3d8dc3 mem 0x000000008000b09c
core   0: 0x0000000080005604 (0x402181b3) sub     gp, gp, sp
core   0: 3 0x0000000080005604 (0x402181b3) x3  0x000000008000a010
core   0: 0x0000000080005608 (0x00100113) li      sp, 1
core   0: 3 0x0000000080005608 (0x00100113) x2  0x0000000000000001
core   0: 0x000000008000560c (0x00c11113) slli    sp, sp, 12
core   0: 3 0x000000008000560c (0x00c11113) x2  0x0000000000001000
core   0: 0x0000000080005610 (0x002181b3) add     gp, gp, sp
core   0: 3 0x0000000080005610 (0x002181b3) x3  0x000000008000b010
core   0: 0x0000000080005614 (0x0901ae87) flw     ft9, 144(gp)
core   0: 3 0x0000000080005614 (0x0901ae87) f29 0xffffffff00000000 mem 0x000000008000b0a0
core   0: 0x0000000080005618 (0x402181b3) sub     gp, gp, sp
core   0: 3 0x0000000080005618 (0x402181b3) x3  0x000000008000a010
core   0: 0x000000008000561c (0x00100113) li      sp, 1
core   0: 3 0x000000008000561c (0x00100113) x2  0x0000000000000001
core   0: 0x0000000080005620 (0x00c11113) slli    sp, sp, 12
core   0: 3 0x0000000080005620 (0x00c11113) x2  0x0000000000001000
core   0: 0x0000000080005624 (0x002181b3) add     gp, gp, sp
core   0: 3 0x0000000080005624 (0x002181b3) x3  0x000000008000b010
core   0: 0x0000000080005628 (0x0941ae07) flw     ft8, 148(gp)
core   0: 3 0x0000000080005628 (0x0941ae07) f28 0xffffffff06ffff00 mem 0x000000008000b0a4
core   0: 0x000000008000562c (0x402181b3) sub     gp, gp, sp
core   0: 3 0x000000008000562c (0x402181b3) x3  0x000000008000a010
core   0: 0x0000000080005630 (0x00000113) li      sp, 0
core   0: 3 0x0000000080005630 (0x00000113) x2  0x0000000000000000
core   0: 0x0000000080005634 (0x00311073) csrw    fcsr, sp
core   0: 3 0x0000000080005634 (0x00311073) c1_fflags 0x0000000000000000 c2_frm 0x0000000000000000
core   0: 0x0000000080005638 (0xe1df7fc3) fmadd.s ft11, ft10, ft9, ft8
core   0: 3 0x0000000080005638 (0xe1df7fc3) f31 0xffffffff06ffff00
core   0: 0x000000008000563c (0x00302273) csrr    tp, fcsr
core   0: 3 0x000000008000563c (0x00302273) x4  0x0000000000000000
core   0: 0x0000000080005640 (0x61f0a827) fsw     ft11, 1552(ra)
core   0: 3 0x0000000080005640 (0x61f0a827) mem 0x000000008000d728 0x06ffff00
core   0: 0x0000000080005644 (0x6040bc23) sd      tp, 1560(ra)
core   0: 3 0x0000000080005644 (0x6040bc23) mem 0x000000008000d730 0x0000000000000000
core   0: >>>>  inst_37986
core   0: 0x0000000080005648 (0x00100113) li      sp, 1
core   0: 3 0x0000000080005648 (0x00100113) x2  0x0000000000000001
core   0: 0x000000008000564c (0x00c11113) slli    sp, sp, 12
core   0: 3 0x000000008000564c (0x00c11113) x2  0x0000000000001000
core   0: 0x0000000080005650 (0x002181b3) add     gp, gp, sp
core   0: 3 0x0000000080005650 (0x002181b3) x3  0x000000008000b010
core   0: 0x0000000080005654 (0x0981af07) flw     ft10, 152(gp)
core   0: 3 0x0000000080005654 (0x0981af07) f30 0xffffffff7f3d8dc3 mem 0x000000008000b0a8
core   0: 0x0000000080005658 (0x402181b3) sub     gp, gp, sp
core   0: 3 0x0000000080005658 (0x402181b3) x3  0x000000008000a010
core   0: 0x000000008000565c (0x00100113) li      sp, 1
core   0: 3 0x000000008000565c (0x00100113) x2  0x0000000000000001
core   0: 0x0000000080005660 (0x00c11113) slli    sp, sp, 12
core   0: 3 0x0000000080005660 (0x00c11113) x2  0x0000000000001000
core   0: 0x0000000080005664 (0x002181b3) add     gp, gp, sp
core   0: 3 0x0000000080005664 (0x002181b3) x3  0x000000008000b010
core   0: 0x0000000080005668 (0x09c1ae87) flw     ft9, 156(gp)
core   0: 3 0x0000000080005668 (0x09c1ae87) f29 0xffffffff00000000 mem 0x000000008000b0ac
core   0: 0x000000008000566c (0x402181b3) sub     gp, gp, sp
core   0: 3 0x000000008000566c (0x402181b3) x3  0x000000008000a010
core   0: 0x0000000080005670 (0x00100113) li      sp, 1
core   0: 3 0x0000000080005670 (0x00100113) x2  0x0000000000000001
core   0: 0x0000000080005674 (0x00c11113) slli    sp, sp, 12
core   0: 3 0x0000000080005674 (0x00c11113) x2  0x0000000000001000
core   0: 0x0000000080005678 (0x002181b3) add     gp, gp, sp
core   0: 3 0x0000000080005678 (0x002181b3) x3  0x000000008000b010
core   0: 0x000000008000567c (0x0a01ae07) flw     ft8, 160(gp)
core   0: 3 0x000000008000567c (0x0a01ae07) f28 0xffffffff06ffff80 mem 0x000000008000b0b0
core   0: 0x0000000080005680 (0x402181b3) sub     gp, gp, sp
core   0: 3 0x0000000080005680 (0x402181b3) x3  0x000000008000a010
core   0: 0x0000000080005684 (0x00000113) li      sp, 0
core   0: 3 0x0000000080005684 (0x00000113) x2  0x0000000000000000
core   0: 0x0000000080005688 (0x00311073) csrw    fcsr, sp
core   0: 3 0x0000000080005688 (0x00311073) c1_fflags 0x0000000000000000 c2_frm 0x0000000000000000
core   0: 0x000000008000568c (0xe1df7fc3) fmadd.s ft11, ft10, ft9, ft8
core   0: 3 0x000000008000568c (0xe1df7fc3) f31 0xffffffff06ffff80
core   0: 0x0000000080005690 (0x00302273) csrr    tp, fcsr
core   0: 3 0x0000000080005690 (0x00302273) x4  0x0000000000000000
core   0: 0x0000000080005694 (0x63f0a027) fsw     ft11, 1568(ra)
core   0: 3 0x0000000080005694 (0x63f0a027) mem 0x000000008000d738 0x06ffff80
core   0: 0x0000000080005698 (0x6240b423) sd      tp, 1576(ra)
core   0: 3 0x0000000080005698 (0x6240b423) mem 0x000000008000d740 0x0000000000000000
core   0: >>>>  inst_37987
core   0: 0x000000008000569c (0x00100113) li      sp, 1
core   0: 3 0x000000008000569c (0x00100113) x2  0x0000000000000001
core   0: 0x00000000800056a0 (0x00c11113) slli    sp, sp, 12
core   0: 3 0x00000000800056a0 (0x00c11113) x2  0x0000000000001000
core   0: 0x00000000800056a4 (0x002181b3) add     gp, gp, sp
core   0: 3 0x00000000800056a4 (0x002181b3) x3  0x000000008000b010
core   0: 0x00000000800056a8 (0x0a41af07) flw     ft10, 164(gp)
core   0: 3 0x00000000800056a8 (0x0a41af07) f30 0xffffffff7f3d8dc3 mem 0x000000008000b0b4
core   0: 0x00000000800056ac (0x402181b3) sub     gp, gp, sp
core   0: 3 0x00000000800056ac (0x402181b3) x3  0x000000008000a010
core   0: 0x00000000800056b0 (0x00100113) li      sp, 1
core   0: 3 0x00000000800056b0 (0x00100113) x2  0x0000000000000001
core   0: 0x00000000800056b4 (0x00c11113) slli    sp, sp, 12
core   0: 3 0x00000000800056b4 (0x00c11113) x2  0x0000000000001000
core   0: 0x00000000800056b8 (0x002181b3) add     gp, gp, sp
core   0: 3 0x00000000800056b8 (0x002181b3) x3  0x000000008000b010
core   0: 0x00000000800056bc (0x0a81ae87) flw     ft9, 168(gp)
core   0: 3 0x00000000800056bc (0x0a81ae87) f29 0xffffffff00000000 mem 0x000000008000b0b8
core   0: 0x00000000800056c0 (0x402181b3) sub     gp, gp, sp
core   0: 3 0x00000000800056c0 (0x402181b3) x3  0x000000008000a010
core   0: 0x00000000800056c4 (0x00100113) li      sp, 1
core   0: 3 0x00000000800056c4 (0x00100113) x2  0x0000000000000001
core   0: 0x00000000800056c8 (0x00c11113) slli    sp, sp, 12
core   0: 3 0x00000000800056c8 (0x00c11113) x2  0x0000000000001000
core   0: 0x00000000800056cc (0x002181b3) add     gp, gp, sp
core   0: 3 0x00000000800056cc (0x002181b3) x3  0x000000008000b010
core   0: 0x00000000800056d0 (0x0ac1ae07) flw     ft8, 172(gp)
core   0: 3 0x00000000800056d0 (0x0ac1ae07) f28 0xffffffff06ffffc0 mem 0x000000008000b0bc
core   0: 0x00000000800056d4 (0x402181b3) sub     gp, gp, sp
core   0: 3 0x00000000800056d4 (0x402181b3) x3  0x000000008000a010
core   0: 0x00000000800056d8 (0x00000113) li      sp, 0
core   0: 3 0x00000000800056d8 (0x00000113) x2  0x0000000000000000
core   0: 0x00000000800056dc (0x00311073) csrw    fcsr, sp
core   0: 3 0x00000000800056dc (0x00311073) c1_fflags 0x0000000000000000 c2_frm 0x0000000000000000
core   0: 0x00000000800056e0 (0xe1df7fc3) fmadd.s ft11, ft10, ft9, ft8
core   0: 3 0x00000000800056e0 (0xe1df7fc3) f31 0xffffffff06ffffc0
core   0: 0x00000000800056e4 (0x00302273) csrr    tp, fcsr
core   0: 3 0x00000000800056e4 (0x00302273) x4  0x0000000000000000
core   0: 0x00000000800056e8 (0x63f0a827) fsw     ft11, 1584(ra)
core   0: 3 0x00000000800056e8 (0x63f0a827) mem 0x000000008000d748 0x06ffffc0
core   0: 0x00000000800056ec (0x6240bc23) sd      tp, 1592(ra)
core   0: 3 0x00000000800056ec (0x6240bc23) mem 0x000000008000d750 0x0000000000000000
core   0: >>>>  inst_37988
core   0: 0x00000000800056f0 (0x00100113) li      sp, 1
core   0: 3 0x00000000800056f0 (0x00100113) x2  0x0000000000000001
core   0: 0x00000000800056f4 (0x00c11113) slli    sp, sp, 12
core   0: 3 0x00000000800056f4 (0x00c11113) x2  0x0000000000001000
core   0: 0x00000000800056f8 (0x002181b3) add     gp, gp, sp
core   0: 3 0x00000000800056f8 (0x002181b3) x3  0x000000008000b010
core   0: 0x00000000800056fc (0x0b01af07) flw     ft10, 176(gp)
core   0: 3 0x00000000800056fc (0x0b01af07) f30 0xffffffff7f3d8dc3 mem 0x000000008000b0c0
core   0: 0x0000000080005700 (0x402181b3) sub     gp, gp, sp
core   0: 3 0x0000000080005700 (0x402181b3) x3  0x000000008000a010
core   0: 0x0000000080005704 (0x00100113) li      sp, 1
core   0: 3 0x0000000080005704 (0x00100113) x2  0x0000000000000001
core   0: 0x0000000080005708 (0x00c11113) slli    sp, sp, 12
core   0: 3 0x0000000080005708 (0x00c11113) x2  0x0000000000001000
core   0: 0x000000008000570c (0x002181b3) add     gp, gp, sp
core   0: 3 0x000000008000570c (0x002181b3) x3  0x000000008000b010
core   0: 0x0000000080005710 (0x0b41ae87) flw     ft9, 180(gp)
core   0: 3 0x0000000080005710 (0x0b41ae87) f29 0xffffffff00000000 mem 0x000000008000b0c4
core   0: 0x0000000080005714 (0x402181b3) sub     gp, gp, sp
core   0: 3 0x0000000080005714 (0x402181b3) x3  0x000000008000a010
core   0: 0x0000000080005718 (0x00100113) li      sp, 1
core   0: 3 0x0000000080005718 (0x00100113) x2  0x0000000000000001
core   0: 0x000000008000571c (0x00c11113) slli    sp, sp, 12
core   0: 3 0x000000008000571c (0x00c11113) x2  0x0000000000001000
core   0: 0x0000000080005720 (0x002181b3) add     gp, gp, sp
core   0: 3 0x0000000080005720 (0x002181b3) x3  0x000000008000b010
core   0: 0x0000000080005724 (0x0b81ae07) flw     ft8, 184(gp)
core   0: 3 0x0000000080005724 (0x0b81ae07) f28 0xffffffff06ffffe0 mem 0x000000008000b0c8
core   0: 0x0000000080005728 (0x402181b3) sub     gp, gp, sp
core   0: 3 0x0000000080005728 (0x402181b3) x3  0x000000008000a010
core   0: 0x000000008000572c (0x00000113) li      sp, 0
core   0: 3 0x000000008000572c (0x00000113) x2  0x0000000000000000
core   0: 0x0000000080005730 (0x00311073) csrw    fcsr, sp
core   0: 3 0x0000000080005730 (0x00311073) c1_fflags 0x0000000000000000 c2_frm 0x0000000000000000
core   0: 0x0000000080005734 (0xe1df7fc3) fmadd.s ft11, ft10, ft9, ft8
core   0: 3 0x0000000080005734 (0xe1df7fc3) f31 0xffffffff06ffffe0
core   0: 0x0000000080005738 (0x00302273) csrr    tp, fcsr
core   0: 3 0x0000000080005738 (0x00302273) x4  0x0000000000000000
core   0: 0x000000008000573c (0x65f0a027) fsw     ft11, 1600(ra)
core   0: 3 0x000000008000573c (0x65f0a027) mem 0x000000008000d758 0x06ffffe0
core   0: 0x0000000080005740 (0x6440b423) sd      tp, 1608(ra)
core   0: 3 0x0000000080005740 (0x6440b423) mem 0x000000008000d760 0x0000000000000000
core   0: >>>>  inst_37989
core   0: 0x0000000080005744 (0x00100113) li      sp, 1
core   0: 3 0x0000000080005744 (0x00100113) x2  0x0000000000000001
core   0: 0x0000000080005748 (0x00c11113) slli    sp, sp, 12
core   0: 3 0x0000000080005748 (0x00c11113) x2  0x0000000000001000
core   0: 0x000000008000574c (0x002181b3) add     gp, gp, sp
core   0: 3 0x000000008000574c (0x002181b3) x3  0x000000008000b010
core   0: 0x0000000080005750 (0x0bc1af07) flw     ft10, 188(gp)
core   0: 3 0x0000000080005750 (0x0bc1af07) f30 0xffffffff7f3d8dc3 mem 0x000000008000b0cc
core   0: 0x0000000080005754 (0x402181b3) sub     gp, gp, sp
core   0: 3 0x0000000080005754 (0x402181b3) x3  0x000000008000a010
core   0: 0x0000000080005758 (0x00100113) li      sp, 1
core   0: 3 0x0000000080005758 (0x00100113) x2  0x0000000000000001
core   0: 0x000000008000575c (0x00c11113) slli    sp, sp, 12
core   0: 3 0x000000008000575c (0x00c11113) x2  0x0000000000001000
core   0: 0x0000000080005760 (0x002181b3) add     gp, gp, sp
core   0: 3 0x0000000080005760 (0x002181b3) x3  0x000000008000b010
core   0: 0x0000000080005764 (0x0c01ae87) flw     ft9, 192(gp)
core   0: 3 0x0000000080005764 (0x0c01ae87) f29 0xffffffff00000000 mem 0x000000008000b0d0
core   0: 0x0000000080005768 (0x402181b3) sub     gp, gp, sp
core   0: 3 0x0000000080005768 (0x402181b3) x3  0x000000008000a010
core   0: 0x000000008000576c (0x00100113) li      sp, 1
core   0: 3 0x000000008000576c (0x00100113) x2  0x0000000000000001
core   0: 0x0000000080005770 (0x00c11113) slli    sp, sp, 12
core   0: 3 0x0000000080005770 (0x00c11113) x2  0x0000000000001000
core   0: 0x0000000080005774 (0x002181b3) add     gp, gp, sp
core   0: 3 0x0000000080005774 (0x002181b3) x3  0x000000008000b010
core   0: 0x0000000080005778 (0x0c41ae07) flw     ft8, 196(gp)
core   0: 3 0x0000000080005778 (0x0c41ae07) f28 0xffffffff06fffff0 mem 0x000000008000b0d4
core   0: 0x000000008000577c (0x402181b3) sub     gp, gp, sp
core   0: 3 0x000000008000577c (0x402181b3) x3  0x000000008000a010
core   0: 0x0000000080005780 (0x00000113) li      sp, 0
core   0: 3 0x0000000080005780 (0x00000113) x2  0x0000000000000000
core   0: 0x0000000080005784 (0x00311073) csrw    fcsr, sp
core   0: 3 0x0000000080005784 (0x00311073) c1_fflags 0x0000000000000000 c2_frm 0x0000000000000000
core   0: 0x0000000080005788 (0xe1df7fc3) fmadd.s ft11, ft10, ft9, ft8
core   0: 3 0x0000000080005788 (0xe1df7fc3) f31 0xffffffff06fffff0
core   0: 0x000000008000578c (0x00302273) csrr    tp, fcsr
core   0: 3 0x000000008000578c (0x00302273) x4  0x0000000000000000
core   0: 0x0000000080005790 (0x65f0a827) fsw     ft11, 1616(ra)
core   0: 3 0x0000000080005790 (0x65f0a827) mem 0x000000008000d768 0x06fffff0
core   0: 0x0000000080005794 (0x6440bc23) sd      tp, 1624(ra)
core   0: 3 0x0000000080005794 (0x6440bc23) mem 0x000000008000d770 0x0000000000000000
core   0: >>>>  inst_37990
core   0: 0x0000000080005798 (0x00100113) li      sp, 1
core   0: 3 0x0000000080005798 (0x00100113) x2  0x0000000000000001
core   0: 0x000000008000579c (0x00c11113) slli    sp, sp, 12
core   0: 3 0x000000008000579c (0x00c11113) x2  0x0000000000001000
core   0: 0x00000000800057a0 (0x002181b3) add     gp, gp, sp
core   0: 3 0x00000000800057a0 (0x002181b3) x3  0x000000008000b010
core   0: 0x00000000800057a4 (0x0c81af07) flw     ft10, 200(gp)
core   0: 3 0x00000000800057a4 (0x0c81af07) f30 0xffffffff7f3d8dc3 mem 0x000000008000b0d8
core   0: 0x00000000800057a8 (0x402181b3) sub     gp, gp, sp
core   0: 3 0x00000000800057a8 (0x402181b3) x3  0x000000008000a010
core   0: 0x00000000800057ac (0x00100113) li      sp, 1
core   0: 3 0x00000000800057ac (0x00100113) x2  0x0000000000000001
core   0: 0x00000000800057b0 (0x00c11113) slli    sp, sp, 12
core   0: 3 0x00000000800057b0 (0x00c11113) x2  0x0000000000001000
core   0: 0x00000000800057b4 (0x002181b3) add     gp, gp, sp
core   0: 3 0x00000000800057b4 (0x002181b3) x3  0x000000008000b010
core   0: 0x00000000800057b8 (0x0cc1ae87) flw     ft9, 204(gp)
core   0: 3 0x00000000800057b8 (0x0cc1ae87) f29 0xffffffff00000000 mem 0x000000008000b0dc
core   0: 0x00000000800057bc (0x402181b3) sub     gp, gp, sp
core   0: 3 0x00000000800057bc (0x402181b3) x3  0x000000008000a010
core   0: 0x00000000800057c0 (0x00100113) li      sp, 1
core   0: 3 0x00000000800057c0 (0x00100113) x2  0x0000000000000001
core   0: 0x00000000800057c4 (0x00c11113) slli    sp, sp, 12
core   0: 3 0x00000000800057c4 (0x00c11113) x2  0x0000000000001000
core   0: 0x00000000800057c8 (0x002181b3) add     gp, gp, sp
core   0: 3 0x00000000800057c8 (0x002181b3) x3  0x000000008000b010
core   0: 0x00000000800057cc (0x0d01ae07) flw     ft8, 208(gp)
core   0: 3 0x00000000800057cc (0x0d01ae07) f28 0xffffffff06fffff8 mem 0x000000008000b0e0
core   0: 0x00000000800057d0 (0x402181b3) sub     gp, gp, sp
core   0: 3 0x00000000800057d0 (0x402181b3) x3  0x000000008000a010
core   0: 0x00000000800057d4 (0x00000113) li      sp, 0
core   0: 3 0x00000000800057d4 (0x00000113) x2  0x0000000000000000
core   0: 0x00000000800057d8 (0x00311073) csrw    fcsr, sp
core   0: 3 0x00000000800057d8 (0x00311073) c1_fflags 0x0000000000000000 c2_frm 0x0000000000000000
core   0: 0x00000000800057dc (0xe1df7fc3) fmadd.s ft11, ft10, ft9, ft8
core   0: 3 0x00000000800057dc (0xe1df7fc3) f31 0xffffffff06fffff8
core   0: 0x00000000800057e0 (0x00302273) csrr    tp, fcsr
core   0: 3 0x00000000800057e0 (0x00302273) x4  0x0000000000000000
core   0: 0x00000000800057e4 (0x67f0a027) fsw     ft11, 1632(ra)
core   0: 3 0x00000000800057e4 (0x67f0a027) mem 0x000000008000d778 0x06fffff8
core   0: 0x00000000800057e8 (0x6640b423) sd      tp, 1640(ra)
core   0: 3 0x00000000800057e8 (0x6640b423) mem 0x000000008000d780 0x0000000000000000
core   0: >>>>  inst_37991
core   0: 0x00000000800057ec (0x00100113) li      sp, 1
core   0: 3 0x00000000800057ec (0x00100113) x2  0x0000000000000001
core   0: 0x00000000800057f0 (0x00c11113) slli    sp, sp, 12
core   0: 3 0x00000000800057f0 (0x00c11113) x2  0x0000000000001000
core   0: 0x00000000800057f4 (0x002181b3) add     gp, gp, sp
core   0: 3 0x00000000800057f4 (0x002181b3) x3  0x000000008000b010
core   0: 0x00000000800057f8 (0x0d41af07) flw     ft10, 212(gp)
core   0: 3 0x00000000800057f8 (0x0d41af07) f30 0xffffffff7f3d8dc3 mem 0x000000008000b0e4
core   0: 0x00000000800057fc (0x402181b3) sub     gp, gp, sp
core   0: 3 0x00000000800057fc (0x402181b3) x3  0x000000008000a010
core   0: 0x0000000080005800 (0x00100113) li      sp, 1
core   0: 3 0x0000000080005800 (0x00100113) x2  0x0000000000000001
core   0: 0x0000000080005804 (0x00c11113) slli    sp, sp, 12
core   0: 3 0x0000000080005804 (0x00c11113) x2  0x0000000000001000
core   0: 0x0000000080005808 (0x002181b3) add     gp, gp, sp
core   0: 3 0x0000000080005808 (0x002181b3) x3  0x000000008000b010
core   0: 0x000000008000580c (0x0d81ae87) flw     ft9, 216(gp)
core   0: 3 0x000000008000580c (0x0d81ae87) f29 0xffffffff00000000 mem 0x000000008000b0e8
core   0: 0x0000000080005810 (0x402181b3) sub     gp, gp, sp
core   0: 3 0x0000000080005810 (0x402181b3) x3  0x000000008000a010
core   0: 0x0000000080005814 (0x00100113) li      sp, 1
core   0: 3 0x0000000080005814 (0x00100113) x2  0x0000000000000001
core   0: 0x0000000080005818 (0x00c11113) slli    sp, sp, 12
core   0: 3 0x0000000080005818 (0x00c11113) x2  0x0000000000001000
core   0: 0x000000008000581c (0x002181b3) add     gp, gp, sp
core   0: 3 0x000000008000581c (0x002181b3) x3  0x000000008000b010
core   0: 0x0000000080005820 (0x0dc1ae07) flw     ft8, 220(gp)
core   0: 3 0x0000000080005820 (0x0dc1ae07) f28 0xffffffff06fffffc mem 0x000000008000b0ec
core   0: 0x0000000080005824 (0x402181b3) sub     gp, gp, sp
core   0: 3 0x0000000080005824 (0x402181b3) x3  0x000000008000a010
core   0: 0x0000000080005828 (0x00000113) li      sp, 0
core   0: 3 0x0000000080005828 (0x00000113) x2  0x0000000000000000
core   0: 0x000000008000582c (0x00311073) csrw    fcsr, sp
core   0: 3 0x000000008000582c (0x00311073) c1_fflags 0x0000000000000000 c2_frm 0x0000000000000000
core   0: 0x0000000080005830 (0xe1df7fc3) fmadd.s ft11, ft10, ft9, ft8
core   0: 3 0x0000000080005830 (0xe1df7fc3) f31 0xffffffff06fffffc
core   0: 0x0000000080005834 (0x00302273) csrr    tp, fcsr
core   0: 3 0x0000000080005834 (0x00302273) x4  0x0000000000000000
core   0: 0x0000000080005838 (0x67f0a827) fsw     ft11, 1648(ra)
core   0: 3 0x0000000080005838 (0x67f0a827) mem 0x000000008000d788 0x06fffffc
core   0: 0x000000008000583c (0x6640bc23) sd      tp, 1656(ra)
core   0: 3 0x000000008000583c (0x6640bc23) mem 0x000000008000d790 0x0000000000000000
core   0: >>>>  inst_37992
core   0: 0x0000000080005840 (0x00100113) li      sp, 1
core   0: 3 0x0000000080005840 (0x00100113) x2  0x0000000000000001
core   0: 0x0000000080005844 (0x00c11113) slli    sp, sp, 12
core   0: 3 0x0000000080005844 (0x00c11113) x2  0x0000000000001000
core   0: 0x0000000080005848 (0x002181b3) add     gp, gp, sp
core   0: 3 0x0000000080005848 (0x002181b3) x3  0x000000008000b010
core   0: 0x000000008000584c (0x0e01af07) flw     ft10, 224(gp)
core   0: 3 0x000000008000584c (0x0e01af07) f30 0xffffffff7f3d8dc3 mem 0x000000008000b0f0
core   0: 0x0000000080005850 (0x402181b3) sub     gp, gp, sp
core   0: 3 0x0000000080005850 (0x402181b3) x3  0x000000008000a010
core   0: 0x0000000080005854 (0x00100113) li      sp, 1
core   0: 3 0x0000000080005854 (0x00100113) x2  0x0000000000000001
core   0: 0x0000000080005858 (0x00c11113) slli    sp, sp, 12
core   0: 3 0x0000000080005858 (0x00c11113) x2  0x0000000000001000
core   0: 0x000000008000585c (0x002181b3) add     gp, gp, sp
core   0: 3 0x000000008000585c (0x002181b3) x3  0x000000008000b010
core   0: 0x0000000080005860 (0x0e41ae87) flw     ft9, 228(gp)
core   0: 3 0x0000000080005860 (0x0e41ae87) f29 0xffffffff00000000 mem 0x000000008000b0f4
core   0: 0x0000000080005864 (0x402181b3) sub     gp, gp, sp
core   0: 3 0x0000000080005864 (0x402181b3) x3  0x000000008000a010
core   0: 0x0000000080005868 (0x00100113) li      sp, 1
core   0: 3 0x0000000080005868 (0x00100113) x2  0x0000000000000001
core   0: 0x000000008000586c (0x00c11113) slli    sp, sp, 12
core   0: 3 0x000000008000586c (0x00c11113) x2  0x0000000000001000
core   0: 0x0000000080005870 (0x002181b3) add     gp, gp, sp
core   0: 3 0x0000000080005870 (0x002181b3) x3  0x000000008000b010
core   0: 0x0000000080005874 (0x0e81ae07) flw     ft8, 232(gp)
core   0: 3 0x0000000080005874 (0x0e81ae07) f28 0xffffffff06fffffe mem 0x000000008000b0f8
core   0: 0x0000000080005878 (0x402181b3) sub     gp, gp, sp
core   0: 3 0x0000000080005878 (0x402181b3) x3  0x000000008000a010
core   0: 0x000000008000587c (0x00000113) li      sp, 0
core   0: 3 0x000000008000587c (0x00000113) x2  0x0000000000000000
core   0: 0x0000000080005880 (0x00311073) csrw    fcsr, sp
core   0: 3 0x0000000080005880 (0x00311073) c1_fflags 0x0000000000000000 c2_frm 0x0000000000000000
core   0: 0x0000000080005884 (0xe1df7fc3) fmadd.s ft11, ft10, ft9, ft8
core   0: 3 0x0000000080005884 (0xe1df7fc3) f31 0xffffffff06fffffe
core   0: 0x0000000080005888 (0x00302273) csrr    tp, fcsr
core   0: 3 0x0000000080005888 (0x00302273) x4  0x0000000000000000
core   0: 0x000000008000588c (0x69f0a027) fsw     ft11, 1664(ra)
core   0: 3 0x000000008000588c (0x69f0a027) mem 0x000000008000d798 0x06fffffe
core   0: 0x0000000080005890 (0x6840b423) sd      tp, 1672(ra)
core   0: 3 0x0000000080005890 (0x6840b423) mem 0x000000008000d7a0 0x0000000000000000
core   0: >>>>  inst_37993
core   0: 0x0000000080005894 (0x00100113) li      sp, 1
core   0: 3 0x0000000080005894 (0x00100113) x2  0x0000000000000001
core   0: 0x0000000080005898 (0x00c11113) slli    sp, sp, 12
core   0: 3 0x0000000080005898 (0x00c11113) x2  0x0000000000001000
core   0: 0x000000008000589c (0x002181b3) add     gp, gp, sp
core   0: 3 0x000000008000589c (0x002181b3) x3  0x000000008000b010
core   0: 0x00000000800058a0 (0x0ec1af07) flw     ft10, 236(gp)
core   0: 3 0x00000000800058a0 (0x0ec1af07) f30 0xffffffff7f3d8dc3 mem 0x000000008000b0fc
core   0: 0x00000000800058a4 (0x402181b3) sub     gp, gp, sp
core   0: 3 0x00000000800058a4 (0x402181b3) x3  0x000000008000a010
core   0: 0x00000000800058a8 (0x00100113) li      sp, 1
core   0: 3 0x00000000800058a8 (0x00100113) x2  0x0000000000000001
core   0: 0x00000000800058ac (0x00c11113) slli    sp, sp, 12
core   0: 3 0x00000000800058ac (0x00c11113) x2  0x0000000000001000
core   0: 0x00000000800058b0 (0x002181b3) add     gp, gp, sp
core   0: 3 0x00000000800058b0 (0x002181b3) x3  0x000000008000b010
core   0: 0x00000000800058b4 (0x0f01ae87) flw     ft9, 240(gp)
core   0: 3 0x00000000800058b4 (0x0f01ae87) f29 0xffffffff00000000 mem 0x000000008000b100
core   0: 0x00000000800058b8 (0x402181b3) sub     gp, gp, sp
core   0: 3 0x00000000800058b8 (0x402181b3) x3  0x000000008000a010
core   0: 0x00000000800058bc (0x00100113) li      sp, 1
core   0: 3 0x00000000800058bc (0x00100113) x2  0x0000000000000001
core   0: 0x00000000800058c0 (0x00c11113) slli    sp, sp, 12
core   0: 3 0x00000000800058c0 (0x00c11113) x2  0x0000000000001000
core   0: 0x00000000800058c4 (0x002181b3) add     gp, gp, sp
core   0: 3 0x00000000800058c4 (0x002181b3) x3  0x000000008000b010
core   0: 0x00000000800058c8 (0x0f41ae07) flw     ft8, 244(gp)
core   0: 3 0x00000000800058c8 (0x0f41ae07) f28 0xffffffff06ffffff mem 0x000000008000b104
core   0: 0x00000000800058cc (0x402181b3) sub     gp, gp, sp
core   0: 3 0x00000000800058cc (0x402181b3) x3  0x000000008000a010
core   0: 0x00000000800058d0 (0x00000113) li      sp, 0
core   0: 3 0x00000000800058d0 (0x00000113) x2  0x0000000000000000
core   0: 0x00000000800058d4 (0x00311073) csrw    fcsr, sp
core   0: 3 0x00000000800058d4 (0x00311073) c1_fflags 0x0000000000000000 c2_frm 0x0000000000000000
core   0: 0x00000000800058d8 (0xe1df7fc3) fmadd.s ft11, ft10, ft9, ft8
core   0: 3 0x00000000800058d8 (0xe1df7fc3) f31 0xffffffff06ffffff
core   0: 0x00000000800058dc (0x00302273) csrr    tp, fcsr
core   0: 3 0x00000000800058dc (0x00302273) x4  0x0000000000000000
core   0: 0x00000000800058e0 (0x69f0a827) fsw     ft11, 1680(ra)
core   0: 3 0x00000000800058e0 (0x69f0a827) mem 0x000000008000d7a8 0x06ffffff
core   0: 0x00000000800058e4 (0x6840bc23) sd      tp, 1688(ra)
core   0: 3 0x00000000800058e4 (0x6840bc23) mem 0x000000008000d7b0 0x0000000000000000
core   0: >>>>  inst_37994
core   0: 0x00000000800058e8 (0x00100113) li      sp, 1
core   0: 3 0x00000000800058e8 (0x00100113) x2  0x0000000000000001
core   0: 0x00000000800058ec (0x00c11113) slli    sp, sp, 12
core   0: 3 0x00000000800058ec (0x00c11113) x2  0x0000000000001000
core   0: 0x00000000800058f0 (0x002181b3) add     gp, gp, sp
core   0: 3 0x00000000800058f0 (0x002181b3) x3  0x000000008000b010
core   0: 0x00000000800058f4 (0x0f81af07) flw     ft10, 248(gp)
core   0: 3 0x00000000800058f4 (0x0f81af07) f30 0xffffffff7f3f6e88 mem 0x000000008000b108
core   0: 0x00000000800058f8 (0x402181b3) sub     gp, gp, sp
core   0: 3 0x00000000800058f8 (0x402181b3) x3  0x000000008000a010
core   0: 0x00000000800058fc (0x00100113) li      sp, 1
core   0: 3 0x00000000800058fc (0x00100113) x2  0x0000000000000001
core   0: 0x0000000080005900 (0x00c11113) slli    sp, sp, 12
core   0: 3 0x0000000080005900 (0x00c11113) x2  0x0000000000001000
core   0: 0x0000000080005904 (0x002181b3) add     gp, gp, sp
core   0: 3 0x0000000080005904 (0x002181b3) x3  0x000000008000b010
core   0: 0x0000000080005908 (0x0fc1ae87) flw     ft9, 252(gp)
core   0: 3 0x0000000080005908 (0x0fc1ae87) f29 0xffffffff80000000 mem 0x000000008000b10c
core   0: 0x000000008000590c (0x402181b3) sub     gp, gp, sp
core   0: 3 0x000000008000590c (0x402181b3) x3  0x000000008000a010
core   0: 0x0000000080005910 (0x00100113) li      sp, 1
core   0: 3 0x0000000080005910 (0x00100113) x2  0x0000000000000001
core   0: 0x0000000080005914 (0x00c11113) slli    sp, sp, 12
core   0: 3 0x0000000080005914 (0x00c11113) x2  0x0000000000001000
core   0: 0x0000000080005918 (0x002181b3) add     gp, gp, sp
core   0: 3 0x0000000080005918 (0x002181b3) x3  0x000000008000b010
core   0: 0x000000008000591c (0x1001ae07) flw     ft8, 256(gp)
core   0: 3 0x000000008000591c (0x1001ae07) f28 0xffffffff80000001 mem 0x000000008000b110
core   0: 0x0000000080005920 (0x402181b3) sub     gp, gp, sp
core   0: 3 0x0000000080005920 (0x402181b3) x3  0x000000008000a010
core   0: 0x0000000080005924 (0x00000113) li      sp, 0
core   0: 3 0x0000000080005924 (0x00000113) x2  0x0000000000000000
core   0: 0x0000000080005928 (0x00311073) csrw    fcsr, sp
core   0: 3 0x0000000080005928 (0x00311073) c1_fflags 0x0000000000000000 c2_frm 0x0000000000000000
core   0: 0x000000008000592c (0xe1df7fc3) fmadd.s ft11, ft10, ft9, ft8
core   0: 3 0x000000008000592c (0xe1df7fc3) f31 0xffffffff80000001
core   0: 0x0000000080005930 (0x00302273) csrr    tp, fcsr
core   0: 3 0x0000000080005930 (0x00302273) x4  0x0000000000000000
core   0: 0x0000000080005934 (0x6bf0a027) fsw     ft11, 1696(ra)
core   0: 3 0x0000000080005934 (0x6bf0a027) mem 0x000000008000d7b8 0x80000001
core   0: 0x0000000080005938 (0x6a40b423) sd      tp, 1704(ra)
core   0: 3 0x0000000080005938 (0x6a40b423) mem 0x000000008000d7c0 0x0000000000000000
core   0: >>>>  inst_37995
core   0: 0x000000008000593c (0x00100113) li      sp, 1
core   0: 3 0x000000008000593c (0x00100113) x2  0x0000000000000001
core   0: 0x0000000080005940 (0x00c11113) slli    sp, sp, 12
core   0: 3 0x0000000080005940 (0x00c11113) x2  0x0000000000001000
core   0: 0x0000000080005944 (0x002181b3) add     gp, gp, sp
core   0: 3 0x0000000080005944 (0x002181b3) x3  0x000000008000b010
core   0: 0x0000000080005948 (0x1041af07) flw     ft10, 260(gp)
core   0: 3 0x0000000080005948 (0x1041af07) f30 0xffffffff7f3f6e88 mem 0x000000008000b114
core   0: 0x000000008000594c (0x402181b3) sub     gp, gp, sp
core   0: 3 0x000000008000594c (0x402181b3) x3  0x000000008000a010
core   0: 0x0000000080005950 (0x00100113) li      sp, 1
core   0: 3 0x0000000080005950 (0x00100113) x2  0x0000000000000001
core   0: 0x0000000080005954 (0x00c11113) slli    sp, sp, 12
core   0: 3 0x0000000080005954 (0x00c11113) x2  0x0000000000001000
core   0: 0x0000000080005958 (0x002181b3) add     gp, gp, sp
core   0: 3 0x0000000080005958 (0x002181b3) x3  0x000000008000b010
core   0: 0x000000008000595c (0x1081ae87) flw     ft9, 264(gp)
core   0: 3 0x000000008000595c (0x1081ae87) f29 0xffffffff80000000 mem 0x000000008000b118
core   0: 0x0000000080005960 (0x402181b3) sub     gp, gp, sp
core   0: 3 0x0000000080005960 (0x402181b3) x3  0x000000008000a010
core   0: 0x0000000080005964 (0x00100113) li      sp, 1
core   0: 3 0x0000000080005964 (0x00100113) x2  0x0000000000000001
core   0: 0x0000000080005968 (0x00c11113) slli    sp, sp, 12
core   0: 3 0x0000000080005968 (0x00c11113) x2  0x0000000000001000
core   0: 0x000000008000596c (0x002181b3) add     gp, gp, sp
core   0: 3 0x000000008000596c (0x002181b3) x3  0x000000008000b010
core   0: 0x0000000080005970 (0x10c1ae07) flw     ft8, 268(gp)
core   0: 3 0x0000000080005970 (0x10c1ae07) f28 0xffffffff80000003 mem 0x000000008000b11c
core   0: 0x0000000080005974 (0x402181b3) sub     gp, gp, sp
core   0: 3 0x0000000080005974 (0x402181b3) x3  0x000000008000a010
core   0: 0x0000000080005978 (0x00000113) li      sp, 0
core   0: 3 0x0000000080005978 (0x00000113) x2  0x0000000000000000
core   0: 0x000000008000597c (0x00311073) csrw    fcsr, sp
core   0: 3 0x000000008000597c (0x00311073) c1_fflags 0x0000000000000000 c2_frm 0x0000000000000000
core   0: 0x0000000080005980 (0xe1df7fc3) fmadd.s ft11, ft10, ft9, ft8
core   0: 3 0x0000000080005980 (0xe1df7fc3) f31 0xffffffff80000003
core   0: 0x0000000080005984 (0x00302273) csrr    tp, fcsr
core   0: 3 0x0000000080005984 (0x00302273) x4  0x0000000000000000
core   0: 0x0000000080005988 (0x6bf0a827) fsw     ft11, 1712(ra)
core   0: 3 0x0000000080005988 (0x6bf0a827) mem 0x000000008000d7c8 0x80000003
core   0: 0x000000008000598c (0x6a40bc23) sd      tp, 1720(ra)
core   0: 3 0x000000008000598c (0x6a40bc23) mem 0x000000008000d7d0 0x0000000000000000
core   0: >>>>  inst_37996
core   0: 0x0000000080005990 (0x00100113) li      sp, 1
core   0: 3 0x0000000080005990 (0x00100113) x2  0x0000000000000001
core   0: 0x0000000080005994 (0x00c11113) slli    sp, sp, 12
core   0: 3 0x0000000080005994 (0x00c11113) x2  0x0000000000001000
core   0: 0x0000000080005998 (0x002181b3) add     gp, gp, sp
core   0: 3 0x0000000080005998 (0x002181b3) x3  0x000000008000b010
core   0: 0x000000008000599c (0x1101af07) flw     ft10, 272(gp)
core   0: 3 0x000000008000599c (0x1101af07) f30 0xffffffff7f3f6e88 mem 0x000000008000b120
core   0: 0x00000000800059a0 (0x402181b3) sub     gp, gp, sp
core   0: 3 0x00000000800059a0 (0x402181b3) x3  0x000000008000a010
core   0: 0x00000000800059a4 (0x00100113) li      sp, 1
core   0: 3 0x00000000800059a4 (0x00100113) x2  0x0000000000000001
core   0: 0x00000000800059a8 (0x00c11113) slli    sp, sp, 12
core   0: 3 0x00000000800059a8 (0x00c11113) x2  0x0000000000001000
core   0: 0x00000000800059ac (0x002181b3) add     gp, gp, sp
core   0: 3 0x00000000800059ac (0x002181b3) x3  0x000000008000b010
core   0: 0x00000000800059b0 (0x1141ae87) flw     ft9, 276(gp)
core   0: 3 0x00000000800059b0 (0x1141ae87) f29 0xffffffff80000000 mem 0x000000008000b124
core   0: 0x00000000800059b4 (0x402181b3) sub     gp, gp, sp
core   0: 3 0x00000000800059b4 (0x402181b3) x3  0x000000008000a010
core   0: 0x00000000800059b8 (0x00100113) li      sp, 1
core   0: 3 0x00000000800059b8 (0x00100113) x2  0x0000000000000001
core   0: 0x00000000800059bc (0x00c11113) slli    sp, sp, 12
core   0: 3 0x00000000800059bc (0x00c11113) x2  0x0000000000001000
core   0: 0x00000000800059c0 (0x002181b3) add     gp, gp, sp
core   0: 3 0x00000000800059c0 (0x002181b3) x3  0x000000008000b010
core   0: 0x00000000800059c4 (0x1181ae07) flw     ft8, 280(gp)
core   0: 3 0x00000000800059c4 (0x1181ae07) f28 0xffffffff80000007 mem 0x000000008000b128
core   0: 0x00000000800059c8 (0x402181b3) sub     gp, gp, sp
core   0: 3 0x00000000800059c8 (0x402181b3) x3  0x000000008000a010
core   0: 0x00000000800059cc (0x00000113) li      sp, 0
core   0: 3 0x00000000800059cc (0x00000113) x2  0x0000000000000000
core   0: 0x00000000800059d0 (0x00311073) csrw    fcsr, sp
core   0: 3 0x00000000800059d0 (0x00311073) c1_fflags 0x0000000000000000 c2_frm 0x0000000000000000
core   0: 0x00000000800059d4 (0xe1df7fc3) fmadd.s ft11, ft10, ft9, ft8
core   0: 3 0x00000000800059d4 (0xe1df7fc3) f31 0xffffffff80000007
core   0: 0x00000000800059d8 (0x00302273) csrr    tp, fcsr
core   0: 3 0x00000000800059d8 (0x00302273) x4  0x0000000000000000
core   0: 0x00000000800059dc (0x6df0a027) fsw     ft11, 1728(ra)
core   0: 3 0x00000000800059dc (0x6df0a027) mem 0x000000008000d7d8 0x80000007
core   0: 0x00000000800059e0 (0x6c40b423) sd      tp, 1736(ra)
core   0: 3 0x00000000800059e0 (0x6c40b423) mem 0x000000008000d7e0 0x0000000000000000
core   0: >>>>  inst_37997
core   0: 0x00000000800059e4 (0x00100113) li      sp, 1
core   0: 3 0x00000000800059e4 (0x00100113) x2  0x0000000000000001
core   0: 0x00000000800059e8 (0x00c11113) slli    sp, sp, 12
core   0: 3 0x00000000800059e8 (0x00c11113) x2  0x0000000000001000
core   0: 0x00000000800059ec (0x002181b3) add     gp, gp, sp
core   0: 3 0x00000000800059ec (0x002181b3) x3  0x000000008000b010
core   0: 0x00000000800059f0 (0x11c1af07) flw     ft10, 284(gp)
core   0: 3 0x00000000800059f0 (0x11c1af07) f30 0xffffffff7f3f6e88 mem 0x000000008000b12c
core   0: 0x00000000800059f4 (0x402181b3) sub     gp, gp, sp
core   0: 3 0x00000000800059f4 (0x402181b3) x3  0x000000008000a010
core   0: 0x00000000800059f8 (0x00100113) li      sp, 1
core   0: 3 0x00000000800059f8 (0x00100113) x2  0x0000000000000001
core   0: 0x00000000800059fc (0x00c11113) slli    sp, sp, 12
core   0: 3 0x00000000800059fc (0x00c11113) x2  0x0000000000001000
core   0: 0x0000000080005a00 (0x002181b3) add     gp, gp, sp
core   0: 3 0x0000000080005a00 (0x002181b3) x3  0x000000008000b010
core   0: 0x0000000080005a04 (0x1201ae87) flw     ft9, 288(gp)
core   0: 3 0x0000000080005a04 (0x1201ae87) f29 0xffffffff80000000 mem 0x000000008000b130
core   0: 0x0000000080005a08 (0x402181b3) sub     gp, gp, sp
core   0: 3 0x0000000080005a08 (0x402181b3) x3  0x000000008000a010
core   0: 0x0000000080005a0c (0x00100113) li      sp, 1
core   0: 3 0x0000000080005a0c (0x00100113) x2  0x0000000000000001
core   0: 0x0000000080005a10 (0x00c11113) slli    sp, sp, 12
core   0: 3 0x0000000080005a10 (0x00c11113) x2  0x0000000000001000
core   0: 0x0000000080005a14 (0x002181b3) add     gp, gp, sp
core   0: 3 0x0000000080005a14 (0x002181b3) x3  0x000000008000b010
core   0: 0x0000000080005a18 (0x1241ae07) flw     ft8, 292(gp)
core   0: 3 0x0000000080005a18 (0x1241ae07) f28 0xffffffff80199999 mem 0x000000008000b134
core   0: 0x0000000080005a1c (0x402181b3) sub     gp, gp, sp
core   0: 3 0x0000000080005a1c (0x402181b3) x3  0x000000008000a010
core   0: 0x0000000080005a20 (0x00000113) li      sp, 0
core   0: 3 0x0000000080005a20 (0x00000113) x2  0x0000000000000000
core   0: 0x0000000080005a24 (0x00311073) csrw    fcsr, sp
core   0: 3 0x0000000080005a24 (0x00311073) c1_fflags 0x0000000000000000 c2_frm 0x0000000000000000
core   0: 0x0000000080005a28 (0xe1df7fc3) fmadd.s ft11, ft10, ft9, ft8
core   0: 3 0x0000000080005a28 (0xe1df7fc3) f31 0xffffffff80199999
core   0: 0x0000000080005a2c (0x00302273) csrr    tp, fcsr
core   0: 3 0x0000000080005a2c (0x00302273) x4  0x0000000000000000
core   0: 0x0000000080005a30 (0x6df0a827) fsw     ft11, 1744(ra)
core   0: 3 0x0000000080005a30 (0x6df0a827) mem 0x000000008000d7e8 0x80199999
core   0: 0x0000000080005a34 (0x6c40bc23) sd      tp, 1752(ra)
core   0: 3 0x0000000080005a34 (0x6c40bc23) mem 0x000000008000d7f0 0x0000000000000000
core   0: >>>>  inst_37998
core   0: 0x0000000080005a38 (0x00100113) li      sp, 1
core   0: 3 0x0000000080005a38 (0x00100113) x2  0x0000000000000001
core   0: 0x0000000080005a3c (0x00c11113) slli    sp, sp, 12
core   0: 3 0x0000000080005a3c (0x00c11113) x2  0x0000000000001000
core   0: 0x0000000080005a40 (0x002181b3) add     gp, gp, sp
core   0: 3 0x0000000080005a40 (0x002181b3) x3  0x000000008000b010
core   0: 0x0000000080005a44 (0x1281af07) flw     ft10, 296(gp)
core   0: 3 0x0000000080005a44 (0x1281af07) f30 0xffffffff7f3f6e88 mem 0x000000008000b138
core   0: 0x0000000080005a48 (0x402181b3) sub     gp, gp, sp
core   0: 3 0x0000000080005a48 (0x402181b3) x3  0x000000008000a010
core   0: 0x0000000080005a4c (0x00100113) li      sp, 1
core   0: 3 0x0000000080005a4c (0x00100113) x2  0x0000000000000001
core   0: 0x0000000080005a50 (0x00c11113) slli    sp, sp, 12
core   0: 3 0x0000000080005a50 (0x00c11113) x2  0x0000000000001000
core   0: 0x0000000080005a54 (0x002181b3) add     gp, gp, sp
core   0: 3 0x0000000080005a54 (0x002181b3) x3  0x000000008000b010
core   0: 0x0000000080005a58 (0x12c1ae87) flw     ft9, 300(gp)
core   0: 3 0x0000000080005a58 (0x12c1ae87) f29 0xffffffff80000000 mem 0x000000008000b13c
core   0: 0x0000000080005a5c (0x402181b3) sub     gp, gp, sp
core   0: 3 0x0000000080005a5c (0x402181b3) x3  0x000000008000a010
core   0: 0x0000000080005a60 (0x00100113) li      sp, 1
core   0: 3 0x0000000080005a60 (0x00100113) x2  0x0000000000000001
core   0: 0x0000000080005a64 (0x00c11113) slli    sp, sp, 12
core   0: 3 0x0000000080005a64 (0x00c11113) x2  0x0000000000001000
core   0: 0x0000000080005a68 (0x002181b3) add     gp, gp, sp
core   0: 3 0x0000000080005a68 (0x002181b3) x3  0x000000008000b010
core   0: 0x0000000080005a6c (0x1301ae07) flw     ft8, 304(gp)
core   0: 3 0x0000000080005a6c (0x1301ae07) f28 0xffffffff80249249 mem 0x000000008000b140
core   0: 0x0000000080005a70 (0x402181b3) sub     gp, gp, sp
core   0: 3 0x0000000080005a70 (0x402181b3) x3  0x000000008000a010
core   0: 0x0000000080005a74 (0x00000113) li      sp, 0
core   0: 3 0x0000000080005a74 (0x00000113) x2  0x0000000000000000
core   0: 0x0000000080005a78 (0x00311073) csrw    fcsr, sp
core   0: 3 0x0000000080005a78 (0x00311073) c1_fflags 0x0000000000000000 c2_frm 0x0000000000000000
core   0: 0x0000000080005a7c (0xe1df7fc3) fmadd.s ft11, ft10, ft9, ft8
core   0: 3 0x0000000080005a7c (0xe1df7fc3) f31 0xffffffff80249249
core   0: 0x0000000080005a80 (0x00302273) csrr    tp, fcsr
core   0: 3 0x0000000080005a80 (0x00302273) x4  0x0000000000000000
core   0: 0x0000000080005a84 (0x6ff0a027) fsw     ft11, 1760(ra)
core   0: 3 0x0000000080005a84 (0x6ff0a027) mem 0x000000008000d7f8 0x80249249
core   0: 0x0000000080005a88 (0x6e40b423) sd      tp, 1768(ra)
core   0: 3 0x0000000080005a88 (0x6e40b423) mem 0x000000008000d800 0x0000000000000000
core   0: >>>>  inst_37999
core   0: 0x0000000080005a8c (0x00100113) li      sp, 1
core   0: 3 0x0000000080005a8c (0x00100113) x2  0x0000000000000001
core   0: 0x0000000080005a90 (0x00c11113) slli    sp, sp, 12
core   0: 3 0x0000000080005a90 (0x00c11113) x2  0x0000000000001000
core   0: 0x0000000080005a94 (0x002181b3) add     gp, gp, sp
core   0: 3 0x0000000080005a94 (0x002181b3) x3  0x000000008000b010
core   0: 0x0000000080005a98 (0x1341af07) flw     ft10, 308(gp)
core   0: 3 0x0000000080005a98 (0x1341af07) f30 0xffffffff7f3f6e88 mem 0x000000008000b144
core   0: 0x0000000080005a9c (0x402181b3) sub     gp, gp, sp
core   0: 3 0x0000000080005a9c (0x402181b3) x3  0x000000008000a010
core   0: 0x0000000080005aa0 (0x00100113) li      sp, 1
core   0: 3 0x0000000080005aa0 (0x00100113) x2  0x0000000000000001
core   0: 0x0000000080005aa4 (0x00c11113) slli    sp, sp, 12
core   0: 3 0x0000000080005aa4 (0x00c11113) x2  0x0000000000001000
core   0: 0x0000000080005aa8 (0x002181b3) add     gp, gp, sp
core   0: 3 0x0000000080005aa8 (0x002181b3) x3  0x000000008000b010
core   0: 0x0000000080005aac (0x1381ae87) flw     ft9, 312(gp)
core   0: 3 0x0000000080005aac (0x1381ae87) f29 0xffffffff80000000 mem 0x000000008000b148
core   0: 0x0000000080005ab0 (0x402181b3) sub     gp, gp, sp
core   0: 3 0x0000000080005ab0 (0x402181b3) x3  0x000000008000a010
core   0: 0x0000000080005ab4 (0x00100113) li      sp, 1
core   0: 3 0x0000000080005ab4 (0x00100113) x2  0x0000000000000001
core   0: 0x0000000080005ab8 (0x00c11113) slli    sp, sp, 12
core   0: 3 0x0000000080005ab8 (0x00c11113) x2  0x0000000000001000
core   0: 0x0000000080005abc (0x002181b3) add     gp, gp, sp
core   0: 3 0x0000000080005abc (0x002181b3) x3  0x000000008000b010
core   0: 0x0000000080005ac0 (0x13c1ae07) flw     ft8, 316(gp)
core   0: 3 0x0000000080005ac0 (0x13c1ae07) f28 0xffffffff80333333 mem 0x000000008000b14c
core   0: 0x0000000080005ac4 (0x402181b3) sub     gp, gp, sp
core   0: 3 0x0000000080005ac4 (0x402181b3) x3  0x000000008000a010
core   0: 0x0000000080005ac8 (0x00000113) li      sp, 0
core   0: 3 0x0000000080005ac8 (0x00000113) x2  0x0000000000000000
core   0: 0x0000000080005acc (0x00311073) csrw    fcsr, sp
core   0: 3 0x0000000080005acc (0x00311073) c1_fflags 0x0000000000000000 c2_frm 0x0000000000000000
core   0: 0x0000000080005ad0 (0xe1df7fc3) fmadd.s ft11, ft10, ft9, ft8
core   0: 3 0x0000000080005ad0 (0xe1df7fc3) f31 0xffffffff80333333
core   0: 0x0000000080005ad4 (0x00302273) csrr    tp, fcsr
core   0: 3 0x0000000080005ad4 (0x00302273) x4  0x0000000000000000
core   0: 0x0000000080005ad8 (0x6ff0a827) fsw     ft11, 1776(ra)
core   0: 3 0x0000000080005ad8 (0x6ff0a827) mem 0x000000008000d808 0x80333333
core   0: 0x0000000080005adc (0x6e40bc23) sd      tp, 1784(ra)
core   0: 3 0x0000000080005adc (0x6e40bc23) mem 0x000000008000d810 0x0000000000000000
core   0: >>>>  inst_38000
core   0: 0x0000000080005ae0 (0x00100113) li      sp, 1
core   0: 3 0x0000000080005ae0 (0x00100113) x2  0x0000000000000001
core   0: 0x0000000080005ae4 (0x00c11113) slli    sp, sp, 12
core   0: 3 0x0000000080005ae4 (0x00c11113) x2  0x0000000000001000
core   0: 0x0000000080005ae8 (0x002181b3) add     gp, gp, sp
core   0: 3 0x0000000080005ae8 (0x002181b3) x3  0x000000008000b010
core   0: 0x0000000080005aec (0x1401af07) flw     ft10, 320(gp)
core   0: 3 0x0000000080005aec (0x1401af07) f30 0xffffffff7f3f6e88 mem 0x000000008000b150
core   0: 0x0000000080005af0 (0x402181b3) sub     gp, gp, sp
core   0: 3 0x0000000080005af0 (0x402181b3) x3  0x000000008000a010
core   0: 0x0000000080005af4 (0x00100113) li      sp, 1
core   0: 3 0x0000000080005af4 (0x00100113) x2  0x0000000000000001
core   0: 0x0000000080005af8 (0x00c11113) slli    sp, sp, 12
core   0: 3 0x0000000080005af8 (0x00c11113) x2  0x0000000000001000
core   0: 0x0000000080005afc (0x002181b3) add     gp, gp, sp
core   0: 3 0x0000000080005afc (0x002181b3) x3  0x000000008000b010
core   0: 0x0000000080005b00 (0x1441ae87) flw     ft9, 324(gp)
core   0: 3 0x0000000080005b00 (0x1441ae87) f29 0xffffffff80000000 mem 0x000000008000b154
core   0: 0x0000000080005b04 (0x402181b3) sub     gp, gp, sp
core   0: 3 0x0000000080005b04 (0x402181b3) x3  0x000000008000a010
core   0: 0x0000000080005b08 (0x00100113) li      sp, 1
core   0: 3 0x0000000080005b08 (0x00100113) x2  0x0000000000000001
core   0: 0x0000000080005b0c (0x00c11113) slli    sp, sp, 12
core   0: 3 0x0000000080005b0c (0x00c11113) x2  0x0000000000001000
core   0: 0x0000000080005b10 (0x002181b3) add     gp, gp, sp
core   0: 3 0x0000000080005b10 (0x002181b3) x3  0x000000008000b010
core   0: 0x0000000080005b14 (0x1481ae07) flw     ft8, 328(gp)
core   0: 3 0x0000000080005b14 (0x1481ae07) f28 0xffffffff8036db6d mem 0x000000008000b158
core   0: 0x0000000080005b18 (0x402181b3) sub     gp, gp, sp
core   0: 3 0x0000000080005b18 (0x402181b3) x3  0x000000008000a010
core   0: 0x0000000080005b1c (0x00000113) li      sp, 0
core   0: 3 0x0000000080005b1c (0x00000113) x2  0x0000000000000000
core   0: 0x0000000080005b20 (0x00311073) csrw    fcsr, sp
core   0: 3 0x0000000080005b20 (0x00311073) c1_fflags 0x0000000000000000 c2_frm 0x0000000000000000
core   0: 0x0000000080005b24 (0xe1df7fc3) fmadd.s ft11, ft10, ft9, ft8
core   0: 3 0x0000000080005b24 (0xe1df7fc3) f31 0xffffffff8036db6d
core   0: 0x0000000080005b28 (0x00302273) csrr    tp, fcsr
core   0: 3 0x0000000080005b28 (0x00302273) x4  0x0000000000000000
core   0: 0x0000000080005b2c (0x71f0a027) fsw     ft11, 1792(ra)
core   0: 3 0x0000000080005b2c (0x71f0a027) mem 0x000000008000d818 0x8036db6d
core   0: 0x0000000080005b30 (0x7040b423) sd      tp, 1800(ra)
core   0: 3 0x0000000080005b30 (0x7040b423) mem 0x000000008000d820 0x0000000000000000
core   0: >>>>  inst_38001
core   0: 0x0000000080005b34 (0x00100113) li      sp, 1
core   0: 3 0x0000000080005b34 (0x00100113) x2  0x0000000000000001
core   0: 0x0000000080005b38 (0x00c11113) slli    sp, sp, 12
core   0: 3 0x0000000080005b38 (0x00c11113) x2  0x0000000000001000
core   0: 0x0000000080005b3c (0x002181b3) add     gp, gp, sp
core   0: 3 0x0000000080005b3c (0x002181b3) x3  0x000000008000b010
core   0: 0x0000000080005b40 (0x14c1af07) flw     ft10, 332(gp)
core   0: 3 0x0000000080005b40 (0x14c1af07) f30 0xffffffff7f3f6e88 mem 0x000000008000b15c
core   0: 0x0000000080005b44 (0x402181b3) sub     gp, gp, sp
core   0: 3 0x0000000080005b44 (0x402181b3) x3  0x000000008000a010
core   0: 0x0000000080005b48 (0x00100113) li      sp, 1
core   0: 3 0x0000000080005b48 (0x00100113) x2  0x0000000000000001
core   0: 0x0000000080005b4c (0x00c11113) slli    sp, sp, 12
core   0: 3 0x0000000080005b4c (0x00c11113) x2  0x0000000000001000
core   0: 0x0000000080005b50 (0x002181b3) add     gp, gp, sp
core   0: 3 0x0000000080005b50 (0x002181b3) x3  0x000000008000b010
core   0: 0x0000000080005b54 (0x1501ae87) flw     ft9, 336(gp)
core   0: 3 0x0000000080005b54 (0x1501ae87) f29 0xffffffff80000000 mem 0x000000008000b160
core   0: 0x0000000080005b58 (0x402181b3) sub     gp, gp, sp
core   0: 3 0x0000000080005b58 (0x402181b3) x3  0x000000008000a010
core   0: 0x0000000080005b5c (0x00100113) li      sp, 1
core   0: 3 0x0000000080005b5c (0x00100113) x2  0x0000000000000001
core   0: 0x0000000080005b60 (0x00c11113) slli    sp, sp, 12
core   0: 3 0x0000000080005b60 (0x00c11113) x2  0x0000000000001000
core   0: 0x0000000080005b64 (0x002181b3) add     gp, gp, sp
core   0: 3 0x0000000080005b64 (0x002181b3) x3  0x000000008000b010
core   0: 0x0000000080005b68 (0x1541ae07) flw     ft8, 340(gp)
core   0: 3 0x0000000080005b68 (0x1541ae07) f28 0xffffffff803bbbbb mem 0x000000008000b164
core   0: 0x0000000080005b6c (0x402181b3) sub     gp, gp, sp
core   0: 3 0x0000000080005b6c (0x402181b3) x3  0x000000008000a010
core   0: 0x0000000080005b70 (0x00000113) li      sp, 0
core   0: 3 0x0000000080005b70 (0x00000113) x2  0x0000000000000000
core   0: 0x0000000080005b74 (0x00311073) csrw    fcsr, sp
core   0: 3 0x0000000080005b74 (0x00311073) c1_fflags 0x0000000000000000 c2_frm 0x0000000000000000
core   0: 0x0000000080005b78 (0xe1df7fc3) fmadd.s ft11, ft10, ft9, ft8
core   0: 3 0x0000000080005b78 (0xe1df7fc3) f31 0xffffffff803bbbbb
core   0: 0x0000000080005b7c (0x00302273) csrr    tp, fcsr
core   0: 3 0x0000000080005b7c (0x00302273) x4  0x0000000000000000
core   0: 0x0000000080005b80 (0x71f0a827) fsw     ft11, 1808(ra)
core   0: 3 0x0000000080005b80 (0x71f0a827) mem 0x000000008000d828 0x803bbbbb
core   0: 0x0000000080005b84 (0x7040bc23) sd      tp, 1816(ra)
core   0: 3 0x0000000080005b84 (0x7040bc23) mem 0x000000008000d830 0x0000000000000000
core   0: >>>>  inst_38002
core   0: 0x0000000080005b88 (0x00100113) li      sp, 1
core   0: 3 0x0000000080005b88 (0x00100113) x2  0x0000000000000001
core   0: 0x0000000080005b8c (0x00c11113) slli    sp, sp, 12
core   0: 3 0x0000000080005b8c (0x00c11113) x2  0x0000000000001000
core   0: 0x0000000080005b90 (0x002181b3) add     gp, gp, sp
core   0: 3 0x0000000080005b90 (0x002181b3) x3  0x000000008000b010
core   0: 0x0000000080005b94 (0x1581af07) flw     ft10, 344(gp)
core   0: 3 0x0000000080005b94 (0x1581af07) f30 0xffffffff7f3f6e88 mem 0x000000008000b168
core   0: 0x0000000080005b98 (0x402181b3) sub     gp, gp, sp
core   0: 3 0x0000000080005b98 (0x402181b3) x3  0x000000008000a010
core   0: 0x0000000080005b9c (0x00100113) li      sp, 1
core   0: 3 0x0000000080005b9c (0x00100113) x2  0x0000000000000001
core   0: 0x0000000080005ba0 (0x00c11113) slli    sp, sp, 12
core   0: 3 0x0000000080005ba0 (0x00c11113) x2  0x0000000000001000
core   0: 0x0000000080005ba4 (0x002181b3) add     gp, gp, sp
core   0: 3 0x0000000080005ba4 (0x002181b3) x3  0x000000008000b010
core   0: 0x0000000080005ba8 (0x15c1ae87) flw     ft9, 348(gp)
core   0: 3 0x0000000080005ba8 (0x15c1ae87) f29 0xffffffff80000000 mem 0x000000008000b16c
core   0: 0x0000000080005bac (0x402181b3) sub     gp, gp, sp
core   0: 3 0x0000000080005bac (0x402181b3) x3  0x000000008000a010
core   0: 0x0000000080005bb0 (0x00100113) li      sp, 1
core   0: 3 0x0000000080005bb0 (0x00100113) x2  0x0000000000000001
core   0: 0x0000000080005bb4 (0x00c11113) slli    sp, sp, 12
core   0: 3 0x0000000080005bb4 (0x00c11113) x2  0x0000000000001000
core   0: 0x0000000080005bb8 (0x002181b3) add     gp, gp, sp
core   0: 3 0x0000000080005bb8 (0x002181b3) x3  0x000000008000b010
core   0: 0x0000000080005bbc (0x1601ae07) flw     ft8, 352(gp)
core   0: 3 0x0000000080005bbc (0x1601ae07) f28 0xffffffff80444444 mem 0x000000008000b170
core   0: 0x0000000080005bc0 (0x402181b3) sub     gp, gp, sp
core   0: 3 0x0000000080005bc0 (0x402181b3) x3  0x000000008000a010
core   0: 0x0000000080005bc4 (0x00000113) li      sp, 0
core   0: 3 0x0000000080005bc4 (0x00000113) x2  0x0000000000000000
core   0: 0x0000000080005bc8 (0x00311073) csrw    fcsr, sp
core   0: 3 0x0000000080005bc8 (0x00311073) c1_fflags 0x0000000000000000 c2_frm 0x0000000000000000
core   0: 0x0000000080005bcc (0xe1df7fc3) fmadd.s ft11, ft10, ft9, ft8
core   0: 3 0x0000000080005bcc (0xe1df7fc3) f31 0xffffffff80444444
core   0: 0x0000000080005bd0 (0x00302273) csrr    tp, fcsr
core   0: 3 0x0000000080005bd0 (0x00302273) x4  0x0000000000000000
core   0: 0x0000000080005bd4 (0x73f0a027) fsw     ft11, 1824(ra)
core   0: 3 0x0000000080005bd4 (0x73f0a027) mem 0x000000008000d838 0x80444444
core   0: 0x0000000080005bd8 (0x7240b423) sd      tp, 1832(ra)
core   0: 3 0x0000000080005bd8 (0x7240b423) mem 0x000000008000d840 0x0000000000000000
core   0: >>>>  inst_38003
core   0: 0x0000000080005bdc (0x00100113) li      sp, 1
core   0: 3 0x0000000080005bdc (0x00100113) x2  0x0000000000000001
core   0: 0x0000000080005be0 (0x00c11113) slli    sp, sp, 12
core   0: 3 0x0000000080005be0 (0x00c11113) x2  0x0000000000001000
core   0: 0x0000000080005be4 (0x002181b3) add     gp, gp, sp
core   0: 3 0x0000000080005be4 (0x002181b3) x3  0x000000008000b010
core   0: 0x0000000080005be8 (0x1641af07) flw     ft10, 356(gp)
core   0: 3 0x0000000080005be8 (0x1641af07) f30 0xffffffff7f3f6e88 mem 0x000000008000b174
core   0: 0x0000000080005bec (0x402181b3) sub     gp, gp, sp
core   0: 3 0x0000000080005bec (0x402181b3) x3  0x000000008000a010
core   0: 0x0000000080005bf0 (0x00100113) li      sp, 1
core   0: 3 0x0000000080005bf0 (0x00100113) x2  0x0000000000000001
core   0: 0x0000000080005bf4 (0x00c11113) slli    sp, sp, 12
core   0: 3 0x0000000080005bf4 (0x00c11113) x2  0x0000000000001000
core   0: 0x0000000080005bf8 (0x002181b3) add     gp, gp, sp
core   0: 3 0x0000000080005bf8 (0x002181b3) x3  0x000000008000b010
core   0: 0x0000000080005bfc (0x1681ae87) flw     ft9, 360(gp)
core   0: 3 0x0000000080005bfc (0x1681ae87) f29 0xffffffff80000000 mem 0x000000008000b178
core   0: 0x0000000080005c00 (0x402181b3) sub     gp, gp, sp
core   0: 3 0x0000000080005c00 (0x402181b3) x3  0x000000008000a010
core   0: 0x0000000080005c04 (0x00100113) li      sp, 1
core   0: 3 0x0000000080005c04 (0x00100113) x2  0x0000000000000001
core   0: 0x0000000080005c08 (0x00c11113) slli    sp, sp, 12
core   0: 3 0x0000000080005c08 (0x00c11113) x2  0x0000000000001000
core   0: 0x0000000080005c0c (0x002181b3) add     gp, gp, sp
core   0: 3 0x0000000080005c0c (0x002181b3) x3  0x000000008000b010
core   0: 0x0000000080005c10 (0x16c1ae07) flw     ft8, 364(gp)
core   0: 3 0x0000000080005c10 (0x16c1ae07) f28 0xffffffff804ccccc mem 0x000000008000b17c
core   0: 0x0000000080005c14 (0x402181b3) sub     gp, gp, sp
core   0: 3 0x0000000080005c14 (0x402181b3) x3  0x000000008000a010
core   0: 0x0000000080005c18 (0x00000113) li      sp, 0
core   0: 3 0x0000000080005c18 (0x00000113) x2  0x0000000000000000
core   0: 0x0000000080005c1c (0x00311073) csrw    fcsr, sp
core   0: 3 0x0000000080005c1c (0x00311073) c1_fflags 0x0000000000000000 c2_frm 0x0000000000000000
core   0: 0x0000000080005c20 (0xe1df7fc3) fmadd.s ft11, ft10, ft9, ft8
core   0: 3 0x0000000080005c20 (0xe1df7fc3) f31 0xffffffff804ccccc
core   0: 0x0000000080005c24 (0x00302273) csrr    tp, fcsr
core   0: 3 0x0000000080005c24 (0x00302273) x4  0x0000000000000000
core   0: 0x0000000080005c28 (0x73f0a827) fsw     ft11, 1840(ra)
core   0: 3 0x0000000080005c28 (0x73f0a827) mem 0x000000008000d848 0x804ccccc
core   0: 0x0000000080005c2c (0x7240bc23) sd      tp, 1848(ra)
core   0: 3 0x0000000080005c2c (0x7240bc23) mem 0x000000008000d850 0x0000000000000000
core   0: >>>>  inst_38004
core   0: 0x0000000080005c30 (0x00100113) li      sp, 1
core   0: 3 0x0000000080005c30 (0x00100113) x2  0x0000000000000001
core   0: 0x0000000080005c34 (0x00c11113) slli    sp, sp, 12
core   0: 3 0x0000000080005c34 (0x00c11113) x2  0x0000000000001000
core   0: 0x0000000080005c38 (0x002181b3) add     gp, gp, sp
core   0: 3 0x0000000080005c38 (0x002181b3) x3  0x000000008000b010
core   0: 0x0000000080005c3c (0x1701af07) flw     ft10, 368(gp)
core   0: 3 0x0000000080005c3c (0x1701af07) f30 0xffffffff7f3f6e88 mem 0x000000008000b180
core   0: 0x0000000080005c40 (0x402181b3) sub     gp, gp, sp
core   0: 3 0x0000000080005c40 (0x402181b3) x3  0x000000008000a010
core   0: 0x0000000080005c44 (0x00100113) li      sp, 1
core   0: 3 0x0000000080005c44 (0x00100113) x2  0x0000000000000001
core   0: 0x0000000080005c48 (0x00c11113) slli    sp, sp, 12
core   0: 3 0x0000000080005c48 (0x00c11113) x2  0x0000000000001000
core   0: 0x0000000080005c4c (0x002181b3) add     gp, gp, sp
core   0: 3 0x0000000080005c4c (0x002181b3) x3  0x000000008000b010
core   0: 0x0000000080005c50 (0x1741ae87) flw     ft9, 372(gp)
core   0: 3 0x0000000080005c50 (0x1741ae87) f29 0xffffffff80000000 mem 0x000000008000b184
core   0: 0x0000000080005c54 (0x402181b3) sub     gp, gp, sp
core   0: 3 0x0000000080005c54 (0x402181b3) x3  0x000000008000a010
core   0: 0x0000000080005c58 (0x00100113) li      sp, 1
core   0: 3 0x0000000080005c58 (0x00100113) x2  0x0000000000000001
core   0: 0x0000000080005c5c (0x00c11113) slli    sp, sp, 12
core   0: 3 0x0000000080005c5c (0x00c11113) x2  0x0000000000001000
core   0: 0x0000000080005c60 (0x002181b3) add     gp, gp, sp
core   0: 3 0x0000000080005c60 (0x002181b3) x3  0x000000008000b010
core   0: 0x0000000080005c64 (0x1781ae07) flw     ft8, 376(gp)
core   0: 3 0x0000000080005c64 (0x1781ae07) f28 0xffffffff805b6db6 mem 0x000000008000b188
core   0: 0x0000000080005c68 (0x402181b3) sub     gp, gp, sp
core   0: 3 0x0000000080005c68 (0x402181b3) x3  0x000000008000a010
core   0: 0x0000000080005c6c (0x00000113) li      sp, 0
core   0: 3 0x0000000080005c6c (0x00000113) x2  0x0000000000000000
core   0: 0x0000000080005c70 (0x00311073) csrw    fcsr, sp
core   0: 3 0x0000000080005c70 (0x00311073) c1_fflags 0x0000000000000000 c2_frm 0x0000000000000000
core   0: 0x0000000080005c74 (0xe1df7fc3) fmadd.s ft11, ft10, ft9, ft8
core   0: 3 0x0000000080005c74 (0xe1df7fc3) f31 0xffffffff805b6db6
core   0: 0x0000000080005c78 (0x00302273) csrr    tp, fcsr
core   0: 3 0x0000000080005c78 (0x00302273) x4  0x0000000000000000
core   0: 0x0000000080005c7c (0x75f0a027) fsw     ft11, 1856(ra)
core   0: 3 0x0000000080005c7c (0x75f0a027) mem 0x000000008000d858 0x805b6db6
core   0: 0x0000000080005c80 (0x7440b423) sd      tp, 1864(ra)
core   0: 3 0x0000000080005c80 (0x7440b423) mem 0x000000008000d860 0x0000000000000000
core   0: >>>>  inst_38005
core   0: 0x0000000080005c84 (0x00100113) li      sp, 1
core   0: 3 0x0000000080005c84 (0x00100113) x2  0x0000000000000001
core   0: 0x0000000080005c88 (0x00c11113) slli    sp, sp, 12
core   0: 3 0x0000000080005c88 (0x00c11113) x2  0x0000000000001000
core   0: 0x0000000080005c8c (0x002181b3) add     gp, gp, sp
core   0: 3 0x0000000080005c8c (0x002181b3) x3  0x000000008000b010
core   0: 0x0000000080005c90 (0x17c1af07) flw     ft10, 380(gp)
core   0: 3 0x0000000080005c90 (0x17c1af07) f30 0xffffffff7f3f6e88 mem 0x000000008000b18c
core   0: 0x0000000080005c94 (0x402181b3) sub     gp, gp, sp
core   0: 3 0x0000000080005c94 (0x402181b3) x3  0x000000008000a010
core   0: 0x0000000080005c98 (0x00100113) li      sp, 1
core   0: 3 0x0000000080005c98 (0x00100113) x2  0x0000000000000001
core   0: 0x0000000080005c9c (0x00c11113) slli    sp, sp, 12
core   0: 3 0x0000000080005c9c (0x00c11113) x2  0x0000000000001000
core   0: 0x0000000080005ca0 (0x002181b3) add     gp, gp, sp
core   0: 3 0x0000000080005ca0 (0x002181b3) x3  0x000000008000b010
core   0: 0x0000000080005ca4 (0x1801ae87) flw     ft9, 384(gp)
core   0: 3 0x0000000080005ca4 (0x1801ae87) f29 0xffffffff80000000 mem 0x000000008000b190
core   0: 0x0000000080005ca8 (0x402181b3) sub     gp, gp, sp
core   0: 3 0x0000000080005ca8 (0x402181b3) x3  0x000000008000a010
core   0: 0x0000000080005cac (0x00100113) li      sp, 1
core   0: 3 0x0000000080005cac (0x00100113) x2  0x0000000000000001
core   0: 0x0000000080005cb0 (0x00c11113) slli    sp, sp, 12
core   0: 3 0x0000000080005cb0 (0x00c11113) x2  0x0000000000001000
core   0: 0x0000000080005cb4 (0x002181b3) add     gp, gp, sp
core   0: 3 0x0000000080005cb4 (0x002181b3) x3  0x000000008000b010
core   0: 0x0000000080005cb8 (0x1841ae07) flw     ft8, 388(gp)
core   0: 3 0x0000000080005cb8 (0x1841ae07) f28 0xffffffff80666666 mem 0x000000008000b194
core   0: 0x0000000080005cbc (0x402181b3) sub     gp, gp, sp
core   0: 3 0x0000000080005cbc (0x402181b3) x3  0x000000008000a010
core   0: 0x0000000080005cc0 (0x00000113) li      sp, 0
core   0: 3 0x0000000080005cc0 (0x00000113) x2  0x0000000000000000
core   0: 0x0000000080005cc4 (0x00311073) csrw    fcsr, sp
core   0: 3 0x0000000080005cc4 (0x00311073) c1_fflags 0x0000000000000000 c2_frm 0x0000000000000000
core   0: 0x0000000080005cc8 (0xe1df7fc3) fmadd.s ft11, ft10, ft9, ft8
core   0: 3 0x0000000080005cc8 (0xe1df7fc3) f31 0xffffffff80666666
core   0: 0x0000000080005ccc (0x00302273) csrr    tp, fcsr
core   0: 3 0x0000000080005ccc (0x00302273) x4  0x0000000000000000
core   0: 0x0000000080005cd0 (0x75f0a827) fsw     ft11, 1872(ra)
core   0: 3 0x0000000080005cd0 (0x75f0a827) mem 0x000000008000d868 0x80666666
core   0: 0x0000000080005cd4 (0x7440bc23) sd      tp, 1880(ra)
core   0: 3 0x0000000080005cd4 (0x7440bc23) mem 0x000000008000d870 0x0000000000000000
core   0: >>>>  inst_38006
core   0: 0x0000000080005cd8 (0x00100113) li      sp, 1
core   0: 3 0x0000000080005cd8 (0x00100113) x2  0x0000000000000001
core   0: 0x0000000080005cdc (0x00c11113) slli    sp, sp, 12
core   0: 3 0x0000000080005cdc (0x00c11113) x2  0x0000000000001000
core   0: 0x0000000080005ce0 (0x002181b3) add     gp, gp, sp
core   0: 3 0x0000000080005ce0 (0x002181b3) x3  0x000000008000b010
core   0: 0x0000000080005ce4 (0x1881af07) flw     ft10, 392(gp)
core   0: 3 0x0000000080005ce4 (0x1881af07) f30 0xffffffff7f3f6e88 mem 0x000000008000b198
core   0: 0x0000000080005ce8 (0x402181b3) sub     gp, gp, sp
core   0: 3 0x0000000080005ce8 (0x402181b3) x3  0x000000008000a010
core   0: 0x0000000080005cec (0x00100113) li      sp, 1
core   0: 3 0x0000000080005cec (0x00100113) x2  0x0000000000000001
core   0: 0x0000000080005cf0 (0x00c11113) slli    sp, sp, 12
core   0: 3 0x0000000080005cf0 (0x00c11113) x2  0x0000000000001000
core   0: 0x0000000080005cf4 (0x002181b3) add     gp, gp, sp
core   0: 3 0x0000000080005cf4 (0x002181b3) x3  0x000000008000b010
core   0: 0x0000000080005cf8 (0x18c1ae87) flw     ft9, 396(gp)
core   0: 3 0x0000000080005cf8 (0x18c1ae87) f29 0xffffffff80000000 mem 0x000000008000b19c
core   0: 0x0000000080005cfc (0x402181b3) sub     gp, gp, sp
core   0: 3 0x0000000080005cfc (0x402181b3) x3  0x000000008000a010
core   0: 0x0000000080005d00 (0x00100113) li      sp, 1
core   0: 3 0x0000000080005d00 (0x00100113) x2  0x0000000000000001
core   0: 0x0000000080005d04 (0x00c11113) slli    sp, sp, 12
core   0: 3 0x0000000080005d04 (0x00c11113) x2  0x0000000000001000
core   0: 0x0000000080005d08 (0x002181b3) add     gp, gp, sp
core   0: 3 0x0000000080005d08 (0x002181b3) x3  0x000000008000b010
core   0: 0x0000000080005d0c (0x1901ae07) flw     ft8, 400(gp)
core   0: 3 0x0000000080005d0c (0x1901ae07) f28 0xffffffff806db6db mem 0x000000008000b1a0
core   0: 0x0000000080005d10 (0x402181b3) sub     gp, gp, sp
core   0: 3 0x0000000080005d10 (0x402181b3) x3  0x000000008000a010
core   0: 0x0000000080005d14 (0x00000113) li      sp, 0
core   0: 3 0x0000000080005d14 (0x00000113) x2  0x0000000000000000
core   0: 0x0000000080005d18 (0x00311073) csrw    fcsr, sp
core   0: 3 0x0000000080005d18 (0x00311073) c1_fflags 0x0000000000000000 c2_frm 0x0000000000000000
core   0: 0x0000000080005d1c (0xe1df7fc3) fmadd.s ft11, ft10, ft9, ft8
core   0: 3 0x0000000080005d1c (0xe1df7fc3) f31 0xffffffff806db6db
core   0: 0x0000000080005d20 (0x00302273) csrr    tp, fcsr
core   0: 3 0x0000000080005d20 (0x00302273) x4  0x0000000000000000
core   0: 0x0000000080005d24 (0x77f0a027) fsw     ft11, 1888(ra)
core   0: 3 0x0000000080005d24 (0x77f0a027) mem 0x000000008000d878 0x806db6db
core   0: 0x0000000080005d28 (0x7640b423) sd      tp, 1896(ra)
core   0: 3 0x0000000080005d28 (0x7640b423) mem 0x000000008000d880 0x0000000000000000
core   0: >>>>  inst_38007
core   0: 0x0000000080005d2c (0x00100113) li      sp, 1
core   0: 3 0x0000000080005d2c (0x00100113) x2  0x0000000000000001
core   0: 0x0000000080005d30 (0x00c11113) slli    sp, sp, 12
core   0: 3 0x0000000080005d30 (0x00c11113) x2  0x0000000000001000
core   0: 0x0000000080005d34 (0x002181b3) add     gp, gp, sp
core   0: 3 0x0000000080005d34 (0x002181b3) x3  0x000000008000b010
core   0: 0x0000000080005d38 (0x1941af07) flw     ft10, 404(gp)
core   0: 3 0x0000000080005d38 (0x1941af07) f30 0xffffffff7f3f6e88 mem 0x000000008000b1a4
core   0: 0x0000000080005d3c (0x402181b3) sub     gp, gp, sp
core   0: 3 0x0000000080005d3c (0x402181b3) x3  0x000000008000a010
core   0: 0x0000000080005d40 (0x00100113) li      sp, 1
core   0: 3 0x0000000080005d40 (0x00100113) x2  0x0000000000000001
core   0: 0x0000000080005d44 (0x00c11113) slli    sp, sp, 12
core   0: 3 0x0000000080005d44 (0x00c11113) x2  0x0000000000001000
core   0: 0x0000000080005d48 (0x002181b3) add     gp, gp, sp
core   0: 3 0x0000000080005d48 (0x002181b3) x3  0x000000008000b010
core   0: 0x0000000080005d4c (0x1981ae87) flw     ft9, 408(gp)
core   0: 3 0x0000000080005d4c (0x1981ae87) f29 0xffffffff80000000 mem 0x000000008000b1a8
core   0: 0x0000000080005d50 (0x402181b3) sub     gp, gp, sp
core   0: 3 0x0000000080005d50 (0x402181b3) x3  0x000000008000a010
core   0: 0x0000000080005d54 (0x00100113) li      sp, 1
core   0: 3 0x0000000080005d54 (0x00100113) x2  0x0000000000000001
core   0: 0x0000000080005d58 (0x00c11113) slli    sp, sp, 12
core   0: 3 0x0000000080005d58 (0x00c11113) x2  0x0000000000001000
core   0: 0x0000000080005d5c (0x002181b3) add     gp, gp, sp
core   0: 3 0x0000000080005d5c (0x002181b3) x3  0x000000008000b010
core   0: 0x0000000080005d60 (0x19c1ae07) flw     ft8, 412(gp)
core   0: 3 0x0000000080005d60 (0x19c1ae07) f28 0xffffffff807ffff8 mem 0x000000008000b1ac
core   0: 0x0000000080005d64 (0x402181b3) sub     gp, gp, sp
core   0: 3 0x0000000080005d64 (0x402181b3) x3  0x000000008000a010
core   0: 0x0000000080005d68 (0x00000113) li      sp, 0
core   0: 3 0x0000000080005d68 (0x00000113) x2  0x0000000000000000
core   0: 0x0000000080005d6c (0x00311073) csrw    fcsr, sp
core   0: 3 0x0000000080005d6c (0x00311073) c1_fflags 0x0000000000000000 c2_frm 0x0000000000000000
core   0: 0x0000000080005d70 (0xe1df7fc3) fmadd.s ft11, ft10, ft9, ft8
core   0: 3 0x0000000080005d70 (0xe1df7fc3) f31 0xffffffff807ffff8
core   0: 0x0000000080005d74 (0x00302273) csrr    tp, fcsr
core   0: 3 0x0000000080005d74 (0x00302273) x4  0x0000000000000000
core   0: 0x0000000080005d78 (0x77f0a827) fsw     ft11, 1904(ra)
core   0: 3 0x0000000080005d78 (0x77f0a827) mem 0x000000008000d888 0x807ffff8
core   0: 0x0000000080005d7c (0x7640bc23) sd      tp, 1912(ra)
core   0: 3 0x0000000080005d7c (0x7640bc23) mem 0x000000008000d890 0x0000000000000000
core   0: >>>>  inst_38008
core   0: 0x0000000080005d80 (0x00100113) li      sp, 1
core   0: 3 0x0000000080005d80 (0x00100113) x2  0x0000000000000001
core   0: 0x0000000080005d84 (0x00c11113) slli    sp, sp, 12
core   0: 3 0x0000000080005d84 (0x00c11113) x2  0x0000000000001000
core   0: 0x0000000080005d88 (0x002181b3) add     gp, gp, sp
core   0: 3 0x0000000080005d88 (0x002181b3) x3  0x000000008000b010
core   0: 0x0000000080005d8c (0x1a01af07) flw     ft10, 416(gp)
core   0: 3 0x0000000080005d8c (0x1a01af07) f30 0xffffffff7f3f6e88 mem 0x000000008000b1b0
core   0: 0x0000000080005d90 (0x402181b3) sub     gp, gp, sp
core   0: 3 0x0000000080005d90 (0x402181b3) x3  0x000000008000a010
core   0: 0x0000000080005d94 (0x00100113) li      sp, 1
core   0: 3 0x0000000080005d94 (0x00100113) x2  0x0000000000000001
core   0: 0x0000000080005d98 (0x00c11113) slli    sp, sp, 12
core   0: 3 0x0000000080005d98 (0x00c11113) x2  0x0000000000001000
core   0: 0x0000000080005d9c (0x002181b3) add     gp, gp, sp
core   0: 3 0x0000000080005d9c (0x002181b3) x3  0x000000008000b010
core   0: 0x0000000080005da0 (0x1a41ae87) flw     ft9, 420(gp)
core   0: 3 0x0000000080005da0 (0x1a41ae87) f29 0xffffffff80000000 mem 0x000000008000b1b4
core   0: 0x0000000080005da4 (0x402181b3) sub     gp, gp, sp
core   0: 3 0x0000000080005da4 (0x402181b3) x3  0x000000008000a010
core   0: 0x0000000080005da8 (0x00100113) li      sp, 1
core   0: 3 0x0000000080005da8 (0x00100113) x2  0x0000000000000001
core   0: 0x0000000080005dac (0x00c11113) slli    sp, sp, 12
core   0: 3 0x0000000080005dac (0x00c11113) x2  0x0000000000001000
core   0: 0x0000000080005db0 (0x002181b3) add     gp, gp, sp
core   0: 3 0x0000000080005db0 (0x002181b3) x3  0x000000008000b010
core   0: 0x0000000080005db4 (0x1a81ae07) flw     ft8, 424(gp)
core   0: 3 0x0000000080005db4 (0x1a81ae07) f28 0xffffffff807ffffc mem 0x000000008000b1b8
core   0: 0x0000000080005db8 (0x402181b3) sub     gp, gp, sp
core   0: 3 0x0000000080005db8 (0x402181b3) x3  0x000000008000a010
core   0: 0x0000000080005dbc (0x00000113) li      sp, 0
core   0: 3 0x0000000080005dbc (0x00000113) x2  0x0000000000000000
core   0: 0x0000000080005dc0 (0x00311073) csrw    fcsr, sp
core   0: 3 0x0000000080005dc0 (0x00311073) c1_fflags 0x0000000000000000 c2_frm 0x0000000000000000
core   0: 0x0000000080005dc4 (0xe1df7fc3) fmadd.s ft11, ft10, ft9, ft8
core   0: 3 0x0000000080005dc4 (0xe1df7fc3) f31 0xffffffff807ffffc
core   0: 0x0000000080005dc8 (0x00302273) csrr    tp, fcsr
core   0: 3 0x0000000080005dc8 (0x00302273) x4  0x0000000000000000
core   0: 0x0000000080005dcc (0x79f0a027) fsw     ft11, 1920(ra)
core   0: 3 0x0000000080005dcc (0x79f0a027) mem 0x000000008000d898 0x807ffffc
core   0: 0x0000000080005dd0 (0x7840b423) sd      tp, 1928(ra)
core   0: 3 0x0000000080005dd0 (0x7840b423) mem 0x000000008000d8a0 0x0000000000000000
core   0: >>>>  inst_38009
core   0: 0x0000000080005dd4 (0x00100113) li      sp, 1
core   0: 3 0x0000000080005dd4 (0x00100113) x2  0x0000000000000001
core   0: 0x0000000080005dd8 (0x00c11113) slli    sp, sp, 12
core   0: 3 0x0000000080005dd8 (0x00c11113) x2  0x0000000000001000
core   0: 0x0000000080005ddc (0x002181b3) add     gp, gp, sp
core   0: 3 0x0000000080005ddc (0x002181b3) x3  0x000000008000b010
core   0: 0x0000000080005de0 (0x1ac1af07) flw     ft10, 428(gp)
core   0: 3 0x0000000080005de0 (0x1ac1af07) f30 0xffffffff7f3f6e88 mem 0x000000008000b1bc
core   0: 0x0000000080005de4 (0x402181b3) sub     gp, gp, sp
core   0: 3 0x0000000080005de4 (0x402181b3) x3  0x000000008000a010
core   0: 0x0000000080005de8 (0x00100113) li      sp, 1
core   0: 3 0x0000000080005de8 (0x00100113) x2  0x0000000000000001
core   0: 0x0000000080005dec (0x00c11113) slli    sp, sp, 12
core   0: 3 0x0000000080005dec (0x00c11113) x2  0x0000000000001000
core   0: 0x0000000080005df0 (0x002181b3) add     gp, gp, sp
core   0: 3 0x0000000080005df0 (0x002181b3) x3  0x000000008000b010
core   0: 0x0000000080005df4 (0x1b01ae87) flw     ft9, 432(gp)
core   0: 3 0x0000000080005df4 (0x1b01ae87) f29 0xffffffff80000000 mem 0x000000008000b1c0
core   0: 0x0000000080005df8 (0x402181b3) sub     gp, gp, sp
core   0: 3 0x0000000080005df8 (0x402181b3) x3  0x000000008000a010
core   0: 0x0000000080005dfc (0x00100113) li      sp, 1
core   0: 3 0x0000000080005dfc (0x00100113) x2  0x0000000000000001
core   0: 0x0000000080005e00 (0x00c11113) slli    sp, sp, 12
core   0: 3 0x0000000080005e00 (0x00c11113) x2  0x0000000000001000
core   0: 0x0000000080005e04 (0x002181b3) add     gp, gp, sp
core   0: 3 0x0000000080005e04 (0x002181b3) x3  0x000000008000b010
core   0: 0x0000000080005e08 (0x1b41ae07) flw     ft8, 436(gp)
core   0: 3 0x0000000080005e08 (0x1b41ae07) f28 0xffffffff807ffffe mem 0x000000008000b1c4
core   0: 0x0000000080005e0c (0x402181b3) sub     gp, gp, sp
core   0: 3 0x0000000080005e0c (0x402181b3) x3  0x000000008000a010
core   0: 0x0000000080005e10 (0x00000113) li      sp, 0
core   0: 3 0x0000000080005e10 (0x00000113) x2  0x0000000000000000
core   0: 0x0000000080005e14 (0x00311073) csrw    fcsr, sp
core   0: 3 0x0000000080005e14 (0x00311073) c1_fflags 0x0000000000000000 c2_frm 0x0000000000000000
core   0: 0x0000000080005e18 (0xe1df7fc3) fmadd.s ft11, ft10, ft9, ft8
core   0: 3 0x0000000080005e18 (0xe1df7fc3) f31 0xffffffff807ffffe
core   0: 0x0000000080005e1c (0x00302273) csrr    tp, fcsr
core   0: 3 0x0000000080005e1c (0x00302273) x4  0x0000000000000000
core   0: 0x0000000080005e20 (0x79f0a827) fsw     ft11, 1936(ra)
core   0: 3 0x0000000080005e20 (0x79f0a827) mem 0x000000008000d8a8 0x807ffffe
core   0: 0x0000000080005e24 (0x7840bc23) sd      tp, 1944(ra)
core   0: 3 0x0000000080005e24 (0x7840bc23) mem 0x000000008000d8b0 0x0000000000000000
core   0: >>>>  inst_38010
core   0: 0x0000000080005e28 (0x00100113) li      sp, 1
core   0: 3 0x0000000080005e28 (0x00100113) x2  0x0000000000000001
core   0: 0x0000000080005e2c (0x00c11113) slli    sp, sp, 12
core   0: 3 0x0000000080005e2c (0x00c11113) x2  0x0000000000001000
core   0: 0x0000000080005e30 (0x002181b3) add     gp, gp, sp
core   0: 3 0x0000000080005e30 (0x002181b3) x3  0x000000008000b010
core   0: 0x0000000080005e34 (0x1b81af07) flw     ft10, 440(gp)
core   0: 3 0x0000000080005e34 (0x1b81af07) f30 0xffffffff7f3f6e88 mem 0x000000008000b1c8
core   0: 0x0000000080005e38 (0x402181b3) sub     gp, gp, sp
core   0: 3 0x0000000080005e38 (0x402181b3) x3  0x000000008000a010
core   0: 0x0000000080005e3c (0x00100113) li      sp, 1
core   0: 3 0x0000000080005e3c (0x00100113) x2  0x0000000000000001
core   0: 0x0000000080005e40 (0x00c11113) slli    sp, sp, 12
core   0: 3 0x0000000080005e40 (0x00c11113) x2  0x0000000000001000
core   0: 0x0000000080005e44 (0x002181b3) add     gp, gp, sp
core   0: 3 0x0000000080005e44 (0x002181b3) x3  0x000000008000b010
core   0: 0x0000000080005e48 (0x1bc1ae87) flw     ft9, 444(gp)
core   0: 3 0x0000000080005e48 (0x1bc1ae87) f29 0xffffffff80000000 mem 0x000000008000b1cc
core   0: 0x0000000080005e4c (0x402181b3) sub     gp, gp, sp
core   0: 3 0x0000000080005e4c (0x402181b3) x3  0x000000008000a010
core   0: 0x0000000080005e50 (0x00100113) li      sp, 1
core   0: 3 0x0000000080005e50 (0x00100113) x2  0x0000000000000001
core   0: 0x0000000080005e54 (0x00c11113) slli    sp, sp, 12
core   0: 3 0x0000000080005e54 (0x00c11113) x2  0x0000000000001000
core   0: 0x0000000080005e58 (0x002181b3) add     gp, gp, sp
core   0: 3 0x0000000080005e58 (0x002181b3) x3  0x000000008000b010
core   0: 0x0000000080005e5c (0x1c01ae07) flw     ft8, 448(gp)
core   0: 3 0x0000000080005e5c (0x1c01ae07) f28 0xffffffff8b000000 mem 0x000000008000b1d0
core   0: 0x0000000080005e60 (0x402181b3) sub     gp, gp, sp
core   0: 3 0x0000000080005e60 (0x402181b3) x3  0x000000008000a010
core   0: 0x0000000080005e64 (0x00000113) li      sp, 0
core   0: 3 0x0000000080005e64 (0x00000113) x2  0x0000000000000000
core   0: 0x0000000080005e68 (0x00311073) csrw    fcsr, sp
core   0: 3 0x0000000080005e68 (0x00311073) c1_fflags 0x0000000000000000 c2_frm 0x0000000000000000
core   0: 0x0000000080005e6c (0xe1df7fc3) fmadd.s ft11, ft10, ft9, ft8
core   0: 3 0x0000000080005e6c (0xe1df7fc3) f31 0xffffffff8b000000
core   0: 0x0000000080005e70 (0x00302273) csrr    tp, fcsr
core   0: 3 0x0000000080005e70 (0x00302273) x4  0x0000000000000000
core   0: 0x0000000080005e74 (0x7bf0a027) fsw     ft11, 1952(ra)
core   0: 3 0x0000000080005e74 (0x7bf0a027) mem 0x000000008000d8b8 0x8b000000
core   0: 0x0000000080005e78 (0x7a40b423) sd      tp, 1960(ra)
core   0: 3 0x0000000080005e78 (0x7a40b423) mem 0x000000008000d8c0 0x0000000000000000
core   0: >>>>  inst_38011
core   0: 0x0000000080005e7c (0x00100113) li      sp, 1
core   0: 3 0x0000000080005e7c (0x00100113) x2  0x0000000000000001
core   0: 0x0000000080005e80 (0x00c11113) slli    sp, sp, 12
core   0: 3 0x0000000080005e80 (0x00c11113) x2  0x0000000000001000
core   0: 0x0000000080005e84 (0x002181b3) add     gp, gp, sp
core   0: 3 0x0000000080005e84 (0x002181b3) x3  0x000000008000b010
core   0: 0x0000000080005e88 (0x1c41af07) flw     ft10, 452(gp)
core   0: 3 0x0000000080005e88 (0x1c41af07) f30 0xffffffff7f3f6e88 mem 0x000000008000b1d4
core   0: 0x0000000080005e8c (0x402181b3) sub     gp, gp, sp
core   0: 3 0x0000000080005e8c (0x402181b3) x3  0x000000008000a010
core   0: 0x0000000080005e90 (0x00100113) li      sp, 1
core   0: 3 0x0000000080005e90 (0x00100113) x2  0x0000000000000001
core   0: 0x0000000080005e94 (0x00c11113) slli    sp, sp, 12
core   0: 3 0x0000000080005e94 (0x00c11113) x2  0x0000000000001000
core   0: 0x0000000080005e98 (0x002181b3) add     gp, gp, sp
core   0: 3 0x0000000080005e98 (0x002181b3) x3  0x000000008000b010
core   0: 0x0000000080005e9c (0x1c81ae87) flw     ft9, 456(gp)
core   0: 3 0x0000000080005e9c (0x1c81ae87) f29 0xffffffff80000000 mem 0x000000008000b1d8
core   0: 0x0000000080005ea0 (0x402181b3) sub     gp, gp, sp
core   0: 3 0x0000000080005ea0 (0x402181b3) x3  0x000000008000a010
core   0: 0x0000000080005ea4 (0x00100113) li      sp, 1
core   0: 3 0x0000000080005ea4 (0x00100113) x2  0x0000000000000001
core   0: 0x0000000080005ea8 (0x00c11113) slli    sp, sp, 12
core   0: 3 0x0000000080005ea8 (0x00c11113) x2  0x0000000000001000
core   0: 0x0000000080005eac (0x002181b3) add     gp, gp, sp
core   0: 3 0x0000000080005eac (0x002181b3) x3  0x000000008000b010
core   0: 0x0000000080005eb0 (0x1cc1ae07) flw     ft8, 460(gp)
core   0: 3 0x0000000080005eb0 (0x1cc1ae07) f28 0xffffffff8b000001 mem 0x000000008000b1dc
core   0: 0x0000000080005eb4 (0x402181b3) sub     gp, gp, sp
core   0: 3 0x0000000080005eb4 (0x402181b3) x3  0x000000008000a010
core   0: 0x0000000080005eb8 (0x00000113) li      sp, 0
core   0: 3 0x0000000080005eb8 (0x00000113) x2  0x0000000000000000
core   0: 0x0000000080005ebc (0x00311073) csrw    fcsr, sp
core   0: 3 0x0000000080005ebc (0x00311073) c1_fflags 0x0000000000000000 c2_frm 0x0000000000000000
core   0: 0x0000000080005ec0 (0xe1df7fc3) fmadd.s ft11, ft10, ft9, ft8
core   0: 3 0x0000000080005ec0 (0xe1df7fc3) f31 0xffffffff8b000001
core   0: 0x0000000080005ec4 (0x00302273) csrr    tp, fcsr
core   0: 3 0x0000000080005ec4 (0x00302273) x4  0x0000000000000000
core   0: 0x0000000080005ec8 (0x7bf0a827) fsw     ft11, 1968(ra)
core   0: 3 0x0000000080005ec8 (0x7bf0a827) mem 0x000000008000d8c8 0x8b000001
core   0: 0x0000000080005ecc (0x7a40bc23) sd      tp, 1976(ra)
core   0: 3 0x0000000080005ecc (0x7a40bc23) mem 0x000000008000d8d0 0x0000000000000000
core   0: >>>>  inst_38012
core   0: 0x0000000080005ed0 (0x00100113) li      sp, 1
core   0: 3 0x0000000080005ed0 (0x00100113) x2  0x0000000000000001
core   0: 0x0000000080005ed4 (0x00c11113) slli    sp, sp, 12
core   0: 3 0x0000000080005ed4 (0x00c11113) x2  0x0000000000001000
core   0: 0x0000000080005ed8 (0x002181b3) add     gp, gp, sp
core   0: 3 0x0000000080005ed8 (0x002181b3) x3  0x000000008000b010
core   0: 0x0000000080005edc (0x1d01af07) flw     ft10, 464(gp)
core   0: 3 0x0000000080005edc (0x1d01af07) f30 0xffffffff7f3f6e88 mem 0x000000008000b1e0
core   0: 0x0000000080005ee0 (0x402181b3) sub     gp, gp, sp
core   0: 3 0x0000000080005ee0 (0x402181b3) x3  0x000000008000a010
core   0: 0x0000000080005ee4 (0x00100113) li      sp, 1
core   0: 3 0x0000000080005ee4 (0x00100113) x2  0x0000000000000001
core   0: 0x0000000080005ee8 (0x00c11113) slli    sp, sp, 12
core   0: 3 0x0000000080005ee8 (0x00c11113) x2  0x0000000000001000
core   0: 0x0000000080005eec (0x002181b3) add     gp, gp, sp
core   0: 3 0x0000000080005eec (0x002181b3) x3  0x000000008000b010
core   0: 0x0000000080005ef0 (0x1d41ae87) flw     ft9, 468(gp)
core   0: 3 0x0000000080005ef0 (0x1d41ae87) f29 0xffffffff80000000 mem 0x000000008000b1e4
core   0: 0x0000000080005ef4 (0x402181b3) sub     gp, gp, sp
core   0: 3 0x0000000080005ef4 (0x402181b3) x3  0x000000008000a010
core   0: 0x0000000080005ef8 (0x00100113) li      sp, 1
core   0: 3 0x0000000080005ef8 (0x00100113) x2  0x0000000000000001
core   0: 0x0000000080005efc (0x00c11113) slli    sp, sp, 12
core   0: 3 0x0000000080005efc (0x00c11113) x2  0x0000000000001000
core   0: 0x0000000080005f00 (0x002181b3) add     gp, gp, sp
core   0: 3 0x0000000080005f00 (0x002181b3) x3  0x000000008000b010
core   0: 0x0000000080005f04 (0x1d81ae07) flw     ft8, 472(gp)
core   0: 3 0x0000000080005f04 (0x1d81ae07) f28 0xffffffff8b000003 mem 0x000000008000b1e8
core   0: 0x0000000080005f08 (0x402181b3) sub     gp, gp, sp
core   0: 3 0x0000000080005f08 (0x402181b3) x3  0x000000008000a010
core   0: 0x0000000080005f0c (0x00000113) li      sp, 0
core   0: 3 0x0000000080005f0c (0x00000113) x2  0x0000000000000000
core   0: 0x0000000080005f10 (0x00311073) csrw    fcsr, sp
core   0: 3 0x0000000080005f10 (0x00311073) c1_fflags 0x0000000000000000 c2_frm 0x0000000000000000
core   0: 0x0000000080005f14 (0xe1df7fc3) fmadd.s ft11, ft10, ft9, ft8
core   0: 3 0x0000000080005f14 (0xe1df7fc3) f31 0xffffffff8b000003
core   0: 0x0000000080005f18 (0x00302273) csrr    tp, fcsr
core   0: 3 0x0000000080005f18 (0x00302273) x4  0x0000000000000000
core   0: 0x0000000080005f1c (0x7df0a027) fsw     ft11, 1984(ra)
core   0: 3 0x0000000080005f1c (0x7df0a027) mem 0x000000008000d8d8 0x8b000003
core   0: 0x0000000080005f20 (0x7c40b423) sd      tp, 1992(ra)
core   0: 3 0x0000000080005f20 (0x7c40b423) mem 0x000000008000d8e0 0x0000000000000000
core   0: >>>>  inst_38013
core   0: 0x0000000080005f24 (0x00100113) li      sp, 1
core   0: 3 0x0000000080005f24 (0x00100113) x2  0x0000000000000001
core   0: 0x0000000080005f28 (0x00c11113) slli    sp, sp, 12
core   0: 3 0x0000000080005f28 (0x00c11113) x2  0x0000000000001000
core   0: 0x0000000080005f2c (0x002181b3) add     gp, gp, sp
core   0: 3 0x0000000080005f2c (0x002181b3) x3  0x000000008000b010
core   0: 0x0000000080005f30 (0x1dc1af07) flw     ft10, 476(gp)
core   0: 3 0x0000000080005f30 (0x1dc1af07) f30 0xffffffff7f3f6e88 mem 0x000000008000b1ec
core   0: 0x0000000080005f34 (0x402181b3) sub     gp, gp, sp
core   0: 3 0x0000000080005f34 (0x402181b3) x3  0x000000008000a010
core   0: 0x0000000080005f38 (0x00100113) li      sp, 1
core   0: 3 0x0000000080005f38 (0x00100113) x2  0x0000000000000001
core   0: 0x0000000080005f3c (0x00c11113) slli    sp, sp, 12
core   0: 3 0x0000000080005f3c (0x00c11113) x2  0x0000000000001000
core   0: 0x0000000080005f40 (0x002181b3) add     gp, gp, sp
core   0: 3 0x0000000080005f40 (0x002181b3) x3  0x000000008000b010
core   0: 0x0000000080005f44 (0x1e01ae87) flw     ft9, 480(gp)
core   0: 3 0x0000000080005f44 (0x1e01ae87) f29 0xffffffff80000000 mem 0x000000008000b1f0
core   0: 0x0000000080005f48 (0x402181b3) sub     gp, gp, sp
core   0: 3 0x0000000080005f48 (0x402181b3) x3  0x000000008000a010
core   0: 0x0000000080005f4c (0x00100113) li      sp, 1
core   0: 3 0x0000000080005f4c (0x00100113) x2  0x0000000000000001
core   0: 0x0000000080005f50 (0x00c11113) slli    sp, sp, 12
core   0: 3 0x0000000080005f50 (0x00c11113) x2  0x0000000000001000
core   0: 0x0000000080005f54 (0x002181b3) add     gp, gp, sp
core   0: 3 0x0000000080005f54 (0x002181b3) x3  0x000000008000b010
core   0: 0x0000000080005f58 (0x1e41ae07) flw     ft8, 484(gp)
core   0: 3 0x0000000080005f58 (0x1e41ae07) f28 0xffffffff8b000007 mem 0x000000008000b1f4
core   0: 0x0000000080005f5c (0x402181b3) sub     gp, gp, sp
core   0: 3 0x0000000080005f5c (0x402181b3) x3  0x000000008000a010
core   0: 0x0000000080005f60 (0x00000113) li      sp, 0
core   0: 3 0x0000000080005f60 (0x00000113) x2  0x0000000000000000
core   0: 0x0000000080005f64 (0x00311073) csrw    fcsr, sp
core   0: 3 0x0000000080005f64 (0x00311073) c1_fflags 0x0000000000000000 c2_frm 0x0000000000000000
core   0: 0x0000000080005f68 (0xe1df7fc3) fmadd.s ft11, ft10, ft9, ft8
core   0: 3 0x0000000080005f68 (0xe1df7fc3) f31 0xffffffff8b000007
core   0: 0x0000000080005f6c (0x00302273) csrr    tp, fcsr
core   0: 3 0x0000000080005f6c (0x00302273) x4  0x0000000000000000
core   0: 0x0000000080005f70 (0x7df0a827) fsw     ft11, 2000(ra)
core   0: 3 0x0000000080005f70 (0x7df0a827) mem 0x000000008000d8e8 0x8b000007
core   0: 0x0000000080005f74 (0x7c40bc23) sd      tp, 2008(ra)
core   0: 3 0x0000000080005f74 (0x7c40bc23) mem 0x000000008000d8f0 0x0000000000000000
core   0: >>>>  inst_38014
core   0: 0x0000000080005f78 (0x00100113) li      sp, 1
core   0: 3 0x0000000080005f78 (0x00100113) x2  0x0000000000000001
core   0: 0x0000000080005f7c (0x00c11113) slli    sp, sp, 12
core   0: 3 0x0000000080005f7c (0x00c11113) x2  0x0000000000001000
core   0: 0x0000000080005f80 (0x002181b3) add     gp, gp, sp
core   0: 3 0x0000000080005f80 (0x002181b3) x3  0x000000008000b010
core   0: 0x0000000080005f84 (0x1e81af07) flw     ft10, 488(gp)
core   0: 3 0x0000000080005f84 (0x1e81af07) f30 0xffffffff7f3f6e88 mem 0x000000008000b1f8
core   0: 0x0000000080005f88 (0x402181b3) sub     gp, gp, sp
core   0: 3 0x0000000080005f88 (0x402181b3) x3  0x000000008000a010
core   0: 0x0000000080005f8c (0x00100113) li      sp, 1
core   0: 3 0x0000000080005f8c (0x00100113) x2  0x0000000000000001
core   0: 0x0000000080005f90 (0x00c11113) slli    sp, sp, 12
core   0: 3 0x0000000080005f90 (0x00c11113) x2  0x0000000000001000
core   0: 0x0000000080005f94 (0x002181b3) add     gp, gp, sp
core   0: 3 0x0000000080005f94 (0x002181b3) x3  0x000000008000b010
core   0: 0x0000000080005f98 (0x1ec1ae87) flw     ft9, 492(gp)
core   0: 3 0x0000000080005f98 (0x1ec1ae87) f29 0xffffffff80000000 mem 0x000000008000b1fc
core   0: 0x0000000080005f9c (0x402181b3) sub     gp, gp, sp
core   0: 3 0x0000000080005f9c (0x402181b3) x3  0x000000008000a010
core   0: 0x0000000080005fa0 (0x00100113) li      sp, 1
core   0: 3 0x0000000080005fa0 (0x00100113) x2  0x0000000000000001
core   0: 0x0000000080005fa4 (0x00c11113) slli    sp, sp, 12
core   0: 3 0x0000000080005fa4 (0x00c11113) x2  0x0000000000001000
core   0: 0x0000000080005fa8 (0x002181b3) add     gp, gp, sp
core   0: 3 0x0000000080005fa8 (0x002181b3) x3  0x000000008000b010
core   0: 0x0000000080005fac (0x1f01ae07) flw     ft8, 496(gp)
core   0: 3 0x0000000080005fac (0x1f01ae07) f28 0xffffffff8b00000f mem 0x000000008000b200
core   0: 0x0000000080005fb0 (0x402181b3) sub     gp, gp, sp
core   0: 3 0x0000000080005fb0 (0x402181b3) x3  0x000000008000a010
core   0: 0x0000000080005fb4 (0x00000113) li      sp, 0
core   0: 3 0x0000000080005fb4 (0x00000113) x2  0x0000000000000000
core   0: 0x0000000080005fb8 (0x00311073) csrw    fcsr, sp
core   0: 3 0x0000000080005fb8 (0x00311073) c1_fflags 0x0000000000000000 c2_frm 0x0000000000000000
core   0: 0x0000000080005fbc (0xe1df7fc3) fmadd.s ft11, ft10, ft9, ft8
core   0: 3 0x0000000080005fbc (0xe1df7fc3) f31 0xffffffff8b00000f
core   0: 0x0000000080005fc0 (0x00302273) csrr    tp, fcsr
core   0: 3 0x0000000080005fc0 (0x00302273) x4  0x0000000000000000
core   0: 0x0000000080005fc4 (0x7ff0a027) fsw     ft11, 2016(ra)
core   0: 3 0x0000000080005fc4 (0x7ff0a027) mem 0x000000008000d8f8 0x8b00000f
core   0: 0x0000000080005fc8 (0x7e40b423) sd      tp, 2024(ra)
core   0: 3 0x0000000080005fc8 (0x7e40b423) mem 0x000000008000d900 0x0000000000000000
core   0: >>>>  inst_38015
core   0: 0x0000000080005fcc (0x00100113) li      sp, 1
core   0: 3 0x0000000080005fcc (0x00100113) x2  0x0000000000000001
core   0: 0x0000000080005fd0 (0x00c11113) slli    sp, sp, 12
core   0: 3 0x0000000080005fd0 (0x00c11113) x2  0x0000000000001000
core   0: 0x0000000080005fd4 (0x002181b3) add     gp, gp, sp
core   0: 3 0x0000000080005fd4 (0x002181b3) x3  0x000000008000b010
core   0: 0x0000000080005fd8 (0x1f41af07) flw     ft10, 500(gp)
core   0: 3 0x0000000080005fd8 (0x1f41af07) f30 0xffffffff7f3f6e88 mem 0x000000008000b204
core   0: 0x0000000080005fdc (0x402181b3) sub     gp, gp, sp
core   0: 3 0x0000000080005fdc (0x402181b3) x3  0x000000008000a010
core   0: 0x0000000080005fe0 (0x00100113) li      sp, 1
core   0: 3 0x0000000080005fe0 (0x00100113) x2  0x0000000000000001
core   0: 0x0000000080005fe4 (0x00c11113) slli    sp, sp, 12
core   0: 3 0x0000000080005fe4 (0x00c11113) x2  0x0000000000001000
core   0: 0x0000000080005fe8 (0x002181b3) add     gp, gp, sp
core   0: 3 0x0000000080005fe8 (0x002181b3) x3  0x000000008000b010
core   0: 0x0000000080005fec (0x1f81ae87) flw     ft9, 504(gp)
core   0: 3 0x0000000080005fec (0x1f81ae87) f29 0xffffffff80000000 mem 0x000000008000b208
core   0: 0x0000000080005ff0 (0x402181b3) sub     gp, gp, sp
core   0: 3 0x0000000080005ff0 (0x402181b3) x3  0x000000008000a010
core   0: 0x0000000080005ff4 (0x00100113) li      sp, 1
core   0: 3 0x0000000080005ff4 (0x00100113) x2  0x0000000000000001
core   0: 0x0000000080005ff8 (0x00c11113) slli    sp, sp, 12
core   0: 3 0x0000000080005ff8 (0x00c11113) x2  0x0000000000001000
core   0: 0x0000000080005ffc (0x002181b3) add     gp, gp, sp
core   0: 3 0x0000000080005ffc (0x002181b3) x3  0x000000008000b010
core   0: 0x0000000080006000 (0x1fc1ae07) flw     ft8, 508(gp)
core   0: 3 0x0000000080006000 (0x1fc1ae07) f28 0xffffffff8b00001f mem 0x000000008000b20c
core   0: 0x0000000080006004 (0x402181b3) sub     gp, gp, sp
core   0: 3 0x0000000080006004 (0x402181b3) x3  0x000000008000a010
core   0: 0x0000000080006008 (0x00000113) li      sp, 0
core   0: 3 0x0000000080006008 (0x00000113) x2  0x0000000000000000
core   0: 0x000000008000600c (0x00311073) csrw    fcsr, sp
core   0: 3 0x000000008000600c (0x00311073) c1_fflags 0x0000000000000000 c2_frm 0x0000000000000000
core   0: 0x0000000080006010 (0xe1df7fc3) fmadd.s ft11, ft10, ft9, ft8
core   0: 3 0x0000000080006010 (0xe1df7fc3) f31 0xffffffff8b00001f
core   0: 0x0000000080006014 (0x00302273) csrr    tp, fcsr
core   0: 3 0x0000000080006014 (0x00302273) x4  0x0000000000000000
core   0: 0x0000000080006018 (0x7ff0a827) fsw     ft11, 2032(ra)
core   0: 3 0x0000000080006018 (0x7ff0a827) mem 0x000000008000d908 0x8b00001f
core   0: 0x000000008000601c (0x7e40bc23) sd      tp, 2040(ra)
core   0: 3 0x000000008000601c (0x7e40bc23) mem 0x000000008000d910 0x0000000000000000
core   0: 0x0000000080006020 (0x00008097) auipc   ra, 0x8
core   0: 3 0x0000000080006020 (0x00008097) x1  0x000000008000e020
core   0: 0x0000000080006024 (0x8f808093) addi    ra, ra, -1800
core   0: 3 0x0000000080006024 (0x8f808093) x1  0x000000008000d918
core   0: 0x0000000080006028 (0x00000013) nop
core   0: 3 0x0000000080006028 (0x00000013)
core   0: 0x000000008000602c (0x00000013) nop
core   0: 3 0x000000008000602c (0x00000013)
core   0: 0x0000000080006030 (0x00000013) nop
core   0: 3 0x0000000080006030 (0x00000013)
core   0: 0x0000000080006034 (0x00000013) nop
core   0: 3 0x0000000080006034 (0x00000013)
core   0: 0x0000000080006038 (0x00000013) nop
core   0: 3 0x0000000080006038 (0x00000013)
core   0: 0x000000008000603c (0x00000013) nop
core   0: 3 0x000000008000603c (0x00000013)
core   0: >>>>  inst_38016
core   0: 0x0000000080006040 (0x00100113) li      sp, 1
core   0: 3 0x0000000080006040 (0x00100113) x2  0x0000000000000001
core   0: 0x0000000080006044 (0x00c11113) slli    sp, sp, 12
core   0: 3 0x0000000080006044 (0x00c11113) x2  0x0000000000001000
core   0: 0x0000000080006048 (0x002181b3) add     gp, gp, sp
core   0: 3 0x0000000080006048 (0x002181b3) x3  0x000000008000b010
core   0: 0x000000008000604c (0x2001af07) flw     ft10, 512(gp)
core   0: 3 0x000000008000604c (0x2001af07) f30 0xffffffff7f3f6e88 mem 0x000000008000b210
core   0: 0x0000000080006050 (0x402181b3) sub     gp, gp, sp
core   0: 3 0x0000000080006050 (0x402181b3) x3  0x000000008000a010
core   0: 0x0000000080006054 (0x00100113) li      sp, 1
core   0: 3 0x0000000080006054 (0x00100113) x2  0x0000000000000001
core   0: 0x0000000080006058 (0x00c11113) slli    sp, sp, 12
core   0: 3 0x0000000080006058 (0x00c11113) x2  0x0000000000001000
core   0: 0x000000008000605c (0x002181b3) add     gp, gp, sp
core   0: 3 0x000000008000605c (0x002181b3) x3  0x000000008000b010
core   0: 0x0000000080006060 (0x2041ae87) flw     ft9, 516(gp)
core   0: 3 0x0000000080006060 (0x2041ae87) f29 0xffffffff80000000 mem 0x000000008000b214
core   0: 0x0000000080006064 (0x402181b3) sub     gp, gp, sp
core   0: 3 0x0000000080006064 (0x402181b3) x3  0x000000008000a010
core   0: 0x0000000080006068 (0x00100113) li      sp, 1
core   0: 3 0x0000000080006068 (0x00100113) x2  0x0000000000000001
core   0: 0x000000008000606c (0x00c11113) slli    sp, sp, 12
core   0: 3 0x000000008000606c (0x00c11113) x2  0x0000000000001000
core   0: 0x0000000080006070 (0x002181b3) add     gp, gp, sp
core   0: 3 0x0000000080006070 (0x002181b3) x3  0x000000008000b010
core   0: 0x0000000080006074 (0x2081ae07) flw     ft8, 520(gp)
core   0: 3 0x0000000080006074 (0x2081ae07) f28 0xffffffff8b00003f mem 0x000000008000b218
core   0: 0x0000000080006078 (0x402181b3) sub     gp, gp, sp
core   0: 3 0x0000000080006078 (0x402181b3) x3  0x000000008000a010
core   0: 0x000000008000607c (0x00000113) li      sp, 0
core   0: 3 0x000000008000607c (0x00000113) x2  0x0000000000000000
core   0: 0x0000000080006080 (0x00311073) csrw    fcsr, sp
core   0: 3 0x0000000080006080 (0x00311073) c1_fflags 0x0000000000000000 c2_frm 0x0000000000000000
core   0: 0x0000000080006084 (0xe1df7fc3) fmadd.s ft11, ft10, ft9, ft8
core   0: 3 0x0000000080006084 (0xe1df7fc3) f31 0xffffffff8b00003f
core   0: 0x0000000080006088 (0x00302273) csrr    tp, fcsr
core   0: 3 0x0000000080006088 (0x00302273) x4  0x0000000000000000
core   0: 0x000000008000608c (0x01f0a027) fsw     ft11, 0(ra)
core   0: 3 0x000000008000608c (0x01f0a027) mem 0x000000008000d918 0x8b00003f
core   0: 0x0000000080006090 (0x0040b423) sd      tp, 8(ra)
core   0: 3 0x0000000080006090 (0x0040b423) mem 0x000000008000d920 0x0000000000000000
core   0: >>>>  inst_38017
core   0: 0x0000000080006094 (0x00100113) li      sp, 1
core   0: 3 0x0000000080006094 (0x00100113) x2  0x0000000000000001
core   0: 0x0000000080006098 (0x00c11113) slli    sp, sp, 12
core   0: 3 0x0000000080006098 (0x00c11113) x2  0x0000000000001000
core   0: 0x000000008000609c (0x002181b3) add     gp, gp, sp
core   0: 3 0x000000008000609c (0x002181b3) x3  0x000000008000b010
core   0: 0x00000000800060a0 (0x20c1af07) flw     ft10, 524(gp)
core   0: 3 0x00000000800060a0 (0x20c1af07) f30 0xffffffff7f3f6e88 mem 0x000000008000b21c
core   0: 0x00000000800060a4 (0x402181b3) sub     gp, gp, sp
core   0: 3 0x00000000800060a4 (0x402181b3) x3  0x000000008000a010
core   0: 0x00000000800060a8 (0x00100113) li      sp, 1
core   0: 3 0x00000000800060a8 (0x00100113) x2  0x0000000000000001
core   0: 0x00000000800060ac (0x00c11113) slli    sp, sp, 12
core   0: 3 0x00000000800060ac (0x00c11113) x2  0x0000000000001000
core   0: 0x00000000800060b0 (0x002181b3) add     gp, gp, sp
core   0: 3 0x00000000800060b0 (0x002181b3) x3  0x000000008000b010
core   0: 0x00000000800060b4 (0x2101ae87) flw     ft9, 528(gp)
core   0: 3 0x00000000800060b4 (0x2101ae87) f29 0xffffffff80000000 mem 0x000000008000b220
core   0: 0x00000000800060b8 (0x402181b3) sub     gp, gp, sp
core   0: 3 0x00000000800060b8 (0x402181b3) x3  0x000000008000a010
core   0: 0x00000000800060bc (0x00100113) li      sp, 1
core   0: 3 0x00000000800060bc (0x00100113) x2  0x0000000000000001
core   0: 0x00000000800060c0 (0x00c11113) slli    sp, sp, 12
core   0: 3 0x00000000800060c0 (0x00c11113) x2  0x0000000000001000
core   0: 0x00000000800060c4 (0x002181b3) add     gp, gp, sp
core   0: 3 0x00000000800060c4 (0x002181b3) x3  0x000000008000b010
core   0: 0x00000000800060c8 (0x2141ae07) flw     ft8, 532(gp)
core   0: 3 0x00000000800060c8 (0x2141ae07) f28 0xffffffff8b00007f mem 0x000000008000b224
core   0: 0x00000000800060cc (0x402181b3) sub     gp, gp, sp
core   0: 3 0x00000000800060cc (0x402181b3) x3  0x000000008000a010
core   0: 0x00000000800060d0 (0x00000113) li      sp, 0
core   0: 3 0x00000000800060d0 (0x00000113) x2  0x0000000000000000
core   0: 0x00000000800060d4 (0x00311073) csrw    fcsr, sp
core   0: 3 0x00000000800060d4 (0x00311073) c1_fflags 0x0000000000000000 c2_frm 0x0000000000000000
core   0: 0x00000000800060d8 (0xe1df7fc3) fmadd.s ft11, ft10, ft9, ft8
core   0: 3 0x00000000800060d8 (0xe1df7fc3) f31 0xffffffff8b00007f
core   0: 0x00000000800060dc (0x00302273) csrr    tp, fcsr
core   0: 3 0x00000000800060dc (0x00302273) x4  0x0000000000000000
core   0: 0x00000000800060e0 (0x01f0a827) fsw     ft11, 16(ra)
core   0: 3 0x00000000800060e0 (0x01f0a827) mem 0x000000008000d928 0x8b00007f
core   0: 0x00000000800060e4 (0x0040bc23) sd      tp, 24(ra)
core   0: 3 0x00000000800060e4 (0x0040bc23) mem 0x000000008000d930 0x0000000000000000
core   0: >>>>  inst_38018
core   0: 0x00000000800060e8 (0x00100113) li      sp, 1
core   0: 3 0x00000000800060e8 (0x00100113) x2  0x0000000000000001
core   0: 0x00000000800060ec (0x00c11113) slli    sp, sp, 12
core   0: 3 0x00000000800060ec (0x00c11113) x2  0x0000000000001000
core   0: 0x00000000800060f0 (0x002181b3) add     gp, gp, sp
core   0: 3 0x00000000800060f0 (0x002181b3) x3  0x000000008000b010
core   0: 0x00000000800060f4 (0x2181af07) flw     ft10, 536(gp)
core   0: 3 0x00000000800060f4 (0x2181af07) f30 0xffffffff7f3f6e88 mem 0x000000008000b228
core   0: 0x00000000800060f8 (0x402181b3) sub     gp, gp, sp
core   0: 3 0x00000000800060f8 (0x402181b3) x3  0x000000008000a010
core   0: 0x00000000800060fc (0x00100113) li      sp, 1
core   0: 3 0x00000000800060fc (0x00100113) x2  0x0000000000000001
core   0: 0x0000000080006100 (0x00c11113) slli    sp, sp, 12
core   0: 3 0x0000000080006100 (0x00c11113) x2  0x0000000000001000
core   0: 0x0000000080006104 (0x002181b3) add     gp, gp, sp
core   0: 3 0x0000000080006104 (0x002181b3) x3  0x000000008000b010
core   0: 0x0000000080006108 (0x21c1ae87) flw     ft9, 540(gp)
core   0: 3 0x0000000080006108 (0x21c1ae87) f29 0xffffffff80000000 mem 0x000000008000b22c
core   0: 0x000000008000610c (0x402181b3) sub     gp, gp, sp
core   0: 3 0x000000008000610c (0x402181b3) x3  0x000000008000a010
core   0: 0x0000000080006110 (0x00100113) li      sp, 1
core   0: 3 0x0000000080006110 (0x00100113) x2  0x0000000000000001
core   0: 0x0000000080006114 (0x00c11113) slli    sp, sp, 12
core   0: 3 0x0000000080006114 (0x00c11113) x2  0x0000000000001000
core   0: 0x0000000080006118 (0x002181b3) add     gp, gp, sp
core   0: 3 0x0000000080006118 (0x002181b3) x3  0x000000008000b010
core   0: 0x000000008000611c (0x2201ae07) flw     ft8, 544(gp)
core   0: 3 0x000000008000611c (0x2201ae07) f28 0xffffffff8b0000ff mem 0x000000008000b230
core   0: 0x0000000080006120 (0x402181b3) sub     gp, gp, sp
core   0: 3 0x0000000080006120 (0x402181b3) x3  0x000000008000a010
core   0: 0x0000000080006124 (0x00000113) li      sp, 0
core   0: 3 0x0000000080006124 (0x00000113) x2  0x0000000000000000
core   0: 0x0000000080006128 (0x00311073) csrw    fcsr, sp
core   0: 3 0x0000000080006128 (0x00311073) c1_fflags 0x0000000000000000 c2_frm 0x0000000000000000
core   0: 0x000000008000612c (0xe1df7fc3) fmadd.s ft11, ft10, ft9, ft8
core   0: 3 0x000000008000612c (0xe1df7fc3) f31 0xffffffff8b0000ff
core   0: 0x0000000080006130 (0x00302273) csrr    tp, fcsr
core   0: 3 0x0000000080006130 (0x00302273) x4  0x0000000000000000
core   0: 0x0000000080006134 (0x03f0a027) fsw     ft11, 32(ra)
core   0: 3 0x0000000080006134 (0x03f0a027) mem 0x000000008000d938 0x8b0000ff
core   0: 0x0000000080006138 (0x0240b423) sd      tp, 40(ra)
core   0: 3 0x0000000080006138 (0x0240b423) mem 0x000000008000d940 0x0000000000000000
core   0: >>>>  inst_38019
core   0: 0x000000008000613c (0x00100113) li      sp, 1
core   0: 3 0x000000008000613c (0x00100113) x2  0x0000000000000001
core   0: 0x0000000080006140 (0x00c11113) slli    sp, sp, 12
core   0: 3 0x0000000080006140 (0x00c11113) x2  0x0000000000001000
core   0: 0x0000000080006144 (0x002181b3) add     gp, gp, sp
core   0: 3 0x0000000080006144 (0x002181b3) x3  0x000000008000b010
core   0: 0x0000000080006148 (0x2241af07) flw     ft10, 548(gp)
core   0: 3 0x0000000080006148 (0x2241af07) f30 0xffffffff7f3f6e88 mem 0x000000008000b234
core   0: 0x000000008000614c (0x402181b3) sub     gp, gp, sp
core   0: 3 0x000000008000614c (0x402181b3) x3  0x000000008000a010
core   0: 0x0000000080006150 (0x00100113) li      sp, 1
core   0: 3 0x0000000080006150 (0x00100113) x2  0x0000000000000001
core   0: 0x0000000080006154 (0x00c11113) slli    sp, sp, 12
core   0: 3 0x0000000080006154 (0x00c11113) x2  0x0000000000001000
core   0: 0x0000000080006158 (0x002181b3) add     gp, gp, sp
core   0: 3 0x0000000080006158 (0x002181b3) x3  0x000000008000b010
core   0: 0x000000008000615c (0x2281ae87) flw     ft9, 552(gp)
core   0: 3 0x000000008000615c (0x2281ae87) f29 0xffffffff80000000 mem 0x000000008000b238
core   0: 0x0000000080006160 (0x402181b3) sub     gp, gp, sp
core   0: 3 0x0000000080006160 (0x402181b3) x3  0x000000008000a010
core   0: 0x0000000080006164 (0x00100113) li      sp, 1
core   0: 3 0x0000000080006164 (0x00100113) x2  0x0000000000000001
core   0: 0x0000000080006168 (0x00c11113) slli    sp, sp, 12
core   0: 3 0x0000000080006168 (0x00c11113) x2  0x0000000000001000
core   0: 0x000000008000616c (0x002181b3) add     gp, gp, sp
core   0: 3 0x000000008000616c (0x002181b3) x3  0x000000008000b010
core   0: 0x0000000080006170 (0x22c1ae07) flw     ft8, 556(gp)
core   0: 3 0x0000000080006170 (0x22c1ae07) f28 0xffffffff8b0001ff mem 0x000000008000b23c
core   0: 0x0000000080006174 (0x402181b3) sub     gp, gp, sp
core   0: 3 0x0000000080006174 (0x402181b3) x3  0x000000008000a010
core   0: 0x0000000080006178 (0x00000113) li      sp, 0
core   0: 3 0x0000000080006178 (0x00000113) x2  0x0000000000000000
core   0: 0x000000008000617c (0x00311073) csrw    fcsr, sp
core   0: 3 0x000000008000617c (0x00311073) c1_fflags 0x0000000000000000 c2_frm 0x0000000000000000
core   0: 0x0000000080006180 (0xe1df7fc3) fmadd.s ft11, ft10, ft9, ft8
core   0: 3 0x0000000080006180 (0xe1df7fc3) f31 0xffffffff8b0001ff
core   0: 0x0000000080006184 (0x00302273) csrr    tp, fcsr
core   0: 3 0x0000000080006184 (0x00302273) x4  0x0000000000000000
core   0: 0x0000000080006188 (0x03f0a827) fsw     ft11, 48(ra)
core   0: 3 0x0000000080006188 (0x03f0a827) mem 0x000000008000d948 0x8b0001ff
core   0: 0x000000008000618c (0x0240bc23) sd      tp, 56(ra)
core   0: 3 0x000000008000618c (0x0240bc23) mem 0x000000008000d950 0x0000000000000000
core   0: >>>>  inst_38020
core   0: 0x0000000080006190 (0x00100113) li      sp, 1
core   0: 3 0x0000000080006190 (0x00100113) x2  0x0000000000000001
core   0: 0x0000000080006194 (0x00c11113) slli    sp, sp, 12
core   0: 3 0x0000000080006194 (0x00c11113) x2  0x0000000000001000
core   0: 0x0000000080006198 (0x002181b3) add     gp, gp, sp
core   0: 3 0x0000000080006198 (0x002181b3) x3  0x000000008000b010
core   0: 0x000000008000619c (0x2301af07) flw     ft10, 560(gp)
core   0: 3 0x000000008000619c (0x2301af07) f30 0xffffffff7f3f6e88 mem 0x000000008000b240
core   0: 0x00000000800061a0 (0x402181b3) sub     gp, gp, sp
core   0: 3 0x00000000800061a0 (0x402181b3) x3  0x000000008000a010
core   0: 0x00000000800061a4 (0x00100113) li      sp, 1
core   0: 3 0x00000000800061a4 (0x00100113) x2  0x0000000000000001
core   0: 0x00000000800061a8 (0x00c11113) slli    sp, sp, 12
core   0: 3 0x00000000800061a8 (0x00c11113) x2  0x0000000000001000
core   0: 0x00000000800061ac (0x002181b3) add     gp, gp, sp
core   0: 3 0x00000000800061ac (0x002181b3) x3  0x000000008000b010
core   0: 0x00000000800061b0 (0x2341ae87) flw     ft9, 564(gp)
core   0: 3 0x00000000800061b0 (0x2341ae87) f29 0xffffffff80000000 mem 0x000000008000b244
core   0: 0x00000000800061b4 (0x402181b3) sub     gp, gp, sp
core   0: 3 0x00000000800061b4 (0x402181b3) x3  0x000000008000a010
core   0: 0x00000000800061b8 (0x00100113) li      sp, 1
core   0: 3 0x00000000800061b8 (0x00100113) x2  0x0000000000000001
core   0: 0x00000000800061bc (0x00c11113) slli    sp, sp, 12
core   0: 3 0x00000000800061bc (0x00c11113) x2  0x0000000000001000
core   0: 0x00000000800061c0 (0x002181b3) add     gp, gp, sp
core   0: 3 0x00000000800061c0 (0x002181b3) x3  0x000000008000b010
core   0: 0x00000000800061c4 (0x2381ae07) flw     ft8, 568(gp)
core   0: 3 0x00000000800061c4 (0x2381ae07) f28 0xffffffff8b0003ff mem 0x000000008000b248
core   0: 0x00000000800061c8 (0x402181b3) sub     gp, gp, sp
core   0: 3 0x00000000800061c8 (0x402181b3) x3  0x000000008000a010
core   0: 0x00000000800061cc (0x00000113) li      sp, 0
core   0: 3 0x00000000800061cc (0x00000113) x2  0x0000000000000000
core   0: 0x00000000800061d0 (0x00311073) csrw    fcsr, sp
core   0: 3 0x00000000800061d0 (0x00311073) c1_fflags 0x0000000000000000 c2_frm 0x0000000000000000
core   0: 0x00000000800061d4 (0xe1df7fc3) fmadd.s ft11, ft10, ft9, ft8
core   0: 3 0x00000000800061d4 (0xe1df7fc3) f31 0xffffffff8b0003ff
core   0: 0x00000000800061d8 (0x00302273) csrr    tp, fcsr
core   0: 3 0x00000000800061d8 (0x00302273) x4  0x0000000000000000
core   0: 0x00000000800061dc (0x05f0a027) fsw     ft11, 64(ra)
core   0: 3 0x00000000800061dc (0x05f0a027) mem 0x000000008000d958 0x8b0003ff
core   0: 0x00000000800061e0 (0x0440b423) sd      tp, 72(ra)
core   0: 3 0x00000000800061e0 (0x0440b423) mem 0x000000008000d960 0x0000000000000000
core   0: >>>>  inst_38021
core   0: 0x00000000800061e4 (0x00100113) li      sp, 1
core   0: 3 0x00000000800061e4 (0x00100113) x2  0x0000000000000001
core   0: 0x00000000800061e8 (0x00c11113) slli    sp, sp, 12
core   0: 3 0x00000000800061e8 (0x00c11113) x2  0x0000000000001000
core   0: 0x00000000800061ec (0x002181b3) add     gp, gp, sp
core   0: 3 0x00000000800061ec (0x002181b3) x3  0x000000008000b010
core   0: 0x00000000800061f0 (0x23c1af07) flw     ft10, 572(gp)
core   0: 3 0x00000000800061f0 (0x23c1af07) f30 0xffffffff7f3f6e88 mem 0x000000008000b24c
core   0: 0x00000000800061f4 (0x402181b3) sub     gp, gp, sp
core   0: 3 0x00000000800061f4 (0x402181b3) x3  0x000000008000a010
core   0: 0x00000000800061f8 (0x00100113) li      sp, 1
core   0: 3 0x00000000800061f8 (0x00100113) x2  0x0000000000000001
core   0: 0x00000000800061fc (0x00c11113) slli    sp, sp, 12
core   0: 3 0x00000000800061fc (0x00c11113) x2  0x0000000000001000
core   0: 0x0000000080006200 (0x002181b3) add     gp, gp, sp
core   0: 3 0x0000000080006200 (0x002181b3) x3  0x000000008000b010
core   0: 0x0000000080006204 (0x2401ae87) flw     ft9, 576(gp)
core   0: 3 0x0000000080006204 (0x2401ae87) f29 0xffffffff80000000 mem 0x000000008000b250
core   0: 0x0000000080006208 (0x402181b3) sub     gp, gp, sp
core   0: 3 0x0000000080006208 (0x402181b3) x3  0x000000008000a010
core   0: 0x000000008000620c (0x00100113) li      sp, 1
core   0: 3 0x000000008000620c (0x00100113) x2  0x0000000000000001
core   0: 0x0000000080006210 (0x00c11113) slli    sp, sp, 12
core   0: 3 0x0000000080006210 (0x00c11113) x2  0x0000000000001000
core   0: 0x0000000080006214 (0x002181b3) add     gp, gp, sp
core   0: 3 0x0000000080006214 (0x002181b3) x3  0x000000008000b010
core   0: 0x0000000080006218 (0x2441ae07) flw     ft8, 580(gp)
core   0: 3 0x0000000080006218 (0x2441ae07) f28 0xffffffff8b0007ff mem 0x000000008000b254
core   0: 0x000000008000621c (0x402181b3) sub     gp, gp, sp
core   0: 3 0x000000008000621c (0x402181b3) x3  0x000000008000a010
core   0: 0x0000000080006220 (0x00000113) li      sp, 0
core   0: 3 0x0000000080006220 (0x00000113) x2  0x0000000000000000
core   0: 0x0000000080006224 (0x00311073) csrw    fcsr, sp
core   0: 3 0x0000000080006224 (0x00311073) c1_fflags 0x0000000000000000 c2_frm 0x0000000000000000
core   0: 0x0000000080006228 (0xe1df7fc3) fmadd.s ft11, ft10, ft9, ft8
core   0: 3 0x0000000080006228 (0xe1df7fc3) f31 0xffffffff8b0007ff
core   0: 0x000000008000622c (0x00302273) csrr    tp, fcsr
core   0: 3 0x000000008000622c (0x00302273) x4  0x0000000000000000
core   0: 0x0000000080006230 (0x05f0a827) fsw     ft11, 80(ra)
core   0: 3 0x0000000080006230 (0x05f0a827) mem 0x000000008000d968 0x8b0007ff
core   0: 0x0000000080006234 (0x0440bc23) sd      tp, 88(ra)
core   0: 3 0x0000000080006234 (0x0440bc23) mem 0x000000008000d970 0x0000000000000000
core   0: >>>>  inst_38022
core   0: 0x0000000080006238 (0x00100113) li      sp, 1
core   0: 3 0x0000000080006238 (0x00100113) x2  0x0000000000000001
core   0: 0x000000008000623c (0x00c11113) slli    sp, sp, 12
core   0: 3 0x000000008000623c (0x00c11113) x2  0x0000000000001000
core   0: 0x0000000080006240 (0x002181b3) add     gp, gp, sp
core   0: 3 0x0000000080006240 (0x002181b3) x3  0x000000008000b010
core   0: 0x0000000080006244 (0x2481af07) flw     ft10, 584(gp)
core   0: 3 0x0000000080006244 (0x2481af07) f30 0xffffffff7f3f6e88 mem 0x000000008000b258
core   0: 0x0000000080006248 (0x402181b3) sub     gp, gp, sp
core   0: 3 0x0000000080006248 (0x402181b3) x3  0x000000008000a010
core   0: 0x000000008000624c (0x00100113) li      sp, 1
core   0: 3 0x000000008000624c (0x00100113) x2  0x0000000000000001
core   0: 0x0000000080006250 (0x00c11113) slli    sp, sp, 12
core   0: 3 0x0000000080006250 (0x00c11113) x2  0x0000000000001000
core   0: 0x0000000080006254 (0x002181b3) add     gp, gp, sp
core   0: 3 0x0000000080006254 (0x002181b3) x3  0x000000008000b010
core   0: 0x0000000080006258 (0x24c1ae87) flw     ft9, 588(gp)
core   0: 3 0x0000000080006258 (0x24c1ae87) f29 0xffffffff80000000 mem 0x000000008000b25c
core   0: 0x000000008000625c (0x402181b3) sub     gp, gp, sp
core   0: 3 0x000000008000625c (0x402181b3) x3  0x000000008000a010
core   0: 0x0000000080006260 (0x00100113) li      sp, 1
core   0: 3 0x0000000080006260 (0x00100113) x2  0x0000000000000001
core   0: 0x0000000080006264 (0x00c11113) slli    sp, sp, 12
core   0: 3 0x0000000080006264 (0x00c11113) x2  0x0000000000001000
core   0: 0x0000000080006268 (0x002181b3) add     gp, gp, sp
core   0: 3 0x0000000080006268 (0x002181b3) x3  0x000000008000b010
core   0: 0x000000008000626c (0x2501ae07) flw     ft8, 592(gp)
core   0: 3 0x000000008000626c (0x2501ae07) f28 0xffffffff8b000fff mem 0x000000008000b260
core   0: 0x0000000080006270 (0x402181b3) sub     gp, gp, sp
core   0: 3 0x0000000080006270 (0x402181b3) x3  0x000000008000a010
core   0: 0x0000000080006274 (0x00000113) li      sp, 0
core   0: 3 0x0000000080006274 (0x00000113) x2  0x0000000000000000
core   0: 0x0000000080006278 (0x00311073) csrw    fcsr, sp
core   0: 3 0x0000000080006278 (0x00311073) c1_fflags 0x0000000000000000 c2_frm 0x0000000000000000
core   0: 0x000000008000627c (0xe1df7fc3) fmadd.s ft11, ft10, ft9, ft8
core   0: 3 0x000000008000627c (0xe1df7fc3) f31 0xffffffff8b000fff
core   0: 0x0000000080006280 (0x00302273) csrr    tp, fcsr
core   0: 3 0x0000000080006280 (0x00302273) x4  0x0000000000000000
core   0: 0x0000000080006284 (0x07f0a027) fsw     ft11, 96(ra)
core   0: 3 0x0000000080006284 (0x07f0a027) mem 0x000000008000d978 0x8b000fff
core   0: 0x0000000080006288 (0x0640b423) sd      tp, 104(ra)
core   0: 3 0x0000000080006288 (0x0640b423) mem 0x000000008000d980 0x0000000000000000
core   0: >>>>  inst_38023
core   0: 0x000000008000628c (0x00100113) li      sp, 1
core   0: 3 0x000000008000628c (0x00100113) x2  0x0000000000000001
core   0: 0x0000000080006290 (0x00c11113) slli    sp, sp, 12
core   0: 3 0x0000000080006290 (0x00c11113) x2  0x0000000000001000
core   0: 0x0000000080006294 (0x002181b3) add     gp, gp, sp
core   0: 3 0x0000000080006294 (0x002181b3) x3  0x000000008000b010
core   0: 0x0000000080006298 (0x2541af07) flw     ft10, 596(gp)
core   0: 3 0x0000000080006298 (0x2541af07) f30 0xffffffff7f3f6e88 mem 0x000000008000b264
core   0: 0x000000008000629c (0x402181b3) sub     gp, gp, sp
core   0: 3 0x000000008000629c (0x402181b3) x3  0x000000008000a010
core   0: 0x00000000800062a0 (0x00100113) li      sp, 1
core   0: 3 0x00000000800062a0 (0x00100113) x2  0x0000000000000001
core   0: 0x00000000800062a4 (0x00c11113) slli    sp, sp, 12
core   0: 3 0x00000000800062a4 (0x00c11113) x2  0x0000000000001000
core   0: 0x00000000800062a8 (0x002181b3) add     gp, gp, sp
core   0: 3 0x00000000800062a8 (0x002181b3) x3  0x000000008000b010
core   0: 0x00000000800062ac (0x2581ae87) flw     ft9, 600(gp)
core   0: 3 0x00000000800062ac (0x2581ae87) f29 0xffffffff80000000 mem 0x000000008000b268
core   0: 0x00000000800062b0 (0x402181b3) sub     gp, gp, sp
core   0: 3 0x00000000800062b0 (0x402181b3) x3  0x000000008000a010
core   0: 0x00000000800062b4 (0x00100113) li      sp, 1
core   0: 3 0x00000000800062b4 (0x00100113) x2  0x0000000000000001
core   0: 0x00000000800062b8 (0x00c11113) slli    sp, sp, 12
core   0: 3 0x00000000800062b8 (0x00c11113) x2  0x0000000000001000
core   0: 0x00000000800062bc (0x002181b3) add     gp, gp, sp
core   0: 3 0x00000000800062bc (0x002181b3) x3  0x000000008000b010
core   0: 0x00000000800062c0 (0x25c1ae07) flw     ft8, 604(gp)
core   0: 3 0x00000000800062c0 (0x25c1ae07) f28 0xffffffff8b001fff mem 0x000000008000b26c
core   0: 0x00000000800062c4 (0x402181b3) sub     gp, gp, sp
core   0: 3 0x00000000800062c4 (0x402181b3) x3  0x000000008000a010
core   0: 0x00000000800062c8 (0x00000113) li      sp, 0
core   0: 3 0x00000000800062c8 (0x00000113) x2  0x0000000000000000
core   0: 0x00000000800062cc (0x00311073) csrw    fcsr, sp
core   0: 3 0x00000000800062cc (0x00311073) c1_fflags 0x0000000000000000 c2_frm 0x0000000000000000
core   0: 0x00000000800062d0 (0xe1df7fc3) fmadd.s ft11, ft10, ft9, ft8
core   0: 3 0x00000000800062d0 (0xe1df7fc3) f31 0xffffffff8b001fff
core   0: 0x00000000800062d4 (0x00302273) csrr    tp, fcsr
core   0: 3 0x00000000800062d4 (0x00302273) x4  0x0000000000000000
core   0: 0x00000000800062d8 (0x07f0a827) fsw     ft11, 112(ra)
core   0: 3 0x00000000800062d8 (0x07f0a827) mem 0x000000008000d988 0x8b001fff
core   0: 0x00000000800062dc (0x0640bc23) sd      tp, 120(ra)
core   0: 3 0x00000000800062dc (0x0640bc23) mem 0x000000008000d990 0x0000000000000000
core   0: >>>>  inst_38024
core   0: 0x00000000800062e0 (0x00100113) li      sp, 1
core   0: 3 0x00000000800062e0 (0x00100113) x2  0x0000000000000001
core   0: 0x00000000800062e4 (0x00c11113) slli    sp, sp, 12
core   0: 3 0x00000000800062e4 (0x00c11113) x2  0x0000000000001000
core   0: 0x00000000800062e8 (0x002181b3) add     gp, gp, sp
core   0: 3 0x00000000800062e8 (0x002181b3) x3  0x000000008000b010
core   0: 0x00000000800062ec (0x2601af07) flw     ft10, 608(gp)
core   0: 3 0x00000000800062ec (0x2601af07) f30 0xffffffff7f3f6e88 mem 0x000000008000b270
core   0: 0x00000000800062f0 (0x402181b3) sub     gp, gp, sp
core   0: 3 0x00000000800062f0 (0x402181b3) x3  0x000000008000a010
core   0: 0x00000000800062f4 (0x00100113) li      sp, 1
core   0: 3 0x00000000800062f4 (0x00100113) x2  0x0000000000000001
core   0: 0x00000000800062f8 (0x00c11113) slli    sp, sp, 12
core   0: 3 0x00000000800062f8 (0x00c11113) x2  0x0000000000001000
core   0: 0x00000000800062fc (0x002181b3) add     gp, gp, sp
core   0: 3 0x00000000800062fc (0x002181b3) x3  0x000000008000b010
core   0: 0x0000000080006300 (0x2641ae87) flw     ft9, 612(gp)
core   0: 3 0x0000000080006300 (0x2641ae87) f29 0xffffffff80000000 mem 0x000000008000b274
core   0: 0x0000000080006304 (0x402181b3) sub     gp, gp, sp
core   0: 3 0x0000000080006304 (0x402181b3) x3  0x000000008000a010
core   0: 0x0000000080006308 (0x00100113) li      sp, 1
core   0: 3 0x0000000080006308 (0x00100113) x2  0x0000000000000001
core   0: 0x000000008000630c (0x00c11113) slli    sp, sp, 12
core   0: 3 0x000000008000630c (0x00c11113) x2  0x0000000000001000
core   0: 0x0000000080006310 (0x002181b3) add     gp, gp, sp
core   0: 3 0x0000000080006310 (0x002181b3) x3  0x000000008000b010
core   0: 0x0000000080006314 (0x2681ae07) flw     ft8, 616(gp)
core   0: 3 0x0000000080006314 (0x2681ae07) f28 0xffffffff8b003fff mem 0x000000008000b278
core   0: 0x0000000080006318 (0x402181b3) sub     gp, gp, sp
core   0: 3 0x0000000080006318 (0x402181b3) x3  0x000000008000a010
core   0: 0x000000008000631c (0x00000113) li      sp, 0
core   0: 3 0x000000008000631c (0x00000113) x2  0x0000000000000000
core   0: 0x0000000080006320 (0x00311073) csrw    fcsr, sp
core   0: 3 0x0000000080006320 (0x00311073) c1_fflags 0x0000000000000000 c2_frm 0x0000000000000000
core   0: 0x0000000080006324 (0xe1df7fc3) fmadd.s ft11, ft10, ft9, ft8
core   0: 3 0x0000000080006324 (0xe1df7fc3) f31 0xffffffff8b003fff
core   0: 0x0000000080006328 (0x00302273) csrr    tp, fcsr
core   0: 3 0x0000000080006328 (0x00302273) x4  0x0000000000000000
core   0: 0x000000008000632c (0x09f0a027) fsw     ft11, 128(ra)
core   0: 3 0x000000008000632c (0x09f0a027) mem 0x000000008000d998 0x8b003fff
core   0: 0x0000000080006330 (0x0840b423) sd      tp, 136(ra)
core   0: 3 0x0000000080006330 (0x0840b423) mem 0x000000008000d9a0 0x0000000000000000
core   0: >>>>  inst_38025
core   0: 0x0000000080006334 (0x00100113) li      sp, 1
core   0: 3 0x0000000080006334 (0x00100113) x2  0x0000000000000001
core   0: 0x0000000080006338 (0x00c11113) slli    sp, sp, 12
core   0: 3 0x0000000080006338 (0x00c11113) x2  0x0000000000001000
core   0: 0x000000008000633c (0x002181b3) add     gp, gp, sp
core   0: 3 0x000000008000633c (0x002181b3) x3  0x000000008000b010
core   0: 0x0000000080006340 (0x26c1af07) flw     ft10, 620(gp)
core   0: 3 0x0000000080006340 (0x26c1af07) f30 0xffffffff7f3f6e88 mem 0x000000008000b27c
core   0: 0x0000000080006344 (0x402181b3) sub     gp, gp, sp
core   0: 3 0x0000000080006344 (0x402181b3) x3  0x000000008000a010
core   0: 0x0000000080006348 (0x00100113) li      sp, 1
core   0: 3 0x0000000080006348 (0x00100113) x2  0x0000000000000001
core   0: 0x000000008000634c (0x00c11113) slli    sp, sp, 12
core   0: 3 0x000000008000634c (0x00c11113) x2  0x0000000000001000
core   0: 0x0000000080006350 (0x002181b3) add     gp, gp, sp
core   0: 3 0x0000000080006350 (0x002181b3) x3  0x000000008000b010
core   0: 0x0000000080006354 (0x2701ae87) flw     ft9, 624(gp)
core   0: 3 0x0000000080006354 (0x2701ae87) f29 0xffffffff80000000 mem 0x000000008000b280
core   0: 0x0000000080006358 (0x402181b3) sub     gp, gp, sp
core   0: 3 0x0000000080006358 (0x402181b3) x3  0x000000008000a010
core   0: 0x000000008000635c (0x00100113) li      sp, 1
core   0: 3 0x000000008000635c (0x00100113) x2  0x0000000000000001
core   0: 0x0000000080006360 (0x00c11113) slli    sp, sp, 12
core   0: 3 0x0000000080006360 (0x00c11113) x2  0x0000000000001000
core   0: 0x0000000080006364 (0x002181b3) add     gp, gp, sp
core   0: 3 0x0000000080006364 (0x002181b3) x3  0x000000008000b010
core   0: 0x0000000080006368 (0x2741ae07) flw     ft8, 628(gp)
core   0: 3 0x0000000080006368 (0x2741ae07) f28 0xffffffff8b007fff mem 0x000000008000b284
core   0: 0x000000008000636c (0x402181b3) sub     gp, gp, sp
core   0: 3 0x000000008000636c (0x402181b3) x3  0x000000008000a010
core   0: 0x0000000080006370 (0x00000113) li      sp, 0
core   0: 3 0x0000000080006370 (0x00000113) x2  0x0000000000000000
core   0: 0x0000000080006374 (0x00311073) csrw    fcsr, sp
core   0: 3 0x0000000080006374 (0x00311073) c1_fflags 0x0000000000000000 c2_frm 0x0000000000000000
core   0: 0x0000000080006378 (0xe1df7fc3) fmadd.s ft11, ft10, ft9, ft8
core   0: 3 0x0000000080006378 (0xe1df7fc3) f31 0xffffffff8b007fff
core   0: 0x000000008000637c (0x00302273) csrr    tp, fcsr
core   0: 3 0x000000008000637c (0x00302273) x4  0x0000000000000000
core   0: 0x0000000080006380 (0x09f0a827) fsw     ft11, 144(ra)
core   0: 3 0x0000000080006380 (0x09f0a827) mem 0x000000008000d9a8 0x8b007fff
core   0: 0x0000000080006384 (0x0840bc23) sd      tp, 152(ra)
core   0: 3 0x0000000080006384 (0x0840bc23) mem 0x000000008000d9b0 0x0000000000000000
core   0: >>>>  inst_38026
core   0: 0x0000000080006388 (0x00100113) li      sp, 1
core   0: 3 0x0000000080006388 (0x00100113) x2  0x0000000000000001
core   0: 0x000000008000638c (0x00c11113) slli    sp, sp, 12
core   0: 3 0x000000008000638c (0x00c11113) x2  0x0000000000001000
core   0: 0x0000000080006390 (0x002181b3) add     gp, gp, sp
core   0: 3 0x0000000080006390 (0x002181b3) x3  0x000000008000b010
core   0: 0x0000000080006394 (0x2781af07) flw     ft10, 632(gp)
core   0: 3 0x0000000080006394 (0x2781af07) f30 0xffffffff7f3f6e88 mem 0x000000008000b288
core   0: 0x0000000080006398 (0x402181b3) sub     gp, gp, sp
core   0: 3 0x0000000080006398 (0x402181b3) x3  0x000000008000a010
core   0: 0x000000008000639c (0x00100113) li      sp, 1
core   0: 3 0x000000008000639c (0x00100113) x2  0x0000000000000001
core   0: 0x00000000800063a0 (0x00c11113) slli    sp, sp, 12
core   0: 3 0x00000000800063a0 (0x00c11113) x2  0x0000000000001000
core   0: 0x00000000800063a4 (0x002181b3) add     gp, gp, sp
core   0: 3 0x00000000800063a4 (0x002181b3) x3  0x000000008000b010
core   0: 0x00000000800063a8 (0x27c1ae87) flw     ft9, 636(gp)
core   0: 3 0x00000000800063a8 (0x27c1ae87) f29 0xffffffff80000000 mem 0x000000008000b28c
core   0: 0x00000000800063ac (0x402181b3) sub     gp, gp, sp
core   0: 3 0x00000000800063ac (0x402181b3) x3  0x000000008000a010
core   0: 0x00000000800063b0 (0x00100113) li      sp, 1
core   0: 3 0x00000000800063b0 (0x00100113) x2  0x0000000000000001
core   0: 0x00000000800063b4 (0x00c11113) slli    sp, sp, 12
core   0: 3 0x00000000800063b4 (0x00c11113) x2  0x0000000000001000
core   0: 0x00000000800063b8 (0x002181b3) add     gp, gp, sp
core   0: 3 0x00000000800063b8 (0x002181b3) x3  0x000000008000b010
core   0: 0x00000000800063bc (0x2801ae07) flw     ft8, 640(gp)
core   0: 3 0x00000000800063bc (0x2801ae07) f28 0xffffffff8b00ffff mem 0x000000008000b290
core   0: 0x00000000800063c0 (0x402181b3) sub     gp, gp, sp
core   0: 3 0x00000000800063c0 (0x402181b3) x3  0x000000008000a010
core   0: 0x00000000800063c4 (0x00000113) li      sp, 0
core   0: 3 0x00000000800063c4 (0x00000113) x2  0x0000000000000000
core   0: 0x00000000800063c8 (0x00311073) csrw    fcsr, sp
core   0: 3 0x00000000800063c8 (0x00311073) c1_fflags 0x0000000000000000 c2_frm 0x0000000000000000
core   0: 0x00000000800063cc (0xe1df7fc3) fmadd.s ft11, ft10, ft9, ft8
core   0: 3 0x00000000800063cc (0xe1df7fc3) f31 0xffffffff8b00ffff
core   0: 0x00000000800063d0 (0x00302273) csrr    tp, fcsr
core   0: 3 0x00000000800063d0 (0x00302273) x4  0x0000000000000000
core   0: 0x00000000800063d4 (0x0bf0a027) fsw     ft11, 160(ra)
core   0: 3 0x00000000800063d4 (0x0bf0a027) mem 0x000000008000d9b8 0x8b00ffff
core   0: 0x00000000800063d8 (0x0a40b423) sd      tp, 168(ra)
core   0: 3 0x00000000800063d8 (0x0a40b423) mem 0x000000008000d9c0 0x0000000000000000
core   0: >>>>  inst_38027
core   0: 0x00000000800063dc (0x00100113) li      sp, 1
core   0: 3 0x00000000800063dc (0x00100113) x2  0x0000000000000001
core   0: 0x00000000800063e0 (0x00c11113) slli    sp, sp, 12
core   0: 3 0x00000000800063e0 (0x00c11113) x2  0x0000000000001000
core   0: 0x00000000800063e4 (0x002181b3) add     gp, gp, sp
core   0: 3 0x00000000800063e4 (0x002181b3) x3  0x000000008000b010
core   0: 0x00000000800063e8 (0x2841af07) flw     ft10, 644(gp)
core   0: 3 0x00000000800063e8 (0x2841af07) f30 0xffffffff7f3f6e88 mem 0x000000008000b294
core   0: 0x00000000800063ec (0x402181b3) sub     gp, gp, sp
core   0: 3 0x00000000800063ec (0x402181b3) x3  0x000000008000a010
core   0: 0x00000000800063f0 (0x00100113) li      sp, 1
core   0: 3 0x00000000800063f0 (0x00100113) x2  0x0000000000000001
core   0: 0x00000000800063f4 (0x00c11113) slli    sp, sp, 12
core   0: 3 0x00000000800063f4 (0x00c11113) x2  0x0000000000001000
core   0: 0x00000000800063f8 (0x002181b3) add     gp, gp, sp
core   0: 3 0x00000000800063f8 (0x002181b3) x3  0x000000008000b010
core   0: 0x00000000800063fc (0x2881ae87) flw     ft9, 648(gp)
core   0: 3 0x00000000800063fc (0x2881ae87) f29 0xffffffff80000000 mem 0x000000008000b298
core   0: 0x0000000080006400 (0x402181b3) sub     gp, gp, sp
core   0: 3 0x0000000080006400 (0x402181b3) x3  0x000000008000a010
core   0: 0x0000000080006404 (0x00100113) li      sp, 1
core   0: 3 0x0000000080006404 (0x00100113) x2  0x0000000000000001
core   0: 0x0000000080006408 (0x00c11113) slli    sp, sp, 12
core   0: 3 0x0000000080006408 (0x00c11113) x2  0x0000000000001000
core   0: 0x000000008000640c (0x002181b3) add     gp, gp, sp
core   0: 3 0x000000008000640c (0x002181b3) x3  0x000000008000b010
core   0: 0x0000000080006410 (0x28c1ae07) flw     ft8, 652(gp)
core   0: 3 0x0000000080006410 (0x28c1ae07) f28 0xffffffff8b01ffff mem 0x000000008000b29c
core   0: 0x0000000080006414 (0x402181b3) sub     gp, gp, sp
core   0: 3 0x0000000080006414 (0x402181b3) x3  0x000000008000a010
core   0: 0x0000000080006418 (0x00000113) li      sp, 0
core   0: 3 0x0000000080006418 (0x00000113) x2  0x0000000000000000
core   0: 0x000000008000641c (0x00311073) csrw    fcsr, sp
core   0: 3 0x000000008000641c (0x00311073) c1_fflags 0x0000000000000000 c2_frm 0x0000000000000000
core   0: 0x0000000080006420 (0xe1df7fc3) fmadd.s ft11, ft10, ft9, ft8
core   0: 3 0x0000000080006420 (0xe1df7fc3) f31 0xffffffff8b01ffff
core   0: 0x0000000080006424 (0x00302273) csrr    tp, fcsr
core   0: 3 0x0000000080006424 (0x00302273) x4  0x0000000000000000
core   0: 0x0000000080006428 (0x0bf0a827) fsw     ft11, 176(ra)
core   0: 3 0x0000000080006428 (0x0bf0a827) mem 0x000000008000d9c8 0x8b01ffff
core   0: 0x000000008000642c (0x0a40bc23) sd      tp, 184(ra)
core   0: 3 0x000000008000642c (0x0a40bc23) mem 0x000000008000d9d0 0x0000000000000000
core   0: >>>>  inst_38028
core   0: 0x0000000080006430 (0x00100113) li      sp, 1
core   0: 3 0x0000000080006430 (0x00100113) x2  0x0000000000000001
core   0: 0x0000000080006434 (0x00c11113) slli    sp, sp, 12
core   0: 3 0x0000000080006434 (0x00c11113) x2  0x0000000000001000
core   0: 0x0000000080006438 (0x002181b3) add     gp, gp, sp
core   0: 3 0x0000000080006438 (0x002181b3) x3  0x000000008000b010
core   0: 0x000000008000643c (0x2901af07) flw     ft10, 656(gp)
core   0: 3 0x000000008000643c (0x2901af07) f30 0xffffffff7f3f6e88 mem 0x000000008000b2a0
core   0: 0x0000000080006440 (0x402181b3) sub     gp, gp, sp
core   0: 3 0x0000000080006440 (0x402181b3) x3  0x000000008000a010
core   0: 0x0000000080006444 (0x00100113) li      sp, 1
core   0: 3 0x0000000080006444 (0x00100113) x2  0x0000000000000001
core   0: 0x0000000080006448 (0x00c11113) slli    sp, sp, 12
core   0: 3 0x0000000080006448 (0x00c11113) x2  0x0000000000001000
core   0: 0x000000008000644c (0x002181b3) add     gp, gp, sp
core   0: 3 0x000000008000644c (0x002181b3) x3  0x000000008000b010
core   0: 0x0000000080006450 (0x2941ae87) flw     ft9, 660(gp)
core   0: 3 0x0000000080006450 (0x2941ae87) f29 0xffffffff80000000 mem 0x000000008000b2a4
core   0: 0x0000000080006454 (0x402181b3) sub     gp, gp, sp
core   0: 3 0x0000000080006454 (0x402181b3) x3  0x000000008000a010
core   0: 0x0000000080006458 (0x00100113) li      sp, 1
core   0: 3 0x0000000080006458 (0x00100113) x2  0x0000000000000001
core   0: 0x000000008000645c (0x00c11113) slli    sp, sp, 12
core   0: 3 0x000000008000645c (0x00c11113) x2  0x0000000000001000
core   0: 0x0000000080006460 (0x002181b3) add     gp, gp, sp
core   0: 3 0x0000000080006460 (0x002181b3) x3  0x000000008000b010
core   0: 0x0000000080006464 (0x2981ae07) flw     ft8, 664(gp)
core   0: 3 0x0000000080006464 (0x2981ae07) f28 0xffffffff8b03ffff mem 0x000000008000b2a8
core   0: 0x0000000080006468 (0x402181b3) sub     gp, gp, sp
core   0: 3 0x0000000080006468 (0x402181b3) x3  0x000000008000a010
core   0: 0x000000008000646c (0x00000113) li      sp, 0
core   0: 3 0x000000008000646c (0x00000113) x2  0x0000000000000000
core   0: 0x0000000080006470 (0x00311073) csrw    fcsr, sp
core   0: 3 0x0000000080006470 (0x00311073) c1_fflags 0x0000000000000000 c2_frm 0x0000000000000000
core   0: 0x0000000080006474 (0xe1df7fc3) fmadd.s ft11, ft10, ft9, ft8
core   0: 3 0x0000000080006474 (0xe1df7fc3) f31 0xffffffff8b03ffff
core   0: 0x0000000080006478 (0x00302273) csrr    tp, fcsr
core   0: 3 0x0000000080006478 (0x00302273) x4  0x0000000000000000
core   0: 0x000000008000647c (0x0df0a027) fsw     ft11, 192(ra)
core   0: 3 0x000000008000647c (0x0df0a027) mem 0x000000008000d9d8 0x8b03ffff
core   0: 0x0000000080006480 (0x0c40b423) sd      tp, 200(ra)
core   0: 3 0x0000000080006480 (0x0c40b423) mem 0x000000008000d9e0 0x0000000000000000
core   0: >>>>  inst_38029
core   0: 0x0000000080006484 (0x00100113) li      sp, 1
core   0: 3 0x0000000080006484 (0x00100113) x2  0x0000000000000001
core   0: 0x0000000080006488 (0x00c11113) slli    sp, sp, 12
core   0: 3 0x0000000080006488 (0x00c11113) x2  0x0000000000001000
core   0: 0x000000008000648c (0x002181b3) add     gp, gp, sp
core   0: 3 0x000000008000648c (0x002181b3) x3  0x000000008000b010
core   0: 0x0000000080006490 (0x29c1af07) flw     ft10, 668(gp)
core   0: 3 0x0000000080006490 (0x29c1af07) f30 0xffffffff7f3f6e88 mem 0x000000008000b2ac
core   0: 0x0000000080006494 (0x402181b3) sub     gp, gp, sp
core   0: 3 0x0000000080006494 (0x402181b3) x3  0x000000008000a010
core   0: 0x0000000080006498 (0x00100113) li      sp, 1
core   0: 3 0x0000000080006498 (0x00100113) x2  0x0000000000000001
core   0: 0x000000008000649c (0x00c11113) slli    sp, sp, 12
core   0: 3 0x000000008000649c (0x00c11113) x2  0x0000000000001000
core   0: 0x00000000800064a0 (0x002181b3) add     gp, gp, sp
core   0: 3 0x00000000800064a0 (0x002181b3) x3  0x000000008000b010
core   0: 0x00000000800064a4 (0x2a01ae87) flw     ft9, 672(gp)
core   0: 3 0x00000000800064a4 (0x2a01ae87) f29 0xffffffff80000000 mem 0x000000008000b2b0
core   0: 0x00000000800064a8 (0x402181b3) sub     gp, gp, sp
core   0: 3 0x00000000800064a8 (0x402181b3) x3  0x000000008000a010
core   0: 0x00000000800064ac (0x00100113) li      sp, 1
core   0: 3 0x00000000800064ac (0x00100113) x2  0x0000000000000001
core   0: 0x00000000800064b0 (0x00c11113) slli    sp, sp, 12
core   0: 3 0x00000000800064b0 (0x00c11113) x2  0x0000000000001000
core   0: 0x00000000800064b4 (0x002181b3) add     gp, gp, sp
core   0: 3 0x00000000800064b4 (0x002181b3) x3  0x000000008000b010
core   0: 0x00000000800064b8 (0x2a41ae07) flw     ft8, 676(gp)
core   0: 3 0x00000000800064b8 (0x2a41ae07) f28 0xffffffff8b07ffff mem 0x000000008000b2b4
core   0: 0x00000000800064bc (0x402181b3) sub     gp, gp, sp
core   0: 3 0x00000000800064bc (0x402181b3) x3  0x000000008000a010
core   0: 0x00000000800064c0 (0x00000113) li      sp, 0
core   0: 3 0x00000000800064c0 (0x00000113) x2  0x0000000000000000
core   0: 0x00000000800064c4 (0x00311073) csrw    fcsr, sp
core   0: 3 0x00000000800064c4 (0x00311073) c1_fflags 0x0000000000000000 c2_frm 0x0000000000000000
core   0: 0x00000000800064c8 (0xe1df7fc3) fmadd.s ft11, ft10, ft9, ft8
core   0: 3 0x00000000800064c8 (0xe1df7fc3) f31 0xffffffff8b07ffff
core   0: 0x00000000800064cc (0x00302273) csrr    tp, fcsr
core   0: 3 0x00000000800064cc (0x00302273) x4  0x0000000000000000
core   0: 0x00000000800064d0 (0x0df0a827) fsw     ft11, 208(ra)
core   0: 3 0x00000000800064d0 (0x0df0a827) mem 0x000000008000d9e8 0x8b07ffff
core   0: 0x00000000800064d4 (0x0c40bc23) sd      tp, 216(ra)
core   0: 3 0x00000000800064d4 (0x0c40bc23) mem 0x000000008000d9f0 0x0000000000000000
core   0: >>>>  inst_38030
core   0: 0x00000000800064d8 (0x00100113) li      sp, 1
core   0: 3 0x00000000800064d8 (0x00100113) x2  0x0000000000000001
core   0: 0x00000000800064dc (0x00c11113) slli    sp, sp, 12
core   0: 3 0x00000000800064dc (0x00c11113) x2  0x0000000000001000
core   0: 0x00000000800064e0 (0x002181b3) add     gp, gp, sp
core   0: 3 0x00000000800064e0 (0x002181b3) x3  0x000000008000b010
core   0: 0x00000000800064e4 (0x2a81af07) flw     ft10, 680(gp)
core   0: 3 0x00000000800064e4 (0x2a81af07) f30 0xffffffff7f3f6e88 mem 0x000000008000b2b8
core   0: 0x00000000800064e8 (0x402181b3) sub     gp, gp, sp
core   0: 3 0x00000000800064e8 (0x402181b3) x3  0x000000008000a010
core   0: 0x00000000800064ec (0x00100113) li      sp, 1
core   0: 3 0x00000000800064ec (0x00100113) x2  0x0000000000000001
core   0: 0x00000000800064f0 (0x00c11113) slli    sp, sp, 12
core   0: 3 0x00000000800064f0 (0x00c11113) x2  0x0000000000001000
core   0: 0x00000000800064f4 (0x002181b3) add     gp, gp, sp
core   0: 3 0x00000000800064f4 (0x002181b3) x3  0x000000008000b010
core   0: 0x00000000800064f8 (0x2ac1ae87) flw     ft9, 684(gp)
core   0: 3 0x00000000800064f8 (0x2ac1ae87) f29 0xffffffff80000000 mem 0x000000008000b2bc
core   0: 0x00000000800064fc (0x402181b3) sub     gp, gp, sp
core   0: 3 0x00000000800064fc (0x402181b3) x3  0x000000008000a010
core   0: 0x0000000080006500 (0x00100113) li      sp, 1
core   0: 3 0x0000000080006500 (0x00100113) x2  0x0000000000000001
core   0: 0x0000000080006504 (0x00c11113) slli    sp, sp, 12
core   0: 3 0x0000000080006504 (0x00c11113) x2  0x0000000000001000
core   0: 0x0000000080006508 (0x002181b3) add     gp, gp, sp
core   0: 3 0x0000000080006508 (0x002181b3) x3  0x000000008000b010
core   0: 0x000000008000650c (0x2b01ae07) flw     ft8, 688(gp)
core   0: 3 0x000000008000650c (0x2b01ae07) f28 0xffffffff8b0fffff mem 0x000000008000b2c0
core   0: 0x0000000080006510 (0x402181b3) sub     gp, gp, sp
core   0: 3 0x0000000080006510 (0x402181b3) x3  0x000000008000a010
core   0: 0x0000000080006514 (0x00000113) li      sp, 0
core   0: 3 0x0000000080006514 (0x00000113) x2  0x0000000000000000
core   0: 0x0000000080006518 (0x00311073) csrw    fcsr, sp
core   0: 3 0x0000000080006518 (0x00311073) c1_fflags 0x0000000000000000 c2_frm 0x0000000000000000
core   0: 0x000000008000651c (0xe1df7fc3) fmadd.s ft11, ft10, ft9, ft8
core   0: 3 0x000000008000651c (0xe1df7fc3) f31 0xffffffff8b0fffff
core   0: 0x0000000080006520 (0x00302273) csrr    tp, fcsr
core   0: 3 0x0000000080006520 (0x00302273) x4  0x0000000000000000
core   0: 0x0000000080006524 (0x0ff0a027) fsw     ft11, 224(ra)
core   0: 3 0x0000000080006524 (0x0ff0a027) mem 0x000000008000d9f8 0x8b0fffff
core   0: 0x0000000080006528 (0x0e40b423) sd      tp, 232(ra)
core   0: 3 0x0000000080006528 (0x0e40b423) mem 0x000000008000da00 0x0000000000000000
core   0: >>>>  inst_38031
core   0: 0x000000008000652c (0x00100113) li      sp, 1
core   0: 3 0x000000008000652c (0x00100113) x2  0x0000000000000001
core   0: 0x0000000080006530 (0x00c11113) slli    sp, sp, 12
core   0: 3 0x0000000080006530 (0x00c11113) x2  0x0000000000001000
core   0: 0x0000000080006534 (0x002181b3) add     gp, gp, sp
core   0: 3 0x0000000080006534 (0x002181b3) x3  0x000000008000b010
core   0: 0x0000000080006538 (0x2b41af07) flw     ft10, 692(gp)
core   0: 3 0x0000000080006538 (0x2b41af07) f30 0xffffffff7f3f6e88 mem 0x000000008000b2c4
core   0: 0x000000008000653c (0x402181b3) sub     gp, gp, sp
core   0: 3 0x000000008000653c (0x402181b3) x3  0x000000008000a010
core   0: 0x0000000080006540 (0x00100113) li      sp, 1
core   0: 3 0x0000000080006540 (0x00100113) x2  0x0000000000000001
core   0: 0x0000000080006544 (0x00c11113) slli    sp, sp, 12
core   0: 3 0x0000000080006544 (0x00c11113) x2  0x0000000000001000
core   0: 0x0000000080006548 (0x002181b3) add     gp, gp, sp
core   0: 3 0x0000000080006548 (0x002181b3) x3  0x000000008000b010
core   0: 0x000000008000654c (0x2b81ae87) flw     ft9, 696(gp)
core   0: 3 0x000000008000654c (0x2b81ae87) f29 0xffffffff80000000 mem 0x000000008000b2c8
core   0: 0x0000000080006550 (0x402181b3) sub     gp, gp, sp
core   0: 3 0x0000000080006550 (0x402181b3) x3  0x000000008000a010
core   0: 0x0000000080006554 (0x00100113) li      sp, 1
core   0: 3 0x0000000080006554 (0x00100113) x2  0x0000000000000001
core   0: 0x0000000080006558 (0x00c11113) slli    sp, sp, 12
core   0: 3 0x0000000080006558 (0x00c11113) x2  0x0000000000001000
core   0: 0x000000008000655c (0x002181b3) add     gp, gp, sp
core   0: 3 0x000000008000655c (0x002181b3) x3  0x000000008000b010
core   0: 0x0000000080006560 (0x2bc1ae07) flw     ft8, 700(gp)
core   0: 3 0x0000000080006560 (0x2bc1ae07) f28 0xffffffff8b1fffff mem 0x000000008000b2cc
core   0: 0x0000000080006564 (0x402181b3) sub     gp, gp, sp
core   0: 3 0x0000000080006564 (0x402181b3) x3  0x000000008000a010
core   0: 0x0000000080006568 (0x00000113) li      sp, 0
core   0: 3 0x0000000080006568 (0x00000113) x2  0x0000000000000000
core   0: 0x000000008000656c (0x00311073) csrw    fcsr, sp
core   0: 3 0x000000008000656c (0x00311073) c1_fflags 0x0000000000000000 c2_frm 0x0000000000000000
core   0: 0x0000000080006570 (0xe1df7fc3) fmadd.s ft11, ft10, ft9, ft8
core   0: 3 0x0000000080006570 (0xe1df7fc3) f31 0xffffffff8b1fffff
core   0: 0x0000000080006574 (0x00302273) csrr    tp, fcsr
core   0: 3 0x0000000080006574 (0x00302273) x4  0x0000000000000000
core   0: 0x0000000080006578 (0x0ff0a827) fsw     ft11, 240(ra)
core   0: 3 0x0000000080006578 (0x0ff0a827) mem 0x000000008000da08 0x8b1fffff
core   0: 0x000000008000657c (0x0e40bc23) sd      tp, 248(ra)
core   0: 3 0x000000008000657c (0x0e40bc23) mem 0x000000008000da10 0x0000000000000000
core   0: >>>>  inst_38032
core   0: 0x0000000080006580 (0x00100113) li      sp, 1
core   0: 3 0x0000000080006580 (0x00100113) x2  0x0000000000000001
core   0: 0x0000000080006584 (0x00c11113) slli    sp, sp, 12
core   0: 3 0x0000000080006584 (0x00c11113) x2  0x0000000000001000
core   0: 0x0000000080006588 (0x002181b3) add     gp, gp, sp
core   0: 3 0x0000000080006588 (0x002181b3) x3  0x000000008000b010
core   0: 0x000000008000658c (0x2c01af07) flw     ft10, 704(gp)
core   0: 3 0x000000008000658c (0x2c01af07) f30 0xffffffff7f3f6e88 mem 0x000000008000b2d0
core   0: 0x0000000080006590 (0x402181b3) sub     gp, gp, sp
core   0: 3 0x0000000080006590 (0x402181b3) x3  0x000000008000a010
core   0: 0x0000000080006594 (0x00100113) li      sp, 1
core   0: 3 0x0000000080006594 (0x00100113) x2  0x0000000000000001
core   0: 0x0000000080006598 (0x00c11113) slli    sp, sp, 12
core   0: 3 0x0000000080006598 (0x00c11113) x2  0x0000000000001000
core   0: 0x000000008000659c (0x002181b3) add     gp, gp, sp
core   0: 3 0x000000008000659c (0x002181b3) x3  0x000000008000b010
core   0: 0x00000000800065a0 (0x2c41ae87) flw     ft9, 708(gp)
core   0: 3 0x00000000800065a0 (0x2c41ae87) f29 0xffffffff80000000 mem 0x000000008000b2d4
core   0: 0x00000000800065a4 (0x402181b3) sub     gp, gp, sp
core   0: 3 0x00000000800065a4 (0x402181b3) x3  0x000000008000a010
core   0: 0x00000000800065a8 (0x00100113) li      sp, 1
core   0: 3 0x00000000800065a8 (0x00100113) x2  0x0000000000000001
core   0: 0x00000000800065ac (0x00c11113) slli    sp, sp, 12
core   0: 3 0x00000000800065ac (0x00c11113) x2  0x0000000000001000
core   0: 0x00000000800065b0 (0x002181b3) add     gp, gp, sp
core   0: 3 0x00000000800065b0 (0x002181b3) x3  0x000000008000b010
core   0: 0x00000000800065b4 (0x2c81ae07) flw     ft8, 712(gp)
core   0: 3 0x00000000800065b4 (0x2c81ae07) f28 0xffffffff8b3fffff mem 0x000000008000b2d8
core   0: 0x00000000800065b8 (0x402181b3) sub     gp, gp, sp
core   0: 3 0x00000000800065b8 (0x402181b3) x3  0x000000008000a010
core   0: 0x00000000800065bc (0x00000113) li      sp, 0
core   0: 3 0x00000000800065bc (0x00000113) x2  0x0000000000000000
core   0: 0x00000000800065c0 (0x00311073) csrw    fcsr, sp
core   0: 3 0x00000000800065c0 (0x00311073) c1_fflags 0x0000000000000000 c2_frm 0x0000000000000000
core   0: 0x00000000800065c4 (0xe1df7fc3) fmadd.s ft11, ft10, ft9, ft8
core   0: 3 0x00000000800065c4 (0xe1df7fc3) f31 0xffffffff8b3fffff
core   0: 0x00000000800065c8 (0x00302273) csrr    tp, fcsr
core   0: 3 0x00000000800065c8 (0x00302273) x4  0x0000000000000000
core   0: 0x00000000800065cc (0x11f0a027) fsw     ft11, 256(ra)
core   0: 3 0x00000000800065cc (0x11f0a027) mem 0x000000008000da18 0x8b3fffff
core   0: 0x00000000800065d0 (0x1040b423) sd      tp, 264(ra)
core   0: 3 0x00000000800065d0 (0x1040b423) mem 0x000000008000da20 0x0000000000000000
core   0: >>>>  inst_38033
core   0: 0x00000000800065d4 (0x00100113) li      sp, 1
core   0: 3 0x00000000800065d4 (0x00100113) x2  0x0000000000000001
core   0: 0x00000000800065d8 (0x00c11113) slli    sp, sp, 12
core   0: 3 0x00000000800065d8 (0x00c11113) x2  0x0000000000001000
core   0: 0x00000000800065dc (0x002181b3) add     gp, gp, sp
core   0: 3 0x00000000800065dc (0x002181b3) x3  0x000000008000b010
core   0: 0x00000000800065e0 (0x2cc1af07) flw     ft10, 716(gp)
core   0: 3 0x00000000800065e0 (0x2cc1af07) f30 0xffffffff7f3f6e88 mem 0x000000008000b2dc
core   0: 0x00000000800065e4 (0x402181b3) sub     gp, gp, sp
core   0: 3 0x00000000800065e4 (0x402181b3) x3  0x000000008000a010
core   0: 0x00000000800065e8 (0x00100113) li      sp, 1
core   0: 3 0x00000000800065e8 (0x00100113) x2  0x0000000000000001
core   0: 0x00000000800065ec (0x00c11113) slli    sp, sp, 12
core   0: 3 0x00000000800065ec (0x00c11113) x2  0x0000000000001000
core   0: 0x00000000800065f0 (0x002181b3) add     gp, gp, sp
core   0: 3 0x00000000800065f0 (0x002181b3) x3  0x000000008000b010
core   0: 0x00000000800065f4 (0x2d01ae87) flw     ft9, 720(gp)
core   0: 3 0x00000000800065f4 (0x2d01ae87) f29 0xffffffff80000000 mem 0x000000008000b2e0
core   0: 0x00000000800065f8 (0x402181b3) sub     gp, gp, sp
core   0: 3 0x00000000800065f8 (0x402181b3) x3  0x000000008000a010
core   0: 0x00000000800065fc (0x00100113) li      sp, 1
core   0: 3 0x00000000800065fc (0x00100113) x2  0x0000000000000001
core   0: 0x0000000080006600 (0x00c11113) slli    sp, sp, 12
core   0: 3 0x0000000080006600 (0x00c11113) x2  0x0000000000001000
core   0: 0x0000000080006604 (0x002181b3) add     gp, gp, sp
core   0: 3 0x0000000080006604 (0x002181b3) x3  0x000000008000b010
core   0: 0x0000000080006608 (0x2d41ae07) flw     ft8, 724(gp)
core   0: 3 0x0000000080006608 (0x2d41ae07) f28 0xffffffff8b400000 mem 0x000000008000b2e4
core   0: 0x000000008000660c (0x402181b3) sub     gp, gp, sp
core   0: 3 0x000000008000660c (0x402181b3) x3  0x000000008000a010
core   0: 0x0000000080006610 (0x00000113) li      sp, 0
core   0: 3 0x0000000080006610 (0x00000113) x2  0x0000000000000000
core   0: 0x0000000080006614 (0x00311073) csrw    fcsr, sp
core   0: 3 0x0000000080006614 (0x00311073) c1_fflags 0x0000000000000000 c2_frm 0x0000000000000000
core   0: 0x0000000080006618 (0xe1df7fc3) fmadd.s ft11, ft10, ft9, ft8
core   0: 3 0x0000000080006618 (0xe1df7fc3) f31 0xffffffff8b400000
core   0: 0x000000008000661c (0x00302273) csrr    tp, fcsr
core   0: 3 0x000000008000661c (0x00302273) x4  0x0000000000000000
core   0: 0x0000000080006620 (0x11f0a827) fsw     ft11, 272(ra)
core   0: 3 0x0000000080006620 (0x11f0a827) mem 0x000000008000da28 0x8b400000
core   0: 0x0000000080006624 (0x1040bc23) sd      tp, 280(ra)
core   0: 3 0x0000000080006624 (0x1040bc23) mem 0x000000008000da30 0x0000000000000000
core   0: >>>>  inst_38034
core   0: 0x0000000080006628 (0x00100113) li      sp, 1
core   0: 3 0x0000000080006628 (0x00100113) x2  0x0000000000000001
core   0: 0x000000008000662c (0x00c11113) slli    sp, sp, 12
core   0: 3 0x000000008000662c (0x00c11113) x2  0x0000000000001000
core   0: 0x0000000080006630 (0x002181b3) add     gp, gp, sp
core   0: 3 0x0000000080006630 (0x002181b3) x3  0x000000008000b010
core   0: 0x0000000080006634 (0x2d81af07) flw     ft10, 728(gp)
core   0: 3 0x0000000080006634 (0x2d81af07) f30 0xffffffff7f3f6e88 mem 0x000000008000b2e8
core   0: 0x0000000080006638 (0x402181b3) sub     gp, gp, sp
core   0: 3 0x0000000080006638 (0x402181b3) x3  0x000000008000a010
core   0: 0x000000008000663c (0x00100113) li      sp, 1
core   0: 3 0x000000008000663c (0x00100113) x2  0x0000000000000001
core   0: 0x0000000080006640 (0x00c11113) slli    sp, sp, 12
core   0: 3 0x0000000080006640 (0x00c11113) x2  0x0000000000001000
core   0: 0x0000000080006644 (0x002181b3) add     gp, gp, sp
core   0: 3 0x0000000080006644 (0x002181b3) x3  0x000000008000b010
core   0: 0x0000000080006648 (0x2dc1ae87) flw     ft9, 732(gp)
core   0: 3 0x0000000080006648 (0x2dc1ae87) f29 0xffffffff80000000 mem 0x000000008000b2ec
core   0: 0x000000008000664c (0x402181b3) sub     gp, gp, sp
core   0: 3 0x000000008000664c (0x402181b3) x3  0x000000008000a010
core   0: 0x0000000080006650 (0x00100113) li      sp, 1
core   0: 3 0x0000000080006650 (0x00100113) x2  0x0000000000000001
core   0: 0x0000000080006654 (0x00c11113) slli    sp, sp, 12
core   0: 3 0x0000000080006654 (0x00c11113) x2  0x0000000000001000
core   0: 0x0000000080006658 (0x002181b3) add     gp, gp, sp
core   0: 3 0x0000000080006658 (0x002181b3) x3  0x000000008000b010
core   0: 0x000000008000665c (0x2e01ae07) flw     ft8, 736(gp)
core   0: 3 0x000000008000665c (0x2e01ae07) f28 0xffffffff8b600000 mem 0x000000008000b2f0
core   0: 0x0000000080006660 (0x402181b3) sub     gp, gp, sp
core   0: 3 0x0000000080006660 (0x402181b3) x3  0x000000008000a010
core   0: 0x0000000080006664 (0x00000113) li      sp, 0
core   0: 3 0x0000000080006664 (0x00000113) x2  0x0000000000000000
core   0: 0x0000000080006668 (0x00311073) csrw    fcsr, sp
core   0: 3 0x0000000080006668 (0x00311073) c1_fflags 0x0000000000000000 c2_frm 0x0000000000000000
core   0: 0x000000008000666c (0xe1df7fc3) fmadd.s ft11, ft10, ft9, ft8
core   0: 3 0x000000008000666c (0xe1df7fc3) f31 0xffffffff8b600000
core   0: 0x0000000080006670 (0x00302273) csrr    tp, fcsr
core   0: 3 0x0000000080006670 (0x00302273) x4  0x0000000000000000
core   0: 0x0000000080006674 (0x13f0a027) fsw     ft11, 288(ra)
core   0: 3 0x0000000080006674 (0x13f0a027) mem 0x000000008000da38 0x8b600000
core   0: 0x0000000080006678 (0x1240b423) sd      tp, 296(ra)
core   0: 3 0x0000000080006678 (0x1240b423) mem 0x000000008000da40 0x0000000000000000
core   0: >>>>  inst_38035
core   0: 0x000000008000667c (0x00100113) li      sp, 1
core   0: 3 0x000000008000667c (0x00100113) x2  0x0000000000000001
core   0: 0x0000000080006680 (0x00c11113) slli    sp, sp, 12
core   0: 3 0x0000000080006680 (0x00c11113) x2  0x0000000000001000
core   0: 0x0000000080006684 (0x002181b3) add     gp, gp, sp
core   0: 3 0x0000000080006684 (0x002181b3) x3  0x000000008000b010
core   0: 0x0000000080006688 (0x2e41af07) flw     ft10, 740(gp)
core   0: 3 0x0000000080006688 (0x2e41af07) f30 0xffffffff7f3f6e88 mem 0x000000008000b2f4
core   0: 0x000000008000668c (0x402181b3) sub     gp, gp, sp
core   0: 3 0x000000008000668c (0x402181b3) x3  0x000000008000a010
core   0: 0x0000000080006690 (0x00100113) li      sp, 1
core   0: 3 0x0000000080006690 (0x00100113) x2  0x0000000000000001
core   0: 0x0000000080006694 (0x00c11113) slli    sp, sp, 12
core   0: 3 0x0000000080006694 (0x00c11113) x2  0x0000000000001000
core   0: 0x0000000080006698 (0x002181b3) add     gp, gp, sp
core   0: 3 0x0000000080006698 (0x002181b3) x3  0x000000008000b010
core   0: 0x000000008000669c (0x2e81ae87) flw     ft9, 744(gp)
core   0: 3 0x000000008000669c (0x2e81ae87) f29 0xffffffff80000000 mem 0x000000008000b2f8
core   0: 0x00000000800066a0 (0x402181b3) sub     gp, gp, sp
core   0: 3 0x00000000800066a0 (0x402181b3) x3  0x000000008000a010
core   0: 0x00000000800066a4 (0x00100113) li      sp, 1
core   0: 3 0x00000000800066a4 (0x00100113) x2  0x0000000000000001
core   0: 0x00000000800066a8 (0x00c11113) slli    sp, sp, 12
core   0: 3 0x00000000800066a8 (0x00c11113) x2  0x0000000000001000
core   0: 0x00000000800066ac (0x002181b3) add     gp, gp, sp
core   0: 3 0x00000000800066ac (0x002181b3) x3  0x000000008000b010
core   0: 0x00000000800066b0 (0x2ec1ae07) flw     ft8, 748(gp)
core   0: 3 0x00000000800066b0 (0x2ec1ae07) f28 0xffffffff8b700000 mem 0x000000008000b2fc
core   0: 0x00000000800066b4 (0x402181b3) sub     gp, gp, sp
core   0: 3 0x00000000800066b4 (0x402181b3) x3  0x000000008000a010
core   0: 0x00000000800066b8 (0x00000113) li      sp, 0
core   0: 3 0x00000000800066b8 (0x00000113) x2  0x0000000000000000
core   0: 0x00000000800066bc (0x00311073) csrw    fcsr, sp
core   0: 3 0x00000000800066bc (0x00311073) c1_fflags 0x0000000000000000 c2_frm 0x0000000000000000
core   0: 0x00000000800066c0 (0xe1df7fc3) fmadd.s ft11, ft10, ft9, ft8
core   0: 3 0x00000000800066c0 (0xe1df7fc3) f31 0xffffffff8b700000
core   0: 0x00000000800066c4 (0x00302273) csrr    tp, fcsr
core   0: 3 0x00000000800066c4 (0x00302273) x4  0x0000000000000000
core   0: 0x00000000800066c8 (0x13f0a827) fsw     ft11, 304(ra)
core   0: 3 0x00000000800066c8 (0x13f0a827) mem 0x000000008000da48 0x8b700000
core   0: 0x00000000800066cc (0x1240bc23) sd      tp, 312(ra)
core   0: 3 0x00000000800066cc (0x1240bc23) mem 0x000000008000da50 0x0000000000000000
core   0: >>>>  inst_38036
core   0: 0x00000000800066d0 (0x00100113) li      sp, 1
core   0: 3 0x00000000800066d0 (0x00100113) x2  0x0000000000000001
core   0: 0x00000000800066d4 (0x00c11113) slli    sp, sp, 12
core   0: 3 0x00000000800066d4 (0x00c11113) x2  0x0000000000001000
core   0: 0x00000000800066d8 (0x002181b3) add     gp, gp, sp
core   0: 3 0x00000000800066d8 (0x002181b3) x3  0x000000008000b010
core   0: 0x00000000800066dc (0x2f01af07) flw     ft10, 752(gp)
core   0: 3 0x00000000800066dc (0x2f01af07) f30 0xffffffff7f3f6e88 mem 0x000000008000b300
core   0: 0x00000000800066e0 (0x402181b3) sub     gp, gp, sp
core   0: 3 0x00000000800066e0 (0x402181b3) x3  0x000000008000a010
core   0: 0x00000000800066e4 (0x00100113) li      sp, 1
core   0: 3 0x00000000800066e4 (0x00100113) x2  0x0000000000000001
core   0: 0x00000000800066e8 (0x00c11113) slli    sp, sp, 12
core   0: 3 0x00000000800066e8 (0x00c11113) x2  0x0000000000001000
core   0: 0x00000000800066ec (0x002181b3) add     gp, gp, sp
core   0: 3 0x00000000800066ec (0x002181b3) x3  0x000000008000b010
core   0: 0x00000000800066f0 (0x2f41ae87) flw     ft9, 756(gp)
core   0: 3 0x00000000800066f0 (0x2f41ae87) f29 0xffffffff80000000 mem 0x000000008000b304
core   0: 0x00000000800066f4 (0x402181b3) sub     gp, gp, sp
core   0: 3 0x00000000800066f4 (0x402181b3) x3  0x000000008000a010
core   0: 0x00000000800066f8 (0x00100113) li      sp, 1
core   0: 3 0x00000000800066f8 (0x00100113) x2  0x0000000000000001
core   0: 0x00000000800066fc (0x00c11113) slli    sp, sp, 12
core   0: 3 0x00000000800066fc (0x00c11113) x2  0x0000000000001000
core   0: 0x0000000080006700 (0x002181b3) add     gp, gp, sp
core   0: 3 0x0000000080006700 (0x002181b3) x3  0x000000008000b010
core   0: 0x0000000080006704 (0x2f81ae07) flw     ft8, 760(gp)
core   0: 3 0x0000000080006704 (0x2f81ae07) f28 0xffffffff8b780000 mem 0x000000008000b308
core   0: 0x0000000080006708 (0x402181b3) sub     gp, gp, sp
core   0: 3 0x0000000080006708 (0x402181b3) x3  0x000000008000a010
core   0: 0x000000008000670c (0x00000113) li      sp, 0
core   0: 3 0x000000008000670c (0x00000113) x2  0x0000000000000000
core   0: 0x0000000080006710 (0x00311073) csrw    fcsr, sp
core   0: 3 0x0000000080006710 (0x00311073) c1_fflags 0x0000000000000000 c2_frm 0x0000000000000000
core   0: 0x0000000080006714 (0xe1df7fc3) fmadd.s ft11, ft10, ft9, ft8
core   0: 3 0x0000000080006714 (0xe1df7fc3) f31 0xffffffff8b780000
core   0: 0x0000000080006718 (0x00302273) csrr    tp, fcsr
core   0: 3 0x0000000080006718 (0x00302273) x4  0x0000000000000000
core   0: 0x000000008000671c (0x15f0a027) fsw     ft11, 320(ra)
core   0: 3 0x000000008000671c (0x15f0a027) mem 0x000000008000da58 0x8b780000
core   0: 0x0000000080006720 (0x1440b423) sd      tp, 328(ra)
core   0: 3 0x0000000080006720 (0x1440b423) mem 0x000000008000da60 0x0000000000000000
core   0: >>>>  inst_38037
core   0: 0x0000000080006724 (0x00100113) li      sp, 1
core   0: 3 0x0000000080006724 (0x00100113) x2  0x0000000000000001
core   0: 0x0000000080006728 (0x00c11113) slli    sp, sp, 12
core   0: 3 0x0000000080006728 (0x00c11113) x2  0x0000000000001000
core   0: 0x000000008000672c (0x002181b3) add     gp, gp, sp
core   0: 3 0x000000008000672c (0x002181b3) x3  0x000000008000b010
core   0: 0x0000000080006730 (0x2fc1af07) flw     ft10, 764(gp)
core   0: 3 0x0000000080006730 (0x2fc1af07) f30 0xffffffff7f3f6e88 mem 0x000000008000b30c
core   0: 0x0000000080006734 (0x402181b3) sub     gp, gp, sp
core   0: 3 0x0000000080006734 (0x402181b3) x3  0x000000008000a010
core   0: 0x0000000080006738 (0x00100113) li      sp, 1
core   0: 3 0x0000000080006738 (0x00100113) x2  0x0000000000000001
core   0: 0x000000008000673c (0x00c11113) slli    sp, sp, 12
core   0: 3 0x000000008000673c (0x00c11113) x2  0x0000000000001000
core   0: 0x0000000080006740 (0x002181b3) add     gp, gp, sp
core   0: 3 0x0000000080006740 (0x002181b3) x3  0x000000008000b010
core   0: 0x0000000080006744 (0x3001ae87) flw     ft9, 768(gp)
core   0: 3 0x0000000080006744 (0x3001ae87) f29 0xffffffff80000000 mem 0x000000008000b310
core   0: 0x0000000080006748 (0x402181b3) sub     gp, gp, sp
core   0: 3 0x0000000080006748 (0x402181b3) x3  0x000000008000a010
core   0: 0x000000008000674c (0x00100113) li      sp, 1
core   0: 3 0x000000008000674c (0x00100113) x2  0x0000000000000001
core   0: 0x0000000080006750 (0x00c11113) slli    sp, sp, 12
core   0: 3 0x0000000080006750 (0x00c11113) x2  0x0000000000001000
core   0: 0x0000000080006754 (0x002181b3) add     gp, gp, sp
core   0: 3 0x0000000080006754 (0x002181b3) x3  0x000000008000b010
core   0: 0x0000000080006758 (0x3041ae07) flw     ft8, 772(gp)
core   0: 3 0x0000000080006758 (0x3041ae07) f28 0xffffffff8b7c0000 mem 0x000000008000b314
core   0: 0x000000008000675c (0x402181b3) sub     gp, gp, sp
core   0: 3 0x000000008000675c (0x402181b3) x3  0x000000008000a010
core   0: 0x0000000080006760 (0x00000113) li      sp, 0
core   0: 3 0x0000000080006760 (0x00000113) x2  0x0000000000000000
core   0: 0x0000000080006764 (0x00311073) csrw    fcsr, sp
core   0: 3 0x0000000080006764 (0x00311073) c1_fflags 0x0000000000000000 c2_frm 0x0000000000000000
core   0: 0x0000000080006768 (0xe1df7fc3) fmadd.s ft11, ft10, ft9, ft8
core   0: 3 0x0000000080006768 (0xe1df7fc3) f31 0xffffffff8b7c0000
core   0: 0x000000008000676c (0x00302273) csrr    tp, fcsr
core   0: 3 0x000000008000676c (0x00302273) x4  0x0000000000000000
core   0: 0x0000000080006770 (0x15f0a827) fsw     ft11, 336(ra)
core   0: 3 0x0000000080006770 (0x15f0a827) mem 0x000000008000da68 0x8b7c0000
core   0: 0x0000000080006774 (0x1440bc23) sd      tp, 344(ra)
core   0: 3 0x0000000080006774 (0x1440bc23) mem 0x000000008000da70 0x0000000000000000
core   0: >>>>  inst_38038
core   0: 0x0000000080006778 (0x00100113) li      sp, 1
core   0: 3 0x0000000080006778 (0x00100113) x2  0x0000000000000001
core   0: 0x000000008000677c (0x00c11113) slli    sp, sp, 12
core   0: 3 0x000000008000677c (0x00c11113) x2  0x0000000000001000
core   0: 0x0000000080006780 (0x002181b3) add     gp, gp, sp
core   0: 3 0x0000000080006780 (0x002181b3) x3  0x000000008000b010
core   0: 0x0000000080006784 (0x3081af07) flw     ft10, 776(gp)
core   0: 3 0x0000000080006784 (0x3081af07) f30 0xffffffff7f3f6e88 mem 0x000000008000b318
core   0: 0x0000000080006788 (0x402181b3) sub     gp, gp, sp
core   0: 3 0x0000000080006788 (0x402181b3) x3  0x000000008000a010
core   0: 0x000000008000678c (0x00100113) li      sp, 1
core   0: 3 0x000000008000678c (0x00100113) x2  0x0000000000000001
core   0: 0x0000000080006790 (0x00c11113) slli    sp, sp, 12
core   0: 3 0x0000000080006790 (0x00c11113) x2  0x0000000000001000
core   0: 0x0000000080006794 (0x002181b3) add     gp, gp, sp
core   0: 3 0x0000000080006794 (0x002181b3) x3  0x000000008000b010
core   0: 0x0000000080006798 (0x30c1ae87) flw     ft9, 780(gp)
core   0: 3 0x0000000080006798 (0x30c1ae87) f29 0xffffffff80000000 mem 0x000000008000b31c
core   0: 0x000000008000679c (0x402181b3) sub     gp, gp, sp
core   0: 3 0x000000008000679c (0x402181b3) x3  0x000000008000a010
core   0: 0x00000000800067a0 (0x00100113) li      sp, 1
core   0: 3 0x00000000800067a0 (0x00100113) x2  0x0000000000000001
core   0: 0x00000000800067a4 (0x00c11113) slli    sp, sp, 12
core   0: 3 0x00000000800067a4 (0x00c11113) x2  0x0000000000001000
core   0: 0x00000000800067a8 (0x002181b3) add     gp, gp, sp
core   0: 3 0x00000000800067a8 (0x002181b3) x3  0x000000008000b010
core   0: 0x00000000800067ac (0x3101ae07) flw     ft8, 784(gp)
core   0: 3 0x00000000800067ac (0x3101ae07) f28 0xffffffff8b7e0000 mem 0x000000008000b320
core   0: 0x00000000800067b0 (0x402181b3) sub     gp, gp, sp
core   0: 3 0x00000000800067b0 (0x402181b3) x3  0x000000008000a010
core   0: 0x00000000800067b4 (0x00000113) li      sp, 0
core   0: 3 0x00000000800067b4 (0x00000113) x2  0x0000000000000000
core   0: 0x00000000800067b8 (0x00311073) csrw    fcsr, sp
core   0: 3 0x00000000800067b8 (0x00311073) c1_fflags 0x0000000000000000 c2_frm 0x0000000000000000
core   0: 0x00000000800067bc (0xe1df7fc3) fmadd.s ft11, ft10, ft9, ft8
core   0: 3 0x00000000800067bc (0xe1df7fc3) f31 0xffffffff8b7e0000
core   0: 0x00000000800067c0 (0x00302273) csrr    tp, fcsr
core   0: 3 0x00000000800067c0 (0x00302273) x4  0x0000000000000000
core   0: 0x00000000800067c4 (0x17f0a027) fsw     ft11, 352(ra)
core   0: 3 0x00000000800067c4 (0x17f0a027) mem 0x000000008000da78 0x8b7e0000
core   0: 0x00000000800067c8 (0x1640b423) sd      tp, 360(ra)
core   0: 3 0x00000000800067c8 (0x1640b423) mem 0x000000008000da80 0x0000000000000000
core   0: >>>>  inst_38039
core   0: 0x00000000800067cc (0x00100113) li      sp, 1
core   0: 3 0x00000000800067cc (0x00100113) x2  0x0000000000000001
core   0: 0x00000000800067d0 (0x00c11113) slli    sp, sp, 12
core   0: 3 0x00000000800067d0 (0x00c11113) x2  0x0000000000001000
core   0: 0x00000000800067d4 (0x002181b3) add     gp, gp, sp
core   0: 3 0x00000000800067d4 (0x002181b3) x3  0x000000008000b010
core   0: 0x00000000800067d8 (0x3141af07) flw     ft10, 788(gp)
core   0: 3 0x00000000800067d8 (0x3141af07) f30 0xffffffff7f3f6e88 mem 0x000000008000b324
core   0: 0x00000000800067dc (0x402181b3) sub     gp, gp, sp
core   0: 3 0x00000000800067dc (0x402181b3) x3  0x000000008000a010
core   0: 0x00000000800067e0 (0x00100113) li      sp, 1
core   0: 3 0x00000000800067e0 (0x00100113) x2  0x0000000000000001
core   0: 0x00000000800067e4 (0x00c11113) slli    sp, sp, 12
core   0: 3 0x00000000800067e4 (0x00c11113) x2  0x0000000000001000
core   0: 0x00000000800067e8 (0x002181b3) add     gp, gp, sp
core   0: 3 0x00000000800067e8 (0x002181b3) x3  0x000000008000b010
core   0: 0x00000000800067ec (0x3181ae87) flw     ft9, 792(gp)
core   0: 3 0x00000000800067ec (0x3181ae87) f29 0xffffffff80000000 mem 0x000000008000b328
core   0: 0x00000000800067f0 (0x402181b3) sub     gp, gp, sp
core   0: 3 0x00000000800067f0 (0x402181b3) x3  0x000000008000a010
core   0: 0x00000000800067f4 (0x00100113) li      sp, 1
core   0: 3 0x00000000800067f4 (0x00100113) x2  0x0000000000000001
core   0: 0x00000000800067f8 (0x00c11113) slli    sp, sp, 12
core   0: 3 0x00000000800067f8 (0x00c11113) x2  0x0000000000001000
core   0: 0x00000000800067fc (0x002181b3) add     gp, gp, sp
core   0: 3 0x00000000800067fc (0x002181b3) x3  0x000000008000b010
core   0: 0x0000000080006800 (0x31c1ae07) flw     ft8, 796(gp)
core   0: 3 0x0000000080006800 (0x31c1ae07) f28 0xffffffff8b7f0000 mem 0x000000008000b32c
core   0: 0x0000000080006804 (0x402181b3) sub     gp, gp, sp
core   0: 3 0x0000000080006804 (0x402181b3) x3  0x000000008000a010
core   0: 0x0000000080006808 (0x00000113) li      sp, 0
core   0: 3 0x0000000080006808 (0x00000113) x2  0x0000000000000000
core   0: 0x000000008000680c (0x00311073) csrw    fcsr, sp
core   0: 3 0x000000008000680c (0x00311073) c1_fflags 0x0000000000000000 c2_frm 0x0000000000000000
core   0: 0x0000000080006810 (0xe1df7fc3) fmadd.s ft11, ft10, ft9, ft8
core   0: 3 0x0000000080006810 (0xe1df7fc3) f31 0xffffffff8b7f0000
core   0: 0x0000000080006814 (0x00302273) csrr    tp, fcsr
core   0: 3 0x0000000080006814 (0x00302273) x4  0x0000000000000000
core   0: 0x0000000080006818 (0x17f0a827) fsw     ft11, 368(ra)
core   0: 3 0x0000000080006818 (0x17f0a827) mem 0x000000008000da88 0x8b7f0000
core   0: 0x000000008000681c (0x1640bc23) sd      tp, 376(ra)
core   0: 3 0x000000008000681c (0x1640bc23) mem 0x000000008000da90 0x0000000000000000
core   0: >>>>  inst_38040
core   0: 0x0000000080006820 (0x00100113) li      sp, 1
core   0: 3 0x0000000080006820 (0x00100113) x2  0x0000000000000001
core   0: 0x0000000080006824 (0x00c11113) slli    sp, sp, 12
core   0: 3 0x0000000080006824 (0x00c11113) x2  0x0000000000001000
core   0: 0x0000000080006828 (0x002181b3) add     gp, gp, sp
core   0: 3 0x0000000080006828 (0x002181b3) x3  0x000000008000b010
core   0: 0x000000008000682c (0x3201af07) flw     ft10, 800(gp)
core   0: 3 0x000000008000682c (0x3201af07) f30 0xffffffff7f3f6e88 mem 0x000000008000b330
core   0: 0x0000000080006830 (0x402181b3) sub     gp, gp, sp
core   0: 3 0x0000000080006830 (0x402181b3) x3  0x000000008000a010
core   0: 0x0000000080006834 (0x00100113) li      sp, 1
core   0: 3 0x0000000080006834 (0x00100113) x2  0x0000000000000001
core   0: 0x0000000080006838 (0x00c11113) slli    sp, sp, 12
core   0: 3 0x0000000080006838 (0x00c11113) x2  0x0000000000001000
core   0: 0x000000008000683c (0x002181b3) add     gp, gp, sp
core   0: 3 0x000000008000683c (0x002181b3) x3  0x000000008000b010
core   0: 0x0000000080006840 (0x3241ae87) flw     ft9, 804(gp)
core   0: 3 0x0000000080006840 (0x3241ae87) f29 0xffffffff80000000 mem 0x000000008000b334
core   0: 0x0000000080006844 (0x402181b3) sub     gp, gp, sp
core   0: 3 0x0000000080006844 (0x402181b3) x3  0x000000008000a010
core   0: 0x0000000080006848 (0x00100113) li      sp, 1
core   0: 3 0x0000000080006848 (0x00100113) x2  0x0000000000000001
core   0: 0x000000008000684c (0x00c11113) slli    sp, sp, 12
core   0: 3 0x000000008000684c (0x00c11113) x2  0x0000000000001000
core   0: 0x0000000080006850 (0x002181b3) add     gp, gp, sp
core   0: 3 0x0000000080006850 (0x002181b3) x3  0x000000008000b010
core   0: 0x0000000080006854 (0x3281ae07) flw     ft8, 808(gp)
core   0: 3 0x0000000080006854 (0x3281ae07) f28 0xffffffff8b7f8000 mem 0x000000008000b338
core   0: 0x0000000080006858 (0x402181b3) sub     gp, gp, sp
core   0: 3 0x0000000080006858 (0x402181b3) x3  0x000000008000a010
core   0: 0x000000008000685c (0x00000113) li      sp, 0
core   0: 3 0x000000008000685c (0x00000113) x2  0x0000000000000000
core   0: 0x0000000080006860 (0x00311073) csrw    fcsr, sp
core   0: 3 0x0000000080006860 (0x00311073) c1_fflags 0x0000000000000000 c2_frm 0x0000000000000000
core   0: 0x0000000080006864 (0xe1df7fc3) fmadd.s ft11, ft10, ft9, ft8
core   0: 3 0x0000000080006864 (0xe1df7fc3) f31 0xffffffff8b7f8000
core   0: 0x0000000080006868 (0x00302273) csrr    tp, fcsr
core   0: 3 0x0000000080006868 (0x00302273) x4  0x0000000000000000
core   0: 0x000000008000686c (0x19f0a027) fsw     ft11, 384(ra)
core   0: 3 0x000000008000686c (0x19f0a027) mem 0x000000008000da98 0x8b7f8000
core   0: 0x0000000080006870 (0x1840b423) sd      tp, 392(ra)
core   0: 3 0x0000000080006870 (0x1840b423) mem 0x000000008000daa0 0x0000000000000000
core   0: >>>>  inst_38041
core   0: 0x0000000080006874 (0x00100113) li      sp, 1
core   0: 3 0x0000000080006874 (0x00100113) x2  0x0000000000000001
core   0: 0x0000000080006878 (0x00c11113) slli    sp, sp, 12
core   0: 3 0x0000000080006878 (0x00c11113) x2  0x0000000000001000
core   0: 0x000000008000687c (0x002181b3) add     gp, gp, sp
core   0: 3 0x000000008000687c (0x002181b3) x3  0x000000008000b010
core   0: 0x0000000080006880 (0x32c1af07) flw     ft10, 812(gp)
core   0: 3 0x0000000080006880 (0x32c1af07) f30 0xffffffff7f3f6e88 mem 0x000000008000b33c
core   0: 0x0000000080006884 (0x402181b3) sub     gp, gp, sp
core   0: 3 0x0000000080006884 (0x402181b3) x3  0x000000008000a010
core   0: 0x0000000080006888 (0x00100113) li      sp, 1
core   0: 3 0x0000000080006888 (0x00100113) x2  0x0000000000000001
core   0: 0x000000008000688c (0x00c11113) slli    sp, sp, 12
core   0: 3 0x000000008000688c (0x00c11113) x2  0x0000000000001000
core   0: 0x0000000080006890 (0x002181b3) add     gp, gp, sp
core   0: 3 0x0000000080006890 (0x002181b3) x3  0x000000008000b010
core   0: 0x0000000080006894 (0x3301ae87) flw     ft9, 816(gp)
core   0: 3 0x0000000080006894 (0x3301ae87) f29 0xffffffff80000000 mem 0x000000008000b340
core   0: 0x0000000080006898 (0x402181b3) sub     gp, gp, sp
core   0: 3 0x0000000080006898 (0x402181b3) x3  0x000000008000a010
core   0: 0x000000008000689c (0x00100113) li      sp, 1
core   0: 3 0x000000008000689c (0x00100113) x2  0x0000000000000001
core   0: 0x00000000800068a0 (0x00c11113) slli    sp, sp, 12
core   0: 3 0x00000000800068a0 (0x00c11113) x2  0x0000000000001000
core   0: 0x00000000800068a4 (0x002181b3) add     gp, gp, sp
core   0: 3 0x00000000800068a4 (0x002181b3) x3  0x000000008000b010
core   0: 0x00000000800068a8 (0x3341ae07) flw     ft8, 820(gp)
core   0: 3 0x00000000800068a8 (0x3341ae07) f28 0xffffffff8b7fc000 mem 0x000000008000b344
core   0: 0x00000000800068ac (0x402181b3) sub     gp, gp, sp
core   0: 3 0x00000000800068ac (0x402181b3) x3  0x000000008000a010
core   0: 0x00000000800068b0 (0x00000113) li      sp, 0
core   0: 3 0x00000000800068b0 (0x00000113) x2  0x0000000000000000
core   0: 0x00000000800068b4 (0x00311073) csrw    fcsr, sp
core   0: 3 0x00000000800068b4 (0x00311073) c1_fflags 0x0000000000000000 c2_frm 0x0000000000000000
core   0: 0x00000000800068b8 (0xe1df7fc3) fmadd.s ft11, ft10, ft9, ft8
core   0: 3 0x00000000800068b8 (0xe1df7fc3) f31 0xffffffff8b7fc000
core   0: 0x00000000800068bc (0x00302273) csrr    tp, fcsr
core   0: 3 0x00000000800068bc (0x00302273) x4  0x0000000000000000
core   0: 0x00000000800068c0 (0x19f0a827) fsw     ft11, 400(ra)
core   0: 3 0x00000000800068c0 (0x19f0a827) mem 0x000000008000daa8 0x8b7fc000
core   0: 0x00000000800068c4 (0x1840bc23) sd      tp, 408(ra)
core   0: 3 0x00000000800068c4 (0x1840bc23) mem 0x000000008000dab0 0x0000000000000000
core   0: >>>>  inst_38042
core   0: 0x00000000800068c8 (0x00100113) li      sp, 1
core   0: 3 0x00000000800068c8 (0x00100113) x2  0x0000000000000001
core   0: 0x00000000800068cc (0x00c11113) slli    sp, sp, 12
core   0: 3 0x00000000800068cc (0x00c11113) x2  0x0000000000001000
core   0: 0x00000000800068d0 (0x002181b3) add     gp, gp, sp
core   0: 3 0x00000000800068d0 (0x002181b3) x3  0x000000008000b010
core   0: 0x00000000800068d4 (0x3381af07) flw     ft10, 824(gp)
core   0: 3 0x00000000800068d4 (0x3381af07) f30 0xffffffff7f3f6e88 mem 0x000000008000b348
core   0: 0x00000000800068d8 (0x402181b3) sub     gp, gp, sp
core   0: 3 0x00000000800068d8 (0x402181b3) x3  0x000000008000a010
core   0: 0x00000000800068dc (0x00100113) li      sp, 1
core   0: 3 0x00000000800068dc (0x00100113) x2  0x0000000000000001
core   0: 0x00000000800068e0 (0x00c11113) slli    sp, sp, 12
core   0: 3 0x00000000800068e0 (0x00c11113) x2  0x0000000000001000
core   0: 0x00000000800068e4 (0x002181b3) add     gp, gp, sp
core   0: 3 0x00000000800068e4 (0x002181b3) x3  0x000000008000b010
core   0: 0x00000000800068e8 (0x33c1ae87) flw     ft9, 828(gp)
core   0: 3 0x00000000800068e8 (0x33c1ae87) f29 0xffffffff80000000 mem 0x000000008000b34c
core   0: 0x00000000800068ec (0x402181b3) sub     gp, gp, sp
core   0: 3 0x00000000800068ec (0x402181b3) x3  0x000000008000a010
core   0: 0x00000000800068f0 (0x00100113) li      sp, 1
core   0: 3 0x00000000800068f0 (0x00100113) x2  0x0000000000000001
core   0: 0x00000000800068f4 (0x00c11113) slli    sp, sp, 12
core   0: 3 0x00000000800068f4 (0x00c11113) x2  0x0000000000001000
core   0: 0x00000000800068f8 (0x002181b3) add     gp, gp, sp
core   0: 3 0x00000000800068f8 (0x002181b3) x3  0x000000008000b010
core   0: 0x00000000800068fc (0x3401ae07) flw     ft8, 832(gp)
core   0: 3 0x00000000800068fc (0x3401ae07) f28 0xffffffff8b7fe000 mem 0x000000008000b350
core   0: 0x0000000080006900 (0x402181b3) sub     gp, gp, sp
core   0: 3 0x0000000080006900 (0x402181b3) x3  0x000000008000a010
core   0: 0x0000000080006904 (0x00000113) li      sp, 0
core   0: 3 0x0000000080006904 (0x00000113) x2  0x0000000000000000
core   0: 0x0000000080006908 (0x00311073) csrw    fcsr, sp
core   0: 3 0x0000000080006908 (0x00311073) c1_fflags 0x0000000000000000 c2_frm 0x0000000000000000
core   0: 0x000000008000690c (0xe1df7fc3) fmadd.s ft11, ft10, ft9, ft8
core   0: 3 0x000000008000690c (0xe1df7fc3) f31 0xffffffff8b7fe000
core   0: 0x0000000080006910 (0x00302273) csrr    tp, fcsr
core   0: 3 0x0000000080006910 (0x00302273) x4  0x0000000000000000
core   0: 0x0000000080006914 (0x1bf0a027) fsw     ft11, 416(ra)
core   0: 3 0x0000000080006914 (0x1bf0a027) mem 0x000000008000dab8 0x8b7fe000
core   0: 0x0000000080006918 (0x1a40b423) sd      tp, 424(ra)
core   0: 3 0x0000000080006918 (0x1a40b423) mem 0x000000008000dac0 0x0000000000000000
core   0: >>>>  inst_38043
core   0: 0x000000008000691c (0x00100113) li      sp, 1
core   0: 3 0x000000008000691c (0x00100113) x2  0x0000000000000001
core   0: 0x0000000080006920 (0x00c11113) slli    sp, sp, 12
core   0: 3 0x0000000080006920 (0x00c11113) x2  0x0000000000001000
core   0: 0x0000000080006924 (0x002181b3) add     gp, gp, sp
core   0: 3 0x0000000080006924 (0x002181b3) x3  0x000000008000b010
core   0: 0x0000000080006928 (0x3441af07) flw     ft10, 836(gp)
core   0: 3 0x0000000080006928 (0x3441af07) f30 0xffffffff7f3f6e88 mem 0x000000008000b354
core   0: 0x000000008000692c (0x402181b3) sub     gp, gp, sp
core   0: 3 0x000000008000692c (0x402181b3) x3  0x000000008000a010
core   0: 0x0000000080006930 (0x00100113) li      sp, 1
core   0: 3 0x0000000080006930 (0x00100113) x2  0x0000000000000001
core   0: 0x0000000080006934 (0x00c11113) slli    sp, sp, 12
core   0: 3 0x0000000080006934 (0x00c11113) x2  0x0000000000001000
core   0: 0x0000000080006938 (0x002181b3) add     gp, gp, sp
core   0: 3 0x0000000080006938 (0x002181b3) x3  0x000000008000b010
core   0: 0x000000008000693c (0x3481ae87) flw     ft9, 840(gp)
core   0: 3 0x000000008000693c (0x3481ae87) f29 0xffffffff80000000 mem 0x000000008000b358
core   0: 0x0000000080006940 (0x402181b3) sub     gp, gp, sp
core   0: 3 0x0000000080006940 (0x402181b3) x3  0x000000008000a010
core   0: 0x0000000080006944 (0x00100113) li      sp, 1
core   0: 3 0x0000000080006944 (0x00100113) x2  0x0000000000000001
core   0: 0x0000000080006948 (0x00c11113) slli    sp, sp, 12
core   0: 3 0x0000000080006948 (0x00c11113) x2  0x0000000000001000
core   0: 0x000000008000694c (0x002181b3) add     gp, gp, sp
core   0: 3 0x000000008000694c (0x002181b3) x3  0x000000008000b010
core   0: 0x0000000080006950 (0x34c1ae07) flw     ft8, 844(gp)
core   0: 3 0x0000000080006950 (0x34c1ae07) f28 0xffffffff8b7ff000 mem 0x000000008000b35c
core   0: 0x0000000080006954 (0x402181b3) sub     gp, gp, sp
core   0: 3 0x0000000080006954 (0x402181b3) x3  0x000000008000a010
core   0: 0x0000000080006958 (0x00000113) li      sp, 0
core   0: 3 0x0000000080006958 (0x00000113) x2  0x0000000000000000
core   0: 0x000000008000695c (0x00311073) csrw    fcsr, sp
core   0: 3 0x000000008000695c (0x00311073) c1_fflags 0x0000000000000000 c2_frm 0x0000000000000000
core   0: 0x0000000080006960 (0xe1df7fc3) fmadd.s ft11, ft10, ft9, ft8
core   0: 3 0x0000000080006960 (0xe1df7fc3) f31 0xffffffff8b7ff000
core   0: 0x0000000080006964 (0x00302273) csrr    tp, fcsr
core   0: 3 0x0000000080006964 (0x00302273) x4  0x0000000000000000
core   0: 0x0000000080006968 (0x1bf0a827) fsw     ft11, 432(ra)
core   0: 3 0x0000000080006968 (0x1bf0a827) mem 0x000000008000dac8 0x8b7ff000
core   0: 0x000000008000696c (0x1a40bc23) sd      tp, 440(ra)
core   0: 3 0x000000008000696c (0x1a40bc23) mem 0x000000008000dad0 0x0000000000000000
core   0: >>>>  inst_38044
core   0: 0x0000000080006970 (0x00100113) li      sp, 1
core   0: 3 0x0000000080006970 (0x00100113) x2  0x0000000000000001
core   0: 0x0000000080006974 (0x00c11113) slli    sp, sp, 12
core   0: 3 0x0000000080006974 (0x00c11113) x2  0x0000000000001000
core   0: 0x0000000080006978 (0x002181b3) add     gp, gp, sp
core   0: 3 0x0000000080006978 (0x002181b3) x3  0x000000008000b010
core   0: 0x000000008000697c (0x3501af07) flw     ft10, 848(gp)
core   0: 3 0x000000008000697c (0x3501af07) f30 0xffffffff7f3f6e88 mem 0x000000008000b360
core   0: 0x0000000080006980 (0x402181b3) sub     gp, gp, sp
core   0: 3 0x0000000080006980 (0x402181b3) x3  0x000000008000a010
core   0: 0x0000000080006984 (0x00100113) li      sp, 1
core   0: 3 0x0000000080006984 (0x00100113) x2  0x0000000000000001
core   0: 0x0000000080006988 (0x00c11113) slli    sp, sp, 12
core   0: 3 0x0000000080006988 (0x00c11113) x2  0x0000000000001000
core   0: 0x000000008000698c (0x002181b3) add     gp, gp, sp
core   0: 3 0x000000008000698c (0x002181b3) x3  0x000000008000b010
core   0: 0x0000000080006990 (0x3541ae87) flw     ft9, 852(gp)
core   0: 3 0x0000000080006990 (0x3541ae87) f29 0xffffffff80000000 mem 0x000000008000b364
core   0: 0x0000000080006994 (0x402181b3) sub     gp, gp, sp
core   0: 3 0x0000000080006994 (0x402181b3) x3  0x000000008000a010
core   0: 0x0000000080006998 (0x00100113) li      sp, 1
core   0: 3 0x0000000080006998 (0x00100113) x2  0x0000000000000001
core   0: 0x000000008000699c (0x00c11113) slli    sp, sp, 12
core   0: 3 0x000000008000699c (0x00c11113) x2  0x0000000000001000
core   0: 0x00000000800069a0 (0x002181b3) add     gp, gp, sp
core   0: 3 0x00000000800069a0 (0x002181b3) x3  0x000000008000b010
core   0: 0x00000000800069a4 (0x3581ae07) flw     ft8, 856(gp)
core   0: 3 0x00000000800069a4 (0x3581ae07) f28 0xffffffff8b7ff800 mem 0x000000008000b368
core   0: 0x00000000800069a8 (0x402181b3) sub     gp, gp, sp
core   0: 3 0x00000000800069a8 (0x402181b3) x3  0x000000008000a010
core   0: 0x00000000800069ac (0x00000113) li      sp, 0
core   0: 3 0x00000000800069ac (0x00000113) x2  0x0000000000000000
core   0: 0x00000000800069b0 (0x00311073) csrw    fcsr, sp
core   0: 3 0x00000000800069b0 (0x00311073) c1_fflags 0x0000000000000000 c2_frm 0x0000000000000000
core   0: 0x00000000800069b4 (0xe1df7fc3) fmadd.s ft11, ft10, ft9, ft8
core   0: 3 0x00000000800069b4 (0xe1df7fc3) f31 0xffffffff8b7ff800
core   0: 0x00000000800069b8 (0x00302273) csrr    tp, fcsr
core   0: 3 0x00000000800069b8 (0x00302273) x4  0x0000000000000000
core   0: 0x00000000800069bc (0x1df0a027) fsw     ft11, 448(ra)
core   0: 3 0x00000000800069bc (0x1df0a027) mem 0x000000008000dad8 0x8b7ff800
core   0: 0x00000000800069c0 (0x1c40b423) sd      tp, 456(ra)
core   0: 3 0x00000000800069c0 (0x1c40b423) mem 0x000000008000dae0 0x0000000000000000
core   0: >>>>  inst_38045
core   0: 0x00000000800069c4 (0x00100113) li      sp, 1
core   0: 3 0x00000000800069c4 (0x00100113) x2  0x0000000000000001
core   0: 0x00000000800069c8 (0x00c11113) slli    sp, sp, 12
core   0: 3 0x00000000800069c8 (0x00c11113) x2  0x0000000000001000
core   0: 0x00000000800069cc (0x002181b3) add     gp, gp, sp
core   0: 3 0x00000000800069cc (0x002181b3) x3  0x000000008000b010
core   0: 0x00000000800069d0 (0x35c1af07) flw     ft10, 860(gp)
core   0: 3 0x00000000800069d0 (0x35c1af07) f30 0xffffffff7f3f6e88 mem 0x000000008000b36c
core   0: 0x00000000800069d4 (0x402181b3) sub     gp, gp, sp
core   0: 3 0x00000000800069d4 (0x402181b3) x3  0x000000008000a010
core   0: 0x00000000800069d8 (0x00100113) li      sp, 1
core   0: 3 0x00000000800069d8 (0x00100113) x2  0x0000000000000001
core   0: 0x00000000800069dc (0x00c11113) slli    sp, sp, 12
core   0: 3 0x00000000800069dc (0x00c11113) x2  0x0000000000001000
core   0: 0x00000000800069e0 (0x002181b3) add     gp, gp, sp
core   0: 3 0x00000000800069e0 (0x002181b3) x3  0x000000008000b010
core   0: 0x00000000800069e4 (0x3601ae87) flw     ft9, 864(gp)
core   0: 3 0x00000000800069e4 (0x3601ae87) f29 0xffffffff80000000 mem 0x000000008000b370
core   0: 0x00000000800069e8 (0x402181b3) sub     gp, gp, sp
core   0: 3 0x00000000800069e8 (0x402181b3) x3  0x000000008000a010
core   0: 0x00000000800069ec (0x00100113) li      sp, 1
core   0: 3 0x00000000800069ec (0x00100113) x2  0x0000000000000001
core   0: 0x00000000800069f0 (0x00c11113) slli    sp, sp, 12
core   0: 3 0x00000000800069f0 (0x00c11113) x2  0x0000000000001000
core   0: 0x00000000800069f4 (0x002181b3) add     gp, gp, sp
core   0: 3 0x00000000800069f4 (0x002181b3) x3  0x000000008000b010
core   0: 0x00000000800069f8 (0x3641ae07) flw     ft8, 868(gp)
core   0: 3 0x00000000800069f8 (0x3641ae07) f28 0xffffffff8b7ffc00 mem 0x000000008000b374
core   0: 0x00000000800069fc (0x402181b3) sub     gp, gp, sp
core   0: 3 0x00000000800069fc (0x402181b3) x3  0x000000008000a010
core   0: 0x0000000080006a00 (0x00000113) li      sp, 0
core   0: 3 0x0000000080006a00 (0x00000113) x2  0x0000000000000000
core   0: 0x0000000080006a04 (0x00311073) csrw    fcsr, sp
core   0: 3 0x0000000080006a04 (0x00311073) c1_fflags 0x0000000000000000 c2_frm 0x0000000000000000
core   0: 0x0000000080006a08 (0xe1df7fc3) fmadd.s ft11, ft10, ft9, ft8
core   0: 3 0x0000000080006a08 (0xe1df7fc3) f31 0xffffffff8b7ffc00
core   0: 0x0000000080006a0c (0x00302273) csrr    tp, fcsr
core   0: 3 0x0000000080006a0c (0x00302273) x4  0x0000000000000000
core   0: 0x0000000080006a10 (0x1df0a827) fsw     ft11, 464(ra)
core   0: 3 0x0000000080006a10 (0x1df0a827) mem 0x000000008000dae8 0x8b7ffc00
core   0: 0x0000000080006a14 (0x1c40bc23) sd      tp, 472(ra)
core   0: 3 0x0000000080006a14 (0x1c40bc23) mem 0x000000008000daf0 0x0000000000000000
core   0: >>>>  inst_38046
core   0: 0x0000000080006a18 (0x00100113) li      sp, 1
core   0: 3 0x0000000080006a18 (0x00100113) x2  0x0000000000000001
core   0: 0x0000000080006a1c (0x00c11113) slli    sp, sp, 12
core   0: 3 0x0000000080006a1c (0x00c11113) x2  0x0000000000001000
core   0: 0x0000000080006a20 (0x002181b3) add     gp, gp, sp
core   0: 3 0x0000000080006a20 (0x002181b3) x3  0x000000008000b010
core   0: 0x0000000080006a24 (0x3681af07) flw     ft10, 872(gp)
core   0: 3 0x0000000080006a24 (0x3681af07) f30 0xffffffff7f3f6e88 mem 0x000000008000b378
core   0: 0x0000000080006a28 (0x402181b3) sub     gp, gp, sp
core   0: 3 0x0000000080006a28 (0x402181b3) x3  0x000000008000a010
core   0: 0x0000000080006a2c (0x00100113) li      sp, 1
core   0: 3 0x0000000080006a2c (0x00100113) x2  0x0000000000000001
core   0: 0x0000000080006a30 (0x00c11113) slli    sp, sp, 12
core   0: 3 0x0000000080006a30 (0x00c11113) x2  0x0000000000001000
core   0: 0x0000000080006a34 (0x002181b3) add     gp, gp, sp
core   0: 3 0x0000000080006a34 (0x002181b3) x3  0x000000008000b010
core   0: 0x0000000080006a38 (0x36c1ae87) flw     ft9, 876(gp)
core   0: 3 0x0000000080006a38 (0x36c1ae87) f29 0xffffffff80000000 mem 0x000000008000b37c
core   0: 0x0000000080006a3c (0x402181b3) sub     gp, gp, sp
core   0: 3 0x0000000080006a3c (0x402181b3) x3  0x000000008000a010
core   0: 0x0000000080006a40 (0x00100113) li      sp, 1
core   0: 3 0x0000000080006a40 (0x00100113) x2  0x0000000000000001
core   0: 0x0000000080006a44 (0x00c11113) slli    sp, sp, 12
core   0: 3 0x0000000080006a44 (0x00c11113) x2  0x0000000000001000
core   0: 0x0000000080006a48 (0x002181b3) add     gp, gp, sp
core   0: 3 0x0000000080006a48 (0x002181b3) x3  0x000000008000b010
core   0: 0x0000000080006a4c (0x3701ae07) flw     ft8, 880(gp)
core   0: 3 0x0000000080006a4c (0x3701ae07) f28 0xffffffff8b7ffe00 mem 0x000000008000b380
core   0: 0x0000000080006a50 (0x402181b3) sub     gp, gp, sp
core   0: 3 0x0000000080006a50 (0x402181b3) x3  0x000000008000a010
core   0: 0x0000000080006a54 (0x00000113) li      sp, 0
core   0: 3 0x0000000080006a54 (0x00000113) x2  0x0000000000000000
core   0: 0x0000000080006a58 (0x00311073) csrw    fcsr, sp
core   0: 3 0x0000000080006a58 (0x00311073) c1_fflags 0x0000000000000000 c2_frm 0x0000000000000000
core   0: 0x0000000080006a5c (0xe1df7fc3) fmadd.s ft11, ft10, ft9, ft8
core   0: 3 0x0000000080006a5c (0xe1df7fc3) f31 0xffffffff8b7ffe00
core   0: 0x0000000080006a60 (0x00302273) csrr    tp, fcsr
core   0: 3 0x0000000080006a60 (0x00302273) x4  0x0000000000000000
core   0: 0x0000000080006a64 (0x1ff0a027) fsw     ft11, 480(ra)
core   0: 3 0x0000000080006a64 (0x1ff0a027) mem 0x000000008000daf8 0x8b7ffe00
core   0: 0x0000000080006a68 (0x1e40b423) sd      tp, 488(ra)
core   0: 3 0x0000000080006a68 (0x1e40b423) mem 0x000000008000db00 0x0000000000000000
core   0: >>>>  inst_38047
core   0: 0x0000000080006a6c (0x00100113) li      sp, 1
core   0: 3 0x0000000080006a6c (0x00100113) x2  0x0000000000000001
core   0: 0x0000000080006a70 (0x00c11113) slli    sp, sp, 12
core   0: 3 0x0000000080006a70 (0x00c11113) x2  0x0000000000001000
core   0: 0x0000000080006a74 (0x002181b3) add     gp, gp, sp
core   0: 3 0x0000000080006a74 (0x002181b3) x3  0x000000008000b010
core   0: 0x0000000080006a78 (0x3741af07) flw     ft10, 884(gp)
core   0: 3 0x0000000080006a78 (0x3741af07) f30 0xffffffff7f3f6e88 mem 0x000000008000b384
core   0: 0x0000000080006a7c (0x402181b3) sub     gp, gp, sp
core   0: 3 0x0000000080006a7c (0x402181b3) x3  0x000000008000a010
core   0: 0x0000000080006a80 (0x00100113) li      sp, 1
core   0: 3 0x0000000080006a80 (0x00100113) x2  0x0000000000000001
core   0: 0x0000000080006a84 (0x00c11113) slli    sp, sp, 12
core   0: 3 0x0000000080006a84 (0x00c11113) x2  0x0000000000001000
core   0: 0x0000000080006a88 (0x002181b3) add     gp, gp, sp
core   0: 3 0x0000000080006a88 (0x002181b3) x3  0x000000008000b010
core   0: 0x0000000080006a8c (0x3781ae87) flw     ft9, 888(gp)
core   0: 3 0x0000000080006a8c (0x3781ae87) f29 0xffffffff80000000 mem 0x000000008000b388
core   0: 0x0000000080006a90 (0x402181b3) sub     gp, gp, sp
core   0: 3 0x0000000080006a90 (0x402181b3) x3  0x000000008000a010
core   0: 0x0000000080006a94 (0x00100113) li      sp, 1
core   0: 3 0x0000000080006a94 (0x00100113) x2  0x0000000000000001
core   0: 0x0000000080006a98 (0x00c11113) slli    sp, sp, 12
core   0: 3 0x0000000080006a98 (0x00c11113) x2  0x0000000000001000
core   0: 0x0000000080006a9c (0x002181b3) add     gp, gp, sp
core   0: 3 0x0000000080006a9c (0x002181b3) x3  0x000000008000b010
core   0: 0x0000000080006aa0 (0x37c1ae07) flw     ft8, 892(gp)
core   0: 3 0x0000000080006aa0 (0x37c1ae07) f28 0xffffffff8b7fff00 mem 0x000000008000b38c
core   0: 0x0000000080006aa4 (0x402181b3) sub     gp, gp, sp
core   0: 3 0x0000000080006aa4 (0x402181b3) x3  0x000000008000a010
core   0: 0x0000000080006aa8 (0x00000113) li      sp, 0
core   0: 3 0x0000000080006aa8 (0x00000113) x2  0x0000000000000000
core   0: 0x0000000080006aac (0x00311073) csrw    fcsr, sp
core   0: 3 0x0000000080006aac (0x00311073) c1_fflags 0x0000000000000000 c2_frm 0x0000000000000000
core   0: 0x0000000080006ab0 (0xe1df7fc3) fmadd.s ft11, ft10, ft9, ft8
core   0: 3 0x0000000080006ab0 (0xe1df7fc3) f31 0xffffffff8b7fff00
core   0: 0x0000000080006ab4 (0x00302273) csrr    tp, fcsr
core   0: 3 0x0000000080006ab4 (0x00302273) x4  0x0000000000000000
core   0: 0x0000000080006ab8 (0x1ff0a827) fsw     ft11, 496(ra)
core   0: 3 0x0000000080006ab8 (0x1ff0a827) mem 0x000000008000db08 0x8b7fff00
core   0: 0x0000000080006abc (0x1e40bc23) sd      tp, 504(ra)
core   0: 3 0x0000000080006abc (0x1e40bc23) mem 0x000000008000db10 0x0000000000000000
core   0: >>>>  inst_38048
core   0: 0x0000000080006ac0 (0x00100113) li      sp, 1
core   0: 3 0x0000000080006ac0 (0x00100113) x2  0x0000000000000001
core   0: 0x0000000080006ac4 (0x00c11113) slli    sp, sp, 12
core   0: 3 0x0000000080006ac4 (0x00c11113) x2  0x0000000000001000
core   0: 0x0000000080006ac8 (0x002181b3) add     gp, gp, sp
core   0: 3 0x0000000080006ac8 (0x002181b3) x3  0x000000008000b010
core   0: 0x0000000080006acc (0x3801af07) flw     ft10, 896(gp)
core   0: 3 0x0000000080006acc (0x3801af07) f30 0xffffffff7f3f6e88 mem 0x000000008000b390
core   0: 0x0000000080006ad0 (0x402181b3) sub     gp, gp, sp
core   0: 3 0x0000000080006ad0 (0x402181b3) x3  0x000000008000a010
core   0: 0x0000000080006ad4 (0x00100113) li      sp, 1
core   0: 3 0x0000000080006ad4 (0x00100113) x2  0x0000000000000001
core   0: 0x0000000080006ad8 (0x00c11113) slli    sp, sp, 12
core   0: 3 0x0000000080006ad8 (0x00c11113) x2  0x0000000000001000
core   0: 0x0000000080006adc (0x002181b3) add     gp, gp, sp
core   0: 3 0x0000000080006adc (0x002181b3) x3  0x000000008000b010
core   0: 0x0000000080006ae0 (0x3841ae87) flw     ft9, 900(gp)
core   0: 3 0x0000000080006ae0 (0x3841ae87) f29 0xffffffff80000000 mem 0x000000008000b394
core   0: 0x0000000080006ae4 (0x402181b3) sub     gp, gp, sp
core   0: 3 0x0000000080006ae4 (0x402181b3) x3  0x000000008000a010
core   0: 0x0000000080006ae8 (0x00100113) li      sp, 1
core   0: 3 0x0000000080006ae8 (0x00100113) x2  0x0000000000000001
core   0: 0x0000000080006aec (0x00c11113) slli    sp, sp, 12
core   0: 3 0x0000000080006aec (0x00c11113) x2  0x0000000000001000
core   0: 0x0000000080006af0 (0x002181b3) add     gp, gp, sp
core   0: 3 0x0000000080006af0 (0x002181b3) x3  0x000000008000b010
core   0: 0x0000000080006af4 (0x3881ae07) flw     ft8, 904(gp)
core   0: 3 0x0000000080006af4 (0x3881ae07) f28 0xffffffff8b7fff80 mem 0x000000008000b398
core   0: 0x0000000080006af8 (0x402181b3) sub     gp, gp, sp
core   0: 3 0x0000000080006af8 (0x402181b3) x3  0x000000008000a010
core   0: 0x0000000080006afc (0x00000113) li      sp, 0
core   0: 3 0x0000000080006afc (0x00000113) x2  0x0000000000000000
core   0: 0x0000000080006b00 (0x00311073) csrw    fcsr, sp
core   0: 3 0x0000000080006b00 (0x00311073) c1_fflags 0x0000000000000000 c2_frm 0x0000000000000000
core   0: 0x0000000080006b04 (0xe1df7fc3) fmadd.s ft11, ft10, ft9, ft8
core   0: 3 0x0000000080006b04 (0xe1df7fc3) f31 0xffffffff8b7fff80
core   0: 0x0000000080006b08 (0x00302273) csrr    tp, fcsr
core   0: 3 0x0000000080006b08 (0x00302273) x4  0x0000000000000000
core   0: 0x0000000080006b0c (0x21f0a027) fsw     ft11, 512(ra)
core   0: 3 0x0000000080006b0c (0x21f0a027) mem 0x000000008000db18 0x8b7fff80
core   0: 0x0000000080006b10 (0x2040b423) sd      tp, 520(ra)
core   0: 3 0x0000000080006b10 (0x2040b423) mem 0x000000008000db20 0x0000000000000000
core   0: >>>>  inst_38049
core   0: 0x0000000080006b14 (0x00100113) li      sp, 1
core   0: 3 0x0000000080006b14 (0x00100113) x2  0x0000000000000001
core   0: 0x0000000080006b18 (0x00c11113) slli    sp, sp, 12
core   0: 3 0x0000000080006b18 (0x00c11113) x2  0x0000000000001000
core   0: 0x0000000080006b1c (0x002181b3) add     gp, gp, sp
core   0: 3 0x0000000080006b1c (0x002181b3) x3  0x000000008000b010
core   0: 0x0000000080006b20 (0x38c1af07) flw     ft10, 908(gp)
core   0: 3 0x0000000080006b20 (0x38c1af07) f30 0xffffffff7f3f6e88 mem 0x000000008000b39c
core   0: 0x0000000080006b24 (0x402181b3) sub     gp, gp, sp
core   0: 3 0x0000000080006b24 (0x402181b3) x3  0x000000008000a010
core   0: 0x0000000080006b28 (0x00100113) li      sp, 1
core   0: 3 0x0000000080006b28 (0x00100113) x2  0x0000000000000001
core   0: 0x0000000080006b2c (0x00c11113) slli    sp, sp, 12
core   0: 3 0x0000000080006b2c (0x00c11113) x2  0x0000000000001000
core   0: 0x0000000080006b30 (0x002181b3) add     gp, gp, sp
core   0: 3 0x0000000080006b30 (0x002181b3) x3  0x000000008000b010
core   0: 0x0000000080006b34 (0x3901ae87) flw     ft9, 912(gp)
core   0: 3 0x0000000080006b34 (0x3901ae87) f29 0xffffffff80000000 mem 0x000000008000b3a0
core   0: 0x0000000080006b38 (0x402181b3) sub     gp, gp, sp
core   0: 3 0x0000000080006b38 (0x402181b3) x3  0x000000008000a010
core   0: 0x0000000080006b3c (0x00100113) li      sp, 1
core   0: 3 0x0000000080006b3c (0x00100113) x2  0x0000000000000001
core   0: 0x0000000080006b40 (0x00c11113) slli    sp, sp, 12
core   0: 3 0x0000000080006b40 (0x00c11113) x2  0x0000000000001000
core   0: 0x0000000080006b44 (0x002181b3) add     gp, gp, sp
core   0: 3 0x0000000080006b44 (0x002181b3) x3  0x000000008000b010
core   0: 0x0000000080006b48 (0x3941ae07) flw     ft8, 916(gp)
core   0: 3 0x0000000080006b48 (0x3941ae07) f28 0xffffffff8b7fffc0 mem 0x000000008000b3a4
core   0: 0x0000000080006b4c (0x402181b3) sub     gp, gp, sp
core   0: 3 0x0000000080006b4c (0x402181b3) x3  0x000000008000a010
core   0: 0x0000000080006b50 (0x00000113) li      sp, 0
core   0: 3 0x0000000080006b50 (0x00000113) x2  0x0000000000000000
core   0: 0x0000000080006b54 (0x00311073) csrw    fcsr, sp
core   0: 3 0x0000000080006b54 (0x00311073) c1_fflags 0x0000000000000000 c2_frm 0x0000000000000000
core   0: 0x0000000080006b58 (0xe1df7fc3) fmadd.s ft11, ft10, ft9, ft8
core   0: 3 0x0000000080006b58 (0xe1df7fc3) f31 0xffffffff8b7fffc0
core   0: 0x0000000080006b5c (0x00302273) csrr    tp, fcsr
core   0: 3 0x0000000080006b5c (0x00302273) x4  0x0000000000000000
core   0: 0x0000000080006b60 (0x21f0a827) fsw     ft11, 528(ra)
core   0: 3 0x0000000080006b60 (0x21f0a827) mem 0x000000008000db28 0x8b7fffc0
core   0: 0x0000000080006b64 (0x2040bc23) sd      tp, 536(ra)
core   0: 3 0x0000000080006b64 (0x2040bc23) mem 0x000000008000db30 0x0000000000000000
core   0: >>>>  inst_38050
core   0: 0x0000000080006b68 (0x00100113) li      sp, 1
core   0: 3 0x0000000080006b68 (0x00100113) x2  0x0000000000000001
core   0: 0x0000000080006b6c (0x00c11113) slli    sp, sp, 12
core   0: 3 0x0000000080006b6c (0x00c11113) x2  0x0000000000001000
core   0: 0x0000000080006b70 (0x002181b3) add     gp, gp, sp
core   0: 3 0x0000000080006b70 (0x002181b3) x3  0x000000008000b010
core   0: 0x0000000080006b74 (0x3981af07) flw     ft10, 920(gp)
core   0: 3 0x0000000080006b74 (0x3981af07) f30 0xffffffff7f3f6e88 mem 0x000000008000b3a8
core   0: 0x0000000080006b78 (0x402181b3) sub     gp, gp, sp
core   0: 3 0x0000000080006b78 (0x402181b3) x3  0x000000008000a010
core   0: 0x0000000080006b7c (0x00100113) li      sp, 1
core   0: 3 0x0000000080006b7c (0x00100113) x2  0x0000000000000001
core   0: 0x0000000080006b80 (0x00c11113) slli    sp, sp, 12
core   0: 3 0x0000000080006b80 (0x00c11113) x2  0x0000000000001000
core   0: 0x0000000080006b84 (0x002181b3) add     gp, gp, sp
core   0: 3 0x0000000080006b84 (0x002181b3) x3  0x000000008000b010
core   0: 0x0000000080006b88 (0x39c1ae87) flw     ft9, 924(gp)
core   0: 3 0x0000000080006b88 (0x39c1ae87) f29 0xffffffff80000000 mem 0x000000008000b3ac
core   0: 0x0000000080006b8c (0x402181b3) sub     gp, gp, sp
core   0: 3 0x0000000080006b8c (0x402181b3) x3  0x000000008000a010
core   0: 0x0000000080006b90 (0x00100113) li      sp, 1
core   0: 3 0x0000000080006b90 (0x00100113) x2  0x0000000000000001
core   0: 0x0000000080006b94 (0x00c11113) slli    sp, sp, 12
core   0: 3 0x0000000080006b94 (0x00c11113) x2  0x0000000000001000
core   0: 0x0000000080006b98 (0x002181b3) add     gp, gp, sp
core   0: 3 0x0000000080006b98 (0x002181b3) x3  0x000000008000b010
core   0: 0x0000000080006b9c (0x3a01ae07) flw     ft8, 928(gp)
core   0: 3 0x0000000080006b9c (0x3a01ae07) f28 0xffffffff8b7fffe0 mem 0x000000008000b3b0
core   0: 0x0000000080006ba0 (0x402181b3) sub     gp, gp, sp
core   0: 3 0x0000000080006ba0 (0x402181b3) x3  0x000000008000a010
core   0: 0x0000000080006ba4 (0x00000113) li      sp, 0
core   0: 3 0x0000000080006ba4 (0x00000113) x2  0x0000000000000000
core   0: 0x0000000080006ba8 (0x00311073) csrw    fcsr, sp
core   0: 3 0x0000000080006ba8 (0x00311073) c1_fflags 0x0000000000000000 c2_frm 0x0000000000000000
core   0: 0x0000000080006bac (0xe1df7fc3) fmadd.s ft11, ft10, ft9, ft8
core   0: 3 0x0000000080006bac (0xe1df7fc3) f31 0xffffffff8b7fffe0
core   0: 0x0000000080006bb0 (0x00302273) csrr    tp, fcsr
core   0: 3 0x0000000080006bb0 (0x00302273) x4  0x0000000000000000
core   0: 0x0000000080006bb4 (0x23f0a027) fsw     ft11, 544(ra)
core   0: 3 0x0000000080006bb4 (0x23f0a027) mem 0x000000008000db38 0x8b7fffe0
core   0: 0x0000000080006bb8 (0x2240b423) sd      tp, 552(ra)
core   0: 3 0x0000000080006bb8 (0x2240b423) mem 0x000000008000db40 0x0000000000000000
core   0: >>>>  inst_38051
core   0: 0x0000000080006bbc (0x00100113) li      sp, 1
core   0: 3 0x0000000080006bbc (0x00100113) x2  0x0000000000000001
core   0: 0x0000000080006bc0 (0x00c11113) slli    sp, sp, 12
core   0: 3 0x0000000080006bc0 (0x00c11113) x2  0x0000000000001000
core   0: 0x0000000080006bc4 (0x002181b3) add     gp, gp, sp
core   0: 3 0x0000000080006bc4 (0x002181b3) x3  0x000000008000b010
core   0: 0x0000000080006bc8 (0x3a41af07) flw     ft10, 932(gp)
core   0: 3 0x0000000080006bc8 (0x3a41af07) f30 0xffffffff7f3f6e88 mem 0x000000008000b3b4
core   0: 0x0000000080006bcc (0x402181b3) sub     gp, gp, sp
core   0: 3 0x0000000080006bcc (0x402181b3) x3  0x000000008000a010
core   0: 0x0000000080006bd0 (0x00100113) li      sp, 1
core   0: 3 0x0000000080006bd0 (0x00100113) x2  0x0000000000000001
core   0: 0x0000000080006bd4 (0x00c11113) slli    sp, sp, 12
core   0: 3 0x0000000080006bd4 (0x00c11113) x2  0x0000000000001000
core   0: 0x0000000080006bd8 (0x002181b3) add     gp, gp, sp
core   0: 3 0x0000000080006bd8 (0x002181b3) x3  0x000000008000b010
core   0: 0x0000000080006bdc (0x3a81ae87) flw     ft9, 936(gp)
core   0: 3 0x0000000080006bdc (0x3a81ae87) f29 0xffffffff80000000 mem 0x000000008000b3b8
core   0: 0x0000000080006be0 (0x402181b3) sub     gp, gp, sp
core   0: 3 0x0000000080006be0 (0x402181b3) x3  0x000000008000a010
core   0: 0x0000000080006be4 (0x00100113) li      sp, 1
core   0: 3 0x0000000080006be4 (0x00100113) x2  0x0000000000000001
core   0: 0x0000000080006be8 (0x00c11113) slli    sp, sp, 12
core   0: 3 0x0000000080006be8 (0x00c11113) x2  0x0000000000001000
core   0: 0x0000000080006bec (0x002181b3) add     gp, gp, sp
core   0: 3 0x0000000080006bec (0x002181b3) x3  0x000000008000b010
core   0: 0x0000000080006bf0 (0x3ac1ae07) flw     ft8, 940(gp)
core   0: 3 0x0000000080006bf0 (0x3ac1ae07) f28 0xffffffff8b7ffff0 mem 0x000000008000b3bc
core   0: 0x0000000080006bf4 (0x402181b3) sub     gp, gp, sp
core   0: 3 0x0000000080006bf4 (0x402181b3) x3  0x000000008000a010
core   0: 0x0000000080006bf8 (0x00000113) li      sp, 0
core   0: 3 0x0000000080006bf8 (0x00000113) x2  0x0000000000000000
core   0: 0x0000000080006bfc (0x00311073) csrw    fcsr, sp
core   0: 3 0x0000000080006bfc (0x00311073) c1_fflags 0x0000000000000000 c2_frm 0x0000000000000000
core   0: 0x0000000080006c00 (0xe1df7fc3) fmadd.s ft11, ft10, ft9, ft8
core   0: 3 0x0000000080006c00 (0xe1df7fc3) f31 0xffffffff8b7ffff0
core   0: 0x0000000080006c04 (0x00302273) csrr    tp, fcsr
core   0: 3 0x0000000080006c04 (0x00302273) x4  0x0000000000000000
core   0: 0x0000000080006c08 (0x23f0a827) fsw     ft11, 560(ra)
core   0: 3 0x0000000080006c08 (0x23f0a827) mem 0x000000008000db48 0x8b7ffff0
core   0: 0x0000000080006c0c (0x2240bc23) sd      tp, 568(ra)
core   0: 3 0x0000000080006c0c (0x2240bc23) mem 0x000000008000db50 0x0000000000000000
core   0: >>>>  inst_38052
core   0: 0x0000000080006c10 (0x00100113) li      sp, 1
core   0: 3 0x0000000080006c10 (0x00100113) x2  0x0000000000000001
core   0: 0x0000000080006c14 (0x00c11113) slli    sp, sp, 12
core   0: 3 0x0000000080006c14 (0x00c11113) x2  0x0000000000001000
core   0: 0x0000000080006c18 (0x002181b3) add     gp, gp, sp
core   0: 3 0x0000000080006c18 (0x002181b3) x3  0x000000008000b010
core   0: 0x0000000080006c1c (0x3b01af07) flw     ft10, 944(gp)
core   0: 3 0x0000000080006c1c (0x3b01af07) f30 0xffffffff7f3f6e88 mem 0x000000008000b3c0
core   0: 0x0000000080006c20 (0x402181b3) sub     gp, gp, sp
core   0: 3 0x0000000080006c20 (0x402181b3) x3  0x000000008000a010
core   0: 0x0000000080006c24 (0x00100113) li      sp, 1
core   0: 3 0x0000000080006c24 (0x00100113) x2  0x0000000000000001
core   0: 0x0000000080006c28 (0x00c11113) slli    sp, sp, 12
core   0: 3 0x0000000080006c28 (0x00c11113) x2  0x0000000000001000
core   0: 0x0000000080006c2c (0x002181b3) add     gp, gp, sp
core   0: 3 0x0000000080006c2c (0x002181b3) x3  0x000000008000b010
core   0: 0x0000000080006c30 (0x3b41ae87) flw     ft9, 948(gp)
core   0: 3 0x0000000080006c30 (0x3b41ae87) f29 0xffffffff80000000 mem 0x000000008000b3c4
core   0: 0x0000000080006c34 (0x402181b3) sub     gp, gp, sp
core   0: 3 0x0000000080006c34 (0x402181b3) x3  0x000000008000a010
core   0: 0x0000000080006c38 (0x00100113) li      sp, 1
core   0: 3 0x0000000080006c38 (0x00100113) x2  0x0000000000000001
core   0: 0x0000000080006c3c (0x00c11113) slli    sp, sp, 12
core   0: 3 0x0000000080006c3c (0x00c11113) x2  0x0000000000001000
core   0: 0x0000000080006c40 (0x002181b3) add     gp, gp, sp
core   0: 3 0x0000000080006c40 (0x002181b3) x3  0x000000008000b010
core   0: 0x0000000080006c44 (0x3b81ae07) flw     ft8, 952(gp)
core   0: 3 0x0000000080006c44 (0x3b81ae07) f28 0xffffffff8b7ffff8 mem 0x000000008000b3c8
core   0: 0x0000000080006c48 (0x402181b3) sub     gp, gp, sp
core   0: 3 0x0000000080006c48 (0x402181b3) x3  0x000000008000a010
core   0: 0x0000000080006c4c (0x00000113) li      sp, 0
core   0: 3 0x0000000080006c4c (0x00000113) x2  0x0000000000000000
core   0: 0x0000000080006c50 (0x00311073) csrw    fcsr, sp
core   0: 3 0x0000000080006c50 (0x00311073) c1_fflags 0x0000000000000000 c2_frm 0x0000000000000000
core   0: 0x0000000080006c54 (0xe1df7fc3) fmadd.s ft11, ft10, ft9, ft8
core   0: 3 0x0000000080006c54 (0xe1df7fc3) f31 0xffffffff8b7ffff8
core   0: 0x0000000080006c58 (0x00302273) csrr    tp, fcsr
core   0: 3 0x0000000080006c58 (0x00302273) x4  0x0000000000000000
core   0: 0x0000000080006c5c (0x25f0a027) fsw     ft11, 576(ra)
core   0: 3 0x0000000080006c5c (0x25f0a027) mem 0x000000008000db58 0x8b7ffff8
core   0: 0x0000000080006c60 (0x2440b423) sd      tp, 584(ra)
core   0: 3 0x0000000080006c60 (0x2440b423) mem 0x000000008000db60 0x0000000000000000
core   0: >>>>  inst_38053
core   0: 0x0000000080006c64 (0x00100113) li      sp, 1
core   0: 3 0x0000000080006c64 (0x00100113) x2  0x0000000000000001
core   0: 0x0000000080006c68 (0x00c11113) slli    sp, sp, 12
core   0: 3 0x0000000080006c68 (0x00c11113) x2  0x0000000000001000
core   0: 0x0000000080006c6c (0x002181b3) add     gp, gp, sp
core   0: 3 0x0000000080006c6c (0x002181b3) x3  0x000000008000b010
core   0: 0x0000000080006c70 (0x3bc1af07) flw     ft10, 956(gp)
core   0: 3 0x0000000080006c70 (0x3bc1af07) f30 0xffffffff7f3f6e88 mem 0x000000008000b3cc
core   0: 0x0000000080006c74 (0x402181b3) sub     gp, gp, sp
core   0: 3 0x0000000080006c74 (0x402181b3) x3  0x000000008000a010
core   0: 0x0000000080006c78 (0x00100113) li      sp, 1
core   0: 3 0x0000000080006c78 (0x00100113) x2  0x0000000000000001
core   0: 0x0000000080006c7c (0x00c11113) slli    sp, sp, 12
core   0: 3 0x0000000080006c7c (0x00c11113) x2  0x0000000000001000
core   0: 0x0000000080006c80 (0x002181b3) add     gp, gp, sp
core   0: 3 0x0000000080006c80 (0x002181b3) x3  0x000000008000b010
core   0: 0x0000000080006c84 (0x3c01ae87) flw     ft9, 960(gp)
core   0: 3 0x0000000080006c84 (0x3c01ae87) f29 0xffffffff80000000 mem 0x000000008000b3d0
core   0: 0x0000000080006c88 (0x402181b3) sub     gp, gp, sp
core   0: 3 0x0000000080006c88 (0x402181b3) x3  0x000000008000a010
core   0: 0x0000000080006c8c (0x00100113) li      sp, 1
core   0: 3 0x0000000080006c8c (0x00100113) x2  0x0000000000000001
core   0: 0x0000000080006c90 (0x00c11113) slli    sp, sp, 12
core   0: 3 0x0000000080006c90 (0x00c11113) x2  0x0000000000001000
core   0: 0x0000000080006c94 (0x002181b3) add     gp, gp, sp
core   0: 3 0x0000000080006c94 (0x002181b3) x3  0x000000008000b010
core   0: 0x0000000080006c98 (0x3c41ae07) flw     ft8, 964(gp)
core   0: 3 0x0000000080006c98 (0x3c41ae07) f28 0xffffffff8b7ffffc mem 0x000000008000b3d4
core   0: 0x0000000080006c9c (0x402181b3) sub     gp, gp, sp
core   0: 3 0x0000000080006c9c (0x402181b3) x3  0x000000008000a010
core   0: 0x0000000080006ca0 (0x00000113) li      sp, 0
core   0: 3 0x0000000080006ca0 (0x00000113) x2  0x0000000000000000
core   0: 0x0000000080006ca4 (0x00311073) csrw    fcsr, sp
core   0: 3 0x0000000080006ca4 (0x00311073) c1_fflags 0x0000000000000000 c2_frm 0x0000000000000000
core   0: 0x0000000080006ca8 (0xe1df7fc3) fmadd.s ft11, ft10, ft9, ft8
core   0: 3 0x0000000080006ca8 (0xe1df7fc3) f31 0xffffffff8b7ffffc
core   0: 0x0000000080006cac (0x00302273) csrr    tp, fcsr
core   0: 3 0x0000000080006cac (0x00302273) x4  0x0000000000000000
core   0: 0x0000000080006cb0 (0x25f0a827) fsw     ft11, 592(ra)
core   0: 3 0x0000000080006cb0 (0x25f0a827) mem 0x000000008000db68 0x8b7ffffc
core   0: 0x0000000080006cb4 (0x2440bc23) sd      tp, 600(ra)
core   0: 3 0x0000000080006cb4 (0x2440bc23) mem 0x000000008000db70 0x0000000000000000
core   0: >>>>  inst_38054
core   0: 0x0000000080006cb8 (0x00100113) li      sp, 1
core   0: 3 0x0000000080006cb8 (0x00100113) x2  0x0000000000000001
core   0: 0x0000000080006cbc (0x00c11113) slli    sp, sp, 12
core   0: 3 0x0000000080006cbc (0x00c11113) x2  0x0000000000001000
core   0: 0x0000000080006cc0 (0x002181b3) add     gp, gp, sp
core   0: 3 0x0000000080006cc0 (0x002181b3) x3  0x000000008000b010
core   0: 0x0000000080006cc4 (0x3c81af07) flw     ft10, 968(gp)
core   0: 3 0x0000000080006cc4 (0x3c81af07) f30 0xffffffff7f3f6e88 mem 0x000000008000b3d8
core   0: 0x0000000080006cc8 (0x402181b3) sub     gp, gp, sp
core   0: 3 0x0000000080006cc8 (0x402181b3) x3  0x000000008000a010
core   0: 0x0000000080006ccc (0x00100113) li      sp, 1
core   0: 3 0x0000000080006ccc (0x00100113) x2  0x0000000000000001
core   0: 0x0000000080006cd0 (0x00c11113) slli    sp, sp, 12
core   0: 3 0x0000000080006cd0 (0x00c11113) x2  0x0000000000001000
core   0: 0x0000000080006cd4 (0x002181b3) add     gp, gp, sp
core   0: 3 0x0000000080006cd4 (0x002181b3) x3  0x000000008000b010
core   0: 0x0000000080006cd8 (0x3cc1ae87) flw     ft9, 972(gp)
core   0: 3 0x0000000080006cd8 (0x3cc1ae87) f29 0xffffffff80000000 mem 0x000000008000b3dc
core   0: 0x0000000080006cdc (0x402181b3) sub     gp, gp, sp
core   0: 3 0x0000000080006cdc (0x402181b3) x3  0x000000008000a010
core   0: 0x0000000080006ce0 (0x00100113) li      sp, 1
core   0: 3 0x0000000080006ce0 (0x00100113) x2  0x0000000000000001
core   0: 0x0000000080006ce4 (0x00c11113) slli    sp, sp, 12
core   0: 3 0x0000000080006ce4 (0x00c11113) x2  0x0000000000001000
core   0: 0x0000000080006ce8 (0x002181b3) add     gp, gp, sp
core   0: 3 0x0000000080006ce8 (0x002181b3) x3  0x000000008000b010
core   0: 0x0000000080006cec (0x3d01ae07) flw     ft8, 976(gp)
core   0: 3 0x0000000080006cec (0x3d01ae07) f28 0xffffffff8b7ffffe mem 0x000000008000b3e0
core   0: 0x0000000080006cf0 (0x402181b3) sub     gp, gp, sp
core   0: 3 0x0000000080006cf0 (0x402181b3) x3  0x000000008000a010
core   0: 0x0000000080006cf4 (0x00000113) li      sp, 0
core   0: 3 0x0000000080006cf4 (0x00000113) x2  0x0000000000000000
core   0: 0x0000000080006cf8 (0x00311073) csrw    fcsr, sp
core   0: 3 0x0000000080006cf8 (0x00311073) c1_fflags 0x0000000000000000 c2_frm 0x0000000000000000
core   0: 0x0000000080006cfc (0xe1df7fc3) fmadd.s ft11, ft10, ft9, ft8
core   0: 3 0x0000000080006cfc (0xe1df7fc3) f31 0xffffffff8b7ffffe
core   0: 0x0000000080006d00 (0x00302273) csrr    tp, fcsr
core   0: 3 0x0000000080006d00 (0x00302273) x4  0x0000000000000000
core   0: 0x0000000080006d04 (0x27f0a027) fsw     ft11, 608(ra)
core   0: 3 0x0000000080006d04 (0x27f0a027) mem 0x000000008000db78 0x8b7ffffe
core   0: 0x0000000080006d08 (0x2640b423) sd      tp, 616(ra)
core   0: 3 0x0000000080006d08 (0x2640b423) mem 0x000000008000db80 0x0000000000000000
core   0: >>>>  inst_38055
core   0: 0x0000000080006d0c (0x00100113) li      sp, 1
core   0: 3 0x0000000080006d0c (0x00100113) x2  0x0000000000000001
core   0: 0x0000000080006d10 (0x00c11113) slli    sp, sp, 12
core   0: 3 0x0000000080006d10 (0x00c11113) x2  0x0000000000001000
core   0: 0x0000000080006d14 (0x002181b3) add     gp, gp, sp
core   0: 3 0x0000000080006d14 (0x002181b3) x3  0x000000008000b010
core   0: 0x0000000080006d18 (0x3d41af07) flw     ft10, 980(gp)
core   0: 3 0x0000000080006d18 (0x3d41af07) f30 0xffffffff7f3f6e88 mem 0x000000008000b3e4
core   0: 0x0000000080006d1c (0x402181b3) sub     gp, gp, sp
core   0: 3 0x0000000080006d1c (0x402181b3) x3  0x000000008000a010
core   0: 0x0000000080006d20 (0x00100113) li      sp, 1
core   0: 3 0x0000000080006d20 (0x00100113) x2  0x0000000000000001
core   0: 0x0000000080006d24 (0x00c11113) slli    sp, sp, 12
core   0: 3 0x0000000080006d24 (0x00c11113) x2  0x0000000000001000
core   0: 0x0000000080006d28 (0x002181b3) add     gp, gp, sp
core   0: 3 0x0000000080006d28 (0x002181b3) x3  0x000000008000b010
core   0: 0x0000000080006d2c (0x3d81ae87) flw     ft9, 984(gp)
core   0: 3 0x0000000080006d2c (0x3d81ae87) f29 0xffffffff80000000 mem 0x000000008000b3e8
core   0: 0x0000000080006d30 (0x402181b3) sub     gp, gp, sp
core   0: 3 0x0000000080006d30 (0x402181b3) x3  0x000000008000a010
core   0: 0x0000000080006d34 (0x00100113) li      sp, 1
core   0: 3 0x0000000080006d34 (0x00100113) x2  0x0000000000000001
core   0: 0x0000000080006d38 (0x00c11113) slli    sp, sp, 12
core   0: 3 0x0000000080006d38 (0x00c11113) x2  0x0000000000001000
core   0: 0x0000000080006d3c (0x002181b3) add     gp, gp, sp
core   0: 3 0x0000000080006d3c (0x002181b3) x3  0x000000008000b010
core   0: 0x0000000080006d40 (0x3dc1ae07) flw     ft8, 988(gp)
core   0: 3 0x0000000080006d40 (0x3dc1ae07) f28 0xffffffff8b7fffff mem 0x000000008000b3ec
core   0: 0x0000000080006d44 (0x402181b3) sub     gp, gp, sp
core   0: 3 0x0000000080006d44 (0x402181b3) x3  0x000000008000a010
core   0: 0x0000000080006d48 (0x00000113) li      sp, 0
core   0: 3 0x0000000080006d48 (0x00000113) x2  0x0000000000000000
core   0: 0x0000000080006d4c (0x00311073) csrw    fcsr, sp
core   0: 3 0x0000000080006d4c (0x00311073) c1_fflags 0x0000000000000000 c2_frm 0x0000000000000000
core   0: 0x0000000080006d50 (0xe1df7fc3) fmadd.s ft11, ft10, ft9, ft8
core   0: 3 0x0000000080006d50 (0xe1df7fc3) f31 0xffffffff8b7fffff
core   0: 0x0000000080006d54 (0x00302273) csrr    tp, fcsr
core   0: 3 0x0000000080006d54 (0x00302273) x4  0x0000000000000000
core   0: 0x0000000080006d58 (0x27f0a827) fsw     ft11, 624(ra)
core   0: 3 0x0000000080006d58 (0x27f0a827) mem 0x000000008000db88 0x8b7fffff
core   0: 0x0000000080006d5c (0x2640bc23) sd      tp, 632(ra)
core   0: 3 0x0000000080006d5c (0x2640bc23) mem 0x000000008000db90 0x0000000000000000
core   0: >>>>  inst_38056
core   0: 0x0000000080006d60 (0x00100113) li      sp, 1
core   0: 3 0x0000000080006d60 (0x00100113) x2  0x0000000000000001
core   0: 0x0000000080006d64 (0x00c11113) slli    sp, sp, 12
core   0: 3 0x0000000080006d64 (0x00c11113) x2  0x0000000000001000
core   0: 0x0000000080006d68 (0x002181b3) add     gp, gp, sp
core   0: 3 0x0000000080006d68 (0x002181b3) x3  0x000000008000b010
core   0: 0x0000000080006d6c (0x3e01af07) flw     ft10, 992(gp)
core   0: 3 0x0000000080006d6c (0x3e01af07) f30 0xffffffff7f3fd416 mem 0x000000008000b3f0
core   0: 0x0000000080006d70 (0x402181b3) sub     gp, gp, sp
core   0: 3 0x0000000080006d70 (0x402181b3) x3  0x000000008000a010
core   0: 0x0000000080006d74 (0x00100113) li      sp, 1
core   0: 3 0x0000000080006d74 (0x00100113) x2  0x0000000000000001
core   0: 0x0000000080006d78 (0x00c11113) slli    sp, sp, 12
core   0: 3 0x0000000080006d78 (0x00c11113) x2  0x0000000000001000
core   0: 0x0000000080006d7c (0x002181b3) add     gp, gp, sp
core   0: 3 0x0000000080006d7c (0x002181b3) x3  0x000000008000b010
core   0: 0x0000000080006d80 (0x3e41ae87) flw     ft9, 996(gp)
core   0: 3 0x0000000080006d80 (0x3e41ae87) f29 0xffffffff80000000 mem 0x000000008000b3f4
core   0: 0x0000000080006d84 (0x402181b3) sub     gp, gp, sp
core   0: 3 0x0000000080006d84 (0x402181b3) x3  0x000000008000a010
core   0: 0x0000000080006d88 (0x00100113) li      sp, 1
core   0: 3 0x0000000080006d88 (0x00100113) x2  0x0000000000000001
core   0: 0x0000000080006d8c (0x00c11113) slli    sp, sp, 12
core   0: 3 0x0000000080006d8c (0x00c11113) x2  0x0000000000001000
core   0: 0x0000000080006d90 (0x002181b3) add     gp, gp, sp
core   0: 3 0x0000000080006d90 (0x002181b3) x3  0x000000008000b010
core   0: 0x0000000080006d94 (0x3e81ae07) flw     ft8, 1000(gp)
core   0: 3 0x0000000080006d94 (0x3e81ae07) f28 0xffffffff80000001 mem 0x000000008000b3f8
core   0: 0x0000000080006d98 (0x402181b3) sub     gp, gp, sp
core   0: 3 0x0000000080006d98 (0x402181b3) x3  0x000000008000a010
core   0: 0x0000000080006d9c (0x00000113) li      sp, 0
core   0: 3 0x0000000080006d9c (0x00000113) x2  0x0000000000000000
core   0: 0x0000000080006da0 (0x00311073) csrw    fcsr, sp
core   0: 3 0x0000000080006da0 (0x00311073) c1_fflags 0x0000000000000000 c2_frm 0x0000000000000000
core   0: 0x0000000080006da4 (0xe1df7fc3) fmadd.s ft11, ft10, ft9, ft8
core   0: 3 0x0000000080006da4 (0xe1df7fc3) f31 0xffffffff80000001
core   0: 0x0000000080006da8 (0x00302273) csrr    tp, fcsr
core   0: 3 0x0000000080006da8 (0x00302273) x4  0x0000000000000000
core   0: 0x0000000080006dac (0x29f0a027) fsw     ft11, 640(ra)
core   0: 3 0x0000000080006dac (0x29f0a027) mem 0x000000008000db98 0x80000001
core   0: 0x0000000080006db0 (0x2840b423) sd      tp, 648(ra)
core   0: 3 0x0000000080006db0 (0x2840b423) mem 0x000000008000dba0 0x0000000000000000
core   0: >>>>  inst_38057
core   0: 0x0000000080006db4 (0x00100113) li      sp, 1
core   0: 3 0x0000000080006db4 (0x00100113) x2  0x0000000000000001
core   0: 0x0000000080006db8 (0x00c11113) slli    sp, sp, 12
core   0: 3 0x0000000080006db8 (0x00c11113) x2  0x0000000000001000
core   0: 0x0000000080006dbc (0x002181b3) add     gp, gp, sp
core   0: 3 0x0000000080006dbc (0x002181b3) x3  0x000000008000b010
core   0: 0x0000000080006dc0 (0x3ec1af07) flw     ft10, 1004(gp)
core   0: 3 0x0000000080006dc0 (0x3ec1af07) f30 0xffffffff7f3fd416 mem 0x000000008000b3fc
core   0: 0x0000000080006dc4 (0x402181b3) sub     gp, gp, sp
core   0: 3 0x0000000080006dc4 (0x402181b3) x3  0x000000008000a010
core   0: 0x0000000080006dc8 (0x00100113) li      sp, 1
core   0: 3 0x0000000080006dc8 (0x00100113) x2  0x0000000000000001
core   0: 0x0000000080006dcc (0x00c11113) slli    sp, sp, 12
core   0: 3 0x0000000080006dcc (0x00c11113) x2  0x0000000000001000
core   0: 0x0000000080006dd0 (0x002181b3) add     gp, gp, sp
core   0: 3 0x0000000080006dd0 (0x002181b3) x3  0x000000008000b010
core   0: 0x0000000080006dd4 (0x3f01ae87) flw     ft9, 1008(gp)
core   0: 3 0x0000000080006dd4 (0x3f01ae87) f29 0xffffffff80000000 mem 0x000000008000b400
core   0: 0x0000000080006dd8 (0x402181b3) sub     gp, gp, sp
core   0: 3 0x0000000080006dd8 (0x402181b3) x3  0x000000008000a010
core   0: 0x0000000080006ddc (0x00100113) li      sp, 1
core   0: 3 0x0000000080006ddc (0x00100113) x2  0x0000000000000001
core   0: 0x0000000080006de0 (0x00c11113) slli    sp, sp, 12
core   0: 3 0x0000000080006de0 (0x00c11113) x2  0x0000000000001000
core   0: 0x0000000080006de4 (0x002181b3) add     gp, gp, sp
core   0: 3 0x0000000080006de4 (0x002181b3) x3  0x000000008000b010
core   0: 0x0000000080006de8 (0x3f41ae07) flw     ft8, 1012(gp)
core   0: 3 0x0000000080006de8 (0x3f41ae07) f28 0xffffffff80000003 mem 0x000000008000b404
core   0: 0x0000000080006dec (0x402181b3) sub     gp, gp, sp
core   0: 3 0x0000000080006dec (0x402181b3) x3  0x000000008000a010
core   0: 0x0000000080006df0 (0x00000113) li      sp, 0
core   0: 3 0x0000000080006df0 (0x00000113) x2  0x0000000000000000
core   0: 0x0000000080006df4 (0x00311073) csrw    fcsr, sp
core   0: 3 0x0000000080006df4 (0x00311073) c1_fflags 0x0000000000000000 c2_frm 0x0000000000000000
core   0: 0x0000000080006df8 (0xe1df7fc3) fmadd.s ft11, ft10, ft9, ft8
core   0: 3 0x0000000080006df8 (0xe1df7fc3) f31 0xffffffff80000003
core   0: 0x0000000080006dfc (0x00302273) csrr    tp, fcsr
core   0: 3 0x0000000080006dfc (0x00302273) x4  0x0000000000000000
core   0: 0x0000000080006e00 (0x29f0a827) fsw     ft11, 656(ra)
core   0: 3 0x0000000080006e00 (0x29f0a827) mem 0x000000008000dba8 0x80000003
core   0: 0x0000000080006e04 (0x2840bc23) sd      tp, 664(ra)
core   0: 3 0x0000000080006e04 (0x2840bc23) mem 0x000000008000dbb0 0x0000000000000000
core   0: >>>>  inst_38058
core   0: 0x0000000080006e08 (0x00100113) li      sp, 1
core   0: 3 0x0000000080006e08 (0x00100113) x2  0x0000000000000001
core   0: 0x0000000080006e0c (0x00c11113) slli    sp, sp, 12
core   0: 3 0x0000000080006e0c (0x00c11113) x2  0x0000000000001000
core   0: 0x0000000080006e10 (0x002181b3) add     gp, gp, sp
core   0: 3 0x0000000080006e10 (0x002181b3) x3  0x000000008000b010
core   0: 0x0000000080006e14 (0x3f81af07) flw     ft10, 1016(gp)
core   0: 3 0x0000000080006e14 (0x3f81af07) f30 0xffffffff7f3fd416 mem 0x000000008000b408
core   0: 0x0000000080006e18 (0x402181b3) sub     gp, gp, sp
core   0: 3 0x0000000080006e18 (0x402181b3) x3  0x000000008000a010
core   0: 0x0000000080006e1c (0x00100113) li      sp, 1
core   0: 3 0x0000000080006e1c (0x00100113) x2  0x0000000000000001
core   0: 0x0000000080006e20 (0x00c11113) slli    sp, sp, 12
core   0: 3 0x0000000080006e20 (0x00c11113) x2  0x0000000000001000
core   0: 0x0000000080006e24 (0x002181b3) add     gp, gp, sp
core   0: 3 0x0000000080006e24 (0x002181b3) x3  0x000000008000b010
core   0: 0x0000000080006e28 (0x3fc1ae87) flw     ft9, 1020(gp)
core   0: 3 0x0000000080006e28 (0x3fc1ae87) f29 0xffffffff80000000 mem 0x000000008000b40c
core   0: 0x0000000080006e2c (0x402181b3) sub     gp, gp, sp
core   0: 3 0x0000000080006e2c (0x402181b3) x3  0x000000008000a010
core   0: 0x0000000080006e30 (0x00100113) li      sp, 1
core   0: 3 0x0000000080006e30 (0x00100113) x2  0x0000000000000001
core   0: 0x0000000080006e34 (0x00c11113) slli    sp, sp, 12
core   0: 3 0x0000000080006e34 (0x00c11113) x2  0x0000000000001000
core   0: 0x0000000080006e38 (0x002181b3) add     gp, gp, sp
core   0: 3 0x0000000080006e38 (0x002181b3) x3  0x000000008000b010
core   0: 0x0000000080006e3c (0x4001ae07) flw     ft8, 1024(gp)
core   0: 3 0x0000000080006e3c (0x4001ae07) f28 0xffffffff80000007 mem 0x000000008000b410
core   0: 0x0000000080006e40 (0x402181b3) sub     gp, gp, sp
core   0: 3 0x0000000080006e40 (0x402181b3) x3  0x000000008000a010
core   0: 0x0000000080006e44 (0x00000113) li      sp, 0
core   0: 3 0x0000000080006e44 (0x00000113) x2  0x0000000000000000
core   0: 0x0000000080006e48 (0x00311073) csrw    fcsr, sp
core   0: 3 0x0000000080006e48 (0x00311073) c1_fflags 0x0000000000000000 c2_frm 0x0000000000000000
core   0: 0x0000000080006e4c (0xe1df7fc3) fmadd.s ft11, ft10, ft9, ft8
core   0: 3 0x0000000080006e4c (0xe1df7fc3) f31 0xffffffff80000007
core   0: 0x0000000080006e50 (0x00302273) csrr    tp, fcsr
core   0: 3 0x0000000080006e50 (0x00302273) x4  0x0000000000000000
core   0: 0x0000000080006e54 (0x2bf0a027) fsw     ft11, 672(ra)
core   0: 3 0x0000000080006e54 (0x2bf0a027) mem 0x000000008000dbb8 0x80000007
core   0: 0x0000000080006e58 (0x2a40b423) sd      tp, 680(ra)
core   0: 3 0x0000000080006e58 (0x2a40b423) mem 0x000000008000dbc0 0x0000000000000000
core   0: >>>>  inst_38059
core   0: 0x0000000080006e5c (0x00100113) li      sp, 1
core   0: 3 0x0000000080006e5c (0x00100113) x2  0x0000000000000001
core   0: 0x0000000080006e60 (0x00c11113) slli    sp, sp, 12
core   0: 3 0x0000000080006e60 (0x00c11113) x2  0x0000000000001000
core   0: 0x0000000080006e64 (0x002181b3) add     gp, gp, sp
core   0: 3 0x0000000080006e64 (0x002181b3) x3  0x000000008000b010
core   0: 0x0000000080006e68 (0x4041af07) flw     ft10, 1028(gp)
core   0: 3 0x0000000080006e68 (0x4041af07) f30 0xffffffff7f3fd416 mem 0x000000008000b414
core   0: 0x0000000080006e6c (0x402181b3) sub     gp, gp, sp
core   0: 3 0x0000000080006e6c (0x402181b3) x3  0x000000008000a010
core   0: 0x0000000080006e70 (0x00100113) li      sp, 1
core   0: 3 0x0000000080006e70 (0x00100113) x2  0x0000000000000001
core   0: 0x0000000080006e74 (0x00c11113) slli    sp, sp, 12
core   0: 3 0x0000000080006e74 (0x00c11113) x2  0x0000000000001000
core   0: 0x0000000080006e78 (0x002181b3) add     gp, gp, sp
core   0: 3 0x0000000080006e78 (0x002181b3) x3  0x000000008000b010
core   0: 0x0000000080006e7c (0x4081ae87) flw     ft9, 1032(gp)
core   0: 3 0x0000000080006e7c (0x4081ae87) f29 0xffffffff80000000 mem 0x000000008000b418
core   0: 0x0000000080006e80 (0x402181b3) sub     gp, gp, sp
core   0: 3 0x0000000080006e80 (0x402181b3) x3  0x000000008000a010
core   0: 0x0000000080006e84 (0x00100113) li      sp, 1
core   0: 3 0x0000000080006e84 (0x00100113) x2  0x0000000000000001
core   0: 0x0000000080006e88 (0x00c11113) slli    sp, sp, 12
core   0: 3 0x0000000080006e88 (0x00c11113) x2  0x0000000000001000
core   0: 0x0000000080006e8c (0x002181b3) add     gp, gp, sp
core   0: 3 0x0000000080006e8c (0x002181b3) x3  0x000000008000b010
core   0: 0x0000000080006e90 (0x40c1ae07) flw     ft8, 1036(gp)
core   0: 3 0x0000000080006e90 (0x40c1ae07) f28 0xffffffff80199999 mem 0x000000008000b41c
core   0: 0x0000000080006e94 (0x402181b3) sub     gp, gp, sp
core   0: 3 0x0000000080006e94 (0x402181b3) x3  0x000000008000a010
core   0: 0x0000000080006e98 (0x00000113) li      sp, 0
core   0: 3 0x0000000080006e98 (0x00000113) x2  0x0000000000000000
core   0: 0x0000000080006e9c (0x00311073) csrw    fcsr, sp
core   0: 3 0x0000000080006e9c (0x00311073) c1_fflags 0x0000000000000000 c2_frm 0x0000000000000000
core   0: 0x0000000080006ea0 (0xe1df7fc3) fmadd.s ft11, ft10, ft9, ft8
core   0: 3 0x0000000080006ea0 (0xe1df7fc3) f31 0xffffffff80199999
core   0: 0x0000000080006ea4 (0x00302273) csrr    tp, fcsr
core   0: 3 0x0000000080006ea4 (0x00302273) x4  0x0000000000000000
core   0: 0x0000000080006ea8 (0x2bf0a827) fsw     ft11, 688(ra)
core   0: 3 0x0000000080006ea8 (0x2bf0a827) mem 0x000000008000dbc8 0x80199999
core   0: 0x0000000080006eac (0x2a40bc23) sd      tp, 696(ra)
core   0: 3 0x0000000080006eac (0x2a40bc23) mem 0x000000008000dbd0 0x0000000000000000
core   0: >>>>  inst_38060
core   0: 0x0000000080006eb0 (0x00100113) li      sp, 1
core   0: 3 0x0000000080006eb0 (0x00100113) x2  0x0000000000000001
core   0: 0x0000000080006eb4 (0x00c11113) slli    sp, sp, 12
core   0: 3 0x0000000080006eb4 (0x00c11113) x2  0x0000000000001000
core   0: 0x0000000080006eb8 (0x002181b3) add     gp, gp, sp
core   0: 3 0x0000000080006eb8 (0x002181b3) x3  0x000000008000b010
core   0: 0x0000000080006ebc (0x4101af07) flw     ft10, 1040(gp)
core   0: 3 0x0000000080006ebc (0x4101af07) f30 0xffffffff7f3fd416 mem 0x000000008000b420
core   0: 0x0000000080006ec0 (0x402181b3) sub     gp, gp, sp
core   0: 3 0x0000000080006ec0 (0x402181b3) x3  0x000000008000a010
core   0: 0x0000000080006ec4 (0x00100113) li      sp, 1
core   0: 3 0x0000000080006ec4 (0x00100113) x2  0x0000000000000001
core   0: 0x0000000080006ec8 (0x00c11113) slli    sp, sp, 12
core   0: 3 0x0000000080006ec8 (0x00c11113) x2  0x0000000000001000
core   0: 0x0000000080006ecc (0x002181b3) add     gp, gp, sp
core   0: 3 0x0000000080006ecc (0x002181b3) x3  0x000000008000b010
core   0: 0x0000000080006ed0 (0x4141ae87) flw     ft9, 1044(gp)
core   0: 3 0x0000000080006ed0 (0x4141ae87) f29 0xffffffff80000000 mem 0x000000008000b424
core   0: 0x0000000080006ed4 (0x402181b3) sub     gp, gp, sp
core   0: 3 0x0000000080006ed4 (0x402181b3) x3  0x000000008000a010
core   0: 0x0000000080006ed8 (0x00100113) li      sp, 1
core   0: 3 0x0000000080006ed8 (0x00100113) x2  0x0000000000000001
core   0: 0x0000000080006edc (0x00c11113) slli    sp, sp, 12
core   0: 3 0x0000000080006edc (0x00c11113) x2  0x0000000000001000
core   0: 0x0000000080006ee0 (0x002181b3) add     gp, gp, sp
core   0: 3 0x0000000080006ee0 (0x002181b3) x3  0x000000008000b010
core   0: 0x0000000080006ee4 (0x4181ae07) flw     ft8, 1048(gp)
core   0: 3 0x0000000080006ee4 (0x4181ae07) f28 0xffffffff80249249 mem 0x000000008000b428
core   0: 0x0000000080006ee8 (0x402181b3) sub     gp, gp, sp
core   0: 3 0x0000000080006ee8 (0x402181b3) x3  0x000000008000a010
core   0: 0x0000000080006eec (0x00000113) li      sp, 0
core   0: 3 0x0000000080006eec (0x00000113) x2  0x0000000000000000
core   0: 0x0000000080006ef0 (0x00311073) csrw    fcsr, sp
core   0: 3 0x0000000080006ef0 (0x00311073) c1_fflags 0x0000000000000000 c2_frm 0x0000000000000000
core   0: 0x0000000080006ef4 (0xe1df7fc3) fmadd.s ft11, ft10, ft9, ft8
core   0: 3 0x0000000080006ef4 (0xe1df7fc3) f31 0xffffffff80249249
core   0: 0x0000000080006ef8 (0x00302273) csrr    tp, fcsr
core   0: 3 0x0000000080006ef8 (0x00302273) x4  0x0000000000000000
core   0: 0x0000000080006efc (0x2df0a027) fsw     ft11, 704(ra)
core   0: 3 0x0000000080006efc (0x2df0a027) mem 0x000000008000dbd8 0x80249249
core   0: 0x0000000080006f00 (0x2c40b423) sd      tp, 712(ra)
core   0: 3 0x0000000080006f00 (0x2c40b423) mem 0x000000008000dbe0 0x0000000000000000
core   0: >>>>  inst_38061
core   0: 0x0000000080006f04 (0x00100113) li      sp, 1
core   0: 3 0x0000000080006f04 (0x00100113) x2  0x0000000000000001
core   0: 0x0000000080006f08 (0x00c11113) slli    sp, sp, 12
core   0: 3 0x0000000080006f08 (0x00c11113) x2  0x0000000000001000
core   0: 0x0000000080006f0c (0x002181b3) add     gp, gp, sp
core   0: 3 0x0000000080006f0c (0x002181b3) x3  0x000000008000b010
core   0: 0x0000000080006f10 (0x41c1af07) flw     ft10, 1052(gp)
core   0: 3 0x0000000080006f10 (0x41c1af07) f30 0xffffffff7f3fd416 mem 0x000000008000b42c
core   0: 0x0000000080006f14 (0x402181b3) sub     gp, gp, sp
core   0: 3 0x0000000080006f14 (0x402181b3) x3  0x000000008000a010
core   0: 0x0000000080006f18 (0x00100113) li      sp, 1
core   0: 3 0x0000000080006f18 (0x00100113) x2  0x0000000000000001
core   0: 0x0000000080006f1c (0x00c11113) slli    sp, sp, 12
core   0: 3 0x0000000080006f1c (0x00c11113) x2  0x0000000000001000
core   0: 0x0000000080006f20 (0x002181b3) add     gp, gp, sp
core   0: 3 0x0000000080006f20 (0x002181b3) x3  0x000000008000b010
core   0: 0x0000000080006f24 (0x4201ae87) flw     ft9, 1056(gp)
core   0: 3 0x0000000080006f24 (0x4201ae87) f29 0xffffffff80000000 mem 0x000000008000b430
core   0: 0x0000000080006f28 (0x402181b3) sub     gp, gp, sp
core   0: 3 0x0000000080006f28 (0x402181b3) x3  0x000000008000a010
core   0: 0x0000000080006f2c (0x00100113) li      sp, 1
core   0: 3 0x0000000080006f2c (0x00100113) x2  0x0000000000000001
core   0: 0x0000000080006f30 (0x00c11113) slli    sp, sp, 12
core   0: 3 0x0000000080006f30 (0x00c11113) x2  0x0000000000001000
core   0: 0x0000000080006f34 (0x002181b3) add     gp, gp, sp
core   0: 3 0x0000000080006f34 (0x002181b3) x3  0x000000008000b010
core   0: 0x0000000080006f38 (0x4241ae07) flw     ft8, 1060(gp)
core   0: 3 0x0000000080006f38 (0x4241ae07) f28 0xffffffff80333333 mem 0x000000008000b434
core   0: 0x0000000080006f3c (0x402181b3) sub     gp, gp, sp
core   0: 3 0x0000000080006f3c (0x402181b3) x3  0x000000008000a010
core   0: 0x0000000080006f40 (0x00000113) li      sp, 0
core   0: 3 0x0000000080006f40 (0x00000113) x2  0x0000000000000000
core   0: 0x0000000080006f44 (0x00311073) csrw    fcsr, sp
core   0: 3 0x0000000080006f44 (0x00311073) c1_fflags 0x0000000000000000 c2_frm 0x0000000000000000
core   0: 0x0000000080006f48 (0xe1df7fc3) fmadd.s ft11, ft10, ft9, ft8
core   0: 3 0x0000000080006f48 (0xe1df7fc3) f31 0xffffffff80333333
core   0: 0x0000000080006f4c (0x00302273) csrr    tp, fcsr
core   0: 3 0x0000000080006f4c (0x00302273) x4  0x0000000000000000
core   0: 0x0000000080006f50 (0x2df0a827) fsw     ft11, 720(ra)
core   0: 3 0x0000000080006f50 (0x2df0a827) mem 0x000000008000dbe8 0x80333333
core   0: 0x0000000080006f54 (0x2c40bc23) sd      tp, 728(ra)
core   0: 3 0x0000000080006f54 (0x2c40bc23) mem 0x000000008000dbf0 0x0000000000000000
core   0: >>>>  inst_38062
core   0: 0x0000000080006f58 (0x00100113) li      sp, 1
core   0: 3 0x0000000080006f58 (0x00100113) x2  0x0000000000000001
core   0: 0x0000000080006f5c (0x00c11113) slli    sp, sp, 12
core   0: 3 0x0000000080006f5c (0x00c11113) x2  0x0000000000001000
core   0: 0x0000000080006f60 (0x002181b3) add     gp, gp, sp
core   0: 3 0x0000000080006f60 (0x002181b3) x3  0x000000008000b010
core   0: 0x0000000080006f64 (0x4281af07) flw     ft10, 1064(gp)
core   0: 3 0x0000000080006f64 (0x4281af07) f30 0xffffffff7f3fd416 mem 0x000000008000b438
core   0: 0x0000000080006f68 (0x402181b3) sub     gp, gp, sp
core   0: 3 0x0000000080006f68 (0x402181b3) x3  0x000000008000a010
core   0: 0x0000000080006f6c (0x00100113) li      sp, 1
core   0: 3 0x0000000080006f6c (0x00100113) x2  0x0000000000000001
core   0: 0x0000000080006f70 (0x00c11113) slli    sp, sp, 12
core   0: 3 0x0000000080006f70 (0x00c11113) x2  0x0000000000001000
core   0: 0x0000000080006f74 (0x002181b3) add     gp, gp, sp
core   0: 3 0x0000000080006f74 (0x002181b3) x3  0x000000008000b010
core   0: 0x0000000080006f78 (0x42c1ae87) flw     ft9, 1068(gp)
core   0: 3 0x0000000080006f78 (0x42c1ae87) f29 0xffffffff80000000 mem 0x000000008000b43c
core   0: 0x0000000080006f7c (0x402181b3) sub     gp, gp, sp
core   0: 3 0x0000000080006f7c (0x402181b3) x3  0x000000008000a010
core   0: 0x0000000080006f80 (0x00100113) li      sp, 1
core   0: 3 0x0000000080006f80 (0x00100113) x2  0x0000000000000001
core   0: 0x0000000080006f84 (0x00c11113) slli    sp, sp, 12
core   0: 3 0x0000000080006f84 (0x00c11113) x2  0x0000000000001000
core   0: 0x0000000080006f88 (0x002181b3) add     gp, gp, sp
core   0: 3 0x0000000080006f88 (0x002181b3) x3  0x000000008000b010
core   0: 0x0000000080006f8c (0x4301ae07) flw     ft8, 1072(gp)
core   0: 3 0x0000000080006f8c (0x4301ae07) f28 0xffffffff8036db6d mem 0x000000008000b440
core   0: 0x0000000080006f90 (0x402181b3) sub     gp, gp, sp
core   0: 3 0x0000000080006f90 (0x402181b3) x3  0x000000008000a010
core   0: 0x0000000080006f94 (0x00000113) li      sp, 0
core   0: 3 0x0000000080006f94 (0x00000113) x2  0x0000000000000000
core   0: 0x0000000080006f98 (0x00311073) csrw    fcsr, sp
core   0: 3 0x0000000080006f98 (0x00311073) c1_fflags 0x0000000000000000 c2_frm 0x0000000000000000
core   0: 0x0000000080006f9c (0xe1df7fc3) fmadd.s ft11, ft10, ft9, ft8
core   0: 3 0x0000000080006f9c (0xe1df7fc3) f31 0xffffffff8036db6d
core   0: 0x0000000080006fa0 (0x00302273) csrr    tp, fcsr
core   0: 3 0x0000000080006fa0 (0x00302273) x4  0x0000000000000000
core   0: 0x0000000080006fa4 (0x2ff0a027) fsw     ft11, 736(ra)
core   0: 3 0x0000000080006fa4 (0x2ff0a027) mem 0x000000008000dbf8 0x8036db6d
core   0: 0x0000000080006fa8 (0x2e40b423) sd      tp, 744(ra)
core   0: 3 0x0000000080006fa8 (0x2e40b423) mem 0x000000008000dc00 0x0000000000000000
core   0: >>>>  inst_38063
core   0: 0x0000000080006fac (0x00100113) li      sp, 1
core   0: 3 0x0000000080006fac (0x00100113) x2  0x0000000000000001
core   0: 0x0000000080006fb0 (0x00c11113) slli    sp, sp, 12
core   0: 3 0x0000000080006fb0 (0x00c11113) x2  0x0000000000001000
core   0: 0x0000000080006fb4 (0x002181b3) add     gp, gp, sp
core   0: 3 0x0000000080006fb4 (0x002181b3) x3  0x000000008000b010
core   0: 0x0000000080006fb8 (0x4341af07) flw     ft10, 1076(gp)
core   0: 3 0x0000000080006fb8 (0x4341af07) f30 0xffffffff7f3fd416 mem 0x000000008000b444
core   0: 0x0000000080006fbc (0x402181b3) sub     gp, gp, sp
core   0: 3 0x0000000080006fbc (0x402181b3) x3  0x000000008000a010
core   0: 0x0000000080006fc0 (0x00100113) li      sp, 1
core   0: 3 0x0000000080006fc0 (0x00100113) x2  0x0000000000000001
core   0: 0x0000000080006fc4 (0x00c11113) slli    sp, sp, 12
core   0: 3 0x0000000080006fc4 (0x00c11113) x2  0x0000000000001000
core   0: 0x0000000080006fc8 (0x002181b3) add     gp, gp, sp
core   0: 3 0x0000000080006fc8 (0x002181b3) x3  0x000000008000b010
core   0: 0x0000000080006fcc (0x4381ae87) flw     ft9, 1080(gp)
core   0: 3 0x0000000080006fcc (0x4381ae87) f29 0xffffffff80000000 mem 0x000000008000b448
core   0: 0x0000000080006fd0 (0x402181b3) sub     gp, gp, sp
core   0: 3 0x0000000080006fd0 (0x402181b3) x3  0x000000008000a010
core   0: 0x0000000080006fd4 (0x00100113) li      sp, 1
core   0: 3 0x0000000080006fd4 (0x00100113) x2  0x0000000000000001
core   0: 0x0000000080006fd8 (0x00c11113) slli    sp, sp, 12
core   0: 3 0x0000000080006fd8 (0x00c11113) x2  0x0000000000001000
core   0: 0x0000000080006fdc (0x002181b3) add     gp, gp, sp
core   0: 3 0x0000000080006fdc (0x002181b3) x3  0x000000008000b010
core   0: 0x0000000080006fe0 (0x43c1ae07) flw     ft8, 1084(gp)
core   0: 3 0x0000000080006fe0 (0x43c1ae07) f28 0xffffffff803bbbbb mem 0x000000008000b44c
core   0: 0x0000000080006fe4 (0x402181b3) sub     gp, gp, sp
core   0: 3 0x0000000080006fe4 (0x402181b3) x3  0x000000008000a010
core   0: 0x0000000080006fe8 (0x00000113) li      sp, 0
core   0: 3 0x0000000080006fe8 (0x00000113) x2  0x0000000000000000
core   0: 0x0000000080006fec (0x00311073) csrw    fcsr, sp
core   0: 3 0x0000000080006fec (0x00311073) c1_fflags 0x0000000000000000 c2_frm 0x0000000000000000
core   0: 0x0000000080006ff0 (0xe1df7fc3) fmadd.s ft11, ft10, ft9, ft8
core   0: 3 0x0000000080006ff0 (0xe1df7fc3) f31 0xffffffff803bbbbb
core   0: 0x0000000080006ff4 (0x00302273) csrr    tp, fcsr
core   0: 3 0x0000000080006ff4 (0x00302273) x4  0x0000000000000000
core   0: 0x0000000080006ff8 (0x2ff0a827) fsw     ft11, 752(ra)
core   0: 3 0x0000000080006ff8 (0x2ff0a827) mem 0x000000008000dc08 0x803bbbbb
core   0: 0x0000000080006ffc (0x2e40bc23) sd      tp, 760(ra)
core   0: 3 0x0000000080006ffc (0x2e40bc23) mem 0x000000008000dc10 0x0000000000000000
core   0: >>>>  inst_38064
core   0: 0x0000000080007000 (0x00100113) li      sp, 1
core   0: 3 0x0000000080007000 (0x00100113) x2  0x0000000000000001
core   0: 0x0000000080007004 (0x00c11113) slli    sp, sp, 12
core   0: 3 0x0000000080007004 (0x00c11113) x2  0x0000000000001000
core   0: 0x0000000080007008 (0x002181b3) add     gp, gp, sp
core   0: 3 0x0000000080007008 (0x002181b3) x3  0x000000008000b010
core   0: 0x000000008000700c (0x4401af07) flw     ft10, 1088(gp)
core   0: 3 0x000000008000700c (0x4401af07) f30 0xffffffff7f3fd416 mem 0x000000008000b450
core   0: 0x0000000080007010 (0x402181b3) sub     gp, gp, sp
core   0: 3 0x0000000080007010 (0x402181b3) x3  0x000000008000a010
core   0: 0x0000000080007014 (0x00100113) li      sp, 1
core   0: 3 0x0000000080007014 (0x00100113) x2  0x0000000000000001
core   0: 0x0000000080007018 (0x00c11113) slli    sp, sp, 12
core   0: 3 0x0000000080007018 (0x00c11113) x2  0x0000000000001000
core   0: 0x000000008000701c (0x002181b3) add     gp, gp, sp
core   0: 3 0x000000008000701c (0x002181b3) x3  0x000000008000b010
core   0: 0x0000000080007020 (0x4441ae87) flw     ft9, 1092(gp)
core   0: 3 0x0000000080007020 (0x4441ae87) f29 0xffffffff80000000 mem 0x000000008000b454
core   0: 0x0000000080007024 (0x402181b3) sub     gp, gp, sp
core   0: 3 0x0000000080007024 (0x402181b3) x3  0x000000008000a010
core   0: 0x0000000080007028 (0x00100113) li      sp, 1
core   0: 3 0x0000000080007028 (0x00100113) x2  0x0000000000000001
core   0: 0x000000008000702c (0x00c11113) slli    sp, sp, 12
core   0: 3 0x000000008000702c (0x00c11113) x2  0x0000000000001000
core   0: 0x0000000080007030 (0x002181b3) add     gp, gp, sp
core   0: 3 0x0000000080007030 (0x002181b3) x3  0x000000008000b010
core   0: 0x0000000080007034 (0x4481ae07) flw     ft8, 1096(gp)
core   0: 3 0x0000000080007034 (0x4481ae07) f28 0xffffffff80444444 mem 0x000000008000b458
core   0: 0x0000000080007038 (0x402181b3) sub     gp, gp, sp
core   0: 3 0x0000000080007038 (0x402181b3) x3  0x000000008000a010
core   0: 0x000000008000703c (0x00000113) li      sp, 0
core   0: 3 0x000000008000703c (0x00000113) x2  0x0000000000000000
core   0: 0x0000000080007040 (0x00311073) csrw    fcsr, sp
core   0: 3 0x0000000080007040 (0x00311073) c1_fflags 0x0000000000000000 c2_frm 0x0000000000000000
core   0: 0x0000000080007044 (0xe1df7fc3) fmadd.s ft11, ft10, ft9, ft8
core   0: 3 0x0000000080007044 (0xe1df7fc3) f31 0xffffffff80444444
core   0: 0x0000000080007048 (0x00302273) csrr    tp, fcsr
core   0: 3 0x0000000080007048 (0x00302273) x4  0x0000000000000000
core   0: 0x000000008000704c (0x31f0a027) fsw     ft11, 768(ra)
core   0: 3 0x000000008000704c (0x31f0a027) mem 0x000000008000dc18 0x80444444
core   0: 0x0000000080007050 (0x3040b423) sd      tp, 776(ra)
core   0: 3 0x0000000080007050 (0x3040b423) mem 0x000000008000dc20 0x0000000000000000
core   0: >>>>  inst_38065
core   0: 0x0000000080007054 (0x00100113) li      sp, 1
core   0: 3 0x0000000080007054 (0x00100113) x2  0x0000000000000001
core   0: 0x0000000080007058 (0x00c11113) slli    sp, sp, 12
core   0: 3 0x0000000080007058 (0x00c11113) x2  0x0000000000001000
core   0: 0x000000008000705c (0x002181b3) add     gp, gp, sp
core   0: 3 0x000000008000705c (0x002181b3) x3  0x000000008000b010
core   0: 0x0000000080007060 (0x44c1af07) flw     ft10, 1100(gp)
core   0: 3 0x0000000080007060 (0x44c1af07) f30 0xffffffff7f3fd416 mem 0x000000008000b45c
core   0: 0x0000000080007064 (0x402181b3) sub     gp, gp, sp
core   0: 3 0x0000000080007064 (0x402181b3) x3  0x000000008000a010
core   0: 0x0000000080007068 (0x00100113) li      sp, 1
core   0: 3 0x0000000080007068 (0x00100113) x2  0x0000000000000001
core   0: 0x000000008000706c (0x00c11113) slli    sp, sp, 12
core   0: 3 0x000000008000706c (0x00c11113) x2  0x0000000000001000
core   0: 0x0000000080007070 (0x002181b3) add     gp, gp, sp
core   0: 3 0x0000000080007070 (0x002181b3) x3  0x000000008000b010
core   0: 0x0000000080007074 (0x4501ae87) flw     ft9, 1104(gp)
core   0: 3 0x0000000080007074 (0x4501ae87) f29 0xffffffff80000000 mem 0x000000008000b460
core   0: 0x0000000080007078 (0x402181b3) sub     gp, gp, sp
core   0: 3 0x0000000080007078 (0x402181b3) x3  0x000000008000a010
core   0: 0x000000008000707c (0x00100113) li      sp, 1
core   0: 3 0x000000008000707c (0x00100113) x2  0x0000000000000001
core   0: 0x0000000080007080 (0x00c11113) slli    sp, sp, 12
core   0: 3 0x0000000080007080 (0x00c11113) x2  0x0000000000001000
core   0: 0x0000000080007084 (0x002181b3) add     gp, gp, sp
core   0: 3 0x0000000080007084 (0x002181b3) x3  0x000000008000b010
core   0: 0x0000000080007088 (0x4541ae07) flw     ft8, 1108(gp)
core   0: 3 0x0000000080007088 (0x4541ae07) f28 0xffffffff804ccccc mem 0x000000008000b464
core   0: 0x000000008000708c (0x402181b3) sub     gp, gp, sp
core   0: 3 0x000000008000708c (0x402181b3) x3  0x000000008000a010
core   0: 0x0000000080007090 (0x00000113) li      sp, 0
core   0: 3 0x0000000080007090 (0x00000113) x2  0x0000000000000000
core   0: 0x0000000080007094 (0x00311073) csrw    fcsr, sp
core   0: 3 0x0000000080007094 (0x00311073) c1_fflags 0x0000000000000000 c2_frm 0x0000000000000000
core   0: 0x0000000080007098 (0xe1df7fc3) fmadd.s ft11, ft10, ft9, ft8
core   0: 3 0x0000000080007098 (0xe1df7fc3) f31 0xffffffff804ccccc
core   0: 0x000000008000709c (0x00302273) csrr    tp, fcsr
core   0: 3 0x000000008000709c (0x00302273) x4  0x0000000000000000
core   0: 0x00000000800070a0 (0x31f0a827) fsw     ft11, 784(ra)
core   0: 3 0x00000000800070a0 (0x31f0a827) mem 0x000000008000dc28 0x804ccccc
core   0: 0x00000000800070a4 (0x3040bc23) sd      tp, 792(ra)
core   0: 3 0x00000000800070a4 (0x3040bc23) mem 0x000000008000dc30 0x0000000000000000
core   0: >>>>  inst_38066
core   0: 0x00000000800070a8 (0x00100113) li      sp, 1
core   0: 3 0x00000000800070a8 (0x00100113) x2  0x0000000000000001
core   0: 0x00000000800070ac (0x00c11113) slli    sp, sp, 12
core   0: 3 0x00000000800070ac (0x00c11113) x2  0x0000000000001000
core   0: 0x00000000800070b0 (0x002181b3) add     gp, gp, sp
core   0: 3 0x00000000800070b0 (0x002181b3) x3  0x000000008000b010
core   0: 0x00000000800070b4 (0x4581af07) flw     ft10, 1112(gp)
core   0: 3 0x00000000800070b4 (0x4581af07) f30 0xffffffff7f3fd416 mem 0x000000008000b468
core   0: 0x00000000800070b8 (0x402181b3) sub     gp, gp, sp
core   0: 3 0x00000000800070b8 (0x402181b3) x3  0x000000008000a010
core   0: 0x00000000800070bc (0x00100113) li      sp, 1
core   0: 3 0x00000000800070bc (0x00100113) x2  0x0000000000000001
core   0: 0x00000000800070c0 (0x00c11113) slli    sp, sp, 12
core   0: 3 0x00000000800070c0 (0x00c11113) x2  0x0000000000001000
core   0: 0x00000000800070c4 (0x002181b3) add     gp, gp, sp
core   0: 3 0x00000000800070c4 (0x002181b3) x3  0x000000008000b010
core   0: 0x00000000800070c8 (0x45c1ae87) flw     ft9, 1116(gp)
core   0: 3 0x00000000800070c8 (0x45c1ae87) f29 0xffffffff80000000 mem 0x000000008000b46c
core   0: 0x00000000800070cc (0x402181b3) sub     gp, gp, sp
core   0: 3 0x00000000800070cc (0x402181b3) x3  0x000000008000a010
core   0: 0x00000000800070d0 (0x00100113) li      sp, 1
core   0: 3 0x00000000800070d0 (0x00100113) x2  0x0000000000000001
core   0: 0x00000000800070d4 (0x00c11113) slli    sp, sp, 12
core   0: 3 0x00000000800070d4 (0x00c11113) x2  0x0000000000001000
core   0: 0x00000000800070d8 (0x002181b3) add     gp, gp, sp
core   0: 3 0x00000000800070d8 (0x002181b3) x3  0x000000008000b010
core   0: 0x00000000800070dc (0x4601ae07) flw     ft8, 1120(gp)
core   0: 3 0x00000000800070dc (0x4601ae07) f28 0xffffffff805b6db6 mem 0x000000008000b470
core   0: 0x00000000800070e0 (0x402181b3) sub     gp, gp, sp
core   0: 3 0x00000000800070e0 (0x402181b3) x3  0x000000008000a010
core   0: 0x00000000800070e4 (0x00000113) li      sp, 0
core   0: 3 0x00000000800070e4 (0x00000113) x2  0x0000000000000000
core   0: 0x00000000800070e8 (0x00311073) csrw    fcsr, sp
core   0: 3 0x00000000800070e8 (0x00311073) c1_fflags 0x0000000000000000 c2_frm 0x0000000000000000
core   0: 0x00000000800070ec (0xe1df7fc3) fmadd.s ft11, ft10, ft9, ft8
core   0: 3 0x00000000800070ec (0xe1df7fc3) f31 0xffffffff805b6db6
core   0: 0x00000000800070f0 (0x00302273) csrr    tp, fcsr
core   0: 3 0x00000000800070f0 (0x00302273) x4  0x0000000000000000
core   0: 0x00000000800070f4 (0x33f0a027) fsw     ft11, 800(ra)
core   0: 3 0x00000000800070f4 (0x33f0a027) mem 0x000000008000dc38 0x805b6db6
core   0: 0x00000000800070f8 (0x3240b423) sd      tp, 808(ra)
core   0: 3 0x00000000800070f8 (0x3240b423) mem 0x000000008000dc40 0x0000000000000000
core   0: >>>>  inst_38067
core   0: 0x00000000800070fc (0x00100113) li      sp, 1
core   0: 3 0x00000000800070fc (0x00100113) x2  0x0000000000000001
core   0: 0x0000000080007100 (0x00c11113) slli    sp, sp, 12
core   0: 3 0x0000000080007100 (0x00c11113) x2  0x0000000000001000
core   0: 0x0000000080007104 (0x002181b3) add     gp, gp, sp
core   0: 3 0x0000000080007104 (0x002181b3) x3  0x000000008000b010
core   0: 0x0000000080007108 (0x4641af07) flw     ft10, 1124(gp)
core   0: 3 0x0000000080007108 (0x4641af07) f30 0xffffffff7f3fd416 mem 0x000000008000b474
core   0: 0x000000008000710c (0x402181b3) sub     gp, gp, sp
core   0: 3 0x000000008000710c (0x402181b3) x3  0x000000008000a010
core   0: 0x0000000080007110 (0x00100113) li      sp, 1
core   0: 3 0x0000000080007110 (0x00100113) x2  0x0000000000000001
core   0: 0x0000000080007114 (0x00c11113) slli    sp, sp, 12
core   0: 3 0x0000000080007114 (0x00c11113) x2  0x0000000000001000
core   0: 0x0000000080007118 (0x002181b3) add     gp, gp, sp
core   0: 3 0x0000000080007118 (0x002181b3) x3  0x000000008000b010
core   0: 0x000000008000711c (0x4681ae87) flw     ft9, 1128(gp)
core   0: 3 0x000000008000711c (0x4681ae87) f29 0xffffffff80000000 mem 0x000000008000b478
core   0: 0x0000000080007120 (0x402181b3) sub     gp, gp, sp
core   0: 3 0x0000000080007120 (0x402181b3) x3  0x000000008000a010
core   0: 0x0000000080007124 (0x00100113) li      sp, 1
core   0: 3 0x0000000080007124 (0x00100113) x2  0x0000000000000001
core   0: 0x0000000080007128 (0x00c11113) slli    sp, sp, 12
core   0: 3 0x0000000080007128 (0x00c11113) x2  0x0000000000001000
core   0: 0x000000008000712c (0x002181b3) add     gp, gp, sp
core   0: 3 0x000000008000712c (0x002181b3) x3  0x000000008000b010
core   0: 0x0000000080007130 (0x46c1ae07) flw     ft8, 1132(gp)
core   0: 3 0x0000000080007130 (0x46c1ae07) f28 0xffffffff80666666 mem 0x000000008000b47c
core   0: 0x0000000080007134 (0x402181b3) sub     gp, gp, sp
core   0: 3 0x0000000080007134 (0x402181b3) x3  0x000000008000a010
core   0: 0x0000000080007138 (0x00000113) li      sp, 0
core   0: 3 0x0000000080007138 (0x00000113) x2  0x0000000000000000
core   0: 0x000000008000713c (0x00311073) csrw    fcsr, sp
core   0: 3 0x000000008000713c (0x00311073) c1_fflags 0x0000000000000000 c2_frm 0x0000000000000000
core   0: 0x0000000080007140 (0xe1df7fc3) fmadd.s ft11, ft10, ft9, ft8
core   0: 3 0x0000000080007140 (0xe1df7fc3) f31 0xffffffff80666666
core   0: 0x0000000080007144 (0x00302273) csrr    tp, fcsr
core   0: 3 0x0000000080007144 (0x00302273) x4  0x0000000000000000
core   0: 0x0000000080007148 (0x33f0a827) fsw     ft11, 816(ra)
core   0: 3 0x0000000080007148 (0x33f0a827) mem 0x000000008000dc48 0x80666666
core   0: 0x000000008000714c (0x3240bc23) sd      tp, 824(ra)
core   0: 3 0x000000008000714c (0x3240bc23) mem 0x000000008000dc50 0x0000000000000000
core   0: >>>>  inst_38068
core   0: 0x0000000080007150 (0x00100113) li      sp, 1
core   0: 3 0x0000000080007150 (0x00100113) x2  0x0000000000000001
core   0: 0x0000000080007154 (0x00c11113) slli    sp, sp, 12
core   0: 3 0x0000000080007154 (0x00c11113) x2  0x0000000000001000
core   0: 0x0000000080007158 (0x002181b3) add     gp, gp, sp
core   0: 3 0x0000000080007158 (0x002181b3) x3  0x000000008000b010
core   0: 0x000000008000715c (0x4701af07) flw     ft10, 1136(gp)
core   0: 3 0x000000008000715c (0x4701af07) f30 0xffffffff7f3fd416 mem 0x000000008000b480
core   0: 0x0000000080007160 (0x402181b3) sub     gp, gp, sp
core   0: 3 0x0000000080007160 (0x402181b3) x3  0x000000008000a010
core   0: 0x0000000080007164 (0x00100113) li      sp, 1
core   0: 3 0x0000000080007164 (0x00100113) x2  0x0000000000000001
core   0: 0x0000000080007168 (0x00c11113) slli    sp, sp, 12
core   0: 3 0x0000000080007168 (0x00c11113) x2  0x0000000000001000
core   0: 0x000000008000716c (0x002181b3) add     gp, gp, sp
core   0: 3 0x000000008000716c (0x002181b3) x3  0x000000008000b010
core   0: 0x0000000080007170 (0x4741ae87) flw     ft9, 1140(gp)
core   0: 3 0x0000000080007170 (0x4741ae87) f29 0xffffffff80000000 mem 0x000000008000b484
core   0: 0x0000000080007174 (0x402181b3) sub     gp, gp, sp
core   0: 3 0x0000000080007174 (0x402181b3) x3  0x000000008000a010
core   0: 0x0000000080007178 (0x00100113) li      sp, 1
core   0: 3 0x0000000080007178 (0x00100113) x2  0x0000000000000001
core   0: 0x000000008000717c (0x00c11113) slli    sp, sp, 12
core   0: 3 0x000000008000717c (0x00c11113) x2  0x0000000000001000
core   0: 0x0000000080007180 (0x002181b3) add     gp, gp, sp
core   0: 3 0x0000000080007180 (0x002181b3) x3  0x000000008000b010
core   0: 0x0000000080007184 (0x4781ae07) flw     ft8, 1144(gp)
core   0: 3 0x0000000080007184 (0x4781ae07) f28 0xffffffff806db6db mem 0x000000008000b488
core   0: 0x0000000080007188 (0x402181b3) sub     gp, gp, sp
core   0: 3 0x0000000080007188 (0x402181b3) x3  0x000000008000a010
core   0: 0x000000008000718c (0x00000113) li      sp, 0
core   0: 3 0x000000008000718c (0x00000113) x2  0x0000000000000000
core   0: 0x0000000080007190 (0x00311073) csrw    fcsr, sp
core   0: 3 0x0000000080007190 (0x00311073) c1_fflags 0x0000000000000000 c2_frm 0x0000000000000000
core   0: 0x0000000080007194 (0xe1df7fc3) fmadd.s ft11, ft10, ft9, ft8
core   0: 3 0x0000000080007194 (0xe1df7fc3) f31 0xffffffff806db6db
core   0: 0x0000000080007198 (0x00302273) csrr    tp, fcsr
core   0: 3 0x0000000080007198 (0x00302273) x4  0x0000000000000000
core   0: 0x000000008000719c (0x35f0a027) fsw     ft11, 832(ra)
core   0: 3 0x000000008000719c (0x35f0a027) mem 0x000000008000dc58 0x806db6db
core   0: 0x00000000800071a0 (0x3440b423) sd      tp, 840(ra)
core   0: 3 0x00000000800071a0 (0x3440b423) mem 0x000000008000dc60 0x0000000000000000
core   0: >>>>  inst_38069
core   0: 0x00000000800071a4 (0x00100113) li      sp, 1
core   0: 3 0x00000000800071a4 (0x00100113) x2  0x0000000000000001
core   0: 0x00000000800071a8 (0x00c11113) slli    sp, sp, 12
core   0: 3 0x00000000800071a8 (0x00c11113) x2  0x0000000000001000
core   0: 0x00000000800071ac (0x002181b3) add     gp, gp, sp
core   0: 3 0x00000000800071ac (0x002181b3) x3  0x000000008000b010
core   0: 0x00000000800071b0 (0x47c1af07) flw     ft10, 1148(gp)
core   0: 3 0x00000000800071b0 (0x47c1af07) f30 0xffffffff7f3fd416 mem 0x000000008000b48c
core   0: 0x00000000800071b4 (0x402181b3) sub     gp, gp, sp
core   0: 3 0x00000000800071b4 (0x402181b3) x3  0x000000008000a010
core   0: 0x00000000800071b8 (0x00100113) li      sp, 1
core   0: 3 0x00000000800071b8 (0x00100113) x2  0x0000000000000001
core   0: 0x00000000800071bc (0x00c11113) slli    sp, sp, 12
core   0: 3 0x00000000800071bc (0x00c11113) x2  0x0000000000001000
core   0: 0x00000000800071c0 (0x002181b3) add     gp, gp, sp
core   0: 3 0x00000000800071c0 (0x002181b3) x3  0x000000008000b010
core   0: 0x00000000800071c4 (0x4801ae87) flw     ft9, 1152(gp)
core   0: 3 0x00000000800071c4 (0x4801ae87) f29 0xffffffff80000000 mem 0x000000008000b490
core   0: 0x00000000800071c8 (0x402181b3) sub     gp, gp, sp
core   0: 3 0x00000000800071c8 (0x402181b3) x3  0x000000008000a010
core   0: 0x00000000800071cc (0x00100113) li      sp, 1
core   0: 3 0x00000000800071cc (0x00100113) x2  0x0000000000000001
core   0: 0x00000000800071d0 (0x00c11113) slli    sp, sp, 12
core   0: 3 0x00000000800071d0 (0x00c11113) x2  0x0000000000001000
core   0: 0x00000000800071d4 (0x002181b3) add     gp, gp, sp
core   0: 3 0x00000000800071d4 (0x002181b3) x3  0x000000008000b010
core   0: 0x00000000800071d8 (0x4841ae07) flw     ft8, 1156(gp)
core   0: 3 0x00000000800071d8 (0x4841ae07) f28 0xffffffff807ffff8 mem 0x000000008000b494
core   0: 0x00000000800071dc (0x402181b3) sub     gp, gp, sp
core   0: 3 0x00000000800071dc (0x402181b3) x3  0x000000008000a010
core   0: 0x00000000800071e0 (0x00000113) li      sp, 0
core   0: 3 0x00000000800071e0 (0x00000113) x2  0x0000000000000000
core   0: 0x00000000800071e4 (0x00311073) csrw    fcsr, sp
core   0: 3 0x00000000800071e4 (0x00311073) c1_fflags 0x0000000000000000 c2_frm 0x0000000000000000
core   0: 0x00000000800071e8 (0xe1df7fc3) fmadd.s ft11, ft10, ft9, ft8
core   0: 3 0x00000000800071e8 (0xe1df7fc3) f31 0xffffffff807ffff8
core   0: 0x00000000800071ec (0x00302273) csrr    tp, fcsr
core   0: 3 0x00000000800071ec (0x00302273) x4  0x0000000000000000
core   0: 0x00000000800071f0 (0x35f0a827) fsw     ft11, 848(ra)
core   0: 3 0x00000000800071f0 (0x35f0a827) mem 0x000000008000dc68 0x807ffff8
core   0: 0x00000000800071f4 (0x3440bc23) sd      tp, 856(ra)
core   0: 3 0x00000000800071f4 (0x3440bc23) mem 0x000000008000dc70 0x0000000000000000
core   0: >>>>  inst_38070
core   0: 0x00000000800071f8 (0x00100113) li      sp, 1
core   0: 3 0x00000000800071f8 (0x00100113) x2  0x0000000000000001
core   0: 0x00000000800071fc (0x00c11113) slli    sp, sp, 12
core   0: 3 0x00000000800071fc (0x00c11113) x2  0x0000000000001000
core   0: 0x0000000080007200 (0x002181b3) add     gp, gp, sp
core   0: 3 0x0000000080007200 (0x002181b3) x3  0x000000008000b010
core   0: 0x0000000080007204 (0x4881af07) flw     ft10, 1160(gp)
core   0: 3 0x0000000080007204 (0x4881af07) f30 0xffffffff7f3fd416 mem 0x000000008000b498
core   0: 0x0000000080007208 (0x402181b3) sub     gp, gp, sp
core   0: 3 0x0000000080007208 (0x402181b3) x3  0x000000008000a010
core   0: 0x000000008000720c (0x00100113) li      sp, 1
core   0: 3 0x000000008000720c (0x00100113) x2  0x0000000000000001
core   0: 0x0000000080007210 (0x00c11113) slli    sp, sp, 12
core   0: 3 0x0000000080007210 (0x00c11113) x2  0x0000000000001000
core   0: 0x0000000080007214 (0x002181b3) add     gp, gp, sp
core   0: 3 0x0000000080007214 (0x002181b3) x3  0x000000008000b010
core   0: 0x0000000080007218 (0x48c1ae87) flw     ft9, 1164(gp)
core   0: 3 0x0000000080007218 (0x48c1ae87) f29 0xffffffff80000000 mem 0x000000008000b49c
core   0: 0x000000008000721c (0x402181b3) sub     gp, gp, sp
core   0: 3 0x000000008000721c (0x402181b3) x3  0x000000008000a010
core   0: 0x0000000080007220 (0x00100113) li      sp, 1
core   0: 3 0x0000000080007220 (0x00100113) x2  0x0000000000000001
core   0: 0x0000000080007224 (0x00c11113) slli    sp, sp, 12
core   0: 3 0x0000000080007224 (0x00c11113) x2  0x0000000000001000
core   0: 0x0000000080007228 (0x002181b3) add     gp, gp, sp
core   0: 3 0x0000000080007228 (0x002181b3) x3  0x000000008000b010
core   0: 0x000000008000722c (0x4901ae07) flw     ft8, 1168(gp)
core   0: 3 0x000000008000722c (0x4901ae07) f28 0xffffffff807ffffc mem 0x000000008000b4a0
core   0: 0x0000000080007230 (0x402181b3) sub     gp, gp, sp
core   0: 3 0x0000000080007230 (0x402181b3) x3  0x000000008000a010
core   0: 0x0000000080007234 (0x00000113) li      sp, 0
core   0: 3 0x0000000080007234 (0x00000113) x2  0x0000000000000000
core   0: 0x0000000080007238 (0x00311073) csrw    fcsr, sp
core   0: 3 0x0000000080007238 (0x00311073) c1_fflags 0x0000000000000000 c2_frm 0x0000000000000000
core   0: 0x000000008000723c (0xe1df7fc3) fmadd.s ft11, ft10, ft9, ft8
core   0: 3 0x000000008000723c (0xe1df7fc3) f31 0xffffffff807ffffc
core   0: 0x0000000080007240 (0x00302273) csrr    tp, fcsr
core   0: 3 0x0000000080007240 (0x00302273) x4  0x0000000000000000
core   0: 0x0000000080007244 (0x37f0a027) fsw     ft11, 864(ra)
core   0: 3 0x0000000080007244 (0x37f0a027) mem 0x000000008000dc78 0x807ffffc
core   0: 0x0000000080007248 (0x3640b423) sd      tp, 872(ra)
core   0: 3 0x0000000080007248 (0x3640b423) mem 0x000000008000dc80 0x0000000000000000
core   0: >>>>  inst_38071
core   0: 0x000000008000724c (0x00100113) li      sp, 1
core   0: 3 0x000000008000724c (0x00100113) x2  0x0000000000000001
core   0: 0x0000000080007250 (0x00c11113) slli    sp, sp, 12
core   0: 3 0x0000000080007250 (0x00c11113) x2  0x0000000000001000
core   0: 0x0000000080007254 (0x002181b3) add     gp, gp, sp
core   0: 3 0x0000000080007254 (0x002181b3) x3  0x000000008000b010
core   0: 0x0000000080007258 (0x4941af07) flw     ft10, 1172(gp)
core   0: 3 0x0000000080007258 (0x4941af07) f30 0xffffffff7f3fd416 mem 0x000000008000b4a4
core   0: 0x000000008000725c (0x402181b3) sub     gp, gp, sp
core   0: 3 0x000000008000725c (0x402181b3) x3  0x000000008000a010
core   0: 0x0000000080007260 (0x00100113) li      sp, 1
core   0: 3 0x0000000080007260 (0x00100113) x2  0x0000000000000001
core   0: 0x0000000080007264 (0x00c11113) slli    sp, sp, 12
core   0: 3 0x0000000080007264 (0x00c11113) x2  0x0000000000001000
core   0: 0x0000000080007268 (0x002181b3) add     gp, gp, sp
core   0: 3 0x0000000080007268 (0x002181b3) x3  0x000000008000b010
core   0: 0x000000008000726c (0x4981ae87) flw     ft9, 1176(gp)
core   0: 3 0x000000008000726c (0x4981ae87) f29 0xffffffff80000000 mem 0x000000008000b4a8
core   0: 0x0000000080007270 (0x402181b3) sub     gp, gp, sp
core   0: 3 0x0000000080007270 (0x402181b3) x3  0x000000008000a010
core   0: 0x0000000080007274 (0x00100113) li      sp, 1
core   0: 3 0x0000000080007274 (0x00100113) x2  0x0000000000000001
core   0: 0x0000000080007278 (0x00c11113) slli    sp, sp, 12
core   0: 3 0x0000000080007278 (0x00c11113) x2  0x0000000000001000
core   0: 0x000000008000727c (0x002181b3) add     gp, gp, sp
core   0: 3 0x000000008000727c (0x002181b3) x3  0x000000008000b010
core   0: 0x0000000080007280 (0x49c1ae07) flw     ft8, 1180(gp)
core   0: 3 0x0000000080007280 (0x49c1ae07) f28 0xffffffff807ffffe mem 0x000000008000b4ac
core   0: 0x0000000080007284 (0x402181b3) sub     gp, gp, sp
core   0: 3 0x0000000080007284 (0x402181b3) x3  0x000000008000a010
core   0: 0x0000000080007288 (0x00000113) li      sp, 0
core   0: 3 0x0000000080007288 (0x00000113) x2  0x0000000000000000
core   0: 0x000000008000728c (0x00311073) csrw    fcsr, sp
core   0: 3 0x000000008000728c (0x00311073) c1_fflags 0x0000000000000000 c2_frm 0x0000000000000000
core   0: 0x0000000080007290 (0xe1df7fc3) fmadd.s ft11, ft10, ft9, ft8
core   0: 3 0x0000000080007290 (0xe1df7fc3) f31 0xffffffff807ffffe
core   0: 0x0000000080007294 (0x00302273) csrr    tp, fcsr
core   0: 3 0x0000000080007294 (0x00302273) x4  0x0000000000000000
core   0: 0x0000000080007298 (0x37f0a827) fsw     ft11, 880(ra)
core   0: 3 0x0000000080007298 (0x37f0a827) mem 0x000000008000dc88 0x807ffffe
core   0: 0x000000008000729c (0x3640bc23) sd      tp, 888(ra)
core   0: 3 0x000000008000729c (0x3640bc23) mem 0x000000008000dc90 0x0000000000000000
core   0: >>>>  inst_38072
core   0: 0x00000000800072a0 (0x00100113) li      sp, 1
core   0: 3 0x00000000800072a0 (0x00100113) x2  0x0000000000000001
core   0: 0x00000000800072a4 (0x00c11113) slli    sp, sp, 12
core   0: 3 0x00000000800072a4 (0x00c11113) x2  0x0000000000001000
core   0: 0x00000000800072a8 (0x002181b3) add     gp, gp, sp
core   0: 3 0x00000000800072a8 (0x002181b3) x3  0x000000008000b010
core   0: 0x00000000800072ac (0x4a01af07) flw     ft10, 1184(gp)
core   0: 3 0x00000000800072ac (0x4a01af07) f30 0xffffffff7f3fd416 mem 0x000000008000b4b0
core   0: 0x00000000800072b0 (0x402181b3) sub     gp, gp, sp
core   0: 3 0x00000000800072b0 (0x402181b3) x3  0x000000008000a010
core   0: 0x00000000800072b4 (0x00100113) li      sp, 1
core   0: 3 0x00000000800072b4 (0x00100113) x2  0x0000000000000001
core   0: 0x00000000800072b8 (0x00c11113) slli    sp, sp, 12
core   0: 3 0x00000000800072b8 (0x00c11113) x2  0x0000000000001000
core   0: 0x00000000800072bc (0x002181b3) add     gp, gp, sp
core   0: 3 0x00000000800072bc (0x002181b3) x3  0x000000008000b010
core   0: 0x00000000800072c0 (0x4a41ae87) flw     ft9, 1188(gp)
core   0: 3 0x00000000800072c0 (0x4a41ae87) f29 0xffffffff80000000 mem 0x000000008000b4b4
core   0: 0x00000000800072c4 (0x402181b3) sub     gp, gp, sp
core   0: 3 0x00000000800072c4 (0x402181b3) x3  0x000000008000a010
core   0: 0x00000000800072c8 (0x00100113) li      sp, 1
core   0: 3 0x00000000800072c8 (0x00100113) x2  0x0000000000000001
core   0: 0x00000000800072cc (0x00c11113) slli    sp, sp, 12
core   0: 3 0x00000000800072cc (0x00c11113) x2  0x0000000000001000
core   0: 0x00000000800072d0 (0x002181b3) add     gp, gp, sp
core   0: 3 0x00000000800072d0 (0x002181b3) x3  0x000000008000b010
core   0: 0x00000000800072d4 (0x4a81ae07) flw     ft8, 1192(gp)
core   0: 3 0x00000000800072d4 (0x4a81ae07) f28 0xffffffff84000000 mem 0x000000008000b4b8
core   0: 0x00000000800072d8 (0x402181b3) sub     gp, gp, sp
core   0: 3 0x00000000800072d8 (0x402181b3) x3  0x000000008000a010
core   0: 0x00000000800072dc (0x00000113) li      sp, 0
core   0: 3 0x00000000800072dc (0x00000113) x2  0x0000000000000000
core   0: 0x00000000800072e0 (0x00311073) csrw    fcsr, sp
core   0: 3 0x00000000800072e0 (0x00311073) c1_fflags 0x0000000000000000 c2_frm 0x0000000000000000
core   0: 0x00000000800072e4 (0xe1df7fc3) fmadd.s ft11, ft10, ft9, ft8
core   0: 3 0x00000000800072e4 (0xe1df7fc3) f31 0xffffffff84000000
core   0: 0x00000000800072e8 (0x00302273) csrr    tp, fcsr
core   0: 3 0x00000000800072e8 (0x00302273) x4  0x0000000000000000
core   0: 0x00000000800072ec (0x39f0a027) fsw     ft11, 896(ra)
core   0: 3 0x00000000800072ec (0x39f0a027) mem 0x000000008000dc98 0x84000000
core   0: 0x00000000800072f0 (0x3840b423) sd      tp, 904(ra)
core   0: 3 0x00000000800072f0 (0x3840b423) mem 0x000000008000dca0 0x0000000000000000
core   0: >>>>  inst_38073
core   0: 0x00000000800072f4 (0x00100113) li      sp, 1
core   0: 3 0x00000000800072f4 (0x00100113) x2  0x0000000000000001
core   0: 0x00000000800072f8 (0x00c11113) slli    sp, sp, 12
core   0: 3 0x00000000800072f8 (0x00c11113) x2  0x0000000000001000
core   0: 0x00000000800072fc (0x002181b3) add     gp, gp, sp
core   0: 3 0x00000000800072fc (0x002181b3) x3  0x000000008000b010
core   0: 0x0000000080007300 (0x4ac1af07) flw     ft10, 1196(gp)
core   0: 3 0x0000000080007300 (0x4ac1af07) f30 0xffffffff7f3fd416 mem 0x000000008000b4bc
core   0: 0x0000000080007304 (0x402181b3) sub     gp, gp, sp
core   0: 3 0x0000000080007304 (0x402181b3) x3  0x000000008000a010
core   0: 0x0000000080007308 (0x00100113) li      sp, 1
core   0: 3 0x0000000080007308 (0x00100113) x2  0x0000000000000001
core   0: 0x000000008000730c (0x00c11113) slli    sp, sp, 12
core   0: 3 0x000000008000730c (0x00c11113) x2  0x0000000000001000
core   0: 0x0000000080007310 (0x002181b3) add     gp, gp, sp
core   0: 3 0x0000000080007310 (0x002181b3) x3  0x000000008000b010
core   0: 0x0000000080007314 (0x4b01ae87) flw     ft9, 1200(gp)
core   0: 3 0x0000000080007314 (0x4b01ae87) f29 0xffffffff80000000 mem 0x000000008000b4c0
core   0: 0x0000000080007318 (0x402181b3) sub     gp, gp, sp
core   0: 3 0x0000000080007318 (0x402181b3) x3  0x000000008000a010
core   0: 0x000000008000731c (0x00100113) li      sp, 1
core   0: 3 0x000000008000731c (0x00100113) x2  0x0000000000000001
core   0: 0x0000000080007320 (0x00c11113) slli    sp, sp, 12
core   0: 3 0x0000000080007320 (0x00c11113) x2  0x0000000000001000
core   0: 0x0000000080007324 (0x002181b3) add     gp, gp, sp
core   0: 3 0x0000000080007324 (0x002181b3) x3  0x000000008000b010
core   0: 0x0000000080007328 (0x4b41ae07) flw     ft8, 1204(gp)
core   0: 3 0x0000000080007328 (0x4b41ae07) f28 0xffffffff84000001 mem 0x000000008000b4c4
core   0: 0x000000008000732c (0x402181b3) sub     gp, gp, sp
core   0: 3 0x000000008000732c (0x402181b3) x3  0x000000008000a010
core   0: 0x0000000080007330 (0x00000113) li      sp, 0
core   0: 3 0x0000000080007330 (0x00000113) x2  0x0000000000000000
core   0: 0x0000000080007334 (0x00311073) csrw    fcsr, sp
core   0: 3 0x0000000080007334 (0x00311073) c1_fflags 0x0000000000000000 c2_frm 0x0000000000000000
core   0: 0x0000000080007338 (0xe1df7fc3) fmadd.s ft11, ft10, ft9, ft8
core   0: 3 0x0000000080007338 (0xe1df7fc3) f31 0xffffffff84000001
core   0: 0x000000008000733c (0x00302273) csrr    tp, fcsr
core   0: 3 0x000000008000733c (0x00302273) x4  0x0000000000000000
core   0: 0x0000000080007340 (0x39f0a827) fsw     ft11, 912(ra)
core   0: 3 0x0000000080007340 (0x39f0a827) mem 0x000000008000dca8 0x84000001
core   0: 0x0000000080007344 (0x3840bc23) sd      tp, 920(ra)
core   0: 3 0x0000000080007344 (0x3840bc23) mem 0x000000008000dcb0 0x0000000000000000
core   0: >>>>  inst_38074
core   0: 0x0000000080007348 (0x00100113) li      sp, 1
core   0: 3 0x0000000080007348 (0x00100113) x2  0x0000000000000001
core   0: 0x000000008000734c (0x00c11113) slli    sp, sp, 12
core   0: 3 0x000000008000734c (0x00c11113) x2  0x0000000000001000
core   0: 0x0000000080007350 (0x002181b3) add     gp, gp, sp
core   0: 3 0x0000000080007350 (0x002181b3) x3  0x000000008000b010
core   0: 0x0000000080007354 (0x4b81af07) flw     ft10, 1208(gp)
core   0: 3 0x0000000080007354 (0x4b81af07) f30 0xffffffff7f3fd416 mem 0x000000008000b4c8
core   0: 0x0000000080007358 (0x402181b3) sub     gp, gp, sp
core   0: 3 0x0000000080007358 (0x402181b3) x3  0x000000008000a010
core   0: 0x000000008000735c (0x00100113) li      sp, 1
core   0: 3 0x000000008000735c (0x00100113) x2  0x0000000000000001
core   0: 0x0000000080007360 (0x00c11113) slli    sp, sp, 12
core   0: 3 0x0000000080007360 (0x00c11113) x2  0x0000000000001000
core   0: 0x0000000080007364 (0x002181b3) add     gp, gp, sp
core   0: 3 0x0000000080007364 (0x002181b3) x3  0x000000008000b010
core   0: 0x0000000080007368 (0x4bc1ae87) flw     ft9, 1212(gp)
core   0: 3 0x0000000080007368 (0x4bc1ae87) f29 0xffffffff80000000 mem 0x000000008000b4cc
core   0: 0x000000008000736c (0x402181b3) sub     gp, gp, sp
core   0: 3 0x000000008000736c (0x402181b3) x3  0x000000008000a010
core   0: 0x0000000080007370 (0x00100113) li      sp, 1
core   0: 3 0x0000000080007370 (0x00100113) x2  0x0000000000000001
core   0: 0x0000000080007374 (0x00c11113) slli    sp, sp, 12
core   0: 3 0x0000000080007374 (0x00c11113) x2  0x0000000000001000
core   0: 0x0000000080007378 (0x002181b3) add     gp, gp, sp
core   0: 3 0x0000000080007378 (0x002181b3) x3  0x000000008000b010
core   0: 0x000000008000737c (0x4c01ae07) flw     ft8, 1216(gp)
core   0: 3 0x000000008000737c (0x4c01ae07) f28 0xffffffff84000003 mem 0x000000008000b4d0
core   0: 0x0000000080007380 (0x402181b3) sub     gp, gp, sp
core   0: 3 0x0000000080007380 (0x402181b3) x3  0x000000008000a010
core   0: 0x0000000080007384 (0x00000113) li      sp, 0
core   0: 3 0x0000000080007384 (0x00000113) x2  0x0000000000000000
core   0: 0x0000000080007388 (0x00311073) csrw    fcsr, sp
core   0: 3 0x0000000080007388 (0x00311073) c1_fflags 0x0000000000000000 c2_frm 0x0000000000000000
core   0: 0x000000008000738c (0xe1df7fc3) fmadd.s ft11, ft10, ft9, ft8
core   0: 3 0x000000008000738c (0xe1df7fc3) f31 0xffffffff84000003
core   0: 0x0000000080007390 (0x00302273) csrr    tp, fcsr
core   0: 3 0x0000000080007390 (0x00302273) x4  0x0000000000000000
core   0: 0x0000000080007394 (0x3bf0a027) fsw     ft11, 928(ra)
core   0: 3 0x0000000080007394 (0x3bf0a027) mem 0x000000008000dcb8 0x84000003
core   0: 0x0000000080007398 (0x3a40b423) sd      tp, 936(ra)
core   0: 3 0x0000000080007398 (0x3a40b423) mem 0x000000008000dcc0 0x0000000000000000
core   0: >>>>  inst_38075
core   0: 0x000000008000739c (0x00100113) li      sp, 1
core   0: 3 0x000000008000739c (0x00100113) x2  0x0000000000000001
core   0: 0x00000000800073a0 (0x00c11113) slli    sp, sp, 12
core   0: 3 0x00000000800073a0 (0x00c11113) x2  0x0000000000001000
core   0: 0x00000000800073a4 (0x002181b3) add     gp, gp, sp
core   0: 3 0x00000000800073a4 (0x002181b3) x3  0x000000008000b010
core   0: 0x00000000800073a8 (0x4c41af07) flw     ft10, 1220(gp)
core   0: 3 0x00000000800073a8 (0x4c41af07) f30 0xffffffff7f3fd416 mem 0x000000008000b4d4
core   0: 0x00000000800073ac (0x402181b3) sub     gp, gp, sp
core   0: 3 0x00000000800073ac (0x402181b3) x3  0x000000008000a010
core   0: 0x00000000800073b0 (0x00100113) li      sp, 1
core   0: 3 0x00000000800073b0 (0x00100113) x2  0x0000000000000001
core   0: 0x00000000800073b4 (0x00c11113) slli    sp, sp, 12
core   0: 3 0x00000000800073b4 (0x00c11113) x2  0x0000000000001000
core   0: 0x00000000800073b8 (0x002181b3) add     gp, gp, sp
core   0: 3 0x00000000800073b8 (0x002181b3) x3  0x000000008000b010
core   0: 0x00000000800073bc (0x4c81ae87) flw     ft9, 1224(gp)
core   0: 3 0x00000000800073bc (0x4c81ae87) f29 0xffffffff80000000 mem 0x000000008000b4d8
core   0: 0x00000000800073c0 (0x402181b3) sub     gp, gp, sp
core   0: 3 0x00000000800073c0 (0x402181b3) x3  0x000000008000a010
core   0: 0x00000000800073c4 (0x00100113) li      sp, 1
core   0: 3 0x00000000800073c4 (0x00100113) x2  0x0000000000000001
core   0: 0x00000000800073c8 (0x00c11113) slli    sp, sp, 12
core   0: 3 0x00000000800073c8 (0x00c11113) x2  0x0000000000001000
core   0: 0x00000000800073cc (0x002181b3) add     gp, gp, sp
core   0: 3 0x00000000800073cc (0x002181b3) x3  0x000000008000b010
core   0: 0x00000000800073d0 (0x4cc1ae07) flw     ft8, 1228(gp)
core   0: 3 0x00000000800073d0 (0x4cc1ae07) f28 0xffffffff84000007 mem 0x000000008000b4dc
core   0: 0x00000000800073d4 (0x402181b3) sub     gp, gp, sp
core   0: 3 0x00000000800073d4 (0x402181b3) x3  0x000000008000a010
core   0: 0x00000000800073d8 (0x00000113) li      sp, 0
core   0: 3 0x00000000800073d8 (0x00000113) x2  0x0000000000000000
core   0: 0x00000000800073dc (0x00311073) csrw    fcsr, sp
core   0: 3 0x00000000800073dc (0x00311073) c1_fflags 0x0000000000000000 c2_frm 0x0000000000000000
core   0: 0x00000000800073e0 (0xe1df7fc3) fmadd.s ft11, ft10, ft9, ft8
core   0: 3 0x00000000800073e0 (0xe1df7fc3) f31 0xffffffff84000007
core   0: 0x00000000800073e4 (0x00302273) csrr    tp, fcsr
core   0: 3 0x00000000800073e4 (0x00302273) x4  0x0000000000000000
core   0: 0x00000000800073e8 (0x3bf0a827) fsw     ft11, 944(ra)
core   0: 3 0x00000000800073e8 (0x3bf0a827) mem 0x000000008000dcc8 0x84000007
core   0: 0x00000000800073ec (0x3a40bc23) sd      tp, 952(ra)
core   0: 3 0x00000000800073ec (0x3a40bc23) mem 0x000000008000dcd0 0x0000000000000000
core   0: >>>>  inst_38076
core   0: 0x00000000800073f0 (0x00100113) li      sp, 1
core   0: 3 0x00000000800073f0 (0x00100113) x2  0x0000000000000001
core   0: 0x00000000800073f4 (0x00c11113) slli    sp, sp, 12
core   0: 3 0x00000000800073f4 (0x00c11113) x2  0x0000000000001000
core   0: 0x00000000800073f8 (0x002181b3) add     gp, gp, sp
core   0: 3 0x00000000800073f8 (0x002181b3) x3  0x000000008000b010
core   0: 0x00000000800073fc (0x4d01af07) flw     ft10, 1232(gp)
core   0: 3 0x00000000800073fc (0x4d01af07) f30 0xffffffff7f3fd416 mem 0x000000008000b4e0
core   0: 0x0000000080007400 (0x402181b3) sub     gp, gp, sp
core   0: 3 0x0000000080007400 (0x402181b3) x3  0x000000008000a010
core   0: 0x0000000080007404 (0x00100113) li      sp, 1
core   0: 3 0x0000000080007404 (0x00100113) x2  0x0000000000000001
core   0: 0x0000000080007408 (0x00c11113) slli    sp, sp, 12
core   0: 3 0x0000000080007408 (0x00c11113) x2  0x0000000000001000
core   0: 0x000000008000740c (0x002181b3) add     gp, gp, sp
core   0: 3 0x000000008000740c (0x002181b3) x3  0x000000008000b010
core   0: 0x0000000080007410 (0x4d41ae87) flw     ft9, 1236(gp)
core   0: 3 0x0000000080007410 (0x4d41ae87) f29 0xffffffff80000000 mem 0x000000008000b4e4
core   0: 0x0000000080007414 (0x402181b3) sub     gp, gp, sp
core   0: 3 0x0000000080007414 (0x402181b3) x3  0x000000008000a010
core   0: 0x0000000080007418 (0x00100113) li      sp, 1
core   0: 3 0x0000000080007418 (0x00100113) x2  0x0000000000000001
core   0: 0x000000008000741c (0x00c11113) slli    sp, sp, 12
core   0: 3 0x000000008000741c (0x00c11113) x2  0x0000000000001000
core   0: 0x0000000080007420 (0x002181b3) add     gp, gp, sp
core   0: 3 0x0000000080007420 (0x002181b3) x3  0x000000008000b010
core   0: 0x0000000080007424 (0x4d81ae07) flw     ft8, 1240(gp)
core   0: 3 0x0000000080007424 (0x4d81ae07) f28 0xffffffff8400000f mem 0x000000008000b4e8
core   0: 0x0000000080007428 (0x402181b3) sub     gp, gp, sp
core   0: 3 0x0000000080007428 (0x402181b3) x3  0x000000008000a010
core   0: 0x000000008000742c (0x00000113) li      sp, 0
core   0: 3 0x000000008000742c (0x00000113) x2  0x0000000000000000
core   0: 0x0000000080007430 (0x00311073) csrw    fcsr, sp
core   0: 3 0x0000000080007430 (0x00311073) c1_fflags 0x0000000000000000 c2_frm 0x0000000000000000
core   0: 0x0000000080007434 (0xe1df7fc3) fmadd.s ft11, ft10, ft9, ft8
core   0: 3 0x0000000080007434 (0xe1df7fc3) f31 0xffffffff8400000f
core   0: 0x0000000080007438 (0x00302273) csrr    tp, fcsr
core   0: 3 0x0000000080007438 (0x00302273) x4  0x0000000000000000
core   0: 0x000000008000743c (0x3df0a027) fsw     ft11, 960(ra)
core   0: 3 0x000000008000743c (0x3df0a027) mem 0x000000008000dcd8 0x8400000f
core   0: 0x0000000080007440 (0x3c40b423) sd      tp, 968(ra)
core   0: 3 0x0000000080007440 (0x3c40b423) mem 0x000000008000dce0 0x0000000000000000
core   0: >>>>  inst_38077
core   0: 0x0000000080007444 (0x00100113) li      sp, 1
core   0: 3 0x0000000080007444 (0x00100113) x2  0x0000000000000001
core   0: 0x0000000080007448 (0x00c11113) slli    sp, sp, 12
core   0: 3 0x0000000080007448 (0x00c11113) x2  0x0000000000001000
core   0: 0x000000008000744c (0x002181b3) add     gp, gp, sp
core   0: 3 0x000000008000744c (0x002181b3) x3  0x000000008000b010
core   0: 0x0000000080007450 (0x4dc1af07) flw     ft10, 1244(gp)
core   0: 3 0x0000000080007450 (0x4dc1af07) f30 0xffffffff7f3fd416 mem 0x000000008000b4ec
core   0: 0x0000000080007454 (0x402181b3) sub     gp, gp, sp
core   0: 3 0x0000000080007454 (0x402181b3) x3  0x000000008000a010
core   0: 0x0000000080007458 (0x00100113) li      sp, 1
core   0: 3 0x0000000080007458 (0x00100113) x2  0x0000000000000001
core   0: 0x000000008000745c (0x00c11113) slli    sp, sp, 12
core   0: 3 0x000000008000745c (0x00c11113) x2  0x0000000000001000
core   0: 0x0000000080007460 (0x002181b3) add     gp, gp, sp
core   0: 3 0x0000000080007460 (0x002181b3) x3  0x000000008000b010
core   0: 0x0000000080007464 (0x4e01ae87) flw     ft9, 1248(gp)
core   0: 3 0x0000000080007464 (0x4e01ae87) f29 0xffffffff80000000 mem 0x000000008000b4f0
core   0: 0x0000000080007468 (0x402181b3) sub     gp, gp, sp
core   0: 3 0x0000000080007468 (0x402181b3) x3  0x000000008000a010
core   0: 0x000000008000746c (0x00100113) li      sp, 1
core   0: 3 0x000000008000746c (0x00100113) x2  0x0000000000000001
core   0: 0x0000000080007470 (0x00c11113) slli    sp, sp, 12
core   0: 3 0x0000000080007470 (0x00c11113) x2  0x0000000000001000
core   0: 0x0000000080007474 (0x002181b3) add     gp, gp, sp
core   0: 3 0x0000000080007474 (0x002181b3) x3  0x000000008000b010
core   0: 0x0000000080007478 (0x4e41ae07) flw     ft8, 1252(gp)
core   0: 3 0x0000000080007478 (0x4e41ae07) f28 0xffffffff8400001f mem 0x000000008000b4f4
core   0: 0x000000008000747c (0x402181b3) sub     gp, gp, sp
core   0: 3 0x000000008000747c (0x402181b3) x3  0x000000008000a010
core   0: 0x0000000080007480 (0x00000113) li      sp, 0
core   0: 3 0x0000000080007480 (0x00000113) x2  0x0000000000000000
core   0: 0x0000000080007484 (0x00311073) csrw    fcsr, sp
core   0: 3 0x0000000080007484 (0x00311073) c1_fflags 0x0000000000000000 c2_frm 0x0000000000000000
core   0: 0x0000000080007488 (0xe1df7fc3) fmadd.s ft11, ft10, ft9, ft8
core   0: 3 0x0000000080007488 (0xe1df7fc3) f31 0xffffffff8400001f
core   0: 0x000000008000748c (0x00302273) csrr    tp, fcsr
core   0: 3 0x000000008000748c (0x00302273) x4  0x0000000000000000
core   0: 0x0000000080007490 (0x3df0a827) fsw     ft11, 976(ra)
core   0: 3 0x0000000080007490 (0x3df0a827) mem 0x000000008000dce8 0x8400001f
core   0: 0x0000000080007494 (0x3c40bc23) sd      tp, 984(ra)
core   0: 3 0x0000000080007494 (0x3c40bc23) mem 0x000000008000dcf0 0x0000000000000000
core   0: >>>>  inst_38078
core   0: 0x0000000080007498 (0x00100113) li      sp, 1
core   0: 3 0x0000000080007498 (0x00100113) x2  0x0000000000000001
core   0: 0x000000008000749c (0x00c11113) slli    sp, sp, 12
core   0: 3 0x000000008000749c (0x00c11113) x2  0x0000000000001000
core   0: 0x00000000800074a0 (0x002181b3) add     gp, gp, sp
core   0: 3 0x00000000800074a0 (0x002181b3) x3  0x000000008000b010
core   0: 0x00000000800074a4 (0x4e81af07) flw     ft10, 1256(gp)
core   0: 3 0x00000000800074a4 (0x4e81af07) f30 0xffffffff7f3fd416 mem 0x000000008000b4f8
core   0: 0x00000000800074a8 (0x402181b3) sub     gp, gp, sp
core   0: 3 0x00000000800074a8 (0x402181b3) x3  0x000000008000a010
core   0: 0x00000000800074ac (0x00100113) li      sp, 1
core   0: 3 0x00000000800074ac (0x00100113) x2  0x0000000000000001
core   0: 0x00000000800074b0 (0x00c11113) slli    sp, sp, 12
core   0: 3 0x00000000800074b0 (0x00c11113) x2  0x0000000000001000
core   0: 0x00000000800074b4 (0x002181b3) add     gp, gp, sp
core   0: 3 0x00000000800074b4 (0x002181b3) x3  0x000000008000b010
core   0: 0x00000000800074b8 (0x4ec1ae87) flw     ft9, 1260(gp)
core   0: 3 0x00000000800074b8 (0x4ec1ae87) f29 0xffffffff80000000 mem 0x000000008000b4fc
core   0: 0x00000000800074bc (0x402181b3) sub     gp, gp, sp
core   0: 3 0x00000000800074bc (0x402181b3) x3  0x000000008000a010
core   0: 0x00000000800074c0 (0x00100113) li      sp, 1
core   0: 3 0x00000000800074c0 (0x00100113) x2  0x0000000000000001
core   0: 0x00000000800074c4 (0x00c11113) slli    sp, sp, 12
core   0: 3 0x00000000800074c4 (0x00c11113) x2  0x0000000000001000
core   0: 0x00000000800074c8 (0x002181b3) add     gp, gp, sp
core   0: 3 0x00000000800074c8 (0x002181b3) x3  0x000000008000b010
core   0: 0x00000000800074cc (0x4f01ae07) flw     ft8, 1264(gp)
core   0: 3 0x00000000800074cc (0x4f01ae07) f28 0xffffffff8400003f mem 0x000000008000b500
core   0: 0x00000000800074d0 (0x402181b3) sub     gp, gp, sp
core   0: 3 0x00000000800074d0 (0x402181b3) x3  0x000000008000a010
core   0: 0x00000000800074d4 (0x00000113) li      sp, 0
core   0: 3 0x00000000800074d4 (0x00000113) x2  0x0000000000000000
core   0: 0x00000000800074d8 (0x00311073) csrw    fcsr, sp
core   0: 3 0x00000000800074d8 (0x00311073) c1_fflags 0x0000000000000000 c2_frm 0x0000000000000000
core   0: 0x00000000800074dc (0xe1df7fc3) fmadd.s ft11, ft10, ft9, ft8
core   0: 3 0x00000000800074dc (0xe1df7fc3) f31 0xffffffff8400003f
core   0: 0x00000000800074e0 (0x00302273) csrr    tp, fcsr
core   0: 3 0x00000000800074e0 (0x00302273) x4  0x0000000000000000
core   0: 0x00000000800074e4 (0x3ff0a027) fsw     ft11, 992(ra)
core   0: 3 0x00000000800074e4 (0x3ff0a027) mem 0x000000008000dcf8 0x8400003f
core   0: 0x00000000800074e8 (0x3e40b423) sd      tp, 1000(ra)
core   0: 3 0x00000000800074e8 (0x3e40b423) mem 0x000000008000dd00 0x0000000000000000
core   0: >>>>  inst_38079
core   0: 0x00000000800074ec (0x00100113) li      sp, 1
core   0: 3 0x00000000800074ec (0x00100113) x2  0x0000000000000001
core   0: 0x00000000800074f0 (0x00c11113) slli    sp, sp, 12
core   0: 3 0x00000000800074f0 (0x00c11113) x2  0x0000000000001000
core   0: 0x00000000800074f4 (0x002181b3) add     gp, gp, sp
core   0: 3 0x00000000800074f4 (0x002181b3) x3  0x000000008000b010
core   0: 0x00000000800074f8 (0x4f41af07) flw     ft10, 1268(gp)
core   0: 3 0x00000000800074f8 (0x4f41af07) f30 0xffffffff7f3fd416 mem 0x000000008000b504
core   0: 0x00000000800074fc (0x402181b3) sub     gp, gp, sp
core   0: 3 0x00000000800074fc (0x402181b3) x3  0x000000008000a010
core   0: 0x0000000080007500 (0x00100113) li      sp, 1
core   0: 3 0x0000000080007500 (0x00100113) x2  0x0000000000000001
core   0: 0x0000000080007504 (0x00c11113) slli    sp, sp, 12
core   0: 3 0x0000000080007504 (0x00c11113) x2  0x0000000000001000
core   0: 0x0000000080007508 (0x002181b3) add     gp, gp, sp
core   0: 3 0x0000000080007508 (0x002181b3) x3  0x000000008000b010
core   0: 0x000000008000750c (0x4f81ae87) flw     ft9, 1272(gp)
core   0: 3 0x000000008000750c (0x4f81ae87) f29 0xffffffff80000000 mem 0x000000008000b508
core   0: 0x0000000080007510 (0x402181b3) sub     gp, gp, sp
core   0: 3 0x0000000080007510 (0x402181b3) x3  0x000000008000a010
core   0: 0x0000000080007514 (0x00100113) li      sp, 1
core   0: 3 0x0000000080007514 (0x00100113) x2  0x0000000000000001
core   0: 0x0000000080007518 (0x00c11113) slli    sp, sp, 12
core   0: 3 0x0000000080007518 (0x00c11113) x2  0x0000000000001000
core   0: 0x000000008000751c (0x002181b3) add     gp, gp, sp
core   0: 3 0x000000008000751c (0x002181b3) x3  0x000000008000b010
core   0: 0x0000000080007520 (0x4fc1ae07) flw     ft8, 1276(gp)
core   0: 3 0x0000000080007520 (0x4fc1ae07) f28 0xffffffff8400007f mem 0x000000008000b50c
core   0: 0x0000000080007524 (0x402181b3) sub     gp, gp, sp
core   0: 3 0x0000000080007524 (0x402181b3) x3  0x000000008000a010
core   0: 0x0000000080007528 (0x00000113) li      sp, 0
core   0: 3 0x0000000080007528 (0x00000113) x2  0x0000000000000000
core   0: 0x000000008000752c (0x00311073) csrw    fcsr, sp
core   0: 3 0x000000008000752c (0x00311073) c1_fflags 0x0000000000000000 c2_frm 0x0000000000000000
core   0: 0x0000000080007530 (0xe1df7fc3) fmadd.s ft11, ft10, ft9, ft8
core   0: 3 0x0000000080007530 (0xe1df7fc3) f31 0xffffffff8400007f
core   0: 0x0000000080007534 (0x00302273) csrr    tp, fcsr
core   0: 3 0x0000000080007534 (0x00302273) x4  0x0000000000000000
core   0: 0x0000000080007538 (0x3ff0a827) fsw     ft11, 1008(ra)
core   0: 3 0x0000000080007538 (0x3ff0a827) mem 0x000000008000dd08 0x8400007f
core   0: 0x000000008000753c (0x3e40bc23) sd      tp, 1016(ra)
core   0: 3 0x000000008000753c (0x3e40bc23) mem 0x000000008000dd10 0x0000000000000000
core   0: >>>>  inst_38080
core   0: 0x0000000080007540 (0x00100113) li      sp, 1
core   0: 3 0x0000000080007540 (0x00100113) x2  0x0000000000000001
core   0: 0x0000000080007544 (0x00c11113) slli    sp, sp, 12
core   0: 3 0x0000000080007544 (0x00c11113) x2  0x0000000000001000
core   0: 0x0000000080007548 (0x002181b3) add     gp, gp, sp
core   0: 3 0x0000000080007548 (0x002181b3) x3  0x000000008000b010
core   0: 0x000000008000754c (0x5001af07) flw     ft10, 1280(gp)
core   0: 3 0x000000008000754c (0x5001af07) f30 0xffffffff7f3fd416 mem 0x000000008000b510
core   0: 0x0000000080007550 (0x402181b3) sub     gp, gp, sp
core   0: 3 0x0000000080007550 (0x402181b3) x3  0x000000008000a010
core   0: 0x0000000080007554 (0x00100113) li      sp, 1
core   0: 3 0x0000000080007554 (0x00100113) x2  0x0000000000000001
core   0: 0x0000000080007558 (0x00c11113) slli    sp, sp, 12
core   0: 3 0x0000000080007558 (0x00c11113) x2  0x0000000000001000
core   0: 0x000000008000755c (0x002181b3) add     gp, gp, sp
core   0: 3 0x000000008000755c (0x002181b3) x3  0x000000008000b010
core   0: 0x0000000080007560 (0x5041ae87) flw     ft9, 1284(gp)
core   0: 3 0x0000000080007560 (0x5041ae87) f29 0xffffffff80000000 mem 0x000000008000b514
core   0: 0x0000000080007564 (0x402181b3) sub     gp, gp, sp
core   0: 3 0x0000000080007564 (0x402181b3) x3  0x000000008000a010
core   0: 0x0000000080007568 (0x00100113) li      sp, 1
core   0: 3 0x0000000080007568 (0x00100113) x2  0x0000000000000001
core   0: 0x000000008000756c (0x00c11113) slli    sp, sp, 12
core   0: 3 0x000000008000756c (0x00c11113) x2  0x0000000000001000
core   0: 0x0000000080007570 (0x002181b3) add     gp, gp, sp
core   0: 3 0x0000000080007570 (0x002181b3) x3  0x000000008000b010
core   0: 0x0000000080007574 (0x5081ae07) flw     ft8, 1288(gp)
core   0: 3 0x0000000080007574 (0x5081ae07) f28 0xffffffff840000ff mem 0x000000008000b518
core   0: 0x0000000080007578 (0x402181b3) sub     gp, gp, sp
core   0: 3 0x0000000080007578 (0x402181b3) x3  0x000000008000a010
core   0: 0x000000008000757c (0x00000113) li      sp, 0
core   0: 3 0x000000008000757c (0x00000113) x2  0x0000000000000000
core   0: 0x0000000080007580 (0x00311073) csrw    fcsr, sp
core   0: 3 0x0000000080007580 (0x00311073) c1_fflags 0x0000000000000000 c2_frm 0x0000000000000000
core   0: 0x0000000080007584 (0xe1df7fc3) fmadd.s ft11, ft10, ft9, ft8
core   0: 3 0x0000000080007584 (0xe1df7fc3) f31 0xffffffff840000ff
core   0: 0x0000000080007588 (0x00302273) csrr    tp, fcsr
core   0: 3 0x0000000080007588 (0x00302273) x4  0x0000000000000000
core   0: 0x000000008000758c (0x41f0a027) fsw     ft11, 1024(ra)
core   0: 3 0x000000008000758c (0x41f0a027) mem 0x000000008000dd18 0x840000ff
core   0: 0x0000000080007590 (0x4040b423) sd      tp, 1032(ra)
core   0: 3 0x0000000080007590 (0x4040b423) mem 0x000000008000dd20 0x0000000000000000
core   0: >>>>  inst_38081
core   0: 0x0000000080007594 (0x00100113) li      sp, 1
core   0: 3 0x0000000080007594 (0x00100113) x2  0x0000000000000001
core   0: 0x0000000080007598 (0x00c11113) slli    sp, sp, 12
core   0: 3 0x0000000080007598 (0x00c11113) x2  0x0000000000001000
core   0: 0x000000008000759c (0x002181b3) add     gp, gp, sp
core   0: 3 0x000000008000759c (0x002181b3) x3  0x000000008000b010
core   0: 0x00000000800075a0 (0x50c1af07) flw     ft10, 1292(gp)
core   0: 3 0x00000000800075a0 (0x50c1af07) f30 0xffffffff7f3fd416 mem 0x000000008000b51c
core   0: 0x00000000800075a4 (0x402181b3) sub     gp, gp, sp
core   0: 3 0x00000000800075a4 (0x402181b3) x3  0x000000008000a010
core   0: 0x00000000800075a8 (0x00100113) li      sp, 1
core   0: 3 0x00000000800075a8 (0x00100113) x2  0x0000000000000001
core   0: 0x00000000800075ac (0x00c11113) slli    sp, sp, 12
core   0: 3 0x00000000800075ac (0x00c11113) x2  0x0000000000001000
core   0: 0x00000000800075b0 (0x002181b3) add     gp, gp, sp
core   0: 3 0x00000000800075b0 (0x002181b3) x3  0x000000008000b010
core   0: 0x00000000800075b4 (0x5101ae87) flw     ft9, 1296(gp)
core   0: 3 0x00000000800075b4 (0x5101ae87) f29 0xffffffff80000000 mem 0x000000008000b520
core   0: 0x00000000800075b8 (0x402181b3) sub     gp, gp, sp
core   0: 3 0x00000000800075b8 (0x402181b3) x3  0x000000008000a010
core   0: 0x00000000800075bc (0x00100113) li      sp, 1
core   0: 3 0x00000000800075bc (0x00100113) x2  0x0000000000000001
core   0: 0x00000000800075c0 (0x00c11113) slli    sp, sp, 12
core   0: 3 0x00000000800075c0 (0x00c11113) x2  0x0000000000001000
core   0: 0x00000000800075c4 (0x002181b3) add     gp, gp, sp
core   0: 3 0x00000000800075c4 (0x002181b3) x3  0x000000008000b010
core   0: 0x00000000800075c8 (0x5141ae07) flw     ft8, 1300(gp)
core   0: 3 0x00000000800075c8 (0x5141ae07) f28 0xffffffff840001ff mem 0x000000008000b524
core   0: 0x00000000800075cc (0x402181b3) sub     gp, gp, sp
core   0: 3 0x00000000800075cc (0x402181b3) x3  0x000000008000a010
core   0: 0x00000000800075d0 (0x00000113) li      sp, 0
core   0: 3 0x00000000800075d0 (0x00000113) x2  0x0000000000000000
core   0: 0x00000000800075d4 (0x00311073) csrw    fcsr, sp
core   0: 3 0x00000000800075d4 (0x00311073) c1_fflags 0x0000000000000000 c2_frm 0x0000000000000000
core   0: 0x00000000800075d8 (0xe1df7fc3) fmadd.s ft11, ft10, ft9, ft8
core   0: 3 0x00000000800075d8 (0xe1df7fc3) f31 0xffffffff840001ff
core   0: 0x00000000800075dc (0x00302273) csrr    tp, fcsr
core   0: 3 0x00000000800075dc (0x00302273) x4  0x0000000000000000
core   0: 0x00000000800075e0 (0x41f0a827) fsw     ft11, 1040(ra)
core   0: 3 0x00000000800075e0 (0x41f0a827) mem 0x000000008000dd28 0x840001ff
core   0: 0x00000000800075e4 (0x4040bc23) sd      tp, 1048(ra)
core   0: 3 0x00000000800075e4 (0x4040bc23) mem 0x000000008000dd30 0x0000000000000000
core   0: >>>>  inst_38082
core   0: 0x00000000800075e8 (0x00100113) li      sp, 1
core   0: 3 0x00000000800075e8 (0x00100113) x2  0x0000000000000001
core   0: 0x00000000800075ec (0x00c11113) slli    sp, sp, 12
core   0: 3 0x00000000800075ec (0x00c11113) x2  0x0000000000001000
core   0: 0x00000000800075f0 (0x002181b3) add     gp, gp, sp
core   0: 3 0x00000000800075f0 (0x002181b3) x3  0x000000008000b010
core   0: 0x00000000800075f4 (0x5181af07) flw     ft10, 1304(gp)
core   0: 3 0x00000000800075f4 (0x5181af07) f30 0xffffffff7f3fd416 mem 0x000000008000b528
core   0: 0x00000000800075f8 (0x402181b3) sub     gp, gp, sp
core   0: 3 0x00000000800075f8 (0x402181b3) x3  0x000000008000a010
core   0: 0x00000000800075fc (0x00100113) li      sp, 1
core   0: 3 0x00000000800075fc (0x00100113) x2  0x0000000000000001
core   0: 0x0000000080007600 (0x00c11113) slli    sp, sp, 12
core   0: 3 0x0000000080007600 (0x00c11113) x2  0x0000000000001000
core   0: 0x0000000080007604 (0x002181b3) add     gp, gp, sp
core   0: 3 0x0000000080007604 (0x002181b3) x3  0x000000008000b010
core   0: 0x0000000080007608 (0x51c1ae87) flw     ft9, 1308(gp)
core   0: 3 0x0000000080007608 (0x51c1ae87) f29 0xffffffff80000000 mem 0x000000008000b52c
core   0: 0x000000008000760c (0x402181b3) sub     gp, gp, sp
core   0: 3 0x000000008000760c (0x402181b3) x3  0x000000008000a010
core   0: 0x0000000080007610 (0x00100113) li      sp, 1
core   0: 3 0x0000000080007610 (0x00100113) x2  0x0000000000000001
core   0: 0x0000000080007614 (0x00c11113) slli    sp, sp, 12
core   0: 3 0x0000000080007614 (0x00c11113) x2  0x0000000000001000
core   0: 0x0000000080007618 (0x002181b3) add     gp, gp, sp
core   0: 3 0x0000000080007618 (0x002181b3) x3  0x000000008000b010
core   0: 0x000000008000761c (0x5201ae07) flw     ft8, 1312(gp)
core   0: 3 0x000000008000761c (0x5201ae07) f28 0xffffffff840003ff mem 0x000000008000b530
core   0: 0x0000000080007620 (0x402181b3) sub     gp, gp, sp
core   0: 3 0x0000000080007620 (0x402181b3) x3  0x000000008000a010
core   0: 0x0000000080007624 (0x00000113) li      sp, 0
core   0: 3 0x0000000080007624 (0x00000113) x2  0x0000000000000000
core   0: 0x0000000080007628 (0x00311073) csrw    fcsr, sp
core   0: 3 0x0000000080007628 (0x00311073) c1_fflags 0x0000000000000000 c2_frm 0x0000000000000000
core   0: 0x000000008000762c (0xe1df7fc3) fmadd.s ft11, ft10, ft9, ft8
core   0: 3 0x000000008000762c (0xe1df7fc3) f31 0xffffffff840003ff
core   0: 0x0000000080007630 (0x00302273) csrr    tp, fcsr
core   0: 3 0x0000000080007630 (0x00302273) x4  0x0000000000000000
core   0: 0x0000000080007634 (0x43f0a027) fsw     ft11, 1056(ra)
core   0: 3 0x0000000080007634 (0x43f0a027) mem 0x000000008000dd38 0x840003ff
core   0: 0x0000000080007638 (0x4240b423) sd      tp, 1064(ra)
core   0: 3 0x0000000080007638 (0x4240b423) mem 0x000000008000dd40 0x0000000000000000
core   0: >>>>  inst_38083
core   0: 0x000000008000763c (0x00100113) li      sp, 1
core   0: 3 0x000000008000763c (0x00100113) x2  0x0000000000000001
core   0: 0x0000000080007640 (0x00c11113) slli    sp, sp, 12
core   0: 3 0x0000000080007640 (0x00c11113) x2  0x0000000000001000
core   0: 0x0000000080007644 (0x002181b3) add     gp, gp, sp
core   0: 3 0x0000000080007644 (0x002181b3) x3  0x000000008000b010
core   0: 0x0000000080007648 (0x5241af07) flw     ft10, 1316(gp)
core   0: 3 0x0000000080007648 (0x5241af07) f30 0xffffffff7f3fd416 mem 0x000000008000b534
core   0: 0x000000008000764c (0x402181b3) sub     gp, gp, sp
core   0: 3 0x000000008000764c (0x402181b3) x3  0x000000008000a010
core   0: 0x0000000080007650 (0x00100113) li      sp, 1
core   0: 3 0x0000000080007650 (0x00100113) x2  0x0000000000000001
core   0: 0x0000000080007654 (0x00c11113) slli    sp, sp, 12
core   0: 3 0x0000000080007654 (0x00c11113) x2  0x0000000000001000
core   0: 0x0000000080007658 (0x002181b3) add     gp, gp, sp
core   0: 3 0x0000000080007658 (0x002181b3) x3  0x000000008000b010
core   0: 0x000000008000765c (0x5281ae87) flw     ft9, 1320(gp)
core   0: 3 0x000000008000765c (0x5281ae87) f29 0xffffffff80000000 mem 0x000000008000b538
core   0: 0x0000000080007660 (0x402181b3) sub     gp, gp, sp
core   0: 3 0x0000000080007660 (0x402181b3) x3  0x000000008000a010
core   0: 0x0000000080007664 (0x00100113) li      sp, 1
core   0: 3 0x0000000080007664 (0x00100113) x2  0x0000000000000001
core   0: 0x0000000080007668 (0x00c11113) slli    sp, sp, 12
core   0: 3 0x0000000080007668 (0x00c11113) x2  0x0000000000001000
core   0: 0x000000008000766c (0x002181b3) add     gp, gp, sp
core   0: 3 0x000000008000766c (0x002181b3) x3  0x000000008000b010
core   0: 0x0000000080007670 (0x52c1ae07) flw     ft8, 1324(gp)
core   0: 3 0x0000000080007670 (0x52c1ae07) f28 0xffffffff840007ff mem 0x000000008000b53c
core   0: 0x0000000080007674 (0x402181b3) sub     gp, gp, sp
core   0: 3 0x0000000080007674 (0x402181b3) x3  0x000000008000a010
core   0: 0x0000000080007678 (0x00000113) li      sp, 0
core   0: 3 0x0000000080007678 (0x00000113) x2  0x0000000000000000
core   0: 0x000000008000767c (0x00311073) csrw    fcsr, sp
core   0: 3 0x000000008000767c (0x00311073) c1_fflags 0x0000000000000000 c2_frm 0x0000000000000000
core   0: 0x0000000080007680 (0xe1df7fc3) fmadd.s ft11, ft10, ft9, ft8
core   0: 3 0x0000000080007680 (0xe1df7fc3) f31 0xffffffff840007ff
core   0: 0x0000000080007684 (0x00302273) csrr    tp, fcsr
core   0: 3 0x0000000080007684 (0x00302273) x4  0x0000000000000000
core   0: 0x0000000080007688 (0x43f0a827) fsw     ft11, 1072(ra)
core   0: 3 0x0000000080007688 (0x43f0a827) mem 0x000000008000dd48 0x840007ff
core   0: 0x000000008000768c (0x4240bc23) sd      tp, 1080(ra)
core   0: 3 0x000000008000768c (0x4240bc23) mem 0x000000008000dd50 0x0000000000000000
core   0: >>>>  inst_38084
core   0: 0x0000000080007690 (0x00100113) li      sp, 1
core   0: 3 0x0000000080007690 (0x00100113) x2  0x0000000000000001
core   0: 0x0000000080007694 (0x00c11113) slli    sp, sp, 12
core   0: 3 0x0000000080007694 (0x00c11113) x2  0x0000000000001000
core   0: 0x0000000080007698 (0x002181b3) add     gp, gp, sp
core   0: 3 0x0000000080007698 (0x002181b3) x3  0x000000008000b010
core   0: 0x000000008000769c (0x5301af07) flw     ft10, 1328(gp)
core   0: 3 0x000000008000769c (0x5301af07) f30 0xffffffff7f3fd416 mem 0x000000008000b540
core   0: 0x00000000800076a0 (0x402181b3) sub     gp, gp, sp
core   0: 3 0x00000000800076a0 (0x402181b3) x3  0x000000008000a010
core   0: 0x00000000800076a4 (0x00100113) li      sp, 1
core   0: 3 0x00000000800076a4 (0x00100113) x2  0x0000000000000001
core   0: 0x00000000800076a8 (0x00c11113) slli    sp, sp, 12
core   0: 3 0x00000000800076a8 (0x00c11113) x2  0x0000000000001000
core   0: 0x00000000800076ac (0x002181b3) add     gp, gp, sp
core   0: 3 0x00000000800076ac (0x002181b3) x3  0x000000008000b010
core   0: 0x00000000800076b0 (0x5341ae87) flw     ft9, 1332(gp)
core   0: 3 0x00000000800076b0 (0x5341ae87) f29 0xffffffff80000000 mem 0x000000008000b544
core   0: 0x00000000800076b4 (0x402181b3) sub     gp, gp, sp
core   0: 3 0x00000000800076b4 (0x402181b3) x3  0x000000008000a010
core   0: 0x00000000800076b8 (0x00100113) li      sp, 1
core   0: 3 0x00000000800076b8 (0x00100113) x2  0x0000000000000001
core   0: 0x00000000800076bc (0x00c11113) slli    sp, sp, 12
core   0: 3 0x00000000800076bc (0x00c11113) x2  0x0000000000001000
core   0: 0x00000000800076c0 (0x002181b3) add     gp, gp, sp
core   0: 3 0x00000000800076c0 (0x002181b3) x3  0x000000008000b010
core   0: 0x00000000800076c4 (0x5381ae07) flw     ft8, 1336(gp)
core   0: 3 0x00000000800076c4 (0x5381ae07) f28 0xffffffff84000fff mem 0x000000008000b548
core   0: 0x00000000800076c8 (0x402181b3) sub     gp, gp, sp
core   0: 3 0x00000000800076c8 (0x402181b3) x3  0x000000008000a010
core   0: 0x00000000800076cc (0x00000113) li      sp, 0
core   0: 3 0x00000000800076cc (0x00000113) x2  0x0000000000000000
core   0: 0x00000000800076d0 (0x00311073) csrw    fcsr, sp
core   0: 3 0x00000000800076d0 (0x00311073) c1_fflags 0x0000000000000000 c2_frm 0x0000000000000000
core   0: 0x00000000800076d4 (0xe1df7fc3) fmadd.s ft11, ft10, ft9, ft8
core   0: 3 0x00000000800076d4 (0xe1df7fc3) f31 0xffffffff84000fff
core   0: 0x00000000800076d8 (0x00302273) csrr    tp, fcsr
core   0: 3 0x00000000800076d8 (0x00302273) x4  0x0000000000000000
core   0: 0x00000000800076dc (0x45f0a027) fsw     ft11, 1088(ra)
core   0: 3 0x00000000800076dc (0x45f0a027) mem 0x000000008000dd58 0x84000fff
core   0: 0x00000000800076e0 (0x4440b423) sd      tp, 1096(ra)
core   0: 3 0x00000000800076e0 (0x4440b423) mem 0x000000008000dd60 0x0000000000000000
core   0: >>>>  inst_38085
core   0: 0x00000000800076e4 (0x00100113) li      sp, 1
core   0: 3 0x00000000800076e4 (0x00100113) x2  0x0000000000000001
core   0: 0x00000000800076e8 (0x00c11113) slli    sp, sp, 12
core   0: 3 0x00000000800076e8 (0x00c11113) x2  0x0000000000001000
core   0: 0x00000000800076ec (0x002181b3) add     gp, gp, sp
core   0: 3 0x00000000800076ec (0x002181b3) x3  0x000000008000b010
core   0: 0x00000000800076f0 (0x53c1af07) flw     ft10, 1340(gp)
core   0: 3 0x00000000800076f0 (0x53c1af07) f30 0xffffffff7f3fd416 mem 0x000000008000b54c
core   0: 0x00000000800076f4 (0x402181b3) sub     gp, gp, sp
core   0: 3 0x00000000800076f4 (0x402181b3) x3  0x000000008000a010
core   0: 0x00000000800076f8 (0x00100113) li      sp, 1
core   0: 3 0x00000000800076f8 (0x00100113) x2  0x0000000000000001
core   0: 0x00000000800076fc (0x00c11113) slli    sp, sp, 12
core   0: 3 0x00000000800076fc (0x00c11113) x2  0x0000000000001000
core   0: 0x0000000080007700 (0x002181b3) add     gp, gp, sp
core   0: 3 0x0000000080007700 (0x002181b3) x3  0x000000008000b010
core   0: 0x0000000080007704 (0x5401ae87) flw     ft9, 1344(gp)
core   0: 3 0x0000000080007704 (0x5401ae87) f29 0xffffffff80000000 mem 0x000000008000b550
core   0: 0x0000000080007708 (0x402181b3) sub     gp, gp, sp
core   0: 3 0x0000000080007708 (0x402181b3) x3  0x000000008000a010
core   0: 0x000000008000770c (0x00100113) li      sp, 1
core   0: 3 0x000000008000770c (0x00100113) x2  0x0000000000000001
core   0: 0x0000000080007710 (0x00c11113) slli    sp, sp, 12
core   0: 3 0x0000000080007710 (0x00c11113) x2  0x0000000000001000
core   0: 0x0000000080007714 (0x002181b3) add     gp, gp, sp
core   0: 3 0x0000000080007714 (0x002181b3) x3  0x000000008000b010
core   0: 0x0000000080007718 (0x5441ae07) flw     ft8, 1348(gp)
core   0: 3 0x0000000080007718 (0x5441ae07) f28 0xffffffff84001fff mem 0x000000008000b554
core   0: 0x000000008000771c (0x402181b3) sub     gp, gp, sp
core   0: 3 0x000000008000771c (0x402181b3) x3  0x000000008000a010
core   0: 0x0000000080007720 (0x00000113) li      sp, 0
core   0: 3 0x0000000080007720 (0x00000113) x2  0x0000000000000000
core   0: 0x0000000080007724 (0x00311073) csrw    fcsr, sp
core   0: 3 0x0000000080007724 (0x00311073) c1_fflags 0x0000000000000000 c2_frm 0x0000000000000000
core   0: 0x0000000080007728 (0xe1df7fc3) fmadd.s ft11, ft10, ft9, ft8
core   0: 3 0x0000000080007728 (0xe1df7fc3) f31 0xffffffff84001fff
core   0: 0x000000008000772c (0x00302273) csrr    tp, fcsr
core   0: 3 0x000000008000772c (0x00302273) x4  0x0000000000000000
core   0: 0x0000000080007730 (0x45f0a827) fsw     ft11, 1104(ra)
core   0: 3 0x0000000080007730 (0x45f0a827) mem 0x000000008000dd68 0x84001fff
core   0: 0x0000000080007734 (0x4440bc23) sd      tp, 1112(ra)
core   0: 3 0x0000000080007734 (0x4440bc23) mem 0x000000008000dd70 0x0000000000000000
core   0: >>>>  inst_38086
core   0: 0x0000000080007738 (0x00100113) li      sp, 1
core   0: 3 0x0000000080007738 (0x00100113) x2  0x0000000000000001
core   0: 0x000000008000773c (0x00c11113) slli    sp, sp, 12
core   0: 3 0x000000008000773c (0x00c11113) x2  0x0000000000001000
core   0: 0x0000000080007740 (0x002181b3) add     gp, gp, sp
core   0: 3 0x0000000080007740 (0x002181b3) x3  0x000000008000b010
core   0: 0x0000000080007744 (0x5481af07) flw     ft10, 1352(gp)
core   0: 3 0x0000000080007744 (0x5481af07) f30 0xffffffff7f3fd416 mem 0x000000008000b558
core   0: 0x0000000080007748 (0x402181b3) sub     gp, gp, sp
core   0: 3 0x0000000080007748 (0x402181b3) x3  0x000000008000a010
core   0: 0x000000008000774c (0x00100113) li      sp, 1
core   0: 3 0x000000008000774c (0x00100113) x2  0x0000000000000001
core   0: 0x0000000080007750 (0x00c11113) slli    sp, sp, 12
core   0: 3 0x0000000080007750 (0x00c11113) x2  0x0000000000001000
core   0: 0x0000000080007754 (0x002181b3) add     gp, gp, sp
core   0: 3 0x0000000080007754 (0x002181b3) x3  0x000000008000b010
core   0: 0x0000000080007758 (0x54c1ae87) flw     ft9, 1356(gp)
core   0: 3 0x0000000080007758 (0x54c1ae87) f29 0xffffffff80000000 mem 0x000000008000b55c
core   0: 0x000000008000775c (0x402181b3) sub     gp, gp, sp
core   0: 3 0x000000008000775c (0x402181b3) x3  0x000000008000a010
core   0: 0x0000000080007760 (0x00100113) li      sp, 1
core   0: 3 0x0000000080007760 (0x00100113) x2  0x0000000000000001
core   0: 0x0000000080007764 (0x00c11113) slli    sp, sp, 12
core   0: 3 0x0000000080007764 (0x00c11113) x2  0x0000000000001000
core   0: 0x0000000080007768 (0x002181b3) add     gp, gp, sp
core   0: 3 0x0000000080007768 (0x002181b3) x3  0x000000008000b010
core   0: 0x000000008000776c (0x5501ae07) flw     ft8, 1360(gp)
core   0: 3 0x000000008000776c (0x5501ae07) f28 0xffffffff84003fff mem 0x000000008000b560
core   0: 0x0000000080007770 (0x402181b3) sub     gp, gp, sp
core   0: 3 0x0000000080007770 (0x402181b3) x3  0x000000008000a010
core   0: 0x0000000080007774 (0x00000113) li      sp, 0
core   0: 3 0x0000000080007774 (0x00000113) x2  0x0000000000000000
core   0: 0x0000000080007778 (0x00311073) csrw    fcsr, sp
core   0: 3 0x0000000080007778 (0x00311073) c1_fflags 0x0000000000000000 c2_frm 0x0000000000000000
core   0: 0x000000008000777c (0xe1df7fc3) fmadd.s ft11, ft10, ft9, ft8
core   0: 3 0x000000008000777c (0xe1df7fc3) f31 0xffffffff84003fff
core   0: 0x0000000080007780 (0x00302273) csrr    tp, fcsr
core   0: 3 0x0000000080007780 (0x00302273) x4  0x0000000000000000
core   0: 0x0000000080007784 (0x47f0a027) fsw     ft11, 1120(ra)
core   0: 3 0x0000000080007784 (0x47f0a027) mem 0x000000008000dd78 0x84003fff
core   0: 0x0000000080007788 (0x4640b423) sd      tp, 1128(ra)
core   0: 3 0x0000000080007788 (0x4640b423) mem 0x000000008000dd80 0x0000000000000000
core   0: >>>>  inst_38087
core   0: 0x000000008000778c (0x00100113) li      sp, 1
core   0: 3 0x000000008000778c (0x00100113) x2  0x0000000000000001
core   0: 0x0000000080007790 (0x00c11113) slli    sp, sp, 12
core   0: 3 0x0000000080007790 (0x00c11113) x2  0x0000000000001000
core   0: 0x0000000080007794 (0x002181b3) add     gp, gp, sp
core   0: 3 0x0000000080007794 (0x002181b3) x3  0x000000008000b010
core   0: 0x0000000080007798 (0x5541af07) flw     ft10, 1364(gp)
core   0: 3 0x0000000080007798 (0x5541af07) f30 0xffffffff7f3fd416 mem 0x000000008000b564
core   0: 0x000000008000779c (0x402181b3) sub     gp, gp, sp
core   0: 3 0x000000008000779c (0x402181b3) x3  0x000000008000a010
core   0: 0x00000000800077a0 (0x00100113) li      sp, 1
core   0: 3 0x00000000800077a0 (0x00100113) x2  0x0000000000000001
core   0: 0x00000000800077a4 (0x00c11113) slli    sp, sp, 12
core   0: 3 0x00000000800077a4 (0x00c11113) x2  0x0000000000001000
core   0: 0x00000000800077a8 (0x002181b3) add     gp, gp, sp
core   0: 3 0x00000000800077a8 (0x002181b3) x3  0x000000008000b010
core   0: 0x00000000800077ac (0x5581ae87) flw     ft9, 1368(gp)
core   0: 3 0x00000000800077ac (0x5581ae87) f29 0xffffffff80000000 mem 0x000000008000b568
core   0: 0x00000000800077b0 (0x402181b3) sub     gp, gp, sp
core   0: 3 0x00000000800077b0 (0x402181b3) x3  0x000000008000a010
core   0: 0x00000000800077b4 (0x00100113) li      sp, 1
core   0: 3 0x00000000800077b4 (0x00100113) x2  0x0000000000000001
core   0: 0x00000000800077b8 (0x00c11113) slli    sp, sp, 12
core   0: 3 0x00000000800077b8 (0x00c11113) x2  0x0000000000001000
core   0: 0x00000000800077bc (0x002181b3) add     gp, gp, sp
core   0: 3 0x00000000800077bc (0x002181b3) x3  0x000000008000b010
core   0: 0x00000000800077c0 (0x55c1ae07) flw     ft8, 1372(gp)
core   0: 3 0x00000000800077c0 (0x55c1ae07) f28 0xffffffff84007fff mem 0x000000008000b56c
core   0: 0x00000000800077c4 (0x402181b3) sub     gp, gp, sp
core   0: 3 0x00000000800077c4 (0x402181b3) x3  0x000000008000a010
core   0: 0x00000000800077c8 (0x00000113) li      sp, 0
core   0: 3 0x00000000800077c8 (0x00000113) x2  0x0000000000000000
core   0: 0x00000000800077cc (0x00311073) csrw    fcsr, sp
core   0: 3 0x00000000800077cc (0x00311073) c1_fflags 0x0000000000000000 c2_frm 0x0000000000000000
core   0: 0x00000000800077d0 (0xe1df7fc3) fmadd.s ft11, ft10, ft9, ft8
core   0: 3 0x00000000800077d0 (0xe1df7fc3) f31 0xffffffff84007fff
core   0: 0x00000000800077d4 (0x00302273) csrr    tp, fcsr
core   0: 3 0x00000000800077d4 (0x00302273) x4  0x0000000000000000
core   0: 0x00000000800077d8 (0x47f0a827) fsw     ft11, 1136(ra)
core   0: 3 0x00000000800077d8 (0x47f0a827) mem 0x000000008000dd88 0x84007fff
core   0: 0x00000000800077dc (0x4640bc23) sd      tp, 1144(ra)
core   0: 3 0x00000000800077dc (0x4640bc23) mem 0x000000008000dd90 0x0000000000000000
core   0: >>>>  inst_38088
core   0: 0x00000000800077e0 (0x00100113) li      sp, 1
core   0: 3 0x00000000800077e0 (0x00100113) x2  0x0000000000000001
core   0: 0x00000000800077e4 (0x00c11113) slli    sp, sp, 12
core   0: 3 0x00000000800077e4 (0x00c11113) x2  0x0000000000001000
core   0: 0x00000000800077e8 (0x002181b3) add     gp, gp, sp
core   0: 3 0x00000000800077e8 (0x002181b3) x3  0x000000008000b010
core   0: 0x00000000800077ec (0x5601af07) flw     ft10, 1376(gp)
core   0: 3 0x00000000800077ec (0x5601af07) f30 0xffffffff7f3fd416 mem 0x000000008000b570
core   0: 0x00000000800077f0 (0x402181b3) sub     gp, gp, sp
core   0: 3 0x00000000800077f0 (0x402181b3) x3  0x000000008000a010
core   0: 0x00000000800077f4 (0x00100113) li      sp, 1
core   0: 3 0x00000000800077f4 (0x00100113) x2  0x0000000000000001
core   0: 0x00000000800077f8 (0x00c11113) slli    sp, sp, 12
core   0: 3 0x00000000800077f8 (0x00c11113) x2  0x0000000000001000
core   0: 0x00000000800077fc (0x002181b3) add     gp, gp, sp
core   0: 3 0x00000000800077fc (0x002181b3) x3  0x000000008000b010
core   0: 0x0000000080007800 (0x5641ae87) flw     ft9, 1380(gp)
core   0: 3 0x0000000080007800 (0x5641ae87) f29 0xffffffff80000000 mem 0x000000008000b574
core   0: 0x0000000080007804 (0x402181b3) sub     gp, gp, sp
core   0: 3 0x0000000080007804 (0x402181b3) x3  0x000000008000a010
core   0: 0x0000000080007808 (0x00100113) li      sp, 1
core   0: 3 0x0000000080007808 (0x00100113) x2  0x0000000000000001
core   0: 0x000000008000780c (0x00c11113) slli    sp, sp, 12
core   0: 3 0x000000008000780c (0x00c11113) x2  0x0000000000001000
core   0: 0x0000000080007810 (0x002181b3) add     gp, gp, sp
core   0: 3 0x0000000080007810 (0x002181b3) x3  0x000000008000b010
core   0: 0x0000000080007814 (0x5681ae07) flw     ft8, 1384(gp)
core   0: 3 0x0000000080007814 (0x5681ae07) f28 0xffffffff8400ffff mem 0x000000008000b578
core   0: 0x0000000080007818 (0x402181b3) sub     gp, gp, sp
core   0: 3 0x0000000080007818 (0x402181b3) x3  0x000000008000a010
core   0: 0x000000008000781c (0x00000113) li      sp, 0
core   0: 3 0x000000008000781c (0x00000113) x2  0x0000000000000000
core   0: 0x0000000080007820 (0x00311073) csrw    fcsr, sp
core   0: 3 0x0000000080007820 (0x00311073) c1_fflags 0x0000000000000000 c2_frm 0x0000000000000000
core   0: 0x0000000080007824 (0xe1df7fc3) fmadd.s ft11, ft10, ft9, ft8
core   0: 3 0x0000000080007824 (0xe1df7fc3) f31 0xffffffff8400ffff
core   0: 0x0000000080007828 (0x00302273) csrr    tp, fcsr
core   0: 3 0x0000000080007828 (0x00302273) x4  0x0000000000000000
core   0: 0x000000008000782c (0x49f0a027) fsw     ft11, 1152(ra)
core   0: 3 0x000000008000782c (0x49f0a027) mem 0x000000008000dd98 0x8400ffff
core   0: 0x0000000080007830 (0x4840b423) sd      tp, 1160(ra)
core   0: 3 0x0000000080007830 (0x4840b423) mem 0x000000008000dda0 0x0000000000000000
core   0: >>>>  inst_38089
core   0: 0x0000000080007834 (0x00100113) li      sp, 1
core   0: 3 0x0000000080007834 (0x00100113) x2  0x0000000000000001
core   0: 0x0000000080007838 (0x00c11113) slli    sp, sp, 12
core   0: 3 0x0000000080007838 (0x00c11113) x2  0x0000000000001000
core   0: 0x000000008000783c (0x002181b3) add     gp, gp, sp
core   0: 3 0x000000008000783c (0x002181b3) x3  0x000000008000b010
core   0: 0x0000000080007840 (0x56c1af07) flw     ft10, 1388(gp)
core   0: 3 0x0000000080007840 (0x56c1af07) f30 0xffffffff7f3fd416 mem 0x000000008000b57c
core   0: 0x0000000080007844 (0x402181b3) sub     gp, gp, sp
core   0: 3 0x0000000080007844 (0x402181b3) x3  0x000000008000a010
core   0: 0x0000000080007848 (0x00100113) li      sp, 1
core   0: 3 0x0000000080007848 (0x00100113) x2  0x0000000000000001
core   0: 0x000000008000784c (0x00c11113) slli    sp, sp, 12
core   0: 3 0x000000008000784c (0x00c11113) x2  0x0000000000001000
core   0: 0x0000000080007850 (0x002181b3) add     gp, gp, sp
core   0: 3 0x0000000080007850 (0x002181b3) x3  0x000000008000b010
core   0: 0x0000000080007854 (0x5701ae87) flw     ft9, 1392(gp)
core   0: 3 0x0000000080007854 (0x5701ae87) f29 0xffffffff80000000 mem 0x000000008000b580
core   0: 0x0000000080007858 (0x402181b3) sub     gp, gp, sp
core   0: 3 0x0000000080007858 (0x402181b3) x3  0x000000008000a010
core   0: 0x000000008000785c (0x00100113) li      sp, 1
core   0: 3 0x000000008000785c (0x00100113) x2  0x0000000000000001
core   0: 0x0000000080007860 (0x00c11113) slli    sp, sp, 12
core   0: 3 0x0000000080007860 (0x00c11113) x2  0x0000000000001000
core   0: 0x0000000080007864 (0x002181b3) add     gp, gp, sp
core   0: 3 0x0000000080007864 (0x002181b3) x3  0x000000008000b010
core   0: 0x0000000080007868 (0x5741ae07) flw     ft8, 1396(gp)
core   0: 3 0x0000000080007868 (0x5741ae07) f28 0xffffffff8401ffff mem 0x000000008000b584
core   0: 0x000000008000786c (0x402181b3) sub     gp, gp, sp
core   0: 3 0x000000008000786c (0x402181b3) x3  0x000000008000a010
core   0: 0x0000000080007870 (0x00000113) li      sp, 0
core   0: 3 0x0000000080007870 (0x00000113) x2  0x0000000000000000
core   0: 0x0000000080007874 (0x00311073) csrw    fcsr, sp
core   0: 3 0x0000000080007874 (0x00311073) c1_fflags 0x0000000000000000 c2_frm 0x0000000000000000
core   0: 0x0000000080007878 (0xe1df7fc3) fmadd.s ft11, ft10, ft9, ft8
core   0: 3 0x0000000080007878 (0xe1df7fc3) f31 0xffffffff8401ffff
core   0: 0x000000008000787c (0x00302273) csrr    tp, fcsr
core   0: 3 0x000000008000787c (0x00302273) x4  0x0000000000000000
core   0: 0x0000000080007880 (0x49f0a827) fsw     ft11, 1168(ra)
core   0: 3 0x0000000080007880 (0x49f0a827) mem 0x000000008000dda8 0x8401ffff
core   0: 0x0000000080007884 (0x4840bc23) sd      tp, 1176(ra)
core   0: 3 0x0000000080007884 (0x4840bc23) mem 0x000000008000ddb0 0x0000000000000000
core   0: >>>>  inst_38090
core   0: 0x0000000080007888 (0x00100113) li      sp, 1
core   0: 3 0x0000000080007888 (0x00100113) x2  0x0000000000000001
core   0: 0x000000008000788c (0x00c11113) slli    sp, sp, 12
core   0: 3 0x000000008000788c (0x00c11113) x2  0x0000000000001000
core   0: 0x0000000080007890 (0x002181b3) add     gp, gp, sp
core   0: 3 0x0000000080007890 (0x002181b3) x3  0x000000008000b010
core   0: 0x0000000080007894 (0x5781af07) flw     ft10, 1400(gp)
core   0: 3 0x0000000080007894 (0x5781af07) f30 0xffffffff7f3fd416 mem 0x000000008000b588
core   0: 0x0000000080007898 (0x402181b3) sub     gp, gp, sp
core   0: 3 0x0000000080007898 (0x402181b3) x3  0x000000008000a010
core   0: 0x000000008000789c (0x00100113) li      sp, 1
core   0: 3 0x000000008000789c (0x00100113) x2  0x0000000000000001
core   0: 0x00000000800078a0 (0x00c11113) slli    sp, sp, 12
core   0: 3 0x00000000800078a0 (0x00c11113) x2  0x0000000000001000
core   0: 0x00000000800078a4 (0x002181b3) add     gp, gp, sp
core   0: 3 0x00000000800078a4 (0x002181b3) x3  0x000000008000b010
core   0: 0x00000000800078a8 (0x57c1ae87) flw     ft9, 1404(gp)
core   0: 3 0x00000000800078a8 (0x57c1ae87) f29 0xffffffff80000000 mem 0x000000008000b58c
core   0: 0x00000000800078ac (0x402181b3) sub     gp, gp, sp
core   0: 3 0x00000000800078ac (0x402181b3) x3  0x000000008000a010
core   0: 0x00000000800078b0 (0x00100113) li      sp, 1
core   0: 3 0x00000000800078b0 (0x00100113) x2  0x0000000000000001
core   0: 0x00000000800078b4 (0x00c11113) slli    sp, sp, 12
core   0: 3 0x00000000800078b4 (0x00c11113) x2  0x0000000000001000
core   0: 0x00000000800078b8 (0x002181b3) add     gp, gp, sp
core   0: 3 0x00000000800078b8 (0x002181b3) x3  0x000000008000b010
core   0: 0x00000000800078bc (0x5801ae07) flw     ft8, 1408(gp)
core   0: 3 0x00000000800078bc (0x5801ae07) f28 0xffffffff8403ffff mem 0x000000008000b590
core   0: 0x00000000800078c0 (0x402181b3) sub     gp, gp, sp
core   0: 3 0x00000000800078c0 (0x402181b3) x3  0x000000008000a010
core   0: 0x00000000800078c4 (0x00000113) li      sp, 0
core   0: 3 0x00000000800078c4 (0x00000113) x2  0x0000000000000000
core   0: 0x00000000800078c8 (0x00311073) csrw    fcsr, sp
core   0: 3 0x00000000800078c8 (0x00311073) c1_fflags 0x0000000000000000 c2_frm 0x0000000000000000
core   0: 0x00000000800078cc (0xe1df7fc3) fmadd.s ft11, ft10, ft9, ft8
core   0: 3 0x00000000800078cc (0xe1df7fc3) f31 0xffffffff8403ffff
core   0: 0x00000000800078d0 (0x00302273) csrr    tp, fcsr
core   0: 3 0x00000000800078d0 (0x00302273) x4  0x0000000000000000
core   0: 0x00000000800078d4 (0x4bf0a027) fsw     ft11, 1184(ra)
core   0: 3 0x00000000800078d4 (0x4bf0a027) mem 0x000000008000ddb8 0x8403ffff
core   0: 0x00000000800078d8 (0x4a40b423) sd      tp, 1192(ra)
core   0: 3 0x00000000800078d8 (0x4a40b423) mem 0x000000008000ddc0 0x0000000000000000
core   0: >>>>  inst_38091
core   0: 0x00000000800078dc (0x00100113) li      sp, 1
core   0: 3 0x00000000800078dc (0x00100113) x2  0x0000000000000001
core   0: 0x00000000800078e0 (0x00c11113) slli    sp, sp, 12
core   0: 3 0x00000000800078e0 (0x00c11113) x2  0x0000000000001000
core   0: 0x00000000800078e4 (0x002181b3) add     gp, gp, sp
core   0: 3 0x00000000800078e4 (0x002181b3) x3  0x000000008000b010
core   0: 0x00000000800078e8 (0x5841af07) flw     ft10, 1412(gp)
core   0: 3 0x00000000800078e8 (0x5841af07) f30 0xffffffff7f3fd416 mem 0x000000008000b594
core   0: 0x00000000800078ec (0x402181b3) sub     gp, gp, sp
core   0: 3 0x00000000800078ec (0x402181b3) x3  0x000000008000a010
core   0: 0x00000000800078f0 (0x00100113) li      sp, 1
core   0: 3 0x00000000800078f0 (0x00100113) x2  0x0000000000000001
core   0: 0x00000000800078f4 (0x00c11113) slli    sp, sp, 12
core   0: 3 0x00000000800078f4 (0x00c11113) x2  0x0000000000001000
core   0: 0x00000000800078f8 (0x002181b3) add     gp, gp, sp
core   0: 3 0x00000000800078f8 (0x002181b3) x3  0x000000008000b010
core   0: 0x00000000800078fc (0x5881ae87) flw     ft9, 1416(gp)
core   0: 3 0x00000000800078fc (0x5881ae87) f29 0xffffffff80000000 mem 0x000000008000b598
core   0: 0x0000000080007900 (0x402181b3) sub     gp, gp, sp
core   0: 3 0x0000000080007900 (0x402181b3) x3  0x000000008000a010
core   0: 0x0000000080007904 (0x00100113) li      sp, 1
core   0: 3 0x0000000080007904 (0x00100113) x2  0x0000000000000001
core   0: 0x0000000080007908 (0x00c11113) slli    sp, sp, 12
core   0: 3 0x0000000080007908 (0x00c11113) x2  0x0000000000001000
core   0: 0x000000008000790c (0x002181b3) add     gp, gp, sp
core   0: 3 0x000000008000790c (0x002181b3) x3  0x000000008000b010
core   0: 0x0000000080007910 (0x58c1ae07) flw     ft8, 1420(gp)
core   0: 3 0x0000000080007910 (0x58c1ae07) f28 0xffffffff8407ffff mem 0x000000008000b59c
core   0: 0x0000000080007914 (0x402181b3) sub     gp, gp, sp
core   0: 3 0x0000000080007914 (0x402181b3) x3  0x000000008000a010
core   0: 0x0000000080007918 (0x00000113) li      sp, 0
core   0: 3 0x0000000080007918 (0x00000113) x2  0x0000000000000000
core   0: 0x000000008000791c (0x00311073) csrw    fcsr, sp
core   0: 3 0x000000008000791c (0x00311073) c1_fflags 0x0000000000000000 c2_frm 0x0000000000000000
core   0: 0x0000000080007920 (0xe1df7fc3) fmadd.s ft11, ft10, ft9, ft8
core   0: 3 0x0000000080007920 (0xe1df7fc3) f31 0xffffffff8407ffff
core   0: 0x0000000080007924 (0x00302273) csrr    tp, fcsr
core   0: 3 0x0000000080007924 (0x00302273) x4  0x0000000000000000
core   0: 0x0000000080007928 (0x4bf0a827) fsw     ft11, 1200(ra)
core   0: 3 0x0000000080007928 (0x4bf0a827) mem 0x000000008000ddc8 0x8407ffff
core   0: 0x000000008000792c (0x4a40bc23) sd      tp, 1208(ra)
core   0: 3 0x000000008000792c (0x4a40bc23) mem 0x000000008000ddd0 0x0000000000000000
core   0: >>>>  inst_38092
core   0: 0x0000000080007930 (0x00100113) li      sp, 1
core   0: 3 0x0000000080007930 (0x00100113) x2  0x0000000000000001
core   0: 0x0000000080007934 (0x00c11113) slli    sp, sp, 12
core   0: 3 0x0000000080007934 (0x00c11113) x2  0x0000000000001000
core   0: 0x0000000080007938 (0x002181b3) add     gp, gp, sp
core   0: 3 0x0000000080007938 (0x002181b3) x3  0x000000008000b010
core   0: 0x000000008000793c (0x5901af07) flw     ft10, 1424(gp)
core   0: 3 0x000000008000793c (0x5901af07) f30 0xffffffff7f3fd416 mem 0x000000008000b5a0
core   0: 0x0000000080007940 (0x402181b3) sub     gp, gp, sp
core   0: 3 0x0000000080007940 (0x402181b3) x3  0x000000008000a010
core   0: 0x0000000080007944 (0x00100113) li      sp, 1
core   0: 3 0x0000000080007944 (0x00100113) x2  0x0000000000000001
core   0: 0x0000000080007948 (0x00c11113) slli    sp, sp, 12
core   0: 3 0x0000000080007948 (0x00c11113) x2  0x0000000000001000
core   0: 0x000000008000794c (0x002181b3) add     gp, gp, sp
core   0: 3 0x000000008000794c (0x002181b3) x3  0x000000008000b010
core   0: 0x0000000080007950 (0x5941ae87) flw     ft9, 1428(gp)
core   0: 3 0x0000000080007950 (0x5941ae87) f29 0xffffffff80000000 mem 0x000000008000b5a4
core   0: 0x0000000080007954 (0x402181b3) sub     gp, gp, sp
core   0: 3 0x0000000080007954 (0x402181b3) x3  0x000000008000a010
core   0: 0x0000000080007958 (0x00100113) li      sp, 1
core   0: 3 0x0000000080007958 (0x00100113) x2  0x0000000000000001
core   0: 0x000000008000795c (0x00c11113) slli    sp, sp, 12
core   0: 3 0x000000008000795c (0x00c11113) x2  0x0000000000001000
core   0: 0x0000000080007960 (0x002181b3) add     gp, gp, sp
core   0: 3 0x0000000080007960 (0x002181b3) x3  0x000000008000b010
core   0: 0x0000000080007964 (0x5981ae07) flw     ft8, 1432(gp)
core   0: 3 0x0000000080007964 (0x5981ae07) f28 0xffffffff840fffff mem 0x000000008000b5a8
core   0: 0x0000000080007968 (0x402181b3) sub     gp, gp, sp
core   0: 3 0x0000000080007968 (0x402181b3) x3  0x000000008000a010
core   0: 0x000000008000796c (0x00000113) li      sp, 0
core   0: 3 0x000000008000796c (0x00000113) x2  0x0000000000000000
core   0: 0x0000000080007970 (0x00311073) csrw    fcsr, sp
core   0: 3 0x0000000080007970 (0x00311073) c1_fflags 0x0000000000000000 c2_frm 0x0000000000000000
core   0: 0x0000000080007974 (0xe1df7fc3) fmadd.s ft11, ft10, ft9, ft8
core   0: 3 0x0000000080007974 (0xe1df7fc3) f31 0xffffffff840fffff
core   0: 0x0000000080007978 (0x00302273) csrr    tp, fcsr
core   0: 3 0x0000000080007978 (0x00302273) x4  0x0000000000000000
core   0: 0x000000008000797c (0x4df0a027) fsw     ft11, 1216(ra)
core   0: 3 0x000000008000797c (0x4df0a027) mem 0x000000008000ddd8 0x840fffff
core   0: 0x0000000080007980 (0x4c40b423) sd      tp, 1224(ra)
core   0: 3 0x0000000080007980 (0x4c40b423) mem 0x000000008000dde0 0x0000000000000000
core   0: >>>>  inst_38093
core   0: 0x0000000080007984 (0x00100113) li      sp, 1
core   0: 3 0x0000000080007984 (0x00100113) x2  0x0000000000000001
core   0: 0x0000000080007988 (0x00c11113) slli    sp, sp, 12
core   0: 3 0x0000000080007988 (0x00c11113) x2  0x0000000000001000
core   0: 0x000000008000798c (0x002181b3) add     gp, gp, sp
core   0: 3 0x000000008000798c (0x002181b3) x3  0x000000008000b010
core   0: 0x0000000080007990 (0x59c1af07) flw     ft10, 1436(gp)
core   0: 3 0x0000000080007990 (0x59c1af07) f30 0xffffffff7f3fd416 mem 0x000000008000b5ac
core   0: 0x0000000080007994 (0x402181b3) sub     gp, gp, sp
core   0: 3 0x0000000080007994 (0x402181b3) x3  0x000000008000a010
core   0: 0x0000000080007998 (0x00100113) li      sp, 1
core   0: 3 0x0000000080007998 (0x00100113) x2  0x0000000000000001
core   0: 0x000000008000799c (0x00c11113) slli    sp, sp, 12
core   0: 3 0x000000008000799c (0x00c11113) x2  0x0000000000001000
core   0: 0x00000000800079a0 (0x002181b3) add     gp, gp, sp
core   0: 3 0x00000000800079a0 (0x002181b3) x3  0x000000008000b010
core   0: 0x00000000800079a4 (0x5a01ae87) flw     ft9, 1440(gp)
core   0: 3 0x00000000800079a4 (0x5a01ae87) f29 0xffffffff80000000 mem 0x000000008000b5b0
core   0: 0x00000000800079a8 (0x402181b3) sub     gp, gp, sp
core   0: 3 0x00000000800079a8 (0x402181b3) x3  0x000000008000a010
core   0: 0x00000000800079ac (0x00100113) li      sp, 1
core   0: 3 0x00000000800079ac (0x00100113) x2  0x0000000000000001
core   0: 0x00000000800079b0 (0x00c11113) slli    sp, sp, 12
core   0: 3 0x00000000800079b0 (0x00c11113) x2  0x0000000000001000
core   0: 0x00000000800079b4 (0x002181b3) add     gp, gp, sp
core   0: 3 0x00000000800079b4 (0x002181b3) x3  0x000000008000b010
core   0: 0x00000000800079b8 (0x5a41ae07) flw     ft8, 1444(gp)
core   0: 3 0x00000000800079b8 (0x5a41ae07) f28 0xffffffff841fffff mem 0x000000008000b5b4
core   0: 0x00000000800079bc (0x402181b3) sub     gp, gp, sp
core   0: 3 0x00000000800079bc (0x402181b3) x3  0x000000008000a010
core   0: 0x00000000800079c0 (0x00000113) li      sp, 0
core   0: 3 0x00000000800079c0 (0x00000113) x2  0x0000000000000000
core   0: 0x00000000800079c4 (0x00311073) csrw    fcsr, sp
core   0: 3 0x00000000800079c4 (0x00311073) c1_fflags 0x0000000000000000 c2_frm 0x0000000000000000
core   0: 0x00000000800079c8 (0xe1df7fc3) fmadd.s ft11, ft10, ft9, ft8
core   0: 3 0x00000000800079c8 (0xe1df7fc3) f31 0xffffffff841fffff
core   0: 0x00000000800079cc (0x00302273) csrr    tp, fcsr
core   0: 3 0x00000000800079cc (0x00302273) x4  0x0000000000000000
core   0: 0x00000000800079d0 (0x4df0a827) fsw     ft11, 1232(ra)
core   0: 3 0x00000000800079d0 (0x4df0a827) mem 0x000000008000dde8 0x841fffff
core   0: 0x00000000800079d4 (0x4c40bc23) sd      tp, 1240(ra)
core   0: 3 0x00000000800079d4 (0x4c40bc23) mem 0x000000008000ddf0 0x0000000000000000
core   0: >>>>  inst_38094
core   0: 0x00000000800079d8 (0x00100113) li      sp, 1
core   0: 3 0x00000000800079d8 (0x00100113) x2  0x0000000000000001
core   0: 0x00000000800079dc (0x00c11113) slli    sp, sp, 12
core   0: 3 0x00000000800079dc (0x00c11113) x2  0x0000000000001000
core   0: 0x00000000800079e0 (0x002181b3) add     gp, gp, sp
core   0: 3 0x00000000800079e0 (0x002181b3) x3  0x000000008000b010
core   0: 0x00000000800079e4 (0x5a81af07) flw     ft10, 1448(gp)
core   0: 3 0x00000000800079e4 (0x5a81af07) f30 0xffffffff7f3fd416 mem 0x000000008000b5b8
core   0: 0x00000000800079e8 (0x402181b3) sub     gp, gp, sp
core   0: 3 0x00000000800079e8 (0x402181b3) x3  0x000000008000a010
core   0: 0x00000000800079ec (0x00100113) li      sp, 1
core   0: 3 0x00000000800079ec (0x00100113) x2  0x0000000000000001
core   0: 0x00000000800079f0 (0x00c11113) slli    sp, sp, 12
core   0: 3 0x00000000800079f0 (0x00c11113) x2  0x0000000000001000
core   0: 0x00000000800079f4 (0x002181b3) add     gp, gp, sp
core   0: 3 0x00000000800079f4 (0x002181b3) x3  0x000000008000b010
core   0: 0x00000000800079f8 (0x5ac1ae87) flw     ft9, 1452(gp)
core   0: 3 0x00000000800079f8 (0x5ac1ae87) f29 0xffffffff80000000 mem 0x000000008000b5bc
core   0: 0x00000000800079fc (0x402181b3) sub     gp, gp, sp
core   0: 3 0x00000000800079fc (0x402181b3) x3  0x000000008000a010
core   0: 0x0000000080007a00 (0x00100113) li      sp, 1
core   0: 3 0x0000000080007a00 (0x00100113) x2  0x0000000000000001
core   0: 0x0000000080007a04 (0x00c11113) slli    sp, sp, 12
core   0: 3 0x0000000080007a04 (0x00c11113) x2  0x0000000000001000
core   0: 0x0000000080007a08 (0x002181b3) add     gp, gp, sp
core   0: 3 0x0000000080007a08 (0x002181b3) x3  0x000000008000b010
core   0: 0x0000000080007a0c (0x5b01ae07) flw     ft8, 1456(gp)
core   0: 3 0x0000000080007a0c (0x5b01ae07) f28 0xffffffff843fffff mem 0x000000008000b5c0
core   0: 0x0000000080007a10 (0x402181b3) sub     gp, gp, sp
core   0: 3 0x0000000080007a10 (0x402181b3) x3  0x000000008000a010
core   0: 0x0000000080007a14 (0x00000113) li      sp, 0
core   0: 3 0x0000000080007a14 (0x00000113) x2  0x0000000000000000
core   0: 0x0000000080007a18 (0x00311073) csrw    fcsr, sp
core   0: 3 0x0000000080007a18 (0x00311073) c1_fflags 0x0000000000000000 c2_frm 0x0000000000000000
core   0: 0x0000000080007a1c (0xe1df7fc3) fmadd.s ft11, ft10, ft9, ft8
core   0: 3 0x0000000080007a1c (0xe1df7fc3) f31 0xffffffff843fffff
core   0: 0x0000000080007a20 (0x00302273) csrr    tp, fcsr
core   0: 3 0x0000000080007a20 (0x00302273) x4  0x0000000000000000
core   0: 0x0000000080007a24 (0x4ff0a027) fsw     ft11, 1248(ra)
core   0: 3 0x0000000080007a24 (0x4ff0a027) mem 0x000000008000ddf8 0x843fffff
core   0: 0x0000000080007a28 (0x4e40b423) sd      tp, 1256(ra)
core   0: 3 0x0000000080007a28 (0x4e40b423) mem 0x000000008000de00 0x0000000000000000
core   0: >>>>  inst_38095
core   0: 0x0000000080007a2c (0x00100113) li      sp, 1
core   0: 3 0x0000000080007a2c (0x00100113) x2  0x0000000000000001
core   0: 0x0000000080007a30 (0x00c11113) slli    sp, sp, 12
core   0: 3 0x0000000080007a30 (0x00c11113) x2  0x0000000000001000
core   0: 0x0000000080007a34 (0x002181b3) add     gp, gp, sp
core   0: 3 0x0000000080007a34 (0x002181b3) x3  0x000000008000b010
core   0: 0x0000000080007a38 (0x5b41af07) flw     ft10, 1460(gp)
core   0: 3 0x0000000080007a38 (0x5b41af07) f30 0xffffffff7f3fd416 mem 0x000000008000b5c4
core   0: 0x0000000080007a3c (0x402181b3) sub     gp, gp, sp
core   0: 3 0x0000000080007a3c (0x402181b3) x3  0x000000008000a010
core   0: 0x0000000080007a40 (0x00100113) li      sp, 1
core   0: 3 0x0000000080007a40 (0x00100113) x2  0x0000000000000001
core   0: 0x0000000080007a44 (0x00c11113) slli    sp, sp, 12
core   0: 3 0x0000000080007a44 (0x00c11113) x2  0x0000000000001000
core   0: 0x0000000080007a48 (0x002181b3) add     gp, gp, sp
core   0: 3 0x0000000080007a48 (0x002181b3) x3  0x000000008000b010
core   0: 0x0000000080007a4c (0x5b81ae87) flw     ft9, 1464(gp)
core   0: 3 0x0000000080007a4c (0x5b81ae87) f29 0xffffffff80000000 mem 0x000000008000b5c8
core   0: 0x0000000080007a50 (0x402181b3) sub     gp, gp, sp
core   0: 3 0x0000000080007a50 (0x402181b3) x3  0x000000008000a010
core   0: 0x0000000080007a54 (0x00100113) li      sp, 1
core   0: 3 0x0000000080007a54 (0x00100113) x2  0x0000000000000001
core   0: 0x0000000080007a58 (0x00c11113) slli    sp, sp, 12
core   0: 3 0x0000000080007a58 (0x00c11113) x2  0x0000000000001000
core   0: 0x0000000080007a5c (0x002181b3) add     gp, gp, sp
core   0: 3 0x0000000080007a5c (0x002181b3) x3  0x000000008000b010
core   0: 0x0000000080007a60 (0x5bc1ae07) flw     ft8, 1468(gp)
core   0: 3 0x0000000080007a60 (0x5bc1ae07) f28 0xffffffff84400000 mem 0x000000008000b5cc
core   0: 0x0000000080007a64 (0x402181b3) sub     gp, gp, sp
core   0: 3 0x0000000080007a64 (0x402181b3) x3  0x000000008000a010
core   0: 0x0000000080007a68 (0x00000113) li      sp, 0
core   0: 3 0x0000000080007a68 (0x00000113) x2  0x0000000000000000
core   0: 0x0000000080007a6c (0x00311073) csrw    fcsr, sp
core   0: 3 0x0000000080007a6c (0x00311073) c1_fflags 0x0000000000000000 c2_frm 0x0000000000000000
core   0: 0x0000000080007a70 (0xe1df7fc3) fmadd.s ft11, ft10, ft9, ft8
core   0: 3 0x0000000080007a70 (0xe1df7fc3) f31 0xffffffff84400000
core   0: 0x0000000080007a74 (0x00302273) csrr    tp, fcsr
core   0: 3 0x0000000080007a74 (0x00302273) x4  0x0000000000000000
core   0: 0x0000000080007a78 (0x4ff0a827) fsw     ft11, 1264(ra)
core   0: 3 0x0000000080007a78 (0x4ff0a827) mem 0x000000008000de08 0x84400000
core   0: 0x0000000080007a7c (0x4e40bc23) sd      tp, 1272(ra)
core   0: 3 0x0000000080007a7c (0x4e40bc23) mem 0x000000008000de10 0x0000000000000000
core   0: >>>>  inst_38096
core   0: 0x0000000080007a80 (0x00100113) li      sp, 1
core   0: 3 0x0000000080007a80 (0x00100113) x2  0x0000000000000001
core   0: 0x0000000080007a84 (0x00c11113) slli    sp, sp, 12
core   0: 3 0x0000000080007a84 (0x00c11113) x2  0x0000000000001000
core   0: 0x0000000080007a88 (0x002181b3) add     gp, gp, sp
core   0: 3 0x0000000080007a88 (0x002181b3) x3  0x000000008000b010
core   0: 0x0000000080007a8c (0x5c01af07) flw     ft10, 1472(gp)
core   0: 3 0x0000000080007a8c (0x5c01af07) f30 0xffffffff7f3fd416 mem 0x000000008000b5d0
core   0: 0x0000000080007a90 (0x402181b3) sub     gp, gp, sp
core   0: 3 0x0000000080007a90 (0x402181b3) x3  0x000000008000a010
core   0: 0x0000000080007a94 (0x00100113) li      sp, 1
core   0: 3 0x0000000080007a94 (0x00100113) x2  0x0000000000000001
core   0: 0x0000000080007a98 (0x00c11113) slli    sp, sp, 12
core   0: 3 0x0000000080007a98 (0x00c11113) x2  0x0000000000001000
core   0: 0x0000000080007a9c (0x002181b3) add     gp, gp, sp
core   0: 3 0x0000000080007a9c (0x002181b3) x3  0x000000008000b010
core   0: 0x0000000080007aa0 (0x5c41ae87) flw     ft9, 1476(gp)
core   0: 3 0x0000000080007aa0 (0x5c41ae87) f29 0xffffffff80000000 mem 0x000000008000b5d4
core   0: 0x0000000080007aa4 (0x402181b3) sub     gp, gp, sp
core   0: 3 0x0000000080007aa4 (0x402181b3) x3  0x000000008000a010
core   0: 0x0000000080007aa8 (0x00100113) li      sp, 1
core   0: 3 0x0000000080007aa8 (0x00100113) x2  0x0000000000000001
core   0: 0x0000000080007aac (0x00c11113) slli    sp, sp, 12
core   0: 3 0x0000000080007aac (0x00c11113) x2  0x0000000000001000
core   0: 0x0000000080007ab0 (0x002181b3) add     gp, gp, sp
core   0: 3 0x0000000080007ab0 (0x002181b3) x3  0x000000008000b010
core   0: 0x0000000080007ab4 (0x5c81ae07) flw     ft8, 1480(gp)
core   0: 3 0x0000000080007ab4 (0x5c81ae07) f28 0xffffffff84600000 mem 0x000000008000b5d8
core   0: 0x0000000080007ab8 (0x402181b3) sub     gp, gp, sp
core   0: 3 0x0000000080007ab8 (0x402181b3) x3  0x000000008000a010
core   0: 0x0000000080007abc (0x00000113) li      sp, 0
core   0: 3 0x0000000080007abc (0x00000113) x2  0x0000000000000000
core   0: 0x0000000080007ac0 (0x00311073) csrw    fcsr, sp
core   0: 3 0x0000000080007ac0 (0x00311073) c1_fflags 0x0000000000000000 c2_frm 0x0000000000000000
core   0: 0x0000000080007ac4 (0xe1df7fc3) fmadd.s ft11, ft10, ft9, ft8
core   0: 3 0x0000000080007ac4 (0xe1df7fc3) f31 0xffffffff84600000
core   0: 0x0000000080007ac8 (0x00302273) csrr    tp, fcsr
core   0: 3 0x0000000080007ac8 (0x00302273) x4  0x0000000000000000
core   0: 0x0000000080007acc (0x51f0a027) fsw     ft11, 1280(ra)
core   0: 3 0x0000000080007acc (0x51f0a027) mem 0x000000008000de18 0x84600000
core   0: 0x0000000080007ad0 (0x5040b423) sd      tp, 1288(ra)
core   0: 3 0x0000000080007ad0 (0x5040b423) mem 0x000000008000de20 0x0000000000000000
core   0: >>>>  inst_38097
core   0: 0x0000000080007ad4 (0x00100113) li      sp, 1
core   0: 3 0x0000000080007ad4 (0x00100113) x2  0x0000000000000001
core   0: 0x0000000080007ad8 (0x00c11113) slli    sp, sp, 12
core   0: 3 0x0000000080007ad8 (0x00c11113) x2  0x0000000000001000
core   0: 0x0000000080007adc (0x002181b3) add     gp, gp, sp
core   0: 3 0x0000000080007adc (0x002181b3) x3  0x000000008000b010
core   0: 0x0000000080007ae0 (0x5cc1af07) flw     ft10, 1484(gp)
core   0: 3 0x0000000080007ae0 (0x5cc1af07) f30 0xffffffff7f3fd416 mem 0x000000008000b5dc
core   0: 0x0000000080007ae4 (0x402181b3) sub     gp, gp, sp
core   0: 3 0x0000000080007ae4 (0x402181b3) x3  0x000000008000a010
core   0: 0x0000000080007ae8 (0x00100113) li      sp, 1
core   0: 3 0x0000000080007ae8 (0x00100113) x2  0x0000000000000001
core   0: 0x0000000080007aec (0x00c11113) slli    sp, sp, 12
core   0: 3 0x0000000080007aec (0x00c11113) x2  0x0000000000001000
core   0: 0x0000000080007af0 (0x002181b3) add     gp, gp, sp
core   0: 3 0x0000000080007af0 (0x002181b3) x3  0x000000008000b010
core   0: 0x0000000080007af4 (0x5d01ae87) flw     ft9, 1488(gp)
core   0: 3 0x0000000080007af4 (0x5d01ae87) f29 0xffffffff80000000 mem 0x000000008000b5e0
core   0: 0x0000000080007af8 (0x402181b3) sub     gp, gp, sp
core   0: 3 0x0000000080007af8 (0x402181b3) x3  0x000000008000a010
core   0: 0x0000000080007afc (0x00100113) li      sp, 1
core   0: 3 0x0000000080007afc (0x00100113) x2  0x0000000000000001
core   0: 0x0000000080007b00 (0x00c11113) slli    sp, sp, 12
core   0: 3 0x0000000080007b00 (0x00c11113) x2  0x0000000000001000
core   0: 0x0000000080007b04 (0x002181b3) add     gp, gp, sp
core   0: 3 0x0000000080007b04 (0x002181b3) x3  0x000000008000b010
core   0: 0x0000000080007b08 (0x5d41ae07) flw     ft8, 1492(gp)
core   0: 3 0x0000000080007b08 (0x5d41ae07) f28 0xffffffff84700000 mem 0x000000008000b5e4
core   0: 0x0000000080007b0c (0x402181b3) sub     gp, gp, sp
core   0: 3 0x0000000080007b0c (0x402181b3) x3  0x000000008000a010
core   0: 0x0000000080007b10 (0x00000113) li      sp, 0
core   0: 3 0x0000000080007b10 (0x00000113) x2  0x0000000000000000
core   0: 0x0000000080007b14 (0x00311073) csrw    fcsr, sp
core   0: 3 0x0000000080007b14 (0x00311073) c1_fflags 0x0000000000000000 c2_frm 0x0000000000000000
core   0: 0x0000000080007b18 (0xe1df7fc3) fmadd.s ft11, ft10, ft9, ft8
core   0: 3 0x0000000080007b18 (0xe1df7fc3) f31 0xffffffff84700000
core   0: 0x0000000080007b1c (0x00302273) csrr    tp, fcsr
core   0: 3 0x0000000080007b1c (0x00302273) x4  0x0000000000000000
core   0: 0x0000000080007b20 (0x51f0a827) fsw     ft11, 1296(ra)
core   0: 3 0x0000000080007b20 (0x51f0a827) mem 0x000000008000de28 0x84700000
core   0: 0x0000000080007b24 (0x5040bc23) sd      tp, 1304(ra)
core   0: 3 0x0000000080007b24 (0x5040bc23) mem 0x000000008000de30 0x0000000000000000
core   0: >>>>  inst_38098
core   0: 0x0000000080007b28 (0x00100113) li      sp, 1
core   0: 3 0x0000000080007b28 (0x00100113) x2  0x0000000000000001
core   0: 0x0000000080007b2c (0x00c11113) slli    sp, sp, 12
core   0: 3 0x0000000080007b2c (0x00c11113) x2  0x0000000000001000
core   0: 0x0000000080007b30 (0x002181b3) add     gp, gp, sp
core   0: 3 0x0000000080007b30 (0x002181b3) x3  0x000000008000b010
core   0: 0x0000000080007b34 (0x5d81af07) flw     ft10, 1496(gp)
core   0: 3 0x0000000080007b34 (0x5d81af07) f30 0xffffffff7f3fd416 mem 0x000000008000b5e8
core   0: 0x0000000080007b38 (0x402181b3) sub     gp, gp, sp
core   0: 3 0x0000000080007b38 (0x402181b3) x3  0x000000008000a010
core   0: 0x0000000080007b3c (0x00100113) li      sp, 1
core   0: 3 0x0000000080007b3c (0x00100113) x2  0x0000000000000001
core   0: 0x0000000080007b40 (0x00c11113) slli    sp, sp, 12
core   0: 3 0x0000000080007b40 (0x00c11113) x2  0x0000000000001000
core   0: 0x0000000080007b44 (0x002181b3) add     gp, gp, sp
core   0: 3 0x0000000080007b44 (0x002181b3) x3  0x000000008000b010
core   0: 0x0000000080007b48 (0x5dc1ae87) flw     ft9, 1500(gp)
core   0: 3 0x0000000080007b48 (0x5dc1ae87) f29 0xffffffff80000000 mem 0x000000008000b5ec
core   0: 0x0000000080007b4c (0x402181b3) sub     gp, gp, sp
core   0: 3 0x0000000080007b4c (0x402181b3) x3  0x000000008000a010
core   0: 0x0000000080007b50 (0x00100113) li      sp, 1
core   0: 3 0x0000000080007b50 (0x00100113) x2  0x0000000000000001
core   0: 0x0000000080007b54 (0x00c11113) slli    sp, sp, 12
core   0: 3 0x0000000080007b54 (0x00c11113) x2  0x0000000000001000
core   0: 0x0000000080007b58 (0x002181b3) add     gp, gp, sp
core   0: 3 0x0000000080007b58 (0x002181b3) x3  0x000000008000b010
core   0: 0x0000000080007b5c (0x5e01ae07) flw     ft8, 1504(gp)
core   0: 3 0x0000000080007b5c (0x5e01ae07) f28 0xffffffff84780000 mem 0x000000008000b5f0
core   0: 0x0000000080007b60 (0x402181b3) sub     gp, gp, sp
core   0: 3 0x0000000080007b60 (0x402181b3) x3  0x000000008000a010
core   0: 0x0000000080007b64 (0x00000113) li      sp, 0
core   0: 3 0x0000000080007b64 (0x00000113) x2  0x0000000000000000
core   0: 0x0000000080007b68 (0x00311073) csrw    fcsr, sp
core   0: 3 0x0000000080007b68 (0x00311073) c1_fflags 0x0000000000000000 c2_frm 0x0000000000000000
core   0: 0x0000000080007b6c (0xe1df7fc3) fmadd.s ft11, ft10, ft9, ft8
core   0: 3 0x0000000080007b6c (0xe1df7fc3) f31 0xffffffff84780000
core   0: 0x0000000080007b70 (0x00302273) csrr    tp, fcsr
core   0: 3 0x0000000080007b70 (0x00302273) x4  0x0000000000000000
core   0: 0x0000000080007b74 (0x53f0a027) fsw     ft11, 1312(ra)
core   0: 3 0x0000000080007b74 (0x53f0a027) mem 0x000000008000de38 0x84780000
core   0: 0x0000000080007b78 (0x5240b423) sd      tp, 1320(ra)
core   0: 3 0x0000000080007b78 (0x5240b423) mem 0x000000008000de40 0x0000000000000000
core   0: >>>>  inst_38099
core   0: 0x0000000080007b7c (0x00100113) li      sp, 1
core   0: 3 0x0000000080007b7c (0x00100113) x2  0x0000000000000001
core   0: 0x0000000080007b80 (0x00c11113) slli    sp, sp, 12
core   0: 3 0x0000000080007b80 (0x00c11113) x2  0x0000000000001000
core   0: 0x0000000080007b84 (0x002181b3) add     gp, gp, sp
core   0: 3 0x0000000080007b84 (0x002181b3) x3  0x000000008000b010
core   0: 0x0000000080007b88 (0x5e41af07) flw     ft10, 1508(gp)
core   0: 3 0x0000000080007b88 (0x5e41af07) f30 0xffffffff7f3fd416 mem 0x000000008000b5f4
core   0: 0x0000000080007b8c (0x402181b3) sub     gp, gp, sp
core   0: 3 0x0000000080007b8c (0x402181b3) x3  0x000000008000a010
core   0: 0x0000000080007b90 (0x00100113) li      sp, 1
core   0: 3 0x0000000080007b90 (0x00100113) x2  0x0000000000000001
core   0: 0x0000000080007b94 (0x00c11113) slli    sp, sp, 12
core   0: 3 0x0000000080007b94 (0x00c11113) x2  0x0000000000001000
core   0: 0x0000000080007b98 (0x002181b3) add     gp, gp, sp
core   0: 3 0x0000000080007b98 (0x002181b3) x3  0x000000008000b010
core   0: 0x0000000080007b9c (0x5e81ae87) flw     ft9, 1512(gp)
core   0: 3 0x0000000080007b9c (0x5e81ae87) f29 0xffffffff80000000 mem 0x000000008000b5f8
core   0: 0x0000000080007ba0 (0x402181b3) sub     gp, gp, sp
core   0: 3 0x0000000080007ba0 (0x402181b3) x3  0x000000008000a010
core   0: 0x0000000080007ba4 (0x00100113) li      sp, 1
core   0: 3 0x0000000080007ba4 (0x00100113) x2  0x0000000000000001
core   0: 0x0000000080007ba8 (0x00c11113) slli    sp, sp, 12
core   0: 3 0x0000000080007ba8 (0x00c11113) x2  0x0000000000001000
core   0: 0x0000000080007bac (0x002181b3) add     gp, gp, sp
core   0: 3 0x0000000080007bac (0x002181b3) x3  0x000000008000b010
core   0: 0x0000000080007bb0 (0x5ec1ae07) flw     ft8, 1516(gp)
core   0: 3 0x0000000080007bb0 (0x5ec1ae07) f28 0xffffffff847c0000 mem 0x000000008000b5fc
core   0: 0x0000000080007bb4 (0x402181b3) sub     gp, gp, sp
core   0: 3 0x0000000080007bb4 (0x402181b3) x3  0x000000008000a010
core   0: 0x0000000080007bb8 (0x00000113) li      sp, 0
core   0: 3 0x0000000080007bb8 (0x00000113) x2  0x0000000000000000
core   0: 0x0000000080007bbc (0x00311073) csrw    fcsr, sp
core   0: 3 0x0000000080007bbc (0x00311073) c1_fflags 0x0000000000000000 c2_frm 0x0000000000000000
core   0: 0x0000000080007bc0 (0xe1df7fc3) fmadd.s ft11, ft10, ft9, ft8
core   0: 3 0x0000000080007bc0 (0xe1df7fc3) f31 0xffffffff847c0000
core   0: 0x0000000080007bc4 (0x00302273) csrr    tp, fcsr
core   0: 3 0x0000000080007bc4 (0x00302273) x4  0x0000000000000000
core   0: 0x0000000080007bc8 (0x53f0a827) fsw     ft11, 1328(ra)
core   0: 3 0x0000000080007bc8 (0x53f0a827) mem 0x000000008000de48 0x847c0000
core   0: 0x0000000080007bcc (0x5240bc23) sd      tp, 1336(ra)
core   0: 3 0x0000000080007bcc (0x5240bc23) mem 0x000000008000de50 0x0000000000000000
core   0: >>>>  inst_38100
core   0: 0x0000000080007bd0 (0x00100113) li      sp, 1
core   0: 3 0x0000000080007bd0 (0x00100113) x2  0x0000000000000001
core   0: 0x0000000080007bd4 (0x00c11113) slli    sp, sp, 12
core   0: 3 0x0000000080007bd4 (0x00c11113) x2  0x0000000000001000
core   0: 0x0000000080007bd8 (0x002181b3) add     gp, gp, sp
core   0: 3 0x0000000080007bd8 (0x002181b3) x3  0x000000008000b010
core   0: 0x0000000080007bdc (0x5f01af07) flw     ft10, 1520(gp)
core   0: 3 0x0000000080007bdc (0x5f01af07) f30 0xffffffff7f3fd416 mem 0x000000008000b600
core   0: 0x0000000080007be0 (0x402181b3) sub     gp, gp, sp
core   0: 3 0x0000000080007be0 (0x402181b3) x3  0x000000008000a010
core   0: 0x0000000080007be4 (0x00100113) li      sp, 1
core   0: 3 0x0000000080007be4 (0x00100113) x2  0x0000000000000001
core   0: 0x0000000080007be8 (0x00c11113) slli    sp, sp, 12
core   0: 3 0x0000000080007be8 (0x00c11113) x2  0x0000000000001000
core   0: 0x0000000080007bec (0x002181b3) add     gp, gp, sp
core   0: 3 0x0000000080007bec (0x002181b3) x3  0x000000008000b010
core   0: 0x0000000080007bf0 (0x5f41ae87) flw     ft9, 1524(gp)
core   0: 3 0x0000000080007bf0 (0x5f41ae87) f29 0xffffffff80000000 mem 0x000000008000b604
core   0: 0x0000000080007bf4 (0x402181b3) sub     gp, gp, sp
core   0: 3 0x0000000080007bf4 (0x402181b3) x3  0x000000008000a010
core   0: 0x0000000080007bf8 (0x00100113) li      sp, 1
core   0: 3 0x0000000080007bf8 (0x00100113) x2  0x0000000000000001
core   0: 0x0000000080007bfc (0x00c11113) slli    sp, sp, 12
core   0: 3 0x0000000080007bfc (0x00c11113) x2  0x0000000000001000
core   0: 0x0000000080007c00 (0x002181b3) add     gp, gp, sp
core   0: 3 0x0000000080007c00 (0x002181b3) x3  0x000000008000b010
core   0: 0x0000000080007c04 (0x5f81ae07) flw     ft8, 1528(gp)
core   0: 3 0x0000000080007c04 (0x5f81ae07) f28 0xffffffff847e0000 mem 0x000000008000b608
core   0: 0x0000000080007c08 (0x402181b3) sub     gp, gp, sp
core   0: 3 0x0000000080007c08 (0x402181b3) x3  0x000000008000a010
core   0: 0x0000000080007c0c (0x00000113) li      sp, 0
core   0: 3 0x0000000080007c0c (0x00000113) x2  0x0000000000000000
core   0: 0x0000000080007c10 (0x00311073) csrw    fcsr, sp
core   0: 3 0x0000000080007c10 (0x00311073) c1_fflags 0x0000000000000000 c2_frm 0x0000000000000000
core   0: 0x0000000080007c14 (0xe1df7fc3) fmadd.s ft11, ft10, ft9, ft8
core   0: 3 0x0000000080007c14 (0xe1df7fc3) f31 0xffffffff847e0000
core   0: 0x0000000080007c18 (0x00302273) csrr    tp, fcsr
core   0: 3 0x0000000080007c18 (0x00302273) x4  0x0000000000000000
core   0: 0x0000000080007c1c (0x55f0a027) fsw     ft11, 1344(ra)
core   0: 3 0x0000000080007c1c (0x55f0a027) mem 0x000000008000de58 0x847e0000
core   0: 0x0000000080007c20 (0x5440b423) sd      tp, 1352(ra)
core   0: 3 0x0000000080007c20 (0x5440b423) mem 0x000000008000de60 0x0000000000000000
core   0: >>>>  inst_38101
core   0: 0x0000000080007c24 (0x00100113) li      sp, 1
core   0: 3 0x0000000080007c24 (0x00100113) x2  0x0000000000000001
core   0: 0x0000000080007c28 (0x00c11113) slli    sp, sp, 12
core   0: 3 0x0000000080007c28 (0x00c11113) x2  0x0000000000001000
core   0: 0x0000000080007c2c (0x002181b3) add     gp, gp, sp
core   0: 3 0x0000000080007c2c (0x002181b3) x3  0x000000008000b010
core   0: 0x0000000080007c30 (0x5fc1af07) flw     ft10, 1532(gp)
core   0: 3 0x0000000080007c30 (0x5fc1af07) f30 0xffffffff7f3fd416 mem 0x000000008000b60c
core   0: 0x0000000080007c34 (0x402181b3) sub     gp, gp, sp
core   0: 3 0x0000000080007c34 (0x402181b3) x3  0x000000008000a010
core   0: 0x0000000080007c38 (0x00100113) li      sp, 1
core   0: 3 0x0000000080007c38 (0x00100113) x2  0x0000000000000001
core   0: 0x0000000080007c3c (0x00c11113) slli    sp, sp, 12
core   0: 3 0x0000000080007c3c (0x00c11113) x2  0x0000000000001000
core   0: 0x0000000080007c40 (0x002181b3) add     gp, gp, sp
core   0: 3 0x0000000080007c40 (0x002181b3) x3  0x000000008000b010
core   0: 0x0000000080007c44 (0x6001ae87) flw     ft9, 1536(gp)
core   0: 3 0x0000000080007c44 (0x6001ae87) f29 0xffffffff80000000 mem 0x000000008000b610
core   0: 0x0000000080007c48 (0x402181b3) sub     gp, gp, sp
core   0: 3 0x0000000080007c48 (0x402181b3) x3  0x000000008000a010
core   0: 0x0000000080007c4c (0x00100113) li      sp, 1
core   0: 3 0x0000000080007c4c (0x00100113) x2  0x0000000000000001
core   0: 0x0000000080007c50 (0x00c11113) slli    sp, sp, 12
core   0: 3 0x0000000080007c50 (0x00c11113) x2  0x0000000000001000
core   0: 0x0000000080007c54 (0x002181b3) add     gp, gp, sp
core   0: 3 0x0000000080007c54 (0x002181b3) x3  0x000000008000b010
core   0: 0x0000000080007c58 (0x6041ae07) flw     ft8, 1540(gp)
core   0: 3 0x0000000080007c58 (0x6041ae07) f28 0xffffffff847f0000 mem 0x000000008000b614
core   0: 0x0000000080007c5c (0x402181b3) sub     gp, gp, sp
core   0: 3 0x0000000080007c5c (0x402181b3) x3  0x000000008000a010
core   0: 0x0000000080007c60 (0x00000113) li      sp, 0
core   0: 3 0x0000000080007c60 (0x00000113) x2  0x0000000000000000
core   0: 0x0000000080007c64 (0x00311073) csrw    fcsr, sp
core   0: 3 0x0000000080007c64 (0x00311073) c1_fflags 0x0000000000000000 c2_frm 0x0000000000000000
core   0: 0x0000000080007c68 (0xe1df7fc3) fmadd.s ft11, ft10, ft9, ft8
core   0: 3 0x0000000080007c68 (0xe1df7fc3) f31 0xffffffff847f0000
core   0: 0x0000000080007c6c (0x00302273) csrr    tp, fcsr
core   0: 3 0x0000000080007c6c (0x00302273) x4  0x0000000000000000
core   0: 0x0000000080007c70 (0x55f0a827) fsw     ft11, 1360(ra)
core   0: 3 0x0000000080007c70 (0x55f0a827) mem 0x000000008000de68 0x847f0000
core   0: 0x0000000080007c74 (0x5440bc23) sd      tp, 1368(ra)
core   0: 3 0x0000000080007c74 (0x5440bc23) mem 0x000000008000de70 0x0000000000000000
core   0: >>>>  inst_38102
core   0: 0x0000000080007c78 (0x00100113) li      sp, 1
core   0: 3 0x0000000080007c78 (0x00100113) x2  0x0000000000000001
core   0: 0x0000000080007c7c (0x00c11113) slli    sp, sp, 12
core   0: 3 0x0000000080007c7c (0x00c11113) x2  0x0000000000001000
core   0: 0x0000000080007c80 (0x002181b3) add     gp, gp, sp
core   0: 3 0x0000000080007c80 (0x002181b3) x3  0x000000008000b010
core   0: 0x0000000080007c84 (0x6081af07) flw     ft10, 1544(gp)
core   0: 3 0x0000000080007c84 (0x6081af07) f30 0xffffffff7f3fd416 mem 0x000000008000b618
core   0: 0x0000000080007c88 (0x402181b3) sub     gp, gp, sp
core   0: 3 0x0000000080007c88 (0x402181b3) x3  0x000000008000a010
core   0: 0x0000000080007c8c (0x00100113) li      sp, 1
core   0: 3 0x0000000080007c8c (0x00100113) x2  0x0000000000000001
core   0: 0x0000000080007c90 (0x00c11113) slli    sp, sp, 12
core   0: 3 0x0000000080007c90 (0x00c11113) x2  0x0000000000001000
core   0: 0x0000000080007c94 (0x002181b3) add     gp, gp, sp
core   0: 3 0x0000000080007c94 (0x002181b3) x3  0x000000008000b010
core   0: 0x0000000080007c98 (0x60c1ae87) flw     ft9, 1548(gp)
core   0: 3 0x0000000080007c98 (0x60c1ae87) f29 0xffffffff80000000 mem 0x000000008000b61c
core   0: 0x0000000080007c9c (0x402181b3) sub     gp, gp, sp
core   0: 3 0x0000000080007c9c (0x402181b3) x3  0x000000008000a010
core   0: 0x0000000080007ca0 (0x00100113) li      sp, 1
core   0: 3 0x0000000080007ca0 (0x00100113) x2  0x0000000000000001
core   0: 0x0000000080007ca4 (0x00c11113) slli    sp, sp, 12
core   0: 3 0x0000000080007ca4 (0x00c11113) x2  0x0000000000001000
core   0: 0x0000000080007ca8 (0x002181b3) add     gp, gp, sp
core   0: 3 0x0000000080007ca8 (0x002181b3) x3  0x000000008000b010
core   0: 0x0000000080007cac (0x6101ae07) flw     ft8, 1552(gp)
core   0: 3 0x0000000080007cac (0x6101ae07) f28 0xffffffff847f8000 mem 0x000000008000b620
core   0: 0x0000000080007cb0 (0x402181b3) sub     gp, gp, sp
core   0: 3 0x0000000080007cb0 (0x402181b3) x3  0x000000008000a010
core   0: 0x0000000080007cb4 (0x00000113) li      sp, 0
core   0: 3 0x0000000080007cb4 (0x00000113) x2  0x0000000000000000
core   0: 0x0000000080007cb8 (0x00311073) csrw    fcsr, sp
core   0: 3 0x0000000080007cb8 (0x00311073) c1_fflags 0x0000000000000000 c2_frm 0x0000000000000000
core   0: 0x0000000080007cbc (0xe1df7fc3) fmadd.s ft11, ft10, ft9, ft8
core   0: 3 0x0000000080007cbc (0xe1df7fc3) f31 0xffffffff847f8000
core   0: 0x0000000080007cc0 (0x00302273) csrr    tp, fcsr
core   0: 3 0x0000000080007cc0 (0x00302273) x4  0x0000000000000000
core   0: 0x0000000080007cc4 (0x57f0a027) fsw     ft11, 1376(ra)
core   0: 3 0x0000000080007cc4 (0x57f0a027) mem 0x000000008000de78 0x847f8000
core   0: 0x0000000080007cc8 (0x5640b423) sd      tp, 1384(ra)
core   0: 3 0x0000000080007cc8 (0x5640b423) mem 0x000000008000de80 0x0000000000000000
core   0: >>>>  inst_38103
core   0: 0x0000000080007ccc (0x00100113) li      sp, 1
core   0: 3 0x0000000080007ccc (0x00100113) x2  0x0000000000000001
core   0: 0x0000000080007cd0 (0x00c11113) slli    sp, sp, 12
core   0: 3 0x0000000080007cd0 (0x00c11113) x2  0x0000000000001000
core   0: 0x0000000080007cd4 (0x002181b3) add     gp, gp, sp
core   0: 3 0x0000000080007cd4 (0x002181b3) x3  0x000000008000b010
core   0: 0x0000000080007cd8 (0x6141af07) flw     ft10, 1556(gp)
core   0: 3 0x0000000080007cd8 (0x6141af07) f30 0xffffffff7f3fd416 mem 0x000000008000b624
core   0: 0x0000000080007cdc (0x402181b3) sub     gp, gp, sp
core   0: 3 0x0000000080007cdc (0x402181b3) x3  0x000000008000a010
core   0: 0x0000000080007ce0 (0x00100113) li      sp, 1
core   0: 3 0x0000000080007ce0 (0x00100113) x2  0x0000000000000001
core   0: 0x0000000080007ce4 (0x00c11113) slli    sp, sp, 12
core   0: 3 0x0000000080007ce4 (0x00c11113) x2  0x0000000000001000
core   0: 0x0000000080007ce8 (0x002181b3) add     gp, gp, sp
core   0: 3 0x0000000080007ce8 (0x002181b3) x3  0x000000008000b010
core   0: 0x0000000080007cec (0x6181ae87) flw     ft9, 1560(gp)
core   0: 3 0x0000000080007cec (0x6181ae87) f29 0xffffffff80000000 mem 0x000000008000b628
core   0: 0x0000000080007cf0 (0x402181b3) sub     gp, gp, sp
core   0: 3 0x0000000080007cf0 (0x402181b3) x3  0x000000008000a010
core   0: 0x0000000080007cf4 (0x00100113) li      sp, 1
core   0: 3 0x0000000080007cf4 (0x00100113) x2  0x0000000000000001
core   0: 0x0000000080007cf8 (0x00c11113) slli    sp, sp, 12
core   0: 3 0x0000000080007cf8 (0x00c11113) x2  0x0000000000001000
core   0: 0x0000000080007cfc (0x002181b3) add     gp, gp, sp
core   0: 3 0x0000000080007cfc (0x002181b3) x3  0x000000008000b010
core   0: 0x0000000080007d00 (0x61c1ae07) flw     ft8, 1564(gp)
core   0: 3 0x0000000080007d00 (0x61c1ae07) f28 0xffffffff847fc000 mem 0x000000008000b62c
core   0: 0x0000000080007d04 (0x402181b3) sub     gp, gp, sp
core   0: 3 0x0000000080007d04 (0x402181b3) x3  0x000000008000a010
core   0: 0x0000000080007d08 (0x00000113) li      sp, 0
core   0: 3 0x0000000080007d08 (0x00000113) x2  0x0000000000000000
core   0: 0x0000000080007d0c (0x00311073) csrw    fcsr, sp
core   0: 3 0x0000000080007d0c (0x00311073) c1_fflags 0x0000000000000000 c2_frm 0x0000000000000000
core   0: 0x0000000080007d10 (0xe1df7fc3) fmadd.s ft11, ft10, ft9, ft8
core   0: 3 0x0000000080007d10 (0xe1df7fc3) f31 0xffffffff847fc000
core   0: 0x0000000080007d14 (0x00302273) csrr    tp, fcsr
core   0: 3 0x0000000080007d14 (0x00302273) x4  0x0000000000000000
core   0: 0x0000000080007d18 (0x57f0a827) fsw     ft11, 1392(ra)
core   0: 3 0x0000000080007d18 (0x57f0a827) mem 0x000000008000de88 0x847fc000
core   0: 0x0000000080007d1c (0x5640bc23) sd      tp, 1400(ra)
core   0: 3 0x0000000080007d1c (0x5640bc23) mem 0x000000008000de90 0x0000000000000000
core   0: >>>>  inst_38104
core   0: 0x0000000080007d20 (0x00100113) li      sp, 1
core   0: 3 0x0000000080007d20 (0x00100113) x2  0x0000000000000001
core   0: 0x0000000080007d24 (0x00c11113) slli    sp, sp, 12
core   0: 3 0x0000000080007d24 (0x00c11113) x2  0x0000000000001000
core   0: 0x0000000080007d28 (0x002181b3) add     gp, gp, sp
core   0: 3 0x0000000080007d28 (0x002181b3) x3  0x000000008000b010
core   0: 0x0000000080007d2c (0x6201af07) flw     ft10, 1568(gp)
core   0: 3 0x0000000080007d2c (0x6201af07) f30 0xffffffff7f3fd416 mem 0x000000008000b630
core   0: 0x0000000080007d30 (0x402181b3) sub     gp, gp, sp
core   0: 3 0x0000000080007d30 (0x402181b3) x3  0x000000008000a010
core   0: 0x0000000080007d34 (0x00100113) li      sp, 1
core   0: 3 0x0000000080007d34 (0x00100113) x2  0x0000000000000001
core   0: 0x0000000080007d38 (0x00c11113) slli    sp, sp, 12
core   0: 3 0x0000000080007d38 (0x00c11113) x2  0x0000000000001000
core   0: 0x0000000080007d3c (0x002181b3) add     gp, gp, sp
core   0: 3 0x0000000080007d3c (0x002181b3) x3  0x000000008000b010
core   0: 0x0000000080007d40 (0x6241ae87) flw     ft9, 1572(gp)
core   0: 3 0x0000000080007d40 (0x6241ae87) f29 0xffffffff80000000 mem 0x000000008000b634
core   0: 0x0000000080007d44 (0x402181b3) sub     gp, gp, sp
core   0: 3 0x0000000080007d44 (0x402181b3) x3  0x000000008000a010
core   0: 0x0000000080007d48 (0x00100113) li      sp, 1
core   0: 3 0x0000000080007d48 (0x00100113) x2  0x0000000000000001
core   0: 0x0000000080007d4c (0x00c11113) slli    sp, sp, 12
core   0: 3 0x0000000080007d4c (0x00c11113) x2  0x0000000000001000
core   0: 0x0000000080007d50 (0x002181b3) add     gp, gp, sp
core   0: 3 0x0000000080007d50 (0x002181b3) x3  0x000000008000b010
core   0: 0x0000000080007d54 (0x6281ae07) flw     ft8, 1576(gp)
core   0: 3 0x0000000080007d54 (0x6281ae07) f28 0xffffffff847fe000 mem 0x000000008000b638
core   0: 0x0000000080007d58 (0x402181b3) sub     gp, gp, sp
core   0: 3 0x0000000080007d58 (0x402181b3) x3  0x000000008000a010
core   0: 0x0000000080007d5c (0x00000113) li      sp, 0
core   0: 3 0x0000000080007d5c (0x00000113) x2  0x0000000000000000
core   0: 0x0000000080007d60 (0x00311073) csrw    fcsr, sp
core   0: 3 0x0000000080007d60 (0x00311073) c1_fflags 0x0000000000000000 c2_frm 0x0000000000000000
core   0: 0x0000000080007d64 (0xe1df7fc3) fmadd.s ft11, ft10, ft9, ft8
core   0: 3 0x0000000080007d64 (0xe1df7fc3) f31 0xffffffff847fe000
core   0: 0x0000000080007d68 (0x00302273) csrr    tp, fcsr
core   0: 3 0x0000000080007d68 (0x00302273) x4  0x0000000000000000
core   0: 0x0000000080007d6c (0x59f0a027) fsw     ft11, 1408(ra)
core   0: 3 0x0000000080007d6c (0x59f0a027) mem 0x000000008000de98 0x847fe000
core   0: 0x0000000080007d70 (0x5840b423) sd      tp, 1416(ra)
core   0: 3 0x0000000080007d70 (0x5840b423) mem 0x000000008000dea0 0x0000000000000000
core   0: >>>>  inst_38105
core   0: 0x0000000080007d74 (0x00100113) li      sp, 1
core   0: 3 0x0000000080007d74 (0x00100113) x2  0x0000000000000001
core   0: 0x0000000080007d78 (0x00c11113) slli    sp, sp, 12
core   0: 3 0x0000000080007d78 (0x00c11113) x2  0x0000000000001000
core   0: 0x0000000080007d7c (0x002181b3) add     gp, gp, sp
core   0: 3 0x0000000080007d7c (0x002181b3) x3  0x000000008000b010
core   0: 0x0000000080007d80 (0x62c1af07) flw     ft10, 1580(gp)
core   0: 3 0x0000000080007d80 (0x62c1af07) f30 0xffffffff7f3fd416 mem 0x000000008000b63c
core   0: 0x0000000080007d84 (0x402181b3) sub     gp, gp, sp
core   0: 3 0x0000000080007d84 (0x402181b3) x3  0x000000008000a010
core   0: 0x0000000080007d88 (0x00100113) li      sp, 1
core   0: 3 0x0000000080007d88 (0x00100113) x2  0x0000000000000001
core   0: 0x0000000080007d8c (0x00c11113) slli    sp, sp, 12
core   0: 3 0x0000000080007d8c (0x00c11113) x2  0x0000000000001000
core   0: 0x0000000080007d90 (0x002181b3) add     gp, gp, sp
core   0: 3 0x0000000080007d90 (0x002181b3) x3  0x000000008000b010
core   0: 0x0000000080007d94 (0x6301ae87) flw     ft9, 1584(gp)
core   0: 3 0x0000000080007d94 (0x6301ae87) f29 0xffffffff80000000 mem 0x000000008000b640
core   0: 0x0000000080007d98 (0x402181b3) sub     gp, gp, sp
core   0: 3 0x0000000080007d98 (0x402181b3) x3  0x000000008000a010
core   0: 0x0000000080007d9c (0x00100113) li      sp, 1
core   0: 3 0x0000000080007d9c (0x00100113) x2  0x0000000000000001
core   0: 0x0000000080007da0 (0x00c11113) slli    sp, sp, 12
core   0: 3 0x0000000080007da0 (0x00c11113) x2  0x0000000000001000
core   0: 0x0000000080007da4 (0x002181b3) add     gp, gp, sp
core   0: 3 0x0000000080007da4 (0x002181b3) x3  0x000000008000b010
core   0: 0x0000000080007da8 (0x6341ae07) flw     ft8, 1588(gp)
core   0: 3 0x0000000080007da8 (0x6341ae07) f28 0xffffffff847ff000 mem 0x000000008000b644
core   0: 0x0000000080007dac (0x402181b3) sub     gp, gp, sp
core   0: 3 0x0000000080007dac (0x402181b3) x3  0x000000008000a010
core   0: 0x0000000080007db0 (0x00000113) li      sp, 0
core   0: 3 0x0000000080007db0 (0x00000113) x2  0x0000000000000000
core   0: 0x0000000080007db4 (0x00311073) csrw    fcsr, sp
core   0: 3 0x0000000080007db4 (0x00311073) c1_fflags 0x0000000000000000 c2_frm 0x0000000000000000
core   0: 0x0000000080007db8 (0xe1df7fc3) fmadd.s ft11, ft10, ft9, ft8
core   0: 3 0x0000000080007db8 (0xe1df7fc3) f31 0xffffffff847ff000
core   0: 0x0000000080007dbc (0x00302273) csrr    tp, fcsr
core   0: 3 0x0000000080007dbc (0x00302273) x4  0x0000000000000000
core   0: 0x0000000080007dc0 (0x59f0a827) fsw     ft11, 1424(ra)
core   0: 3 0x0000000080007dc0 (0x59f0a827) mem 0x000000008000dea8 0x847ff000
core   0: 0x0000000080007dc4 (0x5840bc23) sd      tp, 1432(ra)
core   0: 3 0x0000000080007dc4 (0x5840bc23) mem 0x000000008000deb0 0x0000000000000000
core   0: >>>>  inst_38106
core   0: 0x0000000080007dc8 (0x00100113) li      sp, 1
core   0: 3 0x0000000080007dc8 (0x00100113) x2  0x0000000000000001
core   0: 0x0000000080007dcc (0x00c11113) slli    sp, sp, 12
core   0: 3 0x0000000080007dcc (0x00c11113) x2  0x0000000000001000
core   0: 0x0000000080007dd0 (0x002181b3) add     gp, gp, sp
core   0: 3 0x0000000080007dd0 (0x002181b3) x3  0x000000008000b010
core   0: 0x0000000080007dd4 (0x6381af07) flw     ft10, 1592(gp)
core   0: 3 0x0000000080007dd4 (0x6381af07) f30 0xffffffff7f3fd416 mem 0x000000008000b648
core   0: 0x0000000080007dd8 (0x402181b3) sub     gp, gp, sp
core   0: 3 0x0000000080007dd8 (0x402181b3) x3  0x000000008000a010
core   0: 0x0000000080007ddc (0x00100113) li      sp, 1
core   0: 3 0x0000000080007ddc (0x00100113) x2  0x0000000000000001
core   0: 0x0000000080007de0 (0x00c11113) slli    sp, sp, 12
core   0: 3 0x0000000080007de0 (0x00c11113) x2  0x0000000000001000
core   0: 0x0000000080007de4 (0x002181b3) add     gp, gp, sp
core   0: 3 0x0000000080007de4 (0x002181b3) x3  0x000000008000b010
core   0: 0x0000000080007de8 (0x63c1ae87) flw     ft9, 1596(gp)
core   0: 3 0x0000000080007de8 (0x63c1ae87) f29 0xffffffff80000000 mem 0x000000008000b64c
core   0: 0x0000000080007dec (0x402181b3) sub     gp, gp, sp
core   0: 3 0x0000000080007dec (0x402181b3) x3  0x000000008000a010
core   0: 0x0000000080007df0 (0x00100113) li      sp, 1
core   0: 3 0x0000000080007df0 (0x00100113) x2  0x0000000000000001
core   0: 0x0000000080007df4 (0x00c11113) slli    sp, sp, 12
core   0: 3 0x0000000080007df4 (0x00c11113) x2  0x0000000000001000
core   0: 0x0000000080007df8 (0x002181b3) add     gp, gp, sp
core   0: 3 0x0000000080007df8 (0x002181b3) x3  0x000000008000b010
core   0: 0x0000000080007dfc (0x6401ae07) flw     ft8, 1600(gp)
core   0: 3 0x0000000080007dfc (0x6401ae07) f28 0xffffffff847ff800 mem 0x000000008000b650
core   0: 0x0000000080007e00 (0x402181b3) sub     gp, gp, sp
core   0: 3 0x0000000080007e00 (0x402181b3) x3  0x000000008000a010
core   0: 0x0000000080007e04 (0x00000113) li      sp, 0
core   0: 3 0x0000000080007e04 (0x00000113) x2  0x0000000000000000
core   0: 0x0000000080007e08 (0x00311073) csrw    fcsr, sp
core   0: 3 0x0000000080007e08 (0x00311073) c1_fflags 0x0000000000000000 c2_frm 0x0000000000000000
core   0: 0x0000000080007e0c (0xe1df7fc3) fmadd.s ft11, ft10, ft9, ft8
core   0: 3 0x0000000080007e0c (0xe1df7fc3) f31 0xffffffff847ff800
core   0: 0x0000000080007e10 (0x00302273) csrr    tp, fcsr
core   0: 3 0x0000000080007e10 (0x00302273) x4  0x0000000000000000
core   0: 0x0000000080007e14 (0x5bf0a027) fsw     ft11, 1440(ra)
core   0: 3 0x0000000080007e14 (0x5bf0a027) mem 0x000000008000deb8 0x847ff800
core   0: 0x0000000080007e18 (0x5a40b423) sd      tp, 1448(ra)
core   0: 3 0x0000000080007e18 (0x5a40b423) mem 0x000000008000dec0 0x0000000000000000
core   0: >>>>  inst_38107
core   0: 0x0000000080007e1c (0x00100113) li      sp, 1
core   0: 3 0x0000000080007e1c (0x00100113) x2  0x0000000000000001
core   0: 0x0000000080007e20 (0x00c11113) slli    sp, sp, 12
core   0: 3 0x0000000080007e20 (0x00c11113) x2  0x0000000000001000
core   0: 0x0000000080007e24 (0x002181b3) add     gp, gp, sp
core   0: 3 0x0000000080007e24 (0x002181b3) x3  0x000000008000b010
core   0: 0x0000000080007e28 (0x6441af07) flw     ft10, 1604(gp)
core   0: 3 0x0000000080007e28 (0x6441af07) f30 0xffffffff7f3fd416 mem 0x000000008000b654
core   0: 0x0000000080007e2c (0x402181b3) sub     gp, gp, sp
core   0: 3 0x0000000080007e2c (0x402181b3) x3  0x000000008000a010
core   0: 0x0000000080007e30 (0x00100113) li      sp, 1
core   0: 3 0x0000000080007e30 (0x00100113) x2  0x0000000000000001
core   0: 0x0000000080007e34 (0x00c11113) slli    sp, sp, 12
core   0: 3 0x0000000080007e34 (0x00c11113) x2  0x0000000000001000
core   0: 0x0000000080007e38 (0x002181b3) add     gp, gp, sp
core   0: 3 0x0000000080007e38 (0x002181b3) x3  0x000000008000b010
core   0: 0x0000000080007e3c (0x6481ae87) flw     ft9, 1608(gp)
core   0: 3 0x0000000080007e3c (0x6481ae87) f29 0xffffffff80000000 mem 0x000000008000b658
core   0: 0x0000000080007e40 (0x402181b3) sub     gp, gp, sp
core   0: 3 0x0000000080007e40 (0x402181b3) x3  0x000000008000a010
core   0: 0x0000000080007e44 (0x00100113) li      sp, 1
core   0: 3 0x0000000080007e44 (0x00100113) x2  0x0000000000000001
core   0: 0x0000000080007e48 (0x00c11113) slli    sp, sp, 12
core   0: 3 0x0000000080007e48 (0x00c11113) x2  0x0000000000001000
core   0: 0x0000000080007e4c (0x002181b3) add     gp, gp, sp
core   0: 3 0x0000000080007e4c (0x002181b3) x3  0x000000008000b010
core   0: 0x0000000080007e50 (0x64c1ae07) flw     ft8, 1612(gp)
core   0: 3 0x0000000080007e50 (0x64c1ae07) f28 0xffffffff847ffc00 mem 0x000000008000b65c
core   0: 0x0000000080007e54 (0x402181b3) sub     gp, gp, sp
core   0: 3 0x0000000080007e54 (0x402181b3) x3  0x000000008000a010
core   0: 0x0000000080007e58 (0x00000113) li      sp, 0
core   0: 3 0x0000000080007e58 (0x00000113) x2  0x0000000000000000
core   0: 0x0000000080007e5c (0x00311073) csrw    fcsr, sp
core   0: 3 0x0000000080007e5c (0x00311073) c1_fflags 0x0000000000000000 c2_frm 0x0000000000000000
core   0: 0x0000000080007e60 (0xe1df7fc3) fmadd.s ft11, ft10, ft9, ft8
core   0: 3 0x0000000080007e60 (0xe1df7fc3) f31 0xffffffff847ffc00
core   0: 0x0000000080007e64 (0x00302273) csrr    tp, fcsr
core   0: 3 0x0000000080007e64 (0x00302273) x4  0x0000000000000000
core   0: 0x0000000080007e68 (0x5bf0a827) fsw     ft11, 1456(ra)
core   0: 3 0x0000000080007e68 (0x5bf0a827) mem 0x000000008000dec8 0x847ffc00
core   0: 0x0000000080007e6c (0x5a40bc23) sd      tp, 1464(ra)
core   0: 3 0x0000000080007e6c (0x5a40bc23) mem 0x000000008000ded0 0x0000000000000000
core   0: >>>>  inst_38108
core   0: 0x0000000080007e70 (0x00100113) li      sp, 1
core   0: 3 0x0000000080007e70 (0x00100113) x2  0x0000000000000001
core   0: 0x0000000080007e74 (0x00c11113) slli    sp, sp, 12
core   0: 3 0x0000000080007e74 (0x00c11113) x2  0x0000000000001000
core   0: 0x0000000080007e78 (0x002181b3) add     gp, gp, sp
core   0: 3 0x0000000080007e78 (0x002181b3) x3  0x000000008000b010
core   0: 0x0000000080007e7c (0x6501af07) flw     ft10, 1616(gp)
core   0: 3 0x0000000080007e7c (0x6501af07) f30 0xffffffff7f3fd416 mem 0x000000008000b660
core   0: 0x0000000080007e80 (0x402181b3) sub     gp, gp, sp
core   0: 3 0x0000000080007e80 (0x402181b3) x3  0x000000008000a010
core   0: 0x0000000080007e84 (0x00100113) li      sp, 1
core   0: 3 0x0000000080007e84 (0x00100113) x2  0x0000000000000001
core   0: 0x0000000080007e88 (0x00c11113) slli    sp, sp, 12
core   0: 3 0x0000000080007e88 (0x00c11113) x2  0x0000000000001000
core   0: 0x0000000080007e8c (0x002181b3) add     gp, gp, sp
core   0: 3 0x0000000080007e8c (0x002181b3) x3  0x000000008000b010
core   0: 0x0000000080007e90 (0x6541ae87) flw     ft9, 1620(gp)
core   0: 3 0x0000000080007e90 (0x6541ae87) f29 0xffffffff80000000 mem 0x000000008000b664
core   0: 0x0000000080007e94 (0x402181b3) sub     gp, gp, sp
core   0: 3 0x0000000080007e94 (0x402181b3) x3  0x000000008000a010
core   0: 0x0000000080007e98 (0x00100113) li      sp, 1
core   0: 3 0x0000000080007e98 (0x00100113) x2  0x0000000000000001
core   0: 0x0000000080007e9c (0x00c11113) slli    sp, sp, 12
core   0: 3 0x0000000080007e9c (0x00c11113) x2  0x0000000000001000
core   0: 0x0000000080007ea0 (0x002181b3) add     gp, gp, sp
core   0: 3 0x0000000080007ea0 (0x002181b3) x3  0x000000008000b010
core   0: 0x0000000080007ea4 (0x6581ae07) flw     ft8, 1624(gp)
core   0: 3 0x0000000080007ea4 (0x6581ae07) f28 0xffffffff847ffe00 mem 0x000000008000b668
core   0: 0x0000000080007ea8 (0x402181b3) sub     gp, gp, sp
core   0: 3 0x0000000080007ea8 (0x402181b3) x3  0x000000008000a010
core   0: 0x0000000080007eac (0x00000113) li      sp, 0
core   0: 3 0x0000000080007eac (0x00000113) x2  0x0000000000000000
core   0: 0x0000000080007eb0 (0x00311073) csrw    fcsr, sp
core   0: 3 0x0000000080007eb0 (0x00311073) c1_fflags 0x0000000000000000 c2_frm 0x0000000000000000
core   0: 0x0000000080007eb4 (0xe1df7fc3) fmadd.s ft11, ft10, ft9, ft8
core   0: 3 0x0000000080007eb4 (0xe1df7fc3) f31 0xffffffff847ffe00
core   0: 0x0000000080007eb8 (0x00302273) csrr    tp, fcsr
core   0: 3 0x0000000080007eb8 (0x00302273) x4  0x0000000000000000
core   0: 0x0000000080007ebc (0x5df0a027) fsw     ft11, 1472(ra)
core   0: 3 0x0000000080007ebc (0x5df0a027) mem 0x000000008000ded8 0x847ffe00
core   0: 0x0000000080007ec0 (0x5c40b423) sd      tp, 1480(ra)
core   0: 3 0x0000000080007ec0 (0x5c40b423) mem 0x000000008000dee0 0x0000000000000000
core   0: >>>>  inst_38109
core   0: 0x0000000080007ec4 (0x00100113) li      sp, 1
core   0: 3 0x0000000080007ec4 (0x00100113) x2  0x0000000000000001
core   0: 0x0000000080007ec8 (0x00c11113) slli    sp, sp, 12
core   0: 3 0x0000000080007ec8 (0x00c11113) x2  0x0000000000001000
core   0: 0x0000000080007ecc (0x002181b3) add     gp, gp, sp
core   0: 3 0x0000000080007ecc (0x002181b3) x3  0x000000008000b010
core   0: 0x0000000080007ed0 (0x65c1af07) flw     ft10, 1628(gp)
core   0: 3 0x0000000080007ed0 (0x65c1af07) f30 0xffffffff7f3fd416 mem 0x000000008000b66c
core   0: 0x0000000080007ed4 (0x402181b3) sub     gp, gp, sp
core   0: 3 0x0000000080007ed4 (0x402181b3) x3  0x000000008000a010
core   0: 0x0000000080007ed8 (0x00100113) li      sp, 1
core   0: 3 0x0000000080007ed8 (0x00100113) x2  0x0000000000000001
core   0: 0x0000000080007edc (0x00c11113) slli    sp, sp, 12
core   0: 3 0x0000000080007edc (0x00c11113) x2  0x0000000000001000
core   0: 0x0000000080007ee0 (0x002181b3) add     gp, gp, sp
core   0: 3 0x0000000080007ee0 (0x002181b3) x3  0x000000008000b010
core   0: 0x0000000080007ee4 (0x6601ae87) flw     ft9, 1632(gp)
core   0: 3 0x0000000080007ee4 (0x6601ae87) f29 0xffffffff80000000 mem 0x000000008000b670
core   0: 0x0000000080007ee8 (0x402181b3) sub     gp, gp, sp
core   0: 3 0x0000000080007ee8 (0x402181b3) x3  0x000000008000a010
core   0: 0x0000000080007eec (0x00100113) li      sp, 1
core   0: 3 0x0000000080007eec (0x00100113) x2  0x0000000000000001
core   0: 0x0000000080007ef0 (0x00c11113) slli    sp, sp, 12
core   0: 3 0x0000000080007ef0 (0x00c11113) x2  0x0000000000001000
core   0: 0x0000000080007ef4 (0x002181b3) add     gp, gp, sp
core   0: 3 0x0000000080007ef4 (0x002181b3) x3  0x000000008000b010
core   0: 0x0000000080007ef8 (0x6641ae07) flw     ft8, 1636(gp)
core   0: 3 0x0000000080007ef8 (0x6641ae07) f28 0xffffffff847fff00 mem 0x000000008000b674
core   0: 0x0000000080007efc (0x402181b3) sub     gp, gp, sp
core   0: 3 0x0000000080007efc (0x402181b3) x3  0x000000008000a010
core   0: 0x0000000080007f00 (0x00000113) li      sp, 0
core   0: 3 0x0000000080007f00 (0x00000113) x2  0x0000000000000000
core   0: 0x0000000080007f04 (0x00311073) csrw    fcsr, sp
core   0: 3 0x0000000080007f04 (0x00311073) c1_fflags 0x0000000000000000 c2_frm 0x0000000000000000
core   0: 0x0000000080007f08 (0xe1df7fc3) fmadd.s ft11, ft10, ft9, ft8
core   0: 3 0x0000000080007f08 (0xe1df7fc3) f31 0xffffffff847fff00
core   0: 0x0000000080007f0c (0x00302273) csrr    tp, fcsr
core   0: 3 0x0000000080007f0c (0x00302273) x4  0x0000000000000000
core   0: 0x0000000080007f10 (0x5df0a827) fsw     ft11, 1488(ra)
core   0: 3 0x0000000080007f10 (0x5df0a827) mem 0x000000008000dee8 0x847fff00
core   0: 0x0000000080007f14 (0x5c40bc23) sd      tp, 1496(ra)
core   0: 3 0x0000000080007f14 (0x5c40bc23) mem 0x000000008000def0 0x0000000000000000
core   0: >>>>  inst_38110
core   0: 0x0000000080007f18 (0x00100113) li      sp, 1
core   0: 3 0x0000000080007f18 (0x00100113) x2  0x0000000000000001
core   0: 0x0000000080007f1c (0x00c11113) slli    sp, sp, 12
core   0: 3 0x0000000080007f1c (0x00c11113) x2  0x0000000000001000
core   0: 0x0000000080007f20 (0x002181b3) add     gp, gp, sp
core   0: 3 0x0000000080007f20 (0x002181b3) x3  0x000000008000b010
core   0: 0x0000000080007f24 (0x6681af07) flw     ft10, 1640(gp)
core   0: 3 0x0000000080007f24 (0x6681af07) f30 0xffffffff7f3fd416 mem 0x000000008000b678
core   0: 0x0000000080007f28 (0x402181b3) sub     gp, gp, sp
core   0: 3 0x0000000080007f28 (0x402181b3) x3  0x000000008000a010
core   0: 0x0000000080007f2c (0x00100113) li      sp, 1
core   0: 3 0x0000000080007f2c (0x00100113) x2  0x0000000000000001
core   0: 0x0000000080007f30 (0x00c11113) slli    sp, sp, 12
core   0: 3 0x0000000080007f30 (0x00c11113) x2  0x0000000000001000
core   0: 0x0000000080007f34 (0x002181b3) add     gp, gp, sp
core   0: 3 0x0000000080007f34 (0x002181b3) x3  0x000000008000b010
core   0: 0x0000000080007f38 (0x66c1ae87) flw     ft9, 1644(gp)
core   0: 3 0x0000000080007f38 (0x66c1ae87) f29 0xffffffff80000000 mem 0x000000008000b67c
core   0: 0x0000000080007f3c (0x402181b3) sub     gp, gp, sp
core   0: 3 0x0000000080007f3c (0x402181b3) x3  0x000000008000a010
core   0: 0x0000000080007f40 (0x00100113) li      sp, 1
core   0: 3 0x0000000080007f40 (0x00100113) x2  0x0000000000000001
core   0: 0x0000000080007f44 (0x00c11113) slli    sp, sp, 12
core   0: 3 0x0000000080007f44 (0x00c11113) x2  0x0000000000001000
core   0: 0x0000000080007f48 (0x002181b3) add     gp, gp, sp
core   0: 3 0x0000000080007f48 (0x002181b3) x3  0x000000008000b010
core   0: 0x0000000080007f4c (0x6701ae07) flw     ft8, 1648(gp)
core   0: 3 0x0000000080007f4c (0x6701ae07) f28 0xffffffff847fff80 mem 0x000000008000b680
core   0: 0x0000000080007f50 (0x402181b3) sub     gp, gp, sp
core   0: 3 0x0000000080007f50 (0x402181b3) x3  0x000000008000a010
core   0: 0x0000000080007f54 (0x00000113) li      sp, 0
core   0: 3 0x0000000080007f54 (0x00000113) x2  0x0000000000000000
core   0: 0x0000000080007f58 (0x00311073) csrw    fcsr, sp
core   0: 3 0x0000000080007f58 (0x00311073) c1_fflags 0x0000000000000000 c2_frm 0x0000000000000000
core   0: 0x0000000080007f5c (0xe1df7fc3) fmadd.s ft11, ft10, ft9, ft8
core   0: 3 0x0000000080007f5c (0xe1df7fc3) f31 0xffffffff847fff80
core   0: 0x0000000080007f60 (0x00302273) csrr    tp, fcsr
core   0: 3 0x0000000080007f60 (0x00302273) x4  0x0000000000000000
core   0: 0x0000000080007f64 (0x5ff0a027) fsw     ft11, 1504(ra)
core   0: 3 0x0000000080007f64 (0x5ff0a027) mem 0x000000008000def8 0x847fff80
core   0: 0x0000000080007f68 (0x5e40b423) sd      tp, 1512(ra)
core   0: 3 0x0000000080007f68 (0x5e40b423) mem 0x000000008000df00 0x0000000000000000
core   0: >>>>  inst_38111
core   0: 0x0000000080007f6c (0x00100113) li      sp, 1
core   0: 3 0x0000000080007f6c (0x00100113) x2  0x0000000000000001
core   0: 0x0000000080007f70 (0x00c11113) slli    sp, sp, 12
core   0: 3 0x0000000080007f70 (0x00c11113) x2  0x0000000000001000
core   0: 0x0000000080007f74 (0x002181b3) add     gp, gp, sp
core   0: 3 0x0000000080007f74 (0x002181b3) x3  0x000000008000b010
core   0: 0x0000000080007f78 (0x6741af07) flw     ft10, 1652(gp)
core   0: 3 0x0000000080007f78 (0x6741af07) f30 0xffffffff7f3fd416 mem 0x000000008000b684
core   0: 0x0000000080007f7c (0x402181b3) sub     gp, gp, sp
core   0: 3 0x0000000080007f7c (0x402181b3) x3  0x000000008000a010
core   0: 0x0000000080007f80 (0x00100113) li      sp, 1
core   0: 3 0x0000000080007f80 (0x00100113) x2  0x0000000000000001
core   0: 0x0000000080007f84 (0x00c11113) slli    sp, sp, 12
core   0: 3 0x0000000080007f84 (0x00c11113) x2  0x0000000000001000
core   0: 0x0000000080007f88 (0x002181b3) add     gp, gp, sp
core   0: 3 0x0000000080007f88 (0x002181b3) x3  0x000000008000b010
core   0: 0x0000000080007f8c (0x6781ae87) flw     ft9, 1656(gp)
core   0: 3 0x0000000080007f8c (0x6781ae87) f29 0xffffffff80000000 mem 0x000000008000b688
core   0: 0x0000000080007f90 (0x402181b3) sub     gp, gp, sp
core   0: 3 0x0000000080007f90 (0x402181b3) x3  0x000000008000a010
core   0: 0x0000000080007f94 (0x00100113) li      sp, 1
core   0: 3 0x0000000080007f94 (0x00100113) x2  0x0000000000000001
core   0: 0x0000000080007f98 (0x00c11113) slli    sp, sp, 12
core   0: 3 0x0000000080007f98 (0x00c11113) x2  0x0000000000001000
core   0: 0x0000000080007f9c (0x002181b3) add     gp, gp, sp
core   0: 3 0x0000000080007f9c (0x002181b3) x3  0x000000008000b010
core   0: 0x0000000080007fa0 (0x67c1ae07) flw     ft8, 1660(gp)
core   0: 3 0x0000000080007fa0 (0x67c1ae07) f28 0xffffffff847fffc0 mem 0x000000008000b68c
core   0: 0x0000000080007fa4 (0x402181b3) sub     gp, gp, sp
core   0: 3 0x0000000080007fa4 (0x402181b3) x3  0x000000008000a010
core   0: 0x0000000080007fa8 (0x00000113) li      sp, 0
core   0: 3 0x0000000080007fa8 (0x00000113) x2  0x0000000000000000
core   0: 0x0000000080007fac (0x00311073) csrw    fcsr, sp
core   0: 3 0x0000000080007fac (0x00311073) c1_fflags 0x0000000000000000 c2_frm 0x0000000000000000
core   0: 0x0000000080007fb0 (0xe1df7fc3) fmadd.s ft11, ft10, ft9, ft8
core   0: 3 0x0000000080007fb0 (0xe1df7fc3) f31 0xffffffff847fffc0
core   0: 0x0000000080007fb4 (0x00302273) csrr    tp, fcsr
core   0: 3 0x0000000080007fb4 (0x00302273) x4  0x0000000000000000
core   0: 0x0000000080007fb8 (0x5ff0a827) fsw     ft11, 1520(ra)
core   0: 3 0x0000000080007fb8 (0x5ff0a827) mem 0x000000008000df08 0x847fffc0
core   0: 0x0000000080007fbc (0x5e40bc23) sd      tp, 1528(ra)
core   0: 3 0x0000000080007fbc (0x5e40bc23) mem 0x000000008000df10 0x0000000000000000
core   0: >>>>  inst_38112
core   0: 0x0000000080007fc0 (0x00100113) li      sp, 1
core   0: 3 0x0000000080007fc0 (0x00100113) x2  0x0000000000000001
core   0: 0x0000000080007fc4 (0x00c11113) slli    sp, sp, 12
core   0: 3 0x0000000080007fc4 (0x00c11113) x2  0x0000000000001000
core   0: 0x0000000080007fc8 (0x002181b3) add     gp, gp, sp
core   0: 3 0x0000000080007fc8 (0x002181b3) x3  0x000000008000b010
core   0: 0x0000000080007fcc (0x6801af07) flw     ft10, 1664(gp)
core   0: 3 0x0000000080007fcc (0x6801af07) f30 0xffffffff7f3fd416 mem 0x000000008000b690
core   0: 0x0000000080007fd0 (0x402181b3) sub     gp, gp, sp
core   0: 3 0x0000000080007fd0 (0x402181b3) x3  0x000000008000a010
core   0: 0x0000000080007fd4 (0x00100113) li      sp, 1
core   0: 3 0x0000000080007fd4 (0x00100113) x2  0x0000000000000001
core   0: 0x0000000080007fd8 (0x00c11113) slli    sp, sp, 12
core   0: 3 0x0000000080007fd8 (0x00c11113) x2  0x0000000000001000
core   0: 0x0000000080007fdc (0x002181b3) add     gp, gp, sp
core   0: 3 0x0000000080007fdc (0x002181b3) x3  0x000000008000b010
core   0: 0x0000000080007fe0 (0x6841ae87) flw     ft9, 1668(gp)
core   0: 3 0x0000000080007fe0 (0x6841ae87) f29 0xffffffff80000000 mem 0x000000008000b694
core   0: 0x0000000080007fe4 (0x402181b3) sub     gp, gp, sp
core   0: 3 0x0000000080007fe4 (0x402181b3) x3  0x000000008000a010
core   0: 0x0000000080007fe8 (0x00100113) li      sp, 1
core   0: 3 0x0000000080007fe8 (0x00100113) x2  0x0000000000000001
core   0: 0x0000000080007fec (0x00c11113) slli    sp, sp, 12
core   0: 3 0x0000000080007fec (0x00c11113) x2  0x0000000000001000
core   0: 0x0000000080007ff0 (0x002181b3) add     gp, gp, sp
core   0: 3 0x0000000080007ff0 (0x002181b3) x3  0x000000008000b010
core   0: 0x0000000080007ff4 (0x6881ae07) flw     ft8, 1672(gp)
core   0: 3 0x0000000080007ff4 (0x6881ae07) f28 0xffffffff847fffe0 mem 0x000000008000b698
core   0: 0x0000000080007ff8 (0x402181b3) sub     gp, gp, sp
core   0: 3 0x0000000080007ff8 (0x402181b3) x3  0x000000008000a010
core   0: 0x0000000080007ffc (0x00000113) li      sp, 0
core   0: 3 0x0000000080007ffc (0x00000113) x2  0x0000000000000000
core   0: 0x0000000080008000 (0x00311073) csrw    fcsr, sp
core   0: 3 0x0000000080008000 (0x00311073) c1_fflags 0x0000000000000000 c2_frm 0x0000000000000000
core   0: 0x0000000080008004 (0xe1df7fc3) fmadd.s ft11, ft10, ft9, ft8
core   0: 3 0x0000000080008004 (0xe1df7fc3) f31 0xffffffff847fffe0
core   0: 0x0000000080008008 (0x00302273) csrr    tp, fcsr
core   0: 3 0x0000000080008008 (0x00302273) x4  0x0000000000000000
core   0: 0x000000008000800c (0x61f0a027) fsw     ft11, 1536(ra)
core   0: 3 0x000000008000800c (0x61f0a027) mem 0x000000008000df18 0x847fffe0
core   0: 0x0000000080008010 (0x6040b423) sd      tp, 1544(ra)
core   0: 3 0x0000000080008010 (0x6040b423) mem 0x000000008000df20 0x0000000000000000
core   0: >>>>  inst_38113
core   0: 0x0000000080008014 (0x00100113) li      sp, 1
core   0: 3 0x0000000080008014 (0x00100113) x2  0x0000000000000001
core   0: 0x0000000080008018 (0x00c11113) slli    sp, sp, 12
core   0: 3 0x0000000080008018 (0x00c11113) x2  0x0000000000001000
core   0: 0x000000008000801c (0x002181b3) add     gp, gp, sp
core   0: 3 0x000000008000801c (0x002181b3) x3  0x000000008000b010
core   0: 0x0000000080008020 (0x68c1af07) flw     ft10, 1676(gp)
core   0: 3 0x0000000080008020 (0x68c1af07) f30 0xffffffff7f3fd416 mem 0x000000008000b69c
core   0: 0x0000000080008024 (0x402181b3) sub     gp, gp, sp
core   0: 3 0x0000000080008024 (0x402181b3) x3  0x000000008000a010
core   0: 0x0000000080008028 (0x00100113) li      sp, 1
core   0: 3 0x0000000080008028 (0x00100113) x2  0x0000000000000001
core   0: 0x000000008000802c (0x00c11113) slli    sp, sp, 12
core   0: 3 0x000000008000802c (0x00c11113) x2  0x0000000000001000
core   0: 0x0000000080008030 (0x002181b3) add     gp, gp, sp
core   0: 3 0x0000000080008030 (0x002181b3) x3  0x000000008000b010
core   0: 0x0000000080008034 (0x6901ae87) flw     ft9, 1680(gp)
core   0: 3 0x0000000080008034 (0x6901ae87) f29 0xffffffff80000000 mem 0x000000008000b6a0
core   0: 0x0000000080008038 (0x402181b3) sub     gp, gp, sp
core   0: 3 0x0000000080008038 (0x402181b3) x3  0x000000008000a010
core   0: 0x000000008000803c (0x00100113) li      sp, 1
core   0: 3 0x000000008000803c (0x00100113) x2  0x0000000000000001
core   0: 0x0000000080008040 (0x00c11113) slli    sp, sp, 12
core   0: 3 0x0000000080008040 (0x00c11113) x2  0x0000000000001000
core   0: 0x0000000080008044 (0x002181b3) add     gp, gp, sp
core   0: 3 0x0000000080008044 (0x002181b3) x3  0x000000008000b010
core   0: 0x0000000080008048 (0x6941ae07) flw     ft8, 1684(gp)
core   0: 3 0x0000000080008048 (0x6941ae07) f28 0xffffffff847ffff0 mem 0x000000008000b6a4
core   0: 0x000000008000804c (0x402181b3) sub     gp, gp, sp
core   0: 3 0x000000008000804c (0x402181b3) x3  0x000000008000a010
core   0: 0x0000000080008050 (0x00000113) li      sp, 0
core   0: 3 0x0000000080008050 (0x00000113) x2  0x0000000000000000
core   0: 0x0000000080008054 (0x00311073) csrw    fcsr, sp
core   0: 3 0x0000000080008054 (0x00311073) c1_fflags 0x0000000000000000 c2_frm 0x0000000000000000
core   0: 0x0000000080008058 (0xe1df7fc3) fmadd.s ft11, ft10, ft9, ft8
core   0: 3 0x0000000080008058 (0xe1df7fc3) f31 0xffffffff847ffff0
core   0: 0x000000008000805c (0x00302273) csrr    tp, fcsr
core   0: 3 0x000000008000805c (0x00302273) x4  0x0000000000000000
core   0: 0x0000000080008060 (0x61f0a827) fsw     ft11, 1552(ra)
core   0: 3 0x0000000080008060 (0x61f0a827) mem 0x000000008000df28 0x847ffff0
core   0: 0x0000000080008064 (0x6040bc23) sd      tp, 1560(ra)
core   0: 3 0x0000000080008064 (0x6040bc23) mem 0x000000008000df30 0x0000000000000000
core   0: >>>>  inst_38114
core   0: 0x0000000080008068 (0x00100113) li      sp, 1
core   0: 3 0x0000000080008068 (0x00100113) x2  0x0000000000000001
core   0: 0x000000008000806c (0x00c11113) slli    sp, sp, 12
core   0: 3 0x000000008000806c (0x00c11113) x2  0x0000000000001000
core   0: 0x0000000080008070 (0x002181b3) add     gp, gp, sp
core   0: 3 0x0000000080008070 (0x002181b3) x3  0x000000008000b010
core   0: 0x0000000080008074 (0x6981af07) flw     ft10, 1688(gp)
core   0: 3 0x0000000080008074 (0x6981af07) f30 0xffffffff7f3fd416 mem 0x000000008000b6a8
core   0: 0x0000000080008078 (0x402181b3) sub     gp, gp, sp
core   0: 3 0x0000000080008078 (0x402181b3) x3  0x000000008000a010
core   0: 0x000000008000807c (0x00100113) li      sp, 1
core   0: 3 0x000000008000807c (0x00100113) x2  0x0000000000000001
core   0: 0x0000000080008080 (0x00c11113) slli    sp, sp, 12
core   0: 3 0x0000000080008080 (0x00c11113) x2  0x0000000000001000
core   0: 0x0000000080008084 (0x002181b3) add     gp, gp, sp
core   0: 3 0x0000000080008084 (0x002181b3) x3  0x000000008000b010
core   0: 0x0000000080008088 (0x69c1ae87) flw     ft9, 1692(gp)
core   0: 3 0x0000000080008088 (0x69c1ae87) f29 0xffffffff80000000 mem 0x000000008000b6ac
core   0: 0x000000008000808c (0x402181b3) sub     gp, gp, sp
core   0: 3 0x000000008000808c (0x402181b3) x3  0x000000008000a010
core   0: 0x0000000080008090 (0x00100113) li      sp, 1
core   0: 3 0x0000000080008090 (0x00100113) x2  0x0000000000000001
core   0: 0x0000000080008094 (0x00c11113) slli    sp, sp, 12
core   0: 3 0x0000000080008094 (0x00c11113) x2  0x0000000000001000
core   0: 0x0000000080008098 (0x002181b3) add     gp, gp, sp
core   0: 3 0x0000000080008098 (0x002181b3) x3  0x000000008000b010
core   0: 0x000000008000809c (0x6a01ae07) flw     ft8, 1696(gp)
core   0: 3 0x000000008000809c (0x6a01ae07) f28 0xffffffff847ffff8 mem 0x000000008000b6b0
core   0: 0x00000000800080a0 (0x402181b3) sub     gp, gp, sp
core   0: 3 0x00000000800080a0 (0x402181b3) x3  0x000000008000a010
core   0: 0x00000000800080a4 (0x00000113) li      sp, 0
core   0: 3 0x00000000800080a4 (0x00000113) x2  0x0000000000000000
core   0: 0x00000000800080a8 (0x00311073) csrw    fcsr, sp
core   0: 3 0x00000000800080a8 (0x00311073) c1_fflags 0x0000000000000000 c2_frm 0x0000000000000000
core   0: 0x00000000800080ac (0xe1df7fc3) fmadd.s ft11, ft10, ft9, ft8
core   0: 3 0x00000000800080ac (0xe1df7fc3) f31 0xffffffff847ffff8
core   0: 0x00000000800080b0 (0x00302273) csrr    tp, fcsr
core   0: 3 0x00000000800080b0 (0x00302273) x4  0x0000000000000000
core   0: 0x00000000800080b4 (0x63f0a027) fsw     ft11, 1568(ra)
core   0: 3 0x00000000800080b4 (0x63f0a027) mem 0x000000008000df38 0x847ffff8
core   0: 0x00000000800080b8 (0x6240b423) sd      tp, 1576(ra)
core   0: 3 0x00000000800080b8 (0x6240b423) mem 0x000000008000df40 0x0000000000000000
core   0: >>>>  inst_38115
core   0: 0x00000000800080bc (0x00100113) li      sp, 1
core   0: 3 0x00000000800080bc (0x00100113) x2  0x0000000000000001
core   0: 0x00000000800080c0 (0x00c11113) slli    sp, sp, 12
core   0: 3 0x00000000800080c0 (0x00c11113) x2  0x0000000000001000
core   0: 0x00000000800080c4 (0x002181b3) add     gp, gp, sp
core   0: 3 0x00000000800080c4 (0x002181b3) x3  0x000000008000b010
core   0: 0x00000000800080c8 (0x6a41af07) flw     ft10, 1700(gp)
core   0: 3 0x00000000800080c8 (0x6a41af07) f30 0xffffffff7f3fd416 mem 0x000000008000b6b4
core   0: 0x00000000800080cc (0x402181b3) sub     gp, gp, sp
core   0: 3 0x00000000800080cc (0x402181b3) x3  0x000000008000a010
core   0: 0x00000000800080d0 (0x00100113) li      sp, 1
core   0: 3 0x00000000800080d0 (0x00100113) x2  0x0000000000000001
core   0: 0x00000000800080d4 (0x00c11113) slli    sp, sp, 12
core   0: 3 0x00000000800080d4 (0x00c11113) x2  0x0000000000001000
core   0: 0x00000000800080d8 (0x002181b3) add     gp, gp, sp
core   0: 3 0x00000000800080d8 (0x002181b3) x3  0x000000008000b010
core   0: 0x00000000800080dc (0x6a81ae87) flw     ft9, 1704(gp)
core   0: 3 0x00000000800080dc (0x6a81ae87) f29 0xffffffff80000000 mem 0x000000008000b6b8
core   0: 0x00000000800080e0 (0x402181b3) sub     gp, gp, sp
core   0: 3 0x00000000800080e0 (0x402181b3) x3  0x000000008000a010
core   0: 0x00000000800080e4 (0x00100113) li      sp, 1
core   0: 3 0x00000000800080e4 (0x00100113) x2  0x0000000000000001
core   0: 0x00000000800080e8 (0x00c11113) slli    sp, sp, 12
core   0: 3 0x00000000800080e8 (0x00c11113) x2  0x0000000000001000
core   0: 0x00000000800080ec (0x002181b3) add     gp, gp, sp
core   0: 3 0x00000000800080ec (0x002181b3) x3  0x000000008000b010
core   0: 0x00000000800080f0 (0x6ac1ae07) flw     ft8, 1708(gp)
core   0: 3 0x00000000800080f0 (0x6ac1ae07) f28 0xffffffff847ffffc mem 0x000000008000b6bc
core   0: 0x00000000800080f4 (0x402181b3) sub     gp, gp, sp
core   0: 3 0x00000000800080f4 (0x402181b3) x3  0x000000008000a010
core   0: 0x00000000800080f8 (0x00000113) li      sp, 0
core   0: 3 0x00000000800080f8 (0x00000113) x2  0x0000000000000000
core   0: 0x00000000800080fc (0x00311073) csrw    fcsr, sp
core   0: 3 0x00000000800080fc (0x00311073) c1_fflags 0x0000000000000000 c2_frm 0x0000000000000000
core   0: 0x0000000080008100 (0xe1df7fc3) fmadd.s ft11, ft10, ft9, ft8
core   0: 3 0x0000000080008100 (0xe1df7fc3) f31 0xffffffff847ffffc
core   0: 0x0000000080008104 (0x00302273) csrr    tp, fcsr
core   0: 3 0x0000000080008104 (0x00302273) x4  0x0000000000000000
core   0: 0x0000000080008108 (0x63f0a827) fsw     ft11, 1584(ra)
core   0: 3 0x0000000080008108 (0x63f0a827) mem 0x000000008000df48 0x847ffffc
core   0: 0x000000008000810c (0x6240bc23) sd      tp, 1592(ra)
core   0: 3 0x000000008000810c (0x6240bc23) mem 0x000000008000df50 0x0000000000000000
core   0: >>>>  inst_38116
core   0: 0x0000000080008110 (0x00100113) li      sp, 1
core   0: 3 0x0000000080008110 (0x00100113) x2  0x0000000000000001
core   0: 0x0000000080008114 (0x00c11113) slli    sp, sp, 12
core   0: 3 0x0000000080008114 (0x00c11113) x2  0x0000000000001000
core   0: 0x0000000080008118 (0x002181b3) add     gp, gp, sp
core   0: 3 0x0000000080008118 (0x002181b3) x3  0x000000008000b010
core   0: 0x000000008000811c (0x6b01af07) flw     ft10, 1712(gp)
core   0: 3 0x000000008000811c (0x6b01af07) f30 0xffffffff7f3fd416 mem 0x000000008000b6c0
core   0: 0x0000000080008120 (0x402181b3) sub     gp, gp, sp
core   0: 3 0x0000000080008120 (0x402181b3) x3  0x000000008000a010
core   0: 0x0000000080008124 (0x00100113) li      sp, 1
core   0: 3 0x0000000080008124 (0x00100113) x2  0x0000000000000001
core   0: 0x0000000080008128 (0x00c11113) slli    sp, sp, 12
core   0: 3 0x0000000080008128 (0x00c11113) x2  0x0000000000001000
core   0: 0x000000008000812c (0x002181b3) add     gp, gp, sp
core   0: 3 0x000000008000812c (0x002181b3) x3  0x000000008000b010
core   0: 0x0000000080008130 (0x6b41ae87) flw     ft9, 1716(gp)
core   0: 3 0x0000000080008130 (0x6b41ae87) f29 0xffffffff80000000 mem 0x000000008000b6c4
core   0: 0x0000000080008134 (0x402181b3) sub     gp, gp, sp
core   0: 3 0x0000000080008134 (0x402181b3) x3  0x000000008000a010
core   0: 0x0000000080008138 (0x00100113) li      sp, 1
core   0: 3 0x0000000080008138 (0x00100113) x2  0x0000000000000001
core   0: 0x000000008000813c (0x00c11113) slli    sp, sp, 12
core   0: 3 0x000000008000813c (0x00c11113) x2  0x0000000000001000
core   0: 0x0000000080008140 (0x002181b3) add     gp, gp, sp
core   0: 3 0x0000000080008140 (0x002181b3) x3  0x000000008000b010
core   0: 0x0000000080008144 (0x6b81ae07) flw     ft8, 1720(gp)
core   0: 3 0x0000000080008144 (0x6b81ae07) f28 0xffffffff847ffffe mem 0x000000008000b6c8
core   0: 0x0000000080008148 (0x402181b3) sub     gp, gp, sp
core   0: 3 0x0000000080008148 (0x402181b3) x3  0x000000008000a010
core   0: 0x000000008000814c (0x00000113) li      sp, 0
core   0: 3 0x000000008000814c (0x00000113) x2  0x0000000000000000
core   0: 0x0000000080008150 (0x00311073) csrw    fcsr, sp
core   0: 3 0x0000000080008150 (0x00311073) c1_fflags 0x0000000000000000 c2_frm 0x0000000000000000
core   0: 0x0000000080008154 (0xe1df7fc3) fmadd.s ft11, ft10, ft9, ft8
core   0: 3 0x0000000080008154 (0xe1df7fc3) f31 0xffffffff847ffffe
core   0: 0x0000000080008158 (0x00302273) csrr    tp, fcsr
core   0: 3 0x0000000080008158 (0x00302273) x4  0x0000000000000000
core   0: 0x000000008000815c (0x65f0a027) fsw     ft11, 1600(ra)
core   0: 3 0x000000008000815c (0x65f0a027) mem 0x000000008000df58 0x847ffffe
core   0: 0x0000000080008160 (0x6440b423) sd      tp, 1608(ra)
core   0: 3 0x0000000080008160 (0x6440b423) mem 0x000000008000df60 0x0000000000000000
core   0: >>>>  inst_38117
core   0: 0x0000000080008164 (0x00100113) li      sp, 1
core   0: 3 0x0000000080008164 (0x00100113) x2  0x0000000000000001
core   0: 0x0000000080008168 (0x00c11113) slli    sp, sp, 12
core   0: 3 0x0000000080008168 (0x00c11113) x2  0x0000000000001000
core   0: 0x000000008000816c (0x002181b3) add     gp, gp, sp
core   0: 3 0x000000008000816c (0x002181b3) x3  0x000000008000b010
core   0: 0x0000000080008170 (0x6bc1af07) flw     ft10, 1724(gp)
core   0: 3 0x0000000080008170 (0x6bc1af07) f30 0xffffffff7f3fd416 mem 0x000000008000b6cc
core   0: 0x0000000080008174 (0x402181b3) sub     gp, gp, sp
core   0: 3 0x0000000080008174 (0x402181b3) x3  0x000000008000a010
core   0: 0x0000000080008178 (0x00100113) li      sp, 1
core   0: 3 0x0000000080008178 (0x00100113) x2  0x0000000000000001
core   0: 0x000000008000817c (0x00c11113) slli    sp, sp, 12
core   0: 3 0x000000008000817c (0x00c11113) x2  0x0000000000001000
core   0: 0x0000000080008180 (0x002181b3) add     gp, gp, sp
core   0: 3 0x0000000080008180 (0x002181b3) x3  0x000000008000b010
core   0: 0x0000000080008184 (0x6c01ae87) flw     ft9, 1728(gp)
core   0: 3 0x0000000080008184 (0x6c01ae87) f29 0xffffffff80000000 mem 0x000000008000b6d0
core   0: 0x0000000080008188 (0x402181b3) sub     gp, gp, sp
core   0: 3 0x0000000080008188 (0x402181b3) x3  0x000000008000a010
core   0: 0x000000008000818c (0x00100113) li      sp, 1
core   0: 3 0x000000008000818c (0x00100113) x2  0x0000000000000001
core   0: 0x0000000080008190 (0x00c11113) slli    sp, sp, 12
core   0: 3 0x0000000080008190 (0x00c11113) x2  0x0000000000001000
core   0: 0x0000000080008194 (0x002181b3) add     gp, gp, sp
core   0: 3 0x0000000080008194 (0x002181b3) x3  0x000000008000b010
core   0: 0x0000000080008198 (0x6c41ae07) flw     ft8, 1732(gp)
core   0: 3 0x0000000080008198 (0x6c41ae07) f28 0xffffffff847fffff mem 0x000000008000b6d4
core   0: 0x000000008000819c (0x402181b3) sub     gp, gp, sp
core   0: 3 0x000000008000819c (0x402181b3) x3  0x000000008000a010
core   0: 0x00000000800081a0 (0x00000113) li      sp, 0
core   0: 3 0x00000000800081a0 (0x00000113) x2  0x0000000000000000
core   0: 0x00000000800081a4 (0x00311073) csrw    fcsr, sp
core   0: 3 0x00000000800081a4 (0x00311073) c1_fflags 0x0000000000000000 c2_frm 0x0000000000000000
core   0: 0x00000000800081a8 (0xe1df7fc3) fmadd.s ft11, ft10, ft9, ft8
core   0: 3 0x00000000800081a8 (0xe1df7fc3) f31 0xffffffff847fffff
core   0: 0x00000000800081ac (0x00302273) csrr    tp, fcsr
core   0: 3 0x00000000800081ac (0x00302273) x4  0x0000000000000000
core   0: 0x00000000800081b0 (0x65f0a827) fsw     ft11, 1616(ra)
core   0: 3 0x00000000800081b0 (0x65f0a827) mem 0x000000008000df68 0x847fffff
core   0: 0x00000000800081b4 (0x6440bc23) sd      tp, 1624(ra)
core   0: 3 0x00000000800081b4 (0x6440bc23) mem 0x000000008000df70 0x0000000000000000
core   0: >>>>  inst_38118
core   0: 0x00000000800081b8 (0x00100113) li      sp, 1
core   0: 3 0x00000000800081b8 (0x00100113) x2  0x0000000000000001
core   0: 0x00000000800081bc (0x00c11113) slli    sp, sp, 12
core   0: 3 0x00000000800081bc (0x00c11113) x2  0x0000000000001000
core   0: 0x00000000800081c0 (0x002181b3) add     gp, gp, sp
core   0: 3 0x00000000800081c0 (0x002181b3) x3  0x000000008000b010
core   0: 0x00000000800081c4 (0x6c81af07) flw     ft10, 1736(gp)
core   0: 3 0x00000000800081c4 (0x6c81af07) f30 0xffffffff7859914d mem 0x000000008000b6d8
core   0: 0x00000000800081c8 (0x402181b3) sub     gp, gp, sp
core   0: 3 0x00000000800081c8 (0x402181b3) x3  0x000000008000a010
core   0: 0x00000000800081cc (0x00100113) li      sp, 1
core   0: 3 0x00000000800081cc (0x00100113) x2  0x0000000000000001
core   0: 0x00000000800081d0 (0x00c11113) slli    sp, sp, 12
core   0: 3 0x00000000800081d0 (0x00c11113) x2  0x0000000000001000
core   0: 0x00000000800081d4 (0x002181b3) add     gp, gp, sp
core   0: 3 0x00000000800081d4 (0x002181b3) x3  0x000000008000b010
core   0: 0x00000000800081d8 (0x6cc1ae87) flw     ft9, 1740(gp)
core   0: 3 0x00000000800081d8 (0x6cc1ae87) f29 0xffffffff86969c55 mem 0x000000008000b6dc
core   0: 0x00000000800081dc (0x402181b3) sub     gp, gp, sp
core   0: 3 0x00000000800081dc (0x402181b3) x3  0x000000008000a010
core   0: 0x00000000800081e0 (0x00100113) li      sp, 1
core   0: 3 0x00000000800081e0 (0x00100113) x2  0x0000000000000001
core   0: 0x00000000800081e4 (0x00c11113) slli    sp, sp, 12
core   0: 3 0x00000000800081e4 (0x00c11113) x2  0x0000000000001000
core   0: 0x00000000800081e8 (0x002181b3) add     gp, gp, sp
core   0: 3 0x00000000800081e8 (0x002181b3) x3  0x000000008000b010
core   0: 0x00000000800081ec (0x6d01ae07) flw     ft8, 1744(gp)
core   0: 3 0x00000000800081ec (0x6d01ae07) f28 0xffffffffae800000 mem 0x000000008000b6e0
core   0: 0x00000000800081f0 (0x402181b3) sub     gp, gp, sp
core   0: 3 0x00000000800081f0 (0x402181b3) x3  0x000000008000a010
core   0: 0x00000000800081f4 (0x00000113) li      sp, 0
core   0: 3 0x00000000800081f4 (0x00000113) x2  0x0000000000000000
core   0: 0x00000000800081f8 (0x00311073) csrw    fcsr, sp
core   0: 3 0x00000000800081f8 (0x00311073) c1_fflags 0x0000000000000000 c2_frm 0x0000000000000000
core   0: 0x00000000800081fc (0xe1df7fc3) fmadd.s ft11, ft10, ft9, ft8
core   0: 3 0x00000000800081fc (0xe1df7fc3) c1_fflags 0x0000000000000001 f31 0xffffffffbf800000
core   0: 0x0000000080008200 (0x00302273) csrr    tp, fcsr
core   0: 3 0x0000000080008200 (0x00302273) x4  0x0000000000000001
core   0: 0x0000000080008204 (0x67f0a027) fsw     ft11, 1632(ra)
core   0: 3 0x0000000080008204 (0x67f0a027) mem 0x000000008000df78 0xbf800000
core   0: 0x0000000080008208 (0x6640b423) sd      tp, 1640(ra)
core   0: 3 0x0000000080008208 (0x6640b423) mem 0x000000008000df80 0x0000000000000001
core   0: >>>>  inst_38119
core   0: 0x000000008000820c (0x00100113) li      sp, 1
core   0: 3 0x000000008000820c (0x00100113) x2  0x0000000000000001
core   0: 0x0000000080008210 (0x00c11113) slli    sp, sp, 12
core   0: 3 0x0000000080008210 (0x00c11113) x2  0x0000000000001000
core   0: 0x0000000080008214 (0x002181b3) add     gp, gp, sp
core   0: 3 0x0000000080008214 (0x002181b3) x3  0x000000008000b010
core   0: 0x0000000080008218 (0x6d41af07) flw     ft10, 1748(gp)
core   0: 3 0x0000000080008218 (0x6d41af07) f30 0xffffffff7859914d mem 0x000000008000b6e4
core   0: 0x000000008000821c (0x402181b3) sub     gp, gp, sp
core   0: 3 0x000000008000821c (0x402181b3) x3  0x000000008000a010
core   0: 0x0000000080008220 (0x00100113) li      sp, 1
core   0: 3 0x0000000080008220 (0x00100113) x2  0x0000000000000001
core   0: 0x0000000080008224 (0x00c11113) slli    sp, sp, 12
core   0: 3 0x0000000080008224 (0x00c11113) x2  0x0000000000001000
core   0: 0x0000000080008228 (0x002181b3) add     gp, gp, sp
core   0: 3 0x0000000080008228 (0x002181b3) x3  0x000000008000b010
core   0: 0x000000008000822c (0x6d81ae87) flw     ft9, 1752(gp)
core   0: 3 0x000000008000822c (0x6d81ae87) f29 0xffffffff86969c55 mem 0x000000008000b6e8
core   0: 0x0000000080008230 (0x402181b3) sub     gp, gp, sp
core   0: 3 0x0000000080008230 (0x402181b3) x3  0x000000008000a010
core   0: 0x0000000080008234 (0x00100113) li      sp, 1
core   0: 3 0x0000000080008234 (0x00100113) x2  0x0000000000000001
core   0: 0x0000000080008238 (0x00c11113) slli    sp, sp, 12
core   0: 3 0x0000000080008238 (0x00c11113) x2  0x0000000000001000
core   0: 0x000000008000823c (0x002181b3) add     gp, gp, sp
core   0: 3 0x000000008000823c (0x002181b3) x3  0x000000008000b010
core   0: 0x0000000080008240 (0x6dc1ae07) flw     ft8, 1756(gp)
core   0: 3 0x0000000080008240 (0x6dc1ae07) f28 0xffffffffae800001 mem 0x000000008000b6ec
core   0: 0x0000000080008244 (0x402181b3) sub     gp, gp, sp
core   0: 3 0x0000000080008244 (0x402181b3) x3  0x000000008000a010
core   0: 0x0000000080008248 (0x00000113) li      sp, 0
core   0: 3 0x0000000080008248 (0x00000113) x2  0x0000000000000000
core   0: 0x000000008000824c (0x00311073) csrw    fcsr, sp
core   0: 3 0x000000008000824c (0x00311073) c1_fflags 0x0000000000000000 c2_frm 0x0000000000000000
core   0: 0x0000000080008250 (0xe1df7fc3) fmadd.s ft11, ft10, ft9, ft8
core   0: 3 0x0000000080008250 (0xe1df7fc3) c1_fflags 0x0000000000000001 f31 0xffffffffbf800000
core   0: 0x0000000080008254 (0x00302273) csrr    tp, fcsr
core   0: 3 0x0000000080008254 (0x00302273) x4  0x0000000000000001
core   0: 0x0000000080008258 (0x67f0a827) fsw     ft11, 1648(ra)
core   0: 3 0x0000000080008258 (0x67f0a827) mem 0x000000008000df88 0xbf800000
core   0: 0x000000008000825c (0x6640bc23) sd      tp, 1656(ra)
core   0: 3 0x000000008000825c (0x6640bc23) mem 0x000000008000df90 0x0000000000000001
core   0: >>>>  inst_38120
core   0: 0x0000000080008260 (0x00100113) li      sp, 1
core   0: 3 0x0000000080008260 (0x00100113) x2  0x0000000000000001
core   0: 0x0000000080008264 (0x00c11113) slli    sp, sp, 12
core   0: 3 0x0000000080008264 (0x00c11113) x2  0x0000000000001000
core   0: 0x0000000080008268 (0x002181b3) add     gp, gp, sp
core   0: 3 0x0000000080008268 (0x002181b3) x3  0x000000008000b010
core   0: 0x000000008000826c (0x6e01af07) flw     ft10, 1760(gp)
core   0: 3 0x000000008000826c (0x6e01af07) f30 0xffffffff7859914d mem 0x000000008000b6f0
core   0: 0x0000000080008270 (0x402181b3) sub     gp, gp, sp
core   0: 3 0x0000000080008270 (0x402181b3) x3  0x000000008000a010
core   0: 0x0000000080008274 (0x00100113) li      sp, 1
core   0: 3 0x0000000080008274 (0x00100113) x2  0x0000000000000001
core   0: 0x0000000080008278 (0x00c11113) slli    sp, sp, 12
core   0: 3 0x0000000080008278 (0x00c11113) x2  0x0000000000001000
core   0: 0x000000008000827c (0x002181b3) add     gp, gp, sp
core   0: 3 0x000000008000827c (0x002181b3) x3  0x000000008000b010
core   0: 0x0000000080008280 (0x6e41ae87) flw     ft9, 1764(gp)
core   0: 3 0x0000000080008280 (0x6e41ae87) f29 0xffffffff86969c55 mem 0x000000008000b6f4
core   0: 0x0000000080008284 (0x402181b3) sub     gp, gp, sp
core   0: 3 0x0000000080008284 (0x402181b3) x3  0x000000008000a010
core   0: 0x0000000080008288 (0x00100113) li      sp, 1
core   0: 3 0x0000000080008288 (0x00100113) x2  0x0000000000000001
core   0: 0x000000008000828c (0x00c11113) slli    sp, sp, 12
core   0: 3 0x000000008000828c (0x00c11113) x2  0x0000000000001000
core   0: 0x0000000080008290 (0x002181b3) add     gp, gp, sp
core   0: 3 0x0000000080008290 (0x002181b3) x3  0x000000008000b010
core   0: 0x0000000080008294 (0x6e81ae07) flw     ft8, 1768(gp)
core   0: 3 0x0000000080008294 (0x6e81ae07) f28 0xffffffffae800003 mem 0x000000008000b6f8
core   0: 0x0000000080008298 (0x402181b3) sub     gp, gp, sp
core   0: 3 0x0000000080008298 (0x402181b3) x3  0x000000008000a010
core   0: 0x000000008000829c (0x00000113) li      sp, 0
core   0: 3 0x000000008000829c (0x00000113) x2  0x0000000000000000
core   0: 0x00000000800082a0 (0x00311073) csrw    fcsr, sp
core   0: 3 0x00000000800082a0 (0x00311073) c1_fflags 0x0000000000000000 c2_frm 0x0000000000000000
core   0: 0x00000000800082a4 (0xe1df7fc3) fmadd.s ft11, ft10, ft9, ft8
core   0: 3 0x00000000800082a4 (0xe1df7fc3) c1_fflags 0x0000000000000001 f31 0xffffffffbf800000
core   0: 0x00000000800082a8 (0x00302273) csrr    tp, fcsr
core   0: 3 0x00000000800082a8 (0x00302273) x4  0x0000000000000001
core   0: 0x00000000800082ac (0x69f0a027) fsw     ft11, 1664(ra)
core   0: 3 0x00000000800082ac (0x69f0a027) mem 0x000000008000df98 0xbf800000
core   0: 0x00000000800082b0 (0x6840b423) sd      tp, 1672(ra)
core   0: 3 0x00000000800082b0 (0x6840b423) mem 0x000000008000dfa0 0x0000000000000001
core   0: >>>>  inst_38121
core   0: 0x00000000800082b4 (0x00100113) li      sp, 1
core   0: 3 0x00000000800082b4 (0x00100113) x2  0x0000000000000001
core   0: 0x00000000800082b8 (0x00c11113) slli    sp, sp, 12
core   0: 3 0x00000000800082b8 (0x00c11113) x2  0x0000000000001000
core   0: 0x00000000800082bc (0x002181b3) add     gp, gp, sp
core   0: 3 0x00000000800082bc (0x002181b3) x3  0x000000008000b010
core   0: 0x00000000800082c0 (0x6ec1af07) flw     ft10, 1772(gp)
core   0: 3 0x00000000800082c0 (0x6ec1af07) f30 0xffffffff7859914d mem 0x000000008000b6fc
core   0: 0x00000000800082c4 (0x402181b3) sub     gp, gp, sp
core   0: 3 0x00000000800082c4 (0x402181b3) x3  0x000000008000a010
core   0: 0x00000000800082c8 (0x00100113) li      sp, 1
core   0: 3 0x00000000800082c8 (0x00100113) x2  0x0000000000000001
core   0: 0x00000000800082cc (0x00c11113) slli    sp, sp, 12
core   0: 3 0x00000000800082cc (0x00c11113) x2  0x0000000000001000
core   0: 0x00000000800082d0 (0x002181b3) add     gp, gp, sp
core   0: 3 0x00000000800082d0 (0x002181b3) x3  0x000000008000b010
core   0: 0x00000000800082d4 (0x6f01ae87) flw     ft9, 1776(gp)
core   0: 3 0x00000000800082d4 (0x6f01ae87) f29 0xffffffff86969c55 mem 0x000000008000b700
core   0: 0x00000000800082d8 (0x402181b3) sub     gp, gp, sp
core   0: 3 0x00000000800082d8 (0x402181b3) x3  0x000000008000a010
core   0: 0x00000000800082dc (0x00100113) li      sp, 1
core   0: 3 0x00000000800082dc (0x00100113) x2  0x0000000000000001
core   0: 0x00000000800082e0 (0x00c11113) slli    sp, sp, 12
core   0: 3 0x00000000800082e0 (0x00c11113) x2  0x0000000000001000
core   0: 0x00000000800082e4 (0x002181b3) add     gp, gp, sp
core   0: 3 0x00000000800082e4 (0x002181b3) x3  0x000000008000b010
core   0: 0x00000000800082e8 (0x6f41ae07) flw     ft8, 1780(gp)
core   0: 3 0x00000000800082e8 (0x6f41ae07) f28 0xffffffffae80000f mem 0x000000008000b704
core   0: 0x00000000800082ec (0x402181b3) sub     gp, gp, sp
core   0: 3 0x00000000800082ec (0x402181b3) x3  0x000000008000a010
core   0: 0x00000000800082f0 (0x00000113) li      sp, 0
core   0: 3 0x00000000800082f0 (0x00000113) x2  0x0000000000000000
core   0: 0x00000000800082f4 (0x00311073) csrw    fcsr, sp
core   0: 3 0x00000000800082f4 (0x00311073) c1_fflags 0x0000000000000000 c2_frm 0x0000000000000000
core   0: 0x00000000800082f8 (0xe1df7fc3) fmadd.s ft11, ft10, ft9, ft8
core   0: 3 0x00000000800082f8 (0xe1df7fc3) c1_fflags 0x0000000000000001 f31 0xffffffffbf800000
core   0: 0x00000000800082fc (0x00302273) csrr    tp, fcsr
core   0: 3 0x00000000800082fc (0x00302273) x4  0x0000000000000001
core   0: 0x0000000080008300 (0x69f0a827) fsw     ft11, 1680(ra)
core   0: 3 0x0000000080008300 (0x69f0a827) mem 0x000000008000dfa8 0xbf800000
core   0: 0x0000000080008304 (0x6840bc23) sd      tp, 1688(ra)
core   0: 3 0x0000000080008304 (0x6840bc23) mem 0x000000008000dfb0 0x0000000000000001
core   0: >>>>  inst_38122
core   0: 0x0000000080008308 (0x00100113) li      sp, 1
core   0: 3 0x0000000080008308 (0x00100113) x2  0x0000000000000001
core   0: 0x000000008000830c (0x00c11113) slli    sp, sp, 12
core   0: 3 0x000000008000830c (0x00c11113) x2  0x0000000000001000
core   0: 0x0000000080008310 (0x002181b3) add     gp, gp, sp
core   0: 3 0x0000000080008310 (0x002181b3) x3  0x000000008000b010
core   0: 0x0000000080008314 (0x6f81af07) flw     ft10, 1784(gp)
core   0: 3 0x0000000080008314 (0x6f81af07) f30 0xffffffff7859914d mem 0x000000008000b708
core   0: 0x0000000080008318 (0x402181b3) sub     gp, gp, sp
core   0: 3 0x0000000080008318 (0x402181b3) x3  0x000000008000a010
core   0: 0x000000008000831c (0x00100113) li      sp, 1
core   0: 3 0x000000008000831c (0x00100113) x2  0x0000000000000001
core   0: 0x0000000080008320 (0x00c11113) slli    sp, sp, 12
core   0: 3 0x0000000080008320 (0x00c11113) x2  0x0000000000001000
core   0: 0x0000000080008324 (0x002181b3) add     gp, gp, sp
core   0: 3 0x0000000080008324 (0x002181b3) x3  0x000000008000b010
core   0: 0x0000000080008328 (0x6fc1ae87) flw     ft9, 1788(gp)
core   0: 3 0x0000000080008328 (0x6fc1ae87) f29 0xffffffff86969c55 mem 0x000000008000b70c
core   0: 0x000000008000832c (0x402181b3) sub     gp, gp, sp
core   0: 3 0x000000008000832c (0x402181b3) x3  0x000000008000a010
core   0: 0x0000000080008330 (0x00100113) li      sp, 1
core   0: 3 0x0000000080008330 (0x00100113) x2  0x0000000000000001
core   0: 0x0000000080008334 (0x00c11113) slli    sp, sp, 12
core   0: 3 0x0000000080008334 (0x00c11113) x2  0x0000000000001000
core   0: 0x0000000080008338 (0x002181b3) add     gp, gp, sp
core   0: 3 0x0000000080008338 (0x002181b3) x3  0x000000008000b010
core   0: 0x000000008000833c (0x7001ae07) flw     ft8, 1792(gp)
core   0: 3 0x000000008000833c (0x7001ae07) f28 0xffffffffae80001f mem 0x000000008000b710
core   0: 0x0000000080008340 (0x402181b3) sub     gp, gp, sp
core   0: 3 0x0000000080008340 (0x402181b3) x3  0x000000008000a010
core   0: 0x0000000080008344 (0x00000113) li      sp, 0
core   0: 3 0x0000000080008344 (0x00000113) x2  0x0000000000000000
core   0: 0x0000000080008348 (0x00311073) csrw    fcsr, sp
core   0: 3 0x0000000080008348 (0x00311073) c1_fflags 0x0000000000000000 c2_frm 0x0000000000000000
core   0: 0x000000008000834c (0xe1df7fc3) fmadd.s ft11, ft10, ft9, ft8
core   0: 3 0x000000008000834c (0xe1df7fc3) c1_fflags 0x0000000000000001 f31 0xffffffffbf800000
core   0: 0x0000000080008350 (0x00302273) csrr    tp, fcsr
core   0: 3 0x0000000080008350 (0x00302273) x4  0x0000000000000001
core   0: 0x0000000080008354 (0x6bf0a027) fsw     ft11, 1696(ra)
core   0: 3 0x0000000080008354 (0x6bf0a027) mem 0x000000008000dfb8 0xbf800000
core   0: 0x0000000080008358 (0x6a40b423) sd      tp, 1704(ra)
core   0: 3 0x0000000080008358 (0x6a40b423) mem 0x000000008000dfc0 0x0000000000000001
core   0: >>>>  inst_38123
core   0: 0x000000008000835c (0x00100113) li      sp, 1
core   0: 3 0x000000008000835c (0x00100113) x2  0x0000000000000001
core   0: 0x0000000080008360 (0x00c11113) slli    sp, sp, 12
core   0: 3 0x0000000080008360 (0x00c11113) x2  0x0000000000001000
core   0: 0x0000000080008364 (0x002181b3) add     gp, gp, sp
core   0: 3 0x0000000080008364 (0x002181b3) x3  0x000000008000b010
core   0: 0x0000000080008368 (0x7041af07) flw     ft10, 1796(gp)
core   0: 3 0x0000000080008368 (0x7041af07) f30 0xffffffff7859914d mem 0x000000008000b714
core   0: 0x000000008000836c (0x402181b3) sub     gp, gp, sp
core   0: 3 0x000000008000836c (0x402181b3) x3  0x000000008000a010
core   0: 0x0000000080008370 (0x00100113) li      sp, 1
core   0: 3 0x0000000080008370 (0x00100113) x2  0x0000000000000001
core   0: 0x0000000080008374 (0x00c11113) slli    sp, sp, 12
core   0: 3 0x0000000080008374 (0x00c11113) x2  0x0000000000001000
core   0: 0x0000000080008378 (0x002181b3) add     gp, gp, sp
core   0: 3 0x0000000080008378 (0x002181b3) x3  0x000000008000b010
core   0: 0x000000008000837c (0x7081ae87) flw     ft9, 1800(gp)
core   0: 3 0x000000008000837c (0x7081ae87) f29 0xffffffff86969c55 mem 0x000000008000b718
core   0: 0x0000000080008380 (0x402181b3) sub     gp, gp, sp
core   0: 3 0x0000000080008380 (0x402181b3) x3  0x000000008000a010
core   0: 0x0000000080008384 (0x00100113) li      sp, 1
core   0: 3 0x0000000080008384 (0x00100113) x2  0x0000000000000001
core   0: 0x0000000080008388 (0x00c11113) slli    sp, sp, 12
core   0: 3 0x0000000080008388 (0x00c11113) x2  0x0000000000001000
core   0: 0x000000008000838c (0x002181b3) add     gp, gp, sp
core   0: 3 0x000000008000838c (0x002181b3) x3  0x000000008000b010
core   0: 0x0000000080008390 (0x70c1ae07) flw     ft8, 1804(gp)
core   0: 3 0x0000000080008390 (0x70c1ae07) f28 0xffffffffae80003f mem 0x000000008000b71c
core   0: 0x0000000080008394 (0x402181b3) sub     gp, gp, sp
core   0: 3 0x0000000080008394 (0x402181b3) x3  0x000000008000a010
core   0: 0x0000000080008398 (0x00000113) li      sp, 0
core   0: 3 0x0000000080008398 (0x00000113) x2  0x0000000000000000
core   0: 0x000000008000839c (0x00311073) csrw    fcsr, sp
core   0: 3 0x000000008000839c (0x00311073) c1_fflags 0x0000000000000000 c2_frm 0x0000000000000000
core   0: 0x00000000800083a0 (0xe1df7fc3) fmadd.s ft11, ft10, ft9, ft8
core   0: 3 0x00000000800083a0 (0xe1df7fc3) c1_fflags 0x0000000000000001 f31 0xffffffffbf800000
core   0: 0x00000000800083a4 (0x00302273) csrr    tp, fcsr
core   0: 3 0x00000000800083a4 (0x00302273) x4  0x0000000000000001
core   0: 0x00000000800083a8 (0x6bf0a827) fsw     ft11, 1712(ra)
core   0: 3 0x00000000800083a8 (0x6bf0a827) mem 0x000000008000dfc8 0xbf800000
core   0: 0x00000000800083ac (0x6a40bc23) sd      tp, 1720(ra)
core   0: 3 0x00000000800083ac (0x6a40bc23) mem 0x000000008000dfd0 0x0000000000000001
core   0: >>>>  inst_38124
core   0: 0x00000000800083b0 (0x00100113) li      sp, 1
core   0: 3 0x00000000800083b0 (0x00100113) x2  0x0000000000000001
core   0: 0x00000000800083b4 (0x00c11113) slli    sp, sp, 12
core   0: 3 0x00000000800083b4 (0x00c11113) x2  0x0000000000001000
core   0: 0x00000000800083b8 (0x002181b3) add     gp, gp, sp
core   0: 3 0x00000000800083b8 (0x002181b3) x3  0x000000008000b010
core   0: 0x00000000800083bc (0x7101af07) flw     ft10, 1808(gp)
core   0: 3 0x00000000800083bc (0x7101af07) f30 0xffffffff7859914d mem 0x000000008000b720
core   0: 0x00000000800083c0 (0x402181b3) sub     gp, gp, sp
core   0: 3 0x00000000800083c0 (0x402181b3) x3  0x000000008000a010
core   0: 0x00000000800083c4 (0x00100113) li      sp, 1
core   0: 3 0x00000000800083c4 (0x00100113) x2  0x0000000000000001
core   0: 0x00000000800083c8 (0x00c11113) slli    sp, sp, 12
core   0: 3 0x00000000800083c8 (0x00c11113) x2  0x0000000000001000
core   0: 0x00000000800083cc (0x002181b3) add     gp, gp, sp
core   0: 3 0x00000000800083cc (0x002181b3) x3  0x000000008000b010
core   0: 0x00000000800083d0 (0x7141ae87) flw     ft9, 1812(gp)
core   0: 3 0x00000000800083d0 (0x7141ae87) f29 0xffffffff86969c55 mem 0x000000008000b724
core   0: 0x00000000800083d4 (0x402181b3) sub     gp, gp, sp
core   0: 3 0x00000000800083d4 (0x402181b3) x3  0x000000008000a010
core   0: 0x00000000800083d8 (0x00100113) li      sp, 1
core   0: 3 0x00000000800083d8 (0x00100113) x2  0x0000000000000001
core   0: 0x00000000800083dc (0x00c11113) slli    sp, sp, 12
core   0: 3 0x00000000800083dc (0x00c11113) x2  0x0000000000001000
core   0: 0x00000000800083e0 (0x002181b3) add     gp, gp, sp
core   0: 3 0x00000000800083e0 (0x002181b3) x3  0x000000008000b010
core   0: 0x00000000800083e4 (0x7181ae07) flw     ft8, 1816(gp)
core   0: 3 0x00000000800083e4 (0x7181ae07) f28 0xffffffffae80007f mem 0x000000008000b728
core   0: 0x00000000800083e8 (0x402181b3) sub     gp, gp, sp
core   0: 3 0x00000000800083e8 (0x402181b3) x3  0x000000008000a010
core   0: 0x00000000800083ec (0x00000113) li      sp, 0
core   0: 3 0x00000000800083ec (0x00000113) x2  0x0000000000000000
core   0: 0x00000000800083f0 (0x00311073) csrw    fcsr, sp
core   0: 3 0x00000000800083f0 (0x00311073) c1_fflags 0x0000000000000000 c2_frm 0x0000000000000000
core   0: 0x00000000800083f4 (0xe1df7fc3) fmadd.s ft11, ft10, ft9, ft8
core   0: 3 0x00000000800083f4 (0xe1df7fc3) c1_fflags 0x0000000000000001 f31 0xffffffffbf800000
core   0: 0x00000000800083f8 (0x00302273) csrr    tp, fcsr
core   0: 3 0x00000000800083f8 (0x00302273) x4  0x0000000000000001
core   0: 0x00000000800083fc (0x6df0a027) fsw     ft11, 1728(ra)
core   0: 3 0x00000000800083fc (0x6df0a027) mem 0x000000008000dfd8 0xbf800000
core   0: 0x0000000080008400 (0x6c40b423) sd      tp, 1736(ra)
core   0: 3 0x0000000080008400 (0x6c40b423) mem 0x000000008000dfe0 0x0000000000000001
core   0: >>>>  inst_38125
core   0: 0x0000000080008404 (0x00100113) li      sp, 1
core   0: 3 0x0000000080008404 (0x00100113) x2  0x0000000000000001
core   0: 0x0000000080008408 (0x00c11113) slli    sp, sp, 12
core   0: 3 0x0000000080008408 (0x00c11113) x2  0x0000000000001000
core   0: 0x000000008000840c (0x002181b3) add     gp, gp, sp
core   0: 3 0x000000008000840c (0x002181b3) x3  0x000000008000b010
core   0: 0x0000000080008410 (0x71c1af07) flw     ft10, 1820(gp)
core   0: 3 0x0000000080008410 (0x71c1af07) f30 0xffffffff7859914d mem 0x000000008000b72c
core   0: 0x0000000080008414 (0x402181b3) sub     gp, gp, sp
core   0: 3 0x0000000080008414 (0x402181b3) x3  0x000000008000a010
core   0: 0x0000000080008418 (0x00100113) li      sp, 1
core   0: 3 0x0000000080008418 (0x00100113) x2  0x0000000000000001
core   0: 0x000000008000841c (0x00c11113) slli    sp, sp, 12
core   0: 3 0x000000008000841c (0x00c11113) x2  0x0000000000001000
core   0: 0x0000000080008420 (0x002181b3) add     gp, gp, sp
core   0: 3 0x0000000080008420 (0x002181b3) x3  0x000000008000b010
core   0: 0x0000000080008424 (0x7201ae87) flw     ft9, 1824(gp)
core   0: 3 0x0000000080008424 (0x7201ae87) f29 0xffffffff86969c55 mem 0x000000008000b730
core   0: 0x0000000080008428 (0x402181b3) sub     gp, gp, sp
core   0: 3 0x0000000080008428 (0x402181b3) x3  0x000000008000a010
core   0: 0x000000008000842c (0x00100113) li      sp, 1
core   0: 3 0x000000008000842c (0x00100113) x2  0x0000000000000001
core   0: 0x0000000080008430 (0x00c11113) slli    sp, sp, 12
core   0: 3 0x0000000080008430 (0x00c11113) x2  0x0000000000001000
core   0: 0x0000000080008434 (0x002181b3) add     gp, gp, sp
core   0: 3 0x0000000080008434 (0x002181b3) x3  0x000000008000b010
core   0: 0x0000000080008438 (0x7241ae07) flw     ft8, 1828(gp)
core   0: 3 0x0000000080008438 (0x7241ae07) f28 0xffffffffae8000ff mem 0x000000008000b734
core   0: 0x000000008000843c (0x402181b3) sub     gp, gp, sp
core   0: 3 0x000000008000843c (0x402181b3) x3  0x000000008000a010
core   0: 0x0000000080008440 (0x00000113) li      sp, 0
core   0: 3 0x0000000080008440 (0x00000113) x2  0x0000000000000000
core   0: 0x0000000080008444 (0x00311073) csrw    fcsr, sp
core   0: 3 0x0000000080008444 (0x00311073) c1_fflags 0x0000000000000000 c2_frm 0x0000000000000000
core   0: 0x0000000080008448 (0xe1df7fc3) fmadd.s ft11, ft10, ft9, ft8
core   0: 3 0x0000000080008448 (0xe1df7fc3) c1_fflags 0x0000000000000001 f31 0xffffffffbf800000
core   0: 0x000000008000844c (0x00302273) csrr    tp, fcsr
core   0: 3 0x000000008000844c (0x00302273) x4  0x0000000000000001
core   0: 0x0000000080008450 (0x6df0a827) fsw     ft11, 1744(ra)
core   0: 3 0x0000000080008450 (0x6df0a827) mem 0x000000008000dfe8 0xbf800000
core   0: 0x0000000080008454 (0x6c40bc23) sd      tp, 1752(ra)
core   0: 3 0x0000000080008454 (0x6c40bc23) mem 0x000000008000dff0 0x0000000000000001
core   0: >>>>  inst_38126
core   0: 0x0000000080008458 (0x00100113) li      sp, 1
core   0: 3 0x0000000080008458 (0x00100113) x2  0x0000000000000001
core   0: 0x000000008000845c (0x00c11113) slli    sp, sp, 12
core   0: 3 0x000000008000845c (0x00c11113) x2  0x0000000000001000
core   0: 0x0000000080008460 (0x002181b3) add     gp, gp, sp
core   0: 3 0x0000000080008460 (0x002181b3) x3  0x000000008000b010
core   0: 0x0000000080008464 (0x7281af07) flw     ft10, 1832(gp)
core   0: 3 0x0000000080008464 (0x7281af07) f30 0xffffffff7859914d mem 0x000000008000b738
core   0: 0x0000000080008468 (0x402181b3) sub     gp, gp, sp
core   0: 3 0x0000000080008468 (0x402181b3) x3  0x000000008000a010
core   0: 0x000000008000846c (0x00100113) li      sp, 1
core   0: 3 0x000000008000846c (0x00100113) x2  0x0000000000000001
core   0: 0x0000000080008470 (0x00c11113) slli    sp, sp, 12
core   0: 3 0x0000000080008470 (0x00c11113) x2  0x0000000000001000
core   0: 0x0000000080008474 (0x002181b3) add     gp, gp, sp
core   0: 3 0x0000000080008474 (0x002181b3) x3  0x000000008000b010
core   0: 0x0000000080008478 (0x72c1ae87) flw     ft9, 1836(gp)
core   0: 3 0x0000000080008478 (0x72c1ae87) f29 0xffffffff86969c55 mem 0x000000008000b73c
core   0: 0x000000008000847c (0x402181b3) sub     gp, gp, sp
core   0: 3 0x000000008000847c (0x402181b3) x3  0x000000008000a010
core   0: 0x0000000080008480 (0x00100113) li      sp, 1
core   0: 3 0x0000000080008480 (0x00100113) x2  0x0000000000000001
core   0: 0x0000000080008484 (0x00c11113) slli    sp, sp, 12
core   0: 3 0x0000000080008484 (0x00c11113) x2  0x0000000000001000
core   0: 0x0000000080008488 (0x002181b3) add     gp, gp, sp
core   0: 3 0x0000000080008488 (0x002181b3) x3  0x000000008000b010
core   0: 0x000000008000848c (0x7301ae07) flw     ft8, 1840(gp)
core   0: 3 0x000000008000848c (0x7301ae07) f28 0xffffffffae8001ff mem 0x000000008000b740
core   0: 0x0000000080008490 (0x402181b3) sub     gp, gp, sp
core   0: 3 0x0000000080008490 (0x402181b3) x3  0x000000008000a010
core   0: 0x0000000080008494 (0x00000113) li      sp, 0
core   0: 3 0x0000000080008494 (0x00000113) x2  0x0000000000000000
core   0: 0x0000000080008498 (0x00311073) csrw    fcsr, sp
core   0: 3 0x0000000080008498 (0x00311073) c1_fflags 0x0000000000000000 c2_frm 0x0000000000000000
core   0: 0x000000008000849c (0xe1df7fc3) fmadd.s ft11, ft10, ft9, ft8
core   0: 3 0x000000008000849c (0xe1df7fc3) c1_fflags 0x0000000000000001 f31 0xffffffffbf800000
core   0: 0x00000000800084a0 (0x00302273) csrr    tp, fcsr
core   0: 3 0x00000000800084a0 (0x00302273) x4  0x0000000000000001
core   0: 0x00000000800084a4 (0x6ff0a027) fsw     ft11, 1760(ra)
core   0: 3 0x00000000800084a4 (0x6ff0a027) mem 0x000000008000dff8 0xbf800000
core   0: 0x00000000800084a8 (0x6e40b423) sd      tp, 1768(ra)
core   0: 3 0x00000000800084a8 (0x6e40b423) mem 0x000000008000e000 0x0000000000000001
core   0: >>>>  inst_38127
core   0: 0x00000000800084ac (0x00100113) li      sp, 1
core   0: 3 0x00000000800084ac (0x00100113) x2  0x0000000000000001
core   0: 0x00000000800084b0 (0x00c11113) slli    sp, sp, 12
core   0: 3 0x00000000800084b0 (0x00c11113) x2  0x0000000000001000
core   0: 0x00000000800084b4 (0x002181b3) add     gp, gp, sp
core   0: 3 0x00000000800084b4 (0x002181b3) x3  0x000000008000b010
core   0: 0x00000000800084b8 (0x7341af07) flw     ft10, 1844(gp)
core   0: 3 0x00000000800084b8 (0x7341af07) f30 0xffffffff7859914d mem 0x000000008000b744
core   0: 0x00000000800084bc (0x402181b3) sub     gp, gp, sp
core   0: 3 0x00000000800084bc (0x402181b3) x3  0x000000008000a010
core   0: 0x00000000800084c0 (0x00100113) li      sp, 1
core   0: 3 0x00000000800084c0 (0x00100113) x2  0x0000000000000001
core   0: 0x00000000800084c4 (0x00c11113) slli    sp, sp, 12
core   0: 3 0x00000000800084c4 (0x00c11113) x2  0x0000000000001000
core   0: 0x00000000800084c8 (0x002181b3) add     gp, gp, sp
core   0: 3 0x00000000800084c8 (0x002181b3) x3  0x000000008000b010
core   0: 0x00000000800084cc (0x7381ae87) flw     ft9, 1848(gp)
core   0: 3 0x00000000800084cc (0x7381ae87) f29 0xffffffff86969c55 mem 0x000000008000b748
core   0: 0x00000000800084d0 (0x402181b3) sub     gp, gp, sp
core   0: 3 0x00000000800084d0 (0x402181b3) x3  0x000000008000a010
core   0: 0x00000000800084d4 (0x00100113) li      sp, 1
core   0: 3 0x00000000800084d4 (0x00100113) x2  0x0000000000000001
core   0: 0x00000000800084d8 (0x00c11113) slli    sp, sp, 12
core   0: 3 0x00000000800084d8 (0x00c11113) x2  0x0000000000001000
core   0: 0x00000000800084dc (0x002181b3) add     gp, gp, sp
core   0: 3 0x00000000800084dc (0x002181b3) x3  0x000000008000b010
core   0: 0x00000000800084e0 (0x73c1ae07) flw     ft8, 1852(gp)
core   0: 3 0x00000000800084e0 (0x73c1ae07) f28 0xffffffffae8003ff mem 0x000000008000b74c
core   0: 0x00000000800084e4 (0x402181b3) sub     gp, gp, sp
core   0: 3 0x00000000800084e4 (0x402181b3) x3  0x000000008000a010
core   0: 0x00000000800084e8 (0x00000113) li      sp, 0
core   0: 3 0x00000000800084e8 (0x00000113) x2  0x0000000000000000
core   0: 0x00000000800084ec (0x00311073) csrw    fcsr, sp
core   0: 3 0x00000000800084ec (0x00311073) c1_fflags 0x0000000000000000 c2_frm 0x0000000000000000
core   0: 0x00000000800084f0 (0xe1df7fc3) fmadd.s ft11, ft10, ft9, ft8
core   0: 3 0x00000000800084f0 (0xe1df7fc3) c1_fflags 0x0000000000000001 f31 0xffffffffbf800000
core   0: 0x00000000800084f4 (0x00302273) csrr    tp, fcsr
core   0: 3 0x00000000800084f4 (0x00302273) x4  0x0000000000000001
core   0: 0x00000000800084f8 (0x6ff0a827) fsw     ft11, 1776(ra)
core   0: 3 0x00000000800084f8 (0x6ff0a827) mem 0x000000008000e008 0xbf800000
core   0: 0x00000000800084fc (0x6e40bc23) sd      tp, 1784(ra)
core   0: 3 0x00000000800084fc (0x6e40bc23) mem 0x000000008000e010 0x0000000000000001
core   0: >>>>  inst_38128
core   0: 0x0000000080008500 (0x00100113) li      sp, 1
core   0: 3 0x0000000080008500 (0x00100113) x2  0x0000000000000001
core   0: 0x0000000080008504 (0x00c11113) slli    sp, sp, 12
core   0: 3 0x0000000080008504 (0x00c11113) x2  0x0000000000001000
core   0: 0x0000000080008508 (0x002181b3) add     gp, gp, sp
core   0: 3 0x0000000080008508 (0x002181b3) x3  0x000000008000b010
core   0: 0x000000008000850c (0x7401af07) flw     ft10, 1856(gp)
core   0: 3 0x000000008000850c (0x7401af07) f30 0xffffffff7859914d mem 0x000000008000b750
core   0: 0x0000000080008510 (0x402181b3) sub     gp, gp, sp
core   0: 3 0x0000000080008510 (0x402181b3) x3  0x000000008000a010
core   0: 0x0000000080008514 (0x00100113) li      sp, 1
core   0: 3 0x0000000080008514 (0x00100113) x2  0x0000000000000001
core   0: 0x0000000080008518 (0x00c11113) slli    sp, sp, 12
core   0: 3 0x0000000080008518 (0x00c11113) x2  0x0000000000001000
core   0: 0x000000008000851c (0x002181b3) add     gp, gp, sp
core   0: 3 0x000000008000851c (0x002181b3) x3  0x000000008000b010
core   0: 0x0000000080008520 (0x7441ae87) flw     ft9, 1860(gp)
core   0: 3 0x0000000080008520 (0x7441ae87) f29 0xffffffff86969c55 mem 0x000000008000b754
core   0: 0x0000000080008524 (0x402181b3) sub     gp, gp, sp
core   0: 3 0x0000000080008524 (0x402181b3) x3  0x000000008000a010
core   0: 0x0000000080008528 (0x00100113) li      sp, 1
core   0: 3 0x0000000080008528 (0x00100113) x2  0x0000000000000001
core   0: 0x000000008000852c (0x00c11113) slli    sp, sp, 12
core   0: 3 0x000000008000852c (0x00c11113) x2  0x0000000000001000
core   0: 0x0000000080008530 (0x002181b3) add     gp, gp, sp
core   0: 3 0x0000000080008530 (0x002181b3) x3  0x000000008000b010
core   0: 0x0000000080008534 (0x7481ae07) flw     ft8, 1864(gp)
core   0: 3 0x0000000080008534 (0x7481ae07) f28 0xffffffffae8007ff mem 0x000000008000b758
core   0: 0x0000000080008538 (0x402181b3) sub     gp, gp, sp
core   0: 3 0x0000000080008538 (0x402181b3) x3  0x000000008000a010
core   0: 0x000000008000853c (0x00000113) li      sp, 0
core   0: 3 0x000000008000853c (0x00000113) x2  0x0000000000000000
core   0: 0x0000000080008540 (0x00311073) csrw    fcsr, sp
core   0: 3 0x0000000080008540 (0x00311073) c1_fflags 0x0000000000000000 c2_frm 0x0000000000000000
core   0: 0x0000000080008544 (0xe1df7fc3) fmadd.s ft11, ft10, ft9, ft8
core   0: 3 0x0000000080008544 (0xe1df7fc3) c1_fflags 0x0000000000000001 f31 0xffffffffbf800000
core   0: 0x0000000080008548 (0x00302273) csrr    tp, fcsr
core   0: 3 0x0000000080008548 (0x00302273) x4  0x0000000000000001
core   0: 0x000000008000854c (0x71f0a027) fsw     ft11, 1792(ra)
core   0: 3 0x000000008000854c (0x71f0a027) mem 0x000000008000e018 0xbf800000
core   0: 0x0000000080008550 (0x7040b423) sd      tp, 1800(ra)
core   0: 3 0x0000000080008550 (0x7040b423) mem 0x000000008000e020 0x0000000000000001
core   0: >>>>  cleanup_epilogs
core   0: 0x0000000080008554 (0x0380006f) j       pc + 0x38
core   0: 3 0x0000000080008554 (0x0380006f)
core   0: >>>>  exit_cleanup
core   0: 0x000000008000858c (0x00100093) li      ra, 1
core   0: 3 0x000000008000858c (0x00100093) x1  0x0000000000000001
core   0: 0x0000000080008590 (0x00001397) auipc   t2, 0x1
core   0: 3 0x0000000080008590 (0x00001397) x7  0x0000000080009590
core   0: 0x0000000080008594 (0xa613a823) sw      ra, -1424(t2)
core   0: 3 0x0000000080008594 (0xa613a823) mem 0x0000000080009000 0x00000001
core   0: 0x0000000080008598 (0xff9ff06f) j       pc - 0x8
core   0: 3 0x0000000080008598 (0xff9ff06f)
core   0: 0x0000000080008590 (0x00001397) auipc   t2, 0x1
core   0: 3 0x0000000080008590 (0x00001397) x7  0x0000000080009590
core   0: 0x0000000080008594 (0xa613a823) sw      ra, -1424(t2)
core   0: 3 0x0000000080008594 (0xa613a823) mem 0x0000000080009000 0x00000001
core   0: 0x0000000080008598 (0xff9ff06f) j       pc - 0x8
core   0: 3 0x0000000080008598 (0xff9ff06f)
core   0: 0x0000000080008590 (0x00001397) auipc   t2, 0x1
core   0: 3 0x0000000080008590 (0x00001397) x7  0x0000000080009590
core   0: 0x0000000080008594 (0xa613a823) sw      ra, -1424(t2)
core   0: 3 0x0000000080008594 (0xa613a823) mem 0x0000000080009000 0x00000001
core   0: 0x0000000080008598 (0xff9ff06f) j       pc - 0x8
core   0: 3 0x0000000080008598 (0xff9ff06f)
core   0: 0x0000000080008590 (0x00001397) auipc   t2, 0x1
core   0: 3 0x0000000080008590 (0x00001397) x7  0x0000000080009590
core   0: 0x0000000080008594 (0xa613a823) sw      ra, -1424(t2)
core   0: 3 0x0000000080008594 (0xa613a823) mem 0x0000000080009000 0x00000001
core   0: 0x0000000080008598 (0xff9ff06f) j       pc - 0x8
core   0: 3 0x0000000080008598 (0xff9ff06f)
core   0: 0x0000000080008590 (0x00001397) auipc   t2, 0x1
core   0: 3 0x0000000080008590 (0x00001397) x7  0x0000000080009590
core   0: 0x0000000080008594 (0xa613a823) sw      ra, -1424(t2)
core   0: 3 0x0000000080008594 (0xa613a823) mem 0x0000000080009000 0x00000001
core   0: 0x0000000080008598 (0xff9ff06f) j       pc - 0x8
core   0: 3 0x0000000080008598 (0xff9ff06f)
core   0: 0x0000000080008590 (0x00001397) auipc   t2, 0x1
core   0: 3 0x0000000080008590 (0x00001397) x7  0x0000000080009590
core   0: 0x0000000080008594 (0xa613a823) sw      ra, -1424(t2)
core   0: 3 0x0000000080008594 (0xa613a823) mem 0x0000000080009000 0x00000001
core   0: 0x0000000080008598 (0xff9ff06f) j       pc - 0x8
core   0: 3 0x0000000080008598 (0xff9ff06f)
core   0: 0x0000000080008590 (0x00001397) auipc   t2, 0x1
core   0: 3 0x0000000080008590 (0x00001397) x7  0x0000000080009590
core   0: 0x0000000080008594 (0xa613a823) sw      ra, -1424(t2)
core   0: 3 0x0000000080008594 (0xa613a823) mem 0x0000000080009000 0x00000001
core   0: 0x0000000080008598 (0xff9ff06f) j       pc - 0x8
core   0: 3 0x0000000080008598 (0xff9ff06f)
core   0: 0x0000000080008590 (0x00001397) auipc   t2, 0x1
core   0: 3 0x0000000080008590 (0x00001397) x7  0x0000000080009590
core   0: 0x0000000080008594 (0xa613a823) sw      ra, -1424(t2)
core   0: 3 0x0000000080008594 (0xa613a823) mem 0x0000000080009000 0x00000001
core   0: 0x0000000080008598 (0xff9ff06f) j       pc - 0x8
core   0: 3 0x0000000080008598 (0xff9ff06f)
core   0: 0x0000000080008590 (0x00001397) auipc   t2, 0x1
core   0: 3 0x0000000080008590 (0x00001397) x7  0x0000000080009590
core   0: 0x0000000080008594 (0xa613a823) sw      ra, -1424(t2)
core   0: 3 0x0000000080008594 (0xa613a823) mem 0x0000000080009000 0x00000001
core   0: 0x0000000080008598 (0xff9ff06f) j       pc - 0x8
core   0: 3 0x0000000080008598 (0xff9ff06f)
core   0: 0x0000000080008590 (0x00001397) auipc   t2, 0x1
core   0: 3 0x0000000080008590 (0x00001397) x7  0x0000000080009590
core   0: 0x0000000080008594 (0xa613a823) sw      ra, -1424(t2)
core   0: 3 0x0000000080008594 (0xa613a823) mem 0x0000000080009000 0x00000001
core   0: 0x0000000080008598 (0xff9ff06f) j       pc - 0x8
core   0: 3 0x0000000080008598 (0xff9ff06f)
core   0: 0x0000000080008590 (0x00001397) auipc   t2, 0x1
core   0: 3 0x0000000080008590 (0x00001397) x7  0x0000000080009590
core   0: 0x0000000080008594 (0xa613a823) sw      ra, -1424(t2)
core   0: 3 0x0000000080008594 (0xa613a823) mem 0x0000000080009000 0x00000001
core   0: 0x0000000080008598 (0xff9ff06f) j       pc - 0x8
core   0: 3 0x0000000080008598 (0xff9ff06f)
core   0: 0x0000000080008590 (0x00001397) auipc   t2, 0x1
core   0: 3 0x0000000080008590 (0x00001397) x7  0x0000000080009590
core   0: 0x0000000080008594 (0xa613a823) sw      ra, -1424(t2)
core   0: 3 0x0000000080008594 (0xa613a823) mem 0x0000000080009000 0x00000001
core   0: 0x0000000080008598 (0xff9ff06f) j       pc - 0x8
core   0: 3 0x0000000080008598 (0xff9ff06f)
core   0: 0x0000000080008590 (0x00001397) auipc   t2, 0x1
core   0: 3 0x0000000080008590 (0x00001397) x7  0x0000000080009590
core   0: 0x0000000080008594 (0xa613a823) sw      ra, -1424(t2)
core   0: 3 0x0000000080008594 (0xa613a823) mem 0x0000000080009000 0x00000001
core   0: 0x0000000080008598 (0xff9ff06f) j       pc - 0x8
core   0: 3 0x0000000080008598 (0xff9ff06f)
core   0: 0x0000000080008590 (0x00001397) auipc   t2, 0x1
core   0: 3 0x0000000080008590 (0x00001397) x7  0x0000000080009590
core   0: 0x0000000080008594 (0xa613a823) sw      ra, -1424(t2)
core   0: 3 0x0000000080008594 (0xa613a823) mem 0x0000000080009000 0x00000001
core   0: 0x0000000080008598 (0xff9ff06f) j       pc - 0x8
core   0: 3 0x0000000080008598 (0xff9ff06f)
core   0: 0x0000000080008590 (0x00001397) auipc   t2, 0x1
core   0: 3 0x0000000080008590 (0x00001397) x7  0x0000000080009590
core   0: 0x0000000080008594 (0xa613a823) sw      ra, -1424(t2)
core   0: 3 0x0000000080008594 (0xa613a823) mem 0x0000000080009000 0x00000001
core   0: 0x0000000080008598 (0xff9ff06f) j       pc - 0x8
core   0: 3 0x0000000080008598 (0xff9ff06f)
core   0: 0x0000000080008590 (0x00001397) auipc   t2, 0x1
core   0: 3 0x0000000080008590 (0x00001397) x7  0x0000000080009590
core   0: 0x0000000080008594 (0xa613a823) sw      ra, -1424(t2)
core   0: 3 0x0000000080008594 (0xa613a823) mem 0x0000000080009000 0x00000001
core   0: 0x0000000080008598 (0xff9ff06f) j       pc - 0x8
core   0: 3 0x0000000080008598 (0xff9ff06f)
core   0: 0x0000000080008590 (0x00001397) auipc   t2, 0x1
core   0: 3 0x0000000080008590 (0x00001397) x7  0x0000000080009590
core   0: 0x0000000080008594 (0xa613a823) sw      ra, -1424(t2)
core   0: 3 0x0000000080008594 (0xa613a823) mem 0x0000000080009000 0x00000001
core   0: 0x0000000080008598 (0xff9ff06f) j       pc - 0x8
core   0: 3 0x0000000080008598 (0xff9ff06f)
core   0: 0x0000000080008590 (0x00001397) auipc   t2, 0x1
core   0: 3 0x0000000080008590 (0x00001397) x7  0x0000000080009590
core   0: 0x0000000080008594 (0xa613a823) sw      ra, -1424(t2)
core   0: 3 0x0000000080008594 (0xa613a823) mem 0x0000000080009000 0x00000001
core   0: 0x0000000080008598 (0xff9ff06f) j       pc - 0x8
core   0: 3 0x0000000080008598 (0xff9ff06f)
core   0: 0x0000000080008590 (0x00001397) auipc   t2, 0x1
core   0: 3 0x0000000080008590 (0x00001397) x7  0x0000000080009590
core   0: 0x0000000080008594 (0xa613a823) sw      ra, -1424(t2)
core   0: 3 0x0000000080008594 (0xa613a823) mem 0x0000000080009000 0x00000001
core   0: 0x0000000080008598 (0xff9ff06f) j       pc - 0x8
core   0: 3 0x0000000080008598 (0xff9ff06f)
core   0: 0x0000000080008590 (0x00001397) auipc   t2, 0x1
core   0: 3 0x0000000080008590 (0x00001397) x7  0x0000000080009590
core   0: 0x0000000080008594 (0xa613a823) sw      ra, -1424(t2)
core   0: 3 0x0000000080008594 (0xa613a823) mem 0x0000000080009000 0x00000001
core   0: 0x0000000080008598 (0xff9ff06f) j       pc - 0x8
core   0: 3 0x0000000080008598 (0xff9ff06f)
core   0: 0x0000000080008590 (0x00001397) auipc   t2, 0x1
core   0: 3 0x0000000080008590 (0x00001397) x7  0x0000000080009590
core   0: 0x0000000080008594 (0xa613a823) sw      ra, -1424(t2)
core   0: 3 0x0000000080008594 (0xa613a823) mem 0x0000000080009000 0x00000001
core   0: 0x0000000080008598 (0xff9ff06f) j       pc - 0x8
core   0: 3 0x0000000080008598 (0xff9ff06f)
core   0: 0x0000000080008590 (0x00001397) auipc   t2, 0x1
core   0: 3 0x0000000080008590 (0x00001397) x7  0x0000000080009590
core   0: 0x0000000080008594 (0xa613a823) sw      ra, -1424(t2)
core   0: 3 0x0000000080008594 (0xa613a823) mem 0x0000000080009000 0x00000001
core   0: 0x0000000080008598 (0xff9ff06f) j       pc - 0x8
core   0: 3 0x0000000080008598 (0xff9ff06f)
core   0: 0x0000000080008590 (0x00001397) auipc   t2, 0x1
core   0: 3 0x0000000080008590 (0x00001397) x7  0x0000000080009590
core   0: 0x0000000080008594 (0xa613a823) sw      ra, -1424(t2)
core   0: 3 0x0000000080008594 (0xa613a823) mem 0x0000000080009000 0x00000001
core   0: 0x0000000080008598 (0xff9ff06f) j       pc - 0x8
core   0: 3 0x0000000080008598 (0xff9ff06f)
core   0: 0x0000000080008590 (0x00001397) auipc   t2, 0x1
core   0: 3 0x0000000080008590 (0x00001397) x7  0x0000000080009590
core   0: 0x0000000080008594 (0xa613a823) sw      ra, -1424(t2)
core   0: 3 0x0000000080008594 (0xa613a823) mem 0x0000000080009000 0x00000001
core   0: 0x0000000080008598 (0xff9ff06f) j       pc - 0x8
core   0: 3 0x0000000080008598 (0xff9ff06f)
core   0: 0x0000000080008590 (0x00001397) auipc   t2, 0x1
core   0: 3 0x0000000080008590 (0x00001397) x7  0x0000000080009590
core   0: 0x0000000080008594 (0xa613a823) sw      ra, -1424(t2)
core   0: 3 0x0000000080008594 (0xa613a823) mem 0x0000000080009000 0x00000001
core   0: 0x0000000080008598 (0xff9ff06f) j       pc - 0x8
core   0: 3 0x0000000080008598 (0xff9ff06f)
core   0: 0x0000000080008590 (0x00001397) auipc   t2, 0x1
core   0: 3 0x0000000080008590 (0x00001397) x7  0x0000000080009590
core   0: 0x0000000080008594 (0xa613a823) sw      ra, -1424(t2)
core   0: 3 0x0000000080008594 (0xa613a823) mem 0x0000000080009000 0x00000001
core   0: 0x0000000080008598 (0xff9ff06f) j       pc - 0x8
core   0: 3 0x0000000080008598 (0xff9ff06f)
core   0: 0x0000000080008590 (0x00001397) auipc   t2, 0x1
core   0: 3 0x0000000080008590 (0x00001397) x7  0x0000000080009590
core   0: 0x0000000080008594 (0xa613a823) sw      ra, -1424(t2)
core   0: 3 0x0000000080008594 (0xa613a823) mem 0x0000000080009000 0x00000001
core   0: 0x0000000080008598 (0xff9ff06f) j       pc - 0x8
core   0: 3 0x0000000080008598 (0xff9ff06f)
core   0: 0x0000000080008590 (0x00001397) auipc   t2, 0x1
core   0: 3 0x0000000080008590 (0x00001397) x7  0x0000000080009590
core   0: 0x0000000080008594 (0xa613a823) sw      ra, -1424(t2)
core   0: 3 0x0000000080008594 (0xa613a823) mem 0x0000000080009000 0x00000001
core   0: 0x0000000080008598 (0xff9ff06f) j       pc - 0x8
core   0: 3 0x0000000080008598 (0xff9ff06f)
core   0: 0x0000000080008590 (0x00001397) auipc   t2, 0x1
core   0: 3 0x0000000080008590 (0x00001397) x7  0x0000000080009590
core   0: 0x0000000080008594 (0xa613a823) sw      ra, -1424(t2)
core   0: 3 0x0000000080008594 (0xa613a823) mem 0x0000000080009000 0x00000001
core   0: 0x0000000080008598 (0xff9ff06f) j       pc - 0x8
core   0: 3 0x0000000080008598 (0xff9ff06f)
core   0: 0x0000000080008590 (0x00001397) auipc   t2, 0x1
core   0: 3 0x0000000080008590 (0x00001397) x7  0x0000000080009590
core   0: 0x0000000080008594 (0xa613a823) sw      ra, -1424(t2)
core   0: 3 0x0000000080008594 (0xa613a823) mem 0x0000000080009000 0x00000001
core   0: 0x0000000080008598 (0xff9ff06f) j       pc - 0x8
core   0: 3 0x0000000080008598 (0xff9ff06f)
core   0: 0x0000000080008590 (0x00001397) auipc   t2, 0x1
core   0: 3 0x0000000080008590 (0x00001397) x7  0x0000000080009590
core   0: 0x0000000080008594 (0xa613a823) sw      ra, -1424(t2)
core   0: 3 0x0000000080008594 (0xa613a823) mem 0x0000000080009000 0x00000001
core   0: 0x0000000080008598 (0xff9ff06f) j       pc - 0x8
core   0: 3 0x0000000080008598 (0xff9ff06f)
core   0: 0x0000000080008590 (0x00001397) auipc   t2, 0x1
core   0: 3 0x0000000080008590 (0x00001397) x7  0x0000000080009590
core   0: 0x0000000080008594 (0xa613a823) sw      ra, -1424(t2)
core   0: 3 0x0000000080008594 (0xa613a823) mem 0x0000000080009000 0x00000001
core   0: 0x0000000080008598 (0xff9ff06f) j       pc - 0x8
core   0: 3 0x0000000080008598 (0xff9ff06f)
core   0: 0x0000000080008590 (0x00001397) auipc   t2, 0x1
core   0: 3 0x0000000080008590 (0x00001397) x7  0x0000000080009590
core   0: 0x0000000080008594 (0xa613a823) sw      ra, -1424(t2)
core   0: 3 0x0000000080008594 (0xa613a823) mem 0x0000000080009000 0x00000001
core   0: 0x0000000080008598 (0xff9ff06f) j       pc - 0x8
core   0: 3 0x0000000080008598 (0xff9ff06f)
core   0: 0x0000000080008590 (0x00001397) auipc   t2, 0x1
core   0: 3 0x0000000080008590 (0x00001397) x7  0x0000000080009590
core   0: 0x0000000080008594 (0xa613a823) sw      ra, -1424(t2)
core   0: 3 0x0000000080008594 (0xa613a823) mem 0x0000000080009000 0x00000001
core   0: 0x0000000080008598 (0xff9ff06f) j       pc - 0x8
core   0: 3 0x0000000080008598 (0xff9ff06f)
core   0: 0x0000000080008590 (0x00001397) auipc   t2, 0x1
core   0: 3 0x0000000080008590 (0x00001397) x7  0x0000000080009590
core   0: 0x0000000080008594 (0xa613a823) sw      ra, -1424(t2)
core   0: 3 0x0000000080008594 (0xa613a823) mem 0x0000000080009000 0x00000001
core   0: 0x0000000080008598 (0xff9ff06f) j       pc - 0x8
core   0: 3 0x0000000080008598 (0xff9ff06f)
core   0: 0x0000000080008590 (0x00001397) auipc   t2, 0x1
core   0: 3 0x0000000080008590 (0x00001397) x7  0x0000000080009590
core   0: 0x0000000080008594 (0xa613a823) sw      ra, -1424(t2)
core   0: 3 0x0000000080008594 (0xa613a823) mem 0x0000000080009000 0x00000001
core   0: 0x0000000080008598 (0xff9ff06f) j       pc - 0x8
core   0: 3 0x0000000080008598 (0xff9ff06f)
core   0: 0x0000000080008590 (0x00001397) auipc   t2, 0x1
core   0: 3 0x0000000080008590 (0x00001397) x7  0x0000000080009590
core   0: 0x0000000080008594 (0xa613a823) sw      ra, -1424(t2)
core   0: 3 0x0000000080008594 (0xa613a823) mem 0x0000000080009000 0x00000001
core   0: 0x0000000080008598 (0xff9ff06f) j       pc - 0x8
core   0: 3 0x0000000080008598 (0xff9ff06f)
core   0: 0x0000000080008590 (0x00001397) auipc   t2, 0x1
core   0: 3 0x0000000080008590 (0x00001397) x7  0x0000000080009590
core   0: 0x0000000080008594 (0xa613a823) sw      ra, -1424(t2)
core   0: 3 0x0000000080008594 (0xa613a823) mem 0x0000000080009000 0x00000001
core   0: 0x0000000080008598 (0xff9ff06f) j       pc - 0x8
core   0: 3 0x0000000080008598 (0xff9ff06f)
core   0: 0x0000000080008590 (0x00001397) auipc   t2, 0x1
core   0: 3 0x0000000080008590 (0x00001397) x7  0x0000000080009590
core   0: 0x0000000080008594 (0xa613a823) sw      ra, -1424(t2)
core   0: 3 0x0000000080008594 (0xa613a823) mem 0x0000000080009000 0x00000001
core   0: 0x0000000080008598 (0xff9ff06f) j       pc - 0x8
core   0: 3 0x0000000080008598 (0xff9ff06f)
core   0: 0x0000000080008590 (0x00001397) auipc   t2, 0x1
core   0: 3 0x0000000080008590 (0x00001397) x7  0x0000000080009590
core   0: 0x0000000080008594 (0xa613a823) sw      ra, -1424(t2)
core   0: 3 0x0000000080008594 (0xa613a823) mem 0x0000000080009000 0x00000001
core   0: 0x0000000080008598 (0xff9ff06f) j       pc - 0x8
core   0: 3 0x0000000080008598 (0xff9ff06f)
core   0: 0x0000000080008590 (0x00001397) auipc   t2, 0x1
core   0: 3 0x0000000080008590 (0x00001397) x7  0x0000000080009590
core   0: 0x0000000080008594 (0xa613a823) sw      ra, -1424(t2)
core   0: 3 0x0000000080008594 (0xa613a823) mem 0x0000000080009000 0x00000001
core   0: 0x0000000080008598 (0xff9ff06f) j       pc - 0x8
core   0: 3 0x0000000080008598 (0xff9ff06f)
core   0: 0x0000000080008590 (0x00001397) auipc   t2, 0x1
core   0: 3 0x0000000080008590 (0x00001397) x7  0x0000000080009590
core   0: 0x0000000080008594 (0xa613a823) sw      ra, -1424(t2)
core   0: 3 0x0000000080008594 (0xa613a823) mem 0x0000000080009000 0x00000001
core   0: 0x0000000080008598 (0xff9ff06f) j       pc - 0x8
core   0: 3 0x0000000080008598 (0xff9ff06f)
core   0: 0x0000000080008590 (0x00001397) auipc   t2, 0x1
core   0: 3 0x0000000080008590 (0x00001397) x7  0x0000000080009590
core   0: 0x0000000080008594 (0xa613a823) sw      ra, -1424(t2)
core   0: 3 0x0000000080008594 (0xa613a823) mem 0x0000000080009000 0x00000001
core   0: 0x0000000080008598 (0xff9ff06f) j       pc - 0x8
core   0: 3 0x0000000080008598 (0xff9ff06f)
core   0: 0x0000000080008590 (0x00001397) auipc   t2, 0x1
core   0: 3 0x0000000080008590 (0x00001397) x7  0x0000000080009590
core   0: 0x0000000080008594 (0xa613a823) sw      ra, -1424(t2)
core   0: 3 0x0000000080008594 (0xa613a823) mem 0x0000000080009000 0x00000001
core   0: 0x0000000080008598 (0xff9ff06f) j       pc - 0x8
core   0: 3 0x0000000080008598 (0xff9ff06f)
core   0: 0x0000000080008590 (0x00001397) auipc   t2, 0x1
core   0: 3 0x0000000080008590 (0x00001397) x7  0x0000000080009590
core   0: 0x0000000080008594 (0xa613a823) sw      ra, -1424(t2)
core   0: 3 0x0000000080008594 (0xa613a823) mem 0x0000000080009000 0x00000001
core   0: 0x0000000080008598 (0xff9ff06f) j       pc - 0x8
core   0: 3 0x0000000080008598 (0xff9ff06f)
core   0: 0x0000000080008590 (0x00001397) auipc   t2, 0x1
core   0: 3 0x0000000080008590 (0x00001397) x7  0x0000000080009590
core   0: 0x0000000080008594 (0xa613a823) sw      ra, -1424(t2)
core   0: 3 0x0000000080008594 (0xa613a823) mem 0x0000000080009000 0x00000001
core   0: 0x0000000080008598 (0xff9ff06f) j       pc - 0x8
core   0: 3 0x0000000080008598 (0xff9ff06f)
core   0: 0x0000000080008590 (0x00001397) auipc   t2, 0x1
core   0: 3 0x0000000080008590 (0x00001397) x7  0x0000000080009590
core   0: 0x0000000080008594 (0xa613a823) sw      ra, -1424(t2)
core   0: 3 0x0000000080008594 (0xa613a823) mem 0x0000000080009000 0x00000001
core   0: 0x0000000080008598 (0xff9ff06f) j       pc - 0x8
core   0: 3 0x0000000080008598 (0xff9ff06f)
core   0: 0x0000000080008590 (0x00001397) auipc   t2, 0x1
core   0: 3 0x0000000080008590 (0x00001397) x7  0x0000000080009590
core   0: 0x0000000080008594 (0xa613a823) sw      ra, -1424(t2)
core   0: 3 0x0000000080008594 (0xa613a823) mem 0x0000000080009000 0x00000001
core   0: 0x0000000080008598 (0xff9ff06f) j       pc - 0x8
core   0: 3 0x0000000080008598 (0xff9ff06f)
core   0: 0x0000000080008590 (0x00001397) auipc   t2, 0x1
core   0: 3 0x0000000080008590 (0x00001397) x7  0x0000000080009590
core   0: 0x0000000080008594 (0xa613a823) sw      ra, -1424(t2)
core   0: 3 0x0000000080008594 (0xa613a823) mem 0x0000000080009000 0x00000001
core   0: 0x0000000080008598 (0xff9ff06f) j       pc - 0x8
core   0: 3 0x0000000080008598 (0xff9ff06f)
core   0: 0x0000000080008590 (0x00001397) auipc   t2, 0x1
core   0: 3 0x0000000080008590 (0x00001397) x7  0x0000000080009590
core   0: 0x0000000080008594 (0xa613a823) sw      ra, -1424(t2)
core   0: 3 0x0000000080008594 (0xa613a823) mem 0x0000000080009000 0x00000001
core   0: 0x0000000080008598 (0xff9ff06f) j       pc - 0x8
core   0: 3 0x0000000080008598 (0xff9ff06f)
core   0: 0x0000000080008590 (0x00001397) auipc   t2, 0x1
core   0: 3 0x0000000080008590 (0x00001397) x7  0x0000000080009590
core   0: 0x0000000080008594 (0xa613a823) sw      ra, -1424(t2)
core   0: 3 0x0000000080008594 (0xa613a823) mem 0x0000000080009000 0x00000001
core   0: 0x0000000080008598 (0xff9ff06f) j       pc - 0x8
core   0: 3 0x0000000080008598 (0xff9ff06f)
core   0: 0x0000000080008590 (0x00001397) auipc   t2, 0x1
core   0: 3 0x0000000080008590 (0x00001397) x7  0x0000000080009590
core   0: 0x0000000080008594 (0xa613a823) sw      ra, -1424(t2)
core   0: 3 0x0000000080008594 (0xa613a823) mem 0x0000000080009000 0x00000001
core   0: 0x0000000080008598 (0xff9ff06f) j       pc - 0x8
core   0: 3 0x0000000080008598 (0xff9ff06f)
core   0: 0x0000000080008590 (0x00001397) auipc   t2, 0x1
core   0: 3 0x0000000080008590 (0x00001397) x7  0x0000000080009590
core   0: 0x0000000080008594 (0xa613a823) sw      ra, -1424(t2)
core   0: 3 0x0000000080008594 (0xa613a823) mem 0x0000000080009000 0x00000001
core   0: 0x0000000080008598 (0xff9ff06f) j       pc - 0x8
core   0: 3 0x0000000080008598 (0xff9ff06f)
core   0: 0x0000000080008590 (0x00001397) auipc   t2, 0x1
core   0: 3 0x0000000080008590 (0x00001397) x7  0x0000000080009590
core   0: 0x0000000080008594 (0xa613a823) sw      ra, -1424(t2)
core   0: 3 0x0000000080008594 (0xa613a823) mem 0x0000000080009000 0x00000001
core   0: 0x0000000080008598 (0xff9ff06f) j       pc - 0x8
core   0: 3 0x0000000080008598 (0xff9ff06f)
core   0: 0x0000000080008590 (0x00001397) auipc   t2, 0x1
core   0: 3 0x0000000080008590 (0x00001397) x7  0x0000000080009590
core   0: 0x0000000080008594 (0xa613a823) sw      ra, -1424(t2)
core   0: 3 0x0000000080008594 (0xa613a823) mem 0x0000000080009000 0x00000001
core   0: 0x0000000080008598 (0xff9ff06f) j       pc - 0x8
core   0: 3 0x0000000080008598 (0xff9ff06f)
core   0: 0x0000000080008590 (0x00001397) auipc   t2, 0x1
core   0: 3 0x0000000080008590 (0x00001397) x7  0x0000000080009590
core   0: 0x0000000080008594 (0xa613a823) sw      ra, -1424(t2)
core   0: 3 0x0000000080008594 (0xa613a823) mem 0x0000000080009000 0x00000001
core   0: 0x0000000080008598 (0xff9ff06f) j       pc - 0x8
core   0: 3 0x0000000080008598 (0xff9ff06f)
core   0: 0x0000000080008590 (0x00001397) auipc   t2, 0x1
core   0: 3 0x0000000080008590 (0x00001397) x7  0x0000000080009590
core   0: 0x0000000080008594 (0xa613a823) sw      ra, -1424(t2)
core   0: 3 0x0000000080008594 (0xa613a823) mem 0x0000000080009000 0x00000001
core   0: 0x0000000080008598 (0xff9ff06f) j       pc - 0x8
core   0: 3 0x0000000080008598 (0xff9ff06f)
core   0: 0x0000000080008590 (0x00001397) auipc   t2, 0x1
core   0: 3 0x0000000080008590 (0x00001397) x7  0x0000000080009590
core   0: 0x0000000080008594 (0xa613a823) sw      ra, -1424(t2)
core   0: 3 0x0000000080008594 (0xa613a823) mem 0x0000000080009000 0x00000001
core   0: 0x0000000080008598 (0xff9ff06f) j       pc - 0x8
core   0: 3 0x0000000080008598 (0xff9ff06f)
core   0: 0x0000000080008590 (0x00001397) auipc   t2, 0x1
core   0: 3 0x0000000080008590 (0x00001397) x7  0x0000000080009590
core   0: 0x0000000080008594 (0xa613a823) sw      ra, -1424(t2)
core   0: 3 0x0000000080008594 (0xa613a823) mem 0x0000000080009000 0x00000001
core   0: 0x0000000080008598 (0xff9ff06f) j       pc - 0x8
core   0: 3 0x0000000080008598 (0xff9ff06f)
core   0: 0x0000000080008590 (0x00001397) auipc   t2, 0x1
core   0: 3 0x0000000080008590 (0x00001397) x7  0x0000000080009590
core   0: 0x0000000080008594 (0xa613a823) sw      ra, -1424(t2)
core   0: 3 0x0000000080008594 (0xa613a823) mem 0x0000000080009000 0x00000001
core   0: 0x0000000080008598 (0xff9ff06f) j       pc - 0x8
core   0: 3 0x0000000080008598 (0xff9ff06f)
core   0: 0x0000000080008590 (0x00001397) auipc   t2, 0x1
core   0: 3 0x0000000080008590 (0x00001397) x7  0x0000000080009590
core   0: 0x0000000080008594 (0xa613a823) sw      ra, -1424(t2)
core   0: 3 0x0000000080008594 (0xa613a823) mem 0x0000000080009000 0x00000001
core   0: 0x0000000080008598 (0xff9ff06f) j       pc - 0x8
core   0: 3 0x0000000080008598 (0xff9ff06f)
core   0: 0x0000000080008590 (0x00001397) auipc   t2, 0x1
core   0: 3 0x0000000080008590 (0x00001397) x7  0x0000000080009590
core   0: 0x0000000080008594 (0xa613a823) sw      ra, -1424(t2)
core   0: 3 0x0000000080008594 (0xa613a823) mem 0x0000000080009000 0x00000001
core   0: 0x0000000080008598 (0xff9ff06f) j       pc - 0x8
core   0: 3 0x0000000080008598 (0xff9ff06f)
core   0: 0x0000000080008590 (0x00001397) auipc   t2, 0x1
core   0: 3 0x0000000080008590 (0x00001397) x7  0x0000000080009590
core   0: 0x0000000080008594 (0xa613a823) sw      ra, -1424(t2)
core   0: 3 0x0000000080008594 (0xa613a823) mem 0x0000000080009000 0x00000001
core   0: 0x0000000080008598 (0xff9ff06f) j       pc - 0x8
core   0: 3 0x0000000080008598 (0xff9ff06f)
core   0: 0x0000000080008590 (0x00001397) auipc   t2, 0x1
core   0: 3 0x0000000080008590 (0x00001397) x7  0x0000000080009590
core   0: 0x0000000080008594 (0xa613a823) sw      ra, -1424(t2)
core   0: 3 0x0000000080008594 (0xa613a823) mem 0x0000000080009000 0x00000001
core   0: 0x0000000080008598 (0xff9ff06f) j       pc - 0x8
core   0: 3 0x0000000080008598 (0xff9ff06f)
core   0: 0x0000000080008590 (0x00001397) auipc   t2, 0x1
core   0: 3 0x0000000080008590 (0x00001397) x7  0x0000000080009590
core   0: 0x0000000080008594 (0xa613a823) sw      ra, -1424(t2)
core   0: 3 0x0000000080008594 (0xa613a823) mem 0x0000000080009000 0x00000001
core   0: 0x0000000080008598 (0xff9ff06f) j       pc - 0x8
core   0: 3 0x0000000080008598 (0xff9ff06f)
core   0: 0x0000000080008590 (0x00001397) auipc   t2, 0x1
core   0: 3 0x0000000080008590 (0x00001397) x7  0x0000000080009590
core   0: 0x0000000080008594 (0xa613a823) sw      ra, -1424(t2)
core   0: 3 0x0000000080008594 (0xa613a823) mem 0x0000000080009000 0x00000001
core   0: 0x0000000080008598 (0xff9ff06f) j       pc - 0x8
core   0: 3 0x0000000080008598 (0xff9ff06f)
core   0: 0x0000000080008590 (0x00001397) auipc   t2, 0x1
core   0: 3 0x0000000080008590 (0x00001397) x7  0x0000000080009590
core   0: 0x0000000080008594 (0xa613a823) sw      ra, -1424(t2)
core   0: 3 0x0000000080008594 (0xa613a823) mem 0x0000000080009000 0x00000001
core   0: 0x0000000080008598 (0xff9ff06f) j       pc - 0x8
core   0: 3 0x0000000080008598 (0xff9ff06f)
core   0: 0x0000000080008590 (0x00001397) auipc   t2, 0x1
core   0: 3 0x0000000080008590 (0x00001397) x7  0x0000000080009590
core   0: 0x0000000080008594 (0xa613a823) sw      ra, -1424(t2)
core   0: 3 0x0000000080008594 (0xa613a823) mem 0x0000000080009000 0x00000001
core   0: 0x0000000080008598 (0xff9ff06f) j       pc - 0x8
core   0: 3 0x0000000080008598 (0xff9ff06f)
core   0: 0x0000000080008590 (0x00001397) auipc   t2, 0x1
core   0: 3 0x0000000080008590 (0x00001397) x7  0x0000000080009590
core   0: 0x0000000080008594 (0xa613a823) sw      ra, -1424(t2)
core   0: 3 0x0000000080008594 (0xa613a823) mem 0x0000000080009000 0x00000001
core   0: 0x0000000080008598 (0xff9ff06f) j       pc - 0x8
core   0: 3 0x0000000080008598 (0xff9ff06f)
core   0: 0x0000000080008590 (0x00001397) auipc   t2, 0x1
core   0: 3 0x0000000080008590 (0x00001397) x7  0x0000000080009590
core   0: 0x0000000080008594 (0xa613a823) sw      ra, -1424(t2)
core   0: 3 0x0000000080008594 (0xa613a823) mem 0x0000000080009000 0x00000001
core   0: 0x0000000080008598 (0xff9ff06f) j       pc - 0x8
core   0: 3 0x0000000080008598 (0xff9ff06f)
core   0: 0x0000000080008590 (0x00001397) auipc   t2, 0x1
core   0: 3 0x0000000080008590 (0x00001397) x7  0x0000000080009590
core   0: 0x0000000080008594 (0xa613a823) sw      ra, -1424(t2)
core   0: 3 0x0000000080008594 (0xa613a823) mem 0x0000000080009000 0x00000001
core   0: 0x0000000080008598 (0xff9ff06f) j       pc - 0x8
core   0: 3 0x0000000080008598 (0xff9ff06f)
core   0: 0x0000000080008590 (0x00001397) auipc   t2, 0x1
core   0: 3 0x0000000080008590 (0x00001397) x7  0x0000000080009590
core   0: 0x0000000080008594 (0xa613a823) sw      ra, -1424(t2)
core   0: 3 0x0000000080008594 (0xa613a823) mem 0x0000000080009000 0x00000001
core   0: 0x0000000080008598 (0xff9ff06f) j       pc - 0x8
core   0: 3 0x0000000080008598 (0xff9ff06f)
core   0: 0x0000000080008590 (0x00001397) auipc   t2, 0x1
core   0: 3 0x0000000080008590 (0x00001397) x7  0x0000000080009590
core   0: 0x0000000080008594 (0xa613a823) sw      ra, -1424(t2)
core   0: 3 0x0000000080008594 (0xa613a823) mem 0x0000000080009000 0x00000001
core   0: 0x0000000080008598 (0xff9ff06f) j       pc - 0x8
core   0: 3 0x0000000080008598 (0xff9ff06f)
core   0: 0x0000000080008590 (0x00001397) auipc   t2, 0x1
core   0: 3 0x0000000080008590 (0x00001397) x7  0x0000000080009590
core   0: 0x0000000080008594 (0xa613a823) sw      ra, -1424(t2)
core   0: 3 0x0000000080008594 (0xa613a823) mem 0x0000000080009000 0x00000001
core   0: 0x0000000080008598 (0xff9ff06f) j       pc - 0x8
core   0: 3 0x0000000080008598 (0xff9ff06f)
core   0: 0x0000000080008590 (0x00001397) auipc   t2, 0x1
core   0: 3 0x0000000080008590 (0x00001397) x7  0x0000000080009590
core   0: 0x0000000080008594 (0xa613a823) sw      ra, -1424(t2)
core   0: 3 0x0000000080008594 (0xa613a823) mem 0x0000000080009000 0x00000001
core   0: 0x0000000080008598 (0xff9ff06f) j       pc - 0x8
core   0: 3 0x0000000080008598 (0xff9ff06f)
core   0: 0x0000000080008590 (0x00001397) auipc   t2, 0x1
core   0: 3 0x0000000080008590 (0x00001397) x7  0x0000000080009590
core   0: 0x0000000080008594 (0xa613a823) sw      ra, -1424(t2)
core   0: 3 0x0000000080008594 (0xa613a823) mem 0x0000000080009000 0x00000001
core   0: 0x0000000080008598 (0xff9ff06f) j       pc - 0x8
core   0: 3 0x0000000080008598 (0xff9ff06f)
core   0: 0x0000000080008590 (0x00001397) auipc   t2, 0x1
core   0: 3 0x0000000080008590 (0x00001397) x7  0x0000000080009590
core   0: 0x0000000080008594 (0xa613a823) sw      ra, -1424(t2)
core   0: 3 0x0000000080008594 (0xa613a823) mem 0x0000000080009000 0x00000001
core   0: 0x0000000080008598 (0xff9ff06f) j       pc - 0x8
core   0: 3 0x0000000080008598 (0xff9ff06f)
core   0: 0x0000000080008590 (0x00001397) auipc   t2, 0x1
core   0: 3 0x0000000080008590 (0x00001397) x7  0x0000000080009590
core   0: 0x0000000080008594 (0xa613a823) sw      ra, -1424(t2)
core   0: 3 0x0000000080008594 (0xa613a823) mem 0x0000000080009000 0x00000001
core   0: 0x0000000080008598 (0xff9ff06f) j       pc - 0x8
core   0: 3 0x0000000080008598 (0xff9ff06f)
core   0: 0x0000000080008590 (0x00001397) auipc   t2, 0x1
core   0: 3 0x0000000080008590 (0x00001397) x7  0x0000000080009590
core   0: 0x0000000080008594 (0xa613a823) sw      ra, -1424(t2)
core   0: 3 0x0000000080008594 (0xa613a823) mem 0x0000000080009000 0x00000001
core   0: 0x0000000080008598 (0xff9ff06f) j       pc - 0x8
core   0: 3 0x0000000080008598 (0xff9ff06f)
core   0: 0x0000000080008590 (0x00001397) auipc   t2, 0x1
core   0: 3 0x0000000080008590 (0x00001397) x7  0x0000000080009590
core   0: 0x0000000080008594 (0xa613a823) sw      ra, -1424(t2)
core   0: 3 0x0000000080008594 (0xa613a823) mem 0x0000000080009000 0x00000001
core   0: 0x0000000080008598 (0xff9ff06f) j       pc - 0x8
core   0: 3 0x0000000080008598 (0xff9ff06f)
core   0: 0x0000000080008590 (0x00001397) auipc   t2, 0x1
core   0: 3 0x0000000080008590 (0x00001397) x7  0x0000000080009590
core   0: 0x0000000080008594 (0xa613a823) sw      ra, -1424(t2)
core   0: 3 0x0000000080008594 (0xa613a823) mem 0x0000000080009000 0x00000001
core   0: 0x0000000080008598 (0xff9ff06f) j       pc - 0x8
core   0: 3 0x0000000080008598 (0xff9ff06f)
core   0: 0x0000000080008590 (0x00001397) auipc   t2, 0x1
core   0: 3 0x0000000080008590 (0x00001397) x7  0x0000000080009590
core   0: 0x0000000080008594 (0xa613a823) sw      ra, -1424(t2)
core   0: 3 0x0000000080008594 (0xa613a823) mem 0x0000000080009000 0x00000001
core   0: 0x0000000080008598 (0xff9ff06f) j       pc - 0x8
core   0: 3 0x0000000080008598 (0xff9ff06f)
core   0: 0x0000000080008590 (0x00001397) auipc   t2, 0x1
core   0: 3 0x0000000080008590 (0x00001397) x7  0x0000000080009590
core   0: 0x0000000080008594 (0xa613a823) sw      ra, -1424(t2)
core   0: 3 0x0000000080008594 (0xa613a823) mem 0x0000000080009000 0x00000001
core   0: 0x0000000080008598 (0xff9ff06f) j       pc - 0x8
core   0: 3 0x0000000080008598 (0xff9ff06f)
core   0: 0x0000000080008590 (0x00001397) auipc   t2, 0x1
core   0: 3 0x0000000080008590 (0x00001397) x7  0x0000000080009590
core   0: 0x0000000080008594 (0xa613a823) sw      ra, -1424(t2)
core   0: 3 0x0000000080008594 (0xa613a823) mem 0x0000000080009000 0x00000001
core   0: 0x0000000080008598 (0xff9ff06f) j       pc - 0x8
core   0: 3 0x0000000080008598 (0xff9ff06f)
core   0: 0x0000000080008590 (0x00001397) auipc   t2, 0x1
core   0: 3 0x0000000080008590 (0x00001397) x7  0x0000000080009590
core   0: 0x0000000080008594 (0xa613a823) sw      ra, -1424(t2)
core   0: 3 0x0000000080008594 (0xa613a823) mem 0x0000000080009000 0x00000001
core   0: 0x0000000080008598 (0xff9ff06f) j       pc - 0x8
core   0: 3 0x0000000080008598 (0xff9ff06f)
core   0: 0x0000000080008590 (0x00001397) auipc   t2, 0x1
core   0: 3 0x0000000080008590 (0x00001397) x7  0x0000000080009590
core   0: 0x0000000080008594 (0xa613a823) sw      ra, -1424(t2)
core   0: 3 0x0000000080008594 (0xa613a823) mem 0x0000000080009000 0x00000001
core   0: 0x0000000080008598 (0xff9ff06f) j       pc - 0x8
core   0: 3 0x0000000080008598 (0xff9ff06f)
core   0: 0x0000000080008590 (0x00001397) auipc   t2, 0x1
core   0: 3 0x0000000080008590 (0x00001397) x7  0x0000000080009590
core   0: 0x0000000080008594 (0xa613a823) sw      ra, -1424(t2)
core   0: 3 0x0000000080008594 (0xa613a823) mem 0x0000000080009000 0x00000001
core   0: 0x0000000080008598 (0xff9ff06f) j       pc - 0x8
core   0: 3 0x0000000080008598 (0xff9ff06f)
core   0: 0x0000000080008590 (0x00001397) auipc   t2, 0x1
core   0: 3 0x0000000080008590 (0x00001397) x7  0x0000000080009590
core   0: 0x0000000080008594 (0xa613a823) sw      ra, -1424(t2)
core   0: 3 0x0000000080008594 (0xa613a823) mem 0x0000000080009000 0x00000001
core   0: 0x0000000080008598 (0xff9ff06f) j       pc - 0x8
core   0: 3 0x0000000080008598 (0xff9ff06f)
core   0: 0x0000000080008590 (0x00001397) auipc   t2, 0x1
core   0: 3 0x0000000080008590 (0x00001397) x7  0x0000000080009590
core   0: 0x0000000080008594 (0xa613a823) sw      ra, -1424(t2)
core   0: 3 0x0000000080008594 (0xa613a823) mem 0x0000000080009000 0x00000001
core   0: 0x0000000080008598 (0xff9ff06f) j       pc - 0x8
core   0: 3 0x0000000080008598 (0xff9ff06f)
core   0: 0x0000000080008590 (0x00001397) auipc   t2, 0x1
core   0: 3 0x0000000080008590 (0x00001397) x7  0x0000000080009590
core   0: 0x0000000080008594 (0xa613a823) sw      ra, -1424(t2)
core   0: 3 0x0000000080008594 (0xa613a823) mem 0x0000000080009000 0x00000001
core   0: 0x0000000080008598 (0xff9ff06f) j       pc - 0x8
core   0: 3 0x0000000080008598 (0xff9ff06f)
core   0: 0x0000000080008590 (0x00001397) auipc   t2, 0x1
core   0: 3 0x0000000080008590 (0x00001397) x7  0x0000000080009590
core   0: 0x0000000080008594 (0xa613a823) sw      ra, -1424(t2)
core   0: 3 0x0000000080008594 (0xa613a823) mem 0x0000000080009000 0x00000001
core   0: 0x0000000080008598 (0xff9ff06f) j       pc - 0x8
core   0: 3 0x0000000080008598 (0xff9ff06f)
core   0: 0x0000000080008590 (0x00001397) auipc   t2, 0x1
core   0: 3 0x0000000080008590 (0x00001397) x7  0x0000000080009590
core   0: 0x0000000080008594 (0xa613a823) sw      ra, -1424(t2)
core   0: 3 0x0000000080008594 (0xa613a823) mem 0x0000000080009000 0x00000001
core   0: 0x0000000080008598 (0xff9ff06f) j       pc - 0x8
core   0: 3 0x0000000080008598 (0xff9ff06f)
core   0: 0x0000000080008590 (0x00001397) auipc   t2, 0x1
core   0: 3 0x0000000080008590 (0x00001397) x7  0x0000000080009590
core   0: 0x0000000080008594 (0xa613a823) sw      ra, -1424(t2)
core   0: 3 0x0000000080008594 (0xa613a823) mem 0x0000000080009000 0x00000001
core   0: 0x0000000080008598 (0xff9ff06f) j       pc - 0x8
core   0: 3 0x0000000080008598 (0xff9ff06f)
core   0: 0x0000000080008590 (0x00001397) auipc   t2, 0x1
core   0: 3 0x0000000080008590 (0x00001397) x7  0x0000000080009590
core   0: 0x0000000080008594 (0xa613a823) sw      ra, -1424(t2)
core   0: 3 0x0000000080008594 (0xa613a823) mem 0x0000000080009000 0x00000001
core   0: 0x0000000080008598 (0xff9ff06f) j       pc - 0x8
core   0: 3 0x0000000080008598 (0xff9ff06f)
core   0: 0x0000000080008590 (0x00001397) auipc   t2, 0x1
core   0: 3 0x0000000080008590 (0x00001397) x7  0x0000000080009590
core   0: 0x0000000080008594 (0xa613a823) sw      ra, -1424(t2)
core   0: 3 0x0000000080008594 (0xa613a823) mem 0x0000000080009000 0x00000001
core   0: 0x0000000080008598 (0xff9ff06f) j       pc - 0x8
core   0: 3 0x0000000080008598 (0xff9ff06f)
core   0: 0x0000000080008590 (0x00001397) auipc   t2, 0x1
core   0: 3 0x0000000080008590 (0x00001397) x7  0x0000000080009590
core   0: 0x0000000080008594 (0xa613a823) sw      ra, -1424(t2)
core   0: 3 0x0000000080008594 (0xa613a823) mem 0x0000000080009000 0x00000001
core   0: 0x0000000080008598 (0xff9ff06f) j       pc - 0x8
core   0: 3 0x0000000080008598 (0xff9ff06f)
core   0: 0x0000000080008590 (0x00001397) auipc   t2, 0x1
core   0: 3 0x0000000080008590 (0x00001397) x7  0x0000000080009590
core   0: 0x0000000080008594 (0xa613a823) sw      ra, -1424(t2)
core   0: 3 0x0000000080008594 (0xa613a823) mem 0x0000000080009000 0x00000001
core   0: 0x0000000080008598 (0xff9ff06f) j       pc - 0x8
core   0: 3 0x0000000080008598 (0xff9ff06f)
core   0: 0x0000000080008590 (0x00001397) auipc   t2, 0x1
core   0: 3 0x0000000080008590 (0x00001397) x7  0x0000000080009590
core   0: 0x0000000080008594 (0xa613a823) sw      ra, -1424(t2)
core   0: 3 0x0000000080008594 (0xa613a823) mem 0x0000000080009000 0x00000001
core   0: 0x0000000080008598 (0xff9ff06f) j       pc - 0x8
core   0: 3 0x0000000080008598 (0xff9ff06f)
core   0: 0x0000000080008590 (0x00001397) auipc   t2, 0x1
core   0: 3 0x0000000080008590 (0x00001397) x7  0x0000000080009590
core   0: 0x0000000080008594 (0xa613a823) sw      ra, -1424(t2)
core   0: 3 0x0000000080008594 (0xa613a823) mem 0x0000000080009000 0x00000001
core   0: 0x0000000080008598 (0xff9ff06f) j       pc - 0x8
core   0: 3 0x0000000080008598 (0xff9ff06f)
core   0: 0x0000000080008590 (0x00001397) auipc   t2, 0x1
core   0: 3 0x0000000080008590 (0x00001397) x7  0x0000000080009590
core   0: 0x0000000080008594 (0xa613a823) sw      ra, -1424(t2)
core   0: 3 0x0000000080008594 (0xa613a823) mem 0x0000000080009000 0x00000001
core   0: 0x0000000080008598 (0xff9ff06f) j       pc - 0x8
core   0: 3 0x0000000080008598 (0xff9ff06f)
core   0: 0x0000000080008590 (0x00001397) auipc   t2, 0x1
core   0: 3 0x0000000080008590 (0x00001397) x7  0x0000000080009590
core   0: 0x0000000080008594 (0xa613a823) sw      ra, -1424(t2)
core   0: 3 0x0000000080008594 (0xa613a823) mem 0x0000000080009000 0x00000001
core   0: 0x0000000080008598 (0xff9ff06f) j       pc - 0x8
core   0: 3 0x0000000080008598 (0xff9ff06f)
core   0: 0x0000000080008590 (0x00001397) auipc   t2, 0x1
core   0: 3 0x0000000080008590 (0x00001397) x7  0x0000000080009590
core   0: 0x0000000080008594 (0xa613a823) sw      ra, -1424(t2)
core   0: 3 0x0000000080008594 (0xa613a823) mem 0x0000000080009000 0x00000001
core   0: 0x0000000080008598 (0xff9ff06f) j       pc - 0x8
core   0: 3 0x0000000080008598 (0xff9ff06f)
core   0: 0x0000000080008590 (0x00001397) auipc   t2, 0x1
core   0: 3 0x0000000080008590 (0x00001397) x7  0x0000000080009590
core   0: 0x0000000080008594 (0xa613a823) sw      ra, -1424(t2)
core   0: 3 0x0000000080008594 (0xa613a823) mem 0x0000000080009000 0x00000001
core   0: 0x0000000080008598 (0xff9ff06f) j       pc - 0x8
core   0: 3 0x0000000080008598 (0xff9ff06f)
core   0: 0x0000000080008590 (0x00001397) auipc   t2, 0x1
core   0: 3 0x0000000080008590 (0x00001397) x7  0x0000000080009590
core   0: 0x0000000080008594 (0xa613a823) sw      ra, -1424(t2)
core   0: 3 0x0000000080008594 (0xa613a823) mem 0x0000000080009000 0x00000001
core   0: 0x0000000080008598 (0xff9ff06f) j       pc - 0x8
core   0: 3 0x0000000080008598 (0xff9ff06f)
core   0: 0x0000000080008590 (0x00001397) auipc   t2, 0x1
core   0: 3 0x0000000080008590 (0x00001397) x7  0x0000000080009590
core   0: 0x0000000080008594 (0xa613a823) sw      ra, -1424(t2)
core   0: 3 0x0000000080008594 (0xa613a823) mem 0x0000000080009000 0x00000001
core   0: 0x0000000080008598 (0xff9ff06f) j       pc - 0x8
core   0: 3 0x0000000080008598 (0xff9ff06f)
core   0: 0x0000000080008590 (0x00001397) auipc   t2, 0x1
core   0: 3 0x0000000080008590 (0x00001397) x7  0x0000000080009590
core   0: 0x0000000080008594 (0xa613a823) sw      ra, -1424(t2)
core   0: 3 0x0000000080008594 (0xa613a823) mem 0x0000000080009000 0x00000001
core   0: 0x0000000080008598 (0xff9ff06f) j       pc - 0x8
core   0: 3 0x0000000080008598 (0xff9ff06f)
core   0: 0x0000000080008590 (0x00001397) auipc   t2, 0x1
core   0: 3 0x0000000080008590 (0x00001397) x7  0x0000000080009590
core   0: 0x0000000080008594 (0xa613a823) sw      ra, -1424(t2)
core   0: 3 0x0000000080008594 (0xa613a823) mem 0x0000000080009000 0x00000001
core   0: 0x0000000080008598 (0xff9ff06f) j       pc - 0x8
core   0: 3 0x0000000080008598 (0xff9ff06f)
core   0: 0x0000000080008590 (0x00001397) auipc   t2, 0x1
core   0: 3 0x0000000080008590 (0x00001397) x7  0x0000000080009590
core   0: 0x0000000080008594 (0xa613a823) sw      ra, -1424(t2)
core   0: 3 0x0000000080008594 (0xa613a823) mem 0x0000000080009000 0x00000001
core   0: 0x0000000080008598 (0xff9ff06f) j       pc - 0x8
core   0: 3 0x0000000080008598 (0xff9ff06f)
core   0: 0x0000000080008590 (0x00001397) auipc   t2, 0x1
core   0: 3 0x0000000080008590 (0x00001397) x7  0x0000000080009590
core   0: 0x0000000080008594 (0xa613a823) sw      ra, -1424(t2)
core   0: 3 0x0000000080008594 (0xa613a823) mem 0x0000000080009000 0x00000001
core   0: 0x0000000080008598 (0xff9ff06f) j       pc - 0x8
core   0: 3 0x0000000080008598 (0xff9ff06f)
core   0: 0x0000000080008590 (0x00001397) auipc   t2, 0x1
core   0: 3 0x0000000080008590 (0x00001397) x7  0x0000000080009590
core   0: 0x0000000080008594 (0xa613a823) sw      ra, -1424(t2)
core   0: 3 0x0000000080008594 (0xa613a823) mem 0x0000000080009000 0x00000001
core   0: 0x0000000080008598 (0xff9ff06f) j       pc - 0x8
core   0: 3 0x0000000080008598 (0xff9ff06f)
core   0: 0x0000000080008590 (0x00001397) auipc   t2, 0x1
core   0: 3 0x0000000080008590 (0x00001397) x7  0x0000000080009590
core   0: 0x0000000080008594 (0xa613a823) sw      ra, -1424(t2)
core   0: 3 0x0000000080008594 (0xa613a823) mem 0x0000000080009000 0x00000001
core   0: 0x0000000080008598 (0xff9ff06f) j       pc - 0x8
core   0: 3 0x0000000080008598 (0xff9ff06f)
core   0: 0x0000000080008590 (0x00001397) auipc   t2, 0x1
core   0: 3 0x0000000080008590 (0x00001397) x7  0x0000000080009590
core   0: 0x0000000080008594 (0xa613a823) sw      ra, -1424(t2)
core   0: 3 0x0000000080008594 (0xa613a823) mem 0x0000000080009000 0x00000001
core   0: 0x0000000080008598 (0xff9ff06f) j       pc - 0x8
core   0: 3 0x0000000080008598 (0xff9ff06f)
core   0: 0x0000000080008590 (0x00001397) auipc   t2, 0x1
core   0: 3 0x0000000080008590 (0x00001397) x7  0x0000000080009590
core   0: 0x0000000080008594 (0xa613a823) sw      ra, -1424(t2)
core   0: 3 0x0000000080008594 (0xa613a823) mem 0x0000000080009000 0x00000001
core   0: 0x0000000080008598 (0xff9ff06f) j       pc - 0x8
core   0: 3 0x0000000080008598 (0xff9ff06f)
core   0: 0x0000000080008590 (0x00001397) auipc   t2, 0x1
core   0: 3 0x0000000080008590 (0x00001397) x7  0x0000000080009590
core   0: 0x0000000080008594 (0xa613a823) sw      ra, -1424(t2)
core   0: 3 0x0000000080008594 (0xa613a823) mem 0x0000000080009000 0x00000001
core   0: 0x0000000080008598 (0xff9ff06f) j       pc - 0x8
core   0: 3 0x0000000080008598 (0xff9ff06f)
core   0: 0x0000000080008590 (0x00001397) auipc   t2, 0x1
core   0: 3 0x0000000080008590 (0x00001397) x7  0x0000000080009590
core   0: 0x0000000080008594 (0xa613a823) sw      ra, -1424(t2)
core   0: 3 0x0000000080008594 (0xa613a823) mem 0x0000000080009000 0x00000001
core   0: 0x0000000080008598 (0xff9ff06f) j       pc - 0x8
core   0: 3 0x0000000080008598 (0xff9ff06f)
core   0: 0x0000000080008590 (0x00001397) auipc   t2, 0x1
core   0: 3 0x0000000080008590 (0x00001397) x7  0x0000000080009590
core   0: 0x0000000080008594 (0xa613a823) sw      ra, -1424(t2)
core   0: 3 0x0000000080008594 (0xa613a823) mem 0x0000000080009000 0x00000001
core   0: 0x0000000080008598 (0xff9ff06f) j       pc - 0x8
core   0: 3 0x0000000080008598 (0xff9ff06f)
core   0: 0x0000000080008590 (0x00001397) auipc   t2, 0x1
core   0: 3 0x0000000080008590 (0x00001397) x7  0x0000000080009590
core   0: 0x0000000080008594 (0xa613a823) sw      ra, -1424(t2)
core   0: 3 0x0000000080008594 (0xa613a823) mem 0x0000000080009000 0x00000001
core   0: 0x0000000080008598 (0xff9ff06f) j       pc - 0x8
core   0: 3 0x0000000080008598 (0xff9ff06f)
core   0: 0x0000000080008590 (0x00001397) auipc   t2, 0x1
core   0: 3 0x0000000080008590 (0x00001397) x7  0x0000000080009590
core   0: 0x0000000080008594 (0xa613a823) sw      ra, -1424(t2)
core   0: 3 0x0000000080008594 (0xa613a823) mem 0x0000000080009000 0x00000001
core   0: 0x0000000080008598 (0xff9ff06f) j       pc - 0x8
core   0: 3 0x0000000080008598 (0xff9ff06f)
core   0: 0x0000000080008590 (0x00001397) auipc   t2, 0x1
core   0: 3 0x0000000080008590 (0x00001397) x7  0x0000000080009590
core   0: 0x0000000080008594 (0xa613a823) sw      ra, -1424(t2)
core   0: 3 0x0000000080008594 (0xa613a823) mem 0x0000000080009000 0x00000001
core   0: 0x0000000080008598 (0xff9ff06f) j       pc - 0x8
core   0: 3 0x0000000080008598 (0xff9ff06f)
core   0: 0x0000000080008590 (0x00001397) auipc   t2, 0x1
core   0: 3 0x0000000080008590 (0x00001397) x7  0x0000000080009590
core   0: 0x0000000080008594 (0xa613a823) sw      ra, -1424(t2)
core   0: 3 0x0000000080008594 (0xa613a823) mem 0x0000000080009000 0x00000001
core   0: 0x0000000080008598 (0xff9ff06f) j       pc - 0x8
core   0: 3 0x0000000080008598 (0xff9ff06f)
core   0: 0x0000000080008590 (0x00001397) auipc   t2, 0x1
core   0: 3 0x0000000080008590 (0x00001397) x7  0x0000000080009590
core   0: 0x0000000080008594 (0xa613a823) sw      ra, -1424(t2)
core   0: 3 0x0000000080008594 (0xa613a823) mem 0x0000000080009000 0x00000001
core   0: 0x0000000080008598 (0xff9ff06f) j       pc - 0x8
core   0: 3 0x0000000080008598 (0xff9ff06f)
core   0: 0x0000000080008590 (0x00001397) auipc   t2, 0x1
core   0: 3 0x0000000080008590 (0x00001397) x7  0x0000000080009590
core   0: 0x0000000080008594 (0xa613a823) sw      ra, -1424(t2)
core   0: 3 0x0000000080008594 (0xa613a823) mem 0x0000000080009000 0x00000001
core   0: 0x0000000080008598 (0xff9ff06f) j       pc - 0x8
core   0: 3 0x0000000080008598 (0xff9ff06f)
core   0: 0x0000000080008590 (0x00001397) auipc   t2, 0x1
core   0: 3 0x0000000080008590 (0x00001397) x7  0x0000000080009590
core   0: 0x0000000080008594 (0xa613a823) sw      ra, -1424(t2)
core   0: 3 0x0000000080008594 (0xa613a823) mem 0x0000000080009000 0x00000001
core   0: 0x0000000080008598 (0xff9ff06f) j       pc - 0x8
core   0: 3 0x0000000080008598 (0xff9ff06f)
core   0: 0x0000000080008590 (0x00001397) auipc   t2, 0x1
core   0: 3 0x0000000080008590 (0x00001397) x7  0x0000000080009590
core   0: 0x0000000080008594 (0xa613a823) sw      ra, -1424(t2)
core   0: 3 0x0000000080008594 (0xa613a823) mem 0x0000000080009000 0x00000001
core   0: 0x0000000080008598 (0xff9ff06f) j       pc - 0x8
core   0: 3 0x0000000080008598 (0xff9ff06f)
core   0: 0x0000000080008590 (0x00001397) auipc   t2, 0x1
core   0: 3 0x0000000080008590 (0x00001397) x7  0x0000000080009590
core   0: 0x0000000080008594 (0xa613a823) sw      ra, -1424(t2)
core   0: 3 0x0000000080008594 (0xa613a823) mem 0x0000000080009000 0x00000001
core   0: 0x0000000080008598 (0xff9ff06f) j       pc - 0x8
core   0: 3 0x0000000080008598 (0xff9ff06f)
core   0: 0x0000000080008590 (0x00001397) auipc   t2, 0x1
core   0: 3 0x0000000080008590 (0x00001397) x7  0x0000000080009590
core   0: 0x0000000080008594 (0xa613a823) sw      ra, -1424(t2)
core   0: 3 0x0000000080008594 (0xa613a823) mem 0x0000000080009000 0x00000001
core   0: 0x0000000080008598 (0xff9ff06f) j       pc - 0x8
core   0: 3 0x0000000080008598 (0xff9ff06f)
core   0: 0x0000000080008590 (0x00001397) auipc   t2, 0x1
core   0: 3 0x0000000080008590 (0x00001397) x7  0x0000000080009590
core   0: 0x0000000080008594 (0xa613a823) sw      ra, -1424(t2)
core   0: 3 0x0000000080008594 (0xa613a823) mem 0x0000000080009000 0x00000001
core   0: 0x0000000080008598 (0xff9ff06f) j       pc - 0x8
core   0: 3 0x0000000080008598 (0xff9ff06f)
core   0: 0x0000000080008590 (0x00001397) auipc   t2, 0x1
core   0: 3 0x0000000080008590 (0x00001397) x7  0x0000000080009590
core   0: 0x0000000080008594 (0xa613a823) sw      ra, -1424(t2)
core   0: 3 0x0000000080008594 (0xa613a823) mem 0x0000000080009000 0x00000001
core   0: 0x0000000080008598 (0xff9ff06f) j       pc - 0x8
core   0: 3 0x0000000080008598 (0xff9ff06f)
core   0: 0x0000000080008590 (0x00001397) auipc   t2, 0x1
core   0: 3 0x0000000080008590 (0x00001397) x7  0x0000000080009590
core   0: 0x0000000080008594 (0xa613a823) sw      ra, -1424(t2)
core   0: 3 0x0000000080008594 (0xa613a823) mem 0x0000000080009000 0x00000001
core   0: 0x0000000080008598 (0xff9ff06f) j       pc - 0x8
core   0: 3 0x0000000080008598 (0xff9ff06f)
core   0: 0x0000000080008590 (0x00001397) auipc   t2, 0x1
core   0: 3 0x0000000080008590 (0x00001397) x7  0x0000000080009590
core   0: 0x0000000080008594 (0xa613a823) sw      ra, -1424(t2)
core   0: 3 0x0000000080008594 (0xa613a823) mem 0x0000000080009000 0x00000001
core   0: 0x0000000080008598 (0xff9ff06f) j       pc - 0x8
core   0: 3 0x0000000080008598 (0xff9ff06f)
core   0: 0x0000000080008590 (0x00001397) auipc   t2, 0x1
core   0: 3 0x0000000080008590 (0x00001397) x7  0x0000000080009590
core   0: 0x0000000080008594 (0xa613a823) sw      ra, -1424(t2)
core   0: 3 0x0000000080008594 (0xa613a823) mem 0x0000000080009000 0x00000001
core   0: 0x0000000080008598 (0xff9ff06f) j       pc - 0x8
core   0: 3 0x0000000080008598 (0xff9ff06f)
core   0: 0x0000000080008590 (0x00001397) auipc   t2, 0x1
core   0: 3 0x0000000080008590 (0x00001397) x7  0x0000000080009590
core   0: 0x0000000080008594 (0xa613a823) sw      ra, -1424(t2)
core   0: 3 0x0000000080008594 (0xa613a823) mem 0x0000000080009000 0x00000001
core   0: 0x0000000080008598 (0xff9ff06f) j       pc - 0x8
core   0: 3 0x0000000080008598 (0xff9ff06f)
core   0: 0x0000000080008590 (0x00001397) auipc   t2, 0x1
core   0: 3 0x0000000080008590 (0x00001397) x7  0x0000000080009590
core   0: 0x0000000080008594 (0xa613a823) sw      ra, -1424(t2)
core   0: 3 0x0000000080008594 (0xa613a823) mem 0x0000000080009000 0x00000001
core   0: 0x0000000080008598 (0xff9ff06f) j       pc - 0x8
core   0: 3 0x0000000080008598 (0xff9ff06f)
core   0: 0x0000000080008590 (0x00001397) auipc   t2, 0x1
core   0: 3 0x0000000080008590 (0x00001397) x7  0x0000000080009590
core   0: 0x0000000080008594 (0xa613a823) sw      ra, -1424(t2)
core   0: 3 0x0000000080008594 (0xa613a823) mem 0x0000000080009000 0x00000001
core   0: 0x0000000080008598 (0xff9ff06f) j       pc - 0x8
core   0: 3 0x0000000080008598 (0xff9ff06f)
core   0: 0x0000000080008590 (0x00001397) auipc   t2, 0x1
core   0: 3 0x0000000080008590 (0x00001397) x7  0x0000000080009590
core   0: 0x0000000080008594 (0xa613a823) sw      ra, -1424(t2)
core   0: 3 0x0000000080008594 (0xa613a823) mem 0x0000000080009000 0x00000001
core   0: 0x0000000080008598 (0xff9ff06f) j       pc - 0x8
core   0: 3 0x0000000080008598 (0xff9ff06f)
core   0: 0x0000000080008590 (0x00001397) auipc   t2, 0x1
core   0: 3 0x0000000080008590 (0x00001397) x7  0x0000000080009590
core   0: 0x0000000080008594 (0xa613a823) sw      ra, -1424(t2)
core   0: 3 0x0000000080008594 (0xa613a823) mem 0x0000000080009000 0x00000001
core   0: 0x0000000080008598 (0xff9ff06f) j       pc - 0x8
core   0: 3 0x0000000080008598 (0xff9ff06f)
core   0: 0x0000000080008590 (0x00001397) auipc   t2, 0x1
core   0: 3 0x0000000080008590 (0x00001397) x7  0x0000000080009590
core   0: 0x0000000080008594 (0xa613a823) sw      ra, -1424(t2)
core   0: 3 0x0000000080008594 (0xa613a823) mem 0x0000000080009000 0x00000001
core   0: 0x0000000080008598 (0xff9ff06f) j       pc - 0x8
core   0: 3 0x0000000080008598 (0xff9ff06f)
core   0: 0x0000000080008590 (0x00001397) auipc   t2, 0x1
core   0: 3 0x0000000080008590 (0x00001397) x7  0x0000000080009590
core   0: 0x0000000080008594 (0xa613a823) sw      ra, -1424(t2)
core   0: 3 0x0000000080008594 (0xa613a823) mem 0x0000000080009000 0x00000001
core   0: 0x0000000080008598 (0xff9ff06f) j       pc - 0x8
core   0: 3 0x0000000080008598 (0xff9ff06f)
core   0: 0x0000000080008590 (0x00001397) auipc   t2, 0x1
core   0: 3 0x0000000080008590 (0x00001397) x7  0x0000000080009590
core   0: 0x0000000080008594 (0xa613a823) sw      ra, -1424(t2)
core   0: 3 0x0000000080008594 (0xa613a823) mem 0x0000000080009000 0x00000001
core   0: 0x0000000080008598 (0xff9ff06f) j       pc - 0x8
core   0: 3 0x0000000080008598 (0xff9ff06f)
core   0: 0x0000000080008590 (0x00001397) auipc   t2, 0x1
core   0: 3 0x0000000080008590 (0x00001397) x7  0x0000000080009590
core   0: 0x0000000080008594 (0xa613a823) sw      ra, -1424(t2)
core   0: 3 0x0000000080008594 (0xa613a823) mem 0x0000000080009000 0x00000001
core   0: 0x0000000080008598 (0xff9ff06f) j       pc - 0x8
core   0: 3 0x0000000080008598 (0xff9ff06f)
core   0: 0x0000000080008590 (0x00001397) auipc   t2, 0x1
core   0: 3 0x0000000080008590 (0x00001397) x7  0x0000000080009590
core   0: 0x0000000080008594 (0xa613a823) sw      ra, -1424(t2)
core   0: 3 0x0000000080008594 (0xa613a823) mem 0x0000000080009000 0x00000001
core   0: 0x0000000080008598 (0xff9ff06f) j       pc - 0x8
core   0: 3 0x0000000080008598 (0xff9ff06f)
core   0: 0x0000000080008590 (0x00001397) auipc   t2, 0x1
core   0: 3 0x0000000080008590 (0x00001397) x7  0x0000000080009590
core   0: 0x0000000080008594 (0xa613a823) sw      ra, -1424(t2)
core   0: 3 0x0000000080008594 (0xa613a823) mem 0x0000000080009000 0x00000001
core   0: 0x0000000080008598 (0xff9ff06f) j       pc - 0x8
core   0: 3 0x0000000080008598 (0xff9ff06f)
core   0: 0x0000000080008590 (0x00001397) auipc   t2, 0x1
core   0: 3 0x0000000080008590 (0x00001397) x7  0x0000000080009590
core   0: 0x0000000080008594 (0xa613a823) sw      ra, -1424(t2)
core   0: 3 0x0000000080008594 (0xa613a823) mem 0x0000000080009000 0x00000001
core   0: 0x0000000080008598 (0xff9ff06f) j       pc - 0x8
core   0: 3 0x0000000080008598 (0xff9ff06f)
core   0: 0x0000000080008590 (0x00001397) auipc   t2, 0x1
core   0: 3 0x0000000080008590 (0x00001397) x7  0x0000000080009590
core   0: 0x0000000080008594 (0xa613a823) sw      ra, -1424(t2)
core   0: 3 0x0000000080008594 (0xa613a823) mem 0x0000000080009000 0x00000001
core   0: 0x0000000080008598 (0xff9ff06f) j       pc - 0x8
core   0: 3 0x0000000080008598 (0xff9ff06f)
core   0: 0x0000000080008590 (0x00001397) auipc   t2, 0x1
core   0: 3 0x0000000080008590 (0x00001397) x7  0x0000000080009590
core   0: 0x0000000080008594 (0xa613a823) sw      ra, -1424(t2)
core   0: 3 0x0000000080008594 (0xa613a823) mem 0x0000000080009000 0x00000001
core   0: 0x0000000080008598 (0xff9ff06f) j       pc - 0x8
core   0: 3 0x0000000080008598 (0xff9ff06f)
core   0: 0x0000000080008590 (0x00001397) auipc   t2, 0x1
core   0: 3 0x0000000080008590 (0x00001397) x7  0x0000000080009590
core   0: 0x0000000080008594 (0xa613a823) sw      ra, -1424(t2)
core   0: 3 0x0000000080008594 (0xa613a823) mem 0x0000000080009000 0x00000001
core   0: 0x0000000080008598 (0xff9ff06f) j       pc - 0x8
core   0: 3 0x0000000080008598 (0xff9ff06f)
core   0: 0x0000000080008590 (0x00001397) auipc   t2, 0x1
core   0: 3 0x0000000080008590 (0x00001397) x7  0x0000000080009590
core   0: 0x0000000080008594 (0xa613a823) sw      ra, -1424(t2)
core   0: 3 0x0000000080008594 (0xa613a823) mem 0x0000000080009000 0x00000001
core   0: 0x0000000080008598 (0xff9ff06f) j       pc - 0x8
core   0: 3 0x0000000080008598 (0xff9ff06f)
core   0: 0x0000000080008590 (0x00001397) auipc   t2, 0x1
core   0: 3 0x0000000080008590 (0x00001397) x7  0x0000000080009590
core   0: 0x0000000080008594 (0xa613a823) sw      ra, -1424(t2)
core   0: 3 0x0000000080008594 (0xa613a823) mem 0x0000000080009000 0x00000001
core   0: 0x0000000080008598 (0xff9ff06f) j       pc - 0x8
core   0: 3 0x0000000080008598 (0xff9ff06f)
core   0: 0x0000000080008590 (0x00001397) auipc   t2, 0x1
core   0: 3 0x0000000080008590 (0x00001397) x7  0x0000000080009590
core   0: 0x0000000080008594 (0xa613a823) sw      ra, -1424(t2)
core   0: 3 0x0000000080008594 (0xa613a823) mem 0x0000000080009000 0x00000001
core   0: 0x0000000080008598 (0xff9ff06f) j       pc - 0x8
core   0: 3 0x0000000080008598 (0xff9ff06f)
core   0: 0x0000000080008590 (0x00001397) auipc   t2, 0x1
core   0: 3 0x0000000080008590 (0x00001397) x7  0x0000000080009590
core   0: 0x0000000080008594 (0xa613a823) sw      ra, -1424(t2)
core   0: 3 0x0000000080008594 (0xa613a823) mem 0x0000000080009000 0x00000001
core   0: 0x0000000080008598 (0xff9ff06f) j       pc - 0x8
core   0: 3 0x0000000080008598 (0xff9ff06f)
core   0: 0x0000000080008590 (0x00001397) auipc   t2, 0x1
core   0: 3 0x0000000080008590 (0x00001397) x7  0x0000000080009590
core   0: 0x0000000080008594 (0xa613a823) sw      ra, -1424(t2)
core   0: 3 0x0000000080008594 (0xa613a823) mem 0x0000000080009000 0x00000001
core   0: 0x0000000080008598 (0xff9ff06f) j       pc - 0x8
core   0: 3 0x0000000080008598 (0xff9ff06f)
core   0: 0x0000000080008590 (0x00001397) auipc   t2, 0x1
core   0: 3 0x0000000080008590 (0x00001397) x7  0x0000000080009590
core   0: 0x0000000080008594 (0xa613a823) sw      ra, -1424(t2)
core   0: 3 0x0000000080008594 (0xa613a823) mem 0x0000000080009000 0x00000001
core   0: 0x0000000080008598 (0xff9ff06f) j       pc - 0x8
core   0: 3 0x0000000080008598 (0xff9ff06f)
core   0: 0x0000000080008590 (0x00001397) auipc   t2, 0x1
core   0: 3 0x0000000080008590 (0x00001397) x7  0x0000000080009590
core   0: 0x0000000080008594 (0xa613a823) sw      ra, -1424(t2)
core   0: 3 0x0000000080008594 (0xa613a823) mem 0x0000000080009000 0x00000001
core   0: 0x0000000080008598 (0xff9ff06f) j       pc - 0x8
core   0: 3 0x0000000080008598 (0xff9ff06f)
core   0: 0x0000000080008590 (0x00001397) auipc   t2, 0x1
core   0: 3 0x0000000080008590 (0x00001397) x7  0x0000000080009590
core   0: 0x0000000080008594 (0xa613a823) sw      ra, -1424(t2)
core   0: 3 0x0000000080008594 (0xa613a823) mem 0x0000000080009000 0x00000001
core   0: 0x0000000080008598 (0xff9ff06f) j       pc - 0x8
core   0: 3 0x0000000080008598 (0xff9ff06f)
core   0: 0x0000000080008590 (0x00001397) auipc   t2, 0x1
core   0: 3 0x0000000080008590 (0x00001397) x7  0x0000000080009590
core   0: 0x0000000080008594 (0xa613a823) sw      ra, -1424(t2)
core   0: 3 0x0000000080008594 (0xa613a823) mem 0x0000000080009000 0x00000001
core   0: 0x0000000080008598 (0xff9ff06f) j       pc - 0x8
core   0: 3 0x0000000080008598 (0xff9ff06f)
core   0: 0x0000000080008590 (0x00001397) auipc   t2, 0x1
core   0: 3 0x0000000080008590 (0x00001397) x7  0x0000000080009590
core   0: 0x0000000080008594 (0xa613a823) sw      ra, -1424(t2)
core   0: 3 0x0000000080008594 (0xa613a823) mem 0x0000000080009000 0x00000001
core   0: 0x0000000080008598 (0xff9ff06f) j       pc - 0x8
core   0: 3 0x0000000080008598 (0xff9ff06f)
core   0: 0x0000000080008590 (0x00001397) auipc   t2, 0x1
core   0: 3 0x0000000080008590 (0x00001397) x7  0x0000000080009590
core   0: 0x0000000080008594 (0xa613a823) sw      ra, -1424(t2)
core   0: 3 0x0000000080008594 (0xa613a823) mem 0x0000000080009000 0x00000001
core   0: 0x0000000080008598 (0xff9ff06f) j       pc - 0x8
core   0: 3 0x0000000080008598 (0xff9ff06f)
core   0: 0x0000000080008590 (0x00001397) auipc   t2, 0x1
core   0: 3 0x0000000080008590 (0x00001397) x7  0x0000000080009590
core   0: 0x0000000080008594 (0xa613a823) sw      ra, -1424(t2)
core   0: 3 0x0000000080008594 (0xa613a823) mem 0x0000000080009000 0x00000001
core   0: 0x0000000080008598 (0xff9ff06f) j       pc - 0x8
core   0: 3 0x0000000080008598 (0xff9ff06f)
core   0: 0x0000000080008590 (0x00001397) auipc   t2, 0x1
core   0: 3 0x0000000080008590 (0x00001397) x7  0x0000000080009590
core   0: 0x0000000080008594 (0xa613a823) sw      ra, -1424(t2)
core   0: 3 0x0000000080008594 (0xa613a823) mem 0x0000000080009000 0x00000001
core   0: 0x0000000080008598 (0xff9ff06f) j       pc - 0x8
core   0: 3 0x0000000080008598 (0xff9ff06f)
core   0: 0x0000000080008590 (0x00001397) auipc   t2, 0x1
core   0: 3 0x0000000080008590 (0x00001397) x7  0x0000000080009590
core   0: 0x0000000080008594 (0xa613a823) sw      ra, -1424(t2)
core   0: 3 0x0000000080008594 (0xa613a823) mem 0x0000000080009000 0x00000001
core   0: 0x0000000080008598 (0xff9ff06f) j       pc - 0x8
core   0: 3 0x0000000080008598 (0xff9ff06f)
core   0: 0x0000000080008590 (0x00001397) auipc   t2, 0x1
core   0: 3 0x0000000080008590 (0x00001397) x7  0x0000000080009590
core   0: 0x0000000080008594 (0xa613a823) sw      ra, -1424(t2)
core   0: 3 0x0000000080008594 (0xa613a823) mem 0x0000000080009000 0x00000001
core   0: 0x0000000080008598 (0xff9ff06f) j       pc - 0x8
core   0: 3 0x0000000080008598 (0xff9ff06f)
core   0: 0x0000000080008590 (0x00001397) auipc   t2, 0x1
core   0: 3 0x0000000080008590 (0x00001397) x7  0x0000000080009590
core   0: 0x0000000080008594 (0xa613a823) sw      ra, -1424(t2)
core   0: 3 0x0000000080008594 (0xa613a823) mem 0x0000000080009000 0x00000001
core   0: 0x0000000080008598 (0xff9ff06f) j       pc - 0x8
core   0: 3 0x0000000080008598 (0xff9ff06f)
core   0: 0x0000000080008590 (0x00001397) auipc   t2, 0x1
core   0: 3 0x0000000080008590 (0x00001397) x7  0x0000000080009590
core   0: 0x0000000080008594 (0xa613a823) sw      ra, -1424(t2)
core   0: 3 0x0000000080008594 (0xa613a823) mem 0x0000000080009000 0x00000001
core   0: 0x0000000080008598 (0xff9ff06f) j       pc - 0x8
core   0: 3 0x0000000080008598 (0xff9ff06f)
core   0: 0x0000000080008590 (0x00001397) auipc   t2, 0x1
core   0: 3 0x0000000080008590 (0x00001397) x7  0x0000000080009590
core   0: 0x0000000080008594 (0xa613a823) sw      ra, -1424(t2)
core   0: 3 0x0000000080008594 (0xa613a823) mem 0x0000000080009000 0x00000001
core   0: 0x0000000080008598 (0xff9ff06f) j       pc - 0x8
core   0: 3 0x0000000080008598 (0xff9ff06f)
core   0: 0x0000000080008590 (0x00001397) auipc   t2, 0x1
core   0: 3 0x0000000080008590 (0x00001397) x7  0x0000000080009590
core   0: 0x0000000080008594 (0xa613a823) sw      ra, -1424(t2)
core   0: 3 0x0000000080008594 (0xa613a823) mem 0x0000000080009000 0x00000001
core   0: 0x0000000080008598 (0xff9ff06f) j       pc - 0x8
core   0: 3 0x0000000080008598 (0xff9ff06f)
core   0: 0x0000000080008590 (0x00001397) auipc   t2, 0x1
core   0: 3 0x0000000080008590 (0x00001397) x7  0x0000000080009590
core   0: 0x0000000080008594 (0xa613a823) sw      ra, -1424(t2)
core   0: 3 0x0000000080008594 (0xa613a823) mem 0x0000000080009000 0x00000001
core   0: 0x0000000080008598 (0xff9ff06f) j       pc - 0x8
core   0: 3 0x0000000080008598 (0xff9ff06f)
core   0: 0x0000000080008590 (0x00001397) auipc   t2, 0x1
core   0: 3 0x0000000080008590 (0x00001397) x7  0x0000000080009590
core   0: 0x0000000080008594 (0xa613a823) sw      ra, -1424(t2)
core   0: 3 0x0000000080008594 (0xa613a823) mem 0x0000000080009000 0x00000001
core   0: 0x0000000080008598 (0xff9ff06f) j       pc - 0x8
core   0: 3 0x0000000080008598 (0xff9ff06f)
core   0: 0x0000000080008590 (0x00001397) auipc   t2, 0x1
core   0: 3 0x0000000080008590 (0x00001397) x7  0x0000000080009590
core   0: 0x0000000080008594 (0xa613a823) sw      ra, -1424(t2)
core   0: 3 0x0000000080008594 (0xa613a823) mem 0x0000000080009000 0x00000001
core   0: 0x0000000080008598 (0xff9ff06f) j       pc - 0x8
core   0: 3 0x0000000080008598 (0xff9ff06f)
core   0: 0x0000000080008590 (0x00001397) auipc   t2, 0x1
core   0: 3 0x0000000080008590 (0x00001397) x7  0x0000000080009590
core   0: 0x0000000080008594 (0xa613a823) sw      ra, -1424(t2)
core   0: 3 0x0000000080008594 (0xa613a823) mem 0x0000000080009000 0x00000001
core   0: 0x0000000080008598 (0xff9ff06f) j       pc - 0x8
core   0: 3 0x0000000080008598 (0xff9ff06f)
core   0: 0x0000000080008590 (0x00001397) auipc   t2, 0x1
core   0: 3 0x0000000080008590 (0x00001397) x7  0x0000000080009590
core   0: 0x0000000080008594 (0xa613a823) sw      ra, -1424(t2)
core   0: 3 0x0000000080008594 (0xa613a823) mem 0x0000000080009000 0x00000001
core   0: 0x0000000080008598 (0xff9ff06f) j       pc - 0x8
core   0: 3 0x0000000080008598 (0xff9ff06f)
core   0: 0x0000000080008590 (0x00001397) auipc   t2, 0x1
core   0: 3 0x0000000080008590 (0x00001397) x7  0x0000000080009590
core   0: 0x0000000080008594 (0xa613a823) sw      ra, -1424(t2)
core   0: 3 0x0000000080008594 (0xa613a823) mem 0x0000000080009000 0x00000001
core   0: 0x0000000080008598 (0xff9ff06f) j       pc - 0x8
core   0: 3 0x0000000080008598 (0xff9ff06f)
core   0: 0x0000000080008590 (0x00001397) auipc   t2, 0x1
core   0: 3 0x0000000080008590 (0x00001397) x7  0x0000000080009590
core   0: 0x0000000080008594 (0xa613a823) sw      ra, -1424(t2)
core   0: 3 0x0000000080008594 (0xa613a823) mem 0x0000000080009000 0x00000001
core   0: 0x0000000080008598 (0xff9ff06f) j       pc - 0x8
core   0: 3 0x0000000080008598 (0xff9ff06f)
core   0: 0x0000000080008590 (0x00001397) auipc   t2, 0x1
core   0: 3 0x0000000080008590 (0x00001397) x7  0x0000000080009590
core   0: 0x0000000080008594 (0xa613a823) sw      ra, -1424(t2)
core   0: 3 0x0000000080008594 (0xa613a823) mem 0x0000000080009000 0x00000001
core   0: 0x0000000080008598 (0xff9ff06f) j       pc - 0x8
core   0: 3 0x0000000080008598 (0xff9ff06f)
core   0: 0x0000000080008590 (0x00001397) auipc   t2, 0x1
core   0: 3 0x0000000080008590 (0x00001397) x7  0x0000000080009590
core   0: 0x0000000080008594 (0xa613a823) sw      ra, -1424(t2)
core   0: 3 0x0000000080008594 (0xa613a823) mem 0x0000000080009000 0x00000001
core   0: 0x0000000080008598 (0xff9ff06f) j       pc - 0x8
core   0: 3 0x0000000080008598 (0xff9ff06f)
core   0: 0x0000000080008590 (0x00001397) auipc   t2, 0x1
core   0: 3 0x0000000080008590 (0x00001397) x7  0x0000000080009590
core   0: 0x0000000080008594 (0xa613a823) sw      ra, -1424(t2)
core   0: 3 0x0000000080008594 (0xa613a823) mem 0x0000000080009000 0x00000001
core   0: 0x0000000080008598 (0xff9ff06f) j       pc - 0x8
core   0: 3 0x0000000080008598 (0xff9ff06f)
core   0: 0x0000000080008590 (0x00001397) auipc   t2, 0x1
core   0: 3 0x0000000080008590 (0x00001397) x7  0x0000000080009590
core   0: 0x0000000080008594 (0xa613a823) sw      ra, -1424(t2)
core   0: 3 0x0000000080008594 (0xa613a823) mem 0x0000000080009000 0x00000001
core   0: 0x0000000080008598 (0xff9ff06f) j       pc - 0x8
core   0: 3 0x0000000080008598 (0xff9ff06f)
core   0: 0x0000000080008590 (0x00001397) auipc   t2, 0x1
core   0: 3 0x0000000080008590 (0x00001397) x7  0x0000000080009590
core   0: 0x0000000080008594 (0xa613a823) sw      ra, -1424(t2)
core   0: 3 0x0000000080008594 (0xa613a823) mem 0x0000000080009000 0x00000001
core   0: 0x0000000080008598 (0xff9ff06f) j       pc - 0x8
core   0: 3 0x0000000080008598 (0xff9ff06f)
core   0: 0x0000000080008590 (0x00001397) auipc   t2, 0x1
core   0: 3 0x0000000080008590 (0x00001397) x7  0x0000000080009590
core   0: 0x0000000080008594 (0xa613a823) sw      ra, -1424(t2)
core   0: 3 0x0000000080008594 (0xa613a823) mem 0x0000000080009000 0x00000001
core   0: 0x0000000080008598 (0xff9ff06f) j       pc - 0x8
core   0: 3 0x0000000080008598 (0xff9ff06f)
core   0: 0x0000000080008590 (0x00001397) auipc   t2, 0x1
core   0: 3 0x0000000080008590 (0x00001397) x7  0x0000000080009590
core   0: 0x0000000080008594 (0xa613a823) sw      ra, -1424(t2)
core   0: 3 0x0000000080008594 (0xa613a823) mem 0x0000000080009000 0x00000001
core   0: 0x0000000080008598 (0xff9ff06f) j       pc - 0x8
core   0: 3 0x0000000080008598 (0xff9ff06f)
core   0: 0x0000000080008590 (0x00001397) auipc   t2, 0x1
core   0: 3 0x0000000080008590 (0x00001397) x7  0x0000000080009590
core   0: 0x0000000080008594 (0xa613a823) sw      ra, -1424(t2)
core   0: 3 0x0000000080008594 (0xa613a823) mem 0x0000000080009000 0x00000001
core   0: 0x0000000080008598 (0xff9ff06f) j       pc - 0x8
core   0: 3 0x0000000080008598 (0xff9ff06f)
core   0: 0x0000000080008590 (0x00001397) auipc   t2, 0x1
core   0: 3 0x0000000080008590 (0x00001397) x7  0x0000000080009590
core   0: 0x0000000080008594 (0xa613a823) sw      ra, -1424(t2)
core   0: 3 0x0000000080008594 (0xa613a823) mem 0x0000000080009000 0x00000001
core   0: 0x0000000080008598 (0xff9ff06f) j       pc - 0x8
core   0: 3 0x0000000080008598 (0xff9ff06f)
core   0: 0x0000000080008590 (0x00001397) auipc   t2, 0x1
core   0: 3 0x0000000080008590 (0x00001397) x7  0x0000000080009590
core   0: 0x0000000080008594 (0xa613a823) sw      ra, -1424(t2)
core   0: 3 0x0000000080008594 (0xa613a823) mem 0x0000000080009000 0x00000001
core   0: 0x0000000080008598 (0xff9ff06f) j       pc - 0x8
core   0: 3 0x0000000080008598 (0xff9ff06f)
core   0: 0x0000000080008590 (0x00001397) auipc   t2, 0x1
core   0: 3 0x0000000080008590 (0x00001397) x7  0x0000000080009590
core   0: 0x0000000080008594 (0xa613a823) sw      ra, -1424(t2)
core   0: 3 0x0000000080008594 (0xa613a823) mem 0x0000000080009000 0x00000001
core   0: 0x0000000080008598 (0xff9ff06f) j       pc - 0x8
core   0: 3 0x0000000080008598 (0xff9ff06f)
core   0: 0x0000000080008590 (0x00001397) auipc   t2, 0x1
core   0: 3 0x0000000080008590 (0x00001397) x7  0x0000000080009590
core   0: 0x0000000080008594 (0xa613a823) sw      ra, -1424(t2)
core   0: 3 0x0000000080008594 (0xa613a823) mem 0x0000000080009000 0x00000001
core   0: 0x0000000080008598 (0xff9ff06f) j       pc - 0x8
core   0: 3 0x0000000080008598 (0xff9ff06f)
core   0: 0x0000000080008590 (0x00001397) auipc   t2, 0x1
core   0: 3 0x0000000080008590 (0x00001397) x7  0x0000000080009590
core   0: 0x0000000080008594 (0xa613a823) sw      ra, -1424(t2)
core   0: 3 0x0000000080008594 (0xa613a823) mem 0x0000000080009000 0x00000001
core   0: 0x0000000080008598 (0xff9ff06f) j       pc - 0x8
core   0: 3 0x0000000080008598 (0xff9ff06f)
core   0: 0x0000000080008590 (0x00001397) auipc   t2, 0x1
core   0: 3 0x0000000080008590 (0x00001397) x7  0x0000000080009590
core   0: 0x0000000080008594 (0xa613a823) sw      ra, -1424(t2)
core   0: 3 0x0000000080008594 (0xa613a823) mem 0x0000000080009000 0x00000001
core   0: 0x0000000080008598 (0xff9ff06f) j       pc - 0x8
core   0: 3 0x0000000080008598 (0xff9ff06f)
core   0: 0x0000000080008590 (0x00001397) auipc   t2, 0x1
core   0: 3 0x0000000080008590 (0x00001397) x7  0x0000000080009590
core   0: 0x0000000080008594 (0xa613a823) sw      ra, -1424(t2)
core   0: 3 0x0000000080008594 (0xa613a823) mem 0x0000000080009000 0x00000001
core   0: 0x0000000080008598 (0xff9ff06f) j       pc - 0x8
core   0: 3 0x0000000080008598 (0xff9ff06f)
core   0: 0x0000000080008590 (0x00001397) auipc   t2, 0x1
core   0: 3 0x0000000080008590 (0x00001397) x7  0x0000000080009590
core   0: 0x0000000080008594 (0xa613a823) sw      ra, -1424(t2)
core   0: 3 0x0000000080008594 (0xa613a823) mem 0x0000000080009000 0x00000001
core   0: 0x0000000080008598 (0xff9ff06f) j       pc - 0x8
core   0: 3 0x0000000080008598 (0xff9ff06f)
core   0: 0x0000000080008590 (0x00001397) auipc   t2, 0x1
core   0: 3 0x0000000080008590 (0x00001397) x7  0x0000000080009590
core   0: 0x0000000080008594 (0xa613a823) sw      ra, -1424(t2)
core   0: 3 0x0000000080008594 (0xa613a823) mem 0x0000000080009000 0x00000001
core   0: 0x0000000080008598 (0xff9ff06f) j       pc - 0x8
core   0: 3 0x0000000080008598 (0xff9ff06f)
core   0: 0x0000000080008590 (0x00001397) auipc   t2, 0x1
core   0: 3 0x0000000080008590 (0x00001397) x7  0x0000000080009590
core   0: 0x0000000080008594 (0xa613a823) sw      ra, -1424(t2)
core   0: 3 0x0000000080008594 (0xa613a823) mem 0x0000000080009000 0x00000001
core   0: 0x0000000080008598 (0xff9ff06f) j       pc - 0x8
core   0: 3 0x0000000080008598 (0xff9ff06f)
core   0: 0x0000000080008590 (0x00001397) auipc   t2, 0x1
core   0: 3 0x0000000080008590 (0x00001397) x7  0x0000000080009590
core   0: 0x0000000080008594 (0xa613a823) sw      ra, -1424(t2)
core   0: 3 0x0000000080008594 (0xa613a823) mem 0x0000000080009000 0x00000001
core   0: 0x0000000080008598 (0xff9ff06f) j       pc - 0x8
core   0: 3 0x0000000080008598 (0xff9ff06f)
core   0: 0x0000000080008590 (0x00001397) auipc   t2, 0x1
core   0: 3 0x0000000080008590 (0x00001397) x7  0x0000000080009590
core   0: 0x0000000080008594 (0xa613a823) sw      ra, -1424(t2)
core   0: 3 0x0000000080008594 (0xa613a823) mem 0x0000000080009000 0x00000001
core   0: 0x0000000080008598 (0xff9ff06f) j       pc - 0x8
core   0: 3 0x0000000080008598 (0xff9ff06f)
core   0: 0x0000000080008590 (0x00001397) auipc   t2, 0x1
core   0: 3 0x0000000080008590 (0x00001397) x7  0x0000000080009590
core   0: 0x0000000080008594 (0xa613a823) sw      ra, -1424(t2)
core   0: 3 0x0000000080008594 (0xa613a823) mem 0x0000000080009000 0x00000001
core   0: 0x0000000080008598 (0xff9ff06f) j       pc - 0x8
core   0: 3 0x0000000080008598 (0xff9ff06f)
core   0: 0x0000000080008590 (0x00001397) auipc   t2, 0x1
core   0: 3 0x0000000080008590 (0x00001397) x7  0x0000000080009590
core   0: 0x0000000080008594 (0xa613a823) sw      ra, -1424(t2)
core   0: 3 0x0000000080008594 (0xa613a823) mem 0x0000000080009000 0x00000001
core   0: 0x0000000080008598 (0xff9ff06f) j       pc - 0x8
core   0: 3 0x0000000080008598 (0xff9ff06f)
core   0: 0x0000000080008590 (0x00001397) auipc   t2, 0x1
core   0: 3 0x0000000080008590 (0x00001397) x7  0x0000000080009590
core   0: 0x0000000080008594 (0xa613a823) sw      ra, -1424(t2)
core   0: 3 0x0000000080008594 (0xa613a823) mem 0x0000000080009000 0x00000001
core   0: 0x0000000080008598 (0xff9ff06f) j       pc - 0x8
core   0: 3 0x0000000080008598 (0xff9ff06f)
core   0: 0x0000000080008590 (0x00001397) auipc   t2, 0x1
core   0: 3 0x0000000080008590 (0x00001397) x7  0x0000000080009590
core   0: 0x0000000080008594 (0xa613a823) sw      ra, -1424(t2)
core   0: 3 0x0000000080008594 (0xa613a823) mem 0x0000000080009000 0x00000001
core   0: 0x0000000080008598 (0xff9ff06f) j       pc - 0x8
core   0: 3 0x0000000080008598 (0xff9ff06f)
core   0: 0x0000000080008590 (0x00001397) auipc   t2, 0x1
core   0: 3 0x0000000080008590 (0x00001397) x7  0x0000000080009590
core   0: 0x0000000080008594 (0xa613a823) sw      ra, -1424(t2)
core   0: 3 0x0000000080008594 (0xa613a823) mem 0x0000000080009000 0x00000001
core   0: 0x0000000080008598 (0xff9ff06f) j       pc - 0x8
core   0: 3 0x0000000080008598 (0xff9ff06f)
core   0: 0x0000000080008590 (0x00001397) auipc   t2, 0x1
core   0: 3 0x0000000080008590 (0x00001397) x7  0x0000000080009590
core   0: 0x0000000080008594 (0xa613a823) sw      ra, -1424(t2)
core   0: 3 0x0000000080008594 (0xa613a823) mem 0x0000000080009000 0x00000001
core   0: 0x0000000080008598 (0xff9ff06f) j       pc - 0x8
core   0: 3 0x0000000080008598 (0xff9ff06f)
core   0: 0x0000000080008590 (0x00001397) auipc   t2, 0x1
core   0: 3 0x0000000080008590 (0x00001397) x7  0x0000000080009590
core   0: 0x0000000080008594 (0xa613a823) sw      ra, -1424(t2)
core   0: 3 0x0000000080008594 (0xa613a823) mem 0x0000000080009000 0x00000001
core   0: 0x0000000080008598 (0xff9ff06f) j       pc - 0x8
core   0: 3 0x0000000080008598 (0xff9ff06f)
core   0: 0x0000000080008590 (0x00001397) auipc   t2, 0x1
core   0: 3 0x0000000080008590 (0x00001397) x7  0x0000000080009590
core   0: 0x0000000080008594 (0xa613a823) sw      ra, -1424(t2)
core   0: 3 0x0000000080008594 (0xa613a823) mem 0x0000000080009000 0x00000001
core   0: 0x0000000080008598 (0xff9ff06f) j       pc - 0x8
core   0: 3 0x0000000080008598 (0xff9ff06f)
core   0: 0x0000000080008590 (0x00001397) auipc   t2, 0x1
core   0: 3 0x0000000080008590 (0x00001397) x7  0x0000000080009590
core   0: 0x0000000080008594 (0xa613a823) sw      ra, -1424(t2)
core   0: 3 0x0000000080008594 (0xa613a823) mem 0x0000000080009000 0x00000001
core   0: 0x0000000080008598 (0xff9ff06f) j       pc - 0x8
core   0: 3 0x0000000080008598 (0xff9ff06f)
core   0: 0x0000000080008590 (0x00001397) auipc   t2, 0x1
core   0: 3 0x0000000080008590 (0x00001397) x7  0x0000000080009590
core   0: 0x0000000080008594 (0xa613a823) sw      ra, -1424(t2)
core   0: 3 0x0000000080008594 (0xa613a823) mem 0x0000000080009000 0x00000001
core   0: 0x0000000080008598 (0xff9ff06f) j       pc - 0x8
core   0: 3 0x0000000080008598 (0xff9ff06f)
core   0: 0x0000000080008590 (0x00001397) auipc   t2, 0x1
core   0: 3 0x0000000080008590 (0x00001397) x7  0x0000000080009590
core   0: 0x0000000080008594 (0xa613a823) sw      ra, -1424(t2)
core   0: 3 0x0000000080008594 (0xa613a823) mem 0x0000000080009000 0x00000001
core   0: 0x0000000080008598 (0xff9ff06f) j       pc - 0x8
core   0: 3 0x0000000080008598 (0xff9ff06f)
core   0: 0x0000000080008590 (0x00001397) auipc   t2, 0x1
core   0: 3 0x0000000080008590 (0x00001397) x7  0x0000000080009590
core   0: 0x0000000080008594 (0xa613a823) sw      ra, -1424(t2)
core   0: 3 0x0000000080008594 (0xa613a823) mem 0x0000000080009000 0x00000001
core   0: 0x0000000080008598 (0xff9ff06f) j       pc - 0x8
core   0: 3 0x0000000080008598 (0xff9ff06f)
core   0: 0x0000000080008590 (0x00001397) auipc   t2, 0x1
core   0: 3 0x0000000080008590 (0x00001397) x7  0x0000000080009590
core   0: 0x0000000080008594 (0xa613a823) sw      ra, -1424(t2)
core   0: 3 0x0000000080008594 (0xa613a823) mem 0x0000000080009000 0x00000001
core   0: 0x0000000080008598 (0xff9ff06f) j       pc - 0x8
core   0: 3 0x0000000080008598 (0xff9ff06f)
core   0: 0x0000000080008590 (0x00001397) auipc   t2, 0x1
core   0: 3 0x0000000080008590 (0x00001397) x7  0x0000000080009590
core   0: 0x0000000080008594 (0xa613a823) sw      ra, -1424(t2)
core   0: 3 0x0000000080008594 (0xa613a823) mem 0x0000000080009000 0x00000001
core   0: 0x0000000080008598 (0xff9ff06f) j       pc - 0x8
core   0: 3 0x0000000080008598 (0xff9ff06f)
core   0: 0x0000000080008590 (0x00001397) auipc   t2, 0x1
core   0: 3 0x0000000080008590 (0x00001397) x7  0x0000000080009590
core   0: 0x0000000080008594 (0xa613a823) sw      ra, -1424(t2)
core   0: 3 0x0000000080008594 (0xa613a823) mem 0x0000000080009000 0x00000001
core   0: 0x0000000080008598 (0xff9ff06f) j       pc - 0x8
core   0: 3 0x0000000080008598 (0xff9ff06f)
core   0: 0x0000000080008590 (0x00001397) auipc   t2, 0x1
core   0: 3 0x0000000080008590 (0x00001397) x7  0x0000000080009590
core   0: 0x0000000080008594 (0xa613a823) sw      ra, -1424(t2)
core   0: 3 0x0000000080008594 (0xa613a823) mem 0x0000000080009000 0x00000001
core   0: 0x0000000080008598 (0xff9ff06f) j       pc - 0x8
core   0: 3 0x0000000080008598 (0xff9ff06f)
core   0: 0x0000000080008590 (0x00001397) auipc   t2, 0x1
core   0: 3 0x0000000080008590 (0x00001397) x7  0x0000000080009590
core   0: 0x0000000080008594 (0xa613a823) sw      ra, -1424(t2)
core   0: 3 0x0000000080008594 (0xa613a823) mem 0x0000000080009000 0x00000001
core   0: 0x0000000080008598 (0xff9ff06f) j       pc - 0x8
core   0: 3 0x0000000080008598 (0xff9ff06f)
core   0: 0x0000000080008590 (0x00001397) auipc   t2, 0x1
core   0: 3 0x0000000080008590 (0x00001397) x7  0x0000000080009590
core   0: 0x0000000080008594 (0xa613a823) sw      ra, -1424(t2)
core   0: 3 0x0000000080008594 (0xa613a823) mem 0x0000000080009000 0x00000001
core   0: 0x0000000080008598 (0xff9ff06f) j       pc - 0x8
core   0: 3 0x0000000080008598 (0xff9ff06f)
core   0: 0x0000000080008590 (0x00001397) auipc   t2, 0x1
core   0: 3 0x0000000080008590 (0x00001397) x7  0x0000000080009590
core   0: 0x0000000080008594 (0xa613a823) sw      ra, -1424(t2)
core   0: 3 0x0000000080008594 (0xa613a823) mem 0x0000000080009000 0x00000001
core   0: 0x0000000080008598 (0xff9ff06f) j       pc - 0x8
core   0: 3 0x0000000080008598 (0xff9ff06f)
core   0: 0x0000000080008590 (0x00001397) auipc   t2, 0x1
core   0: 3 0x0000000080008590 (0x00001397) x7  0x0000000080009590
core   0: 0x0000000080008594 (0xa613a823) sw      ra, -1424(t2)
core   0: 3 0x0000000080008594 (0xa613a823) mem 0x0000000080009000 0x00000001
core   0: 0x0000000080008598 (0xff9ff06f) j       pc - 0x8
core   0: 3 0x0000000080008598 (0xff9ff06f)
core   0: 0x0000000080008590 (0x00001397) auipc   t2, 0x1
core   0: 3 0x0000000080008590 (0x00001397) x7  0x0000000080009590
core   0: 0x0000000080008594 (0xa613a823) sw      ra, -1424(t2)
core   0: 3 0x0000000080008594 (0xa613a823) mem 0x0000000080009000 0x00000001
core   0: 0x0000000080008598 (0xff9ff06f) j       pc - 0x8
core   0: 3 0x0000000080008598 (0xff9ff06f)
core   0: 0x0000000080008590 (0x00001397) auipc   t2, 0x1
core   0: 3 0x0000000080008590 (0x00001397) x7  0x0000000080009590
core   0: 0x0000000080008594 (0xa613a823) sw      ra, -1424(t2)
core   0: 3 0x0000000080008594 (0xa613a823) mem 0x0000000080009000 0x00000001
core   0: 0x0000000080008598 (0xff9ff06f) j       pc - 0x8
core   0: 3 0x0000000080008598 (0xff9ff06f)
core   0: 0x0000000080008590 (0x00001397) auipc   t2, 0x1
core   0: 3 0x0000000080008590 (0x00001397) x7  0x0000000080009590
core   0: 0x0000000080008594 (0xa613a823) sw      ra, -1424(t2)
core   0: 3 0x0000000080008594 (0xa613a823) mem 0x0000000080009000 0x00000001
core   0: 0x0000000080008598 (0xff9ff06f) j       pc - 0x8
core   0: 3 0x0000000080008598 (0xff9ff06f)
core   0: 0x0000000080008590 (0x00001397) auipc   t2, 0x1
core   0: 3 0x0000000080008590 (0x00001397) x7  0x0000000080009590
core   0: 0x0000000080008594 (0xa613a823) sw      ra, -1424(t2)
core   0: 3 0x0000000080008594 (0xa613a823) mem 0x0000000080009000 0x00000001
core   0: 0x0000000080008598 (0xff9ff06f) j       pc - 0x8
core   0: 3 0x0000000080008598 (0xff9ff06f)
core   0: 0x0000000080008590 (0x00001397) auipc   t2, 0x1
core   0: 3 0x0000000080008590 (0x00001397) x7  0x0000000080009590
core   0: 0x0000000080008594 (0xa613a823) sw      ra, -1424(t2)
core   0: 3 0x0000000080008594 (0xa613a823) mem 0x0000000080009000 0x00000001
core   0: 0x0000000080008598 (0xff9ff06f) j       pc - 0x8
core   0: 3 0x0000000080008598 (0xff9ff06f)
core   0: 0x0000000080008590 (0x00001397) auipc   t2, 0x1
core   0: 3 0x0000000080008590 (0x00001397) x7  0x0000000080009590
core   0: 0x0000000080008594 (0xa613a823) sw      ra, -1424(t2)
core   0: 3 0x0000000080008594 (0xa613a823) mem 0x0000000080009000 0x00000001
core   0: 0x0000000080008598 (0xff9ff06f) j       pc - 0x8
core   0: 3 0x0000000080008598 (0xff9ff06f)
core   0: 0x0000000080008590 (0x00001397) auipc   t2, 0x1
core   0: 3 0x0000000080008590 (0x00001397) x7  0x0000000080009590
core   0: 0x0000000080008594 (0xa613a823) sw      ra, -1424(t2)
core   0: 3 0x0000000080008594 (0xa613a823) mem 0x0000000080009000 0x00000001
core   0: 0x0000000080008598 (0xff9ff06f) j       pc - 0x8
core   0: 3 0x0000000080008598 (0xff9ff06f)
core   0: 0x0000000080008590 (0x00001397) auipc   t2, 0x1
core   0: 3 0x0000000080008590 (0x00001397) x7  0x0000000080009590
core   0: 0x0000000080008594 (0xa613a823) sw      ra, -1424(t2)
core   0: 3 0x0000000080008594 (0xa613a823) mem 0x0000000080009000 0x00000001
core   0: 0x0000000080008598 (0xff9ff06f) j       pc - 0x8
core   0: 3 0x0000000080008598 (0xff9ff06f)
core   0: 0x0000000080008590 (0x00001397) auipc   t2, 0x1
core   0: 3 0x0000000080008590 (0x00001397) x7  0x0000000080009590
core   0: 0x0000000080008594 (0xa613a823) sw      ra, -1424(t2)
core   0: 3 0x0000000080008594 (0xa613a823) mem 0x0000000080009000 0x00000001
core   0: 0x0000000080008598 (0xff9ff06f) j       pc - 0x8
core   0: 3 0x0000000080008598 (0xff9ff06f)
core   0: 0x0000000080008590 (0x00001397) auipc   t2, 0x1
core   0: 3 0x0000000080008590 (0x00001397) x7  0x0000000080009590
core   0: 0x0000000080008594 (0xa613a823) sw      ra, -1424(t2)
core   0: 3 0x0000000080008594 (0xa613a823) mem 0x0000000080009000 0x00000001
core   0: 0x0000000080008598 (0xff9ff06f) j       pc - 0x8
core   0: 3 0x0000000080008598 (0xff9ff06f)
core   0: 0x0000000080008590 (0x00001397) auipc   t2, 0x1
core   0: 3 0x0000000080008590 (0x00001397) x7  0x0000000080009590
core   0: 0x0000000080008594 (0xa613a823) sw      ra, -1424(t2)
core   0: 3 0x0000000080008594 (0xa613a823) mem 0x0000000080009000 0x00000001
core   0: 0x0000000080008598 (0xff9ff06f) j       pc - 0x8
core   0: 3 0x0000000080008598 (0xff9ff06f)
core   0: 0x0000000080008590 (0x00001397) auipc   t2, 0x1
core   0: 3 0x0000000080008590 (0x00001397) x7  0x0000000080009590
core   0: 0x0000000080008594 (0xa613a823) sw      ra, -1424(t2)
core   0: 3 0x0000000080008594 (0xa613a823) mem 0x0000000080009000 0x00000001
core   0: 0x0000000080008598 (0xff9ff06f) j       pc - 0x8
core   0: 3 0x0000000080008598 (0xff9ff06f)
core   0: 0x0000000080008590 (0x00001397) auipc   t2, 0x1
core   0: 3 0x0000000080008590 (0x00001397) x7  0x0000000080009590
core   0: 0x0000000080008594 (0xa613a823) sw      ra, -1424(t2)
core   0: 3 0x0000000080008594 (0xa613a823) mem 0x0000000080009000 0x00000001
core   0: 0x0000000080008598 (0xff9ff06f) j       pc - 0x8
core   0: 3 0x0000000080008598 (0xff9ff06f)
core   0: 0x0000000080008590 (0x00001397) auipc   t2, 0x1
core   0: 3 0x0000000080008590 (0x00001397) x7  0x0000000080009590
core   0: 0x0000000080008594 (0xa613a823) sw      ra, -1424(t2)
core   0: 3 0x0000000080008594 (0xa613a823) mem 0x0000000080009000 0x00000001
core   0: 0x0000000080008598 (0xff9ff06f) j       pc - 0x8
core   0: 3 0x0000000080008598 (0xff9ff06f)
core   0: 0x0000000080008590 (0x00001397) auipc   t2, 0x1
core   0: 3 0x0000000080008590 (0x00001397) x7  0x0000000080009590
core   0: 0x0000000080008594 (0xa613a823) sw      ra, -1424(t2)
core   0: 3 0x0000000080008594 (0xa613a823) mem 0x0000000080009000 0x00000001
core   0: 0x0000000080008598 (0xff9ff06f) j       pc - 0x8
core   0: 3 0x0000000080008598 (0xff9ff06f)
core   0: 0x0000000080008590 (0x00001397) auipc   t2, 0x1
core   0: 3 0x0000000080008590 (0x00001397) x7  0x0000000080009590
core   0: 0x0000000080008594 (0xa613a823) sw      ra, -1424(t2)
core   0: 3 0x0000000080008594 (0xa613a823) mem 0x0000000080009000 0x00000001
core   0: 0x0000000080008598 (0xff9ff06f) j       pc - 0x8
core   0: 3 0x0000000080008598 (0xff9ff06f)
core   0: 0x0000000080008590 (0x00001397) auipc   t2, 0x1
core   0: 3 0x0000000080008590 (0x00001397) x7  0x0000000080009590
core   0: 0x0000000080008594 (0xa613a823) sw      ra, -1424(t2)
core   0: 3 0x0000000080008594 (0xa613a823) mem 0x0000000080009000 0x00000001
core   0: 0x0000000080008598 (0xff9ff06f) j       pc - 0x8
core   0: 3 0x0000000080008598 (0xff9ff06f)
core   0: 0x0000000080008590 (0x00001397) auipc   t2, 0x1
core   0: 3 0x0000000080008590 (0x00001397) x7  0x0000000080009590
core   0: 0x0000000080008594 (0xa613a823) sw      ra, -1424(t2)
core   0: 3 0x0000000080008594 (0xa613a823) mem 0x0000000080009000 0x00000001
core   0: 0x0000000080008598 (0xff9ff06f) j       pc - 0x8
core   0: 3 0x0000000080008598 (0xff9ff06f)
core   0: 0x0000000080008590 (0x00001397) auipc   t2, 0x1
core   0: 3 0x0000000080008590 (0x00001397) x7  0x0000000080009590
core   0: 0x0000000080008594 (0xa613a823) sw      ra, -1424(t2)
core   0: 3 0x0000000080008594 (0xa613a823) mem 0x0000000080009000 0x00000001
core   0: 0x0000000080008598 (0xff9ff06f) j       pc - 0x8
core   0: 3 0x0000000080008598 (0xff9ff06f)
core   0: 0x0000000080008590 (0x00001397) auipc   t2, 0x1
core   0: 3 0x0000000080008590 (0x00001397) x7  0x0000000080009590
core   0: 0x0000000080008594 (0xa613a823) sw      ra, -1424(t2)
core   0: 3 0x0000000080008594 (0xa613a823) mem 0x0000000080009000 0x00000001
core   0: 0x0000000080008598 (0xff9ff06f) j       pc - 0x8
core   0: 3 0x0000000080008598 (0xff9ff06f)
core   0: 0x0000000080008590 (0x00001397) auipc   t2, 0x1
core   0: 3 0x0000000080008590 (0x00001397) x7  0x0000000080009590
core   0: 0x0000000080008594 (0xa613a823) sw      ra, -1424(t2)
core   0: 3 0x0000000080008594 (0xa613a823) mem 0x0000000080009000 0x00000001
core   0: 0x0000000080008598 (0xff9ff06f) j       pc - 0x8
core   0: 3 0x0000000080008598 (0xff9ff06f)
core   0: 0x0000000080008590 (0x00001397) auipc   t2, 0x1
core   0: 3 0x0000000080008590 (0x00001397) x7  0x0000000080009590
core   0: 0x0000000080008594 (0xa613a823) sw      ra, -1424(t2)
core   0: 3 0x0000000080008594 (0xa613a823) mem 0x0000000080009000 0x00000001
core   0: 0x0000000080008598 (0xff9ff06f) j       pc - 0x8
core   0: 3 0x0000000080008598 (0xff9ff06f)
core   0: 0x0000000080008590 (0x00001397) auipc   t2, 0x1
core   0: 3 0x0000000080008590 (0x00001397) x7  0x0000000080009590
core   0: 0x0000000080008594 (0xa613a823) sw      ra, -1424(t2)
core   0: 3 0x0000000080008594 (0xa613a823) mem 0x0000000080009000 0x00000001
core   0: 0x0000000080008598 (0xff9ff06f) j       pc - 0x8
core   0: 3 0x0000000080008598 (0xff9ff06f)
core   0: 0x0000000080008590 (0x00001397) auipc   t2, 0x1
core   0: 3 0x0000000080008590 (0x00001397) x7  0x0000000080009590
core   0: 0x0000000080008594 (0xa613a823) sw      ra, -1424(t2)
core   0: 3 0x0000000080008594 (0xa613a823) mem 0x0000000080009000 0x00000001
core   0: 0x0000000080008598 (0xff9ff06f) j       pc - 0x8
core   0: 3 0x0000000080008598 (0xff9ff06f)
core   0: 0x0000000080008590 (0x00001397) auipc   t2, 0x1
core   0: 3 0x0000000080008590 (0x00001397) x7  0x0000000080009590
core   0: 0x0000000080008594 (0xa613a823) sw      ra, -1424(t2)
core   0: 3 0x0000000080008594 (0xa613a823) mem 0x0000000080009000 0x00000001
core   0: 0x0000000080008598 (0xff9ff06f) j       pc - 0x8
core   0: 3 0x0000000080008598 (0xff9ff06f)
core   0: 0x0000000080008590 (0x00001397) auipc   t2, 0x1
core   0: 3 0x0000000080008590 (0x00001397) x7  0x0000000080009590
core   0: 0x0000000080008594 (0xa613a823) sw      ra, -1424(t2)
core   0: 3 0x0000000080008594 (0xa613a823) mem 0x0000000080009000 0x00000001
core   0: 0x0000000080008598 (0xff9ff06f) j       pc - 0x8
core   0: 3 0x0000000080008598 (0xff9ff06f)
core   0: 0x0000000080008590 (0x00001397) auipc   t2, 0x1
core   0: 3 0x0000000080008590 (0x00001397) x7  0x0000000080009590
core   0: 0x0000000080008594 (0xa613a823) sw      ra, -1424(t2)
core   0: 3 0x0000000080008594 (0xa613a823) mem 0x0000000080009000 0x00000001
core   0: 0x0000000080008598 (0xff9ff06f) j       pc - 0x8
core   0: 3 0x0000000080008598 (0xff9ff06f)
core   0: 0x0000000080008590 (0x00001397) auipc   t2, 0x1
core   0: 3 0x0000000080008590 (0x00001397) x7  0x0000000080009590
core   0: 0x0000000080008594 (0xa613a823) sw      ra, -1424(t2)
core   0: 3 0x0000000080008594 (0xa613a823) mem 0x0000000080009000 0x00000001
core   0: 0x0000000080008598 (0xff9ff06f) j       pc - 0x8
core   0: 3 0x0000000080008598 (0xff9ff06f)
core   0: 0x0000000080008590 (0x00001397) auipc   t2, 0x1
core   0: 3 0x0000000080008590 (0x00001397) x7  0x0000000080009590
core   0: 0x0000000080008594 (0xa613a823) sw      ra, -1424(t2)
core   0: 3 0x0000000080008594 (0xa613a823) mem 0x0000000080009000 0x00000001
core   0: 0x0000000080008598 (0xff9ff06f) j       pc - 0x8
core   0: 3 0x0000000080008598 (0xff9ff06f)
core   0: 0x0000000080008590 (0x00001397) auipc   t2, 0x1
core   0: 3 0x0000000080008590 (0x00001397) x7  0x0000000080009590
core   0: 0x0000000080008594 (0xa613a823) sw      ra, -1424(t2)
core   0: 3 0x0000000080008594 (0xa613a823) mem 0x0000000080009000 0x00000001
core   0: 0x0000000080008598 (0xff9ff06f) j       pc - 0x8
core   0: 3 0x0000000080008598 (0xff9ff06f)
core   0: 0x0000000080008590 (0x00001397) auipc   t2, 0x1
core   0: 3 0x0000000080008590 (0x00001397) x7  0x0000000080009590
core   0: 0x0000000080008594 (0xa613a823) sw      ra, -1424(t2)
core   0: 3 0x0000000080008594 (0xa613a823) mem 0x0000000080009000 0x00000001
core   0: 0x0000000080008598 (0xff9ff06f) j       pc - 0x8
core   0: 3 0x0000000080008598 (0xff9ff06f)
core   0: 0x0000000080008590 (0x00001397) auipc   t2, 0x1
core   0: 3 0x0000000080008590 (0x00001397) x7  0x0000000080009590
core   0: 0x0000000080008594 (0xa613a823) sw      ra, -1424(t2)
core   0: 3 0x0000000080008594 (0xa613a823) mem 0x0000000080009000 0x00000001
core   0: 0x0000000080008598 (0xff9ff06f) j       pc - 0x8
core   0: 3 0x0000000080008598 (0xff9ff06f)
core   0: 0x0000000080008590 (0x00001397) auipc   t2, 0x1
core   0: 3 0x0000000080008590 (0x00001397) x7  0x0000000080009590
core   0: 0x0000000080008594 (0xa613a823) sw      ra, -1424(t2)
core   0: 3 0x0000000080008594 (0xa613a823) mem 0x0000000080009000 0x00000001
core   0: 0x0000000080008598 (0xff9ff06f) j       pc - 0x8
core   0: 3 0x0000000080008598 (0xff9ff06f)
core   0: 0x0000000080008590 (0x00001397) auipc   t2, 0x1
core   0: 3 0x0000000080008590 (0x00001397) x7  0x0000000080009590
core   0: 0x0000000080008594 (0xa613a823) sw      ra, -1424(t2)
core   0: 3 0x0000000080008594 (0xa613a823) mem 0x0000000080009000 0x00000001
core   0: 0x0000000080008598 (0xff9ff06f) j       pc - 0x8
core   0: 3 0x0000000080008598 (0xff9ff06f)
core   0: 0x0000000080008590 (0x00001397) auipc   t2, 0x1
core   0: 3 0x0000000080008590 (0x00001397) x7  0x0000000080009590
core   0: 0x0000000080008594 (0xa613a823) sw      ra, -1424(t2)
core   0: 3 0x0000000080008594 (0xa613a823) mem 0x0000000080009000 0x00000001
core   0: 0x0000000080008598 (0xff9ff06f) j       pc - 0x8
core   0: 3 0x0000000080008598 (0xff9ff06f)
core   0: 0x0000000080008590 (0x00001397) auipc   t2, 0x1
core   0: 3 0x0000000080008590 (0x00001397) x7  0x0000000080009590
core   0: 0x0000000080008594 (0xa613a823) sw      ra, -1424(t2)
core   0: 3 0x0000000080008594 (0xa613a823) mem 0x0000000080009000 0x00000001
core   0: 0x0000000080008598 (0xff9ff06f) j       pc - 0x8
core   0: 3 0x0000000080008598 (0xff9ff06f)
core   0: 0x0000000080008590 (0x00001397) auipc   t2, 0x1
core   0: 3 0x0000000080008590 (0x00001397) x7  0x0000000080009590
core   0: 0x0000000080008594 (0xa613a823) sw      ra, -1424(t2)
core   0: 3 0x0000000080008594 (0xa613a823) mem 0x0000000080009000 0x00000001
core   0: 0x0000000080008598 (0xff9ff06f) j       pc - 0x8
core   0: 3 0x0000000080008598 (0xff9ff06f)
core   0: 0x0000000080008590 (0x00001397) auipc   t2, 0x1
core   0: 3 0x0000000080008590 (0x00001397) x7  0x0000000080009590
core   0: 0x0000000080008594 (0xa613a823) sw      ra, -1424(t2)
core   0: 3 0x0000000080008594 (0xa613a823) mem 0x0000000080009000 0x00000001
core   0: 0x0000000080008598 (0xff9ff06f) j       pc - 0x8
core   0: 3 0x0000000080008598 (0xff9ff06f)
core   0: 0x0000000080008590 (0x00001397) auipc   t2, 0x1
core   0: 3 0x0000000080008590 (0x00001397) x7  0x0000000080009590
core   0: 0x0000000080008594 (0xa613a823) sw      ra, -1424(t2)
core   0: 3 0x0000000080008594 (0xa613a823) mem 0x0000000080009000 0x00000001
core   0: 0x0000000080008598 (0xff9ff06f) j       pc - 0x8
core   0: 3 0x0000000080008598 (0xff9ff06f)
core   0: 0x0000000080008590 (0x00001397) auipc   t2, 0x1
core   0: 3 0x0000000080008590 (0x00001397) x7  0x0000000080009590
core   0: 0x0000000080008594 (0xa613a823) sw      ra, -1424(t2)
core   0: 3 0x0000000080008594 (0xa613a823) mem 0x0000000080009000 0x00000001
core   0: 0x0000000080008598 (0xff9ff06f) j       pc - 0x8
core   0: 3 0x0000000080008598 (0xff9ff06f)
core   0: 0x0000000080008590 (0x00001397) auipc   t2, 0x1
core   0: 3 0x0000000080008590 (0x00001397) x7  0x0000000080009590
core   0: 0x0000000080008594 (0xa613a823) sw      ra, -1424(t2)
core   0: 3 0x0000000080008594 (0xa613a823) mem 0x0000000080009000 0x00000001
core   0: 0x0000000080008598 (0xff9ff06f) j       pc - 0x8
core   0: 3 0x0000000080008598 (0xff9ff06f)
core   0: 0x0000000080008590 (0x00001397) auipc   t2, 0x1
core   0: 3 0x0000000080008590 (0x00001397) x7  0x0000000080009590
core   0: 0x0000000080008594 (0xa613a823) sw      ra, -1424(t2)
core   0: 3 0x0000000080008594 (0xa613a823) mem 0x0000000080009000 0x00000001
core   0: 0x0000000080008598 (0xff9ff06f) j       pc - 0x8
core   0: 3 0x0000000080008598 (0xff9ff06f)
core   0: 0x0000000080008590 (0x00001397) auipc   t2, 0x1
core   0: 3 0x0000000080008590 (0x00001397) x7  0x0000000080009590
core   0: 0x0000000080008594 (0xa613a823) sw      ra, -1424(t2)
core   0: 3 0x0000000080008594 (0xa613a823) mem 0x0000000080009000 0x00000001
core   0: 0x0000000080008598 (0xff9ff06f) j       pc - 0x8
core   0: 3 0x0000000080008598 (0xff9ff06f)
core   0: 0x0000000080008590 (0x00001397) auipc   t2, 0x1
core   0: 3 0x0000000080008590 (0x00001397) x7  0x0000000080009590
core   0: 0x0000000080008594 (0xa613a823) sw      ra, -1424(t2)
core   0: 3 0x0000000080008594 (0xa613a823) mem 0x0000000080009000 0x00000001
core   0: 0x0000000080008598 (0xff9ff06f) j       pc - 0x8
core   0: 3 0x0000000080008598 (0xff9ff06f)
core   0: 0x0000000080008590 (0x00001397) auipc   t2, 0x1
core   0: 3 0x0000000080008590 (0x00001397) x7  0x0000000080009590
core   0: 0x0000000080008594 (0xa613a823) sw      ra, -1424(t2)
core   0: 3 0x0000000080008594 (0xa613a823) mem 0x0000000080009000 0x00000001
core   0: 0x0000000080008598 (0xff9ff06f) j       pc - 0x8
core   0: 3 0x0000000080008598 (0xff9ff06f)
core   0: 0x0000000080008590 (0x00001397) auipc   t2, 0x1
core   0: 3 0x0000000080008590 (0x00001397) x7  0x0000000080009590
core   0: 0x0000000080008594 (0xa613a823) sw      ra, -1424(t2)
core   0: 3 0x0000000080008594 (0xa613a823) mem 0x0000000080009000 0x00000001
core   0: 0x0000000080008598 (0xff9ff06f) j       pc - 0x8
core   0: 3 0x0000000080008598 (0xff9ff06f)
core   0: 0x0000000080008590 (0x00001397) auipc   t2, 0x1
core   0: 3 0x0000000080008590 (0x00001397) x7  0x0000000080009590
core   0: 0x0000000080008594 (0xa613a823) sw      ra, -1424(t2)
core   0: 3 0x0000000080008594 (0xa613a823) mem 0x0000000080009000 0x00000001
core   0: 0x0000000080008598 (0xff9ff06f) j       pc - 0x8
core   0: 3 0x0000000080008598 (0xff9ff06f)
core   0: 0x0000000080008590 (0x00001397) auipc   t2, 0x1
core   0: 3 0x0000000080008590 (0x00001397) x7  0x0000000080009590
core   0: 0x0000000080008594 (0xa613a823) sw      ra, -1424(t2)
core   0: 3 0x0000000080008594 (0xa613a823) mem 0x0000000080009000 0x00000001
core   0: 0x0000000080008598 (0xff9ff06f) j       pc - 0x8
core   0: 3 0x0000000080008598 (0xff9ff06f)
core   0: 0x0000000080008590 (0x00001397) auipc   t2, 0x1
core   0: 3 0x0000000080008590 (0x00001397) x7  0x0000000080009590
core   0: 0x0000000080008594 (0xa613a823) sw      ra, -1424(t2)
core   0: 3 0x0000000080008594 (0xa613a823) mem 0x0000000080009000 0x00000001
core   0: 0x0000000080008598 (0xff9ff06f) j       pc - 0x8
core   0: 3 0x0000000080008598 (0xff9ff06f)
core   0: 0x0000000080008590 (0x00001397) auipc   t2, 0x1
core   0: 3 0x0000000080008590 (0x00001397) x7  0x0000000080009590
core   0: 0x0000000080008594 (0xa613a823) sw      ra, -1424(t2)
core   0: 3 0x0000000080008594 (0xa613a823) mem 0x0000000080009000 0x00000001
core   0: 0x0000000080008598 (0xff9ff06f) j       pc - 0x8
core   0: 3 0x0000000080008598 (0xff9ff06f)
core   0: 0x0000000080008590 (0x00001397) auipc   t2, 0x1
core   0: 3 0x0000000080008590 (0x00001397) x7  0x0000000080009590
core   0: 0x0000000080008594 (0xa613a823) sw      ra, -1424(t2)
core   0: 3 0x0000000080008594 (0xa613a823) mem 0x0000000080009000 0x00000001
core   0: 0x0000000080008598 (0xff9ff06f) j       pc - 0x8
core   0: 3 0x0000000080008598 (0xff9ff06f)
core   0: 0x0000000080008590 (0x00001397) auipc   t2, 0x1
core   0: 3 0x0000000080008590 (0x00001397) x7  0x0000000080009590
core   0: 0x0000000080008594 (0xa613a823) sw      ra, -1424(t2)
core   0: 3 0x0000000080008594 (0xa613a823) mem 0x0000000080009000 0x00000001
core   0: 0x0000000080008598 (0xff9ff06f) j       pc - 0x8
core   0: 3 0x0000000080008598 (0xff9ff06f)
core   0: 0x0000000080008590 (0x00001397) auipc   t2, 0x1
core   0: 3 0x0000000080008590 (0x00001397) x7  0x0000000080009590
core   0: 0x0000000080008594 (0xa613a823) sw      ra, -1424(t2)
core   0: 3 0x0000000080008594 (0xa613a823) mem 0x0000000080009000 0x00000001
core   0: 0x0000000080008598 (0xff9ff06f) j       pc - 0x8
core   0: 3 0x0000000080008598 (0xff9ff06f)
core   0: 0x0000000080008590 (0x00001397) auipc   t2, 0x1
core   0: 3 0x0000000080008590 (0x00001397) x7  0x0000000080009590
core   0: 0x0000000080008594 (0xa613a823) sw      ra, -1424(t2)
core   0: 3 0x0000000080008594 (0xa613a823) mem 0x0000000080009000 0x00000001
core   0: 0x0000000080008598 (0xff9ff06f) j       pc - 0x8
core   0: 3 0x0000000080008598 (0xff9ff06f)
core   0: 0x0000000080008590 (0x00001397) auipc   t2, 0x1
core   0: 3 0x0000000080008590 (0x00001397) x7  0x0000000080009590
core   0: 0x0000000080008594 (0xa613a823) sw      ra, -1424(t2)
core   0: 3 0x0000000080008594 (0xa613a823) mem 0x0000000080009000 0x00000001
core   0: 0x0000000080008598 (0xff9ff06f) j       pc - 0x8
core   0: 3 0x0000000080008598 (0xff9ff06f)
core   0: 0x0000000080008590 (0x00001397) auipc   t2, 0x1
core   0: 3 0x0000000080008590 (0x00001397) x7  0x0000000080009590
core   0: 0x0000000080008594 (0xa613a823) sw      ra, -1424(t2)
core   0: 3 0x0000000080008594 (0xa613a823) mem 0x0000000080009000 0x00000001
core   0: 0x0000000080008598 (0xff9ff06f) j       pc - 0x8
core   0: 3 0x0000000080008598 (0xff9ff06f)
core   0: 0x0000000080008590 (0x00001397) auipc   t2, 0x1
core   0: 3 0x0000000080008590 (0x00001397) x7  0x0000000080009590
core   0: 0x0000000080008594 (0xa613a823) sw      ra, -1424(t2)
core   0: 3 0x0000000080008594 (0xa613a823) mem 0x0000000080009000 0x00000001
core   0: 0x0000000080008598 (0xff9ff06f) j       pc - 0x8
core   0: 3 0x0000000080008598 (0xff9ff06f)
core   0: 0x0000000080008590 (0x00001397) auipc   t2, 0x1
core   0: 3 0x0000000080008590 (0x00001397) x7  0x0000000080009590
core   0: 0x0000000080008594 (0xa613a823) sw      ra, -1424(t2)
core   0: 3 0x0000000080008594 (0xa613a823) mem 0x0000000080009000 0x00000001
core   0: 0x0000000080008598 (0xff9ff06f) j       pc - 0x8
core   0: 3 0x0000000080008598 (0xff9ff06f)
core   0: 0x0000000080008590 (0x00001397) auipc   t2, 0x1
core   0: 3 0x0000000080008590 (0x00001397) x7  0x0000000080009590
core   0: 0x0000000080008594 (0xa613a823) sw      ra, -1424(t2)
core   0: 3 0x0000000080008594 (0xa613a823) mem 0x0000000080009000 0x00000001
core   0: 0x0000000080008598 (0xff9ff06f) j       pc - 0x8
core   0: 3 0x0000000080008598 (0xff9ff06f)
core   0: 0x0000000080008590 (0x00001397) auipc   t2, 0x1
core   0: 3 0x0000000080008590 (0x00001397) x7  0x0000000080009590
core   0: 0x0000000080008594 (0xa613a823) sw      ra, -1424(t2)
core   0: 3 0x0000000080008594 (0xa613a823) mem 0x0000000080009000 0x00000001
core   0: 0x0000000080008598 (0xff9ff06f) j       pc - 0x8
core   0: 3 0x0000000080008598 (0xff9ff06f)
core   0: 0x0000000080008590 (0x00001397) auipc   t2, 0x1
core   0: 3 0x0000000080008590 (0x00001397) x7  0x0000000080009590
core   0: 0x0000000080008594 (0xa613a823) sw      ra, -1424(t2)
core   0: 3 0x0000000080008594 (0xa613a823) mem 0x0000000080009000 0x00000001
core   0: 0x0000000080008598 (0xff9ff06f) j       pc - 0x8
core   0: 3 0x0000000080008598 (0xff9ff06f)
core   0: 0x0000000080008590 (0x00001397) auipc   t2, 0x1
core   0: 3 0x0000000080008590 (0x00001397) x7  0x0000000080009590
core   0: 0x0000000080008594 (0xa613a823) sw      ra, -1424(t2)
core   0: 3 0x0000000080008594 (0xa613a823) mem 0x0000000080009000 0x00000001
core   0: 0x0000000080008598 (0xff9ff06f) j       pc - 0x8
core   0: 3 0x0000000080008598 (0xff9ff06f)
core   0: 0x0000000080008590 (0x00001397) auipc   t2, 0x1
core   0: 3 0x0000000080008590 (0x00001397) x7  0x0000000080009590
core   0: 0x0000000080008594 (0xa613a823) sw      ra, -1424(t2)
core   0: 3 0x0000000080008594 (0xa613a823) mem 0x0000000080009000 0x00000001
core   0: 0x0000000080008598 (0xff9ff06f) j       pc - 0x8
core   0: 3 0x0000000080008598 (0xff9ff06f)
core   0: 0x0000000080008590 (0x00001397) auipc   t2, 0x1
core   0: 3 0x0000000080008590 (0x00001397) x7  0x0000000080009590
core   0: 0x0000000080008594 (0xa613a823) sw      ra, -1424(t2)
core   0: 3 0x0000000080008594 (0xa613a823) mem 0x0000000080009000 0x00000001
core   0: 0x0000000080008598 (0xff9ff06f) j       pc - 0x8
core   0: 3 0x0000000080008598 (0xff9ff06f)
core   0: 0x0000000080008590 (0x00001397) auipc   t2, 0x1
core   0: 3 0x0000000080008590 (0x00001397) x7  0x0000000080009590
core   0: 0x0000000080008594 (0xa613a823) sw      ra, -1424(t2)
core   0: 3 0x0000000080008594 (0xa613a823) mem 0x0000000080009000 0x00000001
core   0: 0x0000000080008598 (0xff9ff06f) j       pc - 0x8
core   0: 3 0x0000000080008598 (0xff9ff06f)
core   0: 0x0000000080008590 (0x00001397) auipc   t2, 0x1
core   0: 3 0x0000000080008590 (0x00001397) x7  0x0000000080009590
core   0: 0x0000000080008594 (0xa613a823) sw      ra, -1424(t2)
core   0: 3 0x0000000080008594 (0xa613a823) mem 0x0000000080009000 0x00000001
core   0: 0x0000000080008598 (0xff9ff06f) j       pc - 0x8
core   0: 3 0x0000000080008598 (0xff9ff06f)
core   0: 0x0000000080008590 (0x00001397) auipc   t2, 0x1
core   0: 3 0x0000000080008590 (0x00001397) x7  0x0000000080009590
core   0: 0x0000000080008594 (0xa613a823) sw      ra, -1424(t2)
core   0: 3 0x0000000080008594 (0xa613a823) mem 0x0000000080009000 0x00000001
core   0: 0x0000000080008598 (0xff9ff06f) j       pc - 0x8
core   0: 3 0x0000000080008598 (0xff9ff06f)
core   0: 0x0000000080008590 (0x00001397) auipc   t2, 0x1
core   0: 3 0x0000000080008590 (0x00001397) x7  0x0000000080009590
core   0: 0x0000000080008594 (0xa613a823) sw      ra, -1424(t2)
core   0: 3 0x0000000080008594 (0xa613a823) mem 0x0000000080009000 0x00000001
core   0: 0x0000000080008598 (0xff9ff06f) j       pc - 0x8
core   0: 3 0x0000000080008598 (0xff9ff06f)
core   0: 0x0000000080008590 (0x00001397) auipc   t2, 0x1
core   0: 3 0x0000000080008590 (0x00001397) x7  0x0000000080009590
core   0: 0x0000000080008594 (0xa613a823) sw      ra, -1424(t2)
core   0: 3 0x0000000080008594 (0xa613a823) mem 0x0000000080009000 0x00000001
core   0: 0x0000000080008598 (0xff9ff06f) j       pc - 0x8
core   0: 3 0x0000000080008598 (0xff9ff06f)
core   0: 0x0000000080008590 (0x00001397) auipc   t2, 0x1
core   0: 3 0x0000000080008590 (0x00001397) x7  0x0000000080009590
core   0: 0x0000000080008594 (0xa613a823) sw      ra, -1424(t2)
core   0: 3 0x0000000080008594 (0xa613a823) mem 0x0000000080009000 0x00000001
core   0: 0x0000000080008598 (0xff9ff06f) j       pc - 0x8
core   0: 3 0x0000000080008598 (0xff9ff06f)
core   0: 0x0000000080008590 (0x00001397) auipc   t2, 0x1
core   0: 3 0x0000000080008590 (0x00001397) x7  0x0000000080009590
core   0: 0x0000000080008594 (0xa613a823) sw      ra, -1424(t2)
core   0: 3 0x0000000080008594 (0xa613a823) mem 0x0000000080009000 0x00000001
core   0: 0x0000000080008598 (0xff9ff06f) j       pc - 0x8
core   0: 3 0x0000000080008598 (0xff9ff06f)
core   0: 0x0000000080008590 (0x00001397) auipc   t2, 0x1
core   0: 3 0x0000000080008590 (0x00001397) x7  0x0000000080009590
core   0: 0x0000000080008594 (0xa613a823) sw      ra, -1424(t2)
core   0: 3 0x0000000080008594 (0xa613a823) mem 0x0000000080009000 0x00000001
core   0: 0x0000000080008598 (0xff9ff06f) j       pc - 0x8
core   0: 3 0x0000000080008598 (0xff9ff06f)
core   0: 0x0000000080008590 (0x00001397) auipc   t2, 0x1
core   0: 3 0x0000000080008590 (0x00001397) x7  0x0000000080009590
core   0: 0x0000000080008594 (0xa613a823) sw      ra, -1424(t2)
core   0: 3 0x0000000080008594 (0xa613a823) mem 0x0000000080009000 0x00000001
core   0: 0x0000000080008598 (0xff9ff06f) j       pc - 0x8
core   0: 3 0x0000000080008598 (0xff9ff06f)
core   0: 0x0000000080008590 (0x00001397) auipc   t2, 0x1
core   0: 3 0x0000000080008590 (0x00001397) x7  0x0000000080009590
core   0: 0x0000000080008594 (0xa613a823) sw      ra, -1424(t2)
core   0: 3 0x0000000080008594 (0xa613a823) mem 0x0000000080009000 0x00000001
core   0: 0x0000000080008598 (0xff9ff06f) j       pc - 0x8
core   0: 3 0x0000000080008598 (0xff9ff06f)
core   0: 0x0000000080008590 (0x00001397) auipc   t2, 0x1
core   0: 3 0x0000000080008590 (0x00001397) x7  0x0000000080009590
core   0: 0x0000000080008594 (0xa613a823) sw      ra, -1424(t2)
core   0: 3 0x0000000080008594 (0xa613a823) mem 0x0000000080009000 0x00000001
core   0: 0x0000000080008598 (0xff9ff06f) j       pc - 0x8
core   0: 3 0x0000000080008598 (0xff9ff06f)
core   0: 0x0000000080008590 (0x00001397) auipc   t2, 0x1
core   0: 3 0x0000000080008590 (0x00001397) x7  0x0000000080009590
core   0: 0x0000000080008594 (0xa613a823) sw      ra, -1424(t2)
core   0: 3 0x0000000080008594 (0xa613a823) mem 0x0000000080009000 0x00000001
core   0: 0x0000000080008598 (0xff9ff06f) j       pc - 0x8
core   0: 3 0x0000000080008598 (0xff9ff06f)
core   0: 0x0000000080008590 (0x00001397) auipc   t2, 0x1
core   0: 3 0x0000000080008590 (0x00001397) x7  0x0000000080009590
core   0: 0x0000000080008594 (0xa613a823) sw      ra, -1424(t2)
core   0: 3 0x0000000080008594 (0xa613a823) mem 0x0000000080009000 0x00000001
core   0: 0x0000000080008598 (0xff9ff06f) j       pc - 0x8
core   0: 3 0x0000000080008598 (0xff9ff06f)
core   0: 0x0000000080008590 (0x00001397) auipc   t2, 0x1
core   0: 3 0x0000000080008590 (0x00001397) x7  0x0000000080009590
core   0: 0x0000000080008594 (0xa613a823) sw      ra, -1424(t2)
core   0: 3 0x0000000080008594 (0xa613a823) mem 0x0000000080009000 0x00000001
core   0: 0x0000000080008598 (0xff9ff06f) j       pc - 0x8
core   0: 3 0x0000000080008598 (0xff9ff06f)
core   0: 0x0000000080008590 (0x00001397) auipc   t2, 0x1
core   0: 3 0x0000000080008590 (0x00001397) x7  0x0000000080009590
core   0: 0x0000000080008594 (0xa613a823) sw      ra, -1424(t2)
core   0: 3 0x0000000080008594 (0xa613a823) mem 0x0000000080009000 0x00000001
core   0: 0x0000000080008598 (0xff9ff06f) j       pc - 0x8
core   0: 3 0x0000000080008598 (0xff9ff06f)
core   0: 0x0000000080008590 (0x00001397) auipc   t2, 0x1
core   0: 3 0x0000000080008590 (0x00001397) x7  0x0000000080009590
core   0: 0x0000000080008594 (0xa613a823) sw      ra, -1424(t2)
core   0: 3 0x0000000080008594 (0xa613a823) mem 0x0000000080009000 0x00000001
core   0: 0x0000000080008598 (0xff9ff06f) j       pc - 0x8
core   0: 3 0x0000000080008598 (0xff9ff06f)
core   0: 0x0000000080008590 (0x00001397) auipc   t2, 0x1
core   0: 3 0x0000000080008590 (0x00001397) x7  0x0000000080009590
core   0: 0x0000000080008594 (0xa613a823) sw      ra, -1424(t2)
core   0: 3 0x0000000080008594 (0xa613a823) mem 0x0000000080009000 0x00000001
core   0: 0x0000000080008598 (0xff9ff06f) j       pc - 0x8
core   0: 3 0x0000000080008598 (0xff9ff06f)
core   0: 0x0000000080008590 (0x00001397) auipc   t2, 0x1
core   0: 3 0x0000000080008590 (0x00001397) x7  0x0000000080009590
core   0: 0x0000000080008594 (0xa613a823) sw      ra, -1424(t2)
core   0: 3 0x0000000080008594 (0xa613a823) mem 0x0000000080009000 0x00000001
core   0: 0x0000000080008598 (0xff9ff06f) j       pc - 0x8
core   0: 3 0x0000000080008598 (0xff9ff06f)
core   0: 0x0000000080008590 (0x00001397) auipc   t2, 0x1
core   0: 3 0x0000000080008590 (0x00001397) x7  0x0000000080009590
core   0: 0x0000000080008594 (0xa613a823) sw      ra, -1424(t2)
core   0: 3 0x0000000080008594 (0xa613a823) mem 0x0000000080009000 0x00000001
core   0: 0x0000000080008598 (0xff9ff06f) j       pc - 0x8
core   0: 3 0x0000000080008598 (0xff9ff06f)
core   0: 0x0000000080008590 (0x00001397) auipc   t2, 0x1
core   0: 3 0x0000000080008590 (0x00001397) x7  0x0000000080009590
core   0: 0x0000000080008594 (0xa613a823) sw      ra, -1424(t2)
core   0: 3 0x0000000080008594 (0xa613a823) mem 0x0000000080009000 0x00000001
core   0: 0x0000000080008598 (0xff9ff06f) j       pc - 0x8
core   0: 3 0x0000000080008598 (0xff9ff06f)
core   0: 0x0000000080008590 (0x00001397) auipc   t2, 0x1
core   0: 3 0x0000000080008590 (0x00001397) x7  0x0000000080009590
core   0: 0x0000000080008594 (0xa613a823) sw      ra, -1424(t2)
core   0: 3 0x0000000080008594 (0xa613a823) mem 0x0000000080009000 0x00000001
core   0: 0x0000000080008598 (0xff9ff06f) j       pc - 0x8
core   0: 3 0x0000000080008598 (0xff9ff06f)
core   0: 0x0000000080008590 (0x00001397) auipc   t2, 0x1
core   0: 3 0x0000000080008590 (0x00001397) x7  0x0000000080009590
core   0: 0x0000000080008594 (0xa613a823) sw      ra, -1424(t2)
core   0: 3 0x0000000080008594 (0xa613a823) mem 0x0000000080009000 0x00000001
core   0: 0x0000000080008598 (0xff9ff06f) j       pc - 0x8
core   0: 3 0x0000000080008598 (0xff9ff06f)
core   0: 0x0000000080008590 (0x00001397) auipc   t2, 0x1
core   0: 3 0x0000000080008590 (0x00001397) x7  0x0000000080009590
core   0: 0x0000000080008594 (0xa613a823) sw      ra, -1424(t2)
core   0: 3 0x0000000080008594 (0xa613a823) mem 0x0000000080009000 0x00000001
core   0: 0x0000000080008598 (0xff9ff06f) j       pc - 0x8
core   0: 3 0x0000000080008598 (0xff9ff06f)
core   0: 0x0000000080008590 (0x00001397) auipc   t2, 0x1
core   0: 3 0x0000000080008590 (0x00001397) x7  0x0000000080009590
core   0: 0x0000000080008594 (0xa613a823) sw      ra, -1424(t2)
core   0: 3 0x0000000080008594 (0xa613a823) mem 0x0000000080009000 0x00000001
core   0: 0x0000000080008598 (0xff9ff06f) j       pc - 0x8
core   0: 3 0x0000000080008598 (0xff9ff06f)
core   0: 0x0000000080008590 (0x00001397) auipc   t2, 0x1
core   0: 3 0x0000000080008590 (0x00001397) x7  0x0000000080009590
core   0: 0x0000000080008594 (0xa613a823) sw      ra, -1424(t2)
core   0: 3 0x0000000080008594 (0xa613a823) mem 0x0000000080009000 0x00000001
core   0: 0x0000000080008598 (0xff9ff06f) j       pc - 0x8
core   0: 3 0x0000000080008598 (0xff9ff06f)
core   0: 0x0000000080008590 (0x00001397) auipc   t2, 0x1
core   0: 3 0x0000000080008590 (0x00001397) x7  0x0000000080009590
core   0: 0x0000000080008594 (0xa613a823) sw      ra, -1424(t2)
core   0: 3 0x0000000080008594 (0xa613a823) mem 0x0000000080009000 0x00000001
core   0: 0x0000000080008598 (0xff9ff06f) j       pc - 0x8
core   0: 3 0x0000000080008598 (0xff9ff06f)
core   0: 0x0000000080008590 (0x00001397) auipc   t2, 0x1
core   0: 3 0x0000000080008590 (0x00001397) x7  0x0000000080009590
core   0: 0x0000000080008594 (0xa613a823) sw      ra, -1424(t2)
core   0: 3 0x0000000080008594 (0xa613a823) mem 0x0000000080009000 0x00000001
core   0: 0x0000000080008598 (0xff9ff06f) j       pc - 0x8
core   0: 3 0x0000000080008598 (0xff9ff06f)
core   0: 0x0000000080008590 (0x00001397) auipc   t2, 0x1
core   0: 3 0x0000000080008590 (0x00001397) x7  0x0000000080009590
core   0: 0x0000000080008594 (0xa613a823) sw      ra, -1424(t2)
core   0: 3 0x0000000080008594 (0xa613a823) mem 0x0000000080009000 0x00000001
core   0: 0x0000000080008598 (0xff9ff06f) j       pc - 0x8
core   0: 3 0x0000000080008598 (0xff9ff06f)
core   0: 0x0000000080008590 (0x00001397) auipc   t2, 0x1
core   0: 3 0x0000000080008590 (0x00001397) x7  0x0000000080009590
core   0: 0x0000000080008594 (0xa613a823) sw      ra, -1424(t2)
core   0: 3 0x0000000080008594 (0xa613a823) mem 0x0000000080009000 0x00000001
core   0: 0x0000000080008598 (0xff9ff06f) j       pc - 0x8
core   0: 3 0x0000000080008598 (0xff9ff06f)
core   0: 0x0000000080008590 (0x00001397) auipc   t2, 0x1
core   0: 3 0x0000000080008590 (0x00001397) x7  0x0000000080009590
core   0: 0x0000000080008594 (0xa613a823) sw      ra, -1424(t2)
core   0: 3 0x0000000080008594 (0xa613a823) mem 0x0000000080009000 0x00000001
core   0: 0x0000000080008598 (0xff9ff06f) j       pc - 0x8
core   0: 3 0x0000000080008598 (0xff9ff06f)
core   0: 0x0000000080008590 (0x00001397) auipc   t2, 0x1
core   0: 3 0x0000000080008590 (0x00001397) x7  0x0000000080009590
core   0: 0x0000000080008594 (0xa613a823) sw      ra, -1424(t2)
core   0: 3 0x0000000080008594 (0xa613a823) mem 0x0000000080009000 0x00000001
core   0: 0x0000000080008598 (0xff9ff06f) j       pc - 0x8
core   0: 3 0x0000000080008598 (0xff9ff06f)
core   0: 0x0000000080008590 (0x00001397) auipc   t2, 0x1
core   0: 3 0x0000000080008590 (0x00001397) x7  0x0000000080009590
core   0: 0x0000000080008594 (0xa613a823) sw      ra, -1424(t2)
core   0: 3 0x0000000080008594 (0xa613a823) mem 0x0000000080009000 0x00000001
core   0: 0x0000000080008598 (0xff9ff06f) j       pc - 0x8
core   0: 3 0x0000000080008598 (0xff9ff06f)
core   0: 0x0000000080008590 (0x00001397) auipc   t2, 0x1
core   0: 3 0x0000000080008590 (0x00001397) x7  0x0000000080009590
core   0: 0x0000000080008594 (0xa613a823) sw      ra, -1424(t2)
core   0: 3 0x0000000080008594 (0xa613a823) mem 0x0000000080009000 0x00000001
core   0: 0x0000000080008598 (0xff9ff06f) j       pc - 0x8
core   0: 3 0x0000000080008598 (0xff9ff06f)
core   0: 0x0000000080008590 (0x00001397) auipc   t2, 0x1
core   0: 3 0x0000000080008590 (0x00001397) x7  0x0000000080009590
core   0: 0x0000000080008594 (0xa613a823) sw      ra, -1424(t2)
core   0: 3 0x0000000080008594 (0xa613a823) mem 0x0000000080009000 0x00000001
core   0: 0x0000000080008598 (0xff9ff06f) j       pc - 0x8
core   0: 3 0x0000000080008598 (0xff9ff06f)
core   0: 0x0000000080008590 (0x00001397) auipc   t2, 0x1
core   0: 3 0x0000000080008590 (0x00001397) x7  0x0000000080009590
core   0: 0x0000000080008594 (0xa613a823) sw      ra, -1424(t2)
core   0: 3 0x0000000080008594 (0xa613a823) mem 0x0000000080009000 0x00000001
core   0: 0x0000000080008598 (0xff9ff06f) j       pc - 0x8
core   0: 3 0x0000000080008598 (0xff9ff06f)
core   0: 0x0000000080008590 (0x00001397) auipc   t2, 0x1
core   0: 3 0x0000000080008590 (0x00001397) x7  0x0000000080009590
core   0: 0x0000000080008594 (0xa613a823) sw      ra, -1424(t2)
core   0: 3 0x0000000080008594 (0xa613a823) mem 0x0000000080009000 0x00000001
core   0: 0x0000000080008598 (0xff9ff06f) j       pc - 0x8
core   0: 3 0x0000000080008598 (0xff9ff06f)
core   0: 0x0000000080008590 (0x00001397) auipc   t2, 0x1
core   0: 3 0x0000000080008590 (0x00001397) x7  0x0000000080009590
core   0: 0x0000000080008594 (0xa613a823) sw      ra, -1424(t2)
core   0: 3 0x0000000080008594 (0xa613a823) mem 0x0000000080009000 0x00000001
core   0: 0x0000000080008598 (0xff9ff06f) j       pc - 0x8
core   0: 3 0x0000000080008598 (0xff9ff06f)
core   0: 0x0000000080008590 (0x00001397) auipc   t2, 0x1
core   0: 3 0x0000000080008590 (0x00001397) x7  0x0000000080009590
core   0: 0x0000000080008594 (0xa613a823) sw      ra, -1424(t2)
core   0: 3 0x0000000080008594 (0xa613a823) mem 0x0000000080009000 0x00000001
core   0: 0x0000000080008598 (0xff9ff06f) j       pc - 0x8
core   0: 3 0x0000000080008598 (0xff9ff06f)
core   0: 0x0000000080008590 (0x00001397) auipc   t2, 0x1
core   0: 3 0x0000000080008590 (0x00001397) x7  0x0000000080009590
core   0: 0x0000000080008594 (0xa613a823) sw      ra, -1424(t2)
core   0: 3 0x0000000080008594 (0xa613a823) mem 0x0000000080009000 0x00000001
core   0: 0x0000000080008598 (0xff9ff06f) j       pc - 0x8
core   0: 3 0x0000000080008598 (0xff9ff06f)
core   0: 0x0000000080008590 (0x00001397) auipc   t2, 0x1
core   0: 3 0x0000000080008590 (0x00001397) x7  0x0000000080009590
core   0: 0x0000000080008594 (0xa613a823) sw      ra, -1424(t2)
core   0: 3 0x0000000080008594 (0xa613a823) mem 0x0000000080009000 0x00000001
core   0: 0x0000000080008598 (0xff9ff06f) j       pc - 0x8
core   0: 3 0x0000000080008598 (0xff9ff06f)
core   0: 0x0000000080008590 (0x00001397) auipc   t2, 0x1
core   0: 3 0x0000000080008590 (0x00001397) x7  0x0000000080009590
core   0: 0x0000000080008594 (0xa613a823) sw      ra, -1424(t2)
core   0: 3 0x0000000080008594 (0xa613a823) mem 0x0000000080009000 0x00000001
core   0: 0x0000000080008598 (0xff9ff06f) j       pc - 0x8
core   0: 3 0x0000000080008598 (0xff9ff06f)
core   0: 0x0000000080008590 (0x00001397) auipc   t2, 0x1
core   0: 3 0x0000000080008590 (0x00001397) x7  0x0000000080009590
core   0: 0x0000000080008594 (0xa613a823) sw      ra, -1424(t2)
core   0: 3 0x0000000080008594 (0xa613a823) mem 0x0000000080009000 0x00000001
core   0: 0x0000000080008598 (0xff9ff06f) j       pc - 0x8
core   0: 3 0x0000000080008598 (0xff9ff06f)
core   0: 0x0000000080008590 (0x00001397) auipc   t2, 0x1
core   0: 3 0x0000000080008590 (0x00001397) x7  0x0000000080009590
core   0: 0x0000000080008594 (0xa613a823) sw      ra, -1424(t2)
core   0: 3 0x0000000080008594 (0xa613a823) mem 0x0000000080009000 0x00000001
core   0: 0x0000000080008598 (0xff9ff06f) j       pc - 0x8
core   0: 3 0x0000000080008598 (0xff9ff06f)
core   0: 0x0000000080008590 (0x00001397) auipc   t2, 0x1
core   0: 3 0x0000000080008590 (0x00001397) x7  0x0000000080009590
core   0: 0x0000000080008594 (0xa613a823) sw      ra, -1424(t2)
core   0: 3 0x0000000080008594 (0xa613a823) mem 0x0000000080009000 0x00000001
core   0: 0x0000000080008598 (0xff9ff06f) j       pc - 0x8
core   0: 3 0x0000000080008598 (0xff9ff06f)
core   0: 0x0000000080008590 (0x00001397) auipc   t2, 0x1
core   0: 3 0x0000000080008590 (0x00001397) x7  0x0000000080009590
core   0: 0x0000000080008594 (0xa613a823) sw      ra, -1424(t2)
core   0: 3 0x0000000080008594 (0xa613a823) mem 0x0000000080009000 0x00000001
core   0: 0x0000000080008598 (0xff9ff06f) j       pc - 0x8
core   0: 3 0x0000000080008598 (0xff9ff06f)
core   0: 0x0000000080008590 (0x00001397) auipc   t2, 0x1
core   0: 3 0x0000000080008590 (0x00001397) x7  0x0000000080009590
core   0: 0x0000000080008594 (0xa613a823) sw      ra, -1424(t2)
core   0: 3 0x0000000080008594 (0xa613a823) mem 0x0000000080009000 0x00000001
core   0: 0x0000000080008598 (0xff9ff06f) j       pc - 0x8
core   0: 3 0x0000000080008598 (0xff9ff06f)
core   0: 0x0000000080008590 (0x00001397) auipc   t2, 0x1
core   0: 3 0x0000000080008590 (0x00001397) x7  0x0000000080009590
core   0: 0x0000000080008594 (0xa613a823) sw      ra, -1424(t2)
core   0: 3 0x0000000080008594 (0xa613a823) mem 0x0000000080009000 0x00000001
core   0: 0x0000000080008598 (0xff9ff06f) j       pc - 0x8
core   0: 3 0x0000000080008598 (0xff9ff06f)
core   0: 0x0000000080008590 (0x00001397) auipc   t2, 0x1
core   0: 3 0x0000000080008590 (0x00001397) x7  0x0000000080009590
core   0: 0x0000000080008594 (0xa613a823) sw      ra, -1424(t2)
core   0: 3 0x0000000080008594 (0xa613a823) mem 0x0000000080009000 0x00000001
core   0: 0x0000000080008598 (0xff9ff06f) j       pc - 0x8
core   0: 3 0x0000000080008598 (0xff9ff06f)
core   0: 0x0000000080008590 (0x00001397) auipc   t2, 0x1
core   0: 3 0x0000000080008590 (0x00001397) x7  0x0000000080009590
core   0: 0x0000000080008594 (0xa613a823) sw      ra, -1424(t2)
core   0: 3 0x0000000080008594 (0xa613a823) mem 0x0000000080009000 0x00000001
core   0: 0x0000000080008598 (0xff9ff06f) j       pc - 0x8
core   0: 3 0x0000000080008598 (0xff9ff06f)
core   0: 0x0000000080008590 (0x00001397) auipc   t2, 0x1
core   0: 3 0x0000000080008590 (0x00001397) x7  0x0000000080009590
core   0: 0x0000000080008594 (0xa613a823) sw      ra, -1424(t2)
core   0: 3 0x0000000080008594 (0xa613a823) mem 0x0000000080009000 0x00000001
core   0: 0x0000000080008598 (0xff9ff06f) j       pc - 0x8
core   0: 3 0x0000000080008598 (0xff9ff06f)
core   0: 0x0000000080008590 (0x00001397) auipc   t2, 0x1
core   0: 3 0x0000000080008590 (0x00001397) x7  0x0000000080009590
core   0: 0x0000000080008594 (0xa613a823) sw      ra, -1424(t2)
core   0: 3 0x0000000080008594 (0xa613a823) mem 0x0000000080009000 0x00000001
core   0: 0x0000000080008598 (0xff9ff06f) j       pc - 0x8
core   0: 3 0x0000000080008598 (0xff9ff06f)
core   0: 0x0000000080008590 (0x00001397) auipc   t2, 0x1
core   0: 3 0x0000000080008590 (0x00001397) x7  0x0000000080009590
core   0: 0x0000000080008594 (0xa613a823) sw      ra, -1424(t2)
core   0: 3 0x0000000080008594 (0xa613a823) mem 0x0000000080009000 0x00000001
core   0: 0x0000000080008598 (0xff9ff06f) j       pc - 0x8
core   0: 3 0x0000000080008598 (0xff9ff06f)
core   0: 0x0000000080008590 (0x00001397) auipc   t2, 0x1
core   0: 3 0x0000000080008590 (0x00001397) x7  0x0000000080009590
core   0: 0x0000000080008594 (0xa613a823) sw      ra, -1424(t2)
core   0: 3 0x0000000080008594 (0xa613a823) mem 0x0000000080009000 0x00000001
core   0: 0x0000000080008598 (0xff9ff06f) j       pc - 0x8
core   0: 3 0x0000000080008598 (0xff9ff06f)
core   0: 0x0000000080008590 (0x00001397) auipc   t2, 0x1
core   0: 3 0x0000000080008590 (0x00001397) x7  0x0000000080009590
core   0: 0x0000000080008594 (0xa613a823) sw      ra, -1424(t2)
core   0: 3 0x0000000080008594 (0xa613a823) mem 0x0000000080009000 0x00000001
core   0: 0x0000000080008598 (0xff9ff06f) j       pc - 0x8
core   0: 3 0x0000000080008598 (0xff9ff06f)
core   0: 0x0000000080008590 (0x00001397) auipc   t2, 0x1
core   0: 3 0x0000000080008590 (0x00001397) x7  0x0000000080009590
core   0: 0x0000000080008594 (0xa613a823) sw      ra, -1424(t2)
core   0: 3 0x0000000080008594 (0xa613a823) mem 0x0000000080009000 0x00000001
core   0: 0x0000000080008598 (0xff9ff06f) j       pc - 0x8
core   0: 3 0x0000000080008598 (0xff9ff06f)
core   0: 0x0000000080008590 (0x00001397) auipc   t2, 0x1
core   0: 3 0x0000000080008590 (0x00001397) x7  0x0000000080009590
core   0: 0x0000000080008594 (0xa613a823) sw      ra, -1424(t2)
core   0: 3 0x0000000080008594 (0xa613a823) mem 0x0000000080009000 0x00000001
core   0: 0x0000000080008598 (0xff9ff06f) j       pc - 0x8
core   0: 3 0x0000000080008598 (0xff9ff06f)
core   0: 0x0000000080008590 (0x00001397) auipc   t2, 0x1
core   0: 3 0x0000000080008590 (0x00001397) x7  0x0000000080009590
core   0: 0x0000000080008594 (0xa613a823) sw      ra, -1424(t2)
core   0: 3 0x0000000080008594 (0xa613a823) mem 0x0000000080009000 0x00000001
core   0: 0x0000000080008598 (0xff9ff06f) j       pc - 0x8
core   0: 3 0x0000000080008598 (0xff9ff06f)
core   0: 0x0000000080008590 (0x00001397) auipc   t2, 0x1
core   0: 3 0x0000000080008590 (0x00001397) x7  0x0000000080009590
core   0: 0x0000000080008594 (0xa613a823) sw      ra, -1424(t2)
core   0: 3 0x0000000080008594 (0xa613a823) mem 0x0000000080009000 0x00000001
core   0: 0x0000000080008598 (0xff9ff06f) j       pc - 0x8
core   0: 3 0x0000000080008598 (0xff9ff06f)
core   0: 0x0000000080008590 (0x00001397) auipc   t2, 0x1
core   0: 3 0x0000000080008590 (0x00001397) x7  0x0000000080009590
core   0: 0x0000000080008594 (0xa613a823) sw      ra, -1424(t2)
core   0: 3 0x0000000080008594 (0xa613a823) mem 0x0000000080009000 0x00000001
core   0: 0x0000000080008598 (0xff9ff06f) j       pc - 0x8
core   0: 3 0x0000000080008598 (0xff9ff06f)
core   0: 0x0000000080008590 (0x00001397) auipc   t2, 0x1
core   0: 3 0x0000000080008590 (0x00001397) x7  0x0000000080009590
core   0: 0x0000000080008594 (0xa613a823) sw      ra, -1424(t2)
core   0: 3 0x0000000080008594 (0xa613a823) mem 0x0000000080009000 0x00000001
core   0: 0x0000000080008598 (0xff9ff06f) j       pc - 0x8
core   0: 3 0x0000000080008598 (0xff9ff06f)
core   0: 0x0000000080008590 (0x00001397) auipc   t2, 0x1
core   0: 3 0x0000000080008590 (0x00001397) x7  0x0000000080009590
core   0: 0x0000000080008594 (0xa613a823) sw      ra, -1424(t2)
core   0: 3 0x0000000080008594 (0xa613a823) mem 0x0000000080009000 0x00000001
core   0: 0x0000000080008598 (0xff9ff06f) j       pc - 0x8
core   0: 3 0x0000000080008598 (0xff9ff06f)
core   0: 0x0000000080008590 (0x00001397) auipc   t2, 0x1
core   0: 3 0x0000000080008590 (0x00001397) x7  0x0000000080009590
core   0: 0x0000000080008594 (0xa613a823) sw      ra, -1424(t2)
core   0: 3 0x0000000080008594 (0xa613a823) mem 0x0000000080009000 0x00000001
core   0: 0x0000000080008598 (0xff9ff06f) j       pc - 0x8
core   0: 3 0x0000000080008598 (0xff9ff06f)
core   0: 0x0000000080008590 (0x00001397) auipc   t2, 0x1
core   0: 3 0x0000000080008590 (0x00001397) x7  0x0000000080009590
core   0: 0x0000000080008594 (0xa613a823) sw      ra, -1424(t2)
core   0: 3 0x0000000080008594 (0xa613a823) mem 0x0000000080009000 0x00000001
core   0: 0x0000000080008598 (0xff9ff06f) j       pc - 0x8
core   0: 3 0x0000000080008598 (0xff9ff06f)
core   0: 0x0000000080008590 (0x00001397) auipc   t2, 0x1
core   0: 3 0x0000000080008590 (0x00001397) x7  0x0000000080009590
core   0: 0x0000000080008594 (0xa613a823) sw      ra, -1424(t2)
core   0: 3 0x0000000080008594 (0xa613a823) mem 0x0000000080009000 0x00000001
core   0: 0x0000000080008598 (0xff9ff06f) j       pc - 0x8
core   0: 3 0x0000000080008598 (0xff9ff06f)
core   0: 0x0000000080008590 (0x00001397) auipc   t2, 0x1
core   0: 3 0x0000000080008590 (0x00001397) x7  0x0000000080009590
core   0: 0x0000000080008594 (0xa613a823) sw      ra, -1424(t2)
core   0: 3 0x0000000080008594 (0xa613a823) mem 0x0000000080009000 0x00000001
core   0: 0x0000000080008598 (0xff9ff06f) j       pc - 0x8
core   0: 3 0x0000000080008598 (0xff9ff06f)
core   0: 0x0000000080008590 (0x00001397) auipc   t2, 0x1
core   0: 3 0x0000000080008590 (0x00001397) x7  0x0000000080009590
core   0: 0x0000000080008594 (0xa613a823) sw      ra, -1424(t2)
core   0: 3 0x0000000080008594 (0xa613a823) mem 0x0000000080009000 0x00000001
core   0: 0x0000000080008598 (0xff9ff06f) j       pc - 0x8
core   0: 3 0x0000000080008598 (0xff9ff06f)
core   0: 0x0000000080008590 (0x00001397) auipc   t2, 0x1
core   0: 3 0x0000000080008590 (0x00001397) x7  0x0000000080009590
core   0: 0x0000000080008594 (0xa613a823) sw      ra, -1424(t2)
core   0: 3 0x0000000080008594 (0xa613a823) mem 0x0000000080009000 0x00000001
core   0: 0x0000000080008598 (0xff9ff06f) j       pc - 0x8
core   0: 3 0x0000000080008598 (0xff9ff06f)
core   0: 0x0000000080008590 (0x00001397) auipc   t2, 0x1
core   0: 3 0x0000000080008590 (0x00001397) x7  0x0000000080009590
core   0: 0x0000000080008594 (0xa613a823) sw      ra, -1424(t2)
core   0: 3 0x0000000080008594 (0xa613a823) mem 0x0000000080009000 0x00000001
core   0: 0x0000000080008598 (0xff9ff06f) j       pc - 0x8
core   0: 3 0x0000000080008598 (0xff9ff06f)
core   0: 0x0000000080008590 (0x00001397) auipc   t2, 0x1
core   0: 3 0x0000000080008590 (0x00001397) x7  0x0000000080009590
core   0: 0x0000000080008594 (0xa613a823) sw      ra, -1424(t2)
core   0: 3 0x0000000080008594 (0xa613a823) mem 0x0000000080009000 0x00000001
core   0: 0x0000000080008598 (0xff9ff06f) j       pc - 0x8
core   0: 3 0x0000000080008598 (0xff9ff06f)
core   0: 0x0000000080008590 (0x00001397) auipc   t2, 0x1
core   0: 3 0x0000000080008590 (0x00001397) x7  0x0000000080009590
core   0: 0x0000000080008594 (0xa613a823) sw      ra, -1424(t2)
core   0: 3 0x0000000080008594 (0xa613a823) mem 0x0000000080009000 0x00000001
core   0: 0x0000000080008598 (0xff9ff06f) j       pc - 0x8
core   0: 3 0x0000000080008598 (0xff9ff06f)
core   0: 0x0000000080008590 (0x00001397) auipc   t2, 0x1
core   0: 3 0x0000000080008590 (0x00001397) x7  0x0000000080009590
core   0: 0x0000000080008594 (0xa613a823) sw      ra, -1424(t2)
core   0: 3 0x0000000080008594 (0xa613a823) mem 0x0000000080009000 0x00000001
core   0: 0x0000000080008598 (0xff9ff06f) j       pc - 0x8
core   0: 3 0x0000000080008598 (0xff9ff06f)
core   0: 0x0000000080008590 (0x00001397) auipc   t2, 0x1
core   0: 3 0x0000000080008590 (0x00001397) x7  0x0000000080009590
core   0: 0x0000000080008594 (0xa613a823) sw      ra, -1424(t2)
core   0: 3 0x0000000080008594 (0xa613a823) mem 0x0000000080009000 0x00000001
core   0: 0x0000000080008598 (0xff9ff06f) j       pc - 0x8
core   0: 3 0x0000000080008598 (0xff9ff06f)
core   0: 0x0000000080008590 (0x00001397) auipc   t2, 0x1
core   0: 3 0x0000000080008590 (0x00001397) x7  0x0000000080009590
core   0: 0x0000000080008594 (0xa613a823) sw      ra, -1424(t2)
core   0: 3 0x0000000080008594 (0xa613a823) mem 0x0000000080009000 0x00000001
core   0: 0x0000000080008598 (0xff9ff06f) j       pc - 0x8
core   0: 3 0x0000000080008598 (0xff9ff06f)
core   0: 0x0000000080008590 (0x00001397) auipc   t2, 0x1
core   0: 3 0x0000000080008590 (0x00001397) x7  0x0000000080009590
core   0: 0x0000000080008594 (0xa613a823) sw      ra, -1424(t2)
core   0: 3 0x0000000080008594 (0xa613a823) mem 0x0000000080009000 0x00000001
core   0: 0x0000000080008598 (0xff9ff06f) j       pc - 0x8
core   0: 3 0x0000000080008598 (0xff9ff06f)
core   0: 0x0000000080008590 (0x00001397) auipc   t2, 0x1
core   0: 3 0x0000000080008590 (0x00001397) x7  0x0000000080009590
core   0: 0x0000000080008594 (0xa613a823) sw      ra, -1424(t2)
core   0: 3 0x0000000080008594 (0xa613a823) mem 0x0000000080009000 0x00000001
core   0: 0x0000000080008598 (0xff9ff06f) j       pc - 0x8
core   0: 3 0x0000000080008598 (0xff9ff06f)
core   0: 0x0000000080008590 (0x00001397) auipc   t2, 0x1
core   0: 3 0x0000000080008590 (0x00001397) x7  0x0000000080009590
core   0: 0x0000000080008594 (0xa613a823) sw      ra, -1424(t2)
core   0: 3 0x0000000080008594 (0xa613a823) mem 0x0000000080009000 0x00000001
core   0: 0x0000000080008598 (0xff9ff06f) j       pc - 0x8
core   0: 3 0x0000000080008598 (0xff9ff06f)
core   0: 0x0000000080008590 (0x00001397) auipc   t2, 0x1
core   0: 3 0x0000000080008590 (0x00001397) x7  0x0000000080009590
core   0: 0x0000000080008594 (0xa613a823) sw      ra, -1424(t2)
core   0: 3 0x0000000080008594 (0xa613a823) mem 0x0000000080009000 0x00000001
core   0: 0x0000000080008598 (0xff9ff06f) j       pc - 0x8
core   0: 3 0x0000000080008598 (0xff9ff06f)
core   0: 0x0000000080008590 (0x00001397) auipc   t2, 0x1
core   0: 3 0x0000000080008590 (0x00001397) x7  0x0000000080009590
core   0: 0x0000000080008594 (0xa613a823) sw      ra, -1424(t2)
core   0: 3 0x0000000080008594 (0xa613a823) mem 0x0000000080009000 0x00000001
core   0: 0x0000000080008598 (0xff9ff06f) j       pc - 0x8
core   0: 3 0x0000000080008598 (0xff9ff06f)
core   0: 0x0000000080008590 (0x00001397) auipc   t2, 0x1
core   0: 3 0x0000000080008590 (0x00001397) x7  0x0000000080009590
core   0: 0x0000000080008594 (0xa613a823) sw      ra, -1424(t2)
core   0: 3 0x0000000080008594 (0xa613a823) mem 0x0000000080009000 0x00000001
core   0: 0x0000000080008598 (0xff9ff06f) j       pc - 0x8
core   0: 3 0x0000000080008598 (0xff9ff06f)
core   0: 0x0000000080008590 (0x00001397) auipc   t2, 0x1
core   0: 3 0x0000000080008590 (0x00001397) x7  0x0000000080009590
core   0: 0x0000000080008594 (0xa613a823) sw      ra, -1424(t2)
core   0: 3 0x0000000080008594 (0xa613a823) mem 0x0000000080009000 0x00000001
core   0: 0x0000000080008598 (0xff9ff06f) j       pc - 0x8
core   0: 3 0x0000000080008598 (0xff9ff06f)
core   0: 0x0000000080008590 (0x00001397) auipc   t2, 0x1
core   0: 3 0x0000000080008590 (0x00001397) x7  0x0000000080009590
core   0: 0x0000000080008594 (0xa613a823) sw      ra, -1424(t2)
core   0: 3 0x0000000080008594 (0xa613a823) mem 0x0000000080009000 0x00000001
core   0: 0x0000000080008598 (0xff9ff06f) j       pc - 0x8
core   0: 3 0x0000000080008598 (0xff9ff06f)
core   0: 0x0000000080008590 (0x00001397) auipc   t2, 0x1
core   0: 3 0x0000000080008590 (0x00001397) x7  0x0000000080009590
core   0: 0x0000000080008594 (0xa613a823) sw      ra, -1424(t2)
core   0: 3 0x0000000080008594 (0xa613a823) mem 0x0000000080009000 0x00000001
core   0: 0x0000000080008598 (0xff9ff06f) j       pc - 0x8
core   0: 3 0x0000000080008598 (0xff9ff06f)
core   0: 0x0000000080008590 (0x00001397) auipc   t2, 0x1
core   0: 3 0x0000000080008590 (0x00001397) x7  0x0000000080009590
core   0: 0x0000000080008594 (0xa613a823) sw      ra, -1424(t2)
core   0: 3 0x0000000080008594 (0xa613a823) mem 0x0000000080009000 0x00000001
core   0: 0x0000000080008598 (0xff9ff06f) j       pc - 0x8
core   0: 3 0x0000000080008598 (0xff9ff06f)
core   0: 0x0000000080008590 (0x00001397) auipc   t2, 0x1
core   0: 3 0x0000000080008590 (0x00001397) x7  0x0000000080009590
core   0: 0x0000000080008594 (0xa613a823) sw      ra, -1424(t2)
core   0: 3 0x0000000080008594 (0xa613a823) mem 0x0000000080009000 0x00000001
core   0: 0x0000000080008598 (0xff9ff06f) j       pc - 0x8
core   0: 3 0x0000000080008598 (0xff9ff06f)
core   0: 0x0000000080008590 (0x00001397) auipc   t2, 0x1
core   0: 3 0x0000000080008590 (0x00001397) x7  0x0000000080009590
core   0: 0x0000000080008594 (0xa613a823) sw      ra, -1424(t2)
core   0: 3 0x0000000080008594 (0xa613a823) mem 0x0000000080009000 0x00000001
core   0: 0x0000000080008598 (0xff9ff06f) j       pc - 0x8
core   0: 3 0x0000000080008598 (0xff9ff06f)
core   0: 0x0000000080008590 (0x00001397) auipc   t2, 0x1
core   0: 3 0x0000000080008590 (0x00001397) x7  0x0000000080009590
core   0: 0x0000000080008594 (0xa613a823) sw      ra, -1424(t2)
core   0: 3 0x0000000080008594 (0xa613a823) mem 0x0000000080009000 0x00000001
core   0: 0x0000000080008598 (0xff9ff06f) j       pc - 0x8
core   0: 3 0x0000000080008598 (0xff9ff06f)
core   0: 0x0000000080008590 (0x00001397) auipc   t2, 0x1
core   0: 3 0x0000000080008590 (0x00001397) x7  0x0000000080009590
core   0: 0x0000000080008594 (0xa613a823) sw      ra, -1424(t2)
core   0: 3 0x0000000080008594 (0xa613a823) mem 0x0000000080009000 0x00000001
core   0: 0x0000000080008598 (0xff9ff06f) j       pc - 0x8
core   0: 3 0x0000000080008598 (0xff9ff06f)
core   0: 0x0000000080008590 (0x00001397) auipc   t2, 0x1
core   0: 3 0x0000000080008590 (0x00001397) x7  0x0000000080009590
core   0: 0x0000000080008594 (0xa613a823) sw      ra, -1424(t2)
core   0: 3 0x0000000080008594 (0xa613a823) mem 0x0000000080009000 0x00000001
core   0: 0x0000000080008598 (0xff9ff06f) j       pc - 0x8
core   0: 3 0x0000000080008598 (0xff9ff06f)
core   0: 0x0000000080008590 (0x00001397) auipc   t2, 0x1
core   0: 3 0x0000000080008590 (0x00001397) x7  0x0000000080009590
core   0: 0x0000000080008594 (0xa613a823) sw      ra, -1424(t2)
core   0: 3 0x0000000080008594 (0xa613a823) mem 0x0000000080009000 0x00000001
core   0: 0x0000000080008598 (0xff9ff06f) j       pc - 0x8
core   0: 3 0x0000000080008598 (0xff9ff06f)
core   0: 0x0000000080008590 (0x00001397) auipc   t2, 0x1
core   0: 3 0x0000000080008590 (0x00001397) x7  0x0000000080009590
core   0: 0x0000000080008594 (0xa613a823) sw      ra, -1424(t2)
core   0: 3 0x0000000080008594 (0xa613a823) mem 0x0000000080009000 0x00000001
core   0: 0x0000000080008598 (0xff9ff06f) j       pc - 0x8
core   0: 3 0x0000000080008598 (0xff9ff06f)
core   0: 0x0000000080008590 (0x00001397) auipc   t2, 0x1
core   0: 3 0x0000000080008590 (0x00001397) x7  0x0000000080009590
core   0: 0x0000000080008594 (0xa613a823) sw      ra, -1424(t2)
core   0: 3 0x0000000080008594 (0xa613a823) mem 0x0000000080009000 0x00000001
core   0: 0x0000000080008598 (0xff9ff06f) j       pc - 0x8
core   0: 3 0x0000000080008598 (0xff9ff06f)
core   0: 0x0000000080008590 (0x00001397) auipc   t2, 0x1
core   0: 3 0x0000000080008590 (0x00001397) x7  0x0000000080009590
core   0: 0x0000000080008594 (0xa613a823) sw      ra, -1424(t2)
core   0: 3 0x0000000080008594 (0xa613a823) mem 0x0000000080009000 0x00000001
core   0: 0x0000000080008598 (0xff9ff06f) j       pc - 0x8
core   0: 3 0x0000000080008598 (0xff9ff06f)
core   0: 0x0000000080008590 (0x00001397) auipc   t2, 0x1
core   0: 3 0x0000000080008590 (0x00001397) x7  0x0000000080009590
core   0: 0x0000000080008594 (0xa613a823) sw      ra, -1424(t2)
core   0: 3 0x0000000080008594 (0xa613a823) mem 0x0000000080009000 0x00000001
core   0: 0x0000000080008598 (0xff9ff06f) j       pc - 0x8
core   0: 3 0x0000000080008598 (0xff9ff06f)
core   0: 0x0000000080008590 (0x00001397) auipc   t2, 0x1
core   0: 3 0x0000000080008590 (0x00001397) x7  0x0000000080009590
core   0: 0x0000000080008594 (0xa613a823) sw      ra, -1424(t2)
core   0: 3 0x0000000080008594 (0xa613a823) mem 0x0000000080009000 0x00000001
core   0: 0x0000000080008598 (0xff9ff06f) j       pc - 0x8
core   0: 3 0x0000000080008598 (0xff9ff06f)
core   0: 0x0000000080008590 (0x00001397) auipc   t2, 0x1
core   0: 3 0x0000000080008590 (0x00001397) x7  0x0000000080009590
core   0: 0x0000000080008594 (0xa613a823) sw      ra, -1424(t2)
core   0: 3 0x0000000080008594 (0xa613a823) mem 0x0000000080009000 0x00000001
core   0: 0x0000000080008598 (0xff9ff06f) j       pc - 0x8
core   0: 3 0x0000000080008598 (0xff9ff06f)
core   0: 0x0000000080008590 (0x00001397) auipc   t2, 0x1
core   0: 3 0x0000000080008590 (0x00001397) x7  0x0000000080009590
core   0: 0x0000000080008594 (0xa613a823) sw      ra, -1424(t2)
core   0: 3 0x0000000080008594 (0xa613a823) mem 0x0000000080009000 0x00000001
core   0: 0x0000000080008598 (0xff9ff06f) j       pc - 0x8
core   0: 3 0x0000000080008598 (0xff9ff06f)
core   0: 0x0000000080008590 (0x00001397) auipc   t2, 0x1
core   0: 3 0x0000000080008590 (0x00001397) x7  0x0000000080009590
core   0: 0x0000000080008594 (0xa613a823) sw      ra, -1424(t2)
core   0: 3 0x0000000080008594 (0xa613a823) mem 0x0000000080009000 0x00000001
core   0: 0x0000000080008598 (0xff9ff06f) j       pc - 0x8
core   0: 3 0x0000000080008598 (0xff9ff06f)
core   0: 0x0000000080008590 (0x00001397) auipc   t2, 0x1
core   0: 3 0x0000000080008590 (0x00001397) x7  0x0000000080009590
core   0: 0x0000000080008594 (0xa613a823) sw      ra, -1424(t2)
core   0: 3 0x0000000080008594 (0xa613a823) mem 0x0000000080009000 0x00000001
core   0: 0x0000000080008598 (0xff9ff06f) j       pc - 0x8
core   0: 3 0x0000000080008598 (0xff9ff06f)
core   0: 0x0000000080008590 (0x00001397) auipc   t2, 0x1
core   0: 3 0x0000000080008590 (0x00001397) x7  0x0000000080009590
core   0: 0x0000000080008594 (0xa613a823) sw      ra, -1424(t2)
core   0: 3 0x0000000080008594 (0xa613a823) mem 0x0000000080009000 0x00000001
core   0: 0x0000000080008598 (0xff9ff06f) j       pc - 0x8
core   0: 3 0x0000000080008598 (0xff9ff06f)
core   0: 0x0000000080008590 (0x00001397) auipc   t2, 0x1
core   0: 3 0x0000000080008590 (0x00001397) x7  0x0000000080009590
core   0: 0x0000000080008594 (0xa613a823) sw      ra, -1424(t2)
core   0: 3 0x0000000080008594 (0xa613a823) mem 0x0000000080009000 0x00000001
core   0: 0x0000000080008598 (0xff9ff06f) j       pc - 0x8
core   0: 3 0x0000000080008598 (0xff9ff06f)
core   0: 0x0000000080008590 (0x00001397) auipc   t2, 0x1
core   0: 3 0x0000000080008590 (0x00001397) x7  0x0000000080009590
core   0: 0x0000000080008594 (0xa613a823) sw      ra, -1424(t2)
core   0: 3 0x0000000080008594 (0xa613a823) mem 0x0000000080009000 0x00000001
core   0: 0x0000000080008598 (0xff9ff06f) j       pc - 0x8
core   0: 3 0x0000000080008598 (0xff9ff06f)
core   0: 0x0000000080008590 (0x00001397) auipc   t2, 0x1
core   0: 3 0x0000000080008590 (0x00001397) x7  0x0000000080009590
core   0: 0x0000000080008594 (0xa613a823) sw      ra, -1424(t2)
core   0: 3 0x0000000080008594 (0xa613a823) mem 0x0000000080009000 0x00000001
core   0: 0x0000000080008598 (0xff9ff06f) j       pc - 0x8
core   0: 3 0x0000000080008598 (0xff9ff06f)
core   0: 0x0000000080008590 (0x00001397) auipc   t2, 0x1
core   0: 3 0x0000000080008590 (0x00001397) x7  0x0000000080009590
core   0: 0x0000000080008594 (0xa613a823) sw      ra, -1424(t2)
core   0: 3 0x0000000080008594 (0xa613a823) mem 0x0000000080009000 0x00000001
core   0: 0x0000000080008598 (0xff9ff06f) j       pc - 0x8
core   0: 3 0x0000000080008598 (0xff9ff06f)
core   0: 0x0000000080008590 (0x00001397) auipc   t2, 0x1
core   0: 3 0x0000000080008590 (0x00001397) x7  0x0000000080009590
core   0: 0x0000000080008594 (0xa613a823) sw      ra, -1424(t2)
core   0: 3 0x0000000080008594 (0xa613a823) mem 0x0000000080009000 0x00000001
core   0: 0x0000000080008598 (0xff9ff06f) j       pc - 0x8
core   0: 3 0x0000000080008598 (0xff9ff06f)
core   0: 0x0000000080008590 (0x00001397) auipc   t2, 0x1
core   0: 3 0x0000000080008590 (0x00001397) x7  0x0000000080009590
core   0: 0x0000000080008594 (0xa613a823) sw      ra, -1424(t2)
core   0: 3 0x0000000080008594 (0xa613a823) mem 0x0000000080009000 0x00000001
core   0: 0x0000000080008598 (0xff9ff06f) j       pc - 0x8
core   0: 3 0x0000000080008598 (0xff9ff06f)
core   0: 0x0000000080008590 (0x00001397) auipc   t2, 0x1
core   0: 3 0x0000000080008590 (0x00001397) x7  0x0000000080009590
core   0: 0x0000000080008594 (0xa613a823) sw      ra, -1424(t2)
core   0: 3 0x0000000080008594 (0xa613a823) mem 0x0000000080009000 0x00000001
core   0: 0x0000000080008598 (0xff9ff06f) j       pc - 0x8
core   0: 3 0x0000000080008598 (0xff9ff06f)
core   0: 0x0000000080008590 (0x00001397) auipc   t2, 0x1
core   0: 3 0x0000000080008590 (0x00001397) x7  0x0000000080009590
core   0: 0x0000000080008594 (0xa613a823) sw      ra, -1424(t2)
core   0: 3 0x0000000080008594 (0xa613a823) mem 0x0000000080009000 0x00000001
core   0: 0x0000000080008598 (0xff9ff06f) j       pc - 0x8
core   0: 3 0x0000000080008598 (0xff9ff06f)
core   0: 0x0000000080008590 (0x00001397) auipc   t2, 0x1
core   0: 3 0x0000000080008590 (0x00001397) x7  0x0000000080009590
core   0: 0x0000000080008594 (0xa613a823) sw      ra, -1424(t2)
core   0: 3 0x0000000080008594 (0xa613a823) mem 0x0000000080009000 0x00000001
core   0: 0x0000000080008598 (0xff9ff06f) j       pc - 0x8
core   0: 3 0x0000000080008598 (0xff9ff06f)
core   0: 0x0000000080008590 (0x00001397) auipc   t2, 0x1
core   0: 3 0x0000000080008590 (0x00001397) x7  0x0000000080009590
core   0: 0x0000000080008594 (0xa613a823) sw      ra, -1424(t2)
core   0: 3 0x0000000080008594 (0xa613a823) mem 0x0000000080009000 0x00000001
core   0: 0x0000000080008598 (0xff9ff06f) j       pc - 0x8
core   0: 3 0x0000000080008598 (0xff9ff06f)
core   0: 0x0000000080008590 (0x00001397) auipc   t2, 0x1
core   0: 3 0x0000000080008590 (0x00001397) x7  0x0000000080009590
core   0: 0x0000000080008594 (0xa613a823) sw      ra, -1424(t2)
core   0: 3 0x0000000080008594 (0xa613a823) mem 0x0000000080009000 0x00000001
core   0: 0x0000000080008598 (0xff9ff06f) j       pc - 0x8
core   0: 3 0x0000000080008598 (0xff9ff06f)
core   0: 0x0000000080008590 (0x00001397) auipc   t2, 0x1
core   0: 3 0x0000000080008590 (0x00001397) x7  0x0000000080009590
core   0: 0x0000000080008594 (0xa613a823) sw      ra, -1424(t2)
core   0: 3 0x0000000080008594 (0xa613a823) mem 0x0000000080009000 0x00000001
core   0: 0x0000000080008598 (0xff9ff06f) j       pc - 0x8
core   0: 3 0x0000000080008598 (0xff9ff06f)
core   0: 0x0000000080008590 (0x00001397) auipc   t2, 0x1
core   0: 3 0x0000000080008590 (0x00001397) x7  0x0000000080009590
core   0: 0x0000000080008594 (0xa613a823) sw      ra, -1424(t2)
core   0: 3 0x0000000080008594 (0xa613a823) mem 0x0000000080009000 0x00000001
core   0: 0x0000000080008598 (0xff9ff06f) j       pc - 0x8
core   0: 3 0x0000000080008598 (0xff9ff06f)
core   0: 0x0000000080008590 (0x00001397) auipc   t2, 0x1
core   0: 3 0x0000000080008590 (0x00001397) x7  0x0000000080009590
core   0: 0x0000000080008594 (0xa613a823) sw      ra, -1424(t2)
core   0: 3 0x0000000080008594 (0xa613a823) mem 0x0000000080009000 0x00000001
core   0: 0x0000000080008598 (0xff9ff06f) j       pc - 0x8
core   0: 3 0x0000000080008598 (0xff9ff06f)
core   0: 0x0000000080008590 (0x00001397) auipc   t2, 0x1
core   0: 3 0x0000000080008590 (0x00001397) x7  0x0000000080009590
core   0: 0x0000000080008594 (0xa613a823) sw      ra, -1424(t2)
core   0: 3 0x0000000080008594 (0xa613a823) mem 0x0000000080009000 0x00000001
core   0: 0x0000000080008598 (0xff9ff06f) j       pc - 0x8
core   0: 3 0x0000000080008598 (0xff9ff06f)
core   0: 0x0000000080008590 (0x00001397) auipc   t2, 0x1
core   0: 3 0x0000000080008590 (0x00001397) x7  0x0000000080009590
core   0: 0x0000000080008594 (0xa613a823) sw      ra, -1424(t2)
core   0: 3 0x0000000080008594 (0xa613a823) mem 0x0000000080009000 0x00000001
core   0: 0x0000000080008598 (0xff9ff06f) j       pc - 0x8
core   0: 3 0x0000000080008598 (0xff9ff06f)
core   0: 0x0000000080008590 (0x00001397) auipc   t2, 0x1
core   0: 3 0x0000000080008590 (0x00001397) x7  0x0000000080009590
core   0: 0x0000000080008594 (0xa613a823) sw      ra, -1424(t2)
core   0: 3 0x0000000080008594 (0xa613a823) mem 0x0000000080009000 0x00000001
core   0: 0x0000000080008598 (0xff9ff06f) j       pc - 0x8
core   0: 3 0x0000000080008598 (0xff9ff06f)
core   0: 0x0000000080008590 (0x00001397) auipc   t2, 0x1
core   0: 3 0x0000000080008590 (0x00001397) x7  0x0000000080009590
core   0: 0x0000000080008594 (0xa613a823) sw      ra, -1424(t2)
core   0: 3 0x0000000080008594 (0xa613a823) mem 0x0000000080009000 0x00000001
core   0: 0x0000000080008598 (0xff9ff06f) j       pc - 0x8
core   0: 3 0x0000000080008598 (0xff9ff06f)
core   0: 0x0000000080008590 (0x00001397) auipc   t2, 0x1
core   0: 3 0x0000000080008590 (0x00001397) x7  0x0000000080009590
core   0: 0x0000000080008594 (0xa613a823) sw      ra, -1424(t2)
core   0: 3 0x0000000080008594 (0xa613a823) mem 0x0000000080009000 0x00000001
core   0: 0x0000000080008598 (0xff9ff06f) j       pc - 0x8
core   0: 3 0x0000000080008598 (0xff9ff06f)
core   0: 0x0000000080008590 (0x00001397) auipc   t2, 0x1
core   0: 3 0x0000000080008590 (0x00001397) x7  0x0000000080009590
core   0: 0x0000000080008594 (0xa613a823) sw      ra, -1424(t2)
core   0: 3 0x0000000080008594 (0xa613a823) mem 0x0000000080009000 0x00000001
core   0: 0x0000000080008598 (0xff9ff06f) j       pc - 0x8
core   0: 3 0x0000000080008598 (0xff9ff06f)
core   0: 0x0000000080008590 (0x00001397) auipc   t2, 0x1
core   0: 3 0x0000000080008590 (0x00001397) x7  0x0000000080009590
core   0: 0x0000000080008594 (0xa613a823) sw      ra, -1424(t2)
core   0: 3 0x0000000080008594 (0xa613a823) mem 0x0000000080009000 0x00000001
core   0: 0x0000000080008598 (0xff9ff06f) j       pc - 0x8
core   0: 3 0x0000000080008598 (0xff9ff06f)
core   0: 0x0000000080008590 (0x00001397) auipc   t2, 0x1
core   0: 3 0x0000000080008590 (0x00001397) x7  0x0000000080009590
core   0: 0x0000000080008594 (0xa613a823) sw      ra, -1424(t2)
core   0: 3 0x0000000080008594 (0xa613a823) mem 0x0000000080009000 0x00000001
core   0: 0x0000000080008598 (0xff9ff06f) j       pc - 0x8
core   0: 3 0x0000000080008598 (0xff9ff06f)
core   0: 0x0000000080008590 (0x00001397) auipc   t2, 0x1
core   0: 3 0x0000000080008590 (0x00001397) x7  0x0000000080009590
core   0: 0x0000000080008594 (0xa613a823) sw      ra, -1424(t2)
core   0: 3 0x0000000080008594 (0xa613a823) mem 0x0000000080009000 0x00000001
core   0: 0x0000000080008598 (0xff9ff06f) j       pc - 0x8
core   0: 3 0x0000000080008598 (0xff9ff06f)
core   0: 0x0000000080008590 (0x00001397) auipc   t2, 0x1
core   0: 3 0x0000000080008590 (0x00001397) x7  0x0000000080009590
core   0: 0x0000000080008594 (0xa613a823) sw      ra, -1424(t2)
core   0: 3 0x0000000080008594 (0xa613a823) mem 0x0000000080009000 0x00000001
core   0: 0x0000000080008598 (0xff9ff06f) j       pc - 0x8
core   0: 3 0x0000000080008598 (0xff9ff06f)
core   0: 0x0000000080008590 (0x00001397) auipc   t2, 0x1
core   0: 3 0x0000000080008590 (0x00001397) x7  0x0000000080009590
core   0: 0x0000000080008594 (0xa613a823) sw      ra, -1424(t2)
core   0: 3 0x0000000080008594 (0xa613a823) mem 0x0000000080009000 0x00000001
core   0: 0x0000000080008598 (0xff9ff06f) j       pc - 0x8
core   0: 3 0x0000000080008598 (0xff9ff06f)
core   0: 0x0000000080008590 (0x00001397) auipc   t2, 0x1
core   0: 3 0x0000000080008590 (0x00001397) x7  0x0000000080009590
core   0: 0x0000000080008594 (0xa613a823) sw      ra, -1424(t2)
core   0: 3 0x0000000080008594 (0xa613a823) mem 0x0000000080009000 0x00000001
core   0: 0x0000000080008598 (0xff9ff06f) j       pc - 0x8
core   0: 3 0x0000000080008598 (0xff9ff06f)
core   0: 0x0000000080008590 (0x00001397) auipc   t2, 0x1
core   0: 3 0x0000000080008590 (0x00001397) x7  0x0000000080009590
core   0: 0x0000000080008594 (0xa613a823) sw      ra, -1424(t2)
core   0: 3 0x0000000080008594 (0xa613a823) mem 0x0000000080009000 0x00000001
core   0: 0x0000000080008598 (0xff9ff06f) j       pc - 0x8
core   0: 3 0x0000000080008598 (0xff9ff06f)
core   0: 0x0000000080008590 (0x00001397) auipc   t2, 0x1
core   0: 3 0x0000000080008590 (0x00001397) x7  0x0000000080009590
core   0: 0x0000000080008594 (0xa613a823) sw      ra, -1424(t2)
core   0: 3 0x0000000080008594 (0xa613a823) mem 0x0000000080009000 0x00000001
core   0: 0x0000000080008598 (0xff9ff06f) j       pc - 0x8
core   0: 3 0x0000000080008598 (0xff9ff06f)
core   0: 0x0000000080008590 (0x00001397) auipc   t2, 0x1
core   0: 3 0x0000000080008590 (0x00001397) x7  0x0000000080009590
core   0: 0x0000000080008594 (0xa613a823) sw      ra, -1424(t2)
core   0: 3 0x0000000080008594 (0xa613a823) mem 0x0000000080009000 0x00000001
core   0: 0x0000000080008598 (0xff9ff06f) j       pc - 0x8
core   0: 3 0x0000000080008598 (0xff9ff06f)
core   0: 0x0000000080008590 (0x00001397) auipc   t2, 0x1
core   0: 3 0x0000000080008590 (0x00001397) x7  0x0000000080009590
core   0: 0x0000000080008594 (0xa613a823) sw      ra, -1424(t2)
core   0: 3 0x0000000080008594 (0xa613a823) mem 0x0000000080009000 0x00000001
core   0: 0x0000000080008598 (0xff9ff06f) j       pc - 0x8
core   0: 3 0x0000000080008598 (0xff9ff06f)
core   0: 0x0000000080008590 (0x00001397) auipc   t2, 0x1
core   0: 3 0x0000000080008590 (0x00001397) x7  0x0000000080009590
core   0: 0x0000000080008594 (0xa613a823) sw      ra, -1424(t2)
core   0: 3 0x0000000080008594 (0xa613a823) mem 0x0000000080009000 0x00000001
core   0: 0x0000000080008598 (0xff9ff06f) j       pc - 0x8
core   0: 3 0x0000000080008598 (0xff9ff06f)
core   0: 0x0000000080008590 (0x00001397) auipc   t2, 0x1
core   0: 3 0x0000000080008590 (0x00001397) x7  0x0000000080009590
core   0: 0x0000000080008594 (0xa613a823) sw      ra, -1424(t2)
core   0: 3 0x0000000080008594 (0xa613a823) mem 0x0000000080009000 0x00000001
core   0: 0x0000000080008598 (0xff9ff06f) j       pc - 0x8
core   0: 3 0x0000000080008598 (0xff9ff06f)
core   0: 0x0000000080008590 (0x00001397) auipc   t2, 0x1
core   0: 3 0x0000000080008590 (0x00001397) x7  0x0000000080009590
core   0: 0x0000000080008594 (0xa613a823) sw      ra, -1424(t2)
core   0: 3 0x0000000080008594 (0xa613a823) mem 0x0000000080009000 0x00000001
core   0: 0x0000000080008598 (0xff9ff06f) j       pc - 0x8
core   0: 3 0x0000000080008598 (0xff9ff06f)
core   0: 0x0000000080008590 (0x00001397) auipc   t2, 0x1
core   0: 3 0x0000000080008590 (0x00001397) x7  0x0000000080009590
core   0: 0x0000000080008594 (0xa613a823) sw      ra, -1424(t2)
core   0: 3 0x0000000080008594 (0xa613a823) mem 0x0000000080009000 0x00000001
core   0: 0x0000000080008598 (0xff9ff06f) j       pc - 0x8
core   0: 3 0x0000000080008598 (0xff9ff06f)
core   0: 0x0000000080008590 (0x00001397) auipc   t2, 0x1
core   0: 3 0x0000000080008590 (0x00001397) x7  0x0000000080009590
core   0: 0x0000000080008594 (0xa613a823) sw      ra, -1424(t2)
core   0: 3 0x0000000080008594 (0xa613a823) mem 0x0000000080009000 0x00000001
core   0: 0x0000000080008598 (0xff9ff06f) j       pc - 0x8
core   0: 3 0x0000000080008598 (0xff9ff06f)
core   0: 0x0000000080008590 (0x00001397) auipc   t2, 0x1
core   0: 3 0x0000000080008590 (0x00001397) x7  0x0000000080009590
core   0: 0x0000000080008594 (0xa613a823) sw      ra, -1424(t2)
core   0: 3 0x0000000080008594 (0xa613a823) mem 0x0000000080009000 0x00000001
core   0: 0x0000000080008598 (0xff9ff06f) j       pc - 0x8
core   0: 3 0x0000000080008598 (0xff9ff06f)
core   0: 0x0000000080008590 (0x00001397) auipc   t2, 0x1
core   0: 3 0x0000000080008590 (0x00001397) x7  0x0000000080009590
core   0: 0x0000000080008594 (0xa613a823) sw      ra, -1424(t2)
core   0: 3 0x0000000080008594 (0xa613a823) mem 0x0000000080009000 0x00000001
core   0: 0x0000000080008598 (0xff9ff06f) j       pc - 0x8
core   0: 3 0x0000000080008598 (0xff9ff06f)
core   0: 0x0000000080008590 (0x00001397) auipc   t2, 0x1
core   0: 3 0x0000000080008590 (0x00001397) x7  0x0000000080009590
core   0: 0x0000000080008594 (0xa613a823) sw      ra, -1424(t2)
core   0: 3 0x0000000080008594 (0xa613a823) mem 0x0000000080009000 0x00000001
core   0: 0x0000000080008598 (0xff9ff06f) j       pc - 0x8
core   0: 3 0x0000000080008598 (0xff9ff06f)
core   0: 0x0000000080008590 (0x00001397) auipc   t2, 0x1
core   0: 3 0x0000000080008590 (0x00001397) x7  0x0000000080009590
core   0: 0x0000000080008594 (0xa613a823) sw      ra, -1424(t2)
core   0: 3 0x0000000080008594 (0xa613a823) mem 0x0000000080009000 0x00000001
core   0: 0x0000000080008598 (0xff9ff06f) j       pc - 0x8
core   0: 3 0x0000000080008598 (0xff9ff06f)
core   0: 0x0000000080008590 (0x00001397) auipc   t2, 0x1
core   0: 3 0x0000000080008590 (0x00001397) x7  0x0000000080009590
core   0: 0x0000000080008594 (0xa613a823) sw      ra, -1424(t2)
core   0: 3 0x0000000080008594 (0xa613a823) mem 0x0000000080009000 0x00000001
core   0: 0x0000000080008598 (0xff9ff06f) j       pc - 0x8
core   0: 3 0x0000000080008598 (0xff9ff06f)
core   0: 0x0000000080008590 (0x00001397) auipc   t2, 0x1
core   0: 3 0x0000000080008590 (0x00001397) x7  0x0000000080009590
core   0: 0x0000000080008594 (0xa613a823) sw      ra, -1424(t2)
core   0: 3 0x0000000080008594 (0xa613a823) mem 0x0000000080009000 0x00000001
core   0: 0x0000000080008598 (0xff9ff06f) j       pc - 0x8
core   0: 3 0x0000000080008598 (0xff9ff06f)
core   0: 0x0000000080008590 (0x00001397) auipc   t2, 0x1
core   0: 3 0x0000000080008590 (0x00001397) x7  0x0000000080009590
core   0: 0x0000000080008594 (0xa613a823) sw      ra, -1424(t2)
core   0: 3 0x0000000080008594 (0xa613a823) mem 0x0000000080009000 0x00000001
core   0: 0x0000000080008598 (0xff9ff06f) j       pc - 0x8
core   0: 3 0x0000000080008598 (0xff9ff06f)
core   0: 0x0000000080008590 (0x00001397) auipc   t2, 0x1
core   0: 3 0x0000000080008590 (0x00001397) x7  0x0000000080009590
core   0: 0x0000000080008594 (0xa613a823) sw      ra, -1424(t2)
core   0: 3 0x0000000080008594 (0xa613a823) mem 0x0000000080009000 0x00000001
core   0: 0x0000000080008598 (0xff9ff06f) j       pc - 0x8
core   0: 3 0x0000000080008598 (0xff9ff06f)
core   0: 0x0000000080008590 (0x00001397) auipc   t2, 0x1
core   0: 3 0x0000000080008590 (0x00001397) x7  0x0000000080009590
core   0: 0x0000000080008594 (0xa613a823) sw      ra, -1424(t2)
core   0: 3 0x0000000080008594 (0xa613a823) mem 0x0000000080009000 0x00000001
core   0: 0x0000000080008598 (0xff9ff06f) j       pc - 0x8
core   0: 3 0x0000000080008598 (0xff9ff06f)
core   0: 0x0000000080008590 (0x00001397) auipc   t2, 0x1
core   0: 3 0x0000000080008590 (0x00001397) x7  0x0000000080009590
core   0: 0x0000000080008594 (0xa613a823) sw      ra, -1424(t2)
core   0: 3 0x0000000080008594 (0xa613a823) mem 0x0000000080009000 0x00000001
core   0: 0x0000000080008598 (0xff9ff06f) j       pc - 0x8
core   0: 3 0x0000000080008598 (0xff9ff06f)
core   0: 0x0000000080008590 (0x00001397) auipc   t2, 0x1
core   0: 3 0x0000000080008590 (0x00001397) x7  0x0000000080009590
core   0: 0x0000000080008594 (0xa613a823) sw      ra, -1424(t2)
core   0: 3 0x0000000080008594 (0xa613a823) mem 0x0000000080009000 0x00000001
core   0: 0x0000000080008598 (0xff9ff06f) j       pc - 0x8
core   0: 3 0x0000000080008598 (0xff9ff06f)
core   0: 0x0000000080008590 (0x00001397) auipc   t2, 0x1
core   0: 3 0x0000000080008590 (0x00001397) x7  0x0000000080009590
core   0: 0x0000000080008594 (0xa613a823) sw      ra, -1424(t2)
core   0: 3 0x0000000080008594 (0xa613a823) mem 0x0000000080009000 0x00000001
core   0: 0x0000000080008598 (0xff9ff06f) j       pc - 0x8
core   0: 3 0x0000000080008598 (0xff9ff06f)
core   0: 0x0000000080008590 (0x00001397) auipc   t2, 0x1
core   0: 3 0x0000000080008590 (0x00001397) x7  0x0000000080009590
core   0: 0x0000000080008594 (0xa613a823) sw      ra, -1424(t2)
core   0: 3 0x0000000080008594 (0xa613a823) mem 0x0000000080009000 0x00000001
core   0: 0x0000000080008598 (0xff9ff06f) j       pc - 0x8
core   0: 3 0x0000000080008598 (0xff9ff06f)
core   0: 0x0000000080008590 (0x00001397) auipc   t2, 0x1
core   0: 3 0x0000000080008590 (0x00001397) x7  0x0000000080009590
core   0: 0x0000000080008594 (0xa613a823) sw      ra, -1424(t2)
core   0: 3 0x0000000080008594 (0xa613a823) mem 0x0000000080009000 0x00000001
core   0: 0x0000000080008598 (0xff9ff06f) j       pc - 0x8
core   0: 3 0x0000000080008598 (0xff9ff06f)
core   0: 0x0000000080008590 (0x00001397) auipc   t2, 0x1
core   0: 3 0x0000000080008590 (0x00001397) x7  0x0000000080009590
core   0: 0x0000000080008594 (0xa613a823) sw      ra, -1424(t2)
core   0: 3 0x0000000080008594 (0xa613a823) mem 0x0000000080009000 0x00000001
core   0: 0x0000000080008598 (0xff9ff06f) j       pc - 0x8
core   0: 3 0x0000000080008598 (0xff9ff06f)
core   0: 0x0000000080008590 (0x00001397) auipc   t2, 0x1
core   0: 3 0x0000000080008590 (0x00001397) x7  0x0000000080009590
core   0: 0x0000000080008594 (0xa613a823) sw      ra, -1424(t2)
core   0: 3 0x0000000080008594 (0xa613a823) mem 0x0000000080009000 0x00000001
core   0: 0x0000000080008598 (0xff9ff06f) j       pc - 0x8
core   0: 3 0x0000000080008598 (0xff9ff06f)
core   0: 0x0000000080008590 (0x00001397) auipc   t2, 0x1
core   0: 3 0x0000000080008590 (0x00001397) x7  0x0000000080009590
core   0: 0x0000000080008594 (0xa613a823) sw      ra, -1424(t2)
core   0: 3 0x0000000080008594 (0xa613a823) mem 0x0000000080009000 0x00000001
core   0: 0x0000000080008598 (0xff9ff06f) j       pc - 0x8
core   0: 3 0x0000000080008598 (0xff9ff06f)
core   0: 0x0000000080008590 (0x00001397) auipc   t2, 0x1
core   0: 3 0x0000000080008590 (0x00001397) x7  0x0000000080009590
core   0: 0x0000000080008594 (0xa613a823) sw      ra, -1424(t2)
core   0: 3 0x0000000080008594 (0xa613a823) mem 0x0000000080009000 0x00000001
core   0: 0x0000000080008598 (0xff9ff06f) j       pc - 0x8
core   0: 3 0x0000000080008598 (0xff9ff06f)
core   0: 0x0000000080008590 (0x00001397) auipc   t2, 0x1
core   0: 3 0x0000000080008590 (0x00001397) x7  0x0000000080009590
core   0: 0x0000000080008594 (0xa613a823) sw      ra, -1424(t2)
core   0: 3 0x0000000080008594 (0xa613a823) mem 0x0000000080009000 0x00000001
core   0: 0x0000000080008598 (0xff9ff06f) j       pc - 0x8
core   0: 3 0x0000000080008598 (0xff9ff06f)
core   0: 0x0000000080008590 (0x00001397) auipc   t2, 0x1
core   0: 3 0x0000000080008590 (0x00001397) x7  0x0000000080009590
core   0: 0x0000000080008594 (0xa613a823) sw      ra, -1424(t2)
core   0: 3 0x0000000080008594 (0xa613a823) mem 0x0000000080009000 0x00000001
core   0: 0x0000000080008598 (0xff9ff06f) j       pc - 0x8
core   0: 3 0x0000000080008598 (0xff9ff06f)
core   0: 0x0000000080008590 (0x00001397) auipc   t2, 0x1
core   0: 3 0x0000000080008590 (0x00001397) x7  0x0000000080009590
core   0: 0x0000000080008594 (0xa613a823) sw      ra, -1424(t2)
core   0: 3 0x0000000080008594 (0xa613a823) mem 0x0000000080009000 0x00000001
core   0: 0x0000000080008598 (0xff9ff06f) j       pc - 0x8
core   0: 3 0x0000000080008598 (0xff9ff06f)
core   0: 0x0000000080008590 (0x00001397) auipc   t2, 0x1
core   0: 3 0x0000000080008590 (0x00001397) x7  0x0000000080009590
core   0: 0x0000000080008594 (0xa613a823) sw      ra, -1424(t2)
core   0: 3 0x0000000080008594 (0xa613a823) mem 0x0000000080009000 0x00000001
core   0: 0x0000000080008598 (0xff9ff06f) j       pc - 0x8
core   0: 3 0x0000000080008598 (0xff9ff06f)
core   0: 0x0000000080008590 (0x00001397) auipc   t2, 0x1
core   0: 3 0x0000000080008590 (0x00001397) x7  0x0000000080009590
core   0: 0x0000000080008594 (0xa613a823) sw      ra, -1424(t2)
core   0: 3 0x0000000080008594 (0xa613a823) mem 0x0000000080009000 0x00000001
core   0: 0x0000000080008598 (0xff9ff06f) j       pc - 0x8
core   0: 3 0x0000000080008598 (0xff9ff06f)
core   0: 0x0000000080008590 (0x00001397) auipc   t2, 0x1
core   0: 3 0x0000000080008590 (0x00001397) x7  0x0000000080009590
core   0: 0x0000000080008594 (0xa613a823) sw      ra, -1424(t2)
core   0: 3 0x0000000080008594 (0xa613a823) mem 0x0000000080009000 0x00000001
core   0: 0x0000000080008598 (0xff9ff06f) j       pc - 0x8
core   0: 3 0x0000000080008598 (0xff9ff06f)
core   0: 0x0000000080008590 (0x00001397) auipc   t2, 0x1
core   0: 3 0x0000000080008590 (0x00001397) x7  0x0000000080009590
core   0: 0x0000000080008594 (0xa613a823) sw      ra, -1424(t2)
core   0: 3 0x0000000080008594 (0xa613a823) mem 0x0000000080009000 0x00000001
core   0: 0x0000000080008598 (0xff9ff06f) j       pc - 0x8
core   0: 3 0x0000000080008598 (0xff9ff06f)
core   0: 0x0000000080008590 (0x00001397) auipc   t2, 0x1
core   0: 3 0x0000000080008590 (0x00001397) x7  0x0000000080009590
core   0: 0x0000000080008594 (0xa613a823) sw      ra, -1424(t2)
core   0: 3 0x0000000080008594 (0xa613a823) mem 0x0000000080009000 0x00000001
core   0: 0x0000000080008598 (0xff9ff06f) j       pc - 0x8
core   0: 3 0x0000000080008598 (0xff9ff06f)
core   0: 0x0000000080008590 (0x00001397) auipc   t2, 0x1
core   0: 3 0x0000000080008590 (0x00001397) x7  0x0000000080009590
core   0: 0x0000000080008594 (0xa613a823) sw      ra, -1424(t2)
core   0: 3 0x0000000080008594 (0xa613a823) mem 0x0000000080009000 0x00000001
core   0: 0x0000000080008598 (0xff9ff06f) j       pc - 0x8
core   0: 3 0x0000000080008598 (0xff9ff06f)
core   0: 0x0000000080008590 (0x00001397) auipc   t2, 0x1
core   0: 3 0x0000000080008590 (0x00001397) x7  0x0000000080009590
core   0: 0x0000000080008594 (0xa613a823) sw      ra, -1424(t2)
core   0: 3 0x0000000080008594 (0xa613a823) mem 0x0000000080009000 0x00000001
core   0: 0x0000000080008598 (0xff9ff06f) j       pc - 0x8
core   0: 3 0x0000000080008598 (0xff9ff06f)
core   0: 0x0000000080008590 (0x00001397) auipc   t2, 0x1
core   0: 3 0x0000000080008590 (0x00001397) x7  0x0000000080009590
core   0: 0x0000000080008594 (0xa613a823) sw      ra, -1424(t2)
core   0: 3 0x0000000080008594 (0xa613a823) mem 0x0000000080009000 0x00000001
core   0: 0x0000000080008598 (0xff9ff06f) j       pc - 0x8
core   0: 3 0x0000000080008598 (0xff9ff06f)
core   0: 0x0000000080008590 (0x00001397) auipc   t2, 0x1
core   0: 3 0x0000000080008590 (0x00001397) x7  0x0000000080009590
core   0: 0x0000000080008594 (0xa613a823) sw      ra, -1424(t2)
core   0: 3 0x0000000080008594 (0xa613a823) mem 0x0000000080009000 0x00000001
core   0: 0x0000000080008598 (0xff9ff06f) j       pc - 0x8
core   0: 3 0x0000000080008598 (0xff9ff06f)
core   0: 0x0000000080008590 (0x00001397) auipc   t2, 0x1
core   0: 3 0x0000000080008590 (0x00001397) x7  0x0000000080009590
core   0: 0x0000000080008594 (0xa613a823) sw      ra, -1424(t2)
core   0: 3 0x0000000080008594 (0xa613a823) mem 0x0000000080009000 0x00000001
core   0: 0x0000000080008598 (0xff9ff06f) j       pc - 0x8
core   0: 3 0x0000000080008598 (0xff9ff06f)
core   0: 0x0000000080008590 (0x00001397) auipc   t2, 0x1
core   0: 3 0x0000000080008590 (0x00001397) x7  0x0000000080009590
core   0: 0x0000000080008594 (0xa613a823) sw      ra, -1424(t2)
core   0: 3 0x0000000080008594 (0xa613a823) mem 0x0000000080009000 0x00000001
core   0: 0x0000000080008598 (0xff9ff06f) j       pc - 0x8
core   0: 3 0x0000000080008598 (0xff9ff06f)
core   0: 0x0000000080008590 (0x00001397) auipc   t2, 0x1
core   0: 3 0x0000000080008590 (0x00001397) x7  0x0000000080009590
core   0: 0x0000000080008594 (0xa613a823) sw      ra, -1424(t2)
core   0: 3 0x0000000080008594 (0xa613a823) mem 0x0000000080009000 0x00000001
core   0: 0x0000000080008598 (0xff9ff06f) j       pc - 0x8
core   0: 3 0x0000000080008598 (0xff9ff06f)
core   0: 0x0000000080008590 (0x00001397) auipc   t2, 0x1
core   0: 3 0x0000000080008590 (0x00001397) x7  0x0000000080009590
core   0: 0x0000000080008594 (0xa613a823) sw      ra, -1424(t2)
core   0: 3 0x0000000080008594 (0xa613a823) mem 0x0000000080009000 0x00000001
core   0: 0x0000000080008598 (0xff9ff06f) j       pc - 0x8
core   0: 3 0x0000000080008598 (0xff9ff06f)
core   0: 0x0000000080008590 (0x00001397) auipc   t2, 0x1
core   0: 3 0x0000000080008590 (0x00001397) x7  0x0000000080009590
core   0: 0x0000000080008594 (0xa613a823) sw      ra, -1424(t2)
core   0: 3 0x0000000080008594 (0xa613a823) mem 0x0000000080009000 0x00000001
core   0: 0x0000000080008598 (0xff9ff06f) j       pc - 0x8
core   0: 3 0x0000000080008598 (0xff9ff06f)
core   0: 0x0000000080008590 (0x00001397) auipc   t2, 0x1
core   0: 3 0x0000000080008590 (0x00001397) x7  0x0000000080009590
core   0: 0x0000000080008594 (0xa613a823) sw      ra, -1424(t2)
core   0: 3 0x0000000080008594 (0xa613a823) mem 0x0000000080009000 0x00000001
core   0: 0x0000000080008598 (0xff9ff06f) j       pc - 0x8
core   0: 3 0x0000000080008598 (0xff9ff06f)
core   0: 0x0000000080008590 (0x00001397) auipc   t2, 0x1
core   0: 3 0x0000000080008590 (0x00001397) x7  0x0000000080009590
core   0: 0x0000000080008594 (0xa613a823) sw      ra, -1424(t2)
core   0: 3 0x0000000080008594 (0xa613a823) mem 0x0000000080009000 0x00000001
core   0: 0x0000000080008598 (0xff9ff06f) j       pc - 0x8
core   0: 3 0x0000000080008598 (0xff9ff06f)
core   0: 0x0000000080008590 (0x00001397) auipc   t2, 0x1
core   0: 3 0x0000000080008590 (0x00001397) x7  0x0000000080009590
core   0: 0x0000000080008594 (0xa613a823) sw      ra, -1424(t2)
core   0: 3 0x0000000080008594 (0xa613a823) mem 0x0000000080009000 0x00000001
core   0: 0x0000000080008598 (0xff9ff06f) j       pc - 0x8
core   0: 3 0x0000000080008598 (0xff9ff06f)
core   0: 0x0000000080008590 (0x00001397) auipc   t2, 0x1
core   0: 3 0x0000000080008590 (0x00001397) x7  0x0000000080009590
core   0: 0x0000000080008594 (0xa613a823) sw      ra, -1424(t2)
core   0: 3 0x0000000080008594 (0xa613a823) mem 0x0000000080009000 0x00000001
core   0: 0x0000000080008598 (0xff9ff06f) j       pc - 0x8
core   0: 3 0x0000000080008598 (0xff9ff06f)
core   0: 0x0000000080008590 (0x00001397) auipc   t2, 0x1
core   0: 3 0x0000000080008590 (0x00001397) x7  0x0000000080009590
core   0: 0x0000000080008594 (0xa613a823) sw      ra, -1424(t2)
core   0: 3 0x0000000080008594 (0xa613a823) mem 0x0000000080009000 0x00000001
core   0: 0x0000000080008598 (0xff9ff06f) j       pc - 0x8
core   0: 3 0x0000000080008598 (0xff9ff06f)
core   0: 0x0000000080008590 (0x00001397) auipc   t2, 0x1
core   0: 3 0x0000000080008590 (0x00001397) x7  0x0000000080009590
core   0: 0x0000000080008594 (0xa613a823) sw      ra, -1424(t2)
core   0: 3 0x0000000080008594 (0xa613a823) mem 0x0000000080009000 0x00000001
core   0: 0x0000000080008598 (0xff9ff06f) j       pc - 0x8
core   0: 3 0x0000000080008598 (0xff9ff06f)
core   0: 0x0000000080008590 (0x00001397) auipc   t2, 0x1
core   0: 3 0x0000000080008590 (0x00001397) x7  0x0000000080009590
core   0: 0x0000000080008594 (0xa613a823) sw      ra, -1424(t2)
core   0: 3 0x0000000080008594 (0xa613a823) mem 0x0000000080009000 0x00000001
core   0: 0x0000000080008598 (0xff9ff06f) j       pc - 0x8
core   0: 3 0x0000000080008598 (0xff9ff06f)
core   0: 0x0000000080008590 (0x00001397) auipc   t2, 0x1
core   0: 3 0x0000000080008590 (0x00001397) x7  0x0000000080009590
core   0: 0x0000000080008594 (0xa613a823) sw      ra, -1424(t2)
core   0: 3 0x0000000080008594 (0xa613a823) mem 0x0000000080009000 0x00000001
core   0: 0x0000000080008598 (0xff9ff06f) j       pc - 0x8
core   0: 3 0x0000000080008598 (0xff9ff06f)
core   0: 0x0000000080008590 (0x00001397) auipc   t2, 0x1
core   0: 3 0x0000000080008590 (0x00001397) x7  0x0000000080009590
core   0: 0x0000000080008594 (0xa613a823) sw      ra, -1424(t2)
core   0: 3 0x0000000080008594 (0xa613a823) mem 0x0000000080009000 0x00000001
core   0: 0x0000000080008598 (0xff9ff06f) j       pc - 0x8
core   0: 3 0x0000000080008598 (0xff9ff06f)
core   0: 0x0000000080008590 (0x00001397) auipc   t2, 0x1
core   0: 3 0x0000000080008590 (0x00001397) x7  0x0000000080009590
core   0: 0x0000000080008594 (0xa613a823) sw      ra, -1424(t2)
core   0: 3 0x0000000080008594 (0xa613a823) mem 0x0000000080009000 0x00000001
core   0: 0x0000000080008598 (0xff9ff06f) j       pc - 0x8
core   0: 3 0x0000000080008598 (0xff9ff06f)
core   0: 0x0000000080008590 (0x00001397) auipc   t2, 0x1
core   0: 3 0x0000000080008590 (0x00001397) x7  0x0000000080009590
core   0: 0x0000000080008594 (0xa613a823) sw      ra, -1424(t2)
core   0: 3 0x0000000080008594 (0xa613a823) mem 0x0000000080009000 0x00000001
core   0: 0x0000000080008598 (0xff9ff06f) j       pc - 0x8
core   0: 3 0x0000000080008598 (0xff9ff06f)
core   0: 0x0000000080008590 (0x00001397) auipc   t2, 0x1
core   0: 3 0x0000000080008590 (0x00001397) x7  0x0000000080009590
core   0: 0x0000000080008594 (0xa613a823) sw      ra, -1424(t2)
core   0: 3 0x0000000080008594 (0xa613a823) mem 0x0000000080009000 0x00000001
core   0: 0x0000000080008598 (0xff9ff06f) j       pc - 0x8
core   0: 3 0x0000000080008598 (0xff9ff06f)
core   0: 0x0000000080008590 (0x00001397) auipc   t2, 0x1
core   0: 3 0x0000000080008590 (0x00001397) x7  0x0000000080009590
core   0: 0x0000000080008594 (0xa613a823) sw      ra, -1424(t2)
core   0: 3 0x0000000080008594 (0xa613a823) mem 0x0000000080009000 0x00000001
core   0: 0x0000000080008598 (0xff9ff06f) j       pc - 0x8
core   0: 3 0x0000000080008598 (0xff9ff06f)
core   0: 0x0000000080008590 (0x00001397) auipc   t2, 0x1
core   0: 3 0x0000000080008590 (0x00001397) x7  0x0000000080009590
core   0: 0x0000000080008594 (0xa613a823) sw      ra, -1424(t2)
core   0: 3 0x0000000080008594 (0xa613a823) mem 0x0000000080009000 0x00000001
core   0: 0x0000000080008598 (0xff9ff06f) j       pc - 0x8
core   0: 3 0x0000000080008598 (0xff9ff06f)
core   0: 0x0000000080008590 (0x00001397) auipc   t2, 0x1
core   0: 3 0x0000000080008590 (0x00001397) x7  0x0000000080009590
core   0: 0x0000000080008594 (0xa613a823) sw      ra, -1424(t2)
core   0: 3 0x0000000080008594 (0xa613a823) mem 0x0000000080009000 0x00000001
core   0: 0x0000000080008598 (0xff9ff06f) j       pc - 0x8
core   0: 3 0x0000000080008598 (0xff9ff06f)
core   0: 0x0000000080008590 (0x00001397) auipc   t2, 0x1
core   0: 3 0x0000000080008590 (0x00001397) x7  0x0000000080009590
core   0: 0x0000000080008594 (0xa613a823) sw      ra, -1424(t2)
core   0: 3 0x0000000080008594 (0xa613a823) mem 0x0000000080009000 0x00000001
core   0: 0x0000000080008598 (0xff9ff06f) j       pc - 0x8
core   0: 3 0x0000000080008598 (0xff9ff06f)
core   0: 0x0000000080008590 (0x00001397) auipc   t2, 0x1
core   0: 3 0x0000000080008590 (0x00001397) x7  0x0000000080009590
core   0: 0x0000000080008594 (0xa613a823) sw      ra, -1424(t2)
core   0: 3 0x0000000080008594 (0xa613a823) mem 0x0000000080009000 0x00000001
core   0: 0x0000000080008598 (0xff9ff06f) j       pc - 0x8
core   0: 3 0x0000000080008598 (0xff9ff06f)
core   0: 0x0000000080008590 (0x00001397) auipc   t2, 0x1
core   0: 3 0x0000000080008590 (0x00001397) x7  0x0000000080009590
core   0: 0x0000000080008594 (0xa613a823) sw      ra, -1424(t2)
core   0: 3 0x0000000080008594 (0xa613a823) mem 0x0000000080009000 0x00000001
core   0: 0x0000000080008598 (0xff9ff06f) j       pc - 0x8
core   0: 3 0x0000000080008598 (0xff9ff06f)
core   0: 0x0000000080008590 (0x00001397) auipc   t2, 0x1
core   0: 3 0x0000000080008590 (0x00001397) x7  0x0000000080009590
core   0: 0x0000000080008594 (0xa613a823) sw      ra, -1424(t2)
core   0: 3 0x0000000080008594 (0xa613a823) mem 0x0000000080009000 0x00000001
core   0: 0x0000000080008598 (0xff9ff06f) j       pc - 0x8
core   0: 3 0x0000000080008598 (0xff9ff06f)
core   0: 0x0000000080008590 (0x00001397) auipc   t2, 0x1
core   0: 3 0x0000000080008590 (0x00001397) x7  0x0000000080009590
core   0: 0x0000000080008594 (0xa613a823) sw      ra, -1424(t2)
core   0: 3 0x0000000080008594 (0xa613a823) mem 0x0000000080009000 0x00000001
core   0: 0x0000000080008598 (0xff9ff06f) j       pc - 0x8
core   0: 3 0x0000000080008598 (0xff9ff06f)
core   0: 0x0000000080008590 (0x00001397) auipc   t2, 0x1
core   0: 3 0x0000000080008590 (0x00001397) x7  0x0000000080009590
core   0: 0x0000000080008594 (0xa613a823) sw      ra, -1424(t2)
core   0: 3 0x0000000080008594 (0xa613a823) mem 0x0000000080009000 0x00000001
core   0: 0x0000000080008598 (0xff9ff06f) j       pc - 0x8
core   0: 3 0x0000000080008598 (0xff9ff06f)
core   0: 0x0000000080008590 (0x00001397) auipc   t2, 0x1
core   0: 3 0x0000000080008590 (0x00001397) x7  0x0000000080009590
core   0: 0x0000000080008594 (0xa613a823) sw      ra, -1424(t2)
core   0: 3 0x0000000080008594 (0xa613a823) mem 0x0000000080009000 0x00000001
core   0: 0x0000000080008598 (0xff9ff06f) j       pc - 0x8
core   0: 3 0x0000000080008598 (0xff9ff06f)
core   0: 0x0000000080008590 (0x00001397) auipc   t2, 0x1
core   0: 3 0x0000000080008590 (0x00001397) x7  0x0000000080009590
core   0: 0x0000000080008594 (0xa613a823) sw      ra, -1424(t2)
core   0: 3 0x0000000080008594 (0xa613a823) mem 0x0000000080009000 0x00000001
core   0: 0x0000000080008598 (0xff9ff06f) j       pc - 0x8
core   0: 3 0x0000000080008598 (0xff9ff06f)
core   0: 0x0000000080008590 (0x00001397) auipc   t2, 0x1
core   0: 3 0x0000000080008590 (0x00001397) x7  0x0000000080009590
core   0: 0x0000000080008594 (0xa613a823) sw      ra, -1424(t2)
core   0: 3 0x0000000080008594 (0xa613a823) mem 0x0000000080009000 0x00000001
core   0: 0x0000000080008598 (0xff9ff06f) j       pc - 0x8
core   0: 3 0x0000000080008598 (0xff9ff06f)
core   0: 0x0000000080008590 (0x00001397) auipc   t2, 0x1
core   0: 3 0x0000000080008590 (0x00001397) x7  0x0000000080009590
core   0: 0x0000000080008594 (0xa613a823) sw      ra, -1424(t2)
core   0: 3 0x0000000080008594 (0xa613a823) mem 0x0000000080009000 0x00000001
core   0: 0x0000000080008598 (0xff9ff06f) j       pc - 0x8
core   0: 3 0x0000000080008598 (0xff9ff06f)
core   0: 0x0000000080008590 (0x00001397) auipc   t2, 0x1
core   0: 3 0x0000000080008590 (0x00001397) x7  0x0000000080009590
core   0: 0x0000000080008594 (0xa613a823) sw      ra, -1424(t2)
core   0: 3 0x0000000080008594 (0xa613a823) mem 0x0000000080009000 0x00000001
core   0: 0x0000000080008598 (0xff9ff06f) j       pc - 0x8
core   0: 3 0x0000000080008598 (0xff9ff06f)
core   0: 0x0000000080008590 (0x00001397) auipc   t2, 0x1
core   0: 3 0x0000000080008590 (0x00001397) x7  0x0000000080009590
core   0: 0x0000000080008594 (0xa613a823) sw      ra, -1424(t2)
core   0: 3 0x0000000080008594 (0xa613a823) mem 0x0000000080009000 0x00000001
core   0: 0x0000000080008598 (0xff9ff06f) j       pc - 0x8
core   0: 3 0x0000000080008598 (0xff9ff06f)
core   0: 0x0000000080008590 (0x00001397) auipc   t2, 0x1
core   0: 3 0x0000000080008590 (0x00001397) x7  0x0000000080009590
core   0: 0x0000000080008594 (0xa613a823) sw      ra, -1424(t2)
core   0: 3 0x0000000080008594 (0xa613a823) mem 0x0000000080009000 0x00000001
core   0: 0x0000000080008598 (0xff9ff06f) j       pc - 0x8
core   0: 3 0x0000000080008598 (0xff9ff06f)
core   0: 0x0000000080008590 (0x00001397) auipc   t2, 0x1
core   0: 3 0x0000000080008590 (0x00001397) x7  0x0000000080009590
core   0: 0x0000000080008594 (0xa613a823) sw      ra, -1424(t2)
core   0: 3 0x0000000080008594 (0xa613a823) mem 0x0000000080009000 0x00000001
core   0: 0x0000000080008598 (0xff9ff06f) j       pc - 0x8
core   0: 3 0x0000000080008598 (0xff9ff06f)
core   0: 0x0000000080008590 (0x00001397) auipc   t2, 0x1
core   0: 3 0x0000000080008590 (0x00001397) x7  0x0000000080009590
core   0: 0x0000000080008594 (0xa613a823) sw      ra, -1424(t2)
core   0: 3 0x0000000080008594 (0xa613a823) mem 0x0000000080009000 0x00000001
core   0: 0x0000000080008598 (0xff9ff06f) j       pc - 0x8
core   0: 3 0x0000000080008598 (0xff9ff06f)
core   0: 0x0000000080008590 (0x00001397) auipc   t2, 0x1
core   0: 3 0x0000000080008590 (0x00001397) x7  0x0000000080009590
core   0: 0x0000000080008594 (0xa613a823) sw      ra, -1424(t2)
core   0: 3 0x0000000080008594 (0xa613a823) mem 0x0000000080009000 0x00000001
core   0: 0x0000000080008598 (0xff9ff06f) j       pc - 0x8
core   0: 3 0x0000000080008598 (0xff9ff06f)
core   0: 0x0000000080008590 (0x00001397) auipc   t2, 0x1
core   0: 3 0x0000000080008590 (0x00001397) x7  0x0000000080009590
core   0: 0x0000000080008594 (0xa613a823) sw      ra, -1424(t2)
core   0: 3 0x0000000080008594 (0xa613a823) mem 0x0000000080009000 0x00000001
core   0: 0x0000000080008598 (0xff9ff06f) j       pc - 0x8
core   0: 3 0x0000000080008598 (0xff9ff06f)
core   0: 0x0000000080008590 (0x00001397) auipc   t2, 0x1
core   0: 3 0x0000000080008590 (0x00001397) x7  0x0000000080009590
core   0: 0x0000000080008594 (0xa613a823) sw      ra, -1424(t2)
core   0: 3 0x0000000080008594 (0xa613a823) mem 0x0000000080009000 0x00000001
core   0: 0x0000000080008598 (0xff9ff06f) j       pc - 0x8
core   0: 3 0x0000000080008598 (0xff9ff06f)
core   0: 0x0000000080008590 (0x00001397) auipc   t2, 0x1
core   0: 3 0x0000000080008590 (0x00001397) x7  0x0000000080009590
core   0: 0x0000000080008594 (0xa613a823) sw      ra, -1424(t2)
core   0: 3 0x0000000080008594 (0xa613a823) mem 0x0000000080009000 0x00000001
core   0: 0x0000000080008598 (0xff9ff06f) j       pc - 0x8
core   0: 3 0x0000000080008598 (0xff9ff06f)
core   0: 0x0000000080008590 (0x00001397) auipc   t2, 0x1
core   0: 3 0x0000000080008590 (0x00001397) x7  0x0000000080009590
core   0: 0x0000000080008594 (0xa613a823) sw      ra, -1424(t2)
core   0: 3 0x0000000080008594 (0xa613a823) mem 0x0000000080009000 0x00000001
core   0: 0x0000000080008598 (0xff9ff06f) j       pc - 0x8
core   0: 3 0x0000000080008598 (0xff9ff06f)
core   0: 0x0000000080008590 (0x00001397) auipc   t2, 0x1
core   0: 3 0x0000000080008590 (0x00001397) x7  0x0000000080009590
core   0: 0x0000000080008594 (0xa613a823) sw      ra, -1424(t2)
core   0: 3 0x0000000080008594 (0xa613a823) mem 0x0000000080009000 0x00000001
core   0: 0x0000000080008598 (0xff9ff06f) j       pc - 0x8
core   0: 3 0x0000000080008598 (0xff9ff06f)
core   0: 0x0000000080008590 (0x00001397) auipc   t2, 0x1
core   0: 3 0x0000000080008590 (0x00001397) x7  0x0000000080009590
core   0: 0x0000000080008594 (0xa613a823) sw      ra, -1424(t2)
core   0: 3 0x0000000080008594 (0xa613a823) mem 0x0000000080009000 0x00000001
core   0: 0x0000000080008598 (0xff9ff06f) j       pc - 0x8
core   0: 3 0x0000000080008598 (0xff9ff06f)
core   0: 0x0000000080008590 (0x00001397) auipc   t2, 0x1
core   0: 3 0x0000000080008590 (0x00001397) x7  0x0000000080009590
core   0: 0x0000000080008594 (0xa613a823) sw      ra, -1424(t2)
core   0: 3 0x0000000080008594 (0xa613a823) mem 0x0000000080009000 0x00000001
core   0: 0x0000000080008598 (0xff9ff06f) j       pc - 0x8
core   0: 3 0x0000000080008598 (0xff9ff06f)
core   0: 0x0000000080008590 (0x00001397) auipc   t2, 0x1
core   0: 3 0x0000000080008590 (0x00001397) x7  0x0000000080009590
core   0: 0x0000000080008594 (0xa613a823) sw      ra, -1424(t2)
core   0: 3 0x0000000080008594 (0xa613a823) mem 0x0000000080009000 0x00000001
core   0: 0x0000000080008598 (0xff9ff06f) j       pc - 0x8
core   0: 3 0x0000000080008598 (0xff9ff06f)
core   0: 0x0000000080008590 (0x00001397) auipc   t2, 0x1
core   0: 3 0x0000000080008590 (0x00001397) x7  0x0000000080009590
core   0: 0x0000000080008594 (0xa613a823) sw      ra, -1424(t2)
core   0: 3 0x0000000080008594 (0xa613a823) mem 0x0000000080009000 0x00000001
core   0: 0x0000000080008598 (0xff9ff06f) j       pc - 0x8
core   0: 3 0x0000000080008598 (0xff9ff06f)
core   0: 0x0000000080008590 (0x00001397) auipc   t2, 0x1
core   0: 3 0x0000000080008590 (0x00001397) x7  0x0000000080009590
core   0: 0x0000000080008594 (0xa613a823) sw      ra, -1424(t2)
core   0: 3 0x0000000080008594 (0xa613a823) mem 0x0000000080009000 0x00000001
core   0: 0x0000000080008598 (0xff9ff06f) j       pc - 0x8
core   0: 3 0x0000000080008598 (0xff9ff06f)
core   0: 0x0000000080008590 (0x00001397) auipc   t2, 0x1
core   0: 3 0x0000000080008590 (0x00001397) x7  0x0000000080009590
core   0: 0x0000000080008594 (0xa613a823) sw      ra, -1424(t2)
core   0: 3 0x0000000080008594 (0xa613a823) mem 0x0000000080009000 0x00000001
