core   0: 0x00001000 (0x00000297) auipc   t0, 0x0
core   0: 3 0x00001000 (0x00000297) x5  0x00001000
core   0: 0x00001004 (0x02028593) addi    a1, t0, 32
core   0: 3 0x00001004 (0x02028593) x11 0x00001020
core   0: 0x00001008 (0xf1402573) csrr    a0, mhartid
core   0: 3 0x00001008 (0xf1402573) x10 0x00000000
core   0: 0x0000100c (0x0182a283) lw      t0, 24(t0)
core   0: 3 0x0000100c (0x0182a283) x5  0x80000000 mem 0x00001018
core   0: 0x00001010 (0x00028067) jr      t0
core   0: 3 0x00001010 (0x00028067)
core   0: 0x80000000 (0x7d5c0837) lui     a6, 0x7d5c0
core   0: 3 0x80000000 (0x7d5c0837) x16 0x7d5c0000
core   0: 0x80000004 (0xddb80813) addi    a6, a6, -549
core   0: 3 0x80000004 (0xddb80813) x16 0x7d5bfddb
core   0: 0x80000008 (0x00785893) srli    a7, a6, 7
core   0: 3 0x80000008 (0x00785893) x17 0x00fab7fb
core   0: 0x8000000c (0x01985793) srli    a5, a6, 25
core   0: 3 0x8000000c (0x01985793) x15 0x0000003e
core   0: 0x80000010 (0x00f8e8b3) or      a7, a7, a5
core   0: 3 0x80000010 (0x00f8e8b3) x17 0x00fab7ff
core   0: 0x80000014 (0x0078d913) srli    s2, a7, 7
core   0: 3 0x80000014 (0x0078d913) x18 0x0001f56f
core   0: 0x80000018 (0x0198d793) srli    a5, a7, 25
core   0: 3 0x80000018 (0x0198d793) x15 0x00000000
core   0: 0x8000001c (0x00f96933) or      s2, s2, a5
core   0: 3 0x8000001c (0x00f96933) x18 0x0001f56f
core   0: 0x80000020 (0x00795993) srli    s3, s2, 7
core   0: 3 0x80000020 (0x00795993) x19 0x000003ea
core   0: 0x80000024 (0x01995793) srli    a5, s2, 25
core   0: 3 0x80000024 (0x01995793) x15 0x00000000
core   0: 0x80000028 (0x00f9e9b3) or      s3, s3, a5
core   0: 3 0x80000028 (0x00f9e9b3) x19 0x000003ea
core   0: 0x8000002c (0x0079da13) srli    s4, s3, 7
core   0: 3 0x8000002c (0x0079da13) x20 0x00000007
core   0: 0x80000030 (0x0199d793) srli    a5, s3, 25
core   0: 3 0x80000030 (0x0199d793) x15 0x00000000
core   0: 0x80000034 (0x00fa6a33) or      s4, s4, a5
core   0: 3 0x80000034 (0x00fa6a33) x20 0x00000007
core   0: 0x80000038 (0x007a5a93) srli    s5, s4, 7
core   0: 3 0x80000038 (0x007a5a93) x21 0x00000000
core   0: 0x8000003c (0x019a5793) srli    a5, s4, 25
core   0: 3 0x8000003c (0x019a5793) x15 0x00000000
core   0: 0x80000040 (0x00faeab3) or      s5, s5, a5
core   0: 3 0x80000040 (0x00faeab3) x21 0x00000000
core   0: 0x80000044 (0x007adb13) srli    s6, s5, 7
core   0: 3 0x80000044 (0x007adb13) x22 0x00000000
core   0: 0x80000048 (0x019ad793) srli    a5, s5, 25
core   0: 3 0x80000048 (0x019ad793) x15 0x00000000
core   0: 0x8000004c (0x00fb6b33) or      s6, s6, a5
core   0: 3 0x8000004c (0x00fb6b33) x22 0x00000000
core   0: 0x80000050 (0x007b5b93) srli    s7, s6, 7
core   0: 3 0x80000050 (0x007b5b93) x23 0x00000000
core   0: 0x80000054 (0x019b5793) srli    a5, s6, 25
core   0: 3 0x80000054 (0x019b5793) x15 0x00000000
core   0: 0x80000058 (0x00fbebb3) or      s7, s7, a5
core   0: 3 0x80000058 (0x00fbebb3) x23 0x00000000
core   0: 0x8000005c (0x007bdc13) srli    s8, s7, 7
core   0: 3 0x8000005c (0x007bdc13) x24 0x00000000
core   0: 0x80000060 (0x019bd793) srli    a5, s7, 25
core   0: 3 0x80000060 (0x019bd793) x15 0x00000000
core   0: 0x80000064 (0x00fc6c33) or      s8, s8, a5
core   0: 3 0x80000064 (0x00fc6c33) x24 0x00000000
core   0: 0x80000068 (0x007c5c93) srli    s9, s8, 7
core   0: 3 0x80000068 (0x007c5c93) x25 0x00000000
core   0: 0x8000006c (0x019c5793) srli    a5, s8, 25
core   0: 3 0x8000006c (0x019c5793) x15 0x00000000
core   0: 0x80000070 (0x00fcecb3) or      s9, s9, a5
core   0: 3 0x80000070 (0x00fcecb3) x25 0x00000000
core   0: 0x80000074 (0x007cdd13) srli    s10, s9, 7
core   0: 3 0x80000074 (0x007cdd13) x26 0x00000000
core   0: 0x80000078 (0x019cd793) srli    a5, s9, 25
core   0: 3 0x80000078 (0x019cd793) x15 0x00000000
core   0: 0x8000007c (0x00fd6d33) or      s10, s10, a5
core   0: 3 0x8000007c (0x00fd6d33) x26 0x00000000
core   0: 0x80000080 (0x007d5d93) srli    s11, s10, 7
core   0: 3 0x80000080 (0x007d5d93) x27 0x00000000
core   0: 0x80000084 (0x019d5793) srli    a5, s10, 25
core   0: 3 0x80000084 (0x019d5793) x15 0x00000000
core   0: 0x80000088 (0x00fdedb3) or      s11, s11, a5
core   0: 3 0x80000088 (0x00fdedb3) x27 0x00000000
core   0: 0x8000008c (0x007dde13) srli    t3, s11, 7
core   0: 3 0x8000008c (0x007dde13) x28 0x00000000
core   0: 0x80000090 (0x019dd793) srli    a5, s11, 25
core   0: 3 0x80000090 (0x019dd793) x15 0x00000000
core   0: 0x80000094 (0x00fe6e33) or      t3, t3, a5
core   0: 3 0x80000094 (0x00fe6e33) x28 0x00000000
core   0: 0x80000098 (0x007e5e93) srli    t4, t3, 7
core   0: 3 0x80000098 (0x007e5e93) x29 0x00000000
core   0: 0x8000009c (0x019e5793) srli    a5, t3, 25
core   0: 3 0x8000009c (0x019e5793) x15 0x00000000
core   0: 0x800000a0 (0x00feeeb3) or      t4, t4, a5
core   0: 3 0x800000a0 (0x00feeeb3) x29 0x00000000
core   0: 0x800000a4 (0x007edf13) srli    t5, t4, 7
core   0: 3 0x800000a4 (0x007edf13) x30 0x00000000
core   0: 0x800000a8 (0x019ed793) srli    a5, t4, 25
core   0: 3 0x800000a8 (0x019ed793) x15 0x00000000
core   0: 0x800000ac (0x00ff6f33) or      t5, t5, a5
core   0: 3 0x800000ac (0x00ff6f33) x30 0x00000000
core   0: 0x800000b0 (0xfeedc0b7) lui     ra, 0xfeedc
core   0: 3 0x800000b0 (0xfeedc0b7) x1  0xfeedc000
core   0: 0x800000b4 (0xead08093) addi    ra, ra, -339
core   0: 3 0x800000b4 (0xead08093) x1  0xfeedbead
core   0: 0x800000b8 (0x0070d113) srli    sp, ra, 7
core   0: 3 0x800000b8 (0x0070d113) x2  0x01fddb7d
core   0: 0x800000bc (0x0190d793) srli    a5, ra, 25
core   0: 3 0x800000bc (0x0190d793) x15 0x0000007f
core   0: 0x800000c0 (0x00f16133) or      sp, sp, a5
core   0: 3 0x800000c0 (0x00f16133) x2  0x01fddb7f
core   0: 0x800000c4 (0x00715193) srli    gp, sp, 7
core   0: 3 0x800000c4 (0x00715193) x3  0x0003fbb6
core   0: 0x800000c8 (0x01915793) srli    a5, sp, 25
core   0: 3 0x800000c8 (0x01915793) x15 0x00000000
core   0: 0x800000cc (0x00f1e1b3) or      gp, gp, a5
core   0: 3 0x800000cc (0x00f1e1b3) x3  0x0003fbb6
core   0: 0x800000d0 (0x0071d213) srli    tp, gp, 7
core   0: 3 0x800000d0 (0x0071d213) x4  0x000007f7
core   0: 0x800000d4 (0x0191d793) srli    a5, gp, 25
core   0: 3 0x800000d4 (0x0191d793) x15 0x00000000
core   0: 0x800000d8 (0x00f26233) or      tp, tp, a5
core   0: 3 0x800000d8 (0x00f26233) x4  0x000007f7
core   0: 0x800000dc (0x00725293) srli    t0, tp, 7
core   0: 3 0x800000dc (0x00725293) x5  0x0000000f
core   0: 0x800000e0 (0x01925793) srli    a5, tp, 25
core   0: 3 0x800000e0 (0x01925793) x15 0x00000000
core   0: 0x800000e4 (0x00f2e2b3) or      t0, t0, a5
core   0: 3 0x800000e4 (0x00f2e2b3) x5  0x0000000f
core   0: 0x800000e8 (0x0072d313) srli    t1, t0, 7
core   0: 3 0x800000e8 (0x0072d313) x6  0x00000000
core   0: 0x800000ec (0x0192d793) srli    a5, t0, 25
core   0: 3 0x800000ec (0x0192d793) x15 0x00000000
core   0: 0x800000f0 (0x00f36333) or      t1, t1, a5
core   0: 3 0x800000f0 (0x00f36333) x6  0x00000000
core   0: 0x800000f4 (0x00735393) srli    t2, t1, 7
core   0: 3 0x800000f4 (0x00735393) x7  0x00000000
core   0: 0x800000f8 (0x01935793) srli    a5, t1, 25
core   0: 3 0x800000f8 (0x01935793) x15 0x00000000
core   0: 0x800000fc (0x00f3e3b3) or      t2, t2, a5
core   0: 3 0x800000fc (0x00f3e3b3) x7  0x00000000
core   0: 0x80000100 (0x0073d413) srli    s0, t2, 7
core   0: 3 0x80000100 (0x0073d413) x8  0x00000000
core   0: 0x80000104 (0x0193d793) srli    a5, t2, 25
core   0: 3 0x80000104 (0x0193d793) x15 0x00000000
core   0: 0x80000108 (0x00f46433) or      s0, s0, a5
core   0: 3 0x80000108 (0x00f46433) x8  0x00000000
core   0: 0x8000010c (0x00745493) srli    s1, s0, 7
core   0: 3 0x8000010c (0x00745493) x9  0x00000000
core   0: 0x80000110 (0x01945793) srli    a5, s0, 25
core   0: 3 0x80000110 (0x01945793) x15 0x00000000
core   0: 0x80000114 (0x00f4e4b3) or      s1, s1, a5
core   0: 3 0x80000114 (0x00f4e4b3) x9  0x00000000
core   0: 0x80000118 (0x0074d513) srli    a0, s1, 7
core   0: 3 0x80000118 (0x0074d513) x10 0x00000000
core   0: 0x8000011c (0x0194d793) srli    a5, s1, 25
core   0: 3 0x8000011c (0x0194d793) x15 0x00000000
core   0: 0x80000120 (0x00f56533) or      a0, a0, a5
core   0: 3 0x80000120 (0x00f56533) x10 0x00000000
core   0: 0x80000124 (0x00755593) srli    a1, a0, 7
core   0: 3 0x80000124 (0x00755593) x11 0x00000000
core   0: 0x80000128 (0x01955793) srli    a5, a0, 25
core   0: 3 0x80000128 (0x01955793) x15 0x00000000
core   0: 0x8000012c (0x00f5e5b3) or      a1, a1, a5
core   0: 3 0x8000012c (0x00f5e5b3) x11 0x00000000
core   0: 0x80000130 (0x0075d613) srli    a2, a1, 7
core   0: 3 0x80000130 (0x0075d613) x12 0x00000000
core   0: 0x80000134 (0x0195d793) srli    a5, a1, 25
core   0: 3 0x80000134 (0x0195d793) x15 0x00000000
core   0: 0x80000138 (0x00f66633) or      a2, a2, a5
core   0: 3 0x80000138 (0x00f66633) x12 0x00000000
core   0: 0x8000013c (0x00765693) srli    a3, a2, 7
core   0: 3 0x8000013c (0x00765693) x13 0x00000000
core   0: 0x80000140 (0x01965793) srli    a5, a2, 25
core   0: 3 0x80000140 (0x01965793) x15 0x00000000
core   0: 0x80000144 (0x00f6e6b3) or      a3, a3, a5
core   0: 3 0x80000144 (0x00f6e6b3) x13 0x00000000
core   0: 0x80000148 (0x00000013) nop
core   0: 3 0x80000148 (0x00000013)
core   0: 0x8000014c (0x00000013) nop
core   0: 3 0x8000014c (0x00000013)
core   0: 0x80000150 (0x00000013) nop
core   0: 3 0x80000150 (0x00000013)
core   0: 0x80000154 (0x00000013) nop
core   0: 3 0x80000154 (0x00000013)
core   0: 0x80000158 (0x00000013) nop
core   0: 3 0x80000158 (0x00000013)
core   0: 0x8000015c (0x00000013) nop
core   0: 3 0x8000015c (0x00000013)
core   0: 0x80000160 (0x00006097) auipc   ra, 0x6
core   0: 3 0x80000160 (0x00006097) x1  0x80006160
core   0: 0x80000164 (0xfa808093) addi    ra, ra, -88
core   0: 3 0x80000164 (0xfa808093) x1  0x80006108
core   0: 0x80000168 (0x00000013) nop
core   0: 3 0x80000168 (0x00000013)
core   0: 0x8000016c (0x00000013) nop
core   0: 3 0x8000016c (0x00000013)
core   0: 0x80000170 (0x00000013) nop
core   0: 3 0x80000170 (0x00000013)
core   0: 0x80000174 (0x00000013) nop
core   0: 3 0x80000174 (0x00000013)
core   0: 0x80000178 (0x00000013) nop
core   0: 3 0x80000178 (0x00000013)
core   0: 0x8000017c (0x00000013) nop
core   0: 3 0x8000017c (0x00000013)
core   0: 0x80000180 (0x00010fb7) lui     t6, 0x10
core   0: 3 0x80000180 (0x00010fb7) x31 0x00010000
core   0: 0x80000184 (0x00010fb7) lui     t6, 0x10
core   0: 3 0x80000184 (0x00010fb7) x31 0x00010000
core   0: 0x80000188 (0x03ffdfb3) divu    t6, t6, t6
core   0: 3 0x80000188 (0x03ffdfb3) x31 0x00000001
core   0: 0x8000018c (0x01f0a023) sw      t6, 0(ra)
core   0: 3 0x8000018c (0x01f0a023) mem 0x80006108 0x00000001
core   0: 0x80000190 (0xfff00f13) li      t5, -1
core   0: 3 0x80000190 (0xfff00f13) x30 0xffffffff
core   0: 0x80000194 (0x00010eb7) lui     t4, 0x10
core   0: 3 0x80000194 (0x00010eb7) x29 0x00010000
core   0: 0x80000198 (0x03df5f33) divu    t5, t5, t4
core   0: 3 0x80000198 (0x03df5f33) x30 0x0000ffff
core   0: 0x8000019c (0x01e0a223) sw      t5, 4(ra)
core   0: 3 0x8000019c (0x01e0a223) mem 0x8000610c 0x0000ffff
core   0: 0x800001a0 (0x00000e93) li      t4, 0
core   0: 3 0x800001a0 (0x00000e93) x29 0x00000000
core   0: 0x800001a4 (0x00010e37) lui     t3, 0x10
core   0: 3 0x800001a4 (0x00010e37) x28 0x00010000
core   0: 0x800001a8 (0x03cede33) divu    t3, t4, t3
core   0: 3 0x800001a8 (0x03cede33) x28 0x00000000
core   0: 0x800001ac (0x01c0a423) sw      t3, 8(ra)
core   0: 3 0x800001ac (0x01c0a423) mem 0x80006110 0x00000000
core   0: 0x800001b0 (0x00010e37) lui     t3, 0x10
core   0: 3 0x800001b0 (0x00010e37) x28 0x00010000
core   0: 0x800001b4 (0x00010f37) lui     t5, 0x10
core   0: 3 0x800001b4 (0x00010f37) x30 0x00010000
core   0: 0x800001b8 (0x03ee5eb3) divu    t4, t3, t5
core   0: 3 0x800001b8 (0x03ee5eb3) x29 0x00000001
core   0: 0x800001bc (0x01d0a623) sw      t4, 12(ra)
core   0: 3 0x800001bc (0x01d0a623) mem 0x80006114 0x00000001
core   0: 0x800001c0 (0x00010d37) lui     s10, 0x10
core   0: 3 0x800001c0 (0x00010d37) x26 0x00010000
core   0: 0x800001c4 (0x00010d37) lui     s10, 0x10
core   0: 3 0x800001c4 (0x00010d37) x26 0x00010000
core   0: 0x800001c8 (0x03ad5db3) divu    s11, s10, s10
core   0: 3 0x800001c8 (0x03ad5db3) x27 0x00000001
core   0: 0x800001cc (0x01b0a823) sw      s11, 16(ra)
core   0: 3 0x800001cc (0x01b0a823) mem 0x80006118 0x00000001
core   0: 0x800001d0 (0x00300d93) li      s11, 3
core   0: 3 0x800001d0 (0x00300d93) x27 0x00000003
core   0: 0x800001d4 (0x00300c93) li      s9, 3
core   0: 3 0x800001d4 (0x00300c93) x25 0x00000003
core   0: 0x800001d8 (0x039ddd33) divu    s10, s11, s9
core   0: 3 0x800001d8 (0x039ddd33) x26 0x00000001
core   0: 0x800001dc (0x01a0aa23) sw      s10, 20(ra)
core   0: 3 0x800001dc (0x01a0aa23) mem 0x8000611c 0x00000001
core   0: 0x800001e0 (0x00010c37) lui     s8, 0x10
core   0: 3 0x800001e0 (0x00010c37) x24 0x00010000
core   0: 0x800001e4 (0xffe00d93) li      s11, -2
core   0: 3 0x800001e4 (0xffe00d93) x27 0xfffffffe
core   0: 0x800001e8 (0x03bc5cb3) divu    s9, s8, s11
core   0: 3 0x800001e8 (0x03bc5cb3) x25 0x00000000
core   0: 0x800001ec (0x0190ac23) sw      s9, 24(ra)
core   0: 3 0x800001ec (0x0190ac23) mem 0x80006120 0x00000000
core   0: 0x800001f0 (0x00010cb7) lui     s9, 0x10
core   0: 3 0x800001f0 (0x00010cb7) x25 0x00010000
core   0: 0x800001f4 (0xffd00b93) li      s7, -3
core   0: 3 0x800001f4 (0xffd00b93) x23 0xfffffffd
core   0: 0x800001f8 (0x037cdc33) divu    s8, s9, s7
core   0: 3 0x800001f8 (0x037cdc33) x24 0x00000000
core   0: 0x800001fc (0x0180ae23) sw      s8, 28(ra)
core   0: 3 0x800001fc (0x0180ae23) mem 0x80006124 0x00000000
core   0: 0x80000200 (0x00010b37) lui     s6, 0x10
core   0: 3 0x80000200 (0x00010b37) x22 0x00010000
core   0: 0x80000204 (0xffb00c13) li      s8, -5
core   0: 3 0x80000204 (0xffb00c13) x24 0xfffffffb
core   0: 0x80000208 (0x038b5bb3) divu    s7, s6, s8
core   0: 3 0x80000208 (0x038b5bb3) x23 0x00000000
core   0: 0x8000020c (0x0370a023) sw      s7, 32(ra)
core   0: 3 0x8000020c (0x0370a023) mem 0x80006128 0x00000000
core   0: 0x80000210 (0x00010bb7) lui     s7, 0x10
core   0: 3 0x80000210 (0x00010bb7) x23 0x00010000
core   0: 0x80000214 (0xff700a93) li      s5, -9
core   0: 3 0x80000214 (0xff700a93) x21 0xfffffff7
core   0: 0x80000218 (0x035bdb33) divu    s6, s7, s5
core   0: 3 0x80000218 (0x035bdb33) x22 0x00000000
core   0: 0x8000021c (0x0360a223) sw      s6, 36(ra)
core   0: 3 0x8000021c (0x0360a223) mem 0x8000612c 0x00000000
core   0: 0x80000220 (0x00010a37) lui     s4, 0x10
core   0: 3 0x80000220 (0x00010a37) x20 0x00010000
core   0: 0x80000224 (0xfef00b13) li      s6, -17
core   0: 3 0x80000224 (0xfef00b13) x22 0xffffffef
core   0: 0x80000228 (0x036a5ab3) divu    s5, s4, s6
core   0: 3 0x80000228 (0x036a5ab3) x21 0x00000000
core   0: 0x8000022c (0x0350a423) sw      s5, 40(ra)
core   0: 3 0x8000022c (0x0350a423) mem 0x80006130 0x00000000
core   0: 0x80000230 (0x00010ab7) lui     s5, 0x10
core   0: 3 0x80000230 (0x00010ab7) x21 0x00010000
core   0: 0x80000234 (0xfdf00993) li      s3, -33
core   0: 3 0x80000234 (0xfdf00993) x19 0xffffffdf
core   0: 0x80000238 (0x033ada33) divu    s4, s5, s3
core   0: 3 0x80000238 (0x033ada33) x20 0x00000000
core   0: 0x8000023c (0x0340a623) sw      s4, 44(ra)
core   0: 3 0x8000023c (0x0340a623) mem 0x80006134 0x00000000
core   0: 0x80000240 (0x00010937) lui     s2, 0x10
core   0: 3 0x80000240 (0x00010937) x18 0x00010000
core   0: 0x80000244 (0xfbf00a13) li      s4, -65
core   0: 3 0x80000244 (0xfbf00a13) x20 0xffffffbf
core   0: 0x80000248 (0x034959b3) divu    s3, s2, s4
core   0: 3 0x80000248 (0x034959b3) x19 0x00000000
core   0: 0x8000024c (0x0330a823) sw      s3, 48(ra)
core   0: 3 0x8000024c (0x0330a823) mem 0x80006138 0x00000000
core   0: 0x80000250 (0x000109b7) lui     s3, 0x10
core   0: 3 0x80000250 (0x000109b7) x19 0x00010000
core   0: 0x80000254 (0xf7f00893) li      a7, -129
core   0: 3 0x80000254 (0xf7f00893) x17 0xffffff7f
core   0: 0x80000258 (0x0319d933) divu    s2, s3, a7
core   0: 3 0x80000258 (0x0319d933) x18 0x00000000
core   0: 0x8000025c (0x0320aa23) sw      s2, 52(ra)
core   0: 3 0x8000025c (0x0320aa23) mem 0x8000613c 0x00000000
core   0: 0x80000260 (0x00010837) lui     a6, 0x10
core   0: 3 0x80000260 (0x00010837) x16 0x00010000
core   0: 0x80000264 (0xeff00913) li      s2, -257
core   0: 3 0x80000264 (0xeff00913) x18 0xfffffeff
core   0: 0x80000268 (0x032858b3) divu    a7, a6, s2
core   0: 3 0x80000268 (0x032858b3) x17 0x00000000
core   0: 0x8000026c (0x0310ac23) sw      a7, 56(ra)
core   0: 3 0x8000026c (0x0310ac23) mem 0x80006140 0x00000000
core   0: 0x80000270 (0x000108b7) lui     a7, 0x10
core   0: 3 0x80000270 (0x000108b7) x17 0x00010000
core   0: 0x80000274 (0xdff00793) li      a5, -513
core   0: 3 0x80000274 (0xdff00793) x15 0xfffffdff
core   0: 0x80000278 (0x02f8d833) divu    a6, a7, a5
core   0: 3 0x80000278 (0x02f8d833) x16 0x00000000
core   0: 0x8000027c (0x0300ae23) sw      a6, 60(ra)
core   0: 3 0x8000027c (0x0300ae23) mem 0x80006144 0x00000000
core   0: 0x80000280 (0x00010737) lui     a4, 0x10
core   0: 3 0x80000280 (0x00010737) x14 0x00010000
core   0: 0x80000284 (0xbff00813) li      a6, -1025
core   0: 3 0x80000284 (0xbff00813) x16 0xfffffbff
core   0: 0x80000288 (0x030757b3) divu    a5, a4, a6
core   0: 3 0x80000288 (0x030757b3) x15 0x00000000
core   0: 0x8000028c (0x04f0a023) sw      a5, 64(ra)
core   0: 3 0x8000028c (0x04f0a023) mem 0x80006148 0x00000000
core   0: 0x80000290 (0x000107b7) lui     a5, 0x10
core   0: 3 0x80000290 (0x000107b7) x15 0x00010000
core   0: 0x80000294 (0xfffff6b7) lui     a3, 0xfffff
core   0: 3 0x80000294 (0xfffff6b7) x13 0xfffff000
core   0: 0x80000298 (0x7ff68693) addi    a3, a3, 2047
core   0: 3 0x80000298 (0x7ff68693) x13 0xfffff7ff
core   0: 0x8000029c (0x02d7d733) divu    a4, a5, a3
core   0: 3 0x8000029c (0x02d7d733) x14 0x00000000
core   0: 0x800002a0 (0x04e0a223) sw      a4, 68(ra)
core   0: 3 0x800002a0 (0x04e0a223) mem 0x8000614c 0x00000000
core   0: 0x800002a4 (0x00010637) lui     a2, 0x10
core   0: 3 0x800002a4 (0x00010637) x12 0x00010000
core   0: 0x800002a8 (0xfffff737) lui     a4, 0xfffff
core   0: 3 0x800002a8 (0xfffff737) x14 0xfffff000
core   0: 0x800002ac (0xfff70713) addi    a4, a4, -1
core   0: 3 0x800002ac (0xfff70713) x14 0xffffefff
core   0: 0x800002b0 (0x02e656b3) divu    a3, a2, a4
core   0: 3 0x800002b0 (0x02e656b3) x13 0x00000000
core   0: 0x800002b4 (0x04d0a423) sw      a3, 72(ra)
core   0: 3 0x800002b4 (0x04d0a423) mem 0x80006150 0x00000000
core   0: 0x800002b8 (0x000106b7) lui     a3, 0x10
core   0: 3 0x800002b8 (0x000106b7) x13 0x00010000
core   0: 0x800002bc (0xffffe5b7) lui     a1, 0xffffe
core   0: 3 0x800002bc (0xffffe5b7) x11 0xffffe000
core   0: 0x800002c0 (0xfff58593) addi    a1, a1, -1
core   0: 3 0x800002c0 (0xfff58593) x11 0xffffdfff
core   0: 0x800002c4 (0x02b6d633) divu    a2, a3, a1
core   0: 3 0x800002c4 (0x02b6d633) x12 0x00000000
core   0: 0x800002c8 (0x04c0a623) sw      a2, 76(ra)
core   0: 3 0x800002c8 (0x04c0a623) mem 0x80006154 0x00000000
core   0: 0x800002cc (0x00010537) lui     a0, 0x10
core   0: 3 0x800002cc (0x00010537) x10 0x00010000
core   0: 0x800002d0 (0xffffc637) lui     a2, 0xffffc
core   0: 3 0x800002d0 (0xffffc637) x12 0xffffc000
core   0: 0x800002d4 (0xfff60613) addi    a2, a2, -1
core   0: 3 0x800002d4 (0xfff60613) x12 0xffffbfff
core   0: 0x800002d8 (0x02c555b3) divu    a1, a0, a2
core   0: 3 0x800002d8 (0x02c555b3) x11 0x00000000
core   0: 0x800002dc (0x04b0a823) sw      a1, 80(ra)
core   0: 3 0x800002dc (0x04b0a823) mem 0x80006158 0x00000000
core   0: 0x800002e0 (0x000105b7) lui     a1, 0x10
core   0: 3 0x800002e0 (0x000105b7) x11 0x00010000
core   0: 0x800002e4 (0xffff84b7) lui     s1, 0xffff8
core   0: 3 0x800002e4 (0xffff84b7) x9  0xffff8000
core   0: 0x800002e8 (0xfff48493) addi    s1, s1, -1
core   0: 3 0x800002e8 (0xfff48493) x9  0xffff7fff
core   0: 0x800002ec (0x0295d533) divu    a0, a1, s1
core   0: 3 0x800002ec (0x0295d533) x10 0x00000000
core   0: 0x800002f0 (0x04a0aa23) sw      a0, 84(ra)
core   0: 3 0x800002f0 (0x04a0aa23) mem 0x8000615c 0x00000000
core   0: 0x800002f4 (0x00010437) lui     s0, 0x10
core   0: 3 0x800002f4 (0x00010437) x8  0x00010000
core   0: 0x800002f8 (0xffff0537) lui     a0, 0xffff0
core   0: 3 0x800002f8 (0xffff0537) x10 0xffff0000
core   0: 0x800002fc (0xfff50513) addi    a0, a0, -1
core   0: 3 0x800002fc (0xfff50513) x10 0xfffeffff
core   0: 0x80000300 (0x02a454b3) divu    s1, s0, a0
core   0: 3 0x80000300 (0x02a454b3) x9  0x00000000
core   0: 0x80000304 (0x0490ac23) sw      s1, 88(ra)
core   0: 3 0x80000304 (0x0490ac23) mem 0x80006160 0x00000000
core   0: 0x80000308 (0x000104b7) lui     s1, 0x10
core   0: 3 0x80000308 (0x000104b7) x9  0x00010000
core   0: 0x8000030c (0xfffe03b7) lui     t2, 0xfffe0
core   0: 3 0x8000030c (0xfffe03b7) x7  0xfffe0000
core   0: 0x80000310 (0xfff38393) addi    t2, t2, -1
core   0: 3 0x80000310 (0xfff38393) x7  0xfffdffff
core   0: 0x80000314 (0x0274d433) divu    s0, s1, t2
core   0: 3 0x80000314 (0x0274d433) x8  0x00000000
core   0: 0x80000318 (0x0480ae23) sw      s0, 92(ra)
core   0: 3 0x80000318 (0x0480ae23) mem 0x80006164 0x00000000
core   0: 0x8000031c (0x00010337) lui     t1, 0x10
core   0: 3 0x8000031c (0x00010337) x6  0x00010000
core   0: 0x80000320 (0xfffc0437) lui     s0, 0xfffc0
core   0: 3 0x80000320 (0xfffc0437) x8  0xfffc0000
core   0: 0x80000324 (0xfff40413) addi    s0, s0, -1
core   0: 3 0x80000324 (0xfff40413) x8  0xfffbffff
core   0: 0x80000328 (0x028353b3) divu    t2, t1, s0
core   0: 3 0x80000328 (0x028353b3) x7  0x00000000
core   0: 0x8000032c (0x0670a023) sw      t2, 96(ra)
core   0: 3 0x8000032c (0x0670a023) mem 0x80006168 0x00000000
core   0: 0x80000330 (0x00000013) nop
core   0: 3 0x80000330 (0x00000013)
core   0: 0x80000334 (0x00000013) nop
core   0: 3 0x80000334 (0x00000013)
core   0: 0x80000338 (0x00000013) nop
core   0: 3 0x80000338 (0x00000013)
core   0: 0x8000033c (0x00000013) nop
core   0: 3 0x8000033c (0x00000013)
core   0: 0x80000340 (0x00006417) auipc   s0, 0x6
core   0: 3 0x80000340 (0x00006417) x8  0x80006340
core   0: 0x80000344 (0xe2c40413) addi    s0, s0, -468
core   0: 3 0x80000344 (0xe2c40413) x8  0x8000616c
core   0: 0x80000348 (0x00000001) c.nop
core   0: 3 0x80000348 (0x0001)
core   0: 0x8000034a (0x00000013) nop
core   0: 3 0x8000034a (0x00000013)
core   0: 0x8000034e (0x00000013) nop
core   0: 3 0x8000034e (0x00000013)
core   0: 0x80000352 (0x00000013) nop
core   0: 3 0x80000352 (0x00000013)
core   0: 0x80000356 (0x00000013) nop
core   0: 3 0x80000356 (0x00000013)
core   0: 0x8000035a (0x00000013) nop
core   0: 3 0x8000035a (0x00000013)
core   0: 0x8000035e (0x00000001) c.nop
core   0: 3 0x8000035e (0x0001)
core   0: 0x80000360 (0x000103b7) lui     t2, 0x10
core   0: 3 0x80000360 (0x000103b7) x7  0x00010000
core   0: 0x80000364 (0xfff802b7) lui     t0, 0xfff80
core   0: 3 0x80000364 (0xfff802b7) x5  0xfff80000
core   0: 0x80000368 (0xfff28293) addi    t0, t0, -1
core   0: 3 0x80000368 (0xfff28293) x5  0xfff7ffff
core   0: 0x8000036c (0x0253d333) divu    t1, t2, t0
core   0: 3 0x8000036c (0x0253d333) x6  0x00000000
core   0: 0x80000370 (0x00642023) sw      t1, 0(s0)
core   0: 3 0x80000370 (0x00642023) mem 0x8000616c 0x00000000
core   0: 0x80000374 (0x00010237) lui     tp, 0x10
core   0: 3 0x80000374 (0x00010237) x4  0x00010000
core   0: 0x80000378 (0xfff00337) lui     t1, 0xfff00
core   0: 3 0x80000378 (0xfff00337) x6  0xfff00000
core   0: 0x8000037c (0xfff30313) addi    t1, t1, -1
core   0: 3 0x8000037c (0xfff30313) x6  0xffefffff
core   0: 0x80000380 (0x026252b3) divu    t0, tp, t1
core   0: 3 0x80000380 (0x026252b3) x5  0x00000000
core   0: 0x80000384 (0x00542223) sw      t0, 4(s0)
core   0: 3 0x80000384 (0x00542223) mem 0x80006170 0x00000000
core   0: 0x80000388 (0x000102b7) lui     t0, 0x10
core   0: 3 0x80000388 (0x000102b7) x5  0x00010000
core   0: 0x8000038c (0xffe001b7) lui     gp, 0xffe00
core   0: 3 0x8000038c (0xffe001b7) x3  0xffe00000
core   0: 0x80000390 (0xfff18193) addi    gp, gp, -1
core   0: 3 0x80000390 (0xfff18193) x3  0xffdfffff
core   0: 0x80000394 (0x0232d233) divu    tp, t0, gp
core   0: 3 0x80000394 (0x0232d233) x4  0x00000000
core   0: 0x80000398 (0x00442423) sw      tp, 8(s0)
core   0: 3 0x80000398 (0x00442423) mem 0x80006174 0x00000000
core   0: 0x8000039c (0x00010137) lui     sp, 0x10
core   0: 3 0x8000039c (0x00010137) x2  0x00010000
core   0: 0x800003a0 (0xffc00237) lui     tp, 0xffc00
core   0: 3 0x800003a0 (0xffc00237) x4  0xffc00000
core   0: 0x800003a4 (0xfff20213) addi    tp, tp, -1
core   0: 3 0x800003a4 (0xfff20213) x4  0xffbfffff
core   0: 0x800003a8 (0x024151b3) divu    gp, sp, tp
core   0: 3 0x800003a8 (0x024151b3) x3  0x00000000
core   0: 0x800003ac (0x00342623) sw      gp, 12(s0)
core   0: 3 0x800003ac (0x00342623) mem 0x80006178 0x00000000
core   0: 0x800003b0 (0x000101b7) lui     gp, 0x10
core   0: 3 0x800003b0 (0x000101b7) x3  0x00010000
core   0: 0x800003b4 (0xff8000b7) lui     ra, 0xff800
core   0: 3 0x800003b4 (0xff8000b7) x1  0xff800000
core   0: 0x800003b8 (0xfff08093) addi    ra, ra, -1
core   0: 3 0x800003b8 (0xfff08093) x1  0xff7fffff
core   0: 0x800003bc (0x0211d133) divu    sp, gp, ra
core   0: 3 0x800003bc (0x0211d133) x2  0x00000000
core   0: 0x800003c0 (0x00242823) sw      sp, 16(s0)
core   0: 3 0x800003c0 (0x00242823) mem 0x8000617c 0x00000000
core   0: 0x800003c4 (0x00000013) nop
core   0: 3 0x800003c4 (0x00000013)
core   0: 0x800003c8 (0xff000137) lui     sp, 0xff000
core   0: 3 0x800003c8 (0xff000137) x2  0xff000000
core   0: 0x800003cc (0xfff10113) addi    sp, sp, -1
core   0: 3 0x800003cc (0xfff10113) x2  0xfeffffff
core   0: 0x800003d0 (0x022050b3) divu    ra, zero, sp
core   0: 3 0x800003d0 (0x022050b3) x1  0x00000000
core   0: 0x800003d4 (0x00142a23) sw      ra, 20(s0)
core   0: 3 0x800003d4 (0x00142a23) mem 0x80006180 0x00000000
core   0: 0x800003d8 (0x000100b7) lui     ra, 0x10
core   0: 3 0x800003d8 (0x000100b7) x1  0x00010000
core   0: 0x800003dc (0xfe000f37) lui     t5, 0xfe000
core   0: 3 0x800003dc (0xfe000f37) x30 0xfe000000
core   0: 0x800003e0 (0xffff0f13) addi    t5, t5, -1
core   0: 3 0x800003e0 (0xffff0f13) x30 0xfdffffff
core   0: 0x800003e4 (0x03e0dfb3) divu    t6, ra, t5
core   0: 3 0x800003e4 (0x03e0dfb3) x31 0x00000000
core   0: 0x800003e8 (0x01f42c23) sw      t6, 24(s0)
core   0: 3 0x800003e8 (0x01f42c23) mem 0x80006184 0x00000000
core   0: 0x800003ec (0x00010f37) lui     t5, 0x10
core   0: 3 0x800003ec (0x00010f37) x30 0x00010000
core   0: 0x800003f0 (0x00000013) nop
core   0: 3 0x800003f0 (0x00000013)
core   0: 0x800003f4 (0x020f5fb3) divu    t6, t5, zero
core   0: 3 0x800003f4 (0x020f5fb3) x31 0xffffffff
core   0: 0x800003f8 (0x01f42e23) sw      t6, 28(s0)
core   0: 3 0x800003f8 (0x01f42e23) mem 0x80006188 0xffffffff
core   0: 0x800003fc (0x00010fb7) lui     t6, 0x10
core   0: 3 0x800003fc (0x00010fb7) x31 0x00010000
core   0: 0x80000400 (0xf8000f37) lui     t5, 0xf8000
core   0: 3 0x80000400 (0xf8000f37) x30 0xf8000000
core   0: 0x80000404 (0xffff0f13) addi    t5, t5, -1
core   0: 3 0x80000404 (0xffff0f13) x30 0xf7ffffff
core   0: 0x80000408 (0x03efd033) divu    zero, t6, t5
core   0: 3 0x80000408 (0x03efd033)
core   0: 0x8000040c (0x02042023) sw      zero, 32(s0)
core   0: 3 0x8000040c (0x02042023) mem 0x8000618c 0x00000000
core   0: 0x80000410 (0x00010f37) lui     t5, 0x10
core   0: 3 0x80000410 (0x00010f37) x30 0x00010000
core   0: 0x80000414 (0xf0000eb7) lui     t4, 0xf0000
core   0: 3 0x80000414 (0xf0000eb7) x29 0xf0000000
core   0: 0x80000418 (0xfffe8e93) addi    t4, t4, -1
core   0: 3 0x80000418 (0xfffe8e93) x29 0xefffffff
core   0: 0x8000041c (0x03df5fb3) divu    t6, t5, t4
core   0: 3 0x8000041c (0x03df5fb3) x31 0x00000000
core   0: 0x80000420 (0x03f42223) sw      t6, 36(s0)
core   0: 3 0x80000420 (0x03f42223) mem 0x80006190 0x00000000
core   0: 0x80000424 (0x00010f37) lui     t5, 0x10
core   0: 3 0x80000424 (0x00010f37) x30 0x00010000
core   0: 0x80000428 (0xe0000eb7) lui     t4, 0xe0000
core   0: 3 0x80000428 (0xe0000eb7) x29 0xe0000000
core   0: 0x8000042c (0xfffe8e93) addi    t4, t4, -1
core   0: 3 0x8000042c (0xfffe8e93) x29 0xdfffffff
core   0: 0x80000430 (0x03df5fb3) divu    t6, t5, t4
core   0: 3 0x80000430 (0x03df5fb3) x31 0x00000000
core   0: 0x80000434 (0x03f42423) sw      t6, 40(s0)
core   0: 3 0x80000434 (0x03f42423) mem 0x80006194 0x00000000
core   0: 0x80000438 (0x00010f37) lui     t5, 0x10
core   0: 3 0x80000438 (0x00010f37) x30 0x00010000
core   0: 0x8000043c (0xc0000eb7) lui     t4, 0xc0000
core   0: 3 0x8000043c (0xc0000eb7) x29 0xc0000000
core   0: 0x80000440 (0xfffe8e93) addi    t4, t4, -1
core   0: 3 0x80000440 (0xfffe8e93) x29 0xbfffffff
core   0: 0x80000444 (0x03df5fb3) divu    t6, t5, t4
core   0: 3 0x80000444 (0x03df5fb3) x31 0x00000000
core   0: 0x80000448 (0x03f42623) sw      t6, 44(s0)
core   0: 3 0x80000448 (0x03f42623) mem 0x80006198 0x00000000
core   0: 0x8000044c (0x00010f37) lui     t5, 0x10
core   0: 3 0x8000044c (0x00010f37) x30 0x00010000
core   0: 0x80000450 (0x80000eb7) lui     t4, 0x80000
core   0: 3 0x80000450 (0x80000eb7) x29 0x80000000
core   0: 0x80000454 (0xfffe8e93) addi    t4, t4, -1
core   0: 3 0x80000454 (0xfffe8e93) x29 0x7fffffff
core   0: 0x80000458 (0x03df5fb3) divu    t6, t5, t4
core   0: 3 0x80000458 (0x03df5fb3) x31 0x00000000
core   0: 0x8000045c (0x03f42823) sw      t6, 48(s0)
core   0: 3 0x8000045c (0x03f42823) mem 0x8000619c 0x00000000
core   0: 0x80000460 (0xffe00f13) li      t5, -2
core   0: 3 0x80000460 (0xffe00f13) x30 0xfffffffe
core   0: 0x80000464 (0x00010eb7) lui     t4, 0x10
core   0: 3 0x80000464 (0x00010eb7) x29 0x00010000
core   0: 0x80000468 (0x03df5fb3) divu    t6, t5, t4
core   0: 3 0x80000468 (0x03df5fb3) x31 0x0000ffff
core   0: 0x8000046c (0x03f42a23) sw      t6, 52(s0)
core   0: 3 0x8000046c (0x03f42a23) mem 0x800061a0 0x0000ffff
core   0: 0x80000470 (0xffd00f13) li      t5, -3
core   0: 3 0x80000470 (0xffd00f13) x30 0xfffffffd
core   0: 0x80000474 (0x00010eb7) lui     t4, 0x10
core   0: 3 0x80000474 (0x00010eb7) x29 0x00010000
core   0: 0x80000478 (0x03df5fb3) divu    t6, t5, t4
core   0: 3 0x80000478 (0x03df5fb3) x31 0x0000ffff
core   0: 0x8000047c (0x03f42c23) sw      t6, 56(s0)
core   0: 3 0x8000047c (0x03f42c23) mem 0x800061a4 0x0000ffff
core   0: 0x80000480 (0xffb00f13) li      t5, -5
core   0: 3 0x80000480 (0xffb00f13) x30 0xfffffffb
core   0: 0x80000484 (0x00010eb7) lui     t4, 0x10
core   0: 3 0x80000484 (0x00010eb7) x29 0x00010000
core   0: 0x80000488 (0x03df5fb3) divu    t6, t5, t4
core   0: 3 0x80000488 (0x03df5fb3) x31 0x0000ffff
core   0: 0x8000048c (0x03f42e23) sw      t6, 60(s0)
core   0: 3 0x8000048c (0x03f42e23) mem 0x800061a8 0x0000ffff
core   0: 0x80000490 (0xff700f13) li      t5, -9
core   0: 3 0x80000490 (0xff700f13) x30 0xfffffff7
core   0: 0x80000494 (0x00010eb7) lui     t4, 0x10
core   0: 3 0x80000494 (0x00010eb7) x29 0x00010000
core   0: 0x80000498 (0x03df5fb3) divu    t6, t5, t4
core   0: 3 0x80000498 (0x03df5fb3) x31 0x0000ffff
core   0: 0x8000049c (0x05f42023) sw      t6, 64(s0)
core   0: 3 0x8000049c (0x05f42023) mem 0x800061ac 0x0000ffff
core   0: 0x800004a0 (0xfef00f13) li      t5, -17
core   0: 3 0x800004a0 (0xfef00f13) x30 0xffffffef
core   0: 0x800004a4 (0x00010eb7) lui     t4, 0x10
core   0: 3 0x800004a4 (0x00010eb7) x29 0x00010000
core   0: 0x800004a8 (0x03df5fb3) divu    t6, t5, t4
core   0: 3 0x800004a8 (0x03df5fb3) x31 0x0000ffff
core   0: 0x800004ac (0x05f42223) sw      t6, 68(s0)
core   0: 3 0x800004ac (0x05f42223) mem 0x800061b0 0x0000ffff
core   0: 0x800004b0 (0xfdf00f13) li      t5, -33
core   0: 3 0x800004b0 (0xfdf00f13) x30 0xffffffdf
core   0: 0x800004b4 (0x00010eb7) lui     t4, 0x10
core   0: 3 0x800004b4 (0x00010eb7) x29 0x00010000
core   0: 0x800004b8 (0x03df5fb3) divu    t6, t5, t4
core   0: 3 0x800004b8 (0x03df5fb3) x31 0x0000ffff
core   0: 0x800004bc (0x05f42423) sw      t6, 72(s0)
core   0: 3 0x800004bc (0x05f42423) mem 0x800061b4 0x0000ffff
core   0: 0x800004c0 (0xfbf00f13) li      t5, -65
core   0: 3 0x800004c0 (0xfbf00f13) x30 0xffffffbf
core   0: 0x800004c4 (0x00010eb7) lui     t4, 0x10
core   0: 3 0x800004c4 (0x00010eb7) x29 0x00010000
core   0: 0x800004c8 (0x03df5fb3) divu    t6, t5, t4
core   0: 3 0x800004c8 (0x03df5fb3) x31 0x0000ffff
core   0: 0x800004cc (0x05f42623) sw      t6, 76(s0)
core   0: 3 0x800004cc (0x05f42623) mem 0x800061b8 0x0000ffff
core   0: 0x800004d0 (0xf7f00f13) li      t5, -129
core   0: 3 0x800004d0 (0xf7f00f13) x30 0xffffff7f
core   0: 0x800004d4 (0x00010eb7) lui     t4, 0x10
core   0: 3 0x800004d4 (0x00010eb7) x29 0x00010000
core   0: 0x800004d8 (0x03df5fb3) divu    t6, t5, t4
core   0: 3 0x800004d8 (0x03df5fb3) x31 0x0000ffff
core   0: 0x800004dc (0x05f42823) sw      t6, 80(s0)
core   0: 3 0x800004dc (0x05f42823) mem 0x800061bc 0x0000ffff
core   0: 0x800004e0 (0xeff00f13) li      t5, -257
core   0: 3 0x800004e0 (0xeff00f13) x30 0xfffffeff
core   0: 0x800004e4 (0x00010eb7) lui     t4, 0x10
core   0: 3 0x800004e4 (0x00010eb7) x29 0x00010000
core   0: 0x800004e8 (0x03df5fb3) divu    t6, t5, t4
core   0: 3 0x800004e8 (0x03df5fb3) x31 0x0000ffff
core   0: 0x800004ec (0x05f42a23) sw      t6, 84(s0)
core   0: 3 0x800004ec (0x05f42a23) mem 0x800061c0 0x0000ffff
core   0: 0x800004f0 (0xdff00f13) li      t5, -513
core   0: 3 0x800004f0 (0xdff00f13) x30 0xfffffdff
core   0: 0x800004f4 (0x00010eb7) lui     t4, 0x10
core   0: 3 0x800004f4 (0x00010eb7) x29 0x00010000
core   0: 0x800004f8 (0x03df5fb3) divu    t6, t5, t4
core   0: 3 0x800004f8 (0x03df5fb3) x31 0x0000ffff
core   0: 0x800004fc (0x05f42c23) sw      t6, 88(s0)
core   0: 3 0x800004fc (0x05f42c23) mem 0x800061c4 0x0000ffff
core   0: 0x80000500 (0xbff00f13) li      t5, -1025
core   0: 3 0x80000500 (0xbff00f13) x30 0xfffffbff
core   0: 0x80000504 (0x00010eb7) lui     t4, 0x10
core   0: 3 0x80000504 (0x00010eb7) x29 0x00010000
core   0: 0x80000508 (0x03df5fb3) divu    t6, t5, t4
core   0: 3 0x80000508 (0x03df5fb3) x31 0x0000ffff
core   0: 0x8000050c (0x05f42e23) sw      t6, 92(s0)
core   0: 3 0x8000050c (0x05f42e23) mem 0x800061c8 0x0000ffff
core   0: 0x80000510 (0xffffff37) lui     t5, 0xfffff
core   0: 3 0x80000510 (0xffffff37) x30 0xfffff000
core   0: 0x80000514 (0x7fff0f13) addi    t5, t5, 2047
core   0: 3 0x80000514 (0x7fff0f13) x30 0xfffff7ff
core   0: 0x80000518 (0x00010eb7) lui     t4, 0x10
core   0: 3 0x80000518 (0x00010eb7) x29 0x00010000
core   0: 0x8000051c (0x03df5fb3) divu    t6, t5, t4
core   0: 3 0x8000051c (0x03df5fb3) x31 0x0000ffff
core   0: 0x80000520 (0x07f42023) sw      t6, 96(s0)
core   0: 3 0x80000520 (0x07f42023) mem 0x800061cc 0x0000ffff
core   0: 0x80000524 (0xffffff37) lui     t5, 0xfffff
core   0: 3 0x80000524 (0xffffff37) x30 0xfffff000
core   0: 0x80000528 (0xffff0f13) addi    t5, t5, -1
core   0: 3 0x80000528 (0xffff0f13) x30 0xffffefff
core   0: 0x8000052c (0x00010eb7) lui     t4, 0x10
core   0: 3 0x8000052c (0x00010eb7) x29 0x00010000
core   0: 0x80000530 (0x03df5fb3) divu    t6, t5, t4
core   0: 3 0x80000530 (0x03df5fb3) x31 0x0000ffff
core   0: 0x80000534 (0x07f42223) sw      t6, 100(s0)
core   0: 3 0x80000534 (0x07f42223) mem 0x800061d0 0x0000ffff
core   0: 0x80000538 (0xffffef37) lui     t5, 0xffffe
core   0: 3 0x80000538 (0xffffef37) x30 0xffffe000
core   0: 0x8000053c (0xffff0f13) addi    t5, t5, -1
core   0: 3 0x8000053c (0xffff0f13) x30 0xffffdfff
core   0: 0x80000540 (0x00010eb7) lui     t4, 0x10
core   0: 3 0x80000540 (0x00010eb7) x29 0x00010000
core   0: 0x80000544 (0x03df5fb3) divu    t6, t5, t4
core   0: 3 0x80000544 (0x03df5fb3) x31 0x0000ffff
core   0: 0x80000548 (0x07f42423) sw      t6, 104(s0)
core   0: 3 0x80000548 (0x07f42423) mem 0x800061d4 0x0000ffff
core   0: 0x8000054c (0xffffcf37) lui     t5, 0xffffc
core   0: 3 0x8000054c (0xffffcf37) x30 0xffffc000
core   0: 0x80000550 (0xffff0f13) addi    t5, t5, -1
core   0: 3 0x80000550 (0xffff0f13) x30 0xffffbfff
core   0: 0x80000554 (0x00010eb7) lui     t4, 0x10
core   0: 3 0x80000554 (0x00010eb7) x29 0x00010000
core   0: 0x80000558 (0x03df5fb3) divu    t6, t5, t4
core   0: 3 0x80000558 (0x03df5fb3) x31 0x0000ffff
core   0: 0x8000055c (0x07f42623) sw      t6, 108(s0)
core   0: 3 0x8000055c (0x07f42623) mem 0x800061d8 0x0000ffff
core   0: 0x80000560 (0xffff8f37) lui     t5, 0xffff8
core   0: 3 0x80000560 (0xffff8f37) x30 0xffff8000
core   0: 0x80000564 (0xffff0f13) addi    t5, t5, -1
core   0: 3 0x80000564 (0xffff0f13) x30 0xffff7fff
core   0: 0x80000568 (0x00010eb7) lui     t4, 0x10
core   0: 3 0x80000568 (0x00010eb7) x29 0x00010000
core   0: 0x8000056c (0x03df5fb3) divu    t6, t5, t4
core   0: 3 0x8000056c (0x03df5fb3) x31 0x0000ffff
core   0: 0x80000570 (0x07f42823) sw      t6, 112(s0)
core   0: 3 0x80000570 (0x07f42823) mem 0x800061dc 0x0000ffff
core   0: 0x80000574 (0xffff0f37) lui     t5, 0xffff0
core   0: 3 0x80000574 (0xffff0f37) x30 0xffff0000
core   0: 0x80000578 (0xffff0f13) addi    t5, t5, -1
core   0: 3 0x80000578 (0xffff0f13) x30 0xfffeffff
core   0: 0x8000057c (0x00010eb7) lui     t4, 0x10
core   0: 3 0x8000057c (0x00010eb7) x29 0x00010000
core   0: 0x80000580 (0x03df5fb3) divu    t6, t5, t4
core   0: 3 0x80000580 (0x03df5fb3) x31 0x0000fffe
core   0: 0x80000584 (0x07f42a23) sw      t6, 116(s0)
core   0: 3 0x80000584 (0x07f42a23) mem 0x800061e0 0x0000fffe
core   0: 0x80000588 (0xfffe0f37) lui     t5, 0xfffe0
core   0: 3 0x80000588 (0xfffe0f37) x30 0xfffe0000
core   0: 0x8000058c (0xffff0f13) addi    t5, t5, -1
core   0: 3 0x8000058c (0xffff0f13) x30 0xfffdffff
core   0: 0x80000590 (0x00010eb7) lui     t4, 0x10
core   0: 3 0x80000590 (0x00010eb7) x29 0x00010000
core   0: 0x80000594 (0x03df5fb3) divu    t6, t5, t4
core   0: 3 0x80000594 (0x03df5fb3) x31 0x0000fffd
core   0: 0x80000598 (0x07f42c23) sw      t6, 120(s0)
core   0: 3 0x80000598 (0x07f42c23) mem 0x800061e4 0x0000fffd
core   0: 0x8000059c (0xfffc0f37) lui     t5, 0xfffc0
core   0: 3 0x8000059c (0xfffc0f37) x30 0xfffc0000
core   0: 0x800005a0 (0xffff0f13) addi    t5, t5, -1
core   0: 3 0x800005a0 (0xffff0f13) x30 0xfffbffff
core   0: 0x800005a4 (0x00010eb7) lui     t4, 0x10
core   0: 3 0x800005a4 (0x00010eb7) x29 0x00010000
core   0: 0x800005a8 (0x03df5fb3) divu    t6, t5, t4
core   0: 3 0x800005a8 (0x03df5fb3) x31 0x0000fffb
core   0: 0x800005ac (0x07f42e23) sw      t6, 124(s0)
core   0: 3 0x800005ac (0x07f42e23) mem 0x800061e8 0x0000fffb
core   0: 0x800005b0 (0xfff80f37) lui     t5, 0xfff80
core   0: 3 0x800005b0 (0xfff80f37) x30 0xfff80000
core   0: 0x800005b4 (0xffff0f13) addi    t5, t5, -1
core   0: 3 0x800005b4 (0xffff0f13) x30 0xfff7ffff
core   0: 0x800005b8 (0x00010eb7) lui     t4, 0x10
core   0: 3 0x800005b8 (0x00010eb7) x29 0x00010000
core   0: 0x800005bc (0x03df5fb3) divu    t6, t5, t4
core   0: 3 0x800005bc (0x03df5fb3) x31 0x0000fff7
core   0: 0x800005c0 (0x09f42023) sw      t6, 128(s0)
core   0: 3 0x800005c0 (0x09f42023) mem 0x800061ec 0x0000fff7
core   0: 0x800005c4 (0xfff00f37) lui     t5, 0xfff00
core   0: 3 0x800005c4 (0xfff00f37) x30 0xfff00000
core   0: 0x800005c8 (0xffff0f13) addi    t5, t5, -1
core   0: 3 0x800005c8 (0xffff0f13) x30 0xffefffff
core   0: 0x800005cc (0x00010eb7) lui     t4, 0x10
core   0: 3 0x800005cc (0x00010eb7) x29 0x00010000
core   0: 0x800005d0 (0x03df5fb3) divu    t6, t5, t4
core   0: 3 0x800005d0 (0x03df5fb3) x31 0x0000ffef
core   0: 0x800005d4 (0x09f42223) sw      t6, 132(s0)
core   0: 3 0x800005d4 (0x09f42223) mem 0x800061f0 0x0000ffef
core   0: 0x800005d8 (0xffe00f37) lui     t5, 0xffe00
core   0: 3 0x800005d8 (0xffe00f37) x30 0xffe00000
core   0: 0x800005dc (0xffff0f13) addi    t5, t5, -1
core   0: 3 0x800005dc (0xffff0f13) x30 0xffdfffff
core   0: 0x800005e0 (0x00010eb7) lui     t4, 0x10
core   0: 3 0x800005e0 (0x00010eb7) x29 0x00010000
core   0: 0x800005e4 (0x03df5fb3) divu    t6, t5, t4
core   0: 3 0x800005e4 (0x03df5fb3) x31 0x0000ffdf
core   0: 0x800005e8 (0x09f42423) sw      t6, 136(s0)
core   0: 3 0x800005e8 (0x09f42423) mem 0x800061f4 0x0000ffdf
core   0: 0x800005ec (0xffc00f37) lui     t5, 0xffc00
core   0: 3 0x800005ec (0xffc00f37) x30 0xffc00000
core   0: 0x800005f0 (0xffff0f13) addi    t5, t5, -1
core   0: 3 0x800005f0 (0xffff0f13) x30 0xffbfffff
core   0: 0x800005f4 (0x00010eb7) lui     t4, 0x10
core   0: 3 0x800005f4 (0x00010eb7) x29 0x00010000
core   0: 0x800005f8 (0x03df5fb3) divu    t6, t5, t4
core   0: 3 0x800005f8 (0x03df5fb3) x31 0x0000ffbf
core   0: 0x800005fc (0x09f42623) sw      t6, 140(s0)
core   0: 3 0x800005fc (0x09f42623) mem 0x800061f8 0x0000ffbf
core   0: 0x80000600 (0xff800f37) lui     t5, 0xff800
core   0: 3 0x80000600 (0xff800f37) x30 0xff800000
core   0: 0x80000604 (0xffff0f13) addi    t5, t5, -1
core   0: 3 0x80000604 (0xffff0f13) x30 0xff7fffff
core   0: 0x80000608 (0x00010eb7) lui     t4, 0x10
core   0: 3 0x80000608 (0x00010eb7) x29 0x00010000
core   0: 0x8000060c (0x03df5fb3) divu    t6, t5, t4
core   0: 3 0x8000060c (0x03df5fb3) x31 0x0000ff7f
core   0: 0x80000610 (0x09f42823) sw      t6, 144(s0)
core   0: 3 0x80000610 (0x09f42823) mem 0x800061fc 0x0000ff7f
core   0: 0x80000614 (0xff000f37) lui     t5, 0xff000
core   0: 3 0x80000614 (0xff000f37) x30 0xff000000
core   0: 0x80000618 (0xffff0f13) addi    t5, t5, -1
core   0: 3 0x80000618 (0xffff0f13) x30 0xfeffffff
core   0: 0x8000061c (0x00010eb7) lui     t4, 0x10
core   0: 3 0x8000061c (0x00010eb7) x29 0x00010000
core   0: 0x80000620 (0x03df5fb3) divu    t6, t5, t4
core   0: 3 0x80000620 (0x03df5fb3) x31 0x0000feff
core   0: 0x80000624 (0x09f42a23) sw      t6, 148(s0)
core   0: 3 0x80000624 (0x09f42a23) mem 0x80006200 0x0000feff
core   0: 0x80000628 (0xfe000f37) lui     t5, 0xfe000
core   0: 3 0x80000628 (0xfe000f37) x30 0xfe000000
core   0: 0x8000062c (0xffff0f13) addi    t5, t5, -1
core   0: 3 0x8000062c (0xffff0f13) x30 0xfdffffff
core   0: 0x80000630 (0x00010eb7) lui     t4, 0x10
core   0: 3 0x80000630 (0x00010eb7) x29 0x00010000
core   0: 0x80000634 (0x03df5fb3) divu    t6, t5, t4
core   0: 3 0x80000634 (0x03df5fb3) x31 0x0000fdff
core   0: 0x80000638 (0x09f42c23) sw      t6, 152(s0)
core   0: 3 0x80000638 (0x09f42c23) mem 0x80006204 0x0000fdff
core   0: 0x8000063c (0xfc000f37) lui     t5, 0xfc000
core   0: 3 0x8000063c (0xfc000f37) x30 0xfc000000
core   0: 0x80000640 (0xffff0f13) addi    t5, t5, -1
core   0: 3 0x80000640 (0xffff0f13) x30 0xfbffffff
core   0: 0x80000644 (0x00010eb7) lui     t4, 0x10
core   0: 3 0x80000644 (0x00010eb7) x29 0x00010000
core   0: 0x80000648 (0x03df5fb3) divu    t6, t5, t4
core   0: 3 0x80000648 (0x03df5fb3) x31 0x0000fbff
core   0: 0x8000064c (0x09f42e23) sw      t6, 156(s0)
core   0: 3 0x8000064c (0x09f42e23) mem 0x80006208 0x0000fbff
core   0: 0x80000650 (0xf8000f37) lui     t5, 0xf8000
core   0: 3 0x80000650 (0xf8000f37) x30 0xf8000000
core   0: 0x80000654 (0xffff0f13) addi    t5, t5, -1
core   0: 3 0x80000654 (0xffff0f13) x30 0xf7ffffff
core   0: 0x80000658 (0x00010eb7) lui     t4, 0x10
core   0: 3 0x80000658 (0x00010eb7) x29 0x00010000
core   0: 0x8000065c (0x03df5fb3) divu    t6, t5, t4
core   0: 3 0x8000065c (0x03df5fb3) x31 0x0000f7ff
core   0: 0x80000660 (0x0bf42023) sw      t6, 160(s0)
core   0: 3 0x80000660 (0x0bf42023) mem 0x8000620c 0x0000f7ff
core   0: 0x80000664 (0xf0000f37) lui     t5, 0xf0000
core   0: 3 0x80000664 (0xf0000f37) x30 0xf0000000
core   0: 0x80000668 (0xffff0f13) addi    t5, t5, -1
core   0: 3 0x80000668 (0xffff0f13) x30 0xefffffff
core   0: 0x8000066c (0x00010eb7) lui     t4, 0x10
core   0: 3 0x8000066c (0x00010eb7) x29 0x00010000
core   0: 0x80000670 (0x03df5fb3) divu    t6, t5, t4
core   0: 3 0x80000670 (0x03df5fb3) x31 0x0000efff
core   0: 0x80000674 (0x0bf42223) sw      t6, 164(s0)
core   0: 3 0x80000674 (0x0bf42223) mem 0x80006210 0x0000efff
core   0: 0x80000678 (0xe0000f37) lui     t5, 0xe0000
core   0: 3 0x80000678 (0xe0000f37) x30 0xe0000000
core   0: 0x8000067c (0xffff0f13) addi    t5, t5, -1
core   0: 3 0x8000067c (0xffff0f13) x30 0xdfffffff
core   0: 0x80000680 (0x00010eb7) lui     t4, 0x10
core   0: 3 0x80000680 (0x00010eb7) x29 0x00010000
core   0: 0x80000684 (0x03df5fb3) divu    t6, t5, t4
core   0: 3 0x80000684 (0x03df5fb3) x31 0x0000dfff
core   0: 0x80000688 (0x0bf42423) sw      t6, 168(s0)
core   0: 3 0x80000688 (0x0bf42423) mem 0x80006214 0x0000dfff
core   0: 0x8000068c (0xc0000f37) lui     t5, 0xc0000
core   0: 3 0x8000068c (0xc0000f37) x30 0xc0000000
core   0: 0x80000690 (0xffff0f13) addi    t5, t5, -1
core   0: 3 0x80000690 (0xffff0f13) x30 0xbfffffff
core   0: 0x80000694 (0x00010eb7) lui     t4, 0x10
core   0: 3 0x80000694 (0x00010eb7) x29 0x00010000
core   0: 0x80000698 (0x03df5fb3) divu    t6, t5, t4
core   0: 3 0x80000698 (0x03df5fb3) x31 0x0000bfff
core   0: 0x8000069c (0x0bf42623) sw      t6, 172(s0)
core   0: 3 0x8000069c (0x0bf42623) mem 0x80006218 0x0000bfff
core   0: 0x800006a0 (0x80000f37) lui     t5, 0x80000
core   0: 3 0x800006a0 (0x80000f37) x30 0x80000000
core   0: 0x800006a4 (0xffff0f13) addi    t5, t5, -1
core   0: 3 0x800006a4 (0xffff0f13) x30 0x7fffffff
core   0: 0x800006a8 (0x00010eb7) lui     t4, 0x10
core   0: 3 0x800006a8 (0x00010eb7) x29 0x00010000
core   0: 0x800006ac (0x03df5fb3) divu    t6, t5, t4
core   0: 3 0x800006ac (0x03df5fb3) x31 0x00007fff
core   0: 0x800006b0 (0x0bf42823) sw      t6, 176(s0)
core   0: 3 0x800006b0 (0x0bf42823) mem 0x8000621c 0x00007fff
core   0: 0x800006b4 (0x00010f37) lui     t5, 0x10
core   0: 3 0x800006b4 (0x00010f37) x30 0x00010000
core   0: 0x800006b8 (0x00200e93) li      t4, 2
core   0: 3 0x800006b8 (0x00200e93) x29 0x00000002
core   0: 0x800006bc (0x03df5fb3) divu    t6, t5, t4
core   0: 3 0x800006bc (0x03df5fb3) x31 0x00008000
core   0: 0x800006c0 (0x0bf42a23) sw      t6, 180(s0)
core   0: 3 0x800006c0 (0x0bf42a23) mem 0x80006220 0x00008000
core   0: 0x800006c4 (0x00010f37) lui     t5, 0x10
core   0: 3 0x800006c4 (0x00010f37) x30 0x00010000
core   0: 0x800006c8 (0x00400e93) li      t4, 4
core   0: 3 0x800006c8 (0x00400e93) x29 0x00000004
core   0: 0x800006cc (0x03df5fb3) divu    t6, t5, t4
core   0: 3 0x800006cc (0x03df5fb3) x31 0x00004000
core   0: 0x800006d0 (0x0bf42c23) sw      t6, 184(s0)
core   0: 3 0x800006d0 (0x0bf42c23) mem 0x80006224 0x00004000
core   0: 0x800006d4 (0x00010f37) lui     t5, 0x10
core   0: 3 0x800006d4 (0x00010f37) x30 0x00010000
core   0: 0x800006d8 (0x00800e93) li      t4, 8
core   0: 3 0x800006d8 (0x00800e93) x29 0x00000008
core   0: 0x800006dc (0x03df5fb3) divu    t6, t5, t4
core   0: 3 0x800006dc (0x03df5fb3) x31 0x00002000
core   0: 0x800006e0 (0x0bf42e23) sw      t6, 188(s0)
core   0: 3 0x800006e0 (0x0bf42e23) mem 0x80006228 0x00002000
core   0: 0x800006e4 (0x00010f37) lui     t5, 0x10
core   0: 3 0x800006e4 (0x00010f37) x30 0x00010000
core   0: 0x800006e8 (0x01000e93) li      t4, 16
core   0: 3 0x800006e8 (0x01000e93) x29 0x00000010
core   0: 0x800006ec (0x03df5fb3) divu    t6, t5, t4
core   0: 3 0x800006ec (0x03df5fb3) x31 0x00001000
core   0: 0x800006f0 (0x0df42023) sw      t6, 192(s0)
core   0: 3 0x800006f0 (0x0df42023) mem 0x8000622c 0x00001000
core   0: 0x800006f4 (0x00010f37) lui     t5, 0x10
core   0: 3 0x800006f4 (0x00010f37) x30 0x00010000
core   0: 0x800006f8 (0x02000e93) li      t4, 32
core   0: 3 0x800006f8 (0x02000e93) x29 0x00000020
core   0: 0x800006fc (0x03df5fb3) divu    t6, t5, t4
core   0: 3 0x800006fc (0x03df5fb3) x31 0x00000800
core   0: 0x80000700 (0x0df42223) sw      t6, 196(s0)
core   0: 3 0x80000700 (0x0df42223) mem 0x80006230 0x00000800
core   0: 0x80000704 (0x00010f37) lui     t5, 0x10
core   0: 3 0x80000704 (0x00010f37) x30 0x00010000
core   0: 0x80000708 (0x04000e93) li      t4, 64
core   0: 3 0x80000708 (0x04000e93) x29 0x00000040
core   0: 0x8000070c (0x03df5fb3) divu    t6, t5, t4
core   0: 3 0x8000070c (0x03df5fb3) x31 0x00000400
core   0: 0x80000710 (0x0df42423) sw      t6, 200(s0)
core   0: 3 0x80000710 (0x0df42423) mem 0x80006234 0x00000400
core   0: 0x80000714 (0x00010f37) lui     t5, 0x10
core   0: 3 0x80000714 (0x00010f37) x30 0x00010000
core   0: 0x80000718 (0x08000e93) li      t4, 128
core   0: 3 0x80000718 (0x08000e93) x29 0x00000080
core   0: 0x8000071c (0x03df5fb3) divu    t6, t5, t4
core   0: 3 0x8000071c (0x03df5fb3) x31 0x00000200
core   0: 0x80000720 (0x0df42623) sw      t6, 204(s0)
core   0: 3 0x80000720 (0x0df42623) mem 0x80006238 0x00000200
core   0: 0x80000724 (0x00010f37) lui     t5, 0x10
core   0: 3 0x80000724 (0x00010f37) x30 0x00010000
core   0: 0x80000728 (0x10000e93) li      t4, 256
core   0: 3 0x80000728 (0x10000e93) x29 0x00000100
core   0: 0x8000072c (0x03df5fb3) divu    t6, t5, t4
core   0: 3 0x8000072c (0x03df5fb3) x31 0x00000100
core   0: 0x80000730 (0x0df42823) sw      t6, 208(s0)
core   0: 3 0x80000730 (0x0df42823) mem 0x8000623c 0x00000100
core   0: 0x80000734 (0x00010f37) lui     t5, 0x10
core   0: 3 0x80000734 (0x00010f37) x30 0x00010000
core   0: 0x80000738 (0x20000e93) li      t4, 512
core   0: 3 0x80000738 (0x20000e93) x29 0x00000200
core   0: 0x8000073c (0x03df5fb3) divu    t6, t5, t4
core   0: 3 0x8000073c (0x03df5fb3) x31 0x00000080
core   0: 0x80000740 (0x0df42a23) sw      t6, 212(s0)
core   0: 3 0x80000740 (0x0df42a23) mem 0x80006240 0x00000080
core   0: 0x80000744 (0x00010f37) lui     t5, 0x10
core   0: 3 0x80000744 (0x00010f37) x30 0x00010000
core   0: 0x80000748 (0x40000e93) li      t4, 1024
core   0: 3 0x80000748 (0x40000e93) x29 0x00000400
core   0: 0x8000074c (0x03df5fb3) divu    t6, t5, t4
core   0: 3 0x8000074c (0x03df5fb3) x31 0x00000040
core   0: 0x80000750 (0x0df42c23) sw      t6, 216(s0)
core   0: 3 0x80000750 (0x0df42c23) mem 0x80006244 0x00000040
core   0: 0x80000754 (0x00010f37) lui     t5, 0x10
core   0: 3 0x80000754 (0x00010f37) x30 0x00010000
core   0: 0x80000758 (0x00001eb7) lui     t4, 0x1
core   0: 3 0x80000758 (0x00001eb7) x29 0x00001000
core   0: 0x8000075c (0x800e8e93) addi    t4, t4, -2048
core   0: 3 0x8000075c (0x800e8e93) x29 0x00000800
core   0: 0x80000760 (0x03df5fb3) divu    t6, t5, t4
core   0: 3 0x80000760 (0x03df5fb3) x31 0x00000020
core   0: 0x80000764 (0x0df42e23) sw      t6, 220(s0)
core   0: 3 0x80000764 (0x0df42e23) mem 0x80006248 0x00000020
core   0: 0x80000768 (0x00010f37) lui     t5, 0x10
core   0: 3 0x80000768 (0x00010f37) x30 0x00010000
core   0: 0x8000076c (0x00001eb7) lui     t4, 0x1
core   0: 3 0x8000076c (0x00001eb7) x29 0x00001000
core   0: 0x80000770 (0x03df5fb3) divu    t6, t5, t4
core   0: 3 0x80000770 (0x03df5fb3) x31 0x00000010
core   0: 0x80000774 (0x0ff42023) sw      t6, 224(s0)
core   0: 3 0x80000774 (0x0ff42023) mem 0x8000624c 0x00000010
core   0: 0x80000778 (0x00010f37) lui     t5, 0x10
core   0: 3 0x80000778 (0x00010f37) x30 0x00010000
core   0: 0x8000077c (0x00002eb7) lui     t4, 0x2
core   0: 3 0x8000077c (0x00002eb7) x29 0x00002000
core   0: 0x80000780 (0x03df5fb3) divu    t6, t5, t4
core   0: 3 0x80000780 (0x03df5fb3) x31 0x00000008
core   0: 0x80000784 (0x0ff42223) sw      t6, 228(s0)
core   0: 3 0x80000784 (0x0ff42223) mem 0x80006250 0x00000008
core   0: 0x80000788 (0x00010f37) lui     t5, 0x10
core   0: 3 0x80000788 (0x00010f37) x30 0x00010000
core   0: 0x8000078c (0x00004eb7) lui     t4, 0x4
core   0: 3 0x8000078c (0x00004eb7) x29 0x00004000
core   0: 0x80000790 (0x03df5fb3) divu    t6, t5, t4
core   0: 3 0x80000790 (0x03df5fb3) x31 0x00000004
core   0: 0x80000794 (0x0ff42423) sw      t6, 232(s0)
core   0: 3 0x80000794 (0x0ff42423) mem 0x80006254 0x00000004
core   0: 0x80000798 (0x00010f37) lui     t5, 0x10
core   0: 3 0x80000798 (0x00010f37) x30 0x00010000
core   0: 0x8000079c (0x00008eb7) lui     t4, 0x8
core   0: 3 0x8000079c (0x00008eb7) x29 0x00008000
core   0: 0x800007a0 (0x03df5fb3) divu    t6, t5, t4
core   0: 3 0x800007a0 (0x03df5fb3) x31 0x00000002
core   0: 0x800007a4 (0x0ff42623) sw      t6, 236(s0)
core   0: 3 0x800007a4 (0x0ff42623) mem 0x80006258 0x00000002
core   0: 0x800007a8 (0x00010f37) lui     t5, 0x10
core   0: 3 0x800007a8 (0x00010f37) x30 0x00010000
core   0: 0x800007ac (0x00020eb7) lui     t4, 0x20
core   0: 3 0x800007ac (0x00020eb7) x29 0x00020000
core   0: 0x800007b0 (0x03df5fb3) divu    t6, t5, t4
core   0: 3 0x800007b0 (0x03df5fb3) x31 0x00000000
core   0: 0x800007b4 (0x0ff42823) sw      t6, 240(s0)
core   0: 3 0x800007b4 (0x0ff42823) mem 0x8000625c 0x00000000
core   0: 0x800007b8 (0x00010f37) lui     t5, 0x10
core   0: 3 0x800007b8 (0x00010f37) x30 0x00010000
core   0: 0x800007bc (0x00040eb7) lui     t4, 0x40
core   0: 3 0x800007bc (0x00040eb7) x29 0x00040000
core   0: 0x800007c0 (0x03df5fb3) divu    t6, t5, t4
core   0: 3 0x800007c0 (0x03df5fb3) x31 0x00000000
core   0: 0x800007c4 (0x0ff42a23) sw      t6, 244(s0)
core   0: 3 0x800007c4 (0x0ff42a23) mem 0x80006260 0x00000000
core   0: 0x800007c8 (0x00010f37) lui     t5, 0x10
core   0: 3 0x800007c8 (0x00010f37) x30 0x00010000
core   0: 0x800007cc (0x00080eb7) lui     t4, 0x80
core   0: 3 0x800007cc (0x00080eb7) x29 0x00080000
core   0: 0x800007d0 (0x03df5fb3) divu    t6, t5, t4
core   0: 3 0x800007d0 (0x03df5fb3) x31 0x00000000
core   0: 0x800007d4 (0x0ff42c23) sw      t6, 248(s0)
core   0: 3 0x800007d4 (0x0ff42c23) mem 0x80006264 0x00000000
core   0: 0x800007d8 (0x00010f37) lui     t5, 0x10
core   0: 3 0x800007d8 (0x00010f37) x30 0x00010000
core   0: 0x800007dc (0x00100eb7) lui     t4, 0x100
core   0: 3 0x800007dc (0x00100eb7) x29 0x00100000
core   0: 0x800007e0 (0x03df5fb3) divu    t6, t5, t4
core   0: 3 0x800007e0 (0x03df5fb3) x31 0x00000000
core   0: 0x800007e4 (0x0ff42e23) sw      t6, 252(s0)
core   0: 3 0x800007e4 (0x0ff42e23) mem 0x80006268 0x00000000
core   0: 0x800007e8 (0x00010f37) lui     t5, 0x10
core   0: 3 0x800007e8 (0x00010f37) x30 0x00010000
core   0: 0x800007ec (0x00200eb7) lui     t4, 0x200
core   0: 3 0x800007ec (0x00200eb7) x29 0x00200000
core   0: 0x800007f0 (0x03df5fb3) divu    t6, t5, t4
core   0: 3 0x800007f0 (0x03df5fb3) x31 0x00000000
core   0: 0x800007f4 (0x11f42023) sw      t6, 256(s0)
core   0: 3 0x800007f4 (0x11f42023) mem 0x8000626c 0x00000000
core   0: 0x800007f8 (0x00010f37) lui     t5, 0x10
core   0: 3 0x800007f8 (0x00010f37) x30 0x00010000
core   0: 0x800007fc (0x00400eb7) lui     t4, 0x400
core   0: 3 0x800007fc (0x00400eb7) x29 0x00400000
core   0: 0x80000800 (0x03df5fb3) divu    t6, t5, t4
core   0: 3 0x80000800 (0x03df5fb3) x31 0x00000000
core   0: 0x80000804 (0x11f42223) sw      t6, 260(s0)
core   0: 3 0x80000804 (0x11f42223) mem 0x80006270 0x00000000
core   0: 0x80000808 (0x00010f37) lui     t5, 0x10
core   0: 3 0x80000808 (0x00010f37) x30 0x00010000
core   0: 0x8000080c (0x00800eb7) lui     t4, 0x800
core   0: 3 0x8000080c (0x00800eb7) x29 0x00800000
core   0: 0x80000810 (0x03df5fb3) divu    t6, t5, t4
core   0: 3 0x80000810 (0x03df5fb3) x31 0x00000000
core   0: 0x80000814 (0x11f42423) sw      t6, 264(s0)
core   0: 3 0x80000814 (0x11f42423) mem 0x80006274 0x00000000
core   0: 0x80000818 (0x00010f37) lui     t5, 0x10
core   0: 3 0x80000818 (0x00010f37) x30 0x00010000
core   0: 0x8000081c (0x01000eb7) lui     t4, 0x1000
core   0: 3 0x8000081c (0x01000eb7) x29 0x01000000
core   0: 0x80000820 (0x03df5fb3) divu    t6, t5, t4
core   0: 3 0x80000820 (0x03df5fb3) x31 0x00000000
core   0: 0x80000824 (0x11f42623) sw      t6, 268(s0)
core   0: 3 0x80000824 (0x11f42623) mem 0x80006278 0x00000000
core   0: 0x80000828 (0x00010f37) lui     t5, 0x10
core   0: 3 0x80000828 (0x00010f37) x30 0x00010000
core   0: 0x8000082c (0x02000eb7) lui     t4, 0x2000
core   0: 3 0x8000082c (0x02000eb7) x29 0x02000000
core   0: 0x80000830 (0x03df5fb3) divu    t6, t5, t4
core   0: 3 0x80000830 (0x03df5fb3) x31 0x00000000
core   0: 0x80000834 (0x11f42823) sw      t6, 272(s0)
core   0: 3 0x80000834 (0x11f42823) mem 0x8000627c 0x00000000
core   0: 0x80000838 (0x00010f37) lui     t5, 0x10
core   0: 3 0x80000838 (0x00010f37) x30 0x00010000
core   0: 0x8000083c (0x04000eb7) lui     t4, 0x4000
core   0: 3 0x8000083c (0x04000eb7) x29 0x04000000
core   0: 0x80000840 (0x03df5fb3) divu    t6, t5, t4
core   0: 3 0x80000840 (0x03df5fb3) x31 0x00000000
core   0: 0x80000844 (0x11f42a23) sw      t6, 276(s0)
core   0: 3 0x80000844 (0x11f42a23) mem 0x80006280 0x00000000
core   0: 0x80000848 (0x00010f37) lui     t5, 0x10
core   0: 3 0x80000848 (0x00010f37) x30 0x00010000
core   0: 0x8000084c (0x08000eb7) lui     t4, 0x8000
core   0: 3 0x8000084c (0x08000eb7) x29 0x08000000
core   0: 0x80000850 (0x03df5fb3) divu    t6, t5, t4
core   0: 3 0x80000850 (0x03df5fb3) x31 0x00000000
core   0: 0x80000854 (0x11f42c23) sw      t6, 280(s0)
core   0: 3 0x80000854 (0x11f42c23) mem 0x80006284 0x00000000
core   0: 0x80000858 (0x00010f37) lui     t5, 0x10
core   0: 3 0x80000858 (0x00010f37) x30 0x00010000
core   0: 0x8000085c (0x10000eb7) lui     t4, 0x10000
core   0: 3 0x8000085c (0x10000eb7) x29 0x10000000
core   0: 0x80000860 (0x03df5fb3) divu    t6, t5, t4
core   0: 3 0x80000860 (0x03df5fb3) x31 0x00000000
core   0: 0x80000864 (0x11f42e23) sw      t6, 284(s0)
core   0: 3 0x80000864 (0x11f42e23) mem 0x80006288 0x00000000
core   0: 0x80000868 (0x00010f37) lui     t5, 0x10
core   0: 3 0x80000868 (0x00010f37) x30 0x00010000
core   0: 0x8000086c (0x20000eb7) lui     t4, 0x20000
core   0: 3 0x8000086c (0x20000eb7) x29 0x20000000
core   0: 0x80000870 (0x03df5fb3) divu    t6, t5, t4
core   0: 3 0x80000870 (0x03df5fb3) x31 0x00000000
core   0: 0x80000874 (0x13f42023) sw      t6, 288(s0)
core   0: 3 0x80000874 (0x13f42023) mem 0x8000628c 0x00000000
core   0: 0x80000878 (0x00010f37) lui     t5, 0x10
core   0: 3 0x80000878 (0x00010f37) x30 0x00010000
core   0: 0x8000087c (0x40000eb7) lui     t4, 0x40000
core   0: 3 0x8000087c (0x40000eb7) x29 0x40000000
core   0: 0x80000880 (0x03df5fb3) divu    t6, t5, t4
core   0: 3 0x80000880 (0x03df5fb3) x31 0x00000000
core   0: 0x80000884 (0x13f42223) sw      t6, 292(s0)
core   0: 3 0x80000884 (0x13f42223) mem 0x80006290 0x00000000
core   0: 0x80000888 (0x00010f37) lui     t5, 0x10
core   0: 3 0x80000888 (0x00010f37) x30 0x00010000
core   0: 0x8000088c (0x80000eb7) lui     t4, 0x80000
core   0: 3 0x8000088c (0x80000eb7) x29 0x80000000
core   0: 0x80000890 (0x03df5fb3) divu    t6, t5, t4
core   0: 3 0x80000890 (0x03df5fb3) x31 0x00000000
core   0: 0x80000894 (0x13f42423) sw      t6, 296(s0)
core   0: 3 0x80000894 (0x13f42423) mem 0x80006294 0x00000000
core   0: 0x80000898 (0x00100f13) li      t5, 1
core   0: 3 0x80000898 (0x00100f13) x30 0x00000001
core   0: 0x8000089c (0x00010eb7) lui     t4, 0x10
core   0: 3 0x8000089c (0x00010eb7) x29 0x00010000
core   0: 0x800008a0 (0x03df5fb3) divu    t6, t5, t4
core   0: 3 0x800008a0 (0x03df5fb3) x31 0x00000000
core   0: 0x800008a4 (0x13f42623) sw      t6, 300(s0)
core   0: 3 0x800008a4 (0x13f42623) mem 0x80006298 0x00000000
core   0: 0x800008a8 (0x00200f13) li      t5, 2
core   0: 3 0x800008a8 (0x00200f13) x30 0x00000002
core   0: 0x800008ac (0x00010eb7) lui     t4, 0x10
core   0: 3 0x800008ac (0x00010eb7) x29 0x00010000
core   0: 0x800008b0 (0x03df5fb3) divu    t6, t5, t4
core   0: 3 0x800008b0 (0x03df5fb3) x31 0x00000000
core   0: 0x800008b4 (0x13f42823) sw      t6, 304(s0)
core   0: 3 0x800008b4 (0x13f42823) mem 0x8000629c 0x00000000
core   0: 0x800008b8 (0x00400f13) li      t5, 4
core   0: 3 0x800008b8 (0x00400f13) x30 0x00000004
core   0: 0x800008bc (0x00010eb7) lui     t4, 0x10
core   0: 3 0x800008bc (0x00010eb7) x29 0x00010000
core   0: 0x800008c0 (0x03df5fb3) divu    t6, t5, t4
core   0: 3 0x800008c0 (0x03df5fb3) x31 0x00000000
core   0: 0x800008c4 (0x13f42a23) sw      t6, 308(s0)
core   0: 3 0x800008c4 (0x13f42a23) mem 0x800062a0 0x00000000
core   0: 0x800008c8 (0x00800f13) li      t5, 8
core   0: 3 0x800008c8 (0x00800f13) x30 0x00000008
core   0: 0x800008cc (0x00010eb7) lui     t4, 0x10
core   0: 3 0x800008cc (0x00010eb7) x29 0x00010000
core   0: 0x800008d0 (0x03df5fb3) divu    t6, t5, t4
core   0: 3 0x800008d0 (0x03df5fb3) x31 0x00000000
core   0: 0x800008d4 (0x13f42c23) sw      t6, 312(s0)
core   0: 3 0x800008d4 (0x13f42c23) mem 0x800062a4 0x00000000
core   0: 0x800008d8 (0x01000f13) li      t5, 16
core   0: 3 0x800008d8 (0x01000f13) x30 0x00000010
core   0: 0x800008dc (0x00010eb7) lui     t4, 0x10
core   0: 3 0x800008dc (0x00010eb7) x29 0x00010000
core   0: 0x800008e0 (0x03df5fb3) divu    t6, t5, t4
core   0: 3 0x800008e0 (0x03df5fb3) x31 0x00000000
core   0: 0x800008e4 (0x13f42e23) sw      t6, 316(s0)
core   0: 3 0x800008e4 (0x13f42e23) mem 0x800062a8 0x00000000
core   0: 0x800008e8 (0x02000f13) li      t5, 32
core   0: 3 0x800008e8 (0x02000f13) x30 0x00000020
core   0: 0x800008ec (0x00010eb7) lui     t4, 0x10
core   0: 3 0x800008ec (0x00010eb7) x29 0x00010000
core   0: 0x800008f0 (0x03df5fb3) divu    t6, t5, t4
core   0: 3 0x800008f0 (0x03df5fb3) x31 0x00000000
core   0: 0x800008f4 (0x15f42023) sw      t6, 320(s0)
core   0: 3 0x800008f4 (0x15f42023) mem 0x800062ac 0x00000000
core   0: 0x800008f8 (0x04000f13) li      t5, 64
core   0: 3 0x800008f8 (0x04000f13) x30 0x00000040
core   0: 0x800008fc (0x00010eb7) lui     t4, 0x10
core   0: 3 0x800008fc (0x00010eb7) x29 0x00010000
core   0: 0x80000900 (0x03df5fb3) divu    t6, t5, t4
core   0: 3 0x80000900 (0x03df5fb3) x31 0x00000000
core   0: 0x80000904 (0x15f42223) sw      t6, 324(s0)
core   0: 3 0x80000904 (0x15f42223) mem 0x800062b0 0x00000000
core   0: 0x80000908 (0x08000f13) li      t5, 128
core   0: 3 0x80000908 (0x08000f13) x30 0x00000080
core   0: 0x8000090c (0x00010eb7) lui     t4, 0x10
core   0: 3 0x8000090c (0x00010eb7) x29 0x00010000
core   0: 0x80000910 (0x03df5fb3) divu    t6, t5, t4
core   0: 3 0x80000910 (0x03df5fb3) x31 0x00000000
core   0: 0x80000914 (0x15f42423) sw      t6, 328(s0)
core   0: 3 0x80000914 (0x15f42423) mem 0x800062b4 0x00000000
core   0: 0x80000918 (0x10000f13) li      t5, 256
core   0: 3 0x80000918 (0x10000f13) x30 0x00000100
core   0: 0x8000091c (0x00010eb7) lui     t4, 0x10
core   0: 3 0x8000091c (0x00010eb7) x29 0x00010000
core   0: 0x80000920 (0x03df5fb3) divu    t6, t5, t4
core   0: 3 0x80000920 (0x03df5fb3) x31 0x00000000
core   0: 0x80000924 (0x15f42623) sw      t6, 332(s0)
core   0: 3 0x80000924 (0x15f42623) mem 0x800062b8 0x00000000
core   0: 0x80000928 (0x20000f13) li      t5, 512
core   0: 3 0x80000928 (0x20000f13) x30 0x00000200
core   0: 0x8000092c (0x00010eb7) lui     t4, 0x10
core   0: 3 0x8000092c (0x00010eb7) x29 0x00010000
core   0: 0x80000930 (0x03df5fb3) divu    t6, t5, t4
core   0: 3 0x80000930 (0x03df5fb3) x31 0x00000000
core   0: 0x80000934 (0x15f42823) sw      t6, 336(s0)
core   0: 3 0x80000934 (0x15f42823) mem 0x800062bc 0x00000000
core   0: 0x80000938 (0x40000f13) li      t5, 1024
core   0: 3 0x80000938 (0x40000f13) x30 0x00000400
core   0: 0x8000093c (0x00010eb7) lui     t4, 0x10
core   0: 3 0x8000093c (0x00010eb7) x29 0x00010000
core   0: 0x80000940 (0x03df5fb3) divu    t6, t5, t4
core   0: 3 0x80000940 (0x03df5fb3) x31 0x00000000
core   0: 0x80000944 (0x15f42a23) sw      t6, 340(s0)
core   0: 3 0x80000944 (0x15f42a23) mem 0x800062c0 0x00000000
core   0: 0x80000948 (0x00001f37) lui     t5, 0x1
core   0: 3 0x80000948 (0x00001f37) x30 0x00001000
core   0: 0x8000094c (0x800f0f13) addi    t5, t5, -2048
core   0: 3 0x8000094c (0x800f0f13) x30 0x00000800
core   0: 0x80000950 (0x00010eb7) lui     t4, 0x10
core   0: 3 0x80000950 (0x00010eb7) x29 0x00010000
core   0: 0x80000954 (0x03df5fb3) divu    t6, t5, t4
core   0: 3 0x80000954 (0x03df5fb3) x31 0x00000000
core   0: 0x80000958 (0x15f42c23) sw      t6, 344(s0)
core   0: 3 0x80000958 (0x15f42c23) mem 0x800062c4 0x00000000
core   0: 0x8000095c (0x00001f37) lui     t5, 0x1
core   0: 3 0x8000095c (0x00001f37) x30 0x00001000
core   0: 0x80000960 (0x00010eb7) lui     t4, 0x10
core   0: 3 0x80000960 (0x00010eb7) x29 0x00010000
core   0: 0x80000964 (0x03df5fb3) divu    t6, t5, t4
core   0: 3 0x80000964 (0x03df5fb3) x31 0x00000000
core   0: 0x80000968 (0x15f42e23) sw      t6, 348(s0)
core   0: 3 0x80000968 (0x15f42e23) mem 0x800062c8 0x00000000
core   0: 0x8000096c (0x00002f37) lui     t5, 0x2
core   0: 3 0x8000096c (0x00002f37) x30 0x00002000
core   0: 0x80000970 (0x00010eb7) lui     t4, 0x10
core   0: 3 0x80000970 (0x00010eb7) x29 0x00010000
core   0: 0x80000974 (0x03df5fb3) divu    t6, t5, t4
core   0: 3 0x80000974 (0x03df5fb3) x31 0x00000000
core   0: 0x80000978 (0x17f42023) sw      t6, 352(s0)
core   0: 3 0x80000978 (0x17f42023) mem 0x800062cc 0x00000000
core   0: 0x8000097c (0x00004f37) lui     t5, 0x4
core   0: 3 0x8000097c (0x00004f37) x30 0x00004000
core   0: 0x80000980 (0x00010eb7) lui     t4, 0x10
core   0: 3 0x80000980 (0x00010eb7) x29 0x00010000
core   0: 0x80000984 (0x03df5fb3) divu    t6, t5, t4
core   0: 3 0x80000984 (0x03df5fb3) x31 0x00000000
core   0: 0x80000988 (0x17f42223) sw      t6, 356(s0)
core   0: 3 0x80000988 (0x17f42223) mem 0x800062d0 0x00000000
core   0: 0x8000098c (0x00008f37) lui     t5, 0x8
core   0: 3 0x8000098c (0x00008f37) x30 0x00008000
core   0: 0x80000990 (0x00010eb7) lui     t4, 0x10
core   0: 3 0x80000990 (0x00010eb7) x29 0x00010000
core   0: 0x80000994 (0x03df5fb3) divu    t6, t5, t4
core   0: 3 0x80000994 (0x03df5fb3) x31 0x00000000
core   0: 0x80000998 (0x17f42423) sw      t6, 360(s0)
core   0: 3 0x80000998 (0x17f42423) mem 0x800062d4 0x00000000
core   0: 0x8000099c (0x00020f37) lui     t5, 0x20
core   0: 3 0x8000099c (0x00020f37) x30 0x00020000
core   0: 0x800009a0 (0x00010eb7) lui     t4, 0x10
core   0: 3 0x800009a0 (0x00010eb7) x29 0x00010000
core   0: 0x800009a4 (0x03df5fb3) divu    t6, t5, t4
core   0: 3 0x800009a4 (0x03df5fb3) x31 0x00000002
core   0: 0x800009a8 (0x17f42623) sw      t6, 364(s0)
core   0: 3 0x800009a8 (0x17f42623) mem 0x800062d8 0x00000002
core   0: 0x800009ac (0x00040f37) lui     t5, 0x40
core   0: 3 0x800009ac (0x00040f37) x30 0x00040000
core   0: 0x800009b0 (0x00010eb7) lui     t4, 0x10
core   0: 3 0x800009b0 (0x00010eb7) x29 0x00010000
core   0: 0x800009b4 (0x03df5fb3) divu    t6, t5, t4
core   0: 3 0x800009b4 (0x03df5fb3) x31 0x00000004
core   0: 0x800009b8 (0x17f42823) sw      t6, 368(s0)
core   0: 3 0x800009b8 (0x17f42823) mem 0x800062dc 0x00000004
core   0: 0x800009bc (0x00080f37) lui     t5, 0x80
core   0: 3 0x800009bc (0x00080f37) x30 0x00080000
core   0: 0x800009c0 (0x00010eb7) lui     t4, 0x10
core   0: 3 0x800009c0 (0x00010eb7) x29 0x00010000
core   0: 0x800009c4 (0x03df5fb3) divu    t6, t5, t4
core   0: 3 0x800009c4 (0x03df5fb3) x31 0x00000008
core   0: 0x800009c8 (0x17f42a23) sw      t6, 372(s0)
core   0: 3 0x800009c8 (0x17f42a23) mem 0x800062e0 0x00000008
core   0: 0x800009cc (0x00100f37) lui     t5, 0x100
core   0: 3 0x800009cc (0x00100f37) x30 0x00100000
core   0: 0x800009d0 (0x00010eb7) lui     t4, 0x10
core   0: 3 0x800009d0 (0x00010eb7) x29 0x00010000
core   0: 0x800009d4 (0x03df5fb3) divu    t6, t5, t4
core   0: 3 0x800009d4 (0x03df5fb3) x31 0x00000010
core   0: 0x800009d8 (0x17f42c23) sw      t6, 376(s0)
core   0: 3 0x800009d8 (0x17f42c23) mem 0x800062e4 0x00000010
core   0: 0x800009dc (0x00200f37) lui     t5, 0x200
core   0: 3 0x800009dc (0x00200f37) x30 0x00200000
core   0: 0x800009e0 (0x00010eb7) lui     t4, 0x10
core   0: 3 0x800009e0 (0x00010eb7) x29 0x00010000
core   0: 0x800009e4 (0x03df5fb3) divu    t6, t5, t4
core   0: 3 0x800009e4 (0x03df5fb3) x31 0x00000020
core   0: 0x800009e8 (0x17f42e23) sw      t6, 380(s0)
core   0: 3 0x800009e8 (0x17f42e23) mem 0x800062e8 0x00000020
core   0: 0x800009ec (0x00400f37) lui     t5, 0x400
core   0: 3 0x800009ec (0x00400f37) x30 0x00400000
core   0: 0x800009f0 (0x00010eb7) lui     t4, 0x10
core   0: 3 0x800009f0 (0x00010eb7) x29 0x00010000
core   0: 0x800009f4 (0x03df5fb3) divu    t6, t5, t4
core   0: 3 0x800009f4 (0x03df5fb3) x31 0x00000040
core   0: 0x800009f8 (0x19f42023) sw      t6, 384(s0)
core   0: 3 0x800009f8 (0x19f42023) mem 0x800062ec 0x00000040
core   0: 0x800009fc (0x00800f37) lui     t5, 0x800
core   0: 3 0x800009fc (0x00800f37) x30 0x00800000
core   0: 0x80000a00 (0x00010eb7) lui     t4, 0x10
core   0: 3 0x80000a00 (0x00010eb7) x29 0x00010000
core   0: 0x80000a04 (0x03df5fb3) divu    t6, t5, t4
core   0: 3 0x80000a04 (0x03df5fb3) x31 0x00000080
core   0: 0x80000a08 (0x19f42223) sw      t6, 388(s0)
core   0: 3 0x80000a08 (0x19f42223) mem 0x800062f0 0x00000080
core   0: 0x80000a0c (0x01000f37) lui     t5, 0x1000
core   0: 3 0x80000a0c (0x01000f37) x30 0x01000000
core   0: 0x80000a10 (0x00010eb7) lui     t4, 0x10
core   0: 3 0x80000a10 (0x00010eb7) x29 0x00010000
core   0: 0x80000a14 (0x03df5fb3) divu    t6, t5, t4
core   0: 3 0x80000a14 (0x03df5fb3) x31 0x00000100
core   0: 0x80000a18 (0x19f42423) sw      t6, 392(s0)
core   0: 3 0x80000a18 (0x19f42423) mem 0x800062f4 0x00000100
core   0: 0x80000a1c (0x02000f37) lui     t5, 0x2000
core   0: 3 0x80000a1c (0x02000f37) x30 0x02000000
core   0: 0x80000a20 (0x00010eb7) lui     t4, 0x10
core   0: 3 0x80000a20 (0x00010eb7) x29 0x00010000
core   0: 0x80000a24 (0x03df5fb3) divu    t6, t5, t4
core   0: 3 0x80000a24 (0x03df5fb3) x31 0x00000200
core   0: 0x80000a28 (0x19f42623) sw      t6, 396(s0)
core   0: 3 0x80000a28 (0x19f42623) mem 0x800062f8 0x00000200
core   0: 0x80000a2c (0x04000f37) lui     t5, 0x4000
core   0: 3 0x80000a2c (0x04000f37) x30 0x04000000
core   0: 0x80000a30 (0x00010eb7) lui     t4, 0x10
core   0: 3 0x80000a30 (0x00010eb7) x29 0x00010000
core   0: 0x80000a34 (0x03df5fb3) divu    t6, t5, t4
core   0: 3 0x80000a34 (0x03df5fb3) x31 0x00000400
core   0: 0x80000a38 (0x19f42823) sw      t6, 400(s0)
core   0: 3 0x80000a38 (0x19f42823) mem 0x800062fc 0x00000400
core   0: 0x80000a3c (0x08000f37) lui     t5, 0x8000
core   0: 3 0x80000a3c (0x08000f37) x30 0x08000000
core   0: 0x80000a40 (0x00010eb7) lui     t4, 0x10
core   0: 3 0x80000a40 (0x00010eb7) x29 0x00010000
core   0: 0x80000a44 (0x03df5fb3) divu    t6, t5, t4
core   0: 3 0x80000a44 (0x03df5fb3) x31 0x00000800
core   0: 0x80000a48 (0x19f42a23) sw      t6, 404(s0)
core   0: 3 0x80000a48 (0x19f42a23) mem 0x80006300 0x00000800
core   0: 0x80000a4c (0x10000f37) lui     t5, 0x10000
core   0: 3 0x80000a4c (0x10000f37) x30 0x10000000
core   0: 0x80000a50 (0x00010eb7) lui     t4, 0x10
core   0: 3 0x80000a50 (0x00010eb7) x29 0x00010000
core   0: 0x80000a54 (0x03df5fb3) divu    t6, t5, t4
core   0: 3 0x80000a54 (0x03df5fb3) x31 0x00001000
core   0: 0x80000a58 (0x19f42c23) sw      t6, 408(s0)
core   0: 3 0x80000a58 (0x19f42c23) mem 0x80006304 0x00001000
core   0: 0x80000a5c (0x20000f37) lui     t5, 0x20000
core   0: 3 0x80000a5c (0x20000f37) x30 0x20000000
core   0: 0x80000a60 (0x00010eb7) lui     t4, 0x10
core   0: 3 0x80000a60 (0x00010eb7) x29 0x00010000
core   0: 0x80000a64 (0x03df5fb3) divu    t6, t5, t4
core   0: 3 0x80000a64 (0x03df5fb3) x31 0x00002000
core   0: 0x80000a68 (0x19f42e23) sw      t6, 412(s0)
core   0: 3 0x80000a68 (0x19f42e23) mem 0x80006308 0x00002000
core   0: 0x80000a6c (0x40000f37) lui     t5, 0x40000
core   0: 3 0x80000a6c (0x40000f37) x30 0x40000000
core   0: 0x80000a70 (0x00010eb7) lui     t4, 0x10
core   0: 3 0x80000a70 (0x00010eb7) x29 0x00010000
core   0: 0x80000a74 (0x03df5fb3) divu    t6, t5, t4
core   0: 3 0x80000a74 (0x03df5fb3) x31 0x00004000
core   0: 0x80000a78 (0x1bf42023) sw      t6, 416(s0)
core   0: 3 0x80000a78 (0x1bf42023) mem 0x8000630c 0x00004000
core   0: 0x80000a7c (0x80000f37) lui     t5, 0x80000
core   0: 3 0x80000a7c (0x80000f37) x30 0x80000000
core   0: 0x80000a80 (0x00010eb7) lui     t4, 0x10
core   0: 3 0x80000a80 (0x00010eb7) x29 0x00010000
core   0: 0x80000a84 (0x03df5fb3) divu    t6, t5, t4
core   0: 3 0x80000a84 (0x03df5fb3) x31 0x00008000
core   0: 0x80000a88 (0x1bf42223) sw      t6, 420(s0)
core   0: 3 0x80000a88 (0x1bf42223) mem 0x80006310 0x00008000
core   0: 0x80000a8c (0x00300f13) li      t5, 3
core   0: 3 0x80000a8c (0x00300f13) x30 0x00000003
core   0: 0x80000a90 (0x55555eb7) lui     t4, 0x55555
core   0: 3 0x80000a90 (0x55555eb7) x29 0x55555000
core   0: 0x80000a94 (0x555e8e93) addi    t4, t4, 1365
core   0: 3 0x80000a94 (0x555e8e93) x29 0x55555555
core   0: 0x80000a98 (0x03df5fb3) divu    t6, t5, t4
core   0: 3 0x80000a98 (0x03df5fb3) x31 0x00000000
core   0: 0x80000a9c (0x1bf42423) sw      t6, 424(s0)
core   0: 3 0x80000a9c (0x1bf42423) mem 0x80006314 0x00000000
core   0: 0x80000aa0 (0x00300f13) li      t5, 3
core   0: 3 0x80000aa0 (0x00300f13) x30 0x00000003
core   0: 0x80000aa4 (0xaaaabeb7) lui     t4, 0xaaaab
core   0: 3 0x80000aa4 (0xaaaabeb7) x29 0xaaaab000
core   0: 0x80000aa8 (0xaaae8e93) addi    t4, t4, -1366
core   0: 3 0x80000aa8 (0xaaae8e93) x29 0xaaaaaaaa
core   0: 0x80000aac (0x03df5fb3) divu    t6, t5, t4
core   0: 3 0x80000aac (0x03df5fb3) x31 0x00000000
core   0: 0x80000ab0 (0x1bf42623) sw      t6, 428(s0)
core   0: 3 0x80000ab0 (0x1bf42623) mem 0x80006318 0x00000000
core   0: 0x80000ab4 (0x00300f13) li      t5, 3
core   0: 3 0x80000ab4 (0x00300f13) x30 0x00000003
core   0: 0x80000ab8 (0x00500e93) li      t4, 5
core   0: 3 0x80000ab8 (0x00500e93) x29 0x00000005
core   0: 0x80000abc (0x03df5fb3) divu    t6, t5, t4
core   0: 3 0x80000abc (0x03df5fb3) x31 0x00000000
core   0: 0x80000ac0 (0x1bf42823) sw      t6, 432(s0)
core   0: 3 0x80000ac0 (0x1bf42823) mem 0x8000631c 0x00000000
core   0: 0x80000ac4 (0x00300f13) li      t5, 3
core   0: 3 0x80000ac4 (0x00300f13) x30 0x00000003
core   0: 0x80000ac8 (0x33333eb7) lui     t4, 0x33333
core   0: 3 0x80000ac8 (0x33333eb7) x29 0x33333000
core   0: 0x80000acc (0x333e8e93) addi    t4, t4, 819
core   0: 3 0x80000acc (0x333e8e93) x29 0x33333333
core   0: 0x80000ad0 (0x03df5fb3) divu    t6, t5, t4
core   0: 3 0x80000ad0 (0x03df5fb3) x31 0x00000000
core   0: 0x80000ad4 (0x1bf42a23) sw      t6, 436(s0)
core   0: 3 0x80000ad4 (0x1bf42a23) mem 0x80006320 0x00000000
core   0: 0x80000ad8 (0x00300f13) li      t5, 3
core   0: 3 0x80000ad8 (0x00300f13) x30 0x00000003
core   0: 0x80000adc (0x66666eb7) lui     t4, 0x66666
core   0: 3 0x80000adc (0x66666eb7) x29 0x66666000
core   0: 0x80000ae0 (0x666e8e93) addi    t4, t4, 1638
core   0: 3 0x80000ae0 (0x666e8e93) x29 0x66666666
core   0: 0x80000ae4 (0x03df5fb3) divu    t6, t5, t4
core   0: 3 0x80000ae4 (0x03df5fb3) x31 0x00000000
core   0: 0x80000ae8 (0x1bf42c23) sw      t6, 440(s0)
core   0: 3 0x80000ae8 (0x1bf42c23) mem 0x80006324 0x00000000
core   0: 0x80000aec (0x00300f13) li      t5, 3
core   0: 3 0x80000aec (0x00300f13) x30 0x00000003
core   0: 0x80000af0 (0x0000beb7) lui     t4, 0xb
core   0: 3 0x80000af0 (0x0000beb7) x29 0x0000b000
core   0: 0x80000af4 (0x504e8e93) addi    t4, t4, 1284
core   0: 3 0x80000af4 (0x504e8e93) x29 0x0000b504
core   0: 0x80000af8 (0x03df5fb3) divu    t6, t5, t4
core   0: 3 0x80000af8 (0x03df5fb3) x31 0x00000000
core   0: 0x80000afc (0x1bf42e23) sw      t6, 444(s0)
core   0: 3 0x80000afc (0x1bf42e23) mem 0x80006328 0x00000000
core   0: 0x80000b00 (0x00300f13) li      t5, 3
core   0: 3 0x80000b00 (0x00300f13) x30 0x00000003
core   0: 0x80000b04 (0x00010eb7) lui     t4, 0x10
core   0: 3 0x80000b04 (0x00010eb7) x29 0x00010000
core   0: 0x80000b08 (0xfffe8e93) addi    t4, t4, -1
core   0: 3 0x80000b08 (0xfffe8e93) x29 0x0000ffff
core   0: 0x80000b0c (0x03df5fb3) divu    t6, t5, t4
core   0: 3 0x80000b0c (0x03df5fb3) x31 0x00000000
core   0: 0x80000b10 (0x1df42023) sw      t6, 448(s0)
core   0: 3 0x80000b10 (0x1df42023) mem 0x8000632c 0x00000000
core   0: 0x80000b14 (0x00300f13) li      t5, 3
core   0: 3 0x80000b14 (0x00300f13) x30 0x00000003
core   0: 0x80000b18 (0x00200e93) li      t4, 2
core   0: 3 0x80000b18 (0x00200e93) x29 0x00000002
core   0: 0x80000b1c (0x03df5fb3) divu    t6, t5, t4
core   0: 3 0x80000b1c (0x03df5fb3) x31 0x00000001
core   0: 0x80000b20 (0x1df42223) sw      t6, 452(s0)
core   0: 3 0x80000b20 (0x1df42223) mem 0x80006330 0x00000001
core   0: 0x80000b24 (0x00300f13) li      t5, 3
core   0: 3 0x80000b24 (0x00300f13) x30 0x00000003
core   0: 0x80000b28 (0x55555eb7) lui     t4, 0x55555
core   0: 3 0x80000b28 (0x55555eb7) x29 0x55555000
core   0: 0x80000b2c (0x554e8e93) addi    t4, t4, 1364
core   0: 3 0x80000b2c (0x554e8e93) x29 0x55555554
core   0: 0x80000b30 (0x03df5fb3) divu    t6, t5, t4
core   0: 3 0x80000b30 (0x03df5fb3) x31 0x00000000
core   0: 0x80000b34 (0x1df42423) sw      t6, 456(s0)
core   0: 3 0x80000b34 (0x1df42423) mem 0x80006334 0x00000000
core   0: 0x80000b38 (0x00300f13) li      t5, 3
core   0: 3 0x80000b38 (0x00300f13) x30 0x00000003
core   0: 0x80000b3c (0xaaaabeb7) lui     t4, 0xaaaab
core   0: 3 0x80000b3c (0xaaaabeb7) x29 0xaaaab000
core   0: 0x80000b40 (0xaa9e8e93) addi    t4, t4, -1367
core   0: 3 0x80000b40 (0xaa9e8e93) x29 0xaaaaaaa9
core   0: 0x80000b44 (0x03df5fb3) divu    t6, t5, t4
core   0: 3 0x80000b44 (0x03df5fb3) x31 0x00000000
core   0: 0x80000b48 (0x1df42623) sw      t6, 460(s0)
core   0: 3 0x80000b48 (0x1df42623) mem 0x80006338 0x00000000
core   0: 0x80000b4c (0x00300f13) li      t5, 3
core   0: 3 0x80000b4c (0x00300f13) x30 0x00000003
core   0: 0x80000b50 (0x33333eb7) lui     t4, 0x33333
core   0: 3 0x80000b50 (0x33333eb7) x29 0x33333000
core   0: 0x80000b54 (0x332e8e93) addi    t4, t4, 818
core   0: 3 0x80000b54 (0x332e8e93) x29 0x33333332
core   0: 0x80000b58 (0x03df5fb3) divu    t6, t5, t4
core   0: 3 0x80000b58 (0x03df5fb3) x31 0x00000000
core   0: 0x80000b5c (0x1df42823) sw      t6, 464(s0)
core   0: 3 0x80000b5c (0x1df42823) mem 0x8000633c 0x00000000
core   0: 0x80000b60 (0x00300f13) li      t5, 3
core   0: 3 0x80000b60 (0x00300f13) x30 0x00000003
core   0: 0x80000b64 (0x66666eb7) lui     t4, 0x66666
core   0: 3 0x80000b64 (0x66666eb7) x29 0x66666000
core   0: 0x80000b68 (0x665e8e93) addi    t4, t4, 1637
core   0: 3 0x80000b68 (0x665e8e93) x29 0x66666665
core   0: 0x80000b6c (0x03df5fb3) divu    t6, t5, t4
core   0: 3 0x80000b6c (0x03df5fb3) x31 0x00000000
core   0: 0x80000b70 (0x1df42a23) sw      t6, 468(s0)
core   0: 3 0x80000b70 (0x1df42a23) mem 0x80006340 0x00000000
core   0: 0x80000b74 (0x00300f13) li      t5, 3
core   0: 3 0x80000b74 (0x00300f13) x30 0x00000003
core   0: 0x80000b78 (0x0000beb7) lui     t4, 0xb
core   0: 3 0x80000b78 (0x0000beb7) x29 0x0000b000
core   0: 0x80000b7c (0x503e8e93) addi    t4, t4, 1283
core   0: 3 0x80000b7c (0x503e8e93) x29 0x0000b503
core   0: 0x80000b80 (0x03df5fb3) divu    t6, t5, t4
core   0: 3 0x80000b80 (0x03df5fb3) x31 0x00000000
core   0: 0x80000b84 (0x1df42c23) sw      t6, 472(s0)
core   0: 3 0x80000b84 (0x1df42c23) mem 0x80006344 0x00000000
core   0: 0x80000b88 (0x00300f13) li      t5, 3
core   0: 3 0x80000b88 (0x00300f13) x30 0x00000003
core   0: 0x80000b8c (0x00000e93) li      t4, 0
core   0: 3 0x80000b8c (0x00000e93) x29 0x00000000
core   0: 0x80000b90 (0x03df5fb3) divu    t6, t5, t4
core   0: 3 0x80000b90 (0x03df5fb3) x31 0xffffffff
core   0: 0x80000b94 (0x1df42e23) sw      t6, 476(s0)
core   0: 3 0x80000b94 (0x1df42e23) mem 0x80006348 0xffffffff
core   0: 0x80000b98 (0x00300f13) li      t5, 3
core   0: 3 0x80000b98 (0x00300f13) x30 0x00000003
core   0: 0x80000b9c (0x00010eb7) lui     t4, 0x10
core   0: 3 0x80000b9c (0x00010eb7) x29 0x00010000
core   0: 0x80000ba0 (0xffee8e93) addi    t4, t4, -2
core   0: 3 0x80000ba0 (0xffee8e93) x29 0x0000fffe
core   0: 0x80000ba4 (0x03df5fb3) divu    t6, t5, t4
core   0: 3 0x80000ba4 (0x03df5fb3) x31 0x00000000
core   0: 0x80000ba8 (0x1ff42023) sw      t6, 480(s0)
core   0: 3 0x80000ba8 (0x1ff42023) mem 0x8000634c 0x00000000
core   0: 0x80000bac (0x00300f13) li      t5, 3
core   0: 3 0x80000bac (0x00300f13) x30 0x00000003
core   0: 0x80000bb0 (0x00400e93) li      t4, 4
core   0: 3 0x80000bb0 (0x00400e93) x29 0x00000004
core   0: 0x80000bb4 (0x03df5fb3) divu    t6, t5, t4
core   0: 3 0x80000bb4 (0x03df5fb3) x31 0x00000000
core   0: 0x80000bb8 (0x1ff42223) sw      t6, 484(s0)
core   0: 3 0x80000bb8 (0x1ff42223) mem 0x80006350 0x00000000
core   0: 0x80000bbc (0x00300f13) li      t5, 3
core   0: 3 0x80000bbc (0x00300f13) x30 0x00000003
core   0: 0x80000bc0 (0x55555eb7) lui     t4, 0x55555
core   0: 3 0x80000bc0 (0x55555eb7) x29 0x55555000
core   0: 0x80000bc4 (0x556e8e93) addi    t4, t4, 1366
core   0: 3 0x80000bc4 (0x556e8e93) x29 0x55555556
core   0: 0x80000bc8 (0x03df5fb3) divu    t6, t5, t4
core   0: 3 0x80000bc8 (0x03df5fb3) x31 0x00000000
core   0: 0x80000bcc (0x1ff42423) sw      t6, 488(s0)
core   0: 3 0x80000bcc (0x1ff42423) mem 0x80006354 0x00000000
core   0: 0x80000bd0 (0x00300f13) li      t5, 3
core   0: 3 0x80000bd0 (0x00300f13) x30 0x00000003
core   0: 0x80000bd4 (0xaaaabeb7) lui     t4, 0xaaaab
core   0: 3 0x80000bd4 (0xaaaabeb7) x29 0xaaaab000
core   0: 0x80000bd8 (0xaabe8e93) addi    t4, t4, -1365
core   0: 3 0x80000bd8 (0xaabe8e93) x29 0xaaaaaaab
core   0: 0x80000bdc (0x03df5fb3) divu    t6, t5, t4
core   0: 3 0x80000bdc (0x03df5fb3) x31 0x00000000
core   0: 0x80000be0 (0x1ff42623) sw      t6, 492(s0)
core   0: 3 0x80000be0 (0x1ff42623) mem 0x80006358 0x00000000
core   0: 0x80000be4 (0x00300f13) li      t5, 3
core   0: 3 0x80000be4 (0x00300f13) x30 0x00000003
core   0: 0x80000be8 (0x00600e93) li      t4, 6
core   0: 3 0x80000be8 (0x00600e93) x29 0x00000006
core   0: 0x80000bec (0x03df5fb3) divu    t6, t5, t4
core   0: 3 0x80000bec (0x03df5fb3) x31 0x00000000
core   0: 0x80000bf0 (0x1ff42823) sw      t6, 496(s0)
core   0: 3 0x80000bf0 (0x1ff42823) mem 0x8000635c 0x00000000
core   0: 0x80000bf4 (0x00300f13) li      t5, 3
core   0: 3 0x80000bf4 (0x00300f13) x30 0x00000003
core   0: 0x80000bf8 (0x33333eb7) lui     t4, 0x33333
core   0: 3 0x80000bf8 (0x33333eb7) x29 0x33333000
core   0: 0x80000bfc (0x334e8e93) addi    t4, t4, 820
core   0: 3 0x80000bfc (0x334e8e93) x29 0x33333334
core   0: 0x80000c00 (0x03df5fb3) divu    t6, t5, t4
core   0: 3 0x80000c00 (0x03df5fb3) x31 0x00000000
core   0: 0x80000c04 (0x1ff42a23) sw      t6, 500(s0)
core   0: 3 0x80000c04 (0x1ff42a23) mem 0x80006360 0x00000000
core   0: 0x80000c08 (0x00300f13) li      t5, 3
core   0: 3 0x80000c08 (0x00300f13) x30 0x00000003
core   0: 0x80000c0c (0x66666eb7) lui     t4, 0x66666
core   0: 3 0x80000c0c (0x66666eb7) x29 0x66666000
core   0: 0x80000c10 (0x667e8e93) addi    t4, t4, 1639
core   0: 3 0x80000c10 (0x667e8e93) x29 0x66666667
core   0: 0x80000c14 (0x03df5fb3) divu    t6, t5, t4
core   0: 3 0x80000c14 (0x03df5fb3) x31 0x00000000
core   0: 0x80000c18 (0x1ff42c23) sw      t6, 504(s0)
core   0: 3 0x80000c18 (0x1ff42c23) mem 0x80006364 0x00000000
core   0: 0x80000c1c (0x00300f13) li      t5, 3
core   0: 3 0x80000c1c (0x00300f13) x30 0x00000003
core   0: 0x80000c20 (0x0000beb7) lui     t4, 0xb
core   0: 3 0x80000c20 (0x0000beb7) x29 0x0000b000
core   0: 0x80000c24 (0x505e8e93) addi    t4, t4, 1285
core   0: 3 0x80000c24 (0x505e8e93) x29 0x0000b505
core   0: 0x80000c28 (0x03df5fb3) divu    t6, t5, t4
core   0: 3 0x80000c28 (0x03df5fb3) x31 0x00000000
core   0: 0x80000c2c (0x1ff42e23) sw      t6, 508(s0)
core   0: 3 0x80000c2c (0x1ff42e23) mem 0x80006368 0x00000000
core   0: 0x80000c30 (0x00300f13) li      t5, 3
core   0: 3 0x80000c30 (0x00300f13) x30 0x00000003
core   0: 0x80000c34 (0x00100e93) li      t4, 1
core   0: 3 0x80000c34 (0x00100e93) x29 0x00000001
core   0: 0x80000c38 (0x03df5fb3) divu    t6, t5, t4
core   0: 3 0x80000c38 (0x03df5fb3) x31 0x00000003
core   0: 0x80000c3c (0x21f42023) sw      t6, 512(s0)
core   0: 3 0x80000c3c (0x21f42023) mem 0x8000636c 0x00000003
core   0: 0x80000c40 (0x00300f13) li      t5, 3
core   0: 3 0x80000c40 (0x00300f13) x30 0x00000003
core   0: 0x80000c44 (0x00010eb7) lui     t4, 0x10
core   0: 3 0x80000c44 (0x00010eb7) x29 0x00010000
core   0: 0x80000c48 (0x03df5fb3) divu    t6, t5, t4
core   0: 3 0x80000c48 (0x03df5fb3) x31 0x00000000
core   0: 0x80000c4c (0x21f42223) sw      t6, 516(s0)
core   0: 3 0x80000c4c (0x21f42223) mem 0x80006370 0x00000000
core   0: 0x80000c50 (0x55555f37) lui     t5, 0x55555
core   0: 3 0x80000c50 (0x55555f37) x30 0x55555000
core   0: 0x80000c54 (0x555f0f13) addi    t5, t5, 1365
core   0: 3 0x80000c54 (0x555f0f13) x30 0x55555555
core   0: 0x80000c58 (0x00300e93) li      t4, 3
core   0: 3 0x80000c58 (0x00300e93) x29 0x00000003
core   0: 0x80000c5c (0x03df5fb3) divu    t6, t5, t4
core   0: 3 0x80000c5c (0x03df5fb3) x31 0x1c71c71c
core   0: 0x80000c60 (0x21f42423) sw      t6, 520(s0)
core   0: 3 0x80000c60 (0x21f42423) mem 0x80006374 0x1c71c71c
core   0: 0x80000c64 (0x55555f37) lui     t5, 0x55555
core   0: 3 0x80000c64 (0x55555f37) x30 0x55555000
core   0: 0x80000c68 (0x555f0f13) addi    t5, t5, 1365
core   0: 3 0x80000c68 (0x555f0f13) x30 0x55555555
core   0: 0x80000c6c (0x55555eb7) lui     t4, 0x55555
core   0: 3 0x80000c6c (0x55555eb7) x29 0x55555000
core   0: 0x80000c70 (0x555e8e93) addi    t4, t4, 1365
core   0: 3 0x80000c70 (0x555e8e93) x29 0x55555555
core   0: 0x80000c74 (0x03df5fb3) divu    t6, t5, t4
core   0: 3 0x80000c74 (0x03df5fb3) x31 0x00000001
core   0: 0x80000c78 (0x21f42623) sw      t6, 524(s0)
core   0: 3 0x80000c78 (0x21f42623) mem 0x80006378 0x00000001
core   0: 0x80000c7c (0x55555f37) lui     t5, 0x55555
core   0: 3 0x80000c7c (0x55555f37) x30 0x55555000
core   0: 0x80000c80 (0x555f0f13) addi    t5, t5, 1365
core   0: 3 0x80000c80 (0x555f0f13) x30 0x55555555
core   0: 0x80000c84 (0xaaaabeb7) lui     t4, 0xaaaab
core   0: 3 0x80000c84 (0xaaaabeb7) x29 0xaaaab000
core   0: 0x80000c88 (0xaaae8e93) addi    t4, t4, -1366
core   0: 3 0x80000c88 (0xaaae8e93) x29 0xaaaaaaaa
core   0: 0x80000c8c (0x03df5fb3) divu    t6, t5, t4
core   0: 3 0x80000c8c (0x03df5fb3) x31 0x00000000
core   0: 0x80000c90 (0x21f42823) sw      t6, 528(s0)
core   0: 3 0x80000c90 (0x21f42823) mem 0x8000637c 0x00000000
core   0: 0x80000c94 (0x55555f37) lui     t5, 0x55555
core   0: 3 0x80000c94 (0x55555f37) x30 0x55555000
core   0: 0x80000c98 (0x555f0f13) addi    t5, t5, 1365
core   0: 3 0x80000c98 (0x555f0f13) x30 0x55555555
core   0: 0x80000c9c (0x00500e93) li      t4, 5
core   0: 3 0x80000c9c (0x00500e93) x29 0x00000005
core   0: 0x80000ca0 (0x03df5fb3) divu    t6, t5, t4
core   0: 3 0x80000ca0 (0x03df5fb3) x31 0x11111111
core   0: 0x80000ca4 (0x21f42a23) sw      t6, 532(s0)
core   0: 3 0x80000ca4 (0x21f42a23) mem 0x80006380 0x11111111
core   0: 0x80000ca8 (0x55555f37) lui     t5, 0x55555
core   0: 3 0x80000ca8 (0x55555f37) x30 0x55555000
core   0: 0x80000cac (0x555f0f13) addi    t5, t5, 1365
core   0: 3 0x80000cac (0x555f0f13) x30 0x55555555
core   0: 0x80000cb0 (0x33333eb7) lui     t4, 0x33333
core   0: 3 0x80000cb0 (0x33333eb7) x29 0x33333000
core   0: 0x80000cb4 (0x333e8e93) addi    t4, t4, 819
core   0: 3 0x80000cb4 (0x333e8e93) x29 0x33333333
core   0: 0x80000cb8 (0x03df5fb3) divu    t6, t5, t4
core   0: 3 0x80000cb8 (0x03df5fb3) x31 0x00000001
core   0: 0x80000cbc (0x21f42c23) sw      t6, 536(s0)
core   0: 3 0x80000cbc (0x21f42c23) mem 0x80006384 0x00000001
core   0: 0x80000cc0 (0x55555f37) lui     t5, 0x55555
core   0: 3 0x80000cc0 (0x55555f37) x30 0x55555000
core   0: 0x80000cc4 (0x555f0f13) addi    t5, t5, 1365
core   0: 3 0x80000cc4 (0x555f0f13) x30 0x55555555
core   0: 0x80000cc8 (0x66666eb7) lui     t4, 0x66666
core   0: 3 0x80000cc8 (0x66666eb7) x29 0x66666000
core   0: 0x80000ccc (0x666e8e93) addi    t4, t4, 1638
core   0: 3 0x80000ccc (0x666e8e93) x29 0x66666666
core   0: 0x80000cd0 (0x03df5fb3) divu    t6, t5, t4
core   0: 3 0x80000cd0 (0x03df5fb3) x31 0x00000000
core   0: 0x80000cd4 (0x21f42e23) sw      t6, 540(s0)
core   0: 3 0x80000cd4 (0x21f42e23) mem 0x80006388 0x00000000
core   0: 0x80000cd8 (0x55555f37) lui     t5, 0x55555
core   0: 3 0x80000cd8 (0x55555f37) x30 0x55555000
core   0: 0x80000cdc (0x555f0f13) addi    t5, t5, 1365
core   0: 3 0x80000cdc (0x555f0f13) x30 0x55555555
core   0: 0x80000ce0 (0x0000beb7) lui     t4, 0xb
core   0: 3 0x80000ce0 (0x0000beb7) x29 0x0000b000
core   0: 0x80000ce4 (0x504e8e93) addi    t4, t4, 1284
core   0: 3 0x80000ce4 (0x504e8e93) x29 0x0000b504
core   0: 0x80000ce8 (0x03df5fb3) divu    t6, t5, t4
core   0: 3 0x80000ce8 (0x03df5fb3) x31 0x000078ae
core   0: 0x80000cec (0x23f42023) sw      t6, 544(s0)
core   0: 3 0x80000cec (0x23f42023) mem 0x8000638c 0x000078ae
core   0: 0x80000cf0 (0x55555f37) lui     t5, 0x55555
core   0: 3 0x80000cf0 (0x55555f37) x30 0x55555000
core   0: 0x80000cf4 (0x555f0f13) addi    t5, t5, 1365
core   0: 3 0x80000cf4 (0x555f0f13) x30 0x55555555
core   0: 0x80000cf8 (0x00010eb7) lui     t4, 0x10
core   0: 3 0x80000cf8 (0x00010eb7) x29 0x00010000
core   0: 0x80000cfc (0xfffe8e93) addi    t4, t4, -1
core   0: 3 0x80000cfc (0xfffe8e93) x29 0x0000ffff
core   0: 0x80000d00 (0x03df5fb3) divu    t6, t5, t4
core   0: 3 0x80000d00 (0x03df5fb3) x31 0x00005555
core   0: 0x80000d04 (0x23f42223) sw      t6, 548(s0)
core   0: 3 0x80000d04 (0x23f42223) mem 0x80006390 0x00005555
core   0: 0x80000d08 (0x55555f37) lui     t5, 0x55555
core   0: 3 0x80000d08 (0x55555f37) x30 0x55555000
core   0: 0x80000d0c (0x555f0f13) addi    t5, t5, 1365
core   0: 3 0x80000d0c (0x555f0f13) x30 0x55555555
core   0: 0x80000d10 (0x00200e93) li      t4, 2
core   0: 3 0x80000d10 (0x00200e93) x29 0x00000002
core   0: 0x80000d14 (0x03df5fb3) divu    t6, t5, t4
core   0: 3 0x80000d14 (0x03df5fb3) x31 0x2aaaaaaa
core   0: 0x80000d18 (0x23f42423) sw      t6, 552(s0)
core   0: 3 0x80000d18 (0x23f42423) mem 0x80006394 0x2aaaaaaa
core   0: 0x80000d1c (0x55555f37) lui     t5, 0x55555
core   0: 3 0x80000d1c (0x55555f37) x30 0x55555000
core   0: 0x80000d20 (0x555f0f13) addi    t5, t5, 1365
core   0: 3 0x80000d20 (0x555f0f13) x30 0x55555555
core   0: 0x80000d24 (0x55555eb7) lui     t4, 0x55555
core   0: 3 0x80000d24 (0x55555eb7) x29 0x55555000
core   0: 0x80000d28 (0x554e8e93) addi    t4, t4, 1364
core   0: 3 0x80000d28 (0x554e8e93) x29 0x55555554
core   0: 0x80000d2c (0x03df5fb3) divu    t6, t5, t4
core   0: 3 0x80000d2c (0x03df5fb3) x31 0x00000001
core   0: 0x80000d30 (0x23f42623) sw      t6, 556(s0)
core   0: 3 0x80000d30 (0x23f42623) mem 0x80006398 0x00000001
core   0: 0x80000d34 (0x55555f37) lui     t5, 0x55555
core   0: 3 0x80000d34 (0x55555f37) x30 0x55555000
core   0: 0x80000d38 (0x555f0f13) addi    t5, t5, 1365
core   0: 3 0x80000d38 (0x555f0f13) x30 0x55555555
core   0: 0x80000d3c (0xaaaabeb7) lui     t4, 0xaaaab
core   0: 3 0x80000d3c (0xaaaabeb7) x29 0xaaaab000
core   0: 0x80000d40 (0xaa9e8e93) addi    t4, t4, -1367
core   0: 3 0x80000d40 (0xaa9e8e93) x29 0xaaaaaaa9
core   0: 0x80000d44 (0x03df5fb3) divu    t6, t5, t4
core   0: 3 0x80000d44 (0x03df5fb3) x31 0x00000000
core   0: 0x80000d48 (0x23f42823) sw      t6, 560(s0)
core   0: 3 0x80000d48 (0x23f42823) mem 0x8000639c 0x00000000
core   0: 0x80000d4c (0x55555f37) lui     t5, 0x55555
core   0: 3 0x80000d4c (0x55555f37) x30 0x55555000
core   0: 0x80000d50 (0x555f0f13) addi    t5, t5, 1365
core   0: 3 0x80000d50 (0x555f0f13) x30 0x55555555
core   0: 0x80000d54 (0x33333eb7) lui     t4, 0x33333
core   0: 3 0x80000d54 (0x33333eb7) x29 0x33333000
core   0: 0x80000d58 (0x332e8e93) addi    t4, t4, 818
core   0: 3 0x80000d58 (0x332e8e93) x29 0x33333332
core   0: 0x80000d5c (0x03df5fb3) divu    t6, t5, t4
core   0: 3 0x80000d5c (0x03df5fb3) x31 0x00000001
core   0: 0x80000d60 (0x23f42a23) sw      t6, 564(s0)
core   0: 3 0x80000d60 (0x23f42a23) mem 0x800063a0 0x00000001
core   0: 0x80000d64 (0x55555f37) lui     t5, 0x55555
core   0: 3 0x80000d64 (0x55555f37) x30 0x55555000
core   0: 0x80000d68 (0x555f0f13) addi    t5, t5, 1365
core   0: 3 0x80000d68 (0x555f0f13) x30 0x55555555
core   0: 0x80000d6c (0x66666eb7) lui     t4, 0x66666
core   0: 3 0x80000d6c (0x66666eb7) x29 0x66666000
core   0: 0x80000d70 (0x665e8e93) addi    t4, t4, 1637
core   0: 3 0x80000d70 (0x665e8e93) x29 0x66666665
core   0: 0x80000d74 (0x03df5fb3) divu    t6, t5, t4
core   0: 3 0x80000d74 (0x03df5fb3) x31 0x00000000
core   0: 0x80000d78 (0x23f42c23) sw      t6, 568(s0)
core   0: 3 0x80000d78 (0x23f42c23) mem 0x800063a4 0x00000000
core   0: 0x80000d7c (0x55555f37) lui     t5, 0x55555
core   0: 3 0x80000d7c (0x55555f37) x30 0x55555000
core   0: 0x80000d80 (0x555f0f13) addi    t5, t5, 1365
core   0: 3 0x80000d80 (0x555f0f13) x30 0x55555555
core   0: 0x80000d84 (0x0000beb7) lui     t4, 0xb
core   0: 3 0x80000d84 (0x0000beb7) x29 0x0000b000
core   0: 0x80000d88 (0x503e8e93) addi    t4, t4, 1283
core   0: 3 0x80000d88 (0x503e8e93) x29 0x0000b503
core   0: 0x80000d8c (0x03df5fb3) divu    t6, t5, t4
core   0: 3 0x80000d8c (0x03df5fb3) x31 0x000078af
core   0: 0x80000d90 (0x23f42e23) sw      t6, 572(s0)
core   0: 3 0x80000d90 (0x23f42e23) mem 0x800063a8 0x000078af
core   0: 0x80000d94 (0x55555f37) lui     t5, 0x55555
core   0: 3 0x80000d94 (0x55555f37) x30 0x55555000
core   0: 0x80000d98 (0x555f0f13) addi    t5, t5, 1365
core   0: 3 0x80000d98 (0x555f0f13) x30 0x55555555
core   0: 0x80000d9c (0x00000e93) li      t4, 0
core   0: 3 0x80000d9c (0x00000e93) x29 0x00000000
core   0: 0x80000da0 (0x03df5fb3) divu    t6, t5, t4
core   0: 3 0x80000da0 (0x03df5fb3) x31 0xffffffff
core   0: 0x80000da4 (0x25f42023) sw      t6, 576(s0)
core   0: 3 0x80000da4 (0x25f42023) mem 0x800063ac 0xffffffff
core   0: 0x80000da8 (0x55555f37) lui     t5, 0x55555
core   0: 3 0x80000da8 (0x55555f37) x30 0x55555000
core   0: 0x80000dac (0x555f0f13) addi    t5, t5, 1365
core   0: 3 0x80000dac (0x555f0f13) x30 0x55555555
core   0: 0x80000db0 (0x00010eb7) lui     t4, 0x10
core   0: 3 0x80000db0 (0x00010eb7) x29 0x00010000
core   0: 0x80000db4 (0xffee8e93) addi    t4, t4, -2
core   0: 3 0x80000db4 (0xffee8e93) x29 0x0000fffe
core   0: 0x80000db8 (0x03df5fb3) divu    t6, t5, t4
core   0: 3 0x80000db8 (0x03df5fb3) x31 0x00005556
core   0: 0x80000dbc (0x25f42223) sw      t6, 580(s0)
core   0: 3 0x80000dbc (0x25f42223) mem 0x800063b0 0x00005556
core   0: 0x80000dc0 (0xaaaabf37) lui     t5, 0xaaaab
core   0: 3 0x80000dc0 (0xaaaabf37) x30 0xaaaab000
core   0: 0x80000dc4 (0xaaaf0f13) addi    t5, t5, -1366
core   0: 3 0x80000dc4 (0xaaaf0f13) x30 0xaaaaaaaa
core   0: 0x80000dc8 (0x00010eb7) lui     t4, 0x10
core   0: 3 0x80000dc8 (0x00010eb7) x29 0x00010000
core   0: 0x80000dcc (0x03df5fb3) divu    t6, t5, t4
core   0: 3 0x80000dcc (0x03df5fb3) x31 0x0000aaaa
core   0: 0x80000dd0 (0x25f42423) sw      t6, 584(s0)
core   0: 3 0x80000dd0 (0x25f42423) mem 0x800063b4 0x0000aaaa
core   0: 0x80000dd4 (0x55555f37) lui     t5, 0x55555
core   0: 3 0x80000dd4 (0x55555f37) x30 0x55555000
core   0: 0x80000dd8 (0x555f0f13) addi    t5, t5, 1365
core   0: 3 0x80000dd8 (0x555f0f13) x30 0x55555555
core   0: 0x80000ddc (0x00400e93) li      t4, 4
core   0: 3 0x80000ddc (0x00400e93) x29 0x00000004
core   0: 0x80000de0 (0x03df5fb3) divu    t6, t5, t4
core   0: 3 0x80000de0 (0x03df5fb3) x31 0x15555555
core   0: 0x80000de4 (0x25f42623) sw      t6, 588(s0)
core   0: 3 0x80000de4 (0x25f42623) mem 0x800063b8 0x15555555
core   0: 0x80000de8 (0x55555f37) lui     t5, 0x55555
core   0: 3 0x80000de8 (0x55555f37) x30 0x55555000
core   0: 0x80000dec (0x555f0f13) addi    t5, t5, 1365
core   0: 3 0x80000dec (0x555f0f13) x30 0x55555555
core   0: 0x80000df0 (0x55555eb7) lui     t4, 0x55555
core   0: 3 0x80000df0 (0x55555eb7) x29 0x55555000
core   0: 0x80000df4 (0x556e8e93) addi    t4, t4, 1366
core   0: 3 0x80000df4 (0x556e8e93) x29 0x55555556
core   0: 0x80000df8 (0x03df5fb3) divu    t6, t5, t4
core   0: 3 0x80000df8 (0x03df5fb3) x31 0x00000000
core   0: 0x80000dfc (0x25f42823) sw      t6, 592(s0)
core   0: 3 0x80000dfc (0x25f42823) mem 0x800063bc 0x00000000
core   0: 0x80000e00 (0x55555f37) lui     t5, 0x55555
core   0: 3 0x80000e00 (0x55555f37) x30 0x55555000
core   0: 0x80000e04 (0x555f0f13) addi    t5, t5, 1365
core   0: 3 0x80000e04 (0x555f0f13) x30 0x55555555
core   0: 0x80000e08 (0xaaaabeb7) lui     t4, 0xaaaab
core   0: 3 0x80000e08 (0xaaaabeb7) x29 0xaaaab000
core   0: 0x80000e0c (0xaabe8e93) addi    t4, t4, -1365
core   0: 3 0x80000e0c (0xaabe8e93) x29 0xaaaaaaab
core   0: 0x80000e10 (0x03df5fb3) divu    t6, t5, t4
core   0: 3 0x80000e10 (0x03df5fb3) x31 0x00000000
core   0: 0x80000e14 (0x25f42a23) sw      t6, 596(s0)
core   0: 3 0x80000e14 (0x25f42a23) mem 0x800063c0 0x00000000
core   0: 0x80000e18 (0x55555f37) lui     t5, 0x55555
core   0: 3 0x80000e18 (0x55555f37) x30 0x55555000
core   0: 0x80000e1c (0x555f0f13) addi    t5, t5, 1365
core   0: 3 0x80000e1c (0x555f0f13) x30 0x55555555
core   0: 0x80000e20 (0x00600e93) li      t4, 6
core   0: 3 0x80000e20 (0x00600e93) x29 0x00000006
core   0: 0x80000e24 (0x03df5fb3) divu    t6, t5, t4
core   0: 3 0x80000e24 (0x03df5fb3) x31 0x0e38e38e
core   0: 0x80000e28 (0x25f42c23) sw      t6, 600(s0)
core   0: 3 0x80000e28 (0x25f42c23) mem 0x800063c4 0x0e38e38e
core   0: 0x80000e2c (0x55555f37) lui     t5, 0x55555
core   0: 3 0x80000e2c (0x55555f37) x30 0x55555000
core   0: 0x80000e30 (0x555f0f13) addi    t5, t5, 1365
core   0: 3 0x80000e30 (0x555f0f13) x30 0x55555555
core   0: 0x80000e34 (0x33333eb7) lui     t4, 0x33333
core   0: 3 0x80000e34 (0x33333eb7) x29 0x33333000
core   0: 0x80000e38 (0x334e8e93) addi    t4, t4, 820
core   0: 3 0x80000e38 (0x334e8e93) x29 0x33333334
core   0: 0x80000e3c (0x03df5fb3) divu    t6, t5, t4
core   0: 3 0x80000e3c (0x03df5fb3) x31 0x00000001
core   0: 0x80000e40 (0x25f42e23) sw      t6, 604(s0)
core   0: 3 0x80000e40 (0x25f42e23) mem 0x800063c8 0x00000001
core   0: 0x80000e44 (0x55555f37) lui     t5, 0x55555
core   0: 3 0x80000e44 (0x55555f37) x30 0x55555000
core   0: 0x80000e48 (0x555f0f13) addi    t5, t5, 1365
core   0: 3 0x80000e48 (0x555f0f13) x30 0x55555555
core   0: 0x80000e4c (0x66666eb7) lui     t4, 0x66666
core   0: 3 0x80000e4c (0x66666eb7) x29 0x66666000
core   0: 0x80000e50 (0x667e8e93) addi    t4, t4, 1639
core   0: 3 0x80000e50 (0x667e8e93) x29 0x66666667
core   0: 0x80000e54 (0x03df5fb3) divu    t6, t5, t4
core   0: 3 0x80000e54 (0x03df5fb3) x31 0x00000000
core   0: 0x80000e58 (0x27f42023) sw      t6, 608(s0)
core   0: 3 0x80000e58 (0x27f42023) mem 0x800063cc 0x00000000
core   0: 0x80000e5c (0x55555f37) lui     t5, 0x55555
core   0: 3 0x80000e5c (0x55555f37) x30 0x55555000
core   0: 0x80000e60 (0x555f0f13) addi    t5, t5, 1365
core   0: 3 0x80000e60 (0x555f0f13) x30 0x55555555
core   0: 0x80000e64 (0x0000beb7) lui     t4, 0xb
core   0: 3 0x80000e64 (0x0000beb7) x29 0x0000b000
core   0: 0x80000e68 (0x505e8e93) addi    t4, t4, 1285
core   0: 3 0x80000e68 (0x505e8e93) x29 0x0000b505
core   0: 0x80000e6c (0x03df5fb3) divu    t6, t5, t4
core   0: 3 0x80000e6c (0x03df5fb3) x31 0x000078ad
core   0: 0x80000e70 (0x27f42223) sw      t6, 612(s0)
core   0: 3 0x80000e70 (0x27f42223) mem 0x800063d0 0x000078ad
core   0: 0x80000e74 (0x55555f37) lui     t5, 0x55555
core   0: 3 0x80000e74 (0x55555f37) x30 0x55555000
core   0: 0x80000e78 (0x555f0f13) addi    t5, t5, 1365
core   0: 3 0x80000e78 (0x555f0f13) x30 0x55555555
core   0: 0x80000e7c (0x00100e93) li      t4, 1
core   0: 3 0x80000e7c (0x00100e93) x29 0x00000001
core   0: 0x80000e80 (0x03df5fb3) divu    t6, t5, t4
core   0: 3 0x80000e80 (0x03df5fb3) x31 0x55555555
core   0: 0x80000e84 (0x27f42423) sw      t6, 616(s0)
core   0: 3 0x80000e84 (0x27f42423) mem 0x800063d4 0x55555555
core   0: 0x80000e88 (0x55555f37) lui     t5, 0x55555
core   0: 3 0x80000e88 (0x55555f37) x30 0x55555000
core   0: 0x80000e8c (0x555f0f13) addi    t5, t5, 1365
core   0: 3 0x80000e8c (0x555f0f13) x30 0x55555555
core   0: 0x80000e90 (0x00010eb7) lui     t4, 0x10
core   0: 3 0x80000e90 (0x00010eb7) x29 0x00010000
core   0: 0x80000e94 (0x03df5fb3) divu    t6, t5, t4
core   0: 3 0x80000e94 (0x03df5fb3) x31 0x00005555
core   0: 0x80000e98 (0x27f42623) sw      t6, 620(s0)
core   0: 3 0x80000e98 (0x27f42623) mem 0x800063d8 0x00005555
core   0: 0x80000e9c (0xaaaabf37) lui     t5, 0xaaaab
core   0: 3 0x80000e9c (0xaaaabf37) x30 0xaaaab000
core   0: 0x80000ea0 (0xaaaf0f13) addi    t5, t5, -1366
core   0: 3 0x80000ea0 (0xaaaf0f13) x30 0xaaaaaaaa
core   0: 0x80000ea4 (0x00300e93) li      t4, 3
core   0: 3 0x80000ea4 (0x00300e93) x29 0x00000003
core   0: 0x80000ea8 (0x03df5fb3) divu    t6, t5, t4
core   0: 3 0x80000ea8 (0x03df5fb3) x31 0x38e38e38
core   0: 0x80000eac (0x27f42823) sw      t6, 624(s0)
core   0: 3 0x80000eac (0x27f42823) mem 0x800063dc 0x38e38e38
core   0: 0x80000eb0 (0xaaaabf37) lui     t5, 0xaaaab
core   0: 3 0x80000eb0 (0xaaaabf37) x30 0xaaaab000
core   0: 0x80000eb4 (0xaaaf0f13) addi    t5, t5, -1366
core   0: 3 0x80000eb4 (0xaaaf0f13) x30 0xaaaaaaaa
core   0: 0x80000eb8 (0x55555eb7) lui     t4, 0x55555
core   0: 3 0x80000eb8 (0x55555eb7) x29 0x55555000
core   0: 0x80000ebc (0x555e8e93) addi    t4, t4, 1365
core   0: 3 0x80000ebc (0x555e8e93) x29 0x55555555
core   0: 0x80000ec0 (0x03df5fb3) divu    t6, t5, t4
core   0: 3 0x80000ec0 (0x03df5fb3) x31 0x00000002
core   0: 0x80000ec4 (0x27f42a23) sw      t6, 628(s0)
core   0: 3 0x80000ec4 (0x27f42a23) mem 0x800063e0 0x00000002
core   0: 0x80000ec8 (0xaaaabf37) lui     t5, 0xaaaab
core   0: 3 0x80000ec8 (0xaaaabf37) x30 0xaaaab000
core   0: 0x80000ecc (0xaaaf0f13) addi    t5, t5, -1366
core   0: 3 0x80000ecc (0xaaaf0f13) x30 0xaaaaaaaa
core   0: 0x80000ed0 (0xaaaabeb7) lui     t4, 0xaaaab
core   0: 3 0x80000ed0 (0xaaaabeb7) x29 0xaaaab000
core   0: 0x80000ed4 (0xaaae8e93) addi    t4, t4, -1366
core   0: 3 0x80000ed4 (0xaaae8e93) x29 0xaaaaaaaa
core   0: 0x80000ed8 (0x03df5fb3) divu    t6, t5, t4
core   0: 3 0x80000ed8 (0x03df5fb3) x31 0x00000001
core   0: 0x80000edc (0x27f42c23) sw      t6, 632(s0)
core   0: 3 0x80000edc (0x27f42c23) mem 0x800063e4 0x00000001
core   0: 0x80000ee0 (0xaaaabf37) lui     t5, 0xaaaab
core   0: 3 0x80000ee0 (0xaaaabf37) x30 0xaaaab000
core   0: 0x80000ee4 (0xaaaf0f13) addi    t5, t5, -1366
core   0: 3 0x80000ee4 (0xaaaf0f13) x30 0xaaaaaaaa
core   0: 0x80000ee8 (0x00500e93) li      t4, 5
core   0: 3 0x80000ee8 (0x00500e93) x29 0x00000005
core   0: 0x80000eec (0x03df5fb3) divu    t6, t5, t4
core   0: 3 0x80000eec (0x03df5fb3) x31 0x22222222
core   0: 0x80000ef0 (0x27f42e23) sw      t6, 636(s0)
core   0: 3 0x80000ef0 (0x27f42e23) mem 0x800063e8 0x22222222
core   0: 0x80000ef4 (0xaaaabf37) lui     t5, 0xaaaab
core   0: 3 0x80000ef4 (0xaaaabf37) x30 0xaaaab000
core   0: 0x80000ef8 (0xaaaf0f13) addi    t5, t5, -1366
core   0: 3 0x80000ef8 (0xaaaf0f13) x30 0xaaaaaaaa
core   0: 0x80000efc (0x33333eb7) lui     t4, 0x33333
core   0: 3 0x80000efc (0x33333eb7) x29 0x33333000
core   0: 0x80000f00 (0x333e8e93) addi    t4, t4, 819
core   0: 3 0x80000f00 (0x333e8e93) x29 0x33333333
core   0: 0x80000f04 (0x03df5fb3) divu    t6, t5, t4
core   0: 3 0x80000f04 (0x03df5fb3) x31 0x00000003
core   0: 0x80000f08 (0x29f42023) sw      t6, 640(s0)
core   0: 3 0x80000f08 (0x29f42023) mem 0x800063ec 0x00000003
core   0: 0x80000f0c (0xaaaabf37) lui     t5, 0xaaaab
core   0: 3 0x80000f0c (0xaaaabf37) x30 0xaaaab000
core   0: 0x80000f10 (0xaaaf0f13) addi    t5, t5, -1366
core   0: 3 0x80000f10 (0xaaaf0f13) x30 0xaaaaaaaa
core   0: 0x80000f14 (0x66666eb7) lui     t4, 0x66666
core   0: 3 0x80000f14 (0x66666eb7) x29 0x66666000
core   0: 0x80000f18 (0x666e8e93) addi    t4, t4, 1638
core   0: 3 0x80000f18 (0x666e8e93) x29 0x66666666
core   0: 0x80000f1c (0x03df5fb3) divu    t6, t5, t4
core   0: 3 0x80000f1c (0x03df5fb3) x31 0x00000001
core   0: 0x80000f20 (0x29f42223) sw      t6, 644(s0)
core   0: 3 0x80000f20 (0x29f42223) mem 0x800063f0 0x00000001
core   0: 0x80000f24 (0xaaaabf37) lui     t5, 0xaaaab
core   0: 3 0x80000f24 (0xaaaabf37) x30 0xaaaab000
core   0: 0x80000f28 (0xaaaf0f13) addi    t5, t5, -1366
core   0: 3 0x80000f28 (0xaaaf0f13) x30 0xaaaaaaaa
core   0: 0x80000f2c (0x0000beb7) lui     t4, 0xb
core   0: 3 0x80000f2c (0x0000beb7) x29 0x0000b000
core   0: 0x80000f30 (0x504e8e93) addi    t4, t4, 1284
core   0: 3 0x80000f30 (0x504e8e93) x29 0x0000b504
core   0: 0x80000f34 (0x03df5fb3) divu    t6, t5, t4
core   0: 3 0x80000f34 (0x03df5fb3) x31 0x0000f15d
core   0: 0x80000f38 (0x29f42423) sw      t6, 648(s0)
core   0: 3 0x80000f38 (0x29f42423) mem 0x800063f4 0x0000f15d
core   0: 0x80000f3c (0xaaaabf37) lui     t5, 0xaaaab
core   0: 3 0x80000f3c (0xaaaabf37) x30 0xaaaab000
core   0: 0x80000f40 (0xaaaf0f13) addi    t5, t5, -1366
core   0: 3 0x80000f40 (0xaaaf0f13) x30 0xaaaaaaaa
core   0: 0x80000f44 (0x00010eb7) lui     t4, 0x10
core   0: 3 0x80000f44 (0x00010eb7) x29 0x00010000
core   0: 0x80000f48 (0xfffe8e93) addi    t4, t4, -1
core   0: 3 0x80000f48 (0xfffe8e93) x29 0x0000ffff
core   0: 0x80000f4c (0x03df5fb3) divu    t6, t5, t4
core   0: 3 0x80000f4c (0x03df5fb3) x31 0x0000aaab
core   0: 0x80000f50 (0x29f42623) sw      t6, 652(s0)
core   0: 3 0x80000f50 (0x29f42623) mem 0x800063f8 0x0000aaab
core   0: 0x80000f54 (0xaaaabf37) lui     t5, 0xaaaab
core   0: 3 0x80000f54 (0xaaaabf37) x30 0xaaaab000
core   0: 0x80000f58 (0xaaaf0f13) addi    t5, t5, -1366
core   0: 3 0x80000f58 (0xaaaf0f13) x30 0xaaaaaaaa
core   0: 0x80000f5c (0x00200e93) li      t4, 2
core   0: 3 0x80000f5c (0x00200e93) x29 0x00000002
core   0: 0x80000f60 (0x03df5fb3) divu    t6, t5, t4
core   0: 3 0x80000f60 (0x03df5fb3) x31 0x55555555
core   0: 0x80000f64 (0x29f42823) sw      t6, 656(s0)
core   0: 3 0x80000f64 (0x29f42823) mem 0x800063fc 0x55555555
core   0: 0x80000f68 (0xaaaabf37) lui     t5, 0xaaaab
core   0: 3 0x80000f68 (0xaaaabf37) x30 0xaaaab000
core   0: 0x80000f6c (0xaaaf0f13) addi    t5, t5, -1366
core   0: 3 0x80000f6c (0xaaaf0f13) x30 0xaaaaaaaa
core   0: 0x80000f70 (0x55555eb7) lui     t4, 0x55555
core   0: 3 0x80000f70 (0x55555eb7) x29 0x55555000
core   0: 0x80000f74 (0x554e8e93) addi    t4, t4, 1364
core   0: 3 0x80000f74 (0x554e8e93) x29 0x55555554
core   0: 0x80000f78 (0x03df5fb3) divu    t6, t5, t4
core   0: 3 0x80000f78 (0x03df5fb3) x31 0x00000002
core   0: 0x80000f7c (0x29f42a23) sw      t6, 660(s0)
core   0: 3 0x80000f7c (0x29f42a23) mem 0x80006400 0x00000002
core   0: 0x80000f80 (0xaaaabf37) lui     t5, 0xaaaab
core   0: 3 0x80000f80 (0xaaaabf37) x30 0xaaaab000
core   0: 0x80000f84 (0xaaaf0f13) addi    t5, t5, -1366
core   0: 3 0x80000f84 (0xaaaf0f13) x30 0xaaaaaaaa
core   0: 0x80000f88 (0xaaaabeb7) lui     t4, 0xaaaab
core   0: 3 0x80000f88 (0xaaaabeb7) x29 0xaaaab000
core   0: 0x80000f8c (0xaa9e8e93) addi    t4, t4, -1367
core   0: 3 0x80000f8c (0xaa9e8e93) x29 0xaaaaaaa9
core   0: 0x80000f90 (0x03df5fb3) divu    t6, t5, t4
core   0: 3 0x80000f90 (0x03df5fb3) x31 0x00000001
core   0: 0x80000f94 (0x29f42c23) sw      t6, 664(s0)
core   0: 3 0x80000f94 (0x29f42c23) mem 0x80006404 0x00000001
core   0: 0x80000f98 (0xaaaabf37) lui     t5, 0xaaaab
core   0: 3 0x80000f98 (0xaaaabf37) x30 0xaaaab000
core   0: 0x80000f9c (0xaaaf0f13) addi    t5, t5, -1366
core   0: 3 0x80000f9c (0xaaaf0f13) x30 0xaaaaaaaa
core   0: 0x80000fa0 (0x33333eb7) lui     t4, 0x33333
core   0: 3 0x80000fa0 (0x33333eb7) x29 0x33333000
core   0: 0x80000fa4 (0x332e8e93) addi    t4, t4, 818
core   0: 3 0x80000fa4 (0x332e8e93) x29 0x33333332
core   0: 0x80000fa8 (0x03df5fb3) divu    t6, t5, t4
core   0: 3 0x80000fa8 (0x03df5fb3) x31 0x00000003
core   0: 0x80000fac (0x29f42e23) sw      t6, 668(s0)
core   0: 3 0x80000fac (0x29f42e23) mem 0x80006408 0x00000003
core   0: 0x80000fb0 (0xaaaabf37) lui     t5, 0xaaaab
core   0: 3 0x80000fb0 (0xaaaabf37) x30 0xaaaab000
core   0: 0x80000fb4 (0xaaaf0f13) addi    t5, t5, -1366
core   0: 3 0x80000fb4 (0xaaaf0f13) x30 0xaaaaaaaa
core   0: 0x80000fb8 (0x66666eb7) lui     t4, 0x66666
core   0: 3 0x80000fb8 (0x66666eb7) x29 0x66666000
core   0: 0x80000fbc (0x665e8e93) addi    t4, t4, 1637
core   0: 3 0x80000fbc (0x665e8e93) x29 0x66666665
core   0: 0x80000fc0 (0x03df5fb3) divu    t6, t5, t4
core   0: 3 0x80000fc0 (0x03df5fb3) x31 0x00000001
core   0: 0x80000fc4 (0x2bf42023) sw      t6, 672(s0)
core   0: 3 0x80000fc4 (0x2bf42023) mem 0x8000640c 0x00000001
core   0: 0x80000fc8 (0xaaaabf37) lui     t5, 0xaaaab
core   0: 3 0x80000fc8 (0xaaaabf37) x30 0xaaaab000
core   0: 0x80000fcc (0xaaaf0f13) addi    t5, t5, -1366
core   0: 3 0x80000fcc (0xaaaf0f13) x30 0xaaaaaaaa
core   0: 0x80000fd0 (0x0000beb7) lui     t4, 0xb
core   0: 3 0x80000fd0 (0x0000beb7) x29 0x0000b000
core   0: 0x80000fd4 (0x503e8e93) addi    t4, t4, 1283
core   0: 3 0x80000fd4 (0x503e8e93) x29 0x0000b503
core   0: 0x80000fd8 (0x03df5fb3) divu    t6, t5, t4
core   0: 3 0x80000fd8 (0x03df5fb3) x31 0x0000f15e
core   0: 0x80000fdc (0x2bf42223) sw      t6, 676(s0)
core   0: 3 0x80000fdc (0x2bf42223) mem 0x80006410 0x0000f15e
core   0: 0x80000fe0 (0xaaaabf37) lui     t5, 0xaaaab
core   0: 3 0x80000fe0 (0xaaaabf37) x30 0xaaaab000
core   0: 0x80000fe4 (0xaaaf0f13) addi    t5, t5, -1366
core   0: 3 0x80000fe4 (0xaaaf0f13) x30 0xaaaaaaaa
core   0: 0x80000fe8 (0x00000e93) li      t4, 0
core   0: 3 0x80000fe8 (0x00000e93) x29 0x00000000
core   0: 0x80000fec (0x03df5fb3) divu    t6, t5, t4
core   0: 3 0x80000fec (0x03df5fb3) x31 0xffffffff
core   0: 0x80000ff0 (0x2bf42423) sw      t6, 680(s0)
core   0: 3 0x80000ff0 (0x2bf42423) mem 0x80006414 0xffffffff
core   0: 0x80000ff4 (0xaaaabf37) lui     t5, 0xaaaab
core   0: 3 0x80000ff4 (0xaaaabf37) x30 0xaaaab000
core   0: 0x80000ff8 (0xaaaf0f13) addi    t5, t5, -1366
core   0: 3 0x80000ff8 (0xaaaf0f13) x30 0xaaaaaaaa
core   0: 0x80000ffc (0x00010eb7) lui     t4, 0x10
core   0: 3 0x80000ffc (0x00010eb7) x29 0x00010000
core   0: 0x80001000 (0xffee8e93) addi    t4, t4, -2
core   0: 3 0x80001000 (0xffee8e93) x29 0x0000fffe
core   0: 0x80001004 (0x03df5fb3) divu    t6, t5, t4
core   0: 3 0x80001004 (0x03df5fb3) x31 0x0000aaac
core   0: 0x80001008 (0x2bf42623) sw      t6, 684(s0)
core   0: 3 0x80001008 (0x2bf42623) mem 0x80006418 0x0000aaac
core   0: 0x8000100c (0xaaaabf37) lui     t5, 0xaaaab
core   0: 3 0x8000100c (0xaaaabf37) x30 0xaaaab000
core   0: 0x80001010 (0xaaaf0f13) addi    t5, t5, -1366
core   0: 3 0x80001010 (0xaaaf0f13) x30 0xaaaaaaaa
core   0: 0x80001014 (0x00400e93) li      t4, 4
core   0: 3 0x80001014 (0x00400e93) x29 0x00000004
core   0: 0x80001018 (0x03df5fb3) divu    t6, t5, t4
core   0: 3 0x80001018 (0x03df5fb3) x31 0x2aaaaaaa
core   0: 0x8000101c (0x2bf42823) sw      t6, 688(s0)
core   0: 3 0x8000101c (0x2bf42823) mem 0x8000641c 0x2aaaaaaa
core   0: 0x80001020 (0xaaaabf37) lui     t5, 0xaaaab
core   0: 3 0x80001020 (0xaaaabf37) x30 0xaaaab000
core   0: 0x80001024 (0xaaaf0f13) addi    t5, t5, -1366
core   0: 3 0x80001024 (0xaaaf0f13) x30 0xaaaaaaaa
core   0: 0x80001028 (0x55555eb7) lui     t4, 0x55555
core   0: 3 0x80001028 (0x55555eb7) x29 0x55555000
core   0: 0x8000102c (0x556e8e93) addi    t4, t4, 1366
core   0: 3 0x8000102c (0x556e8e93) x29 0x55555556
core   0: 0x80001030 (0x03df5fb3) divu    t6, t5, t4
core   0: 3 0x80001030 (0x03df5fb3) x31 0x00000001
core   0: 0x80001034 (0x2bf42a23) sw      t6, 692(s0)
core   0: 3 0x80001034 (0x2bf42a23) mem 0x80006420 0x00000001
core   0: 0x80001038 (0xaaaabf37) lui     t5, 0xaaaab
core   0: 3 0x80001038 (0xaaaabf37) x30 0xaaaab000
core   0: 0x8000103c (0xaaaf0f13) addi    t5, t5, -1366
core   0: 3 0x8000103c (0xaaaf0f13) x30 0xaaaaaaaa
core   0: 0x80001040 (0xaaaabeb7) lui     t4, 0xaaaab
core   0: 3 0x80001040 (0xaaaabeb7) x29 0xaaaab000
core   0: 0x80001044 (0xaabe8e93) addi    t4, t4, -1365
core   0: 3 0x80001044 (0xaabe8e93) x29 0xaaaaaaab
core   0: 0x80001048 (0x03df5fb3) divu    t6, t5, t4
core   0: 3 0x80001048 (0x03df5fb3) x31 0x00000000
core   0: 0x8000104c (0x2bf42c23) sw      t6, 696(s0)
core   0: 3 0x8000104c (0x2bf42c23) mem 0x80006424 0x00000000
core   0: 0x80001050 (0xaaaabf37) lui     t5, 0xaaaab
core   0: 3 0x80001050 (0xaaaabf37) x30 0xaaaab000
core   0: 0x80001054 (0xaaaf0f13) addi    t5, t5, -1366
core   0: 3 0x80001054 (0xaaaf0f13) x30 0xaaaaaaaa
core   0: 0x80001058 (0x00600e93) li      t4, 6
core   0: 3 0x80001058 (0x00600e93) x29 0x00000006
core   0: 0x8000105c (0x03df5fb3) divu    t6, t5, t4
core   0: 3 0x8000105c (0x03df5fb3) x31 0x1c71c71c
core   0: 0x80001060 (0x2bf42e23) sw      t6, 700(s0)
core   0: 3 0x80001060 (0x2bf42e23) mem 0x80006428 0x1c71c71c
core   0: 0x80001064 (0xaaaabf37) lui     t5, 0xaaaab
core   0: 3 0x80001064 (0xaaaabf37) x30 0xaaaab000
core   0: 0x80001068 (0xaaaf0f13) addi    t5, t5, -1366
core   0: 3 0x80001068 (0xaaaf0f13) x30 0xaaaaaaaa
core   0: 0x8000106c (0x33333eb7) lui     t4, 0x33333
core   0: 3 0x8000106c (0x33333eb7) x29 0x33333000
core   0: 0x80001070 (0x334e8e93) addi    t4, t4, 820
core   0: 3 0x80001070 (0x334e8e93) x29 0x33333334
core   0: 0x80001074 (0x03df5fb3) divu    t6, t5, t4
core   0: 3 0x80001074 (0x03df5fb3) x31 0x00000003
core   0: 0x80001078 (0x2df42023) sw      t6, 704(s0)
core   0: 3 0x80001078 (0x2df42023) mem 0x8000642c 0x00000003
core   0: 0x8000107c (0xaaaabf37) lui     t5, 0xaaaab
core   0: 3 0x8000107c (0xaaaabf37) x30 0xaaaab000
core   0: 0x80001080 (0xaaaf0f13) addi    t5, t5, -1366
core   0: 3 0x80001080 (0xaaaf0f13) x30 0xaaaaaaaa
core   0: 0x80001084 (0x66666eb7) lui     t4, 0x66666
core   0: 3 0x80001084 (0x66666eb7) x29 0x66666000
core   0: 0x80001088 (0x667e8e93) addi    t4, t4, 1639
core   0: 3 0x80001088 (0x667e8e93) x29 0x66666667
core   0: 0x8000108c (0x03df5fb3) divu    t6, t5, t4
core   0: 3 0x8000108c (0x03df5fb3) x31 0x00000001
core   0: 0x80001090 (0x2df42223) sw      t6, 708(s0)
core   0: 3 0x80001090 (0x2df42223) mem 0x80006430 0x00000001
core   0: 0x80001094 (0xaaaabf37) lui     t5, 0xaaaab
core   0: 3 0x80001094 (0xaaaabf37) x30 0xaaaab000
core   0: 0x80001098 (0xaaaf0f13) addi    t5, t5, -1366
core   0: 3 0x80001098 (0xaaaf0f13) x30 0xaaaaaaaa
core   0: 0x8000109c (0x0000beb7) lui     t4, 0xb
core   0: 3 0x8000109c (0x0000beb7) x29 0x0000b000
core   0: 0x800010a0 (0x505e8e93) addi    t4, t4, 1285
core   0: 3 0x800010a0 (0x505e8e93) x29 0x0000b505
core   0: 0x800010a4 (0x03df5fb3) divu    t6, t5, t4
core   0: 3 0x800010a4 (0x03df5fb3) x31 0x0000f15b
core   0: 0x800010a8 (0x2df42423) sw      t6, 712(s0)
core   0: 3 0x800010a8 (0x2df42423) mem 0x80006434 0x0000f15b
core   0: 0x800010ac (0xaaaabf37) lui     t5, 0xaaaab
core   0: 3 0x800010ac (0xaaaabf37) x30 0xaaaab000
core   0: 0x800010b0 (0xaaaf0f13) addi    t5, t5, -1366
core   0: 3 0x800010b0 (0xaaaf0f13) x30 0xaaaaaaaa
core   0: 0x800010b4 (0x00100e93) li      t4, 1
core   0: 3 0x800010b4 (0x00100e93) x29 0x00000001
core   0: 0x800010b8 (0x03df5fb3) divu    t6, t5, t4
core   0: 3 0x800010b8 (0x03df5fb3) x31 0xaaaaaaaa
core   0: 0x800010bc (0x2df42623) sw      t6, 716(s0)
core   0: 3 0x800010bc (0x2df42623) mem 0x80006438 0xaaaaaaaa
core   0: 0x800010c0 (0x00500f13) li      t5, 5
core   0: 3 0x800010c0 (0x00500f13) x30 0x00000005
core   0: 0x800010c4 (0x00300e93) li      t4, 3
core   0: 3 0x800010c4 (0x00300e93) x29 0x00000003
core   0: 0x800010c8 (0x03df5fb3) divu    t6, t5, t4
core   0: 3 0x800010c8 (0x03df5fb3) x31 0x00000001
core   0: 0x800010cc (0x2df42823) sw      t6, 720(s0)
core   0: 3 0x800010cc (0x2df42823) mem 0x8000643c 0x00000001
core   0: 0x800010d0 (0x00500f13) li      t5, 5
core   0: 3 0x800010d0 (0x00500f13) x30 0x00000005
core   0: 0x800010d4 (0x55555eb7) lui     t4, 0x55555
core   0: 3 0x800010d4 (0x55555eb7) x29 0x55555000
core   0: 0x800010d8 (0x555e8e93) addi    t4, t4, 1365
core   0: 3 0x800010d8 (0x555e8e93) x29 0x55555555
core   0: 0x800010dc (0x03df5fb3) divu    t6, t5, t4
core   0: 3 0x800010dc (0x03df5fb3) x31 0x00000000
core   0: 0x800010e0 (0x2df42a23) sw      t6, 724(s0)
core   0: 3 0x800010e0 (0x2df42a23) mem 0x80006440 0x00000000
core   0: 0x800010e4 (0x00500f13) li      t5, 5
core   0: 3 0x800010e4 (0x00500f13) x30 0x00000005
core   0: 0x800010e8 (0xaaaabeb7) lui     t4, 0xaaaab
core   0: 3 0x800010e8 (0xaaaabeb7) x29 0xaaaab000
core   0: 0x800010ec (0xaaae8e93) addi    t4, t4, -1366
core   0: 3 0x800010ec (0xaaae8e93) x29 0xaaaaaaaa
core   0: 0x800010f0 (0x03df5fb3) divu    t6, t5, t4
core   0: 3 0x800010f0 (0x03df5fb3) x31 0x00000000
core   0: 0x800010f4 (0x2df42c23) sw      t6, 728(s0)
core   0: 3 0x800010f4 (0x2df42c23) mem 0x80006444 0x00000000
core   0: 0x800010f8 (0x00500f13) li      t5, 5
core   0: 3 0x800010f8 (0x00500f13) x30 0x00000005
core   0: 0x800010fc (0x00500e93) li      t4, 5
core   0: 3 0x800010fc (0x00500e93) x29 0x00000005
core   0: 0x80001100 (0x03df5fb3) divu    t6, t5, t4
core   0: 3 0x80001100 (0x03df5fb3) x31 0x00000001
core   0: 0x80001104 (0x2df42e23) sw      t6, 732(s0)
core   0: 3 0x80001104 (0x2df42e23) mem 0x80006448 0x00000001
core   0: 0x80001108 (0x00500f13) li      t5, 5
core   0: 3 0x80001108 (0x00500f13) x30 0x00000005
core   0: 0x8000110c (0x33333eb7) lui     t4, 0x33333
core   0: 3 0x8000110c (0x33333eb7) x29 0x33333000
core   0: 0x80001110 (0x333e8e93) addi    t4, t4, 819
core   0: 3 0x80001110 (0x333e8e93) x29 0x33333333
core   0: 0x80001114 (0x03df5fb3) divu    t6, t5, t4
core   0: 3 0x80001114 (0x03df5fb3) x31 0x00000000
core   0: 0x80001118 (0x2ff42023) sw      t6, 736(s0)
core   0: 3 0x80001118 (0x2ff42023) mem 0x8000644c 0x00000000
core   0: 0x8000111c (0x00500f13) li      t5, 5
core   0: 3 0x8000111c (0x00500f13) x30 0x00000005
core   0: 0x80001120 (0x66666eb7) lui     t4, 0x66666
core   0: 3 0x80001120 (0x66666eb7) x29 0x66666000
core   0: 0x80001124 (0x666e8e93) addi    t4, t4, 1638
core   0: 3 0x80001124 (0x666e8e93) x29 0x66666666
core   0: 0x80001128 (0x03df5fb3) divu    t6, t5, t4
core   0: 3 0x80001128 (0x03df5fb3) x31 0x00000000
core   0: 0x8000112c (0x2ff42223) sw      t6, 740(s0)
core   0: 3 0x8000112c (0x2ff42223) mem 0x80006450 0x00000000
core   0: 0x80001130 (0x00500f13) li      t5, 5
core   0: 3 0x80001130 (0x00500f13) x30 0x00000005
core   0: 0x80001134 (0x0000beb7) lui     t4, 0xb
core   0: 3 0x80001134 (0x0000beb7) x29 0x0000b000
core   0: 0x80001138 (0x504e8e93) addi    t4, t4, 1284
core   0: 3 0x80001138 (0x504e8e93) x29 0x0000b504
core   0: 0x8000113c (0x03df5fb3) divu    t6, t5, t4
core   0: 3 0x8000113c (0x03df5fb3) x31 0x00000000
core   0: 0x80001140 (0x2ff42423) sw      t6, 744(s0)
core   0: 3 0x80001140 (0x2ff42423) mem 0x80006454 0x00000000
core   0: 0x80001144 (0x00500f13) li      t5, 5
core   0: 3 0x80001144 (0x00500f13) x30 0x00000005
core   0: 0x80001148 (0x00010eb7) lui     t4, 0x10
core   0: 3 0x80001148 (0x00010eb7) x29 0x00010000
core   0: 0x8000114c (0xfffe8e93) addi    t4, t4, -1
core   0: 3 0x8000114c (0xfffe8e93) x29 0x0000ffff
core   0: 0x80001150 (0x03df5fb3) divu    t6, t5, t4
core   0: 3 0x80001150 (0x03df5fb3) x31 0x00000000
core   0: 0x80001154 (0x2ff42623) sw      t6, 748(s0)
core   0: 3 0x80001154 (0x2ff42623) mem 0x80006458 0x00000000
core   0: 0x80001158 (0x00500f13) li      t5, 5
core   0: 3 0x80001158 (0x00500f13) x30 0x00000005
core   0: 0x8000115c (0x00200e93) li      t4, 2
core   0: 3 0x8000115c (0x00200e93) x29 0x00000002
core   0: 0x80001160 (0x03df5fb3) divu    t6, t5, t4
core   0: 3 0x80001160 (0x03df5fb3) x31 0x00000002
core   0: 0x80001164 (0x2ff42823) sw      t6, 752(s0)
core   0: 3 0x80001164 (0x2ff42823) mem 0x8000645c 0x00000002
core   0: 0x80001168 (0x00500f13) li      t5, 5
core   0: 3 0x80001168 (0x00500f13) x30 0x00000005
core   0: 0x8000116c (0x55555eb7) lui     t4, 0x55555
core   0: 3 0x8000116c (0x55555eb7) x29 0x55555000
core   0: 0x80001170 (0x554e8e93) addi    t4, t4, 1364
core   0: 3 0x80001170 (0x554e8e93) x29 0x55555554
core   0: 0x80001174 (0x03df5fb3) divu    t6, t5, t4
core   0: 3 0x80001174 (0x03df5fb3) x31 0x00000000
core   0: 0x80001178 (0x2ff42a23) sw      t6, 756(s0)
core   0: 3 0x80001178 (0x2ff42a23) mem 0x80006460 0x00000000
core   0: 0x8000117c (0x00500f13) li      t5, 5
core   0: 3 0x8000117c (0x00500f13) x30 0x00000005
core   0: 0x80001180 (0xaaaabeb7) lui     t4, 0xaaaab
core   0: 3 0x80001180 (0xaaaabeb7) x29 0xaaaab000
core   0: 0x80001184 (0xaa9e8e93) addi    t4, t4, -1367
core   0: 3 0x80001184 (0xaa9e8e93) x29 0xaaaaaaa9
core   0: 0x80001188 (0x03df5fb3) divu    t6, t5, t4
core   0: 3 0x80001188 (0x03df5fb3) x31 0x00000000
core   0: 0x8000118c (0x2ff42c23) sw      t6, 760(s0)
core   0: 3 0x8000118c (0x2ff42c23) mem 0x80006464 0x00000000
core   0: 0x80001190 (0x00500f13) li      t5, 5
core   0: 3 0x80001190 (0x00500f13) x30 0x00000005
core   0: 0x80001194 (0x33333eb7) lui     t4, 0x33333
core   0: 3 0x80001194 (0x33333eb7) x29 0x33333000
core   0: 0x80001198 (0x332e8e93) addi    t4, t4, 818
core   0: 3 0x80001198 (0x332e8e93) x29 0x33333332
core   0: 0x8000119c (0x03df5fb3) divu    t6, t5, t4
core   0: 3 0x8000119c (0x03df5fb3) x31 0x00000000
core   0: 0x800011a0 (0x2ff42e23) sw      t6, 764(s0)
core   0: 3 0x800011a0 (0x2ff42e23) mem 0x80006468 0x00000000
core   0: 0x800011a4 (0x00500f13) li      t5, 5
core   0: 3 0x800011a4 (0x00500f13) x30 0x00000005
core   0: 0x800011a8 (0x66666eb7) lui     t4, 0x66666
core   0: 3 0x800011a8 (0x66666eb7) x29 0x66666000
core   0: 0x800011ac (0x665e8e93) addi    t4, t4, 1637
core   0: 3 0x800011ac (0x665e8e93) x29 0x66666665
core   0: 0x800011b0 (0x03df5fb3) divu    t6, t5, t4
core   0: 3 0x800011b0 (0x03df5fb3) x31 0x00000000
core   0: 0x800011b4 (0x31f42023) sw      t6, 768(s0)
core   0: 3 0x800011b4 (0x31f42023) mem 0x8000646c 0x00000000
core   0: 0x800011b8 (0x00500f13) li      t5, 5
core   0: 3 0x800011b8 (0x00500f13) x30 0x00000005
core   0: 0x800011bc (0x0000beb7) lui     t4, 0xb
core   0: 3 0x800011bc (0x0000beb7) x29 0x0000b000
core   0: 0x800011c0 (0x503e8e93) addi    t4, t4, 1283
core   0: 3 0x800011c0 (0x503e8e93) x29 0x0000b503
core   0: 0x800011c4 (0x03df5fb3) divu    t6, t5, t4
core   0: 3 0x800011c4 (0x03df5fb3) x31 0x00000000
core   0: 0x800011c8 (0x31f42223) sw      t6, 772(s0)
core   0: 3 0x800011c8 (0x31f42223) mem 0x80006470 0x00000000
core   0: 0x800011cc (0x00500f13) li      t5, 5
core   0: 3 0x800011cc (0x00500f13) x30 0x00000005
core   0: 0x800011d0 (0x00000e93) li      t4, 0
core   0: 3 0x800011d0 (0x00000e93) x29 0x00000000
core   0: 0x800011d4 (0x03df5fb3) divu    t6, t5, t4
core   0: 3 0x800011d4 (0x03df5fb3) x31 0xffffffff
core   0: 0x800011d8 (0x31f42423) sw      t6, 776(s0)
core   0: 3 0x800011d8 (0x31f42423) mem 0x80006474 0xffffffff
core   0: 0x800011dc (0x00500f13) li      t5, 5
core   0: 3 0x800011dc (0x00500f13) x30 0x00000005
core   0: 0x800011e0 (0x00010eb7) lui     t4, 0x10
core   0: 3 0x800011e0 (0x00010eb7) x29 0x00010000
core   0: 0x800011e4 (0xffee8e93) addi    t4, t4, -2
core   0: 3 0x800011e4 (0xffee8e93) x29 0x0000fffe
core   0: 0x800011e8 (0x03df5fb3) divu    t6, t5, t4
core   0: 3 0x800011e8 (0x03df5fb3) x31 0x00000000
core   0: 0x800011ec (0x31f42623) sw      t6, 780(s0)
core   0: 3 0x800011ec (0x31f42623) mem 0x80006478 0x00000000
core   0: 0x800011f0 (0x00500f13) li      t5, 5
core   0: 3 0x800011f0 (0x00500f13) x30 0x00000005
core   0: 0x800011f4 (0x00400e93) li      t4, 4
core   0: 3 0x800011f4 (0x00400e93) x29 0x00000004
core   0: 0x800011f8 (0x03df5fb3) divu    t6, t5, t4
core   0: 3 0x800011f8 (0x03df5fb3) x31 0x00000001
core   0: 0x800011fc (0x31f42823) sw      t6, 784(s0)
core   0: 3 0x800011fc (0x31f42823) mem 0x8000647c 0x00000001
core   0: 0x80001200 (0x00500f13) li      t5, 5
core   0: 3 0x80001200 (0x00500f13) x30 0x00000005
core   0: 0x80001204 (0x55555eb7) lui     t4, 0x55555
core   0: 3 0x80001204 (0x55555eb7) x29 0x55555000
core   0: 0x80001208 (0x556e8e93) addi    t4, t4, 1366
core   0: 3 0x80001208 (0x556e8e93) x29 0x55555556
core   0: 0x8000120c (0x03df5fb3) divu    t6, t5, t4
core   0: 3 0x8000120c (0x03df5fb3) x31 0x00000000
core   0: 0x80001210 (0x31f42a23) sw      t6, 788(s0)
core   0: 3 0x80001210 (0x31f42a23) mem 0x80006480 0x00000000
core   0: 0x80001214 (0x00500f13) li      t5, 5
core   0: 3 0x80001214 (0x00500f13) x30 0x00000005
core   0: 0x80001218 (0xaaaabeb7) lui     t4, 0xaaaab
core   0: 3 0x80001218 (0xaaaabeb7) x29 0xaaaab000
core   0: 0x8000121c (0xaabe8e93) addi    t4, t4, -1365
core   0: 3 0x8000121c (0xaabe8e93) x29 0xaaaaaaab
core   0: 0x80001220 (0x03df5fb3) divu    t6, t5, t4
core   0: 3 0x80001220 (0x03df5fb3) x31 0x00000000
core   0: 0x80001224 (0x31f42c23) sw      t6, 792(s0)
core   0: 3 0x80001224 (0x31f42c23) mem 0x80006484 0x00000000
core   0: 0x80001228 (0x00500f13) li      t5, 5
core   0: 3 0x80001228 (0x00500f13) x30 0x00000005
core   0: 0x8000122c (0x00600e93) li      t4, 6
core   0: 3 0x8000122c (0x00600e93) x29 0x00000006
core   0: 0x80001230 (0x03df5fb3) divu    t6, t5, t4
core   0: 3 0x80001230 (0x03df5fb3) x31 0x00000000
core   0: 0x80001234 (0x31f42e23) sw      t6, 796(s0)
core   0: 3 0x80001234 (0x31f42e23) mem 0x80006488 0x00000000
core   0: 0x80001238 (0x00500f13) li      t5, 5
core   0: 3 0x80001238 (0x00500f13) x30 0x00000005
core   0: 0x8000123c (0x33333eb7) lui     t4, 0x33333
core   0: 3 0x8000123c (0x33333eb7) x29 0x33333000
core   0: 0x80001240 (0x334e8e93) addi    t4, t4, 820
core   0: 3 0x80001240 (0x334e8e93) x29 0x33333334
core   0: 0x80001244 (0x03df5fb3) divu    t6, t5, t4
core   0: 3 0x80001244 (0x03df5fb3) x31 0x00000000
core   0: 0x80001248 (0x33f42023) sw      t6, 800(s0)
core   0: 3 0x80001248 (0x33f42023) mem 0x8000648c 0x00000000
core   0: 0x8000124c (0x00500f13) li      t5, 5
core   0: 3 0x8000124c (0x00500f13) x30 0x00000005
core   0: 0x80001250 (0x66666eb7) lui     t4, 0x66666
core   0: 3 0x80001250 (0x66666eb7) x29 0x66666000
core   0: 0x80001254 (0x667e8e93) addi    t4, t4, 1639
core   0: 3 0x80001254 (0x667e8e93) x29 0x66666667
core   0: 0x80001258 (0x03df5fb3) divu    t6, t5, t4
core   0: 3 0x80001258 (0x03df5fb3) x31 0x00000000
core   0: 0x8000125c (0x33f42223) sw      t6, 804(s0)
core   0: 3 0x8000125c (0x33f42223) mem 0x80006490 0x00000000
core   0: 0x80001260 (0x00500f13) li      t5, 5
core   0: 3 0x80001260 (0x00500f13) x30 0x00000005
core   0: 0x80001264 (0x0000beb7) lui     t4, 0xb
core   0: 3 0x80001264 (0x0000beb7) x29 0x0000b000
core   0: 0x80001268 (0x505e8e93) addi    t4, t4, 1285
core   0: 3 0x80001268 (0x505e8e93) x29 0x0000b505
core   0: 0x8000126c (0x03df5fb3) divu    t6, t5, t4
core   0: 3 0x8000126c (0x03df5fb3) x31 0x00000000
core   0: 0x80001270 (0x33f42423) sw      t6, 808(s0)
core   0: 3 0x80001270 (0x33f42423) mem 0x80006494 0x00000000
core   0: 0x80001274 (0x00500f13) li      t5, 5
core   0: 3 0x80001274 (0x00500f13) x30 0x00000005
core   0: 0x80001278 (0x00100e93) li      t4, 1
core   0: 3 0x80001278 (0x00100e93) x29 0x00000001
core   0: 0x8000127c (0x03df5fb3) divu    t6, t5, t4
core   0: 3 0x8000127c (0x03df5fb3) x31 0x00000005
core   0: 0x80001280 (0x33f42623) sw      t6, 812(s0)
core   0: 3 0x80001280 (0x33f42623) mem 0x80006498 0x00000005
core   0: 0x80001284 (0x00500f13) li      t5, 5
core   0: 3 0x80001284 (0x00500f13) x30 0x00000005
core   0: 0x80001288 (0x00010eb7) lui     t4, 0x10
core   0: 3 0x80001288 (0x00010eb7) x29 0x00010000
core   0: 0x8000128c (0x03df5fb3) divu    t6, t5, t4
core   0: 3 0x8000128c (0x03df5fb3) x31 0x00000000
core   0: 0x80001290 (0x33f42823) sw      t6, 816(s0)
core   0: 3 0x80001290 (0x33f42823) mem 0x8000649c 0x00000000
core   0: 0x80001294 (0x33333f37) lui     t5, 0x33333
core   0: 3 0x80001294 (0x33333f37) x30 0x33333000
core   0: 0x80001298 (0x333f0f13) addi    t5, t5, 819
core   0: 3 0x80001298 (0x333f0f13) x30 0x33333333
core   0: 0x8000129c (0x00300e93) li      t4, 3
core   0: 3 0x8000129c (0x00300e93) x29 0x00000003
core   0: 0x800012a0 (0x03df5fb3) divu    t6, t5, t4
core   0: 3 0x800012a0 (0x03df5fb3) x31 0x11111111
core   0: 0x800012a4 (0x33f42a23) sw      t6, 820(s0)
core   0: 3 0x800012a4 (0x33f42a23) mem 0x800064a0 0x11111111
core   0: 0x800012a8 (0x33333f37) lui     t5, 0x33333
core   0: 3 0x800012a8 (0x33333f37) x30 0x33333000
core   0: 0x800012ac (0x333f0f13) addi    t5, t5, 819
core   0: 3 0x800012ac (0x333f0f13) x30 0x33333333
core   0: 0x800012b0 (0x55555eb7) lui     t4, 0x55555
core   0: 3 0x800012b0 (0x55555eb7) x29 0x55555000
core   0: 0x800012b4 (0x555e8e93) addi    t4, t4, 1365
core   0: 3 0x800012b4 (0x555e8e93) x29 0x55555555
core   0: 0x800012b8 (0x03df5fb3) divu    t6, t5, t4
core   0: 3 0x800012b8 (0x03df5fb3) x31 0x00000000
core   0: 0x800012bc (0x33f42c23) sw      t6, 824(s0)
core   0: 3 0x800012bc (0x33f42c23) mem 0x800064a4 0x00000000
core   0: 0x800012c0 (0x33333f37) lui     t5, 0x33333
core   0: 3 0x800012c0 (0x33333f37) x30 0x33333000
core   0: 0x800012c4 (0x333f0f13) addi    t5, t5, 819
core   0: 3 0x800012c4 (0x333f0f13) x30 0x33333333
core   0: 0x800012c8 (0xaaaabeb7) lui     t4, 0xaaaab
core   0: 3 0x800012c8 (0xaaaabeb7) x29 0xaaaab000
core   0: 0x800012cc (0xaaae8e93) addi    t4, t4, -1366
core   0: 3 0x800012cc (0xaaae8e93) x29 0xaaaaaaaa
core   0: 0x800012d0 (0x03df5fb3) divu    t6, t5, t4
core   0: 3 0x800012d0 (0x03df5fb3) x31 0x00000000
core   0: 0x800012d4 (0x33f42e23) sw      t6, 828(s0)
core   0: 3 0x800012d4 (0x33f42e23) mem 0x800064a8 0x00000000
core   0: 0x800012d8 (0x33333f37) lui     t5, 0x33333
core   0: 3 0x800012d8 (0x33333f37) x30 0x33333000
core   0: 0x800012dc (0x333f0f13) addi    t5, t5, 819
core   0: 3 0x800012dc (0x333f0f13) x30 0x33333333
core   0: 0x800012e0 (0x00500e93) li      t4, 5
core   0: 3 0x800012e0 (0x00500e93) x29 0x00000005
core   0: 0x800012e4 (0x03df5fb3) divu    t6, t5, t4
core   0: 3 0x800012e4 (0x03df5fb3) x31 0x0a3d70a3
core   0: 0x800012e8 (0x35f42023) sw      t6, 832(s0)
core   0: 3 0x800012e8 (0x35f42023) mem 0x800064ac 0x0a3d70a3
core   0: 0x800012ec (0x33333f37) lui     t5, 0x33333
core   0: 3 0x800012ec (0x33333f37) x30 0x33333000
core   0: 0x800012f0 (0x333f0f13) addi    t5, t5, 819
core   0: 3 0x800012f0 (0x333f0f13) x30 0x33333333
core   0: 0x800012f4 (0x33333eb7) lui     t4, 0x33333
core   0: 3 0x800012f4 (0x33333eb7) x29 0x33333000
core   0: 0x800012f8 (0x333e8e93) addi    t4, t4, 819
core   0: 3 0x800012f8 (0x333e8e93) x29 0x33333333
core   0: 0x800012fc (0x03df5fb3) divu    t6, t5, t4
core   0: 3 0x800012fc (0x03df5fb3) x31 0x00000001
core   0: 0x80001300 (0x35f42223) sw      t6, 836(s0)
core   0: 3 0x80001300 (0x35f42223) mem 0x800064b0 0x00000001
core   0: 0x80001304 (0x33333f37) lui     t5, 0x33333
core   0: 3 0x80001304 (0x33333f37) x30 0x33333000
core   0: 0x80001308 (0x333f0f13) addi    t5, t5, 819
core   0: 3 0x80001308 (0x333f0f13) x30 0x33333333
core   0: 0x8000130c (0x66666eb7) lui     t4, 0x66666
core   0: 3 0x8000130c (0x66666eb7) x29 0x66666000
core   0: 0x80001310 (0x666e8e93) addi    t4, t4, 1638
core   0: 3 0x80001310 (0x666e8e93) x29 0x66666666
core   0: 0x80001314 (0x03df5fb3) divu    t6, t5, t4
core   0: 3 0x80001314 (0x03df5fb3) x31 0x00000000
core   0: 0x80001318 (0x35f42423) sw      t6, 840(s0)
core   0: 3 0x80001318 (0x35f42423) mem 0x800064b4 0x00000000
core   0: 0x8000131c (0x33333f37) lui     t5, 0x33333
core   0: 3 0x8000131c (0x33333f37) x30 0x33333000
core   0: 0x80001320 (0x333f0f13) addi    t5, t5, 819
core   0: 3 0x80001320 (0x333f0f13) x30 0x33333333
core   0: 0x80001324 (0x0000beb7) lui     t4, 0xb
core   0: 3 0x80001324 (0x0000beb7) x29 0x0000b000
core   0: 0x80001328 (0x504e8e93) addi    t4, t4, 1284
core   0: 3 0x80001328 (0x504e8e93) x29 0x0000b504
core   0: 0x8000132c (0x03df5fb3) divu    t6, t5, t4
core   0: 3 0x8000132c (0x03df5fb3) x31 0x00004868
core   0: 0x80001330 (0x35f42623) sw      t6, 844(s0)
core   0: 3 0x80001330 (0x35f42623) mem 0x800064b8 0x00004868
core   0: 0x80001334 (0x33333f37) lui     t5, 0x33333
core   0: 3 0x80001334 (0x33333f37) x30 0x33333000
core   0: 0x80001338 (0x333f0f13) addi    t5, t5, 819
core   0: 3 0x80001338 (0x333f0f13) x30 0x33333333
core   0: 0x8000133c (0x00010eb7) lui     t4, 0x10
core   0: 3 0x8000133c (0x00010eb7) x29 0x00010000
core   0: 0x80001340 (0xfffe8e93) addi    t4, t4, -1
core   0: 3 0x80001340 (0xfffe8e93) x29 0x0000ffff
core   0: 0x80001344 (0x03df5fb3) divu    t6, t5, t4
core   0: 3 0x80001344 (0x03df5fb3) x31 0x00003333
core   0: 0x80001348 (0x35f42823) sw      t6, 848(s0)
core   0: 3 0x80001348 (0x35f42823) mem 0x800064bc 0x00003333
core   0: 0x8000134c (0x33333f37) lui     t5, 0x33333
core   0: 3 0x8000134c (0x33333f37) x30 0x33333000
core   0: 0x80001350 (0x333f0f13) addi    t5, t5, 819
core   0: 3 0x80001350 (0x333f0f13) x30 0x33333333
core   0: 0x80001354 (0x00200e93) li      t4, 2
core   0: 3 0x80001354 (0x00200e93) x29 0x00000002
core   0: 0x80001358 (0x03df5fb3) divu    t6, t5, t4
core   0: 3 0x80001358 (0x03df5fb3) x31 0x19999999
core   0: 0x8000135c (0x35f42a23) sw      t6, 852(s0)
core   0: 3 0x8000135c (0x35f42a23) mem 0x800064c0 0x19999999
core   0: 0x80001360 (0x33333f37) lui     t5, 0x33333
core   0: 3 0x80001360 (0x33333f37) x30 0x33333000
core   0: 0x80001364 (0x333f0f13) addi    t5, t5, 819
core   0: 3 0x80001364 (0x333f0f13) x30 0x33333333
core   0: 0x80001368 (0x55555eb7) lui     t4, 0x55555
core   0: 3 0x80001368 (0x55555eb7) x29 0x55555000
core   0: 0x8000136c (0x554e8e93) addi    t4, t4, 1364
core   0: 3 0x8000136c (0x554e8e93) x29 0x55555554
core   0: 0x80001370 (0x03df5fb3) divu    t6, t5, t4
core   0: 3 0x80001370 (0x03df5fb3) x31 0x00000000
core   0: 0x80001374 (0x35f42c23) sw      t6, 856(s0)
core   0: 3 0x80001374 (0x35f42c23) mem 0x800064c4 0x00000000
core   0: 0x80001378 (0x33333f37) lui     t5, 0x33333
core   0: 3 0x80001378 (0x33333f37) x30 0x33333000
core   0: 0x8000137c (0x333f0f13) addi    t5, t5, 819
core   0: 3 0x8000137c (0x333f0f13) x30 0x33333333
core   0: 0x80001380 (0xaaaabeb7) lui     t4, 0xaaaab
core   0: 3 0x80001380 (0xaaaabeb7) x29 0xaaaab000
core   0: 0x80001384 (0xaa9e8e93) addi    t4, t4, -1367
core   0: 3 0x80001384 (0xaa9e8e93) x29 0xaaaaaaa9
core   0: 0x80001388 (0x03df5fb3) divu    t6, t5, t4
core   0: 3 0x80001388 (0x03df5fb3) x31 0x00000000
core   0: 0x8000138c (0x35f42e23) sw      t6, 860(s0)
core   0: 3 0x8000138c (0x35f42e23) mem 0x800064c8 0x00000000
core   0: 0x80001390 (0x33333f37) lui     t5, 0x33333
core   0: 3 0x80001390 (0x33333f37) x30 0x33333000
core   0: 0x80001394 (0x333f0f13) addi    t5, t5, 819
core   0: 3 0x80001394 (0x333f0f13) x30 0x33333333
core   0: 0x80001398 (0x33333eb7) lui     t4, 0x33333
core   0: 3 0x80001398 (0x33333eb7) x29 0x33333000
core   0: 0x8000139c (0x332e8e93) addi    t4, t4, 818
core   0: 3 0x8000139c (0x332e8e93) x29 0x33333332
core   0: 0x800013a0 (0x03df5fb3) divu    t6, t5, t4
core   0: 3 0x800013a0 (0x03df5fb3) x31 0x00000001
core   0: 0x800013a4 (0x37f42023) sw      t6, 864(s0)
core   0: 3 0x800013a4 (0x37f42023) mem 0x800064cc 0x00000001
core   0: 0x800013a8 (0x33333f37) lui     t5, 0x33333
core   0: 3 0x800013a8 (0x33333f37) x30 0x33333000
core   0: 0x800013ac (0x333f0f13) addi    t5, t5, 819
core   0: 3 0x800013ac (0x333f0f13) x30 0x33333333
core   0: 0x800013b0 (0x66666eb7) lui     t4, 0x66666
core   0: 3 0x800013b0 (0x66666eb7) x29 0x66666000
core   0: 0x800013b4 (0x665e8e93) addi    t4, t4, 1637
core   0: 3 0x800013b4 (0x665e8e93) x29 0x66666665
core   0: 0x800013b8 (0x03df5fb3) divu    t6, t5, t4
core   0: 3 0x800013b8 (0x03df5fb3) x31 0x00000000
core   0: 0x800013bc (0x37f42223) sw      t6, 868(s0)
core   0: 3 0x800013bc (0x37f42223) mem 0x800064d0 0x00000000
core   0: 0x800013c0 (0x33333f37) lui     t5, 0x33333
core   0: 3 0x800013c0 (0x33333f37) x30 0x33333000
core   0: 0x800013c4 (0x333f0f13) addi    t5, t5, 819
core   0: 3 0x800013c4 (0x333f0f13) x30 0x33333333
core   0: 0x800013c8 (0x0000beb7) lui     t4, 0xb
core   0: 3 0x800013c8 (0x0000beb7) x29 0x0000b000
core   0: 0x800013cc (0x503e8e93) addi    t4, t4, 1283
core   0: 3 0x800013cc (0x503e8e93) x29 0x0000b503
core   0: 0x800013d0 (0x03df5fb3) divu    t6, t5, t4
core   0: 3 0x800013d0 (0x03df5fb3) x31 0x00004869
core   0: 0x800013d4 (0x37f42423) sw      t6, 872(s0)
core   0: 3 0x800013d4 (0x37f42423) mem 0x800064d4 0x00004869
core   0: 0x800013d8 (0x33333f37) lui     t5, 0x33333
core   0: 3 0x800013d8 (0x33333f37) x30 0x33333000
core   0: 0x800013dc (0x333f0f13) addi    t5, t5, 819
core   0: 3 0x800013dc (0x333f0f13) x30 0x33333333
core   0: 0x800013e0 (0x00000e93) li      t4, 0
core   0: 3 0x800013e0 (0x00000e93) x29 0x00000000
core   0: 0x800013e4 (0x03df5fb3) divu    t6, t5, t4
core   0: 3 0x800013e4 (0x03df5fb3) x31 0xffffffff
core   0: 0x800013e8 (0x37f42623) sw      t6, 876(s0)
core   0: 3 0x800013e8 (0x37f42623) mem 0x800064d8 0xffffffff
core   0: 0x800013ec (0x33333f37) lui     t5, 0x33333
core   0: 3 0x800013ec (0x33333f37) x30 0x33333000
core   0: 0x800013f0 (0x333f0f13) addi    t5, t5, 819
core   0: 3 0x800013f0 (0x333f0f13) x30 0x33333333
core   0: 0x800013f4 (0x00010eb7) lui     t4, 0x10
core   0: 3 0x800013f4 (0x00010eb7) x29 0x00010000
core   0: 0x800013f8 (0xffee8e93) addi    t4, t4, -2
core   0: 3 0x800013f8 (0xffee8e93) x29 0x0000fffe
core   0: 0x800013fc (0x03df5fb3) divu    t6, t5, t4
core   0: 3 0x800013fc (0x03df5fb3) x31 0x00003333
core   0: 0x80001400 (0x37f42823) sw      t6, 880(s0)
core   0: 3 0x80001400 (0x37f42823) mem 0x800064dc 0x00003333
core   0: 0x80001404 (0x33333f37) lui     t5, 0x33333
core   0: 3 0x80001404 (0x33333f37) x30 0x33333000
core   0: 0x80001408 (0x333f0f13) addi    t5, t5, 819
core   0: 3 0x80001408 (0x333f0f13) x30 0x33333333
core   0: 0x8000140c (0x00400e93) li      t4, 4
core   0: 3 0x8000140c (0x00400e93) x29 0x00000004
core   0: 0x80001410 (0x03df5fb3) divu    t6, t5, t4
core   0: 3 0x80001410 (0x03df5fb3) x31 0x0ccccccc
core   0: 0x80001414 (0x37f42a23) sw      t6, 884(s0)
core   0: 3 0x80001414 (0x37f42a23) mem 0x800064e0 0x0ccccccc
core   0: 0x80001418 (0x33333f37) lui     t5, 0x33333
core   0: 3 0x80001418 (0x33333f37) x30 0x33333000
core   0: 0x8000141c (0x333f0f13) addi    t5, t5, 819
core   0: 3 0x8000141c (0x333f0f13) x30 0x33333333
core   0: 0x80001420 (0x55555eb7) lui     t4, 0x55555
core   0: 3 0x80001420 (0x55555eb7) x29 0x55555000
core   0: 0x80001424 (0x556e8e93) addi    t4, t4, 1366
core   0: 3 0x80001424 (0x556e8e93) x29 0x55555556
core   0: 0x80001428 (0x03df5fb3) divu    t6, t5, t4
core   0: 3 0x80001428 (0x03df5fb3) x31 0x00000000
core   0: 0x8000142c (0x37f42c23) sw      t6, 888(s0)
core   0: 3 0x8000142c (0x37f42c23) mem 0x800064e4 0x00000000
core   0: 0x80001430 (0x33333f37) lui     t5, 0x33333
core   0: 3 0x80001430 (0x33333f37) x30 0x33333000
core   0: 0x80001434 (0x333f0f13) addi    t5, t5, 819
core   0: 3 0x80001434 (0x333f0f13) x30 0x33333333
core   0: 0x80001438 (0xaaaabeb7) lui     t4, 0xaaaab
core   0: 3 0x80001438 (0xaaaabeb7) x29 0xaaaab000
core   0: 0x8000143c (0xaabe8e93) addi    t4, t4, -1365
core   0: 3 0x8000143c (0xaabe8e93) x29 0xaaaaaaab
core   0: 0x80001440 (0x03df5fb3) divu    t6, t5, t4
core   0: 3 0x80001440 (0x03df5fb3) x31 0x00000000
core   0: 0x80001444 (0x37f42e23) sw      t6, 892(s0)
core   0: 3 0x80001444 (0x37f42e23) mem 0x800064e8 0x00000000
core   0: 0x80001448 (0x33333f37) lui     t5, 0x33333
core   0: 3 0x80001448 (0x33333f37) x30 0x33333000
core   0: 0x8000144c (0x333f0f13) addi    t5, t5, 819
core   0: 3 0x8000144c (0x333f0f13) x30 0x33333333
core   0: 0x80001450 (0x00600e93) li      t4, 6
core   0: 3 0x80001450 (0x00600e93) x29 0x00000006
core   0: 0x80001454 (0x03df5fb3) divu    t6, t5, t4
core   0: 3 0x80001454 (0x03df5fb3) x31 0x08888888
core   0: 0x80001458 (0x39f42023) sw      t6, 896(s0)
core   0: 3 0x80001458 (0x39f42023) mem 0x800064ec 0x08888888
core   0: 0x8000145c (0x33333f37) lui     t5, 0x33333
core   0: 3 0x8000145c (0x33333f37) x30 0x33333000
core   0: 0x80001460 (0x333f0f13) addi    t5, t5, 819
core   0: 3 0x80001460 (0x333f0f13) x30 0x33333333
core   0: 0x80001464 (0x33333eb7) lui     t4, 0x33333
core   0: 3 0x80001464 (0x33333eb7) x29 0x33333000
core   0: 0x80001468 (0x334e8e93) addi    t4, t4, 820
core   0: 3 0x80001468 (0x334e8e93) x29 0x33333334
core   0: 0x8000146c (0x03df5fb3) divu    t6, t5, t4
core   0: 3 0x8000146c (0x03df5fb3) x31 0x00000000
core   0: 0x80001470 (0x39f42223) sw      t6, 900(s0)
core   0: 3 0x80001470 (0x39f42223) mem 0x800064f0 0x00000000
core   0: 0x80001474 (0x33333f37) lui     t5, 0x33333
core   0: 3 0x80001474 (0x33333f37) x30 0x33333000
core   0: 0x80001478 (0x333f0f13) addi    t5, t5, 819
core   0: 3 0x80001478 (0x333f0f13) x30 0x33333333
core   0: 0x8000147c (0x66666eb7) lui     t4, 0x66666
core   0: 3 0x8000147c (0x66666eb7) x29 0x66666000
core   0: 0x80001480 (0x667e8e93) addi    t4, t4, 1639
core   0: 3 0x80001480 (0x667e8e93) x29 0x66666667
core   0: 0x80001484 (0x03df5fb3) divu    t6, t5, t4
core   0: 3 0x80001484 (0x03df5fb3) x31 0x00000000
core   0: 0x80001488 (0x39f42423) sw      t6, 904(s0)
core   0: 3 0x80001488 (0x39f42423) mem 0x800064f4 0x00000000
core   0: 0x8000148c (0x33333f37) lui     t5, 0x33333
core   0: 3 0x8000148c (0x33333f37) x30 0x33333000
core   0: 0x80001490 (0x333f0f13) addi    t5, t5, 819
core   0: 3 0x80001490 (0x333f0f13) x30 0x33333333
core   0: 0x80001494 (0x0000beb7) lui     t4, 0xb
core   0: 3 0x80001494 (0x0000beb7) x29 0x0000b000
core   0: 0x80001498 (0x505e8e93) addi    t4, t4, 1285
core   0: 3 0x80001498 (0x505e8e93) x29 0x0000b505
core   0: 0x8000149c (0x03df5fb3) divu    t6, t5, t4
core   0: 3 0x8000149c (0x03df5fb3) x31 0x00004868
core   0: 0x800014a0 (0x39f42623) sw      t6, 908(s0)
core   0: 3 0x800014a0 (0x39f42623) mem 0x800064f8 0x00004868
core   0: 0x800014a4 (0x33333f37) lui     t5, 0x33333
core   0: 3 0x800014a4 (0x33333f37) x30 0x33333000
core   0: 0x800014a8 (0x333f0f13) addi    t5, t5, 819
core   0: 3 0x800014a8 (0x333f0f13) x30 0x33333333
core   0: 0x800014ac (0x00100e93) li      t4, 1
core   0: 3 0x800014ac (0x00100e93) x29 0x00000001
core   0: 0x800014b0 (0x03df5fb3) divu    t6, t5, t4
core   0: 3 0x800014b0 (0x03df5fb3) x31 0x33333333
core   0: 0x800014b4 (0x39f42823) sw      t6, 912(s0)
core   0: 3 0x800014b4 (0x39f42823) mem 0x800064fc 0x33333333
core   0: 0x800014b8 (0x33333f37) lui     t5, 0x33333
core   0: 3 0x800014b8 (0x33333f37) x30 0x33333000
core   0: 0x800014bc (0x333f0f13) addi    t5, t5, 819
core   0: 3 0x800014bc (0x333f0f13) x30 0x33333333
core   0: 0x800014c0 (0x00010eb7) lui     t4, 0x10
core   0: 3 0x800014c0 (0x00010eb7) x29 0x00010000
core   0: 0x800014c4 (0x03df5fb3) divu    t6, t5, t4
core   0: 3 0x800014c4 (0x03df5fb3) x31 0x00003333
core   0: 0x800014c8 (0x39f42a23) sw      t6, 916(s0)
core   0: 3 0x800014c8 (0x39f42a23) mem 0x80006500 0x00003333
core   0: 0x800014cc (0x66666f37) lui     t5, 0x66666
core   0: 3 0x800014cc (0x66666f37) x30 0x66666000
core   0: 0x800014d0 (0x666f0f13) addi    t5, t5, 1638
core   0: 3 0x800014d0 (0x666f0f13) x30 0x66666666
core   0: 0x800014d4 (0x00300e93) li      t4, 3
core   0: 3 0x800014d4 (0x00300e93) x29 0x00000003
core   0: 0x800014d8 (0x03df5fb3) divu    t6, t5, t4
core   0: 3 0x800014d8 (0x03df5fb3) x31 0x22222222
core   0: 0x800014dc (0x39f42c23) sw      t6, 920(s0)
core   0: 3 0x800014dc (0x39f42c23) mem 0x80006504 0x22222222
core   0: 0x800014e0 (0x66666f37) lui     t5, 0x66666
core   0: 3 0x800014e0 (0x66666f37) x30 0x66666000
core   0: 0x800014e4 (0x666f0f13) addi    t5, t5, 1638
core   0: 3 0x800014e4 (0x666f0f13) x30 0x66666666
core   0: 0x800014e8 (0x55555eb7) lui     t4, 0x55555
core   0: 3 0x800014e8 (0x55555eb7) x29 0x55555000
core   0: 0x800014ec (0x555e8e93) addi    t4, t4, 1365
core   0: 3 0x800014ec (0x555e8e93) x29 0x55555555
core   0: 0x800014f0 (0x03df5fb3) divu    t6, t5, t4
core   0: 3 0x800014f0 (0x03df5fb3) x31 0x00000001
core   0: 0x800014f4 (0x39f42e23) sw      t6, 924(s0)
core   0: 3 0x800014f4 (0x39f42e23) mem 0x80006508 0x00000001
core   0: 0x800014f8 (0x66666f37) lui     t5, 0x66666
core   0: 3 0x800014f8 (0x66666f37) x30 0x66666000
core   0: 0x800014fc (0x666f0f13) addi    t5, t5, 1638
core   0: 3 0x800014fc (0x666f0f13) x30 0x66666666
core   0: 0x80001500 (0xaaaabeb7) lui     t4, 0xaaaab
core   0: 3 0x80001500 (0xaaaabeb7) x29 0xaaaab000
core   0: 0x80001504 (0xaaae8e93) addi    t4, t4, -1366
core   0: 3 0x80001504 (0xaaae8e93) x29 0xaaaaaaaa
core   0: 0x80001508 (0x03df5fb3) divu    t6, t5, t4
core   0: 3 0x80001508 (0x03df5fb3) x31 0x00000000
core   0: 0x8000150c (0x3bf42023) sw      t6, 928(s0)
core   0: 3 0x8000150c (0x3bf42023) mem 0x8000650c 0x00000000
core   0: 0x80001510 (0x66666f37) lui     t5, 0x66666
core   0: 3 0x80001510 (0x66666f37) x30 0x66666000
core   0: 0x80001514 (0x666f0f13) addi    t5, t5, 1638
core   0: 3 0x80001514 (0x666f0f13) x30 0x66666666
core   0: 0x80001518 (0x00500e93) li      t4, 5
core   0: 3 0x80001518 (0x00500e93) x29 0x00000005
core   0: 0x8000151c (0x03df5fb3) divu    t6, t5, t4
core   0: 3 0x8000151c (0x03df5fb3) x31 0x147ae147
core   0: 0x80001520 (0x3bf42223) sw      t6, 932(s0)
core   0: 3 0x80001520 (0x3bf42223) mem 0x80006510 0x147ae147
core   0: 0x80001524 (0x66666f37) lui     t5, 0x66666
core   0: 3 0x80001524 (0x66666f37) x30 0x66666000
core   0: 0x80001528 (0x666f0f13) addi    t5, t5, 1638
core   0: 3 0x80001528 (0x666f0f13) x30 0x66666666
core   0: 0x8000152c (0x33333eb7) lui     t4, 0x33333
core   0: 3 0x8000152c (0x33333eb7) x29 0x33333000
core   0: 0x80001530 (0x333e8e93) addi    t4, t4, 819
core   0: 3 0x80001530 (0x333e8e93) x29 0x33333333
core   0: 0x80001534 (0x03df5fb3) divu    t6, t5, t4
core   0: 3 0x80001534 (0x03df5fb3) x31 0x00000002
core   0: 0x80001538 (0x3bf42423) sw      t6, 936(s0)
core   0: 3 0x80001538 (0x3bf42423) mem 0x80006514 0x00000002
core   0: 0x8000153c (0x66666f37) lui     t5, 0x66666
core   0: 3 0x8000153c (0x66666f37) x30 0x66666000
core   0: 0x80001540 (0x666f0f13) addi    t5, t5, 1638
core   0: 3 0x80001540 (0x666f0f13) x30 0x66666666
core   0: 0x80001544 (0x66666eb7) lui     t4, 0x66666
core   0: 3 0x80001544 (0x66666eb7) x29 0x66666000
core   0: 0x80001548 (0x666e8e93) addi    t4, t4, 1638
core   0: 3 0x80001548 (0x666e8e93) x29 0x66666666
core   0: 0x8000154c (0x03df5fb3) divu    t6, t5, t4
core   0: 3 0x8000154c (0x03df5fb3) x31 0x00000001
core   0: 0x80001550 (0x3bf42623) sw      t6, 940(s0)
core   0: 3 0x80001550 (0x3bf42623) mem 0x80006518 0x00000001
core   0: 0x80001554 (0x66666f37) lui     t5, 0x66666
core   0: 3 0x80001554 (0x66666f37) x30 0x66666000
core   0: 0x80001558 (0x666f0f13) addi    t5, t5, 1638
core   0: 3 0x80001558 (0x666f0f13) x30 0x66666666
core   0: 0x8000155c (0x0000beb7) lui     t4, 0xb
core   0: 3 0x8000155c (0x0000beb7) x29 0x0000b000
core   0: 0x80001560 (0x504e8e93) addi    t4, t4, 1284
core   0: 3 0x80001560 (0x504e8e93) x29 0x0000b504
core   0: 0x80001564 (0x03df5fb3) divu    t6, t5, t4
core   0: 3 0x80001564 (0x03df5fb3) x31 0x000090d1
core   0: 0x80001568 (0x3bf42823) sw      t6, 944(s0)
core   0: 3 0x80001568 (0x3bf42823) mem 0x8000651c 0x000090d1
core   0: 0x8000156c (0x66666f37) lui     t5, 0x66666
core   0: 3 0x8000156c (0x66666f37) x30 0x66666000
core   0: 0x80001570 (0x666f0f13) addi    t5, t5, 1638
core   0: 3 0x80001570 (0x666f0f13) x30 0x66666666
core   0: 0x80001574 (0x00010eb7) lui     t4, 0x10
core   0: 3 0x80001574 (0x00010eb7) x29 0x00010000
core   0: 0x80001578 (0xfffe8e93) addi    t4, t4, -1
core   0: 3 0x80001578 (0xfffe8e93) x29 0x0000ffff
core   0: 0x8000157c (0x03df5fb3) divu    t6, t5, t4
core   0: 3 0x8000157c (0x03df5fb3) x31 0x00006666
core   0: 0x80001580 (0x3bf42a23) sw      t6, 948(s0)
core   0: 3 0x80001580 (0x3bf42a23) mem 0x80006520 0x00006666
core   0: 0x80001584 (0x66666f37) lui     t5, 0x66666
core   0: 3 0x80001584 (0x66666f37) x30 0x66666000
core   0: 0x80001588 (0x666f0f13) addi    t5, t5, 1638
core   0: 3 0x80001588 (0x666f0f13) x30 0x66666666
core   0: 0x8000158c (0x00200e93) li      t4, 2
core   0: 3 0x8000158c (0x00200e93) x29 0x00000002
core   0: 0x80001590 (0x03df5fb3) divu    t6, t5, t4
core   0: 3 0x80001590 (0x03df5fb3) x31 0x33333333
core   0: 0x80001594 (0x3bf42c23) sw      t6, 952(s0)
core   0: 3 0x80001594 (0x3bf42c23) mem 0x80006524 0x33333333
core   0: 0x80001598 (0x66666f37) lui     t5, 0x66666
core   0: 3 0x80001598 (0x66666f37) x30 0x66666000
core   0: 0x8000159c (0x666f0f13) addi    t5, t5, 1638
core   0: 3 0x8000159c (0x666f0f13) x30 0x66666666
core   0: 0x800015a0 (0x55555eb7) lui     t4, 0x55555
core   0: 3 0x800015a0 (0x55555eb7) x29 0x55555000
core   0: 0x800015a4 (0x554e8e93) addi    t4, t4, 1364
core   0: 3 0x800015a4 (0x554e8e93) x29 0x55555554
core   0: 0x800015a8 (0x03df5fb3) divu    t6, t5, t4
core   0: 3 0x800015a8 (0x03df5fb3) x31 0x00000001
core   0: 0x800015ac (0x3bf42e23) sw      t6, 956(s0)
core   0: 3 0x800015ac (0x3bf42e23) mem 0x80006528 0x00000001
core   0: 0x800015b0 (0x66666f37) lui     t5, 0x66666
core   0: 3 0x800015b0 (0x66666f37) x30 0x66666000
core   0: 0x800015b4 (0x666f0f13) addi    t5, t5, 1638
core   0: 3 0x800015b4 (0x666f0f13) x30 0x66666666
core   0: 0x800015b8 (0xaaaabeb7) lui     t4, 0xaaaab
core   0: 3 0x800015b8 (0xaaaabeb7) x29 0xaaaab000
core   0: 0x800015bc (0xaa9e8e93) addi    t4, t4, -1367
core   0: 3 0x800015bc (0xaa9e8e93) x29 0xaaaaaaa9
core   0: 0x800015c0 (0x03df5fb3) divu    t6, t5, t4
core   0: 3 0x800015c0 (0x03df5fb3) x31 0x00000000
core   0: 0x800015c4 (0x3df42023) sw      t6, 960(s0)
core   0: 3 0x800015c4 (0x3df42023) mem 0x8000652c 0x00000000
core   0: 0x800015c8 (0x66666f37) lui     t5, 0x66666
core   0: 3 0x800015c8 (0x66666f37) x30 0x66666000
core   0: 0x800015cc (0x666f0f13) addi    t5, t5, 1638
core   0: 3 0x800015cc (0x666f0f13) x30 0x66666666
core   0: 0x800015d0 (0x33333eb7) lui     t4, 0x33333
core   0: 3 0x800015d0 (0x33333eb7) x29 0x33333000
core   0: 0x800015d4 (0x332e8e93) addi    t4, t4, 818
core   0: 3 0x800015d4 (0x332e8e93) x29 0x33333332
core   0: 0x800015d8 (0x03df5fb3) divu    t6, t5, t4
core   0: 3 0x800015d8 (0x03df5fb3) x31 0x00000002
core   0: 0x800015dc (0x3df42223) sw      t6, 964(s0)
core   0: 3 0x800015dc (0x3df42223) mem 0x80006530 0x00000002
core   0: 0x800015e0 (0x66666f37) lui     t5, 0x66666
core   0: 3 0x800015e0 (0x66666f37) x30 0x66666000
core   0: 0x800015e4 (0x666f0f13) addi    t5, t5, 1638
core   0: 3 0x800015e4 (0x666f0f13) x30 0x66666666
core   0: 0x800015e8 (0x66666eb7) lui     t4, 0x66666
core   0: 3 0x800015e8 (0x66666eb7) x29 0x66666000
core   0: 0x800015ec (0x665e8e93) addi    t4, t4, 1637
core   0: 3 0x800015ec (0x665e8e93) x29 0x66666665
core   0: 0x800015f0 (0x03df5fb3) divu    t6, t5, t4
core   0: 3 0x800015f0 (0x03df5fb3) x31 0x00000001
core   0: 0x800015f4 (0x3df42423) sw      t6, 968(s0)
core   0: 3 0x800015f4 (0x3df42423) mem 0x80006534 0x00000001
core   0: 0x800015f8 (0x66666f37) lui     t5, 0x66666
core   0: 3 0x800015f8 (0x66666f37) x30 0x66666000
core   0: 0x800015fc (0x666f0f13) addi    t5, t5, 1638
core   0: 3 0x800015fc (0x666f0f13) x30 0x66666666
core   0: 0x80001600 (0x0000beb7) lui     t4, 0xb
core   0: 3 0x80001600 (0x0000beb7) x29 0x0000b000
core   0: 0x80001604 (0x503e8e93) addi    t4, t4, 1283
core   0: 3 0x80001604 (0x503e8e93) x29 0x0000b503
core   0: 0x80001608 (0x03df5fb3) divu    t6, t5, t4
core   0: 3 0x80001608 (0x03df5fb3) x31 0x000090d2
core   0: 0x8000160c (0x3df42623) sw      t6, 972(s0)
core   0: 3 0x8000160c (0x3df42623) mem 0x80006538 0x000090d2
core   0: 0x80001610 (0x66666f37) lui     t5, 0x66666
core   0: 3 0x80001610 (0x66666f37) x30 0x66666000
core   0: 0x80001614 (0x666f0f13) addi    t5, t5, 1638
core   0: 3 0x80001614 (0x666f0f13) x30 0x66666666
core   0: 0x80001618 (0x00000e93) li      t4, 0
core   0: 3 0x80001618 (0x00000e93) x29 0x00000000
core   0: 0x8000161c (0x03df5fb3) divu    t6, t5, t4
core   0: 3 0x8000161c (0x03df5fb3) x31 0xffffffff
core   0: 0x80001620 (0x3df42823) sw      t6, 976(s0)
core   0: 3 0x80001620 (0x3df42823) mem 0x8000653c 0xffffffff
core   0: 0x80001624 (0x66666f37) lui     t5, 0x66666
core   0: 3 0x80001624 (0x66666f37) x30 0x66666000
core   0: 0x80001628 (0x666f0f13) addi    t5, t5, 1638
core   0: 3 0x80001628 (0x666f0f13) x30 0x66666666
core   0: 0x8000162c (0x00010eb7) lui     t4, 0x10
core   0: 3 0x8000162c (0x00010eb7) x29 0x00010000
core   0: 0x80001630 (0xffee8e93) addi    t4, t4, -2
core   0: 3 0x80001630 (0xffee8e93) x29 0x0000fffe
core   0: 0x80001634 (0x03df5fb3) divu    t6, t5, t4
core   0: 3 0x80001634 (0x03df5fb3) x31 0x00006667
core   0: 0x80001638 (0x3df42a23) sw      t6, 980(s0)
core   0: 3 0x80001638 (0x3df42a23) mem 0x80006540 0x00006667
core   0: 0x8000163c (0x66666f37) lui     t5, 0x66666
core   0: 3 0x8000163c (0x66666f37) x30 0x66666000
core   0: 0x80001640 (0x666f0f13) addi    t5, t5, 1638
core   0: 3 0x80001640 (0x666f0f13) x30 0x66666666
core   0: 0x80001644 (0x00400e93) li      t4, 4
core   0: 3 0x80001644 (0x00400e93) x29 0x00000004
core   0: 0x80001648 (0x03df5fb3) divu    t6, t5, t4
core   0: 3 0x80001648 (0x03df5fb3) x31 0x19999999
core   0: 0x8000164c (0x3df42c23) sw      t6, 984(s0)
core   0: 3 0x8000164c (0x3df42c23) mem 0x80006544 0x19999999
core   0: 0x80001650 (0x66666f37) lui     t5, 0x66666
core   0: 3 0x80001650 (0x66666f37) x30 0x66666000
core   0: 0x80001654 (0x666f0f13) addi    t5, t5, 1638
core   0: 3 0x80001654 (0x666f0f13) x30 0x66666666
core   0: 0x80001658 (0x55555eb7) lui     t4, 0x55555
core   0: 3 0x80001658 (0x55555eb7) x29 0x55555000
core   0: 0x8000165c (0x556e8e93) addi    t4, t4, 1366
core   0: 3 0x8000165c (0x556e8e93) x29 0x55555556
core   0: 0x80001660 (0x03df5fb3) divu    t6, t5, t4
core   0: 3 0x80001660 (0x03df5fb3) x31 0x00000001
core   0: 0x80001664 (0x3df42e23) sw      t6, 988(s0)
core   0: 3 0x80001664 (0x3df42e23) mem 0x80006548 0x00000001
core   0: 0x80001668 (0x66666f37) lui     t5, 0x66666
core   0: 3 0x80001668 (0x66666f37) x30 0x66666000
core   0: 0x8000166c (0x666f0f13) addi    t5, t5, 1638
core   0: 3 0x8000166c (0x666f0f13) x30 0x66666666
core   0: 0x80001670 (0xaaaabeb7) lui     t4, 0xaaaab
core   0: 3 0x80001670 (0xaaaabeb7) x29 0xaaaab000
core   0: 0x80001674 (0xaabe8e93) addi    t4, t4, -1365
core   0: 3 0x80001674 (0xaabe8e93) x29 0xaaaaaaab
core   0: 0x80001678 (0x03df5fb3) divu    t6, t5, t4
core   0: 3 0x80001678 (0x03df5fb3) x31 0x00000000
core   0: 0x8000167c (0x3ff42023) sw      t6, 992(s0)
core   0: 3 0x8000167c (0x3ff42023) mem 0x8000654c 0x00000000
core   0: 0x80001680 (0x66666f37) lui     t5, 0x66666
core   0: 3 0x80001680 (0x66666f37) x30 0x66666000
core   0: 0x80001684 (0x666f0f13) addi    t5, t5, 1638
core   0: 3 0x80001684 (0x666f0f13) x30 0x66666666
core   0: 0x80001688 (0x00600e93) li      t4, 6
core   0: 3 0x80001688 (0x00600e93) x29 0x00000006
core   0: 0x8000168c (0x03df5fb3) divu    t6, t5, t4
core   0: 3 0x8000168c (0x03df5fb3) x31 0x11111111
core   0: 0x80001690 (0x3ff42223) sw      t6, 996(s0)
core   0: 3 0x80001690 (0x3ff42223) mem 0x80006550 0x11111111
core   0: 0x80001694 (0x66666f37) lui     t5, 0x66666
core   0: 3 0x80001694 (0x66666f37) x30 0x66666000
core   0: 0x80001698 (0x666f0f13) addi    t5, t5, 1638
core   0: 3 0x80001698 (0x666f0f13) x30 0x66666666
core   0: 0x8000169c (0x33333eb7) lui     t4, 0x33333
core   0: 3 0x8000169c (0x33333eb7) x29 0x33333000
core   0: 0x800016a0 (0x334e8e93) addi    t4, t4, 820
core   0: 3 0x800016a0 (0x334e8e93) x29 0x33333334
core   0: 0x800016a4 (0x03df5fb3) divu    t6, t5, t4
core   0: 3 0x800016a4 (0x03df5fb3) x31 0x00000001
core   0: 0x800016a8 (0x3ff42423) sw      t6, 1000(s0)
core   0: 3 0x800016a8 (0x3ff42423) mem 0x80006554 0x00000001
core   0: 0x800016ac (0x66666f37) lui     t5, 0x66666
core   0: 3 0x800016ac (0x66666f37) x30 0x66666000
core   0: 0x800016b0 (0x666f0f13) addi    t5, t5, 1638
core   0: 3 0x800016b0 (0x666f0f13) x30 0x66666666
core   0: 0x800016b4 (0x66666eb7) lui     t4, 0x66666
core   0: 3 0x800016b4 (0x66666eb7) x29 0x66666000
core   0: 0x800016b8 (0x667e8e93) addi    t4, t4, 1639
core   0: 3 0x800016b8 (0x667e8e93) x29 0x66666667
core   0: 0x800016bc (0x03df5fb3) divu    t6, t5, t4
core   0: 3 0x800016bc (0x03df5fb3) x31 0x00000000
core   0: 0x800016c0 (0x3ff42623) sw      t6, 1004(s0)
core   0: 3 0x800016c0 (0x3ff42623) mem 0x80006558 0x00000000
core   0: 0x800016c4 (0x66666f37) lui     t5, 0x66666
core   0: 3 0x800016c4 (0x66666f37) x30 0x66666000
core   0: 0x800016c8 (0x666f0f13) addi    t5, t5, 1638
core   0: 3 0x800016c8 (0x666f0f13) x30 0x66666666
core   0: 0x800016cc (0x0000beb7) lui     t4, 0xb
core   0: 3 0x800016cc (0x0000beb7) x29 0x0000b000
core   0: 0x800016d0 (0x505e8e93) addi    t4, t4, 1285
core   0: 3 0x800016d0 (0x505e8e93) x29 0x0000b505
core   0: 0x800016d4 (0x03df5fb3) divu    t6, t5, t4
core   0: 3 0x800016d4 (0x03df5fb3) x31 0x000090d0
core   0: 0x800016d8 (0x3ff42823) sw      t6, 1008(s0)
core   0: 3 0x800016d8 (0x3ff42823) mem 0x8000655c 0x000090d0
core   0: 0x800016dc (0x66666f37) lui     t5, 0x66666
core   0: 3 0x800016dc (0x66666f37) x30 0x66666000
core   0: 0x800016e0 (0x666f0f13) addi    t5, t5, 1638
core   0: 3 0x800016e0 (0x666f0f13) x30 0x66666666
core   0: 0x800016e4 (0x00100e93) li      t4, 1
core   0: 3 0x800016e4 (0x00100e93) x29 0x00000001
core   0: 0x800016e8 (0x03df5fb3) divu    t6, t5, t4
core   0: 3 0x800016e8 (0x03df5fb3) x31 0x66666666
core   0: 0x800016ec (0x3ff42a23) sw      t6, 1012(s0)
core   0: 3 0x800016ec (0x3ff42a23) mem 0x80006560 0x66666666
core   0: 0x800016f0 (0x66666f37) lui     t5, 0x66666
core   0: 3 0x800016f0 (0x66666f37) x30 0x66666000
core   0: 0x800016f4 (0x666f0f13) addi    t5, t5, 1638
core   0: 3 0x800016f4 (0x666f0f13) x30 0x66666666
core   0: 0x800016f8 (0x00010eb7) lui     t4, 0x10
core   0: 3 0x800016f8 (0x00010eb7) x29 0x00010000
core   0: 0x800016fc (0x03df5fb3) divu    t6, t5, t4
core   0: 3 0x800016fc (0x03df5fb3) x31 0x00006666
core   0: 0x80001700 (0x3ff42c23) sw      t6, 1016(s0)
core   0: 3 0x80001700 (0x3ff42c23) mem 0x80006564 0x00006666
core   0: 0x80001704 (0x0000bf37) lui     t5, 0xb
core   0: 3 0x80001704 (0x0000bf37) x30 0x0000b000
core   0: 0x80001708 (0x504f0f13) addi    t5, t5, 1284
core   0: 3 0x80001708 (0x504f0f13) x30 0x0000b504
core   0: 0x8000170c (0x00300e93) li      t4, 3
core   0: 3 0x8000170c (0x00300e93) x29 0x00000003
core   0: 0x80001710 (0x03df5fb3) divu    t6, t5, t4
core   0: 3 0x80001710 (0x03df5fb3) x31 0x00003c56
core   0: 0x80001714 (0x3ff42e23) sw      t6, 1020(s0)
core   0: 3 0x80001714 (0x3ff42e23) mem 0x80006568 0x00003c56
core   0: 0x80001718 (0x00000013) nop
core   0: 3 0x80001718 (0x00000013)
core   0: 0x8000171c (0x00000013) nop
core   0: 3 0x8000171c (0x00000013)
core   0: 0x80001720 (0x00005417) auipc   s0, 0x5
core   0: 3 0x80001720 (0x00005417) x8  0x80006720
core   0: 0x80001724 (0xe4c40413) addi    s0, s0, -436
core   0: 3 0x80001724 (0xe4c40413) x8  0x8000656c
core   0: 0x80001728 (0x00000001) c.nop
core   0: 3 0x80001728 (0x0001)
core   0: 0x8000172a (0x00000013) nop
core   0: 3 0x8000172a (0x00000013)
core   0: 0x8000172e (0x00000013) nop
core   0: 3 0x8000172e (0x00000013)
core   0: 0x80001732 (0x00000013) nop
core   0: 3 0x80001732 (0x00000013)
core   0: 0x80001736 (0x00000013) nop
core   0: 3 0x80001736 (0x00000013)
core   0: 0x8000173a (0x00000013) nop
core   0: 3 0x8000173a (0x00000013)
core   0: 0x8000173e (0x00000001) c.nop
core   0: 3 0x8000173e (0x0001)
core   0: 0x80001740 (0x0000bf37) lui     t5, 0xb
core   0: 3 0x80001740 (0x0000bf37) x30 0x0000b000
core   0: 0x80001744 (0x504f0f13) addi    t5, t5, 1284
core   0: 3 0x80001744 (0x504f0f13) x30 0x0000b504
core   0: 0x80001748 (0x55555eb7) lui     t4, 0x55555
core   0: 3 0x80001748 (0x55555eb7) x29 0x55555000
core   0: 0x8000174c (0x555e8e93) addi    t4, t4, 1365
core   0: 3 0x8000174c (0x555e8e93) x29 0x55555555
core   0: 0x80001750 (0x03df5fb3) divu    t6, t5, t4
core   0: 3 0x80001750 (0x03df5fb3) x31 0x00000000
core   0: 0x80001754 (0x01f42023) sw      t6, 0(s0)
core   0: 3 0x80001754 (0x01f42023) mem 0x8000656c 0x00000000
core   0: 0x80001758 (0x0000bf37) lui     t5, 0xb
core   0: 3 0x80001758 (0x0000bf37) x30 0x0000b000
core   0: 0x8000175c (0x504f0f13) addi    t5, t5, 1284
core   0: 3 0x8000175c (0x504f0f13) x30 0x0000b504
core   0: 0x80001760 (0xaaaabeb7) lui     t4, 0xaaaab
core   0: 3 0x80001760 (0xaaaabeb7) x29 0xaaaab000
core   0: 0x80001764 (0xaaae8e93) addi    t4, t4, -1366
core   0: 3 0x80001764 (0xaaae8e93) x29 0xaaaaaaaa
core   0: 0x80001768 (0x03df5fb3) divu    t6, t5, t4
core   0: 3 0x80001768 (0x03df5fb3) x31 0x00000000
core   0: 0x8000176c (0x01f42223) sw      t6, 4(s0)
core   0: 3 0x8000176c (0x01f42223) mem 0x80006570 0x00000000
core   0: 0x80001770 (0x0000bf37) lui     t5, 0xb
core   0: 3 0x80001770 (0x0000bf37) x30 0x0000b000
core   0: 0x80001774 (0x504f0f13) addi    t5, t5, 1284
core   0: 3 0x80001774 (0x504f0f13) x30 0x0000b504
core   0: 0x80001778 (0x00500e93) li      t4, 5
core   0: 3 0x80001778 (0x00500e93) x29 0x00000005
core   0: 0x8000177c (0x03df5fb3) divu    t6, t5, t4
core   0: 3 0x8000177c (0x03df5fb3) x31 0x00002434
core   0: 0x80001780 (0x01f42423) sw      t6, 8(s0)
core   0: 3 0x80001780 (0x01f42423) mem 0x80006574 0x00002434
core   0: 0x80001784 (0x0000bf37) lui     t5, 0xb
core   0: 3 0x80001784 (0x0000bf37) x30 0x0000b000
core   0: 0x80001788 (0x504f0f13) addi    t5, t5, 1284
core   0: 3 0x80001788 (0x504f0f13) x30 0x0000b504
core   0: 0x8000178c (0x33333eb7) lui     t4, 0x33333
core   0: 3 0x8000178c (0x33333eb7) x29 0x33333000
core   0: 0x80001790 (0x333e8e93) addi    t4, t4, 819
core   0: 3 0x80001790 (0x333e8e93) x29 0x33333333
core   0: 0x80001794 (0x03df5fb3) divu    t6, t5, t4
core   0: 3 0x80001794 (0x03df5fb3) x31 0x00000000
core   0: 0x80001798 (0x01f42623) sw      t6, 12(s0)
core   0: 3 0x80001798 (0x01f42623) mem 0x80006578 0x00000000
core   0: 0x8000179c (0x0000bf37) lui     t5, 0xb
core   0: 3 0x8000179c (0x0000bf37) x30 0x0000b000
core   0: 0x800017a0 (0x504f0f13) addi    t5, t5, 1284
core   0: 3 0x800017a0 (0x504f0f13) x30 0x0000b504
core   0: 0x800017a4 (0x66666eb7) lui     t4, 0x66666
core   0: 3 0x800017a4 (0x66666eb7) x29 0x66666000
core   0: 0x800017a8 (0x666e8e93) addi    t4, t4, 1638
core   0: 3 0x800017a8 (0x666e8e93) x29 0x66666666
core   0: 0x800017ac (0x03df5fb3) divu    t6, t5, t4
core   0: 3 0x800017ac (0x03df5fb3) x31 0x00000000
core   0: 0x800017b0 (0x01f42823) sw      t6, 16(s0)
core   0: 3 0x800017b0 (0x01f42823) mem 0x8000657c 0x00000000
core   0: 0x800017b4 (0x0000bf37) lui     t5, 0xb
core   0: 3 0x800017b4 (0x0000bf37) x30 0x0000b000
core   0: 0x800017b8 (0x504f0f13) addi    t5, t5, 1284
core   0: 3 0x800017b8 (0x504f0f13) x30 0x0000b504
core   0: 0x800017bc (0x0000beb7) lui     t4, 0xb
core   0: 3 0x800017bc (0x0000beb7) x29 0x0000b000
core   0: 0x800017c0 (0x504e8e93) addi    t4, t4, 1284
core   0: 3 0x800017c0 (0x504e8e93) x29 0x0000b504
core   0: 0x800017c4 (0x03df5fb3) divu    t6, t5, t4
core   0: 3 0x800017c4 (0x03df5fb3) x31 0x00000001
core   0: 0x800017c8 (0x01f42a23) sw      t6, 20(s0)
core   0: 3 0x800017c8 (0x01f42a23) mem 0x80006580 0x00000001
core   0: 0x800017cc (0x0000bf37) lui     t5, 0xb
core   0: 3 0x800017cc (0x0000bf37) x30 0x0000b000
core   0: 0x800017d0 (0x504f0f13) addi    t5, t5, 1284
core   0: 3 0x800017d0 (0x504f0f13) x30 0x0000b504
core   0: 0x800017d4 (0x00010eb7) lui     t4, 0x10
core   0: 3 0x800017d4 (0x00010eb7) x29 0x00010000
core   0: 0x800017d8 (0xfffe8e93) addi    t4, t4, -1
core   0: 3 0x800017d8 (0xfffe8e93) x29 0x0000ffff
core   0: 0x800017dc (0x03df5fb3) divu    t6, t5, t4
core   0: 3 0x800017dc (0x03df5fb3) x31 0x00000000
core   0: 0x800017e0 (0x01f42c23) sw      t6, 24(s0)
core   0: 3 0x800017e0 (0x01f42c23) mem 0x80006584 0x00000000
core   0: 0x800017e4 (0x0000bf37) lui     t5, 0xb
core   0: 3 0x800017e4 (0x0000bf37) x30 0x0000b000
core   0: 0x800017e8 (0x504f0f13) addi    t5, t5, 1284
core   0: 3 0x800017e8 (0x504f0f13) x30 0x0000b504
core   0: 0x800017ec (0x00200e93) li      t4, 2
core   0: 3 0x800017ec (0x00200e93) x29 0x00000002
core   0: 0x800017f0 (0x03df5fb3) divu    t6, t5, t4
core   0: 3 0x800017f0 (0x03df5fb3) x31 0x00005a82
core   0: 0x800017f4 (0x01f42e23) sw      t6, 28(s0)
core   0: 3 0x800017f4 (0x01f42e23) mem 0x80006588 0x00005a82
core   0: 0x800017f8 (0x0000bf37) lui     t5, 0xb
core   0: 3 0x800017f8 (0x0000bf37) x30 0x0000b000
core   0: 0x800017fc (0x504f0f13) addi    t5, t5, 1284
core   0: 3 0x800017fc (0x504f0f13) x30 0x0000b504
core   0: 0x80001800 (0x55555eb7) lui     t4, 0x55555
core   0: 3 0x80001800 (0x55555eb7) x29 0x55555000
core   0: 0x80001804 (0x554e8e93) addi    t4, t4, 1364
core   0: 3 0x80001804 (0x554e8e93) x29 0x55555554
core   0: 0x80001808 (0x03df5fb3) divu    t6, t5, t4
core   0: 3 0x80001808 (0x03df5fb3) x31 0x00000000
core   0: 0x8000180c (0x03f42023) sw      t6, 32(s0)
core   0: 3 0x8000180c (0x03f42023) mem 0x8000658c 0x00000000
core   0: 0x80001810 (0x0000bf37) lui     t5, 0xb
core   0: 3 0x80001810 (0x0000bf37) x30 0x0000b000
core   0: 0x80001814 (0x504f0f13) addi    t5, t5, 1284
core   0: 3 0x80001814 (0x504f0f13) x30 0x0000b504
core   0: 0x80001818 (0xaaaabeb7) lui     t4, 0xaaaab
core   0: 3 0x80001818 (0xaaaabeb7) x29 0xaaaab000
core   0: 0x8000181c (0xaa9e8e93) addi    t4, t4, -1367
core   0: 3 0x8000181c (0xaa9e8e93) x29 0xaaaaaaa9
core   0: 0x80001820 (0x03df5fb3) divu    t6, t5, t4
core   0: 3 0x80001820 (0x03df5fb3) x31 0x00000000
core   0: 0x80001824 (0x03f42223) sw      t6, 36(s0)
core   0: 3 0x80001824 (0x03f42223) mem 0x80006590 0x00000000
core   0: 0x80001828 (0x0000bf37) lui     t5, 0xb
core   0: 3 0x80001828 (0x0000bf37) x30 0x0000b000
core   0: 0x8000182c (0x504f0f13) addi    t5, t5, 1284
core   0: 3 0x8000182c (0x504f0f13) x30 0x0000b504
core   0: 0x80001830 (0x33333eb7) lui     t4, 0x33333
core   0: 3 0x80001830 (0x33333eb7) x29 0x33333000
core   0: 0x80001834 (0x332e8e93) addi    t4, t4, 818
core   0: 3 0x80001834 (0x332e8e93) x29 0x33333332
core   0: 0x80001838 (0x03df5fb3) divu    t6, t5, t4
core   0: 3 0x80001838 (0x03df5fb3) x31 0x00000000
core   0: 0x8000183c (0x03f42423) sw      t6, 40(s0)
core   0: 3 0x8000183c (0x03f42423) mem 0x80006594 0x00000000
core   0: 0x80001840 (0x0000bf37) lui     t5, 0xb
core   0: 3 0x80001840 (0x0000bf37) x30 0x0000b000
core   0: 0x80001844 (0x504f0f13) addi    t5, t5, 1284
core   0: 3 0x80001844 (0x504f0f13) x30 0x0000b504
core   0: 0x80001848 (0x66666eb7) lui     t4, 0x66666
core   0: 3 0x80001848 (0x66666eb7) x29 0x66666000
core   0: 0x8000184c (0x665e8e93) addi    t4, t4, 1637
core   0: 3 0x8000184c (0x665e8e93) x29 0x66666665
core   0: 0x80001850 (0x03df5fb3) divu    t6, t5, t4
core   0: 3 0x80001850 (0x03df5fb3) x31 0x00000000
core   0: 0x80001854 (0x03f42623) sw      t6, 44(s0)
core   0: 3 0x80001854 (0x03f42623) mem 0x80006598 0x00000000
core   0: 0x80001858 (0x0000bf37) lui     t5, 0xb
core   0: 3 0x80001858 (0x0000bf37) x30 0x0000b000
core   0: 0x8000185c (0x504f0f13) addi    t5, t5, 1284
core   0: 3 0x8000185c (0x504f0f13) x30 0x0000b504
core   0: 0x80001860 (0x0000beb7) lui     t4, 0xb
core   0: 3 0x80001860 (0x0000beb7) x29 0x0000b000
core   0: 0x80001864 (0x503e8e93) addi    t4, t4, 1283
core   0: 3 0x80001864 (0x503e8e93) x29 0x0000b503
core   0: 0x80001868 (0x03df5fb3) divu    t6, t5, t4
core   0: 3 0x80001868 (0x03df5fb3) x31 0x00000001
core   0: 0x8000186c (0x03f42823) sw      t6, 48(s0)
core   0: 3 0x8000186c (0x03f42823) mem 0x8000659c 0x00000001
core   0: 0x80001870 (0x0000bf37) lui     t5, 0xb
core   0: 3 0x80001870 (0x0000bf37) x30 0x0000b000
core   0: 0x80001874 (0x504f0f13) addi    t5, t5, 1284
core   0: 3 0x80001874 (0x504f0f13) x30 0x0000b504
core   0: 0x80001878 (0x00000e93) li      t4, 0
core   0: 3 0x80001878 (0x00000e93) x29 0x00000000
core   0: 0x8000187c (0x03df5fb3) divu    t6, t5, t4
core   0: 3 0x8000187c (0x03df5fb3) x31 0xffffffff
core   0: 0x80001880 (0x03f42a23) sw      t6, 52(s0)
core   0: 3 0x80001880 (0x03f42a23) mem 0x800065a0 0xffffffff
core   0: 0x80001884 (0x0000bf37) lui     t5, 0xb
core   0: 3 0x80001884 (0x0000bf37) x30 0x0000b000
core   0: 0x80001888 (0x504f0f13) addi    t5, t5, 1284
core   0: 3 0x80001888 (0x504f0f13) x30 0x0000b504
core   0: 0x8000188c (0x00010eb7) lui     t4, 0x10
core   0: 3 0x8000188c (0x00010eb7) x29 0x00010000
core   0: 0x80001890 (0xffee8e93) addi    t4, t4, -2
core   0: 3 0x80001890 (0xffee8e93) x29 0x0000fffe
core   0: 0x80001894 (0x03df5fb3) divu    t6, t5, t4
core   0: 3 0x80001894 (0x03df5fb3) x31 0x00000000
core   0: 0x80001898 (0x03f42c23) sw      t6, 56(s0)
core   0: 3 0x80001898 (0x03f42c23) mem 0x800065a4 0x00000000
core   0: 0x8000189c (0x0000bf37) lui     t5, 0xb
core   0: 3 0x8000189c (0x0000bf37) x30 0x0000b000
core   0: 0x800018a0 (0x504f0f13) addi    t5, t5, 1284
core   0: 3 0x800018a0 (0x504f0f13) x30 0x0000b504
core   0: 0x800018a4 (0x00400e93) li      t4, 4
core   0: 3 0x800018a4 (0x00400e93) x29 0x00000004
core   0: 0x800018a8 (0x03df5fb3) divu    t6, t5, t4
core   0: 3 0x800018a8 (0x03df5fb3) x31 0x00002d41
core   0: 0x800018ac (0x03f42e23) sw      t6, 60(s0)
core   0: 3 0x800018ac (0x03f42e23) mem 0x800065a8 0x00002d41
core   0: 0x800018b0 (0x0000bf37) lui     t5, 0xb
core   0: 3 0x800018b0 (0x0000bf37) x30 0x0000b000
core   0: 0x800018b4 (0x504f0f13) addi    t5, t5, 1284
core   0: 3 0x800018b4 (0x504f0f13) x30 0x0000b504
core   0: 0x800018b8 (0x55555eb7) lui     t4, 0x55555
core   0: 3 0x800018b8 (0x55555eb7) x29 0x55555000
core   0: 0x800018bc (0x556e8e93) addi    t4, t4, 1366
core   0: 3 0x800018bc (0x556e8e93) x29 0x55555556
core   0: 0x800018c0 (0x03df5fb3) divu    t6, t5, t4
core   0: 3 0x800018c0 (0x03df5fb3) x31 0x00000000
core   0: 0x800018c4 (0x05f42023) sw      t6, 64(s0)
core   0: 3 0x800018c4 (0x05f42023) mem 0x800065ac 0x00000000
core   0: 0x800018c8 (0x0000bf37) lui     t5, 0xb
core   0: 3 0x800018c8 (0x0000bf37) x30 0x0000b000
core   0: 0x800018cc (0x504f0f13) addi    t5, t5, 1284
core   0: 3 0x800018cc (0x504f0f13) x30 0x0000b504
core   0: 0x800018d0 (0xaaaabeb7) lui     t4, 0xaaaab
core   0: 3 0x800018d0 (0xaaaabeb7) x29 0xaaaab000
core   0: 0x800018d4 (0xaabe8e93) addi    t4, t4, -1365
core   0: 3 0x800018d4 (0xaabe8e93) x29 0xaaaaaaab
core   0: 0x800018d8 (0x03df5fb3) divu    t6, t5, t4
core   0: 3 0x800018d8 (0x03df5fb3) x31 0x00000000
core   0: 0x800018dc (0x05f42223) sw      t6, 68(s0)
core   0: 3 0x800018dc (0x05f42223) mem 0x800065b0 0x00000000
core   0: 0x800018e0 (0x0000bf37) lui     t5, 0xb
core   0: 3 0x800018e0 (0x0000bf37) x30 0x0000b000
core   0: 0x800018e4 (0x504f0f13) addi    t5, t5, 1284
core   0: 3 0x800018e4 (0x504f0f13) x30 0x0000b504
core   0: 0x800018e8 (0x00600e93) li      t4, 6
core   0: 3 0x800018e8 (0x00600e93) x29 0x00000006
core   0: 0x800018ec (0x03df5fb3) divu    t6, t5, t4
core   0: 3 0x800018ec (0x03df5fb3) x31 0x00001e2b
core   0: 0x800018f0 (0x05f42423) sw      t6, 72(s0)
core   0: 3 0x800018f0 (0x05f42423) mem 0x800065b4 0x00001e2b
core   0: 0x800018f4 (0x0000bf37) lui     t5, 0xb
core   0: 3 0x800018f4 (0x0000bf37) x30 0x0000b000
core   0: 0x800018f8 (0x504f0f13) addi    t5, t5, 1284
core   0: 3 0x800018f8 (0x504f0f13) x30 0x0000b504
core   0: 0x800018fc (0x33333eb7) lui     t4, 0x33333
core   0: 3 0x800018fc (0x33333eb7) x29 0x33333000
core   0: 0x80001900 (0x334e8e93) addi    t4, t4, 820
core   0: 3 0x80001900 (0x334e8e93) x29 0x33333334
core   0: 0x80001904 (0x03df5fb3) divu    t6, t5, t4
core   0: 3 0x80001904 (0x03df5fb3) x31 0x00000000
core   0: 0x80001908 (0x05f42623) sw      t6, 76(s0)
core   0: 3 0x80001908 (0x05f42623) mem 0x800065b8 0x00000000
core   0: 0x8000190c (0x0000bf37) lui     t5, 0xb
core   0: 3 0x8000190c (0x0000bf37) x30 0x0000b000
core   0: 0x80001910 (0x504f0f13) addi    t5, t5, 1284
core   0: 3 0x80001910 (0x504f0f13) x30 0x0000b504
core   0: 0x80001914 (0x66666eb7) lui     t4, 0x66666
core   0: 3 0x80001914 (0x66666eb7) x29 0x66666000
core   0: 0x80001918 (0x667e8e93) addi    t4, t4, 1639
core   0: 3 0x80001918 (0x667e8e93) x29 0x66666667
core   0: 0x8000191c (0x03df5fb3) divu    t6, t5, t4
core   0: 3 0x8000191c (0x03df5fb3) x31 0x00000000
core   0: 0x80001920 (0x05f42823) sw      t6, 80(s0)
core   0: 3 0x80001920 (0x05f42823) mem 0x800065bc 0x00000000
core   0: 0x80001924 (0x0000bf37) lui     t5, 0xb
core   0: 3 0x80001924 (0x0000bf37) x30 0x0000b000
core   0: 0x80001928 (0x504f0f13) addi    t5, t5, 1284
core   0: 3 0x80001928 (0x504f0f13) x30 0x0000b504
core   0: 0x8000192c (0x0000beb7) lui     t4, 0xb
core   0: 3 0x8000192c (0x0000beb7) x29 0x0000b000
core   0: 0x80001930 (0x505e8e93) addi    t4, t4, 1285
core   0: 3 0x80001930 (0x505e8e93) x29 0x0000b505
core   0: 0x80001934 (0x03df5fb3) divu    t6, t5, t4
core   0: 3 0x80001934 (0x03df5fb3) x31 0x00000000
core   0: 0x80001938 (0x05f42a23) sw      t6, 84(s0)
core   0: 3 0x80001938 (0x05f42a23) mem 0x800065c0 0x00000000
core   0: 0x8000193c (0x0000bf37) lui     t5, 0xb
core   0: 3 0x8000193c (0x0000bf37) x30 0x0000b000
core   0: 0x80001940 (0x504f0f13) addi    t5, t5, 1284
core   0: 3 0x80001940 (0x504f0f13) x30 0x0000b504
core   0: 0x80001944 (0x00100e93) li      t4, 1
core   0: 3 0x80001944 (0x00100e93) x29 0x00000001
core   0: 0x80001948 (0x03df5fb3) divu    t6, t5, t4
core   0: 3 0x80001948 (0x03df5fb3) x31 0x0000b504
core   0: 0x8000194c (0x05f42c23) sw      t6, 88(s0)
core   0: 3 0x8000194c (0x05f42c23) mem 0x800065c4 0x0000b504
core   0: 0x80001950 (0x0000bf37) lui     t5, 0xb
core   0: 3 0x80001950 (0x0000bf37) x30 0x0000b000
core   0: 0x80001954 (0x504f0f13) addi    t5, t5, 1284
core   0: 3 0x80001954 (0x504f0f13) x30 0x0000b504
core   0: 0x80001958 (0x00010eb7) lui     t4, 0x10
core   0: 3 0x80001958 (0x00010eb7) x29 0x00010000
core   0: 0x8000195c (0x03df5fb3) divu    t6, t5, t4
core   0: 3 0x8000195c (0x03df5fb3) x31 0x00000000
core   0: 0x80001960 (0x05f42e23) sw      t6, 92(s0)
core   0: 3 0x80001960 (0x05f42e23) mem 0x800065c8 0x00000000
core   0: 0x80001964 (0x00010f37) lui     t5, 0x10
core   0: 3 0x80001964 (0x00010f37) x30 0x00010000
core   0: 0x80001968 (0xffff0f13) addi    t5, t5, -1
core   0: 3 0x80001968 (0xffff0f13) x30 0x0000ffff
core   0: 0x8000196c (0x00300e93) li      t4, 3
core   0: 3 0x8000196c (0x00300e93) x29 0x00000003
core   0: 0x80001970 (0x03df5fb3) divu    t6, t5, t4
core   0: 3 0x80001970 (0x03df5fb3) x31 0x00005555
core   0: 0x80001974 (0x07f42023) sw      t6, 96(s0)
core   0: 3 0x80001974 (0x07f42023) mem 0x800065cc 0x00005555
core   0: 0x80001978 (0x00010f37) lui     t5, 0x10
core   0: 3 0x80001978 (0x00010f37) x30 0x00010000
core   0: 0x8000197c (0xffff0f13) addi    t5, t5, -1
core   0: 3 0x8000197c (0xffff0f13) x30 0x0000ffff
core   0: 0x80001980 (0x55555eb7) lui     t4, 0x55555
core   0: 3 0x80001980 (0x55555eb7) x29 0x55555000
core   0: 0x80001984 (0x555e8e93) addi    t4, t4, 1365
core   0: 3 0x80001984 (0x555e8e93) x29 0x55555555
core   0: 0x80001988 (0x03df5fb3) divu    t6, t5, t4
core   0: 3 0x80001988 (0x03df5fb3) x31 0x00000000
core   0: 0x8000198c (0x07f42223) sw      t6, 100(s0)
core   0: 3 0x8000198c (0x07f42223) mem 0x800065d0 0x00000000
core   0: 0x80001990 (0x00010f37) lui     t5, 0x10
core   0: 3 0x80001990 (0x00010f37) x30 0x00010000
core   0: 0x80001994 (0xffff0f13) addi    t5, t5, -1
core   0: 3 0x80001994 (0xffff0f13) x30 0x0000ffff
core   0: 0x80001998 (0xaaaabeb7) lui     t4, 0xaaaab
core   0: 3 0x80001998 (0xaaaabeb7) x29 0xaaaab000
core   0: 0x8000199c (0xaaae8e93) addi    t4, t4, -1366
core   0: 3 0x8000199c (0xaaae8e93) x29 0xaaaaaaaa
core   0: 0x800019a0 (0x03df5fb3) divu    t6, t5, t4
core   0: 3 0x800019a0 (0x03df5fb3) x31 0x00000000
core   0: 0x800019a4 (0x07f42423) sw      t6, 104(s0)
core   0: 3 0x800019a4 (0x07f42423) mem 0x800065d4 0x00000000
core   0: 0x800019a8 (0x00010f37) lui     t5, 0x10
core   0: 3 0x800019a8 (0x00010f37) x30 0x00010000
core   0: 0x800019ac (0xffff0f13) addi    t5, t5, -1
core   0: 3 0x800019ac (0xffff0f13) x30 0x0000ffff
core   0: 0x800019b0 (0x00500e93) li      t4, 5
core   0: 3 0x800019b0 (0x00500e93) x29 0x00000005
core   0: 0x800019b4 (0x03df5fb3) divu    t6, t5, t4
core   0: 3 0x800019b4 (0x03df5fb3) x31 0x00003333
core   0: 0x800019b8 (0x07f42623) sw      t6, 108(s0)
core   0: 3 0x800019b8 (0x07f42623) mem 0x800065d8 0x00003333
core   0: 0x800019bc (0x00010f37) lui     t5, 0x10
core   0: 3 0x800019bc (0x00010f37) x30 0x00010000
core   0: 0x800019c0 (0xffff0f13) addi    t5, t5, -1
core   0: 3 0x800019c0 (0xffff0f13) x30 0x0000ffff
core   0: 0x800019c4 (0x33333eb7) lui     t4, 0x33333
core   0: 3 0x800019c4 (0x33333eb7) x29 0x33333000
core   0: 0x800019c8 (0x333e8e93) addi    t4, t4, 819
core   0: 3 0x800019c8 (0x333e8e93) x29 0x33333333
core   0: 0x800019cc (0x03df5fb3) divu    t6, t5, t4
core   0: 3 0x800019cc (0x03df5fb3) x31 0x00000000
core   0: 0x800019d0 (0x07f42823) sw      t6, 112(s0)
core   0: 3 0x800019d0 (0x07f42823) mem 0x800065dc 0x00000000
core   0: 0x800019d4 (0x00010f37) lui     t5, 0x10
core   0: 3 0x800019d4 (0x00010f37) x30 0x00010000
core   0: 0x800019d8 (0xffff0f13) addi    t5, t5, -1
core   0: 3 0x800019d8 (0xffff0f13) x30 0x0000ffff
core   0: 0x800019dc (0x66666eb7) lui     t4, 0x66666
core   0: 3 0x800019dc (0x66666eb7) x29 0x66666000
core   0: 0x800019e0 (0x666e8e93) addi    t4, t4, 1638
core   0: 3 0x800019e0 (0x666e8e93) x29 0x66666666
core   0: 0x800019e4 (0x03df5fb3) divu    t6, t5, t4
core   0: 3 0x800019e4 (0x03df5fb3) x31 0x00000000
core   0: 0x800019e8 (0x07f42a23) sw      t6, 116(s0)
core   0: 3 0x800019e8 (0x07f42a23) mem 0x800065e0 0x00000000
core   0: 0x800019ec (0x00010f37) lui     t5, 0x10
core   0: 3 0x800019ec (0x00010f37) x30 0x00010000
core   0: 0x800019f0 (0xffff0f13) addi    t5, t5, -1
core   0: 3 0x800019f0 (0xffff0f13) x30 0x0000ffff
core   0: 0x800019f4 (0x0000beb7) lui     t4, 0xb
core   0: 3 0x800019f4 (0x0000beb7) x29 0x0000b000
core   0: 0x800019f8 (0x504e8e93) addi    t4, t4, 1284
core   0: 3 0x800019f8 (0x504e8e93) x29 0x0000b504
core   0: 0x800019fc (0x03df5fb3) divu    t6, t5, t4
core   0: 3 0x800019fc (0x03df5fb3) x31 0x00000001
core   0: 0x80001a00 (0x07f42c23) sw      t6, 120(s0)
core   0: 3 0x80001a00 (0x07f42c23) mem 0x800065e4 0x00000001
core   0: 0x80001a04 (0x00010f37) lui     t5, 0x10
core   0: 3 0x80001a04 (0x00010f37) x30 0x00010000
core   0: 0x80001a08 (0xffff0f13) addi    t5, t5, -1
core   0: 3 0x80001a08 (0xffff0f13) x30 0x0000ffff
core   0: 0x80001a0c (0x00010eb7) lui     t4, 0x10
core   0: 3 0x80001a0c (0x00010eb7) x29 0x00010000
core   0: 0x80001a10 (0xfffe8e93) addi    t4, t4, -1
core   0: 3 0x80001a10 (0xfffe8e93) x29 0x0000ffff
core   0: 0x80001a14 (0x03df5fb3) divu    t6, t5, t4
core   0: 3 0x80001a14 (0x03df5fb3) x31 0x00000001
core   0: 0x80001a18 (0x07f42e23) sw      t6, 124(s0)
core   0: 3 0x80001a18 (0x07f42e23) mem 0x800065e8 0x00000001
core   0: 0x80001a1c (0x00010f37) lui     t5, 0x10
core   0: 3 0x80001a1c (0x00010f37) x30 0x00010000
core   0: 0x80001a20 (0xffff0f13) addi    t5, t5, -1
core   0: 3 0x80001a20 (0xffff0f13) x30 0x0000ffff
core   0: 0x80001a24 (0x00200e93) li      t4, 2
core   0: 3 0x80001a24 (0x00200e93) x29 0x00000002
core   0: 0x80001a28 (0x03df5fb3) divu    t6, t5, t4
core   0: 3 0x80001a28 (0x03df5fb3) x31 0x00007fff
core   0: 0x80001a2c (0x09f42023) sw      t6, 128(s0)
core   0: 3 0x80001a2c (0x09f42023) mem 0x800065ec 0x00007fff
core   0: 0x80001a30 (0x00010f37) lui     t5, 0x10
core   0: 3 0x80001a30 (0x00010f37) x30 0x00010000
core   0: 0x80001a34 (0xffff0f13) addi    t5, t5, -1
core   0: 3 0x80001a34 (0xffff0f13) x30 0x0000ffff
core   0: 0x80001a38 (0x55555eb7) lui     t4, 0x55555
core   0: 3 0x80001a38 (0x55555eb7) x29 0x55555000
core   0: 0x80001a3c (0x554e8e93) addi    t4, t4, 1364
core   0: 3 0x80001a3c (0x554e8e93) x29 0x55555554
core   0: 0x80001a40 (0x03df5fb3) divu    t6, t5, t4
core   0: 3 0x80001a40 (0x03df5fb3) x31 0x00000000
core   0: 0x80001a44 (0x09f42223) sw      t6, 132(s0)
core   0: 3 0x80001a44 (0x09f42223) mem 0x800065f0 0x00000000
core   0: 0x80001a48 (0x00010f37) lui     t5, 0x10
core   0: 3 0x80001a48 (0x00010f37) x30 0x00010000
core   0: 0x80001a4c (0xffff0f13) addi    t5, t5, -1
core   0: 3 0x80001a4c (0xffff0f13) x30 0x0000ffff
core   0: 0x80001a50 (0xaaaabeb7) lui     t4, 0xaaaab
core   0: 3 0x80001a50 (0xaaaabeb7) x29 0xaaaab000
core   0: 0x80001a54 (0xaa9e8e93) addi    t4, t4, -1367
core   0: 3 0x80001a54 (0xaa9e8e93) x29 0xaaaaaaa9
core   0: 0x80001a58 (0x03df5fb3) divu    t6, t5, t4
core   0: 3 0x80001a58 (0x03df5fb3) x31 0x00000000
core   0: 0x80001a5c (0x09f42423) sw      t6, 136(s0)
core   0: 3 0x80001a5c (0x09f42423) mem 0x800065f4 0x00000000
core   0: 0x80001a60 (0x00010f37) lui     t5, 0x10
core   0: 3 0x80001a60 (0x00010f37) x30 0x00010000
core   0: 0x80001a64 (0xffff0f13) addi    t5, t5, -1
core   0: 3 0x80001a64 (0xffff0f13) x30 0x0000ffff
core   0: 0x80001a68 (0x33333eb7) lui     t4, 0x33333
core   0: 3 0x80001a68 (0x33333eb7) x29 0x33333000
core   0: 0x80001a6c (0x332e8e93) addi    t4, t4, 818
core   0: 3 0x80001a6c (0x332e8e93) x29 0x33333332
core   0: 0x80001a70 (0x03df5fb3) divu    t6, t5, t4
core   0: 3 0x80001a70 (0x03df5fb3) x31 0x00000000
core   0: 0x80001a74 (0x09f42623) sw      t6, 140(s0)
core   0: 3 0x80001a74 (0x09f42623) mem 0x800065f8 0x00000000
core   0: 0x80001a78 (0x00010f37) lui     t5, 0x10
core   0: 3 0x80001a78 (0x00010f37) x30 0x00010000
core   0: 0x80001a7c (0xffff0f13) addi    t5, t5, -1
core   0: 3 0x80001a7c (0xffff0f13) x30 0x0000ffff
core   0: 0x80001a80 (0x66666eb7) lui     t4, 0x66666
core   0: 3 0x80001a80 (0x66666eb7) x29 0x66666000
core   0: 0x80001a84 (0x665e8e93) addi    t4, t4, 1637
core   0: 3 0x80001a84 (0x665e8e93) x29 0x66666665
core   0: 0x80001a88 (0x03df5fb3) divu    t6, t5, t4
core   0: 3 0x80001a88 (0x03df5fb3) x31 0x00000000
core   0: 0x80001a8c (0x09f42823) sw      t6, 144(s0)
core   0: 3 0x80001a8c (0x09f42823) mem 0x800065fc 0x00000000
core   0: 0x80001a90 (0x00010f37) lui     t5, 0x10
core   0: 3 0x80001a90 (0x00010f37) x30 0x00010000
core   0: 0x80001a94 (0xffff0f13) addi    t5, t5, -1
core   0: 3 0x80001a94 (0xffff0f13) x30 0x0000ffff
core   0: 0x80001a98 (0x0000beb7) lui     t4, 0xb
core   0: 3 0x80001a98 (0x0000beb7) x29 0x0000b000
core   0: 0x80001a9c (0x503e8e93) addi    t4, t4, 1283
core   0: 3 0x80001a9c (0x503e8e93) x29 0x0000b503
core   0: 0x80001aa0 (0x03df5fb3) divu    t6, t5, t4
core   0: 3 0x80001aa0 (0x03df5fb3) x31 0x00000001
core   0: 0x80001aa4 (0x09f42a23) sw      t6, 148(s0)
core   0: 3 0x80001aa4 (0x09f42a23) mem 0x80006600 0x00000001
core   0: 0x80001aa8 (0x00010f37) lui     t5, 0x10
core   0: 3 0x80001aa8 (0x00010f37) x30 0x00010000
core   0: 0x80001aac (0xffff0f13) addi    t5, t5, -1
core   0: 3 0x80001aac (0xffff0f13) x30 0x0000ffff
core   0: 0x80001ab0 (0x00000e93) li      t4, 0
core   0: 3 0x80001ab0 (0x00000e93) x29 0x00000000
core   0: 0x80001ab4 (0x03df5fb3) divu    t6, t5, t4
core   0: 3 0x80001ab4 (0x03df5fb3) x31 0xffffffff
core   0: 0x80001ab8 (0x09f42c23) sw      t6, 152(s0)
core   0: 3 0x80001ab8 (0x09f42c23) mem 0x80006604 0xffffffff
core   0: 0x80001abc (0x00010f37) lui     t5, 0x10
core   0: 3 0x80001abc (0x00010f37) x30 0x00010000
core   0: 0x80001ac0 (0xffff0f13) addi    t5, t5, -1
core   0: 3 0x80001ac0 (0xffff0f13) x30 0x0000ffff
core   0: 0x80001ac4 (0x00010eb7) lui     t4, 0x10
core   0: 3 0x80001ac4 (0x00010eb7) x29 0x00010000
core   0: 0x80001ac8 (0xffee8e93) addi    t4, t4, -2
core   0: 3 0x80001ac8 (0xffee8e93) x29 0x0000fffe
core   0: 0x80001acc (0x03df5fb3) divu    t6, t5, t4
core   0: 3 0x80001acc (0x03df5fb3) x31 0x00000001
core   0: 0x80001ad0 (0x09f42e23) sw      t6, 156(s0)
core   0: 3 0x80001ad0 (0x09f42e23) mem 0x80006608 0x00000001
core   0: 0x80001ad4 (0x00010f37) lui     t5, 0x10
core   0: 3 0x80001ad4 (0x00010f37) x30 0x00010000
core   0: 0x80001ad8 (0xffff0f13) addi    t5, t5, -1
core   0: 3 0x80001ad8 (0xffff0f13) x30 0x0000ffff
core   0: 0x80001adc (0x00400e93) li      t4, 4
core   0: 3 0x80001adc (0x00400e93) x29 0x00000004
core   0: 0x80001ae0 (0x03df5fb3) divu    t6, t5, t4
core   0: 3 0x80001ae0 (0x03df5fb3) x31 0x00003fff
core   0: 0x80001ae4 (0x0bf42023) sw      t6, 160(s0)
core   0: 3 0x80001ae4 (0x0bf42023) mem 0x8000660c 0x00003fff
core   0: 0x80001ae8 (0x00010f37) lui     t5, 0x10
core   0: 3 0x80001ae8 (0x00010f37) x30 0x00010000
core   0: 0x80001aec (0xffff0f13) addi    t5, t5, -1
core   0: 3 0x80001aec (0xffff0f13) x30 0x0000ffff
core   0: 0x80001af0 (0x55555eb7) lui     t4, 0x55555
core   0: 3 0x80001af0 (0x55555eb7) x29 0x55555000
core   0: 0x80001af4 (0x556e8e93) addi    t4, t4, 1366
core   0: 3 0x80001af4 (0x556e8e93) x29 0x55555556
core   0: 0x80001af8 (0x03df5fb3) divu    t6, t5, t4
core   0: 3 0x80001af8 (0x03df5fb3) x31 0x00000000
core   0: 0x80001afc (0x0bf42223) sw      t6, 164(s0)
core   0: 3 0x80001afc (0x0bf42223) mem 0x80006610 0x00000000
core   0: 0x80001b00 (0x00010f37) lui     t5, 0x10
core   0: 3 0x80001b00 (0x00010f37) x30 0x00010000
core   0: 0x80001b04 (0xffff0f13) addi    t5, t5, -1
core   0: 3 0x80001b04 (0xffff0f13) x30 0x0000ffff
core   0: 0x80001b08 (0xaaaabeb7) lui     t4, 0xaaaab
core   0: 3 0x80001b08 (0xaaaabeb7) x29 0xaaaab000
core   0: 0x80001b0c (0xaabe8e93) addi    t4, t4, -1365
core   0: 3 0x80001b0c (0xaabe8e93) x29 0xaaaaaaab
core   0: 0x80001b10 (0x03df5fb3) divu    t6, t5, t4
core   0: 3 0x80001b10 (0x03df5fb3) x31 0x00000000
core   0: 0x80001b14 (0x0bf42423) sw      t6, 168(s0)
core   0: 3 0x80001b14 (0x0bf42423) mem 0x80006614 0x00000000
core   0: 0x80001b18 (0x00010f37) lui     t5, 0x10
core   0: 3 0x80001b18 (0x00010f37) x30 0x00010000
core   0: 0x80001b1c (0xffff0f13) addi    t5, t5, -1
core   0: 3 0x80001b1c (0xffff0f13) x30 0x0000ffff
core   0: 0x80001b20 (0x00600e93) li      t4, 6
core   0: 3 0x80001b20 (0x00600e93) x29 0x00000006
core   0: 0x80001b24 (0x03df5fb3) divu    t6, t5, t4
core   0: 3 0x80001b24 (0x03df5fb3) x31 0x00002aaa
core   0: 0x80001b28 (0x0bf42623) sw      t6, 172(s0)
core   0: 3 0x80001b28 (0x0bf42623) mem 0x80006618 0x00002aaa
core   0: 0x80001b2c (0x00010f37) lui     t5, 0x10
core   0: 3 0x80001b2c (0x00010f37) x30 0x00010000
core   0: 0x80001b30 (0xffff0f13) addi    t5, t5, -1
core   0: 3 0x80001b30 (0xffff0f13) x30 0x0000ffff
core   0: 0x80001b34 (0x33333eb7) lui     t4, 0x33333
core   0: 3 0x80001b34 (0x33333eb7) x29 0x33333000
core   0: 0x80001b38 (0x334e8e93) addi    t4, t4, 820
core   0: 3 0x80001b38 (0x334e8e93) x29 0x33333334
core   0: 0x80001b3c (0x03df5fb3) divu    t6, t5, t4
core   0: 3 0x80001b3c (0x03df5fb3) x31 0x00000000
core   0: 0x80001b40 (0x0bf42823) sw      t6, 176(s0)
core   0: 3 0x80001b40 (0x0bf42823) mem 0x8000661c 0x00000000
core   0: 0x80001b44 (0x00010f37) lui     t5, 0x10
core   0: 3 0x80001b44 (0x00010f37) x30 0x00010000
core   0: 0x80001b48 (0xffff0f13) addi    t5, t5, -1
core   0: 3 0x80001b48 (0xffff0f13) x30 0x0000ffff
core   0: 0x80001b4c (0x66666eb7) lui     t4, 0x66666
core   0: 3 0x80001b4c (0x66666eb7) x29 0x66666000
core   0: 0x80001b50 (0x667e8e93) addi    t4, t4, 1639
core   0: 3 0x80001b50 (0x667e8e93) x29 0x66666667
core   0: 0x80001b54 (0x03df5fb3) divu    t6, t5, t4
core   0: 3 0x80001b54 (0x03df5fb3) x31 0x00000000
core   0: 0x80001b58 (0x0bf42a23) sw      t6, 180(s0)
core   0: 3 0x80001b58 (0x0bf42a23) mem 0x80006620 0x00000000
core   0: 0x80001b5c (0x00010f37) lui     t5, 0x10
core   0: 3 0x80001b5c (0x00010f37) x30 0x00010000
core   0: 0x80001b60 (0xffff0f13) addi    t5, t5, -1
core   0: 3 0x80001b60 (0xffff0f13) x30 0x0000ffff
core   0: 0x80001b64 (0x0000beb7) lui     t4, 0xb
core   0: 3 0x80001b64 (0x0000beb7) x29 0x0000b000
core   0: 0x80001b68 (0x505e8e93) addi    t4, t4, 1285
core   0: 3 0x80001b68 (0x505e8e93) x29 0x0000b505
core   0: 0x80001b6c (0x03df5fb3) divu    t6, t5, t4
core   0: 3 0x80001b6c (0x03df5fb3) x31 0x00000001
core   0: 0x80001b70 (0x0bf42c23) sw      t6, 184(s0)
core   0: 3 0x80001b70 (0x0bf42c23) mem 0x80006624 0x00000001
core   0: 0x80001b74 (0x00010f37) lui     t5, 0x10
core   0: 3 0x80001b74 (0x00010f37) x30 0x00010000
core   0: 0x80001b78 (0xffff0f13) addi    t5, t5, -1
core   0: 3 0x80001b78 (0xffff0f13) x30 0x0000ffff
core   0: 0x80001b7c (0x00100e93) li      t4, 1
core   0: 3 0x80001b7c (0x00100e93) x29 0x00000001
core   0: 0x80001b80 (0x03df5fb3) divu    t6, t5, t4
core   0: 3 0x80001b80 (0x03df5fb3) x31 0x0000ffff
core   0: 0x80001b84 (0x0bf42e23) sw      t6, 188(s0)
core   0: 3 0x80001b84 (0x0bf42e23) mem 0x80006628 0x0000ffff
core   0: 0x80001b88 (0x00010f37) lui     t5, 0x10
core   0: 3 0x80001b88 (0x00010f37) x30 0x00010000
core   0: 0x80001b8c (0xffff0f13) addi    t5, t5, -1
core   0: 3 0x80001b8c (0xffff0f13) x30 0x0000ffff
core   0: 0x80001b90 (0x00010eb7) lui     t4, 0x10
core   0: 3 0x80001b90 (0x00010eb7) x29 0x00010000
core   0: 0x80001b94 (0x03df5fb3) divu    t6, t5, t4
core   0: 3 0x80001b94 (0x03df5fb3) x31 0x00000000
core   0: 0x80001b98 (0x0df42023) sw      t6, 192(s0)
core   0: 3 0x80001b98 (0x0df42023) mem 0x8000662c 0x00000000
core   0: 0x80001b9c (0x00200f13) li      t5, 2
core   0: 3 0x80001b9c (0x00200f13) x30 0x00000002
core   0: 0x80001ba0 (0x00300e93) li      t4, 3
core   0: 3 0x80001ba0 (0x00300e93) x29 0x00000003
core   0: 0x80001ba4 (0x03df5fb3) divu    t6, t5, t4
core   0: 3 0x80001ba4 (0x03df5fb3) x31 0x00000000
core   0: 0x80001ba8 (0x0df42223) sw      t6, 196(s0)
core   0: 3 0x80001ba8 (0x0df42223) mem 0x80006630 0x00000000
core   0: 0x80001bac (0x00200f13) li      t5, 2
core   0: 3 0x80001bac (0x00200f13) x30 0x00000002
core   0: 0x80001bb0 (0x55555eb7) lui     t4, 0x55555
core   0: 3 0x80001bb0 (0x55555eb7) x29 0x55555000
core   0: 0x80001bb4 (0x555e8e93) addi    t4, t4, 1365
core   0: 3 0x80001bb4 (0x555e8e93) x29 0x55555555
core   0: 0x80001bb8 (0x03df5fb3) divu    t6, t5, t4
core   0: 3 0x80001bb8 (0x03df5fb3) x31 0x00000000
core   0: 0x80001bbc (0x0df42423) sw      t6, 200(s0)
core   0: 3 0x80001bbc (0x0df42423) mem 0x80006634 0x00000000
core   0: 0x80001bc0 (0x00200f13) li      t5, 2
core   0: 3 0x80001bc0 (0x00200f13) x30 0x00000002
core   0: 0x80001bc4 (0xaaaabeb7) lui     t4, 0xaaaab
core   0: 3 0x80001bc4 (0xaaaabeb7) x29 0xaaaab000
core   0: 0x80001bc8 (0xaaae8e93) addi    t4, t4, -1366
core   0: 3 0x80001bc8 (0xaaae8e93) x29 0xaaaaaaaa
core   0: 0x80001bcc (0x03df5fb3) divu    t6, t5, t4
core   0: 3 0x80001bcc (0x03df5fb3) x31 0x00000000
core   0: 0x80001bd0 (0x0df42623) sw      t6, 204(s0)
core   0: 3 0x80001bd0 (0x0df42623) mem 0x80006638 0x00000000
core   0: 0x80001bd4 (0x00200f13) li      t5, 2
core   0: 3 0x80001bd4 (0x00200f13) x30 0x00000002
core   0: 0x80001bd8 (0x00500e93) li      t4, 5
core   0: 3 0x80001bd8 (0x00500e93) x29 0x00000005
core   0: 0x80001bdc (0x03df5fb3) divu    t6, t5, t4
core   0: 3 0x80001bdc (0x03df5fb3) x31 0x00000000
core   0: 0x80001be0 (0x0df42823) sw      t6, 208(s0)
core   0: 3 0x80001be0 (0x0df42823) mem 0x8000663c 0x00000000
core   0: 0x80001be4 (0x00200f13) li      t5, 2
core   0: 3 0x80001be4 (0x00200f13) x30 0x00000002
core   0: 0x80001be8 (0x33333eb7) lui     t4, 0x33333
core   0: 3 0x80001be8 (0x33333eb7) x29 0x33333000
core   0: 0x80001bec (0x333e8e93) addi    t4, t4, 819
core   0: 3 0x80001bec (0x333e8e93) x29 0x33333333
core   0: 0x80001bf0 (0x03df5fb3) divu    t6, t5, t4
core   0: 3 0x80001bf0 (0x03df5fb3) x31 0x00000000
core   0: 0x80001bf4 (0x0df42a23) sw      t6, 212(s0)
core   0: 3 0x80001bf4 (0x0df42a23) mem 0x80006640 0x00000000
core   0: 0x80001bf8 (0x00200f13) li      t5, 2
core   0: 3 0x80001bf8 (0x00200f13) x30 0x00000002
core   0: 0x80001bfc (0x66666eb7) lui     t4, 0x66666
core   0: 3 0x80001bfc (0x66666eb7) x29 0x66666000
core   0: 0x80001c00 (0x666e8e93) addi    t4, t4, 1638
core   0: 3 0x80001c00 (0x666e8e93) x29 0x66666666
core   0: 0x80001c04 (0x03df5fb3) divu    t6, t5, t4
core   0: 3 0x80001c04 (0x03df5fb3) x31 0x00000000
core   0: 0x80001c08 (0x0df42c23) sw      t6, 216(s0)
core   0: 3 0x80001c08 (0x0df42c23) mem 0x80006644 0x00000000
core   0: 0x80001c0c (0x00200f13) li      t5, 2
core   0: 3 0x80001c0c (0x00200f13) x30 0x00000002
core   0: 0x80001c10 (0x0000beb7) lui     t4, 0xb
core   0: 3 0x80001c10 (0x0000beb7) x29 0x0000b000
core   0: 0x80001c14 (0x504e8e93) addi    t4, t4, 1284
core   0: 3 0x80001c14 (0x504e8e93) x29 0x0000b504
core   0: 0x80001c18 (0x03df5fb3) divu    t6, t5, t4
core   0: 3 0x80001c18 (0x03df5fb3) x31 0x00000000
core   0: 0x80001c1c (0x0df42e23) sw      t6, 220(s0)
core   0: 3 0x80001c1c (0x0df42e23) mem 0x80006648 0x00000000
core   0: 0x80001c20 (0x00200f13) li      t5, 2
core   0: 3 0x80001c20 (0x00200f13) x30 0x00000002
core   0: 0x80001c24 (0x00010eb7) lui     t4, 0x10
core   0: 3 0x80001c24 (0x00010eb7) x29 0x00010000
core   0: 0x80001c28 (0xfffe8e93) addi    t4, t4, -1
core   0: 3 0x80001c28 (0xfffe8e93) x29 0x0000ffff
core   0: 0x80001c2c (0x03df5fb3) divu    t6, t5, t4
core   0: 3 0x80001c2c (0x03df5fb3) x31 0x00000000
core   0: 0x80001c30 (0x0ff42023) sw      t6, 224(s0)
core   0: 3 0x80001c30 (0x0ff42023) mem 0x8000664c 0x00000000
core   0: 0x80001c34 (0x00200f13) li      t5, 2
core   0: 3 0x80001c34 (0x00200f13) x30 0x00000002
core   0: 0x80001c38 (0x00200e93) li      t4, 2
core   0: 3 0x80001c38 (0x00200e93) x29 0x00000002
core   0: 0x80001c3c (0x03df5fb3) divu    t6, t5, t4
core   0: 3 0x80001c3c (0x03df5fb3) x31 0x00000001
core   0: 0x80001c40 (0x0ff42223) sw      t6, 228(s0)
core   0: 3 0x80001c40 (0x0ff42223) mem 0x80006650 0x00000001
core   0: 0x80001c44 (0x00200f13) li      t5, 2
core   0: 3 0x80001c44 (0x00200f13) x30 0x00000002
core   0: 0x80001c48 (0x55555eb7) lui     t4, 0x55555
core   0: 3 0x80001c48 (0x55555eb7) x29 0x55555000
core   0: 0x80001c4c (0x554e8e93) addi    t4, t4, 1364
core   0: 3 0x80001c4c (0x554e8e93) x29 0x55555554
core   0: 0x80001c50 (0x03df5fb3) divu    t6, t5, t4
core   0: 3 0x80001c50 (0x03df5fb3) x31 0x00000000
core   0: 0x80001c54 (0x0ff42423) sw      t6, 232(s0)
core   0: 3 0x80001c54 (0x0ff42423) mem 0x80006654 0x00000000
core   0: 0x80001c58 (0x00200f13) li      t5, 2
core   0: 3 0x80001c58 (0x00200f13) x30 0x00000002
core   0: 0x80001c5c (0xaaaabeb7) lui     t4, 0xaaaab
core   0: 3 0x80001c5c (0xaaaabeb7) x29 0xaaaab000
core   0: 0x80001c60 (0xaa9e8e93) addi    t4, t4, -1367
core   0: 3 0x80001c60 (0xaa9e8e93) x29 0xaaaaaaa9
core   0: 0x80001c64 (0x03df5fb3) divu    t6, t5, t4
core   0: 3 0x80001c64 (0x03df5fb3) x31 0x00000000
core   0: 0x80001c68 (0x0ff42623) sw      t6, 236(s0)
core   0: 3 0x80001c68 (0x0ff42623) mem 0x80006658 0x00000000
core   0: 0x80001c6c (0x00200f13) li      t5, 2
core   0: 3 0x80001c6c (0x00200f13) x30 0x00000002
core   0: 0x80001c70 (0x33333eb7) lui     t4, 0x33333
core   0: 3 0x80001c70 (0x33333eb7) x29 0x33333000
core   0: 0x80001c74 (0x332e8e93) addi    t4, t4, 818
core   0: 3 0x80001c74 (0x332e8e93) x29 0x33333332
core   0: 0x80001c78 (0x03df5fb3) divu    t6, t5, t4
core   0: 3 0x80001c78 (0x03df5fb3) x31 0x00000000
core   0: 0x80001c7c (0x0ff42823) sw      t6, 240(s0)
core   0: 3 0x80001c7c (0x0ff42823) mem 0x8000665c 0x00000000
core   0: 0x80001c80 (0x00200f13) li      t5, 2
core   0: 3 0x80001c80 (0x00200f13) x30 0x00000002
core   0: 0x80001c84 (0x66666eb7) lui     t4, 0x66666
core   0: 3 0x80001c84 (0x66666eb7) x29 0x66666000
core   0: 0x80001c88 (0x665e8e93) addi    t4, t4, 1637
core   0: 3 0x80001c88 (0x665e8e93) x29 0x66666665
core   0: 0x80001c8c (0x03df5fb3) divu    t6, t5, t4
core   0: 3 0x80001c8c (0x03df5fb3) x31 0x00000000
core   0: 0x80001c90 (0x0ff42a23) sw      t6, 244(s0)
core   0: 3 0x80001c90 (0x0ff42a23) mem 0x80006660 0x00000000
core   0: 0x80001c94 (0x00200f13) li      t5, 2
core   0: 3 0x80001c94 (0x00200f13) x30 0x00000002
core   0: 0x80001c98 (0x0000beb7) lui     t4, 0xb
core   0: 3 0x80001c98 (0x0000beb7) x29 0x0000b000
core   0: 0x80001c9c (0x503e8e93) addi    t4, t4, 1283
core   0: 3 0x80001c9c (0x503e8e93) x29 0x0000b503
core   0: 0x80001ca0 (0x03df5fb3) divu    t6, t5, t4
core   0: 3 0x80001ca0 (0x03df5fb3) x31 0x00000000
core   0: 0x80001ca4 (0x0ff42c23) sw      t6, 248(s0)
core   0: 3 0x80001ca4 (0x0ff42c23) mem 0x80006664 0x00000000
core   0: 0x80001ca8 (0x00200f13) li      t5, 2
core   0: 3 0x80001ca8 (0x00200f13) x30 0x00000002
core   0: 0x80001cac (0x00000e93) li      t4, 0
core   0: 3 0x80001cac (0x00000e93) x29 0x00000000
core   0: 0x80001cb0 (0x03df5fb3) divu    t6, t5, t4
core   0: 3 0x80001cb0 (0x03df5fb3) x31 0xffffffff
core   0: 0x80001cb4 (0x0ff42e23) sw      t6, 252(s0)
core   0: 3 0x80001cb4 (0x0ff42e23) mem 0x80006668 0xffffffff
core   0: 0x80001cb8 (0x00200f13) li      t5, 2
core   0: 3 0x80001cb8 (0x00200f13) x30 0x00000002
core   0: 0x80001cbc (0x00010eb7) lui     t4, 0x10
core   0: 3 0x80001cbc (0x00010eb7) x29 0x00010000
core   0: 0x80001cc0 (0xffee8e93) addi    t4, t4, -2
core   0: 3 0x80001cc0 (0xffee8e93) x29 0x0000fffe
core   0: 0x80001cc4 (0x03df5fb3) divu    t6, t5, t4
core   0: 3 0x80001cc4 (0x03df5fb3) x31 0x00000000
core   0: 0x80001cc8 (0x11f42023) sw      t6, 256(s0)
core   0: 3 0x80001cc8 (0x11f42023) mem 0x8000666c 0x00000000
core   0: 0x80001ccc (0x00200f13) li      t5, 2
core   0: 3 0x80001ccc (0x00200f13) x30 0x00000002
core   0: 0x80001cd0 (0x00400e93) li      t4, 4
core   0: 3 0x80001cd0 (0x00400e93) x29 0x00000004
core   0: 0x80001cd4 (0x03df5fb3) divu    t6, t5, t4
core   0: 3 0x80001cd4 (0x03df5fb3) x31 0x00000000
core   0: 0x80001cd8 (0x11f42223) sw      t6, 260(s0)
core   0: 3 0x80001cd8 (0x11f42223) mem 0x80006670 0x00000000
core   0: 0x80001cdc (0x00200f13) li      t5, 2
core   0: 3 0x80001cdc (0x00200f13) x30 0x00000002
core   0: 0x80001ce0 (0x55555eb7) lui     t4, 0x55555
core   0: 3 0x80001ce0 (0x55555eb7) x29 0x55555000
core   0: 0x80001ce4 (0x556e8e93) addi    t4, t4, 1366
core   0: 3 0x80001ce4 (0x556e8e93) x29 0x55555556
core   0: 0x80001ce8 (0x03df5fb3) divu    t6, t5, t4
core   0: 3 0x80001ce8 (0x03df5fb3) x31 0x00000000
core   0: 0x80001cec (0x11f42423) sw      t6, 264(s0)
core   0: 3 0x80001cec (0x11f42423) mem 0x80006674 0x00000000
core   0: 0x80001cf0 (0x00200f13) li      t5, 2
core   0: 3 0x80001cf0 (0x00200f13) x30 0x00000002
core   0: 0x80001cf4 (0xaaaabeb7) lui     t4, 0xaaaab
core   0: 3 0x80001cf4 (0xaaaabeb7) x29 0xaaaab000
core   0: 0x80001cf8 (0xaabe8e93) addi    t4, t4, -1365
core   0: 3 0x80001cf8 (0xaabe8e93) x29 0xaaaaaaab
core   0: 0x80001cfc (0x03df5fb3) divu    t6, t5, t4
core   0: 3 0x80001cfc (0x03df5fb3) x31 0x00000000
core   0: 0x80001d00 (0x11f42623) sw      t6, 268(s0)
core   0: 3 0x80001d00 (0x11f42623) mem 0x80006678 0x00000000
core   0: 0x80001d04 (0x00200f13) li      t5, 2
core   0: 3 0x80001d04 (0x00200f13) x30 0x00000002
core   0: 0x80001d08 (0x00600e93) li      t4, 6
core   0: 3 0x80001d08 (0x00600e93) x29 0x00000006
core   0: 0x80001d0c (0x03df5fb3) divu    t6, t5, t4
core   0: 3 0x80001d0c (0x03df5fb3) x31 0x00000000
core   0: 0x80001d10 (0x11f42823) sw      t6, 272(s0)
core   0: 3 0x80001d10 (0x11f42823) mem 0x8000667c 0x00000000
core   0: 0x80001d14 (0x00200f13) li      t5, 2
core   0: 3 0x80001d14 (0x00200f13) x30 0x00000002
core   0: 0x80001d18 (0x33333eb7) lui     t4, 0x33333
core   0: 3 0x80001d18 (0x33333eb7) x29 0x33333000
core   0: 0x80001d1c (0x334e8e93) addi    t4, t4, 820
core   0: 3 0x80001d1c (0x334e8e93) x29 0x33333334
core   0: 0x80001d20 (0x03df5fb3) divu    t6, t5, t4
core   0: 3 0x80001d20 (0x03df5fb3) x31 0x00000000
core   0: 0x80001d24 (0x11f42a23) sw      t6, 276(s0)
core   0: 3 0x80001d24 (0x11f42a23) mem 0x80006680 0x00000000
core   0: 0x80001d28 (0x00200f13) li      t5, 2
core   0: 3 0x80001d28 (0x00200f13) x30 0x00000002
core   0: 0x80001d2c (0x66666eb7) lui     t4, 0x66666
core   0: 3 0x80001d2c (0x66666eb7) x29 0x66666000
core   0: 0x80001d30 (0x667e8e93) addi    t4, t4, 1639
core   0: 3 0x80001d30 (0x667e8e93) x29 0x66666667
core   0: 0x80001d34 (0x03df5fb3) divu    t6, t5, t4
core   0: 3 0x80001d34 (0x03df5fb3) x31 0x00000000
core   0: 0x80001d38 (0x11f42c23) sw      t6, 280(s0)
core   0: 3 0x80001d38 (0x11f42c23) mem 0x80006684 0x00000000
core   0: 0x80001d3c (0x00200f13) li      t5, 2
core   0: 3 0x80001d3c (0x00200f13) x30 0x00000002
core   0: 0x80001d40 (0x0000beb7) lui     t4, 0xb
core   0: 3 0x80001d40 (0x0000beb7) x29 0x0000b000
core   0: 0x80001d44 (0x505e8e93) addi    t4, t4, 1285
core   0: 3 0x80001d44 (0x505e8e93) x29 0x0000b505
core   0: 0x80001d48 (0x03df5fb3) divu    t6, t5, t4
core   0: 3 0x80001d48 (0x03df5fb3) x31 0x00000000
core   0: 0x80001d4c (0x11f42e23) sw      t6, 284(s0)
core   0: 3 0x80001d4c (0x11f42e23) mem 0x80006688 0x00000000
core   0: 0x80001d50 (0x00200f13) li      t5, 2
core   0: 3 0x80001d50 (0x00200f13) x30 0x00000002
core   0: 0x80001d54 (0x00100e93) li      t4, 1
core   0: 3 0x80001d54 (0x00100e93) x29 0x00000001
core   0: 0x80001d58 (0x03df5fb3) divu    t6, t5, t4
core   0: 3 0x80001d58 (0x03df5fb3) x31 0x00000002
core   0: 0x80001d5c (0x13f42023) sw      t6, 288(s0)
core   0: 3 0x80001d5c (0x13f42023) mem 0x8000668c 0x00000002
core   0: 0x80001d60 (0x55555f37) lui     t5, 0x55555
core   0: 3 0x80001d60 (0x55555f37) x30 0x55555000
core   0: 0x80001d64 (0x554f0f13) addi    t5, t5, 1364
core   0: 3 0x80001d64 (0x554f0f13) x30 0x55555554
core   0: 0x80001d68 (0x00300e93) li      t4, 3
core   0: 3 0x80001d68 (0x00300e93) x29 0x00000003
core   0: 0x80001d6c (0x03df5fb3) divu    t6, t5, t4
core   0: 3 0x80001d6c (0x03df5fb3) x31 0x1c71c71c
core   0: 0x80001d70 (0x13f42223) sw      t6, 292(s0)
core   0: 3 0x80001d70 (0x13f42223) mem 0x80006690 0x1c71c71c
core   0: 0x80001d74 (0x55555f37) lui     t5, 0x55555
core   0: 3 0x80001d74 (0x55555f37) x30 0x55555000
core   0: 0x80001d78 (0x554f0f13) addi    t5, t5, 1364
core   0: 3 0x80001d78 (0x554f0f13) x30 0x55555554
core   0: 0x80001d7c (0x55555eb7) lui     t4, 0x55555
core   0: 3 0x80001d7c (0x55555eb7) x29 0x55555000
core   0: 0x80001d80 (0x555e8e93) addi    t4, t4, 1365
core   0: 3 0x80001d80 (0x555e8e93) x29 0x55555555
core   0: 0x80001d84 (0x03df5fb3) divu    t6, t5, t4
core   0: 3 0x80001d84 (0x03df5fb3) x31 0x00000000
core   0: 0x80001d88 (0x13f42423) sw      t6, 296(s0)
core   0: 3 0x80001d88 (0x13f42423) mem 0x80006694 0x00000000
core   0: 0x80001d8c (0x55555f37) lui     t5, 0x55555
core   0: 3 0x80001d8c (0x55555f37) x30 0x55555000
core   0: 0x80001d90 (0x554f0f13) addi    t5, t5, 1364
core   0: 3 0x80001d90 (0x554f0f13) x30 0x55555554
core   0: 0x80001d94 (0xaaaabeb7) lui     t4, 0xaaaab
core   0: 3 0x80001d94 (0xaaaabeb7) x29 0xaaaab000
core   0: 0x80001d98 (0xaaae8e93) addi    t4, t4, -1366
core   0: 3 0x80001d98 (0xaaae8e93) x29 0xaaaaaaaa
core   0: 0x80001d9c (0x03df5fb3) divu    t6, t5, t4
core   0: 3 0x80001d9c (0x03df5fb3) x31 0x00000000
core   0: 0x80001da0 (0x13f42623) sw      t6, 300(s0)
core   0: 3 0x80001da0 (0x13f42623) mem 0x80006698 0x00000000
core   0: 0x80001da4 (0x55555f37) lui     t5, 0x55555
core   0: 3 0x80001da4 (0x55555f37) x30 0x55555000
core   0: 0x80001da8 (0x554f0f13) addi    t5, t5, 1364
core   0: 3 0x80001da8 (0x554f0f13) x30 0x55555554
core   0: 0x80001dac (0x00500e93) li      t4, 5
core   0: 3 0x80001dac (0x00500e93) x29 0x00000005
core   0: 0x80001db0 (0x03df5fb3) divu    t6, t5, t4
core   0: 3 0x80001db0 (0x03df5fb3) x31 0x11111110
core   0: 0x80001db4 (0x13f42823) sw      t6, 304(s0)
core   0: 3 0x80001db4 (0x13f42823) mem 0x8000669c 0x11111110
core   0: 0x80001db8 (0x55555f37) lui     t5, 0x55555
core   0: 3 0x80001db8 (0x55555f37) x30 0x55555000
core   0: 0x80001dbc (0x554f0f13) addi    t5, t5, 1364
core   0: 3 0x80001dbc (0x554f0f13) x30 0x55555554
core   0: 0x80001dc0 (0x33333eb7) lui     t4, 0x33333
core   0: 3 0x80001dc0 (0x33333eb7) x29 0x33333000
core   0: 0x80001dc4 (0x333e8e93) addi    t4, t4, 819
core   0: 3 0x80001dc4 (0x333e8e93) x29 0x33333333
core   0: 0x80001dc8 (0x03df5fb3) divu    t6, t5, t4
core   0: 3 0x80001dc8 (0x03df5fb3) x31 0x00000001
core   0: 0x80001dcc (0x13f42a23) sw      t6, 308(s0)
core   0: 3 0x80001dcc (0x13f42a23) mem 0x800066a0 0x00000001
core   0: 0x80001dd0 (0x55555f37) lui     t5, 0x55555
core   0: 3 0x80001dd0 (0x55555f37) x30 0x55555000
core   0: 0x80001dd4 (0x554f0f13) addi    t5, t5, 1364
core   0: 3 0x80001dd4 (0x554f0f13) x30 0x55555554
core   0: 0x80001dd8 (0x66666eb7) lui     t4, 0x66666
core   0: 3 0x80001dd8 (0x66666eb7) x29 0x66666000
core   0: 0x80001ddc (0x666e8e93) addi    t4, t4, 1638
core   0: 3 0x80001ddc (0x666e8e93) x29 0x66666666
core   0: 0x80001de0 (0x03df5fb3) divu    t6, t5, t4
core   0: 3 0x80001de0 (0x03df5fb3) x31 0x00000000
core   0: 0x80001de4 (0x13f42c23) sw      t6, 312(s0)
core   0: 3 0x80001de4 (0x13f42c23) mem 0x800066a4 0x00000000
core   0: 0x80001de8 (0x55555f37) lui     t5, 0x55555
core   0: 3 0x80001de8 (0x55555f37) x30 0x55555000
core   0: 0x80001dec (0x554f0f13) addi    t5, t5, 1364
core   0: 3 0x80001dec (0x554f0f13) x30 0x55555554
core   0: 0x80001df0 (0x0000beb7) lui     t4, 0xb
core   0: 3 0x80001df0 (0x0000beb7) x29 0x0000b000
core   0: 0x80001df4 (0x504e8e93) addi    t4, t4, 1284
core   0: 3 0x80001df4 (0x504e8e93) x29 0x0000b504
core   0: 0x80001df8 (0x03df5fb3) divu    t6, t5, t4
core   0: 3 0x80001df8 (0x03df5fb3) x31 0x000078ae
core   0: 0x80001dfc (0x13f42e23) sw      t6, 316(s0)
core   0: 3 0x80001dfc (0x13f42e23) mem 0x800066a8 0x000078ae
core   0: 0x80001e00 (0x55555f37) lui     t5, 0x55555
core   0: 3 0x80001e00 (0x55555f37) x30 0x55555000
core   0: 0x80001e04 (0x554f0f13) addi    t5, t5, 1364
core   0: 3 0x80001e04 (0x554f0f13) x30 0x55555554
core   0: 0x80001e08 (0x00010eb7) lui     t4, 0x10
core   0: 3 0x80001e08 (0x00010eb7) x29 0x00010000
core   0: 0x80001e0c (0xfffe8e93) addi    t4, t4, -1
core   0: 3 0x80001e0c (0xfffe8e93) x29 0x0000ffff
core   0: 0x80001e10 (0x03df5fb3) divu    t6, t5, t4
core   0: 3 0x80001e10 (0x03df5fb3) x31 0x00005555
core   0: 0x80001e14 (0x15f42023) sw      t6, 320(s0)
core   0: 3 0x80001e14 (0x15f42023) mem 0x800066ac 0x00005555
core   0: 0x80001e18 (0x55555f37) lui     t5, 0x55555
core   0: 3 0x80001e18 (0x55555f37) x30 0x55555000
core   0: 0x80001e1c (0x554f0f13) addi    t5, t5, 1364
core   0: 3 0x80001e1c (0x554f0f13) x30 0x55555554
core   0: 0x80001e20 (0x00200e93) li      t4, 2
core   0: 3 0x80001e20 (0x00200e93) x29 0x00000002
core   0: 0x80001e24 (0x03df5fb3) divu    t6, t5, t4
core   0: 3 0x80001e24 (0x03df5fb3) x31 0x2aaaaaaa
core   0: 0x80001e28 (0x15f42223) sw      t6, 324(s0)
core   0: 3 0x80001e28 (0x15f42223) mem 0x800066b0 0x2aaaaaaa
core   0: 0x80001e2c (0x55555f37) lui     t5, 0x55555
core   0: 3 0x80001e2c (0x55555f37) x30 0x55555000
core   0: 0x80001e30 (0x554f0f13) addi    t5, t5, 1364
core   0: 3 0x80001e30 (0x554f0f13) x30 0x55555554
core   0: 0x80001e34 (0x55555eb7) lui     t4, 0x55555
core   0: 3 0x80001e34 (0x55555eb7) x29 0x55555000
core   0: 0x80001e38 (0x554e8e93) addi    t4, t4, 1364
core   0: 3 0x80001e38 (0x554e8e93) x29 0x55555554
core   0: 0x80001e3c (0x03df5fb3) divu    t6, t5, t4
core   0: 3 0x80001e3c (0x03df5fb3) x31 0x00000001
core   0: 0x80001e40 (0x15f42423) sw      t6, 328(s0)
core   0: 3 0x80001e40 (0x15f42423) mem 0x800066b4 0x00000001
core   0: 0x80001e44 (0x55555f37) lui     t5, 0x55555
core   0: 3 0x80001e44 (0x55555f37) x30 0x55555000
core   0: 0x80001e48 (0x554f0f13) addi    t5, t5, 1364
core   0: 3 0x80001e48 (0x554f0f13) x30 0x55555554
core   0: 0x80001e4c (0xaaaabeb7) lui     t4, 0xaaaab
core   0: 3 0x80001e4c (0xaaaabeb7) x29 0xaaaab000
core   0: 0x80001e50 (0xaa9e8e93) addi    t4, t4, -1367
core   0: 3 0x80001e50 (0xaa9e8e93) x29 0xaaaaaaa9
core   0: 0x80001e54 (0x03df5fb3) divu    t6, t5, t4
core   0: 3 0x80001e54 (0x03df5fb3) x31 0x00000000
core   0: 0x80001e58 (0x15f42623) sw      t6, 332(s0)
core   0: 3 0x80001e58 (0x15f42623) mem 0x800066b8 0x00000000
core   0: 0x80001e5c (0x55555f37) lui     t5, 0x55555
core   0: 3 0x80001e5c (0x55555f37) x30 0x55555000
core   0: 0x80001e60 (0x554f0f13) addi    t5, t5, 1364
core   0: 3 0x80001e60 (0x554f0f13) x30 0x55555554
core   0: 0x80001e64 (0x33333eb7) lui     t4, 0x33333
core   0: 3 0x80001e64 (0x33333eb7) x29 0x33333000
core   0: 0x80001e68 (0x332e8e93) addi    t4, t4, 818
core   0: 3 0x80001e68 (0x332e8e93) x29 0x33333332
core   0: 0x80001e6c (0x03df5fb3) divu    t6, t5, t4
core   0: 3 0x80001e6c (0x03df5fb3) x31 0x00000001
core   0: 0x80001e70 (0x15f42823) sw      t6, 336(s0)
core   0: 3 0x80001e70 (0x15f42823) mem 0x800066bc 0x00000001
core   0: 0x80001e74 (0x55555f37) lui     t5, 0x55555
core   0: 3 0x80001e74 (0x55555f37) x30 0x55555000
core   0: 0x80001e78 (0x554f0f13) addi    t5, t5, 1364
core   0: 3 0x80001e78 (0x554f0f13) x30 0x55555554
core   0: 0x80001e7c (0x66666eb7) lui     t4, 0x66666
core   0: 3 0x80001e7c (0x66666eb7) x29 0x66666000
core   0: 0x80001e80 (0x665e8e93) addi    t4, t4, 1637
core   0: 3 0x80001e80 (0x665e8e93) x29 0x66666665
core   0: 0x80001e84 (0x03df5fb3) divu    t6, t5, t4
core   0: 3 0x80001e84 (0x03df5fb3) x31 0x00000000
core   0: 0x80001e88 (0x15f42a23) sw      t6, 340(s0)
core   0: 3 0x80001e88 (0x15f42a23) mem 0x800066c0 0x00000000
core   0: 0x80001e8c (0x55555f37) lui     t5, 0x55555
core   0: 3 0x80001e8c (0x55555f37) x30 0x55555000
core   0: 0x80001e90 (0x554f0f13) addi    t5, t5, 1364
core   0: 3 0x80001e90 (0x554f0f13) x30 0x55555554
core   0: 0x80001e94 (0x0000beb7) lui     t4, 0xb
core   0: 3 0x80001e94 (0x0000beb7) x29 0x0000b000
core   0: 0x80001e98 (0x503e8e93) addi    t4, t4, 1283
core   0: 3 0x80001e98 (0x503e8e93) x29 0x0000b503
core   0: 0x80001e9c (0x03df5fb3) divu    t6, t5, t4
core   0: 3 0x80001e9c (0x03df5fb3) x31 0x000078af
core   0: 0x80001ea0 (0x15f42c23) sw      t6, 344(s0)
core   0: 3 0x80001ea0 (0x15f42c23) mem 0x800066c4 0x000078af
core   0: 0x80001ea4 (0x55555f37) lui     t5, 0x55555
core   0: 3 0x80001ea4 (0x55555f37) x30 0x55555000
core   0: 0x80001ea8 (0x554f0f13) addi    t5, t5, 1364
core   0: 3 0x80001ea8 (0x554f0f13) x30 0x55555554
core   0: 0x80001eac (0x00000e93) li      t4, 0
core   0: 3 0x80001eac (0x00000e93) x29 0x00000000
core   0: 0x80001eb0 (0x03df5fb3) divu    t6, t5, t4
core   0: 3 0x80001eb0 (0x03df5fb3) x31 0xffffffff
core   0: 0x80001eb4 (0x15f42e23) sw      t6, 348(s0)
core   0: 3 0x80001eb4 (0x15f42e23) mem 0x800066c8 0xffffffff
core   0: 0x80001eb8 (0x55555f37) lui     t5, 0x55555
core   0: 3 0x80001eb8 (0x55555f37) x30 0x55555000
core   0: 0x80001ebc (0x554f0f13) addi    t5, t5, 1364
core   0: 3 0x80001ebc (0x554f0f13) x30 0x55555554
core   0: 0x80001ec0 (0x00010eb7) lui     t4, 0x10
core   0: 3 0x80001ec0 (0x00010eb7) x29 0x00010000
core   0: 0x80001ec4 (0xffee8e93) addi    t4, t4, -2
core   0: 3 0x80001ec4 (0xffee8e93) x29 0x0000fffe
core   0: 0x80001ec8 (0x03df5fb3) divu    t6, t5, t4
core   0: 3 0x80001ec8 (0x03df5fb3) x31 0x00005556
core   0: 0x80001ecc (0x17f42023) sw      t6, 352(s0)
core   0: 3 0x80001ecc (0x17f42023) mem 0x800066cc 0x00005556
core   0: 0x80001ed0 (0x55555f37) lui     t5, 0x55555
core   0: 3 0x80001ed0 (0x55555f37) x30 0x55555000
core   0: 0x80001ed4 (0x554f0f13) addi    t5, t5, 1364
core   0: 3 0x80001ed4 (0x554f0f13) x30 0x55555554
core   0: 0x80001ed8 (0x00400e93) li      t4, 4
core   0: 3 0x80001ed8 (0x00400e93) x29 0x00000004
core   0: 0x80001edc (0x03df5fb3) divu    t6, t5, t4
core   0: 3 0x80001edc (0x03df5fb3) x31 0x15555555
core   0: 0x80001ee0 (0x17f42223) sw      t6, 356(s0)
core   0: 3 0x80001ee0 (0x17f42223) mem 0x800066d0 0x15555555
core   0: 0x80001ee4 (0x55555f37) lui     t5, 0x55555
core   0: 3 0x80001ee4 (0x55555f37) x30 0x55555000
core   0: 0x80001ee8 (0x554f0f13) addi    t5, t5, 1364
core   0: 3 0x80001ee8 (0x554f0f13) x30 0x55555554
core   0: 0x80001eec (0x55555eb7) lui     t4, 0x55555
core   0: 3 0x80001eec (0x55555eb7) x29 0x55555000
core   0: 0x80001ef0 (0x556e8e93) addi    t4, t4, 1366
core   0: 3 0x80001ef0 (0x556e8e93) x29 0x55555556
core   0: 0x80001ef4 (0x03df5fb3) divu    t6, t5, t4
core   0: 3 0x80001ef4 (0x03df5fb3) x31 0x00000000
core   0: 0x80001ef8 (0x17f42423) sw      t6, 360(s0)
core   0: 3 0x80001ef8 (0x17f42423) mem 0x800066d4 0x00000000
core   0: 0x80001efc (0x55555f37) lui     t5, 0x55555
core   0: 3 0x80001efc (0x55555f37) x30 0x55555000
core   0: 0x80001f00 (0x554f0f13) addi    t5, t5, 1364
core   0: 3 0x80001f00 (0x554f0f13) x30 0x55555554
core   0: 0x80001f04 (0xaaaabeb7) lui     t4, 0xaaaab
core   0: 3 0x80001f04 (0xaaaabeb7) x29 0xaaaab000
core   0: 0x80001f08 (0xaabe8e93) addi    t4, t4, -1365
core   0: 3 0x80001f08 (0xaabe8e93) x29 0xaaaaaaab
core   0: 0x80001f0c (0x03df5fb3) divu    t6, t5, t4
core   0: 3 0x80001f0c (0x03df5fb3) x31 0x00000000
core   0: 0x80001f10 (0x17f42623) sw      t6, 364(s0)
core   0: 3 0x80001f10 (0x17f42623) mem 0x800066d8 0x00000000
core   0: 0x80001f14 (0x55555f37) lui     t5, 0x55555
core   0: 3 0x80001f14 (0x55555f37) x30 0x55555000
core   0: 0x80001f18 (0x554f0f13) addi    t5, t5, 1364
core   0: 3 0x80001f18 (0x554f0f13) x30 0x55555554
core   0: 0x80001f1c (0x00600e93) li      t4, 6
core   0: 3 0x80001f1c (0x00600e93) x29 0x00000006
core   0: 0x80001f20 (0x03df5fb3) divu    t6, t5, t4
core   0: 3 0x80001f20 (0x03df5fb3) x31 0x0e38e38e
core   0: 0x80001f24 (0x17f42823) sw      t6, 368(s0)
core   0: 3 0x80001f24 (0x17f42823) mem 0x800066dc 0x0e38e38e
core   0: 0x80001f28 (0x55555f37) lui     t5, 0x55555
core   0: 3 0x80001f28 (0x55555f37) x30 0x55555000
core   0: 0x80001f2c (0x554f0f13) addi    t5, t5, 1364
core   0: 3 0x80001f2c (0x554f0f13) x30 0x55555554
core   0: 0x80001f30 (0x33333eb7) lui     t4, 0x33333
core   0: 3 0x80001f30 (0x33333eb7) x29 0x33333000
core   0: 0x80001f34 (0x334e8e93) addi    t4, t4, 820
core   0: 3 0x80001f34 (0x334e8e93) x29 0x33333334
core   0: 0x80001f38 (0x03df5fb3) divu    t6, t5, t4
core   0: 3 0x80001f38 (0x03df5fb3) x31 0x00000001
core   0: 0x80001f3c (0x17f42a23) sw      t6, 372(s0)
core   0: 3 0x80001f3c (0x17f42a23) mem 0x800066e0 0x00000001
core   0: 0x80001f40 (0x55555f37) lui     t5, 0x55555
core   0: 3 0x80001f40 (0x55555f37) x30 0x55555000
core   0: 0x80001f44 (0x554f0f13) addi    t5, t5, 1364
core   0: 3 0x80001f44 (0x554f0f13) x30 0x55555554
core   0: 0x80001f48 (0x66666eb7) lui     t4, 0x66666
core   0: 3 0x80001f48 (0x66666eb7) x29 0x66666000
core   0: 0x80001f4c (0x667e8e93) addi    t4, t4, 1639
core   0: 3 0x80001f4c (0x667e8e93) x29 0x66666667
core   0: 0x80001f50 (0x03df5fb3) divu    t6, t5, t4
core   0: 3 0x80001f50 (0x03df5fb3) x31 0x00000000
core   0: 0x80001f54 (0x17f42c23) sw      t6, 376(s0)
core   0: 3 0x80001f54 (0x17f42c23) mem 0x800066e4 0x00000000
core   0: 0x80001f58 (0x55555f37) lui     t5, 0x55555
core   0: 3 0x80001f58 (0x55555f37) x30 0x55555000
core   0: 0x80001f5c (0x554f0f13) addi    t5, t5, 1364
core   0: 3 0x80001f5c (0x554f0f13) x30 0x55555554
core   0: 0x80001f60 (0x0000beb7) lui     t4, 0xb
core   0: 3 0x80001f60 (0x0000beb7) x29 0x0000b000
core   0: 0x80001f64 (0x505e8e93) addi    t4, t4, 1285
core   0: 3 0x80001f64 (0x505e8e93) x29 0x0000b505
core   0: 0x80001f68 (0x03df5fb3) divu    t6, t5, t4
core   0: 3 0x80001f68 (0x03df5fb3) x31 0x000078ad
core   0: 0x80001f6c (0x17f42e23) sw      t6, 380(s0)
core   0: 3 0x80001f6c (0x17f42e23) mem 0x800066e8 0x000078ad
core   0: 0x80001f70 (0x55555f37) lui     t5, 0x55555
core   0: 3 0x80001f70 (0x55555f37) x30 0x55555000
core   0: 0x80001f74 (0x554f0f13) addi    t5, t5, 1364
core   0: 3 0x80001f74 (0x554f0f13) x30 0x55555554
core   0: 0x80001f78 (0x00100e93) li      t4, 1
core   0: 3 0x80001f78 (0x00100e93) x29 0x00000001
core   0: 0x80001f7c (0x03df5fb3) divu    t6, t5, t4
core   0: 3 0x80001f7c (0x03df5fb3) x31 0x55555554
core   0: 0x80001f80 (0x19f42023) sw      t6, 384(s0)
core   0: 3 0x80001f80 (0x19f42023) mem 0x800066ec 0x55555554
core   0: 0x80001f84 (0x55555f37) lui     t5, 0x55555
core   0: 3 0x80001f84 (0x55555f37) x30 0x55555000
core   0: 0x80001f88 (0x554f0f13) addi    t5, t5, 1364
core   0: 3 0x80001f88 (0x554f0f13) x30 0x55555554
core   0: 0x80001f8c (0x00010eb7) lui     t4, 0x10
core   0: 3 0x80001f8c (0x00010eb7) x29 0x00010000
core   0: 0x80001f90 (0x03df5fb3) divu    t6, t5, t4
core   0: 3 0x80001f90 (0x03df5fb3) x31 0x00005555
core   0: 0x80001f94 (0x19f42223) sw      t6, 388(s0)
core   0: 3 0x80001f94 (0x19f42223) mem 0x800066f0 0x00005555
core   0: 0x80001f98 (0xaaaabf37) lui     t5, 0xaaaab
core   0: 3 0x80001f98 (0xaaaabf37) x30 0xaaaab000
core   0: 0x80001f9c (0xaa9f0f13) addi    t5, t5, -1367
core   0: 3 0x80001f9c (0xaa9f0f13) x30 0xaaaaaaa9
core   0: 0x80001fa0 (0x00300e93) li      t4, 3
core   0: 3 0x80001fa0 (0x00300e93) x29 0x00000003
core   0: 0x80001fa4 (0x03df5fb3) divu    t6, t5, t4
core   0: 3 0x80001fa4 (0x03df5fb3) x31 0x38e38e38
core   0: 0x80001fa8 (0x19f42423) sw      t6, 392(s0)
core   0: 3 0x80001fa8 (0x19f42423) mem 0x800066f4 0x38e38e38
core   0: 0x80001fac (0xaaaabf37) lui     t5, 0xaaaab
core   0: 3 0x80001fac (0xaaaabf37) x30 0xaaaab000
core   0: 0x80001fb0 (0xaa9f0f13) addi    t5, t5, -1367
core   0: 3 0x80001fb0 (0xaa9f0f13) x30 0xaaaaaaa9
core   0: 0x80001fb4 (0x55555eb7) lui     t4, 0x55555
core   0: 3 0x80001fb4 (0x55555eb7) x29 0x55555000
core   0: 0x80001fb8 (0x555e8e93) addi    t4, t4, 1365
core   0: 3 0x80001fb8 (0x555e8e93) x29 0x55555555
core   0: 0x80001fbc (0x03df5fb3) divu    t6, t5, t4
core   0: 3 0x80001fbc (0x03df5fb3) x31 0x00000001
core   0: 0x80001fc0 (0x19f42623) sw      t6, 396(s0)
core   0: 3 0x80001fc0 (0x19f42623) mem 0x800066f8 0x00000001
core   0: 0x80001fc4 (0xaaaabf37) lui     t5, 0xaaaab
core   0: 3 0x80001fc4 (0xaaaabf37) x30 0xaaaab000
core   0: 0x80001fc8 (0xaa9f0f13) addi    t5, t5, -1367
core   0: 3 0x80001fc8 (0xaa9f0f13) x30 0xaaaaaaa9
core   0: 0x80001fcc (0xaaaabeb7) lui     t4, 0xaaaab
core   0: 3 0x80001fcc (0xaaaabeb7) x29 0xaaaab000
core   0: 0x80001fd0 (0xaaae8e93) addi    t4, t4, -1366
core   0: 3 0x80001fd0 (0xaaae8e93) x29 0xaaaaaaaa
core   0: 0x80001fd4 (0x03df5fb3) divu    t6, t5, t4
core   0: 3 0x80001fd4 (0x03df5fb3) x31 0x00000000
core   0: 0x80001fd8 (0x19f42823) sw      t6, 400(s0)
core   0: 3 0x80001fd8 (0x19f42823) mem 0x800066fc 0x00000000
core   0: 0x80001fdc (0xaaaabf37) lui     t5, 0xaaaab
core   0: 3 0x80001fdc (0xaaaabf37) x30 0xaaaab000
core   0: 0x80001fe0 (0xaa9f0f13) addi    t5, t5, -1367
core   0: 3 0x80001fe0 (0xaa9f0f13) x30 0xaaaaaaa9
core   0: 0x80001fe4 (0x00500e93) li      t4, 5
core   0: 3 0x80001fe4 (0x00500e93) x29 0x00000005
core   0: 0x80001fe8 (0x03df5fb3) divu    t6, t5, t4
core   0: 3 0x80001fe8 (0x03df5fb3) x31 0x22222221
core   0: 0x80001fec (0x19f42a23) sw      t6, 404(s0)
core   0: 3 0x80001fec (0x19f42a23) mem 0x80006700 0x22222221
core   0: 0x80001ff0 (0xaaaabf37) lui     t5, 0xaaaab
core   0: 3 0x80001ff0 (0xaaaabf37) x30 0xaaaab000
core   0: 0x80001ff4 (0xaa9f0f13) addi    t5, t5, -1367
core   0: 3 0x80001ff4 (0xaa9f0f13) x30 0xaaaaaaa9
core   0: 0x80001ff8 (0x33333eb7) lui     t4, 0x33333
core   0: 3 0x80001ff8 (0x33333eb7) x29 0x33333000
core   0: 0x80001ffc (0x333e8e93) addi    t4, t4, 819
core   0: 3 0x80001ffc (0x333e8e93) x29 0x33333333
core   0: 0x80002000 (0x03df5fb3) divu    t6, t5, t4
core   0: 3 0x80002000 (0x03df5fb3) x31 0x00000003
core   0: 0x80002004 (0x19f42c23) sw      t6, 408(s0)
core   0: 3 0x80002004 (0x19f42c23) mem 0x80006704 0x00000003
core   0: 0x80002008 (0xaaaabf37) lui     t5, 0xaaaab
core   0: 3 0x80002008 (0xaaaabf37) x30 0xaaaab000
core   0: 0x8000200c (0xaa9f0f13) addi    t5, t5, -1367
core   0: 3 0x8000200c (0xaa9f0f13) x30 0xaaaaaaa9
core   0: 0x80002010 (0x66666eb7) lui     t4, 0x66666
core   0: 3 0x80002010 (0x66666eb7) x29 0x66666000
core   0: 0x80002014 (0x666e8e93) addi    t4, t4, 1638
core   0: 3 0x80002014 (0x666e8e93) x29 0x66666666
core   0: 0x80002018 (0x03df5fb3) divu    t6, t5, t4
core   0: 3 0x80002018 (0x03df5fb3) x31 0x00000001
core   0: 0x8000201c (0x19f42e23) sw      t6, 412(s0)
core   0: 3 0x8000201c (0x19f42e23) mem 0x80006708 0x00000001
core   0: 0x80002020 (0xaaaabf37) lui     t5, 0xaaaab
core   0: 3 0x80002020 (0xaaaabf37) x30 0xaaaab000
core   0: 0x80002024 (0xaa9f0f13) addi    t5, t5, -1367
core   0: 3 0x80002024 (0xaa9f0f13) x30 0xaaaaaaa9
core   0: 0x80002028 (0x0000beb7) lui     t4, 0xb
core   0: 3 0x80002028 (0x0000beb7) x29 0x0000b000
core   0: 0x8000202c (0x504e8e93) addi    t4, t4, 1284
core   0: 3 0x8000202c (0x504e8e93) x29 0x0000b504
core   0: 0x80002030 (0x03df5fb3) divu    t6, t5, t4
core   0: 3 0x80002030 (0x03df5fb3) x31 0x0000f15d
core   0: 0x80002034 (0x1bf42023) sw      t6, 416(s0)
core   0: 3 0x80002034 (0x1bf42023) mem 0x8000670c 0x0000f15d
core   0: 0x80002038 (0xaaaabf37) lui     t5, 0xaaaab
core   0: 3 0x80002038 (0xaaaabf37) x30 0xaaaab000
core   0: 0x8000203c (0xaa9f0f13) addi    t5, t5, -1367
core   0: 3 0x8000203c (0xaa9f0f13) x30 0xaaaaaaa9
core   0: 0x80002040 (0x00010eb7) lui     t4, 0x10
core   0: 3 0x80002040 (0x00010eb7) x29 0x00010000
core   0: 0x80002044 (0xfffe8e93) addi    t4, t4, -1
core   0: 3 0x80002044 (0xfffe8e93) x29 0x0000ffff
core   0: 0x80002048 (0x03df5fb3) divu    t6, t5, t4
core   0: 3 0x80002048 (0x03df5fb3) x31 0x0000aaab
core   0: 0x8000204c (0x1bf42223) sw      t6, 420(s0)
core   0: 3 0x8000204c (0x1bf42223) mem 0x80006710 0x0000aaab
core   0: 0x80002050 (0xaaaabf37) lui     t5, 0xaaaab
core   0: 3 0x80002050 (0xaaaabf37) x30 0xaaaab000
core   0: 0x80002054 (0xaa9f0f13) addi    t5, t5, -1367
core   0: 3 0x80002054 (0xaa9f0f13) x30 0xaaaaaaa9
core   0: 0x80002058 (0x00200e93) li      t4, 2
core   0: 3 0x80002058 (0x00200e93) x29 0x00000002
core   0: 0x8000205c (0x03df5fb3) divu    t6, t5, t4
core   0: 3 0x8000205c (0x03df5fb3) x31 0x55555554
core   0: 0x80002060 (0x1bf42423) sw      t6, 424(s0)
core   0: 3 0x80002060 (0x1bf42423) mem 0x80006714 0x55555554
core   0: 0x80002064 (0xaaaabf37) lui     t5, 0xaaaab
core   0: 3 0x80002064 (0xaaaabf37) x30 0xaaaab000
core   0: 0x80002068 (0xaa9f0f13) addi    t5, t5, -1367
core   0: 3 0x80002068 (0xaa9f0f13) x30 0xaaaaaaa9
core   0: 0x8000206c (0x55555eb7) lui     t4, 0x55555
core   0: 3 0x8000206c (0x55555eb7) x29 0x55555000
core   0: 0x80002070 (0x554e8e93) addi    t4, t4, 1364
core   0: 3 0x80002070 (0x554e8e93) x29 0x55555554
core   0: 0x80002074 (0x03df5fb3) divu    t6, t5, t4
core   0: 3 0x80002074 (0x03df5fb3) x31 0x00000002
core   0: 0x80002078 (0x1bf42623) sw      t6, 428(s0)
core   0: 3 0x80002078 (0x1bf42623) mem 0x80006718 0x00000002
core   0: 0x8000207c (0xaaaabf37) lui     t5, 0xaaaab
core   0: 3 0x8000207c (0xaaaabf37) x30 0xaaaab000
core   0: 0x80002080 (0xaa9f0f13) addi    t5, t5, -1367
core   0: 3 0x80002080 (0xaa9f0f13) x30 0xaaaaaaa9
core   0: 0x80002084 (0xaaaabeb7) lui     t4, 0xaaaab
core   0: 3 0x80002084 (0xaaaabeb7) x29 0xaaaab000
core   0: 0x80002088 (0xaa9e8e93) addi    t4, t4, -1367
core   0: 3 0x80002088 (0xaa9e8e93) x29 0xaaaaaaa9
core   0: 0x8000208c (0x03df5fb3) divu    t6, t5, t4
core   0: 3 0x8000208c (0x03df5fb3) x31 0x00000001
core   0: 0x80002090 (0x1bf42823) sw      t6, 432(s0)
core   0: 3 0x80002090 (0x1bf42823) mem 0x8000671c 0x00000001
core   0: 0x80002094 (0xaaaabf37) lui     t5, 0xaaaab
core   0: 3 0x80002094 (0xaaaabf37) x30 0xaaaab000
core   0: 0x80002098 (0xaa9f0f13) addi    t5, t5, -1367
core   0: 3 0x80002098 (0xaa9f0f13) x30 0xaaaaaaa9
core   0: 0x8000209c (0x33333eb7) lui     t4, 0x33333
core   0: 3 0x8000209c (0x33333eb7) x29 0x33333000
core   0: 0x800020a0 (0x332e8e93) addi    t4, t4, 818
core   0: 3 0x800020a0 (0x332e8e93) x29 0x33333332
core   0: 0x800020a4 (0x03df5fb3) divu    t6, t5, t4
core   0: 3 0x800020a4 (0x03df5fb3) x31 0x00000003
core   0: 0x800020a8 (0x1bf42a23) sw      t6, 436(s0)
core   0: 3 0x800020a8 (0x1bf42a23) mem 0x80006720 0x00000003
core   0: 0x800020ac (0xaaaabf37) lui     t5, 0xaaaab
core   0: 3 0x800020ac (0xaaaabf37) x30 0xaaaab000
core   0: 0x800020b0 (0xaa9f0f13) addi    t5, t5, -1367
core   0: 3 0x800020b0 (0xaa9f0f13) x30 0xaaaaaaa9
core   0: 0x800020b4 (0x66666eb7) lui     t4, 0x66666
core   0: 3 0x800020b4 (0x66666eb7) x29 0x66666000
core   0: 0x800020b8 (0x665e8e93) addi    t4, t4, 1637
core   0: 3 0x800020b8 (0x665e8e93) x29 0x66666665
core   0: 0x800020bc (0x03df5fb3) divu    t6, t5, t4
core   0: 3 0x800020bc (0x03df5fb3) x31 0x00000001
core   0: 0x800020c0 (0x1bf42c23) sw      t6, 440(s0)
core   0: 3 0x800020c0 (0x1bf42c23) mem 0x80006724 0x00000001
core   0: 0x800020c4 (0xaaaabf37) lui     t5, 0xaaaab
core   0: 3 0x800020c4 (0xaaaabf37) x30 0xaaaab000
core   0: 0x800020c8 (0xaa9f0f13) addi    t5, t5, -1367
core   0: 3 0x800020c8 (0xaa9f0f13) x30 0xaaaaaaa9
core   0: 0x800020cc (0x0000beb7) lui     t4, 0xb
core   0: 3 0x800020cc (0x0000beb7) x29 0x0000b000
core   0: 0x800020d0 (0x503e8e93) addi    t4, t4, 1283
core   0: 3 0x800020d0 (0x503e8e93) x29 0x0000b503
core   0: 0x800020d4 (0x03df5fb3) divu    t6, t5, t4
core   0: 3 0x800020d4 (0x03df5fb3) x31 0x0000f15e
core   0: 0x800020d8 (0x1bf42e23) sw      t6, 444(s0)
core   0: 3 0x800020d8 (0x1bf42e23) mem 0x80006728 0x0000f15e
core   0: 0x800020dc (0xaaaabf37) lui     t5, 0xaaaab
core   0: 3 0x800020dc (0xaaaabf37) x30 0xaaaab000
core   0: 0x800020e0 (0xaa9f0f13) addi    t5, t5, -1367
core   0: 3 0x800020e0 (0xaa9f0f13) x30 0xaaaaaaa9
core   0: 0x800020e4 (0x00000e93) li      t4, 0
core   0: 3 0x800020e4 (0x00000e93) x29 0x00000000
core   0: 0x800020e8 (0x03df5fb3) divu    t6, t5, t4
core   0: 3 0x800020e8 (0x03df5fb3) x31 0xffffffff
core   0: 0x800020ec (0x1df42023) sw      t6, 448(s0)
core   0: 3 0x800020ec (0x1df42023) mem 0x8000672c 0xffffffff
core   0: 0x800020f0 (0xaaaabf37) lui     t5, 0xaaaab
core   0: 3 0x800020f0 (0xaaaabf37) x30 0xaaaab000
core   0: 0x800020f4 (0xaa9f0f13) addi    t5, t5, -1367
core   0: 3 0x800020f4 (0xaa9f0f13) x30 0xaaaaaaa9
core   0: 0x800020f8 (0x00010eb7) lui     t4, 0x10
core   0: 3 0x800020f8 (0x00010eb7) x29 0x00010000
core   0: 0x800020fc (0xffee8e93) addi    t4, t4, -2
core   0: 3 0x800020fc (0xffee8e93) x29 0x0000fffe
core   0: 0x80002100 (0x03df5fb3) divu    t6, t5, t4
core   0: 3 0x80002100 (0x03df5fb3) x31 0x0000aaac
core   0: 0x80002104 (0x1df42223) sw      t6, 452(s0)
core   0: 3 0x80002104 (0x1df42223) mem 0x80006730 0x0000aaac
core   0: 0x80002108 (0xaaaabf37) lui     t5, 0xaaaab
core   0: 3 0x80002108 (0xaaaabf37) x30 0xaaaab000
core   0: 0x8000210c (0xaa9f0f13) addi    t5, t5, -1367
core   0: 3 0x8000210c (0xaa9f0f13) x30 0xaaaaaaa9
core   0: 0x80002110 (0x00400e93) li      t4, 4
core   0: 3 0x80002110 (0x00400e93) x29 0x00000004
core   0: 0x80002114 (0x03df5fb3) divu    t6, t5, t4
core   0: 3 0x80002114 (0x03df5fb3) x31 0x2aaaaaaa
core   0: 0x80002118 (0x1df42423) sw      t6, 456(s0)
core   0: 3 0x80002118 (0x1df42423) mem 0x80006734 0x2aaaaaaa
core   0: 0x8000211c (0xaaaabf37) lui     t5, 0xaaaab
core   0: 3 0x8000211c (0xaaaabf37) x30 0xaaaab000
core   0: 0x80002120 (0xaa9f0f13) addi    t5, t5, -1367
core   0: 3 0x80002120 (0xaa9f0f13) x30 0xaaaaaaa9
core   0: 0x80002124 (0x55555eb7) lui     t4, 0x55555
core   0: 3 0x80002124 (0x55555eb7) x29 0x55555000
core   0: 0x80002128 (0x556e8e93) addi    t4, t4, 1366
core   0: 3 0x80002128 (0x556e8e93) x29 0x55555556
core   0: 0x8000212c (0x03df5fb3) divu    t6, t5, t4
core   0: 3 0x8000212c (0x03df5fb3) x31 0x00000001
core   0: 0x80002130 (0x1df42623) sw      t6, 460(s0)
core   0: 3 0x80002130 (0x1df42623) mem 0x80006738 0x00000001
core   0: 0x80002134 (0xaaaabf37) lui     t5, 0xaaaab
core   0: 3 0x80002134 (0xaaaabf37) x30 0xaaaab000
core   0: 0x80002138 (0xaa9f0f13) addi    t5, t5, -1367
core   0: 3 0x80002138 (0xaa9f0f13) x30 0xaaaaaaa9
core   0: 0x8000213c (0xaaaabeb7) lui     t4, 0xaaaab
core   0: 3 0x8000213c (0xaaaabeb7) x29 0xaaaab000
core   0: 0x80002140 (0xaabe8e93) addi    t4, t4, -1365
core   0: 3 0x80002140 (0xaabe8e93) x29 0xaaaaaaab
core   0: 0x80002144 (0x03df5fb3) divu    t6, t5, t4
core   0: 3 0x80002144 (0x03df5fb3) x31 0x00000000
core   0: 0x80002148 (0x1df42823) sw      t6, 464(s0)
core   0: 3 0x80002148 (0x1df42823) mem 0x8000673c 0x00000000
core   0: 0x8000214c (0xaaaabf37) lui     t5, 0xaaaab
core   0: 3 0x8000214c (0xaaaabf37) x30 0xaaaab000
core   0: 0x80002150 (0xaa9f0f13) addi    t5, t5, -1367
core   0: 3 0x80002150 (0xaa9f0f13) x30 0xaaaaaaa9
core   0: 0x80002154 (0x00600e93) li      t4, 6
core   0: 3 0x80002154 (0x00600e93) x29 0x00000006
core   0: 0x80002158 (0x03df5fb3) divu    t6, t5, t4
core   0: 3 0x80002158 (0x03df5fb3) x31 0x1c71c71c
core   0: 0x8000215c (0x1df42a23) sw      t6, 468(s0)
core   0: 3 0x8000215c (0x1df42a23) mem 0x80006740 0x1c71c71c
core   0: 0x80002160 (0xaaaabf37) lui     t5, 0xaaaab
core   0: 3 0x80002160 (0xaaaabf37) x30 0xaaaab000
core   0: 0x80002164 (0xaa9f0f13) addi    t5, t5, -1367
core   0: 3 0x80002164 (0xaa9f0f13) x30 0xaaaaaaa9
core   0: 0x80002168 (0x33333eb7) lui     t4, 0x33333
core   0: 3 0x80002168 (0x33333eb7) x29 0x33333000
core   0: 0x8000216c (0x334e8e93) addi    t4, t4, 820
core   0: 3 0x8000216c (0x334e8e93) x29 0x33333334
core   0: 0x80002170 (0x03df5fb3) divu    t6, t5, t4
core   0: 3 0x80002170 (0x03df5fb3) x31 0x00000003
core   0: 0x80002174 (0x1df42c23) sw      t6, 472(s0)
core   0: 3 0x80002174 (0x1df42c23) mem 0x80006744 0x00000003
core   0: 0x80002178 (0xaaaabf37) lui     t5, 0xaaaab
core   0: 3 0x80002178 (0xaaaabf37) x30 0xaaaab000
core   0: 0x8000217c (0xaa9f0f13) addi    t5, t5, -1367
core   0: 3 0x8000217c (0xaa9f0f13) x30 0xaaaaaaa9
core   0: 0x80002180 (0x66666eb7) lui     t4, 0x66666
core   0: 3 0x80002180 (0x66666eb7) x29 0x66666000
core   0: 0x80002184 (0x667e8e93) addi    t4, t4, 1639
core   0: 3 0x80002184 (0x667e8e93) x29 0x66666667
core   0: 0x80002188 (0x03df5fb3) divu    t6, t5, t4
core   0: 3 0x80002188 (0x03df5fb3) x31 0x00000001
core   0: 0x8000218c (0x1df42e23) sw      t6, 476(s0)
core   0: 3 0x8000218c (0x1df42e23) mem 0x80006748 0x00000001
core   0: 0x80002190 (0xaaaabf37) lui     t5, 0xaaaab
core   0: 3 0x80002190 (0xaaaabf37) x30 0xaaaab000
core   0: 0x80002194 (0xaa9f0f13) addi    t5, t5, -1367
core   0: 3 0x80002194 (0xaa9f0f13) x30 0xaaaaaaa9
core   0: 0x80002198 (0x0000beb7) lui     t4, 0xb
core   0: 3 0x80002198 (0x0000beb7) x29 0x0000b000
core   0: 0x8000219c (0x505e8e93) addi    t4, t4, 1285
core   0: 3 0x8000219c (0x505e8e93) x29 0x0000b505
core   0: 0x800021a0 (0x03df5fb3) divu    t6, t5, t4
core   0: 3 0x800021a0 (0x03df5fb3) x31 0x0000f15b
core   0: 0x800021a4 (0x1ff42023) sw      t6, 480(s0)
core   0: 3 0x800021a4 (0x1ff42023) mem 0x8000674c 0x0000f15b
core   0: 0x800021a8 (0xaaaabf37) lui     t5, 0xaaaab
core   0: 3 0x800021a8 (0xaaaabf37) x30 0xaaaab000
core   0: 0x800021ac (0xaa9f0f13) addi    t5, t5, -1367
core   0: 3 0x800021ac (0xaa9f0f13) x30 0xaaaaaaa9
core   0: 0x800021b0 (0x00100e93) li      t4, 1
core   0: 3 0x800021b0 (0x00100e93) x29 0x00000001
core   0: 0x800021b4 (0x03df5fb3) divu    t6, t5, t4
core   0: 3 0x800021b4 (0x03df5fb3) x31 0xaaaaaaa9
core   0: 0x800021b8 (0x1ff42223) sw      t6, 484(s0)
core   0: 3 0x800021b8 (0x1ff42223) mem 0x80006750 0xaaaaaaa9
core   0: 0x800021bc (0xaaaabf37) lui     t5, 0xaaaab
core   0: 3 0x800021bc (0xaaaabf37) x30 0xaaaab000
core   0: 0x800021c0 (0xaa9f0f13) addi    t5, t5, -1367
core   0: 3 0x800021c0 (0xaa9f0f13) x30 0xaaaaaaa9
core   0: 0x800021c4 (0x00010eb7) lui     t4, 0x10
core   0: 3 0x800021c4 (0x00010eb7) x29 0x00010000
core   0: 0x800021c8 (0x03df5fb3) divu    t6, t5, t4
core   0: 3 0x800021c8 (0x03df5fb3) x31 0x0000aaaa
core   0: 0x800021cc (0x1ff42423) sw      t6, 488(s0)
core   0: 3 0x800021cc (0x1ff42423) mem 0x80006754 0x0000aaaa
core   0: 0x800021d0 (0x33333f37) lui     t5, 0x33333
core   0: 3 0x800021d0 (0x33333f37) x30 0x33333000
core   0: 0x800021d4 (0x332f0f13) addi    t5, t5, 818
core   0: 3 0x800021d4 (0x332f0f13) x30 0x33333332
core   0: 0x800021d8 (0x00300e93) li      t4, 3
core   0: 3 0x800021d8 (0x00300e93) x29 0x00000003
core   0: 0x800021dc (0x03df5fb3) divu    t6, t5, t4
core   0: 3 0x800021dc (0x03df5fb3) x31 0x11111110
core   0: 0x800021e0 (0x1ff42623) sw      t6, 492(s0)
core   0: 3 0x800021e0 (0x1ff42623) mem 0x80006758 0x11111110
core   0: 0x800021e4 (0x33333f37) lui     t5, 0x33333
core   0: 3 0x800021e4 (0x33333f37) x30 0x33333000
core   0: 0x800021e8 (0x332f0f13) addi    t5, t5, 818
core   0: 3 0x800021e8 (0x332f0f13) x30 0x33333332
core   0: 0x800021ec (0x55555eb7) lui     t4, 0x55555
core   0: 3 0x800021ec (0x55555eb7) x29 0x55555000
core   0: 0x800021f0 (0x555e8e93) addi    t4, t4, 1365
core   0: 3 0x800021f0 (0x555e8e93) x29 0x55555555
core   0: 0x800021f4 (0x03df5fb3) divu    t6, t5, t4
core   0: 3 0x800021f4 (0x03df5fb3) x31 0x00000000
core   0: 0x800021f8 (0x1ff42823) sw      t6, 496(s0)
core   0: 3 0x800021f8 (0x1ff42823) mem 0x8000675c 0x00000000
core   0: 0x800021fc (0x33333f37) lui     t5, 0x33333
core   0: 3 0x800021fc (0x33333f37) x30 0x33333000
core   0: 0x80002200 (0x332f0f13) addi    t5, t5, 818
core   0: 3 0x80002200 (0x332f0f13) x30 0x33333332
core   0: 0x80002204 (0xaaaabeb7) lui     t4, 0xaaaab
core   0: 3 0x80002204 (0xaaaabeb7) x29 0xaaaab000
core   0: 0x80002208 (0xaaae8e93) addi    t4, t4, -1366
core   0: 3 0x80002208 (0xaaae8e93) x29 0xaaaaaaaa
core   0: 0x8000220c (0x03df5fb3) divu    t6, t5, t4
core   0: 3 0x8000220c (0x03df5fb3) x31 0x00000000
core   0: 0x80002210 (0x1ff42a23) sw      t6, 500(s0)
core   0: 3 0x80002210 (0x1ff42a23) mem 0x80006760 0x00000000
core   0: 0x80002214 (0x33333f37) lui     t5, 0x33333
core   0: 3 0x80002214 (0x33333f37) x30 0x33333000
core   0: 0x80002218 (0x332f0f13) addi    t5, t5, 818
core   0: 3 0x80002218 (0x332f0f13) x30 0x33333332
core   0: 0x8000221c (0x00500e93) li      t4, 5
core   0: 3 0x8000221c (0x00500e93) x29 0x00000005
core   0: 0x80002220 (0x03df5fb3) divu    t6, t5, t4
core   0: 3 0x80002220 (0x03df5fb3) x31 0x0a3d70a3
core   0: 0x80002224 (0x1ff42c23) sw      t6, 504(s0)
core   0: 3 0x80002224 (0x1ff42c23) mem 0x80006764 0x0a3d70a3
core   0: 0x80002228 (0x33333f37) lui     t5, 0x33333
core   0: 3 0x80002228 (0x33333f37) x30 0x33333000
core   0: 0x8000222c (0x332f0f13) addi    t5, t5, 818
core   0: 3 0x8000222c (0x332f0f13) x30 0x33333332
core   0: 0x80002230 (0x33333eb7) lui     t4, 0x33333
core   0: 3 0x80002230 (0x33333eb7) x29 0x33333000
core   0: 0x80002234 (0x333e8e93) addi    t4, t4, 819
core   0: 3 0x80002234 (0x333e8e93) x29 0x33333333
core   0: 0x80002238 (0x03df5fb3) divu    t6, t5, t4
core   0: 3 0x80002238 (0x03df5fb3) x31 0x00000000
core   0: 0x8000223c (0x1ff42e23) sw      t6, 508(s0)
core   0: 3 0x8000223c (0x1ff42e23) mem 0x80006768 0x00000000
core   0: 0x80002240 (0x33333f37) lui     t5, 0x33333
core   0: 3 0x80002240 (0x33333f37) x30 0x33333000
core   0: 0x80002244 (0x332f0f13) addi    t5, t5, 818
core   0: 3 0x80002244 (0x332f0f13) x30 0x33333332
core   0: 0x80002248 (0x66666eb7) lui     t4, 0x66666
core   0: 3 0x80002248 (0x66666eb7) x29 0x66666000
core   0: 0x8000224c (0x666e8e93) addi    t4, t4, 1638
core   0: 3 0x8000224c (0x666e8e93) x29 0x66666666
core   0: 0x80002250 (0x03df5fb3) divu    t6, t5, t4
core   0: 3 0x80002250 (0x03df5fb3) x31 0x00000000
core   0: 0x80002254 (0x21f42023) sw      t6, 512(s0)
core   0: 3 0x80002254 (0x21f42023) mem 0x8000676c 0x00000000
core   0: 0x80002258 (0x33333f37) lui     t5, 0x33333
core   0: 3 0x80002258 (0x33333f37) x30 0x33333000
core   0: 0x8000225c (0x332f0f13) addi    t5, t5, 818
core   0: 3 0x8000225c (0x332f0f13) x30 0x33333332
core   0: 0x80002260 (0x0000beb7) lui     t4, 0xb
core   0: 3 0x80002260 (0x0000beb7) x29 0x0000b000
core   0: 0x80002264 (0x504e8e93) addi    t4, t4, 1284
core   0: 3 0x80002264 (0x504e8e93) x29 0x0000b504
core   0: 0x80002268 (0x03df5fb3) divu    t6, t5, t4
core   0: 3 0x80002268 (0x03df5fb3) x31 0x00004868
core   0: 0x8000226c (0x21f42223) sw      t6, 516(s0)
core   0: 3 0x8000226c (0x21f42223) mem 0x80006770 0x00004868
core   0: 0x80002270 (0x33333f37) lui     t5, 0x33333
core   0: 3 0x80002270 (0x33333f37) x30 0x33333000
core   0: 0x80002274 (0x332f0f13) addi    t5, t5, 818
core   0: 3 0x80002274 (0x332f0f13) x30 0x33333332
core   0: 0x80002278 (0x00010eb7) lui     t4, 0x10
core   0: 3 0x80002278 (0x00010eb7) x29 0x00010000
core   0: 0x8000227c (0xfffe8e93) addi    t4, t4, -1
core   0: 3 0x8000227c (0xfffe8e93) x29 0x0000ffff
core   0: 0x80002280 (0x03df5fb3) divu    t6, t5, t4
core   0: 3 0x80002280 (0x03df5fb3) x31 0x00003333
core   0: 0x80002284 (0x21f42423) sw      t6, 520(s0)
core   0: 3 0x80002284 (0x21f42423) mem 0x80006774 0x00003333
core   0: 0x80002288 (0x33333f37) lui     t5, 0x33333
core   0: 3 0x80002288 (0x33333f37) x30 0x33333000
core   0: 0x8000228c (0x332f0f13) addi    t5, t5, 818
core   0: 3 0x8000228c (0x332f0f13) x30 0x33333332
core   0: 0x80002290 (0x00200e93) li      t4, 2
core   0: 3 0x80002290 (0x00200e93) x29 0x00000002
core   0: 0x80002294 (0x03df5fb3) divu    t6, t5, t4
core   0: 3 0x80002294 (0x03df5fb3) x31 0x19999999
core   0: 0x80002298 (0x21f42623) sw      t6, 524(s0)
core   0: 3 0x80002298 (0x21f42623) mem 0x80006778 0x19999999
core   0: 0x8000229c (0x33333f37) lui     t5, 0x33333
core   0: 3 0x8000229c (0x33333f37) x30 0x33333000
core   0: 0x800022a0 (0x332f0f13) addi    t5, t5, 818
core   0: 3 0x800022a0 (0x332f0f13) x30 0x33333332
core   0: 0x800022a4 (0x55555eb7) lui     t4, 0x55555
core   0: 3 0x800022a4 (0x55555eb7) x29 0x55555000
core   0: 0x800022a8 (0x554e8e93) addi    t4, t4, 1364
core   0: 3 0x800022a8 (0x554e8e93) x29 0x55555554
core   0: 0x800022ac (0x03df5fb3) divu    t6, t5, t4
core   0: 3 0x800022ac (0x03df5fb3) x31 0x00000000
core   0: 0x800022b0 (0x21f42823) sw      t6, 528(s0)
core   0: 3 0x800022b0 (0x21f42823) mem 0x8000677c 0x00000000
core   0: 0x800022b4 (0x33333f37) lui     t5, 0x33333
core   0: 3 0x800022b4 (0x33333f37) x30 0x33333000
core   0: 0x800022b8 (0x332f0f13) addi    t5, t5, 818
core   0: 3 0x800022b8 (0x332f0f13) x30 0x33333332
core   0: 0x800022bc (0xaaaabeb7) lui     t4, 0xaaaab
core   0: 3 0x800022bc (0xaaaabeb7) x29 0xaaaab000
core   0: 0x800022c0 (0xaa9e8e93) addi    t4, t4, -1367
core   0: 3 0x800022c0 (0xaa9e8e93) x29 0xaaaaaaa9
core   0: 0x800022c4 (0x03df5fb3) divu    t6, t5, t4
core   0: 3 0x800022c4 (0x03df5fb3) x31 0x00000000
core   0: 0x800022c8 (0x21f42a23) sw      t6, 532(s0)
core   0: 3 0x800022c8 (0x21f42a23) mem 0x80006780 0x00000000
core   0: 0x800022cc (0x33333f37) lui     t5, 0x33333
core   0: 3 0x800022cc (0x33333f37) x30 0x33333000
core   0: 0x800022d0 (0x332f0f13) addi    t5, t5, 818
core   0: 3 0x800022d0 (0x332f0f13) x30 0x33333332
core   0: 0x800022d4 (0x33333eb7) lui     t4, 0x33333
core   0: 3 0x800022d4 (0x33333eb7) x29 0x33333000
core   0: 0x800022d8 (0x332e8e93) addi    t4, t4, 818
core   0: 3 0x800022d8 (0x332e8e93) x29 0x33333332
core   0: 0x800022dc (0x03df5fb3) divu    t6, t5, t4
core   0: 3 0x800022dc (0x03df5fb3) x31 0x00000001
core   0: 0x800022e0 (0x21f42c23) sw      t6, 536(s0)
core   0: 3 0x800022e0 (0x21f42c23) mem 0x80006784 0x00000001
core   0: 0x800022e4 (0x33333f37) lui     t5, 0x33333
core   0: 3 0x800022e4 (0x33333f37) x30 0x33333000
core   0: 0x800022e8 (0x332f0f13) addi    t5, t5, 818
core   0: 3 0x800022e8 (0x332f0f13) x30 0x33333332
core   0: 0x800022ec (0x66666eb7) lui     t4, 0x66666
core   0: 3 0x800022ec (0x66666eb7) x29 0x66666000
core   0: 0x800022f0 (0x665e8e93) addi    t4, t4, 1637
core   0: 3 0x800022f0 (0x665e8e93) x29 0x66666665
core   0: 0x800022f4 (0x03df5fb3) divu    t6, t5, t4
core   0: 3 0x800022f4 (0x03df5fb3) x31 0x00000000
core   0: 0x800022f8 (0x21f42e23) sw      t6, 540(s0)
core   0: 3 0x800022f8 (0x21f42e23) mem 0x80006788 0x00000000
core   0: 0x800022fc (0x33333f37) lui     t5, 0x33333
core   0: 3 0x800022fc (0x33333f37) x30 0x33333000
core   0: 0x80002300 (0x332f0f13) addi    t5, t5, 818
core   0: 3 0x80002300 (0x332f0f13) x30 0x33333332
core   0: 0x80002304 (0x0000beb7) lui     t4, 0xb
core   0: 3 0x80002304 (0x0000beb7) x29 0x0000b000
core   0: 0x80002308 (0x503e8e93) addi    t4, t4, 1283
core   0: 3 0x80002308 (0x503e8e93) x29 0x0000b503
core   0: 0x8000230c (0x03df5fb3) divu    t6, t5, t4
core   0: 3 0x8000230c (0x03df5fb3) x31 0x00004869
core   0: 0x80002310 (0x23f42023) sw      t6, 544(s0)
core   0: 3 0x80002310 (0x23f42023) mem 0x8000678c 0x00004869
core   0: 0x80002314 (0x33333f37) lui     t5, 0x33333
core   0: 3 0x80002314 (0x33333f37) x30 0x33333000
core   0: 0x80002318 (0x332f0f13) addi    t5, t5, 818
core   0: 3 0x80002318 (0x332f0f13) x30 0x33333332
core   0: 0x8000231c (0x00000e93) li      t4, 0
core   0: 3 0x8000231c (0x00000e93) x29 0x00000000
core   0: 0x80002320 (0x03df5fb3) divu    t6, t5, t4
core   0: 3 0x80002320 (0x03df5fb3) x31 0xffffffff
core   0: 0x80002324 (0x23f42223) sw      t6, 548(s0)
core   0: 3 0x80002324 (0x23f42223) mem 0x80006790 0xffffffff
core   0: 0x80002328 (0x33333f37) lui     t5, 0x33333
core   0: 3 0x80002328 (0x33333f37) x30 0x33333000
core   0: 0x8000232c (0x332f0f13) addi    t5, t5, 818
core   0: 3 0x8000232c (0x332f0f13) x30 0x33333332
core   0: 0x80002330 (0x00010eb7) lui     t4, 0x10
core   0: 3 0x80002330 (0x00010eb7) x29 0x00010000
core   0: 0x80002334 (0xffee8e93) addi    t4, t4, -2
core   0: 3 0x80002334 (0xffee8e93) x29 0x0000fffe
core   0: 0x80002338 (0x03df5fb3) divu    t6, t5, t4
core   0: 3 0x80002338 (0x03df5fb3) x31 0x00003333
core   0: 0x8000233c (0x23f42423) sw      t6, 552(s0)
core   0: 3 0x8000233c (0x23f42423) mem 0x80006794 0x00003333
core   0: 0x80002340 (0x33333f37) lui     t5, 0x33333
core   0: 3 0x80002340 (0x33333f37) x30 0x33333000
core   0: 0x80002344 (0x332f0f13) addi    t5, t5, 818
core   0: 3 0x80002344 (0x332f0f13) x30 0x33333332
core   0: 0x80002348 (0x00400e93) li      t4, 4
core   0: 3 0x80002348 (0x00400e93) x29 0x00000004
core   0: 0x8000234c (0x03df5fb3) divu    t6, t5, t4
core   0: 3 0x8000234c (0x03df5fb3) x31 0x0ccccccc
core   0: 0x80002350 (0x23f42623) sw      t6, 556(s0)
core   0: 3 0x80002350 (0x23f42623) mem 0x80006798 0x0ccccccc
core   0: 0x80002354 (0x33333f37) lui     t5, 0x33333
core   0: 3 0x80002354 (0x33333f37) x30 0x33333000
core   0: 0x80002358 (0x332f0f13) addi    t5, t5, 818
core   0: 3 0x80002358 (0x332f0f13) x30 0x33333332
core   0: 0x8000235c (0x55555eb7) lui     t4, 0x55555
core   0: 3 0x8000235c (0x55555eb7) x29 0x55555000
core   0: 0x80002360 (0x556e8e93) addi    t4, t4, 1366
core   0: 3 0x80002360 (0x556e8e93) x29 0x55555556
core   0: 0x80002364 (0x03df5fb3) divu    t6, t5, t4
core   0: 3 0x80002364 (0x03df5fb3) x31 0x00000000
core   0: 0x80002368 (0x23f42823) sw      t6, 560(s0)
core   0: 3 0x80002368 (0x23f42823) mem 0x8000679c 0x00000000
core   0: 0x8000236c (0x33333f37) lui     t5, 0x33333
core   0: 3 0x8000236c (0x33333f37) x30 0x33333000
core   0: 0x80002370 (0x332f0f13) addi    t5, t5, 818
core   0: 3 0x80002370 (0x332f0f13) x30 0x33333332
core   0: 0x80002374 (0xaaaabeb7) lui     t4, 0xaaaab
core   0: 3 0x80002374 (0xaaaabeb7) x29 0xaaaab000
core   0: 0x80002378 (0xaabe8e93) addi    t4, t4, -1365
core   0: 3 0x80002378 (0xaabe8e93) x29 0xaaaaaaab
core   0: 0x8000237c (0x03df5fb3) divu    t6, t5, t4
core   0: 3 0x8000237c (0x03df5fb3) x31 0x00000000
core   0: 0x80002380 (0x23f42a23) sw      t6, 564(s0)
core   0: 3 0x80002380 (0x23f42a23) mem 0x800067a0 0x00000000
core   0: 0x80002384 (0x33333f37) lui     t5, 0x33333
core   0: 3 0x80002384 (0x33333f37) x30 0x33333000
core   0: 0x80002388 (0x332f0f13) addi    t5, t5, 818
core   0: 3 0x80002388 (0x332f0f13) x30 0x33333332
core   0: 0x8000238c (0x00600e93) li      t4, 6
core   0: 3 0x8000238c (0x00600e93) x29 0x00000006
core   0: 0x80002390 (0x03df5fb3) divu    t6, t5, t4
core   0: 3 0x80002390 (0x03df5fb3) x31 0x08888888
core   0: 0x80002394 (0x23f42c23) sw      t6, 568(s0)
core   0: 3 0x80002394 (0x23f42c23) mem 0x800067a4 0x08888888
core   0: 0x80002398 (0x33333f37) lui     t5, 0x33333
core   0: 3 0x80002398 (0x33333f37) x30 0x33333000
core   0: 0x8000239c (0x332f0f13) addi    t5, t5, 818
core   0: 3 0x8000239c (0x332f0f13) x30 0x33333332
core   0: 0x800023a0 (0x33333eb7) lui     t4, 0x33333
core   0: 3 0x800023a0 (0x33333eb7) x29 0x33333000
core   0: 0x800023a4 (0x334e8e93) addi    t4, t4, 820
core   0: 3 0x800023a4 (0x334e8e93) x29 0x33333334
core   0: 0x800023a8 (0x03df5fb3) divu    t6, t5, t4
core   0: 3 0x800023a8 (0x03df5fb3) x31 0x00000000
core   0: 0x800023ac (0x23f42e23) sw      t6, 572(s0)
core   0: 3 0x800023ac (0x23f42e23) mem 0x800067a8 0x00000000
core   0: 0x800023b0 (0x33333f37) lui     t5, 0x33333
core   0: 3 0x800023b0 (0x33333f37) x30 0x33333000
core   0: 0x800023b4 (0x332f0f13) addi    t5, t5, 818
core   0: 3 0x800023b4 (0x332f0f13) x30 0x33333332
core   0: 0x800023b8 (0x66666eb7) lui     t4, 0x66666
core   0: 3 0x800023b8 (0x66666eb7) x29 0x66666000
core   0: 0x800023bc (0x667e8e93) addi    t4, t4, 1639
core   0: 3 0x800023bc (0x667e8e93) x29 0x66666667
core   0: 0x800023c0 (0x03df5fb3) divu    t6, t5, t4
core   0: 3 0x800023c0 (0x03df5fb3) x31 0x00000000
core   0: 0x800023c4 (0x25f42023) sw      t6, 576(s0)
core   0: 3 0x800023c4 (0x25f42023) mem 0x800067ac 0x00000000
core   0: 0x800023c8 (0x33333f37) lui     t5, 0x33333
core   0: 3 0x800023c8 (0x33333f37) x30 0x33333000
core   0: 0x800023cc (0x332f0f13) addi    t5, t5, 818
core   0: 3 0x800023cc (0x332f0f13) x30 0x33333332
core   0: 0x800023d0 (0x0000beb7) lui     t4, 0xb
core   0: 3 0x800023d0 (0x0000beb7) x29 0x0000b000
core   0: 0x800023d4 (0x505e8e93) addi    t4, t4, 1285
core   0: 3 0x800023d4 (0x505e8e93) x29 0x0000b505
core   0: 0x800023d8 (0x03df5fb3) divu    t6, t5, t4
core   0: 3 0x800023d8 (0x03df5fb3) x31 0x00004868
core   0: 0x800023dc (0x25f42223) sw      t6, 580(s0)
core   0: 3 0x800023dc (0x25f42223) mem 0x800067b0 0x00004868
core   0: 0x800023e0 (0x33333f37) lui     t5, 0x33333
core   0: 3 0x800023e0 (0x33333f37) x30 0x33333000
core   0: 0x800023e4 (0x332f0f13) addi    t5, t5, 818
core   0: 3 0x800023e4 (0x332f0f13) x30 0x33333332
core   0: 0x800023e8 (0x00100e93) li      t4, 1
core   0: 3 0x800023e8 (0x00100e93) x29 0x00000001
core   0: 0x800023ec (0x03df5fb3) divu    t6, t5, t4
core   0: 3 0x800023ec (0x03df5fb3) x31 0x33333332
core   0: 0x800023f0 (0x25f42423) sw      t6, 584(s0)
core   0: 3 0x800023f0 (0x25f42423) mem 0x800067b4 0x33333332
core   0: 0x800023f4 (0x33333f37) lui     t5, 0x33333
core   0: 3 0x800023f4 (0x33333f37) x30 0x33333000
core   0: 0x800023f8 (0x332f0f13) addi    t5, t5, 818
core   0: 3 0x800023f8 (0x332f0f13) x30 0x33333332
core   0: 0x800023fc (0x00010eb7) lui     t4, 0x10
core   0: 3 0x800023fc (0x00010eb7) x29 0x00010000
core   0: 0x80002400 (0x03df5fb3) divu    t6, t5, t4
core   0: 3 0x80002400 (0x03df5fb3) x31 0x00003333
core   0: 0x80002404 (0x25f42623) sw      t6, 588(s0)
core   0: 3 0x80002404 (0x25f42623) mem 0x800067b8 0x00003333
core   0: 0x80002408 (0x66666f37) lui     t5, 0x66666
core   0: 3 0x80002408 (0x66666f37) x30 0x66666000
core   0: 0x8000240c (0x665f0f13) addi    t5, t5, 1637
core   0: 3 0x8000240c (0x665f0f13) x30 0x66666665
core   0: 0x80002410 (0x00300e93) li      t4, 3
core   0: 3 0x80002410 (0x00300e93) x29 0x00000003
core   0: 0x80002414 (0x03df5fb3) divu    t6, t5, t4
core   0: 3 0x80002414 (0x03df5fb3) x31 0x22222221
core   0: 0x80002418 (0x25f42823) sw      t6, 592(s0)
core   0: 3 0x80002418 (0x25f42823) mem 0x800067bc 0x22222221
core   0: 0x8000241c (0x66666f37) lui     t5, 0x66666
core   0: 3 0x8000241c (0x66666f37) x30 0x66666000
core   0: 0x80002420 (0x665f0f13) addi    t5, t5, 1637
core   0: 3 0x80002420 (0x665f0f13) x30 0x66666665
core   0: 0x80002424 (0x55555eb7) lui     t4, 0x55555
core   0: 3 0x80002424 (0x55555eb7) x29 0x55555000
core   0: 0x80002428 (0x555e8e93) addi    t4, t4, 1365
core   0: 3 0x80002428 (0x555e8e93) x29 0x55555555
core   0: 0x8000242c (0x03df5fb3) divu    t6, t5, t4
core   0: 3 0x8000242c (0x03df5fb3) x31 0x00000001
core   0: 0x80002430 (0x25f42a23) sw      t6, 596(s0)
core   0: 3 0x80002430 (0x25f42a23) mem 0x800067c0 0x00000001
core   0: 0x80002434 (0x66666f37) lui     t5, 0x66666
core   0: 3 0x80002434 (0x66666f37) x30 0x66666000
core   0: 0x80002438 (0x665f0f13) addi    t5, t5, 1637
core   0: 3 0x80002438 (0x665f0f13) x30 0x66666665
core   0: 0x8000243c (0xaaaabeb7) lui     t4, 0xaaaab
core   0: 3 0x8000243c (0xaaaabeb7) x29 0xaaaab000
core   0: 0x80002440 (0xaaae8e93) addi    t4, t4, -1366
core   0: 3 0x80002440 (0xaaae8e93) x29 0xaaaaaaaa
core   0: 0x80002444 (0x03df5fb3) divu    t6, t5, t4
core   0: 3 0x80002444 (0x03df5fb3) x31 0x00000000
core   0: 0x80002448 (0x25f42c23) sw      t6, 600(s0)
core   0: 3 0x80002448 (0x25f42c23) mem 0x800067c4 0x00000000
core   0: 0x8000244c (0x66666f37) lui     t5, 0x66666
core   0: 3 0x8000244c (0x66666f37) x30 0x66666000
core   0: 0x80002450 (0x665f0f13) addi    t5, t5, 1637
core   0: 3 0x80002450 (0x665f0f13) x30 0x66666665
core   0: 0x80002454 (0x00500e93) li      t4, 5
core   0: 3 0x80002454 (0x00500e93) x29 0x00000005
core   0: 0x80002458 (0x03df5fb3) divu    t6, t5, t4
core   0: 3 0x80002458 (0x03df5fb3) x31 0x147ae147
core   0: 0x8000245c (0x25f42e23) sw      t6, 604(s0)
core   0: 3 0x8000245c (0x25f42e23) mem 0x800067c8 0x147ae147
core   0: 0x80002460 (0x66666f37) lui     t5, 0x66666
core   0: 3 0x80002460 (0x66666f37) x30 0x66666000
core   0: 0x80002464 (0x665f0f13) addi    t5, t5, 1637
core   0: 3 0x80002464 (0x665f0f13) x30 0x66666665
core   0: 0x80002468 (0x33333eb7) lui     t4, 0x33333
core   0: 3 0x80002468 (0x33333eb7) x29 0x33333000
core   0: 0x8000246c (0x333e8e93) addi    t4, t4, 819
core   0: 3 0x8000246c (0x333e8e93) x29 0x33333333
core   0: 0x80002470 (0x03df5fb3) divu    t6, t5, t4
core   0: 3 0x80002470 (0x03df5fb3) x31 0x00000001
core   0: 0x80002474 (0x27f42023) sw      t6, 608(s0)
core   0: 3 0x80002474 (0x27f42023) mem 0x800067cc 0x00000001
core   0: 0x80002478 (0x66666f37) lui     t5, 0x66666
core   0: 3 0x80002478 (0x66666f37) x30 0x66666000
core   0: 0x8000247c (0x665f0f13) addi    t5, t5, 1637
core   0: 3 0x8000247c (0x665f0f13) x30 0x66666665
core   0: 0x80002480 (0x66666eb7) lui     t4, 0x66666
core   0: 3 0x80002480 (0x66666eb7) x29 0x66666000
core   0: 0x80002484 (0x666e8e93) addi    t4, t4, 1638
core   0: 3 0x80002484 (0x666e8e93) x29 0x66666666
core   0: 0x80002488 (0x03df5fb3) divu    t6, t5, t4
core   0: 3 0x80002488 (0x03df5fb3) x31 0x00000000
core   0: 0x8000248c (0x27f42223) sw      t6, 612(s0)
core   0: 3 0x8000248c (0x27f42223) mem 0x800067d0 0x00000000
core   0: 0x80002490 (0x66666f37) lui     t5, 0x66666
core   0: 3 0x80002490 (0x66666f37) x30 0x66666000
core   0: 0x80002494 (0x665f0f13) addi    t5, t5, 1637
core   0: 3 0x80002494 (0x665f0f13) x30 0x66666665
core   0: 0x80002498 (0x0000beb7) lui     t4, 0xb
core   0: 3 0x80002498 (0x0000beb7) x29 0x0000b000
core   0: 0x8000249c (0x504e8e93) addi    t4, t4, 1284
core   0: 3 0x8000249c (0x504e8e93) x29 0x0000b504
core   0: 0x800024a0 (0x03df5fb3) divu    t6, t5, t4
core   0: 3 0x800024a0 (0x03df5fb3) x31 0x000090d1
core   0: 0x800024a4 (0x27f42423) sw      t6, 616(s0)
core   0: 3 0x800024a4 (0x27f42423) mem 0x800067d4 0x000090d1
core   0: 0x800024a8 (0x66666f37) lui     t5, 0x66666
core   0: 3 0x800024a8 (0x66666f37) x30 0x66666000
core   0: 0x800024ac (0x665f0f13) addi    t5, t5, 1637
core   0: 3 0x800024ac (0x665f0f13) x30 0x66666665
core   0: 0x800024b0 (0x00010eb7) lui     t4, 0x10
core   0: 3 0x800024b0 (0x00010eb7) x29 0x00010000
core   0: 0x800024b4 (0xfffe8e93) addi    t4, t4, -1
core   0: 3 0x800024b4 (0xfffe8e93) x29 0x0000ffff
core   0: 0x800024b8 (0x03df5fb3) divu    t6, t5, t4
core   0: 3 0x800024b8 (0x03df5fb3) x31 0x00006666
core   0: 0x800024bc (0x27f42623) sw      t6, 620(s0)
core   0: 3 0x800024bc (0x27f42623) mem 0x800067d8 0x00006666
core   0: 0x800024c0 (0x66666f37) lui     t5, 0x66666
core   0: 3 0x800024c0 (0x66666f37) x30 0x66666000
core   0: 0x800024c4 (0x665f0f13) addi    t5, t5, 1637
core   0: 3 0x800024c4 (0x665f0f13) x30 0x66666665
core   0: 0x800024c8 (0x00200e93) li      t4, 2
core   0: 3 0x800024c8 (0x00200e93) x29 0x00000002
core   0: 0x800024cc (0x03df5fb3) divu    t6, t5, t4
core   0: 3 0x800024cc (0x03df5fb3) x31 0x33333332
core   0: 0x800024d0 (0x27f42823) sw      t6, 624(s0)
core   0: 3 0x800024d0 (0x27f42823) mem 0x800067dc 0x33333332
core   0: 0x800024d4 (0x66666f37) lui     t5, 0x66666
core   0: 3 0x800024d4 (0x66666f37) x30 0x66666000
core   0: 0x800024d8 (0x665f0f13) addi    t5, t5, 1637
core   0: 3 0x800024d8 (0x665f0f13) x30 0x66666665
core   0: 0x800024dc (0x55555eb7) lui     t4, 0x55555
core   0: 3 0x800024dc (0x55555eb7) x29 0x55555000
core   0: 0x800024e0 (0x554e8e93) addi    t4, t4, 1364
core   0: 3 0x800024e0 (0x554e8e93) x29 0x55555554
core   0: 0x800024e4 (0x03df5fb3) divu    t6, t5, t4
core   0: 3 0x800024e4 (0x03df5fb3) x31 0x00000001
core   0: 0x800024e8 (0x27f42a23) sw      t6, 628(s0)
core   0: 3 0x800024e8 (0x27f42a23) mem 0x800067e0 0x00000001
core   0: 0x800024ec (0x66666f37) lui     t5, 0x66666
core   0: 3 0x800024ec (0x66666f37) x30 0x66666000
core   0: 0x800024f0 (0x665f0f13) addi    t5, t5, 1637
core   0: 3 0x800024f0 (0x665f0f13) x30 0x66666665
core   0: 0x800024f4 (0xaaaabeb7) lui     t4, 0xaaaab
core   0: 3 0x800024f4 (0xaaaabeb7) x29 0xaaaab000
core   0: 0x800024f8 (0xaa9e8e93) addi    t4, t4, -1367
core   0: 3 0x800024f8 (0xaa9e8e93) x29 0xaaaaaaa9
core   0: 0x800024fc (0x03df5fb3) divu    t6, t5, t4
core   0: 3 0x800024fc (0x03df5fb3) x31 0x00000000
core   0: 0x80002500 (0x27f42c23) sw      t6, 632(s0)
core   0: 3 0x80002500 (0x27f42c23) mem 0x800067e4 0x00000000
core   0: 0x80002504 (0x66666f37) lui     t5, 0x66666
core   0: 3 0x80002504 (0x66666f37) x30 0x66666000
core   0: 0x80002508 (0x665f0f13) addi    t5, t5, 1637
core   0: 3 0x80002508 (0x665f0f13) x30 0x66666665
core   0: 0x8000250c (0x33333eb7) lui     t4, 0x33333
core   0: 3 0x8000250c (0x33333eb7) x29 0x33333000
core   0: 0x80002510 (0x332e8e93) addi    t4, t4, 818
core   0: 3 0x80002510 (0x332e8e93) x29 0x33333332
core   0: 0x80002514 (0x03df5fb3) divu    t6, t5, t4
core   0: 3 0x80002514 (0x03df5fb3) x31 0x00000002
core   0: 0x80002518 (0x27f42e23) sw      t6, 636(s0)
core   0: 3 0x80002518 (0x27f42e23) mem 0x800067e8 0x00000002
core   0: 0x8000251c (0x66666f37) lui     t5, 0x66666
core   0: 3 0x8000251c (0x66666f37) x30 0x66666000
core   0: 0x80002520 (0x665f0f13) addi    t5, t5, 1637
core   0: 3 0x80002520 (0x665f0f13) x30 0x66666665
core   0: 0x80002524 (0x66666eb7) lui     t4, 0x66666
core   0: 3 0x80002524 (0x66666eb7) x29 0x66666000
core   0: 0x80002528 (0x665e8e93) addi    t4, t4, 1637
core   0: 3 0x80002528 (0x665e8e93) x29 0x66666665
core   0: 0x8000252c (0x03df5fb3) divu    t6, t5, t4
core   0: 3 0x8000252c (0x03df5fb3) x31 0x00000001
core   0: 0x80002530 (0x29f42023) sw      t6, 640(s0)
core   0: 3 0x80002530 (0x29f42023) mem 0x800067ec 0x00000001
core   0: 0x80002534 (0x66666f37) lui     t5, 0x66666
core   0: 3 0x80002534 (0x66666f37) x30 0x66666000
core   0: 0x80002538 (0x665f0f13) addi    t5, t5, 1637
core   0: 3 0x80002538 (0x665f0f13) x30 0x66666665
core   0: 0x8000253c (0x0000beb7) lui     t4, 0xb
core   0: 3 0x8000253c (0x0000beb7) x29 0x0000b000
core   0: 0x80002540 (0x503e8e93) addi    t4, t4, 1283
core   0: 3 0x80002540 (0x503e8e93) x29 0x0000b503
core   0: 0x80002544 (0x03df5fb3) divu    t6, t5, t4
core   0: 3 0x80002544 (0x03df5fb3) x31 0x000090d2
core   0: 0x80002548 (0x29f42223) sw      t6, 644(s0)
core   0: 3 0x80002548 (0x29f42223) mem 0x800067f0 0x000090d2
core   0: 0x8000254c (0x66666f37) lui     t5, 0x66666
core   0: 3 0x8000254c (0x66666f37) x30 0x66666000
core   0: 0x80002550 (0x665f0f13) addi    t5, t5, 1637
core   0: 3 0x80002550 (0x665f0f13) x30 0x66666665
core   0: 0x80002554 (0x00000e93) li      t4, 0
core   0: 3 0x80002554 (0x00000e93) x29 0x00000000
core   0: 0x80002558 (0x03df5fb3) divu    t6, t5, t4
core   0: 3 0x80002558 (0x03df5fb3) x31 0xffffffff
core   0: 0x8000255c (0x29f42423) sw      t6, 648(s0)
core   0: 3 0x8000255c (0x29f42423) mem 0x800067f4 0xffffffff
core   0: 0x80002560 (0x66666f37) lui     t5, 0x66666
core   0: 3 0x80002560 (0x66666f37) x30 0x66666000
core   0: 0x80002564 (0x665f0f13) addi    t5, t5, 1637
core   0: 3 0x80002564 (0x665f0f13) x30 0x66666665
core   0: 0x80002568 (0x00010eb7) lui     t4, 0x10
core   0: 3 0x80002568 (0x00010eb7) x29 0x00010000
core   0: 0x8000256c (0xffee8e93) addi    t4, t4, -2
core   0: 3 0x8000256c (0xffee8e93) x29 0x0000fffe
core   0: 0x80002570 (0x03df5fb3) divu    t6, t5, t4
core   0: 3 0x80002570 (0x03df5fb3) x31 0x00006667
core   0: 0x80002574 (0x29f42623) sw      t6, 652(s0)
core   0: 3 0x80002574 (0x29f42623) mem 0x800067f8 0x00006667
core   0: 0x80002578 (0x66666f37) lui     t5, 0x66666
core   0: 3 0x80002578 (0x66666f37) x30 0x66666000
core   0: 0x8000257c (0x665f0f13) addi    t5, t5, 1637
core   0: 3 0x8000257c (0x665f0f13) x30 0x66666665
core   0: 0x80002580 (0x00400e93) li      t4, 4
core   0: 3 0x80002580 (0x00400e93) x29 0x00000004
core   0: 0x80002584 (0x03df5fb3) divu    t6, t5, t4
core   0: 3 0x80002584 (0x03df5fb3) x31 0x19999999
core   0: 0x80002588 (0x29f42823) sw      t6, 656(s0)
core   0: 3 0x80002588 (0x29f42823) mem 0x800067fc 0x19999999
core   0: 0x8000258c (0x66666f37) lui     t5, 0x66666
core   0: 3 0x8000258c (0x66666f37) x30 0x66666000
core   0: 0x80002590 (0x665f0f13) addi    t5, t5, 1637
core   0: 3 0x80002590 (0x665f0f13) x30 0x66666665
core   0: 0x80002594 (0x55555eb7) lui     t4, 0x55555
core   0: 3 0x80002594 (0x55555eb7) x29 0x55555000
core   0: 0x80002598 (0x556e8e93) addi    t4, t4, 1366
core   0: 3 0x80002598 (0x556e8e93) x29 0x55555556
core   0: 0x8000259c (0x03df5fb3) divu    t6, t5, t4
core   0: 3 0x8000259c (0x03df5fb3) x31 0x00000001
core   0: 0x800025a0 (0x29f42a23) sw      t6, 660(s0)
core   0: 3 0x800025a0 (0x29f42a23) mem 0x80006800 0x00000001
core   0: 0x800025a4 (0x66666f37) lui     t5, 0x66666
core   0: 3 0x800025a4 (0x66666f37) x30 0x66666000
core   0: 0x800025a8 (0x665f0f13) addi    t5, t5, 1637
core   0: 3 0x800025a8 (0x665f0f13) x30 0x66666665
core   0: 0x800025ac (0xaaaabeb7) lui     t4, 0xaaaab
core   0: 3 0x800025ac (0xaaaabeb7) x29 0xaaaab000
core   0: 0x800025b0 (0xaabe8e93) addi    t4, t4, -1365
core   0: 3 0x800025b0 (0xaabe8e93) x29 0xaaaaaaab
core   0: 0x800025b4 (0x03df5fb3) divu    t6, t5, t4
core   0: 3 0x800025b4 (0x03df5fb3) x31 0x00000000
core   0: 0x800025b8 (0x29f42c23) sw      t6, 664(s0)
core   0: 3 0x800025b8 (0x29f42c23) mem 0x80006804 0x00000000
core   0: 0x800025bc (0x66666f37) lui     t5, 0x66666
core   0: 3 0x800025bc (0x66666f37) x30 0x66666000
core   0: 0x800025c0 (0x665f0f13) addi    t5, t5, 1637
core   0: 3 0x800025c0 (0x665f0f13) x30 0x66666665
core   0: 0x800025c4 (0x00600e93) li      t4, 6
core   0: 3 0x800025c4 (0x00600e93) x29 0x00000006
core   0: 0x800025c8 (0x03df5fb3) divu    t6, t5, t4
core   0: 3 0x800025c8 (0x03df5fb3) x31 0x11111110
core   0: 0x800025cc (0x29f42e23) sw      t6, 668(s0)
core   0: 3 0x800025cc (0x29f42e23) mem 0x80006808 0x11111110
core   0: 0x800025d0 (0x66666f37) lui     t5, 0x66666
core   0: 3 0x800025d0 (0x66666f37) x30 0x66666000
core   0: 0x800025d4 (0x665f0f13) addi    t5, t5, 1637
core   0: 3 0x800025d4 (0x665f0f13) x30 0x66666665
core   0: 0x800025d8 (0x33333eb7) lui     t4, 0x33333
core   0: 3 0x800025d8 (0x33333eb7) x29 0x33333000
core   0: 0x800025dc (0x334e8e93) addi    t4, t4, 820
core   0: 3 0x800025dc (0x334e8e93) x29 0x33333334
core   0: 0x800025e0 (0x03df5fb3) divu    t6, t5, t4
core   0: 3 0x800025e0 (0x03df5fb3) x31 0x00000001
core   0: 0x800025e4 (0x2bf42023) sw      t6, 672(s0)
core   0: 3 0x800025e4 (0x2bf42023) mem 0x8000680c 0x00000001
core   0: 0x800025e8 (0x66666f37) lui     t5, 0x66666
core   0: 3 0x800025e8 (0x66666f37) x30 0x66666000
core   0: 0x800025ec (0x665f0f13) addi    t5, t5, 1637
core   0: 3 0x800025ec (0x665f0f13) x30 0x66666665
core   0: 0x800025f0 (0x66666eb7) lui     t4, 0x66666
core   0: 3 0x800025f0 (0x66666eb7) x29 0x66666000
core   0: 0x800025f4 (0x667e8e93) addi    t4, t4, 1639
core   0: 3 0x800025f4 (0x667e8e93) x29 0x66666667
core   0: 0x800025f8 (0x03df5fb3) divu    t6, t5, t4
core   0: 3 0x800025f8 (0x03df5fb3) x31 0x00000000
core   0: 0x800025fc (0x2bf42223) sw      t6, 676(s0)
core   0: 3 0x800025fc (0x2bf42223) mem 0x80006810 0x00000000
core   0: 0x80002600 (0x66666f37) lui     t5, 0x66666
core   0: 3 0x80002600 (0x66666f37) x30 0x66666000
core   0: 0x80002604 (0x665f0f13) addi    t5, t5, 1637
core   0: 3 0x80002604 (0x665f0f13) x30 0x66666665
core   0: 0x80002608 (0x0000beb7) lui     t4, 0xb
core   0: 3 0x80002608 (0x0000beb7) x29 0x0000b000
core   0: 0x8000260c (0x505e8e93) addi    t4, t4, 1285
core   0: 3 0x8000260c (0x505e8e93) x29 0x0000b505
core   0: 0x80002610 (0x03df5fb3) divu    t6, t5, t4
core   0: 3 0x80002610 (0x03df5fb3) x31 0x000090d0
core   0: 0x80002614 (0x2bf42423) sw      t6, 680(s0)
core   0: 3 0x80002614 (0x2bf42423) mem 0x80006814 0x000090d0
core   0: 0x80002618 (0x66666f37) lui     t5, 0x66666
core   0: 3 0x80002618 (0x66666f37) x30 0x66666000
core   0: 0x8000261c (0x665f0f13) addi    t5, t5, 1637
core   0: 3 0x8000261c (0x665f0f13) x30 0x66666665
core   0: 0x80002620 (0x00100e93) li      t4, 1
core   0: 3 0x80002620 (0x00100e93) x29 0x00000001
core   0: 0x80002624 (0x03df5fb3) divu    t6, t5, t4
core   0: 3 0x80002624 (0x03df5fb3) x31 0x66666665
core   0: 0x80002628 (0x2bf42623) sw      t6, 684(s0)
core   0: 3 0x80002628 (0x2bf42623) mem 0x80006818 0x66666665
core   0: 0x8000262c (0x66666f37) lui     t5, 0x66666
core   0: 3 0x8000262c (0x66666f37) x30 0x66666000
core   0: 0x80002630 (0x665f0f13) addi    t5, t5, 1637
core   0: 3 0x80002630 (0x665f0f13) x30 0x66666665
core   0: 0x80002634 (0x00010eb7) lui     t4, 0x10
core   0: 3 0x80002634 (0x00010eb7) x29 0x00010000
core   0: 0x80002638 (0x03df5fb3) divu    t6, t5, t4
core   0: 3 0x80002638 (0x03df5fb3) x31 0x00006666
core   0: 0x8000263c (0x2bf42823) sw      t6, 688(s0)
core   0: 3 0x8000263c (0x2bf42823) mem 0x8000681c 0x00006666
core   0: 0x80002640 (0x0000bf37) lui     t5, 0xb
core   0: 3 0x80002640 (0x0000bf37) x30 0x0000b000
core   0: 0x80002644 (0x503f0f13) addi    t5, t5, 1283
core   0: 3 0x80002644 (0x503f0f13) x30 0x0000b503
core   0: 0x80002648 (0x00300e93) li      t4, 3
core   0: 3 0x80002648 (0x00300e93) x29 0x00000003
core   0: 0x8000264c (0x03df5fb3) divu    t6, t5, t4
core   0: 3 0x8000264c (0x03df5fb3) x31 0x00003c56
core   0: 0x80002650 (0x2bf42a23) sw      t6, 692(s0)
core   0: 3 0x80002650 (0x2bf42a23) mem 0x80006820 0x00003c56
core   0: 0x80002654 (0x0000bf37) lui     t5, 0xb
core   0: 3 0x80002654 (0x0000bf37) x30 0x0000b000
core   0: 0x80002658 (0x503f0f13) addi    t5, t5, 1283
core   0: 3 0x80002658 (0x503f0f13) x30 0x0000b503
core   0: 0x8000265c (0x55555eb7) lui     t4, 0x55555
core   0: 3 0x8000265c (0x55555eb7) x29 0x55555000
core   0: 0x80002660 (0x555e8e93) addi    t4, t4, 1365
core   0: 3 0x80002660 (0x555e8e93) x29 0x55555555
core   0: 0x80002664 (0x03df5fb3) divu    t6, t5, t4
core   0: 3 0x80002664 (0x03df5fb3) x31 0x00000000
core   0: 0x80002668 (0x2bf42c23) sw      t6, 696(s0)
core   0: 3 0x80002668 (0x2bf42c23) mem 0x80006824 0x00000000
core   0: 0x8000266c (0x0000bf37) lui     t5, 0xb
core   0: 3 0x8000266c (0x0000bf37) x30 0x0000b000
core   0: 0x80002670 (0x503f0f13) addi    t5, t5, 1283
core   0: 3 0x80002670 (0x503f0f13) x30 0x0000b503
core   0: 0x80002674 (0xaaaabeb7) lui     t4, 0xaaaab
core   0: 3 0x80002674 (0xaaaabeb7) x29 0xaaaab000
core   0: 0x80002678 (0xaaae8e93) addi    t4, t4, -1366
core   0: 3 0x80002678 (0xaaae8e93) x29 0xaaaaaaaa
core   0: 0x8000267c (0x03df5fb3) divu    t6, t5, t4
core   0: 3 0x8000267c (0x03df5fb3) x31 0x00000000
core   0: 0x80002680 (0x2bf42e23) sw      t6, 700(s0)
core   0: 3 0x80002680 (0x2bf42e23) mem 0x80006828 0x00000000
core   0: 0x80002684 (0x0000bf37) lui     t5, 0xb
core   0: 3 0x80002684 (0x0000bf37) x30 0x0000b000
core   0: 0x80002688 (0x503f0f13) addi    t5, t5, 1283
core   0: 3 0x80002688 (0x503f0f13) x30 0x0000b503
core   0: 0x8000268c (0x00500e93) li      t4, 5
core   0: 3 0x8000268c (0x00500e93) x29 0x00000005
core   0: 0x80002690 (0x03df5fb3) divu    t6, t5, t4
core   0: 3 0x80002690 (0x03df5fb3) x31 0x00002433
core   0: 0x80002694 (0x2df42023) sw      t6, 704(s0)
core   0: 3 0x80002694 (0x2df42023) mem 0x8000682c 0x00002433
core   0: 0x80002698 (0x0000bf37) lui     t5, 0xb
core   0: 3 0x80002698 (0x0000bf37) x30 0x0000b000
core   0: 0x8000269c (0x503f0f13) addi    t5, t5, 1283
core   0: 3 0x8000269c (0x503f0f13) x30 0x0000b503
core   0: 0x800026a0 (0x33333eb7) lui     t4, 0x33333
core   0: 3 0x800026a0 (0x33333eb7) x29 0x33333000
core   0: 0x800026a4 (0x333e8e93) addi    t4, t4, 819
core   0: 3 0x800026a4 (0x333e8e93) x29 0x33333333
core   0: 0x800026a8 (0x03df5fb3) divu    t6, t5, t4
core   0: 3 0x800026a8 (0x03df5fb3) x31 0x00000000
core   0: 0x800026ac (0x2df42223) sw      t6, 708(s0)
core   0: 3 0x800026ac (0x2df42223) mem 0x80006830 0x00000000
core   0: 0x800026b0 (0x0000bf37) lui     t5, 0xb
core   0: 3 0x800026b0 (0x0000bf37) x30 0x0000b000
core   0: 0x800026b4 (0x503f0f13) addi    t5, t5, 1283
core   0: 3 0x800026b4 (0x503f0f13) x30 0x0000b503
core   0: 0x800026b8 (0x66666eb7) lui     t4, 0x66666
core   0: 3 0x800026b8 (0x66666eb7) x29 0x66666000
core   0: 0x800026bc (0x666e8e93) addi    t4, t4, 1638
core   0: 3 0x800026bc (0x666e8e93) x29 0x66666666
core   0: 0x800026c0 (0x03df5fb3) divu    t6, t5, t4
core   0: 3 0x800026c0 (0x03df5fb3) x31 0x00000000
core   0: 0x800026c4 (0x2df42423) sw      t6, 712(s0)
core   0: 3 0x800026c4 (0x2df42423) mem 0x80006834 0x00000000
core   0: 0x800026c8 (0x0000bf37) lui     t5, 0xb
core   0: 3 0x800026c8 (0x0000bf37) x30 0x0000b000
core   0: 0x800026cc (0x503f0f13) addi    t5, t5, 1283
core   0: 3 0x800026cc (0x503f0f13) x30 0x0000b503
core   0: 0x800026d0 (0x0000beb7) lui     t4, 0xb
core   0: 3 0x800026d0 (0x0000beb7) x29 0x0000b000
core   0: 0x800026d4 (0x504e8e93) addi    t4, t4, 1284
core   0: 3 0x800026d4 (0x504e8e93) x29 0x0000b504
core   0: 0x800026d8 (0x03df5fb3) divu    t6, t5, t4
core   0: 3 0x800026d8 (0x03df5fb3) x31 0x00000000
core   0: 0x800026dc (0x2df42623) sw      t6, 716(s0)
core   0: 3 0x800026dc (0x2df42623) mem 0x80006838 0x00000000
core   0: 0x800026e0 (0x0000bf37) lui     t5, 0xb
core   0: 3 0x800026e0 (0x0000bf37) x30 0x0000b000
core   0: 0x800026e4 (0x503f0f13) addi    t5, t5, 1283
core   0: 3 0x800026e4 (0x503f0f13) x30 0x0000b503
core   0: 0x800026e8 (0x00010eb7) lui     t4, 0x10
core   0: 3 0x800026e8 (0x00010eb7) x29 0x00010000
core   0: 0x800026ec (0xfffe8e93) addi    t4, t4, -1
core   0: 3 0x800026ec (0xfffe8e93) x29 0x0000ffff
core   0: 0x800026f0 (0x03df5fb3) divu    t6, t5, t4
core   0: 3 0x800026f0 (0x03df5fb3) x31 0x00000000
core   0: 0x800026f4 (0x2df42823) sw      t6, 720(s0)
core   0: 3 0x800026f4 (0x2df42823) mem 0x8000683c 0x00000000
core   0: 0x800026f8 (0x0000bf37) lui     t5, 0xb
core   0: 3 0x800026f8 (0x0000bf37) x30 0x0000b000
core   0: 0x800026fc (0x503f0f13) addi    t5, t5, 1283
core   0: 3 0x800026fc (0x503f0f13) x30 0x0000b503
core   0: 0x80002700 (0x00200e93) li      t4, 2
core   0: 3 0x80002700 (0x00200e93) x29 0x00000002
core   0: 0x80002704 (0x03df5fb3) divu    t6, t5, t4
core   0: 3 0x80002704 (0x03df5fb3) x31 0x00005a81
core   0: 0x80002708 (0x2df42a23) sw      t6, 724(s0)
core   0: 3 0x80002708 (0x2df42a23) mem 0x80006840 0x00005a81
core   0: 0x8000270c (0x0000bf37) lui     t5, 0xb
core   0: 3 0x8000270c (0x0000bf37) x30 0x0000b000
core   0: 0x80002710 (0x503f0f13) addi    t5, t5, 1283
core   0: 3 0x80002710 (0x503f0f13) x30 0x0000b503
core   0: 0x80002714 (0x55555eb7) lui     t4, 0x55555
core   0: 3 0x80002714 (0x55555eb7) x29 0x55555000
core   0: 0x80002718 (0x554e8e93) addi    t4, t4, 1364
core   0: 3 0x80002718 (0x554e8e93) x29 0x55555554
core   0: 0x8000271c (0x03df5fb3) divu    t6, t5, t4
core   0: 3 0x8000271c (0x03df5fb3) x31 0x00000000
core   0: 0x80002720 (0x2df42c23) sw      t6, 728(s0)
core   0: 3 0x80002720 (0x2df42c23) mem 0x80006844 0x00000000
core   0: 0x80002724 (0x0000bf37) lui     t5, 0xb
core   0: 3 0x80002724 (0x0000bf37) x30 0x0000b000
core   0: 0x80002728 (0x503f0f13) addi    t5, t5, 1283
core   0: 3 0x80002728 (0x503f0f13) x30 0x0000b503
core   0: 0x8000272c (0xaaaabeb7) lui     t4, 0xaaaab
core   0: 3 0x8000272c (0xaaaabeb7) x29 0xaaaab000
core   0: 0x80002730 (0xaa9e8e93) addi    t4, t4, -1367
core   0: 3 0x80002730 (0xaa9e8e93) x29 0xaaaaaaa9
core   0: 0x80002734 (0x03df5fb3) divu    t6, t5, t4
core   0: 3 0x80002734 (0x03df5fb3) x31 0x00000000
core   0: 0x80002738 (0x2df42e23) sw      t6, 732(s0)
core   0: 3 0x80002738 (0x2df42e23) mem 0x80006848 0x00000000
core   0: 0x8000273c (0x0000bf37) lui     t5, 0xb
core   0: 3 0x8000273c (0x0000bf37) x30 0x0000b000
core   0: 0x80002740 (0x503f0f13) addi    t5, t5, 1283
core   0: 3 0x80002740 (0x503f0f13) x30 0x0000b503
core   0: 0x80002744 (0x33333eb7) lui     t4, 0x33333
core   0: 3 0x80002744 (0x33333eb7) x29 0x33333000
core   0: 0x80002748 (0x332e8e93) addi    t4, t4, 818
core   0: 3 0x80002748 (0x332e8e93) x29 0x33333332
core   0: 0x8000274c (0x03df5fb3) divu    t6, t5, t4
core   0: 3 0x8000274c (0x03df5fb3) x31 0x00000000
core   0: 0x80002750 (0x2ff42023) sw      t6, 736(s0)
core   0: 3 0x80002750 (0x2ff42023) mem 0x8000684c 0x00000000
core   0: 0x80002754 (0x0000bf37) lui     t5, 0xb
core   0: 3 0x80002754 (0x0000bf37) x30 0x0000b000
core   0: 0x80002758 (0x503f0f13) addi    t5, t5, 1283
core   0: 3 0x80002758 (0x503f0f13) x30 0x0000b503
core   0: 0x8000275c (0x66666eb7) lui     t4, 0x66666
core   0: 3 0x8000275c (0x66666eb7) x29 0x66666000
core   0: 0x80002760 (0x665e8e93) addi    t4, t4, 1637
core   0: 3 0x80002760 (0x665e8e93) x29 0x66666665
core   0: 0x80002764 (0x03df5fb3) divu    t6, t5, t4
core   0: 3 0x80002764 (0x03df5fb3) x31 0x00000000
core   0: 0x80002768 (0x2ff42223) sw      t6, 740(s0)
core   0: 3 0x80002768 (0x2ff42223) mem 0x80006850 0x00000000
core   0: 0x8000276c (0x0000bf37) lui     t5, 0xb
core   0: 3 0x8000276c (0x0000bf37) x30 0x0000b000
core   0: 0x80002770 (0x503f0f13) addi    t5, t5, 1283
core   0: 3 0x80002770 (0x503f0f13) x30 0x0000b503
core   0: 0x80002774 (0x0000beb7) lui     t4, 0xb
core   0: 3 0x80002774 (0x0000beb7) x29 0x0000b000
core   0: 0x80002778 (0x503e8e93) addi    t4, t4, 1283
core   0: 3 0x80002778 (0x503e8e93) x29 0x0000b503
core   0: 0x8000277c (0x03df5fb3) divu    t6, t5, t4
core   0: 3 0x8000277c (0x03df5fb3) x31 0x00000001
core   0: 0x80002780 (0x2ff42423) sw      t6, 744(s0)
core   0: 3 0x80002780 (0x2ff42423) mem 0x80006854 0x00000001
core   0: 0x80002784 (0x0000bf37) lui     t5, 0xb
core   0: 3 0x80002784 (0x0000bf37) x30 0x0000b000
core   0: 0x80002788 (0x503f0f13) addi    t5, t5, 1283
core   0: 3 0x80002788 (0x503f0f13) x30 0x0000b503
core   0: 0x8000278c (0x00000e93) li      t4, 0
core   0: 3 0x8000278c (0x00000e93) x29 0x00000000
core   0: 0x80002790 (0x03df5fb3) divu    t6, t5, t4
core   0: 3 0x80002790 (0x03df5fb3) x31 0xffffffff
core   0: 0x80002794 (0x2ff42623) sw      t6, 748(s0)
core   0: 3 0x80002794 (0x2ff42623) mem 0x80006858 0xffffffff
core   0: 0x80002798 (0x0000bf37) lui     t5, 0xb
core   0: 3 0x80002798 (0x0000bf37) x30 0x0000b000
core   0: 0x8000279c (0x503f0f13) addi    t5, t5, 1283
core   0: 3 0x8000279c (0x503f0f13) x30 0x0000b503
core   0: 0x800027a0 (0x00010eb7) lui     t4, 0x10
core   0: 3 0x800027a0 (0x00010eb7) x29 0x00010000
core   0: 0x800027a4 (0xffee8e93) addi    t4, t4, -2
core   0: 3 0x800027a4 (0xffee8e93) x29 0x0000fffe
core   0: 0x800027a8 (0x03df5fb3) divu    t6, t5, t4
core   0: 3 0x800027a8 (0x03df5fb3) x31 0x00000000
core   0: 0x800027ac (0x2ff42823) sw      t6, 752(s0)
core   0: 3 0x800027ac (0x2ff42823) mem 0x8000685c 0x00000000
core   0: 0x800027b0 (0x0000bf37) lui     t5, 0xb
core   0: 3 0x800027b0 (0x0000bf37) x30 0x0000b000
core   0: 0x800027b4 (0x503f0f13) addi    t5, t5, 1283
core   0: 3 0x800027b4 (0x503f0f13) x30 0x0000b503
core   0: 0x800027b8 (0x00400e93) li      t4, 4
core   0: 3 0x800027b8 (0x00400e93) x29 0x00000004
core   0: 0x800027bc (0x03df5fb3) divu    t6, t5, t4
core   0: 3 0x800027bc (0x03df5fb3) x31 0x00002d40
core   0: 0x800027c0 (0x2ff42a23) sw      t6, 756(s0)
core   0: 3 0x800027c0 (0x2ff42a23) mem 0x80006860 0x00002d40
core   0: 0x800027c4 (0x0000bf37) lui     t5, 0xb
core   0: 3 0x800027c4 (0x0000bf37) x30 0x0000b000
core   0: 0x800027c8 (0x503f0f13) addi    t5, t5, 1283
core   0: 3 0x800027c8 (0x503f0f13) x30 0x0000b503
core   0: 0x800027cc (0x55555eb7) lui     t4, 0x55555
core   0: 3 0x800027cc (0x55555eb7) x29 0x55555000
core   0: 0x800027d0 (0x556e8e93) addi    t4, t4, 1366
core   0: 3 0x800027d0 (0x556e8e93) x29 0x55555556
core   0: 0x800027d4 (0x03df5fb3) divu    t6, t5, t4
core   0: 3 0x800027d4 (0x03df5fb3) x31 0x00000000
core   0: 0x800027d8 (0x2ff42c23) sw      t6, 760(s0)
core   0: 3 0x800027d8 (0x2ff42c23) mem 0x80006864 0x00000000
core   0: 0x800027dc (0x0000bf37) lui     t5, 0xb
core   0: 3 0x800027dc (0x0000bf37) x30 0x0000b000
core   0: 0x800027e0 (0x503f0f13) addi    t5, t5, 1283
core   0: 3 0x800027e0 (0x503f0f13) x30 0x0000b503
core   0: 0x800027e4 (0xaaaabeb7) lui     t4, 0xaaaab
core   0: 3 0x800027e4 (0xaaaabeb7) x29 0xaaaab000
core   0: 0x800027e8 (0xaabe8e93) addi    t4, t4, -1365
core   0: 3 0x800027e8 (0xaabe8e93) x29 0xaaaaaaab
core   0: 0x800027ec (0x03df5fb3) divu    t6, t5, t4
core   0: 3 0x800027ec (0x03df5fb3) x31 0x00000000
core   0: 0x800027f0 (0x2ff42e23) sw      t6, 764(s0)
core   0: 3 0x800027f0 (0x2ff42e23) mem 0x80006868 0x00000000
core   0: 0x800027f4 (0x0000bf37) lui     t5, 0xb
core   0: 3 0x800027f4 (0x0000bf37) x30 0x0000b000
core   0: 0x800027f8 (0x503f0f13) addi    t5, t5, 1283
core   0: 3 0x800027f8 (0x503f0f13) x30 0x0000b503
core   0: 0x800027fc (0x00600e93) li      t4, 6
core   0: 3 0x800027fc (0x00600e93) x29 0x00000006
core   0: 0x80002800 (0x03df5fb3) divu    t6, t5, t4
core   0: 3 0x80002800 (0x03df5fb3) x31 0x00001e2b
core   0: 0x80002804 (0x31f42023) sw      t6, 768(s0)
core   0: 3 0x80002804 (0x31f42023) mem 0x8000686c 0x00001e2b
core   0: 0x80002808 (0x0000bf37) lui     t5, 0xb
core   0: 3 0x80002808 (0x0000bf37) x30 0x0000b000
core   0: 0x8000280c (0x503f0f13) addi    t5, t5, 1283
core   0: 3 0x8000280c (0x503f0f13) x30 0x0000b503
core   0: 0x80002810 (0x33333eb7) lui     t4, 0x33333
core   0: 3 0x80002810 (0x33333eb7) x29 0x33333000
core   0: 0x80002814 (0x334e8e93) addi    t4, t4, 820
core   0: 3 0x80002814 (0x334e8e93) x29 0x33333334
core   0: 0x80002818 (0x03df5fb3) divu    t6, t5, t4
core   0: 3 0x80002818 (0x03df5fb3) x31 0x00000000
core   0: 0x8000281c (0x31f42223) sw      t6, 772(s0)
core   0: 3 0x8000281c (0x31f42223) mem 0x80006870 0x00000000
core   0: 0x80002820 (0x0000bf37) lui     t5, 0xb
core   0: 3 0x80002820 (0x0000bf37) x30 0x0000b000
core   0: 0x80002824 (0x503f0f13) addi    t5, t5, 1283
core   0: 3 0x80002824 (0x503f0f13) x30 0x0000b503
core   0: 0x80002828 (0x66666eb7) lui     t4, 0x66666
core   0: 3 0x80002828 (0x66666eb7) x29 0x66666000
core   0: 0x8000282c (0x667e8e93) addi    t4, t4, 1639
core   0: 3 0x8000282c (0x667e8e93) x29 0x66666667
core   0: 0x80002830 (0x03df5fb3) divu    t6, t5, t4
core   0: 3 0x80002830 (0x03df5fb3) x31 0x00000000
core   0: 0x80002834 (0x31f42423) sw      t6, 776(s0)
core   0: 3 0x80002834 (0x31f42423) mem 0x80006874 0x00000000
core   0: 0x80002838 (0x0000bf37) lui     t5, 0xb
core   0: 3 0x80002838 (0x0000bf37) x30 0x0000b000
core   0: 0x8000283c (0x503f0f13) addi    t5, t5, 1283
core   0: 3 0x8000283c (0x503f0f13) x30 0x0000b503
core   0: 0x80002840 (0x0000beb7) lui     t4, 0xb
core   0: 3 0x80002840 (0x0000beb7) x29 0x0000b000
core   0: 0x80002844 (0x505e8e93) addi    t4, t4, 1285
core   0: 3 0x80002844 (0x505e8e93) x29 0x0000b505
core   0: 0x80002848 (0x03df5fb3) divu    t6, t5, t4
core   0: 3 0x80002848 (0x03df5fb3) x31 0x00000000
core   0: 0x8000284c (0x31f42623) sw      t6, 780(s0)
core   0: 3 0x8000284c (0x31f42623) mem 0x80006878 0x00000000
core   0: 0x80002850 (0x0000bf37) lui     t5, 0xb
core   0: 3 0x80002850 (0x0000bf37) x30 0x0000b000
core   0: 0x80002854 (0x503f0f13) addi    t5, t5, 1283
core   0: 3 0x80002854 (0x503f0f13) x30 0x0000b503
core   0: 0x80002858 (0x00100e93) li      t4, 1
core   0: 3 0x80002858 (0x00100e93) x29 0x00000001
core   0: 0x8000285c (0x03df5fb3) divu    t6, t5, t4
core   0: 3 0x8000285c (0x03df5fb3) x31 0x0000b503
core   0: 0x80002860 (0x31f42823) sw      t6, 784(s0)
core   0: 3 0x80002860 (0x31f42823) mem 0x8000687c 0x0000b503
core   0: 0x80002864 (0x0000bf37) lui     t5, 0xb
core   0: 3 0x80002864 (0x0000bf37) x30 0x0000b000
core   0: 0x80002868 (0x503f0f13) addi    t5, t5, 1283
core   0: 3 0x80002868 (0x503f0f13) x30 0x0000b503
core   0: 0x8000286c (0x00010eb7) lui     t4, 0x10
core   0: 3 0x8000286c (0x00010eb7) x29 0x00010000
core   0: 0x80002870 (0x03df5fb3) divu    t6, t5, t4
core   0: 3 0x80002870 (0x03df5fb3) x31 0x00000000
core   0: 0x80002874 (0x31f42a23) sw      t6, 788(s0)
core   0: 3 0x80002874 (0x31f42a23) mem 0x80006880 0x00000000
core   0: 0x80002878 (0x00000f13) li      t5, 0
core   0: 3 0x80002878 (0x00000f13) x30 0x00000000
core   0: 0x8000287c (0x00300e93) li      t4, 3
core   0: 3 0x8000287c (0x00300e93) x29 0x00000003
core   0: 0x80002880 (0x03df5fb3) divu    t6, t5, t4
core   0: 3 0x80002880 (0x03df5fb3) x31 0x00000000
core   0: 0x80002884 (0x31f42c23) sw      t6, 792(s0)
core   0: 3 0x80002884 (0x31f42c23) mem 0x80006884 0x00000000
core   0: 0x80002888 (0x00000f13) li      t5, 0
core   0: 3 0x80002888 (0x00000f13) x30 0x00000000
core   0: 0x8000288c (0x55555eb7) lui     t4, 0x55555
core   0: 3 0x8000288c (0x55555eb7) x29 0x55555000
core   0: 0x80002890 (0x555e8e93) addi    t4, t4, 1365
core   0: 3 0x80002890 (0x555e8e93) x29 0x55555555
core   0: 0x80002894 (0x03df5fb3) divu    t6, t5, t4
core   0: 3 0x80002894 (0x03df5fb3) x31 0x00000000
core   0: 0x80002898 (0x31f42e23) sw      t6, 796(s0)
core   0: 3 0x80002898 (0x31f42e23) mem 0x80006888 0x00000000
core   0: 0x8000289c (0x00000f13) li      t5, 0
core   0: 3 0x8000289c (0x00000f13) x30 0x00000000
core   0: 0x800028a0 (0xaaaabeb7) lui     t4, 0xaaaab
core   0: 3 0x800028a0 (0xaaaabeb7) x29 0xaaaab000
core   0: 0x800028a4 (0xaaae8e93) addi    t4, t4, -1366
core   0: 3 0x800028a4 (0xaaae8e93) x29 0xaaaaaaaa
core   0: 0x800028a8 (0x03df5fb3) divu    t6, t5, t4
core   0: 3 0x800028a8 (0x03df5fb3) x31 0x00000000
core   0: 0x800028ac (0x33f42023) sw      t6, 800(s0)
core   0: 3 0x800028ac (0x33f42023) mem 0x8000688c 0x00000000
core   0: 0x800028b0 (0x00000f13) li      t5, 0
core   0: 3 0x800028b0 (0x00000f13) x30 0x00000000
core   0: 0x800028b4 (0x00500e93) li      t4, 5
core   0: 3 0x800028b4 (0x00500e93) x29 0x00000005
core   0: 0x800028b8 (0x03df5fb3) divu    t6, t5, t4
core   0: 3 0x800028b8 (0x03df5fb3) x31 0x00000000
core   0: 0x800028bc (0x33f42223) sw      t6, 804(s0)
core   0: 3 0x800028bc (0x33f42223) mem 0x80006890 0x00000000
core   0: 0x800028c0 (0x00000f13) li      t5, 0
core   0: 3 0x800028c0 (0x00000f13) x30 0x00000000
core   0: 0x800028c4 (0x33333eb7) lui     t4, 0x33333
core   0: 3 0x800028c4 (0x33333eb7) x29 0x33333000
core   0: 0x800028c8 (0x333e8e93) addi    t4, t4, 819
core   0: 3 0x800028c8 (0x333e8e93) x29 0x33333333
core   0: 0x800028cc (0x03df5fb3) divu    t6, t5, t4
core   0: 3 0x800028cc (0x03df5fb3) x31 0x00000000
core   0: 0x800028d0 (0x33f42423) sw      t6, 808(s0)
core   0: 3 0x800028d0 (0x33f42423) mem 0x80006894 0x00000000
core   0: 0x800028d4 (0x00000f13) li      t5, 0
core   0: 3 0x800028d4 (0x00000f13) x30 0x00000000
core   0: 0x800028d8 (0x66666eb7) lui     t4, 0x66666
core   0: 3 0x800028d8 (0x66666eb7) x29 0x66666000
core   0: 0x800028dc (0x666e8e93) addi    t4, t4, 1638
core   0: 3 0x800028dc (0x666e8e93) x29 0x66666666
core   0: 0x800028e0 (0x03df5fb3) divu    t6, t5, t4
core   0: 3 0x800028e0 (0x03df5fb3) x31 0x00000000
core   0: 0x800028e4 (0x33f42623) sw      t6, 812(s0)
core   0: 3 0x800028e4 (0x33f42623) mem 0x80006898 0x00000000
core   0: 0x800028e8 (0x00000f13) li      t5, 0
core   0: 3 0x800028e8 (0x00000f13) x30 0x00000000
core   0: 0x800028ec (0x0000beb7) lui     t4, 0xb
core   0: 3 0x800028ec (0x0000beb7) x29 0x0000b000
core   0: 0x800028f0 (0x504e8e93) addi    t4, t4, 1284
core   0: 3 0x800028f0 (0x504e8e93) x29 0x0000b504
core   0: 0x800028f4 (0x03df5fb3) divu    t6, t5, t4
core   0: 3 0x800028f4 (0x03df5fb3) x31 0x00000000
core   0: 0x800028f8 (0x33f42823) sw      t6, 816(s0)
core   0: 3 0x800028f8 (0x33f42823) mem 0x8000689c 0x00000000
core   0: 0x800028fc (0x00000f13) li      t5, 0
core   0: 3 0x800028fc (0x00000f13) x30 0x00000000
core   0: 0x80002900 (0x00010eb7) lui     t4, 0x10
core   0: 3 0x80002900 (0x00010eb7) x29 0x00010000
core   0: 0x80002904 (0xfffe8e93) addi    t4, t4, -1
core   0: 3 0x80002904 (0xfffe8e93) x29 0x0000ffff
core   0: 0x80002908 (0x03df5fb3) divu    t6, t5, t4
core   0: 3 0x80002908 (0x03df5fb3) x31 0x00000000
core   0: 0x8000290c (0x33f42a23) sw      t6, 820(s0)
core   0: 3 0x8000290c (0x33f42a23) mem 0x800068a0 0x00000000
core   0: 0x80002910 (0x00000f13) li      t5, 0
core   0: 3 0x80002910 (0x00000f13) x30 0x00000000
core   0: 0x80002914 (0x00200e93) li      t4, 2
core   0: 3 0x80002914 (0x00200e93) x29 0x00000002
core   0: 0x80002918 (0x03df5fb3) divu    t6, t5, t4
core   0: 3 0x80002918 (0x03df5fb3) x31 0x00000000
core   0: 0x8000291c (0x33f42c23) sw      t6, 824(s0)
core   0: 3 0x8000291c (0x33f42c23) mem 0x800068a4 0x00000000
core   0: 0x80002920 (0x00000f13) li      t5, 0
core   0: 3 0x80002920 (0x00000f13) x30 0x00000000
core   0: 0x80002924 (0x55555eb7) lui     t4, 0x55555
core   0: 3 0x80002924 (0x55555eb7) x29 0x55555000
core   0: 0x80002928 (0x554e8e93) addi    t4, t4, 1364
core   0: 3 0x80002928 (0x554e8e93) x29 0x55555554
core   0: 0x8000292c (0x03df5fb3) divu    t6, t5, t4
core   0: 3 0x8000292c (0x03df5fb3) x31 0x00000000
core   0: 0x80002930 (0x33f42e23) sw      t6, 828(s0)
core   0: 3 0x80002930 (0x33f42e23) mem 0x800068a8 0x00000000
core   0: 0x80002934 (0x00000f13) li      t5, 0
core   0: 3 0x80002934 (0x00000f13) x30 0x00000000
core   0: 0x80002938 (0xaaaabeb7) lui     t4, 0xaaaab
core   0: 3 0x80002938 (0xaaaabeb7) x29 0xaaaab000
core   0: 0x8000293c (0xaa9e8e93) addi    t4, t4, -1367
core   0: 3 0x8000293c (0xaa9e8e93) x29 0xaaaaaaa9
core   0: 0x80002940 (0x03df5fb3) divu    t6, t5, t4
core   0: 3 0x80002940 (0x03df5fb3) x31 0x00000000
core   0: 0x80002944 (0x35f42023) sw      t6, 832(s0)
core   0: 3 0x80002944 (0x35f42023) mem 0x800068ac 0x00000000
core   0: 0x80002948 (0x00000f13) li      t5, 0
core   0: 3 0x80002948 (0x00000f13) x30 0x00000000
core   0: 0x8000294c (0x33333eb7) lui     t4, 0x33333
core   0: 3 0x8000294c (0x33333eb7) x29 0x33333000
core   0: 0x80002950 (0x332e8e93) addi    t4, t4, 818
core   0: 3 0x80002950 (0x332e8e93) x29 0x33333332
core   0: 0x80002954 (0x03df5fb3) divu    t6, t5, t4
core   0: 3 0x80002954 (0x03df5fb3) x31 0x00000000
core   0: 0x80002958 (0x35f42223) sw      t6, 836(s0)
core   0: 3 0x80002958 (0x35f42223) mem 0x800068b0 0x00000000
core   0: 0x8000295c (0x00000f13) li      t5, 0
core   0: 3 0x8000295c (0x00000f13) x30 0x00000000
core   0: 0x80002960 (0x66666eb7) lui     t4, 0x66666
core   0: 3 0x80002960 (0x66666eb7) x29 0x66666000
core   0: 0x80002964 (0x665e8e93) addi    t4, t4, 1637
core   0: 3 0x80002964 (0x665e8e93) x29 0x66666665
core   0: 0x80002968 (0x03df5fb3) divu    t6, t5, t4
core   0: 3 0x80002968 (0x03df5fb3) x31 0x00000000
core   0: 0x8000296c (0x35f42423) sw      t6, 840(s0)
core   0: 3 0x8000296c (0x35f42423) mem 0x800068b4 0x00000000
core   0: 0x80002970 (0x00000f13) li      t5, 0
core   0: 3 0x80002970 (0x00000f13) x30 0x00000000
core   0: 0x80002974 (0x00100e93) li      t4, 1
core   0: 3 0x80002974 (0x00100e93) x29 0x00000001
core   0: 0x80002978 (0x03df5fb3) divu    t6, t5, t4
core   0: 3 0x80002978 (0x03df5fb3) x31 0x00000000
core   0: 0x8000297c (0x35f42623) sw      t6, 844(s0)
core   0: 3 0x8000297c (0x35f42623) mem 0x800068b8 0x00000000
core   0: 0x80002980 (0x00010f37) lui     t5, 0x10
core   0: 3 0x80002980 (0x00010f37) x30 0x00010000
core   0: 0x80002984 (0xffef0f13) addi    t5, t5, -2
core   0: 3 0x80002984 (0xffef0f13) x30 0x0000fffe
core   0: 0x80002988 (0x00300e93) li      t4, 3
core   0: 3 0x80002988 (0x00300e93) x29 0x00000003
core   0: 0x8000298c (0x03df5fb3) divu    t6, t5, t4
core   0: 3 0x8000298c (0x03df5fb3) x31 0x00005554
core   0: 0x80002990 (0x35f42823) sw      t6, 848(s0)
core   0: 3 0x80002990 (0x35f42823) mem 0x800068bc 0x00005554
core   0: 0x80002994 (0x00010f37) lui     t5, 0x10
core   0: 3 0x80002994 (0x00010f37) x30 0x00010000
core   0: 0x80002998 (0xffef0f13) addi    t5, t5, -2
core   0: 3 0x80002998 (0xffef0f13) x30 0x0000fffe
core   0: 0x8000299c (0x55555eb7) lui     t4, 0x55555
core   0: 3 0x8000299c (0x55555eb7) x29 0x55555000
core   0: 0x800029a0 (0x555e8e93) addi    t4, t4, 1365
core   0: 3 0x800029a0 (0x555e8e93) x29 0x55555555
core   0: 0x800029a4 (0x03df5fb3) divu    t6, t5, t4
core   0: 3 0x800029a4 (0x03df5fb3) x31 0x00000000
core   0: 0x800029a8 (0x35f42a23) sw      t6, 852(s0)
core   0: 3 0x800029a8 (0x35f42a23) mem 0x800068c0 0x00000000
core   0: 0x800029ac (0x00010f37) lui     t5, 0x10
core   0: 3 0x800029ac (0x00010f37) x30 0x00010000
core   0: 0x800029b0 (0xffef0f13) addi    t5, t5, -2
core   0: 3 0x800029b0 (0xffef0f13) x30 0x0000fffe
core   0: 0x800029b4 (0xaaaabeb7) lui     t4, 0xaaaab
core   0: 3 0x800029b4 (0xaaaabeb7) x29 0xaaaab000
core   0: 0x800029b8 (0xaaae8e93) addi    t4, t4, -1366
core   0: 3 0x800029b8 (0xaaae8e93) x29 0xaaaaaaaa
core   0: 0x800029bc (0x03df5fb3) divu    t6, t5, t4
core   0: 3 0x800029bc (0x03df5fb3) x31 0x00000000
core   0: 0x800029c0 (0x35f42c23) sw      t6, 856(s0)
core   0: 3 0x800029c0 (0x35f42c23) mem 0x800068c4 0x00000000
core   0: 0x800029c4 (0x00010f37) lui     t5, 0x10
core   0: 3 0x800029c4 (0x00010f37) x30 0x00010000
core   0: 0x800029c8 (0xffef0f13) addi    t5, t5, -2
core   0: 3 0x800029c8 (0xffef0f13) x30 0x0000fffe
core   0: 0x800029cc (0x00500e93) li      t4, 5
core   0: 3 0x800029cc (0x00500e93) x29 0x00000005
core   0: 0x800029d0 (0x03df5fb3) divu    t6, t5, t4
core   0: 3 0x800029d0 (0x03df5fb3) x31 0x00003332
core   0: 0x800029d4 (0x35f42e23) sw      t6, 860(s0)
core   0: 3 0x800029d4 (0x35f42e23) mem 0x800068c8 0x00003332
core   0: 0x800029d8 (0x00010f37) lui     t5, 0x10
core   0: 3 0x800029d8 (0x00010f37) x30 0x00010000
core   0: 0x800029dc (0xffef0f13) addi    t5, t5, -2
core   0: 3 0x800029dc (0xffef0f13) x30 0x0000fffe
core   0: 0x800029e0 (0x33333eb7) lui     t4, 0x33333
core   0: 3 0x800029e0 (0x33333eb7) x29 0x33333000
core   0: 0x800029e4 (0x333e8e93) addi    t4, t4, 819
core   0: 3 0x800029e4 (0x333e8e93) x29 0x33333333
core   0: 0x800029e8 (0x03df5fb3) divu    t6, t5, t4
core   0: 3 0x800029e8 (0x03df5fb3) x31 0x00000000
core   0: 0x800029ec (0x37f42023) sw      t6, 864(s0)
core   0: 3 0x800029ec (0x37f42023) mem 0x800068cc 0x00000000
core   0: 0x800029f0 (0x00010f37) lui     t5, 0x10
core   0: 3 0x800029f0 (0x00010f37) x30 0x00010000
core   0: 0x800029f4 (0xffef0f13) addi    t5, t5, -2
core   0: 3 0x800029f4 (0xffef0f13) x30 0x0000fffe
core   0: 0x800029f8 (0x66666eb7) lui     t4, 0x66666
core   0: 3 0x800029f8 (0x66666eb7) x29 0x66666000
core   0: 0x800029fc (0x666e8e93) addi    t4, t4, 1638
core   0: 3 0x800029fc (0x666e8e93) x29 0x66666666
core   0: 0x80002a00 (0x03df5fb3) divu    t6, t5, t4
core   0: 3 0x80002a00 (0x03df5fb3) x31 0x00000000
core   0: 0x80002a04 (0x37f42223) sw      t6, 868(s0)
core   0: 3 0x80002a04 (0x37f42223) mem 0x800068d0 0x00000000
core   0: 0x80002a08 (0x00010f37) lui     t5, 0x10
core   0: 3 0x80002a08 (0x00010f37) x30 0x00010000
core   0: 0x80002a0c (0xffef0f13) addi    t5, t5, -2
core   0: 3 0x80002a0c (0xffef0f13) x30 0x0000fffe
core   0: 0x80002a10 (0x0000beb7) lui     t4, 0xb
core   0: 3 0x80002a10 (0x0000beb7) x29 0x0000b000
core   0: 0x80002a14 (0x504e8e93) addi    t4, t4, 1284
core   0: 3 0x80002a14 (0x504e8e93) x29 0x0000b504
core   0: 0x80002a18 (0x03df5fb3) divu    t6, t5, t4
core   0: 3 0x80002a18 (0x03df5fb3) x31 0x00000001
core   0: 0x80002a1c (0x37f42423) sw      t6, 872(s0)
core   0: 3 0x80002a1c (0x37f42423) mem 0x800068d4 0x00000001
core   0: 0x80002a20 (0x00010f37) lui     t5, 0x10
core   0: 3 0x80002a20 (0x00010f37) x30 0x00010000
core   0: 0x80002a24 (0xffef0f13) addi    t5, t5, -2
core   0: 3 0x80002a24 (0xffef0f13) x30 0x0000fffe
core   0: 0x80002a28 (0x00010eb7) lui     t4, 0x10
core   0: 3 0x80002a28 (0x00010eb7) x29 0x00010000
core   0: 0x80002a2c (0xfffe8e93) addi    t4, t4, -1
core   0: 3 0x80002a2c (0xfffe8e93) x29 0x0000ffff
core   0: 0x80002a30 (0x03df5fb3) divu    t6, t5, t4
core   0: 3 0x80002a30 (0x03df5fb3) x31 0x00000000
core   0: 0x80002a34 (0x37f42623) sw      t6, 876(s0)
core   0: 3 0x80002a34 (0x37f42623) mem 0x800068d8 0x00000000
core   0: 0x80002a38 (0x00010f37) lui     t5, 0x10
core   0: 3 0x80002a38 (0x00010f37) x30 0x00010000
core   0: 0x80002a3c (0xffef0f13) addi    t5, t5, -2
core   0: 3 0x80002a3c (0xffef0f13) x30 0x0000fffe
core   0: 0x80002a40 (0x00200e93) li      t4, 2
core   0: 3 0x80002a40 (0x00200e93) x29 0x00000002
core   0: 0x80002a44 (0x03df5fb3) divu    t6, t5, t4
core   0: 3 0x80002a44 (0x03df5fb3) x31 0x00007fff
core   0: 0x80002a48 (0x37f42823) sw      t6, 880(s0)
core   0: 3 0x80002a48 (0x37f42823) mem 0x800068dc 0x00007fff
core   0: 0x80002a4c (0x00010f37) lui     t5, 0x10
core   0: 3 0x80002a4c (0x00010f37) x30 0x00010000
core   0: 0x80002a50 (0xffef0f13) addi    t5, t5, -2
core   0: 3 0x80002a50 (0xffef0f13) x30 0x0000fffe
core   0: 0x80002a54 (0x55555eb7) lui     t4, 0x55555
core   0: 3 0x80002a54 (0x55555eb7) x29 0x55555000
core   0: 0x80002a58 (0x554e8e93) addi    t4, t4, 1364
core   0: 3 0x80002a58 (0x554e8e93) x29 0x55555554
core   0: 0x80002a5c (0x03df5fb3) divu    t6, t5, t4
core   0: 3 0x80002a5c (0x03df5fb3) x31 0x00000000
core   0: 0x80002a60 (0x37f42a23) sw      t6, 884(s0)
core   0: 3 0x80002a60 (0x37f42a23) mem 0x800068e0 0x00000000
core   0: 0x80002a64 (0x00010f37) lui     t5, 0x10
core   0: 3 0x80002a64 (0x00010f37) x30 0x00010000
core   0: 0x80002a68 (0xffef0f13) addi    t5, t5, -2
core   0: 3 0x80002a68 (0xffef0f13) x30 0x0000fffe
core   0: 0x80002a6c (0xaaaabeb7) lui     t4, 0xaaaab
core   0: 3 0x80002a6c (0xaaaabeb7) x29 0xaaaab000
core   0: 0x80002a70 (0xaa9e8e93) addi    t4, t4, -1367
core   0: 3 0x80002a70 (0xaa9e8e93) x29 0xaaaaaaa9
core   0: 0x80002a74 (0x03df5fb3) divu    t6, t5, t4
core   0: 3 0x80002a74 (0x03df5fb3) x31 0x00000000
core   0: 0x80002a78 (0x37f42c23) sw      t6, 888(s0)
core   0: 3 0x80002a78 (0x37f42c23) mem 0x800068e4 0x00000000
core   0: 0x80002a7c (0x00010f37) lui     t5, 0x10
core   0: 3 0x80002a7c (0x00010f37) x30 0x00010000
core   0: 0x80002a80 (0xffef0f13) addi    t5, t5, -2
core   0: 3 0x80002a80 (0xffef0f13) x30 0x0000fffe
core   0: 0x80002a84 (0x33333eb7) lui     t4, 0x33333
core   0: 3 0x80002a84 (0x33333eb7) x29 0x33333000
core   0: 0x80002a88 (0x332e8e93) addi    t4, t4, 818
core   0: 3 0x80002a88 (0x332e8e93) x29 0x33333332
core   0: 0x80002a8c (0x03df5fb3) divu    t6, t5, t4
core   0: 3 0x80002a8c (0x03df5fb3) x31 0x00000000
core   0: 0x80002a90 (0x37f42e23) sw      t6, 892(s0)
core   0: 3 0x80002a90 (0x37f42e23) mem 0x800068e8 0x00000000
core   0: 0x80002a94 (0x00010f37) lui     t5, 0x10
core   0: 3 0x80002a94 (0x00010f37) x30 0x00010000
core   0: 0x80002a98 (0xffef0f13) addi    t5, t5, -2
core   0: 3 0x80002a98 (0xffef0f13) x30 0x0000fffe
core   0: 0x80002a9c (0x66666eb7) lui     t4, 0x66666
core   0: 3 0x80002a9c (0x66666eb7) x29 0x66666000
core   0: 0x80002aa0 (0x665e8e93) addi    t4, t4, 1637
core   0: 3 0x80002aa0 (0x665e8e93) x29 0x66666665
core   0: 0x80002aa4 (0x03df5fb3) divu    t6, t5, t4
core   0: 3 0x80002aa4 (0x03df5fb3) x31 0x00000000
core   0: 0x80002aa8 (0x39f42023) sw      t6, 896(s0)
core   0: 3 0x80002aa8 (0x39f42023) mem 0x800068ec 0x00000000
core   0: 0x80002aac (0x00010f37) lui     t5, 0x10
core   0: 3 0x80002aac (0x00010f37) x30 0x00010000
core   0: 0x80002ab0 (0xffef0f13) addi    t5, t5, -2
core   0: 3 0x80002ab0 (0xffef0f13) x30 0x0000fffe
core   0: 0x80002ab4 (0x0000beb7) lui     t4, 0xb
core   0: 3 0x80002ab4 (0x0000beb7) x29 0x0000b000
core   0: 0x80002ab8 (0x503e8e93) addi    t4, t4, 1283
core   0: 3 0x80002ab8 (0x503e8e93) x29 0x0000b503
core   0: 0x80002abc (0x03df5fb3) divu    t6, t5, t4
core   0: 3 0x80002abc (0x03df5fb3) x31 0x00000001
core   0: 0x80002ac0 (0x39f42223) sw      t6, 900(s0)
core   0: 3 0x80002ac0 (0x39f42223) mem 0x800068f0 0x00000001
core   0: 0x80002ac4 (0x00010f37) lui     t5, 0x10
core   0: 3 0x80002ac4 (0x00010f37) x30 0x00010000
core   0: 0x80002ac8 (0xffef0f13) addi    t5, t5, -2
core   0: 3 0x80002ac8 (0xffef0f13) x30 0x0000fffe
core   0: 0x80002acc (0x00000e93) li      t4, 0
core   0: 3 0x80002acc (0x00000e93) x29 0x00000000
core   0: 0x80002ad0 (0x03df5fb3) divu    t6, t5, t4
core   0: 3 0x80002ad0 (0x03df5fb3) x31 0xffffffff
core   0: 0x80002ad4 (0x39f42423) sw      t6, 904(s0)
core   0: 3 0x80002ad4 (0x39f42423) mem 0x800068f4 0xffffffff
core   0: 0x80002ad8 (0x00010f37) lui     t5, 0x10
core   0: 3 0x80002ad8 (0x00010f37) x30 0x00010000
core   0: 0x80002adc (0xffef0f13) addi    t5, t5, -2
core   0: 3 0x80002adc (0xffef0f13) x30 0x0000fffe
core   0: 0x80002ae0 (0x00010eb7) lui     t4, 0x10
core   0: 3 0x80002ae0 (0x00010eb7) x29 0x00010000
core   0: 0x80002ae4 (0xffee8e93) addi    t4, t4, -2
core   0: 3 0x80002ae4 (0xffee8e93) x29 0x0000fffe
core   0: 0x80002ae8 (0x03df5fb3) divu    t6, t5, t4
core   0: 3 0x80002ae8 (0x03df5fb3) x31 0x00000001
core   0: 0x80002aec (0x39f42623) sw      t6, 908(s0)
core   0: 3 0x80002aec (0x39f42623) mem 0x800068f8 0x00000001
core   0: 0x80002af0 (0x00010f37) lui     t5, 0x10
core   0: 3 0x80002af0 (0x00010f37) x30 0x00010000
core   0: 0x80002af4 (0xffef0f13) addi    t5, t5, -2
core   0: 3 0x80002af4 (0xffef0f13) x30 0x0000fffe
core   0: 0x80002af8 (0x00400e93) li      t4, 4
core   0: 3 0x80002af8 (0x00400e93) x29 0x00000004
core   0: 0x80002afc (0x03df5fb3) divu    t6, t5, t4
core   0: 3 0x80002afc (0x03df5fb3) x31 0x00003fff
core   0: 0x80002b00 (0x39f42823) sw      t6, 912(s0)
core   0: 3 0x80002b00 (0x39f42823) mem 0x800068fc 0x00003fff
core   0: 0x80002b04 (0x00010f37) lui     t5, 0x10
core   0: 3 0x80002b04 (0x00010f37) x30 0x00010000
core   0: 0x80002b08 (0xffef0f13) addi    t5, t5, -2
core   0: 3 0x80002b08 (0xffef0f13) x30 0x0000fffe
core   0: 0x80002b0c (0x55555eb7) lui     t4, 0x55555
core   0: 3 0x80002b0c (0x55555eb7) x29 0x55555000
core   0: 0x80002b10 (0x556e8e93) addi    t4, t4, 1366
core   0: 3 0x80002b10 (0x556e8e93) x29 0x55555556
core   0: 0x80002b14 (0x03df5fb3) divu    t6, t5, t4
core   0: 3 0x80002b14 (0x03df5fb3) x31 0x00000000
core   0: 0x80002b18 (0x39f42a23) sw      t6, 916(s0)
core   0: 3 0x80002b18 (0x39f42a23) mem 0x80006900 0x00000000
core   0: 0x80002b1c (0x00010f37) lui     t5, 0x10
core   0: 3 0x80002b1c (0x00010f37) x30 0x00010000
core   0: 0x80002b20 (0xffef0f13) addi    t5, t5, -2
core   0: 3 0x80002b20 (0xffef0f13) x30 0x0000fffe
core   0: 0x80002b24 (0xaaaabeb7) lui     t4, 0xaaaab
core   0: 3 0x80002b24 (0xaaaabeb7) x29 0xaaaab000
core   0: 0x80002b28 (0xaabe8e93) addi    t4, t4, -1365
core   0: 3 0x80002b28 (0xaabe8e93) x29 0xaaaaaaab
core   0: 0x80002b2c (0x03df5fb3) divu    t6, t5, t4
core   0: 3 0x80002b2c (0x03df5fb3) x31 0x00000000
core   0: 0x80002b30 (0x39f42c23) sw      t6, 920(s0)
core   0: 3 0x80002b30 (0x39f42c23) mem 0x80006904 0x00000000
core   0: 0x80002b34 (0x00010f37) lui     t5, 0x10
core   0: 3 0x80002b34 (0x00010f37) x30 0x00010000
core   0: 0x80002b38 (0xffef0f13) addi    t5, t5, -2
core   0: 3 0x80002b38 (0xffef0f13) x30 0x0000fffe
core   0: 0x80002b3c (0x00600e93) li      t4, 6
core   0: 3 0x80002b3c (0x00600e93) x29 0x00000006
core   0: 0x80002b40 (0x03df5fb3) divu    t6, t5, t4
core   0: 3 0x80002b40 (0x03df5fb3) x31 0x00002aaa
core   0: 0x80002b44 (0x39f42e23) sw      t6, 924(s0)
core   0: 3 0x80002b44 (0x39f42e23) mem 0x80006908 0x00002aaa
core   0: 0x80002b48 (0x00010f37) lui     t5, 0x10
core   0: 3 0x80002b48 (0x00010f37) x30 0x00010000
core   0: 0x80002b4c (0xffef0f13) addi    t5, t5, -2
core   0: 3 0x80002b4c (0xffef0f13) x30 0x0000fffe
core   0: 0x80002b50 (0x33333eb7) lui     t4, 0x33333
core   0: 3 0x80002b50 (0x33333eb7) x29 0x33333000
core   0: 0x80002b54 (0x334e8e93) addi    t4, t4, 820
core   0: 3 0x80002b54 (0x334e8e93) x29 0x33333334
core   0: 0x80002b58 (0x03df5fb3) divu    t6, t5, t4
core   0: 3 0x80002b58 (0x03df5fb3) x31 0x00000000
core   0: 0x80002b5c (0x3bf42023) sw      t6, 928(s0)
core   0: 3 0x80002b5c (0x3bf42023) mem 0x8000690c 0x00000000
core   0: 0x80002b60 (0x00010f37) lui     t5, 0x10
core   0: 3 0x80002b60 (0x00010f37) x30 0x00010000
core   0: 0x80002b64 (0xffef0f13) addi    t5, t5, -2
core   0: 3 0x80002b64 (0xffef0f13) x30 0x0000fffe
core   0: 0x80002b68 (0x66666eb7) lui     t4, 0x66666
core   0: 3 0x80002b68 (0x66666eb7) x29 0x66666000
core   0: 0x80002b6c (0x667e8e93) addi    t4, t4, 1639
core   0: 3 0x80002b6c (0x667e8e93) x29 0x66666667
core   0: 0x80002b70 (0x03df5fb3) divu    t6, t5, t4
core   0: 3 0x80002b70 (0x03df5fb3) x31 0x00000000
core   0: 0x80002b74 (0x3bf42223) sw      t6, 932(s0)
core   0: 3 0x80002b74 (0x3bf42223) mem 0x80006910 0x00000000
core   0: 0x80002b78 (0x00010f37) lui     t5, 0x10
core   0: 3 0x80002b78 (0x00010f37) x30 0x00010000
core   0: 0x80002b7c (0xffef0f13) addi    t5, t5, -2
core   0: 3 0x80002b7c (0xffef0f13) x30 0x0000fffe
core   0: 0x80002b80 (0x0000beb7) lui     t4, 0xb
core   0: 3 0x80002b80 (0x0000beb7) x29 0x0000b000
core   0: 0x80002b84 (0x505e8e93) addi    t4, t4, 1285
core   0: 3 0x80002b84 (0x505e8e93) x29 0x0000b505
core   0: 0x80002b88 (0x03df5fb3) divu    t6, t5, t4
core   0: 3 0x80002b88 (0x03df5fb3) x31 0x00000001
core   0: 0x80002b8c (0x3bf42423) sw      t6, 936(s0)
core   0: 3 0x80002b8c (0x3bf42423) mem 0x80006914 0x00000001
core   0: 0x80002b90 (0x00010f37) lui     t5, 0x10
core   0: 3 0x80002b90 (0x00010f37) x30 0x00010000
core   0: 0x80002b94 (0xffef0f13) addi    t5, t5, -2
core   0: 3 0x80002b94 (0xffef0f13) x30 0x0000fffe
core   0: 0x80002b98 (0x00100e93) li      t4, 1
core   0: 3 0x80002b98 (0x00100e93) x29 0x00000001
core   0: 0x80002b9c (0x03df5fb3) divu    t6, t5, t4
core   0: 3 0x80002b9c (0x03df5fb3) x31 0x0000fffe
core   0: 0x80002ba0 (0x3bf42623) sw      t6, 940(s0)
core   0: 3 0x80002ba0 (0x3bf42623) mem 0x80006918 0x0000fffe
core   0: 0x80002ba4 (0x00010f37) lui     t5, 0x10
core   0: 3 0x80002ba4 (0x00010f37) x30 0x00010000
core   0: 0x80002ba8 (0xffef0f13) addi    t5, t5, -2
core   0: 3 0x80002ba8 (0xffef0f13) x30 0x0000fffe
core   0: 0x80002bac (0x00010eb7) lui     t4, 0x10
core   0: 3 0x80002bac (0x00010eb7) x29 0x00010000
core   0: 0x80002bb0 (0x03df5fb3) divu    t6, t5, t4
core   0: 3 0x80002bb0 (0x03df5fb3) x31 0x00000000
core   0: 0x80002bb4 (0x3bf42823) sw      t6, 944(s0)
core   0: 3 0x80002bb4 (0x3bf42823) mem 0x8000691c 0x00000000
core   0: 0x80002bb8 (0x00400f13) li      t5, 4
core   0: 3 0x80002bb8 (0x00400f13) x30 0x00000004
core   0: 0x80002bbc (0x00300e93) li      t4, 3
core   0: 3 0x80002bbc (0x00300e93) x29 0x00000003
core   0: 0x80002bc0 (0x03df5fb3) divu    t6, t5, t4
core   0: 3 0x80002bc0 (0x03df5fb3) x31 0x00000001
core   0: 0x80002bc4 (0x3bf42a23) sw      t6, 948(s0)
core   0: 3 0x80002bc4 (0x3bf42a23) mem 0x80006920 0x00000001
core   0: 0x80002bc8 (0x00400f13) li      t5, 4
core   0: 3 0x80002bc8 (0x00400f13) x30 0x00000004
core   0: 0x80002bcc (0x55555eb7) lui     t4, 0x55555
core   0: 3 0x80002bcc (0x55555eb7) x29 0x55555000
core   0: 0x80002bd0 (0x555e8e93) addi    t4, t4, 1365
core   0: 3 0x80002bd0 (0x555e8e93) x29 0x55555555
core   0: 0x80002bd4 (0x03df5fb3) divu    t6, t5, t4
core   0: 3 0x80002bd4 (0x03df5fb3) x31 0x00000000
core   0: 0x80002bd8 (0x3bf42c23) sw      t6, 952(s0)
core   0: 3 0x80002bd8 (0x3bf42c23) mem 0x80006924 0x00000000
core   0: 0x80002bdc (0x00400f13) li      t5, 4
core   0: 3 0x80002bdc (0x00400f13) x30 0x00000004
core   0: 0x80002be0 (0xaaaabeb7) lui     t4, 0xaaaab
core   0: 3 0x80002be0 (0xaaaabeb7) x29 0xaaaab000
core   0: 0x80002be4 (0xaaae8e93) addi    t4, t4, -1366
core   0: 3 0x80002be4 (0xaaae8e93) x29 0xaaaaaaaa
core   0: 0x80002be8 (0x03df5fb3) divu    t6, t5, t4
core   0: 3 0x80002be8 (0x03df5fb3) x31 0x00000000
core   0: 0x80002bec (0x3bf42e23) sw      t6, 956(s0)
core   0: 3 0x80002bec (0x3bf42e23) mem 0x80006928 0x00000000
core   0: 0x80002bf0 (0x00400f13) li      t5, 4
core   0: 3 0x80002bf0 (0x00400f13) x30 0x00000004
core   0: 0x80002bf4 (0x00500e93) li      t4, 5
core   0: 3 0x80002bf4 (0x00500e93) x29 0x00000005
core   0: 0x80002bf8 (0x03df5fb3) divu    t6, t5, t4
core   0: 3 0x80002bf8 (0x03df5fb3) x31 0x00000000
core   0: 0x80002bfc (0x3df42023) sw      t6, 960(s0)
core   0: 3 0x80002bfc (0x3df42023) mem 0x8000692c 0x00000000
core   0: 0x80002c00 (0x00400f13) li      t5, 4
core   0: 3 0x80002c00 (0x00400f13) x30 0x00000004
core   0: 0x80002c04 (0x33333eb7) lui     t4, 0x33333
core   0: 3 0x80002c04 (0x33333eb7) x29 0x33333000
core   0: 0x80002c08 (0x333e8e93) addi    t4, t4, 819
core   0: 3 0x80002c08 (0x333e8e93) x29 0x33333333
core   0: 0x80002c0c (0x03df5fb3) divu    t6, t5, t4
core   0: 3 0x80002c0c (0x03df5fb3) x31 0x00000000
core   0: 0x80002c10 (0x3df42223) sw      t6, 964(s0)
core   0: 3 0x80002c10 (0x3df42223) mem 0x80006930 0x00000000
core   0: 0x80002c14 (0x00400f13) li      t5, 4
core   0: 3 0x80002c14 (0x00400f13) x30 0x00000004
core   0: 0x80002c18 (0x66666eb7) lui     t4, 0x66666
core   0: 3 0x80002c18 (0x66666eb7) x29 0x66666000
core   0: 0x80002c1c (0x666e8e93) addi    t4, t4, 1638
core   0: 3 0x80002c1c (0x666e8e93) x29 0x66666666
core   0: 0x80002c20 (0x03df5fb3) divu    t6, t5, t4
core   0: 3 0x80002c20 (0x03df5fb3) x31 0x00000000
core   0: 0x80002c24 (0x3df42423) sw      t6, 968(s0)
core   0: 3 0x80002c24 (0x3df42423) mem 0x80006934 0x00000000
core   0: 0x80002c28 (0x00400f13) li      t5, 4
core   0: 3 0x80002c28 (0x00400f13) x30 0x00000004
core   0: 0x80002c2c (0x0000beb7) lui     t4, 0xb
core   0: 3 0x80002c2c (0x0000beb7) x29 0x0000b000
core   0: 0x80002c30 (0x504e8e93) addi    t4, t4, 1284
core   0: 3 0x80002c30 (0x504e8e93) x29 0x0000b504
core   0: 0x80002c34 (0x03df5fb3) divu    t6, t5, t4
core   0: 3 0x80002c34 (0x03df5fb3) x31 0x00000000
core   0: 0x80002c38 (0x3df42623) sw      t6, 972(s0)
core   0: 3 0x80002c38 (0x3df42623) mem 0x80006938 0x00000000
core   0: 0x80002c3c (0x00400f13) li      t5, 4
core   0: 3 0x80002c3c (0x00400f13) x30 0x00000004
core   0: 0x80002c40 (0x00010eb7) lui     t4, 0x10
core   0: 3 0x80002c40 (0x00010eb7) x29 0x00010000
core   0: 0x80002c44 (0xfffe8e93) addi    t4, t4, -1
core   0: 3 0x80002c44 (0xfffe8e93) x29 0x0000ffff
core   0: 0x80002c48 (0x03df5fb3) divu    t6, t5, t4
core   0: 3 0x80002c48 (0x03df5fb3) x31 0x00000000
core   0: 0x80002c4c (0x3df42823) sw      t6, 976(s0)
core   0: 3 0x80002c4c (0x3df42823) mem 0x8000693c 0x00000000
core   0: 0x80002c50 (0x00400f13) li      t5, 4
core   0: 3 0x80002c50 (0x00400f13) x30 0x00000004
core   0: 0x80002c54 (0x00200e93) li      t4, 2
core   0: 3 0x80002c54 (0x00200e93) x29 0x00000002
core   0: 0x80002c58 (0x03df5fb3) divu    t6, t5, t4
core   0: 3 0x80002c58 (0x03df5fb3) x31 0x00000002
core   0: 0x80002c5c (0x3df42a23) sw      t6, 980(s0)
core   0: 3 0x80002c5c (0x3df42a23) mem 0x80006940 0x00000002
core   0: 0x80002c60 (0x00400f13) li      t5, 4
core   0: 3 0x80002c60 (0x00400f13) x30 0x00000004
core   0: 0x80002c64 (0x55555eb7) lui     t4, 0x55555
core   0: 3 0x80002c64 (0x55555eb7) x29 0x55555000
core   0: 0x80002c68 (0x554e8e93) addi    t4, t4, 1364
core   0: 3 0x80002c68 (0x554e8e93) x29 0x55555554
core   0: 0x80002c6c (0x03df5fb3) divu    t6, t5, t4
core   0: 3 0x80002c6c (0x03df5fb3) x31 0x00000000
core   0: 0x80002c70 (0x3df42c23) sw      t6, 984(s0)
core   0: 3 0x80002c70 (0x3df42c23) mem 0x80006944 0x00000000
core   0: 0x80002c74 (0x00400f13) li      t5, 4
core   0: 3 0x80002c74 (0x00400f13) x30 0x00000004
core   0: 0x80002c78 (0xaaaabeb7) lui     t4, 0xaaaab
core   0: 3 0x80002c78 (0xaaaabeb7) x29 0xaaaab000
core   0: 0x80002c7c (0xaa9e8e93) addi    t4, t4, -1367
core   0: 3 0x80002c7c (0xaa9e8e93) x29 0xaaaaaaa9
core   0: 0x80002c80 (0x03df5fb3) divu    t6, t5, t4
core   0: 3 0x80002c80 (0x03df5fb3) x31 0x00000000
core   0: 0x80002c84 (0x3df42e23) sw      t6, 988(s0)
core   0: 3 0x80002c84 (0x3df42e23) mem 0x80006948 0x00000000
core   0: 0x80002c88 (0x00400f13) li      t5, 4
core   0: 3 0x80002c88 (0x00400f13) x30 0x00000004
core   0: 0x80002c8c (0x33333eb7) lui     t4, 0x33333
core   0: 3 0x80002c8c (0x33333eb7) x29 0x33333000
core   0: 0x80002c90 (0x332e8e93) addi    t4, t4, 818
core   0: 3 0x80002c90 (0x332e8e93) x29 0x33333332
core   0: 0x80002c94 (0x03df5fb3) divu    t6, t5, t4
core   0: 3 0x80002c94 (0x03df5fb3) x31 0x00000000
core   0: 0x80002c98 (0x3ff42023) sw      t6, 992(s0)
core   0: 3 0x80002c98 (0x3ff42023) mem 0x8000694c 0x00000000
core   0: 0x80002c9c (0x00400f13) li      t5, 4
core   0: 3 0x80002c9c (0x00400f13) x30 0x00000004
core   0: 0x80002ca0 (0x66666eb7) lui     t4, 0x66666
core   0: 3 0x80002ca0 (0x66666eb7) x29 0x66666000
core   0: 0x80002ca4 (0x665e8e93) addi    t4, t4, 1637
core   0: 3 0x80002ca4 (0x665e8e93) x29 0x66666665
core   0: 0x80002ca8 (0x03df5fb3) divu    t6, t5, t4
core   0: 3 0x80002ca8 (0x03df5fb3) x31 0x00000000
core   0: 0x80002cac (0x3ff42223) sw      t6, 996(s0)
core   0: 3 0x80002cac (0x3ff42223) mem 0x80006950 0x00000000
core   0: 0x80002cb0 (0x00400f13) li      t5, 4
core   0: 3 0x80002cb0 (0x00400f13) x30 0x00000004
core   0: 0x80002cb4 (0x0000beb7) lui     t4, 0xb
core   0: 3 0x80002cb4 (0x0000beb7) x29 0x0000b000
core   0: 0x80002cb8 (0x503e8e93) addi    t4, t4, 1283
core   0: 3 0x80002cb8 (0x503e8e93) x29 0x0000b503
core   0: 0x80002cbc (0x03df5fb3) divu    t6, t5, t4
core   0: 3 0x80002cbc (0x03df5fb3) x31 0x00000000
core   0: 0x80002cc0 (0x3ff42423) sw      t6, 1000(s0)
core   0: 3 0x80002cc0 (0x3ff42423) mem 0x80006954 0x00000000
core   0: 0x80002cc4 (0x00400f13) li      t5, 4
core   0: 3 0x80002cc4 (0x00400f13) x30 0x00000004
core   0: 0x80002cc8 (0x00000e93) li      t4, 0
core   0: 3 0x80002cc8 (0x00000e93) x29 0x00000000
core   0: 0x80002ccc (0x03df5fb3) divu    t6, t5, t4
core   0: 3 0x80002ccc (0x03df5fb3) x31 0xffffffff
core   0: 0x80002cd0 (0x3ff42623) sw      t6, 1004(s0)
core   0: 3 0x80002cd0 (0x3ff42623) mem 0x80006958 0xffffffff
core   0: 0x80002cd4 (0x00400f13) li      t5, 4
core   0: 3 0x80002cd4 (0x00400f13) x30 0x00000004
core   0: 0x80002cd8 (0x00010eb7) lui     t4, 0x10
core   0: 3 0x80002cd8 (0x00010eb7) x29 0x00010000
core   0: 0x80002cdc (0xffee8e93) addi    t4, t4, -2
core   0: 3 0x80002cdc (0xffee8e93) x29 0x0000fffe
core   0: 0x80002ce0 (0x03df5fb3) divu    t6, t5, t4
core   0: 3 0x80002ce0 (0x03df5fb3) x31 0x00000000
core   0: 0x80002ce4 (0x3ff42823) sw      t6, 1008(s0)
core   0: 3 0x80002ce4 (0x3ff42823) mem 0x8000695c 0x00000000
core   0: 0x80002ce8 (0x00400f13) li      t5, 4
core   0: 3 0x80002ce8 (0x00400f13) x30 0x00000004
core   0: 0x80002cec (0x00400e93) li      t4, 4
core   0: 3 0x80002cec (0x00400e93) x29 0x00000004
core   0: 0x80002cf0 (0x03df5fb3) divu    t6, t5, t4
core   0: 3 0x80002cf0 (0x03df5fb3) x31 0x00000001
core   0: 0x80002cf4 (0x3ff42a23) sw      t6, 1012(s0)
core   0: 3 0x80002cf4 (0x3ff42a23) mem 0x80006960 0x00000001
core   0: 0x80002cf8 (0x00400f13) li      t5, 4
core   0: 3 0x80002cf8 (0x00400f13) x30 0x00000004
core   0: 0x80002cfc (0x55555eb7) lui     t4, 0x55555
core   0: 3 0x80002cfc (0x55555eb7) x29 0x55555000
core   0: 0x80002d00 (0x556e8e93) addi    t4, t4, 1366
core   0: 3 0x80002d00 (0x556e8e93) x29 0x55555556
core   0: 0x80002d04 (0x03df5fb3) divu    t6, t5, t4
core   0: 3 0x80002d04 (0x03df5fb3) x31 0x00000000
core   0: 0x80002d08 (0x3ff42c23) sw      t6, 1016(s0)
core   0: 3 0x80002d08 (0x3ff42c23) mem 0x80006964 0x00000000
core   0: 0x80002d0c (0x00400f13) li      t5, 4
core   0: 3 0x80002d0c (0x00400f13) x30 0x00000004
core   0: 0x80002d10 (0xaaaabeb7) lui     t4, 0xaaaab
core   0: 3 0x80002d10 (0xaaaabeb7) x29 0xaaaab000
core   0: 0x80002d14 (0xaabe8e93) addi    t4, t4, -1365
core   0: 3 0x80002d14 (0xaabe8e93) x29 0xaaaaaaab
core   0: 0x80002d18 (0x03df5fb3) divu    t6, t5, t4
core   0: 3 0x80002d18 (0x03df5fb3) x31 0x00000000
core   0: 0x80002d1c (0x3ff42e23) sw      t6, 1020(s0)
core   0: 3 0x80002d1c (0x3ff42e23) mem 0x80006968 0x00000000
core   0: 0x80002d20 (0x00004417) auipc   s0, 0x4
core   0: 3 0x80002d20 (0x00004417) x8  0x80006d20
core   0: 0x80002d24 (0xc4c40413) addi    s0, s0, -948
core   0: 3 0x80002d24 (0xc4c40413) x8  0x8000696c
core   0: 0x80002d28 (0x00000001) c.nop
core   0: 3 0x80002d28 (0x0001)
core   0: 0x80002d2a (0x00000013) nop
core   0: 3 0x80002d2a (0x00000013)
core   0: 0x80002d2e (0x00000013) nop
core   0: 3 0x80002d2e (0x00000013)
core   0: 0x80002d32 (0x00000013) nop
core   0: 3 0x80002d32 (0x00000013)
core   0: 0x80002d36 (0x00000013) nop
core   0: 3 0x80002d36 (0x00000013)
core   0: 0x80002d3a (0x00000013) nop
core   0: 3 0x80002d3a (0x00000013)
core   0: 0x80002d3e (0x00000001) c.nop
core   0: 3 0x80002d3e (0x0001)
core   0: 0x80002d40 (0x00400f13) li      t5, 4
core   0: 3 0x80002d40 (0x00400f13) x30 0x00000004
core   0: 0x80002d44 (0x00600e93) li      t4, 6
core   0: 3 0x80002d44 (0x00600e93) x29 0x00000006
core   0: 0x80002d48 (0x03df5fb3) divu    t6, t5, t4
core   0: 3 0x80002d48 (0x03df5fb3) x31 0x00000000
core   0: 0x80002d4c (0x01f42023) sw      t6, 0(s0)
core   0: 3 0x80002d4c (0x01f42023) mem 0x8000696c 0x00000000
core   0: 0x80002d50 (0x00400f13) li      t5, 4
core   0: 3 0x80002d50 (0x00400f13) x30 0x00000004
core   0: 0x80002d54 (0x33333eb7) lui     t4, 0x33333
core   0: 3 0x80002d54 (0x33333eb7) x29 0x33333000
core   0: 0x80002d58 (0x334e8e93) addi    t4, t4, 820
core   0: 3 0x80002d58 (0x334e8e93) x29 0x33333334
core   0: 0x80002d5c (0x03df5fb3) divu    t6, t5, t4
core   0: 3 0x80002d5c (0x03df5fb3) x31 0x00000000
core   0: 0x80002d60 (0x01f42223) sw      t6, 4(s0)
core   0: 3 0x80002d60 (0x01f42223) mem 0x80006970 0x00000000
core   0: 0x80002d64 (0x00400f13) li      t5, 4
core   0: 3 0x80002d64 (0x00400f13) x30 0x00000004
core   0: 0x80002d68 (0x66666eb7) lui     t4, 0x66666
core   0: 3 0x80002d68 (0x66666eb7) x29 0x66666000
core   0: 0x80002d6c (0x667e8e93) addi    t4, t4, 1639
core   0: 3 0x80002d6c (0x667e8e93) x29 0x66666667
core   0: 0x80002d70 (0x03df5fb3) divu    t6, t5, t4
core   0: 3 0x80002d70 (0x03df5fb3) x31 0x00000000
core   0: 0x80002d74 (0x01f42423) sw      t6, 8(s0)
core   0: 3 0x80002d74 (0x01f42423) mem 0x80006974 0x00000000
core   0: 0x80002d78 (0x00400f13) li      t5, 4
core   0: 3 0x80002d78 (0x00400f13) x30 0x00000004
core   0: 0x80002d7c (0x0000beb7) lui     t4, 0xb
core   0: 3 0x80002d7c (0x0000beb7) x29 0x0000b000
core   0: 0x80002d80 (0x505e8e93) addi    t4, t4, 1285
core   0: 3 0x80002d80 (0x505e8e93) x29 0x0000b505
core   0: 0x80002d84 (0x03df5fb3) divu    t6, t5, t4
core   0: 3 0x80002d84 (0x03df5fb3) x31 0x00000000
core   0: 0x80002d88 (0x01f42623) sw      t6, 12(s0)
core   0: 3 0x80002d88 (0x01f42623) mem 0x80006978 0x00000000
core   0: 0x80002d8c (0x00400f13) li      t5, 4
core   0: 3 0x80002d8c (0x00400f13) x30 0x00000004
core   0: 0x80002d90 (0x00100e93) li      t4, 1
core   0: 3 0x80002d90 (0x00100e93) x29 0x00000001
core   0: 0x80002d94 (0x03df5fb3) divu    t6, t5, t4
core   0: 3 0x80002d94 (0x03df5fb3) x31 0x00000004
core   0: 0x80002d98 (0x01f42823) sw      t6, 16(s0)
core   0: 3 0x80002d98 (0x01f42823) mem 0x8000697c 0x00000004
core   0: 0x80002d9c (0x55555f37) lui     t5, 0x55555
core   0: 3 0x80002d9c (0x55555f37) x30 0x55555000
core   0: 0x80002da0 (0x556f0f13) addi    t5, t5, 1366
core   0: 3 0x80002da0 (0x556f0f13) x30 0x55555556
core   0: 0x80002da4 (0x00300e93) li      t4, 3
core   0: 3 0x80002da4 (0x00300e93) x29 0x00000003
core   0: 0x80002da8 (0x03df5fb3) divu    t6, t5, t4
core   0: 3 0x80002da8 (0x03df5fb3) x31 0x1c71c71c
core   0: 0x80002dac (0x01f42a23) sw      t6, 20(s0)
core   0: 3 0x80002dac (0x01f42a23) mem 0x80006980 0x1c71c71c
core   0: 0x80002db0 (0x55555f37) lui     t5, 0x55555
core   0: 3 0x80002db0 (0x55555f37) x30 0x55555000
core   0: 0x80002db4 (0x556f0f13) addi    t5, t5, 1366
core   0: 3 0x80002db4 (0x556f0f13) x30 0x55555556
core   0: 0x80002db8 (0x55555eb7) lui     t4, 0x55555
core   0: 3 0x80002db8 (0x55555eb7) x29 0x55555000
core   0: 0x80002dbc (0x555e8e93) addi    t4, t4, 1365
core   0: 3 0x80002dbc (0x555e8e93) x29 0x55555555
core   0: 0x80002dc0 (0x03df5fb3) divu    t6, t5, t4
core   0: 3 0x80002dc0 (0x03df5fb3) x31 0x00000001
core   0: 0x80002dc4 (0x01f42c23) sw      t6, 24(s0)
core   0: 3 0x80002dc4 (0x01f42c23) mem 0x80006984 0x00000001
core   0: 0x80002dc8 (0x55555f37) lui     t5, 0x55555
core   0: 3 0x80002dc8 (0x55555f37) x30 0x55555000
core   0: 0x80002dcc (0x556f0f13) addi    t5, t5, 1366
core   0: 3 0x80002dcc (0x556f0f13) x30 0x55555556
core   0: 0x80002dd0 (0xaaaabeb7) lui     t4, 0xaaaab
core   0: 3 0x80002dd0 (0xaaaabeb7) x29 0xaaaab000
core   0: 0x80002dd4 (0xaaae8e93) addi    t4, t4, -1366
core   0: 3 0x80002dd4 (0xaaae8e93) x29 0xaaaaaaaa
core   0: 0x80002dd8 (0x03df5fb3) divu    t6, t5, t4
core   0: 3 0x80002dd8 (0x03df5fb3) x31 0x00000000
core   0: 0x80002ddc (0x01f42e23) sw      t6, 28(s0)
core   0: 3 0x80002ddc (0x01f42e23) mem 0x80006988 0x00000000
core   0: 0x80002de0 (0x55555f37) lui     t5, 0x55555
core   0: 3 0x80002de0 (0x55555f37) x30 0x55555000
core   0: 0x80002de4 (0x556f0f13) addi    t5, t5, 1366
core   0: 3 0x80002de4 (0x556f0f13) x30 0x55555556
core   0: 0x80002de8 (0x00500e93) li      t4, 5
core   0: 3 0x80002de8 (0x00500e93) x29 0x00000005
core   0: 0x80002dec (0x03df5fb3) divu    t6, t5, t4
core   0: 3 0x80002dec (0x03df5fb3) x31 0x11111111
core   0: 0x80002df0 (0x03f42023) sw      t6, 32(s0)
core   0: 3 0x80002df0 (0x03f42023) mem 0x8000698c 0x11111111
core   0: 0x80002df4 (0x55555f37) lui     t5, 0x55555
core   0: 3 0x80002df4 (0x55555f37) x30 0x55555000
core   0: 0x80002df8 (0x556f0f13) addi    t5, t5, 1366
core   0: 3 0x80002df8 (0x556f0f13) x30 0x55555556
core   0: 0x80002dfc (0x33333eb7) lui     t4, 0x33333
core   0: 3 0x80002dfc (0x33333eb7) x29 0x33333000
core   0: 0x80002e00 (0x333e8e93) addi    t4, t4, 819
core   0: 3 0x80002e00 (0x333e8e93) x29 0x33333333
core   0: 0x80002e04 (0x03df5fb3) divu    t6, t5, t4
core   0: 3 0x80002e04 (0x03df5fb3) x31 0x00000001
core   0: 0x80002e08 (0x03f42223) sw      t6, 36(s0)
core   0: 3 0x80002e08 (0x03f42223) mem 0x80006990 0x00000001
core   0: 0x80002e0c (0x55555f37) lui     t5, 0x55555
core   0: 3 0x80002e0c (0x55555f37) x30 0x55555000
core   0: 0x80002e10 (0x556f0f13) addi    t5, t5, 1366
core   0: 3 0x80002e10 (0x556f0f13) x30 0x55555556
core   0: 0x80002e14 (0x66666eb7) lui     t4, 0x66666
core   0: 3 0x80002e14 (0x66666eb7) x29 0x66666000
core   0: 0x80002e18 (0x666e8e93) addi    t4, t4, 1638
core   0: 3 0x80002e18 (0x666e8e93) x29 0x66666666
core   0: 0x80002e1c (0x03df5fb3) divu    t6, t5, t4
core   0: 3 0x80002e1c (0x03df5fb3) x31 0x00000000
core   0: 0x80002e20 (0x03f42423) sw      t6, 40(s0)
core   0: 3 0x80002e20 (0x03f42423) mem 0x80006994 0x00000000
core   0: 0x80002e24 (0x55555f37) lui     t5, 0x55555
core   0: 3 0x80002e24 (0x55555f37) x30 0x55555000
core   0: 0x80002e28 (0x556f0f13) addi    t5, t5, 1366
core   0: 3 0x80002e28 (0x556f0f13) x30 0x55555556
core   0: 0x80002e2c (0x0000beb7) lui     t4, 0xb
core   0: 3 0x80002e2c (0x0000beb7) x29 0x0000b000
core   0: 0x80002e30 (0x504e8e93) addi    t4, t4, 1284
core   0: 3 0x80002e30 (0x504e8e93) x29 0x0000b504
core   0: 0x80002e34 (0x03df5fb3) divu    t6, t5, t4
core   0: 3 0x80002e34 (0x03df5fb3) x31 0x000078ae
core   0: 0x80002e38 (0x03f42623) sw      t6, 44(s0)
core   0: 3 0x80002e38 (0x03f42623) mem 0x80006998 0x000078ae
core   0: 0x80002e3c (0x55555f37) lui     t5, 0x55555
core   0: 3 0x80002e3c (0x55555f37) x30 0x55555000
core   0: 0x80002e40 (0x556f0f13) addi    t5, t5, 1366
core   0: 3 0x80002e40 (0x556f0f13) x30 0x55555556
core   0: 0x80002e44 (0x00010eb7) lui     t4, 0x10
core   0: 3 0x80002e44 (0x00010eb7) x29 0x00010000
core   0: 0x80002e48 (0xfffe8e93) addi    t4, t4, -1
core   0: 3 0x80002e48 (0xfffe8e93) x29 0x0000ffff
core   0: 0x80002e4c (0x03df5fb3) divu    t6, t5, t4
core   0: 3 0x80002e4c (0x03df5fb3) x31 0x00005555
core   0: 0x80002e50 (0x03f42823) sw      t6, 48(s0)
core   0: 3 0x80002e50 (0x03f42823) mem 0x8000699c 0x00005555
core   0: 0x80002e54 (0x55555f37) lui     t5, 0x55555
core   0: 3 0x80002e54 (0x55555f37) x30 0x55555000
core   0: 0x80002e58 (0x556f0f13) addi    t5, t5, 1366
core   0: 3 0x80002e58 (0x556f0f13) x30 0x55555556
core   0: 0x80002e5c (0x00200e93) li      t4, 2
core   0: 3 0x80002e5c (0x00200e93) x29 0x00000002
core   0: 0x80002e60 (0x03df5fb3) divu    t6, t5, t4
core   0: 3 0x80002e60 (0x03df5fb3) x31 0x2aaaaaab
core   0: 0x80002e64 (0x03f42a23) sw      t6, 52(s0)
core   0: 3 0x80002e64 (0x03f42a23) mem 0x800069a0 0x2aaaaaab
core   0: 0x80002e68 (0x55555f37) lui     t5, 0x55555
core   0: 3 0x80002e68 (0x55555f37) x30 0x55555000
core   0: 0x80002e6c (0x556f0f13) addi    t5, t5, 1366
core   0: 3 0x80002e6c (0x556f0f13) x30 0x55555556
core   0: 0x80002e70 (0x55555eb7) lui     t4, 0x55555
core   0: 3 0x80002e70 (0x55555eb7) x29 0x55555000
core   0: 0x80002e74 (0x554e8e93) addi    t4, t4, 1364
core   0: 3 0x80002e74 (0x554e8e93) x29 0x55555554
core   0: 0x80002e78 (0x03df5fb3) divu    t6, t5, t4
core   0: 3 0x80002e78 (0x03df5fb3) x31 0x00000001
core   0: 0x80002e7c (0x03f42c23) sw      t6, 56(s0)
core   0: 3 0x80002e7c (0x03f42c23) mem 0x800069a4 0x00000001
core   0: 0x80002e80 (0x55555f37) lui     t5, 0x55555
core   0: 3 0x80002e80 (0x55555f37) x30 0x55555000
core   0: 0x80002e84 (0x556f0f13) addi    t5, t5, 1366
core   0: 3 0x80002e84 (0x556f0f13) x30 0x55555556
core   0: 0x80002e88 (0xaaaabeb7) lui     t4, 0xaaaab
core   0: 3 0x80002e88 (0xaaaabeb7) x29 0xaaaab000
core   0: 0x80002e8c (0xaa9e8e93) addi    t4, t4, -1367
core   0: 3 0x80002e8c (0xaa9e8e93) x29 0xaaaaaaa9
core   0: 0x80002e90 (0x03df5fb3) divu    t6, t5, t4
core   0: 3 0x80002e90 (0x03df5fb3) x31 0x00000000
core   0: 0x80002e94 (0x03f42e23) sw      t6, 60(s0)
core   0: 3 0x80002e94 (0x03f42e23) mem 0x800069a8 0x00000000
core   0: 0x80002e98 (0x55555f37) lui     t5, 0x55555
core   0: 3 0x80002e98 (0x55555f37) x30 0x55555000
core   0: 0x80002e9c (0x556f0f13) addi    t5, t5, 1366
core   0: 3 0x80002e9c (0x556f0f13) x30 0x55555556
core   0: 0x80002ea0 (0x33333eb7) lui     t4, 0x33333
core   0: 3 0x80002ea0 (0x33333eb7) x29 0x33333000
core   0: 0x80002ea4 (0x332e8e93) addi    t4, t4, 818
core   0: 3 0x80002ea4 (0x332e8e93) x29 0x33333332
core   0: 0x80002ea8 (0x03df5fb3) divu    t6, t5, t4
core   0: 3 0x80002ea8 (0x03df5fb3) x31 0x00000001
core   0: 0x80002eac (0x05f42023) sw      t6, 64(s0)
core   0: 3 0x80002eac (0x05f42023) mem 0x800069ac 0x00000001
core   0: 0x80002eb0 (0x55555f37) lui     t5, 0x55555
core   0: 3 0x80002eb0 (0x55555f37) x30 0x55555000
core   0: 0x80002eb4 (0x556f0f13) addi    t5, t5, 1366
core   0: 3 0x80002eb4 (0x556f0f13) x30 0x55555556
core   0: 0x80002eb8 (0x66666eb7) lui     t4, 0x66666
core   0: 3 0x80002eb8 (0x66666eb7) x29 0x66666000
core   0: 0x80002ebc (0x665e8e93) addi    t4, t4, 1637
core   0: 3 0x80002ebc (0x665e8e93) x29 0x66666665
core   0: 0x80002ec0 (0x03df5fb3) divu    t6, t5, t4
core   0: 3 0x80002ec0 (0x03df5fb3) x31 0x00000000
core   0: 0x80002ec4 (0x05f42223) sw      t6, 68(s0)
core   0: 3 0x80002ec4 (0x05f42223) mem 0x800069b0 0x00000000
core   0: 0x80002ec8 (0x55555f37) lui     t5, 0x55555
core   0: 3 0x80002ec8 (0x55555f37) x30 0x55555000
core   0: 0x80002ecc (0x556f0f13) addi    t5, t5, 1366
core   0: 3 0x80002ecc (0x556f0f13) x30 0x55555556
core   0: 0x80002ed0 (0x0000beb7) lui     t4, 0xb
core   0: 3 0x80002ed0 (0x0000beb7) x29 0x0000b000
core   0: 0x80002ed4 (0x503e8e93) addi    t4, t4, 1283
core   0: 3 0x80002ed4 (0x503e8e93) x29 0x0000b503
core   0: 0x80002ed8 (0x03df5fb3) divu    t6, t5, t4
core   0: 3 0x80002ed8 (0x03df5fb3) x31 0x000078af
core   0: 0x80002edc (0x05f42423) sw      t6, 72(s0)
core   0: 3 0x80002edc (0x05f42423) mem 0x800069b4 0x000078af
core   0: 0x80002ee0 (0x55555f37) lui     t5, 0x55555
core   0: 3 0x80002ee0 (0x55555f37) x30 0x55555000
core   0: 0x80002ee4 (0x556f0f13) addi    t5, t5, 1366
core   0: 3 0x80002ee4 (0x556f0f13) x30 0x55555556
core   0: 0x80002ee8 (0x00000e93) li      t4, 0
core   0: 3 0x80002ee8 (0x00000e93) x29 0x00000000
core   0: 0x80002eec (0x03df5fb3) divu    t6, t5, t4
core   0: 3 0x80002eec (0x03df5fb3) x31 0xffffffff
core   0: 0x80002ef0 (0x05f42623) sw      t6, 76(s0)
core   0: 3 0x80002ef0 (0x05f42623) mem 0x800069b8 0xffffffff
core   0: 0x80002ef4 (0x55555f37) lui     t5, 0x55555
core   0: 3 0x80002ef4 (0x55555f37) x30 0x55555000
core   0: 0x80002ef8 (0x556f0f13) addi    t5, t5, 1366
core   0: 3 0x80002ef8 (0x556f0f13) x30 0x55555556
core   0: 0x80002efc (0x00010eb7) lui     t4, 0x10
core   0: 3 0x80002efc (0x00010eb7) x29 0x00010000
core   0: 0x80002f00 (0xffee8e93) addi    t4, t4, -2
core   0: 3 0x80002f00 (0xffee8e93) x29 0x0000fffe
core   0: 0x80002f04 (0x03df5fb3) divu    t6, t5, t4
core   0: 3 0x80002f04 (0x03df5fb3) x31 0x00005556
core   0: 0x80002f08 (0x05f42823) sw      t6, 80(s0)
core   0: 3 0x80002f08 (0x05f42823) mem 0x800069bc 0x00005556
core   0: 0x80002f0c (0x55555f37) lui     t5, 0x55555
core   0: 3 0x80002f0c (0x55555f37) x30 0x55555000
core   0: 0x80002f10 (0x556f0f13) addi    t5, t5, 1366
core   0: 3 0x80002f10 (0x556f0f13) x30 0x55555556
core   0: 0x80002f14 (0x00400e93) li      t4, 4
core   0: 3 0x80002f14 (0x00400e93) x29 0x00000004
core   0: 0x80002f18 (0x03df5fb3) divu    t6, t5, t4
core   0: 3 0x80002f18 (0x03df5fb3) x31 0x15555555
core   0: 0x80002f1c (0x05f42a23) sw      t6, 84(s0)
core   0: 3 0x80002f1c (0x05f42a23) mem 0x800069c0 0x15555555
core   0: 0x80002f20 (0x55555f37) lui     t5, 0x55555
core   0: 3 0x80002f20 (0x55555f37) x30 0x55555000
core   0: 0x80002f24 (0x556f0f13) addi    t5, t5, 1366
core   0: 3 0x80002f24 (0x556f0f13) x30 0x55555556
core   0: 0x80002f28 (0x55555eb7) lui     t4, 0x55555
core   0: 3 0x80002f28 (0x55555eb7) x29 0x55555000
core   0: 0x80002f2c (0x556e8e93) addi    t4, t4, 1366
core   0: 3 0x80002f2c (0x556e8e93) x29 0x55555556
core   0: 0x80002f30 (0x03df5fb3) divu    t6, t5, t4
core   0: 3 0x80002f30 (0x03df5fb3) x31 0x00000001
core   0: 0x80002f34 (0x05f42c23) sw      t6, 88(s0)
core   0: 3 0x80002f34 (0x05f42c23) mem 0x800069c4 0x00000001
core   0: 0x80002f38 (0x55555f37) lui     t5, 0x55555
core   0: 3 0x80002f38 (0x55555f37) x30 0x55555000
core   0: 0x80002f3c (0x556f0f13) addi    t5, t5, 1366
core   0: 3 0x80002f3c (0x556f0f13) x30 0x55555556
core   0: 0x80002f40 (0xaaaabeb7) lui     t4, 0xaaaab
core   0: 3 0x80002f40 (0xaaaabeb7) x29 0xaaaab000
core   0: 0x80002f44 (0xaabe8e93) addi    t4, t4, -1365
core   0: 3 0x80002f44 (0xaabe8e93) x29 0xaaaaaaab
core   0: 0x80002f48 (0x03df5fb3) divu    t6, t5, t4
core   0: 3 0x80002f48 (0x03df5fb3) x31 0x00000000
core   0: 0x80002f4c (0x05f42e23) sw      t6, 92(s0)
core   0: 3 0x80002f4c (0x05f42e23) mem 0x800069c8 0x00000000
core   0: 0x80002f50 (0x55555f37) lui     t5, 0x55555
core   0: 3 0x80002f50 (0x55555f37) x30 0x55555000
core   0: 0x80002f54 (0x556f0f13) addi    t5, t5, 1366
core   0: 3 0x80002f54 (0x556f0f13) x30 0x55555556
core   0: 0x80002f58 (0x00600e93) li      t4, 6
core   0: 3 0x80002f58 (0x00600e93) x29 0x00000006
core   0: 0x80002f5c (0x03df5fb3) divu    t6, t5, t4
core   0: 3 0x80002f5c (0x03df5fb3) x31 0x0e38e38e
core   0: 0x80002f60 (0x07f42023) sw      t6, 96(s0)
core   0: 3 0x80002f60 (0x07f42023) mem 0x800069cc 0x0e38e38e
core   0: 0x80002f64 (0x55555f37) lui     t5, 0x55555
core   0: 3 0x80002f64 (0x55555f37) x30 0x55555000
core   0: 0x80002f68 (0x556f0f13) addi    t5, t5, 1366
core   0: 3 0x80002f68 (0x556f0f13) x30 0x55555556
core   0: 0x80002f6c (0x33333eb7) lui     t4, 0x33333
core   0: 3 0x80002f6c (0x33333eb7) x29 0x33333000
core   0: 0x80002f70 (0x334e8e93) addi    t4, t4, 820
core   0: 3 0x80002f70 (0x334e8e93) x29 0x33333334
core   0: 0x80002f74 (0x03df5fb3) divu    t6, t5, t4
core   0: 3 0x80002f74 (0x03df5fb3) x31 0x00000001
core   0: 0x80002f78 (0x07f42223) sw      t6, 100(s0)
core   0: 3 0x80002f78 (0x07f42223) mem 0x800069d0 0x00000001
core   0: 0x80002f7c (0x55555f37) lui     t5, 0x55555
core   0: 3 0x80002f7c (0x55555f37) x30 0x55555000
core   0: 0x80002f80 (0x556f0f13) addi    t5, t5, 1366
core   0: 3 0x80002f80 (0x556f0f13) x30 0x55555556
core   0: 0x80002f84 (0x66666eb7) lui     t4, 0x66666
core   0: 3 0x80002f84 (0x66666eb7) x29 0x66666000
core   0: 0x80002f88 (0x667e8e93) addi    t4, t4, 1639
core   0: 3 0x80002f88 (0x667e8e93) x29 0x66666667
core   0: 0x80002f8c (0x03df5fb3) divu    t6, t5, t4
core   0: 3 0x80002f8c (0x03df5fb3) x31 0x00000000
core   0: 0x80002f90 (0x07f42423) sw      t6, 104(s0)
core   0: 3 0x80002f90 (0x07f42423) mem 0x800069d4 0x00000000
core   0: 0x80002f94 (0x55555f37) lui     t5, 0x55555
core   0: 3 0x80002f94 (0x55555f37) x30 0x55555000
core   0: 0x80002f98 (0x556f0f13) addi    t5, t5, 1366
core   0: 3 0x80002f98 (0x556f0f13) x30 0x55555556
core   0: 0x80002f9c (0x0000beb7) lui     t4, 0xb
core   0: 3 0x80002f9c (0x0000beb7) x29 0x0000b000
core   0: 0x80002fa0 (0x505e8e93) addi    t4, t4, 1285
core   0: 3 0x80002fa0 (0x505e8e93) x29 0x0000b505
core   0: 0x80002fa4 (0x03df5fb3) divu    t6, t5, t4
core   0: 3 0x80002fa4 (0x03df5fb3) x31 0x000078ad
core   0: 0x80002fa8 (0x07f42623) sw      t6, 108(s0)
core   0: 3 0x80002fa8 (0x07f42623) mem 0x800069d8 0x000078ad
core   0: 0x80002fac (0x55555f37) lui     t5, 0x55555
core   0: 3 0x80002fac (0x55555f37) x30 0x55555000
core   0: 0x80002fb0 (0x556f0f13) addi    t5, t5, 1366
core   0: 3 0x80002fb0 (0x556f0f13) x30 0x55555556
core   0: 0x80002fb4 (0x00100e93) li      t4, 1
core   0: 3 0x80002fb4 (0x00100e93) x29 0x00000001
core   0: 0x80002fb8 (0x03df5fb3) divu    t6, t5, t4
core   0: 3 0x80002fb8 (0x03df5fb3) x31 0x55555556
core   0: 0x80002fbc (0x07f42823) sw      t6, 112(s0)
core   0: 3 0x80002fbc (0x07f42823) mem 0x800069dc 0x55555556
core   0: 0x80002fc0 (0x55555f37) lui     t5, 0x55555
core   0: 3 0x80002fc0 (0x55555f37) x30 0x55555000
core   0: 0x80002fc4 (0x556f0f13) addi    t5, t5, 1366
core   0: 3 0x80002fc4 (0x556f0f13) x30 0x55555556
core   0: 0x80002fc8 (0x00010eb7) lui     t4, 0x10
core   0: 3 0x80002fc8 (0x00010eb7) x29 0x00010000
core   0: 0x80002fcc (0x03df5fb3) divu    t6, t5, t4
core   0: 3 0x80002fcc (0x03df5fb3) x31 0x00005555
core   0: 0x80002fd0 (0x07f42a23) sw      t6, 116(s0)
core   0: 3 0x80002fd0 (0x07f42a23) mem 0x800069e0 0x00005555
core   0: 0x80002fd4 (0xaaaabf37) lui     t5, 0xaaaab
core   0: 3 0x80002fd4 (0xaaaabf37) x30 0xaaaab000
core   0: 0x80002fd8 (0xaabf0f13) addi    t5, t5, -1365
core   0: 3 0x80002fd8 (0xaabf0f13) x30 0xaaaaaaab
core   0: 0x80002fdc (0x00300e93) li      t4, 3
core   0: 3 0x80002fdc (0x00300e93) x29 0x00000003
core   0: 0x80002fe0 (0x03df5fb3) divu    t6, t5, t4
core   0: 3 0x80002fe0 (0x03df5fb3) x31 0x38e38e39
core   0: 0x80002fe4 (0x07f42c23) sw      t6, 120(s0)
core   0: 3 0x80002fe4 (0x07f42c23) mem 0x800069e4 0x38e38e39
core   0: 0x80002fe8 (0xaaaabf37) lui     t5, 0xaaaab
core   0: 3 0x80002fe8 (0xaaaabf37) x30 0xaaaab000
core   0: 0x80002fec (0xaabf0f13) addi    t5, t5, -1365
core   0: 3 0x80002fec (0xaabf0f13) x30 0xaaaaaaab
core   0: 0x80002ff0 (0x55555eb7) lui     t4, 0x55555
core   0: 3 0x80002ff0 (0x55555eb7) x29 0x55555000
core   0: 0x80002ff4 (0x555e8e93) addi    t4, t4, 1365
core   0: 3 0x80002ff4 (0x555e8e93) x29 0x55555555
core   0: 0x80002ff8 (0x03df5fb3) divu    t6, t5, t4
core   0: 3 0x80002ff8 (0x03df5fb3) x31 0x00000002
core   0: 0x80002ffc (0x07f42e23) sw      t6, 124(s0)
core   0: 3 0x80002ffc (0x07f42e23) mem 0x800069e8 0x00000002
core   0: 0x80003000 (0xaaaabf37) lui     t5, 0xaaaab
core   0: 3 0x80003000 (0xaaaabf37) x30 0xaaaab000
core   0: 0x80003004 (0xaabf0f13) addi    t5, t5, -1365
core   0: 3 0x80003004 (0xaabf0f13) x30 0xaaaaaaab
core   0: 0x80003008 (0xaaaabeb7) lui     t4, 0xaaaab
core   0: 3 0x80003008 (0xaaaabeb7) x29 0xaaaab000
core   0: 0x8000300c (0xaaae8e93) addi    t4, t4, -1366
core   0: 3 0x8000300c (0xaaae8e93) x29 0xaaaaaaaa
core   0: 0x80003010 (0x03df5fb3) divu    t6, t5, t4
core   0: 3 0x80003010 (0x03df5fb3) x31 0x00000001
core   0: 0x80003014 (0x09f42023) sw      t6, 128(s0)
core   0: 3 0x80003014 (0x09f42023) mem 0x800069ec 0x00000001
core   0: 0x80003018 (0xaaaabf37) lui     t5, 0xaaaab
core   0: 3 0x80003018 (0xaaaabf37) x30 0xaaaab000
core   0: 0x8000301c (0xaabf0f13) addi    t5, t5, -1365
core   0: 3 0x8000301c (0xaabf0f13) x30 0xaaaaaaab
core   0: 0x80003020 (0x00500e93) li      t4, 5
core   0: 3 0x80003020 (0x00500e93) x29 0x00000005
core   0: 0x80003024 (0x03df5fb3) divu    t6, t5, t4
core   0: 3 0x80003024 (0x03df5fb3) x31 0x22222222
core   0: 0x80003028 (0x09f42223) sw      t6, 132(s0)
core   0: 3 0x80003028 (0x09f42223) mem 0x800069f0 0x22222222
core   0: 0x8000302c (0xaaaabf37) lui     t5, 0xaaaab
core   0: 3 0x8000302c (0xaaaabf37) x30 0xaaaab000
core   0: 0x80003030 (0xaabf0f13) addi    t5, t5, -1365
core   0: 3 0x80003030 (0xaabf0f13) x30 0xaaaaaaab
core   0: 0x80003034 (0x33333eb7) lui     t4, 0x33333
core   0: 3 0x80003034 (0x33333eb7) x29 0x33333000
core   0: 0x80003038 (0x333e8e93) addi    t4, t4, 819
core   0: 3 0x80003038 (0x333e8e93) x29 0x33333333
core   0: 0x8000303c (0x03df5fb3) divu    t6, t5, t4
core   0: 3 0x8000303c (0x03df5fb3) x31 0x00000003
core   0: 0x80003040 (0x09f42423) sw      t6, 136(s0)
core   0: 3 0x80003040 (0x09f42423) mem 0x800069f4 0x00000003
core   0: 0x80003044 (0xaaaabf37) lui     t5, 0xaaaab
core   0: 3 0x80003044 (0xaaaabf37) x30 0xaaaab000
core   0: 0x80003048 (0xaabf0f13) addi    t5, t5, -1365
core   0: 3 0x80003048 (0xaabf0f13) x30 0xaaaaaaab
core   0: 0x8000304c (0x66666eb7) lui     t4, 0x66666
core   0: 3 0x8000304c (0x66666eb7) x29 0x66666000
core   0: 0x80003050 (0x666e8e93) addi    t4, t4, 1638
core   0: 3 0x80003050 (0x666e8e93) x29 0x66666666
core   0: 0x80003054 (0x03df5fb3) divu    t6, t5, t4
core   0: 3 0x80003054 (0x03df5fb3) x31 0x00000001
core   0: 0x80003058 (0x09f42623) sw      t6, 140(s0)
core   0: 3 0x80003058 (0x09f42623) mem 0x800069f8 0x00000001
core   0: 0x8000305c (0xaaaabf37) lui     t5, 0xaaaab
core   0: 3 0x8000305c (0xaaaabf37) x30 0xaaaab000
core   0: 0x80003060 (0xaabf0f13) addi    t5, t5, -1365
core   0: 3 0x80003060 (0xaabf0f13) x30 0xaaaaaaab
core   0: 0x80003064 (0x0000beb7) lui     t4, 0xb
core   0: 3 0x80003064 (0x0000beb7) x29 0x0000b000
core   0: 0x80003068 (0x504e8e93) addi    t4, t4, 1284
core   0: 3 0x80003068 (0x504e8e93) x29 0x0000b504
core   0: 0x8000306c (0x03df5fb3) divu    t6, t5, t4
core   0: 3 0x8000306c (0x03df5fb3) x31 0x0000f15d
core   0: 0x80003070 (0x09f42823) sw      t6, 144(s0)
core   0: 3 0x80003070 (0x09f42823) mem 0x800069fc 0x0000f15d
core   0: 0x80003074 (0xaaaabf37) lui     t5, 0xaaaab
core   0: 3 0x80003074 (0xaaaabf37) x30 0xaaaab000
core   0: 0x80003078 (0xaabf0f13) addi    t5, t5, -1365
core   0: 3 0x80003078 (0xaabf0f13) x30 0xaaaaaaab
core   0: 0x8000307c (0x00010eb7) lui     t4, 0x10
core   0: 3 0x8000307c (0x00010eb7) x29 0x00010000
core   0: 0x80003080 (0xfffe8e93) addi    t4, t4, -1
core   0: 3 0x80003080 (0xfffe8e93) x29 0x0000ffff
core   0: 0x80003084 (0x03df5fb3) divu    t6, t5, t4
core   0: 3 0x80003084 (0x03df5fb3) x31 0x0000aaab
core   0: 0x80003088 (0x09f42a23) sw      t6, 148(s0)
core   0: 3 0x80003088 (0x09f42a23) mem 0x80006a00 0x0000aaab
core   0: 0x8000308c (0xaaaabf37) lui     t5, 0xaaaab
core   0: 3 0x8000308c (0xaaaabf37) x30 0xaaaab000
core   0: 0x80003090 (0xaabf0f13) addi    t5, t5, -1365
core   0: 3 0x80003090 (0xaabf0f13) x30 0xaaaaaaab
core   0: 0x80003094 (0x00200e93) li      t4, 2
core   0: 3 0x80003094 (0x00200e93) x29 0x00000002
core   0: 0x80003098 (0x03df5fb3) divu    t6, t5, t4
core   0: 3 0x80003098 (0x03df5fb3) x31 0x55555555
core   0: 0x8000309c (0x09f42c23) sw      t6, 152(s0)
core   0: 3 0x8000309c (0x09f42c23) mem 0x80006a04 0x55555555
core   0: 0x800030a0 (0xaaaabf37) lui     t5, 0xaaaab
core   0: 3 0x800030a0 (0xaaaabf37) x30 0xaaaab000
core   0: 0x800030a4 (0xaabf0f13) addi    t5, t5, -1365
core   0: 3 0x800030a4 (0xaabf0f13) x30 0xaaaaaaab
core   0: 0x800030a8 (0x55555eb7) lui     t4, 0x55555
core   0: 3 0x800030a8 (0x55555eb7) x29 0x55555000
core   0: 0x800030ac (0x554e8e93) addi    t4, t4, 1364
core   0: 3 0x800030ac (0x554e8e93) x29 0x55555554
core   0: 0x800030b0 (0x03df5fb3) divu    t6, t5, t4
core   0: 3 0x800030b0 (0x03df5fb3) x31 0x00000002
core   0: 0x800030b4 (0x09f42e23) sw      t6, 156(s0)
core   0: 3 0x800030b4 (0x09f42e23) mem 0x80006a08 0x00000002
core   0: 0x800030b8 (0xaaaabf37) lui     t5, 0xaaaab
core   0: 3 0x800030b8 (0xaaaabf37) x30 0xaaaab000
core   0: 0x800030bc (0xaabf0f13) addi    t5, t5, -1365
core   0: 3 0x800030bc (0xaabf0f13) x30 0xaaaaaaab
core   0: 0x800030c0 (0xaaaabeb7) lui     t4, 0xaaaab
core   0: 3 0x800030c0 (0xaaaabeb7) x29 0xaaaab000
core   0: 0x800030c4 (0xaa9e8e93) addi    t4, t4, -1367
core   0: 3 0x800030c4 (0xaa9e8e93) x29 0xaaaaaaa9
core   0: 0x800030c8 (0x03df5fb3) divu    t6, t5, t4
core   0: 3 0x800030c8 (0x03df5fb3) x31 0x00000001
core   0: 0x800030cc (0x0bf42023) sw      t6, 160(s0)
core   0: 3 0x800030cc (0x0bf42023) mem 0x80006a0c 0x00000001
core   0: 0x800030d0 (0xaaaabf37) lui     t5, 0xaaaab
core   0: 3 0x800030d0 (0xaaaabf37) x30 0xaaaab000
core   0: 0x800030d4 (0xaabf0f13) addi    t5, t5, -1365
core   0: 3 0x800030d4 (0xaabf0f13) x30 0xaaaaaaab
core   0: 0x800030d8 (0x33333eb7) lui     t4, 0x33333
core   0: 3 0x800030d8 (0x33333eb7) x29 0x33333000
core   0: 0x800030dc (0x332e8e93) addi    t4, t4, 818
core   0: 3 0x800030dc (0x332e8e93) x29 0x33333332
core   0: 0x800030e0 (0x03df5fb3) divu    t6, t5, t4
core   0: 3 0x800030e0 (0x03df5fb3) x31 0x00000003
core   0: 0x800030e4 (0x0bf42223) sw      t6, 164(s0)
core   0: 3 0x800030e4 (0x0bf42223) mem 0x80006a10 0x00000003
core   0: 0x800030e8 (0xaaaabf37) lui     t5, 0xaaaab
core   0: 3 0x800030e8 (0xaaaabf37) x30 0xaaaab000
core   0: 0x800030ec (0xaabf0f13) addi    t5, t5, -1365
core   0: 3 0x800030ec (0xaabf0f13) x30 0xaaaaaaab
core   0: 0x800030f0 (0x66666eb7) lui     t4, 0x66666
core   0: 3 0x800030f0 (0x66666eb7) x29 0x66666000
core   0: 0x800030f4 (0x665e8e93) addi    t4, t4, 1637
core   0: 3 0x800030f4 (0x665e8e93) x29 0x66666665
core   0: 0x800030f8 (0x03df5fb3) divu    t6, t5, t4
core   0: 3 0x800030f8 (0x03df5fb3) x31 0x00000001
core   0: 0x800030fc (0x0bf42423) sw      t6, 168(s0)
core   0: 3 0x800030fc (0x0bf42423) mem 0x80006a14 0x00000001
core   0: 0x80003100 (0xaaaabf37) lui     t5, 0xaaaab
core   0: 3 0x80003100 (0xaaaabf37) x30 0xaaaab000
core   0: 0x80003104 (0xaabf0f13) addi    t5, t5, -1365
core   0: 3 0x80003104 (0xaabf0f13) x30 0xaaaaaaab
core   0: 0x80003108 (0x0000beb7) lui     t4, 0xb
core   0: 3 0x80003108 (0x0000beb7) x29 0x0000b000
core   0: 0x8000310c (0x503e8e93) addi    t4, t4, 1283
core   0: 3 0x8000310c (0x503e8e93) x29 0x0000b503
core   0: 0x80003110 (0x03df5fb3) divu    t6, t5, t4
core   0: 3 0x80003110 (0x03df5fb3) x31 0x0000f15e
core   0: 0x80003114 (0x0bf42623) sw      t6, 172(s0)
core   0: 3 0x80003114 (0x0bf42623) mem 0x80006a18 0x0000f15e
core   0: 0x80003118 (0xaaaabf37) lui     t5, 0xaaaab
core   0: 3 0x80003118 (0xaaaabf37) x30 0xaaaab000
core   0: 0x8000311c (0xaabf0f13) addi    t5, t5, -1365
core   0: 3 0x8000311c (0xaabf0f13) x30 0xaaaaaaab
core   0: 0x80003120 (0x00000e93) li      t4, 0
core   0: 3 0x80003120 (0x00000e93) x29 0x00000000
core   0: 0x80003124 (0x03df5fb3) divu    t6, t5, t4
core   0: 3 0x80003124 (0x03df5fb3) x31 0xffffffff
core   0: 0x80003128 (0x0bf42823) sw      t6, 176(s0)
core   0: 3 0x80003128 (0x0bf42823) mem 0x80006a1c 0xffffffff
core   0: 0x8000312c (0xaaaabf37) lui     t5, 0xaaaab
core   0: 3 0x8000312c (0xaaaabf37) x30 0xaaaab000
core   0: 0x80003130 (0xaabf0f13) addi    t5, t5, -1365
core   0: 3 0x80003130 (0xaabf0f13) x30 0xaaaaaaab
core   0: 0x80003134 (0x00010eb7) lui     t4, 0x10
core   0: 3 0x80003134 (0x00010eb7) x29 0x00010000
core   0: 0x80003138 (0xffee8e93) addi    t4, t4, -2
core   0: 3 0x80003138 (0xffee8e93) x29 0x0000fffe
core   0: 0x8000313c (0x03df5fb3) divu    t6, t5, t4
core   0: 3 0x8000313c (0x03df5fb3) x31 0x0000aaac
core   0: 0x80003140 (0x0bf42a23) sw      t6, 180(s0)
core   0: 3 0x80003140 (0x0bf42a23) mem 0x80006a20 0x0000aaac
core   0: 0x80003144 (0xaaaabf37) lui     t5, 0xaaaab
core   0: 3 0x80003144 (0xaaaabf37) x30 0xaaaab000
core   0: 0x80003148 (0xaabf0f13) addi    t5, t5, -1365
core   0: 3 0x80003148 (0xaabf0f13) x30 0xaaaaaaab
core   0: 0x8000314c (0x00400e93) li      t4, 4
core   0: 3 0x8000314c (0x00400e93) x29 0x00000004
core   0: 0x80003150 (0x03df5fb3) divu    t6, t5, t4
core   0: 3 0x80003150 (0x03df5fb3) x31 0x2aaaaaaa
core   0: 0x80003154 (0x0bf42c23) sw      t6, 184(s0)
core   0: 3 0x80003154 (0x0bf42c23) mem 0x80006a24 0x2aaaaaaa
core   0: 0x80003158 (0xaaaabf37) lui     t5, 0xaaaab
core   0: 3 0x80003158 (0xaaaabf37) x30 0xaaaab000
core   0: 0x8000315c (0xaabf0f13) addi    t5, t5, -1365
core   0: 3 0x8000315c (0xaabf0f13) x30 0xaaaaaaab
core   0: 0x80003160 (0x55555eb7) lui     t4, 0x55555
core   0: 3 0x80003160 (0x55555eb7) x29 0x55555000
core   0: 0x80003164 (0x556e8e93) addi    t4, t4, 1366
core   0: 3 0x80003164 (0x556e8e93) x29 0x55555556
core   0: 0x80003168 (0x03df5fb3) divu    t6, t5, t4
core   0: 3 0x80003168 (0x03df5fb3) x31 0x00000001
core   0: 0x8000316c (0x0bf42e23) sw      t6, 188(s0)
core   0: 3 0x8000316c (0x0bf42e23) mem 0x80006a28 0x00000001
core   0: 0x80003170 (0xaaaabf37) lui     t5, 0xaaaab
core   0: 3 0x80003170 (0xaaaabf37) x30 0xaaaab000
core   0: 0x80003174 (0xaabf0f13) addi    t5, t5, -1365
core   0: 3 0x80003174 (0xaabf0f13) x30 0xaaaaaaab
core   0: 0x80003178 (0xaaaabeb7) lui     t4, 0xaaaab
core   0: 3 0x80003178 (0xaaaabeb7) x29 0xaaaab000
core   0: 0x8000317c (0xaabe8e93) addi    t4, t4, -1365
core   0: 3 0x8000317c (0xaabe8e93) x29 0xaaaaaaab
core   0: 0x80003180 (0x03df5fb3) divu    t6, t5, t4
core   0: 3 0x80003180 (0x03df5fb3) x31 0x00000001
core   0: 0x80003184 (0x0df42023) sw      t6, 192(s0)
core   0: 3 0x80003184 (0x0df42023) mem 0x80006a2c 0x00000001
core   0: 0x80003188 (0xaaaabf37) lui     t5, 0xaaaab
core   0: 3 0x80003188 (0xaaaabf37) x30 0xaaaab000
core   0: 0x8000318c (0xaabf0f13) addi    t5, t5, -1365
core   0: 3 0x8000318c (0xaabf0f13) x30 0xaaaaaaab
core   0: 0x80003190 (0x00600e93) li      t4, 6
core   0: 3 0x80003190 (0x00600e93) x29 0x00000006
core   0: 0x80003194 (0x03df5fb3) divu    t6, t5, t4
core   0: 3 0x80003194 (0x03df5fb3) x31 0x1c71c71c
core   0: 0x80003198 (0x0df42223) sw      t6, 196(s0)
core   0: 3 0x80003198 (0x0df42223) mem 0x80006a30 0x1c71c71c
core   0: 0x8000319c (0xaaaabf37) lui     t5, 0xaaaab
core   0: 3 0x8000319c (0xaaaabf37) x30 0xaaaab000
core   0: 0x800031a0 (0xaabf0f13) addi    t5, t5, -1365
core   0: 3 0x800031a0 (0xaabf0f13) x30 0xaaaaaaab
core   0: 0x800031a4 (0x33333eb7) lui     t4, 0x33333
core   0: 3 0x800031a4 (0x33333eb7) x29 0x33333000
core   0: 0x800031a8 (0x334e8e93) addi    t4, t4, 820
core   0: 3 0x800031a8 (0x334e8e93) x29 0x33333334
core   0: 0x800031ac (0x03df5fb3) divu    t6, t5, t4
core   0: 3 0x800031ac (0x03df5fb3) x31 0x00000003
core   0: 0x800031b0 (0x0df42423) sw      t6, 200(s0)
core   0: 3 0x800031b0 (0x0df42423) mem 0x80006a34 0x00000003
core   0: 0x800031b4 (0xaaaabf37) lui     t5, 0xaaaab
core   0: 3 0x800031b4 (0xaaaabf37) x30 0xaaaab000
core   0: 0x800031b8 (0xaabf0f13) addi    t5, t5, -1365
core   0: 3 0x800031b8 (0xaabf0f13) x30 0xaaaaaaab
core   0: 0x800031bc (0x66666eb7) lui     t4, 0x66666
core   0: 3 0x800031bc (0x66666eb7) x29 0x66666000
core   0: 0x800031c0 (0x667e8e93) addi    t4, t4, 1639
core   0: 3 0x800031c0 (0x667e8e93) x29 0x66666667
core   0: 0x800031c4 (0x03df5fb3) divu    t6, t5, t4
core   0: 3 0x800031c4 (0x03df5fb3) x31 0x00000001
core   0: 0x800031c8 (0x0df42623) sw      t6, 204(s0)
core   0: 3 0x800031c8 (0x0df42623) mem 0x80006a38 0x00000001
core   0: 0x800031cc (0xaaaabf37) lui     t5, 0xaaaab
core   0: 3 0x800031cc (0xaaaabf37) x30 0xaaaab000
core   0: 0x800031d0 (0xaabf0f13) addi    t5, t5, -1365
core   0: 3 0x800031d0 (0xaabf0f13) x30 0xaaaaaaab
core   0: 0x800031d4 (0x0000beb7) lui     t4, 0xb
core   0: 3 0x800031d4 (0x0000beb7) x29 0x0000b000
core   0: 0x800031d8 (0x505e8e93) addi    t4, t4, 1285
core   0: 3 0x800031d8 (0x505e8e93) x29 0x0000b505
core   0: 0x800031dc (0x03df5fb3) divu    t6, t5, t4
core   0: 3 0x800031dc (0x03df5fb3) x31 0x0000f15b
core   0: 0x800031e0 (0x0df42823) sw      t6, 208(s0)
core   0: 3 0x800031e0 (0x0df42823) mem 0x80006a3c 0x0000f15b
core   0: 0x800031e4 (0xaaaabf37) lui     t5, 0xaaaab
core   0: 3 0x800031e4 (0xaaaabf37) x30 0xaaaab000
core   0: 0x800031e8 (0xaabf0f13) addi    t5, t5, -1365
core   0: 3 0x800031e8 (0xaabf0f13) x30 0xaaaaaaab
core   0: 0x800031ec (0x00100e93) li      t4, 1
core   0: 3 0x800031ec (0x00100e93) x29 0x00000001
core   0: 0x800031f0 (0x03df5fb3) divu    t6, t5, t4
core   0: 3 0x800031f0 (0x03df5fb3) x31 0xaaaaaaab
core   0: 0x800031f4 (0x0df42a23) sw      t6, 212(s0)
core   0: 3 0x800031f4 (0x0df42a23) mem 0x80006a40 0xaaaaaaab
core   0: 0x800031f8 (0xaaaabf37) lui     t5, 0xaaaab
core   0: 3 0x800031f8 (0xaaaabf37) x30 0xaaaab000
core   0: 0x800031fc (0xaabf0f13) addi    t5, t5, -1365
core   0: 3 0x800031fc (0xaabf0f13) x30 0xaaaaaaab
core   0: 0x80003200 (0x00010eb7) lui     t4, 0x10
core   0: 3 0x80003200 (0x00010eb7) x29 0x00010000
core   0: 0x80003204 (0x03df5fb3) divu    t6, t5, t4
core   0: 3 0x80003204 (0x03df5fb3) x31 0x0000aaaa
core   0: 0x80003208 (0x0df42c23) sw      t6, 216(s0)
core   0: 3 0x80003208 (0x0df42c23) mem 0x80006a44 0x0000aaaa
core   0: 0x8000320c (0x00600f13) li      t5, 6
core   0: 3 0x8000320c (0x00600f13) x30 0x00000006
core   0: 0x80003210 (0x00300e93) li      t4, 3
core   0: 3 0x80003210 (0x00300e93) x29 0x00000003
core   0: 0x80003214 (0x03df5fb3) divu    t6, t5, t4
core   0: 3 0x80003214 (0x03df5fb3) x31 0x00000002
core   0: 0x80003218 (0x0df42e23) sw      t6, 220(s0)
core   0: 3 0x80003218 (0x0df42e23) mem 0x80006a48 0x00000002
core   0: 0x8000321c (0x00600f13) li      t5, 6
core   0: 3 0x8000321c (0x00600f13) x30 0x00000006
core   0: 0x80003220 (0x55555eb7) lui     t4, 0x55555
core   0: 3 0x80003220 (0x55555eb7) x29 0x55555000
core   0: 0x80003224 (0x555e8e93) addi    t4, t4, 1365
core   0: 3 0x80003224 (0x555e8e93) x29 0x55555555
core   0: 0x80003228 (0x03df5fb3) divu    t6, t5, t4
core   0: 3 0x80003228 (0x03df5fb3) x31 0x00000000
core   0: 0x8000322c (0x0ff42023) sw      t6, 224(s0)
core   0: 3 0x8000322c (0x0ff42023) mem 0x80006a4c 0x00000000
core   0: 0x80003230 (0x00600f13) li      t5, 6
core   0: 3 0x80003230 (0x00600f13) x30 0x00000006
core   0: 0x80003234 (0xaaaabeb7) lui     t4, 0xaaaab
core   0: 3 0x80003234 (0xaaaabeb7) x29 0xaaaab000
core   0: 0x80003238 (0xaaae8e93) addi    t4, t4, -1366
core   0: 3 0x80003238 (0xaaae8e93) x29 0xaaaaaaaa
core   0: 0x8000323c (0x03df5fb3) divu    t6, t5, t4
core   0: 3 0x8000323c (0x03df5fb3) x31 0x00000000
core   0: 0x80003240 (0x0ff42223) sw      t6, 228(s0)
core   0: 3 0x80003240 (0x0ff42223) mem 0x80006a50 0x00000000
core   0: 0x80003244 (0x00600f13) li      t5, 6
core   0: 3 0x80003244 (0x00600f13) x30 0x00000006
core   0: 0x80003248 (0x00500e93) li      t4, 5
core   0: 3 0x80003248 (0x00500e93) x29 0x00000005
core   0: 0x8000324c (0x03df5fb3) divu    t6, t5, t4
core   0: 3 0x8000324c (0x03df5fb3) x31 0x00000001
core   0: 0x80003250 (0x0ff42423) sw      t6, 232(s0)
core   0: 3 0x80003250 (0x0ff42423) mem 0x80006a54 0x00000001
core   0: 0x80003254 (0x00600f13) li      t5, 6
core   0: 3 0x80003254 (0x00600f13) x30 0x00000006
core   0: 0x80003258 (0x33333eb7) lui     t4, 0x33333
core   0: 3 0x80003258 (0x33333eb7) x29 0x33333000
core   0: 0x8000325c (0x333e8e93) addi    t4, t4, 819
core   0: 3 0x8000325c (0x333e8e93) x29 0x33333333
core   0: 0x80003260 (0x03df5fb3) divu    t6, t5, t4
core   0: 3 0x80003260 (0x03df5fb3) x31 0x00000000
core   0: 0x80003264 (0x0ff42623) sw      t6, 236(s0)
core   0: 3 0x80003264 (0x0ff42623) mem 0x80006a58 0x00000000
core   0: 0x80003268 (0x00600f13) li      t5, 6
core   0: 3 0x80003268 (0x00600f13) x30 0x00000006
core   0: 0x8000326c (0x66666eb7) lui     t4, 0x66666
core   0: 3 0x8000326c (0x66666eb7) x29 0x66666000
core   0: 0x80003270 (0x666e8e93) addi    t4, t4, 1638
core   0: 3 0x80003270 (0x666e8e93) x29 0x66666666
core   0: 0x80003274 (0x03df5fb3) divu    t6, t5, t4
core   0: 3 0x80003274 (0x03df5fb3) x31 0x00000000
core   0: 0x80003278 (0x0ff42823) sw      t6, 240(s0)
core   0: 3 0x80003278 (0x0ff42823) mem 0x80006a5c 0x00000000
core   0: 0x8000327c (0x00600f13) li      t5, 6
core   0: 3 0x8000327c (0x00600f13) x30 0x00000006
core   0: 0x80003280 (0x0000beb7) lui     t4, 0xb
core   0: 3 0x80003280 (0x0000beb7) x29 0x0000b000
core   0: 0x80003284 (0x504e8e93) addi    t4, t4, 1284
core   0: 3 0x80003284 (0x504e8e93) x29 0x0000b504
core   0: 0x80003288 (0x03df5fb3) divu    t6, t5, t4
core   0: 3 0x80003288 (0x03df5fb3) x31 0x00000000
core   0: 0x8000328c (0x0ff42a23) sw      t6, 244(s0)
core   0: 3 0x8000328c (0x0ff42a23) mem 0x80006a60 0x00000000
core   0: 0x80003290 (0x00600f13) li      t5, 6
core   0: 3 0x80003290 (0x00600f13) x30 0x00000006
core   0: 0x80003294 (0x00010eb7) lui     t4, 0x10
core   0: 3 0x80003294 (0x00010eb7) x29 0x00010000
core   0: 0x80003298 (0xfffe8e93) addi    t4, t4, -1
core   0: 3 0x80003298 (0xfffe8e93) x29 0x0000ffff
core   0: 0x8000329c (0x03df5fb3) divu    t6, t5, t4
core   0: 3 0x8000329c (0x03df5fb3) x31 0x00000000
core   0: 0x800032a0 (0x0ff42c23) sw      t6, 248(s0)
core   0: 3 0x800032a0 (0x0ff42c23) mem 0x80006a64 0x00000000
core   0: 0x800032a4 (0x00600f13) li      t5, 6
core   0: 3 0x800032a4 (0x00600f13) x30 0x00000006
core   0: 0x800032a8 (0x00200e93) li      t4, 2
core   0: 3 0x800032a8 (0x00200e93) x29 0x00000002
core   0: 0x800032ac (0x03df5fb3) divu    t6, t5, t4
core   0: 3 0x800032ac (0x03df5fb3) x31 0x00000003
core   0: 0x800032b0 (0x0ff42e23) sw      t6, 252(s0)
core   0: 3 0x800032b0 (0x0ff42e23) mem 0x80006a68 0x00000003
core   0: 0x800032b4 (0x00600f13) li      t5, 6
core   0: 3 0x800032b4 (0x00600f13) x30 0x00000006
core   0: 0x800032b8 (0x55555eb7) lui     t4, 0x55555
core   0: 3 0x800032b8 (0x55555eb7) x29 0x55555000
core   0: 0x800032bc (0x554e8e93) addi    t4, t4, 1364
core   0: 3 0x800032bc (0x554e8e93) x29 0x55555554
core   0: 0x800032c0 (0x03df5fb3) divu    t6, t5, t4
core   0: 3 0x800032c0 (0x03df5fb3) x31 0x00000000
core   0: 0x800032c4 (0x11f42023) sw      t6, 256(s0)
core   0: 3 0x800032c4 (0x11f42023) mem 0x80006a6c 0x00000000
core   0: 0x800032c8 (0x00600f13) li      t5, 6
core   0: 3 0x800032c8 (0x00600f13) x30 0x00000006
core   0: 0x800032cc (0xaaaabeb7) lui     t4, 0xaaaab
core   0: 3 0x800032cc (0xaaaabeb7) x29 0xaaaab000
core   0: 0x800032d0 (0xaa9e8e93) addi    t4, t4, -1367
core   0: 3 0x800032d0 (0xaa9e8e93) x29 0xaaaaaaa9
core   0: 0x800032d4 (0x03df5fb3) divu    t6, t5, t4
core   0: 3 0x800032d4 (0x03df5fb3) x31 0x00000000
core   0: 0x800032d8 (0x11f42223) sw      t6, 260(s0)
core   0: 3 0x800032d8 (0x11f42223) mem 0x80006a70 0x00000000
core   0: 0x800032dc (0x00600f13) li      t5, 6
core   0: 3 0x800032dc (0x00600f13) x30 0x00000006
core   0: 0x800032e0 (0x33333eb7) lui     t4, 0x33333
core   0: 3 0x800032e0 (0x33333eb7) x29 0x33333000
core   0: 0x800032e4 (0x332e8e93) addi    t4, t4, 818
core   0: 3 0x800032e4 (0x332e8e93) x29 0x33333332
core   0: 0x800032e8 (0x03df5fb3) divu    t6, t5, t4
core   0: 3 0x800032e8 (0x03df5fb3) x31 0x00000000
core   0: 0x800032ec (0x11f42423) sw      t6, 264(s0)
core   0: 3 0x800032ec (0x11f42423) mem 0x80006a74 0x00000000
core   0: 0x800032f0 (0x00600f13) li      t5, 6
core   0: 3 0x800032f0 (0x00600f13) x30 0x00000006
core   0: 0x800032f4 (0x66666eb7) lui     t4, 0x66666
core   0: 3 0x800032f4 (0x66666eb7) x29 0x66666000
core   0: 0x800032f8 (0x665e8e93) addi    t4, t4, 1637
core   0: 3 0x800032f8 (0x665e8e93) x29 0x66666665
core   0: 0x800032fc (0x03df5fb3) divu    t6, t5, t4
core   0: 3 0x800032fc (0x03df5fb3) x31 0x00000000
core   0: 0x80003300 (0x11f42623) sw      t6, 268(s0)
core   0: 3 0x80003300 (0x11f42623) mem 0x80006a78 0x00000000
core   0: 0x80003304 (0x00600f13) li      t5, 6
core   0: 3 0x80003304 (0x00600f13) x30 0x00000006
core   0: 0x80003308 (0x0000beb7) lui     t4, 0xb
core   0: 3 0x80003308 (0x0000beb7) x29 0x0000b000
core   0: 0x8000330c (0x503e8e93) addi    t4, t4, 1283
core   0: 3 0x8000330c (0x503e8e93) x29 0x0000b503
core   0: 0x80003310 (0x03df5fb3) divu    t6, t5, t4
core   0: 3 0x80003310 (0x03df5fb3) x31 0x00000000
core   0: 0x80003314 (0x11f42823) sw      t6, 272(s0)
core   0: 3 0x80003314 (0x11f42823) mem 0x80006a7c 0x00000000
core   0: 0x80003318 (0x00600f13) li      t5, 6
core   0: 3 0x80003318 (0x00600f13) x30 0x00000006
core   0: 0x8000331c (0x00000e93) li      t4, 0
core   0: 3 0x8000331c (0x00000e93) x29 0x00000000
core   0: 0x80003320 (0x03df5fb3) divu    t6, t5, t4
core   0: 3 0x80003320 (0x03df5fb3) x31 0xffffffff
core   0: 0x80003324 (0x11f42a23) sw      t6, 276(s0)
core   0: 3 0x80003324 (0x11f42a23) mem 0x80006a80 0xffffffff
core   0: 0x80003328 (0x00600f13) li      t5, 6
core   0: 3 0x80003328 (0x00600f13) x30 0x00000006
core   0: 0x8000332c (0x00010eb7) lui     t4, 0x10
core   0: 3 0x8000332c (0x00010eb7) x29 0x00010000
core   0: 0x80003330 (0xffee8e93) addi    t4, t4, -2
core   0: 3 0x80003330 (0xffee8e93) x29 0x0000fffe
core   0: 0x80003334 (0x03df5fb3) divu    t6, t5, t4
core   0: 3 0x80003334 (0x03df5fb3) x31 0x00000000
core   0: 0x80003338 (0x11f42c23) sw      t6, 280(s0)
core   0: 3 0x80003338 (0x11f42c23) mem 0x80006a84 0x00000000
core   0: 0x8000333c (0x00600f13) li      t5, 6
core   0: 3 0x8000333c (0x00600f13) x30 0x00000006
core   0: 0x80003340 (0x00400e93) li      t4, 4
core   0: 3 0x80003340 (0x00400e93) x29 0x00000004
core   0: 0x80003344 (0x03df5fb3) divu    t6, t5, t4
core   0: 3 0x80003344 (0x03df5fb3) x31 0x00000001
core   0: 0x80003348 (0x11f42e23) sw      t6, 284(s0)
core   0: 3 0x80003348 (0x11f42e23) mem 0x80006a88 0x00000001
core   0: 0x8000334c (0x00600f13) li      t5, 6
core   0: 3 0x8000334c (0x00600f13) x30 0x00000006
core   0: 0x80003350 (0x55555eb7) lui     t4, 0x55555
core   0: 3 0x80003350 (0x55555eb7) x29 0x55555000
core   0: 0x80003354 (0x556e8e93) addi    t4, t4, 1366
core   0: 3 0x80003354 (0x556e8e93) x29 0x55555556
core   0: 0x80003358 (0x03df5fb3) divu    t6, t5, t4
core   0: 3 0x80003358 (0x03df5fb3) x31 0x00000000
core   0: 0x8000335c (0x13f42023) sw      t6, 288(s0)
core   0: 3 0x8000335c (0x13f42023) mem 0x80006a8c 0x00000000
core   0: 0x80003360 (0x00600f13) li      t5, 6
core   0: 3 0x80003360 (0x00600f13) x30 0x00000006
core   0: 0x80003364 (0xaaaabeb7) lui     t4, 0xaaaab
core   0: 3 0x80003364 (0xaaaabeb7) x29 0xaaaab000
core   0: 0x80003368 (0xaabe8e93) addi    t4, t4, -1365
core   0: 3 0x80003368 (0xaabe8e93) x29 0xaaaaaaab
core   0: 0x8000336c (0x03df5fb3) divu    t6, t5, t4
core   0: 3 0x8000336c (0x03df5fb3) x31 0x00000000
core   0: 0x80003370 (0x13f42223) sw      t6, 292(s0)
core   0: 3 0x80003370 (0x13f42223) mem 0x80006a90 0x00000000
core   0: 0x80003374 (0x00600f13) li      t5, 6
core   0: 3 0x80003374 (0x00600f13) x30 0x00000006
core   0: 0x80003378 (0x00600e93) li      t4, 6
core   0: 3 0x80003378 (0x00600e93) x29 0x00000006
core   0: 0x8000337c (0x03df5fb3) divu    t6, t5, t4
core   0: 3 0x8000337c (0x03df5fb3) x31 0x00000001
core   0: 0x80003380 (0x13f42423) sw      t6, 296(s0)
core   0: 3 0x80003380 (0x13f42423) mem 0x80006a94 0x00000001
core   0: 0x80003384 (0x00600f13) li      t5, 6
core   0: 3 0x80003384 (0x00600f13) x30 0x00000006
core   0: 0x80003388 (0x33333eb7) lui     t4, 0x33333
core   0: 3 0x80003388 (0x33333eb7) x29 0x33333000
core   0: 0x8000338c (0x334e8e93) addi    t4, t4, 820
core   0: 3 0x8000338c (0x334e8e93) x29 0x33333334
core   0: 0x80003390 (0x03df5fb3) divu    t6, t5, t4
core   0: 3 0x80003390 (0x03df5fb3) x31 0x00000000
core   0: 0x80003394 (0x13f42623) sw      t6, 300(s0)
core   0: 3 0x80003394 (0x13f42623) mem 0x80006a98 0x00000000
core   0: 0x80003398 (0x00600f13) li      t5, 6
core   0: 3 0x80003398 (0x00600f13) x30 0x00000006
core   0: 0x8000339c (0x66666eb7) lui     t4, 0x66666
core   0: 3 0x8000339c (0x66666eb7) x29 0x66666000
core   0: 0x800033a0 (0x667e8e93) addi    t4, t4, 1639
core   0: 3 0x800033a0 (0x667e8e93) x29 0x66666667
core   0: 0x800033a4 (0x03df5fb3) divu    t6, t5, t4
core   0: 3 0x800033a4 (0x03df5fb3) x31 0x00000000
core   0: 0x800033a8 (0x13f42823) sw      t6, 304(s0)
core   0: 3 0x800033a8 (0x13f42823) mem 0x80006a9c 0x00000000
core   0: 0x800033ac (0x00600f13) li      t5, 6
core   0: 3 0x800033ac (0x00600f13) x30 0x00000006
core   0: 0x800033b0 (0x0000beb7) lui     t4, 0xb
core   0: 3 0x800033b0 (0x0000beb7) x29 0x0000b000
core   0: 0x800033b4 (0x505e8e93) addi    t4, t4, 1285
core   0: 3 0x800033b4 (0x505e8e93) x29 0x0000b505
core   0: 0x800033b8 (0x03df5fb3) divu    t6, t5, t4
core   0: 3 0x800033b8 (0x03df5fb3) x31 0x00000000
core   0: 0x800033bc (0x13f42a23) sw      t6, 308(s0)
core   0: 3 0x800033bc (0x13f42a23) mem 0x80006aa0 0x00000000
core   0: 0x800033c0 (0x00600f13) li      t5, 6
core   0: 3 0x800033c0 (0x00600f13) x30 0x00000006
core   0: 0x800033c4 (0x00100e93) li      t4, 1
core   0: 3 0x800033c4 (0x00100e93) x29 0x00000001
core   0: 0x800033c8 (0x03df5fb3) divu    t6, t5, t4
core   0: 3 0x800033c8 (0x03df5fb3) x31 0x00000006
core   0: 0x800033cc (0x13f42c23) sw      t6, 312(s0)
core   0: 3 0x800033cc (0x13f42c23) mem 0x80006aa4 0x00000006
core   0: 0x800033d0 (0x00600f13) li      t5, 6
core   0: 3 0x800033d0 (0x00600f13) x30 0x00000006
core   0: 0x800033d4 (0x00010eb7) lui     t4, 0x10
core   0: 3 0x800033d4 (0x00010eb7) x29 0x00010000
core   0: 0x800033d8 (0x03df5fb3) divu    t6, t5, t4
core   0: 3 0x800033d8 (0x03df5fb3) x31 0x00000000
core   0: 0x800033dc (0x13f42e23) sw      t6, 316(s0)
core   0: 3 0x800033dc (0x13f42e23) mem 0x80006aa8 0x00000000
core   0: 0x800033e0 (0x33333f37) lui     t5, 0x33333
core   0: 3 0x800033e0 (0x33333f37) x30 0x33333000
core   0: 0x800033e4 (0x334f0f13) addi    t5, t5, 820
core   0: 3 0x800033e4 (0x334f0f13) x30 0x33333334
core   0: 0x800033e8 (0x00300e93) li      t4, 3
core   0: 3 0x800033e8 (0x00300e93) x29 0x00000003
core   0: 0x800033ec (0x03df5fb3) divu    t6, t5, t4
core   0: 3 0x800033ec (0x03df5fb3) x31 0x11111111
core   0: 0x800033f0 (0x15f42023) sw      t6, 320(s0)
core   0: 3 0x800033f0 (0x15f42023) mem 0x80006aac 0x11111111
core   0: 0x800033f4 (0x33333f37) lui     t5, 0x33333
core   0: 3 0x800033f4 (0x33333f37) x30 0x33333000
core   0: 0x800033f8 (0x334f0f13) addi    t5, t5, 820
core   0: 3 0x800033f8 (0x334f0f13) x30 0x33333334
core   0: 0x800033fc (0x55555eb7) lui     t4, 0x55555
core   0: 3 0x800033fc (0x55555eb7) x29 0x55555000
core   0: 0x80003400 (0x555e8e93) addi    t4, t4, 1365
core   0: 3 0x80003400 (0x555e8e93) x29 0x55555555
core   0: 0x80003404 (0x03df5fb3) divu    t6, t5, t4
core   0: 3 0x80003404 (0x03df5fb3) x31 0x00000000
core   0: 0x80003408 (0x15f42223) sw      t6, 324(s0)
core   0: 3 0x80003408 (0x15f42223) mem 0x80006ab0 0x00000000
core   0: 0x8000340c (0x33333f37) lui     t5, 0x33333
core   0: 3 0x8000340c (0x33333f37) x30 0x33333000
core   0: 0x80003410 (0x334f0f13) addi    t5, t5, 820
core   0: 3 0x80003410 (0x334f0f13) x30 0x33333334
core   0: 0x80003414 (0xaaaabeb7) lui     t4, 0xaaaab
core   0: 3 0x80003414 (0xaaaabeb7) x29 0xaaaab000
core   0: 0x80003418 (0xaaae8e93) addi    t4, t4, -1366
core   0: 3 0x80003418 (0xaaae8e93) x29 0xaaaaaaaa
core   0: 0x8000341c (0x03df5fb3) divu    t6, t5, t4
core   0: 3 0x8000341c (0x03df5fb3) x31 0x00000000
core   0: 0x80003420 (0x15f42423) sw      t6, 328(s0)
core   0: 3 0x80003420 (0x15f42423) mem 0x80006ab4 0x00000000
core   0: 0x80003424 (0x00000f13) li      t5, 0
core   0: 3 0x80003424 (0x00000f13) x30 0x00000000
core   0: 0x80003428 (0xaaaabeb7) lui     t4, 0xaaaab
core   0: 3 0x80003428 (0xaaaabeb7) x29 0xaaaab000
core   0: 0x8000342c (0xaabe8e93) addi    t4, t4, -1365
core   0: 3 0x8000342c (0xaabe8e93) x29 0xaaaaaaab
core   0: 0x80003430 (0x03df5fb3) divu    t6, t5, t4
core   0: 3 0x80003430 (0x03df5fb3) x31 0x00000000
core   0: 0x80003434 (0x15f42623) sw      t6, 332(s0)
core   0: 3 0x80003434 (0x15f42623) mem 0x80006ab8 0x00000000
core   0: 0x80003438 (0x00000f13) li      t5, 0
core   0: 3 0x80003438 (0x00000f13) x30 0x00000000
core   0: 0x8000343c (0x55555eb7) lui     t4, 0x55555
core   0: 3 0x8000343c (0x55555eb7) x29 0x55555000
core   0: 0x80003440 (0x556e8e93) addi    t4, t4, 1366
core   0: 3 0x80003440 (0x556e8e93) x29 0x55555556
core   0: 0x80003444 (0x03df5fb3) divu    t6, t5, t4
core   0: 3 0x80003444 (0x03df5fb3) x31 0x00000000
core   0: 0x80003448 (0x15f42823) sw      t6, 336(s0)
core   0: 3 0x80003448 (0x15f42823) mem 0x80006abc 0x00000000
core   0: 0x8000344c (0x00000f13) li      t5, 0
core   0: 3 0x8000344c (0x00000f13) x30 0x00000000
core   0: 0x80003450 (0x00010eb7) lui     t4, 0x10
core   0: 3 0x80003450 (0x00010eb7) x29 0x00010000
core   0: 0x80003454 (0xffee8e93) addi    t4, t4, -2
core   0: 3 0x80003454 (0xffee8e93) x29 0x0000fffe
core   0: 0x80003458 (0x03df5fb3) divu    t6, t5, t4
core   0: 3 0x80003458 (0x03df5fb3) x31 0x00000000
core   0: 0x8000345c (0x15f42a23) sw      t6, 340(s0)
core   0: 3 0x8000345c (0x15f42a23) mem 0x80006ac0 0x00000000
core   0: 0x80003460 (0x33333f37) lui     t5, 0x33333
core   0: 3 0x80003460 (0x33333f37) x30 0x33333000
core   0: 0x80003464 (0x334f0f13) addi    t5, t5, 820
core   0: 3 0x80003464 (0x334f0f13) x30 0x33333334
core   0: 0x80003468 (0x00500e93) li      t4, 5
core   0: 3 0x80003468 (0x00500e93) x29 0x00000005
core   0: 0x8000346c (0x03df5fb3) divu    t6, t5, t4
core   0: 3 0x8000346c (0x03df5fb3) x31 0x0a3d70a4
core   0: 0x80003470 (0x15f42c23) sw      t6, 344(s0)
core   0: 3 0x80003470 (0x15f42c23) mem 0x80006ac4 0x0a3d70a4
core   0: 0x80003474 (0x33333f37) lui     t5, 0x33333
core   0: 3 0x80003474 (0x33333f37) x30 0x33333000
core   0: 0x80003478 (0x334f0f13) addi    t5, t5, 820
core   0: 3 0x80003478 (0x334f0f13) x30 0x33333334
core   0: 0x8000347c (0x33333eb7) lui     t4, 0x33333
core   0: 3 0x8000347c (0x33333eb7) x29 0x33333000
core   0: 0x80003480 (0x333e8e93) addi    t4, t4, 819
core   0: 3 0x80003480 (0x333e8e93) x29 0x33333333
core   0: 0x80003484 (0x03df5fb3) divu    t6, t5, t4
core   0: 3 0x80003484 (0x03df5fb3) x31 0x00000001
core   0: 0x80003488 (0x15f42e23) sw      t6, 348(s0)
core   0: 3 0x80003488 (0x15f42e23) mem 0x80006ac8 0x00000001
core   0: 0x8000348c (0x33333f37) lui     t5, 0x33333
core   0: 3 0x8000348c (0x33333f37) x30 0x33333000
core   0: 0x80003490 (0x334f0f13) addi    t5, t5, 820
core   0: 3 0x80003490 (0x334f0f13) x30 0x33333334
core   0: 0x80003494 (0x66666eb7) lui     t4, 0x66666
core   0: 3 0x80003494 (0x66666eb7) x29 0x66666000
core   0: 0x80003498 (0x666e8e93) addi    t4, t4, 1638
core   0: 3 0x80003498 (0x666e8e93) x29 0x66666666
core   0: 0x8000349c (0x03df5fb3) divu    t6, t5, t4
core   0: 3 0x8000349c (0x03df5fb3) x31 0x00000000
core   0: 0x800034a0 (0x17f42023) sw      t6, 352(s0)
core   0: 3 0x800034a0 (0x17f42023) mem 0x80006acc 0x00000000
core   0: 0x800034a4 (0x33333f37) lui     t5, 0x33333
core   0: 3 0x800034a4 (0x33333f37) x30 0x33333000
core   0: 0x800034a8 (0x334f0f13) addi    t5, t5, 820
core   0: 3 0x800034a8 (0x334f0f13) x30 0x33333334
core   0: 0x800034ac (0x0000beb7) lui     t4, 0xb
core   0: 3 0x800034ac (0x0000beb7) x29 0x0000b000
core   0: 0x800034b0 (0x504e8e93) addi    t4, t4, 1284
core   0: 3 0x800034b0 (0x504e8e93) x29 0x0000b504
core   0: 0x800034b4 (0x03df5fb3) divu    t6, t5, t4
core   0: 3 0x800034b4 (0x03df5fb3) x31 0x00004868
core   0: 0x800034b8 (0x17f42223) sw      t6, 356(s0)
core   0: 3 0x800034b8 (0x17f42223) mem 0x80006ad0 0x00004868
core   0: 0x800034bc (0x33333f37) lui     t5, 0x33333
core   0: 3 0x800034bc (0x33333f37) x30 0x33333000
core   0: 0x800034c0 (0x334f0f13) addi    t5, t5, 820
core   0: 3 0x800034c0 (0x334f0f13) x30 0x33333334
core   0: 0x800034c4 (0x00010eb7) lui     t4, 0x10
core   0: 3 0x800034c4 (0x00010eb7) x29 0x00010000
core   0: 0x800034c8 (0xfffe8e93) addi    t4, t4, -1
core   0: 3 0x800034c8 (0xfffe8e93) x29 0x0000ffff
core   0: 0x800034cc (0x03df5fb3) divu    t6, t5, t4
core   0: 3 0x800034cc (0x03df5fb3) x31 0x00003333
core   0: 0x800034d0 (0x17f42423) sw      t6, 360(s0)
core   0: 3 0x800034d0 (0x17f42423) mem 0x80006ad4 0x00003333
core   0: 0x800034d4 (0x33333f37) lui     t5, 0x33333
core   0: 3 0x800034d4 (0x33333f37) x30 0x33333000
core   0: 0x800034d8 (0x334f0f13) addi    t5, t5, 820
core   0: 3 0x800034d8 (0x334f0f13) x30 0x33333334
core   0: 0x800034dc (0x00200e93) li      t4, 2
core   0: 3 0x800034dc (0x00200e93) x29 0x00000002
core   0: 0x800034e0 (0x03df5fb3) divu    t6, t5, t4
core   0: 3 0x800034e0 (0x03df5fb3) x31 0x1999999a
core   0: 0x800034e4 (0x17f42623) sw      t6, 364(s0)
core   0: 3 0x800034e4 (0x17f42623) mem 0x80006ad8 0x1999999a
core   0: 0x800034e8 (0x33333f37) lui     t5, 0x33333
core   0: 3 0x800034e8 (0x33333f37) x30 0x33333000
core   0: 0x800034ec (0x334f0f13) addi    t5, t5, 820
core   0: 3 0x800034ec (0x334f0f13) x30 0x33333334
core   0: 0x800034f0 (0x55555eb7) lui     t4, 0x55555
core   0: 3 0x800034f0 (0x55555eb7) x29 0x55555000
core   0: 0x800034f4 (0x554e8e93) addi    t4, t4, 1364
core   0: 3 0x800034f4 (0x554e8e93) x29 0x55555554
core   0: 0x800034f8 (0x03df5fb3) divu    t6, t5, t4
core   0: 3 0x800034f8 (0x03df5fb3) x31 0x00000000
core   0: 0x800034fc (0x17f42823) sw      t6, 368(s0)
core   0: 3 0x800034fc (0x17f42823) mem 0x80006adc 0x00000000
core   0: 0x80003500 (0x33333f37) lui     t5, 0x33333
core   0: 3 0x80003500 (0x33333f37) x30 0x33333000
core   0: 0x80003504 (0x334f0f13) addi    t5, t5, 820
core   0: 3 0x80003504 (0x334f0f13) x30 0x33333334
core   0: 0x80003508 (0xaaaabeb7) lui     t4, 0xaaaab
core   0: 3 0x80003508 (0xaaaabeb7) x29 0xaaaab000
core   0: 0x8000350c (0xaa9e8e93) addi    t4, t4, -1367
core   0: 3 0x8000350c (0xaa9e8e93) x29 0xaaaaaaa9
core   0: 0x80003510 (0x03df5fb3) divu    t6, t5, t4
core   0: 3 0x80003510 (0x03df5fb3) x31 0x00000000
core   0: 0x80003514 (0x17f42a23) sw      t6, 372(s0)
core   0: 3 0x80003514 (0x17f42a23) mem 0x80006ae0 0x00000000
core   0: 0x80003518 (0x33333f37) lui     t5, 0x33333
core   0: 3 0x80003518 (0x33333f37) x30 0x33333000
core   0: 0x8000351c (0x334f0f13) addi    t5, t5, 820
core   0: 3 0x8000351c (0x334f0f13) x30 0x33333334
core   0: 0x80003520 (0x33333eb7) lui     t4, 0x33333
core   0: 3 0x80003520 (0x33333eb7) x29 0x33333000
core   0: 0x80003524 (0x332e8e93) addi    t4, t4, 818
core   0: 3 0x80003524 (0x332e8e93) x29 0x33333332
core   0: 0x80003528 (0x03df5fb3) divu    t6, t5, t4
core   0: 3 0x80003528 (0x03df5fb3) x31 0x00000001
core   0: 0x8000352c (0x17f42c23) sw      t6, 376(s0)
core   0: 3 0x8000352c (0x17f42c23) mem 0x80006ae4 0x00000001
core   0: 0x80003530 (0x33333f37) lui     t5, 0x33333
core   0: 3 0x80003530 (0x33333f37) x30 0x33333000
core   0: 0x80003534 (0x334f0f13) addi    t5, t5, 820
core   0: 3 0x80003534 (0x334f0f13) x30 0x33333334
core   0: 0x80003538 (0x66666eb7) lui     t4, 0x66666
core   0: 3 0x80003538 (0x66666eb7) x29 0x66666000
core   0: 0x8000353c (0x665e8e93) addi    t4, t4, 1637
core   0: 3 0x8000353c (0x665e8e93) x29 0x66666665
core   0: 0x80003540 (0x03df5fb3) divu    t6, t5, t4
core   0: 3 0x80003540 (0x03df5fb3) x31 0x00000000
core   0: 0x80003544 (0x17f42e23) sw      t6, 380(s0)
core   0: 3 0x80003544 (0x17f42e23) mem 0x80006ae8 0x00000000
core   0: 0x80003548 (0x33333f37) lui     t5, 0x33333
core   0: 3 0x80003548 (0x33333f37) x30 0x33333000
core   0: 0x8000354c (0x334f0f13) addi    t5, t5, 820
core   0: 3 0x8000354c (0x334f0f13) x30 0x33333334
core   0: 0x80003550 (0x0000beb7) lui     t4, 0xb
core   0: 3 0x80003550 (0x0000beb7) x29 0x0000b000
core   0: 0x80003554 (0x503e8e93) addi    t4, t4, 1283
core   0: 3 0x80003554 (0x503e8e93) x29 0x0000b503
core   0: 0x80003558 (0x03df5fb3) divu    t6, t5, t4
core   0: 3 0x80003558 (0x03df5fb3) x31 0x00004869
core   0: 0x8000355c (0x19f42023) sw      t6, 384(s0)
core   0: 3 0x8000355c (0x19f42023) mem 0x80006aec 0x00004869
core   0: 0x80003560 (0x33333f37) lui     t5, 0x33333
core   0: 3 0x80003560 (0x33333f37) x30 0x33333000
core   0: 0x80003564 (0x334f0f13) addi    t5, t5, 820
core   0: 3 0x80003564 (0x334f0f13) x30 0x33333334
core   0: 0x80003568 (0x00000e93) li      t4, 0
core   0: 3 0x80003568 (0x00000e93) x29 0x00000000
core   0: 0x8000356c (0x03df5fb3) divu    t6, t5, t4
core   0: 3 0x8000356c (0x03df5fb3) x31 0xffffffff
core   0: 0x80003570 (0x19f42223) sw      t6, 388(s0)
core   0: 3 0x80003570 (0x19f42223) mem 0x80006af0 0xffffffff
core   0: 0x80003574 (0x33333f37) lui     t5, 0x33333
core   0: 3 0x80003574 (0x33333f37) x30 0x33333000
core   0: 0x80003578 (0x334f0f13) addi    t5, t5, 820
core   0: 3 0x80003578 (0x334f0f13) x30 0x33333334
core   0: 0x8000357c (0x00010eb7) lui     t4, 0x10
core   0: 3 0x8000357c (0x00010eb7) x29 0x00010000
core   0: 0x80003580 (0xffee8e93) addi    t4, t4, -2
core   0: 3 0x80003580 (0xffee8e93) x29 0x0000fffe
core   0: 0x80003584 (0x03df5fb3) divu    t6, t5, t4
core   0: 3 0x80003584 (0x03df5fb3) x31 0x00003333
core   0: 0x80003588 (0x19f42423) sw      t6, 392(s0)
core   0: 3 0x80003588 (0x19f42423) mem 0x80006af4 0x00003333
core   0: 0x8000358c (0x33333f37) lui     t5, 0x33333
core   0: 3 0x8000358c (0x33333f37) x30 0x33333000
core   0: 0x80003590 (0x334f0f13) addi    t5, t5, 820
core   0: 3 0x80003590 (0x334f0f13) x30 0x33333334
core   0: 0x80003594 (0x00400e93) li      t4, 4
core   0: 3 0x80003594 (0x00400e93) x29 0x00000004
core   0: 0x80003598 (0x03df5fb3) divu    t6, t5, t4
core   0: 3 0x80003598 (0x03df5fb3) x31 0x0ccccccd
core   0: 0x8000359c (0x19f42623) sw      t6, 396(s0)
core   0: 3 0x8000359c (0x19f42623) mem 0x80006af8 0x0ccccccd
core   0: 0x800035a0 (0x33333f37) lui     t5, 0x33333
core   0: 3 0x800035a0 (0x33333f37) x30 0x33333000
core   0: 0x800035a4 (0x334f0f13) addi    t5, t5, 820
core   0: 3 0x800035a4 (0x334f0f13) x30 0x33333334
core   0: 0x800035a8 (0x55555eb7) lui     t4, 0x55555
core   0: 3 0x800035a8 (0x55555eb7) x29 0x55555000
core   0: 0x800035ac (0x556e8e93) addi    t4, t4, 1366
core   0: 3 0x800035ac (0x556e8e93) x29 0x55555556
core   0: 0x800035b0 (0x03df5fb3) divu    t6, t5, t4
core   0: 3 0x800035b0 (0x03df5fb3) x31 0x00000000
core   0: 0x800035b4 (0x19f42823) sw      t6, 400(s0)
core   0: 3 0x800035b4 (0x19f42823) mem 0x80006afc 0x00000000
core   0: 0x800035b8 (0x33333f37) lui     t5, 0x33333
core   0: 3 0x800035b8 (0x33333f37) x30 0x33333000
core   0: 0x800035bc (0x334f0f13) addi    t5, t5, 820
core   0: 3 0x800035bc (0x334f0f13) x30 0x33333334
core   0: 0x800035c0 (0xaaaabeb7) lui     t4, 0xaaaab
core   0: 3 0x800035c0 (0xaaaabeb7) x29 0xaaaab000
core   0: 0x800035c4 (0xaabe8e93) addi    t4, t4, -1365
core   0: 3 0x800035c4 (0xaabe8e93) x29 0xaaaaaaab
core   0: 0x800035c8 (0x03df5fb3) divu    t6, t5, t4
core   0: 3 0x800035c8 (0x03df5fb3) x31 0x00000000
core   0: 0x800035cc (0x19f42a23) sw      t6, 404(s0)
core   0: 3 0x800035cc (0x19f42a23) mem 0x80006b00 0x00000000
core   0: 0x800035d0 (0x33333f37) lui     t5, 0x33333
core   0: 3 0x800035d0 (0x33333f37) x30 0x33333000
core   0: 0x800035d4 (0x334f0f13) addi    t5, t5, 820
core   0: 3 0x800035d4 (0x334f0f13) x30 0x33333334
core   0: 0x800035d8 (0x00600e93) li      t4, 6
core   0: 3 0x800035d8 (0x00600e93) x29 0x00000006
core   0: 0x800035dc (0x03df5fb3) divu    t6, t5, t4
core   0: 3 0x800035dc (0x03df5fb3) x31 0x08888888
core   0: 0x800035e0 (0x19f42c23) sw      t6, 408(s0)
core   0: 3 0x800035e0 (0x19f42c23) mem 0x80006b04 0x08888888
core   0: 0x800035e4 (0x33333f37) lui     t5, 0x33333
core   0: 3 0x800035e4 (0x33333f37) x30 0x33333000
core   0: 0x800035e8 (0x334f0f13) addi    t5, t5, 820
core   0: 3 0x800035e8 (0x334f0f13) x30 0x33333334
core   0: 0x800035ec (0x33333eb7) lui     t4, 0x33333
core   0: 3 0x800035ec (0x33333eb7) x29 0x33333000
core   0: 0x800035f0 (0x334e8e93) addi    t4, t4, 820
core   0: 3 0x800035f0 (0x334e8e93) x29 0x33333334
core   0: 0x800035f4 (0x03df5fb3) divu    t6, t5, t4
core   0: 3 0x800035f4 (0x03df5fb3) x31 0x00000001
core   0: 0x800035f8 (0x19f42e23) sw      t6, 412(s0)
core   0: 3 0x800035f8 (0x19f42e23) mem 0x80006b08 0x00000001
core   0: 0x800035fc (0x33333f37) lui     t5, 0x33333
core   0: 3 0x800035fc (0x33333f37) x30 0x33333000
core   0: 0x80003600 (0x334f0f13) addi    t5, t5, 820
core   0: 3 0x80003600 (0x334f0f13) x30 0x33333334
core   0: 0x80003604 (0x66666eb7) lui     t4, 0x66666
core   0: 3 0x80003604 (0x66666eb7) x29 0x66666000
core   0: 0x80003608 (0x667e8e93) addi    t4, t4, 1639
core   0: 3 0x80003608 (0x667e8e93) x29 0x66666667
core   0: 0x8000360c (0x03df5fb3) divu    t6, t5, t4
core   0: 3 0x8000360c (0x03df5fb3) x31 0x00000000
core   0: 0x80003610 (0x1bf42023) sw      t6, 416(s0)
core   0: 3 0x80003610 (0x1bf42023) mem 0x80006b0c 0x00000000
core   0: 0x80003614 (0x33333f37) lui     t5, 0x33333
core   0: 3 0x80003614 (0x33333f37) x30 0x33333000
core   0: 0x80003618 (0x334f0f13) addi    t5, t5, 820
core   0: 3 0x80003618 (0x334f0f13) x30 0x33333334
core   0: 0x8000361c (0x0000beb7) lui     t4, 0xb
core   0: 3 0x8000361c (0x0000beb7) x29 0x0000b000
core   0: 0x80003620 (0x505e8e93) addi    t4, t4, 1285
core   0: 3 0x80003620 (0x505e8e93) x29 0x0000b505
core   0: 0x80003624 (0x03df5fb3) divu    t6, t5, t4
core   0: 3 0x80003624 (0x03df5fb3) x31 0x00004868
core   0: 0x80003628 (0x1bf42223) sw      t6, 420(s0)
core   0: 3 0x80003628 (0x1bf42223) mem 0x80006b10 0x00004868
core   0: 0x8000362c (0x33333f37) lui     t5, 0x33333
core   0: 3 0x8000362c (0x33333f37) x30 0x33333000
core   0: 0x80003630 (0x334f0f13) addi    t5, t5, 820
core   0: 3 0x80003630 (0x334f0f13) x30 0x33333334
core   0: 0x80003634 (0x00100e93) li      t4, 1
core   0: 3 0x80003634 (0x00100e93) x29 0x00000001
core   0: 0x80003638 (0x03df5fb3) divu    t6, t5, t4
core   0: 3 0x80003638 (0x03df5fb3) x31 0x33333334
core   0: 0x8000363c (0x1bf42423) sw      t6, 424(s0)
core   0: 3 0x8000363c (0x1bf42423) mem 0x80006b14 0x33333334
core   0: 0x80003640 (0x33333f37) lui     t5, 0x33333
core   0: 3 0x80003640 (0x33333f37) x30 0x33333000
core   0: 0x80003644 (0x334f0f13) addi    t5, t5, 820
core   0: 3 0x80003644 (0x334f0f13) x30 0x33333334
core   0: 0x80003648 (0x00010eb7) lui     t4, 0x10
core   0: 3 0x80003648 (0x00010eb7) x29 0x00010000
core   0: 0x8000364c (0x03df5fb3) divu    t6, t5, t4
core   0: 3 0x8000364c (0x03df5fb3) x31 0x00003333
core   0: 0x80003650 (0x1bf42623) sw      t6, 428(s0)
core   0: 3 0x80003650 (0x1bf42623) mem 0x80006b18 0x00003333
core   0: 0x80003654 (0x66666f37) lui     t5, 0x66666
core   0: 3 0x80003654 (0x66666f37) x30 0x66666000
core   0: 0x80003658 (0x667f0f13) addi    t5, t5, 1639
core   0: 3 0x80003658 (0x667f0f13) x30 0x66666667
core   0: 0x8000365c (0x00300e93) li      t4, 3
core   0: 3 0x8000365c (0x00300e93) x29 0x00000003
core   0: 0x80003660 (0x03df5fb3) divu    t6, t5, t4
core   0: 3 0x80003660 (0x03df5fb3) x31 0x22222222
core   0: 0x80003664 (0x1bf42823) sw      t6, 432(s0)
core   0: 3 0x80003664 (0x1bf42823) mem 0x80006b1c 0x22222222
core   0: 0x80003668 (0x66666f37) lui     t5, 0x66666
core   0: 3 0x80003668 (0x66666f37) x30 0x66666000
core   0: 0x8000366c (0x667f0f13) addi    t5, t5, 1639
core   0: 3 0x8000366c (0x667f0f13) x30 0x66666667
core   0: 0x80003670 (0x55555eb7) lui     t4, 0x55555
core   0: 3 0x80003670 (0x55555eb7) x29 0x55555000
core   0: 0x80003674 (0x555e8e93) addi    t4, t4, 1365
core   0: 3 0x80003674 (0x555e8e93) x29 0x55555555
core   0: 0x80003678 (0x03df5fb3) divu    t6, t5, t4
core   0: 3 0x80003678 (0x03df5fb3) x31 0x00000001
core   0: 0x8000367c (0x1bf42a23) sw      t6, 436(s0)
core   0: 3 0x8000367c (0x1bf42a23) mem 0x80006b20 0x00000001
core   0: 0x80003680 (0x66666f37) lui     t5, 0x66666
core   0: 3 0x80003680 (0x66666f37) x30 0x66666000
core   0: 0x80003684 (0x667f0f13) addi    t5, t5, 1639
core   0: 3 0x80003684 (0x667f0f13) x30 0x66666667
core   0: 0x80003688 (0xaaaabeb7) lui     t4, 0xaaaab
core   0: 3 0x80003688 (0xaaaabeb7) x29 0xaaaab000
core   0: 0x8000368c (0xaaae8e93) addi    t4, t4, -1366
core   0: 3 0x8000368c (0xaaae8e93) x29 0xaaaaaaaa
core   0: 0x80003690 (0x03df5fb3) divu    t6, t5, t4
core   0: 3 0x80003690 (0x03df5fb3) x31 0x00000000
core   0: 0x80003694 (0x1bf42c23) sw      t6, 440(s0)
core   0: 3 0x80003694 (0x1bf42c23) mem 0x80006b24 0x00000000
core   0: 0x80003698 (0x66666f37) lui     t5, 0x66666
core   0: 3 0x80003698 (0x66666f37) x30 0x66666000
core   0: 0x8000369c (0x667f0f13) addi    t5, t5, 1639
core   0: 3 0x8000369c (0x667f0f13) x30 0x66666667
core   0: 0x800036a0 (0x00500e93) li      t4, 5
core   0: 3 0x800036a0 (0x00500e93) x29 0x00000005
core   0: 0x800036a4 (0x03df5fb3) divu    t6, t5, t4
core   0: 3 0x800036a4 (0x03df5fb3) x31 0x147ae147
core   0: 0x800036a8 (0x1bf42e23) sw      t6, 444(s0)
core   0: 3 0x800036a8 (0x1bf42e23) mem 0x80006b28 0x147ae147
core   0: 0x800036ac (0x66666f37) lui     t5, 0x66666
core   0: 3 0x800036ac (0x66666f37) x30 0x66666000
core   0: 0x800036b0 (0x667f0f13) addi    t5, t5, 1639
core   0: 3 0x800036b0 (0x667f0f13) x30 0x66666667
core   0: 0x800036b4 (0x33333eb7) lui     t4, 0x33333
core   0: 3 0x800036b4 (0x33333eb7) x29 0x33333000
core   0: 0x800036b8 (0x333e8e93) addi    t4, t4, 819
core   0: 3 0x800036b8 (0x333e8e93) x29 0x33333333
core   0: 0x800036bc (0x03df5fb3) divu    t6, t5, t4
core   0: 3 0x800036bc (0x03df5fb3) x31 0x00000002
core   0: 0x800036c0 (0x1df42023) sw      t6, 448(s0)
core   0: 3 0x800036c0 (0x1df42023) mem 0x80006b2c 0x00000002
core   0: 0x800036c4 (0x66666f37) lui     t5, 0x66666
core   0: 3 0x800036c4 (0x66666f37) x30 0x66666000
core   0: 0x800036c8 (0x667f0f13) addi    t5, t5, 1639
core   0: 3 0x800036c8 (0x667f0f13) x30 0x66666667
core   0: 0x800036cc (0x66666eb7) lui     t4, 0x66666
core   0: 3 0x800036cc (0x66666eb7) x29 0x66666000
core   0: 0x800036d0 (0x666e8e93) addi    t4, t4, 1638
core   0: 3 0x800036d0 (0x666e8e93) x29 0x66666666
core   0: 0x800036d4 (0x03df5fb3) divu    t6, t5, t4
core   0: 3 0x800036d4 (0x03df5fb3) x31 0x00000001
core   0: 0x800036d8 (0x1df42223) sw      t6, 452(s0)
core   0: 3 0x800036d8 (0x1df42223) mem 0x80006b30 0x00000001
core   0: 0x800036dc (0x66666f37) lui     t5, 0x66666
core   0: 3 0x800036dc (0x66666f37) x30 0x66666000
core   0: 0x800036e0 (0x667f0f13) addi    t5, t5, 1639
core   0: 3 0x800036e0 (0x667f0f13) x30 0x66666667
core   0: 0x800036e4 (0x0000beb7) lui     t4, 0xb
core   0: 3 0x800036e4 (0x0000beb7) x29 0x0000b000
core   0: 0x800036e8 (0x504e8e93) addi    t4, t4, 1284
core   0: 3 0x800036e8 (0x504e8e93) x29 0x0000b504
core   0: 0x800036ec (0x03df5fb3) divu    t6, t5, t4
core   0: 3 0x800036ec (0x03df5fb3) x31 0x000090d1
core   0: 0x800036f0 (0x1df42423) sw      t6, 456(s0)
core   0: 3 0x800036f0 (0x1df42423) mem 0x80006b34 0x000090d1
core   0: 0x800036f4 (0x66666f37) lui     t5, 0x66666
core   0: 3 0x800036f4 (0x66666f37) x30 0x66666000
core   0: 0x800036f8 (0x667f0f13) addi    t5, t5, 1639
core   0: 3 0x800036f8 (0x667f0f13) x30 0x66666667
core   0: 0x800036fc (0x00010eb7) lui     t4, 0x10
core   0: 3 0x800036fc (0x00010eb7) x29 0x00010000
core   0: 0x80003700 (0xfffe8e93) addi    t4, t4, -1
core   0: 3 0x80003700 (0xfffe8e93) x29 0x0000ffff
core   0: 0x80003704 (0x03df5fb3) divu    t6, t5, t4
core   0: 3 0x80003704 (0x03df5fb3) x31 0x00006666
core   0: 0x80003708 (0x1df42623) sw      t6, 460(s0)
core   0: 3 0x80003708 (0x1df42623) mem 0x80006b38 0x00006666
core   0: 0x8000370c (0x66666f37) lui     t5, 0x66666
core   0: 3 0x8000370c (0x66666f37) x30 0x66666000
core   0: 0x80003710 (0x667f0f13) addi    t5, t5, 1639
core   0: 3 0x80003710 (0x667f0f13) x30 0x66666667
core   0: 0x80003714 (0x00200e93) li      t4, 2
core   0: 3 0x80003714 (0x00200e93) x29 0x00000002
core   0: 0x80003718 (0x03df5fb3) divu    t6, t5, t4
core   0: 3 0x80003718 (0x03df5fb3) x31 0x33333333
core   0: 0x8000371c (0x1df42823) sw      t6, 464(s0)
core   0: 3 0x8000371c (0x1df42823) mem 0x80006b3c 0x33333333
core   0: 0x80003720 (0x66666f37) lui     t5, 0x66666
core   0: 3 0x80003720 (0x66666f37) x30 0x66666000
core   0: 0x80003724 (0x667f0f13) addi    t5, t5, 1639
core   0: 3 0x80003724 (0x667f0f13) x30 0x66666667
core   0: 0x80003728 (0x55555eb7) lui     t4, 0x55555
core   0: 3 0x80003728 (0x55555eb7) x29 0x55555000
core   0: 0x8000372c (0x554e8e93) addi    t4, t4, 1364
core   0: 3 0x8000372c (0x554e8e93) x29 0x55555554
core   0: 0x80003730 (0x03df5fb3) divu    t6, t5, t4
core   0: 3 0x80003730 (0x03df5fb3) x31 0x00000001
core   0: 0x80003734 (0x1df42a23) sw      t6, 468(s0)
core   0: 3 0x80003734 (0x1df42a23) mem 0x80006b40 0x00000001
core   0: 0x80003738 (0x66666f37) lui     t5, 0x66666
core   0: 3 0x80003738 (0x66666f37) x30 0x66666000
core   0: 0x8000373c (0x667f0f13) addi    t5, t5, 1639
core   0: 3 0x8000373c (0x667f0f13) x30 0x66666667
core   0: 0x80003740 (0xaaaabeb7) lui     t4, 0xaaaab
core   0: 3 0x80003740 (0xaaaabeb7) x29 0xaaaab000
core   0: 0x80003744 (0xaa9e8e93) addi    t4, t4, -1367
core   0: 3 0x80003744 (0xaa9e8e93) x29 0xaaaaaaa9
core   0: 0x80003748 (0x03df5fb3) divu    t6, t5, t4
core   0: 3 0x80003748 (0x03df5fb3) x31 0x00000000
core   0: 0x8000374c (0x1df42c23) sw      t6, 472(s0)
core   0: 3 0x8000374c (0x1df42c23) mem 0x80006b44 0x00000000
core   0: 0x80003750 (0x66666f37) lui     t5, 0x66666
core   0: 3 0x80003750 (0x66666f37) x30 0x66666000
core   0: 0x80003754 (0x667f0f13) addi    t5, t5, 1639
core   0: 3 0x80003754 (0x667f0f13) x30 0x66666667
core   0: 0x80003758 (0x33333eb7) lui     t4, 0x33333
core   0: 3 0x80003758 (0x33333eb7) x29 0x33333000
core   0: 0x8000375c (0x332e8e93) addi    t4, t4, 818
core   0: 3 0x8000375c (0x332e8e93) x29 0x33333332
core   0: 0x80003760 (0x03df5fb3) divu    t6, t5, t4
core   0: 3 0x80003760 (0x03df5fb3) x31 0x00000002
core   0: 0x80003764 (0x1df42e23) sw      t6, 476(s0)
core   0: 3 0x80003764 (0x1df42e23) mem 0x80006b48 0x00000002
core   0: 0x80003768 (0x66666f37) lui     t5, 0x66666
core   0: 3 0x80003768 (0x66666f37) x30 0x66666000
core   0: 0x8000376c (0x667f0f13) addi    t5, t5, 1639
core   0: 3 0x8000376c (0x667f0f13) x30 0x66666667
core   0: 0x80003770 (0x66666eb7) lui     t4, 0x66666
core   0: 3 0x80003770 (0x66666eb7) x29 0x66666000
core   0: 0x80003774 (0x665e8e93) addi    t4, t4, 1637
core   0: 3 0x80003774 (0x665e8e93) x29 0x66666665
core   0: 0x80003778 (0x03df5fb3) divu    t6, t5, t4
core   0: 3 0x80003778 (0x03df5fb3) x31 0x00000001
core   0: 0x8000377c (0x1ff42023) sw      t6, 480(s0)
core   0: 3 0x8000377c (0x1ff42023) mem 0x80006b4c 0x00000001
core   0: 0x80003780 (0x66666f37) lui     t5, 0x66666
core   0: 3 0x80003780 (0x66666f37) x30 0x66666000
core   0: 0x80003784 (0x667f0f13) addi    t5, t5, 1639
core   0: 3 0x80003784 (0x667f0f13) x30 0x66666667
core   0: 0x80003788 (0x0000beb7) lui     t4, 0xb
core   0: 3 0x80003788 (0x0000beb7) x29 0x0000b000
core   0: 0x8000378c (0x503e8e93) addi    t4, t4, 1283
core   0: 3 0x8000378c (0x503e8e93) x29 0x0000b503
core   0: 0x80003790 (0x03df5fb3) divu    t6, t5, t4
core   0: 3 0x80003790 (0x03df5fb3) x31 0x000090d2
core   0: 0x80003794 (0x1ff42223) sw      t6, 484(s0)
core   0: 3 0x80003794 (0x1ff42223) mem 0x80006b50 0x000090d2
core   0: 0x80003798 (0x66666f37) lui     t5, 0x66666
core   0: 3 0x80003798 (0x66666f37) x30 0x66666000
core   0: 0x8000379c (0x667f0f13) addi    t5, t5, 1639
core   0: 3 0x8000379c (0x667f0f13) x30 0x66666667
core   0: 0x800037a0 (0x00000e93) li      t4, 0
core   0: 3 0x800037a0 (0x00000e93) x29 0x00000000
core   0: 0x800037a4 (0x03df5fb3) divu    t6, t5, t4
core   0: 3 0x800037a4 (0x03df5fb3) x31 0xffffffff
core   0: 0x800037a8 (0x1ff42423) sw      t6, 488(s0)
core   0: 3 0x800037a8 (0x1ff42423) mem 0x80006b54 0xffffffff
core   0: 0x800037ac (0x66666f37) lui     t5, 0x66666
core   0: 3 0x800037ac (0x66666f37) x30 0x66666000
core   0: 0x800037b0 (0x667f0f13) addi    t5, t5, 1639
core   0: 3 0x800037b0 (0x667f0f13) x30 0x66666667
core   0: 0x800037b4 (0x00010eb7) lui     t4, 0x10
core   0: 3 0x800037b4 (0x00010eb7) x29 0x00010000
core   0: 0x800037b8 (0xffee8e93) addi    t4, t4, -2
core   0: 3 0x800037b8 (0xffee8e93) x29 0x0000fffe
core   0: 0x800037bc (0x03df5fb3) divu    t6, t5, t4
core   0: 3 0x800037bc (0x03df5fb3) x31 0x00006667
core   0: 0x800037c0 (0x1ff42623) sw      t6, 492(s0)
core   0: 3 0x800037c0 (0x1ff42623) mem 0x80006b58 0x00006667
core   0: 0x800037c4 (0x66666f37) lui     t5, 0x66666
core   0: 3 0x800037c4 (0x66666f37) x30 0x66666000
core   0: 0x800037c8 (0x667f0f13) addi    t5, t5, 1639
core   0: 3 0x800037c8 (0x667f0f13) x30 0x66666667
core   0: 0x800037cc (0x00400e93) li      t4, 4
core   0: 3 0x800037cc (0x00400e93) x29 0x00000004
core   0: 0x800037d0 (0x03df5fb3) divu    t6, t5, t4
core   0: 3 0x800037d0 (0x03df5fb3) x31 0x19999999
core   0: 0x800037d4 (0x1ff42823) sw      t6, 496(s0)
core   0: 3 0x800037d4 (0x1ff42823) mem 0x80006b5c 0x19999999
core   0: 0x800037d8 (0x66666f37) lui     t5, 0x66666
core   0: 3 0x800037d8 (0x66666f37) x30 0x66666000
core   0: 0x800037dc (0x667f0f13) addi    t5, t5, 1639
core   0: 3 0x800037dc (0x667f0f13) x30 0x66666667
core   0: 0x800037e0 (0x55555eb7) lui     t4, 0x55555
core   0: 3 0x800037e0 (0x55555eb7) x29 0x55555000
core   0: 0x800037e4 (0x556e8e93) addi    t4, t4, 1366
core   0: 3 0x800037e4 (0x556e8e93) x29 0x55555556
core   0: 0x800037e8 (0x03df5fb3) divu    t6, t5, t4
core   0: 3 0x800037e8 (0x03df5fb3) x31 0x00000001
core   0: 0x800037ec (0x1ff42a23) sw      t6, 500(s0)
core   0: 3 0x800037ec (0x1ff42a23) mem 0x80006b60 0x00000001
core   0: 0x800037f0 (0x66666f37) lui     t5, 0x66666
core   0: 3 0x800037f0 (0x66666f37) x30 0x66666000
core   0: 0x800037f4 (0x667f0f13) addi    t5, t5, 1639
core   0: 3 0x800037f4 (0x667f0f13) x30 0x66666667
core   0: 0x800037f8 (0xaaaabeb7) lui     t4, 0xaaaab
core   0: 3 0x800037f8 (0xaaaabeb7) x29 0xaaaab000
core   0: 0x800037fc (0xaabe8e93) addi    t4, t4, -1365
core   0: 3 0x800037fc (0xaabe8e93) x29 0xaaaaaaab
core   0: 0x80003800 (0x03df5fb3) divu    t6, t5, t4
core   0: 3 0x80003800 (0x03df5fb3) x31 0x00000000
core   0: 0x80003804 (0x1ff42c23) sw      t6, 504(s0)
core   0: 3 0x80003804 (0x1ff42c23) mem 0x80006b64 0x00000000
core   0: 0x80003808 (0x66666f37) lui     t5, 0x66666
core   0: 3 0x80003808 (0x66666f37) x30 0x66666000
core   0: 0x8000380c (0x667f0f13) addi    t5, t5, 1639
core   0: 3 0x8000380c (0x667f0f13) x30 0x66666667
core   0: 0x80003810 (0x00600e93) li      t4, 6
core   0: 3 0x80003810 (0x00600e93) x29 0x00000006
core   0: 0x80003814 (0x03df5fb3) divu    t6, t5, t4
core   0: 3 0x80003814 (0x03df5fb3) x31 0x11111111
core   0: 0x80003818 (0x1ff42e23) sw      t6, 508(s0)
core   0: 3 0x80003818 (0x1ff42e23) mem 0x80006b68 0x11111111
core   0: 0x8000381c (0x66666f37) lui     t5, 0x66666
core   0: 3 0x8000381c (0x66666f37) x30 0x66666000
core   0: 0x80003820 (0x667f0f13) addi    t5, t5, 1639
core   0: 3 0x80003820 (0x667f0f13) x30 0x66666667
core   0: 0x80003824 (0x33333eb7) lui     t4, 0x33333
core   0: 3 0x80003824 (0x33333eb7) x29 0x33333000
core   0: 0x80003828 (0x334e8e93) addi    t4, t4, 820
core   0: 3 0x80003828 (0x334e8e93) x29 0x33333334
core   0: 0x8000382c (0x03df5fb3) divu    t6, t5, t4
core   0: 3 0x8000382c (0x03df5fb3) x31 0x00000001
core   0: 0x80003830 (0x21f42023) sw      t6, 512(s0)
core   0: 3 0x80003830 (0x21f42023) mem 0x80006b6c 0x00000001
core   0: 0x80003834 (0x66666f37) lui     t5, 0x66666
core   0: 3 0x80003834 (0x66666f37) x30 0x66666000
core   0: 0x80003838 (0x667f0f13) addi    t5, t5, 1639
core   0: 3 0x80003838 (0x667f0f13) x30 0x66666667
core   0: 0x8000383c (0x66666eb7) lui     t4, 0x66666
core   0: 3 0x8000383c (0x66666eb7) x29 0x66666000
core   0: 0x80003840 (0x667e8e93) addi    t4, t4, 1639
core   0: 3 0x80003840 (0x667e8e93) x29 0x66666667
core   0: 0x80003844 (0x03df5fb3) divu    t6, t5, t4
core   0: 3 0x80003844 (0x03df5fb3) x31 0x00000001
core   0: 0x80003848 (0x21f42223) sw      t6, 516(s0)
core   0: 3 0x80003848 (0x21f42223) mem 0x80006b70 0x00000001
core   0: 0x8000384c (0x66666f37) lui     t5, 0x66666
core   0: 3 0x8000384c (0x66666f37) x30 0x66666000
core   0: 0x80003850 (0x667f0f13) addi    t5, t5, 1639
core   0: 3 0x80003850 (0x667f0f13) x30 0x66666667
core   0: 0x80003854 (0x0000beb7) lui     t4, 0xb
core   0: 3 0x80003854 (0x0000beb7) x29 0x0000b000
core   0: 0x80003858 (0x505e8e93) addi    t4, t4, 1285
core   0: 3 0x80003858 (0x505e8e93) x29 0x0000b505
core   0: 0x8000385c (0x03df5fb3) divu    t6, t5, t4
core   0: 3 0x8000385c (0x03df5fb3) x31 0x000090d0
core   0: 0x80003860 (0x21f42423) sw      t6, 520(s0)
core   0: 3 0x80003860 (0x21f42423) mem 0x80006b74 0x000090d0
core   0: 0x80003864 (0x66666f37) lui     t5, 0x66666
core   0: 3 0x80003864 (0x66666f37) x30 0x66666000
core   0: 0x80003868 (0x667f0f13) addi    t5, t5, 1639
core   0: 3 0x80003868 (0x667f0f13) x30 0x66666667
core   0: 0x8000386c (0x00100e93) li      t4, 1
core   0: 3 0x8000386c (0x00100e93) x29 0x00000001
core   0: 0x80003870 (0x03df5fb3) divu    t6, t5, t4
core   0: 3 0x80003870 (0x03df5fb3) x31 0x66666667
core   0: 0x80003874 (0x21f42623) sw      t6, 524(s0)
core   0: 3 0x80003874 (0x21f42623) mem 0x80006b78 0x66666667
core   0: 0x80003878 (0x66666f37) lui     t5, 0x66666
core   0: 3 0x80003878 (0x66666f37) x30 0x66666000
core   0: 0x8000387c (0x667f0f13) addi    t5, t5, 1639
core   0: 3 0x8000387c (0x667f0f13) x30 0x66666667
core   0: 0x80003880 (0x00010eb7) lui     t4, 0x10
core   0: 3 0x80003880 (0x00010eb7) x29 0x00010000
core   0: 0x80003884 (0x03df5fb3) divu    t6, t5, t4
core   0: 3 0x80003884 (0x03df5fb3) x31 0x00006666
core   0: 0x80003888 (0x21f42823) sw      t6, 528(s0)
core   0: 3 0x80003888 (0x21f42823) mem 0x80006b7c 0x00006666
core   0: 0x8000388c (0x0000bf37) lui     t5, 0xb
core   0: 3 0x8000388c (0x0000bf37) x30 0x0000b000
core   0: 0x80003890 (0x505f0f13) addi    t5, t5, 1285
core   0: 3 0x80003890 (0x505f0f13) x30 0x0000b505
core   0: 0x80003894 (0x00300e93) li      t4, 3
core   0: 3 0x80003894 (0x00300e93) x29 0x00000003
core   0: 0x80003898 (0x03df5fb3) divu    t6, t5, t4
core   0: 3 0x80003898 (0x03df5fb3) x31 0x00003c57
core   0: 0x8000389c (0x21f42a23) sw      t6, 532(s0)
core   0: 3 0x8000389c (0x21f42a23) mem 0x80006b80 0x00003c57
core   0: 0x800038a0 (0x0000bf37) lui     t5, 0xb
core   0: 3 0x800038a0 (0x0000bf37) x30 0x0000b000
core   0: 0x800038a4 (0x505f0f13) addi    t5, t5, 1285
core   0: 3 0x800038a4 (0x505f0f13) x30 0x0000b505
core   0: 0x800038a8 (0x55555eb7) lui     t4, 0x55555
core   0: 3 0x800038a8 (0x55555eb7) x29 0x55555000
core   0: 0x800038ac (0x555e8e93) addi    t4, t4, 1365
core   0: 3 0x800038ac (0x555e8e93) x29 0x55555555
core   0: 0x800038b0 (0x03df5fb3) divu    t6, t5, t4
core   0: 3 0x800038b0 (0x03df5fb3) x31 0x00000000
core   0: 0x800038b4 (0x21f42c23) sw      t6, 536(s0)
core   0: 3 0x800038b4 (0x21f42c23) mem 0x80006b84 0x00000000
core   0: 0x800038b8 (0x0000bf37) lui     t5, 0xb
core   0: 3 0x800038b8 (0x0000bf37) x30 0x0000b000
core   0: 0x800038bc (0x505f0f13) addi    t5, t5, 1285
core   0: 3 0x800038bc (0x505f0f13) x30 0x0000b505
core   0: 0x800038c0 (0xaaaabeb7) lui     t4, 0xaaaab
core   0: 3 0x800038c0 (0xaaaabeb7) x29 0xaaaab000
core   0: 0x800038c4 (0xaaae8e93) addi    t4, t4, -1366
core   0: 3 0x800038c4 (0xaaae8e93) x29 0xaaaaaaaa
core   0: 0x800038c8 (0x03df5fb3) divu    t6, t5, t4
core   0: 3 0x800038c8 (0x03df5fb3) x31 0x00000000
core   0: 0x800038cc (0x21f42e23) sw      t6, 540(s0)
core   0: 3 0x800038cc (0x21f42e23) mem 0x80006b88 0x00000000
core   0: 0x800038d0 (0x0000bf37) lui     t5, 0xb
core   0: 3 0x800038d0 (0x0000bf37) x30 0x0000b000
core   0: 0x800038d4 (0x505f0f13) addi    t5, t5, 1285
core   0: 3 0x800038d4 (0x505f0f13) x30 0x0000b505
core   0: 0x800038d8 (0x00500e93) li      t4, 5
core   0: 3 0x800038d8 (0x00500e93) x29 0x00000005
core   0: 0x800038dc (0x03df5fb3) divu    t6, t5, t4
core   0: 3 0x800038dc (0x03df5fb3) x31 0x00002434
core   0: 0x800038e0 (0x23f42023) sw      t6, 544(s0)
core   0: 3 0x800038e0 (0x23f42023) mem 0x80006b8c 0x00002434
core   0: 0x800038e4 (0x0000bf37) lui     t5, 0xb
core   0: 3 0x800038e4 (0x0000bf37) x30 0x0000b000
core   0: 0x800038e8 (0x505f0f13) addi    t5, t5, 1285
core   0: 3 0x800038e8 (0x505f0f13) x30 0x0000b505
core   0: 0x800038ec (0x33333eb7) lui     t4, 0x33333
core   0: 3 0x800038ec (0x33333eb7) x29 0x33333000
core   0: 0x800038f0 (0x333e8e93) addi    t4, t4, 819
core   0: 3 0x800038f0 (0x333e8e93) x29 0x33333333
core   0: 0x800038f4 (0x03df5fb3) divu    t6, t5, t4
core   0: 3 0x800038f4 (0x03df5fb3) x31 0x00000000
core   0: 0x800038f8 (0x23f42223) sw      t6, 548(s0)
core   0: 3 0x800038f8 (0x23f42223) mem 0x80006b90 0x00000000
core   0: 0x800038fc (0x0000bf37) lui     t5, 0xb
core   0: 3 0x800038fc (0x0000bf37) x30 0x0000b000
core   0: 0x80003900 (0x505f0f13) addi    t5, t5, 1285
core   0: 3 0x80003900 (0x505f0f13) x30 0x0000b505
core   0: 0x80003904 (0x66666eb7) lui     t4, 0x66666
core   0: 3 0x80003904 (0x66666eb7) x29 0x66666000
core   0: 0x80003908 (0x666e8e93) addi    t4, t4, 1638
core   0: 3 0x80003908 (0x666e8e93) x29 0x66666666
core   0: 0x8000390c (0x03df5fb3) divu    t6, t5, t4
core   0: 3 0x8000390c (0x03df5fb3) x31 0x00000000
core   0: 0x80003910 (0x23f42423) sw      t6, 552(s0)
core   0: 3 0x80003910 (0x23f42423) mem 0x80006b94 0x00000000
core   0: 0x80003914 (0x0000bf37) lui     t5, 0xb
core   0: 3 0x80003914 (0x0000bf37) x30 0x0000b000
core   0: 0x80003918 (0x505f0f13) addi    t5, t5, 1285
core   0: 3 0x80003918 (0x505f0f13) x30 0x0000b505
core   0: 0x8000391c (0x0000beb7) lui     t4, 0xb
core   0: 3 0x8000391c (0x0000beb7) x29 0x0000b000
core   0: 0x80003920 (0x504e8e93) addi    t4, t4, 1284
core   0: 3 0x80003920 (0x504e8e93) x29 0x0000b504
core   0: 0x80003924 (0x03df5fb3) divu    t6, t5, t4
core   0: 3 0x80003924 (0x03df5fb3) x31 0x00000001
core   0: 0x80003928 (0x23f42623) sw      t6, 556(s0)
core   0: 3 0x80003928 (0x23f42623) mem 0x80006b98 0x00000001
core   0: 0x8000392c (0x0000bf37) lui     t5, 0xb
core   0: 3 0x8000392c (0x0000bf37) x30 0x0000b000
core   0: 0x80003930 (0x505f0f13) addi    t5, t5, 1285
core   0: 3 0x80003930 (0x505f0f13) x30 0x0000b505
core   0: 0x80003934 (0x00010eb7) lui     t4, 0x10
core   0: 3 0x80003934 (0x00010eb7) x29 0x00010000
core   0: 0x80003938 (0xfffe8e93) addi    t4, t4, -1
core   0: 3 0x80003938 (0xfffe8e93) x29 0x0000ffff
core   0: 0x8000393c (0x03df5fb3) divu    t6, t5, t4
core   0: 3 0x8000393c (0x03df5fb3) x31 0x00000000
core   0: 0x80003940 (0x23f42823) sw      t6, 560(s0)
core   0: 3 0x80003940 (0x23f42823) mem 0x80006b9c 0x00000000
core   0: 0x80003944 (0x0000bf37) lui     t5, 0xb
core   0: 3 0x80003944 (0x0000bf37) x30 0x0000b000
core   0: 0x80003948 (0x505f0f13) addi    t5, t5, 1285
core   0: 3 0x80003948 (0x505f0f13) x30 0x0000b505
core   0: 0x8000394c (0x00200e93) li      t4, 2
core   0: 3 0x8000394c (0x00200e93) x29 0x00000002
core   0: 0x80003950 (0x03df5fb3) divu    t6, t5, t4
core   0: 3 0x80003950 (0x03df5fb3) x31 0x00005a82
core   0: 0x80003954 (0x23f42a23) sw      t6, 564(s0)
core   0: 3 0x80003954 (0x23f42a23) mem 0x80006ba0 0x00005a82
core   0: 0x80003958 (0x0000bf37) lui     t5, 0xb
core   0: 3 0x80003958 (0x0000bf37) x30 0x0000b000
core   0: 0x8000395c (0x505f0f13) addi    t5, t5, 1285
core   0: 3 0x8000395c (0x505f0f13) x30 0x0000b505
core   0: 0x80003960 (0x55555eb7) lui     t4, 0x55555
core   0: 3 0x80003960 (0x55555eb7) x29 0x55555000
core   0: 0x80003964 (0x554e8e93) addi    t4, t4, 1364
core   0: 3 0x80003964 (0x554e8e93) x29 0x55555554
core   0: 0x80003968 (0x03df5fb3) divu    t6, t5, t4
core   0: 3 0x80003968 (0x03df5fb3) x31 0x00000000
core   0: 0x8000396c (0x23f42c23) sw      t6, 568(s0)
core   0: 3 0x8000396c (0x23f42c23) mem 0x80006ba4 0x00000000
core   0: 0x80003970 (0x0000bf37) lui     t5, 0xb
core   0: 3 0x80003970 (0x0000bf37) x30 0x0000b000
core   0: 0x80003974 (0x505f0f13) addi    t5, t5, 1285
core   0: 3 0x80003974 (0x505f0f13) x30 0x0000b505
core   0: 0x80003978 (0xaaaabeb7) lui     t4, 0xaaaab
core   0: 3 0x80003978 (0xaaaabeb7) x29 0xaaaab000
core   0: 0x8000397c (0xaa9e8e93) addi    t4, t4, -1367
core   0: 3 0x8000397c (0xaa9e8e93) x29 0xaaaaaaa9
core   0: 0x80003980 (0x03df5fb3) divu    t6, t5, t4
core   0: 3 0x80003980 (0x03df5fb3) x31 0x00000000
core   0: 0x80003984 (0x23f42e23) sw      t6, 572(s0)
core   0: 3 0x80003984 (0x23f42e23) mem 0x80006ba8 0x00000000
core   0: 0x80003988 (0x0000bf37) lui     t5, 0xb
core   0: 3 0x80003988 (0x0000bf37) x30 0x0000b000
core   0: 0x8000398c (0x505f0f13) addi    t5, t5, 1285
core   0: 3 0x8000398c (0x505f0f13) x30 0x0000b505
core   0: 0x80003990 (0x33333eb7) lui     t4, 0x33333
core   0: 3 0x80003990 (0x33333eb7) x29 0x33333000
core   0: 0x80003994 (0x332e8e93) addi    t4, t4, 818
core   0: 3 0x80003994 (0x332e8e93) x29 0x33333332
core   0: 0x80003998 (0x03df5fb3) divu    t6, t5, t4
core   0: 3 0x80003998 (0x03df5fb3) x31 0x00000000
core   0: 0x8000399c (0x25f42023) sw      t6, 576(s0)
core   0: 3 0x8000399c (0x25f42023) mem 0x80006bac 0x00000000
core   0: 0x800039a0 (0x0000bf37) lui     t5, 0xb
core   0: 3 0x800039a0 (0x0000bf37) x30 0x0000b000
core   0: 0x800039a4 (0x505f0f13) addi    t5, t5, 1285
core   0: 3 0x800039a4 (0x505f0f13) x30 0x0000b505
core   0: 0x800039a8 (0x66666eb7) lui     t4, 0x66666
core   0: 3 0x800039a8 (0x66666eb7) x29 0x66666000
core   0: 0x800039ac (0x665e8e93) addi    t4, t4, 1637
core   0: 3 0x800039ac (0x665e8e93) x29 0x66666665
core   0: 0x800039b0 (0x03df5fb3) divu    t6, t5, t4
core   0: 3 0x800039b0 (0x03df5fb3) x31 0x00000000
core   0: 0x800039b4 (0x25f42223) sw      t6, 580(s0)
core   0: 3 0x800039b4 (0x25f42223) mem 0x80006bb0 0x00000000
core   0: 0x800039b8 (0x0000bf37) lui     t5, 0xb
core   0: 3 0x800039b8 (0x0000bf37) x30 0x0000b000
core   0: 0x800039bc (0x505f0f13) addi    t5, t5, 1285
core   0: 3 0x800039bc (0x505f0f13) x30 0x0000b505
core   0: 0x800039c0 (0x0000beb7) lui     t4, 0xb
core   0: 3 0x800039c0 (0x0000beb7) x29 0x0000b000
core   0: 0x800039c4 (0x503e8e93) addi    t4, t4, 1283
core   0: 3 0x800039c4 (0x503e8e93) x29 0x0000b503
core   0: 0x800039c8 (0x03df5fb3) divu    t6, t5, t4
core   0: 3 0x800039c8 (0x03df5fb3) x31 0x00000001
core   0: 0x800039cc (0x25f42423) sw      t6, 584(s0)
core   0: 3 0x800039cc (0x25f42423) mem 0x80006bb4 0x00000001
core   0: 0x800039d0 (0x0000bf37) lui     t5, 0xb
core   0: 3 0x800039d0 (0x0000bf37) x30 0x0000b000
core   0: 0x800039d4 (0x505f0f13) addi    t5, t5, 1285
core   0: 3 0x800039d4 (0x505f0f13) x30 0x0000b505
core   0: 0x800039d8 (0x00000e93) li      t4, 0
core   0: 3 0x800039d8 (0x00000e93) x29 0x00000000
core   0: 0x800039dc (0x03df5fb3) divu    t6, t5, t4
core   0: 3 0x800039dc (0x03df5fb3) x31 0xffffffff
core   0: 0x800039e0 (0x25f42623) sw      t6, 588(s0)
core   0: 3 0x800039e0 (0x25f42623) mem 0x80006bb8 0xffffffff
core   0: 0x800039e4 (0x0000bf37) lui     t5, 0xb
core   0: 3 0x800039e4 (0x0000bf37) x30 0x0000b000
core   0: 0x800039e8 (0x505f0f13) addi    t5, t5, 1285
core   0: 3 0x800039e8 (0x505f0f13) x30 0x0000b505
core   0: 0x800039ec (0x00010eb7) lui     t4, 0x10
core   0: 3 0x800039ec (0x00010eb7) x29 0x00010000
core   0: 0x800039f0 (0xffee8e93) addi    t4, t4, -2
core   0: 3 0x800039f0 (0xffee8e93) x29 0x0000fffe
core   0: 0x800039f4 (0x03df5fb3) divu    t6, t5, t4
core   0: 3 0x800039f4 (0x03df5fb3) x31 0x00000000
core   0: 0x800039f8 (0x25f42823) sw      t6, 592(s0)
core   0: 3 0x800039f8 (0x25f42823) mem 0x80006bbc 0x00000000
core   0: 0x800039fc (0x0000bf37) lui     t5, 0xb
core   0: 3 0x800039fc (0x0000bf37) x30 0x0000b000
core   0: 0x80003a00 (0x505f0f13) addi    t5, t5, 1285
core   0: 3 0x80003a00 (0x505f0f13) x30 0x0000b505
core   0: 0x80003a04 (0x00400e93) li      t4, 4
core   0: 3 0x80003a04 (0x00400e93) x29 0x00000004
core   0: 0x80003a08 (0x03df5fb3) divu    t6, t5, t4
core   0: 3 0x80003a08 (0x03df5fb3) x31 0x00002d41
core   0: 0x80003a0c (0x25f42a23) sw      t6, 596(s0)
core   0: 3 0x80003a0c (0x25f42a23) mem 0x80006bc0 0x00002d41
core   0: 0x80003a10 (0x0000bf37) lui     t5, 0xb
core   0: 3 0x80003a10 (0x0000bf37) x30 0x0000b000
core   0: 0x80003a14 (0x505f0f13) addi    t5, t5, 1285
core   0: 3 0x80003a14 (0x505f0f13) x30 0x0000b505
core   0: 0x80003a18 (0x55555eb7) lui     t4, 0x55555
core   0: 3 0x80003a18 (0x55555eb7) x29 0x55555000
core   0: 0x80003a1c (0x556e8e93) addi    t4, t4, 1366
core   0: 3 0x80003a1c (0x556e8e93) x29 0x55555556
core   0: 0x80003a20 (0x03df5fb3) divu    t6, t5, t4
core   0: 3 0x80003a20 (0x03df5fb3) x31 0x00000000
core   0: 0x80003a24 (0x25f42c23) sw      t6, 600(s0)
core   0: 3 0x80003a24 (0x25f42c23) mem 0x80006bc4 0x00000000
core   0: 0x80003a28 (0x0000bf37) lui     t5, 0xb
core   0: 3 0x80003a28 (0x0000bf37) x30 0x0000b000
core   0: 0x80003a2c (0x505f0f13) addi    t5, t5, 1285
core   0: 3 0x80003a2c (0x505f0f13) x30 0x0000b505
core   0: 0x80003a30 (0xaaaabeb7) lui     t4, 0xaaaab
core   0: 3 0x80003a30 (0xaaaabeb7) x29 0xaaaab000
core   0: 0x80003a34 (0xaabe8e93) addi    t4, t4, -1365
core   0: 3 0x80003a34 (0xaabe8e93) x29 0xaaaaaaab
core   0: 0x80003a38 (0x03df5fb3) divu    t6, t5, t4
core   0: 3 0x80003a38 (0x03df5fb3) x31 0x00000000
core   0: 0x80003a3c (0x25f42e23) sw      t6, 604(s0)
core   0: 3 0x80003a3c (0x25f42e23) mem 0x80006bc8 0x00000000
core   0: 0x80003a40 (0x0000bf37) lui     t5, 0xb
core   0: 3 0x80003a40 (0x0000bf37) x30 0x0000b000
core   0: 0x80003a44 (0x505f0f13) addi    t5, t5, 1285
core   0: 3 0x80003a44 (0x505f0f13) x30 0x0000b505
core   0: 0x80003a48 (0x00600e93) li      t4, 6
core   0: 3 0x80003a48 (0x00600e93) x29 0x00000006
core   0: 0x80003a4c (0x03df5fb3) divu    t6, t5, t4
core   0: 3 0x80003a4c (0x03df5fb3) x31 0x00001e2b
core   0: 0x80003a50 (0x27f42023) sw      t6, 608(s0)
core   0: 3 0x80003a50 (0x27f42023) mem 0x80006bcc 0x00001e2b
core   0: 0x80003a54 (0x0000bf37) lui     t5, 0xb
core   0: 3 0x80003a54 (0x0000bf37) x30 0x0000b000
core   0: 0x80003a58 (0x505f0f13) addi    t5, t5, 1285
core   0: 3 0x80003a58 (0x505f0f13) x30 0x0000b505
core   0: 0x80003a5c (0x33333eb7) lui     t4, 0x33333
core   0: 3 0x80003a5c (0x33333eb7) x29 0x33333000
core   0: 0x80003a60 (0x334e8e93) addi    t4, t4, 820
core   0: 3 0x80003a60 (0x334e8e93) x29 0x33333334
core   0: 0x80003a64 (0x03df5fb3) divu    t6, t5, t4
core   0: 3 0x80003a64 (0x03df5fb3) x31 0x00000000
core   0: 0x80003a68 (0x27f42223) sw      t6, 612(s0)
core   0: 3 0x80003a68 (0x27f42223) mem 0x80006bd0 0x00000000
core   0: 0x80003a6c (0x0000bf37) lui     t5, 0xb
core   0: 3 0x80003a6c (0x0000bf37) x30 0x0000b000
core   0: 0x80003a70 (0x505f0f13) addi    t5, t5, 1285
core   0: 3 0x80003a70 (0x505f0f13) x30 0x0000b505
core   0: 0x80003a74 (0x66666eb7) lui     t4, 0x66666
core   0: 3 0x80003a74 (0x66666eb7) x29 0x66666000
core   0: 0x80003a78 (0x667e8e93) addi    t4, t4, 1639
core   0: 3 0x80003a78 (0x667e8e93) x29 0x66666667
core   0: 0x80003a7c (0x03df5fb3) divu    t6, t5, t4
core   0: 3 0x80003a7c (0x03df5fb3) x31 0x00000000
core   0: 0x80003a80 (0x27f42423) sw      t6, 616(s0)
core   0: 3 0x80003a80 (0x27f42423) mem 0x80006bd4 0x00000000
core   0: 0x80003a84 (0x0000bf37) lui     t5, 0xb
core   0: 3 0x80003a84 (0x0000bf37) x30 0x0000b000
core   0: 0x80003a88 (0x505f0f13) addi    t5, t5, 1285
core   0: 3 0x80003a88 (0x505f0f13) x30 0x0000b505
core   0: 0x80003a8c (0x0000beb7) lui     t4, 0xb
core   0: 3 0x80003a8c (0x0000beb7) x29 0x0000b000
core   0: 0x80003a90 (0x505e8e93) addi    t4, t4, 1285
core   0: 3 0x80003a90 (0x505e8e93) x29 0x0000b505
core   0: 0x80003a94 (0x03df5fb3) divu    t6, t5, t4
core   0: 3 0x80003a94 (0x03df5fb3) x31 0x00000001
core   0: 0x80003a98 (0x27f42623) sw      t6, 620(s0)
core   0: 3 0x80003a98 (0x27f42623) mem 0x80006bd8 0x00000001
core   0: 0x80003a9c (0x0000bf37) lui     t5, 0xb
core   0: 3 0x80003a9c (0x0000bf37) x30 0x0000b000
core   0: 0x80003aa0 (0x505f0f13) addi    t5, t5, 1285
core   0: 3 0x80003aa0 (0x505f0f13) x30 0x0000b505
core   0: 0x80003aa4 (0x00100e93) li      t4, 1
core   0: 3 0x80003aa4 (0x00100e93) x29 0x00000001
core   0: 0x80003aa8 (0x03df5fb3) divu    t6, t5, t4
core   0: 3 0x80003aa8 (0x03df5fb3) x31 0x0000b505
core   0: 0x80003aac (0x27f42823) sw      t6, 624(s0)
core   0: 3 0x80003aac (0x27f42823) mem 0x80006bdc 0x0000b505
core   0: 0x80003ab0 (0x0000bf37) lui     t5, 0xb
core   0: 3 0x80003ab0 (0x0000bf37) x30 0x0000b000
core   0: 0x80003ab4 (0x505f0f13) addi    t5, t5, 1285
core   0: 3 0x80003ab4 (0x505f0f13) x30 0x0000b505
core   0: 0x80003ab8 (0x00010eb7) lui     t4, 0x10
core   0: 3 0x80003ab8 (0x00010eb7) x29 0x00010000
core   0: 0x80003abc (0x03df5fb3) divu    t6, t5, t4
core   0: 3 0x80003abc (0x03df5fb3) x31 0x00000000
core   0: 0x80003ac0 (0x27f42a23) sw      t6, 628(s0)
core   0: 3 0x80003ac0 (0x27f42a23) mem 0x80006be0 0x00000000
core   0: 0x80003ac4 (0x00100f13) li      t5, 1
core   0: 3 0x80003ac4 (0x00100f13) x30 0x00000001
core   0: 0x80003ac8 (0x00300e93) li      t4, 3
core   0: 3 0x80003ac8 (0x00300e93) x29 0x00000003
core   0: 0x80003acc (0x03df5fb3) divu    t6, t5, t4
core   0: 3 0x80003acc (0x03df5fb3) x31 0x00000000
core   0: 0x80003ad0 (0x27f42c23) sw      t6, 632(s0)
core   0: 3 0x80003ad0 (0x27f42c23) mem 0x80006be4 0x00000000
core   0: 0x80003ad4 (0x00100f13) li      t5, 1
core   0: 3 0x80003ad4 (0x00100f13) x30 0x00000001
core   0: 0x80003ad8 (0x55555eb7) lui     t4, 0x55555
core   0: 3 0x80003ad8 (0x55555eb7) x29 0x55555000
core   0: 0x80003adc (0x555e8e93) addi    t4, t4, 1365
core   0: 3 0x80003adc (0x555e8e93) x29 0x55555555
core   0: 0x80003ae0 (0x03df5fb3) divu    t6, t5, t4
core   0: 3 0x80003ae0 (0x03df5fb3) x31 0x00000000
core   0: 0x80003ae4 (0x27f42e23) sw      t6, 636(s0)
core   0: 3 0x80003ae4 (0x27f42e23) mem 0x80006be8 0x00000000
core   0: 0x80003ae8 (0x00100f13) li      t5, 1
core   0: 3 0x80003ae8 (0x00100f13) x30 0x00000001
core   0: 0x80003aec (0xaaaabeb7) lui     t4, 0xaaaab
core   0: 3 0x80003aec (0xaaaabeb7) x29 0xaaaab000
core   0: 0x80003af0 (0xaaae8e93) addi    t4, t4, -1366
core   0: 3 0x80003af0 (0xaaae8e93) x29 0xaaaaaaaa
core   0: 0x80003af4 (0x03df5fb3) divu    t6, t5, t4
core   0: 3 0x80003af4 (0x03df5fb3) x31 0x00000000
core   0: 0x80003af8 (0x29f42023) sw      t6, 640(s0)
core   0: 3 0x80003af8 (0x29f42023) mem 0x80006bec 0x00000000
core   0: 0x80003afc (0x00100f13) li      t5, 1
core   0: 3 0x80003afc (0x00100f13) x30 0x00000001
core   0: 0x80003b00 (0x00500e93) li      t4, 5
core   0: 3 0x80003b00 (0x00500e93) x29 0x00000005
core   0: 0x80003b04 (0x03df5fb3) divu    t6, t5, t4
core   0: 3 0x80003b04 (0x03df5fb3) x31 0x00000000
core   0: 0x80003b08 (0x29f42223) sw      t6, 644(s0)
core   0: 3 0x80003b08 (0x29f42223) mem 0x80006bf0 0x00000000
core   0: 0x80003b0c (0x00100f13) li      t5, 1
core   0: 3 0x80003b0c (0x00100f13) x30 0x00000001
core   0: 0x80003b10 (0x33333eb7) lui     t4, 0x33333
core   0: 3 0x80003b10 (0x33333eb7) x29 0x33333000
core   0: 0x80003b14 (0x333e8e93) addi    t4, t4, 819
core   0: 3 0x80003b14 (0x333e8e93) x29 0x33333333
core   0: 0x80003b18 (0x03df5fb3) divu    t6, t5, t4
core   0: 3 0x80003b18 (0x03df5fb3) x31 0x00000000
core   0: 0x80003b1c (0x29f42423) sw      t6, 648(s0)
core   0: 3 0x80003b1c (0x29f42423) mem 0x80006bf4 0x00000000
core   0: 0x80003b20 (0x00100f13) li      t5, 1
core   0: 3 0x80003b20 (0x00100f13) x30 0x00000001
core   0: 0x80003b24 (0x66666eb7) lui     t4, 0x66666
core   0: 3 0x80003b24 (0x66666eb7) x29 0x66666000
core   0: 0x80003b28 (0x666e8e93) addi    t4, t4, 1638
core   0: 3 0x80003b28 (0x666e8e93) x29 0x66666666
core   0: 0x80003b2c (0x03df5fb3) divu    t6, t5, t4
core   0: 3 0x80003b2c (0x03df5fb3) x31 0x00000000
core   0: 0x80003b30 (0x29f42623) sw      t6, 652(s0)
core   0: 3 0x80003b30 (0x29f42623) mem 0x80006bf8 0x00000000
core   0: 0x80003b34 (0x00100f13) li      t5, 1
core   0: 3 0x80003b34 (0x00100f13) x30 0x00000001
core   0: 0x80003b38 (0x0000beb7) lui     t4, 0xb
core   0: 3 0x80003b38 (0x0000beb7) x29 0x0000b000
core   0: 0x80003b3c (0x504e8e93) addi    t4, t4, 1284
core   0: 3 0x80003b3c (0x504e8e93) x29 0x0000b504
core   0: 0x80003b40 (0x03df5fb3) divu    t6, t5, t4
core   0: 3 0x80003b40 (0x03df5fb3) x31 0x00000000
core   0: 0x80003b44 (0x29f42823) sw      t6, 656(s0)
core   0: 3 0x80003b44 (0x29f42823) mem 0x80006bfc 0x00000000
core   0: 0x80003b48 (0x00100f13) li      t5, 1
core   0: 3 0x80003b48 (0x00100f13) x30 0x00000001
core   0: 0x80003b4c (0x00010eb7) lui     t4, 0x10
core   0: 3 0x80003b4c (0x00010eb7) x29 0x00010000
core   0: 0x80003b50 (0xfffe8e93) addi    t4, t4, -1
core   0: 3 0x80003b50 (0xfffe8e93) x29 0x0000ffff
core   0: 0x80003b54 (0x03df5fb3) divu    t6, t5, t4
core   0: 3 0x80003b54 (0x03df5fb3) x31 0x00000000
core   0: 0x80003b58 (0x29f42a23) sw      t6, 660(s0)
core   0: 3 0x80003b58 (0x29f42a23) mem 0x80006c00 0x00000000
core   0: 0x80003b5c (0x00100f13) li      t5, 1
core   0: 3 0x80003b5c (0x00100f13) x30 0x00000001
core   0: 0x80003b60 (0x00200e93) li      t4, 2
core   0: 3 0x80003b60 (0x00200e93) x29 0x00000002
core   0: 0x80003b64 (0x03df5fb3) divu    t6, t5, t4
core   0: 3 0x80003b64 (0x03df5fb3) x31 0x00000000
core   0: 0x80003b68 (0x29f42c23) sw      t6, 664(s0)
core   0: 3 0x80003b68 (0x29f42c23) mem 0x80006c04 0x00000000
core   0: 0x80003b6c (0x00100f13) li      t5, 1
core   0: 3 0x80003b6c (0x00100f13) x30 0x00000001
core   0: 0x80003b70 (0x55555eb7) lui     t4, 0x55555
core   0: 3 0x80003b70 (0x55555eb7) x29 0x55555000
core   0: 0x80003b74 (0x554e8e93) addi    t4, t4, 1364
core   0: 3 0x80003b74 (0x554e8e93) x29 0x55555554
core   0: 0x80003b78 (0x03df5fb3) divu    t6, t5, t4
core   0: 3 0x80003b78 (0x03df5fb3) x31 0x00000000
core   0: 0x80003b7c (0x29f42e23) sw      t6, 668(s0)
core   0: 3 0x80003b7c (0x29f42e23) mem 0x80006c08 0x00000000
core   0: 0x80003b80 (0x00100f13) li      t5, 1
core   0: 3 0x80003b80 (0x00100f13) x30 0x00000001
core   0: 0x80003b84 (0xaaaabeb7) lui     t4, 0xaaaab
core   0: 3 0x80003b84 (0xaaaabeb7) x29 0xaaaab000
core   0: 0x80003b88 (0xaa9e8e93) addi    t4, t4, -1367
core   0: 3 0x80003b88 (0xaa9e8e93) x29 0xaaaaaaa9
core   0: 0x80003b8c (0x03df5fb3) divu    t6, t5, t4
core   0: 3 0x80003b8c (0x03df5fb3) x31 0x00000000
core   0: 0x80003b90 (0x2bf42023) sw      t6, 672(s0)
core   0: 3 0x80003b90 (0x2bf42023) mem 0x80006c0c 0x00000000
core   0: 0x80003b94 (0x00100f13) li      t5, 1
core   0: 3 0x80003b94 (0x00100f13) x30 0x00000001
core   0: 0x80003b98 (0x33333eb7) lui     t4, 0x33333
core   0: 3 0x80003b98 (0x33333eb7) x29 0x33333000
core   0: 0x80003b9c (0x332e8e93) addi    t4, t4, 818
core   0: 3 0x80003b9c (0x332e8e93) x29 0x33333332
core   0: 0x80003ba0 (0x03df5fb3) divu    t6, t5, t4
core   0: 3 0x80003ba0 (0x03df5fb3) x31 0x00000000
core   0: 0x80003ba4 (0x2bf42223) sw      t6, 676(s0)
core   0: 3 0x80003ba4 (0x2bf42223) mem 0x80006c10 0x00000000
core   0: 0x80003ba8 (0x00100f13) li      t5, 1
core   0: 3 0x80003ba8 (0x00100f13) x30 0x00000001
core   0: 0x80003bac (0x66666eb7) lui     t4, 0x66666
core   0: 3 0x80003bac (0x66666eb7) x29 0x66666000
core   0: 0x80003bb0 (0x665e8e93) addi    t4, t4, 1637
core   0: 3 0x80003bb0 (0x665e8e93) x29 0x66666665
core   0: 0x80003bb4 (0x03df5fb3) divu    t6, t5, t4
core   0: 3 0x80003bb4 (0x03df5fb3) x31 0x00000000
core   0: 0x80003bb8 (0x2bf42423) sw      t6, 680(s0)
core   0: 3 0x80003bb8 (0x2bf42423) mem 0x80006c14 0x00000000
core   0: 0x80003bbc (0x00100f13) li      t5, 1
core   0: 3 0x80003bbc (0x00100f13) x30 0x00000001
core   0: 0x80003bc0 (0x0000beb7) lui     t4, 0xb
core   0: 3 0x80003bc0 (0x0000beb7) x29 0x0000b000
core   0: 0x80003bc4 (0x503e8e93) addi    t4, t4, 1283
core   0: 3 0x80003bc4 (0x503e8e93) x29 0x0000b503
core   0: 0x80003bc8 (0x03df5fb3) divu    t6, t5, t4
core   0: 3 0x80003bc8 (0x03df5fb3) x31 0x00000000
core   0: 0x80003bcc (0x2bf42623) sw      t6, 684(s0)
core   0: 3 0x80003bcc (0x2bf42623) mem 0x80006c18 0x00000000
core   0: 0x80003bd0 (0x00100f13) li      t5, 1
core   0: 3 0x80003bd0 (0x00100f13) x30 0x00000001
core   0: 0x80003bd4 (0x00000e93) li      t4, 0
core   0: 3 0x80003bd4 (0x00000e93) x29 0x00000000
core   0: 0x80003bd8 (0x03df5fb3) divu    t6, t5, t4
core   0: 3 0x80003bd8 (0x03df5fb3) x31 0xffffffff
core   0: 0x80003bdc (0x2bf42823) sw      t6, 688(s0)
core   0: 3 0x80003bdc (0x2bf42823) mem 0x80006c1c 0xffffffff
core   0: 0x80003be0 (0x00100f13) li      t5, 1
core   0: 3 0x80003be0 (0x00100f13) x30 0x00000001
core   0: 0x80003be4 (0x00010eb7) lui     t4, 0x10
core   0: 3 0x80003be4 (0x00010eb7) x29 0x00010000
core   0: 0x80003be8 (0xffee8e93) addi    t4, t4, -2
core   0: 3 0x80003be8 (0xffee8e93) x29 0x0000fffe
core   0: 0x80003bec (0x03df5fb3) divu    t6, t5, t4
core   0: 3 0x80003bec (0x03df5fb3) x31 0x00000000
core   0: 0x80003bf0 (0x2bf42a23) sw      t6, 692(s0)
core   0: 3 0x80003bf0 (0x2bf42a23) mem 0x80006c20 0x00000000
core   0: 0x80003bf4 (0x00100f13) li      t5, 1
core   0: 3 0x80003bf4 (0x00100f13) x30 0x00000001
core   0: 0x80003bf8 (0x00400e93) li      t4, 4
core   0: 3 0x80003bf8 (0x00400e93) x29 0x00000004
core   0: 0x80003bfc (0x03df5fb3) divu    t6, t5, t4
core   0: 3 0x80003bfc (0x03df5fb3) x31 0x00000000
core   0: 0x80003c00 (0x2bf42c23) sw      t6, 696(s0)
core   0: 3 0x80003c00 (0x2bf42c23) mem 0x80006c24 0x00000000
core   0: 0x80003c04 (0x00100f13) li      t5, 1
core   0: 3 0x80003c04 (0x00100f13) x30 0x00000001
core   0: 0x80003c08 (0x55555eb7) lui     t4, 0x55555
core   0: 3 0x80003c08 (0x55555eb7) x29 0x55555000
core   0: 0x80003c0c (0x556e8e93) addi    t4, t4, 1366
core   0: 3 0x80003c0c (0x556e8e93) x29 0x55555556
core   0: 0x80003c10 (0x03df5fb3) divu    t6, t5, t4
core   0: 3 0x80003c10 (0x03df5fb3) x31 0x00000000
core   0: 0x80003c14 (0x2bf42e23) sw      t6, 700(s0)
core   0: 3 0x80003c14 (0x2bf42e23) mem 0x80006c28 0x00000000
core   0: 0x80003c18 (0x00100f13) li      t5, 1
core   0: 3 0x80003c18 (0x00100f13) x30 0x00000001
core   0: 0x80003c1c (0xaaaabeb7) lui     t4, 0xaaaab
core   0: 3 0x80003c1c (0xaaaabeb7) x29 0xaaaab000
core   0: 0x80003c20 (0xaabe8e93) addi    t4, t4, -1365
core   0: 3 0x80003c20 (0xaabe8e93) x29 0xaaaaaaab
core   0: 0x80003c24 (0x03df5fb3) divu    t6, t5, t4
core   0: 3 0x80003c24 (0x03df5fb3) x31 0x00000000
core   0: 0x80003c28 (0x2df42023) sw      t6, 704(s0)
core   0: 3 0x80003c28 (0x2df42023) mem 0x80006c2c 0x00000000
core   0: 0x80003c2c (0x00100f13) li      t5, 1
core   0: 3 0x80003c2c (0x00100f13) x30 0x00000001
core   0: 0x80003c30 (0x00600e93) li      t4, 6
core   0: 3 0x80003c30 (0x00600e93) x29 0x00000006
core   0: 0x80003c34 (0x03df5fb3) divu    t6, t5, t4
core   0: 3 0x80003c34 (0x03df5fb3) x31 0x00000000
core   0: 0x80003c38 (0x2df42223) sw      t6, 708(s0)
core   0: 3 0x80003c38 (0x2df42223) mem 0x80006c30 0x00000000
core   0: 0x80003c3c (0x00100f13) li      t5, 1
core   0: 3 0x80003c3c (0x00100f13) x30 0x00000001
core   0: 0x80003c40 (0x33333eb7) lui     t4, 0x33333
core   0: 3 0x80003c40 (0x33333eb7) x29 0x33333000
core   0: 0x80003c44 (0x334e8e93) addi    t4, t4, 820
core   0: 3 0x80003c44 (0x334e8e93) x29 0x33333334
core   0: 0x80003c48 (0x03df5fb3) divu    t6, t5, t4
core   0: 3 0x80003c48 (0x03df5fb3) x31 0x00000000
core   0: 0x80003c4c (0x2df42423) sw      t6, 712(s0)
core   0: 3 0x80003c4c (0x2df42423) mem 0x80006c34 0x00000000
core   0: 0x80003c50 (0x00100f13) li      t5, 1
core   0: 3 0x80003c50 (0x00100f13) x30 0x00000001
core   0: 0x80003c54 (0x66666eb7) lui     t4, 0x66666
core   0: 3 0x80003c54 (0x66666eb7) x29 0x66666000
core   0: 0x80003c58 (0x667e8e93) addi    t4, t4, 1639
core   0: 3 0x80003c58 (0x667e8e93) x29 0x66666667
core   0: 0x80003c5c (0x03df5fb3) divu    t6, t5, t4
core   0: 3 0x80003c5c (0x03df5fb3) x31 0x00000000
core   0: 0x80003c60 (0x2df42623) sw      t6, 716(s0)
core   0: 3 0x80003c60 (0x2df42623) mem 0x80006c38 0x00000000
core   0: 0x80003c64 (0x00100f13) li      t5, 1
core   0: 3 0x80003c64 (0x00100f13) x30 0x00000001
core   0: 0x80003c68 (0x0000beb7) lui     t4, 0xb
core   0: 3 0x80003c68 (0x0000beb7) x29 0x0000b000
core   0: 0x80003c6c (0x505e8e93) addi    t4, t4, 1285
core   0: 3 0x80003c6c (0x505e8e93) x29 0x0000b505
core   0: 0x80003c70 (0x03df5fb3) divu    t6, t5, t4
core   0: 3 0x80003c70 (0x03df5fb3) x31 0x00000000
core   0: 0x80003c74 (0x2df42823) sw      t6, 720(s0)
core   0: 3 0x80003c74 (0x2df42823) mem 0x80006c3c 0x00000000
core   0: 0x80003c78 (0x00100f13) li      t5, 1
core   0: 3 0x80003c78 (0x00100f13) x30 0x00000001
core   0: 0x80003c7c (0x00100e93) li      t4, 1
core   0: 3 0x80003c7c (0x00100e93) x29 0x00000001
core   0: 0x80003c80 (0x03df5fb3) divu    t6, t5, t4
core   0: 3 0x80003c80 (0x03df5fb3) x31 0x00000001
core   0: 0x80003c84 (0x2df42a23) sw      t6, 724(s0)
core   0: 3 0x80003c84 (0x2df42a23) mem 0x80006c40 0x00000001
core   0: 0x80003c88 (0x00010f37) lui     t5, 0x10
core   0: 3 0x80003c88 (0x00010f37) x30 0x00010000
core   0: 0x80003c8c (0x00300e93) li      t4, 3
core   0: 3 0x80003c8c (0x00300e93) x29 0x00000003
core   0: 0x80003c90 (0x03df5fb3) divu    t6, t5, t4
core   0: 3 0x80003c90 (0x03df5fb3) x31 0x00005555
core   0: 0x80003c94 (0x2df42c23) sw      t6, 728(s0)
core   0: 3 0x80003c94 (0x2df42c23) mem 0x80006c44 0x00005555
core   0: 0x80003c98 (0x00000f13) li      t5, 0
core   0: 3 0x80003c98 (0x00000f13) x30 0x00000000
core   0: 0x80003c9c (0x00000e93) li      t4, 0
core   0: 3 0x80003c9c (0x00000e93) x29 0x00000000
core   0: 0x80003ca0 (0x03df5fb3) divu    t6, t5, t4
core   0: 3 0x80003ca0 (0x03df5fb3) x31 0xffffffff
core   0: 0x80003ca4 (0x2df42e23) sw      t6, 732(s0)
core   0: 3 0x80003ca4 (0x2df42e23) mem 0x80006c48 0xffffffff
core   0: 0x80003ca8 (0x00010f37) lui     t5, 0x10
core   0: 3 0x80003ca8 (0x00010f37) x30 0x00010000
core   0: 0x80003cac (0x55555eb7) lui     t4, 0x55555
core   0: 3 0x80003cac (0x55555eb7) x29 0x55555000
core   0: 0x80003cb0 (0x555e8e93) addi    t4, t4, 1365
core   0: 3 0x80003cb0 (0x555e8e93) x29 0x55555555
core   0: 0x80003cb4 (0x03df5fb3) divu    t6, t5, t4
core   0: 3 0x80003cb4 (0x03df5fb3) x31 0x00000000
core   0: 0x80003cb8 (0x2ff42023) sw      t6, 736(s0)
core   0: 3 0x80003cb8 (0x2ff42023) mem 0x80006c4c 0x00000000
core   0: 0x80003cbc (0x00010f37) lui     t5, 0x10
core   0: 3 0x80003cbc (0x00010f37) x30 0x00010000
core   0: 0x80003cc0 (0xaaaabeb7) lui     t4, 0xaaaab
core   0: 3 0x80003cc0 (0xaaaabeb7) x29 0xaaaab000
core   0: 0x80003cc4 (0xaaae8e93) addi    t4, t4, -1366
core   0: 3 0x80003cc4 (0xaaae8e93) x29 0xaaaaaaaa
core   0: 0x80003cc8 (0x03df5fb3) divu    t6, t5, t4
core   0: 3 0x80003cc8 (0x03df5fb3) x31 0x00000000
core   0: 0x80003ccc (0x2ff42223) sw      t6, 740(s0)
core   0: 3 0x80003ccc (0x2ff42223) mem 0x80006c50 0x00000000
core   0: 0x80003cd0 (0x00010f37) lui     t5, 0x10
core   0: 3 0x80003cd0 (0x00010f37) x30 0x00010000
core   0: 0x80003cd4 (0x00500e93) li      t4, 5
core   0: 3 0x80003cd4 (0x00500e93) x29 0x00000005
core   0: 0x80003cd8 (0x03df5fb3) divu    t6, t5, t4
core   0: 3 0x80003cd8 (0x03df5fb3) x31 0x00003333
core   0: 0x80003cdc (0x2ff42423) sw      t6, 744(s0)
core   0: 3 0x80003cdc (0x2ff42423) mem 0x80006c54 0x00003333
core   0: 0x80003ce0 (0x00010f37) lui     t5, 0x10
core   0: 3 0x80003ce0 (0x00010f37) x30 0x00010000
core   0: 0x80003ce4 (0x33333eb7) lui     t4, 0x33333
core   0: 3 0x80003ce4 (0x33333eb7) x29 0x33333000
core   0: 0x80003ce8 (0x333e8e93) addi    t4, t4, 819
core   0: 3 0x80003ce8 (0x333e8e93) x29 0x33333333
core   0: 0x80003cec (0x03df5fb3) divu    t6, t5, t4
core   0: 3 0x80003cec (0x03df5fb3) x31 0x00000000
core   0: 0x80003cf0 (0x2ff42623) sw      t6, 748(s0)
core   0: 3 0x80003cf0 (0x2ff42623) mem 0x80006c58 0x00000000
core   0: 0x80003cf4 (0x00010f37) lui     t5, 0x10
core   0: 3 0x80003cf4 (0x00010f37) x30 0x00010000
core   0: 0x80003cf8 (0x66666eb7) lui     t4, 0x66666
core   0: 3 0x80003cf8 (0x66666eb7) x29 0x66666000
core   0: 0x80003cfc (0x666e8e93) addi    t4, t4, 1638
core   0: 3 0x80003cfc (0x666e8e93) x29 0x66666666
core   0: 0x80003d00 (0x03df5fb3) divu    t6, t5, t4
core   0: 3 0x80003d00 (0x03df5fb3) x31 0x00000000
core   0: 0x80003d04 (0x2ff42823) sw      t6, 752(s0)
core   0: 3 0x80003d04 (0x2ff42823) mem 0x80006c5c 0x00000000
core   0: 0x80003d08 (0x00010f37) lui     t5, 0x10
core   0: 3 0x80003d08 (0x00010f37) x30 0x00010000
core   0: 0x80003d0c (0x0000beb7) lui     t4, 0xb
core   0: 3 0x80003d0c (0x0000beb7) x29 0x0000b000
core   0: 0x80003d10 (0x504e8e93) addi    t4, t4, 1284
core   0: 3 0x80003d10 (0x504e8e93) x29 0x0000b504
core   0: 0x80003d14 (0x03df5fb3) divu    t6, t5, t4
core   0: 3 0x80003d14 (0x03df5fb3) x31 0x00000001
core   0: 0x80003d18 (0x2ff42a23) sw      t6, 756(s0)
core   0: 3 0x80003d18 (0x2ff42a23) mem 0x80006c60 0x00000001
core   0: 0x80003d1c (0x00010f37) lui     t5, 0x10
core   0: 3 0x80003d1c (0x00010f37) x30 0x00010000
core   0: 0x80003d20 (0x00010eb7) lui     t4, 0x10
core   0: 3 0x80003d20 (0x00010eb7) x29 0x00010000
core   0: 0x80003d24 (0xfffe8e93) addi    t4, t4, -1
core   0: 3 0x80003d24 (0xfffe8e93) x29 0x0000ffff
core   0: 0x80003d28 (0x03df5fb3) divu    t6, t5, t4
core   0: 3 0x80003d28 (0x03df5fb3) x31 0x00000001
core   0: 0x80003d2c (0x2ff42c23) sw      t6, 760(s0)
core   0: 3 0x80003d2c (0x2ff42c23) mem 0x80006c64 0x00000001
core   0: 0x80003d30 (0x00010f37) lui     t5, 0x10
core   0: 3 0x80003d30 (0x00010f37) x30 0x00010000
core   0: 0x80003d34 (0x55555eb7) lui     t4, 0x55555
core   0: 3 0x80003d34 (0x55555eb7) x29 0x55555000
core   0: 0x80003d38 (0x554e8e93) addi    t4, t4, 1364
core   0: 3 0x80003d38 (0x554e8e93) x29 0x55555554
core   0: 0x80003d3c (0x03df5fb3) divu    t6, t5, t4
core   0: 3 0x80003d3c (0x03df5fb3) x31 0x00000000
core   0: 0x80003d40 (0x2ff42e23) sw      t6, 764(s0)
core   0: 3 0x80003d40 (0x2ff42e23) mem 0x80006c68 0x00000000
core   0: 0x80003d44 (0x00010f37) lui     t5, 0x10
core   0: 3 0x80003d44 (0x00010f37) x30 0x00010000
core   0: 0x80003d48 (0xaaaabeb7) lui     t4, 0xaaaab
core   0: 3 0x80003d48 (0xaaaabeb7) x29 0xaaaab000
core   0: 0x80003d4c (0xaa9e8e93) addi    t4, t4, -1367
core   0: 3 0x80003d4c (0xaa9e8e93) x29 0xaaaaaaa9
core   0: 0x80003d50 (0x03df5fb3) divu    t6, t5, t4
core   0: 3 0x80003d50 (0x03df5fb3) x31 0x00000000
core   0: 0x80003d54 (0x31f42023) sw      t6, 768(s0)
core   0: 3 0x80003d54 (0x31f42023) mem 0x80006c6c 0x00000000
core   0: 0x80003d58 (0x00010f37) lui     t5, 0x10
core   0: 3 0x80003d58 (0x00010f37) x30 0x00010000
core   0: 0x80003d5c (0x33333eb7) lui     t4, 0x33333
core   0: 3 0x80003d5c (0x33333eb7) x29 0x33333000
core   0: 0x80003d60 (0x332e8e93) addi    t4, t4, 818
core   0: 3 0x80003d60 (0x332e8e93) x29 0x33333332
core   0: 0x80003d64 (0x03df5fb3) divu    t6, t5, t4
core   0: 3 0x80003d64 (0x03df5fb3) x31 0x00000000
core   0: 0x80003d68 (0x31f42223) sw      t6, 772(s0)
core   0: 3 0x80003d68 (0x31f42223) mem 0x80006c70 0x00000000
core   0: 0x80003d6c (0x00010f37) lui     t5, 0x10
core   0: 3 0x80003d6c (0x00010f37) x30 0x00010000
core   0: 0x80003d70 (0x66666eb7) lui     t4, 0x66666
core   0: 3 0x80003d70 (0x66666eb7) x29 0x66666000
core   0: 0x80003d74 (0x665e8e93) addi    t4, t4, 1637
core   0: 3 0x80003d74 (0x665e8e93) x29 0x66666665
core   0: 0x80003d78 (0x03df5fb3) divu    t6, t5, t4
core   0: 3 0x80003d78 (0x03df5fb3) x31 0x00000000
core   0: 0x80003d7c (0x31f42423) sw      t6, 776(s0)
core   0: 3 0x80003d7c (0x31f42423) mem 0x80006c74 0x00000000
core   0: 0x80003d80 (0x00010f37) lui     t5, 0x10
core   0: 3 0x80003d80 (0x00010f37) x30 0x00010000
core   0: 0x80003d84 (0x0000beb7) lui     t4, 0xb
core   0: 3 0x80003d84 (0x0000beb7) x29 0x0000b000
core   0: 0x80003d88 (0x503e8e93) addi    t4, t4, 1283
core   0: 3 0x80003d88 (0x503e8e93) x29 0x0000b503
core   0: 0x80003d8c (0x03df5fb3) divu    t6, t5, t4
core   0: 3 0x80003d8c (0x03df5fb3) x31 0x00000001
core   0: 0x80003d90 (0x31f42623) sw      t6, 780(s0)
core   0: 3 0x80003d90 (0x31f42623) mem 0x80006c78 0x00000001
core   0: 0x80003d94 (0x00010f37) lui     t5, 0x10
core   0: 3 0x80003d94 (0x00010f37) x30 0x00010000
core   0: 0x80003d98 (0x00000e93) li      t4, 0
core   0: 3 0x80003d98 (0x00000e93) x29 0x00000000
core   0: 0x80003d9c (0x03df5fb3) divu    t6, t5, t4
core   0: 3 0x80003d9c (0x03df5fb3) x31 0xffffffff
core   0: 0x80003da0 (0x31f42823) sw      t6, 784(s0)
core   0: 3 0x80003da0 (0x31f42823) mem 0x80006c7c 0xffffffff
core   0: 0x80003da4 (0x00010f37) lui     t5, 0x10
core   0: 3 0x80003da4 (0x00010f37) x30 0x00010000
core   0: 0x80003da8 (0x00010eb7) lui     t4, 0x10
core   0: 3 0x80003da8 (0x00010eb7) x29 0x00010000
core   0: 0x80003dac (0xffee8e93) addi    t4, t4, -2
core   0: 3 0x80003dac (0xffee8e93) x29 0x0000fffe
core   0: 0x80003db0 (0x03df5fb3) divu    t6, t5, t4
core   0: 3 0x80003db0 (0x03df5fb3) x31 0x00000001
core   0: 0x80003db4 (0x31f42a23) sw      t6, 788(s0)
core   0: 3 0x80003db4 (0x31f42a23) mem 0x80006c80 0x00000001
core   0: 0x80003db8 (0x00010f37) lui     t5, 0x10
core   0: 3 0x80003db8 (0x00010f37) x30 0x00010000
core   0: 0x80003dbc (0x55555eb7) lui     t4, 0x55555
core   0: 3 0x80003dbc (0x55555eb7) x29 0x55555000
core   0: 0x80003dc0 (0x556e8e93) addi    t4, t4, 1366
core   0: 3 0x80003dc0 (0x556e8e93) x29 0x55555556
core   0: 0x80003dc4 (0x03df5fb3) divu    t6, t5, t4
core   0: 3 0x80003dc4 (0x03df5fb3) x31 0x00000000
core   0: 0x80003dc8 (0x31f42c23) sw      t6, 792(s0)
core   0: 3 0x80003dc8 (0x31f42c23) mem 0x80006c84 0x00000000
core   0: 0x80003dcc (0x00010f37) lui     t5, 0x10
core   0: 3 0x80003dcc (0x00010f37) x30 0x00010000
core   0: 0x80003dd0 (0xaaaabeb7) lui     t4, 0xaaaab
core   0: 3 0x80003dd0 (0xaaaabeb7) x29 0xaaaab000
core   0: 0x80003dd4 (0xaabe8e93) addi    t4, t4, -1365
core   0: 3 0x80003dd4 (0xaabe8e93) x29 0xaaaaaaab
core   0: 0x80003dd8 (0x03df5fb3) divu    t6, t5, t4
core   0: 3 0x80003dd8 (0x03df5fb3) x31 0x00000000
core   0: 0x80003ddc (0x31f42e23) sw      t6, 796(s0)
core   0: 3 0x80003ddc (0x31f42e23) mem 0x80006c88 0x00000000
core   0: 0x80003de0 (0x00010f37) lui     t5, 0x10
core   0: 3 0x80003de0 (0x00010f37) x30 0x00010000
core   0: 0x80003de4 (0x0000beb7) lui     t4, 0xb
core   0: 3 0x80003de4 (0x0000beb7) x29 0x0000b000
core   0: 0x80003de8 (0x505e8e93) addi    t4, t4, 1285
core   0: 3 0x80003de8 (0x505e8e93) x29 0x0000b505
core   0: 0x80003dec (0x03df5fb3) divu    t6, t5, t4
core   0: 3 0x80003dec (0x03df5fb3) x31 0x00000001
core   0: 0x80003df0 (0x33f42023) sw      t6, 800(s0)
core   0: 3 0x80003df0 (0x33f42023) mem 0x80006c8c 0x00000001
core   0: 0x80003df4 (0x00010f37) lui     t5, 0x10
core   0: 3 0x80003df4 (0x00010f37) x30 0x00010000
core   0: 0x80003df8 (0x00600e93) li      t4, 6
core   0: 3 0x80003df8 (0x00600e93) x29 0x00000006
core   0: 0x80003dfc (0x03df5fb3) divu    t6, t5, t4
core   0: 3 0x80003dfc (0x03df5fb3) x31 0x00002aaa
core   0: 0x80003e00 (0x33f42223) sw      t6, 804(s0)
core   0: 3 0x80003e00 (0x33f42223) mem 0x80006c90 0x00002aaa
core   0: 0x80003e04 (0x00000f13) li      t5, 0
core   0: 3 0x80003e04 (0x00000f13) x30 0x00000000
core   0: 0x80003e08 (0x0000beb7) lui     t4, 0xb
core   0: 3 0x80003e08 (0x0000beb7) x29 0x0000b000
core   0: 0x80003e0c (0x503e8e93) addi    t4, t4, 1283
core   0: 3 0x80003e0c (0x503e8e93) x29 0x0000b503
core   0: 0x80003e10 (0x03df5fb3) divu    t6, t5, t4
core   0: 3 0x80003e10 (0x03df5fb3) x31 0x00000000
core   0: 0x80003e14 (0x33f42423) sw      t6, 808(s0)
core   0: 3 0x80003e14 (0x33f42423) mem 0x80006c94 0x00000000
core   0: 0x80003e18 (0x00010f37) lui     t5, 0x10
core   0: 3 0x80003e18 (0x00010f37) x30 0x00010000
core   0: 0x80003e1c (0x33333eb7) lui     t4, 0x33333
core   0: 3 0x80003e1c (0x33333eb7) x29 0x33333000
core   0: 0x80003e20 (0x334e8e93) addi    t4, t4, 820
core   0: 3 0x80003e20 (0x334e8e93) x29 0x33333334
core   0: 0x80003e24 (0x03df5fb3) divu    t6, t5, t4
core   0: 3 0x80003e24 (0x03df5fb3) x31 0x00000000
core   0: 0x80003e28 (0x33f42623) sw      t6, 812(s0)
core   0: 3 0x80003e28 (0x33f42623) mem 0x80006c98 0x00000000
core   0: 0x80003e2c (0x00010f37) lui     t5, 0x10
core   0: 3 0x80003e2c (0x00010f37) x30 0x00010000
core   0: 0x80003e30 (0x66666eb7) lui     t4, 0x66666
core   0: 3 0x80003e30 (0x66666eb7) x29 0x66666000
core   0: 0x80003e34 (0x667e8e93) addi    t4, t4, 1639
core   0: 3 0x80003e34 (0x667e8e93) x29 0x66666667
core   0: 0x80003e38 (0x03df5fb3) divu    t6, t5, t4
core   0: 3 0x80003e38 (0x03df5fb3) x31 0x00000000
core   0: 0x80003e3c (0x33f42823) sw      t6, 816(s0)
core   0: 3 0x80003e3c (0x33f42823) mem 0x80006c9c 0x00000000
core   0: 0x80003e40 (0x00000f13) li      t5, 0
core   0: 3 0x80003e40 (0x00000f13) x30 0x00000000
core   0: 0x80003e44 (0x00400e93) li      t4, 4
core   0: 3 0x80003e44 (0x00400e93) x29 0x00000004
core   0: 0x80003e48 (0x03df5fb3) divu    t6, t5, t4
core   0: 3 0x80003e48 (0x03df5fb3) x31 0x00000000
core   0: 0x80003e4c (0x33f42a23) sw      t6, 820(s0)
core   0: 3 0x80003e4c (0x33f42a23) mem 0x80006ca0 0x00000000
core   0: 0x80003e50 (0x00000f13) li      t5, 0
core   0: 3 0x80003e50 (0x00000f13) x30 0x00000000
core   0: 0x80003e54 (0x00600e93) li      t4, 6
core   0: 3 0x80003e54 (0x00600e93) x29 0x00000006
core   0: 0x80003e58 (0x03df5fb3) divu    t6, t5, t4
core   0: 3 0x80003e58 (0x03df5fb3) x31 0x00000000
core   0: 0x80003e5c (0x33f42c23) sw      t6, 824(s0)
core   0: 3 0x80003e5c (0x33f42c23) mem 0x80006ca4 0x00000000
core   0: 0x80003e60 (0x00000f13) li      t5, 0
core   0: 3 0x80003e60 (0x00000f13) x30 0x00000000
core   0: 0x80003e64 (0x33333eb7) lui     t4, 0x33333
core   0: 3 0x80003e64 (0x33333eb7) x29 0x33333000
core   0: 0x80003e68 (0x334e8e93) addi    t4, t4, 820
core   0: 3 0x80003e68 (0x334e8e93) x29 0x33333334
core   0: 0x80003e6c (0x03df5fb3) divu    t6, t5, t4
core   0: 3 0x80003e6c (0x03df5fb3) x31 0x00000000
core   0: 0x80003e70 (0x33f42e23) sw      t6, 828(s0)
core   0: 3 0x80003e70 (0x33f42e23) mem 0x80006ca8 0x00000000
core   0: 0x80003e74 (0x00000f13) li      t5, 0
core   0: 3 0x80003e74 (0x00000f13) x30 0x00000000
core   0: 0x80003e78 (0x66666eb7) lui     t4, 0x66666
core   0: 3 0x80003e78 (0x66666eb7) x29 0x66666000
core   0: 0x80003e7c (0x667e8e93) addi    t4, t4, 1639
core   0: 3 0x80003e7c (0x667e8e93) x29 0x66666667
core   0: 0x80003e80 (0x03df5fb3) divu    t6, t5, t4
core   0: 3 0x80003e80 (0x03df5fb3) x31 0x00000000
core   0: 0x80003e84 (0x35f42023) sw      t6, 832(s0)
core   0: 3 0x80003e84 (0x35f42023) mem 0x80006cac 0x00000000
core   0: 0x80003e88 (0x00000f13) li      t5, 0
core   0: 3 0x80003e88 (0x00000f13) x30 0x00000000
core   0: 0x80003e8c (0x0000beb7) lui     t4, 0xb
core   0: 3 0x80003e8c (0x0000beb7) x29 0x0000b000
core   0: 0x80003e90 (0x505e8e93) addi    t4, t4, 1285
core   0: 3 0x80003e90 (0x505e8e93) x29 0x0000b505
core   0: 0x80003e94 (0x03df5fb3) divu    t6, t5, t4
core   0: 3 0x80003e94 (0x03df5fb3) x31 0x00000000
core   0: 0x80003e98 (0x35f42223) sw      t6, 836(s0)
core   0: 3 0x80003e98 (0x35f42223) mem 0x80006cb0 0x00000000
core   0: 0x80003e9c (0x00010f37) lui     t5, 0x10
core   0: 3 0x80003e9c (0x00010f37) x30 0x00010000
core   0: 0x80003ea0 (0x00100e93) li      t4, 1
core   0: 3 0x80003ea0 (0x00100e93) x29 0x00000001
core   0: 0x80003ea4 (0x03df5fb3) divu    t6, t5, t4
core   0: 3 0x80003ea4 (0x03df5fb3) x31 0x00010000
core   0: 0x80003ea8 (0x35f42423) sw      t6, 840(s0)
core   0: 3 0x80003ea8 (0x35f42423) mem 0x80006cb4 0x00010000
core   0: 0x80003eac (0x00010f37) lui     t5, 0x10
core   0: 3 0x80003eac (0x00010f37) x30 0x00010000
core   0: 0x80003eb0 (0xfff00e93) li      t4, -1
core   0: 3 0x80003eb0 (0xfff00e93) x29 0xffffffff
core   0: 0x80003eb4 (0x03df5fb3) divu    t6, t5, t4
core   0: 3 0x80003eb4 (0x03df5fb3) x31 0x00000000
core   0: 0x80003eb8 (0x35f42623) sw      t6, 844(s0)
core   0: 3 0x80003eb8 (0x35f42623) mem 0x80006cb8 0x00000000
core   0: 0x80003ebc (0x00010f37) lui     t5, 0x10
core   0: 3 0x80003ebc (0x00010f37) x30 0x00010000
core   0: 0x80003ec0 (0xff000eb7) lui     t4, 0xff000
core   0: 3 0x80003ec0 (0xff000eb7) x29 0xff000000
core   0: 0x80003ec4 (0xfffe8e93) addi    t4, t4, -1
core   0: 3 0x80003ec4 (0xfffe8e93) x29 0xfeffffff
core   0: 0x80003ec8 (0x03df5fb3) divu    t6, t5, t4
core   0: 3 0x80003ec8 (0x03df5fb3) x31 0x00000000
core   0: 0x80003ecc (0x35f42823) sw      t6, 848(s0)
core   0: 3 0x80003ecc (0x35f42823) mem 0x80006cbc 0x00000000
core   0: 0x80003ed0 (0x00010f37) lui     t5, 0x10
core   0: 3 0x80003ed0 (0x00010f37) x30 0x00010000
core   0: 0x80003ed4 (0xfc000eb7) lui     t4, 0xfc000
core   0: 3 0x80003ed4 (0xfc000eb7) x29 0xfc000000
core   0: 0x80003ed8 (0xfffe8e93) addi    t4, t4, -1
core   0: 3 0x80003ed8 (0xfffe8e93) x29 0xfbffffff
core   0: 0x80003edc (0x03df5fb3) divu    t6, t5, t4
core   0: 3 0x80003edc (0x03df5fb3) x31 0x00000000
core   0: 0x80003ee0 (0x35f42a23) sw      t6, 852(s0)
core   0: 3 0x80003ee0 (0x35f42a23) mem 0x80006cc0 0x00000000
core   0: 0x80003ee4 (0x00010f37) lui     t5, 0x10
core   0: 3 0x80003ee4 (0x00010f37) x30 0x00010000
core   0: 0x80003ee8 (0xf8000eb7) lui     t4, 0xf8000
core   0: 3 0x80003ee8 (0xf8000eb7) x29 0xf8000000
core   0: 0x80003eec (0xfffe8e93) addi    t4, t4, -1
core   0: 3 0x80003eec (0xfffe8e93) x29 0xf7ffffff
core   0: 0x80003ef0 (0x03df5fb3) divu    t6, t5, t4
core   0: 3 0x80003ef0 (0x03df5fb3) x31 0x00000000
core   0: 0x80003ef4 (0x35f42c23) sw      t6, 856(s0)
core   0: 3 0x80003ef4 (0x35f42c23) mem 0x80006cc4 0x00000000
core   0: 0x80003ef8 (0x00010cb7) lui     s9, 0x10
core   0: 3 0x80003ef8 (0x00010cb7) x25 0x00010000
core   0: 0x80003efc (0x00010fb7) lui     t6, 0x10
core   0: 3 0x80003efc (0x00010fb7) x31 0x00010000
core   0: 0x80003f00 (0xffef8f93) addi    t6, t6, -2
core   0: 3 0x80003f00 (0xffef8f93) x31 0x0000fffe
core   0: 0x80003f04 (0x03fcd033) divu    zero, s9, t6
core   0: 3 0x80003f04 (0x03fcd033)
core   0: 0x80003f08 (0x34042e23) sw      zero, 860(s0)
core   0: 3 0x80003f08 (0x34042e23) mem 0x80006cc8 0x00000000
core   0: 0x80003f0c (0x00000013) nop
core   0: 3 0x80003f0c (0x00000013)
core   0: 0x80003f10 (0xaaaabfb7) lui     t6, 0xaaaab
core   0: 3 0x80003f10 (0xaaaabfb7) x31 0xaaaab000
core   0: 0x80003f14 (0xaabf8f93) addi    t6, t6, -1365
core   0: 3 0x80003f14 (0xaabf8f93) x31 0xaaaaaaab
core   0: 0x80003f18 (0x03f05fb3) divu    t6, zero, t6
core   0: 3 0x80003f18 (0x03f05fb3) x31 0x00000000
core   0: 0x80003f1c (0x37f42023) sw      t6, 864(s0)
core   0: 3 0x80003f1c (0x37f42023) mem 0x80006ccc 0x00000000
core   0: 0x80003f20 (0x00010db7) lui     s11, 0x10
core   0: 3 0x80003f20 (0x00010db7) x27 0x00010000
core   0: 0x80003f24 (0x33333d37) lui     s10, 0x33333
core   0: 3 0x80003f24 (0x33333d37) x26 0x33333000
core   0: 0x80003f28 (0x334d0d13) addi    s10, s10, 820
core   0: 3 0x80003f28 (0x334d0d13) x26 0x33333334
core   0: 0x80003f2c (0x03adddb3) divu    s11, s11, s10
core   0: 3 0x80003f2c (0x03adddb3) x27 0x00000000
core   0: 0x80003f30 (0x37b42223) sw      s11, 868(s0)
core   0: 3 0x80003f30 (0x37b42223) mem 0x80006cd0 0x00000000
core   0: 0x80003f34 (0x00000013) nop
core   0: 3 0x80003f34 (0x00000013)
core   0: 0x80003f38 (0x66666f37) lui     t5, 0x66666
core   0: 3 0x80003f38 (0x66666f37) x30 0x66666000
core   0: 0x80003f3c (0x667f0f13) addi    t5, t5, 1639
core   0: 3 0x80003f3c (0x667f0f13) x30 0x66666667
core   0: 0x80003f40 (0x03e05033) divu    zero, zero, t5
core   0: 3 0x80003f40 (0x03e05033)
core   0: 0x80003f44 (0x36042423) sw      zero, 872(s0)
core   0: 3 0x80003f44 (0x36042423) mem 0x80006cd4 0x00000000
core   0: 0x80003f48 (0x0200006f) j       pc + 0x20
core   0: 3 0x80003f48 (0x0200006f)
core   0: 0x80003f68 (0x00100093) li      ra, 1
core   0: 3 0x80003f68 (0x00100093) x1  0x00000001
core   0: 0x80003f6c (0x00000397) auipc   t2, 0x0
core   0: 3 0x80003f6c (0x00000397) x7  0x80003f6c
core   0: 0x80003f70 (0x0813aa23) sw      ra, 148(t2)
core   0: 3 0x80003f70 (0x0813aa23) mem 0x80004000 0x00000001
core   0: 0x80003f74 (0xff9ff06f) j       pc - 0x8
core   0: 3 0x80003f74 (0xff9ff06f)
core   0: 0x80003f6c (0x00000397) auipc   t2, 0x0
core   0: 3 0x80003f6c (0x00000397) x7  0x80003f6c
core   0: 0x80003f70 (0x0813aa23) sw      ra, 148(t2)
core   0: 3 0x80003f70 (0x0813aa23) mem 0x80004000 0x00000001
core   0: 0x80003f74 (0xff9ff06f) j       pc - 0x8
core   0: 3 0x80003f74 (0xff9ff06f)
core   0: 0x80003f6c (0x00000397) auipc   t2, 0x0
core   0: 3 0x80003f6c (0x00000397) x7  0x80003f6c
core   0: 0x80003f70 (0x0813aa23) sw      ra, 148(t2)
core   0: 3 0x80003f70 (0x0813aa23) mem 0x80004000 0x00000001
core   0: 0x80003f74 (0xff9ff06f) j       pc - 0x8
core   0: 3 0x80003f74 (0xff9ff06f)
core   0: 0x80003f6c (0x00000397) auipc   t2, 0x0
core   0: 3 0x80003f6c (0x00000397) x7  0x80003f6c
core   0: 0x80003f70 (0x0813aa23) sw      ra, 148(t2)
core   0: 3 0x80003f70 (0x0813aa23) mem 0x80004000 0x00000001
core   0: 0x80003f74 (0xff9ff06f) j       pc - 0x8
core   0: 3 0x80003f74 (0xff9ff06f)
core   0: 0x80003f6c (0x00000397) auipc   t2, 0x0
core   0: 3 0x80003f6c (0x00000397) x7  0x80003f6c
core   0: 0x80003f70 (0x0813aa23) sw      ra, 148(t2)
core   0: 3 0x80003f70 (0x0813aa23) mem 0x80004000 0x00000001
core   0: 0x80003f74 (0xff9ff06f) j       pc - 0x8
core   0: 3 0x80003f74 (0xff9ff06f)
core   0: 0x80003f6c (0x00000397) auipc   t2, 0x0
core   0: 3 0x80003f6c (0x00000397) x7  0x80003f6c
core   0: 0x80003f70 (0x0813aa23) sw      ra, 148(t2)
core   0: 3 0x80003f70 (0x0813aa23) mem 0x80004000 0x00000001
core   0: 0x80003f74 (0xff9ff06f) j       pc - 0x8
core   0: 3 0x80003f74 (0xff9ff06f)
core   0: 0x80003f6c (0x00000397) auipc   t2, 0x0
core   0: 3 0x80003f6c (0x00000397) x7  0x80003f6c
core   0: 0x80003f70 (0x0813aa23) sw      ra, 148(t2)
core   0: 3 0x80003f70 (0x0813aa23) mem 0x80004000 0x00000001
core   0: 0x80003f74 (0xff9ff06f) j       pc - 0x8
core   0: 3 0x80003f74 (0xff9ff06f)
core   0: 0x80003f6c (0x00000397) auipc   t2, 0x0
core   0: 3 0x80003f6c (0x00000397) x7  0x80003f6c
core   0: 0x80003f70 (0x0813aa23) sw      ra, 148(t2)
core   0: 3 0x80003f70 (0x0813aa23) mem 0x80004000 0x00000001
core   0: 0x80003f74 (0xff9ff06f) j       pc - 0x8
core   0: 3 0x80003f74 (0xff9ff06f)
core   0: 0x80003f6c (0x00000397) auipc   t2, 0x0
core   0: 3 0x80003f6c (0x00000397) x7  0x80003f6c
core   0: 0x80003f70 (0x0813aa23) sw      ra, 148(t2)
core   0: 3 0x80003f70 (0x0813aa23) mem 0x80004000 0x00000001
core   0: 0x80003f74 (0xff9ff06f) j       pc - 0x8
core   0: 3 0x80003f74 (0xff9ff06f)
core   0: 0x80003f6c (0x00000397) auipc   t2, 0x0
core   0: 3 0x80003f6c (0x00000397) x7  0x80003f6c
core   0: 0x80003f70 (0x0813aa23) sw      ra, 148(t2)
core   0: 3 0x80003f70 (0x0813aa23) mem 0x80004000 0x00000001
core   0: 0x80003f74 (0xff9ff06f) j       pc - 0x8
core   0: 3 0x80003f74 (0xff9ff06f)
core   0: 0x80003f6c (0x00000397) auipc   t2, 0x0
core   0: 3 0x80003f6c (0x00000397) x7  0x80003f6c
core   0: 0x80003f70 (0x0813aa23) sw      ra, 148(t2)
core   0: 3 0x80003f70 (0x0813aa23) mem 0x80004000 0x00000001
core   0: 0x80003f74 (0xff9ff06f) j       pc - 0x8
core   0: 3 0x80003f74 (0xff9ff06f)
core   0: 0x80003f6c (0x00000397) auipc   t2, 0x0
core   0: 3 0x80003f6c (0x00000397) x7  0x80003f6c
core   0: 0x80003f70 (0x0813aa23) sw      ra, 148(t2)
core   0: 3 0x80003f70 (0x0813aa23) mem 0x80004000 0x00000001
core   0: 0x80003f74 (0xff9ff06f) j       pc - 0x8
core   0: 3 0x80003f74 (0xff9ff06f)
core   0: 0x80003f6c (0x00000397) auipc   t2, 0x0
core   0: 3 0x80003f6c (0x00000397) x7  0x80003f6c
core   0: 0x80003f70 (0x0813aa23) sw      ra, 148(t2)
core   0: 3 0x80003f70 (0x0813aa23) mem 0x80004000 0x00000001
core   0: 0x80003f74 (0xff9ff06f) j       pc - 0x8
core   0: 3 0x80003f74 (0xff9ff06f)
core   0: 0x80003f6c (0x00000397) auipc   t2, 0x0
core   0: 3 0x80003f6c (0x00000397) x7  0x80003f6c
core   0: 0x80003f70 (0x0813aa23) sw      ra, 148(t2)
core   0: 3 0x80003f70 (0x0813aa23) mem 0x80004000 0x00000001
core   0: 0x80003f74 (0xff9ff06f) j       pc - 0x8
core   0: 3 0x80003f74 (0xff9ff06f)
core   0: 0x80003f6c (0x00000397) auipc   t2, 0x0
core   0: 3 0x80003f6c (0x00000397) x7  0x80003f6c
core   0: 0x80003f70 (0x0813aa23) sw      ra, 148(t2)
core   0: 3 0x80003f70 (0x0813aa23) mem 0x80004000 0x00000001
core   0: 0x80003f74 (0xff9ff06f) j       pc - 0x8
core   0: 3 0x80003f74 (0xff9ff06f)
core   0: 0x80003f6c (0x00000397) auipc   t2, 0x0
core   0: 3 0x80003f6c (0x00000397) x7  0x80003f6c
core   0: 0x80003f70 (0x0813aa23) sw      ra, 148(t2)
core   0: 3 0x80003f70 (0x0813aa23) mem 0x80004000 0x00000001
core   0: 0x80003f74 (0xff9ff06f) j       pc - 0x8
core   0: 3 0x80003f74 (0xff9ff06f)
core   0: 0x80003f6c (0x00000397) auipc   t2, 0x0
core   0: 3 0x80003f6c (0x00000397) x7  0x80003f6c
core   0: 0x80003f70 (0x0813aa23) sw      ra, 148(t2)
core   0: 3 0x80003f70 (0x0813aa23) mem 0x80004000 0x00000001
core   0: 0x80003f74 (0xff9ff06f) j       pc - 0x8
core   0: 3 0x80003f74 (0xff9ff06f)
core   0: 0x80003f6c (0x00000397) auipc   t2, 0x0
core   0: 3 0x80003f6c (0x00000397) x7  0x80003f6c
core   0: 0x80003f70 (0x0813aa23) sw      ra, 148(t2)
core   0: 3 0x80003f70 (0x0813aa23) mem 0x80004000 0x00000001
core   0: 0x80003f74 (0xff9ff06f) j       pc - 0x8
core   0: 3 0x80003f74 (0xff9ff06f)
core   0: 0x80003f6c (0x00000397) auipc   t2, 0x0
core   0: 3 0x80003f6c (0x00000397) x7  0x80003f6c
core   0: 0x80003f70 (0x0813aa23) sw      ra, 148(t2)
core   0: 3 0x80003f70 (0x0813aa23) mem 0x80004000 0x00000001
core   0: 0x80003f74 (0xff9ff06f) j       pc - 0x8
core   0: 3 0x80003f74 (0xff9ff06f)
core   0: 0x80003f6c (0x00000397) auipc   t2, 0x0
core   0: 3 0x80003f6c (0x00000397) x7  0x80003f6c
core   0: 0x80003f70 (0x0813aa23) sw      ra, 148(t2)
core   0: 3 0x80003f70 (0x0813aa23) mem 0x80004000 0x00000001
core   0: 0x80003f74 (0xff9ff06f) j       pc - 0x8
core   0: 3 0x80003f74 (0xff9ff06f)
core   0: 0x80003f6c (0x00000397) auipc   t2, 0x0
core   0: 3 0x80003f6c (0x00000397) x7  0x80003f6c
core   0: 0x80003f70 (0x0813aa23) sw      ra, 148(t2)
core   0: 3 0x80003f70 (0x0813aa23) mem 0x80004000 0x00000001
core   0: 0x80003f74 (0xff9ff06f) j       pc - 0x8
core   0: 3 0x80003f74 (0xff9ff06f)
core   0: 0x80003f6c (0x00000397) auipc   t2, 0x0
core   0: 3 0x80003f6c (0x00000397) x7  0x80003f6c
core   0: 0x80003f70 (0x0813aa23) sw      ra, 148(t2)
core   0: 3 0x80003f70 (0x0813aa23) mem 0x80004000 0x00000001
core   0: 0x80003f74 (0xff9ff06f) j       pc - 0x8
core   0: 3 0x80003f74 (0xff9ff06f)
core   0: 0x80003f6c (0x00000397) auipc   t2, 0x0
core   0: 3 0x80003f6c (0x00000397) x7  0x80003f6c
core   0: 0x80003f70 (0x0813aa23) sw      ra, 148(t2)
core   0: 3 0x80003f70 (0x0813aa23) mem 0x80004000 0x00000001
core   0: 0x80003f74 (0xff9ff06f) j       pc - 0x8
core   0: 3 0x80003f74 (0xff9ff06f)
core   0: 0x80003f6c (0x00000397) auipc   t2, 0x0
core   0: 3 0x80003f6c (0x00000397) x7  0x80003f6c
core   0: 0x80003f70 (0x0813aa23) sw      ra, 148(t2)
core   0: 3 0x80003f70 (0x0813aa23) mem 0x80004000 0x00000001
core   0: 0x80003f74 (0xff9ff06f) j       pc - 0x8
core   0: 3 0x80003f74 (0xff9ff06f)
core   0: 0x80003f6c (0x00000397) auipc   t2, 0x0
core   0: 3 0x80003f6c (0x00000397) x7  0x80003f6c
core   0: 0x80003f70 (0x0813aa23) sw      ra, 148(t2)
core   0: 3 0x80003f70 (0x0813aa23) mem 0x80004000 0x00000001
core   0: 0x80003f74 (0xff9ff06f) j       pc - 0x8
core   0: 3 0x80003f74 (0xff9ff06f)
core   0: 0x80003f6c (0x00000397) auipc   t2, 0x0
core   0: 3 0x80003f6c (0x00000397) x7  0x80003f6c
core   0: 0x80003f70 (0x0813aa23) sw      ra, 148(t2)
core   0: 3 0x80003f70 (0x0813aa23) mem 0x80004000 0x00000001
core   0: 0x80003f74 (0xff9ff06f) j       pc - 0x8
core   0: 3 0x80003f74 (0xff9ff06f)
core   0: 0x80003f6c (0x00000397) auipc   t2, 0x0
core   0: 3 0x80003f6c (0x00000397) x7  0x80003f6c
core   0: 0x80003f70 (0x0813aa23) sw      ra, 148(t2)
core   0: 3 0x80003f70 (0x0813aa23) mem 0x80004000 0x00000001
core   0: 0x80003f74 (0xff9ff06f) j       pc - 0x8
core   0: 3 0x80003f74 (0xff9ff06f)
core   0: 0x80003f6c (0x00000397) auipc   t2, 0x0
core   0: 3 0x80003f6c (0x00000397) x7  0x80003f6c
core   0: 0x80003f70 (0x0813aa23) sw      ra, 148(t2)
core   0: 3 0x80003f70 (0x0813aa23) mem 0x80004000 0x00000001
core   0: 0x80003f74 (0xff9ff06f) j       pc - 0x8
core   0: 3 0x80003f74 (0xff9ff06f)
core   0: 0x80003f6c (0x00000397) auipc   t2, 0x0
core   0: 3 0x80003f6c (0x00000397) x7  0x80003f6c
core   0: 0x80003f70 (0x0813aa23) sw      ra, 148(t2)
core   0: 3 0x80003f70 (0x0813aa23) mem 0x80004000 0x00000001
core   0: 0x80003f74 (0xff9ff06f) j       pc - 0x8
core   0: 3 0x80003f74 (0xff9ff06f)
core   0: 0x80003f6c (0x00000397) auipc   t2, 0x0
core   0: 3 0x80003f6c (0x00000397) x7  0x80003f6c
core   0: 0x80003f70 (0x0813aa23) sw      ra, 148(t2)
core   0: 3 0x80003f70 (0x0813aa23) mem 0x80004000 0x00000001
core   0: 0x80003f74 (0xff9ff06f) j       pc - 0x8
core   0: 3 0x80003f74 (0xff9ff06f)
core   0: 0x80003f6c (0x00000397) auipc   t2, 0x0
core   0: 3 0x80003f6c (0x00000397) x7  0x80003f6c
core   0: 0x80003f70 (0x0813aa23) sw      ra, 148(t2)
core   0: 3 0x80003f70 (0x0813aa23) mem 0x80004000 0x00000001
core   0: 0x80003f74 (0xff9ff06f) j       pc - 0x8
core   0: 3 0x80003f74 (0xff9ff06f)
core   0: 0x80003f6c (0x00000397) auipc   t2, 0x0
core   0: 3 0x80003f6c (0x00000397) x7  0x80003f6c
core   0: 0x80003f70 (0x0813aa23) sw      ra, 148(t2)
core   0: 3 0x80003f70 (0x0813aa23) mem 0x80004000 0x00000001
core   0: 0x80003f74 (0xff9ff06f) j       pc - 0x8
core   0: 3 0x80003f74 (0xff9ff06f)
core   0: 0x80003f6c (0x00000397) auipc   t2, 0x0
core   0: 3 0x80003f6c (0x00000397) x7  0x80003f6c
core   0: 0x80003f70 (0x0813aa23) sw      ra, 148(t2)
core   0: 3 0x80003f70 (0x0813aa23) mem 0x80004000 0x00000001
core   0: 0x80003f74 (0xff9ff06f) j       pc - 0x8
core   0: 3 0x80003f74 (0xff9ff06f)
core   0: 0x80003f6c (0x00000397) auipc   t2, 0x0
core   0: 3 0x80003f6c (0x00000397) x7  0x80003f6c
core   0: 0x80003f70 (0x0813aa23) sw      ra, 148(t2)
core   0: 3 0x80003f70 (0x0813aa23) mem 0x80004000 0x00000001
core   0: 0x80003f74 (0xff9ff06f) j       pc - 0x8
core   0: 3 0x80003f74 (0xff9ff06f)
core   0: 0x80003f6c (0x00000397) auipc   t2, 0x0
core   0: 3 0x80003f6c (0x00000397) x7  0x80003f6c
core   0: 0x80003f70 (0x0813aa23) sw      ra, 148(t2)
core   0: 3 0x80003f70 (0x0813aa23) mem 0x80004000 0x00000001
core   0: 0x80003f74 (0xff9ff06f) j       pc - 0x8
core   0: 3 0x80003f74 (0xff9ff06f)
core   0: 0x80003f6c (0x00000397) auipc   t2, 0x0
core   0: 3 0x80003f6c (0x00000397) x7  0x80003f6c
core   0: 0x80003f70 (0x0813aa23) sw      ra, 148(t2)
core   0: 3 0x80003f70 (0x0813aa23) mem 0x80004000 0x00000001
core   0: 0x80003f74 (0xff9ff06f) j       pc - 0x8
core   0: 3 0x80003f74 (0xff9ff06f)
core   0: 0x80003f6c (0x00000397) auipc   t2, 0x0
core   0: 3 0x80003f6c (0x00000397) x7  0x80003f6c
core   0: 0x80003f70 (0x0813aa23) sw      ra, 148(t2)
core   0: 3 0x80003f70 (0x0813aa23) mem 0x80004000 0x00000001
core   0: 0x80003f74 (0xff9ff06f) j       pc - 0x8
core   0: 3 0x80003f74 (0xff9ff06f)
core   0: 0x80003f6c (0x00000397) auipc   t2, 0x0
core   0: 3 0x80003f6c (0x00000397) x7  0x80003f6c
core   0: 0x80003f70 (0x0813aa23) sw      ra, 148(t2)
core   0: 3 0x80003f70 (0x0813aa23) mem 0x80004000 0x00000001
core   0: 0x80003f74 (0xff9ff06f) j       pc - 0x8
core   0: 3 0x80003f74 (0xff9ff06f)
core   0: 0x80003f6c (0x00000397) auipc   t2, 0x0
core   0: 3 0x80003f6c (0x00000397) x7  0x80003f6c
core   0: 0x80003f70 (0x0813aa23) sw      ra, 148(t2)
core   0: 3 0x80003f70 (0x0813aa23) mem 0x80004000 0x00000001
core   0: 0x80003f74 (0xff9ff06f) j       pc - 0x8
core   0: 3 0x80003f74 (0xff9ff06f)
core   0: 0x80003f6c (0x00000397) auipc   t2, 0x0
core   0: 3 0x80003f6c (0x00000397) x7  0x80003f6c
core   0: 0x80003f70 (0x0813aa23) sw      ra, 148(t2)
core   0: 3 0x80003f70 (0x0813aa23) mem 0x80004000 0x00000001
core   0: 0x80003f74 (0xff9ff06f) j       pc - 0x8
core   0: 3 0x80003f74 (0xff9ff06f)
core   0: 0x80003f6c (0x00000397) auipc   t2, 0x0
core   0: 3 0x80003f6c (0x00000397) x7  0x80003f6c
core   0: 0x80003f70 (0x0813aa23) sw      ra, 148(t2)
core   0: 3 0x80003f70 (0x0813aa23) mem 0x80004000 0x00000001
core   0: 0x80003f74 (0xff9ff06f) j       pc - 0x8
core   0: 3 0x80003f74 (0xff9ff06f)
core   0: 0x80003f6c (0x00000397) auipc   t2, 0x0
core   0: 3 0x80003f6c (0x00000397) x7  0x80003f6c
core   0: 0x80003f70 (0x0813aa23) sw      ra, 148(t2)
core   0: 3 0x80003f70 (0x0813aa23) mem 0x80004000 0x00000001
core   0: 0x80003f74 (0xff9ff06f) j       pc - 0x8
core   0: 3 0x80003f74 (0xff9ff06f)
core   0: 0x80003f6c (0x00000397) auipc   t2, 0x0
core   0: 3 0x80003f6c (0x00000397) x7  0x80003f6c
core   0: 0x80003f70 (0x0813aa23) sw      ra, 148(t2)
core   0: 3 0x80003f70 (0x0813aa23) mem 0x80004000 0x00000001
core   0: 0x80003f74 (0xff9ff06f) j       pc - 0x8
core   0: 3 0x80003f74 (0xff9ff06f)
core   0: 0x80003f6c (0x00000397) auipc   t2, 0x0
core   0: 3 0x80003f6c (0x00000397) x7  0x80003f6c
core   0: 0x80003f70 (0x0813aa23) sw      ra, 148(t2)
core   0: 3 0x80003f70 (0x0813aa23) mem 0x80004000 0x00000001
core   0: 0x80003f74 (0xff9ff06f) j       pc - 0x8
core   0: 3 0x80003f74 (0xff9ff06f)
core   0: 0x80003f6c (0x00000397) auipc   t2, 0x0
core   0: 3 0x80003f6c (0x00000397) x7  0x80003f6c
core   0: 0x80003f70 (0x0813aa23) sw      ra, 148(t2)
core   0: 3 0x80003f70 (0x0813aa23) mem 0x80004000 0x00000001
core   0: 0x80003f74 (0xff9ff06f) j       pc - 0x8
core   0: 3 0x80003f74 (0xff9ff06f)
core   0: 0x80003f6c (0x00000397) auipc   t2, 0x0
core   0: 3 0x80003f6c (0x00000397) x7  0x80003f6c
core   0: 0x80003f70 (0x0813aa23) sw      ra, 148(t2)
core   0: 3 0x80003f70 (0x0813aa23) mem 0x80004000 0x00000001
core   0: 0x80003f74 (0xff9ff06f) j       pc - 0x8
core   0: 3 0x80003f74 (0xff9ff06f)
core   0: 0x80003f6c (0x00000397) auipc   t2, 0x0
core   0: 3 0x80003f6c (0x00000397) x7  0x80003f6c
core   0: 0x80003f70 (0x0813aa23) sw      ra, 148(t2)
core   0: 3 0x80003f70 (0x0813aa23) mem 0x80004000 0x00000001
core   0: 0x80003f74 (0xff9ff06f) j       pc - 0x8
core   0: 3 0x80003f74 (0xff9ff06f)
core   0: 0x80003f6c (0x00000397) auipc   t2, 0x0
core   0: 3 0x80003f6c (0x00000397) x7  0x80003f6c
core   0: 0x80003f70 (0x0813aa23) sw      ra, 148(t2)
core   0: 3 0x80003f70 (0x0813aa23) mem 0x80004000 0x00000001
core   0: 0x80003f74 (0xff9ff06f) j       pc - 0x8
core   0: 3 0x80003f74 (0xff9ff06f)
core   0: 0x80003f6c (0x00000397) auipc   t2, 0x0
core   0: 3 0x80003f6c (0x00000397) x7  0x80003f6c
core   0: 0x80003f70 (0x0813aa23) sw      ra, 148(t2)
core   0: 3 0x80003f70 (0x0813aa23) mem 0x80004000 0x00000001
core   0: 0x80003f74 (0xff9ff06f) j       pc - 0x8
core   0: 3 0x80003f74 (0xff9ff06f)
core   0: 0x80003f6c (0x00000397) auipc   t2, 0x0
core   0: 3 0x80003f6c (0x00000397) x7  0x80003f6c
core   0: 0x80003f70 (0x0813aa23) sw      ra, 148(t2)
core   0: 3 0x80003f70 (0x0813aa23) mem 0x80004000 0x00000001
core   0: 0x80003f74 (0xff9ff06f) j       pc - 0x8
core   0: 3 0x80003f74 (0xff9ff06f)
core   0: 0x80003f6c (0x00000397) auipc   t2, 0x0
core   0: 3 0x80003f6c (0x00000397) x7  0x80003f6c
core   0: 0x80003f70 (0x0813aa23) sw      ra, 148(t2)
core   0: 3 0x80003f70 (0x0813aa23) mem 0x80004000 0x00000001
core   0: 0x80003f74 (0xff9ff06f) j       pc - 0x8
core   0: 3 0x80003f74 (0xff9ff06f)
core   0: 0x80003f6c (0x00000397) auipc   t2, 0x0
core   0: 3 0x80003f6c (0x00000397) x7  0x80003f6c
core   0: 0x80003f70 (0x0813aa23) sw      ra, 148(t2)
core   0: 3 0x80003f70 (0x0813aa23) mem 0x80004000 0x00000001
core   0: 0x80003f74 (0xff9ff06f) j       pc - 0x8
core   0: 3 0x80003f74 (0xff9ff06f)
core   0: 0x80003f6c (0x00000397) auipc   t2, 0x0
core   0: 3 0x80003f6c (0x00000397) x7  0x80003f6c
core   0: 0x80003f70 (0x0813aa23) sw      ra, 148(t2)
core   0: 3 0x80003f70 (0x0813aa23) mem 0x80004000 0x00000001
core   0: 0x80003f74 (0xff9ff06f) j       pc - 0x8
core   0: 3 0x80003f74 (0xff9ff06f)
core   0: 0x80003f6c (0x00000397) auipc   t2, 0x0
core   0: 3 0x80003f6c (0x00000397) x7  0x80003f6c
core   0: 0x80003f70 (0x0813aa23) sw      ra, 148(t2)
core   0: 3 0x80003f70 (0x0813aa23) mem 0x80004000 0x00000001
core   0: 0x80003f74 (0xff9ff06f) j       pc - 0x8
core   0: 3 0x80003f74 (0xff9ff06f)
core   0: 0x80003f6c (0x00000397) auipc   t2, 0x0
core   0: 3 0x80003f6c (0x00000397) x7  0x80003f6c
core   0: 0x80003f70 (0x0813aa23) sw      ra, 148(t2)
core   0: 3 0x80003f70 (0x0813aa23) mem 0x80004000 0x00000001
core   0: 0x80003f74 (0xff9ff06f) j       pc - 0x8
core   0: 3 0x80003f74 (0xff9ff06f)
core   0: 0x80003f6c (0x00000397) auipc   t2, 0x0
core   0: 3 0x80003f6c (0x00000397) x7  0x80003f6c
core   0: 0x80003f70 (0x0813aa23) sw      ra, 148(t2)
core   0: 3 0x80003f70 (0x0813aa23) mem 0x80004000 0x00000001
core   0: 0x80003f74 (0xff9ff06f) j       pc - 0x8
core   0: 3 0x80003f74 (0xff9ff06f)
core   0: 0x80003f6c (0x00000397) auipc   t2, 0x0
core   0: 3 0x80003f6c (0x00000397) x7  0x80003f6c
core   0: 0x80003f70 (0x0813aa23) sw      ra, 148(t2)
core   0: 3 0x80003f70 (0x0813aa23) mem 0x80004000 0x00000001
core   0: 0x80003f74 (0xff9ff06f) j       pc - 0x8
core   0: 3 0x80003f74 (0xff9ff06f)
core   0: 0x80003f6c (0x00000397) auipc   t2, 0x0
core   0: 3 0x80003f6c (0x00000397) x7  0x80003f6c
core   0: 0x80003f70 (0x0813aa23) sw      ra, 148(t2)
core   0: 3 0x80003f70 (0x0813aa23) mem 0x80004000 0x00000001
core   0: 0x80003f74 (0xff9ff06f) j       pc - 0x8
core   0: 3 0x80003f74 (0xff9ff06f)
core   0: 0x80003f6c (0x00000397) auipc   t2, 0x0
core   0: 3 0x80003f6c (0x00000397) x7  0x80003f6c
core   0: 0x80003f70 (0x0813aa23) sw      ra, 148(t2)
core   0: 3 0x80003f70 (0x0813aa23) mem 0x80004000 0x00000001
core   0: 0x80003f74 (0xff9ff06f) j       pc - 0x8
core   0: 3 0x80003f74 (0xff9ff06f)
core   0: 0x80003f6c (0x00000397) auipc   t2, 0x0
core   0: 3 0x80003f6c (0x00000397) x7  0x80003f6c
core   0: 0x80003f70 (0x0813aa23) sw      ra, 148(t2)
core   0: 3 0x80003f70 (0x0813aa23) mem 0x80004000 0x00000001
core   0: 0x80003f74 (0xff9ff06f) j       pc - 0x8
core   0: 3 0x80003f74 (0xff9ff06f)
core   0: 0x80003f6c (0x00000397) auipc   t2, 0x0
core   0: 3 0x80003f6c (0x00000397) x7  0x80003f6c
core   0: 0x80003f70 (0x0813aa23) sw      ra, 148(t2)
core   0: 3 0x80003f70 (0x0813aa23) mem 0x80004000 0x00000001
core   0: 0x80003f74 (0xff9ff06f) j       pc - 0x8
core   0: 3 0x80003f74 (0xff9ff06f)
core   0: 0x80003f6c (0x00000397) auipc   t2, 0x0
core   0: 3 0x80003f6c (0x00000397) x7  0x80003f6c
core   0: 0x80003f70 (0x0813aa23) sw      ra, 148(t2)
core   0: 3 0x80003f70 (0x0813aa23) mem 0x80004000 0x00000001
core   0: 0x80003f74 (0xff9ff06f) j       pc - 0x8
core   0: 3 0x80003f74 (0xff9ff06f)
core   0: 0x80003f6c (0x00000397) auipc   t2, 0x0
core   0: 3 0x80003f6c (0x00000397) x7  0x80003f6c
core   0: 0x80003f70 (0x0813aa23) sw      ra, 148(t2)
core   0: 3 0x80003f70 (0x0813aa23) mem 0x80004000 0x00000001
core   0: 0x80003f74 (0xff9ff06f) j       pc - 0x8
core   0: 3 0x80003f74 (0xff9ff06f)
core   0: 0x80003f6c (0x00000397) auipc   t2, 0x0
core   0: 3 0x80003f6c (0x00000397) x7  0x80003f6c
core   0: 0x80003f70 (0x0813aa23) sw      ra, 148(t2)
core   0: 3 0x80003f70 (0x0813aa23) mem 0x80004000 0x00000001
core   0: 0x80003f74 (0xff9ff06f) j       pc - 0x8
core   0: 3 0x80003f74 (0xff9ff06f)
core   0: 0x80003f6c (0x00000397) auipc   t2, 0x0
core   0: 3 0x80003f6c (0x00000397) x7  0x80003f6c
core   0: 0x80003f70 (0x0813aa23) sw      ra, 148(t2)
core   0: 3 0x80003f70 (0x0813aa23) mem 0x80004000 0x00000001
core   0: 0x80003f74 (0xff9ff06f) j       pc - 0x8
core   0: 3 0x80003f74 (0xff9ff06f)
core   0: 0x80003f6c (0x00000397) auipc   t2, 0x0
core   0: 3 0x80003f6c (0x00000397) x7  0x80003f6c
core   0: 0x80003f70 (0x0813aa23) sw      ra, 148(t2)
core   0: 3 0x80003f70 (0x0813aa23) mem 0x80004000 0x00000001
core   0: 0x80003f74 (0xff9ff06f) j       pc - 0x8
core   0: 3 0x80003f74 (0xff9ff06f)
core   0: 0x80003f6c (0x00000397) auipc   t2, 0x0
core   0: 3 0x80003f6c (0x00000397) x7  0x80003f6c
core   0: 0x80003f70 (0x0813aa23) sw      ra, 148(t2)
core   0: 3 0x80003f70 (0x0813aa23) mem 0x80004000 0x00000001
core   0: 0x80003f74 (0xff9ff06f) j       pc - 0x8
core   0: 3 0x80003f74 (0xff9ff06f)
core   0: 0x80003f6c (0x00000397) auipc   t2, 0x0
core   0: 3 0x80003f6c (0x00000397) x7  0x80003f6c
core   0: 0x80003f70 (0x0813aa23) sw      ra, 148(t2)
core   0: 3 0x80003f70 (0x0813aa23) mem 0x80004000 0x00000001
core   0: 0x80003f74 (0xff9ff06f) j       pc - 0x8
core   0: 3 0x80003f74 (0xff9ff06f)
core   0: 0x80003f6c (0x00000397) auipc   t2, 0x0
core   0: 3 0x80003f6c (0x00000397) x7  0x80003f6c
core   0: 0x80003f70 (0x0813aa23) sw      ra, 148(t2)
core   0: 3 0x80003f70 (0x0813aa23) mem 0x80004000 0x00000001
core   0: 0x80003f74 (0xff9ff06f) j       pc - 0x8
core   0: 3 0x80003f74 (0xff9ff06f)
core   0: 0x80003f6c (0x00000397) auipc   t2, 0x0
core   0: 3 0x80003f6c (0x00000397) x7  0x80003f6c
core   0: 0x80003f70 (0x0813aa23) sw      ra, 148(t2)
core   0: 3 0x80003f70 (0x0813aa23) mem 0x80004000 0x00000001
core   0: 0x80003f74 (0xff9ff06f) j       pc - 0x8
core   0: 3 0x80003f74 (0xff9ff06f)
core   0: 0x80003f6c (0x00000397) auipc   t2, 0x0
core   0: 3 0x80003f6c (0x00000397) x7  0x80003f6c
core   0: 0x80003f70 (0x0813aa23) sw      ra, 148(t2)
core   0: 3 0x80003f70 (0x0813aa23) mem 0x80004000 0x00000001
core   0: 0x80003f74 (0xff9ff06f) j       pc - 0x8
core   0: 3 0x80003f74 (0xff9ff06f)
core   0: 0x80003f6c (0x00000397) auipc   t2, 0x0
core   0: 3 0x80003f6c (0x00000397) x7  0x80003f6c
core   0: 0x80003f70 (0x0813aa23) sw      ra, 148(t2)
core   0: 3 0x80003f70 (0x0813aa23) mem 0x80004000 0x00000001
core   0: 0x80003f74 (0xff9ff06f) j       pc - 0x8
core   0: 3 0x80003f74 (0xff9ff06f)
core   0: 0x80003f6c (0x00000397) auipc   t2, 0x0
core   0: 3 0x80003f6c (0x00000397) x7  0x80003f6c
core   0: 0x80003f70 (0x0813aa23) sw      ra, 148(t2)
core   0: 3 0x80003f70 (0x0813aa23) mem 0x80004000 0x00000001
core   0: 0x80003f74 (0xff9ff06f) j       pc - 0x8
core   0: 3 0x80003f74 (0xff9ff06f)
core   0: 0x80003f6c (0x00000397) auipc   t2, 0x0
core   0: 3 0x80003f6c (0x00000397) x7  0x80003f6c
core   0: 0x80003f70 (0x0813aa23) sw      ra, 148(t2)
core   0: 3 0x80003f70 (0x0813aa23) mem 0x80004000 0x00000001
core   0: 0x80003f74 (0xff9ff06f) j       pc - 0x8
core   0: 3 0x80003f74 (0xff9ff06f)
core   0: 0x80003f6c (0x00000397) auipc   t2, 0x0
core   0: 3 0x80003f6c (0x00000397) x7  0x80003f6c
core   0: 0x80003f70 (0x0813aa23) sw      ra, 148(t2)
core   0: 3 0x80003f70 (0x0813aa23) mem 0x80004000 0x00000001
core   0: 0x80003f74 (0xff9ff06f) j       pc - 0x8
core   0: 3 0x80003f74 (0xff9ff06f)
core   0: 0x80003f6c (0x00000397) auipc   t2, 0x0
core   0: 3 0x80003f6c (0x00000397) x7  0x80003f6c
core   0: 0x80003f70 (0x0813aa23) sw      ra, 148(t2)
core   0: 3 0x80003f70 (0x0813aa23) mem 0x80004000 0x00000001
core   0: 0x80003f74 (0xff9ff06f) j       pc - 0x8
core   0: 3 0x80003f74 (0xff9ff06f)
core   0: 0x80003f6c (0x00000397) auipc   t2, 0x0
core   0: 3 0x80003f6c (0x00000397) x7  0x80003f6c
core   0: 0x80003f70 (0x0813aa23) sw      ra, 148(t2)
core   0: 3 0x80003f70 (0x0813aa23) mem 0x80004000 0x00000001
core   0: 0x80003f74 (0xff9ff06f) j       pc - 0x8
core   0: 3 0x80003f74 (0xff9ff06f)
core   0: 0x80003f6c (0x00000397) auipc   t2, 0x0
core   0: 3 0x80003f6c (0x00000397) x7  0x80003f6c
core   0: 0x80003f70 (0x0813aa23) sw      ra, 148(t2)
core   0: 3 0x80003f70 (0x0813aa23) mem 0x80004000 0x00000001
core   0: 0x80003f74 (0xff9ff06f) j       pc - 0x8
core   0: 3 0x80003f74 (0xff9ff06f)
core   0: 0x80003f6c (0x00000397) auipc   t2, 0x0
core   0: 3 0x80003f6c (0x00000397) x7  0x80003f6c
core   0: 0x80003f70 (0x0813aa23) sw      ra, 148(t2)
core   0: 3 0x80003f70 (0x0813aa23) mem 0x80004000 0x00000001
core   0: 0x80003f74 (0xff9ff06f) j       pc - 0x8
core   0: 3 0x80003f74 (0xff9ff06f)
core   0: 0x80003f6c (0x00000397) auipc   t2, 0x0
core   0: 3 0x80003f6c (0x00000397) x7  0x80003f6c
core   0: 0x80003f70 (0x0813aa23) sw      ra, 148(t2)
core   0: 3 0x80003f70 (0x0813aa23) mem 0x80004000 0x00000001
core   0: 0x80003f74 (0xff9ff06f) j       pc - 0x8
core   0: 3 0x80003f74 (0xff9ff06f)
core   0: 0x80003f6c (0x00000397) auipc   t2, 0x0
core   0: 3 0x80003f6c (0x00000397) x7  0x80003f6c
core   0: 0x80003f70 (0x0813aa23) sw      ra, 148(t2)
core   0: 3 0x80003f70 (0x0813aa23) mem 0x80004000 0x00000001
core   0: 0x80003f74 (0xff9ff06f) j       pc - 0x8
core   0: 3 0x80003f74 (0xff9ff06f)
core   0: 0x80003f6c (0x00000397) auipc   t2, 0x0
core   0: 3 0x80003f6c (0x00000397) x7  0x80003f6c
core   0: 0x80003f70 (0x0813aa23) sw      ra, 148(t2)
core   0: 3 0x80003f70 (0x0813aa23) mem 0x80004000 0x00000001
core   0: 0x80003f74 (0xff9ff06f) j       pc - 0x8
core   0: 3 0x80003f74 (0xff9ff06f)
core   0: 0x80003f6c (0x00000397) auipc   t2, 0x0
core   0: 3 0x80003f6c (0x00000397) x7  0x80003f6c
core   0: 0x80003f70 (0x0813aa23) sw      ra, 148(t2)
core   0: 3 0x80003f70 (0x0813aa23) mem 0x80004000 0x00000001
core   0: 0x80003f74 (0xff9ff06f) j       pc - 0x8
core   0: 3 0x80003f74 (0xff9ff06f)
core   0: 0x80003f6c (0x00000397) auipc   t2, 0x0
core   0: 3 0x80003f6c (0x00000397) x7  0x80003f6c
core   0: 0x80003f70 (0x0813aa23) sw      ra, 148(t2)
core   0: 3 0x80003f70 (0x0813aa23) mem 0x80004000 0x00000001
core   0: 0x80003f74 (0xff9ff06f) j       pc - 0x8
core   0: 3 0x80003f74 (0xff9ff06f)
core   0: 0x80003f6c (0x00000397) auipc   t2, 0x0
core   0: 3 0x80003f6c (0x00000397) x7  0x80003f6c
core   0: 0x80003f70 (0x0813aa23) sw      ra, 148(t2)
core   0: 3 0x80003f70 (0x0813aa23) mem 0x80004000 0x00000001
core   0: 0x80003f74 (0xff9ff06f) j       pc - 0x8
core   0: 3 0x80003f74 (0xff9ff06f)
core   0: 0x80003f6c (0x00000397) auipc   t2, 0x0
core   0: 3 0x80003f6c (0x00000397) x7  0x80003f6c
core   0: 0x80003f70 (0x0813aa23) sw      ra, 148(t2)
core   0: 3 0x80003f70 (0x0813aa23) mem 0x80004000 0x00000001
core   0: 0x80003f74 (0xff9ff06f) j       pc - 0x8
core   0: 3 0x80003f74 (0xff9ff06f)
core   0: 0x80003f6c (0x00000397) auipc   t2, 0x0
core   0: 3 0x80003f6c (0x00000397) x7  0x80003f6c
core   0: 0x80003f70 (0x0813aa23) sw      ra, 148(t2)
core   0: 3 0x80003f70 (0x0813aa23) mem 0x80004000 0x00000001
core   0: 0x80003f74 (0xff9ff06f) j       pc - 0x8
core   0: 3 0x80003f74 (0xff9ff06f)
core   0: 0x80003f6c (0x00000397) auipc   t2, 0x0
core   0: 3 0x80003f6c (0x00000397) x7  0x80003f6c
core   0: 0x80003f70 (0x0813aa23) sw      ra, 148(t2)
core   0: 3 0x80003f70 (0x0813aa23) mem 0x80004000 0x00000001
core   0: 0x80003f74 (0xff9ff06f) j       pc - 0x8
core   0: 3 0x80003f74 (0xff9ff06f)
core   0: 0x80003f6c (0x00000397) auipc   t2, 0x0
core   0: 3 0x80003f6c (0x00000397) x7  0x80003f6c
core   0: 0x80003f70 (0x0813aa23) sw      ra, 148(t2)
core   0: 3 0x80003f70 (0x0813aa23) mem 0x80004000 0x00000001
core   0: 0x80003f74 (0xff9ff06f) j       pc - 0x8
core   0: 3 0x80003f74 (0xff9ff06f)
core   0: 0x80003f6c (0x00000397) auipc   t2, 0x0
core   0: 3 0x80003f6c (0x00000397) x7  0x80003f6c
core   0: 0x80003f70 (0x0813aa23) sw      ra, 148(t2)
core   0: 3 0x80003f70 (0x0813aa23) mem 0x80004000 0x00000001
core   0: 0x80003f74 (0xff9ff06f) j       pc - 0x8
core   0: 3 0x80003f74 (0xff9ff06f)
core   0: 0x80003f6c (0x00000397) auipc   t2, 0x0
core   0: 3 0x80003f6c (0x00000397) x7  0x80003f6c
core   0: 0x80003f70 (0x0813aa23) sw      ra, 148(t2)
core   0: 3 0x80003f70 (0x0813aa23) mem 0x80004000 0x00000001
core   0: 0x80003f74 (0xff9ff06f) j       pc - 0x8
core   0: 3 0x80003f74 (0xff9ff06f)
core   0: 0x80003f6c (0x00000397) auipc   t2, 0x0
core   0: 3 0x80003f6c (0x00000397) x7  0x80003f6c
core   0: 0x80003f70 (0x0813aa23) sw      ra, 148(t2)
core   0: 3 0x80003f70 (0x0813aa23) mem 0x80004000 0x00000001
core   0: 0x80003f74 (0xff9ff06f) j       pc - 0x8
core   0: 3 0x80003f74 (0xff9ff06f)
core   0: 0x80003f6c (0x00000397) auipc   t2, 0x0
core   0: 3 0x80003f6c (0x00000397) x7  0x80003f6c
core   0: 0x80003f70 (0x0813aa23) sw      ra, 148(t2)
core   0: 3 0x80003f70 (0x0813aa23) mem 0x80004000 0x00000001
core   0: 0x80003f74 (0xff9ff06f) j       pc - 0x8
core   0: 3 0x80003f74 (0xff9ff06f)
core   0: 0x80003f6c (0x00000397) auipc   t2, 0x0
core   0: 3 0x80003f6c (0x00000397) x7  0x80003f6c
core   0: 0x80003f70 (0x0813aa23) sw      ra, 148(t2)
core   0: 3 0x80003f70 (0x0813aa23) mem 0x80004000 0x00000001
core   0: 0x80003f74 (0xff9ff06f) j       pc - 0x8
core   0: 3 0x80003f74 (0xff9ff06f)
core   0: 0x80003f6c (0x00000397) auipc   t2, 0x0
core   0: 3 0x80003f6c (0x00000397) x7  0x80003f6c
core   0: 0x80003f70 (0x0813aa23) sw      ra, 148(t2)
core   0: 3 0x80003f70 (0x0813aa23) mem 0x80004000 0x00000001
core   0: 0x80003f74 (0xff9ff06f) j       pc - 0x8
core   0: 3 0x80003f74 (0xff9ff06f)
core   0: 0x80003f6c (0x00000397) auipc   t2, 0x0
core   0: 3 0x80003f6c (0x00000397) x7  0x80003f6c
core   0: 0x80003f70 (0x0813aa23) sw      ra, 148(t2)
core   0: 3 0x80003f70 (0x0813aa23) mem 0x80004000 0x00000001
core   0: 0x80003f74 (0xff9ff06f) j       pc - 0x8
core   0: 3 0x80003f74 (0xff9ff06f)
core   0: 0x80003f6c (0x00000397) auipc   t2, 0x0
core   0: 3 0x80003f6c (0x00000397) x7  0x80003f6c
core   0: 0x80003f70 (0x0813aa23) sw      ra, 148(t2)
core   0: 3 0x80003f70 (0x0813aa23) mem 0x80004000 0x00000001
core   0: 0x80003f74 (0xff9ff06f) j       pc - 0x8
core   0: 3 0x80003f74 (0xff9ff06f)
core   0: 0x80003f6c (0x00000397) auipc   t2, 0x0
core   0: 3 0x80003f6c (0x00000397) x7  0x80003f6c
core   0: 0x80003f70 (0x0813aa23) sw      ra, 148(t2)
core   0: 3 0x80003f70 (0x0813aa23) mem 0x80004000 0x00000001
core   0: 0x80003f74 (0xff9ff06f) j       pc - 0x8
core   0: 3 0x80003f74 (0xff9ff06f)
core   0: 0x80003f6c (0x00000397) auipc   t2, 0x0
core   0: 3 0x80003f6c (0x00000397) x7  0x80003f6c
core   0: 0x80003f70 (0x0813aa23) sw      ra, 148(t2)
core   0: 3 0x80003f70 (0x0813aa23) mem 0x80004000 0x00000001
core   0: 0x80003f74 (0xff9ff06f) j       pc - 0x8
core   0: 3 0x80003f74 (0xff9ff06f)
core   0: 0x80003f6c (0x00000397) auipc   t2, 0x0
core   0: 3 0x80003f6c (0x00000397) x7  0x80003f6c
core   0: 0x80003f70 (0x0813aa23) sw      ra, 148(t2)
core   0: 3 0x80003f70 (0x0813aa23) mem 0x80004000 0x00000001
core   0: 0x80003f74 (0xff9ff06f) j       pc - 0x8
core   0: 3 0x80003f74 (0xff9ff06f)
core   0: 0x80003f6c (0x00000397) auipc   t2, 0x0
core   0: 3 0x80003f6c (0x00000397) x7  0x80003f6c
core   0: 0x80003f70 (0x0813aa23) sw      ra, 148(t2)
core   0: 3 0x80003f70 (0x0813aa23) mem 0x80004000 0x00000001
core   0: 0x80003f74 (0xff9ff06f) j       pc - 0x8
core   0: 3 0x80003f74 (0xff9ff06f)
core   0: 0x80003f6c (0x00000397) auipc   t2, 0x0
core   0: 3 0x80003f6c (0x00000397) x7  0x80003f6c
core   0: 0x80003f70 (0x0813aa23) sw      ra, 148(t2)
core   0: 3 0x80003f70 (0x0813aa23) mem 0x80004000 0x00000001
core   0: 0x80003f74 (0xff9ff06f) j       pc - 0x8
core   0: 3 0x80003f74 (0xff9ff06f)
core   0: 0x80003f6c (0x00000397) auipc   t2, 0x0
core   0: 3 0x80003f6c (0x00000397) x7  0x80003f6c
core   0: 0x80003f70 (0x0813aa23) sw      ra, 148(t2)
core   0: 3 0x80003f70 (0x0813aa23) mem 0x80004000 0x00000001
core   0: 0x80003f74 (0xff9ff06f) j       pc - 0x8
core   0: 3 0x80003f74 (0xff9ff06f)
core   0: 0x80003f6c (0x00000397) auipc   t2, 0x0
core   0: 3 0x80003f6c (0x00000397) x7  0x80003f6c
core   0: 0x80003f70 (0x0813aa23) sw      ra, 148(t2)
core   0: 3 0x80003f70 (0x0813aa23) mem 0x80004000 0x00000001
core   0: 0x80003f74 (0xff9ff06f) j       pc - 0x8
core   0: 3 0x80003f74 (0xff9ff06f)
core   0: 0x80003f6c (0x00000397) auipc   t2, 0x0
core   0: 3 0x80003f6c (0x00000397) x7  0x80003f6c
core   0: 0x80003f70 (0x0813aa23) sw      ra, 148(t2)
core   0: 3 0x80003f70 (0x0813aa23) mem 0x80004000 0x00000001
core   0: 0x80003f74 (0xff9ff06f) j       pc - 0x8
core   0: 3 0x80003f74 (0xff9ff06f)
core   0: 0x80003f6c (0x00000397) auipc   t2, 0x0
core   0: 3 0x80003f6c (0x00000397) x7  0x80003f6c
core   0: 0x80003f70 (0x0813aa23) sw      ra, 148(t2)
core   0: 3 0x80003f70 (0x0813aa23) mem 0x80004000 0x00000001
core   0: 0x80003f74 (0xff9ff06f) j       pc - 0x8
core   0: 3 0x80003f74 (0xff9ff06f)
core   0: 0x80003f6c (0x00000397) auipc   t2, 0x0
core   0: 3 0x80003f6c (0x00000397) x7  0x80003f6c
core   0: 0x80003f70 (0x0813aa23) sw      ra, 148(t2)
core   0: 3 0x80003f70 (0x0813aa23) mem 0x80004000 0x00000001
core   0: 0x80003f74 (0xff9ff06f) j       pc - 0x8
core   0: 3 0x80003f74 (0xff9ff06f)
core   0: 0x80003f6c (0x00000397) auipc   t2, 0x0
core   0: 3 0x80003f6c (0x00000397) x7  0x80003f6c
core   0: 0x80003f70 (0x0813aa23) sw      ra, 148(t2)
core   0: 3 0x80003f70 (0x0813aa23) mem 0x80004000 0x00000001
core   0: 0x80003f74 (0xff9ff06f) j       pc - 0x8
core   0: 3 0x80003f74 (0xff9ff06f)
core   0: 0x80003f6c (0x00000397) auipc   t2, 0x0
core   0: 3 0x80003f6c (0x00000397) x7  0x80003f6c
core   0: 0x80003f70 (0x0813aa23) sw      ra, 148(t2)
core   0: 3 0x80003f70 (0x0813aa23) mem 0x80004000 0x00000001
core   0: 0x80003f74 (0xff9ff06f) j       pc - 0x8
core   0: 3 0x80003f74 (0xff9ff06f)
core   0: 0x80003f6c (0x00000397) auipc   t2, 0x0
core   0: 3 0x80003f6c (0x00000397) x7  0x80003f6c
core   0: 0x80003f70 (0x0813aa23) sw      ra, 148(t2)
core   0: 3 0x80003f70 (0x0813aa23) mem 0x80004000 0x00000001
core   0: 0x80003f74 (0xff9ff06f) j       pc - 0x8
core   0: 3 0x80003f74 (0xff9ff06f)
core   0: 0x80003f6c (0x00000397) auipc   t2, 0x0
core   0: 3 0x80003f6c (0x00000397) x7  0x80003f6c
core   0: 0x80003f70 (0x0813aa23) sw      ra, 148(t2)
core   0: 3 0x80003f70 (0x0813aa23) mem 0x80004000 0x00000001
core   0: 0x80003f74 (0xff9ff06f) j       pc - 0x8
core   0: 3 0x80003f74 (0xff9ff06f)
core   0: 0x80003f6c (0x00000397) auipc   t2, 0x0
core   0: 3 0x80003f6c (0x00000397) x7  0x80003f6c
core   0: 0x80003f70 (0x0813aa23) sw      ra, 148(t2)
core   0: 3 0x80003f70 (0x0813aa23) mem 0x80004000 0x00000001
core   0: 0x80003f74 (0xff9ff06f) j       pc - 0x8
core   0: 3 0x80003f74 (0xff9ff06f)
core   0: 0x80003f6c (0x00000397) auipc   t2, 0x0
core   0: 3 0x80003f6c (0x00000397) x7  0x80003f6c
core   0: 0x80003f70 (0x0813aa23) sw      ra, 148(t2)
core   0: 3 0x80003f70 (0x0813aa23) mem 0x80004000 0x00000001
core   0: 0x80003f74 (0xff9ff06f) j       pc - 0x8
core   0: 3 0x80003f74 (0xff9ff06f)
core   0: 0x80003f6c (0x00000397) auipc   t2, 0x0
core   0: 3 0x80003f6c (0x00000397) x7  0x80003f6c
core   0: 0x80003f70 (0x0813aa23) sw      ra, 148(t2)
core   0: 3 0x80003f70 (0x0813aa23) mem 0x80004000 0x00000001
core   0: 0x80003f74 (0xff9ff06f) j       pc - 0x8
core   0: 3 0x80003f74 (0xff9ff06f)
core   0: 0x80003f6c (0x00000397) auipc   t2, 0x0
core   0: 3 0x80003f6c (0x00000397) x7  0x80003f6c
core   0: 0x80003f70 (0x0813aa23) sw      ra, 148(t2)
core   0: 3 0x80003f70 (0x0813aa23) mem 0x80004000 0x00000001
core   0: 0x80003f74 (0xff9ff06f) j       pc - 0x8
core   0: 3 0x80003f74 (0xff9ff06f)
core   0: 0x80003f6c (0x00000397) auipc   t2, 0x0
core   0: 3 0x80003f6c (0x00000397) x7  0x80003f6c
core   0: 0x80003f70 (0x0813aa23) sw      ra, 148(t2)
core   0: 3 0x80003f70 (0x0813aa23) mem 0x80004000 0x00000001
core   0: 0x80003f74 (0xff9ff06f) j       pc - 0x8
core   0: 3 0x80003f74 (0xff9ff06f)
core   0: 0x80003f6c (0x00000397) auipc   t2, 0x0
core   0: 3 0x80003f6c (0x00000397) x7  0x80003f6c
core   0: 0x80003f70 (0x0813aa23) sw      ra, 148(t2)
core   0: 3 0x80003f70 (0x0813aa23) mem 0x80004000 0x00000001
core   0: 0x80003f74 (0xff9ff06f) j       pc - 0x8
core   0: 3 0x80003f74 (0xff9ff06f)
core   0: 0x80003f6c (0x00000397) auipc   t2, 0x0
core   0: 3 0x80003f6c (0x00000397) x7  0x80003f6c
core   0: 0x80003f70 (0x0813aa23) sw      ra, 148(t2)
core   0: 3 0x80003f70 (0x0813aa23) mem 0x80004000 0x00000001
core   0: 0x80003f74 (0xff9ff06f) j       pc - 0x8
core   0: 3 0x80003f74 (0xff9ff06f)
core   0: 0x80003f6c (0x00000397) auipc   t2, 0x0
core   0: 3 0x80003f6c (0x00000397) x7  0x80003f6c
core   0: 0x80003f70 (0x0813aa23) sw      ra, 148(t2)
core   0: 3 0x80003f70 (0x0813aa23) mem 0x80004000 0x00000001
core   0: 0x80003f74 (0xff9ff06f) j       pc - 0x8
core   0: 3 0x80003f74 (0xff9ff06f)
core   0: 0x80003f6c (0x00000397) auipc   t2, 0x0
core   0: 3 0x80003f6c (0x00000397) x7  0x80003f6c
core   0: 0x80003f70 (0x0813aa23) sw      ra, 148(t2)
core   0: 3 0x80003f70 (0x0813aa23) mem 0x80004000 0x00000001
core   0: 0x80003f74 (0xff9ff06f) j       pc - 0x8
core   0: 3 0x80003f74 (0xff9ff06f)
core   0: 0x80003f6c (0x00000397) auipc   t2, 0x0
core   0: 3 0x80003f6c (0x00000397) x7  0x80003f6c
core   0: 0x80003f70 (0x0813aa23) sw      ra, 148(t2)
core   0: 3 0x80003f70 (0x0813aa23) mem 0x80004000 0x00000001
core   0: 0x80003f74 (0xff9ff06f) j       pc - 0x8
core   0: 3 0x80003f74 (0xff9ff06f)
core   0: 0x80003f6c (0x00000397) auipc   t2, 0x0
core   0: 3 0x80003f6c (0x00000397) x7  0x80003f6c
core   0: 0x80003f70 (0x0813aa23) sw      ra, 148(t2)
core   0: 3 0x80003f70 (0x0813aa23) mem 0x80004000 0x00000001
core   0: 0x80003f74 (0xff9ff06f) j       pc - 0x8
core   0: 3 0x80003f74 (0xff9ff06f)
core   0: 0x80003f6c (0x00000397) auipc   t2, 0x0
core   0: 3 0x80003f6c (0x00000397) x7  0x80003f6c
core   0: 0x80003f70 (0x0813aa23) sw      ra, 148(t2)
core   0: 3 0x80003f70 (0x0813aa23) mem 0x80004000 0x00000001
core   0: 0x80003f74 (0xff9ff06f) j       pc - 0x8
core   0: 3 0x80003f74 (0xff9ff06f)
core   0: 0x80003f6c (0x00000397) auipc   t2, 0x0
core   0: 3 0x80003f6c (0x00000397) x7  0x80003f6c
core   0: 0x80003f70 (0x0813aa23) sw      ra, 148(t2)
core   0: 3 0x80003f70 (0x0813aa23) mem 0x80004000 0x00000001
core   0: 0x80003f74 (0xff9ff06f) j       pc - 0x8
core   0: 3 0x80003f74 (0xff9ff06f)
core   0: 0x80003f6c (0x00000397) auipc   t2, 0x0
core   0: 3 0x80003f6c (0x00000397) x7  0x80003f6c
core   0: 0x80003f70 (0x0813aa23) sw      ra, 148(t2)
core   0: 3 0x80003f70 (0x0813aa23) mem 0x80004000 0x00000001
core   0: 0x80003f74 (0xff9ff06f) j       pc - 0x8
core   0: 3 0x80003f74 (0xff9ff06f)
core   0: 0x80003f6c (0x00000397) auipc   t2, 0x0
core   0: 3 0x80003f6c (0x00000397) x7  0x80003f6c
core   0: 0x80003f70 (0x0813aa23) sw      ra, 148(t2)
core   0: 3 0x80003f70 (0x0813aa23) mem 0x80004000 0x00000001
core   0: 0x80003f74 (0xff9ff06f) j       pc - 0x8
core   0: 3 0x80003f74 (0xff9ff06f)
core   0: 0x80003f6c (0x00000397) auipc   t2, 0x0
core   0: 3 0x80003f6c (0x00000397) x7  0x80003f6c
core   0: 0x80003f70 (0x0813aa23) sw      ra, 148(t2)
core   0: 3 0x80003f70 (0x0813aa23) mem 0x80004000 0x00000001
core   0: 0x80003f74 (0xff9ff06f) j       pc - 0x8
core   0: 3 0x80003f74 (0xff9ff06f)
core   0: 0x80003f6c (0x00000397) auipc   t2, 0x0
core   0: 3 0x80003f6c (0x00000397) x7  0x80003f6c
core   0: 0x80003f70 (0x0813aa23) sw      ra, 148(t2)
core   0: 3 0x80003f70 (0x0813aa23) mem 0x80004000 0x00000001
core   0: 0x80003f74 (0xff9ff06f) j       pc - 0x8
core   0: 3 0x80003f74 (0xff9ff06f)
core   0: 0x80003f6c (0x00000397) auipc   t2, 0x0
core   0: 3 0x80003f6c (0x00000397) x7  0x80003f6c
core   0: 0x80003f70 (0x0813aa23) sw      ra, 148(t2)
core   0: 3 0x80003f70 (0x0813aa23) mem 0x80004000 0x00000001
core   0: 0x80003f74 (0xff9ff06f) j       pc - 0x8
core   0: 3 0x80003f74 (0xff9ff06f)
core   0: 0x80003f6c (0x00000397) auipc   t2, 0x0
core   0: 3 0x80003f6c (0x00000397) x7  0x80003f6c
core   0: 0x80003f70 (0x0813aa23) sw      ra, 148(t2)
core   0: 3 0x80003f70 (0x0813aa23) mem 0x80004000 0x00000001
core   0: 0x80003f74 (0xff9ff06f) j       pc - 0x8
core   0: 3 0x80003f74 (0xff9ff06f)
core   0: 0x80003f6c (0x00000397) auipc   t2, 0x0
core   0: 3 0x80003f6c (0x00000397) x7  0x80003f6c
core   0: 0x80003f70 (0x0813aa23) sw      ra, 148(t2)
core   0: 3 0x80003f70 (0x0813aa23) mem 0x80004000 0x00000001
core   0: 0x80003f74 (0xff9ff06f) j       pc - 0x8
core   0: 3 0x80003f74 (0xff9ff06f)
core   0: 0x80003f6c (0x00000397) auipc   t2, 0x0
core   0: 3 0x80003f6c (0x00000397) x7  0x80003f6c
core   0: 0x80003f70 (0x0813aa23) sw      ra, 148(t2)
core   0: 3 0x80003f70 (0x0813aa23) mem 0x80004000 0x00000001
core   0: 0x80003f74 (0xff9ff06f) j       pc - 0x8
core   0: 3 0x80003f74 (0xff9ff06f)
core   0: 0x80003f6c (0x00000397) auipc   t2, 0x0
core   0: 3 0x80003f6c (0x00000397) x7  0x80003f6c
core   0: 0x80003f70 (0x0813aa23) sw      ra, 148(t2)
core   0: 3 0x80003f70 (0x0813aa23) mem 0x80004000 0x00000001
core   0: 0x80003f74 (0xff9ff06f) j       pc - 0x8
core   0: 3 0x80003f74 (0xff9ff06f)
core   0: 0x80003f6c (0x00000397) auipc   t2, 0x0
core   0: 3 0x80003f6c (0x00000397) x7  0x80003f6c
core   0: 0x80003f70 (0x0813aa23) sw      ra, 148(t2)
core   0: 3 0x80003f70 (0x0813aa23) mem 0x80004000 0x00000001
core   0: 0x80003f74 (0xff9ff06f) j       pc - 0x8
core   0: 3 0x80003f74 (0xff9ff06f)
core   0: 0x80003f6c (0x00000397) auipc   t2, 0x0
core   0: 3 0x80003f6c (0x00000397) x7  0x80003f6c
core   0: 0x80003f70 (0x0813aa23) sw      ra, 148(t2)
core   0: 3 0x80003f70 (0x0813aa23) mem 0x80004000 0x00000001
core   0: 0x80003f74 (0xff9ff06f) j       pc - 0x8
core   0: 3 0x80003f74 (0xff9ff06f)
core   0: 0x80003f6c (0x00000397) auipc   t2, 0x0
core   0: 3 0x80003f6c (0x00000397) x7  0x80003f6c
core   0: 0x80003f70 (0x0813aa23) sw      ra, 148(t2)
core   0: 3 0x80003f70 (0x0813aa23) mem 0x80004000 0x00000001
core   0: 0x80003f74 (0xff9ff06f) j       pc - 0x8
core   0: 3 0x80003f74 (0xff9ff06f)
core   0: 0x80003f6c (0x00000397) auipc   t2, 0x0
core   0: 3 0x80003f6c (0x00000397) x7  0x80003f6c
core   0: 0x80003f70 (0x0813aa23) sw      ra, 148(t2)
core   0: 3 0x80003f70 (0x0813aa23) mem 0x80004000 0x00000001
core   0: 0x80003f74 (0xff9ff06f) j       pc - 0x8
core   0: 3 0x80003f74 (0xff9ff06f)
core   0: 0x80003f6c (0x00000397) auipc   t2, 0x0
core   0: 3 0x80003f6c (0x00000397) x7  0x80003f6c
core   0: 0x80003f70 (0x0813aa23) sw      ra, 148(t2)
core   0: 3 0x80003f70 (0x0813aa23) mem 0x80004000 0x00000001
core   0: 0x80003f74 (0xff9ff06f) j       pc - 0x8
core   0: 3 0x80003f74 (0xff9ff06f)
core   0: 0x80003f6c (0x00000397) auipc   t2, 0x0
core   0: 3 0x80003f6c (0x00000397) x7  0x80003f6c
core   0: 0x80003f70 (0x0813aa23) sw      ra, 148(t2)
core   0: 3 0x80003f70 (0x0813aa23) mem 0x80004000 0x00000001
core   0: 0x80003f74 (0xff9ff06f) j       pc - 0x8
core   0: 3 0x80003f74 (0xff9ff06f)
core   0: 0x80003f6c (0x00000397) auipc   t2, 0x0
core   0: 3 0x80003f6c (0x00000397) x7  0x80003f6c
core   0: 0x80003f70 (0x0813aa23) sw      ra, 148(t2)
core   0: 3 0x80003f70 (0x0813aa23) mem 0x80004000 0x00000001
core   0: 0x80003f74 (0xff9ff06f) j       pc - 0x8
core   0: 3 0x80003f74 (0xff9ff06f)
core   0: 0x80003f6c (0x00000397) auipc   t2, 0x0
core   0: 3 0x80003f6c (0x00000397) x7  0x80003f6c
core   0: 0x80003f70 (0x0813aa23) sw      ra, 148(t2)
core   0: 3 0x80003f70 (0x0813aa23) mem 0x80004000 0x00000001
core   0: 0x80003f74 (0xff9ff06f) j       pc - 0x8
core   0: 3 0x80003f74 (0xff9ff06f)
core   0: 0x80003f6c (0x00000397) auipc   t2, 0x0
core   0: 3 0x80003f6c (0x00000397) x7  0x80003f6c
core   0: 0x80003f70 (0x0813aa23) sw      ra, 148(t2)
core   0: 3 0x80003f70 (0x0813aa23) mem 0x80004000 0x00000001
core   0: 0x80003f74 (0xff9ff06f) j       pc - 0x8
core   0: 3 0x80003f74 (0xff9ff06f)
core   0: 0x80003f6c (0x00000397) auipc   t2, 0x0
core   0: 3 0x80003f6c (0x00000397) x7  0x80003f6c
core   0: 0x80003f70 (0x0813aa23) sw      ra, 148(t2)
core   0: 3 0x80003f70 (0x0813aa23) mem 0x80004000 0x00000001
core   0: 0x80003f74 (0xff9ff06f) j       pc - 0x8
core   0: 3 0x80003f74 (0xff9ff06f)
core   0: 0x80003f6c (0x00000397) auipc   t2, 0x0
core   0: 3 0x80003f6c (0x00000397) x7  0x80003f6c
core   0: 0x80003f70 (0x0813aa23) sw      ra, 148(t2)
core   0: 3 0x80003f70 (0x0813aa23) mem 0x80004000 0x00000001
core   0: 0x80003f74 (0xff9ff06f) j       pc - 0x8
core   0: 3 0x80003f74 (0xff9ff06f)
core   0: 0x80003f6c (0x00000397) auipc   t2, 0x0
core   0: 3 0x80003f6c (0x00000397) x7  0x80003f6c
core   0: 0x80003f70 (0x0813aa23) sw      ra, 148(t2)
core   0: 3 0x80003f70 (0x0813aa23) mem 0x80004000 0x00000001
core   0: 0x80003f74 (0xff9ff06f) j       pc - 0x8
core   0: 3 0x80003f74 (0xff9ff06f)
core   0: 0x80003f6c (0x00000397) auipc   t2, 0x0
core   0: 3 0x80003f6c (0x00000397) x7  0x80003f6c
core   0: 0x80003f70 (0x0813aa23) sw      ra, 148(t2)
core   0: 3 0x80003f70 (0x0813aa23) mem 0x80004000 0x00000001
core   0: 0x80003f74 (0xff9ff06f) j       pc - 0x8
core   0: 3 0x80003f74 (0xff9ff06f)
core   0: 0x80003f6c (0x00000397) auipc   t2, 0x0
core   0: 3 0x80003f6c (0x00000397) x7  0x80003f6c
core   0: 0x80003f70 (0x0813aa23) sw      ra, 148(t2)
core   0: 3 0x80003f70 (0x0813aa23) mem 0x80004000 0x00000001
core   0: 0x80003f74 (0xff9ff06f) j       pc - 0x8
core   0: 3 0x80003f74 (0xff9ff06f)
core   0: 0x80003f6c (0x00000397) auipc   t2, 0x0
core   0: 3 0x80003f6c (0x00000397) x7  0x80003f6c
core   0: 0x80003f70 (0x0813aa23) sw      ra, 148(t2)
core   0: 3 0x80003f70 (0x0813aa23) mem 0x80004000 0x00000001
core   0: 0x80003f74 (0xff9ff06f) j       pc - 0x8
core   0: 3 0x80003f74 (0xff9ff06f)
core   0: 0x80003f6c (0x00000397) auipc   t2, 0x0
core   0: 3 0x80003f6c (0x00000397) x7  0x80003f6c
core   0: 0x80003f70 (0x0813aa23) sw      ra, 148(t2)
core   0: 3 0x80003f70 (0x0813aa23) mem 0x80004000 0x00000001
core   0: 0x80003f74 (0xff9ff06f) j       pc - 0x8
core   0: 3 0x80003f74 (0xff9ff06f)
core   0: 0x80003f6c (0x00000397) auipc   t2, 0x0
core   0: 3 0x80003f6c (0x00000397) x7  0x80003f6c
core   0: 0x80003f70 (0x0813aa23) sw      ra, 148(t2)
core   0: 3 0x80003f70 (0x0813aa23) mem 0x80004000 0x00000001
core   0: 0x80003f74 (0xff9ff06f) j       pc - 0x8
core   0: 3 0x80003f74 (0xff9ff06f)
core   0: 0x80003f6c (0x00000397) auipc   t2, 0x0
core   0: 3 0x80003f6c (0x00000397) x7  0x80003f6c
core   0: 0x80003f70 (0x0813aa23) sw      ra, 148(t2)
core   0: 3 0x80003f70 (0x0813aa23) mem 0x80004000 0x00000001
core   0: 0x80003f74 (0xff9ff06f) j       pc - 0x8
core   0: 3 0x80003f74 (0xff9ff06f)
core   0: 0x80003f6c (0x00000397) auipc   t2, 0x0
core   0: 3 0x80003f6c (0x00000397) x7  0x80003f6c
core   0: 0x80003f70 (0x0813aa23) sw      ra, 148(t2)
core   0: 3 0x80003f70 (0x0813aa23) mem 0x80004000 0x00000001
core   0: 0x80003f74 (0xff9ff06f) j       pc - 0x8
core   0: 3 0x80003f74 (0xff9ff06f)
core   0: 0x80003f6c (0x00000397) auipc   t2, 0x0
core   0: 3 0x80003f6c (0x00000397) x7  0x80003f6c
core   0: 0x80003f70 (0x0813aa23) sw      ra, 148(t2)
core   0: 3 0x80003f70 (0x0813aa23) mem 0x80004000 0x00000001
core   0: 0x80003f74 (0xff9ff06f) j       pc - 0x8
core   0: 3 0x80003f74 (0xff9ff06f)
core   0: 0x80003f6c (0x00000397) auipc   t2, 0x0
core   0: 3 0x80003f6c (0x00000397) x7  0x80003f6c
core   0: 0x80003f70 (0x0813aa23) sw      ra, 148(t2)
core   0: 3 0x80003f70 (0x0813aa23) mem 0x80004000 0x00000001
core   0: 0x80003f74 (0xff9ff06f) j       pc - 0x8
core   0: 3 0x80003f74 (0xff9ff06f)
core   0: 0x80003f6c (0x00000397) auipc   t2, 0x0
core   0: 3 0x80003f6c (0x00000397) x7  0x80003f6c
core   0: 0x80003f70 (0x0813aa23) sw      ra, 148(t2)
core   0: 3 0x80003f70 (0x0813aa23) mem 0x80004000 0x00000001
core   0: 0x80003f74 (0xff9ff06f) j       pc - 0x8
core   0: 3 0x80003f74 (0xff9ff06f)
core   0: 0x80003f6c (0x00000397) auipc   t2, 0x0
core   0: 3 0x80003f6c (0x00000397) x7  0x80003f6c
core   0: 0x80003f70 (0x0813aa23) sw      ra, 148(t2)
core   0: 3 0x80003f70 (0x0813aa23) mem 0x80004000 0x00000001
core   0: 0x80003f74 (0xff9ff06f) j       pc - 0x8
core   0: 3 0x80003f74 (0xff9ff06f)
core   0: 0x80003f6c (0x00000397) auipc   t2, 0x0
core   0: 3 0x80003f6c (0x00000397) x7  0x80003f6c
core   0: 0x80003f70 (0x0813aa23) sw      ra, 148(t2)
core   0: 3 0x80003f70 (0x0813aa23) mem 0x80004000 0x00000001
core   0: 0x80003f74 (0xff9ff06f) j       pc - 0x8
core   0: 3 0x80003f74 (0xff9ff06f)
core   0: 0x80003f6c (0x00000397) auipc   t2, 0x0
core   0: 3 0x80003f6c (0x00000397) x7  0x80003f6c
core   0: 0x80003f70 (0x0813aa23) sw      ra, 148(t2)
core   0: 3 0x80003f70 (0x0813aa23) mem 0x80004000 0x00000001
core   0: 0x80003f74 (0xff9ff06f) j       pc - 0x8
core   0: 3 0x80003f74 (0xff9ff06f)
core   0: 0x80003f6c (0x00000397) auipc   t2, 0x0
core   0: 3 0x80003f6c (0x00000397) x7  0x80003f6c
core   0: 0x80003f70 (0x0813aa23) sw      ra, 148(t2)
core   0: 3 0x80003f70 (0x0813aa23) mem 0x80004000 0x00000001
core   0: 0x80003f74 (0xff9ff06f) j       pc - 0x8
core   0: 3 0x80003f74 (0xff9ff06f)
core   0: 0x80003f6c (0x00000397) auipc   t2, 0x0
core   0: 3 0x80003f6c (0x00000397) x7  0x80003f6c
core   0: 0x80003f70 (0x0813aa23) sw      ra, 148(t2)
core   0: 3 0x80003f70 (0x0813aa23) mem 0x80004000 0x00000001
core   0: 0x80003f74 (0xff9ff06f) j       pc - 0x8
core   0: 3 0x80003f74 (0xff9ff06f)
core   0: 0x80003f6c (0x00000397) auipc   t2, 0x0
core   0: 3 0x80003f6c (0x00000397) x7  0x80003f6c
core   0: 0x80003f70 (0x0813aa23) sw      ra, 148(t2)
core   0: 3 0x80003f70 (0x0813aa23) mem 0x80004000 0x00000001
core   0: 0x80003f74 (0xff9ff06f) j       pc - 0x8
core   0: 3 0x80003f74 (0xff9ff06f)
core   0: 0x80003f6c (0x00000397) auipc   t2, 0x0
core   0: 3 0x80003f6c (0x00000397) x7  0x80003f6c
core   0: 0x80003f70 (0x0813aa23) sw      ra, 148(t2)
core   0: 3 0x80003f70 (0x0813aa23) mem 0x80004000 0x00000001
core   0: 0x80003f74 (0xff9ff06f) j       pc - 0x8
core   0: 3 0x80003f74 (0xff9ff06f)
core   0: 0x80003f6c (0x00000397) auipc   t2, 0x0
core   0: 3 0x80003f6c (0x00000397) x7  0x80003f6c
core   0: 0x80003f70 (0x0813aa23) sw      ra, 148(t2)
core   0: 3 0x80003f70 (0x0813aa23) mem 0x80004000 0x00000001
core   0: 0x80003f74 (0xff9ff06f) j       pc - 0x8
core   0: 3 0x80003f74 (0xff9ff06f)
core   0: 0x80003f6c (0x00000397) auipc   t2, 0x0
core   0: 3 0x80003f6c (0x00000397) x7  0x80003f6c
core   0: 0x80003f70 (0x0813aa23) sw      ra, 148(t2)
core   0: 3 0x80003f70 (0x0813aa23) mem 0x80004000 0x00000001
core   0: 0x80003f74 (0xff9ff06f) j       pc - 0x8
core   0: 3 0x80003f74 (0xff9ff06f)
core   0: 0x80003f6c (0x00000397) auipc   t2, 0x0
core   0: 3 0x80003f6c (0x00000397) x7  0x80003f6c
core   0: 0x80003f70 (0x0813aa23) sw      ra, 148(t2)
core   0: 3 0x80003f70 (0x0813aa23) mem 0x80004000 0x00000001
core   0: 0x80003f74 (0xff9ff06f) j       pc - 0x8
core   0: 3 0x80003f74 (0xff9ff06f)
core   0: 0x80003f6c (0x00000397) auipc   t2, 0x0
core   0: 3 0x80003f6c (0x00000397) x7  0x80003f6c
core   0: 0x80003f70 (0x0813aa23) sw      ra, 148(t2)
core   0: 3 0x80003f70 (0x0813aa23) mem 0x80004000 0x00000001
core   0: 0x80003f74 (0xff9ff06f) j       pc - 0x8
core   0: 3 0x80003f74 (0xff9ff06f)
core   0: 0x80003f6c (0x00000397) auipc   t2, 0x0
core   0: 3 0x80003f6c (0x00000397) x7  0x80003f6c
core   0: 0x80003f70 (0x0813aa23) sw      ra, 148(t2)
core   0: 3 0x80003f70 (0x0813aa23) mem 0x80004000 0x00000001
core   0: 0x80003f74 (0xff9ff06f) j       pc - 0x8
core   0: 3 0x80003f74 (0xff9ff06f)
core   0: 0x80003f6c (0x00000397) auipc   t2, 0x0
core   0: 3 0x80003f6c (0x00000397) x7  0x80003f6c
core   0: 0x80003f70 (0x0813aa23) sw      ra, 148(t2)
core   0: 3 0x80003f70 (0x0813aa23) mem 0x80004000 0x00000001
core   0: 0x80003f74 (0xff9ff06f) j       pc - 0x8
core   0: 3 0x80003f74 (0xff9ff06f)
core   0: 0x80003f6c (0x00000397) auipc   t2, 0x0
core   0: 3 0x80003f6c (0x00000397) x7  0x80003f6c
core   0: 0x80003f70 (0x0813aa23) sw      ra, 148(t2)
core   0: 3 0x80003f70 (0x0813aa23) mem 0x80004000 0x00000001
core   0: 0x80003f74 (0xff9ff06f) j       pc - 0x8
core   0: 3 0x80003f74 (0xff9ff06f)
core   0: 0x80003f6c (0x00000397) auipc   t2, 0x0
core   0: 3 0x80003f6c (0x00000397) x7  0x80003f6c
core   0: 0x80003f70 (0x0813aa23) sw      ra, 148(t2)
core   0: 3 0x80003f70 (0x0813aa23) mem 0x80004000 0x00000001
core   0: 0x80003f74 (0xff9ff06f) j       pc - 0x8
core   0: 3 0x80003f74 (0xff9ff06f)
core   0: 0x80003f6c (0x00000397) auipc   t2, 0x0
core   0: 3 0x80003f6c (0x00000397) x7  0x80003f6c
core   0: 0x80003f70 (0x0813aa23) sw      ra, 148(t2)
core   0: 3 0x80003f70 (0x0813aa23) mem 0x80004000 0x00000001
core   0: 0x80003f74 (0xff9ff06f) j       pc - 0x8
core   0: 3 0x80003f74 (0xff9ff06f)
core   0: 0x80003f6c (0x00000397) auipc   t2, 0x0
core   0: 3 0x80003f6c (0x00000397) x7  0x80003f6c
core   0: 0x80003f70 (0x0813aa23) sw      ra, 148(t2)
core   0: 3 0x80003f70 (0x0813aa23) mem 0x80004000 0x00000001
core   0: 0x80003f74 (0xff9ff06f) j       pc - 0x8
core   0: 3 0x80003f74 (0xff9ff06f)
core   0: 0x80003f6c (0x00000397) auipc   t2, 0x0
core   0: 3 0x80003f6c (0x00000397) x7  0x80003f6c
core   0: 0x80003f70 (0x0813aa23) sw      ra, 148(t2)
core   0: 3 0x80003f70 (0x0813aa23) mem 0x80004000 0x00000001
core   0: 0x80003f74 (0xff9ff06f) j       pc - 0x8
core   0: 3 0x80003f74 (0xff9ff06f)
core   0: 0x80003f6c (0x00000397) auipc   t2, 0x0
core   0: 3 0x80003f6c (0x00000397) x7  0x80003f6c
core   0: 0x80003f70 (0x0813aa23) sw      ra, 148(t2)
core   0: 3 0x80003f70 (0x0813aa23) mem 0x80004000 0x00000001
core   0: 0x80003f74 (0xff9ff06f) j       pc - 0x8
core   0: 3 0x80003f74 (0xff9ff06f)
core   0: 0x80003f6c (0x00000397) auipc   t2, 0x0
core   0: 3 0x80003f6c (0x00000397) x7  0x80003f6c
core   0: 0x80003f70 (0x0813aa23) sw      ra, 148(t2)
core   0: 3 0x80003f70 (0x0813aa23) mem 0x80004000 0x00000001
core   0: 0x80003f74 (0xff9ff06f) j       pc - 0x8
core   0: 3 0x80003f74 (0xff9ff06f)
core   0: 0x80003f6c (0x00000397) auipc   t2, 0x0
core   0: 3 0x80003f6c (0x00000397) x7  0x80003f6c
core   0: 0x80003f70 (0x0813aa23) sw      ra, 148(t2)
core   0: 3 0x80003f70 (0x0813aa23) mem 0x80004000 0x00000001
core   0: 0x80003f74 (0xff9ff06f) j       pc - 0x8
core   0: 3 0x80003f74 (0xff9ff06f)
core   0: 0x80003f6c (0x00000397) auipc   t2, 0x0
core   0: 3 0x80003f6c (0x00000397) x7  0x80003f6c
core   0: 0x80003f70 (0x0813aa23) sw      ra, 148(t2)
core   0: 3 0x80003f70 (0x0813aa23) mem 0x80004000 0x00000001
core   0: 0x80003f74 (0xff9ff06f) j       pc - 0x8
core   0: 3 0x80003f74 (0xff9ff06f)
core   0: 0x80003f6c (0x00000397) auipc   t2, 0x0
core   0: 3 0x80003f6c (0x00000397) x7  0x80003f6c
core   0: 0x80003f70 (0x0813aa23) sw      ra, 148(t2)
core   0: 3 0x80003f70 (0x0813aa23) mem 0x80004000 0x00000001
core   0: 0x80003f74 (0xff9ff06f) j       pc - 0x8
core   0: 3 0x80003f74 (0xff9ff06f)
core   0: 0x80003f6c (0x00000397) auipc   t2, 0x0
core   0: 3 0x80003f6c (0x00000397) x7  0x80003f6c
core   0: 0x80003f70 (0x0813aa23) sw      ra, 148(t2)
core   0: 3 0x80003f70 (0x0813aa23) mem 0x80004000 0x00000001
core   0: 0x80003f74 (0xff9ff06f) j       pc - 0x8
core   0: 3 0x80003f74 (0xff9ff06f)
core   0: 0x80003f6c (0x00000397) auipc   t2, 0x0
core   0: 3 0x80003f6c (0x00000397) x7  0x80003f6c
core   0: 0x80003f70 (0x0813aa23) sw      ra, 148(t2)
core   0: 3 0x80003f70 (0x0813aa23) mem 0x80004000 0x00000001
core   0: 0x80003f74 (0xff9ff06f) j       pc - 0x8
core   0: 3 0x80003f74 (0xff9ff06f)
core   0: 0x80003f6c (0x00000397) auipc   t2, 0x0
core   0: 3 0x80003f6c (0x00000397) x7  0x80003f6c
core   0: 0x80003f70 (0x0813aa23) sw      ra, 148(t2)
core   0: 3 0x80003f70 (0x0813aa23) mem 0x80004000 0x00000001
core   0: 0x80003f74 (0xff9ff06f) j       pc - 0x8
core   0: 3 0x80003f74 (0xff9ff06f)
core   0: 0x80003f6c (0x00000397) auipc   t2, 0x0
core   0: 3 0x80003f6c (0x00000397) x7  0x80003f6c
core   0: 0x80003f70 (0x0813aa23) sw      ra, 148(t2)
core   0: 3 0x80003f70 (0x0813aa23) mem 0x80004000 0x00000001
core   0: 0x80003f74 (0xff9ff06f) j       pc - 0x8
core   0: 3 0x80003f74 (0xff9ff06f)
core   0: 0x80003f6c (0x00000397) auipc   t2, 0x0
core   0: 3 0x80003f6c (0x00000397) x7  0x80003f6c
core   0: 0x80003f70 (0x0813aa23) sw      ra, 148(t2)
core   0: 3 0x80003f70 (0x0813aa23) mem 0x80004000 0x00000001
core   0: 0x80003f74 (0xff9ff06f) j       pc - 0x8
core   0: 3 0x80003f74 (0xff9ff06f)
core   0: 0x80003f6c (0x00000397) auipc   t2, 0x0
core   0: 3 0x80003f6c (0x00000397) x7  0x80003f6c
core   0: 0x80003f70 (0x0813aa23) sw      ra, 148(t2)
core   0: 3 0x80003f70 (0x0813aa23) mem 0x80004000 0x00000001
core   0: 0x80003f74 (0xff9ff06f) j       pc - 0x8
core   0: 3 0x80003f74 (0xff9ff06f)
core   0: 0x80003f6c (0x00000397) auipc   t2, 0x0
core   0: 3 0x80003f6c (0x00000397) x7  0x80003f6c
core   0: 0x80003f70 (0x0813aa23) sw      ra, 148(t2)
core   0: 3 0x80003f70 (0x0813aa23) mem 0x80004000 0x00000001
core   0: 0x80003f74 (0xff9ff06f) j       pc - 0x8
core   0: 3 0x80003f74 (0xff9ff06f)
core   0: 0x80003f6c (0x00000397) auipc   t2, 0x0
core   0: 3 0x80003f6c (0x00000397) x7  0x80003f6c
core   0: 0x80003f70 (0x0813aa23) sw      ra, 148(t2)
core   0: 3 0x80003f70 (0x0813aa23) mem 0x80004000 0x00000001
core   0: 0x80003f74 (0xff9ff06f) j       pc - 0x8
core   0: 3 0x80003f74 (0xff9ff06f)
core   0: 0x80003f6c (0x00000397) auipc   t2, 0x0
core   0: 3 0x80003f6c (0x00000397) x7  0x80003f6c
core   0: 0x80003f70 (0x0813aa23) sw      ra, 148(t2)
core   0: 3 0x80003f70 (0x0813aa23) mem 0x80004000 0x00000001
core   0: 0x80003f74 (0xff9ff06f) j       pc - 0x8
core   0: 3 0x80003f74 (0xff9ff06f)
core   0: 0x80003f6c (0x00000397) auipc   t2, 0x0
core   0: 3 0x80003f6c (0x00000397) x7  0x80003f6c
core   0: 0x80003f70 (0x0813aa23) sw      ra, 148(t2)
core   0: 3 0x80003f70 (0x0813aa23) mem 0x80004000 0x00000001
core   0: 0x80003f74 (0xff9ff06f) j       pc - 0x8
core   0: 3 0x80003f74 (0xff9ff06f)
core   0: 0x80003f6c (0x00000397) auipc   t2, 0x0
core   0: 3 0x80003f6c (0x00000397) x7  0x80003f6c
core   0: 0x80003f70 (0x0813aa23) sw      ra, 148(t2)
core   0: 3 0x80003f70 (0x0813aa23) mem 0x80004000 0x00000001
core   0: 0x80003f74 (0xff9ff06f) j       pc - 0x8
core   0: 3 0x80003f74 (0xff9ff06f)
core   0: 0x80003f6c (0x00000397) auipc   t2, 0x0
core   0: 3 0x80003f6c (0x00000397) x7  0x80003f6c
core   0: 0x80003f70 (0x0813aa23) sw      ra, 148(t2)
core   0: 3 0x80003f70 (0x0813aa23) mem 0x80004000 0x00000001
core   0: 0x80003f74 (0xff9ff06f) j       pc - 0x8
core   0: 3 0x80003f74 (0xff9ff06f)
core   0: 0x80003f6c (0x00000397) auipc   t2, 0x0
core   0: 3 0x80003f6c (0x00000397) x7  0x80003f6c
core   0: 0x80003f70 (0x0813aa23) sw      ra, 148(t2)
core   0: 3 0x80003f70 (0x0813aa23) mem 0x80004000 0x00000001
core   0: 0x80003f74 (0xff9ff06f) j       pc - 0x8
core   0: 3 0x80003f74 (0xff9ff06f)
core   0: 0x80003f6c (0x00000397) auipc   t2, 0x0
core   0: 3 0x80003f6c (0x00000397) x7  0x80003f6c
core   0: 0x80003f70 (0x0813aa23) sw      ra, 148(t2)
core   0: 3 0x80003f70 (0x0813aa23) mem 0x80004000 0x00000001
core   0: 0x80003f74 (0xff9ff06f) j       pc - 0x8
core   0: 3 0x80003f74 (0xff9ff06f)
core   0: 0x80003f6c (0x00000397) auipc   t2, 0x0
core   0: 3 0x80003f6c (0x00000397) x7  0x80003f6c
core   0: 0x80003f70 (0x0813aa23) sw      ra, 148(t2)
core   0: 3 0x80003f70 (0x0813aa23) mem 0x80004000 0x00000001
core   0: 0x80003f74 (0xff9ff06f) j       pc - 0x8
core   0: 3 0x80003f74 (0xff9ff06f)
core   0: 0x80003f6c (0x00000397) auipc   t2, 0x0
core   0: 3 0x80003f6c (0x00000397) x7  0x80003f6c
core   0: 0x80003f70 (0x0813aa23) sw      ra, 148(t2)
core   0: 3 0x80003f70 (0x0813aa23) mem 0x80004000 0x00000001
core   0: 0x80003f74 (0xff9ff06f) j       pc - 0x8
core   0: 3 0x80003f74 (0xff9ff06f)
core   0: 0x80003f6c (0x00000397) auipc   t2, 0x0
core   0: 3 0x80003f6c (0x00000397) x7  0x80003f6c
core   0: 0x80003f70 (0x0813aa23) sw      ra, 148(t2)
core   0: 3 0x80003f70 (0x0813aa23) mem 0x80004000 0x00000001
core   0: 0x80003f74 (0xff9ff06f) j       pc - 0x8
core   0: 3 0x80003f74 (0xff9ff06f)
core   0: 0x80003f6c (0x00000397) auipc   t2, 0x0
core   0: 3 0x80003f6c (0x00000397) x7  0x80003f6c
core   0: 0x80003f70 (0x0813aa23) sw      ra, 148(t2)
core   0: 3 0x80003f70 (0x0813aa23) mem 0x80004000 0x00000001
core   0: 0x80003f74 (0xff9ff06f) j       pc - 0x8
core   0: 3 0x80003f74 (0xff9ff06f)
core   0: 0x80003f6c (0x00000397) auipc   t2, 0x0
core   0: 3 0x80003f6c (0x00000397) x7  0x80003f6c
core   0: 0x80003f70 (0x0813aa23) sw      ra, 148(t2)
core   0: 3 0x80003f70 (0x0813aa23) mem 0x80004000 0x00000001
core   0: 0x80003f74 (0xff9ff06f) j       pc - 0x8
core   0: 3 0x80003f74 (0xff9ff06f)
core   0: 0x80003f6c (0x00000397) auipc   t2, 0x0
core   0: 3 0x80003f6c (0x00000397) x7  0x80003f6c
core   0: 0x80003f70 (0x0813aa23) sw      ra, 148(t2)
core   0: 3 0x80003f70 (0x0813aa23) mem 0x80004000 0x00000001
core   0: 0x80003f74 (0xff9ff06f) j       pc - 0x8
core   0: 3 0x80003f74 (0xff9ff06f)
core   0: 0x80003f6c (0x00000397) auipc   t2, 0x0
core   0: 3 0x80003f6c (0x00000397) x7  0x80003f6c
core   0: 0x80003f70 (0x0813aa23) sw      ra, 148(t2)
core   0: 3 0x80003f70 (0x0813aa23) mem 0x80004000 0x00000001
core   0: 0x80003f74 (0xff9ff06f) j       pc - 0x8
core   0: 3 0x80003f74 (0xff9ff06f)
core   0: 0x80003f6c (0x00000397) auipc   t2, 0x0
core   0: 3 0x80003f6c (0x00000397) x7  0x80003f6c
core   0: 0x80003f70 (0x0813aa23) sw      ra, 148(t2)
core   0: 3 0x80003f70 (0x0813aa23) mem 0x80004000 0x00000001
core   0: 0x80003f74 (0xff9ff06f) j       pc - 0x8
core   0: 3 0x80003f74 (0xff9ff06f)
core   0: 0x80003f6c (0x00000397) auipc   t2, 0x0
core   0: 3 0x80003f6c (0x00000397) x7  0x80003f6c
core   0: 0x80003f70 (0x0813aa23) sw      ra, 148(t2)
core   0: 3 0x80003f70 (0x0813aa23) mem 0x80004000 0x00000001
core   0: 0x80003f74 (0xff9ff06f) j       pc - 0x8
core   0: 3 0x80003f74 (0xff9ff06f)
core   0: 0x80003f6c (0x00000397) auipc   t2, 0x0
core   0: 3 0x80003f6c (0x00000397) x7  0x80003f6c
core   0: 0x80003f70 (0x0813aa23) sw      ra, 148(t2)
core   0: 3 0x80003f70 (0x0813aa23) mem 0x80004000 0x00000001
core   0: 0x80003f74 (0xff9ff06f) j       pc - 0x8
core   0: 3 0x80003f74 (0xff9ff06f)
core   0: 0x80003f6c (0x00000397) auipc   t2, 0x0
core   0: 3 0x80003f6c (0x00000397) x7  0x80003f6c
core   0: 0x80003f70 (0x0813aa23) sw      ra, 148(t2)
core   0: 3 0x80003f70 (0x0813aa23) mem 0x80004000 0x00000001
core   0: 0x80003f74 (0xff9ff06f) j       pc - 0x8
core   0: 3 0x80003f74 (0xff9ff06f)
core   0: 0x80003f6c (0x00000397) auipc   t2, 0x0
core   0: 3 0x80003f6c (0x00000397) x7  0x80003f6c
core   0: 0x80003f70 (0x0813aa23) sw      ra, 148(t2)
core   0: 3 0x80003f70 (0x0813aa23) mem 0x80004000 0x00000001
core   0: 0x80003f74 (0xff9ff06f) j       pc - 0x8
core   0: 3 0x80003f74 (0xff9ff06f)
core   0: 0x80003f6c (0x00000397) auipc   t2, 0x0
core   0: 3 0x80003f6c (0x00000397) x7  0x80003f6c
core   0: 0x80003f70 (0x0813aa23) sw      ra, 148(t2)
core   0: 3 0x80003f70 (0x0813aa23) mem 0x80004000 0x00000001
core   0: 0x80003f74 (0xff9ff06f) j       pc - 0x8
core   0: 3 0x80003f74 (0xff9ff06f)
core   0: 0x80003f6c (0x00000397) auipc   t2, 0x0
core   0: 3 0x80003f6c (0x00000397) x7  0x80003f6c
core   0: 0x80003f70 (0x0813aa23) sw      ra, 148(t2)
core   0: 3 0x80003f70 (0x0813aa23) mem 0x80004000 0x00000001
core   0: 0x80003f74 (0xff9ff06f) j       pc - 0x8
core   0: 3 0x80003f74 (0xff9ff06f)
core   0: 0x80003f6c (0x00000397) auipc   t2, 0x0
core   0: 3 0x80003f6c (0x00000397) x7  0x80003f6c
core   0: 0x80003f70 (0x0813aa23) sw      ra, 148(t2)
core   0: 3 0x80003f70 (0x0813aa23) mem 0x80004000 0x00000001
core   0: 0x80003f74 (0xff9ff06f) j       pc - 0x8
core   0: 3 0x80003f74 (0xff9ff06f)
core   0: 0x80003f6c (0x00000397) auipc   t2, 0x0
core   0: 3 0x80003f6c (0x00000397) x7  0x80003f6c
core   0: 0x80003f70 (0x0813aa23) sw      ra, 148(t2)
core   0: 3 0x80003f70 (0x0813aa23) mem 0x80004000 0x00000001
core   0: 0x80003f74 (0xff9ff06f) j       pc - 0x8
core   0: 3 0x80003f74 (0xff9ff06f)
core   0: 0x80003f6c (0x00000397) auipc   t2, 0x0
core   0: 3 0x80003f6c (0x00000397) x7  0x80003f6c
core   0: 0x80003f70 (0x0813aa23) sw      ra, 148(t2)
core   0: 3 0x80003f70 (0x0813aa23) mem 0x80004000 0x00000001
core   0: 0x80003f74 (0xff9ff06f) j       pc - 0x8
core   0: 3 0x80003f74 (0xff9ff06f)
core   0: 0x80003f6c (0x00000397) auipc   t2, 0x0
core   0: 3 0x80003f6c (0x00000397) x7  0x80003f6c
core   0: 0x80003f70 (0x0813aa23) sw      ra, 148(t2)
core   0: 3 0x80003f70 (0x0813aa23) mem 0x80004000 0x00000001
core   0: 0x80003f74 (0xff9ff06f) j       pc - 0x8
core   0: 3 0x80003f74 (0xff9ff06f)
core   0: 0x80003f6c (0x00000397) auipc   t2, 0x0
core   0: 3 0x80003f6c (0x00000397) x7  0x80003f6c
core   0: 0x80003f70 (0x0813aa23) sw      ra, 148(t2)
core   0: 3 0x80003f70 (0x0813aa23) mem 0x80004000 0x00000001
core   0: 0x80003f74 (0xff9ff06f) j       pc - 0x8
core   0: 3 0x80003f74 (0xff9ff06f)
core   0: 0x80003f6c (0x00000397) auipc   t2, 0x0
core   0: 3 0x80003f6c (0x00000397) x7  0x80003f6c
core   0: 0x80003f70 (0x0813aa23) sw      ra, 148(t2)
core   0: 3 0x80003f70 (0x0813aa23) mem 0x80004000 0x00000001
core   0: 0x80003f74 (0xff9ff06f) j       pc - 0x8
core   0: 3 0x80003f74 (0xff9ff06f)
core   0: 0x80003f6c (0x00000397) auipc   t2, 0x0
core   0: 3 0x80003f6c (0x00000397) x7  0x80003f6c
core   0: 0x80003f70 (0x0813aa23) sw      ra, 148(t2)
core   0: 3 0x80003f70 (0x0813aa23) mem 0x80004000 0x00000001
core   0: 0x80003f74 (0xff9ff06f) j       pc - 0x8
core   0: 3 0x80003f74 (0xff9ff06f)
core   0: 0x80003f6c (0x00000397) auipc   t2, 0x0
core   0: 3 0x80003f6c (0x00000397) x7  0x80003f6c
core   0: 0x80003f70 (0x0813aa23) sw      ra, 148(t2)
core   0: 3 0x80003f70 (0x0813aa23) mem 0x80004000 0x00000001
core   0: 0x80003f74 (0xff9ff06f) j       pc - 0x8
core   0: 3 0x80003f74 (0xff9ff06f)
core   0: 0x80003f6c (0x00000397) auipc   t2, 0x0
core   0: 3 0x80003f6c (0x00000397) x7  0x80003f6c
core   0: 0x80003f70 (0x0813aa23) sw      ra, 148(t2)
core   0: 3 0x80003f70 (0x0813aa23) mem 0x80004000 0x00000001
core   0: 0x80003f74 (0xff9ff06f) j       pc - 0x8
core   0: 3 0x80003f74 (0xff9ff06f)
core   0: 0x80003f6c (0x00000397) auipc   t2, 0x0
core   0: 3 0x80003f6c (0x00000397) x7  0x80003f6c
core   0: 0x80003f70 (0x0813aa23) sw      ra, 148(t2)
core   0: 3 0x80003f70 (0x0813aa23) mem 0x80004000 0x00000001
core   0: 0x80003f74 (0xff9ff06f) j       pc - 0x8
core   0: 3 0x80003f74 (0xff9ff06f)
core   0: 0x80003f6c (0x00000397) auipc   t2, 0x0
core   0: 3 0x80003f6c (0x00000397) x7  0x80003f6c
core   0: 0x80003f70 (0x0813aa23) sw      ra, 148(t2)
core   0: 3 0x80003f70 (0x0813aa23) mem 0x80004000 0x00000001
core   0: 0x80003f74 (0xff9ff06f) j       pc - 0x8
core   0: 3 0x80003f74 (0xff9ff06f)
core   0: 0x80003f6c (0x00000397) auipc   t2, 0x0
core   0: 3 0x80003f6c (0x00000397) x7  0x80003f6c
core   0: 0x80003f70 (0x0813aa23) sw      ra, 148(t2)
core   0: 3 0x80003f70 (0x0813aa23) mem 0x80004000 0x00000001
core   0: 0x80003f74 (0xff9ff06f) j       pc - 0x8
core   0: 3 0x80003f74 (0xff9ff06f)
core   0: 0x80003f6c (0x00000397) auipc   t2, 0x0
core   0: 3 0x80003f6c (0x00000397) x7  0x80003f6c
core   0: 0x80003f70 (0x0813aa23) sw      ra, 148(t2)
core   0: 3 0x80003f70 (0x0813aa23) mem 0x80004000 0x00000001
core   0: 0x80003f74 (0xff9ff06f) j       pc - 0x8
core   0: 3 0x80003f74 (0xff9ff06f)
core   0: 0x80003f6c (0x00000397) auipc   t2, 0x0
core   0: 3 0x80003f6c (0x00000397) x7  0x80003f6c
core   0: 0x80003f70 (0x0813aa23) sw      ra, 148(t2)
core   0: 3 0x80003f70 (0x0813aa23) mem 0x80004000 0x00000001
core   0: 0x80003f74 (0xff9ff06f) j       pc - 0x8
core   0: 3 0x80003f74 (0xff9ff06f)
core   0: 0x80003f6c (0x00000397) auipc   t2, 0x0
core   0: 3 0x80003f6c (0x00000397) x7  0x80003f6c
core   0: 0x80003f70 (0x0813aa23) sw      ra, 148(t2)
core   0: 3 0x80003f70 (0x0813aa23) mem 0x80004000 0x00000001
core   0: 0x80003f74 (0xff9ff06f) j       pc - 0x8
core   0: 3 0x80003f74 (0xff9ff06f)
core   0: 0x80003f6c (0x00000397) auipc   t2, 0x0
core   0: 3 0x80003f6c (0x00000397) x7  0x80003f6c
core   0: 0x80003f70 (0x0813aa23) sw      ra, 148(t2)
core   0: 3 0x80003f70 (0x0813aa23) mem 0x80004000 0x00000001
core   0: 0x80003f74 (0xff9ff06f) j       pc - 0x8
core   0: 3 0x80003f74 (0xff9ff06f)
core   0: 0x80003f6c (0x00000397) auipc   t2, 0x0
core   0: 3 0x80003f6c (0x00000397) x7  0x80003f6c
core   0: 0x80003f70 (0x0813aa23) sw      ra, 148(t2)
core   0: 3 0x80003f70 (0x0813aa23) mem 0x80004000 0x00000001
core   0: 0x80003f74 (0xff9ff06f) j       pc - 0x8
core   0: 3 0x80003f74 (0xff9ff06f)
core   0: 0x80003f6c (0x00000397) auipc   t2, 0x0
core   0: 3 0x80003f6c (0x00000397) x7  0x80003f6c
core   0: 0x80003f70 (0x0813aa23) sw      ra, 148(t2)
core   0: 3 0x80003f70 (0x0813aa23) mem 0x80004000 0x00000001
core   0: 0x80003f74 (0xff9ff06f) j       pc - 0x8
core   0: 3 0x80003f74 (0xff9ff06f)
core   0: 0x80003f6c (0x00000397) auipc   t2, 0x0
core   0: 3 0x80003f6c (0x00000397) x7  0x80003f6c
core   0: 0x80003f70 (0x0813aa23) sw      ra, 148(t2)
core   0: 3 0x80003f70 (0x0813aa23) mem 0x80004000 0x00000001
core   0: 0x80003f74 (0xff9ff06f) j       pc - 0x8
core   0: 3 0x80003f74 (0xff9ff06f)
core   0: 0x80003f6c (0x00000397) auipc   t2, 0x0
core   0: 3 0x80003f6c (0x00000397) x7  0x80003f6c
core   0: 0x80003f70 (0x0813aa23) sw      ra, 148(t2)
core   0: 3 0x80003f70 (0x0813aa23) mem 0x80004000 0x00000001
core   0: 0x80003f74 (0xff9ff06f) j       pc - 0x8
core   0: 3 0x80003f74 (0xff9ff06f)
core   0: 0x80003f6c (0x00000397) auipc   t2, 0x0
core   0: 3 0x80003f6c (0x00000397) x7  0x80003f6c
core   0: 0x80003f70 (0x0813aa23) sw      ra, 148(t2)
core   0: 3 0x80003f70 (0x0813aa23) mem 0x80004000 0x00000001
core   0: 0x80003f74 (0xff9ff06f) j       pc - 0x8
core   0: 3 0x80003f74 (0xff9ff06f)
core   0: 0x80003f6c (0x00000397) auipc   t2, 0x0
core   0: 3 0x80003f6c (0x00000397) x7  0x80003f6c
core   0: 0x80003f70 (0x0813aa23) sw      ra, 148(t2)
core   0: 3 0x80003f70 (0x0813aa23) mem 0x80004000 0x00000001
core   0: 0x80003f74 (0xff9ff06f) j       pc - 0x8
core   0: 3 0x80003f74 (0xff9ff06f)
core   0: 0x80003f6c (0x00000397) auipc   t2, 0x0
core   0: 3 0x80003f6c (0x00000397) x7  0x80003f6c
core   0: 0x80003f70 (0x0813aa23) sw      ra, 148(t2)
core   0: 3 0x80003f70 (0x0813aa23) mem 0x80004000 0x00000001
core   0: 0x80003f74 (0xff9ff06f) j       pc - 0x8
core   0: 3 0x80003f74 (0xff9ff06f)
core   0: 0x80003f6c (0x00000397) auipc   t2, 0x0
core   0: 3 0x80003f6c (0x00000397) x7  0x80003f6c
core   0: 0x80003f70 (0x0813aa23) sw      ra, 148(t2)
core   0: 3 0x80003f70 (0x0813aa23) mem 0x80004000 0x00000001
core   0: 0x80003f74 (0xff9ff06f) j       pc - 0x8
core   0: 3 0x80003f74 (0xff9ff06f)
core   0: 0x80003f6c (0x00000397) auipc   t2, 0x0
core   0: 3 0x80003f6c (0x00000397) x7  0x80003f6c
core   0: 0x80003f70 (0x0813aa23) sw      ra, 148(t2)
core   0: 3 0x80003f70 (0x0813aa23) mem 0x80004000 0x00000001
core   0: 0x80003f74 (0xff9ff06f) j       pc - 0x8
core   0: 3 0x80003f74 (0xff9ff06f)
core   0: 0x80003f6c (0x00000397) auipc   t2, 0x0
core   0: 3 0x80003f6c (0x00000397) x7  0x80003f6c
core   0: 0x80003f70 (0x0813aa23) sw      ra, 148(t2)
core   0: 3 0x80003f70 (0x0813aa23) mem 0x80004000 0x00000001
core   0: 0x80003f74 (0xff9ff06f) j       pc - 0x8
core   0: 3 0x80003f74 (0xff9ff06f)
core   0: 0x80003f6c (0x00000397) auipc   t2, 0x0
core   0: 3 0x80003f6c (0x00000397) x7  0x80003f6c
core   0: 0x80003f70 (0x0813aa23) sw      ra, 148(t2)
core   0: 3 0x80003f70 (0x0813aa23) mem 0x80004000 0x00000001
core   0: 0x80003f74 (0xff9ff06f) j       pc - 0x8
core   0: 3 0x80003f74 (0xff9ff06f)
core   0: 0x80003f6c (0x00000397) auipc   t2, 0x0
core   0: 3 0x80003f6c (0x00000397) x7  0x80003f6c
core   0: 0x80003f70 (0x0813aa23) sw      ra, 148(t2)
core   0: 3 0x80003f70 (0x0813aa23) mem 0x80004000 0x00000001
core   0: 0x80003f74 (0xff9ff06f) j       pc - 0x8
core   0: 3 0x80003f74 (0xff9ff06f)
core   0: 0x80003f6c (0x00000397) auipc   t2, 0x0
core   0: 3 0x80003f6c (0x00000397) x7  0x80003f6c
core   0: 0x80003f70 (0x0813aa23) sw      ra, 148(t2)
core   0: 3 0x80003f70 (0x0813aa23) mem 0x80004000 0x00000001
core   0: 0x80003f74 (0xff9ff06f) j       pc - 0x8
core   0: 3 0x80003f74 (0xff9ff06f)
core   0: 0x80003f6c (0x00000397) auipc   t2, 0x0
core   0: 3 0x80003f6c (0x00000397) x7  0x80003f6c
core   0: 0x80003f70 (0x0813aa23) sw      ra, 148(t2)
core   0: 3 0x80003f70 (0x0813aa23) mem 0x80004000 0x00000001
core   0: 0x80003f74 (0xff9ff06f) j       pc - 0x8
core   0: 3 0x80003f74 (0xff9ff06f)
core   0: 0x80003f6c (0x00000397) auipc   t2, 0x0
core   0: 3 0x80003f6c (0x00000397) x7  0x80003f6c
core   0: 0x80003f70 (0x0813aa23) sw      ra, 148(t2)
core   0: 3 0x80003f70 (0x0813aa23) mem 0x80004000 0x00000001
core   0: 0x80003f74 (0xff9ff06f) j       pc - 0x8
core   0: 3 0x80003f74 (0xff9ff06f)
core   0: 0x80003f6c (0x00000397) auipc   t2, 0x0
core   0: 3 0x80003f6c (0x00000397) x7  0x80003f6c
core   0: 0x80003f70 (0x0813aa23) sw      ra, 148(t2)
core   0: 3 0x80003f70 (0x0813aa23) mem 0x80004000 0x00000001
core   0: 0x80003f74 (0xff9ff06f) j       pc - 0x8
core   0: 3 0x80003f74 (0xff9ff06f)
core   0: 0x80003f6c (0x00000397) auipc   t2, 0x0
core   0: 3 0x80003f6c (0x00000397) x7  0x80003f6c
core   0: 0x80003f70 (0x0813aa23) sw      ra, 148(t2)
core   0: 3 0x80003f70 (0x0813aa23) mem 0x80004000 0x00000001
core   0: 0x80003f74 (0xff9ff06f) j       pc - 0x8
core   0: 3 0x80003f74 (0xff9ff06f)
core   0: 0x80003f6c (0x00000397) auipc   t2, 0x0
core   0: 3 0x80003f6c (0x00000397) x7  0x80003f6c
core   0: 0x80003f70 (0x0813aa23) sw      ra, 148(t2)
core   0: 3 0x80003f70 (0x0813aa23) mem 0x80004000 0x00000001
core   0: 0x80003f74 (0xff9ff06f) j       pc - 0x8
core   0: 3 0x80003f74 (0xff9ff06f)
core   0: 0x80003f6c (0x00000397) auipc   t2, 0x0
core   0: 3 0x80003f6c (0x00000397) x7  0x80003f6c
core   0: 0x80003f70 (0x0813aa23) sw      ra, 148(t2)
core   0: 3 0x80003f70 (0x0813aa23) mem 0x80004000 0x00000001
core   0: 0x80003f74 (0xff9ff06f) j       pc - 0x8
core   0: 3 0x80003f74 (0xff9ff06f)
core   0: 0x80003f6c (0x00000397) auipc   t2, 0x0
core   0: 3 0x80003f6c (0x00000397) x7  0x80003f6c
core   0: 0x80003f70 (0x0813aa23) sw      ra, 148(t2)
core   0: 3 0x80003f70 (0x0813aa23) mem 0x80004000 0x00000001
core   0: 0x80003f74 (0xff9ff06f) j       pc - 0x8
core   0: 3 0x80003f74 (0xff9ff06f)
core   0: 0x80003f6c (0x00000397) auipc   t2, 0x0
core   0: 3 0x80003f6c (0x00000397) x7  0x80003f6c
core   0: 0x80003f70 (0x0813aa23) sw      ra, 148(t2)
core   0: 3 0x80003f70 (0x0813aa23) mem 0x80004000 0x00000001
core   0: 0x80003f74 (0xff9ff06f) j       pc - 0x8
core   0: 3 0x80003f74 (0xff9ff06f)
core   0: 0x80003f6c (0x00000397) auipc   t2, 0x0
core   0: 3 0x80003f6c (0x00000397) x7  0x80003f6c
core   0: 0x80003f70 (0x0813aa23) sw      ra, 148(t2)
core   0: 3 0x80003f70 (0x0813aa23) mem 0x80004000 0x00000001
core   0: 0x80003f74 (0xff9ff06f) j       pc - 0x8
core   0: 3 0x80003f74 (0xff9ff06f)
core   0: 0x80003f6c (0x00000397) auipc   t2, 0x0
core   0: 3 0x80003f6c (0x00000397) x7  0x80003f6c
core   0: 0x80003f70 (0x0813aa23) sw      ra, 148(t2)
core   0: 3 0x80003f70 (0x0813aa23) mem 0x80004000 0x00000001
core   0: 0x80003f74 (0xff9ff06f) j       pc - 0x8
core   0: 3 0x80003f74 (0xff9ff06f)
core   0: 0x80003f6c (0x00000397) auipc   t2, 0x0
core   0: 3 0x80003f6c (0x00000397) x7  0x80003f6c
core   0: 0x80003f70 (0x0813aa23) sw      ra, 148(t2)
core   0: 3 0x80003f70 (0x0813aa23) mem 0x80004000 0x00000001
core   0: 0x80003f74 (0xff9ff06f) j       pc - 0x8
core   0: 3 0x80003f74 (0xff9ff06f)
core   0: 0x80003f6c (0x00000397) auipc   t2, 0x0
core   0: 3 0x80003f6c (0x00000397) x7  0x80003f6c
core   0: 0x80003f70 (0x0813aa23) sw      ra, 148(t2)
core   0: 3 0x80003f70 (0x0813aa23) mem 0x80004000 0x00000001
core   0: 0x80003f74 (0xff9ff06f) j       pc - 0x8
core   0: 3 0x80003f74 (0xff9ff06f)
core   0: 0x80003f6c (0x00000397) auipc   t2, 0x0
core   0: 3 0x80003f6c (0x00000397) x7  0x80003f6c
core   0: 0x80003f70 (0x0813aa23) sw      ra, 148(t2)
core   0: 3 0x80003f70 (0x0813aa23) mem 0x80004000 0x00000001
core   0: 0x80003f74 (0xff9ff06f) j       pc - 0x8
core   0: 3 0x80003f74 (0xff9ff06f)
core   0: 0x80003f6c (0x00000397) auipc   t2, 0x0
core   0: 3 0x80003f6c (0x00000397) x7  0x80003f6c
core   0: 0x80003f70 (0x0813aa23) sw      ra, 148(t2)
core   0: 3 0x80003f70 (0x0813aa23) mem 0x80004000 0x00000001
core   0: 0x80003f74 (0xff9ff06f) j       pc - 0x8
core   0: 3 0x80003f74 (0xff9ff06f)
core   0: 0x80003f6c (0x00000397) auipc   t2, 0x0
core   0: 3 0x80003f6c (0x00000397) x7  0x80003f6c
core   0: 0x80003f70 (0x0813aa23) sw      ra, 148(t2)
core   0: 3 0x80003f70 (0x0813aa23) mem 0x80004000 0x00000001
core   0: 0x80003f74 (0xff9ff06f) j       pc - 0x8
core   0: 3 0x80003f74 (0xff9ff06f)
core   0: 0x80003f6c (0x00000397) auipc   t2, 0x0
core   0: 3 0x80003f6c (0x00000397) x7  0x80003f6c
core   0: 0x80003f70 (0x0813aa23) sw      ra, 148(t2)
core   0: 3 0x80003f70 (0x0813aa23) mem 0x80004000 0x00000001
core   0: 0x80003f74 (0xff9ff06f) j       pc - 0x8
core   0: 3 0x80003f74 (0xff9ff06f)
core   0: 0x80003f6c (0x00000397) auipc   t2, 0x0
core   0: 3 0x80003f6c (0x00000397) x7  0x80003f6c
core   0: 0x80003f70 (0x0813aa23) sw      ra, 148(t2)
core   0: 3 0x80003f70 (0x0813aa23) mem 0x80004000 0x00000001
core   0: 0x80003f74 (0xff9ff06f) j       pc - 0x8
core   0: 3 0x80003f74 (0xff9ff06f)
core   0: 0x80003f6c (0x00000397) auipc   t2, 0x0
core   0: 3 0x80003f6c (0x00000397) x7  0x80003f6c
core   0: 0x80003f70 (0x0813aa23) sw      ra, 148(t2)
core   0: 3 0x80003f70 (0x0813aa23) mem 0x80004000 0x00000001
core   0: 0x80003f74 (0xff9ff06f) j       pc - 0x8
core   0: 3 0x80003f74 (0xff9ff06f)
core   0: 0x80003f6c (0x00000397) auipc   t2, 0x0
core   0: 3 0x80003f6c (0x00000397) x7  0x80003f6c
core   0: 0x80003f70 (0x0813aa23) sw      ra, 148(t2)
core   0: 3 0x80003f70 (0x0813aa23) mem 0x80004000 0x00000001
core   0: 0x80003f74 (0xff9ff06f) j       pc - 0x8
core   0: 3 0x80003f74 (0xff9ff06f)
core   0: 0x80003f6c (0x00000397) auipc   t2, 0x0
core   0: 3 0x80003f6c (0x00000397) x7  0x80003f6c
core   0: 0x80003f70 (0x0813aa23) sw      ra, 148(t2)
core   0: 3 0x80003f70 (0x0813aa23) mem 0x80004000 0x00000001
core   0: 0x80003f74 (0xff9ff06f) j       pc - 0x8
core   0: 3 0x80003f74 (0xff9ff06f)
core   0: 0x80003f6c (0x00000397) auipc   t2, 0x0
core   0: 3 0x80003f6c (0x00000397) x7  0x80003f6c
core   0: 0x80003f70 (0x0813aa23) sw      ra, 148(t2)
core   0: 3 0x80003f70 (0x0813aa23) mem 0x80004000 0x00000001
core   0: 0x80003f74 (0xff9ff06f) j       pc - 0x8
core   0: 3 0x80003f74 (0xff9ff06f)
core   0: 0x80003f6c (0x00000397) auipc   t2, 0x0
core   0: 3 0x80003f6c (0x00000397) x7  0x80003f6c
core   0: 0x80003f70 (0x0813aa23) sw      ra, 148(t2)
core   0: 3 0x80003f70 (0x0813aa23) mem 0x80004000 0x00000001
core   0: 0x80003f74 (0xff9ff06f) j       pc - 0x8
core   0: 3 0x80003f74 (0xff9ff06f)
core   0: 0x80003f6c (0x00000397) auipc   t2, 0x0
core   0: 3 0x80003f6c (0x00000397) x7  0x80003f6c
core   0: 0x80003f70 (0x0813aa23) sw      ra, 148(t2)
core   0: 3 0x80003f70 (0x0813aa23) mem 0x80004000 0x00000001
core   0: 0x80003f74 (0xff9ff06f) j       pc - 0x8
core   0: 3 0x80003f74 (0xff9ff06f)
core   0: 0x80003f6c (0x00000397) auipc   t2, 0x0
core   0: 3 0x80003f6c (0x00000397) x7  0x80003f6c
core   0: 0x80003f70 (0x0813aa23) sw      ra, 148(t2)
core   0: 3 0x80003f70 (0x0813aa23) mem 0x80004000 0x00000001
core   0: 0x80003f74 (0xff9ff06f) j       pc - 0x8
core   0: 3 0x80003f74 (0xff9ff06f)
core   0: 0x80003f6c (0x00000397) auipc   t2, 0x0
core   0: 3 0x80003f6c (0x00000397) x7  0x80003f6c
core   0: 0x80003f70 (0x0813aa23) sw      ra, 148(t2)
core   0: 3 0x80003f70 (0x0813aa23) mem 0x80004000 0x00000001
core   0: 0x80003f74 (0xff9ff06f) j       pc - 0x8
core   0: 3 0x80003f74 (0xff9ff06f)
core   0: 0x80003f6c (0x00000397) auipc   t2, 0x0
core   0: 3 0x80003f6c (0x00000397) x7  0x80003f6c
core   0: 0x80003f70 (0x0813aa23) sw      ra, 148(t2)
core   0: 3 0x80003f70 (0x0813aa23) mem 0x80004000 0x00000001
core   0: 0x80003f74 (0xff9ff06f) j       pc - 0x8
core   0: 3 0x80003f74 (0xff9ff06f)
core   0: 0x80003f6c (0x00000397) auipc   t2, 0x0
core   0: 3 0x80003f6c (0x00000397) x7  0x80003f6c
core   0: 0x80003f70 (0x0813aa23) sw      ra, 148(t2)
core   0: 3 0x80003f70 (0x0813aa23) mem 0x80004000 0x00000001
core   0: 0x80003f74 (0xff9ff06f) j       pc - 0x8
core   0: 3 0x80003f74 (0xff9ff06f)
core   0: 0x80003f6c (0x00000397) auipc   t2, 0x0
core   0: 3 0x80003f6c (0x00000397) x7  0x80003f6c
core   0: 0x80003f70 (0x0813aa23) sw      ra, 148(t2)
core   0: 3 0x80003f70 (0x0813aa23) mem 0x80004000 0x00000001
core   0: 0x80003f74 (0xff9ff06f) j       pc - 0x8
core   0: 3 0x80003f74 (0xff9ff06f)
core   0: 0x80003f6c (0x00000397) auipc   t2, 0x0
core   0: 3 0x80003f6c (0x00000397) x7  0x80003f6c
core   0: 0x80003f70 (0x0813aa23) sw      ra, 148(t2)
core   0: 3 0x80003f70 (0x0813aa23) mem 0x80004000 0x00000001
core   0: 0x80003f74 (0xff9ff06f) j       pc - 0x8
core   0: 3 0x80003f74 (0xff9ff06f)
core   0: 0x80003f6c (0x00000397) auipc   t2, 0x0
core   0: 3 0x80003f6c (0x00000397) x7  0x80003f6c
core   0: 0x80003f70 (0x0813aa23) sw      ra, 148(t2)
core   0: 3 0x80003f70 (0x0813aa23) mem 0x80004000 0x00000001
core   0: 0x80003f74 (0xff9ff06f) j       pc - 0x8
core   0: 3 0x80003f74 (0xff9ff06f)
core   0: 0x80003f6c (0x00000397) auipc   t2, 0x0
core   0: 3 0x80003f6c (0x00000397) x7  0x80003f6c
core   0: 0x80003f70 (0x0813aa23) sw      ra, 148(t2)
core   0: 3 0x80003f70 (0x0813aa23) mem 0x80004000 0x00000001
core   0: 0x80003f74 (0xff9ff06f) j       pc - 0x8
core   0: 3 0x80003f74 (0xff9ff06f)
core   0: 0x80003f6c (0x00000397) auipc   t2, 0x0
core   0: 3 0x80003f6c (0x00000397) x7  0x80003f6c
core   0: 0x80003f70 (0x0813aa23) sw      ra, 148(t2)
core   0: 3 0x80003f70 (0x0813aa23) mem 0x80004000 0x00000001
core   0: 0x80003f74 (0xff9ff06f) j       pc - 0x8
core   0: 3 0x80003f74 (0xff9ff06f)
core   0: 0x80003f6c (0x00000397) auipc   t2, 0x0
core   0: 3 0x80003f6c (0x00000397) x7  0x80003f6c
core   0: 0x80003f70 (0x0813aa23) sw      ra, 148(t2)
core   0: 3 0x80003f70 (0x0813aa23) mem 0x80004000 0x00000001
core   0: 0x80003f74 (0xff9ff06f) j       pc - 0x8
core   0: 3 0x80003f74 (0xff9ff06f)
core   0: 0x80003f6c (0x00000397) auipc   t2, 0x0
core   0: 3 0x80003f6c (0x00000397) x7  0x80003f6c
core   0: 0x80003f70 (0x0813aa23) sw      ra, 148(t2)
core   0: 3 0x80003f70 (0x0813aa23) mem 0x80004000 0x00000001
core   0: 0x80003f74 (0xff9ff06f) j       pc - 0x8
core   0: 3 0x80003f74 (0xff9ff06f)
core   0: 0x80003f6c (0x00000397) auipc   t2, 0x0
core   0: 3 0x80003f6c (0x00000397) x7  0x80003f6c
core   0: 0x80003f70 (0x0813aa23) sw      ra, 148(t2)
core   0: 3 0x80003f70 (0x0813aa23) mem 0x80004000 0x00000001
core   0: 0x80003f74 (0xff9ff06f) j       pc - 0x8
core   0: 3 0x80003f74 (0xff9ff06f)
core   0: 0x80003f6c (0x00000397) auipc   t2, 0x0
core   0: 3 0x80003f6c (0x00000397) x7  0x80003f6c
core   0: 0x80003f70 (0x0813aa23) sw      ra, 148(t2)
core   0: 3 0x80003f70 (0x0813aa23) mem 0x80004000 0x00000001
core   0: 0x80003f74 (0xff9ff06f) j       pc - 0x8
core   0: 3 0x80003f74 (0xff9ff06f)
core   0: 0x80003f6c (0x00000397) auipc   t2, 0x0
core   0: 3 0x80003f6c (0x00000397) x7  0x80003f6c
core   0: 0x80003f70 (0x0813aa23) sw      ra, 148(t2)
core   0: 3 0x80003f70 (0x0813aa23) mem 0x80004000 0x00000001
core   0: 0x80003f74 (0xff9ff06f) j       pc - 0x8
core   0: 3 0x80003f74 (0xff9ff06f)
core   0: 0x80003f6c (0x00000397) auipc   t2, 0x0
core   0: 3 0x80003f6c (0x00000397) x7  0x80003f6c
core   0: 0x80003f70 (0x0813aa23) sw      ra, 148(t2)
core   0: 3 0x80003f70 (0x0813aa23) mem 0x80004000 0x00000001
core   0: 0x80003f74 (0xff9ff06f) j       pc - 0x8
core   0: 3 0x80003f74 (0xff9ff06f)
core   0: 0x80003f6c (0x00000397) auipc   t2, 0x0
core   0: 3 0x80003f6c (0x00000397) x7  0x80003f6c
core   0: 0x80003f70 (0x0813aa23) sw      ra, 148(t2)
core   0: 3 0x80003f70 (0x0813aa23) mem 0x80004000 0x00000001
core   0: 0x80003f74 (0xff9ff06f) j       pc - 0x8
core   0: 3 0x80003f74 (0xff9ff06f)
core   0: 0x80003f6c (0x00000397) auipc   t2, 0x0
core   0: 3 0x80003f6c (0x00000397) x7  0x80003f6c
core   0: 0x80003f70 (0x0813aa23) sw      ra, 148(t2)
core   0: 3 0x80003f70 (0x0813aa23) mem 0x80004000 0x00000001
core   0: 0x80003f74 (0xff9ff06f) j       pc - 0x8
core   0: 3 0x80003f74 (0xff9ff06f)
core   0: 0x80003f6c (0x00000397) auipc   t2, 0x0
core   0: 3 0x80003f6c (0x00000397) x7  0x80003f6c
core   0: 0x80003f70 (0x0813aa23) sw      ra, 148(t2)
core   0: 3 0x80003f70 (0x0813aa23) mem 0x80004000 0x00000001
core   0: 0x80003f74 (0xff9ff06f) j       pc - 0x8
core   0: 3 0x80003f74 (0xff9ff06f)
core   0: 0x80003f6c (0x00000397) auipc   t2, 0x0
core   0: 3 0x80003f6c (0x00000397) x7  0x80003f6c
core   0: 0x80003f70 (0x0813aa23) sw      ra, 148(t2)
core   0: 3 0x80003f70 (0x0813aa23) mem 0x80004000 0x00000001
core   0: 0x80003f74 (0xff9ff06f) j       pc - 0x8
core   0: 3 0x80003f74 (0xff9ff06f)
core   0: 0x80003f6c (0x00000397) auipc   t2, 0x0
core   0: 3 0x80003f6c (0x00000397) x7  0x80003f6c
core   0: 0x80003f70 (0x0813aa23) sw      ra, 148(t2)
core   0: 3 0x80003f70 (0x0813aa23) mem 0x80004000 0x00000001
core   0: 0x80003f74 (0xff9ff06f) j       pc - 0x8
core   0: 3 0x80003f74 (0xff9ff06f)
core   0: 0x80003f6c (0x00000397) auipc   t2, 0x0
core   0: 3 0x80003f6c (0x00000397) x7  0x80003f6c
core   0: 0x80003f70 (0x0813aa23) sw      ra, 148(t2)
core   0: 3 0x80003f70 (0x0813aa23) mem 0x80004000 0x00000001
core   0: 0x80003f74 (0xff9ff06f) j       pc - 0x8
core   0: 3 0x80003f74 (0xff9ff06f)
core   0: 0x80003f6c (0x00000397) auipc   t2, 0x0
core   0: 3 0x80003f6c (0x00000397) x7  0x80003f6c
core   0: 0x80003f70 (0x0813aa23) sw      ra, 148(t2)
core   0: 3 0x80003f70 (0x0813aa23) mem 0x80004000 0x00000001
core   0: 0x80003f74 (0xff9ff06f) j       pc - 0x8
core   0: 3 0x80003f74 (0xff9ff06f)
core   0: 0x80003f6c (0x00000397) auipc   t2, 0x0
core   0: 3 0x80003f6c (0x00000397) x7  0x80003f6c
core   0: 0x80003f70 (0x0813aa23) sw      ra, 148(t2)
core   0: 3 0x80003f70 (0x0813aa23) mem 0x80004000 0x00000001
core   0: 0x80003f74 (0xff9ff06f) j       pc - 0x8
core   0: 3 0x80003f74 (0xff9ff06f)
core   0: 0x80003f6c (0x00000397) auipc   t2, 0x0
core   0: 3 0x80003f6c (0x00000397) x7  0x80003f6c
core   0: 0x80003f70 (0x0813aa23) sw      ra, 148(t2)
core   0: 3 0x80003f70 (0x0813aa23) mem 0x80004000 0x00000001
core   0: 0x80003f74 (0xff9ff06f) j       pc - 0x8
core   0: 3 0x80003f74 (0xff9ff06f)
core   0: 0x80003f6c (0x00000397) auipc   t2, 0x0
core   0: 3 0x80003f6c (0x00000397) x7  0x80003f6c
core   0: 0x80003f70 (0x0813aa23) sw      ra, 148(t2)
core   0: 3 0x80003f70 (0x0813aa23) mem 0x80004000 0x00000001
core   0: 0x80003f74 (0xff9ff06f) j       pc - 0x8
core   0: 3 0x80003f74 (0xff9ff06f)
core   0: 0x80003f6c (0x00000397) auipc   t2, 0x0
core   0: 3 0x80003f6c (0x00000397) x7  0x80003f6c
core   0: 0x80003f70 (0x0813aa23) sw      ra, 148(t2)
core   0: 3 0x80003f70 (0x0813aa23) mem 0x80004000 0x00000001
core   0: 0x80003f74 (0xff9ff06f) j       pc - 0x8
core   0: 3 0x80003f74 (0xff9ff06f)
core   0: 0x80003f6c (0x00000397) auipc   t2, 0x0
core   0: 3 0x80003f6c (0x00000397) x7  0x80003f6c
core   0: 0x80003f70 (0x0813aa23) sw      ra, 148(t2)
core   0: 3 0x80003f70 (0x0813aa23) mem 0x80004000 0x00000001
core   0: 0x80003f74 (0xff9ff06f) j       pc - 0x8
core   0: 3 0x80003f74 (0xff9ff06f)
core   0: 0x80003f6c (0x00000397) auipc   t2, 0x0
core   0: 3 0x80003f6c (0x00000397) x7  0x80003f6c
core   0: 0x80003f70 (0x0813aa23) sw      ra, 148(t2)
core   0: 3 0x80003f70 (0x0813aa23) mem 0x80004000 0x00000001
core   0: 0x80003f74 (0xff9ff06f) j       pc - 0x8
core   0: 3 0x80003f74 (0xff9ff06f)
core   0: 0x80003f6c (0x00000397) auipc   t2, 0x0
core   0: 3 0x80003f6c (0x00000397) x7  0x80003f6c
core   0: 0x80003f70 (0x0813aa23) sw      ra, 148(t2)
core   0: 3 0x80003f70 (0x0813aa23) mem 0x80004000 0x00000001
core   0: 0x80003f74 (0xff9ff06f) j       pc - 0x8
core   0: 3 0x80003f74 (0xff9ff06f)
core   0: 0x80003f6c (0x00000397) auipc   t2, 0x0
core   0: 3 0x80003f6c (0x00000397) x7  0x80003f6c
core   0: 0x80003f70 (0x0813aa23) sw      ra, 148(t2)
core   0: 3 0x80003f70 (0x0813aa23) mem 0x80004000 0x00000001
core   0: 0x80003f74 (0xff9ff06f) j       pc - 0x8
core   0: 3 0x80003f74 (0xff9ff06f)
core   0: 0x80003f6c (0x00000397) auipc   t2, 0x0
core   0: 3 0x80003f6c (0x00000397) x7  0x80003f6c
core   0: 0x80003f70 (0x0813aa23) sw      ra, 148(t2)
core   0: 3 0x80003f70 (0x0813aa23) mem 0x80004000 0x00000001
core   0: 0x80003f74 (0xff9ff06f) j       pc - 0x8
core   0: 3 0x80003f74 (0xff9ff06f)
core   0: 0x80003f6c (0x00000397) auipc   t2, 0x0
core   0: 3 0x80003f6c (0x00000397) x7  0x80003f6c
core   0: 0x80003f70 (0x0813aa23) sw      ra, 148(t2)
core   0: 3 0x80003f70 (0x0813aa23) mem 0x80004000 0x00000001
core   0: 0x80003f74 (0xff9ff06f) j       pc - 0x8
core   0: 3 0x80003f74 (0xff9ff06f)
core   0: 0x80003f6c (0x00000397) auipc   t2, 0x0
core   0: 3 0x80003f6c (0x00000397) x7  0x80003f6c
core   0: 0x80003f70 (0x0813aa23) sw      ra, 148(t2)
core   0: 3 0x80003f70 (0x0813aa23) mem 0x80004000 0x00000001
core   0: 0x80003f74 (0xff9ff06f) j       pc - 0x8
core   0: 3 0x80003f74 (0xff9ff06f)
core   0: 0x80003f6c (0x00000397) auipc   t2, 0x0
core   0: 3 0x80003f6c (0x00000397) x7  0x80003f6c
core   0: 0x80003f70 (0x0813aa23) sw      ra, 148(t2)
core   0: 3 0x80003f70 (0x0813aa23) mem 0x80004000 0x00000001
core   0: 0x80003f74 (0xff9ff06f) j       pc - 0x8
core   0: 3 0x80003f74 (0xff9ff06f)
core   0: 0x80003f6c (0x00000397) auipc   t2, 0x0
core   0: 3 0x80003f6c (0x00000397) x7  0x80003f6c
core   0: 0x80003f70 (0x0813aa23) sw      ra, 148(t2)
core   0: 3 0x80003f70 (0x0813aa23) mem 0x80004000 0x00000001
core   0: 0x80003f74 (0xff9ff06f) j       pc - 0x8
core   0: 3 0x80003f74 (0xff9ff06f)
core   0: 0x80003f6c (0x00000397) auipc   t2, 0x0
core   0: 3 0x80003f6c (0x00000397) x7  0x80003f6c
core   0: 0x80003f70 (0x0813aa23) sw      ra, 148(t2)
core   0: 3 0x80003f70 (0x0813aa23) mem 0x80004000 0x00000001
core   0: 0x80003f74 (0xff9ff06f) j       pc - 0x8
core   0: 3 0x80003f74 (0xff9ff06f)
core   0: 0x80003f6c (0x00000397) auipc   t2, 0x0
core   0: 3 0x80003f6c (0x00000397) x7  0x80003f6c
core   0: 0x80003f70 (0x0813aa23) sw      ra, 148(t2)
core   0: 3 0x80003f70 (0x0813aa23) mem 0x80004000 0x00000001
core   0: 0x80003f74 (0xff9ff06f) j       pc - 0x8
core   0: 3 0x80003f74 (0xff9ff06f)
core   0: 0x80003f6c (0x00000397) auipc   t2, 0x0
core   0: 3 0x80003f6c (0x00000397) x7  0x80003f6c
core   0: 0x80003f70 (0x0813aa23) sw      ra, 148(t2)
core   0: 3 0x80003f70 (0x0813aa23) mem 0x80004000 0x00000001
core   0: 0x80003f74 (0xff9ff06f) j       pc - 0x8
core   0: 3 0x80003f74 (0xff9ff06f)
core   0: 0x80003f6c (0x00000397) auipc   t2, 0x0
core   0: 3 0x80003f6c (0x00000397) x7  0x80003f6c
core   0: 0x80003f70 (0x0813aa23) sw      ra, 148(t2)
core   0: 3 0x80003f70 (0x0813aa23) mem 0x80004000 0x00000001
core   0: 0x80003f74 (0xff9ff06f) j       pc - 0x8
core   0: 3 0x80003f74 (0xff9ff06f)
core   0: 0x80003f6c (0x00000397) auipc   t2, 0x0
core   0: 3 0x80003f6c (0x00000397) x7  0x80003f6c
core   0: 0x80003f70 (0x0813aa23) sw      ra, 148(t2)
core   0: 3 0x80003f70 (0x0813aa23) mem 0x80004000 0x00000001
core   0: 0x80003f74 (0xff9ff06f) j       pc - 0x8
core   0: 3 0x80003f74 (0xff9ff06f)
core   0: 0x80003f6c (0x00000397) auipc   t2, 0x0
core   0: 3 0x80003f6c (0x00000397) x7  0x80003f6c
core   0: 0x80003f70 (0x0813aa23) sw      ra, 148(t2)
core   0: 3 0x80003f70 (0x0813aa23) mem 0x80004000 0x00000001
core   0: 0x80003f74 (0xff9ff06f) j       pc - 0x8
core   0: 3 0x80003f74 (0xff9ff06f)
core   0: 0x80003f6c (0x00000397) auipc   t2, 0x0
core   0: 3 0x80003f6c (0x00000397) x7  0x80003f6c
core   0: 0x80003f70 (0x0813aa23) sw      ra, 148(t2)
core   0: 3 0x80003f70 (0x0813aa23) mem 0x80004000 0x00000001
core   0: 0x80003f74 (0xff9ff06f) j       pc - 0x8
core   0: 3 0x80003f74 (0xff9ff06f)
core   0: 0x80003f6c (0x00000397) auipc   t2, 0x0
core   0: 3 0x80003f6c (0x00000397) x7  0x80003f6c
core   0: 0x80003f70 (0x0813aa23) sw      ra, 148(t2)
core   0: 3 0x80003f70 (0x0813aa23) mem 0x80004000 0x00000001
core   0: 0x80003f74 (0xff9ff06f) j       pc - 0x8
core   0: 3 0x80003f74 (0xff9ff06f)
core   0: 0x80003f6c (0x00000397) auipc   t2, 0x0
core   0: 3 0x80003f6c (0x00000397) x7  0x80003f6c
core   0: 0x80003f70 (0x0813aa23) sw      ra, 148(t2)
core   0: 3 0x80003f70 (0x0813aa23) mem 0x80004000 0x00000001
core   0: 0x80003f74 (0xff9ff06f) j       pc - 0x8
core   0: 3 0x80003f74 (0xff9ff06f)
core   0: 0x80003f6c (0x00000397) auipc   t2, 0x0
core   0: 3 0x80003f6c (0x00000397) x7  0x80003f6c
core   0: 0x80003f70 (0x0813aa23) sw      ra, 148(t2)
core   0: 3 0x80003f70 (0x0813aa23) mem 0x80004000 0x00000001
core   0: 0x80003f74 (0xff9ff06f) j       pc - 0x8
core   0: 3 0x80003f74 (0xff9ff06f)
core   0: 0x80003f6c (0x00000397) auipc   t2, 0x0
core   0: 3 0x80003f6c (0x00000397) x7  0x80003f6c
core   0: 0x80003f70 (0x0813aa23) sw      ra, 148(t2)
core   0: 3 0x80003f70 (0x0813aa23) mem 0x80004000 0x00000001
core   0: 0x80003f74 (0xff9ff06f) j       pc - 0x8
core   0: 3 0x80003f74 (0xff9ff06f)
core   0: 0x80003f6c (0x00000397) auipc   t2, 0x0
core   0: 3 0x80003f6c (0x00000397) x7  0x80003f6c
core   0: 0x80003f70 (0x0813aa23) sw      ra, 148(t2)
core   0: 3 0x80003f70 (0x0813aa23) mem 0x80004000 0x00000001
core   0: 0x80003f74 (0xff9ff06f) j       pc - 0x8
core   0: 3 0x80003f74 (0xff9ff06f)
core   0: 0x80003f6c (0x00000397) auipc   t2, 0x0
core   0: 3 0x80003f6c (0x00000397) x7  0x80003f6c
core   0: 0x80003f70 (0x0813aa23) sw      ra, 148(t2)
core   0: 3 0x80003f70 (0x0813aa23) mem 0x80004000 0x00000001
core   0: 0x80003f74 (0xff9ff06f) j       pc - 0x8
core   0: 3 0x80003f74 (0xff9ff06f)
core   0: 0x80003f6c (0x00000397) auipc   t2, 0x0
core   0: 3 0x80003f6c (0x00000397) x7  0x80003f6c
core   0: 0x80003f70 (0x0813aa23) sw      ra, 148(t2)
core   0: 3 0x80003f70 (0x0813aa23) mem 0x80004000 0x00000001
core   0: 0x80003f74 (0xff9ff06f) j       pc - 0x8
core   0: 3 0x80003f74 (0xff9ff06f)
core   0: 0x80003f6c (0x00000397) auipc   t2, 0x0
core   0: 3 0x80003f6c (0x00000397) x7  0x80003f6c
core   0: 0x80003f70 (0x0813aa23) sw      ra, 148(t2)
core   0: 3 0x80003f70 (0x0813aa23) mem 0x80004000 0x00000001
core   0: 0x80003f74 (0xff9ff06f) j       pc - 0x8
core   0: 3 0x80003f74 (0xff9ff06f)
core   0: 0x80003f6c (0x00000397) auipc   t2, 0x0
core   0: 3 0x80003f6c (0x00000397) x7  0x80003f6c
core   0: 0x80003f70 (0x0813aa23) sw      ra, 148(t2)
core   0: 3 0x80003f70 (0x0813aa23) mem 0x80004000 0x00000001
core   0: 0x80003f74 (0xff9ff06f) j       pc - 0x8
core   0: 3 0x80003f74 (0xff9ff06f)
core   0: 0x80003f6c (0x00000397) auipc   t2, 0x0
core   0: 3 0x80003f6c (0x00000397) x7  0x80003f6c
core   0: 0x80003f70 (0x0813aa23) sw      ra, 148(t2)
core   0: 3 0x80003f70 (0x0813aa23) mem 0x80004000 0x00000001
core   0: 0x80003f74 (0xff9ff06f) j       pc - 0x8
core   0: 3 0x80003f74 (0xff9ff06f)
core   0: 0x80003f6c (0x00000397) auipc   t2, 0x0
core   0: 3 0x80003f6c (0x00000397) x7  0x80003f6c
core   0: 0x80003f70 (0x0813aa23) sw      ra, 148(t2)
core   0: 3 0x80003f70 (0x0813aa23) mem 0x80004000 0x00000001
core   0: 0x80003f74 (0xff9ff06f) j       pc - 0x8
core   0: 3 0x80003f74 (0xff9ff06f)
core   0: 0x80003f6c (0x00000397) auipc   t2, 0x0
core   0: 3 0x80003f6c (0x00000397) x7  0x80003f6c
core   0: 0x80003f70 (0x0813aa23) sw      ra, 148(t2)
core   0: 3 0x80003f70 (0x0813aa23) mem 0x80004000 0x00000001
core   0: 0x80003f74 (0xff9ff06f) j       pc - 0x8
core   0: 3 0x80003f74 (0xff9ff06f)
core   0: 0x80003f6c (0x00000397) auipc   t2, 0x0
core   0: 3 0x80003f6c (0x00000397) x7  0x80003f6c
core   0: 0x80003f70 (0x0813aa23) sw      ra, 148(t2)
core   0: 3 0x80003f70 (0x0813aa23) mem 0x80004000 0x00000001
core   0: 0x80003f74 (0xff9ff06f) j       pc - 0x8
core   0: 3 0x80003f74 (0xff9ff06f)
core   0: 0x80003f6c (0x00000397) auipc   t2, 0x0
core   0: 3 0x80003f6c (0x00000397) x7  0x80003f6c
